################################################################################################################################################
Detected SHAFT Engine Version: [SHAFT Engine v5.4.20211114-BETA]
################################################################################################################################################
[ReportManager] File Action [GetAbsolutePath] successfully performed. With the following test data [Relative Folder Path: "target/downloadedFiles/"]. @15-11-2021 01:49:37.0201 AM
[ReportManager] Attempting to run locally on: [Mac-64], [Safari], Headless Execution. @15-11-2021 01:49:37.0218 AM
[ReportManager] Successfully Opened Safari. @15-11-2021 01:49:41.0982 AM
[ReportManager] Initial window size: (800, 600) @15-11-2021 01:49:42.0003 AM
[ReportManager] Window size after SWD Maximize: (1176, 810) @15-11-2021 01:49:42.0050 AM
[ReportManager] Browser Action [MaximizeWindow] successfully performed. With the following test data [New screen size is now: (1176, 810)]. @15-11-2021 01:49:42.0070 A

################################################################################################################################################
Starting Execution:	[1 out of 146] test cases in the current suite
Test Method:		[unitTests.tests_element_elementActions.waitForElementToBePresent_false_expectedToFail]
################################################################################################################################################
[ReportManager] Target URL: [https://www.google.com/ncr], and after redirection: [www.google.com] @15-11-2021 01:49:42.0243 AM
[ReportManager] Initial URL: [] @15-11-2021 01:49:42.0322 AM
[ReportManager] Browser Action [NavigateToURL] successfully performed. With the following test data [https://www.google.com/ncr]. @15-11-2021 01:49:43.0806 AM
[ReportManager] Waiting for element to be present; elementLocator [By.xpath: //*[@id='hplogo' or @alt='Google']], numberOfTries[1], stateOfPresence[false]... @15-11-2021 01:49:43.0819 AM
[ReportManager] Element Action [WaitForElementToBePresent] failed. With the following test data [waited for the element's state of presence to be (false). Element locator (By.xpath: //*[@id='hplogo' or @alt='Google'])]. @15-11-2021 01:49:47.0049 AM
[ReportManager] Successfully created attachment [Screenshot - 1636940983928_waitForElementToBePresent_false_expectedToFail_WaitForElementToBePresent_failed] @15-11-2021 01:49:47.0076 A
[ReportManager] Browser Action [CloseCurrentWindow] successfully performed. @15-11-2021 01:49:47.0403 AM
[ReportManager] Successfully created attachment [Browser Action Test Data - CloseCurrentWindow - Actual Value] @15-11-2021 01:49:47.0404 A
[ReportManager] File Action [GetAbsolutePath] successfully performed. With the following test data [Relative Folder Path: "target/downloadedFiles/"]. @15-11-2021 01:49:47.0421 AM
[ReportManager] Attempting to run locally on: [Mac-64], [Safari], Headless Execution. @15-11-2021 01:49:47.0421 AM
[ReportManager] Successfully Opened Safari. @15-11-2021 01:49:48.0447 AM
[ReportManager] Initial window size: (800, 600) @15-11-2021 01:49:48.0463 AM
[ReportManager] Window size after SWD Maximize: (1176, 811) @15-11-2021 01:49:48.0510 AM
[ReportManager] Browser Action [MaximizeWindow] successfully performed. With the following test data [New screen size is now: (1176, 811)]. @15-11-2021 01:49:48.0512 A

################################################################################################################################################
Starting Execution:	[2 out of 146] test cases in the current suite
Test Method:		[unitTests.tests_element_elementActions.waitForElementToBePresent_false_expectedToPass]
################################################################################################################################################
[ReportManager] Target URL: [https://www.google.com/ncr], and after redirection: [www.google.com] @15-11-2021 01:49:48.0519 AM
[ReportManager] Initial URL: [] @15-11-2021 01:49:48.0592 AM
[ReportManager] Browser Action [NavigateToURL] successfully performed. With the following test data [https://www.google.com/ncr]. @15-11-2021 01:49:49.0609 AM
[ReportManager] Waiting for element to be present; elementLocator [By.id: bla], numberOfTries[1], stateOfPresence[false]... @15-11-2021 01:49:49.0610 A
[ReportManager] Browser Action [CloseCurrentWindow] successfully performed. @15-11-2021 01:49:49.0786 AM
[ReportManager] Successfully created attachment [Browser Action Test Data - CloseCurrentWindow - Actual Value] @15-11-2021 01:49:49.0788 A
[ReportManager] File Action [GetAbsolutePath] successfully performed. With the following test data [Relative Folder Path: "target/downloadedFiles/"]. @15-11-2021 01:49:49.0798 AM
[ReportManager] Attempting to run locally on: [Mac-64], [Safari], Headless Execution. @15-11-2021 01:49:49.0798 AM
[ReportManager] Successfully Opened Safari. @15-11-2021 01:49:50.0763 AM
[ReportManager] Initial window size: (800, 600) @15-11-2021 01:49:50.0772 AM
[ReportManager] Window size after SWD Maximize: (1176, 811) @15-11-2021 01:49:50.0801 AM
[ReportManager] Browser Action [MaximizeWindow] successfully performed. With the following test data [New screen size is now: (1176, 811)]. @15-11-2021 01:49:50.0802 A

################################################################################################################################################
Starting Execution:	[3 out of 146] test cases in the current suite
Test Method:		[unitTests.tests_element_elementActions.waitForElementToBePresent_moreThanOneElement_expectedToFail]
################################################################################################################################################
[ReportManager] Target URL: [https://www.google.com/ncr], and after redirection: [www.google.com] @15-11-2021 01:49:50.0806 AM
[ReportManager] Initial URL: [] @15-11-2021 01:49:50.0865 AM
[ReportManager] Browser Action [NavigateToURL] successfully performed. With the following test data [https://www.google.com/ncr]. @15-11-2021 01:49:52.0039 AM
[ReportManager] Waiting for element to be present; elementLocator [By.xpath: //*], numberOfTries[1], stateOfPresence[false]... @15-11-2021 01:49:52.0039 AM
[ReportManager] Element Action [WaitForElementToBePresent] failed. With the following test data [waited for the element's state of presence to be (false). Element locator (By.xpath: //*)]. @15-11-2021 01:49:52.0423 AM
[ReportManager] Successfully created attachment [Screenshot - 1636940992157_waitForElementToBePresent_moreThanOneElement_expectedToFail_WaitForElementToBePresent_failed] @15-11-2021 01:49:52.0429 A
[ReportManager] Browser Action [CloseCurrentWindow] successfully performed. @15-11-2021 01:49:52.0768 AM
[ReportManager] Successfully created attachment [Browser Action Test Data - CloseCurrentWindow - Actual Value] @15-11-2021 01:49:52.0770 A
[ReportManager] File Action [GetAbsolutePath] successfully performed. With the following test data [Relative Folder Path: "target/downloadedFiles/"]. @15-11-2021 01:49:52.0779 AM
[ReportManager] Attempting to run locally on: [Mac-64], [Safari], Headless Execution. @15-11-2021 01:49:52.0780 AM
[ReportManager] Successfully Opened Safari. @15-11-2021 01:49:53.0741 AM
[ReportManager] Initial window size: (800, 600) @15-11-2021 01:49:53.0749 AM
[ReportManager] Window size after SWD Maximize: (1176, 811) @15-11-2021 01:49:53.0825 AM
[ReportManager] Browser Action [MaximizeWindow] successfully performed. With the following test data [New screen size is now: (1176, 811)]. @15-11-2021 01:49:53.0825 A

################################################################################################################################################
Starting Execution:	[4 out of 146] test cases in the current suite
Test Method:		[unitTests.tests_element_elementActions.waitForElementToBePresent_true_expectedToFail]
################################################################################################################################################
[ReportManager] Target URL: [https://www.google.com/ncr], and after redirection: [www.google.com] @15-11-2021 01:49:53.0831 AM
[ReportManager] Initial URL: [] @15-11-2021 01:49:53.0882 AM
[ReportManager] Browser Action [NavigateToURL] successfully performed. With the following test data [https://www.google.com/ncr]. @15-11-2021 01:49:54.0911 AM
[ReportManager] Waiting for element to be present; elementLocator [By.id: bla], numberOfTries[1], stateOfPresence[true]... @15-11-2021 01:49:54.0911 A
[ReportManager] Browser Action [CloseCurrentWindow] successfully performed. @15-11-2021 01:49:55.0333 AM
[ReportManager] Successfully created attachment [Browser Action Test Data - CloseCurrentWindow - Actual Value] @15-11-2021 01:49:55.0334 A
[ReportManager] File Action [GetAbsolutePath] successfully performed. With the following test data [Relative Folder Path: "target/downloadedFiles/"]. @15-11-2021 01:49:55.0341 AM
[ReportManager] Attempting to run locally on: [Mac-64], [Safari], Headless Execution. @15-11-2021 01:49:55.0342 AM
[ReportManager] Successfully Opened Safari. @15-11-2021 01:49:56.0355 AM
[ReportManager] Initial window size: (800, 600) @15-11-2021 01:49:56.0365 AM
[ReportManager] Window size after SWD Maximize: (1176, 811) @15-11-2021 01:49:56.0393 AM
[ReportManager] Browser Action [MaximizeWindow] successfully performed. With the following test data [New screen size is now: (1176, 811)]. @15-11-2021 01:49:56.0394 A

################################################################################################################################################
Starting Execution:	[5 out of 146] test cases in the current suite
Test Method:		[unitTests.tests_element_elementActions.waitForElementToBePresent_true_expectedToPass]
################################################################################################################################################
[ReportManager] Target URL: [https://www.google.com/ncr], and after redirection: [www.google.com] @15-11-2021 01:49:56.0398 AM
[ReportManager] Initial URL: [] @15-11-2021 01:49:56.0472 AM
[ReportManager] Browser Action [NavigateToURL] successfully performed. With the following test data [https://www.google.com/ncr]. @15-11-2021 01:49:57.0384 AM
[ReportManager] Waiting for element to be present; elementLocator [By.xpath: //*[@id='hplogo' or @alt='Google']], numberOfTries[1], stateOfPresence[true]... @15-11-2021 01:49:57.0384 AM
[ReportManager] Element Action [WaitForElementToBePresent] successfully performed. With the following test data [waited for the element's state of presence to be (true). Element locator (By.xpath: //*[@id='hplogo' or @alt='Google'])]. @15-11-2021 01:49:57.0419 AM
[ReportManager] File Action [DoesFileExist] successfully performed. With the following test data [File Path: "src/main/resources/dynamicObjectRepository/unitTests_tests_element_elementActions_waitForElementToBePresent_true_expectedToPass_By_xpath_id_hplogo_or_alt_Google.png"]. @15-11-2021 01:49:57.0440 AM
[ReportManager] File Action [DoesFileExist] successfully performed. With the following test data [File Path: "src/main/resources/dynamicObjectRepository/unitTests_tests_element_elementActions_waitForElementToBePresent_true_expectedToPass_By_xpath_id_hplogo_or_alt_Google.png"]. @15-11-2021 01:49:57.0529 AM
[ReportManager] Passing the test and saving a reference image @15-11-2021 01:49:57.0529 AM
[ReportManager] File Action [GetAbsolutePath] successfully performed. With the following test data [Relative File Path: "src/main/resources/dynamicObjectRepository/unitTests_tests_element_elementActions_waitForElementToBePresent_true_expectedToPass_By_xpath_id_hplogo_or_alt_Google.png"]. @15-11-2021 01:49:57.0529 AM
[ReportManager] File Action [WriteToFile] successfully performed. With the following test data [Target File Path: "/Users/runner/work/SHAFT_ENGINE/SHAFT_ENGINE/src/main/resources/dynamicObjectRepository/unitTests_tests_element_elementActions_waitForElementToBePresent_true_expectedToPass_By_xpath_id_hplogo_or_alt_Google.png"]. @15-11-2021 01:49:57.0541 AM
[ReportManager] Assertion Passed: Using Visual AI; OpenCV @15-11-2021 01:49:57.0544 AM
[ReportManager] Successfully created attachment [Validation Test Data - Actual Screenshot] @15-11-2021 01:49:57.0545 AM
[ReportManager] Assertion [ValidateElementMatches] PASSED. Expected [Element should match the reference screenshot] and Actual [TRUE]. Comparison Type [EXACT_OPENCV]. Validation Type [POSITIVE]. @15-11-2021 01:49:57.0545 A
[ReportManager] Browser Action [CloseCurrentWindow] successfully performed. @15-11-2021 01:49:57.0859 AM
[ReportManager] Successfully created attachment [Browser Action Test Data - CloseCurrentWindow - Actual Value] @15-11-2021 01:49:57.0860 A
[ReportManager] File Action [GetAbsolutePath] successfully performed. With the following test data [Relative Folder Path: "target/downloadedFiles/"]. @15-11-2021 01:49:57.0866 AM
[ReportManager] Attempting to run locally on: [Mac-64], [Safari], Headless Execution. @15-11-2021 01:49:57.0866 AM
[ReportManager] Successfully Opened Safari. @15-11-2021 01:49:58.0812 AM
[ReportManager] Initial window size: (800, 600) @15-11-2021 01:49:58.0835 AM
[ReportManager] Window size after SWD Maximize: (1176, 811) @15-11-2021 01:49:58.0877 AM
[ReportManager] Browser Action [MaximizeWindow] successfully performed. With the following test data [New screen size is now: (1176, 811)]. @15-11-2021 01:49:58.0878 AM
[ReportManager] Target URL: [https://duckduckgo.com] @15-11-2021 01:49:58.0879 AM
[ReportManager] Initial URL: [] @15-11-2021 01:49:58.0941 AM
[ReportManager] Browser Action [NavigateToURL] successfully performed. With the following test data [https://duckduckgo.com]. @15-11-2021 01:50:01.0013 A

################################################################################################################################################
Starting Execution:	[6 out of 146] test cases in the current suite
Test Method:		[unitTests.tests_browserActions.fullScreenWindow]
################################################################################################################################################
[ReportManager] Initial Windows Size: 1176x811 @15-11-2021 01:50:01.0026 AM
[ReportManager] Current Windows Size after fullScreen: 1176x885 @15-11-2021 01:50:01.0330 AM
[ReportManager] Browser Action [FullScreenWindow] successfully performed. @15-11-2021 01:50:01.0343 AM
[ReportManager] Successfully created attachment [Browser Action Test Data - FullScreenWindow - Actual Value] @15-11-2021 01:50:01.0346 A
[ReportManager] Target URL: [https://duckduckgo.com] @15-11-2021 01:50:01.0358 AM
[ReportManager] Initial URL: [https://duckduckgo.com] @15-11-2021 01:50:01.0457 AM
[ReportManager] Browser Action [NavigateToURL] successfully performed. With the following test data [https://duckduckgo.com]. @15-11-2021 01:50:02.0549 AM
[ReportManager] Browser Action [CloseCurrentWindow] successfully performed. @15-11-2021 01:50:02.0661 AM
[ReportManager] Successfully created attachment [Browser Action Test Data - CloseCurrentWindow - Actual Value] @15-11-2021 01:50:02.0664 A
[ReportManager] File Action [GetAbsolutePath] successfully performed. With the following test data [Relative Folder Path: "target/downloadedFiles/"]. @15-11-2021 01:50:02.0670 AM
[ReportManager] Attempting to run locally on: [Mac-64], [Safari], Headless Execution. @15-11-2021 01:50:02.0671 AM
[ReportManager] Successfully Opened Safari. @15-11-2021 01:50:03.0554 AM
[ReportManager] Initial window size: (800, 600) @15-11-2021 01:50:03.0584 AM
[ReportManager] Window size after SWD Maximize: (1176, 811) @15-11-2021 01:50:03.0625 AM
[ReportManager] Browser Action [MaximizeWindow] successfully performed. With the following test data [New screen size is now: (1176, 811)]. @15-11-2021 01:50:03.0626 AM
[ReportManager] Target URL: [https://duckduckgo.com] @15-11-2021 01:50:03.0626 AM
[ReportManager] Initial URL: [] @15-11-2021 01:50:03.0680 AM
[ReportManager] Browser Action [NavigateToURL] successfully performed. With the following test data [https://duckduckgo.com]. @15-11-2021 01:50:04.0502 A

################################################################################################################################################
Starting Execution:	[7 out of 146] test cases in the current suite
Test Method:		[unitTests.tests_browserActions.getCurrentURL]
################################################################################################################################################
[ReportManager] Browser Action [GetCurrentURL] successfully performed. With the following test data [https://duckduckgo.com/]. @15-11-2021 01:50:04.0551 A
[ReportManager] Target URL: [https://duckduckgo.com] @15-11-2021 01:50:04.0555 AM
[ReportManager] Initial URL: [https://duckduckgo.com] @15-11-2021 01:50:04.0596 AM
[ReportManager] Browser Action [NavigateToURL] successfully performed. With the following test data [https://duckduckgo.com]. @15-11-2021 01:50:05.0024 AM
[ReportManager] Browser Action [CloseCurrentWindow] successfully performed. @15-11-2021 01:50:05.0272 AM
[ReportManager] Successfully created attachment [Browser Action Test Data - CloseCurrentWindow - Actual Value] @15-11-2021 01:50:05.0274 A
[ReportManager] File Action [GetAbsolutePath] successfully performed. With the following test data [Relative Folder Path: "target/downloadedFiles/"]. @15-11-2021 01:50:05.0278 AM
[ReportManager] Attempting to run locally on: [Mac-64], [Safari], Headless Execution. @15-11-2021 01:50:05.0279 AM
[ReportManager] Successfully Opened Safari. @15-11-2021 01:50:06.0194 AM
[ReportManager] Initial window size: (800, 600) @15-11-2021 01:50:06.0248 AM
[ReportManager] Window size after SWD Maximize: (1176, 811) @15-11-2021 01:50:06.0292 AM
[ReportManager] Browser Action [MaximizeWindow] successfully performed. With the following test data [New screen size is now: (1176, 811)]. @15-11-2021 01:50:06.0293 AM
[ReportManager] Target URL: [https://duckduckgo.com] @15-11-2021 01:50:06.0293 AM
[ReportManager] Initial URL: [] @15-11-2021 01:50:06.0331 AM
[ReportManager] Browser Action [NavigateToURL] successfully performed. With the following test data [https://duckduckgo.com]. @15-11-2021 01:50:07.0163 A

################################################################################################################################################
Starting Execution:	[8 out of 146] test cases in the current suite
Test Method:		[unitTests.tests_browserActions.getCurrentWindowTitle]
################################################################################################################################################
[ReportManager] Browser Action [GetCurrentWindowTitle] successfully performed. With the following test data [DuckDuckGo â€” Privacy, simplified.]. @15-11-2021 01:50:07.0202 A
[ReportManager] Target URL: [https://duckduckgo.com] @15-11-2021 01:50:07.0204 AM
[ReportManager] Initial URL: [https://duckduckgo.com] @15-11-2021 01:50:07.0238 AM
[ReportManager] Browser Action [NavigateToURL] successfully performed. With the following test data [https://duckduckgo.com]. @15-11-2021 01:50:07.0639 AM
[ReportManager] Browser Action [CloseCurrentWindow] successfully performed. @15-11-2021 01:50:07.0948 AM
[ReportManager] Successfully created attachment [Browser Action Test Data - CloseCurrentWindow - Actual Value] @15-11-2021 01:50:07.0950 A
[ReportManager] File Action [GetAbsolutePath] successfully performed. With the following test data [Relative Folder Path: "target/downloadedFiles/"]. @15-11-2021 01:50:07.0962 AM
[ReportManager] Attempting to run locally on: [Mac-64], [Safari], Headless Execution. @15-11-2021 01:50:07.0962 AM
[ReportManager] Successfully Opened Safari. @15-11-2021 01:50:08.0830 AM
[ReportManager] Initial window size: (800, 600) @15-11-2021 01:50:08.0847 AM
[ReportManager] Window size after SWD Maximize: (1176, 811) @15-11-2021 01:50:08.0878 AM
[ReportManager] Browser Action [MaximizeWindow] successfully performed. With the following test data [New screen size is now: (1176, 811)]. @15-11-2021 01:50:08.0879 AM
[ReportManager] Target URL: [https://duckduckgo.com] @15-11-2021 01:50:08.0879 AM
[ReportManager] Initial URL: [] @15-11-2021 01:50:08.0940 AM
[ReportManager] Browser Action [NavigateToURL] successfully performed. With the following test data [https://duckduckgo.com]. @15-11-2021 01:50:09.0708 A

################################################################################################################################################
Starting Execution:	[9 out of 146] test cases in the current suite
Test Method:		[unitTests.tests_browserActions.getPageSource]
################################################################################################################################################
[ReportManager] Browser Action [GetPageSource] successfully performed. @15-11-2021 01:50:09.0769 AM
[ReportManager] Successfully created attachment [Browser Action Test Data - GetPageSource - Actual Value] @15-11-2021 01:50:09.0770 A
[ReportManager] Target URL: [https://duckduckgo.com] @15-11-2021 01:50:09.0774 AM
[ReportManager] Initial URL: [https://duckduckgo.com] @15-11-2021 01:50:09.0816 AM
[ReportManager] Browser Action [NavigateToURL] successfully performed. With the following test data [https://duckduckgo.com]. @15-11-2021 01:50:10.0210 AM
[ReportManager] Browser Action [CloseCurrentWindow] successfully performed. @15-11-2021 01:50:10.0517 AM
[ReportManager] Successfully created attachment [Browser Action Test Data - CloseCurrentWindow - Actual Value] @15-11-2021 01:50:10.0518 A
[ReportManager] File Action [GetAbsolutePath] successfully performed. With the following test data [Relative Folder Path: "target/downloadedFiles/"]. @15-11-2021 01:50:10.0522 AM
[ReportManager] Attempting to run locally on: [Mac-64], [Safari], Headless Execution. @15-11-2021 01:50:10.0523 AM
[ReportManager] Successfully Opened Safari. @15-11-2021 01:50:11.0365 AM
[ReportManager] Initial window size: (800, 600) @15-11-2021 01:50:11.0387 AM
[ReportManager] Window size after SWD Maximize: (1176, 811) @15-11-2021 01:50:11.0411 AM
[ReportManager] Browser Action [MaximizeWindow] successfully performed. With the following test data [New screen size is now: (1176, 811)]. @15-11-2021 01:50:11.0412 AM
[ReportManager] Target URL: [https://duckduckgo.com] @15-11-2021 01:50:11.0412 AM
[ReportManager] Initial URL: [] @15-11-2021 01:50:11.0489 AM
[ReportManager] Browser Action [NavigateToURL] successfully performed. With the following test data [https://duckduckgo.com]. @15-11-2021 01:50:12.0321 A

################################################################################################################################################
Starting Execution:	[10 out of 146] test cases in the current suite
Test Method:		[unitTests.tests_browserActions.getWindowHandle]
################################################################################################################################################
[ReportManager] Browser Action [GetWindowHandle] successfully performed. With the following test data [page-BD01B131-CF2D-45E4-B8F6-1C89C01379DE]. @15-11-2021 01:50:12.0371 A
[ReportManager] Target URL: [https://duckduckgo.com] @15-11-2021 01:50:12.0374 AM
[ReportManager] Initial URL: [https://duckduckgo.com] @15-11-2021 01:50:12.0413 AM
[ReportManager] Browser Action [NavigateToURL] successfully performed. With the following test data [https://duckduckgo.com]. @15-11-2021 01:50:12.0802 AM
[ReportManager] Browser Action [CloseCurrentWindow] successfully performed. @15-11-2021 01:50:13.0122 AM
[ReportManager] Successfully created attachment [Browser Action Test Data - CloseCurrentWindow - Actual Value] @15-11-2021 01:50:13.0122 A
[ReportManager] File Action [GetAbsolutePath] successfully performed. With the following test data [Relative Folder Path: "target/downloadedFiles/"]. @15-11-2021 01:50:13.0126 AM
[ReportManager] Attempting to run locally on: [Mac-64], [Safari], Headless Execution. @15-11-2021 01:50:13.0126 AM
[ReportManager] Successfully Opened Safari. @15-11-2021 01:50:13.0998 AM
[ReportManager] Initial window size: (800, 600) @15-11-2021 01:50:14.0025 AM
[ReportManager] Window size after SWD Maximize: (1176, 811) @15-11-2021 01:50:14.0081 AM
[ReportManager] Browser Action [MaximizeWindow] successfully performed. With the following test data [New screen size is now: (1176, 811)]. @15-11-2021 01:50:14.0083 AM
[ReportManager] Target URL: [https://duckduckgo.com] @15-11-2021 01:50:14.0083 AM
[ReportManager] Initial URL: [] @15-11-2021 01:50:14.0143 AM
[ReportManager] Browser Action [NavigateToURL] successfully performed. With the following test data [https://duckduckgo.com]. @15-11-2021 01:50:14.0946 A

################################################################################################################################################
Starting Execution:	[11 out of 146] test cases in the current suite
Test Method:		[unitTests.tests_browserActions.getWindowPosition]
################################################################################################################################################
[ReportManager] Browser Action [GetWindowPosition] successfully performed. With the following test data [(0, 23)]. @15-11-2021 01:50:14.0981 A
[ReportManager] Target URL: [https://duckduckgo.com] @15-11-2021 01:50:14.0983 AM
[ReportManager] Initial URL: [https://duckduckgo.com] @15-11-2021 01:50:15.0019 AM
[ReportManager] Browser Action [NavigateToURL] successfully performed. With the following test data [https://duckduckgo.com]. @15-11-2021 01:50:15.0436 AM
[ReportManager] Browser Action [CloseCurrentWindow] successfully performed. @15-11-2021 01:50:15.0781 AM
[ReportManager] Successfully created attachment [Browser Action Test Data - CloseCurrentWindow - Actual Value] @15-11-2021 01:50:15.0782 A
[ReportManager] File Action [GetAbsolutePath] successfully performed. With the following test data [Relative Folder Path: "target/downloadedFiles/"]. @15-11-2021 01:50:15.0785 AM
[ReportManager] Attempting to run locally on: [Mac-64], [Safari], Headless Execution. @15-11-2021 01:50:15.0786 AM
[ReportManager] Successfully Opened Safari. @15-11-2021 01:50:16.0681 AM
[ReportManager] Initial window size: (800, 600) @15-11-2021 01:50:16.0715 AM
[ReportManager] Window size after SWD Maximize: (1176, 811) @15-11-2021 01:50:16.0766 AM
[ReportManager] Browser Action [MaximizeWindow] successfully performed. With the following test data [New screen size is now: (1176, 811)]. @15-11-2021 01:50:16.0767 AM
[ReportManager] Target URL: [https://duckduckgo.com] @15-11-2021 01:50:16.0767 AM
[ReportManager] Initial URL: [] @15-11-2021 01:50:16.0828 AM
[ReportManager] Browser Action [NavigateToURL] successfully performed. With the following test data [https://duckduckgo.com]. @15-11-2021 01:50:17.0735 A

################################################################################################################################################
Starting Execution:	[12 out of 146] test cases in the current suite
Test Method:		[unitTests.tests_browserActions.getWindowSize]
################################################################################################################################################
[ReportManager] Browser Action [GetWindowSize] successfully performed. With the following test data [(1176, 811)]. @15-11-2021 01:50:17.0812 A
[ReportManager] Target URL: [https://duckduckgo.com] @15-11-2021 01:50:17.0815 AM
[ReportManager] Initial URL: [https://duckduckgo.com] @15-11-2021 01:50:17.0921 AM
[ReportManager] Browser Action [NavigateToURL] successfully performed. With the following test data [https://duckduckgo.com]. @15-11-2021 01:50:18.0332 AM
[ReportManager] Browser Action [CloseCurrentWindow] successfully performed. @15-11-2021 01:50:18.0631 AM
[ReportManager] Successfully created attachment [Browser Action Test Data - CloseCurrentWindow - Actual Value] @15-11-2021 01:50:18.0632 A
[ReportManager] File Action [GetAbsolutePath] successfully performed. With the following test data [Relative Folder Path: "target/downloadedFiles/"]. @15-11-2021 01:50:18.0636 AM
[ReportManager] Attempting to run locally on: [Mac-64], [Safari], Headless Execution. @15-11-2021 01:50:18.0636 AM
[ReportManager] Successfully Opened Safari. @15-11-2021 01:50:19.0537 AM
[ReportManager] Initial window size: (800, 600) @15-11-2021 01:50:19.0545 AM
[ReportManager] Window size after SWD Maximize: (1176, 811) @15-11-2021 01:50:19.0565 AM
[ReportManager] Browser Action [MaximizeWindow] successfully performed. With the following test data [New screen size is now: (1176, 811)]. @15-11-2021 01:50:19.0566 AM
[ReportManager] Target URL: [https://duckduckgo.com] @15-11-2021 01:50:19.0566 AM
[ReportManager] Initial URL: [] @15-11-2021 01:50:19.0662 AM
[ReportManager] Browser Action [NavigateToURL] successfully performed. With the following test data [https://duckduckgo.com]. @15-11-2021 01:50:20.0445 A

################################################################################################################################################
Starting Execution:	[13 out of 146] test cases in the current suite
Test Method:		[unitTests.tests_browserActions.maximizeWindow]
################################################################################################################################################
[ReportManager] Initial window size: (1176, 811) @15-11-2021 01:50:20.0460 AM
[ReportManager] Window size after SWD Maximize: (1176, 811) @15-11-2021 01:50:20.0473 AM
[ReportManager] Window size after Toolkit: (1920, 1080) @15-11-2021 01:50:20.0516 AM
[ReportManager] Browser Action [MaximizeWindow] successfully performed. With the following test data [New screen size is now: (1920, 1080)]. @15-11-2021 01:50:20.0534 A
[ReportManager] Target URL: [https://duckduckgo.com] @15-11-2021 01:50:20.0537 AM
[ReportManager] Initial URL: [https://duckduckgo.com] @15-11-2021 01:50:20.0583 AM
[ReportManager] Browser Action [NavigateToURL] successfully performed. With the following test data [https://duckduckgo.com]. @15-11-2021 01:50:21.0022 AM
[ReportManager] Browser Action [CloseCurrentWindow] successfully performed. @15-11-2021 01:50:21.0412 AM
[ReportManager] Successfully created attachment [Browser Action Test Data - CloseCurrentWindow - Actual Value] @15-11-2021 01:50:21.0413 A
[ReportManager] File Action [GetAbsolutePath] successfully performed. With the following test data [Relative Folder Path: "target/downloadedFiles/"]. @15-11-2021 01:50:21.0416 AM
[ReportManager] Attempting to run locally on: [Mac-64], [Safari], Headless Execution. @15-11-2021 01:50:21.0417 AM
[ReportManager] Successfully Opened Safari. @15-11-2021 01:50:22.0343 AM
[ReportManager] Initial window size: (800, 600) @15-11-2021 01:50:22.0361 AM
[ReportManager] Window size after SWD Maximize: (1176, 811) @15-11-2021 01:50:22.0378 AM
[ReportManager] Browser Action [MaximizeWindow] successfully performed. With the following test data [New screen size is now: (1176, 811)]. @15-11-2021 01:50:22.0378 AM
[ReportManager] Target URL: [https://duckduckgo.com] @15-11-2021 01:50:22.0378 AM
[ReportManager] Initial URL: [] @15-11-2021 01:50:22.0452 AM
[ReportManager] Browser Action [NavigateToURL] successfully performed. With the following test data [https://duckduckgo.com]. @15-11-2021 01:50:23.0160 A

################################################################################################################################################
Starting Execution:	[14 out of 146] test cases in the current suite
Test Method:		[unitTests.tests_browserActions.navigateBack]
################################################################################################################################################
[ReportManager] Target URL: [https://www.google.com/ncr], and after redirection: [https://www.google.com] @15-11-2021 01:50:23.0166 AM
[ReportManager] Initial URL: [https://duckduckgo.com] @15-11-2021 01:50:23.0236 AM
[ReportManager] Browser Action [NavigateToURL] successfully performed. With the following test data [https://www.google.com/ncr]. @15-11-2021 01:50:24.0530 AM
[ReportManager] Browser Action [NavigateBack] successfully performed. With the following test data [https://duckduckgo.com/]. @15-11-2021 01:50:24.0724 AM
[ReportManager] Browser Action [GetCurrentURL] successfully performed. With the following test data [https://duckduckgo.com/]. @15-11-2021 01:50:24.0749 AM
[ReportManager] Assertion Passed: Confirming that navigating back was successful @15-11-2021 01:50:24.0879 AM
[ReportManager] Successfully created attachment [Screenshot - 1636941024783_navigateBack_ValidateBrowserAttribute_passed] @15-11-2021 01:50:24.0881 AM
[ReportManager] Assertion [ValidateBrowserAttribute] PASSED. Expected [Value Should be 'https://duckduckgo.com' for the 'CurrentUrl' attribute] and Actual [https://duckduckgo.com/]. Comparison Type [CONTAINS]. Validation Type [POSITIVE]. @15-11-2021 01:50:24.0881 A
[ReportManager] Target URL: [https://duckduckgo.com] @15-11-2021 01:50:24.0890 AM
[ReportManager] Initial URL: [https://duckduckgo.com] @15-11-2021 01:50:24.0948 AM
[ReportManager] Browser Action [NavigateToURL] successfully performed. With the following test data [https://duckduckgo.com]. @15-11-2021 01:50:25.0373 AM
[ReportManager] Browser Action [CloseCurrentWindow] successfully performed. @15-11-2021 01:50:25.0712 AM
[ReportManager] Successfully created attachment [Browser Action Test Data - CloseCurrentWindow - Actual Value] @15-11-2021 01:50:25.0713 A
[ReportManager] File Action [GetAbsolutePath] successfully performed. With the following test data [Relative Folder Path: "target/downloadedFiles/"]. @15-11-2021 01:50:25.0716 AM
[ReportManager] Attempting to run locally on: [Mac-64], [Safari], Headless Execution. @15-11-2021 01:50:25.0717 AM
[ReportManager] Successfully Opened Safari. @15-11-2021 01:50:26.0648 AM
[ReportManager] Initial window size: (800, 600) @15-11-2021 01:50:26.0673 AM
[ReportManager] Window size after SWD Maximize: (1176, 811) @15-11-2021 01:50:26.0706 AM
[ReportManager] Browser Action [MaximizeWindow] successfully performed. With the following test data [New screen size is now: (1176, 811)]. @15-11-2021 01:50:26.0707 AM
[ReportManager] Target URL: [https://duckduckgo.com] @15-11-2021 01:50:26.0707 AM
[ReportManager] Initial URL: [] @15-11-2021 01:50:26.0785 AM
[ReportManager] Browser Action [NavigateToURL] successfully performed. With the following test data [https://duckduckgo.com]. @15-11-2021 01:50:27.0595 A

################################################################################################################################################
Starting Execution:	[15 out of 146] test cases in the current suite
Test Method:		[unitTests.tests_browserActions.navigateForward]
################################################################################################################################################
[ReportManager] Target URL: [https://www.google.com/ncr], and after redirection: [https://www.google.com] @15-11-2021 01:50:27.0598 AM
[ReportManager] Initial URL: [https://duckduckgo.com] @15-11-2021 01:50:27.0646 AM
[ReportManager] Browser Action [NavigateToURL] successfully performed. With the following test data [https://www.google.com/ncr]. @15-11-2021 01:50:29.0129 AM
[ReportManager] Browser Action [NavigateBack] successfully performed. With the following test data [https://duckduckgo.com/]. @15-11-2021 01:50:29.0305 AM
[ReportManager] Browser Action [NavigateForward] successfully performed. With the following test data [https://www.google.com/]. @15-11-2021 01:50:29.0427 A
[ReportManager] Target URL: [https://duckduckgo.com] @15-11-2021 01:50:29.0430 AM
[ReportManager] Initial URL: [https://www.google.com] @15-11-2021 01:50:29.0471 AM
[ReportManager] Browser Action [NavigateToURL] successfully performed. With the following test data [https://duckduckgo.com]. @15-11-2021 01:50:29.0812 AM
[ReportManager] Browser Action [CloseCurrentWindow] successfully performed. @15-11-2021 01:50:30.0110 AM
[ReportManager] Successfully created attachment [Browser Action Test Data - CloseCurrentWindow - Actual Value] @15-11-2021 01:50:30.0111 A
[ReportManager] File Action [GetAbsolutePath] successfully performed. With the following test data [Relative Folder Path: "target/downloadedFiles/"]. @15-11-2021 01:50:30.0115 AM
[ReportManager] Attempting to run locally on: [Mac-64], [Safari], Headless Execution. @15-11-2021 01:50:30.0115 AM
[ReportManager] Successfully Opened Safari. @15-11-2021 01:50:31.0044 AM
[ReportManager] Initial window size: (800, 600) @15-11-2021 01:50:31.0050 AM
[ReportManager] Window size after SWD Maximize: (1176, 811) @15-11-2021 01:50:31.0105 AM
[ReportManager] Browser Action [MaximizeWindow] successfully performed. With the following test data [New screen size is now: (1176, 811)]. @15-11-2021 01:50:31.0105 AM
[ReportManager] Target URL: [https://duckduckgo.com] @15-11-2021 01:50:31.0105 AM
[ReportManager] Initial URL: [] @15-11-2021 01:50:31.0177 AM
[ReportManager] Browser Action [NavigateToURL] successfully performed. With the following test data [https://duckduckgo.com]. @15-11-2021 01:50:32.0079 A

################################################################################################################################################
Starting Execution:	[16 out of 146] test cases in the current suite
Test Method:		[unitTests.tests_browserActions.navigateToURL]
################################################################################################################################################
[ReportManager] Target URL: [https://duckduckgo.com] @15-11-2021 01:50:32.0084 AM
[ReportManager] Initial URL: [https://duckduckgo.com] @15-11-2021 01:50:32.0118 AM
[ReportManager] Browser Action [NavigateToURL] successfully performed. With the following test data [https://duckduckgo.com]. @15-11-2021 01:50:32.0509 A
[ReportManager] Target URL: [https://duckduckgo.com] @15-11-2021 01:50:32.0517 AM
[ReportManager] Initial URL: [https://duckduckgo.com] @15-11-2021 01:50:32.0559 AM
[ReportManager] Browser Action [NavigateToURL] successfully performed. With the following test data [https://duckduckgo.com]. @15-11-2021 01:50:32.0931 AM
[ReportManager] Browser Action [CloseCurrentWindow] successfully performed. @15-11-2021 01:50:33.0382 AM
[ReportManager] Successfully created attachment [Browser Action Test Data - CloseCurrentWindow - Actual Value] @15-11-2021 01:50:33.0383 A
[ReportManager] File Action [GetAbsolutePath] successfully performed. With the following test data [Relative Folder Path: "target/downloadedFiles/"]. @15-11-2021 01:50:33.0387 AM
[ReportManager] Attempting to run locally on: [Mac-64], [Safari], Headless Execution. @15-11-2021 01:50:33.0387 AM
[ReportManager] Successfully Opened Safari. @15-11-2021 01:50:34.0221 AM
[ReportManager] Initial window size: (800, 600) @15-11-2021 01:50:34.0266 AM
[ReportManager] Window size after SWD Maximize: (1176, 811) @15-11-2021 01:50:34.0296 AM
[ReportManager] Browser Action [MaximizeWindow] successfully performed. With the following test data [New screen size is now: (1176, 811)]. @15-11-2021 01:50:34.0297 AM
[ReportManager] Target URL: [https://duckduckgo.com] @15-11-2021 01:50:34.0298 AM
[ReportManager] Initial URL: [] @15-11-2021 01:50:34.0357 AM
[ReportManager] Browser Action [NavigateToURL] successfully performed. With the following test data [https://duckduckgo.com]. @15-11-2021 01:50:35.0132 A

################################################################################################################################################
Starting Execution:	[17 out of 146] test cases in the current suite
Test Method:		[unitTests.tests_browserActions.navigateToURLWithRedirection]
################################################################################################################################################
[ReportManager] Target URL: [https://www.google.com/ncr], and after redirection: [https://www.google.com] @15-11-2021 01:50:35.0137 AM
[ReportManager] Initial URL: [https://duckduckgo.com] @15-11-2021 01:50:35.0187 AM
[ReportManager] Browser Action [NavigateToURL] successfully performed. With the following test data [https://www.google.com/ncr]. @15-11-2021 01:50:36.0477 A
[ReportManager] Target URL: [https://duckduckgo.com] @15-11-2021 01:50:36.0479 AM
[ReportManager] Initial URL: [https://www.google.com] @15-11-2021 01:50:36.0517 AM
[ReportManager] Browser Action [NavigateToURL] successfully performed. With the following test data [https://duckduckgo.com]. @15-11-2021 01:50:36.0890 AM
[ReportManager] Browser Action [CloseCurrentWindow] successfully performed. @15-11-2021 01:50:37.0191 AM
[ReportManager] Successfully created attachment [Browser Action Test Data - CloseCurrentWindow - Actual Value] @15-11-2021 01:50:37.0191 A
[ReportManager] File Action [GetAbsolutePath] successfully performed. With the following test data [Relative Folder Path: "target/downloadedFiles/"]. @15-11-2021 01:50:37.0195 AM
[ReportManager] Attempting to run locally on: [Mac-64], [Safari], Headless Execution. @15-11-2021 01:50:37.0196 AM
[ReportManager] Successfully Opened Safari. @15-11-2021 01:50:38.0094 AM
[ReportManager] Initial window size: (800, 600) @15-11-2021 01:50:38.0125 AM
[ReportManager] Window size after SWD Maximize: (1176, 811) @15-11-2021 01:50:38.0152 AM
[ReportManager] Browser Action [MaximizeWindow] successfully performed. With the following test data [New screen size is now: (1176, 811)]. @15-11-2021 01:50:38.0153 AM
[ReportManager] Target URL: [https://duckduckgo.com] @15-11-2021 01:50:38.0153 AM
[ReportManager] Initial URL: [] @15-11-2021 01:50:38.0231 AM
[ReportManager] Browser Action [NavigateToURL] successfully performed. With the following test data [https://duckduckgo.com]. @15-11-2021 01:50:39.0272 A

################################################################################################################################################
Starting Execution:	[18 out of 146] test cases in the current suite
Test Method:		[unitTests.tests_browserActions.refreshCurrentPage]
################################################################################################################################################
[ReportManager] Browser Action [RefreshCurrentPage] successfully performed. @15-11-2021 01:50:39.0664 AM
[ReportManager] Successfully created attachment [Browser Action Test Data - RefreshCurrentPage - Actual Value] @15-11-2021 01:50:39.0665 A
[ReportManager] Target URL: [https://duckduckgo.com] @15-11-2021 01:50:39.0668 AM
[ReportManager] Initial URL: [https://duckduckgo.com] @15-11-2021 01:50:39.0713 AM
[ReportManager] Browser Action [NavigateToURL] successfully performed. With the following test data [https://duckduckgo.com]. @15-11-2021 01:50:40.0110 AM
[ReportManager] Browser Action [CloseCurrentWindow] successfully performed. @15-11-2021 01:50:40.0472 AM
[ReportManager] Successfully created attachment [Browser Action Test Data - CloseCurrentWindow - Actual Value] @15-11-2021 01:50:40.0473 A
[ReportManager] File Action [GetAbsolutePath] successfully performed. With the following test data [Relative Folder Path: "target/downloadedFiles/"]. @15-11-2021 01:50:40.0477 AM
[ReportManager] Attempting to run locally on: [Mac-64], [Safari], Headless Execution. @15-11-2021 01:50:40.0477 AM
[ReportManager] Successfully Opened Safari. @15-11-2021 01:50:41.0297 AM
[ReportManager] Initial window size: (800, 600) @15-11-2021 01:50:41.0325 AM
[ReportManager] Window size after SWD Maximize: (1176, 811) @15-11-2021 01:50:41.0351 AM
[ReportManager] Browser Action [MaximizeWindow] successfully performed. With the following test data [New screen size is now: (1176, 811)]. @15-11-2021 01:50:41.0352 AM
[ReportManager] Target URL: [https://duckduckgo.com] @15-11-2021 01:50:41.0352 AM
[ReportManager] Initial URL: [] @15-11-2021 01:50:41.0414 AM
[ReportManager] Browser Action [NavigateToURL] successfully performed. With the following test data [https://duckduckgo.com]. @15-11-2021 01:50:42.0191 A

################################################################################################################################################
Starting Execution:	[19 out of 146] test cases in the current suite
Test Method:		[unitTests.tests_browserActions.setWindowSize]
################################################################################################################################################
[ReportManager] Initial window size: (1176, 811) @15-11-2021 01:50:42.0205 AM
[ReportManager] Window size after SWD: (1280, 720) @15-11-2021 01:50:42.0254 AM
[ReportManager] Browser Action [SetWindowSize] successfully performed. With the following test data [New screen size is now: (1280, 720)]. @15-11-2021 01:50:42.0255 A
[ReportManager] Target URL: [https://duckduckgo.com] @15-11-2021 01:50:42.0259 AM
[ReportManager] Initial URL: [https://duckduckgo.com] @15-11-2021 01:50:42.0321 AM
[ReportManager] Browser Action [NavigateToURL] successfully performed. With the following test data [https://duckduckgo.com]. @15-11-2021 01:50:42.0665 AM
[ReportManager] Browser Action [CloseCurrentWindow] successfully performed. @15-11-2021 01:50:42.0958 AM
[ReportManager] Successfully created attachment [Browser Action Test Data - CloseCurrentWindow - Actual Value] @15-11-2021 01:50:42.0959 A
[ReportManager] Successfully loaded the following test data file [src/test/resources/TestDataFiles/testSuite01/TestData.xlsx]. @15-11-2021 01:50:43.0927 AM
[ReportManager] Successfully created attachment [Test Data - Excel] @15-11-2021 01:50:43.0927 A

################################################################################################################################################
Starting Execution:	[20 out of 146] test cases in the current suite
Test Method:		[unitTests.tests_io_excelFileManager.getCellData_rowName_expectedToPass]
################################################################################################################################################
[ReportManager] testRowData. @15-11-2021 01:50:43.0945 A

################################################################################################################################################
Starting Execution:	[21 out of 146] test cases in the current suite
Test Method:		[unitTests.tests_validations_assertions.assertComparativeRelation_greaterThanOrEquals_false_equals_expectedToFail]
################################################################################################################################################
[ReportManager] Assertion [ValidateComparativeRelation] FAILED. Expected [1] and Actual [1]. Comparison Type [GREATER_THAN_OR_EQUALS]. Validation Type [NEGATIVE]. @15-11-2021 01:50:43.0954 A

################################################################################################################################################
Starting Execution:	[22 out of 146] test cases in the current suite
Test Method:		[unitTests.tests_validations_assertions.assertComparativeRelation_greaterThanOrEquals_false_equals_expectedToPass]
################################################################################################################################################
[ReportManager] Assertion [ValidateComparativeRelation] PASSED. Expected [2] and Actual [1]. Comparison Type [GREATER_THAN_OR_EQUALS]. Validation Type [NEGATIVE]. @15-11-2021 01:50:43.0958 A

################################################################################################################################################
Starting Execution:	[23 out of 146] test cases in the current suite
Test Method:		[unitTests.tests_validations_assertions.assertComparativeRelation_greaterThanOrEquals_false_greaterThan_expectedToFail]
################################################################################################################################################
[ReportManager] Assertion [ValidateComparativeRelation] FAILED. Expected [1] and Actual [2]. Comparison Type [GREATER_THAN_OR_EQUALS]. Validation Type [NEGATIVE]. @15-11-2021 01:50:43.0963 A

################################################################################################################################################
Starting Execution:	[24 out of 146] test cases in the current suite
Test Method:		[unitTests.tests_validations_assertions.assertComparativeRelation_greaterThanOrEquals_false_greaterThan_expectedToPass]
################################################################################################################################################
[ReportManager] Assertion [ValidateComparativeRelation] PASSED. Expected [2] and Actual [1]. Comparison Type [GREATER_THAN_OR_EQUALS]. Validation Type [NEGATIVE]. @15-11-2021 01:50:43.0968 A

################################################################################################################################################
Starting Execution:	[25 out of 146] test cases in the current suite
Test Method:		[unitTests.tests_validations_assertions.assertComparativeRelation_greaterThanOrEquals_true_equals_expectedToFail]
################################################################################################################################################
[ReportManager] Assertion [ValidateComparativeRelation] FAILED. Expected [1] and Actual [0]. Comparison Type [GREATER_THAN_OR_EQUALS]. Validation Type [POSITIVE]. @15-11-2021 01:50:43.0975 A

################################################################################################################################################
Starting Execution:	[26 out of 146] test cases in the current suite
Test Method:		[unitTests.tests_validations_assertions.assertComparativeRelation_greaterThanOrEquals_true_equals_expectedToPass]
################################################################################################################################################
[ReportManager] Assertion [ValidateComparativeRelation] PASSED. Expected [1] and Actual [1]. Comparison Type [GREATER_THAN_OR_EQUALS]. Validation Type [POSITIVE]. @15-11-2021 01:50:43.0979 A

################################################################################################################################################
Starting Execution:	[27 out of 146] test cases in the current suite
Test Method:		[unitTests.tests_validations_assertions.assertComparativeRelation_greaterThanOrEquals_true_greaterThan_expectedToFail]
################################################################################################################################################
[ReportManager] Assertion [ValidateComparativeRelation] FAILED. Expected [2] and Actual [1]. Comparison Type [GREATER_THAN_OR_EQUALS]. Validation Type [POSITIVE]. @15-11-2021 01:50:43.0984 A

################################################################################################################################################
Starting Execution:	[28 out of 146] test cases in the current suite
Test Method:		[unitTests.tests_validations_assertions.assertComparativeRelation_greaterThanOrEquals_true_greaterThan_expectedToPass]
################################################################################################################################################
[ReportManager] Assertion [ValidateComparativeRelation] PASSED. Expected [1] and Actual [2]. Comparison Type [GREATER_THAN_OR_EQUALS]. Validation Type [POSITIVE]. @15-11-2021 01:50:43.0988 A
[ReportManager] File Action [GetAbsolutePath] successfully performed. With the following test data [Relative Folder Path: "target/downloadedFiles/"]. @15-11-2021 01:50:43.0993 AM
[ReportManager] Attempting to run locally on: [Mac-64], [Safari], Headless Execution. @15-11-2021 01:50:43.0994 AM
[ReportManager] Successfully Opened Safari. @15-11-2021 01:50:44.0843 AM
[ReportManager] Initial window size: (800, 600) @15-11-2021 01:50:45.0048 AM
[ReportManager] Window size after SWD Maximize: (1176, 811) @15-11-2021 01:50:45.0075 AM
[ReportManager] Browser Action [MaximizeWindow] successfully performed. With the following test data [New screen size is now: (1176, 811)]. @15-11-2021 01:50:45.0076 AM
[ReportManager] Target URL: [https://www.google.com/ncr], and after redirection: [www.google.com] @15-11-2021 01:50:45.0076 AM
[ReportManager] Initial URL: [] @15-11-2021 01:50:45.0116 AM
[ReportManager] Browser Action [NavigateToURL] successfully performed. With the following test data [https://www.google.com/ncr]. @15-11-2021 01:50:46.0636 A

################################################################################################################################################
Starting Execution:	[29 out of 146] test cases in the current suite
Test Method:		[unitTests.tests_validations_assertions.assertElementAttribute_false_caseInsensitiveComparison_expectedToFail]
################################################################################################################################################
[ReportManager] Element Action [Type] successfully performed. With the following test data [AUTOMATION]. @15-11-2021 01:50:47.0232 AM
[ReportManager] Element Action [GetText] successfully performed. With the following test data [AUTOMATION]. @15-11-2021 01:50:47.0336 AM
[ReportManager] Loaded Shared OpenCV @15-11-2021 01:50:48.0559 AM
[ReportManager] Assertion [ValidateElementAttribute] FAILED. Expected [Value Should not be 'AutomaTion' for the 'text' attribute, element locator 'By.name: q'] and Actual [AUTOMATION]. Comparison Type [CASE_INSENSITIVE]. Validation Type [NEGATIVE]. @15-11-2021 01:50:48.0931 AM
[ReportManager] Successfully created attachment [Screenshot - 1636941047424_assertElementAttribute_false_caseInsensitiveComparison_expectedToFail_ValidateElementAttribute_failed] @15-11-2021 01:50:48.0935 A
[ReportManager] Browser Action [CloseCurrentWindow] successfully performed. @15-11-2021 01:50:49.0279 AM
[ReportManager] Successfully created attachment [Browser Action Test Data - CloseCurrentWindow - Actual Value] @15-11-2021 01:50:49.0280 A
[ReportManager] File Action [GetAbsolutePath] successfully performed. With the following test data [Relative Folder Path: "target/downloadedFiles/"]. @15-11-2021 01:50:49.0288 AM
[ReportManager] Attempting to run locally on: [Mac-64], [Safari], Headless Execution. @15-11-2021 01:50:49.0289 AM
[ReportManager] Successfully Opened Safari. @15-11-2021 01:50:50.0157 AM
[ReportManager] Initial window size: (800, 600) @15-11-2021 01:50:50.0166 AM
[ReportManager] Window size after SWD Maximize: (1176, 811) @15-11-2021 01:50:50.0235 AM
[ReportManager] Browser Action [MaximizeWindow] successfully performed. With the following test data [New screen size is now: (1176, 811)]. @15-11-2021 01:50:50.0235 AM
[ReportManager] Target URL: [https://www.google.com/ncr], and after redirection: [www.google.com] @15-11-2021 01:50:50.0235 AM
[ReportManager] Initial URL: [] @15-11-2021 01:50:50.0296 AM
[ReportManager] Browser Action [NavigateToURL] successfully performed. With the following test data [https://www.google.com/ncr]. @15-11-2021 01:50:51.0789 A

################################################################################################################################################
Starting Execution:	[30 out of 146] test cases in the current suite
Test Method:		[unitTests.tests_validations_assertions.assertElementAttribute_false_caseInsensitiveComparison_expectedToPass]
################################################################################################################################################
[ReportManager] Element Action [Type] successfully performed. With the following test data [AUTOMATION]. @15-11-2021 01:50:52.0271 AM
[ReportManager] Element Action [GetText] successfully performed. With the following test data [AUTOMATION]. @15-11-2021 01:50:52.0327 AM
[ReportManager] Loaded Shared OpenCV @15-11-2021 01:50:52.0401 AM
[ReportManager] Assertion [ValidateElementAttribute] PASSED. Expected [Value Should not be 'AutomaTion123' for the 'text' attribute, element locator 'By.name: q'] and Actual [AUTOMATION]. Comparison Type [CASE_INSENSITIVE]. Validation Type [NEGATIVE]. @15-11-2021 01:50:52.0598 AM
[ReportManager] Successfully created attachment [Screenshot - 1636941052401_assertElementAttribute_false_caseInsensitiveComparison_expectedToPass_ValidateElementAttribute_passed] @15-11-2021 01:50:52.0604 A
[ReportManager] Browser Action [CloseCurrentWindow] successfully performed. @15-11-2021 01:50:52.0943 AM
[ReportManager] Successfully created attachment [Browser Action Test Data - CloseCurrentWindow - Actual Value] @15-11-2021 01:50:52.0945 A
[ReportManager] File Action [GetAbsolutePath] successfully performed. With the following test data [Relative Folder Path: "target/downloadedFiles/"]. @15-11-2021 01:50:52.0949 AM
[ReportManager] Attempting to run locally on: [Mac-64], [Safari], Headless Execution. @15-11-2021 01:50:52.0949 AM
[ReportManager] Successfully Opened Safari. @15-11-2021 01:50:53.0745 AM
[ReportManager] Initial window size: (800, 600) @15-11-2021 01:50:53.0751 AM
[ReportManager] Window size after SWD Maximize: (1176, 811) @15-11-2021 01:50:53.0766 AM
[ReportManager] Browser Action [MaximizeWindow] successfully performed. With the following test data [New screen size is now: (1176, 811)]. @15-11-2021 01:50:53.0767 AM
[ReportManager] Target URL: [https://www.google.com/ncr], and after redirection: [www.google.com] @15-11-2021 01:50:53.0769 AM
[ReportManager] Initial URL: [] @15-11-2021 01:50:53.0835 AM
[ReportManager] Browser Action [NavigateToURL] successfully performed. With the following test data [https://www.google.com/ncr]. @15-11-2021 01:50:55.0313 A

################################################################################################################################################
Starting Execution:	[31 out of 146] test cases in the current suite
Test Method:		[unitTests.tests_validations_assertions.assertElementAttribute_false_containsComparison_expectedToFail]
################################################################################################################################################
[ReportManager] Element Action [Type] successfully performed. With the following test data [Automation123]. @15-11-2021 01:50:55.0878 AM
[ReportManager] Element Action [GetText] successfully performed. With the following test data [Automation123]. @15-11-2021 01:50:55.0940 AM
[ReportManager] Loaded Shared OpenCV @15-11-2021 01:50:56.0017 AM
[ReportManager] Assertion [ValidateElementAttribute] FAILED. Expected [Value Should not be 'Automation' for the 'text' attribute, element locator 'By.name: q'] and Actual [Automation123]. Comparison Type [CONTAINS]. Validation Type [NEGATIVE]. @15-11-2021 01:50:56.0162 AM
[ReportManager] Successfully created attachment [Screenshot - 1636941056017_assertElementAttribute_false_containsComparison_expectedToFail_ValidateElementAttribute_failed] @15-11-2021 01:50:56.0165 A
[ReportManager] Browser Action [CloseCurrentWindow] successfully performed. @15-11-2021 01:50:56.0332 AM
[ReportManager] Successfully created attachment [Browser Action Test Data - CloseCurrentWindow - Actual Value] @15-11-2021 01:50:56.0334 A
[ReportManager] File Action [GetAbsolutePath] successfully performed. With the following test data [Relative Folder Path: "target/downloadedFiles/"]. @15-11-2021 01:50:56.0339 AM
[ReportManager] Attempting to run locally on: [Mac-64], [Safari], Headless Execution. @15-11-2021 01:50:56.0339 AM
[ReportManager] Successfully Opened Safari. @15-11-2021 01:50:57.0262 AM
[ReportManager] Initial window size: (800, 600) @15-11-2021 01:50:57.0275 AM
[ReportManager] Window size after SWD Maximize: (1176, 811) @15-11-2021 01:50:57.0296 AM
[ReportManager] Browser Action [MaximizeWindow] successfully performed. With the following test data [New screen size is now: (1176, 811)]. @15-11-2021 01:50:57.0297 AM
[ReportManager] Target URL: [https://www.google.com/ncr], and after redirection: [www.google.com] @15-11-2021 01:50:57.0297 AM
[ReportManager] Initial URL: [] @15-11-2021 01:50:57.0359 AM
[ReportManager] Browser Action [NavigateToURL] successfully performed. With the following test data [https://www.google.com/ncr]. @15-11-2021 01:50:59.0037 A

################################################################################################################################################
Starting Execution:	[32 out of 146] test cases in the current suite
Test Method:		[unitTests.tests_validations_assertions.assertElementAttribute_false_containsComparison_expectedToPass]
################################################################################################################################################
[ReportManager] Element Action [Type] successfully performed. With the following test data [Automation123]. @15-11-2021 01:50:59.0543 AM
[ReportManager] Element Action [GetText] successfully performed. With the following test data [Automation123]. @15-11-2021 01:50:59.0618 AM
[ReportManager] Loaded Shared OpenCV @15-11-2021 01:50:59.0698 AM
[ReportManager] Assertion [ValidateElementAttribute] PASSED. Expected [Value Should not be 'Automation1234' for the 'text' attribute, element locator 'By.name: q'] and Actual [Automation123]. Comparison Type [CONTAINS]. Validation Type [NEGATIVE]. @15-11-2021 01:50:59.0853 AM
[ReportManager] Successfully created attachment [Screenshot - 1636941059698_assertElementAttribute_false_containsComparison_expectedToPass_ValidateElementAttribute_passed] @15-11-2021 01:50:59.0855 A
[ReportManager] Browser Action [CloseCurrentWindow] successfully performed. @15-11-2021 01:50:59.0941 AM
[ReportManager] Successfully created attachment [Browser Action Test Data - CloseCurrentWindow - Actual Value] @15-11-2021 01:50:59.0944 A
[ReportManager] File Action [GetAbsolutePath] successfully performed. With the following test data [Relative Folder Path: "target/downloadedFiles/"]. @15-11-2021 01:50:59.0953 AM
[ReportManager] Attempting to run locally on: [Mac-64], [Safari], Headless Execution. @15-11-2021 01:50:59.0953 AM
[ReportManager] Successfully Opened Safari. @15-11-2021 01:51:00.0775 AM
[ReportManager] Initial window size: (800, 600) @15-11-2021 01:51:00.0782 AM
[ReportManager] Window size after SWD Maximize: (1176, 811) @15-11-2021 01:51:00.0814 AM
[ReportManager] Browser Action [MaximizeWindow] successfully performed. With the following test data [New screen size is now: (1176, 811)]. @15-11-2021 01:51:00.0814 AM
[ReportManager] Target URL: [https://www.google.com/ncr], and after redirection: [www.google.com] @15-11-2021 01:51:00.0815 AM
[ReportManager] Initial URL: [] @15-11-2021 01:51:00.0908 AM
[ReportManager] Browser Action [NavigateToURL] successfully performed. With the following test data [https://www.google.com/ncr]. @15-11-2021 01:51:01.0871 A

################################################################################################################################################
Starting Execution:	[33 out of 146] test cases in the current suite
Test Method:		[unitTests.tests_validations_assertions.assertElementAttribute_false_literalComparison_expectedToFail]
################################################################################################################################################
[ReportManager] Element Action [Type] successfully performed. With the following test data [Automation!@#$%^&*()_+{}[]\';/.,]. @15-11-2021 01:51:02.0938 AM
[ReportManager] Element Action [GetText] successfully performed. With the following test data [Automation!@#$%^&*()_+{}[]\';/.,]. @15-11-2021 01:51:02.0996 AM
[ReportManager] Loaded Shared OpenCV @15-11-2021 01:51:03.0071 AM
[ReportManager] Assertion [ValidateElementAttribute] PASSED. Expected [Value Should not be 'Automation!@#$%^&*()_+{}[]\\';/.,' for the 'text' attribute, element locator 'By.name: q'] and Actual [Automation!@#$%^&*()_+{}[]\';/.,]. Comparison Type [EQUALS]. Validation Type [NEGATIVE]. @15-11-2021 01:51:03.0207 AM
[ReportManager] Successfully created attachment [Screenshot - 1636941063071_assertElementAttribute_false_literalComparison_expectedToFail_ValidateElementAttribute_passed] @15-11-2021 01:51:03.0210 A
[ReportManager] Browser Action [CloseCurrentWindow] successfully performed. @15-11-2021 01:51:03.0616 AM
[ReportManager] Successfully created attachment [Browser Action Test Data - CloseCurrentWindow - Actual Value] @15-11-2021 01:51:03.0617 A
[ReportManager] File Action [GetAbsolutePath] successfully performed. With the following test data [Relative Folder Path: "target/downloadedFiles/"]. @15-11-2021 01:51:03.0623 AM
[ReportManager] Attempting to run locally on: [Mac-64], [Safari], Headless Execution. @15-11-2021 01:51:03.0623 AM
[ReportManager] Successfully Opened Safari. @15-11-2021 01:51:04.0428 AM
[ReportManager] Initial window size: (800, 600) @15-11-2021 01:51:04.0467 AM
[ReportManager] Window size after SWD Maximize: (1176, 811) @15-11-2021 01:51:04.0500 AM
[ReportManager] Browser Action [MaximizeWindow] successfully performed. With the following test data [New screen size is now: (1176, 811)]. @15-11-2021 01:51:04.0500 AM
[ReportManager] Target URL: [https://www.google.com/ncr], and after redirection: [www.google.com] @15-11-2021 01:51:04.0507 AM
[ReportManager] Initial URL: [] @15-11-2021 01:51:04.0604 AM
[ReportManager] Browser Action [NavigateToURL] successfully performed. With the following test data [https://www.google.com/ncr]. @15-11-2021 01:51:05.0970 A

################################################################################################################################################
Starting Execution:	[34 out of 146] test cases in the current suite
Test Method:		[unitTests.tests_validations_assertions.assertElementAttribute_false_literalComparison_expectedToPass]
################################################################################################################################################
[ReportManager] Element Action [Type] successfully performed. With the following test data [Automation!@#$%^&*()_+{}[]\';/.,]. @15-11-2021 01:51:07.0019 AM
[ReportManager] Element Action [GetText] successfully performed. With the following test data [Automation!@#$%^&*()_+{}[]\';/.,]. @15-11-2021 01:51:07.0085 AM
[ReportManager] Loaded Shared OpenCV @15-11-2021 01:51:07.0158 AM
[ReportManager] Assertion [ValidateElementAttribute] PASSED. Expected [Value Should not be 'Automation' for the 'text' attribute, element locator 'By.name: q'] and Actual [Automation!@#$%^&*()_+{}[]\';/.,]. Comparison Type [EQUALS]. Validation Type [NEGATIVE]. @15-11-2021 01:51:07.0296 AM
[ReportManager] Successfully created attachment [Screenshot - 1636941067158_assertElementAttribute_false_literalComparison_expectedToPass_ValidateElementAttribute_passed] @15-11-2021 01:51:07.0306 A
[ReportManager] Browser Action [CloseCurrentWindow] successfully performed. @15-11-2021 01:51:07.0639 AM
[ReportManager] Successfully created attachment [Browser Action Test Data - CloseCurrentWindow - Actual Value] @15-11-2021 01:51:07.0639 A
[ReportManager] File Action [GetAbsolutePath] successfully performed. With the following test data [Relative Folder Path: "target/downloadedFiles/"]. @15-11-2021 01:51:07.0645 AM
[ReportManager] Attempting to run locally on: [Mac-64], [Safari], Headless Execution. @15-11-2021 01:51:07.0646 AM
[ReportManager] Successfully Opened Safari. @15-11-2021 01:51:08.0462 AM
[ReportManager] Initial window size: (800, 600) @15-11-2021 01:51:08.0467 AM
[ReportManager] Window size after SWD Maximize: (1176, 811) @15-11-2021 01:51:08.0489 AM
[ReportManager] Browser Action [MaximizeWindow] successfully performed. With the following test data [New screen size is now: (1176, 811)]. @15-11-2021 01:51:08.0489 AM
[ReportManager] Target URL: [https://www.google.com/ncr], and after redirection: [www.google.com] @15-11-2021 01:51:08.0490 AM
[ReportManager] Initial URL: [] @15-11-2021 01:51:08.0546 AM
[ReportManager] Browser Action [NavigateToURL] successfully performed. With the following test data [https://www.google.com/ncr]. @15-11-2021 01:51:09.0979 A

################################################################################################################################################
Starting Execution:	[35 out of 146] test cases in the current suite
Test Method:		[unitTests.tests_validations_assertions.assertElementAttribute_false_regexComparison_expectedToFail]
################################################################################################################################################
[ReportManager] Element Action [Type] successfully performed. With the following test data [Automation123]. @15-11-2021 01:51:10.0578 AM
[ReportManager] Element Action [GetText] successfully performed. With the following test data [Automation123]. @15-11-2021 01:51:10.0634 AM
[ReportManager] Loaded Shared OpenCV @15-11-2021 01:51:10.0726 AM
[ReportManager] Assertion [ValidateElementAttribute] FAILED. Expected [Value Should not be 'Automation.*' for the 'text' attribute, element locator 'By.name: q'] and Actual [Automation123]. Comparison Type [MATCHES]. Validation Type [NEGATIVE]. @15-11-2021 01:51:10.0907 AM
[ReportManager] Successfully created attachment [Screenshot - 1636941070725_assertElementAttribute_false_regexComparison_expectedToFail_ValidateElementAttribute_failed] @15-11-2021 01:51:10.0910 A
[ReportManager] Browser Action [CloseCurrentWindow] successfully performed. @15-11-2021 01:51:11.0213 AM
[ReportManager] Successfully created attachment [Browser Action Test Data - CloseCurrentWindow - Actual Value] @15-11-2021 01:51:11.0214 A
[ReportManager] File Action [GetAbsolutePath] successfully performed. With the following test data [Relative Folder Path: "target/downloadedFiles/"]. @15-11-2021 01:51:11.0218 AM
[ReportManager] Attempting to run locally on: [Mac-64], [Safari], Headless Execution. @15-11-2021 01:51:11.0219 AM
[ReportManager] Successfully Opened Safari. @15-11-2021 01:51:12.0027 AM
[ReportManager] Initial window size: (800, 600) @15-11-2021 01:51:12.0083 AM
[ReportManager] Window size after SWD Maximize: (1176, 811) @15-11-2021 01:51:12.0174 AM
[ReportManager] Browser Action [MaximizeWindow] successfully performed. With the following test data [New screen size is now: (1176, 811)]. @15-11-2021 01:51:12.0175 AM
[ReportManager] Target URL: [https://www.google.com/ncr], and after redirection: [www.google.com] @15-11-2021 01:51:12.0175 AM
[ReportManager] Initial URL: [] @15-11-2021 01:51:12.0225 AM
[ReportManager] Browser Action [NavigateToURL] successfully performed. With the following test data [https://www.google.com/ncr]. @15-11-2021 01:51:13.0676 A

################################################################################################################################################
Starting Execution:	[36 out of 146] test cases in the current suite
Test Method:		[unitTests.tests_validations_assertions.assertElementAttribute_false_regexComparison_expectedToPass]
################################################################################################################################################
[ReportManager] Element Action [Type] successfully performed. With the following test data [Automation123]. @15-11-2021 01:51:14.0201 AM
[ReportManager] Element Action [GetText] successfully performed. With the following test data [Automation123]. @15-11-2021 01:51:14.0266 AM
[ReportManager] Loaded Shared OpenCV @15-11-2021 01:51:14.0338 AM
[ReportManager] Assertion [ValidateElementAttribute] PASSED. Expected [Value Should not be 'Automation' for the 'text' attribute, element locator 'By.name: q'] and Actual [Automation123]. Comparison Type [MATCHES]. Validation Type [NEGATIVE]. @15-11-2021 01:51:14.0460 AM
[ReportManager] Successfully created attachment [Screenshot - 1636941074338_assertElementAttribute_false_regexComparison_expectedToPass_ValidateElementAttribute_passed] @15-11-2021 01:51:14.0462 A
[ReportManager] Browser Action [CloseCurrentWindow] successfully performed. @15-11-2021 01:51:14.0856 AM
[ReportManager] Successfully created attachment [Browser Action Test Data - CloseCurrentWindow - Actual Value] @15-11-2021 01:51:14.0857 A
[ReportManager] File Action [GetAbsolutePath] successfully performed. With the following test data [Relative Folder Path: "target/downloadedFiles/"]. @15-11-2021 01:51:14.0861 AM
[ReportManager] Attempting to run locally on: [Mac-64], [Safari], Headless Execution. @15-11-2021 01:51:14.0861 AM
[ReportManager] Successfully Opened Safari. @15-11-2021 01:51:15.0675 AM
[ReportManager] Initial window size: (800, 600) @15-11-2021 01:51:15.0698 AM
[ReportManager] Window size after SWD Maximize: (1176, 811) @15-11-2021 01:51:15.0714 AM
[ReportManager] Browser Action [MaximizeWindow] successfully performed. With the following test data [New screen size is now: (1176, 811)]. @15-11-2021 01:51:15.0715 AM
[ReportManager] Target URL: [https://www.google.com/ncr], and after redirection: [www.google.com] @15-11-2021 01:51:15.0715 AM
[ReportManager] Initial URL: [] @15-11-2021 01:51:15.0791 AM
[ReportManager] Browser Action [NavigateToURL] successfully performed. With the following test data [https://www.google.com/ncr]. @15-11-2021 01:51:17.0346 A

################################################################################################################################################
Starting Execution:	[37 out of 146] test cases in the current suite
Test Method:		[unitTests.tests_validations_assertions.assertElementAttribute_true_caseInsensitiveComparison_expectedToFail]
################################################################################################################################################
[ReportManager] Element Action [Type] successfully performed. With the following test data [AUTOMATION]. @15-11-2021 01:51:17.0781 AM
[ReportManager] Element Action [GetText] successfully performed. With the following test data [AUTOMATION]. @15-11-2021 01:51:17.0846 AM
[ReportManager] Loaded Shared OpenCV @15-11-2021 01:51:17.0924 AM
[ReportManager] Assertion [ValidateElementAttribute] FAILED. Expected [Value Should be 'AutomaTion123' for the 'text' attribute, element locator 'By.name: q'] and Actual [AUTOMATION]. Comparison Type [CASE_INSENSITIVE]. Validation Type [POSITIVE]. @15-11-2021 01:51:18.0119 AM
[ReportManager] Successfully created attachment [Screenshot - 1636941077924_assertElementAttribute_true_caseInsensitiveComparison_expectedToFail_ValidateElementAttribute_failed] @15-11-2021 01:51:18.0121 A
[ReportManager] Browser Action [CloseCurrentWindow] successfully performed. @15-11-2021 01:51:18.0425 AM
[ReportManager] Successfully created attachment [Browser Action Test Data - CloseCurrentWindow - Actual Value] @15-11-2021 01:51:18.0426 A
[ReportManager] File Action [GetAbsolutePath] successfully performed. With the following test data [Relative Folder Path: "target/downloadedFiles/"]. @15-11-2021 01:51:18.0430 AM
[ReportManager] Attempting to run locally on: [Mac-64], [Safari], Headless Execution. @15-11-2021 01:51:18.0431 AM
[ReportManager] Successfully Opened Safari. @15-11-2021 01:51:19.0263 AM
[ReportManager] Initial window size: (800, 600) @15-11-2021 01:51:19.0298 AM
[ReportManager] Window size after SWD Maximize: (1176, 811) @15-11-2021 01:51:19.0396 AM
[ReportManager] Browser Action [MaximizeWindow] successfully performed. With the following test data [New screen size is now: (1176, 811)]. @15-11-2021 01:51:19.0397 AM
[ReportManager] Target URL: [https://www.google.com/ncr], and after redirection: [www.google.com] @15-11-2021 01:51:19.0397 AM
[ReportManager] Initial URL: [] @15-11-2021 01:51:19.0438 AM
[ReportManager] Browser Action [NavigateToURL] successfully performed. With the following test data [https://www.google.com/ncr]. @15-11-2021 01:51:20.0312 A

################################################################################################################################################
Starting Execution:	[38 out of 146] test cases in the current suite
Test Method:		[unitTests.tests_validations_assertions.assertElementAttribute_true_caseInsensitiveComparison_expectedToPass]
################################################################################################################################################
[ReportManager] Element Action [Type] successfully performed. With the following test data [AUTOMATION]. @15-11-2021 01:51:20.0864 AM
[ReportManager] Element Action [GetText] successfully performed. With the following test data [AUTOMATION]. @15-11-2021 01:51:20.0924 AM
[ReportManager] Loaded Shared OpenCV @15-11-2021 01:51:20.0993 AM
[ReportManager] Assertion [ValidateElementAttribute] PASSED. Expected [Value Should be 'AutomaTion' for the 'text' attribute, element locator 'By.name: q'] and Actual [AUTOMATION]. Comparison Type [CASE_INSENSITIVE]. Validation Type [POSITIVE]. @15-11-2021 01:51:21.0178 AM
[ReportManager] Successfully created attachment [Screenshot - 1636941080993_assertElementAttribute_true_caseInsensitiveComparison_expectedToPass_ValidateElementAttribute_passed] @15-11-2021 01:51:21.0181 A
[ReportManager] Browser Action [CloseCurrentWindow] successfully performed. @15-11-2021 01:51:21.0500 AM
[ReportManager] Successfully created attachment [Browser Action Test Data - CloseCurrentWindow - Actual Value] @15-11-2021 01:51:21.0501 A
[ReportManager] File Action [GetAbsolutePath] successfully performed. With the following test data [Relative Folder Path: "target/downloadedFiles/"]. @15-11-2021 01:51:21.0504 AM
[ReportManager] Attempting to run locally on: [Mac-64], [Safari], Headless Execution. @15-11-2021 01:51:21.0505 AM
[ReportManager] Successfully Opened Safari. @15-11-2021 01:51:22.0329 AM
[ReportManager] Initial window size: (800, 600) @15-11-2021 01:51:22.0364 AM
[ReportManager] Window size after SWD Maximize: (1176, 811) @15-11-2021 01:51:22.0427 AM
[ReportManager] Browser Action [MaximizeWindow] successfully performed. With the following test data [New screen size is now: (1176, 811)]. @15-11-2021 01:51:22.0428 AM
[ReportManager] Target URL: [https://www.google.com/ncr], and after redirection: [www.google.com] @15-11-2021 01:51:22.0428 AM
[ReportManager] Initial URL: [] @15-11-2021 01:51:22.0475 AM
[ReportManager] Browser Action [NavigateToURL] successfully performed. With the following test data [https://www.google.com/ncr]. @15-11-2021 01:51:24.0167 A

################################################################################################################################################
Starting Execution:	[39 out of 146] test cases in the current suite
Test Method:		[unitTests.tests_validations_assertions.assertElementAttribute_true_containsComparison_expectedToFail]
################################################################################################################################################
[ReportManager] Element Action [Type] successfully performed. With the following test data [Automation123]. @15-11-2021 01:51:24.0670 AM
[ReportManager] Element Action [GetText] successfully performed. With the following test data [Automation123]. @15-11-2021 01:51:24.0726 AM
[ReportManager] Loaded Shared OpenCV @15-11-2021 01:51:24.0796 AM
[ReportManager] Assertion [ValidateElementAttribute] FAILED. Expected [Value Should be 'Automation1234' for the 'text' attribute, element locator 'By.name: q'] and Actual [Automation123]. Comparison Type [CONTAINS]. Validation Type [POSITIVE]. @15-11-2021 01:51:24.0929 AM
[ReportManager] Successfully created attachment [Screenshot - 1636941084796_assertElementAttribute_true_containsComparison_expectedToFail_ValidateElementAttribute_failed] @15-11-2021 01:51:24.0932 A
[ReportManager] Browser Action [CloseCurrentWindow] successfully performed. @15-11-2021 01:51:25.0252 AM
[ReportManager] Successfully created attachment [Browser Action Test Data - CloseCurrentWindow - Actual Value] @15-11-2021 01:51:25.0254 A
[ReportManager] File Action [GetAbsolutePath] successfully performed. With the following test data [Relative Folder Path: "target/downloadedFiles/"]. @15-11-2021 01:51:25.0260 AM
[ReportManager] Attempting to run locally on: [Mac-64], [Safari], Headless Execution. @15-11-2021 01:51:25.0260 AM
[ReportManager] Successfully Opened Safari. @15-11-2021 01:51:26.0145 AM
[ReportManager] Initial window size: (800, 600) @15-11-2021 01:51:26.0172 AM
[ReportManager] Window size after SWD Maximize: (1176, 811) @15-11-2021 01:51:26.0193 AM
[ReportManager] Browser Action [MaximizeWindow] successfully performed. With the following test data [New screen size is now: (1176, 811)]. @15-11-2021 01:51:26.0194 AM
[ReportManager] Target URL: [https://www.google.com/ncr], and after redirection: [www.google.com] @15-11-2021 01:51:26.0195 AM
[ReportManager] Initial URL: [] @15-11-2021 01:51:26.0280 AM
[ReportManager] Browser Action [NavigateToURL] successfully performed. With the following test data [https://www.google.com/ncr]. @15-11-2021 01:51:27.0920 A

################################################################################################################################################
Starting Execution:	[40 out of 146] test cases in the current suite
Test Method:		[unitTests.tests_validations_assertions.assertElementAttribute_true_containsComparison_expectedToPass]
################################################################################################################################################
[ReportManager] Element Action [Type] successfully performed. With the following test data [Automation123]. @15-11-2021 01:51:28.0402 AM
[ReportManager] Element Action [GetText] successfully performed. With the following test data [Automation123]. @15-11-2021 01:51:28.0459 AM
[ReportManager] Loaded Shared OpenCV @15-11-2021 01:51:28.0533 AM
[ReportManager] Assertion [ValidateElementAttribute] PASSED. Expected [Value Should be 'Automation' for the 'text' attribute, element locator 'By.name: q'] and Actual [Automation123]. Comparison Type [CONTAINS]. Validation Type [POSITIVE]. @15-11-2021 01:51:28.0675 AM
[ReportManager] Successfully created attachment [Screenshot - 1636941088532_assertElementAttribute_true_containsComparison_expectedToPass_ValidateElementAttribute_passed] @15-11-2021 01:51:28.0677 A
[ReportManager] Browser Action [CloseCurrentWindow] successfully performed. @15-11-2021 01:51:28.0947 AM
[ReportManager] Successfully created attachment [Browser Action Test Data - CloseCurrentWindow - Actual Value] @15-11-2021 01:51:28.0948 A
[ReportManager] File Action [GetAbsolutePath] successfully performed. With the following test data [Relative Folder Path: "target/downloadedFiles/"]. @15-11-2021 01:51:28.0952 AM
[ReportManager] Attempting to run locally on: [Mac-64], [Safari], Headless Execution. @15-11-2021 01:51:28.0952 AM
[ReportManager] Successfully Opened Safari. @15-11-2021 01:51:29.0930 AM
[ReportManager] Initial window size: (800, 600) @15-11-2021 01:51:29.0939 AM
[ReportManager] Window size after SWD Maximize: (1176, 811) @15-11-2021 01:51:29.0969 AM
[ReportManager] Browser Action [MaximizeWindow] successfully performed. With the following test data [New screen size is now: (1176, 811)]. @15-11-2021 01:51:29.0970 AM
[ReportManager] Target URL: [https://www.google.com/ncr], and after redirection: [www.google.com] @15-11-2021 01:51:29.0970 AM
[ReportManager] Initial URL: [] @15-11-2021 01:51:30.0028 AM
[ReportManager] Browser Action [NavigateToURL] successfully performed. With the following test data [https://www.google.com/ncr]. @15-11-2021 01:51:31.0008 A

################################################################################################################################################
Starting Execution:	[41 out of 146] test cases in the current suite
Test Method:		[unitTests.tests_validations_assertions.assertElementAttribute_true_literalComparison_expectedToFail]
################################################################################################################################################
[ReportManager] Element Action [Type] successfully performed. With the following test data [Automation!@#$%^&*()_+{}[]\';/.,]. @15-11-2021 01:51:32.0297 AM
[ReportManager] Element Action [GetText] successfully performed. With the following test data [Automation!@#$%^&*()_+{}[]\';/.,]. @15-11-2021 01:51:32.0360 AM
[ReportManager] Loaded Shared OpenCV @15-11-2021 01:51:32.0432 AM
[ReportManager] Assertion [ValidateElementAttribute] FAILED. Expected [Value Should be 'Automation' for the 'text' attribute, element locator 'By.name: q'] and Actual [Automation!@#$%^&*()_+{}[]\';/.,]. Comparison Type [EQUALS]. Validation Type [POSITIVE]. @15-11-2021 01:51:32.0621 AM
[ReportManager] Successfully created attachment [Screenshot - 1636941092432_assertElementAttribute_true_literalComparison_expectedToFail_ValidateElementAttribute_failed] @15-11-2021 01:51:32.0623 A
[ReportManager] Browser Action [CloseCurrentWindow] successfully performed. @15-11-2021 01:51:33.0055 AM
[ReportManager] Successfully created attachment [Browser Action Test Data - CloseCurrentWindow - Actual Value] @15-11-2021 01:51:33.0056 A
[ReportManager] File Action [GetAbsolutePath] successfully performed. With the following test data [Relative Folder Path: "target/downloadedFiles/"]. @15-11-2021 01:51:33.0061 AM
[ReportManager] Attempting to run locally on: [Mac-64], [Safari], Headless Execution. @15-11-2021 01:51:33.0062 AM
[ReportManager] Successfully Opened Safari. @15-11-2021 01:51:33.0951 AM
[ReportManager] Initial window size: (800, 600) @15-11-2021 01:51:33.0966 AM
[ReportManager] Window size after SWD Maximize: (1176, 811) @15-11-2021 01:51:33.0991 AM
[ReportManager] Browser Action [MaximizeWindow] successfully performed. With the following test data [New screen size is now: (1176, 811)]. @15-11-2021 01:51:33.0992 AM
[ReportManager] Target URL: [https://www.google.com/ncr], and after redirection: [www.google.com] @15-11-2021 01:51:33.0992 AM
[ReportManager] Initial URL: [] @15-11-2021 01:51:34.0050 AM
[ReportManager] Browser Action [NavigateToURL] successfully performed. With the following test data [https://www.google.com/ncr]. @15-11-2021 01:51:34.0883 A

################################################################################################################################################
Starting Execution:	[42 out of 146] test cases in the current suite
Test Method:		[unitTests.tests_validations_assertions.assertElementAttribute_true_literalComparison_expectedToPass]
################################################################################################################################################
[ReportManager] Element Action [Type] successfully performed. With the following test data [Automation!@#$%^&*()_+{}[]\';/.,]. @15-11-2021 01:51:36.0141 AM
[ReportManager] Element Action [GetText] successfully performed. With the following test data [Automation!@#$%^&*()_+{}[]\';/.,]. @15-11-2021 01:51:36.0205 AM
[ReportManager] Loaded Shared OpenCV @15-11-2021 01:51:36.0279 AM
[ReportManager] Assertion [ValidateElementAttribute] PASSED. Expected [Value Should be 'Automation!@#$%^&*()_+{}[]\';/.,' for the 'text' attribute, element locator 'By.name: q'] and Actual [Automation!@#$%^&*()_+{}[]\';/.,]. Comparison Type [EQUALS]. Validation Type [POSITIVE]. @15-11-2021 01:51:36.0462 AM
[ReportManager] Successfully created attachment [Screenshot - 1636941096279_assertElementAttribute_true_literalComparison_expectedToPass_ValidateElementAttribute_passed] @15-11-2021 01:51:36.0464 A
[ReportManager] Browser Action [CloseCurrentWindow] successfully performed. @15-11-2021 01:51:36.0821 AM
[ReportManager] Successfully created attachment [Browser Action Test Data - CloseCurrentWindow - Actual Value] @15-11-2021 01:51:36.0822 A
[ReportManager] File Action [GetAbsolutePath] successfully performed. With the following test data [Relative Folder Path: "target/downloadedFiles/"]. @15-11-2021 01:51:36.0828 AM
[ReportManager] Attempting to run locally on: [Mac-64], [Safari], Headless Execution. @15-11-2021 01:51:36.0828 AM
[ReportManager] Successfully Opened Safari. @15-11-2021 01:51:37.0685 AM
[ReportManager] Initial window size: (800, 600) @15-11-2021 01:51:37.0696 AM
[ReportManager] Window size after SWD Maximize: (1176, 811) @15-11-2021 01:51:37.0720 AM
[ReportManager] Browser Action [MaximizeWindow] successfully performed. With the following test data [New screen size is now: (1176, 811)]. @15-11-2021 01:51:37.0720 AM
[ReportManager] Target URL: [https://www.google.com/ncr], and after redirection: [www.google.com] @15-11-2021 01:51:37.0720 AM
[ReportManager] Initial URL: [] @15-11-2021 01:51:37.0790 AM
[ReportManager] Browser Action [NavigateToURL] successfully performed. With the following test data [https://www.google.com/ncr]. @15-11-2021 01:51:38.0857 A

################################################################################################################################################
Starting Execution:	[43 out of 146] test cases in the current suite
Test Method:		[unitTests.tests_validations_assertions.assertElementAttribute_true_regexComparison_expectedToFail]
################################################################################################################################################
[ReportManager] Element Action [Type] successfully performed. With the following test data [Automation123]. @15-11-2021 01:51:39.0563 AM
[ReportManager] Element Action [GetText] successfully performed. With the following test data [Automation123]. @15-11-2021 01:51:39.0633 AM
[ReportManager] Loaded Shared OpenCV @15-11-2021 01:51:39.0711 AM
[ReportManager] Assertion [ValidateElementAttribute] FAILED. Expected [Value Should be 'Automation' for the 'text' attribute, element locator 'By.name: q'] and Actual [Automation123]. Comparison Type [MATCHES]. Validation Type [POSITIVE]. @15-11-2021 01:51:39.0902 AM
[ReportManager] Successfully created attachment [Screenshot - 1636941099711_assertElementAttribute_true_regexComparison_expectedToFail_ValidateElementAttribute_failed] @15-11-2021 01:51:39.0905 A
[ReportManager] Browser Action [CloseCurrentWindow] successfully performed. @15-11-2021 01:51:40.0078 AM
[ReportManager] Successfully created attachment [Browser Action Test Data - CloseCurrentWindow - Actual Value] @15-11-2021 01:51:40.0079 A
[ReportManager] File Action [GetAbsolutePath] successfully performed. With the following test data [Relative Folder Path: "target/downloadedFiles/"]. @15-11-2021 01:51:40.0083 AM
[ReportManager] Attempting to run locally on: [Mac-64], [Safari], Headless Execution. @15-11-2021 01:51:40.0083 AM
[ReportManager] Successfully Opened Safari. @15-11-2021 01:51:40.0914 AM
[ReportManager] Initial window size: (800, 600) @15-11-2021 01:51:40.0921 AM
[ReportManager] Window size after SWD Maximize: (1176, 811) @15-11-2021 01:51:40.0950 AM
[ReportManager] Browser Action [MaximizeWindow] successfully performed. With the following test data [New screen size is now: (1176, 811)]. @15-11-2021 01:51:40.0951 AM
[ReportManager] Target URL: [https://www.google.com/ncr], and after redirection: [www.google.com] @15-11-2021 01:51:40.0951 AM
[ReportManager] Initial URL: [] @15-11-2021 01:51:41.0038 AM
[ReportManager] Browser Action [NavigateToURL] successfully performed. With the following test data [https://www.google.com/ncr]. @15-11-2021 01:51:41.0868 A

################################################################################################################################################
Starting Execution:	[44 out of 146] test cases in the current suite
Test Method:		[unitTests.tests_validations_assertions.assertElementAttribute_true_regexComparison_expectedToPass]
################################################################################################################################################
[ReportManager] Element Action [Type] successfully performed. With the following test data [Automation123]. @15-11-2021 01:51:42.0538 AM
[ReportManager] Element Action [GetText] successfully performed. With the following test data [Automation123]. @15-11-2021 01:51:42.0593 AM
[ReportManager] Loaded Shared OpenCV @15-11-2021 01:51:42.0661 AM
[ReportManager] Assertion [ValidateElementAttribute] PASSED. Expected [Value Should be 'Automation.*' for the 'text' attribute, element locator 'By.name: q'] and Actual [Automation123]. Comparison Type [MATCHES]. Validation Type [POSITIVE]. @15-11-2021 01:51:42.0842 AM
[ReportManager] Successfully created attachment [Screenshot - 1636941102661_assertElementAttribute_true_regexComparison_expectedToPass_ValidateElementAttribute_passed] @15-11-2021 01:51:42.0844 A
[ReportManager] Browser Action [CloseCurrentWindow] successfully performed. @15-11-2021 01:51:43.0079 AM
[ReportManager] Successfully created attachment [Browser Action Test Data - CloseCurrentWindow - Actual Value] @15-11-2021 01:51:43.0080 A
[ReportManager] File Action [GetAbsolutePath] successfully performed. With the following test data [Relative Folder Path: "target/downloadedFiles/"]. @15-11-2021 01:51:43.0084 AM
[ReportManager] Attempting to run locally on: [Mac-64], [Safari], Headless Execution. @15-11-2021 01:51:43.0085 AM
[ReportManager] Successfully Opened Safari. @15-11-2021 01:51:43.0983 AM
[ReportManager] Initial window size: (800, 600) @15-11-2021 01:51:43.0999 AM
[ReportManager] Window size after SWD Maximize: (1176, 811) @15-11-2021 01:51:44.0028 AM
[ReportManager] Browser Action [MaximizeWindow] successfully performed. With the following test data [New screen size is now: (1176, 811)]. @15-11-2021 01:51:44.0028 AM
[ReportManager] Target URL: [https://www.google.com/ncr], and after redirection: [www.google.com] @15-11-2021 01:51:44.0028 AM
[ReportManager] Initial URL: [] @15-11-2021 01:51:44.0112 AM
[ReportManager] Browser Action [NavigateToURL] successfully performed. With the following test data [https://www.google.com/ncr]. @15-11-2021 01:51:45.0121 A

################################################################################################################################################
Starting Execution:	[45 out of 146] test cases in the current suite
Test Method:		[unitTests.tests_validations_assertions.assertElementAttribute_type_true_literalComparison_expectedToPass]
################################################################################################################################################
[ReportManager] Element Action [Type] successfully performed. With the following test data [Automation!@#$%^&*()_+{}[]\';/.,]. @15-11-2021 01:51:46.0312 AM
[ReportManager] Element Action [GetText] successfully performed. With the following test data [Automation!@#$%^&*()_+{}[]\';/.,]. @15-11-2021 01:51:46.0367 AM
[ReportManager] Loaded Shared OpenCV @15-11-2021 01:51:46.0444 AM
[ReportManager] Assertion [ValidateElementAttribute] PASSED. Expected [Value Should be 'Automation!@#$%^&*()_+{}[]\';/.,' for the 'text' attribute, element locator 'By.name: q'] and Actual [Automation!@#$%^&*()_+{}[]\';/.,]. Comparison Type [EQUALS]. Validation Type [POSITIVE]. @15-11-2021 01:51:46.0622 AM
[ReportManager] Successfully created attachment [Screenshot - 1636941106444_assertElementAttribute_type_true_literalComparison_expectedToPass_ValidateElementAttribute_passed] @15-11-2021 01:51:46.0624 A
[ReportManager] Browser Action [CloseCurrentWindow] successfully performed. @15-11-2021 01:51:46.0669 AM
[ReportManager] Successfully created attachment [Browser Action Test Data - CloseCurrentWindow - Actual Value] @15-11-2021 01:51:46.0670 A
[ReportManager] File Action [GetAbsolutePath] successfully performed. With the following test data [Relative Folder Path: "target/downloadedFiles/"]. @15-11-2021 01:51:46.0675 AM
[ReportManager] Attempting to run locally on: [Mac-64], [Safari], Headless Execution. @15-11-2021 01:51:46.0675 AM
[ReportManager] Successfully Opened Safari. @15-11-2021 01:51:47.0481 AM
[ReportManager] Initial window size: (800, 600) @15-11-2021 01:51:47.0503 AM
[ReportManager] Window size after SWD Maximize: (1176, 811) @15-11-2021 01:51:47.0519 AM
[ReportManager] Browser Action [MaximizeWindow] successfully performed. With the following test data [New screen size is now: (1176, 811)]. @15-11-2021 01:51:47.0520 AM
[ReportManager] Target URL: [https://www.google.com/ncr], and after redirection: [www.google.com] @15-11-2021 01:51:47.0520 AM
[ReportManager] Initial URL: [] @15-11-2021 01:51:47.0605 AM
[ReportManager] Browser Action [NavigateToURL] successfully performed. With the following test data [https://www.google.com/ncr]. @15-11-2021 01:51:48.0984 A

################################################################################################################################################
Starting Execution:	[46 out of 146] test cases in the current suite
Test Method:		[unitTests.tests_validations_assertions.assertElementExists_false_expectedToFail]
################################################################################################################################################
[ReportManager] Loaded Shared OpenCV @15-11-2021 01:51:49.0079 AM
[ReportManager] Assertion [ValidateElementExists] FAILED. Expected [Element Should not Exist, locator 'By.id: hplogo'] and Actual [Element Exists]. Comparison Type [EQUALS]. Validation Type [NEGATIVE]. @15-11-2021 01:51:49.0197 AM
[ReportManager] Successfully created attachment [Screenshot - 1636941109078_assertElementExists_false_expectedToFail_ValidateElementExists_failed] @15-11-2021 01:51:49.0199 A
[ReportManager] Browser Action [CloseCurrentWindow] successfully performed. @15-11-2021 01:51:49.0375 AM
[ReportManager] Successfully created attachment [Browser Action Test Data - CloseCurrentWindow - Actual Value] @15-11-2021 01:51:49.0376 A
[ReportManager] File Action [GetAbsolutePath] successfully performed. With the following test data [Relative Folder Path: "target/downloadedFiles/"]. @15-11-2021 01:51:49.0380 AM
[ReportManager] Attempting to run locally on: [Mac-64], [Safari], Headless Execution. @15-11-2021 01:51:49.0381 AM
[ReportManager] Successfully Opened Safari. @15-11-2021 01:51:50.0206 AM
[ReportManager] Initial window size: (800, 600) @15-11-2021 01:51:50.0219 AM
[ReportManager] Window size after SWD Maximize: (1176, 811) @15-11-2021 01:51:50.0256 AM
[ReportManager] Browser Action [MaximizeWindow] successfully performed. With the following test data [New screen size is now: (1176, 811)]. @15-11-2021 01:51:50.0256 AM
[ReportManager] Target URL: [https://www.google.com/ncr], and after redirection: [www.google.com] @15-11-2021 01:51:50.0256 AM
[ReportManager] Initial URL: [] @15-11-2021 01:51:50.0316 AM
[ReportManager] Browser Action [NavigateToURL] successfully performed. With the following test data [https://www.google.com/ncr]. @15-11-2021 01:51:51.0728 A

################################################################################################################################################
Starting Execution:	[47 out of 146] test cases in the current suite
Test Method:		[unitTests.tests_validations_assertions.assertElementExists_false_expectedToPass]
###############################################################################################################################################
[ReportManager] Browser Action [CloseCurrentWindow] successfully performed. @15-11-2021 01:51:51.0990 AM
[ReportManager] Successfully created attachment [Browser Action Test Data - CloseCurrentWindow - Actual Value] @15-11-2021 01:51:51.0991 A
[ReportManager] File Action [GetAbsolutePath] successfully performed. With the following test data [Relative Folder Path: "target/downloadedFiles/"]. @15-11-2021 01:51:51.0996 AM
[ReportManager] Attempting to run locally on: [Mac-64], [Safari], Headless Execution. @15-11-2021 01:51:51.0997 AM
[ReportManager] Successfully Opened Safari. @15-11-2021 01:51:52.0944 AM
[ReportManager] Initial window size: (800, 600) @15-11-2021 01:51:52.0975 AM
[ReportManager] Window size after SWD Maximize: (1176, 811) @15-11-2021 01:51:52.0997 AM
[ReportManager] Browser Action [MaximizeWindow] successfully performed. With the following test data [New screen size is now: (1176, 811)]. @15-11-2021 01:51:52.0997 AM
[ReportManager] Target URL: [https://www.google.com/ncr], and after redirection: [www.google.com] @15-11-2021 01:51:52.0997 AM
[ReportManager] Initial URL: [] @15-11-2021 01:51:53.0111 AM
[ReportManager] Browser Action [NavigateToURL] successfully performed. With the following test data [https://www.google.com/ncr]. @15-11-2021 01:51:54.0634 A

################################################################################################################################################
Starting Execution:	[48 out of 146] test cases in the current suite
Test Method:		[unitTests.tests_validations_assertions.assertElementExists_false_multipleElementsFound_expectedToFail]
################################################################################################################################################
[ReportManager] Loaded Shared OpenCV @15-11-2021 01:51:54.0752 AM
[ReportManager] Assertion [ValidateElementExists] FAILED. Expected [Element Should not Exist, locator 'By.xpath: //div'] and Actual [Element Exists but is not unique]. Comparison Type [EQUALS]. Validation Type [NEGATIVE]. @15-11-2021 01:51:54.0956 AM
[ReportManager] Successfully created attachment [Screenshot - 1636941114751_assertElementExists_false_multipleElementsFound_expectedToFail_ValidateElementExists_failed] @15-11-2021 01:51:54.0958 A
[ReportManager] Browser Action [CloseCurrentWindow] successfully performed. @15-11-2021 01:51:55.0204 AM
[ReportManager] Successfully created attachment [Browser Action Test Data - CloseCurrentWindow - Actual Value] @15-11-2021 01:51:55.0205 A
[ReportManager] File Action [GetAbsolutePath] successfully performed. With the following test data [Relative Folder Path: "target/downloadedFiles/"]. @15-11-2021 01:51:55.0208 AM
[ReportManager] Attempting to run locally on: [Mac-64], [Safari], Headless Execution. @15-11-2021 01:51:55.0209 AM
[ReportManager] Successfully Opened Safari. @15-11-2021 01:51:56.0058 AM
[ReportManager] Initial window size: (800, 600) @15-11-2021 01:51:56.0063 AM
[ReportManager] Window size after SWD Maximize: (1176, 811) @15-11-2021 01:51:56.0092 AM
[ReportManager] Browser Action [MaximizeWindow] successfully performed. With the following test data [New screen size is now: (1176, 811)]. @15-11-2021 01:51:56.0092 AM
[ReportManager] Target URL: [https://www.google.com/ncr], and after redirection: [www.google.com] @15-11-2021 01:51:56.0092 AM
[ReportManager] Initial URL: [] @15-11-2021 01:51:56.0132 AM
[ReportManager] Browser Action [NavigateToURL] successfully performed. With the following test data [https://www.google.com/ncr]. @15-11-2021 01:51:57.0717 A

################################################################################################################################################
Starting Execution:	[49 out of 146] test cases in the current suite
Test Method:		[unitTests.tests_validations_assertions.assertElementExists_true_expectedToFail]
###############################################################################################################################################
[ReportManager] Browser Action [CloseCurrentWindow] successfully performed. @15-11-2021 01:51:58.0040 AM
[ReportManager] Successfully created attachment [Browser Action Test Data - CloseCurrentWindow - Actual Value] @15-11-2021 01:51:58.0041 A
[ReportManager] File Action [GetAbsolutePath] successfully performed. With the following test data [Relative Folder Path: "target/downloadedFiles/"]. @15-11-2021 01:51:58.0044 AM
[ReportManager] Attempting to run locally on: [Mac-64], [Safari], Headless Execution. @15-11-2021 01:51:58.0044 AM
[ReportManager] Successfully Opened Safari. @15-11-2021 01:51:58.0922 AM
[ReportManager] Initial window size: (800, 600) @15-11-2021 01:51:58.0928 AM
[ReportManager] Window size after SWD Maximize: (1176, 811) @15-11-2021 01:51:58.0949 AM
[ReportManager] Browser Action [MaximizeWindow] successfully performed. With the following test data [New screen size is now: (1176, 811)]. @15-11-2021 01:51:58.0949 AM
[ReportManager] Target URL: [https://www.google.com/ncr], and after redirection: [www.google.com] @15-11-2021 01:51:58.0949 AM
[ReportManager] Initial URL: [] @15-11-2021 01:51:59.0038 AM
[ReportManager] Browser Action [NavigateToURL] successfully performed. With the following test data [https://www.google.com/ncr]. @15-11-2021 01:52:00.0555 A

################################################################################################################################################
Starting Execution:	[50 out of 146] test cases in the current suite
Test Method:		[unitTests.tests_validations_assertions.assertElementExists_true_expectedToPass]
################################################################################################################################################
[ReportManager] Loaded Shared OpenCV @15-11-2021 01:52:00.0663 AM
[ReportManager] Assertion [ValidateElementExists] PASSED. Expected [Element Should Exist, locator 'By.xpath: //*[@id='hplogo' or @alt='Google']'] and Actual [Element Exists]. Comparison Type [EQUALS]. Validation Type [POSITIVE]. @15-11-2021 01:52:00.0811 AM
[ReportManager] Successfully created attachment [Screenshot - 1636941120662_assertElementExists_true_expectedToPass_ValidateElementExists_passed] @15-11-2021 01:52:00.0814 A
[ReportManager] Browser Action [CloseCurrentWindow] successfully performed. @15-11-2021 01:52:01.0074 AM
[ReportManager] Successfully created attachment [Browser Action Test Data - CloseCurrentWindow - Actual Value] @15-11-2021 01:52:01.0075 A
[ReportManager] File Action [GetAbsolutePath] successfully performed. With the following test data [Relative Folder Path: "target/downloadedFiles/"]. @15-11-2021 01:52:01.0080 AM
[ReportManager] Attempting to run locally on: [Mac-64], [Safari], Headless Execution. @15-11-2021 01:52:01.0080 AM
[ReportManager] Successfully Opened Safari. @15-11-2021 01:52:01.0994 AM
[ReportManager] Initial window size: (800, 600) @15-11-2021 01:52:02.0029 AM
[ReportManager] Window size after SWD Maximize: (1176, 811) @15-11-2021 01:52:02.0057 AM
[ReportManager] Browser Action [MaximizeWindow] successfully performed. With the following test data [New screen size is now: (1176, 811)]. @15-11-2021 01:52:02.0057 AM
[ReportManager] Target URL: [https://www.google.com/ncr], and after redirection: [www.google.com] @15-11-2021 01:52:02.0057 AM
[ReportManager] Initial URL: [] @15-11-2021 01:52:02.0129 AM
[ReportManager] Browser Action [NavigateToURL] successfully performed. With the following test data [https://www.google.com/ncr]. @15-11-2021 01:52:03.0075 A

################################################################################################################################################
Starting Execution:	[51 out of 146] test cases in the current suite
Test Method:		[unitTests.tests_validations_assertions.assertElementExists_true_multipleElementsFound_expectedToFail]
################################################################################################################################################
[ReportManager] Loaded Shared OpenCV @15-11-2021 01:52:03.0232 AM
[ReportManager] Assertion [ValidateElementExists] FAILED. Expected [Element Should Exist, locator 'By.xpath: //div'] and Actual [Element Exists but is not unique]. Comparison Type [EQUALS]. Validation Type [POSITIVE]. @15-11-2021 01:52:03.0426 AM
[ReportManager] Successfully created attachment [Screenshot - 1636941123232_assertElementExists_true_multipleElementsFound_expectedToFail_ValidateElementExists_failed] @15-11-2021 01:52:03.0430 A
[ReportManager] Browser Action [CloseCurrentWindow] successfully performed. @15-11-2021 01:52:03.0773 AM
[ReportManager] Successfully created attachment [Browser Action Test Data - CloseCurrentWindow - Actual Value] @15-11-2021 01:52:03.0774 A

################################################################################################################################################
Starting Execution:	[52 out of 146] test cases in the current suite
Test Method:		[unitTests.tests_validations_assertions.assertEquals_false_expectedToFail]
################################################################################################################################################
[ReportManager] Assertion [ValidateEquals] FAILED. Expected [1] and Actual [1]. Comparison Type [EQUALS]. Validation Type [NEGATIVE]. @15-11-2021 01:52:03.0781 A

################################################################################################################################################
Starting Execution:	[53 out of 146] test cases in the current suite
Test Method:		[unitTests.tests_validations_assertions.assertEquals_false_expectedToPass]
################################################################################################################################################
[ReportManager] Assertion [ValidateEquals] PASSED. Expected [1] and Actual [2]. Comparison Type [EQUALS]. Validation Type [NEGATIVE]. @15-11-2021 01:52:03.0786 A

################################################################################################################################################
Starting Execution:	[54 out of 146] test cases in the current suite
Test Method:		[unitTests.tests_validations_assertions.assertEquals_longCharacters]
################################################################################################################################################
[ReportManager] Verification [ValidateEquals] PASSED. Expected and Actual values are attached. Comparison Type [EQUALS]. Validation Type [POSITIVE]. @15-11-2021 01:52:03.0800 AM
[ReportManager] Successfully created attachment [Validation Test Data - Expected Value] @15-11-2021 01:52:03.0801 AM
[ReportManager] Successfully created attachment [Validation Test Data - Actual Value] @15-11-2021 01:52:03.0801 AM
[ReportManager] Assertion [ValidateEquals] PASSED. Expected and Actual values are attached. Comparison Type [EQUALS]. Validation Type [POSITIVE]. @15-11-2021 01:52:03.0801 AM
[ReportManager] Successfully created attachment [Validation Test Data - Expected Value] @15-11-2021 01:52:03.0802 AM
[ReportManager] Successfully created attachment [Validation Test Data - Actual Value] @15-11-2021 01:52:03.0802 A

################################################################################################################################################
Starting Execution:	[55 out of 146] test cases in the current suite
Test Method:		[unitTests.tests_validations_assertions.assertEquals_longCharacters_Discreet]
################################################################################################################################################
[ReportManager] Assertion [ValidateEquals] PASSED. Expected [1LH5pROcDBjjQk0t0mCr0lXuzQu9lcGj28kY8R1H81X67eVAQJgWQhILiRWVPUgZ6uCtK5cnBkF55Jr9vYngjGO1Iyf0Mktv6lruDlL9T8MAUPcUZJGHZtji6nIeadujDSNmWMj5d6C8zlFqw0CRqBU0hO5adIasHgBSNoLotAjce3NGXoDwAlp3rYreeV16VIyZXROQY] and Actual [1LH5pROcDBjjQk0t0mCr0lXuzQu9lcGj28kY8R1H81X67eVAQJgWQhILiRWVPUgZ6uCtK5cnBkF55Jr9vYngjGO1Iyf0Mktv6lruDlL9T8MAUPcUZJGHZtji6nIeadujDSNmWMj5d6C8zlFqw0CRqBU0hO5adIasHgBSNoLotAjce3NGXoDwAlp3rYreeV16VIyZXROQY]. Comparison Type [EQUALS]. Validation Type [POSITIVE]. @15-11-2021 01:52:03.0809 A

################################################################################################################################################
Starting Execution:	[56 out of 146] test cases in the current suite
Test Method:		[unitTests.tests_validations_assertions.assertEquals_true_expectedToFail]
################################################################################################################################################
[ReportManager] Assertion [ValidateEquals] FAILED. Expected [1] and Actual [2]. Comparison Type [EQUALS]. Validation Type [POSITIVE]. @15-11-2021 01:52:03.0817 A

################################################################################################################################################
Starting Execution:	[57 out of 146] test cases in the current suite
Test Method:		[unitTests.tests_validations_assertions.assertEquals_true_expectedToPass]
Test Description:	[Assert that assertEquals works as expected when the two values are equal.]
################################################################################################################################################
[ReportManager] Verification [ValidateEquals] PASSED. Expected [1] and Actual [1]. Comparison Type [EQUALS]. Validation Type [POSITIVE]. @15-11-2021 01:52:03.0841 AM
[ReportManager] Assertion [ValidateEquals] PASSED. Expected [1] and Actual [1]. Comparison Type [EQUALS]. Validation Type [POSITIVE]. @15-11-2021 01:52:03.0841 A

################################################################################################################################################
Starting Execution:	[58 out of 146] test cases in the current suite
Test Method:		[unitTests.tests_validations_assertions.assertEquals_true_expectedToPass__]
################################################################################################################################################
[ReportManager] Assertion [ValidateEquals] PASSED. Expected [1] and Actual [1]. Comparison Type [EQUALS]. Validation Type [POSITIVE]. @15-11-2021 01:52:03.0857 A

################################################################################################################################################
Starting Execution:	[59 out of 146] test cases in the current suite
Test Method:		[unitTests.tests_validations_assertions.assertFileExists_false_expectedToFail]
################################################################################################################################################
[ReportManager] File Action [DoesFileExist] successfully performed. With the following test data [File Path: "src/main/java/com/shaft/gui/element/ElementActions.java"]. @15-11-2021 01:52:03.0866 AM
[ReportManager] Assertion [ValidateFileExists] FAILED. Expected [File 'src/main/java/com/shaft/gui/element/ElementActions.java' should not exist, after up to '1' retries] and Actual [File exists]. Validation Type [NEGATIVE]. @15-11-2021 01:52:03.0884 A

################################################################################################################################################
Starting Execution:	[60 out of 146] test cases in the current suite
Test Method:		[unitTests.tests_validations_assertions.assertFileExists_false_expectedToPass]
################################################################################################################################################
[ReportManager] File Action [DoesFileExist] successfully performed. With the following test data [File Path: "src/main/java/com/shaft/gui/element/ElementActions.java_fail"]. @15-11-2021 01:52:04.0401 AM
[ReportManager] Assertion [ValidateFileExists] PASSED. Expected [File 'src/main/java/com/shaft/gui/element/ElementActions.java_fail' should not exist, after up to '1' retries] and Actual [File does not exist]. Validation Type [NEGATIVE]. @15-11-2021 01:52:04.0401 A

################################################################################################################################################
Starting Execution:	[61 out of 146] test cases in the current suite
Test Method:		[unitTests.tests_validations_assertions.assertFileExists_true_expectedToFail]
################################################################################################################################################
[ReportManager] File Action [DoesFileExist] successfully performed. With the following test data [File Path: "src/main/java/com/shaft/gui/element/ElementActions.java_fail"]. @15-11-2021 01:52:04.0921 AM
[ReportManager] Assertion [ValidateFileExists] FAILED. Expected [File 'src/main/java/com/shaft/gui/element/ElementActions.java_fail' should exist, after up to '1' retries] and Actual [File does not exist]. Validation Type [POSITIVE]. @15-11-2021 01:52:04.0921 A

################################################################################################################################################
Starting Execution:	[62 out of 146] test cases in the current suite
Test Method:		[unitTests.tests_validations_assertions.assertFileExists_true_expectedToPass]
################################################################################################################################################
[ReportManager] File Action [DoesFileExist] successfully performed. With the following test data [File Path: "src/main/java/com/shaft/gui/element/ElementActions.java"]. @15-11-2021 01:52:04.0927 AM
[ReportManager] Assertion [ValidateFileExists] PASSED. Expected [File 'src/main/java/com/shaft/gui/element/ElementActions.java' should exist, after up to '1' retries] and Actual [File exists]. Validation Type [POSITIVE]. @15-11-2021 01:52:04.0927 A

################################################################################################################################################
Starting Execution:	[63 out of 146] test cases in the current suite
Test Method:		[unitTests.tests_validations_assertions.assertNull_false_expectedToFail]
################################################################################################################################################
[ReportManager] Assertion [ValidateNull] FAILED. Expected [NULL] and Actual [NULL]. Comparison Type [EQUALS]. Validation Type [NEGATIVE]. @15-11-2021 01:52:04.0933 A

################################################################################################################################################
Starting Execution:	[64 out of 146] test cases in the current suite
Test Method:		[unitTests.tests_validations_assertions.assertNull_false_expectedToPass]
################################################################################################################################################
[ReportManager] Assertion [ValidateNull] PASSED. Expected [NULL] and Actual [1]. Comparison Type [EQUALS]. Validation Type [NEGATIVE]. @15-11-2021 01:52:04.0939 A

################################################################################################################################################
Starting Execution:	[65 out of 146] test cases in the current suite
Test Method:		[unitTests.tests_validations_assertions.assertNull_true_expectedToFail]
################################################################################################################################################
[ReportManager] Assertion [ValidateNull] FAILED. Expected [NULL] and Actual [1]. Comparison Type [EQUALS]. Validation Type [POSITIVE]. @15-11-2021 01:52:04.0948 A

################################################################################################################################################
Starting Execution:	[66 out of 146] test cases in the current suite
Test Method:		[unitTests.tests_validations_assertions.assertNull_true_expectedToPass]
################################################################################################################################################
[ReportManager] Assertion [ValidateNull] PASSED. Expected [NULL] and Actual [NULL]. Comparison Type [EQUALS]. Validation Type [POSITIVE]. @15-11-2021 01:52:04.0953 A

################################################################################################################################################
Starting Execution:	[67 out of 146] test cases in the current suite
Test Method:		[unitTests.tests_restActions.getPostsAndAssertBodyForSpecificTitle]
################################################################################################################################################
[ReportManager] Response status code: [200], status line: [HTTP/1.1 200 OK] @15-11-2021 01:52:07.0890 AM
[ReportManager] Assertion Passed: Evaluating the actual response status code against the expected one... @15-11-2021 01:52:07.0896 AM
[ReportManager] Assertion [ValidateComparativeRelation] PASSED. Expected [200] and Actual [200]. Comparison Type [EQUALS]. Validation Type [POSITIVE]. @15-11-2021 01:52:07.0896 AM
[ReportManager] API Action [PerformRequest] successfully performed. With the following test data [Request Type: "GET" | Target Status Code: "200" | Service URL: "https://jsonplaceholder.typicode.com/posts" | Content Type: "*/*" | Response Time: "684ms"]. @15-11-2021 01:52:09.0062 AM
[ReportManager] Successfully created attachment [API Request - Specifications] @15-11-2021 01:52:09.0064 AM
[ReportManager] Successfully created attachment [API Response - JSON Body] @15-11-2021 01:52:09.0437 AM
[ReportManager] API Action [GetResponseJSONValueAsList] successfully performed. @15-11-2021 01:52:09.0471 AM
[ReportManager] API Action [GetResponseJSONValue] successfully performed. With the following test data [title]. @15-11-2021 01:52:09.0500 AM
[ReportManager] API Action [GetResponseJSONValue] successfully performed. With the following test data [title]. @15-11-2021 01:52:09.0521 AM
[ReportManager] API Action [GetResponseJSONValue] successfully performed. With the following test data [body]. @15-11-2021 01:52:09.0537 AM
[ReportManager] Assertion [ValidateEquals] PASSED. Expected [qui neque nisi nulla] and Actual [est rerum tempore vitae
sequi sint nihil reprehenderit dolor beatae ea dolores neque
fugiat blanditiis voluptate porro vel nihil molestiae ut reiciendis
qui aperiam non debitis possimus qui neque nisi nulla]. Comparison Type [CONTAINS]. Validation Type [POSITIVE]. @15-11-2021 01:52:09.0538 AM
[ReportManager] API Action [GetResponseJSONValue] successfully performed. With the following test data [title]. @15-11-2021 01:52:09.0555 AM
[ReportManager] API Action [GetResponseJSONValue] successfully performed. With the following test data [title]. @15-11-2021 01:52:09.0570 AM
[ReportManager] API Action [GetResponseJSONValue] successfully performed. With the following test data [title]. @15-11-2021 01:52:09.0587 AM
[ReportManager] API Action [GetResponseJSONValue] successfully performed. With the following test data [title]. @15-11-2021 01:52:09.0606 AM
[ReportManager] API Action [GetResponseJSONValue] successfully performed. With the following test data [title]. @15-11-2021 01:52:09.0626 AM
[ReportManager] API Action [GetResponseJSONValue] successfully performed. With the following test data [title]. @15-11-2021 01:52:09.0646 AM
[ReportManager] API Action [GetResponseJSONValue] successfully performed. With the following test data [title]. @15-11-2021 01:52:09.0664 AM
[ReportManager] API Action [GetResponseJSONValue] successfully performed. With the following test data [title]. @15-11-2021 01:52:09.0682 AM
[ReportManager] API Action [GetResponseJSONValue] successfully performed. With the following test data [title]. @15-11-2021 01:52:09.0698 AM
[ReportManager] API Action [GetResponseJSONValue] successfully performed. With the following test data [title]. @15-11-2021 01:52:09.0716 AM
[ReportManager] API Action [GetResponseJSONValue] successfully performed. With the following test data [title]. @15-11-2021 01:52:09.0736 AM
[ReportManager] API Action [GetResponseJSONValue] successfully performed. With the following test data [title]. @15-11-2021 01:52:09.0753 AM
[ReportManager] API Action [GetResponseJSONValue] successfully performed. With the following test data [title]. @15-11-2021 01:52:09.0767 AM
[ReportManager] API Action [GetResponseJSONValue] successfully performed. With the following test data [title]. @15-11-2021 01:52:09.0780 AM
[ReportManager] API Action [GetResponseJSONValue] successfully performed. With the following test data [title]. @15-11-2021 01:52:09.0794 AM
[ReportManager] API Action [GetResponseJSONValue] successfully performed. With the following test data [title]. @15-11-2021 01:52:09.0806 AM
[ReportManager] API Action [GetResponseJSONValue] successfully performed. With the following test data [title]. @15-11-2021 01:52:09.0821 AM
[ReportManager] API Action [GetResponseJSONValue] successfully performed. With the following test data [title]. @15-11-2021 01:52:09.0835 AM
[ReportManager] API Action [GetResponseJSONValue] successfully performed. With the following test data [title]. @15-11-2021 01:52:09.0850 AM
[ReportManager] API Action [GetResponseJSONValue] successfully performed. With the following test data [title]. @15-11-2021 01:52:09.0864 AM
[ReportManager] API Action [GetResponseJSONValue] successfully performed. With the following test data [title]. @15-11-2021 01:52:09.0877 AM
[ReportManager] API Action [GetResponseJSONValue] successfully performed. With the following test data [title]. @15-11-2021 01:52:09.0891 AM
[ReportManager] API Action [GetResponseJSONValue] successfully performed. With the following test data [title]. @15-11-2021 01:52:09.0905 AM
[ReportManager] API Action [GetResponseJSONValue] successfully performed. With the following test data [title]. @15-11-2021 01:52:09.0919 AM
[ReportManager] API Action [GetResponseJSONValue] successfully performed. With the following test data [title]. @15-11-2021 01:52:09.0935 AM
[ReportManager] API Action [GetResponseJSONValue] successfully performed. With the following test data [title]. @15-11-2021 01:52:09.0951 AM
[ReportManager] API Action [GetResponseJSONValue] successfully performed. With the following test data [title]. @15-11-2021 01:52:09.0967 AM
[ReportManager] API Action [GetResponseJSONValue] successfully performed. With the following test data [title]. @15-11-2021 01:52:09.0985 AM
[ReportManager] API Action [GetResponseJSONValue] successfully performed. With the following test data [title]. @15-11-2021 01:52:10.0000 AM
[ReportManager] API Action [GetResponseJSONValue] successfully performed. With the following test data [title]. @15-11-2021 01:52:10.0013 AM
[ReportManager] API Action [GetResponseJSONValue] successfully performed. With the following test data [title]. @15-11-2021 01:52:10.0028 AM
[ReportManager] API Action [GetResponseJSONValue] successfully performed. With the following test data [title]. @15-11-2021 01:52:10.0043 AM
[ReportManager] API Action [GetResponseJSONValue] successfully performed. With the following test data [title]. @15-11-2021 01:52:10.0058 AM
[ReportManager] API Action [GetResponseJSONValue] successfully performed. With the following test data [title]. @15-11-2021 01:52:10.0071 AM
[ReportManager] API Action [GetResponseJSONValue] successfully performed. With the following test data [title]. @15-11-2021 01:52:10.0086 AM
[ReportManager] API Action [GetResponseJSONValue] successfully performed. With the following test data [title]. @15-11-2021 01:52:10.0104 AM
[ReportManager] API Action [GetResponseJSONValue] successfully performed. With the following test data [title]. @15-11-2021 01:52:10.0121 AM
[ReportManager] API Action [GetResponseJSONValue] successfully performed. With the following test data [title]. @15-11-2021 01:52:10.0138 AM
[ReportManager] API Action [GetResponseJSONValue] successfully performed. With the following test data [title]. @15-11-2021 01:52:10.0154 AM
[ReportManager] API Action [GetResponseJSONValue] successfully performed. With the following test data [title]. @15-11-2021 01:52:10.0166 AM
[ReportManager] API Action [GetResponseJSONValue] successfully performed. With the following test data [title]. @15-11-2021 01:52:10.0177 AM
[ReportManager] API Action [GetResponseJSONValue] successfully performed. With the following test data [title]. @15-11-2021 01:52:10.0189 AM
[ReportManager] API Action [GetResponseJSONValue] successfully performed. With the following test data [title]. @15-11-2021 01:52:10.0201 AM
[ReportManager] API Action [GetResponseJSONValue] successfully performed. With the following test data [title]. @15-11-2021 01:52:10.0213 AM
[ReportManager] API Action [GetResponseJSONValue] successfully performed. With the following test data [title]. @15-11-2021 01:52:10.0227 AM
[ReportManager] API Action [GetResponseJSONValue] successfully performed. With the following test data [title]. @15-11-2021 01:52:10.0240 AM
[ReportManager] API Action [GetResponseJSONValue] successfully performed. With the following test data [title]. @15-11-2021 01:52:10.0258 AM
[ReportManager] API Action [GetResponseJSONValue] successfully performed. With the following test data [title]. @15-11-2021 01:52:10.0277 AM
[ReportManager] API Action [GetResponseJSONValue] successfully performed. With the following test data [title]. @15-11-2021 01:52:10.0291 AM
[ReportManager] API Action [GetResponseJSONValue] successfully performed. With the following test data [title]. @15-11-2021 01:52:10.0308 AM
[ReportManager] API Action [GetResponseJSONValue] successfully performed. With the following test data [title]. @15-11-2021 01:52:10.0323 AM
[ReportManager] API Action [GetResponseJSONValue] successfully performed. With the following test data [title]. @15-11-2021 01:52:10.0338 AM
[ReportManager] API Action [GetResponseJSONValue] successfully performed. With the following test data [title]. @15-11-2021 01:52:10.0353 AM
[ReportManager] API Action [GetResponseJSONValue] successfully performed. With the following test data [title]. @15-11-2021 01:52:10.0369 AM
[ReportManager] API Action [GetResponseJSONValue] successfully performed. With the following test data [title]. @15-11-2021 01:52:10.0383 AM
[ReportManager] API Action [GetResponseJSONValue] successfully performed. With the following test data [title]. @15-11-2021 01:52:10.0411 AM
[ReportManager] API Action [GetResponseJSONValue] successfully performed. With the following test data [title]. @15-11-2021 01:52:10.0424 AM
[ReportManager] API Action [GetResponseJSONValue] successfully performed. With the following test data [title]. @15-11-2021 01:52:10.0436 AM
[ReportManager] API Action [GetResponseJSONValue] successfully performed. With the following test data [title]. @15-11-2021 01:52:10.0448 AM
[ReportManager] API Action [GetResponseJSONValue] successfully performed. With the following test data [title]. @15-11-2021 01:52:10.0482 AM
[ReportManager] API Action [GetResponseJSONValue] successfully performed. With the following test data [title]. @15-11-2021 01:52:10.0495 AM
[ReportManager] API Action [GetResponseJSONValue] successfully performed. With the following test data [title]. @15-11-2021 01:52:10.0508 AM
[ReportManager] API Action [GetResponseJSONValue] successfully performed. With the following test data [title]. @15-11-2021 01:52:10.0520 AM
[ReportManager] API Action [GetResponseJSONValue] successfully performed. With the following test data [title]. @15-11-2021 01:52:10.0532 AM
[ReportManager] API Action [GetResponseJSONValue] successfully performed. With the following test data [title]. @15-11-2021 01:52:10.0544 AM
[ReportManager] API Action [GetResponseJSONValue] successfully performed. With the following test data [title]. @15-11-2021 01:52:10.0556 AM
[ReportManager] API Action [GetResponseJSONValue] successfully performed. With the following test data [title]. @15-11-2021 01:52:10.0568 AM
[ReportManager] API Action [GetResponseJSONValue] successfully performed. With the following test data [title]. @15-11-2021 01:52:10.0580 AM
[ReportManager] API Action [GetResponseJSONValue] successfully performed. With the following test data [title]. @15-11-2021 01:52:10.0593 AM
[ReportManager] API Action [GetResponseJSONValue] successfully performed. With the following test data [title]. @15-11-2021 01:52:10.0605 AM
[ReportManager] API Action [GetResponseJSONValue] successfully performed. With the following test data [title]. @15-11-2021 01:52:10.0618 AM
[ReportManager] API Action [GetResponseJSONValue] successfully performed. With the following test data [title]. @15-11-2021 01:52:10.0633 AM
[ReportManager] API Action [GetResponseJSONValue] successfully performed. With the following test data [title]. @15-11-2021 01:52:10.0647 AM
[ReportManager] API Action [GetResponseJSONValue] successfully performed. With the following test data [title]. @15-11-2021 01:52:10.0658 AM
[ReportManager] API Action [GetResponseJSONValue] successfully performed. With the following test data [title]. @15-11-2021 01:52:10.0670 AM
[ReportManager] API Action [GetResponseJSONValue] successfully performed. With the following test data [title]. @15-11-2021 01:52:10.0684 AM
[ReportManager] API Action [GetResponseJSONValue] successfully performed. With the following test data [title]. @15-11-2021 01:52:10.0698 AM
[ReportManager] API Action [GetResponseJSONValue] successfully performed. With the following test data [title]. @15-11-2021 01:52:10.0710 AM
[ReportManager] API Action [GetResponseJSONValue] successfully performed. With the following test data [title]. @15-11-2021 01:52:10.0721 AM
[ReportManager] API Action [GetResponseJSONValue] successfully performed. With the following test data [title]. @15-11-2021 01:52:10.0731 AM
[ReportManager] API Action [GetResponseJSONValue] successfully performed. With the following test data [title]. @15-11-2021 01:52:10.0743 AM
[ReportManager] API Action [GetResponseJSONValue] successfully performed. With the following test data [title]. @15-11-2021 01:52:10.0754 AM
[ReportManager] API Action [GetResponseJSONValue] successfully performed. With the following test data [title]. @15-11-2021 01:52:10.0767 AM
[ReportManager] API Action [GetResponseJSONValue] successfully performed. With the following test data [title]. @15-11-2021 01:52:10.0779 AM
[ReportManager] API Action [GetResponseJSONValue] successfully performed. With the following test data [title]. @15-11-2021 01:52:10.0792 AM
[ReportManager] API Action [GetResponseJSONValue] successfully performed. With the following test data [title]. @15-11-2021 01:52:10.0803 AM
[ReportManager] API Action [GetResponseJSONValue] successfully performed. With the following test data [title]. @15-11-2021 01:52:10.0815 AM
[ReportManager] API Action [GetResponseJSONValue] successfully performed. With the following test data [title]. @15-11-2021 01:52:10.0828 AM
[ReportManager] API Action [GetResponseJSONValue] successfully performed. With the following test data [title]. @15-11-2021 01:52:10.0840 AM
[ReportManager] API Action [GetResponseJSONValue] successfully performed. With the following test data [title]. @15-11-2021 01:52:10.0852 AM
[ReportManager] API Action [GetResponseJSONValue] successfully performed. With the following test data [title]. @15-11-2021 01:52:10.0867 AM
[ReportManager] API Action [GetResponseJSONValue] successfully performed. With the following test data [title]. @15-11-2021 01:52:10.0880 AM
[ReportManager] API Action [GetResponseJSONValue] successfully performed. With the following test data [title]. @15-11-2021 01:52:10.0893 AM
[ReportManager] API Action [GetResponseJSONValue] successfully performed. With the following test data [title]. @15-11-2021 01:52:10.0906 AM
[ReportManager] API Action [GetResponseJSONValue] successfully performed. With the following test data [title]. @15-11-2021 01:52:10.0918 AM
[ReportManager] API Action [GetResponseJSONValue] successfully performed. With the following test data [title]. @15-11-2021 01:52:10.0931 AM
[ReportManager] API Action [GetResponseJSONValue] successfully performed. With the following test data [title]. @15-11-2021 01:52:10.0944 AM
[ReportManager] API Action [GetResponseJSONValue] successfully performed. With the following test data [title]. @15-11-2021 01:52:10.0956 A

################################################################################################################################################
Starting Execution:	[68 out of 146] test cases in the current suite
Test Method:		[unitTests.tests_restActions.validateUserEmail]
################################################################################################################################################
[ReportManager] Response status code: [200], status line: [HTTP/1.1 200 OK] @15-11-2021 01:52:11.0019 AM
[ReportManager] Assertion Passed: Evaluating the actual response status code against the expected one... @15-11-2021 01:52:11.0019 AM
[ReportManager] Assertion [ValidateComparativeRelation] PASSED. Expected [200] and Actual [200]. Comparison Type [EQUALS]. Validation Type [POSITIVE]. @15-11-2021 01:52:11.0019 AM
[ReportManager] API Action [PerformRequest] successfully performed. With the following test data [Request Type: "GET" | Target Status Code: "200" | Service URL: "https://jsonplaceholder.typicode.com/users" | Content Type: "*/*" | Response Time: "51ms"]. @15-11-2021 01:52:11.0044 AM
[ReportManager] Successfully created attachment [API Request - Specifications] @15-11-2021 01:52:11.0044 AM
[ReportManager] Successfully created attachment [API Response - JSON Body] @15-11-2021 01:52:11.0045 AM
[ReportManager] Assertion [ValidateEquals] PASSED. Expected and Actual values are attached. Comparison Type [CONTAINS]. Validation Type [POSITIVE]. @15-11-2021 01:52:11.0046 AM
[ReportManager] Successfully created attachment [Validation Test Data - Expected Value] @15-11-2021 01:52:11.0046 AM
[ReportManager] Successfully created attachment [Validation Test Data - Actual Value] @15-11-2021 01:52:11.0047 AM
[ReportManager] API Action [GetResponseJSONValueAsList] successfully performed. With the following test data [$]. @15-11-2021 01:52:11.0054 AM
[ReportManager] API Action [GetResponseJSONValue] successfully performed. With the following test data [name]. @15-11-2021 01:52:11.0068 AM
[ReportManager] API Action [GetResponseJSONValue] successfully performed. With the following test data [email]. @15-11-2021 01:52:11.0082 AM
[ReportManager] Assertion [ValidateEquals] PASSED. Expected [Sincere@april.biz] and Actual [Sincere@april.biz]. Comparison Type [EQUALS]. Validation Type [POSITIVE]. @15-11-2021 01:52:11.0082 AM
[ReportManager] API Action [GetResponseJSONValue] successfully performed. With the following test data [name]. @15-11-2021 01:52:11.0096 AM
[ReportManager] API Action [GetResponseJSONValue] successfully performed. With the following test data [name]. @15-11-2021 01:52:11.0110 AM
[ReportManager] API Action [GetResponseJSONValue] successfully performed. With the following test data [name]. @15-11-2021 01:52:11.0124 AM
[ReportManager] API Action [GetResponseJSONValue] successfully performed. With the following test data [name]. @15-11-2021 01:52:11.0137 AM
[ReportManager] API Action [GetResponseJSONValue] successfully performed. With the following test data [name]. @15-11-2021 01:52:11.0149 AM
[ReportManager] API Action [GetResponseJSONValue] successfully performed. With the following test data [name]. @15-11-2021 01:52:11.0161 AM
[ReportManager] API Action [GetResponseJSONValue] successfully performed. With the following test data [name]. @15-11-2021 01:52:11.0173 AM
[ReportManager] API Action [GetResponseJSONValue] successfully performed. With the following test data [name]. @15-11-2021 01:52:11.0185 AM
[ReportManager] API Action [GetResponseJSONValue] successfully performed. With the following test data [name]. @15-11-2021 01:52:11.0196 A
[ReportManager] File Action [GetAbsolutePath] successfully performed. With the following test data [Relative Folder Path: "target/downloadedFiles/"]. @15-11-2021 01:52:11.0200 AM
[ReportManager] Attempting to run locally on: [Mac-64], [Safari], Headless Execution. @15-11-2021 01:52:11.0200 AM
[ReportManager] Successfully Opened Safari. @15-11-2021 01:52:12.0045 AM
[ReportManager] Initial window size: (800, 600) @15-11-2021 01:52:12.0062 AM
[ReportManager] Window size after SWD Maximize: (1176, 811) @15-11-2021 01:52:12.0104 AM
[ReportManager] Browser Action [MaximizeWindow] successfully performed. With the following test data [New screen size is now: (1176, 811)]. @15-11-2021 01:52:12.0105 A

################################################################################################################################################
Starting Execution:	[69 out of 146] test cases in the current suite
Test Method:		[testPackage01.Test_uploadFile.uploadFile_invisibleUploadInput]
################################################################################################################################################
[ReportManager] Target URL: [https://fineuploader.com/demos.html#gallery-view] @15-11-2021 01:52:12.0110 AM
[ReportManager] Initial URL: [] @15-11-2021 01:52:12.0206 AM
[ReportManager] Browser Action [NavigateToURL] successfully performed. With the following test data [https://fineuploader.com/demos.html#gallery-view]. @15-11-2021 01:52:13.0905 AM
[ReportManager] File Action [GetAbsolutePath] successfully performed. With the following test data [Relative File Path: "src/main/resources/images/shaft.png"]. @15-11-2021 01:52:13.0906 AM
[ReportManager] Successfully created attachment [File Action Actual Result - Command Log] @15-11-2021 01:52:13.0906 AM
[ReportManager] Element Action [TypeFileLocationForUpload] successfully performed. With the following test data [/Users/runner/work/SHAFT_ENGINE/SHAFT_ENGINE/src/main/resources/images/shaft.png]. @15-11-2021 01:52:13.0951 AM
[ReportManager] Attempting to getAttribute [src] from elementLocator [By.xpath: //div[@id='fine-uploader-gallery']//div[@class='qq-thumbnail-wrapper']/img]. @15-11-2021 01:52:13.0951 AM
[ReportManager] Element Action [GetAttribute] successfully performed. @15-11-2021 01:52:14.0057 AM
[ReportManager] Successfully created attachment [Element Action Test Data - GetAttribute - Actual Value] @15-11-2021 01:52:14.0059 AM
[ReportManager] Loaded Shared OpenCV @15-11-2021 01:52:14.0161 AM
[ReportManager] Assertion [ValidateElementAttribute] PASSED. Expected and Actual values are attached. Comparison Type [CONTAINS]. Validation Type [POSITIVE]. @15-11-2021 01:52:14.0299 AM
[ReportManager] Successfully created attachment [Validation Test Data - Expected Value] @15-11-2021 01:52:14.0300 AM
[ReportManager] Successfully created attachment [Validation Test Data - Actual Value] @15-11-2021 01:52:14.0300 AM
[ReportManager] Successfully created attachment [Screenshot - 1636941134161_uploadFile_invisibleUploadInput_ValidateElementAttribute_passed] @15-11-2021 01:52:14.0302 A
[ReportManager] Browser Action [CloseCurrentWindow] successfully performed. @15-11-2021 01:52:14.0397 AM
[ReportManager] Successfully created attachment [Browser Action Test Data - CloseCurrentWindow - Actual Value] @15-11-2021 01:52:14.0401 A
[ReportManager] File Action [GetAbsolutePath] successfully performed. With the following test data [Relative Folder Path: "target/downloadedFiles/"]. @15-11-2021 01:52:14.0407 AM
[ReportManager] Attempting to run locally on: [Mac-64], [Safari], Headless Execution. @15-11-2021 01:52:14.0407 AM
[ReportManager] Successfully Opened Safari. @15-11-2021 01:52:15.0226 AM
[ReportManager] Initial window size: (800, 600) @15-11-2021 01:52:15.0250 AM
[ReportManager] Window size after SWD Maximize: (1176, 811) @15-11-2021 01:52:15.0282 AM
[ReportManager] Browser Action [MaximizeWindow] successfully performed. With the following test data [New screen size is now: (1176, 811)]. @15-11-2021 01:52:15.0283 A

################################################################################################################################################
Starting Execution:	[70 out of 146] test cases in the current suite
Test Method:		[testPackage01.Test_uploadFile.uploadFile_visibleUploadInput]
################################################################################################################################################
[ReportManager] Target URL: [http://demo.guru99.com/test/upload/] @15-11-2021 01:52:15.0288 AM
[ReportManager] Initial URL: [] @15-11-2021 01:52:15.0354 AM
[ReportManager] Browser Action [NavigateToURL] successfully performed. With the following test data [http://demo.guru99.com/test/upload/]. @15-11-2021 01:52:16.0634 AM
[ReportManager] File Action [GetAbsolutePath] successfully performed. With the following test data [Relative File Path: "src/main/resources/images/shaft.png"]. @15-11-2021 01:52:16.0635 AM
[ReportManager] Successfully created attachment [File Action Actual Result - Command Log] @15-11-2021 01:52:16.0636 AM
[ReportManager] Element Action [TypeFileLocationForUpload] successfully performed. With the following test data [/Users/runner/work/SHAFT_ENGINE/SHAFT_ENGINE/src/main/resources/images/shaft.png]. @15-11-2021 01:52:16.0724 AM
[ReportManager] Element Action [Click] successfully performed. With the following test data [on]. @15-11-2021 01:52:17.0146 AM
[ReportManager] Element Action [Click] successfully performed. With the following test data [ Submit File]. @15-11-2021 01:52:18.0843 AM
[ReportManager] Element Action [GetText] successfully performed. With the following test data [1 file has been successfully uploaded.]. @15-11-2021 01:52:19.0442 AM
[ReportManager] Loaded Shared OpenCV @15-11-2021 01:52:19.0525 AM
[ReportManager] Assertion [ValidateElementAttribute] PASSED. Expected [Value Should be '1 file' for the 'Text' attribute, element locator 'By.id: res'] and Actual [1 file has been successfully uploaded.]. Comparison Type [CONTAINS]. Validation Type [POSITIVE]. @15-11-2021 01:52:19.0633 AM
[ReportManager] Successfully created attachment [Screenshot - 1636941139525_uploadFile_visibleUploadInput_ValidateElementAttribute_passed] @15-11-2021 01:52:19.0635 A
[ReportManager] Browser Action [CloseCurrentWindow] successfully performed. @15-11-2021 01:52:19.0883 AM
[ReportManager] Successfully created attachment [Browser Action Test Data - CloseCurrentWindow - Actual Value] @15-11-2021 01:52:19.0884 A

################################################################################################################################################
Starting Execution:	[71 out of 146] test cases in the current suite
Test Method:		[testPackage01.Test_AssertApiResponseEquals.assertApiResponseEquals_expectedToPass]
################################################################################################################################################
[ReportManager] Response status code: [200], status line: [HTTP/1.1 200 OK] @15-11-2021 01:52:19.0945 AM
[ReportManager] Assertion Passed: Evaluating the actual response status code against the expected one... @15-11-2021 01:52:19.0945 AM
[ReportManager] Assertion [ValidateComparativeRelation] PASSED. Expected [200] and Actual [200]. Comparison Type [EQUALS]. Validation Type [POSITIVE]. @15-11-2021 01:52:19.0945 AM
[ReportManager] API Action [PerformRequest] successfully performed. With the following test data [Request Type: "GET" | Target Status Code: "200" | Service URL: "https://jsonplaceholder.typicode.com/users" | Content Type: "*/*" | Response Time: "49ms"]. @15-11-2021 01:52:19.0978 AM
[ReportManager] Successfully created attachment [API Request - Specifications] @15-11-2021 01:52:19.0979 AM
[ReportManager] Successfully created attachment [API Response - JSON Body] @15-11-2021 01:52:19.0979 AM
[ReportManager] API Action [GetResponseJSONValueAsList] successfully performed. With the following test data [$]. @15-11-2021 01:52:19.0989 AM
[ReportManager] API Action [GetResponseJSONValue] successfully performed. With the following test data [name]. @15-11-2021 01:52:20.0009 AM
[ReportManager] API Action [GetResponseJSONValue] successfully performed. With the following test data [email]. @15-11-2021 01:52:20.0028 AM
[ReportManager] Verification [ValidateEquals] PASSED. Expected [Sincere@april.biz] and Actual [Sincere@april.biz]. Comparison Type [EQUALS]. Validation Type [POSITIVE]. @15-11-2021 01:52:20.0029 AM
[ReportManager] API Action [GetResponseJSONValue] successfully performed. With the following test data [username]. @15-11-2021 01:52:20.0049 AM
[ReportManager] Assertion [ValidateEquals] PASSED. Expected [Bret] and Actual [Bret]. Comparison Type [EQUALS]. Validation Type [POSITIVE]. @15-11-2021 01:52:20.0049 AM
[ReportManager] API Action [GetResponseJSONValue] successfully performed. With the following test data [name]. @15-11-2021 01:52:20.0071 AM
[ReportManager] API Action [GetResponseJSONValue] successfully performed. With the following test data [name]. @15-11-2021 01:52:20.0090 AM
[ReportManager] API Action [GetResponseJSONValue] successfully performed. With the following test data [name]. @15-11-2021 01:52:20.0109 AM
[ReportManager] API Action [GetResponseJSONValue] successfully performed. With the following test data [name]. @15-11-2021 01:52:20.0131 AM
[ReportManager] API Action [GetResponseJSONValue] successfully performed. With the following test data [name]. @15-11-2021 01:52:20.0150 AM
[ReportManager] API Action [GetResponseJSONValue] successfully performed. With the following test data [name]. @15-11-2021 01:52:20.0175 AM
[ReportManager] API Action [GetResponseJSONValue] successfully performed. With the following test data [name]. @15-11-2021 01:52:20.0193 AM
[ReportManager] API Action [GetResponseJSONValue] successfully performed. With the following test data [name]. @15-11-2021 01:52:20.0206 AM
[ReportManager] API Action [GetResponseJSONValue] successfully performed. With the following test data [name]. @15-11-2021 01:52:20.0221 A

################################################################################################################################################
Starting Execution:	[72 out of 146] test cases in the current suite
Test Method:		[testPackage01.Test_testData.f]
################################################################################################################################################
[ReportManager] Successfully loaded the following test data file [src/test/resources/TestDataFiles/testSuite01/TestData.xlsx]. @15-11-2021 01:52:20.0301 AM
[ReportManager] Successfully created attachment [Test Data - Excel] @15-11-2021 01:52:20.0302 AM
[ReportManager] Last Column Number is: [3]. Zero-based. @15-11-2021 01:52:20.0302 A

################################################################################################################################################
Starting Execution:	[73 out of 146] test cases in the current suite
Test Method:		[testPackage01.Test_PDF.testPDF1]
################################################################################################################################################
[ReportManager] File Action [DoesFileExist] successfully performed. With the following test data [File Path: "src/test/resources/TestDataFiles/sample.pdf"]. @15-11-2021 01:52:20.0329 AM
[ReportManager] File Action [GetAbsolutePath] successfully performed. With the following test data [Relative Folder Path: "src/test/resources/TestDataFiles/sample.pdf"]. @15-11-2021 01:52:20.0330 AM
[ReportManager] Assertion Passed: Checking to see that the pdf file contains [A Simple PDF File] @15-11-2021 01:52:24.0497 AM
[ReportManager] Successfully created attachment [Validation Test Data - Expected Value] @15-11-2021 01:52:24.0498 AM
[ReportManager] Successfully created attachment [Validation Test Data - Actual Value] @15-11-2021 01:52:24.0498 AM
[ReportManager] Assertion [ValidateEquals] PASSED. Expected and Actual values are attached. Comparison Type [CONTAINS]. Validation Type [POSITIVE]. @15-11-2021 01:52:24.0498 A

################################################################################################################################################
Starting Execution:	[74 out of 146] test cases in the current suite
Test Method:		[testPackage01.Test_PDF.testPDF2]
################################################################################################################################################
[ReportManager] File Action [DoesFileExist] successfully performed. With the following test data [File Path: "src/test/resources/TestDataFiles/sample.pdf"]. @15-11-2021 01:52:24.0504 AM
[ReportManager] File Action [GetAbsolutePath] successfully performed. With the following test data [Relative Folder Path: "src/test/resources/TestDataFiles/sample.pdf"]. @15-11-2021 01:52:24.0505 AM
[ReportManager] Assertion Passed: Checking to see that the pdf file contains [A Simple PDF File] @15-11-2021 01:52:24.0535 AM
[ReportManager] Successfully created attachment [Validation Test Data - Expected Value] @15-11-2021 01:52:24.0536 AM
[ReportManager] Successfully created attachment [Validation Test Data - Actual Value] @15-11-2021 01:52:24.0537 AM
[ReportManager] Assertion [ValidateEquals] PASSED. Expected and Actual values are attached. Comparison Type [CONTAINS]. Validation Type [POSITIVE]. @15-11-2021 01:52:24.0537 A
[ReportManager] File Action [GetAbsolutePath] successfully performed. With the following test data [Relative Folder Path: "target/downloadedFiles/"]. @15-11-2021 01:52:24.0541 AM
[ReportManager] Attempting to run locally on: [Mac-64], [Safari], Headless Execution. @15-11-2021 01:52:24.0541 AM
[ReportManager] Successfully Opened Safari. @15-11-2021 01:52:25.0367 AM
[ReportManager] Initial window size: (800, 600) @15-11-2021 01:52:25.0377 AM
[ReportManager] Window size after SWD Maximize: (1176, 811) @15-11-2021 01:52:25.0396 AM
[ReportManager] Browser Action [MaximizeWindow] successfully performed. With the following test data [New screen size is now: (1176, 811)]. @15-11-2021 01:52:25.0397 A

################################################################################################################################################
Starting Execution:	[75 out of 146] test cases in the current suite
Test Method:		[testPackage01.Test_ShadowDOM.shadowdom]
################################################################################################################################################
[ReportManager] Target URL: [https://mdn.github.io/web-components-examples/popup-info-box-web-component/] @15-11-2021 01:52:25.0403 AM
[ReportManager] Initial URL: [] @15-11-2021 01:52:25.0480 AM
[ReportManager] Browser Action [NavigateToURL] successfully performed. With the following test data [https://mdn.github.io/web-components-examples/popup-info-box-web-component/]. @15-11-2021 01:52:26.0005 AM
[ReportManager] Element Action [Type] successfully performed. With the following test data [Typing into SHADOW DOM...]. @15-11-2021 01:52:27.0205 AM
[ReportManager] Element Action [GetText] successfully performed. With the following test data [Typing into SHADOW DOM...]. @15-11-2021 01:52:27.0349 AM
[ReportManager] Loaded Shared OpenCV @15-11-2021 01:52:27.0475 AM
[ReportManager] Assertion [ValidateElementAttribute] PASSED. Expected [Value Should be 'Typing into SHADOW DOM...' for the 'Text' attribute, element locator 'By.id: cvc'] and Actual [Typing into SHADOW DOM...]. Comparison Type [EQUALS]. Validation Type [POSITIVE]. @15-11-2021 01:52:27.0592 AM
[ReportManager] Successfully created attachment [Screenshot - 1636941147475_shadowdom_ValidateElementAttribute_passed] @15-11-2021 01:52:27.0594 A
[ReportManager] Browser Action [CloseCurrentWindow] successfully performed. @15-11-2021 01:52:28.0044 AM
[ReportManager] Successfully created attachment [Browser Action Test Data - CloseCurrentWindow - Actual Value] @15-11-2021 01:52:28.0045 A
[ReportManager] File Action [GetAbsolutePath] successfully performed. With the following test data [Relative Folder Path: "target/downloadedFiles/"]. @15-11-2021 01:52:28.0052 AM
[ReportManager] Attempting to run locally on: [Mac-64], [Safari], Headless Execution. @15-11-2021 01:52:28.0053 AM
[ReportManager] Successfully Opened Safari. @15-11-2021 01:52:28.0935 AM
[ReportManager] Initial window size: (800, 600) @15-11-2021 01:52:28.0946 AM
[ReportManager] Window size after SWD Maximize: (1176, 811) @15-11-2021 01:52:28.0968 AM
[ReportManager] Browser Action [MaximizeWindow] successfully performed. With the following test data [New screen size is now: (1176, 811)]. @15-11-2021 01:52:28.0968 A

################################################################################################################################################
Starting Execution:	[76 out of 146] test cases in the current suite
Test Method:		[testPackage01.Test_clipboardActions.typeTextAndCopyPaste]
################################################################################################################################################
[ReportManager] Target URL: [https://www.google.com/ncr], and after redirection: [https://www.google.com] @15-11-2021 01:52:28.0971 AM
[ReportManager] Initial URL: [] @15-11-2021 01:52:29.0053 AM
[ReportManager] Browser Action [NavigateToURL] successfully performed. With the following test data [https://www.google.com/ncr]. @15-11-2021 01:52:30.0524 AM
[ReportManager] Element Action [Type] successfully performed. With the following test data [FIRST]. @15-11-2021 01:52:30.0900 A
[ReportManager] Browser Action [CloseCurrentWindow] successfully performed. @15-11-2021 01:52:31.0234 AM
[ReportManager] Successfully created attachment [Browser Action Test Data - CloseCurrentWindow - Actual Value] @15-11-2021 01:52:31.0234 A

################################################################################################################################################
Starting Execution:	[77 out of 146] test cases in the current suite
Test Method:		[testPackage01.Test_NewValidationHelper.f1]
################################################################################################################################################
[ReportManager] Assertion Passed: Checking valid user data @15-11-2021 01:52:31.0239 AM
[ReportManager] Successfully created attachment [Validation Test Data - Expected Value] @15-11-2021 01:52:31.0240 AM
[ReportManager] Successfully created attachment [Validation Test Data - Actual Value] @15-11-2021 01:52:31.0240 AM
[ReportManager] Assertion [ValidateEquals] PASSED. Expected and Actual values are attached. Comparison Type [EQUALS]. Validation Type [POSITIVE]. @15-11-2021 01:52:31.0240 A
[ReportManager] File Action [GetAbsolutePath] successfully performed. With the following test data [Relative Folder Path: "target/downloadedFiles/"]. @15-11-2021 01:52:31.0243 AM
[ReportManager] Attempting to run locally on: [Mac-64], [Safari], Headless Execution. @15-11-2021 01:52:31.0243 AM
[ReportManager] Successfully Opened Safari. @15-11-2021 01:52:32.0121 AM
[ReportManager] Initial window size: (800, 600) @15-11-2021 01:52:32.0128 AM
[ReportManager] Window size after SWD Maximize: (1176, 811) @15-11-2021 01:52:32.0147 AM
[ReportManager] Browser Action [MaximizeWindow] successfully performed. With the following test data [New screen size is now: (1176, 811)]. @15-11-2021 01:52:32.0148 AM
[ReportManager] Target URL: [https://the-internet.herokuapp.com/] @15-11-2021 01:52:32.0148 AM
[ReportManager] Initial URL: [] @15-11-2021 01:52:32.0194 AM
[ReportManager] Browser Action [NavigateToURL] successfully performed. With the following test data [https://the-internet.herokuapp.com/]. @15-11-2021 01:52:33.0455 A

################################################################################################################################################
Starting Execution:	[78 out of 146] test cases in the current suite
Test Method:		[testPackage01.Test_NewValidationHelper.f10]
################################################################################################################################################
[ReportManager] Loaded Shared OpenCV @15-11-2021 01:52:33.0596 AM
[ReportManager] Assertion [ValidateElementExists] FAILED. Expected [Element Should Exist, locator 'By.tagName: div'] and Actual [Element Exists but is not unique]. Comparison Type [EQUALS]. Validation Type [POSITIVE]. @15-11-2021 01:52:33.0738 AM
[ReportManager] Successfully created attachment [Screenshot - 1636941153596_f10_ValidateElementExists_failed] @15-11-2021 01:52:33.0741 A



################################################################################################################################################
Starting Execution:	[79 out of 146] test cases in the current suite
Test Method:		[testPackage01.Test_NewValidationHelper.f11]
###############################################################################################################################################



################################################################################################################################################
Starting Execution:	[80 out of 146] test cases in the current suite
Test Method:		[testPackage01.Test_NewValidationHelper.f12]
###############################################################################################################################################



################################################################################################################################################
Starting Execution:	[81 out of 146] test cases in the current suite
Test Method:		[testPackage01.Test_NewValidationHelper.f13]
###############################################################################################################################################



################################################################################################################################################
Starting Execution:	[82 out of 146] test cases in the current suite
Test Method:		[testPackage01.Test_NewValidationHelper.f14]
###############################################################################################################################################



################################################################################################################################################
Starting Execution:	[83 out of 146] test cases in the current suite
Test Method:		[testPackage01.Test_NewValidationHelper.f15]
###############################################################################################################################################



################################################################################################################################################
Starting Execution:	[84 out of 146] test cases in the current suite
Test Method:		[testPackage01.Test_NewValidationHelper.f16]
###############################################################################################################################################



################################################################################################################################################
Starting Execution:	[85 out of 146] test cases in the current suite
Test Method:		[testPackage01.Test_NewValidationHelper.f17]
###############################################################################################################################################



################################################################################################################################################
Starting Execution:	[86 out of 146] test cases in the current suite
Test Method:		[testPackage01.Test_NewValidationHelper.f18]
###############################################################################################################################################


################################################################################################################################################
Starting Execution:	[87 out of 146] test cases in the current suite
Test Method:		[testPackage01.Test_NewValidationHelper.f2]
###############################################################################################################################################


################################################################################################################################################
Starting Execution:	[88 out of 146] test cases in the current suite
Test Method:		[testPackage01.Test_NewValidationHelper.f20]
###############################################################################################################################################



################################################################################################################################################
Starting Execution:	[89 out of 146] test cases in the current suite
Test Method:		[testPackage01.Test_NewValidationHelper.f21]
###############################################################################################################################################



################################################################################################################################################
Starting Execution:	[90 out of 146] test cases in the current suite
Test Method:		[testPackage01.Test_NewValidationHelper.f22]
###############################################################################################################################################


################################################################################################################################################
Starting Execution:	[91 out of 146] test cases in the current suite
Test Method:		[testPackage01.Test_NewValidationHelper.f23]
###############################################################################################################################################

################################################################################################################################################
Starting Execution:	[92 out of 146] test cases in the current suite
Test Method:		[testPackage01.Test_NewValidationHelper.f24]
###############################################################################################################################################

################################################################################################################################################
Starting Execution:	[93 out of 146] test cases in the current suite
Test Method:		[testPackage01.Test_NewValidationHelper.f25]
###############################################################################################################################################

################################################################################################################################################
Starting Execution:	[94 out of 146] test cases in the current suite
Test Method:		[testPackage01.Test_NewValidationHelper.f26]
###############################################################################################################################################

################################################################################################################################################
Starting Execution:	[95 out of 146] test cases in the current suite
Test Method:		[testPackage01.Test_NewValidationHelper.f27]
###############################################################################################################################################

################################################################################################################################################
Starting Execution:	[96 out of 146] test cases in the current suite
Test Method:		[testPackage01.Test_NewValidationHelper.f28]
###############################################################################################################################################

################################################################################################################################################
Starting Execution:	[97 out of 146] test cases in the current suite
Test Method:		[testPackage01.Test_NewValidationHelper.f29]
###############################################################################################################################################

################################################################################################################################################
Starting Execution:	[98 out of 146] test cases in the current suite
Test Method:		[testPackage01.Test_NewValidationHelper.f3]
###############################################################################################################################################

################################################################################################################################################
Starting Execution:	[99 out of 146] test cases in the current suite
Test Method:		[testPackage01.Test_NewValidationHelper.f30]
###############################################################################################################################################

################################################################################################################################################
Starting Execution:	[100 out of 146] test cases in the current suite
Test Method:		[testPackage01.Test_NewValidationHelper.f31]
###############################################################################################################################################

################################################################################################################################################
Starting Execution:	[101 out of 146] test cases in the current suite
Test Method:		[testPackage01.Test_NewValidationHelper.f32]
###############################################################################################################################################

################################################################################################################################################
Starting Execution:	[102 out of 146] test cases in the current suite
Test Method:		[testPackage01.Test_NewValidationHelper.f33]
###############################################################################################################################################

################################################################################################################################################
Starting Execution:	[103 out of 146] test cases in the current suite
Test Method:		[testPackage01.Test_NewValidationHelper.f34]
###############################################################################################################################################

################################################################################################################################################
Starting Execution:	[104 out of 146] test cases in the current suite
Test Method:		[testPackage01.Test_NewValidationHelper.f35]
###############################################################################################################################################

################################################################################################################################################
Starting Execution:	[105 out of 146] test cases in the current suite
Test Method:		[testPackage01.Test_NewValidationHelper.f36]
###############################################################################################################################################

################################################################################################################################################
Starting Execution:	[106 out of 146] test cases in the current suite
Test Method:		[testPackage01.Test_NewValidationHelper.f37]
###############################################################################################################################################

################################################################################################################################################
Starting Execution:	[107 out of 146] test cases in the current suite
Test Method:		[testPackage01.Test_NewValidationHelper.f3_1]
###############################################################################################################################################

################################################################################################################################################
Starting Execution:	[108 out of 146] test cases in the current suite
Test Method:		[testPackage01.Test_NewValidationHelper.f4]
###############################################################################################################################################

################################################################################################################################################
Starting Execution:	[109 out of 146] test cases in the current suite
Test Method:		[testPackage01.Test_NewValidationHelper.f5]
###############################################################################################################################################

################################################################################################################################################
Starting Execution:	[110 out of 146] test cases in the current suite
Test Method:		[testPackage01.Test_NewValidationHelper.f6]
###############################################################################################################################################

################################################################################################################################################
Starting Execution:	[111 out of 146] test cases in the current suite
Test Method:		[testPackage01.Test_NewValidationHelper.f6_1]
###############################################################################################################################################

################################################################################################################################################
Starting Execution:	[112 out of 146] test cases in the current suite
Test Method:		[testPackage01.Test_NewValidationHelper.f6_2]
###############################################################################################################################################

################################################################################################################################################
Starting Execution:	[113 out of 146] test cases in the current suite
Test Method:		[testPackage01.Test_NewValidationHelper.f7]
###############################################################################################################################################


################################################################################################################################################
Starting Execution:	[114 out of 146] test cases in the current suite
Test Method:		[testPackage01.Test_NewValidationHelper.f8]
###############################################################################################################################################



################################################################################################################################################
Starting Execution:	[115 out of 146] test cases in the current suite
Test Method:		[testPackage01.Test_NewValidationHelper.f9]
###############################################################################################################################################


################################################################################################################################################
Starting Execution:	[116 out of 146] test cases in the current suite
Test Method:		[testPackage01.Test_NewValidationHelper.forceFail]
###############################################################################################################################################

################################################################################################################################################
Starting Execution:	[117 out of 146] test cases in the current suite
Test Method:		[testPackage01.Test_NewValidationHelper.forceFail2]
###############################################################################################################################################

################################################################################################################################################
Starting Execution:	[118 out of 146] test cases in the current suite
Test Method:		[testPackage01.Test_JsonActions.f]
###############################################################################################################################################

################################################################################################################################################
Starting Execution:	[119 out of 146] test cases in the current suite
Test Method:		[testPackage01.Test_JsonActions.f2]
###############################################################################################################################################

################################################################################################################################################
Starting Execution:	[120 out of 146] test cases in the current suite
Test Method:		[testPackage01.Test_sendGraphqlRequest.sendGraphqlRequestUsingMutationAndVariables]
################################################################################################################################################
[ReportManager] GraphQl Request is being Performed with the Following Parameters [Service URL: https://api.spacex.land/graphql | Request Body: {"variables":"{\"name\": \"sherlock holmes\",\"rocket\": \"221B Baker Street\"}","query":"mutation ($name: String, $rocket: String) {\n  insert_users(objects: {name: $name, rocket: $rocket}) {\n    returning {\n      name\n      rocket\n    }\n  }\n}"}] @15-11-2021 01:52:34.0252 AM
[ReportManager] Response status code: [200], status line: [HTTP/1.1 200 OK] @15-11-2021 01:52:34.0831 AM
[ReportManager] Assertion Passed: Evaluating the actual response status code against the expected one... @15-11-2021 01:52:34.0831 AM
[ReportManager] Assertion [ValidateComparativeRelation] PASSED. Expected [200] and Actual [200]. Comparison Type [EQUALS]. Validation Type [POSITIVE]. @15-11-2021 01:52:34.0831 AM
[ReportManager] API Action [PerformRequest] successfully performed. With the following test data [Request Type: "POST" | Target Status Code: "200" | Service URL: "https://api.spacex.land/graphql" | Content Type: "application/json" | Response Time: "428ms"]. @15-11-2021 01:52:34.0867 AM
[ReportManager] Successfully created attachment [API Request - Specifications] @15-11-2021 01:52:34.0868 AM
[ReportManager] Successfully created attachment [API Request - JSON Body] @15-11-2021 01:52:34.0869 AM
[ReportManager] Successfully created attachment [API Response - JSON Body] @15-11-2021 01:52:34.0870 AM
[ReportManager] API Action [GetResponseJSONValue] successfully performed. With the following test data [data.insert_users.returning[0].name]. @15-11-2021 01:52:34.0933 AM
[ReportManager] Assertion [ValidateEquals] PASSED. Expected [sherlock holmes] and Actual [sherlock holmes]. Comparison Type [EQUALS]. Validation Type [POSITIVE]. @15-11-2021 01:52:34.0934 A

################################################################################################################################################
Starting Execution:	[121 out of 146] test cases in the current suite
Test Method:		[testPackage01.Test_sendGraphqlRequest.sendGraphqlRequestUsingQuery]
################################################################################################################################################
[ReportManager] GraphQl Request is being Performed with the Following Parameters [Service URL: https://api.spacex.land/graphql | Request Body: {"query":"{company {ceo}}"}] @15-11-2021 01:52:34.0938 AM
[ReportManager] Response status code: [200], status line: [HTTP/1.1 200 OK] @15-11-2021 01:52:35.0221 AM
[ReportManager] Assertion Passed: Evaluating the actual response status code against the expected one... @15-11-2021 01:52:35.0221 AM
[ReportManager] Assertion [ValidateComparativeRelation] PASSED. Expected [200] and Actual [200]. Comparison Type [EQUALS]. Validation Type [POSITIVE]. @15-11-2021 01:52:35.0221 AM
[ReportManager] API Action [PerformRequest] successfully performed. With the following test data [Request Type: "POST" | Target Status Code: "200" | Service URL: "https://api.spacex.land/graphql" | Content Type: "application/json" | Response Time: "277ms"]. @15-11-2021 01:52:35.0238 AM
[ReportManager] Successfully created attachment [API Request - Specifications] @15-11-2021 01:52:35.0239 AM
[ReportManager] Successfully created attachment [API Request - JSON Body] @15-11-2021 01:52:35.0240 AM
[ReportManager] Successfully created attachment [API Response - JSON Body] @15-11-2021 01:52:35.0241 AM
[ReportManager] API Action [GetResponseJSONValue] successfully performed. With the following test data [data.company.ceo]. @15-11-2021 01:52:35.0260 AM
[ReportManager] Assertion [ValidateEquals] PASSED. Expected [Elon Musk] and Actual [Elon Musk]. Comparison Type [EQUALS]. Validation Type [POSITIVE]. @15-11-2021 01:52:35.0260 A

################################################################################################################################################
Starting Execution:	[122 out of 146] test cases in the current suite
Test Method:		[testPackage01.Test_MatchJsonSchema.checkAPI_ResponseSchema]
################################################################################################################################################
[ReportManager] Response status code: [200], status line: [HTTP/1.1 200 OK] @15-11-2021 01:52:35.0359 AM
[ReportManager] Assertion Passed: Evaluating the actual response status code against the expected one... @15-11-2021 01:52:35.0360 AM
[ReportManager] Assertion [ValidateComparativeRelation] PASSED. Expected [200] and Actual [200]. Comparison Type [EQUALS]. Validation Type [POSITIVE]. @15-11-2021 01:52:35.0360 AM
[ReportManager] API Action [PerformRequest] successfully performed. With the following test data [Request Type: "GET" | Target Status Code: "200" | Service URL: "http://api.zippopotam.us/us/90210" | Content Type: "*/*" | Response Time: "86ms"]. @15-11-2021 01:52:35.0376 AM
[ReportManager] Successfully created attachment [API Request - Specifications] @15-11-2021 01:52:35.0377 AM
[ReportManager] Successfully created attachment [API Response - JSON Body] @15-11-2021 01:52:35.0378 AM
[ReportManager] File Action [GetAbsolutePath] successfully performed. With the following test data [Relative Folder Path: "src/test/resources/testDataFiles/schema.json"]. @15-11-2021 01:52:35.0379 AM
[ReportManager] File Action [GetAbsolutePath] successfully performed. With the following test data [Relative Folder Path: "/Users/runner/work/SHAFT_ENGINE/SHAFT_ENGINE/src/test/resources/testDataFiles/schema.json"]. @15-11-2021 01:52:36.0314 AM
[ReportManager] File Action [ReadFromFile] successfully performed. With the following test data [File Path: "/Users/runner/work/SHAFT_ENGINE/SHAFT_ENGINE/src/test/resources/testDataFiles/schema.json"]. @15-11-2021 01:52:36.0315 AM
[ReportManager] Assertion Passed: Then I Assert that the API response schema matches that in this file [src/test/resources/testDataFiles/schema.json]. @15-11-2021 01:52:36.0317 AM
[ReportManager] Successfully created attachment [Validation Test Data - Expected JSON Value] @15-11-2021 01:52:36.0318 AM
[ReportManager] Successfully created attachment [Validation Test Data - Actual JSON Value] @15-11-2021 01:52:36.0318 AM
[ReportManager] Assertion [ValidateResponseFileSchema] PASSED. Expected [Response data should match the JSON File in this path '/Users/runner/work/SHAFT_ENGINE/SHAFT_ENGINE/src/test/resources/testDataFiles/schema.json'] and Actual [TRUE]. Comparison Type [EQUALS]. Validation Type [POSITIVE]. @15-11-2021 01:52:36.0318 A
[ReportManager] File Action [GetAbsolutePath] successfully performed. With the following test data [Relative Folder Path: "target/downloadedFiles/"]. @15-11-2021 01:52:36.0321 AM
[ReportManager] Attempting to run locally on: [Mac-64], [Safari], Headless Execution. @15-11-2021 01:52:36.0322 AM
[ReportManager] Successfully Opened Safari. @15-11-2021 01:52:37.0132 AM
[ReportManager] Initial window size: (800, 600) @15-11-2021 01:52:37.0144 AM
[ReportManager] Window size after SWD Maximize: (1176, 811) @15-11-2021 01:52:37.0182 AM
[ReportManager] Browser Action [MaximizeWindow] successfully performed. With the following test data [New screen size is now: (1176, 811)]. @15-11-2021 01:52:37.0182 A

################################################################################################################################################
Starting Execution:	[123 out of 146] test cases in the current suite
Test Method:		[testPackage01.Test_dragAndDrop.dragAndDropJquery]
################################################################################################################################################
[ReportManager] Target URL: [https://jqueryui.com/resources/demos/droppable/default.html] @15-11-2021 01:52:37.0196 AM
[ReportManager] Initial URL: [] @15-11-2021 01:52:37.0250 AM
[ReportManager] Browser Action [NavigateToURL] successfully performed. With the following test data [https://jqueryui.com/resources/demos/droppable/default.html]. @15-11-2021 01:52:37.0708 AM
[ReportManager] Element Action [GetText] successfully performed. With the following test data [
	Drop here
]. @15-11-2021 01:52:37.0751 AM
[ReportManager] Element Action [DragAndDrop] successfully performed. With the following test data [Start point: (8, 18), End point: (8, 18)]. @15-11-2021 01:52:39.0041 AM
[ReportManager] Element Action [GetText] successfully performed. With the following test data [
	Dropped!
]. @15-11-2021 01:52:39.0072 AM
[ReportManager] Assertion Passed: Checking to see if the text has changed after performing drag and drop @15-11-2021 01:52:39.0072 AM
[ReportManager] Assertion [ValidateEquals] PASSED. Expected [
	Drop here
] and Actual [
	Dropped!
]. Comparison Type [EQUALS]. Validation Type [NEGATIVE]. @15-11-2021 01:52:39.0072 A
[ReportManager] Browser Action [CloseCurrentWindow] successfully performed. @15-11-2021 01:52:39.0466 AM
[ReportManager] Successfully created attachment [Browser Action Test Data - CloseCurrentWindow - Actual Value] @15-11-2021 01:52:39.0466 A
[ReportManager] File Action [GetAbsolutePath] successfully performed. With the following test data [Relative Folder Path: "target/downloadedFiles/"]. @15-11-2021 01:52:39.0468 AM
[ReportManager] Attempting to run locally on: [Mac-64], [Safari], Headless Execution. @15-11-2021 01:52:39.0468 AM
[ReportManager] Successfully Opened Safari. @15-11-2021 01:52:40.0279 AM
[ReportManager] Initial window size: (800, 600) @15-11-2021 01:52:40.0292 AM
[ReportManager] Window size after SWD Maximize: (1176, 811) @15-11-2021 01:52:40.0314 AM
[ReportManager] Browser Action [MaximizeWindow] successfully performed. With the following test data [New screen size is now: (1176, 811)]. @15-11-2021 01:52:40.0315 A

################################################################################################################################################
Starting Execution:	[124 out of 146] test cases in the current suite
Test Method:		[testPackage01.Test_dragAndDrop.dragAndDrop]
Test Description:	[TC001 - Test Drag and Drop function.]
################################################################################################################################################
[ReportManager] Target URL: [http://the-internet.herokuapp.com/drag_and_drop] @15-11-2021 01:52:40.0327 AM
[ReportManager] Initial URL: [] @15-11-2021 01:52:40.0390 AM
[ReportManager] Browser Action [NavigateToURL] successfully performed. With the following test data [http://the-internet.herokuapp.com/drag_and_drop]. @15-11-2021 01:52:41.0269 AM
[ReportManager] Attempting Drag and Drop @15-11-2021 01:52:41.0269 AM
[ReportManager] Element Action [DragAndDrop] successfully performed. With the following test data [Start point: (120, 89), End point: (335, 89)]. @15-11-2021 01:52:41.0949 A
[ReportManager] Browser Action [CloseCurrentWindow] successfully performed. @15-11-2021 01:52:42.0209 AM
[ReportManager] Successfully created attachment [Browser Action Test Data - CloseCurrentWindow - Actual Value] @15-11-2021 01:52:42.0210 A
[ReportManager] File Action [GetAbsolutePath] successfully performed. With the following test data [Relative Folder Path: "target/downloadedFiles/"]. @15-11-2021 01:52:42.0212 AM
[ReportManager] Attempting to run locally on: [Mac-64], [Safari], Headless Execution. @15-11-2021 01:52:42.0212 AM
[ReportManager] Successfully Opened Safari. @15-11-2021 01:52:43.0010 AM
[ReportManager] Initial window size: (800, 600) @15-11-2021 01:52:43.0033 AM
[ReportManager] Window size after SWD Maximize: (1176, 811) @15-11-2021 01:52:43.0049 AM
[ReportManager] Browser Action [MaximizeWindow] successfully performed. With the following test data [New screen size is now: (1176, 811)]. @15-11-2021 01:52:43.0049 A

################################################################################################################################################
Starting Execution:	[125 out of 146] test cases in the current suite
Test Method:		[testPackage01.Test_dragAndDrop.dragAndDropByOffset]
Test Description:	[TC002 - Test Drag and Drop by offset function.]
################################################################################################################################################
[ReportManager] Target URL: [https://jqueryui.com/resources/demos/draggable/default.html] @15-11-2021 01:52:43.0070 AM
[ReportManager] Initial URL: [] @15-11-2021 01:52:43.0136 AM
[ReportManager] Browser Action [NavigateToURL] successfully performed. With the following test data [https://jqueryui.com/resources/demos/draggable/default.html]. @15-11-2021 01:52:43.0642 AM
[ReportManager] Element Action [DragAndDropByOffset] successfully performed. With the following test data [Start point: (8, 8), End point: (108, 58)]. @15-11-2021 01:52:44.0412 A
[ReportManager] Browser Action [CloseCurrentWindow] successfully performed. @15-11-2021 01:52:44.0813 AM
[ReportManager] Successfully created attachment [Browser Action Test Data - CloseCurrentWindow - Actual Value] @15-11-2021 01:52:44.0814 A
[ReportManager] Successfully loaded the following test data file [src/test/resources/TestDataFiles/testSuite01/TestData.xlsx]. @15-11-2021 01:52:44.0853 AM
[ReportManager] Successfully created attachment [Test Data - Excel] @15-11-2021 01:52:44.0853 AM
[ReportManager] File Action [GetAbsolutePath] successfully performed. With the following test data [Relative Folder Path: "target/downloadedFiles/"]. @15-11-2021 01:52:44.0853 AM
[ReportManager] Attempting to run locally on: [Mac-64], [Safari], Headless Execution. @15-11-2021 01:52:44.0854 AM
[ReportManager] Successfully Opened Safari. @15-11-2021 01:52:45.0725 AM
[ReportManager] Initial window size: (800, 600) @15-11-2021 01:52:45.0732 AM
[ReportManager] Window size after SWD Maximize: (1176, 811) @15-11-2021 01:52:45.0763 AM
[ReportManager] Browser Action [MaximizeWindow] successfully performed. With the following test data [New screen size is now: (1176, 811)]. @15-11-2021 01:52:45.0763 A

################################################################################################################################################
Starting Execution:	[126 out of 146] test cases in the current suite
Test Method:		[testPackage01.Test_google.navigateToURLandVerifyGoogleLogoIsDisplayed]
Test Description:	[TC001 - Navigate to URL and Verify Google Logo is Displayed]
################################################################################################################################################
[ReportManager] Target URL: [https://www.google.com/ncr], and after redirection: [https://www.google.com] @15-11-2021 01:52:45.0766 AM
[ReportManager] Initial URL: [] @15-11-2021 01:52:45.0849 AM
[ReportManager] Browser Action [NavigateToURL] successfully performed. With the following test data [https://www.google.com/ncr]. @15-11-2021 01:52:47.0393 AM
[ReportManager] Loaded Shared OpenCV @15-11-2021 01:52:47.0473 AM
[ReportManager] Assertion Passed: Then I Assert that the element found by [By.xpath: //*[@id='hplogo' or @alt='Google']] exists. @15-11-2021 01:52:47.0596 AM
[ReportManager] Successfully created attachment [Screenshot - 1636941167473_navigateToURLandVerifyGoogleLogoIsDisplayed_ValidateElementExists_passed] @15-11-2021 01:52:47.0598 AM
[ReportManager] Assertion [ValidateElementExists] PASSED. Expected [Element Should Exist, locator 'By.xpath: //*[@id='hplogo' or @alt='Google']'] and Actual [Element Exists]. Comparison Type [EQUALS]. Validation Type [POSITIVE]. @15-11-2021 01:52:47.0598 A

################################################################################################################################################
Starting Execution:	[127 out of 146] test cases in the current suite
Test Method:		[testPackage01.Test_google.searchForQueryandAssertResultsNumDisplayed]
Test Description:	[TC002 - Search for Query and Assert that the number of results is displayed]
################################################################################################################################################
[ReportManager] Element Action [Type] successfully performed. With the following test data [SHAFT_Engine]. @15-11-2021 01:52:48.0088 AM
[ReportManager] Element Action [KeyPress] successfully performed. With the following test data [Enter]. @15-11-2021 01:52:48.0139 A

################################################################################################################################################
Starting Execution:	[128 out of 146] test cases in the current suite
Test Method:		[testPackage01.Test_google.clickNextThrice]
Test Description:	[TC003 - Clicks the next button to make sure that the framework can scroll element into view before clicking it]
###############################################################################################################################################
[ReportManager] Browser Action [CloseCurrentWindow] successfully performed. @15-11-2021 01:52:48.0586 AM
[ReportManager] Successfully created attachment [Browser Action Test Data - CloseCurrentWindow - Actual Value] @15-11-2021 01:52:48.0587 A

################################################################################################################################################
Starting Execution:	[129 out of 146] test cases in the current suite
Test Method:		[testPackage01.Test_chainableElementActions.chainElementActions]
################################################################################################################################################
[ReportManager] File Action [GetAbsolutePath] successfully performed. With the following test data [Relative Folder Path: "target/downloadedFiles/"]. @15-11-2021 01:52:48.0589 AM
[ReportManager] Attempting to run locally on: [Mac-64], [GoogleChrome], Headless Execution. @15-11-2021 01:52:48.0590 AM
[ReportManager] Identifying OS/Driver combination and selecting the correct driver version automatically. Please note that if a new driver executable will be downloaded it may take some time... @15-11-2021 01:52:48.0591 AM
[ReportManager] Successfully Opened Google Chrome. @15-11-2021 01:52:51.0548 AM
[ReportManager] Initial window size: (1920, 1080) @15-11-2021 01:52:51.0553 AM
[ReportManager] Window size after SWD Maximize: (1920, 1080) @15-11-2021 01:52:51.0797 AM
[ReportManager] Window size after Toolkit: (1920, 1080) @15-11-2021 01:52:52.0269 AM
[ReportManager] Browser Action [MaximizeWindow] successfully performed. With the following test data [New screen size is now: (1920, 1080)]. @15-11-2021 01:52:52.0276 AM
[ReportManager] Target URL: [https://www.google.com/ncr], and after redirection: [https://www.google.com] @15-11-2021 01:52:52.0276 AM
[ReportManager] Initial URL: [data:,] @15-11-2021 01:52:52.0335 AM
[ReportManager] Browser Action [NavigateToURL] successfully performed. With the following test data [https://www.google.com/ncr]. @15-11-2021 01:52:53.0360 AM
[ReportManager] Element Action [Type] successfully performed. With the following test data [chained type 1]. @15-11-2021 01:52:53.0851 AM
[ReportManager] Element Action [Type] successfully performed. With the following test data [chained type 2]. @15-11-2021 01:52:54.0154 AM
[ReportManager] Element Action [TypeAppend] successfully performed. With the following test data [345]. @15-11-2021 01:52:54.0230 AM
[ReportManager] Element Action [GetText] successfully performed. With the following test data [chained type 2345]. @15-11-2021 01:52:54.0303 AM
[ReportManager] Loaded Shared OpenCV @15-11-2021 01:52:54.0724 AM
[ReportManager] Assertion [ValidateElementAttribute] PASSED. Expected [Value Should be 'chained type 2345' for the 'text' attribute, element locator 'By.name: q'] and Actual [chained type 2345]. Comparison Type [EQUALS]. Validation Type [POSITIVE]. @15-11-2021 01:52:54.0936 AM
[ReportManager] Successfully created attachment [Screenshot - 1636941174724_chainElementActions_ValidateElementAttribute_passed] @15-11-2021 01:52:54.0939 AM
[ReportManager] Browser Action [CloseCurrentWindow] successfully performed. @15-11-2021 01:52:55.0179 AM
[ReportManager] Successfully created attachment [Browser Action Test Data - CloseCurrentWindow - Actual Value] @15-11-2021 01:52:55.0180 A
[ReportManager] File Action [GetAbsolutePath] successfully performed. With the following test data [Relative Folder Path: "target/downloadedFiles/"]. @15-11-2021 01:52:55.0187 AM
[ReportManager] Attempting to run locally on: [Mac-64], [Safari], Headless Execution. @15-11-2021 01:52:55.0187 AM
[ReportManager] Successfully Opened Safari. @15-11-2021 01:52:56.0079 AM
[ReportManager] Initial window size: (800, 600) @15-11-2021 01:52:56.0099 AM
[ReportManager] Window size after SWD Maximize: (1176, 811) @15-11-2021 01:52:56.0115 AM
[ReportManager] Browser Action [MaximizeWindow] successfully performed. With the following test data [New screen size is now: (1176, 811)]. @15-11-2021 01:52:56.0116 A

################################################################################################################################################
Starting Execution:	[130 out of 146] test cases in the current suite
Test Method:		[testPackage01.Test_RelativeLocators.relativeLocatorsTest1]
################################################################################################################################################
[ReportManager] Target URL: [https://duckduckgo.com/] @15-11-2021 01:52:56.0134 AM
[ReportManager] Initial URL: [] @15-11-2021 01:52:56.0197 AM
[ReportManager] Browser Action [NavigateToURL] successfully performed. With the following test data [https://duckduckgo.com/]. @15-11-2021 01:52:56.0996 AM
[ReportManager] Element Action [Type] successfully performed. With the following test data [SHAFT_Engine]. @15-11-2021 01:52:57.0361 AM
[ReportManager] Element Action [KeyPress] successfully performed. With the following test data [ENTER]. @15-11-2021 01:52:57.0404 A
[ReportManager] Browser Action [CloseCurrentWindow] successfully performed. @15-11-2021 01:52:57.0869 AM
[ReportManager] Successfully created attachment [Browser Action Test Data - CloseCurrentWindow - Actual Value] @15-11-2021 01:52:57.0870 A

################################################################################################################################################
Starting Execution:	[131 out of 146] test cases in the current suite
Test Method:		[testPackage01.Test_JsonCompareWithSpecialCharacters.specialCharacters]
################################################################################################################################################
[ReportManager] File Action [GetAbsolutePath] successfully performed. With the following test data [Relative Folder Path: "src/test/resources/testDataFiles/specialCharacters.json"]. @15-11-2021 01:52:57.0875 AM
[ReportManager] File Action [ReadFromFile] successfully performed. With the following test data [File Path: "/Users/runner/work/SHAFT_ENGINE/SHAFT_ENGINE/src/test/resources/testDataFiles/specialCharacters.json"]. @15-11-2021 01:52:57.0875 AM
[ReportManager] Successfully created attachment [File Action Actual Result - Command Log] @15-11-2021 01:52:57.0876 AM
[ReportManager] Comparing the provided API response with the file at this path "src/test/resources/testDataFiles/specialCharacters.json", comparison type "EQUALS" @15-11-2021 01:52:57.0876 AM
[ReportManager] API Action [CompareJSON] successfully performed. With the following test data [src/test/resources/testDataFiles/specialCharacters.json]. @15-11-2021 01:52:57.0885 AM
[ReportManager] File Action [GetAbsolutePath] successfully performed. With the following test data [Relative Folder Path: "src/test/resources/testDataFiles/specialCharacters.json"]. @15-11-2021 01:52:57.0885 AM
[ReportManager] File Action [ReadFromFile] successfully performed. With the following test data [File Path: "/Users/runner/work/SHAFT_ENGINE/SHAFT_ENGINE/src/test/resources/testDataFiles/specialCharacters.json"]. @15-11-2021 01:52:57.0886 AM
[ReportManager] Verification [ValidateJSONFileContent] PASSED. Expected [Response data should match the JSON File in this path 'src/test/resources/testDataFiles/specialCharacters.json'] and Actual [TRUE]. Comparison Type [EQUALS]. Validation Type [POSITIVE]. @15-11-2021 01:52:57.0891 AM
[ReportManager] Successfully created attachment [Validation Test Data - Expected JSON Value] @15-11-2021 01:52:57.0892 AM
[ReportManager] Successfully created attachment [Validation Test Data - Actual JSON Value] @15-11-2021 01:52:57.0892 A

################################################################################################################################################
Starting Execution:	[132 out of 146] test cases in the current suite
Test Method:		[testPackage01.Test_JsonCompareWithSpecialCharacters.specialCharacters_assertion]
################################################################################################################################################
[ReportManager] File Action [GetAbsolutePath] successfully performed. With the following test data [Relative Folder Path: "src/test/resources/testDataFiles/specialCharacters.json"]. @15-11-2021 01:52:57.0896 AM
[ReportManager] File Action [ReadFromFile] successfully performed. With the following test data [File Path: "/Users/runner/work/SHAFT_ENGINE/SHAFT_ENGINE/src/test/resources/testDataFiles/specialCharacters.json"]. @15-11-2021 01:52:57.0896 AM
[ReportManager] Successfully created attachment [File Action Actual Result - Command Log] @15-11-2021 01:52:57.0897 AM
[ReportManager] Comparing the provided API response with the file at this path "src/test/resources/testDataFiles/specialCharacters.json", comparison type "CONTAINS" @15-11-2021 01:52:57.0897 AM
[ReportManager] API Action [CompareJSON] successfully performed. With the following test data [src/test/resources/testDataFiles/specialCharacters.json]. @15-11-2021 01:52:57.0907 AM
[ReportManager] File Action [GetAbsolutePath] successfully performed. With the following test data [Relative Folder Path: "src/test/resources/testDataFiles/specialCharacters.json"]. @15-11-2021 01:52:57.0907 AM
[ReportManager] File Action [ReadFromFile] successfully performed. With the following test data [File Path: "/Users/runner/work/SHAFT_ENGINE/SHAFT_ENGINE/src/test/resources/testDataFiles/specialCharacters.json"]. @15-11-2021 01:52:57.0908 AM
[ReportManager] Assertion Passed: trying out the log message @15-11-2021 01:52:57.0913 AM
[ReportManager] Successfully created attachment [Validation Test Data - Expected JSON Value] @15-11-2021 01:52:57.0914 AM
[ReportManager] Successfully created attachment [Validation Test Data - Actual JSON Value] @15-11-2021 01:52:57.0914 AM
[ReportManager] Assertion [ValidateJSONFileContent] PASSED. Expected [Response data should match the JSON File in this path 'src/test/resources/testDataFiles/specialCharacters.json'] and Actual [TRUE]. Comparison Type [CONTAINS]. Validation Type [POSITIVE]. @15-11-2021 01:52:57.0914 A

################################################################################################################################################
Starting Execution:	[133 out of 146] test cases in the current suite
Test Method:		[testPackage01.Test_SkipDueToIssue.doNotSkip]
################################################################################################################################################
[ReportManager] This should not be skipped. @15-11-2021 01:52:57.0918 A

################################################################################################################################################
Starting Execution:	[134 out of 146] test cases in the current suite
Test Method:		[testPackage01.Test_SkipDueToIssue.skip]
################################################################################################################################################
[ReportManager] This should be skipped. @15-11-2021 01:52:57.0928 A

################################################################################################################################################
Starting Execution:	[135 out of 146] test cases in the current suite
Test Method:		[testPackage01.Test_SkipDueToIssue.skip2]
################################################################################################################################################
[ReportManager] This should be skipped. @15-11-2021 01:52:57.0935 A

################################################################################################################################################
Starting Execution:	[136 out of 146] test cases in the current suite
Test Method:		[testPackage01.Test_JSONFileManager.readStringFromJson]
################################################################################################################################################
[ReportManager] File Action [GetAbsolutePath] successfully performed. With the following test data [Relative Folder Path: "src/test/resources/testDataFiles/simpleJSON.json"]. @15-11-2021 01:52:57.0942 AM
[ReportManager] Successfully loaded the following test data file [src/test/resources/testDataFiles/simpleJSON.json]. @15-11-2021 01:52:57.0943 AM
[ReportManager] Successfully created attachment [Test Data - JSON] @15-11-2021 01:52:57.0944 AM
[ReportManager] File Action [GetAbsolutePath] successfully performed. With the following test data [Relative Folder Path: "src/test/resources/testDataFiles/simpleJSON.json"]. @15-11-2021 01:52:57.0946 AM
[ReportManager] Assertion [ValidateEquals] PASSED. Expected [Mohab Mohie] and Actual [Mohab Mohie]. Comparison Type [EQUALS]. Validation Type [POSITIVE]. @15-11-2021 01:52:57.0964 A
[ReportManager] File Action [GetAbsolutePath] successfully performed. With the following test data [Relative Folder Path: "target/downloadedFiles/"]. @15-11-2021 01:52:57.0967 AM
[ReportManager] Attempting to run locally on: [Mac-64], [Safari], Headless Execution. @15-11-2021 01:52:57.0967 AM
[ReportManager] Successfully Opened Safari. @15-11-2021 01:52:58.0850 AM
[ReportManager] Initial window size: (800, 600) @15-11-2021 01:52:58.0856 AM
[ReportManager] Window size after SWD Maximize: (1176, 811) @15-11-2021 01:52:58.0888 AM
[ReportManager] Browser Action [MaximizeWindow] successfully performed. With the following test data [New screen size is now: (1176, 811)]. @15-11-2021 01:52:58.0888 A

################################################################################################################################################
Starting Execution:	[137 out of 146] test cases in the current suite
Test Method:		[testPackage01.Test_assertEquals.test_assertElementAttribute]
################################################################################################################################################
[ReportManager] Target URL: [https://www.google.com/ncr], and after redirection: [https://www.google.com] @15-11-2021 01:52:58.0891 AM
[ReportManager] Initial URL: [] @15-11-2021 01:52:58.0990 AM
[ReportManager] Browser Action [NavigateToURL] successfully performed. With the following test data [https://www.google.com/ncr]. @15-11-2021 01:53:00.0481 AM
[ReportManager] Element Action [Type] successfully performed. With the following test data [INC_004010050:Another SCHEDULER with the same name [Duplicate Job Name] already exists.]. @15-11-2021 01:53:03.0171 AM
[ReportManager] Element Action [GetText] successfully performed. With the following test data [INC_004010050:Another SCHEDULER with the same name [Duplicate Job Name] already exists.]. @15-11-2021 01:53:03.0220 AM
[ReportManager] Loaded Shared OpenCV @15-11-2021 01:53:03.0286 AM
[ReportManager] Assertion [ValidateElementAttribute] PASSED. Expected [Value Should be 'INC_004010050:Another SCHEDULER with the same name \[Duplicate Job Name\] already exists.' for the 'text' attribute, element locator 'By.name: q'] and Actual [INC_004010050:Another SCHEDULER with the same name [Duplicate Job Name] already exists.]. Comparison Type [MATCHES]. Validation Type [POSITIVE]. @15-11-2021 01:53:03.0419 AM
[ReportManager] Successfully created attachment [Screenshot - 1636941183286_test_assertElementAttribute_ValidateElementAttribute_passed] @15-11-2021 01:53:03.0423 A
[ReportManager] Browser Action [CloseCurrentWindow] successfully performed. @15-11-2021 01:53:03.0728 AM
[ReportManager] Successfully created attachment [Browser Action Test Data - CloseCurrentWindow - Actual Value] @15-11-2021 01:53:03.0729 A
[ReportManager] File Action [GetAbsolutePath] successfully performed. With the following test data [Relative Folder Path: "target/downloadedFiles/"]. @15-11-2021 01:53:03.0732 AM
[ReportManager] Attempting to run locally on: [Mac-64], [Safari], Headless Execution. @15-11-2021 01:53:03.0732 AM
[ReportManager] Successfully Opened Safari. @15-11-2021 01:53:04.0684 AM
[ReportManager] Initial window size: (800, 600) @15-11-2021 01:53:04.0719 AM
[ReportManager] Window size after SWD Maximize: (1176, 811) @15-11-2021 01:53:04.0793 AM
[ReportManager] Browser Action [MaximizeWindow] successfully performed. With the following test data [New screen size is now: (1176, 811)]. @15-11-2021 01:53:04.0794 A

################################################################################################################################################
Starting Execution:	[138 out of 146] test cases in the current suite
Test Method:		[testPackage01.Test_IsElementClickable.testIsElementClickable]
################################################################################################################################################
[ReportManager] Target URL: [https://the-internet.herokuapp.com/] @15-11-2021 01:53:04.0800 AM
[ReportManager] Initial URL: [] @15-11-2021 01:53:04.0886 AM
[ReportManager] Browser Action [NavigateToURL] successfully performed. With the following test data [https://the-internet.herokuapp.com/]. @15-11-2021 01:53:06.0268 AM
[ReportManager] Element Action [IsElementClickable] successfully performed. @15-11-2021 01:53:06.0356 AM
[ReportManager] Assertion [ValidateTrue] PASSED. Expected [TRUE] and Actual [TRUE]. Validation Type [POSITIVE]. @15-11-2021 01:53:06.0356 A
[ReportManager] Browser Action [CloseCurrentWindow] successfully performed. @15-11-2021 01:53:06.0794 AM
[ReportManager] Successfully created attachment [Browser Action Test Data - CloseCurrentWindow - Actual Value] @15-11-2021 01:53:06.0795 A
[ReportManager] Successfully loaded the following test data file [src/test/resources/TestDataFiles/testSuite01/TestData.xlsx]. @15-11-2021 01:53:06.0835 AM
[ReportManager] Successfully created attachment [Test Data - Excel] @15-11-2021 01:53:06.0835 AM
[ReportManager] Attempting to run using Playwright locally on: [Mac-64], [Safari], Headless Execution. @15-11-2021 01:53:33.0339 AM
[ReportManager] File Action [GetAbsolutePath] successfully performed. With the following test data [Relative Folder Path: "target/downloadedFiles/"]. @15-11-2021 01:53:33.0340 AM
[ReportManager] Initial window size: (1280, 720) @15-11-2021 01:53:39.0903 AM
[ReportManager] Window size after Toolkit: com.microsoft.playwright.options.ViewportSize@63eaf9e4 @15-11-2021 01:53:39.0912 AM
[ReportManager] Browser Action [MaximizeWindow] successfully performed. With the following test data [New screen size is now: (1920, 1080)]. @15-11-2021 01:53:39.0912 A

################################################################################################################################################
Starting Execution:	[139 out of 146] test cases in the current suite
Test Method:		[testPackage01.Test_google_playwright.navigateToURLandVerifyGoogleLogoIsDisplayed]
Test Description:	[TC001 - Navigate to URL and Verify Google Logo is Displayed]
################################################################################################################################################
[ReportManager] Target URL: [https://www.google.com/ncr], and after redirection: [https://www.google.com] @15-11-2021 01:53:40.0083 AM
[ReportManager] Initial URL: [about:blank] @15-11-2021 01:53:40.0443 AM
[ReportManager] Browser Action [NavigateToURL] successfully performed. With the following test data [https://www.google.com/ncr]. @15-11-2021 01:53:42.0080 AM
[ReportManager] Loaded Shared OpenCV @15-11-2021 01:53:42.0184 AM
[ReportManager] Assertion [ValidateElementExists] PASSED. Expected [Element Should Exist, locator 'xpath=//*[@id='hplogo' or @alt='Google']'] and Actual [Element Exists]. Comparison Type [EQUALS]. Validation Type [POSITIVE]. @15-11-2021 01:53:42.0369 AM
[ReportManager] Successfully created attachment [Screenshot - 1636941222181_navigateToURLandVerifyGoogleLogoIsDisplayed_ValidateElementExists_passed] @15-11-2021 01:53:42.0371 A

################################################################################################################################################
Starting Execution:	[140 out of 146] test cases in the current suite
Test Method:		[testPackage01.Test_google_playwright.searchForQueryandAssertResultsNumDisplayed]
Test Description:	[TC002 - Search for Query and Assert that the number of results is displayed]
################################################################################################################################################
[ReportManager] Element Action [Type] successfully performed. With the following test data [SHAFT_Engine]. @15-11-2021 01:53:42.0542 AM
[ReportManager] Element Action [KeyPress] successfully performed. With the following test data [Enter]. @15-11-2021 01:53:42.0646 AM
[ReportManager] Element Action [GetText] successfully performed. With the following test data [About 891,000 results (0.69 seconds)Â 
]. @15-11-2021 01:53:44.0110 AM
[ReportManager] Loaded Shared OpenCV @15-11-2021 01:53:45.0586 AM
[ReportManager] Assertion [ValidateElementAttribute] PASSED. Expected [Value Should not be '' for the 'text' attribute, element locator 'xpath=//div[@id='appbar']'] and Actual [About 891,000 results (0.69 seconds)Â 
]. Comparison Type [EQUALS]. Validation Type [NEGATIVE]. @15-11-2021 01:53:45.0835 AM
[ReportManager] Successfully created attachment [Screenshot - 1636941225584_searchForQueryandAssertResultsNumDisplayed_ValidateElementAttribute_passed] @15-11-2021 01:53:45.0837 A

################################################################################################################################################
Starting Execution:	[141 out of 146] test cases in the current suite
Test Method:		[testPackage01.Test_google_playwright.clickNextThrice]
Test Description:	[TC003 - Clicks the next button to make sure that the framework can scroll element into view before clicking it]
################################################################################################################################################
[ReportManager] Element Action [Click] successfully performed. With the following test data [Next]. @15-11-2021 01:53:46.0110 A
[ReportManager] Failed to find video recording. @15-11-2021 01:53:46.0113 AM
[ReportManager] Successfully Closed PlayWright Driver. @15-11-2021 01:53:46.0166 A
[ReportManager] File Action [GetAbsolutePath] successfully performed. With the following test data [Relative Folder Path: "target/downloadedFiles/"]. @15-11-2021 01:53:46.0168 AM
[ReportManager] Attempting to run locally on: [Mac-64], [Safari], Headless Execution. @15-11-2021 01:53:46.0168 AM
[ReportManager] Successfully Opened Safari. @15-11-2021 01:53:47.0276 AM
[ReportManager] Initial window size: (800, 600) @15-11-2021 01:53:47.0303 AM
[ReportManager] Window size after SWD Maximize: (1176, 811) @15-11-2021 01:53:47.0325 AM
[ReportManager] Browser Action [MaximizeWindow] successfully performed. With the following test data [New screen size is now: (1176, 811)]. @15-11-2021 01:53:47.0325 A

################################################################################################################################################
Starting Execution:	[142 out of 146] test cases in the current suite
Test Method:		[testPackage01.Test_verifyEquals.test_assertElementAttribute]
################################################################################################################################################
[ReportManager] Target URL: [https://www.google.com/ncr], and after redirection: [https://www.google.com] @15-11-2021 01:53:47.0328 AM
[ReportManager] Initial URL: [] @15-11-2021 01:53:47.0394 AM
[ReportManager] Browser Action [NavigateToURL] successfully performed. With the following test data [https://www.google.com/ncr]. @15-11-2021 01:53:48.0777 AM
[ReportManager] Element Action [Type] successfully performed. With the following test data [INC_004010050:Another SCHEDULER with the same name [Duplicate Job Name] already exists.]. @15-11-2021 01:53:51.0594 AM
[ReportManager] Element Action [GetText] successfully performed. With the following test data [INC_004010050:Another SCHEDULER with the same name [Duplicate Job Name] already exists.]. @15-11-2021 01:53:51.0640 AM
[ReportManager] Loaded Shared OpenCV @15-11-2021 01:53:51.0697 AM
[ReportManager] Verification [ValidateElementAttribute] PASSED. Expected [Value Should be 'INC_004010050:Another SCHEDULER with the same name \[Duplicate Job Name\] already exists.' for the 'text' attribute, element locator 'By.name: q'] and Actual [INC_004010050:Another SCHEDULER with the same name [Duplicate Job Name] already exists.]. Comparison Type [MATCHES]. Validation Type [POSITIVE]. @15-11-2021 01:53:51.0816 AM
[ReportManager] Successfully created attachment [Screenshot - 1636941231697_test_assertElementAttribute_ValidateElementAttribute_passed] @15-11-2021 01:53:51.0818 A
[ReportManager] Browser Action [CloseCurrentWindow] successfully performed. @15-11-2021 01:53:52.0225 AM
[ReportManager] Successfully created attachment [Browser Action Test Data - CloseCurrentWindow - Actual Value] @15-11-2021 01:53:52.0226 A

################################################################################################################################################
Starting Execution:	[143 out of 146] test cases in the current suite
Test Method:		[testPackage01.Test_SelectedValue.multipleSelect]
################################################################################################################################################
[ReportManager] File Action [GetAbsolutePath] successfully performed. With the following test data [Relative Folder Path: "target/downloadedFiles/"]. @15-11-2021 01:53:52.0230 AM
[ReportManager] Attempting to run locally on: [Mac-64], [GoogleChrome], Headless Execution. @15-11-2021 01:53:52.0230 AM
[ReportManager] Identifying OS/Driver combination and selecting the correct driver version automatically. Please note that if a new driver executable will be downloaded it may take some time... @15-11-2021 01:53:52.0230 AM
[ReportManager] Successfully Opened Google Chrome. @15-11-2021 01:53:52.0728 AM
[ReportManager] Initial window size: (1920, 1080) @15-11-2021 01:53:52.0732 AM
[ReportManager] Window size after SWD Maximize: (1920, 1080) @15-11-2021 01:53:52.0841 AM
[ReportManager] Window size after Toolkit: (1920, 1080) @15-11-2021 01:53:53.0496 AM
[ReportManager] Browser Action [MaximizeWindow] successfully performed. With the following test data [New screen size is now: (1920, 1080)]. @15-11-2021 01:53:53.0499 AM
[ReportManager] Target URL: [https://yari-demos.prod.mdn.mozit.cloud/en-US/docs/Web/HTML/Element/select/_sample_.Advanced_select_with_multiple_features.html] @15-11-2021 01:53:53.0499 AM
[ReportManager] Initial URL: [data:,] @15-11-2021 01:53:53.0529 AM
[ReportManager] Browser Action [NavigateToURL] successfully performed. With the following test data [https://yari-demos.prod.mdn.mozit.cloud/en-US/docs/Web/HTML/Element/select/_sample_.Advanced_select_with_multiple_features.html]. @15-11-2021 01:53:53.0747 AM
[ReportManager] Element Action [Select] successfully performed. With the following test data [Dog]. @15-11-2021 01:53:53.0949 AM
[ReportManager] Element Action [Select] successfully performed. With the following test data [Cat]. @15-11-2021 01:53:54.0113 AM
[ReportManager] Element Action [GetSelectedText] successfully performed. With the following test data [DogCat]. @15-11-2021 01:53:54.0210 AM
[ReportManager] DogCat @15-11-2021 01:53:54.0211 AM
[ReportManager] Element Action [GetSelectedText] successfully performed. With the following test data [DogCat]. @15-11-2021 01:53:54.0288 AM
[ReportManager] Loaded Shared OpenCV @15-11-2021 01:53:54.0642 AM
[ReportManager] Assertion [ValidateElementAttribute] PASSED. Expected [Value Should be 'DogCat' for the 'selectedText' attribute, element locator 'By.tagName: select'] and Actual [DogCat]. Comparison Type [EQUALS]. Validation Type [POSITIVE]. @15-11-2021 01:53:54.0827 AM
[ReportManager] Successfully created attachment [Screenshot - 1636941234642_multipleSelect_ValidateElementAttribute_passed] @15-11-2021 01:53:54.0827 AM
[ReportManager] Browser Action [CloseCurrentWindow] successfully performed. @15-11-2021 01:53:55.0112 AM
[ReportManager] Successfully created attachment [Browser Action Test Data - CloseCurrentWindow - Actual Value] @15-11-2021 01:53:55.0112 A

################################################################################################################################################
Starting Execution:	[144 out of 146] test cases in the current suite
Test Method:		[testPackage01.Test_SelectedValue.simpleSelect]
################################################################################################################################################
[ReportManager] File Action [GetAbsolutePath] successfully performed. With the following test data [Relative Folder Path: "target/downloadedFiles/"]. @15-11-2021 01:53:55.0115 AM
[ReportManager] Attempting to run locally on: [Mac-64], [GoogleChrome], Headless Execution. @15-11-2021 01:53:55.0116 AM
[ReportManager] Identifying OS/Driver combination and selecting the correct driver version automatically. Please note that if a new driver executable will be downloaded it may take some time... @15-11-2021 01:53:55.0116 AM
[ReportManager] Successfully Opened Google Chrome. @15-11-2021 01:53:55.0616 AM
[ReportManager] Initial window size: (1920, 1080) @15-11-2021 01:53:55.0620 AM
[ReportManager] Window size after SWD Maximize: (1920, 1080) @15-11-2021 01:53:55.0782 AM
[ReportManager] Window size after Toolkit: (1920, 1080) @15-11-2021 01:53:56.0109 AM
[ReportManager] Browser Action [MaximizeWindow] successfully performed. With the following test data [New screen size is now: (1920, 1080)]. @15-11-2021 01:53:56.0112 AM
[ReportManager] Target URL: [https://yari-demos.prod.mdn.mozit.cloud/en-US/docs/Web/HTML/Element/select/_sample_.Basic_select.html] @15-11-2021 01:53:56.0112 AM
[ReportManager] Initial URL: [data:,] @15-11-2021 01:53:56.0141 AM
[ReportManager] Browser Action [NavigateToURL] successfully performed. With the following test data [https://yari-demos.prod.mdn.mozit.cloud/en-US/docs/Web/HTML/Element/select/_sample_.Basic_select.html]. @15-11-2021 01:53:56.0341 AM
[ReportManager] Element Action [Select] successfully performed. With the following test data [Third Value]. @15-11-2021 01:53:56.0579 AM
[ReportManager] Element Action [GetSelectedText] successfully performed. With the following test data [Third Value]. @15-11-2021 01:53:56.0639 AM
[ReportManager] Third Value @15-11-2021 01:53:56.0639 AM
[ReportManager] Element Action [GetSelectedText] successfully performed. With the following test data [Third Value]. @15-11-2021 01:53:56.0696 AM
[ReportManager] Loaded Shared OpenCV @15-11-2021 01:53:57.0042 AM
[ReportManager] Assertion [ValidateElementAttribute] PASSED. Expected [Value Should be 'Third Value' for the 'selectedText' attribute, element locator 'By.tagName: select'] and Actual [Third Value]. Comparison Type [EQUALS]. Validation Type [POSITIVE]. @15-11-2021 01:53:57.0252 AM
[ReportManager] Successfully created attachment [Screenshot - 1636941237042_simpleSelect_ValidateElementAttribute_passed] @15-11-2021 01:53:57.0252 AM
[ReportManager] Browser Action [CloseCurrentWindow] successfully performed. @15-11-2021 01:53:57.0353 AM
[ReportManager] Successfully created attachment [Browser Action Test Data - CloseCurrentWindow - Actual Value] @15-11-2021 01:53:57.0354 A
[ReportManager] File Action [GetAbsolutePath] successfully performed. With the following test data [Relative Folder Path: "target/downloadedFiles/"]. @15-11-2021 01:53:57.0356 AM
[ReportManager] Attempting to run locally on: [Mac-64], [Safari], Headless Execution. @15-11-2021 01:53:57.0356 AM
[ReportManager] Successfully Opened Safari. @15-11-2021 01:53:58.0157 AM
[ReportManager] Initial window size: (800, 600) @15-11-2021 01:53:58.0165 AM
[ReportManager] Window size after SWD Maximize: (1176, 811) @15-11-2021 01:53:58.0191 AM
[ReportManager] Browser Action [MaximizeWindow] successfully performed. With the following test data [New screen size is now: (1176, 811)]. @15-11-2021 01:53:58.0192 A

################################################################################################################################################
Starting Execution:	[145 out of 146] test cases in the current suite
Test Method:		[testPackage01.Test_dynamicLoading.dynamicLoading_elementIsHidden]
################################################################################################################################################
[ReportManager] Target URL: [https://the-internet.herokuapp.com/dynamic_loading/1] @15-11-2021 01:53:58.0195 AM
[ReportManager] Initial URL: [] @15-11-2021 01:53:58.0278 AM
[ReportManager] Browser Action [NavigateToURL] successfully performed. With the following test data [https://the-internet.herokuapp.com/dynamic_loading/1]. @15-11-2021 01:53:59.0504 AM
[ReportManager] Element Action [Click] successfully performed. With the following test data [Start]. @15-11-2021 01:53:59.0761 AM
[ReportManager] Element Action [GetText] successfully performed. With the following test data [
    Hello World!
  ]. @15-11-2021 01:53:59.0792 A
[ReportManager] Browser Action [CloseCurrentWindow] successfully performed. @15-11-2021 01:54:00.0194 AM
[ReportManager] Successfully created attachment [Browser Action Test Data - CloseCurrentWindow - Actual Value] @15-11-2021 01:54:00.0195 A
[ReportManager] File Action [GetAbsolutePath] successfully performed. With the following test data [Relative Folder Path: "target/downloadedFiles/"]. @15-11-2021 01:54:00.0197 AM
[ReportManager] Attempting to run locally on: [Mac-64], [Safari], Headless Execution. @15-11-2021 01:54:00.0197 AM
[ReportManager] Successfully Opened Safari. @15-11-2021 01:54:01.0047 AM
[ReportManager] Initial window size: (800, 600) @15-11-2021 01:54:01.0075 AM
[ReportManager] Window size after SWD Maximize: (1176, 811) @15-11-2021 01:54:01.0097 AM
[ReportManager] Browser Action [MaximizeWindow] successfully performed. With the following test data [New screen size is now: (1176, 811)]. @15-11-2021 01:54:01.0097 A

################################################################################################################################################
Starting Execution:	[146 out of 146] test cases in the current suite
Test Method:		[testPackage01.Test_dynamicLoading.dynamicLoading_elementIsRendered]
################################################################################################################################################
[ReportManager] Target URL: [https://the-internet.herokuapp.com/dynamic_loading/2] @15-11-2021 01:54:01.0100 AM
[ReportManager] Initial URL: [] @15-11-2021 01:54:01.0177 AM
[ReportManager] Browser Action [NavigateToURL] successfully performed. With the following test data [https://the-internet.herokuapp.com/dynamic_loading/2]. @15-11-2021 01:54:02.0527 AM
[ReportManager] Element Action [Click] successfully performed. With the following test data [Start]. @15-11-2021 01:54:02.0783 A
[ReportManager] Browser Action [CloseCurrentWindow] successfully performed. @15-11-2021 01:54:03.0128 AM
[ReportManager] Successfully created attachment [Browser Action Test Data - CloseCurrentWindow - Actual Value] @15-11-2021 01:54:03.0129 A
[ReportManager] Successfully created attachment [SHAFT Engine Logs - Execution log] @15-11-2021 01:54:03.0158 AM

################################################################################################################################################
This test run was powered by SHAFT Engine Version: [SHAFT Engine v5.4.20211114-BETA]
SHAFT Engine is licensed under the MIT License: [https://github.com/MohabMohie/SHAFT_ENGINE/blob/master/LICENSE].
################################################################################################################################################