################################################################################################################################################
Detected SHAFT Engine Version: [SHAFT Engine v6.1.20220113]
################################################################################################################################################
[ReportManager] File Action [GetAbsolutePath] successfully performed. With the following test data [Relative Folder Path: "target/downloadedFiles/"]. @31-01-2022 01:47:28.0384 AM
[ReportManager] Attempting to run locally on: [Mac-64], [Safari], Headless Execution. @31-01-2022 01:47:28.0399 AM
[ReportManager] Successfully Opened Safari. @31-01-2022 01:47:33.0888 AM
[ReportManager] Initial window size: (800, 600) @31-01-2022 01:47:33.0908 AM
[ReportManager] Window size after SWD Maximize: (1176, 802) @31-01-2022 01:47:33.0954 AM
[ReportManager] Browser Action [MaximizeWindow] successfully performed. With the following test data [New screen size is now: (1176, 802)]. @31-01-2022 01:47:33.0962 A

################################################################################################################################################
Starting Execution:	[1 out of 162] test cases in the current suite
Test Method:		[unitTests.tests_element_elementActions.waitForElementToBePresent_false_expectedToFail]
################################################################################################################################################
[ReportManager] Target URL: [https://www.google.com/ncr], and after redirection: [www.google.com] @31-01-2022 01:47:34.0123 AM
[ReportManager] Initial URL: [] @31-01-2022 01:47:34.0187 AM
[ReportManager] Browser Action [NavigateToURL] successfully performed. With the following test data [https://www.google.com/ncr]. @31-01-2022 01:47:36.0361 AM
[ReportManager] Waiting for element to be present; elementLocator [By.xpath: //*[@id='hplogo' or @alt='Google']], numberOfTries[1], stateOfPresence[false]... @31-01-2022 01:47:36.0370 AM
[ReportManager] Element Action [WaitForElementToBePresent] failed. With the following test data [waited for the element's state of presence to be (false). Element locator (By.xpath: //*[@id='hplogo' or @alt='Google'])]. @31-01-2022 01:47:40.0414 AM
[ReportManager] Successfully created attachment [Screenshot - 1643593656507_waitForElementToBePresent_false_expectedToFail_WaitForElementToBePresent_failed] @31-01-2022 01:47:40.0430 A
[ReportManager] Browser Action [CloseCurrentWindow] successfully performed. @31-01-2022 01:47:40.0702 AM
[ReportManager] Successfully created attachment [Browser Action Test Data - CloseCurrentWindow - Actual Value] @31-01-2022 01:47:40.0703 A
[ReportManager] File Action [GetAbsolutePath] successfully performed. With the following test data [Relative Folder Path: "target/downloadedFiles/"]. @31-01-2022 01:47:40.0716 AM
[ReportManager] Attempting to run locally on: [Mac-64], [Safari], Headless Execution. @31-01-2022 01:47:40.0716 AM
[ReportManager] Successfully Opened Safari. @31-01-2022 01:47:41.0694 AM
[ReportManager] Initial window size: (800, 600) @31-01-2022 01:47:41.0732 AM
[ReportManager] Window size after SWD Maximize: (1176, 803) @31-01-2022 01:47:41.0796 AM
[ReportManager] Browser Action [MaximizeWindow] successfully performed. With the following test data [New screen size is now: (1176, 803)]. @31-01-2022 01:47:41.0797 A

################################################################################################################################################
Starting Execution:	[2 out of 162] test cases in the current suite
Test Method:		[unitTests.tests_element_elementActions.waitForElementToBePresent_false_expectedToPass]
################################################################################################################################################
[ReportManager] Target URL: [https://www.google.com/ncr], and after redirection: [www.google.com] @31-01-2022 01:47:41.0802 AM
[ReportManager] Initial URL: [] @31-01-2022 01:47:41.0888 AM
[ReportManager] Browser Action [NavigateToURL] successfully performed. With the following test data [https://www.google.com/ncr]. @31-01-2022 01:47:43.0941 AM
[ReportManager] Waiting for element to be present; elementLocator [By.id: bla], numberOfTries[1], stateOfPresence[false]... @31-01-2022 01:47:43.0942 AM
[ReportManager] org.openqa.selenium.TimeoutException:
Expected condition failed: waiting for com.shaft.gui.element.ElementActionsHelper$$Lambda$641/0x000000080112b150@2bd158ea (tried for 5 second(s) with 1000 milliseconds interval)
org.openqa.selenium.support.ui.FluentWait.timeoutException(FluentWait.java:263)
org.openqa.selenium.support.ui.FluentWait.until(FluentWait.java:231)
com.shaft.gui.element.ElementActionsHelper.waitForElementPresence(ElementActionsHelper.java:89)
com.shaft.gui.element.ElementActionsHelper.waitForElementPresence(ElementActionsHelper.java:37)
com.shaft.gui.element.WebDriverElementActions.getMatchingElementsCount(WebDriverElementActions.java:1481)
com.shaft.gui.element.WebDriverElementActions.waitForElementToBePresent(WebDriverElementActions.java:1295)
com.shaft.gui.element.ElementActions.waitForElementToBePresent(ElementActions.java:630)
unitTests.tests_element_elementActions.waitForElementToBePresent_false_expectedToPass(tests_element_elementActions.java:48)
java.base/jdk.internal.reflect.NativeMethodAccessorImpl.invoke0(Native Method)
java.base/jdk.internal.reflect.NativeMethodAccessorImpl.invoke(NativeMethodAccessorImpl.java:77)
java.base/jdk.internal.reflect.DelegatingMethodAccessorImpl.invoke(DelegatingMethodAccessorImpl.java:43)
java.base/java.lang.reflect.Method.invoke(Method.java:568)
org.testng.internal.invokers.MethodInvocationHelper.invokeMethod(MethodInvocationHelper.java:135)
org.testng.internal.invokers.TestInvoker.invokeMethod(TestInvoker.java:673)
org.testng.internal.invokers.TestInvoker.invokeTestMethod(TestInvoker.java:220)
org.testng.internal.invokers.MethodRunner.runInSequence(MethodRunner.java:50)
org.testng.internal.invokers.TestInvoker$MethodInvocationAgent.invoke(TestInvoker.java:945)
org.testng.internal.invokers.TestInvoker.invokeTestMethods(TestInvoker.java:193)
org.testng.internal.invokers.TestMethodWorker.invokeTestMethods(TestMethodWorker.java:146)
org.testng.internal.invokers.TestMethodWorker.run(TestMethodWorker.java:128)
java.base/java.util.ArrayList.forEach(ArrayList.java:1511)
org.testng.TestRunner.privateRun(TestRunner.java:808)
org.testng.TestRunner.run(TestRunner.java:603)
org.testng.SuiteRunner.runTest(SuiteRunner.java:429)
org.testng.SuiteRunner.runSequentially(SuiteRunner.java:423)
org.testng.SuiteRunner.privateRun(SuiteRunner.java:383)
org.testng.SuiteRunner.run(SuiteRunner.java:326)
org.testng.SuiteRunnerWorker.runSuite(SuiteRunnerWorker.java:52)
org.testng.SuiteRunnerWorker.run(SuiteRunnerWorker.java:95)
org.testng.TestNG.runSuitesSequentially(TestNG.java:1249)
org.testng.TestNG.runSuitesLocally(TestNG.java:1169)
org.testng.TestNG.runSuites(TestNG.java:1092)
org.testng.TestNG.run(TestNG.java:1060)
org.apache.maven.surefire.testng.TestNGExecutor.run(TestNGExecutor.java:136)
org.apache.maven.surefire.testng.TestNGDirectoryTestSuite.executeMulti(TestNGDirectoryTestSuite.java:193)
org.apache.maven.surefire.testng.TestNGDirectoryTestSuite.execute(TestNGDirectoryTestSuite.java:94)
org.apache.maven.surefire.testng.TestNGProvider.invoke(TestNGProvider.java:145)
org.apache.maven.surefire.booter.ForkedBooter.runSuitesInProcess(ForkedBooter.java:428)
org.apache.maven.surefire.booter.ForkedBooter.execute(ForkedBooter.java:162)
org.apache.maven.surefire.booter.ForkedBooter.run(ForkedBooter.java:562)
org.apache.maven.surefire.booter.ForkedBooter.main(ForkedBooter.java:548)

Caused by: org.openqa.selenium.NoSuchElementException:
For documentation on this error, please visit: https://selenium.dev/exceptions/#no_such_element
Build info: version: '4.1.1', revision: 'e8fcc2cecf'
System info: host: 'Mac-1643593460771.local', ip: '10.212.6.253', os.name: 'Mac OS X', os.arch: 'x86_64', os.version: '11.6.2', java.version: '17.0.2'
Driver info: org.openqa.selenium.safari.SafariDriver
Command: [ED279FE1-7298-48DF-A405-7DF7100FE968, findElement {using=id, value=bla}]
Capabilities {acceptInsecureCerts: false, browserName: Safari, browserVersion: 15.2, goog:loggingPrefs: {browser: ALL, client: ALL, driver: ALL, performance: ALL, profiler: ALL, server: ALL}, javascriptEnabled: true, pageLoadStrategy: normal, platform: MAC, platformName: MAC, safari:automaticInspection: false, safari:automaticProfiling: false, safari:diagnose: false, safari:platformBuildVersion: 20G314, safari:platformVersion: 11.6.2, safari:useSimulator: false, setWindowRect: true, strictFileInteractability: false, timeouts: {pageLoad: 30000, script: 30000}, webkit:WebRTC: {DisableICECandidateFiltering: false, DisableInsecureMediaCapture: false}}
Session ID: ED279FE1-7298-48DF-A405-7DF7100FE968
java.base/jdk.internal.reflect.NativeConstructorAccessorImpl.newInstance0(Native Method)
java.base/jdk.internal.reflect.NativeConstructorAccessorImpl.newInstance(NativeConstructorAccessorImpl.java:77)
java.base/jdk.internal.reflect.DelegatingConstructorAccessorImpl.newInstance(DelegatingConstructorAccessorImpl.java:45)
java.base/java.lang.reflect.Constructor.newInstanceWithCaller(Constructor.java:499)
java.base/java.lang.reflect.Constructor.newInstance(Constructor.java:480)
org.openqa.selenium.remote.codec.w3c.W3CHttpResponseCodec.createException(W3CHttpResponseCodec.java:200)
org.openqa.selenium.remote.codec.w3c.W3CHttpResponseCodec.decode(W3CHttpResponseCodec.java:133)
org.openqa.selenium.remote.codec.w3c.W3CHttpResponseCodec.decode(W3CHttpResponseCodec.java:53)
org.openqa.selenium.remote.HttpCommandExecutor.execute(HttpCommandExecutor.java:184)
org.openqa.selenium.remote.service.DriverCommandExecutor.invokeExecute(DriverCommandExecutor.java:167)
org.openqa.selenium.remote.service.DriverCommandExecutor.execute(DriverCommandExecutor.java:142)
org.openqa.selenium.remote.RemoteWebDriver.execute(RemoteWebDriver.java:543)
org.openqa.selenium.remote.ElementLocation$ElementFinder$2.findElement(ElementLocation.java:162)
org.openqa.selenium.remote.ElementLocation.findElement(ElementLocation.java:60)
org.openqa.selenium.remote.RemoteWebDriver.findElement(RemoteWebDriver.java:367)
org.openqa.selenium.remote.RemoteWebDriver.findElement(RemoteWebDriver.java:359)
com.shaft.gui.element.ElementActionsHelper.lambda$waitForElementPresence$0(ElementActionsHelper.java:92)
org.openqa.selenium.support.ui.FluentWait.until(FluentWait.java:208)
com.shaft.gui.element.ElementActionsHelper.waitForElementPresence(ElementActionsHelper.java:89)
com.shaft.gui.element.ElementActionsHelper.waitForElementPresence(ElementActionsHelper.java:37)
com.shaft.gui.element.WebDriverElementActions.getMatchingElementsCount(WebDriverElementActions.java:1481)
com.shaft.gui.element.WebDriverElementActions.waitForElementToBePresent(WebDriverElementActions.java:1295)
com.shaft.gui.element.ElementActions.waitForElementToBePresent(ElementActions.java:630)
unitTests.tests_element_elementActions.waitForElementToBePresent_false_expectedToPass(tests_element_elementActions.java:48)
java.base/jdk.internal.reflect.NativeMethodAccessorImpl.invoke0(Native Method)
java.base/jdk.internal.reflect.NativeMethodAccessorImpl.invoke(NativeMethodAccessorImpl.java:77)
java.base/jdk.internal.reflect.DelegatingMethodAccessorImpl.invoke(DelegatingMethodAccessorImpl.java:43)
java.base/java.lang.reflect.Method.invoke(Method.java:568)
org.testng.internal.invokers.MethodInvocationHelper.invokeMethod(MethodInvocationHelper.java:135)
org.testng.internal.invokers.TestInvoker.invokeMethod(TestInvoker.java:673)
org.testng.internal.invokers.TestInvoker.invokeTestMethod(TestInvoker.java:220)
org.testng.internal.invokers.MethodRunner.runInSequence(MethodRunner.java:50)
org.testng.internal.invokers.TestInvoker$MethodInvocationAgent.invoke(TestInvoker.java:945)
org.testng.internal.invokers.TestInvoker.invokeTestMethods(TestInvoker.java:193)
org.testng.internal.invokers.TestMethodWorker.invokeTestMethods(TestMethodWorker.java:146)
org.testng.internal.invokers.TestMethodWorker.run(TestMethodWorker.java:128)
java.base/java.util.ArrayList.forEach(ArrayList.java:1511)
org.testng.TestRunner.privateRun(TestRunner.java:808)
org.testng.TestRunner.run(TestRunner.java:603)
org.testng.SuiteRunner.runTest(SuiteRunner.java:429)
org.testng.SuiteRunner.runSequentially(SuiteRunner.java:423)
org.testng.SuiteRunner.privateRun(SuiteRunner.java:383)
org.testng.SuiteRunner.run(SuiteRunner.java:326)
org.testng.SuiteRunnerWorker.runSuite(SuiteRunnerWorker.java:52)
org.testng.SuiteRunnerWorker.run(SuiteRunnerWorker.java:95)
org.testng.TestNG.runSuitesSequentially(TestNG.java:1249)
org.testng.TestNG.runSuitesLocally(TestNG.java:1169)
org.testng.TestNG.runSuites(TestNG.java:1092)
org.testng.TestNG.run(TestNG.java:1060)
org.apache.maven.surefire.testng.TestNGExecutor.run(TestNGExecutor.java:136)
org.apache.maven.surefire.testng.TestNGDirectoryTestSuite.executeMulti(TestNGDirectoryTestSuite.java:193)
org.apache.maven.surefire.testng.TestNGDirectoryTestSuite.execute(TestNGDirectoryTestSuite.java:94)
org.apache.maven.surefire.testng.TestNGProvider.invoke(TestNGProvider.java:145)
org.apache.maven.surefire.booter.ForkedBooter.runSuitesInProcess(ForkedBooter.java:428)
org.apache.maven.surefire.booter.ForkedBooter.execute(ForkedBooter.java:162)
org.apache.maven.surefire.booter.ForkedBooter.run(ForkedBooter.java:562)
org.apache.maven.surefire.booter.ForkedBooter.main(ForkedBooter.java:548) @31-01-2022 01:47:49.0279 AM
[ReportManager] Element Action [WaitForElementToBePresent] successfully performed. With the following test data [waited for the element's state of presence to be (false). Element locator (By.id: bla)]. @31-01-2022 01:47:49.0280 A
[ReportManager] Browser Action [CloseCurrentWindow] successfully performed. @31-01-2022 01:47:49.0636 AM
[ReportManager] Successfully created attachment [Browser Action Test Data - CloseCurrentWindow - Actual Value] @31-01-2022 01:47:49.0636 A
[ReportManager] File Action [GetAbsolutePath] successfully performed. With the following test data [Relative Folder Path: "target/downloadedFiles/"]. @31-01-2022 01:47:49.0642 AM
[ReportManager] Attempting to run locally on: [Mac-64], [Safari], Headless Execution. @31-01-2022 01:47:49.0643 AM
[ReportManager] An Exception Occured with this Message: Could not start a new session. Possible causes are invalid address of the remote server or browser start-up failure.. @31-01-2022 01:47:49.0824 AM
[ReportManager] Successfully created attachment [Exception Stack Trace - org.openqa.selenium.SessionNotCreatedException] @31-01-2022 01:47:49.0825 AM
[ReportManager] Driver Factory Action [createNewLocalDriverInstanceForSafari] failed. With the following test data [Failed to create a session on DESKTOP_SAFARI]. @31-01-2022 01:47:49.0826 A

################################################################################################################################################
Starting Execution:	[3 out of 162] test cases in the current suite
Test Method:		[unitTests.tests_element_elementActions.waitForElementToBePresent_moreThanOneElement_expectedToFail]
###############################################################################################################################################



################################################################################################################################################
Starting Execution:	[4 out of 162] test cases in the current suite
Test Method:		[unitTests.tests_element_elementActions.waitForElementToBePresent_true_expectedToFail]
###############################################################################################################################################



################################################################################################################################################
Starting Execution:	[5 out of 162] test cases in the current suite
Test Method:		[unitTests.tests_element_elementActions.waitForElementToBePresent_true_expectedToPass]
###############################################################################################################################################

[ReportManager] File Action [GetAbsolutePath] successfully performed. With the following test data [Relative Folder Path: "target/downloadedFiles/"]. @31-01-2022 01:47:49.0898 AM
[ReportManager] Attempting to run locally on: [Mac-64], [Safari], Headless Execution. @31-01-2022 01:47:49.0899 AM
[ReportManager] Successfully Opened Safari. @31-01-2022 01:47:50.0795 AM
[ReportManager] Initial window size: (800, 600) @31-01-2022 01:47:50.0810 AM
[ReportManager] Window size after SWD Maximize: (1176, 803) @31-01-2022 01:47:50.0830 AM
[ReportManager] Browser Action [MaximizeWindow] successfully performed. With the following test data [New screen size is now: (1176, 803)]. @31-01-2022 01:47:50.0830 AM
[ReportManager] Target URL: [https://duckduckgo.com] @31-01-2022 01:47:50.0831 AM
[ReportManager] Initial URL: [] @31-01-2022 01:47:50.0892 AM
[ReportManager] Browser Action [NavigateToURL] successfully performed. With the following test data [https://duckduckgo.com]. @31-01-2022 01:47:51.0746 A

################################################################################################################################################
Starting Execution:	[6 out of 162] test cases in the current suite
Test Method:		[unitTests.tests_browserActions.fullScreenWindow]
################################################################################################################################################
[ReportManager] Initial Windows Size: 1176x803 @31-01-2022 01:47:51.0757 AM
[ReportManager] Current Windows Size after fullScreen: 1176x885 @31-01-2022 01:47:52.0054 AM
[ReportManager] Browser Action [FullScreenWindow] successfully performed. @31-01-2022 01:47:52.0139 AM
[ReportManager] Successfully created attachment [Browser Action Test Data - FullScreenWindow - Actual Value] @31-01-2022 01:47:52.0141 A
[ReportManager] Target URL: [https://duckduckgo.com] @31-01-2022 01:47:52.0145 AM
[ReportManager] Initial URL: [https://duckduckgo.com] @31-01-2022 01:47:52.0246 AM
[ReportManager] Browser Action [NavigateToURL] successfully performed. With the following test data [https://duckduckgo.com]. @31-01-2022 01:47:52.0888 AM
[ReportManager] Browser Action [CloseCurrentWindow] successfully performed. @31-01-2022 01:47:53.0026 AM
[ReportManager] Successfully created attachment [Browser Action Test Data - CloseCurrentWindow - Actual Value] @31-01-2022 01:47:53.0028 A
[ReportManager] File Action [GetAbsolutePath] successfully performed. With the following test data [Relative Folder Path: "target/downloadedFiles/"]. @31-01-2022 01:47:53.0033 AM
[ReportManager] Attempting to run locally on: [Mac-64], [Safari], Headless Execution. @31-01-2022 01:47:53.0033 AM
[ReportManager] Successfully Opened Safari. @31-01-2022 01:47:53.0965 AM
[ReportManager] Initial window size: (800, 600) @31-01-2022 01:47:53.0989 AM
[ReportManager] Window size after SWD Maximize: (1176, 803) @31-01-2022 01:47:54.0009 AM
[ReportManager] Browser Action [MaximizeWindow] successfully performed. With the following test data [New screen size is now: (1176, 803)]. @31-01-2022 01:47:54.0010 AM
[ReportManager] Target URL: [https://duckduckgo.com] @31-01-2022 01:47:54.0010 AM
[ReportManager] Initial URL: [] @31-01-2022 01:47:54.0068 AM
[ReportManager] Browser Action [NavigateToURL] successfully performed. With the following test data [https://duckduckgo.com]. @31-01-2022 01:47:54.0780 A

################################################################################################################################################
Starting Execution:	[7 out of 162] test cases in the current suite
Test Method:		[unitTests.tests_browserActions.getCurrentURL]
################################################################################################################################################
[ReportManager] Browser Action [GetCurrentURL] successfully performed. With the following test data [https://duckduckgo.com/]. @31-01-2022 01:47:54.0814 A
[ReportManager] Target URL: [https://duckduckgo.com] @31-01-2022 01:47:54.0816 AM
[ReportManager] Initial URL: [https://duckduckgo.com] @31-01-2022 01:47:54.0854 AM
[ReportManager] Browser Action [NavigateToURL] successfully performed. With the following test data [https://duckduckgo.com]. @31-01-2022 01:47:55.0183 AM
[ReportManager] Browser Action [CloseCurrentWindow] successfully performed. @31-01-2022 01:47:55.0293 AM
[ReportManager] Successfully created attachment [Browser Action Test Data - CloseCurrentWindow - Actual Value] @31-01-2022 01:47:55.0294 A
[ReportManager] File Action [GetAbsolutePath] successfully performed. With the following test data [Relative Folder Path: "target/downloadedFiles/"]. @31-01-2022 01:47:55.0298 AM
[ReportManager] Attempting to run locally on: [Mac-64], [Safari], Headless Execution. @31-01-2022 01:47:55.0299 AM
[ReportManager] Successfully Opened Safari. @31-01-2022 01:47:56.0205 AM
[ReportManager] Initial window size: (800, 600) @31-01-2022 01:47:56.0227 AM
[ReportManager] Window size after SWD Maximize: (1176, 803) @31-01-2022 01:47:56.0247 AM
[ReportManager] Browser Action [MaximizeWindow] successfully performed. With the following test data [New screen size is now: (1176, 803)]. @31-01-2022 01:47:56.0248 AM
[ReportManager] Target URL: [https://duckduckgo.com] @31-01-2022 01:47:56.0248 AM
[ReportManager] Initial URL: [] @31-01-2022 01:47:56.0296 AM
[ReportManager] Browser Action [NavigateToURL] successfully performed. With the following test data [https://duckduckgo.com]. @31-01-2022 01:47:56.0985 A

################################################################################################################################################
Starting Execution:	[8 out of 162] test cases in the current suite
Test Method:		[unitTests.tests_browserActions.getCurrentWindowTitle]
################################################################################################################################################
[ReportManager] Browser Action [GetCurrentWindowTitle] successfully performed. With the following test data [DuckDuckGo â€” Privacy, simplified.]. @31-01-2022 01:47:57.0023 A
[ReportManager] Target URL: [https://duckduckgo.com] @31-01-2022 01:47:57.0026 AM
[ReportManager] Initial URL: [https://duckduckgo.com] @31-01-2022 01:47:57.0069 AM
[ReportManager] Browser Action [NavigateToURL] successfully performed. With the following test data [https://duckduckgo.com]. @31-01-2022 01:47:57.0386 AM
[ReportManager] Browser Action [CloseCurrentWindow] successfully performed. @31-01-2022 01:47:57.0728 AM
[ReportManager] Successfully created attachment [Browser Action Test Data - CloseCurrentWindow - Actual Value] @31-01-2022 01:47:57.0729 A
[ReportManager] File Action [GetAbsolutePath] successfully performed. With the following test data [Relative Folder Path: "target/downloadedFiles/"]. @31-01-2022 01:47:57.0737 AM
[ReportManager] Attempting to run locally on: [Mac-64], [Safari], Headless Execution. @31-01-2022 01:47:57.0737 AM
[ReportManager] Successfully Opened Safari. @31-01-2022 01:47:58.0582 AM
[ReportManager] Initial window size: (800, 600) @31-01-2022 01:47:58.0605 AM
[ReportManager] Window size after SWD Maximize: (1176, 803) @31-01-2022 01:47:58.0633 AM
[ReportManager] Browser Action [MaximizeWindow] successfully performed. With the following test data [New screen size is now: (1176, 803)]. @31-01-2022 01:47:58.0634 AM
[ReportManager] Target URL: [https://duckduckgo.com] @31-01-2022 01:47:58.0634 AM
[ReportManager] Initial URL: [] @31-01-2022 01:47:58.0679 AM
[ReportManager] Browser Action [NavigateToURL] successfully performed. With the following test data [https://duckduckgo.com]. @31-01-2022 01:47:59.0585 A

################################################################################################################################################
Starting Execution:	[9 out of 162] test cases in the current suite
Test Method:		[unitTests.tests_browserActions.getPageSource]
################################################################################################################################################
[ReportManager] Browser Action [GetPageSource] successfully performed. @31-01-2022 01:47:59.0638 AM
[ReportManager] Successfully created attachment [Browser Action Test Data - GetPageSource - Actual Value] @31-01-2022 01:47:59.0640 A
[ReportManager] Target URL: [https://duckduckgo.com] @31-01-2022 01:47:59.0643 AM
[ReportManager] Initial URL: [https://duckduckgo.com] @31-01-2022 01:47:59.0686 AM
[ReportManager] Browser Action [NavigateToURL] successfully performed. With the following test data [https://duckduckgo.com]. @31-01-2022 01:48:00.0101 AM
[ReportManager] Browser Action [CloseCurrentWindow] successfully performed. @31-01-2022 01:48:00.0417 AM
[ReportManager] Successfully created attachment [Browser Action Test Data - CloseCurrentWindow - Actual Value] @31-01-2022 01:48:00.0418 A
[ReportManager] File Action [GetAbsolutePath] successfully performed. With the following test data [Relative Folder Path: "target/downloadedFiles/"]. @31-01-2022 01:48:00.0421 AM
[ReportManager] Attempting to run locally on: [Mac-64], [Safari], Headless Execution. @31-01-2022 01:48:00.0422 AM
[ReportManager] An Exception Occured with this Message: Could not start a new session. Possible causes are invalid address of the remote server or browser start-up failure.. @31-01-2022 01:48:00.0451 AM
[ReportManager] Successfully created attachment [Exception Stack Trace - org.openqa.selenium.SessionNotCreatedException] @31-01-2022 01:48:00.0452 AM
[ReportManager] Driver Factory Action [createNewLocalDriverInstanceForSafari] failed. With the following test data [Failed to create a session on DESKTOP_SAFARI]. @31-01-2022 01:48:00.0452 A

################################################################################################################################################
Starting Execution:	[10 out of 162] test cases in the current suite
Test Method:		[unitTests.tests_browserActions.getWindowHandle]
###############################################################################################################################################



################################################################################################################################################
Starting Execution:	[11 out of 162] test cases in the current suite
Test Method:		[unitTests.tests_browserActions.getWindowPosition]
###############################################################################################################################################



################################################################################################################################################
Starting Execution:	[12 out of 162] test cases in the current suite
Test Method:		[unitTests.tests_browserActions.getWindowSize]
###############################################################################################################################################



################################################################################################################################################
Starting Execution:	[13 out of 162] test cases in the current suite
Test Method:		[unitTests.tests_browserActions.maximizeWindow]
###############################################################################################################################################



################################################################################################################################################
Starting Execution:	[14 out of 162] test cases in the current suite
Test Method:		[unitTests.tests_browserActions.navigateBack]
###############################################################################################################################################



################################################################################################################################################
Starting Execution:	[15 out of 162] test cases in the current suite
Test Method:		[unitTests.tests_browserActions.navigateForward]
###############################################################################################################################################



################################################################################################################################################
Starting Execution:	[16 out of 162] test cases in the current suite
Test Method:		[unitTests.tests_browserActions.navigateToURL]
###############################################################################################################################################



################################################################################################################################################
Starting Execution:	[17 out of 162] test cases in the current suite
Test Method:		[unitTests.tests_browserActions.navigateToURLWithRedirection]
###############################################################################################################################################



################################################################################################################################################
Starting Execution:	[18 out of 162] test cases in the current suite
Test Method:		[unitTests.tests_browserActions.refreshCurrentPage]
###############################################################################################################################################



################################################################################################################################################
Starting Execution:	[19 out of 162] test cases in the current suite
Test Method:		[unitTests.tests_browserActions.setWindowSize]
###############################################################################################################################################

[ReportManager] Successfully loaded the following test data file [src/test/resources/testDataFiles/testSuite01/TestData.xlsx]. @31-01-2022 01:48:01.0900 AM
[ReportManager] Successfully created attachment [Test Data - Excel] @31-01-2022 01:48:01.0900 A

################################################################################################################################################
Starting Execution:	[20 out of 162] test cases in the current suite
Test Method:		[unitTests.tests_io_excelFileManager.getCellData_rowName_expectedToPass]
################################################################################################################################################
[ReportManager] testRowData. @31-01-2022 01:48:01.0915 A

################################################################################################################################################
Starting Execution:	[21 out of 162] test cases in the current suite
Test Method:		[unitTests.tests_validations_assertions.assertComparativeRelation_greaterThanOrEquals_false_equals_expectedToFail]
################################################################################################################################################
[ReportManager] Assertion [ValidateComparativeRelation] FAILED. Expected [1] and Actual [1]. Comparison Type [GREATER_THAN_OR_EQUALS]. Validation Type [NEGATIVE]. @31-01-2022 01:48:01.0928 A

################################################################################################################################################
Starting Execution:	[22 out of 162] test cases in the current suite
Test Method:		[unitTests.tests_validations_assertions.assertComparativeRelation_greaterThanOrEquals_false_equals_expectedToPass]
################################################################################################################################################
[ReportManager] Assertion [ValidateComparativeRelation] PASSED. Expected [2] and Actual [1]. Comparison Type [GREATER_THAN_OR_EQUALS]. Validation Type [NEGATIVE]. @31-01-2022 01:48:01.0932 A

################################################################################################################################################
Starting Execution:	[23 out of 162] test cases in the current suite
Test Method:		[unitTests.tests_validations_assertions.assertComparativeRelation_greaterThanOrEquals_false_greaterThan_expectedToFail]
################################################################################################################################################
[ReportManager] Assertion [ValidateComparativeRelation] FAILED. Expected [1] and Actual [2]. Comparison Type [GREATER_THAN_OR_EQUALS]. Validation Type [NEGATIVE]. @31-01-2022 01:48:01.0936 A

################################################################################################################################################
Starting Execution:	[24 out of 162] test cases in the current suite
Test Method:		[unitTests.tests_validations_assertions.assertComparativeRelation_greaterThanOrEquals_false_greaterThan_expectedToPass]
################################################################################################################################################
[ReportManager] Assertion [ValidateComparativeRelation] PASSED. Expected [2] and Actual [1]. Comparison Type [GREATER_THAN_OR_EQUALS]. Validation Type [NEGATIVE]. @31-01-2022 01:48:01.0939 A

################################################################################################################################################
Starting Execution:	[25 out of 162] test cases in the current suite
Test Method:		[unitTests.tests_validations_assertions.assertComparativeRelation_greaterThanOrEquals_true_equals_expectedToFail]
################################################################################################################################################
[ReportManager] Assertion [ValidateComparativeRelation] FAILED. Expected [1] and Actual [0]. Comparison Type [GREATER_THAN_OR_EQUALS]. Validation Type [POSITIVE]. @31-01-2022 01:48:01.0943 A

################################################################################################################################################
Starting Execution:	[26 out of 162] test cases in the current suite
Test Method:		[unitTests.tests_validations_assertions.assertComparativeRelation_greaterThanOrEquals_true_equals_expectedToPass]
################################################################################################################################################
[ReportManager] Assertion [ValidateComparativeRelation] PASSED. Expected [1] and Actual [1]. Comparison Type [GREATER_THAN_OR_EQUALS]. Validation Type [POSITIVE]. @31-01-2022 01:48:01.0947 A

################################################################################################################################################
Starting Execution:	[27 out of 162] test cases in the current suite
Test Method:		[unitTests.tests_validations_assertions.assertComparativeRelation_greaterThanOrEquals_true_greaterThan_expectedToFail]
################################################################################################################################################
[ReportManager] Assertion [ValidateComparativeRelation] FAILED. Expected [2] and Actual [1]. Comparison Type [GREATER_THAN_OR_EQUALS]. Validation Type [POSITIVE]. @31-01-2022 01:48:01.0950 A

################################################################################################################################################
Starting Execution:	[28 out of 162] test cases in the current suite
Test Method:		[unitTests.tests_validations_assertions.assertComparativeRelation_greaterThanOrEquals_true_greaterThan_expectedToPass]
################################################################################################################################################
[ReportManager] Assertion [ValidateComparativeRelation] PASSED. Expected [1] and Actual [2]. Comparison Type [GREATER_THAN_OR_EQUALS]. Validation Type [POSITIVE]. @31-01-2022 01:48:01.0954 A
[ReportManager] File Action [GetAbsolutePath] successfully performed. With the following test data [Relative Folder Path: "target/downloadedFiles/"]. @31-01-2022 01:48:01.0958 AM
[ReportManager] Attempting to run locally on: [Mac-64], [Safari], Headless Execution. @31-01-2022 01:48:01.0959 AM
[ReportManager] Successfully Opened Safari. @31-01-2022 01:48:02.0801 AM
[ReportManager] Initial window size: (800, 600) @31-01-2022 01:48:02.0854 AM
[ReportManager] Window size after SWD Maximize: (1176, 803) @31-01-2022 01:48:02.0900 AM
[ReportManager] Browser Action [MaximizeWindow] successfully performed. With the following test data [New screen size is now: (1176, 803)]. @31-01-2022 01:48:02.0901 AM
[ReportManager] Target URL: [https://www.google.com/ncr], and after redirection: [www.google.com] @31-01-2022 01:48:02.0901 AM
[ReportManager] Initial URL: [] @31-01-2022 01:48:02.0943 AM
[ReportManager] Browser Action [NavigateToURL] successfully performed. With the following test data [https://www.google.com/ncr]. @31-01-2022 01:48:04.0212 A

################################################################################################################################################
Starting Execution:	[29 out of 162] test cases in the current suite
Test Method:		[unitTests.tests_validations_assertions.assertElementAttribute_false_caseInsensitiveComparison_expectedToFail]
################################################################################################################################################
[ReportManager] Element Action [Type] successfully performed. With the following test data [AUTOMATION]. @31-01-2022 01:48:04.0601 AM
[ReportManager] Element Action [GetText] successfully performed. With the following test data [AUTOMATION]. @31-01-2022 01:48:04.0733 AM
[ReportManager] Assertion [ValidateElementAttribute] FAILED. Expected [Value Should not be 'AutomaTion' for the 'text' attribute, element locator 'By.name: q'] and Actual [AUTOMATION]. Comparison Type [CASE_INSENSITIVE]. Validation Type [NEGATIVE]. @31-01-2022 01:48:05.0301 AM
[ReportManager] Successfully created attachment [Screenshot - 1643593685175_assertElementAttribute_false_caseInsensitiveComparison_expectedToFail_ValidateElementAttribute_failed] @31-01-2022 01:48:05.0318 A
[ReportManager] Browser Action [CloseCurrentWindow] successfully performed. @31-01-2022 01:48:05.0684 AM
[ReportManager] Successfully created attachment [Browser Action Test Data - CloseCurrentWindow - Actual Value] @31-01-2022 01:48:05.0686 A
[ReportManager] File Action [GetAbsolutePath] successfully performed. With the following test data [Relative Folder Path: "target/downloadedFiles/"]. @31-01-2022 01:48:05.0691 AM
[ReportManager] Attempting to run locally on: [Mac-64], [Safari], Headless Execution. @31-01-2022 01:48:05.0691 AM
[ReportManager] Successfully Opened Safari. @31-01-2022 01:48:06.0505 AM
[ReportManager] Initial window size: (800, 600) @31-01-2022 01:48:06.0532 AM
[ReportManager] Window size after SWD Maximize: (1176, 803) @31-01-2022 01:48:06.0570 AM
[ReportManager] Browser Action [MaximizeWindow] successfully performed. With the following test data [New screen size is now: (1176, 803)]. @31-01-2022 01:48:06.0570 AM
[ReportManager] Target URL: [https://www.google.com/ncr], and after redirection: [www.google.com] @31-01-2022 01:48:06.0570 AM
[ReportManager] Initial URL: [] @31-01-2022 01:48:06.0614 AM
[ReportManager] Browser Action [NavigateToURL] successfully performed. With the following test data [https://www.google.com/ncr]. @31-01-2022 01:48:08.0688 A

################################################################################################################################################
Starting Execution:	[30 out of 162] test cases in the current suite
Test Method:		[unitTests.tests_validations_assertions.assertElementAttribute_false_caseInsensitiveComparison_expectedToPass]
################################################################################################################################################
[ReportManager] Element Action [Type] successfully performed. With the following test data [AUTOMATION]. @31-01-2022 01:48:09.0099 AM
[ReportManager] Element Action [GetText] successfully performed. With the following test data [AUTOMATION]. @31-01-2022 01:48:09.0161 AM
[ReportManager] Assertion [ValidateElementAttribute] PASSED. Expected [Value Should not be 'AutomaTion123' for the 'text' attribute, element locator 'By.name: q'] and Actual [AUTOMATION]. Comparison Type [CASE_INSENSITIVE]. Validation Type [NEGATIVE]. @31-01-2022 01:48:09.0347 AM
[ReportManager] Successfully created attachment [Screenshot - 1643593689264_assertElementAttribute_false_caseInsensitiveComparison_expectedToPass_ValidateElementAttribute_passed] @31-01-2022 01:48:09.0349 A
[ReportManager] Browser Action [CloseCurrentWindow] successfully performed. @31-01-2022 01:48:09.0667 AM
[ReportManager] Successfully created attachment [Browser Action Test Data - CloseCurrentWindow - Actual Value] @31-01-2022 01:48:09.0669 A
[ReportManager] File Action [GetAbsolutePath] successfully performed. With the following test data [Relative Folder Path: "target/downloadedFiles/"]. @31-01-2022 01:48:09.0674 AM
[ReportManager] Attempting to run locally on: [Mac-64], [Safari], Headless Execution. @31-01-2022 01:48:09.0675 AM
[ReportManager] Successfully Opened Safari. @31-01-2022 01:48:10.0495 AM
[ReportManager] Initial window size: (800, 600) @31-01-2022 01:48:10.0509 AM
[ReportManager] Window size after SWD Maximize: (1176, 803) @31-01-2022 01:48:10.0535 AM
[ReportManager] Browser Action [MaximizeWindow] successfully performed. With the following test data [New screen size is now: (1176, 803)]. @31-01-2022 01:48:10.0536 AM
[ReportManager] Target URL: [https://www.google.com/ncr], and after redirection: [www.google.com] @31-01-2022 01:48:10.0536 AM
[ReportManager] Initial URL: [] @31-01-2022 01:48:10.0612 AM
[ReportManager] Browser Action [NavigateToURL] successfully performed. With the following test data [https://www.google.com/ncr]. @31-01-2022 01:48:11.0853 A

################################################################################################################################################
Starting Execution:	[31 out of 162] test cases in the current suite
Test Method:		[unitTests.tests_validations_assertions.assertElementAttribute_false_containsComparison_expectedToFail]
################################################################################################################################################
[ReportManager] Element Action [Type] successfully performed. With the following test data [Automation123]. @31-01-2022 01:48:12.0168 AM
[ReportManager] Element Action [GetText] successfully performed. With the following test data [Automation123]. @31-01-2022 01:48:12.0241 AM
[ReportManager] Assertion [ValidateElementAttribute] FAILED. Expected [Value Should not be 'Automation' for the 'text' attribute, element locator 'By.name: q'] and Actual [Automation123]. Comparison Type [CONTAINS]. Validation Type [NEGATIVE]. @31-01-2022 01:48:12.0502 AM
[ReportManager] Successfully created attachment [Screenshot - 1643593692367_assertElementAttribute_false_containsComparison_expectedToFail_ValidateElementAttribute_failed] @31-01-2022 01:48:12.0503 A
[ReportManager] Browser Action [CloseCurrentWindow] successfully performed. @31-01-2022 01:48:12.0771 AM
[ReportManager] Successfully created attachment [Browser Action Test Data - CloseCurrentWindow - Actual Value] @31-01-2022 01:48:12.0772 A
[ReportManager] File Action [GetAbsolutePath] successfully performed. With the following test data [Relative Folder Path: "target/downloadedFiles/"]. @31-01-2022 01:48:12.0778 AM
[ReportManager] Attempting to run locally on: [Mac-64], [Safari], Headless Execution. @31-01-2022 01:48:12.0778 AM
[ReportManager] Successfully Opened Safari. @31-01-2022 01:48:13.0601 AM
[ReportManager] Initial window size: (800, 600) @31-01-2022 01:48:13.0624 AM
[ReportManager] Window size after SWD Maximize: (1176, 803) @31-01-2022 01:48:13.0643 AM
[ReportManager] Browser Action [MaximizeWindow] successfully performed. With the following test data [New screen size is now: (1176, 803)]. @31-01-2022 01:48:13.0646 AM
[ReportManager] Target URL: [https://www.google.com/ncr], and after redirection: [www.google.com] @31-01-2022 01:48:13.0647 AM
[ReportManager] Initial URL: [] @31-01-2022 01:48:13.0707 AM
[ReportManager] Browser Action [NavigateToURL] successfully performed. With the following test data [https://www.google.com/ncr]. @31-01-2022 01:48:14.0938 A

################################################################################################################################################
Starting Execution:	[32 out of 162] test cases in the current suite
Test Method:		[unitTests.tests_validations_assertions.assertElementAttribute_false_containsComparison_expectedToPass]
################################################################################################################################################
[ReportManager] Element Action [Type] successfully performed. With the following test data [Automation123]. @31-01-2022 01:48:15.0231 AM
[ReportManager] Element Action [GetText] successfully performed. With the following test data [Automation123]. @31-01-2022 01:48:15.0302 AM
[ReportManager] Assertion [ValidateElementAttribute] PASSED. Expected [Value Should not be 'Automation1234' for the 'text' attribute, element locator 'By.name: q'] and Actual [Automation123]. Comparison Type [CONTAINS]. Validation Type [NEGATIVE]. @31-01-2022 01:48:15.0525 AM
[ReportManager] Successfully created attachment [Screenshot - 1643593695406_assertElementAttribute_false_containsComparison_expectedToPass_ValidateElementAttribute_passed] @31-01-2022 01:48:15.0527 A
[ReportManager] Browser Action [CloseCurrentWindow] successfully performed. @31-01-2022 01:48:15.0831 AM
[ReportManager] Successfully created attachment [Browser Action Test Data - CloseCurrentWindow - Actual Value] @31-01-2022 01:48:15.0832 A
[ReportManager] File Action [GetAbsolutePath] successfully performed. With the following test data [Relative Folder Path: "target/downloadedFiles/"]. @31-01-2022 01:48:15.0835 AM
[ReportManager] Attempting to run locally on: [Mac-64], [Safari], Headless Execution. @31-01-2022 01:48:15.0835 AM
[ReportManager] Successfully Opened Safari. @31-01-2022 01:48:16.0647 AM
[ReportManager] Initial window size: (800, 600) @31-01-2022 01:48:16.0658 AM
[ReportManager] Window size after SWD Maximize: (1176, 803) @31-01-2022 01:48:16.0673 AM
[ReportManager] Browser Action [MaximizeWindow] successfully performed. With the following test data [New screen size is now: (1176, 803)]. @31-01-2022 01:48:16.0674 AM
[ReportManager] Target URL: [https://www.google.com/ncr], and after redirection: [www.google.com] @31-01-2022 01:48:16.0674 AM
[ReportManager] Initial URL: [] @31-01-2022 01:48:16.0733 AM
[ReportManager] Browser Action [NavigateToURL] successfully performed. With the following test data [https://www.google.com/ncr]. @31-01-2022 01:48:18.0806 A

################################################################################################################################################
Starting Execution:	[33 out of 162] test cases in the current suite
Test Method:		[unitTests.tests_validations_assertions.assertElementAttribute_false_literalComparison_expectedToFail]
################################################################################################################################################
[ReportManager] Element Action [Type] successfully performed. With the following test data [Automation!@#$%^&*()_+{}[]\';/.,]. @31-01-2022 01:48:19.0178 AM
[ReportManager] Element Action [GetText] successfully performed. With the following test data [Automation!@#$%^&*()_+{}[]\';/.,]. @31-01-2022 01:48:19.0269 AM
[ReportManager] Assertion [ValidateElementAttribute] PASSED. Expected [Value Should not be 'Automation!@#$%^&*()_+{}[]\\';/.,' for the 'text' attribute, element locator 'By.name: q'] and Actual [Automation!@#$%^&*()_+{}[]\';/.,]. Comparison Type [EQUALS]. Validation Type [NEGATIVE]. @31-01-2022 01:48:19.0434 AM
[ReportManager] Successfully created attachment [Screenshot - 1643593699368_assertElementAttribute_false_literalComparison_expectedToFail_ValidateElementAttribute_passed] @31-01-2022 01:48:19.0435 A
[ReportManager] Browser Action [CloseCurrentWindow] successfully performed. @31-01-2022 01:48:19.0656 AM
[ReportManager] Successfully created attachment [Browser Action Test Data - CloseCurrentWindow - Actual Value] @31-01-2022 01:48:19.0657 A
[ReportManager] File Action [GetAbsolutePath] successfully performed. With the following test data [Relative Folder Path: "target/downloadedFiles/"]. @31-01-2022 01:48:19.0660 AM
[ReportManager] Attempting to run locally on: [Mac-64], [Safari], Headless Execution. @31-01-2022 01:48:19.0661 AM
[ReportManager] Successfully Opened Safari. @31-01-2022 01:48:20.0464 AM
[ReportManager] Initial window size: (800, 600) @31-01-2022 01:48:20.0473 AM
[ReportManager] Window size after SWD Maximize: (1176, 803) @31-01-2022 01:48:20.0490 AM
[ReportManager] Browser Action [MaximizeWindow] successfully performed. With the following test data [New screen size is now: (1176, 803)]. @31-01-2022 01:48:20.0491 AM
[ReportManager] Target URL: [https://www.google.com/ncr], and after redirection: [www.google.com] @31-01-2022 01:48:20.0491 AM
[ReportManager] Initial URL: [] @31-01-2022 01:48:20.0537 AM
[ReportManager] Browser Action [NavigateToURL] successfully performed. With the following test data [https://www.google.com/ncr]. @31-01-2022 01:48:22.0373 A

################################################################################################################################################
Starting Execution:	[34 out of 162] test cases in the current suite
Test Method:		[unitTests.tests_validations_assertions.assertElementAttribute_false_literalComparison_expectedToPass]
################################################################################################################################################
[ReportManager] Element Action [Type] successfully performed. With the following test data [Automation!@#$%^&*()_+{}[]\';/.,]. @31-01-2022 01:48:23.0093 AM
[ReportManager] Element Action [GetText] successfully performed. With the following test data [Automation!@#$%^&*()_+{}[]\';/.,]. @31-01-2022 01:48:23.0151 AM
[ReportManager] Assertion [ValidateElementAttribute] PASSED. Expected [Value Should not be 'Automation' for the 'text' attribute, element locator 'By.name: q'] and Actual [Automation!@#$%^&*()_+{}[]\';/.,]. Comparison Type [EQUALS]. Validation Type [NEGATIVE]. @31-01-2022 01:48:23.0316 AM
[ReportManager] Successfully created attachment [Screenshot - 1643593703250_assertElementAttribute_false_literalComparison_expectedToPass_ValidateElementAttribute_passed] @31-01-2022 01:48:23.0317 A
[ReportManager] Browser Action [CloseCurrentWindow] successfully performed. @31-01-2022 01:48:23.0475 AM
[ReportManager] Successfully created attachment [Browser Action Test Data - CloseCurrentWindow - Actual Value] @31-01-2022 01:48:23.0475 A
[ReportManager] File Action [GetAbsolutePath] successfully performed. With the following test data [Relative Folder Path: "target/downloadedFiles/"]. @31-01-2022 01:48:23.0479 AM
[ReportManager] Attempting to run locally on: [Mac-64], [Safari], Headless Execution. @31-01-2022 01:48:23.0479 AM
[ReportManager] Successfully Opened Safari. @31-01-2022 01:48:24.0283 AM
[ReportManager] Initial window size: (800, 600) @31-01-2022 01:48:24.0302 AM
[ReportManager] Window size after SWD Maximize: (1176, 803) @31-01-2022 01:48:24.0333 AM
[ReportManager] Browser Action [MaximizeWindow] successfully performed. With the following test data [New screen size is now: (1176, 803)]. @31-01-2022 01:48:24.0334 AM
[ReportManager] Target URL: [https://www.google.com/ncr], and after redirection: [www.google.com] @31-01-2022 01:48:24.0334 AM
[ReportManager] Initial URL: [] @31-01-2022 01:48:24.0372 AM
[ReportManager] Browser Action [NavigateToURL] successfully performed. With the following test data [https://www.google.com/ncr]. @31-01-2022 01:48:26.0348 A

################################################################################################################################################
Starting Execution:	[35 out of 162] test cases in the current suite
Test Method:		[unitTests.tests_validations_assertions.assertElementAttribute_false_regexComparison_expectedToFail]
################################################################################################################################################
[ReportManager] Element Action [Type] successfully performed. With the following test data [Automation123]. @31-01-2022 01:48:26.0820 AM
[ReportManager] Element Action [GetText] successfully performed. With the following test data [Automation123]. @31-01-2022 01:48:26.0885 AM
[ReportManager] Assertion [ValidateElementAttribute] FAILED. Expected [Value Should not be 'Automation.*' for the 'text' attribute, element locator 'By.name: q'] and Actual [Automation123]. Comparison Type [MATCHES]. Validation Type [NEGATIVE]. @31-01-2022 01:48:27.0050 AM
[ReportManager] Successfully created attachment [Screenshot - 1643593706980_assertElementAttribute_false_regexComparison_expectedToFail_ValidateElementAttribute_failed] @31-01-2022 01:48:27.0051 A
[ReportManager] Browser Action [CloseCurrentWindow] successfully performed. @31-01-2022 01:48:27.0415 AM
[ReportManager] Successfully created attachment [Browser Action Test Data - CloseCurrentWindow - Actual Value] @31-01-2022 01:48:27.0416 A
[ReportManager] File Action [GetAbsolutePath] successfully performed. With the following test data [Relative Folder Path: "target/downloadedFiles/"]. @31-01-2022 01:48:27.0419 AM
[ReportManager] Attempting to run locally on: [Mac-64], [Safari], Headless Execution. @31-01-2022 01:48:27.0420 AM
[ReportManager] Successfully Opened Safari. @31-01-2022 01:48:28.0226 AM
[ReportManager] Initial window size: (800, 600) @31-01-2022 01:48:28.0263 AM
[ReportManager] Window size after SWD Maximize: (1176, 803) @31-01-2022 01:48:28.0296 AM
[ReportManager] Browser Action [MaximizeWindow] successfully performed. With the following test data [New screen size is now: (1176, 803)]. @31-01-2022 01:48:28.0296 AM
[ReportManager] Target URL: [https://www.google.com/ncr], and after redirection: [www.google.com] @31-01-2022 01:48:28.0296 AM
[ReportManager] Initial URL: [] @31-01-2022 01:48:28.0344 AM
[ReportManager] Browser Action [NavigateToURL] successfully performed. With the following test data [https://www.google.com/ncr]. @31-01-2022 01:48:30.0276 A

################################################################################################################################################
Starting Execution:	[36 out of 162] test cases in the current suite
Test Method:		[unitTests.tests_validations_assertions.assertElementAttribute_false_regexComparison_expectedToPass]
################################################################################################################################################
[ReportManager] Element Action [Type] successfully performed. With the following test data [Automation123]. @31-01-2022 01:48:30.0635 AM
[ReportManager] Element Action [GetText] successfully performed. With the following test data [Automation123]. @31-01-2022 01:48:30.0684 AM
[ReportManager] Assertion [ValidateElementAttribute] PASSED. Expected [Value Should not be 'Automation' for the 'text' attribute, element locator 'By.name: q'] and Actual [Automation123]. Comparison Type [MATCHES]. Validation Type [NEGATIVE]. @31-01-2022 01:48:30.0836 AM
[ReportManager] Successfully created attachment [Screenshot - 1643593710768_assertElementAttribute_false_regexComparison_expectedToPass_ValidateElementAttribute_passed] @31-01-2022 01:48:30.0837 A
[ReportManager] Browser Action [CloseCurrentWindow] successfully performed. @31-01-2022 01:48:30.0993 AM
[ReportManager] Successfully created attachment [Browser Action Test Data - CloseCurrentWindow - Actual Value] @31-01-2022 01:48:30.0994 A
[ReportManager] File Action [GetAbsolutePath] successfully performed. With the following test data [Relative Folder Path: "target/downloadedFiles/"]. @31-01-2022 01:48:30.0997 AM
[ReportManager] Attempting to run locally on: [Mac-64], [Safari], Headless Execution. @31-01-2022 01:48:30.0997 AM
[ReportManager] Successfully Opened Safari. @31-01-2022 01:48:31.0834 AM
[ReportManager] Initial window size: (800, 600) @31-01-2022 01:48:31.0851 AM
[ReportManager] Window size after SWD Maximize: (1176, 803) @31-01-2022 01:48:31.0890 AM
[ReportManager] Browser Action [MaximizeWindow] successfully performed. With the following test data [New screen size is now: (1176, 803)]. @31-01-2022 01:48:31.0890 AM
[ReportManager] Target URL: [https://www.google.com/ncr], and after redirection: [www.google.com] @31-01-2022 01:48:31.0890 AM
[ReportManager] Initial URL: [] @31-01-2022 01:48:31.0950 AM
[ReportManager] Browser Action [NavigateToURL] successfully performed. With the following test data [https://www.google.com/ncr]. @31-01-2022 01:48:33.0819 A

################################################################################################################################################
Starting Execution:	[37 out of 162] test cases in the current suite
Test Method:		[unitTests.tests_validations_assertions.assertElementAttribute_true_caseInsensitiveComparison_expectedToFail]
################################################################################################################################################
[ReportManager] Element Action [Type] successfully performed. With the following test data [AUTOMATION]. @31-01-2022 01:48:34.0243 AM
[ReportManager] Element Action [GetText] successfully performed. With the following test data [AUTOMATION]. @31-01-2022 01:48:34.0292 AM
[ReportManager] Assertion [ValidateElementAttribute] FAILED. Expected [Value Should be 'AutomaTion123' for the 'text' attribute, element locator 'By.name: q'] and Actual [AUTOMATION]. Comparison Type [CASE_INSENSITIVE]. Validation Type [POSITIVE]. @31-01-2022 01:48:34.0498 AM
[ReportManager] Successfully created attachment [Screenshot - 1643593714378_assertElementAttribute_true_caseInsensitiveComparison_expectedToFail_ValidateElementAttribute_failed] @31-01-2022 01:48:34.0500 A
[ReportManager] Browser Action [CloseCurrentWindow] successfully performed. @31-01-2022 01:48:34.0869 AM
[ReportManager] Successfully created attachment [Browser Action Test Data - CloseCurrentWindow - Actual Value] @31-01-2022 01:48:34.0870 A
[ReportManager] File Action [GetAbsolutePath] successfully performed. With the following test data [Relative Folder Path: "target/downloadedFiles/"]. @31-01-2022 01:48:34.0873 AM
[ReportManager] Attempting to run locally on: [Mac-64], [Safari], Headless Execution. @31-01-2022 01:48:34.0873 AM
[ReportManager] Successfully Opened Safari. @31-01-2022 01:48:35.0718 AM
[ReportManager] Initial window size: (800, 600) @31-01-2022 01:48:35.0740 AM
[ReportManager] Window size after SWD Maximize: (1176, 803) @31-01-2022 01:48:35.0760 AM
[ReportManager] Browser Action [MaximizeWindow] successfully performed. With the following test data [New screen size is now: (1176, 803)]. @31-01-2022 01:48:35.0760 AM
[ReportManager] Target URL: [https://www.google.com/ncr], and after redirection: [www.google.com] @31-01-2022 01:48:35.0760 AM
[ReportManager] Initial URL: [] @31-01-2022 01:48:35.0825 AM
[ReportManager] Browser Action [NavigateToURL] successfully performed. With the following test data [https://www.google.com/ncr]. @31-01-2022 01:48:37.0685 A

################################################################################################################################################
Starting Execution:	[38 out of 162] test cases in the current suite
Test Method:		[unitTests.tests_validations_assertions.assertElementAttribute_true_caseInsensitiveComparison_expectedToPass]
################################################################################################################################################
[ReportManager] Element Action [Type] successfully performed. With the following test data [AUTOMATION]. @31-01-2022 01:48:38.0036 AM
[ReportManager] Element Action [GetText] successfully performed. With the following test data [AUTOMATION]. @31-01-2022 01:48:38.0102 AM
[ReportManager] Assertion [ValidateElementAttribute] PASSED. Expected [Value Should be 'AutomaTion' for the 'text' attribute, element locator 'By.name: q'] and Actual [AUTOMATION]. Comparison Type [CASE_INSENSITIVE]. Validation Type [POSITIVE]. @31-01-2022 01:48:38.0316 AM
[ReportManager] Successfully created attachment [Screenshot - 1643593718194_assertElementAttribute_true_caseInsensitiveComparison_expectedToPass_ValidateElementAttribute_passed] @31-01-2022 01:48:38.0317 A
[ReportManager] Browser Action [CloseCurrentWindow] successfully performed. @31-01-2022 01:48:38.0671 AM
[ReportManager] Successfully created attachment [Browser Action Test Data - CloseCurrentWindow - Actual Value] @31-01-2022 01:48:38.0672 A
[ReportManager] File Action [GetAbsolutePath] successfully performed. With the following test data [Relative Folder Path: "target/downloadedFiles/"]. @31-01-2022 01:48:38.0675 AM
[ReportManager] Attempting to run locally on: [Mac-64], [Safari], Headless Execution. @31-01-2022 01:48:38.0675 AM
[ReportManager] An Exception Occured with this Message: Could not start a new session. Possible causes are invalid address of the remote server or browser start-up failure.. @31-01-2022 01:48:38.0737 AM
[ReportManager] Successfully created attachment [Exception Stack Trace - org.openqa.selenium.SessionNotCreatedException] @31-01-2022 01:48:38.0737 AM
[ReportManager] Driver Factory Action [createNewLocalDriverInstanceForSafari] failed. With the following test data [Failed to create a session on DESKTOP_SAFARI]. @31-01-2022 01:48:38.0738 A

################################################################################################################################################
Starting Execution:	[39 out of 162] test cases in the current suite
Test Method:		[unitTests.tests_validations_assertions.assertElementAttribute_true_containsComparison_expectedToFail]
###############################################################################################################################################



################################################################################################################################################
Starting Execution:	[40 out of 162] test cases in the current suite
Test Method:		[unitTests.tests_validations_assertions.assertElementAttribute_true_containsComparison_expectedToPass]
###############################################################################################################################################



################################################################################################################################################
Starting Execution:	[41 out of 162] test cases in the current suite
Test Method:		[unitTests.tests_validations_assertions.assertElementAttribute_true_literalComparison_expectedToFail]
###############################################################################################################################################



################################################################################################################################################
Starting Execution:	[42 out of 162] test cases in the current suite
Test Method:		[unitTests.tests_validations_assertions.assertElementAttribute_true_literalComparison_expectedToPass]
###############################################################################################################################################



################################################################################################################################################
Starting Execution:	[43 out of 162] test cases in the current suite
Test Method:		[unitTests.tests_validations_assertions.assertElementAttribute_true_regexComparison_expectedToFail]
###############################################################################################################################################



################################################################################################################################################
Starting Execution:	[44 out of 162] test cases in the current suite
Test Method:		[unitTests.tests_validations_assertions.assertElementAttribute_true_regexComparison_expectedToPass]
###############################################################################################################################################



################################################################################################################################################
Starting Execution:	[45 out of 162] test cases in the current suite
Test Method:		[unitTests.tests_validations_assertions.assertElementAttribute_type_true_literalComparison_expectedToPass]
###############################################################################################################################################



################################################################################################################################################
Starting Execution:	[46 out of 162] test cases in the current suite
Test Method:		[unitTests.tests_validations_assertions.assertElementExists_false_expectedToFail]
###############################################################################################################################################



################################################################################################################################################
Starting Execution:	[47 out of 162] test cases in the current suite
Test Method:		[unitTests.tests_validations_assertions.assertElementExists_false_expectedToPass]
###############################################################################################################################################



################################################################################################################################################
Starting Execution:	[48 out of 162] test cases in the current suite
Test Method:		[unitTests.tests_validations_assertions.assertElementExists_false_multipleElementsFound_expectedToFail]
###############################################################################################################################################



################################################################################################################################################
Starting Execution:	[49 out of 162] test cases in the current suite
Test Method:		[unitTests.tests_validations_assertions.assertElementExists_true_expectedToFail]
###############################################################################################################################################



################################################################################################################################################
Starting Execution:	[50 out of 162] test cases in the current suite
Test Method:		[unitTests.tests_validations_assertions.assertElementExists_true_expectedToPass]
###############################################################################################################################################



################################################################################################################################################
Starting Execution:	[51 out of 162] test cases in the current suite
Test Method:		[unitTests.tests_validations_assertions.assertElementExists_true_multipleElementsFound_expectedToFail]
###############################################################################################################################################


################################################################################################################################################
Starting Execution:	[52 out of 162] test cases in the current suite
Test Method:		[unitTests.tests_validations_assertions.assertEquals_false_expectedToFail]
###############################################################################################################################################

################################################################################################################################################
Starting Execution:	[53 out of 162] test cases in the current suite
Test Method:		[unitTests.tests_validations_assertions.assertEquals_false_expectedToPass]
###############################################################################################################################################

################################################################################################################################################
Starting Execution:	[54 out of 162] test cases in the current suite
Test Method:		[unitTests.tests_validations_assertions.assertEquals_longCharacters]
###############################################################################################################################################

################################################################################################################################################
Starting Execution:	[55 out of 162] test cases in the current suite
Test Method:		[unitTests.tests_validations_assertions.assertEquals_longCharacters_Discreet]
###############################################################################################################################################

################################################################################################################################################
Starting Execution:	[56 out of 162] test cases in the current suite
Test Method:		[unitTests.tests_validations_assertions.assertEquals_true_expectedToFail]
###############################################################################################################################################

################################################################################################################################################
Starting Execution:	[57 out of 162] test cases in the current suite
Test Method:		[unitTests.tests_validations_assertions.assertEquals_true_expectedToPass]
Test Description:	[Assert that assertEquals works as expected when the two values are equal.]
###############################################################################################################################################

################################################################################################################################################
Starting Execution:	[58 out of 162] test cases in the current suite
Test Method:		[unitTests.tests_validations_assertions.assertEquals_true_expectedToPass__]
###############################################################################################################################################

################################################################################################################################################
Starting Execution:	[59 out of 162] test cases in the current suite
Test Method:		[unitTests.tests_validations_assertions.assertFileExists_false_expectedToFail]
###############################################################################################################################################

################################################################################################################################################
Starting Execution:	[60 out of 162] test cases in the current suite
Test Method:		[unitTests.tests_validations_assertions.assertFileExists_false_expectedToPass]
###############################################################################################################################################

################################################################################################################################################
Starting Execution:	[61 out of 162] test cases in the current suite
Test Method:		[unitTests.tests_validations_assertions.assertFileExists_true_expectedToFail]
###############################################################################################################################################

################################################################################################################################################
Starting Execution:	[62 out of 162] test cases in the current suite
Test Method:		[unitTests.tests_validations_assertions.assertFileExists_true_expectedToPass]
###############################################################################################################################################

################################################################################################################################################
Starting Execution:	[63 out of 162] test cases in the current suite
Test Method:		[unitTests.tests_validations_assertions.assertNull_false_expectedToFail]
###############################################################################################################################################

################################################################################################################################################
Starting Execution:	[64 out of 162] test cases in the current suite
Test Method:		[unitTests.tests_validations_assertions.assertNull_false_expectedToPass]
###############################################################################################################################################

################################################################################################################################################
Starting Execution:	[65 out of 162] test cases in the current suite
Test Method:		[unitTests.tests_validations_assertions.assertNull_true_expectedToFail]
###############################################################################################################################################

################################################################################################################################################
Starting Execution:	[66 out of 162] test cases in the current suite
Test Method:		[unitTests.tests_validations_assertions.assertNull_true_expectedToPass]
###############################################################################################################################################

################################################################################################################################################
Starting Execution:	[67 out of 162] test cases in the current suite
Test Method:		[unitTests.tests_restActions.getPostsAndAssertBodyForSpecificTitle]
################################################################################################################################################
[ReportManager] Response status code: [200], status line: [HTTP/1.1 200 OK] @31-01-2022 01:48:41.0330 AM
[ReportManager] Assertion Passed: Evaluating the actual response status code against the expected one... @31-01-2022 01:48:41.0335 AM
[ReportManager] Assertion [ValidateComparativeRelation] PASSED. Expected [200] and Actual [200]. Comparison Type [EQUALS]. Validation Type [POSITIVE]. @31-01-2022 01:48:41.0335 AM
[ReportManager] API Action [PerformRequest] successfully performed. With the following test data [Request Type: "GET" | Target Status Code: "200" | Service URL: "https://jsonplaceholder.typicode.com/posts" | Content Type: "*/*" | Response Time: "876ms"]. @31-01-2022 01:48:42.0943 AM
[ReportManager] Successfully created attachment [API Request - Specifications] @31-01-2022 01:48:42.0944 AM
[ReportManager] Successfully created attachment [API Response - JSON Body] @31-01-2022 01:48:43.0307 AM
[ReportManager] API Action [GetResponseJSONValueAsList] successfully performed. @31-01-2022 01:48:43.0334 AM
[ReportManager] API Action [GetResponseJSONValue] successfully performed. With the following test data [title]. @31-01-2022 01:48:43.0356 AM
[ReportManager] API Action [GetResponseJSONValue] successfully performed. With the following test data [title]. @31-01-2022 01:48:43.0370 AM
[ReportManager] API Action [GetResponseJSONValue] successfully performed. With the following test data [body]. @31-01-2022 01:48:43.0385 AM
[ReportManager] Assertion [ValidateEquals] PASSED. Expected [qui neque nisi nulla] and Actual [est rerum tempore vitae
sequi sint nihil reprehenderit dolor beatae ea dolores neque
fugiat blanditiis voluptate porro vel nihil molestiae ut reiciendis
qui aperiam non debitis possimus qui neque nisi nulla]. Comparison Type [CONTAINS]. Validation Type [POSITIVE]. @31-01-2022 01:48:43.0385 AM
[ReportManager] API Action [GetResponseJSONValue] successfully performed. With the following test data [title]. @31-01-2022 01:48:43.0400 AM
[ReportManager] API Action [GetResponseJSONValue] successfully performed. With the following test data [title]. @31-01-2022 01:48:43.0415 AM
[ReportManager] API Action [GetResponseJSONValue] successfully performed. With the following test data [title]. @31-01-2022 01:48:43.0428 AM
[ReportManager] API Action [GetResponseJSONValue] successfully performed. With the following test data [title]. @31-01-2022 01:48:43.0442 AM
[ReportManager] API Action [GetResponseJSONValue] successfully performed. With the following test data [title]. @31-01-2022 01:48:43.0457 AM
[ReportManager] API Action [GetResponseJSONValue] successfully performed. With the following test data [title]. @31-01-2022 01:48:43.0470 AM
[ReportManager] API Action [GetResponseJSONValue] successfully performed. With the following test data [title]. @31-01-2022 01:48:43.0483 AM
[ReportManager] API Action [GetResponseJSONValue] successfully performed. With the following test data [title]. @31-01-2022 01:48:43.0497 AM
[ReportManager] API Action [GetResponseJSONValue] successfully performed. With the following test data [title]. @31-01-2022 01:48:43.0509 AM
[ReportManager] API Action [GetResponseJSONValue] successfully performed. With the following test data [title]. @31-01-2022 01:48:43.0523 AM
[ReportManager] API Action [GetResponseJSONValue] successfully performed. With the following test data [title]. @31-01-2022 01:48:43.0544 AM
[ReportManager] API Action [GetResponseJSONValue] successfully performed. With the following test data [title]. @31-01-2022 01:48:43.0560 AM
[ReportManager] API Action [GetResponseJSONValue] successfully performed. With the following test data [title]. @31-01-2022 01:48:43.0573 AM
[ReportManager] API Action [GetResponseJSONValue] successfully performed. With the following test data [title]. @31-01-2022 01:48:43.0585 AM
[ReportManager] API Action [GetResponseJSONValue] successfully performed. With the following test data [title]. @31-01-2022 01:48:43.0611 AM
[ReportManager] API Action [GetResponseJSONValue] successfully performed. With the following test data [title]. @31-01-2022 01:48:43.0625 AM
[ReportManager] API Action [GetResponseJSONValue] successfully performed. With the following test data [title]. @31-01-2022 01:48:43.0637 AM
[ReportManager] API Action [GetResponseJSONValue] successfully performed. With the following test data [title]. @31-01-2022 01:48:43.0652 AM
[ReportManager] API Action [GetResponseJSONValue] successfully performed. With the following test data [title]. @31-01-2022 01:48:43.0664 AM
[ReportManager] API Action [GetResponseJSONValue] successfully performed. With the following test data [title]. @31-01-2022 01:48:43.0676 AM
[ReportManager] API Action [GetResponseJSONValue] successfully performed. With the following test data [title]. @31-01-2022 01:48:43.0688 AM
[ReportManager] API Action [GetResponseJSONValue] successfully performed. With the following test data [title]. @31-01-2022 01:48:43.0700 AM
[ReportManager] API Action [GetResponseJSONValue] successfully performed. With the following test data [title]. @31-01-2022 01:48:43.0723 AM
[ReportManager] API Action [GetResponseJSONValue] successfully performed. With the following test data [title]. @31-01-2022 01:48:43.0748 AM
[ReportManager] API Action [GetResponseJSONValue] successfully performed. With the following test data [title]. @31-01-2022 01:48:43.0776 AM
[ReportManager] API Action [GetResponseJSONValue] successfully performed. With the following test data [title]. @31-01-2022 01:48:43.0789 AM
[ReportManager] API Action [GetResponseJSONValue] successfully performed. With the following test data [title]. @31-01-2022 01:48:43.0803 AM
[ReportManager] API Action [GetResponseJSONValue] successfully performed. With the following test data [title]. @31-01-2022 01:48:43.0816 AM
[ReportManager] API Action [GetResponseJSONValue] successfully performed. With the following test data [title]. @31-01-2022 01:48:43.0827 AM
[ReportManager] API Action [GetResponseJSONValue] successfully performed. With the following test data [title]. @31-01-2022 01:48:43.0839 AM
[ReportManager] API Action [GetResponseJSONValue] successfully performed. With the following test data [title]. @31-01-2022 01:48:43.0850 AM
[ReportManager] API Action [GetResponseJSONValue] successfully performed. With the following test data [title]. @31-01-2022 01:48:43.0861 AM
[ReportManager] API Action [GetResponseJSONValue] successfully performed. With the following test data [title]. @31-01-2022 01:48:43.0874 AM
[ReportManager] API Action [GetResponseJSONValue] successfully performed. With the following test data [title]. @31-01-2022 01:48:43.0884 AM
[ReportManager] API Action [GetResponseJSONValue] successfully performed. With the following test data [title]. @31-01-2022 01:48:43.0897 AM
[ReportManager] API Action [GetResponseJSONValue] successfully performed. With the following test data [title]. @31-01-2022 01:48:43.0908 AM
[ReportManager] API Action [GetResponseJSONValue] successfully performed. With the following test data [title]. @31-01-2022 01:48:43.0920 AM
[ReportManager] API Action [GetResponseJSONValue] successfully performed. With the following test data [title]. @31-01-2022 01:48:43.0931 AM
[ReportManager] API Action [GetResponseJSONValue] successfully performed. With the following test data [title]. @31-01-2022 01:48:43.0942 AM
[ReportManager] API Action [GetResponseJSONValue] successfully performed. With the following test data [title]. @31-01-2022 01:48:43.0954 AM
[ReportManager] API Action [GetResponseJSONValue] successfully performed. With the following test data [title]. @31-01-2022 01:48:43.0965 AM
[ReportManager] API Action [GetResponseJSONValue] successfully performed. With the following test data [title]. @31-01-2022 01:48:43.0976 AM
[ReportManager] API Action [GetResponseJSONValue] successfully performed. With the following test data [title]. @31-01-2022 01:48:43.0987 AM
[ReportManager] API Action [GetResponseJSONValue] successfully performed. With the following test data [title]. @31-01-2022 01:48:44.0000 AM
[ReportManager] API Action [GetResponseJSONValue] successfully performed. With the following test data [title]. @31-01-2022 01:48:44.0012 AM
[ReportManager] API Action [GetResponseJSONValue] successfully performed. With the following test data [title]. @31-01-2022 01:48:44.0023 AM
[ReportManager] API Action [GetResponseJSONValue] successfully performed. With the following test data [title]. @31-01-2022 01:48:44.0033 AM
[ReportManager] API Action [GetResponseJSONValue] successfully performed. With the following test data [title]. @31-01-2022 01:48:44.0044 AM
[ReportManager] API Action [GetResponseJSONValue] successfully performed. With the following test data [title]. @31-01-2022 01:48:44.0055 AM
[ReportManager] API Action [GetResponseJSONValue] successfully performed. With the following test data [title]. @31-01-2022 01:48:44.0066 AM
[ReportManager] API Action [GetResponseJSONValue] successfully performed. With the following test data [title]. @31-01-2022 01:48:44.0077 AM
[ReportManager] API Action [GetResponseJSONValue] successfully performed. With the following test data [title]. @31-01-2022 01:48:44.0088 AM
[ReportManager] API Action [GetResponseJSONValue] successfully performed. With the following test data [title]. @31-01-2022 01:48:44.0098 AM
[ReportManager] API Action [GetResponseJSONValue] successfully performed. With the following test data [title]. @31-01-2022 01:48:44.0110 AM
[ReportManager] API Action [GetResponseJSONValue] successfully performed. With the following test data [title]. @31-01-2022 01:48:44.0120 AM
[ReportManager] API Action [GetResponseJSONValue] successfully performed. With the following test data [title]. @31-01-2022 01:48:44.0131 AM
[ReportManager] API Action [GetResponseJSONValue] successfully performed. With the following test data [title]. @31-01-2022 01:48:44.0142 AM
[ReportManager] API Action [GetResponseJSONValue] successfully performed. With the following test data [title]. @31-01-2022 01:48:44.0153 AM
[ReportManager] API Action [GetResponseJSONValue] successfully performed. With the following test data [title]. @31-01-2022 01:48:44.0164 AM
[ReportManager] API Action [GetResponseJSONValue] successfully performed. With the following test data [title]. @31-01-2022 01:48:44.0217 AM
[ReportManager] API Action [GetResponseJSONValue] successfully performed. With the following test data [title]. @31-01-2022 01:48:44.0277 AM
[ReportManager] API Action [GetResponseJSONValue] successfully performed. With the following test data [title]. @31-01-2022 01:48:44.0301 AM
[ReportManager] API Action [GetResponseJSONValue] successfully performed. With the following test data [title]. @31-01-2022 01:48:44.0326 AM
[ReportManager] API Action [GetResponseJSONValue] successfully performed. With the following test data [title]. @31-01-2022 01:48:44.0343 AM
[ReportManager] API Action [GetResponseJSONValue] successfully performed. With the following test data [title]. @31-01-2022 01:48:44.0358 AM
[ReportManager] API Action [GetResponseJSONValue] successfully performed. With the following test data [title]. @31-01-2022 01:48:44.0375 AM
[ReportManager] API Action [GetResponseJSONValue] successfully performed. With the following test data [title]. @31-01-2022 01:48:44.0411 AM
[ReportManager] API Action [GetResponseJSONValue] successfully performed. With the following test data [title]. @31-01-2022 01:48:44.0424 AM
[ReportManager] API Action [GetResponseJSONValue] successfully performed. With the following test data [title]. @31-01-2022 01:48:44.0436 AM
[ReportManager] API Action [GetResponseJSONValue] successfully performed. With the following test data [title]. @31-01-2022 01:48:44.0446 AM
[ReportManager] API Action [GetResponseJSONValue] successfully performed. With the following test data [title]. @31-01-2022 01:48:44.0457 AM
[ReportManager] API Action [GetResponseJSONValue] successfully performed. With the following test data [title]. @31-01-2022 01:48:44.0468 AM
[ReportManager] API Action [GetResponseJSONValue] successfully performed. With the following test data [title]. @31-01-2022 01:48:44.0479 AM
[ReportManager] API Action [GetResponseJSONValue] successfully performed. With the following test data [title]. @31-01-2022 01:48:44.0489 AM
[ReportManager] API Action [GetResponseJSONValue] successfully performed. With the following test data [title]. @31-01-2022 01:48:44.0500 AM
[ReportManager] API Action [GetResponseJSONValue] successfully performed. With the following test data [title]. @31-01-2022 01:48:44.0511 AM
[ReportManager] API Action [GetResponseJSONValue] successfully performed. With the following test data [title]. @31-01-2022 01:48:44.0524 AM
[ReportManager] API Action [GetResponseJSONValue] successfully performed. With the following test data [title]. @31-01-2022 01:48:44.0534 AM
[ReportManager] API Action [GetResponseJSONValue] successfully performed. With the following test data [title]. @31-01-2022 01:48:44.0545 AM
[ReportManager] API Action [GetResponseJSONValue] successfully performed. With the following test data [title]. @31-01-2022 01:48:44.0557 AM
[ReportManager] API Action [GetResponseJSONValue] successfully performed. With the following test data [title]. @31-01-2022 01:48:44.0569 AM
[ReportManager] API Action [GetResponseJSONValue] successfully performed. With the following test data [title]. @31-01-2022 01:48:44.0580 AM
[ReportManager] API Action [GetResponseJSONValue] successfully performed. With the following test data [title]. @31-01-2022 01:48:44.0591 AM
[ReportManager] API Action [GetResponseJSONValue] successfully performed. With the following test data [title]. @31-01-2022 01:48:44.0604 AM
[ReportManager] API Action [GetResponseJSONValue] successfully performed. With the following test data [title]. @31-01-2022 01:48:44.0614 AM
[ReportManager] API Action [GetResponseJSONValue] successfully performed. With the following test data [title]. @31-01-2022 01:48:44.0625 AM
[ReportManager] API Action [GetResponseJSONValue] successfully performed. With the following test data [title]. @31-01-2022 01:48:44.0635 AM
[ReportManager] API Action [GetResponseJSONValue] successfully performed. With the following test data [title]. @31-01-2022 01:48:44.0646 AM
[ReportManager] API Action [GetResponseJSONValue] successfully performed. With the following test data [title]. @31-01-2022 01:48:44.0656 AM
[ReportManager] API Action [GetResponseJSONValue] successfully performed. With the following test data [title]. @31-01-2022 01:48:44.0667 AM
[ReportManager] API Action [GetResponseJSONValue] successfully performed. With the following test data [title]. @31-01-2022 01:48:44.0680 AM
[ReportManager] API Action [GetResponseJSONValue] successfully performed. With the following test data [title]. @31-01-2022 01:48:44.0691 AM
[ReportManager] API Action [GetResponseJSONValue] successfully performed. With the following test data [title]. @31-01-2022 01:48:44.0703 AM
[ReportManager] API Action [GetResponseJSONValue] successfully performed. With the following test data [title]. @31-01-2022 01:48:44.0714 AM
[ReportManager] API Action [GetResponseJSONValue] successfully performed. With the following test data [title]. @31-01-2022 01:48:44.0724 AM
[ReportManager] API Action [GetResponseJSONValue] successfully performed. With the following test data [title]. @31-01-2022 01:48:44.0736 AM
[ReportManager] API Action [GetResponseJSONValue] successfully performed. With the following test data [title]. @31-01-2022 01:48:44.0748 AM
[ReportManager] API Action [GetResponseJSONValue] successfully performed. With the following test data [title]. @31-01-2022 01:48:44.0759 A

################################################################################################################################################
Starting Execution:	[68 out of 162] test cases in the current suite
Test Method:		[unitTests.tests_restActions.validateUserEmail]
################################################################################################################################################
[ReportManager] Response status code: [200], status line: [HTTP/1.1 200 OK] @31-01-2022 01:48:44.0841 AM
[ReportManager] Assertion Passed: Evaluating the actual response status code against the expected one... @31-01-2022 01:48:44.0841 AM
[ReportManager] Assertion [ValidateComparativeRelation] PASSED. Expected [200] and Actual [200]. Comparison Type [EQUALS]. Validation Type [POSITIVE]. @31-01-2022 01:48:44.0841 AM
[ReportManager] API Action [PerformRequest] successfully performed. With the following test data [Request Type: "GET" | Target Status Code: "200" | Service URL: "https://jsonplaceholder.typicode.com/users" | Content Type: "*/*" | Response Time: "72ms"]. @31-01-2022 01:48:44.0898 AM
[ReportManager] Successfully created attachment [API Request - Specifications] @31-01-2022 01:48:44.0899 AM
[ReportManager] Successfully created attachment [API Response - JSON Body] @31-01-2022 01:48:44.0900 AM
[ReportManager] Assertion [ValidateEquals] PASSED. Expected and Actual values are attached. Comparison Type [CONTAINS]. Validation Type [POSITIVE]. @31-01-2022 01:48:44.0900 AM
[ReportManager] Successfully created attachment [Validation Test Data - Expected Value] @31-01-2022 01:48:44.0900 AM
[ReportManager] Successfully created attachment [Validation Test Data - Actual Value] @31-01-2022 01:48:44.0901 AM
[ReportManager] API Action [GetResponseJSONValueAsList] successfully performed. With the following test data [$]. @31-01-2022 01:48:44.0908 AM
[ReportManager] API Action [GetResponseJSONValue] successfully performed. With the following test data [name]. @31-01-2022 01:48:44.0922 AM
[ReportManager] API Action [GetResponseJSONValue] successfully performed. With the following test data [email]. @31-01-2022 01:48:44.0933 AM
[ReportManager] Assertion [ValidateEquals] PASSED. Expected [Sincere@april.biz] and Actual [Sincere@april.biz]. Comparison Type [EQUALS]. Validation Type [POSITIVE]. @31-01-2022 01:48:44.0933 AM
[ReportManager] API Action [GetResponseJSONValue] successfully performed. With the following test data [name]. @31-01-2022 01:48:44.0945 AM
[ReportManager] API Action [GetResponseJSONValue] successfully performed. With the following test data [name]. @31-01-2022 01:48:44.0961 AM
[ReportManager] API Action [GetResponseJSONValue] successfully performed. With the following test data [name]. @31-01-2022 01:48:44.0973 AM
[ReportManager] API Action [GetResponseJSONValue] successfully performed. With the following test data [name]. @31-01-2022 01:48:44.0985 AM
[ReportManager] API Action [GetResponseJSONValue] successfully performed. With the following test data [name]. @31-01-2022 01:48:44.0997 AM
[ReportManager] API Action [GetResponseJSONValue] successfully performed. With the following test data [name]. @31-01-2022 01:48:45.0013 AM
[ReportManager] API Action [GetResponseJSONValue] successfully performed. With the following test data [name]. @31-01-2022 01:48:45.0025 AM
[ReportManager] API Action [GetResponseJSONValue] successfully performed. With the following test data [name]. @31-01-2022 01:48:45.0043 AM
[ReportManager] API Action [GetResponseJSONValue] successfully performed. With the following test data [name]. @31-01-2022 01:48:45.0057 A
[ReportManager] File Action [GetAbsolutePath] successfully performed. With the following test data [Relative Folder Path: "target/downloadedFiles/"]. @31-01-2022 01:48:45.0061 AM
[ReportManager] Attempting to run locally on: [Mac-64], [Safari], Headless Execution. @31-01-2022 01:48:45.0061 AM
[ReportManager] Successfully Opened Safari. @31-01-2022 01:48:45.0885 AM
[ReportManager] Initial window size: (800, 600) @31-01-2022 01:48:45.0906 AM
[ReportManager] Window size after SWD Maximize: (1176, 803) @31-01-2022 01:48:45.0935 AM
[ReportManager] Browser Action [MaximizeWindow] successfully performed. With the following test data [New screen size is now: (1176, 803)]. @31-01-2022 01:48:45.0936 A

################################################################################################################################################
Starting Execution:	[69 out of 162] test cases in the current suite
Test Method:		[testPackage01.Test_uploadFile.uploadFile_invisibleUploadInput]
################################################################################################################################################
[ReportManager] Target URL: [https://fineuploader.com/demos.html#gallery-view] @31-01-2022 01:48:45.0943 AM
[ReportManager] Initial URL: [] @31-01-2022 01:48:45.0998 AM
[ReportManager] Browser Action [NavigateToURL] successfully performed. With the following test data [https://fineuploader.com/demos.html#gallery-view]. @31-01-2022 01:48:47.0841 AM
[ReportManager] File Action [GetAbsolutePath] successfully performed. With the following test data [Relative File Path: "src/main/resources/images/shaft.png"]. @31-01-2022 01:48:47.0842 AM
[ReportManager] Successfully created attachment [File Action Actual Result - Command Log] @31-01-2022 01:48:47.0842 AM
[ReportManager] Element Action [TypeFileLocationForUpload] successfully performed. With the following test data [/Users/runner/work/SHAFT_ENGINE/SHAFT_ENGINE/src/main/resources/images/shaft.png]. @31-01-2022 01:48:47.0886 AM
[ReportManager] Attempting to getAttribute [src] from elementLocator [By.xpath: //div[@id='fine-uploader-gallery']//div[@class='qq-thumbnail-wrapper']/img]. @31-01-2022 01:48:47.0890 AM
[ReportManager] Element Action [GetAttribute] successfully performed. @31-01-2022 01:48:47.0991 AM
[ReportManager] Successfully created attachment [Element Action Test Data - GetAttribute - Actual Value] @31-01-2022 01:48:47.0994 AM
[ReportManager] Assertion Passed: Then I Assert that the element found by [By.xpath: //div[@id='fine-uploader-gallery']//div[@class='qq-thumbnail-wrapper']/img] attribute [src] contains [data:image/png;base64]. @31-01-2022 01:48:48.0248 AM
[ReportManager] Successfully created attachment [Validation Test Data - Expected Value] @31-01-2022 01:48:48.0249 AM
[ReportManager] Successfully created attachment [Validation Test Data - Actual Value] @31-01-2022 01:48:48.0249 AM
[ReportManager] Successfully created attachment [Screenshot - 1643593728145_uploadFile_invisibleUploadInput_ValidateElementAttribute_passed] @31-01-2022 01:48:48.0251 AM
[ReportManager] Assertion [ValidateElementAttribute] PASSED. Expected and Actual values are attached. Comparison Type [CONTAINS]. Validation Type [POSITIVE]. @31-01-2022 01:48:48.0251 A
[ReportManager] Browser Action [CloseCurrentWindow] successfully performed. @31-01-2022 01:48:48.0575 AM
[ReportManager] Successfully created attachment [Browser Action Test Data - CloseCurrentWindow - Actual Value] @31-01-2022 01:48:48.0576 A
[ReportManager] File Action [GetAbsolutePath] successfully performed. With the following test data [Relative Folder Path: "target/downloadedFiles/"]. @31-01-2022 01:48:48.0581 AM
[ReportManager] Attempting to run locally on: [Mac-64], [Safari], Headless Execution. @31-01-2022 01:48:48.0581 AM
[ReportManager] Successfully Opened Safari. @31-01-2022 01:48:49.0572 AM
[ReportManager] Initial window size: (800, 600) @31-01-2022 01:48:49.0590 AM
[ReportManager] Window size after SWD Maximize: (1176, 803) @31-01-2022 01:48:49.0624 AM
[ReportManager] Browser Action [MaximizeWindow] successfully performed. With the following test data [New screen size is now: (1176, 803)]. @31-01-2022 01:48:49.0625 A

################################################################################################################################################
Starting Execution:	[70 out of 162] test cases in the current suite
Test Method:		[testPackage01.Test_uploadFile.uploadFile_visibleUploadInput]
################################################################################################################################################
[ReportManager] Target URL: [https://demo.guru99.com/test/upload/] @31-01-2022 01:48:49.0627 AM
[ReportManager] Initial URL: [] @31-01-2022 01:48:49.0680 AM
[ReportManager] Browser Action [NavigateToURL] successfully performed. With the following test data [https://demo.guru99.com/test/upload/]. @31-01-2022 01:48:52.0906 AM
[ReportManager] File Action [GetAbsolutePath] successfully performed. With the following test data [Relative Folder Path: "src/main/resources/images/shaft.png"]. @31-01-2022 01:48:52.0906 AM
[ReportManager] Element Action [TypeFileLocationForUpload] successfully performed. With the following test data [/Users/runner/work/SHAFT_ENGINE/SHAFT_ENGINE/src/main/resources/images/shaft.png]. @31-01-2022 01:48:52.0986 AM
[ReportManager] Element Action [Click] successfully performed. With the following test data [By.id: terms]. @31-01-2022 01:48:53.0207 AM
[ReportManager] Element Action [Click] successfully performed. With the following test data [By.id: submitbutton]. @31-01-2022 01:48:53.0419 AM
[ReportManager] Element Action [GetText] successfully performed. With the following test data [1 file has been successfully uploaded.]. @31-01-2022 01:48:54.0126 AM
[ReportManager] Assertion Passed: Then I Assert that the element found by [By.id: res] attribute [Text] contains [1 file]. @31-01-2022 01:48:54.0283 AM
[ReportManager] Successfully created attachment [Screenshot - 1643593734222_uploadFile_visibleUploadInput_ValidateElementAttribute_passed] @31-01-2022 01:48:54.0284 AM
[ReportManager] Assertion [ValidateElementAttribute] PASSED. Expected [Value Should be '1 file' for the 'Text' attribute, element locator 'By.id: res'] and Actual [1 file has been successfully uploaded.]. Comparison Type [CONTAINS]. Validation Type [POSITIVE]. @31-01-2022 01:48:54.0284 A
[ReportManager] Browser Action [CloseCurrentWindow] successfully performed. @31-01-2022 01:48:54.0490 AM
[ReportManager] Successfully created attachment [Browser Action Test Data - CloseCurrentWindow - Actual Value] @31-01-2022 01:48:54.0491 A

################################################################################################################################################
Starting Execution:	[71 out of 162] test cases in the current suite
Test Method:		[testPackage01.Test_AssertApiResponseEquals.assertApiResponseEquals_expectedToPass]
################################################################################################################################################
[ReportManager] Response status code: [200], status line: [HTTP/1.1 200 OK] @31-01-2022 01:48:54.0571 AM
[ReportManager] Assertion Passed: Evaluating the actual response status code against the expected one... @31-01-2022 01:48:54.0572 AM
[ReportManager] Assertion [ValidateComparativeRelation] PASSED. Expected [200] and Actual [200]. Comparison Type [EQUALS]. Validation Type [POSITIVE]. @31-01-2022 01:48:54.0572 AM
[ReportManager] API Action [PerformRequest] successfully performed. With the following test data [Request Type: "GET" | Target Status Code: "200" | Service URL: "https://jsonplaceholder.typicode.com/users" | Content Type: "*/*" | Response Time: "71ms"]. @31-01-2022 01:48:54.0590 AM
[ReportManager] Successfully created attachment [API Request - Specifications] @31-01-2022 01:48:54.0591 AM
[ReportManager] Successfully created attachment [API Response - JSON Body] @31-01-2022 01:48:54.0591 AM
[ReportManager] API Action [GetResponseJSONValueAsList] successfully performed. With the following test data [$]. @31-01-2022 01:48:54.0596 AM
[ReportManager] API Action [GetResponseJSONValue] successfully performed. With the following test data [name]. @31-01-2022 01:48:54.0607 AM
[ReportManager] API Action [GetResponseJSONValue] successfully performed. With the following test data [email]. @31-01-2022 01:48:54.0620 AM
[ReportManager] Verification [ValidateEquals] PASSED. Expected [Sincere@april.biz] and Actual [Sincere@april.biz]. Comparison Type [EQUALS]. Validation Type [POSITIVE]. @31-01-2022 01:48:54.0620 AM
[ReportManager] API Action [GetResponseJSONValue] successfully performed. With the following test data [username]. @31-01-2022 01:48:54.0630 AM
[ReportManager] Assertion [ValidateEquals] PASSED. Expected [Bret] and Actual [Bret]. Comparison Type [EQUALS]. Validation Type [POSITIVE]. @31-01-2022 01:48:54.0631 AM
[ReportManager] API Action [GetResponseJSONValue] successfully performed. With the following test data [name]. @31-01-2022 01:48:54.0641 AM
[ReportManager] API Action [GetResponseJSONValue] successfully performed. With the following test data [name]. @31-01-2022 01:48:54.0651 AM
[ReportManager] API Action [GetResponseJSONValue] successfully performed. With the following test data [name]. @31-01-2022 01:48:54.0660 AM
[ReportManager] API Action [GetResponseJSONValue] successfully performed. With the following test data [name]. @31-01-2022 01:48:54.0670 AM
[ReportManager] API Action [GetResponseJSONValue] successfully performed. With the following test data [name]. @31-01-2022 01:48:54.0681 AM
[ReportManager] API Action [GetResponseJSONValue] successfully performed. With the following test data [name]. @31-01-2022 01:48:54.0691 AM
[ReportManager] API Action [GetResponseJSONValue] successfully performed. With the following test data [name]. @31-01-2022 01:48:54.0701 AM
[ReportManager] API Action [GetResponseJSONValue] successfully performed. With the following test data [name]. @31-01-2022 01:48:54.0711 AM
[ReportManager] API Action [GetResponseJSONValue] successfully performed. With the following test data [name]. @31-01-2022 01:48:54.0722 A
[ReportManager] File Action [GetAbsolutePath] successfully performed. With the following test data [Relative Folder Path: "target/downloadedFiles/"]. @31-01-2022 01:48:54.0725 AM
[ReportManager] Attempting to run locally on: [Mac-64], [Safari], Headless Execution. @31-01-2022 01:48:54.0725 AM
[ReportManager] An Exception Occured with this Message: Could not start a new session. Possible causes are invalid address of the remote server or browser start-up failure.. @31-01-2022 01:48:54.0839 AM
[ReportManager] Successfully created attachment [Exception Stack Trace - org.openqa.selenium.SessionNotCreatedException] @31-01-2022 01:48:54.0840 AM
[ReportManager] Driver Factory Action [createNewLocalDriverInstanceForSafari] failed. With the following test data [Failed to create a session on DESKTOP_SAFARI]. @31-01-2022 01:48:54.0840 A

################################################################################################################################################
Starting Execution:	[72 out of 162] test cases in the current suite
Test Method:		[testPackage01.TestJSPromptBox.dismissAlert]
###############################################################################################################################################

################################################################################################################################################
Starting Execution:	[73 out of 162] test cases in the current suite
Test Method:		[testPackage01.TestJSPromptBox.assertOnCancelAlertResultText]
###############################################################################################################################################

################################################################################################################################################
Starting Execution:	[74 out of 162] test cases in the current suite
Test Method:		[testPackage01.TestJSPromptBox.getAlertText]
###############################################################################################################################################

################################################################################################################################################
Starting Execution:	[75 out of 162] test cases in the current suite
Test Method:		[testPackage01.TestJSPromptBox.acceptPromptAlertWithoutTypingTextMessage]
###############################################################################################################################################

################################################################################################################################################
Starting Execution:	[76 out of 162] test cases in the current suite
Test Method:		[testPackage01.TestJSPromptBox.assertOnConfirmPromptAlertWithoutTypingTextMessageResultText]
###############################################################################################################################################

################################################################################################################################################
Starting Execution:	[77 out of 162] test cases in the current suite
Test Method:		[testPackage01.TestJSPromptBox.acceptPromptAlertWithTextMessage]
###############################################################################################################################################

################################################################################################################################################
Starting Execution:	[78 out of 162] test cases in the current suite
Test Method:		[testPackage01.TestJSPromptBox.assertOnConfirmPromptAlertWithTextMessageResultText]
###############################################################################################################################################


################################################################################################################################################
Starting Execution:	[79 out of 162] test cases in the current suite
Test Method:		[testPackage01.Test_testData.f]
################################################################################################################################################
[ReportManager] Successfully loaded the following test data file [src/test/resources/testDataFiles/testSuite01/TestData.xlsx]. @31-01-2022 01:48:54.0973 AM
[ReportManager] Successfully created attachment [Test Data - Excel] @31-01-2022 01:48:54.0974 AM
[ReportManager] Last Column Number is: [3]. Zero-based. @31-01-2022 01:48:54.0974 A

################################################################################################################################################
Starting Execution:	[80 out of 162] test cases in the current suite
Test Method:		[testPackage01.Test_PDF.testPDF1]
################################################################################################################################################
[ReportManager] File Action [DoesFileExist] successfully performed. With the following test data [File Path: "src/test/resources/testDataFiles/sample.pdf"]. @31-01-2022 01:48:54.0982 AM
[ReportManager] File Action [GetAbsolutePath] successfully performed. With the following test data [Relative Folder Path: "src/test/resources/testDataFiles/sample.pdf"]. @31-01-2022 01:48:54.0983 AM
[ReportManager] Assertion Passed: Checking to see that the pdf file contains [A Simple PDF File] @31-01-2022 01:48:59.0240 AM
[ReportManager] Successfully created attachment [Validation Test Data - Expected Value] @31-01-2022 01:48:59.0241 AM
[ReportManager] Successfully created attachment [Validation Test Data - Actual Value] @31-01-2022 01:48:59.0242 AM
[ReportManager] Assertion [ValidateEquals] PASSED. Expected and Actual values are attached. Comparison Type [CONTAINS]. Validation Type [POSITIVE]. @31-01-2022 01:48:59.0242 A

################################################################################################################################################
Starting Execution:	[81 out of 162] test cases in the current suite
Test Method:		[testPackage01.Test_PDF.testPDF2]
################################################################################################################################################
[ReportManager] File Action [DoesFileExist] successfully performed. With the following test data [File Path: "src/test/resources/testDataFiles/sample.pdf"]. @31-01-2022 01:48:59.0246 AM
[ReportManager] File Action [GetAbsolutePath] successfully performed. With the following test data [Relative Folder Path: "src/test/resources/testDataFiles/sample.pdf"]. @31-01-2022 01:48:59.0247 AM
[ReportManager] Assertion Passed: Checking to see that the pdf file contains [A Simple PDF File] @31-01-2022 01:48:59.0259 AM
[ReportManager] Successfully created attachment [Validation Test Data - Expected Value] @31-01-2022 01:48:59.0259 AM
[ReportManager] Successfully created attachment [Validation Test Data - Actual Value] @31-01-2022 01:48:59.0260 AM
[ReportManager] Assertion [ValidateEquals] PASSED. Expected and Actual values are attached. Comparison Type [CONTAINS]. Validation Type [POSITIVE]. @31-01-2022 01:48:59.0260 A
[ReportManager] File Action [GetAbsolutePath] successfully performed. With the following test data [Relative Folder Path: "target/downloadedFiles/"]. @31-01-2022 01:48:59.0262 AM
[ReportManager] Attempting to run locally on: [Mac-64], [Safari], Headless Execution. @31-01-2022 01:48:59.0262 AM
[ReportManager] Successfully Opened Safari. @31-01-2022 01:49:00.0125 AM
[ReportManager] Initial window size: (800, 600) @31-01-2022 01:49:00.0141 AM
[ReportManager] Window size after SWD Maximize: (1176, 803) @31-01-2022 01:49:00.0159 AM
[ReportManager] Browser Action [MaximizeWindow] successfully performed. With the following test data [New screen size is now: (1176, 803)]. @31-01-2022 01:49:00.0160 A

################################################################################################################################################
Starting Execution:	[82 out of 162] test cases in the current suite
Test Method:		[testPackage01.Test_ShadowDOM.shadowdom]
################################################################################################################################################
[ReportManager] Target URL: [https://mdn.github.io/web-components-examples/popup-info-box-web-component/] @31-01-2022 01:49:00.0164 AM
[ReportManager] Initial URL: [] @31-01-2022 01:49:00.0202 AM
[ReportManager] Browser Action [NavigateToURL] successfully performed. With the following test data [https://mdn.github.io/web-components-examples/popup-info-box-web-component/]. @31-01-2022 01:49:00.0662 AM
[ReportManager] Element Action [Type] successfully performed. With the following test data [Typing into SHADOW DOM...]. @31-01-2022 01:49:01.0247 AM
[ReportManager] Element Action [GetText] successfully performed. With the following test data [Typing into SHADOW DOM...]. @31-01-2022 01:49:01.0310 AM
[ReportManager] Assertion [ValidateElementAttribute] PASSED. Expected [Value Should be 'Typing into SHADOW DOM...' for the 'Text' attribute, element locator 'By.id: cvc'] and Actual [Typing into SHADOW DOM...]. Comparison Type [EQUALS]. Validation Type [POSITIVE]. @31-01-2022 01:49:01.0662 AM
[ReportManager] Successfully created attachment [Screenshot - 1643593741427_shadowdom_ValidateElementAttribute_passed] @31-01-2022 01:49:01.0663 A
[ReportManager] Browser Action [CloseCurrentWindow] successfully performed. @31-01-2022 01:49:02.0034 AM
[ReportManager] Successfully created attachment [Browser Action Test Data - CloseCurrentWindow - Actual Value] @31-01-2022 01:49:02.0034 A
[ReportManager] File Action [GetAbsolutePath] successfully performed. With the following test data [Relative Folder Path: "target/downloadedFiles/"]. @31-01-2022 01:49:02.0037 AM
[ReportManager] Attempting to run locally on: [Mac-64], [Safari], Headless Execution. @31-01-2022 01:49:02.0037 AM
[ReportManager] Successfully Opened Safari. @31-01-2022 01:49:02.0938 AM
[ReportManager] Initial window size: (800, 600) @31-01-2022 01:49:02.0985 AM
[ReportManager] Window size after SWD Maximize: (1176, 803) @31-01-2022 01:49:03.0026 AM
[ReportManager] Browser Action [MaximizeWindow] successfully performed. With the following test data [New screen size is now: (1176, 803)]. @31-01-2022 01:49:03.0026 A

################################################################################################################################################
Starting Execution:	[83 out of 162] test cases in the current suite
Test Method:		[testPackage01.Test_clipboardActions.typeTextAndCopyPaste]
################################################################################################################################################
[ReportManager] Target URL: [https://www.google.com/ncr], and after redirection: [https://www.google.com] @31-01-2022 01:49:03.0028 AM
[ReportManager] Initial URL: [] @31-01-2022 01:49:03.0087 AM
[ReportManager] Browser Action [NavigateToURL] successfully performed. With the following test data [https://www.google.com/ncr]. @31-01-2022 01:49:04.0545 AM
[ReportManager] Element Action [Type] successfully performed. With the following test data [FIRST]. @31-01-2022 01:49:05.0005 A
[ReportManager] Browser Action [CloseCurrentWindow] successfully performed. @31-01-2022 01:49:05.0240 AM
[ReportManager] Successfully created attachment [Browser Action Test Data - CloseCurrentWindow - Actual Value] @31-01-2022 01:49:05.0240 A
[ReportManager] File Action [GetAbsolutePath] successfully performed. With the following test data [Relative Folder Path: "target/downloadedFiles/"]. @31-01-2022 01:49:05.0242 AM
[ReportManager] Attempting to run locally on: [Mac-64], [Safari], Headless Execution. @31-01-2022 01:49:05.0242 AM
[ReportManager] Successfully Opened Safari. @31-01-2022 01:49:06.0101 AM
[ReportManager] Initial window size: (800, 600) @31-01-2022 01:49:06.0122 AM
[ReportManager] Window size after SWD Maximize: (1176, 803) @31-01-2022 01:49:06.0142 AM
[ReportManager] Browser Action [MaximizeWindow] successfully performed. With the following test data [New screen size is now: (1176, 803)]. @31-01-2022 01:49:06.0143 AM
[ReportManager] Target URL: [http://the-internet.herokuapp.com/javascript_alerts] @31-01-2022 01:49:06.0144 AM
[ReportManager] Initial URL: [] @31-01-2022 01:49:06.0332 AM
[ReportManager] Browser Action [NavigateToURL] successfully performed. With the following test data [http://the-internet.herokuapp.com/javascript_alerts]. @31-01-2022 01:49:07.0583 A

################################################################################################################################################
Starting Execution:	[84 out of 162] test cases in the current suite
Test Method:		[testPackage01.TestJSAlertBox.getJSAlertText]
################################################################################################################################################
[ReportManager] Element Action [Click] successfully performed. With the following test data [By.xpath: //button[contains(text(),'Click for JS Alert')]]. @31-01-2022 01:49:07.0802 AM
[ReportManager] Alert is present @31-01-2022 01:49:07.0825 AM
[ReportManager] Alert Text is: [I am a JS Alert] @31-01-2022 01:49:07.0830 AM
[ReportManager] Element Action [GetAlertText] successfully performed. @31-01-2022 01:49:07.0831 AM
[ReportManager] Alert text is: [I am a JS Alert] @31-01-2022 01:49:07.0831 AM
[ReportManager] Alert is present @31-01-2022 01:49:07.0836 AM
[ReportManager] Alert Text is: [I am a JS Alert] @31-01-2022 01:49:07.0849 AM
[ReportManager] Element Action [GetAlertText] successfully performed. @31-01-2022 01:49:07.0849 AM
[ReportManager] Assertion Passed: Then I Assert that [I am a JS Alert] is equal to [I am a JS Alert]. @31-01-2022 01:49:07.0850 AM
[ReportManager] Assertion [ValidateEquals] PASSED. Expected [I am a JS Alert] and Actual [I am a JS Alert]. Comparison Type [EQUALS]. Validation Type [POSITIVE]. @31-01-2022 01:49:07.0850 A

################################################################################################################################################
Starting Execution:	[85 out of 162] test cases in the current suite
Test Method:		[testPackage01.TestJSAlertBox.acceptAlert]
################################################################################################################################################
[ReportManager] Alert is not present @31-01-2022 01:49:37.0926 AM
[ReportManager] Element Action [WaitForAlertToBePresent] failed. @31-01-2022 01:49:38.0187 AM
[ReportManager] Successfully created attachment [Screenshot - 1643593777951_acceptAlert_WaitForAlertToBePresent_failed] @31-01-2022 01:49:38.0270 A

################################################################################################################################################
Starting Execution:	[86 out of 162] test cases in the current suite
Test Method:		[testPackage01.TestJSAlertBox.assertOnConfirmAlertResultText]
###############################################################################################################################################
[ReportManager] Browser Action [CloseCurrentWindow] successfully performed. @31-01-2022 01:49:38.0820 AM
[ReportManager] Successfully created attachment [Browser Action Test Data - CloseCurrentWindow - Actual Value] @31-01-2022 01:49:38.0861 A

################################################################################################################################################
Starting Execution:	[87 out of 162] test cases in the current suite
Test Method:		[testPackage01.Test_checkJDKShellFilesGenerated.testJDKGeneratedSuccessfully]
################################################################################################################################################
[ReportManager] Configuring JDK @31-01-2022 01:49:38.0944 AM
[ReportManager] File Action [GetAbsolutePath] successfully performed. With the following test data [Relative File Path: "generateJdkMac.sh"]. @31-01-2022 01:49:38.0945 AM
[ReportManager] File Action [WriteToFile] successfully performed. With the following test data [Target File Path: "/Users/runner/work/SHAFT_ENGINE/SHAFT_ENGINE/generateJdkMac.sh"]. @31-01-2022 01:49:38.0986 AM
[ReportManager] Attempting to perform the following command locally. Command: [chmod u+x generateJdk.sh] @31-01-2022 01:49:38.0986 AM
[ReportManager] Terminal Action [PerformTerminalCommands] successfully performed. With the following test data [Host Name: "localHost" | Command: "chmod u+x generateJdk.sh" | Exit Status: "1"]. @31-01-2022 01:49:38.0994 AM
[ReportManager] Successfully created attachment [Terminal Action Actual Result - Command Log] @31-01-2022 01:49:39.0154 AM
[ReportManager] Assertion Passed: Then I Assert that [[#!/bin/bash, export JAVA_HOME=$(/usr/libexec/java_home), export PATH=$JAVA_HOME/bin:$PATH, source ~/.zshenv, echo $JAVA_HOME, echo $PATH, exec bash]] contains [JAVA_HOME=$(/usr/libexec/java_home)]. @31-01-2022 01:49:39.0154 AM
[ReportManager] Assertion [ValidateEquals] PASSED. Expected [JAVA_HOME=$(/usr/libexec/java_home)] and Actual [[#!/bin/bash, export JAVA_HOME=$(/usr/libexec/java_home), export PATH=$JAVA_HOME/bin:$PATH, source ~/.zshenv, echo $JAVA_HOME, echo $PATH, exec bash]]. Comparison Type [CONTAINS]. Validation Type [POSITIVE]. @31-01-2022 01:49:39.0155 A
[ReportManager] File Action [GetAbsolutePath] successfully performed. With the following test data [Relative Folder Path: "target/downloadedFiles/"]. @31-01-2022 01:49:39.0278 AM
[ReportManager] Attempting to run locally on: [Mac-64], [Safari], Headless Execution. @31-01-2022 01:49:39.0278 AM
[ReportManager] Successfully Opened Safari. @31-01-2022 01:49:40.0695 AM
[ReportManager] Initial window size: (800, 600) @31-01-2022 01:49:40.0715 AM
[ReportManager] Window size after SWD Maximize: (1176, 803) @31-01-2022 01:49:40.0735 AM
[ReportManager] Browser Action [MaximizeWindow] successfully performed. With the following test data [New screen size is now: (1176, 803)]. @31-01-2022 01:49:40.0736 AM
[ReportManager] Target URL: [http://the-internet.herokuapp.com/javascript_alerts] @31-01-2022 01:49:40.0736 AM
[ReportManager] Initial URL: [] @31-01-2022 01:49:40.0805 AM
[ReportManager] Browser Action [NavigateToURL] successfully performed. With the following test data [http://the-internet.herokuapp.com/javascript_alerts]. @31-01-2022 01:49:41.0723 A

################################################################################################################################################
Starting Execution:	[88 out of 162] test cases in the current suite
Test Method:		[testPackage01.TestJSConfirmBox.dismissAlert]
################################################################################################################################################
[ReportManager] Element Action [Click] successfully performed. With the following test data [By.xpath: //button[contains(text(),'Click for JS Confirm')]]. @31-01-2022 01:49:42.0096 AM
[ReportManager] Alert is present @31-01-2022 01:49:42.0101 AM
[ReportManager] Element Action [DismissAlert] successfully performed. @31-01-2022 01:49:42.0108 A

################################################################################################################################################
Starting Execution:	[89 out of 162] test cases in the current suite
Test Method:		[testPackage01.TestJSConfirmBox.assertOnCancelAlertResultText]
################################################################################################################################################
[ReportManager] Element Action [GetText] successfully performed. With the following test data [You clicked: Cancel]. @31-01-2022 01:49:42.0423 AM
[ReportManager] Assertion Passed: Then I Assert that the element found by [By.id: result] attribute [TEXT] is equal to [You clicked: Cancel]. @31-01-2022 01:49:42.0832 AM
[ReportManager] Successfully created attachment [Screenshot - 1643593782590_assertOnCancelAlertResultText_ValidateElementAttribute_passed] @31-01-2022 01:49:42.0915 AM
[ReportManager] Assertion [ValidateElementAttribute] PASSED. Expected [Value Should be 'You clicked: Cancel' for the 'text' attribute, element locator 'By.id: result'] and Actual [You clicked: Cancel]. Comparison Type [EQUALS]. Validation Type [POSITIVE]. @31-01-2022 01:49:42.0915 A

################################################################################################################################################
Starting Execution:	[90 out of 162] test cases in the current suite
Test Method:		[testPackage01.TestJSConfirmBox.getAlertText]
################################################################################################################################################
[ReportManager] Element Action [Click] successfully performed. With the following test data [By.xpath: //button[contains(text(),'Click for JS Confirm')]]. @31-01-2022 01:49:43.0262 AM
[ReportManager] Alert is present @31-01-2022 01:49:43.0270 AM
[ReportManager] Alert Text is: [I am a JS Confirm] @31-01-2022 01:49:43.0284 AM
[ReportManager] Element Action [GetAlertText] successfully performed. @31-01-2022 01:49:43.0285 AM
[ReportManager] Alert text is: [I am a JS Confirm] @31-01-2022 01:49:43.0285 AM
[ReportManager] Alert is present @31-01-2022 01:49:43.0299 AM
[ReportManager] Alert Text is: [I am a JS Confirm] @31-01-2022 01:49:43.0305 AM
[ReportManager] Element Action [GetAlertText] successfully performed. @31-01-2022 01:49:43.0305 AM
[ReportManager] Assertion Passed: Then I Assert that [I am a JS Confirm] is equal to [I am a JS Confirm]. @31-01-2022 01:49:43.0306 AM
[ReportManager] Assertion [ValidateEquals] PASSED. Expected [I am a JS Confirm] and Actual [I am a JS Confirm]. Comparison Type [EQUALS]. Validation Type [POSITIVE]. @31-01-2022 01:49:43.0306 A

################################################################################################################################################
Starting Execution:	[91 out of 162] test cases in the current suite
Test Method:		[testPackage01.TestJSConfirmBox.acceptAlert]
################################################################################################################################################
[ReportManager] Alert is not present @31-01-2022 01:50:13.0907 AM
[ReportManager] Element Action [WaitForAlertToBePresent] failed. @31-01-2022 01:50:14.0092 AM
[ReportManager] Successfully created attachment [Screenshot - 1643593813930_acceptAlert_WaitForAlertToBePresent_failed] @31-01-2022 01:50:14.0173 A

################################################################################################################################################
Starting Execution:	[92 out of 162] test cases in the current suite
Test Method:		[testPackage01.TestJSConfirmBox.assertOnConfirmAlertResultText]
###############################################################################################################################################
[ReportManager] Browser Action [CloseCurrentWindow] successfully performed. @31-01-2022 01:50:14.0926 AM
[ReportManager] Successfully created attachment [Browser Action Test Data - CloseCurrentWindow - Actual Value] @31-01-2022 01:50:14.0967 A

################################################################################################################################################
Starting Execution:	[93 out of 162] test cases in the current suite
Test Method:		[testPackage01.Test_NewValidationHelper.f1]
################################################################################################################################################
[ReportManager] Assertion Passed: Checking valid user data @31-01-2022 01:50:15.0054 AM
[ReportManager] Successfully created attachment [Validation Test Data - Expected Value] @31-01-2022 01:50:15.0096 AM
[ReportManager] Successfully created attachment [Validation Test Data - Actual Value] @31-01-2022 01:50:15.0179 AM
[ReportManager] Assertion [ValidateEquals] PASSED. Expected and Actual values are attached. Comparison Type [EQUALS]. Validation Type [POSITIVE]. @31-01-2022 01:50:15.0179 A
[ReportManager] File Action [GetAbsolutePath] successfully performed. With the following test data [Relative Folder Path: "target/downloadedFiles/"]. @31-01-2022 01:50:15.0305 AM
[ReportManager] Attempting to run locally on: [Mac-64], [Safari], Headless Execution. @31-01-2022 01:50:15.0305 AM
[ReportManager] Successfully Opened Safari. @31-01-2022 01:50:17.0467 AM
[ReportManager] Initial window size: (800, 600) @31-01-2022 01:50:17.0493 AM
[ReportManager] Window size after SWD Maximize: (1176, 803) @31-01-2022 01:50:17.0521 AM
[ReportManager] Browser Action [MaximizeWindow] successfully performed. With the following test data [New screen size is now: (1176, 803)]. @31-01-2022 01:50:17.0522 AM
[ReportManager] Target URL: [https://the-internet.herokuapp.com/] @31-01-2022 01:50:17.0522 AM
[ReportManager] Initial URL: [] @31-01-2022 01:50:17.0575 AM
[ReportManager] Browser Action [NavigateToURL] successfully performed. With the following test data [https://the-internet.herokuapp.com/]. @31-01-2022 01:50:18.0728 A

################################################################################################################################################
Starting Execution:	[94 out of 162] test cases in the current suite
Test Method:		[testPackage01.Test_NewValidationHelper.f10]
################################################################################################################################################
[ReportManager] Assertion [ValidateElementExists] FAILED. Expected [Element Should Exist, locator 'By.tagName: div'] and Actual [Element Exists but is not unique]. Comparison Type [EQUALS]. Validation Type [POSITIVE]. @31-01-2022 01:50:19.0149 AM
[ReportManager] Successfully created attachment [Screenshot - 1643593819024_f10_ValidateElementExists_failed] @31-01-2022 01:50:19.0233 A
[ReportManager] Successfully Closed All Drivers. @31-01-2022 01:50:19.0739 A
[ReportManager] File Action [GetAbsolutePath] successfully performed. With the following test data [Relative Folder Path: "target/downloadedFiles/"]. @31-01-2022 01:50:19.0863 AM
[ReportManager] Attempting to run locally on: [Mac-64], [Safari], Headless Execution. @31-01-2022 01:50:19.0863 AM
[ReportManager] Successfully Opened Safari. @31-01-2022 01:50:20.0869 AM
[ReportManager] Initial window size: (800, 600) @31-01-2022 01:50:20.0968 AM
[ReportManager] Window size after SWD Maximize: (1176, 803) @31-01-2022 01:50:21.0003 AM
[ReportManager] Browser Action [MaximizeWindow] successfully performed. With the following test data [New screen size is now: (1176, 803)]. @31-01-2022 01:50:21.0003 AM
[ReportManager] Target URL: [https://the-internet.herokuapp.com/] @31-01-2022 01:50:21.0003 AM
[ReportManager] Initial URL: [] @31-01-2022 01:50:21.0065 AM
[ReportManager] Browser Action [NavigateToURL] successfully performed. With the following test data [https://the-internet.herokuapp.com/]. @31-01-2022 01:50:22.0316 A

################################################################################################################################################
Starting Execution:	[95 out of 162] test cases in the current suite
Test Method:		[testPackage01.Test_NewValidationHelper.f11]
################################################################################################################################################
[ReportManager] org.openqa.selenium.TimeoutException:
Expected condition failed: waiting for com.shaft.gui.element.ElementActionsHelper$$Lambda$641/0x000000080112b150@599c8fc9 (tried for 5 second(s) with 1000 milliseconds interval)
org.openqa.selenium.support.ui.FluentWait.timeoutException(FluentWait.java:263)
org.openqa.selenium.support.ui.FluentWait.until(FluentWait.java:231)
com.shaft.gui.element.ElementActionsHelper.waitForElementPresence(ElementActionsHelper.java:89)
com.shaft.gui.element.ElementActionsHelper.waitForElementPresence(ElementActionsHelper.java:37)
com.shaft.gui.element.WebDriverElementActions.getMatchingElementsCount(WebDriverElementActions.java:1481)
com.shaft.gui.element.WebDriverElementActions.getElementsCount(WebDriverElementActions.java:561)
com.shaft.gui.element.ElementActions.getElementsCount(ElementActions.java:269)
com.shaft.validation.ValidationsHelper.validateElementExists(ValidationsHelper.java:149)
com.shaft.validation.Assertions.assertElementExists(Assertions.java:118)
testPackage01.Test_NewValidationHelper.f11(Test_NewValidationHelper.java:137)
java.base/jdk.internal.reflect.NativeMethodAccessorImpl.invoke0(Native Method)
java.base/jdk.internal.reflect.NativeMethodAccessorImpl.invoke(NativeMethodAccessorImpl.java:77)
java.base/jdk.internal.reflect.DelegatingMethodAccessorImpl.invoke(DelegatingMethodAccessorImpl.java:43)
java.base/java.lang.reflect.Method.invoke(Method.java:568)
org.testng.internal.invokers.MethodInvocationHelper.invokeMethod(MethodInvocationHelper.java:135)
org.testng.internal.invokers.TestInvoker.invokeMethod(TestInvoker.java:673)
org.testng.internal.invokers.TestInvoker.invokeTestMethod(TestInvoker.java:220)
org.testng.internal.invokers.MethodRunner.runInSequence(MethodRunner.java:50)
org.testng.internal.invokers.TestInvoker$MethodInvocationAgent.invoke(TestInvoker.java:945)
org.testng.internal.invokers.TestInvoker.invokeTestMethods(TestInvoker.java:193)
org.testng.internal.invokers.TestMethodWorker.invokeTestMethods(TestMethodWorker.java:146)
org.testng.internal.invokers.TestMethodWorker.run(TestMethodWorker.java:128)
java.base/java.util.ArrayList.forEach(ArrayList.java:1511)
org.testng.TestRunner.privateRun(TestRunner.java:808)
org.testng.TestRunner.run(TestRunner.java:603)
org.testng.SuiteRunner.runTest(SuiteRunner.java:429)
org.testng.SuiteRunner.runSequentially(SuiteRunner.java:423)
org.testng.SuiteRunner.privateRun(SuiteRunner.java:383)
org.testng.SuiteRunner.run(SuiteRunner.java:326)
org.testng.SuiteRunnerWorker.runSuite(SuiteRunnerWorker.java:52)
org.testng.SuiteRunnerWorker.run(SuiteRunnerWorker.java:95)
org.testng.TestNG.runSuitesSequentially(TestNG.java:1249)
org.testng.TestNG.runSuitesLocally(TestNG.java:1169)
org.testng.TestNG.runSuites(TestNG.java:1092)
org.testng.TestNG.run(TestNG.java:1060)
org.apache.maven.surefire.testng.TestNGExecutor.run(TestNGExecutor.java:136)
org.apache.maven.surefire.testng.TestNGDirectoryTestSuite.executeMulti(TestNGDirectoryTestSuite.java:193)
org.apache.maven.surefire.testng.TestNGDirectoryTestSuite.execute(TestNGDirectoryTestSuite.java:94)
org.apache.maven.surefire.testng.TestNGProvider.invoke(TestNGProvider.java:145)
org.apache.maven.surefire.booter.ForkedBooter.runSuitesInProcess(ForkedBooter.java:428)
org.apache.maven.surefire.booter.ForkedBooter.execute(ForkedBooter.java:162)
org.apache.maven.surefire.booter.ForkedBooter.run(ForkedBooter.java:562)
org.apache.maven.surefire.booter.ForkedBooter.main(ForkedBooter.java:548)

Caused by: org.openqa.selenium.NoSuchElementException:
For documentation on this error, please visit: https://selenium.dev/exceptions/#no_such_element
Build info: version: '4.1.1', revision: 'e8fcc2cecf'
System info: host: 'Mac-1643593460771.local', ip: '10.212.6.253', os.name: 'Mac OS X', os.arch: 'x86_64', os.version: '11.6.2', java.version: '17.0.2'
Driver info: org.openqa.selenium.safari.SafariDriver
Command: [F7B1576D-E2CE-4002-BFBA-2785839AC319, findElement {using=tag name, value=h3}]
Capabilities {acceptInsecureCerts: false, browserName: Safari, browserVersion: 15.2, goog:loggingPrefs: {browser: ALL, client: ALL, driver: ALL, performance: ALL, profiler: ALL, server: ALL}, javascriptEnabled: true, pageLoadStrategy: normal, platform: MAC, platformName: MAC, safari:automaticInspection: false, safari:automaticProfiling: false, safari:diagnose: false, safari:platformBuildVersion: 20G314, safari:platformVersion: 11.6.2, safari:useSimulator: false, setWindowRect: true, strictFileInteractability: false, timeouts: {pageLoad: 30000, script: 30000}, webkit:WebRTC: {DisableICECandidateFiltering: false, DisableInsecureMediaCapture: false}}
Session ID: F7B1576D-E2CE-4002-BFBA-2785839AC319
java.base/jdk.internal.reflect.NativeConstructorAccessorImpl.newInstance0(Native Method)
java.base/jdk.internal.reflect.NativeConstructorAccessorImpl.newInstance(NativeConstructorAccessorImpl.java:77)
java.base/jdk.internal.reflect.DelegatingConstructorAccessorImpl.newInstance(DelegatingConstructorAccessorImpl.java:45)
java.base/java.lang.reflect.Constructor.newInstanceWithCaller(Constructor.java:499)
java.base/java.lang.reflect.Constructor.newInstance(Constructor.java:480)
org.openqa.selenium.remote.codec.w3c.W3CHttpResponseCodec.createException(W3CHttpResponseCodec.java:200)
org.openqa.selenium.remote.codec.w3c.W3CHttpResponseCodec.decode(W3CHttpResponseCodec.java:133)
org.openqa.selenium.remote.codec.w3c.W3CHttpResponseCodec.decode(W3CHttpResponseCodec.java:53)
org.openqa.selenium.remote.HttpCommandExecutor.execute(HttpCommandExecutor.java:184)
org.openqa.selenium.remote.service.DriverCommandExecutor.invokeExecute(DriverCommandExecutor.java:167)
org.openqa.selenium.remote.service.DriverCommandExecutor.execute(DriverCommandExecutor.java:142)
org.openqa.selenium.remote.RemoteWebDriver.execute(RemoteWebDriver.java:543)
org.openqa.selenium.remote.ElementLocation$ElementFinder$2.findElement(ElementLocation.java:162)
org.openqa.selenium.remote.ElementLocation.findElement(ElementLocation.java:60)
org.openqa.selenium.remote.RemoteWebDriver.findElement(RemoteWebDriver.java:367)
org.openqa.selenium.remote.RemoteWebDriver.findElement(RemoteWebDriver.java:359)
com.shaft.gui.element.ElementActionsHelper.lambda$waitForElementPresence$0(ElementActionsHelper.java:92)
org.openqa.selenium.support.ui.FluentWait.until(FluentWait.java:208)
com.shaft.gui.element.ElementActionsHelper.waitForElementPresence(ElementActionsHelper.java:89)
com.shaft.gui.element.ElementActionsHelper.waitForElementPresence(ElementActionsHelper.java:37)
com.shaft.gui.element.WebDriverElementActions.getMatchingElementsCount(WebDriverElementActions.java:1481)
com.shaft.gui.element.WebDriverElementActions.getElementsCount(WebDriverElementActions.java:561)
com.shaft.gui.element.ElementActions.getElementsCount(ElementActions.java:269)
com.shaft.validation.ValidationsHelper.validateElementExists(ValidationsHelper.java:149)
com.shaft.validation.Assertions.assertElementExists(Assertions.java:118)
testPackage01.Test_NewValidationHelper.f11(Test_NewValidationHelper.java:137)
java.base/jdk.internal.reflect.NativeMethodAccessorImpl.invoke0(Native Method)
java.base/jdk.internal.reflect.NativeMethodAccessorImpl.invoke(NativeMethodAccessorImpl.java:77)
java.base/jdk.internal.reflect.DelegatingMethodAccessorImpl.invoke(DelegatingMethodAccessorImpl.java:43)
java.base/java.lang.reflect.Method.invoke(Method.java:568)
org.testng.internal.invokers.MethodInvocationHelper.invokeMethod(MethodInvocationHelper.java:135)
org.testng.internal.invokers.TestInvoker.invokeMethod(TestInvoker.java:673)
org.testng.internal.invokers.TestInvoker.invokeTestMethod(TestInvoker.java:220)
org.testng.internal.invokers.MethodRunner.runInSequence(MethodRunner.java:50)
org.testng.internal.invokers.TestInvoker$MethodInvocationAgent.invoke(TestInvoker.java:945)
org.testng.internal.invokers.TestInvoker.invokeTestMethods(TestInvoker.java:193)
org.testng.internal.invokers.TestMethodWorker.invokeTestMethods(TestMethodWorker.java:146)
org.testng.internal.invokers.TestMethodWorker.run(TestMethodWorker.java:128)
java.base/java.util.ArrayList.forEach(ArrayList.java:1511)
org.testng.TestRunner.privateRun(TestRunner.java:808)
org.testng.TestRunner.run(TestRunner.java:603)
org.testng.SuiteRunner.runTest(SuiteRunner.java:429)
org.testng.SuiteRunner.runSequentially(SuiteRunner.java:423)
org.testng.SuiteRunner.privateRun(SuiteRunner.java:383)
org.testng.SuiteRunner.run(SuiteRunner.java:326)
org.testng.SuiteRunnerWorker.runSuite(SuiteRunnerWorker.java:52)
org.testng.SuiteRunnerWorker.run(SuiteRunnerWorker.java:95)
org.testng.TestNG.runSuitesSequentially(TestNG.java:1249)
org.testng.TestNG.runSuitesLocally(TestNG.java:1169)
org.testng.TestNG.runSuites(TestNG.java:1092)
org.testng.TestNG.run(TestNG.java:1060)
org.apache.maven.surefire.testng.TestNGExecutor.run(TestNGExecutor.java:136)
org.apache.maven.surefire.testng.TestNGDirectoryTestSuite.executeMulti(TestNGDirectoryTestSuite.java:193)
org.apache.maven.surefire.testng.TestNGDirectoryTestSuite.execute(TestNGDirectoryTestSuite.java:94)
org.apache.maven.surefire.testng.TestNGProvider.invoke(TestNGProvider.java:145)
org.apache.maven.surefire.booter.ForkedBooter.runSuitesInProcess(ForkedBooter.java:428)
org.apache.maven.surefire.booter.ForkedBooter.execute(ForkedBooter.java:162)
org.apache.maven.surefire.booter.ForkedBooter.run(ForkedBooter.java:562)
org.apache.maven.surefire.booter.ForkedBooter.main(ForkedBooter.java:548) @31-01-2022 01:50:28.0165 AM
[ReportManager] org.openqa.selenium.TimeoutException:
Expected condition failed: waiting for com.shaft.gui.element.ElementActionsHelper$$Lambda$641/0x000000080112b150@42f183d1 (tried for 5 second(s) with 1000 milliseconds interval)
org.openqa.selenium.support.ui.FluentWait.timeoutException(FluentWait.java:263)
org.openqa.selenium.support.ui.FluentWait.until(FluentWait.java:231)
com.shaft.gui.element.ElementActionsHelper.waitForElementPresence(ElementActionsHelper.java:89)
com.shaft.gui.element.ElementActionsHelper.waitForElementPresence(ElementActionsHelper.java:37)
com.shaft.gui.element.WebDriverElementActions.getMatchingElementsCount(WebDriverElementActions.java:1481)
com.shaft.gui.element.WebDriverElementActions.getElementsCount(WebDriverElementActions.java:561)
com.shaft.gui.element.ElementActions.getElementsCount(ElementActions.java:269)
com.shaft.gui.image.ScreenshotManager.internalCaptureScreenShot(ScreenshotManager.java:385)
com.shaft.gui.image.ScreenshotManager.captureScreenShot(ScreenshotManager.java:141)
com.shaft.validation.ValidationsHelper.reportValidationState(ValidationsHelper.java:823)
com.shaft.validation.ValidationsHelper.pass(ValidationsHelper.java:564)
com.shaft.validation.ValidationsHelper.validateElementExists(ValidationsHelper.java:166)
com.shaft.validation.Assertions.assertElementExists(Assertions.java:118)
testPackage01.Test_NewValidationHelper.f11(Test_NewValidationHelper.java:137)
java.base/jdk.internal.reflect.NativeMethodAccessorImpl.invoke0(Native Method)
java.base/jdk.internal.reflect.NativeMethodAccessorImpl.invoke(NativeMethodAccessorImpl.java:77)
java.base/jdk.internal.reflect.DelegatingMethodAccessorImpl.invoke(DelegatingMethodAccessorImpl.java:43)
java.base/java.lang.reflect.Method.invoke(Method.java:568)
org.testng.internal.invokers.MethodInvocationHelper.invokeMethod(MethodInvocationHelper.java:135)
org.testng.internal.invokers.TestInvoker.invokeMethod(TestInvoker.java:673)
org.testng.internal.invokers.TestInvoker.invokeTestMethod(TestInvoker.java:220)
org.testng.internal.invokers.MethodRunner.runInSequence(MethodRunner.java:50)
org.testng.internal.invokers.TestInvoker$MethodInvocationAgent.invoke(TestInvoker.java:945)
org.testng.internal.invokers.TestInvoker.invokeTestMethods(TestInvoker.java:193)
org.testng.internal.invokers.TestMethodWorker.invokeTestMethods(TestMethodWorker.java:146)
org.testng.internal.invokers.TestMethodWorker.run(TestMethodWorker.java:128)
java.base/java.util.ArrayList.forEach(ArrayList.java:1511)
org.testng.TestRunner.privateRun(TestRunner.java:808)
org.testng.TestRunner.run(TestRunner.java:603)
org.testng.SuiteRunner.runTest(SuiteRunner.java:429)
org.testng.SuiteRunner.runSequentially(SuiteRunner.java:423)
org.testng.SuiteRunner.privateRun(SuiteRunner.java:383)
org.testng.SuiteRunner.run(SuiteRunner.java:326)
org.testng.SuiteRunnerWorker.runSuite(SuiteRunnerWorker.java:52)
org.testng.SuiteRunnerWorker.run(SuiteRunnerWorker.java:95)
org.testng.TestNG.runSuitesSequentially(TestNG.java:1249)
org.testng.TestNG.runSuitesLocally(TestNG.java:1169)
org.testng.TestNG.runSuites(TestNG.java:1092)
org.testng.TestNG.run(TestNG.java:1060)
org.apache.maven.surefire.testng.TestNGExecutor.run(TestNGExecutor.java:136)
org.apache.maven.surefire.testng.TestNGDirectoryTestSuite.executeMulti(TestNGDirectoryTestSuite.java:193)
org.apache.maven.surefire.testng.TestNGDirectoryTestSuite.execute(TestNGDirectoryTestSuite.java:94)
org.apache.maven.surefire.testng.TestNGProvider.invoke(TestNGProvider.java:145)
org.apache.maven.surefire.booter.ForkedBooter.runSuitesInProcess(ForkedBooter.java:428)
org.apache.maven.surefire.booter.ForkedBooter.execute(ForkedBooter.java:162)
org.apache.maven.surefire.booter.ForkedBooter.run(ForkedBooter.java:562)
org.apache.maven.surefire.booter.ForkedBooter.main(ForkedBooter.java:548)

Caused by: org.openqa.selenium.NoSuchElementException:
For documentation on this error, please visit: https://selenium.dev/exceptions/#no_such_element
Build info: version: '4.1.1', revision: 'e8fcc2cecf'
System info: host: 'Mac-1643593460771.local', ip: '10.212.6.253', os.name: 'Mac OS X', os.arch: 'x86_64', os.version: '11.6.2', java.version: '17.0.2'
Driver info: org.openqa.selenium.safari.SafariDriver
Command: [F7B1576D-E2CE-4002-BFBA-2785839AC319, findElement {using=tag name, value=h3}]
Capabilities {acceptInsecureCerts: false, browserName: Safari, browserVersion: 15.2, goog:loggingPrefs: {browser: ALL, client: ALL, driver: ALL, performance: ALL, profiler: ALL, server: ALL}, javascriptEnabled: true, pageLoadStrategy: normal, platform: MAC, platformName: MAC, safari:automaticInspection: false, safari:automaticProfiling: false, safari:diagnose: false, safari:platformBuildVersion: 20G314, safari:platformVersion: 11.6.2, safari:useSimulator: false, setWindowRect: true, strictFileInteractability: false, timeouts: {pageLoad: 30000, script: 30000}, webkit:WebRTC: {DisableICECandidateFiltering: false, DisableInsecureMediaCapture: false}}
Session ID: F7B1576D-E2CE-4002-BFBA-2785839AC319
jdk.internal.reflect.GeneratedConstructorAccessor71.newInstance(Unknown Source)
java.base/jdk.internal.reflect.DelegatingConstructorAccessorImpl.newInstance(DelegatingConstructorAccessorImpl.java:45)
java.base/java.lang.reflect.Constructor.newInstanceWithCaller(Constructor.java:499)
java.base/java.lang.reflect.Constructor.newInstance(Constructor.java:480)
org.openqa.selenium.remote.codec.w3c.W3CHttpResponseCodec.createException(W3CHttpResponseCodec.java:200)
org.openqa.selenium.remote.codec.w3c.W3CHttpResponseCodec.decode(W3CHttpResponseCodec.java:133)
org.openqa.selenium.remote.codec.w3c.W3CHttpResponseCodec.decode(W3CHttpResponseCodec.java:53)
org.openqa.selenium.remote.HttpCommandExecutor.execute(HttpCommandExecutor.java:184)
org.openqa.selenium.remote.service.DriverCommandExecutor.invokeExecute(DriverCommandExecutor.java:167)
org.openqa.selenium.remote.service.DriverCommandExecutor.execute(DriverCommandExecutor.java:142)
org.openqa.selenium.remote.RemoteWebDriver.execute(RemoteWebDriver.java:543)
org.openqa.selenium.remote.ElementLocation$ElementFinder$2.findElement(ElementLocation.java:162)
org.openqa.selenium.remote.ElementLocation.findElement(ElementLocation.java:60)
org.openqa.selenium.remote.RemoteWebDriver.findElement(RemoteWebDriver.java:367)
org.openqa.selenium.remote.RemoteWebDriver.findElement(RemoteWebDriver.java:359)
com.shaft.gui.element.ElementActionsHelper.lambda$waitForElementPresence$0(ElementActionsHelper.java:92)
org.openqa.selenium.support.ui.FluentWait.until(FluentWait.java:208)
com.shaft.gui.element.ElementActionsHelper.waitForElementPresence(ElementActionsHelper.java:89)
com.shaft.gui.element.ElementActionsHelper.waitForElementPresence(ElementActionsHelper.java:37)
com.shaft.gui.element.WebDriverElementActions.getMatchingElementsCount(WebDriverElementActions.java:1481)
com.shaft.gui.element.WebDriverElementActions.getElementsCount(WebDriverElementActions.java:561)
com.shaft.gui.element.ElementActions.getElementsCount(ElementActions.java:269)
com.shaft.gui.image.ScreenshotManager.internalCaptureScreenShot(ScreenshotManager.java:385)
com.shaft.gui.image.ScreenshotManager.captureScreenShot(ScreenshotManager.java:141)
com.shaft.validation.ValidationsHelper.reportValidationState(ValidationsHelper.java:823)
com.shaft.validation.ValidationsHelper.pass(ValidationsHelper.java:564)
com.shaft.validation.ValidationsHelper.validateElementExists(ValidationsHelper.java:166)
com.shaft.validation.Assertions.assertElementExists(Assertions.java:118)
testPackage01.Test_NewValidationHelper.f11(Test_NewValidationHelper.java:137)
java.base/jdk.internal.reflect.NativeMethodAccessorImpl.invoke0(Native Method)
java.base/jdk.internal.reflect.NativeMethodAccessorImpl.invoke(NativeMethodAccessorImpl.java:77)
java.base/jdk.internal.reflect.DelegatingMethodAccessorImpl.invoke(DelegatingMethodAccessorImpl.java:43)
java.base/java.lang.reflect.Method.invoke(Method.java:568)
org.testng.internal.invokers.MethodInvocationHelper.invokeMethod(MethodInvocationHelper.java:135)
org.testng.internal.invokers.TestInvoker.invokeMethod(TestInvoker.java:673)
org.testng.internal.invokers.TestInvoker.invokeTestMethod(TestInvoker.java:220)
org.testng.internal.invokers.MethodRunner.runInSequence(MethodRunner.java:50)
org.testng.internal.invokers.TestInvoker$MethodInvocationAgent.invoke(TestInvoker.java:945)
org.testng.internal.invokers.TestInvoker.invokeTestMethods(TestInvoker.java:193)
org.testng.internal.invokers.TestMethodWorker.invokeTestMethods(TestMethodWorker.java:146)
org.testng.internal.invokers.TestMethodWorker.run(TestMethodWorker.java:128)
java.base/java.util.ArrayList.forEach(ArrayList.java:1511)
org.testng.TestRunner.privateRun(TestRunner.java:808)
org.testng.TestRunner.run(TestRunner.java:603)
org.testng.SuiteRunner.runTest(SuiteRunner.java:429)
org.testng.SuiteRunner.runSequentially(SuiteRunner.java:423)
org.testng.SuiteRunner.privateRun(SuiteRunner.java:383)
org.testng.SuiteRunner.run(SuiteRunner.java:326)
org.testng.SuiteRunnerWorker.runSuite(SuiteRunnerWorker.java:52)
org.testng.SuiteRunnerWorker.run(SuiteRunnerWorker.java:95)
org.testng.TestNG.runSuitesSequentially(TestNG.java:1249)
org.testng.TestNG.runSuitesLocally(TestNG.java:1169)
org.testng.TestNG.runSuites(TestNG.java:1092)
org.testng.TestNG.run(TestNG.java:1060)
org.apache.maven.surefire.testng.TestNGExecutor.run(TestNGExecutor.java:136)
org.apache.maven.surefire.testng.TestNGDirectoryTestSuite.executeMulti(TestNGDirectoryTestSuite.java:193)
org.apache.maven.surefire.testng.TestNGDirectoryTestSuite.execute(TestNGDirectoryTestSuite.java:94)
org.apache.maven.surefire.testng.TestNGProvider.invoke(TestNGProvider.java:145)
org.apache.maven.surefire.booter.ForkedBooter.runSuitesInProcess(ForkedBooter.java:428)
org.apache.maven.surefire.booter.ForkedBooter.execute(ForkedBooter.java:162)
org.apache.maven.surefire.booter.ForkedBooter.run(ForkedBooter.java:562)
org.apache.maven.surefire.booter.ForkedBooter.main(ForkedBooter.java:548) @31-01-2022 01:50:33.0662 AM
[ReportManager] Assertion Passed: Checking that false tag doesn't exist @31-01-2022 01:50:33.0862 AM
[ReportManager] Successfully created attachment [Screenshot - 1643593833688_f11_ValidateElementExists_passed] @31-01-2022 01:50:33.0945 AM
[ReportManager] Assertion [ValidateElementExists] PASSED. Expected [Element Should not Exist, locator 'By.tagName: h3'] and Actual [Element Doesn't Exists]. Comparison Type [EQUALS]. Validation Type [NEGATIVE]. @31-01-2022 01:50:33.0945 A
[ReportManager] Successfully Closed All Drivers. @31-01-2022 01:50:34.0312 A
[ReportManager] File Action [GetAbsolutePath] successfully performed. With the following test data [Relative Folder Path: "target/downloadedFiles/"]. @31-01-2022 01:50:34.0436 AM
[ReportManager] Attempting to run locally on: [Mac-64], [Safari], Headless Execution. @31-01-2022 01:50:34.0436 AM
[ReportManager] Successfully Opened Safari. @31-01-2022 01:50:35.0285 AM
[ReportManager] Initial window size: (800, 600) @31-01-2022 01:50:35.0319 AM
[ReportManager] Window size after SWD Maximize: (1176, 803) @31-01-2022 01:50:35.0355 AM
[ReportManager] Browser Action [MaximizeWindow] successfully performed. With the following test data [New screen size is now: (1176, 803)]. @31-01-2022 01:50:35.0356 AM
[ReportManager] Target URL: [https://the-internet.herokuapp.com/] @31-01-2022 01:50:35.0356 AM
[ReportManager] Initial URL: [] @31-01-2022 01:50:35.0414 AM
[ReportManager] Browser Action [NavigateToURL] successfully performed. With the following test data [https://the-internet.herokuapp.com/]. @31-01-2022 01:50:36.0805 A

################################################################################################################################################
Starting Execution:	[96 out of 162] test cases in the current suite
Test Method:		[testPackage01.Test_NewValidationHelper.f12]
################################################################################################################################################
[ReportManager] Assertion [ValidateElementExists] FAILED. Expected [Element Should not Exist, locator 'By.tagName: h1'] and Actual [Element Exists]. Comparison Type [EQUALS]. Validation Type [NEGATIVE]. @31-01-2022 01:50:37.0302 AM
[ReportManager] Successfully created attachment [Screenshot - 1643593837101_f12_ValidateElementExists_failed] @31-01-2022 01:50:37.0387 A
[ReportManager] Successfully Closed All Drivers. @31-01-2022 01:50:37.0756 A
[ReportManager] File Action [GetAbsolutePath] successfully performed. With the following test data [Relative Folder Path: "target/downloadedFiles/"]. @31-01-2022 01:50:37.0881 AM
[ReportManager] Attempting to run locally on: [Mac-64], [Safari], Headless Execution. @31-01-2022 01:50:37.0881 AM
[ReportManager] An Exception Occured with this Message: Could not start a new session. Possible causes are invalid address of the remote server or browser start-up failure.. @31-01-2022 01:50:38.0112 AM
[ReportManager] Successfully created attachment [Exception Stack Trace - org.openqa.selenium.SessionNotCreatedException] @31-01-2022 01:50:38.0154 AM
[ReportManager] Driver Factory Action [createNewLocalDriverInstanceForSafari] failed. With the following test data [Failed to create a session on DESKTOP_SAFARI]. @31-01-2022 01:50:38.0154 A

################################################################################################################################################
Starting Execution:	[97 out of 162] test cases in the current suite
Test Method:		[testPackage01.Test_NewValidationHelper.f13]
###############################################################################################################################################



################################################################################################################################################
Starting Execution:	[98 out of 162] test cases in the current suite
Test Method:		[testPackage01.Test_NewValidationHelper.f14]
###############################################################################################################################################



################################################################################################################################################
Starting Execution:	[99 out of 162] test cases in the current suite
Test Method:		[testPackage01.Test_NewValidationHelper.f15]
###############################################################################################################################################



################################################################################################################################################
Starting Execution:	[100 out of 162] test cases in the current suite
Test Method:		[testPackage01.Test_NewValidationHelper.f16]
###############################################################################################################################################



################################################################################################################################################
Starting Execution:	[101 out of 162] test cases in the current suite
Test Method:		[testPackage01.Test_NewValidationHelper.f17]
###############################################################################################################################################



################################################################################################################################################
Starting Execution:	[102 out of 162] test cases in the current suite
Test Method:		[testPackage01.Test_NewValidationHelper.f18]
###############################################################################################################################################


################################################################################################################################################
Starting Execution:	[103 out of 162] test cases in the current suite
Test Method:		[testPackage01.Test_NewValidationHelper.f2]
###############################################################################################################################################


################################################################################################################################################
Starting Execution:	[104 out of 162] test cases in the current suite
Test Method:		[testPackage01.Test_NewValidationHelper.f20]
###############################################################################################################################################



################################################################################################################################################
Starting Execution:	[105 out of 162] test cases in the current suite
Test Method:		[testPackage01.Test_NewValidationHelper.f21]
###############################################################################################################################################



################################################################################################################################################
Starting Execution:	[106 out of 162] test cases in the current suite
Test Method:		[testPackage01.Test_NewValidationHelper.f22]
###############################################################################################################################################


################################################################################################################################################
Starting Execution:	[107 out of 162] test cases in the current suite
Test Method:		[testPackage01.Test_NewValidationHelper.f23]
###############################################################################################################################################

################################################################################################################################################
Starting Execution:	[108 out of 162] test cases in the current suite
Test Method:		[testPackage01.Test_NewValidationHelper.f24]
###############################################################################################################################################

################################################################################################################################################
Starting Execution:	[109 out of 162] test cases in the current suite
Test Method:		[testPackage01.Test_NewValidationHelper.f25]
###############################################################################################################################################

################################################################################################################################################
Starting Execution:	[110 out of 162] test cases in the current suite
Test Method:		[testPackage01.Test_NewValidationHelper.f26]
###############################################################################################################################################

################################################################################################################################################
Starting Execution:	[111 out of 162] test cases in the current suite
Test Method:		[testPackage01.Test_NewValidationHelper.f27]
###############################################################################################################################################

################################################################################################################################################
Starting Execution:	[112 out of 162] test cases in the current suite
Test Method:		[testPackage01.Test_NewValidationHelper.f28]
###############################################################################################################################################

################################################################################################################################################
Starting Execution:	[113 out of 162] test cases in the current suite
Test Method:		[testPackage01.Test_NewValidationHelper.f29]
###############################################################################################################################################

################################################################################################################################################
Starting Execution:	[114 out of 162] test cases in the current suite
Test Method:		[testPackage01.Test_NewValidationHelper.f3]
###############################################################################################################################################

################################################################################################################################################
Starting Execution:	[115 out of 162] test cases in the current suite
Test Method:		[testPackage01.Test_NewValidationHelper.f30]
###############################################################################################################################################

################################################################################################################################################
Starting Execution:	[116 out of 162] test cases in the current suite
Test Method:		[testPackage01.Test_NewValidationHelper.f31]
###############################################################################################################################################

################################################################################################################################################
Starting Execution:	[117 out of 162] test cases in the current suite
Test Method:		[testPackage01.Test_NewValidationHelper.f32]
###############################################################################################################################################

################################################################################################################################################
Starting Execution:	[118 out of 162] test cases in the current suite
Test Method:		[testPackage01.Test_NewValidationHelper.f33]
###############################################################################################################################################

################################################################################################################################################
Starting Execution:	[119 out of 162] test cases in the current suite
Test Method:		[testPackage01.Test_NewValidationHelper.f34]
###############################################################################################################################################

################################################################################################################################################
Starting Execution:	[120 out of 162] test cases in the current suite
Test Method:		[testPackage01.Test_NewValidationHelper.f35]
###############################################################################################################################################

################################################################################################################################################
Starting Execution:	[121 out of 162] test cases in the current suite
Test Method:		[testPackage01.Test_NewValidationHelper.f36]
###############################################################################################################################################

################################################################################################################################################
Starting Execution:	[122 out of 162] test cases in the current suite
Test Method:		[testPackage01.Test_NewValidationHelper.f37]
###############################################################################################################################################

################################################################################################################################################
Starting Execution:	[123 out of 162] test cases in the current suite
Test Method:		[testPackage01.Test_NewValidationHelper.f3_1]
###############################################################################################################################################

################################################################################################################################################
Starting Execution:	[124 out of 162] test cases in the current suite
Test Method:		[testPackage01.Test_NewValidationHelper.f4]
###############################################################################################################################################

################################################################################################################################################
Starting Execution:	[125 out of 162] test cases in the current suite
Test Method:		[testPackage01.Test_NewValidationHelper.f5]
###############################################################################################################################################

################################################################################################################################################
Starting Execution:	[126 out of 162] test cases in the current suite
Test Method:		[testPackage01.Test_NewValidationHelper.f6]
###############################################################################################################################################

################################################################################################################################################
Starting Execution:	[127 out of 162] test cases in the current suite
Test Method:		[testPackage01.Test_NewValidationHelper.f6_1]
###############################################################################################################################################

################################################################################################################################################
Starting Execution:	[128 out of 162] test cases in the current suite
Test Method:		[testPackage01.Test_NewValidationHelper.f6_2]
###############################################################################################################################################

################################################################################################################################################
Starting Execution:	[129 out of 162] test cases in the current suite
Test Method:		[testPackage01.Test_NewValidationHelper.f7]
###############################################################################################################################################


################################################################################################################################################
Starting Execution:	[130 out of 162] test cases in the current suite
Test Method:		[testPackage01.Test_NewValidationHelper.f8]
###############################################################################################################################################



################################################################################################################################################
Starting Execution:	[131 out of 162] test cases in the current suite
Test Method:		[testPackage01.Test_NewValidationHelper.f9]
###############################################################################################################################################


################################################################################################################################################
Starting Execution:	[132 out of 162] test cases in the current suite
Test Method:		[testPackage01.Test_NewValidationHelper.forceFail]
###############################################################################################################################################

################################################################################################################################################
Starting Execution:	[133 out of 162] test cases in the current suite
Test Method:		[testPackage01.Test_NewValidationHelper.forceFail2]
###############################################################################################################################################

################################################################################################################################################
Starting Execution:	[134 out of 162] test cases in the current suite
Test Method:		[testPackage01.Test_JsonActions.f]
###############################################################################################################################################

################################################################################################################################################
Starting Execution:	[135 out of 162] test cases in the current suite
Test Method:		[testPackage01.Test_JsonActions.f2]
###############################################################################################################################################

################################################################################################################################################
Starting Execution:	[136 out of 162] test cases in the current suite
Test Method:		[testPackage01.Test_sendGraphqlRequest.sendGraphqlRequestUsingMutationAndVariables]
################################################################################################################################################
[ReportManager] GraphQl Request is being Performed with the Following Parameters [Service URL: https://api.spacex.land/graphql | Request Body: {"variables":"{\"name\": \"sherlock holmes\",\"rocket\": \"221B Baker Street\"}","query":"mutation ($name: String, $rocket: String) {\n  insert_users(objects: {name: $name, rocket: $rocket}) {\n    returning {\n      name\n      rocket\n    }\n  }\n}"}] @31-01-2022 01:50:44.0817 AM
[ReportManager] Response status code: [200], status line: [HTTP/1.1 200 OK] @31-01-2022 01:50:46.0055 AM
[ReportManager] Assertion Passed: Evaluating the actual response status code against the expected one... @31-01-2022 01:50:46.0056 AM
[ReportManager] Assertion [ValidateComparativeRelation] PASSED. Expected [200] and Actual [200]. Comparison Type [EQUALS]. Validation Type [POSITIVE]. @31-01-2022 01:50:46.0056 AM
[ReportManager] API Action [PerformRequest] successfully performed. With the following test data [Request Type: "POST" | Target Status Code: "200" | Service URL: "https://api.spacex.land/graphql" | Content Type: "application/json" | Response Time: "758ms"]. @31-01-2022 01:50:46.0117 AM
[ReportManager] Successfully created attachment [API Request - Specifications] @31-01-2022 01:50:46.0159 AM
[ReportManager] Successfully created attachment [API Request - JSON Body] @31-01-2022 01:50:46.0200 AM
[ReportManager] Successfully created attachment [API Response - JSON Body] @31-01-2022 01:50:46.0284 AM
[ReportManager] API Action [GetResponseJSONValue] successfully performed. With the following test data [data.insert_users.returning[0].name]. @31-01-2022 01:50:47.0516 AM
[ReportManager] Assertion [ValidateEquals] PASSED. Expected [sherlock holmes] and Actual [sherlock holmes]. Comparison Type [EQUALS]. Validation Type [POSITIVE]. @31-01-2022 01:50:47.0517 A

################################################################################################################################################
Starting Execution:	[137 out of 162] test cases in the current suite
Test Method:		[testPackage01.Test_sendGraphqlRequest.sendGraphqlRequestUsingQuery]
################################################################################################################################################
[ReportManager] GraphQl Request is being Performed with the Following Parameters [Service URL: https://api.spacex.land/graphql | Request Body: {"query":"{company {ceo}}"}] @31-01-2022 01:50:47.0643 AM
[ReportManager] Response status code: [200], status line: [HTTP/1.1 200 OK] @31-01-2022 01:50:47.0886 AM
[ReportManager] Assertion Passed: Evaluating the actual response status code against the expected one... @31-01-2022 01:50:47.0886 AM
[ReportManager] Assertion [ValidateComparativeRelation] PASSED. Expected [200] and Actual [200]. Comparison Type [EQUALS]. Validation Type [POSITIVE]. @31-01-2022 01:50:47.0886 AM
[ReportManager] API Action [PerformRequest] successfully performed. With the following test data [Request Type: "POST" | Target Status Code: "200" | Service URL: "https://api.spacex.land/graphql" | Content Type: "application/json" | Response Time: "237ms"]. @31-01-2022 01:50:47.0902 AM
[ReportManager] Successfully created attachment [API Request - Specifications] @31-01-2022 01:50:47.0944 AM
[ReportManager] Successfully created attachment [API Request - JSON Body] @31-01-2022 01:50:48.0026 AM
[ReportManager] Successfully created attachment [API Response - JSON Body] @31-01-2022 01:50:48.0067 AM
[ReportManager] API Action [GetResponseJSONValue] successfully performed. With the following test data [data.company.ceo]. @31-01-2022 01:50:48.0082 AM
[ReportManager] Assertion [ValidateEquals] PASSED. Expected [Elon Musk] and Actual [Elon Musk]. Comparison Type [EQUALS]. Validation Type [POSITIVE]. @31-01-2022 01:50:48.0083 A

################################################################################################################################################
Starting Execution:	[138 out of 162] test cases in the current suite
Test Method:		[testPackage01.Test_MatchJsonSchema.checkAPI_ResponseSchema]
################################################################################################################################################
[ReportManager] Response status code: [200], status line: [HTTP/1.1 200 OK] @31-01-2022 01:50:48.0379 AM
[ReportManager] Assertion Passed: Evaluating the actual response status code against the expected one... @31-01-2022 01:50:48.0379 AM
[ReportManager] Assertion [ValidateComparativeRelation] PASSED. Expected [200] and Actual [200]. Comparison Type [EQUALS]. Validation Type [POSITIVE]. @31-01-2022 01:50:48.0380 AM
[ReportManager] API Action [PerformRequest] successfully performed. With the following test data [Request Type: "GET" | Target Status Code: "200" | Service URL: "http://api.zippopotam.us/us/90210" | Content Type: "*/*" | Response Time: "159ms"]. @31-01-2022 01:50:48.0395 AM
[ReportManager] Successfully created attachment [API Request - Specifications] @31-01-2022 01:50:48.0437 AM
[ReportManager] Successfully created attachment [API Response - JSON Body] @31-01-2022 01:50:48.0518 AM
[ReportManager] File Action [GetAbsolutePath] successfully performed. With the following test data [Relative Folder Path: "src/test/resources/testDataFiles/schema.json"]. @31-01-2022 01:50:48.0520 AM
[ReportManager] File Action [GetAbsolutePath] successfully performed. With the following test data [Relative Folder Path: "/Users/runner/work/SHAFT_ENGINE/SHAFT_ENGINE/src/test/resources/testDataFiles/schema.json"]. @31-01-2022 01:51:10.0378 AM
[ReportManager] File Action [ReadFromFile] successfully performed. With the following test data [File Path: "/Users/runner/work/SHAFT_ENGINE/SHAFT_ENGINE/src/test/resources/testDataFiles/schema.json"]. @31-01-2022 01:51:10.0378 AM
[ReportManager] Assertion Passed: Then I Assert that the API response schema matches that in this file [src/test/resources/testDataFiles/schema.json]. @31-01-2022 01:51:10.0380 AM
[ReportManager] Successfully created attachment [Validation Test Data - Expected JSON Value] @31-01-2022 01:51:10.0462 AM
[ReportManager] Successfully created attachment [Validation Test Data - Actual JSON Value] @31-01-2022 01:51:10.0504 AM
[ReportManager] Assertion [ValidateResponseFileSchema] PASSED. Expected [Response data should match the JSON File in this path '/Users/runner/work/SHAFT_ENGINE/SHAFT_ENGINE/src/test/resources/testDataFiles/schema.json'] and Actual [TRUE]. Comparison Type [EQUALS]. Validation Type [POSITIVE]. @31-01-2022 01:51:10.0504 A
[ReportManager] File Action [GetAbsolutePath] successfully performed. With the following test data [Relative Folder Path: "target/downloadedFiles/"]. @31-01-2022 01:51:10.0748 AM
[ReportManager] Attempting to run locally on: [Mac-64], [Safari], Headless Execution. @31-01-2022 01:51:10.0749 AM
[ReportManager] Successfully Opened Safari. @31-01-2022 01:51:11.0664 AM
[ReportManager] Initial window size: (800, 600) @31-01-2022 01:51:11.0705 AM
[ReportManager] Window size after SWD Maximize: (1176, 803) @31-01-2022 01:51:11.0737 AM
[ReportManager] Browser Action [MaximizeWindow] successfully performed. With the following test data [New screen size is now: (1176, 803)]. @31-01-2022 01:51:11.0738 A

################################################################################################################################################
Starting Execution:	[139 out of 162] test cases in the current suite
Test Method:		[testPackage01.Test_dragAndDrop.dragAndDropJquery]
################################################################################################################################################
[ReportManager] Target URL: [https://jqueryui.com/resources/demos/droppable/default.html] @31-01-2022 01:51:11.0870 AM
[ReportManager] Initial URL: [] @31-01-2022 01:51:11.0905 AM
[ReportManager] Browser Action [NavigateToURL] successfully performed. With the following test data [https://jqueryui.com/resources/demos/droppable/default.html]. @31-01-2022 01:51:12.0408 AM
[ReportManager] Element Action [GetText] successfully performed. With the following test data [
	Drop here
]. @31-01-2022 01:51:12.0515 AM
[ReportManager] Element Action [DragAndDrop] successfully performed. With the following test data [Start point: (8, 18), End point: (8, 18)]. @31-01-2022 01:51:13.0623 AM
[ReportManager] Element Action [GetText] successfully performed. With the following test data [
	Dropped!
]. @31-01-2022 01:51:13.0661 AM
[ReportManager] Assertion Passed: Checking to see if the text has changed after performing drag and drop @31-01-2022 01:51:13.0661 AM
[ReportManager] Assertion [ValidateEquals] PASSED. Expected [
	Drop here
] and Actual [
	Dropped!
]. Comparison Type [EQUALS]. Validation Type [NEGATIVE]. @31-01-2022 01:51:13.0661 A
[ReportManager] Browser Action [CloseCurrentWindow] successfully performed. @31-01-2022 01:51:14.0096 AM
[ReportManager] Successfully created attachment [Browser Action Test Data - CloseCurrentWindow - Actual Value] @31-01-2022 01:51:14.0137 A
[ReportManager] File Action [GetAbsolutePath] successfully performed. With the following test data [Relative Folder Path: "target/downloadedFiles/"]. @31-01-2022 01:51:14.0262 AM
[ReportManager] Attempting to run locally on: [Mac-64], [Safari], Headless Execution. @31-01-2022 01:51:14.0262 AM
[ReportManager] Successfully Opened Safari. @31-01-2022 01:51:15.0146 AM
[ReportManager] Initial window size: (800, 600) @31-01-2022 01:51:15.0173 AM
[ReportManager] Window size after SWD Maximize: (1176, 803) @31-01-2022 01:51:15.0193 AM
[ReportManager] Browser Action [MaximizeWindow] successfully performed. With the following test data [New screen size is now: (1176, 803)]. @31-01-2022 01:51:15.0193 A

################################################################################################################################################
Starting Execution:	[140 out of 162] test cases in the current suite
Test Method:		[testPackage01.Test_dragAndDrop.dragAndDrop]
Test Description:	[TC001 - Test Drag and Drop function.]
################################################################################################################################################
[ReportManager] Target URL: [http://the-internet.herokuapp.com/drag_and_drop] @31-01-2022 01:51:15.0301 AM
[ReportManager] Initial URL: [] @31-01-2022 01:51:15.0348 AM
[ReportManager] Browser Action [NavigateToURL] successfully performed. With the following test data [http://the-internet.herokuapp.com/drag_and_drop]. @31-01-2022 01:51:16.0945 AM
[ReportManager] Attempting Drag and Drop @31-01-2022 01:51:16.0945 AM
[ReportManager] Element Action [DragAndDrop] successfully performed. With the following test data [Start point: (120, 89), End point: (335, 89)]. @31-01-2022 01:51:17.0604 A
[ReportManager] Browser Action [CloseCurrentWindow] successfully performed. @31-01-2022 01:51:18.0153 AM
[ReportManager] Successfully created attachment [Browser Action Test Data - CloseCurrentWindow - Actual Value] @31-01-2022 01:51:18.0194 A
[ReportManager] File Action [GetAbsolutePath] successfully performed. With the following test data [Relative Folder Path: "target/downloadedFiles/"]. @31-01-2022 01:51:18.0320 AM
[ReportManager] Attempting to run locally on: [Mac-64], [Safari], Headless Execution. @31-01-2022 01:51:18.0320 AM
[ReportManager] Successfully Opened Safari. @31-01-2022 01:51:19.0162 AM
[ReportManager] Initial window size: (800, 600) @31-01-2022 01:51:19.0187 AM
[ReportManager] Window size after SWD Maximize: (1176, 803) @31-01-2022 01:51:19.0201 AM
[ReportManager] Browser Action [MaximizeWindow] successfully performed. With the following test data [New screen size is now: (1176, 803)]. @31-01-2022 01:51:19.0201 A

################################################################################################################################################
Starting Execution:	[141 out of 162] test cases in the current suite
Test Method:		[testPackage01.Test_dragAndDrop.dragAndDropByOffset]
Test Description:	[TC002 - Test Drag and Drop by offset function.]
################################################################################################################################################
[ReportManager] Target URL: [https://jqueryui.com/resources/demos/draggable/default.html] @31-01-2022 01:51:19.0328 AM
[ReportManager] Initial URL: [] @31-01-2022 01:51:19.0358 AM
[ReportManager] Browser Action [NavigateToURL] successfully performed. With the following test data [https://jqueryui.com/resources/demos/draggable/default.html]. @31-01-2022 01:51:19.0852 AM
[ReportManager] Element Action [DragAndDropByOffset] successfully performed. With the following test data [Start point: (8, 8), End point: (108, 58)]. @31-01-2022 01:51:20.0708 A
[ReportManager] Browser Action [CloseCurrentWindow] successfully performed. @31-01-2022 01:51:21.0048 AM
[ReportManager] Successfully created attachment [Browser Action Test Data - CloseCurrentWindow - Actual Value] @31-01-2022 01:51:21.0090 A
[ReportManager] Successfully loaded the following test data file [src/test/resources/testDataFiles/testSuite01/TestData.xlsx]. @31-01-2022 01:51:21.0287 AM
[ReportManager] Successfully created attachment [Test Data - Excel] @31-01-2022 01:51:21.0332 AM
[ReportManager] File Action [GetAbsolutePath] successfully performed. With the following test data [Relative Folder Path: "target/downloadedFiles/"]. @31-01-2022 01:51:21.0332 AM
[ReportManager] Attempting to run locally on: [Mac-64], [Safari], Headless Execution. @31-01-2022 01:51:21.0332 AM
[ReportManager] Successfully Opened Safari. @31-01-2022 01:51:22.0347 AM
[ReportManager] Initial window size: (800, 600) @31-01-2022 01:51:22.0353 AM
[ReportManager] Window size after SWD Maximize: (1176, 803) @31-01-2022 01:51:22.0390 AM
[ReportManager] Browser Action [MaximizeWindow] successfully performed. With the following test data [New screen size is now: (1176, 803)]. @31-01-2022 01:51:22.0391 A

################################################################################################################################################
Starting Execution:	[142 out of 162] test cases in the current suite
Test Method:		[testPackage01.Test_google.navigateToURLandVerifyGoogleLogoIsDisplayed]
Test Description:	[TC001 - Navigate to URL and Verify Google Logo is Displayed]
################################################################################################################################################
[ReportManager] Target URL: [https://www.google.com/ncr], and after redirection: [https://www.google.com] @31-01-2022 01:51:22.0434 AM
[ReportManager] Initial URL: [] @31-01-2022 01:51:22.0482 AM
[ReportManager] Browser Action [NavigateToURL] successfully performed. With the following test data [https://www.google.com/ncr]. @31-01-2022 01:51:24.0734 AM
[ReportManager] Assertion Passed: Then I Assert that the element found by [By.xpath: //*[@id='hplogo' or @alt='Google']] exists. @31-01-2022 01:51:25.0117 AM
[ReportManager] Successfully created attachment [Screenshot - 1643593884930_navigateToURLandVerifyGoogleLogoIsDisplayed_ValidateElementExists_passed] @31-01-2022 01:51:25.0201 AM
[ReportManager] Assertion [ValidateElementExists] PASSED. Expected [Element Should Exist, locator 'By.xpath: //*[@id='hplogo' or @alt='Google']'] and Actual [Element Exists]. Comparison Type [EQUALS]. Validation Type [POSITIVE]. @31-01-2022 01:51:25.0201 A

################################################################################################################################################
Starting Execution:	[143 out of 162] test cases in the current suite
Test Method:		[testPackage01.Test_google.searchForQueryandAssertResultsNumDisplayed]
Test Description:	[TC002 - Search for Query and Assert that the number of results is displayed]
################################################################################################################################################
[ReportManager] Element Action [Type] successfully performed. With the following test data [SHAFT_Engine]. @31-01-2022 01:51:25.0559 AM
[ReportManager] Element Action [KeyPress] successfully performed. With the following test data [Enter]. @31-01-2022 01:51:25.0669 AM
[ReportManager] Element Action [GetText] successfully performed. With the following test data [About 75,300,000 results (0.88 seconds)Â Quick SettingsSee all settingsPrivacySearch historyYour data in SearchUsing SearchExplicit results filterLearn more about SafeSearchHide explicit resultsLanguagesEnglishAdvanced searchAppearanceLight themeDark themeDevice defaultSupportSearch help]. @31-01-2022 01:51:27.0480 AM
[ReportManager] Assertion Passed: Then I Assert that the element found by [By.id: appbar] text does not equal []. @31-01-2022 01:51:27.0887 AM
[ReportManager] Successfully created attachment [Screenshot - 1643593887693_searchForQueryandAssertResultsNumDisplayed_ValidateElementAttribute_passed] @31-01-2022 01:51:27.0971 AM
[ReportManager] Assertion [ValidateElementAttribute] PASSED. Expected [Value Should not be '' for the 'text' attribute, element locator 'By.id: appbar'] and Actual [About 75,300,000 results (0.88 seconds)Â Quick SettingsSee all settingsPrivacySearch historyYour data in SearchUsing SearchExplicit results filterLearn more about SafeSearchHide explicit resultsLanguagesEnglishAdvanced searchAppearanceLight themeDark themeDevice defaultSupportSearch help]. Comparison Type [EQUALS]. Validation Type [NEGATIVE]. @31-01-2022 01:51:27.0971 A

################################################################################################################################################
Starting Execution:	[144 out of 162] test cases in the current suite
Test Method:		[testPackage01.Test_google.clickNextThrice]
Test Description:	[TC003 - Clicks the next button to make sure that the framework can scroll element into view before clicking it]
################################################################################################################################################
[ReportManager] Element Action [Click] successfully performed. With the following test data [By.xpath: //span[text()='Next']]. @31-01-2022 01:51:28.0330 A
[ReportManager] Successfully Closed All Drivers. @31-01-2022 01:51:28.0708 A
[ReportManager] File Action [GetAbsolutePath] successfully performed. With the following test data [Relative Folder Path: "target/downloadedFiles/"]. @31-01-2022 01:51:28.0751 AM
[ReportManager] Attempting to run locally on: [Mac-64], [Safari], Headless Execution. @31-01-2022 01:51:28.0752 AM
[ReportManager] Successfully Opened Safari. @31-01-2022 01:51:29.0630 AM
[ReportManager] Initial window size: (800, 600) @31-01-2022 01:51:29.0640 AM
[ReportManager] Window size after SWD Maximize: (1176, 803) @31-01-2022 01:51:29.0660 AM
[ReportManager] Browser Action [MaximizeWindow] successfully performed. With the following test data [New screen size is now: (1176, 803)]. @31-01-2022 01:51:29.0660 A

################################################################################################################################################
Starting Execution:	[145 out of 162] test cases in the current suite
Test Method:		[testPackage01.Test_chainableElementActions.chainElementActions]
################################################################################################################################################
[ReportManager] Target URL: [https://www.google.com/ncr], and after redirection: [https://www.google.com] @31-01-2022 01:51:29.0795 AM
[ReportManager] Initial URL: [] @31-01-2022 01:51:29.0825 AM
[ReportManager] Browser Action [NavigateToURL] successfully performed. With the following test data [https://www.google.com/ncr]. @31-01-2022 01:51:31.0208 AM
[ReportManager] Element Action [Type] successfully performed. With the following test data [chained type 1]. @31-01-2022 01:51:31.0422 AM
[ReportManager] Element Action [Type] successfully performed. With the following test data [chained type 2]. @31-01-2022 01:51:31.0827 AM
[ReportManager] Element Action [TypeAppend] successfully performed. With the following test data [345]. @31-01-2022 01:51:32.0029 AM
[ReportManager] Element Action [GetText] successfully performed. With the following test data [chained type 2345]. @31-01-2022 01:51:32.0130 AM
[ReportManager] Assertion Passed: Then I Assert that the element found by [By.name: q] text is equal to [chained type 2345]. @31-01-2022 01:51:32.0444 AM
[ReportManager] Successfully created attachment [Screenshot - 1643593892256_chainElementActions_ValidateElementAttribute_passed] @31-01-2022 01:51:32.0526 AM
[ReportManager] Assertion [ValidateElementAttribute] PASSED. Expected [Value Should be 'chained type 2345' for the 'text' attribute, element locator 'By.name: q'] and Actual [chained type 2345]. Comparison Type [EQUALS]. Validation Type [POSITIVE]. @31-01-2022 01:51:32.0526 A
[ReportManager] Successfully Closed All Drivers. @31-01-2022 01:51:32.0933 A
[ReportManager] File Action [GetAbsolutePath] successfully performed. With the following test data [Relative Folder Path: "target/downloadedFiles/"]. @31-01-2022 01:51:33.0058 AM
[ReportManager] Attempting to run locally on: [Mac-64], [Safari], Headless Execution. @31-01-2022 01:51:33.0059 AM
[ReportManager] Successfully Opened Safari. @31-01-2022 01:51:34.0029 AM
[ReportManager] Initial window size: (800, 600) @31-01-2022 01:51:34.0065 AM
[ReportManager] Window size after SWD Maximize: (1176, 803) @31-01-2022 01:51:34.0102 AM
[ReportManager] Browser Action [MaximizeWindow] successfully performed. With the following test data [New screen size is now: (1176, 803)]. @31-01-2022 01:51:34.0103 A

################################################################################################################################################
Starting Execution:	[146 out of 162] test cases in the current suite
Test Method:		[testPackage01.Test_RelativeLocators.relativeLocatorsTest1]
################################################################################################################################################
[ReportManager] Target URL: [https://duckduckgo.com/] @31-01-2022 01:51:34.0274 AM
[ReportManager] Initial URL: [] @31-01-2022 01:51:34.0392 AM
[ReportManager] Browser Action [NavigateToURL] successfully performed. With the following test data [https://duckduckgo.com/]. @31-01-2022 01:51:35.0516 AM
[ReportManager] Element Action [Type] successfully performed. With the following test data [SHAFT_Engine]. @31-01-2022 01:51:35.0895 AM
[ReportManager] Element Action [KeyPress] successfully performed. With the following test data [ENTER]. @31-01-2022 01:51:36.0058 AM
[ReportManager] Element Action [GetText] successfully performed. With the following test data [GitHub - MohabMohie/SHAFT_ENGINE: SHAFT_ENGINE is a Test ...]. @31-01-2022 01:51:37.0862 AM
[ReportManager] Assertion Passed: Then I Assert that the element found by [Relative Locator: {root={xpath=//a[@class='result__a js-result-title-link']}, filters=[{kind=below, args=[{xpath=//input[@name='q']}]}]}] text does not equal []. @31-01-2022 01:51:38.0295 AM
[ReportManager] Successfully created attachment [Screenshot - 1643593898064_relativeLocatorsTest1_ValidateElementAttribute_passed] @31-01-2022 01:51:38.0392 AM
[ReportManager] Assertion [ValidateElementAttribute] PASSED. Expected [Value Should not be '' for the 'text' attribute, element locator '[unknown locator]'] and Actual [GitHub - MohabMohie/SHAFT_ENGINE: SHAFT_ENGINE is a Test ...]. Comparison Type [EQUALS]. Validation Type [NEGATIVE]. @31-01-2022 01:51:38.0392 A
[ReportManager] Browser Action [CloseCurrentWindow] successfully performed. @31-01-2022 01:51:38.0965 AM
[ReportManager] Successfully created attachment [Browser Action Test Data - CloseCurrentWindow - Actual Value] @31-01-2022 01:51:39.0008 A

################################################################################################################################################
Starting Execution:	[147 out of 162] test cases in the current suite
Test Method:		[testPackage01.Test_JsonCompareWithSpecialCharacters.specialCharacters]
################################################################################################################################################
[ReportManager] File Action [GetAbsolutePath] successfully performed. With the following test data [Relative Folder Path: "src/test/resources/testDataFiles/specialCharacters.json"]. @31-01-2022 01:51:39.0135 AM
[ReportManager] File Action [ReadFromFile] successfully performed. With the following test data [File Path: "/Users/runner/work/SHAFT_ENGINE/SHAFT_ENGINE/src/test/resources/testDataFiles/specialCharacters.json"]. @31-01-2022 01:51:39.0136 AM
[ReportManager] Successfully created attachment [File Action Actual Result - Command Log] @31-01-2022 01:51:39.0218 AM
[ReportManager] Comparing the provided API response with the file at this path "src/test/resources/testDataFiles/specialCharacters.json", comparison type "EQUALS" @31-01-2022 01:51:39.0220 AM
[ReportManager] API Action [CompareJSON] successfully performed. With the following test data [src/test/resources/testDataFiles/specialCharacters.json]. @31-01-2022 01:51:39.0230 AM
[ReportManager] File Action [GetAbsolutePath] successfully performed. With the following test data [Relative Folder Path: "src/test/resources/testDataFiles/specialCharacters.json"]. @31-01-2022 01:51:39.0230 AM
[ReportManager] File Action [ReadFromFile] successfully performed. With the following test data [File Path: "/Users/runner/work/SHAFT_ENGINE/SHAFT_ENGINE/src/test/resources/testDataFiles/specialCharacters.json"]. @31-01-2022 01:51:39.0231 AM
[ReportManager] Verification [ValidateJSONFileContent] PASSED. Expected [Response data should match the JSON File in this path 'src/test/resources/testDataFiles/specialCharacters.json'] and Actual [TRUE]. Comparison Type [EQUALS]. Validation Type [POSITIVE]. @31-01-2022 01:51:39.0237 AM
[ReportManager] Successfully created attachment [Validation Test Data - Expected JSON Value] @31-01-2022 01:51:39.0318 AM
[ReportManager] Successfully created attachment [Validation Test Data - Actual JSON Value] @31-01-2022 01:51:39.0360 A

################################################################################################################################################
Starting Execution:	[148 out of 162] test cases in the current suite
Test Method:		[testPackage01.Test_JsonCompareWithSpecialCharacters.specialCharacters_assertion]
################################################################################################################################################
[ReportManager] File Action [GetAbsolutePath] successfully performed. With the following test data [Relative Folder Path: "src/test/resources/testDataFiles/specialCharacters.json"]. @31-01-2022 01:51:39.0488 AM
[ReportManager] File Action [ReadFromFile] successfully performed. With the following test data [File Path: "/Users/runner/work/SHAFT_ENGINE/SHAFT_ENGINE/src/test/resources/testDataFiles/specialCharacters.json"]. @31-01-2022 01:51:39.0489 AM
[ReportManager] Successfully created attachment [File Action Actual Result - Command Log] @31-01-2022 01:51:39.0570 AM
[ReportManager] Comparing the provided API response with the file at this path "src/test/resources/testDataFiles/specialCharacters.json", comparison type "CONTAINS" @31-01-2022 01:51:39.0571 AM
[ReportManager] API Action [CompareJSON] successfully performed. With the following test data [src/test/resources/testDataFiles/specialCharacters.json]. @31-01-2022 01:51:39.0585 AM
[ReportManager] File Action [GetAbsolutePath] successfully performed. With the following test data [Relative Folder Path: "src/test/resources/testDataFiles/specialCharacters.json"]. @31-01-2022 01:51:39.0585 AM
[ReportManager] File Action [ReadFromFile] successfully performed. With the following test data [File Path: "/Users/runner/work/SHAFT_ENGINE/SHAFT_ENGINE/src/test/resources/testDataFiles/specialCharacters.json"]. @31-01-2022 01:51:39.0586 AM
[ReportManager] Assertion Passed: trying out the log message @31-01-2022 01:51:39.0590 AM
[ReportManager] Successfully created attachment [Validation Test Data - Expected JSON Value] @31-01-2022 01:51:39.0672 AM
[ReportManager] Successfully created attachment [Validation Test Data - Actual JSON Value] @31-01-2022 01:51:39.0713 AM
[ReportManager] Assertion [ValidateJSONFileContent] PASSED. Expected [Response data should match the JSON File in this path 'src/test/resources/testDataFiles/specialCharacters.json'] and Actual [TRUE]. Comparison Type [CONTAINS]. Validation Type [POSITIVE]. @31-01-2022 01:51:39.0713 A

################################################################################################################################################
Starting Execution:	[149 out of 162] test cases in the current suite
Test Method:		[testPackage01.Test_SkipDueToIssue.doNotSkip]
################################################################################################################################################
[ReportManager] This should not be skipped. @31-01-2022 01:51:39.0840 A

################################################################################################################################################
Starting Execution:	[150 out of 162] test cases in the current suite
Test Method:		[testPackage01.Test_SkipDueToIssue.skip]
################################################################################################################################################
[ReportManager] This should be skipped. @31-01-2022 01:51:39.0972 A

################################################################################################################################################
Starting Execution:	[151 out of 162] test cases in the current suite
Test Method:		[testPackage01.Test_SkipDueToIssue.skip2]
################################################################################################################################################
[ReportManager] This should be skipped. @31-01-2022 01:51:40.0100 A

################################################################################################################################################
Starting Execution:	[152 out of 162] test cases in the current suite
Test Method:		[testPackage01.Test_JSONFileManager.readStringFromJson]
################################################################################################################################################
[ReportManager] File Action [GetAbsolutePath] successfully performed. With the following test data [Relative Folder Path: "src/test/resources/testDataFiles/simpleJSON.json"]. @31-01-2022 01:51:40.0310 AM
[ReportManager] Successfully loaded the following test data file [src/test/resources/testDataFiles/simpleJSON.json]. @31-01-2022 01:51:40.0311 AM
[ReportManager] Successfully created attachment [Test Data - JSON] @31-01-2022 01:51:40.0353 AM
[ReportManager] File Action [GetAbsolutePath] successfully performed. With the following test data [Relative Folder Path: "src/test/resources/testDataFiles/simpleJSON.json"]. @31-01-2022 01:51:40.0354 AM
[ReportManager] Assertion [ValidateEquals] PASSED. Expected [Mohab Mohie] and Actual [Mohab Mohie]. Comparison Type [EQUALS]. Validation Type [POSITIVE]. @31-01-2022 01:51:40.0449 A
[ReportManager] File Action [GetAbsolutePath] successfully performed. With the following test data [Relative Folder Path: "target/downloadedFiles/"]. @31-01-2022 01:51:40.0575 AM
[ReportManager] Attempting to run locally on: [Mac-64], [Safari], Headless Execution. @31-01-2022 01:51:40.0575 AM
[ReportManager] Successfully Opened Safari. @31-01-2022 01:51:41.0443 AM
[ReportManager] Initial window size: (800, 600) @31-01-2022 01:51:41.0470 AM
[ReportManager] Window size after SWD Maximize: (1176, 803) @31-01-2022 01:51:41.0487 AM
[ReportManager] Browser Action [MaximizeWindow] successfully performed. With the following test data [New screen size is now: (1176, 803)]. @31-01-2022 01:51:41.0487 A

################################################################################################################################################
Starting Execution:	[153 out of 162] test cases in the current suite
Test Method:		[testPackage01.Test_assertEquals.test_assertElementAttribute]
################################################################################################################################################
[ReportManager] Target URL: [https://www.google.com/ncr], and after redirection: [https://www.google.com] @31-01-2022 01:51:41.0531 AM
[ReportManager] Initial URL: [] @31-01-2022 01:51:41.0583 AM
[ReportManager] Browser Action [NavigateToURL] successfully performed. With the following test data [https://www.google.com/ncr]. @31-01-2022 01:51:43.0761 AM
[ReportManager] Element Action [Type] successfully performed. With the following test data [INC_004010050:Another SCHEDULER with the same name [Duplicate Job Name] already exists.]. @31-01-2022 01:51:45.0112 AM
[ReportManager] Element Action [GetText] successfully performed. With the following test data [INC_004010050:Another SCHEDULER with the same name [Duplicate Job Name] already exists.]. @31-01-2022 01:51:45.0178 AM
[ReportManager] Assertion [ValidateElementAttribute] PASSED. Expected [Value Should be 'INC_004010050:Another SCHEDULER with the same name \[Duplicate Job Name\] already exists.' for the 'text' attribute, element locator 'By.name: q'] and Actual [INC_004010050:Another SCHEDULER with the same name [Duplicate Job Name] already exists.]. Comparison Type [MATCHES]. Validation Type [POSITIVE]. @31-01-2022 01:51:45.0495 AM
[ReportManager] Successfully created attachment [Screenshot - 1643593905305_test_assertElementAttribute_ValidateElementAttribute_passed] @31-01-2022 01:51:45.0577 A
[ReportManager] Browser Action [CloseCurrentWindow] successfully performed. @31-01-2022 01:51:46.0126 AM
[ReportManager] Successfully created attachment [Browser Action Test Data - CloseCurrentWindow - Actual Value] @31-01-2022 01:51:46.0168 A
[ReportManager] File Action [GetAbsolutePath] successfully performed. With the following test data [Relative Folder Path: "target/downloadedFiles/"]. @31-01-2022 01:51:46.0251 AM
[ReportManager] Attempting to run locally on: [Mac-64], [Safari], Headless Execution. @31-01-2022 01:51:46.0251 AM
[ReportManager] Successfully Opened Safari. @31-01-2022 01:51:47.0115 AM
[ReportManager] Initial window size: (800, 600) @31-01-2022 01:51:47.0148 AM
[ReportManager] Window size after SWD Maximize: (1176, 803) @31-01-2022 01:51:47.0192 AM
[ReportManager] Browser Action [MaximizeWindow] successfully performed. With the following test data [New screen size is now: (1176, 803)]. @31-01-2022 01:51:47.0193 A

################################################################################################################################################
Starting Execution:	[154 out of 162] test cases in the current suite
Test Method:		[testPackage01.Test_IsElementClickable.testIsElementClickable]
################################################################################################################################################
[ReportManager] Target URL: [https://the-internet.herokuapp.com/] @31-01-2022 01:51:47.0322 AM
[ReportManager] Initial URL: [] @31-01-2022 01:51:47.0362 AM
[ReportManager] Browser Action [NavigateToURL] successfully performed. With the following test data [https://the-internet.herokuapp.com/]. @31-01-2022 01:51:48.0723 AM
[ReportManager] Element Action [IsElementClickable] successfully performed. @31-01-2022 01:51:48.0814 AM
[ReportManager] Assertion [ValidateTrue] PASSED. Expected [TRUE] and Actual [TRUE]. Validation Type [POSITIVE]. @31-01-2022 01:51:48.0815 A
[ReportManager] Browser Action [CloseCurrentWindow] successfully performed. @31-01-2022 01:51:49.0276 AM
[ReportManager] Successfully created attachment [Browser Action Test Data - CloseCurrentWindow - Actual Value] @31-01-2022 01:51:49.0408 A
[ReportManager] Successfully loaded the following test data file [src/test/resources/testDataFiles/testSuite01/TestData.xlsx]. @31-01-2022 01:51:49.0810 AM
[ReportManager] Successfully created attachment [Test Data - Excel] @31-01-2022 01:51:49.0974 AM
[ReportManager] Attempting to run using Playwright locally on: [Mac-64], [Safari], Headless Execution. @31-01-2022 01:52:59.0086 AM
[ReportManager] File Action [GetAbsolutePath] successfully performed. With the following test data [Relative Folder Path: "target/downloadedFiles/"]. @31-01-2022 01:52:59.0087 AM
[ReportManager] Initial window size: (1280, 720) @31-01-2022 01:53:05.0028 AM
[ReportManager] Window size after Toolkit: com.microsoft.playwright.options.ViewportSize@6fc36160 @31-01-2022 01:53:05.0038 AM
[ReportManager] Browser Action [MaximizeWindow] successfully performed. With the following test data [New screen size is now: (1920, 1080)]. @31-01-2022 01:53:05.0038 A

################################################################################################################################################
Starting Execution:	[155 out of 162] test cases in the current suite
Test Method:		[testPackage01.Test_google_playwright.navigateToURLandVerifyGoogleLogoIsDisplayed]
Test Description:	[TC001 - Navigate to URL and Verify Google Logo is Displayed]
################################################################################################################################################
[ReportManager] Target URL: [https://www.google.com/ncr], and after redirection: [https://www.google.com] @31-01-2022 01:53:05.0043 AM
[ReportManager] Initial URL: [about:blank] @31-01-2022 01:53:05.0608 AM
[ReportManager] Browser Action [NavigateToURL] successfully performed. With the following test data [https://www.google.com/ncr]. @31-01-2022 01:53:08.0200 AM
[ReportManager] Assertion [ValidateElementExists] PASSED. Expected [Element Should Exist, locator 'xpath=//*[@id='hplogo' or @alt='Google']'] and Actual [Element Exists]. Comparison Type [EQUALS]. Validation Type [POSITIVE]. @31-01-2022 01:53:08.0477 AM
[ReportManager] Successfully created attachment [Screenshot - 1643593988366_navigateToURLandVerifyGoogleLogoIsDisplayed_ValidateElementExists_passed] @31-01-2022 01:53:08.0478 A

################################################################################################################################################
Starting Execution:	[156 out of 162] test cases in the current suite
Test Method:		[testPackage01.Test_google_playwright.searchForQueryandAssertResultsNumDisplayed]
Test Description:	[TC002 - Search for Query and Assert that the number of results is displayed]
################################################################################################################################################
[ReportManager] Element Action [Type] successfully performed. With the following test data [SHAFT_Engine]. @31-01-2022 01:53:08.0647 AM
[ReportManager] Element Action [KeyPress] successfully performed. With the following test data [Enter]. @31-01-2022 01:53:08.0752 AM
[ReportManager] Element Action [GetText] successfully performed. With the following test data [About 80,800,000 results (0.81 seconds)Â 
]. @31-01-2022 01:53:10.0431 AM
[ReportManager] Assertion [ValidateElementAttribute] PASSED. Expected [Value Should not be '' for the 'text' attribute, element locator 'xpath=//div[@id='appbar']'] and Actual [About 80,800,000 results (0.81 seconds)Â 
]. Comparison Type [EQUALS]. Validation Type [NEGATIVE]. @31-01-2022 01:53:12.0028 AM
[ReportManager] Successfully created attachment [Screenshot - 1643593991887_searchForQueryandAssertResultsNumDisplayed_ValidateElementAttribute_passed] @31-01-2022 01:53:12.0030 A

################################################################################################################################################
Starting Execution:	[157 out of 162] test cases in the current suite
Test Method:		[testPackage01.Test_google_playwright.clickNextThrice]
Test Description:	[TC003 - Clicks the next button to make sure that the framework can scroll element into view before clicking it]
################################################################################################################################################
[ReportManager] Element Action [Click] successfully performed. With the following test data [Next]. @31-01-2022 01:53:12.0364 A
[ReportManager] Failed to find video recording. @31-01-2022 01:53:12.0367 AM
[ReportManager] Successfully Closed PlayWright Driver. @31-01-2022 01:53:12.0413 A
[ReportManager] File Action [GetAbsolutePath] successfully performed. With the following test data [Relative Folder Path: "target/downloadedFiles/"]. @31-01-2022 01:53:12.0414 AM
[ReportManager] Attempting to run locally on: [Mac-64], [Safari], Headless Execution. @31-01-2022 01:53:12.0414 AM
[ReportManager] Successfully Opened Safari. @31-01-2022 01:53:13.0660 AM
[ReportManager] Initial window size: (800, 600) @31-01-2022 01:53:13.0688 AM
[ReportManager] Window size after SWD Maximize: (1176, 803) @31-01-2022 01:53:13.0826 AM
[ReportManager] Browser Action [MaximizeWindow] successfully performed. With the following test data [New screen size is now: (1176, 803)]. @31-01-2022 01:53:13.0826 A

################################################################################################################################################
Starting Execution:	[158 out of 162] test cases in the current suite
Test Method:		[testPackage01.Test_verifyEquals.test_assertElementAttribute]
################################################################################################################################################
[ReportManager] Target URL: [https://www.google.com/ncr], and after redirection: [https://www.google.com] @31-01-2022 01:53:13.0828 AM
[ReportManager] Initial URL: [] @31-01-2022 01:53:13.0874 AM
[ReportManager] Browser Action [NavigateToURL] successfully performed. With the following test data [https://www.google.com/ncr]. @31-01-2022 01:53:16.0227 AM
[ReportManager] Element Action [Type] successfully performed. With the following test data [INC_004010050:Another SCHEDULER with the same name [Duplicate Job Name] already exists.]. @31-01-2022 01:53:17.0398 AM
[ReportManager] Element Action [GetText] successfully performed. With the following test data [INC_004010050:Another SCHEDULER with the same name [Duplicate Job Name] already exists.]. @31-01-2022 01:53:17.0455 AM
[ReportManager] Verification [ValidateElementAttribute] PASSED. Expected [Value Should be 'INC_004010050:Another SCHEDULER with the same name \[Duplicate Job Name\] already exists.' for the 'text' attribute, element locator 'By.name: q'] and Actual [INC_004010050:Another SCHEDULER with the same name [Duplicate Job Name] already exists.]. Comparison Type [MATCHES]. Validation Type [POSITIVE]. @31-01-2022 01:53:17.0605 AM
[ReportManager] Successfully created attachment [Screenshot - 1643593997542_test_assertElementAttribute_ValidateElementAttribute_passed] @31-01-2022 01:53:17.0606 A
[ReportManager] Browser Action [CloseCurrentWindow] successfully performed. @31-01-2022 01:53:17.0757 AM
[ReportManager] Successfully created attachment [Browser Action Test Data - CloseCurrentWindow - Actual Value] @31-01-2022 01:53:17.0758 A

################################################################################################################################################
Starting Execution:	[159 out of 162] test cases in the current suite
Test Method:		[testPackage01.Test_SelectedValue.multipleSelect]
################################################################################################################################################
[ReportManager] File Action [GetAbsolutePath] successfully performed. With the following test data [Relative Folder Path: "target/downloadedFiles/"]. @31-01-2022 01:53:17.0765 AM
[ReportManager] Attempting to run locally on: [Mac-64], [GoogleChrome], Headless Execution. @31-01-2022 01:53:17.0767 AM
[ReportManager] Identifying OS/Driver combination and selecting the correct driver version automatically. Please note that if a new driver executable will be downloaded it may take some time... @31-01-2022 01:53:17.0767 AM
[ReportManager] Successfully Opened Google Chrome. @31-01-2022 01:53:20.0906 AM
[ReportManager] Initial window size: (1920, 1080) @31-01-2022 01:53:20.0913 AM
[ReportManager] Window size after SWD Maximize: (1920, 1080) @31-01-2022 01:53:21.0043 AM
[ReportManager] Window size after Toolkit: (1920, 1080) @31-01-2022 01:53:21.0672 AM
[ReportManager] Browser Action [MaximizeWindow] successfully performed. With the following test data [New screen size is now: (1920, 1080)]. @31-01-2022 01:53:21.0675 AM
[ReportManager] Target URL: [https://yari-demos.prod.mdn.mozit.cloud/en-US/docs/Web/HTML/Element/select/_sample_.Advanced_select_with_multiple_features.html] @31-01-2022 01:53:21.0675 AM
[ReportManager] Initial URL: [data:,] @31-01-2022 01:53:21.0707 AM
[ReportManager] Browser Action [NavigateToURL] successfully performed. With the following test data [https://yari-demos.prod.mdn.mozit.cloud/en-US/docs/Web/HTML/Element/select/_sample_.Advanced_select_with_multiple_features.html]. @31-01-2022 01:53:22.0049 AM
[ReportManager] Element Action [Select] successfully performed. With the following test data [Dog]. @31-01-2022 01:53:22.0273 AM
[ReportManager] Element Action [Select] successfully performed. With the following test data [Cat]. @31-01-2022 01:53:22.0522 AM
[ReportManager] Element Action [GetSelectedText] successfully performed. With the following test data [DogCat]. @31-01-2022 01:53:22.0622 AM
[ReportManager] DogCat @31-01-2022 01:53:22.0622 AM
[ReportManager] Element Action [GetSelectedText] successfully performed. With the following test data [DogCat]. @31-01-2022 01:53:22.0709 AM
[ReportManager] Assertion [ValidateElementAttribute] PASSED. Expected [Value Should be 'DogCat' for the 'selectedText' attribute, element locator 'By.tagName: select'] and Actual [DogCat]. Comparison Type [EQUALS]. Validation Type [POSITIVE]. @31-01-2022 01:53:23.0304 AM
[ReportManager] Successfully created attachment [Screenshot - 1643594003196_multipleSelect_ValidateElementAttribute_passed] @31-01-2022 01:53:23.0305 AM
[ReportManager] Browser Action [CloseCurrentWindow] successfully performed. @31-01-2022 01:53:23.0677 AM
[ReportManager] Successfully created attachment [Browser Action Test Data - CloseCurrentWindow - Actual Value] @31-01-2022 01:53:23.0678 A

################################################################################################################################################
Starting Execution:	[160 out of 162] test cases in the current suite
Test Method:		[testPackage01.Test_SelectedValue.simpleSelect]
################################################################################################################################################
[ReportManager] File Action [GetAbsolutePath] successfully performed. With the following test data [Relative Folder Path: "target/downloadedFiles/"]. @31-01-2022 01:53:23.0684 AM
[ReportManager] Attempting to run locally on: [Mac-64], [GoogleChrome], Headless Execution. @31-01-2022 01:53:23.0684 AM
[ReportManager] Identifying OS/Driver combination and selecting the correct driver version automatically. Please note that if a new driver executable will be downloaded it may take some time... @31-01-2022 01:53:23.0684 AM
[ReportManager] Successfully Opened Google Chrome. @31-01-2022 01:53:24.0225 AM
[ReportManager] Initial window size: (1920, 1080) @31-01-2022 01:53:24.0229 AM
[ReportManager] Window size after SWD Maximize: (1920, 1080) @31-01-2022 01:53:24.0336 AM
[ReportManager] Window size after Toolkit: (1920, 1080) @31-01-2022 01:53:24.0897 AM
[ReportManager] Browser Action [MaximizeWindow] successfully performed. With the following test data [New screen size is now: (1920, 1080)]. @31-01-2022 01:53:24.0900 AM
[ReportManager] Target URL: [https://yari-demos.prod.mdn.mozit.cloud/en-US/docs/Web/HTML/Element/select/_sample_.Basic_select.html] @31-01-2022 01:53:24.0900 AM
[ReportManager] Initial URL: [data:,] @31-01-2022 01:53:24.0929 AM
[ReportManager] Browser Action [NavigateToURL] successfully performed. With the following test data [https://yari-demos.prod.mdn.mozit.cloud/en-US/docs/Web/HTML/Element/select/_sample_.Basic_select.html]. @31-01-2022 01:53:25.0721 AM
[ReportManager] Element Action [Select] successfully performed. With the following test data [Third Value]. @31-01-2022 01:53:26.0015 AM
[ReportManager] Element Action [GetSelectedText] successfully performed. With the following test data [Third Value]. @31-01-2022 01:53:26.0101 AM
[ReportManager] Third Value @31-01-2022 01:53:26.0101 AM
[ReportManager] Element Action [GetSelectedText] successfully performed. With the following test data [Third Value]. @31-01-2022 01:53:26.0177 AM
[ReportManager] Assertion [ValidateElementAttribute] PASSED. Expected [Value Should be 'Third Value' for the 'selectedText' attribute, element locator 'By.tagName: select'] and Actual [Third Value]. Comparison Type [EQUALS]. Validation Type [POSITIVE]. @31-01-2022 01:53:26.0664 AM
[ReportManager] Successfully created attachment [Screenshot - 1643594006542_simpleSelect_ValidateElementAttribute_passed] @31-01-2022 01:53:26.0665 AM
[ReportManager] Browser Action [CloseCurrentWindow] successfully performed. @31-01-2022 01:53:26.0820 AM
[ReportManager] Successfully created attachment [Browser Action Test Data - CloseCurrentWindow - Actual Value] @31-01-2022 01:53:26.0820 A
[ReportManager] File Action [GetAbsolutePath] successfully performed. With the following test data [Relative Folder Path: "target/downloadedFiles/"]. @31-01-2022 01:53:26.0828 AM
[ReportManager] Attempting to run locally on: [Mac-64], [Safari], Headless Execution. @31-01-2022 01:53:26.0829 AM
[ReportManager] Successfully Opened Safari. @31-01-2022 01:53:28.0224 AM
[ReportManager] Initial window size: (800, 600) @31-01-2022 01:53:28.0248 AM
[ReportManager] Window size after SWD Maximize: (1176, 803) @31-01-2022 01:53:28.0336 AM
[ReportManager] Browser Action [MaximizeWindow] successfully performed. With the following test data [New screen size is now: (1176, 803)]. @31-01-2022 01:53:28.0336 A

################################################################################################################################################
Starting Execution:	[161 out of 162] test cases in the current suite
Test Method:		[testPackage01.Test_dynamicLoading.dynamicLoading_elementIsHidden]
################################################################################################################################################
[ReportManager] Target URL: [https://the-internet.herokuapp.com/dynamic_loading/1] @31-01-2022 01:53:28.0340 AM
[ReportManager] Initial URL: [] @31-01-2022 01:53:28.0371 AM
[ReportManager] Browser Action [NavigateToURL] successfully performed. With the following test data [https://the-internet.herokuapp.com/dynamic_loading/1]. @31-01-2022 01:53:29.0584 AM
[ReportManager] Element Action [Click] successfully performed. With the following test data [By.xpath: //button[text()='Start']]. @31-01-2022 01:53:29.0851 AM
[ReportManager] Element Action [GetText] successfully performed. With the following test data [
    Hello World!
  ]. @31-01-2022 01:53:29.0898 A
[ReportManager] Browser Action [CloseCurrentWindow] successfully performed. @31-01-2022 01:53:30.0252 AM
[ReportManager] Successfully created attachment [Browser Action Test Data - CloseCurrentWindow - Actual Value] @31-01-2022 01:53:30.0252 A
[ReportManager] File Action [GetAbsolutePath] successfully performed. With the following test data [Relative Folder Path: "target/downloadedFiles/"]. @31-01-2022 01:53:30.0254 AM
[ReportManager] Attempting to run locally on: [Mac-64], [Safari], Headless Execution. @31-01-2022 01:53:30.0254 AM
[ReportManager] An Exception Occured with this Message: Could not start a new session. Possible causes are invalid address of the remote server or browser start-up failure.. @31-01-2022 01:53:30.0389 AM
[ReportManager] Successfully created attachment [Exception Stack Trace - org.openqa.selenium.SessionNotCreatedException] @31-01-2022 01:53:30.0390 AM
[ReportManager] Driver Factory Action [createNewLocalDriverInstanceForSafari] failed. With the following test data [Failed to create a session on DESKTOP_SAFARI]. @31-01-2022 01:53:30.0390 A

################################################################################################################################################
Starting Execution:	[162 out of 162] test cases in the current suite
Test Method:		[testPackage01.Test_dynamicLoading.dynamicLoading_elementIsRendered]
###############################################################################################################################################

[ReportManager] Successfully created attachment [SHAFT Engine Logs - Execution log] @31-01-2022 01:53:30.0433 AM

################################################################################################################################################
This test run was powered by SHAFT Engine Version: [SHAFT Engine v6.1.20220113]
SHAFT Engine is licensed under the MIT License: [https://github.com/MohabMohie/SHAFT_ENGINE/blob/master/LICENSE].
################################################################################################################################################