################################################################################################################################################
Detected SHAFT Engine Version: [SHAFT Engine v5.4.20211030-BETA]
################################################################################################################################################
[ReportManager] File Action [GetAbsolutePath] successfully performed. With the following test data [Relative Folder Path: "target/downloadedFiles/"]. @01-11-2021 07:26:09.0784 AM
[ReportManager] Attempting to run locally on: [Mac-64], [Safari], Headless Execution. @01-11-2021 07:26:09.0807 AM
[ReportManager] Successfully Opened Safari. @01-11-2021 07:26:15.0530 AM
[ReportManager] Initial window size: (800, 600) @01-11-2021 07:26:15.0579 AM
[ReportManager] Window size after SWD Maximize: (1176, 810) @01-11-2021 07:26:15.0615 AM
[ReportManager] Browser Action [MaximizeWindow] successfully performed. With the following test data [New screen size is now: (1176, 810)]. @01-11-2021 07:26:15.0617 A

################################################################################################################################################
Starting Execution:	[1 out of 143] test cases in the current suite
Test Method:		[unitTests.tests_element_elementActions.waitForElementToBePresent_false_expectedToFail]
################################################################################################################################################
[ReportManager] Target URL: [https://www.google.com/ncr], and after redirection: [www.google.com] @01-11-2021 07:26:15.0967 AM
[ReportManager] Initial URL: [] @01-11-2021 07:26:16.0049 AM
[ReportManager] Browser Action [NavigateToURL] successfully performed. With the following test data [https://www.google.com/ncr]. @01-11-2021 07:26:17.0952 AM
[ReportManager] Waiting for element to be present; elementLocator [By.xpath: //*[@id='hplogo' or @alt='Google']], numberOfTries[1], stateOfPresence[false]... @01-11-2021 07:26:17.0993 AM
[ReportManager] Element Action [WaitForElementToBePresent] failed. With the following test data [waited for the element's state of presence to be (false). Element locator (By.xpath: //*[@id='hplogo' or @alt='Google'])]. @01-11-2021 07:26:20.0765 AM
[ReportManager] Successfully created attachment [Screenshot - 1635751578205_waitForElementToBePresent_false_expectedToFail_WaitForElementToBePresent_failed] @01-11-2021 07:26:20.0797 A
[ReportManager] Browser Action [CloseCurrentWindow] successfully performed. @01-11-2021 07:26:20.0958 AM
[ReportManager] Successfully created attachment [Browser Action Test Data - CloseCurrentWindow - Actual Value] @01-11-2021 07:26:20.0962 A
[ReportManager] File Action [GetAbsolutePath] successfully performed. With the following test data [Relative Folder Path: "target/downloadedFiles/"]. @01-11-2021 07:26:20.0982 AM
[ReportManager] Attempting to run locally on: [Mac-64], [Safari], Headless Execution. @01-11-2021 07:26:20.0982 AM
[ReportManager] Successfully Opened Safari. @01-11-2021 07:26:21.0930 AM
[ReportManager] Initial window size: (800, 600) @01-11-2021 07:26:21.0948 AM
[ReportManager] Window size after SWD Maximize: (1176, 811) @01-11-2021 07:26:22.0010 AM
[ReportManager] Browser Action [MaximizeWindow] successfully performed. With the following test data [New screen size is now: (1176, 811)]. @01-11-2021 07:26:22.0010 A

################################################################################################################################################
Starting Execution:	[2 out of 143] test cases in the current suite
Test Method:		[unitTests.tests_element_elementActions.waitForElementToBePresent_false_expectedToPass]
################################################################################################################################################
[ReportManager] Target URL: [https://www.google.com/ncr], and after redirection: [www.google.com] @01-11-2021 07:26:22.0015 AM
[ReportManager] Initial URL: [] @01-11-2021 07:26:22.0130 AM
[ReportManager] Browser Action [NavigateToURL] successfully performed. With the following test data [https://www.google.com/ncr]. @01-11-2021 07:26:23.0476 AM
[ReportManager] Waiting for element to be present; elementLocator [By.id: bla], numberOfTries[1], stateOfPresence[false]... @01-11-2021 07:26:23.0477 A
[ReportManager] Browser Action [CloseCurrentWindow] successfully performed. @01-11-2021 07:26:23.0651 AM
[ReportManager] Successfully created attachment [Browser Action Test Data - CloseCurrentWindow - Actual Value] @01-11-2021 07:26:23.0652 A
[ReportManager] File Action [GetAbsolutePath] successfully performed. With the following test data [Relative Folder Path: "target/downloadedFiles/"]. @01-11-2021 07:26:23.0658 AM
[ReportManager] Attempting to run locally on: [Mac-64], [Safari], Headless Execution. @01-11-2021 07:26:23.0659 AM
[ReportManager] Successfully Opened Safari. @01-11-2021 07:26:24.0568 AM
[ReportManager] Initial window size: (800, 600) @01-11-2021 07:26:24.0576 AM
[ReportManager] Window size after SWD Maximize: (1176, 811) @01-11-2021 07:26:24.0599 AM
[ReportManager] Browser Action [MaximizeWindow] successfully performed. With the following test data [New screen size is now: (1176, 811)]. @01-11-2021 07:26:24.0600 A

################################################################################################################################################
Starting Execution:	[3 out of 143] test cases in the current suite
Test Method:		[unitTests.tests_element_elementActions.waitForElementToBePresent_moreThanOneElement_expectedToFail]
################################################################################################################################################
[ReportManager] Target URL: [https://www.google.com/ncr], and after redirection: [www.google.com] @01-11-2021 07:26:24.0612 AM
[ReportManager] Initial URL: [] @01-11-2021 07:26:24.0696 AM
[ReportManager] Browser Action [NavigateToURL] successfully performed. With the following test data [https://www.google.com/ncr]. @01-11-2021 07:26:26.0317 AM
[ReportManager] Waiting for element to be present; elementLocator [By.xpath: //*], numberOfTries[1], stateOfPresence[false]... @01-11-2021 07:26:26.0318 AM
[ReportManager] Element Action [WaitForElementToBePresent] failed. With the following test data [waited for the element's state of presence to be (false). Element locator (By.xpath: //*)]. @01-11-2021 07:26:26.0639 AM
[ReportManager] Successfully created attachment [Screenshot - 1635751586420_waitForElementToBePresent_moreThanOneElement_expectedToFail_WaitForElementToBePresent_failed] @01-11-2021 07:26:26.0644 A
[ReportManager] Browser Action [CloseCurrentWindow] successfully performed. @01-11-2021 07:26:26.0737 AM
[ReportManager] Successfully created attachment [Browser Action Test Data - CloseCurrentWindow - Actual Value] @01-11-2021 07:26:26.0738 A
[ReportManager] File Action [GetAbsolutePath] successfully performed. With the following test data [Relative Folder Path: "target/downloadedFiles/"]. @01-11-2021 07:26:26.0747 AM
[ReportManager] Attempting to run locally on: [Mac-64], [Safari], Headless Execution. @01-11-2021 07:26:26.0748 AM
[ReportManager] Successfully Opened Safari. @01-11-2021 07:26:27.0670 AM
[ReportManager] Initial window size: (800, 600) @01-11-2021 07:26:27.0697 AM
[ReportManager] Window size after SWD Maximize: (1176, 811) @01-11-2021 07:26:27.0748 AM
[ReportManager] Browser Action [MaximizeWindow] successfully performed. With the following test data [New screen size is now: (1176, 811)]. @01-11-2021 07:26:27.0749 A

################################################################################################################################################
Starting Execution:	[4 out of 143] test cases in the current suite
Test Method:		[unitTests.tests_element_elementActions.waitForElementToBePresent_true_expectedToFail]
################################################################################################################################################
[ReportManager] Target URL: [https://www.google.com/ncr], and after redirection: [www.google.com] @01-11-2021 07:26:27.0756 AM
[ReportManager] Initial URL: [] @01-11-2021 07:26:27.0954 AM
[ReportManager] Browser Action [NavigateToURL] successfully performed. With the following test data [https://www.google.com/ncr]. @01-11-2021 07:26:29.0057 AM
[ReportManager] Waiting for element to be present; elementLocator [By.id: bla], numberOfTries[1], stateOfPresence[true]... @01-11-2021 07:26:29.0057 A
[ReportManager] Browser Action [CloseCurrentWindow] successfully performed. @01-11-2021 07:26:29.0415 AM
[ReportManager] Successfully created attachment [Browser Action Test Data - CloseCurrentWindow - Actual Value] @01-11-2021 07:26:29.0416 A
[ReportManager] File Action [GetAbsolutePath] successfully performed. With the following test data [Relative Folder Path: "target/downloadedFiles/"]. @01-11-2021 07:26:29.0424 AM
[ReportManager] Attempting to run locally on: [Mac-64], [Safari], Headless Execution. @01-11-2021 07:26:29.0424 AM
[ReportManager] Successfully Opened Safari. @01-11-2021 07:26:30.0286 AM
[ReportManager] Initial window size: (800, 600) @01-11-2021 07:26:30.0295 AM
[ReportManager] Window size after SWD Maximize: (1176, 811) @01-11-2021 07:26:30.0316 AM
[ReportManager] Browser Action [MaximizeWindow] successfully performed. With the following test data [New screen size is now: (1176, 811)]. @01-11-2021 07:26:30.0317 A

################################################################################################################################################
Starting Execution:	[5 out of 143] test cases in the current suite
Test Method:		[unitTests.tests_element_elementActions.waitForElementToBePresent_true_expectedToPass]
################################################################################################################################################
[ReportManager] Target URL: [https://www.google.com/ncr], and after redirection: [www.google.com] @01-11-2021 07:26:30.0321 AM
[ReportManager] Initial URL: [] @01-11-2021 07:26:30.0380 AM
[ReportManager] Browser Action [NavigateToURL] successfully performed. With the following test data [https://www.google.com/ncr]. @01-11-2021 07:26:31.0860 AM
[ReportManager] Waiting for element to be present; elementLocator [By.xpath: //*[@id='hplogo' or @alt='Google']], numberOfTries[1], stateOfPresence[true]... @01-11-2021 07:26:31.0860 AM
[ReportManager] Element Action [WaitForElementToBePresent] successfully performed. With the following test data [waited for the element's state of presence to be (true). Element locator (By.xpath: //*[@id='hplogo' or @alt='Google'])]. @01-11-2021 07:26:31.0886 AM
[ReportManager] File Action [DoesFileExist] successfully performed. With the following test data [File Path: "src/test/resources/DynamicObjectRepository/unitTests_tests_element_elementActions_waitForElementToBePresent_true_expectedToPass_By_xpath_id_hplogo_or_alt_Google.png"]. @01-11-2021 07:26:31.0905 AM
[ReportManager] File Action [DoesFileExist] successfully performed. With the following test data [File Path: "src/test/resources/DynamicObjectRepository/unitTests_tests_element_elementActions_waitForElementToBePresent_true_expectedToPass_By_xpath_id_hplogo_or_alt_Google.png"]. @01-11-2021 07:26:32.0000 AM
[ReportManager] Passing the test and saving a reference image @01-11-2021 07:26:32.0000 AM
[ReportManager] File Action [GetAbsolutePath] successfully performed. With the following test data [Relative File Path: "src/test/resources/DynamicObjectRepository/unitTests_tests_element_elementActions_waitForElementToBePresent_true_expectedToPass_By_xpath_id_hplogo_or_alt_Google.png"]. @01-11-2021 07:26:32.0000 AM
[ReportManager] File Action [WriteToFile] successfully performed. With the following test data [Target File Path: "/Users/runner/work/SHAFT_ENGINE/SHAFT_ENGINE/src/test/resources/DynamicObjectRepository/unitTests_tests_element_elementActions_waitForElementToBePresent_true_expectedToPass_By_xpath_id_hplogo_or_alt_Google.png"]. @01-11-2021 07:26:32.0013 AM
[ReportManager] Assertion Passed: Using Visual AI; OpenCV @01-11-2021 07:26:32.0016 AM
[ReportManager] Successfully created attachment [Validation Test Data - Actual Screenshot] @01-11-2021 07:26:32.0017 AM
[ReportManager] Assertion [ValidateElementMatches] PASSED. Expected [Element should match the reference screenshot] and Actual [TRUE]. Comparison Type [EXACT_OPENCV]. Validation Type [POSITIVE]. @01-11-2021 07:26:32.0018 A
[ReportManager] Browser Action [CloseCurrentWindow] successfully performed. @01-11-2021 07:26:32.0277 AM
[ReportManager] Successfully created attachment [Browser Action Test Data - CloseCurrentWindow - Actual Value] @01-11-2021 07:26:32.0278 A
[ReportManager] File Action [GetAbsolutePath] successfully performed. With the following test data [Relative Folder Path: "target/downloadedFiles/"]. @01-11-2021 07:26:32.0283 AM
[ReportManager] Attempting to run locally on: [Mac-64], [Safari], Headless Execution. @01-11-2021 07:26:32.0284 AM
[ReportManager] Successfully Opened Safari. @01-11-2021 07:26:33.0108 AM
[ReportManager] Initial window size: (800, 600) @01-11-2021 07:26:33.0114 AM
[ReportManager] Window size after SWD Maximize: (1176, 811) @01-11-2021 07:26:33.0144 AM
[ReportManager] Browser Action [MaximizeWindow] successfully performed. With the following test data [New screen size is now: (1176, 811)]. @01-11-2021 07:26:33.0144 AM
[ReportManager] Target URL: [https://duckduckgo.com] @01-11-2021 07:26:33.0145 AM
[ReportManager] Initial URL: [] @01-11-2021 07:26:33.0208 AM
[ReportManager] Browser Action [NavigateToURL] successfully performed. With the following test data [https://duckduckgo.com]. @01-11-2021 07:26:33.0982 A

################################################################################################################################################
Starting Execution:	[6 out of 143] test cases in the current suite
Test Method:		[unitTests.tests_browserActions.fullScreenWindow]
################################################################################################################################################
[ReportManager] Initial Windows Size: 1176x811 @01-11-2021 07:26:33.0992 AM
[ReportManager] Current Windows Size after fullScreen: 1176x885 @01-11-2021 07:26:34.0181 AM
[ReportManager] Browser Action [FullScreenWindow] successfully performed. @01-11-2021 07:26:34.0212 AM
[ReportManager] Successfully created attachment [Browser Action Test Data - FullScreenWindow - Actual Value] @01-11-2021 07:26:34.0215 A
[ReportManager] Target URL: [https://duckduckgo.com] @01-11-2021 07:26:34.0233 AM
[ReportManager] Initial URL: [https://duckduckgo.com] @01-11-2021 07:26:34.0307 AM
[ReportManager] Browser Action [NavigateToURL] successfully performed. With the following test data [https://duckduckgo.com]. @01-11-2021 07:26:34.0793 AM
[ReportManager] Browser Action [CloseCurrentWindow] successfully performed. @01-11-2021 07:26:34.0904 AM
[ReportManager] Successfully created attachment [Browser Action Test Data - CloseCurrentWindow - Actual Value] @01-11-2021 07:26:34.0906 A
[ReportManager] File Action [GetAbsolutePath] successfully performed. With the following test data [Relative Folder Path: "target/downloadedFiles/"]. @01-11-2021 07:26:34.0910 AM
[ReportManager] Attempting to run locally on: [Mac-64], [Safari], Headless Execution. @01-11-2021 07:26:34.0910 AM
[ReportManager] Successfully Opened Safari. @01-11-2021 07:26:35.0532 AM
[ReportManager] Initial window size: (800, 600) @01-11-2021 07:26:35.0552 AM
[ReportManager] Window size after SWD Maximize: (1176, 811) @01-11-2021 07:26:35.0605 AM
[ReportManager] Browser Action [MaximizeWindow] successfully performed. With the following test data [New screen size is now: (1176, 811)]. @01-11-2021 07:26:35.0605 AM
[ReportManager] Target URL: [https://duckduckgo.com] @01-11-2021 07:26:35.0605 AM
[ReportManager] Initial URL: [] @01-11-2021 07:26:35.0641 AM
[ReportManager] Browser Action [NavigateToURL] successfully performed. With the following test data [https://duckduckgo.com]. @01-11-2021 07:26:36.0289 A

################################################################################################################################################
Starting Execution:	[7 out of 143] test cases in the current suite
Test Method:		[unitTests.tests_browserActions.getCurrentURL]
################################################################################################################################################
[ReportManager] Browser Action [GetCurrentURL] successfully performed. With the following test data [https://duckduckgo.com/]. @01-11-2021 07:26:36.0314 A
[ReportManager] Target URL: [https://duckduckgo.com] @01-11-2021 07:26:36.0316 AM
[ReportManager] Initial URL: [https://duckduckgo.com] @01-11-2021 07:26:36.0347 AM
[ReportManager] Browser Action [NavigateToURL] successfully performed. With the following test data [https://duckduckgo.com]. @01-11-2021 07:26:36.0650 AM
[ReportManager] Browser Action [CloseCurrentWindow] successfully performed. @01-11-2021 07:26:36.0888 AM
[ReportManager] Successfully created attachment [Browser Action Test Data - CloseCurrentWindow - Actual Value] @01-11-2021 07:26:36.0889 A
[ReportManager] File Action [GetAbsolutePath] successfully performed. With the following test data [Relative Folder Path: "target/downloadedFiles/"]. @01-11-2021 07:26:36.0892 AM
[ReportManager] Attempting to run locally on: [Mac-64], [Safari], Headless Execution. @01-11-2021 07:26:36.0892 AM
[ReportManager] Successfully Opened Safari. @01-11-2021 07:26:37.0712 AM
[ReportManager] Initial window size: (800, 600) @01-11-2021 07:26:37.0734 AM
[ReportManager] Window size after SWD Maximize: (1176, 811) @01-11-2021 07:26:37.0746 AM
[ReportManager] Browser Action [MaximizeWindow] successfully performed. With the following test data [New screen size is now: (1176, 811)]. @01-11-2021 07:26:37.0747 AM
[ReportManager] Target URL: [https://duckduckgo.com] @01-11-2021 07:26:37.0747 AM
[ReportManager] Initial URL: [] @01-11-2021 07:26:37.0803 AM
[ReportManager] Browser Action [NavigateToURL] successfully performed. With the following test data [https://duckduckgo.com]. @01-11-2021 07:26:38.0437 A

################################################################################################################################################
Starting Execution:	[8 out of 143] test cases in the current suite
Test Method:		[unitTests.tests_browserActions.getCurrentWindowTitle]
################################################################################################################################################
[ReportManager] Browser Action [GetCurrentWindowTitle] successfully performed. With the following test data [DuckDuckGo â€” Privacy, simplified.]. @01-11-2021 07:26:38.0472 A
[ReportManager] Target URL: [https://duckduckgo.com] @01-11-2021 07:26:38.0474 AM
[ReportManager] Initial URL: [https://duckduckgo.com] @01-11-2021 07:26:38.0502 AM
[ReportManager] Browser Action [NavigateToURL] successfully performed. With the following test data [https://duckduckgo.com]. @01-11-2021 07:26:38.0815 AM
[ReportManager] Browser Action [CloseCurrentWindow] successfully performed. @01-11-2021 07:26:39.0107 AM
[ReportManager] Successfully created attachment [Browser Action Test Data - CloseCurrentWindow - Actual Value] @01-11-2021 07:26:39.0108 A
[ReportManager] File Action [GetAbsolutePath] successfully performed. With the following test data [Relative Folder Path: "target/downloadedFiles/"]. @01-11-2021 07:26:39.0114 AM
[ReportManager] Attempting to run locally on: [Mac-64], [Safari], Headless Execution. @01-11-2021 07:26:39.0114 AM
[ReportManager] Successfully Opened Safari. @01-11-2021 07:26:39.0926 AM
[ReportManager] Initial window size: (800, 600) @01-11-2021 07:26:39.0934 AM
[ReportManager] Window size after SWD Maximize: (1176, 811) @01-11-2021 07:26:39.0945 AM
[ReportManager] Browser Action [MaximizeWindow] successfully performed. With the following test data [New screen size is now: (1176, 811)]. @01-11-2021 07:26:39.0946 AM
[ReportManager] Target URL: [https://duckduckgo.com] @01-11-2021 07:26:39.0946 AM
[ReportManager] Initial URL: [] @01-11-2021 07:26:40.0010 AM
[ReportManager] Browser Action [NavigateToURL] successfully performed. With the following test data [https://duckduckgo.com]. @01-11-2021 07:26:40.0659 A

################################################################################################################################################
Starting Execution:	[9 out of 143] test cases in the current suite
Test Method:		[unitTests.tests_browserActions.getPageSource]
################################################################################################################################################
[ReportManager] Browser Action [GetPageSource] successfully performed. @01-11-2021 07:26:40.0696 AM
[ReportManager] Successfully created attachment [Browser Action Test Data - GetPageSource - Actual Value] @01-11-2021 07:26:40.0697 A
[ReportManager] Target URL: [https://duckduckgo.com] @01-11-2021 07:26:40.0699 AM
[ReportManager] Initial URL: [https://duckduckgo.com] @01-11-2021 07:26:40.0731 AM
[ReportManager] Browser Action [NavigateToURL] successfully performed. With the following test data [https://duckduckgo.com]. @01-11-2021 07:26:41.0044 AM
[ReportManager] Browser Action [CloseCurrentWindow] successfully performed. @01-11-2021 07:26:41.0137 AM
[ReportManager] Successfully created attachment [Browser Action Test Data - CloseCurrentWindow - Actual Value] @01-11-2021 07:26:41.0138 A
[ReportManager] File Action [GetAbsolutePath] successfully performed. With the following test data [Relative Folder Path: "target/downloadedFiles/"]. @01-11-2021 07:26:41.0141 AM
[ReportManager] Attempting to run locally on: [Mac-64], [Safari], Headless Execution. @01-11-2021 07:26:41.0141 AM
[ReportManager] Successfully Opened Safari. @01-11-2021 07:26:41.0969 AM
[ReportManager] Initial window size: (800, 600) @01-11-2021 07:26:41.0978 AM
[ReportManager] Window size after SWD Maximize: (1176, 811) @01-11-2021 07:26:42.0000 AM
[ReportManager] Browser Action [MaximizeWindow] successfully performed. With the following test data [New screen size is now: (1176, 811)]. @01-11-2021 07:26:42.0001 AM
[ReportManager] Target URL: [https://duckduckgo.com] @01-11-2021 07:26:42.0001 AM
[ReportManager] Initial URL: [] @01-11-2021 07:26:42.0052 AM
[ReportManager] Browser Action [NavigateToURL] successfully performed. With the following test data [https://duckduckgo.com]. @01-11-2021 07:26:42.0683 A

################################################################################################################################################
Starting Execution:	[10 out of 143] test cases in the current suite
Test Method:		[unitTests.tests_browserActions.getWindowHandle]
################################################################################################################################################
[ReportManager] Browser Action [GetWindowHandle] successfully performed. With the following test data [page-23D01760-BA3C-49D7-A735-4D11D66D873B]. @01-11-2021 07:26:42.0716 A
[ReportManager] Target URL: [https://duckduckgo.com] @01-11-2021 07:26:42.0719 AM
[ReportManager] Initial URL: [https://duckduckgo.com] @01-11-2021 07:26:42.0752 AM
[ReportManager] Browser Action [NavigateToURL] successfully performed. With the following test data [https://duckduckgo.com]. @01-11-2021 07:26:43.0059 AM
[ReportManager] Browser Action [CloseCurrentWindow] successfully performed. @01-11-2021 07:26:43.0278 AM
[ReportManager] Successfully created attachment [Browser Action Test Data - CloseCurrentWindow - Actual Value] @01-11-2021 07:26:43.0279 A
[ReportManager] File Action [GetAbsolutePath] successfully performed. With the following test data [Relative Folder Path: "target/downloadedFiles/"]. @01-11-2021 07:26:43.0282 AM
[ReportManager] Attempting to run locally on: [Mac-64], [Safari], Headless Execution. @01-11-2021 07:26:43.0282 AM
[ReportManager] Successfully Opened Safari. @01-11-2021 07:26:44.0150 AM
[ReportManager] Initial window size: (800, 600) @01-11-2021 07:26:44.0169 AM
[ReportManager] Window size after SWD Maximize: (1176, 811) @01-11-2021 07:26:44.0183 AM
[ReportManager] Browser Action [MaximizeWindow] successfully performed. With the following test data [New screen size is now: (1176, 811)]. @01-11-2021 07:26:44.0183 AM
[ReportManager] Target URL: [https://duckduckgo.com] @01-11-2021 07:26:44.0183 AM
[ReportManager] Initial URL: [] @01-11-2021 07:26:44.0250 AM
[ReportManager] Browser Action [NavigateToURL] successfully performed. With the following test data [https://duckduckgo.com]. @01-11-2021 07:26:44.0975 A

################################################################################################################################################
Starting Execution:	[11 out of 143] test cases in the current suite
Test Method:		[unitTests.tests_browserActions.getWindowPosition]
################################################################################################################################################
[ReportManager] Browser Action [GetWindowPosition] successfully performed. With the following test data [(0, 23)]. @01-11-2021 07:26:45.0000 A
[ReportManager] Target URL: [https://duckduckgo.com] @01-11-2021 07:26:45.0003 AM
[ReportManager] Initial URL: [https://duckduckgo.com] @01-11-2021 07:26:45.0037 AM
[ReportManager] Browser Action [NavigateToURL] successfully performed. With the following test data [https://duckduckgo.com]. @01-11-2021 07:26:45.0353 AM
[ReportManager] Browser Action [CloseCurrentWindow] successfully performed. @01-11-2021 07:26:45.0473 AM
[ReportManager] Successfully created attachment [Browser Action Test Data - CloseCurrentWindow - Actual Value] @01-11-2021 07:26:45.0474 A
[ReportManager] File Action [GetAbsolutePath] successfully performed. With the following test data [Relative Folder Path: "target/downloadedFiles/"]. @01-11-2021 07:26:45.0477 AM
[ReportManager] Attempting to run locally on: [Mac-64], [Safari], Headless Execution. @01-11-2021 07:26:45.0477 AM
[ReportManager] Successfully Opened Safari. @01-11-2021 07:26:46.0311 AM
[ReportManager] Initial window size: (800, 600) @01-11-2021 07:26:46.0334 AM
[ReportManager] Window size after SWD Maximize: (1176, 811) @01-11-2021 07:26:46.0350 AM
[ReportManager] Browser Action [MaximizeWindow] successfully performed. With the following test data [New screen size is now: (1176, 811)]. @01-11-2021 07:26:46.0350 AM
[ReportManager] Target URL: [https://duckduckgo.com] @01-11-2021 07:26:46.0350 AM
[ReportManager] Initial URL: [] @01-11-2021 07:26:46.0403 AM
[ReportManager] Browser Action [NavigateToURL] successfully performed. With the following test data [https://duckduckgo.com]. @01-11-2021 07:26:47.0070 A

################################################################################################################################################
Starting Execution:	[12 out of 143] test cases in the current suite
Test Method:		[unitTests.tests_browserActions.getWindowSize]
################################################################################################################################################
[ReportManager] Browser Action [GetWindowSize] successfully performed. With the following test data [(1176, 811)]. @01-11-2021 07:26:47.0118 A
[ReportManager] Target URL: [https://duckduckgo.com] @01-11-2021 07:26:47.0120 AM
[ReportManager] Initial URL: [https://duckduckgo.com] @01-11-2021 07:26:47.0155 AM
[ReportManager] Browser Action [NavigateToURL] successfully performed. With the following test data [https://duckduckgo.com]. @01-11-2021 07:26:47.0484 AM
[ReportManager] Browser Action [CloseCurrentWindow] successfully performed. @01-11-2021 07:26:47.0716 AM
[ReportManager] Successfully created attachment [Browser Action Test Data - CloseCurrentWindow - Actual Value] @01-11-2021 07:26:47.0717 A
[ReportManager] File Action [GetAbsolutePath] successfully performed. With the following test data [Relative Folder Path: "target/downloadedFiles/"]. @01-11-2021 07:26:47.0719 AM
[ReportManager] Attempting to run locally on: [Mac-64], [Safari], Headless Execution. @01-11-2021 07:26:47.0720 AM
[ReportManager] Successfully Opened Safari. @01-11-2021 07:26:48.0536 AM
[ReportManager] Initial window size: (800, 600) @01-11-2021 07:26:48.0543 AM
[ReportManager] Window size after SWD Maximize: (1176, 811) @01-11-2021 07:26:48.0570 AM
[ReportManager] Browser Action [MaximizeWindow] successfully performed. With the following test data [New screen size is now: (1176, 811)]. @01-11-2021 07:26:48.0571 AM
[ReportManager] Target URL: [https://duckduckgo.com] @01-11-2021 07:26:48.0571 AM
[ReportManager] Initial URL: [] @01-11-2021 07:26:48.0626 AM
[ReportManager] Browser Action [NavigateToURL] successfully performed. With the following test data [https://duckduckgo.com]. @01-11-2021 07:26:49.0282 A

################################################################################################################################################
Starting Execution:	[13 out of 143] test cases in the current suite
Test Method:		[unitTests.tests_browserActions.maximizeWindow]
################################################################################################################################################
[ReportManager] Initial window size: (1176, 811) @01-11-2021 07:26:49.0292 AM
[ReportManager] Window size after SWD Maximize: (1176, 811) @01-11-2021 07:26:49.0300 AM
[ReportManager] Window size after Toolkit: (1920, 1080) @01-11-2021 07:26:49.0346 AM
[ReportManager] Browser Action [MaximizeWindow] successfully performed. With the following test data [New screen size is now: (1920, 1080)]. @01-11-2021 07:26:49.0354 A
[ReportManager] Target URL: [https://duckduckgo.com] @01-11-2021 07:26:49.0356 AM
[ReportManager] Initial URL: [https://duckduckgo.com] @01-11-2021 07:26:49.0392 AM
[ReportManager] Browser Action [NavigateToURL] successfully performed. With the following test data [https://duckduckgo.com]. @01-11-2021 07:26:49.0707 AM
[ReportManager] Browser Action [CloseCurrentWindow] successfully performed. @01-11-2021 07:26:49.0925 AM
[ReportManager] Successfully created attachment [Browser Action Test Data - CloseCurrentWindow - Actual Value] @01-11-2021 07:26:49.0925 A
[ReportManager] File Action [GetAbsolutePath] successfully performed. With the following test data [Relative Folder Path: "target/downloadedFiles/"]. @01-11-2021 07:26:49.0928 AM
[ReportManager] Attempting to run locally on: [Mac-64], [Safari], Headless Execution. @01-11-2021 07:26:49.0928 AM
[ReportManager] Successfully Opened Safari. @01-11-2021 07:26:50.0700 AM
[ReportManager] Initial window size: (800, 600) @01-11-2021 07:26:50.0717 AM
[ReportManager] Window size after SWD Maximize: (1176, 811) @01-11-2021 07:26:50.0731 AM
[ReportManager] Browser Action [MaximizeWindow] successfully performed. With the following test data [New screen size is now: (1176, 811)]. @01-11-2021 07:26:50.0732 AM
[ReportManager] Target URL: [https://duckduckgo.com] @01-11-2021 07:26:50.0732 AM
[ReportManager] Initial URL: [] @01-11-2021 07:26:50.0787 AM
[ReportManager] Browser Action [NavigateToURL] successfully performed. With the following test data [https://duckduckgo.com]. @01-11-2021 07:26:51.0421 A

################################################################################################################################################
Starting Execution:	[14 out of 143] test cases in the current suite
Test Method:		[unitTests.tests_browserActions.navigateBack]
################################################################################################################################################
[ReportManager] Target URL: [https://www.google.com/ncr], and after redirection: [https://www.google.com] @01-11-2021 07:26:51.0423 AM
[ReportManager] Initial URL: [https://duckduckgo.com] @01-11-2021 07:26:51.0461 AM
[ReportManager] Browser Action [NavigateToURL] successfully performed. With the following test data [https://www.google.com/ncr]. @01-11-2021 07:26:52.0917 AM
[ReportManager] Browser Action [NavigateBack] successfully performed. With the following test data [https://duckduckgo.com/]. @01-11-2021 07:26:53.0061 AM
[ReportManager] Browser Action [GetCurrentURL] successfully performed. With the following test data [https://duckduckgo.com/]. @01-11-2021 07:26:53.0086 AM
[ReportManager] Assertion Passed: Confirming that navigating back was successful @01-11-2021 07:26:53.0201 AM
[ReportManager] Successfully created attachment [Screenshot - 1635751613118_navigateBack_ValidateBrowserAttribute_passed] @01-11-2021 07:26:53.0202 AM
[ReportManager] Assertion [ValidateBrowserAttribute] PASSED. Expected [Value Should be 'https://duckduckgo.com' for the 'CurrentUrl' attribute] and Actual [https://duckduckgo.com/]. Comparison Type [CONTAINS]. Validation Type [POSITIVE]. @01-11-2021 07:26:53.0203 A
[ReportManager] Target URL: [https://duckduckgo.com] @01-11-2021 07:26:53.0206 AM
[ReportManager] Initial URL: [https://duckduckgo.com] @01-11-2021 07:26:53.0241 AM
[ReportManager] Browser Action [NavigateToURL] successfully performed. With the following test data [https://duckduckgo.com]. @01-11-2021 07:26:53.0544 AM
[ReportManager] Browser Action [CloseCurrentWindow] successfully performed. @01-11-2021 07:26:53.0634 AM
[ReportManager] Successfully created attachment [Browser Action Test Data - CloseCurrentWindow - Actual Value] @01-11-2021 07:26:53.0635 A
[ReportManager] File Action [GetAbsolutePath] successfully performed. With the following test data [Relative Folder Path: "target/downloadedFiles/"]. @01-11-2021 07:26:53.0638 AM
[ReportManager] Attempting to run locally on: [Mac-64], [Safari], Headless Execution. @01-11-2021 07:26:53.0638 AM
[ReportManager] Successfully Opened Safari. @01-11-2021 07:26:54.0465 AM
[ReportManager] Initial window size: (800, 600) @01-11-2021 07:26:54.0480 AM
[ReportManager] Window size after SWD Maximize: (1176, 811) @01-11-2021 07:26:54.0494 AM
[ReportManager] Browser Action [MaximizeWindow] successfully performed. With the following test data [New screen size is now: (1176, 811)]. @01-11-2021 07:26:54.0495 AM
[ReportManager] Target URL: [https://duckduckgo.com] @01-11-2021 07:26:54.0495 AM
[ReportManager] Initial URL: [] @01-11-2021 07:26:54.0535 AM
[ReportManager] Browser Action [NavigateToURL] successfully performed. With the following test data [https://duckduckgo.com]. @01-11-2021 07:26:55.0151 A

################################################################################################################################################
Starting Execution:	[15 out of 143] test cases in the current suite
Test Method:		[unitTests.tests_browserActions.navigateForward]
################################################################################################################################################
[ReportManager] Target URL: [https://www.google.com/ncr], and after redirection: [https://www.google.com] @01-11-2021 07:26:55.0155 AM
[ReportManager] Initial URL: [https://duckduckgo.com] @01-11-2021 07:26:55.0199 AM
[ReportManager] Browser Action [NavigateToURL] successfully performed. With the following test data [https://www.google.com/ncr]. @01-11-2021 07:26:56.0422 AM
[ReportManager] Browser Action [NavigateBack] successfully performed. With the following test data [https://duckduckgo.com/]. @01-11-2021 07:26:56.0560 AM
[ReportManager] Browser Action [NavigateForward] successfully performed. With the following test data [https://www.google.com/]. @01-11-2021 07:26:56.0649 A
[ReportManager] Target URL: [https://duckduckgo.com] @01-11-2021 07:26:56.0652 AM
[ReportManager] Initial URL: [https://www.google.com] @01-11-2021 07:26:56.0688 AM
[ReportManager] Browser Action [NavigateToURL] successfully performed. With the following test data [https://duckduckgo.com]. @01-11-2021 07:26:56.0966 AM
[ReportManager] Browser Action [CloseCurrentWindow] successfully performed. @01-11-2021 07:26:57.0183 AM
[ReportManager] Successfully created attachment [Browser Action Test Data - CloseCurrentWindow - Actual Value] @01-11-2021 07:26:57.0184 A
[ReportManager] File Action [GetAbsolutePath] successfully performed. With the following test data [Relative Folder Path: "target/downloadedFiles/"]. @01-11-2021 07:26:57.0186 AM
[ReportManager] Attempting to run locally on: [Mac-64], [Safari], Headless Execution. @01-11-2021 07:26:57.0186 AM
[ReportManager] Successfully Opened Safari. @01-11-2021 07:26:58.0043 AM
[ReportManager] Initial window size: (800, 600) @01-11-2021 07:26:58.0048 AM
[ReportManager] Window size after SWD Maximize: (1176, 811) @01-11-2021 07:26:58.0061 AM
[ReportManager] Browser Action [MaximizeWindow] successfully performed. With the following test data [New screen size is now: (1176, 811)]. @01-11-2021 07:26:58.0062 AM
[ReportManager] Target URL: [https://duckduckgo.com] @01-11-2021 07:26:58.0062 AM
[ReportManager] Initial URL: [] @01-11-2021 07:26:58.0099 AM
[ReportManager] Browser Action [NavigateToURL] successfully performed. With the following test data [https://duckduckgo.com]. @01-11-2021 07:26:58.0723 A

################################################################################################################################################
Starting Execution:	[16 out of 143] test cases in the current suite
Test Method:		[unitTests.tests_browserActions.navigateToURL]
################################################################################################################################################
[ReportManager] Target URL: [https://duckduckgo.com] @01-11-2021 07:26:58.0727 AM
[ReportManager] Initial URL: [https://duckduckgo.com] @01-11-2021 07:26:58.0767 AM
[ReportManager] Browser Action [NavigateToURL] successfully performed. With the following test data [https://duckduckgo.com]. @01-11-2021 07:26:59.0074 A
[ReportManager] Target URL: [https://duckduckgo.com] @01-11-2021 07:26:59.0080 AM
[ReportManager] Initial URL: [https://duckduckgo.com] @01-11-2021 07:26:59.0107 AM
[ReportManager] Browser Action [NavigateToURL] successfully performed. With the following test data [https://duckduckgo.com]. @01-11-2021 07:26:59.0422 AM
[ReportManager] Browser Action [CloseCurrentWindow] successfully performed. @01-11-2021 07:26:59.0638 AM
[ReportManager] Successfully created attachment [Browser Action Test Data - CloseCurrentWindow - Actual Value] @01-11-2021 07:26:59.0638 A
[ReportManager] File Action [GetAbsolutePath] successfully performed. With the following test data [Relative Folder Path: "target/downloadedFiles/"]. @01-11-2021 07:26:59.0641 AM
[ReportManager] Attempting to run locally on: [Mac-64], [Safari], Headless Execution. @01-11-2021 07:26:59.0642 AM
[ReportManager] Successfully Opened Safari. @01-11-2021 07:27:00.0462 AM
[ReportManager] Initial window size: (800, 600) @01-11-2021 07:27:00.0467 AM
[ReportManager] Window size after SWD Maximize: (1176, 811) @01-11-2021 07:27:00.0478 AM
[ReportManager] Browser Action [MaximizeWindow] successfully performed. With the following test data [New screen size is now: (1176, 811)]. @01-11-2021 07:27:00.0479 AM
[ReportManager] Target URL: [https://duckduckgo.com] @01-11-2021 07:27:00.0479 AM
[ReportManager] Initial URL: [] @01-11-2021 07:27:00.0517 AM
[ReportManager] Browser Action [NavigateToURL] successfully performed. With the following test data [https://duckduckgo.com]. @01-11-2021 07:27:01.0160 A

################################################################################################################################################
Starting Execution:	[17 out of 143] test cases in the current suite
Test Method:		[unitTests.tests_browserActions.navigateToURLWithRedirection]
################################################################################################################################################
[ReportManager] Target URL: [https://www.google.com/ncr], and after redirection: [https://www.google.com] @01-11-2021 07:27:01.0164 AM
[ReportManager] Initial URL: [https://duckduckgo.com] @01-11-2021 07:27:01.0197 AM
[ReportManager] Browser Action [NavigateToURL] successfully performed. With the following test data [https://www.google.com/ncr]. @01-11-2021 07:27:02.0606 A
[ReportManager] Target URL: [https://duckduckgo.com] @01-11-2021 07:27:02.0608 AM
[ReportManager] Initial URL: [https://www.google.com] @01-11-2021 07:27:02.0636 AM
[ReportManager] Browser Action [NavigateToURL] successfully performed. With the following test data [https://duckduckgo.com]. @01-11-2021 07:27:02.0919 AM
[ReportManager] Browser Action [CloseCurrentWindow] successfully performed. @01-11-2021 07:27:03.0104 AM
[ReportManager] Successfully created attachment [Browser Action Test Data - CloseCurrentWindow - Actual Value] @01-11-2021 07:27:03.0105 A
[ReportManager] File Action [GetAbsolutePath] successfully performed. With the following test data [Relative Folder Path: "target/downloadedFiles/"]. @01-11-2021 07:27:03.0108 AM
[ReportManager] Attempting to run locally on: [Mac-64], [Safari], Headless Execution. @01-11-2021 07:27:03.0108 AM
[ReportManager] Successfully Opened Safari. @01-11-2021 07:27:03.0950 AM
[ReportManager] Initial window size: (800, 600) @01-11-2021 07:27:03.0964 AM
[ReportManager] Window size after SWD Maximize: (1176, 811) @01-11-2021 07:27:03.0988 AM
[ReportManager] Browser Action [MaximizeWindow] successfully performed. With the following test data [New screen size is now: (1176, 811)]. @01-11-2021 07:27:03.0989 AM
[ReportManager] Target URL: [https://duckduckgo.com] @01-11-2021 07:27:03.0989 AM
[ReportManager] Initial URL: [] @01-11-2021 07:27:04.0046 AM
[ReportManager] Browser Action [NavigateToURL] successfully performed. With the following test data [https://duckduckgo.com]. @01-11-2021 07:27:04.0799 A

################################################################################################################################################
Starting Execution:	[18 out of 143] test cases in the current suite
Test Method:		[unitTests.tests_browserActions.refreshCurrentPage]
################################################################################################################################################
[ReportManager] Browser Action [RefreshCurrentPage] successfully performed. @01-11-2021 07:27:05.0056 AM
[ReportManager] Successfully created attachment [Browser Action Test Data - RefreshCurrentPage - Actual Value] @01-11-2021 07:27:05.0057 A
[ReportManager] Target URL: [https://duckduckgo.com] @01-11-2021 07:27:05.0059 AM
[ReportManager] Initial URL: [https://duckduckgo.com] @01-11-2021 07:27:05.0087 AM
[ReportManager] Browser Action [NavigateToURL] successfully performed. With the following test data [https://duckduckgo.com]. @01-11-2021 07:27:05.0395 AM
[ReportManager] Browser Action [CloseCurrentWindow] successfully performed. @01-11-2021 07:27:05.0520 AM
[ReportManager] Successfully created attachment [Browser Action Test Data - CloseCurrentWindow - Actual Value] @01-11-2021 07:27:05.0521 A
[ReportManager] File Action [GetAbsolutePath] successfully performed. With the following test data [Relative Folder Path: "target/downloadedFiles/"]. @01-11-2021 07:27:05.0524 AM
[ReportManager] Attempting to run locally on: [Mac-64], [Safari], Headless Execution. @01-11-2021 07:27:05.0524 AM
[ReportManager] Successfully Opened Safari. @01-11-2021 07:27:06.0350 AM
[ReportManager] Initial window size: (800, 600) @01-11-2021 07:27:06.0357 AM
[ReportManager] Window size after SWD Maximize: (1176, 811) @01-11-2021 07:27:06.0378 AM
[ReportManager] Browser Action [MaximizeWindow] successfully performed. With the following test data [New screen size is now: (1176, 811)]. @01-11-2021 07:27:06.0379 AM
[ReportManager] Target URL: [https://duckduckgo.com] @01-11-2021 07:27:06.0379 AM
[ReportManager] Initial URL: [] @01-11-2021 07:27:06.0439 AM
[ReportManager] Browser Action [NavigateToURL] successfully performed. With the following test data [https://duckduckgo.com]. @01-11-2021 07:27:07.0065 A

################################################################################################################################################
Starting Execution:	[19 out of 143] test cases in the current suite
Test Method:		[unitTests.tests_browserActions.setWindowSize]
################################################################################################################################################
[ReportManager] Initial window size: (1176, 811) @01-11-2021 07:27:07.0077 AM
[ReportManager] Window size after SWD: (1280, 720) @01-11-2021 07:27:07.0131 AM
[ReportManager] Browser Action [SetWindowSize] successfully performed. With the following test data [New screen size is now: (1280, 720)]. @01-11-2021 07:27:07.0132 A
[ReportManager] Target URL: [https://duckduckgo.com] @01-11-2021 07:27:07.0134 AM
[ReportManager] Initial URL: [https://duckduckgo.com] @01-11-2021 07:27:07.0166 AM
[ReportManager] Browser Action [NavigateToURL] successfully performed. With the following test data [https://duckduckgo.com]. @01-11-2021 07:27:07.0454 AM
[ReportManager] Browser Action [CloseCurrentWindow] successfully performed. @01-11-2021 07:27:07.0613 AM
[ReportManager] Successfully created attachment [Browser Action Test Data - CloseCurrentWindow - Actual Value] @01-11-2021 07:27:07.0614 A
[ReportManager] Successfully loaded the following test data file [src/test/resources/TestDataFiles/testSuite01/TestData.xlsx]. @01-11-2021 07:27:08.0330 AM
[ReportManager] Successfully created attachment [Test Data - Excel] @01-11-2021 07:27:08.0331 A

################################################################################################################################################
Starting Execution:	[20 out of 143] test cases in the current suite
Test Method:		[unitTests.tests_io_excelFileManager.getCellData_rowName_expectedToPass]
################################################################################################################################################
[ReportManager] testRowData. @01-11-2021 07:27:08.0344 A

################################################################################################################################################
Starting Execution:	[21 out of 143] test cases in the current suite
Test Method:		[unitTests.tests_validations_assertions.assertComparativeRelation_greaterThanOrEquals_false_equals_expectedToFail]
################################################################################################################################################
[ReportManager] Assertion [ValidateComparativeRelation] FAILED. Expected [1] and Actual [1]. Comparison Type [GREATER_THAN_OR_EQUALS]. Validation Type [NEGATIVE]. @01-11-2021 07:27:08.0349 A

################################################################################################################################################
Starting Execution:	[22 out of 143] test cases in the current suite
Test Method:		[unitTests.tests_validations_assertions.assertComparativeRelation_greaterThanOrEquals_false_equals_expectedToPass]
################################################################################################################################################
[ReportManager] Assertion [ValidateComparativeRelation] PASSED. Expected [2] and Actual [1]. Comparison Type [GREATER_THAN_OR_EQUALS]. Validation Type [NEGATIVE]. @01-11-2021 07:27:08.0353 A

################################################################################################################################################
Starting Execution:	[23 out of 143] test cases in the current suite
Test Method:		[unitTests.tests_validations_assertions.assertComparativeRelation_greaterThanOrEquals_false_greaterThan_expectedToFail]
################################################################################################################################################
[ReportManager] Assertion [ValidateComparativeRelation] FAILED. Expected [1] and Actual [2]. Comparison Type [GREATER_THAN_OR_EQUALS]. Validation Type [NEGATIVE]. @01-11-2021 07:27:08.0357 A

################################################################################################################################################
Starting Execution:	[24 out of 143] test cases in the current suite
Test Method:		[unitTests.tests_validations_assertions.assertComparativeRelation_greaterThanOrEquals_false_greaterThan_expectedToPass]
################################################################################################################################################
[ReportManager] Assertion [ValidateComparativeRelation] PASSED. Expected [2] and Actual [1]. Comparison Type [GREATER_THAN_OR_EQUALS]. Validation Type [NEGATIVE]. @01-11-2021 07:27:08.0361 A

################################################################################################################################################
Starting Execution:	[25 out of 143] test cases in the current suite
Test Method:		[unitTests.tests_validations_assertions.assertComparativeRelation_greaterThanOrEquals_true_equals_expectedToFail]
################################################################################################################################################
[ReportManager] Assertion [ValidateComparativeRelation] FAILED. Expected [1] and Actual [0]. Comparison Type [GREATER_THAN_OR_EQUALS]. Validation Type [POSITIVE]. @01-11-2021 07:27:08.0364 A

################################################################################################################################################
Starting Execution:	[26 out of 143] test cases in the current suite
Test Method:		[unitTests.tests_validations_assertions.assertComparativeRelation_greaterThanOrEquals_true_equals_expectedToPass]
################################################################################################################################################
[ReportManager] Assertion [ValidateComparativeRelation] PASSED. Expected [1] and Actual [1]. Comparison Type [GREATER_THAN_OR_EQUALS]. Validation Type [POSITIVE]. @01-11-2021 07:27:08.0369 A

################################################################################################################################################
Starting Execution:	[27 out of 143] test cases in the current suite
Test Method:		[unitTests.tests_validations_assertions.assertComparativeRelation_greaterThanOrEquals_true_greaterThan_expectedToFail]
################################################################################################################################################
[ReportManager] Assertion [ValidateComparativeRelation] FAILED. Expected [2] and Actual [1]. Comparison Type [GREATER_THAN_OR_EQUALS]. Validation Type [POSITIVE]. @01-11-2021 07:27:08.0376 A

################################################################################################################################################
Starting Execution:	[28 out of 143] test cases in the current suite
Test Method:		[unitTests.tests_validations_assertions.assertComparativeRelation_greaterThanOrEquals_true_greaterThan_expectedToPass]
################################################################################################################################################
[ReportManager] Assertion [ValidateComparativeRelation] PASSED. Expected [1] and Actual [2]. Comparison Type [GREATER_THAN_OR_EQUALS]. Validation Type [POSITIVE]. @01-11-2021 07:27:08.0379 A
[ReportManager] File Action [GetAbsolutePath] successfully performed. With the following test data [Relative Folder Path: "target/downloadedFiles/"]. @01-11-2021 07:27:08.0382 AM
[ReportManager] Attempting to run locally on: [Mac-64], [Safari], Headless Execution. @01-11-2021 07:27:08.0382 AM
[ReportManager] Successfully Opened Safari. @01-11-2021 07:27:09.0192 AM
[ReportManager] Initial window size: (800, 600) @01-11-2021 07:27:09.0210 AM
[ReportManager] Window size after SWD Maximize: (1176, 811) @01-11-2021 07:27:09.0221 AM
[ReportManager] Browser Action [MaximizeWindow] successfully performed. With the following test data [New screen size is now: (1176, 811)]. @01-11-2021 07:27:09.0221 AM
[ReportManager] Target URL: [https://www.google.com/ncr], and after redirection: [www.google.com] @01-11-2021 07:27:09.0221 AM
[ReportManager] Initial URL: [] @01-11-2021 07:27:09.0270 AM
[ReportManager] Browser Action [NavigateToURL] successfully performed. With the following test data [https://www.google.com/ncr]. @01-11-2021 07:27:10.0196 A

################################################################################################################################################
Starting Execution:	[29 out of 143] test cases in the current suite
Test Method:		[unitTests.tests_validations_assertions.assertElementAttribute_false_caseInsensitiveComparison_expectedToFail]
################################################################################################################################################
[ReportManager] Element Action [Type] successfully performed. With the following test data [AUTOMATION]. @01-11-2021 07:27:10.0716 AM
[ReportManager] Element Action [GetText] successfully performed. With the following test data [AUTOMATION]. @01-11-2021 07:27:10.0778 AM
[ReportManager] Loaded Shared OpenCV @01-11-2021 07:27:11.0877 AM
[ReportManager] Assertion [ValidateElementAttribute] FAILED. Expected [Value Should not be 'AutomaTion' for the 'text' attribute, element locator 'By.name: q'] and Actual [AUTOMATION]. Comparison Type [CASE_INSENSITIVE]. Validation Type [NEGATIVE]. @01-11-2021 07:27:12.0178 AM
[ReportManager] Successfully created attachment [Screenshot - 1635751630863_assertElementAttribute_false_caseInsensitiveComparison_expectedToFail_ValidateElementAttribute_failed] @01-11-2021 07:27:12.0180 A
[ReportManager] Browser Action [CloseCurrentWindow] successfully performed. @01-11-2021 07:27:12.0215 AM
[ReportManager] Successfully created attachment [Browser Action Test Data - CloseCurrentWindow - Actual Value] @01-11-2021 07:27:12.0216 A
[ReportManager] File Action [GetAbsolutePath] successfully performed. With the following test data [Relative Folder Path: "target/downloadedFiles/"]. @01-11-2021 07:27:12.0237 AM
[ReportManager] Attempting to run locally on: [Mac-64], [Safari], Headless Execution. @01-11-2021 07:27:12.0238 AM
[ReportManager] Successfully Opened Safari. @01-11-2021 07:27:13.0103 AM
[ReportManager] Initial window size: (800, 600) @01-11-2021 07:27:13.0108 AM
[ReportManager] Window size after SWD Maximize: (1176, 811) @01-11-2021 07:27:13.0131 AM
[ReportManager] Browser Action [MaximizeWindow] successfully performed. With the following test data [New screen size is now: (1176, 811)]. @01-11-2021 07:27:13.0132 AM
[ReportManager] Target URL: [https://www.google.com/ncr], and after redirection: [www.google.com] @01-11-2021 07:27:13.0132 AM
[ReportManager] Initial URL: [] @01-11-2021 07:27:13.0189 AM
[ReportManager] Browser Action [NavigateToURL] successfully performed. With the following test data [https://www.google.com/ncr]. @01-11-2021 07:27:14.0542 A

################################################################################################################################################
Starting Execution:	[30 out of 143] test cases in the current suite
Test Method:		[unitTests.tests_validations_assertions.assertElementAttribute_false_caseInsensitiveComparison_expectedToPass]
################################################################################################################################################
[ReportManager] Element Action [Type] successfully performed. With the following test data [AUTOMATION]. @01-11-2021 07:27:14.0956 AM
[ReportManager] Element Action [GetText] successfully performed. With the following test data [AUTOMATION]. @01-11-2021 07:27:14.0997 AM
[ReportManager] Loaded Shared OpenCV @01-11-2021 07:27:15.0065 AM
[ReportManager] Assertion [ValidateElementAttribute] PASSED. Expected [Value Should not be 'AutomaTion123' for the 'text' attribute, element locator 'By.name: q'] and Actual [AUTOMATION]. Comparison Type [CASE_INSENSITIVE]. Validation Type [NEGATIVE]. @01-11-2021 07:27:15.0185 AM
[ReportManager] Successfully created attachment [Screenshot - 1635751635065_assertElementAttribute_false_caseInsensitiveComparison_expectedToPass_ValidateElementAttribute_passed] @01-11-2021 07:27:15.0187 A
[ReportManager] Browser Action [CloseCurrentWindow] successfully performed. @01-11-2021 07:27:15.0295 AM
[ReportManager] Successfully created attachment [Browser Action Test Data - CloseCurrentWindow - Actual Value] @01-11-2021 07:27:15.0296 A
[ReportManager] File Action [GetAbsolutePath] successfully performed. With the following test data [Relative Folder Path: "target/downloadedFiles/"]. @01-11-2021 07:27:15.0299 AM
[ReportManager] Attempting to run locally on: [Mac-64], [Safari], Headless Execution. @01-11-2021 07:27:15.0299 AM
[ReportManager] Successfully Opened Safari. @01-11-2021 07:27:16.0049 AM
[ReportManager] Initial window size: (800, 600) @01-11-2021 07:27:16.0058 AM
[ReportManager] Window size after SWD Maximize: (1176, 811) @01-11-2021 07:27:16.0082 AM
[ReportManager] Browser Action [MaximizeWindow] successfully performed. With the following test data [New screen size is now: (1176, 811)]. @01-11-2021 07:27:16.0082 AM
[ReportManager] Target URL: [https://www.google.com/ncr], and after redirection: [www.google.com] @01-11-2021 07:27:16.0082 AM
[ReportManager] Initial URL: [] @01-11-2021 07:27:16.0141 AM
[ReportManager] Browser Action [NavigateToURL] successfully performed. With the following test data [https://www.google.com/ncr]. @01-11-2021 07:27:16.0979 A

################################################################################################################################################
Starting Execution:	[31 out of 143] test cases in the current suite
Test Method:		[unitTests.tests_validations_assertions.assertElementAttribute_false_containsComparison_expectedToFail]
################################################################################################################################################
[ReportManager] Element Action [Type] successfully performed. With the following test data [Automation123]. @01-11-2021 07:27:17.0562 AM
[ReportManager] Element Action [GetText] successfully performed. With the following test data [Automation123]. @01-11-2021 07:27:17.0610 AM
[ReportManager] Loaded Shared OpenCV @01-11-2021 07:27:17.0678 AM
[ReportManager] Assertion [ValidateElementAttribute] FAILED. Expected [Value Should not be 'Automation' for the 'text' attribute, element locator 'By.name: q'] and Actual [Automation123]. Comparison Type [CONTAINS]. Validation Type [NEGATIVE]. @01-11-2021 07:27:17.0801 AM
[ReportManager] Successfully created attachment [Screenshot - 1635751637678_assertElementAttribute_false_containsComparison_expectedToFail_ValidateElementAttribute_failed] @01-11-2021 07:27:17.0803 A
[ReportManager] Browser Action [CloseCurrentWindow] successfully performed. @01-11-2021 07:27:17.0870 AM
[ReportManager] Successfully created attachment [Browser Action Test Data - CloseCurrentWindow - Actual Value] @01-11-2021 07:27:17.0876 A
[ReportManager] File Action [GetAbsolutePath] successfully performed. With the following test data [Relative Folder Path: "target/downloadedFiles/"]. @01-11-2021 07:27:17.0882 AM
[ReportManager] Attempting to run locally on: [Mac-64], [Safari], Headless Execution. @01-11-2021 07:27:17.0882 AM
[ReportManager] Successfully Opened Safari. @01-11-2021 07:27:18.0698 AM
[ReportManager] Initial window size: (800, 600) @01-11-2021 07:27:18.0703 AM
[ReportManager] Window size after SWD Maximize: (1176, 811) @01-11-2021 07:27:18.0713 AM
[ReportManager] Browser Action [MaximizeWindow] successfully performed. With the following test data [New screen size is now: (1176, 811)]. @01-11-2021 07:27:18.0713 AM
[ReportManager] Target URL: [https://www.google.com/ncr], and after redirection: [www.google.com] @01-11-2021 07:27:18.0713 AM
[ReportManager] Initial URL: [] @01-11-2021 07:27:18.0750 AM
[ReportManager] Browser Action [NavigateToURL] successfully performed. With the following test data [https://www.google.com/ncr]. @01-11-2021 07:27:19.0752 A

################################################################################################################################################
Starting Execution:	[32 out of 143] test cases in the current suite
Test Method:		[unitTests.tests_validations_assertions.assertElementAttribute_false_containsComparison_expectedToPass]
################################################################################################################################################
[ReportManager] Element Action [Type] successfully performed. With the following test data [Automation123]. @01-11-2021 07:27:20.0310 AM
[ReportManager] Element Action [GetText] successfully performed. With the following test data [Automation123]. @01-11-2021 07:27:20.0389 AM
[ReportManager] Loaded Shared OpenCV @01-11-2021 07:27:20.0455 AM
[ReportManager] Assertion [ValidateElementAttribute] PASSED. Expected [Value Should not be 'Automation1234' for the 'text' attribute, element locator 'By.name: q'] and Actual [Automation123]. Comparison Type [CONTAINS]. Validation Type [NEGATIVE]. @01-11-2021 07:27:20.0560 AM
[ReportManager] Successfully created attachment [Screenshot - 1635751640455_assertElementAttribute_false_containsComparison_expectedToPass_ValidateElementAttribute_passed] @01-11-2021 07:27:20.0561 A
[ReportManager] Browser Action [CloseCurrentWindow] successfully performed. @01-11-2021 07:27:20.0617 AM
[ReportManager] Successfully created attachment [Browser Action Test Data - CloseCurrentWindow - Actual Value] @01-11-2021 07:27:20.0618 A
[ReportManager] File Action [GetAbsolutePath] successfully performed. With the following test data [Relative Folder Path: "target/downloadedFiles/"]. @01-11-2021 07:27:20.0623 AM
[ReportManager] Attempting to run locally on: [Mac-64], [Safari], Headless Execution. @01-11-2021 07:27:20.0623 AM
[ReportManager] Successfully Opened Safari. @01-11-2021 07:27:21.0381 AM
[ReportManager] Initial window size: (800, 600) @01-11-2021 07:27:21.0388 AM
[ReportManager] Window size after SWD Maximize: (1176, 811) @01-11-2021 07:27:21.0413 AM
[ReportManager] Browser Action [MaximizeWindow] successfully performed. With the following test data [New screen size is now: (1176, 811)]. @01-11-2021 07:27:21.0413 AM
[ReportManager] Target URL: [https://www.google.com/ncr], and after redirection: [www.google.com] @01-11-2021 07:27:21.0413 AM
[ReportManager] Initial URL: [] @01-11-2021 07:27:21.0477 AM
[ReportManager] Browser Action [NavigateToURL] successfully performed. With the following test data [https://www.google.com/ncr]. @01-11-2021 07:27:22.0814 A

################################################################################################################################################
Starting Execution:	[33 out of 143] test cases in the current suite
Test Method:		[unitTests.tests_validations_assertions.assertElementAttribute_false_literalComparison_expectedToFail]
################################################################################################################################################
[ReportManager] Element Action [Type] successfully performed. With the following test data [Automation!@#$%^&*()_+{}[]\';/.,]. @01-11-2021 07:27:23.0744 AM
[ReportManager] Element Action [GetText] successfully performed. With the following test data [Automation!@#$%^&*()_+{}[]\';/.,]. @01-11-2021 07:27:23.0790 AM
[ReportManager] Loaded Shared OpenCV @01-11-2021 07:27:23.0856 AM
[ReportManager] Assertion [ValidateElementAttribute] PASSED. Expected [Value Should not be 'Automation!@#$%^&*()_+{}[]\\';/.,' for the 'text' attribute, element locator 'By.name: q'] and Actual [Automation!@#$%^&*()_+{}[]\';/.,]. Comparison Type [EQUALS]. Validation Type [NEGATIVE]. @01-11-2021 07:27:24.0017 AM
[ReportManager] Successfully created attachment [Screenshot - 1635751643856_assertElementAttribute_false_literalComparison_expectedToFail_ValidateElementAttribute_passed] @01-11-2021 07:27:24.0019 A
[ReportManager] Browser Action [CloseCurrentWindow] successfully performed. @01-11-2021 07:27:24.0253 AM
[ReportManager] Successfully created attachment [Browser Action Test Data - CloseCurrentWindow - Actual Value] @01-11-2021 07:27:24.0254 A
[ReportManager] File Action [GetAbsolutePath] successfully performed. With the following test data [Relative Folder Path: "target/downloadedFiles/"]. @01-11-2021 07:27:24.0257 AM
[ReportManager] Attempting to run locally on: [Mac-64], [Safari], Headless Execution. @01-11-2021 07:27:24.0257 AM
[ReportManager] Successfully Opened Safari. @01-11-2021 07:27:25.0025 AM
[ReportManager] Initial window size: (800, 600) @01-11-2021 07:27:25.0043 AM
[ReportManager] Window size after SWD Maximize: (1176, 811) @01-11-2021 07:27:25.0054 AM
[ReportManager] Browser Action [MaximizeWindow] successfully performed. With the following test data [New screen size is now: (1176, 811)]. @01-11-2021 07:27:25.0054 AM
[ReportManager] Target URL: [https://www.google.com/ncr], and after redirection: [www.google.com] @01-11-2021 07:27:25.0054 AM
[ReportManager] Initial URL: [] @01-11-2021 07:27:25.0101 AM
[ReportManager] Browser Action [NavigateToURL] successfully performed. With the following test data [https://www.google.com/ncr]. @01-11-2021 07:27:26.0007 A

################################################################################################################################################
Starting Execution:	[34 out of 143] test cases in the current suite
Test Method:		[unitTests.tests_validations_assertions.assertElementAttribute_false_literalComparison_expectedToPass]
################################################################################################################################################
[ReportManager] Element Action [Type] successfully performed. With the following test data [Automation!@#$%^&*()_+{}[]\';/.,]. @01-11-2021 07:27:27.0046 AM
[ReportManager] Element Action [GetText] successfully performed. With the following test data [Automation!@#$%^&*()_+{}[]\';/.,]. @01-11-2021 07:27:27.0097 AM
[ReportManager] Loaded Shared OpenCV @01-11-2021 07:27:27.0176 AM
[ReportManager] Assertion [ValidateElementAttribute] PASSED. Expected [Value Should not be 'Automation' for the 'text' attribute, element locator 'By.name: q'] and Actual [Automation!@#$%^&*()_+{}[]\';/.,]. Comparison Type [EQUALS]. Validation Type [NEGATIVE]. @01-11-2021 07:27:27.0346 AM
[ReportManager] Successfully created attachment [Screenshot - 1635751647176_assertElementAttribute_false_literalComparison_expectedToPass_ValidateElementAttribute_passed] @01-11-2021 07:27:27.0348 A
[ReportManager] Browser Action [CloseCurrentWindow] successfully performed. @01-11-2021 07:27:27.0551 AM
[ReportManager] Successfully created attachment [Browser Action Test Data - CloseCurrentWindow - Actual Value] @01-11-2021 07:27:27.0552 A
[ReportManager] File Action [GetAbsolutePath] successfully performed. With the following test data [Relative Folder Path: "target/downloadedFiles/"]. @01-11-2021 07:27:27.0555 AM
[ReportManager] Attempting to run locally on: [Mac-64], [Safari], Headless Execution. @01-11-2021 07:27:27.0555 AM
[ReportManager] Successfully Opened Safari. @01-11-2021 07:27:28.0330 AM
[ReportManager] Initial window size: (800, 600) @01-11-2021 07:27:28.0340 AM
[ReportManager] Window size after SWD Maximize: (1176, 811) @01-11-2021 07:27:28.0352 AM
[ReportManager] Browser Action [MaximizeWindow] successfully performed. With the following test data [New screen size is now: (1176, 811)]. @01-11-2021 07:27:28.0353 AM
[ReportManager] Target URL: [https://www.google.com/ncr], and after redirection: [www.google.com] @01-11-2021 07:27:28.0353 AM
[ReportManager] Initial URL: [] @01-11-2021 07:27:28.0400 AM
[ReportManager] Browser Action [NavigateToURL] successfully performed. With the following test data [https://www.google.com/ncr]. @01-11-2021 07:27:29.0811 A

################################################################################################################################################
Starting Execution:	[35 out of 143] test cases in the current suite
Test Method:		[unitTests.tests_validations_assertions.assertElementAttribute_false_regexComparison_expectedToFail]
################################################################################################################################################
[ReportManager] Element Action [Type] successfully performed. With the following test data [Automation123]. @01-11-2021 07:27:30.0241 AM
[ReportManager] Element Action [GetText] successfully performed. With the following test data [Automation123]. @01-11-2021 07:27:30.0282 AM
[ReportManager] Loaded Shared OpenCV @01-11-2021 07:27:30.0344 AM
[ReportManager] Assertion [ValidateElementAttribute] FAILED. Expected [Value Should not be 'Automation.*' for the 'text' attribute, element locator 'By.name: q'] and Actual [Automation123]. Comparison Type [MATCHES]. Validation Type [NEGATIVE]. @01-11-2021 07:27:30.0455 AM
[ReportManager] Successfully created attachment [Screenshot - 1635751650344_assertElementAttribute_false_regexComparison_expectedToFail_ValidateElementAttribute_failed] @01-11-2021 07:27:30.0456 A
[ReportManager] Browser Action [CloseCurrentWindow] successfully performed. @01-11-2021 07:27:30.0515 AM
[ReportManager] Successfully created attachment [Browser Action Test Data - CloseCurrentWindow - Actual Value] @01-11-2021 07:27:30.0517 A
[ReportManager] File Action [GetAbsolutePath] successfully performed. With the following test data [Relative Folder Path: "target/downloadedFiles/"]. @01-11-2021 07:27:30.0531 AM
[ReportManager] Attempting to run locally on: [Mac-64], [Safari], Headless Execution. @01-11-2021 07:27:30.0532 AM
[ReportManager] Successfully Opened Safari. @01-11-2021 07:27:31.0351 AM
[ReportManager] Initial window size: (800, 600) @01-11-2021 07:27:31.0362 AM
[ReportManager] Window size after SWD Maximize: (1176, 811) @01-11-2021 07:27:31.0381 AM
[ReportManager] Browser Action [MaximizeWindow] successfully performed. With the following test data [New screen size is now: (1176, 811)]. @01-11-2021 07:27:31.0382 AM
[ReportManager] Target URL: [https://www.google.com/ncr], and after redirection: [www.google.com] @01-11-2021 07:27:31.0382 AM
[ReportManager] Initial URL: [] @01-11-2021 07:27:31.0442 AM
[ReportManager] Browser Action [NavigateToURL] successfully performed. With the following test data [https://www.google.com/ncr]. @01-11-2021 07:27:32.0796 A

################################################################################################################################################
Starting Execution:	[36 out of 143] test cases in the current suite
Test Method:		[unitTests.tests_validations_assertions.assertElementAttribute_false_regexComparison_expectedToPass]
################################################################################################################################################
[ReportManager] Element Action [Type] successfully performed. With the following test data [Automation123]. @01-11-2021 07:27:33.0363 AM
[ReportManager] Element Action [GetText] successfully performed. With the following test data [Automation123]. @01-11-2021 07:27:33.0422 AM
[ReportManager] Loaded Shared OpenCV @01-11-2021 07:27:33.0488 AM
[ReportManager] Assertion [ValidateElementAttribute] PASSED. Expected [Value Should not be 'Automation' for the 'text' attribute, element locator 'By.name: q'] and Actual [Automation123]. Comparison Type [MATCHES]. Validation Type [NEGATIVE]. @01-11-2021 07:27:33.0597 AM
[ReportManager] Successfully created attachment [Screenshot - 1635751653488_assertElementAttribute_false_regexComparison_expectedToPass_ValidateElementAttribute_passed] @01-11-2021 07:27:33.0599 A
[ReportManager] Browser Action [CloseCurrentWindow] successfully performed. @01-11-2021 07:27:33.0854 AM
[ReportManager] Successfully created attachment [Browser Action Test Data - CloseCurrentWindow - Actual Value] @01-11-2021 07:27:33.0855 A
[ReportManager] File Action [GetAbsolutePath] successfully performed. With the following test data [Relative Folder Path: "target/downloadedFiles/"]. @01-11-2021 07:27:33.0858 AM
[ReportManager] Attempting to run locally on: [Mac-64], [Safari], Headless Execution. @01-11-2021 07:27:33.0859 A

################################################################################################################################################
Starting Execution:	[37 out of 143] test cases in the current suite
Test Method:		[unitTests.tests_validations_assertions.assertElementAttribute_true_caseInsensitiveComparison_expectedToFail]
###############################################################################################################################################



################################################################################################################################################
Starting Execution:	[38 out of 143] test cases in the current suite
Test Method:		[unitTests.tests_validations_assertions.assertElementAttribute_true_caseInsensitiveComparison_expectedToPass]
###############################################################################################################################################



################################################################################################################################################
Starting Execution:	[39 out of 143] test cases in the current suite
Test Method:		[unitTests.tests_validations_assertions.assertElementAttribute_true_containsComparison_expectedToFail]
###############################################################################################################################################



################################################################################################################################################
Starting Execution:	[40 out of 143] test cases in the current suite
Test Method:		[unitTests.tests_validations_assertions.assertElementAttribute_true_containsComparison_expectedToPass]
###############################################################################################################################################



################################################################################################################################################
Starting Execution:	[41 out of 143] test cases in the current suite
Test Method:		[unitTests.tests_validations_assertions.assertElementAttribute_true_literalComparison_expectedToFail]
###############################################################################################################################################



################################################################################################################################################
Starting Execution:	[42 out of 143] test cases in the current suite
Test Method:		[unitTests.tests_validations_assertions.assertElementAttribute_true_literalComparison_expectedToPass]
###############################################################################################################################################



################################################################################################################################################
Starting Execution:	[43 out of 143] test cases in the current suite
Test Method:		[unitTests.tests_validations_assertions.assertElementAttribute_true_regexComparison_expectedToFail]
###############################################################################################################################################



################################################################################################################################################
Starting Execution:	[44 out of 143] test cases in the current suite
Test Method:		[unitTests.tests_validations_assertions.assertElementAttribute_true_regexComparison_expectedToPass]
###############################################################################################################################################



################################################################################################################################################
Starting Execution:	[45 out of 143] test cases in the current suite
Test Method:		[unitTests.tests_validations_assertions.assertElementAttribute_type_true_literalComparison_expectedToPass]
###############################################################################################################################################



################################################################################################################################################
Starting Execution:	[46 out of 143] test cases in the current suite
Test Method:		[unitTests.tests_validations_assertions.assertElementExists_false_expectedToFail]
###############################################################################################################################################



################################################################################################################################################
Starting Execution:	[47 out of 143] test cases in the current suite
Test Method:		[unitTests.tests_validations_assertions.assertElementExists_false_expectedToPass]
###############################################################################################################################################



################################################################################################################################################
Starting Execution:	[48 out of 143] test cases in the current suite
Test Method:		[unitTests.tests_validations_assertions.assertElementExists_false_multipleElementsFound_expectedToFail]
###############################################################################################################################################



################################################################################################################################################
Starting Execution:	[49 out of 143] test cases in the current suite
Test Method:		[unitTests.tests_validations_assertions.assertElementExists_true_expectedToFail]
###############################################################################################################################################



################################################################################################################################################
Starting Execution:	[50 out of 143] test cases in the current suite
Test Method:		[unitTests.tests_validations_assertions.assertElementExists_true_expectedToPass]
###############################################################################################################################################



################################################################################################################################################
Starting Execution:	[51 out of 143] test cases in the current suite
Test Method:		[unitTests.tests_validations_assertions.assertElementExists_true_multipleElementsFound_expectedToFail]
###############################################################################################################################################


################################################################################################################################################
Starting Execution:	[52 out of 143] test cases in the current suite
Test Method:		[unitTests.tests_validations_assertions.assertEquals_false_expectedToFail]
###############################################################################################################################################

################################################################################################################################################
Starting Execution:	[53 out of 143] test cases in the current suite
Test Method:		[unitTests.tests_validations_assertions.assertEquals_false_expectedToPass]
###############################################################################################################################################

################################################################################################################################################
Starting Execution:	[54 out of 143] test cases in the current suite
Test Method:		[unitTests.tests_validations_assertions.assertEquals_longCharacters]
###############################################################################################################################################

################################################################################################################################################
Starting Execution:	[55 out of 143] test cases in the current suite
Test Method:		[unitTests.tests_validations_assertions.assertEquals_longCharacters_Discreet]
###############################################################################################################################################

################################################################################################################################################
Starting Execution:	[56 out of 143] test cases in the current suite
Test Method:		[unitTests.tests_validations_assertions.assertEquals_true_expectedToFail]
###############################################################################################################################################

################################################################################################################################################
Starting Execution:	[57 out of 143] test cases in the current suite
Test Method:		[unitTests.tests_validations_assertions.assertEquals_true_expectedToPass]
Test Description:	[Assert that assertEquals works as expected when the two values are equal.]
###############################################################################################################################################

################################################################################################################################################
Starting Execution:	[58 out of 143] test cases in the current suite
Test Method:		[unitTests.tests_validations_assertions.assertEquals_true_expectedToPass__]
###############################################################################################################################################

################################################################################################################################################
Starting Execution:	[59 out of 143] test cases in the current suite
Test Method:		[unitTests.tests_validations_assertions.assertFileExists_false_expectedToFail]
###############################################################################################################################################

################################################################################################################################################
Starting Execution:	[60 out of 143] test cases in the current suite
Test Method:		[unitTests.tests_validations_assertions.assertFileExists_false_expectedToPass]
###############################################################################################################################################

################################################################################################################################################
Starting Execution:	[61 out of 143] test cases in the current suite
Test Method:		[unitTests.tests_validations_assertions.assertFileExists_true_expectedToFail]
###############################################################################################################################################

################################################################################################################################################
Starting Execution:	[62 out of 143] test cases in the current suite
Test Method:		[unitTests.tests_validations_assertions.assertFileExists_true_expectedToPass]
###############################################################################################################################################

################################################################################################################################################
Starting Execution:	[63 out of 143] test cases in the current suite
Test Method:		[unitTests.tests_validations_assertions.assertNull_false_expectedToFail]
###############################################################################################################################################

################################################################################################################################################
Starting Execution:	[64 out of 143] test cases in the current suite
Test Method:		[unitTests.tests_validations_assertions.assertNull_false_expectedToPass]
###############################################################################################################################################

################################################################################################################################################
Starting Execution:	[65 out of 143] test cases in the current suite
Test Method:		[unitTests.tests_validations_assertions.assertNull_true_expectedToFail]
###############################################################################################################################################

################################################################################################################################################
Starting Execution:	[66 out of 143] test cases in the current suite
Test Method:		[unitTests.tests_validations_assertions.assertNull_true_expectedToPass]
###############################################################################################################################################

################################################################################################################################################
Starting Execution:	[67 out of 143] test cases in the current suite
Test Method:		[unitTests.tests_restActions.getPostsAndAssertBodyForSpecificTitle]
################################################################################################################################################
[ReportManager] Response status code: [200], status line: [HTTP/1.1 200 OK] @01-11-2021 07:27:36.0131 AM
[ReportManager] Assertion Passed: Evaluating the actual response status code against the expected one... @01-11-2021 07:27:36.0132 AM
[ReportManager] Assertion [ValidateEquals] PASSED. Expected [200] and Actual [200]. Comparison Type [EQUALS]. Validation Type [POSITIVE]. @01-11-2021 07:27:36.0132 AM
[ReportManager] API Action [PerformRequest] successfully performed. With the following test data [Request Type: "GET" | Target Status Code: "200" | Service URL: "https://jsonplaceholder.typicode.com/posts" | Content Type: "*/*" | Response Time: "639ms"]. @01-11-2021 07:27:37.0134 AM
[ReportManager] Successfully created attachment [API Request - Specifications] @01-11-2021 07:27:37.0135 AM
[ReportManager] Successfully created attachment [API Response - JSON Body] @01-11-2021 07:27:37.0349 AM
[ReportManager] API Action [GetResponseJSONValueAsList] successfully performed. @01-11-2021 07:27:37.0372 AM
[ReportManager] API Action [GetResponseJSONValue] successfully performed. With the following test data [title]. @01-11-2021 07:27:37.0391 AM
[ReportManager] API Action [GetResponseJSONValue] successfully performed. With the following test data [title]. @01-11-2021 07:27:37.0405 AM
[ReportManager] API Action [GetResponseJSONValue] successfully performed. With the following test data [body]. @01-11-2021 07:27:37.0417 AM
[ReportManager] Assertion [ValidateEquals] PASSED. Expected [qui neque nisi nulla] and Actual [est rerum tempore vitae
sequi sint nihil reprehenderit dolor beatae ea dolores neque
fugiat blanditiis voluptate porro vel nihil molestiae ut reiciendis
qui aperiam non debitis possimus qui neque nisi nulla]. Comparison Type [CONTAINS]. Validation Type [POSITIVE]. @01-11-2021 07:27:37.0418 AM
[ReportManager] API Action [GetResponseJSONValue] successfully performed. With the following test data [title]. @01-11-2021 07:27:37.0430 AM
[ReportManager] API Action [GetResponseJSONValue] successfully performed. With the following test data [title]. @01-11-2021 07:27:37.0441 AM
[ReportManager] API Action [GetResponseJSONValue] successfully performed. With the following test data [title]. @01-11-2021 07:27:37.0453 AM
[ReportManager] API Action [GetResponseJSONValue] successfully performed. With the following test data [title]. @01-11-2021 07:27:37.0465 AM
[ReportManager] API Action [GetResponseJSONValue] successfully performed. With the following test data [title]. @01-11-2021 07:27:37.0476 AM
[ReportManager] API Action [GetResponseJSONValue] successfully performed. With the following test data [title]. @01-11-2021 07:27:37.0488 AM
[ReportManager] API Action [GetResponseJSONValue] successfully performed. With the following test data [title]. @01-11-2021 07:27:37.0499 AM
[ReportManager] API Action [GetResponseJSONValue] successfully performed. With the following test data [title]. @01-11-2021 07:27:37.0511 AM
[ReportManager] API Action [GetResponseJSONValue] successfully performed. With the following test data [title]. @01-11-2021 07:27:37.0522 AM
[ReportManager] API Action [GetResponseJSONValue] successfully performed. With the following test data [title]. @01-11-2021 07:27:37.0534 AM
[ReportManager] API Action [GetResponseJSONValue] successfully performed. With the following test data [title]. @01-11-2021 07:27:37.0547 AM
[ReportManager] API Action [GetResponseJSONValue] successfully performed. With the following test data [title]. @01-11-2021 07:27:37.0560 AM
[ReportManager] API Action [GetResponseJSONValue] successfully performed. With the following test data [title]. @01-11-2021 07:27:37.0589 AM
[ReportManager] API Action [GetResponseJSONValue] successfully performed. With the following test data [title]. @01-11-2021 07:27:37.0603 AM
[ReportManager] API Action [GetResponseJSONValue] successfully performed. With the following test data [title]. @01-11-2021 07:27:37.0614 AM
[ReportManager] API Action [GetResponseJSONValue] successfully performed. With the following test data [title]. @01-11-2021 07:27:37.0625 AM
[ReportManager] API Action [GetResponseJSONValue] successfully performed. With the following test data [title]. @01-11-2021 07:27:37.0636 AM
[ReportManager] API Action [GetResponseJSONValue] successfully performed. With the following test data [title]. @01-11-2021 07:27:37.0647 AM
[ReportManager] API Action [GetResponseJSONValue] successfully performed. With the following test data [title]. @01-11-2021 07:27:37.0658 AM
[ReportManager] API Action [GetResponseJSONValue] successfully performed. With the following test data [title]. @01-11-2021 07:27:37.0668 AM
[ReportManager] API Action [GetResponseJSONValue] successfully performed. With the following test data [title]. @01-11-2021 07:27:37.0680 AM
[ReportManager] API Action [GetResponseJSONValue] successfully performed. With the following test data [title]. @01-11-2021 07:27:37.0691 AM
[ReportManager] API Action [GetResponseJSONValue] successfully performed. With the following test data [title]. @01-11-2021 07:27:37.0701 AM
[ReportManager] API Action [GetResponseJSONValue] successfully performed. With the following test data [title]. @01-11-2021 07:27:37.0711 AM
[ReportManager] API Action [GetResponseJSONValue] successfully performed. With the following test data [title]. @01-11-2021 07:27:37.0723 AM
[ReportManager] API Action [GetResponseJSONValue] successfully performed. With the following test data [title]. @01-11-2021 07:27:37.0734 AM
[ReportManager] API Action [GetResponseJSONValue] successfully performed. With the following test data [title]. @01-11-2021 07:27:37.0745 AM
[ReportManager] API Action [GetResponseJSONValue] successfully performed. With the following test data [title]. @01-11-2021 07:27:37.0757 AM
[ReportManager] API Action [GetResponseJSONValue] successfully performed. With the following test data [title]. @01-11-2021 07:27:37.0767 AM
[ReportManager] API Action [GetResponseJSONValue] successfully performed. With the following test data [title]. @01-11-2021 07:27:37.0778 AM
[ReportManager] API Action [GetResponseJSONValue] successfully performed. With the following test data [title]. @01-11-2021 07:27:37.0789 AM
[ReportManager] API Action [GetResponseJSONValue] successfully performed. With the following test data [title]. @01-11-2021 07:27:37.0800 AM
[ReportManager] API Action [GetResponseJSONValue] successfully performed. With the following test data [title]. @01-11-2021 07:27:37.0811 AM
[ReportManager] API Action [GetResponseJSONValue] successfully performed. With the following test data [title]. @01-11-2021 07:27:37.0821 AM
[ReportManager] API Action [GetResponseJSONValue] successfully performed. With the following test data [title]. @01-11-2021 07:27:37.0833 AM
[ReportManager] API Action [GetResponseJSONValue] successfully performed. With the following test data [title]. @01-11-2021 07:27:37.0844 AM
[ReportManager] API Action [GetResponseJSONValue] successfully performed. With the following test data [title]. @01-11-2021 07:27:37.0855 AM
[ReportManager] API Action [GetResponseJSONValue] successfully performed. With the following test data [title]. @01-11-2021 07:27:37.0865 AM
[ReportManager] API Action [GetResponseJSONValue] successfully performed. With the following test data [title]. @01-11-2021 07:27:37.0876 AM
[ReportManager] API Action [GetResponseJSONValue] successfully performed. With the following test data [title]. @01-11-2021 07:27:37.0887 AM
[ReportManager] API Action [GetResponseJSONValue] successfully performed. With the following test data [title]. @01-11-2021 07:27:37.0898 AM
[ReportManager] API Action [GetResponseJSONValue] successfully performed. With the following test data [title]. @01-11-2021 07:27:37.0910 AM
[ReportManager] API Action [GetResponseJSONValue] successfully performed. With the following test data [title]. @01-11-2021 07:27:37.0920 AM
[ReportManager] API Action [GetResponseJSONValue] successfully performed. With the following test data [title]. @01-11-2021 07:27:37.0931 AM
[ReportManager] API Action [GetResponseJSONValue] successfully performed. With the following test data [title]. @01-11-2021 07:27:37.0942 AM
[ReportManager] API Action [GetResponseJSONValue] successfully performed. With the following test data [title]. @01-11-2021 07:27:37.0953 AM
[ReportManager] API Action [GetResponseJSONValue] successfully performed. With the following test data [title]. @01-11-2021 07:27:37.0963 AM
[ReportManager] API Action [GetResponseJSONValue] successfully performed. With the following test data [title]. @01-11-2021 07:27:37.0974 AM
[ReportManager] API Action [GetResponseJSONValue] successfully performed. With the following test data [title]. @01-11-2021 07:27:37.0984 AM
[ReportManager] API Action [GetResponseJSONValue] successfully performed. With the following test data [title]. @01-11-2021 07:27:37.0995 AM
[ReportManager] API Action [GetResponseJSONValue] successfully performed. With the following test data [title]. @01-11-2021 07:27:38.0005 AM
[ReportManager] API Action [GetResponseJSONValue] successfully performed. With the following test data [title]. @01-11-2021 07:27:38.0017 AM
[ReportManager] API Action [GetResponseJSONValue] successfully performed. With the following test data [title]. @01-11-2021 07:27:38.0027 AM
[ReportManager] API Action [GetResponseJSONValue] successfully performed. With the following test data [title]. @01-11-2021 07:27:38.0038 AM
[ReportManager] API Action [GetResponseJSONValue] successfully performed. With the following test data [title]. @01-11-2021 07:27:38.0048 AM
[ReportManager] API Action [GetResponseJSONValue] successfully performed. With the following test data [title]. @01-11-2021 07:27:38.0059 AM
[ReportManager] API Action [GetResponseJSONValue] successfully performed. With the following test data [title]. @01-11-2021 07:27:38.0070 AM
[ReportManager] API Action [GetResponseJSONValue] successfully performed. With the following test data [title]. @01-11-2021 07:27:38.0081 AM
[ReportManager] API Action [GetResponseJSONValue] successfully performed. With the following test data [title]. @01-11-2021 07:27:38.0092 AM
[ReportManager] API Action [GetResponseJSONValue] successfully performed. With the following test data [title]. @01-11-2021 07:27:38.0120 AM
[ReportManager] API Action [GetResponseJSONValue] successfully performed. With the following test data [title]. @01-11-2021 07:27:38.0130 AM
[ReportManager] API Action [GetResponseJSONValue] successfully performed. With the following test data [title]. @01-11-2021 07:27:38.0141 AM
[ReportManager] API Action [GetResponseJSONValue] successfully performed. With the following test data [title]. @01-11-2021 07:27:38.0151 AM
[ReportManager] API Action [GetResponseJSONValue] successfully performed. With the following test data [title]. @01-11-2021 07:27:38.0161 AM
[ReportManager] API Action [GetResponseJSONValue] successfully performed. With the following test data [title]. @01-11-2021 07:27:38.0171 AM
[ReportManager] API Action [GetResponseJSONValue] successfully performed. With the following test data [title]. @01-11-2021 07:27:38.0180 AM
[ReportManager] API Action [GetResponseJSONValue] successfully performed. With the following test data [title]. @01-11-2021 07:27:38.0189 AM
[ReportManager] API Action [GetResponseJSONValue] successfully performed. With the following test data [title]. @01-11-2021 07:27:38.0199 AM
[ReportManager] API Action [GetResponseJSONValue] successfully performed. With the following test data [title]. @01-11-2021 07:27:38.0208 AM
[ReportManager] API Action [GetResponseJSONValue] successfully performed. With the following test data [title]. @01-11-2021 07:27:38.0219 AM
[ReportManager] API Action [GetResponseJSONValue] successfully performed. With the following test data [title]. @01-11-2021 07:27:38.0230 AM
[ReportManager] API Action [GetResponseJSONValue] successfully performed. With the following test data [title]. @01-11-2021 07:27:38.0241 AM
[ReportManager] API Action [GetResponseJSONValue] successfully performed. With the following test data [title]. @01-11-2021 07:27:38.0251 AM
[ReportManager] API Action [GetResponseJSONValue] successfully performed. With the following test data [title]. @01-11-2021 07:27:38.0263 AM
[ReportManager] API Action [GetResponseJSONValue] successfully performed. With the following test data [title]. @01-11-2021 07:27:38.0275 AM
[ReportManager] API Action [GetResponseJSONValue] successfully performed. With the following test data [title]. @01-11-2021 07:27:38.0285 AM
[ReportManager] API Action [GetResponseJSONValue] successfully performed. With the following test data [title]. @01-11-2021 07:27:38.0295 AM
[ReportManager] API Action [GetResponseJSONValue] successfully performed. With the following test data [title]. @01-11-2021 07:27:38.0305 AM
[ReportManager] API Action [GetResponseJSONValue] successfully performed. With the following test data [title]. @01-11-2021 07:27:38.0316 AM
[ReportManager] API Action [GetResponseJSONValue] successfully performed. With the following test data [title]. @01-11-2021 07:27:38.0328 AM
[ReportManager] API Action [GetResponseJSONValue] successfully performed. With the following test data [title]. @01-11-2021 07:27:38.0339 AM
[ReportManager] API Action [GetResponseJSONValue] successfully performed. With the following test data [title]. @01-11-2021 07:27:38.0350 AM
[ReportManager] API Action [GetResponseJSONValue] successfully performed. With the following test data [title]. @01-11-2021 07:27:38.0361 AM
[ReportManager] API Action [GetResponseJSONValue] successfully performed. With the following test data [title]. @01-11-2021 07:27:38.0371 AM
[ReportManager] API Action [GetResponseJSONValue] successfully performed. With the following test data [title]. @01-11-2021 07:27:38.0381 AM
[ReportManager] API Action [GetResponseJSONValue] successfully performed. With the following test data [title]. @01-11-2021 07:27:38.0392 AM
[ReportManager] API Action [GetResponseJSONValue] successfully performed. With the following test data [title]. @01-11-2021 07:27:38.0403 AM
[ReportManager] API Action [GetResponseJSONValue] successfully performed. With the following test data [title]. @01-11-2021 07:27:38.0412 AM
[ReportManager] API Action [GetResponseJSONValue] successfully performed. With the following test data [title]. @01-11-2021 07:27:38.0422 AM
[ReportManager] API Action [GetResponseJSONValue] successfully performed. With the following test data [title]. @01-11-2021 07:27:38.0432 AM
[ReportManager] API Action [GetResponseJSONValue] successfully performed. With the following test data [title]. @01-11-2021 07:27:38.0442 AM
[ReportManager] API Action [GetResponseJSONValue] successfully performed. With the following test data [title]. @01-11-2021 07:27:38.0453 AM
[ReportManager] API Action [GetResponseJSONValue] successfully performed. With the following test data [title]. @01-11-2021 07:27:38.0464 AM
[ReportManager] API Action [GetResponseJSONValue] successfully performed. With the following test data [title]. @01-11-2021 07:27:38.0475 AM
[ReportManager] API Action [GetResponseJSONValue] successfully performed. With the following test data [title]. @01-11-2021 07:27:38.0485 AM
[ReportManager] API Action [GetResponseJSONValue] successfully performed. With the following test data [title]. @01-11-2021 07:27:38.0495 AM
[ReportManager] API Action [GetResponseJSONValue] successfully performed. With the following test data [title]. @01-11-2021 07:27:38.0505 AM
[ReportManager] API Action [GetResponseJSONValue] successfully performed. With the following test data [title]. @01-11-2021 07:27:38.0529 A

################################################################################################################################################
Starting Execution:	[68 out of 143] test cases in the current suite
Test Method:		[unitTests.tests_restActions.validateUserEmail]
################################################################################################################################################
[ReportManager] Response status code: [200], status line: [HTTP/1.1 200 OK] @01-11-2021 07:27:38.0593 AM
[ReportManager] Assertion Passed: Evaluating the actual response status code against the expected one... @01-11-2021 07:27:38.0594 AM
[ReportManager] Assertion [ValidateEquals] PASSED. Expected [200] and Actual [200]. Comparison Type [EQUALS]. Validation Type [POSITIVE]. @01-11-2021 07:27:38.0594 AM
[ReportManager] API Action [PerformRequest] successfully performed. With the following test data [Request Type: "GET" | Target Status Code: "200" | Service URL: "https://jsonplaceholder.typicode.com/users" | Content Type: "*/*" | Response Time: "53ms"]. @01-11-2021 07:27:38.0618 AM
[ReportManager] Successfully created attachment [API Request - Specifications] @01-11-2021 07:27:38.0619 AM
[ReportManager] Successfully created attachment [API Response - JSON Body] @01-11-2021 07:27:38.0619 AM
[ReportManager] Assertion [ValidateEquals] PASSED. Expected and Actual values are attached. Comparison Type [CONTAINS]. Validation Type [POSITIVE]. @01-11-2021 07:27:38.0620 AM
[ReportManager] Successfully created attachment [Validation Test Data - Expected Value] @01-11-2021 07:27:38.0620 AM
[ReportManager] Successfully created attachment [Validation Test Data - Actual Value] @01-11-2021 07:27:38.0621 AM
[ReportManager] API Action [GetResponseJSONValueAsList] successfully performed. With the following test data [$]. @01-11-2021 07:27:38.0630 AM
[ReportManager] API Action [GetResponseJSONValue] successfully performed. With the following test data [name]. @01-11-2021 07:27:38.0642 AM
[ReportManager] API Action [GetResponseJSONValue] successfully performed. With the following test data [email]. @01-11-2021 07:27:38.0653 AM
[ReportManager] Assertion [ValidateEquals] PASSED. Expected [Sincere@april.biz] and Actual [Sincere@april.biz]. Comparison Type [EQUALS]. Validation Type [POSITIVE]. @01-11-2021 07:27:38.0653 AM
[ReportManager] API Action [GetResponseJSONValue] successfully performed. With the following test data [name]. @01-11-2021 07:27:38.0666 AM
[ReportManager] API Action [GetResponseJSONValue] successfully performed. With the following test data [name]. @01-11-2021 07:27:38.0681 AM
[ReportManager] API Action [GetResponseJSONValue] successfully performed. With the following test data [name]. @01-11-2021 07:27:38.0692 AM
[ReportManager] API Action [GetResponseJSONValue] successfully performed. With the following test data [name]. @01-11-2021 07:27:38.0708 AM
[ReportManager] API Action [GetResponseJSONValue] successfully performed. With the following test data [name]. @01-11-2021 07:27:38.0721 AM
[ReportManager] API Action [GetResponseJSONValue] successfully performed. With the following test data [name]. @01-11-2021 07:27:38.0754 AM
[ReportManager] API Action [GetResponseJSONValue] successfully performed. With the following test data [name]. @01-11-2021 07:27:38.0773 AM
[ReportManager] API Action [GetResponseJSONValue] successfully performed. With the following test data [name]. @01-11-2021 07:27:38.0788 AM
[ReportManager] API Action [GetResponseJSONValue] successfully performed. With the following test data [name]. @01-11-2021 07:27:38.0802 A
[ReportManager] File Action [GetAbsolutePath] successfully performed. With the following test data [Relative Folder Path: "target/downloadedFiles/"]. @01-11-2021 07:27:38.0805 AM
[ReportManager] Attempting to run locally on: [Mac-64], [Safari], Headless Execution. @01-11-2021 07:27:38.0805 AM
[ReportManager] Successfully Opened Safari. @01-11-2021 07:27:39.0638 AM
[ReportManager] Initial window size: (800, 600) @01-11-2021 07:27:39.0644 AM
[ReportManager] Window size after SWD Maximize: (1176, 811) @01-11-2021 07:27:39.0661 AM
[ReportManager] Browser Action [MaximizeWindow] successfully performed. With the following test data [New screen size is now: (1176, 811)]. @01-11-2021 07:27:39.0661 A

################################################################################################################################################
Starting Execution:	[69 out of 143] test cases in the current suite
Test Method:		[testPackage01.Test_uploadFile.uploadFile_invisibleUploadInput]
################################################################################################################################################
[ReportManager] Target URL: [https://fineuploader.com/demos.html#gallery-view] @01-11-2021 07:27:39.0664 AM
[ReportManager] Initial URL: [] @01-11-2021 07:27:39.0705 AM
[ReportManager] Browser Action [NavigateToURL] successfully performed. With the following test data [https://fineuploader.com/demos.html#gallery-view]. @01-11-2021 07:27:40.0860 AM
[ReportManager] File Action [GetAbsolutePath] successfully performed. With the following test data [Relative File Path: "src/main/resources/images/shaft.png"]. @01-11-2021 07:27:40.0861 AM
[ReportManager] Successfully created attachment [File Action Actual Result - Command Log] @01-11-2021 07:27:40.0861 A
[ReportManager] Browser Action [CloseCurrentWindow] successfully performed. @01-11-2021 07:27:41.0231 AM
[ReportManager] Successfully created attachment [Browser Action Test Data - CloseCurrentWindow - Actual Value] @01-11-2021 07:27:41.0232 A
[ReportManager] File Action [GetAbsolutePath] successfully performed. With the following test data [Relative Folder Path: "target/downloadedFiles/"]. @01-11-2021 07:27:41.0235 AM
[ReportManager] Attempting to run locally on: [Mac-64], [Safari], Headless Execution. @01-11-2021 07:27:41.0236 AM
[ReportManager] Successfully Opened Safari. @01-11-2021 07:27:42.0061 AM
[ReportManager] Initial window size: (800, 600) @01-11-2021 07:27:42.0085 AM
[ReportManager] Window size after SWD Maximize: (1176, 811) @01-11-2021 07:27:42.0100 AM
[ReportManager] Browser Action [MaximizeWindow] successfully performed. With the following test data [New screen size is now: (1176, 811)]. @01-11-2021 07:27:42.0100 A

################################################################################################################################################
Starting Execution:	[70 out of 143] test cases in the current suite
Test Method:		[testPackage01.Test_uploadFile.uploadFile_visibleUploadInput]
################################################################################################################################################
[ReportManager] Target URL: [http://demo.guru99.com/test/upload/] @01-11-2021 07:27:42.0111 AM
[ReportManager] Initial URL: [] @01-11-2021 07:27:42.0163 AM
[ReportManager] Browser Action [NavigateToURL] successfully performed. With the following test data [http://demo.guru99.com/test/upload/]. @01-11-2021 07:27:43.0315 AM
[ReportManager] File Action [GetAbsolutePath] successfully performed. With the following test data [Relative File Path: "src/main/resources/images/shaft.png"]. @01-11-2021 07:27:43.0316 AM
[ReportManager] Successfully created attachment [File Action Actual Result - Command Log] @01-11-2021 07:27:43.0316 AM
[ReportManager] Element Action [TypeFileLocationForUpload] successfully performed. With the following test data [/Users/runner/work/SHAFT_ENGINE/SHAFT_ENGINE/src/main/resources/images/shaft.png]. @01-11-2021 07:27:43.0381 AM
[ReportManager] Element Action [Click] successfully performed. With the following test data [on]. @01-11-2021 07:27:43.0635 AM
[ReportManager] Element Action [Click] successfully performed. With the following test data [ Submit File]. @01-11-2021 07:27:43.0920 AM
[ReportManager] Element Action [GetText] successfully performed. With the following test data [1 file has been successfully uploaded.]. @01-11-2021 07:27:44.0530 AM
[ReportManager] Loaded Shared OpenCV @01-11-2021 07:27:44.0580 AM
[ReportManager] Assertion [ValidateElementAttribute] PASSED. Expected [Value Should be '1 file' for the 'Text' attribute, element locator 'By.id: res'] and Actual [1 file has been successfully uploaded.]. Comparison Type [CONTAINS]. Validation Type [POSITIVE]. @01-11-2021 07:27:44.0722 AM
[ReportManager] Successfully created attachment [Screenshot - 1635751664580_uploadFile_visibleUploadInput_ValidateElementAttribute_passed] @01-11-2021 07:27:44.0723 A
[ReportManager] Browser Action [CloseCurrentWindow] successfully performed. @01-11-2021 07:27:45.0035 AM
[ReportManager] Successfully created attachment [Browser Action Test Data - CloseCurrentWindow - Actual Value] @01-11-2021 07:27:45.0036 A

################################################################################################################################################
Starting Execution:	[71 out of 143] test cases in the current suite
Test Method:		[testPackage01.Test_AssertApiResponseEquals.assertApiResponseEquals_expectedToPass]
################################################################################################################################################
[ReportManager] Response status code: [200], status line: [HTTP/1.1 200 OK] @01-11-2021 07:27:45.0093 AM
[ReportManager] Assertion Passed: Evaluating the actual response status code against the expected one... @01-11-2021 07:27:45.0093 AM
[ReportManager] Assertion [ValidateEquals] PASSED. Expected [200] and Actual [200]. Comparison Type [EQUALS]. Validation Type [POSITIVE]. @01-11-2021 07:27:45.0093 AM
[ReportManager] API Action [PerformRequest] successfully performed. With the following test data [Request Type: "GET" | Target Status Code: "200" | Service URL: "https://jsonplaceholder.typicode.com/users" | Content Type: "*/*" | Response Time: "48ms"]. @01-11-2021 07:27:45.0116 AM
[ReportManager] Successfully created attachment [API Request - Specifications] @01-11-2021 07:27:45.0116 AM
[ReportManager] Successfully created attachment [API Response - JSON Body] @01-11-2021 07:27:45.0117 AM
[ReportManager] API Action [GetResponseJSONValueAsList] successfully performed. With the following test data [$]. @01-11-2021 07:27:45.0124 AM
[ReportManager] API Action [GetResponseJSONValue] successfully performed. With the following test data [name]. @01-11-2021 07:27:45.0136 AM
[ReportManager] API Action [GetResponseJSONValue] successfully performed. With the following test data [email]. @01-11-2021 07:27:45.0148 AM
[ReportManager] Verification [ValidateEquals] PASSED. Expected [Sincere@april.biz] and Actual [Sincere@april.biz]. Comparison Type [EQUALS]. Validation Type [POSITIVE]. @01-11-2021 07:27:45.0149 AM
[ReportManager] API Action [GetResponseJSONValue] successfully performed. With the following test data [username]. @01-11-2021 07:27:45.0160 AM
[ReportManager] Assertion [ValidateEquals] PASSED. Expected [Bret] and Actual [Bret]. Comparison Type [EQUALS]. Validation Type [POSITIVE]. @01-11-2021 07:27:45.0161 AM
[ReportManager] API Action [GetResponseJSONValue] successfully performed. With the following test data [name]. @01-11-2021 07:27:45.0172 AM
[ReportManager] API Action [GetResponseJSONValue] successfully performed. With the following test data [name]. @01-11-2021 07:27:45.0184 AM
[ReportManager] API Action [GetResponseJSONValue] successfully performed. With the following test data [name]. @01-11-2021 07:27:45.0195 AM
[ReportManager] API Action [GetResponseJSONValue] successfully performed. With the following test data [name]. @01-11-2021 07:27:45.0207 AM
[ReportManager] API Action [GetResponseJSONValue] successfully performed. With the following test data [name]. @01-11-2021 07:27:45.0218 AM
[ReportManager] API Action [GetResponseJSONValue] successfully performed. With the following test data [name]. @01-11-2021 07:27:45.0230 AM
[ReportManager] API Action [GetResponseJSONValue] successfully performed. With the following test data [name]. @01-11-2021 07:27:45.0242 AM
[ReportManager] API Action [GetResponseJSONValue] successfully performed. With the following test data [name]. @01-11-2021 07:27:45.0253 AM
[ReportManager] API Action [GetResponseJSONValue] successfully performed. With the following test data [name]. @01-11-2021 07:27:45.0264 A

################################################################################################################################################
Starting Execution:	[72 out of 143] test cases in the current suite
Test Method:		[testPackage01.Test_testData.f]
################################################################################################################################################
[ReportManager] Successfully loaded the following test data file [src/test/resources/TestDataFiles/testSuite01/TestData.xlsx]. @01-11-2021 07:27:45.0298 AM
[ReportManager] Successfully created attachment [Test Data - Excel] @01-11-2021 07:27:45.0298 AM
[ReportManager] Last Column Number is: [3]. Zero-based. @01-11-2021 07:27:45.0299 A

################################################################################################################################################
Starting Execution:	[73 out of 143] test cases in the current suite
Test Method:		[testPackage01.Test_PDF.testPDF_Downloaded]
################################################################################################################################################
[ReportManager] File Action [DoesFileExist] successfully performed. With the following test data [File Path: "src/test/resources/TestDataFiles/sample.pdf"]. @01-11-2021 07:27:45.0308 AM
[ReportManager] File Action [GetAbsolutePath] successfully performed. With the following test data [Relative File Path: "src/test/resources/TestDataFiles/sample.pdf"]. @01-11-2021 07:27:45.0308 AM
[ReportManager] Assertion [ValidateTrue] PASSED. Expected [TRUE] and Actual [TRUE]. Validation Type [POSITIVE]. @01-11-2021 07:27:48.0265 A
[ReportManager] File Action [GetAbsolutePath] successfully performed. With the following test data [Relative Folder Path: "target/downloadedFiles/"]. @01-11-2021 07:27:48.0268 AM
[ReportManager] Attempting to run locally on: [Mac-64], [Safari], Headless Execution. @01-11-2021 07:27:48.0269 AM
[ReportManager] Successfully Opened Safari. @01-11-2021 07:27:49.0074 AM
[ReportManager] Initial window size: (800, 600) @01-11-2021 07:27:49.0096 AM
[ReportManager] Window size after SWD Maximize: (1176, 811) @01-11-2021 07:27:49.0112 AM
[ReportManager] Browser Action [MaximizeWindow] successfully performed. With the following test data [New screen size is now: (1176, 811)]. @01-11-2021 07:27:49.0112 A

################################################################################################################################################
Starting Execution:	[74 out of 143] test cases in the current suite
Test Method:		[testPackage01.Test_ShadowDOM.shadowdom]
################################################################################################################################################
[ReportManager] Target URL: [https://mdn.github.io/web-components-examples/popup-info-box-web-component/] @01-11-2021 07:27:49.0117 AM
[ReportManager] Initial URL: [] @01-11-2021 07:27:49.0182 AM
[ReportManager] Browser Action [NavigateToURL] successfully performed. With the following test data [https://mdn.github.io/web-components-examples/popup-info-box-web-component/]. @01-11-2021 07:27:49.0446 AM
[ReportManager] Element Action [Type] successfully performed. With the following test data [Typing into SHADOW DOM...]. @01-11-2021 07:27:50.0374 AM
[ReportManager] Element Action [GetText] successfully performed. With the following test data [Typing into SHADOW DOM...]. @01-11-2021 07:27:50.0473 AM
[ReportManager] Loaded Shared OpenCV @01-11-2021 07:27:50.0546 AM
[ReportManager] Assertion [ValidateElementAttribute] PASSED. Expected [Value Should be 'Typing into SHADOW DOM...' for the 'Text' attribute, element locator 'By.id: cvc'] and Actual [Typing into SHADOW DOM...]. Comparison Type [EQUALS]. Validation Type [POSITIVE]. @01-11-2021 07:27:50.0634 AM
[ReportManager] Successfully created attachment [Screenshot - 1635751670546_shadowdom_ValidateElementAttribute_passed] @01-11-2021 07:27:50.0635 A
[ReportManager] Browser Action [CloseCurrentWindow] successfully performed. @01-11-2021 07:27:50.0721 AM
[ReportManager] Successfully created attachment [Browser Action Test Data - CloseCurrentWindow - Actual Value] @01-11-2021 07:27:50.0721 A
[ReportManager] File Action [GetAbsolutePath] successfully performed. With the following test data [Relative Folder Path: "target/downloadedFiles/"]. @01-11-2021 07:27:50.0723 AM
[ReportManager] Attempting to run locally on: [Mac-64], [Safari], Headless Execution. @01-11-2021 07:27:50.0723 AM
[ReportManager] Successfully Opened Safari. @01-11-2021 07:27:51.0534 AM
[ReportManager] Initial window size: (800, 600) @01-11-2021 07:27:51.0540 AM
[ReportManager] Window size after SWD Maximize: (1176, 811) @01-11-2021 07:27:51.0550 AM
[ReportManager] Browser Action [MaximizeWindow] successfully performed. With the following test data [New screen size is now: (1176, 811)]. @01-11-2021 07:27:51.0554 A

################################################################################################################################################
Starting Execution:	[75 out of 143] test cases in the current suite
Test Method:		[testPackage01.Test_clipboardActions.typeTextAndCopyPaste]
################################################################################################################################################
[ReportManager] Target URL: [https://www.google.com/ncr], and after redirection: [https://www.google.com] @01-11-2021 07:27:51.0564 AM
[ReportManager] Initial URL: [] @01-11-2021 07:27:51.0620 AM
[ReportManager] Browser Action [NavigateToURL] successfully performed. With the following test data [https://www.google.com/ncr]. @01-11-2021 07:27:52.0970 AM
[ReportManager] Element Action [Type] successfully performed. With the following test data [FIRST]. @01-11-2021 07:27:53.0244 A
[ReportManager] Browser Action [CloseCurrentWindow] successfully performed. @01-11-2021 07:27:53.0348 AM
[ReportManager] Successfully created attachment [Browser Action Test Data - CloseCurrentWindow - Actual Value] @01-11-2021 07:27:53.0349 A

################################################################################################################################################
Starting Execution:	[76 out of 143] test cases in the current suite
Test Method:		[testPackage01.Test_NewValidationHelper.f1]
################################################################################################################################################
[ReportManager] Assertion Passed: Checking valid user data @01-11-2021 07:27:53.0354 AM
[ReportManager] Successfully created attachment [Validation Test Data - Expected Value] @01-11-2021 07:27:53.0354 AM
[ReportManager] Successfully created attachment [Validation Test Data - Actual Value] @01-11-2021 07:27:53.0355 AM
[ReportManager] Assertion [ValidateEquals] PASSED. Expected and Actual values are attached. Comparison Type [EQUALS]. Validation Type [POSITIVE]. @01-11-2021 07:27:53.0355 A
[ReportManager] File Action [GetAbsolutePath] successfully performed. With the following test data [Relative Folder Path: "target/downloadedFiles/"]. @01-11-2021 07:27:53.0357 AM
[ReportManager] Attempting to run locally on: [Mac-64], [Safari], Headless Execution. @01-11-2021 07:27:53.0358 AM
[ReportManager] Successfully Opened Safari. @01-11-2021 07:27:54.0134 AM
[ReportManager] Initial window size: (800, 600) @01-11-2021 07:27:54.0138 AM
[ReportManager] Window size after SWD Maximize: (1176, 811) @01-11-2021 07:27:54.0149 AM
[ReportManager] Browser Action [MaximizeWindow] successfully performed. With the following test data [New screen size is now: (1176, 811)]. @01-11-2021 07:27:54.0149 AM
[ReportManager] Target URL: [https://the-internet.herokuapp.com/] @01-11-2021 07:27:54.0149 AM
[ReportManager] Initial URL: [] @01-11-2021 07:27:54.0204 AM
[ReportManager] Browser Action [NavigateToURL] successfully performed. With the following test data [https://the-internet.herokuapp.com/]. @01-11-2021 07:27:54.0762 A

################################################################################################################################################
Starting Execution:	[77 out of 143] test cases in the current suite
Test Method:		[testPackage01.Test_NewValidationHelper.f10]
################################################################################################################################################
[ReportManager] Assertion [ValidateElementExists] FAILED. Expected [Element Should Exist, locator 'By.tagName: div'] and Actual [Element Exists but is not unique]. Comparison Type [EQUALS]. Validation Type [POSITIVE]. @01-11-2021 07:27:54.0920 AM
[ReportManager] Successfully created attachment [Screenshot - 1635751674835_f10_ValidateElementExists_failed] @01-11-2021 07:27:54.0921 A



################################################################################################################################################
Starting Execution:	[78 out of 143] test cases in the current suite
Test Method:		[testPackage01.Test_NewValidationHelper.f11]
###############################################################################################################################################



################################################################################################################################################
Starting Execution:	[79 out of 143] test cases in the current suite
Test Method:		[testPackage01.Test_NewValidationHelper.f12]
###############################################################################################################################################



################################################################################################################################################
Starting Execution:	[80 out of 143] test cases in the current suite
Test Method:		[testPackage01.Test_NewValidationHelper.f13]
###############################################################################################################################################



################################################################################################################################################
Starting Execution:	[81 out of 143] test cases in the current suite
Test Method:		[testPackage01.Test_NewValidationHelper.f14]
###############################################################################################################################################



################################################################################################################################################
Starting Execution:	[82 out of 143] test cases in the current suite
Test Method:		[testPackage01.Test_NewValidationHelper.f15]
###############################################################################################################################################



################################################################################################################################################
Starting Execution:	[83 out of 143] test cases in the current suite
Test Method:		[testPackage01.Test_NewValidationHelper.f16]
###############################################################################################################################################



################################################################################################################################################
Starting Execution:	[84 out of 143] test cases in the current suite
Test Method:		[testPackage01.Test_NewValidationHelper.f17]
###############################################################################################################################################



################################################################################################################################################
Starting Execution:	[85 out of 143] test cases in the current suite
Test Method:		[testPackage01.Test_NewValidationHelper.f18]
###############################################################################################################################################


################################################################################################################################################
Starting Execution:	[86 out of 143] test cases in the current suite
Test Method:		[testPackage01.Test_NewValidationHelper.f2]
###############################################################################################################################################


################################################################################################################################################
Starting Execution:	[87 out of 143] test cases in the current suite
Test Method:		[testPackage01.Test_NewValidationHelper.f20]
###############################################################################################################################################



################################################################################################################################################
Starting Execution:	[88 out of 143] test cases in the current suite
Test Method:		[testPackage01.Test_NewValidationHelper.f21]
###############################################################################################################################################



################################################################################################################################################
Starting Execution:	[89 out of 143] test cases in the current suite
Test Method:		[testPackage01.Test_NewValidationHelper.f22]
###############################################################################################################################################


################################################################################################################################################
Starting Execution:	[90 out of 143] test cases in the current suite
Test Method:		[testPackage01.Test_NewValidationHelper.f23]
###############################################################################################################################################

################################################################################################################################################
Starting Execution:	[91 out of 143] test cases in the current suite
Test Method:		[testPackage01.Test_NewValidationHelper.f24]
###############################################################################################################################################

################################################################################################################################################
Starting Execution:	[92 out of 143] test cases in the current suite
Test Method:		[testPackage01.Test_NewValidationHelper.f25]
###############################################################################################################################################

################################################################################################################################################
Starting Execution:	[93 out of 143] test cases in the current suite
Test Method:		[testPackage01.Test_NewValidationHelper.f26]
###############################################################################################################################################

################################################################################################################################################
Starting Execution:	[94 out of 143] test cases in the current suite
Test Method:		[testPackage01.Test_NewValidationHelper.f27]
###############################################################################################################################################

################################################################################################################################################
Starting Execution:	[95 out of 143] test cases in the current suite
Test Method:		[testPackage01.Test_NewValidationHelper.f28]
###############################################################################################################################################

################################################################################################################################################
Starting Execution:	[96 out of 143] test cases in the current suite
Test Method:		[testPackage01.Test_NewValidationHelper.f29]
###############################################################################################################################################

################################################################################################################################################
Starting Execution:	[97 out of 143] test cases in the current suite
Test Method:		[testPackage01.Test_NewValidationHelper.f3]
###############################################################################################################################################

################################################################################################################################################
Starting Execution:	[98 out of 143] test cases in the current suite
Test Method:		[testPackage01.Test_NewValidationHelper.f30]
###############################################################################################################################################

################################################################################################################################################
Starting Execution:	[99 out of 143] test cases in the current suite
Test Method:		[testPackage01.Test_NewValidationHelper.f31]
###############################################################################################################################################

################################################################################################################################################
Starting Execution:	[100 out of 143] test cases in the current suite
Test Method:		[testPackage01.Test_NewValidationHelper.f32]
###############################################################################################################################################

################################################################################################################################################
Starting Execution:	[101 out of 143] test cases in the current suite
Test Method:		[testPackage01.Test_NewValidationHelper.f33]
###############################################################################################################################################

################################################################################################################################################
Starting Execution:	[102 out of 143] test cases in the current suite
Test Method:		[testPackage01.Test_NewValidationHelper.f34]
###############################################################################################################################################

################################################################################################################################################
Starting Execution:	[103 out of 143] test cases in the current suite
Test Method:		[testPackage01.Test_NewValidationHelper.f35]
###############################################################################################################################################

################################################################################################################################################
Starting Execution:	[104 out of 143] test cases in the current suite
Test Method:		[testPackage01.Test_NewValidationHelper.f36]
###############################################################################################################################################

################################################################################################################################################
Starting Execution:	[105 out of 143] test cases in the current suite
Test Method:		[testPackage01.Test_NewValidationHelper.f37]
###############################################################################################################################################

################################################################################################################################################
Starting Execution:	[106 out of 143] test cases in the current suite
Test Method:		[testPackage01.Test_NewValidationHelper.f3_1]
###############################################################################################################################################

################################################################################################################################################
Starting Execution:	[107 out of 143] test cases in the current suite
Test Method:		[testPackage01.Test_NewValidationHelper.f4]
###############################################################################################################################################

################################################################################################################################################
Starting Execution:	[108 out of 143] test cases in the current suite
Test Method:		[testPackage01.Test_NewValidationHelper.f5]
###############################################################################################################################################

################################################################################################################################################
Starting Execution:	[109 out of 143] test cases in the current suite
Test Method:		[testPackage01.Test_NewValidationHelper.f6]
###############################################################################################################################################

################################################################################################################################################
Starting Execution:	[110 out of 143] test cases in the current suite
Test Method:		[testPackage01.Test_NewValidationHelper.f6_1]
###############################################################################################################################################

################################################################################################################################################
Starting Execution:	[111 out of 143] test cases in the current suite
Test Method:		[testPackage01.Test_NewValidationHelper.f6_2]
###############################################################################################################################################

################################################################################################################################################
Starting Execution:	[112 out of 143] test cases in the current suite
Test Method:		[testPackage01.Test_NewValidationHelper.f7]
###############################################################################################################################################


################################################################################################################################################
Starting Execution:	[113 out of 143] test cases in the current suite
Test Method:		[testPackage01.Test_NewValidationHelper.f8]
###############################################################################################################################################



################################################################################################################################################
Starting Execution:	[114 out of 143] test cases in the current suite
Test Method:		[testPackage01.Test_NewValidationHelper.f9]
###############################################################################################################################################


################################################################################################################################################
Starting Execution:	[115 out of 143] test cases in the current suite
Test Method:		[testPackage01.Test_NewValidationHelper.forceFail]
###############################################################################################################################################

################################################################################################################################################
Starting Execution:	[116 out of 143] test cases in the current suite
Test Method:		[testPackage01.Test_NewValidationHelper.forceFail2]
###############################################################################################################################################

################################################################################################################################################
Starting Execution:	[117 out of 143] test cases in the current suite
Test Method:		[testPackage01.Test_JsonActions.f]
###############################################################################################################################################

################################################################################################################################################
Starting Execution:	[118 out of 143] test cases in the current suite
Test Method:		[testPackage01.Test_JsonActions.f2]
###############################################################################################################################################

################################################################################################################################################
Starting Execution:	[119 out of 143] test cases in the current suite
Test Method:		[testPackage01.Test_sendGraphqlRequest.sendGraphqlRequestUsingMutationAndVariables]
################################################################################################################################################
[ReportManager] GraphQl Request is being Performed with the Following Parameters [Service URL: https://api.spacex.land/graphql | Request Body: {"variables":"{\"name\": \"sherlock holmes\",\"rocket\": \"221B Baker Street\"}","query":"mutation ($name: String, $rocket: String) {\n  insert_users(objects: {name: $name, rocket: $rocket}) {\n    returning {\n      name\n      rocket\n    }\n  }\n}"}] @01-11-2021 07:27:55.0150 AM
[ReportManager] Response status code: [200], status line: [HTTP/1.1 200 OK] @01-11-2021 07:27:55.0561 AM
[ReportManager] Assertion Passed: Evaluating the actual response status code against the expected one... @01-11-2021 07:27:55.0561 AM
[ReportManager] Assertion [ValidateEquals] PASSED. Expected [200] and Actual [200]. Comparison Type [EQUALS]. Validation Type [POSITIVE]. @01-11-2021 07:27:55.0562 AM
[ReportManager] API Action [PerformRequest] successfully performed. With the following test data [Request Type: "POST" | Target Status Code: "200" | Service URL: "https://api.spacex.land/graphql" | Content Type: "application/json" | Response Time: "248ms"]. @01-11-2021 07:27:55.0602 AM
[ReportManager] Successfully created attachment [API Request - Specifications] @01-11-2021 07:27:55.0602 AM
[ReportManager] Successfully created attachment [API Request - JSON Body] @01-11-2021 07:27:55.0603 AM
[ReportManager] Successfully created attachment [API Response - JSON Body] @01-11-2021 07:27:55.0604 AM
[ReportManager] API Action [GetResponseJSONValue] successfully performed. With the following test data [data.insert_users.returning[0].name]. @01-11-2021 07:27:55.0661 AM
[ReportManager] Assertion [ValidateEquals] PASSED. Expected [sherlock holmes] and Actual [sherlock holmes]. Comparison Type [EQUALS]. Validation Type [POSITIVE]. @01-11-2021 07:27:55.0661 A

################################################################################################################################################
Starting Execution:	[120 out of 143] test cases in the current suite
Test Method:		[testPackage01.Test_sendGraphqlRequest.sendGraphqlRequestUsingQuery]
################################################################################################################################################
[ReportManager] GraphQl Request is being Performed with the Following Parameters [Service URL: https://api.spacex.land/graphql | Request Body: {"query":"{company {ceo}}"}] @01-11-2021 07:27:55.0664 AM
[ReportManager] Response status code: [200], status line: [HTTP/1.1 200 OK] @01-11-2021 07:27:55.0773 AM
[ReportManager] Assertion Passed: Evaluating the actual response status code against the expected one... @01-11-2021 07:27:55.0773 AM
[ReportManager] Assertion [ValidateEquals] PASSED. Expected [200] and Actual [200]. Comparison Type [EQUALS]. Validation Type [POSITIVE]. @01-11-2021 07:27:55.0773 AM
[ReportManager] API Action [PerformRequest] successfully performed. With the following test data [Request Type: "POST" | Target Status Code: "200" | Service URL: "https://api.spacex.land/graphql" | Content Type: "application/json" | Response Time: "104ms"]. @01-11-2021 07:27:55.0785 AM
[ReportManager] Successfully created attachment [API Request - Specifications] @01-11-2021 07:27:55.0786 AM
[ReportManager] Successfully created attachment [API Request - JSON Body] @01-11-2021 07:27:55.0786 AM
[ReportManager] Successfully created attachment [API Response - JSON Body] @01-11-2021 07:27:55.0787 AM
[ReportManager] API Action [GetResponseJSONValue] successfully performed. With the following test data [data.company.ceo]. @01-11-2021 07:27:55.0799 AM
[ReportManager] Assertion [ValidateEquals] PASSED. Expected [Elon Musk] and Actual [Elon Musk]. Comparison Type [EQUALS]. Validation Type [POSITIVE]. @01-11-2021 07:27:55.0799 A
[ReportManager] File Action [GetAbsolutePath] successfully performed. With the following test data [Relative Folder Path: "target/downloadedFiles/"]. @01-11-2021 07:27:55.0802 AM
[ReportManager] Attempting to run locally on: [Mac-64], [Safari], Headless Execution. @01-11-2021 07:27:55.0803 AM
[ReportManager] Successfully Opened Safari. @01-11-2021 07:27:56.0578 AM
[ReportManager] Initial window size: (800, 600) @01-11-2021 07:27:56.0584 AM
[ReportManager] Window size after SWD Maximize: (1176, 811) @01-11-2021 07:27:56.0603 AM
[ReportManager] Browser Action [MaximizeWindow] successfully performed. With the following test data [New screen size is now: (1176, 811)]. @01-11-2021 07:27:56.0604 A

################################################################################################################################################
Starting Execution:	[121 out of 143] test cases in the current suite
Test Method:		[testPackage01.Test_dragAndDrop.dragAndDropJquery]
################################################################################################################################################
[ReportManager] Target URL: [https://jqueryui.com/resources/demos/droppable/default.html] @01-11-2021 07:27:56.0608 AM
[ReportManager] Initial URL: [] @01-11-2021 07:27:56.0697 AM
[ReportManager] Browser Action [NavigateToURL] successfully performed. With the following test data [https://jqueryui.com/resources/demos/droppable/default.html]. @01-11-2021 07:27:57.0070 AM
[ReportManager] Element Action [GetText] successfully performed. With the following test data [
	Drop here
]. @01-11-2021 07:27:57.0101 AM
[ReportManager] Element Action [DragAndDrop] successfully performed. With the following test data [Start point: (8, 18), End point: (8, 18)]. @01-11-2021 07:27:58.0122 AM
[ReportManager] Element Action [GetText] successfully performed. With the following test data [
	Dropped!
]. @01-11-2021 07:27:58.0145 AM
[ReportManager] Assertion Passed: Checking to see if the text has changed after performing drag and drop @01-11-2021 07:27:58.0145 AM
[ReportManager] Assertion [ValidateEquals] PASSED. Expected [
	Drop here
] and Actual [
	Dropped!
]. Comparison Type [EQUALS]. Validation Type [NEGATIVE]. @01-11-2021 07:27:58.0145 A
[ReportManager] Browser Action [CloseCurrentWindow] successfully performed. @01-11-2021 07:27:58.0231 AM
[ReportManager] Successfully created attachment [Browser Action Test Data - CloseCurrentWindow - Actual Value] @01-11-2021 07:27:58.0232 A
[ReportManager] File Action [GetAbsolutePath] successfully performed. With the following test data [Relative Folder Path: "target/downloadedFiles/"]. @01-11-2021 07:27:58.0234 AM
[ReportManager] Attempting to run locally on: [Mac-64], [Safari], Headless Execution. @01-11-2021 07:27:58.0234 AM
[ReportManager] Successfully Opened Safari. @01-11-2021 07:27:59.0076 AM
[ReportManager] Initial window size: (800, 600) @01-11-2021 07:27:59.0090 AM
[ReportManager] Window size after SWD Maximize: (1176, 811) @01-11-2021 07:27:59.0107 AM
[ReportManager] Browser Action [MaximizeWindow] successfully performed. With the following test data [New screen size is now: (1176, 811)]. @01-11-2021 07:27:59.0110 A

################################################################################################################################################
Starting Execution:	[122 out of 143] test cases in the current suite
Test Method:		[testPackage01.Test_dragAndDrop.dragAndDrop]
Test Description:	[TC001 - Test Drag and Drop function.]
################################################################################################################################################
[ReportManager] Target URL: [http://the-internet.herokuapp.com/drag_and_drop] @01-11-2021 07:27:59.0113 AM
[ReportManager] Initial URL: [] @01-11-2021 07:27:59.0185 AM
[ReportManager] Browser Action [NavigateToURL] successfully performed. With the following test data [http://the-internet.herokuapp.com/drag_and_drop]. @01-11-2021 07:27:59.0541 AM
[ReportManager] Attempting Drag and Drop @01-11-2021 07:27:59.0541 AM
[ReportManager] Element Action [DragAndDrop] successfully performed. With the following test data [Start point: (120, 89), End point: (335, 89)]. @01-11-2021 07:28:00.0132 A
[ReportManager] Browser Action [CloseCurrentWindow] successfully performed. @01-11-2021 07:28:00.0347 AM
[ReportManager] Successfully created attachment [Browser Action Test Data - CloseCurrentWindow - Actual Value] @01-11-2021 07:28:00.0348 A
[ReportManager] File Action [GetAbsolutePath] successfully performed. With the following test data [Relative Folder Path: "target/downloadedFiles/"]. @01-11-2021 07:28:00.0349 AM
[ReportManager] Attempting to run locally on: [Mac-64], [Safari], Headless Execution. @01-11-2021 07:28:00.0350 AM
[ReportManager] Successfully Opened Safari. @01-11-2021 07:28:01.0148 AM
[ReportManager] Initial window size: (800, 600) @01-11-2021 07:28:01.0155 AM
[ReportManager] Window size after SWD Maximize: (1176, 811) @01-11-2021 07:28:01.0180 AM
[ReportManager] Browser Action [MaximizeWindow] successfully performed. With the following test data [New screen size is now: (1176, 811)]. @01-11-2021 07:28:01.0180 A

################################################################################################################################################
Starting Execution:	[123 out of 143] test cases in the current suite
Test Method:		[testPackage01.Test_dragAndDrop.dragAndDropByOffset]
Test Description:	[TC002 - Test Drag and Drop by offset function.]
################################################################################################################################################
[ReportManager] Target URL: [https://jqueryui.com/resources/demos/draggable/default.html] @01-11-2021 07:28:01.0183 AM
[ReportManager] Initial URL: [] @01-11-2021 07:28:01.0256 AM
[ReportManager] Browser Action [NavigateToURL] successfully performed. With the following test data [https://jqueryui.com/resources/demos/draggable/default.html]. @01-11-2021 07:28:01.0519 AM
[ReportManager] Element Action [DragAndDropByOffset] successfully performed. With the following test data [Start point: (8, 8), End point: (108, 58)]. @01-11-2021 07:28:02.0272 A
[ReportManager] Browser Action [CloseCurrentWindow] successfully performed. @01-11-2021 07:28:02.0445 AM
[ReportManager] Successfully created attachment [Browser Action Test Data - CloseCurrentWindow - Actual Value] @01-11-2021 07:28:02.0445 A
[ReportManager] Successfully loaded the following test data file [src/test/resources/TestDataFiles/testSuite01/TestData.xlsx]. @01-11-2021 07:28:02.0473 AM
[ReportManager] Successfully created attachment [Test Data - Excel] @01-11-2021 07:28:02.0473 AM
[ReportManager] File Action [GetAbsolutePath] successfully performed. With the following test data [Relative Folder Path: "target/downloadedFiles/"]. @01-11-2021 07:28:02.0474 AM
[ReportManager] Attempting to run locally on: [Mac-64], [Safari], Headless Execution. @01-11-2021 07:28:02.0474 AM
[ReportManager] Successfully Opened Safari. @01-11-2021 07:28:03.0309 AM
[ReportManager] Initial window size: (800, 600) @01-11-2021 07:28:03.0316 AM
[ReportManager] Window size after SWD Maximize: (1176, 811) @01-11-2021 07:28:03.0337 AM
[ReportManager] Browser Action [MaximizeWindow] successfully performed. With the following test data [New screen size is now: (1176, 811)]. @01-11-2021 07:28:03.0338 A

################################################################################################################################################
Starting Execution:	[124 out of 143] test cases in the current suite
Test Method:		[testPackage01.Test_google.navigateToURLandVerifyGoogleLogoIsDisplayed]
Test Description:	[TC001 - Navigate to URL and Verify Google Logo is Displayed]
################################################################################################################################################
[ReportManager] Target URL: [https://www.google.com/ncr], and after redirection: [https://www.google.com] @01-11-2021 07:28:03.0341 AM
[ReportManager] Initial URL: [] @01-11-2021 07:28:03.0402 AM
[ReportManager] Browser Action [NavigateToURL] successfully performed. With the following test data [https://www.google.com/ncr]. @01-11-2021 07:28:04.0322 AM
[ReportManager] Loaded Shared OpenCV @01-11-2021 07:28:04.0419 AM
[ReportManager] Assertion [ValidateElementExists] PASSED. Expected [Element Should Exist, locator 'By.xpath: //*[@id='hplogo' or @alt='Google']'] and Actual [Element Exists]. Comparison Type [EQUALS]. Validation Type [POSITIVE]. @01-11-2021 07:28:04.0525 AM
[ReportManager] Successfully created attachment [Screenshot - 1635751684419_navigateToURLandVerifyGoogleLogoIsDisplayed_ValidateElementExists_passed] @01-11-2021 07:28:04.0527 A

################################################################################################################################################
Starting Execution:	[125 out of 143] test cases in the current suite
Test Method:		[testPackage01.Test_google.searchForQueryandAssertResultsNumDisplayed]
Test Description:	[TC002 - Search for Query and Assert that the number of results is displayed]
################################################################################################################################################
[ReportManager] Element Action [Type] successfully performed. With the following test data [SHAFT_Engine]. @01-11-2021 07:28:05.0038 AM
[ReportManager] Element Action [KeyPress] successfully performed. With the following test data [Enter]. @01-11-2021 07:28:05.0089 A

################################################################################################################################################
Starting Execution:	[126 out of 143] test cases in the current suite
Test Method:		[testPackage01.Test_google.clickNextThrice]
Test Description:	[TC003 - Clicks the next button to make sure that the framework can scroll element into view before clicking it]
###############################################################################################################################################
[ReportManager] Browser Action [CloseCurrentWindow] successfully performed. @01-11-2021 07:28:05.0373 AM
[ReportManager] Successfully created attachment [Browser Action Test Data - CloseCurrentWindow - Actual Value] @01-11-2021 07:28:05.0374 A

################################################################################################################################################
Starting Execution:	[127 out of 143] test cases in the current suite
Test Method:		[testPackage01.Test_chainableElementActions.chainElementActions]
################################################################################################################################################
[ReportManager] File Action [GetAbsolutePath] successfully performed. With the following test data [Relative Folder Path: "target/downloadedFiles/"]. @01-11-2021 07:28:05.0376 AM
[ReportManager] Attempting to run locally on: [Mac-64], [GoogleChrome], Headless Execution. @01-11-2021 07:28:05.0378 AM
[ReportManager] Identifying OS/Driver combination and selecting the correct driver version automatically. Please note that if a new driver executable will be downloaded it may take some time... @01-11-2021 07:28:05.0378 AM
[ReportManager] Successfully Opened Google Chrome. @01-11-2021 07:28:08.0130 AM
[ReportManager] Initial window size: (1920, 1080) @01-11-2021 07:28:08.0135 AM
[ReportManager] Window size after SWD Maximize: (1920, 1080) @01-11-2021 07:28:08.0273 AM
[ReportManager] Window size after Toolkit: (1920, 1080) @01-11-2021 07:28:08.0717 AM
[ReportManager] Browser Action [MaximizeWindow] successfully performed. With the following test data [New screen size is now: (1920, 1080)]. @01-11-2021 07:28:08.0719 AM
[ReportManager] Target URL: [https://www.google.com/ncr], and after redirection: [https://www.google.com] @01-11-2021 07:28:08.0720 AM
[ReportManager] Initial URL: [data:,] @01-11-2021 07:28:08.0750 AM
[ReportManager] Browser Action [NavigateToURL] successfully performed. With the following test data [https://www.google.com/ncr]. @01-11-2021 07:28:09.0948 AM
[ReportManager] Element Action [Type] successfully performed. With the following test data [chained type 1]. @01-11-2021 07:28:10.0342 AM
[ReportManager] Element Action [Type] successfully performed. With the following test data [chained type 2]. @01-11-2021 07:28:10.0659 AM
[ReportManager] Element Action [TypeAppend] successfully performed. With the following test data [345]. @01-11-2021 07:28:10.0736 AM
[ReportManager] Element Action [GetText] successfully performed. With the following test data [chained type 2345]. @01-11-2021 07:28:10.0808 AM
[ReportManager] Loaded Shared OpenCV @01-11-2021 07:28:11.0109 AM
[ReportManager] Assertion [ValidateElementAttribute] PASSED. Expected [Value Should be 'chained type 2345' for the 'text' attribute, element locator 'By.name: q'] and Actual [chained type 2345]. Comparison Type [EQUALS]. Validation Type [POSITIVE]. @01-11-2021 07:28:11.0291 AM
[ReportManager] Successfully created attachment [Screenshot - 1635751691109_chainElementActions_ValidateElementAttribute_passed] @01-11-2021 07:28:11.0292 AM
[ReportManager] Browser Action [CloseCurrentWindow] successfully performed. @01-11-2021 07:28:11.0433 AM
[ReportManager] Successfully created attachment [Browser Action Test Data - CloseCurrentWindow - Actual Value] @01-11-2021 07:28:11.0434 A

################################################################################################################################################
Starting Execution:	[128 out of 143] test cases in the current suite
Test Method:		[testPackage01.Test_JsonCompareWithSpecialCharacters.specialCharacters]
################################################################################################################################################
[ReportManager] File Action [GetAbsolutePath] successfully performed. With the following test data [Relative Folder Path: "src/test/resources/TestJsonFiles/specialCharacters.json"]. @01-11-2021 07:28:11.0441 AM
[ReportManager] File Action [ReadFromFile] successfully performed. With the following test data [File Path: "/Users/runner/work/SHAFT_ENGINE/SHAFT_ENGINE/src/test/resources/TestJsonFiles/specialCharacters.json"]. @01-11-2021 07:28:11.0448 AM
[ReportManager] Successfully created attachment [File Action Actual Result - Command Log] @01-11-2021 07:28:11.0448 AM
[ReportManager] Comparing the provided API response with the file at this path "src/test/resources/TestJsonFiles/specialCharacters.json", comparison type "EQUALS" @01-11-2021 07:28:11.0452 AM
[ReportManager] API Action [CompareJSON] successfully performed. With the following test data [src/test/resources/TestJsonFiles/specialCharacters.json]. @01-11-2021 07:28:11.0459 AM
[ReportManager] File Action [GetAbsolutePath] successfully performed. With the following test data [Relative Folder Path: "src/test/resources/TestJsonFiles/specialCharacters.json"]. @01-11-2021 07:28:11.0459 AM
[ReportManager] File Action [ReadFromFile] successfully performed. With the following test data [File Path: "/Users/runner/work/SHAFT_ENGINE/SHAFT_ENGINE/src/test/resources/TestJsonFiles/specialCharacters.json"]. @01-11-2021 07:28:11.0459 AM
[ReportManager] Verification [ValidateJSONFileContent] PASSED. Expected [Response data should match the JSON File in this path 'src/test/resources/TestJsonFiles/specialCharacters.json'] and Actual [TRUE]. Comparison Type [EQUALS]. Validation Type [POSITIVE]. @01-11-2021 07:28:11.0464 AM
[ReportManager] Successfully created attachment [Validation Test Data - Expected JSON Value] @01-11-2021 07:28:11.0465 AM
[ReportManager] Successfully created attachment [Validation Test Data - Actual JSON Value] @01-11-2021 07:28:11.0465 A

################################################################################################################################################
Starting Execution:	[129 out of 143] test cases in the current suite
Test Method:		[testPackage01.Test_JsonCompareWithSpecialCharacters.specialCharacters_assertion]
################################################################################################################################################
[ReportManager] File Action [GetAbsolutePath] successfully performed. With the following test data [Relative Folder Path: "src/test/resources/TestJsonFiles/specialCharacters.json"]. @01-11-2021 07:28:11.0468 AM
[ReportManager] File Action [ReadFromFile] successfully performed. With the following test data [File Path: "/Users/runner/work/SHAFT_ENGINE/SHAFT_ENGINE/src/test/resources/TestJsonFiles/specialCharacters.json"]. @01-11-2021 07:28:11.0469 AM
[ReportManager] Successfully created attachment [File Action Actual Result - Command Log] @01-11-2021 07:28:11.0469 AM
[ReportManager] Comparing the provided API response with the file at this path "src/test/resources/TestJsonFiles/specialCharacters.json", comparison type "CONTAINS" @01-11-2021 07:28:11.0470 AM
[ReportManager] API Action [CompareJSON] successfully performed. With the following test data [src/test/resources/TestJsonFiles/specialCharacters.json]. @01-11-2021 07:28:11.0478 AM
[ReportManager] File Action [GetAbsolutePath] successfully performed. With the following test data [Relative Folder Path: "src/test/resources/TestJsonFiles/specialCharacters.json"]. @01-11-2021 07:28:11.0478 AM
[ReportManager] File Action [ReadFromFile] successfully performed. With the following test data [File Path: "/Users/runner/work/SHAFT_ENGINE/SHAFT_ENGINE/src/test/resources/TestJsonFiles/specialCharacters.json"]. @01-11-2021 07:28:11.0478 AM
[ReportManager] Assertion Passed: trying out the log message @01-11-2021 07:28:11.0482 AM
[ReportManager] Successfully created attachment [Validation Test Data - Expected JSON Value] @01-11-2021 07:28:11.0483 AM
[ReportManager] Successfully created attachment [Validation Test Data - Actual JSON Value] @01-11-2021 07:28:11.0483 AM
[ReportManager] Assertion [ValidateJSONFileContent] PASSED. Expected [Response data should match the JSON File in this path 'src/test/resources/TestJsonFiles/specialCharacters.json'] and Actual [TRUE]. Comparison Type [CONTAINS]. Validation Type [POSITIVE]. @01-11-2021 07:28:11.0483 A

################################################################################################################################################
Starting Execution:	[130 out of 143] test cases in the current suite
Test Method:		[testPackage01.Test_SkipDueToIssue.doNotSkip]
################################################################################################################################################
[ReportManager] This should not be skipped. @01-11-2021 07:28:11.0486 A

################################################################################################################################################
Starting Execution:	[131 out of 143] test cases in the current suite
Test Method:		[testPackage01.Test_SkipDueToIssue.skip]
################################################################################################################################################
[ReportManager] This should be skipped. @01-11-2021 07:28:11.0491 A

################################################################################################################################################
Starting Execution:	[132 out of 143] test cases in the current suite
Test Method:		[testPackage01.Test_SkipDueToIssue.skip2]
################################################################################################################################################
[ReportManager] This should be skipped. @01-11-2021 07:28:11.0496 A

################################################################################################################################################
Starting Execution:	[133 out of 143] test cases in the current suite
Test Method:		[testPackage01.Test_JSONFileManager.readStringFromJson]
################################################################################################################################################
[ReportManager] Successfully loaded the following test data file [src/test/resources/TestDataFiles/simpleJSON.json]. @01-11-2021 07:28:11.0501 AM
[ReportManager] Successfully created attachment [Test Data - JSON] @01-11-2021 07:28:11.0501 AM
[ReportManager] Assertion [ValidateEquals] PASSED. Expected [Mohab Mohie] and Actual [Mohab Mohie]. Comparison Type [EQUALS]. Validation Type [POSITIVE]. @01-11-2021 07:28:11.0514 A
[ReportManager] File Action [GetAbsolutePath] successfully performed. With the following test data [Relative Folder Path: "target/downloadedFiles/"]. @01-11-2021 07:28:11.0517 AM
[ReportManager] Attempting to run locally on: [Mac-64], [Safari], Headless Execution. @01-11-2021 07:28:11.0517 AM
[ReportManager] Successfully Opened Safari. @01-11-2021 07:28:12.0579 AM
[ReportManager] Initial window size: (800, 600) @01-11-2021 07:28:12.0640 AM
[ReportManager] Window size after SWD Maximize: (1176, 811) @01-11-2021 07:28:12.0660 AM
[ReportManager] Browser Action [MaximizeWindow] successfully performed. With the following test data [New screen size is now: (1176, 811)]. @01-11-2021 07:28:12.0661 A

################################################################################################################################################
Starting Execution:	[134 out of 143] test cases in the current suite
Test Method:		[testPackage01.Test_assertEquals.test_assertElementAttribute]
################################################################################################################################################
[ReportManager] Target URL: [https://www.google.com/ncr], and after redirection: [https://www.google.com] @01-11-2021 07:28:12.0663 AM
[ReportManager] Initial URL: [] @01-11-2021 07:28:12.0692 AM
[ReportManager] Browser Action [NavigateToURL] successfully performed. With the following test data [https://www.google.com/ncr]. @01-11-2021 07:28:14.0032 AM
[ReportManager] Element Action [Type] successfully performed. With the following test data [INC_004010050:Another SCHEDULER with the same name [Duplicate Job Name] already exists.]. @01-11-2021 07:28:16.0397 AM
[ReportManager] Element Action [GetText] successfully performed. With the following test data [INC_004010050:Another SCHEDULER with the same name [Duplicate Job Name] already exists.]. @01-11-2021 07:28:16.0440 AM
[ReportManager] Loaded Shared OpenCV @01-11-2021 07:28:16.0499 AM
[ReportManager] Assertion [ValidateElementAttribute] PASSED. Expected [Value Should be 'INC_004010050:Another SCHEDULER with the same name \[Duplicate Job Name\] already exists.' for the 'text' attribute, element locator 'By.name: q'] and Actual [INC_004010050:Another SCHEDULER with the same name [Duplicate Job Name] already exists.]. Comparison Type [MATCHES]. Validation Type [POSITIVE]. @01-11-2021 07:28:16.0649 AM
[ReportManager] Successfully created attachment [Screenshot - 1635751696499_test_assertElementAttribute_ValidateElementAttribute_passed] @01-11-2021 07:28:16.0650 A
[ReportManager] Browser Action [CloseCurrentWindow] successfully performed. @01-11-2021 07:28:16.0813 AM
[ReportManager] Successfully created attachment [Browser Action Test Data - CloseCurrentWindow - Actual Value] @01-11-2021 07:28:16.0814 A
[ReportManager] File Action [GetAbsolutePath] successfully performed. With the following test data [Relative Folder Path: "target/downloadedFiles/"]. @01-11-2021 07:28:16.0815 AM
[ReportManager] Attempting to run locally on: [Mac-64], [Safari], Headless Execution. @01-11-2021 07:28:16.0815 AM
[ReportManager] Successfully Opened Safari. @01-11-2021 07:28:17.0635 AM
[ReportManager] Initial window size: (800, 600) @01-11-2021 07:28:17.0639 AM
[ReportManager] Window size after SWD Maximize: (1176, 811) @01-11-2021 07:28:17.0649 AM
[ReportManager] Browser Action [MaximizeWindow] successfully performed. With the following test data [New screen size is now: (1176, 811)]. @01-11-2021 07:28:17.0649 A

################################################################################################################################################
Starting Execution:	[135 out of 143] test cases in the current suite
Test Method:		[testPackage01.Test_IsElementClickable.testIsElementClickable]
################################################################################################################################################
[ReportManager] Target URL: [https://the-internet.herokuapp.com/] @01-11-2021 07:28:17.0664 AM
[ReportManager] Initial URL: [] @01-11-2021 07:28:17.0745 AM
[ReportManager] Browser Action [NavigateToURL] successfully performed. With the following test data [https://the-internet.herokuapp.com/]. @01-11-2021 07:28:18.0152 AM
[ReportManager] Element Action [IsElementClickable] successfully performed. @01-11-2021 07:28:18.0200 AM
[ReportManager] Assertion [ValidateTrue] PASSED. Expected [TRUE] and Actual [TRUE]. Validation Type [POSITIVE]. @01-11-2021 07:28:18.0201 A
[ReportManager] Browser Action [CloseCurrentWindow] successfully performed. @01-11-2021 07:28:18.0361 AM
[ReportManager] Successfully created attachment [Browser Action Test Data - CloseCurrentWindow - Actual Value] @01-11-2021 07:28:18.0362 A
[ReportManager] Successfully loaded the following test data file [src/test/resources/TestDataFiles/testSuite01/TestData.xlsx]. @01-11-2021 07:28:18.0398 AM
[ReportManager] Successfully created attachment [Test Data - Excel] @01-11-2021 07:28:18.0399 AM
[ReportManager] Attempting to run using Playwright locally on: [Mac-64], [Safari], Headless Execution. @01-11-2021 07:28:49.0857 AM
[ReportManager] File Action [GetAbsolutePath] successfully performed. With the following test data [Relative Folder Path: "target/downloadedFiles/"]. @01-11-2021 07:28:49.0858 AM
[ReportManager] Initial window size: (1280, 720) @01-11-2021 07:28:56.0154 AM
[ReportManager] Window size after Toolkit: com.microsoft.playwright.options.ViewportSize@2040505e @01-11-2021 07:28:56.0163 AM
[ReportManager] Browser Action [MaximizeWindow] successfully performed. With the following test data [New screen size is now: (1920, 1080)]. @01-11-2021 07:28:56.0164 A

################################################################################################################################################
Starting Execution:	[136 out of 143] test cases in the current suite
Test Method:		[testPackage01.Test_google_playwright.navigateToURLandVerifyGoogleLogoIsDisplayed]
Test Description:	[TC001 - Navigate to URL and Verify Google Logo is Displayed]
################################################################################################################################################
[ReportManager] Target URL: [https://www.google.com/ncr], and after redirection: [https://www.google.com] @01-11-2021 07:28:56.0169 AM
[ReportManager] Initial URL: [about:blank] @01-11-2021 07:28:56.0747 AM
[ReportManager] Browser Action [NavigateToURL] successfully performed. With the following test data [https://www.google.com/ncr]. @01-11-2021 07:28:59.0058 AM
[ReportManager] Loaded Shared OpenCV @01-11-2021 07:28:59.0156 AM
[ReportManager] Assertion [ValidateElementExists] PASSED. Expected [Element Should Exist, locator 'xpath=//*[@id='hplogo' or @alt='Google']'] and Actual [Element Exists]. Comparison Type [EQUALS]. Validation Type [POSITIVE]. @01-11-2021 07:28:59.0340 AM
[ReportManager] Successfully created attachment [Screenshot - 1635751739152_navigateToURLandVerifyGoogleLogoIsDisplayed_ValidateElementExists_passed] @01-11-2021 07:28:59.0342 A

################################################################################################################################################
Starting Execution:	[137 out of 143] test cases in the current suite
Test Method:		[testPackage01.Test_google_playwright.searchForQueryandAssertResultsNumDisplayed]
Test Description:	[TC002 - Search for Query and Assert that the number of results is displayed]
################################################################################################################################################
[ReportManager] Element Action [Type] successfully performed. With the following test data [SHAFT_Engine]. @01-11-2021 07:28:59.0619 AM
[ReportManager] Element Action [KeyPress] successfully performed. With the following test data [Enter]. @01-11-2021 07:28:59.0675 AM
[ReportManager] Element Action [GetText] successfully performed. With the following test data [About 986,000 results (0.54 seconds)Â 
]. @01-11-2021 07:29:01.0088 AM
[ReportManager] Loaded Shared OpenCV @01-11-2021 07:29:01.0694 AM
[ReportManager] Assertion [ValidateElementAttribute] PASSED. Expected [Value Should not be '' for the 'text' attribute, element locator 'xpath=//div[@id='appbar']'] and Actual [About 986,000 results (0.54 seconds)Â 
]. Comparison Type [EQUALS]. Validation Type [NEGATIVE]. @01-11-2021 07:29:01.0948 AM
[ReportManager] Successfully created attachment [Screenshot - 1635751741693_searchForQueryandAssertResultsNumDisplayed_ValidateElementAttribute_passed] @01-11-2021 07:29:01.0950 A

################################################################################################################################################
Starting Execution:	[138 out of 143] test cases in the current suite
Test Method:		[testPackage01.Test_google_playwright.clickNextThrice]
Test Description:	[TC003 - Clicks the next button to make sure that the framework can scroll element into view before clicking it]
################################################################################################################################################
[ReportManager] Element Action [Click] successfully performed. With the following test data [Next]. @01-11-2021 07:29:02.0203 A
[ReportManager] Failed to find video recording. @01-11-2021 07:29:02.0211 AM
[ReportManager] Successfully Closed PlayWright Driver. @01-11-2021 07:29:02.0259 A
[ReportManager] File Action [GetAbsolutePath] successfully performed. With the following test data [Relative Folder Path: "target/downloadedFiles/"]. @01-11-2021 07:29:02.0260 AM
[ReportManager] Attempting to run locally on: [Mac-64], [Safari], Headless Execution. @01-11-2021 07:29:02.0260 AM
[ReportManager] Successfully Opened Safari. @01-11-2021 07:29:03.0055 AM
[ReportManager] Initial window size: (800, 600) @01-11-2021 07:29:03.0078 AM
[ReportManager] Window size after SWD Maximize: (1176, 811) @01-11-2021 07:29:03.0097 AM
[ReportManager] Browser Action [MaximizeWindow] successfully performed. With the following test data [New screen size is now: (1176, 811)]. @01-11-2021 07:29:03.0098 A

################################################################################################################################################
Starting Execution:	[139 out of 143] test cases in the current suite
Test Method:		[testPackage01.Test_verifyEquals.test_assertElementAttribute]
################################################################################################################################################
[ReportManager] Target URL: [https://www.google.com/ncr], and after redirection: [https://www.google.com] @01-11-2021 07:29:03.0100 AM
[ReportManager] Initial URL: [] @01-11-2021 07:29:03.0154 AM
[ReportManager] Browser Action [NavigateToURL] successfully performed. With the following test data [https://www.google.com/ncr]. @01-11-2021 07:29:04.0558 AM
[ReportManager] Element Action [Type] successfully performed. With the following test data [INC_004010050:Another SCHEDULER with the same name [Duplicate Job Name] already exists.]. @01-11-2021 07:29:06.0895 AM
[ReportManager] Element Action [GetText] successfully performed. With the following test data [INC_004010050:Another SCHEDULER with the same name [Duplicate Job Name] already exists.]. @01-11-2021 07:29:06.0953 AM
[ReportManager] Loaded Shared OpenCV @01-11-2021 07:29:07.0019 AM
[ReportManager] Verification [ValidateElementAttribute] PASSED. Expected [Value Should be 'INC_004010050:Another SCHEDULER with the same name \[Duplicate Job Name\] already exists.' for the 'text' attribute, element locator 'By.name: q'] and Actual [INC_004010050:Another SCHEDULER with the same name [Duplicate Job Name] already exists.]. Comparison Type [MATCHES]. Validation Type [POSITIVE]. @01-11-2021 07:29:07.0125 AM
[ReportManager] Successfully created attachment [Screenshot - 1635751747019_test_assertElementAttribute_ValidateElementAttribute_passed] @01-11-2021 07:29:07.0127 A
[ReportManager] Browser Action [CloseCurrentWindow] successfully performed. @01-11-2021 07:29:07.0359 AM
[ReportManager] Successfully created attachment [Browser Action Test Data - CloseCurrentWindow - Actual Value] @01-11-2021 07:29:07.0359 A

################################################################################################################################################
Starting Execution:	[140 out of 143] test cases in the current suite
Test Method:		[testPackage01.Test_SelectedValue.multipleSelect]
################################################################################################################################################
[ReportManager] File Action [GetAbsolutePath] successfully performed. With the following test data [Relative Folder Path: "target/downloadedFiles/"]. @01-11-2021 07:29:07.0363 AM
[ReportManager] Attempting to run locally on: [Mac-64], [GoogleChrome], Headless Execution. @01-11-2021 07:29:07.0363 AM
[ReportManager] Identifying OS/Driver combination and selecting the correct driver version automatically. Please note that if a new driver executable will be downloaded it may take some time... @01-11-2021 07:29:07.0363 AM
[ReportManager] Successfully Opened Google Chrome. @01-11-2021 07:29:07.0856 AM
[ReportManager] Initial window size: (1920, 1080) @01-11-2021 07:29:07.0873 AM
[ReportManager] Window size after SWD Maximize: (1920, 1080) @01-11-2021 07:29:08.0093 AM
[ReportManager] Window size after Toolkit: (1920, 1080) @01-11-2021 07:29:08.0511 AM
[ReportManager] Browser Action [MaximizeWindow] successfully performed. With the following test data [New screen size is now: (1920, 1080)]. @01-11-2021 07:29:08.0513 AM
[ReportManager] Target URL: [https://yari-demos.prod.mdn.mozit.cloud/en-US/docs/Web/HTML/Element/select/_sample_.Advanced_select_with_multiple_features.html] @01-11-2021 07:29:08.0513 AM
[ReportManager] Initial URL: [data:,] @01-11-2021 07:29:08.0537 AM
[ReportManager] Browser Action [NavigateToURL] successfully performed. With the following test data [https://yari-demos.prod.mdn.mozit.cloud/en-US/docs/Web/HTML/Element/select/_sample_.Advanced_select_with_multiple_features.html]. @01-11-2021 07:29:08.0743 AM
[ReportManager] Element Action [Select] successfully performed. With the following test data [Dog]. @01-11-2021 07:29:08.0924 AM
[ReportManager] Element Action [Select] successfully performed. With the following test data [Cat]. @01-11-2021 07:29:09.0077 AM
[ReportManager] Element Action [GetSelectedText] successfully performed. With the following test data [DogCat]. @01-11-2021 07:29:09.0166 AM
[ReportManager] DogCat @01-11-2021 07:29:09.0166 AM
[ReportManager] Element Action [GetSelectedText] successfully performed. With the following test data [DogCat]. @01-11-2021 07:29:09.0245 AM
[ReportManager] Loaded Shared OpenCV @01-11-2021 07:29:09.0598 AM
[ReportManager] Assertion [ValidateElementAttribute] PASSED. Expected [Value Should be 'DogCat' for the 'selectedText' attribute, element locator 'By.tagName: select'] and Actual [DogCat]. Comparison Type [EQUALS]. Validation Type [POSITIVE]. @01-11-2021 07:29:09.0766 AM
[ReportManager] Successfully created attachment [Screenshot - 1635751749597_multipleSelect_ValidateElementAttribute_passed] @01-11-2021 07:29:09.0767 AM
[ReportManager] Browser Action [CloseCurrentWindow] successfully performed. @01-11-2021 07:29:09.0918 AM
[ReportManager] Successfully created attachment [Browser Action Test Data - CloseCurrentWindow - Actual Value] @01-11-2021 07:29:09.0918 A

################################################################################################################################################
Starting Execution:	[141 out of 143] test cases in the current suite
Test Method:		[testPackage01.Test_SelectedValue.simpleSelect]
################################################################################################################################################
[ReportManager] File Action [GetAbsolutePath] successfully performed. With the following test data [Relative Folder Path: "target/downloadedFiles/"]. @01-11-2021 07:29:09.0921 AM
[ReportManager] Attempting to run locally on: [Mac-64], [GoogleChrome], Headless Execution. @01-11-2021 07:29:09.0921 AM
[ReportManager] Identifying OS/Driver combination and selecting the correct driver version automatically. Please note that if a new driver executable will be downloaded it may take some time... @01-11-2021 07:29:09.0922 AM
[ReportManager] Successfully Opened Google Chrome. @01-11-2021 07:29:10.0470 AM
[ReportManager] Initial window size: (1920, 1080) @01-11-2021 07:29:10.0474 AM
[ReportManager] Window size after SWD Maximize: (1920, 1080) @01-11-2021 07:29:10.0641 AM
[ReportManager] Window size after Toolkit: (1920, 1080) @01-11-2021 07:29:11.0043 AM
[ReportManager] Browser Action [MaximizeWindow] successfully performed. With the following test data [New screen size is now: (1920, 1080)]. @01-11-2021 07:29:11.0045 AM
[ReportManager] Target URL: [https://yari-demos.prod.mdn.mozit.cloud/en-US/docs/Web/HTML/Element/select/_sample_.Basic_select.html] @01-11-2021 07:29:11.0045 AM
[ReportManager] Initial URL: [data:,] @01-11-2021 07:29:11.0073 AM
[ReportManager] Browser Action [NavigateToURL] successfully performed. With the following test data [https://yari-demos.prod.mdn.mozit.cloud/en-US/docs/Web/HTML/Element/select/_sample_.Basic_select.html]. @01-11-2021 07:29:11.0261 AM
[ReportManager] Element Action [Select] successfully performed. With the following test data [Third Value]. @01-11-2021 07:29:11.0499 AM
[ReportManager] Element Action [GetSelectedText] successfully performed. With the following test data [Third Value]. @01-11-2021 07:29:11.0560 AM
[ReportManager] Third Value @01-11-2021 07:29:11.0561 AM
[ReportManager] Element Action [GetSelectedText] successfully performed. With the following test data [Third Value]. @01-11-2021 07:29:11.0615 AM
[ReportManager] Loaded Shared OpenCV @01-11-2021 07:29:11.0887 AM
[ReportManager] Assertion [ValidateElementAttribute] PASSED. Expected [Value Should be 'Third Value' for the 'selectedText' attribute, element locator 'By.tagName: select'] and Actual [Third Value]. Comparison Type [EQUALS]. Validation Type [POSITIVE]. @01-11-2021 07:29:12.0055 AM
[ReportManager] Successfully created attachment [Screenshot - 1635751751887_simpleSelect_ValidateElementAttribute_passed] @01-11-2021 07:29:12.0056 AM
[ReportManager] Browser Action [CloseCurrentWindow] successfully performed. @01-11-2021 07:29:12.0208 AM
[ReportManager] Successfully created attachment [Browser Action Test Data - CloseCurrentWindow - Actual Value] @01-11-2021 07:29:12.0209 A
[ReportManager] File Action [GetAbsolutePath] successfully performed. With the following test data [Relative Folder Path: "target/downloadedFiles/"]. @01-11-2021 07:29:12.0214 AM
[ReportManager] Attempting to run locally on: [Mac-64], [Safari], Headless Execution. @01-11-2021 07:29:12.0215 AM
[ReportManager] Successfully Opened Safari. @01-11-2021 07:29:12.0992 AM
[ReportManager] Initial window size: (800, 600) @01-11-2021 07:29:13.0012 AM
[ReportManager] Window size after SWD Maximize: (1176, 811) @01-11-2021 07:29:13.0029 AM
[ReportManager] Browser Action [MaximizeWindow] successfully performed. With the following test data [New screen size is now: (1176, 811)]. @01-11-2021 07:29:13.0029 A

################################################################################################################################################
Starting Execution:	[142 out of 143] test cases in the current suite
Test Method:		[testPackage01.Test_dynamicLoading.dynamicLoading_elementIsHidden]
################################################################################################################################################
[ReportManager] Target URL: [https://the-internet.herokuapp.com/dynamic_loading/1] @01-11-2021 07:29:13.0033 AM
[ReportManager] Initial URL: [] @01-11-2021 07:29:13.0094 AM
[ReportManager] Browser Action [NavigateToURL] successfully performed. With the following test data [https://the-internet.herokuapp.com/dynamic_loading/1]. @01-11-2021 07:29:13.0549 AM
[ReportManager] Element Action [Click] successfully performed. With the following test data [Start]. @01-11-2021 07:29:13.0801 AM
[ReportManager] Element Action [GetText] successfully performed. With the following test data [
    Hello World!
  ]. @01-11-2021 07:29:13.0831 A
[ReportManager] Browser Action [CloseCurrentWindow] successfully performed. @01-11-2021 07:29:14.0089 AM
[ReportManager] Successfully created attachment [Browser Action Test Data - CloseCurrentWindow - Actual Value] @01-11-2021 07:29:14.0090 A
[ReportManager] File Action [GetAbsolutePath] successfully performed. With the following test data [Relative Folder Path: "target/downloadedFiles/"]. @01-11-2021 07:29:14.0092 AM
[ReportManager] Attempting to run locally on: [Mac-64], [Safari], Headless Execution. @01-11-2021 07:29:14.0092 AM
[ReportManager] Successfully Opened Safari. @01-11-2021 07:29:14.0910 AM
[ReportManager] Initial window size: (800, 600) @01-11-2021 07:29:14.0932 AM
[ReportManager] Window size after SWD Maximize: (1176, 811) @01-11-2021 07:29:14.0957 AM
[ReportManager] Browser Action [MaximizeWindow] successfully performed. With the following test data [New screen size is now: (1176, 811)]. @01-11-2021 07:29:14.0957 A

################################################################################################################################################
Starting Execution:	[143 out of 143] test cases in the current suite
Test Method:		[testPackage01.Test_dynamicLoading.dynamicLoading_elementIsRendered]
################################################################################################################################################
[ReportManager] Target URL: [https://the-internet.herokuapp.com/dynamic_loading/2] @01-11-2021 07:29:14.0960 AM
[ReportManager] Initial URL: [] @01-11-2021 07:29:15.0012 AM
[ReportManager] Browser Action [NavigateToURL] successfully performed. With the following test data [https://the-internet.herokuapp.com/dynamic_loading/2]. @01-11-2021 07:29:15.0431 AM
[ReportManager] Element Action [Click] successfully performed. With the following test data [Start]. @01-11-2021 07:29:15.0681 A
[ReportManager] Browser Action [CloseCurrentWindow] successfully performed. @01-11-2021 07:29:15.0865 AM
[ReportManager] Successfully created attachment [Browser Action Test Data - CloseCurrentWindow - Actual Value] @01-11-2021 07:29:15.0865 A

################################################################################################################################################
Test Closure Activities
################################################################################################################################################
[ReportManager] Successfully created attachment [SHAFT Engine Logs - Execution log] @01-11-2021 07:29:15.0918 AM

################################################################################################################################################
This test run was powered by SHAFT Engine Version: [SHAFT Engine v5.4.20211030-BETA]
SHAFT Engine is licensed under the MIT License: [https://github.com/MohabMohie/SHAFT_ENGINE/blob/master/LICENSE].
################################################################################################################################################