################################################################################################################################################
Detected SHAFT Engine Version: [SHAFT Engine v5.5.20220112]
################################################################################################################################################
[ReportManager] File Action [GetAbsolutePath] successfully performed. With the following test data [Relative Folder Path: "target/downloadedFiles/"]. @13-01-2022 02:01:37.0704 AM
[ReportManager] Attempting to run locally on: [Mac-64], [Safari], Headless Execution. @13-01-2022 02:01:37.0720 AM
[ReportManager] Successfully Opened Safari. @13-01-2022 02:01:45.0730 AM
[ReportManager] Initial window size: (800, 600) @13-01-2022 02:01:45.0760 AM
[ReportManager] Window size after SWD Maximize: (1176, 802) @13-01-2022 02:01:45.0840 AM
[ReportManager] Browser Action [MaximizeWindow] successfully performed. With the following test data [New screen size is now: (1176, 802)]. @13-01-2022 02:01:45.0848 A

################################################################################################################################################
Starting Execution:	[1 out of 161] test cases in the current suite
Test Method:		[unitTests.tests_element_elementActions.waitForElementToBePresent_false_expectedToFail]
################################################################################################################################################
[ReportManager] Target URL: [https://www.google.com/ncr], and after redirection: [www.google.com] @13-01-2022 02:01:46.0010 AM
[ReportManager] Initial URL: [] @13-01-2022 02:01:46.0091 AM
[ReportManager] Browser Action [NavigateToURL] successfully performed. With the following test data [https://www.google.com/ncr]. @13-01-2022 02:01:49.0308 AM
[ReportManager] Waiting for element to be present; elementLocator [By.xpath: //*[@id='hplogo' or @alt='Google']], numberOfTries[1], stateOfPresence[false]... @13-01-2022 02:01:49.0321 AM
[ReportManager] Element Action [WaitForElementToBePresent] failed. With the following test data [waited for the element's state of presence to be (false). Element locator (By.xpath: //*[@id='hplogo' or @alt='Google'])]. @13-01-2022 02:01:52.0924 AM
[ReportManager] Successfully created attachment [Screenshot - 1642039309457_waitForElementToBePresent_false_expectedToFail_WaitForElementToBePresent_failed] @13-01-2022 02:01:52.0937 A
[ReportManager] Browser Action [CloseCurrentWindow] successfully performed. @13-01-2022 02:01:53.0390 AM
[ReportManager] Successfully created attachment [Browser Action Test Data - CloseCurrentWindow - Actual Value] @13-01-2022 02:01:53.0391 A
[ReportManager] File Action [GetAbsolutePath] successfully performed. With the following test data [Relative Folder Path: "target/downloadedFiles/"]. @13-01-2022 02:01:53.0407 AM
[ReportManager] Attempting to run locally on: [Mac-64], [Safari], Headless Execution. @13-01-2022 02:01:53.0408 AM
[ReportManager] Successfully Opened Safari. @13-01-2022 02:01:54.0391 AM
[ReportManager] Initial window size: (800, 600) @13-01-2022 02:01:54.0413 AM
[ReportManager] Window size after SWD Maximize: (1176, 803) @13-01-2022 02:01:54.0469 AM
[ReportManager] Browser Action [MaximizeWindow] successfully performed. With the following test data [New screen size is now: (1176, 803)]. @13-01-2022 02:01:54.0470 A

################################################################################################################################################
Starting Execution:	[2 out of 161] test cases in the current suite
Test Method:		[unitTests.tests_element_elementActions.waitForElementToBePresent_false_expectedToPass]
################################################################################################################################################
[ReportManager] Target URL: [https://www.google.com/ncr], and after redirection: [www.google.com] @13-01-2022 02:01:54.0476 AM
[ReportManager] Initial URL: [] @13-01-2022 02:01:54.0541 AM
[ReportManager] Browser Action [NavigateToURL] successfully performed. With the following test data [https://www.google.com/ncr]. @13-01-2022 02:01:56.0409 AM
[ReportManager] Waiting for element to be present; elementLocator [By.id: bla], numberOfTries[1], stateOfPresence[false]... @13-01-2022 02:01:56.0409 AM
[ReportManager] org.openqa.selenium.TimeoutException:
Expected condition failed: waiting for com.shaft.gui.element.ElementActionsHelper$$Lambda$641/0x000000080112ba30@18f794e (tried for 5 second(s) with 1000 milliseconds interval)
org.openqa.selenium.support.ui.FluentWait.timeoutException(FluentWait.java:263)
org.openqa.selenium.support.ui.FluentWait.until(FluentWait.java:231)
com.shaft.gui.element.ElementActionsHelper.waitForElementPresence(ElementActionsHelper.java:89)
com.shaft.gui.element.ElementActionsHelper.waitForElementPresence(ElementActionsHelper.java:37)
com.shaft.gui.element.WebDriverElementActions.getMatchingElementsCount(WebDriverElementActions.java:1481)
com.shaft.gui.element.WebDriverElementActions.waitForElementToBePresent(WebDriverElementActions.java:1295)
com.shaft.gui.element.ElementActions.waitForElementToBePresent(ElementActions.java:630)
unitTests.tests_element_elementActions.waitForElementToBePresent_false_expectedToPass(tests_element_elementActions.java:48)
java.base/jdk.internal.reflect.NativeMethodAccessorImpl.invoke0(Native Method)
java.base/jdk.internal.reflect.NativeMethodAccessorImpl.invoke(NativeMethodAccessorImpl.java:77)
java.base/jdk.internal.reflect.DelegatingMethodAccessorImpl.invoke(DelegatingMethodAccessorImpl.java:43)
java.base/java.lang.reflect.Method.invoke(Method.java:568)
org.testng.internal.invokers.MethodInvocationHelper.invokeMethod(MethodInvocationHelper.java:135)
org.testng.internal.invokers.TestInvoker.invokeMethod(TestInvoker.java:673)
org.testng.internal.invokers.TestInvoker.invokeTestMethod(TestInvoker.java:220)
org.testng.internal.invokers.MethodRunner.runInSequence(MethodRunner.java:50)
org.testng.internal.invokers.TestInvoker$MethodInvocationAgent.invoke(TestInvoker.java:945)
org.testng.internal.invokers.TestInvoker.invokeTestMethods(TestInvoker.java:193)
org.testng.internal.invokers.TestMethodWorker.invokeTestMethods(TestMethodWorker.java:146)
org.testng.internal.invokers.TestMethodWorker.run(TestMethodWorker.java:128)
java.base/java.util.ArrayList.forEach(ArrayList.java:1511)
org.testng.TestRunner.privateRun(TestRunner.java:808)
org.testng.TestRunner.run(TestRunner.java:603)
org.testng.SuiteRunner.runTest(SuiteRunner.java:429)
org.testng.SuiteRunner.runSequentially(SuiteRunner.java:423)
org.testng.SuiteRunner.privateRun(SuiteRunner.java:383)
org.testng.SuiteRunner.run(SuiteRunner.java:326)
org.testng.SuiteRunnerWorker.runSuite(SuiteRunnerWorker.java:52)
org.testng.SuiteRunnerWorker.run(SuiteRunnerWorker.java:95)
org.testng.TestNG.runSuitesSequentially(TestNG.java:1249)
org.testng.TestNG.runSuitesLocally(TestNG.java:1169)
org.testng.TestNG.runSuites(TestNG.java:1092)
org.testng.TestNG.run(TestNG.java:1060)
org.apache.maven.surefire.testng.TestNGExecutor.run(TestNGExecutor.java:136)
org.apache.maven.surefire.testng.TestNGDirectoryTestSuite.executeMulti(TestNGDirectoryTestSuite.java:193)
org.apache.maven.surefire.testng.TestNGDirectoryTestSuite.execute(TestNGDirectoryTestSuite.java:94)
org.apache.maven.surefire.testng.TestNGProvider.invoke(TestNGProvider.java:145)
org.apache.maven.surefire.booter.ForkedBooter.runSuitesInProcess(ForkedBooter.java:428)
org.apache.maven.surefire.booter.ForkedBooter.execute(ForkedBooter.java:162)
org.apache.maven.surefire.booter.ForkedBooter.run(ForkedBooter.java:562)
org.apache.maven.surefire.booter.ForkedBooter.main(ForkedBooter.java:548)

Caused by: org.openqa.selenium.NoSuchElementException:
For documentation on this error, please visit: https://selenium.dev/exceptions/#no_such_element
Build info: version: '4.1.1', revision: 'e8fcc2cecf'
System info: host: 'Mac-1642039174422.local', ip: '10.212.6.102', os.name: 'Mac OS X', os.arch: 'x86_64', os.version: '11.5', java.version: '17.0.1'
Driver info: org.openqa.selenium.safari.SafariDriver
Command: [B5BAC2F0-5447-41F2-9C8C-2EEFF36622CA, findElement {using=id, value=bla}]
Capabilities {acceptInsecureCerts: false, browserName: Safari, browserVersion: 15.2, goog:loggingPrefs: {browser: ALL, client: ALL, driver: ALL, performance: ALL, profiler: ALL, server: ALL}, javascriptEnabled: true, pageLoadStrategy: normal, platform: MAC, platformName: MAC, safari:automaticInspection: false, safari:automaticProfiling: false, safari:diagnose: false, safari:platformBuildVersion: 20G314, safari:platformVersion: 11.6.2, safari:useSimulator: false, setWindowRect: true, strictFileInteractability: false, timeouts: {pageLoad: 30000, script: 30000}, webkit:WebRTC: {DisableICECandidateFiltering: false, DisableInsecureMediaCapture: false}}
Session ID: B5BAC2F0-5447-41F2-9C8C-2EEFF36622CA
java.base/jdk.internal.reflect.NativeConstructorAccessorImpl.newInstance0(Native Method)
java.base/jdk.internal.reflect.NativeConstructorAccessorImpl.newInstance(NativeConstructorAccessorImpl.java:77)
java.base/jdk.internal.reflect.DelegatingConstructorAccessorImpl.newInstance(DelegatingConstructorAccessorImpl.java:45)
java.base/java.lang.reflect.Constructor.newInstanceWithCaller(Constructor.java:499)
java.base/java.lang.reflect.Constructor.newInstance(Constructor.java:480)
org.openqa.selenium.remote.codec.w3c.W3CHttpResponseCodec.createException(W3CHttpResponseCodec.java:200)
org.openqa.selenium.remote.codec.w3c.W3CHttpResponseCodec.decode(W3CHttpResponseCodec.java:133)
org.openqa.selenium.remote.codec.w3c.W3CHttpResponseCodec.decode(W3CHttpResponseCodec.java:53)
org.openqa.selenium.remote.HttpCommandExecutor.execute(HttpCommandExecutor.java:184)
org.openqa.selenium.remote.service.DriverCommandExecutor.invokeExecute(DriverCommandExecutor.java:167)
org.openqa.selenium.remote.service.DriverCommandExecutor.execute(DriverCommandExecutor.java:142)
org.openqa.selenium.remote.RemoteWebDriver.execute(RemoteWebDriver.java:543)
org.openqa.selenium.remote.ElementLocation$ElementFinder$2.findElement(ElementLocation.java:162)
org.openqa.selenium.remote.ElementLocation.findElement(ElementLocation.java:60)
org.openqa.selenium.remote.RemoteWebDriver.findElement(RemoteWebDriver.java:367)
org.openqa.selenium.remote.RemoteWebDriver.findElement(RemoteWebDriver.java:359)
com.shaft.gui.element.ElementActionsHelper.lambda$waitForElementPresence$0(ElementActionsHelper.java:92)
org.openqa.selenium.support.ui.FluentWait.until(FluentWait.java:208)
com.shaft.gui.element.ElementActionsHelper.waitForElementPresence(ElementActionsHelper.java:89)
com.shaft.gui.element.ElementActionsHelper.waitForElementPresence(ElementActionsHelper.java:37)
com.shaft.gui.element.WebDriverElementActions.getMatchingElementsCount(WebDriverElementActions.java:1481)
com.shaft.gui.element.WebDriverElementActions.waitForElementToBePresent(WebDriverElementActions.java:1295)
com.shaft.gui.element.ElementActions.waitForElementToBePresent(ElementActions.java:630)
unitTests.tests_element_elementActions.waitForElementToBePresent_false_expectedToPass(tests_element_elementActions.java:48)
java.base/jdk.internal.reflect.NativeMethodAccessorImpl.invoke0(Native Method)
java.base/jdk.internal.reflect.NativeMethodAccessorImpl.invoke(NativeMethodAccessorImpl.java:77)
java.base/jdk.internal.reflect.DelegatingMethodAccessorImpl.invoke(DelegatingMethodAccessorImpl.java:43)
java.base/java.lang.reflect.Method.invoke(Method.java:568)
org.testng.internal.invokers.MethodInvocationHelper.invokeMethod(MethodInvocationHelper.java:135)
org.testng.internal.invokers.TestInvoker.invokeMethod(TestInvoker.java:673)
org.testng.internal.invokers.TestInvoker.invokeTestMethod(TestInvoker.java:220)
org.testng.internal.invokers.MethodRunner.runInSequence(MethodRunner.java:50)
org.testng.internal.invokers.TestInvoker$MethodInvocationAgent.invoke(TestInvoker.java:945)
org.testng.internal.invokers.TestInvoker.invokeTestMethods(TestInvoker.java:193)
org.testng.internal.invokers.TestMethodWorker.invokeTestMethods(TestMethodWorker.java:146)
org.testng.internal.invokers.TestMethodWorker.run(TestMethodWorker.java:128)
java.base/java.util.ArrayList.forEach(ArrayList.java:1511)
org.testng.TestRunner.privateRun(TestRunner.java:808)
org.testng.TestRunner.run(TestRunner.java:603)
org.testng.SuiteRunner.runTest(SuiteRunner.java:429)
org.testng.SuiteRunner.runSequentially(SuiteRunner.java:423)
org.testng.SuiteRunner.privateRun(SuiteRunner.java:383)
org.testng.SuiteRunner.run(SuiteRunner.java:326)
org.testng.SuiteRunnerWorker.runSuite(SuiteRunnerWorker.java:52)
org.testng.SuiteRunnerWorker.run(SuiteRunnerWorker.java:95)
org.testng.TestNG.runSuitesSequentially(TestNG.java:1249)
org.testng.TestNG.runSuitesLocally(TestNG.java:1169)
org.testng.TestNG.runSuites(TestNG.java:1092)
org.testng.TestNG.run(TestNG.java:1060)
org.apache.maven.surefire.testng.TestNGExecutor.run(TestNGExecutor.java:136)
org.apache.maven.surefire.testng.TestNGDirectoryTestSuite.executeMulti(TestNGDirectoryTestSuite.java:193)
org.apache.maven.surefire.testng.TestNGDirectoryTestSuite.execute(TestNGDirectoryTestSuite.java:94)
org.apache.maven.surefire.testng.TestNGProvider.invoke(TestNGProvider.java:145)
org.apache.maven.surefire.booter.ForkedBooter.runSuitesInProcess(ForkedBooter.java:428)
org.apache.maven.surefire.booter.ForkedBooter.execute(ForkedBooter.java:162)
org.apache.maven.surefire.booter.ForkedBooter.run(ForkedBooter.java:562)
org.apache.maven.surefire.booter.ForkedBooter.main(ForkedBooter.java:548) @13-01-2022 02:02:01.0949 AM
[ReportManager] Element Action [WaitForElementToBePresent] successfully performed. With the following test data [waited for the element's state of presence to be (false). Element locator (By.id: bla)]. @13-01-2022 02:02:01.0950 A
[ReportManager] Browser Action [CloseCurrentWindow] successfully performed. @13-01-2022 02:02:02.0258 AM
[ReportManager] Successfully created attachment [Browser Action Test Data - CloseCurrentWindow - Actual Value] @13-01-2022 02:02:02.0260 A
[ReportManager] File Action [GetAbsolutePath] successfully performed. With the following test data [Relative Folder Path: "target/downloadedFiles/"]. @13-01-2022 02:02:02.0268 AM
[ReportManager] Attempting to run locally on: [Mac-64], [Safari], Headless Execution. @13-01-2022 02:02:02.0269 AM
[ReportManager] Successfully Opened Safari. @13-01-2022 02:02:03.0142 AM
[ReportManager] Initial window size: (800, 600) @13-01-2022 02:02:03.0162 AM
[ReportManager] Window size after SWD Maximize: (1176, 803) @13-01-2022 02:02:03.0210 AM
[ReportManager] Browser Action [MaximizeWindow] successfully performed. With the following test data [New screen size is now: (1176, 803)]. @13-01-2022 02:02:03.0212 A

################################################################################################################################################
Starting Execution:	[3 out of 161] test cases in the current suite
Test Method:		[unitTests.tests_element_elementActions.waitForElementToBePresent_moreThanOneElement_expectedToFail]
################################################################################################################################################
[ReportManager] Target URL: [https://www.google.com/ncr], and after redirection: [www.google.com] @13-01-2022 02:02:03.0221 AM
[ReportManager] Initial URL: [] @13-01-2022 02:02:03.0298 AM
[ReportManager] Browser Action [NavigateToURL] successfully performed. With the following test data [https://www.google.com/ncr]. @13-01-2022 02:02:05.0126 AM
[ReportManager] Waiting for element to be present; elementLocator [By.xpath: //*], numberOfTries[1], stateOfPresence[false]... @13-01-2022 02:02:05.0127 AM
[ReportManager] Element Action [WaitForElementToBePresent] failed. With the following test data [waited for the element's state of presence to be (false). Element locator (By.xpath: //*)]. @13-01-2022 02:02:05.0372 AM
[ReportManager] Successfully created attachment [Screenshot - 1642039325233_waitForElementToBePresent_moreThanOneElement_expectedToFail_WaitForElementToBePresent_failed] @13-01-2022 02:02:05.0376 A
[ReportManager] Browser Action [CloseCurrentWindow] successfully performed. @13-01-2022 02:02:05.0544 AM
[ReportManager] Successfully created attachment [Browser Action Test Data - CloseCurrentWindow - Actual Value] @13-01-2022 02:02:05.0545 A
[ReportManager] File Action [GetAbsolutePath] successfully performed. With the following test data [Relative Folder Path: "target/downloadedFiles/"]. @13-01-2022 02:02:05.0553 AM
[ReportManager] Attempting to run locally on: [Mac-64], [Safari], Headless Execution. @13-01-2022 02:02:05.0553 AM
[ReportManager] An Exception Occured with this Message: Could not start a new session. Possible causes are invalid address of the remote server or browser start-up failure.. @13-01-2022 02:02:05.0677 AM
[ReportManager] Successfully created attachment [Exception Stack Trace - org.openqa.selenium.SessionNotCreatedException] @13-01-2022 02:02:05.0678 AM
[ReportManager] Driver Factory Action [createNewLocalDriverInstanceForSafari] failed. With the following test data [Failed to create a session on DESKTOP_SAFARI]. @13-01-2022 02:02:05.0678 A

################################################################################################################################################
Starting Execution:	[4 out of 161] test cases in the current suite
Test Method:		[unitTests.tests_element_elementActions.waitForElementToBePresent_true_expectedToFail]
###############################################################################################################################################



################################################################################################################################################
Starting Execution:	[5 out of 161] test cases in the current suite
Test Method:		[unitTests.tests_element_elementActions.waitForElementToBePresent_true_expectedToPass]
###############################################################################################################################################

[ReportManager] File Action [GetAbsolutePath] successfully performed. With the following test data [Relative Folder Path: "target/downloadedFiles/"]. @13-01-2022 02:02:05.0726 AM
[ReportManager] Attempting to run locally on: [Mac-64], [Safari], Headless Execution. @13-01-2022 02:02:05.0726 AM
[ReportManager] Successfully Opened Safari. @13-01-2022 02:02:06.0726 AM
[ReportManager] Initial window size: (800, 600) @13-01-2022 02:02:06.0755 AM
[ReportManager] Window size after SWD Maximize: (1176, 803) @13-01-2022 02:02:06.0791 AM
[ReportManager] Browser Action [MaximizeWindow] successfully performed. With the following test data [New screen size is now: (1176, 803)]. @13-01-2022 02:02:06.0791 AM
[ReportManager] Target URL: [https://duckduckgo.com] @13-01-2022 02:02:06.0791 AM
[ReportManager] Initial URL: [] @13-01-2022 02:02:06.0853 AM
[ReportManager] Browser Action [NavigateToURL] successfully performed. With the following test data [https://duckduckgo.com]. @13-01-2022 02:02:07.0774 A

################################################################################################################################################
Starting Execution:	[6 out of 161] test cases in the current suite
Test Method:		[unitTests.tests_browserActions.fullScreenWindow]
################################################################################################################################################
[ReportManager] Initial Windows Size: 1176x803 @13-01-2022 02:02:07.0783 AM
[ReportManager] Current Windows Size after fullScreen: 1176x885 @13-01-2022 02:02:08.0265 AM
[ReportManager] Browser Action [FullScreenWindow] successfully performed. @13-01-2022 02:02:08.0301 AM
[ReportManager] Successfully created attachment [Browser Action Test Data - FullScreenWindow - Actual Value] @13-01-2022 02:02:08.0304 A
[ReportManager] Target URL: [https://duckduckgo.com] @13-01-2022 02:02:08.0309 AM
[ReportManager] Initial URL: [https://duckduckgo.com] @13-01-2022 02:02:08.0460 AM
[ReportManager] Browser Action [NavigateToURL] successfully performed. With the following test data [https://duckduckgo.com]. @13-01-2022 02:02:09.0715 AM
[ReportManager] Browser Action [CloseCurrentWindow] successfully performed. @13-01-2022 02:02:09.0887 AM
[ReportManager] Successfully created attachment [Browser Action Test Data - CloseCurrentWindow - Actual Value] @13-01-2022 02:02:09.0890 A
[ReportManager] File Action [GetAbsolutePath] successfully performed. With the following test data [Relative Folder Path: "target/downloadedFiles/"]. @13-01-2022 02:02:09.0895 AM
[ReportManager] Attempting to run locally on: [Mac-64], [Safari], Headless Execution. @13-01-2022 02:02:09.0896 AM
[ReportManager] Successfully Opened Safari. @13-01-2022 02:02:10.0907 AM
[ReportManager] Initial window size: (800, 600) @13-01-2022 02:02:10.0927 AM
[ReportManager] Window size after SWD Maximize: (1176, 803) @13-01-2022 02:02:10.0967 AM
[ReportManager] Browser Action [MaximizeWindow] successfully performed. With the following test data [New screen size is now: (1176, 803)]. @13-01-2022 02:02:10.0967 AM
[ReportManager] Target URL: [https://duckduckgo.com] @13-01-2022 02:02:10.0967 AM
[ReportManager] Initial URL: [] @13-01-2022 02:02:11.0042 AM
[ReportManager] Browser Action [NavigateToURL] successfully performed. With the following test data [https://duckduckgo.com]. @13-01-2022 02:02:11.0846 A

################################################################################################################################################
Starting Execution:	[7 out of 161] test cases in the current suite
Test Method:		[unitTests.tests_browserActions.getCurrentURL]
################################################################################################################################################
[ReportManager] Browser Action [GetCurrentURL] successfully performed. With the following test data [https://duckduckgo.com/]. @13-01-2022 02:02:11.0903 A
[ReportManager] Target URL: [https://duckduckgo.com] @13-01-2022 02:02:11.0946 AM
[ReportManager] Initial URL: [https://duckduckgo.com] @13-01-2022 02:02:12.0015 AM
[ReportManager] Browser Action [NavigateToURL] successfully performed. With the following test data [https://duckduckgo.com]. @13-01-2022 02:02:12.0414 AM
[ReportManager] Browser Action [CloseCurrentWindow] successfully performed. @13-01-2022 02:02:12.0790 AM
[ReportManager] Successfully created attachment [Browser Action Test Data - CloseCurrentWindow - Actual Value] @13-01-2022 02:02:12.0791 A
[ReportManager] File Action [GetAbsolutePath] successfully performed. With the following test data [Relative Folder Path: "target/downloadedFiles/"]. @13-01-2022 02:02:12.0796 AM
[ReportManager] Attempting to run locally on: [Mac-64], [Safari], Headless Execution. @13-01-2022 02:02:12.0797 AM
[ReportManager] An Exception Occured with this Message: Could not start a new session. Possible causes are invalid address of the remote server or browser start-up failure.. @13-01-2022 02:02:12.0909 AM
[ReportManager] Successfully created attachment [Exception Stack Trace - org.openqa.selenium.SessionNotCreatedException] @13-01-2022 02:02:12.0909 AM
[ReportManager] Driver Factory Action [createNewLocalDriverInstanceForSafari] failed. With the following test data [Failed to create a session on DESKTOP_SAFARI]. @13-01-2022 02:02:12.0910 A

################################################################################################################################################
Starting Execution:	[8 out of 161] test cases in the current suite
Test Method:		[unitTests.tests_browserActions.getCurrentWindowTitle]
###############################################################################################################################################



################################################################################################################################################
Starting Execution:	[9 out of 161] test cases in the current suite
Test Method:		[unitTests.tests_browserActions.getPageSource]
###############################################################################################################################################



################################################################################################################################################
Starting Execution:	[10 out of 161] test cases in the current suite
Test Method:		[unitTests.tests_browserActions.getWindowHandle]
###############################################################################################################################################



################################################################################################################################################
Starting Execution:	[11 out of 161] test cases in the current suite
Test Method:		[unitTests.tests_browserActions.getWindowPosition]
###############################################################################################################################################



################################################################################################################################################
Starting Execution:	[12 out of 161] test cases in the current suite
Test Method:		[unitTests.tests_browserActions.getWindowSize]
###############################################################################################################################################



################################################################################################################################################
Starting Execution:	[13 out of 161] test cases in the current suite
Test Method:		[unitTests.tests_browserActions.maximizeWindow]
###############################################################################################################################################



################################################################################################################################################
Starting Execution:	[14 out of 161] test cases in the current suite
Test Method:		[unitTests.tests_browserActions.navigateBack]
###############################################################################################################################################



################################################################################################################################################
Starting Execution:	[15 out of 161] test cases in the current suite
Test Method:		[unitTests.tests_browserActions.navigateForward]
###############################################################################################################################################



################################################################################################################################################
Starting Execution:	[16 out of 161] test cases in the current suite
Test Method:		[unitTests.tests_browserActions.navigateToURL]
###############################################################################################################################################



################################################################################################################################################
Starting Execution:	[17 out of 161] test cases in the current suite
Test Method:		[unitTests.tests_browserActions.navigateToURLWithRedirection]
###############################################################################################################################################



################################################################################################################################################
Starting Execution:	[18 out of 161] test cases in the current suite
Test Method:		[unitTests.tests_browserActions.refreshCurrentPage]
###############################################################################################################################################



################################################################################################################################################
Starting Execution:	[19 out of 161] test cases in the current suite
Test Method:		[unitTests.tests_browserActions.setWindowSize]
###############################################################################################################################################

[ReportManager] Successfully loaded the following test data file [src/test/resources/testDataFiles/testSuite01/TestData.xlsx]. @13-01-2022 02:02:14.0230 AM
[ReportManager] Successfully created attachment [Test Data - Excel] @13-01-2022 02:02:14.0231 A

################################################################################################################################################
Starting Execution:	[20 out of 161] test cases in the current suite
Test Method:		[unitTests.tests_io_excelFileManager.getCellData_rowName_expectedToPass]
################################################################################################################################################
[ReportManager] testRowData. @13-01-2022 02:02:14.0250 A

################################################################################################################################################
Starting Execution:	[21 out of 161] test cases in the current suite
Test Method:		[unitTests.tests_validations_assertions.assertComparativeRelation_greaterThanOrEquals_false_equals_expectedToFail]
################################################################################################################################################
[ReportManager] Assertion [ValidateComparativeRelation] FAILED. Expected [1] and Actual [1]. Comparison Type [GREATER_THAN_OR_EQUALS]. Validation Type [NEGATIVE]. @13-01-2022 02:02:14.0267 A

################################################################################################################################################
Starting Execution:	[22 out of 161] test cases in the current suite
Test Method:		[unitTests.tests_validations_assertions.assertComparativeRelation_greaterThanOrEquals_false_equals_expectedToPass]
################################################################################################################################################
[ReportManager] Assertion [ValidateComparativeRelation] PASSED. Expected [2] and Actual [1]. Comparison Type [GREATER_THAN_OR_EQUALS]. Validation Type [NEGATIVE]. @13-01-2022 02:02:14.0280 A

################################################################################################################################################
Starting Execution:	[23 out of 161] test cases in the current suite
Test Method:		[unitTests.tests_validations_assertions.assertComparativeRelation_greaterThanOrEquals_false_greaterThan_expectedToFail]
################################################################################################################################################
[ReportManager] Assertion [ValidateComparativeRelation] FAILED. Expected [1] and Actual [2]. Comparison Type [GREATER_THAN_OR_EQUALS]. Validation Type [NEGATIVE]. @13-01-2022 02:02:14.0289 A

################################################################################################################################################
Starting Execution:	[24 out of 161] test cases in the current suite
Test Method:		[unitTests.tests_validations_assertions.assertComparativeRelation_greaterThanOrEquals_false_greaterThan_expectedToPass]
################################################################################################################################################
[ReportManager] Assertion [ValidateComparativeRelation] PASSED. Expected [2] and Actual [1]. Comparison Type [GREATER_THAN_OR_EQUALS]. Validation Type [NEGATIVE]. @13-01-2022 02:02:14.0298 A

################################################################################################################################################
Starting Execution:	[25 out of 161] test cases in the current suite
Test Method:		[unitTests.tests_validations_assertions.assertComparativeRelation_greaterThanOrEquals_true_equals_expectedToFail]
################################################################################################################################################
[ReportManager] Assertion [ValidateComparativeRelation] FAILED. Expected [1] and Actual [0]. Comparison Type [GREATER_THAN_OR_EQUALS]. Validation Type [POSITIVE]. @13-01-2022 02:02:14.0303 A

################################################################################################################################################
Starting Execution:	[26 out of 161] test cases in the current suite
Test Method:		[unitTests.tests_validations_assertions.assertComparativeRelation_greaterThanOrEquals_true_equals_expectedToPass]
################################################################################################################################################
[ReportManager] Assertion [ValidateComparativeRelation] PASSED. Expected [1] and Actual [1]. Comparison Type [GREATER_THAN_OR_EQUALS]. Validation Type [POSITIVE]. @13-01-2022 02:02:14.0310 A

################################################################################################################################################
Starting Execution:	[27 out of 161] test cases in the current suite
Test Method:		[unitTests.tests_validations_assertions.assertComparativeRelation_greaterThanOrEquals_true_greaterThan_expectedToFail]
################################################################################################################################################
[ReportManager] Assertion [ValidateComparativeRelation] FAILED. Expected [2] and Actual [1]. Comparison Type [GREATER_THAN_OR_EQUALS]. Validation Type [POSITIVE]. @13-01-2022 02:02:14.0315 A

################################################################################################################################################
Starting Execution:	[28 out of 161] test cases in the current suite
Test Method:		[unitTests.tests_validations_assertions.assertComparativeRelation_greaterThanOrEquals_true_greaterThan_expectedToPass]
################################################################################################################################################
[ReportManager] Assertion [ValidateComparativeRelation] PASSED. Expected [1] and Actual [2]. Comparison Type [GREATER_THAN_OR_EQUALS]. Validation Type [POSITIVE]. @13-01-2022 02:02:14.0321 A
[ReportManager] File Action [GetAbsolutePath] successfully performed. With the following test data [Relative Folder Path: "target/downloadedFiles/"]. @13-01-2022 02:02:14.0326 AM
[ReportManager] Attempting to run locally on: [Mac-64], [Safari], Headless Execution. @13-01-2022 02:02:14.0327 AM
[ReportManager] Successfully Opened Safari. @13-01-2022 02:02:15.0259 AM
[ReportManager] Initial window size: (800, 600) @13-01-2022 02:02:15.0294 AM
[ReportManager] Window size after SWD Maximize: (1176, 803) @13-01-2022 02:02:15.0351 AM
[ReportManager] Browser Action [MaximizeWindow] successfully performed. With the following test data [New screen size is now: (1176, 803)]. @13-01-2022 02:02:15.0352 AM
[ReportManager] Target URL: [https://www.google.com/ncr], and after redirection: [www.google.com] @13-01-2022 02:02:15.0352 AM
[ReportManager] Initial URL: [] @13-01-2022 02:02:15.0405 AM
[ReportManager] Browser Action [NavigateToURL] successfully performed. With the following test data [https://www.google.com/ncr]. @13-01-2022 02:02:17.0114 A

################################################################################################################################################
Starting Execution:	[29 out of 161] test cases in the current suite
Test Method:		[unitTests.tests_validations_assertions.assertElementAttribute_false_caseInsensitiveComparison_expectedToFail]
################################################################################################################################################
[ReportManager] Element Action [Type] successfully performed. With the following test data [AUTOMATION]. @13-01-2022 02:02:17.0456 AM
[ReportManager] Element Action [GetText] successfully performed. With the following test data [AUTOMATION]. @13-01-2022 02:02:17.0542 AM
[ReportManager] Assertion [ValidateElementAttribute] FAILED. Expected [Value Should not be 'AutomaTion' for the 'text' attribute, element locator 'By.name: q'] and Actual [AUTOMATION]. Comparison Type [CASE_INSENSITIVE]. Validation Type [NEGATIVE]. @13-01-2022 02:02:18.0093 AM
[ReportManager] Successfully created attachment [Screenshot - 1642039337978_assertElementAttribute_false_caseInsensitiveComparison_expectedToFail_ValidateElementAttribute_failed] @13-01-2022 02:02:18.0101 A
[ReportManager] Browser Action [CloseCurrentWindow] successfully performed. @13-01-2022 02:02:18.0462 AM
[ReportManager] Successfully created attachment [Browser Action Test Data - CloseCurrentWindow - Actual Value] @13-01-2022 02:02:18.0463 A
[ReportManager] File Action [GetAbsolutePath] successfully performed. With the following test data [Relative Folder Path: "target/downloadedFiles/"]. @13-01-2022 02:02:18.0470 AM
[ReportManager] Attempting to run locally on: [Mac-64], [Safari], Headless Execution. @13-01-2022 02:02:18.0470 AM
[ReportManager] Successfully Opened Safari. @13-01-2022 02:02:19.0331 AM
[ReportManager] Initial window size: (800, 600) @13-01-2022 02:02:19.0351 AM
[ReportManager] Window size after SWD Maximize: (1176, 803) @13-01-2022 02:02:19.0369 AM
[ReportManager] Browser Action [MaximizeWindow] successfully performed. With the following test data [New screen size is now: (1176, 803)]. @13-01-2022 02:02:19.0369 AM
[ReportManager] Target URL: [https://www.google.com/ncr], and after redirection: [www.google.com] @13-01-2022 02:02:19.0369 AM
[ReportManager] Initial URL: [] @13-01-2022 02:02:19.0422 AM
[ReportManager] Browser Action [NavigateToURL] successfully performed. With the following test data [https://www.google.com/ncr]. @13-01-2022 02:02:21.0125 A

################################################################################################################################################
Starting Execution:	[30 out of 161] test cases in the current suite
Test Method:		[unitTests.tests_validations_assertions.assertElementAttribute_false_caseInsensitiveComparison_expectedToPass]
################################################################################################################################################
[ReportManager] Element Action [Type] successfully performed. With the following test data [AUTOMATION]. @13-01-2022 02:02:21.0452 AM
[ReportManager] Element Action [GetText] successfully performed. With the following test data [AUTOMATION]. @13-01-2022 02:02:21.0678 AM
[ReportManager] Assertion [ValidateElementAttribute] PASSED. Expected [Value Should not be 'AutomaTion123' for the 'text' attribute, element locator 'By.name: q'] and Actual [AUTOMATION]. Comparison Type [CASE_INSENSITIVE]. Validation Type [NEGATIVE]. @13-01-2022 02:02:21.0877 AM
[ReportManager] Successfully created attachment [Screenshot - 1642039341791_assertElementAttribute_false_caseInsensitiveComparison_expectedToPass_ValidateElementAttribute_passed] @13-01-2022 02:02:21.0879 A
[ReportManager] Browser Action [CloseCurrentWindow] successfully performed. @13-01-2022 02:02:22.0029 AM
[ReportManager] Successfully created attachment [Browser Action Test Data - CloseCurrentWindow - Actual Value] @13-01-2022 02:02:22.0032 A
[ReportManager] File Action [GetAbsolutePath] successfully performed. With the following test data [Relative Folder Path: "target/downloadedFiles/"]. @13-01-2022 02:02:22.0047 AM
[ReportManager] Attempting to run locally on: [Mac-64], [Safari], Headless Execution. @13-01-2022 02:02:22.0047 AM
[ReportManager] Successfully Opened Safari. @13-01-2022 02:02:22.0965 AM
[ReportManager] Initial window size: (800, 600) @13-01-2022 02:02:22.0982 AM
[ReportManager] Window size after SWD Maximize: (1176, 803) @13-01-2022 02:02:23.0004 AM
[ReportManager] Browser Action [MaximizeWindow] successfully performed. With the following test data [New screen size is now: (1176, 803)]. @13-01-2022 02:02:23.0004 AM
[ReportManager] Target URL: [https://www.google.com/ncr], and after redirection: [www.google.com] @13-01-2022 02:02:23.0004 AM
[ReportManager] Initial URL: [] @13-01-2022 02:02:23.0064 AM
[ReportManager] Browser Action [NavigateToURL] successfully performed. With the following test data [https://www.google.com/ncr]. @13-01-2022 02:02:24.0736 A

################################################################################################################################################
Starting Execution:	[31 out of 161] test cases in the current suite
Test Method:		[unitTests.tests_validations_assertions.assertElementAttribute_false_containsComparison_expectedToFail]
################################################################################################################################################
[ReportManager] Element Action [Type] successfully performed. With the following test data [Automation123]. @13-01-2022 02:02:25.0010 AM
[ReportManager] Element Action [GetText] successfully performed. With the following test data [Automation123]. @13-01-2022 02:02:25.0105 AM
[ReportManager] Assertion [ValidateElementAttribute] FAILED. Expected [Value Should not be 'Automation' for the 'text' attribute, element locator 'By.name: q'] and Actual [Automation123]. Comparison Type [CONTAINS]. Validation Type [NEGATIVE]. @13-01-2022 02:02:25.0333 AM
[ReportManager] Successfully created attachment [Screenshot - 1642039345263_assertElementAttribute_false_containsComparison_expectedToFail_ValidateElementAttribute_failed] @13-01-2022 02:02:25.0335 A
[ReportManager] Browser Action [CloseCurrentWindow] successfully performed. @13-01-2022 02:02:25.0679 AM
[ReportManager] Successfully created attachment [Browser Action Test Data - CloseCurrentWindow - Actual Value] @13-01-2022 02:02:25.0680 A
[ReportManager] File Action [GetAbsolutePath] successfully performed. With the following test data [Relative Folder Path: "target/downloadedFiles/"]. @13-01-2022 02:02:25.0686 AM
[ReportManager] Attempting to run locally on: [Mac-64], [Safari], Headless Execution. @13-01-2022 02:02:25.0686 AM
[ReportManager] Successfully Opened Safari. @13-01-2022 02:02:26.0509 AM
[ReportManager] Initial window size: (800, 600) @13-01-2022 02:02:26.0543 AM
[ReportManager] Window size after SWD Maximize: (1176, 803) @13-01-2022 02:02:26.0561 AM
[ReportManager] Browser Action [MaximizeWindow] successfully performed. With the following test data [New screen size is now: (1176, 803)]. @13-01-2022 02:02:26.0562 AM
[ReportManager] Target URL: [https://www.google.com/ncr], and after redirection: [www.google.com] @13-01-2022 02:02:26.0562 AM
[ReportManager] Initial URL: [] @13-01-2022 02:02:26.0625 AM
[ReportManager] Browser Action [NavigateToURL] successfully performed. With the following test data [https://www.google.com/ncr]. @13-01-2022 02:02:28.0347 A

################################################################################################################################################
Starting Execution:	[32 out of 161] test cases in the current suite
Test Method:		[unitTests.tests_validations_assertions.assertElementAttribute_false_containsComparison_expectedToPass]
################################################################################################################################################
[ReportManager] Element Action [Type] successfully performed. With the following test data [Automation123]. @13-01-2022 02:02:28.0603 AM
[ReportManager] Element Action [GetText] successfully performed. With the following test data [Automation123]. @13-01-2022 02:02:28.0692 AM
[ReportManager] Assertion [ValidateElementAttribute] PASSED. Expected [Value Should not be 'Automation1234' for the 'text' attribute, element locator 'By.name: q'] and Actual [Automation123]. Comparison Type [CONTAINS]. Validation Type [NEGATIVE]. @13-01-2022 02:02:28.0939 AM
[ReportManager] Successfully created attachment [Screenshot - 1642039348863_assertElementAttribute_false_containsComparison_expectedToPass_ValidateElementAttribute_passed] @13-01-2022 02:02:28.0941 A
[ReportManager] Browser Action [CloseCurrentWindow] successfully performed. @13-01-2022 02:02:29.0062 AM
[ReportManager] Successfully created attachment [Browser Action Test Data - CloseCurrentWindow - Actual Value] @13-01-2022 02:02:29.0063 A
[ReportManager] File Action [GetAbsolutePath] successfully performed. With the following test data [Relative Folder Path: "target/downloadedFiles/"]. @13-01-2022 02:02:29.0070 AM
[ReportManager] Attempting to run locally on: [Mac-64], [Safari], Headless Execution. @13-01-2022 02:02:29.0070 AM
[ReportManager] Successfully Opened Safari. @13-01-2022 02:02:29.0945 AM
[ReportManager] Initial window size: (800, 600) @13-01-2022 02:02:29.0966 AM
[ReportManager] Window size after SWD Maximize: (1176, 803) @13-01-2022 02:02:30.0023 AM
[ReportManager] Browser Action [MaximizeWindow] successfully performed. With the following test data [New screen size is now: (1176, 803)]. @13-01-2022 02:02:30.0024 AM
[ReportManager] Target URL: [https://www.google.com/ncr], and after redirection: [www.google.com] @13-01-2022 02:02:30.0024 AM
[ReportManager] Initial URL: [] @13-01-2022 02:02:30.0076 AM
[ReportManager] Browser Action [NavigateToURL] successfully performed. With the following test data [https://www.google.com/ncr]. @13-01-2022 02:02:31.0786 A

################################################################################################################################################
Starting Execution:	[33 out of 161] test cases in the current suite
Test Method:		[unitTests.tests_validations_assertions.assertElementAttribute_false_literalComparison_expectedToFail]
################################################################################################################################################
[ReportManager] Element Action [Type] successfully performed. With the following test data [Automation!@#$%^&*()_+{}[]\';/.,]. @13-01-2022 02:02:32.0206 AM
[ReportManager] Element Action [GetText] successfully performed. With the following test data [Automation!@#$%^&*()_+{}[]\';/.,]. @13-01-2022 02:02:32.0330 AM
[ReportManager] Assertion [ValidateElementAttribute] PASSED. Expected [Value Should not be 'Automation!@#$%^&*()_+{}[]\\';/.,' for the 'text' attribute, element locator 'By.name: q'] and Actual [Automation!@#$%^&*()_+{}[]\';/.,]. Comparison Type [EQUALS]. Validation Type [NEGATIVE]. @13-01-2022 02:02:32.0555 AM
[ReportManager] Successfully created attachment [Screenshot - 1642039352477_assertElementAttribute_false_literalComparison_expectedToFail_ValidateElementAttribute_passed] @13-01-2022 02:02:32.0556 A
[ReportManager] Browser Action [CloseCurrentWindow] successfully performed. @13-01-2022 02:02:32.0723 AM
[ReportManager] Successfully created attachment [Browser Action Test Data - CloseCurrentWindow - Actual Value] @13-01-2022 02:02:32.0724 A
[ReportManager] File Action [GetAbsolutePath] successfully performed. With the following test data [Relative Folder Path: "target/downloadedFiles/"]. @13-01-2022 02:02:32.0728 AM
[ReportManager] Attempting to run locally on: [Mac-64], [Safari], Headless Execution. @13-01-2022 02:02:32.0728 AM
[ReportManager] An Exception Occured with this Message: Could not start a new session. Possible causes are invalid address of the remote server or browser start-up failure.. @13-01-2022 02:02:32.0919 AM
[ReportManager] Successfully created attachment [Exception Stack Trace - org.openqa.selenium.SessionNotCreatedException] @13-01-2022 02:02:32.0920 AM
[ReportManager] Driver Factory Action [createNewLocalDriverInstanceForSafari] failed. With the following test data [Failed to create a session on DESKTOP_SAFARI]. @13-01-2022 02:02:32.0921 A

################################################################################################################################################
Starting Execution:	[34 out of 161] test cases in the current suite
Test Method:		[unitTests.tests_validations_assertions.assertElementAttribute_false_literalComparison_expectedToPass]
###############################################################################################################################################



################################################################################################################################################
Starting Execution:	[35 out of 161] test cases in the current suite
Test Method:		[unitTests.tests_validations_assertions.assertElementAttribute_false_regexComparison_expectedToFail]
###############################################################################################################################################



################################################################################################################################################
Starting Execution:	[36 out of 161] test cases in the current suite
Test Method:		[unitTests.tests_validations_assertions.assertElementAttribute_false_regexComparison_expectedToPass]
###############################################################################################################################################



################################################################################################################################################
Starting Execution:	[37 out of 161] test cases in the current suite
Test Method:		[unitTests.tests_validations_assertions.assertElementAttribute_true_caseInsensitiveComparison_expectedToFail]
###############################################################################################################################################



################################################################################################################################################
Starting Execution:	[38 out of 161] test cases in the current suite
Test Method:		[unitTests.tests_validations_assertions.assertElementAttribute_true_caseInsensitiveComparison_expectedToPass]
###############################################################################################################################################



################################################################################################################################################
Starting Execution:	[39 out of 161] test cases in the current suite
Test Method:		[unitTests.tests_validations_assertions.assertElementAttribute_true_containsComparison_expectedToFail]
###############################################################################################################################################



################################################################################################################################################
Starting Execution:	[40 out of 161] test cases in the current suite
Test Method:		[unitTests.tests_validations_assertions.assertElementAttribute_true_containsComparison_expectedToPass]
###############################################################################################################################################



################################################################################################################################################
Starting Execution:	[41 out of 161] test cases in the current suite
Test Method:		[unitTests.tests_validations_assertions.assertElementAttribute_true_literalComparison_expectedToFail]
###############################################################################################################################################



################################################################################################################################################
Starting Execution:	[42 out of 161] test cases in the current suite
Test Method:		[unitTests.tests_validations_assertions.assertElementAttribute_true_literalComparison_expectedToPass]
###############################################################################################################################################



################################################################################################################################################
Starting Execution:	[43 out of 161] test cases in the current suite
Test Method:		[unitTests.tests_validations_assertions.assertElementAttribute_true_regexComparison_expectedToFail]
###############################################################################################################################################



################################################################################################################################################
Starting Execution:	[44 out of 161] test cases in the current suite
Test Method:		[unitTests.tests_validations_assertions.assertElementAttribute_true_regexComparison_expectedToPass]
###############################################################################################################################################



################################################################################################################################################
Starting Execution:	[45 out of 161] test cases in the current suite
Test Method:		[unitTests.tests_validations_assertions.assertElementAttribute_type_true_literalComparison_expectedToPass]
###############################################################################################################################################



################################################################################################################################################
Starting Execution:	[46 out of 161] test cases in the current suite
Test Method:		[unitTests.tests_validations_assertions.assertElementExists_false_expectedToFail]
###############################################################################################################################################



################################################################################################################################################
Starting Execution:	[47 out of 161] test cases in the current suite
Test Method:		[unitTests.tests_validations_assertions.assertElementExists_false_expectedToPass]
###############################################################################################################################################



################################################################################################################################################
Starting Execution:	[48 out of 161] test cases in the current suite
Test Method:		[unitTests.tests_validations_assertions.assertElementExists_false_multipleElementsFound_expectedToFail]
###############################################################################################################################################



################################################################################################################################################
Starting Execution:	[49 out of 161] test cases in the current suite
Test Method:		[unitTests.tests_validations_assertions.assertElementExists_true_expectedToFail]
###############################################################################################################################################



################################################################################################################################################
Starting Execution:	[50 out of 161] test cases in the current suite
Test Method:		[unitTests.tests_validations_assertions.assertElementExists_true_expectedToPass]
###############################################################################################################################################



################################################################################################################################################
Starting Execution:	[51 out of 161] test cases in the current suite
Test Method:		[unitTests.tests_validations_assertions.assertElementExists_true_multipleElementsFound_expectedToFail]
###############################################################################################################################################


################################################################################################################################################
Starting Execution:	[52 out of 161] test cases in the current suite
Test Method:		[unitTests.tests_validations_assertions.assertEquals_false_expectedToFail]
###############################################################################################################################################

################################################################################################################################################
Starting Execution:	[53 out of 161] test cases in the current suite
Test Method:		[unitTests.tests_validations_assertions.assertEquals_false_expectedToPass]
###############################################################################################################################################

################################################################################################################################################
Starting Execution:	[54 out of 161] test cases in the current suite
Test Method:		[unitTests.tests_validations_assertions.assertEquals_longCharacters]
###############################################################################################################################################

################################################################################################################################################
Starting Execution:	[55 out of 161] test cases in the current suite
Test Method:		[unitTests.tests_validations_assertions.assertEquals_longCharacters_Discreet]
###############################################################################################################################################

################################################################################################################################################
Starting Execution:	[56 out of 161] test cases in the current suite
Test Method:		[unitTests.tests_validations_assertions.assertEquals_true_expectedToFail]
###############################################################################################################################################

################################################################################################################################################
Starting Execution:	[57 out of 161] test cases in the current suite
Test Method:		[unitTests.tests_validations_assertions.assertEquals_true_expectedToPass]
Test Description:	[Assert that assertEquals works as expected when the two values are equal.]
###############################################################################################################################################

################################################################################################################################################
Starting Execution:	[58 out of 161] test cases in the current suite
Test Method:		[unitTests.tests_validations_assertions.assertEquals_true_expectedToPass__]
###############################################################################################################################################

################################################################################################################################################
Starting Execution:	[59 out of 161] test cases in the current suite
Test Method:		[unitTests.tests_validations_assertions.assertFileExists_false_expectedToFail]
###############################################################################################################################################

################################################################################################################################################
Starting Execution:	[60 out of 161] test cases in the current suite
Test Method:		[unitTests.tests_validations_assertions.assertFileExists_false_expectedToPass]
###############################################################################################################################################

################################################################################################################################################
Starting Execution:	[61 out of 161] test cases in the current suite
Test Method:		[unitTests.tests_validations_assertions.assertFileExists_true_expectedToFail]
###############################################################################################################################################

################################################################################################################################################
Starting Execution:	[62 out of 161] test cases in the current suite
Test Method:		[unitTests.tests_validations_assertions.assertFileExists_true_expectedToPass]
###############################################################################################################################################

################################################################################################################################################
Starting Execution:	[63 out of 161] test cases in the current suite
Test Method:		[unitTests.tests_validations_assertions.assertNull_false_expectedToFail]
###############################################################################################################################################

################################################################################################################################################
Starting Execution:	[64 out of 161] test cases in the current suite
Test Method:		[unitTests.tests_validations_assertions.assertNull_false_expectedToPass]
###############################################################################################################################################

################################################################################################################################################
Starting Execution:	[65 out of 161] test cases in the current suite
Test Method:		[unitTests.tests_validations_assertions.assertNull_true_expectedToFail]
###############################################################################################################################################

################################################################################################################################################
Starting Execution:	[66 out of 161] test cases in the current suite
Test Method:		[unitTests.tests_validations_assertions.assertNull_true_expectedToPass]
###############################################################################################################################################

################################################################################################################################################
Starting Execution:	[67 out of 161] test cases in the current suite
Test Method:		[unitTests.tests_restActions.getPostsAndAssertBodyForSpecificTitle]
################################################################################################################################################
[ReportManager] Response status code: [200], status line: [HTTP/1.1 200 OK] @13-01-2022 02:02:37.0407 AM
[ReportManager] Assertion Passed: Evaluating the actual response status code against the expected one... @13-01-2022 02:02:37.0413 AM
[ReportManager] Assertion [ValidateComparativeRelation] PASSED. Expected [200] and Actual [200]. Comparison Type [EQUALS]. Validation Type [POSITIVE]. @13-01-2022 02:02:37.0413 AM
[ReportManager] API Action [PerformRequest] successfully performed. With the following test data [Request Type: "GET" | Target Status Code: "200" | Service URL: "https://jsonplaceholder.typicode.com/posts" | Content Type: "*/*" | Response Time: "685ms"]. @13-01-2022 02:02:38.0480 AM
[ReportManager] Successfully created attachment [API Request - Specifications] @13-01-2022 02:02:38.0481 AM
[ReportManager] Successfully created attachment [API Response - JSON Body] @13-01-2022 02:02:38.0717 AM
[ReportManager] API Action [GetResponseJSONValueAsList] successfully performed. @13-01-2022 02:02:38.0742 AM
[ReportManager] API Action [GetResponseJSONValue] successfully performed. With the following test data [title]. @13-01-2022 02:02:38.0764 AM
[ReportManager] API Action [GetResponseJSONValue] successfully performed. With the following test data [title]. @13-01-2022 02:02:38.0780 AM
[ReportManager] API Action [GetResponseJSONValue] successfully performed. With the following test data [body]. @13-01-2022 02:02:38.0795 AM
[ReportManager] Assertion [ValidateEquals] PASSED. Expected [qui neque nisi nulla] and Actual [est rerum tempore vitae
sequi sint nihil reprehenderit dolor beatae ea dolores neque
fugiat blanditiis voluptate porro vel nihil molestiae ut reiciendis
qui aperiam non debitis possimus qui neque nisi nulla]. Comparison Type [CONTAINS]. Validation Type [POSITIVE]. @13-01-2022 02:02:38.0796 AM
[ReportManager] API Action [GetResponseJSONValue] successfully performed. With the following test data [title]. @13-01-2022 02:02:38.0810 AM
[ReportManager] API Action [GetResponseJSONValue] successfully performed. With the following test data [title]. @13-01-2022 02:02:38.0824 AM
[ReportManager] API Action [GetResponseJSONValue] successfully performed. With the following test data [title]. @13-01-2022 02:02:38.0838 AM
[ReportManager] API Action [GetResponseJSONValue] successfully performed. With the following test data [title]. @13-01-2022 02:02:38.0859 AM
[ReportManager] API Action [GetResponseJSONValue] successfully performed. With the following test data [title]. @13-01-2022 02:02:38.0876 AM
[ReportManager] API Action [GetResponseJSONValue] successfully performed. With the following test data [title]. @13-01-2022 02:02:38.0889 AM
[ReportManager] API Action [GetResponseJSONValue] successfully performed. With the following test data [title]. @13-01-2022 02:02:38.0903 AM
[ReportManager] API Action [GetResponseJSONValue] successfully performed. With the following test data [title]. @13-01-2022 02:02:38.0937 AM
[ReportManager] API Action [GetResponseJSONValue] successfully performed. With the following test data [title]. @13-01-2022 02:02:38.0987 AM
[ReportManager] API Action [GetResponseJSONValue] successfully performed. With the following test data [title]. @13-01-2022 02:02:39.0001 AM
[ReportManager] API Action [GetResponseJSONValue] successfully performed. With the following test data [title]. @13-01-2022 02:02:39.0016 AM
[ReportManager] API Action [GetResponseJSONValue] successfully performed. With the following test data [title]. @13-01-2022 02:02:39.0031 AM
[ReportManager] API Action [GetResponseJSONValue] successfully performed. With the following test data [title]. @13-01-2022 02:02:39.0045 AM
[ReportManager] API Action [GetResponseJSONValue] successfully performed. With the following test data [title]. @13-01-2022 02:02:39.0057 AM
[ReportManager] API Action [GetResponseJSONValue] successfully performed. With the following test data [title]. @13-01-2022 02:02:39.0070 AM
[ReportManager] API Action [GetResponseJSONValue] successfully performed. With the following test data [title]. @13-01-2022 02:02:39.0084 AM
[ReportManager] API Action [GetResponseJSONValue] successfully performed. With the following test data [title]. @13-01-2022 02:02:39.0098 AM
[ReportManager] API Action [GetResponseJSONValue] successfully performed. With the following test data [title]. @13-01-2022 02:02:39.0114 AM
[ReportManager] API Action [GetResponseJSONValue] successfully performed. With the following test data [title]. @13-01-2022 02:02:39.0128 AM
[ReportManager] API Action [GetResponseJSONValue] successfully performed. With the following test data [title]. @13-01-2022 02:02:39.0141 AM
[ReportManager] API Action [GetResponseJSONValue] successfully performed. With the following test data [title]. @13-01-2022 02:02:39.0155 AM
[ReportManager] API Action [GetResponseJSONValue] successfully performed. With the following test data [title]. @13-01-2022 02:02:39.0170 AM
[ReportManager] API Action [GetResponseJSONValue] successfully performed. With the following test data [title]. @13-01-2022 02:02:39.0184 AM
[ReportManager] API Action [GetResponseJSONValue] successfully performed. With the following test data [title]. @13-01-2022 02:02:39.0198 AM
[ReportManager] API Action [GetResponseJSONValue] successfully performed. With the following test data [title]. @13-01-2022 02:02:39.0230 AM
[ReportManager] API Action [GetResponseJSONValue] successfully performed. With the following test data [title]. @13-01-2022 02:02:39.0249 AM
[ReportManager] API Action [GetResponseJSONValue] successfully performed. With the following test data [title]. @13-01-2022 02:02:39.0265 AM
[ReportManager] API Action [GetResponseJSONValue] successfully performed. With the following test data [title]. @13-01-2022 02:02:39.0279 AM
[ReportManager] API Action [GetResponseJSONValue] successfully performed. With the following test data [title]. @13-01-2022 02:02:39.0291 AM
[ReportManager] API Action [GetResponseJSONValue] successfully performed. With the following test data [title]. @13-01-2022 02:02:39.0302 AM
[ReportManager] API Action [GetResponseJSONValue] successfully performed. With the following test data [title]. @13-01-2022 02:02:39.0314 AM
[ReportManager] API Action [GetResponseJSONValue] successfully performed. With the following test data [title]. @13-01-2022 02:02:39.0326 AM
[ReportManager] API Action [GetResponseJSONValue] successfully performed. With the following test data [title]. @13-01-2022 02:02:39.0338 AM
[ReportManager] API Action [GetResponseJSONValue] successfully performed. With the following test data [title]. @13-01-2022 02:02:39.0351 AM
[ReportManager] API Action [GetResponseJSONValue] successfully performed. With the following test data [title]. @13-01-2022 02:02:39.0363 AM
[ReportManager] API Action [GetResponseJSONValue] successfully performed. With the following test data [title]. @13-01-2022 02:02:39.0375 AM
[ReportManager] API Action [GetResponseJSONValue] successfully performed. With the following test data [title]. @13-01-2022 02:02:39.0386 AM
[ReportManager] API Action [GetResponseJSONValue] successfully performed. With the following test data [title]. @13-01-2022 02:02:39.0397 AM
[ReportManager] API Action [GetResponseJSONValue] successfully performed. With the following test data [title]. @13-01-2022 02:02:39.0409 AM
[ReportManager] API Action [GetResponseJSONValue] successfully performed. With the following test data [title]. @13-01-2022 02:02:39.0421 AM
[ReportManager] API Action [GetResponseJSONValue] successfully performed. With the following test data [title]. @13-01-2022 02:02:39.0434 AM
[ReportManager] API Action [GetResponseJSONValue] successfully performed. With the following test data [title]. @13-01-2022 02:02:39.0447 AM
[ReportManager] API Action [GetResponseJSONValue] successfully performed. With the following test data [title]. @13-01-2022 02:02:39.0459 AM
[ReportManager] API Action [GetResponseJSONValue] successfully performed. With the following test data [title]. @13-01-2022 02:02:39.0470 AM
[ReportManager] API Action [GetResponseJSONValue] successfully performed. With the following test data [title]. @13-01-2022 02:02:39.0482 AM
[ReportManager] API Action [GetResponseJSONValue] successfully performed. With the following test data [title]. @13-01-2022 02:02:39.0494 AM
[ReportManager] API Action [GetResponseJSONValue] successfully performed. With the following test data [title]. @13-01-2022 02:02:39.0505 AM
[ReportManager] API Action [GetResponseJSONValue] successfully performed. With the following test data [title]. @13-01-2022 02:02:39.0517 AM
[ReportManager] API Action [GetResponseJSONValue] successfully performed. With the following test data [title]. @13-01-2022 02:02:39.0529 AM
[ReportManager] API Action [GetResponseJSONValue] successfully performed. With the following test data [title]. @13-01-2022 02:02:39.0540 AM
[ReportManager] API Action [GetResponseJSONValue] successfully performed. With the following test data [title]. @13-01-2022 02:02:39.0552 AM
[ReportManager] API Action [GetResponseJSONValue] successfully performed. With the following test data [title]. @13-01-2022 02:02:39.0564 AM
[ReportManager] API Action [GetResponseJSONValue] successfully performed. With the following test data [title]. @13-01-2022 02:02:39.0576 AM
[ReportManager] API Action [GetResponseJSONValue] successfully performed. With the following test data [title]. @13-01-2022 02:02:39.0587 AM
[ReportManager] API Action [GetResponseJSONValue] successfully performed. With the following test data [title]. @13-01-2022 02:02:39.0598 AM
[ReportManager] API Action [GetResponseJSONValue] successfully performed. With the following test data [title]. @13-01-2022 02:02:39.0609 AM
[ReportManager] API Action [GetResponseJSONValue] successfully performed. With the following test data [title]. @13-01-2022 02:02:39.0621 AM
[ReportManager] API Action [GetResponseJSONValue] successfully performed. With the following test data [title]. @13-01-2022 02:02:39.0635 AM
[ReportManager] API Action [GetResponseJSONValue] successfully performed. With the following test data [title]. @13-01-2022 02:02:39.0650 AM
[ReportManager] API Action [GetResponseJSONValue] successfully performed. With the following test data [title]. @13-01-2022 02:02:39.0680 AM
[ReportManager] API Action [GetResponseJSONValue] successfully performed. With the following test data [title]. @13-01-2022 02:02:39.0691 AM
[ReportManager] API Action [GetResponseJSONValue] successfully performed. With the following test data [title]. @13-01-2022 02:02:39.0703 AM
[ReportManager] API Action [GetResponseJSONValue] successfully performed. With the following test data [title]. @13-01-2022 02:02:39.0714 AM
[ReportManager] API Action [GetResponseJSONValue] successfully performed. With the following test data [title]. @13-01-2022 02:02:39.0724 AM
[ReportManager] API Action [GetResponseJSONValue] successfully performed. With the following test data [title]. @13-01-2022 02:02:39.0736 AM
[ReportManager] API Action [GetResponseJSONValue] successfully performed. With the following test data [title]. @13-01-2022 02:02:39.0746 AM
[ReportManager] API Action [GetResponseJSONValue] successfully performed. With the following test data [title]. @13-01-2022 02:02:39.0756 AM
[ReportManager] API Action [GetResponseJSONValue] successfully performed. With the following test data [title]. @13-01-2022 02:02:39.0767 AM
[ReportManager] API Action [GetResponseJSONValue] successfully performed. With the following test data [title]. @13-01-2022 02:02:39.0778 AM
[ReportManager] API Action [GetResponseJSONValue] successfully performed. With the following test data [title]. @13-01-2022 02:02:39.0789 AM
[ReportManager] API Action [GetResponseJSONValue] successfully performed. With the following test data [title]. @13-01-2022 02:02:39.0801 AM
[ReportManager] API Action [GetResponseJSONValue] successfully performed. With the following test data [title]. @13-01-2022 02:02:39.0814 AM
[ReportManager] API Action [GetResponseJSONValue] successfully performed. With the following test data [title]. @13-01-2022 02:02:39.0827 AM
[ReportManager] API Action [GetResponseJSONValue] successfully performed. With the following test data [title]. @13-01-2022 02:02:39.0839 AM
[ReportManager] API Action [GetResponseJSONValue] successfully performed. With the following test data [title]. @13-01-2022 02:02:39.0853 AM
[ReportManager] API Action [GetResponseJSONValue] successfully performed. With the following test data [title]. @13-01-2022 02:02:39.0867 AM
[ReportManager] API Action [GetResponseJSONValue] successfully performed. With the following test data [title]. @13-01-2022 02:02:39.0881 AM
[ReportManager] API Action [GetResponseJSONValue] successfully performed. With the following test data [title]. @13-01-2022 02:02:39.0894 AM
[ReportManager] API Action [GetResponseJSONValue] successfully performed. With the following test data [title]. @13-01-2022 02:02:39.0905 AM
[ReportManager] API Action [GetResponseJSONValue] successfully performed. With the following test data [title]. @13-01-2022 02:02:39.0917 AM
[ReportManager] API Action [GetResponseJSONValue] successfully performed. With the following test data [title]. @13-01-2022 02:02:39.0931 AM
[ReportManager] API Action [GetResponseJSONValue] successfully performed. With the following test data [title]. @13-01-2022 02:02:39.0943 AM
[ReportManager] API Action [GetResponseJSONValue] successfully performed. With the following test data [title]. @13-01-2022 02:02:39.0956 AM
[ReportManager] API Action [GetResponseJSONValue] successfully performed. With the following test data [title]. @13-01-2022 02:02:39.0968 AM
[ReportManager] API Action [GetResponseJSONValue] successfully performed. With the following test data [title]. @13-01-2022 02:02:39.0982 AM
[ReportManager] API Action [GetResponseJSONValue] successfully performed. With the following test data [title]. @13-01-2022 02:02:39.0996 AM
[ReportManager] API Action [GetResponseJSONValue] successfully performed. With the following test data [title]. @13-01-2022 02:02:40.0008 AM
[ReportManager] API Action [GetResponseJSONValue] successfully performed. With the following test data [title]. @13-01-2022 02:02:40.0020 AM
[ReportManager] API Action [GetResponseJSONValue] successfully performed. With the following test data [title]. @13-01-2022 02:02:40.0030 AM
[ReportManager] API Action [GetResponseJSONValue] successfully performed. With the following test data [title]. @13-01-2022 02:02:40.0042 AM
[ReportManager] API Action [GetResponseJSONValue] successfully performed. With the following test data [title]. @13-01-2022 02:02:40.0053 AM
[ReportManager] API Action [GetResponseJSONValue] successfully performed. With the following test data [title]. @13-01-2022 02:02:40.0065 AM
[ReportManager] API Action [GetResponseJSONValue] successfully performed. With the following test data [title]. @13-01-2022 02:02:40.0077 AM
[ReportManager] API Action [GetResponseJSONValue] successfully performed. With the following test data [title]. @13-01-2022 02:02:40.0089 AM
[ReportManager] API Action [GetResponseJSONValue] successfully performed. With the following test data [title]. @13-01-2022 02:02:40.0103 AM
[ReportManager] API Action [GetResponseJSONValue] successfully performed. With the following test data [title]. @13-01-2022 02:02:40.0118 AM
[ReportManager] API Action [GetResponseJSONValue] successfully performed. With the following test data [title]. @13-01-2022 02:02:40.0129 AM
[ReportManager] API Action [GetResponseJSONValue] successfully performed. With the following test data [title]. @13-01-2022 02:02:40.0140 A

################################################################################################################################################
Starting Execution:	[68 out of 161] test cases in the current suite
Test Method:		[unitTests.tests_restActions.validateUserEmail]
################################################################################################################################################
[ReportManager] Response status code: [200], status line: [HTTP/1.1 200 OK] @13-01-2022 02:02:40.0223 AM
[ReportManager] Assertion Passed: Evaluating the actual response status code against the expected one... @13-01-2022 02:02:40.0224 AM
[ReportManager] Assertion [ValidateComparativeRelation] PASSED. Expected [200] and Actual [200]. Comparison Type [EQUALS]. Validation Type [POSITIVE]. @13-01-2022 02:02:40.0224 AM
[ReportManager] API Action [PerformRequest] successfully performed. With the following test data [Request Type: "GET" | Target Status Code: "200" | Service URL: "https://jsonplaceholder.typicode.com/users" | Content Type: "*/*" | Response Time: "72ms"]. @13-01-2022 02:02:40.0245 AM
[ReportManager] Successfully created attachment [API Request - Specifications] @13-01-2022 02:02:40.0246 AM
[ReportManager] Successfully created attachment [API Response - JSON Body] @13-01-2022 02:02:40.0247 AM
[ReportManager] Assertion [ValidateEquals] PASSED. Expected and Actual values are attached. Comparison Type [CONTAINS]. Validation Type [POSITIVE]. @13-01-2022 02:02:40.0247 AM
[ReportManager] Successfully created attachment [Validation Test Data - Expected Value] @13-01-2022 02:02:40.0248 AM
[ReportManager] Successfully created attachment [Validation Test Data - Actual Value] @13-01-2022 02:02:40.0248 AM
[ReportManager] API Action [GetResponseJSONValueAsList] successfully performed. With the following test data [$]. @13-01-2022 02:02:40.0254 AM
[ReportManager] API Action [GetResponseJSONValue] successfully performed. With the following test data [name]. @13-01-2022 02:02:40.0266 AM
[ReportManager] API Action [GetResponseJSONValue] successfully performed. With the following test data [email]. @13-01-2022 02:02:40.0278 AM
[ReportManager] Assertion [ValidateEquals] PASSED. Expected [Sincere@april.biz] and Actual [Sincere@april.biz]. Comparison Type [EQUALS]. Validation Type [POSITIVE]. @13-01-2022 02:02:40.0278 AM
[ReportManager] API Action [GetResponseJSONValue] successfully performed. With the following test data [name]. @13-01-2022 02:02:40.0292 AM
[ReportManager] API Action [GetResponseJSONValue] successfully performed. With the following test data [name]. @13-01-2022 02:02:40.0305 AM
[ReportManager] API Action [GetResponseJSONValue] successfully performed. With the following test data [name]. @13-01-2022 02:02:40.0318 AM
[ReportManager] API Action [GetResponseJSONValue] successfully performed. With the following test data [name]. @13-01-2022 02:02:40.0330 AM
[ReportManager] API Action [GetResponseJSONValue] successfully performed. With the following test data [name]. @13-01-2022 02:02:40.0342 AM
[ReportManager] API Action [GetResponseJSONValue] successfully performed. With the following test data [name]. @13-01-2022 02:02:40.0353 AM
[ReportManager] API Action [GetResponseJSONValue] successfully performed. With the following test data [name]. @13-01-2022 02:02:40.0365 AM
[ReportManager] API Action [GetResponseJSONValue] successfully performed. With the following test data [name]. @13-01-2022 02:02:40.0376 AM
[ReportManager] API Action [GetResponseJSONValue] successfully performed. With the following test data [name]. @13-01-2022 02:02:40.0388 A
[ReportManager] File Action [GetAbsolutePath] successfully performed. With the following test data [Relative Folder Path: "target/downloadedFiles/"]. @13-01-2022 02:02:40.0392 AM
[ReportManager] Attempting to run locally on: [Mac-64], [Safari], Headless Execution. @13-01-2022 02:02:40.0392 AM
[ReportManager] Successfully Opened Safari. @13-01-2022 02:02:41.0298 AM
[ReportManager] Initial window size: (800, 600) @13-01-2022 02:02:41.0331 AM
[ReportManager] Window size after SWD Maximize: (1176, 803) @13-01-2022 02:02:41.0355 AM
[ReportManager] Browser Action [MaximizeWindow] successfully performed. With the following test data [New screen size is now: (1176, 803)]. @13-01-2022 02:02:41.0356 A

################################################################################################################################################
Starting Execution:	[69 out of 161] test cases in the current suite
Test Method:		[testPackage01.Test_uploadFile.uploadFile_invisibleUploadInput]
################################################################################################################################################
[ReportManager] Target URL: [https://fineuploader.com/demos.html#gallery-view] @13-01-2022 02:02:41.0398 AM
[ReportManager] Initial URL: [] @13-01-2022 02:02:41.0476 AM
[ReportManager] Browser Action [NavigateToURL] successfully performed. With the following test data [https://fineuploader.com/demos.html#gallery-view]. @13-01-2022 02:02:43.0302 AM
[ReportManager] File Action [GetAbsolutePath] successfully performed. With the following test data [Relative File Path: "src/main/resources/images/shaft.png"]. @13-01-2022 02:02:43.0302 AM
[ReportManager] Successfully created attachment [File Action Actual Result - Command Log] @13-01-2022 02:02:43.0303 AM
[ReportManager] Element Action [TypeFileLocationForUpload] successfully performed. With the following test data [/Users/runner/work/SHAFT_ENGINE/SHAFT_ENGINE/src/main/resources/images/shaft.png]. @13-01-2022 02:02:43.0357 AM
[ReportManager] Attempting to getAttribute [src] from elementLocator [By.xpath: //div[@id='fine-uploader-gallery']//div[@class='qq-thumbnail-wrapper']/img]. @13-01-2022 02:02:43.0360 AM
[ReportManager] Element Action [GetAttribute] successfully performed. @13-01-2022 02:02:43.0461 AM
[ReportManager] Successfully created attachment [Element Action Test Data - GetAttribute - Actual Value] @13-01-2022 02:02:43.0464 AM
[ReportManager] Assertion Passed: Then I Assert that the element found by [By.xpath: //div[@id='fine-uploader-gallery']//div[@class='qq-thumbnail-wrapper']/img] attribute [src] contains [data:image/png;base64]. @13-01-2022 02:02:43.0714 AM
[ReportManager] Successfully created attachment [Validation Test Data - Expected Value] @13-01-2022 02:02:43.0715 AM
[ReportManager] Successfully created attachment [Validation Test Data - Actual Value] @13-01-2022 02:02:43.0715 AM
[ReportManager] Successfully created attachment [Screenshot - 1642039363626_uploadFile_invisibleUploadInput_ValidateElementAttribute_passed] @13-01-2022 02:02:43.0717 AM
[ReportManager] Assertion [ValidateElementAttribute] PASSED. Expected and Actual values are attached. Comparison Type [CONTAINS]. Validation Type [POSITIVE]. @13-01-2022 02:02:43.0717 A
[ReportManager] Browser Action [CloseCurrentWindow] successfully performed. @13-01-2022 02:02:44.0072 AM
[ReportManager] Successfully created attachment [Browser Action Test Data - CloseCurrentWindow - Actual Value] @13-01-2022 02:02:44.0073 A
[ReportManager] File Action [GetAbsolutePath] successfully performed. With the following test data [Relative Folder Path: "target/downloadedFiles/"]. @13-01-2022 02:02:44.0077 AM
[ReportManager] Attempting to run locally on: [Mac-64], [Safari], Headless Execution. @13-01-2022 02:02:44.0078 AM
[ReportManager] Successfully Opened Safari. @13-01-2022 02:02:45.0040 AM
[ReportManager] Initial window size: (800, 600) @13-01-2022 02:02:45.0054 AM
[ReportManager] Window size after SWD Maximize: (1176, 803) @13-01-2022 02:02:45.0090 AM
[ReportManager] Browser Action [MaximizeWindow] successfully performed. With the following test data [New screen size is now: (1176, 803)]. @13-01-2022 02:02:45.0090 A

################################################################################################################################################
Starting Execution:	[70 out of 161] test cases in the current suite
Test Method:		[testPackage01.Test_uploadFile.uploadFile_visibleUploadInput]
################################################################################################################################################
[ReportManager] Target URL: [http://demo.guru99.com/test/upload/] @13-01-2022 02:02:45.0093 AM
[ReportManager] Initial URL: [] @13-01-2022 02:02:45.0177 AM
[ReportManager] Browser Action [CheckNavigationWasSuccesssful] failed. With the following test data [Waited for 30 seconds to navigate to [http://demo.guru99.com/test/upload/] but ended up with [https://demo.guru99.com/test/upload/].]. @13-01-2022 02:03:18.0045 A
[ReportManager] Browser Action [CloseCurrentWindow] successfully performed. @13-01-2022 02:03:18.0410 AM
[ReportManager] Successfully created attachment [Browser Action Test Data - CloseCurrentWindow - Actual Value] @13-01-2022 02:03:18.0410 A

################################################################################################################################################
Starting Execution:	[71 out of 161] test cases in the current suite
Test Method:		[testPackage01.Test_AssertApiResponseEquals.assertApiResponseEquals_expectedToPass]
################################################################################################################################################
[ReportManager] Response status code: [200], status line: [HTTP/1.1 200 OK] @13-01-2022 02:03:18.0482 AM
[ReportManager] Assertion Passed: Evaluating the actual response status code against the expected one... @13-01-2022 02:03:18.0482 AM
[ReportManager] Assertion [ValidateComparativeRelation] PASSED. Expected [200] and Actual [200]. Comparison Type [EQUALS]. Validation Type [POSITIVE]. @13-01-2022 02:03:18.0482 AM
[ReportManager] API Action [PerformRequest] successfully performed. With the following test data [Request Type: "GET" | Target Status Code: "200" | Service URL: "https://jsonplaceholder.typicode.com/users" | Content Type: "*/*" | Response Time: "62ms"]. @13-01-2022 02:03:18.0506 AM
[ReportManager] Successfully created attachment [API Request - Specifications] @13-01-2022 02:03:18.0506 AM
[ReportManager] Successfully created attachment [API Response - JSON Body] @13-01-2022 02:03:18.0507 AM
[ReportManager] API Action [GetResponseJSONValueAsList] successfully performed. With the following test data [$]. @13-01-2022 02:03:18.0515 AM
[ReportManager] API Action [GetResponseJSONValue] successfully performed. With the following test data [name]. @13-01-2022 02:03:18.0533 AM
[ReportManager] API Action [GetResponseJSONValue] successfully performed. With the following test data [email]. @13-01-2022 02:03:18.0569 AM
[ReportManager] Verification [ValidateEquals] PASSED. Expected [Sincere@april.biz] and Actual [Sincere@april.biz]. Comparison Type [EQUALS]. Validation Type [POSITIVE]. @13-01-2022 02:03:18.0569 AM
[ReportManager] API Action [GetResponseJSONValue] successfully performed. With the following test data [username]. @13-01-2022 02:03:18.0584 AM
[ReportManager] Assertion [ValidateEquals] PASSED. Expected [Bret] and Actual [Bret]. Comparison Type [EQUALS]. Validation Type [POSITIVE]. @13-01-2022 02:03:18.0584 AM
[ReportManager] API Action [GetResponseJSONValue] successfully performed. With the following test data [name]. @13-01-2022 02:03:18.0600 AM
[ReportManager] API Action [GetResponseJSONValue] successfully performed. With the following test data [name]. @13-01-2022 02:03:18.0616 AM
[ReportManager] API Action [GetResponseJSONValue] successfully performed. With the following test data [name]. @13-01-2022 02:03:18.0631 AM
[ReportManager] API Action [GetResponseJSONValue] successfully performed. With the following test data [name]. @13-01-2022 02:03:18.0645 AM
[ReportManager] API Action [GetResponseJSONValue] successfully performed. With the following test data [name]. @13-01-2022 02:03:18.0660 AM
[ReportManager] API Action [GetResponseJSONValue] successfully performed. With the following test data [name]. @13-01-2022 02:03:18.0681 AM
[ReportManager] API Action [GetResponseJSONValue] successfully performed. With the following test data [name]. @13-01-2022 02:03:18.0694 AM
[ReportManager] API Action [GetResponseJSONValue] successfully performed. With the following test data [name]. @13-01-2022 02:03:18.0708 AM
[ReportManager] API Action [GetResponseJSONValue] successfully performed. With the following test data [name]. @13-01-2022 02:03:18.0726 A
[ReportManager] File Action [GetAbsolutePath] successfully performed. With the following test data [Relative Folder Path: "target/downloadedFiles/"]. @13-01-2022 02:03:18.0729 AM
[ReportManager] Attempting to run locally on: [Mac-64], [Safari], Headless Execution. @13-01-2022 02:03:18.0730 AM
[ReportManager] Successfully Opened Safari. @13-01-2022 02:03:19.0741 AM
[ReportManager] Initial window size: (800, 600) @13-01-2022 02:03:19.0747 AM
[ReportManager] Window size after SWD Maximize: (1176, 803) @13-01-2022 02:03:19.0794 AM
[ReportManager] Browser Action [MaximizeWindow] successfully performed. With the following test data [New screen size is now: (1176, 803)]. @13-01-2022 02:03:19.0795 AM
[ReportManager] Target URL: [http://the-internet.herokuapp.com/javascript_alerts] @13-01-2022 02:03:19.0795 AM
[ReportManager] Initial URL: [] @13-01-2022 02:03:19.0909 AM
[ReportManager] Browser Action [NavigateToURL] successfully performed. With the following test data [http://the-internet.herokuapp.com/javascript_alerts]. @13-01-2022 02:03:20.0864 A

################################################################################################################################################
Starting Execution:	[72 out of 161] test cases in the current suite
Test Method:		[testPackage01.TestJSPromptBox.dismissAlert]
################################################################################################################################################
[ReportManager] Element Action [Click] successfully performed. With the following test data [By.xpath: //button[contains(text(),'Click for JS Prompt')]]. @13-01-2022 02:03:21.0251 AM
[ReportManager] Alert is present @13-01-2022 02:03:21.0273 AM
[ReportManager] Element Action [DismissAlert] successfully performed. @13-01-2022 02:03:21.0291 A

################################################################################################################################################
Starting Execution:	[73 out of 161] test cases in the current suite
Test Method:		[testPackage01.TestJSPromptBox.assertOnCancelAlertResultText]
################################################################################################################################################
[ReportManager] Element Action [GetText] successfully performed. With the following test data [You entered: null]. @13-01-2022 02:03:21.0472 AM
[ReportManager] Assertion Passed: Then I Assert that the element found by [By.id: result] attribute [TEXT] is equal to [You entered: null]. @13-01-2022 02:03:21.0661 AM
[ReportManager] Successfully created attachment [Screenshot - 1642039401590_assertOnCancelAlertResultText_ValidateElementAttribute_passed] @13-01-2022 02:03:21.0662 AM
[ReportManager] Assertion [ValidateElementAttribute] PASSED. Expected [Value Should be 'You entered: null' for the 'text' attribute, element locator 'By.id: result'] and Actual [You entered: null]. Comparison Type [EQUALS]. Validation Type [POSITIVE]. @13-01-2022 02:03:21.0662 A

################################################################################################################################################
Starting Execution:	[74 out of 161] test cases in the current suite
Test Method:		[testPackage01.TestJSPromptBox.getAlertText]
################################################################################################################################################
[ReportManager] Element Action [Click] successfully performed. With the following test data [By.xpath: //button[contains(text(),'Click for JS Prompt')]]. @13-01-2022 02:03:21.0866 AM
[ReportManager] Alert is present @13-01-2022 02:03:21.0885 AM
[ReportManager] Alert Text is: [I am a JS prompt] @13-01-2022 02:03:21.0895 AM
[ReportManager] Element Action [GetAlertText] successfully performed. @13-01-2022 02:03:21.0896 AM
[ReportManager] Alert text is: [I am a JS prompt] @13-01-2022 02:03:21.0896 AM
[ReportManager] Alert is present @13-01-2022 02:03:21.0904 AM
[ReportManager] Alert Text is: [I am a JS prompt] @13-01-2022 02:03:22.0039 AM
[ReportManager] Element Action [GetAlertText] successfully performed. @13-01-2022 02:03:22.0039 AM
[ReportManager] Assertion Passed: Then I Assert that [I am a JS prompt] is equal to [I am a JS prompt]. @13-01-2022 02:03:22.0040 AM
[ReportManager] Assertion [ValidateEquals] PASSED. Expected [I am a JS prompt] and Actual [I am a JS prompt]. Comparison Type [EQUALS]. Validation Type [POSITIVE]. @13-01-2022 02:03:22.0040 A

################################################################################################################################################
Starting Execution:	[75 out of 161] test cases in the current suite
Test Method:		[testPackage01.TestJSPromptBox.acceptPromptAlertWithoutTypingTextMessage]
################################################################################################################################################
[ReportManager] Alert is not present @13-01-2022 02:03:52.0062 AM
[ReportManager] Element Action [WaitForAlertToBePresent] failed. @13-01-2022 02:03:52.0263 AM
[ReportManager] Successfully created attachment [Screenshot - 1642039432086_acceptPromptAlertWithoutTypingTextMessage_WaitForAlertToBePresent_failed] @13-01-2022 02:03:52.0345 A

################################################################################################################################################
Starting Execution:	[76 out of 161] test cases in the current suite
Test Method:		[testPackage01.TestJSPromptBox.assertOnConfirmPromptAlertWithoutTypingTextMessageResultText]
###############################################################################################################################################

################################################################################################################################################
Starting Execution:	[77 out of 161] test cases in the current suite
Test Method:		[testPackage01.TestJSPromptBox.acceptPromptAlertWithTextMessage]
###############################################################################################################################################

################################################################################################################################################
Starting Execution:	[78 out of 161] test cases in the current suite
Test Method:		[testPackage01.TestJSPromptBox.assertOnConfirmPromptAlertWithTextMessageResultText]
###############################################################################################################################################
[ReportManager] Browser Action [CloseCurrentWindow] successfully performed. @13-01-2022 02:03:52.0947 AM
[ReportManager] Successfully created attachment [Browser Action Test Data - CloseCurrentWindow - Actual Value] @13-01-2022 02:03:52.0988 A

################################################################################################################################################
Starting Execution:	[79 out of 161] test cases in the current suite
Test Method:		[testPackage01.Test_testData.f]
################################################################################################################################################
[ReportManager] Successfully loaded the following test data file [src/test/resources/testDataFiles/testSuite01/TestData.xlsx]. @13-01-2022 02:03:53.0126 AM
[ReportManager] Successfully created attachment [Test Data - Excel] @13-01-2022 02:03:53.0168 AM
[ReportManager] Last Column Number is: [3]. Zero-based. @13-01-2022 02:03:53.0169 A

################################################################################################################################################
Starting Execution:	[80 out of 161] test cases in the current suite
Test Method:		[testPackage01.Test_PDF.testPDF1]
################################################################################################################################################
[ReportManager] File Action [DoesFileExist] successfully performed. With the following test data [File Path: "src/test/resources/testDataFiles/sample.pdf"]. @13-01-2022 02:03:53.0356 AM
[ReportManager] File Action [GetAbsolutePath] successfully performed. With the following test data [Relative Folder Path: "src/test/resources/testDataFiles/sample.pdf"]. @13-01-2022 02:03:53.0357 AM
[ReportManager] Assertion Passed: Checking to see that the pdf file contains [A Simple PDF File] @13-01-2022 02:05:56.0035 AM
[ReportManager] Successfully created attachment [Validation Test Data - Expected Value] @13-01-2022 02:05:56.0161 AM
[ReportManager] Successfully created attachment [Validation Test Data - Actual Value] @13-01-2022 02:05:56.0284 AM
[ReportManager] Assertion [ValidateEquals] PASSED. Expected and Actual values are attached. Comparison Type [CONTAINS]. Validation Type [POSITIVE]. @13-01-2022 02:05:56.0285 A

################################################################################################################################################
Starting Execution:	[81 out of 161] test cases in the current suite
Test Method:		[testPackage01.Test_PDF.testPDF2]
################################################################################################################################################
[ReportManager] File Action [DoesFileExist] successfully performed. With the following test data [File Path: "src/test/resources/testDataFiles/sample.pdf"]. @13-01-2022 02:05:56.0733 AM
[ReportManager] File Action [GetAbsolutePath] successfully performed. With the following test data [Relative Folder Path: "src/test/resources/testDataFiles/sample.pdf"]. @13-01-2022 02:05:56.0733 AM
[ReportManager] Assertion Passed: Checking to see that the pdf file contains [A Simple PDF File] @13-01-2022 02:05:56.0751 AM
[ReportManager] Successfully created attachment [Validation Test Data - Expected Value] @13-01-2022 02:05:56.0813 AM
[ReportManager] Successfully created attachment [Validation Test Data - Actual Value] @13-01-2022 02:05:56.0935 AM
[ReportManager] Assertion [ValidateEquals] PASSED. Expected and Actual values are attached. Comparison Type [CONTAINS]. Validation Type [POSITIVE]. @13-01-2022 02:05:56.0935 A
[ReportManager] File Action [GetAbsolutePath] successfully performed. With the following test data [Relative Folder Path: "target/downloadedFiles/"]. @13-01-2022 02:05:57.0302 AM
[ReportManager] Attempting to run locally on: [Mac-64], [Safari], Headless Execution. @13-01-2022 02:05:57.0303 AM
[ReportManager] An Exception Occured with this Message: Could not start a new session. Possible causes are invalid address of the remote server or browser start-up failure.. @13-01-2022 02:05:57.0372 AM
[ReportManager] Successfully created attachment [Exception Stack Trace - org.openqa.selenium.SessionNotCreatedException] @13-01-2022 02:05:57.0504 AM
[ReportManager] Driver Factory Action [createNewLocalDriverInstanceForSafari] failed. With the following test data [Failed to create a session on DESKTOP_SAFARI]. @13-01-2022 02:05:57.0505 A

################################################################################################################################################
Starting Execution:	[82 out of 161] test cases in the current suite
Test Method:		[testPackage01.Test_ShadowDOM.shadowdom]
###############################################################################################################################################

[ReportManager] File Action [GetAbsolutePath] successfully performed. With the following test data [Relative Folder Path: "target/downloadedFiles/"]. @13-01-2022 02:05:58.0600 AM
[ReportManager] Attempting to run locally on: [Mac-64], [Safari], Headless Execution. @13-01-2022 02:05:58.0600 AM
[ReportManager] Successfully Opened Safari. @13-01-2022 02:05:59.0376 AM
[ReportManager] Initial window size: (800, 600) @13-01-2022 02:05:59.0405 AM
[ReportManager] Window size after SWD Maximize: (1176, 803) @13-01-2022 02:05:59.0422 AM
[ReportManager] Browser Action [MaximizeWindow] successfully performed. With the following test data [New screen size is now: (1176, 803)]. @13-01-2022 02:05:59.0422 A

################################################################################################################################################
Starting Execution:	[83 out of 161] test cases in the current suite
Test Method:		[testPackage01.Test_clipboardActions.typeTextAndCopyPaste]
################################################################################################################################################
[ReportManager] Target URL: [https://www.google.com/ncr], and after redirection: [https://www.google.com] @13-01-2022 02:05:59.0473 AM
[ReportManager] Initial URL: [] @13-01-2022 02:05:59.0513 AM
[ReportManager] Browser Action [NavigateToURL] successfully performed. With the following test data [https://www.google.com/ncr]. @13-01-2022 02:06:01.0337 AM
[ReportManager] Element Action [Type] successfully performed. With the following test data [FIRST]. @13-01-2022 02:06:01.0757 A
[ReportManager] Browser Action [CloseCurrentWindow] successfully performed. @13-01-2022 02:06:02.0350 AM
[ReportManager] Successfully created attachment [Browser Action Test Data - CloseCurrentWindow - Actual Value] @13-01-2022 02:06:02.0393 A
[ReportManager] File Action [GetAbsolutePath] successfully performed. With the following test data [Relative Folder Path: "target/downloadedFiles/"]. @13-01-2022 02:06:02.0477 AM
[ReportManager] Attempting to run locally on: [Mac-64], [Safari], Headless Execution. @13-01-2022 02:06:02.0477 AM
[ReportManager] Successfully Opened Safari. @13-01-2022 02:06:03.0434 AM
[ReportManager] Initial window size: (800, 600) @13-01-2022 02:06:03.0454 AM
[ReportManager] Window size after SWD Maximize: (1176, 803) @13-01-2022 02:06:03.0504 AM
[ReportManager] Browser Action [MaximizeWindow] successfully performed. With the following test data [New screen size is now: (1176, 803)]. @13-01-2022 02:06:03.0505 AM
[ReportManager] Target URL: [http://the-internet.herokuapp.com/javascript_alerts] @13-01-2022 02:06:03.0505 AM
[ReportManager] Initial URL: [] @13-01-2022 02:06:03.0560 AM
[ReportManager] Browser Action [NavigateToURL] successfully performed. With the following test data [http://the-internet.herokuapp.com/javascript_alerts]. @13-01-2022 02:06:04.0534 A

################################################################################################################################################
Starting Execution:	[84 out of 161] test cases in the current suite
Test Method:		[testPackage01.TestJSAlertBox.getJSAlertText]
################################################################################################################################################
[ReportManager] Element Action [Click] successfully performed. With the following test data [By.xpath: //button[contains(text(),'Click for JS Alert')]]. @13-01-2022 02:06:04.0858 AM
[ReportManager] Alert is present @13-01-2022 02:06:04.0876 AM
[ReportManager] Alert Text is: [I am a JS Alert] @13-01-2022 02:06:04.0888 AM
[ReportManager] Element Action [GetAlertText] successfully performed. @13-01-2022 02:06:04.0889 AM
[ReportManager] Alert text is: [I am a JS Alert] @13-01-2022 02:06:04.0890 AM
[ReportManager] Alert is present @13-01-2022 02:06:04.0900 AM
[ReportManager] Alert Text is: [I am a JS Alert] @13-01-2022 02:06:04.0910 AM
[ReportManager] Element Action [GetAlertText] successfully performed. @13-01-2022 02:06:04.0911 AM
[ReportManager] Assertion Passed: Then I Assert that [I am a JS Alert] is equal to [I am a JS Alert]. @13-01-2022 02:06:04.0911 AM
[ReportManager] Assertion [ValidateEquals] PASSED. Expected [I am a JS Alert] and Actual [I am a JS Alert]. Comparison Type [EQUALS]. Validation Type [POSITIVE]. @13-01-2022 02:06:04.0911 A

################################################################################################################################################
Starting Execution:	[85 out of 161] test cases in the current suite
Test Method:		[testPackage01.TestJSAlertBox.acceptAlert]
################################################################################################################################################
[ReportManager] Alert is not present @13-01-2022 02:06:35.0280 AM
[ReportManager] Element Action [WaitForAlertToBePresent] failed. @13-01-2022 02:06:35.0452 AM
[ReportManager] Successfully created attachment [Screenshot - 1642039595307_acceptAlert_WaitForAlertToBePresent_failed] @13-01-2022 02:06:35.0536 A

################################################################################################################################################
Starting Execution:	[86 out of 161] test cases in the current suite
Test Method:		[testPackage01.TestJSAlertBox.assertOnConfirmAlertResultText]
###############################################################################################################################################
[ReportManager] Browser Action [CloseCurrentWindow] successfully performed. @13-01-2022 02:06:36.0236 AM
[ReportManager] Successfully created attachment [Browser Action Test Data - CloseCurrentWindow - Actual Value] @13-01-2022 02:06:36.0277 A
[ReportManager] File Action [GetAbsolutePath] successfully performed. With the following test data [Relative Folder Path: "target/downloadedFiles/"]. @13-01-2022 02:06:36.0362 AM
[ReportManager] Attempting to run locally on: [Mac-64], [Safari], Headless Execution. @13-01-2022 02:06:36.0362 AM
[ReportManager] Successfully Opened Safari. @13-01-2022 02:06:37.0347 AM
[ReportManager] Initial window size: (800, 600) @13-01-2022 02:06:37.0374 AM
[ReportManager] Window size after SWD Maximize: (1176, 803) @13-01-2022 02:06:37.0473 AM
[ReportManager] Browser Action [MaximizeWindow] successfully performed. With the following test data [New screen size is now: (1176, 803)]. @13-01-2022 02:06:37.0473 AM
[ReportManager] Target URL: [http://the-internet.herokuapp.com/javascript_alerts] @13-01-2022 02:06:37.0473 AM
[ReportManager] Initial URL: [] @13-01-2022 02:06:37.0613 AM
[ReportManager] Browser Action [NavigateToURL] successfully performed. With the following test data [http://the-internet.herokuapp.com/javascript_alerts]. @13-01-2022 02:06:38.0585 A

################################################################################################################################################
Starting Execution:	[87 out of 161] test cases in the current suite
Test Method:		[testPackage01.TestJSConfirmBox.dismissAlert]
################################################################################################################################################
[ReportManager] Element Action [Click] successfully performed. With the following test data [By.xpath: //button[contains(text(),'Click for JS Confirm')]]. @13-01-2022 02:06:38.0862 AM
[ReportManager] Alert is present @13-01-2022 02:06:38.0881 AM
[ReportManager] Element Action [DismissAlert] successfully performed. @13-01-2022 02:06:38.0891 A

################################################################################################################################################
Starting Execution:	[88 out of 161] test cases in the current suite
Test Method:		[testPackage01.TestJSConfirmBox.assertOnCancelAlertResultText]
################################################################################################################################################
[ReportManager] Element Action [GetText] successfully performed. With the following test data [You clicked: Cancel]. @13-01-2022 02:06:39.0118 AM
[ReportManager] Assertion Passed: Then I Assert that the element found by [By.id: result] attribute [TEXT] is equal to [You clicked: Cancel]. @13-01-2022 02:06:39.0477 AM
[ReportManager] Successfully created attachment [Screenshot - 1642039599270_assertOnCancelAlertResultText_ValidateElementAttribute_passed] @13-01-2022 02:06:39.0561 AM
[ReportManager] Assertion [ValidateElementAttribute] PASSED. Expected [Value Should be 'You clicked: Cancel' for the 'text' attribute, element locator 'By.id: result'] and Actual [You clicked: Cancel]. Comparison Type [EQUALS]. Validation Type [POSITIVE]. @13-01-2022 02:06:39.0561 A

################################################################################################################################################
Starting Execution:	[89 out of 161] test cases in the current suite
Test Method:		[testPackage01.TestJSConfirmBox.getAlertText]
################################################################################################################################################
[ReportManager] Element Action [Click] successfully performed. With the following test data [By.xpath: //button[contains(text(),'Click for JS Confirm')]]. @13-01-2022 02:06:39.0879 AM
[ReportManager] Alert is present @13-01-2022 02:06:39.0885 AM
[ReportManager] Alert Text is: [I am a JS Confirm] @13-01-2022 02:06:39.0891 AM
[ReportManager] Element Action [GetAlertText] successfully performed. @13-01-2022 02:06:39.0891 AM
[ReportManager] Alert text is: [I am a JS Confirm] @13-01-2022 02:06:39.0891 AM
[ReportManager] Alert is present @13-01-2022 02:06:39.0897 AM
[ReportManager] Alert Text is: [I am a JS Confirm] @13-01-2022 02:06:39.0917 AM
[ReportManager] Element Action [GetAlertText] successfully performed. @13-01-2022 02:06:39.0918 AM
[ReportManager] Assertion Passed: Then I Assert that [I am a JS Confirm] is equal to [I am a JS Confirm]. @13-01-2022 02:06:39.0918 AM
[ReportManager] Assertion [ValidateEquals] PASSED. Expected [I am a JS Confirm] and Actual [I am a JS Confirm]. Comparison Type [EQUALS]. Validation Type [POSITIVE]. @13-01-2022 02:06:39.0918 A

################################################################################################################################################
Starting Execution:	[90 out of 161] test cases in the current suite
Test Method:		[testPackage01.TestJSConfirmBox.acceptAlert]
################################################################################################################################################
[ReportManager] Alert is not present @13-01-2022 02:07:10.0270 AM
[ReportManager] Element Action [WaitForAlertToBePresent] failed. @13-01-2022 02:07:10.0437 AM
[ReportManager] Successfully created attachment [Screenshot - 1642039630295_acceptAlert_WaitForAlertToBePresent_failed] @13-01-2022 02:07:10.0439 A

################################################################################################################################################
Starting Execution:	[91 out of 161] test cases in the current suite
Test Method:		[testPackage01.TestJSConfirmBox.assertOnConfirmAlertResultText]
###############################################################################################################################################
[ReportManager] Browser Action [CloseCurrentWindow] successfully performed. @13-01-2022 02:07:10.0655 AM
[ReportManager] Successfully created attachment [Browser Action Test Data - CloseCurrentWindow - Actual Value] @13-01-2022 02:07:10.0656 A

################################################################################################################################################
Starting Execution:	[92 out of 161] test cases in the current suite
Test Method:		[testPackage01.Test_NewValidationHelper.f1]
################################################################################################################################################
[ReportManager] Assertion Passed: Checking valid user data @13-01-2022 02:07:10.0663 AM
[ReportManager] Successfully created attachment [Validation Test Data - Expected Value] @13-01-2022 02:07:10.0664 AM
[ReportManager] Successfully created attachment [Validation Test Data - Actual Value] @13-01-2022 02:07:10.0664 AM
[ReportManager] Assertion [ValidateEquals] PASSED. Expected and Actual values are attached. Comparison Type [EQUALS]. Validation Type [POSITIVE]. @13-01-2022 02:07:10.0664 A
[ReportManager] File Action [GetAbsolutePath] successfully performed. With the following test data [Relative Folder Path: "target/downloadedFiles/"]. @13-01-2022 02:07:10.0668 AM
[ReportManager] Attempting to run locally on: [Mac-64], [Safari], Headless Execution. @13-01-2022 02:07:10.0669 AM
[ReportManager] Successfully Opened Safari. @13-01-2022 02:07:11.0683 AM
[ReportManager] Initial window size: (800, 600) @13-01-2022 02:07:11.0691 AM
[ReportManager] Window size after SWD Maximize: (1176, 803) @13-01-2022 02:07:11.0957 AM
[ReportManager] Browser Action [MaximizeWindow] successfully performed. With the following test data [New screen size is now: (1176, 803)]. @13-01-2022 02:07:11.0958 AM
[ReportManager] Target URL: [https://the-internet.herokuapp.com/] @13-01-2022 02:07:11.0958 AM
[ReportManager] Initial URL: [] @13-01-2022 02:07:12.0114 AM
[ReportManager] Browser Action [NavigateToURL] successfully performed. With the following test data [https://the-internet.herokuapp.com/]. @13-01-2022 02:07:14.0082 A

################################################################################################################################################
Starting Execution:	[93 out of 161] test cases in the current suite
Test Method:		[testPackage01.Test_NewValidationHelper.f10]
################################################################################################################################################
[ReportManager] Assertion [ValidateElementExists] FAILED. Expected [Element Should Exist, locator 'By.tagName: div'] and Actual [Element Exists but is not unique]. Comparison Type [EQUALS]. Validation Type [POSITIVE]. @13-01-2022 02:07:14.0811 AM
[ReportManager] Successfully created attachment [Screenshot - 1642039634605_f10_ValidateElementExists_failed] @13-01-2022 02:07:14.0823 A
[ReportManager] Successfully Closed All Drivers. @13-01-2022 02:07:15.0029 A
[ReportManager] File Action [GetAbsolutePath] successfully performed. With the following test data [Relative Folder Path: "target/downloadedFiles/"]. @13-01-2022 02:07:15.0031 AM
[ReportManager] Attempting to run locally on: [Mac-64], [Safari], Headless Execution. @13-01-2022 02:07:15.0031 AM
[ReportManager] Successfully Opened Safari. @13-01-2022 02:07:16.0107 AM
[ReportManager] Initial window size: (800, 600) @13-01-2022 02:07:16.0196 AM
[ReportManager] Window size after SWD Maximize: (1176, 803) @13-01-2022 02:07:16.0315 AM
[ReportManager] Browser Action [MaximizeWindow] successfully performed. With the following test data [New screen size is now: (1176, 803)]. @13-01-2022 02:07:16.0316 AM
[ReportManager] Target URL: [https://the-internet.herokuapp.com/] @13-01-2022 02:07:16.0316 AM
[ReportManager] Initial URL: [] @13-01-2022 02:07:16.0373 AM
[ReportManager] Browser Action [NavigateToURL] successfully performed. With the following test data [https://the-internet.herokuapp.com/]. @13-01-2022 02:07:17.0727 A

################################################################################################################################################
Starting Execution:	[94 out of 161] test cases in the current suite
Test Method:		[testPackage01.Test_NewValidationHelper.f11]
################################################################################################################################################
[ReportManager] org.openqa.selenium.TimeoutException:
Expected condition failed: waiting for com.shaft.gui.element.ElementActionsHelper$$Lambda$641/0x000000080112ba30@78964a74 (tried for 5 second(s) with 1000 milliseconds interval)
org.openqa.selenium.support.ui.FluentWait.timeoutException(FluentWait.java:263)
org.openqa.selenium.support.ui.FluentWait.until(FluentWait.java:231)
com.shaft.gui.element.ElementActionsHelper.waitForElementPresence(ElementActionsHelper.java:89)
com.shaft.gui.element.ElementActionsHelper.waitForElementPresence(ElementActionsHelper.java:37)
com.shaft.gui.element.WebDriverElementActions.getMatchingElementsCount(WebDriverElementActions.java:1481)
com.shaft.gui.element.WebDriverElementActions.getElementsCount(WebDriverElementActions.java:561)
com.shaft.gui.element.ElementActions.getElementsCount(ElementActions.java:269)
com.shaft.validation.ValidationsHelper.validateElementExists(ValidationsHelper.java:149)
com.shaft.validation.Assertions.assertElementExists(Assertions.java:118)
testPackage01.Test_NewValidationHelper.f11(Test_NewValidationHelper.java:137)
java.base/jdk.internal.reflect.NativeMethodAccessorImpl.invoke0(Native Method)
java.base/jdk.internal.reflect.NativeMethodAccessorImpl.invoke(NativeMethodAccessorImpl.java:77)
java.base/jdk.internal.reflect.DelegatingMethodAccessorImpl.invoke(DelegatingMethodAccessorImpl.java:43)
java.base/java.lang.reflect.Method.invoke(Method.java:568)
org.testng.internal.invokers.MethodInvocationHelper.invokeMethod(MethodInvocationHelper.java:135)
org.testng.internal.invokers.TestInvoker.invokeMethod(TestInvoker.java:673)
org.testng.internal.invokers.TestInvoker.invokeTestMethod(TestInvoker.java:220)
org.testng.internal.invokers.MethodRunner.runInSequence(MethodRunner.java:50)
org.testng.internal.invokers.TestInvoker$MethodInvocationAgent.invoke(TestInvoker.java:945)
org.testng.internal.invokers.TestInvoker.invokeTestMethods(TestInvoker.java:193)
org.testng.internal.invokers.TestMethodWorker.invokeTestMethods(TestMethodWorker.java:146)
org.testng.internal.invokers.TestMethodWorker.run(TestMethodWorker.java:128)
java.base/java.util.ArrayList.forEach(ArrayList.java:1511)
org.testng.TestRunner.privateRun(TestRunner.java:808)
org.testng.TestRunner.run(TestRunner.java:603)
org.testng.SuiteRunner.runTest(SuiteRunner.java:429)
org.testng.SuiteRunner.runSequentially(SuiteRunner.java:423)
org.testng.SuiteRunner.privateRun(SuiteRunner.java:383)
org.testng.SuiteRunner.run(SuiteRunner.java:326)
org.testng.SuiteRunnerWorker.runSuite(SuiteRunnerWorker.java:52)
org.testng.SuiteRunnerWorker.run(SuiteRunnerWorker.java:95)
org.testng.TestNG.runSuitesSequentially(TestNG.java:1249)
org.testng.TestNG.runSuitesLocally(TestNG.java:1169)
org.testng.TestNG.runSuites(TestNG.java:1092)
org.testng.TestNG.run(TestNG.java:1060)
org.apache.maven.surefire.testng.TestNGExecutor.run(TestNGExecutor.java:136)
org.apache.maven.surefire.testng.TestNGDirectoryTestSuite.executeMulti(TestNGDirectoryTestSuite.java:193)
org.apache.maven.surefire.testng.TestNGDirectoryTestSuite.execute(TestNGDirectoryTestSuite.java:94)
org.apache.maven.surefire.testng.TestNGProvider.invoke(TestNGProvider.java:145)
org.apache.maven.surefire.booter.ForkedBooter.runSuitesInProcess(ForkedBooter.java:428)
org.apache.maven.surefire.booter.ForkedBooter.execute(ForkedBooter.java:162)
org.apache.maven.surefire.booter.ForkedBooter.run(ForkedBooter.java:562)
org.apache.maven.surefire.booter.ForkedBooter.main(ForkedBooter.java:548)

Caused by: org.openqa.selenium.NoSuchElementException:
For documentation on this error, please visit: https://selenium.dev/exceptions/#no_such_element
Build info: version: '4.1.1', revision: 'e8fcc2cecf'
System info: host: 'Mac-1642039174422.local', ip: '10.212.6.102', os.name: 'Mac OS X', os.arch: 'x86_64', os.version: '11.5', java.version: '17.0.1'
Driver info: org.openqa.selenium.safari.SafariDriver
Command: [864B9C39-A1F0-4F01-8BBD-CC0257234556, findElement {using=tag name, value=h3}]
Capabilities {acceptInsecureCerts: false, browserName: Safari, browserVersion: 15.2, goog:loggingPrefs: {browser: ALL, client: ALL, driver: ALL, performance: ALL, profiler: ALL, server: ALL}, javascriptEnabled: true, pageLoadStrategy: normal, platform: MAC, platformName: MAC, safari:automaticInspection: false, safari:automaticProfiling: false, safari:diagnose: false, safari:platformBuildVersion: 20G314, safari:platformVersion: 11.6.2, safari:useSimulator: false, setWindowRect: true, strictFileInteractability: false, timeouts: {pageLoad: 30000, script: 30000}, webkit:WebRTC: {DisableICECandidateFiltering: false, DisableInsecureMediaCapture: false}}
Session ID: 864B9C39-A1F0-4F01-8BBD-CC0257234556
java.base/jdk.internal.reflect.NativeConstructorAccessorImpl.newInstance0(Native Method)
java.base/jdk.internal.reflect.NativeConstructorAccessorImpl.newInstance(NativeConstructorAccessorImpl.java:77)
java.base/jdk.internal.reflect.DelegatingConstructorAccessorImpl.newInstance(DelegatingConstructorAccessorImpl.java:45)
java.base/java.lang.reflect.Constructor.newInstanceWithCaller(Constructor.java:499)
java.base/java.lang.reflect.Constructor.newInstance(Constructor.java:480)
org.openqa.selenium.remote.codec.w3c.W3CHttpResponseCodec.createException(W3CHttpResponseCodec.java:200)
org.openqa.selenium.remote.codec.w3c.W3CHttpResponseCodec.decode(W3CHttpResponseCodec.java:133)
org.openqa.selenium.remote.codec.w3c.W3CHttpResponseCodec.decode(W3CHttpResponseCodec.java:53)
org.openqa.selenium.remote.HttpCommandExecutor.execute(HttpCommandExecutor.java:184)
org.openqa.selenium.remote.service.DriverCommandExecutor.invokeExecute(DriverCommandExecutor.java:167)
org.openqa.selenium.remote.service.DriverCommandExecutor.execute(DriverCommandExecutor.java:142)
org.openqa.selenium.remote.RemoteWebDriver.execute(RemoteWebDriver.java:543)
org.openqa.selenium.remote.ElementLocation$ElementFinder$2.findElement(ElementLocation.java:162)
org.openqa.selenium.remote.ElementLocation.findElement(ElementLocation.java:60)
org.openqa.selenium.remote.RemoteWebDriver.findElement(RemoteWebDriver.java:367)
org.openqa.selenium.remote.RemoteWebDriver.findElement(RemoteWebDriver.java:359)
com.shaft.gui.element.ElementActionsHelper.lambda$waitForElementPresence$0(ElementActionsHelper.java:92)
org.openqa.selenium.support.ui.FluentWait.until(FluentWait.java:208)
com.shaft.gui.element.ElementActionsHelper.waitForElementPresence(ElementActionsHelper.java:89)
com.shaft.gui.element.ElementActionsHelper.waitForElementPresence(ElementActionsHelper.java:37)
com.shaft.gui.element.WebDriverElementActions.getMatchingElementsCount(WebDriverElementActions.java:1481)
com.shaft.gui.element.WebDriverElementActions.getElementsCount(WebDriverElementActions.java:561)
com.shaft.gui.element.ElementActions.getElementsCount(ElementActions.java:269)
com.shaft.validation.ValidationsHelper.validateElementExists(ValidationsHelper.java:149)
com.shaft.validation.Assertions.assertElementExists(Assertions.java:118)
testPackage01.Test_NewValidationHelper.f11(Test_NewValidationHelper.java:137)
java.base/jdk.internal.reflect.NativeMethodAccessorImpl.invoke0(Native Method)
java.base/jdk.internal.reflect.NativeMethodAccessorImpl.invoke(NativeMethodAccessorImpl.java:77)
java.base/jdk.internal.reflect.DelegatingMethodAccessorImpl.invoke(DelegatingMethodAccessorImpl.java:43)
java.base/java.lang.reflect.Method.invoke(Method.java:568)
org.testng.internal.invokers.MethodInvocationHelper.invokeMethod(MethodInvocationHelper.java:135)
org.testng.internal.invokers.TestInvoker.invokeMethod(TestInvoker.java:673)
org.testng.internal.invokers.TestInvoker.invokeTestMethod(TestInvoker.java:220)
org.testng.internal.invokers.MethodRunner.runInSequence(MethodRunner.java:50)
org.testng.internal.invokers.TestInvoker$MethodInvocationAgent.invoke(TestInvoker.java:945)
org.testng.internal.invokers.TestInvoker.invokeTestMethods(TestInvoker.java:193)
org.testng.internal.invokers.TestMethodWorker.invokeTestMethods(TestMethodWorker.java:146)
org.testng.internal.invokers.TestMethodWorker.run(TestMethodWorker.java:128)
java.base/java.util.ArrayList.forEach(ArrayList.java:1511)
org.testng.TestRunner.privateRun(TestRunner.java:808)
org.testng.TestRunner.run(TestRunner.java:603)
org.testng.SuiteRunner.runTest(SuiteRunner.java:429)
org.testng.SuiteRunner.runSequentially(SuiteRunner.java:423)
org.testng.SuiteRunner.privateRun(SuiteRunner.java:383)
org.testng.SuiteRunner.run(SuiteRunner.java:326)
org.testng.SuiteRunnerWorker.runSuite(SuiteRunnerWorker.java:52)
org.testng.SuiteRunnerWorker.run(SuiteRunnerWorker.java:95)
org.testng.TestNG.runSuitesSequentially(TestNG.java:1249)
org.testng.TestNG.runSuitesLocally(TestNG.java:1169)
org.testng.TestNG.runSuites(TestNG.java:1092)
org.testng.TestNG.run(TestNG.java:1060)
org.apache.maven.surefire.testng.TestNGExecutor.run(TestNGExecutor.java:136)
org.apache.maven.surefire.testng.TestNGDirectoryTestSuite.executeMulti(TestNGDirectoryTestSuite.java:193)
org.apache.maven.surefire.testng.TestNGDirectoryTestSuite.execute(TestNGDirectoryTestSuite.java:94)
org.apache.maven.surefire.testng.TestNGProvider.invoke(TestNGProvider.java:145)
org.apache.maven.surefire.booter.ForkedBooter.runSuitesInProcess(ForkedBooter.java:428)
org.apache.maven.surefire.booter.ForkedBooter.execute(ForkedBooter.java:162)
org.apache.maven.surefire.booter.ForkedBooter.run(ForkedBooter.java:562)
org.apache.maven.surefire.booter.ForkedBooter.main(ForkedBooter.java:548) @13-01-2022 02:07:23.0401 AM
[ReportManager] org.openqa.selenium.TimeoutException:
Expected condition failed: waiting for com.shaft.gui.element.ElementActionsHelper$$Lambda$641/0x000000080112ba30@1cd3f6b3 (tried for 5 second(s) with 1000 milliseconds interval)
org.openqa.selenium.support.ui.FluentWait.timeoutException(FluentWait.java:263)
org.openqa.selenium.support.ui.FluentWait.until(FluentWait.java:231)
com.shaft.gui.element.ElementActionsHelper.waitForElementPresence(ElementActionsHelper.java:89)
com.shaft.gui.element.ElementActionsHelper.waitForElementPresence(ElementActionsHelper.java:37)
com.shaft.gui.element.WebDriverElementActions.getMatchingElementsCount(WebDriverElementActions.java:1481)
com.shaft.gui.element.WebDriverElementActions.getElementsCount(WebDriverElementActions.java:561)
com.shaft.gui.element.ElementActions.getElementsCount(ElementActions.java:269)
com.shaft.gui.image.ScreenshotManager.internalCaptureScreenShot(ScreenshotManager.java:385)
com.shaft.gui.image.ScreenshotManager.captureScreenShot(ScreenshotManager.java:141)
com.shaft.validation.ValidationsHelper.reportValidationState(ValidationsHelper.java:823)
com.shaft.validation.ValidationsHelper.pass(ValidationsHelper.java:564)
com.shaft.validation.ValidationsHelper.validateElementExists(ValidationsHelper.java:166)
com.shaft.validation.Assertions.assertElementExists(Assertions.java:118)
testPackage01.Test_NewValidationHelper.f11(Test_NewValidationHelper.java:137)
java.base/jdk.internal.reflect.NativeMethodAccessorImpl.invoke0(Native Method)
java.base/jdk.internal.reflect.NativeMethodAccessorImpl.invoke(NativeMethodAccessorImpl.java:77)
java.base/jdk.internal.reflect.DelegatingMethodAccessorImpl.invoke(DelegatingMethodAccessorImpl.java:43)
java.base/java.lang.reflect.Method.invoke(Method.java:568)
org.testng.internal.invokers.MethodInvocationHelper.invokeMethod(MethodInvocationHelper.java:135)
org.testng.internal.invokers.TestInvoker.invokeMethod(TestInvoker.java:673)
org.testng.internal.invokers.TestInvoker.invokeTestMethod(TestInvoker.java:220)
org.testng.internal.invokers.MethodRunner.runInSequence(MethodRunner.java:50)
org.testng.internal.invokers.TestInvoker$MethodInvocationAgent.invoke(TestInvoker.java:945)
org.testng.internal.invokers.TestInvoker.invokeTestMethods(TestInvoker.java:193)
org.testng.internal.invokers.TestMethodWorker.invokeTestMethods(TestMethodWorker.java:146)
org.testng.internal.invokers.TestMethodWorker.run(TestMethodWorker.java:128)
java.base/java.util.ArrayList.forEach(ArrayList.java:1511)
org.testng.TestRunner.privateRun(TestRunner.java:808)
org.testng.TestRunner.run(TestRunner.java:603)
org.testng.SuiteRunner.runTest(SuiteRunner.java:429)
org.testng.SuiteRunner.runSequentially(SuiteRunner.java:423)
org.testng.SuiteRunner.privateRun(SuiteRunner.java:383)
org.testng.SuiteRunner.run(SuiteRunner.java:326)
org.testng.SuiteRunnerWorker.runSuite(SuiteRunnerWorker.java:52)
org.testng.SuiteRunnerWorker.run(SuiteRunnerWorker.java:95)
org.testng.TestNG.runSuitesSequentially(TestNG.java:1249)
org.testng.TestNG.runSuitesLocally(TestNG.java:1169)
org.testng.TestNG.runSuites(TestNG.java:1092)
org.testng.TestNG.run(TestNG.java:1060)
org.apache.maven.surefire.testng.TestNGExecutor.run(TestNGExecutor.java:136)
org.apache.maven.surefire.testng.TestNGDirectoryTestSuite.executeMulti(TestNGDirectoryTestSuite.java:193)
org.apache.maven.surefire.testng.TestNGDirectoryTestSuite.execute(TestNGDirectoryTestSuite.java:94)
org.apache.maven.surefire.testng.TestNGProvider.invoke(TestNGProvider.java:145)
org.apache.maven.surefire.booter.ForkedBooter.runSuitesInProcess(ForkedBooter.java:428)
org.apache.maven.surefire.booter.ForkedBooter.execute(ForkedBooter.java:162)
org.apache.maven.surefire.booter.ForkedBooter.run(ForkedBooter.java:562)
org.apache.maven.surefire.booter.ForkedBooter.main(ForkedBooter.java:548)

Caused by: org.openqa.selenium.NoSuchElementException:
For documentation on this error, please visit: https://selenium.dev/exceptions/#no_such_element
Build info: version: '4.1.1', revision: 'e8fcc2cecf'
System info: host: 'Mac-1642039174422.local', ip: '10.212.6.102', os.name: 'Mac OS X', os.arch: 'x86_64', os.version: '11.5', java.version: '17.0.1'
Driver info: org.openqa.selenium.safari.SafariDriver
Command: [864B9C39-A1F0-4F01-8BBD-CC0257234556, findElement {using=tag name, value=h3}]
Capabilities {acceptInsecureCerts: false, browserName: Safari, browserVersion: 15.2, goog:loggingPrefs: {browser: ALL, client: ALL, driver: ALL, performance: ALL, profiler: ALL, server: ALL}, javascriptEnabled: true, pageLoadStrategy: normal, platform: MAC, platformName: MAC, safari:automaticInspection: false, safari:automaticProfiling: false, safari:diagnose: false, safari:platformBuildVersion: 20G314, safari:platformVersion: 11.6.2, safari:useSimulator: false, setWindowRect: true, strictFileInteractability: false, timeouts: {pageLoad: 30000, script: 30000}, webkit:WebRTC: {DisableICECandidateFiltering: false, DisableInsecureMediaCapture: false}}
Session ID: 864B9C39-A1F0-4F01-8BBD-CC0257234556
jdk.internal.reflect.GeneratedConstructorAccessor72.newInstance(Unknown Source)
java.base/jdk.internal.reflect.DelegatingConstructorAccessorImpl.newInstance(DelegatingConstructorAccessorImpl.java:45)
java.base/java.lang.reflect.Constructor.newInstanceWithCaller(Constructor.java:499)
java.base/java.lang.reflect.Constructor.newInstance(Constructor.java:480)
org.openqa.selenium.remote.codec.w3c.W3CHttpResponseCodec.createException(W3CHttpResponseCodec.java:200)
org.openqa.selenium.remote.codec.w3c.W3CHttpResponseCodec.decode(W3CHttpResponseCodec.java:133)
org.openqa.selenium.remote.codec.w3c.W3CHttpResponseCodec.decode(W3CHttpResponseCodec.java:53)
org.openqa.selenium.remote.HttpCommandExecutor.execute(HttpCommandExecutor.java:184)
org.openqa.selenium.remote.service.DriverCommandExecutor.invokeExecute(DriverCommandExecutor.java:167)
org.openqa.selenium.remote.service.DriverCommandExecutor.execute(DriverCommandExecutor.java:142)
org.openqa.selenium.remote.RemoteWebDriver.execute(RemoteWebDriver.java:543)
org.openqa.selenium.remote.ElementLocation$ElementFinder$2.findElement(ElementLocation.java:162)
org.openqa.selenium.remote.ElementLocation.findElement(ElementLocation.java:60)
org.openqa.selenium.remote.RemoteWebDriver.findElement(RemoteWebDriver.java:367)
org.openqa.selenium.remote.RemoteWebDriver.findElement(RemoteWebDriver.java:359)
com.shaft.gui.element.ElementActionsHelper.lambda$waitForElementPresence$0(ElementActionsHelper.java:92)
org.openqa.selenium.support.ui.FluentWait.until(FluentWait.java:208)
com.shaft.gui.element.ElementActionsHelper.waitForElementPresence(ElementActionsHelper.java:89)
com.shaft.gui.element.ElementActionsHelper.waitForElementPresence(ElementActionsHelper.java:37)
com.shaft.gui.element.WebDriverElementActions.getMatchingElementsCount(WebDriverElementActions.java:1481)
com.shaft.gui.element.WebDriverElementActions.getElementsCount(WebDriverElementActions.java:561)
com.shaft.gui.element.ElementActions.getElementsCount(ElementActions.java:269)
com.shaft.gui.image.ScreenshotManager.internalCaptureScreenShot(ScreenshotManager.java:385)
com.shaft.gui.image.ScreenshotManager.captureScreenShot(ScreenshotManager.java:141)
com.shaft.validation.ValidationsHelper.reportValidationState(ValidationsHelper.java:823)
com.shaft.validation.ValidationsHelper.pass(ValidationsHelper.java:564)
com.shaft.validation.ValidationsHelper.validateElementExists(ValidationsHelper.java:166)
com.shaft.validation.Assertions.assertElementExists(Assertions.java:118)
testPackage01.Test_NewValidationHelper.f11(Test_NewValidationHelper.java:137)
java.base/jdk.internal.reflect.NativeMethodAccessorImpl.invoke0(Native Method)
java.base/jdk.internal.reflect.NativeMethodAccessorImpl.invoke(NativeMethodAccessorImpl.java:77)
java.base/jdk.internal.reflect.DelegatingMethodAccessorImpl.invoke(DelegatingMethodAccessorImpl.java:43)
java.base/java.lang.reflect.Method.invoke(Method.java:568)
org.testng.internal.invokers.MethodInvocationHelper.invokeMethod(MethodInvocationHelper.java:135)
org.testng.internal.invokers.TestInvoker.invokeMethod(TestInvoker.java:673)
org.testng.internal.invokers.TestInvoker.invokeTestMethod(TestInvoker.java:220)
org.testng.internal.invokers.MethodRunner.runInSequence(MethodRunner.java:50)
org.testng.internal.invokers.TestInvoker$MethodInvocationAgent.invoke(TestInvoker.java:945)
org.testng.internal.invokers.TestInvoker.invokeTestMethods(TestInvoker.java:193)
org.testng.internal.invokers.TestMethodWorker.invokeTestMethods(TestMethodWorker.java:146)
org.testng.internal.invokers.TestMethodWorker.run(TestMethodWorker.java:128)
java.base/java.util.ArrayList.forEach(ArrayList.java:1511)
org.testng.TestRunner.privateRun(TestRunner.java:808)
org.testng.TestRunner.run(TestRunner.java:603)
org.testng.SuiteRunner.runTest(SuiteRunner.java:429)
org.testng.SuiteRunner.runSequentially(SuiteRunner.java:423)
org.testng.SuiteRunner.privateRun(SuiteRunner.java:383)
org.testng.SuiteRunner.run(SuiteRunner.java:326)
org.testng.SuiteRunnerWorker.runSuite(SuiteRunnerWorker.java:52)
org.testng.SuiteRunnerWorker.run(SuiteRunnerWorker.java:95)
org.testng.TestNG.runSuitesSequentially(TestNG.java:1249)
org.testng.TestNG.runSuitesLocally(TestNG.java:1169)
org.testng.TestNG.runSuites(TestNG.java:1092)
org.testng.TestNG.run(TestNG.java:1060)
org.apache.maven.surefire.testng.TestNGExecutor.run(TestNGExecutor.java:136)
org.apache.maven.surefire.testng.TestNGDirectoryTestSuite.executeMulti(TestNGDirectoryTestSuite.java:193)
org.apache.maven.surefire.testng.TestNGDirectoryTestSuite.execute(TestNGDirectoryTestSuite.java:94)
org.apache.maven.surefire.testng.TestNGProvider.invoke(TestNGProvider.java:145)
org.apache.maven.surefire.booter.ForkedBooter.runSuitesInProcess(ForkedBooter.java:428)
org.apache.maven.surefire.booter.ForkedBooter.execute(ForkedBooter.java:162)
org.apache.maven.surefire.booter.ForkedBooter.run(ForkedBooter.java:562)
org.apache.maven.surefire.booter.ForkedBooter.main(ForkedBooter.java:548) @13-01-2022 02:07:28.0993 AM
[ReportManager] Assertion Passed: Checking that false tag doesn't exist @13-01-2022 02:07:29.0133 AM
[ReportManager] Successfully created attachment [Screenshot - 1642039649027_f11_ValidateElementExists_passed] @13-01-2022 02:07:29.0134 AM
[ReportManager] Assertion [ValidateElementExists] PASSED. Expected [Element Should not Exist, locator 'By.tagName: h3'] and Actual [Element Doesn't Exists]. Comparison Type [EQUALS]. Validation Type [NEGATIVE]. @13-01-2022 02:07:29.0134 A
[ReportManager] Successfully Closed All Drivers. @13-01-2022 02:07:29.0541 A
[ReportManager] File Action [GetAbsolutePath] successfully performed. With the following test data [Relative Folder Path: "target/downloadedFiles/"]. @13-01-2022 02:07:29.0543 AM
[ReportManager] Attempting to run locally on: [Mac-64], [Safari], Headless Execution. @13-01-2022 02:07:29.0543 AM
[ReportManager] Successfully Opened Safari. @13-01-2022 02:07:30.0386 AM
[ReportManager] Initial window size: (800, 600) @13-01-2022 02:07:30.0421 AM
[ReportManager] Window size after SWD Maximize: (1176, 803) @13-01-2022 02:07:30.0450 AM
[ReportManager] Browser Action [MaximizeWindow] successfully performed. With the following test data [New screen size is now: (1176, 803)]. @13-01-2022 02:07:30.0450 AM
[ReportManager] Target URL: [https://the-internet.herokuapp.com/] @13-01-2022 02:07:30.0451 AM
[ReportManager] Initial URL: [] @13-01-2022 02:07:30.0496 AM
[ReportManager] Browser Action [NavigateToURL] successfully performed. With the following test data [https://the-internet.herokuapp.com/]. @13-01-2022 02:07:31.0646 A

################################################################################################################################################
Starting Execution:	[95 out of 161] test cases in the current suite
Test Method:		[testPackage01.Test_NewValidationHelper.f12]
################################################################################################################################################
[ReportManager] Assertion [ValidateElementExists] FAILED. Expected [Element Should not Exist, locator 'By.tagName: h1'] and Actual [Element Exists]. Comparison Type [EQUALS]. Validation Type [NEGATIVE]. @13-01-2022 02:07:31.0904 AM
[ReportManager] Successfully created attachment [Screenshot - 1642039651812_f12_ValidateElementExists_failed] @13-01-2022 02:07:31.0905 A
[ReportManager] Successfully Closed All Drivers. @13-01-2022 02:07:32.0154 A
[ReportManager] File Action [GetAbsolutePath] successfully performed. With the following test data [Relative Folder Path: "target/downloadedFiles/"]. @13-01-2022 02:07:32.0156 AM
[ReportManager] Attempting to run locally on: [Mac-64], [Safari], Headless Execution. @13-01-2022 02:07:32.0156 AM
[ReportManager] Successfully Opened Safari. @13-01-2022 02:07:32.0967 AM
[ReportManager] Initial window size: (800, 600) @13-01-2022 02:07:33.0002 AM
[ReportManager] Window size after SWD Maximize: (1176, 803) @13-01-2022 02:07:33.0015 AM
[ReportManager] Browser Action [MaximizeWindow] successfully performed. With the following test data [New screen size is now: (1176, 803)]. @13-01-2022 02:07:33.0016 AM
[ReportManager] Target URL: [https://the-internet.herokuapp.com/] @13-01-2022 02:07:33.0016 AM
[ReportManager] Initial URL: [] @13-01-2022 02:07:33.0069 AM
[ReportManager] Browser Action [NavigateToURL] successfully performed. With the following test data [https://the-internet.herokuapp.com/]. @13-01-2022 02:07:34.0155 A

################################################################################################################################################
Starting Execution:	[96 out of 161] test cases in the current suite
Test Method:		[testPackage01.Test_NewValidationHelper.f13]
################################################################################################################################################
[ReportManager] Assertion [ValidateElementExists] FAILED. Expected [Element Should not Exist, locator 'By.tagName: div'] and Actual [Element Exists but is not unique]. Comparison Type [EQUALS]. Validation Type [NEGATIVE]. @13-01-2022 02:07:34.0374 AM
[ReportManager] Successfully created attachment [Screenshot - 1642039654300_f13_ValidateElementExists_failed] @13-01-2022 02:07:34.0375 A
[ReportManager] Successfully Closed All Drivers. @13-01-2022 02:07:34.0674 A
[ReportManager] File Action [GetAbsolutePath] successfully performed. With the following test data [Relative Folder Path: "target/downloadedFiles/"]. @13-01-2022 02:07:34.0676 AM
[ReportManager] Attempting to run locally on: [Mac-64], [Safari], Headless Execution. @13-01-2022 02:07:34.0676 AM
[ReportManager] Successfully Opened Safari. @13-01-2022 02:07:35.0582 AM
[ReportManager] Initial window size: (800, 600) @13-01-2022 02:07:35.0587 AM
[ReportManager] Window size after SWD Maximize: (1176, 803) @13-01-2022 02:07:35.0637 AM
[ReportManager] Browser Action [MaximizeWindow] successfully performed. With the following test data [New screen size is now: (1176, 803)]. @13-01-2022 02:07:35.0637 AM
[ReportManager] Target URL: [https://the-internet.herokuapp.com/] @13-01-2022 02:07:35.0637 AM
[ReportManager] Initial URL: [] @13-01-2022 02:07:35.0703 AM
[ReportManager] Browser Action [NavigateToURL] successfully performed. With the following test data [https://the-internet.herokuapp.com/]. @13-01-2022 02:07:36.0847 A

################################################################################################################################################
Starting Execution:	[97 out of 161] test cases in the current suite
Test Method:		[testPackage01.Test_NewValidationHelper.f14]
################################################################################################################################################
[ReportManager] Element Action [GetText] successfully performed. With the following test data [Welcome to the-internet]. @13-01-2022 02:07:36.0908 AM
[ReportManager] Assertion Passed: Asserting that the header text is correct @13-01-2022 02:07:37.0190 AM
[ReportManager] Successfully created attachment [Screenshot - 1642039657104_f14_ValidateElementAttribute_passed] @13-01-2022 02:07:37.0191 AM
[ReportManager] Assertion [ValidateElementAttribute] PASSED. Expected [Value Should be 'Welcome to the-internet' for the 'text' attribute, element locator 'By.tagName: h1'] and Actual [Welcome to the-internet]. Comparison Type [EQUALS]. Validation Type [POSITIVE]. @13-01-2022 02:07:37.0191 A
[ReportManager] Successfully Closed All Drivers. @13-01-2022 02:07:37.0402 A
[ReportManager] File Action [GetAbsolutePath] successfully performed. With the following test data [Relative Folder Path: "target/downloadedFiles/"]. @13-01-2022 02:07:37.0404 AM
[ReportManager] Attempting to run locally on: [Mac-64], [Safari], Headless Execution. @13-01-2022 02:07:37.0404 AM
[ReportManager] Successfully Opened Safari. @13-01-2022 02:07:38.0337 AM
[ReportManager] Initial window size: (800, 600) @13-01-2022 02:07:38.0374 AM
[ReportManager] Window size after SWD Maximize: (1176, 803) @13-01-2022 02:07:38.0413 AM
[ReportManager] Browser Action [MaximizeWindow] successfully performed. With the following test data [New screen size is now: (1176, 803)]. @13-01-2022 02:07:38.0414 AM
[ReportManager] Target URL: [https://the-internet.herokuapp.com/] @13-01-2022 02:07:38.0414 AM
[ReportManager] Initial URL: [] @13-01-2022 02:07:38.0515 AM
[ReportManager] Browser Action [NavigateToURL] successfully performed. With the following test data [https://the-internet.herokuapp.com/]. @13-01-2022 02:07:39.0705 A

################################################################################################################################################
Starting Execution:	[98 out of 161] test cases in the current suite
Test Method:		[testPackage01.Test_NewValidationHelper.f15]
################################################################################################################################################
[ReportManager] Element Action [GetText] successfully performed. With the following test data [Welcome to the-internet]. @13-01-2022 02:07:39.0777 AM
[ReportManager] Assertion [ValidateElementAttribute] FAILED. Expected [Value Should not be 'Welcome' for the 'text' attribute, element locator 'By.tagName: h1'] and Actual [Welcome to the-internet]. Comparison Type [CONTAINS]. Validation Type [NEGATIVE]. @13-01-2022 02:07:40.0060 AM
[ReportManager] Successfully created attachment [Screenshot - 1642039659989_f15_ValidateElementAttribute_failed] @13-01-2022 02:07:40.0061 A
[ReportManager] Successfully Closed All Drivers. @13-01-2022 02:07:40.0297 A
[ReportManager] File Action [GetAbsolutePath] successfully performed. With the following test data [Relative Folder Path: "target/downloadedFiles/"]. @13-01-2022 02:07:40.0299 AM
[ReportManager] Attempting to run locally on: [Mac-64], [Safari], Headless Execution. @13-01-2022 02:07:40.0299 AM
[ReportManager] Successfully Opened Safari. @13-01-2022 02:07:41.0170 AM
[ReportManager] Initial window size: (800, 600) @13-01-2022 02:07:41.0203 AM
[ReportManager] Window size after SWD Maximize: (1176, 803) @13-01-2022 02:07:41.0222 AM
[ReportManager] Browser Action [MaximizeWindow] successfully performed. With the following test data [New screen size is now: (1176, 803)]. @13-01-2022 02:07:41.0223 AM
[ReportManager] Target URL: [https://the-internet.herokuapp.com/] @13-01-2022 02:07:41.0223 AM
[ReportManager] Initial URL: [] @13-01-2022 02:07:41.0293 AM
[ReportManager] Browser Action [NavigateToURL] successfully performed. With the following test data [https://the-internet.herokuapp.com/]. @13-01-2022 02:07:42.0418 A

################################################################################################################################################
Starting Execution:	[99 out of 161] test cases in the current suite
Test Method:		[testPackage01.Test_NewValidationHelper.f16]
################################################################################################################################################
[ReportManager] org.openqa.selenium.TimeoutException:
Expected condition failed: waiting for com.shaft.gui.element.ElementActionsHelper$$Lambda$641/0x000000080112ba30@5a6dbab7 (tried for 25 second(s) with 1000 milliseconds interval)
org.openqa.selenium.support.ui.FluentWait.timeoutException(FluentWait.java:263)
org.openqa.selenium.support.ui.FluentWait.until(FluentWait.java:231)
com.shaft.gui.element.ElementActionsHelper.waitForElementPresence(ElementActionsHelper.java:89)
com.shaft.gui.element.ElementActionsHelper.waitForElementPresence(ElementActionsHelper.java:41)
com.shaft.gui.element.WebDriverElementActions.getMatchingElementsCount(WebDriverElementActions.java:1483)
com.shaft.gui.element.WebDriverElementActions.identifyUniqueElement(WebDriverElementActions.java:1531)
com.shaft.gui.element.WebDriverElementActions.identifyUniqueElement(WebDriverElementActions.java:1325)
com.shaft.gui.element.WebDriverElementActions.getText(WebDriverElementActions.java:660)
com.shaft.gui.element.ElementActions.getText(ElementActions.java:319)
com.shaft.validation.ValidationsHelper.validateElementAttribute(ValidationsHelper.java:237)
com.shaft.validation.Assertions.assertElementAttribute(Assertions.java:201)
testPackage01.Test_NewValidationHelper.f16(Test_NewValidationHelper.java:181)
java.base/jdk.internal.reflect.NativeMethodAccessorImpl.invoke0(Native Method)
java.base/jdk.internal.reflect.NativeMethodAccessorImpl.invoke(NativeMethodAccessorImpl.java:77)
java.base/jdk.internal.reflect.DelegatingMethodAccessorImpl.invoke(DelegatingMethodAccessorImpl.java:43)
java.base/java.lang.reflect.Method.invoke(Method.java:568)
org.testng.internal.invokers.MethodInvocationHelper.invokeMethod(MethodInvocationHelper.java:135)
org.testng.internal.invokers.TestInvoker.invokeMethod(TestInvoker.java:673)
org.testng.internal.invokers.TestInvoker.invokeTestMethod(TestInvoker.java:220)
org.testng.internal.invokers.MethodRunner.runInSequence(MethodRunner.java:50)
org.testng.internal.invokers.TestInvoker$MethodInvocationAgent.invoke(TestInvoker.java:945)
org.testng.internal.invokers.TestInvoker.invokeTestMethods(TestInvoker.java:193)
org.testng.internal.invokers.TestMethodWorker.invokeTestMethods(TestMethodWorker.java:146)
org.testng.internal.invokers.TestMethodWorker.run(TestMethodWorker.java:128)
java.base/java.util.ArrayList.forEach(ArrayList.java:1511)
org.testng.TestRunner.privateRun(TestRunner.java:808)
org.testng.TestRunner.run(TestRunner.java:603)
org.testng.SuiteRunner.runTest(SuiteRunner.java:429)
org.testng.SuiteRunner.runSequentially(SuiteRunner.java:423)
org.testng.SuiteRunner.privateRun(SuiteRunner.java:383)
org.testng.SuiteRunner.run(SuiteRunner.java:326)
org.testng.SuiteRunnerWorker.runSuite(SuiteRunnerWorker.java:52)
org.testng.SuiteRunnerWorker.run(SuiteRunnerWorker.java:95)
org.testng.TestNG.runSuitesSequentially(TestNG.java:1249)
org.testng.TestNG.runSuitesLocally(TestNG.java:1169)
org.testng.TestNG.runSuites(TestNG.java:1092)
org.testng.TestNG.run(TestNG.java:1060)
org.apache.maven.surefire.testng.TestNGExecutor.run(TestNGExecutor.java:136)
org.apache.maven.surefire.testng.TestNGDirectoryTestSuite.executeMulti(TestNGDirectoryTestSuite.java:193)
org.apache.maven.surefire.testng.TestNGDirectoryTestSuite.execute(TestNGDirectoryTestSuite.java:94)
org.apache.maven.surefire.testng.TestNGProvider.invoke(TestNGProvider.java:145)
org.apache.maven.surefire.booter.ForkedBooter.runSuitesInProcess(ForkedBooter.java:428)
org.apache.maven.surefire.booter.ForkedBooter.execute(ForkedBooter.java:162)
org.apache.maven.surefire.booter.ForkedBooter.run(ForkedBooter.java:562)
org.apache.maven.surefire.booter.ForkedBooter.main(ForkedBooter.java:548)

Caused by: org.openqa.selenium.NoSuchElementException:
For documentation on this error, please visit: https://selenium.dev/exceptions/#no_such_element
Build info: version: '4.1.1', revision: 'e8fcc2cecf'
System info: host: 'Mac-1642039174422.local', ip: '10.212.6.102', os.name: 'Mac OS X', os.arch: 'x86_64', os.version: '11.5', java.version: '17.0.1'
Driver info: org.openqa.selenium.safari.SafariDriver
Command: [2919D003-3764-4FF0-839E-D6FBF4D2AE7E, findElement {using=tag name, value=h3}]
Capabilities {acceptInsecureCerts: false, browserName: Safari, browserVersion: 15.2, goog:loggingPrefs: {browser: ALL, client: ALL, driver: ALL, performance: ALL, profiler: ALL, server: ALL}, javascriptEnabled: true, pageLoadStrategy: normal, platform: MAC, platformName: MAC, safari:automaticInspection: false, safari:automaticProfiling: false, safari:diagnose: false, safari:platformBuildVersion: 20G314, safari:platformVersion: 11.6.2, safari:useSimulator: false, setWindowRect: true, strictFileInteractability: false, timeouts: {pageLoad: 30000, script: 30000}, webkit:WebRTC: {DisableICECandidateFiltering: false, DisableInsecureMediaCapture: false}}
Session ID: 2919D003-3764-4FF0-839E-D6FBF4D2AE7E
jdk.internal.reflect.GeneratedConstructorAccessor72.newInstance(Unknown Source)
java.base/jdk.internal.reflect.DelegatingConstructorAccessorImpl.newInstance(DelegatingConstructorAccessorImpl.java:45)
java.base/java.lang.reflect.Constructor.newInstanceWithCaller(Constructor.java:499)
java.base/java.lang.reflect.Constructor.newInstance(Constructor.java:480)
org.openqa.selenium.remote.codec.w3c.W3CHttpResponseCodec.createException(W3CHttpResponseCodec.java:200)
org.openqa.selenium.remote.codec.w3c.W3CHttpResponseCodec.decode(W3CHttpResponseCodec.java:133)
org.openqa.selenium.remote.codec.w3c.W3CHttpResponseCodec.decode(W3CHttpResponseCodec.java:53)
org.openqa.selenium.remote.HttpCommandExecutor.execute(HttpCommandExecutor.java:184)
org.openqa.selenium.remote.service.DriverCommandExecutor.invokeExecute(DriverCommandExecutor.java:167)
org.openqa.selenium.remote.service.DriverCommandExecutor.execute(DriverCommandExecutor.java:142)
org.openqa.selenium.remote.RemoteWebDriver.execute(RemoteWebDriver.java:543)
org.openqa.selenium.remote.ElementLocation$ElementFinder$2.findElement(ElementLocation.java:162)
org.openqa.selenium.remote.ElementLocation.findElement(ElementLocation.java:60)
org.openqa.selenium.remote.RemoteWebDriver.findElement(RemoteWebDriver.java:367)
org.openqa.selenium.remote.RemoteWebDriver.findElement(RemoteWebDriver.java:359)
com.shaft.gui.element.ElementActionsHelper.lambda$waitForElementPresence$0(ElementActionsHelper.java:92)
org.openqa.selenium.support.ui.FluentWait.until(FluentWait.java:208)
com.shaft.gui.element.ElementActionsHelper.waitForElementPresence(ElementActionsHelper.java:89)
com.shaft.gui.element.ElementActionsHelper.waitForElementPresence(ElementActionsHelper.java:41)
com.shaft.gui.element.WebDriverElementActions.getMatchingElementsCount(WebDriverElementActions.java:1483)
com.shaft.gui.element.WebDriverElementActions.identifyUniqueElement(WebDriverElementActions.java:1531)
com.shaft.gui.element.WebDriverElementActions.identifyUniqueElement(WebDriverElementActions.java:1325)
com.shaft.gui.element.WebDriverElementActions.getText(WebDriverElementActions.java:660)
com.shaft.gui.element.ElementActions.getText(ElementActions.java:319)
com.shaft.validation.ValidationsHelper.validateElementAttribute(ValidationsHelper.java:237)
com.shaft.validation.Assertions.assertElementAttribute(Assertions.java:201)
testPackage01.Test_NewValidationHelper.f16(Test_NewValidationHelper.java:181)
java.base/jdk.internal.reflect.NativeMethodAccessorImpl.invoke0(Native Method)
java.base/jdk.internal.reflect.NativeMethodAccessorImpl.invoke(NativeMethodAccessorImpl.java:77)
java.base/jdk.internal.reflect.DelegatingMethodAccessorImpl.invoke(DelegatingMethodAccessorImpl.java:43)
java.base/java.lang.reflect.Method.invoke(Method.java:568)
org.testng.internal.invokers.MethodInvocationHelper.invokeMethod(MethodInvocationHelper.java:135)
org.testng.internal.invokers.TestInvoker.invokeMethod(TestInvoker.java:673)
org.testng.internal.invokers.TestInvoker.invokeTestMethod(TestInvoker.java:220)
org.testng.internal.invokers.MethodRunner.runInSequence(MethodRunner.java:50)
org.testng.internal.invokers.TestInvoker$MethodInvocationAgent.invoke(TestInvoker.java:945)
org.testng.internal.invokers.TestInvoker.invokeTestMethods(TestInvoker.java:193)
org.testng.internal.invokers.TestMethodWorker.invokeTestMethods(TestMethodWorker.java:146)
org.testng.internal.invokers.TestMethodWorker.run(TestMethodWorker.java:128)
java.base/java.util.ArrayList.forEach(ArrayList.java:1511)
org.testng.TestRunner.privateRun(TestRunner.java:808)
org.testng.TestRunner.run(TestRunner.java:603)
org.testng.SuiteRunner.runTest(SuiteRunner.java:429)
org.testng.SuiteRunner.runSequentially(SuiteRunner.java:423)
org.testng.SuiteRunner.privateRun(SuiteRunner.java:383)
org.testng.SuiteRunner.run(SuiteRunner.java:326)
org.testng.SuiteRunnerWorker.runSuite(SuiteRunnerWorker.java:52)
org.testng.SuiteRunnerWorker.run(SuiteRunnerWorker.java:95)
org.testng.TestNG.runSuitesSequentially(TestNG.java:1249)
org.testng.TestNG.runSuitesLocally(TestNG.java:1169)
org.testng.TestNG.runSuites(TestNG.java:1092)
org.testng.TestNG.run(TestNG.java:1060)
org.apache.maven.surefire.testng.TestNGExecutor.run(TestNGExecutor.java:136)
org.apache.maven.surefire.testng.TestNGDirectoryTestSuite.executeMulti(TestNGDirectoryTestSuite.java:193)
org.apache.maven.surefire.testng.TestNGDirectoryTestSuite.execute(TestNGDirectoryTestSuite.java:94)
org.apache.maven.surefire.testng.TestNGProvider.invoke(TestNGProvider.java:145)
org.apache.maven.surefire.booter.ForkedBooter.runSuitesInProcess(ForkedBooter.java:428)
org.apache.maven.surefire.booter.ForkedBooter.execute(ForkedBooter.java:162)
org.apache.maven.surefire.booter.ForkedBooter.run(ForkedBooter.java:562)
org.apache.maven.surefire.booter.ForkedBooter.main(ForkedBooter.java:548) @13-01-2022 02:08:08.0013 AM
[ReportManager] Element Action [IdentifyUniqueElement] failed. With the following test data [zero elements found matching this locator "By.tagName: h3".]. @13-01-2022 02:08:08.0115 AM
[ReportManager] Successfully created attachment [Screenshot - 1642039688038_f16_IdentifyUniqueElement_failed] @13-01-2022 02:08:08.0116 AM
[ReportManager] Assertion [ValidateElementAttribute] FAILED. Expected [Value Should not be 'Welcome' for the 'text' attribute, element locator 'By.tagName: h3'] and Actual [Failed to read the desired element attribute]. Comparison Type [CONTAINS]. Validation Type [NEGATIVE]. @13-01-2022 02:08:08.0117 A
[ReportManager] Successfully Closed All Drivers. @13-01-2022 02:08:08.0358 A
[ReportManager] File Action [GetAbsolutePath] successfully performed. With the following test data [Relative Folder Path: "target/downloadedFiles/"]. @13-01-2022 02:08:08.0360 AM
[ReportManager] Attempting to run locally on: [Mac-64], [Safari], Headless Execution. @13-01-2022 02:08:08.0360 AM
[ReportManager] Successfully Opened Safari. @13-01-2022 02:08:09.0264 AM
[ReportManager] Initial window size: (800, 600) @13-01-2022 02:08:09.0301 AM
[ReportManager] Window size after SWD Maximize: (1176, 803) @13-01-2022 02:08:09.0375 AM
[ReportManager] Browser Action [MaximizeWindow] successfully performed. With the following test data [New screen size is now: (1176, 803)]. @13-01-2022 02:08:09.0375 AM
[ReportManager] Target URL: [https://the-internet.herokuapp.com/] @13-01-2022 02:08:09.0375 AM
[ReportManager] Initial URL: [] @13-01-2022 02:08:09.0463 AM
[ReportManager] Browser Action [NavigateToURL] successfully performed. With the following test data [https://the-internet.herokuapp.com/]. @13-01-2022 02:08:10.0618 A

################################################################################################################################################
Starting Execution:	[100 out of 161] test cases in the current suite
Test Method:		[testPackage01.Test_NewValidationHelper.f17]
################################################################################################################################################
[ReportManager] Attempting to getAttribute [text2] from elementLocator [By.tagName: h1]. @13-01-2022 02:08:10.0761 AM
[ReportManager] Element Action [GetAttribute] successfully performed. @13-01-2022 02:08:10.0806 AM
[ReportManager] Assertion [ValidateElementAttribute] PASSED. Expected [Value Should not be 'Welcome' for the 'text2' attribute, element locator 'By.tagName: h1'] and Actual [null]. Comparison Type [CONTAINS]. Validation Type [NEGATIVE]. @13-01-2022 02:08:10.0972 AM
[ReportManager] Successfully created attachment [Screenshot - 1642039690894_f17_ValidateElementAttribute_passed] @13-01-2022 02:08:10.0974 A
[ReportManager] Successfully Closed All Drivers. @13-01-2022 02:08:11.0152 A
[ReportManager] File Action [GetAbsolutePath] successfully performed. With the following test data [Relative Folder Path: "target/downloadedFiles/"]. @13-01-2022 02:08:11.0154 AM
[ReportManager] Attempting to run locally on: [Mac-64], [Safari], Headless Execution. @13-01-2022 02:08:11.0155 AM
[ReportManager] Successfully Opened Safari. @13-01-2022 02:08:11.0998 AM
[ReportManager] Initial window size: (800, 600) @13-01-2022 02:08:12.0016 AM
[ReportManager] Window size after SWD Maximize: (1176, 803) @13-01-2022 02:08:12.0054 AM
[ReportManager] Browser Action [MaximizeWindow] successfully performed. With the following test data [New screen size is now: (1176, 803)]. @13-01-2022 02:08:12.0054 AM
[ReportManager] Target URL: [https://the-internet.herokuapp.com/] @13-01-2022 02:08:12.0054 AM
[ReportManager] Initial URL: [] @13-01-2022 02:08:12.0086 AM
[ReportManager] Browser Action [NavigateToURL] successfully performed. With the following test data [https://the-internet.herokuapp.com/]. @13-01-2022 02:08:13.0411 A

################################################################################################################################################
Starting Execution:	[101 out of 161] test cases in the current suite
Test Method:		[testPackage01.Test_NewValidationHelper.f18]
################################################################################################################################################
[ReportManager] Element Action [GetText] successfully performed. With the following test data [Welcome to the-internet]. @13-01-2022 02:08:13.0496 AM
[ReportManager] Assertion [ValidateElementAttribute] PASSED. Expected [Value Should not be 'no' for the 'text' attribute, element locator 'By.tagName: h1'] and Actual [Welcome to the-internet]. Comparison Type [CONTAINS]. Validation Type [NEGATIVE]. @13-01-2022 02:08:13.0787 AM
[ReportManager] Successfully created attachment [Screenshot - 1642039693661_f18_ValidateElementAttribute_passed] @13-01-2022 02:08:13.0790 A
[ReportManager] Successfully Closed All Drivers. @13-01-2022 02:08:14.0056 A

################################################################################################################################################
Starting Execution:	[102 out of 161] test cases in the current suite
Test Method:		[testPackage01.Test_NewValidationHelper.f2]
################################################################################################################################################
[ReportManager] Assertion Failed: Checking valid user data @13-01-2022 02:08:14.0060 AM
[ReportManager] Assertion [ValidateEquals] FAILED. Expected [1] and Actual [2]. Comparison Type [EQUALS]. Validation Type [POSITIVE]. @13-01-2022 02:08:14.0060 A
[ReportManager] File Action [GetAbsolutePath] successfully performed. With the following test data [Relative Folder Path: "target/downloadedFiles/"]. @13-01-2022 02:08:14.0063 AM
[ReportManager] Attempting to run locally on: [Mac-64], [Safari], Headless Execution. @13-01-2022 02:08:14.0063 AM
[ReportManager] Successfully Opened Safari. @13-01-2022 02:08:14.0946 AM
[ReportManager] Initial window size: (800, 600) @13-01-2022 02:08:14.0959 AM
[ReportManager] Window size after SWD Maximize: (1176, 803) @13-01-2022 02:08:14.0973 AM
[ReportManager] Browser Action [MaximizeWindow] successfully performed. With the following test data [New screen size is now: (1176, 803)]. @13-01-2022 02:08:14.0973 AM
[ReportManager] Target URL: [https://the-internet.herokuapp.com/] @13-01-2022 02:08:14.0973 AM
[ReportManager] Initial URL: [] @13-01-2022 02:08:15.0021 AM
[ReportManager] Browser Action [NavigateToURL] successfully performed. With the following test data [https://the-internet.herokuapp.com/]. @13-01-2022 02:08:16.0323 A

################################################################################################################################################
Starting Execution:	[103 out of 161] test cases in the current suite
Test Method:		[testPackage01.Test_NewValidationHelper.f20]
################################################################################################################################################
[ReportManager] Element Action [GetSize] successfully performed. With the following test data [(971, 62)]. @13-01-2022 02:08:16.0361 AM
[ReportManager] Assertion [ValidateElementAttribute] PASSED. Expected [Value Should not be 'a' for the 'size' attribute, element locator 'By.tagName: h1'] and Actual [(971, 62)]. Comparison Type [CONTAINS]. Validation Type [NEGATIVE]. @13-01-2022 02:08:16.0568 AM
[ReportManager] Successfully created attachment [Screenshot - 1642039696498_f20_ValidateElementAttribute_passed] @13-01-2022 02:08:16.0569 A
[ReportManager] Successfully Closed All Drivers. @13-01-2022 02:08:16.0776 A
[ReportManager] File Action [GetAbsolutePath] successfully performed. With the following test data [Relative Folder Path: "target/downloadedFiles/"]. @13-01-2022 02:08:16.0778 AM
[ReportManager] Attempting to run locally on: [Mac-64], [Safari], Headless Execution. @13-01-2022 02:08:16.0778 AM
[ReportManager] An Exception Occured with this Message: Could not start a new session. Possible causes are invalid address of the remote server or browser start-up failure.. @13-01-2022 02:08:16.0840 AM
[ReportManager] Successfully created attachment [Exception Stack Trace - org.openqa.selenium.SessionNotCreatedException] @13-01-2022 02:08:16.0841 AM
[ReportManager] Driver Factory Action [createNewLocalDriverInstanceForSafari] failed. With the following test data [Failed to create a session on DESKTOP_SAFARI]. @13-01-2022 02:08:16.0841 A

################################################################################################################################################
Starting Execution:	[104 out of 161] test cases in the current suite
Test Method:		[testPackage01.Test_NewValidationHelper.f21]
###############################################################################################################################################



################################################################################################################################################
Starting Execution:	[105 out of 161] test cases in the current suite
Test Method:		[testPackage01.Test_NewValidationHelper.f22]
###############################################################################################################################################


################################################################################################################################################
Starting Execution:	[106 out of 161] test cases in the current suite
Test Method:		[testPackage01.Test_NewValidationHelper.f23]
###############################################################################################################################################

################################################################################################################################################
Starting Execution:	[107 out of 161] test cases in the current suite
Test Method:		[testPackage01.Test_NewValidationHelper.f24]
###############################################################################################################################################

################################################################################################################################################
Starting Execution:	[108 out of 161] test cases in the current suite
Test Method:		[testPackage01.Test_NewValidationHelper.f25]
###############################################################################################################################################

################################################################################################################################################
Starting Execution:	[109 out of 161] test cases in the current suite
Test Method:		[testPackage01.Test_NewValidationHelper.f26]
###############################################################################################################################################

################################################################################################################################################
Starting Execution:	[110 out of 161] test cases in the current suite
Test Method:		[testPackage01.Test_NewValidationHelper.f27]
###############################################################################################################################################

################################################################################################################################################
Starting Execution:	[111 out of 161] test cases in the current suite
Test Method:		[testPackage01.Test_NewValidationHelper.f28]
###############################################################################################################################################

################################################################################################################################################
Starting Execution:	[112 out of 161] test cases in the current suite
Test Method:		[testPackage01.Test_NewValidationHelper.f29]
###############################################################################################################################################

################################################################################################################################################
Starting Execution:	[113 out of 161] test cases in the current suite
Test Method:		[testPackage01.Test_NewValidationHelper.f3]
###############################################################################################################################################

################################################################################################################################################
Starting Execution:	[114 out of 161] test cases in the current suite
Test Method:		[testPackage01.Test_NewValidationHelper.f30]
###############################################################################################################################################

################################################################################################################################################
Starting Execution:	[115 out of 161] test cases in the current suite
Test Method:		[testPackage01.Test_NewValidationHelper.f31]
###############################################################################################################################################

################################################################################################################################################
Starting Execution:	[116 out of 161] test cases in the current suite
Test Method:		[testPackage01.Test_NewValidationHelper.f32]
###############################################################################################################################################

################################################################################################################################################
Starting Execution:	[117 out of 161] test cases in the current suite
Test Method:		[testPackage01.Test_NewValidationHelper.f33]
###############################################################################################################################################

################################################################################################################################################
Starting Execution:	[118 out of 161] test cases in the current suite
Test Method:		[testPackage01.Test_NewValidationHelper.f34]
###############################################################################################################################################

################################################################################################################################################
Starting Execution:	[119 out of 161] test cases in the current suite
Test Method:		[testPackage01.Test_NewValidationHelper.f35]
###############################################################################################################################################

################################################################################################################################################
Starting Execution:	[120 out of 161] test cases in the current suite
Test Method:		[testPackage01.Test_NewValidationHelper.f36]
###############################################################################################################################################

################################################################################################################################################
Starting Execution:	[121 out of 161] test cases in the current suite
Test Method:		[testPackage01.Test_NewValidationHelper.f37]
###############################################################################################################################################

################################################################################################################################################
Starting Execution:	[122 out of 161] test cases in the current suite
Test Method:		[testPackage01.Test_NewValidationHelper.f3_1]
###############################################################################################################################################

################################################################################################################################################
Starting Execution:	[123 out of 161] test cases in the current suite
Test Method:		[testPackage01.Test_NewValidationHelper.f4]
###############################################################################################################################################

################################################################################################################################################
Starting Execution:	[124 out of 161] test cases in the current suite
Test Method:		[testPackage01.Test_NewValidationHelper.f5]
###############################################################################################################################################

################################################################################################################################################
Starting Execution:	[125 out of 161] test cases in the current suite
Test Method:		[testPackage01.Test_NewValidationHelper.f6]
###############################################################################################################################################

################################################################################################################################################
Starting Execution:	[126 out of 161] test cases in the current suite
Test Method:		[testPackage01.Test_NewValidationHelper.f6_1]
###############################################################################################################################################

################################################################################################################################################
Starting Execution:	[127 out of 161] test cases in the current suite
Test Method:		[testPackage01.Test_NewValidationHelper.f6_2]
###############################################################################################################################################

################################################################################################################################################
Starting Execution:	[128 out of 161] test cases in the current suite
Test Method:		[testPackage01.Test_NewValidationHelper.f7]
###############################################################################################################################################


################################################################################################################################################
Starting Execution:	[129 out of 161] test cases in the current suite
Test Method:		[testPackage01.Test_NewValidationHelper.f8]
###############################################################################################################################################



################################################################################################################################################
Starting Execution:	[130 out of 161] test cases in the current suite
Test Method:		[testPackage01.Test_NewValidationHelper.f9]
###############################################################################################################################################


################################################################################################################################################
Starting Execution:	[131 out of 161] test cases in the current suite
Test Method:		[testPackage01.Test_NewValidationHelper.forceFail]
###############################################################################################################################################

################################################################################################################################################
Starting Execution:	[132 out of 161] test cases in the current suite
Test Method:		[testPackage01.Test_NewValidationHelper.forceFail2]
###############################################################################################################################################

################################################################################################################################################
Starting Execution:	[133 out of 161] test cases in the current suite
Test Method:		[testPackage01.Test_JsonActions.f]
###############################################################################################################################################

################################################################################################################################################
Starting Execution:	[134 out of 161] test cases in the current suite
Test Method:		[testPackage01.Test_JsonActions.f2]
###############################################################################################################################################

################################################################################################################################################
Starting Execution:	[135 out of 161] test cases in the current suite
Test Method:		[testPackage01.Test_sendGraphqlRequest.sendGraphqlRequestUsingMutationAndVariables]
################################################################################################################################################
[ReportManager] GraphQl Request is being Performed with the Following Parameters [Service URL: https://api.spacex.land/graphql | Request Body: {"variables":"{\"name\": \"sherlock holmes\",\"rocket\": \"221B Baker Street\"}","query":"mutation ($name: String, $rocket: String) {\n  insert_users(objects: {name: $name, rocket: $rocket}) {\n    returning {\n      name\n      rocket\n    }\n  }\n}"}] @13-01-2022 02:08:17.0051 AM
[ReportManager] Response status code: [200], status line: [HTTP/1.1 200 OK] @13-01-2022 02:08:17.0646 AM
[ReportManager] Assertion Passed: Evaluating the actual response status code against the expected one... @13-01-2022 02:08:17.0646 AM
[ReportManager] Assertion [ValidateComparativeRelation] PASSED. Expected [200] and Actual [200]. Comparison Type [EQUALS]. Validation Type [POSITIVE]. @13-01-2022 02:08:17.0647 AM
[ReportManager] API Action [PerformRequest] successfully performed. With the following test data [Request Type: "POST" | Target Status Code: "200" | Service URL: "https://api.spacex.land/graphql" | Content Type: "application/json" | Response Time: "440ms"]. @13-01-2022 02:08:17.0682 AM
[ReportManager] Successfully created attachment [API Request - Specifications] @13-01-2022 02:08:17.0683 AM
[ReportManager] Successfully created attachment [API Request - JSON Body] @13-01-2022 02:08:17.0684 AM
[ReportManager] Successfully created attachment [API Response - JSON Body] @13-01-2022 02:08:17.0684 AM
[ReportManager] API Action [GetResponseJSONValue] successfully performed. With the following test data [data.insert_users.returning[0].name]. @13-01-2022 02:08:17.0727 AM
[ReportManager] Assertion [ValidateEquals] PASSED. Expected [sherlock holmes] and Actual [sherlock holmes]. Comparison Type [EQUALS]. Validation Type [POSITIVE]. @13-01-2022 02:08:17.0727 A

################################################################################################################################################
Starting Execution:	[136 out of 161] test cases in the current suite
Test Method:		[testPackage01.Test_sendGraphqlRequest.sendGraphqlRequestUsingQuery]
################################################################################################################################################
[ReportManager] GraphQl Request is being Performed with the Following Parameters [Service URL: https://api.spacex.land/graphql | Request Body: {"query":"{company {ceo}}"}] @13-01-2022 02:08:17.0730 AM
[ReportManager] Response status code: [200], status line: [HTTP/1.1 200 OK] @13-01-2022 02:08:17.0980 AM
[ReportManager] Assertion Passed: Evaluating the actual response status code against the expected one... @13-01-2022 02:08:17.0981 AM
[ReportManager] Assertion [ValidateComparativeRelation] PASSED. Expected [200] and Actual [200]. Comparison Type [EQUALS]. Validation Type [POSITIVE]. @13-01-2022 02:08:17.0981 AM
[ReportManager] API Action [PerformRequest] successfully performed. With the following test data [Request Type: "POST" | Target Status Code: "200" | Service URL: "https://api.spacex.land/graphql" | Content Type: "application/json" | Response Time: "246ms"]. @13-01-2022 02:08:17.0994 AM
[ReportManager] Successfully created attachment [API Request - Specifications] @13-01-2022 02:08:17.0995 AM
[ReportManager] Successfully created attachment [API Request - JSON Body] @13-01-2022 02:08:17.0996 AM
[ReportManager] Successfully created attachment [API Response - JSON Body] @13-01-2022 02:08:17.0996 AM
[ReportManager] API Action [GetResponseJSONValue] successfully performed. With the following test data [data.company.ceo]. @13-01-2022 02:08:18.0007 AM
[ReportManager] Assertion [ValidateEquals] PASSED. Expected [Elon Musk] and Actual [Elon Musk]. Comparison Type [EQUALS]. Validation Type [POSITIVE]. @13-01-2022 02:08:18.0008 A

################################################################################################################################################
Starting Execution:	[137 out of 161] test cases in the current suite
Test Method:		[testPackage01.Test_MatchJsonSchema.checkAPI_ResponseSchema]
################################################################################################################################################
[ReportManager] Response status code: [200], status line: [HTTP/1.1 200 OK] @13-01-2022 02:08:18.0150 AM
[ReportManager] Assertion Passed: Evaluating the actual response status code against the expected one... @13-01-2022 02:08:18.0151 AM
[ReportManager] Assertion [ValidateComparativeRelation] PASSED. Expected [200] and Actual [200]. Comparison Type [EQUALS]. Validation Type [POSITIVE]. @13-01-2022 02:08:18.0151 AM
[ReportManager] API Action [PerformRequest] successfully performed. With the following test data [Request Type: "GET" | Target Status Code: "200" | Service URL: "http://api.zippopotam.us/us/90210" | Content Type: "*/*" | Response Time: "134ms"]. @13-01-2022 02:08:18.0170 AM
[ReportManager] Successfully created attachment [API Request - Specifications] @13-01-2022 02:08:18.0212 AM
[ReportManager] Successfully created attachment [API Response - JSON Body] @13-01-2022 02:08:18.0294 AM
[ReportManager] File Action [GetAbsolutePath] successfully performed. With the following test data [Relative Folder Path: "src/test/resources/testDataFiles/schema.json"]. @13-01-2022 02:08:18.0296 AM
[ReportManager] File Action [GetAbsolutePath] successfully performed. With the following test data [Relative Folder Path: "/Users/runner/work/SHAFT_ENGINE/SHAFT_ENGINE/src/test/resources/testDataFiles/schema.json"]. @13-01-2022 02:08:19.0023 AM
[ReportManager] File Action [ReadFromFile] successfully performed. With the following test data [File Path: "/Users/runner/work/SHAFT_ENGINE/SHAFT_ENGINE/src/test/resources/testDataFiles/schema.json"]. @13-01-2022 02:08:19.0023 AM
[ReportManager] Assertion Passed: Then I Assert that the API response schema matches that in this file [src/test/resources/testDataFiles/schema.json]. @13-01-2022 02:08:19.0025 AM
[ReportManager] Successfully created attachment [Validation Test Data - Expected JSON Value] @13-01-2022 02:08:19.0026 AM
[ReportManager] Successfully created attachment [Validation Test Data - Actual JSON Value] @13-01-2022 02:08:19.0027 AM
[ReportManager] Assertion [ValidateResponseFileSchema] PASSED. Expected [Response data should match the JSON File in this path '/Users/runner/work/SHAFT_ENGINE/SHAFT_ENGINE/src/test/resources/testDataFiles/schema.json'] and Actual [TRUE]. Comparison Type [EQUALS]. Validation Type [POSITIVE]. @13-01-2022 02:08:19.0027 A
[ReportManager] File Action [GetAbsolutePath] successfully performed. With the following test data [Relative Folder Path: "target/downloadedFiles/"]. @13-01-2022 02:08:19.0029 AM
[ReportManager] Attempting to run locally on: [Mac-64], [Safari], Headless Execution. @13-01-2022 02:08:19.0030 AM
[ReportManager] Successfully Opened Safari. @13-01-2022 02:08:19.0929 AM
[ReportManager] Initial window size: (800, 600) @13-01-2022 02:08:19.0966 AM
[ReportManager] Window size after SWD Maximize: (1176, 803) @13-01-2022 02:08:20.0041 AM
[ReportManager] Browser Action [MaximizeWindow] successfully performed. With the following test data [New screen size is now: (1176, 803)]. @13-01-2022 02:08:20.0041 A

################################################################################################################################################
Starting Execution:	[138 out of 161] test cases in the current suite
Test Method:		[testPackage01.Test_dragAndDrop.dragAndDropJquery]
################################################################################################################################################
[ReportManager] Target URL: [https://jqueryui.com/resources/demos/droppable/default.html] @13-01-2022 02:08:20.0043 AM
[ReportManager] Initial URL: [] @13-01-2022 02:08:20.0115 AM
[ReportManager] Browser Action [NavigateToURL] successfully performed. With the following test data [https://jqueryui.com/resources/demos/droppable/default.html]. @13-01-2022 02:08:20.0782 AM
[ReportManager] Element Action [GetText] successfully performed. With the following test data [
	Drop here
]. @13-01-2022 02:08:20.0818 AM
[ReportManager] Element Action [DragAndDrop] successfully performed. With the following test data [Start point: (8, 18), End point: (8, 18)]. @13-01-2022 02:08:21.0955 AM
[ReportManager] Element Action [GetText] successfully performed. With the following test data [
	Dropped!
]. @13-01-2022 02:08:21.0999 AM
[ReportManager] Assertion Passed: Checking to see if the text has changed after performing drag and drop @13-01-2022 02:08:21.0999 AM
[ReportManager] Assertion [ValidateEquals] PASSED. Expected [
	Drop here
] and Actual [
	Dropped!
]. Comparison Type [EQUALS]. Validation Type [NEGATIVE]. @13-01-2022 02:08:22.0000 A
[ReportManager] Browser Action [CloseCurrentWindow] successfully performed. @13-01-2022 02:08:22.0401 AM
[ReportManager] Successfully created attachment [Browser Action Test Data - CloseCurrentWindow - Actual Value] @13-01-2022 02:08:22.0401 A
[ReportManager] File Action [GetAbsolutePath] successfully performed. With the following test data [Relative Folder Path: "target/downloadedFiles/"]. @13-01-2022 02:08:22.0403 AM
[ReportManager] Attempting to run locally on: [Mac-64], [Safari], Headless Execution. @13-01-2022 02:08:22.0403 AM
[ReportManager] An Exception Occured with this Message: Could not start a new session. Possible causes are invalid address of the remote server or browser start-up failure.. @13-01-2022 02:08:22.0502 AM
[ReportManager] Successfully created attachment [Exception Stack Trace - org.openqa.selenium.SessionNotCreatedException] @13-01-2022 02:08:22.0503 AM
[ReportManager] Driver Factory Action [createNewLocalDriverInstanceForSafari] failed. With the following test data [Failed to create a session on DESKTOP_SAFARI]. @13-01-2022 02:08:22.0504 A

################################################################################################################################################
Starting Execution:	[139 out of 161] test cases in the current suite
Test Method:		[testPackage01.Test_dragAndDrop.dragAndDrop]
Test Description:	[TC001 - Test Drag and Drop function.]
###############################################################################################################################################



################################################################################################################################################
Starting Execution:	[140 out of 161] test cases in the current suite
Test Method:		[testPackage01.Test_dragAndDrop.dragAndDropByOffset]
Test Description:	[TC002 - Test Drag and Drop by offset function.]
###############################################################################################################################################

[ReportManager] Successfully loaded the following test data file [src/test/resources/testDataFiles/testSuite01/TestData.xlsx]. @13-01-2022 02:08:22.0556 AM
[ReportManager] Successfully created attachment [Test Data - Excel] @13-01-2022 02:08:22.0582 AM
[ReportManager] File Action [GetAbsolutePath] successfully performed. With the following test data [Relative Folder Path: "target/downloadedFiles/"]. @13-01-2022 02:08:22.0582 AM
[ReportManager] Attempting to run locally on: [Mac-64], [Safari], Headless Execution. @13-01-2022 02:08:22.0582 AM
[ReportManager] Successfully Opened Safari. @13-01-2022 02:08:23.0451 AM
[ReportManager] Initial window size: (800, 600) @13-01-2022 02:08:23.0511 AM
[ReportManager] Window size after SWD Maximize: (1176, 803) @13-01-2022 02:08:23.0581 AM
[ReportManager] Browser Action [MaximizeWindow] successfully performed. With the following test data [New screen size is now: (1176, 803)]. @13-01-2022 02:08:23.0581 A

################################################################################################################################################
Starting Execution:	[141 out of 161] test cases in the current suite
Test Method:		[testPackage01.Test_google.navigateToURLandVerifyGoogleLogoIsDisplayed]
Test Description:	[TC001 - Navigate to URL and Verify Google Logo is Displayed]
################################################################################################################################################
[ReportManager] Target URL: [https://www.google.com/ncr], and after redirection: [https://www.google.com] @13-01-2022 02:08:23.0583 AM
[ReportManager] Initial URL: [] @13-01-2022 02:08:23.0627 AM
[ReportManager] Browser Action [NavigateToURL] successfully performed. With the following test data [https://www.google.com/ncr]. @13-01-2022 02:08:25.0567 AM
[ReportManager] Assertion Passed: Then I Assert that the element found by [By.xpath: //*[@id='hplogo' or @alt='Google']] exists. @13-01-2022 02:08:25.0937 AM
[ReportManager] Successfully created attachment [Screenshot - 1642039705834_navigateToURLandVerifyGoogleLogoIsDisplayed_ValidateElementExists_passed] @13-01-2022 02:08:25.0938 AM
[ReportManager] Assertion [ValidateElementExists] PASSED. Expected [Element Should Exist, locator 'By.xpath: //*[@id='hplogo' or @alt='Google']'] and Actual [Element Exists]. Comparison Type [EQUALS]. Validation Type [POSITIVE]. @13-01-2022 02:08:25.0938 A

################################################################################################################################################
Starting Execution:	[142 out of 161] test cases in the current suite
Test Method:		[testPackage01.Test_google.searchForQueryandAssertResultsNumDisplayed]
Test Description:	[TC002 - Search for Query and Assert that the number of results is displayed]
################################################################################################################################################
[ReportManager] Element Action [Type] successfully performed. With the following test data [SHAFT_Engine]. @13-01-2022 02:08:26.0614 AM
[ReportManager] Element Action [KeyPress] successfully performed. With the following test data [Enter]. @13-01-2022 02:08:26.0759 AM
[ReportManager] Element Action [GetText] successfully performed. With the following test data [About 970,000 results (0.73 seconds)Quick SettingsSee all settingsPrivacySearch historyYour data in SearchUsing SearchExplicit results filterLearn more about SafeSearchHide explicit resultsLanguagesEnglishAdvanced searchAppearanceLight themeDark themeDevice defaultSupportSearch help]. @13-01-2022 02:08:28.0568 AM
[ReportManager] Assertion Passed: Then I Assert that the element found by [By.id: appbar] text does not equal []. @13-01-2022 02:08:30.0142 AM
[ReportManager] Successfully created attachment [Screenshot - 1642039710052_searchForQueryandAssertResultsNumDisplayed_ValidateElementAttribute_passed] @13-01-2022 02:08:30.0144 AM
[ReportManager] Assertion [ValidateElementAttribute] PASSED. Expected [Value Should not be '' for the 'text' attribute, element locator 'By.id: appbar'] and Actual [About 970,000 results (0.73 seconds)Quick SettingsSee all settingsPrivacySearch historyYour data in SearchUsing SearchExplicit results filterLearn more about SafeSearchHide explicit resultsLanguagesEnglishAdvanced searchAppearanceLight themeDark themeDevice defaultSupportSearch help]. Comparison Type [EQUALS]. Validation Type [NEGATIVE]. @13-01-2022 02:08:30.0145 A

################################################################################################################################################
Starting Execution:	[143 out of 161] test cases in the current suite
Test Method:		[testPackage01.Test_google.clickNextThrice]
Test Description:	[TC003 - Clicks the next button to make sure that the framework can scroll element into view before clicking it]
################################################################################################################################################
[ReportManager] Element Action [Click] successfully performed. With the following test data [By.xpath: //span[text()='Next']]. @13-01-2022 02:08:31.0405 A
[ReportManager] Successfully Closed All Drivers. @13-01-2022 02:08:31.0776 A
[ReportManager] File Action [GetAbsolutePath] successfully performed. With the following test data [Relative Folder Path: "target/downloadedFiles/"]. @13-01-2022 02:08:31.0779 AM
[ReportManager] Attempting to run locally on: [Mac-64], [Safari], Headless Execution. @13-01-2022 02:08:31.0779 AM
[ReportManager] An Exception Occured with this Message: Could not start a new session. Possible causes are invalid address of the remote server or browser start-up failure.. @13-01-2022 02:08:31.0882 AM
[ReportManager] Successfully created attachment [Exception Stack Trace - org.openqa.selenium.SessionNotCreatedException] @13-01-2022 02:08:31.0882 AM
[ReportManager] Driver Factory Action [createNewLocalDriverInstanceForSafari] failed. With the following test data [Failed to create a session on DESKTOP_SAFARI]. @13-01-2022 02:08:31.0882 A

################################################################################################################################################
Starting Execution:	[144 out of 161] test cases in the current suite
Test Method:		[testPackage01.Test_chainableElementActions.chainElementActions]
###############################################################################################################################################

[ReportManager] File Action [GetAbsolutePath] successfully performed. With the following test data [Relative Folder Path: "target/downloadedFiles/"]. @13-01-2022 02:08:31.0891 AM
[ReportManager] Attempting to run locally on: [Mac-64], [Safari], Headless Execution. @13-01-2022 02:08:31.0891 AM
[ReportManager] Successfully Opened Safari. @13-01-2022 02:08:32.0881 AM
[ReportManager] Initial window size: (800, 600) @13-01-2022 02:08:32.0907 AM
[ReportManager] Window size after SWD Maximize: (1176, 803) @13-01-2022 02:08:32.0925 AM
[ReportManager] Browser Action [MaximizeWindow] successfully performed. With the following test data [New screen size is now: (1176, 803)]. @13-01-2022 02:08:32.0925 A

################################################################################################################################################
Starting Execution:	[145 out of 161] test cases in the current suite
Test Method:		[testPackage01.Test_RelativeLocators.relativeLocatorsTest1]
################################################################################################################################################
[ReportManager] Target URL: [https://duckduckgo.com/] @13-01-2022 02:08:32.0969 AM
[ReportManager] Initial URL: [] @13-01-2022 02:08:33.0004 AM
[ReportManager] Browser Action [NavigateToURL] successfully performed. With the following test data [https://duckduckgo.com/]. @13-01-2022 02:08:33.0763 AM
[ReportManager] Element Action [Type] successfully performed. With the following test data [SHAFT_Engine]. @13-01-2022 02:08:34.0161 AM
[ReportManager] Element Action [KeyPress] successfully performed. With the following test data [ENTER]. @13-01-2022 02:08:34.0315 AM
[ReportManager] Element Action [GetText] successfully performed. With the following test data [GitHub - MohabMohie/SHAFT_ENGINE: SHAFT_ENGINE is a Test ...]. @13-01-2022 02:08:36.0095 AM
[ReportManager] Assertion Passed: Then I Assert that the element found by [Relative Locator: {root={xpath=//a[@class='result__a js-result-title-link']}, filters=[{kind=below, args=[{xpath=//input[@name='q']}]}]}] text does not equal []. @13-01-2022 02:08:36.0369 AM
[ReportManager] Successfully created attachment [Screenshot - 1642039716272_relativeLocatorsTest1_ValidateElementAttribute_passed] @13-01-2022 02:08:36.0372 AM
[ReportManager] Assertion [ValidateElementAttribute] PASSED. Expected [Value Should not be '' for the 'text' attribute, element locator '[unknown locator]'] and Actual [GitHub - MohabMohie/SHAFT_ENGINE: SHAFT_ENGINE is a Test ...]. Comparison Type [EQUALS]. Validation Type [NEGATIVE]. @13-01-2022 02:08:36.0372 A
[ReportManager] Browser Action [CloseCurrentWindow] successfully performed. @13-01-2022 02:08:36.0702 AM
[ReportManager] Successfully created attachment [Browser Action Test Data - CloseCurrentWindow - Actual Value] @13-01-2022 02:08:36.0703 A

################################################################################################################################################
Starting Execution:	[146 out of 161] test cases in the current suite
Test Method:		[testPackage01.Test_JsonCompareWithSpecialCharacters.specialCharacters]
################################################################################################################################################
[ReportManager] File Action [GetAbsolutePath] successfully performed. With the following test data [Relative Folder Path: "src/test/resources/testDataFiles/specialCharacters.json"]. @13-01-2022 02:08:36.0714 AM
[ReportManager] File Action [ReadFromFile] successfully performed. With the following test data [File Path: "/Users/runner/work/SHAFT_ENGINE/SHAFT_ENGINE/src/test/resources/testDataFiles/specialCharacters.json"]. @13-01-2022 02:08:36.0715 AM
[ReportManager] Successfully created attachment [File Action Actual Result - Command Log] @13-01-2022 02:08:36.0718 AM
[ReportManager] Comparing the provided API response with the file at this path "src/test/resources/testDataFiles/specialCharacters.json", comparison type "EQUALS" @13-01-2022 02:08:36.0725 AM
[ReportManager] API Action [CompareJSON] successfully performed. With the following test data [src/test/resources/testDataFiles/specialCharacters.json]. @13-01-2022 02:08:36.0737 AM
[ReportManager] File Action [GetAbsolutePath] successfully performed. With the following test data [Relative Folder Path: "src/test/resources/testDataFiles/specialCharacters.json"]. @13-01-2022 02:08:36.0737 AM
[ReportManager] File Action [ReadFromFile] successfully performed. With the following test data [File Path: "/Users/runner/work/SHAFT_ENGINE/SHAFT_ENGINE/src/test/resources/testDataFiles/specialCharacters.json"]. @13-01-2022 02:08:36.0737 AM
[ReportManager] Verification [ValidateJSONFileContent] PASSED. Expected [Response data should match the JSON File in this path 'src/test/resources/testDataFiles/specialCharacters.json'] and Actual [TRUE]. Comparison Type [EQUALS]. Validation Type [POSITIVE]. @13-01-2022 02:08:36.0742 AM
[ReportManager] Successfully created attachment [Validation Test Data - Expected JSON Value] @13-01-2022 02:08:36.0783 AM
[ReportManager] Successfully created attachment [Validation Test Data - Actual JSON Value] @13-01-2022 02:08:36.0784 A

################################################################################################################################################
Starting Execution:	[147 out of 161] test cases in the current suite
Test Method:		[testPackage01.Test_JsonCompareWithSpecialCharacters.specialCharacters_assertion]
################################################################################################################################################
[ReportManager] File Action [GetAbsolutePath] successfully performed. With the following test data [Relative Folder Path: "src/test/resources/testDataFiles/specialCharacters.json"]. @13-01-2022 02:08:36.0787 AM
[ReportManager] File Action [ReadFromFile] successfully performed. With the following test data [File Path: "/Users/runner/work/SHAFT_ENGINE/SHAFT_ENGINE/src/test/resources/testDataFiles/specialCharacters.json"]. @13-01-2022 02:08:36.0787 AM
[ReportManager] Successfully created attachment [File Action Actual Result - Command Log] @13-01-2022 02:08:36.0788 AM
[ReportManager] Comparing the provided API response with the file at this path "src/test/resources/testDataFiles/specialCharacters.json", comparison type "CONTAINS" @13-01-2022 02:08:36.0788 AM
[ReportManager] API Action [CompareJSON] successfully performed. With the following test data [src/test/resources/testDataFiles/specialCharacters.json]. @13-01-2022 02:08:36.0798 AM
[ReportManager] File Action [GetAbsolutePath] successfully performed. With the following test data [Relative Folder Path: "src/test/resources/testDataFiles/specialCharacters.json"]. @13-01-2022 02:08:36.0799 AM
[ReportManager] File Action [ReadFromFile] successfully performed. With the following test data [File Path: "/Users/runner/work/SHAFT_ENGINE/SHAFT_ENGINE/src/test/resources/testDataFiles/specialCharacters.json"]. @13-01-2022 02:08:36.0799 AM
[ReportManager] Assertion Passed: trying out the log message @13-01-2022 02:08:36.0802 AM
[ReportManager] Successfully created attachment [Validation Test Data - Expected JSON Value] @13-01-2022 02:08:36.0803 AM
[ReportManager] Successfully created attachment [Validation Test Data - Actual JSON Value] @13-01-2022 02:08:36.0804 AM
[ReportManager] Assertion [ValidateJSONFileContent] PASSED. Expected [Response data should match the JSON File in this path 'src/test/resources/testDataFiles/specialCharacters.json'] and Actual [TRUE]. Comparison Type [CONTAINS]. Validation Type [POSITIVE]. @13-01-2022 02:08:36.0804 A

################################################################################################################################################
Starting Execution:	[148 out of 161] test cases in the current suite
Test Method:		[testPackage01.Test_SkipDueToIssue.doNotSkip]
################################################################################################################################################
[ReportManager] This should not be skipped. @13-01-2022 02:08:36.0810 A

################################################################################################################################################
Starting Execution:	[149 out of 161] test cases in the current suite
Test Method:		[testPackage01.Test_SkipDueToIssue.skip]
################################################################################################################################################
[ReportManager] This should be skipped. @13-01-2022 02:08:36.0817 A

################################################################################################################################################
Starting Execution:	[150 out of 161] test cases in the current suite
Test Method:		[testPackage01.Test_SkipDueToIssue.skip2]
################################################################################################################################################
[ReportManager] This should be skipped. @13-01-2022 02:08:36.0823 A

################################################################################################################################################
Starting Execution:	[151 out of 161] test cases in the current suite
Test Method:		[testPackage01.Test_JSONFileManager.readStringFromJson]
################################################################################################################################################
[ReportManager] File Action [GetAbsolutePath] successfully performed. With the following test data [Relative Folder Path: "src/test/resources/testDataFiles/simpleJSON.json"]. @13-01-2022 02:08:36.0829 AM
[ReportManager] Successfully loaded the following test data file [src/test/resources/testDataFiles/simpleJSON.json]. @13-01-2022 02:08:36.0830 AM
[ReportManager] Successfully created attachment [Test Data - JSON] @13-01-2022 02:08:36.0831 AM
[ReportManager] File Action [GetAbsolutePath] successfully performed. With the following test data [Relative Folder Path: "src/test/resources/testDataFiles/simpleJSON.json"]. @13-01-2022 02:08:36.0832 AM
[ReportManager] Assertion [ValidateEquals] PASSED. Expected [Mohab Mohie] and Actual [Mohab Mohie]. Comparison Type [EQUALS]. Validation Type [POSITIVE]. @13-01-2022 02:08:36.0846 A
[ReportManager] File Action [GetAbsolutePath] successfully performed. With the following test data [Relative Folder Path: "target/downloadedFiles/"]. @13-01-2022 02:08:36.0849 AM
[ReportManager] Attempting to run locally on: [Mac-64], [Safari], Headless Execution. @13-01-2022 02:08:36.0849 AM
[ReportManager] Successfully Opened Safari. @13-01-2022 02:08:37.0788 AM
[ReportManager] Initial window size: (800, 600) @13-01-2022 02:08:37.0806 AM
[ReportManager] Window size after SWD Maximize: (1176, 803) @13-01-2022 02:08:37.0908 AM
[ReportManager] Browser Action [MaximizeWindow] successfully performed. With the following test data [New screen size is now: (1176, 803)]. @13-01-2022 02:08:37.0909 A

################################################################################################################################################
Starting Execution:	[152 out of 161] test cases in the current suite
Test Method:		[testPackage01.Test_assertEquals.test_assertElementAttribute]
################################################################################################################################################
[ReportManager] Target URL: [https://www.google.com/ncr], and after redirection: [https://www.google.com] @13-01-2022 02:08:37.0911 AM
[ReportManager] Initial URL: [] @13-01-2022 02:08:37.0952 AM
[ReportManager] Browser Action [NavigateToURL] successfully performed. With the following test data [https://www.google.com/ncr]. @13-01-2022 02:08:39.0883 AM
[ReportManager] Element Action [Type] successfully performed. With the following test data [INC_004010050:Another SCHEDULER with the same name [Duplicate Job Name] already exists.]. @13-01-2022 02:08:40.0801 AM
[ReportManager] Element Action [GetText] successfully performed. With the following test data [INC_004010050:Another SCHEDULER with the same name [Duplicate Job Name] already exists.]. @13-01-2022 02:08:40.0979 AM
[ReportManager] Assertion [ValidateElementAttribute] PASSED. Expected [Value Should be 'INC_004010050:Another SCHEDULER with the same name \[Duplicate Job Name\] already exists.' for the 'text' attribute, element locator 'By.name: q'] and Actual [INC_004010050:Another SCHEDULER with the same name [Duplicate Job Name] already exists.]. Comparison Type [MATCHES]. Validation Type [POSITIVE]. @13-01-2022 02:08:41.0219 AM
[ReportManager] Successfully created attachment [Screenshot - 1642039721104_test_assertElementAttribute_ValidateElementAttribute_passed] @13-01-2022 02:08:41.0220 A
[ReportManager] Browser Action [CloseCurrentWindow] successfully performed. @13-01-2022 02:08:41.0652 AM
[ReportManager] Successfully created attachment [Browser Action Test Data - CloseCurrentWindow - Actual Value] @13-01-2022 02:08:41.0653 A
[ReportManager] File Action [GetAbsolutePath] successfully performed. With the following test data [Relative Folder Path: "target/downloadedFiles/"]. @13-01-2022 02:08:41.0654 AM
[ReportManager] Attempting to run locally on: [Mac-64], [Safari], Headless Execution. @13-01-2022 02:08:41.0654 AM
[ReportManager] Successfully Opened Safari. @13-01-2022 02:08:42.0505 AM
[ReportManager] Initial window size: (800, 600) @13-01-2022 02:08:42.0542 AM
[ReportManager] Window size after SWD Maximize: (1176, 803) @13-01-2022 02:08:42.0617 AM
[ReportManager] Browser Action [MaximizeWindow] successfully performed. With the following test data [New screen size is now: (1176, 803)]. @13-01-2022 02:08:42.0618 A

################################################################################################################################################
Starting Execution:	[153 out of 161] test cases in the current suite
Test Method:		[testPackage01.Test_IsElementClickable.testIsElementClickable]
################################################################################################################################################
[ReportManager] Target URL: [https://the-internet.herokuapp.com/] @13-01-2022 02:08:42.0623 AM
[ReportManager] Initial URL: [] @13-01-2022 02:08:42.0670 AM
[ReportManager] Browser Action [NavigateToURL] successfully performed. With the following test data [https://the-internet.herokuapp.com/]. @13-01-2022 02:08:44.0000 AM
[ReportManager] Element Action [IsElementClickable] successfully performed. @13-01-2022 02:08:44.0102 AM
[ReportManager] Assertion [ValidateTrue] PASSED. Expected [TRUE] and Actual [TRUE]. Validation Type [POSITIVE]. @13-01-2022 02:08:44.0103 A
[ReportManager] Browser Action [CloseCurrentWindow] successfully performed. @13-01-2022 02:08:44.0535 AM
[ReportManager] Successfully created attachment [Browser Action Test Data - CloseCurrentWindow - Actual Value] @13-01-2022 02:08:44.0535 A
[ReportManager] Successfully loaded the following test data file [src/test/resources/testDataFiles/testSuite01/TestData.xlsx]. @13-01-2022 02:08:44.0576 AM
[ReportManager] Successfully created attachment [Test Data - Excel] @13-01-2022 02:08:44.0576 AM
[ReportManager] Attempting to run using Playwright locally on: [Mac-64], [Safari], Headless Execution. @13-01-2022 02:09:13.0865 AM
[ReportManager] File Action [GetAbsolutePath] successfully performed. With the following test data [Relative Folder Path: "target/downloadedFiles/"]. @13-01-2022 02:09:13.0866 AM
[ReportManager] Initial window size: (1280, 720) @13-01-2022 02:09:19.0340 AM
[ReportManager] Window size after Toolkit: com.microsoft.playwright.options.ViewportSize@7da1010a @13-01-2022 02:09:19.0349 AM
[ReportManager] Browser Action [MaximizeWindow] successfully performed. With the following test data [New screen size is now: (1920, 1080)]. @13-01-2022 02:09:19.0350 A

################################################################################################################################################
Starting Execution:	[154 out of 161] test cases in the current suite
Test Method:		[testPackage01.Test_google_playwright.navigateToURLandVerifyGoogleLogoIsDisplayed]
Test Description:	[TC001 - Navigate to URL and Verify Google Logo is Displayed]
################################################################################################################################################
[ReportManager] Target URL: [https://www.google.com/ncr], and after redirection: [https://www.google.com] @13-01-2022 02:09:19.0353 AM
[ReportManager] Initial URL: [about:blank] @13-01-2022 02:09:19.0926 AM
[ReportManager] Browser Action [NavigateToURL] successfully performed. With the following test data [https://www.google.com/ncr]. @13-01-2022 02:09:22.0973 AM
[ReportManager] Assertion [ValidateElementExists] PASSED. Expected [Element Should Exist, locator 'xpath=//*[@id='hplogo' or @alt='Google']'] and Actual [Element Exists]. Comparison Type [EQUALS]. Validation Type [POSITIVE]. @13-01-2022 02:09:23.0229 AM
[ReportManager] Successfully created attachment [Screenshot - 1642039763115_navigateToURLandVerifyGoogleLogoIsDisplayed_ValidateElementExists_passed] @13-01-2022 02:09:23.0230 A

################################################################################################################################################
Starting Execution:	[155 out of 161] test cases in the current suite
Test Method:		[testPackage01.Test_google_playwright.searchForQueryandAssertResultsNumDisplayed]
Test Description:	[TC002 - Search for Query and Assert that the number of results is displayed]
################################################################################################################################################
[ReportManager] Element Action [Type] successfully performed. With the following test data [SHAFT_Engine]. @13-01-2022 02:09:23.0399 AM
[ReportManager] Element Action [KeyPress] successfully performed. With the following test data [Enter]. @13-01-2022 02:09:23.0426 AM
[ReportManager] Element Action [GetText] successfully performed. With the following test data [About 970,000 results (0.58 seconds)
]. @13-01-2022 02:09:24.0320 AM
[ReportManager] Assertion [ValidateElementAttribute] PASSED. Expected [Value Should not be '' for the 'text' attribute, element locator 'xpath=//div[@id='appbar']'] and Actual [About 970,000 results (0.58 seconds)
]. Comparison Type [EQUALS]. Validation Type [NEGATIVE]. @13-01-2022 02:09:27.0124 AM
[ReportManager] Successfully created attachment [Screenshot - 1642039766979_searchForQueryandAssertResultsNumDisplayed_ValidateElementAttribute_passed] @13-01-2022 02:09:27.0127 A

################################################################################################################################################
Starting Execution:	[156 out of 161] test cases in the current suite
Test Method:		[testPackage01.Test_google_playwright.clickNextThrice]
Test Description:	[TC003 - Clicks the next button to make sure that the framework can scroll element into view before clicking it]
################################################################################################################################################
[ReportManager] Element Action [Click] successfully performed. With the following test data [Next]. @13-01-2022 02:09:27.0574 A
[ReportManager] Failed to find video recording. @13-01-2022 02:09:27.0577 AM
[ReportManager] Successfully Closed PlayWright Driver. @13-01-2022 02:09:27.0621 A
[ReportManager] File Action [GetAbsolutePath] successfully performed. With the following test data [Relative Folder Path: "target/downloadedFiles/"]. @13-01-2022 02:09:27.0622 AM
[ReportManager] Attempting to run locally on: [Mac-64], [Safari], Headless Execution. @13-01-2022 02:09:27.0623 AM
[ReportManager] Successfully Opened Safari. @13-01-2022 02:09:28.0982 AM
[ReportManager] Initial window size: (800, 600) @13-01-2022 02:09:29.0121 AM
[ReportManager] Window size after SWD Maximize: (1176, 803) @13-01-2022 02:09:29.0186 AM
[ReportManager] Browser Action [MaximizeWindow] successfully performed. With the following test data [New screen size is now: (1176, 803)]. @13-01-2022 02:09:29.0187 A

################################################################################################################################################
Starting Execution:	[157 out of 161] test cases in the current suite
Test Method:		[testPackage01.Test_verifyEquals.test_assertElementAttribute]
################################################################################################################################################
[ReportManager] Target URL: [https://www.google.com/ncr], and after redirection: [https://www.google.com] @13-01-2022 02:09:29.0227 AM
[ReportManager] Initial URL: [] @13-01-2022 02:09:29.0628 AM
[ReportManager] Browser Action [NavigateToURL] successfully performed. With the following test data [https://www.google.com/ncr]. @13-01-2022 02:09:31.0490 AM
[ReportManager] Element Action [Type] successfully performed. With the following test data [INC_004010050:Another SCHEDULER with the same name [Duplicate Job Name] already exists.]. @13-01-2022 02:09:32.0472 AM
[ReportManager] Element Action [GetText] successfully performed. With the following test data [INC_004010050:Another SCHEDULER with the same name [Duplicate Job Name] already exists.]. @13-01-2022 02:09:32.0642 AM
[ReportManager] Verification [ValidateElementAttribute] PASSED. Expected [Value Should be 'INC_004010050:Another SCHEDULER with the same name \[Duplicate Job Name\] already exists.' for the 'text' attribute, element locator 'By.name: q'] and Actual [INC_004010050:Another SCHEDULER with the same name [Duplicate Job Name] already exists.]. Comparison Type [MATCHES]. Validation Type [POSITIVE]. @13-01-2022 02:09:32.0952 AM
[ReportManager] Successfully created attachment [Screenshot - 1642039772853_test_assertElementAttribute_ValidateElementAttribute_passed] @13-01-2022 02:09:32.0953 A
[ReportManager] Browser Action [CloseCurrentWindow] successfully performed. @13-01-2022 02:09:33.0427 AM
[ReportManager] Successfully created attachment [Browser Action Test Data - CloseCurrentWindow - Actual Value] @13-01-2022 02:09:33.0428 A

################################################################################################################################################
Starting Execution:	[158 out of 161] test cases in the current suite
Test Method:		[testPackage01.Test_SelectedValue.multipleSelect]
################################################################################################################################################
[ReportManager] File Action [GetAbsolutePath] successfully performed. With the following test data [Relative Folder Path: "target/downloadedFiles/"]. @13-01-2022 02:09:33.0438 AM
[ReportManager] Attempting to run locally on: [Mac-64], [GoogleChrome], Headless Execution. @13-01-2022 02:09:33.0440 AM
[ReportManager] Identifying OS/Driver combination and selecting the correct driver version automatically. Please note that if a new driver executable will be downloaded it may take some time... @13-01-2022 02:09:33.0440 AM
[ReportManager] Successfully Opened Google Chrome. @13-01-2022 02:09:37.0586 AM
[ReportManager] Initial window size: (1920, 1080) @13-01-2022 02:09:37.0590 AM
[ReportManager] Window size after SWD Maximize: (1920, 1080) @13-01-2022 02:09:37.0782 AM
[ReportManager] Window size after Toolkit: (1920, 1080) @13-01-2022 02:09:38.0343 AM
[ReportManager] Browser Action [MaximizeWindow] successfully performed. With the following test data [New screen size is now: (1920, 1080)]. @13-01-2022 02:09:38.0347 AM
[ReportManager] Target URL: [https://yari-demos.prod.mdn.mozit.cloud/en-US/docs/Web/HTML/Element/select/_sample_.Advanced_select_with_multiple_features.html] @13-01-2022 02:09:38.0348 AM
[ReportManager] Initial URL: [data:,] @13-01-2022 02:09:38.0384 AM
[ReportManager] Browser Action [NavigateToURL] successfully performed. With the following test data [https://yari-demos.prod.mdn.mozit.cloud/en-US/docs/Web/HTML/Element/select/_sample_.Advanced_select_with_multiple_features.html]. @13-01-2022 02:09:38.0733 AM
[ReportManager] Element Action [Select] successfully performed. With the following test data [Dog]. @13-01-2022 02:09:38.0965 AM
[ReportManager] Element Action [Select] successfully performed. With the following test data [Cat]. @13-01-2022 02:09:39.0159 AM
[ReportManager] Element Action [GetSelectedText] successfully performed. With the following test data [DogCat]. @13-01-2022 02:09:39.0271 AM
[ReportManager] DogCat @13-01-2022 02:09:39.0271 AM
[ReportManager] Element Action [GetSelectedText] successfully performed. With the following test data [DogCat]. @13-01-2022 02:09:39.0358 AM
[ReportManager] Assertion [ValidateElementAttribute] PASSED. Expected [Value Should be 'DogCat' for the 'selectedText' attribute, element locator 'By.tagName: select'] and Actual [DogCat]. Comparison Type [EQUALS]. Validation Type [POSITIVE]. @13-01-2022 02:09:39.0878 AM
[ReportManager] Successfully created attachment [Screenshot - 1642039779772_multipleSelect_ValidateElementAttribute_passed] @13-01-2022 02:09:39.0879 AM
[ReportManager] Browser Action [CloseCurrentWindow] successfully performed. @13-01-2022 02:09:40.0274 AM
[ReportManager] Successfully created attachment [Browser Action Test Data - CloseCurrentWindow - Actual Value] @13-01-2022 02:09:40.0274 A

################################################################################################################################################
Starting Execution:	[159 out of 161] test cases in the current suite
Test Method:		[testPackage01.Test_SelectedValue.simpleSelect]
################################################################################################################################################
[ReportManager] File Action [GetAbsolutePath] successfully performed. With the following test data [Relative Folder Path: "target/downloadedFiles/"]. @13-01-2022 02:09:40.0279 AM
[ReportManager] Attempting to run locally on: [Mac-64], [GoogleChrome], Headless Execution. @13-01-2022 02:09:40.0279 AM
[ReportManager] Identifying OS/Driver combination and selecting the correct driver version automatically. Please note that if a new driver executable will be downloaded it may take some time... @13-01-2022 02:09:40.0279 AM
[ReportManager] Successfully Opened Google Chrome. @13-01-2022 02:09:40.0801 AM
[ReportManager] Initial window size: (1920, 1080) @13-01-2022 02:09:40.0805 AM
[ReportManager] Window size after SWD Maximize: (1920, 1080) @13-01-2022 02:09:41.0039 AM
[ReportManager] Window size after Toolkit: (1920, 1080) @13-01-2022 02:09:41.0530 AM
[ReportManager] Browser Action [MaximizeWindow] successfully performed. With the following test data [New screen size is now: (1920, 1080)]. @13-01-2022 02:09:41.0533 AM
[ReportManager] Target URL: [https://yari-demos.prod.mdn.mozit.cloud/en-US/docs/Web/HTML/Element/select/_sample_.Basic_select.html] @13-01-2022 02:09:41.0533 AM
[ReportManager] Initial URL: [data:,] @13-01-2022 02:09:41.0563 AM
[ReportManager] Browser Action [NavigateToURL] successfully performed. With the following test data [https://yari-demos.prod.mdn.mozit.cloud/en-US/docs/Web/HTML/Element/select/_sample_.Basic_select.html]. @13-01-2022 02:09:41.0793 AM
[ReportManager] Element Action [Select] successfully performed. With the following test data [Third Value]. @13-01-2022 02:09:42.0055 AM
[ReportManager] Element Action [GetSelectedText] successfully performed. With the following test data [Third Value]. @13-01-2022 02:09:42.0131 AM
[ReportManager] Third Value @13-01-2022 02:09:42.0131 AM
[ReportManager] Element Action [GetSelectedText] successfully performed. With the following test data [Third Value]. @13-01-2022 02:09:42.0212 AM
[ReportManager] Assertion [ValidateElementAttribute] PASSED. Expected [Value Should be 'Third Value' for the 'selectedText' attribute, element locator 'By.tagName: select'] and Actual [Third Value]. Comparison Type [EQUALS]. Validation Type [POSITIVE]. @13-01-2022 02:09:42.0862 AM
[ReportManager] Successfully created attachment [Screenshot - 1642039782718_simpleSelect_ValidateElementAttribute_passed] @13-01-2022 02:09:42.0863 AM
[ReportManager] Browser Action [CloseCurrentWindow] successfully performed. @13-01-2022 02:09:43.0065 AM
[ReportManager] Successfully created attachment [Browser Action Test Data - CloseCurrentWindow - Actual Value] @13-01-2022 02:09:43.0066 A
[ReportManager] File Action [GetAbsolutePath] successfully performed. With the following test data [Relative Folder Path: "target/downloadedFiles/"]. @13-01-2022 02:09:43.0068 AM
[ReportManager] Attempting to run locally on: [Mac-64], [Safari], Headless Execution. @13-01-2022 02:09:43.0068 AM
[ReportManager] Successfully Opened Safari. @13-01-2022 02:09:43.0947 AM
[ReportManager] Initial window size: (800, 600) @13-01-2022 02:09:43.0987 AM
[ReportManager] Window size after SWD Maximize: (1176, 803) @13-01-2022 02:09:44.0017 AM
[ReportManager] Browser Action [MaximizeWindow] successfully performed. With the following test data [New screen size is now: (1176, 803)]. @13-01-2022 02:09:44.0018 A

################################################################################################################################################
Starting Execution:	[160 out of 161] test cases in the current suite
Test Method:		[testPackage01.Test_dynamicLoading.dynamicLoading_elementIsHidden]
################################################################################################################################################
[ReportManager] Target URL: [https://the-internet.herokuapp.com/dynamic_loading/1] @13-01-2022 02:09:44.0020 AM
[ReportManager] Initial URL: [] @13-01-2022 02:09:44.0137 AM
[ReportManager] Browser Action [NavigateToURL] successfully performed. With the following test data [https://the-internet.herokuapp.com/dynamic_loading/1]. @13-01-2022 02:09:45.0499 AM
[ReportManager] Element Action [Click] successfully performed. With the following test data [By.xpath: //button[text()='Start']]. @13-01-2022 02:09:45.0710 AM
[ReportManager] Element Action [GetText] successfully performed. With the following test data [
    Hello World!
  ]. @13-01-2022 02:09:45.0818 A
[ReportManager] Browser Action [CloseCurrentWindow] successfully performed. @13-01-2022 02:09:46.0349 AM
[ReportManager] Successfully created attachment [Browser Action Test Data - CloseCurrentWindow - Actual Value] @13-01-2022 02:09:46.0349 A
[ReportManager] File Action [GetAbsolutePath] successfully performed. With the following test data [Relative Folder Path: "target/downloadedFiles/"]. @13-01-2022 02:09:46.0351 AM
[ReportManager] Attempting to run locally on: [Mac-64], [Safari], Headless Execution. @13-01-2022 02:09:46.0351 AM
[ReportManager] An Exception Occured with this Message: Could not start a new session. Possible causes are invalid address of the remote server or browser start-up failure.. @13-01-2022 02:09:46.0417 AM
[ReportManager] Successfully created attachment [Exception Stack Trace - org.openqa.selenium.SessionNotCreatedException] @13-01-2022 02:09:46.0418 AM
[ReportManager] Driver Factory Action [createNewLocalDriverInstanceForSafari] failed. With the following test data [Failed to create a session on DESKTOP_SAFARI]. @13-01-2022 02:09:46.0418 A

################################################################################################################################################
Starting Execution:	[161 out of 161] test cases in the current suite
Test Method:		[testPackage01.Test_dynamicLoading.dynamicLoading_elementIsRendered]
###############################################################################################################################################

[ReportManager] Successfully created attachment [SHAFT Engine Logs - Execution log] @13-01-2022 02:09:46.0459 AM

################################################################################################################################################
This test run was powered by SHAFT Engine Version: [SHAFT Engine v5.5.20220112]
SHAFT Engine is licensed under the MIT License: [https://github.com/MohabMohie/SHAFT_ENGINE/blob/master/LICENSE].
################################################################################################################################################