################################################################################################################################################
Detected SHAFT Engine Version: [SHAFT Engine v5.4.20211116-BETA]
################################################################################################################################################
[ReportManager] File Action [GetAbsolutePath] successfully performed. With the following test data [Relative Folder Path: "target/downloadedFiles/"]. @16-11-2021 07:11:28.0176 AM
[ReportManager] Attempting to run locally on: [Mac-64], [Safari], Headless Execution. @16-11-2021 07:11:28.0191 AM
[ReportManager] Successfully Opened Safari. @16-11-2021 07:11:31.0943 AM
[ReportManager] Initial window size: (800, 600) @16-11-2021 07:11:31.0961 AM
[ReportManager] Window size after SWD Maximize: (1176, 810) @16-11-2021 07:11:31.0996 AM
[ReportManager] Browser Action [MaximizeWindow] successfully performed. With the following test data [New screen size is now: (1176, 810)]. @16-11-2021 07:11:32.0004 A

################################################################################################################################################
Starting Execution:	[1 out of 146] test cases in the current suite
Test Method:		[unitTests.tests_element_elementActions.waitForElementToBePresent_false_expectedToFail]
################################################################################################################################################
[ReportManager] Target URL: [https://www.google.com/ncr], and after redirection: [www.google.com] @16-11-2021 07:11:32.0165 AM
[ReportManager] Initial URL: [] @16-11-2021 07:11:32.0224 AM
[ReportManager] Browser Action [NavigateToURL] successfully performed. With the following test data [https://www.google.com/ncr]. @16-11-2021 07:11:33.0460 AM
[ReportManager] Waiting for element to be present; elementLocator [By.xpath: //*[@id='hplogo' or @alt='Google']], numberOfTries[1], stateOfPresence[false]... @16-11-2021 07:11:33.0468 AM
[ReportManager] Element Action [WaitForElementToBePresent] failed. With the following test data [waited for the element's state of presence to be (false). Element locator (By.xpath: //*[@id='hplogo' or @alt='Google'])]. @16-11-2021 07:11:35.0986 AM
[ReportManager] Successfully created attachment [Screenshot - 1637046693528_waitForElementToBePresent_false_expectedToFail_WaitForElementToBePresent_failed] @16-11-2021 07:11:36.0000 A
[ReportManager] Browser Action [CloseCurrentWindow] successfully performed. @16-11-2021 07:11:36.0204 AM
[ReportManager] Successfully created attachment [Browser Action Test Data - CloseCurrentWindow - Actual Value] @16-11-2021 07:11:36.0205 A
[ReportManager] File Action [GetAbsolutePath] successfully performed. With the following test data [Relative Folder Path: "target/downloadedFiles/"]. @16-11-2021 07:11:36.0219 AM
[ReportManager] Attempting to run locally on: [Mac-64], [Safari], Headless Execution. @16-11-2021 07:11:36.0220 AM
[ReportManager] Successfully Opened Safari. @16-11-2021 07:11:37.0153 AM
[ReportManager] Initial window size: (800, 600) @16-11-2021 07:11:37.0164 AM
[ReportManager] Window size after SWD Maximize: (1176, 811) @16-11-2021 07:11:37.0195 AM
[ReportManager] Browser Action [MaximizeWindow] successfully performed. With the following test data [New screen size is now: (1176, 811)]. @16-11-2021 07:11:37.0196 A

################################################################################################################################################
Starting Execution:	[2 out of 146] test cases in the current suite
Test Method:		[unitTests.tests_element_elementActions.waitForElementToBePresent_false_expectedToPass]
################################################################################################################################################
[ReportManager] Target URL: [https://www.google.com/ncr], and after redirection: [www.google.com] @16-11-2021 07:11:37.0209 AM
[ReportManager] Initial URL: [] @16-11-2021 07:11:37.0260 AM
[ReportManager] Browser Action [NavigateToURL] successfully performed. With the following test data [https://www.google.com/ncr]. @16-11-2021 07:11:38.0617 AM
[ReportManager] Waiting for element to be present; elementLocator [By.id: bla], numberOfTries[1], stateOfPresence[false]... @16-11-2021 07:11:38.0617 A
[ReportManager] Browser Action [CloseCurrentWindow] successfully performed. @16-11-2021 07:11:39.0013 AM
[ReportManager] Successfully created attachment [Browser Action Test Data - CloseCurrentWindow - Actual Value] @16-11-2021 07:11:39.0014 A
[ReportManager] File Action [GetAbsolutePath] successfully performed. With the following test data [Relative Folder Path: "target/downloadedFiles/"]. @16-11-2021 07:11:39.0021 AM
[ReportManager] Attempting to run locally on: [Mac-64], [Safari], Headless Execution. @16-11-2021 07:11:39.0021 AM
[ReportManager] Successfully Opened Safari. @16-11-2021 07:11:39.0893 AM
[ReportManager] Initial window size: (800, 600) @16-11-2021 07:11:39.0903 AM
[ReportManager] Window size after SWD Maximize: (1176, 811) @16-11-2021 07:11:39.0925 AM
[ReportManager] Browser Action [MaximizeWindow] successfully performed. With the following test data [New screen size is now: (1176, 811)]. @16-11-2021 07:11:39.0926 A

################################################################################################################################################
Starting Execution:	[3 out of 146] test cases in the current suite
Test Method:		[unitTests.tests_element_elementActions.waitForElementToBePresent_moreThanOneElement_expectedToFail]
################################################################################################################################################
[ReportManager] Target URL: [https://www.google.com/ncr], and after redirection: [www.google.com] @16-11-2021 07:11:39.0936 AM
[ReportManager] Initial URL: [] @16-11-2021 07:11:40.0036 AM
[ReportManager] Browser Action [NavigateToURL] successfully performed. With the following test data [https://www.google.com/ncr]. @16-11-2021 07:11:40.0762 AM
[ReportManager] Waiting for element to be present; elementLocator [By.xpath: //*], numberOfTries[1], stateOfPresence[false]... @16-11-2021 07:11:40.0762 AM
[ReportManager] Element Action [WaitForElementToBePresent] failed. With the following test data [waited for the element's state of presence to be (false). Element locator (By.xpath: //*)]. @16-11-2021 07:11:41.0038 AM
[ReportManager] Successfully created attachment [Screenshot - 1637046700878_waitForElementToBePresent_moreThanOneElement_expectedToFail_WaitForElementToBePresent_failed] @16-11-2021 07:11:41.0041 A
[ReportManager] Browser Action [CloseCurrentWindow] successfully performed. @16-11-2021 07:11:41.0394 AM
[ReportManager] Successfully created attachment [Browser Action Test Data - CloseCurrentWindow - Actual Value] @16-11-2021 07:11:41.0396 A
[ReportManager] File Action [GetAbsolutePath] successfully performed. With the following test data [Relative Folder Path: "target/downloadedFiles/"]. @16-11-2021 07:11:41.0402 AM
[ReportManager] Attempting to run locally on: [Mac-64], [Safari], Headless Execution. @16-11-2021 07:11:41.0403 AM
[ReportManager] Successfully Opened Safari. @16-11-2021 07:11:42.0238 AM
[ReportManager] Initial window size: (800, 600) @16-11-2021 07:11:42.0247 AM
[ReportManager] Window size after SWD Maximize: (1176, 811) @16-11-2021 07:11:42.0260 AM
[ReportManager] Browser Action [MaximizeWindow] successfully performed. With the following test data [New screen size is now: (1176, 811)]. @16-11-2021 07:11:42.0264 A

################################################################################################################################################
Starting Execution:	[4 out of 146] test cases in the current suite
Test Method:		[unitTests.tests_element_elementActions.waitForElementToBePresent_true_expectedToFail]
################################################################################################################################################
[ReportManager] Target URL: [https://www.google.com/ncr], and after redirection: [www.google.com] @16-11-2021 07:11:42.0276 AM
[ReportManager] Initial URL: [] @16-11-2021 07:11:42.0358 AM
[ReportManager] Browser Action [NavigateToURL] successfully performed. With the following test data [https://www.google.com/ncr]. @16-11-2021 07:11:43.0580 AM
[ReportManager] Waiting for element to be present; elementLocator [By.id: bla], numberOfTries[1], stateOfPresence[true]... @16-11-2021 07:11:43.0580 A
[ReportManager] Browser Action [CloseCurrentWindow] successfully performed. @16-11-2021 07:11:43.0912 AM
[ReportManager] Successfully created attachment [Browser Action Test Data - CloseCurrentWindow - Actual Value] @16-11-2021 07:11:43.0913 A
[ReportManager] File Action [GetAbsolutePath] successfully performed. With the following test data [Relative Folder Path: "target/downloadedFiles/"]. @16-11-2021 07:11:43.0917 AM
[ReportManager] Attempting to run locally on: [Mac-64], [Safari], Headless Execution. @16-11-2021 07:11:43.0917 AM
[ReportManager] Successfully Opened Safari. @16-11-2021 07:11:44.0762 AM
[ReportManager] Initial window size: (800, 600) @16-11-2021 07:11:44.0774 AM
[ReportManager] Window size after SWD Maximize: (1176, 811) @16-11-2021 07:11:44.0820 AM
[ReportManager] Browser Action [MaximizeWindow] successfully performed. With the following test data [New screen size is now: (1176, 811)]. @16-11-2021 07:11:44.0824 A

################################################################################################################################################
Starting Execution:	[5 out of 146] test cases in the current suite
Test Method:		[unitTests.tests_element_elementActions.waitForElementToBePresent_true_expectedToPass]
################################################################################################################################################
[ReportManager] Target URL: [https://www.google.com/ncr], and after redirection: [www.google.com] @16-11-2021 07:11:44.0830 AM
[ReportManager] Initial URL: [] @16-11-2021 07:11:44.0967 AM
[ReportManager] Browser Action [NavigateToURL] successfully performed. With the following test data [https://www.google.com/ncr]. @16-11-2021 07:11:45.0773 AM
[ReportManager] Waiting for element to be present; elementLocator [By.xpath: //*[@id='hplogo' or @alt='Google']], numberOfTries[1], stateOfPresence[true]... @16-11-2021 07:11:45.0774 AM
[ReportManager] Element Action [WaitForElementToBePresent] successfully performed. With the following test data [waited for the element's state of presence to be (true). Element locator (By.xpath: //*[@id='hplogo' or @alt='Google'])]. @16-11-2021 07:11:45.0799 AM
[ReportManager] File Action [DoesFileExist] successfully performed. With the following test data [File Path: "src/main/resources/dynamicObjectRepository/unitTests_tests_element_elementActions_waitForElementToBePresent_true_expectedToPass_By_xpath_id_hplogo_or_alt_Google.png"]. @16-11-2021 07:11:45.0817 AM
[ReportManager] File Action [DoesFileExist] successfully performed. With the following test data [File Path: "src/main/resources/dynamicObjectRepository/unitTests_tests_element_elementActions_waitForElementToBePresent_true_expectedToPass_By_xpath_id_hplogo_or_alt_Google.png"]. @16-11-2021 07:11:45.0895 AM
[ReportManager] Passing the test and saving a reference image @16-11-2021 07:11:45.0895 AM
[ReportManager] File Action [GetAbsolutePath] successfully performed. With the following test data [Relative File Path: "src/main/resources/dynamicObjectRepository/unitTests_tests_element_elementActions_waitForElementToBePresent_true_expectedToPass_By_xpath_id_hplogo_or_alt_Google.png"]. @16-11-2021 07:11:45.0895 AM
[ReportManager] File Action [WriteToFile] successfully performed. With the following test data [Target File Path: "/Users/runner/work/SHAFT_ENGINE/SHAFT_ENGINE/src/main/resources/dynamicObjectRepository/unitTests_tests_element_elementActions_waitForElementToBePresent_true_expectedToPass_By_xpath_id_hplogo_or_alt_Google.png"]. @16-11-2021 07:11:45.0896 AM
[ReportManager] Assertion Passed: Using Visual AI; OpenCV @16-11-2021 07:11:45.0898 AM
[ReportManager] Successfully created attachment [Validation Test Data - Actual Screenshot] @16-11-2021 07:11:45.0899 AM
[ReportManager] Assertion [ValidateElementMatches] PASSED. Expected [Element should match the reference screenshot] and Actual [TRUE]. Comparison Type [EXACT_OPENCV]. Validation Type [POSITIVE]. @16-11-2021 07:11:45.0899 A
[ReportManager] Browser Action [CloseCurrentWindow] successfully performed. @16-11-2021 07:11:46.0200 AM
[ReportManager] Successfully created attachment [Browser Action Test Data - CloseCurrentWindow - Actual Value] @16-11-2021 07:11:46.0201 A
[ReportManager] File Action [GetAbsolutePath] successfully performed. With the following test data [Relative Folder Path: "target/downloadedFiles/"]. @16-11-2021 07:11:46.0206 AM
[ReportManager] Attempting to run locally on: [Mac-64], [Safari], Headless Execution. @16-11-2021 07:11:46.0206 AM
[ReportManager] Successfully Opened Safari. @16-11-2021 07:11:47.0023 AM
[ReportManager] Initial window size: (800, 600) @16-11-2021 07:11:47.0034 AM
[ReportManager] Window size after SWD Maximize: (1176, 811) @16-11-2021 07:11:47.0053 AM
[ReportManager] Browser Action [MaximizeWindow] successfully performed. With the following test data [New screen size is now: (1176, 811)]. @16-11-2021 07:11:47.0054 AM
[ReportManager] Target URL: [https://duckduckgo.com] @16-11-2021 07:11:47.0054 AM
[ReportManager] Initial URL: [] @16-11-2021 07:11:47.0108 AM
[ReportManager] Browser Action [NavigateToURL] successfully performed. With the following test data [https://duckduckgo.com]. @16-11-2021 07:11:47.0862 A

################################################################################################################################################
Starting Execution:	[6 out of 146] test cases in the current suite
Test Method:		[unitTests.tests_browserActions.fullScreenWindow]
################################################################################################################################################
[ReportManager] Initial Windows Size: 1176x811 @16-11-2021 07:11:47.0870 AM
[ReportManager] Current Windows Size after fullScreen: 1176x885 @16-11-2021 07:11:48.0173 AM
[ReportManager] Browser Action [FullScreenWindow] successfully performed. @16-11-2021 07:11:48.0192 AM
[ReportManager] Successfully created attachment [Browser Action Test Data - FullScreenWindow - Actual Value] @16-11-2021 07:11:48.0194 A
[ReportManager] Target URL: [https://duckduckgo.com] @16-11-2021 07:11:48.0198 AM
[ReportManager] Initial URL: [https://duckduckgo.com] @16-11-2021 07:11:48.0260 AM
[ReportManager] Browser Action [NavigateToURL] successfully performed. With the following test data [https://duckduckgo.com]. @16-11-2021 07:11:48.0603 AM
[ReportManager] Browser Action [CloseCurrentWindow] successfully performed. @16-11-2021 07:11:49.0229 AM
[ReportManager] Successfully created attachment [Browser Action Test Data - CloseCurrentWindow - Actual Value] @16-11-2021 07:11:49.0232 A
[ReportManager] File Action [GetAbsolutePath] successfully performed. With the following test data [Relative Folder Path: "target/downloadedFiles/"]. @16-11-2021 07:11:49.0236 AM
[ReportManager] Attempting to run locally on: [Mac-64], [Safari], Headless Execution. @16-11-2021 07:11:49.0237 AM
[ReportManager] Successfully Opened Safari. @16-11-2021 07:11:50.0020 AM
[ReportManager] Initial window size: (800, 600) @16-11-2021 07:11:50.0040 AM
[ReportManager] Window size after SWD Maximize: (1176, 811) @16-11-2021 07:11:50.0052 AM
[ReportManager] Browser Action [MaximizeWindow] successfully performed. With the following test data [New screen size is now: (1176, 811)]. @16-11-2021 07:11:50.0053 AM
[ReportManager] Target URL: [https://duckduckgo.com] @16-11-2021 07:11:50.0053 AM
[ReportManager] Initial URL: [] @16-11-2021 07:11:50.0109 AM
[ReportManager] Browser Action [NavigateToURL] successfully performed. With the following test data [https://duckduckgo.com]. @16-11-2021 07:11:50.0769 A

################################################################################################################################################
Starting Execution:	[7 out of 146] test cases in the current suite
Test Method:		[unitTests.tests_browserActions.getCurrentURL]
################################################################################################################################################
[ReportManager] Browser Action [GetCurrentURL] successfully performed. With the following test data [https://duckduckgo.com/]. @16-11-2021 07:11:50.0798 A
[ReportManager] Target URL: [https://duckduckgo.com] @16-11-2021 07:11:50.0800 AM
[ReportManager] Initial URL: [https://duckduckgo.com] @16-11-2021 07:11:50.0832 AM
[ReportManager] Browser Action [NavigateToURL] successfully performed. With the following test data [https://duckduckgo.com]. @16-11-2021 07:11:51.0108 AM
[ReportManager] Browser Action [CloseCurrentWindow] successfully performed. @16-11-2021 07:11:51.0151 AM
[ReportManager] Successfully created attachment [Browser Action Test Data - CloseCurrentWindow - Actual Value] @16-11-2021 07:11:51.0152 A
[ReportManager] File Action [GetAbsolutePath] successfully performed. With the following test data [Relative Folder Path: "target/downloadedFiles/"]. @16-11-2021 07:11:51.0157 AM
[ReportManager] Attempting to run locally on: [Mac-64], [Safari], Headless Execution. @16-11-2021 07:11:51.0157 AM
[ReportManager] Successfully Opened Safari. @16-11-2021 07:11:51.0989 AM
[ReportManager] Initial window size: (800, 600) @16-11-2021 07:11:52.0003 AM
[ReportManager] Window size after SWD Maximize: (1176, 811) @16-11-2021 07:11:52.0018 AM
[ReportManager] Browser Action [MaximizeWindow] successfully performed. With the following test data [New screen size is now: (1176, 811)]. @16-11-2021 07:11:52.0018 AM
[ReportManager] Target URL: [https://duckduckgo.com] @16-11-2021 07:11:52.0018 AM
[ReportManager] Initial URL: [] @16-11-2021 07:11:52.0073 AM
[ReportManager] Browser Action [NavigateToURL] successfully performed. With the following test data [https://duckduckgo.com]. @16-11-2021 07:11:52.0677 A

################################################################################################################################################
Starting Execution:	[8 out of 146] test cases in the current suite
Test Method:		[unitTests.tests_browserActions.getCurrentWindowTitle]
################################################################################################################################################
[ReportManager] Browser Action [GetCurrentWindowTitle] successfully performed. With the following test data [DuckDuckGo â€” Privacy, simplified.]. @16-11-2021 07:11:52.0703 A
[ReportManager] Target URL: [https://duckduckgo.com] @16-11-2021 07:11:52.0705 AM
[ReportManager] Initial URL: [https://duckduckgo.com] @16-11-2021 07:11:52.0735 AM
[ReportManager] Browser Action [NavigateToURL] successfully performed. With the following test data [https://duckduckgo.com]. @16-11-2021 07:11:53.0019 AM
[ReportManager] Browser Action [CloseCurrentWindow] successfully performed. @16-11-2021 07:11:53.0120 AM
[ReportManager] Successfully created attachment [Browser Action Test Data - CloseCurrentWindow - Actual Value] @16-11-2021 07:11:53.0121 A
[ReportManager] File Action [GetAbsolutePath] successfully performed. With the following test data [Relative Folder Path: "target/downloadedFiles/"]. @16-11-2021 07:11:53.0128 AM
[ReportManager] Attempting to run locally on: [Mac-64], [Safari], Headless Execution. @16-11-2021 07:11:53.0128 AM
[ReportManager] Successfully Opened Safari. @16-11-2021 07:11:53.0923 AM
[ReportManager] Initial window size: (800, 600) @16-11-2021 07:11:53.0931 AM
[ReportManager] Window size after SWD Maximize: (1176, 811) @16-11-2021 07:11:53.0956 AM
[ReportManager] Browser Action [MaximizeWindow] successfully performed. With the following test data [New screen size is now: (1176, 811)]. @16-11-2021 07:11:53.0956 AM
[ReportManager] Target URL: [https://duckduckgo.com] @16-11-2021 07:11:53.0956 AM
[ReportManager] Initial URL: [] @16-11-2021 07:11:54.0022 AM
[ReportManager] Browser Action [NavigateToURL] successfully performed. With the following test data [https://duckduckgo.com]. @16-11-2021 07:11:54.0589 A

################################################################################################################################################
Starting Execution:	[9 out of 146] test cases in the current suite
Test Method:		[unitTests.tests_browserActions.getPageSource]
################################################################################################################################################
[ReportManager] Browser Action [GetPageSource] successfully performed. @16-11-2021 07:11:54.0633 AM
[ReportManager] Successfully created attachment [Browser Action Test Data - GetPageSource - Actual Value] @16-11-2021 07:11:54.0634 A
[ReportManager] Target URL: [https://duckduckgo.com] @16-11-2021 07:11:54.0636 AM
[ReportManager] Initial URL: [https://duckduckgo.com] @16-11-2021 07:11:54.0668 AM
[ReportManager] Browser Action [NavigateToURL] successfully performed. With the following test data [https://duckduckgo.com]. @16-11-2021 07:11:54.0970 AM
[ReportManager] Browser Action [CloseCurrentWindow] successfully performed. @16-11-2021 07:11:55.0305 AM
[ReportManager] Successfully created attachment [Browser Action Test Data - CloseCurrentWindow - Actual Value] @16-11-2021 07:11:55.0306 A
[ReportManager] File Action [GetAbsolutePath] successfully performed. With the following test data [Relative Folder Path: "target/downloadedFiles/"]. @16-11-2021 07:11:55.0310 AM
[ReportManager] Attempting to run locally on: [Mac-64], [Safari], Headless Execution. @16-11-2021 07:11:55.0310 AM
[ReportManager] Successfully Opened Safari. @16-11-2021 07:11:56.0105 AM
[ReportManager] Initial window size: (800, 600) @16-11-2021 07:11:56.0130 AM
[ReportManager] Window size after SWD Maximize: (1176, 811) @16-11-2021 07:11:56.0150 AM
[ReportManager] Browser Action [MaximizeWindow] successfully performed. With the following test data [New screen size is now: (1176, 811)]. @16-11-2021 07:11:56.0151 AM
[ReportManager] Target URL: [https://duckduckgo.com] @16-11-2021 07:11:56.0151 AM
[ReportManager] Initial URL: [] @16-11-2021 07:11:56.0221 AM
[ReportManager] Browser Action [NavigateToURL] successfully performed. With the following test data [https://duckduckgo.com]. @16-11-2021 07:11:56.0798 A

################################################################################################################################################
Starting Execution:	[10 out of 146] test cases in the current suite
Test Method:		[unitTests.tests_browserActions.getWindowHandle]
################################################################################################################################################
[ReportManager] Browser Action [GetWindowHandle] successfully performed. With the following test data [page-BB1CA804-B164-4E3B-92F7-BBC202418A1C]. @16-11-2021 07:11:56.0836 A
[ReportManager] Target URL: [https://duckduckgo.com] @16-11-2021 07:11:56.0838 AM
[ReportManager] Initial URL: [https://duckduckgo.com] @16-11-2021 07:11:56.0869 AM
[ReportManager] Browser Action [NavigateToURL] successfully performed. With the following test data [https://duckduckgo.com]. @16-11-2021 07:11:57.0179 AM
[ReportManager] Browser Action [CloseCurrentWindow] successfully performed. @16-11-2021 07:11:57.0544 AM
[ReportManager] Successfully created attachment [Browser Action Test Data - CloseCurrentWindow - Actual Value] @16-11-2021 07:11:57.0545 A
[ReportManager] File Action [GetAbsolutePath] successfully performed. With the following test data [Relative Folder Path: "target/downloadedFiles/"]. @16-11-2021 07:11:57.0547 AM
[ReportManager] Attempting to run locally on: [Mac-64], [Safari], Headless Execution. @16-11-2021 07:11:57.0548 AM
[ReportManager] Successfully Opened Safari. @16-11-2021 07:11:58.0384 AM
[ReportManager] Initial window size: (800, 600) @16-11-2021 07:11:58.0467 AM
[ReportManager] Window size after SWD Maximize: (1176, 811) @16-11-2021 07:11:58.0485 AM
[ReportManager] Browser Action [MaximizeWindow] successfully performed. With the following test data [New screen size is now: (1176, 811)]. @16-11-2021 07:11:58.0486 AM
[ReportManager] Target URL: [https://duckduckgo.com] @16-11-2021 07:11:58.0486 AM
[ReportManager] Initial URL: [] @16-11-2021 07:11:58.0534 AM
[ReportManager] Browser Action [NavigateToURL] successfully performed. With the following test data [https://duckduckgo.com]. @16-11-2021 07:11:59.0119 A

################################################################################################################################################
Starting Execution:	[11 out of 146] test cases in the current suite
Test Method:		[unitTests.tests_browserActions.getWindowPosition]
################################################################################################################################################
[ReportManager] Browser Action [GetWindowPosition] successfully performed. With the following test data [(0, 23)]. @16-11-2021 07:11:59.0144 A
[ReportManager] Target URL: [https://duckduckgo.com] @16-11-2021 07:11:59.0146 AM
[ReportManager] Initial URL: [https://duckduckgo.com] @16-11-2021 07:11:59.0191 AM
[ReportManager] Browser Action [NavigateToURL] successfully performed. With the following test data [https://duckduckgo.com]. @16-11-2021 07:11:59.0458 AM
[ReportManager] Browser Action [CloseCurrentWindow] successfully performed. @16-11-2021 07:11:59.0834 AM
[ReportManager] Successfully created attachment [Browser Action Test Data - CloseCurrentWindow - Actual Value] @16-11-2021 07:11:59.0835 A
[ReportManager] File Action [GetAbsolutePath] successfully performed. With the following test data [Relative Folder Path: "target/downloadedFiles/"]. @16-11-2021 07:11:59.0838 AM
[ReportManager] Attempting to run locally on: [Mac-64], [Safari], Headless Execution. @16-11-2021 07:11:59.0838 AM
[ReportManager] Successfully Opened Safari. @16-11-2021 07:12:00.0630 AM
[ReportManager] Initial window size: (800, 600) @16-11-2021 07:12:00.0649 AM
[ReportManager] Window size after SWD Maximize: (1176, 811) @16-11-2021 07:12:00.0661 AM
[ReportManager] Browser Action [MaximizeWindow] successfully performed. With the following test data [New screen size is now: (1176, 811)]. @16-11-2021 07:12:00.0661 AM
[ReportManager] Target URL: [https://duckduckgo.com] @16-11-2021 07:12:00.0661 AM
[ReportManager] Initial URL: [] @16-11-2021 07:12:00.0703 AM
[ReportManager] Browser Action [NavigateToURL] successfully performed. With the following test data [https://duckduckgo.com]. @16-11-2021 07:12:01.0239 A

################################################################################################################################################
Starting Execution:	[12 out of 146] test cases in the current suite
Test Method:		[unitTests.tests_browserActions.getWindowSize]
################################################################################################################################################
[ReportManager] Browser Action [GetWindowSize] successfully performed. With the following test data [(1176, 811)]. @16-11-2021 07:12:01.0295 A
[ReportManager] Target URL: [https://duckduckgo.com] @16-11-2021 07:12:01.0297 AM
[ReportManager] Initial URL: [https://duckduckgo.com] @16-11-2021 07:12:01.0328 AM
[ReportManager] Browser Action [NavigateToURL] successfully performed. With the following test data [https://duckduckgo.com]. @16-11-2021 07:12:01.0608 AM
[ReportManager] Browser Action [CloseCurrentWindow] successfully performed. @16-11-2021 07:12:01.0941 AM
[ReportManager] Successfully created attachment [Browser Action Test Data - CloseCurrentWindow - Actual Value] @16-11-2021 07:12:01.0942 A
[ReportManager] File Action [GetAbsolutePath] successfully performed. With the following test data [Relative Folder Path: "target/downloadedFiles/"]. @16-11-2021 07:12:01.0945 AM
[ReportManager] Attempting to run locally on: [Mac-64], [Safari], Headless Execution. @16-11-2021 07:12:01.0945 AM
[ReportManager] Successfully Opened Safari. @16-11-2021 07:12:02.0736 AM
[ReportManager] Initial window size: (800, 600) @16-11-2021 07:12:02.0756 AM
[ReportManager] Window size after SWD Maximize: (1176, 811) @16-11-2021 07:12:02.0785 AM
[ReportManager] Browser Action [MaximizeWindow] successfully performed. With the following test data [New screen size is now: (1176, 811)]. @16-11-2021 07:12:02.0785 AM
[ReportManager] Target URL: [https://duckduckgo.com] @16-11-2021 07:12:02.0785 AM
[ReportManager] Initial URL: [] @16-11-2021 07:12:02.0816 AM
[ReportManager] Browser Action [NavigateToURL] successfully performed. With the following test data [https://duckduckgo.com]. @16-11-2021 07:12:03.0398 A

################################################################################################################################################
Starting Execution:	[13 out of 146] test cases in the current suite
Test Method:		[unitTests.tests_browserActions.maximizeWindow]
################################################################################################################################################
[ReportManager] Initial window size: (1176, 811) @16-11-2021 07:12:03.0417 AM
[ReportManager] Window size after SWD Maximize: (1176, 811) @16-11-2021 07:12:03.0427 AM
[ReportManager] Window size after Toolkit: (1920, 1080) @16-11-2021 07:12:03.0468 AM
[ReportManager] Browser Action [MaximizeWindow] successfully performed. With the following test data [New screen size is now: (1920, 1080)]. @16-11-2021 07:12:03.0472 A
[ReportManager] Target URL: [https://duckduckgo.com] @16-11-2021 07:12:03.0483 AM
[ReportManager] Initial URL: [https://duckduckgo.com] @16-11-2021 07:12:03.0516 AM
[ReportManager] Browser Action [NavigateToURL] successfully performed. With the following test data [https://duckduckgo.com]. @16-11-2021 07:12:03.0810 AM
[ReportManager] Browser Action [CloseCurrentWindow] successfully performed. @16-11-2021 07:12:04.0130 AM
[ReportManager] Successfully created attachment [Browser Action Test Data - CloseCurrentWindow - Actual Value] @16-11-2021 07:12:04.0131 A
[ReportManager] File Action [GetAbsolutePath] successfully performed. With the following test data [Relative Folder Path: "target/downloadedFiles/"]. @16-11-2021 07:12:04.0134 AM
[ReportManager] Attempting to run locally on: [Mac-64], [Safari], Headless Execution. @16-11-2021 07:12:04.0135 AM
[ReportManager] Successfully Opened Safari. @16-11-2021 07:12:04.0919 AM
[ReportManager] Initial window size: (800, 600) @16-11-2021 07:12:04.0930 AM
[ReportManager] Window size after SWD Maximize: (1176, 811) @16-11-2021 07:12:04.0952 AM
[ReportManager] Browser Action [MaximizeWindow] successfully performed. With the following test data [New screen size is now: (1176, 811)]. @16-11-2021 07:12:04.0952 AM
[ReportManager] Target URL: [https://duckduckgo.com] @16-11-2021 07:12:04.0953 AM
[ReportManager] Initial URL: [] @16-11-2021 07:12:05.0028 AM
[ReportManager] Browser Action [NavigateToURL] successfully performed. With the following test data [https://duckduckgo.com]. @16-11-2021 07:12:05.0634 A

################################################################################################################################################
Starting Execution:	[14 out of 146] test cases in the current suite
Test Method:		[unitTests.tests_browserActions.navigateBack]
################################################################################################################################################
[ReportManager] Target URL: [https://www.google.com/ncr], and after redirection: [https://www.google.com] @16-11-2021 07:12:05.0636 AM
[ReportManager] Initial URL: [https://duckduckgo.com] @16-11-2021 07:12:05.0669 AM
[ReportManager] Browser Action [NavigateToURL] successfully performed. With the following test data [https://www.google.com/ncr]. @16-11-2021 07:12:06.0411 AM
[ReportManager] Browser Action [NavigateBack] successfully performed. With the following test data [https://duckduckgo.com/]. @16-11-2021 07:12:06.0643 AM
[ReportManager] Browser Action [GetCurrentURL] successfully performed. With the following test data [https://duckduckgo.com/]. @16-11-2021 07:12:06.0665 AM
[ReportManager] Assertion Passed: Confirming that navigating back was successful @16-11-2021 07:12:06.0809 AM
[ReportManager] Successfully created attachment [Screenshot - 1637046726698_navigateBack_ValidateBrowserAttribute_passed] @16-11-2021 07:12:06.0813 AM
[ReportManager] Assertion [ValidateBrowserAttribute] PASSED. Expected [Value Should be 'https://duckduckgo.com' for the 'CurrentUrl' attribute] and Actual [https://duckduckgo.com/]. Comparison Type [CONTAINS]. Validation Type [POSITIVE]. @16-11-2021 07:12:06.0814 A
[ReportManager] Target URL: [https://duckduckgo.com] @16-11-2021 07:12:06.0818 AM
[ReportManager] Initial URL: [https://duckduckgo.com] @16-11-2021 07:12:06.0884 AM
[ReportManager] Browser Action [NavigateToURL] successfully performed. With the following test data [https://duckduckgo.com]. @16-11-2021 07:12:07.0176 AM
[ReportManager] Browser Action [CloseCurrentWindow] successfully performed. @16-11-2021 07:12:07.0525 AM
[ReportManager] Successfully created attachment [Browser Action Test Data - CloseCurrentWindow - Actual Value] @16-11-2021 07:12:07.0526 A
[ReportManager] File Action [GetAbsolutePath] successfully performed. With the following test data [Relative Folder Path: "target/downloadedFiles/"]. @16-11-2021 07:12:07.0529 AM
[ReportManager] Attempting to run locally on: [Mac-64], [Safari], Headless Execution. @16-11-2021 07:12:07.0529 AM
[ReportManager] Successfully Opened Safari. @16-11-2021 07:12:08.0371 AM
[ReportManager] Initial window size: (800, 600) @16-11-2021 07:12:08.0383 AM
[ReportManager] Window size after SWD Maximize: (1176, 811) @16-11-2021 07:12:08.0399 AM
[ReportManager] Browser Action [MaximizeWindow] successfully performed. With the following test data [New screen size is now: (1176, 811)]. @16-11-2021 07:12:08.0399 AM
[ReportManager] Target URL: [https://duckduckgo.com] @16-11-2021 07:12:08.0399 AM
[ReportManager] Initial URL: [] @16-11-2021 07:12:08.0441 AM
[ReportManager] Browser Action [NavigateToURL] successfully performed. With the following test data [https://duckduckgo.com]. @16-11-2021 07:12:09.0020 A

################################################################################################################################################
Starting Execution:	[15 out of 146] test cases in the current suite
Test Method:		[unitTests.tests_browserActions.navigateForward]
################################################################################################################################################
[ReportManager] Target URL: [https://www.google.com/ncr], and after redirection: [https://www.google.com] @16-11-2021 07:12:09.0026 AM
[ReportManager] Initial URL: [https://duckduckgo.com] @16-11-2021 07:12:09.0054 AM
[ReportManager] Browser Action [NavigateToURL] successfully performed. With the following test data [https://www.google.com/ncr]. @16-11-2021 07:12:10.0347 AM
[ReportManager] Browser Action [NavigateBack] successfully performed. With the following test data [https://duckduckgo.com/]. @16-11-2021 07:12:10.0450 AM
[ReportManager] Browser Action [NavigateForward] successfully performed. With the following test data [https://www.google.com/]. @16-11-2021 07:12:10.0545 A
[ReportManager] Target URL: [https://duckduckgo.com] @16-11-2021 07:12:10.0551 AM
[ReportManager] Initial URL: [https://www.google.com] @16-11-2021 07:12:10.0584 AM
[ReportManager] Browser Action [NavigateToURL] successfully performed. With the following test data [https://duckduckgo.com]. @16-11-2021 07:12:10.0837 AM
[ReportManager] Browser Action [CloseCurrentWindow] successfully performed. @16-11-2021 07:12:11.0157 AM
[ReportManager] Successfully created attachment [Browser Action Test Data - CloseCurrentWindow - Actual Value] @16-11-2021 07:12:11.0158 A
[ReportManager] File Action [GetAbsolutePath] successfully performed. With the following test data [Relative Folder Path: "target/downloadedFiles/"]. @16-11-2021 07:12:11.0160 AM
[ReportManager] Attempting to run locally on: [Mac-64], [Safari], Headless Execution. @16-11-2021 07:12:11.0161 AM
[ReportManager] Successfully Opened Safari. @16-11-2021 07:12:11.0946 AM
[ReportManager] Initial window size: (800, 600) @16-11-2021 07:12:11.0952 AM
[ReportManager] Window size after SWD Maximize: (1176, 811) @16-11-2021 07:12:11.0989 AM
[ReportManager] Browser Action [MaximizeWindow] successfully performed. With the following test data [New screen size is now: (1176, 811)]. @16-11-2021 07:12:11.0999 AM
[ReportManager] Target URL: [https://duckduckgo.com] @16-11-2021 07:12:12.0000 AM
[ReportManager] Initial URL: [] @16-11-2021 07:12:12.0448 AM
[ReportManager] Browser Action [NavigateToURL] successfully performed. With the following test data [https://duckduckgo.com]. @16-11-2021 07:12:13.0113 A

################################################################################################################################################
Starting Execution:	[16 out of 146] test cases in the current suite
Test Method:		[unitTests.tests_browserActions.navigateToURL]
################################################################################################################################################
[ReportManager] Target URL: [https://duckduckgo.com] @16-11-2021 07:12:13.0195 AM
[ReportManager] Initial URL: [https://duckduckgo.com] @16-11-2021 07:12:13.0247 AM
[ReportManager] Browser Action [NavigateToURL] successfully performed. With the following test data [https://duckduckgo.com]. @16-11-2021 07:12:13.0542 A
[ReportManager] Target URL: [https://duckduckgo.com] @16-11-2021 07:12:13.0632 AM
[ReportManager] Initial URL: [https://duckduckgo.com] @16-11-2021 07:12:13.0661 AM
[ReportManager] Browser Action [NavigateToURL] successfully performed. With the following test data [https://duckduckgo.com]. @16-11-2021 07:12:13.0949 AM
[ReportManager] Browser Action [CloseCurrentWindow] successfully performed. @16-11-2021 07:12:14.0241 AM
[ReportManager] Successfully created attachment [Browser Action Test Data - CloseCurrentWindow - Actual Value] @16-11-2021 07:12:14.0262 A
[ReportManager] File Action [GetAbsolutePath] successfully performed. With the following test data [Relative Folder Path: "target/downloadedFiles/"]. @16-11-2021 07:12:14.0265 AM
[ReportManager] Attempting to run locally on: [Mac-64], [Safari], Headless Execution. @16-11-2021 07:12:14.0266 AM
[ReportManager] Successfully Opened Safari. @16-11-2021 07:12:15.0066 AM
[ReportManager] Initial window size: (800, 600) @16-11-2021 07:12:15.0076 AM
[ReportManager] Window size after SWD Maximize: (1176, 811) @16-11-2021 07:12:15.0088 AM
[ReportManager] Browser Action [MaximizeWindow] successfully performed. With the following test data [New screen size is now: (1176, 811)]. @16-11-2021 07:12:15.0089 AM
[ReportManager] Target URL: [https://duckduckgo.com] @16-11-2021 07:12:15.0089 AM
[ReportManager] Initial URL: [] @16-11-2021 07:12:15.0172 AM
[ReportManager] Browser Action [NavigateToURL] successfully performed. With the following test data [https://duckduckgo.com]. @16-11-2021 07:12:15.0793 A

################################################################################################################################################
Starting Execution:	[17 out of 146] test cases in the current suite
Test Method:		[unitTests.tests_browserActions.navigateToURLWithRedirection]
################################################################################################################################################
[ReportManager] Target URL: [https://www.google.com/ncr], and after redirection: [https://www.google.com] @16-11-2021 07:12:15.0919 AM
[ReportManager] Initial URL: [https://duckduckgo.com] @16-11-2021 07:12:15.0962 AM
[ReportManager] Browser Action [NavigateToURL] successfully performed. With the following test data [https://www.google.com/ncr]. @16-11-2021 07:12:16.0741 A
[ReportManager] Target URL: [https://duckduckgo.com] @16-11-2021 07:12:16.0866 AM
[ReportManager] Initial URL: [https://www.google.com] @16-11-2021 07:12:16.0896 AM
[ReportManager] Browser Action [NavigateToURL] successfully performed. With the following test data [https://duckduckgo.com]. @16-11-2021 07:12:17.0251 AM
[ReportManager] Browser Action [CloseCurrentWindow] successfully performed. @16-11-2021 07:12:17.0332 AM
[ReportManager] Successfully created attachment [Browser Action Test Data - CloseCurrentWindow - Actual Value] @16-11-2021 07:12:17.0333 A
[ReportManager] File Action [GetAbsolutePath] successfully performed. With the following test data [Relative Folder Path: "target/downloadedFiles/"]. @16-11-2021 07:12:17.0460 AM
[ReportManager] Attempting to run locally on: [Mac-64], [Safari], Headless Execution. @16-11-2021 07:12:17.0461 AM
[ReportManager] Successfully Opened Safari. @16-11-2021 07:12:18.0235 AM
[ReportManager] Initial window size: (800, 600) @16-11-2021 07:12:18.0244 AM
[ReportManager] Window size after SWD Maximize: (1176, 811) @16-11-2021 07:12:18.0258 AM
[ReportManager] Browser Action [MaximizeWindow] successfully performed. With the following test data [New screen size is now: (1176, 811)]. @16-11-2021 07:12:18.0259 AM
[ReportManager] Target URL: [https://duckduckgo.com] @16-11-2021 07:12:18.0263 AM
[ReportManager] Initial URL: [] @16-11-2021 07:12:18.0306 AM
[ReportManager] Browser Action [NavigateToURL] successfully performed. With the following test data [https://duckduckgo.com]. @16-11-2021 07:12:18.0862 A

################################################################################################################################################
Starting Execution:	[18 out of 146] test cases in the current suite
Test Method:		[unitTests.tests_browserActions.refreshCurrentPage]
################################################################################################################################################
[ReportManager] Browser Action [RefreshCurrentPage] successfully performed. @16-11-2021 07:12:19.0197 AM
[ReportManager] Successfully created attachment [Browser Action Test Data - RefreshCurrentPage - Actual Value] @16-11-2021 07:12:19.0240 A
[ReportManager] Target URL: [https://duckduckgo.com] @16-11-2021 07:12:19.0406 AM
[ReportManager] Initial URL: [https://duckduckgo.com] @16-11-2021 07:12:19.0435 AM
[ReportManager] Browser Action [NavigateToURL] successfully performed. With the following test data [https://duckduckgo.com]. @16-11-2021 07:12:19.0718 AM
[ReportManager] Browser Action [CloseCurrentWindow] successfully performed. @16-11-2021 07:12:20.0086 AM
[ReportManager] Successfully created attachment [Browser Action Test Data - CloseCurrentWindow - Actual Value] @16-11-2021 07:12:20.0127 A
[ReportManager] File Action [GetAbsolutePath] successfully performed. With the following test data [Relative Folder Path: "target/downloadedFiles/"]. @16-11-2021 07:12:20.0252 AM
[ReportManager] Attempting to run locally on: [Mac-64], [Safari], Headless Execution. @16-11-2021 07:12:20.0253 AM
[ReportManager] Successfully Opened Safari. @16-11-2021 07:12:21.0125 AM
[ReportManager] Initial window size: (800, 600) @16-11-2021 07:12:21.0134 AM
[ReportManager] Window size after SWD Maximize: (1176, 811) @16-11-2021 07:12:21.0157 AM
[ReportManager] Browser Action [MaximizeWindow] successfully performed. With the following test data [New screen size is now: (1176, 811)]. @16-11-2021 07:12:21.0157 AM
[ReportManager] Target URL: [https://duckduckgo.com] @16-11-2021 07:12:21.0157 AM
[ReportManager] Initial URL: [] @16-11-2021 07:12:21.0231 AM
[ReportManager] Browser Action [NavigateToURL] successfully performed. With the following test data [https://duckduckgo.com]. @16-11-2021 07:12:21.0830 A

################################################################################################################################################
Starting Execution:	[19 out of 146] test cases in the current suite
Test Method:		[unitTests.tests_browserActions.setWindowSize]
################################################################################################################################################
[ReportManager] Initial window size: (1176, 811) @16-11-2021 07:12:21.0878 AM
[ReportManager] Window size after SWD: (1280, 720) @16-11-2021 07:12:21.0906 AM
[ReportManager] Browser Action [SetWindowSize] successfully performed. With the following test data [New screen size is now: (1280, 720)]. @16-11-2021 07:12:21.0913 A
[ReportManager] Target URL: [https://duckduckgo.com] @16-11-2021 07:12:22.0037 AM
[ReportManager] Initial URL: [https://duckduckgo.com] @16-11-2021 07:12:22.0067 AM
[ReportManager] Browser Action [NavigateToURL] successfully performed. With the following test data [https://duckduckgo.com]. @16-11-2021 07:12:22.0338 AM
[ReportManager] Browser Action [CloseCurrentWindow] successfully performed. @16-11-2021 07:12:22.0499 AM
[ReportManager] Successfully created attachment [Browser Action Test Data - CloseCurrentWindow - Actual Value] @16-11-2021 07:12:22.0514 A
[ReportManager] Successfully loaded the following test data file [src/test/resources/TestDataFiles/testSuite01/TestData.xlsx]. @16-11-2021 07:12:23.0572 AM
[ReportManager] Successfully created attachment [Test Data - Excel] @16-11-2021 07:12:23.0612 A

################################################################################################################################################
Starting Execution:	[20 out of 146] test cases in the current suite
Test Method:		[unitTests.tests_io_excelFileManager.getCellData_rowName_expectedToPass]
################################################################################################################################################
[ReportManager] testRowData. @16-11-2021 07:12:23.0709 A

################################################################################################################################################
Starting Execution:	[21 out of 146] test cases in the current suite
Test Method:		[unitTests.tests_validations_assertions.assertComparativeRelation_greaterThanOrEquals_false_equals_expectedToFail]
################################################################################################################################################
[ReportManager] Assertion [ValidateComparativeRelation] FAILED. Expected [1] and Actual [1]. Comparison Type [GREATER_THAN_OR_EQUALS]. Validation Type [NEGATIVE]. @16-11-2021 07:12:23.0839 A

################################################################################################################################################
Starting Execution:	[22 out of 146] test cases in the current suite
Test Method:		[unitTests.tests_validations_assertions.assertComparativeRelation_greaterThanOrEquals_false_equals_expectedToPass]
################################################################################################################################################
[ReportManager] Assertion [ValidateComparativeRelation] PASSED. Expected [2] and Actual [1]. Comparison Type [GREATER_THAN_OR_EQUALS]. Validation Type [NEGATIVE]. @16-11-2021 07:12:24.0008 A

################################################################################################################################################
Starting Execution:	[23 out of 146] test cases in the current suite
Test Method:		[unitTests.tests_validations_assertions.assertComparativeRelation_greaterThanOrEquals_false_greaterThan_expectedToFail]
################################################################################################################################################
[ReportManager] Assertion [ValidateComparativeRelation] FAILED. Expected [1] and Actual [2]. Comparison Type [GREATER_THAN_OR_EQUALS]. Validation Type [NEGATIVE]. @16-11-2021 07:12:24.0055 A

################################################################################################################################################
Starting Execution:	[24 out of 146] test cases in the current suite
Test Method:		[unitTests.tests_validations_assertions.assertComparativeRelation_greaterThanOrEquals_false_greaterThan_expectedToPass]
################################################################################################################################################
[ReportManager] Assertion [ValidateComparativeRelation] PASSED. Expected [2] and Actual [1]. Comparison Type [GREATER_THAN_OR_EQUALS]. Validation Type [NEGATIVE]. @16-11-2021 07:12:24.0062 A

################################################################################################################################################
Starting Execution:	[25 out of 146] test cases in the current suite
Test Method:		[unitTests.tests_validations_assertions.assertComparativeRelation_greaterThanOrEquals_true_equals_expectedToFail]
################################################################################################################################################
[ReportManager] Assertion [ValidateComparativeRelation] FAILED. Expected [1] and Actual [0]. Comparison Type [GREATER_THAN_OR_EQUALS]. Validation Type [POSITIVE]. @16-11-2021 07:12:24.0102 A

################################################################################################################################################
Starting Execution:	[26 out of 146] test cases in the current suite
Test Method:		[unitTests.tests_validations_assertions.assertComparativeRelation_greaterThanOrEquals_true_equals_expectedToPass]
################################################################################################################################################
[ReportManager] Assertion [ValidateComparativeRelation] PASSED. Expected [1] and Actual [1]. Comparison Type [GREATER_THAN_OR_EQUALS]. Validation Type [POSITIVE]. @16-11-2021 07:12:24.0106 A

################################################################################################################################################
Starting Execution:	[27 out of 146] test cases in the current suite
Test Method:		[unitTests.tests_validations_assertions.assertComparativeRelation_greaterThanOrEquals_true_greaterThan_expectedToFail]
################################################################################################################################################
[ReportManager] Assertion [ValidateComparativeRelation] FAILED. Expected [2] and Actual [1]. Comparison Type [GREATER_THAN_OR_EQUALS]. Validation Type [POSITIVE]. @16-11-2021 07:12:24.0149 A

################################################################################################################################################
Starting Execution:	[28 out of 146] test cases in the current suite
Test Method:		[unitTests.tests_validations_assertions.assertComparativeRelation_greaterThanOrEquals_true_greaterThan_expectedToPass]
################################################################################################################################################
[ReportManager] Assertion [ValidateComparativeRelation] PASSED. Expected [1] and Actual [2]. Comparison Type [GREATER_THAN_OR_EQUALS]. Validation Type [POSITIVE]. @16-11-2021 07:12:24.0153 A
[ReportManager] File Action [GetAbsolutePath] successfully performed. With the following test data [Relative Folder Path: "target/downloadedFiles/"]. @16-11-2021 07:12:24.0190 AM
[ReportManager] Attempting to run locally on: [Mac-64], [Safari], Headless Execution. @16-11-2021 07:12:24.0190 AM
[ReportManager] Successfully Opened Safari. @16-11-2021 07:12:25.0024 AM
[ReportManager] Initial window size: (800, 600) @16-11-2021 07:12:25.0048 AM
[ReportManager] Window size after SWD Maximize: (1176, 811) @16-11-2021 07:12:25.0068 AM
[ReportManager] Browser Action [MaximizeWindow] successfully performed. With the following test data [New screen size is now: (1176, 811)]. @16-11-2021 07:12:25.0069 AM
[ReportManager] Target URL: [https://www.google.com/ncr], and after redirection: [www.google.com] @16-11-2021 07:12:25.0069 AM
[ReportManager] Initial URL: [] @16-11-2021 07:12:25.0168 AM
[ReportManager] Browser Action [NavigateToURL] successfully performed. With the following test data [https://www.google.com/ncr]. @16-11-2021 07:12:25.0858 A

################################################################################################################################################
Starting Execution:	[29 out of 146] test cases in the current suite
Test Method:		[unitTests.tests_validations_assertions.assertElementAttribute_false_caseInsensitiveComparison_expectedToFail]
################################################################################################################################################
[ReportManager] Element Action [Type] successfully performed. With the following test data [AUTOMATION]. @16-11-2021 07:12:26.0443 AM
[ReportManager] Element Action [GetText] successfully performed. With the following test data [AUTOMATION]. @16-11-2021 07:12:26.0500 AM
[ReportManager] Loaded Shared OpenCV @16-11-2021 07:12:31.0650 AM
[ReportManager] Assertion [ValidateElementAttribute] FAILED. Expected [Value Should not be 'AutomaTion' for the 'text' attribute, element locator 'By.name: q'] and Actual [AUTOMATION]. Comparison Type [CASE_INSENSITIVE]. Validation Type [NEGATIVE]. @16-11-2021 07:12:32.0146 AM
[ReportManager] Successfully created attachment [Screenshot - 1637046746560_assertElementAttribute_false_caseInsensitiveComparison_expectedToFail_ValidateElementAttribute_failed] @16-11-2021 07:12:32.0233 A
[ReportManager] Browser Action [CloseCurrentWindow] successfully performed. @16-11-2021 07:12:32.0556 AM
[ReportManager] Successfully created attachment [Browser Action Test Data - CloseCurrentWindow - Actual Value] @16-11-2021 07:12:32.0587 A
[ReportManager] File Action [GetAbsolutePath] successfully performed. With the following test data [Relative Folder Path: "target/downloadedFiles/"]. @16-11-2021 07:12:32.0593 AM
[ReportManager] Attempting to run locally on: [Mac-64], [Safari], Headless Execution. @16-11-2021 07:12:32.0593 AM
[ReportManager] Successfully Opened Safari. @16-11-2021 07:12:33.0441 AM
[ReportManager] Initial window size: (800, 600) @16-11-2021 07:12:33.0450 AM
[ReportManager] Window size after SWD Maximize: (1176, 811) @16-11-2021 07:12:33.0474 AM
[ReportManager] Browser Action [MaximizeWindow] successfully performed. With the following test data [New screen size is now: (1176, 811)]. @16-11-2021 07:12:33.0474 AM
[ReportManager] Target URL: [https://www.google.com/ncr], and after redirection: [www.google.com] @16-11-2021 07:12:33.0474 AM
[ReportManager] Initial URL: [] @16-11-2021 07:12:33.0562 AM
[ReportManager] Browser Action [NavigateToURL] successfully performed. With the following test data [https://www.google.com/ncr]. @16-11-2021 07:12:34.0750 A

################################################################################################################################################
Starting Execution:	[30 out of 146] test cases in the current suite
Test Method:		[unitTests.tests_validations_assertions.assertElementAttribute_false_caseInsensitiveComparison_expectedToPass]
################################################################################################################################################
[ReportManager] Element Action [Type] successfully performed. With the following test data [AUTOMATION]. @16-11-2021 07:12:35.0250 AM
[ReportManager] Element Action [GetText] successfully performed. With the following test data [AUTOMATION]. @16-11-2021 07:12:35.0306 AM
[ReportManager] Loaded Shared OpenCV @16-11-2021 07:12:35.0361 AM
[ReportManager] Assertion [ValidateElementAttribute] PASSED. Expected [Value Should not be 'AutomaTion123' for the 'text' attribute, element locator 'By.name: q'] and Actual [AUTOMATION]. Comparison Type [CASE_INSENSITIVE]. Validation Type [NEGATIVE]. @16-11-2021 07:12:35.0639 AM
[ReportManager] Successfully created attachment [Screenshot - 1637046755361_assertElementAttribute_false_caseInsensitiveComparison_expectedToPass_ValidateElementAttribute_passed] @16-11-2021 07:12:35.0722 A
[ReportManager] Browser Action [CloseCurrentWindow] successfully performed. @16-11-2021 07:12:36.0002 AM
[ReportManager] Successfully created attachment [Browser Action Test Data - CloseCurrentWindow - Actual Value] @16-11-2021 07:12:36.0045 A
[ReportManager] File Action [GetAbsolutePath] successfully performed. With the following test data [Relative Folder Path: "target/downloadedFiles/"]. @16-11-2021 07:12:36.0172 AM
[ReportManager] Attempting to run locally on: [Mac-64], [Safari], Headless Execution. @16-11-2021 07:12:36.0172 AM
[ReportManager] Successfully Opened Safari. @16-11-2021 07:12:37.0039 AM
[ReportManager] Initial window size: (800, 600) @16-11-2021 07:12:37.0048 AM
[ReportManager] Window size after SWD Maximize: (1176, 811) @16-11-2021 07:12:37.0071 AM
[ReportManager] Browser Action [MaximizeWindow] successfully performed. With the following test data [New screen size is now: (1176, 811)]. @16-11-2021 07:12:37.0072 AM
[ReportManager] Target URL: [https://www.google.com/ncr], and after redirection: [www.google.com] @16-11-2021 07:12:37.0072 AM
[ReportManager] Initial URL: [] @16-11-2021 07:12:37.0134 AM
[ReportManager] Browser Action [NavigateToURL] successfully performed. With the following test data [https://www.google.com/ncr]. @16-11-2021 07:12:38.0418 A

################################################################################################################################################
Starting Execution:	[31 out of 146] test cases in the current suite
Test Method:		[unitTests.tests_validations_assertions.assertElementAttribute_false_containsComparison_expectedToFail]
################################################################################################################################################
[ReportManager] Element Action [Type] successfully performed. With the following test data [Automation123]. @16-11-2021 07:12:39.0092 AM
[ReportManager] Element Action [GetText] successfully performed. With the following test data [Automation123]. @16-11-2021 07:12:39.0164 AM
[ReportManager] Loaded Shared OpenCV @16-11-2021 07:12:39.0238 AM
[ReportManager] Assertion [ValidateElementAttribute] FAILED. Expected [Value Should not be 'Automation' for the 'text' attribute, element locator 'By.name: q'] and Actual [Automation123]. Comparison Type [CONTAINS]. Validation Type [NEGATIVE]. @16-11-2021 07:12:39.0518 AM
[ReportManager] Successfully created attachment [Screenshot - 1637046759238_assertElementAttribute_false_containsComparison_expectedToFail_ValidateElementAttribute_failed] @16-11-2021 07:12:39.0602 A
[ReportManager] Browser Action [CloseCurrentWindow] successfully performed. @16-11-2021 07:12:40.0027 AM
[ReportManager] Successfully created attachment [Browser Action Test Data - CloseCurrentWindow - Actual Value] @16-11-2021 07:12:40.0069 A
[ReportManager] File Action [GetAbsolutePath] successfully performed. With the following test data [Relative Folder Path: "target/downloadedFiles/"]. @16-11-2021 07:12:40.0238 AM
[ReportManager] Attempting to run locally on: [Mac-64], [Safari], Headless Execution. @16-11-2021 07:12:40.0238 AM
[ReportManager] Successfully Opened Safari. @16-11-2021 07:12:41.0001 AM
[ReportManager] Initial window size: (800, 600) @16-11-2021 07:12:41.0013 AM
[ReportManager] Window size after SWD Maximize: (1176, 811) @16-11-2021 07:12:41.0026 AM
[ReportManager] Browser Action [MaximizeWindow] successfully performed. With the following test data [New screen size is now: (1176, 811)]. @16-11-2021 07:12:41.0026 AM
[ReportManager] Target URL: [https://www.google.com/ncr], and after redirection: [www.google.com] @16-11-2021 07:12:41.0026 AM
[ReportManager] Initial URL: [] @16-11-2021 07:12:41.0076 AM
[ReportManager] Browser Action [NavigateToURL] successfully performed. With the following test data [https://www.google.com/ncr]. @16-11-2021 07:12:41.0863 A

################################################################################################################################################
Starting Execution:	[32 out of 146] test cases in the current suite
Test Method:		[unitTests.tests_validations_assertions.assertElementAttribute_false_containsComparison_expectedToPass]
################################################################################################################################################
[ReportManager] Element Action [Type] successfully performed. With the following test data [Automation123]. @16-11-2021 07:12:42.0514 AM
[ReportManager] Element Action [GetText] successfully performed. With the following test data [Automation123]. @16-11-2021 07:12:42.0569 AM
[ReportManager] Loaded Shared OpenCV @16-11-2021 07:12:42.0620 AM
[ReportManager] Assertion [ValidateElementAttribute] PASSED. Expected [Value Should not be 'Automation1234' for the 'text' attribute, element locator 'By.name: q'] and Actual [Automation123]. Comparison Type [CONTAINS]. Validation Type [NEGATIVE]. @16-11-2021 07:12:42.0844 AM
[ReportManager] Successfully created attachment [Screenshot - 1637046762620_assertElementAttribute_false_containsComparison_expectedToPass_ValidateElementAttribute_passed] @16-11-2021 07:12:42.0845 A
[ReportManager] Browser Action [CloseCurrentWindow] successfully performed. @16-11-2021 07:12:43.0172 AM
[ReportManager] Successfully created attachment [Browser Action Test Data - CloseCurrentWindow - Actual Value] @16-11-2021 07:12:43.0173 A
[ReportManager] File Action [GetAbsolutePath] successfully performed. With the following test data [Relative Folder Path: "target/downloadedFiles/"]. @16-11-2021 07:12:43.0176 AM
[ReportManager] Attempting to run locally on: [Mac-64], [Safari], Headless Execution. @16-11-2021 07:12:43.0176 AM
[ReportManager] Successfully Opened Safari. @16-11-2021 07:12:44.0075 AM
[ReportManager] Initial window size: (800, 600) @16-11-2021 07:12:44.0088 AM
[ReportManager] Window size after SWD Maximize: (1176, 811) @16-11-2021 07:12:44.0179 AM
[ReportManager] Browser Action [MaximizeWindow] successfully performed. With the following test data [New screen size is now: (1176, 811)]. @16-11-2021 07:12:44.0180 AM
[ReportManager] Target URL: [https://www.google.com/ncr], and after redirection: [www.google.com] @16-11-2021 07:12:44.0180 AM
[ReportManager] Initial URL: [] @16-11-2021 07:12:44.0236 AM
[ReportManager] Browser Action [NavigateToURL] successfully performed. With the following test data [https://www.google.com/ncr]. @16-11-2021 07:12:44.0932 A

################################################################################################################################################
Starting Execution:	[33 out of 146] test cases in the current suite
Test Method:		[unitTests.tests_validations_assertions.assertElementAttribute_false_literalComparison_expectedToFail]
################################################################################################################################################
[ReportManager] Element Action [Type] successfully performed. With the following test data [Automation!@#$%^&*()_+{}[]\';/.,]. @16-11-2021 07:12:46.0144 AM
[ReportManager] Element Action [GetText] successfully performed. With the following test data [Automation!@#$%^&*()_+{}[]\';/.,]. @16-11-2021 07:12:46.0202 AM
[ReportManager] Loaded Shared OpenCV @16-11-2021 07:12:46.0252 AM
[ReportManager] Assertion [ValidateElementAttribute] PASSED. Expected [Value Should not be 'Automation!@#$%^&*()_+{}[]\\';/.,' for the 'text' attribute, element locator 'By.name: q'] and Actual [Automation!@#$%^&*()_+{}[]\';/.,]. Comparison Type [EQUALS]. Validation Type [NEGATIVE]. @16-11-2021 07:12:46.0517 AM
[ReportManager] Successfully created attachment [Screenshot - 1637046766252_assertElementAttribute_false_literalComparison_expectedToFail_ValidateElementAttribute_passed] @16-11-2021 07:12:46.0600 A
[ReportManager] Browser Action [CloseCurrentWindow] successfully performed. @16-11-2021 07:12:47.0035 AM
[ReportManager] Successfully created attachment [Browser Action Test Data - CloseCurrentWindow - Actual Value] @16-11-2021 07:12:47.0075 A
[ReportManager] File Action [GetAbsolutePath] successfully performed. With the following test data [Relative Folder Path: "target/downloadedFiles/"]. @16-11-2021 07:12:47.0201 AM
[ReportManager] Attempting to run locally on: [Mac-64], [Safari], Headless Execution. @16-11-2021 07:12:47.0201 AM
[ReportManager] Successfully Opened Safari. @16-11-2021 07:12:48.0083 AM
[ReportManager] Initial window size: (800, 600) @16-11-2021 07:12:48.0088 AM
[ReportManager] Window size after SWD Maximize: (1176, 811) @16-11-2021 07:12:48.0108 AM
[ReportManager] Browser Action [MaximizeWindow] successfully performed. With the following test data [New screen size is now: (1176, 811)]. @16-11-2021 07:12:48.0108 AM
[ReportManager] Target URL: [https://www.google.com/ncr], and after redirection: [www.google.com] @16-11-2021 07:12:48.0108 AM
[ReportManager] Initial URL: [] @16-11-2021 07:12:48.0165 AM
[ReportManager] Browser Action [NavigateToURL] successfully performed. With the following test data [https://www.google.com/ncr]. @16-11-2021 07:12:49.0471 A

################################################################################################################################################
Starting Execution:	[34 out of 146] test cases in the current suite
Test Method:		[unitTests.tests_validations_assertions.assertElementAttribute_false_literalComparison_expectedToPass]
################################################################################################################################################
[ReportManager] Element Action [Type] successfully performed. With the following test data [Automation!@#$%^&*()_+{}[]\';/.,]. @16-11-2021 07:12:50.0731 AM
[ReportManager] Element Action [GetText] successfully performed. With the following test data [Automation!@#$%^&*()_+{}[]\';/.,]. @16-11-2021 07:12:50.0779 AM
[ReportManager] Loaded Shared OpenCV @16-11-2021 07:12:50.0832 AM
[ReportManager] Assertion [ValidateElementAttribute] PASSED. Expected [Value Should not be 'Automation' for the 'text' attribute, element locator 'By.name: q'] and Actual [Automation!@#$%^&*()_+{}[]\';/.,]. Comparison Type [EQUALS]. Validation Type [NEGATIVE]. @16-11-2021 07:12:51.0142 AM
[ReportManager] Successfully created attachment [Screenshot - 1637046770832_assertElementAttribute_false_literalComparison_expectedToPass_ValidateElementAttribute_passed] @16-11-2021 07:12:51.0225 A
[ReportManager] Browser Action [CloseCurrentWindow] successfully performed. @16-11-2021 07:12:51.0655 AM
[ReportManager] Successfully created attachment [Browser Action Test Data - CloseCurrentWindow - Actual Value] @16-11-2021 07:12:51.0697 A
[ReportManager] File Action [GetAbsolutePath] successfully performed. With the following test data [Relative Folder Path: "target/downloadedFiles/"]. @16-11-2021 07:12:51.0823 AM
[ReportManager] Attempting to run locally on: [Mac-64], [Safari], Headless Execution. @16-11-2021 07:12:51.0824 AM
[ReportManager] Successfully Opened Safari. @16-11-2021 07:12:52.0687 AM
[ReportManager] Initial window size: (800, 600) @16-11-2021 07:12:52.0706 AM
[ReportManager] Window size after SWD Maximize: (1176, 811) @16-11-2021 07:12:52.0718 AM
[ReportManager] Browser Action [MaximizeWindow] successfully performed. With the following test data [New screen size is now: (1176, 811)]. @16-11-2021 07:12:52.0718 AM
[ReportManager] Target URL: [https://www.google.com/ncr], and after redirection: [www.google.com] @16-11-2021 07:12:52.0718 AM
[ReportManager] Initial URL: [] @16-11-2021 07:12:52.0813 AM
[ReportManager] Browser Action [NavigateToURL] successfully performed. With the following test data [https://www.google.com/ncr]. @16-11-2021 07:12:53.0634 A

################################################################################################################################################
Starting Execution:	[35 out of 146] test cases in the current suite
Test Method:		[unitTests.tests_validations_assertions.assertElementAttribute_false_regexComparison_expectedToFail]
################################################################################################################################################
[ReportManager] Element Action [Type] successfully performed. With the following test data [Automation123]. @16-11-2021 07:12:54.0170 AM
[ReportManager] Element Action [GetText] successfully performed. With the following test data [Automation123]. @16-11-2021 07:12:54.0220 AM
[ReportManager] Loaded Shared OpenCV @16-11-2021 07:12:54.0271 AM
[ReportManager] Assertion [ValidateElementAttribute] FAILED. Expected [Value Should not be 'Automation.*' for the 'text' attribute, element locator 'By.name: q'] and Actual [Automation123]. Comparison Type [MATCHES]. Validation Type [NEGATIVE]. @16-11-2021 07:12:54.0535 AM
[ReportManager] Successfully created attachment [Screenshot - 1637046774271_assertElementAttribute_false_regexComparison_expectedToFail_ValidateElementAttribute_failed] @16-11-2021 07:12:54.0618 A
[ReportManager] Browser Action [CloseCurrentWindow] successfully performed. @16-11-2021 07:12:55.0020 AM
[ReportManager] Successfully created attachment [Browser Action Test Data - CloseCurrentWindow - Actual Value] @16-11-2021 07:12:55.0061 A
[ReportManager] File Action [GetAbsolutePath] successfully performed. With the following test data [Relative Folder Path: "target/downloadedFiles/"]. @16-11-2021 07:12:55.0104 AM
[ReportManager] Attempting to run locally on: [Mac-64], [Safari], Headless Execution. @16-11-2021 07:12:55.0104 AM
[ReportManager] Successfully Opened Safari. @16-11-2021 07:12:56.0002 AM
[ReportManager] Initial window size: (800, 600) @16-11-2021 07:12:56.0031 AM
[ReportManager] Window size after SWD Maximize: (1176, 811) @16-11-2021 07:12:56.0046 AM
[ReportManager] Browser Action [MaximizeWindow] successfully performed. With the following test data [New screen size is now: (1176, 811)]. @16-11-2021 07:12:56.0046 AM
[ReportManager] Target URL: [https://www.google.com/ncr], and after redirection: [www.google.com] @16-11-2021 07:12:56.0047 AM
[ReportManager] Initial URL: [] @16-11-2021 07:12:56.0111 AM
[ReportManager] Browser Action [NavigateToURL] successfully performed. With the following test data [https://www.google.com/ncr]. @16-11-2021 07:12:56.0855 A

################################################################################################################################################
Starting Execution:	[36 out of 146] test cases in the current suite
Test Method:		[unitTests.tests_validations_assertions.assertElementAttribute_false_regexComparison_expectedToPass]
################################################################################################################################################
[ReportManager] Element Action [Type] successfully performed. With the following test data [Automation123]. @16-11-2021 07:12:57.0492 AM
[ReportManager] Element Action [GetText] successfully performed. With the following test data [Automation123]. @16-11-2021 07:12:57.0542 AM
[ReportManager] Loaded Shared OpenCV @16-11-2021 07:12:57.0591 AM
[ReportManager] Assertion [ValidateElementAttribute] PASSED. Expected [Value Should not be 'Automation' for the 'text' attribute, element locator 'By.name: q'] and Actual [Automation123]. Comparison Type [MATCHES]. Validation Type [NEGATIVE]. @16-11-2021 07:12:57.0859 AM
[ReportManager] Successfully created attachment [Screenshot - 1637046777591_assertElementAttribute_false_regexComparison_expectedToPass_ValidateElementAttribute_passed] @16-11-2021 07:12:57.0942 A
[ReportManager] Browser Action [CloseCurrentWindow] successfully performed. @16-11-2021 07:12:58.0241 AM
[ReportManager] Successfully created attachment [Browser Action Test Data - CloseCurrentWindow - Actual Value] @16-11-2021 07:12:58.0282 A
[ReportManager] File Action [GetAbsolutePath] successfully performed. With the following test data [Relative Folder Path: "target/downloadedFiles/"]. @16-11-2021 07:12:58.0369 AM
[ReportManager] Attempting to run locally on: [Mac-64], [Safari], Headless Execution. @16-11-2021 07:12:58.0369 AM
[ReportManager] Successfully Opened Safari. @16-11-2021 07:12:59.0273 AM
[ReportManager] Initial window size: (800, 600) @16-11-2021 07:12:59.0282 AM
[ReportManager] Window size after SWD Maximize: (1176, 811) @16-11-2021 07:12:59.0305 AM
[ReportManager] Browser Action [MaximizeWindow] successfully performed. With the following test data [New screen size is now: (1176, 811)]. @16-11-2021 07:12:59.0306 AM
[ReportManager] Target URL: [https://www.google.com/ncr], and after redirection: [www.google.com] @16-11-2021 07:12:59.0306 AM
[ReportManager] Initial URL: [] @16-11-2021 07:12:59.0374 AM
[ReportManager] Browser Action [NavigateToURL] successfully performed. With the following test data [https://www.google.com/ncr]. @16-11-2021 07:13:00.0298 A

################################################################################################################################################
Starting Execution:	[37 out of 146] test cases in the current suite
Test Method:		[unitTests.tests_validations_assertions.assertElementAttribute_true_caseInsensitiveComparison_expectedToFail]
################################################################################################################################################
[ReportManager] Element Action [Type] successfully performed. With the following test data [AUTOMATION]. @16-11-2021 07:13:00.0890 AM
[ReportManager] Element Action [GetText] successfully performed. With the following test data [AUTOMATION]. @16-11-2021 07:13:00.0954 AM
[ReportManager] Loaded Shared OpenCV @16-11-2021 07:13:01.0012 AM
[ReportManager] Assertion [ValidateElementAttribute] FAILED. Expected [Value Should be 'AutomaTion123' for the 'text' attribute, element locator 'By.name: q'] and Actual [AUTOMATION]. Comparison Type [CASE_INSENSITIVE]. Validation Type [POSITIVE]. @16-11-2021 07:13:01.0307 AM
[ReportManager] Successfully created attachment [Screenshot - 1637046781012_assertElementAttribute_true_caseInsensitiveComparison_expectedToFail_ValidateElementAttribute_failed] @16-11-2021 07:13:01.0390 A
[ReportManager] Browser Action [CloseCurrentWindow] successfully performed. @16-11-2021 07:13:01.0864 AM
[ReportManager] Successfully created attachment [Browser Action Test Data - CloseCurrentWindow - Actual Value] @16-11-2021 07:13:01.0906 A
[ReportManager] File Action [GetAbsolutePath] successfully performed. With the following test data [Relative Folder Path: "target/downloadedFiles/"]. @16-11-2021 07:13:02.0031 AM
[ReportManager] Attempting to run locally on: [Mac-64], [Safari], Headless Execution. @16-11-2021 07:13:02.0032 AM
[ReportManager] Successfully Opened Safari. @16-11-2021 07:13:02.0819 AM
[ReportManager] Initial window size: (800, 600) @16-11-2021 07:13:02.0823 AM
[ReportManager] Window size after SWD Maximize: (1176, 811) @16-11-2021 07:13:02.0838 AM
[ReportManager] Browser Action [MaximizeWindow] successfully performed. With the following test data [New screen size is now: (1176, 811)]. @16-11-2021 07:13:02.0844 AM
[ReportManager] Target URL: [https://www.google.com/ncr], and after redirection: [www.google.com] @16-11-2021 07:13:02.0844 AM
[ReportManager] Initial URL: [] @16-11-2021 07:13:02.0880 AM
[ReportManager] Browser Action [NavigateToURL] successfully performed. With the following test data [https://www.google.com/ncr]. @16-11-2021 07:13:04.0126 A

################################################################################################################################################
Starting Execution:	[38 out of 146] test cases in the current suite
Test Method:		[unitTests.tests_validations_assertions.assertElementAttribute_true_caseInsensitiveComparison_expectedToPass]
################################################################################################################################################
[ReportManager] Element Action [Type] successfully performed. With the following test data [AUTOMATION]. @16-11-2021 07:13:04.0733 AM
[ReportManager] Element Action [GetText] successfully performed. With the following test data [AUTOMATION]. @16-11-2021 07:13:04.0787 AM
[ReportManager] Loaded Shared OpenCV @16-11-2021 07:13:04.0838 AM
[ReportManager] Assertion [ValidateElementAttribute] PASSED. Expected [Value Should be 'AutomaTion' for the 'text' attribute, element locator 'By.name: q'] and Actual [AUTOMATION]. Comparison Type [CASE_INSENSITIVE]. Validation Type [POSITIVE]. @16-11-2021 07:13:05.0104 AM
[ReportManager] Successfully created attachment [Screenshot - 1637046784838_assertElementAttribute_true_caseInsensitiveComparison_expectedToPass_ValidateElementAttribute_passed] @16-11-2021 07:13:05.0187 A
[ReportManager] Browser Action [CloseCurrentWindow] successfully performed. @16-11-2021 07:13:05.0642 AM
[ReportManager] Successfully created attachment [Browser Action Test Data - CloseCurrentWindow - Actual Value] @16-11-2021 07:13:05.0653 A
[ReportManager] File Action [GetAbsolutePath] successfully performed. With the following test data [Relative Folder Path: "target/downloadedFiles/"]. @16-11-2021 07:13:05.0656 AM
[ReportManager] Attempting to run locally on: [Mac-64], [Safari], Headless Execution. @16-11-2021 07:13:05.0657 AM
[ReportManager] Successfully Opened Safari. @16-11-2021 07:13:06.0438 AM
[ReportManager] Initial window size: (800, 600) @16-11-2021 07:13:06.0454 AM
[ReportManager] Window size after SWD Maximize: (1176, 811) @16-11-2021 07:13:06.0479 AM
[ReportManager] Browser Action [MaximizeWindow] successfully performed. With the following test data [New screen size is now: (1176, 811)]. @16-11-2021 07:13:06.0479 AM
[ReportManager] Target URL: [https://www.google.com/ncr], and after redirection: [www.google.com] @16-11-2021 07:13:06.0479 AM
[ReportManager] Initial URL: [] @16-11-2021 07:13:06.0543 AM
[ReportManager] Browser Action [NavigateToURL] successfully performed. With the following test data [https://www.google.com/ncr]. @16-11-2021 07:13:07.0877 A

################################################################################################################################################
Starting Execution:	[39 out of 146] test cases in the current suite
Test Method:		[unitTests.tests_validations_assertions.assertElementAttribute_true_containsComparison_expectedToFail]
################################################################################################################################################
[ReportManager] Element Action [Type] successfully performed. With the following test data [Automation123]. @16-11-2021 07:13:08.0443 AM
[ReportManager] Element Action [GetText] successfully performed. With the following test data [Automation123]. @16-11-2021 07:13:08.0495 AM
[ReportManager] Loaded Shared OpenCV @16-11-2021 07:13:08.0544 AM
[ReportManager] Assertion [ValidateElementAttribute] FAILED. Expected [Value Should be 'Automation1234' for the 'text' attribute, element locator 'By.name: q'] and Actual [Automation123]. Comparison Type [CONTAINS]. Validation Type [POSITIVE]. @16-11-2021 07:13:08.0808 AM
[ReportManager] Successfully created attachment [Screenshot - 1637046788544_assertElementAttribute_true_containsComparison_expectedToFail_ValidateElementAttribute_failed] @16-11-2021 07:13:08.0891 A
[ReportManager] Browser Action [CloseCurrentWindow] successfully performed. @16-11-2021 07:13:09.0314 AM
[ReportManager] Successfully created attachment [Browser Action Test Data - CloseCurrentWindow - Actual Value] @16-11-2021 07:13:09.0355 A
[ReportManager] File Action [GetAbsolutePath] successfully performed. With the following test data [Relative Folder Path: "target/downloadedFiles/"]. @16-11-2021 07:13:09.0480 AM
[ReportManager] Attempting to run locally on: [Mac-64], [Safari], Headless Execution. @16-11-2021 07:13:09.0480 AM
[ReportManager] Successfully Opened Safari. @16-11-2021 07:13:10.0237 AM
[ReportManager] Initial window size: (800, 600) @16-11-2021 07:13:10.0250 AM
[ReportManager] Window size after SWD Maximize: (1176, 811) @16-11-2021 07:13:10.0265 AM
[ReportManager] Browser Action [MaximizeWindow] successfully performed. With the following test data [New screen size is now: (1176, 811)]. @16-11-2021 07:13:10.0266 AM
[ReportManager] Target URL: [https://www.google.com/ncr], and after redirection: [www.google.com] @16-11-2021 07:13:10.0266 AM
[ReportManager] Initial URL: [] @16-11-2021 07:13:10.0304 AM
[ReportManager] Browser Action [NavigateToURL] successfully performed. With the following test data [https://www.google.com/ncr]. @16-11-2021 07:13:11.0020 A

################################################################################################################################################
Starting Execution:	[40 out of 146] test cases in the current suite
Test Method:		[unitTests.tests_validations_assertions.assertElementAttribute_true_containsComparison_expectedToPass]
################################################################################################################################################
[ReportManager] Element Action [Type] successfully performed. With the following test data [Automation123]. @16-11-2021 07:13:11.0777 AM
[ReportManager] Element Action [GetText] successfully performed. With the following test data [Automation123]. @16-11-2021 07:13:11.0842 AM
[ReportManager] Loaded Shared OpenCV @16-11-2021 07:13:11.0898 AM
[ReportManager] Assertion [ValidateElementAttribute] PASSED. Expected [Value Should be 'Automation' for the 'text' attribute, element locator 'By.name: q'] and Actual [Automation123]. Comparison Type [CONTAINS]. Validation Type [POSITIVE]. @16-11-2021 07:13:12.0178 AM
[ReportManager] Successfully created attachment [Screenshot - 1637046791898_assertElementAttribute_true_containsComparison_expectedToPass_ValidateElementAttribute_passed] @16-11-2021 07:13:12.0262 A
[ReportManager] Browser Action [CloseCurrentWindow] successfully performed. @16-11-2021 07:13:12.0429 AM
[ReportManager] Successfully created attachment [Browser Action Test Data - CloseCurrentWindow - Actual Value] @16-11-2021 07:13:12.0511 A
[ReportManager] File Action [GetAbsolutePath] successfully performed. With the following test data [Relative Folder Path: "target/downloadedFiles/"]. @16-11-2021 07:13:12.0596 AM
[ReportManager] Attempting to run locally on: [Mac-64], [Safari], Headless Execution. @16-11-2021 07:13:12.0596 AM
[ReportManager] Successfully Opened Safari. @16-11-2021 07:13:13.0375 AM
[ReportManager] Initial window size: (800, 600) @16-11-2021 07:13:13.0383 AM
[ReportManager] Window size after SWD Maximize: (1176, 811) @16-11-2021 07:13:13.0410 AM
[ReportManager] Browser Action [MaximizeWindow] successfully performed. With the following test data [New screen size is now: (1176, 811)]. @16-11-2021 07:13:13.0411 AM
[ReportManager] Target URL: [https://www.google.com/ncr], and after redirection: [www.google.com] @16-11-2021 07:13:13.0411 AM
[ReportManager] Initial URL: [] @16-11-2021 07:13:13.0487 AM
[ReportManager] Browser Action [NavigateToURL] successfully performed. With the following test data [https://www.google.com/ncr]. @16-11-2021 07:13:14.0209 A

################################################################################################################################################
Starting Execution:	[41 out of 146] test cases in the current suite
Test Method:		[unitTests.tests_validations_assertions.assertElementAttribute_true_literalComparison_expectedToFail]
################################################################################################################################################
[ReportManager] Element Action [Type] successfully performed. With the following test data [Automation!@#$%^&*()_+{}[]\';/.,]. @16-11-2021 07:13:15.0399 AM
[ReportManager] Element Action [GetText] successfully performed. With the following test data [Automation!@#$%^&*()_+{}[]\';/.,]. @16-11-2021 07:13:15.0452 AM
[ReportManager] Loaded Shared OpenCV @16-11-2021 07:13:15.0500 AM
[ReportManager] Assertion [ValidateElementAttribute] FAILED. Expected [Value Should be 'Automation' for the 'text' attribute, element locator 'By.name: q'] and Actual [Automation!@#$%^&*()_+{}[]\';/.,]. Comparison Type [EQUALS]. Validation Type [POSITIVE]. @16-11-2021 07:13:15.0727 AM
[ReportManager] Successfully created attachment [Screenshot - 1637046795500_assertElementAttribute_true_literalComparison_expectedToFail_ValidateElementAttribute_failed] @16-11-2021 07:13:15.0810 A
[ReportManager] Browser Action [CloseCurrentWindow] successfully performed. @16-11-2021 07:13:16.0304 AM
[ReportManager] Successfully created attachment [Browser Action Test Data - CloseCurrentWindow - Actual Value] @16-11-2021 07:13:16.0346 A
[ReportManager] File Action [GetAbsolutePath] successfully performed. With the following test data [Relative Folder Path: "target/downloadedFiles/"]. @16-11-2021 07:13:16.0472 AM
[ReportManager] Attempting to run locally on: [Mac-64], [Safari], Headless Execution. @16-11-2021 07:13:16.0472 AM
[ReportManager] Successfully Opened Safari. @16-11-2021 07:13:17.0304 AM
[ReportManager] Initial window size: (800, 600) @16-11-2021 07:13:17.0325 AM
[ReportManager] Window size after SWD Maximize: (1176, 811) @16-11-2021 07:13:17.0359 AM
[ReportManager] Browser Action [MaximizeWindow] successfully performed. With the following test data [New screen size is now: (1176, 811)]. @16-11-2021 07:13:17.0359 AM
[ReportManager] Target URL: [https://www.google.com/ncr], and after redirection: [www.google.com] @16-11-2021 07:13:17.0359 AM
[ReportManager] Initial URL: [] @16-11-2021 07:13:17.0411 AM
[ReportManager] Browser Action [NavigateToURL] successfully performed. With the following test data [https://www.google.com/ncr]. @16-11-2021 07:13:18.0705 A

################################################################################################################################################
Starting Execution:	[42 out of 146] test cases in the current suite
Test Method:		[unitTests.tests_validations_assertions.assertElementAttribute_true_literalComparison_expectedToPass]
################################################################################################################################################
[ReportManager] Element Action [Type] successfully performed. With the following test data [Automation!@#$%^&*()_+{}[]\';/.,]. @16-11-2021 07:13:19.0847 AM
[ReportManager] Element Action [GetText] successfully performed. With the following test data [Automation!@#$%^&*()_+{}[]\';/.,]. @16-11-2021 07:13:19.0898 AM
[ReportManager] Loaded Shared OpenCV @16-11-2021 07:13:19.0947 AM
[ReportManager] Assertion [ValidateElementAttribute] PASSED. Expected [Value Should be 'Automation!@#$%^&*()_+{}[]\';/.,' for the 'text' attribute, element locator 'By.name: q'] and Actual [Automation!@#$%^&*()_+{}[]\';/.,]. Comparison Type [EQUALS]. Validation Type [POSITIVE]. @16-11-2021 07:13:20.0211 AM
[ReportManager] Successfully created attachment [Screenshot - 1637046799947_assertElementAttribute_true_literalComparison_expectedToPass_ValidateElementAttribute_passed] @16-11-2021 07:13:20.0294 A
[ReportManager] Browser Action [CloseCurrentWindow] successfully performed. @16-11-2021 07:13:20.0729 AM
[ReportManager] Successfully created attachment [Browser Action Test Data - CloseCurrentWindow - Actual Value] @16-11-2021 07:13:20.0770 A
[ReportManager] File Action [GetAbsolutePath] successfully performed. With the following test data [Relative Folder Path: "target/downloadedFiles/"]. @16-11-2021 07:13:20.0896 AM
[ReportManager] Attempting to run locally on: [Mac-64], [Safari], Headless Execution. @16-11-2021 07:13:20.0896 AM
[ReportManager] Successfully Opened Safari. @16-11-2021 07:13:21.0667 AM
[ReportManager] Initial window size: (800, 600) @16-11-2021 07:13:21.0672 AM
[ReportManager] Window size after SWD Maximize: (1176, 811) @16-11-2021 07:13:21.0683 AM
[ReportManager] Browser Action [MaximizeWindow] successfully performed. With the following test data [New screen size is now: (1176, 811)]. @16-11-2021 07:13:21.0683 AM
[ReportManager] Target URL: [https://www.google.com/ncr], and after redirection: [www.google.com] @16-11-2021 07:13:21.0683 AM
[ReportManager] Initial URL: [] @16-11-2021 07:13:21.0732 AM
[ReportManager] Browser Action [NavigateToURL] successfully performed. With the following test data [https://www.google.com/ncr]. @16-11-2021 07:13:23.0047 A

################################################################################################################################################
Starting Execution:	[43 out of 146] test cases in the current suite
Test Method:		[unitTests.tests_validations_assertions.assertElementAttribute_true_regexComparison_expectedToFail]
################################################################################################################################################
[ReportManager] Element Action [Type] successfully performed. With the following test data [Automation123]. @16-11-2021 07:13:23.0670 AM
[ReportManager] Element Action [GetText] successfully performed. With the following test data [Automation123]. @16-11-2021 07:13:23.0728 AM
[ReportManager] Loaded Shared OpenCV @16-11-2021 07:13:23.0776 AM
[ReportManager] Assertion [ValidateElementAttribute] FAILED. Expected [Value Should be 'Automation' for the 'text' attribute, element locator 'By.name: q'] and Actual [Automation123]. Comparison Type [MATCHES]. Validation Type [POSITIVE]. @16-11-2021 07:13:24.0038 AM
[ReportManager] Successfully created attachment [Screenshot - 1637046803776_assertElementAttribute_true_regexComparison_expectedToFail_ValidateElementAttribute_failed] @16-11-2021 07:13:24.0122 A
[ReportManager] Browser Action [CloseCurrentWindow] successfully performed. @16-11-2021 07:13:24.0541 AM
[ReportManager] Successfully created attachment [Browser Action Test Data - CloseCurrentWindow - Actual Value] @16-11-2021 07:13:24.0583 A
[ReportManager] File Action [GetAbsolutePath] successfully performed. With the following test data [Relative Folder Path: "target/downloadedFiles/"]. @16-11-2021 07:13:24.0708 AM
[ReportManager] Attempting to run locally on: [Mac-64], [Safari], Headless Execution. @16-11-2021 07:13:24.0708 AM
[ReportManager] Successfully Opened Safari. @16-11-2021 07:13:25.0497 AM
[ReportManager] Initial window size: (800, 600) @16-11-2021 07:13:25.0504 AM
[ReportManager] Window size after SWD Maximize: (1176, 811) @16-11-2021 07:13:25.0516 AM
[ReportManager] Browser Action [MaximizeWindow] successfully performed. With the following test data [New screen size is now: (1176, 811)]. @16-11-2021 07:13:25.0517 AM
[ReportManager] Target URL: [https://www.google.com/ncr], and after redirection: [www.google.com] @16-11-2021 07:13:25.0517 AM
[ReportManager] Initial URL: [] @16-11-2021 07:13:25.0555 AM
[ReportManager] Browser Action [NavigateToURL] successfully performed. With the following test data [https://www.google.com/ncr]. @16-11-2021 07:13:26.0315 A

################################################################################################################################################
Starting Execution:	[44 out of 146] test cases in the current suite
Test Method:		[unitTests.tests_validations_assertions.assertElementAttribute_true_regexComparison_expectedToPass]
################################################################################################################################################
[ReportManager] Element Action [Type] successfully performed. With the following test data [Automation123]. @16-11-2021 07:13:26.0936 AM
[ReportManager] Element Action [GetText] successfully performed. With the following test data [Automation123]. @16-11-2021 07:13:26.0982 AM
[ReportManager] Loaded Shared OpenCV @16-11-2021 07:13:27.0030 AM
[ReportManager] Assertion [ValidateElementAttribute] PASSED. Expected [Value Should be 'Automation.*' for the 'text' attribute, element locator 'By.name: q'] and Actual [Automation123]. Comparison Type [MATCHES]. Validation Type [POSITIVE]. @16-11-2021 07:13:27.0258 AM
[ReportManager] Successfully created attachment [Screenshot - 1637046807030_assertElementAttribute_true_regexComparison_expectedToPass_ValidateElementAttribute_passed] @16-11-2021 07:13:27.0259 A
[ReportManager] Browser Action [CloseCurrentWindow] successfully performed. @16-11-2021 07:13:27.0619 AM
[ReportManager] Successfully created attachment [Browser Action Test Data - CloseCurrentWindow - Actual Value] @16-11-2021 07:13:27.0660 A
[ReportManager] File Action [GetAbsolutePath] successfully performed. With the following test data [Relative Folder Path: "target/downloadedFiles/"]. @16-11-2021 07:13:27.0785 AM
[ReportManager] Attempting to run locally on: [Mac-64], [Safari], Headless Execution. @16-11-2021 07:13:27.0785 AM
[ReportManager] Successfully Opened Safari. @16-11-2021 07:13:28.0635 AM
[ReportManager] Initial window size: (800, 600) @16-11-2021 07:13:28.0656 AM
[ReportManager] Window size after SWD Maximize: (1176, 811) @16-11-2021 07:13:28.0671 AM
[ReportManager] Browser Action [MaximizeWindow] successfully performed. With the following test data [New screen size is now: (1176, 811)]. @16-11-2021 07:13:28.0671 AM
[ReportManager] Target URL: [https://www.google.com/ncr], and after redirection: [www.google.com] @16-11-2021 07:13:28.0671 AM
[ReportManager] Initial URL: [] @16-11-2021 07:13:28.0716 AM
[ReportManager] Browser Action [NavigateToURL] successfully performed. With the following test data [https://www.google.com/ncr]. @16-11-2021 07:13:29.0674 A

################################################################################################################################################
Starting Execution:	[45 out of 146] test cases in the current suite
Test Method:		[unitTests.tests_validations_assertions.assertElementAttribute_type_true_literalComparison_expectedToPass]
################################################################################################################################################
[ReportManager] Element Action [Type] successfully performed. With the following test data [Automation!@#$%^&*()_+{}[]\';/.,]. @16-11-2021 07:13:30.0737 AM
[ReportManager] Element Action [GetText] successfully performed. With the following test data [Automation!@#$%^&*()_+{}[]\';/.,]. @16-11-2021 07:13:30.0794 AM
[ReportManager] Loaded Shared OpenCV @16-11-2021 07:13:30.0843 AM
[ReportManager] Assertion [ValidateElementAttribute] PASSED. Expected [Value Should be 'Automation!@#$%^&*()_+{}[]\';/.,' for the 'text' attribute, element locator 'By.name: q'] and Actual [Automation!@#$%^&*()_+{}[]\';/.,]. Comparison Type [EQUALS]. Validation Type [POSITIVE]. @16-11-2021 07:13:31.0104 AM
[ReportManager] Successfully created attachment [Screenshot - 1637046810843_assertElementAttribute_type_true_literalComparison_expectedToPass_ValidateElementAttribute_passed] @16-11-2021 07:13:31.0105 A
[ReportManager] Browser Action [CloseCurrentWindow] successfully performed. @16-11-2021 07:13:31.0402 AM
[ReportManager] Successfully created attachment [Browser Action Test Data - CloseCurrentWindow - Actual Value] @16-11-2021 07:13:31.0443 A
[ReportManager] File Action [GetAbsolutePath] successfully performed. With the following test data [Relative Folder Path: "target/downloadedFiles/"]. @16-11-2021 07:13:31.0569 AM
[ReportManager] Attempting to run locally on: [Mac-64], [Safari], Headless Execution. @16-11-2021 07:13:31.0570 AM
[ReportManager] Successfully Opened Safari. @16-11-2021 07:13:32.0345 AM
[ReportManager] Initial window size: (800, 600) @16-11-2021 07:13:32.0350 AM
[ReportManager] Window size after SWD Maximize: (1176, 811) @16-11-2021 07:13:32.0371 AM
[ReportManager] Browser Action [MaximizeWindow] successfully performed. With the following test data [New screen size is now: (1176, 811)]. @16-11-2021 07:13:32.0371 AM
[ReportManager] Target URL: [https://www.google.com/ncr], and after redirection: [www.google.com] @16-11-2021 07:13:32.0371 AM
[ReportManager] Initial URL: [] @16-11-2021 07:13:32.0415 AM
[ReportManager] Browser Action [NavigateToURL] successfully performed. With the following test data [https://www.google.com/ncr]. @16-11-2021 07:13:33.0675 A

################################################################################################################################################
Starting Execution:	[46 out of 146] test cases in the current suite
Test Method:		[unitTests.tests_validations_assertions.assertElementExists_false_expectedToFail]
###############################################################################################################################################
[ReportManager] Browser Action [CloseCurrentWindow] successfully performed. @16-11-2021 07:13:34.0289 AM
[ReportManager] Successfully created attachment [Browser Action Test Data - CloseCurrentWindow - Actual Value] @16-11-2021 07:13:34.0332 A
[ReportManager] File Action [GetAbsolutePath] successfully performed. With the following test data [Relative Folder Path: "target/downloadedFiles/"]. @16-11-2021 07:13:34.0457 AM
[ReportManager] Attempting to run locally on: [Mac-64], [Safari], Headless Execution. @16-11-2021 07:13:34.0457 AM
[ReportManager] Successfully Opened Safari. @16-11-2021 07:13:35.0304 AM
[ReportManager] Initial window size: (800, 600) @16-11-2021 07:13:35.0317 AM
[ReportManager] Window size after SWD Maximize: (1176, 811) @16-11-2021 07:13:35.0340 AM
[ReportManager] Browser Action [MaximizeWindow] successfully performed. With the following test data [New screen size is now: (1176, 811)]. @16-11-2021 07:13:35.0340 AM
[ReportManager] Target URL: [https://www.google.com/ncr], and after redirection: [www.google.com] @16-11-2021 07:13:35.0340 AM
[ReportManager] Initial URL: [] @16-11-2021 07:13:35.0412 AM
[ReportManager] Browser Action [NavigateToURL] successfully performed. With the following test data [https://www.google.com/ncr]. @16-11-2021 07:13:36.0722 A

################################################################################################################################################
Starting Execution:	[47 out of 146] test cases in the current suite
Test Method:		[unitTests.tests_validations_assertions.assertElementExists_false_expectedToPass]
###############################################################################################################################################
[ReportManager] Browser Action [CloseCurrentWindow] successfully performed. @16-11-2021 07:13:37.0316 AM
[ReportManager] Successfully created attachment [Browser Action Test Data - CloseCurrentWindow - Actual Value] @16-11-2021 07:13:37.0357 A
[ReportManager] File Action [GetAbsolutePath] successfully performed. With the following test data [Relative Folder Path: "target/downloadedFiles/"]. @16-11-2021 07:13:37.0483 AM
[ReportManager] Attempting to run locally on: [Mac-64], [Safari], Headless Execution. @16-11-2021 07:13:37.0483 AM
[ReportManager] Successfully Opened Safari. @16-11-2021 07:13:38.0331 AM
[ReportManager] Initial window size: (800, 600) @16-11-2021 07:13:38.0362 AM
[ReportManager] Window size after SWD Maximize: (1176, 811) @16-11-2021 07:13:38.0383 AM
[ReportManager] Browser Action [MaximizeWindow] successfully performed. With the following test data [New screen size is now: (1176, 811)]. @16-11-2021 07:13:38.0384 AM
[ReportManager] Target URL: [https://www.google.com/ncr], and after redirection: [www.google.com] @16-11-2021 07:13:38.0384 AM
[ReportManager] Initial URL: [] @16-11-2021 07:13:38.0439 AM
[ReportManager] Browser Action [NavigateToURL] successfully performed. With the following test data [https://www.google.com/ncr]. @16-11-2021 07:13:39.0785 A

################################################################################################################################################
Starting Execution:	[48 out of 146] test cases in the current suite
Test Method:		[unitTests.tests_validations_assertions.assertElementExists_false_multipleElementsFound_expectedToFail]
################################################################################################################################################
[ReportManager] Loaded Shared OpenCV @16-11-2021 07:13:40.0042 AM
[ReportManager] Assertion [ValidateElementExists] FAILED. Expected [Element Should not Exist, locator 'By.xpath: //div'] and Actual [Element Exists but is not unique]. Comparison Type [EQUALS]. Validation Type [NEGATIVE]. @16-11-2021 07:13:40.0313 AM
[ReportManager] Successfully created attachment [Screenshot - 1637046820042_assertElementExists_false_multipleElementsFound_expectedToFail_ValidateElementExists_failed] @16-11-2021 07:13:40.0395 A
[ReportManager] Browser Action [CloseCurrentWindow] successfully performed. @16-11-2021 07:13:40.0748 AM
[ReportManager] Successfully created attachment [Browser Action Test Data - CloseCurrentWindow - Actual Value] @16-11-2021 07:13:40.0790 A
[ReportManager] File Action [GetAbsolutePath] successfully performed. With the following test data [Relative Folder Path: "target/downloadedFiles/"]. @16-11-2021 07:13:41.0037 AM
[ReportManager] Attempting to run locally on: [Mac-64], [Safari], Headless Execution. @16-11-2021 07:13:41.0037 AM
[ReportManager] Successfully Opened Safari. @16-11-2021 07:13:41.0821 AM
[ReportManager] Initial window size: (800, 600) @16-11-2021 07:13:41.0831 AM
[ReportManager] Window size after SWD Maximize: (1176, 811) @16-11-2021 07:13:41.0850 AM
[ReportManager] Browser Action [MaximizeWindow] successfully performed. With the following test data [New screen size is now: (1176, 811)]. @16-11-2021 07:13:41.0851 AM
[ReportManager] Target URL: [https://www.google.com/ncr], and after redirection: [www.google.com] @16-11-2021 07:13:41.0851 AM
[ReportManager] Initial URL: [] @16-11-2021 07:13:41.0923 AM
[ReportManager] Browser Action [NavigateToURL] successfully performed. With the following test data [https://www.google.com/ncr]. @16-11-2021 07:13:43.0166 A

################################################################################################################################################
Starting Execution:	[49 out of 146] test cases in the current suite
Test Method:		[unitTests.tests_validations_assertions.assertElementExists_true_expectedToFail]
###############################################################################################################################################
[ReportManager] Browser Action [CloseCurrentWindow] successfully performed. @16-11-2021 07:13:43.0679 AM
[ReportManager] Successfully created attachment [Browser Action Test Data - CloseCurrentWindow - Actual Value] @16-11-2021 07:13:43.0720 A
[ReportManager] File Action [GetAbsolutePath] successfully performed. With the following test data [Relative Folder Path: "target/downloadedFiles/"]. @16-11-2021 07:13:43.0847 AM
[ReportManager] Attempting to run locally on: [Mac-64], [Safari], Headless Execution. @16-11-2021 07:13:43.0847 AM
[ReportManager] Successfully Opened Safari. @16-11-2021 07:13:44.0711 AM
[ReportManager] Initial window size: (800, 600) @16-11-2021 07:13:44.0719 AM
[ReportManager] Window size after SWD Maximize: (1176, 811) @16-11-2021 07:13:44.0771 AM
[ReportManager] Browser Action [MaximizeWindow] successfully performed. With the following test data [New screen size is now: (1176, 811)]. @16-11-2021 07:13:44.0771 AM
[ReportManager] Target URL: [https://www.google.com/ncr], and after redirection: [www.google.com] @16-11-2021 07:13:44.0771 AM
[ReportManager] Initial URL: [] @16-11-2021 07:13:44.0841 AM
[ReportManager] Browser Action [NavigateToURL] successfully performed. With the following test data [https://www.google.com/ncr]. @16-11-2021 07:13:46.0269 A

################################################################################################################################################
Starting Execution:	[50 out of 146] test cases in the current suite
Test Method:		[unitTests.tests_validations_assertions.assertElementExists_true_expectedToPass]
################################################################################################################################################
[ReportManager] Loaded Shared OpenCV @16-11-2021 07:13:46.0483 AM
[ReportManager] Assertion [ValidateElementExists] PASSED. Expected [Element Should Exist, locator 'By.xpath: //*[@id='hplogo' or @alt='Google']'] and Actual [Element Exists]. Comparison Type [EQUALS]. Validation Type [POSITIVE]. @16-11-2021 07:13:46.0765 AM
[ReportManager] Successfully created attachment [Screenshot - 1637046826482_assertElementExists_true_expectedToPass_ValidateElementExists_passed] @16-11-2021 07:13:46.0848 A
[ReportManager] Browser Action [CloseCurrentWindow] successfully performed. @16-11-2021 07:13:47.0206 AM
[ReportManager] Successfully created attachment [Browser Action Test Data - CloseCurrentWindow - Actual Value] @16-11-2021 07:13:47.0248 A
[ReportManager] File Action [GetAbsolutePath] successfully performed. With the following test data [Relative Folder Path: "target/downloadedFiles/"]. @16-11-2021 07:13:47.0375 AM
[ReportManager] Attempting to run locally on: [Mac-64], [Safari], Headless Execution. @16-11-2021 07:13:47.0376 AM
[ReportManager] Successfully Opened Safari. @16-11-2021 07:13:48.0150 AM
[ReportManager] Initial window size: (800, 600) @16-11-2021 07:13:48.0168 AM
[ReportManager] Window size after SWD Maximize: (1176, 811) @16-11-2021 07:13:48.0180 AM
[ReportManager] Browser Action [MaximizeWindow] successfully performed. With the following test data [New screen size is now: (1176, 811)]. @16-11-2021 07:13:48.0181 AM
[ReportManager] Target URL: [https://www.google.com/ncr], and after redirection: [www.google.com] @16-11-2021 07:13:48.0181 AM
[ReportManager] Initial URL: [] @16-11-2021 07:13:48.0220 AM
[ReportManager] Browser Action [NavigateToURL] successfully performed. With the following test data [https://www.google.com/ncr]. @16-11-2021 07:13:49.0398 A

################################################################################################################################################
Starting Execution:	[51 out of 146] test cases in the current suite
Test Method:		[unitTests.tests_validations_assertions.assertElementExists_true_multipleElementsFound_expectedToFail]
################################################################################################################################################
[ReportManager] Loaded Shared OpenCV @16-11-2021 07:13:49.0595 AM
[ReportManager] Assertion [ValidateElementExists] FAILED. Expected [Element Should Exist, locator 'By.xpath: //div'] and Actual [Element Exists but is not unique]. Comparison Type [EQUALS]. Validation Type [POSITIVE]. @16-11-2021 07:13:49.0851 AM
[ReportManager] Successfully created attachment [Screenshot - 1637046829595_assertElementExists_true_multipleElementsFound_expectedToFail_ValidateElementExists_failed] @16-11-2021 07:13:49.0936 A
[ReportManager] Browser Action [CloseCurrentWindow] successfully performed. @16-11-2021 07:13:50.0504 AM
[ReportManager] Successfully created attachment [Browser Action Test Data - CloseCurrentWindow - Actual Value] @16-11-2021 07:13:50.0545 A

################################################################################################################################################
Starting Execution:	[52 out of 146] test cases in the current suite
Test Method:		[unitTests.tests_validations_assertions.assertEquals_false_expectedToFail]
################################################################################################################################################
[ReportManager] Assertion [ValidateEquals] FAILED. Expected [1] and Actual [1]. Comparison Type [EQUALS]. Validation Type [NEGATIVE]. @16-11-2021 07:13:50.0673 A

################################################################################################################################################
Starting Execution:	[53 out of 146] test cases in the current suite
Test Method:		[unitTests.tests_validations_assertions.assertEquals_false_expectedToPass]
################################################################################################################################################
[ReportManager] Assertion [ValidateEquals] PASSED. Expected [1] and Actual [2]. Comparison Type [EQUALS]. Validation Type [NEGATIVE]. @16-11-2021 07:13:50.0798 A

################################################################################################################################################
Starting Execution:	[54 out of 146] test cases in the current suite
Test Method:		[unitTests.tests_validations_assertions.assertEquals_longCharacters]
################################################################################################################################################
[ReportManager] Verification [ValidateEquals] PASSED. Expected and Actual values are attached. Comparison Type [EQUALS]. Validation Type [POSITIVE]. @16-11-2021 07:13:50.0928 AM
[ReportManager] Successfully created attachment [Validation Test Data - Expected Value] @16-11-2021 07:13:51.0010 AM
[ReportManager] Successfully created attachment [Validation Test Data - Actual Value] @16-11-2021 07:13:51.0051 AM
[ReportManager] Assertion [ValidateEquals] PASSED. Expected and Actual values are attached. Comparison Type [EQUALS]. Validation Type [POSITIVE]. @16-11-2021 07:13:51.0052 AM
[ReportManager] Successfully created attachment [Validation Test Data - Expected Value] @16-11-2021 07:13:51.0134 AM
[ReportManager] Successfully created attachment [Validation Test Data - Actual Value] @16-11-2021 07:13:51.0176 A

################################################################################################################################################
Starting Execution:	[55 out of 146] test cases in the current suite
Test Method:		[unitTests.tests_validations_assertions.assertEquals_longCharacters_Discreet]
################################################################################################################################################
[ReportManager] Assertion [ValidateEquals] PASSED. Expected [1LH5pROcDBjjQk0t0mCr0lXuzQu9lcGj28kY8R1H81X67eVAQJgWQhILiRWVPUgZ6uCtK5cnBkF55Jr9vYngjGO1Iyf0Mktv6lruDlL9T8MAUPcUZJGHZtji6nIeadujDSNmWMj5d6C8zlFqw0CRqBU0hO5adIasHgBSNoLotAjce3NGXoDwAlp3rYreeV16VIyZXROQY] and Actual [1LH5pROcDBjjQk0t0mCr0lXuzQu9lcGj28kY8R1H81X67eVAQJgWQhILiRWVPUgZ6uCtK5cnBkF55Jr9vYngjGO1Iyf0Mktv6lruDlL9T8MAUPcUZJGHZtji6nIeadujDSNmWMj5d6C8zlFqw0CRqBU0hO5adIasHgBSNoLotAjce3NGXoDwAlp3rYreeV16VIyZXROQY]. Comparison Type [EQUALS]. Validation Type [POSITIVE]. @16-11-2021 07:13:51.0220 A

################################################################################################################################################
Starting Execution:	[56 out of 146] test cases in the current suite
Test Method:		[unitTests.tests_validations_assertions.assertEquals_true_expectedToFail]
################################################################################################################################################
[ReportManager] Assertion [ValidateEquals] FAILED. Expected [1] and Actual [2]. Comparison Type [EQUALS]. Validation Type [POSITIVE]. @16-11-2021 07:13:51.0223 A

################################################################################################################################################
Starting Execution:	[57 out of 146] test cases in the current suite
Test Method:		[unitTests.tests_validations_assertions.assertEquals_true_expectedToPass]
Test Description:	[Assert that assertEquals works as expected when the two values are equal.]
################################################################################################################################################
[ReportManager] Verification [ValidateEquals] PASSED. Expected [1] and Actual [1]. Comparison Type [EQUALS]. Validation Type [POSITIVE]. @16-11-2021 07:13:51.0230 AM
[ReportManager] Assertion [ValidateEquals] PASSED. Expected [1] and Actual [1]. Comparison Type [EQUALS]. Validation Type [POSITIVE]. @16-11-2021 07:13:51.0231 A

################################################################################################################################################
Starting Execution:	[58 out of 146] test cases in the current suite
Test Method:		[unitTests.tests_validations_assertions.assertEquals_true_expectedToPass__]
################################################################################################################################################
[ReportManager] Assertion [ValidateEquals] PASSED. Expected [1] and Actual [1]. Comparison Type [EQUALS]. Validation Type [POSITIVE]. @16-11-2021 07:13:51.0234 A

################################################################################################################################################
Starting Execution:	[59 out of 146] test cases in the current suite
Test Method:		[unitTests.tests_validations_assertions.assertFileExists_false_expectedToFail]
################################################################################################################################################
[ReportManager] File Action [DoesFileExist] successfully performed. With the following test data [File Path: "src/main/java/com/shaft/gui/element/ElementActions.java"]. @16-11-2021 07:13:51.0239 AM
[ReportManager] Assertion [ValidateFileExists] FAILED. Expected [File 'src/main/java/com/shaft/gui/element/ElementActions.java' should not exist, after up to '1' retries] and Actual [File exists]. Validation Type [NEGATIVE]. @16-11-2021 07:13:51.0244 A

################################################################################################################################################
Starting Execution:	[60 out of 146] test cases in the current suite
Test Method:		[unitTests.tests_validations_assertions.assertFileExists_false_expectedToPass]
################################################################################################################################################
[ReportManager] File Action [DoesFileExist] successfully performed. With the following test data [File Path: "src/main/java/com/shaft/gui/element/ElementActions.java_fail"]. @16-11-2021 07:13:51.0748 AM
[ReportManager] Assertion [ValidateFileExists] PASSED. Expected [File 'src/main/java/com/shaft/gui/element/ElementActions.java_fail' should not exist, after up to '1' retries] and Actual [File does not exist]. Validation Type [NEGATIVE]. @16-11-2021 07:13:51.0748 A

################################################################################################################################################
Starting Execution:	[61 out of 146] test cases in the current suite
Test Method:		[unitTests.tests_validations_assertions.assertFileExists_true_expectedToFail]
################################################################################################################################################
[ReportManager] File Action [DoesFileExist] successfully performed. With the following test data [File Path: "src/main/java/com/shaft/gui/element/ElementActions.java_fail"]. @16-11-2021 07:13:52.0521 AM
[ReportManager] Assertion [ValidateFileExists] FAILED. Expected [File 'src/main/java/com/shaft/gui/element/ElementActions.java_fail' should exist, after up to '1' retries] and Actual [File does not exist]. Validation Type [POSITIVE]. @16-11-2021 07:13:52.0521 A

################################################################################################################################################
Starting Execution:	[62 out of 146] test cases in the current suite
Test Method:		[unitTests.tests_validations_assertions.assertFileExists_true_expectedToPass]
################################################################################################################################################
[ReportManager] File Action [DoesFileExist] successfully performed. With the following test data [File Path: "src/main/java/com/shaft/gui/element/ElementActions.java"]. @16-11-2021 07:13:52.0608 AM
[ReportManager] Assertion [ValidateFileExists] PASSED. Expected [File 'src/main/java/com/shaft/gui/element/ElementActions.java' should exist, after up to '1' retries] and Actual [File exists]. Validation Type [POSITIVE]. @16-11-2021 07:13:52.0608 A

################################################################################################################################################
Starting Execution:	[63 out of 146] test cases in the current suite
Test Method:		[unitTests.tests_validations_assertions.assertNull_false_expectedToFail]
################################################################################################################################################
[ReportManager] Assertion [ValidateNull] FAILED. Expected [NULL] and Actual [NULL]. Comparison Type [EQUALS]. Validation Type [NEGATIVE]. @16-11-2021 07:13:52.0650 A

################################################################################################################################################
Starting Execution:	[64 out of 146] test cases in the current suite
Test Method:		[unitTests.tests_validations_assertions.assertNull_false_expectedToPass]
################################################################################################################################################
[ReportManager] Assertion [ValidateNull] PASSED. Expected [NULL] and Actual [1]. Comparison Type [EQUALS]. Validation Type [NEGATIVE]. @16-11-2021 07:13:52.0654 A

################################################################################################################################################
Starting Execution:	[65 out of 146] test cases in the current suite
Test Method:		[unitTests.tests_validations_assertions.assertNull_true_expectedToFail]
################################################################################################################################################
[ReportManager] Assertion [ValidateNull] FAILED. Expected [NULL] and Actual [1]. Comparison Type [EQUALS]. Validation Type [POSITIVE]. @16-11-2021 07:13:52.0701 A

################################################################################################################################################
Starting Execution:	[66 out of 146] test cases in the current suite
Test Method:		[unitTests.tests_validations_assertions.assertNull_true_expectedToPass]
################################################################################################################################################
[ReportManager] Assertion [ValidateNull] PASSED. Expected [NULL] and Actual [NULL]. Comparison Type [EQUALS]. Validation Type [POSITIVE]. @16-11-2021 07:13:52.0827 A

################################################################################################################################################
Starting Execution:	[67 out of 146] test cases in the current suite
Test Method:		[unitTests.tests_restActions.getPostsAndAssertBodyForSpecificTitle]
################################################################################################################################################
[ReportManager] Response status code: [200], status line: [HTTP/1.1 200 OK] @16-11-2021 07:13:55.0868 AM
[ReportManager] Assertion Passed: Evaluating the actual response status code against the expected one... @16-11-2021 07:13:55.0876 AM
[ReportManager] Assertion [ValidateComparativeRelation] PASSED. Expected [200] and Actual [200]. Comparison Type [EQUALS]. Validation Type [POSITIVE]. @16-11-2021 07:13:55.0876 AM
[ReportManager] API Action [PerformRequest] successfully performed. With the following test data [Request Type: "GET" | Target Status Code: "200" | Service URL: "https://jsonplaceholder.typicode.com/posts" | Content Type: "*/*" | Response Time: "1183ms"]. @16-11-2021 07:13:57.0194 AM
[ReportManager] Successfully created attachment [API Request - Specifications] @16-11-2021 07:13:57.0235 AM
[ReportManager] Successfully created attachment [API Response - JSON Body] @16-11-2021 07:13:57.0554 AM
[ReportManager] API Action [GetResponseJSONValueAsList] successfully performed. @16-11-2021 07:13:57.0582 AM
[ReportManager] API Action [GetResponseJSONValue] successfully performed. With the following test data [title]. @16-11-2021 07:13:57.0603 AM
[ReportManager] API Action [GetResponseJSONValue] successfully performed. With the following test data [title]. @16-11-2021 07:13:57.0619 AM
[ReportManager] API Action [GetResponseJSONValue] successfully performed. With the following test data [body]. @16-11-2021 07:13:57.0633 AM
[ReportManager] Assertion [ValidateEquals] PASSED. Expected [qui neque nisi nulla] and Actual [est rerum tempore vitae
sequi sint nihil reprehenderit dolor beatae ea dolores neque
fugiat blanditiis voluptate porro vel nihil molestiae ut reiciendis
qui aperiam non debitis possimus qui neque nisi nulla]. Comparison Type [CONTAINS]. Validation Type [POSITIVE]. @16-11-2021 07:13:57.0633 AM
[ReportManager] API Action [GetResponseJSONValue] successfully performed. With the following test data [title]. @16-11-2021 07:13:57.0647 AM
[ReportManager] API Action [GetResponseJSONValue] successfully performed. With the following test data [title]. @16-11-2021 07:13:57.0660 AM
[ReportManager] API Action [GetResponseJSONValue] successfully performed. With the following test data [title]. @16-11-2021 07:13:57.0672 AM
[ReportManager] API Action [GetResponseJSONValue] successfully performed. With the following test data [title]. @16-11-2021 07:13:57.0685 AM
[ReportManager] API Action [GetResponseJSONValue] successfully performed. With the following test data [title]. @16-11-2021 07:13:57.0698 AM
[ReportManager] API Action [GetResponseJSONValue] successfully performed. With the following test data [title]. @16-11-2021 07:13:57.0711 AM
[ReportManager] API Action [GetResponseJSONValue] successfully performed. With the following test data [title]. @16-11-2021 07:13:57.0723 AM
[ReportManager] API Action [GetResponseJSONValue] successfully performed. With the following test data [title]. @16-11-2021 07:13:57.0736 AM
[ReportManager] API Action [GetResponseJSONValue] successfully performed. With the following test data [title]. @16-11-2021 07:13:57.0749 AM
[ReportManager] API Action [GetResponseJSONValue] successfully performed. With the following test data [title]. @16-11-2021 07:13:57.0762 AM
[ReportManager] API Action [GetResponseJSONValue] successfully performed. With the following test data [title]. @16-11-2021 07:13:57.0777 AM
[ReportManager] API Action [GetResponseJSONValue] successfully performed. With the following test data [title]. @16-11-2021 07:13:57.0791 AM
[ReportManager] API Action [GetResponseJSONValue] successfully performed. With the following test data [title]. @16-11-2021 07:13:57.0803 AM
[ReportManager] API Action [GetResponseJSONValue] successfully performed. With the following test data [title]. @16-11-2021 07:13:57.0814 AM
[ReportManager] API Action [GetResponseJSONValue] successfully performed. With the following test data [title]. @16-11-2021 07:13:57.0826 AM
[ReportManager] API Action [GetResponseJSONValue] successfully performed. With the following test data [title]. @16-11-2021 07:13:57.0838 AM
[ReportManager] API Action [GetResponseJSONValue] successfully performed. With the following test data [title]. @16-11-2021 07:13:57.0851 AM
[ReportManager] API Action [GetResponseJSONValue] successfully performed. With the following test data [title]. @16-11-2021 07:13:57.0863 AM
[ReportManager] API Action [GetResponseJSONValue] successfully performed. With the following test data [title]. @16-11-2021 07:13:57.0875 AM
[ReportManager] API Action [GetResponseJSONValue] successfully performed. With the following test data [title]. @16-11-2021 07:13:57.0888 AM
[ReportManager] API Action [GetResponseJSONValue] successfully performed. With the following test data [title]. @16-11-2021 07:13:57.0900 AM
[ReportManager] API Action [GetResponseJSONValue] successfully performed. With the following test data [title]. @16-11-2021 07:13:57.0913 AM
[ReportManager] API Action [GetResponseJSONValue] successfully performed. With the following test data [title]. @16-11-2021 07:13:57.0929 AM
[ReportManager] API Action [GetResponseJSONValue] successfully performed. With the following test data [title]. @16-11-2021 07:13:57.0943 AM
[ReportManager] API Action [GetResponseJSONValue] successfully performed. With the following test data [title]. @16-11-2021 07:13:57.0956 AM
[ReportManager] API Action [GetResponseJSONValue] successfully performed. With the following test data [title]. @16-11-2021 07:13:57.0969 AM
[ReportManager] API Action [GetResponseJSONValue] successfully performed. With the following test data [title]. @16-11-2021 07:13:57.0981 AM
[ReportManager] API Action [GetResponseJSONValue] successfully performed. With the following test data [title]. @16-11-2021 07:13:58.0002 AM
[ReportManager] API Action [GetResponseJSONValue] successfully performed. With the following test data [title]. @16-11-2021 07:13:58.0013 AM
[ReportManager] API Action [GetResponseJSONValue] successfully performed. With the following test data [title]. @16-11-2021 07:13:58.0024 AM
[ReportManager] API Action [GetResponseJSONValue] successfully performed. With the following test data [title]. @16-11-2021 07:13:58.0035 AM
[ReportManager] API Action [GetResponseJSONValue] successfully performed. With the following test data [title]. @16-11-2021 07:13:58.0047 AM
[ReportManager] API Action [GetResponseJSONValue] successfully performed. With the following test data [title]. @16-11-2021 07:13:58.0058 AM
[ReportManager] API Action [GetResponseJSONValue] successfully performed. With the following test data [title]. @16-11-2021 07:13:58.0071 AM
[ReportManager] API Action [GetResponseJSONValue] successfully performed. With the following test data [title]. @16-11-2021 07:13:58.0083 AM
[ReportManager] API Action [GetResponseJSONValue] successfully performed. With the following test data [title]. @16-11-2021 07:13:58.0095 AM
[ReportManager] API Action [GetResponseJSONValue] successfully performed. With the following test data [title]. @16-11-2021 07:13:58.0108 AM
[ReportManager] API Action [GetResponseJSONValue] successfully performed. With the following test data [title]. @16-11-2021 07:13:58.0119 AM
[ReportManager] API Action [GetResponseJSONValue] successfully performed. With the following test data [title]. @16-11-2021 07:13:58.0132 AM
[ReportManager] API Action [GetResponseJSONValue] successfully performed. With the following test data [title]. @16-11-2021 07:13:58.0143 AM
[ReportManager] API Action [GetResponseJSONValue] successfully performed. With the following test data [title]. @16-11-2021 07:13:58.0155 AM
[ReportManager] API Action [GetResponseJSONValue] successfully performed. With the following test data [title]. @16-11-2021 07:13:58.0168 AM
[ReportManager] API Action [GetResponseJSONValue] successfully performed. With the following test data [title]. @16-11-2021 07:13:58.0179 AM
[ReportManager] API Action [GetResponseJSONValue] successfully performed. With the following test data [title]. @16-11-2021 07:13:58.0191 AM
[ReportManager] API Action [GetResponseJSONValue] successfully performed. With the following test data [title]. @16-11-2021 07:13:58.0204 AM
[ReportManager] API Action [GetResponseJSONValue] successfully performed. With the following test data [title]. @16-11-2021 07:13:58.0216 AM
[ReportManager] API Action [GetResponseJSONValue] successfully performed. With the following test data [title]. @16-11-2021 07:13:58.0228 AM
[ReportManager] API Action [GetResponseJSONValue] successfully performed. With the following test data [title]. @16-11-2021 07:13:58.0241 AM
[ReportManager] API Action [GetResponseJSONValue] successfully performed. With the following test data [title]. @16-11-2021 07:13:58.0251 AM
[ReportManager] API Action [GetResponseJSONValue] successfully performed. With the following test data [title]. @16-11-2021 07:13:58.0263 AM
[ReportManager] API Action [GetResponseJSONValue] successfully performed. With the following test data [title]. @16-11-2021 07:13:58.0274 AM
[ReportManager] API Action [GetResponseJSONValue] successfully performed. With the following test data [title]. @16-11-2021 07:13:58.0287 AM
[ReportManager] API Action [GetResponseJSONValue] successfully performed. With the following test data [title]. @16-11-2021 07:13:58.0301 AM
[ReportManager] API Action [GetResponseJSONValue] successfully performed. With the following test data [title]. @16-11-2021 07:13:58.0315 AM
[ReportManager] API Action [GetResponseJSONValue] successfully performed. With the following test data [title]. @16-11-2021 07:13:58.0326 AM
[ReportManager] API Action [GetResponseJSONValue] successfully performed. With the following test data [title]. @16-11-2021 07:13:58.0338 AM
[ReportManager] API Action [GetResponseJSONValue] successfully performed. With the following test data [title]. @16-11-2021 07:13:58.0349 AM
[ReportManager] API Action [GetResponseJSONValue] successfully performed. With the following test data [title]. @16-11-2021 07:13:58.0360 AM
[ReportManager] API Action [GetResponseJSONValue] successfully performed. With the following test data [title]. @16-11-2021 07:13:58.0372 AM
[ReportManager] API Action [GetResponseJSONValue] successfully performed. With the following test data [title]. @16-11-2021 07:13:58.0400 AM
[ReportManager] API Action [GetResponseJSONValue] successfully performed. With the following test data [title]. @16-11-2021 07:13:58.0413 AM
[ReportManager] API Action [GetResponseJSONValue] successfully performed. With the following test data [title]. @16-11-2021 07:13:58.0423 AM
[ReportManager] API Action [GetResponseJSONValue] successfully performed. With the following test data [title]. @16-11-2021 07:13:58.0433 AM
[ReportManager] API Action [GetResponseJSONValue] successfully performed. With the following test data [title]. @16-11-2021 07:13:58.0445 AM
[ReportManager] API Action [GetResponseJSONValue] successfully performed. With the following test data [title]. @16-11-2021 07:13:58.0455 AM
[ReportManager] API Action [GetResponseJSONValue] successfully performed. With the following test data [title]. @16-11-2021 07:13:58.0466 AM
[ReportManager] API Action [GetResponseJSONValue] successfully performed. With the following test data [title]. @16-11-2021 07:13:58.0476 AM
[ReportManager] API Action [GetResponseJSONValue] successfully performed. With the following test data [title]. @16-11-2021 07:13:58.0488 AM
[ReportManager] API Action [GetResponseJSONValue] successfully performed. With the following test data [title]. @16-11-2021 07:13:58.0498 AM
[ReportManager] API Action [GetResponseJSONValue] successfully performed. With the following test data [title]. @16-11-2021 07:13:58.0509 AM
[ReportManager] API Action [GetResponseJSONValue] successfully performed. With the following test data [title]. @16-11-2021 07:13:58.0519 AM
[ReportManager] API Action [GetResponseJSONValue] successfully performed. With the following test data [title]. @16-11-2021 07:13:58.0529 AM
[ReportManager] API Action [GetResponseJSONValue] successfully performed. With the following test data [title]. @16-11-2021 07:13:58.0540 AM
[ReportManager] API Action [GetResponseJSONValue] successfully performed. With the following test data [title]. @16-11-2021 07:13:58.0551 AM
[ReportManager] API Action [GetResponseJSONValue] successfully performed. With the following test data [title]. @16-11-2021 07:13:58.0562 AM
[ReportManager] API Action [GetResponseJSONValue] successfully performed. With the following test data [title]. @16-11-2021 07:13:58.0573 AM
[ReportManager] API Action [GetResponseJSONValue] successfully performed. With the following test data [title]. @16-11-2021 07:13:58.0586 AM
[ReportManager] API Action [GetResponseJSONValue] successfully performed. With the following test data [title]. @16-11-2021 07:13:58.0597 AM
[ReportManager] API Action [GetResponseJSONValue] successfully performed. With the following test data [title]. @16-11-2021 07:13:58.0608 AM
[ReportManager] API Action [GetResponseJSONValue] successfully performed. With the following test data [title]. @16-11-2021 07:13:58.0619 AM
[ReportManager] API Action [GetResponseJSONValue] successfully performed. With the following test data [title]. @16-11-2021 07:13:58.0629 AM
[ReportManager] API Action [GetResponseJSONValue] successfully performed. With the following test data [title]. @16-11-2021 07:13:58.0640 AM
[ReportManager] API Action [GetResponseJSONValue] successfully performed. With the following test data [title]. @16-11-2021 07:13:58.0667 AM
[ReportManager] API Action [GetResponseJSONValue] successfully performed. With the following test data [title]. @16-11-2021 07:13:58.0682 AM
[ReportManager] API Action [GetResponseJSONValue] successfully performed. With the following test data [title]. @16-11-2021 07:13:58.0696 AM
[ReportManager] API Action [GetResponseJSONValue] successfully performed. With the following test data [title]. @16-11-2021 07:13:58.0709 AM
[ReportManager] API Action [GetResponseJSONValue] successfully performed. With the following test data [title]. @16-11-2021 07:13:58.0721 AM
[ReportManager] API Action [GetResponseJSONValue] successfully performed. With the following test data [title]. @16-11-2021 07:13:58.0734 AM
[ReportManager] API Action [GetResponseJSONValue] successfully performed. With the following test data [title]. @16-11-2021 07:13:58.0745 AM
[ReportManager] API Action [GetResponseJSONValue] successfully performed. With the following test data [title]. @16-11-2021 07:13:58.0758 AM
[ReportManager] API Action [GetResponseJSONValue] successfully performed. With the following test data [title]. @16-11-2021 07:13:58.0779 AM
[ReportManager] API Action [GetResponseJSONValue] successfully performed. With the following test data [title]. @16-11-2021 07:13:58.0795 AM
[ReportManager] API Action [GetResponseJSONValue] successfully performed. With the following test data [title]. @16-11-2021 07:13:58.0808 AM
[ReportManager] API Action [GetResponseJSONValue] successfully performed. With the following test data [title]. @16-11-2021 07:13:58.0839 AM
[ReportManager] API Action [GetResponseJSONValue] successfully performed. With the following test data [title]. @16-11-2021 07:13:58.0851 AM
[ReportManager] API Action [GetResponseJSONValue] successfully performed. With the following test data [title]. @16-11-2021 07:13:58.0863 AM
[ReportManager] API Action [GetResponseJSONValue] successfully performed. With the following test data [title]. @16-11-2021 07:13:58.0876 AM
[ReportManager] API Action [GetResponseJSONValue] successfully performed. With the following test data [title]. @16-11-2021 07:13:58.0889 A

################################################################################################################################################
Starting Execution:	[68 out of 146] test cases in the current suite
Test Method:		[unitTests.tests_restActions.validateUserEmail]
################################################################################################################################################
[ReportManager] Response status code: [200], status line: [HTTP/1.1 200 OK] @16-11-2021 07:13:59.0138 AM
[ReportManager] Assertion Passed: Evaluating the actual response status code against the expected one... @16-11-2021 07:13:59.0138 AM
[ReportManager] Assertion [ValidateComparativeRelation] PASSED. Expected [200] and Actual [200]. Comparison Type [EQUALS]. Validation Type [POSITIVE]. @16-11-2021 07:13:59.0138 AM
[ReportManager] API Action [PerformRequest] successfully performed. With the following test data [Request Type: "GET" | Target Status Code: "200" | Service URL: "https://jsonplaceholder.typicode.com/users" | Content Type: "*/*" | Response Time: "112ms"]. @16-11-2021 07:13:59.0166 AM
[ReportManager] Successfully created attachment [API Request - Specifications] @16-11-2021 07:13:59.0208 AM
[ReportManager] Successfully created attachment [API Response - JSON Body] @16-11-2021 07:13:59.0290 AM
[ReportManager] Assertion [ValidateEquals] PASSED. Expected and Actual values are attached. Comparison Type [CONTAINS]. Validation Type [POSITIVE]. @16-11-2021 07:13:59.0291 AM
[ReportManager] Successfully created attachment [Validation Test Data - Expected Value] @16-11-2021 07:13:59.0332 AM
[ReportManager] Successfully created attachment [Validation Test Data - Actual Value] @16-11-2021 07:13:59.0413 AM
[ReportManager] API Action [GetResponseJSONValueAsList] successfully performed. With the following test data [$]. @16-11-2021 07:13:59.0423 AM
[ReportManager] API Action [GetResponseJSONValue] successfully performed. With the following test data [name]. @16-11-2021 07:13:59.0436 AM
[ReportManager] API Action [GetResponseJSONValue] successfully performed. With the following test data [email]. @16-11-2021 07:13:59.0448 AM
[ReportManager] Assertion [ValidateEquals] PASSED. Expected [Sincere@april.biz] and Actual [Sincere@april.biz]. Comparison Type [EQUALS]. Validation Type [POSITIVE]. @16-11-2021 07:13:59.0449 AM
[ReportManager] API Action [GetResponseJSONValue] successfully performed. With the following test data [name]. @16-11-2021 07:13:59.0460 AM
[ReportManager] API Action [GetResponseJSONValue] successfully performed. With the following test data [name]. @16-11-2021 07:13:59.0473 AM
[ReportManager] API Action [GetResponseJSONValue] successfully performed. With the following test data [name]. @16-11-2021 07:13:59.0485 AM
[ReportManager] API Action [GetResponseJSONValue] successfully performed. With the following test data [name]. @16-11-2021 07:13:59.0495 AM
[ReportManager] API Action [GetResponseJSONValue] successfully performed. With the following test data [name]. @16-11-2021 07:13:59.0505 AM
[ReportManager] API Action [GetResponseJSONValue] successfully performed. With the following test data [name]. @16-11-2021 07:13:59.0515 AM
[ReportManager] API Action [GetResponseJSONValue] successfully performed. With the following test data [name]. @16-11-2021 07:13:59.0525 AM
[ReportManager] API Action [GetResponseJSONValue] successfully performed. With the following test data [name]. @16-11-2021 07:13:59.0536 AM
[ReportManager] API Action [GetResponseJSONValue] successfully performed. With the following test data [name]. @16-11-2021 07:13:59.0547 A
[ReportManager] File Action [GetAbsolutePath] successfully performed. With the following test data [Relative Folder Path: "target/downloadedFiles/"]. @16-11-2021 07:13:59.0675 AM
[ReportManager] Attempting to run locally on: [Mac-64], [Safari], Headless Execution. @16-11-2021 07:13:59.0675 AM
[ReportManager] Successfully Opened Safari. @16-11-2021 07:14:00.0448 AM
[ReportManager] Initial window size: (800, 600) @16-11-2021 07:14:00.0476 AM
[ReportManager] Window size after SWD Maximize: (1176, 811) @16-11-2021 07:14:00.0487 AM
[ReportManager] Browser Action [MaximizeWindow] successfully performed. With the following test data [New screen size is now: (1176, 811)]. @16-11-2021 07:14:00.0488 A

################################################################################################################################################
Starting Execution:	[69 out of 146] test cases in the current suite
Test Method:		[testPackage01.Test_uploadFile.uploadFile_invisibleUploadInput]
################################################################################################################################################
[ReportManager] Target URL: [https://fineuploader.com/demos.html#gallery-view] @16-11-2021 07:14:00.0644 AM
[ReportManager] Initial URL: [] @16-11-2021 07:14:00.0675 AM
[ReportManager] Browser Action [NavigateToURL] successfully performed. With the following test data [https://fineuploader.com/demos.html#gallery-view]. @16-11-2021 07:14:02.0456 AM
[ReportManager] File Action [GetAbsolutePath] successfully performed. With the following test data [Relative File Path: "src/main/resources/images/shaft.png"]. @16-11-2021 07:14:02.0456 AM
[ReportManager] Successfully created attachment [File Action Actual Result - Command Log] @16-11-2021 07:14:02.0547 AM
[ReportManager] Element Action [TypeFileLocationForUpload] successfully performed. With the following test data [/Users/runner/work/SHAFT_ENGINE/SHAFT_ENGINE/src/main/resources/images/shaft.png]. @16-11-2021 07:14:02.0596 AM
[ReportManager] Attempting to getAttribute [src] from elementLocator [By.xpath: //div[@id='fine-uploader-gallery']//div[@class='qq-thumbnail-wrapper']/img]. @16-11-2021 07:14:02.0599 AM
[ReportManager] Element Action [GetAttribute] successfully performed. @16-11-2021 07:14:02.0697 AM
[ReportManager] Successfully created attachment [Element Action Test Data - GetAttribute - Actual Value] @16-11-2021 07:14:02.0740 AM
[ReportManager] Loaded Shared OpenCV @16-11-2021 07:14:02.0806 AM
[ReportManager] Assertion Passed: Then I Assert that the element found by [By.xpath: //div[@id='fine-uploader-gallery']//div[@class='qq-thumbnail-wrapper']/img] attribute [src] contains [data:image/png;base64]. @16-11-2021 07:14:03.0030 AM
[ReportManager] Successfully created attachment [Validation Test Data - Expected Value] @16-11-2021 07:14:03.0111 AM
[ReportManager] Successfully created attachment [Validation Test Data - Actual Value] @16-11-2021 07:14:03.0152 AM
[ReportManager] Successfully created attachment [Screenshot - 1637046842806_uploadFile_invisibleUploadInput_ValidateElementAttribute_passed] @16-11-2021 07:14:03.0239 AM
[ReportManager] Assertion [ValidateElementAttribute] PASSED. Expected and Actual values are attached. Comparison Type [CONTAINS]. Validation Type [POSITIVE]. @16-11-2021 07:14:03.0239 A
[ReportManager] Browser Action [CloseCurrentWindow] successfully performed. @16-11-2021 07:14:03.0751 AM
[ReportManager] Successfully created attachment [Browser Action Test Data - CloseCurrentWindow - Actual Value] @16-11-2021 07:14:03.0794 A
[ReportManager] File Action [GetAbsolutePath] successfully performed. With the following test data [Relative Folder Path: "target/downloadedFiles/"]. @16-11-2021 07:14:03.0921 AM
[ReportManager] Attempting to run locally on: [Mac-64], [Safari], Headless Execution. @16-11-2021 07:14:03.0921 AM
[ReportManager] Successfully Opened Safari. @16-11-2021 07:14:04.0800 AM
[ReportManager] Initial window size: (800, 600) @16-11-2021 07:14:04.0821 AM
[ReportManager] Window size after SWD Maximize: (1176, 811) @16-11-2021 07:14:04.0861 AM
[ReportManager] Browser Action [MaximizeWindow] successfully performed. With the following test data [New screen size is now: (1176, 811)]. @16-11-2021 07:14:04.0862 A

################################################################################################################################################
Starting Execution:	[70 out of 146] test cases in the current suite
Test Method:		[testPackage01.Test_uploadFile.uploadFile_visibleUploadInput]
################################################################################################################################################
[ReportManager] Target URL: [http://demo.guru99.com/test/upload/] @16-11-2021 07:14:04.0991 AM
[ReportManager] Initial URL: [] @16-11-2021 07:14:05.0055 AM
[ReportManager] Browser Action [NavigateToURL] successfully performed. With the following test data [http://demo.guru99.com/test/upload/]. @16-11-2021 07:14:06.0369 AM
[ReportManager] File Action [GetAbsolutePath] successfully performed. With the following test data [Relative Folder Path: "src/main/resources/images/shaft.png"]. @16-11-2021 07:14:06.0369 AM
[ReportManager] Element Action [TypeFileLocationForUpload] successfully performed. With the following test data [/Users/runner/work/SHAFT_ENGINE/SHAFT_ENGINE/src/main/resources/images/shaft.png]. @16-11-2021 07:14:06.0422 AM
[ReportManager] Element Action [Click] successfully performed. With the following test data [on]. @16-11-2021 07:14:06.0771 AM
[ReportManager] Element Action [Click] successfully performed. With the following test data [ Submit File]. @16-11-2021 07:14:07.0232 AM
[ReportManager] Element Action [GetText] successfully performed. With the following test data [1 file has been successfully uploaded.]. @16-11-2021 07:14:07.0845 AM
[ReportManager] Loaded Shared OpenCV @16-11-2021 07:14:07.0901 AM
[ReportManager] Assertion Passed: Then I Assert that the element found by [By.id: res] attribute [Text] contains [1 file]. @16-11-2021 07:14:08.0154 AM
[ReportManager] Successfully created attachment [Screenshot - 1637046847901_uploadFile_visibleUploadInput_ValidateElementAttribute_passed] @16-11-2021 07:14:08.0236 AM
[ReportManager] Assertion [ValidateElementAttribute] PASSED. Expected [Value Should be '1 file' for the 'Text' attribute, element locator 'By.id: res'] and Actual [1 file has been successfully uploaded.]. Comparison Type [CONTAINS]. Validation Type [POSITIVE]. @16-11-2021 07:14:08.0236 A
[ReportManager] Browser Action [CloseCurrentWindow] successfully performed. @16-11-2021 07:14:08.0673 AM
[ReportManager] Successfully created attachment [Browser Action Test Data - CloseCurrentWindow - Actual Value] @16-11-2021 07:14:08.0715 A

################################################################################################################################################
Starting Execution:	[71 out of 146] test cases in the current suite
Test Method:		[testPackage01.Test_AssertApiResponseEquals.assertApiResponseEquals_expectedToPass]
################################################################################################################################################
[ReportManager] Response status code: [200], status line: [HTTP/1.1 200 OK] @16-11-2021 07:14:08.0840 AM
[ReportManager] Assertion Passed: Evaluating the actual response status code against the expected one... @16-11-2021 07:14:08.0840 AM
[ReportManager] Assertion [ValidateComparativeRelation] PASSED. Expected [200] and Actual [200]. Comparison Type [EQUALS]. Validation Type [POSITIVE]. @16-11-2021 07:14:08.0840 AM
[ReportManager] API Action [PerformRequest] successfully performed. With the following test data [Request Type: "GET" | Target Status Code: "200" | Service URL: "https://jsonplaceholder.typicode.com/users" | Content Type: "*/*" | Response Time: "114ms"]. @16-11-2021 07:14:08.0869 AM
[ReportManager] Successfully created attachment [API Request - Specifications] @16-11-2021 07:14:08.0910 AM
[ReportManager] Successfully created attachment [API Response - JSON Body] @16-11-2021 07:14:08.0993 AM
[ReportManager] API Action [GetResponseJSONValueAsList] successfully performed. With the following test data [$]. @16-11-2021 07:14:08.0999 AM
[ReportManager] API Action [GetResponseJSONValue] successfully performed. With the following test data [name]. @16-11-2021 07:14:09.0012 AM
[ReportManager] API Action [GetResponseJSONValue] successfully performed. With the following test data [email]. @16-11-2021 07:14:09.0026 AM
[ReportManager] Verification [ValidateEquals] PASSED. Expected [Sincere@april.biz] and Actual [Sincere@april.biz]. Comparison Type [EQUALS]. Validation Type [POSITIVE]. @16-11-2021 07:14:09.0027 AM
[ReportManager] API Action [GetResponseJSONValue] successfully performed. With the following test data [username]. @16-11-2021 07:14:09.0042 AM
[ReportManager] Assertion [ValidateEquals] PASSED. Expected [Bret] and Actual [Bret]. Comparison Type [EQUALS]. Validation Type [POSITIVE]. @16-11-2021 07:14:09.0042 AM
[ReportManager] API Action [GetResponseJSONValue] successfully performed. With the following test data [name]. @16-11-2021 07:14:09.0058 AM
[ReportManager] API Action [GetResponseJSONValue] successfully performed. With the following test data [name]. @16-11-2021 07:14:09.0071 AM
[ReportManager] API Action [GetResponseJSONValue] successfully performed. With the following test data [name]. @16-11-2021 07:14:09.0084 AM
[ReportManager] API Action [GetResponseJSONValue] successfully performed. With the following test data [name]. @16-11-2021 07:14:09.0097 AM
[ReportManager] API Action [GetResponseJSONValue] successfully performed. With the following test data [name]. @16-11-2021 07:14:09.0110 AM
[ReportManager] API Action [GetResponseJSONValue] successfully performed. With the following test data [name]. @16-11-2021 07:14:09.0125 AM
[ReportManager] API Action [GetResponseJSONValue] successfully performed. With the following test data [name]. @16-11-2021 07:14:09.0139 AM
[ReportManager] API Action [GetResponseJSONValue] successfully performed. With the following test data [name]. @16-11-2021 07:14:09.0152 AM
[ReportManager] API Action [GetResponseJSONValue] successfully performed. With the following test data [name]. @16-11-2021 07:14:09.0166 A

################################################################################################################################################
Starting Execution:	[72 out of 146] test cases in the current suite
Test Method:		[testPackage01.Test_testData.f]
################################################################################################################################################
[ReportManager] Successfully loaded the following test data file [src/test/resources/TestDataFiles/testSuite01/TestData.xlsx]. @16-11-2021 07:14:09.0331 AM
[ReportManager] Successfully created attachment [Test Data - Excel] @16-11-2021 07:14:09.0413 AM
[ReportManager] Last Column Number is: [3]. Zero-based. @16-11-2021 07:14:09.0413 A

################################################################################################################################################
Starting Execution:	[73 out of 146] test cases in the current suite
Test Method:		[testPackage01.Test_PDF.testPDF1]
################################################################################################################################################
[ReportManager] File Action [DoesFileExist] successfully performed. With the following test data [File Path: "src/test/resources/TestDataFiles/sample.pdf"]. @16-11-2021 07:14:09.0542 AM
[ReportManager] File Action [GetAbsolutePath] successfully performed. With the following test data [Relative Folder Path: "src/test/resources/TestDataFiles/sample.pdf"]. @16-11-2021 07:14:09.0544 AM
[ReportManager] Assertion Passed: Checking to see that the pdf file contains [A Simple PDF File] @16-11-2021 07:15:48.0731 AM
[ReportManager] Successfully created attachment [Validation Test Data - Expected Value] @16-11-2021 07:15:48.0754 AM
[ReportManager] Successfully created attachment [Validation Test Data - Actual Value] @16-11-2021 07:15:48.0755 AM
[ReportManager] Assertion [ValidateEquals] PASSED. Expected and Actual values are attached. Comparison Type [CONTAINS]. Validation Type [POSITIVE]. @16-11-2021 07:15:48.0755 A

################################################################################################################################################
Starting Execution:	[74 out of 146] test cases in the current suite
Test Method:		[testPackage01.Test_PDF.testPDF2]
################################################################################################################################################
[ReportManager] File Action [DoesFileExist] successfully performed. With the following test data [File Path: "src/test/resources/TestDataFiles/sample.pdf"]. @16-11-2021 07:15:48.0915 AM
[ReportManager] File Action [GetAbsolutePath] successfully performed. With the following test data [Relative Folder Path: "src/test/resources/TestDataFiles/sample.pdf"]. @16-11-2021 07:15:48.0915 AM
[ReportManager] Assertion Passed: Checking to see that the pdf file contains [A Simple PDF File] @16-11-2021 07:15:48.0950 AM
[ReportManager] Successfully created attachment [Validation Test Data - Expected Value] @16-11-2021 07:15:48.0991 AM
[ReportManager] Successfully created attachment [Validation Test Data - Actual Value] @16-11-2021 07:15:49.0033 AM
[ReportManager] Assertion [ValidateEquals] PASSED. Expected and Actual values are attached. Comparison Type [CONTAINS]. Validation Type [POSITIVE]. @16-11-2021 07:15:49.0033 A
[ReportManager] File Action [GetAbsolutePath] successfully performed. With the following test data [Relative Folder Path: "target/downloadedFiles/"]. @16-11-2021 07:15:49.0036 AM
[ReportManager] Attempting to run locally on: [Mac-64], [Safari], Headless Execution. @16-11-2021 07:15:49.0036 AM
[ReportManager] Successfully Opened Safari. @16-11-2021 07:15:49.0813 AM
[ReportManager] Initial window size: (800, 600) @16-11-2021 07:15:49.0847 AM
[ReportManager] Window size after SWD Maximize: (1176, 811) @16-11-2021 07:15:49.0875 AM
[ReportManager] Browser Action [MaximizeWindow] successfully performed. With the following test data [New screen size is now: (1176, 811)]. @16-11-2021 07:15:49.0876 A

################################################################################################################################################
Starting Execution:	[75 out of 146] test cases in the current suite
Test Method:		[testPackage01.Test_ShadowDOM.shadowdom]
################################################################################################################################################
[ReportManager] Target URL: [https://mdn.github.io/web-components-examples/popup-info-box-web-component/] @16-11-2021 07:15:49.0960 AM
[ReportManager] Initial URL: [] @16-11-2021 07:15:49.0995 AM
[ReportManager] Browser Action [NavigateToURL] successfully performed. With the following test data [https://mdn.github.io/web-components-examples/popup-info-box-web-component/]. @16-11-2021 07:15:50.0461 AM
[ReportManager] Element Action [Type] successfully performed. With the following test data [Typing into SHADOW DOM...]. @16-11-2021 07:15:51.0476 AM
[ReportManager] Element Action [GetText] successfully performed. With the following test data [Typing into SHADOW DOM...]. @16-11-2021 07:15:51.0562 AM
[ReportManager] Loaded Shared OpenCV @16-11-2021 07:15:51.0604 AM
[ReportManager] Assertion [ValidateElementAttribute] PASSED. Expected [Value Should be 'Typing into SHADOW DOM...' for the 'Text' attribute, element locator 'By.id: cvc'] and Actual [Typing into SHADOW DOM...]. Comparison Type [EQUALS]. Validation Type [POSITIVE]. @16-11-2021 07:15:51.0798 AM
[ReportManager] Successfully created attachment [Screenshot - 1637046951604_shadowdom_ValidateElementAttribute_passed] @16-11-2021 07:15:51.0798 A
[ReportManager] Browser Action [CloseCurrentWindow] successfully performed. @16-11-2021 07:15:52.0098 AM
[ReportManager] Successfully created attachment [Browser Action Test Data - CloseCurrentWindow - Actual Value] @16-11-2021 07:15:52.0140 A
[ReportManager] File Action [GetAbsolutePath] successfully performed. With the following test data [Relative Folder Path: "target/downloadedFiles/"]. @16-11-2021 07:15:52.0142 AM
[ReportManager] Attempting to run locally on: [Mac-64], [Safari], Headless Execution. @16-11-2021 07:15:52.0142 AM
[ReportManager] Successfully Opened Safari. @16-11-2021 07:15:52.0919 AM
[ReportManager] Initial window size: (800, 600) @16-11-2021 07:15:52.0942 AM
[ReportManager] Window size after SWD Maximize: (1176, 811) @16-11-2021 07:15:52.0953 AM
[ReportManager] Browser Action [MaximizeWindow] successfully performed. With the following test data [New screen size is now: (1176, 811)]. @16-11-2021 07:15:52.0953 A

################################################################################################################################################
Starting Execution:	[76 out of 146] test cases in the current suite
Test Method:		[testPackage01.Test_clipboardActions.typeTextAndCopyPaste]
################################################################################################################################################
[ReportManager] Target URL: [https://www.google.com/ncr], and after redirection: [https://www.google.com] @16-11-2021 07:15:53.0002 AM
[ReportManager] Initial URL: [] @16-11-2021 07:15:53.0048 AM
[ReportManager] Browser Action [NavigateToURL] successfully performed. With the following test data [https://www.google.com/ncr]. @16-11-2021 07:15:53.0808 AM
[ReportManager] Element Action [Type] successfully performed. With the following test data [FIRST]. @16-11-2021 07:15:54.0385 A
[ReportManager] Browser Action [CloseCurrentWindow] successfully performed. @16-11-2021 07:15:55.0349 AM
[ReportManager] Successfully created attachment [Browser Action Test Data - CloseCurrentWindow - Actual Value] @16-11-2021 07:15:55.0391 A

################################################################################################################################################
Starting Execution:	[77 out of 146] test cases in the current suite
Test Method:		[testPackage01.Test_NewValidationHelper.f1]
################################################################################################################################################
[ReportManager] Assertion Passed: Checking valid user data @16-11-2021 07:15:55.0478 AM
[ReportManager] Successfully created attachment [Validation Test Data - Expected Value] @16-11-2021 07:15:55.0562 AM
[ReportManager] Successfully created attachment [Validation Test Data - Actual Value] @16-11-2021 07:15:55.0603 AM
[ReportManager] Assertion [ValidateEquals] PASSED. Expected and Actual values are attached. Comparison Type [EQUALS]. Validation Type [POSITIVE]. @16-11-2021 07:15:55.0603 A
[ReportManager] File Action [GetAbsolutePath] successfully performed. With the following test data [Relative Folder Path: "target/downloadedFiles/"]. @16-11-2021 07:15:55.0728 AM
[ReportManager] Attempting to run locally on: [Mac-64], [Safari], Headless Execution. @16-11-2021 07:15:55.0729 AM
[ReportManager] Successfully Opened Safari. @16-11-2021 07:15:56.0524 AM
[ReportManager] Initial window size: (800, 600) @16-11-2021 07:15:56.0533 AM
[ReportManager] Window size after SWD Maximize: (1176, 811) @16-11-2021 07:15:56.0559 AM
[ReportManager] Browser Action [MaximizeWindow] successfully performed. With the following test data [New screen size is now: (1176, 811)]. @16-11-2021 07:15:56.0560 AM
[ReportManager] Target URL: [https://the-internet.herokuapp.com/] @16-11-2021 07:15:56.0560 AM
[ReportManager] Initial URL: [] @16-11-2021 07:15:56.0629 AM
[ReportManager] Browser Action [NavigateToURL] successfully performed. With the following test data [https://the-internet.herokuapp.com/]. @16-11-2021 07:15:58.0025 A

################################################################################################################################################
Starting Execution:	[78 out of 146] test cases in the current suite
Test Method:		[testPackage01.Test_NewValidationHelper.f10]
################################################################################################################################################
[ReportManager] Loaded Shared OpenCV @16-11-2021 07:15:58.0297 AM
[ReportManager] Assertion [ValidateElementExists] FAILED. Expected [Element Should Exist, locator 'By.tagName: div'] and Actual [Element Exists but is not unique]. Comparison Type [EQUALS]. Validation Type [POSITIVE]. @16-11-2021 07:15:58.0576 AM
[ReportManager] Successfully created attachment [Screenshot - 1637046958297_f10_ValidateElementExists_failed] @16-11-2021 07:15:58.0661 A



################################################################################################################################################
Starting Execution:	[79 out of 146] test cases in the current suite
Test Method:		[testPackage01.Test_NewValidationHelper.f11]
###############################################################################################################################################



################################################################################################################################################
Starting Execution:	[80 out of 146] test cases in the current suite
Test Method:		[testPackage01.Test_NewValidationHelper.f12]
###############################################################################################################################################



################################################################################################################################################
Starting Execution:	[81 out of 146] test cases in the current suite
Test Method:		[testPackage01.Test_NewValidationHelper.f13]
###############################################################################################################################################



################################################################################################################################################
Starting Execution:	[82 out of 146] test cases in the current suite
Test Method:		[testPackage01.Test_NewValidationHelper.f14]
###############################################################################################################################################



################################################################################################################################################
Starting Execution:	[83 out of 146] test cases in the current suite
Test Method:		[testPackage01.Test_NewValidationHelper.f15]
###############################################################################################################################################



################################################################################################################################################
Starting Execution:	[84 out of 146] test cases in the current suite
Test Method:		[testPackage01.Test_NewValidationHelper.f16]
###############################################################################################################################################



################################################################################################################################################
Starting Execution:	[85 out of 146] test cases in the current suite
Test Method:		[testPackage01.Test_NewValidationHelper.f17]
###############################################################################################################################################



################################################################################################################################################
Starting Execution:	[86 out of 146] test cases in the current suite
Test Method:		[testPackage01.Test_NewValidationHelper.f18]
###############################################################################################################################################


################################################################################################################################################
Starting Execution:	[87 out of 146] test cases in the current suite
Test Method:		[testPackage01.Test_NewValidationHelper.f2]
###############################################################################################################################################


################################################################################################################################################
Starting Execution:	[88 out of 146] test cases in the current suite
Test Method:		[testPackage01.Test_NewValidationHelper.f20]
###############################################################################################################################################



################################################################################################################################################
Starting Execution:	[89 out of 146] test cases in the current suite
Test Method:		[testPackage01.Test_NewValidationHelper.f21]
###############################################################################################################################################



################################################################################################################################################
Starting Execution:	[90 out of 146] test cases in the current suite
Test Method:		[testPackage01.Test_NewValidationHelper.f22]
###############################################################################################################################################


################################################################################################################################################
Starting Execution:	[91 out of 146] test cases in the current suite
Test Method:		[testPackage01.Test_NewValidationHelper.f23]
###############################################################################################################################################

################################################################################################################################################
Starting Execution:	[92 out of 146] test cases in the current suite
Test Method:		[testPackage01.Test_NewValidationHelper.f24]
###############################################################################################################################################

################################################################################################################################################
Starting Execution:	[93 out of 146] test cases in the current suite
Test Method:		[testPackage01.Test_NewValidationHelper.f25]
###############################################################################################################################################

################################################################################################################################################
Starting Execution:	[94 out of 146] test cases in the current suite
Test Method:		[testPackage01.Test_NewValidationHelper.f26]
###############################################################################################################################################

################################################################################################################################################
Starting Execution:	[95 out of 146] test cases in the current suite
Test Method:		[testPackage01.Test_NewValidationHelper.f27]
###############################################################################################################################################

################################################################################################################################################
Starting Execution:	[96 out of 146] test cases in the current suite
Test Method:		[testPackage01.Test_NewValidationHelper.f28]
###############################################################################################################################################

################################################################################################################################################
Starting Execution:	[97 out of 146] test cases in the current suite
Test Method:		[testPackage01.Test_NewValidationHelper.f29]
###############################################################################################################################################

################################################################################################################################################
Starting Execution:	[98 out of 146] test cases in the current suite
Test Method:		[testPackage01.Test_NewValidationHelper.f3]
###############################################################################################################################################

################################################################################################################################################
Starting Execution:	[99 out of 146] test cases in the current suite
Test Method:		[testPackage01.Test_NewValidationHelper.f30]
###############################################################################################################################################

################################################################################################################################################
Starting Execution:	[100 out of 146] test cases in the current suite
Test Method:		[testPackage01.Test_NewValidationHelper.f31]
###############################################################################################################################################

################################################################################################################################################
Starting Execution:	[101 out of 146] test cases in the current suite
Test Method:		[testPackage01.Test_NewValidationHelper.f32]
###############################################################################################################################################

################################################################################################################################################
Starting Execution:	[102 out of 146] test cases in the current suite
Test Method:		[testPackage01.Test_NewValidationHelper.f33]
###############################################################################################################################################

################################################################################################################################################
Starting Execution:	[103 out of 146] test cases in the current suite
Test Method:		[testPackage01.Test_NewValidationHelper.f34]
###############################################################################################################################################

################################################################################################################################################
Starting Execution:	[104 out of 146] test cases in the current suite
Test Method:		[testPackage01.Test_NewValidationHelper.f35]
###############################################################################################################################################

################################################################################################################################################
Starting Execution:	[105 out of 146] test cases in the current suite
Test Method:		[testPackage01.Test_NewValidationHelper.f36]
###############################################################################################################################################

################################################################################################################################################
Starting Execution:	[106 out of 146] test cases in the current suite
Test Method:		[testPackage01.Test_NewValidationHelper.f37]
###############################################################################################################################################

################################################################################################################################################
Starting Execution:	[107 out of 146] test cases in the current suite
Test Method:		[testPackage01.Test_NewValidationHelper.f3_1]
###############################################################################################################################################

################################################################################################################################################
Starting Execution:	[108 out of 146] test cases in the current suite
Test Method:		[testPackage01.Test_NewValidationHelper.f4]
###############################################################################################################################################

################################################################################################################################################
Starting Execution:	[109 out of 146] test cases in the current suite
Test Method:		[testPackage01.Test_NewValidationHelper.f5]
###############################################################################################################################################

################################################################################################################################################
Starting Execution:	[110 out of 146] test cases in the current suite
Test Method:		[testPackage01.Test_NewValidationHelper.f6]
###############################################################################################################################################

################################################################################################################################################
Starting Execution:	[111 out of 146] test cases in the current suite
Test Method:		[testPackage01.Test_NewValidationHelper.f6_1]
###############################################################################################################################################

################################################################################################################################################
Starting Execution:	[112 out of 146] test cases in the current suite
Test Method:		[testPackage01.Test_NewValidationHelper.f6_2]
###############################################################################################################################################

################################################################################################################################################
Starting Execution:	[113 out of 146] test cases in the current suite
Test Method:		[testPackage01.Test_NewValidationHelper.f7]
###############################################################################################################################################


################################################################################################################################################
Starting Execution:	[114 out of 146] test cases in the current suite
Test Method:		[testPackage01.Test_NewValidationHelper.f8]
###############################################################################################################################################



################################################################################################################################################
Starting Execution:	[115 out of 146] test cases in the current suite
Test Method:		[testPackage01.Test_NewValidationHelper.f9]
###############################################################################################################################################


################################################################################################################################################
Starting Execution:	[116 out of 146] test cases in the current suite
Test Method:		[testPackage01.Test_NewValidationHelper.forceFail]
###############################################################################################################################################

################################################################################################################################################
Starting Execution:	[117 out of 146] test cases in the current suite
Test Method:		[testPackage01.Test_NewValidationHelper.forceFail2]
###############################################################################################################################################

################################################################################################################################################
Starting Execution:	[118 out of 146] test cases in the current suite
Test Method:		[testPackage01.Test_JsonActions.f]
###############################################################################################################################################

################################################################################################################################################
Starting Execution:	[119 out of 146] test cases in the current suite
Test Method:		[testPackage01.Test_JsonActions.f2]
###############################################################################################################################################

################################################################################################################################################
Starting Execution:	[120 out of 146] test cases in the current suite
Test Method:		[testPackage01.Test_sendGraphqlRequest.sendGraphqlRequestUsingMutationAndVariables]
################################################################################################################################################
[ReportManager] GraphQl Request is being Performed with the Following Parameters [Service URL: https://api.spacex.land/graphql | Request Body: {"variables":"{\"name\": \"sherlock holmes\",\"rocket\": \"221B Baker Street\"}","query":"mutation ($name: String, $rocket: String) {\n  insert_users(objects: {name: $name, rocket: $rocket}) {\n    returning {\n      name\n      rocket\n    }\n  }\n}"}] @16-11-2021 07:16:05.0490 AM
[ReportManager] Response status code: [200], status line: [HTTP/1.1 200 OK] @16-11-2021 07:16:06.0044 AM
[ReportManager] Assertion Passed: Evaluating the actual response status code against the expected one... @16-11-2021 07:16:06.0044 AM
[ReportManager] Assertion [ValidateComparativeRelation] PASSED. Expected [200] and Actual [200]. Comparison Type [EQUALS]. Validation Type [POSITIVE]. @16-11-2021 07:16:06.0044 AM
[ReportManager] API Action [PerformRequest] successfully performed. With the following test data [Request Type: "POST" | Target Status Code: "200" | Service URL: "https://api.spacex.land/graphql" | Content Type: "application/json" | Response Time: "453ms"]. @16-11-2021 07:16:06.0080 AM
[ReportManager] Successfully created attachment [API Request - Specifications] @16-11-2021 07:16:06.0121 AM
[ReportManager] Successfully created attachment [API Request - JSON Body] @16-11-2021 07:16:06.0203 AM
[ReportManager] Successfully created attachment [API Response - JSON Body] @16-11-2021 07:16:06.0244 AM
[ReportManager] API Action [GetResponseJSONValue] successfully performed. With the following test data [data.insert_users.returning[0].name]. @16-11-2021 07:16:06.0325 AM
[ReportManager] Assertion [ValidateEquals] PASSED. Expected [sherlock holmes] and Actual [sherlock holmes]. Comparison Type [EQUALS]. Validation Type [POSITIVE]. @16-11-2021 07:16:06.0325 A

################################################################################################################################################
Starting Execution:	[121 out of 146] test cases in the current suite
Test Method:		[testPackage01.Test_sendGraphqlRequest.sendGraphqlRequestUsingQuery]
################################################################################################################################################
[ReportManager] GraphQl Request is being Performed with the Following Parameters [Service URL: https://api.spacex.land/graphql | Request Body: {"query":"{company {ceo}}"}] @16-11-2021 07:16:06.0453 AM
[ReportManager] Response status code: [200], status line: [HTTP/1.1 200 OK] @16-11-2021 07:16:06.0730 AM
[ReportManager] Assertion Passed: Evaluating the actual response status code against the expected one... @16-11-2021 07:16:06.0730 AM
[ReportManager] Assertion [ValidateComparativeRelation] PASSED. Expected [200] and Actual [200]. Comparison Type [EQUALS]. Validation Type [POSITIVE]. @16-11-2021 07:16:06.0730 AM
[ReportManager] API Action [PerformRequest] successfully performed. With the following test data [Request Type: "POST" | Target Status Code: "200" | Service URL: "https://api.spacex.land/graphql" | Content Type: "application/json" | Response Time: "269ms"]. @16-11-2021 07:16:06.0745 AM
[ReportManager] Successfully created attachment [API Request - Specifications] @16-11-2021 07:16:06.0786 AM
[ReportManager] Successfully created attachment [API Request - JSON Body] @16-11-2021 07:16:06.0868 AM
[ReportManager] Successfully created attachment [API Response - JSON Body] @16-11-2021 07:16:06.0910 AM
[ReportManager] API Action [GetResponseJSONValue] successfully performed. With the following test data [data.company.ceo]. @16-11-2021 07:16:06.0924 AM
[ReportManager] Assertion [ValidateEquals] PASSED. Expected [Elon Musk] and Actual [Elon Musk]. Comparison Type [EQUALS]. Validation Type [POSITIVE]. @16-11-2021 07:16:06.0924 A

################################################################################################################################################
Starting Execution:	[122 out of 146] test cases in the current suite
Test Method:		[testPackage01.Test_MatchJsonSchema.checkAPI_ResponseSchema]
################################################################################################################################################
[ReportManager] Response status code: [200], status line: [HTTP/1.1 200 OK] @16-11-2021 07:16:07.0188 AM
[ReportManager] Assertion Passed: Evaluating the actual response status code against the expected one... @16-11-2021 07:16:07.0189 AM
[ReportManager] Assertion [ValidateComparativeRelation] PASSED. Expected [200] and Actual [200]. Comparison Type [EQUALS]. Validation Type [POSITIVE]. @16-11-2021 07:16:07.0189 AM
[ReportManager] API Action [PerformRequest] successfully performed. With the following test data [Request Type: "GET" | Target Status Code: "200" | Service URL: "http://api.zippopotam.us/us/90210" | Content Type: "*/*" | Response Time: "131ms"]. @16-11-2021 07:16:07.0201 AM
[ReportManager] Successfully created attachment [API Request - Specifications] @16-11-2021 07:16:07.0242 AM
[ReportManager] Successfully created attachment [API Response - JSON Body] @16-11-2021 07:16:07.0323 AM
[ReportManager] File Action [GetAbsolutePath] successfully performed. With the following test data [Relative Folder Path: "src/test/resources/testDataFiles/schema.json"]. @16-11-2021 07:16:07.0325 AM
[ReportManager] File Action [GetAbsolutePath] successfully performed. With the following test data [Relative Folder Path: "/Users/runner/work/SHAFT_ENGINE/SHAFT_ENGINE/src/test/resources/testDataFiles/schema.json"]. @16-11-2021 07:16:08.0049 AM
[ReportManager] File Action [ReadFromFile] successfully performed. With the following test data [File Path: "/Users/runner/work/SHAFT_ENGINE/SHAFT_ENGINE/src/test/resources/testDataFiles/schema.json"]. @16-11-2021 07:16:08.0049 AM
[ReportManager] Assertion Passed: Then I Assert that the API response schema matches that in this file [src/test/resources/testDataFiles/schema.json]. @16-11-2021 07:16:08.0050 AM
[ReportManager] Successfully created attachment [Validation Test Data - Expected JSON Value] @16-11-2021 07:16:08.0092 AM
[ReportManager] Successfully created attachment [Validation Test Data - Actual JSON Value] @16-11-2021 07:16:08.0174 AM
[ReportManager] Assertion [ValidateResponseFileSchema] PASSED. Expected [Response data should match the JSON File in this path '/Users/runner/work/SHAFT_ENGINE/SHAFT_ENGINE/src/test/resources/testDataFiles/schema.json'] and Actual [TRUE]. Comparison Type [EQUALS]. Validation Type [POSITIVE]. @16-11-2021 07:16:08.0174 A
[ReportManager] File Action [GetAbsolutePath] successfully performed. With the following test data [Relative Folder Path: "target/downloadedFiles/"]. @16-11-2021 07:16:08.0299 AM
[ReportManager] Attempting to run locally on: [Mac-64], [Safari], Headless Execution. @16-11-2021 07:16:08.0299 AM
[ReportManager] Successfully Opened Safari. @16-11-2021 07:16:09.0068 AM
[ReportManager] Initial window size: (800, 600) @16-11-2021 07:16:09.0083 AM
[ReportManager] Window size after SWD Maximize: (1176, 811) @16-11-2021 07:16:09.0103 AM
[ReportManager] Browser Action [MaximizeWindow] successfully performed. With the following test data [New screen size is now: (1176, 811)]. @16-11-2021 07:16:09.0103 A

################################################################################################################################################
Starting Execution:	[123 out of 146] test cases in the current suite
Test Method:		[testPackage01.Test_dragAndDrop.dragAndDropJquery]
################################################################################################################################################
[ReportManager] Target URL: [https://jqueryui.com/resources/demos/droppable/default.html] @16-11-2021 07:16:09.0227 AM
[ReportManager] Initial URL: [] @16-11-2021 07:16:09.0255 AM
[ReportManager] Browser Action [NavigateToURL] successfully performed. With the following test data [https://jqueryui.com/resources/demos/droppable/default.html]. @16-11-2021 07:16:09.0847 AM
[ReportManager] Element Action [GetText] successfully performed. With the following test data [
	Drop here
]. @16-11-2021 07:16:09.0887 AM
[ReportManager] Element Action [DragAndDrop] successfully performed. With the following test data [Start point: (8, 18), End point: (8, 18)]. @16-11-2021 07:16:10.0922 AM
[ReportManager] Element Action [GetText] successfully performed. With the following test data [
	Dropped!
]. @16-11-2021 07:16:10.0956 AM
[ReportManager] Assertion Passed: Checking to see if the text has changed after performing drag and drop @16-11-2021 07:16:10.0956 AM
[ReportManager] Assertion [ValidateEquals] PASSED. Expected [
	Drop here
] and Actual [
	Dropped!
]. Comparison Type [EQUALS]. Validation Type [NEGATIVE]. @16-11-2021 07:16:10.0956 A
[ReportManager] Browser Action [CloseCurrentWindow] successfully performed. @16-11-2021 07:16:11.0341 AM
[ReportManager] Successfully created attachment [Browser Action Test Data - CloseCurrentWindow - Actual Value] @16-11-2021 07:16:11.0382 A
[ReportManager] File Action [GetAbsolutePath] successfully performed. With the following test data [Relative Folder Path: "target/downloadedFiles/"]. @16-11-2021 07:16:11.0507 AM
[ReportManager] Attempting to run locally on: [Mac-64], [Safari], Headless Execution. @16-11-2021 07:16:11.0507 AM
[ReportManager] Successfully Opened Safari. @16-11-2021 07:16:12.0358 AM
[ReportManager] Initial window size: (800, 600) @16-11-2021 07:16:12.0369 AM
[ReportManager] Window size after SWD Maximize: (1176, 811) @16-11-2021 07:16:12.0399 AM
[ReportManager] Browser Action [MaximizeWindow] successfully performed. With the following test data [New screen size is now: (1176, 811)]. @16-11-2021 07:16:12.0400 A

################################################################################################################################################
Starting Execution:	[124 out of 146] test cases in the current suite
Test Method:		[testPackage01.Test_dragAndDrop.dragAndDrop]
Test Description:	[TC001 - Test Drag and Drop function.]
################################################################################################################################################
[ReportManager] Target URL: [http://the-internet.herokuapp.com/drag_and_drop] @16-11-2021 07:16:12.0528 AM
[ReportManager] Initial URL: [] @16-11-2021 07:16:12.0561 AM
[ReportManager] Browser Action [NavigateToURL] successfully performed. With the following test data [http://the-internet.herokuapp.com/drag_and_drop]. @16-11-2021 07:16:13.0729 AM
[ReportManager] Attempting Drag and Drop @16-11-2021 07:16:13.0730 AM
[ReportManager] Element Action [DragAndDrop] successfully performed. With the following test data [Start point: (120, 89), End point: (335, 89)]. @16-11-2021 07:16:14.0536 A
[ReportManager] Browser Action [CloseCurrentWindow] successfully performed. @16-11-2021 07:16:14.0680 AM
[ReportManager] Successfully created attachment [Browser Action Test Data - CloseCurrentWindow - Actual Value] @16-11-2021 07:16:14.0680 A
[ReportManager] File Action [GetAbsolutePath] successfully performed. With the following test data [Relative Folder Path: "target/downloadedFiles/"]. @16-11-2021 07:16:14.0682 AM
[ReportManager] Attempting to run locally on: [Mac-64], [Safari], Headless Execution. @16-11-2021 07:16:14.0682 AM
[ReportManager] Successfully Opened Safari. @16-11-2021 07:16:15.0532 AM
[ReportManager] Initial window size: (800, 600) @16-11-2021 07:16:15.0561 AM
[ReportManager] Window size after SWD Maximize: (1176, 811) @16-11-2021 07:16:15.0722 AM
[ReportManager] Browser Action [MaximizeWindow] successfully performed. With the following test data [New screen size is now: (1176, 811)]. @16-11-2021 07:16:15.0722 A

################################################################################################################################################
Starting Execution:	[125 out of 146] test cases in the current suite
Test Method:		[testPackage01.Test_dragAndDrop.dragAndDropByOffset]
Test Description:	[TC002 - Test Drag and Drop by offset function.]
################################################################################################################################################
[ReportManager] Target URL: [https://jqueryui.com/resources/demos/draggable/default.html] @16-11-2021 07:16:15.0849 AM
[ReportManager] Initial URL: [] @16-11-2021 07:16:15.0879 AM
[ReportManager] Browser Action [NavigateToURL] successfully performed. With the following test data [https://jqueryui.com/resources/demos/draggable/default.html]. @16-11-2021 07:16:16.0426 AM
[ReportManager] Element Action [DragAndDropByOffset] successfully performed. With the following test data [Start point: (8, 8), End point: (108, 58)]. @16-11-2021 07:16:17.0199 A
[ReportManager] Browser Action [CloseCurrentWindow] successfully performed. @16-11-2021 07:16:17.0452 AM
[ReportManager] Successfully created attachment [Browser Action Test Data - CloseCurrentWindow - Actual Value] @16-11-2021 07:16:17.0493 A
[ReportManager] Successfully loaded the following test data file [src/test/resources/TestDataFiles/testSuite01/TestData.xlsx]. @16-11-2021 07:16:17.0651 AM
[ReportManager] Successfully created attachment [Test Data - Excel] @16-11-2021 07:16:17.0734 AM
[ReportManager] File Action [GetAbsolutePath] successfully performed. With the following test data [Relative Folder Path: "target/downloadedFiles/"]. @16-11-2021 07:16:17.0734 AM
[ReportManager] Attempting to run locally on: [Mac-64], [Safari], Headless Execution. @16-11-2021 07:16:17.0734 AM
[ReportManager] Successfully Opened Safari. @16-11-2021 07:16:18.0514 AM
[ReportManager] Initial window size: (800, 600) @16-11-2021 07:16:18.0520 AM
[ReportManager] Window size after SWD Maximize: (1176, 811) @16-11-2021 07:16:18.0546 AM
[ReportManager] Browser Action [MaximizeWindow] successfully performed. With the following test data [New screen size is now: (1176, 811)]. @16-11-2021 07:16:18.0546 A

################################################################################################################################################
Starting Execution:	[126 out of 146] test cases in the current suite
Test Method:		[testPackage01.Test_google.navigateToURLandVerifyGoogleLogoIsDisplayed]
Test Description:	[TC001 - Navigate to URL and Verify Google Logo is Displayed]
################################################################################################################################################
[ReportManager] Target URL: [https://www.google.com/ncr], and after redirection: [https://www.google.com] @16-11-2021 07:16:18.0591 AM
[ReportManager] Initial URL: [] @16-11-2021 07:16:18.0634 AM
[ReportManager] Browser Action [NavigateToURL] successfully performed. With the following test data [https://www.google.com/ncr]. @16-11-2021 07:16:19.0509 AM
[ReportManager] Loaded Shared OpenCV @16-11-2021 07:16:19.0574 AM
[ReportManager] Assertion Passed: Then I Assert that the element found by [By.xpath: //*[@id='hplogo' or @alt='Google']] exists. @16-11-2021 07:16:19.0858 AM
[ReportManager] Successfully created attachment [Screenshot - 1637046979574_navigateToURLandVerifyGoogleLogoIsDisplayed_ValidateElementExists_passed] @16-11-2021 07:16:19.0939 AM
[ReportManager] Assertion [ValidateElementExists] PASSED. Expected [Element Should Exist, locator 'By.xpath: //*[@id='hplogo' or @alt='Google']'] and Actual [Element Exists]. Comparison Type [EQUALS]. Validation Type [POSITIVE]. @16-11-2021 07:16:19.0939 A

################################################################################################################################################
Starting Execution:	[127 out of 146] test cases in the current suite
Test Method:		[testPackage01.Test_google.searchForQueryandAssertResultsNumDisplayed]
Test Description:	[TC002 - Search for Query and Assert that the number of results is displayed]
################################################################################################################################################
[ReportManager] Element Action [Type] successfully performed. With the following test data [SHAFT_Engine]. @16-11-2021 07:16:20.0594 AM
[ReportManager] Element Action [KeyPress] successfully performed. With the following test data [Enter]. @16-11-2021 07:16:20.0638 A

################################################################################################################################################
Starting Execution:	[128 out of 146] test cases in the current suite
Test Method:		[testPackage01.Test_google.clickNextThrice]
Test Description:	[TC003 - Clicks the next button to make sure that the framework can scroll element into view before clicking it]
###############################################################################################################################################
[ReportManager] Browser Action [CloseCurrentWindow] successfully performed. @16-11-2021 07:16:22.0006 AM
[ReportManager] Successfully created attachment [Browser Action Test Data - CloseCurrentWindow - Actual Value] @16-11-2021 07:16:22.0051 A

################################################################################################################################################
Starting Execution:	[129 out of 146] test cases in the current suite
Test Method:		[testPackage01.Test_chainableElementActions.chainElementActions]
################################################################################################################################################
[ReportManager] File Action [GetAbsolutePath] successfully performed. With the following test data [Relative Folder Path: "target/downloadedFiles/"]. @16-11-2021 07:16:22.0136 AM
[ReportManager] Attempting to run locally on: [Mac-64], [GoogleChrome], Headless Execution. @16-11-2021 07:16:22.0138 AM
[ReportManager] Identifying OS/Driver combination and selecting the correct driver version automatically. Please note that if a new driver executable will be downloaded it may take some time... @16-11-2021 07:16:22.0138 AM
[ReportManager] Successfully Opened Google Chrome. @16-11-2021 07:16:40.0666 AM
[ReportManager] Initial window size: (1920, 1080) @16-11-2021 07:16:40.0674 AM
[ReportManager] Window size after SWD Maximize: (1920, 1080) @16-11-2021 07:16:40.0866 AM
[ReportManager] Window size after Toolkit: (1920, 1080) @16-11-2021 07:16:41.0345 AM
[ReportManager] Browser Action [MaximizeWindow] successfully performed. With the following test data [New screen size is now: (1920, 1080)]. @16-11-2021 07:16:41.0349 AM
[ReportManager] Target URL: [https://www.google.com/ncr], and after redirection: [https://www.google.com] @16-11-2021 07:16:41.0349 AM
[ReportManager] Initial URL: [data:,] @16-11-2021 07:16:41.0389 AM
[ReportManager] Browser Action [NavigateToURL] successfully performed. With the following test data [https://www.google.com/ncr]. @16-11-2021 07:16:45.0064 AM
[ReportManager] Element Action [Type] successfully performed. With the following test data [chained type 1]. @16-11-2021 07:16:48.0649 AM
[ReportManager] Element Action [Type] successfully performed. With the following test data [chained type 2]. @16-11-2021 07:16:48.0946 AM
[ReportManager] Element Action [TypeAppend] successfully performed. With the following test data [345]. @16-11-2021 07:16:49.0013 AM
[ReportManager] Element Action [GetText] successfully performed. With the following test data [chained type 2345]. @16-11-2021 07:16:49.0096 AM
[ReportManager] Loaded Shared OpenCV @16-11-2021 07:16:49.0368 AM
[ReportManager] Assertion [ValidateElementAttribute] PASSED. Expected [Value Should be 'chained type 2345' for the 'text' attribute, element locator 'By.name: q'] and Actual [chained type 2345]. Comparison Type [EQUALS]. Validation Type [POSITIVE]. @16-11-2021 07:16:50.0106 AM
[ReportManager] Successfully created attachment [Screenshot - 1637047009367_chainElementActions_ValidateElementAttribute_passed] @16-11-2021 07:16:50.0109 AM
[ReportManager] Browser Action [CloseCurrentWindow] successfully performed. @16-11-2021 07:16:50.0256 AM
[ReportManager] Successfully created attachment [Browser Action Test Data - CloseCurrentWindow - Actual Value] @16-11-2021 07:16:50.0527 A
[ReportManager] File Action [GetAbsolutePath] successfully performed. With the following test data [Relative Folder Path: "target/downloadedFiles/"]. @16-11-2021 07:16:50.0777 AM
[ReportManager] Attempting to run locally on: [Mac-64], [Safari], Headless Execution. @16-11-2021 07:16:50.0777 AM
[ReportManager] Successfully Opened Safari. @16-11-2021 07:16:51.0686 AM
[ReportManager] Initial window size: (800, 600) @16-11-2021 07:16:51.0710 AM
[ReportManager] Window size after SWD Maximize: (1176, 811) @16-11-2021 07:16:51.0721 AM
[ReportManager] Browser Action [MaximizeWindow] successfully performed. With the following test data [New screen size is now: (1176, 811)]. @16-11-2021 07:16:51.0724 A

################################################################################################################################################
Starting Execution:	[130 out of 146] test cases in the current suite
Test Method:		[testPackage01.Test_RelativeLocators.relativeLocatorsTest1]
################################################################################################################################################
[ReportManager] Target URL: [https://duckduckgo.com/] @16-11-2021 07:16:52.0206 AM
[ReportManager] Initial URL: [] @16-11-2021 07:16:52.0236 AM
[ReportManager] Browser Action [NavigateToURL] successfully performed. With the following test data [https://duckduckgo.com/]. @16-11-2021 07:16:52.0881 AM
[ReportManager] Element Action [Type] successfully performed. With the following test data [SHAFT_Engine]. @16-11-2021 07:16:53.0221 AM
[ReportManager] Element Action [KeyPress] successfully performed. With the following test data [ENTER]. @16-11-2021 07:16:53.0275 A
[ReportManager] Browser Action [CloseCurrentWindow] successfully performed. @16-11-2021 07:16:54.0588 AM
[ReportManager] Successfully created attachment [Browser Action Test Data - CloseCurrentWindow - Actual Value] @16-11-2021 07:16:54.0825 A

################################################################################################################################################
Starting Execution:	[131 out of 146] test cases in the current suite
Test Method:		[testPackage01.Test_JsonCompareWithSpecialCharacters.specialCharacters]
################################################################################################################################################
[ReportManager] File Action [GetAbsolutePath] successfully performed. With the following test data [Relative Folder Path: "src/test/resources/testDataFiles/specialCharacters.json"]. @16-11-2021 07:16:55.0402 AM
[ReportManager] File Action [ReadFromFile] successfully performed. With the following test data [File Path: "/Users/runner/work/SHAFT_ENGINE/SHAFT_ENGINE/src/test/resources/testDataFiles/specialCharacters.json"]. @16-11-2021 07:16:55.0402 AM
[ReportManager] Successfully created attachment [File Action Actual Result - Command Log] @16-11-2021 07:16:55.0645 AM
[ReportManager] Comparing the provided API response with the file at this path "src/test/resources/testDataFiles/specialCharacters.json", comparison type "EQUALS" @16-11-2021 07:16:55.0646 AM
[ReportManager] API Action [CompareJSON] successfully performed. With the following test data [src/test/resources/testDataFiles/specialCharacters.json]. @16-11-2021 07:16:55.0654 AM
[ReportManager] File Action [GetAbsolutePath] successfully performed. With the following test data [Relative Folder Path: "src/test/resources/testDataFiles/specialCharacters.json"]. @16-11-2021 07:16:55.0655 AM
[ReportManager] File Action [ReadFromFile] successfully performed. With the following test data [File Path: "/Users/runner/work/SHAFT_ENGINE/SHAFT_ENGINE/src/test/resources/testDataFiles/specialCharacters.json"]. @16-11-2021 07:16:55.0655 AM
[ReportManager] Verification [ValidateJSONFileContent] PASSED. Expected [Response data should match the JSON File in this path 'src/test/resources/testDataFiles/specialCharacters.json'] and Actual [TRUE]. Comparison Type [EQUALS]. Validation Type [POSITIVE]. @16-11-2021 07:16:55.0662 AM
[ReportManager] Successfully created attachment [Validation Test Data - Expected JSON Value] @16-11-2021 07:16:55.0892 AM
[ReportManager] Successfully created attachment [Validation Test Data - Actual JSON Value] @16-11-2021 07:16:56.0141 A

################################################################################################################################################
Starting Execution:	[132 out of 146] test cases in the current suite
Test Method:		[testPackage01.Test_JsonCompareWithSpecialCharacters.specialCharacters_assertion]
################################################################################################################################################
[ReportManager] File Action [GetAbsolutePath] successfully performed. With the following test data [Relative Folder Path: "src/test/resources/testDataFiles/specialCharacters.json"]. @16-11-2021 07:16:56.0640 AM
[ReportManager] File Action [ReadFromFile] successfully performed. With the following test data [File Path: "/Users/runner/work/SHAFT_ENGINE/SHAFT_ENGINE/src/test/resources/testDataFiles/specialCharacters.json"]. @16-11-2021 07:16:56.0640 AM
[ReportManager] Successfully created attachment [File Action Actual Result - Command Log] @16-11-2021 07:16:56.0889 AM
[ReportManager] Comparing the provided API response with the file at this path "src/test/resources/testDataFiles/specialCharacters.json", comparison type "CONTAINS" @16-11-2021 07:16:56.0889 AM
[ReportManager] API Action [CompareJSON] successfully performed. With the following test data [src/test/resources/testDataFiles/specialCharacters.json]. @16-11-2021 07:16:56.0901 AM
[ReportManager] File Action [GetAbsolutePath] successfully performed. With the following test data [Relative Folder Path: "src/test/resources/testDataFiles/specialCharacters.json"]. @16-11-2021 07:16:56.0901 AM
[ReportManager] File Action [ReadFromFile] successfully performed. With the following test data [File Path: "/Users/runner/work/SHAFT_ENGINE/SHAFT_ENGINE/src/test/resources/testDataFiles/specialCharacters.json"]. @16-11-2021 07:16:56.0902 AM
[ReportManager] Assertion Passed: trying out the log message @16-11-2021 07:16:56.0905 AM
[ReportManager] Successfully created attachment [Validation Test Data - Expected JSON Value] @16-11-2021 07:16:57.0136 AM
[ReportManager] Successfully created attachment [Validation Test Data - Actual JSON Value] @16-11-2021 07:16:57.0386 AM
[ReportManager] Assertion [ValidateJSONFileContent] PASSED. Expected [Response data should match the JSON File in this path 'src/test/resources/testDataFiles/specialCharacters.json'] and Actual [TRUE]. Comparison Type [CONTAINS]. Validation Type [POSITIVE]. @16-11-2021 07:16:57.0386 A

################################################################################################################################################
Starting Execution:	[133 out of 146] test cases in the current suite
Test Method:		[testPackage01.Test_SkipDueToIssue.doNotSkip]
################################################################################################################################################
[ReportManager] This should not be skipped. @16-11-2021 07:16:57.0883 A

################################################################################################################################################
Starting Execution:	[134 out of 146] test cases in the current suite
Test Method:		[testPackage01.Test_SkipDueToIssue.skip]
################################################################################################################################################
[ReportManager] This should be skipped. @16-11-2021 07:16:58.0384 A

################################################################################################################################################
Starting Execution:	[135 out of 146] test cases in the current suite
Test Method:		[testPackage01.Test_SkipDueToIssue.skip2]
################################################################################################################################################
[ReportManager] This should be skipped. @16-11-2021 07:16:58.0510 A

################################################################################################################################################
Starting Execution:	[136 out of 146] test cases in the current suite
Test Method:		[testPackage01.Test_JSONFileManager.readStringFromJson]
################################################################################################################################################
[ReportManager] File Action [GetAbsolutePath] successfully performed. With the following test data [Relative Folder Path: "src/test/resources/testDataFiles/simpleJSON.json"]. @16-11-2021 07:16:58.0757 AM
[ReportManager] Successfully loaded the following test data file [src/test/resources/testDataFiles/simpleJSON.json]. @16-11-2021 07:16:58.0757 AM
[ReportManager] Successfully created attachment [Test Data - JSON] @16-11-2021 07:16:59.0001 AM
[ReportManager] File Action [GetAbsolutePath] successfully performed. With the following test data [Relative Folder Path: "src/test/resources/testDataFiles/simpleJSON.json"]. @16-11-2021 07:16:59.0002 AM
[ReportManager] Assertion [ValidateEquals] PASSED. Expected [Mohab Mohie] and Actual [Mohab Mohie]. Comparison Type [EQUALS]. Validation Type [POSITIVE]. @16-11-2021 07:16:59.0017 A
[ReportManager] File Action [GetAbsolutePath] successfully performed. With the following test data [Relative Folder Path: "target/downloadedFiles/"]. @16-11-2021 07:16:59.0020 AM
[ReportManager] Attempting to run locally on: [Mac-64], [Safari], Headless Execution. @16-11-2021 07:16:59.0020 AM
[ReportManager] Successfully Opened Safari. @16-11-2021 07:17:01.0902 AM
[ReportManager] Initial window size: (800, 600) @16-11-2021 07:17:01.0938 AM
[ReportManager] Window size after SWD Maximize: (1176, 811) @16-11-2021 07:17:01.0987 AM
[ReportManager] Browser Action [MaximizeWindow] successfully performed. With the following test data [New screen size is now: (1176, 811)]. @16-11-2021 07:17:01.0987 A

################################################################################################################################################
Starting Execution:	[137 out of 146] test cases in the current suite
Test Method:		[testPackage01.Test_assertEquals.test_assertElementAttribute]
################################################################################################################################################
[ReportManager] Target URL: [https://www.google.com/ncr], and after redirection: [https://www.google.com] @16-11-2021 07:17:02.0143 AM
[ReportManager] Initial URL: [] @16-11-2021 07:17:02.0186 AM
[ReportManager] Browser Action [NavigateToURL] successfully performed. With the following test data [https://www.google.com/ncr]. @16-11-2021 07:17:02.0936 AM
[ReportManager] Element Action [Type] successfully performed. With the following test data [INC_004010050:Another SCHEDULER with the same name [Duplicate Job Name] already exists.]. @16-11-2021 07:17:05.0163 AM
[ReportManager] Element Action [GetText] successfully performed. With the following test data [INC_004010050:Another SCHEDULER with the same name [Duplicate Job Name] already exists.]. @16-11-2021 07:17:05.0214 AM
[ReportManager] Loaded Shared OpenCV @16-11-2021 07:17:05.0258 AM
[ReportManager] Assertion [ValidateElementAttribute] PASSED. Expected [Value Should be 'INC_004010050:Another SCHEDULER with the same name \[Duplicate Job Name\] already exists.' for the 'text' attribute, element locator 'By.name: q'] and Actual [INC_004010050:Another SCHEDULER with the same name [Duplicate Job Name] already exists.]. Comparison Type [MATCHES]. Validation Type [POSITIVE]. @16-11-2021 07:17:05.0788 AM
[ReportManager] Successfully created attachment [Screenshot - 1637047025258_test_assertElementAttribute_ValidateElementAttribute_passed] @16-11-2021 07:17:05.0829 A
[ReportManager] Browser Action [CloseCurrentWindow] successfully performed. @16-11-2021 07:17:06.0204 AM
[ReportManager] Successfully created attachment [Browser Action Test Data - CloseCurrentWindow - Actual Value] @16-11-2021 07:17:06.0207 A
[ReportManager] File Action [GetAbsolutePath] successfully performed. With the following test data [Relative Folder Path: "target/downloadedFiles/"]. @16-11-2021 07:17:06.0210 AM
[ReportManager] Attempting to run locally on: [Mac-64], [Safari], Headless Execution. @16-11-2021 07:17:06.0210 AM
[ReportManager] Successfully Opened Safari. @16-11-2021 07:17:07.0151 AM
[ReportManager] Initial window size: (800, 600) @16-11-2021 07:17:07.0198 AM
[ReportManager] Window size after SWD Maximize: (1176, 811) @16-11-2021 07:17:07.0227 AM
[ReportManager] Browser Action [MaximizeWindow] successfully performed. With the following test data [New screen size is now: (1176, 811)]. @16-11-2021 07:17:07.0227 A

################################################################################################################################################
Starting Execution:	[138 out of 146] test cases in the current suite
Test Method:		[testPackage01.Test_IsElementClickable.testIsElementClickable]
################################################################################################################################################
[ReportManager] Target URL: [https://the-internet.herokuapp.com/] @16-11-2021 07:17:07.0362 AM
[ReportManager] Initial URL: [] @16-11-2021 07:17:07.0409 AM
[ReportManager] Browser Action [NavigateToURL] successfully performed. With the following test data [https://the-internet.herokuapp.com/]. @16-11-2021 07:17:08.0729 AM
[ReportManager] Element Action [IsElementClickable] successfully performed. @16-11-2021 07:17:08.0858 AM
[ReportManager] Assertion [ValidateTrue] PASSED. Expected [TRUE] and Actual [TRUE]. Validation Type [POSITIVE]. @16-11-2021 07:17:08.0858 A
[ReportManager] Browser Action [CloseCurrentWindow] successfully performed. @16-11-2021 07:17:08.0909 AM
[ReportManager] Successfully created attachment [Browser Action Test Data - CloseCurrentWindow - Actual Value] @16-11-2021 07:17:08.0910 A
[ReportManager] Successfully loaded the following test data file [src/test/resources/TestDataFiles/testSuite01/TestData.xlsx]. @16-11-2021 07:17:08.0959 AM
[ReportManager] Successfully created attachment [Test Data - Excel] @16-11-2021 07:17:08.0959 AM
[ReportManager] Attempting to run using Playwright locally on: [Mac-64], [Safari], Headless Execution. @16-11-2021 07:17:31.0193 AM
[ReportManager] File Action [GetAbsolutePath] successfully performed. With the following test data [Relative Folder Path: "target/downloadedFiles/"]. @16-11-2021 07:17:31.0194 AM
[ReportManager] Initial window size: (1280, 720) @16-11-2021 07:17:38.0354 AM
[ReportManager] Window size after Toolkit: com.microsoft.playwright.options.ViewportSize@55966bb8 @16-11-2021 07:17:38.0363 AM
[ReportManager] Browser Action [MaximizeWindow] successfully performed. With the following test data [New screen size is now: (1920, 1080)]. @16-11-2021 07:17:38.0364 A

################################################################################################################################################
Starting Execution:	[139 out of 146] test cases in the current suite
Test Method:		[testPackage01.Test_google_playwright.navigateToURLandVerifyGoogleLogoIsDisplayed]
Test Description:	[TC001 - Navigate to URL and Verify Google Logo is Displayed]
################################################################################################################################################
[ReportManager] Target URL: [https://www.google.com/ncr], and after redirection: [https://www.google.com] @16-11-2021 07:17:38.0368 AM
[ReportManager] Initial URL: [about:blank] @16-11-2021 07:17:38.0830 AM
[ReportManager] Browser Action [NavigateToURL] successfully performed. With the following test data [https://www.google.com/ncr]. @16-11-2021 07:17:40.0421 AM
[ReportManager] Loaded Shared OpenCV @16-11-2021 07:17:40.0508 AM
[ReportManager] Assertion [ValidateElementExists] PASSED. Expected [Element Should Exist, locator 'xpath=//*[@id='hplogo' or @alt='Google']'] and Actual [Element Exists]. Comparison Type [EQUALS]. Validation Type [POSITIVE]. @16-11-2021 07:17:40.0714 AM
[ReportManager] Successfully created attachment [Screenshot - 1637047060504_navigateToURLandVerifyGoogleLogoIsDisplayed_ValidateElementExists_passed] @16-11-2021 07:17:40.0715 A

################################################################################################################################################
Starting Execution:	[140 out of 146] test cases in the current suite
Test Method:		[testPackage01.Test_google_playwright.searchForQueryandAssertResultsNumDisplayed]
Test Description:	[TC002 - Search for Query and Assert that the number of results is displayed]
################################################################################################################################################
[ReportManager] Element Action [Type] successfully performed. With the following test data [SHAFT_Engine]. @16-11-2021 07:17:41.0021 AM
[ReportManager] Element Action [KeyPress] successfully performed. With the following test data [Enter]. @16-11-2021 07:17:41.0056 AM
[ReportManager] Element Action [GetText] successfully performed. With the following test data [About 838,000 results (0.52 seconds)Â 
]. @16-11-2021 07:17:42.0599 AM
[ReportManager] Loaded Shared OpenCV @16-11-2021 07:17:43.0354 AM
[ReportManager] Assertion [ValidateElementAttribute] PASSED. Expected [Value Should not be '' for the 'text' attribute, element locator 'xpath=//div[@id='appbar']'] and Actual [About 838,000 results (0.52 seconds)Â 
]. Comparison Type [EQUALS]. Validation Type [NEGATIVE]. @16-11-2021 07:17:43.0560 AM
[ReportManager] Successfully created attachment [Screenshot - 1637047063353_searchForQueryandAssertResultsNumDisplayed_ValidateElementAttribute_passed] @16-11-2021 07:17:43.0563 A

################################################################################################################################################
Starting Execution:	[141 out of 146] test cases in the current suite
Test Method:		[testPackage01.Test_google_playwright.clickNextThrice]
Test Description:	[TC003 - Clicks the next button to make sure that the framework can scroll element into view before clicking it]
################################################################################################################################################
[ReportManager] Element Action [Click] successfully performed. With the following test data [Next]. @16-11-2021 07:17:43.0874 A
[ReportManager] Failed to find video recording. @16-11-2021 07:17:43.0877 AM
[ReportManager] Successfully Closed PlayWright Driver. @16-11-2021 07:17:43.0931 A
[ReportManager] File Action [GetAbsolutePath] successfully performed. With the following test data [Relative Folder Path: "target/downloadedFiles/"]. @16-11-2021 07:17:43.0933 AM
[ReportManager] Attempting to run locally on: [Mac-64], [Safari], Headless Execution. @16-11-2021 07:17:43.0933 AM
[ReportManager] Successfully Opened Safari. @16-11-2021 07:17:44.0801 AM
[ReportManager] Initial window size: (800, 600) @16-11-2021 07:17:44.0818 AM
[ReportManager] Window size after SWD Maximize: (1176, 811) @16-11-2021 07:17:44.0835 AM
[ReportManager] Browser Action [MaximizeWindow] successfully performed. With the following test data [New screen size is now: (1176, 811)]. @16-11-2021 07:17:44.0835 A

################################################################################################################################################
Starting Execution:	[142 out of 146] test cases in the current suite
Test Method:		[testPackage01.Test_verifyEquals.test_assertElementAttribute]
################################################################################################################################################
[ReportManager] Target URL: [https://www.google.com/ncr], and after redirection: [https://www.google.com] @16-11-2021 07:17:44.0837 AM
[ReportManager] Initial URL: [] @16-11-2021 07:17:44.0873 AM
[ReportManager] Browser Action [NavigateToURL] successfully performed. With the following test data [https://www.google.com/ncr]. @16-11-2021 07:17:45.0688 AM
[ReportManager] Element Action [Type] successfully performed. With the following test data [INC_004010050:Another SCHEDULER with the same name [Duplicate Job Name] already exists.]. @16-11-2021 07:17:47.0913 AM
[ReportManager] Element Action [GetText] successfully performed. With the following test data [INC_004010050:Another SCHEDULER with the same name [Duplicate Job Name] already exists.]. @16-11-2021 07:17:47.0974 AM
[ReportManager] Loaded Shared OpenCV @16-11-2021 07:17:48.0024 AM
[ReportManager] Verification [ValidateElementAttribute] PASSED. Expected [Value Should be 'INC_004010050:Another SCHEDULER with the same name \[Duplicate Job Name\] already exists.' for the 'text' attribute, element locator 'By.name: q'] and Actual [INC_004010050:Another SCHEDULER with the same name [Duplicate Job Name] already exists.]. Comparison Type [MATCHES]. Validation Type [POSITIVE]. @16-11-2021 07:17:48.0120 AM
[ReportManager] Successfully created attachment [Screenshot - 1637047068024_test_assertElementAttribute_ValidateElementAttribute_passed] @16-11-2021 07:17:48.0121 A
[ReportManager] Browser Action [CloseCurrentWindow] successfully performed. @16-11-2021 07:17:48.0377 AM
[ReportManager] Successfully created attachment [Browser Action Test Data - CloseCurrentWindow - Actual Value] @16-11-2021 07:17:48.0381 A

################################################################################################################################################
Starting Execution:	[143 out of 146] test cases in the current suite
Test Method:		[testPackage01.Test_SelectedValue.multipleSelect]
################################################################################################################################################
[ReportManager] File Action [GetAbsolutePath] successfully performed. With the following test data [Relative Folder Path: "target/downloadedFiles/"]. @16-11-2021 07:17:48.0394 AM
[ReportManager] Attempting to run locally on: [Mac-64], [GoogleChrome], Headless Execution. @16-11-2021 07:17:48.0396 AM
[ReportManager] Identifying OS/Driver combination and selecting the correct driver version automatically. Please note that if a new driver executable will be downloaded it may take some time... @16-11-2021 07:17:48.0396 AM
[ReportManager] Successfully Opened Google Chrome. @16-11-2021 07:17:49.0035 AM
[ReportManager] Initial window size: (1920, 1080) @16-11-2021 07:17:49.0039 AM
[ReportManager] Window size after SWD Maximize: (1920, 1080) @16-11-2021 07:17:49.0245 AM
[ReportManager] Window size after Toolkit: (1920, 1080) @16-11-2021 07:17:49.0575 AM
[ReportManager] Browser Action [MaximizeWindow] successfully performed. With the following test data [New screen size is now: (1920, 1080)]. @16-11-2021 07:17:49.0579 AM
[ReportManager] Target URL: [https://yari-demos.prod.mdn.mozit.cloud/en-US/docs/Web/HTML/Element/select/_sample_.Advanced_select_with_multiple_features.html] @16-11-2021 07:17:49.0579 AM
[ReportManager] Initial URL: [data:,] @16-11-2021 07:17:49.0610 AM
[ReportManager] Browser Action [NavigateToURL] successfully performed. With the following test data [https://yari-demos.prod.mdn.mozit.cloud/en-US/docs/Web/HTML/Element/select/_sample_.Advanced_select_with_multiple_features.html]. @16-11-2021 07:17:49.0991 AM
[ReportManager] Element Action [Select] successfully performed. With the following test data [Dog]. @16-11-2021 07:17:50.0187 AM
[ReportManager] Element Action [Select] successfully performed. With the following test data [Cat]. @16-11-2021 07:17:50.0331 AM
[ReportManager] Element Action [GetSelectedText] successfully performed. With the following test data [DogCat]. @16-11-2021 07:17:50.0429 AM
[ReportManager] DogCat @16-11-2021 07:17:50.0429 AM
[ReportManager] Element Action [GetSelectedText] successfully performed. With the following test data [DogCat]. @16-11-2021 07:17:50.0518 AM
[ReportManager] Loaded Shared OpenCV @16-11-2021 07:17:50.0790 AM
[ReportManager] Assertion [ValidateElementAttribute] PASSED. Expected [Value Should be 'DogCat' for the 'selectedText' attribute, element locator 'By.tagName: select'] and Actual [DogCat]. Comparison Type [EQUALS]. Validation Type [POSITIVE]. @16-11-2021 07:17:50.0954 AM
[ReportManager] Successfully created attachment [Screenshot - 1637047070790_multipleSelect_ValidateElementAttribute_passed] @16-11-2021 07:17:50.0955 AM
[ReportManager] Browser Action [CloseCurrentWindow] successfully performed. @16-11-2021 07:17:51.0099 AM
[ReportManager] Successfully created attachment [Browser Action Test Data - CloseCurrentWindow - Actual Value] @16-11-2021 07:17:51.0099 A

################################################################################################################################################
Starting Execution:	[144 out of 146] test cases in the current suite
Test Method:		[testPackage01.Test_SelectedValue.simpleSelect]
################################################################################################################################################
[ReportManager] File Action [GetAbsolutePath] successfully performed. With the following test data [Relative Folder Path: "target/downloadedFiles/"]. @16-11-2021 07:17:51.0240 AM
[ReportManager] Attempting to run locally on: [Mac-64], [GoogleChrome], Headless Execution. @16-11-2021 07:17:51.0240 AM
[ReportManager] Identifying OS/Driver combination and selecting the correct driver version automatically. Please note that if a new driver executable will be downloaded it may take some time... @16-11-2021 07:17:51.0240 AM
[ReportManager] Successfully Opened Google Chrome. @16-11-2021 07:17:51.0699 AM
[ReportManager] Initial window size: (1920, 1080) @16-11-2021 07:17:51.0702 AM
[ReportManager] Window size after SWD Maximize: (1920, 1080) @16-11-2021 07:17:51.0943 AM
[ReportManager] Window size after Toolkit: (1920, 1080) @16-11-2021 07:17:52.0316 AM
[ReportManager] Browser Action [MaximizeWindow] successfully performed. With the following test data [New screen size is now: (1920, 1080)]. @16-11-2021 07:17:52.0319 AM
[ReportManager] Target URL: [https://yari-demos.prod.mdn.mozit.cloud/en-US/docs/Web/HTML/Element/select/_sample_.Basic_select.html] @16-11-2021 07:17:52.0319 AM
[ReportManager] Initial URL: [data:,] @16-11-2021 07:17:52.0343 AM
[ReportManager] Browser Action [NavigateToURL] successfully performed. With the following test data [https://yari-demos.prod.mdn.mozit.cloud/en-US/docs/Web/HTML/Element/select/_sample_.Basic_select.html]. @16-11-2021 07:17:52.0520 AM
[ReportManager] Element Action [Select] successfully performed. With the following test data [Third Value]. @16-11-2021 07:17:52.0829 AM
[ReportManager] Element Action [GetSelectedText] successfully performed. With the following test data [Third Value]. @16-11-2021 07:17:52.0903 AM
[ReportManager] Third Value @16-11-2021 07:17:52.0903 AM
[ReportManager] Element Action [GetSelectedText] successfully performed. With the following test data [Third Value]. @16-11-2021 07:17:52.0970 AM
[ReportManager] Loaded Shared OpenCV @16-11-2021 07:17:53.0222 AM
[ReportManager] Assertion [ValidateElementAttribute] PASSED. Expected [Value Should be 'Third Value' for the 'selectedText' attribute, element locator 'By.tagName: select'] and Actual [Third Value]. Comparison Type [EQUALS]. Validation Type [POSITIVE]. @16-11-2021 07:17:53.0440 AM
[ReportManager] Successfully created attachment [Screenshot - 1637047073222_simpleSelect_ValidateElementAttribute_passed] @16-11-2021 07:17:53.0441 AM
[ReportManager] Browser Action [CloseCurrentWindow] successfully performed. @16-11-2021 07:17:53.0646 AM
[ReportManager] Successfully created attachment [Browser Action Test Data - CloseCurrentWindow - Actual Value] @16-11-2021 07:17:53.0646 A
[ReportManager] File Action [GetAbsolutePath] successfully performed. With the following test data [Relative Folder Path: "target/downloadedFiles/"]. @16-11-2021 07:17:53.0650 AM
[ReportManager] Attempting to run locally on: [Mac-64], [Safari], Headless Execution. @16-11-2021 07:17:53.0650 AM
[ReportManager] Successfully Opened Safari. @16-11-2021 07:17:54.0556 AM
[ReportManager] Initial window size: (800, 600) @16-11-2021 07:17:54.0566 AM
[ReportManager] Window size after SWD Maximize: (1176, 811) @16-11-2021 07:17:54.0585 AM
[ReportManager] Browser Action [MaximizeWindow] successfully performed. With the following test data [New screen size is now: (1176, 811)]. @16-11-2021 07:17:54.0586 A

################################################################################################################################################
Starting Execution:	[145 out of 146] test cases in the current suite
Test Method:		[testPackage01.Test_dynamicLoading.dynamicLoading_elementIsHidden]
################################################################################################################################################
[ReportManager] Target URL: [https://the-internet.herokuapp.com/dynamic_loading/1] @16-11-2021 07:17:54.0589 AM
[ReportManager] Initial URL: [] @16-11-2021 07:17:54.0668 AM
[ReportManager] Browser Action [NavigateToURL] successfully performed. With the following test data [https://the-internet.herokuapp.com/dynamic_loading/1]. @16-11-2021 07:17:55.0751 AM
[ReportManager] Element Action [Click] successfully performed. With the following test data [Start]. @16-11-2021 07:17:56.0002 AM
[ReportManager] Element Action [GetText] successfully performed. With the following test data [
    Hello World!
  ]. @16-11-2021 07:17:56.0030 A
[ReportManager] Browser Action [CloseCurrentWindow] successfully performed. @16-11-2021 07:17:56.0298 AM
[ReportManager] Successfully created attachment [Browser Action Test Data - CloseCurrentWindow - Actual Value] @16-11-2021 07:17:56.0298 A
[ReportManager] File Action [GetAbsolutePath] successfully performed. With the following test data [Relative Folder Path: "target/downloadedFiles/"]. @16-11-2021 07:17:56.0300 AM
[ReportManager] Attempting to run locally on: [Mac-64], [Safari], Headless Execution. @16-11-2021 07:17:56.0301 AM
[ReportManager] Successfully Opened Safari. @16-11-2021 07:17:57.0216 AM
[ReportManager] Initial window size: (800, 600) @16-11-2021 07:17:57.0224 AM
[ReportManager] Window size after SWD Maximize: (1176, 811) @16-11-2021 07:17:57.0246 AM
[ReportManager] Browser Action [MaximizeWindow] successfully performed. With the following test data [New screen size is now: (1176, 811)]. @16-11-2021 07:17:57.0247 A

################################################################################################################################################
Starting Execution:	[146 out of 146] test cases in the current suite
Test Method:		[testPackage01.Test_dynamicLoading.dynamicLoading_elementIsRendered]
################################################################################################################################################
[ReportManager] Target URL: [https://the-internet.herokuapp.com/dynamic_loading/2] @16-11-2021 07:17:57.0251 AM
[ReportManager] Initial URL: [] @16-11-2021 07:17:57.0330 AM
[ReportManager] Browser Action [NavigateToURL] successfully performed. With the following test data [https://the-internet.herokuapp.com/dynamic_loading/2]. @16-11-2021 07:17:58.0676 AM
[ReportManager] Element Action [Click] successfully performed. With the following test data [Start]. @16-11-2021 07:17:58.0969 A
[ReportManager] Browser Action [CloseCurrentWindow] successfully performed. @16-11-2021 07:17:59.0403 AM
[ReportManager] Successfully created attachment [Browser Action Test Data - CloseCurrentWindow - Actual Value] @16-11-2021 07:17:59.0403 A
[ReportManager] Successfully created attachment [SHAFT Engine Logs - Execution log] @16-11-2021 07:17:59.0433 AM

################################################################################################################################################
This test run was powered by SHAFT Engine Version: [SHAFT Engine v5.4.20211116-BETA]
SHAFT Engine is licensed under the MIT License: [https://github.com/MohabMohie/SHAFT_ENGINE/blob/master/LICENSE].
################################################################################################################################################