################################################################################################################################################
Detected SHAFT Engine Version: [SHAFT Engine v5.4.20211122-BETA]
################################################################################################################################################
[ReportManager] File Action [GetAbsolutePath] successfully performed. With the following test data [Relative Folder Path: "target/downloadedFiles/"]. @29-11-2021 01:50:26.0681 AM
[ReportManager] Attempting to run locally on: [Mac-64], [Safari], Headless Execution. @29-11-2021 01:50:26.0698 AM
[ReportManager] An Exception Occured with this Message: Could not start a new session. Possible causes are invalid address of the remote server or browser start-up failure.. @29-11-2021 01:50:28.0464 AM
[ReportManager] Successfully created attachment [Exception Stack Trace - org.openqa.selenium.SessionNotCreatedException] @29-11-2021 01:50:31.0093 AM
[ReportManager] Driver Factory Action [createNewLocalDriverInstanceForSafari] failed. With the following test data [Failed to create a session on DESKTOP_SAFARI]. @29-11-2021 01:50:31.0094 A

################################################################################################################################################
Starting Execution:	[1 out of 146] test cases in the current suite
Test Method:		[unitTests.tests_element_elementActions.waitForElementToBePresent_false_expectedToFail]
###############################################################################################################################################



################################################################################################################################################
Starting Execution:	[2 out of 146] test cases in the current suite
Test Method:		[unitTests.tests_element_elementActions.waitForElementToBePresent_false_expectedToPass]
###############################################################################################################################################



################################################################################################################################################
Starting Execution:	[3 out of 146] test cases in the current suite
Test Method:		[unitTests.tests_element_elementActions.waitForElementToBePresent_moreThanOneElement_expectedToFail]
###############################################################################################################################################



################################################################################################################################################
Starting Execution:	[4 out of 146] test cases in the current suite
Test Method:		[unitTests.tests_element_elementActions.waitForElementToBePresent_true_expectedToFail]
###############################################################################################################################################



################################################################################################################################################
Starting Execution:	[5 out of 146] test cases in the current suite
Test Method:		[unitTests.tests_element_elementActions.waitForElementToBePresent_true_expectedToPass]
###############################################################################################################################################

[ReportManager] File Action [GetAbsolutePath] successfully performed. With the following test data [Relative Folder Path: "target/downloadedFiles/"]. @29-11-2021 01:50:32.0163 AM
[ReportManager] Attempting to run locally on: [Mac-64], [Safari], Headless Execution. @29-11-2021 01:50:32.0164 AM
[ReportManager] An Exception Occured with this Message: Could not start a new session. Possible causes are invalid address of the remote server or browser start-up failure.. @29-11-2021 01:50:32.0842 AM
[ReportManager] Successfully created attachment [Exception Stack Trace - org.openqa.selenium.SessionNotCreatedException] @29-11-2021 01:50:36.0572 AM
[ReportManager] Driver Factory Action [createNewLocalDriverInstanceForSafari] failed. With the following test data [Failed to create a session on DESKTOP_SAFARI]. @29-11-2021 01:50:36.0573 A

################################################################################################################################################
Starting Execution:	[6 out of 146] test cases in the current suite
Test Method:		[unitTests.tests_browserActions.fullScreenWindow]
###############################################################################################################################################



################################################################################################################################################
Starting Execution:	[7 out of 146] test cases in the current suite
Test Method:		[unitTests.tests_browserActions.getCurrentURL]
###############################################################################################################################################



################################################################################################################################################
Starting Execution:	[8 out of 146] test cases in the current suite
Test Method:		[unitTests.tests_browserActions.getCurrentWindowTitle]
###############################################################################################################################################



################################################################################################################################################
Starting Execution:	[9 out of 146] test cases in the current suite
Test Method:		[unitTests.tests_browserActions.getPageSource]
###############################################################################################################################################



################################################################################################################################################
Starting Execution:	[10 out of 146] test cases in the current suite
Test Method:		[unitTests.tests_browserActions.getWindowHandle]
###############################################################################################################################################



################################################################################################################################################
Starting Execution:	[11 out of 146] test cases in the current suite
Test Method:		[unitTests.tests_browserActions.getWindowPosition]
###############################################################################################################################################



################################################################################################################################################
Starting Execution:	[12 out of 146] test cases in the current suite
Test Method:		[unitTests.tests_browserActions.getWindowSize]
###############################################################################################################################################



################################################################################################################################################
Starting Execution:	[13 out of 146] test cases in the current suite
Test Method:		[unitTests.tests_browserActions.maximizeWindow]
###############################################################################################################################################



################################################################################################################################################
Starting Execution:	[14 out of 146] test cases in the current suite
Test Method:		[unitTests.tests_browserActions.navigateBack]
###############################################################################################################################################



################################################################################################################################################
Starting Execution:	[15 out of 146] test cases in the current suite
Test Method:		[unitTests.tests_browserActions.navigateForward]
###############################################################################################################################################



################################################################################################################################################
Starting Execution:	[16 out of 146] test cases in the current suite
Test Method:		[unitTests.tests_browserActions.navigateToURL]
###############################################################################################################################################



################################################################################################################################################
Starting Execution:	[17 out of 146] test cases in the current suite
Test Method:		[unitTests.tests_browserActions.navigateToURLWithRedirection]
###############################################################################################################################################



################################################################################################################################################
Starting Execution:	[18 out of 146] test cases in the current suite
Test Method:		[unitTests.tests_browserActions.refreshCurrentPage]
###############################################################################################################################################



################################################################################################################################################
Starting Execution:	[19 out of 146] test cases in the current suite
Test Method:		[unitTests.tests_browserActions.setWindowSize]
###############################################################################################################################################

[ReportManager] Successfully loaded the following test data file [src/test/resources/testDataFiles/testSuite01/TestData.xlsx]. @29-11-2021 01:50:37.0994 AM
[ReportManager] Successfully created attachment [Test Data - Excel] @29-11-2021 01:50:37.0995 A

################################################################################################################################################
Starting Execution:	[20 out of 146] test cases in the current suite
Test Method:		[unitTests.tests_io_excelFileManager.getCellData_rowName_expectedToPass]
################################################################################################################################################
[ReportManager] testRowData. @29-11-2021 01:50:38.0009 A

################################################################################################################################################
Starting Execution:	[21 out of 146] test cases in the current suite
Test Method:		[unitTests.tests_validations_assertions.assertComparativeRelation_greaterThanOrEquals_false_equals_expectedToFail]
################################################################################################################################################
[ReportManager] Assertion [ValidateComparativeRelation] FAILED. Expected [1] and Actual [1]. Comparison Type [GREATER_THAN_OR_EQUALS]. Validation Type [NEGATIVE]. @29-11-2021 01:50:38.0027 A

################################################################################################################################################
Starting Execution:	[22 out of 146] test cases in the current suite
Test Method:		[unitTests.tests_validations_assertions.assertComparativeRelation_greaterThanOrEquals_false_equals_expectedToPass]
################################################################################################################################################
[ReportManager] Assertion [ValidateComparativeRelation] PASSED. Expected [2] and Actual [1]. Comparison Type [GREATER_THAN_OR_EQUALS]. Validation Type [NEGATIVE]. @29-11-2021 01:50:38.0032 A

################################################################################################################################################
Starting Execution:	[23 out of 146] test cases in the current suite
Test Method:		[unitTests.tests_validations_assertions.assertComparativeRelation_greaterThanOrEquals_false_greaterThan_expectedToFail]
################################################################################################################################################
[ReportManager] Assertion [ValidateComparativeRelation] FAILED. Expected [1] and Actual [2]. Comparison Type [GREATER_THAN_OR_EQUALS]. Validation Type [NEGATIVE]. @29-11-2021 01:50:38.0036 A

################################################################################################################################################
Starting Execution:	[24 out of 146] test cases in the current suite
Test Method:		[unitTests.tests_validations_assertions.assertComparativeRelation_greaterThanOrEquals_false_greaterThan_expectedToPass]
################################################################################################################################################
[ReportManager] Assertion [ValidateComparativeRelation] PASSED. Expected [2] and Actual [1]. Comparison Type [GREATER_THAN_OR_EQUALS]. Validation Type [NEGATIVE]. @29-11-2021 01:50:38.0044 A

################################################################################################################################################
Starting Execution:	[25 out of 146] test cases in the current suite
Test Method:		[unitTests.tests_validations_assertions.assertComparativeRelation_greaterThanOrEquals_true_equals_expectedToFail]
################################################################################################################################################
[ReportManager] Assertion [ValidateComparativeRelation] FAILED. Expected [1] and Actual [0]. Comparison Type [GREATER_THAN_OR_EQUALS]. Validation Type [POSITIVE]. @29-11-2021 01:50:38.0048 A

################################################################################################################################################
Starting Execution:	[26 out of 146] test cases in the current suite
Test Method:		[unitTests.tests_validations_assertions.assertComparativeRelation_greaterThanOrEquals_true_equals_expectedToPass]
################################################################################################################################################
[ReportManager] Assertion [ValidateComparativeRelation] PASSED. Expected [1] and Actual [1]. Comparison Type [GREATER_THAN_OR_EQUALS]. Validation Type [POSITIVE]. @29-11-2021 01:50:38.0052 A

################################################################################################################################################
Starting Execution:	[27 out of 146] test cases in the current suite
Test Method:		[unitTests.tests_validations_assertions.assertComparativeRelation_greaterThanOrEquals_true_greaterThan_expectedToFail]
################################################################################################################################################
[ReportManager] Assertion [ValidateComparativeRelation] FAILED. Expected [2] and Actual [1]. Comparison Type [GREATER_THAN_OR_EQUALS]. Validation Type [POSITIVE]. @29-11-2021 01:50:38.0070 A

################################################################################################################################################
Starting Execution:	[28 out of 146] test cases in the current suite
Test Method:		[unitTests.tests_validations_assertions.assertComparativeRelation_greaterThanOrEquals_true_greaterThan_expectedToPass]
################################################################################################################################################
[ReportManager] Assertion [ValidateComparativeRelation] PASSED. Expected [1] and Actual [2]. Comparison Type [GREATER_THAN_OR_EQUALS]. Validation Type [POSITIVE]. @29-11-2021 01:50:38.0079 A
[ReportManager] File Action [GetAbsolutePath] successfully performed. With the following test data [Relative Folder Path: "target/downloadedFiles/"]. @29-11-2021 01:50:38.0086 AM
[ReportManager] Attempting to run locally on: [Mac-64], [Safari], Headless Execution. @29-11-2021 01:50:38.0086 AM
[ReportManager] Successfully Opened Safari. @29-11-2021 01:50:45.0164 AM
[ReportManager] Initial window size: (800, 600) @29-11-2021 01:50:45.0184 AM
[ReportManager] Window size after SWD Maximize: (1176, 802) @29-11-2021 01:50:45.0236 AM
[ReportManager] Browser Action [MaximizeWindow] successfully performed. With the following test data [New screen size is now: (1176, 802)]. @29-11-2021 01:50:45.0237 AM
[ReportManager] Target URL: [https://www.google.com/ncr], and after redirection: [www.google.com] @29-11-2021 01:50:45.0250 AM
[ReportManager] Initial URL: [] @29-11-2021 01:50:45.0343 AM
[ReportManager] Browser Action [NavigateToURL] successfully performed. With the following test data [https://www.google.com/ncr]. @29-11-2021 01:50:48.0154 A

################################################################################################################################################
Starting Execution:	[29 out of 146] test cases in the current suite
Test Method:		[unitTests.tests_validations_assertions.assertElementAttribute_false_caseInsensitiveComparison_expectedToFail]
################################################################################################################################################
[ReportManager] Element Action [Type] successfully performed. With the following test data [AUTOMATION]. @29-11-2021 01:50:49.0461 AM
[ReportManager] Element Action [GetText] successfully performed. With the following test data [AUTOMATION]. @29-11-2021 01:50:49.0779 AM
[ReportManager] Loaded Shared OpenCV @29-11-2021 01:50:51.0670 AM
[ReportManager] Assertion [ValidateElementAttribute] FAILED. Expected [Value Should not be 'AutomaTion' for the 'text' attribute, element locator 'By.name: q'] and Actual [AUTOMATION]. Comparison Type [CASE_INSENSITIVE]. Validation Type [NEGATIVE]. @29-11-2021 01:50:52.0954 AM
[ReportManager] Successfully created attachment [Screenshot - 1638150649900_assertElementAttribute_false_caseInsensitiveComparison_expectedToFail_ValidateElementAttribute_failed] @29-11-2021 01:50:52.0984 A
[ReportManager] Browser Action [CloseCurrentWindow] successfully performed. @29-11-2021 01:50:53.0229 AM
[ReportManager] Successfully created attachment [Browser Action Test Data - CloseCurrentWindow - Actual Value] @29-11-2021 01:50:53.0232 A
[ReportManager] File Action [GetAbsolutePath] successfully performed. With the following test data [Relative Folder Path: "target/downloadedFiles/"]. @29-11-2021 01:50:53.0239 AM
[ReportManager] Attempting to run locally on: [Mac-64], [Safari], Headless Execution. @29-11-2021 01:50:53.0240 AM
[ReportManager] Successfully Opened Safari. @29-11-2021 01:50:54.0351 AM
[ReportManager] Initial window size: (800, 600) @29-11-2021 01:50:54.0379 AM
[ReportManager] Window size after SWD Maximize: (1176, 803) @29-11-2021 01:50:54.0498 AM
[ReportManager] Browser Action [MaximizeWindow] successfully performed. With the following test data [New screen size is now: (1176, 803)]. @29-11-2021 01:50:54.0498 AM
[ReportManager] Target URL: [https://www.google.com/ncr], and after redirection: [www.google.com] @29-11-2021 01:50:54.0499 AM
[ReportManager] Initial URL: [] @29-11-2021 01:50:54.0546 AM
[ReportManager] Browser Action [NavigateToURL] successfully performed. With the following test data [https://www.google.com/ncr]. @29-11-2021 01:50:55.0601 A

################################################################################################################################################
Starting Execution:	[30 out of 146] test cases in the current suite
Test Method:		[unitTests.tests_validations_assertions.assertElementAttribute_false_caseInsensitiveComparison_expectedToPass]
################################################################################################################################################
[ReportManager] Element Action [Type] successfully performed. With the following test data [AUTOMATION]. @29-11-2021 01:50:55.0795 AM
[ReportManager] Element Action [GetText] successfully performed. With the following test data [AUTOMATION]. @29-11-2021 01:50:55.0973 AM
[ReportManager] Loaded Shared OpenCV @29-11-2021 01:50:56.0056 AM
[ReportManager] Assertion [ValidateElementAttribute] PASSED. Expected [Value Should not be 'AutomaTion123' for the 'text' attribute, element locator 'By.name: q'] and Actual [AUTOMATION]. Comparison Type [CASE_INSENSITIVE]. Validation Type [NEGATIVE]. @29-11-2021 01:50:56.0322 AM
[ReportManager] Successfully created attachment [Screenshot - 1638150656056_assertElementAttribute_false_caseInsensitiveComparison_expectedToPass_ValidateElementAttribute_passed] @29-11-2021 01:50:56.0326 A
[ReportManager] Browser Action [CloseCurrentWindow] successfully performed. @29-11-2021 01:50:56.0397 AM
[ReportManager] Successfully created attachment [Browser Action Test Data - CloseCurrentWindow - Actual Value] @29-11-2021 01:50:56.0398 A
[ReportManager] File Action [GetAbsolutePath] successfully performed. With the following test data [Relative Folder Path: "target/downloadedFiles/"]. @29-11-2021 01:50:56.0404 AM
[ReportManager] Attempting to run locally on: [Mac-64], [Safari], Headless Execution. @29-11-2021 01:50:56.0405 AM
[ReportManager] An Exception Occured with this Message: Could not start a new session. Possible causes are invalid address of the remote server or browser start-up failure.. @29-11-2021 01:50:57.0175 AM
[ReportManager] Successfully created attachment [Exception Stack Trace - org.openqa.selenium.SessionNotCreatedException] @29-11-2021 01:50:57.0176 AM
[ReportManager] Driver Factory Action [createNewLocalDriverInstanceForSafari] failed. With the following test data [Failed to create a session on DESKTOP_SAFARI]. @29-11-2021 01:50:57.0176 A

################################################################################################################################################
Starting Execution:	[31 out of 146] test cases in the current suite
Test Method:		[unitTests.tests_validations_assertions.assertElementAttribute_false_containsComparison_expectedToFail]
###############################################################################################################################################



################################################################################################################################################
Starting Execution:	[32 out of 146] test cases in the current suite
Test Method:		[unitTests.tests_validations_assertions.assertElementAttribute_false_containsComparison_expectedToPass]
###############################################################################################################################################



################################################################################################################################################
Starting Execution:	[33 out of 146] test cases in the current suite
Test Method:		[unitTests.tests_validations_assertions.assertElementAttribute_false_literalComparison_expectedToFail]
###############################################################################################################################################



################################################################################################################################################
Starting Execution:	[34 out of 146] test cases in the current suite
Test Method:		[unitTests.tests_validations_assertions.assertElementAttribute_false_literalComparison_expectedToPass]
###############################################################################################################################################



################################################################################################################################################
Starting Execution:	[35 out of 146] test cases in the current suite
Test Method:		[unitTests.tests_validations_assertions.assertElementAttribute_false_regexComparison_expectedToFail]
###############################################################################################################################################



################################################################################################################################################
Starting Execution:	[36 out of 146] test cases in the current suite
Test Method:		[unitTests.tests_validations_assertions.assertElementAttribute_false_regexComparison_expectedToPass]
###############################################################################################################################################



################################################################################################################################################
Starting Execution:	[37 out of 146] test cases in the current suite
Test Method:		[unitTests.tests_validations_assertions.assertElementAttribute_true_caseInsensitiveComparison_expectedToFail]
###############################################################################################################################################



################################################################################################################################################
Starting Execution:	[38 out of 146] test cases in the current suite
Test Method:		[unitTests.tests_validations_assertions.assertElementAttribute_true_caseInsensitiveComparison_expectedToPass]
###############################################################################################################################################



################################################################################################################################################
Starting Execution:	[39 out of 146] test cases in the current suite
Test Method:		[unitTests.tests_validations_assertions.assertElementAttribute_true_containsComparison_expectedToFail]
###############################################################################################################################################



################################################################################################################################################
Starting Execution:	[40 out of 146] test cases in the current suite
Test Method:		[unitTests.tests_validations_assertions.assertElementAttribute_true_containsComparison_expectedToPass]
###############################################################################################################################################



################################################################################################################################################
Starting Execution:	[41 out of 146] test cases in the current suite
Test Method:		[unitTests.tests_validations_assertions.assertElementAttribute_true_literalComparison_expectedToFail]
###############################################################################################################################################



################################################################################################################################################
Starting Execution:	[42 out of 146] test cases in the current suite
Test Method:		[unitTests.tests_validations_assertions.assertElementAttribute_true_literalComparison_expectedToPass]
###############################################################################################################################################



################################################################################################################################################
Starting Execution:	[43 out of 146] test cases in the current suite
Test Method:		[unitTests.tests_validations_assertions.assertElementAttribute_true_regexComparison_expectedToFail]
###############################################################################################################################################



################################################################################################################################################
Starting Execution:	[44 out of 146] test cases in the current suite
Test Method:		[unitTests.tests_validations_assertions.assertElementAttribute_true_regexComparison_expectedToPass]
###############################################################################################################################################



################################################################################################################################################
Starting Execution:	[45 out of 146] test cases in the current suite
Test Method:		[unitTests.tests_validations_assertions.assertElementAttribute_type_true_literalComparison_expectedToPass]
###############################################################################################################################################



################################################################################################################################################
Starting Execution:	[46 out of 146] test cases in the current suite
Test Method:		[unitTests.tests_validations_assertions.assertElementExists_false_expectedToFail]
###############################################################################################################################################



################################################################################################################################################
Starting Execution:	[47 out of 146] test cases in the current suite
Test Method:		[unitTests.tests_validations_assertions.assertElementExists_false_expectedToPass]
###############################################################################################################################################



################################################################################################################################################
Starting Execution:	[48 out of 146] test cases in the current suite
Test Method:		[unitTests.tests_validations_assertions.assertElementExists_false_multipleElementsFound_expectedToFail]
###############################################################################################################################################



################################################################################################################################################
Starting Execution:	[49 out of 146] test cases in the current suite
Test Method:		[unitTests.tests_validations_assertions.assertElementExists_true_expectedToFail]
###############################################################################################################################################



################################################################################################################################################
Starting Execution:	[50 out of 146] test cases in the current suite
Test Method:		[unitTests.tests_validations_assertions.assertElementExists_true_expectedToPass]
###############################################################################################################################################



################################################################################################################################################
Starting Execution:	[51 out of 146] test cases in the current suite
Test Method:		[unitTests.tests_validations_assertions.assertElementExists_true_multipleElementsFound_expectedToFail]
###############################################################################################################################################


################################################################################################################################################
Starting Execution:	[52 out of 146] test cases in the current suite
Test Method:		[unitTests.tests_validations_assertions.assertEquals_false_expectedToFail]
###############################################################################################################################################

################################################################################################################################################
Starting Execution:	[53 out of 146] test cases in the current suite
Test Method:		[unitTests.tests_validations_assertions.assertEquals_false_expectedToPass]
###############################################################################################################################################

################################################################################################################################################
Starting Execution:	[54 out of 146] test cases in the current suite
Test Method:		[unitTests.tests_validations_assertions.assertEquals_longCharacters]
###############################################################################################################################################

################################################################################################################################################
Starting Execution:	[55 out of 146] test cases in the current suite
Test Method:		[unitTests.tests_validations_assertions.assertEquals_longCharacters_Discreet]
###############################################################################################################################################

################################################################################################################################################
Starting Execution:	[56 out of 146] test cases in the current suite
Test Method:		[unitTests.tests_validations_assertions.assertEquals_true_expectedToFail]
###############################################################################################################################################

################################################################################################################################################
Starting Execution:	[57 out of 146] test cases in the current suite
Test Method:		[unitTests.tests_validations_assertions.assertEquals_true_expectedToPass]
Test Description:	[Assert that assertEquals works as expected when the two values are equal.]
###############################################################################################################################################

################################################################################################################################################
Starting Execution:	[58 out of 146] test cases in the current suite
Test Method:		[unitTests.tests_validations_assertions.assertEquals_true_expectedToPass__]
###############################################################################################################################################

################################################################################################################################################
Starting Execution:	[59 out of 146] test cases in the current suite
Test Method:		[unitTests.tests_validations_assertions.assertFileExists_false_expectedToFail]
###############################################################################################################################################

################################################################################################################################################
Starting Execution:	[60 out of 146] test cases in the current suite
Test Method:		[unitTests.tests_validations_assertions.assertFileExists_false_expectedToPass]
###############################################################################################################################################

################################################################################################################################################
Starting Execution:	[61 out of 146] test cases in the current suite
Test Method:		[unitTests.tests_validations_assertions.assertFileExists_true_expectedToFail]
###############################################################################################################################################

################################################################################################################################################
Starting Execution:	[62 out of 146] test cases in the current suite
Test Method:		[unitTests.tests_validations_assertions.assertFileExists_true_expectedToPass]
###############################################################################################################################################

################################################################################################################################################
Starting Execution:	[63 out of 146] test cases in the current suite
Test Method:		[unitTests.tests_validations_assertions.assertNull_false_expectedToFail]
###############################################################################################################################################

################################################################################################################################################
Starting Execution:	[64 out of 146] test cases in the current suite
Test Method:		[unitTests.tests_validations_assertions.assertNull_false_expectedToPass]
###############################################################################################################################################

################################################################################################################################################
Starting Execution:	[65 out of 146] test cases in the current suite
Test Method:		[unitTests.tests_validations_assertions.assertNull_true_expectedToFail]
###############################################################################################################################################

################################################################################################################################################
Starting Execution:	[66 out of 146] test cases in the current suite
Test Method:		[unitTests.tests_validations_assertions.assertNull_true_expectedToPass]
###############################################################################################################################################

################################################################################################################################################
Starting Execution:	[67 out of 146] test cases in the current suite
Test Method:		[unitTests.tests_restActions.getPostsAndAssertBodyForSpecificTitle]
################################################################################################################################################
[ReportManager] Response status code: [200], status line: [HTTP/1.1 200 OK] @29-11-2021 01:50:59.0881 AM
[ReportManager] Assertion Passed: Evaluating the actual response status code against the expected one... @29-11-2021 01:50:59.0887 AM
[ReportManager] Assertion [ValidateComparativeRelation] PASSED. Expected [200] and Actual [200]. Comparison Type [EQUALS]. Validation Type [POSITIVE]. @29-11-2021 01:50:59.0887 AM
[ReportManager] API Action [PerformRequest] successfully performed. With the following test data [Request Type: "GET" | Target Status Code: "200" | Service URL: "https://jsonplaceholder.typicode.com/posts" | Content Type: "*/*" | Response Time: "750ms"]. @29-11-2021 01:51:00.0929 AM
[ReportManager] Successfully created attachment [API Request - Specifications] @29-11-2021 01:51:00.0930 AM
[ReportManager] Successfully created attachment [API Response - JSON Body] @29-11-2021 01:51:01.0166 AM
[ReportManager] API Action [GetResponseJSONValueAsList] successfully performed. @29-11-2021 01:51:01.0213 AM
[ReportManager] API Action [GetResponseJSONValue] successfully performed. With the following test data [title]. @29-11-2021 01:51:01.0241 AM
[ReportManager] API Action [GetResponseJSONValue] successfully performed. With the following test data [title]. @29-11-2021 01:51:01.0261 AM
[ReportManager] API Action [GetResponseJSONValue] successfully performed. With the following test data [body]. @29-11-2021 01:51:01.0282 AM
[ReportManager] Assertion [ValidateEquals] PASSED. Expected [qui neque nisi nulla] and Actual [est rerum tempore vitae
sequi sint nihil reprehenderit dolor beatae ea dolores neque
fugiat blanditiis voluptate porro vel nihil molestiae ut reiciendis
qui aperiam non debitis possimus qui neque nisi nulla]. Comparison Type [CONTAINS]. Validation Type [POSITIVE]. @29-11-2021 01:51:01.0283 AM
[ReportManager] API Action [GetResponseJSONValue] successfully performed. With the following test data [title]. @29-11-2021 01:51:01.0301 AM
[ReportManager] API Action [GetResponseJSONValue] successfully performed. With the following test data [title]. @29-11-2021 01:51:01.0324 AM
[ReportManager] API Action [GetResponseJSONValue] successfully performed. With the following test data [title]. @29-11-2021 01:51:01.0341 AM
[ReportManager] API Action [GetResponseJSONValue] successfully performed. With the following test data [title]. @29-11-2021 01:51:01.0359 AM
[ReportManager] API Action [GetResponseJSONValue] successfully performed. With the following test data [title]. @29-11-2021 01:51:01.0376 AM
[ReportManager] API Action [GetResponseJSONValue] successfully performed. With the following test data [title]. @29-11-2021 01:51:01.0396 AM
[ReportManager] API Action [GetResponseJSONValue] successfully performed. With the following test data [title]. @29-11-2021 01:51:01.0412 AM
[ReportManager] API Action [GetResponseJSONValue] successfully performed. With the following test data [title]. @29-11-2021 01:51:01.0428 AM
[ReportManager] API Action [GetResponseJSONValue] successfully performed. With the following test data [title]. @29-11-2021 01:51:01.0443 AM
[ReportManager] API Action [GetResponseJSONValue] successfully performed. With the following test data [title]. @29-11-2021 01:51:01.0459 AM
[ReportManager] API Action [GetResponseJSONValue] successfully performed. With the following test data [title]. @29-11-2021 01:51:01.0478 AM
[ReportManager] API Action [GetResponseJSONValue] successfully performed. With the following test data [title]. @29-11-2021 01:51:01.0501 AM
[ReportManager] API Action [GetResponseJSONValue] successfully performed. With the following test data [title]. @29-11-2021 01:51:01.0520 AM
[ReportManager] API Action [GetResponseJSONValue] successfully performed. With the following test data [title]. @29-11-2021 01:51:01.0537 AM
[ReportManager] API Action [GetResponseJSONValue] successfully performed. With the following test data [title]. @29-11-2021 01:51:01.0549 AM
[ReportManager] API Action [GetResponseJSONValue] successfully performed. With the following test data [title]. @29-11-2021 01:51:01.0561 AM
[ReportManager] API Action [GetResponseJSONValue] successfully performed. With the following test data [title]. @29-11-2021 01:51:01.0572 AM
[ReportManager] API Action [GetResponseJSONValue] successfully performed. With the following test data [title]. @29-11-2021 01:51:01.0585 AM
[ReportManager] API Action [GetResponseJSONValue] successfully performed. With the following test data [title]. @29-11-2021 01:51:01.0596 AM
[ReportManager] API Action [GetResponseJSONValue] successfully performed. With the following test data [title]. @29-11-2021 01:51:01.0608 AM
[ReportManager] API Action [GetResponseJSONValue] successfully performed. With the following test data [title]. @29-11-2021 01:51:01.0619 AM
[ReportManager] API Action [GetResponseJSONValue] successfully performed. With the following test data [title]. @29-11-2021 01:51:01.0631 AM
[ReportManager] API Action [GetResponseJSONValue] successfully performed. With the following test data [title]. @29-11-2021 01:51:01.0643 AM
[ReportManager] API Action [GetResponseJSONValue] successfully performed. With the following test data [title]. @29-11-2021 01:51:01.0655 AM
[ReportManager] API Action [GetResponseJSONValue] successfully performed. With the following test data [title]. @29-11-2021 01:51:01.0667 AM
[ReportManager] API Action [GetResponseJSONValue] successfully performed. With the following test data [title]. @29-11-2021 01:51:01.0679 AM
[ReportManager] API Action [GetResponseJSONValue] successfully performed. With the following test data [title]. @29-11-2021 01:51:01.0692 AM
[ReportManager] API Action [GetResponseJSONValue] successfully performed. With the following test data [title]. @29-11-2021 01:51:01.0705 AM
[ReportManager] API Action [GetResponseJSONValue] successfully performed. With the following test data [title]. @29-11-2021 01:51:01.0716 AM
[ReportManager] API Action [GetResponseJSONValue] successfully performed. With the following test data [title]. @29-11-2021 01:51:01.0728 AM
[ReportManager] API Action [GetResponseJSONValue] successfully performed. With the following test data [title]. @29-11-2021 01:51:01.0739 AM
[ReportManager] API Action [GetResponseJSONValue] successfully performed. With the following test data [title]. @29-11-2021 01:51:01.0750 AM
[ReportManager] API Action [GetResponseJSONValue] successfully performed. With the following test data [title]. @29-11-2021 01:51:01.0762 AM
[ReportManager] API Action [GetResponseJSONValue] successfully performed. With the following test data [title]. @29-11-2021 01:51:01.0774 AM
[ReportManager] API Action [GetResponseJSONValue] successfully performed. With the following test data [title]. @29-11-2021 01:51:01.0785 AM
[ReportManager] API Action [GetResponseJSONValue] successfully performed. With the following test data [title]. @29-11-2021 01:51:01.0796 AM
[ReportManager] API Action [GetResponseJSONValue] successfully performed. With the following test data [title]. @29-11-2021 01:51:01.0809 AM
[ReportManager] API Action [GetResponseJSONValue] successfully performed. With the following test data [title]. @29-11-2021 01:51:01.0821 AM
[ReportManager] API Action [GetResponseJSONValue] successfully performed. With the following test data [title]. @29-11-2021 01:51:01.0832 AM
[ReportManager] API Action [GetResponseJSONValue] successfully performed. With the following test data [title]. @29-11-2021 01:51:01.0843 AM
[ReportManager] API Action [GetResponseJSONValue] successfully performed. With the following test data [title]. @29-11-2021 01:51:01.0854 AM
[ReportManager] API Action [GetResponseJSONValue] successfully performed. With the following test data [title]. @29-11-2021 01:51:01.0864 AM
[ReportManager] API Action [GetResponseJSONValue] successfully performed. With the following test data [title]. @29-11-2021 01:51:01.0876 AM
[ReportManager] API Action [GetResponseJSONValue] successfully performed. With the following test data [title]. @29-11-2021 01:51:01.0888 AM
[ReportManager] API Action [GetResponseJSONValue] successfully performed. With the following test data [title]. @29-11-2021 01:51:01.0899 AM
[ReportManager] API Action [GetResponseJSONValue] successfully performed. With the following test data [title]. @29-11-2021 01:51:01.0910 AM
[ReportManager] API Action [GetResponseJSONValue] successfully performed. With the following test data [title]. @29-11-2021 01:51:01.0922 AM
[ReportManager] API Action [GetResponseJSONValue] successfully performed. With the following test data [title]. @29-11-2021 01:51:01.0934 AM
[ReportManager] API Action [GetResponseJSONValue] successfully performed. With the following test data [title]. @29-11-2021 01:51:01.0945 AM
[ReportManager] API Action [GetResponseJSONValue] successfully performed. With the following test data [title]. @29-11-2021 01:51:01.0956 AM
[ReportManager] API Action [GetResponseJSONValue] successfully performed. With the following test data [title]. @29-11-2021 01:51:01.0967 AM
[ReportManager] API Action [GetResponseJSONValue] successfully performed. With the following test data [title]. @29-11-2021 01:51:01.0989 AM
[ReportManager] API Action [GetResponseJSONValue] successfully performed. With the following test data [title]. @29-11-2021 01:51:02.0000 AM
[ReportManager] API Action [GetResponseJSONValue] successfully performed. With the following test data [title]. @29-11-2021 01:51:02.0011 AM
[ReportManager] API Action [GetResponseJSONValue] successfully performed. With the following test data [title]. @29-11-2021 01:51:02.0032 AM
[ReportManager] API Action [GetResponseJSONValue] successfully performed. With the following test data [title]. @29-11-2021 01:51:02.0045 AM
[ReportManager] API Action [GetResponseJSONValue] successfully performed. With the following test data [title]. @29-11-2021 01:51:02.0058 AM
[ReportManager] API Action [GetResponseJSONValue] successfully performed. With the following test data [title]. @29-11-2021 01:51:02.0071 AM
[ReportManager] API Action [GetResponseJSONValue] successfully performed. With the following test data [title]. @29-11-2021 01:51:02.0085 AM
[ReportManager] API Action [GetResponseJSONValue] successfully performed. With the following test data [title]. @29-11-2021 01:51:02.0119 AM
[ReportManager] API Action [GetResponseJSONValue] successfully performed. With the following test data [title]. @29-11-2021 01:51:02.0132 AM
[ReportManager] API Action [GetResponseJSONValue] successfully performed. With the following test data [title]. @29-11-2021 01:51:02.0145 AM
[ReportManager] API Action [GetResponseJSONValue] successfully performed. With the following test data [title]. @29-11-2021 01:51:02.0159 AM
[ReportManager] API Action [GetResponseJSONValue] successfully performed. With the following test data [title]. @29-11-2021 01:51:02.0173 AM
[ReportManager] API Action [GetResponseJSONValue] successfully performed. With the following test data [title]. @29-11-2021 01:51:02.0186 AM
[ReportManager] API Action [GetResponseJSONValue] successfully performed. With the following test data [title]. @29-11-2021 01:51:02.0200 AM
[ReportManager] API Action [GetResponseJSONValue] successfully performed. With the following test data [title]. @29-11-2021 01:51:02.0213 AM
[ReportManager] API Action [GetResponseJSONValue] successfully performed. With the following test data [title]. @29-11-2021 01:51:02.0227 AM
[ReportManager] API Action [GetResponseJSONValue] successfully performed. With the following test data [title]. @29-11-2021 01:51:02.0240 AM
[ReportManager] API Action [GetResponseJSONValue] successfully performed. With the following test data [title]. @29-11-2021 01:51:02.0254 AM
[ReportManager] API Action [GetResponseJSONValue] successfully performed. With the following test data [title]. @29-11-2021 01:51:02.0266 AM
[ReportManager] API Action [GetResponseJSONValue] successfully performed. With the following test data [title]. @29-11-2021 01:51:02.0280 AM
[ReportManager] API Action [GetResponseJSONValue] successfully performed. With the following test data [title]. @29-11-2021 01:51:02.0294 AM
[ReportManager] API Action [GetResponseJSONValue] successfully performed. With the following test data [title]. @29-11-2021 01:51:02.0307 AM
[ReportManager] API Action [GetResponseJSONValue] successfully performed. With the following test data [title]. @29-11-2021 01:51:02.0321 AM
[ReportManager] API Action [GetResponseJSONValue] successfully performed. With the following test data [title]. @29-11-2021 01:51:02.0334 AM
[ReportManager] API Action [GetResponseJSONValue] successfully performed. With the following test data [title]. @29-11-2021 01:51:02.0349 AM
[ReportManager] API Action [GetResponseJSONValue] successfully performed. With the following test data [title]. @29-11-2021 01:51:02.0362 AM
[ReportManager] API Action [GetResponseJSONValue] successfully performed. With the following test data [title]. @29-11-2021 01:51:02.0376 AM
[ReportManager] API Action [GetResponseJSONValue] successfully performed. With the following test data [title]. @29-11-2021 01:51:02.0389 AM
[ReportManager] API Action [GetResponseJSONValue] successfully performed. With the following test data [title]. @29-11-2021 01:51:02.0402 AM
[ReportManager] API Action [GetResponseJSONValue] successfully performed. With the following test data [title]. @29-11-2021 01:51:02.0415 AM
[ReportManager] API Action [GetResponseJSONValue] successfully performed. With the following test data [title]. @29-11-2021 01:51:02.0429 AM
[ReportManager] API Action [GetResponseJSONValue] successfully performed. With the following test data [title]. @29-11-2021 01:51:02.0442 AM
[ReportManager] API Action [GetResponseJSONValue] successfully performed. With the following test data [title]. @29-11-2021 01:51:02.0454 AM
[ReportManager] API Action [GetResponseJSONValue] successfully performed. With the following test data [title]. @29-11-2021 01:51:02.0466 AM
[ReportManager] API Action [GetResponseJSONValue] successfully performed. With the following test data [title]. @29-11-2021 01:51:02.0478 AM
[ReportManager] API Action [GetResponseJSONValue] successfully performed. With the following test data [title]. @29-11-2021 01:51:02.0491 AM
[ReportManager] API Action [GetResponseJSONValue] successfully performed. With the following test data [title]. @29-11-2021 01:51:02.0503 AM
[ReportManager] API Action [GetResponseJSONValue] successfully performed. With the following test data [title]. @29-11-2021 01:51:02.0515 AM
[ReportManager] API Action [GetResponseJSONValue] successfully performed. With the following test data [title]. @29-11-2021 01:51:02.0527 AM
[ReportManager] API Action [GetResponseJSONValue] successfully performed. With the following test data [title]. @29-11-2021 01:51:02.0539 AM
[ReportManager] API Action [GetResponseJSONValue] successfully performed. With the following test data [title]. @29-11-2021 01:51:02.0551 AM
[ReportManager] API Action [GetResponseJSONValue] successfully performed. With the following test data [title]. @29-11-2021 01:51:02.0563 AM
[ReportManager] API Action [GetResponseJSONValue] successfully performed. With the following test data [title]. @29-11-2021 01:51:02.0575 AM
[ReportManager] API Action [GetResponseJSONValue] successfully performed. With the following test data [title]. @29-11-2021 01:51:02.0587 AM
[ReportManager] API Action [GetResponseJSONValue] successfully performed. With the following test data [title]. @29-11-2021 01:51:02.0598 AM
[ReportManager] API Action [GetResponseJSONValue] successfully performed. With the following test data [title]. @29-11-2021 01:51:02.0614 A

################################################################################################################################################
Starting Execution:	[68 out of 146] test cases in the current suite
Test Method:		[unitTests.tests_restActions.validateUserEmail]
################################################################################################################################################
[ReportManager] Response status code: [200], status line: [HTTP/1.1 200 OK] @29-11-2021 01:51:02.0753 AM
[ReportManager] Assertion Passed: Evaluating the actual response status code against the expected one... @29-11-2021 01:51:02.0754 AM
[ReportManager] Assertion [ValidateComparativeRelation] PASSED. Expected [200] and Actual [200]. Comparison Type [EQUALS]. Validation Type [POSITIVE]. @29-11-2021 01:51:02.0754 AM
[ReportManager] API Action [PerformRequest] successfully performed. With the following test data [Request Type: "GET" | Target Status Code: "200" | Service URL: "https://jsonplaceholder.typicode.com/users" | Content Type: "*/*" | Response Time: "123ms"]. @29-11-2021 01:51:02.0781 AM
[ReportManager] Successfully created attachment [API Request - Specifications] @29-11-2021 01:51:02.0782 AM
[ReportManager] Successfully created attachment [API Response - JSON Body] @29-11-2021 01:51:02.0783 AM
[ReportManager] Assertion [ValidateEquals] PASSED. Expected and Actual values are attached. Comparison Type [CONTAINS]. Validation Type [POSITIVE]. @29-11-2021 01:51:02.0783 AM
[ReportManager] Successfully created attachment [Validation Test Data - Expected Value] @29-11-2021 01:51:02.0784 AM
[ReportManager] Successfully created attachment [Validation Test Data - Actual Value] @29-11-2021 01:51:02.0784 AM
[ReportManager] API Action [GetResponseJSONValueAsList] successfully performed. With the following test data [$]. @29-11-2021 01:51:02.0794 AM
[ReportManager] API Action [GetResponseJSONValue] successfully performed. With the following test data [name]. @29-11-2021 01:51:02.0808 AM
[ReportManager] API Action [GetResponseJSONValue] successfully performed. With the following test data [email]. @29-11-2021 01:51:02.0821 AM
[ReportManager] Assertion [ValidateEquals] PASSED. Expected [Sincere@april.biz] and Actual [Sincere@april.biz]. Comparison Type [EQUALS]. Validation Type [POSITIVE]. @29-11-2021 01:51:02.0821 AM
[ReportManager] API Action [GetResponseJSONValue] successfully performed. With the following test data [name]. @29-11-2021 01:51:02.0834 AM
[ReportManager] API Action [GetResponseJSONValue] successfully performed. With the following test data [name]. @29-11-2021 01:51:02.0848 AM
[ReportManager] API Action [GetResponseJSONValue] successfully performed. With the following test data [name]. @29-11-2021 01:51:02.0860 AM
[ReportManager] API Action [GetResponseJSONValue] successfully performed. With the following test data [name]. @29-11-2021 01:51:02.0872 AM
[ReportManager] API Action [GetResponseJSONValue] successfully performed. With the following test data [name]. @29-11-2021 01:51:02.0885 AM
[ReportManager] API Action [GetResponseJSONValue] successfully performed. With the following test data [name]. @29-11-2021 01:51:02.0899 AM
[ReportManager] API Action [GetResponseJSONValue] successfully performed. With the following test data [name]. @29-11-2021 01:51:02.0915 AM
[ReportManager] API Action [GetResponseJSONValue] successfully performed. With the following test data [name]. @29-11-2021 01:51:02.0928 AM
[ReportManager] API Action [GetResponseJSONValue] successfully performed. With the following test data [name]. @29-11-2021 01:51:02.0940 A
[ReportManager] File Action [GetAbsolutePath] successfully performed. With the following test data [Relative Folder Path: "target/downloadedFiles/"]. @29-11-2021 01:51:02.0944 AM
[ReportManager] Attempting to run locally on: [Mac-64], [Safari], Headless Execution. @29-11-2021 01:51:02.0946 AM
[ReportManager] Successfully Opened Safari. @29-11-2021 01:51:03.0834 AM
[ReportManager] Initial window size: (800, 600) @29-11-2021 01:51:03.0865 AM
[ReportManager] Window size after SWD Maximize: (1176, 803) @29-11-2021 01:51:03.0898 AM
[ReportManager] Browser Action [MaximizeWindow] successfully performed. With the following test data [New screen size is now: (1176, 803)]. @29-11-2021 01:51:03.0899 A

################################################################################################################################################
Starting Execution:	[69 out of 146] test cases in the current suite
Test Method:		[testPackage01.Test_uploadFile.uploadFile_invisibleUploadInput]
################################################################################################################################################
[ReportManager] Target URL: [https://fineuploader.com/demos.html#gallery-view] @29-11-2021 01:51:03.0902 AM
[ReportManager] Initial URL: [] @29-11-2021 01:51:03.0984 AM
[ReportManager] Browser Action [NavigateToURL] successfully performed. With the following test data [https://fineuploader.com/demos.html#gallery-view]. @29-11-2021 01:51:06.0494 AM
[ReportManager] File Action [GetAbsolutePath] successfully performed. With the following test data [Relative File Path: "src/main/resources/images/shaft.png"]. @29-11-2021 01:51:06.0495 AM
[ReportManager] Successfully created attachment [File Action Actual Result - Command Log] @29-11-2021 01:51:06.0496 AM
[ReportManager] Element Action [TypeFileLocationForUpload] successfully performed. With the following test data [/Users/runner/work/SHAFT_ENGINE/SHAFT_ENGINE/src/main/resources/images/shaft.png]. @29-11-2021 01:51:06.0546 AM
[ReportManager] Attempting to getAttribute [src] from elementLocator [By.xpath: //div[@id='fine-uploader-gallery']//div[@class='qq-thumbnail-wrapper']/img]. @29-11-2021 01:51:06.0549 AM
[ReportManager] Element Action [GetAttribute] successfully performed. @29-11-2021 01:51:06.0665 AM
[ReportManager] Successfully created attachment [Element Action Test Data - GetAttribute - Actual Value] @29-11-2021 01:51:06.0666 AM
[ReportManager] Loaded Shared OpenCV @29-11-2021 01:51:06.0782 AM
[ReportManager] Assertion Passed: Then I Assert that the element found by [By.xpath: //div[@id='fine-uploader-gallery']//div[@class='qq-thumbnail-wrapper']/img] attribute [src] contains [data:image/png;base64]. @29-11-2021 01:51:06.0921 AM
[ReportManager] Successfully created attachment [Validation Test Data - Expected Value] @29-11-2021 01:51:06.0922 AM
[ReportManager] Successfully created attachment [Validation Test Data - Actual Value] @29-11-2021 01:51:06.0922 AM
[ReportManager] Successfully created attachment [Screenshot - 1638150666782_uploadFile_invisibleUploadInput_ValidateElementAttribute_passed] @29-11-2021 01:51:06.0926 AM
[ReportManager] Assertion [ValidateElementAttribute] PASSED. Expected and Actual values are attached. Comparison Type [CONTAINS]. Validation Type [POSITIVE]. @29-11-2021 01:51:06.0926 A
[ReportManager] Browser Action [CloseCurrentWindow] successfully performed. @29-11-2021 01:51:07.0229 AM
[ReportManager] Successfully created attachment [Browser Action Test Data - CloseCurrentWindow - Actual Value] @29-11-2021 01:51:07.0231 A
[ReportManager] File Action [GetAbsolutePath] successfully performed. With the following test data [Relative Folder Path: "target/downloadedFiles/"]. @29-11-2021 01:51:07.0235 AM
[ReportManager] Attempting to run locally on: [Mac-64], [Safari], Headless Execution. @29-11-2021 01:51:07.0236 AM
[ReportManager] Successfully Opened Safari. @29-11-2021 01:51:08.0216 AM
[ReportManager] Initial window size: (800, 600) @29-11-2021 01:51:08.0250 AM
[ReportManager] Window size after SWD Maximize: (1176, 803) @29-11-2021 01:51:08.0297 AM
[ReportManager] Browser Action [MaximizeWindow] successfully performed. With the following test data [New screen size is now: (1176, 803)]. @29-11-2021 01:51:08.0298 A

################################################################################################################################################
Starting Execution:	[70 out of 146] test cases in the current suite
Test Method:		[testPackage01.Test_uploadFile.uploadFile_visibleUploadInput]
################################################################################################################################################
[ReportManager] Target URL: [http://demo.guru99.com/test/upload/] @29-11-2021 01:51:08.0302 AM
[ReportManager] Initial URL: [] @29-11-2021 01:51:08.0400 AM
[ReportManager] Browser Action [NavigateToURL] successfully performed. With the following test data [http://demo.guru99.com/test/upload/]. @29-11-2021 01:51:10.0136 AM
[ReportManager] File Action [GetAbsolutePath] successfully performed. With the following test data [Relative Folder Path: "src/main/resources/images/shaft.png"]. @29-11-2021 01:51:10.0136 AM
[ReportManager] Element Action [TypeFileLocationForUpload] successfully performed. With the following test data [/Users/runner/work/SHAFT_ENGINE/SHAFT_ENGINE/src/main/resources/images/shaft.png]. @29-11-2021 01:51:10.0197 AM
[ReportManager] Element Action [Click] successfully performed. With the following test data [By.id: terms]. @29-11-2021 01:51:10.0452 AM
[ReportManager] Element Action [Click] successfully performed. With the following test data [By.id: submitbutton]. @29-11-2021 01:51:10.0681 AM
[ReportManager] Element Action [GetText] successfully performed. With the following test data [1 file has been successfully uploaded.]. @29-11-2021 01:51:11.0401 AM
[ReportManager] Loaded Shared OpenCV @29-11-2021 01:51:11.0467 AM
[ReportManager] Assertion Passed: Then I Assert that the element found by [By.id: res] attribute [Text] contains [1 file]. @29-11-2021 01:51:11.0570 AM
[ReportManager] Successfully created attachment [Screenshot - 1638150671466_uploadFile_visibleUploadInput_ValidateElementAttribute_passed] @29-11-2021 01:51:11.0571 AM
[ReportManager] Assertion [ValidateElementAttribute] PASSED. Expected [Value Should be '1 file' for the 'Text' attribute, element locator 'By.id: res'] and Actual [1 file has been successfully uploaded.]. Comparison Type [CONTAINS]. Validation Type [POSITIVE]. @29-11-2021 01:51:11.0571 A
[ReportManager] Browser Action [CloseCurrentWindow] successfully performed. @29-11-2021 01:51:11.0968 AM
[ReportManager] Successfully created attachment [Browser Action Test Data - CloseCurrentWindow - Actual Value] @29-11-2021 01:51:11.0969 A

################################################################################################################################################
Starting Execution:	[71 out of 146] test cases in the current suite
Test Method:		[testPackage01.Test_AssertApiResponseEquals.assertApiResponseEquals_expectedToPass]
################################################################################################################################################
[ReportManager] Response status code: [200], status line: [HTTP/1.1 200 OK] @29-11-2021 01:51:12.0101 AM
[ReportManager] Assertion Passed: Evaluating the actual response status code against the expected one... @29-11-2021 01:51:12.0101 AM
[ReportManager] Assertion [ValidateComparativeRelation] PASSED. Expected [200] and Actual [200]. Comparison Type [EQUALS]. Validation Type [POSITIVE]. @29-11-2021 01:51:12.0101 AM
[ReportManager] API Action [PerformRequest] successfully performed. With the following test data [Request Type: "GET" | Target Status Code: "200" | Service URL: "https://jsonplaceholder.typicode.com/users" | Content Type: "*/*" | Response Time: "123ms"]. @29-11-2021 01:51:12.0124 AM
[ReportManager] Successfully created attachment [API Request - Specifications] @29-11-2021 01:51:12.0124 AM
[ReportManager] Successfully created attachment [API Response - JSON Body] @29-11-2021 01:51:12.0125 AM
[ReportManager] API Action [GetResponseJSONValueAsList] successfully performed. With the following test data [$]. @29-11-2021 01:51:12.0134 AM
[ReportManager] API Action [GetResponseJSONValue] successfully performed. With the following test data [name]. @29-11-2021 01:51:12.0152 AM
[ReportManager] API Action [GetResponseJSONValue] successfully performed. With the following test data [email]. @29-11-2021 01:51:12.0166 AM
[ReportManager] Verification [ValidateEquals] PASSED. Expected [Sincere@april.biz] and Actual [Sincere@april.biz]. Comparison Type [EQUALS]. Validation Type [POSITIVE]. @29-11-2021 01:51:12.0166 AM
[ReportManager] API Action [GetResponseJSONValue] successfully performed. With the following test data [username]. @29-11-2021 01:51:12.0177 AM
[ReportManager] Assertion [ValidateEquals] PASSED. Expected [Bret] and Actual [Bret]. Comparison Type [EQUALS]. Validation Type [POSITIVE]. @29-11-2021 01:51:12.0177 AM
[ReportManager] API Action [GetResponseJSONValue] successfully performed. With the following test data [name]. @29-11-2021 01:51:12.0188 AM
[ReportManager] API Action [GetResponseJSONValue] successfully performed. With the following test data [name]. @29-11-2021 01:51:12.0199 AM
[ReportManager] API Action [GetResponseJSONValue] successfully performed. With the following test data [name]. @29-11-2021 01:51:12.0210 AM
[ReportManager] API Action [GetResponseJSONValue] successfully performed. With the following test data [name]. @29-11-2021 01:51:12.0221 AM
[ReportManager] API Action [GetResponseJSONValue] successfully performed. With the following test data [name]. @29-11-2021 01:51:12.0233 AM
[ReportManager] API Action [GetResponseJSONValue] successfully performed. With the following test data [name]. @29-11-2021 01:51:12.0243 AM
[ReportManager] API Action [GetResponseJSONValue] successfully performed. With the following test data [name]. @29-11-2021 01:51:12.0255 AM
[ReportManager] API Action [GetResponseJSONValue] successfully performed. With the following test data [name]. @29-11-2021 01:51:12.0269 AM
[ReportManager] API Action [GetResponseJSONValue] successfully performed. With the following test data [name]. @29-11-2021 01:51:12.0284 A

################################################################################################################################################
Starting Execution:	[72 out of 146] test cases in the current suite
Test Method:		[testPackage01.Test_testData.f]
################################################################################################################################################
[ReportManager] Successfully loaded the following test data file [src/test/resources/testDataFiles/testSuite01/TestData.xlsx]. @29-11-2021 01:51:12.0324 AM
[ReportManager] Successfully created attachment [Test Data - Excel] @29-11-2021 01:51:12.0324 AM
[ReportManager] Last Column Number is: [3]. Zero-based. @29-11-2021 01:51:12.0325 A

################################################################################################################################################
Starting Execution:	[73 out of 146] test cases in the current suite
Test Method:		[testPackage01.Test_PDF.testPDF1]
################################################################################################################################################
[ReportManager] File Action [DoesFileExist] successfully performed. With the following test data [File Path: "src/test/resources/testDataFiles/sample.pdf"]. @29-11-2021 01:51:12.0332 AM
[ReportManager] File Action [GetAbsolutePath] successfully performed. With the following test data [Relative Folder Path: "src/test/resources/testDataFiles/sample.pdf"]. @29-11-2021 01:51:12.0333 AM
[ReportManager] Assertion Passed: Checking to see that the pdf file contains [A Simple PDF File] @29-11-2021 01:51:16.0655 AM
[ReportManager] Successfully created attachment [Validation Test Data - Expected Value] @29-11-2021 01:51:16.0656 AM
[ReportManager] Successfully created attachment [Validation Test Data - Actual Value] @29-11-2021 01:51:16.0656 AM
[ReportManager] Assertion [ValidateEquals] PASSED. Expected and Actual values are attached. Comparison Type [CONTAINS]. Validation Type [POSITIVE]. @29-11-2021 01:51:16.0657 A

################################################################################################################################################
Starting Execution:	[74 out of 146] test cases in the current suite
Test Method:		[testPackage01.Test_PDF.testPDF2]
################################################################################################################################################
[ReportManager] File Action [DoesFileExist] successfully performed. With the following test data [File Path: "src/test/resources/testDataFiles/sample.pdf"]. @29-11-2021 01:51:16.0663 AM
[ReportManager] File Action [GetAbsolutePath] successfully performed. With the following test data [Relative Folder Path: "src/test/resources/testDataFiles/sample.pdf"]. @29-11-2021 01:51:16.0663 AM
[ReportManager] Assertion Passed: Checking to see that the pdf file contains [A Simple PDF File] @29-11-2021 01:51:16.0679 AM
[ReportManager] Successfully created attachment [Validation Test Data - Expected Value] @29-11-2021 01:51:16.0680 AM
[ReportManager] Successfully created attachment [Validation Test Data - Actual Value] @29-11-2021 01:51:16.0680 AM
[ReportManager] Assertion [ValidateEquals] PASSED. Expected and Actual values are attached. Comparison Type [CONTAINS]. Validation Type [POSITIVE]. @29-11-2021 01:51:16.0680 A
[ReportManager] File Action [GetAbsolutePath] successfully performed. With the following test data [Relative Folder Path: "target/downloadedFiles/"]. @29-11-2021 01:51:16.0683 AM
[ReportManager] Attempting to run locally on: [Mac-64], [Safari], Headless Execution. @29-11-2021 01:51:16.0683 AM
[ReportManager] Successfully Opened Safari. @29-11-2021 01:51:17.0607 AM
[ReportManager] Initial window size: (800, 600) @29-11-2021 01:51:17.0626 AM
[ReportManager] Window size after SWD Maximize: (1176, 803) @29-11-2021 01:51:17.0649 AM
[ReportManager] Browser Action [MaximizeWindow] successfully performed. With the following test data [New screen size is now: (1176, 803)]. @29-11-2021 01:51:17.0649 A

################################################################################################################################################
Starting Execution:	[75 out of 146] test cases in the current suite
Test Method:		[testPackage01.Test_ShadowDOM.shadowdom]
################################################################################################################################################
[ReportManager] Target URL: [https://mdn.github.io/web-components-examples/popup-info-box-web-component/] @29-11-2021 01:51:17.0652 AM
[ReportManager] Initial URL: [] @29-11-2021 01:51:17.0750 AM
[ReportManager] Browser Action [NavigateToURL] successfully performed. With the following test data [https://mdn.github.io/web-components-examples/popup-info-box-web-component/]. @29-11-2021 01:51:18.0431 AM
[ReportManager] Element Action [Type] successfully performed. With the following test data [Typing into SHADOW DOM...]. @29-11-2021 01:51:18.0897 AM
[ReportManager] Element Action [GetText] successfully performed. With the following test data [Typing into SHADOW DOM...]. @29-11-2021 01:51:18.0997 AM
[ReportManager] Loaded Shared OpenCV @29-11-2021 01:51:19.0068 AM
[ReportManager] Assertion [ValidateElementAttribute] PASSED. Expected [Value Should be 'Typing into SHADOW DOM...' for the 'Text' attribute, element locator 'By.id: cvc'] and Actual [Typing into SHADOW DOM...]. Comparison Type [EQUALS]. Validation Type [POSITIVE]. @29-11-2021 01:51:19.0307 AM
[ReportManager] Successfully created attachment [Screenshot - 1638150679067_shadowdom_ValidateElementAttribute_passed] @29-11-2021 01:51:19.0307 A
[ReportManager] Browser Action [CloseCurrentWindow] successfully performed. @29-11-2021 01:51:19.0421 AM
[ReportManager] Successfully created attachment [Browser Action Test Data - CloseCurrentWindow - Actual Value] @29-11-2021 01:51:19.0421 A
[ReportManager] File Action [GetAbsolutePath] successfully performed. With the following test data [Relative Folder Path: "target/downloadedFiles/"]. @29-11-2021 01:51:19.0423 AM
[ReportManager] Attempting to run locally on: [Mac-64], [Safari], Headless Execution. @29-11-2021 01:51:19.0423 AM
[ReportManager] Successfully Opened Safari. @29-11-2021 01:51:20.0361 AM
[ReportManager] Initial window size: (800, 600) @29-11-2021 01:51:20.0383 AM
[ReportManager] Window size after SWD Maximize: (1176, 803) @29-11-2021 01:51:20.0413 AM
[ReportManager] Browser Action [MaximizeWindow] successfully performed. With the following test data [New screen size is now: (1176, 803)]. @29-11-2021 01:51:20.0413 A

################################################################################################################################################
Starting Execution:	[76 out of 146] test cases in the current suite
Test Method:		[testPackage01.Test_clipboardActions.typeTextAndCopyPaste]
################################################################################################################################################
[ReportManager] Target URL: [https://www.google.com/ncr], and after redirection: [https://www.google.com] @29-11-2021 01:51:20.0416 AM
[ReportManager] Initial URL: [] @29-11-2021 01:51:20.0453 AM
[ReportManager] Browser Action [NavigateToURL] successfully performed. With the following test data [https://www.google.com/ncr]. @29-11-2021 01:51:21.0754 AM
[ReportManager] Element Action [Type] successfully performed. With the following test data [FIRST]. @29-11-2021 01:51:21.0879 A
[ReportManager] Browser Action [CloseCurrentWindow] successfully performed. @29-11-2021 01:51:22.0275 AM
[ReportManager] Successfully created attachment [Browser Action Test Data - CloseCurrentWindow - Actual Value] @29-11-2021 01:51:22.0276 A

################################################################################################################################################
Starting Execution:	[77 out of 146] test cases in the current suite
Test Method:		[testPackage01.Test_NewValidationHelper.f1]
################################################################################################################################################
[ReportManager] Assertion Passed: Checking valid user data @29-11-2021 01:51:22.0280 AM
[ReportManager] Successfully created attachment [Validation Test Data - Expected Value] @29-11-2021 01:51:22.0281 AM
[ReportManager] Successfully created attachment [Validation Test Data - Actual Value] @29-11-2021 01:51:22.0281 AM
[ReportManager] Assertion [ValidateEquals] PASSED. Expected and Actual values are attached. Comparison Type [EQUALS]. Validation Type [POSITIVE]. @29-11-2021 01:51:22.0281 A
[ReportManager] File Action [GetAbsolutePath] successfully performed. With the following test data [Relative Folder Path: "target/downloadedFiles/"]. @29-11-2021 01:51:22.0284 AM
[ReportManager] Attempting to run locally on: [Mac-64], [Safari], Headless Execution. @29-11-2021 01:51:22.0284 AM
[ReportManager] Successfully Opened Safari. @29-11-2021 01:51:23.0115 AM
[ReportManager] Initial window size: (800, 600) @29-11-2021 01:51:23.0137 AM
[ReportManager] Window size after SWD Maximize: (1176, 803) @29-11-2021 01:51:23.0152 AM
[ReportManager] Browser Action [MaximizeWindow] successfully performed. With the following test data [New screen size is now: (1176, 803)]. @29-11-2021 01:51:23.0152 AM
[ReportManager] Target URL: [https://the-internet.herokuapp.com/] @29-11-2021 01:51:23.0152 AM
[ReportManager] Initial URL: [] @29-11-2021 01:51:23.0202 AM
[ReportManager] Browser Action [NavigateToURL] successfully performed. With the following test data [https://the-internet.herokuapp.com/]. @29-11-2021 01:51:24.0400 A

################################################################################################################################################
Starting Execution:	[78 out of 146] test cases in the current suite
Test Method:		[testPackage01.Test_NewValidationHelper.f10]
################################################################################################################################################
[ReportManager] Loaded Shared OpenCV @29-11-2021 01:51:24.0504 AM
[ReportManager] Assertion [ValidateElementExists] FAILED. Expected [Element Should Exist, locator 'By.tagName: div'] and Actual [Element Exists but is not unique]. Comparison Type [EQUALS]. Validation Type [POSITIVE]. @29-11-2021 01:51:24.0629 AM
[ReportManager] Successfully created attachment [Screenshot - 1638150684503_f10_ValidateElementExists_failed] @29-11-2021 01:51:24.0631 A
[ReportManager] Successfully Closed All Drivers. @29-11-2021 01:51:24.0758 A
[ReportManager] File Action [GetAbsolutePath] successfully performed. With the following test data [Relative Folder Path: "target/downloadedFiles/"]. @29-11-2021 01:51:24.0761 AM
[ReportManager] Attempting to run locally on: [Mac-64], [Safari], Headless Execution. @29-11-2021 01:51:24.0761 AM
[ReportManager] Successfully Opened Safari. @29-11-2021 01:51:25.0587 AM
[ReportManager] Initial window size: (800, 600) @29-11-2021 01:51:25.0614 AM
[ReportManager] Window size after SWD Maximize: (1176, 803) @29-11-2021 01:51:25.0647 AM
[ReportManager] Browser Action [MaximizeWindow] successfully performed. With the following test data [New screen size is now: (1176, 803)]. @29-11-2021 01:51:25.0647 AM
[ReportManager] Target URL: [https://the-internet.herokuapp.com/] @29-11-2021 01:51:25.0647 AM
[ReportManager] Initial URL: [] @29-11-2021 01:51:25.0725 AM
[ReportManager] Browser Action [NavigateToURL] successfully performed. With the following test data [https://the-internet.herokuapp.com/]. @29-11-2021 01:51:27.0098 A

################################################################################################################################################
Starting Execution:	[79 out of 146] test cases in the current suite
Test Method:		[testPackage01.Test_NewValidationHelper.f11]
################################################################################################################################################
[ReportManager] org.openqa.selenium.TimeoutException:
Expected condition failed: waiting for com.shaft.gui.element.ElementActionsHelper$$Lambda$838/0x0000000801224d78@53a96c87 (tried for 5 second(s) with 1000 milliseconds interval)
org.openqa.selenium.support.ui.FluentWait.timeoutException(FluentWait.java:263)
org.openqa.selenium.support.ui.FluentWait.until(FluentWait.java:231)
com.shaft.gui.element.ElementActionsHelper.waitForElementPresence(ElementActionsHelper.java:63)
com.shaft.gui.element.ElementActionsHelper.waitForElementPresence(ElementActionsHelper.java:37)
com.shaft.gui.element.WebDriverElementActions.getMatchingElementsCount(WebDriverElementActions.java:1468)
com.shaft.gui.element.WebDriverElementActions.getElementsCount(WebDriverElementActions.java:559)
com.shaft.gui.element.ElementActions.getElementsCount(ElementActions.java:261)
com.shaft.validation.ValidationsHelper.validateElementExists(ValidationsHelper.java:149)
com.shaft.validation.Assertions.assertElementExists(Assertions.java:118)
testPackage01.Test_NewValidationHelper.f11(Test_NewValidationHelper.java:137)
java.base/jdk.internal.reflect.NativeMethodAccessorImpl.invoke0(Native Method)
java.base/jdk.internal.reflect.NativeMethodAccessorImpl.invoke(NativeMethodAccessorImpl.java:77)
java.base/jdk.internal.reflect.DelegatingMethodAccessorImpl.invoke(DelegatingMethodAccessorImpl.java:43)
java.base/java.lang.reflect.Method.invoke(Method.java:568)
org.testng.internal.MethodInvocationHelper.invokeMethod(MethodInvocationHelper.java:133)
org.testng.internal.TestInvoker.invokeMethod(TestInvoker.java:598)
org.testng.internal.TestInvoker.invokeTestMethod(TestInvoker.java:173)
org.testng.internal.MethodRunner.runInSequence(MethodRunner.java:46)
org.testng.internal.TestInvoker$MethodInvocationAgent.invoke(TestInvoker.java:824)
org.testng.internal.TestInvoker.invokeTestMethods(TestInvoker.java:146)
org.testng.internal.TestMethodWorker.invokeTestMethods(TestMethodWorker.java:146)
org.testng.internal.TestMethodWorker.run(TestMethodWorker.java:128)
java.base/java.util.ArrayList.forEach(ArrayList.java:1511)
org.testng.TestRunner.privateRun(TestRunner.java:794)
org.testng.TestRunner.run(TestRunner.java:596)
org.testng.SuiteRunner.runTest(SuiteRunner.java:377)
org.testng.SuiteRunner.runSequentially(SuiteRunner.java:371)
org.testng.SuiteRunner.privateRun(SuiteRunner.java:332)
org.testng.SuiteRunner.run(SuiteRunner.java:276)
org.testng.SuiteRunnerWorker.runSuite(SuiteRunnerWorker.java:53)
org.testng.SuiteRunnerWorker.run(SuiteRunnerWorker.java:96)
org.testng.TestNG.runSuitesSequentially(TestNG.java:1212)
org.testng.TestNG.runSuitesLocally(TestNG.java:1134)
org.testng.TestNG.runSuites(TestNG.java:1063)
org.testng.TestNG.run(TestNG.java:1031)
org.apache.maven.surefire.testng.TestNGExecutor.run(TestNGExecutor.java:136)
org.apache.maven.surefire.testng.TestNGDirectoryTestSuite.executeMulti(TestNGDirectoryTestSuite.java:193)
org.apache.maven.surefire.testng.TestNGDirectoryTestSuite.execute(TestNGDirectoryTestSuite.java:94)
org.apache.maven.surefire.testng.TestNGProvider.invoke(TestNGProvider.java:145)
org.apache.maven.surefire.booter.ForkedBooter.runSuitesInProcess(ForkedBooter.java:428)
org.apache.maven.surefire.booter.ForkedBooter.execute(ForkedBooter.java:162)
org.apache.maven.surefire.booter.ForkedBooter.run(ForkedBooter.java:562)
org.apache.maven.surefire.booter.ForkedBooter.main(ForkedBooter.java:548)

Caused by: org.openqa.selenium.NoSuchElementException:
For documentation on this error, please visit: https://selenium.dev/exceptions/#no_such_element
Build info: version: '4.1.0', revision: '87802e897b'
System info: host: 'Mac-1638149271753.local', ip: '10.212.6.74', os.name: 'Mac OS X', os.arch: 'x86_64', os.version: '11.5', java.version: '17.0.1'
Driver info: org.openqa.selenium.safari.SafariDriver
Command: [0653F4DF-D663-4A62-B524-FB889AF1942D, findElement {using=tag name, value=h3}]
Capabilities {acceptInsecureCerts: false, browserName: Safari, browserVersion: 15.1, goog:loggingPrefs: {browser: ALL, client: ALL, driver: ALL, performance: ALL, profiler: ALL, server: ALL}, javascriptEnabled: true, pageLoadStrategy: normal, platform: MAC, platformName: MAC, safari:automaticInspection: false, safari:automaticProfiling: false, safari:diagnose: false, safari:platformBuildVersion: 20G224, safari:platformVersion: 11.6.1, safari:useSimulator: false, setWindowRect: true, strictFileInteractability: false, timeouts: {pageLoad: 30000, script: 30000}, webkit:WebRTC: {DisableICECandidateFiltering: false, DisableInsecureMediaCapture: false}}
Session ID: 0653F4DF-D663-4A62-B524-FB889AF1942D
java.base/jdk.internal.reflect.NativeConstructorAccessorImpl.newInstance0(Native Method)
java.base/jdk.internal.reflect.NativeConstructorAccessorImpl.newInstance(NativeConstructorAccessorImpl.java:77)
java.base/jdk.internal.reflect.DelegatingConstructorAccessorImpl.newInstance(DelegatingConstructorAccessorImpl.java:45)
java.base/java.lang.reflect.Constructor.newInstanceWithCaller(Constructor.java:499)
java.base/java.lang.reflect.Constructor.newInstance(Constructor.java:480)
org.openqa.selenium.remote.codec.w3c.W3CHttpResponseCodec.createException(W3CHttpResponseCodec.java:200)
org.openqa.selenium.remote.codec.w3c.W3CHttpResponseCodec.decode(W3CHttpResponseCodec.java:133)
org.openqa.selenium.remote.codec.w3c.W3CHttpResponseCodec.decode(W3CHttpResponseCodec.java:53)
org.openqa.selenium.remote.HttpCommandExecutor.execute(HttpCommandExecutor.java:184)
org.openqa.selenium.remote.service.DriverCommandExecutor.invokeExecute(DriverCommandExecutor.java:164)
org.openqa.selenium.remote.service.DriverCommandExecutor.execute(DriverCommandExecutor.java:139)
org.openqa.selenium.remote.RemoteWebDriver.execute(RemoteWebDriver.java:559)
org.openqa.selenium.remote.ElementLocation$ElementFinder$2.findElement(ElementLocation.java:162)
org.openqa.selenium.remote.ElementLocation.findElement(ElementLocation.java:60)
org.openqa.selenium.remote.RemoteWebDriver.findElement(RemoteWebDriver.java:383)
org.openqa.selenium.remote.RemoteWebDriver.findElement(RemoteWebDriver.java:375)
com.shaft.gui.element.ElementActionsHelper.lambda$waitForElementPresence$0(ElementActionsHelper.java:71)
org.openqa.selenium.support.ui.FluentWait.until(FluentWait.java:208)
com.shaft.gui.element.ElementActionsHelper.waitForElementPresence(ElementActionsHelper.java:63)
com.shaft.gui.element.ElementActionsHelper.waitForElementPresence(ElementActionsHelper.java:37)
com.shaft.gui.element.WebDriverElementActions.getMatchingElementsCount(WebDriverElementActions.java:1468)
com.shaft.gui.element.WebDriverElementActions.getElementsCount(WebDriverElementActions.java:559)
com.shaft.gui.element.ElementActions.getElementsCount(ElementActions.java:261)
com.shaft.validation.ValidationsHelper.validateElementExists(ValidationsHelper.java:149)
com.shaft.validation.Assertions.assertElementExists(Assertions.java:118)
testPackage01.Test_NewValidationHelper.f11(Test_NewValidationHelper.java:137)
java.base/jdk.internal.reflect.NativeMethodAccessorImpl.invoke0(Native Method)
java.base/jdk.internal.reflect.NativeMethodAccessorImpl.invoke(NativeMethodAccessorImpl.java:77)
java.base/jdk.internal.reflect.DelegatingMethodAccessorImpl.invoke(DelegatingMethodAccessorImpl.java:43)
java.base/java.lang.reflect.Method.invoke(Method.java:568)
org.testng.internal.MethodInvocationHelper.invokeMethod(MethodInvocationHelper.java:133)
org.testng.internal.TestInvoker.invokeMethod(TestInvoker.java:598)
org.testng.internal.TestInvoker.invokeTestMethod(TestInvoker.java:173)
org.testng.internal.MethodRunner.runInSequence(MethodRunner.java:46)
org.testng.internal.TestInvoker$MethodInvocationAgent.invoke(TestInvoker.java:824)
org.testng.internal.TestInvoker.invokeTestMethods(TestInvoker.java:146)
org.testng.internal.TestMethodWorker.invokeTestMethods(TestMethodWorker.java:146)
org.testng.internal.TestMethodWorker.run(TestMethodWorker.java:128)
java.base/java.util.ArrayList.forEach(ArrayList.java:1511)
org.testng.TestRunner.privateRun(TestRunner.java:794)
org.testng.TestRunner.run(TestRunner.java:596)
org.testng.SuiteRunner.runTest(SuiteRunner.java:377)
org.testng.SuiteRunner.runSequentially(SuiteRunner.java:371)
org.testng.SuiteRunner.privateRun(SuiteRunner.java:332)
org.testng.SuiteRunner.run(SuiteRunner.java:276)
org.testng.SuiteRunnerWorker.runSuite(SuiteRunnerWorker.java:53)
org.testng.SuiteRunnerWorker.run(SuiteRunnerWorker.java:96)
org.testng.TestNG.runSuitesSequentially(TestNG.java:1212)
org.testng.TestNG.runSuitesLocally(TestNG.java:1134)
org.testng.TestNG.runSuites(TestNG.java:1063)
org.testng.TestNG.run(TestNG.java:1031)
org.apache.maven.surefire.testng.TestNGExecutor.run(TestNGExecutor.java:136)
org.apache.maven.surefire.testng.TestNGDirectoryTestSuite.executeMulti(TestNGDirectoryTestSuite.java:193)
org.apache.maven.surefire.testng.TestNGDirectoryTestSuite.execute(TestNGDirectoryTestSuite.java:94)
org.apache.maven.surefire.testng.TestNGProvider.invoke(TestNGProvider.java:145)
org.apache.maven.surefire.booter.ForkedBooter.runSuitesInProcess(ForkedBooter.java:428)
org.apache.maven.surefire.booter.ForkedBooter.execute(ForkedBooter.java:162)
org.apache.maven.surefire.booter.ForkedBooter.run(ForkedBooter.java:562)
org.apache.maven.surefire.booter.ForkedBooter.main(ForkedBooter.java:548) @29-11-2021 01:51:32.0366 AM
[ReportManager] org.openqa.selenium.TimeoutException:
Expected condition failed: waiting for com.shaft.gui.element.ElementActionsHelper$$Lambda$838/0x0000000801224d78@3a2486d9 (tried for 5 second(s) with 1000 milliseconds interval)
org.openqa.selenium.support.ui.FluentWait.timeoutException(FluentWait.java:263)
org.openqa.selenium.support.ui.FluentWait.until(FluentWait.java:231)
com.shaft.gui.element.ElementActionsHelper.waitForElementPresence(ElementActionsHelper.java:63)
com.shaft.gui.element.ElementActionsHelper.waitForElementPresence(ElementActionsHelper.java:37)
com.shaft.gui.element.WebDriverElementActions.getMatchingElementsCount(WebDriverElementActions.java:1468)
com.shaft.gui.element.WebDriverElementActions.getElementsCount(WebDriverElementActions.java:559)
com.shaft.gui.element.ElementActions.getElementsCount(ElementActions.java:261)
com.shaft.gui.image.ScreenshotManager.internalCaptureScreenShot(ScreenshotManager.java:394)
com.shaft.gui.image.ScreenshotManager.captureScreenShot(ScreenshotManager.java:141)
com.shaft.validation.ValidationsHelper.reportValidationState(ValidationsHelper.java:823)
com.shaft.validation.ValidationsHelper.pass(ValidationsHelper.java:564)
com.shaft.validation.ValidationsHelper.validateElementExists(ValidationsHelper.java:166)
com.shaft.validation.Assertions.assertElementExists(Assertions.java:118)
testPackage01.Test_NewValidationHelper.f11(Test_NewValidationHelper.java:137)
java.base/jdk.internal.reflect.NativeMethodAccessorImpl.invoke0(Native Method)
java.base/jdk.internal.reflect.NativeMethodAccessorImpl.invoke(NativeMethodAccessorImpl.java:77)
java.base/jdk.internal.reflect.DelegatingMethodAccessorImpl.invoke(DelegatingMethodAccessorImpl.java:43)
java.base/java.lang.reflect.Method.invoke(Method.java:568)
org.testng.internal.MethodInvocationHelper.invokeMethod(MethodInvocationHelper.java:133)
org.testng.internal.TestInvoker.invokeMethod(TestInvoker.java:598)
org.testng.internal.TestInvoker.invokeTestMethod(TestInvoker.java:173)
org.testng.internal.MethodRunner.runInSequence(MethodRunner.java:46)
org.testng.internal.TestInvoker$MethodInvocationAgent.invoke(TestInvoker.java:824)
org.testng.internal.TestInvoker.invokeTestMethods(TestInvoker.java:146)
org.testng.internal.TestMethodWorker.invokeTestMethods(TestMethodWorker.java:146)
org.testng.internal.TestMethodWorker.run(TestMethodWorker.java:128)
java.base/java.util.ArrayList.forEach(ArrayList.java:1511)
org.testng.TestRunner.privateRun(TestRunner.java:794)
org.testng.TestRunner.run(TestRunner.java:596)
org.testng.SuiteRunner.runTest(SuiteRunner.java:377)
org.testng.SuiteRunner.runSequentially(SuiteRunner.java:371)
org.testng.SuiteRunner.privateRun(SuiteRunner.java:332)
org.testng.SuiteRunner.run(SuiteRunner.java:276)
org.testng.SuiteRunnerWorker.runSuite(SuiteRunnerWorker.java:53)
org.testng.SuiteRunnerWorker.run(SuiteRunnerWorker.java:96)
org.testng.TestNG.runSuitesSequentially(TestNG.java:1212)
org.testng.TestNG.runSuitesLocally(TestNG.java:1134)
org.testng.TestNG.runSuites(TestNG.java:1063)
org.testng.TestNG.run(TestNG.java:1031)
org.apache.maven.surefire.testng.TestNGExecutor.run(TestNGExecutor.java:136)
org.apache.maven.surefire.testng.TestNGDirectoryTestSuite.executeMulti(TestNGDirectoryTestSuite.java:193)
org.apache.maven.surefire.testng.TestNGDirectoryTestSuite.execute(TestNGDirectoryTestSuite.java:94)
org.apache.maven.surefire.testng.TestNGProvider.invoke(TestNGProvider.java:145)
org.apache.maven.surefire.booter.ForkedBooter.runSuitesInProcess(ForkedBooter.java:428)
org.apache.maven.surefire.booter.ForkedBooter.execute(ForkedBooter.java:162)
org.apache.maven.surefire.booter.ForkedBooter.run(ForkedBooter.java:562)
org.apache.maven.surefire.booter.ForkedBooter.main(ForkedBooter.java:548)

Caused by: org.openqa.selenium.NoSuchElementException:
For documentation on this error, please visit: https://selenium.dev/exceptions/#no_such_element
Build info: version: '4.1.0', revision: '87802e897b'
System info: host: 'Mac-1638149271753.local', ip: '10.212.6.74', os.name: 'Mac OS X', os.arch: 'x86_64', os.version: '11.5', java.version: '17.0.1'
Driver info: org.openqa.selenium.safari.SafariDriver
Command: [0653F4DF-D663-4A62-B524-FB889AF1942D, findElement {using=tag name, value=h3}]
Capabilities {acceptInsecureCerts: false, browserName: Safari, browserVersion: 15.1, goog:loggingPrefs: {browser: ALL, client: ALL, driver: ALL, performance: ALL, profiler: ALL, server: ALL}, javascriptEnabled: true, pageLoadStrategy: normal, platform: MAC, platformName: MAC, safari:automaticInspection: false, safari:automaticProfiling: false, safari:diagnose: false, safari:platformBuildVersion: 20G224, safari:platformVersion: 11.6.1, safari:useSimulator: false, setWindowRect: true, strictFileInteractability: false, timeouts: {pageLoad: 30000, script: 30000}, webkit:WebRTC: {DisableICECandidateFiltering: false, DisableInsecureMediaCapture: false}}
Session ID: 0653F4DF-D663-4A62-B524-FB889AF1942D
java.base/jdk.internal.reflect.NativeConstructorAccessorImpl.newInstance0(Native Method)
java.base/jdk.internal.reflect.NativeConstructorAccessorImpl.newInstance(NativeConstructorAccessorImpl.java:77)
java.base/jdk.internal.reflect.DelegatingConstructorAccessorImpl.newInstance(DelegatingConstructorAccessorImpl.java:45)
java.base/java.lang.reflect.Constructor.newInstanceWithCaller(Constructor.java:499)
java.base/java.lang.reflect.Constructor.newInstance(Constructor.java:480)
org.openqa.selenium.remote.codec.w3c.W3CHttpResponseCodec.createException(W3CHttpResponseCodec.java:200)
org.openqa.selenium.remote.codec.w3c.W3CHttpResponseCodec.decode(W3CHttpResponseCodec.java:133)
org.openqa.selenium.remote.codec.w3c.W3CHttpResponseCodec.decode(W3CHttpResponseCodec.java:53)
org.openqa.selenium.remote.HttpCommandExecutor.execute(HttpCommandExecutor.java:184)
org.openqa.selenium.remote.service.DriverCommandExecutor.invokeExecute(DriverCommandExecutor.java:164)
org.openqa.selenium.remote.service.DriverCommandExecutor.execute(DriverCommandExecutor.java:139)
org.openqa.selenium.remote.RemoteWebDriver.execute(RemoteWebDriver.java:559)
org.openqa.selenium.remote.ElementLocation$ElementFinder$2.findElement(ElementLocation.java:162)
org.openqa.selenium.remote.ElementLocation.findElement(ElementLocation.java:60)
org.openqa.selenium.remote.RemoteWebDriver.findElement(RemoteWebDriver.java:383)
org.openqa.selenium.remote.RemoteWebDriver.findElement(RemoteWebDriver.java:375)
com.shaft.gui.element.ElementActionsHelper.lambda$waitForElementPresence$0(ElementActionsHelper.java:71)
org.openqa.selenium.support.ui.FluentWait.until(FluentWait.java:208)
com.shaft.gui.element.ElementActionsHelper.waitForElementPresence(ElementActionsHelper.java:63)
com.shaft.gui.element.ElementActionsHelper.waitForElementPresence(ElementActionsHelper.java:37)
com.shaft.gui.element.WebDriverElementActions.getMatchingElementsCount(WebDriverElementActions.java:1468)
com.shaft.gui.element.WebDriverElementActions.getElementsCount(WebDriverElementActions.java:559)
com.shaft.gui.element.ElementActions.getElementsCount(ElementActions.java:261)
com.shaft.gui.image.ScreenshotManager.internalCaptureScreenShot(ScreenshotManager.java:394)
com.shaft.gui.image.ScreenshotManager.captureScreenShot(ScreenshotManager.java:141)
com.shaft.validation.ValidationsHelper.reportValidationState(ValidationsHelper.java:823)
com.shaft.validation.ValidationsHelper.pass(ValidationsHelper.java:564)
com.shaft.validation.ValidationsHelper.validateElementExists(ValidationsHelper.java:166)
com.shaft.validation.Assertions.assertElementExists(Assertions.java:118)
testPackage01.Test_NewValidationHelper.f11(Test_NewValidationHelper.java:137)
java.base/jdk.internal.reflect.NativeMethodAccessorImpl.invoke0(Native Method)
java.base/jdk.internal.reflect.NativeMethodAccessorImpl.invoke(NativeMethodAccessorImpl.java:77)
java.base/jdk.internal.reflect.DelegatingMethodAccessorImpl.invoke(DelegatingMethodAccessorImpl.java:43)
java.base/java.lang.reflect.Method.invoke(Method.java:568)
org.testng.internal.MethodInvocationHelper.invokeMethod(MethodInvocationHelper.java:133)
org.testng.internal.TestInvoker.invokeMethod(TestInvoker.java:598)
org.testng.internal.TestInvoker.invokeTestMethod(TestInvoker.java:173)
org.testng.internal.MethodRunner.runInSequence(MethodRunner.java:46)
org.testng.internal.TestInvoker$MethodInvocationAgent.invoke(TestInvoker.java:824)
org.testng.internal.TestInvoker.invokeTestMethods(TestInvoker.java:146)
org.testng.internal.TestMethodWorker.invokeTestMethods(TestMethodWorker.java:146)
org.testng.internal.TestMethodWorker.run(TestMethodWorker.java:128)
java.base/java.util.ArrayList.forEach(ArrayList.java:1511)
org.testng.TestRunner.privateRun(TestRunner.java:794)
org.testng.TestRunner.run(TestRunner.java:596)
org.testng.SuiteRunner.runTest(SuiteRunner.java:377)
org.testng.SuiteRunner.runSequentially(SuiteRunner.java:371)
org.testng.SuiteRunner.privateRun(SuiteRunner.java:332)
org.testng.SuiteRunner.run(SuiteRunner.java:276)
org.testng.SuiteRunnerWorker.runSuite(SuiteRunnerWorker.java:53)
org.testng.SuiteRunnerWorker.run(SuiteRunnerWorker.java:96)
org.testng.TestNG.runSuitesSequentially(TestNG.java:1212)
org.testng.TestNG.runSuitesLocally(TestNG.java:1134)
org.testng.TestNG.runSuites(TestNG.java:1063)
org.testng.TestNG.run(TestNG.java:1031)
org.apache.maven.surefire.testng.TestNGExecutor.run(TestNGExecutor.java:136)
org.apache.maven.surefire.testng.TestNGDirectoryTestSuite.executeMulti(TestNGDirectoryTestSuite.java:193)
org.apache.maven.surefire.testng.TestNGDirectoryTestSuite.execute(TestNGDirectoryTestSuite.java:94)
org.apache.maven.surefire.testng.TestNGProvider.invoke(TestNGProvider.java:145)
org.apache.maven.surefire.booter.ForkedBooter.runSuitesInProcess(ForkedBooter.java:428)
org.apache.maven.surefire.booter.ForkedBooter.execute(ForkedBooter.java:162)
org.apache.maven.surefire.booter.ForkedBooter.run(ForkedBooter.java:562)
org.apache.maven.surefire.booter.ForkedBooter.main(ForkedBooter.java:548) @29-11-2021 01:51:37.0807 AM
[ReportManager] Assertion Passed: Checking that false tag doesn't exist @29-11-2021 01:51:37.0990 AM
[ReportManager] Successfully created attachment [Screenshot - 1638150697837_f11_ValidateElementExists_passed] @29-11-2021 01:51:37.0992 AM
[ReportManager] Assertion [ValidateElementExists] PASSED. Expected [Element Should not Exist, locator 'By.tagName: h3'] and Actual [Element Doesn't Exists]. Comparison Type [EQUALS]. Validation Type [NEGATIVE]. @29-11-2021 01:51:37.0992 A
[ReportManager] Successfully Closed All Drivers. @29-11-2021 01:51:38.0294 A
[ReportManager] File Action [GetAbsolutePath] successfully performed. With the following test data [Relative Folder Path: "target/downloadedFiles/"]. @29-11-2021 01:51:38.0297 AM
[ReportManager] Attempting to run locally on: [Mac-64], [Safari], Headless Execution. @29-11-2021 01:51:38.0297 AM
[ReportManager] Successfully Opened Safari. @29-11-2021 01:51:39.0101 AM
[ReportManager] Initial window size: (800, 600) @29-11-2021 01:51:39.0114 AM
[ReportManager] Window size after SWD Maximize: (1176, 803) @29-11-2021 01:51:39.0146 AM
[ReportManager] Browser Action [MaximizeWindow] successfully performed. With the following test data [New screen size is now: (1176, 803)]. @29-11-2021 01:51:39.0146 AM
[ReportManager] Target URL: [https://the-internet.herokuapp.com/] @29-11-2021 01:51:39.0147 AM
[ReportManager] Initial URL: [] @29-11-2021 01:51:39.0183 AM
[ReportManager] Browser Action [NavigateToURL] successfully performed. With the following test data [https://the-internet.herokuapp.com/]. @29-11-2021 01:51:40.0371 A

################################################################################################################################################
Starting Execution:	[80 out of 146] test cases in the current suite
Test Method:		[testPackage01.Test_NewValidationHelper.f12]
################################################################################################################################################
[ReportManager] Loaded Shared OpenCV @29-11-2021 01:51:40.0500 AM
[ReportManager] Assertion [ValidateElementExists] FAILED. Expected [Element Should not Exist, locator 'By.tagName: h1'] and Actual [Element Exists]. Comparison Type [EQUALS]. Validation Type [NEGATIVE]. @29-11-2021 01:51:40.0633 AM
[ReportManager] Successfully created attachment [Screenshot - 1638150700500_f12_ValidateElementExists_failed] @29-11-2021 01:51:40.0635 A
[ReportManager] Successfully Closed All Drivers. @29-11-2021 01:51:40.0893 A
[ReportManager] File Action [GetAbsolutePath] successfully performed. With the following test data [Relative Folder Path: "target/downloadedFiles/"]. @29-11-2021 01:51:40.0896 AM
[ReportManager] Attempting to run locally on: [Mac-64], [Safari], Headless Execution. @29-11-2021 01:51:40.0896 AM
[ReportManager] An Exception Occured with this Message: Could not start a new session. Possible causes are invalid address of the remote server or browser start-up failure.. @29-11-2021 01:51:41.0088 AM
[ReportManager] Successfully created attachment [Exception Stack Trace - org.openqa.selenium.SessionNotCreatedException] @29-11-2021 01:51:41.0130 AM
[ReportManager] Driver Factory Action [createNewLocalDriverInstanceForSafari] failed. With the following test data [Failed to create a session on DESKTOP_SAFARI]. @29-11-2021 01:51:41.0131 A

################################################################################################################################################
Starting Execution:	[81 out of 146] test cases in the current suite
Test Method:		[testPackage01.Test_NewValidationHelper.f13]
###############################################################################################################################################



################################################################################################################################################
Starting Execution:	[82 out of 146] test cases in the current suite
Test Method:		[testPackage01.Test_NewValidationHelper.f14]
###############################################################################################################################################



################################################################################################################################################
Starting Execution:	[83 out of 146] test cases in the current suite
Test Method:		[testPackage01.Test_NewValidationHelper.f15]
###############################################################################################################################################



################################################################################################################################################
Starting Execution:	[84 out of 146] test cases in the current suite
Test Method:		[testPackage01.Test_NewValidationHelper.f16]
###############################################################################################################################################



################################################################################################################################################
Starting Execution:	[85 out of 146] test cases in the current suite
Test Method:		[testPackage01.Test_NewValidationHelper.f17]
###############################################################################################################################################



################################################################################################################################################
Starting Execution:	[86 out of 146] test cases in the current suite
Test Method:		[testPackage01.Test_NewValidationHelper.f18]
###############################################################################################################################################


################################################################################################################################################
Starting Execution:	[87 out of 146] test cases in the current suite
Test Method:		[testPackage01.Test_NewValidationHelper.f2]
###############################################################################################################################################


################################################################################################################################################
Starting Execution:	[88 out of 146] test cases in the current suite
Test Method:		[testPackage01.Test_NewValidationHelper.f20]
###############################################################################################################################################



################################################################################################################################################
Starting Execution:	[89 out of 146] test cases in the current suite
Test Method:		[testPackage01.Test_NewValidationHelper.f21]
###############################################################################################################################################



################################################################################################################################################
Starting Execution:	[90 out of 146] test cases in the current suite
Test Method:		[testPackage01.Test_NewValidationHelper.f22]
###############################################################################################################################################


################################################################################################################################################
Starting Execution:	[91 out of 146] test cases in the current suite
Test Method:		[testPackage01.Test_NewValidationHelper.f23]
###############################################################################################################################################

################################################################################################################################################
Starting Execution:	[92 out of 146] test cases in the current suite
Test Method:		[testPackage01.Test_NewValidationHelper.f24]
###############################################################################################################################################

################################################################################################################################################
Starting Execution:	[93 out of 146] test cases in the current suite
Test Method:		[testPackage01.Test_NewValidationHelper.f25]
###############################################################################################################################################

################################################################################################################################################
Starting Execution:	[94 out of 146] test cases in the current suite
Test Method:		[testPackage01.Test_NewValidationHelper.f26]
###############################################################################################################################################

################################################################################################################################################
Starting Execution:	[95 out of 146] test cases in the current suite
Test Method:		[testPackage01.Test_NewValidationHelper.f27]
###############################################################################################################################################

################################################################################################################################################
Starting Execution:	[96 out of 146] test cases in the current suite
Test Method:		[testPackage01.Test_NewValidationHelper.f28]
###############################################################################################################################################

################################################################################################################################################
Starting Execution:	[97 out of 146] test cases in the current suite
Test Method:		[testPackage01.Test_NewValidationHelper.f29]
###############################################################################################################################################

################################################################################################################################################
Starting Execution:	[98 out of 146] test cases in the current suite
Test Method:		[testPackage01.Test_NewValidationHelper.f3]
###############################################################################################################################################

################################################################################################################################################
Starting Execution:	[99 out of 146] test cases in the current suite
Test Method:		[testPackage01.Test_NewValidationHelper.f30]
###############################################################################################################################################

################################################################################################################################################
Starting Execution:	[100 out of 146] test cases in the current suite
Test Method:		[testPackage01.Test_NewValidationHelper.f31]
###############################################################################################################################################

################################################################################################################################################
Starting Execution:	[101 out of 146] test cases in the current suite
Test Method:		[testPackage01.Test_NewValidationHelper.f32]
###############################################################################################################################################

################################################################################################################################################
Starting Execution:	[102 out of 146] test cases in the current suite
Test Method:		[testPackage01.Test_NewValidationHelper.f33]
###############################################################################################################################################

################################################################################################################################################
Starting Execution:	[103 out of 146] test cases in the current suite
Test Method:		[testPackage01.Test_NewValidationHelper.f34]
###############################################################################################################################################

################################################################################################################################################
Starting Execution:	[104 out of 146] test cases in the current suite
Test Method:		[testPackage01.Test_NewValidationHelper.f35]
###############################################################################################################################################

################################################################################################################################################
Starting Execution:	[105 out of 146] test cases in the current suite
Test Method:		[testPackage01.Test_NewValidationHelper.f36]
###############################################################################################################################################

################################################################################################################################################
Starting Execution:	[106 out of 146] test cases in the current suite
Test Method:		[testPackage01.Test_NewValidationHelper.f37]
###############################################################################################################################################

################################################################################################################################################
Starting Execution:	[107 out of 146] test cases in the current suite
Test Method:		[testPackage01.Test_NewValidationHelper.f3_1]
###############################################################################################################################################

################################################################################################################################################
Starting Execution:	[108 out of 146] test cases in the current suite
Test Method:		[testPackage01.Test_NewValidationHelper.f4]
###############################################################################################################################################

################################################################################################################################################
Starting Execution:	[109 out of 146] test cases in the current suite
Test Method:		[testPackage01.Test_NewValidationHelper.f5]
###############################################################################################################################################

################################################################################################################################################
Starting Execution:	[110 out of 146] test cases in the current suite
Test Method:		[testPackage01.Test_NewValidationHelper.f6]
###############################################################################################################################################

################################################################################################################################################
Starting Execution:	[111 out of 146] test cases in the current suite
Test Method:		[testPackage01.Test_NewValidationHelper.f6_1]
###############################################################################################################################################

################################################################################################################################################
Starting Execution:	[112 out of 146] test cases in the current suite
Test Method:		[testPackage01.Test_NewValidationHelper.f6_2]
###############################################################################################################################################

################################################################################################################################################
Starting Execution:	[113 out of 146] test cases in the current suite
Test Method:		[testPackage01.Test_NewValidationHelper.f7]
###############################################################################################################################################


################################################################################################################################################
Starting Execution:	[114 out of 146] test cases in the current suite
Test Method:		[testPackage01.Test_NewValidationHelper.f8]
###############################################################################################################################################



################################################################################################################################################
Starting Execution:	[115 out of 146] test cases in the current suite
Test Method:		[testPackage01.Test_NewValidationHelper.f9]
###############################################################################################################################################


################################################################################################################################################
Starting Execution:	[116 out of 146] test cases in the current suite
Test Method:		[testPackage01.Test_NewValidationHelper.forceFail]
###############################################################################################################################################

################################################################################################################################################
Starting Execution:	[117 out of 146] test cases in the current suite
Test Method:		[testPackage01.Test_NewValidationHelper.forceFail2]
###############################################################################################################################################

################################################################################################################################################
Starting Execution:	[118 out of 146] test cases in the current suite
Test Method:		[testPackage01.Test_JsonActions.f]
###############################################################################################################################################

################################################################################################################################################
Starting Execution:	[119 out of 146] test cases in the current suite
Test Method:		[testPackage01.Test_JsonActions.f2]
###############################################################################################################################################

################################################################################################################################################
Starting Execution:	[120 out of 146] test cases in the current suite
Test Method:		[testPackage01.Test_sendGraphqlRequest.sendGraphqlRequestUsingMutationAndVariables]
################################################################################################################################################
[ReportManager] GraphQl Request is being Performed with the Following Parameters [Service URL: https://api.spacex.land/graphql | Request Body: {"variables":"{\"name\": \"sherlock holmes\",\"rocket\": \"221B Baker Street\"}","query":"mutation ($name: String, $rocket: String) {\n  insert_users(objects: {name: $name, rocket: $rocket}) {\n    returning {\n      name\n      rocket\n    }\n  }\n}"}] @29-11-2021 01:51:41.0341 AM
[ReportManager] Response status code: [200], status line: [HTTP/1.1 200 OK] @29-11-2021 01:51:42.0024 AM
[ReportManager] Assertion Passed: Evaluating the actual response status code against the expected one... @29-11-2021 01:51:42.0024 AM
[ReportManager] Assertion [ValidateComparativeRelation] PASSED. Expected [200] and Actual [200]. Comparison Type [EQUALS]. Validation Type [POSITIVE]. @29-11-2021 01:51:42.0024 AM
[ReportManager] API Action [PerformRequest] successfully performed. With the following test data [Request Type: "POST" | Target Status Code: "200" | Service URL: "https://api.spacex.land/graphql" | Content Type: "application/json" | Response Time: "535ms"]. @29-11-2021 01:51:42.0052 AM
[ReportManager] Successfully created attachment [API Request - Specifications] @29-11-2021 01:51:42.0053 AM
[ReportManager] Successfully created attachment [API Request - JSON Body] @29-11-2021 01:51:42.0054 AM
[ReportManager] Successfully created attachment [API Response - JSON Body] @29-11-2021 01:51:42.0054 AM
[ReportManager] API Action [GetResponseJSONValue] successfully performed. With the following test data [data.insert_users.returning[0].name]. @29-11-2021 01:51:42.0105 AM
[ReportManager] Assertion [ValidateEquals] PASSED. Expected [sherlock holmes] and Actual [sherlock holmes]. Comparison Type [EQUALS]. Validation Type [POSITIVE]. @29-11-2021 01:51:42.0105 A

################################################################################################################################################
Starting Execution:	[121 out of 146] test cases in the current suite
Test Method:		[testPackage01.Test_sendGraphqlRequest.sendGraphqlRequestUsingQuery]
################################################################################################################################################
[ReportManager] GraphQl Request is being Performed with the Following Parameters [Service URL: https://api.spacex.land/graphql | Request Body: {"query":"{company {ceo}}"}] @29-11-2021 01:51:42.0108 AM
[ReportManager] Response status code: [200], status line: [HTTP/1.1 200 OK] @29-11-2021 01:51:42.0384 AM
[ReportManager] Assertion Passed: Evaluating the actual response status code against the expected one... @29-11-2021 01:51:42.0384 AM
[ReportManager] Assertion [ValidateComparativeRelation] PASSED. Expected [200] and Actual [200]. Comparison Type [EQUALS]. Validation Type [POSITIVE]. @29-11-2021 01:51:42.0384 AM
[ReportManager] API Action [PerformRequest] successfully performed. With the following test data [Request Type: "POST" | Target Status Code: "200" | Service URL: "https://api.spacex.land/graphql" | Content Type: "application/json" | Response Time: "264ms"]. @29-11-2021 01:51:42.0394 AM
[ReportManager] Successfully created attachment [API Request - Specifications] @29-11-2021 01:51:42.0395 AM
[ReportManager] Successfully created attachment [API Request - JSON Body] @29-11-2021 01:51:42.0396 AM
[ReportManager] Successfully created attachment [API Response - JSON Body] @29-11-2021 01:51:42.0396 AM
[ReportManager] API Action [GetResponseJSONValue] successfully performed. With the following test data [data.company.ceo]. @29-11-2021 01:51:42.0406 AM
[ReportManager] Assertion [ValidateEquals] PASSED. Expected [Elon Musk] and Actual [Elon Musk]. Comparison Type [EQUALS]. Validation Type [POSITIVE]. @29-11-2021 01:51:42.0406 A

################################################################################################################################################
Starting Execution:	[122 out of 146] test cases in the current suite
Test Method:		[testPackage01.Test_MatchJsonSchema.checkAPI_ResponseSchema]
################################################################################################################################################
[ReportManager] Response status code: [200], status line: [HTTP/1.1 200 OK] @29-11-2021 01:51:42.0558 AM
[ReportManager] Assertion Passed: Evaluating the actual response status code against the expected one... @29-11-2021 01:51:42.0558 AM
[ReportManager] Assertion [ValidateComparativeRelation] PASSED. Expected [200] and Actual [200]. Comparison Type [EQUALS]. Validation Type [POSITIVE]. @29-11-2021 01:51:42.0558 AM
[ReportManager] API Action [PerformRequest] successfully performed. With the following test data [Request Type: "GET" | Target Status Code: "200" | Service URL: "http://api.zippopotam.us/us/90210" | Content Type: "*/*" | Response Time: "142ms"]. @29-11-2021 01:51:42.0570 AM
[ReportManager] Successfully created attachment [API Request - Specifications] @29-11-2021 01:51:42.0571 AM
[ReportManager] Successfully created attachment [API Response - JSON Body] @29-11-2021 01:51:42.0571 AM
[ReportManager] File Action [GetAbsolutePath] successfully performed. With the following test data [Relative Folder Path: "src/test/resources/testDataFiles/schema.json"]. @29-11-2021 01:51:42.0572 AM
[ReportManager] File Action [GetAbsolutePath] successfully performed. With the following test data [Relative Folder Path: "/Users/runner/work/SHAFT_ENGINE/SHAFT_ENGINE/src/test/resources/testDataFiles/schema.json"]. @29-11-2021 01:51:43.0213 AM
[ReportManager] File Action [ReadFromFile] successfully performed. With the following test data [File Path: "/Users/runner/work/SHAFT_ENGINE/SHAFT_ENGINE/src/test/resources/testDataFiles/schema.json"]. @29-11-2021 01:51:43.0213 AM
[ReportManager] Assertion Passed: Then I Assert that the API response schema matches that in this file [src/test/resources/testDataFiles/schema.json]. @29-11-2021 01:51:43.0214 AM
[ReportManager] Successfully created attachment [Validation Test Data - Expected JSON Value] @29-11-2021 01:51:43.0215 AM
[ReportManager] Successfully created attachment [Validation Test Data - Actual JSON Value] @29-11-2021 01:51:43.0216 AM
[ReportManager] Assertion [ValidateResponseFileSchema] PASSED. Expected [Response data should match the JSON File in this path '/Users/runner/work/SHAFT_ENGINE/SHAFT_ENGINE/src/test/resources/testDataFiles/schema.json'] and Actual [TRUE]. Comparison Type [EQUALS]. Validation Type [POSITIVE]. @29-11-2021 01:51:43.0216 A
[ReportManager] File Action [GetAbsolutePath] successfully performed. With the following test data [Relative Folder Path: "target/downloadedFiles/"]. @29-11-2021 01:51:43.0218 AM
[ReportManager] Attempting to run locally on: [Mac-64], [Safari], Headless Execution. @29-11-2021 01:51:43.0218 AM
[ReportManager] Successfully Opened Safari. @29-11-2021 01:51:44.0029 AM
[ReportManager] Initial window size: (800, 600) @29-11-2021 01:51:44.0047 AM
[ReportManager] Window size after SWD Maximize: (1176, 803) @29-11-2021 01:51:44.0074 AM
[ReportManager] Browser Action [MaximizeWindow] successfully performed. With the following test data [New screen size is now: (1176, 803)]. @29-11-2021 01:51:44.0074 A

################################################################################################################################################
Starting Execution:	[123 out of 146] test cases in the current suite
Test Method:		[testPackage01.Test_dragAndDrop.dragAndDropJquery]
################################################################################################################################################
[ReportManager] Target URL: [https://jqueryui.com/resources/demos/droppable/default.html] @29-11-2021 01:51:44.0077 AM
[ReportManager] Initial URL: [] @29-11-2021 01:51:44.0123 AM
[ReportManager] Browser Action [NavigateToURL] successfully performed. With the following test data [https://jqueryui.com/resources/demos/droppable/default.html]. @29-11-2021 01:51:44.0639 AM
[ReportManager] Element Action [GetText] successfully performed. With the following test data [
	Drop here
]. @29-11-2021 01:51:44.0699 AM
[ReportManager] Element Action [DragAndDrop] successfully performed. With the following test data [Start point: (8, 18), End point: (8, 18)]. @29-11-2021 01:51:45.0765 AM
[ReportManager] Element Action [GetText] successfully performed. With the following test data [
	Dropped!
]. @29-11-2021 01:51:45.0802 AM
[ReportManager] Assertion Passed: Checking to see if the text has changed after performing drag and drop @29-11-2021 01:51:45.0802 AM
[ReportManager] Assertion [ValidateEquals] PASSED. Expected [
	Drop here
] and Actual [
	Dropped!
]. Comparison Type [EQUALS]. Validation Type [NEGATIVE]. @29-11-2021 01:51:45.0802 A
[ReportManager] Browser Action [CloseCurrentWindow] successfully performed. @29-11-2021 01:51:46.0095 AM
[ReportManager] Successfully created attachment [Browser Action Test Data - CloseCurrentWindow - Actual Value] @29-11-2021 01:51:46.0095 A
[ReportManager] File Action [GetAbsolutePath] successfully performed. With the following test data [Relative Folder Path: "target/downloadedFiles/"]. @29-11-2021 01:51:46.0097 AM
[ReportManager] Attempting to run locally on: [Mac-64], [Safari], Headless Execution. @29-11-2021 01:51:46.0097 AM
[ReportManager] Successfully Opened Safari. @29-11-2021 01:51:46.0911 AM
[ReportManager] Initial window size: (800, 600) @29-11-2021 01:51:46.0948 AM
[ReportManager] Window size after SWD Maximize: (1176, 803) @29-11-2021 01:51:46.0981 AM
[ReportManager] Browser Action [MaximizeWindow] successfully performed. With the following test data [New screen size is now: (1176, 803)]. @29-11-2021 01:51:46.0981 A

################################################################################################################################################
Starting Execution:	[124 out of 146] test cases in the current suite
Test Method:		[testPackage01.Test_dragAndDrop.dragAndDrop]
Test Description:	[TC001 - Test Drag and Drop function.]
################################################################################################################################################
[ReportManager] Target URL: [http://the-internet.herokuapp.com/drag_and_drop] @29-11-2021 01:51:46.0985 AM
[ReportManager] Initial URL: [] @29-11-2021 01:51:47.0048 AM
[ReportManager] Browser Action [NavigateToURL] successfully performed. With the following test data [http://the-internet.herokuapp.com/drag_and_drop]. @29-11-2021 01:51:48.0008 AM
[ReportManager] Attempting Drag and Drop @29-11-2021 01:51:48.0008 AM
[ReportManager] Element Action [DragAndDrop] successfully performed. With the following test data [Start point: (120, 89), End point: (335, 89)]. @29-11-2021 01:51:48.0642 A
[ReportManager] Browser Action [CloseCurrentWindow] successfully performed. @29-11-2021 01:51:48.0936 AM
[ReportManager] Successfully created attachment [Browser Action Test Data - CloseCurrentWindow - Actual Value] @29-11-2021 01:51:48.0936 A
[ReportManager] File Action [GetAbsolutePath] successfully performed. With the following test data [Relative Folder Path: "target/downloadedFiles/"]. @29-11-2021 01:51:48.0938 AM
[ReportManager] Attempting to run locally on: [Mac-64], [Safari], Headless Execution. @29-11-2021 01:51:48.0938 AM
[ReportManager] Successfully Opened Safari. @29-11-2021 01:51:49.0734 AM
[ReportManager] Initial window size: (800, 600) @29-11-2021 01:51:49.0765 AM
[ReportManager] Window size after SWD Maximize: (1176, 803) @29-11-2021 01:51:49.0779 AM
[ReportManager] Browser Action [MaximizeWindow] successfully performed. With the following test data [New screen size is now: (1176, 803)]. @29-11-2021 01:51:49.0780 A

################################################################################################################################################
Starting Execution:	[125 out of 146] test cases in the current suite
Test Method:		[testPackage01.Test_dragAndDrop.dragAndDropByOffset]
Test Description:	[TC002 - Test Drag and Drop by offset function.]
################################################################################################################################################
[ReportManager] Target URL: [https://jqueryui.com/resources/demos/draggable/default.html] @29-11-2021 01:51:49.0782 AM
[ReportManager] Initial URL: [] @29-11-2021 01:51:49.0841 AM
[ReportManager] Browser Action [NavigateToURL] successfully performed. With the following test data [https://jqueryui.com/resources/demos/draggable/default.html]. @29-11-2021 01:51:50.0314 AM
[ReportManager] Element Action [DragAndDropByOffset] successfully performed. With the following test data [Start point: (8, 8), End point: (108, 58)]. @29-11-2021 01:51:51.0121 A
[ReportManager] Browser Action [CloseCurrentWindow] successfully performed. @29-11-2021 01:51:51.0418 AM
[ReportManager] Successfully created attachment [Browser Action Test Data - CloseCurrentWindow - Actual Value] @29-11-2021 01:51:51.0419 A
[ReportManager] Successfully loaded the following test data file [src/test/resources/testDataFiles/testSuite01/TestData.xlsx]. @29-11-2021 01:51:51.0452 AM
[ReportManager] Successfully created attachment [Test Data - Excel] @29-11-2021 01:51:51.0453 AM
[ReportManager] File Action [GetAbsolutePath] successfully performed. With the following test data [Relative Folder Path: "target/downloadedFiles/"]. @29-11-2021 01:51:51.0453 AM
[ReportManager] Attempting to run locally on: [Mac-64], [Safari], Headless Execution. @29-11-2021 01:51:51.0453 AM
[ReportManager] Successfully Opened Safari. @29-11-2021 01:51:52.0265 AM
[ReportManager] Initial window size: (800, 600) @29-11-2021 01:51:52.0298 AM
[ReportManager] Window size after SWD Maximize: (1176, 803) @29-11-2021 01:51:52.0317 AM
[ReportManager] Browser Action [MaximizeWindow] successfully performed. With the following test data [New screen size is now: (1176, 803)]. @29-11-2021 01:51:52.0317 A

################################################################################################################################################
Starting Execution:	[126 out of 146] test cases in the current suite
Test Method:		[testPackage01.Test_google.navigateToURLandVerifyGoogleLogoIsDisplayed]
Test Description:	[TC001 - Navigate to URL and Verify Google Logo is Displayed]
################################################################################################################################################
[ReportManager] Target URL: [https://www.google.com/ncr], and after redirection: [https://www.google.com] @29-11-2021 01:51:52.0320 AM
[ReportManager] Initial URL: [] @29-11-2021 01:51:52.0381 AM
[ReportManager] Browser Action [NavigateToURL] successfully performed. With the following test data [https://www.google.com/ncr]. @29-11-2021 01:51:53.0888 AM
[ReportManager] Loaded Shared OpenCV @29-11-2021 01:51:53.0963 AM
[ReportManager] Assertion Passed: Then I Assert that the element found by [By.xpath: //*[@id='hplogo' or @alt='Google']] exists. @29-11-2021 01:51:54.0063 AM
[ReportManager] Successfully created attachment [Screenshot - 1638150713963_navigateToURLandVerifyGoogleLogoIsDisplayed_ValidateElementExists_passed] @29-11-2021 01:51:54.0064 AM
[ReportManager] Assertion [ValidateElementExists] PASSED. Expected [Element Should Exist, locator 'By.xpath: //*[@id='hplogo' or @alt='Google']'] and Actual [Element Exists]. Comparison Type [EQUALS]. Validation Type [POSITIVE]. @29-11-2021 01:51:54.0064 A

################################################################################################################################################
Starting Execution:	[127 out of 146] test cases in the current suite
Test Method:		[testPackage01.Test_google.searchForQueryandAssertResultsNumDisplayed]
Test Description:	[TC002 - Search for Query and Assert that the number of results is displayed]
################################################################################################################################################
[ReportManager] Element Action [Type] successfully performed. With the following test data [SHAFT_Engine]. @29-11-2021 01:51:54.0224 AM
[ReportManager] Element Action [KeyPress] successfully performed. With the following test data [Enter]. @29-11-2021 01:51:54.0398 AM
[ReportManager] Element Action [GetText] successfully performed. With the following test data [About 709,000 results (0.79 seconds)]. @29-11-2021 01:51:55.0897 AM
[ReportManager] Loaded Shared OpenCV @29-11-2021 01:51:56.0108 AM
[ReportManager] Assertion Passed: Then I Assert that the element found by [By.id: appbar] text does not equal []. @29-11-2021 01:51:56.0219 AM
[ReportManager] Successfully created attachment [Screenshot - 1638150716108_searchForQueryandAssertResultsNumDisplayed_ValidateElementAttribute_passed] @29-11-2021 01:51:56.0221 AM
[ReportManager] Assertion [ValidateElementAttribute] PASSED. Expected [Value Should not be '' for the 'text' attribute, element locator 'By.id: appbar'] and Actual [About 709,000 results (0.79 seconds)]. Comparison Type [EQUALS]. Validation Type [NEGATIVE]. @29-11-2021 01:51:56.0221 A

################################################################################################################################################
Starting Execution:	[128 out of 146] test cases in the current suite
Test Method:		[testPackage01.Test_google.clickNextThrice]
Test Description:	[TC003 - Clicks the next button to make sure that the framework can scroll element into view before clicking it]
################################################################################################################################################
[ReportManager] Element Action [Click] successfully performed. With the following test data [By.xpath: //span[text()='Next']]. @29-11-2021 01:51:56.0432 A
[ReportManager] Successfully Closed All Drivers. @29-11-2021 01:51:56.0626 A
[ReportManager] File Action [GetAbsolutePath] successfully performed. With the following test data [Relative Folder Path: "target/downloadedFiles/"]. @29-11-2021 01:51:56.0628 AM
[ReportManager] Attempting to run locally on: [Mac-64], [Safari], Headless Execution. @29-11-2021 01:51:56.0628 AM
[ReportManager] Successfully Opened Safari. @29-11-2021 01:51:57.0464 AM
[ReportManager] Initial window size: (800, 600) @29-11-2021 01:51:57.0498 AM
[ReportManager] Window size after SWD Maximize: (1176, 803) @29-11-2021 01:51:57.0512 AM
[ReportManager] Browser Action [MaximizeWindow] successfully performed. With the following test data [New screen size is now: (1176, 803)]. @29-11-2021 01:51:57.0512 A

################################################################################################################################################
Starting Execution:	[129 out of 146] test cases in the current suite
Test Method:		[testPackage01.Test_chainableElementActions.chainElementActions]
################################################################################################################################################
[ReportManager] Target URL: [https://www.google.com/ncr], and after redirection: [https://www.google.com] @29-11-2021 01:51:57.0515 AM
[ReportManager] Initial URL: [] @29-11-2021 01:51:57.0564 AM
[ReportManager] Browser Action [NavigateToURL] successfully performed. With the following test data [https://www.google.com/ncr]. @29-11-2021 01:51:58.0916 AM
[ReportManager] Element Action [Type] successfully performed. With the following test data [chained type 1]. @29-11-2021 01:51:59.0110 AM
[ReportManager] Element Action [Type] successfully performed. With the following test data [chained type 2]. @29-11-2021 01:51:59.0472 AM
[ReportManager] Element Action [TypeAppend] successfully performed. With the following test data [345]. @29-11-2021 01:51:59.0584 AM
[ReportManager] Element Action [GetText] successfully performed. With the following test data [chained type 2345]. @29-11-2021 01:51:59.0681 AM
[ReportManager] Loaded Shared OpenCV @29-11-2021 01:51:59.0763 AM
[ReportManager] Assertion Passed: Then I Assert that the element found by [By.name: q] text is equal to [chained type 2345]. @29-11-2021 01:51:59.0916 AM
[ReportManager] Successfully created attachment [Screenshot - 1638150719763_chainElementActions_ValidateElementAttribute_passed] @29-11-2021 01:51:59.0918 AM
[ReportManager] Assertion [ValidateElementAttribute] PASSED. Expected [Value Should be 'chained type 2345' for the 'text' attribute, element locator 'By.name: q'] and Actual [chained type 2345]. Comparison Type [EQUALS]. Validation Type [POSITIVE]. @29-11-2021 01:51:59.0918 A
[ReportManager] Successfully Closed All Drivers. @29-11-2021 01:52:00.0054 A
[ReportManager] File Action [GetAbsolutePath] successfully performed. With the following test data [Relative Folder Path: "target/downloadedFiles/"]. @29-11-2021 01:52:00.0056 AM
[ReportManager] Attempting to run locally on: [Mac-64], [Safari], Headless Execution. @29-11-2021 01:52:00.0056 AM
[ReportManager] Successfully Opened Safari. @29-11-2021 01:52:00.0869 AM
[ReportManager] Initial window size: (800, 600) @29-11-2021 01:52:00.0898 AM
[ReportManager] Window size after SWD Maximize: (1176, 803) @29-11-2021 01:52:00.0912 AM
[ReportManager] Browser Action [MaximizeWindow] successfully performed. With the following test data [New screen size is now: (1176, 803)]. @29-11-2021 01:52:00.0913 A

################################################################################################################################################
Starting Execution:	[130 out of 146] test cases in the current suite
Test Method:		[testPackage01.Test_RelativeLocators.relativeLocatorsTest1]
################################################################################################################################################
[ReportManager] Target URL: [https://duckduckgo.com/] @29-11-2021 01:52:00.0916 AM
[ReportManager] Initial URL: [] @29-11-2021 01:52:00.0964 AM
[ReportManager] Browser Action [NavigateToURL] successfully performed. With the following test data [https://duckduckgo.com/]. @29-11-2021 01:52:01.0706 AM
[ReportManager] Element Action [Type] successfully performed. With the following test data [SHAFT_Engine]. @29-11-2021 01:52:01.0846 AM
[ReportManager] Element Action [KeyPress] successfully performed. With the following test data [ENTER]. @29-11-2021 01:52:01.0912 AM
[ReportManager] Element Action [GetText] successfully performed. With the following test data [GitHub - MohabMohie/SHAFT_ENGINE: SHAFT_ENGINE is a Test ...]. @29-11-2021 01:52:03.0602 AM
[ReportManager] Loaded Shared OpenCV @29-11-2021 01:52:03.0726 AM
[ReportManager] Assertion Passed: Then I Assert that the element found by [Relative Locator: {root={xpath=//a[@class='result__a js-result-title-link']}, filters=[{kind=below, args=[{xpath=//input[@name='q']}]}]}] text does not equal []. @29-11-2021 01:52:03.0933 AM
[ReportManager] Successfully created attachment [Screenshot - 1638150723726_relativeLocatorsTest1_ValidateElementAttribute_passed] @29-11-2021 01:52:03.0936 AM
[ReportManager] Assertion [ValidateElementAttribute] PASSED. Expected [Value Should not be '' for the 'text' attribute, element locator '[unknown locator]'] and Actual [GitHub - MohabMohie/SHAFT_ENGINE: SHAFT_ENGINE is a Test ...]. Comparison Type [EQUALS]. Validation Type [NEGATIVE]. @29-11-2021 01:52:03.0936 A
[ReportManager] Browser Action [CloseCurrentWindow] successfully performed. @29-11-2021 01:52:04.0240 AM
[ReportManager] Successfully created attachment [Browser Action Test Data - CloseCurrentWindow - Actual Value] @29-11-2021 01:52:04.0244 A

################################################################################################################################################
Starting Execution:	[131 out of 146] test cases in the current suite
Test Method:		[testPackage01.Test_JsonCompareWithSpecialCharacters.specialCharacters]
################################################################################################################################################
[ReportManager] File Action [GetAbsolutePath] successfully performed. With the following test data [Relative Folder Path: "src/test/resources/testDataFiles/specialCharacters.json"]. @29-11-2021 01:52:04.0251 AM
[ReportManager] File Action [ReadFromFile] successfully performed. With the following test data [File Path: "/Users/runner/work/SHAFT_ENGINE/SHAFT_ENGINE/src/test/resources/testDataFiles/specialCharacters.json"]. @29-11-2021 01:52:04.0251 AM
[ReportManager] Successfully created attachment [File Action Actual Result - Command Log] @29-11-2021 01:52:04.0252 AM
[ReportManager] Comparing the provided API response with the file at this path "src/test/resources/testDataFiles/specialCharacters.json", comparison type "EQUALS" @29-11-2021 01:52:04.0254 AM
[ReportManager] API Action [CompareJSON] successfully performed. With the following test data [src/test/resources/testDataFiles/specialCharacters.json]. @29-11-2021 01:52:04.0262 AM
[ReportManager] File Action [GetAbsolutePath] successfully performed. With the following test data [Relative Folder Path: "src/test/resources/testDataFiles/specialCharacters.json"]. @29-11-2021 01:52:04.0262 AM
[ReportManager] File Action [ReadFromFile] successfully performed. With the following test data [File Path: "/Users/runner/work/SHAFT_ENGINE/SHAFT_ENGINE/src/test/resources/testDataFiles/specialCharacters.json"]. @29-11-2021 01:52:04.0262 AM
[ReportManager] Verification [ValidateJSONFileContent] PASSED. Expected [Response data should match the JSON File in this path 'src/test/resources/testDataFiles/specialCharacters.json'] and Actual [TRUE]. Comparison Type [EQUALS]. Validation Type [POSITIVE]. @29-11-2021 01:52:04.0267 AM
[ReportManager] Successfully created attachment [Validation Test Data - Expected JSON Value] @29-11-2021 01:52:04.0268 AM
[ReportManager] Successfully created attachment [Validation Test Data - Actual JSON Value] @29-11-2021 01:52:04.0268 A

################################################################################################################################################
Starting Execution:	[132 out of 146] test cases in the current suite
Test Method:		[testPackage01.Test_JsonCompareWithSpecialCharacters.specialCharacters_assertion]
################################################################################################################################################
[ReportManager] File Action [GetAbsolutePath] successfully performed. With the following test data [Relative Folder Path: "src/test/resources/testDataFiles/specialCharacters.json"]. @29-11-2021 01:52:04.0271 AM
[ReportManager] File Action [ReadFromFile] successfully performed. With the following test data [File Path: "/Users/runner/work/SHAFT_ENGINE/SHAFT_ENGINE/src/test/resources/testDataFiles/specialCharacters.json"]. @29-11-2021 01:52:04.0272 AM
[ReportManager] Successfully created attachment [File Action Actual Result - Command Log] @29-11-2021 01:52:04.0272 AM
[ReportManager] Comparing the provided API response with the file at this path "src/test/resources/testDataFiles/specialCharacters.json", comparison type "CONTAINS" @29-11-2021 01:52:04.0272 AM
[ReportManager] API Action [CompareJSON] successfully performed. With the following test data [src/test/resources/testDataFiles/specialCharacters.json]. @29-11-2021 01:52:04.0283 AM
[ReportManager] File Action [GetAbsolutePath] successfully performed. With the following test data [Relative Folder Path: "src/test/resources/testDataFiles/specialCharacters.json"]. @29-11-2021 01:52:04.0284 AM
[ReportManager] File Action [ReadFromFile] successfully performed. With the following test data [File Path: "/Users/runner/work/SHAFT_ENGINE/SHAFT_ENGINE/src/test/resources/testDataFiles/specialCharacters.json"]. @29-11-2021 01:52:04.0284 AM
[ReportManager] Assertion Passed: trying out the log message @29-11-2021 01:52:04.0288 AM
[ReportManager] Successfully created attachment [Validation Test Data - Expected JSON Value] @29-11-2021 01:52:04.0289 AM
[ReportManager] Successfully created attachment [Validation Test Data - Actual JSON Value] @29-11-2021 01:52:04.0289 AM
[ReportManager] Assertion [ValidateJSONFileContent] PASSED. Expected [Response data should match the JSON File in this path 'src/test/resources/testDataFiles/specialCharacters.json'] and Actual [TRUE]. Comparison Type [CONTAINS]. Validation Type [POSITIVE]. @29-11-2021 01:52:04.0289 A

################################################################################################################################################
Starting Execution:	[133 out of 146] test cases in the current suite
Test Method:		[testPackage01.Test_SkipDueToIssue.doNotSkip]
################################################################################################################################################
[ReportManager] This should not be skipped. @29-11-2021 01:52:04.0292 A

################################################################################################################################################
Starting Execution:	[134 out of 146] test cases in the current suite
Test Method:		[testPackage01.Test_SkipDueToIssue.skip]
################################################################################################################################################
[ReportManager] This should be skipped. @29-11-2021 01:52:04.0298 A

################################################################################################################################################
Starting Execution:	[135 out of 146] test cases in the current suite
Test Method:		[testPackage01.Test_SkipDueToIssue.skip2]
################################################################################################################################################
[ReportManager] This should be skipped. @29-11-2021 01:52:04.0304 A

################################################################################################################################################
Starting Execution:	[136 out of 146] test cases in the current suite
Test Method:		[testPackage01.Test_JSONFileManager.readStringFromJson]
################################################################################################################################################
[ReportManager] File Action [GetAbsolutePath] successfully performed. With the following test data [Relative Folder Path: "src/test/resources/testDataFiles/simpleJSON.json"]. @29-11-2021 01:52:04.0309 AM
[ReportManager] Successfully loaded the following test data file [src/test/resources/testDataFiles/simpleJSON.json]. @29-11-2021 01:52:04.0310 AM
[ReportManager] Successfully created attachment [Test Data - JSON] @29-11-2021 01:52:04.0310 AM
[ReportManager] File Action [GetAbsolutePath] successfully performed. With the following test data [Relative Folder Path: "src/test/resources/testDataFiles/simpleJSON.json"]. @29-11-2021 01:52:04.0311 AM
[ReportManager] Assertion [ValidateEquals] PASSED. Expected [Mohab Mohie] and Actual [Mohab Mohie]. Comparison Type [EQUALS]. Validation Type [POSITIVE]. @29-11-2021 01:52:04.0326 A
[ReportManager] File Action [GetAbsolutePath] successfully performed. With the following test data [Relative Folder Path: "target/downloadedFiles/"]. @29-11-2021 01:52:04.0330 AM
[ReportManager] Attempting to run locally on: [Mac-64], [Safari], Headless Execution. @29-11-2021 01:52:04.0330 AM
[ReportManager] Successfully Opened Safari. @29-11-2021 01:52:05.0146 AM
[ReportManager] Initial window size: (800, 600) @29-11-2021 01:52:05.0180 AM
[ReportManager] Window size after SWD Maximize: (1176, 803) @29-11-2021 01:52:05.0212 AM
[ReportManager] Browser Action [MaximizeWindow] successfully performed. With the following test data [New screen size is now: (1176, 803)]. @29-11-2021 01:52:05.0212 A

################################################################################################################################################
Starting Execution:	[137 out of 146] test cases in the current suite
Test Method:		[testPackage01.Test_assertEquals.test_assertElementAttribute]
################################################################################################################################################
[ReportManager] Target URL: [https://www.google.com/ncr], and after redirection: [https://www.google.com] @29-11-2021 01:52:05.0214 AM
[ReportManager] Initial URL: [] @29-11-2021 01:52:05.0288 AM
[ReportManager] Browser Action [NavigateToURL] successfully performed. With the following test data [https://www.google.com/ncr]. @29-11-2021 01:52:06.0135 AM
[ReportManager] Element Action [Type] successfully performed. With the following test data [INC_004010050:Another SCHEDULER with the same name [Duplicate Job Name] already exists.]. @29-11-2021 01:52:06.0679 AM
[ReportManager] Element Action [GetText] successfully performed. With the following test data [INC_004010050:Another SCHEDULER with the same name [Duplicate Job Name] already exists.]. @29-11-2021 01:52:06.0757 AM
[ReportManager] Loaded Shared OpenCV @29-11-2021 01:52:06.0812 AM
[ReportManager] Assertion [ValidateElementAttribute] PASSED. Expected [Value Should be 'INC_004010050:Another SCHEDULER with the same name \[Duplicate Job Name\] already exists.' for the 'text' attribute, element locator 'By.name: q'] and Actual [INC_004010050:Another SCHEDULER with the same name [Duplicate Job Name] already exists.]. Comparison Type [MATCHES]. Validation Type [POSITIVE]. @29-11-2021 01:52:06.0952 AM
[ReportManager] Successfully created attachment [Screenshot - 1638150726812_test_assertElementAttribute_ValidateElementAttribute_passed] @29-11-2021 01:52:06.0954 A
[ReportManager] Browser Action [CloseCurrentWindow] successfully performed. @29-11-2021 01:52:07.0186 AM
[ReportManager] Successfully created attachment [Browser Action Test Data - CloseCurrentWindow - Actual Value] @29-11-2021 01:52:07.0187 A
[ReportManager] File Action [GetAbsolutePath] successfully performed. With the following test data [Relative Folder Path: "target/downloadedFiles/"]. @29-11-2021 01:52:07.0189 AM
[ReportManager] Attempting to run locally on: [Mac-64], [Safari], Headless Execution. @29-11-2021 01:52:07.0189 AM
[ReportManager] Successfully Opened Safari. @29-11-2021 01:52:08.0003 AM
[ReportManager] Initial window size: (800, 600) @29-11-2021 01:52:08.0029 AM
[ReportManager] Window size after SWD Maximize: (1176, 803) @29-11-2021 01:52:08.0044 AM
[ReportManager] Browser Action [MaximizeWindow] successfully performed. With the following test data [New screen size is now: (1176, 803)]. @29-11-2021 01:52:08.0044 A

################################################################################################################################################
Starting Execution:	[138 out of 146] test cases in the current suite
Test Method:		[testPackage01.Test_IsElementClickable.testIsElementClickable]
################################################################################################################################################
[ReportManager] Target URL: [https://the-internet.herokuapp.com/] @29-11-2021 01:52:08.0047 AM
[ReportManager] Initial URL: [] @29-11-2021 01:52:08.0099 AM
[ReportManager] Browser Action [NavigateToURL] successfully performed. With the following test data [https://the-internet.herokuapp.com/]. @29-11-2021 01:52:09.0255 AM
[ReportManager] Element Action [IsElementClickable] successfully performed. @29-11-2021 01:52:09.0363 AM
[ReportManager] Assertion [ValidateTrue] PASSED. Expected [TRUE] and Actual [TRUE]. Validation Type [POSITIVE]. @29-11-2021 01:52:09.0363 A
[ReportManager] Browser Action [CloseCurrentWindow] successfully performed. @29-11-2021 01:52:09.0792 AM
[ReportManager] Successfully created attachment [Browser Action Test Data - CloseCurrentWindow - Actual Value] @29-11-2021 01:52:09.0792 A
[ReportManager] Successfully loaded the following test data file [src/test/resources/testDataFiles/testSuite01/TestData.xlsx]. @29-11-2021 01:52:09.0822 AM
[ReportManager] Successfully created attachment [Test Data - Excel] @29-11-2021 01:52:09.0823 AM
[ReportManager] Attempting to run using Playwright locally on: [Mac-64], [Safari], Headless Execution. @29-11-2021 01:52:49.0614 AM
[ReportManager] File Action [GetAbsolutePath] successfully performed. With the following test data [Relative Folder Path: "target/downloadedFiles/"]. @29-11-2021 01:52:49.0615 AM
[ReportManager] Initial window size: (1280, 720) @29-11-2021 01:52:54.0270 AM
[ReportManager] Window size after Toolkit: com.microsoft.playwright.options.ViewportSize@61a2721d @29-11-2021 01:52:54.0279 AM
[ReportManager] Browser Action [MaximizeWindow] successfully performed. With the following test data [New screen size is now: (1920, 1080)]. @29-11-2021 01:52:54.0280 A

################################################################################################################################################
Starting Execution:	[139 out of 146] test cases in the current suite
Test Method:		[testPackage01.Test_google_playwright.navigateToURLandVerifyGoogleLogoIsDisplayed]
Test Description:	[TC001 - Navigate to URL and Verify Google Logo is Displayed]
################################################################################################################################################
[ReportManager] Target URL: [https://www.google.com/ncr], and after redirection: [https://www.google.com] @29-11-2021 01:52:54.0435 AM
[ReportManager] Initial URL: [about:blank] @29-11-2021 01:52:54.0858 AM
[ReportManager] Browser Action [NavigateToURL] successfully performed. With the following test data [https://www.google.com/ncr]. @29-11-2021 01:52:56.0531 AM
[ReportManager] Loaded Shared OpenCV @29-11-2021 01:52:56.0628 AM
[ReportManager] Assertion [ValidateElementExists] PASSED. Expected [Element Should Exist, locator 'xpath=//*[@id='hplogo' or @alt='Google']'] and Actual [Element Exists]. Comparison Type [EQUALS]. Validation Type [POSITIVE]. @29-11-2021 01:52:56.0840 AM
[ReportManager] Successfully created attachment [Screenshot - 1638150776625_navigateToURLandVerifyGoogleLogoIsDisplayed_ValidateElementExists_passed] @29-11-2021 01:52:56.0841 A

################################################################################################################################################
Starting Execution:	[140 out of 146] test cases in the current suite
Test Method:		[testPackage01.Test_google_playwright.searchForQueryandAssertResultsNumDisplayed]
Test Description:	[TC002 - Search for Query and Assert that the number of results is displayed]
################################################################################################################################################
[ReportManager] Element Action [Type] successfully performed. With the following test data [SHAFT_Engine]. @29-11-2021 01:52:57.0015 AM
[ReportManager] Element Action [KeyPress] successfully performed. With the following test data [Enter]. @29-11-2021 01:52:57.0139 AM
[ReportManager] Element Action [GetText] successfully performed. With the following test data [About 709,000 results (0.60 seconds)
]. @29-11-2021 01:52:58.0679 AM
[ReportManager] Loaded Shared OpenCV @29-11-2021 01:52:59.0446 AM
[ReportManager] Assertion [ValidateElementAttribute] PASSED. Expected [Value Should not be '' for the 'text' attribute, element locator 'xpath=//div[@id='appbar']'] and Actual [About 709,000 results (0.60 seconds)
]. Comparison Type [EQUALS]. Validation Type [NEGATIVE]. @29-11-2021 01:52:59.0693 AM
[ReportManager] Successfully created attachment [Screenshot - 1638150779445_searchForQueryandAssertResultsNumDisplayed_ValidateElementAttribute_passed] @29-11-2021 01:52:59.0695 A

################################################################################################################################################
Starting Execution:	[141 out of 146] test cases in the current suite
Test Method:		[testPackage01.Test_google_playwright.clickNextThrice]
Test Description:	[TC003 - Clicks the next button to make sure that the framework can scroll element into view before clicking it]
################################################################################################################################################
[ReportManager] Element Action [Click] successfully performed. With the following test data [Next]. @29-11-2021 01:52:59.0969 A
[ReportManager] Failed to find video recording. @29-11-2021 01:52:59.0971 AM
[ReportManager] Successfully Closed PlayWright Driver. @29-11-2021 01:53:00.0046 A
[ReportManager] File Action [GetAbsolutePath] successfully performed. With the following test data [Relative Folder Path: "target/downloadedFiles/"]. @29-11-2021 01:53:00.0047 AM
[ReportManager] Attempting to run locally on: [Mac-64], [Safari], Headless Execution. @29-11-2021 01:53:00.0048 AM
[ReportManager] Successfully Opened Safari. @29-11-2021 01:53:01.0291 AM
[ReportManager] Initial window size: (800, 600) @29-11-2021 01:53:01.0408 AM
[ReportManager] Window size after SWD Maximize: (1176, 803) @29-11-2021 01:53:01.0423 AM
[ReportManager] Browser Action [MaximizeWindow] successfully performed. With the following test data [New screen size is now: (1176, 803)]. @29-11-2021 01:53:01.0423 A

################################################################################################################################################
Starting Execution:	[142 out of 146] test cases in the current suite
Test Method:		[testPackage01.Test_verifyEquals.test_assertElementAttribute]
################################################################################################################################################
[ReportManager] Target URL: [https://www.google.com/ncr], and after redirection: [https://www.google.com] @29-11-2021 01:53:01.0430 AM
[ReportManager] Initial URL: [] @29-11-2021 01:53:01.0485 AM
[ReportManager] Browser Action [NavigateToURL] successfully performed. With the following test data [https://www.google.com/ncr]. @29-11-2021 01:53:02.0684 AM
[ReportManager] Element Action [Type] successfully performed. With the following test data [INC_004010050:Another SCHEDULER with the same name [Duplicate Job Name] already exists.]. @29-11-2021 01:53:14.0065 AM
[ReportManager] Element Action [GetText] successfully performed. With the following test data [INC_004010050:Another SCHEDULER with the same name [Duplicate Job Name] already exists.]. @29-11-2021 01:53:14.0162 AM
[ReportManager] Loaded Shared OpenCV @29-11-2021 01:53:14.0226 AM
[ReportManager] Verification [ValidateElementAttribute] PASSED. Expected [Value Should be 'INC_004010050:Another SCHEDULER with the same name \[Duplicate Job Name\] already exists.' for the 'text' attribute, element locator 'By.name: q'] and Actual [INC_004010050:Another SCHEDULER with the same name [Duplicate Job Name] already exists.]. Comparison Type [MATCHES]. Validation Type [POSITIVE]. @29-11-2021 01:53:14.0371 AM
[ReportManager] Successfully created attachment [Screenshot - 1638150794226_test_assertElementAttribute_ValidateElementAttribute_passed] @29-11-2021 01:53:14.0373 A
[ReportManager] Browser Action [CloseCurrentWindow] successfully performed. @29-11-2021 01:53:14.0779 AM
[ReportManager] Successfully created attachment [Browser Action Test Data - CloseCurrentWindow - Actual Value] @29-11-2021 01:53:14.0779 A

################################################################################################################################################
Starting Execution:	[143 out of 146] test cases in the current suite
Test Method:		[testPackage01.Test_SelectedValue.multipleSelect]
################################################################################################################################################
[ReportManager] File Action [GetAbsolutePath] successfully performed. With the following test data [Relative Folder Path: "target/downloadedFiles/"]. @29-11-2021 01:53:14.0783 AM
[ReportManager] Attempting to run locally on: [Mac-64], [GoogleChrome], Headless Execution. @29-11-2021 01:53:14.0784 AM
[ReportManager] Identifying OS/Driver combination and selecting the correct driver version automatically. Please note that if a new driver executable will be downloaded it may take some time... @29-11-2021 01:53:14.0784 AM
[ReportManager] Successfully Opened Google Chrome. @29-11-2021 01:53:18.0487 AM
[ReportManager] Initial window size: (1920, 1080) @29-11-2021 01:53:18.0493 AM
[ReportManager] Window size after SWD Maximize: (1920, 1080) @29-11-2021 01:53:18.0672 AM
[ReportManager] Window size after Toolkit: (1920, 1080) @29-11-2021 01:53:19.0235 AM
[ReportManager] Browser Action [MaximizeWindow] successfully performed. With the following test data [New screen size is now: (1920, 1080)]. @29-11-2021 01:53:19.0238 AM
[ReportManager] Target URL: [https://yari-demos.prod.mdn.mozit.cloud/en-US/docs/Web/HTML/Element/select/_sample_.Advanced_select_with_multiple_features.html] @29-11-2021 01:53:19.0238 AM
[ReportManager] Initial URL: [data:,] @29-11-2021 01:53:19.0269 AM
[ReportManager] Browser Action [NavigateToURL] successfully performed. With the following test data [https://yari-demos.prod.mdn.mozit.cloud/en-US/docs/Web/HTML/Element/select/_sample_.Advanced_select_with_multiple_features.html]. @29-11-2021 01:53:19.0877 AM
[ReportManager] Element Action [Select] successfully performed. With the following test data [Dog]. @29-11-2021 01:53:20.0080 AM
[ReportManager] Element Action [Select] successfully performed. With the following test data [Cat]. @29-11-2021 01:53:20.0242 AM
[ReportManager] Element Action [GetSelectedText] successfully performed. With the following test data [DogCat]. @29-11-2021 01:53:20.0331 AM
[ReportManager] DogCat @29-11-2021 01:53:20.0331 AM
[ReportManager] Element Action [GetSelectedText] successfully performed. With the following test data [DogCat]. @29-11-2021 01:53:20.0422 AM
[ReportManager] Loaded Shared OpenCV @29-11-2021 01:53:20.0672 AM
[ReportManager] Assertion [ValidateElementAttribute] PASSED. Expected [Value Should be 'DogCat' for the 'selectedText' attribute, element locator 'By.tagName: select'] and Actual [DogCat]. Comparison Type [EQUALS]. Validation Type [POSITIVE]. @29-11-2021 01:53:20.0835 AM
[ReportManager] Successfully created attachment [Screenshot - 1638150800672_multipleSelect_ValidateElementAttribute_passed] @29-11-2021 01:53:20.0836 AM
[ReportManager] Browser Action [CloseCurrentWindow] successfully performed. @29-11-2021 01:53:21.0060 AM
[ReportManager] Successfully created attachment [Browser Action Test Data - CloseCurrentWindow - Actual Value] @29-11-2021 01:53:21.0061 A

################################################################################################################################################
Starting Execution:	[144 out of 146] test cases in the current suite
Test Method:		[testPackage01.Test_SelectedValue.simpleSelect]
################################################################################################################################################
[ReportManager] File Action [GetAbsolutePath] successfully performed. With the following test data [Relative Folder Path: "target/downloadedFiles/"]. @29-11-2021 01:53:21.0066 AM
[ReportManager] Attempting to run locally on: [Mac-64], [GoogleChrome], Headless Execution. @29-11-2021 01:53:21.0066 AM
[ReportManager] Identifying OS/Driver combination and selecting the correct driver version automatically. Please note that if a new driver executable will be downloaded it may take some time... @29-11-2021 01:53:21.0066 AM
[ReportManager] Successfully Opened Google Chrome. @29-11-2021 01:53:21.0634 AM
[ReportManager] Initial window size: (1920, 1080) @29-11-2021 01:53:21.0638 AM
[ReportManager] Window size after SWD Maximize: (1920, 1080) @29-11-2021 01:53:21.0867 AM
[ReportManager] Window size after Toolkit: (1920, 1080) @29-11-2021 01:53:22.0370 AM
[ReportManager] Browser Action [MaximizeWindow] successfully performed. With the following test data [New screen size is now: (1920, 1080)]. @29-11-2021 01:53:22.0372 AM
[ReportManager] Target URL: [https://yari-demos.prod.mdn.mozit.cloud/en-US/docs/Web/HTML/Element/select/_sample_.Basic_select.html] @29-11-2021 01:53:22.0373 AM
[ReportManager] Initial URL: [data:,] @29-11-2021 01:53:22.0400 AM
[ReportManager] Browser Action [NavigateToURL] successfully performed. With the following test data [https://yari-demos.prod.mdn.mozit.cloud/en-US/docs/Web/HTML/Element/select/_sample_.Basic_select.html]. @29-11-2021 01:53:22.0618 AM
[ReportManager] Element Action [Select] successfully performed. With the following test data [Third Value]. @29-11-2021 01:53:22.0926 AM
[ReportManager] Element Action [GetSelectedText] successfully performed. With the following test data [Third Value]. @29-11-2021 01:53:22.0996 AM
[ReportManager] Third Value @29-11-2021 01:53:22.0996 AM
[ReportManager] Element Action [GetSelectedText] successfully performed. With the following test data [Third Value]. @29-11-2021 01:53:23.0061 AM
[ReportManager] Loaded Shared OpenCV @29-11-2021 01:53:23.0350 AM
[ReportManager] Assertion [ValidateElementAttribute] PASSED. Expected [Value Should be 'Third Value' for the 'selectedText' attribute, element locator 'By.tagName: select'] and Actual [Third Value]. Comparison Type [EQUALS]. Validation Type [POSITIVE]. @29-11-2021 01:53:23.0513 AM
[ReportManager] Successfully created attachment [Screenshot - 1638150803350_simpleSelect_ValidateElementAttribute_passed] @29-11-2021 01:53:23.0514 AM
[ReportManager] Browser Action [CloseCurrentWindow] successfully performed. @29-11-2021 01:53:23.0768 AM
[ReportManager] Successfully created attachment [Browser Action Test Data - CloseCurrentWindow - Actual Value] @29-11-2021 01:53:23.0768 A
[ReportManager] File Action [GetAbsolutePath] successfully performed. With the following test data [Relative Folder Path: "target/downloadedFiles/"]. @29-11-2021 01:53:23.0770 AM
[ReportManager] Attempting to run locally on: [Mac-64], [Safari], Headless Execution. @29-11-2021 01:53:23.0771 AM
[ReportManager] Successfully Opened Safari. @29-11-2021 01:53:24.0610 AM
[ReportManager] Initial window size: (800, 600) @29-11-2021 01:53:24.0646 AM
[ReportManager] Window size after SWD Maximize: (1176, 803) @29-11-2021 01:53:24.0675 AM
[ReportManager] Browser Action [MaximizeWindow] successfully performed. With the following test data [New screen size is now: (1176, 803)]. @29-11-2021 01:53:24.0675 A

################################################################################################################################################
Starting Execution:	[145 out of 146] test cases in the current suite
Test Method:		[testPackage01.Test_dynamicLoading.dynamicLoading_elementIsHidden]
################################################################################################################################################
[ReportManager] Target URL: [https://the-internet.herokuapp.com/dynamic_loading/1] @29-11-2021 01:53:24.0719 AM
[ReportManager] Initial URL: [] @29-11-2021 01:53:24.0754 AM
[ReportManager] Browser Action [NavigateToURL] successfully performed. With the following test data [https://the-internet.herokuapp.com/dynamic_loading/1]. @29-11-2021 01:53:26.0842 AM
[ReportManager] Element Action [Click] successfully performed. With the following test data [By.xpath: //button[text()='Start']]. @29-11-2021 01:53:27.0045 AM
[ReportManager] Element Action [GetText] successfully performed. With the following test data [
    Hello World!
  ]. @29-11-2021 01:53:27.0090 A
[ReportManager] Browser Action [CloseCurrentWindow] successfully performed. @29-11-2021 01:53:27.0543 AM
[ReportManager] Successfully created attachment [Browser Action Test Data - CloseCurrentWindow - Actual Value] @29-11-2021 01:53:27.0543 A
[ReportManager] File Action [GetAbsolutePath] successfully performed. With the following test data [Relative Folder Path: "target/downloadedFiles/"]. @29-11-2021 01:53:27.0545 AM
[ReportManager] Attempting to run locally on: [Mac-64], [Safari], Headless Execution. @29-11-2021 01:53:27.0545 AM
[ReportManager] Successfully Opened Safari. @29-11-2021 01:53:28.0357 AM
[ReportManager] Initial window size: (800, 600) @29-11-2021 01:53:28.0379 AM
[ReportManager] Window size after SWD Maximize: (1176, 803) @29-11-2021 01:53:28.0409 AM
[ReportManager] Browser Action [MaximizeWindow] successfully performed. With the following test data [New screen size is now: (1176, 803)]. @29-11-2021 01:53:28.0409 A

################################################################################################################################################
Starting Execution:	[146 out of 146] test cases in the current suite
Test Method:		[testPackage01.Test_dynamicLoading.dynamicLoading_elementIsRendered]
################################################################################################################################################
[ReportManager] Target URL: [https://the-internet.herokuapp.com/dynamic_loading/2] @29-11-2021 01:53:28.0453 AM
[ReportManager] Initial URL: [] @29-11-2021 01:53:28.0495 AM
[ReportManager] Browser Action [NavigateToURL] successfully performed. With the following test data [https://the-internet.herokuapp.com/dynamic_loading/2]. @29-11-2021 01:53:29.0626 AM
[ReportManager] Element Action [Click] successfully performed. With the following test data [By.xpath: //button[text()='Start']]. @29-11-2021 01:53:29.0822 AM
[ReportManager] Element Action [GetText] successfully performed. With the following test data [Hello World!]. @29-11-2021 01:53:35.0434 AM
[ReportManager] Loaded Shared OpenCV @29-11-2021 01:53:35.0482 AM
[ReportManager] Assertion [ValidateElementAttribute] PASSED. Expected [Value Should be 'Hello World!' for the 'text' attribute, element locator 'By.id: finish'] and Actual [Hello World!]. Comparison Type [CONTAINS]. Validation Type [POSITIVE]. @29-11-2021 01:53:35.0566 AM
[ReportManager] Successfully created attachment [Screenshot - 1638150815482_dynamicLoading_elementIsRendered_ValidateElementAttribute_passed] @29-11-2021 01:53:35.0567 A
[ReportManager] Browser Action [CloseCurrentWindow] successfully performed. @29-11-2021 01:53:35.0871 AM
[ReportManager] Successfully created attachment [Browser Action Test Data - CloseCurrentWindow - Actual Value] @29-11-2021 01:53:35.0871 A
[ReportManager] Successfully created attachment [SHAFT Engine Logs - Execution log] @29-11-2021 01:53:35.0905 AM

################################################################################################################################################
This test run was powered by SHAFT Engine Version: [SHAFT Engine v5.4.20211122-BETA]
SHAFT Engine is licensed under the MIT License: [https://github.com/MohabMohie/SHAFT_ENGINE/blob/master/LICENSE].
################################################################################################################################################