################################################################################################################################################
Detected SHAFT Engine Version: [SHAFT Engine v5.4.20211104-BETA]
################################################################################################################################################
[ReportManager] File Action [GetAbsolutePath] successfully performed. With the following test data [Relative Folder Path: "target/downloadedFiles/"]. @08-11-2021 01:49:15.0206 AM
[ReportManager] Attempting to run locally on: [Mac-64], [Safari], Headless Execution. @08-11-2021 01:49:15.0221 AM
[ReportManager] Successfully Opened Safari. @08-11-2021 01:49:19.0154 AM
[ReportManager] Initial window size: (800, 600) @08-11-2021 01:49:19.0177 AM
[ReportManager] Window size after SWD Maximize: (1176, 810) @08-11-2021 01:49:19.0204 AM
[ReportManager] Browser Action [MaximizeWindow] successfully performed. With the following test data [New screen size is now: (1176, 810)]. @08-11-2021 01:49:19.0217 A

################################################################################################################################################
Starting Execution:	[1 out of 146] test cases in the current suite
Test Method:		[unitTests.tests_element_elementActions.waitForElementToBePresent_false_expectedToFail]
################################################################################################################################################
[ReportManager] Target URL: [https://www.google.com/ncr], and after redirection: [www.google.com] @08-11-2021 01:49:19.0344 AM
[ReportManager] Initial URL: [] @08-11-2021 01:49:19.0408 AM
[ReportManager] Browser Action [NavigateToURL] successfully performed. With the following test data [https://www.google.com/ncr]. @08-11-2021 01:49:20.0920 AM
[ReportManager] Waiting for element to be present; elementLocator [By.xpath: //*[@id='hplogo' or @alt='Google']], numberOfTries[1], stateOfPresence[false]... @08-11-2021 01:49:20.0930 AM
[ReportManager] Element Action [WaitForElementToBePresent] failed. With the following test data [waited for the element's state of presence to be (false). Element locator (By.xpath: //*[@id='hplogo' or @alt='Google'])]. @08-11-2021 01:49:23.0284 AM
[ReportManager] Successfully created attachment [Screenshot - 1636336160989_waitForElementToBePresent_false_expectedToFail_WaitForElementToBePresent_failed] @08-11-2021 01:49:23.0299 A
[ReportManager] Browser Action [CloseCurrentWindow] successfully performed. @08-11-2021 01:49:23.0657 AM
[ReportManager] Successfully created attachment [Browser Action Test Data - CloseCurrentWindow - Actual Value] @08-11-2021 01:49:23.0659 A
[ReportManager] File Action [GetAbsolutePath] successfully performed. With the following test data [Relative Folder Path: "target/downloadedFiles/"]. @08-11-2021 01:49:23.0672 AM
[ReportManager] Attempting to run locally on: [Mac-64], [Safari], Headless Execution. @08-11-2021 01:49:23.0673 AM
[ReportManager] Successfully Opened Safari. @08-11-2021 01:49:24.0560 AM
[ReportManager] Initial window size: (800, 600) @08-11-2021 01:49:24.0568 AM
[ReportManager] Window size after SWD Maximize: (1176, 811) @08-11-2021 01:49:24.0590 AM
[ReportManager] Browser Action [MaximizeWindow] successfully performed. With the following test data [New screen size is now: (1176, 811)]. @08-11-2021 01:49:24.0591 A

################################################################################################################################################
Starting Execution:	[2 out of 146] test cases in the current suite
Test Method:		[unitTests.tests_element_elementActions.waitForElementToBePresent_false_expectedToPass]
################################################################################################################################################
[ReportManager] Target URL: [https://www.google.com/ncr], and after redirection: [www.google.com] @08-11-2021 01:49:24.0597 AM
[ReportManager] Initial URL: [] @08-11-2021 01:49:24.0667 AM
[ReportManager] Browser Action [NavigateToURL] successfully performed. With the following test data [https://www.google.com/ncr]. @08-11-2021 01:49:25.0503 AM
[ReportManager] Waiting for element to be present; elementLocator [By.id: bla], numberOfTries[1], stateOfPresence[false]... @08-11-2021 01:49:25.0503 A
[ReportManager] Browser Action [CloseCurrentWindow] successfully performed. @08-11-2021 01:49:25.0887 AM
[ReportManager] Successfully created attachment [Browser Action Test Data - CloseCurrentWindow - Actual Value] @08-11-2021 01:49:25.0888 A
[ReportManager] File Action [GetAbsolutePath] successfully performed. With the following test data [Relative Folder Path: "target/downloadedFiles/"]. @08-11-2021 01:49:25.0893 AM
[ReportManager] Attempting to run locally on: [Mac-64], [Safari], Headless Execution. @08-11-2021 01:49:25.0893 AM
[ReportManager] Successfully Opened Safari. @08-11-2021 01:49:26.0724 AM
[ReportManager] Initial window size: (800, 600) @08-11-2021 01:49:26.0733 AM
[ReportManager] Window size after SWD Maximize: (1176, 811) @08-11-2021 01:49:26.0747 AM
[ReportManager] Browser Action [MaximizeWindow] successfully performed. With the following test data [New screen size is now: (1176, 811)]. @08-11-2021 01:49:26.0748 A

################################################################################################################################################
Starting Execution:	[3 out of 146] test cases in the current suite
Test Method:		[unitTests.tests_element_elementActions.waitForElementToBePresent_moreThanOneElement_expectedToFail]
################################################################################################################################################
[ReportManager] Target URL: [https://www.google.com/ncr], and after redirection: [www.google.com] @08-11-2021 01:49:26.0752 AM
[ReportManager] Initial URL: [] @08-11-2021 01:49:26.0825 AM
[ReportManager] Browser Action [NavigateToURL] successfully performed. With the following test data [https://www.google.com/ncr]. @08-11-2021 01:49:27.0543 AM
[ReportManager] Waiting for element to be present; elementLocator [By.xpath: //*], numberOfTries[1], stateOfPresence[false]... @08-11-2021 01:49:27.0544 AM
[ReportManager] Element Action [WaitForElementToBePresent] failed. With the following test data [waited for the element's state of presence to be (false). Element locator (By.xpath: //*)]. @08-11-2021 01:49:27.0726 AM
[ReportManager] Successfully created attachment [Screenshot - 1636336167624_waitForElementToBePresent_moreThanOneElement_expectedToFail_WaitForElementToBePresent_failed] @08-11-2021 01:49:27.0729 A
[ReportManager] Browser Action [CloseCurrentWindow] successfully performed. @08-11-2021 01:49:28.0140 AM
[ReportManager] Successfully created attachment [Browser Action Test Data - CloseCurrentWindow - Actual Value] @08-11-2021 01:49:28.0141 A
[ReportManager] File Action [GetAbsolutePath] successfully performed. With the following test data [Relative Folder Path: "target/downloadedFiles/"]. @08-11-2021 01:49:28.0147 AM
[ReportManager] Attempting to run locally on: [Mac-64], [Safari], Headless Execution. @08-11-2021 01:49:28.0147 AM
[ReportManager] Successfully Opened Safari. @08-11-2021 01:49:29.0065 AM
[ReportManager] Initial window size: (800, 600) @08-11-2021 01:49:29.0071 AM
[ReportManager] Window size after SWD Maximize: (1176, 811) @08-11-2021 01:49:29.0097 AM
[ReportManager] Browser Action [MaximizeWindow] successfully performed. With the following test data [New screen size is now: (1176, 811)]. @08-11-2021 01:49:29.0097 A

################################################################################################################################################
Starting Execution:	[4 out of 146] test cases in the current suite
Test Method:		[unitTests.tests_element_elementActions.waitForElementToBePresent_true_expectedToFail]
################################################################################################################################################
[ReportManager] Target URL: [https://www.google.com/ncr], and after redirection: [www.google.com] @08-11-2021 01:49:29.0100 AM
[ReportManager] Initial URL: [] @08-11-2021 01:49:29.0167 AM
[ReportManager] Browser Action [NavigateToURL] successfully performed. With the following test data [https://www.google.com/ncr]. @08-11-2021 01:49:30.0513 AM
[ReportManager] Waiting for element to be present; elementLocator [By.id: bla], numberOfTries[1], stateOfPresence[true]... @08-11-2021 01:49:30.0513 A
[ReportManager] Browser Action [CloseCurrentWindow] successfully performed. @08-11-2021 01:49:30.0848 AM
[ReportManager] Successfully created attachment [Browser Action Test Data - CloseCurrentWindow - Actual Value] @08-11-2021 01:49:30.0849 A
[ReportManager] File Action [GetAbsolutePath] successfully performed. With the following test data [Relative Folder Path: "target/downloadedFiles/"]. @08-11-2021 01:49:30.0853 AM
[ReportManager] Attempting to run locally on: [Mac-64], [Safari], Headless Execution. @08-11-2021 01:49:30.0853 AM
[ReportManager] Successfully Opened Safari. @08-11-2021 01:49:31.0720 AM
[ReportManager] Initial window size: (800, 600) @08-11-2021 01:49:31.0738 AM
[ReportManager] Window size after SWD Maximize: (1176, 811) @08-11-2021 01:49:31.0753 AM
[ReportManager] Browser Action [MaximizeWindow] successfully performed. With the following test data [New screen size is now: (1176, 811)]. @08-11-2021 01:49:31.0754 A

################################################################################################################################################
Starting Execution:	[5 out of 146] test cases in the current suite
Test Method:		[unitTests.tests_element_elementActions.waitForElementToBePresent_true_expectedToPass]
################################################################################################################################################
[ReportManager] Target URL: [https://www.google.com/ncr], and after redirection: [www.google.com] @08-11-2021 01:49:31.0770 AM
[ReportManager] Initial URL: [] @08-11-2021 01:49:31.0831 AM
[ReportManager] Browser Action [NavigateToURL] successfully performed. With the following test data [https://www.google.com/ncr]. @08-11-2021 01:49:32.0629 AM
[ReportManager] Waiting for element to be present; elementLocator [By.xpath: //*[@id='hplogo' or @alt='Google']], numberOfTries[1], stateOfPresence[true]... @08-11-2021 01:49:32.0630 AM
[ReportManager] Element Action [WaitForElementToBePresent] successfully performed. With the following test data [waited for the element's state of presence to be (true). Element locator (By.xpath: //*[@id='hplogo' or @alt='Google'])]. @08-11-2021 01:49:32.0657 AM
[ReportManager] File Action [DoesFileExist] successfully performed. With the following test data [File Path: "src/main/resources/dynamicObjectRepository/unitTests_tests_element_elementActions_waitForElementToBePresent_true_expectedToPass_By_xpath_id_hplogo_or_alt_Google.png"]. @08-11-2021 01:49:32.0672 AM
[ReportManager] File Action [DoesFileExist] successfully performed. With the following test data [File Path: "src/main/resources/dynamicObjectRepository/unitTests_tests_element_elementActions_waitForElementToBePresent_true_expectedToPass_By_xpath_id_hplogo_or_alt_Google.png"]. @08-11-2021 01:49:32.0733 AM
[ReportManager] Passing the test and saving a reference image @08-11-2021 01:49:32.0733 AM
[ReportManager] File Action [GetAbsolutePath] successfully performed. With the following test data [Relative File Path: "src/main/resources/dynamicObjectRepository/unitTests_tests_element_elementActions_waitForElementToBePresent_true_expectedToPass_By_xpath_id_hplogo_or_alt_Google.png"]. @08-11-2021 01:49:32.0733 AM
[ReportManager] File Action [WriteToFile] successfully performed. With the following test data [Target File Path: "/Users/runner/work/SHAFT_ENGINE/SHAFT_ENGINE/src/main/resources/dynamicObjectRepository/unitTests_tests_element_elementActions_waitForElementToBePresent_true_expectedToPass_By_xpath_id_hplogo_or_alt_Google.png"]. @08-11-2021 01:49:32.0734 AM
[ReportManager] Assertion Passed: Using Visual AI; OpenCV @08-11-2021 01:49:32.0736 AM
[ReportManager] Successfully created attachment [Validation Test Data - Actual Screenshot] @08-11-2021 01:49:32.0737 AM
[ReportManager] Assertion [ValidateElementMatches] PASSED. Expected [Element should match the reference screenshot] and Actual [TRUE]. Comparison Type [EXACT_OPENCV]. Validation Type [POSITIVE]. @08-11-2021 01:49:32.0737 A
[ReportManager] Browser Action [CloseCurrentWindow] successfully performed. @08-11-2021 01:49:33.0150 AM
[ReportManager] Successfully created attachment [Browser Action Test Data - CloseCurrentWindow - Actual Value] @08-11-2021 01:49:33.0151 A
[ReportManager] File Action [GetAbsolutePath] successfully performed. With the following test data [Relative Folder Path: "target/downloadedFiles/"]. @08-11-2021 01:49:33.0155 AM
[ReportManager] Attempting to run locally on: [Mac-64], [Safari], Headless Execution. @08-11-2021 01:49:33.0155 AM
[ReportManager] Successfully Opened Safari. @08-11-2021 01:49:34.0051 AM
[ReportManager] Initial window size: (800, 600) @08-11-2021 01:49:34.0087 AM
[ReportManager] Window size after SWD Maximize: (1176, 811) @08-11-2021 01:49:34.0111 AM
[ReportManager] Browser Action [MaximizeWindow] successfully performed. With the following test data [New screen size is now: (1176, 811)]. @08-11-2021 01:49:34.0111 AM
[ReportManager] Target URL: [https://duckduckgo.com] @08-11-2021 01:49:34.0111 AM
[ReportManager] Initial URL: [] @08-11-2021 01:49:34.0172 AM
[ReportManager] Browser Action [NavigateToURL] successfully performed. With the following test data [https://duckduckgo.com]. @08-11-2021 01:49:34.0942 A

################################################################################################################################################
Starting Execution:	[6 out of 146] test cases in the current suite
Test Method:		[unitTests.tests_browserActions.fullScreenWindow]
################################################################################################################################################
[ReportManager] Initial Windows Size: 1176x811 @08-11-2021 01:49:34.0949 AM
[ReportManager] Current Windows Size after fullScreen: 1176x885 @08-11-2021 01:49:35.0156 AM
[ReportManager] Browser Action [FullScreenWindow] successfully performed. @08-11-2021 01:49:35.0177 AM
[ReportManager] Successfully created attachment [Browser Action Test Data - FullScreenWindow - Actual Value] @08-11-2021 01:49:35.0180 A
[ReportManager] Target URL: [https://duckduckgo.com] @08-11-2021 01:49:35.0184 AM
[ReportManager] Initial URL: [https://duckduckgo.com] @08-11-2021 01:49:35.0244 AM
[ReportManager] Browser Action [NavigateToURL] successfully performed. With the following test data [https://duckduckgo.com]. @08-11-2021 01:49:35.0640 AM
[ReportManager] Browser Action [CloseCurrentWindow] successfully performed. @08-11-2021 01:49:36.0293 AM
[ReportManager] Successfully created attachment [Browser Action Test Data - CloseCurrentWindow - Actual Value] @08-11-2021 01:49:36.0296 A
[ReportManager] File Action [GetAbsolutePath] successfully performed. With the following test data [Relative Folder Path: "target/downloadedFiles/"]. @08-11-2021 01:49:36.0301 AM
[ReportManager] Attempting to run locally on: [Mac-64], [Safari], Headless Execution. @08-11-2021 01:49:36.0301 AM
[ReportManager] Successfully Opened Safari. @08-11-2021 01:49:37.0139 AM
[ReportManager] Initial window size: (800, 600) @08-11-2021 01:49:37.0149 AM
[ReportManager] Window size after SWD Maximize: (1176, 811) @08-11-2021 01:49:37.0172 AM
[ReportManager] Browser Action [MaximizeWindow] successfully performed. With the following test data [New screen size is now: (1176, 811)]. @08-11-2021 01:49:37.0173 AM
[ReportManager] Target URL: [https://duckduckgo.com] @08-11-2021 01:49:37.0173 AM
[ReportManager] Initial URL: [] @08-11-2021 01:49:37.0239 AM
[ReportManager] Browser Action [NavigateToURL] successfully performed. With the following test data [https://duckduckgo.com]. @08-11-2021 01:49:37.0899 A

################################################################################################################################################
Starting Execution:	[7 out of 146] test cases in the current suite
Test Method:		[unitTests.tests_browserActions.getCurrentURL]
################################################################################################################################################
[ReportManager] Browser Action [GetCurrentURL] successfully performed. With the following test data [https://duckduckgo.com/]. @08-11-2021 01:49:37.0929 A
[ReportManager] Target URL: [https://duckduckgo.com] @08-11-2021 01:49:37.0932 AM
[ReportManager] Initial URL: [https://duckduckgo.com] @08-11-2021 01:49:37.0965 AM
[ReportManager] Browser Action [NavigateToURL] successfully performed. With the following test data [https://duckduckgo.com]. @08-11-2021 01:49:38.0258 AM
[ReportManager] Browser Action [CloseCurrentWindow] successfully performed. @08-11-2021 01:49:38.0602 AM
[ReportManager] Successfully created attachment [Browser Action Test Data - CloseCurrentWindow - Actual Value] @08-11-2021 01:49:38.0603 A
[ReportManager] File Action [GetAbsolutePath] successfully performed. With the following test data [Relative Folder Path: "target/downloadedFiles/"]. @08-11-2021 01:49:38.0606 AM
[ReportManager] Attempting to run locally on: [Mac-64], [Safari], Headless Execution. @08-11-2021 01:49:38.0607 AM
[ReportManager] Successfully Opened Safari. @08-11-2021 01:49:39.0479 AM
[ReportManager] Initial window size: (800, 600) @08-11-2021 01:49:39.0502 AM
[ReportManager] Window size after SWD Maximize: (1176, 811) @08-11-2021 01:49:39.0517 AM
[ReportManager] Browser Action [MaximizeWindow] successfully performed. With the following test data [New screen size is now: (1176, 811)]. @08-11-2021 01:49:39.0517 AM
[ReportManager] Target URL: [https://duckduckgo.com] @08-11-2021 01:49:39.0518 AM
[ReportManager] Initial URL: [] @08-11-2021 01:49:39.0572 AM
[ReportManager] Browser Action [NavigateToURL] successfully performed. With the following test data [https://duckduckgo.com]. @08-11-2021 01:49:40.0180 A

################################################################################################################################################
Starting Execution:	[8 out of 146] test cases in the current suite
Test Method:		[unitTests.tests_browserActions.getCurrentWindowTitle]
################################################################################################################################################
[ReportManager] Browser Action [GetCurrentWindowTitle] successfully performed. With the following test data [DuckDuckGo â€” Privacy, simplified.]. @08-11-2021 01:49:40.0216 A
[ReportManager] Target URL: [https://duckduckgo.com] @08-11-2021 01:49:40.0218 AM
[ReportManager] Initial URL: [https://duckduckgo.com] @08-11-2021 01:49:40.0249 AM
[ReportManager] Browser Action [NavigateToURL] successfully performed. With the following test data [https://duckduckgo.com]. @08-11-2021 01:49:40.0552 AM
[ReportManager] Browser Action [CloseCurrentWindow] successfully performed. @08-11-2021 01:49:40.0853 AM
[ReportManager] Successfully created attachment [Browser Action Test Data - CloseCurrentWindow - Actual Value] @08-11-2021 01:49:40.0853 A
[ReportManager] File Action [GetAbsolutePath] successfully performed. With the following test data [Relative Folder Path: "target/downloadedFiles/"]. @08-11-2021 01:49:40.0860 AM
[ReportManager] Attempting to run locally on: [Mac-64], [Safari], Headless Execution. @08-11-2021 01:49:40.0860 AM
[ReportManager] Successfully Opened Safari. @08-11-2021 01:49:41.0657 AM
[ReportManager] Initial window size: (800, 600) @08-11-2021 01:49:41.0664 AM
[ReportManager] Window size after SWD Maximize: (1176, 811) @08-11-2021 01:49:41.0687 AM
[ReportManager] Browser Action [MaximizeWindow] successfully performed. With the following test data [New screen size is now: (1176, 811)]. @08-11-2021 01:49:41.0688 AM
[ReportManager] Target URL: [https://duckduckgo.com] @08-11-2021 01:49:41.0688 AM
[ReportManager] Initial URL: [] @08-11-2021 01:49:41.0745 AM
[ReportManager] Browser Action [NavigateToURL] successfully performed. With the following test data [https://duckduckgo.com]. @08-11-2021 01:49:42.0372 A

################################################################################################################################################
Starting Execution:	[9 out of 146] test cases in the current suite
Test Method:		[unitTests.tests_browserActions.getPageSource]
################################################################################################################################################
[ReportManager] Browser Action [GetPageSource] successfully performed. @08-11-2021 01:49:42.0405 AM
[ReportManager] Successfully created attachment [Browser Action Test Data - GetPageSource - Actual Value] @08-11-2021 01:49:42.0406 A
[ReportManager] Target URL: [https://duckduckgo.com] @08-11-2021 01:49:42.0409 AM
[ReportManager] Initial URL: [https://duckduckgo.com] @08-11-2021 01:49:42.0436 AM
[ReportManager] Browser Action [NavigateToURL] successfully performed. With the following test data [https://duckduckgo.com]. @08-11-2021 01:49:42.0721 AM
[ReportManager] Browser Action [CloseCurrentWindow] successfully performed. @08-11-2021 01:49:43.0110 AM
[ReportManager] Successfully created attachment [Browser Action Test Data - CloseCurrentWindow - Actual Value] @08-11-2021 01:49:43.0110 A
[ReportManager] File Action [GetAbsolutePath] successfully performed. With the following test data [Relative Folder Path: "target/downloadedFiles/"]. @08-11-2021 01:49:43.0113 AM
[ReportManager] Attempting to run locally on: [Mac-64], [Safari], Headless Execution. @08-11-2021 01:49:43.0114 AM
[ReportManager] Successfully Opened Safari. @08-11-2021 01:49:43.0930 AM
[ReportManager] Initial window size: (800, 600) @08-11-2021 01:49:43.0935 AM
[ReportManager] Window size after SWD Maximize: (1176, 811) @08-11-2021 01:49:43.0951 AM
[ReportManager] Browser Action [MaximizeWindow] successfully performed. With the following test data [New screen size is now: (1176, 811)]. @08-11-2021 01:49:43.0951 AM
[ReportManager] Target URL: [https://duckduckgo.com] @08-11-2021 01:49:43.0952 AM
[ReportManager] Initial URL: [] @08-11-2021 01:49:43.0996 AM
[ReportManager] Browser Action [NavigateToURL] successfully performed. With the following test data [https://duckduckgo.com]. @08-11-2021 01:49:44.0724 A

################################################################################################################################################
Starting Execution:	[10 out of 146] test cases in the current suite
Test Method:		[unitTests.tests_browserActions.getWindowHandle]
################################################################################################################################################
[ReportManager] Browser Action [GetWindowHandle] successfully performed. With the following test data [page-BB8A0110-DCF6-418C-A899-2F6C1BD63D29]. @08-11-2021 01:49:44.0752 A
[ReportManager] Target URL: [https://duckduckgo.com] @08-11-2021 01:49:44.0754 AM
[ReportManager] Initial URL: [https://duckduckgo.com] @08-11-2021 01:49:44.0785 AM
[ReportManager] Browser Action [NavigateToURL] successfully performed. With the following test data [https://duckduckgo.com]. @08-11-2021 01:49:45.0134 AM
[ReportManager] Browser Action [CloseCurrentWindow] successfully performed. @08-11-2021 01:49:45.0492 AM
[ReportManager] Successfully created attachment [Browser Action Test Data - CloseCurrentWindow - Actual Value] @08-11-2021 01:49:45.0492 A
[ReportManager] File Action [GetAbsolutePath] successfully performed. With the following test data [Relative Folder Path: "target/downloadedFiles/"]. @08-11-2021 01:49:45.0495 AM
[ReportManager] Attempting to run locally on: [Mac-64], [Safari], Headless Execution. @08-11-2021 01:49:45.0495 AM
[ReportManager] Successfully Opened Safari. @08-11-2021 01:49:46.0326 AM
[ReportManager] Initial window size: (800, 600) @08-11-2021 01:49:46.0335 AM
[ReportManager] Window size after SWD Maximize: (1176, 811) @08-11-2021 01:49:46.0364 AM
[ReportManager] Browser Action [MaximizeWindow] successfully performed. With the following test data [New screen size is now: (1176, 811)]. @08-11-2021 01:49:46.0365 AM
[ReportManager] Target URL: [https://duckduckgo.com] @08-11-2021 01:49:46.0365 AM
[ReportManager] Initial URL: [] @08-11-2021 01:49:46.0426 AM
[ReportManager] Browser Action [NavigateToURL] successfully performed. With the following test data [https://duckduckgo.com]. @08-11-2021 01:49:47.0029 A

################################################################################################################################################
Starting Execution:	[11 out of 146] test cases in the current suite
Test Method:		[unitTests.tests_browserActions.getWindowPosition]
################################################################################################################################################
[ReportManager] Browser Action [GetWindowPosition] successfully performed. With the following test data [(0, 23)]. @08-11-2021 01:49:47.0072 A
[ReportManager] Target URL: [https://duckduckgo.com] @08-11-2021 01:49:47.0075 AM
[ReportManager] Initial URL: [https://duckduckgo.com] @08-11-2021 01:49:47.0105 AM
[ReportManager] Browser Action [NavigateToURL] successfully performed. With the following test data [https://duckduckgo.com]. @08-11-2021 01:49:47.0406 AM
[ReportManager] Browser Action [CloseCurrentWindow] successfully performed. @08-11-2021 01:49:47.0742 AM
[ReportManager] Successfully created attachment [Browser Action Test Data - CloseCurrentWindow - Actual Value] @08-11-2021 01:49:47.0742 A
[ReportManager] File Action [GetAbsolutePath] successfully performed. With the following test data [Relative Folder Path: "target/downloadedFiles/"]. @08-11-2021 01:49:47.0745 AM
[ReportManager] Attempting to run locally on: [Mac-64], [Safari], Headless Execution. @08-11-2021 01:49:47.0745 AM
[ReportManager] Successfully Opened Safari. @08-11-2021 01:49:48.0560 AM
[ReportManager] Initial window size: (800, 600) @08-11-2021 01:49:48.0566 AM
[ReportManager] Window size after SWD Maximize: (1176, 811) @08-11-2021 01:49:48.0593 AM
[ReportManager] Browser Action [MaximizeWindow] successfully performed. With the following test data [New screen size is now: (1176, 811)]. @08-11-2021 01:49:48.0593 AM
[ReportManager] Target URL: [https://duckduckgo.com] @08-11-2021 01:49:48.0593 AM
[ReportManager] Initial URL: [] @08-11-2021 01:49:48.0661 AM
[ReportManager] Browser Action [NavigateToURL] successfully performed. With the following test data [https://duckduckgo.com]. @08-11-2021 01:49:49.0275 A

################################################################################################################################################
Starting Execution:	[12 out of 146] test cases in the current suite
Test Method:		[unitTests.tests_browserActions.getWindowSize]
################################################################################################################################################
[ReportManager] Browser Action [GetWindowSize] successfully performed. With the following test data [(1176, 811)]. @08-11-2021 01:49:49.0306 A
[ReportManager] Target URL: [https://duckduckgo.com] @08-11-2021 01:49:49.0309 AM
[ReportManager] Initial URL: [https://duckduckgo.com] @08-11-2021 01:49:49.0338 AM
[ReportManager] Browser Action [NavigateToURL] successfully performed. With the following test data [https://duckduckgo.com]. @08-11-2021 01:49:49.0631 AM
[ReportManager] Browser Action [CloseCurrentWindow] successfully performed. @08-11-2021 01:49:49.0979 AM
[ReportManager] Successfully created attachment [Browser Action Test Data - CloseCurrentWindow - Actual Value] @08-11-2021 01:49:49.0979 A
[ReportManager] File Action [GetAbsolutePath] successfully performed. With the following test data [Relative Folder Path: "target/downloadedFiles/"]. @08-11-2021 01:49:49.0982 AM
[ReportManager] Attempting to run locally on: [Mac-64], [Safari], Headless Execution. @08-11-2021 01:49:49.0983 AM
[ReportManager] Successfully Opened Safari. @08-11-2021 01:49:50.0767 AM
[ReportManager] Initial window size: (800, 600) @08-11-2021 01:49:50.0794 AM
[ReportManager] Window size after SWD Maximize: (1176, 811) @08-11-2021 01:49:50.0820 AM
[ReportManager] Browser Action [MaximizeWindow] successfully performed. With the following test data [New screen size is now: (1176, 811)]. @08-11-2021 01:49:50.0821 AM
[ReportManager] Target URL: [https://duckduckgo.com] @08-11-2021 01:49:50.0821 AM
[ReportManager] Initial URL: [] @08-11-2021 01:49:50.0896 AM
[ReportManager] Browser Action [NavigateToURL] successfully performed. With the following test data [https://duckduckgo.com]. @08-11-2021 01:49:51.0504 A

################################################################################################################################################
Starting Execution:	[13 out of 146] test cases in the current suite
Test Method:		[unitTests.tests_browserActions.maximizeWindow]
################################################################################################################################################
[ReportManager] Initial window size: (1176, 811) @08-11-2021 01:49:51.0515 AM
[ReportManager] Window size after SWD Maximize: (1176, 811) @08-11-2021 01:49:51.0526 AM
[ReportManager] Window size after Toolkit: (1920, 1080) @08-11-2021 01:49:51.0559 AM
[ReportManager] Browser Action [MaximizeWindow] successfully performed. With the following test data [New screen size is now: (1920, 1080)]. @08-11-2021 01:49:51.0564 A
[ReportManager] Target URL: [https://duckduckgo.com] @08-11-2021 01:49:51.0570 AM
[ReportManager] Initial URL: [https://duckduckgo.com] @08-11-2021 01:49:51.0611 AM
[ReportManager] Browser Action [NavigateToURL] successfully performed. With the following test data [https://duckduckgo.com]. @08-11-2021 01:49:51.0908 AM
[ReportManager] Browser Action [CloseCurrentWindow] successfully performed. @08-11-2021 01:49:52.0326 AM
[ReportManager] Successfully created attachment [Browser Action Test Data - CloseCurrentWindow - Actual Value] @08-11-2021 01:49:52.0326 A
[ReportManager] File Action [GetAbsolutePath] successfully performed. With the following test data [Relative Folder Path: "target/downloadedFiles/"]. @08-11-2021 01:49:52.0329 AM
[ReportManager] Attempting to run locally on: [Mac-64], [Safari], Headless Execution. @08-11-2021 01:49:52.0329 AM
[ReportManager] Successfully Opened Safari. @08-11-2021 01:49:53.0125 AM
[ReportManager] Initial window size: (800, 600) @08-11-2021 01:49:53.0131 AM
[ReportManager] Window size after SWD Maximize: (1176, 811) @08-11-2021 01:49:53.0155 AM
[ReportManager] Browser Action [MaximizeWindow] successfully performed. With the following test data [New screen size is now: (1176, 811)]. @08-11-2021 01:49:53.0155 AM
[ReportManager] Target URL: [https://duckduckgo.com] @08-11-2021 01:49:53.0155 AM
[ReportManager] Initial URL: [] @08-11-2021 01:49:53.0217 AM
[ReportManager] Browser Action [NavigateToURL] successfully performed. With the following test data [https://duckduckgo.com]. @08-11-2021 01:49:53.0821 A

################################################################################################################################################
Starting Execution:	[14 out of 146] test cases in the current suite
Test Method:		[unitTests.tests_browserActions.navigateBack]
################################################################################################################################################
[ReportManager] Target URL: [https://www.google.com/ncr], and after redirection: [https://www.google.com] @08-11-2021 01:49:53.0824 AM
[ReportManager] Initial URL: [https://duckduckgo.com] @08-11-2021 01:49:53.0881 AM
[ReportManager] Browser Action [NavigateToURL] successfully performed. With the following test data [https://www.google.com/ncr]. @08-11-2021 01:49:54.0661 AM
[ReportManager] Browser Action [NavigateBack] successfully performed. With the following test data [https://duckduckgo.com/]. @08-11-2021 01:49:54.0793 AM
[ReportManager] Browser Action [GetCurrentURL] successfully performed. With the following test data [https://duckduckgo.com/]. @08-11-2021 01:49:54.0830 AM
[ReportManager] Assertion Passed: Confirming that navigating back was successful @08-11-2021 01:49:54.0978 AM
[ReportManager] Successfully created attachment [Screenshot - 1636336194863_navigateBack_ValidateBrowserAttribute_passed] @08-11-2021 01:49:54.0982 AM
[ReportManager] Assertion [ValidateBrowserAttribute] PASSED. Expected [Value Should be 'https://duckduckgo.com' for the 'CurrentUrl' attribute] and Actual [https://duckduckgo.com/]. Comparison Type [CONTAINS]. Validation Type [POSITIVE]. @08-11-2021 01:49:54.0982 A
[ReportManager] Target URL: [https://duckduckgo.com] @08-11-2021 01:49:54.0985 AM
[ReportManager] Initial URL: [https://duckduckgo.com] @08-11-2021 01:49:55.0019 AM
[ReportManager] Browser Action [NavigateToURL] successfully performed. With the following test data [https://duckduckgo.com]. @08-11-2021 01:49:55.0386 AM
[ReportManager] Browser Action [CloseCurrentWindow] successfully performed. @08-11-2021 01:49:55.0672 AM
[ReportManager] Successfully created attachment [Browser Action Test Data - CloseCurrentWindow - Actual Value] @08-11-2021 01:49:55.0673 A
[ReportManager] File Action [GetAbsolutePath] successfully performed. With the following test data [Relative Folder Path: "target/downloadedFiles/"]. @08-11-2021 01:49:55.0675 AM
[ReportManager] Attempting to run locally on: [Mac-64], [Safari], Headless Execution. @08-11-2021 01:49:55.0676 AM
[ReportManager] Successfully Opened Safari. @08-11-2021 01:49:56.0487 AM
[ReportManager] Initial window size: (800, 600) @08-11-2021 01:49:56.0511 AM
[ReportManager] Window size after SWD Maximize: (1176, 811) @08-11-2021 01:49:56.0522 AM
[ReportManager] Browser Action [MaximizeWindow] successfully performed. With the following test data [New screen size is now: (1176, 811)]. @08-11-2021 01:49:56.0523 AM
[ReportManager] Target URL: [https://duckduckgo.com] @08-11-2021 01:49:56.0523 AM
[ReportManager] Initial URL: [] @08-11-2021 01:49:56.0604 AM
[ReportManager] Browser Action [NavigateToURL] successfully performed. With the following test data [https://duckduckgo.com]. @08-11-2021 01:49:57.0206 A

################################################################################################################################################
Starting Execution:	[15 out of 146] test cases in the current suite
Test Method:		[unitTests.tests_browserActions.navigateForward]
################################################################################################################################################
[ReportManager] Target URL: [https://www.google.com/ncr], and after redirection: [https://www.google.com] @08-11-2021 01:49:57.0210 AM
[ReportManager] Initial URL: [https://duckduckgo.com] @08-11-2021 01:49:57.0249 AM
[ReportManager] Browser Action [NavigateToURL] successfully performed. With the following test data [https://www.google.com/ncr]. @08-11-2021 01:49:57.0898 AM
[ReportManager] Browser Action [NavigateBack] successfully performed. With the following test data [https://duckduckgo.com/]. @08-11-2021 01:49:58.0013 AM
[ReportManager] Browser Action [NavigateForward] successfully performed. With the following test data [https://www.google.com/]. @08-11-2021 01:49:58.0119 A
[ReportManager] Target URL: [https://duckduckgo.com] @08-11-2021 01:49:58.0126 AM
[ReportManager] Initial URL: [https://www.google.com] @08-11-2021 01:49:58.0166 AM
[ReportManager] Browser Action [NavigateToURL] successfully performed. With the following test data [https://duckduckgo.com]. @08-11-2021 01:49:58.0441 AM
[ReportManager] Browser Action [CloseCurrentWindow] successfully performed. @08-11-2021 01:49:58.0791 AM
[ReportManager] Successfully created attachment [Browser Action Test Data - CloseCurrentWindow - Actual Value] @08-11-2021 01:49:58.0792 A
[ReportManager] File Action [GetAbsolutePath] successfully performed. With the following test data [Relative Folder Path: "target/downloadedFiles/"]. @08-11-2021 01:49:58.0795 AM
[ReportManager] Attempting to run locally on: [Mac-64], [Safari], Headless Execution. @08-11-2021 01:49:58.0795 AM
[ReportManager] Successfully Opened Safari. @08-11-2021 01:49:59.0652 AM
[ReportManager] Initial window size: (800, 600) @08-11-2021 01:49:59.0668 AM
[ReportManager] Window size after SWD Maximize: (1176, 811) @08-11-2021 01:49:59.0710 AM
[ReportManager] Browser Action [MaximizeWindow] successfully performed. With the following test data [New screen size is now: (1176, 811)]. @08-11-2021 01:49:59.0710 AM
[ReportManager] Target URL: [https://duckduckgo.com] @08-11-2021 01:49:59.0710 AM
[ReportManager] Initial URL: [] @08-11-2021 01:49:59.0742 AM
[ReportManager] Browser Action [NavigateToURL] successfully performed. With the following test data [https://duckduckgo.com]. @08-11-2021 01:50:00.0360 A

################################################################################################################################################
Starting Execution:	[16 out of 146] test cases in the current suite
Test Method:		[unitTests.tests_browserActions.navigateToURL]
################################################################################################################################################
[ReportManager] Target URL: [https://duckduckgo.com] @08-11-2021 01:50:00.0363 AM
[ReportManager] Initial URL: [https://duckduckgo.com] @08-11-2021 01:50:00.0404 AM
[ReportManager] Browser Action [NavigateToURL] successfully performed. With the following test data [https://duckduckgo.com]. @08-11-2021 01:50:00.0686 A
[ReportManager] Target URL: [https://duckduckgo.com] @08-11-2021 01:50:00.0692 AM
[ReportManager] Initial URL: [https://duckduckgo.com] @08-11-2021 01:50:00.0718 AM
[ReportManager] Browser Action [NavigateToURL] successfully performed. With the following test data [https://duckduckgo.com]. @08-11-2021 01:50:01.0030 AM
[ReportManager] Browser Action [CloseCurrentWindow] successfully performed. @08-11-2021 01:50:01.0470 AM
[ReportManager] Successfully created attachment [Browser Action Test Data - CloseCurrentWindow - Actual Value] @08-11-2021 01:50:01.0471 A
[ReportManager] File Action [GetAbsolutePath] successfully performed. With the following test data [Relative Folder Path: "target/downloadedFiles/"]. @08-11-2021 01:50:01.0474 AM
[ReportManager] Attempting to run locally on: [Mac-64], [Safari], Headless Execution. @08-11-2021 01:50:01.0474 AM
[ReportManager] Successfully Opened Safari. @08-11-2021 01:50:02.0255 AM
[ReportManager] Initial window size: (800, 600) @08-11-2021 01:50:02.0281 AM
[ReportManager] Window size after SWD Maximize: (1176, 811) @08-11-2021 01:50:02.0305 AM
[ReportManager] Browser Action [MaximizeWindow] successfully performed. With the following test data [New screen size is now: (1176, 811)]. @08-11-2021 01:50:02.0305 AM
[ReportManager] Target URL: [https://duckduckgo.com] @08-11-2021 01:50:02.0305 AM
[ReportManager] Initial URL: [] @08-11-2021 01:50:02.0372 AM
[ReportManager] Browser Action [NavigateToURL] successfully performed. With the following test data [https://duckduckgo.com]. @08-11-2021 01:50:02.0972 A

################################################################################################################################################
Starting Execution:	[17 out of 146] test cases in the current suite
Test Method:		[unitTests.tests_browserActions.navigateToURLWithRedirection]
################################################################################################################################################
[ReportManager] Target URL: [https://www.google.com/ncr], and after redirection: [https://www.google.com] @08-11-2021 01:50:02.0978 AM
[ReportManager] Initial URL: [https://duckduckgo.com] @08-11-2021 01:50:03.0013 AM
[ReportManager] Browser Action [NavigateToURL] successfully performed. With the following test data [https://www.google.com/ncr]. @08-11-2021 01:50:03.0737 A
[ReportManager] Target URL: [https://duckduckgo.com] @08-11-2021 01:50:03.0740 AM
[ReportManager] Initial URL: [https://www.google.com] @08-11-2021 01:50:03.0771 AM
[ReportManager] Browser Action [NavigateToURL] successfully performed. With the following test data [https://duckduckgo.com]. @08-11-2021 01:50:04.0044 AM
[ReportManager] Browser Action [CloseCurrentWindow] successfully performed. @08-11-2021 01:50:04.0444 AM
[ReportManager] Successfully created attachment [Browser Action Test Data - CloseCurrentWindow - Actual Value] @08-11-2021 01:50:04.0444 A
[ReportManager] File Action [GetAbsolutePath] successfully performed. With the following test data [Relative Folder Path: "target/downloadedFiles/"]. @08-11-2021 01:50:04.0447 AM
[ReportManager] Attempting to run locally on: [Mac-64], [Safari], Headless Execution. @08-11-2021 01:50:04.0447 AM
[ReportManager] Successfully Opened Safari. @08-11-2021 01:50:05.0242 AM
[ReportManager] Initial window size: (800, 600) @08-11-2021 01:50:05.0248 AM
[ReportManager] Window size after SWD Maximize: (1176, 811) @08-11-2021 01:50:05.0266 AM
[ReportManager] Browser Action [MaximizeWindow] successfully performed. With the following test data [New screen size is now: (1176, 811)]. @08-11-2021 01:50:05.0266 AM
[ReportManager] Target URL: [https://duckduckgo.com] @08-11-2021 01:50:05.0267 AM
[ReportManager] Initial URL: [] @08-11-2021 01:50:05.0339 AM
[ReportManager] Browser Action [NavigateToURL] successfully performed. With the following test data [https://duckduckgo.com]. @08-11-2021 01:50:06.0008 A

################################################################################################################################################
Starting Execution:	[18 out of 146] test cases in the current suite
Test Method:		[unitTests.tests_browserActions.refreshCurrentPage]
################################################################################################################################################
[ReportManager] Browser Action [RefreshCurrentPage] successfully performed. @08-11-2021 01:50:06.0252 AM
[ReportManager] Successfully created attachment [Browser Action Test Data - RefreshCurrentPage - Actual Value] @08-11-2021 01:50:06.0253 A
[ReportManager] Target URL: [https://duckduckgo.com] @08-11-2021 01:50:06.0255 AM
[ReportManager] Initial URL: [https://duckduckgo.com] @08-11-2021 01:50:06.0281 AM
[ReportManager] Browser Action [NavigateToURL] successfully performed. With the following test data [https://duckduckgo.com]. @08-11-2021 01:50:06.0579 AM
[ReportManager] Browser Action [CloseCurrentWindow] successfully performed. @08-11-2021 01:50:07.0014 AM
[ReportManager] Successfully created attachment [Browser Action Test Data - CloseCurrentWindow - Actual Value] @08-11-2021 01:50:07.0015 A
[ReportManager] File Action [GetAbsolutePath] successfully performed. With the following test data [Relative Folder Path: "target/downloadedFiles/"]. @08-11-2021 01:50:07.0017 AM
[ReportManager] Attempting to run locally on: [Mac-64], [Safari], Headless Execution. @08-11-2021 01:50:07.0018 AM
[ReportManager] Successfully Opened Safari. @08-11-2021 01:50:07.0804 AM
[ReportManager] Initial window size: (800, 600) @08-11-2021 01:50:07.0829 AM
[ReportManager] Window size after SWD Maximize: (1176, 811) @08-11-2021 01:50:07.0840 AM
[ReportManager] Browser Action [MaximizeWindow] successfully performed. With the following test data [New screen size is now: (1176, 811)]. @08-11-2021 01:50:07.0840 AM
[ReportManager] Target URL: [https://duckduckgo.com] @08-11-2021 01:50:07.0840 AM
[ReportManager] Initial URL: [] @08-11-2021 01:50:07.0912 AM
[ReportManager] Browser Action [NavigateToURL] successfully performed. With the following test data [https://duckduckgo.com]. @08-11-2021 01:50:08.0536 A

################################################################################################################################################
Starting Execution:	[19 out of 146] test cases in the current suite
Test Method:		[unitTests.tests_browserActions.setWindowSize]
################################################################################################################################################
[ReportManager] Initial window size: (1176, 811) @08-11-2021 01:50:08.0554 AM
[ReportManager] Window size after SWD: (1280, 720) @08-11-2021 01:50:08.0584 AM
[ReportManager] Browser Action [SetWindowSize] successfully performed. With the following test data [New screen size is now: (1280, 720)]. @08-11-2021 01:50:08.0585 A
[ReportManager] Target URL: [https://duckduckgo.com] @08-11-2021 01:50:08.0587 AM
[ReportManager] Initial URL: [https://duckduckgo.com] @08-11-2021 01:50:08.0631 AM
[ReportManager] Browser Action [NavigateToURL] successfully performed. With the following test data [https://duckduckgo.com]. @08-11-2021 01:50:08.0929 AM
[ReportManager] Browser Action [CloseCurrentWindow] successfully performed. @08-11-2021 01:50:09.0218 AM
[ReportManager] Successfully created attachment [Browser Action Test Data - CloseCurrentWindow - Actual Value] @08-11-2021 01:50:09.0218 A
[ReportManager] Successfully loaded the following test data file [src/test/resources/TestDataFiles/testSuite01/TestData.xlsx]. @08-11-2021 01:50:10.0009 AM
[ReportManager] Successfully created attachment [Test Data - Excel] @08-11-2021 01:50:10.0010 A

################################################################################################################################################
Starting Execution:	[20 out of 146] test cases in the current suite
Test Method:		[unitTests.tests_io_excelFileManager.getCellData_rowName_expectedToPass]
################################################################################################################################################
[ReportManager] testRowData. @08-11-2021 01:50:10.0021 A

################################################################################################################################################
Starting Execution:	[21 out of 146] test cases in the current suite
Test Method:		[unitTests.tests_validations_assertions.assertComparativeRelation_greaterThanOrEquals_false_equals_expectedToFail]
################################################################################################################################################
[ReportManager] Assertion [ValidateComparativeRelation] FAILED. Expected [1] and Actual [1]. Comparison Type [GREATER_THAN_OR_EQUALS]. Validation Type [NEGATIVE]. @08-11-2021 01:50:10.0027 A

################################################################################################################################################
Starting Execution:	[22 out of 146] test cases in the current suite
Test Method:		[unitTests.tests_validations_assertions.assertComparativeRelation_greaterThanOrEquals_false_equals_expectedToPass]
################################################################################################################################################
[ReportManager] Assertion [ValidateComparativeRelation] PASSED. Expected [2] and Actual [1]. Comparison Type [GREATER_THAN_OR_EQUALS]. Validation Type [NEGATIVE]. @08-11-2021 01:50:10.0031 A

################################################################################################################################################
Starting Execution:	[23 out of 146] test cases in the current suite
Test Method:		[unitTests.tests_validations_assertions.assertComparativeRelation_greaterThanOrEquals_false_greaterThan_expectedToFail]
################################################################################################################################################
[ReportManager] Assertion [ValidateComparativeRelation] FAILED. Expected [1] and Actual [2]. Comparison Type [GREATER_THAN_OR_EQUALS]. Validation Type [NEGATIVE]. @08-11-2021 01:50:10.0035 A

################################################################################################################################################
Starting Execution:	[24 out of 146] test cases in the current suite
Test Method:		[unitTests.tests_validations_assertions.assertComparativeRelation_greaterThanOrEquals_false_greaterThan_expectedToPass]
################################################################################################################################################
[ReportManager] Assertion [ValidateComparativeRelation] PASSED. Expected [2] and Actual [1]. Comparison Type [GREATER_THAN_OR_EQUALS]. Validation Type [NEGATIVE]. @08-11-2021 01:50:10.0039 A

################################################################################################################################################
Starting Execution:	[25 out of 146] test cases in the current suite
Test Method:		[unitTests.tests_validations_assertions.assertComparativeRelation_greaterThanOrEquals_true_equals_expectedToFail]
################################################################################################################################################
[ReportManager] Assertion [ValidateComparativeRelation] FAILED. Expected [1] and Actual [0]. Comparison Type [GREATER_THAN_OR_EQUALS]. Validation Type [POSITIVE]. @08-11-2021 01:50:10.0062 A

################################################################################################################################################
Starting Execution:	[26 out of 146] test cases in the current suite
Test Method:		[unitTests.tests_validations_assertions.assertComparativeRelation_greaterThanOrEquals_true_equals_expectedToPass]
################################################################################################################################################
[ReportManager] Assertion [ValidateComparativeRelation] PASSED. Expected [1] and Actual [1]. Comparison Type [GREATER_THAN_OR_EQUALS]. Validation Type [POSITIVE]. @08-11-2021 01:50:10.0067 A

################################################################################################################################################
Starting Execution:	[27 out of 146] test cases in the current suite
Test Method:		[unitTests.tests_validations_assertions.assertComparativeRelation_greaterThanOrEquals_true_greaterThan_expectedToFail]
################################################################################################################################################
[ReportManager] Assertion [ValidateComparativeRelation] FAILED. Expected [2] and Actual [1]. Comparison Type [GREATER_THAN_OR_EQUALS]. Validation Type [POSITIVE]. @08-11-2021 01:50:10.0071 A

################################################################################################################################################
Starting Execution:	[28 out of 146] test cases in the current suite
Test Method:		[unitTests.tests_validations_assertions.assertComparativeRelation_greaterThanOrEquals_true_greaterThan_expectedToPass]
################################################################################################################################################
[ReportManager] Assertion [ValidateComparativeRelation] PASSED. Expected [1] and Actual [2]. Comparison Type [GREATER_THAN_OR_EQUALS]. Validation Type [POSITIVE]. @08-11-2021 01:50:10.0076 A
[ReportManager] File Action [GetAbsolutePath] successfully performed. With the following test data [Relative Folder Path: "target/downloadedFiles/"]. @08-11-2021 01:50:10.0079 AM
[ReportManager] Attempting to run locally on: [Mac-64], [Safari], Headless Execution. @08-11-2021 01:50:10.0079 AM
[ReportManager] Successfully Opened Safari. @08-11-2021 01:50:10.0865 AM
[ReportManager] Initial window size: (800, 600) @08-11-2021 01:50:10.0870 AM
[ReportManager] Window size after SWD Maximize: (1176, 811) @08-11-2021 01:50:10.0887 AM
[ReportManager] Browser Action [MaximizeWindow] successfully performed. With the following test data [New screen size is now: (1176, 811)]. @08-11-2021 01:50:10.0888 AM
[ReportManager] Target URL: [https://www.google.com/ncr], and after redirection: [www.google.com] @08-11-2021 01:50:10.0888 AM
[ReportManager] Initial URL: [] @08-11-2021 01:50:10.0925 AM
[ReportManager] Browser Action [NavigateToURL] successfully performed. With the following test data [https://www.google.com/ncr]. @08-11-2021 01:50:11.0814 A

################################################################################################################################################
Starting Execution:	[29 out of 146] test cases in the current suite
Test Method:		[unitTests.tests_validations_assertions.assertElementAttribute_false_caseInsensitiveComparison_expectedToFail]
################################################################################################################################################
[ReportManager] Element Action [Type] successfully performed. With the following test data [AUTOMATION]. @08-11-2021 01:50:12.0228 AM
[ReportManager] Element Action [GetText] successfully performed. With the following test data [AUTOMATION]. @08-11-2021 01:50:12.0272 AM
[ReportManager] Loaded Shared OpenCV @08-11-2021 01:50:13.0318 AM
[ReportManager] Assertion [ValidateElementAttribute] FAILED. Expected [Value Should not be 'AutomaTion' for the 'text' attribute, element locator 'By.name: q'] and Actual [AUTOMATION]. Comparison Type [CASE_INSENSITIVE]. Validation Type [NEGATIVE]. @08-11-2021 01:50:13.0577 AM
[ReportManager] Successfully created attachment [Screenshot - 1636336212328_assertElementAttribute_false_caseInsensitiveComparison_expectedToFail_ValidateElementAttribute_failed] @08-11-2021 01:50:13.0581 A
[ReportManager] Browser Action [CloseCurrentWindow] successfully performed. @08-11-2021 01:50:13.0814 AM
[ReportManager] Successfully created attachment [Browser Action Test Data - CloseCurrentWindow - Actual Value] @08-11-2021 01:50:13.0815 A
[ReportManager] File Action [GetAbsolutePath] successfully performed. With the following test data [Relative Folder Path: "target/downloadedFiles/"]. @08-11-2021 01:50:13.0820 AM
[ReportManager] Attempting to run locally on: [Mac-64], [Safari], Headless Execution. @08-11-2021 01:50:13.0821 AM
[ReportManager] Successfully Opened Safari. @08-11-2021 01:50:14.0600 AM
[ReportManager] Initial window size: (800, 600) @08-11-2021 01:50:14.0606 AM
[ReportManager] Window size after SWD Maximize: (1176, 811) @08-11-2021 01:50:14.0631 AM
[ReportManager] Browser Action [MaximizeWindow] successfully performed. With the following test data [New screen size is now: (1176, 811)]. @08-11-2021 01:50:14.0631 AM
[ReportManager] Target URL: [https://www.google.com/ncr], and after redirection: [www.google.com] @08-11-2021 01:50:14.0631 AM
[ReportManager] Initial URL: [] @08-11-2021 01:50:14.0687 AM
[ReportManager] Browser Action [NavigateToURL] successfully performed. With the following test data [https://www.google.com/ncr]. @08-11-2021 01:50:16.0003 A

################################################################################################################################################
Starting Execution:	[30 out of 146] test cases in the current suite
Test Method:		[unitTests.tests_validations_assertions.assertElementAttribute_false_caseInsensitiveComparison_expectedToPass]
################################################################################################################################################
[ReportManager] Element Action [Type] successfully performed. With the following test data [AUTOMATION]. @08-11-2021 01:50:16.0438 AM
[ReportManager] Element Action [GetText] successfully performed. With the following test data [AUTOMATION]. @08-11-2021 01:50:16.0512 AM
[ReportManager] Loaded Shared OpenCV @08-11-2021 01:50:16.0571 AM
[ReportManager] Assertion [ValidateElementAttribute] PASSED. Expected [Value Should not be 'AutomaTion123' for the 'text' attribute, element locator 'By.name: q'] and Actual [AUTOMATION]. Comparison Type [CASE_INSENSITIVE]. Validation Type [NEGATIVE]. @08-11-2021 01:50:16.0699 AM
[ReportManager] Successfully created attachment [Screenshot - 1636336216571_assertElementAttribute_false_caseInsensitiveComparison_expectedToPass_ValidateElementAttribute_passed] @08-11-2021 01:50:16.0704 A
[ReportManager] Browser Action [CloseCurrentWindow] successfully performed. @08-11-2021 01:50:16.0947 AM
[ReportManager] Successfully created attachment [Browser Action Test Data - CloseCurrentWindow - Actual Value] @08-11-2021 01:50:16.0947 A
[ReportManager] File Action [GetAbsolutePath] successfully performed. With the following test data [Relative Folder Path: "target/downloadedFiles/"]. @08-11-2021 01:50:16.0951 AM
[ReportManager] Attempting to run locally on: [Mac-64], [Safari], Headless Execution. @08-11-2021 01:50:16.0951 AM
[ReportManager] Successfully Opened Safari. @08-11-2021 01:50:17.0822 AM
[ReportManager] Initial window size: (800, 600) @08-11-2021 01:50:17.0827 AM
[ReportManager] Window size after SWD Maximize: (1176, 811) @08-11-2021 01:50:17.0838 AM
[ReportManager] Browser Action [MaximizeWindow] successfully performed. With the following test data [New screen size is now: (1176, 811)]. @08-11-2021 01:50:17.0838 AM
[ReportManager] Target URL: [https://www.google.com/ncr], and after redirection: [www.google.com] @08-11-2021 01:50:17.0838 AM
[ReportManager] Initial URL: [] @08-11-2021 01:50:17.0887 AM
[ReportManager] Browser Action [NavigateToURL] successfully performed. With the following test data [https://www.google.com/ncr]. @08-11-2021 01:50:18.0668 A

################################################################################################################################################
Starting Execution:	[31 out of 146] test cases in the current suite
Test Method:		[unitTests.tests_validations_assertions.assertElementAttribute_false_containsComparison_expectedToFail]
################################################################################################################################################
[ReportManager] Element Action [Type] successfully performed. With the following test data [Automation123]. @08-11-2021 01:50:19.0126 AM
[ReportManager] Element Action [GetText] successfully performed. With the following test data [Automation123]. @08-11-2021 01:50:19.0181 AM
[ReportManager] Loaded Shared OpenCV @08-11-2021 01:50:19.0228 AM
[ReportManager] Assertion [ValidateElementAttribute] FAILED. Expected [Value Should not be 'Automation' for the 'text' attribute, element locator 'By.name: q'] and Actual [Automation123]. Comparison Type [CONTAINS]. Validation Type [NEGATIVE]. @08-11-2021 01:50:19.0326 AM
[ReportManager] Successfully created attachment [Screenshot - 1636336219228_assertElementAttribute_false_containsComparison_expectedToFail_ValidateElementAttribute_failed] @08-11-2021 01:50:19.0327 A
[ReportManager] Browser Action [CloseCurrentWindow] successfully performed. @08-11-2021 01:50:19.0640 AM
[ReportManager] Successfully created attachment [Browser Action Test Data - CloseCurrentWindow - Actual Value] @08-11-2021 01:50:19.0641 A
[ReportManager] File Action [GetAbsolutePath] successfully performed. With the following test data [Relative Folder Path: "target/downloadedFiles/"]. @08-11-2021 01:50:19.0645 AM
[ReportManager] Attempting to run locally on: [Mac-64], [Safari], Headless Execution. @08-11-2021 01:50:19.0645 AM
[ReportManager] Successfully Opened Safari. @08-11-2021 01:50:20.0475 AM
[ReportManager] Initial window size: (800, 600) @08-11-2021 01:50:20.0483 AM
[ReportManager] Window size after SWD Maximize: (1176, 811) @08-11-2021 01:50:20.0503 AM
[ReportManager] Browser Action [MaximizeWindow] successfully performed. With the following test data [New screen size is now: (1176, 811)]. @08-11-2021 01:50:20.0503 AM
[ReportManager] Target URL: [https://www.google.com/ncr], and after redirection: [www.google.com] @08-11-2021 01:50:20.0503 AM
[ReportManager] Initial URL: [] @08-11-2021 01:50:20.0569 AM
[ReportManager] Browser Action [NavigateToURL] successfully performed. With the following test data [https://www.google.com/ncr]. @08-11-2021 01:50:21.0756 A

################################################################################################################################################
Starting Execution:	[32 out of 146] test cases in the current suite
Test Method:		[unitTests.tests_validations_assertions.assertElementAttribute_false_containsComparison_expectedToPass]
################################################################################################################################################
[ReportManager] Element Action [Type] successfully performed. With the following test data [Automation123]. @08-11-2021 01:50:22.0196 AM
[ReportManager] Element Action [GetText] successfully performed. With the following test data [Automation123]. @08-11-2021 01:50:22.0240 AM
[ReportManager] Loaded Shared OpenCV @08-11-2021 01:50:22.0284 AM
[ReportManager] Assertion [ValidateElementAttribute] PASSED. Expected [Value Should not be 'Automation1234' for the 'text' attribute, element locator 'By.name: q'] and Actual [Automation123]. Comparison Type [CONTAINS]. Validation Type [NEGATIVE]. @08-11-2021 01:50:22.0376 AM
[ReportManager] Successfully created attachment [Screenshot - 1636336222284_assertElementAttribute_false_containsComparison_expectedToPass_ValidateElementAttribute_passed] @08-11-2021 01:50:22.0377 A
[ReportManager] Browser Action [CloseCurrentWindow] successfully performed. @08-11-2021 01:50:22.0615 AM
[ReportManager] Successfully created attachment [Browser Action Test Data - CloseCurrentWindow - Actual Value] @08-11-2021 01:50:22.0617 A
[ReportManager] File Action [GetAbsolutePath] successfully performed. With the following test data [Relative Folder Path: "target/downloadedFiles/"]. @08-11-2021 01:50:22.0622 AM
[ReportManager] Attempting to run locally on: [Mac-64], [Safari], Headless Execution. @08-11-2021 01:50:22.0622 AM
[ReportManager] Successfully Opened Safari. @08-11-2021 01:50:23.0434 AM
[ReportManager] Initial window size: (800, 600) @08-11-2021 01:50:23.0457 AM
[ReportManager] Window size after SWD Maximize: (1176, 811) @08-11-2021 01:50:23.0470 AM
[ReportManager] Browser Action [MaximizeWindow] successfully performed. With the following test data [New screen size is now: (1176, 811)]. @08-11-2021 01:50:23.0471 AM
[ReportManager] Target URL: [https://www.google.com/ncr], and after redirection: [www.google.com] @08-11-2021 01:50:23.0471 AM
[ReportManager] Initial URL: [] @08-11-2021 01:50:23.0525 AM
[ReportManager] Browser Action [NavigateToURL] successfully performed. With the following test data [https://www.google.com/ncr]. @08-11-2021 01:50:24.0367 A

################################################################################################################################################
Starting Execution:	[33 out of 146] test cases in the current suite
Test Method:		[unitTests.tests_validations_assertions.assertElementAttribute_false_literalComparison_expectedToFail]
################################################################################################################################################
[ReportManager] Element Action [Type] successfully performed. With the following test data [Automation!@#$%^&*()_+{}[]\';/.,]. @08-11-2021 01:50:25.0326 AM
[ReportManager] Element Action [GetText] successfully performed. With the following test data [Automation!@#$%^&*()_+{}[]\';/.,]. @08-11-2021 01:50:25.0398 AM
[ReportManager] Loaded Shared OpenCV @08-11-2021 01:50:25.0444 AM
[ReportManager] Assertion [ValidateElementAttribute] PASSED. Expected [Value Should not be 'Automation!@#$%^&*()_+{}[]\\';/.,' for the 'text' attribute, element locator 'By.name: q'] and Actual [Automation!@#$%^&*()_+{}[]\';/.,]. Comparison Type [EQUALS]. Validation Type [NEGATIVE]. @08-11-2021 01:50:25.0540 AM
[ReportManager] Successfully created attachment [Screenshot - 1636336225443_assertElementAttribute_false_literalComparison_expectedToFail_ValidateElementAttribute_passed] @08-11-2021 01:50:25.0541 A
[ReportManager] Browser Action [CloseCurrentWindow] successfully performed. @08-11-2021 01:50:25.0845 AM
[ReportManager] Successfully created attachment [Browser Action Test Data - CloseCurrentWindow - Actual Value] @08-11-2021 01:50:25.0845 A
[ReportManager] File Action [GetAbsolutePath] successfully performed. With the following test data [Relative Folder Path: "target/downloadedFiles/"]. @08-11-2021 01:50:25.0851 AM
[ReportManager] Attempting to run locally on: [Mac-64], [Safari], Headless Execution. @08-11-2021 01:50:25.0851 AM
[ReportManager] Successfully Opened Safari. @08-11-2021 01:50:26.0685 AM
[ReportManager] Initial window size: (800, 600) @08-11-2021 01:50:26.0703 AM
[ReportManager] Window size after SWD Maximize: (1176, 811) @08-11-2021 01:50:26.0717 AM
[ReportManager] Browser Action [MaximizeWindow] successfully performed. With the following test data [New screen size is now: (1176, 811)]. @08-11-2021 01:50:26.0717 AM
[ReportManager] Target URL: [https://www.google.com/ncr], and after redirection: [www.google.com] @08-11-2021 01:50:26.0717 AM
[ReportManager] Initial URL: [] @08-11-2021 01:50:26.0755 AM
[ReportManager] Browser Action [NavigateToURL] successfully performed. With the following test data [https://www.google.com/ncr]. @08-11-2021 01:50:28.0209 A

################################################################################################################################################
Starting Execution:	[34 out of 146] test cases in the current suite
Test Method:		[unitTests.tests_validations_assertions.assertElementAttribute_false_literalComparison_expectedToPass]
################################################################################################################################################
[ReportManager] Element Action [Type] successfully performed. With the following test data [Automation!@#$%^&*()_+{}[]\';/.,]. @08-11-2021 01:50:29.0203 AM
[ReportManager] Element Action [GetText] successfully performed. With the following test data [Automation!@#$%^&*()_+{}[]\';/.,]. @08-11-2021 01:50:29.0242 AM
[ReportManager] Loaded Shared OpenCV @08-11-2021 01:50:29.0289 AM
[ReportManager] Assertion [ValidateElementAttribute] PASSED. Expected [Value Should not be 'Automation' for the 'text' attribute, element locator 'By.name: q'] and Actual [Automation!@#$%^&*()_+{}[]\';/.,]. Comparison Type [EQUALS]. Validation Type [NEGATIVE]. @08-11-2021 01:50:29.0439 AM
[ReportManager] Successfully created attachment [Screenshot - 1636336229289_assertElementAttribute_false_literalComparison_expectedToPass_ValidateElementAttribute_passed] @08-11-2021 01:50:29.0440 A
[ReportManager] Browser Action [CloseCurrentWindow] successfully performed. @08-11-2021 01:50:29.0815 AM
[ReportManager] Successfully created attachment [Browser Action Test Data - CloseCurrentWindow - Actual Value] @08-11-2021 01:50:29.0816 A
[ReportManager] File Action [GetAbsolutePath] successfully performed. With the following test data [Relative Folder Path: "target/downloadedFiles/"]. @08-11-2021 01:50:29.0819 AM
[ReportManager] Attempting to run locally on: [Mac-64], [Safari], Headless Execution. @08-11-2021 01:50:29.0819 AM
[ReportManager] Successfully Opened Safari. @08-11-2021 01:50:30.0607 AM
[ReportManager] Initial window size: (800, 600) @08-11-2021 01:50:30.0615 AM
[ReportManager] Window size after SWD Maximize: (1176, 811) @08-11-2021 01:50:30.0633 AM
[ReportManager] Browser Action [MaximizeWindow] successfully performed. With the following test data [New screen size is now: (1176, 811)]. @08-11-2021 01:50:30.0633 AM
[ReportManager] Target URL: [https://www.google.com/ncr], and after redirection: [www.google.com] @08-11-2021 01:50:30.0633 AM
[ReportManager] Initial URL: [] @08-11-2021 01:50:30.0703 AM
[ReportManager] Browser Action [NavigateToURL] successfully performed. With the following test data [https://www.google.com/ncr]. @08-11-2021 01:50:32.0030 A

################################################################################################################################################
Starting Execution:	[35 out of 146] test cases in the current suite
Test Method:		[unitTests.tests_validations_assertions.assertElementAttribute_false_regexComparison_expectedToFail]
################################################################################################################################################
[ReportManager] Element Action [Type] successfully performed. With the following test data [Automation123]. @08-11-2021 01:50:32.0441 AM
[ReportManager] Element Action [GetText] successfully performed. With the following test data [Automation123]. @08-11-2021 01:50:32.0488 AM
[ReportManager] Loaded Shared OpenCV @08-11-2021 01:50:32.0532 AM
[ReportManager] Assertion [ValidateElementAttribute] FAILED. Expected [Value Should not be 'Automation.*' for the 'text' attribute, element locator 'By.name: q'] and Actual [Automation123]. Comparison Type [MATCHES]. Validation Type [NEGATIVE]. @08-11-2021 01:50:32.0623 AM
[ReportManager] Successfully created attachment [Screenshot - 1636336232532_assertElementAttribute_false_regexComparison_expectedToFail_ValidateElementAttribute_failed] @08-11-2021 01:50:32.0624 A
[ReportManager] Browser Action [CloseCurrentWindow] successfully performed. @08-11-2021 01:50:32.0940 AM
[ReportManager] Successfully created attachment [Browser Action Test Data - CloseCurrentWindow - Actual Value] @08-11-2021 01:50:32.0941 A
[ReportManager] File Action [GetAbsolutePath] successfully performed. With the following test data [Relative Folder Path: "target/downloadedFiles/"]. @08-11-2021 01:50:32.0944 AM
[ReportManager] Attempting to run locally on: [Mac-64], [Safari], Headless Execution. @08-11-2021 01:50:32.0944 AM
[ReportManager] Successfully Opened Safari. @08-11-2021 01:50:33.0738 AM
[ReportManager] Initial window size: (800, 600) @08-11-2021 01:50:33.0763 AM
[ReportManager] Window size after SWD Maximize: (1176, 811) @08-11-2021 01:50:33.0773 AM
[ReportManager] Browser Action [MaximizeWindow] successfully performed. With the following test data [New screen size is now: (1176, 811)]. @08-11-2021 01:50:33.0773 AM
[ReportManager] Target URL: [https://www.google.com/ncr], and after redirection: [www.google.com] @08-11-2021 01:50:33.0773 AM
[ReportManager] Initial URL: [] @08-11-2021 01:50:33.0826 AM
[ReportManager] Browser Action [NavigateToURL] successfully performed. With the following test data [https://www.google.com/ncr]. @08-11-2021 01:50:34.0607 A

################################################################################################################################################
Starting Execution:	[36 out of 146] test cases in the current suite
Test Method:		[unitTests.tests_validations_assertions.assertElementAttribute_false_regexComparison_expectedToPass]
################################################################################################################################################
[ReportManager] Element Action [Type] successfully performed. With the following test data [Automation123]. @08-11-2021 01:50:35.0083 AM
[ReportManager] Element Action [GetText] successfully performed. With the following test data [Automation123]. @08-11-2021 01:50:35.0135 AM
[ReportManager] Loaded Shared OpenCV @08-11-2021 01:50:35.0181 AM
[ReportManager] Assertion [ValidateElementAttribute] PASSED. Expected [Value Should not be 'Automation' for the 'text' attribute, element locator 'By.name: q'] and Actual [Automation123]. Comparison Type [MATCHES]. Validation Type [NEGATIVE]. @08-11-2021 01:50:35.0272 AM
[ReportManager] Successfully created attachment [Screenshot - 1636336235181_assertElementAttribute_false_regexComparison_expectedToPass_ValidateElementAttribute_passed] @08-11-2021 01:50:35.0273 A
[ReportManager] Browser Action [CloseCurrentWindow] successfully performed. @08-11-2021 01:50:35.0620 AM
[ReportManager] Successfully created attachment [Browser Action Test Data - CloseCurrentWindow - Actual Value] @08-11-2021 01:50:35.0621 A
[ReportManager] File Action [GetAbsolutePath] successfully performed. With the following test data [Relative Folder Path: "target/downloadedFiles/"]. @08-11-2021 01:50:35.0624 AM
[ReportManager] Attempting to run locally on: [Mac-64], [Safari], Headless Execution. @08-11-2021 01:50:35.0625 AM
[ReportManager] Successfully Opened Safari. @08-11-2021 01:50:36.0434 AM
[ReportManager] Initial window size: (800, 600) @08-11-2021 01:50:36.0461 AM
[ReportManager] Window size after SWD Maximize: (1176, 811) @08-11-2021 01:50:36.0472 AM
[ReportManager] Browser Action [MaximizeWindow] successfully performed. With the following test data [New screen size is now: (1176, 811)]. @08-11-2021 01:50:36.0473 AM
[ReportManager] Target URL: [https://www.google.com/ncr], and after redirection: [www.google.com] @08-11-2021 01:50:36.0473 AM
[ReportManager] Initial URL: [] @08-11-2021 01:50:36.0552 AM
[ReportManager] Browser Action [NavigateToURL] successfully performed. With the following test data [https://www.google.com/ncr]. @08-11-2021 01:50:37.0762 A

################################################################################################################################################
Starting Execution:	[37 out of 146] test cases in the current suite
Test Method:		[unitTests.tests_validations_assertions.assertElementAttribute_true_caseInsensitiveComparison_expectedToFail]
################################################################################################################################################
[ReportManager] Element Action [Type] successfully performed. With the following test data [AUTOMATION]. @08-11-2021 01:50:38.0262 AM
[ReportManager] Element Action [GetText] successfully performed. With the following test data [AUTOMATION]. @08-11-2021 01:50:38.0309 AM
[ReportManager] Loaded Shared OpenCV @08-11-2021 01:50:38.0357 AM
[ReportManager] Assertion [ValidateElementAttribute] FAILED. Expected [Value Should be 'AutomaTion123' for the 'text' attribute, element locator 'By.name: q'] and Actual [AUTOMATION]. Comparison Type [CASE_INSENSITIVE]. Validation Type [POSITIVE]. @08-11-2021 01:50:38.0452 AM
[ReportManager] Successfully created attachment [Screenshot - 1636336238357_assertElementAttribute_true_caseInsensitiveComparison_expectedToFail_ValidateElementAttribute_failed] @08-11-2021 01:50:38.0454 A
[ReportManager] Browser Action [CloseCurrentWindow] successfully performed. @08-11-2021 01:50:38.0839 AM
[ReportManager] Successfully created attachment [Browser Action Test Data - CloseCurrentWindow - Actual Value] @08-11-2021 01:50:38.0840 A
[ReportManager] File Action [GetAbsolutePath] successfully performed. With the following test data [Relative Folder Path: "target/downloadedFiles/"]. @08-11-2021 01:50:38.0843 AM
[ReportManager] Attempting to run locally on: [Mac-64], [Safari], Headless Execution. @08-11-2021 01:50:38.0843 AM
[ReportManager] Successfully Opened Safari. @08-11-2021 01:50:39.0639 AM
[ReportManager] Initial window size: (800, 600) @08-11-2021 01:50:39.0656 AM
[ReportManager] Window size after SWD Maximize: (1176, 811) @08-11-2021 01:50:39.0668 AM
[ReportManager] Browser Action [MaximizeWindow] successfully performed. With the following test data [New screen size is now: (1176, 811)]. @08-11-2021 01:50:39.0668 AM
[ReportManager] Target URL: [https://www.google.com/ncr], and after redirection: [www.google.com] @08-11-2021 01:50:39.0668 AM
[ReportManager] Initial URL: [] @08-11-2021 01:50:39.0722 AM
[ReportManager] Browser Action [NavigateToURL] successfully performed. With the following test data [https://www.google.com/ncr]. @08-11-2021 01:50:40.0930 A

################################################################################################################################################
Starting Execution:	[38 out of 146] test cases in the current suite
Test Method:		[unitTests.tests_validations_assertions.assertElementAttribute_true_caseInsensitiveComparison_expectedToPass]
################################################################################################################################################
[ReportManager] Element Action [Type] successfully performed. With the following test data [AUTOMATION]. @08-11-2021 01:50:41.0226 AM
[ReportManager] Element Action [GetText] successfully performed. With the following test data [AUTOMATION]. @08-11-2021 01:50:41.0315 AM
[ReportManager] Loaded Shared OpenCV @08-11-2021 01:50:41.0366 AM
[ReportManager] Assertion [ValidateElementAttribute] PASSED. Expected [Value Should be 'AutomaTion' for the 'text' attribute, element locator 'By.name: q'] and Actual [AUTOMATION]. Comparison Type [CASE_INSENSITIVE]. Validation Type [POSITIVE]. @08-11-2021 01:50:41.0463 AM
[ReportManager] Successfully created attachment [Screenshot - 1636336241366_assertElementAttribute_true_caseInsensitiveComparison_expectedToPass_ValidateElementAttribute_passed] @08-11-2021 01:50:41.0464 A
[ReportManager] Browser Action [CloseCurrentWindow] successfully performed. @08-11-2021 01:50:41.0809 AM
[ReportManager] Successfully created attachment [Browser Action Test Data - CloseCurrentWindow - Actual Value] @08-11-2021 01:50:41.0810 A
[ReportManager] File Action [GetAbsolutePath] successfully performed. With the following test data [Relative Folder Path: "target/downloadedFiles/"]. @08-11-2021 01:50:41.0813 AM
[ReportManager] Attempting to run locally on: [Mac-64], [Safari], Headless Execution. @08-11-2021 01:50:41.0813 AM
[ReportManager] Successfully Opened Safari. @08-11-2021 01:50:42.0621 AM
[ReportManager] Initial window size: (800, 600) @08-11-2021 01:50:42.0637 AM
[ReportManager] Window size after SWD Maximize: (1176, 811) @08-11-2021 01:50:42.0653 AM
[ReportManager] Browser Action [MaximizeWindow] successfully performed. With the following test data [New screen size is now: (1176, 811)]. @08-11-2021 01:50:42.0654 AM
[ReportManager] Target URL: [https://www.google.com/ncr], and after redirection: [www.google.com] @08-11-2021 01:50:42.0654 AM
[ReportManager] Initial URL: [] @08-11-2021 01:50:42.0702 AM
[ReportManager] Browser Action [NavigateToURL] successfully performed. With the following test data [https://www.google.com/ncr]. @08-11-2021 01:50:44.0066 A

################################################################################################################################################
Starting Execution:	[39 out of 146] test cases in the current suite
Test Method:		[unitTests.tests_validations_assertions.assertElementAttribute_true_containsComparison_expectedToFail]
################################################################################################################################################
[ReportManager] Element Action [Type] successfully performed. With the following test data [Automation123]. @08-11-2021 01:50:44.0481 AM
[ReportManager] Element Action [GetText] successfully performed. With the following test data [Automation123]. @08-11-2021 01:50:44.0526 AM
[ReportManager] Loaded Shared OpenCV @08-11-2021 01:50:44.0571 AM
[ReportManager] Assertion [ValidateElementAttribute] FAILED. Expected [Value Should be 'Automation1234' for the 'text' attribute, element locator 'By.name: q'] and Actual [Automation123]. Comparison Type [CONTAINS]. Validation Type [POSITIVE]. @08-11-2021 01:50:44.0663 AM
[ReportManager] Successfully created attachment [Screenshot - 1636336244571_assertElementAttribute_true_containsComparison_expectedToFail_ValidateElementAttribute_failed] @08-11-2021 01:50:44.0664 A
[ReportManager] Browser Action [CloseCurrentWindow] successfully performed. @08-11-2021 01:50:44.0965 AM
[ReportManager] Successfully created attachment [Browser Action Test Data - CloseCurrentWindow - Actual Value] @08-11-2021 01:50:44.0966 A
[ReportManager] File Action [GetAbsolutePath] successfully performed. With the following test data [Relative Folder Path: "target/downloadedFiles/"]. @08-11-2021 01:50:44.0969 AM
[ReportManager] Attempting to run locally on: [Mac-64], [Safari], Headless Execution. @08-11-2021 01:50:44.0970 AM
[ReportManager] Successfully Opened Safari. @08-11-2021 01:50:45.0782 AM
[ReportManager] Initial window size: (800, 600) @08-11-2021 01:50:45.0803 AM
[ReportManager] Window size after SWD Maximize: (1176, 811) @08-11-2021 01:50:45.0817 AM
[ReportManager] Browser Action [MaximizeWindow] successfully performed. With the following test data [New screen size is now: (1176, 811)]. @08-11-2021 01:50:45.0817 AM
[ReportManager] Target URL: [https://www.google.com/ncr], and after redirection: [www.google.com] @08-11-2021 01:50:45.0818 AM
[ReportManager] Initial URL: [] @08-11-2021 01:50:45.0863 AM
[ReportManager] Browser Action [NavigateToURL] successfully performed. With the following test data [https://www.google.com/ncr]. @08-11-2021 01:50:47.0166 A

################################################################################################################################################
Starting Execution:	[40 out of 146] test cases in the current suite
Test Method:		[unitTests.tests_validations_assertions.assertElementAttribute_true_containsComparison_expectedToPass]
################################################################################################################################################
[ReportManager] Element Action [Type] successfully performed. With the following test data [Automation123]. @08-11-2021 01:50:47.0629 AM
[ReportManager] Element Action [GetText] successfully performed. With the following test data [Automation123]. @08-11-2021 01:50:47.0674 AM
[ReportManager] Loaded Shared OpenCV @08-11-2021 01:50:47.0718 AM
[ReportManager] Assertion [ValidateElementAttribute] PASSED. Expected [Value Should be 'Automation' for the 'text' attribute, element locator 'By.name: q'] and Actual [Automation123]. Comparison Type [CONTAINS]. Validation Type [POSITIVE]. @08-11-2021 01:50:47.0810 AM
[ReportManager] Successfully created attachment [Screenshot - 1636336247718_assertElementAttribute_true_containsComparison_expectedToPass_ValidateElementAttribute_passed] @08-11-2021 01:50:47.0811 A
[ReportManager] Browser Action [CloseCurrentWindow] successfully performed. @08-11-2021 01:50:48.0083 AM
[ReportManager] Successfully created attachment [Browser Action Test Data - CloseCurrentWindow - Actual Value] @08-11-2021 01:50:48.0084 A
[ReportManager] File Action [GetAbsolutePath] successfully performed. With the following test data [Relative Folder Path: "target/downloadedFiles/"]. @08-11-2021 01:50:48.0087 AM
[ReportManager] Attempting to run locally on: [Mac-64], [Safari], Headless Execution. @08-11-2021 01:50:48.0087 AM
[ReportManager] Successfully Opened Safari. @08-11-2021 01:50:48.0918 AM
[ReportManager] Initial window size: (800, 600) @08-11-2021 01:50:48.0949 AM
[ReportManager] Window size after SWD Maximize: (1176, 811) @08-11-2021 01:50:48.0984 AM
[ReportManager] Browser Action [MaximizeWindow] successfully performed. With the following test data [New screen size is now: (1176, 811)]. @08-11-2021 01:50:48.0984 AM
[ReportManager] Target URL: [https://www.google.com/ncr], and after redirection: [www.google.com] @08-11-2021 01:50:48.0984 AM
[ReportManager] Initial URL: [] @08-11-2021 01:50:49.0038 AM
[ReportManager] Browser Action [NavigateToURL] successfully performed. With the following test data [https://www.google.com/ncr]. @08-11-2021 01:50:49.0816 A

################################################################################################################################################
Starting Execution:	[41 out of 146] test cases in the current suite
Test Method:		[unitTests.tests_validations_assertions.assertElementAttribute_true_literalComparison_expectedToFail]
################################################################################################################################################
[ReportManager] Element Action [Type] successfully performed. With the following test data [Automation!@#$%^&*()_+{}[]\';/.,]. @08-11-2021 01:50:50.0817 AM
[ReportManager] Element Action [GetText] successfully performed. With the following test data [Automation!@#$%^&*()_+{}[]\';/.,]. @08-11-2021 01:50:50.0859 AM
[ReportManager] Loaded Shared OpenCV @08-11-2021 01:50:50.0907 AM
[ReportManager] Assertion [ValidateElementAttribute] FAILED. Expected [Value Should be 'Automation' for the 'text' attribute, element locator 'By.name: q'] and Actual [Automation!@#$%^&*()_+{}[]\';/.,]. Comparison Type [EQUALS]. Validation Type [POSITIVE]. @08-11-2021 01:50:51.0059 AM
[ReportManager] Successfully created attachment [Screenshot - 1636336250907_assertElementAttribute_true_literalComparison_expectedToFail_ValidateElementAttribute_failed] @08-11-2021 01:50:51.0061 A
[ReportManager] Browser Action [CloseCurrentWindow] successfully performed. @08-11-2021 01:50:51.0361 AM
[ReportManager] Successfully created attachment [Browser Action Test Data - CloseCurrentWindow - Actual Value] @08-11-2021 01:50:51.0362 A
[ReportManager] File Action [GetAbsolutePath] successfully performed. With the following test data [Relative Folder Path: "target/downloadedFiles/"]. @08-11-2021 01:50:51.0365 AM
[ReportManager] Attempting to run locally on: [Mac-64], [Safari], Headless Execution. @08-11-2021 01:50:51.0365 AM
[ReportManager] Successfully Opened Safari. @08-11-2021 01:50:52.0166 AM
[ReportManager] Initial window size: (800, 600) @08-11-2021 01:50:52.0174 AM
[ReportManager] Window size after SWD Maximize: (1176, 811) @08-11-2021 01:50:52.0199 AM
[ReportManager] Browser Action [MaximizeWindow] successfully performed. With the following test data [New screen size is now: (1176, 811)]. @08-11-2021 01:50:52.0199 AM
[ReportManager] Target URL: [https://www.google.com/ncr], and after redirection: [www.google.com] @08-11-2021 01:50:52.0200 AM
[ReportManager] Initial URL: [] @08-11-2021 01:50:52.0241 AM
[ReportManager] Browser Action [NavigateToURL] successfully performed. With the following test data [https://www.google.com/ncr]. @08-11-2021 01:50:53.0060 A

################################################################################################################################################
Starting Execution:	[42 out of 146] test cases in the current suite
Test Method:		[unitTests.tests_validations_assertions.assertElementAttribute_true_literalComparison_expectedToPass]
################################################################################################################################################
[ReportManager] Element Action [Type] successfully performed. With the following test data [Automation!@#$%^&*()_+{}[]\';/.,]. @08-11-2021 01:50:54.0089 AM
[ReportManager] Element Action [GetText] successfully performed. With the following test data [Automation!@#$%^&*()_+{}[]\';/.,]. @08-11-2021 01:50:54.0145 AM
[ReportManager] Loaded Shared OpenCV @08-11-2021 01:50:54.0195 AM
[ReportManager] Assertion [ValidateElementAttribute] PASSED. Expected [Value Should be 'Automation!@#$%^&*()_+{}[]\';/.,' for the 'text' attribute, element locator 'By.name: q'] and Actual [Automation!@#$%^&*()_+{}[]\';/.,]. Comparison Type [EQUALS]. Validation Type [POSITIVE]. @08-11-2021 01:50:54.0349 AM
[ReportManager] Successfully created attachment [Screenshot - 1636336254195_assertElementAttribute_true_literalComparison_expectedToPass_ValidateElementAttribute_passed] @08-11-2021 01:50:54.0350 A
[ReportManager] Browser Action [CloseCurrentWindow] successfully performed. @08-11-2021 01:50:54.0805 AM
[ReportManager] Successfully created attachment [Browser Action Test Data - CloseCurrentWindow - Actual Value] @08-11-2021 01:50:54.0805 A
[ReportManager] File Action [GetAbsolutePath] successfully performed. With the following test data [Relative Folder Path: "target/downloadedFiles/"]. @08-11-2021 01:50:54.0808 AM
[ReportManager] Attempting to run locally on: [Mac-64], [Safari], Headless Execution. @08-11-2021 01:50:54.0808 AM
[ReportManager] Successfully Opened Safari. @08-11-2021 01:50:55.0602 AM
[ReportManager] Initial window size: (800, 600) @08-11-2021 01:50:55.0626 AM
[ReportManager] Window size after SWD Maximize: (1176, 811) @08-11-2021 01:50:55.0637 AM
[ReportManager] Browser Action [MaximizeWindow] successfully performed. With the following test data [New screen size is now: (1176, 811)]. @08-11-2021 01:50:55.0637 AM
[ReportManager] Target URL: [https://www.google.com/ncr], and after redirection: [www.google.com] @08-11-2021 01:50:55.0637 AM
[ReportManager] Initial URL: [] @08-11-2021 01:50:55.0714 AM
[ReportManager] Browser Action [NavigateToURL] successfully performed. With the following test data [https://www.google.com/ncr]. @08-11-2021 01:50:56.0482 A

################################################################################################################################################
Starting Execution:	[43 out of 146] test cases in the current suite
Test Method:		[unitTests.tests_validations_assertions.assertElementAttribute_true_regexComparison_expectedToFail]
################################################################################################################################################
[ReportManager] Element Action [Type] successfully performed. With the following test data [Automation123]. @08-11-2021 01:50:57.0024 AM
[ReportManager] Element Action [GetText] successfully performed. With the following test data [Automation123]. @08-11-2021 01:50:57.0066 AM
[ReportManager] Loaded Shared OpenCV @08-11-2021 01:50:57.0111 AM
[ReportManager] Assertion [ValidateElementAttribute] FAILED. Expected [Value Should be 'Automation' for the 'text' attribute, element locator 'By.name: q'] and Actual [Automation123]. Comparison Type [MATCHES]. Validation Type [POSITIVE]. @08-11-2021 01:50:57.0259 AM
[ReportManager] Successfully created attachment [Screenshot - 1636336257111_assertElementAttribute_true_regexComparison_expectedToFail_ValidateElementAttribute_failed] @08-11-2021 01:50:57.0260 A
[ReportManager] Browser Action [CloseCurrentWindow] successfully performed. @08-11-2021 01:50:57.0580 AM
[ReportManager] Successfully created attachment [Browser Action Test Data - CloseCurrentWindow - Actual Value] @08-11-2021 01:50:57.0581 A
[ReportManager] File Action [GetAbsolutePath] successfully performed. With the following test data [Relative Folder Path: "target/downloadedFiles/"]. @08-11-2021 01:50:57.0584 AM
[ReportManager] Attempting to run locally on: [Mac-64], [Safari], Headless Execution. @08-11-2021 01:50:57.0584 AM
[ReportManager] Successfully Opened Safari. @08-11-2021 01:50:58.0422 AM
[ReportManager] Initial window size: (800, 600) @08-11-2021 01:50:58.0447 AM
[ReportManager] Window size after SWD Maximize: (1176, 811) @08-11-2021 01:50:58.0464 AM
[ReportManager] Browser Action [MaximizeWindow] successfully performed. With the following test data [New screen size is now: (1176, 811)]. @08-11-2021 01:50:58.0465 AM
[ReportManager] Target URL: [https://www.google.com/ncr], and after redirection: [www.google.com] @08-11-2021 01:50:58.0466 AM
[ReportManager] Initial URL: [] @08-11-2021 01:50:58.0540 AM
[ReportManager] Browser Action [NavigateToURL] successfully performed. With the following test data [https://www.google.com/ncr]. @08-11-2021 01:50:59.0484 A

################################################################################################################################################
Starting Execution:	[44 out of 146] test cases in the current suite
Test Method:		[unitTests.tests_validations_assertions.assertElementAttribute_true_regexComparison_expectedToPass]
################################################################################################################################################
[ReportManager] Element Action [Type] successfully performed. With the following test data [Automation123]. @08-11-2021 01:50:59.0957 AM
[ReportManager] Element Action [GetText] successfully performed. With the following test data [Automation123]. @08-11-2021 01:51:00.0003 AM
[ReportManager] Loaded Shared OpenCV @08-11-2021 01:51:00.0049 AM
[ReportManager] Assertion [ValidateElementAttribute] PASSED. Expected [Value Should be 'Automation.*' for the 'text' attribute, element locator 'By.name: q'] and Actual [Automation123]. Comparison Type [MATCHES]. Validation Type [POSITIVE]. @08-11-2021 01:51:00.0165 AM
[ReportManager] Successfully created attachment [Screenshot - 1636336260049_assertElementAttribute_true_regexComparison_expectedToPass_ValidateElementAttribute_passed] @08-11-2021 01:51:00.0166 A
[ReportManager] Browser Action [CloseCurrentWindow] successfully performed. @08-11-2021 01:51:00.0541 AM
[ReportManager] Successfully created attachment [Browser Action Test Data - CloseCurrentWindow - Actual Value] @08-11-2021 01:51:00.0543 A
[ReportManager] File Action [GetAbsolutePath] successfully performed. With the following test data [Relative Folder Path: "target/downloadedFiles/"]. @08-11-2021 01:51:00.0548 AM
[ReportManager] Attempting to run locally on: [Mac-64], [Safari], Headless Execution. @08-11-2021 01:51:00.0548 AM
[ReportManager] Successfully Opened Safari. @08-11-2021 01:51:01.0386 AM
[ReportManager] Initial window size: (800, 600) @08-11-2021 01:51:01.0411 AM
[ReportManager] Window size after SWD Maximize: (1176, 811) @08-11-2021 01:51:01.0423 AM
[ReportManager] Browser Action [MaximizeWindow] successfully performed. With the following test data [New screen size is now: (1176, 811)]. @08-11-2021 01:51:01.0430 AM
[ReportManager] Target URL: [https://www.google.com/ncr], and after redirection: [www.google.com] @08-11-2021 01:51:01.0431 AM
[ReportManager] Initial URL: [] @08-11-2021 01:51:01.0505 AM
[ReportManager] Browser Action [NavigateToURL] successfully performed. With the following test data [https://www.google.com/ncr]. @08-11-2021 01:51:02.0868 A

################################################################################################################################################
Starting Execution:	[45 out of 146] test cases in the current suite
Test Method:		[unitTests.tests_validations_assertions.assertElementAttribute_type_true_literalComparison_expectedToPass]
################################################################################################################################################
[ReportManager] Element Action [Type] successfully performed. With the following test data [Automation!@#$%^&*()_+{}[]\';/.,]. @08-11-2021 01:51:03.0757 AM
[ReportManager] Element Action [GetText] successfully performed. With the following test data [Automation!@#$%^&*()_+{}[]\';/.,]. @08-11-2021 01:51:03.0802 AM
[ReportManager] Loaded Shared OpenCV @08-11-2021 01:51:03.0850 AM
[ReportManager] Assertion [ValidateElementAttribute] PASSED. Expected [Value Should be 'Automation!@#$%^&*()_+{}[]\';/.,' for the 'text' attribute, element locator 'By.name: q'] and Actual [Automation!@#$%^&*()_+{}[]\';/.,]. Comparison Type [EQUALS]. Validation Type [POSITIVE]. @08-11-2021 01:51:03.0999 AM
[ReportManager] Successfully created attachment [Screenshot - 1636336263850_assertElementAttribute_type_true_literalComparison_expectedToPass_ValidateElementAttribute_passed] @08-11-2021 01:51:04.0000 A
[ReportManager] Browser Action [CloseCurrentWindow] successfully performed. @08-11-2021 01:51:04.0299 AM
[ReportManager] Successfully created attachment [Browser Action Test Data - CloseCurrentWindow - Actual Value] @08-11-2021 01:51:04.0300 A
[ReportManager] File Action [GetAbsolutePath] successfully performed. With the following test data [Relative Folder Path: "target/downloadedFiles/"]. @08-11-2021 01:51:04.0303 AM
[ReportManager] Attempting to run locally on: [Mac-64], [Safari], Headless Execution. @08-11-2021 01:51:04.0303 AM
[ReportManager] Successfully Opened Safari. @08-11-2021 01:51:05.0133 AM
[ReportManager] Initial window size: (800, 600) @08-11-2021 01:51:05.0144 AM
[ReportManager] Window size after SWD Maximize: (1176, 811) @08-11-2021 01:51:05.0158 AM
[ReportManager] Browser Action [MaximizeWindow] successfully performed. With the following test data [New screen size is now: (1176, 811)]. @08-11-2021 01:51:05.0159 AM
[ReportManager] Target URL: [https://www.google.com/ncr], and after redirection: [www.google.com] @08-11-2021 01:51:05.0160 AM
[ReportManager] Initial URL: [] @08-11-2021 01:51:05.0221 AM
[ReportManager] Browser Action [NavigateToURL] successfully performed. With the following test data [https://www.google.com/ncr]. @08-11-2021 01:51:06.0429 A

################################################################################################################################################
Starting Execution:	[46 out of 146] test cases in the current suite
Test Method:		[unitTests.tests_validations_assertions.assertElementExists_false_expectedToFail]
###############################################################################################################################################
[ReportManager] Browser Action [CloseCurrentWindow] successfully performed. @08-11-2021 01:51:06.0813 AM
[ReportManager] Successfully created attachment [Browser Action Test Data - CloseCurrentWindow - Actual Value] @08-11-2021 01:51:06.0814 A
[ReportManager] File Action [GetAbsolutePath] successfully performed. With the following test data [Relative Folder Path: "target/downloadedFiles/"]. @08-11-2021 01:51:06.0817 AM
[ReportManager] Attempting to run locally on: [Mac-64], [Safari], Headless Execution. @08-11-2021 01:51:06.0817 AM
[ReportManager] Successfully Opened Safari. @08-11-2021 01:51:07.0618 AM
[ReportManager] Initial window size: (800, 600) @08-11-2021 01:51:07.0623 AM
[ReportManager] Window size after SWD Maximize: (1176, 811) @08-11-2021 01:51:07.0634 AM
[ReportManager] Browser Action [MaximizeWindow] successfully performed. With the following test data [New screen size is now: (1176, 811)]. @08-11-2021 01:51:07.0635 AM
[ReportManager] Target URL: [https://www.google.com/ncr], and after redirection: [www.google.com] @08-11-2021 01:51:07.0635 AM
[ReportManager] Initial URL: [] @08-11-2021 01:51:07.0671 AM
[ReportManager] Browser Action [NavigateToURL] successfully performed. With the following test data [https://www.google.com/ncr]. @08-11-2021 01:51:08.0421 A

################################################################################################################################################
Starting Execution:	[47 out of 146] test cases in the current suite
Test Method:		[unitTests.tests_validations_assertions.assertElementExists_false_expectedToPass]
###############################################################################################################################################
[ReportManager] Browser Action [CloseCurrentWindow] successfully performed. @08-11-2021 01:51:08.0866 AM
[ReportManager] Successfully created attachment [Browser Action Test Data - CloseCurrentWindow - Actual Value] @08-11-2021 01:51:08.0866 A
[ReportManager] File Action [GetAbsolutePath] successfully performed. With the following test data [Relative Folder Path: "target/downloadedFiles/"]. @08-11-2021 01:51:08.0869 AM
[ReportManager] Attempting to run locally on: [Mac-64], [Safari], Headless Execution. @08-11-2021 01:51:08.0869 AM
[ReportManager] Successfully Opened Safari. @08-11-2021 01:51:09.0648 AM
[ReportManager] Initial window size: (800, 600) @08-11-2021 01:51:09.0671 AM
[ReportManager] Window size after SWD Maximize: (1176, 811) @08-11-2021 01:51:09.0689 AM
[ReportManager] Browser Action [MaximizeWindow] successfully performed. With the following test data [New screen size is now: (1176, 811)]. @08-11-2021 01:51:09.0689 AM
[ReportManager] Target URL: [https://www.google.com/ncr], and after redirection: [www.google.com] @08-11-2021 01:51:09.0689 AM
[ReportManager] Initial URL: [] @08-11-2021 01:51:09.0783 AM
[ReportManager] Browser Action [NavigateToURL] successfully performed. With the following test data [https://www.google.com/ncr]. @08-11-2021 01:51:11.0129 A

################################################################################################################################################
Starting Execution:	[48 out of 146] test cases in the current suite
Test Method:		[unitTests.tests_validations_assertions.assertElementExists_false_multipleElementsFound_expectedToFail]
################################################################################################################################################
[ReportManager] Loaded Shared OpenCV @08-11-2021 01:51:11.0197 AM
[ReportManager] Assertion [ValidateElementExists] FAILED. Expected [Element Should not Exist, locator 'By.xpath: //div'] and Actual [Element Exists but is not unique]. Comparison Type [EQUALS]. Validation Type [NEGATIVE]. @08-11-2021 01:51:11.0288 AM
[ReportManager] Successfully created attachment [Screenshot - 1636336271197_assertElementExists_false_multipleElementsFound_expectedToFail_ValidateElementExists_failed] @08-11-2021 01:51:11.0289 A
[ReportManager] Browser Action [CloseCurrentWindow] successfully performed. @08-11-2021 01:51:11.0717 AM
[ReportManager] Successfully created attachment [Browser Action Test Data - CloseCurrentWindow - Actual Value] @08-11-2021 01:51:11.0718 A
[ReportManager] File Action [GetAbsolutePath] successfully performed. With the following test data [Relative Folder Path: "target/downloadedFiles/"]. @08-11-2021 01:51:11.0721 AM
[ReportManager] Attempting to run locally on: [Mac-64], [Safari], Headless Execution. @08-11-2021 01:51:11.0721 AM
[ReportManager] Successfully Opened Safari. @08-11-2021 01:51:12.0573 AM
[ReportManager] Initial window size: (800, 600) @08-11-2021 01:51:12.0581 AM
[ReportManager] Window size after SWD Maximize: (1176, 811) @08-11-2021 01:51:12.0600 AM
[ReportManager] Browser Action [MaximizeWindow] successfully performed. With the following test data [New screen size is now: (1176, 811)]. @08-11-2021 01:51:12.0600 AM
[ReportManager] Target URL: [https://www.google.com/ncr], and after redirection: [www.google.com] @08-11-2021 01:51:12.0601 AM
[ReportManager] Initial URL: [] @08-11-2021 01:51:12.0675 AM
[ReportManager] Browser Action [NavigateToURL] successfully performed. With the following test data [https://www.google.com/ncr]. @08-11-2021 01:51:14.0000 A

################################################################################################################################################
Starting Execution:	[49 out of 146] test cases in the current suite
Test Method:		[unitTests.tests_validations_assertions.assertElementExists_true_expectedToFail]
###############################################################################################################################################
[ReportManager] Browser Action [CloseCurrentWindow] successfully performed. @08-11-2021 01:51:14.0340 AM
[ReportManager] Successfully created attachment [Browser Action Test Data - CloseCurrentWindow - Actual Value] @08-11-2021 01:51:14.0341 A
[ReportManager] File Action [GetAbsolutePath] successfully performed. With the following test data [Relative Folder Path: "target/downloadedFiles/"]. @08-11-2021 01:51:14.0343 AM
[ReportManager] Attempting to run locally on: [Mac-64], [Safari], Headless Execution. @08-11-2021 01:51:14.0344 AM
[ReportManager] Successfully Opened Safari. @08-11-2021 01:51:15.0161 AM
[ReportManager] Initial window size: (800, 600) @08-11-2021 01:51:15.0166 AM
[ReportManager] Window size after SWD Maximize: (1176, 811) @08-11-2021 01:51:15.0188 AM
[ReportManager] Browser Action [MaximizeWindow] successfully performed. With the following test data [New screen size is now: (1176, 811)]. @08-11-2021 01:51:15.0189 AM
[ReportManager] Target URL: [https://www.google.com/ncr], and after redirection: [www.google.com] @08-11-2021 01:51:15.0189 AM
[ReportManager] Initial URL: [] @08-11-2021 01:51:15.0230 AM
[ReportManager] Browser Action [NavigateToURL] successfully performed. With the following test data [https://www.google.com/ncr]. @08-11-2021 01:51:16.0044 A

################################################################################################################################################
Starting Execution:	[50 out of 146] test cases in the current suite
Test Method:		[unitTests.tests_validations_assertions.assertElementExists_true_expectedToPass]
################################################################################################################################################
[ReportManager] Loaded Shared OpenCV @08-11-2021 01:51:16.0130 AM
[ReportManager] Assertion [ValidateElementExists] PASSED. Expected [Element Should Exist, locator 'By.xpath: //*[@id='hplogo' or @alt='Google']'] and Actual [Element Exists]. Comparison Type [EQUALS]. Validation Type [POSITIVE]. @08-11-2021 01:51:16.0224 AM
[ReportManager] Successfully created attachment [Screenshot - 1636336276130_assertElementExists_true_expectedToPass_ValidateElementExists_passed] @08-11-2021 01:51:16.0225 A
[ReportManager] Browser Action [CloseCurrentWindow] successfully performed. @08-11-2021 01:51:16.0396 AM
[ReportManager] Successfully created attachment [Browser Action Test Data - CloseCurrentWindow - Actual Value] @08-11-2021 01:51:16.0397 A
[ReportManager] File Action [GetAbsolutePath] successfully performed. With the following test data [Relative Folder Path: "target/downloadedFiles/"]. @08-11-2021 01:51:16.0400 AM
[ReportManager] Attempting to run locally on: [Mac-64], [Safari], Headless Execution. @08-11-2021 01:51:16.0400 AM
[ReportManager] Successfully Opened Safari. @08-11-2021 01:51:17.0171 AM
[ReportManager] Initial window size: (800, 600) @08-11-2021 01:51:17.0193 AM
[ReportManager] Window size after SWD Maximize: (1176, 811) @08-11-2021 01:51:17.0203 AM
[ReportManager] Browser Action [MaximizeWindow] successfully performed. With the following test data [New screen size is now: (1176, 811)]. @08-11-2021 01:51:17.0203 AM
[ReportManager] Target URL: [https://www.google.com/ncr], and after redirection: [www.google.com] @08-11-2021 01:51:17.0203 AM
[ReportManager] Initial URL: [] @08-11-2021 01:51:17.0263 AM
[ReportManager] Browser Action [NavigateToURL] successfully performed. With the following test data [https://www.google.com/ncr]. @08-11-2021 01:51:18.0517 A

################################################################################################################################################
Starting Execution:	[51 out of 146] test cases in the current suite
Test Method:		[unitTests.tests_validations_assertions.assertElementExists_true_multipleElementsFound_expectedToFail]
################################################################################################################################################
[ReportManager] Loaded Shared OpenCV @08-11-2021 01:51:18.0589 AM
[ReportManager] Assertion [ValidateElementExists] FAILED. Expected [Element Should Exist, locator 'By.xpath: //div'] and Actual [Element Exists but is not unique]. Comparison Type [EQUALS]. Validation Type [POSITIVE]. @08-11-2021 01:51:18.0680 AM
[ReportManager] Successfully created attachment [Screenshot - 1636336278589_assertElementExists_true_multipleElementsFound_expectedToFail_ValidateElementExists_failed] @08-11-2021 01:51:18.0682 A
[ReportManager] Browser Action [CloseCurrentWindow] successfully performed. @08-11-2021 01:51:18.0946 AM
[ReportManager] Successfully created attachment [Browser Action Test Data - CloseCurrentWindow - Actual Value] @08-11-2021 01:51:18.0947 A

################################################################################################################################################
Starting Execution:	[52 out of 146] test cases in the current suite
Test Method:		[unitTests.tests_validations_assertions.assertEquals_false_expectedToFail]
################################################################################################################################################
[ReportManager] Assertion [ValidateEquals] FAILED. Expected [1] and Actual [1]. Comparison Type [EQUALS]. Validation Type [NEGATIVE]. @08-11-2021 01:51:18.0951 A

################################################################################################################################################
Starting Execution:	[53 out of 146] test cases in the current suite
Test Method:		[unitTests.tests_validations_assertions.assertEquals_false_expectedToPass]
################################################################################################################################################
[ReportManager] Assertion [ValidateEquals] PASSED. Expected [1] and Actual [2]. Comparison Type [EQUALS]. Validation Type [NEGATIVE]. @08-11-2021 01:51:18.0954 A

################################################################################################################################################
Starting Execution:	[54 out of 146] test cases in the current suite
Test Method:		[unitTests.tests_validations_assertions.assertEquals_longCharacters]
################################################################################################################################################
[ReportManager] Verification [ValidateEquals] PASSED. Expected and Actual values are attached. Comparison Type [EQUALS]. Validation Type [POSITIVE]. @08-11-2021 01:51:18.0962 AM
[ReportManager] Successfully created attachment [Validation Test Data - Expected Value] @08-11-2021 01:51:18.0962 AM
[ReportManager] Successfully created attachment [Validation Test Data - Actual Value] @08-11-2021 01:51:18.0963 AM
[ReportManager] Assertion [ValidateEquals] PASSED. Expected and Actual values are attached. Comparison Type [EQUALS]. Validation Type [POSITIVE]. @08-11-2021 01:51:18.0963 AM
[ReportManager] Successfully created attachment [Validation Test Data - Expected Value] @08-11-2021 01:51:18.0964 AM
[ReportManager] Successfully created attachment [Validation Test Data - Actual Value] @08-11-2021 01:51:18.0964 A

################################################################################################################################################
Starting Execution:	[55 out of 146] test cases in the current suite
Test Method:		[unitTests.tests_validations_assertions.assertEquals_longCharacters_Discreet]
################################################################################################################################################
[ReportManager] Assertion [ValidateEquals] PASSED. Expected [1LH5pROcDBjjQk0t0mCr0lXuzQu9lcGj28kY8R1H81X67eVAQJgWQhILiRWVPUgZ6uCtK5cnBkF55Jr9vYngjGO1Iyf0Mktv6lruDlL9T8MAUPcUZJGHZtji6nIeadujDSNmWMj5d6C8zlFqw0CRqBU0hO5adIasHgBSNoLotAjce3NGXoDwAlp3rYreeV16VIyZXROQY] and Actual [1LH5pROcDBjjQk0t0mCr0lXuzQu9lcGj28kY8R1H81X67eVAQJgWQhILiRWVPUgZ6uCtK5cnBkF55Jr9vYngjGO1Iyf0Mktv6lruDlL9T8MAUPcUZJGHZtji6nIeadujDSNmWMj5d6C8zlFqw0CRqBU0hO5adIasHgBSNoLotAjce3NGXoDwAlp3rYreeV16VIyZXROQY]. Comparison Type [EQUALS]. Validation Type [POSITIVE]. @08-11-2021 01:51:18.0968 A

################################################################################################################################################
Starting Execution:	[56 out of 146] test cases in the current suite
Test Method:		[unitTests.tests_validations_assertions.assertEquals_true_expectedToFail]
################################################################################################################################################
[ReportManager] Assertion [ValidateEquals] FAILED. Expected [1] and Actual [2]. Comparison Type [EQUALS]. Validation Type [POSITIVE]. @08-11-2021 01:51:18.0972 A

################################################################################################################################################
Starting Execution:	[57 out of 146] test cases in the current suite
Test Method:		[unitTests.tests_validations_assertions.assertEquals_true_expectedToPass]
Test Description:	[Assert that assertEquals works as expected when the two values are equal.]
################################################################################################################################################
[ReportManager] Verification [ValidateEquals] PASSED. Expected [1] and Actual [1]. Comparison Type [EQUALS]. Validation Type [POSITIVE]. @08-11-2021 01:51:18.0986 AM
[ReportManager] Assertion [ValidateEquals] PASSED. Expected [1] and Actual [1]. Comparison Type [EQUALS]. Validation Type [POSITIVE]. @08-11-2021 01:51:18.0987 A

################################################################################################################################################
Starting Execution:	[58 out of 146] test cases in the current suite
Test Method:		[unitTests.tests_validations_assertions.assertEquals_true_expectedToPass__]
################################################################################################################################################
[ReportManager] Assertion [ValidateEquals] PASSED. Expected [1] and Actual [1]. Comparison Type [EQUALS]. Validation Type [POSITIVE]. @08-11-2021 01:51:18.0991 A

################################################################################################################################################
Starting Execution:	[59 out of 146] test cases in the current suite
Test Method:		[unitTests.tests_validations_assertions.assertFileExists_false_expectedToFail]
################################################################################################################################################
[ReportManager] File Action [DoesFileExist] successfully performed. With the following test data [File Path: "src/main/java/com/shaft/gui/element/ElementActions.java"]. @08-11-2021 01:51:18.0994 AM
[ReportManager] Assertion [ValidateFileExists] FAILED. Expected [File 'src/main/java/com/shaft/gui/element/ElementActions.java' should not exist, after up to '1' retries] and Actual [File exists]. Validation Type [NEGATIVE]. @08-11-2021 01:51:19.0004 A

################################################################################################################################################
Starting Execution:	[60 out of 146] test cases in the current suite
Test Method:		[unitTests.tests_validations_assertions.assertFileExists_false_expectedToPass]
################################################################################################################################################
[ReportManager] File Action [DoesFileExist] successfully performed. With the following test data [File Path: "src/main/java/com/shaft/gui/element/ElementActions.java_fail"]. @08-11-2021 01:51:19.0957 AM
[ReportManager] Assertion [ValidateFileExists] PASSED. Expected [File 'src/main/java/com/shaft/gui/element/ElementActions.java_fail' should not exist, after up to '1' retries] and Actual [File does not exist]. Validation Type [NEGATIVE]. @08-11-2021 01:51:19.0958 A

################################################################################################################################################
Starting Execution:	[61 out of 146] test cases in the current suite
Test Method:		[unitTests.tests_validations_assertions.assertFileExists_true_expectedToFail]
################################################################################################################################################
[ReportManager] File Action [DoesFileExist] successfully performed. With the following test data [File Path: "src/main/java/com/shaft/gui/element/ElementActions.java_fail"]. @08-11-2021 01:51:20.0462 AM
[ReportManager] Assertion [ValidateFileExists] FAILED. Expected [File 'src/main/java/com/shaft/gui/element/ElementActions.java_fail' should exist, after up to '1' retries] and Actual [File does not exist]. Validation Type [POSITIVE]. @08-11-2021 01:51:20.0462 A

################################################################################################################################################
Starting Execution:	[62 out of 146] test cases in the current suite
Test Method:		[unitTests.tests_validations_assertions.assertFileExists_true_expectedToPass]
################################################################################################################################################
[ReportManager] File Action [DoesFileExist] successfully performed. With the following test data [File Path: "src/main/java/com/shaft/gui/element/ElementActions.java"]. @08-11-2021 01:51:20.0466 AM
[ReportManager] Assertion [ValidateFileExists] PASSED. Expected [File 'src/main/java/com/shaft/gui/element/ElementActions.java' should exist, after up to '1' retries] and Actual [File exists]. Validation Type [POSITIVE]. @08-11-2021 01:51:20.0466 A

################################################################################################################################################
Starting Execution:	[63 out of 146] test cases in the current suite
Test Method:		[unitTests.tests_validations_assertions.assertNull_false_expectedToFail]
################################################################################################################################################
[ReportManager] Assertion [ValidateNull] FAILED. Expected [NULL] and Actual [NULL]. Comparison Type [EQUALS]. Validation Type [NEGATIVE]. @08-11-2021 01:51:20.0469 A

################################################################################################################################################
Starting Execution:	[64 out of 146] test cases in the current suite
Test Method:		[unitTests.tests_validations_assertions.assertNull_false_expectedToPass]
################################################################################################################################################
[ReportManager] Assertion [ValidateNull] PASSED. Expected [NULL] and Actual [1]. Comparison Type [EQUALS]. Validation Type [NEGATIVE]. @08-11-2021 01:51:20.0473 A

################################################################################################################################################
Starting Execution:	[65 out of 146] test cases in the current suite
Test Method:		[unitTests.tests_validations_assertions.assertNull_true_expectedToFail]
################################################################################################################################################
[ReportManager] Assertion [ValidateNull] FAILED. Expected [NULL] and Actual [1]. Comparison Type [EQUALS]. Validation Type [POSITIVE]. @08-11-2021 01:51:20.0476 A

################################################################################################################################################
Starting Execution:	[66 out of 146] test cases in the current suite
Test Method:		[unitTests.tests_validations_assertions.assertNull_true_expectedToPass]
################################################################################################################################################
[ReportManager] Assertion [ValidateNull] PASSED. Expected [NULL] and Actual [NULL]. Comparison Type [EQUALS]. Validation Type [POSITIVE]. @08-11-2021 01:51:20.0479 A

################################################################################################################################################
Starting Execution:	[67 out of 146] test cases in the current suite
Test Method:		[unitTests.tests_restActions.getPostsAndAssertBodyForSpecificTitle]
################################################################################################################################################
[ReportManager] Response status code: [200], status line: [HTTP/1.1 200 OK] @08-11-2021 01:51:22.0536 AM
[ReportManager] Assertion Passed: Evaluating the actual response status code against the expected one... @08-11-2021 01:51:22.0541 AM
[ReportManager] Assertion [ValidateComparativeRelation] PASSED. Expected [200] and Actual [200]. Comparison Type [EQUALS]. Validation Type [POSITIVE]. @08-11-2021 01:51:22.0541 AM
[ReportManager] API Action [PerformRequest] successfully performed. With the following test data [Request Type: "GET" | Target Status Code: "200" | Service URL: "https://jsonplaceholder.typicode.com/posts" | Content Type: "*/*" | Response Time: "620ms"]. @08-11-2021 01:51:23.0412 AM
[ReportManager] Successfully created attachment [API Request - Specifications] @08-11-2021 01:51:23.0417 AM
[ReportManager] Successfully created attachment [API Response - JSON Body] @08-11-2021 01:51:23.0653 AM
[ReportManager] API Action [GetResponseJSONValueAsList] successfully performed. @08-11-2021 01:51:23.0679 AM
[ReportManager] API Action [GetResponseJSONValue] successfully performed. With the following test data [title]. @08-11-2021 01:51:23.0698 AM
[ReportManager] API Action [GetResponseJSONValue] successfully performed. With the following test data [title]. @08-11-2021 01:51:23.0712 AM
[ReportManager] API Action [GetResponseJSONValue] successfully performed. With the following test data [body]. @08-11-2021 01:51:23.0724 AM
[ReportManager] Assertion [ValidateEquals] PASSED. Expected [qui neque nisi nulla] and Actual [est rerum tempore vitae
sequi sint nihil reprehenderit dolor beatae ea dolores neque
fugiat blanditiis voluptate porro vel nihil molestiae ut reiciendis
qui aperiam non debitis possimus qui neque nisi nulla]. Comparison Type [CONTAINS]. Validation Type [POSITIVE]. @08-11-2021 01:51:23.0724 AM
[ReportManager] API Action [GetResponseJSONValue] successfully performed. With the following test data [title]. @08-11-2021 01:51:23.0737 AM
[ReportManager] API Action [GetResponseJSONValue] successfully performed. With the following test data [title]. @08-11-2021 01:51:23.0749 AM
[ReportManager] API Action [GetResponseJSONValue] successfully performed. With the following test data [title]. @08-11-2021 01:51:23.0761 AM
[ReportManager] API Action [GetResponseJSONValue] successfully performed. With the following test data [title]. @08-11-2021 01:51:23.0773 AM
[ReportManager] API Action [GetResponseJSONValue] successfully performed. With the following test data [title]. @08-11-2021 01:51:23.0785 AM
[ReportManager] API Action [GetResponseJSONValue] successfully performed. With the following test data [title]. @08-11-2021 01:51:23.0796 AM
[ReportManager] API Action [GetResponseJSONValue] successfully performed. With the following test data [title]. @08-11-2021 01:51:23.0809 AM
[ReportManager] API Action [GetResponseJSONValue] successfully performed. With the following test data [title]. @08-11-2021 01:51:23.0821 AM
[ReportManager] API Action [GetResponseJSONValue] successfully performed. With the following test data [title]. @08-11-2021 01:51:23.0832 AM
[ReportManager] API Action [GetResponseJSONValue] successfully performed. With the following test data [title]. @08-11-2021 01:51:23.0844 AM
[ReportManager] API Action [GetResponseJSONValue] successfully performed. With the following test data [title]. @08-11-2021 01:51:23.0857 AM
[ReportManager] API Action [GetResponseJSONValue] successfully performed. With the following test data [title]. @08-11-2021 01:51:23.0870 AM
[ReportManager] API Action [GetResponseJSONValue] successfully performed. With the following test data [title]. @08-11-2021 01:51:23.0881 AM
[ReportManager] API Action [GetResponseJSONValue] successfully performed. With the following test data [title]. @08-11-2021 01:51:23.0892 AM
[ReportManager] API Action [GetResponseJSONValue] successfully performed. With the following test data [title]. @08-11-2021 01:51:23.0904 AM
[ReportManager] API Action [GetResponseJSONValue] successfully performed. With the following test data [title]. @08-11-2021 01:51:23.0914 AM
[ReportManager] API Action [GetResponseJSONValue] successfully performed. With the following test data [title]. @08-11-2021 01:51:23.0926 AM
[ReportManager] API Action [GetResponseJSONValue] successfully performed. With the following test data [title]. @08-11-2021 01:51:23.0937 AM
[ReportManager] API Action [GetResponseJSONValue] successfully performed. With the following test data [title]. @08-11-2021 01:51:23.0948 AM
[ReportManager] API Action [GetResponseJSONValue] successfully performed. With the following test data [title]. @08-11-2021 01:51:23.0958 AM
[ReportManager] API Action [GetResponseJSONValue] successfully performed. With the following test data [title]. @08-11-2021 01:51:23.0970 AM
[ReportManager] API Action [GetResponseJSONValue] successfully performed. With the following test data [title]. @08-11-2021 01:51:23.0980 AM
[ReportManager] API Action [GetResponseJSONValue] successfully performed. With the following test data [title]. @08-11-2021 01:51:23.0991 AM
[ReportManager] API Action [GetResponseJSONValue] successfully performed. With the following test data [title]. @08-11-2021 01:51:24.0002 AM
[ReportManager] API Action [GetResponseJSONValue] successfully performed. With the following test data [title]. @08-11-2021 01:51:24.0013 AM
[ReportManager] API Action [GetResponseJSONValue] successfully performed. With the following test data [title]. @08-11-2021 01:51:24.0024 AM
[ReportManager] API Action [GetResponseJSONValue] successfully performed. With the following test data [title]. @08-11-2021 01:51:24.0034 AM
[ReportManager] API Action [GetResponseJSONValue] successfully performed. With the following test data [title]. @08-11-2021 01:51:24.0045 AM
[ReportManager] API Action [GetResponseJSONValue] successfully performed. With the following test data [title]. @08-11-2021 01:51:24.0056 AM
[ReportManager] API Action [GetResponseJSONValue] successfully performed. With the following test data [title]. @08-11-2021 01:51:24.0066 AM
[ReportManager] API Action [GetResponseJSONValue] successfully performed. With the following test data [title]. @08-11-2021 01:51:24.0077 AM
[ReportManager] API Action [GetResponseJSONValue] successfully performed. With the following test data [title]. @08-11-2021 01:51:24.0087 AM
[ReportManager] API Action [GetResponseJSONValue] successfully performed. With the following test data [title]. @08-11-2021 01:51:24.0097 AM
[ReportManager] API Action [GetResponseJSONValue] successfully performed. With the following test data [title]. @08-11-2021 01:51:24.0108 AM
[ReportManager] API Action [GetResponseJSONValue] successfully performed. With the following test data [title]. @08-11-2021 01:51:24.0119 AM
[ReportManager] API Action [GetResponseJSONValue] successfully performed. With the following test data [title]. @08-11-2021 01:51:24.0129 AM
[ReportManager] API Action [GetResponseJSONValue] successfully performed. With the following test data [title]. @08-11-2021 01:51:24.0139 AM
[ReportManager] API Action [GetResponseJSONValue] successfully performed. With the following test data [title]. @08-11-2021 01:51:24.0150 AM
[ReportManager] API Action [GetResponseJSONValue] successfully performed. With the following test data [title]. @08-11-2021 01:51:24.0160 AM
[ReportManager] API Action [GetResponseJSONValue] successfully performed. With the following test data [title]. @08-11-2021 01:51:24.0171 AM
[ReportManager] API Action [GetResponseJSONValue] successfully performed. With the following test data [title]. @08-11-2021 01:51:24.0194 AM
[ReportManager] API Action [GetResponseJSONValue] successfully performed. With the following test data [title]. @08-11-2021 01:51:24.0204 AM
[ReportManager] API Action [GetResponseJSONValue] successfully performed. With the following test data [title]. @08-11-2021 01:51:24.0214 AM
[ReportManager] API Action [GetResponseJSONValue] successfully performed. With the following test data [title]. @08-11-2021 01:51:24.0225 AM
[ReportManager] API Action [GetResponseJSONValue] successfully performed. With the following test data [title]. @08-11-2021 01:51:24.0235 AM
[ReportManager] API Action [GetResponseJSONValue] successfully performed. With the following test data [title]. @08-11-2021 01:51:24.0245 AM
[ReportManager] API Action [GetResponseJSONValue] successfully performed. With the following test data [title]. @08-11-2021 01:51:24.0256 AM
[ReportManager] API Action [GetResponseJSONValue] successfully performed. With the following test data [title]. @08-11-2021 01:51:24.0267 AM
[ReportManager] API Action [GetResponseJSONValue] successfully performed. With the following test data [title]. @08-11-2021 01:51:24.0277 AM
[ReportManager] API Action [GetResponseJSONValue] successfully performed. With the following test data [title]. @08-11-2021 01:51:24.0288 AM
[ReportManager] API Action [GetResponseJSONValue] successfully performed. With the following test data [title]. @08-11-2021 01:51:24.0299 AM
[ReportManager] API Action [GetResponseJSONValue] successfully performed. With the following test data [title]. @08-11-2021 01:51:24.0310 AM
[ReportManager] API Action [GetResponseJSONValue] successfully performed. With the following test data [title]. @08-11-2021 01:51:24.0320 AM
[ReportManager] API Action [GetResponseJSONValue] successfully performed. With the following test data [title]. @08-11-2021 01:51:24.0331 AM
[ReportManager] API Action [GetResponseJSONValue] successfully performed. With the following test data [title]. @08-11-2021 01:51:24.0341 AM
[ReportManager] API Action [GetResponseJSONValue] successfully performed. With the following test data [title]. @08-11-2021 01:51:24.0352 AM
[ReportManager] API Action [GetResponseJSONValue] successfully performed. With the following test data [title]. @08-11-2021 01:51:24.0363 AM
[ReportManager] API Action [GetResponseJSONValue] successfully performed. With the following test data [title]. @08-11-2021 01:51:24.0374 AM
[ReportManager] API Action [GetResponseJSONValue] successfully performed. With the following test data [title]. @08-11-2021 01:51:24.0386 AM
[ReportManager] API Action [GetResponseJSONValue] successfully performed. With the following test data [title]. @08-11-2021 01:51:24.0411 AM
[ReportManager] API Action [GetResponseJSONValue] successfully performed. With the following test data [title]. @08-11-2021 01:51:24.0421 AM
[ReportManager] API Action [GetResponseJSONValue] successfully performed. With the following test data [title]. @08-11-2021 01:51:24.0432 AM
[ReportManager] API Action [GetResponseJSONValue] successfully performed. With the following test data [title]. @08-11-2021 01:51:24.0441 AM
[ReportManager] API Action [GetResponseJSONValue] successfully performed. With the following test data [title]. @08-11-2021 01:51:24.0451 AM
[ReportManager] API Action [GetResponseJSONValue] successfully performed. With the following test data [title]. @08-11-2021 01:51:24.0461 AM
[ReportManager] API Action [GetResponseJSONValue] successfully performed. With the following test data [title]. @08-11-2021 01:51:24.0471 AM
[ReportManager] API Action [GetResponseJSONValue] successfully performed. With the following test data [title]. @08-11-2021 01:51:24.0482 AM
[ReportManager] API Action [GetResponseJSONValue] successfully performed. With the following test data [title]. @08-11-2021 01:51:24.0492 AM
[ReportManager] API Action [GetResponseJSONValue] successfully performed. With the following test data [title]. @08-11-2021 01:51:24.0502 AM
[ReportManager] API Action [GetResponseJSONValue] successfully performed. With the following test data [title]. @08-11-2021 01:51:24.0512 AM
[ReportManager] API Action [GetResponseJSONValue] successfully performed. With the following test data [title]. @08-11-2021 01:51:24.0522 AM
[ReportManager] API Action [GetResponseJSONValue] successfully performed. With the following test data [title]. @08-11-2021 01:51:24.0532 AM
[ReportManager] API Action [GetResponseJSONValue] successfully performed. With the following test data [title]. @08-11-2021 01:51:24.0542 AM
[ReportManager] API Action [GetResponseJSONValue] successfully performed. With the following test data [title]. @08-11-2021 01:51:24.0552 AM
[ReportManager] API Action [GetResponseJSONValue] successfully performed. With the following test data [title]. @08-11-2021 01:51:24.0562 AM
[ReportManager] API Action [GetResponseJSONValue] successfully performed. With the following test data [title]. @08-11-2021 01:51:24.0572 AM
[ReportManager] API Action [GetResponseJSONValue] successfully performed. With the following test data [title]. @08-11-2021 01:51:24.0582 AM
[ReportManager] API Action [GetResponseJSONValue] successfully performed. With the following test data [title]. @08-11-2021 01:51:24.0592 AM
[ReportManager] API Action [GetResponseJSONValue] successfully performed. With the following test data [title]. @08-11-2021 01:51:24.0602 AM
[ReportManager] API Action [GetResponseJSONValue] successfully performed. With the following test data [title]. @08-11-2021 01:51:24.0611 AM
[ReportManager] API Action [GetResponseJSONValue] successfully performed. With the following test data [title]. @08-11-2021 01:51:24.0620 AM
[ReportManager] API Action [GetResponseJSONValue] successfully performed. With the following test data [title]. @08-11-2021 01:51:24.0630 AM
[ReportManager] API Action [GetResponseJSONValue] successfully performed. With the following test data [title]. @08-11-2021 01:51:24.0639 AM
[ReportManager] API Action [GetResponseJSONValue] successfully performed. With the following test data [title]. @08-11-2021 01:51:24.0648 AM
[ReportManager] API Action [GetResponseJSONValue] successfully performed. With the following test data [title]. @08-11-2021 01:51:24.0658 AM
[ReportManager] API Action [GetResponseJSONValue] successfully performed. With the following test data [title]. @08-11-2021 01:51:24.0668 AM
[ReportManager] API Action [GetResponseJSONValue] successfully performed. With the following test data [title]. @08-11-2021 01:51:24.0676 AM
[ReportManager] API Action [GetResponseJSONValue] successfully performed. With the following test data [title]. @08-11-2021 01:51:24.0685 AM
[ReportManager] API Action [GetResponseJSONValue] successfully performed. With the following test data [title]. @08-11-2021 01:51:24.0695 AM
[ReportManager] API Action [GetResponseJSONValue] successfully performed. With the following test data [title]. @08-11-2021 01:51:24.0704 AM
[ReportManager] API Action [GetResponseJSONValue] successfully performed. With the following test data [title]. @08-11-2021 01:51:24.0714 AM
[ReportManager] API Action [GetResponseJSONValue] successfully performed. With the following test data [title]. @08-11-2021 01:51:24.0723 AM
[ReportManager] API Action [GetResponseJSONValue] successfully performed. With the following test data [title]. @08-11-2021 01:51:24.0733 AM
[ReportManager] API Action [GetResponseJSONValue] successfully performed. With the following test data [title]. @08-11-2021 01:51:24.0743 AM
[ReportManager] API Action [GetResponseJSONValue] successfully performed. With the following test data [title]. @08-11-2021 01:51:24.0752 AM
[ReportManager] API Action [GetResponseJSONValue] successfully performed. With the following test data [title]. @08-11-2021 01:51:24.0761 AM
[ReportManager] API Action [GetResponseJSONValue] successfully performed. With the following test data [title]. @08-11-2021 01:51:24.0771 AM
[ReportManager] API Action [GetResponseJSONValue] successfully performed. With the following test data [title]. @08-11-2021 01:51:24.0780 A

################################################################################################################################################
Starting Execution:	[68 out of 146] test cases in the current suite
Test Method:		[unitTests.tests_restActions.validateUserEmail]
################################################################################################################################################
[ReportManager] Response status code: [200], status line: [HTTP/1.1 200 OK] @08-11-2021 01:51:24.0839 AM
[ReportManager] Assertion Passed: Evaluating the actual response status code against the expected one... @08-11-2021 01:51:24.0839 AM
[ReportManager] Assertion [ValidateComparativeRelation] PASSED. Expected [200] and Actual [200]. Comparison Type [EQUALS]. Validation Type [POSITIVE]. @08-11-2021 01:51:24.0839 AM
[ReportManager] API Action [PerformRequest] successfully performed. With the following test data [Request Type: "GET" | Target Status Code: "200" | Service URL: "https://jsonplaceholder.typicode.com/users" | Content Type: "*/*" | Response Time: "50ms"]. @08-11-2021 01:51:24.0860 AM
[ReportManager] Successfully created attachment [API Request - Specifications] @08-11-2021 01:51:24.0861 AM
[ReportManager] Successfully created attachment [API Response - JSON Body] @08-11-2021 01:51:24.0861 AM
[ReportManager] Assertion [ValidateEquals] PASSED. Expected and Actual values are attached. Comparison Type [CONTAINS]. Validation Type [POSITIVE]. @08-11-2021 01:51:24.0862 AM
[ReportManager] Successfully created attachment [Validation Test Data - Expected Value] @08-11-2021 01:51:24.0862 AM
[ReportManager] Successfully created attachment [Validation Test Data - Actual Value] @08-11-2021 01:51:24.0862 AM
[ReportManager] API Action [GetResponseJSONValueAsList] successfully performed. With the following test data [$]. @08-11-2021 01:51:24.0871 AM
[ReportManager] API Action [GetResponseJSONValue] successfully performed. With the following test data [name]. @08-11-2021 01:51:24.0882 AM
[ReportManager] API Action [GetResponseJSONValue] successfully performed. With the following test data [email]. @08-11-2021 01:51:24.0892 AM
[ReportManager] Assertion [ValidateEquals] PASSED. Expected [Sincere@april.biz] and Actual [Sincere@april.biz]. Comparison Type [EQUALS]. Validation Type [POSITIVE]. @08-11-2021 01:51:24.0892 AM
[ReportManager] API Action [GetResponseJSONValue] successfully performed. With the following test data [name]. @08-11-2021 01:51:24.0906 AM
[ReportManager] API Action [GetResponseJSONValue] successfully performed. With the following test data [name]. @08-11-2021 01:51:24.0923 AM
[ReportManager] API Action [GetResponseJSONValue] successfully performed. With the following test data [name]. @08-11-2021 01:51:24.0933 AM
[ReportManager] API Action [GetResponseJSONValue] successfully performed. With the following test data [name]. @08-11-2021 01:51:24.0943 AM
[ReportManager] API Action [GetResponseJSONValue] successfully performed. With the following test data [name]. @08-11-2021 01:51:24.0956 AM
[ReportManager] API Action [GetResponseJSONValue] successfully performed. With the following test data [name]. @08-11-2021 01:51:24.0966 AM
[ReportManager] API Action [GetResponseJSONValue] successfully performed. With the following test data [name]. @08-11-2021 01:51:24.0976 AM
[ReportManager] API Action [GetResponseJSONValue] successfully performed. With the following test data [name]. @08-11-2021 01:51:24.0986 AM
[ReportManager] API Action [GetResponseJSONValue] successfully performed. With the following test data [name]. @08-11-2021 01:51:24.0996 A
[ReportManager] File Action [GetAbsolutePath] successfully performed. With the following test data [Relative Folder Path: "target/downloadedFiles/"]. @08-11-2021 01:51:24.0999 AM
[ReportManager] Attempting to run locally on: [Mac-64], [Safari], Headless Execution. @08-11-2021 01:51:24.0999 AM
[ReportManager] Successfully Opened Safari. @08-11-2021 01:51:25.0800 AM
[ReportManager] Initial window size: (800, 600) @08-11-2021 01:51:25.0830 AM
[ReportManager] Window size after SWD Maximize: (1176, 811) @08-11-2021 01:51:25.0859 AM
[ReportManager] Browser Action [MaximizeWindow] successfully performed. With the following test data [New screen size is now: (1176, 811)]. @08-11-2021 01:51:25.0859 A

################################################################################################################################################
Starting Execution:	[69 out of 146] test cases in the current suite
Test Method:		[testPackage01.Test_uploadFile.uploadFile_invisibleUploadInput]
################################################################################################################################################
[ReportManager] Target URL: [https://fineuploader.com/demos.html#gallery-view] @08-11-2021 01:51:25.0862 AM
[ReportManager] Initial URL: [] @08-11-2021 01:51:25.0978 AM
[ReportManager] Browser Action [NavigateToURL] successfully performed. With the following test data [https://fineuploader.com/demos.html#gallery-view]. @08-11-2021 01:51:27.0351 AM
[ReportManager] File Action [GetAbsolutePath] successfully performed. With the following test data [Relative File Path: "src/main/resources/images/shaft.png"]. @08-11-2021 01:51:27.0352 AM
[ReportManager] Successfully created attachment [File Action Actual Result - Command Log] @08-11-2021 01:51:27.0352 AM
[ReportManager] Element Action [TypeFileLocationForUpload] successfully performed. With the following test data [/Users/runner/work/SHAFT_ENGINE/SHAFT_ENGINE/src/main/resources/images/shaft.png]. @08-11-2021 01:51:27.0399 AM
[ReportManager] Attempting to getAttribute [src] from elementLocator [By.xpath: //div[@id='fine-uploader-gallery']//div[@class='qq-thumbnail-wrapper']/img]. @08-11-2021 01:51:27.0400 AM
[ReportManager] Element Action [GetAttribute] successfully performed. @08-11-2021 01:51:27.0544 AM
[ReportManager] Successfully created attachment [Element Action Test Data - GetAttribute - Actual Value] @08-11-2021 01:51:27.0545 AM
[ReportManager] Loaded Shared OpenCV @08-11-2021 01:51:27.0608 AM
[ReportManager] Assertion [ValidateElementAttribute] PASSED. Expected and Actual values are attached. Comparison Type [CONTAINS]. Validation Type [POSITIVE]. @08-11-2021 01:51:27.0715 AM
[ReportManager] Successfully created attachment [Validation Test Data - Expected Value] @08-11-2021 01:51:27.0716 AM
[ReportManager] Successfully created attachment [Validation Test Data - Actual Value] @08-11-2021 01:51:27.0716 AM
[ReportManager] Successfully created attachment [Screenshot - 1636336287608_uploadFile_invisibleUploadInput_ValidateElementAttribute_passed] @08-11-2021 01:51:27.0718 A
[ReportManager] Browser Action [CloseCurrentWindow] successfully performed. @08-11-2021 01:51:27.0791 AM
[ReportManager] Successfully created attachment [Browser Action Test Data - CloseCurrentWindow - Actual Value] @08-11-2021 01:51:27.0792 A
[ReportManager] File Action [GetAbsolutePath] successfully performed. With the following test data [Relative Folder Path: "target/downloadedFiles/"]. @08-11-2021 01:51:27.0796 AM
[ReportManager] Attempting to run locally on: [Mac-64], [Safari], Headless Execution. @08-11-2021 01:51:27.0797 AM
[ReportManager] Successfully Opened Safari. @08-11-2021 01:51:28.0624 AM
[ReportManager] Initial window size: (800, 600) @08-11-2021 01:51:28.0631 AM
[ReportManager] Window size after SWD Maximize: (1176, 811) @08-11-2021 01:51:28.0654 AM
[ReportManager] Browser Action [MaximizeWindow] successfully performed. With the following test data [New screen size is now: (1176, 811)]. @08-11-2021 01:51:28.0655 A

################################################################################################################################################
Starting Execution:	[70 out of 146] test cases in the current suite
Test Method:		[testPackage01.Test_uploadFile.uploadFile_visibleUploadInput]
################################################################################################################################################
[ReportManager] Target URL: [http://demo.guru99.com/test/upload/] @08-11-2021 01:51:28.0657 AM
[ReportManager] Initial URL: [] @08-11-2021 01:51:28.0735 AM
[ReportManager] Browser Action [NavigateToURL] successfully performed. With the following test data [http://demo.guru99.com/test/upload/]. @08-11-2021 01:51:29.0713 AM
[ReportManager] File Action [GetAbsolutePath] successfully performed. With the following test data [Relative File Path: "src/main/resources/images/shaft.png"]. @08-11-2021 01:51:29.0713 AM
[ReportManager] Successfully created attachment [File Action Actual Result - Command Log] @08-11-2021 01:51:29.0714 AM
[ReportManager] Element Action [TypeFileLocationForUpload] successfully performed. With the following test data [/Users/runner/work/SHAFT_ENGINE/SHAFT_ENGINE/src/main/resources/images/shaft.png]. @08-11-2021 01:51:29.0763 AM
[ReportManager] Element Action [Click] successfully performed. With the following test data [on]. @08-11-2021 01:51:30.0053 AM
[ReportManager] Element Action [Click] successfully performed. With the following test data [ Submit File]. @08-11-2021 01:51:31.0297 AM
[ReportManager] Element Action [GetText] successfully performed. With the following test data [1 file has been successfully uploaded.]. @08-11-2021 01:51:31.0393 AM
[ReportManager] Loaded Shared OpenCV @08-11-2021 01:51:31.0454 AM
[ReportManager] Assertion [ValidateElementAttribute] PASSED. Expected [Value Should be '1 file' for the 'Text' attribute, element locator 'By.id: res'] and Actual [1 file has been successfully uploaded.]. Comparison Type [CONTAINS]. Validation Type [POSITIVE]. @08-11-2021 01:51:31.0549 AM
[ReportManager] Successfully created attachment [Screenshot - 1636336291454_uploadFile_visibleUploadInput_ValidateElementAttribute_passed] @08-11-2021 01:51:31.0560 A
[ReportManager] Browser Action [CloseCurrentWindow] successfully performed. @08-11-2021 01:51:31.0696 AM
[ReportManager] Successfully created attachment [Browser Action Test Data - CloseCurrentWindow - Actual Value] @08-11-2021 01:51:31.0696 A

################################################################################################################################################
Starting Execution:	[71 out of 146] test cases in the current suite
Test Method:		[testPackage01.Test_AssertApiResponseEquals.assertApiResponseEquals_expectedToPass]
################################################################################################################################################
[ReportManager] Response status code: [200], status line: [HTTP/1.1 200 OK] @08-11-2021 01:51:31.0783 AM
[ReportManager] Assertion Passed: Evaluating the actual response status code against the expected one... @08-11-2021 01:51:31.0795 AM
[ReportManager] Assertion [ValidateComparativeRelation] PASSED. Expected [200] and Actual [200]. Comparison Type [EQUALS]. Validation Type [POSITIVE]. @08-11-2021 01:51:31.0795 AM
[ReportManager] API Action [PerformRequest] successfully performed. With the following test data [Request Type: "GET" | Target Status Code: "200" | Service URL: "https://jsonplaceholder.typicode.com/users" | Content Type: "*/*" | Response Time: "68ms"]. @08-11-2021 01:51:31.0821 AM
[ReportManager] Successfully created attachment [API Request - Specifications] @08-11-2021 01:51:31.0824 AM
[ReportManager] Successfully created attachment [API Response - JSON Body] @08-11-2021 01:51:31.0824 AM
[ReportManager] API Action [GetResponseJSONValueAsList] successfully performed. With the following test data [$]. @08-11-2021 01:51:31.0834 AM
[ReportManager] API Action [GetResponseJSONValue] successfully performed. With the following test data [name]. @08-11-2021 01:51:31.0848 AM
[ReportManager] API Action [GetResponseJSONValue] successfully performed. With the following test data [email]. @08-11-2021 01:51:31.0866 AM
[ReportManager] Verification [ValidateEquals] PASSED. Expected [Sincere@april.biz] and Actual [Sincere@april.biz]. Comparison Type [EQUALS]. Validation Type [POSITIVE]. @08-11-2021 01:51:31.0866 AM
[ReportManager] API Action [GetResponseJSONValue] successfully performed. With the following test data [username]. @08-11-2021 01:51:31.0888 AM
[ReportManager] Assertion [ValidateEquals] PASSED. Expected [Bret] and Actual [Bret]. Comparison Type [EQUALS]. Validation Type [POSITIVE]. @08-11-2021 01:51:31.0888 AM
[ReportManager] API Action [GetResponseJSONValue] successfully performed. With the following test data [name]. @08-11-2021 01:51:31.0909 AM
[ReportManager] API Action [GetResponseJSONValue] successfully performed. With the following test data [name]. @08-11-2021 01:51:31.0925 AM
[ReportManager] API Action [GetResponseJSONValue] successfully performed. With the following test data [name]. @08-11-2021 01:51:31.0941 AM
[ReportManager] API Action [GetResponseJSONValue] successfully performed. With the following test data [name]. @08-11-2021 01:51:31.0958 AM
[ReportManager] API Action [GetResponseJSONValue] successfully performed. With the following test data [name]. @08-11-2021 01:51:31.0974 AM
[ReportManager] API Action [GetResponseJSONValue] successfully performed. With the following test data [name]. @08-11-2021 01:51:31.0988 AM
[ReportManager] API Action [GetResponseJSONValue] successfully performed. With the following test data [name]. @08-11-2021 01:51:32.0000 AM
[ReportManager] API Action [GetResponseJSONValue] successfully performed. With the following test data [name]. @08-11-2021 01:51:32.0012 AM
[ReportManager] API Action [GetResponseJSONValue] successfully performed. With the following test data [name]. @08-11-2021 01:51:32.0027 A

################################################################################################################################################
Starting Execution:	[72 out of 146] test cases in the current suite
Test Method:		[testPackage01.Test_testData.f]
################################################################################################################################################
[ReportManager] Successfully loaded the following test data file [src/test/resources/TestDataFiles/testSuite01/TestData.xlsx]. @08-11-2021 01:51:32.0094 AM
[ReportManager] Successfully created attachment [Test Data - Excel] @08-11-2021 01:51:32.0095 AM
[ReportManager] Last Column Number is: [3]. Zero-based. @08-11-2021 01:51:32.0096 A

################################################################################################################################################
Starting Execution:	[73 out of 146] test cases in the current suite
Test Method:		[testPackage01.Test_PDF.testPDF1]
################################################################################################################################################
[ReportManager] File Action [DoesFileExist] successfully performed. With the following test data [File Path: "src/test/resources/TestDataFiles/sample.pdf"]. @08-11-2021 01:51:32.0106 AM
[ReportManager] File Action [GetAbsolutePath] successfully performed. With the following test data [Relative Folder Path: "src/test/resources/TestDataFiles/sample.pdf"]. @08-11-2021 01:51:32.0108 AM
[ReportManager] Assertion Passed: Checking to see that the pdf file contains [A Simple PDF File] @08-11-2021 01:51:35.0408 AM
[ReportManager] Successfully created attachment [Validation Test Data - Expected Value] @08-11-2021 01:51:35.0409 AM
[ReportManager] Successfully created attachment [Validation Test Data - Actual Value] @08-11-2021 01:51:35.0409 AM
[ReportManager] Assertion [ValidateEquals] PASSED. Expected and Actual values are attached. Comparison Type [CONTAINS]. Validation Type [POSITIVE]. @08-11-2021 01:51:35.0409 A

################################################################################################################################################
Starting Execution:	[74 out of 146] test cases in the current suite
Test Method:		[testPackage01.Test_PDF.testPDF2]
################################################################################################################################################
[ReportManager] File Action [DoesFileExist] successfully performed. With the following test data [File Path: "src/test/resources/TestDataFiles/sample.pdf"]. @08-11-2021 01:51:35.0414 AM
[ReportManager] File Action [GetAbsolutePath] successfully performed. With the following test data [Relative Folder Path: "src/test/resources/TestDataFiles/sample.pdf"]. @08-11-2021 01:51:35.0414 AM
[ReportManager] Assertion Passed: Checking to see that the pdf file contains [A Simple PDF File] @08-11-2021 01:51:35.0436 AM
[ReportManager] Successfully created attachment [Validation Test Data - Expected Value] @08-11-2021 01:51:35.0437 AM
[ReportManager] Successfully created attachment [Validation Test Data - Actual Value] @08-11-2021 01:51:35.0437 AM
[ReportManager] Assertion [ValidateEquals] PASSED. Expected and Actual values are attached. Comparison Type [CONTAINS]. Validation Type [POSITIVE]. @08-11-2021 01:51:35.0437 A
[ReportManager] File Action [GetAbsolutePath] successfully performed. With the following test data [Relative Folder Path: "target/downloadedFiles/"]. @08-11-2021 01:51:35.0440 AM
[ReportManager] Attempting to run locally on: [Mac-64], [Safari], Headless Execution. @08-11-2021 01:51:35.0440 AM
[ReportManager] Successfully Opened Safari. @08-11-2021 01:51:36.0220 AM
[ReportManager] Initial window size: (800, 600) @08-11-2021 01:51:36.0231 AM
[ReportManager] Window size after SWD Maximize: (1176, 811) @08-11-2021 01:51:36.0242 AM
[ReportManager] Browser Action [MaximizeWindow] successfully performed. With the following test data [New screen size is now: (1176, 811)]. @08-11-2021 01:51:36.0243 A

################################################################################################################################################
Starting Execution:	[75 out of 146] test cases in the current suite
Test Method:		[testPackage01.Test_ShadowDOM.shadowdom]
################################################################################################################################################
[ReportManager] Target URL: [https://mdn.github.io/web-components-examples/popup-info-box-web-component/] @08-11-2021 01:51:36.0246 AM
[ReportManager] Initial URL: [] @08-11-2021 01:51:36.0284 AM
[ReportManager] Browser Action [NavigateToURL] successfully performed. With the following test data [https://mdn.github.io/web-components-examples/popup-info-box-web-component/]. @08-11-2021 01:51:36.0547 AM
[ReportManager] Element Action [Type] successfully performed. With the following test data [Typing into SHADOW DOM...]. @08-11-2021 01:51:37.0588 AM
[ReportManager] Element Action [GetText] successfully performed. With the following test data [Typing into SHADOW DOM...]. @08-11-2021 01:51:37.0635 AM
[ReportManager] Loaded Shared OpenCV @08-11-2021 01:51:37.0764 AM
[ReportManager] Assertion [ValidateElementAttribute] PASSED. Expected [Value Should be 'Typing into SHADOW DOM...' for the 'Text' attribute, element locator 'By.id: cvc'] and Actual [Typing into SHADOW DOM...]. Comparison Type [EQUALS]. Validation Type [POSITIVE]. @08-11-2021 01:51:37.0857 AM
[ReportManager] Successfully created attachment [Screenshot - 1636336297764_shadowdom_ValidateElementAttribute_passed] @08-11-2021 01:51:37.0858 A
[ReportManager] Browser Action [CloseCurrentWindow] successfully performed. @08-11-2021 01:51:38.0094 AM
[ReportManager] Successfully created attachment [Browser Action Test Data - CloseCurrentWindow - Actual Value] @08-11-2021 01:51:38.0095 A
[ReportManager] File Action [GetAbsolutePath] successfully performed. With the following test data [Relative Folder Path: "target/downloadedFiles/"]. @08-11-2021 01:51:38.0097 AM
[ReportManager] Attempting to run locally on: [Mac-64], [Safari], Headless Execution. @08-11-2021 01:51:38.0097 AM
[ReportManager] Successfully Opened Safari. @08-11-2021 01:51:38.0916 AM
[ReportManager] Initial window size: (800, 600) @08-11-2021 01:51:38.0940 AM
[ReportManager] Window size after SWD Maximize: (1176, 811) @08-11-2021 01:51:38.0981 AM
[ReportManager] Browser Action [MaximizeWindow] successfully performed. With the following test data [New screen size is now: (1176, 811)]. @08-11-2021 01:51:38.0982 A

################################################################################################################################################
Starting Execution:	[76 out of 146] test cases in the current suite
Test Method:		[testPackage01.Test_clipboardActions.typeTextAndCopyPaste]
################################################################################################################################################
[ReportManager] Target URL: [https://www.google.com/ncr], and after redirection: [https://www.google.com] @08-11-2021 01:51:38.0985 AM
[ReportManager] Initial URL: [] @08-11-2021 01:51:39.0038 AM
[ReportManager] Browser Action [NavigateToURL] successfully performed. With the following test data [https://www.google.com/ncr]. @08-11-2021 01:51:40.0257 AM
[ReportManager] Element Action [Type] successfully performed. With the following test data [FIRST]. @08-11-2021 01:51:40.0562 A
[ReportManager] Browser Action [CloseCurrentWindow] successfully performed. @08-11-2021 01:51:40.0843 AM
[ReportManager] Successfully created attachment [Browser Action Test Data - CloseCurrentWindow - Actual Value] @08-11-2021 01:51:40.0844 A

################################################################################################################################################
Starting Execution:	[77 out of 146] test cases in the current suite
Test Method:		[testPackage01.Test_NewValidationHelper.f1]
################################################################################################################################################
[ReportManager] Assertion Passed: Checking valid user data @08-11-2021 01:51:40.0847 AM
[ReportManager] Successfully created attachment [Validation Test Data - Expected Value] @08-11-2021 01:51:40.0847 AM
[ReportManager] Successfully created attachment [Validation Test Data - Actual Value] @08-11-2021 01:51:40.0848 AM
[ReportManager] Assertion [ValidateEquals] PASSED. Expected and Actual values are attached. Comparison Type [EQUALS]. Validation Type [POSITIVE]. @08-11-2021 01:51:40.0848 A
[ReportManager] File Action [GetAbsolutePath] successfully performed. With the following test data [Relative Folder Path: "target/downloadedFiles/"]. @08-11-2021 01:51:40.0850 AM
[ReportManager] Attempting to run locally on: [Mac-64], [Safari], Headless Execution. @08-11-2021 01:51:40.0850 AM
[ReportManager] Successfully Opened Safari. @08-11-2021 01:51:41.0637 AM
[ReportManager] Initial window size: (800, 600) @08-11-2021 01:51:41.0659 AM
[ReportManager] Window size after SWD Maximize: (1176, 811) @08-11-2021 01:51:41.0670 AM
[ReportManager] Browser Action [MaximizeWindow] successfully performed. With the following test data [New screen size is now: (1176, 811)]. @08-11-2021 01:51:41.0671 AM
[ReportManager] Target URL: [https://the-internet.herokuapp.com/] @08-11-2021 01:51:41.0671 AM
[ReportManager] Initial URL: [] @08-11-2021 01:51:41.0713 AM
[ReportManager] Browser Action [NavigateToURL] successfully performed. With the following test data [https://the-internet.herokuapp.com/]. @08-11-2021 01:51:42.0198 A

################################################################################################################################################
Starting Execution:	[78 out of 146] test cases in the current suite
Test Method:		[testPackage01.Test_NewValidationHelper.f10]
################################################################################################################################################
[ReportManager] Loaded Shared OpenCV @08-11-2021 01:51:42.0286 AM
[ReportManager] Assertion [ValidateElementExists] FAILED. Expected [Element Should Exist, locator 'By.tagName: div'] and Actual [Element Exists but is not unique]. Comparison Type [EQUALS]. Validation Type [POSITIVE]. @08-11-2021 01:51:42.0407 AM
[ReportManager] Successfully created attachment [Screenshot - 1636336302286_f10_ValidateElementExists_failed] @08-11-2021 01:51:42.0408 A



################################################################################################################################################
Starting Execution:	[79 out of 146] test cases in the current suite
Test Method:		[testPackage01.Test_NewValidationHelper.f11]
###############################################################################################################################################



################################################################################################################################################
Starting Execution:	[80 out of 146] test cases in the current suite
Test Method:		[testPackage01.Test_NewValidationHelper.f12]
###############################################################################################################################################



################################################################################################################################################
Starting Execution:	[81 out of 146] test cases in the current suite
Test Method:		[testPackage01.Test_NewValidationHelper.f13]
###############################################################################################################################################



################################################################################################################################################
Starting Execution:	[82 out of 146] test cases in the current suite
Test Method:		[testPackage01.Test_NewValidationHelper.f14]
###############################################################################################################################################



################################################################################################################################################
Starting Execution:	[83 out of 146] test cases in the current suite
Test Method:		[testPackage01.Test_NewValidationHelper.f15]
###############################################################################################################################################



################################################################################################################################################
Starting Execution:	[84 out of 146] test cases in the current suite
Test Method:		[testPackage01.Test_NewValidationHelper.f16]
###############################################################################################################################################



################################################################################################################################################
Starting Execution:	[85 out of 146] test cases in the current suite
Test Method:		[testPackage01.Test_NewValidationHelper.f17]
###############################################################################################################################################



################################################################################################################################################
Starting Execution:	[86 out of 146] test cases in the current suite
Test Method:		[testPackage01.Test_NewValidationHelper.f18]
###############################################################################################################################################


################################################################################################################################################
Starting Execution:	[87 out of 146] test cases in the current suite
Test Method:		[testPackage01.Test_NewValidationHelper.f2]
###############################################################################################################################################


################################################################################################################################################
Starting Execution:	[88 out of 146] test cases in the current suite
Test Method:		[testPackage01.Test_NewValidationHelper.f20]
###############################################################################################################################################



################################################################################################################################################
Starting Execution:	[89 out of 146] test cases in the current suite
Test Method:		[testPackage01.Test_NewValidationHelper.f21]
###############################################################################################################################################



################################################################################################################################################
Starting Execution:	[90 out of 146] test cases in the current suite
Test Method:		[testPackage01.Test_NewValidationHelper.f22]
###############################################################################################################################################


################################################################################################################################################
Starting Execution:	[91 out of 146] test cases in the current suite
Test Method:		[testPackage01.Test_NewValidationHelper.f23]
###############################################################################################################################################

################################################################################################################################################
Starting Execution:	[92 out of 146] test cases in the current suite
Test Method:		[testPackage01.Test_NewValidationHelper.f24]
###############################################################################################################################################

################################################################################################################################################
Starting Execution:	[93 out of 146] test cases in the current suite
Test Method:		[testPackage01.Test_NewValidationHelper.f25]
###############################################################################################################################################

################################################################################################################################################
Starting Execution:	[94 out of 146] test cases in the current suite
Test Method:		[testPackage01.Test_NewValidationHelper.f26]
###############################################################################################################################################

################################################################################################################################################
Starting Execution:	[95 out of 146] test cases in the current suite
Test Method:		[testPackage01.Test_NewValidationHelper.f27]
###############################################################################################################################################

################################################################################################################################################
Starting Execution:	[96 out of 146] test cases in the current suite
Test Method:		[testPackage01.Test_NewValidationHelper.f28]
###############################################################################################################################################

################################################################################################################################################
Starting Execution:	[97 out of 146] test cases in the current suite
Test Method:		[testPackage01.Test_NewValidationHelper.f29]
###############################################################################################################################################

################################################################################################################################################
Starting Execution:	[98 out of 146] test cases in the current suite
Test Method:		[testPackage01.Test_NewValidationHelper.f3]
###############################################################################################################################################

################################################################################################################################################
Starting Execution:	[99 out of 146] test cases in the current suite
Test Method:		[testPackage01.Test_NewValidationHelper.f30]
###############################################################################################################################################

################################################################################################################################################
Starting Execution:	[100 out of 146] test cases in the current suite
Test Method:		[testPackage01.Test_NewValidationHelper.f31]
###############################################################################################################################################

################################################################################################################################################
Starting Execution:	[101 out of 146] test cases in the current suite
Test Method:		[testPackage01.Test_NewValidationHelper.f32]
###############################################################################################################################################

################################################################################################################################################
Starting Execution:	[102 out of 146] test cases in the current suite
Test Method:		[testPackage01.Test_NewValidationHelper.f33]
###############################################################################################################################################

################################################################################################################################################
Starting Execution:	[103 out of 146] test cases in the current suite
Test Method:		[testPackage01.Test_NewValidationHelper.f34]
###############################################################################################################################################

################################################################################################################################################
Starting Execution:	[104 out of 146] test cases in the current suite
Test Method:		[testPackage01.Test_NewValidationHelper.f35]
###############################################################################################################################################

################################################################################################################################################
Starting Execution:	[105 out of 146] test cases in the current suite
Test Method:		[testPackage01.Test_NewValidationHelper.f36]
###############################################################################################################################################

################################################################################################################################################
Starting Execution:	[106 out of 146] test cases in the current suite
Test Method:		[testPackage01.Test_NewValidationHelper.f37]
###############################################################################################################################################

################################################################################################################################################
Starting Execution:	[107 out of 146] test cases in the current suite
Test Method:		[testPackage01.Test_NewValidationHelper.f3_1]
###############################################################################################################################################

################################################################################################################################################
Starting Execution:	[108 out of 146] test cases in the current suite
Test Method:		[testPackage01.Test_NewValidationHelper.f4]
###############################################################################################################################################

################################################################################################################################################
Starting Execution:	[109 out of 146] test cases in the current suite
Test Method:		[testPackage01.Test_NewValidationHelper.f5]
###############################################################################################################################################

################################################################################################################################################
Starting Execution:	[110 out of 146] test cases in the current suite
Test Method:		[testPackage01.Test_NewValidationHelper.f6]
###############################################################################################################################################

################################################################################################################################################
Starting Execution:	[111 out of 146] test cases in the current suite
Test Method:		[testPackage01.Test_NewValidationHelper.f6_1]
###############################################################################################################################################

################################################################################################################################################
Starting Execution:	[112 out of 146] test cases in the current suite
Test Method:		[testPackage01.Test_NewValidationHelper.f6_2]
###############################################################################################################################################

################################################################################################################################################
Starting Execution:	[113 out of 146] test cases in the current suite
Test Method:		[testPackage01.Test_NewValidationHelper.f7]
###############################################################################################################################################


################################################################################################################################################
Starting Execution:	[114 out of 146] test cases in the current suite
Test Method:		[testPackage01.Test_NewValidationHelper.f8]
###############################################################################################################################################



################################################################################################################################################
Starting Execution:	[115 out of 146] test cases in the current suite
Test Method:		[testPackage01.Test_NewValidationHelper.f9]
###############################################################################################################################################


################################################################################################################################################
Starting Execution:	[116 out of 146] test cases in the current suite
Test Method:		[testPackage01.Test_NewValidationHelper.forceFail]
###############################################################################################################################################

################################################################################################################################################
Starting Execution:	[117 out of 146] test cases in the current suite
Test Method:		[testPackage01.Test_NewValidationHelper.forceFail2]
###############################################################################################################################################

################################################################################################################################################
Starting Execution:	[118 out of 146] test cases in the current suite
Test Method:		[testPackage01.Test_JsonActions.f]
###############################################################################################################################################

################################################################################################################################################
Starting Execution:	[119 out of 146] test cases in the current suite
Test Method:		[testPackage01.Test_JsonActions.f2]
###############################################################################################################################################

################################################################################################################################################
Starting Execution:	[120 out of 146] test cases in the current suite
Test Method:		[testPackage01.Test_sendGraphqlRequest.sendGraphqlRequestUsingMutationAndVariables]
################################################################################################################################################
[ReportManager] GraphQl Request is being Performed with the Following Parameters [Service URL: https://api.spacex.land/graphql | Request Body: {"variables":"{\"name\": \"sherlock holmes\",\"rocket\": \"221B Baker Street\"}","query":"mutation ($name: String, $rocket: String) {\n  insert_users(objects: {name: $name, rocket: $rocket}) {\n    returning {\n      name\n      rocket\n    }\n  }\n}"}] @08-11-2021 01:51:42.0932 AM
[ReportManager] Response status code: [200], status line: [HTTP/1.1 200 OK] @08-11-2021 01:51:49.0733 AM
[ReportManager] Assertion Passed: Evaluating the actual response status code against the expected one... @08-11-2021 01:51:49.0733 AM
[ReportManager] Assertion [ValidateComparativeRelation] PASSED. Expected [200] and Actual [200]. Comparison Type [EQUALS]. Validation Type [POSITIVE]. @08-11-2021 01:51:49.0734 AM
[ReportManager] API Action [PerformRequest] successfully performed. With the following test data [Request Type: "POST" | Target Status Code: "200" | Service URL: "https://api.spacex.land/graphql" | Content Type: "application/json" | Response Time: "6690ms"]. @08-11-2021 01:51:49.0768 AM
[ReportManager] Successfully created attachment [API Request - Specifications] @08-11-2021 01:51:49.0768 AM
[ReportManager] Successfully created attachment [API Request - JSON Body] @08-11-2021 01:51:49.0769 AM
[ReportManager] Successfully created attachment [API Response - JSON Body] @08-11-2021 01:51:49.0769 AM
[ReportManager] API Action [GetResponseJSONValue] successfully performed. With the following test data [data.insert_users.returning[0].name]. @08-11-2021 01:51:49.0815 AM
[ReportManager] Assertion [ValidateEquals] PASSED. Expected [sherlock holmes] and Actual [sherlock holmes]. Comparison Type [EQUALS]. Validation Type [POSITIVE]. @08-11-2021 01:51:49.0815 A

################################################################################################################################################
Starting Execution:	[121 out of 146] test cases in the current suite
Test Method:		[testPackage01.Test_sendGraphqlRequest.sendGraphqlRequestUsingQuery]
################################################################################################################################################
[ReportManager] GraphQl Request is being Performed with the Following Parameters [Service URL: https://api.spacex.land/graphql | Request Body: {"query":"{company {ceo}}"}] @08-11-2021 01:51:49.0820 AM
[ReportManager] Response status code: [200], status line: [HTTP/1.1 200 OK] @08-11-2021 01:51:49.0925 AM
[ReportManager] Assertion Passed: Evaluating the actual response status code against the expected one... @08-11-2021 01:51:49.0926 AM
[ReportManager] Assertion [ValidateComparativeRelation] PASSED. Expected [200] and Actual [200]. Comparison Type [EQUALS]. Validation Type [POSITIVE]. @08-11-2021 01:51:49.0926 AM
[ReportManager] API Action [PerformRequest] successfully performed. With the following test data [Request Type: "POST" | Target Status Code: "200" | Service URL: "https://api.spacex.land/graphql" | Content Type: "application/json" | Response Time: "101ms"]. @08-11-2021 01:51:49.0937 AM
[ReportManager] Successfully created attachment [API Request - Specifications] @08-11-2021 01:51:49.0938 AM
[ReportManager] Successfully created attachment [API Request - JSON Body] @08-11-2021 01:51:49.0938 AM
[ReportManager] Successfully created attachment [API Response - JSON Body] @08-11-2021 01:51:49.0939 AM
[ReportManager] API Action [GetResponseJSONValue] successfully performed. With the following test data [data.company.ceo]. @08-11-2021 01:51:49.0950 AM
[ReportManager] Assertion [ValidateEquals] PASSED. Expected [Elon Musk] and Actual [Elon Musk]. Comparison Type [EQUALS]. Validation Type [POSITIVE]. @08-11-2021 01:51:49.0951 A

################################################################################################################################################
Starting Execution:	[122 out of 146] test cases in the current suite
Test Method:		[testPackage01.Test_MatchJsonSchema.checkAPI_ResponseSchema]
################################################################################################################################################
[ReportManager] Response status code: [200], status line: [HTTP/1.1 200 OK] @08-11-2021 01:51:50.0048 AM
[ReportManager] Assertion Passed: Evaluating the actual response status code against the expected one... @08-11-2021 01:51:50.0049 AM
[ReportManager] Assertion [ValidateComparativeRelation] PASSED. Expected [200] and Actual [200]. Comparison Type [EQUALS]. Validation Type [POSITIVE]. @08-11-2021 01:51:50.0049 AM
[ReportManager] API Action [PerformRequest] successfully performed. With the following test data [Request Type: "GET" | Target Status Code: "200" | Service URL: "http://api.zippopotam.us/us/90210" | Content Type: "*/*" | Response Time: "86ms"]. @08-11-2021 01:51:50.0062 AM
[ReportManager] Successfully created attachment [API Request - Specifications] @08-11-2021 01:51:50.0062 AM
[ReportManager] Successfully created attachment [API Response - JSON Body] @08-11-2021 01:51:50.0063 AM
[ReportManager] File Action [GetAbsolutePath] successfully performed. With the following test data [Relative Folder Path: "src/test/resources/testDataFiles/schema.json"]. @08-11-2021 01:51:50.0064 AM
[ReportManager] File Action [GetAbsolutePath] successfully performed. With the following test data [Relative Folder Path: "/Users/runner/work/SHAFT_ENGINE/SHAFT_ENGINE/src/test/resources/testDataFiles/schema.json"]. @08-11-2021 01:51:50.0633 AM
[ReportManager] File Action [ReadFromFile] successfully performed. With the following test data [File Path: "/Users/runner/work/SHAFT_ENGINE/SHAFT_ENGINE/src/test/resources/testDataFiles/schema.json"]. @08-11-2021 01:51:50.0633 AM
[ReportManager] Assertion Passed: Then I Assert that the API response schema matches that in this file [src/test/resources/testDataFiles/schema.json]. @08-11-2021 01:51:50.0635 AM
[ReportManager] Successfully created attachment [Validation Test Data - Expected JSON Value] @08-11-2021 01:51:50.0635 AM
[ReportManager] Successfully created attachment [Validation Test Data - Actual JSON Value] @08-11-2021 01:51:50.0636 AM
[ReportManager] Assertion [ValidateResponseFileSchema] PASSED. Expected [Response data should match the JSON File in this path '/Users/runner/work/SHAFT_ENGINE/SHAFT_ENGINE/src/test/resources/testDataFiles/schema.json'] and Actual [TRUE]. Comparison Type [EQUALS]. Validation Type [POSITIVE]. @08-11-2021 01:51:50.0636 A
[ReportManager] File Action [GetAbsolutePath] successfully performed. With the following test data [Relative Folder Path: "target/downloadedFiles/"]. @08-11-2021 01:51:50.0638 AM
[ReportManager] Attempting to run locally on: [Mac-64], [Safari], Headless Execution. @08-11-2021 01:51:50.0638 AM
[ReportManager] Successfully Opened Safari. @08-11-2021 01:51:51.0397 AM
[ReportManager] Initial window size: (800, 600) @08-11-2021 01:51:51.0402 AM
[ReportManager] Window size after SWD Maximize: (1176, 811) @08-11-2021 01:51:51.0423 AM
[ReportManager] Browser Action [MaximizeWindow] successfully performed. With the following test data [New screen size is now: (1176, 811)]. @08-11-2021 01:51:51.0424 A

################################################################################################################################################
Starting Execution:	[123 out of 146] test cases in the current suite
Test Method:		[testPackage01.Test_dragAndDrop.dragAndDropJquery]
################################################################################################################################################
[ReportManager] Target URL: [https://jqueryui.com/resources/demos/droppable/default.html] @08-11-2021 01:51:51.0426 AM
[ReportManager] Initial URL: [] @08-11-2021 01:51:51.0463 AM
[ReportManager] Browser Action [NavigateToURL] successfully performed. With the following test data [https://jqueryui.com/resources/demos/droppable/default.html]. @08-11-2021 01:51:51.0847 AM
[ReportManager] Element Action [GetText] successfully performed. With the following test data [
	Drop here
]. @08-11-2021 01:51:51.0883 AM
[ReportManager] Element Action [DragAndDrop] successfully performed. With the following test data [Start point: (8, 18), End point: (8, 18)]. @08-11-2021 01:51:52.0908 AM
[ReportManager] Element Action [GetText] successfully performed. With the following test data [
	Dropped!
]. @08-11-2021 01:51:52.0946 AM
[ReportManager] Assertion Passed: Checking to see if the text has changed after performing drag and drop @08-11-2021 01:51:52.0947 AM
[ReportManager] Assertion [ValidateEquals] PASSED. Expected [
	Drop here
] and Actual [
	Dropped!
]. Comparison Type [EQUALS]. Validation Type [NEGATIVE]. @08-11-2021 01:51:52.0947 A
[ReportManager] Browser Action [CloseCurrentWindow] successfully performed. @08-11-2021 01:51:53.0331 AM
[ReportManager] Successfully created attachment [Browser Action Test Data - CloseCurrentWindow - Actual Value] @08-11-2021 01:51:53.0332 A
[ReportManager] File Action [GetAbsolutePath] successfully performed. With the following test data [Relative Folder Path: "target/downloadedFiles/"]. @08-11-2021 01:51:53.0333 AM
[ReportManager] Attempting to run locally on: [Mac-64], [Safari], Headless Execution. @08-11-2021 01:51:53.0334 AM
[ReportManager] Successfully Opened Safari. @08-11-2021 01:51:54.0130 AM
[ReportManager] Initial window size: (800, 600) @08-11-2021 01:51:54.0157 AM
[ReportManager] Window size after SWD Maximize: (1176, 811) @08-11-2021 01:51:54.0169 AM
[ReportManager] Browser Action [MaximizeWindow] successfully performed. With the following test data [New screen size is now: (1176, 811)]. @08-11-2021 01:51:54.0169 A

################################################################################################################################################
Starting Execution:	[124 out of 146] test cases in the current suite
Test Method:		[testPackage01.Test_dragAndDrop.dragAndDrop]
Test Description:	[TC001 - Test Drag and Drop function.]
################################################################################################################################################
[ReportManager] Target URL: [http://the-internet.herokuapp.com/drag_and_drop] @08-11-2021 01:51:54.0171 AM
[ReportManager] Initial URL: [] @08-11-2021 01:51:54.0259 AM
[ReportManager] Browser Action [NavigateToURL] successfully performed. With the following test data [http://the-internet.herokuapp.com/drag_and_drop]. @08-11-2021 01:51:54.0623 AM
[ReportManager] Attempting Drag and Drop @08-11-2021 01:51:54.0624 AM
[ReportManager] Element Action [DragAndDrop] successfully performed. With the following test data [Start point: (120, 89), End point: (335, 89)]. @08-11-2021 01:51:55.0229 A
[ReportManager] Browser Action [CloseCurrentWindow] successfully performed. @08-11-2021 01:51:55.0616 AM
[ReportManager] Successfully created attachment [Browser Action Test Data - CloseCurrentWindow - Actual Value] @08-11-2021 01:51:55.0617 A
[ReportManager] File Action [GetAbsolutePath] successfully performed. With the following test data [Relative Folder Path: "target/downloadedFiles/"]. @08-11-2021 01:51:55.0619 AM
[ReportManager] Attempting to run locally on: [Mac-64], [Safari], Headless Execution. @08-11-2021 01:51:55.0619 AM
[ReportManager] Successfully Opened Safari. @08-11-2021 01:51:56.0418 AM
[ReportManager] Initial window size: (800, 600) @08-11-2021 01:51:56.0439 AM
[ReportManager] Window size after SWD Maximize: (1176, 811) @08-11-2021 01:51:56.0454 AM
[ReportManager] Browser Action [MaximizeWindow] successfully performed. With the following test data [New screen size is now: (1176, 811)]. @08-11-2021 01:51:56.0455 A

################################################################################################################################################
Starting Execution:	[125 out of 146] test cases in the current suite
Test Method:		[testPackage01.Test_dragAndDrop.dragAndDropByOffset]
Test Description:	[TC002 - Test Drag and Drop by offset function.]
################################################################################################################################################
[ReportManager] Target URL: [https://jqueryui.com/resources/demos/draggable/default.html] @08-11-2021 01:51:56.0473 AM
[ReportManager] Initial URL: [] @08-11-2021 01:51:56.0507 AM
[ReportManager] Browser Action [NavigateToURL] successfully performed. With the following test data [https://jqueryui.com/resources/demos/draggable/default.html]. @08-11-2021 01:51:56.0925 AM
[ReportManager] Element Action [DragAndDropByOffset] successfully performed. With the following test data [Start point: (8, 8), End point: (108, 58)]. @08-11-2021 01:51:57.0686 A
[ReportManager] Browser Action [CloseCurrentWindow] successfully performed. @08-11-2021 01:51:58.0008 AM
[ReportManager] Successfully created attachment [Browser Action Test Data - CloseCurrentWindow - Actual Value] @08-11-2021 01:51:58.0009 A
[ReportManager] Successfully loaded the following test data file [src/test/resources/TestDataFiles/testSuite01/TestData.xlsx]. @08-11-2021 01:51:58.0041 AM
[ReportManager] Successfully created attachment [Test Data - Excel] @08-11-2021 01:51:58.0041 AM
[ReportManager] File Action [GetAbsolutePath] successfully performed. With the following test data [Relative Folder Path: "target/downloadedFiles/"]. @08-11-2021 01:51:58.0041 AM
[ReportManager] Attempting to run locally on: [Mac-64], [Safari], Headless Execution. @08-11-2021 01:51:58.0042 AM
[ReportManager] Successfully Opened Safari. @08-11-2021 01:51:58.0847 AM
[ReportManager] Initial window size: (800, 600) @08-11-2021 01:51:58.0870 AM
[ReportManager] Window size after SWD Maximize: (1176, 811) @08-11-2021 01:51:58.0916 AM
[ReportManager] Browser Action [MaximizeWindow] successfully performed. With the following test data [New screen size is now: (1176, 811)]. @08-11-2021 01:51:58.0917 A

################################################################################################################################################
Starting Execution:	[126 out of 146] test cases in the current suite
Test Method:		[testPackage01.Test_google.navigateToURLandVerifyGoogleLogoIsDisplayed]
Test Description:	[TC001 - Navigate to URL and Verify Google Logo is Displayed]
################################################################################################################################################
[ReportManager] Target URL: [https://www.google.com/ncr], and after redirection: [https://www.google.com] @08-11-2021 01:51:58.0919 AM
[ReportManager] Initial URL: [] @08-11-2021 01:51:58.0987 AM
[ReportManager] Browser Action [NavigateToURL] successfully performed. With the following test data [https://www.google.com/ncr]. @08-11-2021 01:52:00.0239 AM
[ReportManager] Loaded Shared OpenCV @08-11-2021 01:52:00.0302 AM
[ReportManager] Assertion Passed: Then I Assert that the element found by [By.xpath: //*[@id='hplogo' or @alt='Google']] exists. @08-11-2021 01:52:00.0396 AM
[ReportManager] Successfully created attachment [Screenshot - 1636336320302_navigateToURLandVerifyGoogleLogoIsDisplayed_ValidateElementExists_passed] @08-11-2021 01:52:00.0397 AM
[ReportManager] Assertion [ValidateElementExists] PASSED. Expected [Element Should Exist, locator 'By.xpath: //*[@id='hplogo' or @alt='Google']'] and Actual [Element Exists]. Comparison Type [EQUALS]. Validation Type [POSITIVE]. @08-11-2021 01:52:00.0397 A

################################################################################################################################################
Starting Execution:	[127 out of 146] test cases in the current suite
Test Method:		[testPackage01.Test_google.searchForQueryandAssertResultsNumDisplayed]
Test Description:	[TC002 - Search for Query and Assert that the number of results is displayed]
################################################################################################################################################
[ReportManager] Element Action [Type] successfully performed. With the following test data [SHAFT_Engine]. @08-11-2021 01:52:00.0856 AM
[ReportManager] Element Action [KeyPress] successfully performed. With the following test data [Enter]. @08-11-2021 01:52:00.0903 A

################################################################################################################################################
Starting Execution:	[128 out of 146] test cases in the current suite
Test Method:		[testPackage01.Test_google.clickNextThrice]
Test Description:	[TC003 - Clicks the next button to make sure that the framework can scroll element into view before clicking it]
###############################################################################################################################################
[ReportManager] Browser Action [CloseCurrentWindow] successfully performed. @08-11-2021 01:52:01.0331 AM
[ReportManager] Successfully created attachment [Browser Action Test Data - CloseCurrentWindow - Actual Value] @08-11-2021 01:52:01.0331 A

################################################################################################################################################
Starting Execution:	[129 out of 146] test cases in the current suite
Test Method:		[testPackage01.Test_chainableElementActions.chainElementActions]
################################################################################################################################################
[ReportManager] File Action [GetAbsolutePath] successfully performed. With the following test data [Relative Folder Path: "target/downloadedFiles/"]. @08-11-2021 01:52:01.0334 AM
[ReportManager] Attempting to run locally on: [Mac-64], [GoogleChrome], Headless Execution. @08-11-2021 01:52:01.0335 AM
[ReportManager] Identifying OS/Driver combination and selecting the correct driver version automatically. Please note that if a new driver executable will be downloaded it may take some time... @08-11-2021 01:52:01.0335 AM
[ReportManager] Successfully Opened Google Chrome. @08-11-2021 01:52:04.0146 AM
[ReportManager] Initial window size: (1920, 1080) @08-11-2021 01:52:04.0151 AM
[ReportManager] Window size after SWD Maximize: (1920, 1080) @08-11-2021 01:52:04.0352 AM
[ReportManager] Window size after Toolkit: (1920, 1080) @08-11-2021 01:52:04.0905 AM
[ReportManager] Browser Action [MaximizeWindow] successfully performed. With the following test data [New screen size is now: (1920, 1080)]. @08-11-2021 01:52:04.0908 AM
[ReportManager] Target URL: [https://www.google.com/ncr], and after redirection: [https://www.google.com] @08-11-2021 01:52:04.0908 AM
[ReportManager] Initial URL: [data:,] @08-11-2021 01:52:04.0938 AM
[ReportManager] Browser Action [NavigateToURL] successfully performed. With the following test data [https://www.google.com/ncr]. @08-11-2021 01:52:05.0733 AM
[ReportManager] Element Action [Type] successfully performed. With the following test data [chained type 1]. @08-11-2021 01:52:06.0150 AM
[ReportManager] Element Action [Type] successfully performed. With the following test data [chained type 2]. @08-11-2021 01:52:06.0418 AM
[ReportManager] Element Action [TypeAppend] successfully performed. With the following test data [345]. @08-11-2021 01:52:06.0483 AM
[ReportManager] Element Action [GetText] successfully performed. With the following test data [chained type 2345]. @08-11-2021 01:52:06.0560 AM
[ReportManager] Loaded Shared OpenCV @08-11-2021 01:52:06.0880 AM
[ReportManager] Assertion [ValidateElementAttribute] PASSED. Expected [Value Should be 'chained type 2345' for the 'text' attribute, element locator 'By.name: q'] and Actual [chained type 2345]. Comparison Type [EQUALS]. Validation Type [POSITIVE]. @08-11-2021 01:52:07.0077 AM
[ReportManager] Successfully created attachment [Screenshot - 1636336326880_chainElementActions_ValidateElementAttribute_passed] @08-11-2021 01:52:07.0078 AM
[ReportManager] Browser Action [CloseCurrentWindow] successfully performed. @08-11-2021 01:52:07.0317 AM
[ReportManager] Successfully created attachment [Browser Action Test Data - CloseCurrentWindow - Actual Value] @08-11-2021 01:52:07.0318 A
[ReportManager] File Action [GetAbsolutePath] successfully performed. With the following test data [Relative Folder Path: "target/downloadedFiles/"]. @08-11-2021 01:52:07.0322 AM
[ReportManager] Attempting to run locally on: [Mac-64], [Safari], Headless Execution. @08-11-2021 01:52:07.0322 A

################################################################################################################################################
Starting Execution:	[130 out of 146] test cases in the current suite
Test Method:		[testPackage01.Test_RelativeLocators.relativeLocatorsTest1]
###############################################################################################################################################


################################################################################################################################################
Starting Execution:	[131 out of 146] test cases in the current suite
Test Method:		[testPackage01.Test_JsonCompareWithSpecialCharacters.specialCharacters]
################################################################################################################################################
[ReportManager] File Action [GetAbsolutePath] successfully performed. With the following test data [Relative Folder Path: "src/test/resources/testDataFiles/specialCharacters.json"]. @08-11-2021 01:52:07.0337 AM
[ReportManager] File Action [ReadFromFile] successfully performed. With the following test data [File Path: "/Users/runner/work/SHAFT_ENGINE/SHAFT_ENGINE/src/test/resources/testDataFiles/specialCharacters.json"]. @08-11-2021 01:52:07.0338 AM
[ReportManager] Successfully created attachment [File Action Actual Result - Command Log] @08-11-2021 01:52:07.0338 AM
[ReportManager] Comparing the provided API response with the file at this path "src/test/resources/testDataFiles/specialCharacters.json", comparison type "EQUALS" @08-11-2021 01:52:07.0339 AM
[ReportManager] API Action [CompareJSON] successfully performed. With the following test data [src/test/resources/testDataFiles/specialCharacters.json]. @08-11-2021 01:52:07.0347 AM
[ReportManager] File Action [GetAbsolutePath] successfully performed. With the following test data [Relative Folder Path: "src/test/resources/testDataFiles/specialCharacters.json"]. @08-11-2021 01:52:07.0347 AM
[ReportManager] File Action [ReadFromFile] successfully performed. With the following test data [File Path: "/Users/runner/work/SHAFT_ENGINE/SHAFT_ENGINE/src/test/resources/testDataFiles/specialCharacters.json"]. @08-11-2021 01:52:07.0347 AM
[ReportManager] Verification [ValidateJSONFileContent] PASSED. Expected [Response data should match the JSON File in this path 'src/test/resources/testDataFiles/specialCharacters.json'] and Actual [TRUE]. Comparison Type [EQUALS]. Validation Type [POSITIVE]. @08-11-2021 01:52:07.0351 AM
[ReportManager] Successfully created attachment [Validation Test Data - Expected JSON Value] @08-11-2021 01:52:07.0352 AM
[ReportManager] Successfully created attachment [Validation Test Data - Actual JSON Value] @08-11-2021 01:52:07.0353 A

################################################################################################################################################
Starting Execution:	[132 out of 146] test cases in the current suite
Test Method:		[testPackage01.Test_JsonCompareWithSpecialCharacters.specialCharacters_assertion]
################################################################################################################################################
[ReportManager] File Action [GetAbsolutePath] successfully performed. With the following test data [Relative Folder Path: "src/test/resources/testDataFiles/specialCharacters.json"]. @08-11-2021 01:52:07.0355 AM
[ReportManager] File Action [ReadFromFile] successfully performed. With the following test data [File Path: "/Users/runner/work/SHAFT_ENGINE/SHAFT_ENGINE/src/test/resources/testDataFiles/specialCharacters.json"]. @08-11-2021 01:52:07.0356 AM
[ReportManager] Successfully created attachment [File Action Actual Result - Command Log] @08-11-2021 01:52:07.0356 AM
[ReportManager] Comparing the provided API response with the file at this path "src/test/resources/testDataFiles/specialCharacters.json", comparison type "CONTAINS" @08-11-2021 01:52:07.0357 AM
[ReportManager] API Action [CompareJSON] successfully performed. With the following test data [src/test/resources/testDataFiles/specialCharacters.json]. @08-11-2021 01:52:07.0366 AM
[ReportManager] File Action [GetAbsolutePath] successfully performed. With the following test data [Relative Folder Path: "src/test/resources/testDataFiles/specialCharacters.json"]. @08-11-2021 01:52:07.0366 AM
[ReportManager] File Action [ReadFromFile] successfully performed. With the following test data [File Path: "/Users/runner/work/SHAFT_ENGINE/SHAFT_ENGINE/src/test/resources/testDataFiles/specialCharacters.json"]. @08-11-2021 01:52:07.0366 AM
[ReportManager] Assertion Passed: trying out the log message @08-11-2021 01:52:07.0370 AM
[ReportManager] Successfully created attachment [Validation Test Data - Expected JSON Value] @08-11-2021 01:52:07.0376 AM
[ReportManager] Successfully created attachment [Validation Test Data - Actual JSON Value] @08-11-2021 01:52:07.0382 AM
[ReportManager] Assertion [ValidateJSONFileContent] PASSED. Expected [Response data should match the JSON File in this path 'src/test/resources/testDataFiles/specialCharacters.json'] and Actual [TRUE]. Comparison Type [CONTAINS]. Validation Type [POSITIVE]. @08-11-2021 01:52:07.0382 A

################################################################################################################################################
Starting Execution:	[133 out of 146] test cases in the current suite
Test Method:		[testPackage01.Test_SkipDueToIssue.doNotSkip]
################################################################################################################################################
[ReportManager] This should not be skipped. @08-11-2021 01:52:07.0391 A

################################################################################################################################################
Starting Execution:	[134 out of 146] test cases in the current suite
Test Method:		[testPackage01.Test_SkipDueToIssue.skip]
################################################################################################################################################
[ReportManager] This should be skipped. @08-11-2021 01:52:07.0396 A

################################################################################################################################################
Starting Execution:	[135 out of 146] test cases in the current suite
Test Method:		[testPackage01.Test_SkipDueToIssue.skip2]
################################################################################################################################################
[ReportManager] This should be skipped. @08-11-2021 01:52:07.0401 A

################################################################################################################################################
Starting Execution:	[136 out of 146] test cases in the current suite
Test Method:		[testPackage01.Test_JSONFileManager.readStringFromJson]
################################################################################################################################################
[ReportManager] File Action [GetAbsolutePath] successfully performed. With the following test data [Relative Folder Path: "src/test/resources/testDataFiles/simpleJSON.json"]. @08-11-2021 01:52:07.0407 AM
[ReportManager] Successfully loaded the following test data file [src/test/resources/testDataFiles/simpleJSON.json]. @08-11-2021 01:52:07.0408 AM
[ReportManager] Successfully created attachment [Test Data - JSON] @08-11-2021 01:52:07.0409 AM
[ReportManager] File Action [GetAbsolutePath] successfully performed. With the following test data [Relative Folder Path: "src/test/resources/testDataFiles/simpleJSON.json"]. @08-11-2021 01:52:07.0410 AM
[ReportManager] Assertion [ValidateEquals] PASSED. Expected [Mohab Mohie] and Actual [Mohab Mohie]. Comparison Type [EQUALS]. Validation Type [POSITIVE]. @08-11-2021 01:52:07.0423 A
[ReportManager] File Action [GetAbsolutePath] successfully performed. With the following test data [Relative Folder Path: "target/downloadedFiles/"]. @08-11-2021 01:52:07.0425 AM
[ReportManager] Attempting to run locally on: [Mac-64], [Safari], Headless Execution. @08-11-2021 01:52:07.0426 AM
[ReportManager] Successfully Opened Safari. @08-11-2021 01:52:08.0234 AM
[ReportManager] Initial window size: (800, 600) @08-11-2021 01:52:08.0255 AM
[ReportManager] Window size after SWD Maximize: (1176, 811) @08-11-2021 01:52:08.0289 AM
[ReportManager] Browser Action [MaximizeWindow] successfully performed. With the following test data [New screen size is now: (1176, 811)]. @08-11-2021 01:52:08.0290 A

################################################################################################################################################
Starting Execution:	[137 out of 146] test cases in the current suite
Test Method:		[testPackage01.Test_assertEquals.test_assertElementAttribute]
################################################################################################################################################
[ReportManager] Target URL: [https://www.google.com/ncr], and after redirection: [https://www.google.com] @08-11-2021 01:52:08.0292 AM
[ReportManager] Initial URL: [] @08-11-2021 01:52:08.0337 AM
[ReportManager] Browser Action [NavigateToURL] successfully performed. With the following test data [https://www.google.com/ncr]. @08-11-2021 01:52:09.0666 AM
[ReportManager] Element Action [Type] successfully performed. With the following test data [INC_004010050:Another SCHEDULER with the same name [Duplicate Job Name] already exists.]. @08-11-2021 01:52:11.0829 AM
[ReportManager] Element Action [GetText] successfully performed. With the following test data [INC_004010050:Another SCHEDULER with the same name [Duplicate Job Name] already exists.]. @08-11-2021 01:52:11.0871 AM
[ReportManager] Loaded Shared OpenCV @08-11-2021 01:52:11.0914 AM
[ReportManager] Assertion [ValidateElementAttribute] PASSED. Expected [Value Should be 'INC_004010050:Another SCHEDULER with the same name \[Duplicate Job Name\] already exists.' for the 'text' attribute, element locator 'By.name: q'] and Actual [INC_004010050:Another SCHEDULER with the same name [Duplicate Job Name] already exists.]. Comparison Type [MATCHES]. Validation Type [POSITIVE]. @08-11-2021 01:52:12.0002 AM
[ReportManager] Successfully created attachment [Screenshot - 1636336331914_test_assertElementAttribute_ValidateElementAttribute_passed] @08-11-2021 01:52:12.0003 A
[ReportManager] Browser Action [CloseCurrentWindow] successfully performed. @08-11-2021 01:52:12.0396 AM
[ReportManager] Successfully created attachment [Browser Action Test Data - CloseCurrentWindow - Actual Value] @08-11-2021 01:52:12.0396 A
[ReportManager] File Action [GetAbsolutePath] successfully performed. With the following test data [Relative Folder Path: "target/downloadedFiles/"]. @08-11-2021 01:52:12.0398 AM
[ReportManager] Attempting to run locally on: [Mac-64], [Safari], Headless Execution. @08-11-2021 01:52:12.0398 AM
[ReportManager] Successfully Opened Safari. @08-11-2021 01:52:13.0202 AM
[ReportManager] Initial window size: (800, 600) @08-11-2021 01:52:13.0213 AM
[ReportManager] Window size after SWD Maximize: (1176, 811) @08-11-2021 01:52:13.0225 AM
[ReportManager] Browser Action [MaximizeWindow] successfully performed. With the following test data [New screen size is now: (1176, 811)]. @08-11-2021 01:52:13.0226 A

################################################################################################################################################
Starting Execution:	[138 out of 146] test cases in the current suite
Test Method:		[testPackage01.Test_IsElementClickable.testIsElementClickable]
################################################################################################################################################
[ReportManager] Target URL: [https://the-internet.herokuapp.com/] @08-11-2021 01:52:13.0230 AM
[ReportManager] Initial URL: [] @08-11-2021 01:52:13.0280 AM
[ReportManager] Browser Action [NavigateToURL] successfully performed. With the following test data [https://the-internet.herokuapp.com/]. @08-11-2021 01:52:13.0785 AM
[ReportManager] Element Action [IsElementClickable] successfully performed. @08-11-2021 01:52:13.0852 AM
[ReportManager] Assertion [ValidateTrue] PASSED. Expected [TRUE] and Actual [TRUE]. Validation Type [POSITIVE]. @08-11-2021 01:52:13.0853 A
[ReportManager] Browser Action [CloseCurrentWindow] successfully performed. @08-11-2021 01:52:14.0148 AM
[ReportManager] Successfully created attachment [Browser Action Test Data - CloseCurrentWindow - Actual Value] @08-11-2021 01:52:14.0149 A
[ReportManager] Successfully loaded the following test data file [src/test/resources/TestDataFiles/testSuite01/TestData.xlsx]. @08-11-2021 01:52:14.0180 AM
[ReportManager] Successfully created attachment [Test Data - Excel] @08-11-2021 01:52:14.0180 AM
[ReportManager] Attempting to run using Playwright locally on: [Mac-64], [Safari], Headless Execution. @08-11-2021 01:52:37.0736 AM
[ReportManager] File Action [GetAbsolutePath] successfully performed. With the following test data [Relative Folder Path: "target/downloadedFiles/"]. @08-11-2021 01:52:37.0737 AM
[ReportManager] Initial window size: (1280, 720) @08-11-2021 01:52:43.0874 AM
[ReportManager] Window size after Toolkit: com.microsoft.playwright.options.ViewportSize@360d02a7 @08-11-2021 01:52:43.0882 AM
[ReportManager] Browser Action [MaximizeWindow] successfully performed. With the following test data [New screen size is now: (1920, 1080)]. @08-11-2021 01:52:43.0883 A

################################################################################################################################################
Starting Execution:	[139 out of 146] test cases in the current suite
Test Method:		[testPackage01.Test_google_playwright.navigateToURLandVerifyGoogleLogoIsDisplayed]
Test Description:	[TC001 - Navigate to URL and Verify Google Logo is Displayed]
################################################################################################################################################
[ReportManager] Target URL: [https://www.google.com/ncr], and after redirection: [https://www.google.com] @08-11-2021 01:52:43.0887 AM
[ReportManager] Initial URL: [about:blank] @08-11-2021 01:52:44.0351 AM
[ReportManager] Browser Action [NavigateToURL] successfully performed. With the following test data [https://www.google.com/ncr]. @08-11-2021 01:52:45.0751 AM
[ReportManager] Loaded Shared OpenCV @08-11-2021 01:52:45.0848 AM
[ReportManager] Assertion [ValidateElementExists] PASSED. Expected [Element Should Exist, locator 'xpath=//*[@id='hplogo' or @alt='Google']'] and Actual [Element Exists]. Comparison Type [EQUALS]. Validation Type [POSITIVE]. @08-11-2021 01:52:46.0011 AM
[ReportManager] Successfully created attachment [Screenshot - 1636336365845_navigateToURLandVerifyGoogleLogoIsDisplayed_ValidateElementExists_passed] @08-11-2021 01:52:46.0012 A

################################################################################################################################################
Starting Execution:	[140 out of 146] test cases in the current suite
Test Method:		[testPackage01.Test_google_playwright.searchForQueryandAssertResultsNumDisplayed]
Test Description:	[TC002 - Search for Query and Assert that the number of results is displayed]
################################################################################################################################################
[ReportManager] Element Action [Type] successfully performed. With the following test data [SHAFT_Engine]. @08-11-2021 01:52:46.0264 AM
[ReportManager] Element Action [KeyPress] successfully performed. With the following test data [Enter]. @08-11-2021 01:52:46.0296 AM
[ReportManager] Element Action [GetText] successfully performed. With the following test data [About 770,000 results (0.71 seconds)Â 
]. @08-11-2021 01:52:47.0946 AM
[ReportManager] Loaded Shared OpenCV @08-11-2021 01:52:48.0612 AM
[ReportManager] Assertion [ValidateElementAttribute] PASSED. Expected [Value Should not be '' for the 'text' attribute, element locator 'xpath=//div[@id='appbar']'] and Actual [About 770,000 results (0.71 seconds)Â 
]. Comparison Type [EQUALS]. Validation Type [NEGATIVE]. @08-11-2021 01:52:48.0822 AM
[ReportManager] Successfully created attachment [Screenshot - 1636336368611_searchForQueryandAssertResultsNumDisplayed_ValidateElementAttribute_passed] @08-11-2021 01:52:48.0824 A

################################################################################################################################################
Starting Execution:	[141 out of 146] test cases in the current suite
Test Method:		[testPackage01.Test_google_playwright.clickNextThrice]
Test Description:	[TC003 - Clicks the next button to make sure that the framework can scroll element into view before clicking it]
################################################################################################################################################
[ReportManager] Element Action [Click] successfully performed. With the following test data [Next]. @08-11-2021 01:52:49.0130 A
[ReportManager] Failed to find video recording. @08-11-2021 01:52:49.0132 AM
[ReportManager] Successfully Closed PlayWright Driver. @08-11-2021 01:52:49.0173 A
[ReportManager] File Action [GetAbsolutePath] successfully performed. With the following test data [Relative Folder Path: "target/downloadedFiles/"]. @08-11-2021 01:52:49.0178 AM
[ReportManager] Attempting to run locally on: [Mac-64], [Safari], Headless Execution. @08-11-2021 01:52:49.0179 AM
[ReportManager] Successfully Opened Safari. @08-11-2021 01:52:50.0318 AM
[ReportManager] Initial window size: (800, 600) @08-11-2021 01:52:50.0340 AM
[ReportManager] Window size after SWD Maximize: (1176, 811) @08-11-2021 01:52:50.0378 AM
[ReportManager] Browser Action [MaximizeWindow] successfully performed. With the following test data [New screen size is now: (1176, 811)]. @08-11-2021 01:52:50.0379 A

################################################################################################################################################
Starting Execution:	[142 out of 146] test cases in the current suite
Test Method:		[testPackage01.Test_verifyEquals.test_assertElementAttribute]
################################################################################################################################################
[ReportManager] Target URL: [https://www.google.com/ncr], and after redirection: [https://www.google.com] @08-11-2021 01:52:50.0383 AM
[ReportManager] Initial URL: [] @08-11-2021 01:52:50.0429 AM
[ReportManager] Browser Action [NavigateToURL] successfully performed. With the following test data [https://www.google.com/ncr]. @08-11-2021 01:52:51.0213 AM
[ReportManager] Element Action [Type] successfully performed. With the following test data [INC_004010050:Another SCHEDULER with the same name [Duplicate Job Name] already exists.]. @08-11-2021 01:52:53.0355 AM
[ReportManager] Element Action [GetText] successfully performed. With the following test data [INC_004010050:Another SCHEDULER with the same name [Duplicate Job Name] already exists.]. @08-11-2021 01:52:53.0397 AM
[ReportManager] Loaded Shared OpenCV @08-11-2021 01:52:53.0442 AM
[ReportManager] Verification [ValidateElementAttribute] PASSED. Expected [Value Should be 'INC_004010050:Another SCHEDULER with the same name \[Duplicate Job Name\] already exists.' for the 'text' attribute, element locator 'By.name: q'] and Actual [INC_004010050:Another SCHEDULER with the same name [Duplicate Job Name] already exists.]. Comparison Type [MATCHES]. Validation Type [POSITIVE]. @08-11-2021 01:52:53.0531 AM
[ReportManager] Successfully created attachment [Screenshot - 1636336373442_test_assertElementAttribute_ValidateElementAttribute_passed] @08-11-2021 01:52:53.0532 A
[ReportManager] Browser Action [CloseCurrentWindow] successfully performed. @08-11-2021 01:52:53.0974 AM
[ReportManager] Successfully created attachment [Browser Action Test Data - CloseCurrentWindow - Actual Value] @08-11-2021 01:52:53.0980 A

################################################################################################################################################
Starting Execution:	[143 out of 146] test cases in the current suite
Test Method:		[testPackage01.Test_SelectedValue.multipleSelect]
################################################################################################################################################
[ReportManager] File Action [GetAbsolutePath] successfully performed. With the following test data [Relative Folder Path: "target/downloadedFiles/"]. @08-11-2021 01:52:53.0987 AM
[ReportManager] Attempting to run locally on: [Mac-64], [GoogleChrome], Headless Execution. @08-11-2021 01:52:53.0988 AM
[ReportManager] Identifying OS/Driver combination and selecting the correct driver version automatically. Please note that if a new driver executable will be downloaded it may take some time... @08-11-2021 01:52:53.0988 AM
[ReportManager] Successfully Opened Google Chrome. @08-11-2021 01:52:54.0600 AM
[ReportManager] Initial window size: (1920, 1080) @08-11-2021 01:52:54.0603 AM
[ReportManager] Window size after SWD Maximize: (1920, 1080) @08-11-2021 01:52:54.0713 AM
[ReportManager] Window size after Toolkit: (1920, 1080) @08-11-2021 01:52:55.0360 AM
[ReportManager] Browser Action [MaximizeWindow] successfully performed. With the following test data [New screen size is now: (1920, 1080)]. @08-11-2021 01:52:55.0363 AM
[ReportManager] Target URL: [https://yari-demos.prod.mdn.mozit.cloud/en-US/docs/Web/HTML/Element/select/_sample_.Advanced_select_with_multiple_features.html] @08-11-2021 01:52:55.0363 AM
[ReportManager] Initial URL: [data:,] @08-11-2021 01:52:55.0392 AM
[ReportManager] Browser Action [NavigateToURL] successfully performed. With the following test data [https://yari-demos.prod.mdn.mozit.cloud/en-US/docs/Web/HTML/Element/select/_sample_.Advanced_select_with_multiple_features.html]. @08-11-2021 01:52:55.0638 AM
[ReportManager] Element Action [Select] successfully performed. With the following test data [Dog]. @08-11-2021 01:52:55.0831 AM
[ReportManager] Element Action [Select] successfully performed. With the following test data [Cat]. @08-11-2021 01:52:55.0989 AM
[ReportManager] Element Action [GetSelectedText] successfully performed. With the following test data [DogCat]. @08-11-2021 01:52:56.0085 AM
[ReportManager] DogCat @08-11-2021 01:52:56.0085 AM
[ReportManager] Element Action [GetSelectedText] successfully performed. With the following test data [DogCat]. @08-11-2021 01:52:56.0161 AM
[ReportManager] Loaded Shared OpenCV @08-11-2021 01:52:56.0560 AM
[ReportManager] Assertion [ValidateElementAttribute] PASSED. Expected [Value Should be 'DogCat' for the 'selectedText' attribute, element locator 'By.tagName: select'] and Actual [DogCat]. Comparison Type [EQUALS]. Validation Type [POSITIVE]. @08-11-2021 01:52:56.0730 AM
[ReportManager] Successfully created attachment [Screenshot - 1636336376560_multipleSelect_ValidateElementAttribute_passed] @08-11-2021 01:52:56.0731 AM
[ReportManager] Browser Action [CloseCurrentWindow] successfully performed. @08-11-2021 01:52:56.0969 AM
[ReportManager] Successfully created attachment [Browser Action Test Data - CloseCurrentWindow - Actual Value] @08-11-2021 01:52:56.0969 A

################################################################################################################################################
Starting Execution:	[144 out of 146] test cases in the current suite
Test Method:		[testPackage01.Test_SelectedValue.simpleSelect]
################################################################################################################################################
[ReportManager] File Action [GetAbsolutePath] successfully performed. With the following test data [Relative Folder Path: "target/downloadedFiles/"]. @08-11-2021 01:52:56.0974 AM
[ReportManager] Attempting to run locally on: [Mac-64], [GoogleChrome], Headless Execution. @08-11-2021 01:52:56.0974 AM
[ReportManager] Identifying OS/Driver combination and selecting the correct driver version automatically. Please note that if a new driver executable will be downloaded it may take some time... @08-11-2021 01:52:56.0974 AM
[ReportManager] Successfully Opened Google Chrome. @08-11-2021 01:52:57.0490 AM
[ReportManager] Initial window size: (1920, 1080) @08-11-2021 01:52:57.0493 AM
[ReportManager] Window size after SWD Maximize: (1920, 1080) @08-11-2021 01:52:57.0612 AM
[ReportManager] Window size after Toolkit: (1920, 1080) @08-11-2021 01:52:57.0998 AM
[ReportManager] Browser Action [MaximizeWindow] successfully performed. With the following test data [New screen size is now: (1920, 1080)]. @08-11-2021 01:52:58.0001 AM
[ReportManager] Target URL: [https://yari-demos.prod.mdn.mozit.cloud/en-US/docs/Web/HTML/Element/select/_sample_.Basic_select.html] @08-11-2021 01:52:58.0001 AM
[ReportManager] Initial URL: [data:,] @08-11-2021 01:52:58.0027 AM
[ReportManager] Browser Action [NavigateToURL] successfully performed. With the following test data [https://yari-demos.prod.mdn.mozit.cloud/en-US/docs/Web/HTML/Element/select/_sample_.Basic_select.html]. @08-11-2021 01:52:58.0510 AM
[ReportManager] Element Action [Select] successfully performed. With the following test data [Third Value]. @08-11-2021 01:52:58.0787 AM
[ReportManager] Element Action [GetSelectedText] successfully performed. With the following test data [Third Value]. @08-11-2021 01:52:58.0852 AM
[ReportManager] Third Value @08-11-2021 01:52:58.0852 AM
[ReportManager] Element Action [GetSelectedText] successfully performed. With the following test data [Third Value]. @08-11-2021 01:52:58.0918 AM
[ReportManager] Loaded Shared OpenCV @08-11-2021 01:52:59.0282 AM
[ReportManager] Assertion [ValidateElementAttribute] PASSED. Expected [Value Should be 'Third Value' for the 'selectedText' attribute, element locator 'By.tagName: select'] and Actual [Third Value]. Comparison Type [EQUALS]. Validation Type [POSITIVE]. @08-11-2021 01:52:59.0448 AM
[ReportManager] Successfully created attachment [Screenshot - 1636336379282_simpleSelect_ValidateElementAttribute_passed] @08-11-2021 01:52:59.0449 AM
[ReportManager] Browser Action [CloseCurrentWindow] successfully performed. @08-11-2021 01:52:59.0682 AM
[ReportManager] Successfully created attachment [Browser Action Test Data - CloseCurrentWindow - Actual Value] @08-11-2021 01:52:59.0682 A
[ReportManager] File Action [GetAbsolutePath] successfully performed. With the following test data [Relative Folder Path: "target/downloadedFiles/"]. @08-11-2021 01:52:59.0685 AM
[ReportManager] Attempting to run locally on: [Mac-64], [Safari], Headless Execution. @08-11-2021 01:52:59.0685 AM
[ReportManager] Successfully Opened Safari. @08-11-2021 01:53:00.0478 AM
[ReportManager] Initial window size: (800, 600) @08-11-2021 01:53:00.0499 AM
[ReportManager] Window size after SWD Maximize: (1176, 811) @08-11-2021 01:53:00.0509 AM
[ReportManager] Browser Action [MaximizeWindow] successfully performed. With the following test data [New screen size is now: (1176, 811)]. @08-11-2021 01:53:00.0510 A

################################################################################################################################################
Starting Execution:	[145 out of 146] test cases in the current suite
Test Method:		[testPackage01.Test_dynamicLoading.dynamicLoading_elementIsHidden]
################################################################################################################################################
[ReportManager] Target URL: [https://the-internet.herokuapp.com/dynamic_loading/1] @08-11-2021 01:53:00.0512 AM
[ReportManager] Initial URL: [] @08-11-2021 01:53:00.0634 AM
[ReportManager] Browser Action [NavigateToURL] successfully performed. With the following test data [https://the-internet.herokuapp.com/dynamic_loading/1]. @08-11-2021 01:53:01.0115 AM
[ReportManager] Element Action [Click] successfully performed. With the following test data [Start]. @08-11-2021 01:53:01.0364 AM
[ReportManager] Element Action [GetText] successfully performed. With the following test data [
    Hello World!
  ]. @08-11-2021 01:53:01.0393 A
[ReportManager] Browser Action [CloseCurrentWindow] successfully performed. @08-11-2021 01:53:01.0715 AM
[ReportManager] Successfully created attachment [Browser Action Test Data - CloseCurrentWindow - Actual Value] @08-11-2021 01:53:01.0716 A
[ReportManager] File Action [GetAbsolutePath] successfully performed. With the following test data [Relative Folder Path: "target/downloadedFiles/"]. @08-11-2021 01:53:01.0718 AM
[ReportManager] Attempting to run locally on: [Mac-64], [Safari], Headless Execution. @08-11-2021 01:53:01.0718 AM
[ReportManager] Successfully Opened Safari. @08-11-2021 01:53:02.0557 AM
[ReportManager] Initial window size: (800, 600) @08-11-2021 01:53:02.0564 AM
[ReportManager] Window size after SWD Maximize: (1176, 811) @08-11-2021 01:53:02.0596 AM
[ReportManager] Browser Action [MaximizeWindow] successfully performed. With the following test data [New screen size is now: (1176, 811)]. @08-11-2021 01:53:02.0596 A

################################################################################################################################################
Starting Execution:	[146 out of 146] test cases in the current suite
Test Method:		[testPackage01.Test_dynamicLoading.dynamicLoading_elementIsRendered]
################################################################################################################################################
[ReportManager] Target URL: [https://the-internet.herokuapp.com/dynamic_loading/2] @08-11-2021 01:53:02.0600 AM
[ReportManager] Initial URL: [] @08-11-2021 01:53:02.0740 AM
[ReportManager] Browser Action [NavigateToURL] successfully performed. With the following test data [https://the-internet.herokuapp.com/dynamic_loading/2]. @08-11-2021 01:53:03.0238 AM
[ReportManager] Element Action [Click] successfully performed. With the following test data [Start]. @08-11-2021 01:53:03.0510 A
[ReportManager] Browser Action [CloseCurrentWindow] successfully performed. @08-11-2021 01:53:03.0866 AM
[ReportManager] Successfully created attachment [Browser Action Test Data - CloseCurrentWindow - Actual Value] @08-11-2021 01:53:03.0866 A
[ReportManager] Successfully created attachment [SHAFT Engine Logs - Execution log] @08-11-2021 01:53:03.0898 AM

################################################################################################################################################
This test run was powered by SHAFT Engine Version: [SHAFT Engine v5.4.20211104-BETA]
SHAFT Engine is licensed under the MIT License: [https://github.com/MohabMohie/SHAFT_ENGINE/blob/master/LICENSE].
################################################################################################################################################