################################################################################################################################################
Detected SHAFT Engine Version: [SHAFT Engine v6.1.20220113]
################################################################################################################################################
[ReportManager] File Action [GetAbsolutePath] successfully performed. With the following test data [Relative Folder Path: "target/downloadedFiles/"]. @13-01-2022 08:04:36.0163 AM
[ReportManager] Attempting to run locally on: [Mac-64], [Safari], Headless Execution. @13-01-2022 08:04:36.0182 AM
[ReportManager] Successfully Opened Safari. @13-01-2022 08:04:43.0344 AM
[ReportManager] Initial window size: (800, 600) @13-01-2022 08:04:43.0370 AM
[ReportManager] Window size after SWD Maximize: (1176, 802) @13-01-2022 08:04:43.0426 AM
[ReportManager] Browser Action [MaximizeWindow] successfully performed. With the following test data [New screen size is now: (1176, 802)]. @13-01-2022 08:04:43.0434 A

################################################################################################################################################
Starting Execution:	[1 out of 161] test cases in the current suite
Test Method:		[unitTests.tests_element_elementActions.waitForElementToBePresent_false_expectedToFail]
################################################################################################################################################
[ReportManager] Target URL: [https://www.google.com/ncr], and after redirection: [www.google.com] @13-01-2022 08:04:43.0600 AM
[ReportManager] Initial URL: [] @13-01-2022 08:04:43.0668 AM
[ReportManager] Browser Action [NavigateToURL] successfully performed. With the following test data [https://www.google.com/ncr]. @13-01-2022 08:04:45.0530 AM
[ReportManager] Waiting for element to be present; elementLocator [By.xpath: //*[@id='hplogo' or @alt='Google']], numberOfTries[1], stateOfPresence[false]... @13-01-2022 08:04:45.0557 AM
[ReportManager] Element Action [WaitForElementToBePresent] failed. With the following test data [waited for the element's state of presence to be (false). Element locator (By.xpath: //*[@id='hplogo' or @alt='Google'])]. @13-01-2022 08:04:53.0426 AM
[ReportManager] Successfully created attachment [Screenshot - 1642061085894_waitForElementToBePresent_false_expectedToFail_WaitForElementToBePresent_failed] @13-01-2022 08:04:53.0440 A
[ReportManager] Browser Action [CloseCurrentWindow] successfully performed. @13-01-2022 08:04:53.0731 AM
[ReportManager] Successfully created attachment [Browser Action Test Data - CloseCurrentWindow - Actual Value] @13-01-2022 08:04:53.0732 A
[ReportManager] File Action [GetAbsolutePath] successfully performed. With the following test data [Relative Folder Path: "target/downloadedFiles/"]. @13-01-2022 08:04:53.0748 AM
[ReportManager] Attempting to run locally on: [Mac-64], [Safari], Headless Execution. @13-01-2022 08:04:53.0749 AM
[ReportManager] Successfully Opened Safari. @13-01-2022 08:04:54.0697 AM
[ReportManager] Initial window size: (800, 600) @13-01-2022 08:04:54.0709 AM
[ReportManager] Window size after SWD Maximize: (1176, 803) @13-01-2022 08:04:54.0744 AM
[ReportManager] Browser Action [MaximizeWindow] successfully performed. With the following test data [New screen size is now: (1176, 803)]. @13-01-2022 08:04:54.0744 A

################################################################################################################################################
Starting Execution:	[2 out of 161] test cases in the current suite
Test Method:		[unitTests.tests_element_elementActions.waitForElementToBePresent_false_expectedToPass]
################################################################################################################################################
[ReportManager] Target URL: [https://www.google.com/ncr], and after redirection: [www.google.com] @13-01-2022 08:04:54.0750 AM
[ReportManager] Initial URL: [] @13-01-2022 08:04:54.0809 AM
[ReportManager] Browser Action [NavigateToURL] successfully performed. With the following test data [https://www.google.com/ncr]. @13-01-2022 08:04:56.0222 AM
[ReportManager] Waiting for element to be present; elementLocator [By.id: bla], numberOfTries[1], stateOfPresence[false]... @13-01-2022 08:04:56.0222 AM
[ReportManager] org.openqa.selenium.TimeoutException:
Expected condition failed: waiting for com.shaft.gui.element.ElementActionsHelper$$Lambda$641/0x000000080112b9c0@33d08a24 (tried for 5 second(s) with 1000 milliseconds interval)
org.openqa.selenium.support.ui.FluentWait.timeoutException(FluentWait.java:263)
org.openqa.selenium.support.ui.FluentWait.until(FluentWait.java:231)
com.shaft.gui.element.ElementActionsHelper.waitForElementPresence(ElementActionsHelper.java:89)
com.shaft.gui.element.ElementActionsHelper.waitForElementPresence(ElementActionsHelper.java:37)
com.shaft.gui.element.WebDriverElementActions.getMatchingElementsCount(WebDriverElementActions.java:1481)
com.shaft.gui.element.WebDriverElementActions.waitForElementToBePresent(WebDriverElementActions.java:1295)
com.shaft.gui.element.ElementActions.waitForElementToBePresent(ElementActions.java:630)
unitTests.tests_element_elementActions.waitForElementToBePresent_false_expectedToPass(tests_element_elementActions.java:48)
java.base/jdk.internal.reflect.NativeMethodAccessorImpl.invoke0(Native Method)
java.base/jdk.internal.reflect.NativeMethodAccessorImpl.invoke(NativeMethodAccessorImpl.java:77)
java.base/jdk.internal.reflect.DelegatingMethodAccessorImpl.invoke(DelegatingMethodAccessorImpl.java:43)
java.base/java.lang.reflect.Method.invoke(Method.java:568)
org.testng.internal.invokers.MethodInvocationHelper.invokeMethod(MethodInvocationHelper.java:135)
org.testng.internal.invokers.TestInvoker.invokeMethod(TestInvoker.java:673)
org.testng.internal.invokers.TestInvoker.invokeTestMethod(TestInvoker.java:220)
org.testng.internal.invokers.MethodRunner.runInSequence(MethodRunner.java:50)
org.testng.internal.invokers.TestInvoker$MethodInvocationAgent.invoke(TestInvoker.java:945)
org.testng.internal.invokers.TestInvoker.invokeTestMethods(TestInvoker.java:193)
org.testng.internal.invokers.TestMethodWorker.invokeTestMethods(TestMethodWorker.java:146)
org.testng.internal.invokers.TestMethodWorker.run(TestMethodWorker.java:128)
java.base/java.util.ArrayList.forEach(ArrayList.java:1511)
org.testng.TestRunner.privateRun(TestRunner.java:808)
org.testng.TestRunner.run(TestRunner.java:603)
org.testng.SuiteRunner.runTest(SuiteRunner.java:429)
org.testng.SuiteRunner.runSequentially(SuiteRunner.java:423)
org.testng.SuiteRunner.privateRun(SuiteRunner.java:383)
org.testng.SuiteRunner.run(SuiteRunner.java:326)
org.testng.SuiteRunnerWorker.runSuite(SuiteRunnerWorker.java:52)
org.testng.SuiteRunnerWorker.run(SuiteRunnerWorker.java:95)
org.testng.TestNG.runSuitesSequentially(TestNG.java:1249)
org.testng.TestNG.runSuitesLocally(TestNG.java:1169)
org.testng.TestNG.runSuites(TestNG.java:1092)
org.testng.TestNG.run(TestNG.java:1060)
org.apache.maven.surefire.testng.TestNGExecutor.run(TestNGExecutor.java:136)
org.apache.maven.surefire.testng.TestNGDirectoryTestSuite.executeMulti(TestNGDirectoryTestSuite.java:193)
org.apache.maven.surefire.testng.TestNGDirectoryTestSuite.execute(TestNGDirectoryTestSuite.java:94)
org.apache.maven.surefire.testng.TestNGProvider.invoke(TestNGProvider.java:145)
org.apache.maven.surefire.booter.ForkedBooter.runSuitesInProcess(ForkedBooter.java:428)
org.apache.maven.surefire.booter.ForkedBooter.execute(ForkedBooter.java:162)
org.apache.maven.surefire.booter.ForkedBooter.run(ForkedBooter.java:562)
org.apache.maven.surefire.booter.ForkedBooter.main(ForkedBooter.java:548)

Caused by: org.openqa.selenium.NoSuchElementException:
For documentation on this error, please visit: https://selenium.dev/exceptions/#no_such_element
Build info: version: '4.1.1', revision: 'e8fcc2cecf'
System info: host: 'Mac-1642060444857.local', ip: '10.213.7.57', os.name: 'Mac OS X', os.arch: 'x86_64', os.version: '11.5', java.version: '17.0.1'
Driver info: org.openqa.selenium.safari.SafariDriver
Command: [6271B552-6DA3-429B-A1DB-A8ECBDA247C4, findElement {using=id, value=bla}]
Capabilities {acceptInsecureCerts: false, browserName: Safari, browserVersion: 15.2, goog:loggingPrefs: {browser: ALL, client: ALL, driver: ALL, performance: ALL, profiler: ALL, server: ALL}, javascriptEnabled: true, pageLoadStrategy: normal, platform: MAC, platformName: MAC, safari:automaticInspection: false, safari:automaticProfiling: false, safari:diagnose: false, safari:platformBuildVersion: 20G314, safari:platformVersion: 11.6.2, safari:useSimulator: false, setWindowRect: true, strictFileInteractability: false, timeouts: {pageLoad: 30000, script: 30000}, webkit:WebRTC: {DisableICECandidateFiltering: false, DisableInsecureMediaCapture: false}}
Session ID: 6271B552-6DA3-429B-A1DB-A8ECBDA247C4
java.base/jdk.internal.reflect.NativeConstructorAccessorImpl.newInstance0(Native Method)
java.base/jdk.internal.reflect.NativeConstructorAccessorImpl.newInstance(NativeConstructorAccessorImpl.java:77)
java.base/jdk.internal.reflect.DelegatingConstructorAccessorImpl.newInstance(DelegatingConstructorAccessorImpl.java:45)
java.base/java.lang.reflect.Constructor.newInstanceWithCaller(Constructor.java:499)
java.base/java.lang.reflect.Constructor.newInstance(Constructor.java:480)
org.openqa.selenium.remote.codec.w3c.W3CHttpResponseCodec.createException(W3CHttpResponseCodec.java:200)
org.openqa.selenium.remote.codec.w3c.W3CHttpResponseCodec.decode(W3CHttpResponseCodec.java:133)
org.openqa.selenium.remote.codec.w3c.W3CHttpResponseCodec.decode(W3CHttpResponseCodec.java:53)
org.openqa.selenium.remote.HttpCommandExecutor.execute(HttpCommandExecutor.java:184)
org.openqa.selenium.remote.service.DriverCommandExecutor.invokeExecute(DriverCommandExecutor.java:167)
org.openqa.selenium.remote.service.DriverCommandExecutor.execute(DriverCommandExecutor.java:142)
org.openqa.selenium.remote.RemoteWebDriver.execute(RemoteWebDriver.java:543)
org.openqa.selenium.remote.ElementLocation$ElementFinder$2.findElement(ElementLocation.java:162)
org.openqa.selenium.remote.ElementLocation.findElement(ElementLocation.java:60)
org.openqa.selenium.remote.RemoteWebDriver.findElement(RemoteWebDriver.java:367)
org.openqa.selenium.remote.RemoteWebDriver.findElement(RemoteWebDriver.java:359)
com.shaft.gui.element.ElementActionsHelper.lambda$waitForElementPresence$0(ElementActionsHelper.java:92)
org.openqa.selenium.support.ui.FluentWait.until(FluentWait.java:208)
com.shaft.gui.element.ElementActionsHelper.waitForElementPresence(ElementActionsHelper.java:89)
com.shaft.gui.element.ElementActionsHelper.waitForElementPresence(ElementActionsHelper.java:37)
com.shaft.gui.element.WebDriverElementActions.getMatchingElementsCount(WebDriverElementActions.java:1481)
com.shaft.gui.element.WebDriverElementActions.waitForElementToBePresent(WebDriverElementActions.java:1295)
com.shaft.gui.element.ElementActions.waitForElementToBePresent(ElementActions.java:630)
unitTests.tests_element_elementActions.waitForElementToBePresent_false_expectedToPass(tests_element_elementActions.java:48)
java.base/jdk.internal.reflect.NativeMethodAccessorImpl.invoke0(Native Method)
java.base/jdk.internal.reflect.NativeMethodAccessorImpl.invoke(NativeMethodAccessorImpl.java:77)
java.base/jdk.internal.reflect.DelegatingMethodAccessorImpl.invoke(DelegatingMethodAccessorImpl.java:43)
java.base/java.lang.reflect.Method.invoke(Method.java:568)
org.testng.internal.invokers.MethodInvocationHelper.invokeMethod(MethodInvocationHelper.java:135)
org.testng.internal.invokers.TestInvoker.invokeMethod(TestInvoker.java:673)
org.testng.internal.invokers.TestInvoker.invokeTestMethod(TestInvoker.java:220)
org.testng.internal.invokers.MethodRunner.runInSequence(MethodRunner.java:50)
org.testng.internal.invokers.TestInvoker$MethodInvocationAgent.invoke(TestInvoker.java:945)
org.testng.internal.invokers.TestInvoker.invokeTestMethods(TestInvoker.java:193)
org.testng.internal.invokers.TestMethodWorker.invokeTestMethods(TestMethodWorker.java:146)
org.testng.internal.invokers.TestMethodWorker.run(TestMethodWorker.java:128)
java.base/java.util.ArrayList.forEach(ArrayList.java:1511)
org.testng.TestRunner.privateRun(TestRunner.java:808)
org.testng.TestRunner.run(TestRunner.java:603)
org.testng.SuiteRunner.runTest(SuiteRunner.java:429)
org.testng.SuiteRunner.runSequentially(SuiteRunner.java:423)
org.testng.SuiteRunner.privateRun(SuiteRunner.java:383)
org.testng.SuiteRunner.run(SuiteRunner.java:326)
org.testng.SuiteRunnerWorker.runSuite(SuiteRunnerWorker.java:52)
org.testng.SuiteRunnerWorker.run(SuiteRunnerWorker.java:95)
org.testng.TestNG.runSuitesSequentially(TestNG.java:1249)
org.testng.TestNG.runSuitesLocally(TestNG.java:1169)
org.testng.TestNG.runSuites(TestNG.java:1092)
org.testng.TestNG.run(TestNG.java:1060)
org.apache.maven.surefire.testng.TestNGExecutor.run(TestNGExecutor.java:136)
org.apache.maven.surefire.testng.TestNGDirectoryTestSuite.executeMulti(TestNGDirectoryTestSuite.java:193)
org.apache.maven.surefire.testng.TestNGDirectoryTestSuite.execute(TestNGDirectoryTestSuite.java:94)
org.apache.maven.surefire.testng.TestNGProvider.invoke(TestNGProvider.java:145)
org.apache.maven.surefire.booter.ForkedBooter.runSuitesInProcess(ForkedBooter.java:428)
org.apache.maven.surefire.booter.ForkedBooter.execute(ForkedBooter.java:162)
org.apache.maven.surefire.booter.ForkedBooter.run(ForkedBooter.java:562)
org.apache.maven.surefire.booter.ForkedBooter.main(ForkedBooter.java:548) @13-01-2022 08:05:01.0586 AM
[ReportManager] Element Action [WaitForElementToBePresent] successfully performed. With the following test data [waited for the element's state of presence to be (false). Element locator (By.id: bla)]. @13-01-2022 08:05:01.0587 A
[ReportManager] Browser Action [CloseCurrentWindow] successfully performed. @13-01-2022 08:05:02.0030 AM
[ReportManager] Successfully created attachment [Browser Action Test Data - CloseCurrentWindow - Actual Value] @13-01-2022 08:05:02.0032 A
[ReportManager] File Action [GetAbsolutePath] successfully performed. With the following test data [Relative Folder Path: "target/downloadedFiles/"]. @13-01-2022 08:05:02.0039 AM
[ReportManager] Attempting to run locally on: [Mac-64], [Safari], Headless Execution. @13-01-2022 08:05:02.0040 AM
[ReportManager] Successfully Opened Safari. @13-01-2022 08:05:02.0936 AM
[ReportManager] Initial window size: (800, 600) @13-01-2022 08:05:02.0955 AM
[ReportManager] Window size after SWD Maximize: (1176, 803) @13-01-2022 08:05:03.0008 AM
[ReportManager] Browser Action [MaximizeWindow] successfully performed. With the following test data [New screen size is now: (1176, 803)]. @13-01-2022 08:05:03.0009 A

################################################################################################################################################
Starting Execution:	[3 out of 161] test cases in the current suite
Test Method:		[unitTests.tests_element_elementActions.waitForElementToBePresent_moreThanOneElement_expectedToFail]
################################################################################################################################################
[ReportManager] Target URL: [https://www.google.com/ncr], and after redirection: [www.google.com] @13-01-2022 08:05:03.0014 AM
[ReportManager] Initial URL: [] @13-01-2022 08:05:03.0071 AM
[ReportManager] Browser Action [NavigateToURL] successfully performed. With the following test data [https://www.google.com/ncr]. @13-01-2022 08:05:04.0331 AM
[ReportManager] Waiting for element to be present; elementLocator [By.xpath: //*], numberOfTries[1], stateOfPresence[false]... @13-01-2022 08:05:04.0331 AM
[ReportManager] Element Action [WaitForElementToBePresent] failed. With the following test data [waited for the element's state of presence to be (false). Element locator (By.xpath: //*)]. @13-01-2022 08:05:04.0502 AM
[ReportManager] Successfully created attachment [Screenshot - 1642061104401_waitForElementToBePresent_moreThanOneElement_expectedToFail_WaitForElementToBePresent_failed] @13-01-2022 08:05:04.0510 A
[ReportManager] Browser Action [CloseCurrentWindow] successfully performed. @13-01-2022 08:05:04.0959 AM
[ReportManager] Successfully created attachment [Browser Action Test Data - CloseCurrentWindow - Actual Value] @13-01-2022 08:05:04.0961 A
[ReportManager] File Action [GetAbsolutePath] successfully performed. With the following test data [Relative Folder Path: "target/downloadedFiles/"]. @13-01-2022 08:05:04.0967 AM
[ReportManager] Attempting to run locally on: [Mac-64], [Safari], Headless Execution. @13-01-2022 08:05:04.0968 AM
[ReportManager] Successfully Opened Safari. @13-01-2022 08:05:05.0934 AM
[ReportManager] Initial window size: (800, 600) @13-01-2022 08:05:05.0972 AM
[ReportManager] Window size after SWD Maximize: (1176, 803) @13-01-2022 08:05:06.0012 AM
[ReportManager] Browser Action [MaximizeWindow] successfully performed. With the following test data [New screen size is now: (1176, 803)]. @13-01-2022 08:05:06.0013 A

################################################################################################################################################
Starting Execution:	[4 out of 161] test cases in the current suite
Test Method:		[unitTests.tests_element_elementActions.waitForElementToBePresent_true_expectedToFail]
################################################################################################################################################
[ReportManager] Target URL: [https://www.google.com/ncr], and after redirection: [www.google.com] @13-01-2022 08:05:06.0016 AM
[ReportManager] Initial URL: [] @13-01-2022 08:05:06.0105 AM
[ReportManager] Browser Action [NavigateToURL] successfully performed. With the following test data [https://www.google.com/ncr]. @13-01-2022 08:05:07.0435 AM
[ReportManager] Waiting for element to be present; elementLocator [By.id: bla], numberOfTries[1], stateOfPresence[true]... @13-01-2022 08:05:07.0435 AM
[ReportManager] org.openqa.selenium.TimeoutException:
Expected condition failed: waiting for com.shaft.gui.element.ElementActionsHelper$$Lambda$641/0x000000080112b9c0@d082916 (tried for 5 second(s) with 1000 milliseconds interval)
org.openqa.selenium.support.ui.FluentWait.timeoutException(FluentWait.java:263)
org.openqa.selenium.support.ui.FluentWait.until(FluentWait.java:231)
com.shaft.gui.element.ElementActionsHelper.waitForElementPresence(ElementActionsHelper.java:89)
com.shaft.gui.element.ElementActionsHelper.waitForElementPresence(ElementActionsHelper.java:37)
com.shaft.gui.element.WebDriverElementActions.getMatchingElementsCount(WebDriverElementActions.java:1481)
com.shaft.gui.element.WebDriverElementActions.waitForElementToBePresent(WebDriverElementActions.java:1295)
com.shaft.gui.element.ElementActions.waitForElementToBePresent(ElementActions.java:630)
unitTests.tests_element_elementActions.waitForElementToBePresent_true_expectedToFail(tests_element_elementActions.java:39)
java.base/jdk.internal.reflect.NativeMethodAccessorImpl.invoke0(Native Method)
java.base/jdk.internal.reflect.NativeMethodAccessorImpl.invoke(NativeMethodAccessorImpl.java:77)
java.base/jdk.internal.reflect.DelegatingMethodAccessorImpl.invoke(DelegatingMethodAccessorImpl.java:43)
java.base/java.lang.reflect.Method.invoke(Method.java:568)
org.testng.internal.invokers.MethodInvocationHelper.invokeMethod(MethodInvocationHelper.java:135)
org.testng.internal.invokers.TestInvoker.invokeMethod(TestInvoker.java:673)
org.testng.internal.invokers.TestInvoker.invokeTestMethod(TestInvoker.java:220)
org.testng.internal.invokers.MethodRunner.runInSequence(MethodRunner.java:50)
org.testng.internal.invokers.TestInvoker$MethodInvocationAgent.invoke(TestInvoker.java:945)
org.testng.internal.invokers.TestInvoker.invokeTestMethods(TestInvoker.java:193)
org.testng.internal.invokers.TestMethodWorker.invokeTestMethods(TestMethodWorker.java:146)
org.testng.internal.invokers.TestMethodWorker.run(TestMethodWorker.java:128)
java.base/java.util.ArrayList.forEach(ArrayList.java:1511)
org.testng.TestRunner.privateRun(TestRunner.java:808)
org.testng.TestRunner.run(TestRunner.java:603)
org.testng.SuiteRunner.runTest(SuiteRunner.java:429)
org.testng.SuiteRunner.runSequentially(SuiteRunner.java:423)
org.testng.SuiteRunner.privateRun(SuiteRunner.java:383)
org.testng.SuiteRunner.run(SuiteRunner.java:326)
org.testng.SuiteRunnerWorker.runSuite(SuiteRunnerWorker.java:52)
org.testng.SuiteRunnerWorker.run(SuiteRunnerWorker.java:95)
org.testng.TestNG.runSuitesSequentially(TestNG.java:1249)
org.testng.TestNG.runSuitesLocally(TestNG.java:1169)
org.testng.TestNG.runSuites(TestNG.java:1092)
org.testng.TestNG.run(TestNG.java:1060)
org.apache.maven.surefire.testng.TestNGExecutor.run(TestNGExecutor.java:136)
org.apache.maven.surefire.testng.TestNGDirectoryTestSuite.executeMulti(TestNGDirectoryTestSuite.java:193)
org.apache.maven.surefire.testng.TestNGDirectoryTestSuite.execute(TestNGDirectoryTestSuite.java:94)
org.apache.maven.surefire.testng.TestNGProvider.invoke(TestNGProvider.java:145)
org.apache.maven.surefire.booter.ForkedBooter.runSuitesInProcess(ForkedBooter.java:428)
org.apache.maven.surefire.booter.ForkedBooter.execute(ForkedBooter.java:162)
org.apache.maven.surefire.booter.ForkedBooter.run(ForkedBooter.java:562)
org.apache.maven.surefire.booter.ForkedBooter.main(ForkedBooter.java:548)

Caused by: org.openqa.selenium.NoSuchElementException:
For documentation on this error, please visit: https://selenium.dev/exceptions/#no_such_element
Build info: version: '4.1.1', revision: 'e8fcc2cecf'
System info: host: 'Mac-1642060444857.local', ip: '10.213.7.57', os.name: 'Mac OS X', os.arch: 'x86_64', os.version: '11.5', java.version: '17.0.1'
Driver info: org.openqa.selenium.safari.SafariDriver
Command: [86A4F3D9-C030-457D-9C10-00890A25D313, findElement {using=id, value=bla}]
Capabilities {acceptInsecureCerts: false, browserName: Safari, browserVersion: 15.2, goog:loggingPrefs: {browser: ALL, client: ALL, driver: ALL, performance: ALL, profiler: ALL, server: ALL}, javascriptEnabled: true, pageLoadStrategy: normal, platform: MAC, platformName: MAC, safari:automaticInspection: false, safari:automaticProfiling: false, safari:diagnose: false, safari:platformBuildVersion: 20G314, safari:platformVersion: 11.6.2, safari:useSimulator: false, setWindowRect: true, strictFileInteractability: false, timeouts: {pageLoad: 30000, script: 30000}, webkit:WebRTC: {DisableICECandidateFiltering: false, DisableInsecureMediaCapture: false}}
Session ID: 86A4F3D9-C030-457D-9C10-00890A25D313
java.base/jdk.internal.reflect.NativeConstructorAccessorImpl.newInstance0(Native Method)
java.base/jdk.internal.reflect.NativeConstructorAccessorImpl.newInstance(NativeConstructorAccessorImpl.java:77)
java.base/jdk.internal.reflect.DelegatingConstructorAccessorImpl.newInstance(DelegatingConstructorAccessorImpl.java:45)
java.base/java.lang.reflect.Constructor.newInstanceWithCaller(Constructor.java:499)
java.base/java.lang.reflect.Constructor.newInstance(Constructor.java:480)
org.openqa.selenium.remote.codec.w3c.W3CHttpResponseCodec.createException(W3CHttpResponseCodec.java:200)
org.openqa.selenium.remote.codec.w3c.W3CHttpResponseCodec.decode(W3CHttpResponseCodec.java:133)
org.openqa.selenium.remote.codec.w3c.W3CHttpResponseCodec.decode(W3CHttpResponseCodec.java:53)
org.openqa.selenium.remote.HttpCommandExecutor.execute(HttpCommandExecutor.java:184)
org.openqa.selenium.remote.service.DriverCommandExecutor.invokeExecute(DriverCommandExecutor.java:167)
org.openqa.selenium.remote.service.DriverCommandExecutor.execute(DriverCommandExecutor.java:142)
org.openqa.selenium.remote.RemoteWebDriver.execute(RemoteWebDriver.java:543)
org.openqa.selenium.remote.ElementLocation$ElementFinder$2.findElement(ElementLocation.java:162)
org.openqa.selenium.remote.ElementLocation.findElement(ElementLocation.java:60)
org.openqa.selenium.remote.RemoteWebDriver.findElement(RemoteWebDriver.java:367)
org.openqa.selenium.remote.RemoteWebDriver.findElement(RemoteWebDriver.java:359)
com.shaft.gui.element.ElementActionsHelper.lambda$waitForElementPresence$0(ElementActionsHelper.java:92)
org.openqa.selenium.support.ui.FluentWait.until(FluentWait.java:208)
com.shaft.gui.element.ElementActionsHelper.waitForElementPresence(ElementActionsHelper.java:89)
com.shaft.gui.element.ElementActionsHelper.waitForElementPresence(ElementActionsHelper.java:37)
com.shaft.gui.element.WebDriverElementActions.getMatchingElementsCount(WebDriverElementActions.java:1481)
com.shaft.gui.element.WebDriverElementActions.waitForElementToBePresent(WebDriverElementActions.java:1295)
com.shaft.gui.element.ElementActions.waitForElementToBePresent(ElementActions.java:630)
unitTests.tests_element_elementActions.waitForElementToBePresent_true_expectedToFail(tests_element_elementActions.java:39)
java.base/jdk.internal.reflect.NativeMethodAccessorImpl.invoke0(Native Method)
java.base/jdk.internal.reflect.NativeMethodAccessorImpl.invoke(NativeMethodAccessorImpl.java:77)
java.base/jdk.internal.reflect.DelegatingMethodAccessorImpl.invoke(DelegatingMethodAccessorImpl.java:43)
java.base/java.lang.reflect.Method.invoke(Method.java:568)
org.testng.internal.invokers.MethodInvocationHelper.invokeMethod(MethodInvocationHelper.java:135)
org.testng.internal.invokers.TestInvoker.invokeMethod(TestInvoker.java:673)
org.testng.internal.invokers.TestInvoker.invokeTestMethod(TestInvoker.java:220)
org.testng.internal.invokers.MethodRunner.runInSequence(MethodRunner.java:50)
org.testng.internal.invokers.TestInvoker$MethodInvocationAgent.invoke(TestInvoker.java:945)
org.testng.internal.invokers.TestInvoker.invokeTestMethods(TestInvoker.java:193)
org.testng.internal.invokers.TestMethodWorker.invokeTestMethods(TestMethodWorker.java:146)
org.testng.internal.invokers.TestMethodWorker.run(TestMethodWorker.java:128)
java.base/java.util.ArrayList.forEach(ArrayList.java:1511)
org.testng.TestRunner.privateRun(TestRunner.java:808)
org.testng.TestRunner.run(TestRunner.java:603)
org.testng.SuiteRunner.runTest(SuiteRunner.java:429)
org.testng.SuiteRunner.runSequentially(SuiteRunner.java:423)
org.testng.SuiteRunner.privateRun(SuiteRunner.java:383)
org.testng.SuiteRunner.run(SuiteRunner.java:326)
org.testng.SuiteRunnerWorker.runSuite(SuiteRunnerWorker.java:52)
org.testng.SuiteRunnerWorker.run(SuiteRunnerWorker.java:95)
org.testng.TestNG.runSuitesSequentially(TestNG.java:1249)
org.testng.TestNG.runSuitesLocally(TestNG.java:1169)
org.testng.TestNG.runSuites(TestNG.java:1092)
org.testng.TestNG.run(TestNG.java:1060)
org.apache.maven.surefire.testng.TestNGExecutor.run(TestNGExecutor.java:136)
org.apache.maven.surefire.testng.TestNGDirectoryTestSuite.executeMulti(TestNGDirectoryTestSuite.java:193)
org.apache.maven.surefire.testng.TestNGDirectoryTestSuite.execute(TestNGDirectoryTestSuite.java:94)
org.apache.maven.surefire.testng.TestNGProvider.invoke(TestNGProvider.java:145)
org.apache.maven.surefire.booter.ForkedBooter.runSuitesInProcess(ForkedBooter.java:428)
org.apache.maven.surefire.booter.ForkedBooter.execute(ForkedBooter.java:162)
org.apache.maven.surefire.booter.ForkedBooter.run(ForkedBooter.java:562)
org.apache.maven.surefire.booter.ForkedBooter.main(ForkedBooter.java:548) @13-01-2022 08:05:12.0808 AM
[ReportManager] Element Action [WaitForElementToBePresent] failed. With the following test data [waited for the element's state of presence to be (true). Element locator (By.id: bla)]. @13-01-2022 08:05:12.0929 AM
[ReportManager] Successfully created attachment [Screenshot - 1642061112840_waitForElementToBePresent_true_expectedToFail_WaitForElementToBePresent_failed] @13-01-2022 08:05:12.0932 A
[ReportManager] Browser Action [CloseCurrentWindow] successfully performed. @13-01-2022 08:05:13.0171 AM
[ReportManager] Successfully created attachment [Browser Action Test Data - CloseCurrentWindow - Actual Value] @13-01-2022 08:05:13.0172 A
[ReportManager] File Action [GetAbsolutePath] successfully performed. With the following test data [Relative Folder Path: "target/downloadedFiles/"]. @13-01-2022 08:05:13.0177 AM
[ReportManager] Attempting to run locally on: [Mac-64], [Safari], Headless Execution. @13-01-2022 08:05:13.0177 AM
[ReportManager] Successfully Opened Safari. @13-01-2022 08:05:14.0165 AM
[ReportManager] Initial window size: (800, 600) @13-01-2022 08:05:14.0198 AM
[ReportManager] Window size after SWD Maximize: (1176, 803) @13-01-2022 08:05:14.0240 AM
[ReportManager] Browser Action [MaximizeWindow] successfully performed. With the following test data [New screen size is now: (1176, 803)]. @13-01-2022 08:05:14.0240 A

################################################################################################################################################
Starting Execution:	[5 out of 161] test cases in the current suite
Test Method:		[unitTests.tests_element_elementActions.waitForElementToBePresent_true_expectedToPass]
################################################################################################################################################
[ReportManager] Target URL: [https://www.google.com/ncr], and after redirection: [www.google.com] @13-01-2022 08:05:14.0246 AM
[ReportManager] Initial URL: [] @13-01-2022 08:05:14.0322 AM
[ReportManager] Browser Action [NavigateToURL] successfully performed. With the following test data [https://www.google.com/ncr]. @13-01-2022 08:05:15.0818 AM
[ReportManager] Waiting for element to be present; elementLocator [By.xpath: //*[@id='hplogo' or @alt='Google']], numberOfTries[1], stateOfPresence[true]... @13-01-2022 08:05:15.0818 AM
[ReportManager] Element Action [WaitForElementToBePresent] successfully performed. With the following test data [waited for the element's state of presence to be (true). Element locator (By.xpath: //*[@id='hplogo' or @alt='Google'])]. @13-01-2022 08:05:15.0853 AM
[ReportManager] File Action [DoesFileExist] successfully performed. With the following test data [File Path: "src/main/resources/dynamicObjectRepository/unitTests_tests_element_elementActions_waitForElementToBePresent_true_expectedToPass_By_xpath_id_hplogo_or_alt_Google.png"]. @13-01-2022 08:05:15.0863 AM
[ReportManager] File Action [DoesFileExist] successfully performed. With the following test data [File Path: "src/main/resources/dynamicObjectRepository/unitTests_tests_element_elementActions_waitForElementToBePresent_true_expectedToPass_By_xpath_id_hplogo_or_alt_Google.png"]. @13-01-2022 08:05:15.0955 AM
[ReportManager] Passing the test and saving a reference image @13-01-2022 08:05:15.0955 AM
[ReportManager] File Action [GetAbsolutePath] successfully performed. With the following test data [Relative File Path: "src/main/resources/dynamicObjectRepository/unitTests_tests_element_elementActions_waitForElementToBePresent_true_expectedToPass_By_xpath_id_hplogo_or_alt_Google.png"]. @13-01-2022 08:05:15.0956 AM
[ReportManager] File Action [WriteToFile] successfully performed. With the following test data [Target File Path: "/Users/runner/work/SHAFT_ENGINE/SHAFT_ENGINE/src/main/resources/dynamicObjectRepository/unitTests_tests_element_elementActions_waitForElementToBePresent_true_expectedToPass_By_xpath_id_hplogo_or_alt_Google.png"]. @13-01-2022 08:05:15.0957 AM
[ReportManager] Assertion Passed: Using Visual AI; OpenCV @13-01-2022 08:05:15.0960 AM
[ReportManager] Successfully created attachment [Validation Test Data - Actual Screenshot] @13-01-2022 08:05:15.0961 AM
[ReportManager] Assertion [ValidateElementMatches] PASSED. Expected [Element should match the reference screenshot] and Actual [TRUE]. Comparison Type [EXACT_OPENCV]. Validation Type [POSITIVE]. @13-01-2022 08:05:15.0961 A
[ReportManager] Browser Action [CloseCurrentWindow] successfully performed. @13-01-2022 08:05:16.0256 AM
[ReportManager] Successfully created attachment [Browser Action Test Data - CloseCurrentWindow - Actual Value] @13-01-2022 08:05:16.0257 A
[ReportManager] File Action [GetAbsolutePath] successfully performed. With the following test data [Relative Folder Path: "target/downloadedFiles/"]. @13-01-2022 08:05:16.0262 AM
[ReportManager] Attempting to run locally on: [Mac-64], [Safari], Headless Execution. @13-01-2022 08:05:16.0262 AM
[ReportManager] Successfully Opened Safari. @13-01-2022 08:05:17.0212 AM
[ReportManager] Initial window size: (800, 600) @13-01-2022 08:05:17.0218 AM
[ReportManager] Window size after SWD Maximize: (1176, 803) @13-01-2022 08:05:17.0250 AM
[ReportManager] Browser Action [MaximizeWindow] successfully performed. With the following test data [New screen size is now: (1176, 803)]. @13-01-2022 08:05:17.0251 AM
[ReportManager] Target URL: [https://duckduckgo.com] @13-01-2022 08:05:17.0252 AM
[ReportManager] Initial URL: [] @13-01-2022 08:05:17.0307 AM
[ReportManager] Browser Action [NavigateToURL] successfully performed. With the following test data [https://duckduckgo.com]. @13-01-2022 08:05:18.0114 A

################################################################################################################################################
Starting Execution:	[6 out of 161] test cases in the current suite
Test Method:		[unitTests.tests_browserActions.fullScreenWindow]
################################################################################################################################################
[ReportManager] Initial Windows Size: 1176x803 @13-01-2022 08:05:18.0121 AM
[ReportManager] Current Windows Size after fullScreen: 1176x885 @13-01-2022 08:05:18.0396 AM
[ReportManager] Browser Action [FullScreenWindow] successfully performed. @13-01-2022 08:05:18.0425 AM
[ReportManager] Successfully created attachment [Browser Action Test Data - FullScreenWindow - Actual Value] @13-01-2022 08:05:18.0428 A
[ReportManager] Target URL: [https://duckduckgo.com] @13-01-2022 08:05:18.0433 AM
[ReportManager] Initial URL: [https://duckduckgo.com] @13-01-2022 08:05:18.0514 AM
[ReportManager] Browser Action [NavigateToURL] successfully performed. With the following test data [https://duckduckgo.com]. @13-01-2022 08:05:19.0180 AM
[ReportManager] Browser Action [CloseCurrentWindow] successfully performed. @13-01-2022 08:05:19.0544 AM
[ReportManager] Successfully created attachment [Browser Action Test Data - CloseCurrentWindow - Actual Value] @13-01-2022 08:05:19.0546 A
[ReportManager] File Action [GetAbsolutePath] successfully performed. With the following test data [Relative Folder Path: "target/downloadedFiles/"]. @13-01-2022 08:05:19.0551 AM
[ReportManager] Attempting to run locally on: [Mac-64], [Safari], Headless Execution. @13-01-2022 08:05:19.0551 AM
[ReportManager] Successfully Opened Safari. @13-01-2022 08:05:20.0395 AM
[ReportManager] Initial window size: (800, 600) @13-01-2022 08:05:20.0411 AM
[ReportManager] Window size after SWD Maximize: (1176, 803) @13-01-2022 08:05:20.0449 AM
[ReportManager] Browser Action [MaximizeWindow] successfully performed. With the following test data [New screen size is now: (1176, 803)]. @13-01-2022 08:05:20.0449 AM
[ReportManager] Target URL: [https://duckduckgo.com] @13-01-2022 08:05:20.0450 AM
[ReportManager] Initial URL: [] @13-01-2022 08:05:20.0521 AM
[ReportManager] Browser Action [NavigateToURL] successfully performed. With the following test data [https://duckduckgo.com]. @13-01-2022 08:05:21.0302 A

################################################################################################################################################
Starting Execution:	[7 out of 161] test cases in the current suite
Test Method:		[unitTests.tests_browserActions.getCurrentURL]
################################################################################################################################################
[ReportManager] Browser Action [GetCurrentURL] successfully performed. With the following test data [https://duckduckgo.com/]. @13-01-2022 08:05:21.0343 A
[ReportManager] Target URL: [https://duckduckgo.com] @13-01-2022 08:05:21.0345 AM
[ReportManager] Initial URL: [https://duckduckgo.com] @13-01-2022 08:05:21.0404 AM
[ReportManager] Browser Action [NavigateToURL] successfully performed. With the following test data [https://duckduckgo.com]. @13-01-2022 08:05:21.0751 AM
[ReportManager] Browser Action [CloseCurrentWindow] successfully performed. @13-01-2022 08:05:22.0222 AM
[ReportManager] Successfully created attachment [Browser Action Test Data - CloseCurrentWindow - Actual Value] @13-01-2022 08:05:22.0225 A
[ReportManager] File Action [GetAbsolutePath] successfully performed. With the following test data [Relative Folder Path: "target/downloadedFiles/"]. @13-01-2022 08:05:22.0233 AM
[ReportManager] Attempting to run locally on: [Mac-64], [Safari], Headless Execution. @13-01-2022 08:05:22.0233 AM
[ReportManager] Successfully Opened Safari. @13-01-2022 08:05:23.0064 AM
[ReportManager] Initial window size: (800, 600) @13-01-2022 08:05:23.0076 AM
[ReportManager] Window size after SWD Maximize: (1176, 803) @13-01-2022 08:05:23.0108 AM
[ReportManager] Browser Action [MaximizeWindow] successfully performed. With the following test data [New screen size is now: (1176, 803)]. @13-01-2022 08:05:23.0109 AM
[ReportManager] Target URL: [https://duckduckgo.com] @13-01-2022 08:05:23.0109 AM
[ReportManager] Initial URL: [] @13-01-2022 08:05:23.0163 AM
[ReportManager] Browser Action [NavigateToURL] successfully performed. With the following test data [https://duckduckgo.com]. @13-01-2022 08:05:23.0907 A

################################################################################################################################################
Starting Execution:	[8 out of 161] test cases in the current suite
Test Method:		[unitTests.tests_browserActions.getCurrentWindowTitle]
################################################################################################################################################
[ReportManager] Browser Action [GetCurrentWindowTitle] successfully performed. With the following test data [DuckDuckGo â€” Privacy, simplified.]. @13-01-2022 08:05:23.0937 A
[ReportManager] Target URL: [https://duckduckgo.com] @13-01-2022 08:05:23.0940 AM
[ReportManager] Initial URL: [https://duckduckgo.com] @13-01-2022 08:05:24.0011 AM
[ReportManager] Browser Action [NavigateToURL] successfully performed. With the following test data [https://duckduckgo.com]. @13-01-2022 08:05:24.0344 AM
[ReportManager] Browser Action [CloseCurrentWindow] successfully performed. @13-01-2022 08:05:24.0671 AM
[ReportManager] Successfully created attachment [Browser Action Test Data - CloseCurrentWindow - Actual Value] @13-01-2022 08:05:24.0672 A
[ReportManager] File Action [GetAbsolutePath] successfully performed. With the following test data [Relative Folder Path: "target/downloadedFiles/"]. @13-01-2022 08:05:24.0680 AM
[ReportManager] Attempting to run locally on: [Mac-64], [Safari], Headless Execution. @13-01-2022 08:05:24.0682 AM
[ReportManager] Successfully Opened Safari. @13-01-2022 08:05:25.0553 AM
[ReportManager] Initial window size: (800, 600) @13-01-2022 08:05:25.0581 AM
[ReportManager] Window size after SWD Maximize: (1176, 803) @13-01-2022 08:05:25.0616 AM
[ReportManager] Browser Action [MaximizeWindow] successfully performed. With the following test data [New screen size is now: (1176, 803)]. @13-01-2022 08:05:25.0616 AM
[ReportManager] Target URL: [https://duckduckgo.com] @13-01-2022 08:05:25.0616 AM
[ReportManager] Initial URL: [] @13-01-2022 08:05:25.0676 AM
[ReportManager] Browser Action [NavigateToURL] successfully performed. With the following test data [https://duckduckgo.com]. @13-01-2022 08:05:26.0375 A

################################################################################################################################################
Starting Execution:	[9 out of 161] test cases in the current suite
Test Method:		[unitTests.tests_browserActions.getPageSource]
################################################################################################################################################
[ReportManager] Browser Action [GetPageSource] successfully performed. @13-01-2022 08:05:26.0442 AM
[ReportManager] Successfully created attachment [Browser Action Test Data - GetPageSource - Actual Value] @13-01-2022 08:05:26.0443 A
[ReportManager] Target URL: [https://duckduckgo.com] @13-01-2022 08:05:26.0447 AM
[ReportManager] Initial URL: [https://duckduckgo.com] @13-01-2022 08:05:26.0525 AM
[ReportManager] Browser Action [NavigateToURL] successfully performed. With the following test data [https://duckduckgo.com]. @13-01-2022 08:05:26.0908 AM
[ReportManager] Browser Action [CloseCurrentWindow] successfully performed. @13-01-2022 08:05:27.0170 AM
[ReportManager] Successfully created attachment [Browser Action Test Data - CloseCurrentWindow - Actual Value] @13-01-2022 08:05:27.0170 A
[ReportManager] File Action [GetAbsolutePath] successfully performed. With the following test data [Relative Folder Path: "target/downloadedFiles/"]. @13-01-2022 08:05:27.0174 AM
[ReportManager] Attempting to run locally on: [Mac-64], [Safari], Headless Execution. @13-01-2022 08:05:27.0174 AM
[ReportManager] Successfully Opened Safari. @13-01-2022 08:05:28.0030 AM
[ReportManager] Initial window size: (800, 600) @13-01-2022 08:05:28.0081 AM
[ReportManager] Window size after SWD Maximize: (1176, 803) @13-01-2022 08:05:28.0115 AM
[ReportManager] Browser Action [MaximizeWindow] successfully performed. With the following test data [New screen size is now: (1176, 803)]. @13-01-2022 08:05:28.0115 AM
[ReportManager] Target URL: [https://duckduckgo.com] @13-01-2022 08:05:28.0115 AM
[ReportManager] Initial URL: [] @13-01-2022 08:05:28.0175 AM
[ReportManager] Browser Action [NavigateToURL] successfully performed. With the following test data [https://duckduckgo.com]. @13-01-2022 08:05:28.0951 A

################################################################################################################################################
Starting Execution:	[10 out of 161] test cases in the current suite
Test Method:		[unitTests.tests_browserActions.getWindowHandle]
################################################################################################################################################
[ReportManager] Browser Action [GetWindowHandle] successfully performed. With the following test data [page-8A5F89C4-98BA-454F-B3B4-D9CB6CD12B49]. @13-01-2022 08:05:29.0028 A
[ReportManager] Target URL: [https://duckduckgo.com] @13-01-2022 08:05:29.0030 AM
[ReportManager] Initial URL: [https://duckduckgo.com] @13-01-2022 08:05:29.0067 AM
[ReportManager] Browser Action [NavigateToURL] successfully performed. With the following test data [https://duckduckgo.com]. @13-01-2022 08:05:29.0534 AM
[ReportManager] Browser Action [CloseCurrentWindow] successfully performed. @13-01-2022 08:05:29.0750 AM
[ReportManager] Successfully created attachment [Browser Action Test Data - CloseCurrentWindow - Actual Value] @13-01-2022 08:05:29.0750 A
[ReportManager] File Action [GetAbsolutePath] successfully performed. With the following test data [Relative Folder Path: "target/downloadedFiles/"]. @13-01-2022 08:05:29.0753 AM
[ReportManager] Attempting to run locally on: [Mac-64], [Safari], Headless Execution. @13-01-2022 08:05:29.0754 AM
[ReportManager] Successfully Opened Safari. @13-01-2022 08:05:30.0585 AM
[ReportManager] Initial window size: (800, 600) @13-01-2022 08:05:30.0604 AM
[ReportManager] Window size after SWD Maximize: (1176, 803) @13-01-2022 08:05:30.0628 AM
[ReportManager] Browser Action [MaximizeWindow] successfully performed. With the following test data [New screen size is now: (1176, 803)]. @13-01-2022 08:05:30.0629 AM
[ReportManager] Target URL: [https://duckduckgo.com] @13-01-2022 08:05:30.0629 AM
[ReportManager] Initial URL: [] @13-01-2022 08:05:30.0682 AM
[ReportManager] Browser Action [NavigateToURL] successfully performed. With the following test data [https://duckduckgo.com]. @13-01-2022 08:05:31.0285 A

################################################################################################################################################
Starting Execution:	[11 out of 161] test cases in the current suite
Test Method:		[unitTests.tests_browserActions.getWindowPosition]
################################################################################################################################################
[ReportManager] Browser Action [GetWindowPosition] successfully performed. With the following test data [(0, 25)]. @13-01-2022 08:05:31.0322 A
[ReportManager] Target URL: [https://duckduckgo.com] @13-01-2022 08:05:31.0324 AM
[ReportManager] Initial URL: [https://duckduckgo.com] @13-01-2022 08:05:31.0430 AM
[ReportManager] Browser Action [NavigateToURL] successfully performed. With the following test data [https://duckduckgo.com]. @13-01-2022 08:05:31.0791 AM
[ReportManager] Browser Action [CloseCurrentWindow] successfully performed. @13-01-2022 08:05:32.0126 AM
[ReportManager] Successfully created attachment [Browser Action Test Data - CloseCurrentWindow - Actual Value] @13-01-2022 08:05:32.0127 A
[ReportManager] File Action [GetAbsolutePath] successfully performed. With the following test data [Relative Folder Path: "target/downloadedFiles/"]. @13-01-2022 08:05:32.0129 AM
[ReportManager] Attempting to run locally on: [Mac-64], [Safari], Headless Execution. @13-01-2022 08:05:32.0130 AM
[ReportManager] Successfully Opened Safari. @13-01-2022 08:05:32.0977 AM
[ReportManager] Initial window size: (800, 600) @13-01-2022 08:05:32.0996 AM
[ReportManager] Window size after SWD Maximize: (1176, 803) @13-01-2022 08:05:33.0020 AM
[ReportManager] Browser Action [MaximizeWindow] successfully performed. With the following test data [New screen size is now: (1176, 803)]. @13-01-2022 08:05:33.0021 AM
[ReportManager] Target URL: [https://duckduckgo.com] @13-01-2022 08:05:33.0021 AM
[ReportManager] Initial URL: [] @13-01-2022 08:05:33.0092 AM
[ReportManager] Browser Action [NavigateToURL] successfully performed. With the following test data [https://duckduckgo.com]. @13-01-2022 08:05:33.0766 A

################################################################################################################################################
Starting Execution:	[12 out of 161] test cases in the current suite
Test Method:		[unitTests.tests_browserActions.getWindowSize]
################################################################################################################################################
[ReportManager] Browser Action [GetWindowSize] successfully performed. With the following test data [(1176, 803)]. @13-01-2022 08:05:33.0798 A
[ReportManager] Target URL: [https://duckduckgo.com] @13-01-2022 08:05:33.0800 AM
[ReportManager] Initial URL: [https://duckduckgo.com] @13-01-2022 08:05:33.0847 AM
[ReportManager] Browser Action [NavigateToURL] successfully performed. With the following test data [https://duckduckgo.com]. @13-01-2022 08:05:34.0206 AM
[ReportManager] Browser Action [CloseCurrentWindow] successfully performed. @13-01-2022 08:05:34.0613 AM
[ReportManager] Successfully created attachment [Browser Action Test Data - CloseCurrentWindow - Actual Value] @13-01-2022 08:05:34.0614 A
[ReportManager] File Action [GetAbsolutePath] successfully performed. With the following test data [Relative Folder Path: "target/downloadedFiles/"]. @13-01-2022 08:05:34.0618 AM
[ReportManager] Attempting to run locally on: [Mac-64], [Safari], Headless Execution. @13-01-2022 08:05:34.0618 AM
[ReportManager] Successfully Opened Safari. @13-01-2022 08:05:35.0545 AM
[ReportManager] Initial window size: (800, 600) @13-01-2022 08:05:35.0596 AM
[ReportManager] Window size after SWD Maximize: (1176, 803) @13-01-2022 08:05:35.0643 AM
[ReportManager] Browser Action [MaximizeWindow] successfully performed. With the following test data [New screen size is now: (1176, 803)]. @13-01-2022 08:05:35.0644 AM
[ReportManager] Target URL: [https://duckduckgo.com] @13-01-2022 08:05:35.0644 AM
[ReportManager] Initial URL: [] @13-01-2022 08:05:35.0707 AM
[ReportManager] Browser Action [NavigateToURL] successfully performed. With the following test data [https://duckduckgo.com]. @13-01-2022 08:05:36.0473 A

################################################################################################################################################
Starting Execution:	[13 out of 161] test cases in the current suite
Test Method:		[unitTests.tests_browserActions.maximizeWindow]
################################################################################################################################################
[ReportManager] Initial window size: (1176, 803) @13-01-2022 08:05:36.0497 AM
[ReportManager] Window size after SWD Maximize: (1176, 803) @13-01-2022 08:05:36.0507 AM
[ReportManager] Window size after Toolkit: (1920, 1080) @13-01-2022 08:05:36.0548 AM
[ReportManager] Browser Action [MaximizeWindow] successfully performed. With the following test data [New screen size is now: (1920, 1080)]. @13-01-2022 08:05:36.0554 A
[ReportManager] Target URL: [https://duckduckgo.com] @13-01-2022 08:05:36.0558 AM
[ReportManager] Initial URL: [https://duckduckgo.com] @13-01-2022 08:05:36.0619 AM
[ReportManager] Browser Action [NavigateToURL] successfully performed. With the following test data [https://duckduckgo.com]. @13-01-2022 08:05:37.0107 AM
[ReportManager] Browser Action [CloseCurrentWindow] successfully performed. @13-01-2022 08:05:37.0307 AM
[ReportManager] Successfully created attachment [Browser Action Test Data - CloseCurrentWindow - Actual Value] @13-01-2022 08:05:37.0308 A
[ReportManager] File Action [GetAbsolutePath] successfully performed. With the following test data [Relative Folder Path: "target/downloadedFiles/"]. @13-01-2022 08:05:37.0311 AM
[ReportManager] Attempting to run locally on: [Mac-64], [Safari], Headless Execution. @13-01-2022 08:05:37.0312 AM
[ReportManager] Successfully Opened Safari. @13-01-2022 08:05:38.0202 AM
[ReportManager] Initial window size: (800, 600) @13-01-2022 08:05:38.0248 AM
[ReportManager] Window size after SWD Maximize: (1176, 803) @13-01-2022 08:05:38.0290 AM
[ReportManager] Browser Action [MaximizeWindow] successfully performed. With the following test data [New screen size is now: (1176, 803)]. @13-01-2022 08:05:38.0291 AM
[ReportManager] Target URL: [https://duckduckgo.com] @13-01-2022 08:05:38.0291 AM
[ReportManager] Initial URL: [] @13-01-2022 08:05:38.0338 AM
[ReportManager] Browser Action [NavigateToURL] successfully performed. With the following test data [https://duckduckgo.com]. @13-01-2022 08:05:39.0098 A

################################################################################################################################################
Starting Execution:	[14 out of 161] test cases in the current suite
Test Method:		[unitTests.tests_browserActions.navigateBack]
################################################################################################################################################
[ReportManager] Target URL: [https://www.google.com/ncr], and after redirection: [https://www.google.com] @13-01-2022 08:05:39.0102 AM
[ReportManager] Initial URL: [https://duckduckgo.com] @13-01-2022 08:05:39.0138 AM
[ReportManager] Browser Action [NavigateToURL] successfully performed. With the following test data [https://www.google.com/ncr]. @13-01-2022 08:05:40.0486 AM
[ReportManager] Browser Action [NavigateBack] successfully performed. With the following test data [https://duckduckgo.com/]. @13-01-2022 08:05:40.0635 AM
[ReportManager] Browser Action [GetCurrentURL] successfully performed. With the following test data [https://duckduckgo.com/]. @13-01-2022 08:05:40.0656 AM
[ReportManager] Assertion Passed: Confirming that navigating back was successful @13-01-2022 08:05:40.0783 AM
[ReportManager] Successfully created attachment [Screenshot - 1642061140697_navigateBack_ValidateBrowserAttribute_passed] @13-01-2022 08:05:40.0787 AM
[ReportManager] Assertion [ValidateBrowserAttribute] PASSED. Expected [Value Should be 'https://duckduckgo.com' for the 'CurrentUrl' attribute] and Actual [https://duckduckgo.com/]. Comparison Type [CONTAINS]. Validation Type [POSITIVE]. @13-01-2022 08:05:40.0787 A
[ReportManager] Target URL: [https://duckduckgo.com] @13-01-2022 08:05:40.0793 AM
[ReportManager] Initial URL: [https://duckduckgo.com] @13-01-2022 08:05:40.0828 AM
[ReportManager] Browser Action [NavigateToURL] successfully performed. With the following test data [https://duckduckgo.com]. @13-01-2022 08:05:41.0198 AM
[ReportManager] Browser Action [CloseCurrentWindow] successfully performed. @13-01-2022 08:05:41.0562 AM
[ReportManager] Successfully created attachment [Browser Action Test Data - CloseCurrentWindow - Actual Value] @13-01-2022 08:05:41.0563 A
[ReportManager] File Action [GetAbsolutePath] successfully performed. With the following test data [Relative Folder Path: "target/downloadedFiles/"]. @13-01-2022 08:05:41.0568 AM
[ReportManager] Attempting to run locally on: [Mac-64], [Safari], Headless Execution. @13-01-2022 08:05:41.0568 AM
[ReportManager] Successfully Opened Safari. @13-01-2022 08:05:42.0655 AM
[ReportManager] Initial window size: (800, 600) @13-01-2022 08:05:42.0673 AM
[ReportManager] Window size after SWD Maximize: (1176, 803) @13-01-2022 08:05:42.0706 AM
[ReportManager] Browser Action [MaximizeWindow] successfully performed. With the following test data [New screen size is now: (1176, 803)]. @13-01-2022 08:05:42.0707 AM
[ReportManager] Target URL: [https://duckduckgo.com] @13-01-2022 08:05:42.0707 AM
[ReportManager] Initial URL: [] @13-01-2022 08:05:42.0750 AM
[ReportManager] Browser Action [NavigateToURL] successfully performed. With the following test data [https://duckduckgo.com]. @13-01-2022 08:05:43.0364 A

################################################################################################################################################
Starting Execution:	[15 out of 161] test cases in the current suite
Test Method:		[unitTests.tests_browserActions.navigateForward]
################################################################################################################################################
[ReportManager] Target URL: [https://www.google.com/ncr], and after redirection: [https://www.google.com] @13-01-2022 08:05:43.0417 AM
[ReportManager] Initial URL: [https://duckduckgo.com] @13-01-2022 08:05:43.0459 AM
[ReportManager] Browser Action [NavigateToURL] successfully performed. With the following test data [https://www.google.com/ncr]. @13-01-2022 08:05:44.0748 AM
[ReportManager] Browser Action [NavigateBack] successfully performed. With the following test data [https://duckduckgo.com/]. @13-01-2022 08:05:44.0888 AM
[ReportManager] Browser Action [NavigateForward] successfully performed. With the following test data [https://www.google.com/]. @13-01-2022 08:05:45.0074 A
[ReportManager] Target URL: [https://duckduckgo.com] @13-01-2022 08:05:45.0078 AM
[ReportManager] Initial URL: [https://www.google.com] @13-01-2022 08:05:45.0106 AM
[ReportManager] Browser Action [NavigateToURL] successfully performed. With the following test data [https://duckduckgo.com]. @13-01-2022 08:05:45.0439 AM
[ReportManager] Browser Action [CloseCurrentWindow] successfully performed. @13-01-2022 08:05:45.0687 AM
[ReportManager] Successfully created attachment [Browser Action Test Data - CloseCurrentWindow - Actual Value] @13-01-2022 08:05:45.0688 A
[ReportManager] File Action [GetAbsolutePath] successfully performed. With the following test data [Relative Folder Path: "target/downloadedFiles/"]. @13-01-2022 08:05:45.0692 AM
[ReportManager] Attempting to run locally on: [Mac-64], [Safari], Headless Execution. @13-01-2022 08:05:45.0692 AM
[ReportManager] Successfully Opened Safari. @13-01-2022 08:05:46.0580 AM
[ReportManager] Initial window size: (800, 600) @13-01-2022 08:05:46.0603 AM
[ReportManager] Window size after SWD Maximize: (1176, 803) @13-01-2022 08:05:46.0646 AM
[ReportManager] Browser Action [MaximizeWindow] successfully performed. With the following test data [New screen size is now: (1176, 803)]. @13-01-2022 08:05:46.0647 AM
[ReportManager] Target URL: [https://duckduckgo.com] @13-01-2022 08:05:46.0647 AM
[ReportManager] Initial URL: [] @13-01-2022 08:05:46.0691 AM
[ReportManager] Browser Action [NavigateToURL] successfully performed. With the following test data [https://duckduckgo.com]. @13-01-2022 08:05:47.0425 A

################################################################################################################################################
Starting Execution:	[16 out of 161] test cases in the current suite
Test Method:		[unitTests.tests_browserActions.navigateToURL]
################################################################################################################################################
[ReportManager] Target URL: [https://duckduckgo.com] @13-01-2022 08:05:47.0431 AM
[ReportManager] Initial URL: [https://duckduckgo.com] @13-01-2022 08:05:47.0476 AM
[ReportManager] Browser Action [NavigateToURL] successfully performed. With the following test data [https://duckduckgo.com]. @13-01-2022 08:05:47.0813 A
[ReportManager] Target URL: [https://duckduckgo.com] @13-01-2022 08:05:47.0819 AM
[ReportManager] Initial URL: [https://duckduckgo.com] @13-01-2022 08:05:47.0851 AM
[ReportManager] Browser Action [NavigateToURL] successfully performed. With the following test data [https://duckduckgo.com]. @13-01-2022 08:05:48.0203 AM
[ReportManager] Browser Action [CloseCurrentWindow] successfully performed. @13-01-2022 08:05:48.0592 AM
[ReportManager] Successfully created attachment [Browser Action Test Data - CloseCurrentWindow - Actual Value] @13-01-2022 08:05:48.0593 A
[ReportManager] File Action [GetAbsolutePath] successfully performed. With the following test data [Relative Folder Path: "target/downloadedFiles/"]. @13-01-2022 08:05:48.0597 AM
[ReportManager] Attempting to run locally on: [Mac-64], [Safari], Headless Execution. @13-01-2022 08:05:48.0597 AM
[ReportManager] Successfully Opened Safari. @13-01-2022 08:05:49.0535 AM
[ReportManager] Initial window size: (800, 600) @13-01-2022 08:05:49.0549 AM
[ReportManager] Window size after SWD Maximize: (1176, 803) @13-01-2022 08:05:49.0606 AM
[ReportManager] Browser Action [MaximizeWindow] successfully performed. With the following test data [New screen size is now: (1176, 803)]. @13-01-2022 08:05:49.0607 AM
[ReportManager] Target URL: [https://duckduckgo.com] @13-01-2022 08:05:49.0607 AM
[ReportManager] Initial URL: [] @13-01-2022 08:05:49.0642 AM
[ReportManager] Browser Action [NavigateToURL] successfully performed. With the following test data [https://duckduckgo.com]. @13-01-2022 08:05:50.0428 A

################################################################################################################################################
Starting Execution:	[17 out of 161] test cases in the current suite
Test Method:		[unitTests.tests_browserActions.navigateToURLWithRedirection]
################################################################################################################################################
[ReportManager] Target URL: [https://www.google.com/ncr], and after redirection: [https://www.google.com] @13-01-2022 08:05:50.0431 AM
[ReportManager] Initial URL: [https://duckduckgo.com] @13-01-2022 08:05:50.0501 AM
[ReportManager] Browser Action [NavigateToURL] successfully performed. With the following test data [https://www.google.com/ncr]. @13-01-2022 08:05:51.0794 A
[ReportManager] Target URL: [https://duckduckgo.com] @13-01-2022 08:05:51.0797 AM
[ReportManager] Initial URL: [https://www.google.com] @13-01-2022 08:05:51.0837 AM
[ReportManager] Browser Action [NavigateToURL] successfully performed. With the following test data [https://duckduckgo.com]. @13-01-2022 08:05:52.0204 AM
[ReportManager] Browser Action [CloseCurrentWindow] successfully performed. @13-01-2022 08:05:52.0594 AM
[ReportManager] Successfully created attachment [Browser Action Test Data - CloseCurrentWindow - Actual Value] @13-01-2022 08:05:52.0595 A
[ReportManager] File Action [GetAbsolutePath] successfully performed. With the following test data [Relative Folder Path: "target/downloadedFiles/"]. @13-01-2022 08:05:52.0599 AM
[ReportManager] Attempting to run locally on: [Mac-64], [Safari], Headless Execution. @13-01-2022 08:05:52.0599 AM
[ReportManager] Successfully Opened Safari. @13-01-2022 08:05:53.0451 AM
[ReportManager] Initial window size: (800, 600) @13-01-2022 08:05:53.0473 AM
[ReportManager] Window size after SWD Maximize: (1176, 803) @13-01-2022 08:05:53.0486 AM
[ReportManager] Browser Action [MaximizeWindow] successfully performed. With the following test data [New screen size is now: (1176, 803)]. @13-01-2022 08:05:53.0486 AM
[ReportManager] Target URL: [https://duckduckgo.com] @13-01-2022 08:05:53.0487 AM
[ReportManager] Initial URL: [] @13-01-2022 08:05:53.0542 AM
[ReportManager] Browser Action [NavigateToURL] successfully performed. With the following test data [https://duckduckgo.com]. @13-01-2022 08:05:54.0233 A

################################################################################################################################################
Starting Execution:	[18 out of 161] test cases in the current suite
Test Method:		[unitTests.tests_browserActions.refreshCurrentPage]
################################################################################################################################################
[ReportManager] Browser Action [RefreshCurrentPage] successfully performed. @13-01-2022 08:05:54.0483 AM
[ReportManager] Successfully created attachment [Browser Action Test Data - RefreshCurrentPage - Actual Value] @13-01-2022 08:05:54.0484 A
[ReportManager] Target URL: [https://duckduckgo.com] @13-01-2022 08:05:54.0486 AM
[ReportManager] Initial URL: [https://duckduckgo.com] @13-01-2022 08:05:54.0519 AM
[ReportManager] Browser Action [NavigateToURL] successfully performed. With the following test data [https://duckduckgo.com]. @13-01-2022 08:05:54.0848 AM
[ReportManager] Browser Action [CloseCurrentWindow] successfully performed. @13-01-2022 08:05:55.0047 AM
[ReportManager] Successfully created attachment [Browser Action Test Data - CloseCurrentWindow - Actual Value] @13-01-2022 08:05:55.0048 A
[ReportManager] File Action [GetAbsolutePath] successfully performed. With the following test data [Relative Folder Path: "target/downloadedFiles/"]. @13-01-2022 08:05:55.0051 AM
[ReportManager] Attempting to run locally on: [Mac-64], [Safari], Headless Execution. @13-01-2022 08:05:55.0051 AM
[ReportManager] Successfully Opened Safari. @13-01-2022 08:05:55.0877 AM
[ReportManager] Initial window size: (800, 600) @13-01-2022 08:05:55.0885 AM
[ReportManager] Window size after SWD Maximize: (1176, 803) @13-01-2022 08:05:55.0916 AM
[ReportManager] Browser Action [MaximizeWindow] successfully performed. With the following test data [New screen size is now: (1176, 803)]. @13-01-2022 08:05:55.0917 AM
[ReportManager] Target URL: [https://duckduckgo.com] @13-01-2022 08:05:55.0917 AM
[ReportManager] Initial URL: [] @13-01-2022 08:05:55.0997 AM
[ReportManager] Browser Action [NavigateToURL] successfully performed. With the following test data [https://duckduckgo.com]. @13-01-2022 08:05:56.0657 A

################################################################################################################################################
Starting Execution:	[19 out of 161] test cases in the current suite
Test Method:		[unitTests.tests_browserActions.setWindowSize]
################################################################################################################################################
[ReportManager] Initial window size: (1176, 803) @13-01-2022 08:05:56.0690 AM
[ReportManager] Window size after SWD: (1280, 720) @13-01-2022 08:05:56.0727 AM
[ReportManager] Browser Action [SetWindowSize] successfully performed. With the following test data [New screen size is now: (1280, 720)]. @13-01-2022 08:05:56.0728 A
[ReportManager] Target URL: [https://duckduckgo.com] @13-01-2022 08:05:56.0731 AM
[ReportManager] Initial URL: [https://duckduckgo.com] @13-01-2022 08:05:56.0773 AM
[ReportManager] Browser Action [NavigateToURL] successfully performed. With the following test data [https://duckduckgo.com]. @13-01-2022 08:05:57.0103 AM
[ReportManager] Browser Action [CloseCurrentWindow] successfully performed. @13-01-2022 08:05:57.0529 AM
[ReportManager] Successfully created attachment [Browser Action Test Data - CloseCurrentWindow - Actual Value] @13-01-2022 08:05:57.0530 A
[ReportManager] Successfully loaded the following test data file [src/test/resources/testDataFiles/testSuite01/TestData.xlsx]. @13-01-2022 08:05:58.0499 AM
[ReportManager] Successfully created attachment [Test Data - Excel] @13-01-2022 08:05:58.0499 A

################################################################################################################################################
Starting Execution:	[20 out of 161] test cases in the current suite
Test Method:		[unitTests.tests_io_excelFileManager.getCellData_rowName_expectedToPass]
################################################################################################################################################
[ReportManager] testRowData. @13-01-2022 08:05:58.0513 A

################################################################################################################################################
Starting Execution:	[21 out of 161] test cases in the current suite
Test Method:		[unitTests.tests_validations_assertions.assertComparativeRelation_greaterThanOrEquals_false_equals_expectedToFail]
################################################################################################################################################
[ReportManager] Assertion [ValidateComparativeRelation] FAILED. Expected [1] and Actual [1]. Comparison Type [GREATER_THAN_OR_EQUALS]. Validation Type [NEGATIVE]. @13-01-2022 08:05:58.0528 A

################################################################################################################################################
Starting Execution:	[22 out of 161] test cases in the current suite
Test Method:		[unitTests.tests_validations_assertions.assertComparativeRelation_greaterThanOrEquals_false_equals_expectedToPass]
################################################################################################################################################
[ReportManager] Assertion [ValidateComparativeRelation] PASSED. Expected [2] and Actual [1]. Comparison Type [GREATER_THAN_OR_EQUALS]. Validation Type [NEGATIVE]. @13-01-2022 08:05:58.0535 A

################################################################################################################################################
Starting Execution:	[23 out of 161] test cases in the current suite
Test Method:		[unitTests.tests_validations_assertions.assertComparativeRelation_greaterThanOrEquals_false_greaterThan_expectedToFail]
################################################################################################################################################
[ReportManager] Assertion [ValidateComparativeRelation] FAILED. Expected [1] and Actual [2]. Comparison Type [GREATER_THAN_OR_EQUALS]. Validation Type [NEGATIVE]. @13-01-2022 08:05:58.0540 A

################################################################################################################################################
Starting Execution:	[24 out of 161] test cases in the current suite
Test Method:		[unitTests.tests_validations_assertions.assertComparativeRelation_greaterThanOrEquals_false_greaterThan_expectedToPass]
################################################################################################################################################
[ReportManager] Assertion [ValidateComparativeRelation] PASSED. Expected [2] and Actual [1]. Comparison Type [GREATER_THAN_OR_EQUALS]. Validation Type [NEGATIVE]. @13-01-2022 08:05:58.0546 A

################################################################################################################################################
Starting Execution:	[25 out of 161] test cases in the current suite
Test Method:		[unitTests.tests_validations_assertions.assertComparativeRelation_greaterThanOrEquals_true_equals_expectedToFail]
################################################################################################################################################
[ReportManager] Assertion [ValidateComparativeRelation] FAILED. Expected [1] and Actual [0]. Comparison Type [GREATER_THAN_OR_EQUALS]. Validation Type [POSITIVE]. @13-01-2022 08:05:58.0550 A

################################################################################################################################################
Starting Execution:	[26 out of 161] test cases in the current suite
Test Method:		[unitTests.tests_validations_assertions.assertComparativeRelation_greaterThanOrEquals_true_equals_expectedToPass]
################################################################################################################################################
[ReportManager] Assertion [ValidateComparativeRelation] PASSED. Expected [1] and Actual [1]. Comparison Type [GREATER_THAN_OR_EQUALS]. Validation Type [POSITIVE]. @13-01-2022 08:05:58.0555 A

################################################################################################################################################
Starting Execution:	[27 out of 161] test cases in the current suite
Test Method:		[unitTests.tests_validations_assertions.assertComparativeRelation_greaterThanOrEquals_true_greaterThan_expectedToFail]
################################################################################################################################################
[ReportManager] Assertion [ValidateComparativeRelation] FAILED. Expected [2] and Actual [1]. Comparison Type [GREATER_THAN_OR_EQUALS]. Validation Type [POSITIVE]. @13-01-2022 08:05:58.0558 A

################################################################################################################################################
Starting Execution:	[28 out of 161] test cases in the current suite
Test Method:		[unitTests.tests_validations_assertions.assertComparativeRelation_greaterThanOrEquals_true_greaterThan_expectedToPass]
################################################################################################################################################
[ReportManager] Assertion [ValidateComparativeRelation] PASSED. Expected [1] and Actual [2]. Comparison Type [GREATER_THAN_OR_EQUALS]. Validation Type [POSITIVE]. @13-01-2022 08:05:58.0562 A
[ReportManager] File Action [GetAbsolutePath] successfully performed. With the following test data [Relative Folder Path: "target/downloadedFiles/"]. @13-01-2022 08:05:58.0565 AM
[ReportManager] Attempting to run locally on: [Mac-64], [Safari], Headless Execution. @13-01-2022 08:05:58.0566 AM
[ReportManager] Successfully Opened Safari. @13-01-2022 08:05:59.0468 AM
[ReportManager] Initial window size: (800, 600) @13-01-2022 08:05:59.0479 AM
[ReportManager] Window size after SWD Maximize: (1176, 803) @13-01-2022 08:05:59.0513 AM
[ReportManager] Browser Action [MaximizeWindow] successfully performed. With the following test data [New screen size is now: (1176, 803)]. @13-01-2022 08:05:59.0513 AM
[ReportManager] Target URL: [https://www.google.com/ncr], and after redirection: [www.google.com] @13-01-2022 08:05:59.0514 AM
[ReportManager] Initial URL: [] @13-01-2022 08:05:59.0555 AM
[ReportManager] Browser Action [NavigateToURL] successfully performed. With the following test data [https://www.google.com/ncr]. @13-01-2022 08:06:00.0901 A

################################################################################################################################################
Starting Execution:	[29 out of 161] test cases in the current suite
Test Method:		[unitTests.tests_validations_assertions.assertElementAttribute_false_caseInsensitiveComparison_expectedToFail]
################################################################################################################################################
[ReportManager] Element Action [Type] successfully performed. With the following test data [AUTOMATION]. @13-01-2022 08:06:01.0170 AM
[ReportManager] Element Action [GetText] successfully performed. With the following test data [AUTOMATION]. @13-01-2022 08:06:01.0279 AM
[ReportManager] Assertion [ValidateElementAttribute] FAILED. Expected [Value Should not be 'AutomaTion' for the 'text' attribute, element locator 'By.name: q'] and Actual [AUTOMATION]. Comparison Type [CASE_INSENSITIVE]. Validation Type [NEGATIVE]. @13-01-2022 08:06:01.0668 AM
[ReportManager] Successfully created attachment [Screenshot - 1642061161569_assertElementAttribute_false_caseInsensitiveComparison_expectedToFail_ValidateElementAttribute_failed] @13-01-2022 08:06:01.0671 A
[ReportManager] Browser Action [CloseCurrentWindow] successfully performed. @13-01-2022 08:06:02.0100 AM
[ReportManager] Successfully created attachment [Browser Action Test Data - CloseCurrentWindow - Actual Value] @13-01-2022 08:06:02.0101 A
[ReportManager] File Action [GetAbsolutePath] successfully performed. With the following test data [Relative Folder Path: "target/downloadedFiles/"]. @13-01-2022 08:06:02.0106 AM
[ReportManager] Attempting to run locally on: [Mac-64], [Safari], Headless Execution. @13-01-2022 08:06:02.0106 AM
[ReportManager] Successfully Opened Safari. @13-01-2022 08:06:02.0949 AM
[ReportManager] Initial window size: (800, 600) @13-01-2022 08:06:02.0980 AM
[ReportManager] Window size after SWD Maximize: (1176, 803) @13-01-2022 08:06:03.0011 AM
[ReportManager] Browser Action [MaximizeWindow] successfully performed. With the following test data [New screen size is now: (1176, 803)]. @13-01-2022 08:06:03.0012 AM
[ReportManager] Target URL: [https://www.google.com/ncr], and after redirection: [www.google.com] @13-01-2022 08:06:03.0012 AM
[ReportManager] Initial URL: [] @13-01-2022 08:06:03.0063 AM
[ReportManager] Browser Action [NavigateToURL] successfully performed. With the following test data [https://www.google.com/ncr]. @13-01-2022 08:06:04.0249 A

################################################################################################################################################
Starting Execution:	[30 out of 161] test cases in the current suite
Test Method:		[unitTests.tests_validations_assertions.assertElementAttribute_false_caseInsensitiveComparison_expectedToPass]
################################################################################################################################################
[ReportManager] Element Action [Type] successfully performed. With the following test data [AUTOMATION]. @13-01-2022 08:06:04.0502 AM
[ReportManager] Element Action [GetText] successfully performed. With the following test data [AUTOMATION]. @13-01-2022 08:06:04.0643 AM
[ReportManager] Assertion [ValidateElementAttribute] PASSED. Expected [Value Should not be 'AutomaTion123' for the 'text' attribute, element locator 'By.name: q'] and Actual [AUTOMATION]. Comparison Type [CASE_INSENSITIVE]. Validation Type [NEGATIVE]. @13-01-2022 08:06:04.0826 AM
[ReportManager] Successfully created attachment [Screenshot - 1642061164758_assertElementAttribute_false_caseInsensitiveComparison_expectedToPass_ValidateElementAttribute_passed] @13-01-2022 08:06:04.0828 A
[ReportManager] Browser Action [CloseCurrentWindow] successfully performed. @13-01-2022 08:06:05.0178 AM
[ReportManager] Successfully created attachment [Browser Action Test Data - CloseCurrentWindow - Actual Value] @13-01-2022 08:06:05.0220 A
[ReportManager] File Action [GetAbsolutePath] successfully performed. With the following test data [Relative Folder Path: "target/downloadedFiles/"]. @13-01-2022 08:06:05.0224 AM
[ReportManager] Attempting to run locally on: [Mac-64], [Safari], Headless Execution. @13-01-2022 08:06:05.0224 AM
[ReportManager] Successfully Opened Safari. @13-01-2022 08:06:06.0050 AM
[ReportManager] Initial window size: (800, 600) @13-01-2022 08:06:06.0073 AM
[ReportManager] Window size after SWD Maximize: (1176, 803) @13-01-2022 08:06:06.0091 AM
[ReportManager] Browser Action [MaximizeWindow] successfully performed. With the following test data [New screen size is now: (1176, 803)]. @13-01-2022 08:06:06.0091 AM
[ReportManager] Target URL: [https://www.google.com/ncr], and after redirection: [www.google.com] @13-01-2022 08:06:06.0091 AM
[ReportManager] Initial URL: [] @13-01-2022 08:06:06.0152 AM
[ReportManager] Browser Action [NavigateToURL] successfully performed. With the following test data [https://www.google.com/ncr]. @13-01-2022 08:06:07.0466 A

################################################################################################################################################
Starting Execution:	[31 out of 161] test cases in the current suite
Test Method:		[unitTests.tests_validations_assertions.assertElementAttribute_false_containsComparison_expectedToFail]
################################################################################################################################################
[ReportManager] Element Action [Type] successfully performed. With the following test data [Automation123]. @13-01-2022 08:06:07.0741 AM
[ReportManager] Element Action [GetText] successfully performed. With the following test data [Automation123]. @13-01-2022 08:06:07.0839 AM
[ReportManager] Assertion [ValidateElementAttribute] FAILED. Expected [Value Should not be 'Automation' for the 'text' attribute, element locator 'By.name: q'] and Actual [Automation123]. Comparison Type [CONTAINS]. Validation Type [NEGATIVE]. @13-01-2022 08:06:08.0023 AM
[ReportManager] Successfully created attachment [Screenshot - 1642061167957_assertElementAttribute_false_containsComparison_expectedToFail_ValidateElementAttribute_failed] @13-01-2022 08:06:08.0024 A
[ReportManager] Browser Action [CloseCurrentWindow] successfully performed. @13-01-2022 08:06:08.0257 AM
[ReportManager] Successfully created attachment [Browser Action Test Data - CloseCurrentWindow - Actual Value] @13-01-2022 08:06:08.0258 A
[ReportManager] File Action [GetAbsolutePath] successfully performed. With the following test data [Relative Folder Path: "target/downloadedFiles/"]. @13-01-2022 08:06:08.0261 AM
[ReportManager] Attempting to run locally on: [Mac-64], [Safari], Headless Execution. @13-01-2022 08:06:08.0262 AM
[ReportManager] An Exception Occured with this Message: Could not start a new session. Possible causes are invalid address of the remote server or browser start-up failure.. @13-01-2022 08:06:08.0609 AM
[ReportManager] Successfully created attachment [Exception Stack Trace - org.openqa.selenium.SessionNotCreatedException] @13-01-2022 08:06:08.0610 AM
[ReportManager] Driver Factory Action [createNewLocalDriverInstanceForSafari] failed. With the following test data [Failed to create a session on DESKTOP_SAFARI]. @13-01-2022 08:06:08.0610 A

################################################################################################################################################
Starting Execution:	[32 out of 161] test cases in the current suite
Test Method:		[unitTests.tests_validations_assertions.assertElementAttribute_false_containsComparison_expectedToPass]
###############################################################################################################################################



################################################################################################################################################
Starting Execution:	[33 out of 161] test cases in the current suite
Test Method:		[unitTests.tests_validations_assertions.assertElementAttribute_false_literalComparison_expectedToFail]
###############################################################################################################################################



################################################################################################################################################
Starting Execution:	[34 out of 161] test cases in the current suite
Test Method:		[unitTests.tests_validations_assertions.assertElementAttribute_false_literalComparison_expectedToPass]
###############################################################################################################################################



################################################################################################################################################
Starting Execution:	[35 out of 161] test cases in the current suite
Test Method:		[unitTests.tests_validations_assertions.assertElementAttribute_false_regexComparison_expectedToFail]
###############################################################################################################################################



################################################################################################################################################
Starting Execution:	[36 out of 161] test cases in the current suite
Test Method:		[unitTests.tests_validations_assertions.assertElementAttribute_false_regexComparison_expectedToPass]
###############################################################################################################################################



################################################################################################################################################
Starting Execution:	[37 out of 161] test cases in the current suite
Test Method:		[unitTests.tests_validations_assertions.assertElementAttribute_true_caseInsensitiveComparison_expectedToFail]
###############################################################################################################################################



################################################################################################################################################
Starting Execution:	[38 out of 161] test cases in the current suite
Test Method:		[unitTests.tests_validations_assertions.assertElementAttribute_true_caseInsensitiveComparison_expectedToPass]
###############################################################################################################################################



################################################################################################################################################
Starting Execution:	[39 out of 161] test cases in the current suite
Test Method:		[unitTests.tests_validations_assertions.assertElementAttribute_true_containsComparison_expectedToFail]
###############################################################################################################################################



################################################################################################################################################
Starting Execution:	[40 out of 161] test cases in the current suite
Test Method:		[unitTests.tests_validations_assertions.assertElementAttribute_true_containsComparison_expectedToPass]
###############################################################################################################################################



################################################################################################################################################
Starting Execution:	[41 out of 161] test cases in the current suite
Test Method:		[unitTests.tests_validations_assertions.assertElementAttribute_true_literalComparison_expectedToFail]
###############################################################################################################################################



################################################################################################################################################
Starting Execution:	[42 out of 161] test cases in the current suite
Test Method:		[unitTests.tests_validations_assertions.assertElementAttribute_true_literalComparison_expectedToPass]
###############################################################################################################################################



################################################################################################################################################
Starting Execution:	[43 out of 161] test cases in the current suite
Test Method:		[unitTests.tests_validations_assertions.assertElementAttribute_true_regexComparison_expectedToFail]
###############################################################################################################################################



################################################################################################################################################
Starting Execution:	[44 out of 161] test cases in the current suite
Test Method:		[unitTests.tests_validations_assertions.assertElementAttribute_true_regexComparison_expectedToPass]
###############################################################################################################################################



################################################################################################################################################
Starting Execution:	[45 out of 161] test cases in the current suite
Test Method:		[unitTests.tests_validations_assertions.assertElementAttribute_type_true_literalComparison_expectedToPass]
###############################################################################################################################################



################################################################################################################################################
Starting Execution:	[46 out of 161] test cases in the current suite
Test Method:		[unitTests.tests_validations_assertions.assertElementExists_false_expectedToFail]
###############################################################################################################################################



################################################################################################################################################
Starting Execution:	[47 out of 161] test cases in the current suite
Test Method:		[unitTests.tests_validations_assertions.assertElementExists_false_expectedToPass]
###############################################################################################################################################



################################################################################################################################################
Starting Execution:	[48 out of 161] test cases in the current suite
Test Method:		[unitTests.tests_validations_assertions.assertElementExists_false_multipleElementsFound_expectedToFail]
###############################################################################################################################################



################################################################################################################################################
Starting Execution:	[49 out of 161] test cases in the current suite
Test Method:		[unitTests.tests_validations_assertions.assertElementExists_true_expectedToFail]
###############################################################################################################################################



################################################################################################################################################
Starting Execution:	[50 out of 161] test cases in the current suite
Test Method:		[unitTests.tests_validations_assertions.assertElementExists_true_expectedToPass]
###############################################################################################################################################



################################################################################################################################################
Starting Execution:	[51 out of 161] test cases in the current suite
Test Method:		[unitTests.tests_validations_assertions.assertElementExists_true_multipleElementsFound_expectedToFail]
###############################################################################################################################################


################################################################################################################################################
Starting Execution:	[52 out of 161] test cases in the current suite
Test Method:		[unitTests.tests_validations_assertions.assertEquals_false_expectedToFail]
###############################################################################################################################################

################################################################################################################################################
Starting Execution:	[53 out of 161] test cases in the current suite
Test Method:		[unitTests.tests_validations_assertions.assertEquals_false_expectedToPass]
###############################################################################################################################################

################################################################################################################################################
Starting Execution:	[54 out of 161] test cases in the current suite
Test Method:		[unitTests.tests_validations_assertions.assertEquals_longCharacters]
###############################################################################################################################################

################################################################################################################################################
Starting Execution:	[55 out of 161] test cases in the current suite
Test Method:		[unitTests.tests_validations_assertions.assertEquals_longCharacters_Discreet]
###############################################################################################################################################

################################################################################################################################################
Starting Execution:	[56 out of 161] test cases in the current suite
Test Method:		[unitTests.tests_validations_assertions.assertEquals_true_expectedToFail]
###############################################################################################################################################

################################################################################################################################################
Starting Execution:	[57 out of 161] test cases in the current suite
Test Method:		[unitTests.tests_validations_assertions.assertEquals_true_expectedToPass]
Test Description:	[Assert that assertEquals works as expected when the two values are equal.]
###############################################################################################################################################

################################################################################################################################################
Starting Execution:	[58 out of 161] test cases in the current suite
Test Method:		[unitTests.tests_validations_assertions.assertEquals_true_expectedToPass__]
###############################################################################################################################################

################################################################################################################################################
Starting Execution:	[59 out of 161] test cases in the current suite
Test Method:		[unitTests.tests_validations_assertions.assertFileExists_false_expectedToFail]
###############################################################################################################################################

################################################################################################################################################
Starting Execution:	[60 out of 161] test cases in the current suite
Test Method:		[unitTests.tests_validations_assertions.assertFileExists_false_expectedToPass]
###############################################################################################################################################

################################################################################################################################################
Starting Execution:	[61 out of 161] test cases in the current suite
Test Method:		[unitTests.tests_validations_assertions.assertFileExists_true_expectedToFail]
###############################################################################################################################################

################################################################################################################################################
Starting Execution:	[62 out of 161] test cases in the current suite
Test Method:		[unitTests.tests_validations_assertions.assertFileExists_true_expectedToPass]
###############################################################################################################################################

################################################################################################################################################
Starting Execution:	[63 out of 161] test cases in the current suite
Test Method:		[unitTests.tests_validations_assertions.assertNull_false_expectedToFail]
###############################################################################################################################################

################################################################################################################################################
Starting Execution:	[64 out of 161] test cases in the current suite
Test Method:		[unitTests.tests_validations_assertions.assertNull_false_expectedToPass]
###############################################################################################################################################

################################################################################################################################################
Starting Execution:	[65 out of 161] test cases in the current suite
Test Method:		[unitTests.tests_validations_assertions.assertNull_true_expectedToFail]
###############################################################################################################################################

################################################################################################################################################
Starting Execution:	[66 out of 161] test cases in the current suite
Test Method:		[unitTests.tests_validations_assertions.assertNull_true_expectedToPass]
###############################################################################################################################################

################################################################################################################################################
Starting Execution:	[67 out of 161] test cases in the current suite
Test Method:		[unitTests.tests_restActions.getPostsAndAssertBodyForSpecificTitle]
################################################################################################################################################
[ReportManager] Response status code: [200], status line: [HTTP/1.1 200 OK] @13-01-2022 08:06:12.0397 AM
[ReportManager] Assertion Passed: Evaluating the actual response status code against the expected one... @13-01-2022 08:06:12.0403 AM
[ReportManager] Assertion [ValidateComparativeRelation] PASSED. Expected [200] and Actual [200]. Comparison Type [EQUALS]. Validation Type [POSITIVE]. @13-01-2022 08:06:12.0404 AM
[ReportManager] API Action [PerformRequest] successfully performed. With the following test data [Request Type: "GET" | Target Status Code: "200" | Service URL: "https://jsonplaceholder.typicode.com/posts" | Content Type: "*/*" | Response Time: "676ms"]. @13-01-2022 08:06:13.0517 AM
[ReportManager] Successfully created attachment [API Request - Specifications] @13-01-2022 08:06:13.0518 AM
[ReportManager] Successfully created attachment [API Response - JSON Body] @13-01-2022 08:06:13.0743 AM
[ReportManager] API Action [GetResponseJSONValueAsList] successfully performed. @13-01-2022 08:06:13.0770 AM
[ReportManager] API Action [GetResponseJSONValue] successfully performed. With the following test data [title]. @13-01-2022 08:06:13.0793 AM
[ReportManager] API Action [GetResponseJSONValue] successfully performed. With the following test data [title]. @13-01-2022 08:06:13.0809 AM
[ReportManager] API Action [GetResponseJSONValue] successfully performed. With the following test data [body]. @13-01-2022 08:06:13.0824 AM
[ReportManager] Assertion [ValidateEquals] PASSED. Expected [qui neque nisi nulla] and Actual [est rerum tempore vitae
sequi sint nihil reprehenderit dolor beatae ea dolores neque
fugiat blanditiis voluptate porro vel nihil molestiae ut reiciendis
qui aperiam non debitis possimus qui neque nisi nulla]. Comparison Type [CONTAINS]. Validation Type [POSITIVE]. @13-01-2022 08:06:13.0825 AM
[ReportManager] API Action [GetResponseJSONValue] successfully performed. With the following test data [title]. @13-01-2022 08:06:13.0839 AM
[ReportManager] API Action [GetResponseJSONValue] successfully performed. With the following test data [title]. @13-01-2022 08:06:13.0855 AM
[ReportManager] API Action [GetResponseJSONValue] successfully performed. With the following test data [title]. @13-01-2022 08:06:13.0869 AM
[ReportManager] API Action [GetResponseJSONValue] successfully performed. With the following test data [title]. @13-01-2022 08:06:13.0882 AM
[ReportManager] API Action [GetResponseJSONValue] successfully performed. With the following test data [title]. @13-01-2022 08:06:13.0898 AM
[ReportManager] API Action [GetResponseJSONValue] successfully performed. With the following test data [title]. @13-01-2022 08:06:13.0912 AM
[ReportManager] API Action [GetResponseJSONValue] successfully performed. With the following test data [title]. @13-01-2022 08:06:13.0928 AM
[ReportManager] API Action [GetResponseJSONValue] successfully performed. With the following test data [title]. @13-01-2022 08:06:13.0943 AM
[ReportManager] API Action [GetResponseJSONValue] successfully performed. With the following test data [title]. @13-01-2022 08:06:13.0958 AM
[ReportManager] API Action [GetResponseJSONValue] successfully performed. With the following test data [title]. @13-01-2022 08:06:13.0972 AM
[ReportManager] API Action [GetResponseJSONValue] successfully performed. With the following test data [title]. @13-01-2022 08:06:13.0989 AM
[ReportManager] API Action [GetResponseJSONValue] successfully performed. With the following test data [title]. @13-01-2022 08:06:14.0005 AM
[ReportManager] API Action [GetResponseJSONValue] successfully performed. With the following test data [title]. @13-01-2022 08:06:14.0018 AM
[ReportManager] API Action [GetResponseJSONValue] successfully performed. With the following test data [title]. @13-01-2022 08:06:14.0032 AM
[ReportManager] API Action [GetResponseJSONValue] successfully performed. With the following test data [title]. @13-01-2022 08:06:14.0048 AM
[ReportManager] API Action [GetResponseJSONValue] successfully performed. With the following test data [title]. @13-01-2022 08:06:14.0064 AM
[ReportManager] API Action [GetResponseJSONValue] successfully performed. With the following test data [title]. @13-01-2022 08:06:14.0077 AM
[ReportManager] API Action [GetResponseJSONValue] successfully performed. With the following test data [title]. @13-01-2022 08:06:14.0093 AM
[ReportManager] API Action [GetResponseJSONValue] successfully performed. With the following test data [title]. @13-01-2022 08:06:14.0107 AM
[ReportManager] API Action [GetResponseJSONValue] successfully performed. With the following test data [title]. @13-01-2022 08:06:14.0119 AM
[ReportManager] API Action [GetResponseJSONValue] successfully performed. With the following test data [title]. @13-01-2022 08:06:14.0132 AM
[ReportManager] API Action [GetResponseJSONValue] successfully performed. With the following test data [title]. @13-01-2022 08:06:14.0146 AM
[ReportManager] API Action [GetResponseJSONValue] successfully performed. With the following test data [title]. @13-01-2022 08:06:14.0158 AM
[ReportManager] API Action [GetResponseJSONValue] successfully performed. With the following test data [title]. @13-01-2022 08:06:14.0170 AM
[ReportManager] API Action [GetResponseJSONValue] successfully performed. With the following test data [title]. @13-01-2022 08:06:14.0182 AM
[ReportManager] API Action [GetResponseJSONValue] successfully performed. With the following test data [title]. @13-01-2022 08:06:14.0196 AM
[ReportManager] API Action [GetResponseJSONValue] successfully performed. With the following test data [title]. @13-01-2022 08:06:14.0209 AM
[ReportManager] API Action [GetResponseJSONValue] successfully performed. With the following test data [title]. @13-01-2022 08:06:14.0223 AM
[ReportManager] API Action [GetResponseJSONValue] successfully performed. With the following test data [title]. @13-01-2022 08:06:14.0235 AM
[ReportManager] API Action [GetResponseJSONValue] successfully performed. With the following test data [title]. @13-01-2022 08:06:14.0249 AM
[ReportManager] API Action [GetResponseJSONValue] successfully performed. With the following test data [title]. @13-01-2022 08:06:14.0285 AM
[ReportManager] API Action [GetResponseJSONValue] successfully performed. With the following test data [title]. @13-01-2022 08:06:14.0298 AM
[ReportManager] API Action [GetResponseJSONValue] successfully performed. With the following test data [title]. @13-01-2022 08:06:14.0310 AM
[ReportManager] API Action [GetResponseJSONValue] successfully performed. With the following test data [title]. @13-01-2022 08:06:14.0322 AM
[ReportManager] API Action [GetResponseJSONValue] successfully performed. With the following test data [title]. @13-01-2022 08:06:14.0337 AM
[ReportManager] API Action [GetResponseJSONValue] successfully performed. With the following test data [title]. @13-01-2022 08:06:14.0351 AM
[ReportManager] API Action [GetResponseJSONValue] successfully performed. With the following test data [title]. @13-01-2022 08:06:14.0363 AM
[ReportManager] API Action [GetResponseJSONValue] successfully performed. With the following test data [title]. @13-01-2022 08:06:14.0377 AM
[ReportManager] API Action [GetResponseJSONValue] successfully performed. With the following test data [title]. @13-01-2022 08:06:14.0393 AM
[ReportManager] API Action [GetResponseJSONValue] successfully performed. With the following test data [title]. @13-01-2022 08:06:14.0406 AM
[ReportManager] API Action [GetResponseJSONValue] successfully performed. With the following test data [title]. @13-01-2022 08:06:14.0419 AM
[ReportManager] API Action [GetResponseJSONValue] successfully performed. With the following test data [title]. @13-01-2022 08:06:14.0432 AM
[ReportManager] API Action [GetResponseJSONValue] successfully performed. With the following test data [title]. @13-01-2022 08:06:14.0444 AM
[ReportManager] API Action [GetResponseJSONValue] successfully performed. With the following test data [title]. @13-01-2022 08:06:14.0458 AM
[ReportManager] API Action [GetResponseJSONValue] successfully performed. With the following test data [title]. @13-01-2022 08:06:14.0470 AM
[ReportManager] API Action [GetResponseJSONValue] successfully performed. With the following test data [title]. @13-01-2022 08:06:14.0484 AM
[ReportManager] API Action [GetResponseJSONValue] successfully performed. With the following test data [title]. @13-01-2022 08:06:14.0496 AM
[ReportManager] API Action [GetResponseJSONValue] successfully performed. With the following test data [title]. @13-01-2022 08:06:14.0509 AM
[ReportManager] API Action [GetResponseJSONValue] successfully performed. With the following test data [title]. @13-01-2022 08:06:14.0521 AM
[ReportManager] API Action [GetResponseJSONValue] successfully performed. With the following test data [title]. @13-01-2022 08:06:14.0534 AM
[ReportManager] API Action [GetResponseJSONValue] successfully performed. With the following test data [title]. @13-01-2022 08:06:14.0547 AM
[ReportManager] API Action [GetResponseJSONValue] successfully performed. With the following test data [title]. @13-01-2022 08:06:14.0560 AM
[ReportManager] API Action [GetResponseJSONValue] successfully performed. With the following test data [title]. @13-01-2022 08:06:14.0572 AM
[ReportManager] API Action [GetResponseJSONValue] successfully performed. With the following test data [title]. @13-01-2022 08:06:14.0584 AM
[ReportManager] API Action [GetResponseJSONValue] successfully performed. With the following test data [title]. @13-01-2022 08:06:14.0597 AM
[ReportManager] API Action [GetResponseJSONValue] successfully performed. With the following test data [title]. @13-01-2022 08:06:14.0608 AM
[ReportManager] API Action [GetResponseJSONValue] successfully performed. With the following test data [title]. @13-01-2022 08:06:14.0621 AM
[ReportManager] API Action [GetResponseJSONValue] successfully performed. With the following test data [title]. @13-01-2022 08:06:14.0634 AM
[ReportManager] API Action [GetResponseJSONValue] successfully performed. With the following test data [title]. @13-01-2022 08:06:14.0648 AM
[ReportManager] API Action [GetResponseJSONValue] successfully performed. With the following test data [title]. @13-01-2022 08:06:14.0679 AM
[ReportManager] API Action [GetResponseJSONValue] successfully performed. With the following test data [title]. @13-01-2022 08:06:14.0692 AM
[ReportManager] API Action [GetResponseJSONValue] successfully performed. With the following test data [title]. @13-01-2022 08:06:14.0704 AM
[ReportManager] API Action [GetResponseJSONValue] successfully performed. With the following test data [title]. @13-01-2022 08:06:14.0718 AM
[ReportManager] API Action [GetResponseJSONValue] successfully performed. With the following test data [title]. @13-01-2022 08:06:14.0732 AM
[ReportManager] API Action [GetResponseJSONValue] successfully performed. With the following test data [title]. @13-01-2022 08:06:14.0745 AM
[ReportManager] API Action [GetResponseJSONValue] successfully performed. With the following test data [title]. @13-01-2022 08:06:14.0757 AM
[ReportManager] API Action [GetResponseJSONValue] successfully performed. With the following test data [title]. @13-01-2022 08:06:14.0768 AM
[ReportManager] API Action [GetResponseJSONValue] successfully performed. With the following test data [title]. @13-01-2022 08:06:14.0781 AM
[ReportManager] API Action [GetResponseJSONValue] successfully performed. With the following test data [title]. @13-01-2022 08:06:14.0794 AM
[ReportManager] API Action [GetResponseJSONValue] successfully performed. With the following test data [title]. @13-01-2022 08:06:14.0806 AM
[ReportManager] API Action [GetResponseJSONValue] successfully performed. With the following test data [title]. @13-01-2022 08:06:14.0818 AM
[ReportManager] API Action [GetResponseJSONValue] successfully performed. With the following test data [title]. @13-01-2022 08:06:14.0832 AM
[ReportManager] API Action [GetResponseJSONValue] successfully performed. With the following test data [title]. @13-01-2022 08:06:14.0845 AM
[ReportManager] API Action [GetResponseJSONValue] successfully performed. With the following test data [title]. @13-01-2022 08:06:14.0856 AM
[ReportManager] API Action [GetResponseJSONValue] successfully performed. With the following test data [title]. @13-01-2022 08:06:14.0869 AM
[ReportManager] API Action [GetResponseJSONValue] successfully performed. With the following test data [title]. @13-01-2022 08:06:14.0881 AM
[ReportManager] API Action [GetResponseJSONValue] successfully performed. With the following test data [title]. @13-01-2022 08:06:14.0893 AM
[ReportManager] API Action [GetResponseJSONValue] successfully performed. With the following test data [title]. @13-01-2022 08:06:14.0906 AM
[ReportManager] API Action [GetResponseJSONValue] successfully performed. With the following test data [title]. @13-01-2022 08:06:14.0918 AM
[ReportManager] API Action [GetResponseJSONValue] successfully performed. With the following test data [title]. @13-01-2022 08:06:14.0930 AM
[ReportManager] API Action [GetResponseJSONValue] successfully performed. With the following test data [title]. @13-01-2022 08:06:14.0943 AM
[ReportManager] API Action [GetResponseJSONValue] successfully performed. With the following test data [title]. @13-01-2022 08:06:14.0955 AM
[ReportManager] API Action [GetResponseJSONValue] successfully performed. With the following test data [title]. @13-01-2022 08:06:14.0969 AM
[ReportManager] API Action [GetResponseJSONValue] successfully performed. With the following test data [title]. @13-01-2022 08:06:14.0981 AM
[ReportManager] API Action [GetResponseJSONValue] successfully performed. With the following test data [title]. @13-01-2022 08:06:14.0993 AM
[ReportManager] API Action [GetResponseJSONValue] successfully performed. With the following test data [title]. @13-01-2022 08:06:15.0005 AM
[ReportManager] API Action [GetResponseJSONValue] successfully performed. With the following test data [title]. @13-01-2022 08:06:15.0017 AM
[ReportManager] API Action [GetResponseJSONValue] successfully performed. With the following test data [title]. @13-01-2022 08:06:15.0028 AM
[ReportManager] API Action [GetResponseJSONValue] successfully performed. With the following test data [title]. @13-01-2022 08:06:15.0040 AM
[ReportManager] API Action [GetResponseJSONValue] successfully performed. With the following test data [title]. @13-01-2022 08:06:15.0052 AM
[ReportManager] API Action [GetResponseJSONValue] successfully performed. With the following test data [title]. @13-01-2022 08:06:15.0063 AM
[ReportManager] API Action [GetResponseJSONValue] successfully performed. With the following test data [title]. @13-01-2022 08:06:15.0076 AM
[ReportManager] API Action [GetResponseJSONValue] successfully performed. With the following test data [title]. @13-01-2022 08:06:15.0089 AM
[ReportManager] API Action [GetResponseJSONValue] successfully performed. With the following test data [title]. @13-01-2022 08:06:15.0102 AM
[ReportManager] API Action [GetResponseJSONValue] successfully performed. With the following test data [title]. @13-01-2022 08:06:15.0116 AM
[ReportManager] API Action [GetResponseJSONValue] successfully performed. With the following test data [title]. @13-01-2022 08:06:15.0128 AM
[ReportManager] API Action [GetResponseJSONValue] successfully performed. With the following test data [title]. @13-01-2022 08:06:15.0139 AM
[ReportManager] API Action [GetResponseJSONValue] successfully performed. With the following test data [title]. @13-01-2022 08:06:15.0151 A

################################################################################################################################################
Starting Execution:	[68 out of 161] test cases in the current suite
Test Method:		[unitTests.tests_restActions.validateUserEmail]
################################################################################################################################################
[ReportManager] Response status code: [200], status line: [HTTP/1.1 200 OK] @13-01-2022 08:06:15.0206 AM
[ReportManager] Assertion Passed: Evaluating the actual response status code against the expected one... @13-01-2022 08:06:15.0206 AM
[ReportManager] Assertion [ValidateComparativeRelation] PASSED. Expected [200] and Actual [200]. Comparison Type [EQUALS]. Validation Type [POSITIVE]. @13-01-2022 08:06:15.0206 AM
[ReportManager] API Action [PerformRequest] successfully performed. With the following test data [Request Type: "GET" | Target Status Code: "200" | Service URL: "https://jsonplaceholder.typicode.com/users" | Content Type: "*/*" | Response Time: "45ms"]. @13-01-2022 08:06:15.0225 AM
[ReportManager] Successfully created attachment [API Request - Specifications] @13-01-2022 08:06:15.0226 AM
[ReportManager] Successfully created attachment [API Response - JSON Body] @13-01-2022 08:06:15.0227 AM
[ReportManager] Assertion [ValidateEquals] PASSED. Expected and Actual values are attached. Comparison Type [CONTAINS]. Validation Type [POSITIVE]. @13-01-2022 08:06:15.0227 AM
[ReportManager] Successfully created attachment [Validation Test Data - Expected Value] @13-01-2022 08:06:15.0228 AM
[ReportManager] Successfully created attachment [Validation Test Data - Actual Value] @13-01-2022 08:06:15.0228 AM
[ReportManager] API Action [GetResponseJSONValueAsList] successfully performed. With the following test data [$]. @13-01-2022 08:06:15.0234 AM
[ReportManager] API Action [GetResponseJSONValue] successfully performed. With the following test data [name]. @13-01-2022 08:06:15.0245 AM
[ReportManager] API Action [GetResponseJSONValue] successfully performed. With the following test data [email]. @13-01-2022 08:06:15.0255 AM
[ReportManager] Assertion [ValidateEquals] PASSED. Expected [Sincere@april.biz] and Actual [Sincere@april.biz]. Comparison Type [EQUALS]. Validation Type [POSITIVE]. @13-01-2022 08:06:15.0256 AM
[ReportManager] API Action [GetResponseJSONValue] successfully performed. With the following test data [name]. @13-01-2022 08:06:15.0266 AM
[ReportManager] API Action [GetResponseJSONValue] successfully performed. With the following test data [name]. @13-01-2022 08:06:15.0276 AM
[ReportManager] API Action [GetResponseJSONValue] successfully performed. With the following test data [name]. @13-01-2022 08:06:15.0286 AM
[ReportManager] API Action [GetResponseJSONValue] successfully performed. With the following test data [name]. @13-01-2022 08:06:15.0297 AM
[ReportManager] API Action [GetResponseJSONValue] successfully performed. With the following test data [name]. @13-01-2022 08:06:15.0308 AM
[ReportManager] API Action [GetResponseJSONValue] successfully performed. With the following test data [name]. @13-01-2022 08:06:15.0318 AM
[ReportManager] API Action [GetResponseJSONValue] successfully performed. With the following test data [name]. @13-01-2022 08:06:15.0329 AM
[ReportManager] API Action [GetResponseJSONValue] successfully performed. With the following test data [name]. @13-01-2022 08:06:15.0339 AM
[ReportManager] API Action [GetResponseJSONValue] successfully performed. With the following test data [name]. @13-01-2022 08:06:15.0349 A
[ReportManager] File Action [GetAbsolutePath] successfully performed. With the following test data [Relative Folder Path: "target/downloadedFiles/"]. @13-01-2022 08:06:15.0352 AM
[ReportManager] Attempting to run locally on: [Mac-64], [Safari], Headless Execution. @13-01-2022 08:06:15.0353 AM
[ReportManager] Successfully Opened Safari. @13-01-2022 08:06:16.0180 AM
[ReportManager] Initial window size: (800, 600) @13-01-2022 08:06:16.0189 AM
[ReportManager] Window size after SWD Maximize: (1176, 803) @13-01-2022 08:06:16.0207 AM
[ReportManager] Browser Action [MaximizeWindow] successfully performed. With the following test data [New screen size is now: (1176, 803)]. @13-01-2022 08:06:16.0207 A

################################################################################################################################################
Starting Execution:	[69 out of 161] test cases in the current suite
Test Method:		[testPackage01.Test_uploadFile.uploadFile_invisibleUploadInput]
################################################################################################################################################
[ReportManager] Target URL: [https://fineuploader.com/demos.html#gallery-view] @13-01-2022 08:06:16.0251 AM
[ReportManager] Initial URL: [] @13-01-2022 08:06:16.0294 AM
[ReportManager] Browser Action [NavigateToURL] successfully performed. With the following test data [https://fineuploader.com/demos.html#gallery-view]. @13-01-2022 08:06:17.0693 AM
[ReportManager] File Action [GetAbsolutePath] successfully performed. With the following test data [Relative File Path: "src/main/resources/images/shaft.png"]. @13-01-2022 08:06:17.0693 AM
[ReportManager] Successfully created attachment [File Action Actual Result - Command Log] @13-01-2022 08:06:17.0694 AM
[ReportManager] Element Action [TypeFileLocationForUpload] successfully performed. With the following test data [/Users/runner/work/SHAFT_ENGINE/SHAFT_ENGINE/src/main/resources/images/shaft.png]. @13-01-2022 08:06:17.0772 AM
[ReportManager] Attempting to getAttribute [src] from elementLocator [By.xpath: //div[@id='fine-uploader-gallery']//div[@class='qq-thumbnail-wrapper']/img]. @13-01-2022 08:06:17.0774 AM
[ReportManager] Element Action [GetAttribute] successfully performed. @13-01-2022 08:06:17.0878 AM
[ReportManager] Successfully created attachment [Element Action Test Data - GetAttribute - Actual Value] @13-01-2022 08:06:17.0879 AM
[ReportManager] Assertion Passed: Then I Assert that the element found by [By.xpath: //div[@id='fine-uploader-gallery']//div[@class='qq-thumbnail-wrapper']/img] attribute [src] contains [data:image/png;base64]. @13-01-2022 08:06:18.0084 AM
[ReportManager] Successfully created attachment [Validation Test Data - Expected Value] @13-01-2022 08:06:18.0085 AM
[ReportManager] Successfully created attachment [Validation Test Data - Actual Value] @13-01-2022 08:06:18.0085 AM
[ReportManager] Successfully created attachment [Screenshot - 1642061178002_uploadFile_invisibleUploadInput_ValidateElementAttribute_passed] @13-01-2022 08:06:18.0087 AM
[ReportManager] Assertion [ValidateElementAttribute] PASSED. Expected and Actual values are attached. Comparison Type [CONTAINS]. Validation Type [POSITIVE]. @13-01-2022 08:06:18.0087 A
[ReportManager] Browser Action [CloseCurrentWindow] successfully performed. @13-01-2022 08:06:18.0383 AM
[ReportManager] Successfully created attachment [Browser Action Test Data - CloseCurrentWindow - Actual Value] @13-01-2022 08:06:18.0384 A
[ReportManager] File Action [GetAbsolutePath] successfully performed. With the following test data [Relative Folder Path: "target/downloadedFiles/"]. @13-01-2022 08:06:18.0388 AM
[ReportManager] Attempting to run locally on: [Mac-64], [Safari], Headless Execution. @13-01-2022 08:06:18.0388 AM
[ReportManager] Successfully Opened Safari. @13-01-2022 08:06:19.0202 AM
[ReportManager] Initial window size: (800, 600) @13-01-2022 08:06:19.0218 AM
[ReportManager] Window size after SWD Maximize: (1176, 803) @13-01-2022 08:06:19.0248 AM
[ReportManager] Browser Action [MaximizeWindow] successfully performed. With the following test data [New screen size is now: (1176, 803)]. @13-01-2022 08:06:19.0248 A

################################################################################################################################################
Starting Execution:	[70 out of 161] test cases in the current suite
Test Method:		[testPackage01.Test_uploadFile.uploadFile_visibleUploadInput]
################################################################################################################################################
[ReportManager] Target URL: [https://demo.guru99.com/test/upload/] @13-01-2022 08:06:19.0250 AM
[ReportManager] Initial URL: [] @13-01-2022 08:06:19.0294 AM
[ReportManager] Browser Action [NavigateToURL] successfully performed. With the following test data [https://demo.guru99.com/test/upload/]. @13-01-2022 08:06:20.0905 AM
[ReportManager] File Action [GetAbsolutePath] successfully performed. With the following test data [Relative Folder Path: "src/main/resources/images/shaft.png"]. @13-01-2022 08:06:20.0906 AM
[ReportManager] Element Action [TypeFileLocationForUpload] successfully performed. With the following test data [/Users/runner/work/SHAFT_ENGINE/SHAFT_ENGINE/src/main/resources/images/shaft.png]. @13-01-2022 08:06:20.0994 AM
[ReportManager] Element Action [Click] successfully performed. With the following test data [By.id: terms]. @13-01-2022 08:06:21.0288 AM
[ReportManager] Element Action [Click] successfully performed. With the following test data [By.id: submitbutton]. @13-01-2022 08:06:23.0559 AM
[ReportManager] Element Action [GetText] successfully performed. With the following test data [1 file has been successfully uploaded.]. @13-01-2022 08:06:24.0377 AM
[ReportManager] Assertion Passed: Then I Assert that the element found by [By.id: res] attribute [Text] contains [1 file]. @13-01-2022 08:06:24.0580 AM
[ReportManager] Successfully created attachment [Screenshot - 1642061184467_uploadFile_visibleUploadInput_ValidateElementAttribute_passed] @13-01-2022 08:06:24.0581 AM
[ReportManager] Assertion [ValidateElementAttribute] PASSED. Expected [Value Should be '1 file' for the 'Text' attribute, element locator 'By.id: res'] and Actual [1 file has been successfully uploaded.]. Comparison Type [CONTAINS]. Validation Type [POSITIVE]. @13-01-2022 08:06:24.0581 A
[ReportManager] Browser Action [CloseCurrentWindow] successfully performed. @13-01-2022 08:06:24.0983 AM
[ReportManager] Successfully created attachment [Browser Action Test Data - CloseCurrentWindow - Actual Value] @13-01-2022 08:06:24.0983 A

################################################################################################################################################
Starting Execution:	[71 out of 161] test cases in the current suite
Test Method:		[testPackage01.Test_AssertApiResponseEquals.assertApiResponseEquals_expectedToPass]
################################################################################################################################################
[ReportManager] Response status code: [200], status line: [HTTP/1.1 200 OK] @13-01-2022 08:06:25.0030 AM
[ReportManager] Assertion Passed: Evaluating the actual response status code against the expected one... @13-01-2022 08:06:25.0030 AM
[ReportManager] Assertion [ValidateComparativeRelation] PASSED. Expected [200] and Actual [200]. Comparison Type [EQUALS]. Validation Type [POSITIVE]. @13-01-2022 08:06:25.0030 AM
[ReportManager] API Action [PerformRequest] successfully performed. With the following test data [Request Type: "GET" | Target Status Code: "200" | Service URL: "https://jsonplaceholder.typicode.com/users" | Content Type: "*/*" | Response Time: "38ms"]. @13-01-2022 08:06:25.0052 AM
[ReportManager] Successfully created attachment [API Request - Specifications] @13-01-2022 08:06:25.0053 AM
[ReportManager] Successfully created attachment [API Response - JSON Body] @13-01-2022 08:06:25.0054 AM
[ReportManager] API Action [GetResponseJSONValueAsList] successfully performed. With the following test data [$]. @13-01-2022 08:06:25.0070 AM
[ReportManager] API Action [GetResponseJSONValue] successfully performed. With the following test data [name]. @13-01-2022 08:06:25.0082 AM
[ReportManager] API Action [GetResponseJSONValue] successfully performed. With the following test data [email]. @13-01-2022 08:06:25.0095 AM
[ReportManager] Verification [ValidateEquals] PASSED. Expected [Sincere@april.biz] and Actual [Sincere@april.biz]. Comparison Type [EQUALS]. Validation Type [POSITIVE]. @13-01-2022 08:06:25.0095 AM
[ReportManager] API Action [GetResponseJSONValue] successfully performed. With the following test data [username]. @13-01-2022 08:06:25.0105 AM
[ReportManager] Assertion [ValidateEquals] PASSED. Expected [Bret] and Actual [Bret]. Comparison Type [EQUALS]. Validation Type [POSITIVE]. @13-01-2022 08:06:25.0106 AM
[ReportManager] API Action [GetResponseJSONValue] successfully performed. With the following test data [name]. @13-01-2022 08:06:25.0116 AM
[ReportManager] API Action [GetResponseJSONValue] successfully performed. With the following test data [name]. @13-01-2022 08:06:25.0126 AM
[ReportManager] API Action [GetResponseJSONValue] successfully performed. With the following test data [name]. @13-01-2022 08:06:25.0136 AM
[ReportManager] API Action [GetResponseJSONValue] successfully performed. With the following test data [name]. @13-01-2022 08:06:25.0146 AM
[ReportManager] API Action [GetResponseJSONValue] successfully performed. With the following test data [name]. @13-01-2022 08:06:25.0166 AM
[ReportManager] API Action [GetResponseJSONValue] successfully performed. With the following test data [name]. @13-01-2022 08:06:25.0178 AM
[ReportManager] API Action [GetResponseJSONValue] successfully performed. With the following test data [name]. @13-01-2022 08:06:25.0190 AM
[ReportManager] API Action [GetResponseJSONValue] successfully performed. With the following test data [name]. @13-01-2022 08:06:25.0201 AM
[ReportManager] API Action [GetResponseJSONValue] successfully performed. With the following test data [name]. @13-01-2022 08:06:25.0213 A
[ReportManager] File Action [GetAbsolutePath] successfully performed. With the following test data [Relative Folder Path: "target/downloadedFiles/"]. @13-01-2022 08:06:25.0216 AM
[ReportManager] Attempting to run locally on: [Mac-64], [Safari], Headless Execution. @13-01-2022 08:06:25.0216 AM
[ReportManager] An Exception Occured with this Message: Could not start a new session. Possible causes are invalid address of the remote server or browser start-up failure.. @13-01-2022 08:06:25.0371 AM
[ReportManager] Successfully created attachment [Exception Stack Trace - org.openqa.selenium.SessionNotCreatedException] @13-01-2022 08:06:25.0372 AM
[ReportManager] Driver Factory Action [createNewLocalDriverInstanceForSafari] failed. With the following test data [Failed to create a session on DESKTOP_SAFARI]. @13-01-2022 08:06:25.0372 A

################################################################################################################################################
Starting Execution:	[72 out of 161] test cases in the current suite
Test Method:		[testPackage01.TestJSPromptBox.dismissAlert]
###############################################################################################################################################

################################################################################################################################################
Starting Execution:	[73 out of 161] test cases in the current suite
Test Method:		[testPackage01.TestJSPromptBox.assertOnCancelAlertResultText]
###############################################################################################################################################

################################################################################################################################################
Starting Execution:	[74 out of 161] test cases in the current suite
Test Method:		[testPackage01.TestJSPromptBox.getAlertText]
###############################################################################################################################################

################################################################################################################################################
Starting Execution:	[75 out of 161] test cases in the current suite
Test Method:		[testPackage01.TestJSPromptBox.acceptPromptAlertWithoutTypingTextMessage]
###############################################################################################################################################

################################################################################################################################################
Starting Execution:	[76 out of 161] test cases in the current suite
Test Method:		[testPackage01.TestJSPromptBox.assertOnConfirmPromptAlertWithoutTypingTextMessageResultText]
###############################################################################################################################################

################################################################################################################################################
Starting Execution:	[77 out of 161] test cases in the current suite
Test Method:		[testPackage01.TestJSPromptBox.acceptPromptAlertWithTextMessage]
###############################################################################################################################################

################################################################################################################################################
Starting Execution:	[78 out of 161] test cases in the current suite
Test Method:		[testPackage01.TestJSPromptBox.assertOnConfirmPromptAlertWithTextMessageResultText]
###############################################################################################################################################


################################################################################################################################################
Starting Execution:	[79 out of 161] test cases in the current suite
Test Method:		[testPackage01.Test_testData.f]
################################################################################################################################################
[ReportManager] Successfully loaded the following test data file [src/test/resources/testDataFiles/testSuite01/TestData.xlsx]. @13-01-2022 08:06:25.0457 AM
[ReportManager] Successfully created attachment [Test Data - Excel] @13-01-2022 08:06:25.0498 AM
[ReportManager] Last Column Number is: [3]. Zero-based. @13-01-2022 08:06:25.0498 A

################################################################################################################################################
Starting Execution:	[80 out of 161] test cases in the current suite
Test Method:		[testPackage01.Test_PDF.testPDF1]
################################################################################################################################################
[ReportManager] File Action [DoesFileExist] successfully performed. With the following test data [File Path: "src/test/resources/testDataFiles/sample.pdf"]. @13-01-2022 08:06:25.0546 AM
[ReportManager] File Action [GetAbsolutePath] successfully performed. With the following test data [Relative Folder Path: "src/test/resources/testDataFiles/sample.pdf"]. @13-01-2022 08:06:25.0547 AM
[ReportManager] Assertion Passed: Checking to see that the pdf file contains [A Simple PDF File] @13-01-2022 08:06:30.0182 AM
[ReportManager] Successfully created attachment [Validation Test Data - Expected Value] @13-01-2022 08:06:30.0183 AM
[ReportManager] Successfully created attachment [Validation Test Data - Actual Value] @13-01-2022 08:06:30.0183 AM
[ReportManager] Assertion [ValidateEquals] PASSED. Expected and Actual values are attached. Comparison Type [CONTAINS]. Validation Type [POSITIVE]. @13-01-2022 08:06:30.0183 A

################################################################################################################################################
Starting Execution:	[81 out of 161] test cases in the current suite
Test Method:		[testPackage01.Test_PDF.testPDF2]
################################################################################################################################################
[ReportManager] File Action [DoesFileExist] successfully performed. With the following test data [File Path: "src/test/resources/testDataFiles/sample.pdf"]. @13-01-2022 08:06:30.0190 AM
[ReportManager] File Action [GetAbsolutePath] successfully performed. With the following test data [Relative Folder Path: "src/test/resources/testDataFiles/sample.pdf"]. @13-01-2022 08:06:30.0190 AM
[ReportManager] Assertion Passed: Checking to see that the pdf file contains [A Simple PDF File] @13-01-2022 08:06:30.0205 AM
[ReportManager] Successfully created attachment [Validation Test Data - Expected Value] @13-01-2022 08:06:30.0206 AM
[ReportManager] Successfully created attachment [Validation Test Data - Actual Value] @13-01-2022 08:06:30.0206 AM
[ReportManager] Assertion [ValidateEquals] PASSED. Expected and Actual values are attached. Comparison Type [CONTAINS]. Validation Type [POSITIVE]. @13-01-2022 08:06:30.0206 A
[ReportManager] File Action [GetAbsolutePath] successfully performed. With the following test data [Relative Folder Path: "target/downloadedFiles/"]. @13-01-2022 08:06:30.0209 AM
[ReportManager] Attempting to run locally on: [Mac-64], [Safari], Headless Execution. @13-01-2022 08:06:30.0210 AM
[ReportManager] Successfully Opened Safari. @13-01-2022 08:06:31.0533 AM
[ReportManager] Initial window size: (800, 600) @13-01-2022 08:06:31.0570 AM
[ReportManager] Window size after SWD Maximize: (1176, 803) @13-01-2022 08:06:31.0614 AM
[ReportManager] Browser Action [MaximizeWindow] successfully performed. With the following test data [New screen size is now: (1176, 803)]. @13-01-2022 08:06:31.0615 A

################################################################################################################################################
Starting Execution:	[82 out of 161] test cases in the current suite
Test Method:		[testPackage01.Test_ShadowDOM.shadowdom]
################################################################################################################################################
[ReportManager] Target URL: [https://mdn.github.io/web-components-examples/popup-info-box-web-component/] @13-01-2022 08:06:31.0618 AM
[ReportManager] Initial URL: [] @13-01-2022 08:06:31.0692 AM
[ReportManager] Browser Action [NavigateToURL] successfully performed. With the following test data [https://mdn.github.io/web-components-examples/popup-info-box-web-component/]. @13-01-2022 08:06:31.0942 AM
[ReportManager] Element Action [Type] successfully performed. With the following test data [Typing into SHADOW DOM...]. @13-01-2022 08:06:32.0593 AM
[ReportManager] Element Action [GetText] successfully performed. With the following test data [Typing into SHADOW DOM...]. @13-01-2022 08:06:32.0703 AM
[ReportManager] Assertion [ValidateElementAttribute] PASSED. Expected [Value Should be 'Typing into SHADOW DOM...' for the 'Text' attribute, element locator 'By.id: cvc'] and Actual [Typing into SHADOW DOM...]. Comparison Type [EQUALS]. Validation Type [POSITIVE]. @13-01-2022 08:06:33.0013 AM
[ReportManager] Successfully created attachment [Screenshot - 1642061192853_shadowdom_ValidateElementAttribute_passed] @13-01-2022 08:06:33.0015 A
[ReportManager] Browser Action [CloseCurrentWindow] successfully performed. @13-01-2022 08:06:33.0433 AM
[ReportManager] Successfully created attachment [Browser Action Test Data - CloseCurrentWindow - Actual Value] @13-01-2022 08:06:33.0434 A
[ReportManager] File Action [GetAbsolutePath] successfully performed. With the following test data [Relative Folder Path: "target/downloadedFiles/"]. @13-01-2022 08:06:33.0436 AM
[ReportManager] Attempting to run locally on: [Mac-64], [Safari], Headless Execution. @13-01-2022 08:06:33.0436 AM
[ReportManager] Successfully Opened Safari. @13-01-2022 08:06:34.0266 AM
[ReportManager] Initial window size: (800, 600) @13-01-2022 08:06:34.0285 AM
[ReportManager] Window size after SWD Maximize: (1176, 803) @13-01-2022 08:06:34.0316 AM
[ReportManager] Browser Action [MaximizeWindow] successfully performed. With the following test data [New screen size is now: (1176, 803)]. @13-01-2022 08:06:34.0316 A

################################################################################################################################################
Starting Execution:	[83 out of 161] test cases in the current suite
Test Method:		[testPackage01.Test_clipboardActions.typeTextAndCopyPaste]
################################################################################################################################################
[ReportManager] Target URL: [https://www.google.com/ncr], and after redirection: [https://www.google.com] @13-01-2022 08:06:34.0319 AM
[ReportManager] Initial URL: [] @13-01-2022 08:06:34.0374 AM
[ReportManager] Browser Action [NavigateToURL] successfully performed. With the following test data [https://www.google.com/ncr]. @13-01-2022 08:06:35.0769 AM
[ReportManager] Element Action [Type] successfully performed. With the following test data [FIRST]. @13-01-2022 08:06:35.0976 A
[ReportManager] Browser Action [CloseCurrentWindow] successfully performed. @13-01-2022 08:06:36.0436 AM
[ReportManager] Successfully created attachment [Browser Action Test Data - CloseCurrentWindow - Actual Value] @13-01-2022 08:06:36.0437 A
[ReportManager] File Action [GetAbsolutePath] successfully performed. With the following test data [Relative Folder Path: "target/downloadedFiles/"]. @13-01-2022 08:06:36.0439 AM
[ReportManager] Attempting to run locally on: [Mac-64], [Safari], Headless Execution. @13-01-2022 08:06:36.0440 AM
[ReportManager] Successfully Opened Safari. @13-01-2022 08:06:37.0290 AM
[ReportManager] Initial window size: (800, 600) @13-01-2022 08:06:37.0314 AM
[ReportManager] Window size after SWD Maximize: (1176, 803) @13-01-2022 08:06:37.0382 AM
[ReportManager] Browser Action [MaximizeWindow] successfully performed. With the following test data [New screen size is now: (1176, 803)]. @13-01-2022 08:06:37.0383 AM
[ReportManager] Target URL: [http://the-internet.herokuapp.com/javascript_alerts] @13-01-2022 08:06:37.0383 AM
[ReportManager] Initial URL: [] @13-01-2022 08:06:37.0428 AM
[ReportManager] Browser Action [NavigateToURL] successfully performed. With the following test data [http://the-internet.herokuapp.com/javascript_alerts]. @13-01-2022 08:06:38.0026 A

################################################################################################################################################
Starting Execution:	[84 out of 161] test cases in the current suite
Test Method:		[testPackage01.TestJSAlertBox.getJSAlertText]
################################################################################################################################################
[ReportManager] Element Action [Click] successfully performed. With the following test data [By.xpath: //button[contains(text(),'Click for JS Alert')]]. @13-01-2022 08:06:39.0018 AM
[ReportManager] Alert is present @13-01-2022 08:06:39.0042 AM
[ReportManager] Alert Text is: [I am a JS Alert] @13-01-2022 08:06:39.0049 AM
[ReportManager] Element Action [GetAlertText] successfully performed. @13-01-2022 08:06:39.0049 AM
[ReportManager] Alert text is: [I am a JS Alert] @13-01-2022 08:06:39.0050 AM
[ReportManager] Alert is present @13-01-2022 08:06:39.0079 AM
[ReportManager] Alert Text is: [I am a JS Alert] @13-01-2022 08:06:39.0085 AM
[ReportManager] Element Action [GetAlertText] successfully performed. @13-01-2022 08:06:39.0085 AM
[ReportManager] Assertion Passed: Then I Assert that [I am a JS Alert] is equal to [I am a JS Alert]. @13-01-2022 08:06:39.0086 AM
[ReportManager] Assertion [ValidateEquals] PASSED. Expected [I am a JS Alert] and Actual [I am a JS Alert]. Comparison Type [EQUALS]. Validation Type [POSITIVE]. @13-01-2022 08:06:39.0086 A

################################################################################################################################################
Starting Execution:	[85 out of 161] test cases in the current suite
Test Method:		[testPackage01.TestJSAlertBox.acceptAlert]
################################################################################################################################################
[ReportManager] Alert is not present @13-01-2022 08:07:09.0410 AM
[ReportManager] Element Action [WaitForAlertToBePresent] failed. @13-01-2022 08:07:09.0530 AM
[ReportManager] Successfully created attachment [Screenshot - 1642061229435_acceptAlert_WaitForAlertToBePresent_failed] @13-01-2022 08:07:09.0533 A

################################################################################################################################################
Starting Execution:	[86 out of 161] test cases in the current suite
Test Method:		[testPackage01.TestJSAlertBox.assertOnConfirmAlertResultText]
###############################################################################################################################################
[ReportManager] Browser Action [CloseCurrentWindow] successfully performed. @13-01-2022 08:07:09.0977 AM
[ReportManager] Successfully created attachment [Browser Action Test Data - CloseCurrentWindow - Actual Value] @13-01-2022 08:07:09.0978 A
[ReportManager] File Action [GetAbsolutePath] successfully performed. With the following test data [Relative Folder Path: "target/downloadedFiles/"]. @13-01-2022 08:07:09.0980 AM
[ReportManager] Attempting to run locally on: [Mac-64], [Safari], Headless Execution. @13-01-2022 08:07:09.0980 AM
[ReportManager] Successfully Opened Safari. @13-01-2022 08:07:10.0899 AM
[ReportManager] Initial window size: (800, 600) @13-01-2022 08:07:10.0925 AM
[ReportManager] Window size after SWD Maximize: (1176, 803) @13-01-2022 08:07:10.0941 AM
[ReportManager] Browser Action [MaximizeWindow] successfully performed. With the following test data [New screen size is now: (1176, 803)]. @13-01-2022 08:07:10.0941 AM
[ReportManager] Target URL: [http://the-internet.herokuapp.com/javascript_alerts] @13-01-2022 08:07:10.0942 AM
[ReportManager] Initial URL: [] @13-01-2022 08:07:11.0004 AM
[ReportManager] Browser Action [NavigateToURL] successfully performed. With the following test data [http://the-internet.herokuapp.com/javascript_alerts]. @13-01-2022 08:07:11.0332 A

################################################################################################################################################
Starting Execution:	[87 out of 161] test cases in the current suite
Test Method:		[testPackage01.TestJSConfirmBox.dismissAlert]
################################################################################################################################################
[ReportManager] Element Action [Click] successfully performed. With the following test data [By.xpath: //button[contains(text(),'Click for JS Confirm')]]. @13-01-2022 08:07:11.0713 AM
[ReportManager] Alert is present @13-01-2022 08:07:11.0718 AM
[ReportManager] Element Action [DismissAlert] successfully performed. @13-01-2022 08:07:11.0725 A

################################################################################################################################################
Starting Execution:	[88 out of 161] test cases in the current suite
Test Method:		[testPackage01.TestJSConfirmBox.assertOnCancelAlertResultText]
################################################################################################################################################
[ReportManager] Element Action [GetText] successfully performed. With the following test data [You clicked: Cancel]. @13-01-2022 08:07:11.0773 AM
[ReportManager] Assertion Passed: Then I Assert that the element found by [By.id: result] attribute [TEXT] is equal to [You clicked: Cancel]. @13-01-2022 08:07:11.0925 AM
[ReportManager] Successfully created attachment [Screenshot - 1642061231859_assertOnCancelAlertResultText_ValidateElementAttribute_passed] @13-01-2022 08:07:11.0927 AM
[ReportManager] Assertion [ValidateElementAttribute] PASSED. Expected [Value Should be 'You clicked: Cancel' for the 'text' attribute, element locator 'By.id: result'] and Actual [You clicked: Cancel]. Comparison Type [EQUALS]. Validation Type [POSITIVE]. @13-01-2022 08:07:11.0927 A

################################################################################################################################################
Starting Execution:	[89 out of 161] test cases in the current suite
Test Method:		[testPackage01.TestJSConfirmBox.getAlertText]
################################################################################################################################################
[ReportManager] Element Action [Click] successfully performed. With the following test data [By.xpath: //button[contains(text(),'Click for JS Confirm')]]. @13-01-2022 08:07:12.0119 AM
[ReportManager] Alert is present @13-01-2022 08:07:12.0125 AM
[ReportManager] Alert Text is: [I am a JS Confirm] @13-01-2022 08:07:12.0147 AM
[ReportManager] Element Action [GetAlertText] successfully performed. @13-01-2022 08:07:12.0148 AM
[ReportManager] Alert text is: [I am a JS Confirm] @13-01-2022 08:07:12.0149 AM
[ReportManager] Alert is present @13-01-2022 08:07:12.0159 AM
[ReportManager] Alert Text is: [I am a JS Confirm] @13-01-2022 08:07:12.0166 AM
[ReportManager] Element Action [GetAlertText] successfully performed. @13-01-2022 08:07:12.0167 AM
[ReportManager] Assertion Passed: Then I Assert that [I am a JS Confirm] is equal to [I am a JS Confirm]. @13-01-2022 08:07:12.0167 AM
[ReportManager] Assertion [ValidateEquals] PASSED. Expected [I am a JS Confirm] and Actual [I am a JS Confirm]. Comparison Type [EQUALS]. Validation Type [POSITIVE]. @13-01-2022 08:07:12.0167 A

################################################################################################################################################
Starting Execution:	[90 out of 161] test cases in the current suite
Test Method:		[testPackage01.TestJSConfirmBox.acceptAlert]
################################################################################################################################################
[ReportManager] Alert is not present @13-01-2022 08:07:42.0425 AM
[ReportManager] Element Action [WaitForAlertToBePresent] failed. @13-01-2022 08:07:42.0526 AM
[ReportManager] Successfully created attachment [Screenshot - 1642061262449_acceptAlert_WaitForAlertToBePresent_failed] @13-01-2022 08:07:42.0527 A

################################################################################################################################################
Starting Execution:	[91 out of 161] test cases in the current suite
Test Method:		[testPackage01.TestJSConfirmBox.assertOnConfirmAlertResultText]
###############################################################################################################################################
[ReportManager] Browser Action [CloseCurrentWindow] successfully performed. @13-01-2022 08:07:42.0956 AM
[ReportManager] Successfully created attachment [Browser Action Test Data - CloseCurrentWindow - Actual Value] @13-01-2022 08:07:42.0956 A

################################################################################################################################################
Starting Execution:	[92 out of 161] test cases in the current suite
Test Method:		[testPackage01.Test_NewValidationHelper.f1]
################################################################################################################################################
[ReportManager] Assertion Passed: Checking valid user data @13-01-2022 08:07:42.0959 AM
[ReportManager] Successfully created attachment [Validation Test Data - Expected Value] @13-01-2022 08:07:42.0960 AM
[ReportManager] Successfully created attachment [Validation Test Data - Actual Value] @13-01-2022 08:07:42.0961 AM
[ReportManager] Assertion [ValidateEquals] PASSED. Expected and Actual values are attached. Comparison Type [EQUALS]. Validation Type [POSITIVE]. @13-01-2022 08:07:42.0961 A
[ReportManager] File Action [GetAbsolutePath] successfully performed. With the following test data [Relative Folder Path: "target/downloadedFiles/"]. @13-01-2022 08:07:42.0964 AM
[ReportManager] Attempting to run locally on: [Mac-64], [Safari], Headless Execution. @13-01-2022 08:07:42.0964 AM
[ReportManager] An Exception Occured with this Message: Could not start a new session. Possible causes are invalid address of the remote server or browser start-up failure.. @13-01-2022 08:07:43.0421 AM
[ReportManager] Successfully created attachment [Exception Stack Trace - org.openqa.selenium.SessionNotCreatedException] @13-01-2022 08:07:43.0422 AM
[ReportManager] Driver Factory Action [createNewLocalDriverInstanceForSafari] failed. With the following test data [Failed to create a session on DESKTOP_SAFARI]. @13-01-2022 08:07:43.0422 A

################################################################################################################################################
Starting Execution:	[93 out of 161] test cases in the current suite
Test Method:		[testPackage01.Test_NewValidationHelper.f10]
###############################################################################################################################################



################################################################################################################################################
Starting Execution:	[94 out of 161] test cases in the current suite
Test Method:		[testPackage01.Test_NewValidationHelper.f11]
###############################################################################################################################################



################################################################################################################################################
Starting Execution:	[95 out of 161] test cases in the current suite
Test Method:		[testPackage01.Test_NewValidationHelper.f12]
###############################################################################################################################################



################################################################################################################################################
Starting Execution:	[96 out of 161] test cases in the current suite
Test Method:		[testPackage01.Test_NewValidationHelper.f13]
###############################################################################################################################################



################################################################################################################################################
Starting Execution:	[97 out of 161] test cases in the current suite
Test Method:		[testPackage01.Test_NewValidationHelper.f14]
###############################################################################################################################################



################################################################################################################################################
Starting Execution:	[98 out of 161] test cases in the current suite
Test Method:		[testPackage01.Test_NewValidationHelper.f15]
###############################################################################################################################################



################################################################################################################################################
Starting Execution:	[99 out of 161] test cases in the current suite
Test Method:		[testPackage01.Test_NewValidationHelper.f16]
###############################################################################################################################################



################################################################################################################################################
Starting Execution:	[100 out of 161] test cases in the current suite
Test Method:		[testPackage01.Test_NewValidationHelper.f17]
###############################################################################################################################################



################################################################################################################################################
Starting Execution:	[101 out of 161] test cases in the current suite
Test Method:		[testPackage01.Test_NewValidationHelper.f18]
###############################################################################################################################################


################################################################################################################################################
Starting Execution:	[102 out of 161] test cases in the current suite
Test Method:		[testPackage01.Test_NewValidationHelper.f2]
###############################################################################################################################################


################################################################################################################################################
Starting Execution:	[103 out of 161] test cases in the current suite
Test Method:		[testPackage01.Test_NewValidationHelper.f20]
###############################################################################################################################################



################################################################################################################################################
Starting Execution:	[104 out of 161] test cases in the current suite
Test Method:		[testPackage01.Test_NewValidationHelper.f21]
###############################################################################################################################################



################################################################################################################################################
Starting Execution:	[105 out of 161] test cases in the current suite
Test Method:		[testPackage01.Test_NewValidationHelper.f22]
###############################################################################################################################################


################################################################################################################################################
Starting Execution:	[106 out of 161] test cases in the current suite
Test Method:		[testPackage01.Test_NewValidationHelper.f23]
###############################################################################################################################################

################################################################################################################################################
Starting Execution:	[107 out of 161] test cases in the current suite
Test Method:		[testPackage01.Test_NewValidationHelper.f24]
###############################################################################################################################################

################################################################################################################################################
Starting Execution:	[108 out of 161] test cases in the current suite
Test Method:		[testPackage01.Test_NewValidationHelper.f25]
###############################################################################################################################################

################################################################################################################################################
Starting Execution:	[109 out of 161] test cases in the current suite
Test Method:		[testPackage01.Test_NewValidationHelper.f26]
###############################################################################################################################################

################################################################################################################################################
Starting Execution:	[110 out of 161] test cases in the current suite
Test Method:		[testPackage01.Test_NewValidationHelper.f27]
###############################################################################################################################################

################################################################################################################################################
Starting Execution:	[111 out of 161] test cases in the current suite
Test Method:		[testPackage01.Test_NewValidationHelper.f28]
###############################################################################################################################################

################################################################################################################################################
Starting Execution:	[112 out of 161] test cases in the current suite
Test Method:		[testPackage01.Test_NewValidationHelper.f29]
###############################################################################################################################################

################################################################################################################################################
Starting Execution:	[113 out of 161] test cases in the current suite
Test Method:		[testPackage01.Test_NewValidationHelper.f3]
###############################################################################################################################################

################################################################################################################################################
Starting Execution:	[114 out of 161] test cases in the current suite
Test Method:		[testPackage01.Test_NewValidationHelper.f30]
###############################################################################################################################################

################################################################################################################################################
Starting Execution:	[115 out of 161] test cases in the current suite
Test Method:		[testPackage01.Test_NewValidationHelper.f31]
###############################################################################################################################################

################################################################################################################################################
Starting Execution:	[116 out of 161] test cases in the current suite
Test Method:		[testPackage01.Test_NewValidationHelper.f32]
###############################################################################################################################################

################################################################################################################################################
Starting Execution:	[117 out of 161] test cases in the current suite
Test Method:		[testPackage01.Test_NewValidationHelper.f33]
###############################################################################################################################################

################################################################################################################################################
Starting Execution:	[118 out of 161] test cases in the current suite
Test Method:		[testPackage01.Test_NewValidationHelper.f34]
###############################################################################################################################################

################################################################################################################################################
Starting Execution:	[119 out of 161] test cases in the current suite
Test Method:		[testPackage01.Test_NewValidationHelper.f35]
###############################################################################################################################################

################################################################################################################################################
Starting Execution:	[120 out of 161] test cases in the current suite
Test Method:		[testPackage01.Test_NewValidationHelper.f36]
###############################################################################################################################################

################################################################################################################################################
Starting Execution:	[121 out of 161] test cases in the current suite
Test Method:		[testPackage01.Test_NewValidationHelper.f37]
###############################################################################################################################################

################################################################################################################################################
Starting Execution:	[122 out of 161] test cases in the current suite
Test Method:		[testPackage01.Test_NewValidationHelper.f3_1]
###############################################################################################################################################

################################################################################################################################################
Starting Execution:	[123 out of 161] test cases in the current suite
Test Method:		[testPackage01.Test_NewValidationHelper.f4]
###############################################################################################################################################

################################################################################################################################################
Starting Execution:	[124 out of 161] test cases in the current suite
Test Method:		[testPackage01.Test_NewValidationHelper.f5]
###############################################################################################################################################

################################################################################################################################################
Starting Execution:	[125 out of 161] test cases in the current suite
Test Method:		[testPackage01.Test_NewValidationHelper.f6]
###############################################################################################################################################

################################################################################################################################################
Starting Execution:	[126 out of 161] test cases in the current suite
Test Method:		[testPackage01.Test_NewValidationHelper.f6_1]
###############################################################################################################################################

################################################################################################################################################
Starting Execution:	[127 out of 161] test cases in the current suite
Test Method:		[testPackage01.Test_NewValidationHelper.f6_2]
###############################################################################################################################################

################################################################################################################################################
Starting Execution:	[128 out of 161] test cases in the current suite
Test Method:		[testPackage01.Test_NewValidationHelper.f7]
###############################################################################################################################################


################################################################################################################################################
Starting Execution:	[129 out of 161] test cases in the current suite
Test Method:		[testPackage01.Test_NewValidationHelper.f8]
###############################################################################################################################################



################################################################################################################################################
Starting Execution:	[130 out of 161] test cases in the current suite
Test Method:		[testPackage01.Test_NewValidationHelper.f9]
###############################################################################################################################################


################################################################################################################################################
Starting Execution:	[131 out of 161] test cases in the current suite
Test Method:		[testPackage01.Test_NewValidationHelper.forceFail]
###############################################################################################################################################

################################################################################################################################################
Starting Execution:	[132 out of 161] test cases in the current suite
Test Method:		[testPackage01.Test_NewValidationHelper.forceFail2]
###############################################################################################################################################

################################################################################################################################################
Starting Execution:	[133 out of 161] test cases in the current suite
Test Method:		[testPackage01.Test_JsonActions.f]
###############################################################################################################################################

################################################################################################################################################
Starting Execution:	[134 out of 161] test cases in the current suite
Test Method:		[testPackage01.Test_JsonActions.f2]
###############################################################################################################################################

################################################################################################################################################
Starting Execution:	[135 out of 161] test cases in the current suite
Test Method:		[testPackage01.Test_sendGraphqlRequest.sendGraphqlRequestUsingMutationAndVariables]
################################################################################################################################################
[ReportManager] GraphQl Request is being Performed with the Following Parameters [Service URL: https://api.spacex.land/graphql | Request Body: {"variables":"{\"name\": \"sherlock holmes\",\"rocket\": \"221B Baker Street\"}","query":"mutation ($name: String, $rocket: String) {\n  insert_users(objects: {name: $name, rocket: $rocket}) {\n    returning {\n      name\n      rocket\n    }\n  }\n}"}] @13-01-2022 08:07:44.0061 AM
[ReportManager] Response status code: [200], status line: [HTTP/1.1 200 OK] @13-01-2022 08:07:44.0850 AM
[ReportManager] Assertion Passed: Evaluating the actual response status code against the expected one... @13-01-2022 08:07:44.0850 AM
[ReportManager] Assertion [ValidateComparativeRelation] PASSED. Expected [200] and Actual [200]. Comparison Type [EQUALS]. Validation Type [POSITIVE]. @13-01-2022 08:07:44.0850 AM
[ReportManager] API Action [PerformRequest] successfully performed. With the following test data [Request Type: "POST" | Target Status Code: "200" | Service URL: "https://api.spacex.land/graphql" | Content Type: "application/json" | Response Time: "570ms"]. @13-01-2022 08:07:44.0916 AM
[ReportManager] Successfully created attachment [API Request - Specifications] @13-01-2022 08:07:44.0917 AM
[ReportManager] Successfully created attachment [API Request - JSON Body] @13-01-2022 08:07:44.0918 AM
[ReportManager] Successfully created attachment [API Response - JSON Body] @13-01-2022 08:07:44.0919 AM
[ReportManager] API Action [GetResponseJSONValue] successfully performed. With the following test data [data.insert_users.returning[0].name]. @13-01-2022 08:07:45.0023 AM
[ReportManager] Assertion [ValidateEquals] PASSED. Expected [sherlock holmes] and Actual [sherlock holmes]. Comparison Type [EQUALS]. Validation Type [POSITIVE]. @13-01-2022 08:07:45.0023 A

################################################################################################################################################
Starting Execution:	[136 out of 161] test cases in the current suite
Test Method:		[testPackage01.Test_sendGraphqlRequest.sendGraphqlRequestUsingQuery]
################################################################################################################################################
[ReportManager] GraphQl Request is being Performed with the Following Parameters [Service URL: https://api.spacex.land/graphql | Request Body: {"query":"{company {ceo}}"}] @13-01-2022 08:07:45.0046 AM
[ReportManager] Response status code: [200], status line: [HTTP/1.1 200 OK] @13-01-2022 08:07:45.0224 AM
[ReportManager] Assertion Passed: Evaluating the actual response status code against the expected one... @13-01-2022 08:07:45.0225 AM
[ReportManager] Assertion [ValidateComparativeRelation] PASSED. Expected [200] and Actual [200]. Comparison Type [EQUALS]. Validation Type [POSITIVE]. @13-01-2022 08:07:45.0225 AM
[ReportManager] API Action [PerformRequest] successfully performed. With the following test data [Request Type: "POST" | Target Status Code: "200" | Service URL: "https://api.spacex.land/graphql" | Content Type: "application/json" | Response Time: "173ms"]. @13-01-2022 08:07:45.0247 AM
[ReportManager] Successfully created attachment [API Request - Specifications] @13-01-2022 08:07:45.0248 AM
[ReportManager] Successfully created attachment [API Request - JSON Body] @13-01-2022 08:07:45.0249 AM
[ReportManager] Successfully created attachment [API Response - JSON Body] @13-01-2022 08:07:45.0249 AM
[ReportManager] API Action [GetResponseJSONValue] successfully performed. With the following test data [data.company.ceo]. @13-01-2022 08:07:45.0272 AM
[ReportManager] Assertion [ValidateEquals] PASSED. Expected [Elon Musk] and Actual [Elon Musk]. Comparison Type [EQUALS]. Validation Type [POSITIVE]. @13-01-2022 08:07:45.0273 A

################################################################################################################################################
Starting Execution:	[137 out of 161] test cases in the current suite
Test Method:		[testPackage01.Test_MatchJsonSchema.checkAPI_ResponseSchema]
################################################################################################################################################
[ReportManager] Response status code: [200], status line: [HTTP/1.1 200 OK] @13-01-2022 08:07:45.0401 AM
[ReportManager] Assertion Passed: Evaluating the actual response status code against the expected one... @13-01-2022 08:07:45.0401 AM
[ReportManager] Assertion [ValidateComparativeRelation] PASSED. Expected [200] and Actual [200]. Comparison Type [EQUALS]. Validation Type [POSITIVE]. @13-01-2022 08:07:45.0401 AM
[ReportManager] API Action [PerformRequest] successfully performed. With the following test data [Request Type: "GET" | Target Status Code: "200" | Service URL: "http://api.zippopotam.us/us/90210" | Content Type: "*/*" | Response Time: "106ms"]. @13-01-2022 08:07:45.0414 AM
[ReportManager] Successfully created attachment [API Request - Specifications] @13-01-2022 08:07:45.0415 AM
[ReportManager] Successfully created attachment [API Response - JSON Body] @13-01-2022 08:07:45.0415 AM
[ReportManager] File Action [GetAbsolutePath] successfully performed. With the following test data [Relative Folder Path: "src/test/resources/testDataFiles/schema.json"]. @13-01-2022 08:07:45.0416 AM
[ReportManager] File Action [GetAbsolutePath] successfully performed. With the following test data [Relative Folder Path: "/Users/runner/work/SHAFT_ENGINE/SHAFT_ENGINE/src/test/resources/testDataFiles/schema.json"]. @13-01-2022 08:07:46.0757 AM
[ReportManager] File Action [ReadFromFile] successfully performed. With the following test data [File Path: "/Users/runner/work/SHAFT_ENGINE/SHAFT_ENGINE/src/test/resources/testDataFiles/schema.json"]. @13-01-2022 08:07:46.0757 AM
[ReportManager] Assertion Passed: Then I Assert that the API response schema matches that in this file [src/test/resources/testDataFiles/schema.json]. @13-01-2022 08:07:46.0759 AM
[ReportManager] Successfully created attachment [Validation Test Data - Expected JSON Value] @13-01-2022 08:07:46.0760 AM
[ReportManager] Successfully created attachment [Validation Test Data - Actual JSON Value] @13-01-2022 08:07:46.0761 AM
[ReportManager] Assertion [ValidateResponseFileSchema] PASSED. Expected [Response data should match the JSON File in this path '/Users/runner/work/SHAFT_ENGINE/SHAFT_ENGINE/src/test/resources/testDataFiles/schema.json'] and Actual [TRUE]. Comparison Type [EQUALS]. Validation Type [POSITIVE]. @13-01-2022 08:07:46.0761 A
[ReportManager] File Action [GetAbsolutePath] successfully performed. With the following test data [Relative Folder Path: "target/downloadedFiles/"]. @13-01-2022 08:07:46.0764 AM
[ReportManager] Attempting to run locally on: [Mac-64], [Safari], Headless Execution. @13-01-2022 08:07:46.0765 AM
[ReportManager] Successfully Opened Safari. @13-01-2022 08:07:47.0582 AM
[ReportManager] Initial window size: (800, 600) @13-01-2022 08:07:47.0592 AM
[ReportManager] Window size after SWD Maximize: (1176, 803) @13-01-2022 08:07:47.0619 AM
[ReportManager] Browser Action [MaximizeWindow] successfully performed. With the following test data [New screen size is now: (1176, 803)]. @13-01-2022 08:07:47.0620 A

################################################################################################################################################
Starting Execution:	[138 out of 161] test cases in the current suite
Test Method:		[testPackage01.Test_dragAndDrop.dragAndDropJquery]
################################################################################################################################################
[ReportManager] Target URL: [https://jqueryui.com/resources/demos/droppable/default.html] @13-01-2022 08:07:47.0670 AM
[ReportManager] Initial URL: [] @13-01-2022 08:07:47.0701 AM
[ReportManager] Browser Action [NavigateToURL] successfully performed. With the following test data [https://jqueryui.com/resources/demos/droppable/default.html]. @13-01-2022 08:07:48.0028 AM
[ReportManager] Element Action [GetText] successfully performed. With the following test data [
	Drop here
]. @13-01-2022 08:07:48.0063 AM
[ReportManager] Element Action [DragAndDrop] successfully performed. With the following test data [Start point: (8, 18), End point: (8, 18)]. @13-01-2022 08:07:49.0126 AM
[ReportManager] Element Action [GetText] successfully performed. With the following test data [
	Dropped!
]. @13-01-2022 08:07:49.0157 AM
[ReportManager] Assertion Passed: Checking to see if the text has changed after performing drag and drop @13-01-2022 08:07:49.0157 AM
[ReportManager] Assertion [ValidateEquals] PASSED. Expected [
	Drop here
] and Actual [
	Dropped!
]. Comparison Type [EQUALS]. Validation Type [NEGATIVE]. @13-01-2022 08:07:49.0157 A
[ReportManager] Browser Action [CloseCurrentWindow] successfully performed. @13-01-2022 08:07:49.0349 AM
[ReportManager] Successfully created attachment [Browser Action Test Data - CloseCurrentWindow - Actual Value] @13-01-2022 08:07:49.0350 A
[ReportManager] File Action [GetAbsolutePath] successfully performed. With the following test data [Relative Folder Path: "target/downloadedFiles/"]. @13-01-2022 08:07:49.0352 AM
[ReportManager] Attempting to run locally on: [Mac-64], [Safari], Headless Execution. @13-01-2022 08:07:49.0352 AM
[ReportManager] Successfully Opened Safari. @13-01-2022 08:07:50.0231 AM
[ReportManager] Initial window size: (800, 600) @13-01-2022 08:07:50.0268 AM
[ReportManager] Window size after SWD Maximize: (1176, 803) @13-01-2022 08:07:50.0361 AM
[ReportManager] Browser Action [MaximizeWindow] successfully performed. With the following test data [New screen size is now: (1176, 803)]. @13-01-2022 08:07:50.0361 A

################################################################################################################################################
Starting Execution:	[139 out of 161] test cases in the current suite
Test Method:		[testPackage01.Test_dragAndDrop.dragAndDrop]
Test Description:	[TC001 - Test Drag and Drop function.]
################################################################################################################################################
[ReportManager] Target URL: [http://the-internet.herokuapp.com/drag_and_drop] @13-01-2022 08:07:50.0364 AM
[ReportManager] Initial URL: [] @13-01-2022 08:07:50.0410 AM
[ReportManager] Browser Action [NavigateToURL] successfully performed. With the following test data [http://the-internet.herokuapp.com/drag_and_drop]. @13-01-2022 08:07:50.0933 AM
[ReportManager] Attempting Drag and Drop @13-01-2022 08:07:50.0934 AM
[ReportManager] Element Action [DragAndDrop] successfully performed. With the following test data [Start point: (120, 89), End point: (335, 89)]. @13-01-2022 08:07:51.0584 A
[ReportManager] Browser Action [CloseCurrentWindow] successfully performed. @13-01-2022 08:07:51.0794 AM
[ReportManager] Successfully created attachment [Browser Action Test Data - CloseCurrentWindow - Actual Value] @13-01-2022 08:07:51.0795 A
[ReportManager] File Action [GetAbsolutePath] successfully performed. With the following test data [Relative Folder Path: "target/downloadedFiles/"]. @13-01-2022 08:07:51.0797 AM
[ReportManager] Attempting to run locally on: [Mac-64], [Safari], Headless Execution. @13-01-2022 08:07:51.0797 AM
[ReportManager] Successfully Opened Safari. @13-01-2022 08:07:52.0629 AM
[ReportManager] Initial window size: (800, 600) @13-01-2022 08:07:52.0656 AM
[ReportManager] Window size after SWD Maximize: (1176, 803) @13-01-2022 08:07:52.0683 AM
[ReportManager] Browser Action [MaximizeWindow] successfully performed. With the following test data [New screen size is now: (1176, 803)]. @13-01-2022 08:07:52.0683 A

################################################################################################################################################
Starting Execution:	[140 out of 161] test cases in the current suite
Test Method:		[testPackage01.Test_dragAndDrop.dragAndDropByOffset]
Test Description:	[TC002 - Test Drag and Drop by offset function.]
################################################################################################################################################
[ReportManager] Target URL: [https://jqueryui.com/resources/demos/draggable/default.html] @13-01-2022 08:07:52.0691 AM
[ReportManager] Initial URL: [] @13-01-2022 08:07:52.0763 AM
[ReportManager] Browser Action [NavigateToURL] successfully performed. With the following test data [https://jqueryui.com/resources/demos/draggable/default.html]. @13-01-2022 08:07:53.0215 AM
[ReportManager] Element Action [DragAndDropByOffset] successfully performed. With the following test data [Start point: (8, 8), End point: (108, 58)]. @13-01-2022 08:07:53.0995 A
[ReportManager] Browser Action [CloseCurrentWindow] successfully performed. @13-01-2022 08:07:54.0295 AM
[ReportManager] Successfully created attachment [Browser Action Test Data - CloseCurrentWindow - Actual Value] @13-01-2022 08:07:54.0295 A
[ReportManager] Successfully loaded the following test data file [src/test/resources/testDataFiles/testSuite01/TestData.xlsx]. @13-01-2022 08:07:54.0329 AM
[ReportManager] Successfully created attachment [Test Data - Excel] @13-01-2022 08:07:54.0330 AM
[ReportManager] File Action [GetAbsolutePath] successfully performed. With the following test data [Relative Folder Path: "target/downloadedFiles/"]. @13-01-2022 08:07:54.0330 AM
[ReportManager] Attempting to run locally on: [Mac-64], [Safari], Headless Execution. @13-01-2022 08:07:54.0330 AM
[ReportManager] Successfully Opened Safari. @13-01-2022 08:07:55.0151 AM
[ReportManager] Initial window size: (800, 600) @13-01-2022 08:07:55.0160 AM
[ReportManager] Window size after SWD Maximize: (1176, 803) @13-01-2022 08:07:55.0180 AM
[ReportManager] Browser Action [MaximizeWindow] successfully performed. With the following test data [New screen size is now: (1176, 803)]. @13-01-2022 08:07:55.0180 A

################################################################################################################################################
Starting Execution:	[141 out of 161] test cases in the current suite
Test Method:		[testPackage01.Test_google.navigateToURLandVerifyGoogleLogoIsDisplayed]
Test Description:	[TC001 - Navigate to URL and Verify Google Logo is Displayed]
################################################################################################################################################
[ReportManager] Target URL: [https://www.google.com/ncr], and after redirection: [https://www.google.com] @13-01-2022 08:07:55.0184 AM
[ReportManager] Initial URL: [] @13-01-2022 08:07:55.0239 AM
[ReportManager] Browser Action [NavigateToURL] successfully performed. With the following test data [https://www.google.com/ncr]. @13-01-2022 08:07:56.0502 AM
[ReportManager] Assertion Passed: Then I Assert that the element found by [By.xpath: //*[@id='hplogo' or @alt='Google']] exists. @13-01-2022 08:07:56.0679 AM
[ReportManager] Successfully created attachment [Screenshot - 1642061276618_navigateToURLandVerifyGoogleLogoIsDisplayed_ValidateElementExists_passed] @13-01-2022 08:07:56.0680 AM
[ReportManager] Assertion [ValidateElementExists] PASSED. Expected [Element Should Exist, locator 'By.xpath: //*[@id='hplogo' or @alt='Google']'] and Actual [Element Exists]. Comparison Type [EQUALS]. Validation Type [POSITIVE]. @13-01-2022 08:07:56.0680 A

################################################################################################################################################
Starting Execution:	[142 out of 161] test cases in the current suite
Test Method:		[testPackage01.Test_google.searchForQueryandAssertResultsNumDisplayed]
Test Description:	[TC002 - Search for Query and Assert that the number of results is displayed]
################################################################################################################################################
[ReportManager] Element Action [Type] successfully performed. With the following test data [SHAFT_Engine]. @13-01-2022 08:07:56.0983 AM
[ReportManager] Element Action [KeyPress] successfully performed. With the following test data [Enter]. @13-01-2022 08:07:57.0108 AM
[ReportManager] Element Action [GetText] successfully performed. With the following test data [About 874,000 results (0.83 seconds)Â ]. @13-01-2022 08:07:58.0199 AM
[ReportManager] Assertion Passed: Then I Assert that the element found by [By.id: appbar] text does not equal []. @13-01-2022 08:08:00.0251 AM
[ReportManager] Successfully created attachment [Screenshot - 1642061280172_searchForQueryandAssertResultsNumDisplayed_ValidateElementAttribute_passed] @13-01-2022 08:08:00.0253 AM
[ReportManager] Assertion [ValidateElementAttribute] PASSED. Expected [Value Should not be '' for the 'text' attribute, element locator 'By.id: appbar'] and Actual [About 874,000 results (0.83 seconds)Â ]. Comparison Type [EQUALS]. Validation Type [NEGATIVE]. @13-01-2022 08:08:00.0253 A

################################################################################################################################################
Starting Execution:	[143 out of 161] test cases in the current suite
Test Method:		[testPackage01.Test_google.clickNextThrice]
Test Description:	[TC003 - Clicks the next button to make sure that the framework can scroll element into view before clicking it]
################################################################################################################################################
[ReportManager] Element Action [Click] successfully performed. With the following test data [By.xpath: //span[text()='Next']]. @13-01-2022 08:08:01.0412 A
[ReportManager] Successfully Closed All Drivers. @13-01-2022 08:08:01.0840 A
[ReportManager] File Action [GetAbsolutePath] successfully performed. With the following test data [Relative Folder Path: "target/downloadedFiles/"]. @13-01-2022 08:08:01.0842 AM
[ReportManager] Attempting to run locally on: [Mac-64], [Safari], Headless Execution. @13-01-2022 08:08:01.0842 AM
[ReportManager] Successfully Opened Safari. @13-01-2022 08:08:02.0662 AM
[ReportManager] Initial window size: (800, 600) @13-01-2022 08:08:02.0689 AM
[ReportManager] Window size after SWD Maximize: (1176, 803) @13-01-2022 08:08:02.0741 AM
[ReportManager] Browser Action [MaximizeWindow] successfully performed. With the following test data [New screen size is now: (1176, 803)]. @13-01-2022 08:08:02.0742 A

################################################################################################################################################
Starting Execution:	[144 out of 161] test cases in the current suite
Test Method:		[testPackage01.Test_chainableElementActions.chainElementActions]
################################################################################################################################################
[ReportManager] Target URL: [https://www.google.com/ncr], and after redirection: [https://www.google.com] @13-01-2022 08:08:02.0745 AM
[ReportManager] Initial URL: [] @13-01-2022 08:08:02.0799 AM
[ReportManager] Browser Action [NavigateToURL] successfully performed. With the following test data [https://www.google.com/ncr]. @13-01-2022 08:08:03.0982 AM
[ReportManager] Element Action [Type] successfully performed. With the following test data [chained type 1]. @13-01-2022 08:08:04.0220 AM
[ReportManager] Element Action [Type] successfully performed. With the following test data [chained type 2]. @13-01-2022 08:08:04.0523 AM
[ReportManager] Element Action [TypeAppend] successfully performed. With the following test data [345]. @13-01-2022 08:08:04.0606 AM
[ReportManager] Element Action [GetText] successfully performed. With the following test data [chained type 2345]. @13-01-2022 08:08:04.0689 AM
[ReportManager] Assertion Passed: Then I Assert that the element found by [By.name: q] text is equal to [chained type 2345]. @13-01-2022 08:08:04.0905 AM
[ReportManager] Successfully created attachment [Screenshot - 1642061284792_chainElementActions_ValidateElementAttribute_passed] @13-01-2022 08:08:04.0906 AM
[ReportManager] Assertion [ValidateElementAttribute] PASSED. Expected [Value Should be 'chained type 2345' for the 'text' attribute, element locator 'By.name: q'] and Actual [chained type 2345]. Comparison Type [EQUALS]. Validation Type [POSITIVE]. @13-01-2022 08:08:04.0906 A
[ReportManager] Successfully Closed All Drivers. @13-01-2022 08:08:05.0156 A
[ReportManager] File Action [GetAbsolutePath] successfully performed. With the following test data [Relative Folder Path: "target/downloadedFiles/"]. @13-01-2022 08:08:05.0158 AM
[ReportManager] Attempting to run locally on: [Mac-64], [Safari], Headless Execution. @13-01-2022 08:08:05.0158 AM
[ReportManager] Successfully Opened Safari. @13-01-2022 08:08:06.0034 AM
[ReportManager] Initial window size: (800, 600) @13-01-2022 08:08:06.0048 AM
[ReportManager] Window size after SWD Maximize: (1176, 803) @13-01-2022 08:08:06.0081 AM
[ReportManager] Browser Action [MaximizeWindow] successfully performed. With the following test data [New screen size is now: (1176, 803)]. @13-01-2022 08:08:06.0081 A

################################################################################################################################################
Starting Execution:	[145 out of 161] test cases in the current suite
Test Method:		[testPackage01.Test_RelativeLocators.relativeLocatorsTest1]
################################################################################################################################################
[ReportManager] Target URL: [https://duckduckgo.com/] @13-01-2022 08:08:06.0085 AM
[ReportManager] Initial URL: [] @13-01-2022 08:08:06.0129 AM
[ReportManager] Browser Action [NavigateToURL] successfully performed. With the following test data [https://duckduckgo.com/]. @13-01-2022 08:08:06.0885 AM
[ReportManager] Element Action [Type] successfully performed. With the following test data [SHAFT_Engine]. @13-01-2022 08:08:07.0115 AM
[ReportManager] Element Action [KeyPress] successfully performed. With the following test data [ENTER]. @13-01-2022 08:08:07.0186 AM
[ReportManager] Element Action [GetText] successfully performed. With the following test data [GitHub - MohabMohie/SHAFT_ENGINE: SHAFT_ENGINE is a Test ...]. @13-01-2022 08:08:08.0784 AM
[ReportManager] Assertion Passed: Then I Assert that the element found by [Relative Locator: {root={xpath=//a[@class='result__a js-result-title-link']}, filters=[{kind=below, args=[{xpath=//input[@name='q']}]}]}] text does not equal []. @13-01-2022 08:08:09.0095 AM
[ReportManager] Successfully created attachment [Screenshot - 1642061288957_relativeLocatorsTest1_ValidateElementAttribute_passed] @13-01-2022 08:08:09.0098 AM
[ReportManager] Assertion [ValidateElementAttribute] PASSED. Expected [Value Should not be '' for the 'text' attribute, element locator '[unknown locator]'] and Actual [GitHub - MohabMohie/SHAFT_ENGINE: SHAFT_ENGINE is a Test ...]. Comparison Type [EQUALS]. Validation Type [NEGATIVE]. @13-01-2022 08:08:09.0098 A
[ReportManager] Browser Action [CloseCurrentWindow] successfully performed. @13-01-2022 08:08:09.0544 AM
[ReportManager] Successfully created attachment [Browser Action Test Data - CloseCurrentWindow - Actual Value] @13-01-2022 08:08:09.0546 A

################################################################################################################################################
Starting Execution:	[146 out of 161] test cases in the current suite
Test Method:		[testPackage01.Test_JsonCompareWithSpecialCharacters.specialCharacters]
################################################################################################################################################
[ReportManager] File Action [GetAbsolutePath] successfully performed. With the following test data [Relative Folder Path: "src/test/resources/testDataFiles/specialCharacters.json"]. @13-01-2022 08:08:09.0551 AM
[ReportManager] File Action [ReadFromFile] successfully performed. With the following test data [File Path: "/Users/runner/work/SHAFT_ENGINE/SHAFT_ENGINE/src/test/resources/testDataFiles/specialCharacters.json"]. @13-01-2022 08:08:09.0552 AM
[ReportManager] Successfully created attachment [File Action Actual Result - Command Log] @13-01-2022 08:08:09.0552 AM
[ReportManager] Comparing the provided API response with the file at this path "src/test/resources/testDataFiles/specialCharacters.json", comparison type "EQUALS" @13-01-2022 08:08:09.0555 AM
[ReportManager] API Action [CompareJSON] successfully performed. With the following test data [src/test/resources/testDataFiles/specialCharacters.json]. @13-01-2022 08:08:09.0561 AM
[ReportManager] File Action [GetAbsolutePath] successfully performed. With the following test data [Relative Folder Path: "src/test/resources/testDataFiles/specialCharacters.json"]. @13-01-2022 08:08:09.0562 AM
[ReportManager] File Action [ReadFromFile] successfully performed. With the following test data [File Path: "/Users/runner/work/SHAFT_ENGINE/SHAFT_ENGINE/src/test/resources/testDataFiles/specialCharacters.json"]. @13-01-2022 08:08:09.0562 AM
[ReportManager] Verification [ValidateJSONFileContent] PASSED. Expected [Response data should match the JSON File in this path 'src/test/resources/testDataFiles/specialCharacters.json'] and Actual [TRUE]. Comparison Type [EQUALS]. Validation Type [POSITIVE]. @13-01-2022 08:08:09.0566 AM
[ReportManager] Successfully created attachment [Validation Test Data - Expected JSON Value] @13-01-2022 08:08:09.0567 AM
[ReportManager] Successfully created attachment [Validation Test Data - Actual JSON Value] @13-01-2022 08:08:09.0567 A

################################################################################################################################################
Starting Execution:	[147 out of 161] test cases in the current suite
Test Method:		[testPackage01.Test_JsonCompareWithSpecialCharacters.specialCharacters_assertion]
################################################################################################################################################
[ReportManager] File Action [GetAbsolutePath] successfully performed. With the following test data [Relative Folder Path: "src/test/resources/testDataFiles/specialCharacters.json"]. @13-01-2022 08:08:09.0570 AM
[ReportManager] File Action [ReadFromFile] successfully performed. With the following test data [File Path: "/Users/runner/work/SHAFT_ENGINE/SHAFT_ENGINE/src/test/resources/testDataFiles/specialCharacters.json"]. @13-01-2022 08:08:09.0571 AM
[ReportManager] Successfully created attachment [File Action Actual Result - Command Log] @13-01-2022 08:08:09.0571 AM
[ReportManager] Comparing the provided API response with the file at this path "src/test/resources/testDataFiles/specialCharacters.json", comparison type "CONTAINS" @13-01-2022 08:08:09.0572 AM
[ReportManager] API Action [CompareJSON] successfully performed. With the following test data [src/test/resources/testDataFiles/specialCharacters.json]. @13-01-2022 08:08:09.0579 AM
[ReportManager] File Action [GetAbsolutePath] successfully performed. With the following test data [Relative Folder Path: "src/test/resources/testDataFiles/specialCharacters.json"]. @13-01-2022 08:08:09.0579 AM
[ReportManager] File Action [ReadFromFile] successfully performed. With the following test data [File Path: "/Users/runner/work/SHAFT_ENGINE/SHAFT_ENGINE/src/test/resources/testDataFiles/specialCharacters.json"]. @13-01-2022 08:08:09.0580 AM
[ReportManager] Assertion Passed: trying out the log message @13-01-2022 08:08:09.0583 AM
[ReportManager] Successfully created attachment [Validation Test Data - Expected JSON Value] @13-01-2022 08:08:09.0584 AM
[ReportManager] Successfully created attachment [Validation Test Data - Actual JSON Value] @13-01-2022 08:08:09.0584 AM
[ReportManager] Assertion [ValidateJSONFileContent] PASSED. Expected [Response data should match the JSON File in this path 'src/test/resources/testDataFiles/specialCharacters.json'] and Actual [TRUE]. Comparison Type [CONTAINS]. Validation Type [POSITIVE]. @13-01-2022 08:08:09.0584 A

################################################################################################################################################
Starting Execution:	[148 out of 161] test cases in the current suite
Test Method:		[testPackage01.Test_SkipDueToIssue.doNotSkip]
################################################################################################################################################
[ReportManager] This should not be skipped. @13-01-2022 08:08:09.0587 A

################################################################################################################################################
Starting Execution:	[149 out of 161] test cases in the current suite
Test Method:		[testPackage01.Test_SkipDueToIssue.skip]
################################################################################################################################################
[ReportManager] This should be skipped. @13-01-2022 08:08:09.0594 A

################################################################################################################################################
Starting Execution:	[150 out of 161] test cases in the current suite
Test Method:		[testPackage01.Test_SkipDueToIssue.skip2]
################################################################################################################################################
[ReportManager] This should be skipped. @13-01-2022 08:08:09.0599 A

################################################################################################################################################
Starting Execution:	[151 out of 161] test cases in the current suite
Test Method:		[testPackage01.Test_JSONFileManager.readStringFromJson]
################################################################################################################################################
[ReportManager] File Action [GetAbsolutePath] successfully performed. With the following test data [Relative Folder Path: "src/test/resources/testDataFiles/simpleJSON.json"]. @13-01-2022 08:08:09.0604 AM
[ReportManager] Successfully loaded the following test data file [src/test/resources/testDataFiles/simpleJSON.json]. @13-01-2022 08:08:09.0604 AM
[ReportManager] Successfully created attachment [Test Data - JSON] @13-01-2022 08:08:09.0605 AM
[ReportManager] File Action [GetAbsolutePath] successfully performed. With the following test data [Relative Folder Path: "src/test/resources/testDataFiles/simpleJSON.json"]. @13-01-2022 08:08:09.0606 AM
[ReportManager] Assertion [ValidateEquals] PASSED. Expected [Mohab Mohie] and Actual [Mohab Mohie]. Comparison Type [EQUALS]. Validation Type [POSITIVE]. @13-01-2022 08:08:09.0620 A
[ReportManager] File Action [GetAbsolutePath] successfully performed. With the following test data [Relative Folder Path: "target/downloadedFiles/"]. @13-01-2022 08:08:09.0622 AM
[ReportManager] Attempting to run locally on: [Mac-64], [Safari], Headless Execution. @13-01-2022 08:08:09.0622 AM
[ReportManager] Successfully Opened Safari. @13-01-2022 08:08:10.0446 AM
[ReportManager] Initial window size: (800, 600) @13-01-2022 08:08:10.0457 AM
[ReportManager] Window size after SWD Maximize: (1176, 803) @13-01-2022 08:08:10.0476 AM
[ReportManager] Browser Action [MaximizeWindow] successfully performed. With the following test data [New screen size is now: (1176, 803)]. @13-01-2022 08:08:10.0477 A

################################################################################################################################################
Starting Execution:	[152 out of 161] test cases in the current suite
Test Method:		[testPackage01.Test_assertEquals.test_assertElementAttribute]
################################################################################################################################################
[ReportManager] Target URL: [https://www.google.com/ncr], and after redirection: [https://www.google.com] @13-01-2022 08:08:10.0499 AM
[ReportManager] Initial URL: [] @13-01-2022 08:08:10.0566 AM
[ReportManager] Browser Action [NavigateToURL] successfully performed. With the following test data [https://www.google.com/ncr]. @13-01-2022 08:08:11.0744 AM
[ReportManager] Element Action [Type] successfully performed. With the following test data [INC_004010050:Another SCHEDULER with the same name [Duplicate Job Name] already exists.]. @13-01-2022 08:08:12.0463 AM
[ReportManager] Element Action [GetText] successfully performed. With the following test data [INC_004010050:Another SCHEDULER with the same name [Duplicate Job Name] already exists.]. @13-01-2022 08:08:12.0529 AM
[ReportManager] Assertion [ValidateElementAttribute] PASSED. Expected [Value Should be 'INC_004010050:Another SCHEDULER with the same name \[Duplicate Job Name\] already exists.' for the 'text' attribute, element locator 'By.name: q'] and Actual [INC_004010050:Another SCHEDULER with the same name [Duplicate Job Name] already exists.]. Comparison Type [MATCHES]. Validation Type [POSITIVE]. @13-01-2022 08:08:12.0722 AM
[ReportManager] Successfully created attachment [Screenshot - 1642061292610_test_assertElementAttribute_ValidateElementAttribute_passed] @13-01-2022 08:08:12.0723 A
[ReportManager] Browser Action [CloseCurrentWindow] successfully performed. @13-01-2022 08:08:13.0124 AM
[ReportManager] Successfully created attachment [Browser Action Test Data - CloseCurrentWindow - Actual Value] @13-01-2022 08:08:13.0125 A
[ReportManager] File Action [GetAbsolutePath] successfully performed. With the following test data [Relative Folder Path: "target/downloadedFiles/"]. @13-01-2022 08:08:13.0126 AM
[ReportManager] Attempting to run locally on: [Mac-64], [Safari], Headless Execution. @13-01-2022 08:08:13.0126 AM
[ReportManager] Successfully Opened Safari. @13-01-2022 08:08:13.0967 AM
[ReportManager] Initial window size: (800, 600) @13-01-2022 08:08:13.0984 AM
[ReportManager] Window size after SWD Maximize: (1176, 803) @13-01-2022 08:08:14.0015 AM
[ReportManager] Browser Action [MaximizeWindow] successfully performed. With the following test data [New screen size is now: (1176, 803)]. @13-01-2022 08:08:14.0015 A

################################################################################################################################################
Starting Execution:	[153 out of 161] test cases in the current suite
Test Method:		[testPackage01.Test_IsElementClickable.testIsElementClickable]
################################################################################################################################################
[ReportManager] Target URL: [https://the-internet.herokuapp.com/] @13-01-2022 08:08:14.0019 AM
[ReportManager] Initial URL: [] @13-01-2022 08:08:14.0063 AM
[ReportManager] Browser Action [NavigateToURL] successfully performed. With the following test data [https://the-internet.herokuapp.com/]. @13-01-2022 08:08:14.0429 AM
[ReportManager] Element Action [IsElementClickable] successfully performed. @13-01-2022 08:08:14.0541 AM
[ReportManager] Assertion [ValidateTrue] PASSED. Expected [TRUE] and Actual [TRUE]. Validation Type [POSITIVE]. @13-01-2022 08:08:14.0541 A
[ReportManager] Browser Action [CloseCurrentWindow] successfully performed. @13-01-2022 08:08:14.0671 AM
[ReportManager] Successfully created attachment [Browser Action Test Data - CloseCurrentWindow - Actual Value] @13-01-2022 08:08:14.0671 A
[ReportManager] Successfully loaded the following test data file [src/test/resources/testDataFiles/testSuite01/TestData.xlsx]. @13-01-2022 08:08:14.0699 AM
[ReportManager] Successfully created attachment [Test Data - Excel] @13-01-2022 08:08:14.0700 AM
[ReportManager] Attempting to run using Playwright locally on: [Mac-64], [Safari], Headless Execution. @13-01-2022 08:08:37.0422 AM
[ReportManager] File Action [GetAbsolutePath] successfully performed. With the following test data [Relative Folder Path: "target/downloadedFiles/"]. @13-01-2022 08:08:37.0424 AM
[ReportManager] Initial window size: (1280, 720) @13-01-2022 08:08:41.0913 AM
[ReportManager] Window size after Toolkit: com.microsoft.playwright.options.ViewportSize@723e9e3a @13-01-2022 08:08:41.0922 AM
[ReportManager] Browser Action [MaximizeWindow] successfully performed. With the following test data [New screen size is now: (1920, 1080)]. @13-01-2022 08:08:41.0923 A

################################################################################################################################################
Starting Execution:	[154 out of 161] test cases in the current suite
Test Method:		[testPackage01.Test_google_playwright.navigateToURLandVerifyGoogleLogoIsDisplayed]
Test Description:	[TC001 - Navigate to URL and Verify Google Logo is Displayed]
################################################################################################################################################
[ReportManager] Target URL: [https://www.google.com/ncr], and after redirection: [https://www.google.com] @13-01-2022 08:08:42.0082 AM
[ReportManager] Initial URL: [about:blank] @13-01-2022 08:08:42.0471 AM
[ReportManager] Browser Action [NavigateToURL] successfully performed. With the following test data [https://www.google.com/ncr]. @13-01-2022 08:08:44.0418 AM
[ReportManager] Assertion [ValidateElementExists] PASSED. Expected [Element Should Exist, locator 'xpath=//*[@id='hplogo' or @alt='Google']'] and Actual [Element Exists]. Comparison Type [EQUALS]. Validation Type [POSITIVE]. @13-01-2022 08:08:44.0707 AM
[ReportManager] Successfully created attachment [Screenshot - 1642061324589_navigateToURLandVerifyGoogleLogoIsDisplayed_ValidateElementExists_passed] @13-01-2022 08:08:44.0710 A

################################################################################################################################################
Starting Execution:	[155 out of 161] test cases in the current suite
Test Method:		[testPackage01.Test_google_playwright.searchForQueryandAssertResultsNumDisplayed]
Test Description:	[TC002 - Search for Query and Assert that the number of results is displayed]
################################################################################################################################################
[ReportManager] Element Action [Type] successfully performed. With the following test data [SHAFT_Engine]. @13-01-2022 08:08:44.0993 AM
[ReportManager] Element Action [KeyPress] successfully performed. With the following test data [Enter]. @13-01-2022 08:08:45.0130 AM
[ReportManager] Element Action [GetText] successfully performed. With the following test data [About 874,000 results (0.78 seconds)Â 
]. @13-01-2022 08:08:46.0176 AM
[ReportManager] Assertion [ValidateElementAttribute] PASSED. Expected [Value Should not be '' for the 'text' attribute, element locator 'xpath=//div[@id='appbar']'] and Actual [About 874,000 results (0.78 seconds)Â 
]. Comparison Type [EQUALS]. Validation Type [NEGATIVE]. @13-01-2022 08:08:48.0249 AM
[ReportManager] Successfully created attachment [Screenshot - 1642061328082_searchForQueryandAssertResultsNumDisplayed_ValidateElementAttribute_passed] @13-01-2022 08:08:48.0251 A

################################################################################################################################################
Starting Execution:	[156 out of 161] test cases in the current suite
Test Method:		[testPackage01.Test_google_playwright.clickNextThrice]
Test Description:	[TC003 - Clicks the next button to make sure that the framework can scroll element into view before clicking it]
################################################################################################################################################
[ReportManager] Element Action [Click] successfully performed. With the following test data [Next]. @13-01-2022 08:08:48.0584 A
[ReportManager] Failed to find video recording. @13-01-2022 08:08:48.0586 AM
[ReportManager] Successfully Closed PlayWright Driver. @13-01-2022 08:08:48.0631 A
[ReportManager] File Action [GetAbsolutePath] successfully performed. With the following test data [Relative Folder Path: "target/downloadedFiles/"]. @13-01-2022 08:08:48.0632 AM
[ReportManager] Attempting to run locally on: [Mac-64], [Safari], Headless Execution. @13-01-2022 08:08:48.0632 AM
[ReportManager] Successfully Opened Safari. @13-01-2022 08:08:49.0520 AM
[ReportManager] Initial window size: (800, 600) @13-01-2022 08:08:49.0538 AM
[ReportManager] Window size after SWD Maximize: (1176, 803) @13-01-2022 08:08:49.0574 AM
[ReportManager] Browser Action [MaximizeWindow] successfully performed. With the following test data [New screen size is now: (1176, 803)]. @13-01-2022 08:08:49.0574 A

################################################################################################################################################
Starting Execution:	[157 out of 161] test cases in the current suite
Test Method:		[testPackage01.Test_verifyEquals.test_assertElementAttribute]
################################################################################################################################################
[ReportManager] Target URL: [https://www.google.com/ncr], and after redirection: [https://www.google.com] @13-01-2022 08:08:49.0576 AM
[ReportManager] Initial URL: [] @13-01-2022 08:08:49.0627 AM
[ReportManager] Browser Action [NavigateToURL] successfully performed. With the following test data [https://www.google.com/ncr]. @13-01-2022 08:08:50.0875 AM
[ReportManager] Element Action [Type] successfully performed. With the following test data [INC_004010050:Another SCHEDULER with the same name [Duplicate Job Name] already exists.]. @13-01-2022 08:08:51.0620 AM
[ReportManager] Element Action [GetText] successfully performed. With the following test data [INC_004010050:Another SCHEDULER with the same name [Duplicate Job Name] already exists.]. @13-01-2022 08:08:51.0724 AM
[ReportManager] Verification [ValidateElementAttribute] PASSED. Expected [Value Should be 'INC_004010050:Another SCHEDULER with the same name \[Duplicate Job Name\] already exists.' for the 'text' attribute, element locator 'By.name: q'] and Actual [INC_004010050:Another SCHEDULER with the same name [Duplicate Job Name] already exists.]. Comparison Type [MATCHES]. Validation Type [POSITIVE]. @13-01-2022 08:08:51.0911 AM
[ReportManager] Successfully created attachment [Screenshot - 1642061331800_test_assertElementAttribute_ValidateElementAttribute_passed] @13-01-2022 08:08:51.0912 A
[ReportManager] Browser Action [CloseCurrentWindow] successfully performed. @13-01-2022 08:08:52.0294 AM
[ReportManager] Successfully created attachment [Browser Action Test Data - CloseCurrentWindow - Actual Value] @13-01-2022 08:08:52.0335 A

################################################################################################################################################
Starting Execution:	[158 out of 161] test cases in the current suite
Test Method:		[testPackage01.Test_SelectedValue.multipleSelect]
################################################################################################################################################
[ReportManager] File Action [GetAbsolutePath] successfully performed. With the following test data [Relative Folder Path: "target/downloadedFiles/"]. @13-01-2022 08:08:52.0378 AM
[ReportManager] Attempting to run locally on: [Mac-64], [GoogleChrome], Headless Execution. @13-01-2022 08:08:52.0379 AM
[ReportManager] Identifying OS/Driver combination and selecting the correct driver version automatically. Please note that if a new driver executable will be downloaded it may take some time... @13-01-2022 08:08:52.0379 AM
[ReportManager] Successfully Opened Google Chrome. @13-01-2022 08:08:55.0423 AM
[ReportManager] Initial window size: (1920, 1080) @13-01-2022 08:08:55.0427 AM
[ReportManager] Window size after SWD Maximize: (1920, 1080) @13-01-2022 08:08:55.0536 AM
[ReportManager] Window size after Toolkit: (1920, 1080) @13-01-2022 08:08:55.0983 AM
[ReportManager] Browser Action [MaximizeWindow] successfully performed. With the following test data [New screen size is now: (1920, 1080)]. @13-01-2022 08:08:55.0986 AM
[ReportManager] Target URL: [https://yari-demos.prod.mdn.mozit.cloud/en-US/docs/Web/HTML/Element/select/_sample_.Advanced_select_with_multiple_features.html] @13-01-2022 08:08:55.0986 AM
[ReportManager] Initial URL: [data:,] @13-01-2022 08:08:56.0015 AM
[ReportManager] Browser Action [NavigateToURL] successfully performed. With the following test data [https://yari-demos.prod.mdn.mozit.cloud/en-US/docs/Web/HTML/Element/select/_sample_.Advanced_select_with_multiple_features.html]. @13-01-2022 08:08:56.0348 AM
[ReportManager] Element Action [Select] successfully performed. With the following test data [Dog]. @13-01-2022 08:08:56.0572 AM
[ReportManager] Element Action [Select] successfully performed. With the following test data [Cat]. @13-01-2022 08:08:56.0746 AM
[ReportManager] Element Action [GetSelectedText] successfully performed. With the following test data [DogCat]. @13-01-2022 08:08:56.0856 AM
[ReportManager] DogCat @13-01-2022 08:08:56.0857 AM
[ReportManager] Element Action [GetSelectedText] successfully performed. With the following test data [DogCat]. @13-01-2022 08:08:56.0937 AM
[ReportManager] Assertion [ValidateElementAttribute] PASSED. Expected [Value Should be 'DogCat' for the 'selectedText' attribute, element locator 'By.tagName: select'] and Actual [DogCat]. Comparison Type [EQUALS]. Validation Type [POSITIVE]. @13-01-2022 08:08:57.0648 AM
[ReportManager] Successfully created attachment [Screenshot - 1642061337505_multipleSelect_ValidateElementAttribute_passed] @13-01-2022 08:08:57.0649 AM
[ReportManager] Browser Action [CloseCurrentWindow] successfully performed. @13-01-2022 08:08:57.0964 AM
[ReportManager] Successfully created attachment [Browser Action Test Data - CloseCurrentWindow - Actual Value] @13-01-2022 08:08:57.0965 A

################################################################################################################################################
Starting Execution:	[159 out of 161] test cases in the current suite
Test Method:		[testPackage01.Test_SelectedValue.simpleSelect]
################################################################################################################################################
[ReportManager] File Action [GetAbsolutePath] successfully performed. With the following test data [Relative Folder Path: "target/downloadedFiles/"]. @13-01-2022 08:08:57.0971 AM
[ReportManager] Attempting to run locally on: [Mac-64], [GoogleChrome], Headless Execution. @13-01-2022 08:08:57.0971 AM
[ReportManager] Identifying OS/Driver combination and selecting the correct driver version automatically. Please note that if a new driver executable will be downloaded it may take some time... @13-01-2022 08:08:57.0971 AM
[ReportManager] Successfully Opened Google Chrome. @13-01-2022 08:08:58.0567 AM
[ReportManager] Initial window size: (1920, 1080) @13-01-2022 08:08:58.0571 AM
[ReportManager] Window size after SWD Maximize: (1920, 1080) @13-01-2022 08:08:58.0706 AM
[ReportManager] Window size after Toolkit: (1920, 1080) @13-01-2022 08:08:59.0290 AM
[ReportManager] Browser Action [MaximizeWindow] successfully performed. With the following test data [New screen size is now: (1920, 1080)]. @13-01-2022 08:08:59.0294 AM
[ReportManager] Target URL: [https://yari-demos.prod.mdn.mozit.cloud/en-US/docs/Web/HTML/Element/select/_sample_.Basic_select.html] @13-01-2022 08:08:59.0294 AM
[ReportManager] Initial URL: [data:,] @13-01-2022 08:08:59.0327 AM
[ReportManager] Browser Action [NavigateToURL] successfully performed. With the following test data [https://yari-demos.prod.mdn.mozit.cloud/en-US/docs/Web/HTML/Element/select/_sample_.Basic_select.html]. @13-01-2022 08:08:59.0586 AM
[ReportManager] Element Action [Select] successfully performed. With the following test data [Third Value]. @13-01-2022 08:08:59.0928 AM
[ReportManager] Element Action [GetSelectedText] successfully performed. With the following test data [Third Value]. @13-01-2022 08:09:00.0012 AM
[ReportManager] Third Value @13-01-2022 08:09:00.0012 AM
[ReportManager] Element Action [GetSelectedText] successfully performed. With the following test data [Third Value]. @13-01-2022 08:09:00.0079 AM
[ReportManager] Assertion [ValidateElementAttribute] PASSED. Expected [Value Should be 'Third Value' for the 'selectedText' attribute, element locator 'By.tagName: select'] and Actual [Third Value]. Comparison Type [EQUALS]. Validation Type [POSITIVE]. @13-01-2022 08:09:00.0654 AM
[ReportManager] Successfully created attachment [Screenshot - 1642061340548_simpleSelect_ValidateElementAttribute_passed] @13-01-2022 08:09:00.0655 AM
[ReportManager] Browser Action [CloseCurrentWindow] successfully performed. @13-01-2022 08:09:00.0951 AM
[ReportManager] Successfully created attachment [Browser Action Test Data - CloseCurrentWindow - Actual Value] @13-01-2022 08:09:00.0952 A
[ReportManager] File Action [GetAbsolutePath] successfully performed. With the following test data [Relative Folder Path: "target/downloadedFiles/"]. @13-01-2022 08:09:00.0954 AM
[ReportManager] Attempting to run locally on: [Mac-64], [Safari], Headless Execution. @13-01-2022 08:09:00.0954 AM
[ReportManager] Successfully Opened Safari. @13-01-2022 08:09:01.0752 AM
[ReportManager] Initial window size: (800, 600) @13-01-2022 08:09:01.0779 AM
[ReportManager] Window size after SWD Maximize: (1176, 803) @13-01-2022 08:09:01.0809 AM
[ReportManager] Browser Action [MaximizeWindow] successfully performed. With the following test data [New screen size is now: (1176, 803)]. @13-01-2022 08:09:01.0809 A

################################################################################################################################################
Starting Execution:	[160 out of 161] test cases in the current suite
Test Method:		[testPackage01.Test_dynamicLoading.dynamicLoading_elementIsHidden]
################################################################################################################################################
[ReportManager] Target URL: [https://the-internet.herokuapp.com/dynamic_loading/1] @13-01-2022 08:09:01.0852 AM
[ReportManager] Initial URL: [] @13-01-2022 08:09:01.0883 AM
[ReportManager] Browser Action [NavigateToURL] successfully performed. With the following test data [https://the-internet.herokuapp.com/dynamic_loading/1]. @13-01-2022 08:09:02.0217 AM
[ReportManager] Element Action [Click] successfully performed. With the following test data [By.xpath: //button[text()='Start']]. @13-01-2022 08:09:02.0434 AM
[ReportManager] Element Action [GetText] successfully performed. With the following test data [
    Hello World!
  ]. @13-01-2022 08:09:02.0468 A
[ReportManager] Browser Action [CloseCurrentWindow] successfully performed. @13-01-2022 08:09:02.0853 AM
[ReportManager] Successfully created attachment [Browser Action Test Data - CloseCurrentWindow - Actual Value] @13-01-2022 08:09:02.0854 A
[ReportManager] File Action [GetAbsolutePath] successfully performed. With the following test data [Relative Folder Path: "target/downloadedFiles/"]. @13-01-2022 08:09:02.0857 AM
[ReportManager] Attempting to run locally on: [Mac-64], [Safari], Headless Execution. @13-01-2022 08:09:02.0857 AM
[ReportManager] Successfully Opened Safari. @13-01-2022 08:09:03.0718 AM
[ReportManager] Initial window size: (800, 600) @13-01-2022 08:09:03.0731 AM
[ReportManager] Window size after SWD Maximize: (1176, 803) @13-01-2022 08:09:03.0750 AM
[ReportManager] Browser Action [MaximizeWindow] successfully performed. With the following test data [New screen size is now: (1176, 803)]. @13-01-2022 08:09:03.0751 A

################################################################################################################################################
Starting Execution:	[161 out of 161] test cases in the current suite
Test Method:		[testPackage01.Test_dynamicLoading.dynamicLoading_elementIsRendered]
################################################################################################################################################
[ReportManager] Target URL: [https://the-internet.herokuapp.com/dynamic_loading/2] @13-01-2022 08:09:03.0754 AM
[ReportManager] Initial URL: [] @13-01-2022 08:09:03.0816 AM
[ReportManager] Browser Action [NavigateToURL] successfully performed. With the following test data [https://the-internet.herokuapp.com/dynamic_loading/2]. @13-01-2022 08:09:04.0183 AM
[ReportManager] Element Action [Click] successfully performed. With the following test data [By.xpath: //button[text()='Start']]. @13-01-2022 08:09:04.0472 AM
[ReportManager] Element Action [GetText] successfully performed. With the following test data [Hello World!]. @13-01-2022 08:09:10.0172 AM
[ReportManager] Assertion [ValidateElementAttribute] PASSED. Expected [Value Should be 'Hello World!' for the 'text' attribute, element locator 'By.id: finish'] and Actual [Hello World!]. Comparison Type [CONTAINS]. Validation Type [POSITIVE]. @13-01-2022 08:09:10.0358 AM
[ReportManager] Successfully created attachment [Screenshot - 1642061350248_dynamicLoading_elementIsRendered_ValidateElementAttribute_passed] @13-01-2022 08:09:10.0359 A
[ReportManager] Browser Action [CloseCurrentWindow] successfully performed. @13-01-2022 08:09:10.0778 AM
[ReportManager] Successfully created attachment [Browser Action Test Data - CloseCurrentWindow - Actual Value] @13-01-2022 08:09:10.0778 A
[ReportManager] Successfully created attachment [SHAFT Engine Logs - Execution log] @13-01-2022 08:09:10.0866 AM

################################################################################################################################################
This test run was powered by SHAFT Engine Version: [SHAFT Engine v6.1.20220113]
SHAFT Engine is licensed under the MIT License: [https://github.com/MohabMohie/SHAFT_ENGINE/blob/master/LICENSE].
################################################################################################################################################