################################################################################################################################################
Detected SHAFT Engine Version: [SHAFT Engine v5.3.20210902]
################################################################################################################################################

################################################################################################################################################
Starting Execution:	[1 out of 143] test cases in the current suite
Test Method:		[unitTests.tests_validations_assertions.assertComparativeRelation_greaterThanOrEquals_false_equals_expectedToFail]
################################################################################################################################################
[ReportManager] Assertion [ValidateComparativeRelation] FAILED. Expected [1] and Actual [1]. Comparison Type [GREATER_THAN_OR_EQUALS]. Validation Type [NEGATIVE]. @20-09-2021 16:21:58.0101 P

################################################################################################################################################
Starting Execution:	[2 out of 143] test cases in the current suite
Test Method:		[unitTests.tests_validations_assertions.assertComparativeRelation_greaterThanOrEquals_false_equals_expectedToPass]
################################################################################################################################################
[ReportManager] Assertion [ValidateComparativeRelation] PASSED. Expected [2] and Actual [1]. Comparison Type [GREATER_THAN_OR_EQUALS]. Validation Type [NEGATIVE]. @20-09-2021 16:21:58.0257 P

################################################################################################################################################
Starting Execution:	[3 out of 143] test cases in the current suite
Test Method:		[unitTests.tests_validations_assertions.assertComparativeRelation_greaterThanOrEquals_false_greaterThan_expectedToFail]
################################################################################################################################################
[ReportManager] Assertion [ValidateComparativeRelation] FAILED. Expected [1] and Actual [2]. Comparison Type [GREATER_THAN_OR_EQUALS]. Validation Type [NEGATIVE]. @20-09-2021 16:21:58.0266 P

################################################################################################################################################
Starting Execution:	[4 out of 143] test cases in the current suite
Test Method:		[unitTests.tests_validations_assertions.assertComparativeRelation_greaterThanOrEquals_false_greaterThan_expectedToPass]
################################################################################################################################################
[ReportManager] Assertion [ValidateComparativeRelation] PASSED. Expected [2] and Actual [1]. Comparison Type [GREATER_THAN_OR_EQUALS]. Validation Type [NEGATIVE]. @20-09-2021 16:21:58.0279 P

################################################################################################################################################
Starting Execution:	[5 out of 143] test cases in the current suite
Test Method:		[unitTests.tests_validations_assertions.assertComparativeRelation_greaterThanOrEquals_true_equals_expectedToFail]
################################################################################################################################################
[ReportManager] Assertion [ValidateComparativeRelation] FAILED. Expected [1] and Actual [0]. Comparison Type [GREATER_THAN_OR_EQUALS]. Validation Type [POSITIVE]. @20-09-2021 16:21:58.0288 P

################################################################################################################################################
Starting Execution:	[6 out of 143] test cases in the current suite
Test Method:		[unitTests.tests_validations_assertions.assertComparativeRelation_greaterThanOrEquals_true_equals_expectedToPass]
################################################################################################################################################
[ReportManager] Assertion [ValidateComparativeRelation] PASSED. Expected [1] and Actual [1]. Comparison Type [GREATER_THAN_OR_EQUALS]. Validation Type [POSITIVE]. @20-09-2021 16:21:58.0298 P

################################################################################################################################################
Starting Execution:	[7 out of 143] test cases in the current suite
Test Method:		[unitTests.tests_validations_assertions.assertComparativeRelation_greaterThanOrEquals_true_greaterThan_expectedToFail]
################################################################################################################################################
[ReportManager] Assertion [ValidateComparativeRelation] FAILED. Expected [2] and Actual [1]. Comparison Type [GREATER_THAN_OR_EQUALS]. Validation Type [POSITIVE]. @20-09-2021 16:21:58.0305 P

################################################################################################################################################
Starting Execution:	[8 out of 143] test cases in the current suite
Test Method:		[unitTests.tests_validations_assertions.assertComparativeRelation_greaterThanOrEquals_true_greaterThan_expectedToPass]
################################################################################################################################################
[ReportManager] Assertion [ValidateComparativeRelation] PASSED. Expected [1] and Actual [2]. Comparison Type [GREATER_THAN_OR_EQUALS]. Validation Type [POSITIVE]. @20-09-2021 16:21:58.0312 P
[ReportManager] File Action [GetAbsolutePath] successfully performed. With the following test data [Relative Folder Path: "target/downloadedFiles/"]. @20-09-2021 16:21:58.0327 PM
[ReportManager] Attempting to run remotely on: [Linux-64], [GoogleChrome], [http://localhost:4444/wd/hub], Headless Execution. @20-09-2021 16:21:58.0361 PM
[ReportManager] Successfully Opened [GoogleChrome]. @20-09-2021 16:22:00.0213 PM
[ReportManager] Target URL: [https://www.google.com/ncr], and after redirection: [www.google.com] @20-09-2021 16:22:00.0263 PM
[ReportManager] Initial URL: [data:,] @20-09-2021 16:22:00.0397 PM
[ReportManager] Browser Action [NavigateToURL] successfully performed. With the following test data [https://www.google.com/ncr]. @20-09-2021 16:22:01.0983 P

################################################################################################################################################
Starting Execution:	[9 out of 143] test cases in the current suite
Test Method:		[unitTests.tests_validations_assertions.assertElementAttribute_false_caseInsensitiveComparison_expectedToFail]
################################################################################################################################################
[ReportManager] Element Action [Type] successfully performed. With the following test data [AUTOMATION]. @20-09-2021 16:22:02.0578 PM
[ReportManager] Element Action [GetText] successfully performed. With the following test data [AUTOMATION]. @20-09-2021 16:22:02.0780 PM
[ReportManager] Loaded Shared OpenCV @20-09-2021 16:22:03.0592 PM
[ReportManager] Assertion [ValidateElementAttribute] FAILED. Expected [Value Should not be 'AutomaTion' for the 'text' attribute, element locator 'By.name: q'] and Actual [AUTOMATION]. Comparison Type [CASE_INSENSITIVE]. Validation Type [NEGATIVE]. @20-09-2021 16:22:03.0926 PM
[ReportManager] Successfully created attachment [Screenshot - 1632154923059_assertElementAttribute_false_caseInsensitiveComparison_expectedToFail_ValidateElementAttribute_failed] @20-09-2021 16:22:03.0946 P
[ReportManager] Browser Action [CloseCurrentWindow] successfully performed. @20-09-2021 16:22:04.0148 PM
[ReportManager] Successfully created attachment [Browser Action Test Data - CloseCurrentWindow - Actual Value] @20-09-2021 16:22:04.0159 P
[ReportManager] File Action [GetAbsolutePath] successfully performed. With the following test data [Relative Folder Path: "target/downloadedFiles/"]. @20-09-2021 16:22:04.0174 PM
[ReportManager] Attempting to run remotely on: [Linux-64], [GoogleChrome], [http://localhost:4444/wd/hub], Headless Execution. @20-09-2021 16:22:04.0175 PM
[ReportManager] Successfully Opened [GoogleChrome]. @20-09-2021 16:22:04.0468 PM
[ReportManager] Target URL: [https://www.google.com/ncr], and after redirection: [www.google.com] @20-09-2021 16:22:04.0500 PM
[ReportManager] Initial URL: [data:,] @20-09-2021 16:22:04.0587 PM
[ReportManager] Browser Action [NavigateToURL] successfully performed. With the following test data [https://www.google.com/ncr]. @20-09-2021 16:22:05.0698 P

################################################################################################################################################
Starting Execution:	[10 out of 143] test cases in the current suite
Test Method:		[unitTests.tests_validations_assertions.assertElementAttribute_false_caseInsensitiveComparison_expectedToPass]
################################################################################################################################################
[ReportManager] Element Action [Type] successfully performed. With the following test data [AUTOMATION]. @20-09-2021 16:22:06.0195 PM
[ReportManager] Element Action [GetText] successfully performed. With the following test data [AUTOMATION]. @20-09-2021 16:22:06.0349 PM
[ReportManager] Loaded Shared OpenCV @20-09-2021 16:22:06.0554 PM
[ReportManager] Assertion [ValidateElementAttribute] PASSED. Expected [Value Should not be 'AutomaTion123' for the 'text' attribute, element locator 'By.name: q'] and Actual [AUTOMATION]. Comparison Type [CASE_INSENSITIVE]. Validation Type [NEGATIVE]. @20-09-2021 16:22:06.0692 PM
[ReportManager] Successfully created attachment [Screenshot - 1632154926553_assertElementAttribute_false_caseInsensitiveComparison_expectedToPass_ValidateElementAttribute_passed] @20-09-2021 16:22:06.0696 P
[ReportManager] Browser Action [CloseCurrentWindow] successfully performed. @20-09-2021 16:22:06.0851 PM
[ReportManager] Successfully created attachment [Browser Action Test Data - CloseCurrentWindow - Actual Value] @20-09-2021 16:22:06.0859 P
[ReportManager] File Action [GetAbsolutePath] successfully performed. With the following test data [Relative Folder Path: "target/downloadedFiles/"]. @20-09-2021 16:22:06.0875 PM
[ReportManager] Attempting to run remotely on: [Linux-64], [GoogleChrome], [http://localhost:4444/wd/hub], Headless Execution. @20-09-2021 16:22:06.0880 PM
[ReportManager] Successfully Opened [GoogleChrome]. @20-09-2021 16:22:07.0159 PM
[ReportManager] Target URL: [https://www.google.com/ncr], and after redirection: [www.google.com] @20-09-2021 16:22:07.0191 PM
[ReportManager] Initial URL: [data:,] @20-09-2021 16:22:07.0268 PM
[ReportManager] Browser Action [NavigateToURL] successfully performed. With the following test data [https://www.google.com/ncr]. @20-09-2021 16:22:08.0316 P

################################################################################################################################################
Starting Execution:	[11 out of 143] test cases in the current suite
Test Method:		[unitTests.tests_validations_assertions.assertElementAttribute_false_containsComparison_expectedToFail]
################################################################################################################################################
[ReportManager] Element Action [Type] successfully performed. With the following test data [Automation123]. @20-09-2021 16:22:08.0833 PM
[ReportManager] Element Action [GetText] successfully performed. With the following test data [Automation123]. @20-09-2021 16:22:08.0979 PM
[ReportManager] Loaded Shared OpenCV @20-09-2021 16:22:09.0159 PM
[ReportManager] Assertion [ValidateElementAttribute] FAILED. Expected [Value Should not be 'Automation' for the 'text' attribute, element locator 'By.name: q'] and Actual [Automation123]. Comparison Type [CONTAINS]. Validation Type [NEGATIVE]. @20-09-2021 16:22:09.0246 PM
[ReportManager] Successfully created attachment [Screenshot - 1632154929159_assertElementAttribute_false_containsComparison_expectedToFail_ValidateElementAttribute_failed] @20-09-2021 16:22:09.0247 P
[ReportManager] Browser Action [CloseCurrentWindow] successfully performed. @20-09-2021 16:22:09.0417 PM
[ReportManager] Successfully created attachment [Browser Action Test Data - CloseCurrentWindow - Actual Value] @20-09-2021 16:22:09.0418 P
[ReportManager] File Action [GetAbsolutePath] successfully performed. With the following test data [Relative Folder Path: "target/downloadedFiles/"]. @20-09-2021 16:22:09.0434 PM
[ReportManager] Attempting to run remotely on: [Linux-64], [GoogleChrome], [http://localhost:4444/wd/hub], Headless Execution. @20-09-2021 16:22:09.0435 PM
[ReportManager] Successfully Opened [GoogleChrome]. @20-09-2021 16:22:09.0693 PM
[ReportManager] Target URL: [https://www.google.com/ncr], and after redirection: [www.google.com] @20-09-2021 16:22:09.0718 PM
[ReportManager] Initial URL: [data:,] @20-09-2021 16:22:09.0786 PM
[ReportManager] Browser Action [NavigateToURL] successfully performed. With the following test data [https://www.google.com/ncr]. @20-09-2021 16:22:10.0799 P

################################################################################################################################################
Starting Execution:	[12 out of 143] test cases in the current suite
Test Method:		[unitTests.tests_validations_assertions.assertElementAttribute_false_containsComparison_expectedToPass]
################################################################################################################################################
[ReportManager] Element Action [Type] successfully performed. With the following test data [Automation123]. @20-09-2021 16:22:11.0268 PM
[ReportManager] Element Action [GetText] successfully performed. With the following test data [Automation123]. @20-09-2021 16:22:11.0419 PM
[ReportManager] Loaded Shared OpenCV @20-09-2021 16:22:11.0607 PM
[ReportManager] Assertion [ValidateElementAttribute] PASSED. Expected [Value Should not be 'Automation1234' for the 'text' attribute, element locator 'By.name: q'] and Actual [Automation123]. Comparison Type [CONTAINS]. Validation Type [NEGATIVE]. @20-09-2021 16:22:11.0692 PM
[ReportManager] Successfully created attachment [Screenshot - 1632154931607_assertElementAttribute_false_containsComparison_expectedToPass_ValidateElementAttribute_passed] @20-09-2021 16:22:11.0693 P
[ReportManager] Browser Action [CloseCurrentWindow] successfully performed. @20-09-2021 16:22:11.0858 PM
[ReportManager] Successfully created attachment [Browser Action Test Data - CloseCurrentWindow - Actual Value] @20-09-2021 16:22:11.0859 P
[ReportManager] File Action [GetAbsolutePath] successfully performed. With the following test data [Relative Folder Path: "target/downloadedFiles/"]. @20-09-2021 16:22:11.0863 PM
[ReportManager] Attempting to run remotely on: [Linux-64], [GoogleChrome], [http://localhost:4444/wd/hub], Headless Execution. @20-09-2021 16:22:11.0863 PM
[ReportManager] Successfully Opened [GoogleChrome]. @20-09-2021 16:22:12.0113 PM
[ReportManager] Target URL: [https://www.google.com/ncr], and after redirection: [www.google.com] @20-09-2021 16:22:12.0140 PM
[ReportManager] Initial URL: [data:,] @20-09-2021 16:22:12.0229 PM
[ReportManager] Browser Action [NavigateToURL] successfully performed. With the following test data [https://www.google.com/ncr]. @20-09-2021 16:22:13.0228 P

################################################################################################################################################
Starting Execution:	[13 out of 143] test cases in the current suite
Test Method:		[unitTests.tests_validations_assertions.assertElementAttribute_false_literalComparison_expectedToFail]
################################################################################################################################################
[ReportManager] Element Action [Type] successfully performed. With the following test data [Automation!@#$%^&*()_+{}[]\';/.,]. @20-09-2021 16:22:13.0800 PM
[ReportManager] Element Action [GetText] successfully performed. With the following test data [Automation!@#$%^&*()_+{}[]\';/.,]. @20-09-2021 16:22:13.0966 PM
[ReportManager] Loaded Shared OpenCV @20-09-2021 16:22:14.0165 PM
[ReportManager] Assertion [ValidateElementAttribute] PASSED. Expected [Value Should not be 'Automation!@#$%^&*()_+{}[]\\';/.,' for the 'text' attribute, element locator 'By.name: q'] and Actual [Automation!@#$%^&*()_+{}[]\';/.,]. Comparison Type [EQUALS]. Validation Type [NEGATIVE]. @20-09-2021 16:22:14.0259 PM
[ReportManager] Successfully created attachment [Screenshot - 1632154934165_assertElementAttribute_false_literalComparison_expectedToFail_ValidateElementAttribute_passed] @20-09-2021 16:22:14.0260 P
[ReportManager] Browser Action [CloseCurrentWindow] successfully performed. @20-09-2021 16:22:14.0416 PM
[ReportManager] Successfully created attachment [Browser Action Test Data - CloseCurrentWindow - Actual Value] @20-09-2021 16:22:14.0417 P
[ReportManager] File Action [GetAbsolutePath] successfully performed. With the following test data [Relative Folder Path: "target/downloadedFiles/"]. @20-09-2021 16:22:14.0421 PM
[ReportManager] Attempting to run remotely on: [Linux-64], [GoogleChrome], [http://localhost:4444/wd/hub], Headless Execution. @20-09-2021 16:22:14.0421 PM
[ReportManager] Successfully Opened [GoogleChrome]. @20-09-2021 16:22:14.0690 PM
[ReportManager] Target URL: [https://www.google.com/ncr], and after redirection: [www.google.com] @20-09-2021 16:22:14.0710 PM
[ReportManager] Initial URL: [data:,] @20-09-2021 16:22:14.0778 PM
[ReportManager] Browser Action [NavigateToURL] successfully performed. With the following test data [https://www.google.com/ncr]. @20-09-2021 16:22:15.0812 P

################################################################################################################################################
Starting Execution:	[14 out of 143] test cases in the current suite
Test Method:		[unitTests.tests_validations_assertions.assertElementAttribute_false_literalComparison_expectedToPass]
################################################################################################################################################
[ReportManager] Element Action [Type] successfully performed. With the following test data [Automation!@#$%^&*()_+{}[]\';/.,]. @20-09-2021 16:22:16.0372 PM
[ReportManager] Element Action [GetText] successfully performed. With the following test data [Automation!@#$%^&*()_+{}[]\';/.,]. @20-09-2021 16:22:16.0501 PM
[ReportManager] Loaded Shared OpenCV @20-09-2021 16:22:16.0702 PM
[ReportManager] Assertion [ValidateElementAttribute] PASSED. Expected [Value Should not be 'Automation' for the 'text' attribute, element locator 'By.name: q'] and Actual [Automation!@#$%^&*()_+{}[]\';/.,]. Comparison Type [EQUALS]. Validation Type [NEGATIVE]. @20-09-2021 16:22:16.0791 PM
[ReportManager] Successfully created attachment [Screenshot - 1632154936702_assertElementAttribute_false_literalComparison_expectedToPass_ValidateElementAttribute_passed] @20-09-2021 16:22:16.0793 P
[ReportManager] Browser Action [CloseCurrentWindow] successfully performed. @20-09-2021 16:22:16.0948 PM
[ReportManager] Successfully created attachment [Browser Action Test Data - CloseCurrentWindow - Actual Value] @20-09-2021 16:22:16.0949 P
[ReportManager] File Action [GetAbsolutePath] successfully performed. With the following test data [Relative Folder Path: "target/downloadedFiles/"]. @20-09-2021 16:22:16.0958 PM
[ReportManager] Attempting to run remotely on: [Linux-64], [GoogleChrome], [http://localhost:4444/wd/hub], Headless Execution. @20-09-2021 16:22:16.0959 PM
[ReportManager] Successfully Opened [GoogleChrome]. @20-09-2021 16:22:17.0235 PM
[ReportManager] Target URL: [https://www.google.com/ncr], and after redirection: [www.google.com] @20-09-2021 16:22:17.0276 PM
[ReportManager] Initial URL: [data:,] @20-09-2021 16:22:17.0352 PM
[ReportManager] Browser Action [NavigateToURL] successfully performed. With the following test data [https://www.google.com/ncr]. @20-09-2021 16:22:18.0365 P

################################################################################################################################################
Starting Execution:	[15 out of 143] test cases in the current suite
Test Method:		[unitTests.tests_validations_assertions.assertElementAttribute_false_regexComparison_expectedToFail]
################################################################################################################################################
[ReportManager] Element Action [Type] successfully performed. With the following test data [Automation123]. @20-09-2021 16:22:18.0777 PM
[ReportManager] Element Action [GetText] successfully performed. With the following test data [Automation123]. @20-09-2021 16:22:18.0891 PM
[ReportManager] Loaded Shared OpenCV @20-09-2021 16:22:19.0071 PM
[ReportManager] Assertion [ValidateElementAttribute] FAILED. Expected [Value Should not be 'Automation.*' for the 'text' attribute, element locator 'By.name: q'] and Actual [Automation123]. Comparison Type [MATCHES]. Validation Type [NEGATIVE]. @20-09-2021 16:22:19.0157 PM
[ReportManager] Successfully created attachment [Screenshot - 1632154939071_assertElementAttribute_false_regexComparison_expectedToFail_ValidateElementAttribute_failed] @20-09-2021 16:22:19.0158 P
[ReportManager] Browser Action [CloseCurrentWindow] successfully performed. @20-09-2021 16:22:19.0313 PM
[ReportManager] Successfully created attachment [Browser Action Test Data - CloseCurrentWindow - Actual Value] @20-09-2021 16:22:19.0314 P
[ReportManager] File Action [GetAbsolutePath] successfully performed. With the following test data [Relative Folder Path: "target/downloadedFiles/"]. @20-09-2021 16:22:19.0318 PM
[ReportManager] Attempting to run remotely on: [Linux-64], [GoogleChrome], [http://localhost:4444/wd/hub], Headless Execution. @20-09-2021 16:22:19.0318 PM
[ReportManager] Successfully Opened [GoogleChrome]. @20-09-2021 16:22:19.0553 PM
[ReportManager] Target URL: [https://www.google.com/ncr], and after redirection: [www.google.com] @20-09-2021 16:22:19.0579 PM
[ReportManager] Initial URL: [data:,] @20-09-2021 16:22:19.0661 PM
[ReportManager] Browser Action [NavigateToURL] successfully performed. With the following test data [https://www.google.com/ncr]. @20-09-2021 16:22:20.0701 P

################################################################################################################################################
Starting Execution:	[16 out of 143] test cases in the current suite
Test Method:		[unitTests.tests_validations_assertions.assertElementAttribute_false_regexComparison_expectedToPass]
################################################################################################################################################
[ReportManager] Element Action [Type] successfully performed. With the following test data [Automation123]. @20-09-2021 16:22:21.0109 PM
[ReportManager] Element Action [GetText] successfully performed. With the following test data [Automation123]. @20-09-2021 16:22:21.0248 PM
[ReportManager] Loaded Shared OpenCV @20-09-2021 16:22:21.0406 PM
[ReportManager] Assertion [ValidateElementAttribute] PASSED. Expected [Value Should not be 'Automation' for the 'text' attribute, element locator 'By.name: q'] and Actual [Automation123]. Comparison Type [MATCHES]. Validation Type [NEGATIVE]. @20-09-2021 16:22:21.0492 PM
[ReportManager] Successfully created attachment [Screenshot - 1632154941406_assertElementAttribute_false_regexComparison_expectedToPass_ValidateElementAttribute_passed] @20-09-2021 16:22:21.0496 P
[ReportManager] Browser Action [CloseCurrentWindow] successfully performed. @20-09-2021 16:22:21.0652 PM
[ReportManager] Successfully created attachment [Browser Action Test Data - CloseCurrentWindow - Actual Value] @20-09-2021 16:22:21.0653 P
[ReportManager] File Action [GetAbsolutePath] successfully performed. With the following test data [Relative Folder Path: "target/downloadedFiles/"]. @20-09-2021 16:22:21.0669 PM
[ReportManager] Attempting to run remotely on: [Linux-64], [GoogleChrome], [http://localhost:4444/wd/hub], Headless Execution. @20-09-2021 16:22:21.0670 PM
[ReportManager] Successfully Opened [GoogleChrome]. @20-09-2021 16:22:21.0909 PM
[ReportManager] Target URL: [https://www.google.com/ncr], and after redirection: [www.google.com] @20-09-2021 16:22:21.0921 PM
[ReportManager] Initial URL: [data:,] @20-09-2021 16:22:21.0972 PM
[ReportManager] Browser Action [NavigateToURL] successfully performed. With the following test data [https://www.google.com/ncr]. @20-09-2021 16:22:22.0997 P

################################################################################################################################################
Starting Execution:	[17 out of 143] test cases in the current suite
Test Method:		[unitTests.tests_validations_assertions.assertElementAttribute_true_caseInsensitiveComparison_expectedToFail]
################################################################################################################################################
[ReportManager] Element Action [Type] successfully performed. With the following test data [AUTOMATION]. @20-09-2021 16:22:23.0399 PM
[ReportManager] Element Action [GetText] successfully performed. With the following test data [AUTOMATION]. @20-09-2021 16:22:23.0534 PM
[ReportManager] Loaded Shared OpenCV @20-09-2021 16:22:23.0701 PM
[ReportManager] Assertion [ValidateElementAttribute] FAILED. Expected [Value Should be 'AutomaTion123' for the 'text' attribute, element locator 'By.name: q'] and Actual [AUTOMATION]. Comparison Type [CASE_INSENSITIVE]. Validation Type [POSITIVE]. @20-09-2021 16:22:23.0802 PM
[ReportManager] Successfully created attachment [Screenshot - 1632154943701_assertElementAttribute_true_caseInsensitiveComparison_expectedToFail_ValidateElementAttribute_failed] @20-09-2021 16:22:23.0804 P
[ReportManager] Browser Action [CloseCurrentWindow] successfully performed. @20-09-2021 16:22:23.0963 PM
[ReportManager] Successfully created attachment [Browser Action Test Data - CloseCurrentWindow - Actual Value] @20-09-2021 16:22:23.0964 P
[ReportManager] File Action [GetAbsolutePath] successfully performed. With the following test data [Relative Folder Path: "target/downloadedFiles/"]. @20-09-2021 16:22:23.0968 PM
[ReportManager] Attempting to run remotely on: [Linux-64], [GoogleChrome], [http://localhost:4444/wd/hub], Headless Execution. @20-09-2021 16:22:23.0968 PM
[ReportManager] Successfully Opened [GoogleChrome]. @20-09-2021 16:22:24.0239 PM
[ReportManager] Target URL: [https://www.google.com/ncr], and after redirection: [www.google.com] @20-09-2021 16:22:24.0261 PM
[ReportManager] Initial URL: [data:,] @20-09-2021 16:22:24.0312 PM
[ReportManager] Browser Action [NavigateToURL] successfully performed. With the following test data [https://www.google.com/ncr]. @20-09-2021 16:22:25.0284 P

################################################################################################################################################
Starting Execution:	[18 out of 143] test cases in the current suite
Test Method:		[unitTests.tests_validations_assertions.assertElementAttribute_true_caseInsensitiveComparison_expectedToPass]
################################################################################################################################################
[ReportManager] Element Action [Type] successfully performed. With the following test data [AUTOMATION]. @20-09-2021 16:22:25.0729 PM
[ReportManager] Element Action [GetText] successfully performed. With the following test data [AUTOMATION]. @20-09-2021 16:22:25.0847 PM
[ReportManager] Loaded Shared OpenCV @20-09-2021 16:22:26.0016 PM
[ReportManager] Assertion [ValidateElementAttribute] PASSED. Expected [Value Should be 'AutomaTion' for the 'text' attribute, element locator 'By.name: q'] and Actual [AUTOMATION]. Comparison Type [CASE_INSENSITIVE]. Validation Type [POSITIVE]. @20-09-2021 16:22:26.0106 PM
[ReportManager] Successfully created attachment [Screenshot - 1632154946016_assertElementAttribute_true_caseInsensitiveComparison_expectedToPass_ValidateElementAttribute_passed] @20-09-2021 16:22:26.0107 P
[ReportManager] Browser Action [CloseCurrentWindow] successfully performed. @20-09-2021 16:22:26.0224 PM
[ReportManager] Successfully created attachment [Browser Action Test Data - CloseCurrentWindow - Actual Value] @20-09-2021 16:22:26.0225 P
[ReportManager] File Action [GetAbsolutePath] successfully performed. With the following test data [Relative Folder Path: "target/downloadedFiles/"]. @20-09-2021 16:22:26.0228 PM
[ReportManager] Attempting to run remotely on: [Linux-64], [GoogleChrome], [http://localhost:4444/wd/hub], Headless Execution. @20-09-2021 16:22:26.0229 PM
[ReportManager] Successfully Opened [GoogleChrome]. @20-09-2021 16:22:26.0455 PM
[ReportManager] Target URL: [https://www.google.com/ncr], and after redirection: [www.google.com] @20-09-2021 16:22:26.0470 PM
[ReportManager] Initial URL: [data:,] @20-09-2021 16:22:26.0548 PM
[ReportManager] Browser Action [NavigateToURL] successfully performed. With the following test data [https://www.google.com/ncr]. @20-09-2021 16:22:27.0497 P

################################################################################################################################################
Starting Execution:	[19 out of 143] test cases in the current suite
Test Method:		[unitTests.tests_validations_assertions.assertElementAttribute_true_containsComparison_expectedToFail]
################################################################################################################################################
[ReportManager] Element Action [Type] successfully performed. With the following test data [Automation123]. @20-09-2021 16:22:27.0873 PM
[ReportManager] Element Action [GetText] successfully performed. With the following test data [Automation123]. @20-09-2021 16:22:28.0007 PM
[ReportManager] Loaded Shared OpenCV @20-09-2021 16:22:28.0187 PM
[ReportManager] Assertion [ValidateElementAttribute] FAILED. Expected [Value Should be 'Automation1234' for the 'text' attribute, element locator 'By.name: q'] and Actual [Automation123]. Comparison Type [CONTAINS]. Validation Type [POSITIVE]. @20-09-2021 16:22:28.0269 PM
[ReportManager] Successfully created attachment [Screenshot - 1632154948187_assertElementAttribute_true_containsComparison_expectedToFail_ValidateElementAttribute_failed] @20-09-2021 16:22:28.0270 P
[ReportManager] Browser Action [CloseCurrentWindow] successfully performed. @20-09-2021 16:22:28.0414 PM
[ReportManager] Successfully created attachment [Browser Action Test Data - CloseCurrentWindow - Actual Value] @20-09-2021 16:22:28.0415 P
[ReportManager] File Action [GetAbsolutePath] successfully performed. With the following test data [Relative Folder Path: "target/downloadedFiles/"]. @20-09-2021 16:22:28.0421 PM
[ReportManager] Attempting to run remotely on: [Linux-64], [GoogleChrome], [http://localhost:4444/wd/hub], Headless Execution. @20-09-2021 16:22:28.0421 PM
[ReportManager] Successfully Opened [GoogleChrome]. @20-09-2021 16:22:28.0693 PM
[ReportManager] Target URL: [https://www.google.com/ncr], and after redirection: [www.google.com] @20-09-2021 16:22:28.0704 PM
[ReportManager] Initial URL: [data:,] @20-09-2021 16:22:28.0762 PM
[ReportManager] Browser Action [NavigateToURL] successfully performed. With the following test data [https://www.google.com/ncr]. @20-09-2021 16:22:29.0735 P

################################################################################################################################################
Starting Execution:	[20 out of 143] test cases in the current suite
Test Method:		[unitTests.tests_validations_assertions.assertElementAttribute_true_containsComparison_expectedToPass]
################################################################################################################################################
[ReportManager] Element Action [Type] successfully performed. With the following test data [Automation123]. @20-09-2021 16:22:30.0165 PM
[ReportManager] Element Action [GetText] successfully performed. With the following test data [Automation123]. @20-09-2021 16:22:30.0272 PM
[ReportManager] Loaded Shared OpenCV @20-09-2021 16:22:30.0440 PM
[ReportManager] Assertion [ValidateElementAttribute] PASSED. Expected [Value Should be 'Automation' for the 'text' attribute, element locator 'By.name: q'] and Actual [Automation123]. Comparison Type [CONTAINS]. Validation Type [POSITIVE]. @20-09-2021 16:22:30.0520 PM
[ReportManager] Successfully created attachment [Screenshot - 1632154950440_assertElementAttribute_true_containsComparison_expectedToPass_ValidateElementAttribute_passed] @20-09-2021 16:22:30.0521 P
[ReportManager] Browser Action [CloseCurrentWindow] successfully performed. @20-09-2021 16:22:30.0662 PM
[ReportManager] Successfully created attachment [Browser Action Test Data - CloseCurrentWindow - Actual Value] @20-09-2021 16:22:30.0663 P
[ReportManager] File Action [GetAbsolutePath] successfully performed. With the following test data [Relative Folder Path: "target/downloadedFiles/"]. @20-09-2021 16:22:30.0666 PM
[ReportManager] Attempting to run remotely on: [Linux-64], [GoogleChrome], [http://localhost:4444/wd/hub], Headless Execution. @20-09-2021 16:22:30.0666 PM
[ReportManager] Successfully Opened [GoogleChrome]. @20-09-2021 16:22:30.0982 PM
[ReportManager] Target URL: [https://www.google.com/ncr], and after redirection: [www.google.com] @20-09-2021 16:22:30.0999 PM
[ReportManager] Initial URL: [data:,] @20-09-2021 16:22:31.0055 PM
[ReportManager] Browser Action [NavigateToURL] successfully performed. With the following test data [https://www.google.com/ncr]. @20-09-2021 16:22:32.0018 P

################################################################################################################################################
Starting Execution:	[21 out of 143] test cases in the current suite
Test Method:		[unitTests.tests_validations_assertions.assertElementAttribute_true_literalComparison_expectedToFail]
################################################################################################################################################
[ReportManager] Element Action [Type] successfully performed. With the following test data [Automation!@#$%^&*()_+{}[]\';/.,]. @20-09-2021 16:22:32.0537 PM
[ReportManager] Element Action [GetText] successfully performed. With the following test data [Automation!@#$%^&*()_+{}[]\';/.,]. @20-09-2021 16:22:32.0671 PM
[ReportManager] Loaded Shared OpenCV @20-09-2021 16:22:32.0871 PM
[ReportManager] Assertion [ValidateElementAttribute] FAILED. Expected [Value Should be 'Automation' for the 'text' attribute, element locator 'By.name: q'] and Actual [Automation!@#$%^&*()_+{}[]\';/.,]. Comparison Type [EQUALS]. Validation Type [POSITIVE]. @20-09-2021 16:22:32.0996 PM
[ReportManager] Successfully created attachment [Screenshot - 1632154952870_assertElementAttribute_true_literalComparison_expectedToFail_ValidateElementAttribute_failed] @20-09-2021 16:22:32.0997 P
[ReportManager] Browser Action [CloseCurrentWindow] successfully performed. @20-09-2021 16:22:33.0144 PM
[ReportManager] Successfully created attachment [Browser Action Test Data - CloseCurrentWindow - Actual Value] @20-09-2021 16:22:33.0146 P
[ReportManager] File Action [GetAbsolutePath] successfully performed. With the following test data [Relative Folder Path: "target/downloadedFiles/"]. @20-09-2021 16:22:33.0149 PM
[ReportManager] Attempting to run remotely on: [Linux-64], [GoogleChrome], [http://localhost:4444/wd/hub], Headless Execution. @20-09-2021 16:22:33.0149 PM
[ReportManager] Successfully Opened [GoogleChrome]. @20-09-2021 16:22:33.0440 PM
[ReportManager] Target URL: [https://www.google.com/ncr], and after redirection: [www.google.com] @20-09-2021 16:22:33.0458 PM
[ReportManager] Initial URL: [data:,] @20-09-2021 16:22:33.0507 PM
[ReportManager] Browser Action [NavigateToURL] successfully performed. With the following test data [https://www.google.com/ncr]. @20-09-2021 16:22:34.0648 P

################################################################################################################################################
Starting Execution:	[22 out of 143] test cases in the current suite
Test Method:		[unitTests.tests_validations_assertions.assertElementAttribute_true_literalComparison_expectedToPass]
################################################################################################################################################
[ReportManager] Element Action [Type] successfully performed. With the following test data [Automation!@#$%^&*()_+{}[]\';/.,]. @20-09-2021 16:22:35.0187 PM
[ReportManager] Element Action [GetText] successfully performed. With the following test data [Automation!@#$%^&*()_+{}[]\';/.,]. @20-09-2021 16:22:35.0297 PM
[ReportManager] Loaded Shared OpenCV @20-09-2021 16:22:35.0468 PM
[ReportManager] Assertion [ValidateElementAttribute] PASSED. Expected [Value Should be 'Automation!@#$%^&*()_+{}[]\';/.,' for the 'text' attribute, element locator 'By.name: q'] and Actual [Automation!@#$%^&*()_+{}[]\';/.,]. Comparison Type [EQUALS]. Validation Type [POSITIVE]. @20-09-2021 16:22:35.0551 PM
[ReportManager] Successfully created attachment [Screenshot - 1632154955467_assertElementAttribute_true_literalComparison_expectedToPass_ValidateElementAttribute_passed] @20-09-2021 16:22:35.0552 P
[ReportManager] Browser Action [CloseCurrentWindow] successfully performed. @20-09-2021 16:22:35.0686 PM
[ReportManager] Successfully created attachment [Browser Action Test Data - CloseCurrentWindow - Actual Value] @20-09-2021 16:22:35.0688 P
[ReportManager] File Action [GetAbsolutePath] successfully performed. With the following test data [Relative Folder Path: "target/downloadedFiles/"]. @20-09-2021 16:22:35.0691 PM
[ReportManager] Attempting to run remotely on: [Linux-64], [GoogleChrome], [http://localhost:4444/wd/hub], Headless Execution. @20-09-2021 16:22:35.0691 PM
[ReportManager] Successfully Opened [GoogleChrome]. @20-09-2021 16:22:35.0901 PM
[ReportManager] Target URL: [https://www.google.com/ncr], and after redirection: [www.google.com] @20-09-2021 16:22:35.0925 PM
[ReportManager] Initial URL: [data:,] @20-09-2021 16:22:35.0985 PM
[ReportManager] Browser Action [NavigateToURL] successfully performed. With the following test data [https://www.google.com/ncr]. @20-09-2021 16:22:36.0934 P

################################################################################################################################################
Starting Execution:	[23 out of 143] test cases in the current suite
Test Method:		[unitTests.tests_validations_assertions.assertElementAttribute_true_regexComparison_expectedToFail]
################################################################################################################################################
[ReportManager] Element Action [Type] successfully performed. With the following test data [Automation123]. @20-09-2021 16:22:37.0363 PM
[ReportManager] Element Action [GetText] successfully performed. With the following test data [Automation123]. @20-09-2021 16:22:37.0493 PM
[ReportManager] Loaded Shared OpenCV @20-09-2021 16:22:37.0654 PM
[ReportManager] Assertion [ValidateElementAttribute] FAILED. Expected [Value Should be 'Automation' for the 'text' attribute, element locator 'By.name: q'] and Actual [Automation123]. Comparison Type [MATCHES]. Validation Type [POSITIVE]. @20-09-2021 16:22:37.0734 PM
[ReportManager] Successfully created attachment [Screenshot - 1632154957654_assertElementAttribute_true_regexComparison_expectedToFail_ValidateElementAttribute_failed] @20-09-2021 16:22:37.0735 P
[ReportManager] Browser Action [CloseCurrentWindow] successfully performed. @20-09-2021 16:22:37.0869 PM
[ReportManager] Successfully created attachment [Browser Action Test Data - CloseCurrentWindow - Actual Value] @20-09-2021 16:22:37.0870 P
[ReportManager] File Action [GetAbsolutePath] successfully performed. With the following test data [Relative Folder Path: "target/downloadedFiles/"]. @20-09-2021 16:22:37.0876 PM
[ReportManager] Attempting to run remotely on: [Linux-64], [GoogleChrome], [http://localhost:4444/wd/hub], Headless Execution. @20-09-2021 16:22:37.0876 PM
[ReportManager] Successfully Opened [GoogleChrome]. @20-09-2021 16:22:38.0098 PM
[ReportManager] Target URL: [https://www.google.com/ncr], and after redirection: [www.google.com] @20-09-2021 16:22:38.0108 PM
[ReportManager] Initial URL: [data:,] @20-09-2021 16:22:38.0159 PM
[ReportManager] Browser Action [NavigateToURL] successfully performed. With the following test data [https://www.google.com/ncr]. @20-09-2021 16:22:39.0182 P

################################################################################################################################################
Starting Execution:	[24 out of 143] test cases in the current suite
Test Method:		[unitTests.tests_validations_assertions.assertElementAttribute_true_regexComparison_expectedToPass]
################################################################################################################################################
[ReportManager] Element Action [Type] successfully performed. With the following test data [Automation123]. @20-09-2021 16:22:39.0597 PM
[ReportManager] Element Action [GetText] successfully performed. With the following test data [Automation123]. @20-09-2021 16:22:39.0723 PM
[ReportManager] Loaded Shared OpenCV @20-09-2021 16:22:39.0870 PM
[ReportManager] Assertion [ValidateElementAttribute] PASSED. Expected [Value Should be 'Automation.*' for the 'text' attribute, element locator 'By.name: q'] and Actual [Automation123]. Comparison Type [MATCHES]. Validation Type [POSITIVE]. @20-09-2021 16:22:39.0948 PM
[ReportManager] Successfully created attachment [Screenshot - 1632154959869_assertElementAttribute_true_regexComparison_expectedToPass_ValidateElementAttribute_passed] @20-09-2021 16:22:39.0950 P
[ReportManager] Browser Action [CloseCurrentWindow] successfully performed. @20-09-2021 16:22:40.0090 PM
[ReportManager] Successfully created attachment [Browser Action Test Data - CloseCurrentWindow - Actual Value] @20-09-2021 16:22:40.0091 P
[ReportManager] File Action [GetAbsolutePath] successfully performed. With the following test data [Relative Folder Path: "target/downloadedFiles/"]. @20-09-2021 16:22:40.0094 PM
[ReportManager] Attempting to run remotely on: [Linux-64], [GoogleChrome], [http://localhost:4444/wd/hub], Headless Execution. @20-09-2021 16:22:40.0094 PM
[ReportManager] Successfully Opened [GoogleChrome]. @20-09-2021 16:22:40.0314 PM
[ReportManager] Target URL: [https://www.google.com/ncr], and after redirection: [www.google.com] @20-09-2021 16:22:40.0335 PM
[ReportManager] Initial URL: [data:,] @20-09-2021 16:22:40.0378 PM
[ReportManager] Browser Action [NavigateToURL] successfully performed. With the following test data [https://www.google.com/ncr]. @20-09-2021 16:22:41.0322 P

################################################################################################################################################
Starting Execution:	[25 out of 143] test cases in the current suite
Test Method:		[unitTests.tests_validations_assertions.assertElementAttribute_type_true_literalComparison_expectedToPass]
################################################################################################################################################
[ReportManager] Element Action [Type] successfully performed. With the following test data [Automation!@#$%^&*()_+{}[]\';/.,]. @20-09-2021 16:22:41.0846 PM
[ReportManager] Element Action [GetText] successfully performed. With the following test data [Automation!@#$%^&*()_+{}[]\';/.,]. @20-09-2021 16:22:41.0946 PM
[ReportManager] Loaded Shared OpenCV @20-09-2021 16:22:42.0102 PM
[ReportManager] Assertion [ValidateElementAttribute] PASSED. Expected [Value Should be 'Automation!@#$%^&*()_+{}[]\';/.,' for the 'text' attribute, element locator 'By.name: q'] and Actual [Automation!@#$%^&*()_+{}[]\';/.,]. Comparison Type [EQUALS]. Validation Type [POSITIVE]. @20-09-2021 16:22:42.0189 PM
[ReportManager] Successfully created attachment [Screenshot - 1632154962102_assertElementAttribute_type_true_literalComparison_expectedToPass_ValidateElementAttribute_passed] @20-09-2021 16:22:42.0190 P
[ReportManager] Browser Action [CloseCurrentWindow] successfully performed. @20-09-2021 16:22:42.0324 PM
[ReportManager] Successfully created attachment [Browser Action Test Data - CloseCurrentWindow - Actual Value] @20-09-2021 16:22:42.0325 P
[ReportManager] File Action [GetAbsolutePath] successfully performed. With the following test data [Relative Folder Path: "target/downloadedFiles/"]. @20-09-2021 16:22:42.0328 PM
[ReportManager] Attempting to run remotely on: [Linux-64], [GoogleChrome], [http://localhost:4444/wd/hub], Headless Execution. @20-09-2021 16:22:42.0329 PM
[ReportManager] Successfully Opened [GoogleChrome]. @20-09-2021 16:22:42.0621 PM
[ReportManager] Target URL: [https://www.google.com/ncr], and after redirection: [www.google.com] @20-09-2021 16:22:42.0639 PM
[ReportManager] Initial URL: [data:,] @20-09-2021 16:22:42.0683 PM
[ReportManager] Browser Action [NavigateToURL] successfully performed. With the following test data [https://www.google.com/ncr]. @20-09-2021 16:22:43.0625 P

################################################################################################################################################
Starting Execution:	[26 out of 143] test cases in the current suite
Test Method:		[unitTests.tests_validations_assertions.assertElementExists_false_expectedToFail]
################################################################################################################################################
[ReportManager] Assertion [ValidateElementExists] PASSED. Expected [Element Should not Exist, locator 'By.id: hplogo'] and Actual [Element Doesn't Exists]. Comparison Type [EQUALS]. Validation Type [NEGATIVE]. @20-09-2021 16:22:54.0064 PM
[ReportManager] Successfully created attachment [Screenshot - 1632154973968_assertElementExists_false_expectedToFail_ValidateElementExists_passed] @20-09-2021 16:22:54.0065 P
[ReportManager] Browser Action [CloseCurrentWindow] successfully performed. @20-09-2021 16:22:54.0195 PM
[ReportManager] Successfully created attachment [Browser Action Test Data - CloseCurrentWindow - Actual Value] @20-09-2021 16:22:54.0196 P
[ReportManager] File Action [GetAbsolutePath] successfully performed. With the following test data [Relative Folder Path: "target/downloadedFiles/"]. @20-09-2021 16:22:54.0199 PM
[ReportManager] Attempting to run remotely on: [Linux-64], [GoogleChrome], [http://localhost:4444/wd/hub], Headless Execution. @20-09-2021 16:22:54.0199 PM
[ReportManager] Successfully Opened [GoogleChrome]. @20-09-2021 16:22:54.0420 PM
[ReportManager] Target URL: [https://www.google.com/ncr], and after redirection: [www.google.com] @20-09-2021 16:22:54.0431 PM
[ReportManager] Initial URL: [data:,] @20-09-2021 16:22:54.0486 PM
[ReportManager] Browser Action [NavigateToURL] successfully performed. With the following test data [https://www.google.com/ncr]. @20-09-2021 16:22:55.0500 P

################################################################################################################################################
Starting Execution:	[27 out of 143] test cases in the current suite
Test Method:		[unitTests.tests_validations_assertions.assertElementExists_false_expectedToPass]
################################################################################################################################################
[ReportManager] Assertion [ValidateElementExists] PASSED. Expected [Element Should not Exist, locator 'By.id: fakeElement'] and Actual [Element Doesn't Exists]. Comparison Type [EQUALS]. Validation Type [NEGATIVE]. @20-09-2021 16:23:05.0930 PM
[ReportManager] Successfully created attachment [Screenshot - 1632154985857_assertElementExists_false_expectedToPass_ValidateElementExists_passed] @20-09-2021 16:23:05.0931 P
[ReportManager] Browser Action [CloseCurrentWindow] successfully performed. @20-09-2021 16:23:06.0058 PM
[ReportManager] Successfully created attachment [Browser Action Test Data - CloseCurrentWindow - Actual Value] @20-09-2021 16:23:06.0059 P
[ReportManager] File Action [GetAbsolutePath] successfully performed. With the following test data [Relative Folder Path: "target/downloadedFiles/"]. @20-09-2021 16:23:06.0061 PM
[ReportManager] Attempting to run remotely on: [Linux-64], [GoogleChrome], [http://localhost:4444/wd/hub], Headless Execution. @20-09-2021 16:23:06.0062 PM
[ReportManager] Successfully Opened [GoogleChrome]. @20-09-2021 16:23:06.0285 PM
[ReportManager] Target URL: [https://www.google.com/ncr], and after redirection: [www.google.com] @20-09-2021 16:23:06.0302 PM
[ReportManager] Initial URL: [data:,] @20-09-2021 16:23:06.0346 PM
[ReportManager] Browser Action [NavigateToURL] successfully performed. With the following test data [https://www.google.com/ncr]. @20-09-2021 16:23:07.0289 P

################################################################################################################################################
Starting Execution:	[28 out of 143] test cases in the current suite
Test Method:		[unitTests.tests_validations_assertions.assertElementExists_false_multipleElementsFound_expectedToFail]
################################################################################################################################################
[ReportManager] Assertion [ValidateElementExists] FAILED. Expected [Element Should not Exist, locator 'By.xpath: //div'] and Actual [Element Exists but is not unique]. Comparison Type [EQUALS]. Validation Type [NEGATIVE]. @20-09-2021 16:23:07.0585 PM
[ReportManager] Successfully created attachment [Screenshot - 1632154987521_assertElementExists_false_multipleElementsFound_expectedToFail_ValidateElementExists_failed] @20-09-2021 16:23:07.0585 P
[ReportManager] Browser Action [CloseCurrentWindow] successfully performed. @20-09-2021 16:23:07.0720 PM
[ReportManager] Successfully created attachment [Browser Action Test Data - CloseCurrentWindow - Actual Value] @20-09-2021 16:23:07.0720 P
[ReportManager] File Action [GetAbsolutePath] successfully performed. With the following test data [Relative Folder Path: "target/downloadedFiles/"]. @20-09-2021 16:23:07.0723 PM
[ReportManager] Attempting to run remotely on: [Linux-64], [GoogleChrome], [http://localhost:4444/wd/hub], Headless Execution. @20-09-2021 16:23:07.0723 PM
[ReportManager] Successfully Opened [GoogleChrome]. @20-09-2021 16:23:07.0955 PM
[ReportManager] Target URL: [https://www.google.com/ncr], and after redirection: [www.google.com] @20-09-2021 16:23:07.0968 PM
[ReportManager] Initial URL: [data:,] @20-09-2021 16:23:08.0016 PM
[ReportManager] Browser Action [NavigateToURL] successfully performed. With the following test data [https://www.google.com/ncr]. @20-09-2021 16:23:08.0958 P

################################################################################################################################################
Starting Execution:	[29 out of 143] test cases in the current suite
Test Method:		[unitTests.tests_validations_assertions.assertElementExists_true_expectedToFail]
################################################################################################################################################
[ReportManager] Assertion [ValidateElementExists] FAILED. Expected [Element Should Exist, locator 'By.id: fakeElement'] and Actual [Element Doesn't Exists]. Comparison Type [EQUALS]. Validation Type [POSITIVE]. @20-09-2021 16:23:39.0695 PM
[ReportManager] Successfully created attachment [Screenshot - 1632155019631_assertElementExists_true_expectedToFail_ValidateElementExists_failed] @20-09-2021 16:23:39.0696 P
[ReportManager] Browser Action [CloseCurrentWindow] successfully performed. @20-09-2021 16:23:39.0827 PM
[ReportManager] Successfully created attachment [Browser Action Test Data - CloseCurrentWindow - Actual Value] @20-09-2021 16:23:39.0828 P
[ReportManager] File Action [GetAbsolutePath] successfully performed. With the following test data [Relative Folder Path: "target/downloadedFiles/"]. @20-09-2021 16:23:39.0833 PM
[ReportManager] Attempting to run remotely on: [Linux-64], [GoogleChrome], [http://localhost:4444/wd/hub], Headless Execution. @20-09-2021 16:23:39.0833 PM
[ReportManager] Successfully Opened [GoogleChrome]. @20-09-2021 16:23:40.0063 PM
[ReportManager] Target URL: [https://www.google.com/ncr], and after redirection: [www.google.com] @20-09-2021 16:23:40.0080 PM
[ReportManager] Initial URL: [data:,] @20-09-2021 16:23:40.0137 PM
[ReportManager] Browser Action [NavigateToURL] successfully performed. With the following test data [https://www.google.com/ncr]. @20-09-2021 16:23:41.0084 P

################################################################################################################################################
Starting Execution:	[30 out of 143] test cases in the current suite
Test Method:		[unitTests.tests_validations_assertions.assertElementExists_true_expectedToPass]
################################################################################################################################################
[ReportManager] Loaded Shared OpenCV @20-09-2021 16:23:41.0299 PM
[ReportManager] Assertion [ValidateElementExists] PASSED. Expected [Element Should Exist, locator 'By.xpath: //*[@id='hplogo' or @alt='Google']'] and Actual [Element Exists]. Comparison Type [EQUALS]. Validation Type [POSITIVE]. @20-09-2021 16:23:41.0388 PM
[ReportManager] Successfully created attachment [Screenshot - 1632155021299_assertElementExists_true_expectedToPass_ValidateElementExists_passed] @20-09-2021 16:23:41.0389 P
[ReportManager] Browser Action [CloseCurrentWindow] successfully performed. @20-09-2021 16:23:41.0515 PM
[ReportManager] Successfully created attachment [Browser Action Test Data - CloseCurrentWindow - Actual Value] @20-09-2021 16:23:41.0517 P
[ReportManager] File Action [GetAbsolutePath] successfully performed. With the following test data [Relative Folder Path: "target/downloadedFiles/"]. @20-09-2021 16:23:41.0525 PM
[ReportManager] Attempting to run remotely on: [Linux-64], [GoogleChrome], [http://localhost:4444/wd/hub], Headless Execution. @20-09-2021 16:23:41.0525 PM
[ReportManager] Successfully Opened [GoogleChrome]. @20-09-2021 16:23:41.0749 PM
[ReportManager] Target URL: [https://www.google.com/ncr], and after redirection: [www.google.com] @20-09-2021 16:23:41.0773 PM
[ReportManager] Initial URL: [data:,] @20-09-2021 16:23:41.0818 PM
[ReportManager] Browser Action [NavigateToURL] successfully performed. With the following test data [https://www.google.com/ncr]. @20-09-2021 16:23:42.0743 P

################################################################################################################################################
Starting Execution:	[31 out of 143] test cases in the current suite
Test Method:		[unitTests.tests_validations_assertions.assertElementExists_true_multipleElementsFound_expectedToFail]
################################################################################################################################################
[ReportManager] Assertion [ValidateElementExists] FAILED. Expected [Element Should Exist, locator 'By.xpath: //div'] and Actual [Element Exists but is not unique]. Comparison Type [EQUALS]. Validation Type [POSITIVE]. @20-09-2021 16:23:43.0002 PM
[ReportManager] Successfully created attachment [Screenshot - 1632155022935_assertElementExists_true_multipleElementsFound_expectedToFail_ValidateElementExists_failed] @20-09-2021 16:23:43.0002 P
[ReportManager] Browser Action [CloseCurrentWindow] successfully performed. @20-09-2021 16:23:43.0136 PM
[ReportManager] Successfully created attachment [Browser Action Test Data - CloseCurrentWindow - Actual Value] @20-09-2021 16:23:43.0137 P

################################################################################################################################################
Starting Execution:	[32 out of 143] test cases in the current suite
Test Method:		[unitTests.tests_validations_assertions.assertEquals_false_expectedToFail]
################################################################################################################################################
[ReportManager] Assertion [ValidateEquals] FAILED. Expected [1] and Actual [1]. Comparison Type [EQUALS]. Validation Type [NEGATIVE]. @20-09-2021 16:23:43.0145 P

################################################################################################################################################
Starting Execution:	[33 out of 143] test cases in the current suite
Test Method:		[unitTests.tests_validations_assertions.assertEquals_false_expectedToPass]
################################################################################################################################################
[ReportManager] Assertion [ValidateEquals] PASSED. Expected [1] and Actual [2]. Comparison Type [EQUALS]. Validation Type [NEGATIVE]. @20-09-2021 16:23:43.0149 P

################################################################################################################################################
Starting Execution:	[34 out of 143] test cases in the current suite
Test Method:		[unitTests.tests_validations_assertions.assertEquals_longCharacters]
################################################################################################################################################
[ReportManager] Verification [ValidateEquals] PASSED. Expected and Actual values are attached. Comparison Type [EQUALS]. Validation Type [POSITIVE]. @20-09-2021 16:23:43.0159 PM
[ReportManager] Successfully created attachment [Validation Test Data - Expected Value] @20-09-2021 16:23:43.0160 PM
[ReportManager] Successfully created attachment [Validation Test Data - Actual Value] @20-09-2021 16:23:43.0160 PM
[ReportManager] Assertion [ValidateEquals] PASSED. Expected and Actual values are attached. Comparison Type [EQUALS]. Validation Type [POSITIVE]. @20-09-2021 16:23:43.0160 PM
[ReportManager] Successfully created attachment [Validation Test Data - Expected Value] @20-09-2021 16:23:43.0161 PM
[ReportManager] Successfully created attachment [Validation Test Data - Actual Value] @20-09-2021 16:23:43.0162 P

################################################################################################################################################
Starting Execution:	[35 out of 143] test cases in the current suite
Test Method:		[unitTests.tests_validations_assertions.assertEquals_longCharacters_Discreet]
################################################################################################################################################
[ReportManager] Assertion [ValidateEquals] PASSED. Expected [1LH5pROcDBjjQk0t0mCr0lXuzQu9lcGj28kY8R1H81X67eVAQJgWQhILiRWVPUgZ6uCtK5cnBkF55Jr9vYngjGO1Iyf0Mktv6lruDlL9T8MAUPcUZJGHZtji6nIeadujDSNmWMj5d6C8zlFqw0CRqBU0hO5adIasHgBSNoLotAjce3NGXoDwAlp3rYreeV16VIyZXROQY] and Actual [1LH5pROcDBjjQk0t0mCr0lXuzQu9lcGj28kY8R1H81X67eVAQJgWQhILiRWVPUgZ6uCtK5cnBkF55Jr9vYngjGO1Iyf0Mktv6lruDlL9T8MAUPcUZJGHZtji6nIeadujDSNmWMj5d6C8zlFqw0CRqBU0hO5adIasHgBSNoLotAjce3NGXoDwAlp3rYreeV16VIyZXROQY]. Comparison Type [EQUALS]. Validation Type [POSITIVE]. @20-09-2021 16:23:43.0166 P

################################################################################################################################################
Starting Execution:	[36 out of 143] test cases in the current suite
Test Method:		[unitTests.tests_validations_assertions.assertEquals_true_expectedToFail]
################################################################################################################################################
[ReportManager] Assertion [ValidateEquals] FAILED. Expected [1] and Actual [2]. Comparison Type [EQUALS]. Validation Type [POSITIVE]. @20-09-2021 16:23:43.0175 P

################################################################################################################################################
Starting Execution:	[37 out of 143] test cases in the current suite
Test Method:		[unitTests.tests_validations_assertions.assertEquals_true_expectedToPass]
Test Description:	[Assert that assertEquals works as expected when the two values are equal.]
################################################################################################################################################
[ReportManager] Verification [ValidateEquals] PASSED. Expected [1] and Actual [1]. Comparison Type [EQUALS]. Validation Type [POSITIVE]. @20-09-2021 16:23:43.0192 PM
[ReportManager] Assertion [ValidateEquals] PASSED. Expected [1] and Actual [1]. Comparison Type [EQUALS]. Validation Type [POSITIVE]. @20-09-2021 16:23:43.0193 P

################################################################################################################################################
Starting Execution:	[38 out of 143] test cases in the current suite
Test Method:		[unitTests.tests_validations_assertions.assertEquals_true_expectedToPass__]
################################################################################################################################################
[ReportManager] Assertion [ValidateEquals] PASSED. Expected [1] and Actual [1]. Comparison Type [EQUALS]. Validation Type [POSITIVE]. @20-09-2021 16:23:43.0198 P

################################################################################################################################################
Starting Execution:	[39 out of 143] test cases in the current suite
Test Method:		[unitTests.tests_validations_assertions.assertFileExists_false_expectedToFail]
################################################################################################################################################
[ReportManager] File Action [DoesFileExist] successfully performed. With the following test data [File Path: "src/main/java/com/shaft/gui/element/ElementActions.java"]. @20-09-2021 16:23:43.0204 PM
[ReportManager] Assertion [ValidateFileExists] FAILED. Expected [File 'src/main/java/com/shaft/gui/element/ElementActions.java' should not exist, after up to '1' retries] and Actual [File exists]. Validation Type [NEGATIVE]. @20-09-2021 16:23:43.0218 P

################################################################################################################################################
Starting Execution:	[40 out of 143] test cases in the current suite
Test Method:		[unitTests.tests_validations_assertions.assertFileExists_false_expectedToPass]
################################################################################################################################################
[ReportManager] File Action [DoesFileExist] successfully performed. With the following test data [File Path: "src/main/java/com/shaft/gui/element/ElementActions.java_fail"]. @20-09-2021 16:23:43.0723 PM
[ReportManager] Assertion [ValidateFileExists] PASSED. Expected [File 'src/main/java/com/shaft/gui/element/ElementActions.java_fail' should not exist, after up to '1' retries] and Actual [File does not exist]. Validation Type [NEGATIVE]. @20-09-2021 16:23:43.0723 P

################################################################################################################################################
Starting Execution:	[41 out of 143] test cases in the current suite
Test Method:		[unitTests.tests_validations_assertions.assertFileExists_true_expectedToFail]
################################################################################################################################################
[ReportManager] File Action [DoesFileExist] successfully performed. With the following test data [File Path: "src/main/java/com/shaft/gui/element/ElementActions.java_fail"]. @20-09-2021 16:23:44.0227 PM
[ReportManager] Assertion [ValidateFileExists] FAILED. Expected [File 'src/main/java/com/shaft/gui/element/ElementActions.java_fail' should exist, after up to '1' retries] and Actual [File does not exist]. Validation Type [POSITIVE]. @20-09-2021 16:23:44.0227 P

################################################################################################################################################
Starting Execution:	[42 out of 143] test cases in the current suite
Test Method:		[unitTests.tests_validations_assertions.assertFileExists_true_expectedToPass]
################################################################################################################################################
[ReportManager] File Action [DoesFileExist] successfully performed. With the following test data [File Path: "src/main/java/com/shaft/gui/element/ElementActions.java"]. @20-09-2021 16:23:44.0233 PM
[ReportManager] Assertion [ValidateFileExists] PASSED. Expected [File 'src/main/java/com/shaft/gui/element/ElementActions.java' should exist, after up to '1' retries] and Actual [File exists]. Validation Type [POSITIVE]. @20-09-2021 16:23:44.0234 P

################################################################################################################################################
Starting Execution:	[43 out of 143] test cases in the current suite
Test Method:		[unitTests.tests_validations_assertions.assertNull_false_expectedToFail]
################################################################################################################################################
[ReportManager] Assertion [ValidateNull] FAILED. Expected [NULL] and Actual [NULL]. Comparison Type [EQUALS]. Validation Type [NEGATIVE]. @20-09-2021 16:23:44.0243 P

################################################################################################################################################
Starting Execution:	[44 out of 143] test cases in the current suite
Test Method:		[unitTests.tests_validations_assertions.assertNull_false_expectedToPass]
################################################################################################################################################
[ReportManager] Assertion [ValidateNull] PASSED. Expected [NULL] and Actual [1]. Comparison Type [EQUALS]. Validation Type [NEGATIVE]. @20-09-2021 16:23:44.0247 P

################################################################################################################################################
Starting Execution:	[45 out of 143] test cases in the current suite
Test Method:		[unitTests.tests_validations_assertions.assertNull_true_expectedToFail]
################################################################################################################################################
[ReportManager] Assertion [ValidateNull] FAILED. Expected [NULL] and Actual [1]. Comparison Type [EQUALS]. Validation Type [POSITIVE]. @20-09-2021 16:23:44.0252 P

################################################################################################################################################
Starting Execution:	[46 out of 143] test cases in the current suite
Test Method:		[unitTests.tests_validations_assertions.assertNull_true_expectedToPass]
################################################################################################################################################
[ReportManager] Assertion [ValidateNull] PASSED. Expected [NULL] and Actual [NULL]. Comparison Type [EQUALS]. Validation Type [POSITIVE]. @20-09-2021 16:23:44.0255 P

################################################################################################################################################
Starting Execution:	[47 out of 143] test cases in the current suite
Test Method:		[unitTests.tests_restActions.getPostsAndAssertBodyForSpecificTitle]
################################################################################################################################################
[ReportManager] Response status code: [200], status line: [HTTP/1.1 200 OK] @20-09-2021 16:23:46.0994 PM
[ReportManager] Assertion Passed: Evaluating the actual response status code against the expected one... @20-09-2021 16:23:46.0995 PM
[ReportManager] Assertion [ValidateEquals] PASSED. Expected [200] and Actual [200]. Comparison Type [EQUALS]. Validation Type [POSITIVE]. @20-09-2021 16:23:46.0995 PM
[ReportManager] API Action [PerformRequest] successfully performed. With the following test data [Request Type: "GET" | Target Status Code: "200" | Service URL: "https://jsonplaceholder.typicode.com/posts" | Content Type: "*/*" | Response Time: "893ms"]. @20-09-2021 16:23:48.0384 PM
[ReportManager] Successfully created attachment [API Request - Specifications] @20-09-2021 16:23:48.0385 PM
[ReportManager] Successfully created attachment [API Response - JSON Body] @20-09-2021 16:23:48.0681 PM
[ReportManager] API Action [GetResponseJSONValueAsList] successfully performed. @20-09-2021 16:23:48.0729 PM
[ReportManager] API Action [GetResponseJSONValue] successfully performed. With the following test data [title]. @20-09-2021 16:23:48.0759 PM
[ReportManager] API Action [GetResponseJSONValue] successfully performed. With the following test data [title]. @20-09-2021 16:23:48.0787 PM
[ReportManager] API Action [GetResponseJSONValue] successfully performed. With the following test data [body]. @20-09-2021 16:23:48.0816 PM
[ReportManager] Assertion [ValidateEquals] PASSED. Expected [qui neque nisi nulla] and Actual [est rerum tempore vitae
sequi sint nihil reprehenderit dolor beatae ea dolores neque
fugiat blanditiis voluptate porro vel nihil molestiae ut reiciendis
qui aperiam non debitis possimus qui neque nisi nulla]. Comparison Type [CONTAINS]. Validation Type [POSITIVE]. @20-09-2021 16:23:48.0816 PM
[ReportManager] API Action [GetResponseJSONValue] successfully performed. With the following test data [title]. @20-09-2021 16:23:48.0836 PM
[ReportManager] API Action [GetResponseJSONValue] successfully performed. With the following test data [title]. @20-09-2021 16:23:48.0854 PM
[ReportManager] API Action [GetResponseJSONValue] successfully performed. With the following test data [title]. @20-09-2021 16:23:48.0876 PM
[ReportManager] API Action [GetResponseJSONValue] successfully performed. With the following test data [title]. @20-09-2021 16:23:48.0903 PM
[ReportManager] API Action [GetResponseJSONValue] successfully performed. With the following test data [title]. @20-09-2021 16:23:48.0926 PM
[ReportManager] API Action [GetResponseJSONValue] successfully performed. With the following test data [title]. @20-09-2021 16:23:48.0948 PM
[ReportManager] API Action [GetResponseJSONValue] successfully performed. With the following test data [title]. @20-09-2021 16:23:48.0970 PM
[ReportManager] API Action [GetResponseJSONValue] successfully performed. With the following test data [title]. @20-09-2021 16:23:48.0988 PM
[ReportManager] API Action [GetResponseJSONValue] successfully performed. With the following test data [title]. @20-09-2021 16:23:49.0008 PM
[ReportManager] API Action [GetResponseJSONValue] successfully performed. With the following test data [title]. @20-09-2021 16:23:49.0027 PM
[ReportManager] API Action [GetResponseJSONValue] successfully performed. With the following test data [title]. @20-09-2021 16:23:49.0064 PM
[ReportManager] API Action [GetResponseJSONValue] successfully performed. With the following test data [title]. @20-09-2021 16:23:49.0098 PM
[ReportManager] API Action [GetResponseJSONValue] successfully performed. With the following test data [title]. @20-09-2021 16:23:49.0110 PM
[ReportManager] API Action [GetResponseJSONValue] successfully performed. With the following test data [title]. @20-09-2021 16:23:49.0121 PM
[ReportManager] API Action [GetResponseJSONValue] successfully performed. With the following test data [title]. @20-09-2021 16:23:49.0133 PM
[ReportManager] API Action [GetResponseJSONValue] successfully performed. With the following test data [title]. @20-09-2021 16:23:49.0165 PM
[ReportManager] API Action [GetResponseJSONValue] successfully performed. With the following test data [title]. @20-09-2021 16:23:49.0207 PM
[ReportManager] API Action [GetResponseJSONValue] successfully performed. With the following test data [title]. @20-09-2021 16:23:49.0224 PM
[ReportManager] API Action [GetResponseJSONValue] successfully performed. With the following test data [title]. @20-09-2021 16:23:49.0241 PM
[ReportManager] API Action [GetResponseJSONValue] successfully performed. With the following test data [title]. @20-09-2021 16:23:49.0260 PM
[ReportManager] API Action [GetResponseJSONValue] successfully performed. With the following test data [title]. @20-09-2021 16:23:49.0276 PM
[ReportManager] API Action [GetResponseJSONValue] successfully performed. With the following test data [title]. @20-09-2021 16:23:49.0300 PM
[ReportManager] API Action [GetResponseJSONValue] successfully performed. With the following test data [title]. @20-09-2021 16:23:49.0315 PM
[ReportManager] API Action [GetResponseJSONValue] successfully performed. With the following test data [title]. @20-09-2021 16:23:49.0331 PM
[ReportManager] API Action [GetResponseJSONValue] successfully performed. With the following test data [title]. @20-09-2021 16:23:49.0353 PM
[ReportManager] API Action [GetResponseJSONValue] successfully performed. With the following test data [title]. @20-09-2021 16:23:49.0367 PM
[ReportManager] API Action [GetResponseJSONValue] successfully performed. With the following test data [title]. @20-09-2021 16:23:49.0386 PM
[ReportManager] API Action [GetResponseJSONValue] successfully performed. With the following test data [title]. @20-09-2021 16:23:49.0416 PM
[ReportManager] API Action [GetResponseJSONValue] successfully performed. With the following test data [title]. @20-09-2021 16:23:49.0431 PM
[ReportManager] API Action [GetResponseJSONValue] successfully performed. With the following test data [title]. @20-09-2021 16:23:49.0444 PM
[ReportManager] API Action [GetResponseJSONValue] successfully performed. With the following test data [title]. @20-09-2021 16:23:49.0460 PM
[ReportManager] API Action [GetResponseJSONValue] successfully performed. With the following test data [title]. @20-09-2021 16:23:49.0474 PM
[ReportManager] API Action [GetResponseJSONValue] successfully performed. With the following test data [title]. @20-09-2021 16:23:49.0511 PM
[ReportManager] API Action [GetResponseJSONValue] successfully performed. With the following test data [title]. @20-09-2021 16:23:49.0525 PM
[ReportManager] API Action [GetResponseJSONValue] successfully performed. With the following test data [title]. @20-09-2021 16:23:49.0541 PM
[ReportManager] API Action [GetResponseJSONValue] successfully performed. With the following test data [title]. @20-09-2021 16:23:49.0556 PM
[ReportManager] API Action [GetResponseJSONValue] successfully performed. With the following test data [title]. @20-09-2021 16:23:49.0570 PM
[ReportManager] API Action [GetResponseJSONValue] successfully performed. With the following test data [title]. @20-09-2021 16:23:49.0588 PM
[ReportManager] API Action [GetResponseJSONValue] successfully performed. With the following test data [title]. @20-09-2021 16:23:49.0611 PM
[ReportManager] API Action [GetResponseJSONValue] successfully performed. With the following test data [title]. @20-09-2021 16:23:49.0623 PM
[ReportManager] API Action [GetResponseJSONValue] successfully performed. With the following test data [title]. @20-09-2021 16:23:49.0639 PM
[ReportManager] API Action [GetResponseJSONValue] successfully performed. With the following test data [title]. @20-09-2021 16:23:49.0652 PM
[ReportManager] API Action [GetResponseJSONValue] successfully performed. With the following test data [title]. @20-09-2021 16:23:49.0665 PM
[ReportManager] API Action [GetResponseJSONValue] successfully performed. With the following test data [title]. @20-09-2021 16:23:49.0682 PM
[ReportManager] API Action [GetResponseJSONValue] successfully performed. With the following test data [title]. @20-09-2021 16:23:49.0695 PM
[ReportManager] API Action [GetResponseJSONValue] successfully performed. With the following test data [title]. @20-09-2021 16:23:49.0710 PM
[ReportManager] API Action [GetResponseJSONValue] successfully performed. With the following test data [title]. @20-09-2021 16:23:49.0725 PM
[ReportManager] API Action [GetResponseJSONValue] successfully performed. With the following test data [title]. @20-09-2021 16:23:49.0749 PM
[ReportManager] API Action [GetResponseJSONValue] successfully performed. With the following test data [title]. @20-09-2021 16:23:49.0762 PM
[ReportManager] API Action [GetResponseJSONValue] successfully performed. With the following test data [title]. @20-09-2021 16:23:49.0775 PM
[ReportManager] API Action [GetResponseJSONValue] successfully performed. With the following test data [title]. @20-09-2021 16:23:49.0789 PM
[ReportManager] API Action [GetResponseJSONValue] successfully performed. With the following test data [title]. @20-09-2021 16:23:49.0804 PM
[ReportManager] API Action [GetResponseJSONValue] successfully performed. With the following test data [title]. @20-09-2021 16:23:49.0819 PM
[ReportManager] API Action [GetResponseJSONValue] successfully performed. With the following test data [title]. @20-09-2021 16:23:49.0829 PM
[ReportManager] API Action [GetResponseJSONValue] successfully performed. With the following test data [title]. @20-09-2021 16:23:49.0840 PM
[ReportManager] API Action [GetResponseJSONValue] successfully performed. With the following test data [title]. @20-09-2021 16:23:49.0852 PM
[ReportManager] API Action [GetResponseJSONValue] successfully performed. With the following test data [title]. @20-09-2021 16:23:49.0864 PM
[ReportManager] API Action [GetResponseJSONValue] successfully performed. With the following test data [title]. @20-09-2021 16:23:49.0875 PM
[ReportManager] API Action [GetResponseJSONValue] successfully performed. With the following test data [title]. @20-09-2021 16:23:49.0899 PM
[ReportManager] API Action [GetResponseJSONValue] successfully performed. With the following test data [title]. @20-09-2021 16:23:49.0957 PM
[ReportManager] API Action [GetResponseJSONValue] successfully performed. With the following test data [title]. @20-09-2021 16:23:49.0973 PM
[ReportManager] API Action [GetResponseJSONValue] successfully performed. With the following test data [title]. @20-09-2021 16:23:49.0984 PM
[ReportManager] API Action [GetResponseJSONValue] successfully performed. With the following test data [title]. @20-09-2021 16:23:49.0996 PM
[ReportManager] API Action [GetResponseJSONValue] successfully performed. With the following test data [title]. @20-09-2021 16:23:50.0007 PM
[ReportManager] API Action [GetResponseJSONValue] successfully performed. With the following test data [title]. @20-09-2021 16:23:50.0029 PM
[ReportManager] API Action [GetResponseJSONValue] successfully performed. With the following test data [title]. @20-09-2021 16:23:50.0075 PM
[ReportManager] API Action [GetResponseJSONValue] successfully performed. With the following test data [title]. @20-09-2021 16:23:50.0093 PM
[ReportManager] API Action [GetResponseJSONValue] successfully performed. With the following test data [title]. @20-09-2021 16:23:50.0106 PM
[ReportManager] API Action [GetResponseJSONValue] successfully performed. With the following test data [title]. @20-09-2021 16:23:50.0117 PM
[ReportManager] API Action [GetResponseJSONValue] successfully performed. With the following test data [title]. @20-09-2021 16:23:50.0130 PM
[ReportManager] API Action [GetResponseJSONValue] successfully performed. With the following test data [title]. @20-09-2021 16:23:50.0141 PM
[ReportManager] API Action [GetResponseJSONValue] successfully performed. With the following test data [title]. @20-09-2021 16:23:50.0160 PM
[ReportManager] API Action [GetResponseJSONValue] successfully performed. With the following test data [title]. @20-09-2021 16:23:50.0182 PM
[ReportManager] API Action [GetResponseJSONValue] successfully performed. With the following test data [title]. @20-09-2021 16:23:50.0194 PM
[ReportManager] API Action [GetResponseJSONValue] successfully performed. With the following test data [title]. @20-09-2021 16:23:50.0204 PM
[ReportManager] API Action [GetResponseJSONValue] successfully performed. With the following test data [title]. @20-09-2021 16:23:50.0215 PM
[ReportManager] API Action [GetResponseJSONValue] successfully performed. With the following test data [title]. @20-09-2021 16:23:50.0230 PM
[ReportManager] API Action [GetResponseJSONValue] successfully performed. With the following test data [title]. @20-09-2021 16:23:50.0241 PM
[ReportManager] API Action [GetResponseJSONValue] successfully performed. With the following test data [title]. @20-09-2021 16:23:50.0253 PM
[ReportManager] API Action [GetResponseJSONValue] successfully performed. With the following test data [title]. @20-09-2021 16:23:50.0267 PM
[ReportManager] API Action [GetResponseJSONValue] successfully performed. With the following test data [title]. @20-09-2021 16:23:50.0281 PM
[ReportManager] API Action [GetResponseJSONValue] successfully performed. With the following test data [title]. @20-09-2021 16:23:50.0305 PM
[ReportManager] API Action [GetResponseJSONValue] successfully performed. With the following test data [title]. @20-09-2021 16:23:50.0319 PM
[ReportManager] API Action [GetResponseJSONValue] successfully performed. With the following test data [title]. @20-09-2021 16:23:50.0330 PM
[ReportManager] API Action [GetResponseJSONValue] successfully performed. With the following test data [title]. @20-09-2021 16:23:50.0345 PM
[ReportManager] API Action [GetResponseJSONValue] successfully performed. With the following test data [title]. @20-09-2021 16:23:50.0355 PM
[ReportManager] API Action [GetResponseJSONValue] successfully performed. With the following test data [title]. @20-09-2021 16:23:50.0364 PM
[ReportManager] API Action [GetResponseJSONValue] successfully performed. With the following test data [title]. @20-09-2021 16:23:50.0379 PM
[ReportManager] API Action [GetResponseJSONValue] successfully performed. With the following test data [title]. @20-09-2021 16:23:50.0391 PM
[ReportManager] API Action [GetResponseJSONValue] successfully performed. With the following test data [title]. @20-09-2021 16:23:50.0402 PM
[ReportManager] API Action [GetResponseJSONValue] successfully performed. With the following test data [title]. @20-09-2021 16:23:50.0418 PM
[ReportManager] API Action [GetResponseJSONValue] successfully performed. With the following test data [title]. @20-09-2021 16:23:50.0439 PM
[ReportManager] API Action [GetResponseJSONValue] successfully performed. With the following test data [title]. @20-09-2021 16:23:50.0456 PM
[ReportManager] API Action [GetResponseJSONValue] successfully performed. With the following test data [title]. @20-09-2021 16:23:50.0465 PM
[ReportManager] API Action [GetResponseJSONValue] successfully performed. With the following test data [title]. @20-09-2021 16:23:50.0477 PM
[ReportManager] API Action [GetResponseJSONValue] successfully performed. With the following test data [title]. @20-09-2021 16:23:50.0488 PM
[ReportManager] API Action [GetResponseJSONValue] successfully performed. With the following test data [title]. @20-09-2021 16:23:50.0499 PM
[ReportManager] API Action [GetResponseJSONValue] successfully performed. With the following test data [title]. @20-09-2021 16:23:50.0508 P

################################################################################################################################################
Starting Execution:	[48 out of 143] test cases in the current suite
Test Method:		[unitTests.tests_restActions.validateUserEmail]
################################################################################################################################################
[ReportManager] Response status code: [200], status line: [HTTP/1.1 200 OK] @20-09-2021 16:23:50.0592 PM
[ReportManager] Assertion Passed: Evaluating the actual response status code against the expected one... @20-09-2021 16:23:50.0592 PM
[ReportManager] Assertion [ValidateEquals] PASSED. Expected [200] and Actual [200]. Comparison Type [EQUALS]. Validation Type [POSITIVE]. @20-09-2021 16:23:50.0592 PM
[ReportManager] API Action [PerformRequest] successfully performed. With the following test data [Request Type: "GET" | Target Status Code: "200" | Service URL: "https://jsonplaceholder.typicode.com/users" | Content Type: "*/*" | Response Time: "70ms"]. @20-09-2021 16:23:50.0619 PM
[ReportManager] Successfully created attachment [API Request - Specifications] @20-09-2021 16:23:50.0619 PM
[ReportManager] Successfully created attachment [API Response - JSON Body] @20-09-2021 16:23:50.0620 PM
[ReportManager] Assertion [ValidateEquals] PASSED. Expected and Actual values are attached. Comparison Type [CONTAINS]. Validation Type [POSITIVE]. @20-09-2021 16:23:50.0620 PM
[ReportManager] Successfully created attachment [Validation Test Data - Expected Value] @20-09-2021 16:23:50.0620 PM
[ReportManager] Successfully created attachment [Validation Test Data - Actual Value] @20-09-2021 16:23:50.0620 PM
[ReportManager] API Action [GetResponseJSONValueAsList] successfully performed. With the following test data [$]. @20-09-2021 16:23:50.0626 PM
[ReportManager] API Action [GetResponseJSONValue] successfully performed. With the following test data [name]. @20-09-2021 16:23:50.0639 PM
[ReportManager] API Action [GetResponseJSONValue] successfully performed. With the following test data [email]. @20-09-2021 16:23:50.0649 PM
[ReportManager] Assertion [ValidateEquals] PASSED. Expected [Sincere@april.biz] and Actual [Sincere@april.biz]. Comparison Type [EQUALS]. Validation Type [POSITIVE]. @20-09-2021 16:23:50.0650 PM
[ReportManager] API Action [GetResponseJSONValue] successfully performed. With the following test data [name]. @20-09-2021 16:23:50.0663 PM
[ReportManager] API Action [GetResponseJSONValue] successfully performed. With the following test data [name]. @20-09-2021 16:23:50.0675 PM
[ReportManager] API Action [GetResponseJSONValue] successfully performed. With the following test data [name]. @20-09-2021 16:23:50.0692 PM
[ReportManager] API Action [GetResponseJSONValue] successfully performed. With the following test data [name]. @20-09-2021 16:23:50.0704 PM
[ReportManager] API Action [GetResponseJSONValue] successfully performed. With the following test data [name]. @20-09-2021 16:23:50.0714 PM
[ReportManager] API Action [GetResponseJSONValue] successfully performed. With the following test data [name]. @20-09-2021 16:23:50.0724 PM
[ReportManager] API Action [GetResponseJSONValue] successfully performed. With the following test data [name]. @20-09-2021 16:23:50.0734 PM
[ReportManager] API Action [GetResponseJSONValue] successfully performed. With the following test data [name]. @20-09-2021 16:23:50.0744 PM
[ReportManager] API Action [GetResponseJSONValue] successfully performed. With the following test data [name]. @20-09-2021 16:23:50.0756 P
[ReportManager] File Action [GetAbsolutePath] successfully performed. With the following test data [Relative Folder Path: "target/downloadedFiles/"]. @20-09-2021 16:23:50.0760 PM
[ReportManager] Attempting to run remotely on: [Linux-64], [GoogleChrome], [http://localhost:4444/wd/hub], Headless Execution. @20-09-2021 16:23:50.0761 PM
[ReportManager] Successfully Opened [GoogleChrome]. @20-09-2021 16:23:51.0009 P

################################################################################################################################################
Starting Execution:	[49 out of 143] test cases in the current suite
Test Method:		[unitTests.tests_element_elementActions.waitForElementToBePresent_false_expectedToFail]
################################################################################################################################################
[ReportManager] Target URL: [https://www.google.com/ncr], and after redirection: [www.google.com] @20-09-2021 16:23:51.0055 PM
[ReportManager] Initial URL: [data:,] @20-09-2021 16:23:51.0110 PM
[ReportManager] Browser Action [NavigateToURL] successfully performed. With the following test data [https://www.google.com/ncr]. @20-09-2021 16:23:52.0124 PM
[ReportManager] Waiting for element to be present; elementLocator [By.xpath: //*[@id='hplogo' or @alt='Google']], numberOfTries[1], stateOfPresence[false]... @20-09-2021 16:23:52.0131 PM
[ReportManager] Element Action [WaitForElementToBePresent] failed. With the following test data [waited for the element's state of presence to be (false). Element locator (By.xpath: //*[@id='hplogo' or @alt='Google'])]. @20-09-2021 16:23:52.0352 PM
[ReportManager] Successfully created attachment [Screenshot - 1632155032281_waitForElementToBePresent_false_expectedToFail_WaitForElementToBePresent_failed] @20-09-2021 16:23:52.0352 P
[ReportManager] Browser Action [CloseCurrentWindow] successfully performed. @20-09-2021 16:23:52.0510 PM
[ReportManager] Successfully created attachment [Browser Action Test Data - CloseCurrentWindow - Actual Value] @20-09-2021 16:23:52.0511 P
[ReportManager] File Action [GetAbsolutePath] successfully performed. With the following test data [Relative Folder Path: "target/downloadedFiles/"]. @20-09-2021 16:23:52.0514 PM
[ReportManager] Attempting to run remotely on: [Linux-64], [GoogleChrome], [http://localhost:4444/wd/hub], Headless Execution. @20-09-2021 16:23:52.0514 PM
[ReportManager] Successfully Opened [GoogleChrome]. @20-09-2021 16:23:52.0724 P

################################################################################################################################################
Starting Execution:	[50 out of 143] test cases in the current suite
Test Method:		[unitTests.tests_element_elementActions.waitForElementToBePresent_false_expectedToPass]
################################################################################################################################################
[ReportManager] Target URL: [https://www.google.com/ncr], and after redirection: [www.google.com] @20-09-2021 16:23:52.0737 PM
[ReportManager] Initial URL: [data:,] @20-09-2021 16:23:52.0799 PM
[ReportManager] Browser Action [NavigateToURL] successfully performed. With the following test data [https://www.google.com/ncr]. @20-09-2021 16:23:53.0720 PM
[ReportManager] Waiting for element to be present; elementLocator [By.id: bla], numberOfTries[1], stateOfPresence[false]... @20-09-2021 16:23:53.0720 PM
[ReportManager] Element Action [WaitForElementToBePresent] successfully performed. With the following test data [waited for the element's state of presence to be (false). Element locator (By.id: bla)]. @20-09-2021 16:23:58.0843 P
[ReportManager] Browser Action [CloseCurrentWindow] successfully performed. @20-09-2021 16:23:58.0986 PM
[ReportManager] Successfully created attachment [Browser Action Test Data - CloseCurrentWindow - Actual Value] @20-09-2021 16:23:58.0987 P
[ReportManager] File Action [GetAbsolutePath] successfully performed. With the following test data [Relative Folder Path: "target/downloadedFiles/"]. @20-09-2021 16:23:58.0995 PM
[ReportManager] Attempting to run remotely on: [Linux-64], [GoogleChrome], [http://localhost:4444/wd/hub], Headless Execution. @20-09-2021 16:23:58.0996 PM
[ReportManager] Successfully Opened [GoogleChrome]. @20-09-2021 16:23:59.0226 P

################################################################################################################################################
Starting Execution:	[51 out of 143] test cases in the current suite
Test Method:		[unitTests.tests_element_elementActions.waitForElementToBePresent_moreThanOneElement_expectedToFail]
################################################################################################################################################
[ReportManager] Target URL: [https://www.google.com/ncr], and after redirection: [www.google.com] @20-09-2021 16:23:59.0246 PM
[ReportManager] Initial URL: [data:,] @20-09-2021 16:23:59.0319 PM
[ReportManager] Browser Action [NavigateToURL] successfully performed. With the following test data [https://www.google.com/ncr]. @20-09-2021 16:24:00.0347 PM
[ReportManager] Waiting for element to be present; elementLocator [By.xpath: //*], numberOfTries[1], stateOfPresence[false]... @20-09-2021 16:24:00.0347 PM
[ReportManager] Element Action [WaitForElementToBePresent] failed. With the following test data [waited for the element's state of presence to be (false). Element locator (By.xpath: //*)]. @20-09-2021 16:24:00.0564 PM
[ReportManager] Successfully created attachment [Screenshot - 1632155040500_waitForElementToBePresent_moreThanOneElement_expectedToFail_WaitForElementToBePresent_failed] @20-09-2021 16:24:00.0565 P
[ReportManager] Browser Action [CloseCurrentWindow] successfully performed. @20-09-2021 16:24:00.0694 PM
[ReportManager] Successfully created attachment [Browser Action Test Data - CloseCurrentWindow - Actual Value] @20-09-2021 16:24:00.0695 P
[ReportManager] File Action [GetAbsolutePath] successfully performed. With the following test data [Relative Folder Path: "target/downloadedFiles/"]. @20-09-2021 16:24:00.0697 PM
[ReportManager] Attempting to run remotely on: [Linux-64], [GoogleChrome], [http://localhost:4444/wd/hub], Headless Execution. @20-09-2021 16:24:00.0698 PM
[ReportManager] Successfully Opened [GoogleChrome]. @20-09-2021 16:24:00.0914 P

################################################################################################################################################
Starting Execution:	[52 out of 143] test cases in the current suite
Test Method:		[unitTests.tests_element_elementActions.waitForElementToBePresent_true_expectedToFail]
################################################################################################################################################
[ReportManager] Target URL: [https://www.google.com/ncr], and after redirection: [www.google.com] @20-09-2021 16:24:00.0941 PM
[ReportManager] Initial URL: [data:,] @20-09-2021 16:24:00.0991 PM
[ReportManager] Browser Action [NavigateToURL] successfully performed. With the following test data [https://www.google.com/ncr]. @20-09-2021 16:24:01.0940 PM
[ReportManager] Waiting for element to be present; elementLocator [By.id: bla], numberOfTries[1], stateOfPresence[true]... @20-09-2021 16:24:01.0941 PM
[ReportManager] Element Action [WaitForElementToBePresent] failed. With the following test data [waited for the element's state of presence to be (true). Element locator (By.id: bla)]. @20-09-2021 16:24:07.0211 PM
[ReportManager] Successfully created attachment [Screenshot - 1632155047146_waitForElementToBePresent_true_expectedToFail_WaitForElementToBePresent_failed] @20-09-2021 16:24:07.0211 P
[ReportManager] Browser Action [CloseCurrentWindow] successfully performed. @20-09-2021 16:24:07.0354 PM
[ReportManager] Successfully created attachment [Browser Action Test Data - CloseCurrentWindow - Actual Value] @20-09-2021 16:24:07.0355 P
[ReportManager] File Action [GetAbsolutePath] successfully performed. With the following test data [Relative Folder Path: "target/downloadedFiles/"]. @20-09-2021 16:24:07.0358 PM
[ReportManager] Attempting to run remotely on: [Linux-64], [GoogleChrome], [http://localhost:4444/wd/hub], Headless Execution. @20-09-2021 16:24:07.0358 PM
[ReportManager] Successfully Opened [GoogleChrome]. @20-09-2021 16:24:07.0618 P

################################################################################################################################################
Starting Execution:	[53 out of 143] test cases in the current suite
Test Method:		[unitTests.tests_element_elementActions.waitForElementToBePresent_true_expectedToPass]
################################################################################################################################################
[ReportManager] Target URL: [https://www.google.com/ncr], and after redirection: [www.google.com] @20-09-2021 16:24:07.0639 PM
[ReportManager] Initial URL: [data:,] @20-09-2021 16:24:07.0699 PM
[ReportManager] Browser Action [NavigateToURL] successfully performed. With the following test data [https://www.google.com/ncr]. @20-09-2021 16:24:08.0598 PM
[ReportManager] Waiting for element to be present; elementLocator [By.xpath: //*[@id='hplogo' or @alt='Google']], numberOfTries[1], stateOfPresence[true]... @20-09-2021 16:24:08.0599 PM
[ReportManager] Element Action [WaitForElementToBePresent] successfully performed. With the following test data [waited for the element's state of presence to be (true). Element locator (By.xpath: //*[@id='hplogo' or @alt='Google'])]. @20-09-2021 16:24:08.0659 PM
[ReportManager] File Action [DoesFileExist] successfully performed. With the following test data [File Path: "src/test/resources/DynamicObjectRepository/unitTests_tests_element_elementActions_waitForElementToBePresent_true_expectedToPass_By_xpath_id_hplogo_or_alt_Google.png"]. @20-09-2021 16:24:08.0663 PM
[ReportManager] File Action [DoesFileExist] successfully performed. With the following test data [File Path: "src/test/resources/DynamicObjectRepository/unitTests_tests_element_elementActions_waitForElementToBePresent_true_expectedToPass_By_xpath_id_hplogo_or_alt_Google.png"]. @20-09-2021 16:24:08.0826 PM
[ReportManager] Passing the test and saving a reference image @20-09-2021 16:24:08.0826 PM
[ReportManager] File Action [GetAbsolutePath] successfully performed. With the following test data [Relative File Path: "src/test/resources/DynamicObjectRepository/unitTests_tests_element_elementActions_waitForElementToBePresent_true_expectedToPass_By_xpath_id_hplogo_or_alt_Google.png"]. @20-09-2021 16:24:08.0826 PM
[ReportManager] File Action [WriteToFile] successfully performed. With the following test data [Target File Path: "/home/runner/work/SHAFT_ENGINE/SHAFT_ENGINE/src/test/resources/DynamicObjectRepository/unitTests_tests_element_elementActions_waitForElementToBePresent_true_expectedToPass_By_xpath_id_hplogo_or_alt_Google.png"]. @20-09-2021 16:24:08.0828 PM
[ReportManager] Assertion Passed: Using Visual AI; OpenCV @20-09-2021 16:24:08.0828 PM
[ReportManager] Successfully created attachment [Validation Test Data - Actual Screenshot] @20-09-2021 16:24:08.0829 PM
[ReportManager] Assertion [ValidateElementMatches] PASSED. Expected [Element should match the reference screenshot] and Actual [TRUE]. Comparison Type [EXACT_OPENCV]. Validation Type [POSITIVE]. @20-09-2021 16:24:08.0829 P
[ReportManager] Browser Action [CloseCurrentWindow] successfully performed. @20-09-2021 16:24:08.0972 PM
[ReportManager] Successfully created attachment [Browser Action Test Data - CloseCurrentWindow - Actual Value] @20-09-2021 16:24:08.0973 P
[ReportManager] File Action [GetAbsolutePath] successfully performed. With the following test data [Relative Folder Path: "target/downloadedFiles/"]. @20-09-2021 16:24:08.0978 PM
[ReportManager] Attempting to run remotely on: [Linux-64], [GoogleChrome], [http://localhost:4444/wd/hub], Headless Execution. @20-09-2021 16:24:08.0978 PM
[ReportManager] Successfully Opened [GoogleChrome]. @20-09-2021 16:24:09.0196 PM
[ReportManager] Target URL: [https://duckduckgo.com] @20-09-2021 16:24:09.0207 PM
[ReportManager] Initial URL: [data:,] @20-09-2021 16:24:09.0251 PM
[ReportManager] Browser Action [NavigateToURL] successfully performed. With the following test data [https://duckduckgo.com]. @20-09-2021 16:24:09.0838 P

################################################################################################################################################
Starting Execution:	[54 out of 143] test cases in the current suite
Test Method:		[unitTests.tests_browserActions.fullScreenWindow]
################################################################################################################################################
[ReportManager] Initial Windows Size: 800x600 @20-09-2021 16:24:09.0851 PM
[ReportManager] Initial window size: (800, 600) @20-09-2021 16:24:09.0854 PM
[ReportManager] Window size after Toolkit: (1920, 1080) @20-09-2021 16:24:10.0084 PM
[ReportManager] Browser Action [MaximizeWindow] successfully performed. With the following test data [New screen size is now: (1920, 1080)]. @20-09-2021 16:24:10.0087 PM
[ReportManager] Current Windows Size after fullScreen: 1920x1080 @20-09-2021 16:24:10.0093 PM
[ReportManager] Browser Action [FullScreenWindow] successfully performed. @20-09-2021 16:24:10.0115 PM
[ReportManager] Successfully created attachment [Browser Action Test Data - FullScreenWindow - Actual Value] @20-09-2021 16:24:10.0117 P
[ReportManager] Target URL: [https://duckduckgo.com] @20-09-2021 16:24:10.0122 PM
[ReportManager] Initial URL: [https://duckduckgo.com] @20-09-2021 16:24:10.0189 PM
[ReportManager] Browser Action [NavigateToURL] successfully performed. With the following test data [https://duckduckgo.com]. @20-09-2021 16:24:10.0614 PM
[ReportManager] Browser Action [CloseCurrentWindow] successfully performed. @20-09-2021 16:24:10.0728 PM
[ReportManager] Successfully created attachment [Browser Action Test Data - CloseCurrentWindow - Actual Value] @20-09-2021 16:24:10.0734 P
[ReportManager] File Action [GetAbsolutePath] successfully performed. With the following test data [Relative Folder Path: "target/downloadedFiles/"]. @20-09-2021 16:24:10.0736 PM
[ReportManager] Attempting to run remotely on: [Linux-64], [GoogleChrome], [http://localhost:4444/wd/hub], Headless Execution. @20-09-2021 16:24:10.0736 PM
[ReportManager] Successfully Opened [GoogleChrome]. @20-09-2021 16:24:10.0968 PM
[ReportManager] Target URL: [https://duckduckgo.com] @20-09-2021 16:24:10.0982 PM
[ReportManager] Initial URL: [data:,] @20-09-2021 16:24:11.0046 PM
[ReportManager] Browser Action [NavigateToURL] successfully performed. With the following test data [https://duckduckgo.com]. @20-09-2021 16:24:11.0714 P

################################################################################################################################################
Starting Execution:	[55 out of 143] test cases in the current suite
Test Method:		[unitTests.tests_browserActions.getCurrentURL]
################################################################################################################################################
[ReportManager] Browser Action [GetCurrentURL] successfully performed. With the following test data [https://duckduckgo.com/]. @20-09-2021 16:24:11.0773 P
[ReportManager] Target URL: [https://duckduckgo.com] @20-09-2021 16:24:11.0775 PM
[ReportManager] Initial URL: [https://duckduckgo.com] @20-09-2021 16:24:11.0862 PM
[ReportManager] Browser Action [NavigateToURL] successfully performed. With the following test data [https://duckduckgo.com]. @20-09-2021 16:24:12.0215 PM
[ReportManager] Browser Action [CloseCurrentWindow] successfully performed. @20-09-2021 16:24:12.0328 PM
[ReportManager] Successfully created attachment [Browser Action Test Data - CloseCurrentWindow - Actual Value] @20-09-2021 16:24:12.0329 P
[ReportManager] File Action [GetAbsolutePath] successfully performed. With the following test data [Relative Folder Path: "target/downloadedFiles/"]. @20-09-2021 16:24:12.0340 PM
[ReportManager] Attempting to run remotely on: [Linux-64], [GoogleChrome], [http://localhost:4444/wd/hub], Headless Execution. @20-09-2021 16:24:12.0340 PM
[ReportManager] Successfully Opened [GoogleChrome]. @20-09-2021 16:24:12.0555 PM
[ReportManager] Target URL: [https://duckduckgo.com] @20-09-2021 16:24:12.0578 PM
[ReportManager] Initial URL: [data:,] @20-09-2021 16:24:12.0621 PM
[ReportManager] Browser Action [NavigateToURL] successfully performed. With the following test data [https://duckduckgo.com]. @20-09-2021 16:24:13.0279 P

################################################################################################################################################
Starting Execution:	[56 out of 143] test cases in the current suite
Test Method:		[unitTests.tests_browserActions.getCurrentWindowTitle]
################################################################################################################################################
[ReportManager] Browser Action [GetCurrentWindowTitle] successfully performed. With the following test data [DuckDuckGo  Privacy, simplified.]. @20-09-2021 16:24:13.0339 P
[ReportManager] Target URL: [https://duckduckgo.com] @20-09-2021 16:24:13.0351 PM
[ReportManager] Initial URL: [https://duckduckgo.com] @20-09-2021 16:24:13.0434 PM
[ReportManager] Browser Action [NavigateToURL] successfully performed. With the following test data [https://duckduckgo.com]. @20-09-2021 16:24:14.0010 PM
[ReportManager] Browser Action [CloseCurrentWindow] successfully performed. @20-09-2021 16:24:14.0135 PM
[ReportManager] Successfully created attachment [Browser Action Test Data - CloseCurrentWindow - Actual Value] @20-09-2021 16:24:14.0136 P
[ReportManager] File Action [GetAbsolutePath] successfully performed. With the following test data [Relative Folder Path: "target/downloadedFiles/"]. @20-09-2021 16:24:14.0140 PM
[ReportManager] Attempting to run remotely on: [Linux-64], [GoogleChrome], [http://localhost:4444/wd/hub], Headless Execution. @20-09-2021 16:24:14.0141 PM
[ReportManager] Successfully Opened [GoogleChrome]. @20-09-2021 16:24:14.0488 PM
[ReportManager] Target URL: [https://duckduckgo.com] @20-09-2021 16:24:14.0504 PM
[ReportManager] Initial URL: [data:,] @20-09-2021 16:24:14.0552 PM
[ReportManager] Browser Action [NavigateToURL] successfully performed. With the following test data [https://duckduckgo.com]. @20-09-2021 16:24:15.0167 P

################################################################################################################################################
Starting Execution:	[57 out of 143] test cases in the current suite
Test Method:		[unitTests.tests_browserActions.getPageSource]
################################################################################################################################################
[ReportManager] Browser Action [GetPageSource] successfully performed. @20-09-2021 16:24:15.0223 PM
[ReportManager] Successfully created attachment [Browser Action Test Data - GetPageSource - Actual Value] @20-09-2021 16:24:15.0224 P
[ReportManager] Target URL: [https://duckduckgo.com] @20-09-2021 16:24:15.0227 PM
[ReportManager] Initial URL: [https://duckduckgo.com] @20-09-2021 16:24:15.0307 PM
[ReportManager] Browser Action [NavigateToURL] successfully performed. With the following test data [https://duckduckgo.com]. @20-09-2021 16:24:15.0664 PM
[ReportManager] Browser Action [CloseCurrentWindow] successfully performed. @20-09-2021 16:24:15.0767 PM
[ReportManager] Successfully created attachment [Browser Action Test Data - CloseCurrentWindow - Actual Value] @20-09-2021 16:24:15.0767 P
[ReportManager] File Action [GetAbsolutePath] successfully performed. With the following test data [Relative Folder Path: "target/downloadedFiles/"]. @20-09-2021 16:24:15.0769 PM
[ReportManager] Attempting to run remotely on: [Linux-64], [GoogleChrome], [http://localhost:4444/wd/hub], Headless Execution. @20-09-2021 16:24:15.0770 PM
[ReportManager] Successfully Opened [GoogleChrome]. @20-09-2021 16:24:15.0987 PM
[ReportManager] Target URL: [https://duckduckgo.com] @20-09-2021 16:24:15.0997 PM
[ReportManager] Initial URL: [data:,] @20-09-2021 16:24:16.0038 PM
[ReportManager] Browser Action [NavigateToURL] successfully performed. With the following test data [https://duckduckgo.com]. @20-09-2021 16:24:16.0568 P

################################################################################################################################################
Starting Execution:	[58 out of 143] test cases in the current suite
Test Method:		[unitTests.tests_browserActions.getWindowHandle]
################################################################################################################################################
[ReportManager] Browser Action [GetWindowHandle] successfully performed. With the following test data [CDwindow-2E8ED05B1FB41706693862502880B193]. @20-09-2021 16:24:16.0618 P
[ReportManager] Target URL: [https://duckduckgo.com] @20-09-2021 16:24:16.0621 PM
[ReportManager] Initial URL: [https://duckduckgo.com] @20-09-2021 16:24:16.0691 PM
[ReportManager] Browser Action [NavigateToURL] successfully performed. With the following test data [https://duckduckgo.com]. @20-09-2021 16:24:17.0048 PM
[ReportManager] Browser Action [CloseCurrentWindow] successfully performed. @20-09-2021 16:24:17.0154 PM
[ReportManager] Successfully created attachment [Browser Action Test Data - CloseCurrentWindow - Actual Value] @20-09-2021 16:24:17.0155 P
[ReportManager] File Action [GetAbsolutePath] successfully performed. With the following test data [Relative Folder Path: "target/downloadedFiles/"]. @20-09-2021 16:24:17.0158 PM
[ReportManager] Attempting to run remotely on: [Linux-64], [GoogleChrome], [http://localhost:4444/wd/hub], Headless Execution. @20-09-2021 16:24:17.0158 PM
[ReportManager] Successfully Opened [GoogleChrome]. @20-09-2021 16:24:17.0380 PM
[ReportManager] Target URL: [https://duckduckgo.com] @20-09-2021 16:24:17.0391 PM
[ReportManager] Initial URL: [data:,] @20-09-2021 16:24:17.0436 PM
[ReportManager] Browser Action [NavigateToURL] successfully performed. With the following test data [https://duckduckgo.com]. @20-09-2021 16:24:18.0004 P

################################################################################################################################################
Starting Execution:	[59 out of 143] test cases in the current suite
Test Method:		[unitTests.tests_browserActions.getWindowPosition]
################################################################################################################################################
[ReportManager] Browser Action [GetWindowPosition] successfully performed. With the following test data [(0, 0)]. @20-09-2021 16:24:18.0075 P
[ReportManager] Target URL: [https://duckduckgo.com] @20-09-2021 16:24:18.0077 PM
[ReportManager] Initial URL: [https://duckduckgo.com] @20-09-2021 16:24:18.0146 PM
[ReportManager] Browser Action [NavigateToURL] successfully performed. With the following test data [https://duckduckgo.com]. @20-09-2021 16:24:18.0517 PM
[ReportManager] Browser Action [CloseCurrentWindow] successfully performed. @20-09-2021 16:24:18.0638 PM
[ReportManager] Successfully created attachment [Browser Action Test Data - CloseCurrentWindow - Actual Value] @20-09-2021 16:24:18.0639 P
[ReportManager] File Action [GetAbsolutePath] successfully performed. With the following test data [Relative Folder Path: "target/downloadedFiles/"]. @20-09-2021 16:24:18.0641 PM
[ReportManager] Attempting to run remotely on: [Linux-64], [GoogleChrome], [http://localhost:4444/wd/hub], Headless Execution. @20-09-2021 16:24:18.0641 PM
[ReportManager] Successfully Opened [GoogleChrome]. @20-09-2021 16:24:18.0892 PM
[ReportManager] Target URL: [https://duckduckgo.com] @20-09-2021 16:24:18.0917 PM
[ReportManager] Initial URL: [data:,] @20-09-2021 16:24:18.0960 PM
[ReportManager] Browser Action [NavigateToURL] successfully performed. With the following test data [https://duckduckgo.com]. @20-09-2021 16:24:19.0566 P

################################################################################################################################################
Starting Execution:	[60 out of 143] test cases in the current suite
Test Method:		[unitTests.tests_browserActions.getWindowSize]
################################################################################################################################################
[ReportManager] Browser Action [GetWindowSize] successfully performed. With the following test data [(800, 600)]. @20-09-2021 16:24:19.0614 P
[ReportManager] Target URL: [https://duckduckgo.com] @20-09-2021 16:24:19.0616 PM
[ReportManager] Initial URL: [https://duckduckgo.com] @20-09-2021 16:24:19.0675 PM
[ReportManager] Browser Action [NavigateToURL] successfully performed. With the following test data [https://duckduckgo.com]. @20-09-2021 16:24:20.0014 PM
[ReportManager] Browser Action [CloseCurrentWindow] successfully performed. @20-09-2021 16:24:20.0127 PM
[ReportManager] Successfully created attachment [Browser Action Test Data - CloseCurrentWindow - Actual Value] @20-09-2021 16:24:20.0127 P
[ReportManager] File Action [GetAbsolutePath] successfully performed. With the following test data [Relative Folder Path: "target/downloadedFiles/"]. @20-09-2021 16:24:20.0130 PM
[ReportManager] Attempting to run remotely on: [Linux-64], [GoogleChrome], [http://localhost:4444/wd/hub], Headless Execution. @20-09-2021 16:24:20.0130 PM
[ReportManager] Successfully Opened [GoogleChrome]. @20-09-2021 16:24:20.0395 PM
[ReportManager] Target URL: [https://duckduckgo.com] @20-09-2021 16:24:20.0408 PM
[ReportManager] Initial URL: [data:,] @20-09-2021 16:24:20.0452 PM
[ReportManager] Browser Action [NavigateToURL] successfully performed. With the following test data [https://duckduckgo.com]. @20-09-2021 16:24:21.0029 P

################################################################################################################################################
Starting Execution:	[61 out of 143] test cases in the current suite
Test Method:		[unitTests.tests_browserActions.maximizeWindow]
################################################################################################################################################
[ReportManager] Initial window size: (800, 600) @20-09-2021 16:24:21.0039 PM
[ReportManager] Window size after Toolkit: (1920, 1080) @20-09-2021 16:24:21.0262 PM
[ReportManager] Browser Action [MaximizeWindow] successfully performed. With the following test data [New screen size is now: (1920, 1080)]. @20-09-2021 16:24:21.0264 P
[ReportManager] Target URL: [https://duckduckgo.com] @20-09-2021 16:24:21.0269 PM
[ReportManager] Initial URL: [https://duckduckgo.com] @20-09-2021 16:24:21.0332 PM
[ReportManager] Browser Action [NavigateToURL] successfully performed. With the following test data [https://duckduckgo.com]. @20-09-2021 16:24:21.0727 PM
[ReportManager] Browser Action [CloseCurrentWindow] successfully performed. @20-09-2021 16:24:21.0847 PM
[ReportManager] Successfully created attachment [Browser Action Test Data - CloseCurrentWindow - Actual Value] @20-09-2021 16:24:21.0848 P
[ReportManager] File Action [GetAbsolutePath] successfully performed. With the following test data [Relative Folder Path: "target/downloadedFiles/"]. @20-09-2021 16:24:21.0851 PM
[ReportManager] Attempting to run remotely on: [Linux-64], [GoogleChrome], [http://localhost:4444/wd/hub], Headless Execution. @20-09-2021 16:24:21.0851 PM
[ReportManager] Successfully Opened [GoogleChrome]. @20-09-2021 16:24:22.0079 PM
[ReportManager] Target URL: [https://duckduckgo.com] @20-09-2021 16:24:22.0099 PM
[ReportManager] Initial URL: [data:,] @20-09-2021 16:24:22.0147 PM
[ReportManager] Browser Action [NavigateToURL] successfully performed. With the following test data [https://duckduckgo.com]. @20-09-2021 16:24:22.0713 P

################################################################################################################################################
Starting Execution:	[62 out of 143] test cases in the current suite
Test Method:		[unitTests.tests_browserActions.navigateBack]
################################################################################################################################################
[ReportManager] Target URL: [https://www.google.com/ncr], and after redirection: [https://www.google.com] @20-09-2021 16:24:22.0716 PM
[ReportManager] Initial URL: [https://duckduckgo.com] @20-09-2021 16:24:22.0788 PM
[ReportManager] Browser Action [NavigateToURL] successfully performed. With the following test data [https://www.google.com/ncr]. @20-09-2021 16:24:23.0745 PM
[ReportManager] Browser Action [NavigateBack] successfully performed. With the following test data [https://duckduckgo.com/]. @20-09-2021 16:24:24.0143 PM
[ReportManager] Browser Action [GetCurrentURL] successfully performed. With the following test data [https://duckduckgo.com/]. @20-09-2021 16:24:24.0175 PM
[ReportManager] Assertion Passed: Confirming that navigating back was successful @20-09-2021 16:24:24.0317 PM
[ReportManager] Successfully created attachment [Screenshot - 1632155064249_navigateBack_ValidateBrowserAttribute_passed] @20-09-2021 16:24:24.0318 PM
[ReportManager] Assertion [ValidateBrowserAttribute] PASSED. Expected [Value Should be 'https://duckduckgo.com' for the 'CurrentUrl' attribute] and Actual [https://duckduckgo.com/]. Comparison Type [CONTAINS]. Validation Type [POSITIVE]. @20-09-2021 16:24:24.0318 P
[ReportManager] Target URL: [https://duckduckgo.com] @20-09-2021 16:24:24.0324 PM
[ReportManager] Initial URL: [https://duckduckgo.com] @20-09-2021 16:24:24.0412 PM
[ReportManager] Browser Action [NavigateToURL] successfully performed. With the following test data [https://duckduckgo.com]. @20-09-2021 16:24:24.0812 PM
[ReportManager] Browser Action [CloseCurrentWindow] successfully performed. @20-09-2021 16:24:24.0931 PM
[ReportManager] Successfully created attachment [Browser Action Test Data - CloseCurrentWindow - Actual Value] @20-09-2021 16:24:24.0931 P
[ReportManager] File Action [GetAbsolutePath] successfully performed. With the following test data [Relative Folder Path: "target/downloadedFiles/"]. @20-09-2021 16:24:24.0935 PM
[ReportManager] Attempting to run remotely on: [Linux-64], [GoogleChrome], [http://localhost:4444/wd/hub], Headless Execution. @20-09-2021 16:24:24.0935 PM
[ReportManager] Successfully Opened [GoogleChrome]. @20-09-2021 16:24:25.0225 PM
[ReportManager] Target URL: [https://duckduckgo.com] @20-09-2021 16:24:25.0236 PM
[ReportManager] Initial URL: [data:,] @20-09-2021 16:24:25.0298 PM
[ReportManager] Browser Action [NavigateToURL] successfully performed. With the following test data [https://duckduckgo.com]. @20-09-2021 16:24:25.0853 P

################################################################################################################################################
Starting Execution:	[63 out of 143] test cases in the current suite
Test Method:		[unitTests.tests_browserActions.navigateForward]
################################################################################################################################################
[ReportManager] Target URL: [https://www.google.com/ncr], and after redirection: [https://www.google.com] @20-09-2021 16:24:25.0858 PM
[ReportManager] Initial URL: [https://duckduckgo.com] @20-09-2021 16:24:25.0923 PM
[ReportManager] Browser Action [NavigateToURL] successfully performed. With the following test data [https://www.google.com/ncr]. @20-09-2021 16:24:26.0817 PM
[ReportManager] Browser Action [NavigateBack] successfully performed. With the following test data [https://duckduckgo.com/]. @20-09-2021 16:24:27.0236 PM
[ReportManager] Browser Action [NavigateForward] successfully performed. With the following test data [https://www.google.com/]. @20-09-2021 16:24:27.0685 P
[ReportManager] Target URL: [https://duckduckgo.com] @20-09-2021 16:24:27.0688 PM
[ReportManager] Initial URL: [https://www.google.com] @20-09-2021 16:24:27.0784 PM
[ReportManager] Browser Action [NavigateToURL] successfully performed. With the following test data [https://duckduckgo.com]. @20-09-2021 16:24:28.0318 PM
[ReportManager] Browser Action [CloseCurrentWindow] successfully performed. @20-09-2021 16:24:28.0418 PM
[ReportManager] Successfully created attachment [Browser Action Test Data - CloseCurrentWindow - Actual Value] @20-09-2021 16:24:28.0418 P
[ReportManager] File Action [GetAbsolutePath] successfully performed. With the following test data [Relative Folder Path: "target/downloadedFiles/"]. @20-09-2021 16:24:28.0420 PM
[ReportManager] Attempting to run remotely on: [Linux-64], [GoogleChrome], [http://localhost:4444/wd/hub], Headless Execution. @20-09-2021 16:24:28.0421 PM
[ReportManager] Successfully Opened [GoogleChrome]. @20-09-2021 16:24:28.0656 PM
[ReportManager] Target URL: [https://duckduckgo.com] @20-09-2021 16:24:28.0667 PM
[ReportManager] Initial URL: [data:,] @20-09-2021 16:24:28.0714 PM
[ReportManager] Browser Action [NavigateToURL] successfully performed. With the following test data [https://duckduckgo.com]. @20-09-2021 16:24:29.0280 P

################################################################################################################################################
Starting Execution:	[64 out of 143] test cases in the current suite
Test Method:		[unitTests.tests_browserActions.navigateToURL]
################################################################################################################################################
[ReportManager] Target URL: [https://duckduckgo.com] @20-09-2021 16:24:29.0288 PM
[ReportManager] Initial URL: [https://duckduckgo.com] @20-09-2021 16:24:29.0349 PM
[ReportManager] Browser Action [NavigateToURL] successfully performed. With the following test data [https://duckduckgo.com]. @20-09-2021 16:24:29.0726 P
[ReportManager] Target URL: [https://duckduckgo.com] @20-09-2021 16:24:29.0729 PM
[ReportManager] Initial URL: [https://duckduckgo.com] @20-09-2021 16:24:29.0823 PM
[ReportManager] Browser Action [NavigateToURL] successfully performed. With the following test data [https://duckduckgo.com]. @20-09-2021 16:24:30.0202 PM
[ReportManager] Browser Action [CloseCurrentWindow] successfully performed. @20-09-2021 16:24:30.0314 PM
[ReportManager] Successfully created attachment [Browser Action Test Data - CloseCurrentWindow - Actual Value] @20-09-2021 16:24:30.0319 P
[ReportManager] File Action [GetAbsolutePath] successfully performed. With the following test data [Relative Folder Path: "target/downloadedFiles/"]. @20-09-2021 16:24:30.0321 PM
[ReportManager] Attempting to run remotely on: [Linux-64], [GoogleChrome], [http://localhost:4444/wd/hub], Headless Execution. @20-09-2021 16:24:30.0322 PM
[ReportManager] Successfully Opened [GoogleChrome]. @20-09-2021 16:24:30.0549 PM
[ReportManager] Target URL: [https://duckduckgo.com] @20-09-2021 16:24:30.0562 PM
[ReportManager] Initial URL: [data:,] @20-09-2021 16:24:30.0613 PM
[ReportManager] Browser Action [NavigateToURL] successfully performed. With the following test data [https://duckduckgo.com]. @20-09-2021 16:24:31.0184 P

################################################################################################################################################
Starting Execution:	[65 out of 143] test cases in the current suite
Test Method:		[unitTests.tests_browserActions.navigateToURLWithRedirection]
################################################################################################################################################
[ReportManager] Target URL: [https://www.google.com/ncr], and after redirection: [https://www.google.com] @20-09-2021 16:24:31.0191 PM
[ReportManager] Initial URL: [https://duckduckgo.com] @20-09-2021 16:24:31.0261 PM
[ReportManager] Browser Action [NavigateToURL] successfully performed. With the following test data [https://www.google.com/ncr]. @20-09-2021 16:24:32.0200 P
[ReportManager] Target URL: [https://duckduckgo.com] @20-09-2021 16:24:32.0202 PM
[ReportManager] Initial URL: [https://www.google.com] @20-09-2021 16:24:32.0286 PM
[ReportManager] Browser Action [NavigateToURL] successfully performed. With the following test data [https://duckduckgo.com]. @20-09-2021 16:24:32.0822 PM
[ReportManager] Browser Action [CloseCurrentWindow] successfully performed. @20-09-2021 16:24:32.0934 PM
[ReportManager] Successfully created attachment [Browser Action Test Data - CloseCurrentWindow - Actual Value] @20-09-2021 16:24:32.0934 P
[ReportManager] File Action [GetAbsolutePath] successfully performed. With the following test data [Relative Folder Path: "target/downloadedFiles/"]. @20-09-2021 16:24:32.0936 PM
[ReportManager] Attempting to run remotely on: [Linux-64], [GoogleChrome], [http://localhost:4444/wd/hub], Headless Execution. @20-09-2021 16:24:32.0936 PM
[ReportManager] Successfully Opened [GoogleChrome]. @20-09-2021 16:24:33.0157 PM
[ReportManager] Target URL: [https://duckduckgo.com] @20-09-2021 16:24:33.0175 PM
[ReportManager] Initial URL: [data:,] @20-09-2021 16:24:33.0219 PM
[ReportManager] Browser Action [NavigateToURL] successfully performed. With the following test data [https://duckduckgo.com]. @20-09-2021 16:24:33.0751 P

################################################################################################################################################
Starting Execution:	[66 out of 143] test cases in the current suite
Test Method:		[unitTests.tests_browserActions.refreshCurrentPage]
################################################################################################################################################
[ReportManager] Browser Action [RefreshCurrentPage] successfully performed. @20-09-2021 16:24:33.0991 PM
[ReportManager] Successfully created attachment [Browser Action Test Data - RefreshCurrentPage - Actual Value] @20-09-2021 16:24:33.0992 P
[ReportManager] Target URL: [https://duckduckgo.com] @20-09-2021 16:24:33.0993 PM
[ReportManager] Initial URL: [https://duckduckgo.com] @20-09-2021 16:24:34.0095 PM
[ReportManager] Browser Action [NavigateToURL] successfully performed. With the following test data [https://duckduckgo.com]. @20-09-2021 16:24:34.0449 PM
[ReportManager] Browser Action [CloseCurrentWindow] successfully performed. @20-09-2021 16:24:34.0554 PM
[ReportManager] Successfully created attachment [Browser Action Test Data - CloseCurrentWindow - Actual Value] @20-09-2021 16:24:34.0555 P
[ReportManager] File Action [GetAbsolutePath] successfully performed. With the following test data [Relative Folder Path: "target/downloadedFiles/"]. @20-09-2021 16:24:34.0557 PM
[ReportManager] Attempting to run remotely on: [Linux-64], [GoogleChrome], [http://localhost:4444/wd/hub], Headless Execution. @20-09-2021 16:24:34.0557 PM
[ReportManager] Successfully Opened [GoogleChrome]. @20-09-2021 16:24:34.0779 PM
[ReportManager] Target URL: [https://duckduckgo.com] @20-09-2021 16:24:34.0792 PM
[ReportManager] Initial URL: [data:,] @20-09-2021 16:24:34.0836 PM
[ReportManager] Browser Action [NavigateToURL] successfully performed. With the following test data [https://duckduckgo.com]. @20-09-2021 16:24:35.0427 P

################################################################################################################################################
Starting Execution:	[67 out of 143] test cases in the current suite
Test Method:		[unitTests.tests_browserActions.setWindowSize]
################################################################################################################################################
[ReportManager] Initial window size: (800, 600) @20-09-2021 16:24:35.0439 PM
[ReportManager] Window size after SWD: (1280, 720) @20-09-2021 16:24:35.0655 PM
[ReportManager] Browser Action [SetWindowSize] successfully performed. With the following test data [New screen size is now: (1280, 720)]. @20-09-2021 16:24:35.0656 P
[ReportManager] Target URL: [https://duckduckgo.com] @20-09-2021 16:24:35.0659 PM
[ReportManager] Initial URL: [https://duckduckgo.com] @20-09-2021 16:24:35.0725 PM
[ReportManager] Browser Action [NavigateToURL] successfully performed. With the following test data [https://duckduckgo.com]. @20-09-2021 16:24:36.0098 PM
[ReportManager] Browser Action [CloseCurrentWindow] successfully performed. @20-09-2021 16:24:36.0222 PM
[ReportManager] Successfully created attachment [Browser Action Test Data - CloseCurrentWindow - Actual Value] @20-09-2021 16:24:36.0222 P
[ReportManager] Successfully loaded the following test data file [src/test/resources/TestDataFiles/testSuite01/TestData.xlsx]. @20-09-2021 16:24:37.0213 PM
[ReportManager] Successfully created attachment [Test Data - Excel] @20-09-2021 16:24:37.0214 P

################################################################################################################################################
Starting Execution:	[68 out of 143] test cases in the current suite
Test Method:		[unitTests.tests_io_excelFileManager.getCellData_rowName_expectedToPass]
################################################################################################################################################
[ReportManager] testRowData. @20-09-2021 16:24:37.0231 P
[ReportManager] Successfully loaded the following test data file [src/test/resources/TestDataFiles/testSuite01/TestData.xlsx]. @20-09-2021 16:24:37.0263 PM
[ReportManager] Successfully created attachment [Test Data - Excel] @20-09-2021 16:24:37.0263 PM
[ReportManager] File Action [GetAbsolutePath] successfully performed. With the following test data [Relative Folder Path: "target/downloadedFiles/"]. @20-09-2021 16:24:37.0263 PM
[ReportManager] Attempting to run remotely on: [Linux-64], [GoogleChrome], [http://localhost:4444/wd/hub], Headless Execution. @20-09-2021 16:24:37.0263 PM
[ReportManager] Successfully Opened [GoogleChrome]. @20-09-2021 16:24:37.0584 P

################################################################################################################################################
Starting Execution:	[69 out of 143] test cases in the current suite
Test Method:		[testPackage01.Test_google.navigateToURLandVerifyGoogleLogoIsDisplayed]
Test Description:	[TC001 - Navigate to URL and Verify Google Logo is Displayed]
################################################################################################################################################
[ReportManager] Target URL: [https://www.google.com/ncr], and after redirection: [https://www.google.com] @20-09-2021 16:24:37.0619 PM
[ReportManager] Initial URL: [data:,] @20-09-2021 16:24:37.0668 PM
[ReportManager] Browser Action [NavigateToURL] successfully performed. With the following test data [https://www.google.com/ncr]. @20-09-2021 16:24:38.0617 PM
[ReportManager] Loaded Shared OpenCV @20-09-2021 16:24:38.0830 PM
[ReportManager] Assertion [ValidateElementExists] PASSED. Expected [Element Should Exist, locator 'By.xpath: //*[@id='hplogo' or @alt='Google']'] and Actual [Element Exists]. Comparison Type [EQUALS]. Validation Type [POSITIVE]. @20-09-2021 16:24:38.0920 PM
[ReportManager] Successfully created attachment [Screenshot - 1632155078828_navigateToURLandVerifyGoogleLogoIsDisplayed_ValidateElementExists_passed] @20-09-2021 16:24:38.0921 P

################################################################################################################################################
Starting Execution:	[70 out of 143] test cases in the current suite
Test Method:		[testPackage01.Test_google.searchForQueryandAssertResultsNumDisplayed]
Test Description:	[TC002 - Search for Query and Assert that the number of results is displayed]
################################################################################################################################################
[ReportManager] Element Action [Type] successfully performed. With the following test data [SHAFT_Engine]. @20-09-2021 16:24:39.0502 PM
[ReportManager] Element Action [KeyPress] successfully performed. With the following test data [Enter]. @20-09-2021 16:24:41.0187 PM
[ReportManager] Element Action [GetText] successfully performed. With the following test data [About 821,000 results (0.86 seconds) ]. @20-09-2021 16:24:41.0293 PM
[ReportManager] Loaded Shared OpenCV @20-09-2021 16:24:41.0456 PM
[ReportManager] Assertion [ValidateElementAttribute] PASSED. Expected [Value Should not be '' for the 'Text' attribute, element locator 'By.id: appbar'] and Actual [About 821,000 results (0.86 seconds) ]. Comparison Type [EQUALS]. Validation Type [NEGATIVE]. @20-09-2021 16:24:41.0572 PM
[ReportManager] Successfully created attachment [Screenshot - 1632155081456_searchForQueryandAssertResultsNumDisplayed_ValidateElementAttribute_passed] @20-09-2021 16:24:41.0574 P

################################################################################################################################################
Starting Execution:	[71 out of 143] test cases in the current suite
Test Method:		[testPackage01.Test_google.clickNextThrice]
Test Description:	[TC003 - Clicks the next button to make sure that the framework can scroll element into view before clicking it]
################################################################################################################################################
[ReportManager] Element Action [Click] successfully performed. With the following test data [Next]. @20-09-2021 16:24:43.0171 P
[ReportManager] Browser Action [CloseCurrentWindow] successfully performed. @20-09-2021 16:24:43.0479 PM
[ReportManager] Successfully created attachment [Browser Action Test Data - CloseCurrentWindow - Actual Value] @20-09-2021 16:24:43.0484 P

################################################################################################################################################
Starting Execution:	[72 out of 143] test cases in the current suite
Test Method:		[testPackage01.Test_testData.f]
################################################################################################################################################
[ReportManager] Successfully loaded the following test data file [src/test/resources/TestDataFiles/testSuite01/TestData.xlsx]. @20-09-2021 16:24:43.0552 PM
[ReportManager] Successfully created attachment [Test Data - Excel] @20-09-2021 16:24:43.0552 PM
[ReportManager] Last Column Number is: [3]. Zero-based. @20-09-2021 16:24:43.0553 P

################################################################################################################################################
Starting Execution:	[73 out of 143] test cases in the current suite
Test Method:		[testPackage01.Test_JSONFileManager.readStringFromJson]
################################################################################################################################################
[ReportManager] Successfully loaded the following test data file [src/test/resources/TestDataFiles/simpleJSON.json]. @20-09-2021 16:24:43.0566 PM
[ReportManager] Successfully created attachment [Test Data - JSON] @20-09-2021 16:24:43.0566 PM
[ReportManager] Assertion [ValidateEquals] PASSED. Expected [Mohab Mohie] and Actual [Mohab Mohie]. Comparison Type [EQUALS]. Validation Type [POSITIVE]. @20-09-2021 16:24:43.0598 P
[ReportManager] File Action [GetAbsolutePath] successfully performed. With the following test data [Relative Folder Path: "target/downloadedFiles/"]. @20-09-2021 16:24:43.0604 PM
[ReportManager] Attempting to run remotely on: [Linux-64], [GoogleChrome], [http://localhost:4444/wd/hub], Headless Execution. @20-09-2021 16:24:43.0605 PM
[ReportManager] Successfully Opened [GoogleChrome]. @20-09-2021 16:24:43.0891 P

################################################################################################################################################
Starting Execution:	[74 out of 143] test cases in the current suite
Test Method:		[testPackage01.Test_dragAndDrop.dragAndDropJquery]
################################################################################################################################################
[ReportManager] Target URL: [https://jqueryui.com/resources/demos/droppable/default.html] @20-09-2021 16:24:43.0913 PM
[ReportManager] Initial URL: [data:,] @20-09-2021 16:24:43.0962 PM
[ReportManager] Browser Action [NavigateToURL] successfully performed. With the following test data [https://jqueryui.com/resources/demos/droppable/default.html]. @20-09-2021 16:24:44.0642 PM
[ReportManager] Element Action [GetText] successfully performed. With the following test data [Drop here]. @20-09-2021 16:24:44.0751 PM
[ReportManager] Element Action [DragAndDrop] successfully performed. With the following test data [Start point: (8, 18), End point: (8, 18)]. @20-09-2021 16:24:46.0150 PM
[ReportManager] Element Action [GetText] successfully performed. With the following test data [Dropped!]. @20-09-2021 16:24:46.0216 PM
[ReportManager] Assertion Passed: Checking to see if the text has changed after performing drag and drop @20-09-2021 16:24:46.0217 PM
[ReportManager] Assertion [ValidateEquals] PASSED. Expected [Drop here] and Actual [Dropped!]. Comparison Type [EQUALS]. Validation Type [NEGATIVE]. @20-09-2021 16:24:46.0217 P
[ReportManager] Browser Action [CloseCurrentWindow] successfully performed. @20-09-2021 16:24:46.0344 PM
[ReportManager] Successfully created attachment [Browser Action Test Data - CloseCurrentWindow - Actual Value] @20-09-2021 16:24:46.0346 P
[ReportManager] File Action [GetAbsolutePath] successfully performed. With the following test data [Relative Folder Path: "target/downloadedFiles/"]. @20-09-2021 16:24:46.0349 PM
[ReportManager] Attempting to run remotely on: [Linux-64], [GoogleChrome], [http://localhost:4444/wd/hub], Headless Execution. @20-09-2021 16:24:46.0350 PM
[ReportManager] Successfully Opened [GoogleChrome]. @20-09-2021 16:24:46.0549 P

################################################################################################################################################
Starting Execution:	[75 out of 143] test cases in the current suite
Test Method:		[testPackage01.Test_dragAndDrop.dragAndDrop]
Test Description:	[TC001 - Test Drag and Drop function.]
################################################################################################################################################
[ReportManager] Target URL: [http://the-internet.herokuapp.com/drag_and_drop] @20-09-2021 16:24:46.0576 PM
[ReportManager] Initial URL: [data:,] @20-09-2021 16:24:46.0620 PM
[ReportManager] Browser Action [NavigateToURL] successfully performed. With the following test data [http://the-internet.herokuapp.com/drag_and_drop]. @20-09-2021 16:24:48.0396 PM
[ReportManager] Attempting Drag and Drop @20-09-2021 16:24:48.0396 PM
[ReportManager] Element Action [DragAndDrop] successfully performed. With the following test data [Start point: (32, 89), End point: (247, 89)]. @20-09-2021 16:24:49.0599 P
[ReportManager] Browser Action [CloseCurrentWindow] successfully performed. @20-09-2021 16:24:49.0696 PM
[ReportManager] Successfully created attachment [Browser Action Test Data - CloseCurrentWindow - Actual Value] @20-09-2021 16:24:49.0696 P
[ReportManager] File Action [GetAbsolutePath] successfully performed. With the following test data [Relative Folder Path: "target/downloadedFiles/"]. @20-09-2021 16:24:49.0699 PM
[ReportManager] Attempting to run remotely on: [Linux-64], [GoogleChrome], [http://localhost:4444/wd/hub], Headless Execution. @20-09-2021 16:24:49.0699 PM
[ReportManager] Successfully Opened [GoogleChrome]. @20-09-2021 16:24:49.0919 P

################################################################################################################################################
Starting Execution:	[76 out of 143] test cases in the current suite
Test Method:		[testPackage01.Test_dragAndDrop.dragAndDropByOffset]
Test Description:	[TC002 - Test Drag and Drop by offset function.]
################################################################################################################################################
[ReportManager] Target URL: [https://jqueryui.com/resources/demos/draggable/default.html] @20-09-2021 16:24:49.0937 PM
[ReportManager] Initial URL: [data:,] @20-09-2021 16:24:49.0981 PM
[ReportManager] Browser Action [NavigateToURL] successfully performed. With the following test data [https://jqueryui.com/resources/demos/draggable/default.html]. @20-09-2021 16:24:50.0576 PM
[ReportManager] Element Action [DragAndDropByOffset] successfully performed. With the following test data [Start point: (8, 8), End point: (108, 58)]. @20-09-2021 16:24:50.0757 P
[ReportManager] Browser Action [CloseCurrentWindow] successfully performed. @20-09-2021 16:24:50.0852 PM
[ReportManager] Successfully created attachment [Browser Action Test Data - CloseCurrentWindow - Actual Value] @20-09-2021 16:24:50.0852 P
[ReportManager] File Action [GetAbsolutePath] successfully performed. With the following test data [Relative Folder Path: "target/downloadedFiles/"]. @20-09-2021 16:24:50.0854 PM
[ReportManager] Attempting to run remotely on: [Linux-64], [GoogleChrome], [http://localhost:4444/wd/hub], Headless Execution. @20-09-2021 16:24:50.0854 PM
[ReportManager] Successfully Opened [GoogleChrome]. @20-09-2021 16:24:51.0081 P

################################################################################################################################################
Starting Execution:	[77 out of 143] test cases in the current suite
Test Method:		[testPackage01.Test_verifyEquals.test_assertElementAttribute]
################################################################################################################################################
[ReportManager] Target URL: [https://www.google.com/ncr], and after redirection: [https://www.google.com] @20-09-2021 16:24:51.0106 PM
[ReportManager] Initial URL: [data:,] @20-09-2021 16:24:51.0154 PM
[ReportManager] Browser Action [NavigateToURL] successfully performed. With the following test data [https://www.google.com/ncr]. @20-09-2021 16:24:52.0133 PM
[ReportManager] Element Action [Type] successfully performed. With the following test data [INC_004010050:Another SCHEDULER with the same name [Duplicate Job Name] already exists.]. @20-09-2021 16:24:52.0899 PM
[ReportManager] Element Action [GetText] successfully performed. With the following test data [INC_004010050:Another SCHEDULER with the same name [Duplicate Job Name] already exists.]. @20-09-2021 16:24:53.0010 PM
[ReportManager] Loaded Shared OpenCV @20-09-2021 16:24:53.0153 PM
[ReportManager] Verification [ValidateElementAttribute] PASSED. Expected [Value Should be 'INC_004010050:Another SCHEDULER with the same name \[Duplicate Job Name\] already exists.' for the 'text' attribute, element locator 'By.name: q'] and Actual [INC_004010050:Another SCHEDULER with the same name [Duplicate Job Name] already exists.]. Comparison Type [MATCHES]. Validation Type [POSITIVE]. @20-09-2021 16:24:53.0233 PM
[ReportManager] Successfully created attachment [Screenshot - 1632155093153_test_assertElementAttribute_ValidateElementAttribute_passed] @20-09-2021 16:24:53.0234 P
[ReportManager] Browser Action [CloseCurrentWindow] successfully performed. @20-09-2021 16:24:53.0363 PM
[ReportManager] Successfully created attachment [Browser Action Test Data - CloseCurrentWindow - Actual Value] @20-09-2021 16:24:53.0364 P
[ReportManager] Successfully loaded the following test data file [src/test/resources/TestDataFiles/testSuite01/TestData.xlsx]. @20-09-2021 16:24:53.0402 PM
[ReportManager] Successfully created attachment [Test Data - Excel] @20-09-2021 16:24:53.0402 PM
[ReportManager] Attempting to run using Playwright locally on: [Linux-64], [GoogleChrome], Headless Execution. @20-09-2021 16:25:09.0451 PM
[ReportManager] File Action [GetAbsolutePath] successfully performed. With the following test data [Relative Folder Path: "target/downloadedFiles/"]. @20-09-2021 16:25:09.0452 PM
[ReportManager] Initial window size: (1280, 720) @20-09-2021 16:25:10.0405 PM
[ReportManager] Window size after Toolkit: com.microsoft.playwright.options.ViewportSize@3e231755 @20-09-2021 16:25:10.0412 PM
[ReportManager] Browser Action [MaximizeWindow] successfully performed. With the following test data [New screen size is now: (1920, 1080)]. @20-09-2021 16:25:10.0413 P

################################################################################################################################################
Starting Execution:	[78 out of 143] test cases in the current suite
Test Method:		[testPackage01.Test_google_playwright.navigateToURLandVerifyGoogleLogoIsDisplayed]
Test Description:	[TC001 - Navigate to URL and Verify Google Logo is Displayed]
################################################################################################################################################
[ReportManager] Target URL: [https://www.google.com/ncr], and after redirection: [https://www.google.com] @20-09-2021 16:25:10.0419 PM
[ReportManager] Initial URL: [about:blank] @20-09-2021 16:25:10.0892 PM
[ReportManager] Browser Action [NavigateToURL] successfully performed. With the following test data [https://www.google.com/ncr]. @20-09-2021 16:25:12.0296 PM
[ReportManager] Loaded Shared OpenCV @20-09-2021 16:25:12.0526 PM
[ReportManager] Assertion [ValidateElementExists] PASSED. Expected [Element Should Exist, locator 'xpath=//*[@id='hplogo' or @alt='Google']'] and Actual [Element Exists]. Comparison Type [EQUALS]. Validation Type [POSITIVE]. @20-09-2021 16:25:12.0789 PM
[ReportManager] Successfully created attachment [Screenshot - 1632155112521_navigateToURLandVerifyGoogleLogoIsDisplayed_ValidateElementExists_passed] @20-09-2021 16:25:12.0790 P

################################################################################################################################################
Starting Execution:	[79 out of 143] test cases in the current suite
Test Method:		[testPackage01.Test_google_playwright.searchForQueryandAssertResultsNumDisplayed]
Test Description:	[TC002 - Search for Query and Assert that the number of results is displayed]
################################################################################################################################################
[ReportManager] Element Action [Type] successfully performed. With the following test data [SHAFT_Engine]. @20-09-2021 16:25:13.0110 PM
[ReportManager] Element Action [KeyPress] successfully performed. With the following test data [Enter]. @20-09-2021 16:25:13.0143 PM
[ReportManager] Element Action [GetText] successfully performed. With the following test data [About 821,000 results (0.92 seconds)]. @20-09-2021 16:25:14.0353 PM
[ReportManager] Loaded Shared OpenCV @20-09-2021 16:25:15.0797 PM
[ReportManager] Assertion [ValidateElementAttribute] PASSED. Expected [Value Should not be '' for the 'text' attribute, element locator 'xpath=//div[@id='appbar']'] and Actual [About 821,000 results (0.92 seconds)]. Comparison Type [EQUALS]. Validation Type [NEGATIVE]. @20-09-2021 16:25:16.0087 PM
[ReportManager] Successfully created attachment [Screenshot - 1632155115793_searchForQueryandAssertResultsNumDisplayed_ValidateElementAttribute_passed] @20-09-2021 16:25:16.0090 P

################################################################################################################################################
Starting Execution:	[80 out of 143] test cases in the current suite
Test Method:		[testPackage01.Test_google_playwright.clickNextThrice]
Test Description:	[TC003 - Clicks the next button to make sure that the framework can scroll element into view before clicking it]
################################################################################################################################################
[ReportManager] Element Action [Click] successfully performed. With the following test data [Next]. @20-09-2021 16:25:16.0395 P
[ReportManager] Failed to find video recording. @20-09-2021 16:25:16.0398 PM
[ReportManager] Successfully Closed PlayWright Driver. @20-09-2021 16:25:16.0452 P

################################################################################################################################################
Starting Execution:	[81 out of 143] test cases in the current suite
Test Method:		[testPackage01.Test_JsonActions.f]
###############################################################################################################################################

################################################################################################################################################
Starting Execution:	[82 out of 143] test cases in the current suite
Test Method:		[testPackage01.Test_JsonActions.f2]
###############################################################################################################################################

################################################################################################################################################
Starting Execution:	[83 out of 143] test cases in the current suite
Test Method:		[testPackage01.Test_AssertApiResponseEquals.assertApiResponseEquals_expectedToPass]
################################################################################################################################################
[ReportManager] Response status code: [200], status line: [HTTP/1.1 200 OK] @20-09-2021 16:25:16.0597 PM
[ReportManager] Assertion Passed: Evaluating the actual response status code against the expected one... @20-09-2021 16:25:16.0597 PM
[ReportManager] Assertion [ValidateEquals] PASSED. Expected [200] and Actual [200]. Comparison Type [EQUALS]. Validation Type [POSITIVE]. @20-09-2021 16:25:16.0603 PM
[ReportManager] API Action [PerformRequest] successfully performed. With the following test data [Request Type: "GET" | Target Status Code: "200" | Service URL: "https://jsonplaceholder.typicode.com/users" | Content Type: "*/*" | Response Time: "93ms"]. @20-09-2021 16:25:16.0635 PM
[ReportManager] Successfully created attachment [API Request - Specifications] @20-09-2021 16:25:16.0636 PM
[ReportManager] Successfully created attachment [API Response - JSON Body] @20-09-2021 16:25:16.0636 PM
[ReportManager] API Action [GetResponseJSONValueAsList] successfully performed. With the following test data [$]. @20-09-2021 16:25:16.0643 PM
[ReportManager] API Action [GetResponseJSONValue] successfully performed. With the following test data [name]. @20-09-2021 16:25:16.0657 PM
[ReportManager] API Action [GetResponseJSONValue] successfully performed. With the following test data [email]. @20-09-2021 16:25:16.0668 PM
[ReportManager] Verification [ValidateEquals] PASSED. Expected [Sincere@april.biz] and Actual [Sincere@april.biz]. Comparison Type [EQUALS]. Validation Type [POSITIVE]. @20-09-2021 16:25:16.0668 PM
[ReportManager] API Action [GetResponseJSONValue] successfully performed. With the following test data [username]. @20-09-2021 16:25:16.0679 PM
[ReportManager] Assertion [ValidateEquals] PASSED. Expected [Bret] and Actual [Bret]. Comparison Type [EQUALS]. Validation Type [POSITIVE]. @20-09-2021 16:25:16.0679 PM
[ReportManager] API Action [GetResponseJSONValue] successfully performed. With the following test data [name]. @20-09-2021 16:25:16.0693 PM
[ReportManager] API Action [GetResponseJSONValue] successfully performed. With the following test data [name]. @20-09-2021 16:25:16.0703 PM
[ReportManager] API Action [GetResponseJSONValue] successfully performed. With the following test data [name]. @20-09-2021 16:25:16.0713 PM
[ReportManager] API Action [GetResponseJSONValue] successfully performed. With the following test data [name]. @20-09-2021 16:25:16.0724 PM
[ReportManager] API Action [GetResponseJSONValue] successfully performed. With the following test data [name]. @20-09-2021 16:25:16.0734 PM
[ReportManager] API Action [GetResponseJSONValue] successfully performed. With the following test data [name]. @20-09-2021 16:25:16.0749 PM
[ReportManager] API Action [GetResponseJSONValue] successfully performed. With the following test data [name]. @20-09-2021 16:25:16.0761 PM
[ReportManager] API Action [GetResponseJSONValue] successfully performed. With the following test data [name]. @20-09-2021 16:25:16.0782 PM
[ReportManager] API Action [GetResponseJSONValue] successfully performed. With the following test data [name]. @20-09-2021 16:25:16.0844 P
[ReportManager] File Action [GetAbsolutePath] successfully performed. With the following test data [Relative Folder Path: "target/downloadedFiles/"]. @20-09-2021 16:25:16.0859 PM
[ReportManager] Attempting to run remotely on: [Linux-64], [GoogleChrome], [http://localhost:4444/wd/hub], Headless Execution. @20-09-2021 16:25:16.0861 PM
[ReportManager] Successfully Opened [GoogleChrome]. @20-09-2021 16:25:17.0086 P

################################################################################################################################################
Starting Execution:	[84 out of 143] test cases in the current suite
Test Method:		[testPackage01.Test_ShadowDOM.shadowdom]
################################################################################################################################################
[ReportManager] Target URL: [https://mdn.github.io/web-components-examples/popup-info-box-web-component/] @20-09-2021 16:25:17.0100 PM
[ReportManager] Initial URL: [data:,] @20-09-2021 16:25:17.0170 PM
[ReportManager] Browser Action [NavigateToURL] successfully performed. With the following test data [https://mdn.github.io/web-components-examples/popup-info-box-web-component/]. @20-09-2021 16:25:17.0626 PM
[ReportManager] Element Action [Type] successfully performed. With the following test data [Typing into SHADOW DOM...]. @20-09-2021 16:25:17.0953 PM
[ReportManager] Element Action [GetText] successfully performed. With the following test data [Typing into SHADOW DOM...]. @20-09-2021 16:25:18.0071 PM
[ReportManager] Loaded Shared OpenCV @20-09-2021 16:25:18.0237 PM
[ReportManager] Assertion [ValidateElementAttribute] PASSED. Expected [Value Should be 'Typing into SHADOW DOM...' for the 'Text' attribute, element locator 'By.id: cvc'] and Actual [Typing into SHADOW DOM...]. Comparison Type [EQUALS]. Validation Type [POSITIVE]. @20-09-2021 16:25:18.0318 PM
[ReportManager] Successfully created attachment [Screenshot - 1632155118237_shadowdom_ValidateElementAttribute_passed] @20-09-2021 16:25:18.0319 P
[ReportManager] Browser Action [CloseCurrentWindow] successfully performed. @20-09-2021 16:25:18.0413 PM
[ReportManager] Successfully created attachment [Browser Action Test Data - CloseCurrentWindow - Actual Value] @20-09-2021 16:25:18.0413 P

################################################################################################################################################
Starting Execution:	[85 out of 143] test cases in the current suite
Test Method:		[testPackage01.Test_SelectedValue.multipleSelect]
################################################################################################################################################
[ReportManager] File Action [GetAbsolutePath] successfully performed. With the following test data [Relative Folder Path: "target/downloadedFiles/"]. @20-09-2021 16:25:18.0416 PM
[ReportManager] Attempting to run remotely on: [Linux-64], [GoogleChrome], [http://localhost:4444/wd/hub], Headless Execution. @20-09-2021 16:25:18.0416 PM
[ReportManager] Successfully Opened [GoogleChrome]. @20-09-2021 16:25:18.0641 PM
[ReportManager] Target URL: [https://yari-demos.prod.mdn.mozit.cloud/en-US/docs/Web/HTML/Element/select/_sample_.Advanced_select_with_multiple_features.html] @20-09-2021 16:25:18.0652 PM
[ReportManager] Initial URL: [data:,] @20-09-2021 16:25:18.0707 PM
[ReportManager] Browser Action [NavigateToURL] successfully performed. With the following test data [https://yari-demos.prod.mdn.mozit.cloud/en-US/docs/Web/HTML/Element/select/_sample_.Advanced_select_with_multiple_features.html]. @20-09-2021 16:25:19.0086 PM
[ReportManager] Element Action [Select] successfully performed. With the following test data [Dog]. @20-09-2021 16:25:19.0359 PM
[ReportManager] Element Action [Select] successfully performed. With the following test data [Cat]. @20-09-2021 16:25:19.0650 PM
[ReportManager] Element Action [GetSelectedText] successfully performed. With the following test data [DogCat]. @20-09-2021 16:25:19.0800 PM
[ReportManager] DogCat @20-09-2021 16:25:19.0801 PM
[ReportManager] Element Action [GetSelectedText] successfully performed. With the following test data [DogCat]. @20-09-2021 16:25:19.0960 PM
[ReportManager] Loaded Shared OpenCV @20-09-2021 16:25:20.0086 PM
[ReportManager] Assertion [ValidateElementAttribute] PASSED. Expected [Value Should be 'DogCat' for the 'selectedText' attribute, element locator 'By.tagName: select'] and Actual [DogCat]. Comparison Type [EQUALS]. Validation Type [POSITIVE]. @20-09-2021 16:25:20.0163 PM
[ReportManager] Successfully created attachment [Screenshot - 1632155120086_multipleSelect_ValidateElementAttribute_passed] @20-09-2021 16:25:20.0164 PM
[ReportManager] Browser Action [CloseCurrentWindow] successfully performed. @20-09-2021 16:25:20.0252 PM
[ReportManager] Successfully created attachment [Browser Action Test Data - CloseCurrentWindow - Actual Value] @20-09-2021 16:25:20.0253 P

################################################################################################################################################
Starting Execution:	[86 out of 143] test cases in the current suite
Test Method:		[testPackage01.Test_SelectedValue.simpleSelect]
################################################################################################################################################
[ReportManager] File Action [GetAbsolutePath] successfully performed. With the following test data [Relative Folder Path: "target/downloadedFiles/"]. @20-09-2021 16:25:20.0259 PM
[ReportManager] Attempting to run remotely on: [Linux-64], [GoogleChrome], [http://localhost:4444/wd/hub], Headless Execution. @20-09-2021 16:25:20.0260 PM
[ReportManager] Successfully Opened [GoogleChrome]. @20-09-2021 16:25:20.0491 PM
[ReportManager] Target URL: [https://yari-demos.prod.mdn.mozit.cloud/en-US/docs/Web/HTML/Element/select/_sample_.Basic_select.html] @20-09-2021 16:25:20.0503 PM
[ReportManager] Initial URL: [data:,] @20-09-2021 16:25:20.0554 PM
[ReportManager] Browser Action [NavigateToURL] successfully performed. With the following test data [https://yari-demos.prod.mdn.mozit.cloud/en-US/docs/Web/HTML/Element/select/_sample_.Basic_select.html]. @20-09-2021 16:25:20.0765 PM
[ReportManager] Element Action [Select] successfully performed. With the following test data [Third Value]. @20-09-2021 16:25:21.0127 PM
[ReportManager] Element Action [GetSelectedText] successfully performed. With the following test data [Third Value]. @20-09-2021 16:25:21.0278 PM
[ReportManager] Third Value @20-09-2021 16:25:21.0278 PM
[ReportManager] Element Action [GetSelectedText] successfully performed. With the following test data [Third Value]. @20-09-2021 16:25:21.0398 PM
[ReportManager] Loaded Shared OpenCV @20-09-2021 16:25:21.0517 PM
[ReportManager] Assertion [ValidateElementAttribute] PASSED. Expected [Value Should be 'Third Value' for the 'selectedText' attribute, element locator 'By.tagName: select'] and Actual [Third Value]. Comparison Type [EQUALS]. Validation Type [POSITIVE]. @20-09-2021 16:25:21.0596 PM
[ReportManager] Successfully created attachment [Screenshot - 1632155121517_simpleSelect_ValidateElementAttribute_passed] @20-09-2021 16:25:21.0597 PM
[ReportManager] Browser Action [CloseCurrentWindow] successfully performed. @20-09-2021 16:25:21.0681 PM
[ReportManager] Successfully created attachment [Browser Action Test Data - CloseCurrentWindow - Actual Value] @20-09-2021 16:25:21.0682 P
[ReportManager] File Action [GetAbsolutePath] successfully performed. With the following test data [Relative Folder Path: "target/downloadedFiles/"]. @20-09-2021 16:25:21.0689 PM
[ReportManager] Attempting to run remotely on: [Linux-64], [GoogleChrome], [http://localhost:4444/wd/hub], Headless Execution. @20-09-2021 16:25:21.0689 PM
[ReportManager] Successfully Opened [GoogleChrome]. @20-09-2021 16:25:21.0913 P

################################################################################################################################################
Starting Execution:	[87 out of 143] test cases in the current suite
Test Method:		[testPackage01.Test_IsElementClickable.testIsElementClickable]
################################################################################################################################################
[ReportManager] Target URL: [https://the-internet.herokuapp.com/] @20-09-2021 16:25:21.0947 PM
[ReportManager] Initial URL: [data:,] @20-09-2021 16:25:22.0019 PM
[ReportManager] Browser Action [NavigateToURL] successfully performed. With the following test data [https://the-internet.herokuapp.com/]. @20-09-2021 16:25:23.0279 PM
[ReportManager] Element Action [IsElementClickable] successfully performed. @20-09-2021 16:25:23.0448 PM
[ReportManager] Assertion [ValidateTrue] PASSED. Expected [TRUE] and Actual [TRUE]. Validation Type [POSITIVE]. @20-09-2021 16:25:23.0448 P
[ReportManager] Browser Action [CloseCurrentWindow] successfully performed. @20-09-2021 16:25:23.0544 PM
[ReportManager] Successfully created attachment [Browser Action Test Data - CloseCurrentWindow - Actual Value] @20-09-2021 16:25:23.0544 P
[ReportManager] File Action [GetAbsolutePath] successfully performed. With the following test data [Relative Folder Path: "target/downloadedFiles/"]. @20-09-2021 16:25:23.0546 PM
[ReportManager] Attempting to run remotely on: [Linux-64], [GoogleChrome], [http://localhost:4444/wd/hub], Headless Execution. @20-09-2021 16:25:23.0546 PM
[ReportManager] Successfully Opened [GoogleChrome]. @20-09-2021 16:25:23.0754 P

################################################################################################################################################
Starting Execution:	[88 out of 143] test cases in the current suite
Test Method:		[testPackage01.Test_clipboardActions.typeTextAndCopyPaste]
################################################################################################################################################
[ReportManager] Target URL: [https://www.google.com/ncr], and after redirection: [https://www.google.com] @20-09-2021 16:25:23.0767 PM
[ReportManager] Initial URL: [data:,] @20-09-2021 16:25:23.0832 PM
[ReportManager] Browser Action [NavigateToURL] successfully performed. With the following test data [https://www.google.com/ncr]. @20-09-2021 16:25:24.0757 PM
[ReportManager] Element Action [Type] successfully performed. With the following test data [FIRST]. @20-09-2021 16:25:25.0121 PM
[ReportManager] Element Action [ClipboardActions] successfully performed. With the following test data [select all]. @20-09-2021 16:25:25.0186 PM
[ReportManager] Element Action [ClipboardActions] successfully performed. With the following test data [copy]. @20-09-2021 16:25:25.0263 PM
[ReportManager] Element Action [ClipboardActions] successfully performed. With the following test data [unselect]. @20-09-2021 16:25:25.0327 PM
[ReportManager] Element Action [ClipboardActions] successfully performed. With the following test data [paste]. @20-09-2021 16:25:25.0398 PM
[ReportManager] Element Action [ClipboardActions] successfully performed. With the following test data [select all]. @20-09-2021 16:25:25.0455 PM
[ReportManager] Element Action [Type] successfully performed. @20-09-2021 16:25:25.0693 PM
[ReportManager] Element Action [ClipboardActions] successfully performed. With the following test data [cut]. @20-09-2021 16:25:25.0693 PM
[ReportManager] Element Action [ClipboardActions] successfully performed. With the following test data [paste]. @20-09-2021 16:25:25.0779 PM
[ReportManager] Element Action [ClipboardActions] successfully performed. With the following test data [paste]. @20-09-2021 16:25:25.0844 P
[ReportManager] Browser Action [CloseCurrentWindow] successfully performed. @20-09-2021 16:25:26.0018 PM
[ReportManager] Successfully created attachment [Browser Action Test Data - CloseCurrentWindow - Actual Value] @20-09-2021 16:25:26.0021 P
[ReportManager] File Action [GetAbsolutePath] successfully performed. With the following test data [Relative Folder Path: "target/downloadedFiles/"]. @20-09-2021 16:25:26.0028 PM
[ReportManager] Attempting to run remotely on: [Linux-64], [GoogleChrome], [http://localhost:4444/wd/hub], Headless Execution. @20-09-2021 16:25:26.0028 PM
[ReportManager] Successfully Opened [GoogleChrome]. @20-09-2021 16:25:26.0269 P

################################################################################################################################################
Starting Execution:	[89 out of 143] test cases in the current suite
Test Method:		[testPackage01.Test_dynamicLoading.dynamicLoading_elementIsHidden]
################################################################################################################################################
[ReportManager] Target URL: [https://the-internet.herokuapp.com/dynamic_loading/1] @20-09-2021 16:25:26.0283 PM
[ReportManager] Initial URL: [data:,] @20-09-2021 16:25:26.0329 PM
[ReportManager] Browser Action [NavigateToURL] successfully performed. With the following test data [https://the-internet.herokuapp.com/dynamic_loading/1]. @20-09-2021 16:25:27.0543 PM
[ReportManager] Element Action [Click] successfully performed. With the following test data [Start]. @20-09-2021 16:25:27.0870 PM
[ReportManager] Element Action [GetText] successfully performed. With the following test data [
    Hello World!
  ]. @20-09-2021 16:25:28.0002 PM
[ReportManager] Loaded Shared OpenCV @20-09-2021 16:25:28.0178 PM
[ReportManager] Assertion [ValidateElementAttribute] PASSED. Expected [Value Should be 'Hello World!' for the 'text' attribute, element locator 'By.id: finish'] and Actual [
    Hello World!
  ]. Comparison Type [CONTAINS]. Validation Type [POSITIVE]. @20-09-2021 16:25:28.0255 PM
[ReportManager] Successfully created attachment [Screenshot - 1632155128178_dynamicLoading_elementIsHidden_ValidateElementAttribute_passed] @20-09-2021 16:25:28.0256 P
[ReportManager] Browser Action [CloseCurrentWindow] successfully performed. @20-09-2021 16:25:28.0366 PM
[ReportManager] Successfully created attachment [Browser Action Test Data - CloseCurrentWindow - Actual Value] @20-09-2021 16:25:28.0366 P
[ReportManager] File Action [GetAbsolutePath] successfully performed. With the following test data [Relative Folder Path: "target/downloadedFiles/"]. @20-09-2021 16:25:28.0369 PM
[ReportManager] Attempting to run remotely on: [Linux-64], [GoogleChrome], [http://localhost:4444/wd/hub], Headless Execution. @20-09-2021 16:25:28.0369 PM
[ReportManager] Successfully Opened [GoogleChrome]. @20-09-2021 16:25:28.0579 P

################################################################################################################################################
Starting Execution:	[90 out of 143] test cases in the current suite
Test Method:		[testPackage01.Test_dynamicLoading.dynamicLoading_elementIsRendered]
################################################################################################################################################
[ReportManager] Target URL: [https://the-internet.herokuapp.com/dynamic_loading/2] @20-09-2021 16:25:28.0606 PM
[ReportManager] Initial URL: [data:,] @20-09-2021 16:25:28.0648 PM
[ReportManager] Browser Action [NavigateToURL] successfully performed. With the following test data [https://the-internet.herokuapp.com/dynamic_loading/2]. @20-09-2021 16:25:29.0824 PM
[ReportManager] Element Action [Click] successfully performed. With the following test data [Start]. @20-09-2021 16:25:30.0184 PM
[ReportManager] Element Action [GetText] successfully performed. With the following test data [Hello World!]. @20-09-2021 16:25:35.0352 PM
[ReportManager] Loaded Shared OpenCV @20-09-2021 16:25:35.0496 PM
[ReportManager] Assertion [ValidateElementAttribute] PASSED. Expected [Value Should be 'Hello World!' for the 'text' attribute, element locator 'By.id: finish'] and Actual [Hello World!]. Comparison Type [CONTAINS]. Validation Type [POSITIVE]. @20-09-2021 16:25:35.0570 PM
[ReportManager] Successfully created attachment [Screenshot - 1632155135496_dynamicLoading_elementIsRendered_ValidateElementAttribute_passed] @20-09-2021 16:25:35.0571 P
[ReportManager] Browser Action [CloseCurrentWindow] successfully performed. @20-09-2021 16:25:35.0665 PM
[ReportManager] Successfully created attachment [Browser Action Test Data - CloseCurrentWindow - Actual Value] @20-09-2021 16:25:35.0666 P

################################################################################################################################################
Starting Execution:	[91 out of 143] test cases in the current suite
Test Method:		[testPackage01.Test_JsonCompareWithSpecialCharacters.specialCharacters]
################################################################################################################################################
[ReportManager] File Action [GetAbsolutePath] successfully performed. With the following test data [Relative Folder Path: "src/test/resources/TestJsonFiles/specialCharacters.json"]. @20-09-2021 16:25:35.0672 PM
[ReportManager] File Action [ReadFromFile] successfully performed. With the following test data [File Path: "/home/runner/work/SHAFT_ENGINE/SHAFT_ENGINE/src/test/resources/TestJsonFiles/specialCharacters.json"]. @20-09-2021 16:25:35.0679 PM
[ReportManager] Successfully created attachment [File Action Actual Result - Command Log] @20-09-2021 16:25:35.0680 PM
[ReportManager] Comparing the provided API response with the file at this path "src/test/resources/TestJsonFiles/specialCharacters.json", comparison type "EQUALS" @20-09-2021 16:25:35.0680 PM
[ReportManager] API Action [CompareJSON] successfully performed. With the following test data [src/test/resources/TestJsonFiles/specialCharacters.json]. @20-09-2021 16:25:35.0691 PM
[ReportManager] File Action [GetAbsolutePath] successfully performed. With the following test data [Relative Folder Path: "src/test/resources/TestJsonFiles/specialCharacters.json"]. @20-09-2021 16:25:35.0691 PM
[ReportManager] File Action [ReadFromFile] successfully performed. With the following test data [File Path: "/home/runner/work/SHAFT_ENGINE/SHAFT_ENGINE/src/test/resources/TestJsonFiles/specialCharacters.json"]. @20-09-2021 16:25:35.0691 PM
[ReportManager] Verification [ValidateJSONFileContent] PASSED. Expected [Response data should match the JSON File in this path 'src/test/resources/TestJsonFiles/specialCharacters.json'] and Actual [TRUE]. Comparison Type [EQUALS]. Validation Type [POSITIVE]. @20-09-2021 16:25:35.0696 PM
[ReportManager] Successfully created attachment [Validation Test Data - Expected JSON Value] @20-09-2021 16:25:35.0697 PM
[ReportManager] Successfully created attachment [Validation Test Data - Actual JSON Value] @20-09-2021 16:25:35.0697 P

################################################################################################################################################
Starting Execution:	[92 out of 143] test cases in the current suite
Test Method:		[testPackage01.Test_JsonCompareWithSpecialCharacters.specialCharacters_assertion]
################################################################################################################################################
[ReportManager] File Action [GetAbsolutePath] successfully performed. With the following test data [Relative Folder Path: "src/test/resources/TestJsonFiles/specialCharacters.json"]. @20-09-2021 16:25:35.0700 PM
[ReportManager] File Action [ReadFromFile] successfully performed. With the following test data [File Path: "/home/runner/work/SHAFT_ENGINE/SHAFT_ENGINE/src/test/resources/TestJsonFiles/specialCharacters.json"]. @20-09-2021 16:25:35.0700 PM
[ReportManager] Successfully created attachment [File Action Actual Result - Command Log] @20-09-2021 16:25:35.0700 PM
[ReportManager] Comparing the provided API response with the file at this path "src/test/resources/TestJsonFiles/specialCharacters.json", comparison type "CONTAINS" @20-09-2021 16:25:35.0701 PM
[ReportManager] API Action [CompareJSON] successfully performed. With the following test data [src/test/resources/TestJsonFiles/specialCharacters.json]. @20-09-2021 16:25:35.0711 PM
[ReportManager] File Action [GetAbsolutePath] successfully performed. With the following test data [Relative Folder Path: "src/test/resources/TestJsonFiles/specialCharacters.json"]. @20-09-2021 16:25:35.0711 PM
[ReportManager] File Action [ReadFromFile] successfully performed. With the following test data [File Path: "/home/runner/work/SHAFT_ENGINE/SHAFT_ENGINE/src/test/resources/TestJsonFiles/specialCharacters.json"]. @20-09-2021 16:25:35.0711 PM
[ReportManager] Assertion Passed: trying out the log message @20-09-2021 16:25:35.0717 PM
[ReportManager] Successfully created attachment [Validation Test Data - Expected JSON Value] @20-09-2021 16:25:35.0718 PM
[ReportManager] Successfully created attachment [Validation Test Data - Actual JSON Value] @20-09-2021 16:25:35.0722 PM
[ReportManager] Assertion [ValidateJSONFileContent] PASSED. Expected [Response data should match the JSON File in this path 'src/test/resources/TestJsonFiles/specialCharacters.json'] and Actual [TRUE]. Comparison Type [CONTAINS]. Validation Type [POSITIVE]. @20-09-2021 16:25:35.0722 P
[ReportManager] File Action [GetAbsolutePath] successfully performed. With the following test data [Relative Folder Path: "target/downloadedFiles/"]. @20-09-2021 16:25:35.0725 PM
[ReportManager] Attempting to run remotely on: [Linux-64], [GoogleChrome], [http://localhost:4444/wd/hub], Headless Execution. @20-09-2021 16:25:35.0725 PM
[ReportManager] Successfully Opened [GoogleChrome]. @20-09-2021 16:25:35.0972 P

################################################################################################################################################
Starting Execution:	[93 out of 143] test cases in the current suite
Test Method:		[testPackage01.Test_uploadFile.uploadFile_invisibleUploadInput]
################################################################################################################################################
[ReportManager] Target URL: [https://fineuploader.com/demos.html#gallery-view] @20-09-2021 16:25:35.0991 PM
[ReportManager] Initial URL: [data:,] @20-09-2021 16:25:36.0041 PM
[ReportManager] Browser Action [NavigateToURL] successfully performed. With the following test data [https://fineuploader.com/demos.html#gallery-view]. @20-09-2021 16:25:38.0505 PM
[ReportManager] File Action [GetAbsolutePath] successfully performed. With the following test data [Relative File Path: "src/main/resources/images/shaft.png"]. @20-09-2021 16:25:38.0505 PM
[ReportManager] Successfully created attachment [File Action Actual Result - Command Log] @20-09-2021 16:25:38.0506 PM
[ReportManager] Element Action [TypeFileLocationForUpload] successfully performed. With the following test data [/home/runner/work/SHAFT_ENGINE/SHAFT_ENGINE/src/main/resources/images/shaft.png]. @20-09-2021 16:25:38.0733 PM
[ReportManager] Attempting to getAttribute [src] from elementLocator [By.xpath: //div[@id='fine-uploader-gallery']//div[@class='qq-thumbnail-wrapper']/img]. @20-09-2021 16:25:38.0734 PM
[ReportManager] Element Action [GetAttribute] successfully performed. @20-09-2021 16:25:38.0858 PM
[ReportManager] Successfully created attachment [Element Action Test Data - GetAttribute - Actual Value] @20-09-2021 16:25:38.0859 PM
[ReportManager] Loaded Shared OpenCV @20-09-2021 16:25:39.0012 PM
[ReportManager] Assertion [ValidateElementAttribute] PASSED. Expected and Actual values are attached. Comparison Type [CONTAINS]. Validation Type [POSITIVE]. @20-09-2021 16:25:39.0097 PM
[ReportManager] Successfully created attachment [Validation Test Data - Expected Value] @20-09-2021 16:25:39.0097 PM
[ReportManager] Successfully created attachment [Validation Test Data - Actual Value] @20-09-2021 16:25:39.0097 PM
[ReportManager] Successfully created attachment [Screenshot - 1632155139012_uploadFile_invisibleUploadInput_ValidateElementAttribute_passed] @20-09-2021 16:25:39.0099 P
[ReportManager] Browser Action [CloseCurrentWindow] successfully performed. @20-09-2021 16:25:39.0259 PM
[ReportManager] Successfully created attachment [Browser Action Test Data - CloseCurrentWindow - Actual Value] @20-09-2021 16:25:39.0260 P
[ReportManager] File Action [GetAbsolutePath] successfully performed. With the following test data [Relative Folder Path: "target/downloadedFiles/"]. @20-09-2021 16:25:39.0264 PM
[ReportManager] Attempting to run remotely on: [Linux-64], [GoogleChrome], [http://localhost:4444/wd/hub], Headless Execution. @20-09-2021 16:25:39.0264 PM
[ReportManager] Successfully Opened [GoogleChrome]. @20-09-2021 16:25:39.0514 P

################################################################################################################################################
Starting Execution:	[94 out of 143] test cases in the current suite
Test Method:		[testPackage01.Test_uploadFile.uploadFile_visibleUploadInput]
################################################################################################################################################
[ReportManager] Target URL: [http://demo.guru99.com/test/upload/] @20-09-2021 16:25:39.0527 PM
[ReportManager] Initial URL: [data:,] @20-09-2021 16:25:39.0573 PM
[ReportManager] Browser Action [NavigateToURL] successfully performed. With the following test data [http://demo.guru99.com/test/upload/]. @20-09-2021 16:25:41.0083 PM
[ReportManager] File Action [GetAbsolutePath] successfully performed. With the following test data [Relative File Path: "src/main/resources/images/shaft.png"]. @20-09-2021 16:25:41.0083 PM
[ReportManager] Successfully created attachment [File Action Actual Result - Command Log] @20-09-2021 16:25:41.0083 PM
[ReportManager] Element Action [TypeFileLocationForUpload] successfully performed. With the following test data [/home/runner/work/SHAFT_ENGINE/SHAFT_ENGINE/src/main/resources/images/shaft.png]. @20-09-2021 16:25:41.0247 PM
[ReportManager] Element Action [Click] successfully performed. With the following test data [on]. @20-09-2021 16:25:41.0618 PM
[ReportManager] Element Action [Click] successfully performed. With the following test data [Submit File]. @20-09-2021 16:25:41.0961 PM
[ReportManager] Element Action [GetText] successfully performed. With the following test data [1 file
has been successfully uploaded.]. @20-09-2021 16:25:42.0616 PM
[ReportManager] Loaded Shared OpenCV @20-09-2021 16:25:42.0761 PM
[ReportManager] Assertion [ValidateElementAttribute] PASSED. Expected [Value Should be '1 file' for the 'Text' attribute, element locator 'By.id: res'] and Actual [1 file
has been successfully uploaded.]. Comparison Type [CONTAINS]. Validation Type [POSITIVE]. @20-09-2021 16:25:42.0844 PM
[ReportManager] Successfully created attachment [Screenshot - 1632155142761_uploadFile_visibleUploadInput_ValidateElementAttribute_passed] @20-09-2021 16:25:42.0845 P
[ReportManager] Browser Action [CloseCurrentWindow] successfully performed. @20-09-2021 16:25:42.0958 PM
[ReportManager] Successfully created attachment [Browser Action Test Data - CloseCurrentWindow - Actual Value] @20-09-2021 16:25:42.0959 P
[ReportManager] File Action [GetAbsolutePath] successfully performed. With the following test data [Relative Folder Path: "target/downloadedFiles/"]. @20-09-2021 16:25:42.0961 PM
[ReportManager] Attempting to run remotely on: [Linux-64], [GoogleChrome], [http://localhost:4444/wd/hub], Headless Execution. @20-09-2021 16:25:42.0962 PM
[ReportManager] Successfully Opened [GoogleChrome]. @20-09-2021 16:25:43.0171 P

################################################################################################################################################
Starting Execution:	[95 out of 143] test cases in the current suite
Test Method:		[testPackage01.Test_assertEquals.test_assertElementAttribute]
################################################################################################################################################
[ReportManager] Target URL: [https://www.google.com/ncr], and after redirection: [https://www.google.com] @20-09-2021 16:25:43.0184 PM
[ReportManager] Initial URL: [data:,] @20-09-2021 16:25:43.0232 PM
[ReportManager] Browser Action [NavigateToURL] successfully performed. With the following test data [https://www.google.com/ncr]. @20-09-2021 16:25:44.0167 PM
[ReportManager] Element Action [Type] successfully performed. With the following test data [INC_004010050:Another SCHEDULER with the same name [Duplicate Job Name] already exists.]. @20-09-2021 16:25:44.0919 PM
[ReportManager] Element Action [GetText] successfully performed. With the following test data [INC_004010050:Another SCHEDULER with the same name [Duplicate Job Name] already exists.]. @20-09-2021 16:25:45.0024 PM
[ReportManager] Loaded Shared OpenCV @20-09-2021 16:25:45.0178 PM
[ReportManager] Assertion [ValidateElementAttribute] PASSED. Expected [Value Should be 'INC_004010050:Another SCHEDULER with the same name \[Duplicate Job Name\] already exists.' for the 'text' attribute, element locator 'By.name: q'] and Actual [INC_004010050:Another SCHEDULER with the same name [Duplicate Job Name] already exists.]. Comparison Type [MATCHES]. Validation Type [POSITIVE]. @20-09-2021 16:25:45.0259 PM
[ReportManager] Successfully created attachment [Screenshot - 1632155145178_test_assertElementAttribute_ValidateElementAttribute_passed] @20-09-2021 16:25:45.0260 P
[ReportManager] Browser Action [CloseCurrentWindow] successfully performed. @20-09-2021 16:25:45.0401 PM
[ReportManager] Successfully created attachment [Browser Action Test Data - CloseCurrentWindow - Actual Value] @20-09-2021 16:25:45.0402 P

################################################################################################################################################
Starting Execution:	[96 out of 143] test cases in the current suite
Test Method:		[testPackage01.Test_NewValidationHelper.f1]
################################################################################################################################################
[ReportManager] Assertion Passed: Checking valid user data @20-09-2021 16:25:45.0409 PM
[ReportManager] Successfully created attachment [Validation Test Data - Expected Value] @20-09-2021 16:25:45.0409 PM
[ReportManager] Successfully created attachment [Validation Test Data - Actual Value] @20-09-2021 16:25:45.0409 PM
[ReportManager] Assertion [ValidateEquals] PASSED. Expected and Actual values are attached. Comparison Type [EQUALS]. Validation Type [POSITIVE]. @20-09-2021 16:25:45.0409 P
[ReportManager] File Action [GetAbsolutePath] successfully performed. With the following test data [Relative Folder Path: "target/downloadedFiles/"]. @20-09-2021 16:25:45.0411 PM
[ReportManager] Attempting to run remotely on: [Linux-64], [GoogleChrome], [http://localhost:4444/wd/hub], Headless Execution. @20-09-2021 16:25:45.0411 PM
[ReportManager] Successfully Opened [GoogleChrome]. @20-09-2021 16:25:45.0613 PM
[ReportManager] Target URL: [https://the-internet.herokuapp.com/] @20-09-2021 16:25:45.0622 PM
[ReportManager] Initial URL: [data:,] @20-09-2021 16:25:45.0678 PM
[ReportManager] Browser Action [NavigateToURL] successfully performed. With the following test data [https://the-internet.herokuapp.com/]. @20-09-2021 16:25:46.0870 P

################################################################################################################################################
Starting Execution:	[97 out of 143] test cases in the current suite
Test Method:		[testPackage01.Test_NewValidationHelper.f10]
################################################################################################################################################
[ReportManager] Assertion [ValidateElementExists] FAILED. Expected [Element Should Exist, locator 'By.tagName: div'] and Actual [Element Exists but is not unique]. Comparison Type [EQUALS]. Validation Type [POSITIVE]. @20-09-2021 16:25:47.0131 PM
[ReportManager] Successfully created attachment [Screenshot - 1632155147056_f10_ValidateElementExists_failed] @20-09-2021 16:25:47.0132 P
[ReportManager] Successfully Closed All Drivers. @20-09-2021 16:25:47.0210 P
[ReportManager] File Action [GetAbsolutePath] successfully performed. With the following test data [Relative Folder Path: "target/downloadedFiles/"]. @20-09-2021 16:25:47.0213 PM
[ReportManager] Attempting to run remotely on: [Linux-64], [GoogleChrome], [http://localhost:4444/wd/hub], Headless Execution. @20-09-2021 16:25:47.0213 PM
[ReportManager] Successfully Opened [GoogleChrome]. @20-09-2021 16:25:47.0425 PM
[ReportManager] Target URL: [https://the-internet.herokuapp.com/] @20-09-2021 16:25:47.0435 PM
[ReportManager] Initial URL: [data:,] @20-09-2021 16:25:47.0487 PM
[ReportManager] Browser Action [NavigateToURL] successfully performed. With the following test data [https://the-internet.herokuapp.com/]. @20-09-2021 16:25:48.0711 P

################################################################################################################################################
Starting Execution:	[98 out of 143] test cases in the current suite
Test Method:		[testPackage01.Test_NewValidationHelper.f11]
################################################################################################################################################
[ReportManager] Assertion Passed: Checking that false tag doesn't exist @20-09-2021 16:25:59.0130 PM
[ReportManager] Successfully created attachment [Screenshot - 1632155159062_f11_ValidateElementExists_passed] @20-09-2021 16:25:59.0131 PM
[ReportManager] Assertion [ValidateElementExists] PASSED. Expected [Element Should not Exist, locator 'By.tagName: h3'] and Actual [Element Doesn't Exists]. Comparison Type [EQUALS]. Validation Type [NEGATIVE]. @20-09-2021 16:25:59.0131 P
[ReportManager] Successfully Closed All Drivers. @20-09-2021 16:25:59.0212 P
[ReportManager] File Action [GetAbsolutePath] successfully performed. With the following test data [Relative Folder Path: "target/downloadedFiles/"]. @20-09-2021 16:25:59.0214 PM
[ReportManager] Attempting to run remotely on: [Linux-64], [GoogleChrome], [http://localhost:4444/wd/hub], Headless Execution. @20-09-2021 16:25:59.0214 PM
[ReportManager] Successfully Opened [GoogleChrome]. @20-09-2021 16:25:59.0433 PM
[ReportManager] Target URL: [https://the-internet.herokuapp.com/] @20-09-2021 16:25:59.0454 PM
[ReportManager] Initial URL: [data:,] @20-09-2021 16:25:59.0503 PM
[ReportManager] Browser Action [NavigateToURL] successfully performed. With the following test data [https://the-internet.herokuapp.com/]. @20-09-2021 16:26:00.0750 P

################################################################################################################################################
Starting Execution:	[99 out of 143] test cases in the current suite
Test Method:		[testPackage01.Test_NewValidationHelper.f12]
################################################################################################################################################
[ReportManager] Loaded Shared OpenCV @20-09-2021 16:26:00.0954 PM
[ReportManager] Assertion [ValidateElementExists] FAILED. Expected [Element Should not Exist, locator 'By.tagName: h1'] and Actual [Element Exists]. Comparison Type [EQUALS]. Validation Type [NEGATIVE]. @20-09-2021 16:26:01.0037 PM
[ReportManager] Successfully created attachment [Screenshot - 1632155160954_f12_ValidateElementExists_failed] @20-09-2021 16:26:01.0038 P
[ReportManager] Successfully Closed All Drivers. @20-09-2021 16:26:01.0114 P
[ReportManager] File Action [GetAbsolutePath] successfully performed. With the following test data [Relative Folder Path: "target/downloadedFiles/"]. @20-09-2021 16:26:01.0116 PM
[ReportManager] Attempting to run remotely on: [Linux-64], [GoogleChrome], [http://localhost:4444/wd/hub], Headless Execution. @20-09-2021 16:26:01.0116 PM
[ReportManager] Successfully Opened [GoogleChrome]. @20-09-2021 16:26:01.0318 PM
[ReportManager] Target URL: [https://the-internet.herokuapp.com/] @20-09-2021 16:26:01.0327 PM
[ReportManager] Initial URL: [data:,] @20-09-2021 16:26:01.0366 PM
[ReportManager] Browser Action [NavigateToURL] successfully performed. With the following test data [https://the-internet.herokuapp.com/]. @20-09-2021 16:26:02.0602 P

################################################################################################################################################
Starting Execution:	[100 out of 143] test cases in the current suite
Test Method:		[testPackage01.Test_NewValidationHelper.f13]
################################################################################################################################################
[ReportManager] Assertion [ValidateElementExists] FAILED. Expected [Element Should not Exist, locator 'By.tagName: div'] and Actual [Element Exists but is not unique]. Comparison Type [EQUALS]. Validation Type [NEGATIVE]. @20-09-2021 16:26:02.0873 PM
[ReportManager] Successfully created attachment [Screenshot - 1632155162801_f13_ValidateElementExists_failed] @20-09-2021 16:26:02.0874 P
[ReportManager] Successfully Closed All Drivers. @20-09-2021 16:26:02.0952 P
[ReportManager] File Action [GetAbsolutePath] successfully performed. With the following test data [Relative Folder Path: "target/downloadedFiles/"]. @20-09-2021 16:26:02.0954 PM
[ReportManager] Attempting to run remotely on: [Linux-64], [GoogleChrome], [http://localhost:4444/wd/hub], Headless Execution. @20-09-2021 16:26:02.0954 PM
[ReportManager] Successfully Opened [GoogleChrome]. @20-09-2021 16:26:03.0158 PM
[ReportManager] Target URL: [https://the-internet.herokuapp.com/] @20-09-2021 16:26:03.0170 PM
[ReportManager] Initial URL: [data:,] @20-09-2021 16:26:03.0225 PM
[ReportManager] Browser Action [NavigateToURL] successfully performed. With the following test data [https://the-internet.herokuapp.com/]. @20-09-2021 16:26:04.0447 P

################################################################################################################################################
Starting Execution:	[101 out of 143] test cases in the current suite
Test Method:		[testPackage01.Test_NewValidationHelper.f14]
################################################################################################################################################
[ReportManager] Element Action [GetText] successfully performed. With the following test data [Welcome to the-internet]. @20-09-2021 16:26:04.0536 PM
[ReportManager] Loaded Shared OpenCV @20-09-2021 16:26:04.0694 PM
[ReportManager] Assertion Passed: Asserting that the header text is correct @20-09-2021 16:26:04.0784 PM
[ReportManager] Successfully created attachment [Screenshot - 1632155164694_f14_ValidateElementAttribute_passed] @20-09-2021 16:26:04.0785 PM
[ReportManager] Assertion [ValidateElementAttribute] PASSED. Expected [Value Should be 'Welcome to the-internet' for the 'text' attribute, element locator 'By.tagName: h1'] and Actual [Welcome to the-internet]. Comparison Type [EQUALS]. Validation Type [POSITIVE]. @20-09-2021 16:26:04.0785 P
[ReportManager] Successfully Closed All Drivers. @20-09-2021 16:26:04.0860 P
[ReportManager] File Action [GetAbsolutePath] successfully performed. With the following test data [Relative Folder Path: "target/downloadedFiles/"]. @20-09-2021 16:26:04.0862 PM
[ReportManager] Attempting to run remotely on: [Linux-64], [GoogleChrome], [http://localhost:4444/wd/hub], Headless Execution. @20-09-2021 16:26:04.0862 PM
[ReportManager] Successfully Opened [GoogleChrome]. @20-09-2021 16:26:05.0074 PM
[ReportManager] Target URL: [https://the-internet.herokuapp.com/] @20-09-2021 16:26:05.0092 PM
[ReportManager] Initial URL: [data:,] @20-09-2021 16:26:05.0152 PM
[ReportManager] Browser Action [NavigateToURL] successfully performed. With the following test data [https://the-internet.herokuapp.com/]. @20-09-2021 16:26:06.0362 P

################################################################################################################################################
Starting Execution:	[102 out of 143] test cases in the current suite
Test Method:		[testPackage01.Test_NewValidationHelper.f15]
################################################################################################################################################
[ReportManager] Element Action [GetText] successfully performed. With the following test data [Welcome to the-internet]. @20-09-2021 16:26:06.0453 PM
[ReportManager] Loaded Shared OpenCV @20-09-2021 16:26:06.0613 PM
[ReportManager] Assertion [ValidateElementAttribute] FAILED. Expected [Value Should not be 'Welcome' for the 'text' attribute, element locator 'By.tagName: h1'] and Actual [Welcome to the-internet]. Comparison Type [CONTAINS]. Validation Type [NEGATIVE]. @20-09-2021 16:26:06.0705 PM
[ReportManager] Successfully created attachment [Screenshot - 1632155166613_f15_ValidateElementAttribute_failed] @20-09-2021 16:26:06.0706 P
[ReportManager] Successfully Closed All Drivers. @20-09-2021 16:26:06.0780 P
[ReportManager] File Action [GetAbsolutePath] successfully performed. With the following test data [Relative Folder Path: "target/downloadedFiles/"]. @20-09-2021 16:26:06.0782 PM
[ReportManager] Attempting to run remotely on: [Linux-64], [GoogleChrome], [http://localhost:4444/wd/hub], Headless Execution. @20-09-2021 16:26:06.0782 PM
[ReportManager] Successfully Opened [GoogleChrome]. @20-09-2021 16:26:06.0992 PM
[ReportManager] Target URL: [https://the-internet.herokuapp.com/] @20-09-2021 16:26:07.0010 PM
[ReportManager] Initial URL: [data:,] @20-09-2021 16:26:07.0051 PM
[ReportManager] Browser Action [NavigateToURL] successfully performed. With the following test data [https://the-internet.herokuapp.com/]. @20-09-2021 16:26:08.0250 P

################################################################################################################################################
Starting Execution:	[103 out of 143] test cases in the current suite
Test Method:		[testPackage01.Test_NewValidationHelper.f16]
################################################################################################################################################
[ReportManager] Element Action [IdentifyUniqueElement] failed. With the following test data [zero elements found matching this locator "By.tagName: h3".]. @20-09-2021 16:26:33.0853 PM
[ReportManager] Successfully created attachment [Screenshot - 1632155193773_f16_IdentifyUniqueElement_failed] @20-09-2021 16:26:33.0854 PM
[ReportManager] Assertion [ValidateElementAttribute] FAILED. Expected [Value Should not be 'Welcome' for the 'text' attribute, element locator 'By.tagName: h3'] and Actual [Failed to read the desired element attribute]. Comparison Type [CONTAINS]. Validation Type [NEGATIVE]. @20-09-2021 16:26:33.0855 P
[ReportManager] Successfully Closed All Drivers. @20-09-2021 16:26:33.0941 P
[ReportManager] File Action [GetAbsolutePath] successfully performed. With the following test data [Relative Folder Path: "target/downloadedFiles/"]. @20-09-2021 16:26:33.0943 PM
[ReportManager] Attempting to run remotely on: [Linux-64], [GoogleChrome], [http://localhost:4444/wd/hub], Headless Execution. @20-09-2021 16:26:33.0943 PM
[ReportManager] Successfully Opened [GoogleChrome]. @20-09-2021 16:26:34.0156 PM
[ReportManager] Target URL: [https://the-internet.herokuapp.com/] @20-09-2021 16:26:34.0166 PM
[ReportManager] Initial URL: [data:,] @20-09-2021 16:26:34.0209 PM
[ReportManager] Browser Action [NavigateToURL] successfully performed. With the following test data [https://the-internet.herokuapp.com/]. @20-09-2021 16:26:35.0524 P

################################################################################################################################################
Starting Execution:	[104 out of 143] test cases in the current suite
Test Method:		[testPackage01.Test_NewValidationHelper.f17]
################################################################################################################################################
[ReportManager] Attempting to getAttribute [text2] from elementLocator [By.tagName: h1]. @20-09-2021 16:26:35.0527 PM
[ReportManager] Element Action [GetAttribute] successfully performed. @20-09-2021 16:26:35.0607 PM
[ReportManager] Loaded Shared OpenCV @20-09-2021 16:26:35.0755 PM
[ReportManager] Assertion [ValidateElementAttribute] PASSED. Expected [Value Should not be 'Welcome' for the 'text2' attribute, element locator 'By.tagName: h1'] and Actual [null]. Comparison Type [CONTAINS]. Validation Type [NEGATIVE]. @20-09-2021 16:26:35.0838 PM
[ReportManager] Successfully created attachment [Screenshot - 1632155195755_f17_ValidateElementAttribute_passed] @20-09-2021 16:26:35.0840 P
[ReportManager] Successfully Closed All Drivers. @20-09-2021 16:26:35.0911 P
[ReportManager] File Action [GetAbsolutePath] successfully performed. With the following test data [Relative Folder Path: "target/downloadedFiles/"]. @20-09-2021 16:26:35.0913 PM
[ReportManager] Attempting to run remotely on: [Linux-64], [GoogleChrome], [http://localhost:4444/wd/hub], Headless Execution. @20-09-2021 16:26:35.0913 PM
[ReportManager] Successfully Opened [GoogleChrome]. @20-09-2021 16:26:36.0116 PM
[ReportManager] Target URL: [https://the-internet.herokuapp.com/] @20-09-2021 16:26:36.0126 PM
[ReportManager] Initial URL: [data:,] @20-09-2021 16:26:36.0171 PM
[ReportManager] Browser Action [NavigateToURL] successfully performed. With the following test data [https://the-internet.herokuapp.com/]. @20-09-2021 16:26:37.0411 P

################################################################################################################################################
Starting Execution:	[105 out of 143] test cases in the current suite
Test Method:		[testPackage01.Test_NewValidationHelper.f18]
################################################################################################################################################
[ReportManager] Element Action [GetText] successfully performed. With the following test data [Welcome to the-internet]. @20-09-2021 16:26:37.0499 PM
[ReportManager] Loaded Shared OpenCV @20-09-2021 16:26:37.0638 PM
[ReportManager] Assertion [ValidateElementAttribute] PASSED. Expected [Value Should not be 'no' for the 'text' attribute, element locator 'By.tagName: h1'] and Actual [Welcome to the-internet]. Comparison Type [CONTAINS]. Validation Type [NEGATIVE]. @20-09-2021 16:26:37.0720 PM
[ReportManager] Successfully created attachment [Screenshot - 1632155197638_f18_ValidateElementAttribute_passed] @20-09-2021 16:26:37.0721 P
[ReportManager] Successfully Closed All Drivers. @20-09-2021 16:26:37.0802 P
[ReportManager] File Action [GetAbsolutePath] successfully performed. With the following test data [Relative Folder Path: "target/downloadedFiles/"]. @20-09-2021 16:26:37.0804 PM
[ReportManager] Attempting to run remotely on: [Linux-64], [GoogleChrome], [http://localhost:4444/wd/hub], Headless Execution. @20-09-2021 16:26:37.0805 PM
[ReportManager] Successfully Opened [GoogleChrome]. @20-09-2021 16:26:38.0051 PM
[ReportManager] Target URL: [https://the-internet.herokuapp.com/] @20-09-2021 16:26:38.0061 PM
[ReportManager] Initial URL: [data:,] @20-09-2021 16:26:38.0105 PM
[ReportManager] Browser Action [NavigateToURL] successfully performed. With the following test data [https://the-internet.herokuapp.com/]. @20-09-2021 16:26:39.0348 P

################################################################################################################################################
Starting Execution:	[106 out of 143] test cases in the current suite
Test Method:		[testPackage01.Test_NewValidationHelper.f19]
################################################################################################################################################
[ReportManager] Element Action [GetTagName] successfully performed. With the following test data [h1]. @20-09-2021 16:26:39.0429 PM
[ReportManager] Loaded Shared OpenCV @20-09-2021 16:26:39.0591 PM
[ReportManager] Assertion [ValidateElementAttribute] PASSED. Expected [Value Should be 'h' for the 'tagname' attribute, element locator 'By.tagName: h1'] and Actual [h1]. Comparison Type [CONTAINS]. Validation Type [POSITIVE]. @20-09-2021 16:26:39.0686 PM
[ReportManager] Successfully created attachment [Screenshot - 1632155199591_f19_ValidateElementAttribute_passed] @20-09-2021 16:26:39.0687 P
[ReportManager] Successfully Closed All Drivers. @20-09-2021 16:26:39.0765 P

################################################################################################################################################
Starting Execution:	[107 out of 143] test cases in the current suite
Test Method:		[testPackage01.Test_NewValidationHelper.f2]
################################################################################################################################################
[ReportManager] Assertion Failed: Checking valid user data @20-09-2021 16:26:39.0779 PM
[ReportManager] Assertion [ValidateEquals] FAILED. Expected [1] and Actual [2]. Comparison Type [EQUALS]. Validation Type [POSITIVE]. @20-09-2021 16:26:39.0779 P
[ReportManager] File Action [GetAbsolutePath] successfully performed. With the following test data [Relative Folder Path: "target/downloadedFiles/"]. @20-09-2021 16:26:39.0783 PM
[ReportManager] Attempting to run remotely on: [Linux-64], [GoogleChrome], [http://localhost:4444/wd/hub], Headless Execution. @20-09-2021 16:26:39.0783 PM
[ReportManager] Successfully Opened [GoogleChrome]. @20-09-2021 16:26:39.0990 PM
[ReportManager] Target URL: [https://the-internet.herokuapp.com/] @20-09-2021 16:26:40.0000 PM
[ReportManager] Initial URL: [data:,] @20-09-2021 16:26:40.0084 PM
[ReportManager] Browser Action [NavigateToURL] successfully performed. With the following test data [https://the-internet.herokuapp.com/]. @20-09-2021 16:26:41.0370 P

################################################################################################################################################
Starting Execution:	[108 out of 143] test cases in the current suite
Test Method:		[testPackage01.Test_NewValidationHelper.f20]
################################################################################################################################################
[ReportManager] Element Action [GetSize] successfully performed. With the following test data [(755, 61)]. @20-09-2021 16:26:41.0478 PM
[ReportManager] Loaded Shared OpenCV @20-09-2021 16:26:41.0640 PM
[ReportManager] Assertion [ValidateElementAttribute] PASSED. Expected [Value Should not be 'a' for the 'size' attribute, element locator 'By.tagName: h1'] and Actual [(755, 61)]. Comparison Type [CONTAINS]. Validation Type [NEGATIVE]. @20-09-2021 16:26:41.0726 PM
[ReportManager] Successfully created attachment [Screenshot - 1632155201640_f20_ValidateElementAttribute_passed] @20-09-2021 16:26:41.0727 P
[ReportManager] Successfully Closed All Drivers. @20-09-2021 16:26:41.0804 P
[ReportManager] File Action [GetAbsolutePath] successfully performed. With the following test data [Relative Folder Path: "target/downloadedFiles/"]. @20-09-2021 16:26:41.0806 PM
[ReportManager] Attempting to run remotely on: [Linux-64], [GoogleChrome], [http://localhost:4444/wd/hub], Headless Execution. @20-09-2021 16:26:41.0806 PM
[ReportManager] Successfully Opened [GoogleChrome]. @20-09-2021 16:26:42.0010 PM
[ReportManager] Target URL: [https://the-internet.herokuapp.com/] @20-09-2021 16:26:42.0021 PM
[ReportManager] Initial URL: [data:,] @20-09-2021 16:26:42.0065 PM
[ReportManager] Browser Action [NavigateToURL] successfully performed. With the following test data [https://the-internet.herokuapp.com/]. @20-09-2021 16:26:43.0747 P

################################################################################################################################################
Starting Execution:	[109 out of 143] test cases in the current suite
Test Method:		[testPackage01.Test_NewValidationHelper.f21]
################################################################################################################################################
[ReportManager] Element Action [IdentifyUniqueElement] failed. With the following test data [zero elements found matching this locator "By.tagName: h3".]. @20-09-2021 16:27:09.0356 PM
[ReportManager] Successfully created attachment [Screenshot - 1632155229289_f21_IdentifyUniqueElement_failed] @20-09-2021 16:27:09.0357 PM
[ReportManager] Assertion [ValidateElementAttribute] FAILED. Expected [Value Should be 'Welcome' for the 'text' attribute, element locator 'By.tagName: h3'] and Actual [Failed to read the desired element attribute]. Comparison Type [CONTAINS]. Validation Type [POSITIVE]. @20-09-2021 16:27:09.0358 P
[ReportManager] Successfully Closed All Drivers. @20-09-2021 16:27:09.0436 P
[ReportManager] File Action [GetAbsolutePath] successfully performed. With the following test data [Relative Folder Path: "target/downloadedFiles/"]. @20-09-2021 16:27:09.0438 PM
[ReportManager] Attempting to run remotely on: [Linux-64], [GoogleChrome], [http://localhost:4444/wd/hub], Headless Execution. @20-09-2021 16:27:09.0438 PM
[ReportManager] Successfully Opened [GoogleChrome]. @20-09-2021 16:27:09.0640 PM
[ReportManager] Target URL: [https://the-internet.herokuapp.com/] @20-09-2021 16:27:09.0650 PM
[ReportManager] Initial URL: [data:,] @20-09-2021 16:27:09.0693 PM
[ReportManager] Browser Action [NavigateToURL] successfully performed. With the following test data [https://the-internet.herokuapp.com/]. @20-09-2021 16:27:10.0914 P

################################################################################################################################################
Starting Execution:	[110 out of 143] test cases in the current suite
Test Method:		[testPackage01.Test_NewValidationHelper.f22]
################################################################################################################################################
[ReportManager] Element Action [GetText] successfully performed. With the following test data [Welcome to the-internet]. @20-09-2021 16:27:11.0009 PM
[ReportManager] Loaded Shared OpenCV @20-09-2021 16:27:11.0172 PM
[ReportManager] Assertion [ValidateElementAttribute] FAILED. Expected [Value Should be 'yyy' for the 'text' attribute, element locator 'By.tagName: h1'] and Actual [Welcome to the-internet]. Comparison Type [CONTAINS]. Validation Type [POSITIVE]. @20-09-2021 16:27:11.0260 PM
[ReportManager] Successfully created attachment [Screenshot - 1632155231172_f22_ValidateElementAttribute_failed] @20-09-2021 16:27:11.0261 P
[ReportManager] Successfully Closed All Drivers. @20-09-2021 16:27:11.0334 P

################################################################################################################################################
Starting Execution:	[111 out of 143] test cases in the current suite
Test Method:		[testPackage01.Test_NewValidationHelper.f23]
################################################################################################################################################
[ReportManager] Assertion Passed: confirming that the actual is greater than or equal to the expected @20-09-2021 16:27:11.0338 PM
[ReportManager] Assertion [ValidateComparativeRelation] PASSED. Expected [1] and Actual [1]. Comparison Type [GREATER_THAN_OR_EQUALS]. Validation Type [POSITIVE]. @20-09-2021 16:27:11.0338 P

################################################################################################################################################
Starting Execution:	[112 out of 143] test cases in the current suite
Test Method:		[testPackage01.Test_NewValidationHelper.f24]
################################################################################################################################################
[ReportManager] Assertion [ValidateComparativeRelation] PASSED. Expected [1] and Actual [10]. Comparison Type [GREATER_THAN_OR_EQUALS]. Validation Type [POSITIVE]. @20-09-2021 16:27:11.0341 P

################################################################################################################################################
Starting Execution:	[113 out of 143] test cases in the current suite
Test Method:		[testPackage01.Test_NewValidationHelper.f25]
################################################################################################################################################
[ReportManager] Assertion [ValidateComparativeRelation] PASSED. Expected [1] and Actual [1]. Comparison Type [EQUALS]. Validation Type [POSITIVE]. @20-09-2021 16:27:11.0343 P

################################################################################################################################################
Starting Execution:	[114 out of 143] test cases in the current suite
Test Method:		[testPackage01.Test_NewValidationHelper.f26]
################################################################################################################################################
[ReportManager] Assertion [ValidateComparativeRelation] PASSED. Expected [1] and Actual [5]. Comparison Type [GREATER_THAN]. Validation Type [POSITIVE]. @20-09-2021 16:27:11.0345 P

################################################################################################################################################
Starting Execution:	[115 out of 143] test cases in the current suite
Test Method:		[testPackage01.Test_NewValidationHelper.f27]
################################################################################################################################################
[ReportManager] Assertion [ValidateComparativeRelation] PASSED. Expected [11] and Actual [5]. Comparison Type [LESS_THAN]. Validation Type [POSITIVE]. @20-09-2021 16:27:11.0347 P

################################################################################################################################################
Starting Execution:	[116 out of 143] test cases in the current suite
Test Method:		[testPackage01.Test_NewValidationHelper.f28]
################################################################################################################################################
[ReportManager] Assertion [ValidateComparativeRelation] PASSED. Expected [11] and Actual [5]. Comparison Type [LESS_THAN_OR_EQUALS]. Validation Type [POSITIVE]. @20-09-2021 16:27:11.0350 P

################################################################################################################################################
Starting Execution:	[117 out of 143] test cases in the current suite
Test Method:		[testPackage01.Test_NewValidationHelper.f29]
################################################################################################################################################
[ReportManager] Assertion [ValidateComparativeRelation] PASSED. Expected [11] and Actual [11]. Comparison Type [LESS_THAN_OR_EQUALS]. Validation Type [POSITIVE]. @20-09-2021 16:27:11.0352 P

################################################################################################################################################
Starting Execution:	[118 out of 143] test cases in the current suite
Test Method:		[testPackage01.Test_NewValidationHelper.f3]
################################################################################################################################################
[ReportManager] Assertion [ValidateEquals] PASSED. Expected [1] and Actual [2]. Comparison Type [EQUALS]. Validation Type [NEGATIVE]. @20-09-2021 16:27:11.0355 P

################################################################################################################################################
Starting Execution:	[119 out of 143] test cases in the current suite
Test Method:		[testPackage01.Test_NewValidationHelper.f30]
################################################################################################################################################
[ReportManager] Assertion [ValidateComparativeRelation] FAILED. Expected [-9] and Actual [11]. Comparison Type [LESS_THAN_OR_EQUALS]. Validation Type [POSITIVE]. @20-09-2021 16:27:11.0365 P

################################################################################################################################################
Starting Execution:	[120 out of 143] test cases in the current suite
Test Method:		[testPackage01.Test_NewValidationHelper.f31]
################################################################################################################################################
[ReportManager] Assertion [ValidateTrue] PASSED. Expected [TRUE] and Actual [TRUE]. Validation Type [POSITIVE]. @20-09-2021 16:27:11.0367 P

################################################################################################################################################
Starting Execution:	[121 out of 143] test cases in the current suite
Test Method:		[testPackage01.Test_NewValidationHelper.f32]
################################################################################################################################################
[ReportManager] Assertion [ValidateTrue] PASSED. Expected [FALSE] and Actual [FALSE]. Validation Type [NEGATIVE]. @20-09-2021 16:27:11.0369 P

################################################################################################################################################
Starting Execution:	[122 out of 143] test cases in the current suite
Test Method:		[testPackage01.Test_NewValidationHelper.f33]
################################################################################################################################################
[ReportManager] Assertion [ValidateTrue] FAILED. Expected [FALSE] and Actual [TRUE]. Validation Type [NEGATIVE]. @20-09-2021 16:27:11.0374 P

################################################################################################################################################
Starting Execution:	[123 out of 143] test cases in the current suite
Test Method:		[testPackage01.Test_NewValidationHelper.f34]
################################################################################################################################################
[ReportManager] Assertion [ValidateTrue] FAILED. Expected [TRUE] and Actual [FALSE]. Validation Type [POSITIVE]. @20-09-2021 16:27:11.0376 P

################################################################################################################################################
Starting Execution:	[124 out of 143] test cases in the current suite
Test Method:		[testPackage01.Test_NewValidationHelper.f35]
################################################################################################################################################
[ReportManager] File Action [DoesFileExist] successfully performed. With the following test data [File Path: "pom.xml"]. @20-09-2021 16:27:11.0380 PM
[ReportManager] Assertion [ValidateFileExists] PASSED. Expected [File 'pom.xml' should exist, after up to '1' retries] and Actual [File exists]. Validation Type [POSITIVE]. @20-09-2021 16:27:11.0380 P

################################################################################################################################################
Starting Execution:	[125 out of 143] test cases in the current suite
Test Method:		[testPackage01.Test_NewValidationHelper.f36]
################################################################################################################################################
[ReportManager] File Action [DoesFileExist] successfully performed. With the following test data [File Path: "src/test/java/testPackage01/Test_NewValidationHelper.java"]. @20-09-2021 16:27:11.0383 PM
[ReportManager] Assertion [ValidateFileExists] PASSED. Expected [File 'src/test/java/testPackage01/Test_NewValidationHelper.java' should exist, after up to '1' retries] and Actual [File exists]. Validation Type [POSITIVE]. @20-09-2021 16:27:11.0383 P

################################################################################################################################################
Starting Execution:	[126 out of 143] test cases in the current suite
Test Method:		[testPackage01.Test_NewValidationHelper.f37]
################################################################################################################################################
[ReportManager] File Action [DoesFileExist] successfully performed. With the following test data [File Path: "pom.xml"]. @20-09-2021 16:27:11.0385 PM
[ReportManager] Assertion Failed: confirming that the file does't exist after 5 retries @20-09-2021 16:27:11.0385 PM
[ReportManager] Assertion [ValidateFileExists] FAILED. Expected [File 'pom.xml' should not exist, after up to '5' retries] and Actual [File exists]. Validation Type [NEGATIVE]. @20-09-2021 16:27:11.0385 P

################################################################################################################################################
Starting Execution:	[127 out of 143] test cases in the current suite
Test Method:		[testPackage01.Test_NewValidationHelper.f3_1]
################################################################################################################################################
[ReportManager] Assertion Passed: Checking valid user data @20-09-2021 16:27:11.0388 PM
[ReportManager] Assertion [ValidateEquals] PASSED. Expected [null] and Actual [null]. Comparison Type [EQUALS]. Validation Type [POSITIVE]. @20-09-2021 16:27:11.0388 P

################################################################################################################################################
Starting Execution:	[128 out of 143] test cases in the current suite
Test Method:		[testPackage01.Test_NewValidationHelper.f4]
################################################################################################################################################
[ReportManager] Assertion [ValidateEquals] PASSED. Expected [1] and Actual [123]. Comparison Type [CONTAINS]. Validation Type [POSITIVE]. @20-09-2021 16:27:11.0392 P

################################################################################################################################################
Starting Execution:	[129 out of 143] test cases in the current suite
Test Method:		[testPackage01.Test_NewValidationHelper.f5]
################################################################################################################################################
[ReportManager] Assertion [ValidateNull] PASSED. Expected [NULL] and Actual [1]. Comparison Type [EQUALS]. Validation Type [NEGATIVE]. @20-09-2021 16:27:11.0396 P

################################################################################################################################################
Starting Execution:	[130 out of 143] test cases in the current suite
Test Method:		[testPackage01.Test_NewValidationHelper.f6]
################################################################################################################################################
[ReportManager] Assertion Failed: Making sure that null string is not equal to null object @20-09-2021 16:27:11.0404 PM
[ReportManager] Assertion [ValidateNull] FAILED. Expected [NULL] and Actual [NULL]. Comparison Type [EQUALS]. Validation Type [POSITIVE]. @20-09-2021 16:27:11.0404 P

################################################################################################################################################
Starting Execution:	[131 out of 143] test cases in the current suite
Test Method:		[testPackage01.Test_NewValidationHelper.f6_1]
################################################################################################################################################
[ReportManager] Assertion [ValidateNull] FAILED. Expected [NULL] and Actual [NULL]. Comparison Type [EQUALS]. Validation Type [NEGATIVE]. @20-09-2021 16:27:11.0407 P

################################################################################################################################################
Starting Execution:	[132 out of 143] test cases in the current suite
Test Method:		[testPackage01.Test_NewValidationHelper.f6_2]
################################################################################################################################################
[ReportManager] Assertion Failed: Making sure that null string is not equal to null object @20-09-2021 16:27:11.0409 PM
[ReportManager] Assertion [ValidateNull] FAILED. Expected [NULL] and Actual [not null]. Comparison Type [EQUALS]. Validation Type [POSITIVE]. @20-09-2021 16:27:11.0409 P

################################################################################################################################################
Starting Execution:	[133 out of 143] test cases in the current suite
Test Method:		[testPackage01.Test_NewValidationHelper.f7]
################################################################################################################################################
[ReportManager] Assertion [ValidateNull] PASSED. Expected [NULL] and Actual [NULL]. Comparison Type [EQUALS]. Validation Type [POSITIVE]. @20-09-2021 16:27:11.0411 P
[ReportManager] File Action [GetAbsolutePath] successfully performed. With the following test data [Relative Folder Path: "target/downloadedFiles/"]. @20-09-2021 16:27:11.0414 PM
[ReportManager] Attempting to run remotely on: [Linux-64], [GoogleChrome], [http://localhost:4444/wd/hub], Headless Execution. @20-09-2021 16:27:11.0422 PM
[ReportManager] Successfully Opened [GoogleChrome]. @20-09-2021 16:27:11.0647 PM
[ReportManager] Target URL: [https://the-internet.herokuapp.com/] @20-09-2021 16:27:11.0668 PM
[ReportManager] Initial URL: [data:,] @20-09-2021 16:27:11.0712 PM
[ReportManager] Browser Action [NavigateToURL] successfully performed. With the following test data [https://the-internet.herokuapp.com/]. @20-09-2021 16:27:12.0900 P

################################################################################################################################################
Starting Execution:	[134 out of 143] test cases in the current suite
Test Method:		[testPackage01.Test_NewValidationHelper.f8]
################################################################################################################################################
[ReportManager] Loaded Shared OpenCV @20-09-2021 16:27:13.0135 PM
[ReportManager] Assertion [ValidateElementExists] PASSED. Expected [Element Should Exist, locator 'By.tagName: h1'] and Actual [Element Exists]. Comparison Type [EQUALS]. Validation Type [POSITIVE]. @20-09-2021 16:27:13.0218 PM
[ReportManager] Successfully created attachment [Screenshot - 1632155233135_f8_ValidateElementExists_passed] @20-09-2021 16:27:13.0219 P
[ReportManager] Successfully Closed All Drivers. @20-09-2021 16:27:13.0294 P
[ReportManager] File Action [GetAbsolutePath] successfully performed. With the following test data [Relative Folder Path: "target/downloadedFiles/"]. @20-09-2021 16:27:13.0296 PM
[ReportManager] Attempting to run remotely on: [Linux-64], [GoogleChrome], [http://localhost:4444/wd/hub], Headless Execution. @20-09-2021 16:27:13.0296 PM
[ReportManager] Successfully Opened [GoogleChrome]. @20-09-2021 16:27:13.0491 PM
[ReportManager] Target URL: [https://the-internet.herokuapp.com/] @20-09-2021 16:27:13.0503 PM
[ReportManager] Initial URL: [data:,] @20-09-2021 16:27:13.0544 PM
[ReportManager] Browser Action [NavigateToURL] successfully performed. With the following test data [https://the-internet.herokuapp.com/]. @20-09-2021 16:27:14.0767 P

################################################################################################################################################
Starting Execution:	[135 out of 143] test cases in the current suite
Test Method:		[testPackage01.Test_NewValidationHelper.f9]
################################################################################################################################################
[ReportManager] Assertion [ValidateElementExists] FAILED. Expected [Element Should Exist, locator 'By.tagName: h3'] and Actual [Element Doesn't Exists]. Comparison Type [EQUALS]. Validation Type [POSITIVE]. @20-09-2021 16:27:45.0505 PM
[ReportManager] Successfully created attachment [Screenshot - 1632155265435_f9_ValidateElementExists_failed] @20-09-2021 16:27:45.0506 P
[ReportManager] Successfully Closed All Drivers. @20-09-2021 16:27:45.0578 P

################################################################################################################################################
Starting Execution:	[136 out of 143] test cases in the current suite
Test Method:		[testPackage01.Test_NewValidationHelper.forceFail]
################################################################################################################################################
[ReportManager] Assertion [ValidateFail] FAILED. Successfully force failed the test. @20-09-2021 16:27:45.0582 P

################################################################################################################################################
Starting Execution:	[137 out of 143] test cases in the current suite
Test Method:		[testPackage01.Test_NewValidationHelper.forceFail2]
################################################################################################################################################
[ReportManager] Assertion Failed: Custom Message @20-09-2021 16:27:45.0585 PM
[ReportManager] Assertion [ValidateFail] FAILED. Successfully force failed the test. @20-09-2021 16:27:45.0585 P

################################################################################################################################################
Starting Execution:	[138 out of 143] test cases in the current suite
Test Method:		[testPackage01.Test_sendGraphqlRequest.sendGraphqlRequestUsingMutationAndVariables]
################################################################################################################################################
[ReportManager] GraphQl Request is being Performed with the Following Parameters [Service URL: https://api.spacex.land/graphql | Request Body: {"variables":"{\"name\": \"sherlock holmes\",\"rocket\": \"221B Baker Street\"}","query":"mutation ($name: String, $rocket: String) {\n  insert_users(objects: {name: $name, rocket: $rocket}) {\n    returning {\n      name\n      rocket\n    }\n  }\n}"}] @20-09-2021 16:27:45.0589 PM
[ReportManager] Response status code: [200], status line: [HTTP/1.1 200 OK] @20-09-2021 16:27:46.0139 PM
[ReportManager] Assertion Passed: Evaluating the actual response status code against the expected one... @20-09-2021 16:27:46.0140 PM
[ReportManager] Assertion [ValidateEquals] PASSED. Expected [200] and Actual [200]. Comparison Type [EQUALS]. Validation Type [POSITIVE]. @20-09-2021 16:27:46.0140 PM
[ReportManager] API Action [PerformRequest] successfully performed. With the following test data [Request Type: "POST" | Target Status Code: "200" | Service URL: "https://api.spacex.land/graphql" | Content Type: "application/json" | Response Time: "470ms"]. @20-09-2021 16:27:46.0152 PM
[ReportManager] Successfully created attachment [API Request - Specifications] @20-09-2021 16:27:46.0152 PM
[ReportManager] Successfully created attachment [API Request - JSON Body] @20-09-2021 16:27:46.0153 PM
[ReportManager] Successfully created attachment [API Response - JSON Body] @20-09-2021 16:27:46.0153 PM
[ReportManager] API Action [GetResponseJSONValue] successfully performed. With the following test data [data.insert_users.returning[0].name]. @20-09-2021 16:27:46.0196 PM
[ReportManager] Assertion [ValidateEquals] PASSED. Expected [sherlock holmes] and Actual [sherlock holmes]. Comparison Type [EQUALS]. Validation Type [POSITIVE]. @20-09-2021 16:27:46.0196 P

################################################################################################################################################
Starting Execution:	[139 out of 143] test cases in the current suite
Test Method:		[testPackage01.Test_sendGraphqlRequest.sendGraphqlRequestUsingQuery]
################################################################################################################################################
[ReportManager] GraphQl Request is being Performed with the Following Parameters [Service URL: https://api.spacex.land/graphql | Request Body: {"query":"{company {ceo}}"}] @20-09-2021 16:27:46.0199 PM
[ReportManager] Response status code: [200], status line: [HTTP/1.1 200 OK] @20-09-2021 16:27:46.0475 PM
[ReportManager] Assertion Passed: Evaluating the actual response status code against the expected one... @20-09-2021 16:27:46.0475 PM
[ReportManager] Assertion [ValidateEquals] PASSED. Expected [200] and Actual [200]. Comparison Type [EQUALS]. Validation Type [POSITIVE]. @20-09-2021 16:27:46.0475 PM
[ReportManager] API Action [PerformRequest] successfully performed. With the following test data [Request Type: "POST" | Target Status Code: "200" | Service URL: "https://api.spacex.land/graphql" | Content Type: "application/json" | Response Time: "272ms"]. @20-09-2021 16:27:46.0486 PM
[ReportManager] Successfully created attachment [API Request - Specifications] @20-09-2021 16:27:46.0486 PM
[ReportManager] Successfully created attachment [API Request - JSON Body] @20-09-2021 16:27:46.0486 PM
[ReportManager] Successfully created attachment [API Response - JSON Body] @20-09-2021 16:27:46.0486 PM
[ReportManager] API Action [GetResponseJSONValue] successfully performed. With the following test data [data.company.ceo]. @20-09-2021 16:27:46.0496 PM
[ReportManager] Assertion [ValidateEquals] PASSED. Expected [Elon Musk] and Actual [Elon Musk]. Comparison Type [EQUALS]. Validation Type [POSITIVE]. @20-09-2021 16:27:46.0496 P

################################################################################################################################################
Starting Execution:	[140 out of 143] test cases in the current suite
Test Method:		[testPackage01.Test_chainableElementActions.chainElementActions]
################################################################################################################################################
[ReportManager] File Action [GetAbsolutePath] successfully performed. With the following test data [Relative Folder Path: "target/downloadedFiles/"]. @20-09-2021 16:27:46.0507 PM
[ReportManager] Attempting to run remotely on: [Linux-64], [GoogleChrome], [http://localhost:4444/wd/hub], Headless Execution. @20-09-2021 16:27:46.0507 PM
[ReportManager] Successfully Opened [GoogleChrome]. @20-09-2021 16:27:46.0726 PM
[ReportManager] Target URL: [https://www.google.com/ncr], and after redirection: [https://www.google.com] @20-09-2021 16:27:46.0736 PM
[ReportManager] Initial URL: [data:,] @20-09-2021 16:27:46.0776 PM
[ReportManager] Browser Action [NavigateToURL] successfully performed. With the following test data [https://www.google.com/ncr]. @20-09-2021 16:27:47.0718 PM
[ReportManager] Element Action [Type] successfully performed. With the following test data [chained type 1]. @20-09-2021 16:27:48.0076 PM
[ReportManager] Element Action [Type] successfully performed. With the following test data [chained type 2]. @20-09-2021 16:27:48.0436 PM
[ReportManager] Element Action [TypeAppend] successfully performed. With the following test data [345]. @20-09-2021 16:27:48.0525 PM
[ReportManager] Element Action [GetText] successfully performed. With the following test data [chained type 2345]. @20-09-2021 16:27:48.0638 PM
[ReportManager] Loaded Shared OpenCV @20-09-2021 16:27:48.0810 PM
[ReportManager] Assertion [ValidateElementAttribute] PASSED. Expected [Value Should be 'chained type 2345' for the 'text' attribute, element locator 'By.name: q'] and Actual [chained type 2345]. Comparison Type [EQUALS]. Validation Type [POSITIVE]. @20-09-2021 16:27:48.0884 PM
[ReportManager] Successfully created attachment [Screenshot - 1632155268810_chainElementActions_ValidateElementAttribute_passed] @20-09-2021 16:27:48.0885 PM
[ReportManager] Browser Action [CloseCurrentWindow] successfully performed. @20-09-2021 16:27:49.0011 PM
[ReportManager] Successfully created attachment [Browser Action Test Data - CloseCurrentWindow - Actual Value] @20-09-2021 16:27:49.0013 P

################################################################################################################################################
Starting Execution:	[141 out of 143] test cases in the current suite
Test Method:		[testPackage01.Test_SkipDueToIssue.doNotSkip]
################################################################################################################################################
[ReportManager] This should not be skipped. @20-09-2021 16:27:49.0018 P

################################################################################################################################################
Starting Execution:	[142 out of 143] test cases in the current suite
Test Method:		[testPackage01.Test_SkipDueToIssue.skip]
################################################################################################################################################
[ReportManager] This should be skipped. @20-09-2021 16:27:49.0026 P

################################################################################################################################################
Starting Execution:	[143 out of 143] test cases in the current suite
Test Method:		[testPackage01.Test_SkipDueToIssue.skip2]
################################################################################################################################################
[ReportManager] This should be skipped. @20-09-2021 16:27:49.0031 P

################################################################################################################################################
Test Closure Activities
################################################################################################################################################
[ReportManager] Successfully created attachment [SHAFT Engine Logs - Execution log] @20-09-2021 16:27:49.0069 PM

################################################################################################################################################
This test run was powered by SHAFT Engine Version: [SHAFT Engine v5.3.20210902]
SHAFT Engine is licensed under the MIT License: [https://github.com/MohabMohie/SHAFT_ENGINE/blob/master/LICENSE].
################################################################################################################################################