################################################################################################################################################
Detected SHAFT Engine Version: [SHAFT Engine v5.4.20211030-BETA]
################################################################################################################################################
[ReportManager] File Action [GetAbsolutePath] successfully performed. With the following test data [Relative Folder Path: "target/downloadedFiles/"]. @03-11-2021 22:01:49.0279 PM
[ReportManager] Attempting to run locally on: [Mac-64], [Safari], Headless Execution. @03-11-2021 22:01:49.0300 PM
[ReportManager] Successfully Opened Safari. @03-11-2021 22:01:53.0672 PM
[ReportManager] Initial window size: (800, 600) @03-11-2021 22:01:53.0717 PM
[ReportManager] Window size after SWD Maximize: (1176, 810) @03-11-2021 22:01:53.0765 PM
[ReportManager] Browser Action [MaximizeWindow] successfully performed. With the following test data [New screen size is now: (1176, 810)]. @03-11-2021 22:01:53.0774 P

################################################################################################################################################
Starting Execution:	[1 out of 145] test cases in the current suite
Test Method:		[unitTests.tests_element_elementActions.waitForElementToBePresent_false_expectedToFail]
################################################################################################################################################
[ReportManager] Target URL: [https://www.google.com/ncr], and after redirection: [www.google.com] @03-11-2021 22:01:53.0965 PM
[ReportManager] Initial URL: [] @03-11-2021 22:01:54.0027 PM
[ReportManager] Browser Action [NavigateToURL] successfully performed. With the following test data [https://www.google.com/ncr]. @03-11-2021 22:01:55.0505 PM
[ReportManager] Waiting for element to be present; elementLocator [By.xpath: //*[@id='hplogo' or @alt='Google']], numberOfTries[1], stateOfPresence[false]... @03-11-2021 22:01:55.0514 PM
[ReportManager] Element Action [WaitForElementToBePresent] failed. With the following test data [waited for the element's state of presence to be (false). Element locator (By.xpath: //*[@id='hplogo' or @alt='Google'])]. @03-11-2021 22:01:58.0131 PM
[ReportManager] Successfully created attachment [Screenshot - 1635976915580_waitForElementToBePresent_false_expectedToFail_WaitForElementToBePresent_failed] @03-11-2021 22:01:58.0160 P
[ReportManager] Browser Action [CloseCurrentWindow] successfully performed. @03-11-2021 22:01:58.0273 PM
[ReportManager] Successfully created attachment [Browser Action Test Data - CloseCurrentWindow - Actual Value] @03-11-2021 22:01:58.0285 P
[ReportManager] File Action [GetAbsolutePath] successfully performed. With the following test data [Relative Folder Path: "target/downloadedFiles/"]. @03-11-2021 22:01:58.0352 PM
[ReportManager] Attempting to run locally on: [Mac-64], [Safari], Headless Execution. @03-11-2021 22:01:58.0353 P

################################################################################################################################################
Starting Execution:	[2 out of 145] test cases in the current suite
Test Method:		[unitTests.tests_element_elementActions.waitForElementToBePresent_false_expectedToPass]
###############################################################################################################################################



################################################################################################################################################
Starting Execution:	[3 out of 145] test cases in the current suite
Test Method:		[unitTests.tests_element_elementActions.waitForElementToBePresent_moreThanOneElement_expectedToFail]
###############################################################################################################################################



################################################################################################################################################
Starting Execution:	[4 out of 145] test cases in the current suite
Test Method:		[unitTests.tests_element_elementActions.waitForElementToBePresent_true_expectedToFail]
###############################################################################################################################################



################################################################################################################################################
Starting Execution:	[5 out of 145] test cases in the current suite
Test Method:		[unitTests.tests_element_elementActions.waitForElementToBePresent_true_expectedToPass]
###############################################################################################################################################

[ReportManager] File Action [GetAbsolutePath] successfully performed. With the following test data [Relative Folder Path: "target/downloadedFiles/"]. @03-11-2021 22:01:59.0011 PM
[ReportManager] Attempting to run locally on: [Mac-64], [Safari], Headless Execution. @03-11-2021 22:01:59.0011 P

################################################################################################################################################
Starting Execution:	[6 out of 145] test cases in the current suite
Test Method:		[unitTests.tests_browserActions.fullScreenWindow]
###############################################################################################################################################



################################################################################################################################################
Starting Execution:	[7 out of 145] test cases in the current suite
Test Method:		[unitTests.tests_browserActions.getCurrentURL]
###############################################################################################################################################



################################################################################################################################################
Starting Execution:	[8 out of 145] test cases in the current suite
Test Method:		[unitTests.tests_browserActions.getCurrentWindowTitle]
###############################################################################################################################################



################################################################################################################################################
Starting Execution:	[9 out of 145] test cases in the current suite
Test Method:		[unitTests.tests_browserActions.getPageSource]
###############################################################################################################################################



################################################################################################################################################
Starting Execution:	[10 out of 145] test cases in the current suite
Test Method:		[unitTests.tests_browserActions.getWindowHandle]
###############################################################################################################################################



################################################################################################################################################
Starting Execution:	[11 out of 145] test cases in the current suite
Test Method:		[unitTests.tests_browserActions.getWindowPosition]
###############################################################################################################################################



################################################################################################################################################
Starting Execution:	[12 out of 145] test cases in the current suite
Test Method:		[unitTests.tests_browserActions.getWindowSize]
###############################################################################################################################################



################################################################################################################################################
Starting Execution:	[13 out of 145] test cases in the current suite
Test Method:		[unitTests.tests_browserActions.maximizeWindow]
###############################################################################################################################################



################################################################################################################################################
Starting Execution:	[14 out of 145] test cases in the current suite
Test Method:		[unitTests.tests_browserActions.navigateBack]
###############################################################################################################################################



################################################################################################################################################
Starting Execution:	[15 out of 145] test cases in the current suite
Test Method:		[unitTests.tests_browserActions.navigateForward]
###############################################################################################################################################



################################################################################################################################################
Starting Execution:	[16 out of 145] test cases in the current suite
Test Method:		[unitTests.tests_browserActions.navigateToURL]
###############################################################################################################################################



################################################################################################################################################
Starting Execution:	[17 out of 145] test cases in the current suite
Test Method:		[unitTests.tests_browserActions.navigateToURLWithRedirection]
###############################################################################################################################################



################################################################################################################################################
Starting Execution:	[18 out of 145] test cases in the current suite
Test Method:		[unitTests.tests_browserActions.refreshCurrentPage]
###############################################################################################################################################



################################################################################################################################################
Starting Execution:	[19 out of 145] test cases in the current suite
Test Method:		[unitTests.tests_browserActions.setWindowSize]
###############################################################################################################################################

[ReportManager] Successfully loaded the following test data file [src/test/resources/TestDataFiles/testSuite01/TestData.xlsx]. @03-11-2021 22:02:01.0290 PM
[ReportManager] Successfully created attachment [Test Data - Excel] @03-11-2021 22:02:01.0303 P

################################################################################################################################################
Starting Execution:	[20 out of 145] test cases in the current suite
Test Method:		[unitTests.tests_io_excelFileManager.getCellData_rowName_expectedToPass]
################################################################################################################################################
[ReportManager] testRowData. @03-11-2021 22:02:01.0324 P

################################################################################################################################################
Starting Execution:	[21 out of 145] test cases in the current suite
Test Method:		[unitTests.tests_validations_assertions.assertComparativeRelation_greaterThanOrEquals_false_equals_expectedToFail]
################################################################################################################################################
[ReportManager] Assertion [ValidateComparativeRelation] FAILED. Expected [1] and Actual [1]. Comparison Type [GREATER_THAN_OR_EQUALS]. Validation Type [NEGATIVE]. @03-11-2021 22:02:01.0338 P

################################################################################################################################################
Starting Execution:	[22 out of 145] test cases in the current suite
Test Method:		[unitTests.tests_validations_assertions.assertComparativeRelation_greaterThanOrEquals_false_equals_expectedToPass]
################################################################################################################################################
[ReportManager] Assertion [ValidateComparativeRelation] PASSED. Expected [2] and Actual [1]. Comparison Type [GREATER_THAN_OR_EQUALS]. Validation Type [NEGATIVE]. @03-11-2021 22:02:01.0375 P

################################################################################################################################################
Starting Execution:	[23 out of 145] test cases in the current suite
Test Method:		[unitTests.tests_validations_assertions.assertComparativeRelation_greaterThanOrEquals_false_greaterThan_expectedToFail]
################################################################################################################################################
[ReportManager] Assertion [ValidateComparativeRelation] FAILED. Expected [1] and Actual [2]. Comparison Type [GREATER_THAN_OR_EQUALS]. Validation Type [NEGATIVE]. @03-11-2021 22:02:01.0407 P

################################################################################################################################################
Starting Execution:	[24 out of 145] test cases in the current suite
Test Method:		[unitTests.tests_validations_assertions.assertComparativeRelation_greaterThanOrEquals_false_greaterThan_expectedToPass]
################################################################################################################################################
[ReportManager] Assertion [ValidateComparativeRelation] PASSED. Expected [2] and Actual [1]. Comparison Type [GREATER_THAN_OR_EQUALS]. Validation Type [NEGATIVE]. @03-11-2021 22:02:01.0441 P

################################################################################################################################################
Starting Execution:	[25 out of 145] test cases in the current suite
Test Method:		[unitTests.tests_validations_assertions.assertComparativeRelation_greaterThanOrEquals_true_equals_expectedToFail]
################################################################################################################################################
[ReportManager] Assertion [ValidateComparativeRelation] FAILED. Expected [1] and Actual [0]. Comparison Type [GREATER_THAN_OR_EQUALS]. Validation Type [POSITIVE]. @03-11-2021 22:02:01.0475 P

################################################################################################################################################
Starting Execution:	[26 out of 145] test cases in the current suite
Test Method:		[unitTests.tests_validations_assertions.assertComparativeRelation_greaterThanOrEquals_true_equals_expectedToPass]
################################################################################################################################################
[ReportManager] Assertion [ValidateComparativeRelation] PASSED. Expected [1] and Actual [1]. Comparison Type [GREATER_THAN_OR_EQUALS]. Validation Type [POSITIVE]. @03-11-2021 22:02:01.0507 P

################################################################################################################################################
Starting Execution:	[27 out of 145] test cases in the current suite
Test Method:		[unitTests.tests_validations_assertions.assertComparativeRelation_greaterThanOrEquals_true_greaterThan_expectedToFail]
################################################################################################################################################
[ReportManager] Assertion [ValidateComparativeRelation] FAILED. Expected [2] and Actual [1]. Comparison Type [GREATER_THAN_OR_EQUALS]. Validation Type [POSITIVE]. @03-11-2021 22:02:01.0539 P

################################################################################################################################################
Starting Execution:	[28 out of 145] test cases in the current suite
Test Method:		[unitTests.tests_validations_assertions.assertComparativeRelation_greaterThanOrEquals_true_greaterThan_expectedToPass]
################################################################################################################################################
[ReportManager] Assertion [ValidateComparativeRelation] PASSED. Expected [1] and Actual [2]. Comparison Type [GREATER_THAN_OR_EQUALS]. Validation Type [POSITIVE]. @03-11-2021 22:02:01.0571 P
[ReportManager] File Action [GetAbsolutePath] successfully performed. With the following test data [Relative Folder Path: "target/downloadedFiles/"]. @03-11-2021 22:02:01.0602 PM
[ReportManager] Attempting to run locally on: [Mac-64], [Safari], Headless Execution. @03-11-2021 22:02:01.0603 PM
[ReportManager] Successfully Opened Safari. @03-11-2021 22:02:02.0514 PM
[ReportManager] Initial window size: (800, 600) @03-11-2021 22:02:02.0528 PM
[ReportManager] Window size after SWD Maximize: (1176, 811) @03-11-2021 22:02:02.0550 PM
[ReportManager] Browser Action [MaximizeWindow] successfully performed. With the following test data [New screen size is now: (1176, 811)]. @03-11-2021 22:02:02.0551 PM
[ReportManager] Target URL: [https://www.google.com/ncr], and after redirection: [www.google.com] @03-11-2021 22:02:02.0551 PM
[ReportManager] Initial URL: [] @03-11-2021 22:02:02.0623 PM
[ReportManager] Browser Action [NavigateToURL] successfully performed. With the following test data [https://www.google.com/ncr]. @03-11-2021 22:02:03.0956 P

################################################################################################################################################
Starting Execution:	[29 out of 145] test cases in the current suite
Test Method:		[unitTests.tests_validations_assertions.assertElementAttribute_false_caseInsensitiveComparison_expectedToFail]
################################################################################################################################################
[ReportManager] Element Action [Type] successfully performed. With the following test data [AUTOMATION]. @03-11-2021 22:02:04.0568 PM
[ReportManager] Element Action [GetText] successfully performed. With the following test data [AUTOMATION]. @03-11-2021 22:02:04.0644 PM
[ReportManager] Loaded Shared OpenCV @03-11-2021 22:02:06.0537 PM
[ReportManager] Assertion [ValidateElementAttribute] FAILED. Expected [Value Should not be 'AutomaTion' for the 'text' attribute, element locator 'By.name: q'] and Actual [AUTOMATION]. Comparison Type [CASE_INSENSITIVE]. Validation Type [NEGATIVE]. @03-11-2021 22:02:06.0946 PM
[ReportManager] Successfully created attachment [Screenshot - 1635976924722_assertElementAttribute_false_caseInsensitiveComparison_expectedToFail_ValidateElementAttribute_failed] @03-11-2021 22:02:06.0971 P
[ReportManager] Browser Action [CloseCurrentWindow] successfully performed. @03-11-2021 22:02:07.0240 PM
[ReportManager] Successfully created attachment [Browser Action Test Data - CloseCurrentWindow - Actual Value] @03-11-2021 22:02:07.0253 P
[ReportManager] File Action [GetAbsolutePath] successfully performed. With the following test data [Relative Folder Path: "target/downloadedFiles/"]. @03-11-2021 22:02:07.0288 PM
[ReportManager] Attempting to run locally on: [Mac-64], [Safari], Headless Execution. @03-11-2021 22:02:07.0288 PM
[ReportManager] Successfully Opened Safari. @03-11-2021 22:02:08.0210 PM
[ReportManager] Initial window size: (800, 600) @03-11-2021 22:02:08.0217 PM
[ReportManager] Window size after SWD Maximize: (1176, 811) @03-11-2021 22:02:08.0246 PM
[ReportManager] Browser Action [MaximizeWindow] successfully performed. With the following test data [New screen size is now: (1176, 811)]. @03-11-2021 22:02:08.0246 PM
[ReportManager] Target URL: [https://www.google.com/ncr], and after redirection: [www.google.com] @03-11-2021 22:02:08.0247 PM
[ReportManager] Initial URL: [] @03-11-2021 22:02:08.0311 PM
[ReportManager] Browser Action [NavigateToURL] successfully performed. With the following test data [https://www.google.com/ncr]. @03-11-2021 22:02:09.0105 P

################################################################################################################################################
Starting Execution:	[30 out of 145] test cases in the current suite
Test Method:		[unitTests.tests_validations_assertions.assertElementAttribute_false_caseInsensitiveComparison_expectedToPass]
################################################################################################################################################
[ReportManager] Element Action [Type] successfully performed. With the following test data [AUTOMATION]. @03-11-2021 22:02:09.0487 PM
[ReportManager] Element Action [GetText] successfully performed. With the following test data [AUTOMATION]. @03-11-2021 22:02:09.0610 PM
[ReportManager] Loaded Shared OpenCV @03-11-2021 22:02:09.0677 PM
[ReportManager] Assertion [ValidateElementAttribute] PASSED. Expected [Value Should not be 'AutomaTion123' for the 'text' attribute, element locator 'By.name: q'] and Actual [AUTOMATION]. Comparison Type [CASE_INSENSITIVE]. Validation Type [NEGATIVE]. @03-11-2021 22:02:09.0827 PM
[ReportManager] Successfully created attachment [Screenshot - 1635976929677_assertElementAttribute_false_caseInsensitiveComparison_expectedToPass_ValidateElementAttribute_passed] @03-11-2021 22:02:09.0843 P
[ReportManager] Browser Action [CloseCurrentWindow] successfully performed. @03-11-2021 22:02:10.0305 PM
[ReportManager] Successfully created attachment [Browser Action Test Data - CloseCurrentWindow - Actual Value] @03-11-2021 22:02:10.0320 P
[ReportManager] File Action [GetAbsolutePath] successfully performed. With the following test data [Relative Folder Path: "target/downloadedFiles/"]. @03-11-2021 22:02:10.0356 PM
[ReportManager] Attempting to run locally on: [Mac-64], [Safari], Headless Execution. @03-11-2021 22:02:10.0356 PM
[ReportManager] Successfully Opened Safari. @03-11-2021 22:02:11.0249 PM
[ReportManager] Initial window size: (800, 600) @03-11-2021 22:02:11.0297 PM
[ReportManager] Window size after SWD Maximize: (1176, 811) @03-11-2021 22:02:11.0345 PM
[ReportManager] Browser Action [MaximizeWindow] successfully performed. With the following test data [New screen size is now: (1176, 811)]. @03-11-2021 22:02:11.0345 PM
[ReportManager] Target URL: [https://www.google.com/ncr], and after redirection: [www.google.com] @03-11-2021 22:02:11.0345 PM
[ReportManager] Initial URL: [] @03-11-2021 22:02:11.0392 PM
[ReportManager] Browser Action [NavigateToURL] successfully performed. With the following test data [https://www.google.com/ncr]. @03-11-2021 22:02:12.0252 P

################################################################################################################################################
Starting Execution:	[31 out of 145] test cases in the current suite
Test Method:		[unitTests.tests_validations_assertions.assertElementAttribute_false_containsComparison_expectedToFail]
################################################################################################################################################
[ReportManager] Element Action [Type] successfully performed. With the following test data [Automation123]. @03-11-2021 22:02:12.0718 PM
[ReportManager] Element Action [GetText] successfully performed. With the following test data [Automation123]. @03-11-2021 22:02:12.0772 PM
[ReportManager] Loaded Shared OpenCV @03-11-2021 22:02:12.0831 PM
[ReportManager] Assertion [ValidateElementAttribute] FAILED. Expected [Value Should not be 'Automation' for the 'text' attribute, element locator 'By.name: q'] and Actual [Automation123]. Comparison Type [CONTAINS]. Validation Type [NEGATIVE]. @03-11-2021 22:02:12.0969 PM
[ReportManager] Successfully created attachment [Screenshot - 1635976932831_assertElementAttribute_false_containsComparison_expectedToFail_ValidateElementAttribute_failed] @03-11-2021 22:02:12.0986 P
[ReportManager] Browser Action [CloseCurrentWindow] successfully performed. @03-11-2021 22:02:13.0283 PM
[ReportManager] Successfully created attachment [Browser Action Test Data - CloseCurrentWindow - Actual Value] @03-11-2021 22:02:13.0296 P
[ReportManager] File Action [GetAbsolutePath] successfully performed. With the following test data [Relative Folder Path: "target/downloadedFiles/"]. @03-11-2021 22:02:13.0329 PM
[ReportManager] Attempting to run locally on: [Mac-64], [Safari], Headless Execution. @03-11-2021 22:02:13.0330 PM
[ReportManager] Successfully Opened Safari. @03-11-2021 22:02:14.0179 PM
[ReportManager] Initial window size: (800, 600) @03-11-2021 22:02:14.0206 PM
[ReportManager] Window size after SWD Maximize: (1176, 811) @03-11-2021 22:02:14.0220 PM
[ReportManager] Browser Action [MaximizeWindow] successfully performed. With the following test data [New screen size is now: (1176, 811)]. @03-11-2021 22:02:14.0220 PM
[ReportManager] Target URL: [https://www.google.com/ncr], and after redirection: [www.google.com] @03-11-2021 22:02:14.0220 PM
[ReportManager] Initial URL: [] @03-11-2021 22:02:14.0308 PM
[ReportManager] Browser Action [NavigateToURL] successfully performed. With the following test data [https://www.google.com/ncr]. @03-11-2021 22:02:15.0300 P

################################################################################################################################################
Starting Execution:	[32 out of 145] test cases in the current suite
Test Method:		[unitTests.tests_validations_assertions.assertElementAttribute_false_containsComparison_expectedToPass]
################################################################################################################################################
[ReportManager] Element Action [Type] successfully performed. With the following test data [Automation123]. @03-11-2021 22:02:15.0930 PM
[ReportManager] Element Action [GetText] successfully performed. With the following test data [Automation123]. @03-11-2021 22:02:15.0995 PM
[ReportManager] Loaded Shared OpenCV @03-11-2021 22:02:16.0049 PM
[ReportManager] Assertion [ValidateElementAttribute] PASSED. Expected [Value Should not be 'Automation1234' for the 'text' attribute, element locator 'By.name: q'] and Actual [Automation123]. Comparison Type [CONTAINS]. Validation Type [NEGATIVE]. @03-11-2021 22:02:16.0184 PM
[ReportManager] Successfully created attachment [Screenshot - 1635976936049_assertElementAttribute_false_containsComparison_expectedToPass_ValidateElementAttribute_passed] @03-11-2021 22:02:16.0191 P
[ReportManager] Browser Action [CloseCurrentWindow] successfully performed. @03-11-2021 22:02:16.0456 PM
[ReportManager] Successfully created attachment [Browser Action Test Data - CloseCurrentWindow - Actual Value] @03-11-2021 22:02:16.0463 P
[ReportManager] File Action [GetAbsolutePath] successfully performed. With the following test data [Relative Folder Path: "target/downloadedFiles/"]. @03-11-2021 22:02:16.0481 PM
[ReportManager] Attempting to run locally on: [Mac-64], [Safari], Headless Execution. @03-11-2021 22:02:16.0482 PM
[ReportManager] Successfully Opened Safari. @03-11-2021 22:02:17.0365 PM
[ReportManager] Initial window size: (800, 600) @03-11-2021 22:02:17.0391 PM
[ReportManager] Window size after SWD Maximize: (1176, 811) @03-11-2021 22:02:17.0423 PM
[ReportManager] Browser Action [MaximizeWindow] successfully performed. With the following test data [New screen size is now: (1176, 811)]. @03-11-2021 22:02:17.0423 PM
[ReportManager] Target URL: [https://www.google.com/ncr], and after redirection: [www.google.com] @03-11-2021 22:02:17.0423 PM
[ReportManager] Initial URL: [] @03-11-2021 22:02:17.0502 PM
[ReportManager] Browser Action [NavigateToURL] successfully performed. With the following test data [https://www.google.com/ncr]. @03-11-2021 22:02:18.0990 P

################################################################################################################################################
Starting Execution:	[33 out of 145] test cases in the current suite
Test Method:		[unitTests.tests_validations_assertions.assertElementAttribute_false_literalComparison_expectedToFail]
################################################################################################################################################
[ReportManager] Element Action [Type] successfully performed. With the following test data [Automation!@#$%^&*()_+{}[]\';/.,]. @03-11-2021 22:02:19.0899 PM
[ReportManager] Element Action [GetText] successfully performed. With the following test data [Automation!@#$%^&*()_+{}[]\';/.,]. @03-11-2021 22:02:19.0971 PM
[ReportManager] Loaded Shared OpenCV @03-11-2021 22:02:20.0023 PM
[ReportManager] Assertion [ValidateElementAttribute] PASSED. Expected [Value Should not be 'Automation!@#$%^&*()_+{}[]\\';/.,' for the 'text' attribute, element locator 'By.name: q'] and Actual [Automation!@#$%^&*()_+{}[]\';/.,]. Comparison Type [EQUALS]. Validation Type [NEGATIVE]. @03-11-2021 22:02:20.0178 PM
[ReportManager] Successfully created attachment [Screenshot - 1635976940023_assertElementAttribute_false_literalComparison_expectedToFail_ValidateElementAttribute_passed] @03-11-2021 22:02:20.0186 P
[ReportManager] Browser Action [CloseCurrentWindow] successfully performed. @03-11-2021 22:02:20.0406 PM
[ReportManager] Successfully created attachment [Browser Action Test Data - CloseCurrentWindow - Actual Value] @03-11-2021 22:02:20.0413 P
[ReportManager] File Action [GetAbsolutePath] successfully performed. With the following test data [Relative Folder Path: "target/downloadedFiles/"]. @03-11-2021 22:02:20.0431 PM
[ReportManager] Attempting to run locally on: [Mac-64], [Safari], Headless Execution. @03-11-2021 22:02:20.0431 PM
[ReportManager] Successfully Opened Safari. @03-11-2021 22:02:21.0203 PM
[ReportManager] Initial window size: (800, 600) @03-11-2021 22:02:21.0211 PM
[ReportManager] Window size after SWD Maximize: (1176, 811) @03-11-2021 22:02:21.0236 PM
[ReportManager] Browser Action [MaximizeWindow] successfully performed. With the following test data [New screen size is now: (1176, 811)]. @03-11-2021 22:02:21.0237 PM
[ReportManager] Target URL: [https://www.google.com/ncr], and after redirection: [www.google.com] @03-11-2021 22:02:21.0237 PM
[ReportManager] Initial URL: [] @03-11-2021 22:02:21.0298 PM
[ReportManager] Browser Action [NavigateToURL] successfully performed. With the following test data [https://www.google.com/ncr]. @03-11-2021 22:02:22.0477 P

################################################################################################################################################
Starting Execution:	[34 out of 145] test cases in the current suite
Test Method:		[unitTests.tests_validations_assertions.assertElementAttribute_false_literalComparison_expectedToPass]
################################################################################################################################################
[ReportManager] Element Action [Type] successfully performed. With the following test data [Automation!@#$%^&*()_+{}[]\';/.,]. @03-11-2021 22:02:23.0400 PM
[ReportManager] Element Action [GetText] successfully performed. With the following test data [Automation!@#$%^&*()_+{}[]\';/.,]. @03-11-2021 22:02:23.0468 PM
[ReportManager] Loaded Shared OpenCV @03-11-2021 22:02:23.0521 PM
[ReportManager] Assertion [ValidateElementAttribute] PASSED. Expected [Value Should not be 'Automation' for the 'text' attribute, element locator 'By.name: q'] and Actual [Automation!@#$%^&*()_+{}[]\';/.,]. Comparison Type [EQUALS]. Validation Type [NEGATIVE]. @03-11-2021 22:02:23.0645 PM
[ReportManager] Successfully created attachment [Screenshot - 1635976943521_assertElementAttribute_false_literalComparison_expectedToPass_ValidateElementAttribute_passed] @03-11-2021 22:02:23.0652 P
[ReportManager] Browser Action [CloseCurrentWindow] successfully performed. @03-11-2021 22:02:24.0087 PM
[ReportManager] Successfully created attachment [Browser Action Test Data - CloseCurrentWindow - Actual Value] @03-11-2021 22:02:24.0093 P
[ReportManager] File Action [GetAbsolutePath] successfully performed. With the following test data [Relative Folder Path: "target/downloadedFiles/"]. @03-11-2021 22:02:24.0102 PM
[ReportManager] Attempting to run locally on: [Mac-64], [Safari], Headless Execution. @03-11-2021 22:02:24.0102 PM
[ReportManager] Successfully Opened Safari. @03-11-2021 22:02:24.0957 PM
[ReportManager] Initial window size: (800, 600) @03-11-2021 22:02:24.0983 PM
[ReportManager] Window size after SWD Maximize: (1176, 811) @03-11-2021 22:02:25.0002 PM
[ReportManager] Browser Action [MaximizeWindow] successfully performed. With the following test data [New screen size is now: (1176, 811)]. @03-11-2021 22:02:25.0003 PM
[ReportManager] Target URL: [https://www.google.com/ncr], and after redirection: [www.google.com] @03-11-2021 22:02:25.0003 PM
[ReportManager] Initial URL: [] @03-11-2021 22:02:25.0067 PM
[ReportManager] Browser Action [NavigateToURL] successfully performed. With the following test data [https://www.google.com/ncr]. @03-11-2021 22:02:25.0937 P

################################################################################################################################################
Starting Execution:	[35 out of 145] test cases in the current suite
Test Method:		[unitTests.tests_validations_assertions.assertElementAttribute_false_regexComparison_expectedToFail]
################################################################################################################################################
[ReportManager] Element Action [Type] successfully performed. With the following test data [Automation123]. @03-11-2021 22:02:26.0373 PM
[ReportManager] Element Action [GetText] successfully performed. With the following test data [Automation123]. @03-11-2021 22:02:26.0426 PM
[ReportManager] Loaded Shared OpenCV @03-11-2021 22:02:26.0477 PM
[ReportManager] Assertion [ValidateElementAttribute] FAILED. Expected [Value Should not be 'Automation.*' for the 'text' attribute, element locator 'By.name: q'] and Actual [Automation123]. Comparison Type [MATCHES]. Validation Type [NEGATIVE]. @03-11-2021 22:02:26.0590 PM
[ReportManager] Successfully created attachment [Screenshot - 1635976946477_assertElementAttribute_false_regexComparison_expectedToFail_ValidateElementAttribute_failed] @03-11-2021 22:02:26.0591 P
[ReportManager] Browser Action [CloseCurrentWindow] successfully performed. @03-11-2021 22:02:26.0773 PM
[ReportManager] Successfully created attachment [Browser Action Test Data - CloseCurrentWindow - Actual Value] @03-11-2021 22:02:26.0779 P
[ReportManager] File Action [GetAbsolutePath] successfully performed. With the following test data [Relative Folder Path: "target/downloadedFiles/"]. @03-11-2021 22:02:26.0792 PM
[ReportManager] Attempting to run locally on: [Mac-64], [Safari], Headless Execution. @03-11-2021 22:02:26.0793 PM
[ReportManager] Successfully Opened Safari. @03-11-2021 22:02:27.0735 PM
[ReportManager] Initial window size: (800, 600) @03-11-2021 22:02:27.0744 PM
[ReportManager] Window size after SWD Maximize: (1176, 811) @03-11-2021 22:02:27.0772 PM
[ReportManager] Browser Action [MaximizeWindow] successfully performed. With the following test data [New screen size is now: (1176, 811)]. @03-11-2021 22:02:27.0772 PM
[ReportManager] Target URL: [https://www.google.com/ncr], and after redirection: [www.google.com] @03-11-2021 22:02:27.0772 PM
[ReportManager] Initial URL: [] @03-11-2021 22:02:27.0840 PM
[ReportManager] Browser Action [NavigateToURL] successfully performed. With the following test data [https://www.google.com/ncr]. @03-11-2021 22:02:28.0650 P

################################################################################################################################################
Starting Execution:	[36 out of 145] test cases in the current suite
Test Method:		[unitTests.tests_validations_assertions.assertElementAttribute_false_regexComparison_expectedToPass]
################################################################################################################################################
[ReportManager] Element Action [Type] successfully performed. With the following test data [Automation123]. @03-11-2021 22:02:29.0050 PM
[ReportManager] Element Action [GetText] successfully performed. With the following test data [Automation123]. @03-11-2021 22:02:29.0109 PM
[ReportManager] Loaded Shared OpenCV @03-11-2021 22:02:29.0160 PM
[ReportManager] Assertion [ValidateElementAttribute] PASSED. Expected [Value Should not be 'Automation' for the 'text' attribute, element locator 'By.name: q'] and Actual [Automation123]. Comparison Type [MATCHES]. Validation Type [NEGATIVE]. @03-11-2021 22:02:29.0276 PM
[ReportManager] Successfully created attachment [Screenshot - 1635976949160_assertElementAttribute_false_regexComparison_expectedToPass_ValidateElementAttribute_passed] @03-11-2021 22:02:29.0277 P
[ReportManager] Browser Action [CloseCurrentWindow] successfully performed. @03-11-2021 22:02:29.0597 PM
[ReportManager] Successfully created attachment [Browser Action Test Data - CloseCurrentWindow - Actual Value] @03-11-2021 22:02:29.0604 P
[ReportManager] File Action [GetAbsolutePath] successfully performed. With the following test data [Relative Folder Path: "target/downloadedFiles/"]. @03-11-2021 22:02:29.0619 PM
[ReportManager] Attempting to run locally on: [Mac-64], [Safari], Headless Execution. @03-11-2021 22:02:29.0619 PM
[ReportManager] Successfully Opened Safari. @03-11-2021 22:02:30.0472 PM
[ReportManager] Initial window size: (800, 600) @03-11-2021 22:02:30.0482 PM
[ReportManager] Window size after SWD Maximize: (1176, 811) @03-11-2021 22:02:30.0506 PM
[ReportManager] Browser Action [MaximizeWindow] successfully performed. With the following test data [New screen size is now: (1176, 811)]. @03-11-2021 22:02:30.0506 PM
[ReportManager] Target URL: [https://www.google.com/ncr], and after redirection: [www.google.com] @03-11-2021 22:02:30.0506 PM
[ReportManager] Initial URL: [] @03-11-2021 22:02:30.0573 PM
[ReportManager] Browser Action [NavigateToURL] successfully performed. With the following test data [https://www.google.com/ncr]. @03-11-2021 22:02:31.0368 P

################################################################################################################################################
Starting Execution:	[37 out of 145] test cases in the current suite
Test Method:		[unitTests.tests_validations_assertions.assertElementAttribute_true_caseInsensitiveComparison_expectedToFail]
################################################################################################################################################
[ReportManager] Element Action [Type] successfully performed. With the following test data [AUTOMATION]. @03-11-2021 22:02:31.0765 PM
[ReportManager] Element Action [GetText] successfully performed. With the following test data [AUTOMATION]. @03-11-2021 22:02:31.0850 PM
[ReportManager] Loaded Shared OpenCV @03-11-2021 22:02:31.0900 PM
[ReportManager] Assertion [ValidateElementAttribute] FAILED. Expected [Value Should be 'AutomaTion123' for the 'text' attribute, element locator 'By.name: q'] and Actual [AUTOMATION]. Comparison Type [CASE_INSENSITIVE]. Validation Type [POSITIVE]. @03-11-2021 22:02:32.0056 PM
[ReportManager] Successfully created attachment [Screenshot - 1635976951900_assertElementAttribute_true_caseInsensitiveComparison_expectedToFail_ValidateElementAttribute_failed] @03-11-2021 22:02:32.0063 P
[ReportManager] Browser Action [CloseCurrentWindow] successfully performed. @03-11-2021 22:02:32.0404 PM
[ReportManager] Successfully created attachment [Browser Action Test Data - CloseCurrentWindow - Actual Value] @03-11-2021 22:02:32.0411 P
[ReportManager] File Action [GetAbsolutePath] successfully performed. With the following test data [Relative Folder Path: "target/downloadedFiles/"]. @03-11-2021 22:02:32.0431 PM
[ReportManager] Attempting to run locally on: [Mac-64], [Safari], Headless Execution. @03-11-2021 22:02:32.0431 PM
[ReportManager] Successfully Opened Safari. @03-11-2021 22:02:33.0320 PM
[ReportManager] Initial window size: (800, 600) @03-11-2021 22:02:33.0349 PM
[ReportManager] Window size after SWD Maximize: (1176, 811) @03-11-2021 22:02:33.0365 PM
[ReportManager] Browser Action [MaximizeWindow] successfully performed. With the following test data [New screen size is now: (1176, 811)]. @03-11-2021 22:02:33.0366 PM
[ReportManager] Target URL: [https://www.google.com/ncr], and after redirection: [www.google.com] @03-11-2021 22:02:33.0366 PM
[ReportManager] Initial URL: [] @03-11-2021 22:02:33.0422 PM
[ReportManager] Browser Action [NavigateToURL] successfully performed. With the following test data [https://www.google.com/ncr]. @03-11-2021 22:02:34.0215 P

################################################################################################################################################
Starting Execution:	[38 out of 145] test cases in the current suite
Test Method:		[unitTests.tests_validations_assertions.assertElementAttribute_true_caseInsensitiveComparison_expectedToPass]
################################################################################################################################################
[ReportManager] Element Action [Type] successfully performed. With the following test data [AUTOMATION]. @03-11-2021 22:02:34.0599 PM
[ReportManager] Element Action [GetText] successfully performed. With the following test data [AUTOMATION]. @03-11-2021 22:02:34.0651 PM
[ReportManager] Loaded Shared OpenCV @03-11-2021 22:02:34.0720 PM
[ReportManager] Assertion [ValidateElementAttribute] PASSED. Expected [Value Should be 'AutomaTion' for the 'text' attribute, element locator 'By.name: q'] and Actual [AUTOMATION]. Comparison Type [CASE_INSENSITIVE]. Validation Type [POSITIVE]. @03-11-2021 22:02:34.0849 PM
[ReportManager] Successfully created attachment [Screenshot - 1635976954720_assertElementAttribute_true_caseInsensitiveComparison_expectedToPass_ValidateElementAttribute_passed] @03-11-2021 22:02:34.0856 P
[ReportManager] Browser Action [CloseCurrentWindow] successfully performed. @03-11-2021 22:02:34.0919 PM
[ReportManager] Successfully created attachment [Browser Action Test Data - CloseCurrentWindow - Actual Value] @03-11-2021 22:02:34.0926 P
[ReportManager] File Action [GetAbsolutePath] successfully performed. With the following test data [Relative Folder Path: "target/downloadedFiles/"]. @03-11-2021 22:02:34.0941 PM
[ReportManager] Attempting to run locally on: [Mac-64], [Safari], Headless Execution. @03-11-2021 22:02:34.0942 PM
[ReportManager] Successfully Opened Safari. @03-11-2021 22:02:35.0719 PM
[ReportManager] Initial window size: (800, 600) @03-11-2021 22:02:35.0745 PM
[ReportManager] Window size after SWD Maximize: (1176, 811) @03-11-2021 22:02:35.0772 PM
[ReportManager] Browser Action [MaximizeWindow] successfully performed. With the following test data [New screen size is now: (1176, 811)]. @03-11-2021 22:02:35.0772 PM
[ReportManager] Target URL: [https://www.google.com/ncr], and after redirection: [www.google.com] @03-11-2021 22:02:35.0772 PM
[ReportManager] Initial URL: [] @03-11-2021 22:02:35.0834 PM
[ReportManager] Browser Action [NavigateToURL] successfully performed. With the following test data [https://www.google.com/ncr]. @03-11-2021 22:02:37.0053 P

################################################################################################################################################
Starting Execution:	[39 out of 145] test cases in the current suite
Test Method:		[unitTests.tests_validations_assertions.assertElementAttribute_true_containsComparison_expectedToFail]
################################################################################################################################################
[ReportManager] Element Action [Type] successfully performed. With the following test data [Automation123]. @03-11-2021 22:02:37.0531 PM
[ReportManager] Element Action [GetText] successfully performed. With the following test data [Automation123]. @03-11-2021 22:02:37.0578 PM
[ReportManager] Loaded Shared OpenCV @03-11-2021 22:02:37.0627 PM
[ReportManager] Assertion [ValidateElementAttribute] FAILED. Expected [Value Should be 'Automation1234' for the 'text' attribute, element locator 'By.name: q'] and Actual [Automation123]. Comparison Type [CONTAINS]. Validation Type [POSITIVE]. @03-11-2021 22:02:37.0759 PM
[ReportManager] Successfully created attachment [Screenshot - 1635976957627_assertElementAttribute_true_containsComparison_expectedToFail_ValidateElementAttribute_failed] @03-11-2021 22:02:37.0766 P
[ReportManager] Browser Action [CloseCurrentWindow] successfully performed. @03-11-2021 22:02:38.0027 PM
[ReportManager] Successfully created attachment [Browser Action Test Data - CloseCurrentWindow - Actual Value] @03-11-2021 22:02:38.0033 P
[ReportManager] File Action [GetAbsolutePath] successfully performed. With the following test data [Relative Folder Path: "target/downloadedFiles/"]. @03-11-2021 22:02:38.0048 PM
[ReportManager] Attempting to run locally on: [Mac-64], [Safari], Headless Execution. @03-11-2021 22:02:38.0048 PM
[ReportManager] Successfully Opened Safari. @03-11-2021 22:02:38.0891 PM
[ReportManager] Initial window size: (800, 600) @03-11-2021 22:02:38.0901 PM
[ReportManager] Window size after SWD Maximize: (1176, 811) @03-11-2021 22:02:38.0925 PM
[ReportManager] Browser Action [MaximizeWindow] successfully performed. With the following test data [New screen size is now: (1176, 811)]. @03-11-2021 22:02:38.0926 PM
[ReportManager] Target URL: [https://www.google.com/ncr], and after redirection: [www.google.com] @03-11-2021 22:02:38.0927 PM
[ReportManager] Initial URL: [] @03-11-2021 22:02:38.0991 PM
[ReportManager] Browser Action [NavigateToURL] successfully performed. With the following test data [https://www.google.com/ncr]. @03-11-2021 22:02:40.0379 P

################################################################################################################################################
Starting Execution:	[40 out of 145] test cases in the current suite
Test Method:		[unitTests.tests_validations_assertions.assertElementAttribute_true_containsComparison_expectedToPass]
################################################################################################################################################
[ReportManager] Element Action [Type] successfully performed. With the following test data [Automation123]. @03-11-2021 22:02:40.0873 PM
[ReportManager] Element Action [GetText] successfully performed. With the following test data [Automation123]. @03-11-2021 22:02:40.0930 PM
[ReportManager] Loaded Shared OpenCV @03-11-2021 22:02:40.0992 PM
[ReportManager] Assertion [ValidateElementAttribute] PASSED. Expected [Value Should be 'Automation' for the 'text' attribute, element locator 'By.name: q'] and Actual [Automation123]. Comparison Type [CONTAINS]. Validation Type [POSITIVE]. @03-11-2021 22:02:41.0109 PM
[ReportManager] Successfully created attachment [Screenshot - 1635976960992_assertElementAttribute_true_containsComparison_expectedToPass_ValidateElementAttribute_passed] @03-11-2021 22:02:41.0115 P
[ReportManager] Browser Action [CloseCurrentWindow] successfully performed. @03-11-2021 22:02:41.0424 PM
[ReportManager] Successfully created attachment [Browser Action Test Data - CloseCurrentWindow - Actual Value] @03-11-2021 22:02:41.0430 P
[ReportManager] File Action [GetAbsolutePath] successfully performed. With the following test data [Relative Folder Path: "target/downloadedFiles/"]. @03-11-2021 22:02:41.0439 PM
[ReportManager] Attempting to run locally on: [Mac-64], [Safari], Headless Execution. @03-11-2021 22:02:41.0439 PM
[ReportManager] Successfully Opened Safari. @03-11-2021 22:02:42.0231 PM
[ReportManager] Initial window size: (800, 600) @03-11-2021 22:02:42.0254 PM
[ReportManager] Window size after SWD Maximize: (1176, 811) @03-11-2021 22:02:42.0284 PM
[ReportManager] Browser Action [MaximizeWindow] successfully performed. With the following test data [New screen size is now: (1176, 811)]. @03-11-2021 22:02:42.0284 PM
[ReportManager] Target URL: [https://www.google.com/ncr], and after redirection: [www.google.com] @03-11-2021 22:02:42.0284 PM
[ReportManager] Initial URL: [] @03-11-2021 22:02:42.0356 PM
[ReportManager] Browser Action [NavigateToURL] successfully performed. With the following test data [https://www.google.com/ncr]. @03-11-2021 22:02:43.0685 P

################################################################################################################################################
Starting Execution:	[41 out of 145] test cases in the current suite
Test Method:		[unitTests.tests_validations_assertions.assertElementAttribute_true_literalComparison_expectedToFail]
################################################################################################################################################
[ReportManager] Element Action [Type] successfully performed. With the following test data [Automation!@#$%^&*()_+{}[]\';/.,]. @03-11-2021 22:02:44.0730 PM
[ReportManager] Element Action [GetText] successfully performed. With the following test data [Automation!@#$%^&*()_+{}[]\';/.,]. @03-11-2021 22:02:44.0776 PM
[ReportManager] Loaded Shared OpenCV @03-11-2021 22:02:44.0826 PM
[ReportManager] Assertion [ValidateElementAttribute] FAILED. Expected [Value Should be 'Automation' for the 'text' attribute, element locator 'By.name: q'] and Actual [Automation!@#$%^&*()_+{}[]\';/.,]. Comparison Type [EQUALS]. Validation Type [POSITIVE]. @03-11-2021 22:02:44.0947 PM
[ReportManager] Successfully created attachment [Screenshot - 1635976964826_assertElementAttribute_true_literalComparison_expectedToFail_ValidateElementAttribute_failed] @03-11-2021 22:02:44.0954 P
[ReportManager] Browser Action [CloseCurrentWindow] successfully performed. @03-11-2021 22:02:45.0347 PM
[ReportManager] Successfully created attachment [Browser Action Test Data - CloseCurrentWindow - Actual Value] @03-11-2021 22:02:45.0353 P
[ReportManager] File Action [GetAbsolutePath] successfully performed. With the following test data [Relative Folder Path: "target/downloadedFiles/"]. @03-11-2021 22:02:45.0367 PM
[ReportManager] Attempting to run locally on: [Mac-64], [Safari], Headless Execution. @03-11-2021 22:02:45.0368 PM
[ReportManager] Successfully Opened Safari. @03-11-2021 22:02:46.0166 PM
[ReportManager] Initial window size: (800, 600) @03-11-2021 22:02:46.0182 PM
[ReportManager] Window size after SWD Maximize: (1176, 811) @03-11-2021 22:02:46.0197 PM
[ReportManager] Browser Action [MaximizeWindow] successfully performed. With the following test data [New screen size is now: (1176, 811)]. @03-11-2021 22:02:46.0197 PM
[ReportManager] Target URL: [https://www.google.com/ncr], and after redirection: [www.google.com] @03-11-2021 22:02:46.0197 PM
[ReportManager] Initial URL: [] @03-11-2021 22:02:46.0265 PM
[ReportManager] Browser Action [NavigateToURL] successfully performed. With the following test data [https://www.google.com/ncr]. @03-11-2021 22:02:48.0767 P

################################################################################################################################################
Starting Execution:	[42 out of 145] test cases in the current suite
Test Method:		[unitTests.tests_validations_assertions.assertElementAttribute_true_literalComparison_expectedToPass]
################################################################################################################################################
[ReportManager] Element Action [Type] successfully performed. With the following test data [Automation!@#$%^&*()_+{}[]\';/.,]. @03-11-2021 22:02:49.0701 PM
[ReportManager] Element Action [GetText] successfully performed. With the following test data [Automation!@#$%^&*()_+{}[]\';/.,]. @03-11-2021 22:02:49.0757 PM
[ReportManager] Loaded Shared OpenCV @03-11-2021 22:02:49.0809 PM
[ReportManager] Assertion [ValidateElementAttribute] PASSED. Expected [Value Should be 'Automation!@#$%^&*()_+{}[]\';/.,' for the 'text' attribute, element locator 'By.name: q'] and Actual [Automation!@#$%^&*()_+{}[]\';/.,]. Comparison Type [EQUALS]. Validation Type [POSITIVE]. @03-11-2021 22:02:49.0931 PM
[ReportManager] Successfully created attachment [Screenshot - 1635976969808_assertElementAttribute_true_literalComparison_expectedToPass_ValidateElementAttribute_passed] @03-11-2021 22:02:49.0944 P
[ReportManager] Browser Action [CloseCurrentWindow] successfully performed. @03-11-2021 22:02:50.0337 PM
[ReportManager] Successfully created attachment [Browser Action Test Data - CloseCurrentWindow - Actual Value] @03-11-2021 22:02:50.0344 P
[ReportManager] File Action [GetAbsolutePath] successfully performed. With the following test data [Relative Folder Path: "target/downloadedFiles/"]. @03-11-2021 22:02:50.0359 PM
[ReportManager] Attempting to run locally on: [Mac-64], [Safari], Headless Execution. @03-11-2021 22:02:50.0360 PM
[ReportManager] Successfully Opened Safari. @03-11-2021 22:02:51.0193 PM
[ReportManager] Initial window size: (800, 600) @03-11-2021 22:02:51.0213 PM
[ReportManager] Window size after SWD Maximize: (1176, 811) @03-11-2021 22:02:51.0233 PM
[ReportManager] Browser Action [MaximizeWindow] successfully performed. With the following test data [New screen size is now: (1176, 811)]. @03-11-2021 22:02:51.0234 PM
[ReportManager] Target URL: [https://www.google.com/ncr], and after redirection: [www.google.com] @03-11-2021 22:02:51.0234 PM
[ReportManager] Initial URL: [] @03-11-2021 22:02:51.0285 PM
[ReportManager] Browser Action [NavigateToURL] successfully performed. With the following test data [https://www.google.com/ncr]. @03-11-2021 22:02:52.0680 P

################################################################################################################################################
Starting Execution:	[43 out of 145] test cases in the current suite
Test Method:		[unitTests.tests_validations_assertions.assertElementAttribute_true_regexComparison_expectedToFail]
################################################################################################################################################
[ReportManager] Element Action [Type] successfully performed. With the following test data [Automation123]. @03-11-2021 22:02:53.0179 PM
[ReportManager] Element Action [GetText] successfully performed. With the following test data [Automation123]. @03-11-2021 22:02:53.0225 PM
[ReportManager] Loaded Shared OpenCV @03-11-2021 22:02:53.0272 PM
[ReportManager] Assertion [ValidateElementAttribute] FAILED. Expected [Value Should be 'Automation' for the 'text' attribute, element locator 'By.name: q'] and Actual [Automation123]. Comparison Type [MATCHES]. Validation Type [POSITIVE]. @03-11-2021 22:02:53.0385 PM
[ReportManager] Successfully created attachment [Screenshot - 1635976973272_assertElementAttribute_true_regexComparison_expectedToFail_ValidateElementAttribute_failed] @03-11-2021 22:02:53.0393 P
[ReportManager] Browser Action [CloseCurrentWindow] successfully performed. @03-11-2021 22:02:53.0753 PM
[ReportManager] Successfully created attachment [Browser Action Test Data - CloseCurrentWindow - Actual Value] @03-11-2021 22:02:53.0758 P
[ReportManager] File Action [GetAbsolutePath] successfully performed. With the following test data [Relative Folder Path: "target/downloadedFiles/"]. @03-11-2021 22:02:53.0772 PM
[ReportManager] Attempting to run locally on: [Mac-64], [Safari], Headless Execution. @03-11-2021 22:02:53.0773 PM
[ReportManager] Successfully Opened Safari. @03-11-2021 22:02:54.0580 PM
[ReportManager] Initial window size: (800, 600) @03-11-2021 22:02:54.0585 PM
[ReportManager] Window size after SWD Maximize: (1176, 811) @03-11-2021 22:02:54.0611 PM
[ReportManager] Browser Action [MaximizeWindow] successfully performed. With the following test data [New screen size is now: (1176, 811)]. @03-11-2021 22:02:54.0611 PM
[ReportManager] Target URL: [https://www.google.com/ncr], and after redirection: [www.google.com] @03-11-2021 22:02:54.0612 PM
[ReportManager] Initial URL: [] @03-11-2021 22:02:54.0676 PM
[ReportManager] Browser Action [NavigateToURL] successfully performed. With the following test data [https://www.google.com/ncr]. @03-11-2021 22:02:55.0394 P

################################################################################################################################################
Starting Execution:	[44 out of 145] test cases in the current suite
Test Method:		[unitTests.tests_validations_assertions.assertElementAttribute_true_regexComparison_expectedToPass]
################################################################################################################################################
[ReportManager] Element Action [Type] successfully performed. With the following test data [Automation123]. @03-11-2021 22:02:55.0937 PM
[ReportManager] Element Action [GetText] successfully performed. With the following test data [Automation123]. @03-11-2021 22:02:55.0983 PM
[ReportManager] Loaded Shared OpenCV @03-11-2021 22:02:56.0033 PM
[ReportManager] Assertion [ValidateElementAttribute] PASSED. Expected [Value Should be 'Automation.*' for the 'text' attribute, element locator 'By.name: q'] and Actual [Automation123]. Comparison Type [MATCHES]. Validation Type [POSITIVE]. @03-11-2021 22:02:56.0148 PM
[ReportManager] Successfully created attachment [Screenshot - 1635976976033_assertElementAttribute_true_regexComparison_expectedToPass_ValidateElementAttribute_passed] @03-11-2021 22:02:56.0156 P
[ReportManager] Browser Action [CloseCurrentWindow] successfully performed. @03-11-2021 22:02:56.0268 PM
[ReportManager] Successfully created attachment [Browser Action Test Data - CloseCurrentWindow - Actual Value] @03-11-2021 22:02:56.0284 P
[ReportManager] File Action [GetAbsolutePath] successfully performed. With the following test data [Relative Folder Path: "target/downloadedFiles/"]. @03-11-2021 22:02:56.0306 PM
[ReportManager] Attempting to run locally on: [Mac-64], [Safari], Headless Execution. @03-11-2021 22:02:56.0307 PM
[ReportManager] Successfully Opened Safari. @03-11-2021 22:02:57.0147 PM
[ReportManager] Initial window size: (800, 600) @03-11-2021 22:02:57.0171 PM
[ReportManager] Window size after SWD Maximize: (1176, 811) @03-11-2021 22:02:57.0182 PM
[ReportManager] Browser Action [MaximizeWindow] successfully performed. With the following test data [New screen size is now: (1176, 811)]. @03-11-2021 22:02:57.0182 PM
[ReportManager] Target URL: [https://www.google.com/ncr], and after redirection: [www.google.com] @03-11-2021 22:02:57.0182 PM
[ReportManager] Initial URL: [] @03-11-2021 22:02:57.0262 PM
[ReportManager] Browser Action [NavigateToURL] successfully performed. With the following test data [https://www.google.com/ncr]. @03-11-2021 22:02:58.0138 P

################################################################################################################################################
Starting Execution:	[45 out of 145] test cases in the current suite
Test Method:		[unitTests.tests_validations_assertions.assertElementAttribute_type_true_literalComparison_expectedToPass]
################################################################################################################################################
[ReportManager] Element Action [Type] successfully performed. With the following test data [Automation!@#$%^&*()_+{}[]\';/.,]. @03-11-2021 22:02:58.0986 PM
[ReportManager] Element Action [GetText] successfully performed. With the following test data [Automation!@#$%^&*()_+{}[]\';/.,]. @03-11-2021 22:02:59.0050 PM
[ReportManager] Loaded Shared OpenCV @03-11-2021 22:02:59.0100 PM
[ReportManager] Assertion [ValidateElementAttribute] PASSED. Expected [Value Should be 'Automation!@#$%^&*()_+{}[]\';/.,' for the 'text' attribute, element locator 'By.name: q'] and Actual [Automation!@#$%^&*()_+{}[]\';/.,]. Comparison Type [EQUALS]. Validation Type [POSITIVE]. @03-11-2021 22:02:59.0216 PM
[ReportManager] Successfully created attachment [Screenshot - 1635976979100_assertElementAttribute_type_true_literalComparison_expectedToPass_ValidateElementAttribute_passed] @03-11-2021 22:02:59.0223 P
[ReportManager] Browser Action [CloseCurrentWindow] successfully performed. @03-11-2021 22:02:59.0555 PM
[ReportManager] Successfully created attachment [Browser Action Test Data - CloseCurrentWindow - Actual Value] @03-11-2021 22:02:59.0561 P
[ReportManager] File Action [GetAbsolutePath] successfully performed. With the following test data [Relative Folder Path: "target/downloadedFiles/"]. @03-11-2021 22:02:59.0583 PM
[ReportManager] Attempting to run locally on: [Mac-64], [Safari], Headless Execution. @03-11-2021 22:02:59.0583 PM
[ReportManager] Successfully Opened Safari. @03-11-2021 22:03:00.0377 PM
[ReportManager] Initial window size: (800, 600) @03-11-2021 22:03:00.0381 PM
[ReportManager] Window size after SWD Maximize: (1176, 811) @03-11-2021 22:03:00.0406 PM
[ReportManager] Browser Action [MaximizeWindow] successfully performed. With the following test data [New screen size is now: (1176, 811)]. @03-11-2021 22:03:00.0406 PM
[ReportManager] Target URL: [https://www.google.com/ncr], and after redirection: [www.google.com] @03-11-2021 22:03:00.0406 PM
[ReportManager] Initial URL: [] @03-11-2021 22:03:00.0445 PM
[ReportManager] Browser Action [NavigateToURL] successfully performed. With the following test data [https://www.google.com/ncr]. @03-11-2021 22:03:01.0736 P

################################################################################################################################################
Starting Execution:	[46 out of 145] test cases in the current suite
Test Method:		[unitTests.tests_validations_assertions.assertElementExists_false_expectedToFail]
###############################################################################################################################################
[ReportManager] Browser Action [CloseCurrentWindow] successfully performed. @03-11-2021 22:03:02.0172 PM
[ReportManager] Successfully created attachment [Browser Action Test Data - CloseCurrentWindow - Actual Value] @03-11-2021 22:03:02.0178 P
[ReportManager] File Action [GetAbsolutePath] successfully performed. With the following test data [Relative Folder Path: "target/downloadedFiles/"]. @03-11-2021 22:03:02.0199 PM
[ReportManager] Attempting to run locally on: [Mac-64], [Safari], Headless Execution. @03-11-2021 22:03:02.0199 PM
[ReportManager] Successfully Opened Safari. @03-11-2021 22:03:03.0113 PM
[ReportManager] Initial window size: (800, 600) @03-11-2021 22:03:03.0136 PM
[ReportManager] Window size after SWD Maximize: (1176, 811) @03-11-2021 22:03:03.0152 PM
[ReportManager] Browser Action [MaximizeWindow] successfully performed. With the following test data [New screen size is now: (1176, 811)]. @03-11-2021 22:03:03.0152 PM
[ReportManager] Target URL: [https://www.google.com/ncr], and after redirection: [www.google.com] @03-11-2021 22:03:03.0153 PM
[ReportManager] Initial URL: [] @03-11-2021 22:03:03.0216 PM
[ReportManager] Browser Action [NavigateToURL] successfully performed. With the following test data [https://www.google.com/ncr]. @03-11-2021 22:03:04.0002 P

################################################################################################################################################
Starting Execution:	[47 out of 145] test cases in the current suite
Test Method:		[unitTests.tests_validations_assertions.assertElementExists_false_expectedToPass]
###############################################################################################################################################
[ReportManager] Browser Action [CloseCurrentWindow] successfully performed. @03-11-2021 22:03:04.0483 PM
[ReportManager] Successfully created attachment [Browser Action Test Data - CloseCurrentWindow - Actual Value] @03-11-2021 22:03:04.0489 P
[ReportManager] File Action [GetAbsolutePath] successfully performed. With the following test data [Relative Folder Path: "target/downloadedFiles/"]. @03-11-2021 22:03:04.0510 PM
[ReportManager] Attempting to run locally on: [Mac-64], [Safari], Headless Execution. @03-11-2021 22:03:04.0510 PM
[ReportManager] Successfully Opened Safari. @03-11-2021 22:03:05.0383 PM
[ReportManager] Initial window size: (800, 600) @03-11-2021 22:03:05.0395 PM
[ReportManager] Window size after SWD Maximize: (1176, 811) @03-11-2021 22:03:05.0418 PM
[ReportManager] Browser Action [MaximizeWindow] successfully performed. With the following test data [New screen size is now: (1176, 811)]. @03-11-2021 22:03:05.0419 PM
[ReportManager] Target URL: [https://www.google.com/ncr], and after redirection: [www.google.com] @03-11-2021 22:03:05.0419 PM
[ReportManager] Initial URL: [] @03-11-2021 22:03:05.0489 PM
[ReportManager] Browser Action [NavigateToURL] successfully performed. With the following test data [https://www.google.com/ncr]. @03-11-2021 22:03:06.0711 P

################################################################################################################################################
Starting Execution:	[48 out of 145] test cases in the current suite
Test Method:		[unitTests.tests_validations_assertions.assertElementExists_false_multipleElementsFound_expectedToFail]
################################################################################################################################################
[ReportManager] Assertion [ValidateElementExists] FAILED. Expected [Element Should not Exist, locator 'By.xpath: //div'] and Actual [Element Exists but is not unique]. Comparison Type [EQUALS]. Validation Type [NEGATIVE]. @03-11-2021 22:03:06.0893 PM
[ReportManager] Successfully created attachment [Screenshot - 1635976986805_assertElementExists_false_multipleElementsFound_expectedToFail_ValidateElementExists_failed] @03-11-2021 22:03:06.0894 P
[ReportManager] Browser Action [CloseCurrentWindow] successfully performed. @03-11-2021 22:03:07.0156 PM
[ReportManager] Successfully created attachment [Browser Action Test Data - CloseCurrentWindow - Actual Value] @03-11-2021 22:03:07.0162 P
[ReportManager] File Action [GetAbsolutePath] successfully performed. With the following test data [Relative Folder Path: "target/downloadedFiles/"]. @03-11-2021 22:03:07.0184 PM
[ReportManager] Attempting to run locally on: [Mac-64], [Safari], Headless Execution. @03-11-2021 22:03:07.0184 PM
[ReportManager] Successfully Opened Safari. @03-11-2021 22:03:08.0054 PM
[ReportManager] Initial window size: (800, 600) @03-11-2021 22:03:08.0092 PM
[ReportManager] Window size after SWD Maximize: (1176, 811) @03-11-2021 22:03:08.0132 PM
[ReportManager] Browser Action [MaximizeWindow] successfully performed. With the following test data [New screen size is now: (1176, 811)]. @03-11-2021 22:03:08.0133 PM
[ReportManager] Target URL: [https://www.google.com/ncr], and after redirection: [www.google.com] @03-11-2021 22:03:08.0133 PM
[ReportManager] Initial URL: [] @03-11-2021 22:03:08.0164 PM
[ReportManager] Browser Action [NavigateToURL] successfully performed. With the following test data [https://www.google.com/ncr]. @03-11-2021 22:03:09.0390 P

################################################################################################################################################
Starting Execution:	[49 out of 145] test cases in the current suite
Test Method:		[unitTests.tests_validations_assertions.assertElementExists_true_expectedToFail]
###############################################################################################################################################
[ReportManager] Browser Action [CloseCurrentWindow] successfully performed. @03-11-2021 22:03:09.0753 PM
[ReportManager] Successfully created attachment [Browser Action Test Data - CloseCurrentWindow - Actual Value] @03-11-2021 22:03:09.0759 P
[ReportManager] File Action [GetAbsolutePath] successfully performed. With the following test data [Relative Folder Path: "target/downloadedFiles/"]. @03-11-2021 22:03:09.0780 PM
[ReportManager] Attempting to run locally on: [Mac-64], [Safari], Headless Execution. @03-11-2021 22:03:09.0780 PM
[ReportManager] Successfully Opened Safari. @03-11-2021 22:03:10.0606 PM
[ReportManager] Initial window size: (800, 600) @03-11-2021 22:03:10.0614 PM
[ReportManager] Window size after SWD Maximize: (1176, 811) @03-11-2021 22:03:10.0639 PM
[ReportManager] Browser Action [MaximizeWindow] successfully performed. With the following test data [New screen size is now: (1176, 811)]. @03-11-2021 22:03:10.0639 PM
[ReportManager] Target URL: [https://www.google.com/ncr], and after redirection: [www.google.com] @03-11-2021 22:03:10.0639 PM
[ReportManager] Initial URL: [] @03-11-2021 22:03:10.0704 PM
[ReportManager] Browser Action [NavigateToURL] successfully performed. With the following test data [https://www.google.com/ncr]. @03-11-2021 22:03:11.0990 P

################################################################################################################################################
Starting Execution:	[50 out of 145] test cases in the current suite
Test Method:		[unitTests.tests_validations_assertions.assertElementExists_true_expectedToPass]
################################################################################################################################################
[ReportManager] Loaded Shared OpenCV @03-11-2021 22:03:12.0073 PM
[ReportManager] Assertion [ValidateElementExists] PASSED. Expected [Element Should Exist, locator 'By.xpath: //*[@id='hplogo' or @alt='Google']'] and Actual [Element Exists]. Comparison Type [EQUALS]. Validation Type [POSITIVE]. @03-11-2021 22:03:12.0194 PM
[ReportManager] Successfully created attachment [Screenshot - 1635976992072_assertElementExists_true_expectedToPass_ValidateElementExists_passed] @03-11-2021 22:03:12.0201 P
[ReportManager] Browser Action [CloseCurrentWindow] successfully performed. @03-11-2021 22:03:12.0273 PM
[ReportManager] Successfully created attachment [Browser Action Test Data - CloseCurrentWindow - Actual Value] @03-11-2021 22:03:12.0279 P
[ReportManager] File Action [GetAbsolutePath] successfully performed. With the following test data [Relative Folder Path: "target/downloadedFiles/"]. @03-11-2021 22:03:12.0301 PM
[ReportManager] Attempting to run locally on: [Mac-64], [Safari], Headless Execution. @03-11-2021 22:03:12.0301 PM
[ReportManager] Successfully Opened Safari. @03-11-2021 22:03:13.0097 PM
[ReportManager] Initial window size: (800, 600) @03-11-2021 22:03:13.0116 PM
[ReportManager] Window size after SWD Maximize: (1176, 811) @03-11-2021 22:03:13.0130 PM
[ReportManager] Browser Action [MaximizeWindow] successfully performed. With the following test data [New screen size is now: (1176, 811)]. @03-11-2021 22:03:13.0130 PM
[ReportManager] Target URL: [https://www.google.com/ncr], and after redirection: [www.google.com] @03-11-2021 22:03:13.0131 PM
[ReportManager] Initial URL: [] @03-11-2021 22:03:13.0172 PM
[ReportManager] Browser Action [NavigateToURL] successfully performed. With the following test data [https://www.google.com/ncr]. @03-11-2021 22:03:14.0408 P

################################################################################################################################################
Starting Execution:	[51 out of 145] test cases in the current suite
Test Method:		[unitTests.tests_validations_assertions.assertElementExists_true_multipleElementsFound_expectedToFail]
################################################################################################################################################
[ReportManager] Assertion [ValidateElementExists] FAILED. Expected [Element Should Exist, locator 'By.xpath: //div'] and Actual [Element Exists but is not unique]. Comparison Type [EQUALS]. Validation Type [POSITIVE]. @03-11-2021 22:03:14.0588 PM
[ReportManager] Successfully created attachment [Screenshot - 1635976994495_assertElementExists_true_multipleElementsFound_expectedToFail_ValidateElementExists_failed] @03-11-2021 22:03:14.0601 P
[ReportManager] Browser Action [CloseCurrentWindow] successfully performed. @03-11-2021 22:03:14.0895 PM
[ReportManager] Successfully created attachment [Browser Action Test Data - CloseCurrentWindow - Actual Value] @03-11-2021 22:03:14.0901 P

################################################################################################################################################
Starting Execution:	[52 out of 145] test cases in the current suite
Test Method:		[unitTests.tests_validations_assertions.assertEquals_false_expectedToFail]
################################################################################################################################################
[ReportManager] Assertion [ValidateEquals] FAILED. Expected [1] and Actual [1]. Comparison Type [EQUALS]. Validation Type [NEGATIVE]. @03-11-2021 22:03:14.0912 P

################################################################################################################################################
Starting Execution:	[53 out of 145] test cases in the current suite
Test Method:		[unitTests.tests_validations_assertions.assertEquals_false_expectedToPass]
################################################################################################################################################
[ReportManager] Assertion [ValidateEquals] PASSED. Expected [1] and Actual [2]. Comparison Type [EQUALS]. Validation Type [NEGATIVE]. @03-11-2021 22:03:14.0918 P

################################################################################################################################################
Starting Execution:	[54 out of 145] test cases in the current suite
Test Method:		[unitTests.tests_validations_assertions.assertEquals_longCharacters]
################################################################################################################################################
[ReportManager] Verification [ValidateEquals] PASSED. Expected and Actual values are attached. Comparison Type [EQUALS]. Validation Type [POSITIVE]. @03-11-2021 22:03:14.0961 PM
[ReportManager] Successfully created attachment [Validation Test Data - Expected Value] @03-11-2021 22:03:14.0969 PM
[ReportManager] Successfully created attachment [Validation Test Data - Actual Value] @03-11-2021 22:03:14.0981 PM
[ReportManager] Assertion [ValidateEquals] PASSED. Expected and Actual values are attached. Comparison Type [EQUALS]. Validation Type [POSITIVE]. @03-11-2021 22:03:14.0982 PM
[ReportManager] Successfully created attachment [Validation Test Data - Expected Value] @03-11-2021 22:03:14.0987 PM
[ReportManager] Successfully created attachment [Validation Test Data - Actual Value] @03-11-2021 22:03:14.0998 P

################################################################################################################################################
Starting Execution:	[55 out of 145] test cases in the current suite
Test Method:		[unitTests.tests_validations_assertions.assertEquals_longCharacters_Discreet]
################################################################################################################################################
[ReportManager] Assertion [ValidateEquals] PASSED. Expected [1LH5pROcDBjjQk0t0mCr0lXuzQu9lcGj28kY8R1H81X67eVAQJgWQhILiRWVPUgZ6uCtK5cnBkF55Jr9vYngjGO1Iyf0Mktv6lruDlL9T8MAUPcUZJGHZtji6nIeadujDSNmWMj5d6C8zlFqw0CRqBU0hO5adIasHgBSNoLotAjce3NGXoDwAlp3rYreeV16VIyZXROQY] and Actual [1LH5pROcDBjjQk0t0mCr0lXuzQu9lcGj28kY8R1H81X67eVAQJgWQhILiRWVPUgZ6uCtK5cnBkF55Jr9vYngjGO1Iyf0Mktv6lruDlL9T8MAUPcUZJGHZtji6nIeadujDSNmWMj5d6C8zlFqw0CRqBU0hO5adIasHgBSNoLotAjce3NGXoDwAlp3rYreeV16VIyZXROQY]. Comparison Type [EQUALS]. Validation Type [POSITIVE]. @03-11-2021 22:03:15.0018 P

################################################################################################################################################
Starting Execution:	[56 out of 145] test cases in the current suite
Test Method:		[unitTests.tests_validations_assertions.assertEquals_true_expectedToFail]
################################################################################################################################################
[ReportManager] Assertion [ValidateEquals] FAILED. Expected [1] and Actual [2]. Comparison Type [EQUALS]. Validation Type [POSITIVE]. @03-11-2021 22:03:15.0040 P

################################################################################################################################################
Starting Execution:	[57 out of 145] test cases in the current suite
Test Method:		[unitTests.tests_validations_assertions.assertEquals_true_expectedToPass]
Test Description:	[Assert that assertEquals works as expected when the two values are equal.]
################################################################################################################################################
[ReportManager] Verification [ValidateEquals] PASSED. Expected [1] and Actual [1]. Comparison Type [EQUALS]. Validation Type [POSITIVE]. @03-11-2021 22:03:15.0059 PM
[ReportManager] Assertion [ValidateEquals] PASSED. Expected [1] and Actual [1]. Comparison Type [EQUALS]. Validation Type [POSITIVE]. @03-11-2021 22:03:15.0059 P

################################################################################################################################################
Starting Execution:	[58 out of 145] test cases in the current suite
Test Method:		[unitTests.tests_validations_assertions.assertEquals_true_expectedToPass__]
################################################################################################################################################
[ReportManager] Assertion [ValidateEquals] PASSED. Expected [1] and Actual [1]. Comparison Type [EQUALS]. Validation Type [POSITIVE]. @03-11-2021 22:03:15.0080 P

################################################################################################################################################
Starting Execution:	[59 out of 145] test cases in the current suite
Test Method:		[unitTests.tests_validations_assertions.assertFileExists_false_expectedToFail]
################################################################################################################################################
[ReportManager] File Action [DoesFileExist] successfully performed. With the following test data [File Path: "src/main/java/com/shaft/gui/element/ElementActions.java"]. @03-11-2021 22:03:15.0103 PM
[ReportManager] Assertion [ValidateFileExists] FAILED. Expected [File 'src/main/java/com/shaft/gui/element/ElementActions.java' should not exist, after up to '1' retries] and Actual [File exists]. Validation Type [NEGATIVE]. @03-11-2021 22:03:15.0140 P

################################################################################################################################################
Starting Execution:	[60 out of 145] test cases in the current suite
Test Method:		[unitTests.tests_validations_assertions.assertFileExists_false_expectedToPass]
################################################################################################################################################
[ReportManager] File Action [DoesFileExist] successfully performed. With the following test data [File Path: "src/main/java/com/shaft/gui/element/ElementActions.java_fail"]. @03-11-2021 22:03:15.0758 PM
[ReportManager] Assertion [ValidateFileExists] PASSED. Expected [File 'src/main/java/com/shaft/gui/element/ElementActions.java_fail' should not exist, after up to '1' retries] and Actual [File does not exist]. Validation Type [NEGATIVE]. @03-11-2021 22:03:15.0758 P

################################################################################################################################################
Starting Execution:	[61 out of 145] test cases in the current suite
Test Method:		[unitTests.tests_validations_assertions.assertFileExists_true_expectedToFail]
################################################################################################################################################
[ReportManager] File Action [DoesFileExist] successfully performed. With the following test data [File Path: "src/main/java/com/shaft/gui/element/ElementActions.java_fail"]. @03-11-2021 22:03:16.0284 PM
[ReportManager] Assertion [ValidateFileExists] FAILED. Expected [File 'src/main/java/com/shaft/gui/element/ElementActions.java_fail' should exist, after up to '1' retries] and Actual [File does not exist]. Validation Type [POSITIVE]. @03-11-2021 22:03:16.0285 P

################################################################################################################################################
Starting Execution:	[62 out of 145] test cases in the current suite
Test Method:		[unitTests.tests_validations_assertions.assertFileExists_true_expectedToPass]
################################################################################################################################################
[ReportManager] File Action [DoesFileExist] successfully performed. With the following test data [File Path: "src/main/java/com/shaft/gui/element/ElementActions.java"]. @03-11-2021 22:03:16.0304 PM
[ReportManager] Assertion [ValidateFileExists] PASSED. Expected [File 'src/main/java/com/shaft/gui/element/ElementActions.java' should exist, after up to '1' retries] and Actual [File exists]. Validation Type [POSITIVE]. @03-11-2021 22:03:16.0304 P

################################################################################################################################################
Starting Execution:	[63 out of 145] test cases in the current suite
Test Method:		[unitTests.tests_validations_assertions.assertNull_false_expectedToFail]
################################################################################################################################################
[ReportManager] Assertion [ValidateNull] FAILED. Expected [NULL] and Actual [NULL]. Comparison Type [EQUALS]. Validation Type [NEGATIVE]. @03-11-2021 22:03:16.0308 P

################################################################################################################################################
Starting Execution:	[64 out of 145] test cases in the current suite
Test Method:		[unitTests.tests_validations_assertions.assertNull_false_expectedToPass]
################################################################################################################################################
[ReportManager] Assertion [ValidateNull] PASSED. Expected [NULL] and Actual [1]. Comparison Type [EQUALS]. Validation Type [NEGATIVE]. @03-11-2021 22:03:16.0311 P

################################################################################################################################################
Starting Execution:	[65 out of 145] test cases in the current suite
Test Method:		[unitTests.tests_validations_assertions.assertNull_true_expectedToFail]
################################################################################################################################################
[ReportManager] Assertion [ValidateNull] FAILED. Expected [NULL] and Actual [1]. Comparison Type [EQUALS]. Validation Type [POSITIVE]. @03-11-2021 22:03:16.0314 P

################################################################################################################################################
Starting Execution:	[66 out of 145] test cases in the current suite
Test Method:		[unitTests.tests_validations_assertions.assertNull_true_expectedToPass]
################################################################################################################################################
[ReportManager] Assertion [ValidateNull] PASSED. Expected [NULL] and Actual [NULL]. Comparison Type [EQUALS]. Validation Type [POSITIVE]. @03-11-2021 22:03:16.0317 P

################################################################################################################################################
Starting Execution:	[67 out of 145] test cases in the current suite
Test Method:		[unitTests.tests_restActions.getPostsAndAssertBodyForSpecificTitle]
################################################################################################################################################
[ReportManager] Response status code: [200], status line: [HTTP/1.1 200 OK] @03-11-2021 22:03:18.0408 PM
[ReportManager] Assertion Passed: Evaluating the actual response status code against the expected one... @03-11-2021 22:03:18.0413 PM
[ReportManager] Assertion [ValidateComparativeRelation] PASSED. Expected [200] and Actual [200]. Comparison Type [EQUALS]. Validation Type [POSITIVE]. @03-11-2021 22:03:18.0413 PM
[ReportManager] API Action [PerformRequest] successfully performed. With the following test data [Request Type: "GET" | Target Status Code: "200" | Service URL: "https://jsonplaceholder.typicode.com/posts" | Content Type: "*/*" | Response Time: "643ms"]. @03-11-2021 22:03:19.0470 PM
[ReportManager] Successfully created attachment [API Request - Specifications] @03-11-2021 22:03:19.0470 PM
[ReportManager] Successfully created attachment [API Response - JSON Body] @03-11-2021 22:03:19.0820 PM
[ReportManager] API Action [GetResponseJSONValueAsList] successfully performed. @03-11-2021 22:03:19.0893 PM
[ReportManager] API Action [GetResponseJSONValue] successfully performed. With the following test data [title]. @03-11-2021 22:03:19.0929 PM
[ReportManager] API Action [GetResponseJSONValue] successfully performed. With the following test data [title]. @03-11-2021 22:03:19.0958 PM
[ReportManager] API Action [GetResponseJSONValue] successfully performed. With the following test data [body]. @03-11-2021 22:03:19.0974 PM
[ReportManager] Assertion [ValidateEquals] PASSED. Expected [qui neque nisi nulla] and Actual [est rerum tempore vitae
sequi sint nihil reprehenderit dolor beatae ea dolores neque
fugiat blanditiis voluptate porro vel nihil molestiae ut reiciendis
qui aperiam non debitis possimus qui neque nisi nulla]. Comparison Type [CONTAINS]. Validation Type [POSITIVE]. @03-11-2021 22:03:19.0974 PM
[ReportManager] API Action [GetResponseJSONValue] successfully performed. With the following test data [title]. @03-11-2021 22:03:19.0994 PM
[ReportManager] API Action [GetResponseJSONValue] successfully performed. With the following test data [title]. @03-11-2021 22:03:20.0017 PM
[ReportManager] API Action [GetResponseJSONValue] successfully performed. With the following test data [title]. @03-11-2021 22:03:20.0042 PM
[ReportManager] API Action [GetResponseJSONValue] successfully performed. With the following test data [title]. @03-11-2021 22:03:20.0060 PM
[ReportManager] API Action [GetResponseJSONValue] successfully performed. With the following test data [title]. @03-11-2021 22:03:20.0079 PM
[ReportManager] API Action [GetResponseJSONValue] successfully performed. With the following test data [title]. @03-11-2021 22:03:20.0109 PM
[ReportManager] API Action [GetResponseJSONValue] successfully performed. With the following test data [title]. @03-11-2021 22:03:20.0137 PM
[ReportManager] API Action [GetResponseJSONValue] successfully performed. With the following test data [title]. @03-11-2021 22:03:20.0154 PM
[ReportManager] API Action [GetResponseJSONValue] successfully performed. With the following test data [title]. @03-11-2021 22:03:20.0182 PM
[ReportManager] API Action [GetResponseJSONValue] successfully performed. With the following test data [title]. @03-11-2021 22:03:20.0196 PM
[ReportManager] API Action [GetResponseJSONValue] successfully performed. With the following test data [title]. @03-11-2021 22:03:20.0210 PM
[ReportManager] API Action [GetResponseJSONValue] successfully performed. With the following test data [title]. @03-11-2021 22:03:20.0228 PM
[ReportManager] API Action [GetResponseJSONValue] successfully performed. With the following test data [title]. @03-11-2021 22:03:20.0240 PM
[ReportManager] API Action [GetResponseJSONValue] successfully performed. With the following test data [title]. @03-11-2021 22:03:20.0254 PM
[ReportManager] API Action [GetResponseJSONValue] successfully performed. With the following test data [title]. @03-11-2021 22:03:20.0265 PM
[ReportManager] API Action [GetResponseJSONValue] successfully performed. With the following test data [title]. @03-11-2021 22:03:20.0278 PM
[ReportManager] API Action [GetResponseJSONValue] successfully performed. With the following test data [title]. @03-11-2021 22:03:20.0292 PM
[ReportManager] API Action [GetResponseJSONValue] successfully performed. With the following test data [title]. @03-11-2021 22:03:20.0305 PM
[ReportManager] API Action [GetResponseJSONValue] successfully performed. With the following test data [title]. @03-11-2021 22:03:20.0318 PM
[ReportManager] API Action [GetResponseJSONValue] successfully performed. With the following test data [title]. @03-11-2021 22:03:20.0333 PM
[ReportManager] API Action [GetResponseJSONValue] successfully performed. With the following test data [title]. @03-11-2021 22:03:20.0347 PM
[ReportManager] API Action [GetResponseJSONValue] successfully performed. With the following test data [title]. @03-11-2021 22:03:20.0359 PM
[ReportManager] API Action [GetResponseJSONValue] successfully performed. With the following test data [title]. @03-11-2021 22:03:20.0371 PM
[ReportManager] API Action [GetResponseJSONValue] successfully performed. With the following test data [title]. @03-11-2021 22:03:20.0384 PM
[ReportManager] API Action [GetResponseJSONValue] successfully performed. With the following test data [title]. @03-11-2021 22:03:20.0395 PM
[ReportManager] API Action [GetResponseJSONValue] successfully performed. With the following test data [title]. @03-11-2021 22:03:20.0407 PM
[ReportManager] API Action [GetResponseJSONValue] successfully performed. With the following test data [title]. @03-11-2021 22:03:20.0418 PM
[ReportManager] API Action [GetResponseJSONValue] successfully performed. With the following test data [title]. @03-11-2021 22:03:20.0430 PM
[ReportManager] API Action [GetResponseJSONValue] successfully performed. With the following test data [title]. @03-11-2021 22:03:20.0443 PM
[ReportManager] API Action [GetResponseJSONValue] successfully performed. With the following test data [title]. @03-11-2021 22:03:20.0459 PM
[ReportManager] API Action [GetResponseJSONValue] successfully performed. With the following test data [title]. @03-11-2021 22:03:20.0478 PM
[ReportManager] API Action [GetResponseJSONValue] successfully performed. With the following test data [title]. @03-11-2021 22:03:20.0491 PM
[ReportManager] API Action [GetResponseJSONValue] successfully performed. With the following test data [title]. @03-11-2021 22:03:20.0503 PM
[ReportManager] API Action [GetResponseJSONValue] successfully performed. With the following test data [title]. @03-11-2021 22:03:20.0516 PM
[ReportManager] API Action [GetResponseJSONValue] successfully performed. With the following test data [title]. @03-11-2021 22:03:20.0528 PM
[ReportManager] API Action [GetResponseJSONValue] successfully performed. With the following test data [title]. @03-11-2021 22:03:20.0540 PM
[ReportManager] API Action [GetResponseJSONValue] successfully performed. With the following test data [title]. @03-11-2021 22:03:20.0552 PM
[ReportManager] API Action [GetResponseJSONValue] successfully performed. With the following test data [title]. @03-11-2021 22:03:20.0580 PM
[ReportManager] API Action [GetResponseJSONValue] successfully performed. With the following test data [title]. @03-11-2021 22:03:20.0594 PM
[ReportManager] API Action [GetResponseJSONValue] successfully performed. With the following test data [title]. @03-11-2021 22:03:20.0612 PM
[ReportManager] API Action [GetResponseJSONValue] successfully performed. With the following test data [title]. @03-11-2021 22:03:20.0635 PM
[ReportManager] API Action [GetResponseJSONValue] successfully performed. With the following test data [title]. @03-11-2021 22:03:20.0647 PM
[ReportManager] API Action [GetResponseJSONValue] successfully performed. With the following test data [title]. @03-11-2021 22:03:20.0658 PM
[ReportManager] API Action [GetResponseJSONValue] successfully performed. With the following test data [title]. @03-11-2021 22:03:20.0668 PM
[ReportManager] API Action [GetResponseJSONValue] successfully performed. With the following test data [title]. @03-11-2021 22:03:20.0680 PM
[ReportManager] API Action [GetResponseJSONValue] successfully performed. With the following test data [title]. @03-11-2021 22:03:20.0692 PM
[ReportManager] API Action [GetResponseJSONValue] successfully performed. With the following test data [title]. @03-11-2021 22:03:20.0704 PM
[ReportManager] API Action [GetResponseJSONValue] successfully performed. With the following test data [title]. @03-11-2021 22:03:20.0716 PM
[ReportManager] API Action [GetResponseJSONValue] successfully performed. With the following test data [title]. @03-11-2021 22:03:20.0726 PM
[ReportManager] API Action [GetResponseJSONValue] successfully performed. With the following test data [title]. @03-11-2021 22:03:20.0737 PM
[ReportManager] API Action [GetResponseJSONValue] successfully performed. With the following test data [title]. @03-11-2021 22:03:20.0750 PM
[ReportManager] API Action [GetResponseJSONValue] successfully performed. With the following test data [title]. @03-11-2021 22:03:20.0762 PM
[ReportManager] API Action [GetResponseJSONValue] successfully performed. With the following test data [title]. @03-11-2021 22:03:20.0772 PM
[ReportManager] API Action [GetResponseJSONValue] successfully performed. With the following test data [title]. @03-11-2021 22:03:20.0783 PM
[ReportManager] API Action [GetResponseJSONValue] successfully performed. With the following test data [title]. @03-11-2021 22:03:20.0794 PM
[ReportManager] API Action [GetResponseJSONValue] successfully performed. With the following test data [title]. @03-11-2021 22:03:20.0808 PM
[ReportManager] API Action [GetResponseJSONValue] successfully performed. With the following test data [title]. @03-11-2021 22:03:20.0819 PM
[ReportManager] API Action [GetResponseJSONValue] successfully performed. With the following test data [title]. @03-11-2021 22:03:20.0830 PM
[ReportManager] API Action [GetResponseJSONValue] successfully performed. With the following test data [title]. @03-11-2021 22:03:20.0847 PM
[ReportManager] API Action [GetResponseJSONValue] successfully performed. With the following test data [title]. @03-11-2021 22:03:20.0885 PM
[ReportManager] API Action [GetResponseJSONValue] successfully performed. With the following test data [title]. @03-11-2021 22:03:20.0896 PM
[ReportManager] API Action [GetResponseJSONValue] successfully performed. With the following test data [title]. @03-11-2021 22:03:20.0906 PM
[ReportManager] API Action [GetResponseJSONValue] successfully performed. With the following test data [title]. @03-11-2021 22:03:20.0918 PM
[ReportManager] API Action [GetResponseJSONValue] successfully performed. With the following test data [title]. @03-11-2021 22:03:20.0929 PM
[ReportManager] API Action [GetResponseJSONValue] successfully performed. With the following test data [title]. @03-11-2021 22:03:20.0940 PM
[ReportManager] API Action [GetResponseJSONValue] successfully performed. With the following test data [title]. @03-11-2021 22:03:20.0950 PM
[ReportManager] API Action [GetResponseJSONValue] successfully performed. With the following test data [title]. @03-11-2021 22:03:20.0962 PM
[ReportManager] API Action [GetResponseJSONValue] successfully performed. With the following test data [title]. @03-11-2021 22:03:20.0977 PM
[ReportManager] API Action [GetResponseJSONValue] successfully performed. With the following test data [title]. @03-11-2021 22:03:20.0990 PM
[ReportManager] API Action [GetResponseJSONValue] successfully performed. With the following test data [title]. @03-11-2021 22:03:21.0002 PM
[ReportManager] API Action [GetResponseJSONValue] successfully performed. With the following test data [title]. @03-11-2021 22:03:21.0012 PM
[ReportManager] API Action [GetResponseJSONValue] successfully performed. With the following test data [title]. @03-11-2021 22:03:21.0023 PM
[ReportManager] API Action [GetResponseJSONValue] successfully performed. With the following test data [title]. @03-11-2021 22:03:21.0033 PM
[ReportManager] API Action [GetResponseJSONValue] successfully performed. With the following test data [title]. @03-11-2021 22:03:21.0049 PM
[ReportManager] API Action [GetResponseJSONValue] successfully performed. With the following test data [title]. @03-11-2021 22:03:21.0059 PM
[ReportManager] API Action [GetResponseJSONValue] successfully performed. With the following test data [title]. @03-11-2021 22:03:21.0069 PM
[ReportManager] API Action [GetResponseJSONValue] successfully performed. With the following test data [title]. @03-11-2021 22:03:21.0081 PM
[ReportManager] API Action [GetResponseJSONValue] successfully performed. With the following test data [title]. @03-11-2021 22:03:21.0098 PM
[ReportManager] API Action [GetResponseJSONValue] successfully performed. With the following test data [title]. @03-11-2021 22:03:21.0109 PM
[ReportManager] API Action [GetResponseJSONValue] successfully performed. With the following test data [title]. @03-11-2021 22:03:21.0119 PM
[ReportManager] API Action [GetResponseJSONValue] successfully performed. With the following test data [title]. @03-11-2021 22:03:21.0130 PM
[ReportManager] API Action [GetResponseJSONValue] successfully performed. With the following test data [title]. @03-11-2021 22:03:21.0144 PM
[ReportManager] API Action [GetResponseJSONValue] successfully performed. With the following test data [title]. @03-11-2021 22:03:21.0155 PM
[ReportManager] API Action [GetResponseJSONValue] successfully performed. With the following test data [title]. @03-11-2021 22:03:21.0166 PM
[ReportManager] API Action [GetResponseJSONValue] successfully performed. With the following test data [title]. @03-11-2021 22:03:21.0177 PM
[ReportManager] API Action [GetResponseJSONValue] successfully performed. With the following test data [title]. @03-11-2021 22:03:21.0187 PM
[ReportManager] API Action [GetResponseJSONValue] successfully performed. With the following test data [title]. @03-11-2021 22:03:21.0202 PM
[ReportManager] API Action [GetResponseJSONValue] successfully performed. With the following test data [title]. @03-11-2021 22:03:21.0214 PM
[ReportManager] API Action [GetResponseJSONValue] successfully performed. With the following test data [title]. @03-11-2021 22:03:21.0227 PM
[ReportManager] API Action [GetResponseJSONValue] successfully performed. With the following test data [title]. @03-11-2021 22:03:21.0238 PM
[ReportManager] API Action [GetResponseJSONValue] successfully performed. With the following test data [title]. @03-11-2021 22:03:21.0250 PM
[ReportManager] API Action [GetResponseJSONValue] successfully performed. With the following test data [title]. @03-11-2021 22:03:21.0259 PM
[ReportManager] API Action [GetResponseJSONValue] successfully performed. With the following test data [title]. @03-11-2021 22:03:21.0270 PM
[ReportManager] API Action [GetResponseJSONValue] successfully performed. With the following test data [title]. @03-11-2021 22:03:21.0280 PM
[ReportManager] API Action [GetResponseJSONValue] successfully performed. With the following test data [title]. @03-11-2021 22:03:21.0292 PM
[ReportManager] API Action [GetResponseJSONValue] successfully performed. With the following test data [title]. @03-11-2021 22:03:21.0303 PM
[ReportManager] API Action [GetResponseJSONValue] successfully performed. With the following test data [title]. @03-11-2021 22:03:21.0314 PM
[ReportManager] API Action [GetResponseJSONValue] successfully performed. With the following test data [title]. @03-11-2021 22:03:21.0325 P

################################################################################################################################################
Starting Execution:	[68 out of 145] test cases in the current suite
Test Method:		[unitTests.tests_restActions.validateUserEmail]
################################################################################################################################################
[ReportManager] Response status code: [200], status line: [HTTP/1.1 200 OK] @03-11-2021 22:03:21.0413 PM
[ReportManager] Assertion Passed: Evaluating the actual response status code against the expected one... @03-11-2021 22:03:21.0413 PM
[ReportManager] Assertion [ValidateComparativeRelation] PASSED. Expected [200] and Actual [200]. Comparison Type [EQUALS]. Validation Type [POSITIVE]. @03-11-2021 22:03:21.0413 PM
[ReportManager] API Action [PerformRequest] successfully performed. With the following test data [Request Type: "GET" | Target Status Code: "200" | Service URL: "https://jsonplaceholder.typicode.com/users" | Content Type: "*/*" | Response Time: "60ms"]. @03-11-2021 22:03:21.0436 PM
[ReportManager] Successfully created attachment [API Request - Specifications] @03-11-2021 22:03:21.0442 PM
[ReportManager] Successfully created attachment [API Response - JSON Body] @03-11-2021 22:03:21.0448 PM
[ReportManager] Assertion [ValidateEquals] PASSED. Expected and Actual values are attached. Comparison Type [CONTAINS]. Validation Type [POSITIVE]. @03-11-2021 22:03:21.0449 PM
[ReportManager] Successfully created attachment [Validation Test Data - Expected Value] @03-11-2021 22:03:21.0461 PM
[ReportManager] Successfully created attachment [Validation Test Data - Actual Value] @03-11-2021 22:03:21.0467 PM
[ReportManager] API Action [GetResponseJSONValueAsList] successfully performed. With the following test data [$]. @03-11-2021 22:03:21.0473 PM
[ReportManager] API Action [GetResponseJSONValue] successfully performed. With the following test data [name]. @03-11-2021 22:03:21.0485 PM
[ReportManager] API Action [GetResponseJSONValue] successfully performed. With the following test data [email]. @03-11-2021 22:03:21.0500 PM
[ReportManager] Assertion [ValidateEquals] PASSED. Expected [Sincere@april.biz] and Actual [Sincere@april.biz]. Comparison Type [EQUALS]. Validation Type [POSITIVE]. @03-11-2021 22:03:21.0501 PM
[ReportManager] API Action [GetResponseJSONValue] successfully performed. With the following test data [name]. @03-11-2021 22:03:21.0516 PM
[ReportManager] API Action [GetResponseJSONValue] successfully performed. With the following test data [name]. @03-11-2021 22:03:21.0530 PM
[ReportManager] API Action [GetResponseJSONValue] successfully performed. With the following test data [name]. @03-11-2021 22:03:21.0541 PM
[ReportManager] API Action [GetResponseJSONValue] successfully performed. With the following test data [name]. @03-11-2021 22:03:21.0552 PM
[ReportManager] API Action [GetResponseJSONValue] successfully performed. With the following test data [name]. @03-11-2021 22:03:21.0564 PM
[ReportManager] API Action [GetResponseJSONValue] successfully performed. With the following test data [name]. @03-11-2021 22:03:21.0574 PM
[ReportManager] API Action [GetResponseJSONValue] successfully performed. With the following test data [name]. @03-11-2021 22:03:21.0585 PM
[ReportManager] API Action [GetResponseJSONValue] successfully performed. With the following test data [name]. @03-11-2021 22:03:21.0595 PM
[ReportManager] API Action [GetResponseJSONValue] successfully performed. With the following test data [name]. @03-11-2021 22:03:21.0608 P
[ReportManager] File Action [GetAbsolutePath] successfully performed. With the following test data [Relative Folder Path: "target/downloadedFiles/"]. @03-11-2021 22:03:21.0628 PM
[ReportManager] Attempting to run locally on: [Mac-64], [Safari], Headless Execution. @03-11-2021 22:03:21.0628 PM
[ReportManager] Successfully Opened Safari. @03-11-2021 22:03:22.0430 PM
[ReportManager] Initial window size: (800, 600) @03-11-2021 22:03:22.0451 PM
[ReportManager] Window size after SWD Maximize: (1176, 811) @03-11-2021 22:03:22.0466 PM
[ReportManager] Browser Action [MaximizeWindow] successfully performed. With the following test data [New screen size is now: (1176, 811)]. @03-11-2021 22:03:22.0466 P

################################################################################################################################################
Starting Execution:	[69 out of 145] test cases in the current suite
Test Method:		[testPackage01.Test_uploadFile.uploadFile_invisibleUploadInput]
################################################################################################################################################
[ReportManager] Target URL: [https://fineuploader.com/demos.html#gallery-view] @03-11-2021 22:03:22.0490 PM
[ReportManager] Initial URL: [] @03-11-2021 22:03:22.0521 PM
[ReportManager] Browser Action [NavigateToURL] successfully performed. With the following test data [https://fineuploader.com/demos.html#gallery-view]. @03-11-2021 22:03:23.0919 PM
[ReportManager] File Action [GetAbsolutePath] successfully performed. With the following test data [Relative File Path: "src/main/resources/images/shaft.png"]. @03-11-2021 22:03:23.0919 PM
[ReportManager] Successfully created attachment [File Action Actual Result - Command Log] @03-11-2021 22:03:23.0927 PM
[ReportManager] Element Action [TypeFileLocationForUpload] successfully performed. With the following test data [/Users/runner/work/SHAFT_ENGINE/SHAFT_ENGINE/src/main/resources/images/shaft.png]. @03-11-2021 22:03:23.0996 PM
[ReportManager] Attempting to getAttribute [src] from elementLocator [By.xpath: //div[@id='fine-uploader-gallery']//div[@class='qq-thumbnail-wrapper']/img]. @03-11-2021 22:03:23.0996 PM
[ReportManager] Element Action [GetAttribute] successfully performed. @03-11-2021 22:03:24.0190 PM
[ReportManager] Successfully created attachment [Element Action Test Data - GetAttribute - Actual Value] @03-11-2021 22:03:24.0199 PM
[ReportManager] Loaded Shared OpenCV @03-11-2021 22:03:24.0266 PM
[ReportManager] Assertion [ValidateElementAttribute] PASSED. Expected and Actual values are attached. Comparison Type [CONTAINS]. Validation Type [POSITIVE]. @03-11-2021 22:03:24.0394 PM
[ReportManager] Successfully created attachment [Validation Test Data - Expected Value] @03-11-2021 22:03:24.0405 PM
[ReportManager] Successfully created attachment [Validation Test Data - Actual Value] @03-11-2021 22:03:24.0411 PM
[ReportManager] Successfully created attachment [Screenshot - 1635977004266_uploadFile_invisibleUploadInput_ValidateElementAttribute_passed] @03-11-2021 22:03:24.0424 P
[ReportManager] Browser Action [CloseCurrentWindow] successfully performed. @03-11-2021 22:03:24.0765 PM
[ReportManager] Successfully created attachment [Browser Action Test Data - CloseCurrentWindow - Actual Value] @03-11-2021 22:03:24.0771 P
[ReportManager] File Action [GetAbsolutePath] successfully performed. With the following test data [Relative Folder Path: "target/downloadedFiles/"]. @03-11-2021 22:03:24.0794 PM
[ReportManager] Attempting to run locally on: [Mac-64], [Safari], Headless Execution. @03-11-2021 22:03:24.0794 PM
[ReportManager] Successfully Opened Safari. @03-11-2021 22:03:25.0705 PM
[ReportManager] Initial window size: (800, 600) @03-11-2021 22:03:25.0714 PM
[ReportManager] Window size after SWD Maximize: (1176, 811) @03-11-2021 22:03:25.0738 PM
[ReportManager] Browser Action [MaximizeWindow] successfully performed. With the following test data [New screen size is now: (1176, 811)]. @03-11-2021 22:03:25.0738 P

################################################################################################################################################
Starting Execution:	[70 out of 145] test cases in the current suite
Test Method:		[testPackage01.Test_uploadFile.uploadFile_visibleUploadInput]
################################################################################################################################################
[ReportManager] Target URL: [http://demo.guru99.com/test/upload/] @03-11-2021 22:03:25.0773 PM
[ReportManager] Initial URL: [] @03-11-2021 22:03:25.0828 PM
[ReportManager] Browser Action [NavigateToURL] successfully performed. With the following test data [http://demo.guru99.com/test/upload/]. @03-11-2021 22:03:26.0825 PM
[ReportManager] File Action [GetAbsolutePath] successfully performed. With the following test data [Relative File Path: "src/main/resources/images/shaft.png"]. @03-11-2021 22:03:26.0825 PM
[ReportManager] Successfully created attachment [File Action Actual Result - Command Log] @03-11-2021 22:03:26.0831 PM
[ReportManager] Element Action [TypeFileLocationForUpload] successfully performed. With the following test data [/Users/runner/work/SHAFT_ENGINE/SHAFT_ENGINE/src/main/resources/images/shaft.png]. @03-11-2021 22:03:26.0874 PM
[ReportManager] Element Action [Click] successfully performed. With the following test data [on]. @03-11-2021 22:03:27.0156 PM
[ReportManager] Element Action [Click] successfully performed. With the following test data [ Submit File]. @03-11-2021 22:03:27.0583 PM
[ReportManager] Element Action [GetText] successfully performed. With the following test data [1 file has been successfully uploaded.]. @03-11-2021 22:03:28.0263 PM
[ReportManager] Loaded Shared OpenCV @03-11-2021 22:03:28.0350 PM
[ReportManager] Assertion [ValidateElementAttribute] PASSED. Expected [Value Should be '1 file' for the 'Text' attribute, element locator 'By.id: res'] and Actual [1 file has been successfully uploaded.]. Comparison Type [CONTAINS]. Validation Type [POSITIVE]. @03-11-2021 22:03:28.0519 PM
[ReportManager] Successfully created attachment [Screenshot - 1635977008350_uploadFile_visibleUploadInput_ValidateElementAttribute_passed] @03-11-2021 22:03:28.0532 P
[ReportManager] Browser Action [CloseCurrentWindow] successfully performed. @03-11-2021 22:03:28.0620 PM
[ReportManager] Successfully created attachment [Browser Action Test Data - CloseCurrentWindow - Actual Value] @03-11-2021 22:03:28.0626 P

################################################################################################################################################
Starting Execution:	[71 out of 145] test cases in the current suite
Test Method:		[testPackage01.Test_AssertApiResponseEquals.assertApiResponseEquals_expectedToPass]
################################################################################################################################################
[ReportManager] Response status code: [200], status line: [HTTP/1.1 200 OK] @03-11-2021 22:03:28.0794 PM
[ReportManager] Assertion Passed: Evaluating the actual response status code against the expected one... @03-11-2021 22:03:28.0794 PM
[ReportManager] Assertion [ValidateComparativeRelation] PASSED. Expected [200] and Actual [200]. Comparison Type [EQUALS]. Validation Type [POSITIVE]. @03-11-2021 22:03:28.0794 PM
[ReportManager] API Action [PerformRequest] successfully performed. With the following test data [Request Type: "GET" | Target Status Code: "200" | Service URL: "https://jsonplaceholder.typicode.com/users" | Content Type: "*/*" | Response Time: "127ms"]. @03-11-2021 22:03:28.0827 PM
[ReportManager] Successfully created attachment [API Request - Specifications] @03-11-2021 22:03:28.0833 PM
[ReportManager] Successfully created attachment [API Response - JSON Body] @03-11-2021 22:03:28.0840 PM
[ReportManager] API Action [GetResponseJSONValueAsList] successfully performed. With the following test data [$]. @03-11-2021 22:03:28.0852 PM
[ReportManager] API Action [GetResponseJSONValue] successfully performed. With the following test data [name]. @03-11-2021 22:03:28.0870 PM
[ReportManager] API Action [GetResponseJSONValue] successfully performed. With the following test data [email]. @03-11-2021 22:03:28.0889 PM
[ReportManager] Verification [ValidateEquals] PASSED. Expected [Sincere@april.biz] and Actual [Sincere@april.biz]. Comparison Type [EQUALS]. Validation Type [POSITIVE]. @03-11-2021 22:03:28.0890 PM
[ReportManager] API Action [GetResponseJSONValue] successfully performed. With the following test data [username]. @03-11-2021 22:03:28.0923 PM
[ReportManager] Assertion [ValidateEquals] PASSED. Expected [Bret] and Actual [Bret]. Comparison Type [EQUALS]. Validation Type [POSITIVE]. @03-11-2021 22:03:28.0924 PM
[ReportManager] API Action [GetResponseJSONValue] successfully performed. With the following test data [name]. @03-11-2021 22:03:28.0940 PM
[ReportManager] API Action [GetResponseJSONValue] successfully performed. With the following test data [name]. @03-11-2021 22:03:28.0957 PM
[ReportManager] API Action [GetResponseJSONValue] successfully performed. With the following test data [name]. @03-11-2021 22:03:28.0977 PM
[ReportManager] API Action [GetResponseJSONValue] successfully performed. With the following test data [name]. @03-11-2021 22:03:28.0992 PM
[ReportManager] API Action [GetResponseJSONValue] successfully performed. With the following test data [name]. @03-11-2021 22:03:29.0007 PM
[ReportManager] API Action [GetResponseJSONValue] successfully performed. With the following test data [name]. @03-11-2021 22:03:29.0022 PM
[ReportManager] API Action [GetResponseJSONValue] successfully performed. With the following test data [name]. @03-11-2021 22:03:29.0037 PM
[ReportManager] API Action [GetResponseJSONValue] successfully performed. With the following test data [name]. @03-11-2021 22:03:29.0070 PM
[ReportManager] API Action [GetResponseJSONValue] successfully performed. With the following test data [name]. @03-11-2021 22:03:29.0103 P

################################################################################################################################################
Starting Execution:	[72 out of 145] test cases in the current suite
Test Method:		[testPackage01.Test_testData.f]
################################################################################################################################################
[ReportManager] Successfully loaded the following test data file [src/test/resources/TestDataFiles/testSuite01/TestData.xlsx]. @03-11-2021 22:03:29.0218 PM
[ReportManager] Successfully created attachment [Test Data - Excel] @03-11-2021 22:03:29.0224 PM
[ReportManager] Last Column Number is: [3]. Zero-based. @03-11-2021 22:03:29.0225 P

################################################################################################################################################
Starting Execution:	[73 out of 145] test cases in the current suite
Test Method:		[testPackage01.Test_PDF.testPDF1]
################################################################################################################################################
[ReportManager] File Action [DoesFileExist] successfully performed. With the following test data [File Path: "src/test/resources/TestDataFiles/sample.pdf"]. @03-11-2021 22:03:29.0246 PM
[ReportManager] File Action [GetAbsolutePath] successfully performed. With the following test data [Relative Folder Path: "src/test/resources/TestDataFiles/sample.pdf"]. @03-11-2021 22:03:29.0247 PM
[ReportManager] Assertion Passed: Checking to see that the pdf file contains [A Simple PDF File] @03-11-2021 22:03:46.0159 PM
[ReportManager] Successfully created attachment [Validation Test Data - Expected Value] @03-11-2021 22:03:46.0167 PM
[ReportManager] Successfully created attachment [Validation Test Data - Actual Value] @03-11-2021 22:03:46.0173 PM
[ReportManager] Assertion [ValidateEquals] PASSED. Expected and Actual values are attached. Comparison Type [CONTAINS]. Validation Type [POSITIVE]. @03-11-2021 22:03:46.0173 P

################################################################################################################################################
Starting Execution:	[74 out of 145] test cases in the current suite
Test Method:		[testPackage01.Test_PDF.testPDF2]
################################################################################################################################################
[ReportManager] File Action [DoesFileExist] successfully performed. With the following test data [File Path: "src/test/resources/TestDataFiles/sample.pdf"]. @03-11-2021 22:03:46.0193 PM
[ReportManager] File Action [GetAbsolutePath] successfully performed. With the following test data [Relative Folder Path: "src/test/resources/TestDataFiles/sample.pdf"]. @03-11-2021 22:03:46.0194 PM
[ReportManager] Assertion Passed: Checking to see that the pdf file contains [A Simple PDF File] @03-11-2021 22:03:46.0215 PM
[ReportManager] Successfully created attachment [Validation Test Data - Expected Value] @03-11-2021 22:03:46.0222 PM
[ReportManager] Successfully created attachment [Validation Test Data - Actual Value] @03-11-2021 22:03:46.0228 PM
[ReportManager] Assertion [ValidateEquals] PASSED. Expected and Actual values are attached. Comparison Type [CONTAINS]. Validation Type [POSITIVE]. @03-11-2021 22:03:46.0228 P
[ReportManager] File Action [GetAbsolutePath] successfully performed. With the following test data [Relative Folder Path: "target/downloadedFiles/"]. @03-11-2021 22:03:46.0241 PM
[ReportManager] Attempting to run locally on: [Mac-64], [Safari], Headless Execution. @03-11-2021 22:03:46.0241 PM
[ReportManager] Successfully Opened Safari. @03-11-2021 22:03:47.0074 PM
[ReportManager] Initial window size: (800, 600) @03-11-2021 22:03:47.0102 PM
[ReportManager] Window size after SWD Maximize: (1176, 811) @03-11-2021 22:03:47.0136 PM
[ReportManager] Browser Action [MaximizeWindow] successfully performed. With the following test data [New screen size is now: (1176, 811)]. @03-11-2021 22:03:47.0137 P

################################################################################################################################################
Starting Execution:	[75 out of 145] test cases in the current suite
Test Method:		[testPackage01.Test_ShadowDOM.shadowdom]
################################################################################################################################################
[ReportManager] Target URL: [https://mdn.github.io/web-components-examples/popup-info-box-web-component/] @03-11-2021 22:03:47.0187 PM
[ReportManager] Initial URL: [] @03-11-2021 22:03:47.0265 PM
[ReportManager] Browser Action [NavigateToURL] successfully performed. With the following test data [https://mdn.github.io/web-components-examples/popup-info-box-web-component/]. @03-11-2021 22:03:47.0596 PM
[ReportManager] Element Action [Type] successfully performed. With the following test data [Typing into SHADOW DOM...]. @03-11-2021 22:03:48.0564 PM
[ReportManager] Element Action [GetText] successfully performed. With the following test data [Typing into SHADOW DOM...]. @03-11-2021 22:03:48.0612 PM
[ReportManager] Loaded Shared OpenCV @03-11-2021 22:03:48.0658 PM
[ReportManager] Assertion [ValidateElementAttribute] PASSED. Expected [Value Should be 'Typing into SHADOW DOM...' for the 'Text' attribute, element locator 'By.id: cvc'] and Actual [Typing into SHADOW DOM...]. Comparison Type [EQUALS]. Validation Type [POSITIVE]. @03-11-2021 22:03:48.0789 PM
[ReportManager] Successfully created attachment [Screenshot - 1635977028658_shadowdom_ValidateElementAttribute_passed] @03-11-2021 22:03:48.0801 P
[ReportManager] Browser Action [CloseCurrentWindow] successfully performed. @03-11-2021 22:03:49.0221 PM
[ReportManager] Successfully created attachment [Browser Action Test Data - CloseCurrentWindow - Actual Value] @03-11-2021 22:03:49.0227 P
[ReportManager] File Action [GetAbsolutePath] successfully performed. With the following test data [Relative Folder Path: "target/downloadedFiles/"]. @03-11-2021 22:03:49.0246 PM
[ReportManager] Attempting to run locally on: [Mac-64], [Safari], Headless Execution. @03-11-2021 22:03:49.0246 PM
[ReportManager] Successfully Opened Safari. @03-11-2021 22:03:50.0435 PM
[ReportManager] Initial window size: (800, 600) @03-11-2021 22:03:50.0450 PM
[ReportManager] Window size after SWD Maximize: (1176, 811) @03-11-2021 22:03:50.0474 PM
[ReportManager] Browser Action [MaximizeWindow] successfully performed. With the following test data [New screen size is now: (1176, 811)]. @03-11-2021 22:03:50.0474 P

################################################################################################################################################
Starting Execution:	[76 out of 145] test cases in the current suite
Test Method:		[testPackage01.Test_clipboardActions.typeTextAndCopyPaste]
################################################################################################################################################
[ReportManager] Target URL: [https://www.google.com/ncr], and after redirection: [https://www.google.com] @03-11-2021 22:03:50.0482 PM
[ReportManager] Initial URL: [] @03-11-2021 22:03:50.0545 PM
[ReportManager] Browser Action [NavigateToURL] successfully performed. With the following test data [https://www.google.com/ncr]. @03-11-2021 22:03:52.0019 PM
[ReportManager] Element Action [Type] successfully performed. With the following test data [FIRST]. @03-11-2021 22:03:52.0383 P
[ReportManager] Browser Action [CloseCurrentWindow] successfully performed. @03-11-2021 22:03:52.0734 PM
[ReportManager] Successfully created attachment [Browser Action Test Data - CloseCurrentWindow - Actual Value] @03-11-2021 22:03:52.0740 P

################################################################################################################################################
Starting Execution:	[77 out of 145] test cases in the current suite
Test Method:		[testPackage01.Test_NewValidationHelper.f1]
################################################################################################################################################
[ReportManager] Assertion Passed: Checking valid user data @03-11-2021 22:03:52.0749 PM
[ReportManager] Successfully created attachment [Validation Test Data - Expected Value] @03-11-2021 22:03:52.0762 PM
[ReportManager] Successfully created attachment [Validation Test Data - Actual Value] @03-11-2021 22:03:52.0767 PM
[ReportManager] Assertion [ValidateEquals] PASSED. Expected and Actual values are attached. Comparison Type [EQUALS]. Validation Type [POSITIVE]. @03-11-2021 22:03:52.0767 P
[ReportManager] File Action [GetAbsolutePath] successfully performed. With the following test data [Relative Folder Path: "target/downloadedFiles/"]. @03-11-2021 22:03:52.0787 PM
[ReportManager] Attempting to run locally on: [Mac-64], [Safari], Headless Execution. @03-11-2021 22:03:52.0787 PM
[ReportManager] Successfully Opened Safari. @03-11-2021 22:03:53.0598 PM
[ReportManager] Initial window size: (800, 600) @03-11-2021 22:03:53.0620 PM
[ReportManager] Window size after SWD Maximize: (1176, 811) @03-11-2021 22:03:53.0653 PM
[ReportManager] Browser Action [MaximizeWindow] successfully performed. With the following test data [New screen size is now: (1176, 811)]. @03-11-2021 22:03:53.0654 PM
[ReportManager] Target URL: [https://the-internet.herokuapp.com/] @03-11-2021 22:03:53.0654 PM
[ReportManager] Initial URL: [] @03-11-2021 22:03:53.0727 PM
[ReportManager] Browser Action [NavigateToURL] successfully performed. With the following test data [https://the-internet.herokuapp.com/]. @03-11-2021 22:03:54.0251 P

################################################################################################################################################
Starting Execution:	[78 out of 145] test cases in the current suite
Test Method:		[testPackage01.Test_NewValidationHelper.f10]
################################################################################################################################################
[ReportManager] Assertion [ValidateElementExists] FAILED. Expected [Element Should Exist, locator 'By.tagName: div'] and Actual [Element Exists but is not unique]. Comparison Type [EQUALS]. Validation Type [POSITIVE]. @03-11-2021 22:03:54.0479 PM
[ReportManager] Successfully created attachment [Screenshot - 1635977034351_f10_ValidateElementExists_failed] @03-11-2021 22:03:54.0491 P



################################################################################################################################################
Starting Execution:	[79 out of 145] test cases in the current suite
Test Method:		[testPackage01.Test_NewValidationHelper.f11]
###############################################################################################################################################



################################################################################################################################################
Starting Execution:	[80 out of 145] test cases in the current suite
Test Method:		[testPackage01.Test_NewValidationHelper.f12]
###############################################################################################################################################



################################################################################################################################################
Starting Execution:	[81 out of 145] test cases in the current suite
Test Method:		[testPackage01.Test_NewValidationHelper.f13]
###############################################################################################################################################



################################################################################################################################################
Starting Execution:	[82 out of 145] test cases in the current suite
Test Method:		[testPackage01.Test_NewValidationHelper.f14]
###############################################################################################################################################



################################################################################################################################################
Starting Execution:	[83 out of 145] test cases in the current suite
Test Method:		[testPackage01.Test_NewValidationHelper.f15]
###############################################################################################################################################



################################################################################################################################################
Starting Execution:	[84 out of 145] test cases in the current suite
Test Method:		[testPackage01.Test_NewValidationHelper.f16]
###############################################################################################################################################



################################################################################################################################################
Starting Execution:	[85 out of 145] test cases in the current suite
Test Method:		[testPackage01.Test_NewValidationHelper.f17]
###############################################################################################################################################



################################################################################################################################################
Starting Execution:	[86 out of 145] test cases in the current suite
Test Method:		[testPackage01.Test_NewValidationHelper.f18]
###############################################################################################################################################


################################################################################################################################################
Starting Execution:	[87 out of 145] test cases in the current suite
Test Method:		[testPackage01.Test_NewValidationHelper.f2]
###############################################################################################################################################


################################################################################################################################################
Starting Execution:	[88 out of 145] test cases in the current suite
Test Method:		[testPackage01.Test_NewValidationHelper.f20]
###############################################################################################################################################



################################################################################################################################################
Starting Execution:	[89 out of 145] test cases in the current suite
Test Method:		[testPackage01.Test_NewValidationHelper.f21]
###############################################################################################################################################



################################################################################################################################################
Starting Execution:	[90 out of 145] test cases in the current suite
Test Method:		[testPackage01.Test_NewValidationHelper.f22]
###############################################################################################################################################


################################################################################################################################################
Starting Execution:	[91 out of 145] test cases in the current suite
Test Method:		[testPackage01.Test_NewValidationHelper.f23]
###############################################################################################################################################

################################################################################################################################################
Starting Execution:	[92 out of 145] test cases in the current suite
Test Method:		[testPackage01.Test_NewValidationHelper.f24]
###############################################################################################################################################

################################################################################################################################################
Starting Execution:	[93 out of 145] test cases in the current suite
Test Method:		[testPackage01.Test_NewValidationHelper.f25]
###############################################################################################################################################

################################################################################################################################################
Starting Execution:	[94 out of 145] test cases in the current suite
Test Method:		[testPackage01.Test_NewValidationHelper.f26]
###############################################################################################################################################

################################################################################################################################################
Starting Execution:	[95 out of 145] test cases in the current suite
Test Method:		[testPackage01.Test_NewValidationHelper.f27]
###############################################################################################################################################

################################################################################################################################################
Starting Execution:	[96 out of 145] test cases in the current suite
Test Method:		[testPackage01.Test_NewValidationHelper.f28]
###############################################################################################################################################

################################################################################################################################################
Starting Execution:	[97 out of 145] test cases in the current suite
Test Method:		[testPackage01.Test_NewValidationHelper.f29]
###############################################################################################################################################

################################################################################################################################################
Starting Execution:	[98 out of 145] test cases in the current suite
Test Method:		[testPackage01.Test_NewValidationHelper.f3]
###############################################################################################################################################

################################################################################################################################################
Starting Execution:	[99 out of 145] test cases in the current suite
Test Method:		[testPackage01.Test_NewValidationHelper.f30]
###############################################################################################################################################

################################################################################################################################################
Starting Execution:	[100 out of 145] test cases in the current suite
Test Method:		[testPackage01.Test_NewValidationHelper.f31]
###############################################################################################################################################

################################################################################################################################################
Starting Execution:	[101 out of 145] test cases in the current suite
Test Method:		[testPackage01.Test_NewValidationHelper.f32]
###############################################################################################################################################

################################################################################################################################################
Starting Execution:	[102 out of 145] test cases in the current suite
Test Method:		[testPackage01.Test_NewValidationHelper.f33]
###############################################################################################################################################

################################################################################################################################################
Starting Execution:	[103 out of 145] test cases in the current suite
Test Method:		[testPackage01.Test_NewValidationHelper.f34]
###############################################################################################################################################

################################################################################################################################################
Starting Execution:	[104 out of 145] test cases in the current suite
Test Method:		[testPackage01.Test_NewValidationHelper.f35]
###############################################################################################################################################

################################################################################################################################################
Starting Execution:	[105 out of 145] test cases in the current suite
Test Method:		[testPackage01.Test_NewValidationHelper.f36]
###############################################################################################################################################

################################################################################################################################################
Starting Execution:	[106 out of 145] test cases in the current suite
Test Method:		[testPackage01.Test_NewValidationHelper.f37]
###############################################################################################################################################

################################################################################################################################################
Starting Execution:	[107 out of 145] test cases in the current suite
Test Method:		[testPackage01.Test_NewValidationHelper.f3_1]
###############################################################################################################################################

################################################################################################################################################
Starting Execution:	[108 out of 145] test cases in the current suite
Test Method:		[testPackage01.Test_NewValidationHelper.f4]
###############################################################################################################################################

################################################################################################################################################
Starting Execution:	[109 out of 145] test cases in the current suite
Test Method:		[testPackage01.Test_NewValidationHelper.f5]
###############################################################################################################################################

################################################################################################################################################
Starting Execution:	[110 out of 145] test cases in the current suite
Test Method:		[testPackage01.Test_NewValidationHelper.f6]
###############################################################################################################################################

################################################################################################################################################
Starting Execution:	[111 out of 145] test cases in the current suite
Test Method:		[testPackage01.Test_NewValidationHelper.f6_1]
###############################################################################################################################################

################################################################################################################################################
Starting Execution:	[112 out of 145] test cases in the current suite
Test Method:		[testPackage01.Test_NewValidationHelper.f6_2]
###############################################################################################################################################

################################################################################################################################################
Starting Execution:	[113 out of 145] test cases in the current suite
Test Method:		[testPackage01.Test_NewValidationHelper.f7]
###############################################################################################################################################


################################################################################################################################################
Starting Execution:	[114 out of 145] test cases in the current suite
Test Method:		[testPackage01.Test_NewValidationHelper.f8]
###############################################################################################################################################



################################################################################################################################################
Starting Execution:	[115 out of 145] test cases in the current suite
Test Method:		[testPackage01.Test_NewValidationHelper.f9]
###############################################################################################################################################


################################################################################################################################################
Starting Execution:	[116 out of 145] test cases in the current suite
Test Method:		[testPackage01.Test_NewValidationHelper.forceFail]
###############################################################################################################################################

################################################################################################################################################
Starting Execution:	[117 out of 145] test cases in the current suite
Test Method:		[testPackage01.Test_NewValidationHelper.forceFail2]
###############################################################################################################################################

################################################################################################################################################
Starting Execution:	[118 out of 145] test cases in the current suite
Test Method:		[testPackage01.Test_JsonActions.f]
###############################################################################################################################################

################################################################################################################################################
Starting Execution:	[119 out of 145] test cases in the current suite
Test Method:		[testPackage01.Test_JsonActions.f2]
###############################################################################################################################################

################################################################################################################################################
Starting Execution:	[120 out of 145] test cases in the current suite
Test Method:		[testPackage01.Test_sendGraphqlRequest.sendGraphqlRequestUsingMutationAndVariables]
################################################################################################################################################
[ReportManager] GraphQl Request is being Performed with the Following Parameters [Service URL: https://api.spacex.land/graphql | Request Body: {"variables":"{\"name\": \"sherlock holmes\",\"rocket\": \"221B Baker Street\"}","query":"mutation ($name: String, $rocket: String) {\n  insert_users(objects: {name: $name, rocket: $rocket}) {\n    returning {\n      name\n      rocket\n    }\n  }\n}"}] @03-11-2021 22:03:55.0749 PM
[ReportManager] Response status code: [200], status line: [HTTP/1.1 200 OK] @03-11-2021 22:03:55.0981 PM
[ReportManager] Assertion Passed: Evaluating the actual response status code against the expected one... @03-11-2021 22:03:55.0981 PM
[ReportManager] Assertion [ValidateComparativeRelation] PASSED. Expected [200] and Actual [200]. Comparison Type [EQUALS]. Validation Type [POSITIVE]. @03-11-2021 22:03:55.0981 PM
[ReportManager] API Action [PerformRequest] successfully performed. With the following test data [Request Type: "POST" | Target Status Code: "200" | Service URL: "https://api.spacex.land/graphql" | Content Type: "application/json" | Response Time: "150ms"]. @03-11-2021 22:03:56.0007 PM
[ReportManager] Successfully created attachment [API Request - Specifications] @03-11-2021 22:03:56.0013 PM
[ReportManager] Successfully created attachment [API Request - JSON Body] @03-11-2021 22:03:56.0020 PM
[ReportManager] Successfully created attachment [API Response - JSON Body] @03-11-2021 22:03:56.0026 PM
[ReportManager] API Action [GetResponseJSONValue] successfully performed. With the following test data [data.insert_users.returning[0].name]. @03-11-2021 22:03:56.0073 PM
[ReportManager] Assertion [ValidateEquals] PASSED. Expected [sherlock holmes] and Actual [sherlock holmes]. Comparison Type [EQUALS]. Validation Type [POSITIVE]. @03-11-2021 22:03:56.0074 P

################################################################################################################################################
Starting Execution:	[121 out of 145] test cases in the current suite
Test Method:		[testPackage01.Test_sendGraphqlRequest.sendGraphqlRequestUsingQuery]
################################################################################################################################################
[ReportManager] GraphQl Request is being Performed with the Following Parameters [Service URL: https://api.spacex.land/graphql | Request Body: {"query":"{company {ceo}}"}] @03-11-2021 22:03:56.0088 PM
[ReportManager] Response status code: [200], status line: [HTTP/1.1 200 OK] @03-11-2021 22:03:56.0189 PM
[ReportManager] Assertion Passed: Evaluating the actual response status code against the expected one... @03-11-2021 22:03:56.0189 PM
[ReportManager] Assertion [ValidateComparativeRelation] PASSED. Expected [200] and Actual [200]. Comparison Type [EQUALS]. Validation Type [POSITIVE]. @03-11-2021 22:03:56.0189 PM
[ReportManager] API Action [PerformRequest] successfully performed. With the following test data [Request Type: "POST" | Target Status Code: "200" | Service URL: "https://api.spacex.land/graphql" | Content Type: "application/json" | Response Time: "96ms"]. @03-11-2021 22:03:56.0201 PM
[ReportManager] Successfully created attachment [API Request - Specifications] @03-11-2021 22:03:56.0208 PM
[ReportManager] Successfully created attachment [API Request - JSON Body] @03-11-2021 22:03:56.0215 PM
[ReportManager] Successfully created attachment [API Response - JSON Body] @03-11-2021 22:03:56.0221 PM
[ReportManager] API Action [GetResponseJSONValue] successfully performed. With the following test data [data.company.ceo]. @03-11-2021 22:03:56.0232 PM
[ReportManager] Assertion [ValidateEquals] PASSED. Expected [Elon Musk] and Actual [Elon Musk]. Comparison Type [EQUALS]. Validation Type [POSITIVE]. @03-11-2021 22:03:56.0233 P

################################################################################################################################################
Starting Execution:	[122 out of 145] test cases in the current suite
Test Method:		[testPackage01.Test_MatchJsonSchema.checkAPI_ResponseSchema]
################################################################################################################################################
[ReportManager] Response status code: [200], status line: [HTTP/1.1 200 OK] @03-11-2021 22:03:56.0341 PM
[ReportManager] Assertion Passed: Evaluating the actual response status code against the expected one... @03-11-2021 22:03:56.0341 PM
[ReportManager] Assertion [ValidateComparativeRelation] PASSED. Expected [200] and Actual [200]. Comparison Type [EQUALS]. Validation Type [POSITIVE]. @03-11-2021 22:03:56.0341 PM
[ReportManager] API Action [PerformRequest] successfully performed. With the following test data [Request Type: "GET" | Target Status Code: "200" | Service URL: "http://api.zippopotam.us/us/90210" | Content Type: "*/*" | Response Time: "85ms"]. @03-11-2021 22:03:56.0353 PM
[ReportManager] Successfully created attachment [API Request - Specifications] @03-11-2021 22:03:56.0360 PM
[ReportManager] Successfully created attachment [API Response - JSON Body] @03-11-2021 22:03:56.0366 PM
[ReportManager] File Action [GetAbsolutePath] successfully performed. With the following test data [Relative Folder Path: "src/test/resources/testDataFiles/schema.json"]. @03-11-2021 22:03:56.0367 PM
[ReportManager] File Action [GetAbsolutePath] successfully performed. With the following test data [Relative Folder Path: "/Users/runner/work/SHAFT_ENGINE/SHAFT_ENGINE/src/test/resources/testDataFiles/schema.json"]. @03-11-2021 22:03:56.0966 PM
[ReportManager] File Action [ReadFromFile] successfully performed. With the following test data [File Path: "/Users/runner/work/SHAFT_ENGINE/SHAFT_ENGINE/src/test/resources/testDataFiles/schema.json"]. @03-11-2021 22:03:56.0966 PM
[ReportManager] Assertion Passed: Then I Assert that the API response schema matches that in this file [src/test/resources/testDataFiles/schema.json]. @03-11-2021 22:03:56.0967 PM
[ReportManager] Successfully created attachment [Validation Test Data - Expected JSON Value] @03-11-2021 22:03:56.0974 PM
[ReportManager] Successfully created attachment [Validation Test Data - Actual JSON Value] @03-11-2021 22:03:56.0981 PM
[ReportManager] Assertion [ValidateResponseFileSchema] PASSED. Expected [Response data should match the JSON File in this path '/Users/runner/work/SHAFT_ENGINE/SHAFT_ENGINE/src/test/resources/testDataFiles/schema.json'] and Actual [TRUE]. Comparison Type [EQUALS]. Validation Type [POSITIVE]. @03-11-2021 22:03:56.0981 P
[ReportManager] File Action [GetAbsolutePath] successfully performed. With the following test data [Relative Folder Path: "target/downloadedFiles/"]. @03-11-2021 22:03:56.0995 PM
[ReportManager] Attempting to run locally on: [Mac-64], [Safari], Headless Execution. @03-11-2021 22:03:56.0995 PM
[ReportManager] Successfully Opened Safari. @03-11-2021 22:03:57.0816 PM
[ReportManager] Initial window size: (800, 600) @03-11-2021 22:03:57.0821 PM
[ReportManager] Window size after SWD Maximize: (1176, 811) @03-11-2021 22:03:57.0836 PM
[ReportManager] Browser Action [MaximizeWindow] successfully performed. With the following test data [New screen size is now: (1176, 811)]. @03-11-2021 22:03:57.0836 P

################################################################################################################################################
Starting Execution:	[123 out of 145] test cases in the current suite
Test Method:		[testPackage01.Test_dragAndDrop.dragAndDropJquery]
################################################################################################################################################
[ReportManager] Target URL: [https://jqueryui.com/resources/demos/droppable/default.html] @03-11-2021 22:03:57.0857 PM
[ReportManager] Initial URL: [] @03-11-2021 22:03:57.0887 PM
[ReportManager] Browser Action [NavigateToURL] successfully performed. With the following test data [https://jqueryui.com/resources/demos/droppable/default.html]. @03-11-2021 22:03:58.0301 PM
[ReportManager] Element Action [GetText] successfully performed. With the following test data [
	Drop here
]. @03-11-2021 22:03:58.0339 PM
[ReportManager] Element Action [DragAndDrop] successfully performed. With the following test data [Start point: (8, 18), End point: (8, 18)]. @03-11-2021 22:03:59.0589 PM
[ReportManager] Element Action [GetText] successfully performed. With the following test data [
	Dropped!
]. @03-11-2021 22:03:59.0615 PM
[ReportManager] Assertion Passed: Checking to see if the text has changed after performing drag and drop @03-11-2021 22:03:59.0615 PM
[ReportManager] Assertion [ValidateEquals] PASSED. Expected [
	Drop here
] and Actual [
	Dropped!
]. Comparison Type [EQUALS]. Validation Type [NEGATIVE]. @03-11-2021 22:03:59.0615 P
[ReportManager] Browser Action [CloseCurrentWindow] successfully performed. @03-11-2021 22:04:00.0066 PM
[ReportManager] Successfully created attachment [Browser Action Test Data - CloseCurrentWindow - Actual Value] @03-11-2021 22:04:00.0067 P
[ReportManager] File Action [GetAbsolutePath] successfully performed. With the following test data [Relative Folder Path: "target/downloadedFiles/"]. @03-11-2021 22:04:00.0069 PM
[ReportManager] Attempting to run locally on: [Mac-64], [Safari], Headless Execution. @03-11-2021 22:04:00.0069 P

################################################################################################################################################
Starting Execution:	[124 out of 145] test cases in the current suite
Test Method:		[testPackage01.Test_dragAndDrop.dragAndDrop]
Test Description:	[TC001 - Test Drag and Drop function.]
###############################################################################################################################################



################################################################################################################################################
Starting Execution:	[125 out of 145] test cases in the current suite
Test Method:		[testPackage01.Test_dragAndDrop.dragAndDropByOffset]
Test Description:	[TC002 - Test Drag and Drop by offset function.]
###############################################################################################################################################

[ReportManager] Successfully loaded the following test data file [src/test/resources/TestDataFiles/testSuite01/TestData.xlsx]. @03-11-2021 22:04:00.0218 PM
[ReportManager] Successfully created attachment [Test Data - Excel] @03-11-2021 22:04:00.0224 PM
[ReportManager] File Action [GetAbsolutePath] successfully performed. With the following test data [Relative Folder Path: "target/downloadedFiles/"]. @03-11-2021 22:04:00.0225 PM
[ReportManager] Attempting to run locally on: [Mac-64], [Safari], Headless Execution. @03-11-2021 22:04:00.0225 PM
[ReportManager] Successfully Opened Safari. @03-11-2021 22:04:01.0102 PM
[ReportManager] Initial window size: (800, 600) @03-11-2021 22:04:01.0127 PM
[ReportManager] Window size after SWD Maximize: (1176, 811) @03-11-2021 22:04:01.0153 PM
[ReportManager] Browser Action [MaximizeWindow] successfully performed. With the following test data [New screen size is now: (1176, 811)]. @03-11-2021 22:04:01.0153 P

################################################################################################################################################
Starting Execution:	[126 out of 145] test cases in the current suite
Test Method:		[testPackage01.Test_google.navigateToURLandVerifyGoogleLogoIsDisplayed]
Test Description:	[TC001 - Navigate to URL and Verify Google Logo is Displayed]
################################################################################################################################################
[ReportManager] Target URL: [https://www.google.com/ncr], and after redirection: [https://www.google.com] @03-11-2021 22:04:01.0164 PM
[ReportManager] Initial URL: [] @03-11-2021 22:04:01.0242 PM
[ReportManager] Browser Action [NavigateToURL] successfully performed. With the following test data [https://www.google.com/ncr]. @03-11-2021 22:04:02.0173 PM
[ReportManager] Loaded Shared OpenCV @03-11-2021 22:04:02.0238 PM
[ReportManager] Assertion Passed: Then I Assert that the element found by [By.xpath: //*[@id='hplogo' or @alt='Google']] exists. @03-11-2021 22:04:02.0367 PM
[ReportManager] Successfully created attachment [Screenshot - 1635977042237_navigateToURLandVerifyGoogleLogoIsDisplayed_ValidateElementExists_passed] @03-11-2021 22:04:02.0375 PM
[ReportManager] Assertion [ValidateElementExists] PASSED. Expected [Element Should Exist, locator 'By.xpath: //*[@id='hplogo' or @alt='Google']'] and Actual [Element Exists]. Comparison Type [EQUALS]. Validation Type [POSITIVE]. @03-11-2021 22:04:02.0375 P

################################################################################################################################################
Starting Execution:	[127 out of 145] test cases in the current suite
Test Method:		[testPackage01.Test_google.searchForQueryandAssertResultsNumDisplayed]
Test Description:	[TC002 - Search for Query and Assert that the number of results is displayed]
################################################################################################################################################
[ReportManager] Element Action [Type] successfully performed. With the following test data [SHAFT_Engine]. @03-11-2021 22:04:02.0839 PM
[ReportManager] Element Action [KeyPress] successfully performed. With the following test data [Enter]. @03-11-2021 22:04:02.0931 P

################################################################################################################################################
Starting Execution:	[128 out of 145] test cases in the current suite
Test Method:		[testPackage01.Test_google.clickNextThrice]
Test Description:	[TC003 - Clicks the next button to make sure that the framework can scroll element into view before clicking it]
###############################################################################################################################################
[ReportManager] Browser Action [CloseCurrentWindow] successfully performed. @03-11-2021 22:04:04.0772 PM
[ReportManager] Successfully created attachment [Browser Action Test Data - CloseCurrentWindow - Actual Value] @03-11-2021 22:04:04.0783 P

################################################################################################################################################
Starting Execution:	[129 out of 145] test cases in the current suite
Test Method:		[testPackage01.Test_chainableElementActions.chainElementActions]
################################################################################################################################################
[ReportManager] File Action [GetAbsolutePath] successfully performed. With the following test data [Relative Folder Path: "target/downloadedFiles/"]. @03-11-2021 22:04:04.0791 PM
[ReportManager] Attempting to run locally on: [Mac-64], [GoogleChrome], Headless Execution. @03-11-2021 22:04:04.0792 PM
[ReportManager] Identifying OS/Driver combination and selecting the correct driver version automatically. Please note that if a new driver executable will be downloaded it may take some time... @03-11-2021 22:04:04.0792 PM
[ReportManager] Successfully Opened Google Chrome. @03-11-2021 22:04:08.0749 PM
[ReportManager] Initial window size: (1920, 1080) @03-11-2021 22:04:08.0753 PM
[ReportManager] Window size after SWD Maximize: (1920, 1080) @03-11-2021 22:04:08.0862 PM
[ReportManager] Window size after Toolkit: (1920, 1080) @03-11-2021 22:04:09.0316 PM
[ReportManager] Browser Action [MaximizeWindow] successfully performed. With the following test data [New screen size is now: (1920, 1080)]. @03-11-2021 22:04:09.0319 PM
[ReportManager] Target URL: [https://www.google.com/ncr], and after redirection: [https://www.google.com] @03-11-2021 22:04:09.0319 PM
[ReportManager] Initial URL: [data:,] @03-11-2021 22:04:09.0348 PM
[ReportManager] Browser Action [NavigateToURL] successfully performed. With the following test data [https://www.google.com/ncr]. @03-11-2021 22:04:10.0494 PM
[ReportManager] Element Action [Type] successfully performed. With the following test data [chained type 1]. @03-11-2021 22:04:11.0059 PM
[ReportManager] Element Action [Type] successfully performed. With the following test data [chained type 2]. @03-11-2021 22:04:11.0377 PM
[ReportManager] Element Action [TypeAppend] successfully performed. With the following test data [345]. @03-11-2021 22:04:11.0461 PM
[ReportManager] Element Action [GetText] successfully performed. With the following test data [chained type 2345]. @03-11-2021 22:04:11.0553 PM
[ReportManager] Loaded Shared OpenCV @03-11-2021 22:04:11.0839 PM
[ReportManager] Assertion [ValidateElementAttribute] PASSED. Expected [Value Should be 'chained type 2345' for the 'text' attribute, element locator 'By.name: q'] and Actual [chained type 2345]. Comparison Type [EQUALS]. Validation Type [POSITIVE]. @03-11-2021 22:04:12.0087 PM
[ReportManager] Successfully created attachment [Screenshot - 1635977051839_chainElementActions_ValidateElementAttribute_passed] @03-11-2021 22:04:12.0106 PM
[ReportManager] Browser Action [CloseCurrentWindow] successfully performed. @03-11-2021 22:04:12.0322 PM
[ReportManager] Successfully created attachment [Browser Action Test Data - CloseCurrentWindow - Actual Value] @03-11-2021 22:04:12.0346 P

################################################################################################################################################
Starting Execution:	[130 out of 145] test cases in the current suite
Test Method:		[testPackage01.Test_JsonCompareWithSpecialCharacters.specialCharacters]
################################################################################################################################################
[ReportManager] File Action [GetAbsolutePath] successfully performed. With the following test data [Relative Folder Path: "src/test/resources/testDataFiles/specialCharacters.json"]. @03-11-2021 22:04:12.0384 PM
[ReportManager] File Action [ReadFromFile] successfully performed. With the following test data [File Path: "/Users/runner/work/SHAFT_ENGINE/SHAFT_ENGINE/src/test/resources/testDataFiles/specialCharacters.json"]. @03-11-2021 22:04:12.0385 PM
[ReportManager] Successfully created attachment [File Action Actual Result - Command Log] @03-11-2021 22:04:12.0397 PM
[ReportManager] Comparing the provided API response with the file at this path "src/test/resources/testDataFiles/specialCharacters.json", comparison type "EQUALS" @03-11-2021 22:04:12.0398 PM
[ReportManager] API Action [CompareJSON] successfully performed. With the following test data [src/test/resources/testDataFiles/specialCharacters.json]. @03-11-2021 22:04:12.0407 PM
[ReportManager] File Action [GetAbsolutePath] successfully performed. With the following test data [Relative Folder Path: "src/test/resources/testDataFiles/specialCharacters.json"]. @03-11-2021 22:04:12.0407 PM
[ReportManager] File Action [ReadFromFile] successfully performed. With the following test data [File Path: "/Users/runner/work/SHAFT_ENGINE/SHAFT_ENGINE/src/test/resources/testDataFiles/specialCharacters.json"]. @03-11-2021 22:04:12.0408 PM
[ReportManager] Verification [ValidateJSONFileContent] PASSED. Expected [Response data should match the JSON File in this path 'src/test/resources/testDataFiles/specialCharacters.json'] and Actual [TRUE]. Comparison Type [EQUALS]. Validation Type [POSITIVE]. @03-11-2021 22:04:12.0413 PM
[ReportManager] Successfully created attachment [Validation Test Data - Expected JSON Value] @03-11-2021 22:04:12.0428 PM
[ReportManager] Successfully created attachment [Validation Test Data - Actual JSON Value] @03-11-2021 22:04:12.0447 P

################################################################################################################################################
Starting Execution:	[131 out of 145] test cases in the current suite
Test Method:		[testPackage01.Test_JsonCompareWithSpecialCharacters.specialCharacters_assertion]
################################################################################################################################################
[ReportManager] File Action [GetAbsolutePath] successfully performed. With the following test data [Relative Folder Path: "src/test/resources/testDataFiles/specialCharacters.json"]. @03-11-2021 22:04:12.0484 PM
[ReportManager] File Action [ReadFromFile] successfully performed. With the following test data [File Path: "/Users/runner/work/SHAFT_ENGINE/SHAFT_ENGINE/src/test/resources/testDataFiles/specialCharacters.json"]. @03-11-2021 22:04:12.0485 PM
[ReportManager] Successfully created attachment [File Action Actual Result - Command Log] @03-11-2021 22:04:12.0501 PM
[ReportManager] Comparing the provided API response with the file at this path "src/test/resources/testDataFiles/specialCharacters.json", comparison type "CONTAINS" @03-11-2021 22:04:12.0502 PM
[ReportManager] API Action [CompareJSON] successfully performed. With the following test data [src/test/resources/testDataFiles/specialCharacters.json]. @03-11-2021 22:04:12.0517 PM
[ReportManager] File Action [GetAbsolutePath] successfully performed. With the following test data [Relative Folder Path: "src/test/resources/testDataFiles/specialCharacters.json"]. @03-11-2021 22:04:12.0517 PM
[ReportManager] File Action [ReadFromFile] successfully performed. With the following test data [File Path: "/Users/runner/work/SHAFT_ENGINE/SHAFT_ENGINE/src/test/resources/testDataFiles/specialCharacters.json"]. @03-11-2021 22:04:12.0517 PM
[ReportManager] Assertion Passed: trying out the log message @03-11-2021 22:04:12.0522 PM
[ReportManager] Successfully created attachment [Validation Test Data - Expected JSON Value] @03-11-2021 22:04:12.0530 PM
[ReportManager] Successfully created attachment [Validation Test Data - Actual JSON Value] @03-11-2021 22:04:12.0549 PM
[ReportManager] Assertion [ValidateJSONFileContent] PASSED. Expected [Response data should match the JSON File in this path 'src/test/resources/testDataFiles/specialCharacters.json'] and Actual [TRUE]. Comparison Type [CONTAINS]. Validation Type [POSITIVE]. @03-11-2021 22:04:12.0549 P

################################################################################################################################################
Starting Execution:	[132 out of 145] test cases in the current suite
Test Method:		[testPackage01.Test_SkipDueToIssue.doNotSkip]
################################################################################################################################################
[ReportManager] This should not be skipped. @03-11-2021 22:04:12.0583 P

################################################################################################################################################
Starting Execution:	[133 out of 145] test cases in the current suite
Test Method:		[testPackage01.Test_SkipDueToIssue.skip]
################################################################################################################################################
[ReportManager] This should be skipped. @03-11-2021 22:04:12.0622 P

################################################################################################################################################
Starting Execution:	[134 out of 145] test cases in the current suite
Test Method:		[testPackage01.Test_SkipDueToIssue.skip2]
################################################################################################################################################
[ReportManager] This should be skipped. @03-11-2021 22:04:12.0656 P

################################################################################################################################################
Starting Execution:	[135 out of 145] test cases in the current suite
Test Method:		[testPackage01.Test_JSONFileManager.readStringFromJson]
################################################################################################################################################
[ReportManager] File Action [GetAbsolutePath] successfully performed. With the following test data [Relative Folder Path: "src/test/resources/testDataFiles/simpleJSON.json"]. @03-11-2021 22:04:12.0679 PM
[ReportManager] Successfully loaded the following test data file [src/test/resources/testDataFiles/simpleJSON.json]. @03-11-2021 22:04:12.0679 PM
[ReportManager] Successfully created attachment [Test Data - JSON] @03-11-2021 22:04:12.0680 PM
[ReportManager] File Action [GetAbsolutePath] successfully performed. With the following test data [Relative Folder Path: "src/test/resources/testDataFiles/simpleJSON.json"]. @03-11-2021 22:04:12.0682 PM
[ReportManager] Assertion [ValidateEquals] PASSED. Expected [Mohab Mohie] and Actual [Mohab Mohie]. Comparison Type [EQUALS]. Validation Type [POSITIVE]. @03-11-2021 22:04:12.0696 P
[ReportManager] File Action [GetAbsolutePath] successfully performed. With the following test data [Relative Folder Path: "target/downloadedFiles/"]. @03-11-2021 22:04:12.0728 PM
[ReportManager] Attempting to run locally on: [Mac-64], [Safari], Headless Execution. @03-11-2021 22:04:12.0728 PM
[ReportManager] Successfully Opened Safari. @03-11-2021 22:04:13.0599 PM
[ReportManager] Initial window size: (800, 600) @03-11-2021 22:04:13.0625 PM
[ReportManager] Window size after SWD Maximize: (1176, 811) @03-11-2021 22:04:13.0644 PM
[ReportManager] Browser Action [MaximizeWindow] successfully performed. With the following test data [New screen size is now: (1176, 811)]. @03-11-2021 22:04:13.0645 P

################################################################################################################################################
Starting Execution:	[136 out of 145] test cases in the current suite
Test Method:		[testPackage01.Test_assertEquals.test_assertElementAttribute]
################################################################################################################################################
[ReportManager] Target URL: [https://www.google.com/ncr], and after redirection: [https://www.google.com] @03-11-2021 22:04:13.0665 PM
[ReportManager] Initial URL: [] @03-11-2021 22:04:13.0716 PM
[ReportManager] Browser Action [NavigateToURL] successfully performed. With the following test data [https://www.google.com/ncr]. @03-11-2021 22:04:14.0970 PM
[ReportManager] Element Action [Type] successfully performed. With the following test data [INC_004010050:Another SCHEDULER with the same name [Duplicate Job Name] already exists.]. @03-11-2021 22:04:17.0437 PM
[ReportManager] Element Action [GetText] successfully performed. With the following test data [INC_004010050:Another SCHEDULER with the same name [Duplicate Job Name] already exists.]. @03-11-2021 22:04:17.0498 PM
[ReportManager] Loaded Shared OpenCV @03-11-2021 22:04:17.0555 PM
[ReportManager] Assertion [ValidateElementAttribute] PASSED. Expected [Value Should be 'INC_004010050:Another SCHEDULER with the same name \[Duplicate Job Name\] already exists.' for the 'text' attribute, element locator 'By.name: q'] and Actual [INC_004010050:Another SCHEDULER with the same name [Duplicate Job Name] already exists.]. Comparison Type [MATCHES]. Validation Type [POSITIVE]. @03-11-2021 22:04:17.0673 PM
[ReportManager] Successfully created attachment [Screenshot - 1635977057555_test_assertElementAttribute_ValidateElementAttribute_passed] @03-11-2021 22:04:17.0680 P
[ReportManager] Browser Action [CloseCurrentWindow] successfully performed. @03-11-2021 22:04:18.0084 PM
[ReportManager] Successfully created attachment [Browser Action Test Data - CloseCurrentWindow - Actual Value] @03-11-2021 22:04:18.0090 P
[ReportManager] File Action [GetAbsolutePath] successfully performed. With the following test data [Relative Folder Path: "target/downloadedFiles/"]. @03-11-2021 22:04:18.0097 PM
[ReportManager] Attempting to run locally on: [Mac-64], [Safari], Headless Execution. @03-11-2021 22:04:18.0098 PM
[ReportManager] Successfully Opened Safari. @03-11-2021 22:04:18.0916 PM
[ReportManager] Initial window size: (800, 600) @03-11-2021 22:04:18.0921 PM
[ReportManager] Window size after SWD Maximize: (1176, 811) @03-11-2021 22:04:18.0950 PM
[ReportManager] Browser Action [MaximizeWindow] successfully performed. With the following test data [New screen size is now: (1176, 811)]. @03-11-2021 22:04:18.0951 P

################################################################################################################################################
Starting Execution:	[137 out of 145] test cases in the current suite
Test Method:		[testPackage01.Test_IsElementClickable.testIsElementClickable]
################################################################################################################################################
[ReportManager] Target URL: [https://the-internet.herokuapp.com/] @03-11-2021 22:04:18.0965 PM
[ReportManager] Initial URL: [] @03-11-2021 22:04:19.0031 PM
[ReportManager] Browser Action [NavigateToURL] successfully performed. With the following test data [https://the-internet.herokuapp.com/]. @03-11-2021 22:04:19.0469 PM
[ReportManager] Element Action [IsElementClickable] successfully performed. @03-11-2021 22:04:19.0528 PM
[ReportManager] Assertion [ValidateTrue] PASSED. Expected [TRUE] and Actual [TRUE]. Validation Type [POSITIVE]. @03-11-2021 22:04:19.0528 P
[ReportManager] Browser Action [CloseCurrentWindow] successfully performed. @03-11-2021 22:04:19.0868 PM
[ReportManager] Successfully created attachment [Browser Action Test Data - CloseCurrentWindow - Actual Value] @03-11-2021 22:04:19.0875 P
[ReportManager] Successfully loaded the following test data file [src/test/resources/TestDataFiles/testSuite01/TestData.xlsx]. @03-11-2021 22:04:19.0942 PM
[ReportManager] Successfully created attachment [Test Data - Excel] @03-11-2021 22:04:19.0948 PM
[ReportManager] Attempting to run using Playwright locally on: [Mac-64], [Safari], Headless Execution. @03-11-2021 22:04:52.0008 PM
[ReportManager] File Action [GetAbsolutePath] successfully performed. With the following test data [Relative Folder Path: "target/downloadedFiles/"]. @03-11-2021 22:04:52.0009 PM
[ReportManager] Initial window size: (1280, 720) @03-11-2021 22:04:58.0338 PM
[ReportManager] Window size after Toolkit: com.microsoft.playwright.options.ViewportSize@27ee31ff @03-11-2021 22:04:58.0347 PM
[ReportManager] Browser Action [MaximizeWindow] successfully performed. With the following test data [New screen size is now: (1920, 1080)]. @03-11-2021 22:04:58.0348 P

################################################################################################################################################
Starting Execution:	[138 out of 145] test cases in the current suite
Test Method:		[testPackage01.Test_google_playwright.navigateToURLandVerifyGoogleLogoIsDisplayed]
Test Description:	[TC001 - Navigate to URL and Verify Google Logo is Displayed]
################################################################################################################################################
[ReportManager] Target URL: [https://www.google.com/ncr], and after redirection: [https://www.google.com] @03-11-2021 22:04:58.0351 PM
[ReportManager] Initial URL: [about:blank] @03-11-2021 22:04:58.0814 PM
[ReportManager] Browser Action [NavigateToURL] successfully performed. With the following test data [https://www.google.com/ncr]. @03-11-2021 22:05:00.0291 PM
[ReportManager] Loaded Shared OpenCV @03-11-2021 22:05:00.0401 PM
[ReportManager] Assertion [ValidateElementExists] PASSED. Expected [Element Should Exist, locator 'xpath=//*[@id='hplogo' or @alt='Google']'] and Actual [Element Exists]. Comparison Type [EQUALS]. Validation Type [POSITIVE]. @03-11-2021 22:05:00.0659 PM
[ReportManager] Successfully created attachment [Screenshot - 1635977100397_navigateToURLandVerifyGoogleLogoIsDisplayed_ValidateElementExists_passed] @03-11-2021 22:05:00.0661 P

################################################################################################################################################
Starting Execution:	[139 out of 145] test cases in the current suite
Test Method:		[testPackage01.Test_google_playwright.searchForQueryandAssertResultsNumDisplayed]
Test Description:	[TC002 - Search for Query and Assert that the number of results is displayed]
################################################################################################################################################
[ReportManager] Element Action [Type] successfully performed. With the following test data [SHAFT_Engine]. @03-11-2021 22:05:00.0898 PM
[ReportManager] Element Action [KeyPress] successfully performed. With the following test data [Enter]. @03-11-2021 22:05:01.0025 PM
[ReportManager] Element Action [GetText] successfully performed. With the following test data [About 668,000 results (0.63 seconds)
]. @03-11-2021 22:05:02.0562 PM
[ReportManager] Loaded Shared OpenCV @03-11-2021 22:05:03.0301 PM
[ReportManager] Assertion [ValidateElementAttribute] PASSED. Expected [Value Should not be '' for the 'text' attribute, element locator 'xpath=//div[@id='appbar']'] and Actual [About 668,000 results (0.63 seconds)
]. Comparison Type [EQUALS]. Validation Type [NEGATIVE]. @03-11-2021 22:05:03.0514 PM
[ReportManager] Successfully created attachment [Screenshot - 1635977103299_searchForQueryandAssertResultsNumDisplayed_ValidateElementAttribute_passed] @03-11-2021 22:05:03.0517 P

################################################################################################################################################
Starting Execution:	[140 out of 145] test cases in the current suite
Test Method:		[testPackage01.Test_google_playwright.clickNextThrice]
Test Description:	[TC003 - Clicks the next button to make sure that the framework can scroll element into view before clicking it]
################################################################################################################################################
[ReportManager] Element Action [Click] successfully performed. With the following test data [Next]. @03-11-2021 22:05:03.0792 P
[ReportManager] Failed to find video recording. @03-11-2021 22:05:03.0794 PM
[ReportManager] Successfully Closed PlayWright Driver. @03-11-2021 22:05:03.0833 P
[ReportManager] File Action [GetAbsolutePath] successfully performed. With the following test data [Relative Folder Path: "target/downloadedFiles/"]. @03-11-2021 22:05:03.0840 PM
[ReportManager] Attempting to run locally on: [Mac-64], [Safari], Headless Execution. @03-11-2021 22:05:03.0841 PM
[ReportManager] Successfully Opened Safari. @03-11-2021 22:05:04.0629 PM
[ReportManager] Initial window size: (800, 600) @03-11-2021 22:05:04.0651 PM
[ReportManager] Window size after SWD Maximize: (1176, 811) @03-11-2021 22:05:04.0666 PM
[ReportManager] Browser Action [MaximizeWindow] successfully performed. With the following test data [New screen size is now: (1176, 811)]. @03-11-2021 22:05:04.0666 P

################################################################################################################################################
Starting Execution:	[141 out of 145] test cases in the current suite
Test Method:		[testPackage01.Test_verifyEquals.test_assertElementAttribute]
################################################################################################################################################
[ReportManager] Target URL: [https://www.google.com/ncr], and after redirection: [https://www.google.com] @03-11-2021 22:05:04.0668 PM
[ReportManager] Initial URL: [] @03-11-2021 22:05:04.0737 PM
[ReportManager] Browser Action [NavigateToURL] successfully performed. With the following test data [https://www.google.com/ncr]. @03-11-2021 22:05:05.0518 PM
[ReportManager] Element Action [Type] successfully performed. With the following test data [INC_004010050:Another SCHEDULER with the same name [Duplicate Job Name] already exists.]. @03-11-2021 22:05:08.0054 PM
[ReportManager] Element Action [GetText] successfully performed. With the following test data [INC_004010050:Another SCHEDULER with the same name [Duplicate Job Name] already exists.]. @03-11-2021 22:05:08.0103 PM
[ReportManager] Loaded Shared OpenCV @03-11-2021 22:05:08.0144 PM
[ReportManager] Verification [ValidateElementAttribute] PASSED. Expected [Value Should be 'INC_004010050:Another SCHEDULER with the same name \[Duplicate Job Name\] already exists.' for the 'text' attribute, element locator 'By.name: q'] and Actual [INC_004010050:Another SCHEDULER with the same name [Duplicate Job Name] already exists.]. Comparison Type [MATCHES]. Validation Type [POSITIVE]. @03-11-2021 22:05:08.0288 PM
[ReportManager] Successfully created attachment [Screenshot - 1635977108144_test_assertElementAttribute_ValidateElementAttribute_passed] @03-11-2021 22:05:08.0289 P
[ReportManager] Browser Action [CloseCurrentWindow] successfully performed. @03-11-2021 22:05:08.0583 PM
[ReportManager] Successfully created attachment [Browser Action Test Data - CloseCurrentWindow - Actual Value] @03-11-2021 22:05:08.0630 P

################################################################################################################################################
Starting Execution:	[142 out of 145] test cases in the current suite
Test Method:		[testPackage01.Test_SelectedValue.multipleSelect]
################################################################################################################################################
[ReportManager] File Action [GetAbsolutePath] successfully performed. With the following test data [Relative Folder Path: "target/downloadedFiles/"]. @03-11-2021 22:05:08.0635 PM
[ReportManager] Attempting to run locally on: [Mac-64], [GoogleChrome], Headless Execution. @03-11-2021 22:05:08.0636 PM
[ReportManager] Identifying OS/Driver combination and selecting the correct driver version automatically. Please note that if a new driver executable will be downloaded it may take some time... @03-11-2021 22:05:08.0636 PM
[ReportManager] Successfully Opened Google Chrome. @03-11-2021 22:05:09.0169 PM
[ReportManager] Initial window size: (1920, 1080) @03-11-2021 22:05:09.0172 PM
[ReportManager] Window size after SWD Maximize: (1920, 1080) @03-11-2021 22:05:09.0280 PM
[ReportManager] Window size after Toolkit: (1920, 1080) @03-11-2021 22:05:09.0853 PM
[ReportManager] Browser Action [MaximizeWindow] successfully performed. With the following test data [New screen size is now: (1920, 1080)]. @03-11-2021 22:05:09.0856 PM
[ReportManager] Target URL: [https://yari-demos.prod.mdn.mozit.cloud/en-US/docs/Web/HTML/Element/select/_sample_.Advanced_select_with_multiple_features.html] @03-11-2021 22:05:09.0856 PM
[ReportManager] Initial URL: [data:,] @03-11-2021 22:05:09.0879 PM
[ReportManager] Browser Action [NavigateToURL] successfully performed. With the following test data [https://yari-demos.prod.mdn.mozit.cloud/en-US/docs/Web/HTML/Element/select/_sample_.Advanced_select_with_multiple_features.html]. @03-11-2021 22:05:10.0067 PM
[ReportManager] Element Action [Select] successfully performed. With the following test data [Dog]. @03-11-2021 22:05:10.0259 PM
[ReportManager] Element Action [Select] successfully performed. With the following test data [Cat]. @03-11-2021 22:05:10.0402 PM
[ReportManager] Element Action [GetSelectedText] successfully performed. With the following test data [DogCat]. @03-11-2021 22:05:10.0481 PM
[ReportManager] DogCat @03-11-2021 22:05:10.0481 PM
[ReportManager] Element Action [GetSelectedText] successfully performed. With the following test data [DogCat]. @03-11-2021 22:05:10.0549 PM
[ReportManager] Loaded Shared OpenCV @03-11-2021 22:05:10.0864 PM
[ReportManager] Assertion [ValidateElementAttribute] PASSED. Expected [Value Should be 'DogCat' for the 'selectedText' attribute, element locator 'By.tagName: select'] and Actual [DogCat]. Comparison Type [EQUALS]. Validation Type [POSITIVE]. @03-11-2021 22:05:11.0034 PM
[ReportManager] Successfully created attachment [Screenshot - 1635977110864_multipleSelect_ValidateElementAttribute_passed] @03-11-2021 22:05:11.0035 PM
[ReportManager] Browser Action [CloseCurrentWindow] successfully performed. @03-11-2021 22:05:11.0177 PM
[ReportManager] Successfully created attachment [Browser Action Test Data - CloseCurrentWindow - Actual Value] @03-11-2021 22:05:11.0178 P

################################################################################################################################################
Starting Execution:	[143 out of 145] test cases in the current suite
Test Method:		[testPackage01.Test_SelectedValue.simpleSelect]
################################################################################################################################################
[ReportManager] File Action [GetAbsolutePath] successfully performed. With the following test data [Relative Folder Path: "target/downloadedFiles/"]. @03-11-2021 22:05:11.0181 PM
[ReportManager] Attempting to run locally on: [Mac-64], [GoogleChrome], Headless Execution. @03-11-2021 22:05:11.0182 PM
[ReportManager] Identifying OS/Driver combination and selecting the correct driver version automatically. Please note that if a new driver executable will be downloaded it may take some time... @03-11-2021 22:05:11.0182 PM
[ReportManager] Successfully Opened Google Chrome. @03-11-2021 22:05:11.0736 PM
[ReportManager] Initial window size: (1920, 1080) @03-11-2021 22:05:11.0739 PM
[ReportManager] Window size after SWD Maximize: (1920, 1080) @03-11-2021 22:05:11.0846 PM
[ReportManager] Window size after Toolkit: (1920, 1080) @03-11-2021 22:05:12.0344 PM
[ReportManager] Browser Action [MaximizeWindow] successfully performed. With the following test data [New screen size is now: (1920, 1080)]. @03-11-2021 22:05:12.0346 PM
[ReportManager] Target URL: [https://yari-demos.prod.mdn.mozit.cloud/en-US/docs/Web/HTML/Element/select/_sample_.Basic_select.html] @03-11-2021 22:05:12.0346 PM
[ReportManager] Initial URL: [data:,] @03-11-2021 22:05:12.0369 PM
[ReportManager] Browser Action [NavigateToURL] successfully performed. With the following test data [https://yari-demos.prod.mdn.mozit.cloud/en-US/docs/Web/HTML/Element/select/_sample_.Basic_select.html]. @03-11-2021 22:05:12.0625 PM
[ReportManager] Element Action [Select] successfully performed. With the following test data [Third Value]. @03-11-2021 22:05:12.0842 PM
[ReportManager] Element Action [GetSelectedText] successfully performed. With the following test data [Third Value]. @03-11-2021 22:05:12.0900 PM
[ReportManager] Third Value @03-11-2021 22:05:12.0900 PM
[ReportManager] Element Action [GetSelectedText] successfully performed. With the following test data [Third Value]. @03-11-2021 22:05:12.0958 PM
[ReportManager] Loaded Shared OpenCV @03-11-2021 22:05:13.0262 PM
[ReportManager] Assertion [ValidateElementAttribute] PASSED. Expected [Value Should be 'Third Value' for the 'selectedText' attribute, element locator 'By.tagName: select'] and Actual [Third Value]. Comparison Type [EQUALS]. Validation Type [POSITIVE]. @03-11-2021 22:05:13.0423 PM
[ReportManager] Successfully created attachment [Screenshot - 1635977113262_simpleSelect_ValidateElementAttribute_passed] @03-11-2021 22:05:13.0423 PM
[ReportManager] Browser Action [CloseCurrentWindow] successfully performed. @03-11-2021 22:05:13.0557 PM
[ReportManager] Successfully created attachment [Browser Action Test Data - CloseCurrentWindow - Actual Value] @03-11-2021 22:05:13.0558 P
[ReportManager] File Action [GetAbsolutePath] successfully performed. With the following test data [Relative Folder Path: "target/downloadedFiles/"]. @03-11-2021 22:05:13.0560 PM
[ReportManager] Attempting to run locally on: [Mac-64], [Safari], Headless Execution. @03-11-2021 22:05:13.0560 PM
[ReportManager] Successfully Opened Safari. @03-11-2021 22:05:14.0348 PM
[ReportManager] Initial window size: (800, 600) @03-11-2021 22:05:14.0353 PM
[ReportManager] Window size after SWD Maximize: (1176, 811) @03-11-2021 22:05:14.0379 PM
[ReportManager] Browser Action [MaximizeWindow] successfully performed. With the following test data [New screen size is now: (1176, 811)]. @03-11-2021 22:05:14.0379 P

################################################################################################################################################
Starting Execution:	[144 out of 145] test cases in the current suite
Test Method:		[testPackage01.Test_dynamicLoading.dynamicLoading_elementIsHidden]
################################################################################################################################################
[ReportManager] Target URL: [https://the-internet.herokuapp.com/dynamic_loading/1] @03-11-2021 22:05:14.0397 PM
[ReportManager] Initial URL: [] @03-11-2021 22:05:14.0425 PM
[ReportManager] Browser Action [NavigateToURL] successfully performed. With the following test data [https://the-internet.herokuapp.com/dynamic_loading/1]. @03-11-2021 22:05:14.0859 PM
[ReportManager] Element Action [Click] successfully performed. With the following test data [Start]. @03-11-2021 22:05:15.0113 PM
[ReportManager] Element Action [GetText] successfully performed. With the following test data [
    Hello World!
  ]. @03-11-2021 22:05:15.0146 P
[ReportManager] Browser Action [CloseCurrentWindow] successfully performed. @03-11-2021 22:05:15.0467 PM
[ReportManager] Successfully created attachment [Browser Action Test Data - CloseCurrentWindow - Actual Value] @03-11-2021 22:05:15.0467 P
[ReportManager] File Action [GetAbsolutePath] successfully performed. With the following test data [Relative Folder Path: "target/downloadedFiles/"]. @03-11-2021 22:05:15.0469 PM
[ReportManager] Attempting to run locally on: [Mac-64], [Safari], Headless Execution. @03-11-2021 22:05:15.0469 PM
[ReportManager] Successfully Opened Safari. @03-11-2021 22:05:16.0261 PM
[ReportManager] Initial window size: (800, 600) @03-11-2021 22:05:16.0279 PM
[ReportManager] Window size after SWD Maximize: (1176, 811) @03-11-2021 22:05:16.0290 PM
[ReportManager] Browser Action [MaximizeWindow] successfully performed. With the following test data [New screen size is now: (1176, 811)]. @03-11-2021 22:05:16.0290 P

################################################################################################################################################
Starting Execution:	[145 out of 145] test cases in the current suite
Test Method:		[testPackage01.Test_dynamicLoading.dynamicLoading_elementIsRendered]
################################################################################################################################################
[ReportManager] Target URL: [https://the-internet.herokuapp.com/dynamic_loading/2] @03-11-2021 22:05:16.0293 PM
[ReportManager] Initial URL: [] @03-11-2021 22:05:16.0331 PM
[ReportManager] Browser Action [NavigateToURL] successfully performed. With the following test data [https://the-internet.herokuapp.com/dynamic_loading/2]. @03-11-2021 22:05:16.0758 PM
[ReportManager] Element Action [Click] successfully performed. With the following test data [Start]. @03-11-2021 22:05:16.0995 P
[ReportManager] Browser Action [CloseCurrentWindow] successfully performed. @03-11-2021 22:05:17.0348 PM
[ReportManager] Successfully created attachment [Browser Action Test Data - CloseCurrentWindow - Actual Value] @03-11-2021 22:05:17.0349 P
[ReportManager] Successfully created attachment [SHAFT Engine Logs - Execution log] @03-11-2021 22:05:17.0380 PM

################################################################################################################################################
This test run was powered by SHAFT Engine Version: [SHAFT Engine v5.4.20211030-BETA]
SHAFT Engine is licensed under the MIT License: [https://github.com/MohabMohie/SHAFT_ENGINE/blob/master/LICENSE].
################################################################################################################################################