################################################################################################################################################
Detected SHAFT Engine Version: [SHAFT Engine v5.3.20210902]
################################################################################################################################################

################################################################################################################################################
Starting Execution:	[1 out of 143] test cases in the current suite
Test Method:		[unitTests.tests_validations_assertions.assertComparativeRelation_greaterThanOrEquals_false_equals_expectedToFail]
################################################################################################################################################
[ReportManager] Assertion [ValidateComparativeRelation] FAILED. Expected [1] and Actual [1]. Comparison Type [GREATER_THAN_OR_EQUALS]. Validation Type [NEGATIVE]. @21-09-2021 01:52:28.0074 A

################################################################################################################################################
Starting Execution:	[2 out of 143] test cases in the current suite
Test Method:		[unitTests.tests_validations_assertions.assertComparativeRelation_greaterThanOrEquals_false_equals_expectedToPass]
################################################################################################################################################
[ReportManager] Assertion [ValidateComparativeRelation] PASSED. Expected [2] and Actual [1]. Comparison Type [GREATER_THAN_OR_EQUALS]. Validation Type [NEGATIVE]. @21-09-2021 01:52:28.0173 A

################################################################################################################################################
Starting Execution:	[3 out of 143] test cases in the current suite
Test Method:		[unitTests.tests_validations_assertions.assertComparativeRelation_greaterThanOrEquals_false_greaterThan_expectedToFail]
################################################################################################################################################
[ReportManager] Assertion [ValidateComparativeRelation] FAILED. Expected [1] and Actual [2]. Comparison Type [GREATER_THAN_OR_EQUALS]. Validation Type [NEGATIVE]. @21-09-2021 01:52:28.0179 A

################################################################################################################################################
Starting Execution:	[4 out of 143] test cases in the current suite
Test Method:		[unitTests.tests_validations_assertions.assertComparativeRelation_greaterThanOrEquals_false_greaterThan_expectedToPass]
################################################################################################################################################
[ReportManager] Assertion [ValidateComparativeRelation] PASSED. Expected [2] and Actual [1]. Comparison Type [GREATER_THAN_OR_EQUALS]. Validation Type [NEGATIVE]. @21-09-2021 01:52:28.0185 A

################################################################################################################################################
Starting Execution:	[5 out of 143] test cases in the current suite
Test Method:		[unitTests.tests_validations_assertions.assertComparativeRelation_greaterThanOrEquals_true_equals_expectedToFail]
################################################################################################################################################
[ReportManager] Assertion [ValidateComparativeRelation] FAILED. Expected [1] and Actual [0]. Comparison Type [GREATER_THAN_OR_EQUALS]. Validation Type [POSITIVE]. @21-09-2021 01:52:28.0191 A

################################################################################################################################################
Starting Execution:	[6 out of 143] test cases in the current suite
Test Method:		[unitTests.tests_validations_assertions.assertComparativeRelation_greaterThanOrEquals_true_equals_expectedToPass]
################################################################################################################################################
[ReportManager] Assertion [ValidateComparativeRelation] PASSED. Expected [1] and Actual [1]. Comparison Type [GREATER_THAN_OR_EQUALS]. Validation Type [POSITIVE]. @21-09-2021 01:52:28.0195 A

################################################################################################################################################
Starting Execution:	[7 out of 143] test cases in the current suite
Test Method:		[unitTests.tests_validations_assertions.assertComparativeRelation_greaterThanOrEquals_true_greaterThan_expectedToFail]
################################################################################################################################################
[ReportManager] Assertion [ValidateComparativeRelation] FAILED. Expected [2] and Actual [1]. Comparison Type [GREATER_THAN_OR_EQUALS]. Validation Type [POSITIVE]. @21-09-2021 01:52:28.0200 A

################################################################################################################################################
Starting Execution:	[8 out of 143] test cases in the current suite
Test Method:		[unitTests.tests_validations_assertions.assertComparativeRelation_greaterThanOrEquals_true_greaterThan_expectedToPass]
################################################################################################################################################
[ReportManager] Assertion [ValidateComparativeRelation] PASSED. Expected [1] and Actual [2]. Comparison Type [GREATER_THAN_OR_EQUALS]. Validation Type [POSITIVE]. @21-09-2021 01:52:28.0206 A
[ReportManager] File Action [GetAbsolutePath] successfully performed. With the following test data [Relative Folder Path: "target/downloadedFiles/"]. @21-09-2021 01:52:28.0219 AM
[ReportManager] Attempting to run remotely on: [Linux-64], [GoogleChrome], [http://localhost:4444/wd/hub], Headless Execution. @21-09-2021 01:52:28.0245 AM
[ReportManager] Successfully Opened [GoogleChrome]. @21-09-2021 01:52:29.0534 AM
[ReportManager] Target URL: [https://www.google.com/ncr], and after redirection: [www.google.com] @21-09-2021 01:52:29.0579 AM
[ReportManager] Initial URL: [data:,] @21-09-2021 01:52:29.0679 AM
[ReportManager] Browser Action [NavigateToURL] successfully performed. With the following test data [https://www.google.com/ncr]. @21-09-2021 01:52:30.0975 A

################################################################################################################################################
Starting Execution:	[9 out of 143] test cases in the current suite
Test Method:		[unitTests.tests_validations_assertions.assertElementAttribute_false_caseInsensitiveComparison_expectedToFail]
################################################################################################################################################
[ReportManager] Element Action [Type] successfully performed. With the following test data [AUTOMATION]. @21-09-2021 01:52:31.0433 AM
[ReportManager] Element Action [GetText] successfully performed. With the following test data [AUTOMATION]. @21-09-2021 01:52:31.0576 AM
[ReportManager] Loaded Shared OpenCV @21-09-2021 01:52:32.0227 AM
[ReportManager] Assertion [ValidateElementAttribute] FAILED. Expected [Value Should not be 'AutomaTion' for the 'text' attribute, element locator 'By.name: q'] and Actual [AUTOMATION]. Comparison Type [CASE_INSENSITIVE]. Validation Type [NEGATIVE]. @21-09-2021 01:52:32.0495 AM
[ReportManager] Successfully created attachment [Screenshot - 1632189151776_assertElementAttribute_false_caseInsensitiveComparison_expectedToFail_ValidateElementAttribute_failed] @21-09-2021 01:52:32.0509 A
[ReportManager] Browser Action [CloseCurrentWindow] successfully performed. @21-09-2021 01:52:32.0665 AM
[ReportManager] Successfully created attachment [Browser Action Test Data - CloseCurrentWindow - Actual Value] @21-09-2021 01:52:32.0668 A
[ReportManager] File Action [GetAbsolutePath] successfully performed. With the following test data [Relative Folder Path: "target/downloadedFiles/"]. @21-09-2021 01:52:32.0685 AM
[ReportManager] Attempting to run remotely on: [Linux-64], [GoogleChrome], [http://localhost:4444/wd/hub], Headless Execution. @21-09-2021 01:52:32.0685 AM
[ReportManager] Successfully Opened [GoogleChrome]. @21-09-2021 01:52:33.0003 AM
[ReportManager] Target URL: [https://www.google.com/ncr], and after redirection: [www.google.com] @21-09-2021 01:52:33.0032 AM
[ReportManager] Initial URL: [data:,] @21-09-2021 01:52:33.0089 AM
[ReportManager] Browser Action [NavigateToURL] successfully performed. With the following test data [https://www.google.com/ncr]. @21-09-2021 01:52:33.0917 A

################################################################################################################################################
Starting Execution:	[10 out of 143] test cases in the current suite
Test Method:		[unitTests.tests_validations_assertions.assertElementAttribute_false_caseInsensitiveComparison_expectedToPass]
################################################################################################################################################
[ReportManager] Element Action [Type] successfully performed. With the following test data [AUTOMATION]. @21-09-2021 01:52:34.0276 AM
[ReportManager] Element Action [GetText] successfully performed. With the following test data [AUTOMATION]. @21-09-2021 01:52:34.0393 AM
[ReportManager] Loaded Shared OpenCV @21-09-2021 01:52:34.0535 AM
[ReportManager] Assertion [ValidateElementAttribute] PASSED. Expected [Value Should not be 'AutomaTion123' for the 'text' attribute, element locator 'By.name: q'] and Actual [AUTOMATION]. Comparison Type [CASE_INSENSITIVE]. Validation Type [NEGATIVE]. @21-09-2021 01:52:34.0679 AM
[ReportManager] Successfully created attachment [Screenshot - 1632189154535_assertElementAttribute_false_caseInsensitiveComparison_expectedToPass_ValidateElementAttribute_passed] @21-09-2021 01:52:34.0682 A
[ReportManager] Browser Action [CloseCurrentWindow] successfully performed. @21-09-2021 01:52:34.0808 AM
[ReportManager] Successfully created attachment [Browser Action Test Data - CloseCurrentWindow - Actual Value] @21-09-2021 01:52:34.0809 A
[ReportManager] File Action [GetAbsolutePath] successfully performed. With the following test data [Relative Folder Path: "target/downloadedFiles/"]. @21-09-2021 01:52:34.0813 AM
[ReportManager] Attempting to run remotely on: [Linux-64], [GoogleChrome], [http://localhost:4444/wd/hub], Headless Execution. @21-09-2021 01:52:34.0814 AM
[ReportManager] Successfully Opened [GoogleChrome]. @21-09-2021 01:52:35.0040 AM
[ReportManager] Target URL: [https://www.google.com/ncr], and after redirection: [www.google.com] @21-09-2021 01:52:35.0060 AM
[ReportManager] Initial URL: [data:,] @21-09-2021 01:52:35.0106 AM
[ReportManager] Browser Action [NavigateToURL] successfully performed. With the following test data [https://www.google.com/ncr]. @21-09-2021 01:52:35.0885 A

################################################################################################################################################
Starting Execution:	[11 out of 143] test cases in the current suite
Test Method:		[unitTests.tests_validations_assertions.assertElementAttribute_false_containsComparison_expectedToFail]
################################################################################################################################################
[ReportManager] Element Action [Type] successfully performed. With the following test data [Automation123]. @21-09-2021 01:52:36.0238 AM
[ReportManager] Element Action [GetText] successfully performed. With the following test data [Automation123]. @21-09-2021 01:52:36.0343 AM
[ReportManager] Loaded Shared OpenCV @21-09-2021 01:52:36.0497 AM
[ReportManager] Assertion [ValidateElementAttribute] FAILED. Expected [Value Should not be 'Automation' for the 'text' attribute, element locator 'By.name: q'] and Actual [Automation123]. Comparison Type [CONTAINS]. Validation Type [NEGATIVE]. @21-09-2021 01:52:36.0576 AM
[ReportManager] Successfully created attachment [Screenshot - 1632189156497_assertElementAttribute_false_containsComparison_expectedToFail_ValidateElementAttribute_failed] @21-09-2021 01:52:36.0577 A
[ReportManager] Browser Action [CloseCurrentWindow] successfully performed. @21-09-2021 01:52:36.0714 AM
[ReportManager] Successfully created attachment [Browser Action Test Data - CloseCurrentWindow - Actual Value] @21-09-2021 01:52:36.0715 A
[ReportManager] File Action [GetAbsolutePath] successfully performed. With the following test data [Relative Folder Path: "target/downloadedFiles/"]. @21-09-2021 01:52:36.0720 AM
[ReportManager] Attempting to run remotely on: [Linux-64], [GoogleChrome], [http://localhost:4444/wd/hub], Headless Execution. @21-09-2021 01:52:36.0721 AM
[ReportManager] Successfully Opened [GoogleChrome]. @21-09-2021 01:52:36.0935 AM
[ReportManager] Target URL: [https://www.google.com/ncr], and after redirection: [www.google.com] @21-09-2021 01:52:36.0951 AM
[ReportManager] Initial URL: [data:,] @21-09-2021 01:52:37.0007 AM
[ReportManager] Browser Action [NavigateToURL] successfully performed. With the following test data [https://www.google.com/ncr]. @21-09-2021 01:52:37.0755 A

################################################################################################################################################
Starting Execution:	[12 out of 143] test cases in the current suite
Test Method:		[unitTests.tests_validations_assertions.assertElementAttribute_false_containsComparison_expectedToPass]
################################################################################################################################################
[ReportManager] Element Action [Type] successfully performed. With the following test data [Automation123]. @21-09-2021 01:52:38.0120 AM
[ReportManager] Element Action [GetText] successfully performed. With the following test data [Automation123]. @21-09-2021 01:52:38.0234 AM
[ReportManager] Loaded Shared OpenCV @21-09-2021 01:52:38.0356 AM
[ReportManager] Assertion [ValidateElementAttribute] PASSED. Expected [Value Should not be 'Automation1234' for the 'text' attribute, element locator 'By.name: q'] and Actual [Automation123]. Comparison Type [CONTAINS]. Validation Type [NEGATIVE]. @21-09-2021 01:52:38.0436 AM
[ReportManager] Successfully created attachment [Screenshot - 1632189158356_assertElementAttribute_false_containsComparison_expectedToPass_ValidateElementAttribute_passed] @21-09-2021 01:52:38.0437 A
[ReportManager] Browser Action [CloseCurrentWindow] successfully performed. @21-09-2021 01:52:38.0574 AM
[ReportManager] Successfully created attachment [Browser Action Test Data - CloseCurrentWindow - Actual Value] @21-09-2021 01:52:38.0575 A
[ReportManager] File Action [GetAbsolutePath] successfully performed. With the following test data [Relative Folder Path: "target/downloadedFiles/"]. @21-09-2021 01:52:38.0578 AM
[ReportManager] Attempting to run remotely on: [Linux-64], [GoogleChrome], [http://localhost:4444/wd/hub], Headless Execution. @21-09-2021 01:52:38.0578 AM
[ReportManager] Successfully Opened [GoogleChrome]. @21-09-2021 01:52:38.0780 AM
[ReportManager] Target URL: [https://www.google.com/ncr], and after redirection: [www.google.com] @21-09-2021 01:52:38.0807 AM
[ReportManager] Initial URL: [data:,] @21-09-2021 01:52:38.0865 AM
[ReportManager] Browser Action [NavigateToURL] successfully performed. With the following test data [https://www.google.com/ncr]. @21-09-2021 01:52:39.0602 A

################################################################################################################################################
Starting Execution:	[13 out of 143] test cases in the current suite
Test Method:		[unitTests.tests_validations_assertions.assertElementAttribute_false_literalComparison_expectedToFail]
################################################################################################################################################
[ReportManager] Element Action [Type] successfully performed. With the following test data [Automation!@#$%^&*()_+{}[]\';/.,]. @21-09-2021 01:52:40.0044 AM
[ReportManager] Element Action [GetText] successfully performed. With the following test data [Automation!@#$%^&*()_+{}[]\';/.,]. @21-09-2021 01:52:40.0152 AM
[ReportManager] Loaded Shared OpenCV @21-09-2021 01:52:40.0284 AM
[ReportManager] Assertion [ValidateElementAttribute] PASSED. Expected [Value Should not be 'Automation!@#$%^&*()_+{}[]\\';/.,' for the 'text' attribute, element locator 'By.name: q'] and Actual [Automation!@#$%^&*()_+{}[]\';/.,]. Comparison Type [EQUALS]. Validation Type [NEGATIVE]. @21-09-2021 01:52:40.0355 AM
[ReportManager] Successfully created attachment [Screenshot - 1632189160283_assertElementAttribute_false_literalComparison_expectedToFail_ValidateElementAttribute_passed] @21-09-2021 01:52:40.0363 A
[ReportManager] Browser Action [CloseCurrentWindow] successfully performed. @21-09-2021 01:52:40.0495 AM
[ReportManager] Successfully created attachment [Browser Action Test Data - CloseCurrentWindow - Actual Value] @21-09-2021 01:52:40.0496 A
[ReportManager] File Action [GetAbsolutePath] successfully performed. With the following test data [Relative Folder Path: "target/downloadedFiles/"]. @21-09-2021 01:52:40.0501 AM
[ReportManager] Attempting to run remotely on: [Linux-64], [GoogleChrome], [http://localhost:4444/wd/hub], Headless Execution. @21-09-2021 01:52:40.0502 AM
[ReportManager] Successfully Opened [GoogleChrome]. @21-09-2021 01:52:40.0708 AM
[ReportManager] Target URL: [https://www.google.com/ncr], and after redirection: [www.google.com] @21-09-2021 01:52:40.0728 AM
[ReportManager] Initial URL: [data:,] @21-09-2021 01:52:40.0775 AM
[ReportManager] Browser Action [NavigateToURL] successfully performed. With the following test data [https://www.google.com/ncr]. @21-09-2021 01:52:41.0539 A

################################################################################################################################################
Starting Execution:	[14 out of 143] test cases in the current suite
Test Method:		[unitTests.tests_validations_assertions.assertElementAttribute_false_literalComparison_expectedToPass]
################################################################################################################################################
[ReportManager] Element Action [Type] successfully performed. With the following test data [Automation!@#$%^&*()_+{}[]\';/.,]. @21-09-2021 01:52:41.0968 AM
[ReportManager] Element Action [GetText] successfully performed. With the following test data [Automation!@#$%^&*()_+{}[]\';/.,]. @21-09-2021 01:52:42.0063 AM
[ReportManager] Loaded Shared OpenCV @21-09-2021 01:52:42.0220 AM
[ReportManager] Assertion [ValidateElementAttribute] PASSED. Expected [Value Should not be 'Automation' for the 'text' attribute, element locator 'By.name: q'] and Actual [Automation!@#$%^&*()_+{}[]\';/.,]. Comparison Type [EQUALS]. Validation Type [NEGATIVE]. @21-09-2021 01:52:42.0292 AM
[ReportManager] Successfully created attachment [Screenshot - 1632189162220_assertElementAttribute_false_literalComparison_expectedToPass_ValidateElementAttribute_passed] @21-09-2021 01:52:42.0294 A
[ReportManager] Browser Action [CloseCurrentWindow] successfully performed. @21-09-2021 01:52:42.0420 AM
[ReportManager] Successfully created attachment [Browser Action Test Data - CloseCurrentWindow - Actual Value] @21-09-2021 01:52:42.0420 A
[ReportManager] File Action [GetAbsolutePath] successfully performed. With the following test data [Relative Folder Path: "target/downloadedFiles/"]. @21-09-2021 01:52:42.0424 AM
[ReportManager] Attempting to run remotely on: [Linux-64], [GoogleChrome], [http://localhost:4444/wd/hub], Headless Execution. @21-09-2021 01:52:42.0424 AM
[ReportManager] Successfully Opened [GoogleChrome]. @21-09-2021 01:52:42.0615 AM
[ReportManager] Target URL: [https://www.google.com/ncr], and after redirection: [www.google.com] @21-09-2021 01:52:42.0629 AM
[ReportManager] Initial URL: [data:,] @21-09-2021 01:52:42.0684 AM
[ReportManager] Browser Action [NavigateToURL] successfully performed. With the following test data [https://www.google.com/ncr]. @21-09-2021 01:52:43.0472 A

################################################################################################################################################
Starting Execution:	[15 out of 143] test cases in the current suite
Test Method:		[unitTests.tests_validations_assertions.assertElementAttribute_false_regexComparison_expectedToFail]
################################################################################################################################################
[ReportManager] Element Action [Type] successfully performed. With the following test data [Automation123]. @21-09-2021 01:52:43.0779 AM
[ReportManager] Element Action [GetText] successfully performed. With the following test data [Automation123]. @21-09-2021 01:52:43.0867 AM
[ReportManager] Loaded Shared OpenCV @21-09-2021 01:52:44.0005 AM
[ReportManager] Assertion [ValidateElementAttribute] FAILED. Expected [Value Should not be 'Automation.*' for the 'text' attribute, element locator 'By.name: q'] and Actual [Automation123]. Comparison Type [MATCHES]. Validation Type [NEGATIVE]. @21-09-2021 01:52:44.0073 AM
[ReportManager] Successfully created attachment [Screenshot - 1632189164005_assertElementAttribute_false_regexComparison_expectedToFail_ValidateElementAttribute_failed] @21-09-2021 01:52:44.0074 A
[ReportManager] Browser Action [CloseCurrentWindow] successfully performed. @21-09-2021 01:52:44.0193 AM
[ReportManager] Successfully created attachment [Browser Action Test Data - CloseCurrentWindow - Actual Value] @21-09-2021 01:52:44.0194 A
[ReportManager] File Action [GetAbsolutePath] successfully performed. With the following test data [Relative Folder Path: "target/downloadedFiles/"]. @21-09-2021 01:52:44.0197 AM
[ReportManager] Attempting to run remotely on: [Linux-64], [GoogleChrome], [http://localhost:4444/wd/hub], Headless Execution. @21-09-2021 01:52:44.0197 AM
[ReportManager] Successfully Opened [GoogleChrome]. @21-09-2021 01:52:44.0382 AM
[ReportManager] Target URL: [https://www.google.com/ncr], and after redirection: [www.google.com] @21-09-2021 01:52:44.0409 AM
[ReportManager] Initial URL: [data:,] @21-09-2021 01:52:44.0452 AM
[ReportManager] Browser Action [NavigateToURL] successfully performed. With the following test data [https://www.google.com/ncr]. @21-09-2021 01:52:45.0219 A

################################################################################################################################################
Starting Execution:	[16 out of 143] test cases in the current suite
Test Method:		[unitTests.tests_validations_assertions.assertElementAttribute_false_regexComparison_expectedToPass]
################################################################################################################################################
[ReportManager] Element Action [Type] successfully performed. With the following test data [Automation123]. @21-09-2021 01:52:45.0552 AM
[ReportManager] Element Action [GetText] successfully performed. With the following test data [Automation123]. @21-09-2021 01:52:45.0644 AM
[ReportManager] Loaded Shared OpenCV @21-09-2021 01:52:45.0773 AM
[ReportManager] Assertion [ValidateElementAttribute] PASSED. Expected [Value Should not be 'Automation' for the 'text' attribute, element locator 'By.name: q'] and Actual [Automation123]. Comparison Type [MATCHES]. Validation Type [NEGATIVE]. @21-09-2021 01:52:45.0841 AM
[ReportManager] Successfully created attachment [Screenshot - 1632189165773_assertElementAttribute_false_regexComparison_expectedToPass_ValidateElementAttribute_passed] @21-09-2021 01:52:45.0843 A
[ReportManager] Browser Action [CloseCurrentWindow] successfully performed. @21-09-2021 01:52:45.0976 AM
[ReportManager] Successfully created attachment [Browser Action Test Data - CloseCurrentWindow - Actual Value] @21-09-2021 01:52:45.0977 A
[ReportManager] File Action [GetAbsolutePath] successfully performed. With the following test data [Relative Folder Path: "target/downloadedFiles/"]. @21-09-2021 01:52:45.0984 AM
[ReportManager] Attempting to run remotely on: [Linux-64], [GoogleChrome], [http://localhost:4444/wd/hub], Headless Execution. @21-09-2021 01:52:45.0984 AM
[ReportManager] Successfully Opened [GoogleChrome]. @21-09-2021 01:52:46.0232 AM
[ReportManager] Target URL: [https://www.google.com/ncr], and after redirection: [www.google.com] @21-09-2021 01:52:46.0243 AM
[ReportManager] Initial URL: [data:,] @21-09-2021 01:52:46.0285 AM
[ReportManager] Browser Action [NavigateToURL] successfully performed. With the following test data [https://www.google.com/ncr]. @21-09-2021 01:52:46.0990 A

################################################################################################################################################
Starting Execution:	[17 out of 143] test cases in the current suite
Test Method:		[unitTests.tests_validations_assertions.assertElementAttribute_true_caseInsensitiveComparison_expectedToFail]
################################################################################################################################################
[ReportManager] Element Action [Type] successfully performed. With the following test data [AUTOMATION]. @21-09-2021 01:52:47.0329 AM
[ReportManager] Element Action [GetText] successfully performed. With the following test data [AUTOMATION]. @21-09-2021 01:52:47.0430 AM
[ReportManager] Loaded Shared OpenCV @21-09-2021 01:52:47.0564 AM
[ReportManager] Assertion [ValidateElementAttribute] FAILED. Expected [Value Should be 'AutomaTion123' for the 'text' attribute, element locator 'By.name: q'] and Actual [AUTOMATION]. Comparison Type [CASE_INSENSITIVE]. Validation Type [POSITIVE]. @21-09-2021 01:52:47.0635 AM
[ReportManager] Successfully created attachment [Screenshot - 1632189167563_assertElementAttribute_true_caseInsensitiveComparison_expectedToFail_ValidateElementAttribute_failed] @21-09-2021 01:52:47.0636 A
[ReportManager] Browser Action [CloseCurrentWindow] successfully performed. @21-09-2021 01:52:47.0787 AM
[ReportManager] Successfully created attachment [Browser Action Test Data - CloseCurrentWindow - Actual Value] @21-09-2021 01:52:47.0788 A
[ReportManager] File Action [GetAbsolutePath] successfully performed. With the following test data [Relative Folder Path: "target/downloadedFiles/"]. @21-09-2021 01:52:47.0791 AM
[ReportManager] Attempting to run remotely on: [Linux-64], [GoogleChrome], [http://localhost:4444/wd/hub], Headless Execution. @21-09-2021 01:52:47.0792 AM
[ReportManager] Successfully Opened [GoogleChrome]. @21-09-2021 01:52:47.0981 AM
[ReportManager] Target URL: [https://www.google.com/ncr], and after redirection: [www.google.com] @21-09-2021 01:52:47.0993 AM
[ReportManager] Initial URL: [data:,] @21-09-2021 01:52:48.0035 AM
[ReportManager] Browser Action [NavigateToURL] successfully performed. With the following test data [https://www.google.com/ncr]. @21-09-2021 01:52:48.0734 A

################################################################################################################################################
Starting Execution:	[18 out of 143] test cases in the current suite
Test Method:		[unitTests.tests_validations_assertions.assertElementAttribute_true_caseInsensitiveComparison_expectedToPass]
################################################################################################################################################
[ReportManager] Element Action [Type] successfully performed. With the following test data [AUTOMATION]. @21-09-2021 01:52:49.0064 AM
[ReportManager] Element Action [GetText] successfully performed. With the following test data [AUTOMATION]. @21-09-2021 01:52:49.0161 AM
[ReportManager] Loaded Shared OpenCV @21-09-2021 01:52:49.0279 AM
[ReportManager] Assertion [ValidateElementAttribute] PASSED. Expected [Value Should be 'AutomaTion' for the 'text' attribute, element locator 'By.name: q'] and Actual [AUTOMATION]. Comparison Type [CASE_INSENSITIVE]. Validation Type [POSITIVE]. @21-09-2021 01:52:49.0357 AM
[ReportManager] Successfully created attachment [Screenshot - 1632189169279_assertElementAttribute_true_caseInsensitiveComparison_expectedToPass_ValidateElementAttribute_passed] @21-09-2021 01:52:49.0358 A
[ReportManager] Browser Action [CloseCurrentWindow] successfully performed. @21-09-2021 01:52:49.0479 AM
[ReportManager] Successfully created attachment [Browser Action Test Data - CloseCurrentWindow - Actual Value] @21-09-2021 01:52:49.0479 A
[ReportManager] File Action [GetAbsolutePath] successfully performed. With the following test data [Relative Folder Path: "target/downloadedFiles/"]. @21-09-2021 01:52:49.0482 AM
[ReportManager] Attempting to run remotely on: [Linux-64], [GoogleChrome], [http://localhost:4444/wd/hub], Headless Execution. @21-09-2021 01:52:49.0482 AM
[ReportManager] Successfully Opened [GoogleChrome]. @21-09-2021 01:52:49.0672 AM
[ReportManager] Target URL: [https://www.google.com/ncr], and after redirection: [www.google.com] @21-09-2021 01:52:49.0685 AM
[ReportManager] Initial URL: [data:,] @21-09-2021 01:52:49.0721 AM
[ReportManager] Browser Action [NavigateToURL] successfully performed. With the following test data [https://www.google.com/ncr]. @21-09-2021 01:52:50.0431 A

################################################################################################################################################
Starting Execution:	[19 out of 143] test cases in the current suite
Test Method:		[unitTests.tests_validations_assertions.assertElementAttribute_true_containsComparison_expectedToFail]
################################################################################################################################################
[ReportManager] Element Action [Type] successfully performed. With the following test data [Automation123]. @21-09-2021 01:52:50.0722 AM
[ReportManager] Element Action [GetText] successfully performed. With the following test data [Automation123]. @21-09-2021 01:52:50.0820 AM
[ReportManager] Loaded Shared OpenCV @21-09-2021 01:52:50.0955 AM
[ReportManager] Assertion [ValidateElementAttribute] FAILED. Expected [Value Should be 'Automation1234' for the 'text' attribute, element locator 'By.name: q'] and Actual [Automation123]. Comparison Type [CONTAINS]. Validation Type [POSITIVE]. @21-09-2021 01:52:51.0022 AM
[ReportManager] Successfully created attachment [Screenshot - 1632189170955_assertElementAttribute_true_containsComparison_expectedToFail_ValidateElementAttribute_failed] @21-09-2021 01:52:51.0023 A
[ReportManager] Browser Action [CloseCurrentWindow] successfully performed. @21-09-2021 01:52:51.0140 AM
[ReportManager] Successfully created attachment [Browser Action Test Data - CloseCurrentWindow - Actual Value] @21-09-2021 01:52:51.0141 A
[ReportManager] File Action [GetAbsolutePath] successfully performed. With the following test data [Relative Folder Path: "target/downloadedFiles/"]. @21-09-2021 01:52:51.0144 AM
[ReportManager] Attempting to run remotely on: [Linux-64], [GoogleChrome], [http://localhost:4444/wd/hub], Headless Execution. @21-09-2021 01:52:51.0145 AM
[ReportManager] Successfully Opened [GoogleChrome]. @21-09-2021 01:52:51.0371 AM
[ReportManager] Target URL: [https://www.google.com/ncr], and after redirection: [www.google.com] @21-09-2021 01:52:51.0386 AM
[ReportManager] Initial URL: [data:,] @21-09-2021 01:52:51.0425 AM
[ReportManager] Browser Action [NavigateToURL] successfully performed. With the following test data [https://www.google.com/ncr]. @21-09-2021 01:52:52.0186 A

################################################################################################################################################
Starting Execution:	[20 out of 143] test cases in the current suite
Test Method:		[unitTests.tests_validations_assertions.assertElementAttribute_true_containsComparison_expectedToPass]
################################################################################################################################################
[ReportManager] Element Action [Type] successfully performed. With the following test data [Automation123]. @21-09-2021 01:52:52.0537 AM
[ReportManager] Element Action [GetText] successfully performed. With the following test data [Automation123]. @21-09-2021 01:52:52.0631 AM
[ReportManager] Loaded Shared OpenCV @21-09-2021 01:52:52.0738 AM
[ReportManager] Assertion [ValidateElementAttribute] PASSED. Expected [Value Should be 'Automation' for the 'text' attribute, element locator 'By.name: q'] and Actual [Automation123]. Comparison Type [CONTAINS]. Validation Type [POSITIVE]. @21-09-2021 01:52:52.0805 AM
[ReportManager] Successfully created attachment [Screenshot - 1632189172738_assertElementAttribute_true_containsComparison_expectedToPass_ValidateElementAttribute_passed] @21-09-2021 01:52:52.0806 A
[ReportManager] Browser Action [CloseCurrentWindow] successfully performed. @21-09-2021 01:52:52.0923 AM
[ReportManager] Successfully created attachment [Browser Action Test Data - CloseCurrentWindow - Actual Value] @21-09-2021 01:52:52.0924 A
[ReportManager] File Action [GetAbsolutePath] successfully performed. With the following test data [Relative Folder Path: "target/downloadedFiles/"]. @21-09-2021 01:52:52.0927 AM
[ReportManager] Attempting to run remotely on: [Linux-64], [GoogleChrome], [http://localhost:4444/wd/hub], Headless Execution. @21-09-2021 01:52:52.0927 AM
[ReportManager] Successfully Opened [GoogleChrome]. @21-09-2021 01:52:53.0139 AM
[ReportManager] Target URL: [https://www.google.com/ncr], and after redirection: [www.google.com] @21-09-2021 01:52:53.0156 AM
[ReportManager] Initial URL: [data:,] @21-09-2021 01:52:53.0190 AM
[ReportManager] Browser Action [NavigateToURL] successfully performed. With the following test data [https://www.google.com/ncr]. @21-09-2021 01:52:53.0910 A

################################################################################################################################################
Starting Execution:	[21 out of 143] test cases in the current suite
Test Method:		[unitTests.tests_validations_assertions.assertElementAttribute_true_literalComparison_expectedToFail]
################################################################################################################################################
[ReportManager] Element Action [Type] successfully performed. With the following test data [Automation!@#$%^&*()_+{}[]\';/.,]. @21-09-2021 01:52:54.0320 AM
[ReportManager] Element Action [GetText] successfully performed. With the following test data [Automation!@#$%^&*()_+{}[]\';/.,]. @21-09-2021 01:52:54.0413 AM
[ReportManager] Loaded Shared OpenCV @21-09-2021 01:52:54.0548 AM
[ReportManager] Assertion [ValidateElementAttribute] FAILED. Expected [Value Should be 'Automation' for the 'text' attribute, element locator 'By.name: q'] and Actual [Automation!@#$%^&*()_+{}[]\';/.,]. Comparison Type [EQUALS]. Validation Type [POSITIVE]. @21-09-2021 01:52:54.0666 AM
[ReportManager] Successfully created attachment [Screenshot - 1632189174547_assertElementAttribute_true_literalComparison_expectedToFail_ValidateElementAttribute_failed] @21-09-2021 01:52:54.0668 A
[ReportManager] Browser Action [CloseCurrentWindow] successfully performed. @21-09-2021 01:52:54.0809 AM
[ReportManager] Successfully created attachment [Browser Action Test Data - CloseCurrentWindow - Actual Value] @21-09-2021 01:52:54.0809 A
[ReportManager] File Action [GetAbsolutePath] successfully performed. With the following test data [Relative Folder Path: "target/downloadedFiles/"]. @21-09-2021 01:52:54.0812 AM
[ReportManager] Attempting to run remotely on: [Linux-64], [GoogleChrome], [http://localhost:4444/wd/hub], Headless Execution. @21-09-2021 01:52:54.0812 AM
[ReportManager] Successfully Opened [GoogleChrome]. @21-09-2021 01:52:55.0007 AM
[ReportManager] Target URL: [https://www.google.com/ncr], and after redirection: [www.google.com] @21-09-2021 01:52:55.0018 AM
[ReportManager] Initial URL: [data:,] @21-09-2021 01:52:55.0058 AM
[ReportManager] Browser Action [NavigateToURL] successfully performed. With the following test data [https://www.google.com/ncr]. @21-09-2021 01:52:55.0784 A

################################################################################################################################################
Starting Execution:	[22 out of 143] test cases in the current suite
Test Method:		[unitTests.tests_validations_assertions.assertElementAttribute_true_literalComparison_expectedToPass]
################################################################################################################################################
[ReportManager] Element Action [Type] successfully performed. With the following test data [Automation!@#$%^&*()_+{}[]\';/.,]. @21-09-2021 01:52:56.0142 AM
[ReportManager] Element Action [GetText] successfully performed. With the following test data [Automation!@#$%^&*()_+{}[]\';/.,]. @21-09-2021 01:52:56.0219 AM
[ReportManager] Loaded Shared OpenCV @21-09-2021 01:52:56.0346 AM
[ReportManager] Assertion [ValidateElementAttribute] PASSED. Expected [Value Should be 'Automation!@#$%^&*()_+{}[]\';/.,' for the 'text' attribute, element locator 'By.name: q'] and Actual [Automation!@#$%^&*()_+{}[]\';/.,]. Comparison Type [EQUALS]. Validation Type [POSITIVE]. @21-09-2021 01:52:56.0424 AM
[ReportManager] Successfully created attachment [Screenshot - 1632189176345_assertElementAttribute_true_literalComparison_expectedToPass_ValidateElementAttribute_passed] @21-09-2021 01:52:56.0425 A
[ReportManager] Browser Action [CloseCurrentWindow] successfully performed. @21-09-2021 01:52:56.0539 AM
[ReportManager] Successfully created attachment [Browser Action Test Data - CloseCurrentWindow - Actual Value] @21-09-2021 01:52:56.0540 A
[ReportManager] File Action [GetAbsolutePath] successfully performed. With the following test data [Relative Folder Path: "target/downloadedFiles/"]. @21-09-2021 01:52:56.0543 AM
[ReportManager] Attempting to run remotely on: [Linux-64], [GoogleChrome], [http://localhost:4444/wd/hub], Headless Execution. @21-09-2021 01:52:56.0543 AM
[ReportManager] Successfully Opened [GoogleChrome]. @21-09-2021 01:52:56.0728 AM
[ReportManager] Target URL: [https://www.google.com/ncr], and after redirection: [www.google.com] @21-09-2021 01:52:56.0738 AM
[ReportManager] Initial URL: [data:,] @21-09-2021 01:52:56.0776 AM
[ReportManager] Browser Action [NavigateToURL] successfully performed. With the following test data [https://www.google.com/ncr]. @21-09-2021 01:52:57.0479 A

################################################################################################################################################
Starting Execution:	[23 out of 143] test cases in the current suite
Test Method:		[unitTests.tests_validations_assertions.assertElementAttribute_true_regexComparison_expectedToFail]
################################################################################################################################################
[ReportManager] Element Action [Type] successfully performed. With the following test data [Automation123]. @21-09-2021 01:52:57.0784 AM
[ReportManager] Element Action [GetText] successfully performed. With the following test data [Automation123]. @21-09-2021 01:52:57.0877 AM
[ReportManager] Loaded Shared OpenCV @21-09-2021 01:52:57.0989 AM
[ReportManager] Assertion [ValidateElementAttribute] FAILED. Expected [Value Should be 'Automation' for the 'text' attribute, element locator 'By.name: q'] and Actual [Automation123]. Comparison Type [MATCHES]. Validation Type [POSITIVE]. @21-09-2021 01:52:58.0055 AM
[ReportManager] Successfully created attachment [Screenshot - 1632189177989_assertElementAttribute_true_regexComparison_expectedToFail_ValidateElementAttribute_failed] @21-09-2021 01:52:58.0056 A
[ReportManager] Browser Action [CloseCurrentWindow] successfully performed. @21-09-2021 01:52:58.0169 AM
[ReportManager] Successfully created attachment [Browser Action Test Data - CloseCurrentWindow - Actual Value] @21-09-2021 01:52:58.0170 A
[ReportManager] File Action [GetAbsolutePath] successfully performed. With the following test data [Relative Folder Path: "target/downloadedFiles/"]. @21-09-2021 01:52:58.0173 AM
[ReportManager] Attempting to run remotely on: [Linux-64], [GoogleChrome], [http://localhost:4444/wd/hub], Headless Execution. @21-09-2021 01:52:58.0173 AM
[ReportManager] Successfully Opened [GoogleChrome]. @21-09-2021 01:52:58.0358 AM
[ReportManager] Target URL: [https://www.google.com/ncr], and after redirection: [www.google.com] @21-09-2021 01:52:58.0368 AM
[ReportManager] Initial URL: [data:,] @21-09-2021 01:52:58.0417 AM
[ReportManager] Browser Action [NavigateToURL] successfully performed. With the following test data [https://www.google.com/ncr]. @21-09-2021 01:52:59.0119 A

################################################################################################################################################
Starting Execution:	[24 out of 143] test cases in the current suite
Test Method:		[unitTests.tests_validations_assertions.assertElementAttribute_true_regexComparison_expectedToPass]
################################################################################################################################################
[ReportManager] Element Action [Type] successfully performed. With the following test data [Automation123]. @21-09-2021 01:52:59.0459 AM
[ReportManager] Element Action [GetText] successfully performed. With the following test data [Automation123]. @21-09-2021 01:52:59.0550 AM
[ReportManager] Loaded Shared OpenCV @21-09-2021 01:52:59.0672 AM
[ReportManager] Assertion [ValidateElementAttribute] PASSED. Expected [Value Should be 'Automation.*' for the 'text' attribute, element locator 'By.name: q'] and Actual [Automation123]. Comparison Type [MATCHES]. Validation Type [POSITIVE]. @21-09-2021 01:52:59.0739 AM
[ReportManager] Successfully created attachment [Screenshot - 1632189179672_assertElementAttribute_true_regexComparison_expectedToPass_ValidateElementAttribute_passed] @21-09-2021 01:52:59.0739 A
[ReportManager] Browser Action [CloseCurrentWindow] successfully performed. @21-09-2021 01:52:59.0854 AM
[ReportManager] Successfully created attachment [Browser Action Test Data - CloseCurrentWindow - Actual Value] @21-09-2021 01:52:59.0855 A
[ReportManager] File Action [GetAbsolutePath] successfully performed. With the following test data [Relative Folder Path: "target/downloadedFiles/"]. @21-09-2021 01:52:59.0861 AM
[ReportManager] Attempting to run remotely on: [Linux-64], [GoogleChrome], [http://localhost:4444/wd/hub], Headless Execution. @21-09-2021 01:52:59.0862 AM
[ReportManager] Successfully Opened [GoogleChrome]. @21-09-2021 01:53:00.0088 AM
[ReportManager] Target URL: [https://www.google.com/ncr], and after redirection: [www.google.com] @21-09-2021 01:53:00.0100 AM
[ReportManager] Initial URL: [data:,] @21-09-2021 01:53:00.0134 AM
[ReportManager] Browser Action [NavigateToURL] successfully performed. With the following test data [https://www.google.com/ncr]. @21-09-2021 01:53:00.0824 A

################################################################################################################################################
Starting Execution:	[25 out of 143] test cases in the current suite
Test Method:		[unitTests.tests_validations_assertions.assertElementAttribute_type_true_literalComparison_expectedToPass]
################################################################################################################################################
[ReportManager] Element Action [Type] successfully performed. With the following test data [Automation!@#$%^&*()_+{}[]\';/.,]. @21-09-2021 01:53:01.0250 AM
[ReportManager] Element Action [GetText] successfully performed. With the following test data [Automation!@#$%^&*()_+{}[]\';/.,]. @21-09-2021 01:53:01.0339 AM
[ReportManager] Loaded Shared OpenCV @21-09-2021 01:53:01.0461 AM
[ReportManager] Assertion [ValidateElementAttribute] PASSED. Expected [Value Should be 'Automation!@#$%^&*()_+{}[]\';/.,' for the 'text' attribute, element locator 'By.name: q'] and Actual [Automation!@#$%^&*()_+{}[]\';/.,]. Comparison Type [EQUALS]. Validation Type [POSITIVE]. @21-09-2021 01:53:01.0532 AM
[ReportManager] Successfully created attachment [Screenshot - 1632189181461_assertElementAttribute_type_true_literalComparison_expectedToPass_ValidateElementAttribute_passed] @21-09-2021 01:53:01.0533 A
[ReportManager] Browser Action [CloseCurrentWindow] successfully performed. @21-09-2021 01:53:01.0647 AM
[ReportManager] Successfully created attachment [Browser Action Test Data - CloseCurrentWindow - Actual Value] @21-09-2021 01:53:01.0648 A
[ReportManager] File Action [GetAbsolutePath] successfully performed. With the following test data [Relative Folder Path: "target/downloadedFiles/"]. @21-09-2021 01:53:01.0650 AM
[ReportManager] Attempting to run remotely on: [Linux-64], [GoogleChrome], [http://localhost:4444/wd/hub], Headless Execution. @21-09-2021 01:53:01.0651 AM
[ReportManager] Successfully Opened [GoogleChrome]. @21-09-2021 01:53:01.0816 AM
[ReportManager] Target URL: [https://www.google.com/ncr], and after redirection: [www.google.com] @21-09-2021 01:53:01.0840 AM
[ReportManager] Initial URL: [data:,] @21-09-2021 01:53:01.0882 AM
[ReportManager] Browser Action [NavigateToURL] successfully performed. With the following test data [https://www.google.com/ncr]. @21-09-2021 01:53:02.0568 A

################################################################################################################################################
Starting Execution:	[26 out of 143] test cases in the current suite
Test Method:		[unitTests.tests_validations_assertions.assertElementExists_false_expectedToFail]
################################################################################################################################################
[ReportManager] Assertion [ValidateElementExists] PASSED. Expected [Element Should not Exist, locator 'By.id: hplogo'] and Actual [Element Doesn't Exists]. Comparison Type [EQUALS]. Validation Type [NEGATIVE]. @21-09-2021 01:53:12.0925 AM
[ReportManager] Successfully created attachment [Screenshot - 1632189192851_assertElementExists_false_expectedToFail_ValidateElementExists_passed] @21-09-2021 01:53:12.0926 A
[ReportManager] Browser Action [CloseCurrentWindow] successfully performed. @21-09-2021 01:53:13.0038 AM
[ReportManager] Successfully created attachment [Browser Action Test Data - CloseCurrentWindow - Actual Value] @21-09-2021 01:53:13.0039 A
[ReportManager] File Action [GetAbsolutePath] successfully performed. With the following test data [Relative Folder Path: "target/downloadedFiles/"]. @21-09-2021 01:53:13.0041 AM
[ReportManager] Attempting to run remotely on: [Linux-64], [GoogleChrome], [http://localhost:4444/wd/hub], Headless Execution. @21-09-2021 01:53:13.0041 AM
[ReportManager] Successfully Opened [GoogleChrome]. @21-09-2021 01:53:13.0262 AM
[ReportManager] Target URL: [https://www.google.com/ncr], and after redirection: [www.google.com] @21-09-2021 01:53:13.0282 AM
[ReportManager] Initial URL: [data:,] @21-09-2021 01:53:13.0316 AM
[ReportManager] Browser Action [NavigateToURL] successfully performed. With the following test data [https://www.google.com/ncr]. @21-09-2021 01:53:14.0008 A

################################################################################################################################################
Starting Execution:	[27 out of 143] test cases in the current suite
Test Method:		[unitTests.tests_validations_assertions.assertElementExists_false_expectedToPass]
################################################################################################################################################
[ReportManager] Assertion [ValidateElementExists] PASSED. Expected [Element Should not Exist, locator 'By.id: fakeElement'] and Actual [Element Doesn't Exists]. Comparison Type [EQUALS]. Validation Type [NEGATIVE]. @21-09-2021 01:53:24.0339 AM
[ReportManager] Successfully created attachment [Screenshot - 1632189204284_assertElementExists_false_expectedToPass_ValidateElementExists_passed] @21-09-2021 01:53:24.0340 A
[ReportManager] Browser Action [CloseCurrentWindow] successfully performed. @21-09-2021 01:53:24.0457 AM
[ReportManager] Successfully created attachment [Browser Action Test Data - CloseCurrentWindow - Actual Value] @21-09-2021 01:53:24.0458 A
[ReportManager] File Action [GetAbsolutePath] successfully performed. With the following test data [Relative Folder Path: "target/downloadedFiles/"]. @21-09-2021 01:53:24.0460 AM
[ReportManager] Attempting to run remotely on: [Linux-64], [GoogleChrome], [http://localhost:4444/wd/hub], Headless Execution. @21-09-2021 01:53:24.0462 AM
[ReportManager] Successfully Opened [GoogleChrome]. @21-09-2021 01:53:24.0637 AM
[ReportManager] Target URL: [https://www.google.com/ncr], and after redirection: [www.google.com] @21-09-2021 01:53:24.0649 AM
[ReportManager] Initial URL: [data:,] @21-09-2021 01:53:24.0689 AM
[ReportManager] Browser Action [NavigateToURL] successfully performed. With the following test data [https://www.google.com/ncr]. @21-09-2021 01:53:25.0416 A

################################################################################################################################################
Starting Execution:	[28 out of 143] test cases in the current suite
Test Method:		[unitTests.tests_validations_assertions.assertElementExists_false_multipleElementsFound_expectedToFail]
################################################################################################################################################
[ReportManager] Assertion [ValidateElementExists] FAILED. Expected [Element Should not Exist, locator 'By.xpath: //div'] and Actual [Element Exists but is not unique]. Comparison Type [EQUALS]. Validation Type [NEGATIVE]. @21-09-2021 01:53:25.0639 AM
[ReportManager] Successfully created attachment [Screenshot - 1632189205584_assertElementExists_false_multipleElementsFound_expectedToFail_ValidateElementExists_failed] @21-09-2021 01:53:25.0640 A
[ReportManager] Browser Action [CloseCurrentWindow] successfully performed. @21-09-2021 01:53:25.0760 AM
[ReportManager] Successfully created attachment [Browser Action Test Data - CloseCurrentWindow - Actual Value] @21-09-2021 01:53:25.0761 A
[ReportManager] File Action [GetAbsolutePath] successfully performed. With the following test data [Relative Folder Path: "target/downloadedFiles/"]. @21-09-2021 01:53:25.0766 AM
[ReportManager] Attempting to run remotely on: [Linux-64], [GoogleChrome], [http://localhost:4444/wd/hub], Headless Execution. @21-09-2021 01:53:25.0766 AM
[ReportManager] Successfully Opened [GoogleChrome]. @21-09-2021 01:53:25.0937 AM
[ReportManager] Target URL: [https://www.google.com/ncr], and after redirection: [www.google.com] @21-09-2021 01:53:25.0948 AM
[ReportManager] Initial URL: [data:,] @21-09-2021 01:53:25.0984 AM
[ReportManager] Browser Action [NavigateToURL] successfully performed. With the following test data [https://www.google.com/ncr]. @21-09-2021 01:53:26.0701 A

################################################################################################################################################
Starting Execution:	[29 out of 143] test cases in the current suite
Test Method:		[unitTests.tests_validations_assertions.assertElementExists_true_expectedToFail]
################################################################################################################################################
[ReportManager] Assertion [ValidateElementExists] FAILED. Expected [Element Should Exist, locator 'By.id: fakeElement'] and Actual [Element Doesn't Exists]. Comparison Type [EQUALS]. Validation Type [POSITIVE]. @21-09-2021 01:53:57.0287 AM
[ReportManager] Successfully created attachment [Screenshot - 1632189237232_assertElementExists_true_expectedToFail_ValidateElementExists_failed] @21-09-2021 01:53:57.0287 A
[ReportManager] Browser Action [CloseCurrentWindow] successfully performed. @21-09-2021 01:53:57.0399 AM
[ReportManager] Successfully created attachment [Browser Action Test Data - CloseCurrentWindow - Actual Value] @21-09-2021 01:53:57.0400 A
[ReportManager] File Action [GetAbsolutePath] successfully performed. With the following test data [Relative Folder Path: "target/downloadedFiles/"]. @21-09-2021 01:53:57.0402 AM
[ReportManager] Attempting to run remotely on: [Linux-64], [GoogleChrome], [http://localhost:4444/wd/hub], Headless Execution. @21-09-2021 01:53:57.0402 AM
[ReportManager] Successfully Opened [GoogleChrome]. @21-09-2021 01:53:57.0575 AM
[ReportManager] Target URL: [https://www.google.com/ncr], and after redirection: [www.google.com] @21-09-2021 01:53:57.0585 AM
[ReportManager] Initial URL: [data:,] @21-09-2021 01:53:57.0626 AM
[ReportManager] Browser Action [NavigateToURL] successfully performed. With the following test data [https://www.google.com/ncr]. @21-09-2021 01:53:58.0326 A

################################################################################################################################################
Starting Execution:	[30 out of 143] test cases in the current suite
Test Method:		[unitTests.tests_validations_assertions.assertElementExists_true_expectedToPass]
################################################################################################################################################
[ReportManager] Loaded Shared OpenCV @21-09-2021 01:53:58.0518 AM
[ReportManager] Assertion [ValidateElementExists] PASSED. Expected [Element Should Exist, locator 'By.xpath: //*[@id='hplogo' or @alt='Google']'] and Actual [Element Exists]. Comparison Type [EQUALS]. Validation Type [POSITIVE]. @21-09-2021 01:53:58.0598 AM
[ReportManager] Successfully created attachment [Screenshot - 1632189238518_assertElementExists_true_expectedToPass_ValidateElementExists_passed] @21-09-2021 01:53:58.0598 A
[ReportManager] Browser Action [CloseCurrentWindow] successfully performed. @21-09-2021 01:53:58.0711 AM
[ReportManager] Successfully created attachment [Browser Action Test Data - CloseCurrentWindow - Actual Value] @21-09-2021 01:53:58.0712 A
[ReportManager] File Action [GetAbsolutePath] successfully performed. With the following test data [Relative Folder Path: "target/downloadedFiles/"]. @21-09-2021 01:53:58.0716 AM
[ReportManager] Attempting to run remotely on: [Linux-64], [GoogleChrome], [http://localhost:4444/wd/hub], Headless Execution. @21-09-2021 01:53:58.0717 AM
[ReportManager] Successfully Opened [GoogleChrome]. @21-09-2021 01:53:58.0915 AM
[ReportManager] Target URL: [https://www.google.com/ncr], and after redirection: [www.google.com] @21-09-2021 01:53:58.0932 AM
[ReportManager] Initial URL: [data:,] @21-09-2021 01:53:58.0968 AM
[ReportManager] Browser Action [NavigateToURL] successfully performed. With the following test data [https://www.google.com/ncr]. @21-09-2021 01:53:59.0712 A

################################################################################################################################################
Starting Execution:	[31 out of 143] test cases in the current suite
Test Method:		[unitTests.tests_validations_assertions.assertElementExists_true_multipleElementsFound_expectedToFail]
################################################################################################################################################
[ReportManager] Assertion [ValidateElementExists] FAILED. Expected [Element Should Exist, locator 'By.xpath: //div'] and Actual [Element Exists but is not unique]. Comparison Type [EQUALS]. Validation Type [POSITIVE]. @21-09-2021 01:53:59.0921 AM
[ReportManager] Successfully created attachment [Screenshot - 1632189239866_assertElementExists_true_multipleElementsFound_expectedToFail_ValidateElementExists_failed] @21-09-2021 01:53:59.0921 A
[ReportManager] Browser Action [CloseCurrentWindow] successfully performed. @21-09-2021 01:54:00.0035 AM
[ReportManager] Successfully created attachment [Browser Action Test Data - CloseCurrentWindow - Actual Value] @21-09-2021 01:54:00.0036 A

################################################################################################################################################
Starting Execution:	[32 out of 143] test cases in the current suite
Test Method:		[unitTests.tests_validations_assertions.assertEquals_false_expectedToFail]
################################################################################################################################################
[ReportManager] Assertion [ValidateEquals] FAILED. Expected [1] and Actual [1]. Comparison Type [EQUALS]. Validation Type [NEGATIVE]. @21-09-2021 01:54:00.0041 A

################################################################################################################################################
Starting Execution:	[33 out of 143] test cases in the current suite
Test Method:		[unitTests.tests_validations_assertions.assertEquals_false_expectedToPass]
################################################################################################################################################
[ReportManager] Assertion [ValidateEquals] PASSED. Expected [1] and Actual [2]. Comparison Type [EQUALS]. Validation Type [NEGATIVE]. @21-09-2021 01:54:00.0043 A

################################################################################################################################################
Starting Execution:	[34 out of 143] test cases in the current suite
Test Method:		[unitTests.tests_validations_assertions.assertEquals_longCharacters]
################################################################################################################################################
[ReportManager] Verification [ValidateEquals] PASSED. Expected and Actual values are attached. Comparison Type [EQUALS]. Validation Type [POSITIVE]. @21-09-2021 01:54:00.0047 AM
[ReportManager] Successfully created attachment [Validation Test Data - Expected Value] @21-09-2021 01:54:00.0048 AM
[ReportManager] Successfully created attachment [Validation Test Data - Actual Value] @21-09-2021 01:54:00.0048 AM
[ReportManager] Assertion [ValidateEquals] PASSED. Expected and Actual values are attached. Comparison Type [EQUALS]. Validation Type [POSITIVE]. @21-09-2021 01:54:00.0048 AM
[ReportManager] Successfully created attachment [Validation Test Data - Expected Value] @21-09-2021 01:54:00.0048 AM
[ReportManager] Successfully created attachment [Validation Test Data - Actual Value] @21-09-2021 01:54:00.0048 A

################################################################################################################################################
Starting Execution:	[35 out of 143] test cases in the current suite
Test Method:		[unitTests.tests_validations_assertions.assertEquals_longCharacters_Discreet]
################################################################################################################################################
[ReportManager] Assertion [ValidateEquals] PASSED. Expected [1LH5pROcDBjjQk0t0mCr0lXuzQu9lcGj28kY8R1H81X67eVAQJgWQhILiRWVPUgZ6uCtK5cnBkF55Jr9vYngjGO1Iyf0Mktv6lruDlL9T8MAUPcUZJGHZtji6nIeadujDSNmWMj5d6C8zlFqw0CRqBU0hO5adIasHgBSNoLotAjce3NGXoDwAlp3rYreeV16VIyZXROQY] and Actual [1LH5pROcDBjjQk0t0mCr0lXuzQu9lcGj28kY8R1H81X67eVAQJgWQhILiRWVPUgZ6uCtK5cnBkF55Jr9vYngjGO1Iyf0Mktv6lruDlL9T8MAUPcUZJGHZtji6nIeadujDSNmWMj5d6C8zlFqw0CRqBU0hO5adIasHgBSNoLotAjce3NGXoDwAlp3rYreeV16VIyZXROQY]. Comparison Type [EQUALS]. Validation Type [POSITIVE]. @21-09-2021 01:54:00.0050 A

################################################################################################################################################
Starting Execution:	[36 out of 143] test cases in the current suite
Test Method:		[unitTests.tests_validations_assertions.assertEquals_true_expectedToFail]
################################################################################################################################################
[ReportManager] Assertion [ValidateEquals] FAILED. Expected [1] and Actual [2]. Comparison Type [EQUALS]. Validation Type [POSITIVE]. @21-09-2021 01:54:00.0052 A

################################################################################################################################################
Starting Execution:	[37 out of 143] test cases in the current suite
Test Method:		[unitTests.tests_validations_assertions.assertEquals_true_expectedToPass]
Test Description:	[Assert that assertEquals works as expected when the two values are equal.]
################################################################################################################################################
[ReportManager] Verification [ValidateEquals] PASSED. Expected [1] and Actual [1]. Comparison Type [EQUALS]. Validation Type [POSITIVE]. @21-09-2021 01:54:00.0057 AM
[ReportManager] Assertion [ValidateEquals] PASSED. Expected [1] and Actual [1]. Comparison Type [EQUALS]. Validation Type [POSITIVE]. @21-09-2021 01:54:00.0057 A

################################################################################################################################################
Starting Execution:	[38 out of 143] test cases in the current suite
Test Method:		[unitTests.tests_validations_assertions.assertEquals_true_expectedToPass__]
################################################################################################################################################
[ReportManager] Assertion [ValidateEquals] PASSED. Expected [1] and Actual [1]. Comparison Type [EQUALS]. Validation Type [POSITIVE]. @21-09-2021 01:54:00.0059 A

################################################################################################################################################
Starting Execution:	[39 out of 143] test cases in the current suite
Test Method:		[unitTests.tests_validations_assertions.assertFileExists_false_expectedToFail]
################################################################################################################################################
[ReportManager] File Action [DoesFileExist] successfully performed. With the following test data [File Path: "src/main/java/com/shaft/gui/element/ElementActions.java"]. @21-09-2021 01:54:00.0061 AM
[ReportManager] Assertion [ValidateFileExists] FAILED. Expected [File 'src/main/java/com/shaft/gui/element/ElementActions.java' should not exist, after up to '1' retries] and Actual [File exists]. Validation Type [NEGATIVE]. @21-09-2021 01:54:00.0066 A

################################################################################################################################################
Starting Execution:	[40 out of 143] test cases in the current suite
Test Method:		[unitTests.tests_validations_assertions.assertFileExists_false_expectedToPass]
################################################################################################################################################
[ReportManager] File Action [DoesFileExist] successfully performed. With the following test data [File Path: "src/main/java/com/shaft/gui/element/ElementActions.java_fail"]. @21-09-2021 01:54:00.0568 AM
[ReportManager] Assertion [ValidateFileExists] PASSED. Expected [File 'src/main/java/com/shaft/gui/element/ElementActions.java_fail' should not exist, after up to '1' retries] and Actual [File does not exist]. Validation Type [NEGATIVE]. @21-09-2021 01:54:00.0569 A

################################################################################################################################################
Starting Execution:	[41 out of 143] test cases in the current suite
Test Method:		[unitTests.tests_validations_assertions.assertFileExists_true_expectedToFail]
################################################################################################################################################
[ReportManager] File Action [DoesFileExist] successfully performed. With the following test data [File Path: "src/main/java/com/shaft/gui/element/ElementActions.java_fail"]. @21-09-2021 01:54:01.0072 AM
[ReportManager] Assertion [ValidateFileExists] FAILED. Expected [File 'src/main/java/com/shaft/gui/element/ElementActions.java_fail' should exist, after up to '1' retries] and Actual [File does not exist]. Validation Type [POSITIVE]. @21-09-2021 01:54:01.0073 A

################################################################################################################################################
Starting Execution:	[42 out of 143] test cases in the current suite
Test Method:		[unitTests.tests_validations_assertions.assertFileExists_true_expectedToPass]
################################################################################################################################################
[ReportManager] File Action [DoesFileExist] successfully performed. With the following test data [File Path: "src/main/java/com/shaft/gui/element/ElementActions.java"]. @21-09-2021 01:54:01.0076 AM
[ReportManager] Assertion [ValidateFileExists] PASSED. Expected [File 'src/main/java/com/shaft/gui/element/ElementActions.java' should exist, after up to '1' retries] and Actual [File exists]. Validation Type [POSITIVE]. @21-09-2021 01:54:01.0076 A

################################################################################################################################################
Starting Execution:	[43 out of 143] test cases in the current suite
Test Method:		[unitTests.tests_validations_assertions.assertNull_false_expectedToFail]
################################################################################################################################################
[ReportManager] Assertion [ValidateNull] FAILED. Expected [NULL] and Actual [NULL]. Comparison Type [EQUALS]. Validation Type [NEGATIVE]. @21-09-2021 01:54:01.0079 A

################################################################################################################################################
Starting Execution:	[44 out of 143] test cases in the current suite
Test Method:		[unitTests.tests_validations_assertions.assertNull_false_expectedToPass]
################################################################################################################################################
[ReportManager] Assertion [ValidateNull] PASSED. Expected [NULL] and Actual [1]. Comparison Type [EQUALS]. Validation Type [NEGATIVE]. @21-09-2021 01:54:01.0081 A

################################################################################################################################################
Starting Execution:	[45 out of 143] test cases in the current suite
Test Method:		[unitTests.tests_validations_assertions.assertNull_true_expectedToFail]
################################################################################################################################################
[ReportManager] Assertion [ValidateNull] FAILED. Expected [NULL] and Actual [1]. Comparison Type [EQUALS]. Validation Type [POSITIVE]. @21-09-2021 01:54:01.0083 A

################################################################################################################################################
Starting Execution:	[46 out of 143] test cases in the current suite
Test Method:		[unitTests.tests_validations_assertions.assertNull_true_expectedToPass]
################################################################################################################################################
[ReportManager] Assertion [ValidateNull] PASSED. Expected [NULL] and Actual [NULL]. Comparison Type [EQUALS]. Validation Type [POSITIVE]. @21-09-2021 01:54:01.0085 A

################################################################################################################################################
Starting Execution:	[47 out of 143] test cases in the current suite
Test Method:		[unitTests.tests_restActions.getPostsAndAssertBodyForSpecificTitle]
################################################################################################################################################
[ReportManager] Response status code: [200], status line: [HTTP/1.1 200 OK] @21-09-2021 01:54:03.0002 AM
[ReportManager] Assertion Passed: Evaluating the actual response status code against the expected one... @21-09-2021 01:54:03.0002 AM
[ReportManager] Assertion [ValidateEquals] PASSED. Expected [200] and Actual [200]. Comparison Type [EQUALS]. Validation Type [POSITIVE]. @21-09-2021 01:54:03.0002 AM
[ReportManager] API Action [PerformRequest] successfully performed. With the following test data [Request Type: "GET" | Target Status Code: "200" | Service URL: "https://jsonplaceholder.typicode.com/posts" | Content Type: "*/*" | Response Time: "560ms"]. @21-09-2021 01:54:04.0024 AM
[ReportManager] Successfully created attachment [API Request - Specifications] @21-09-2021 01:54:04.0024 AM
[ReportManager] Successfully created attachment [API Response - JSON Body] @21-09-2021 01:54:04.0258 AM
[ReportManager] API Action [GetResponseJSONValueAsList] successfully performed. @21-09-2021 01:54:04.0273 AM
[ReportManager] API Action [GetResponseJSONValue] successfully performed. With the following test data [title]. @21-09-2021 01:54:04.0317 AM
[ReportManager] API Action [GetResponseJSONValue] successfully performed. With the following test data [title]. @21-09-2021 01:54:04.0343 AM
[ReportManager] API Action [GetResponseJSONValue] successfully performed. With the following test data [body]. @21-09-2021 01:54:04.0385 AM
[ReportManager] Assertion [ValidateEquals] PASSED. Expected [qui neque nisi nulla] and Actual [est rerum tempore vitae
sequi sint nihil reprehenderit dolor beatae ea dolores neque
fugiat blanditiis voluptate porro vel nihil molestiae ut reiciendis
qui aperiam non debitis possimus qui neque nisi nulla]. Comparison Type [CONTAINS]. Validation Type [POSITIVE]. @21-09-2021 01:54:04.0385 AM
[ReportManager] API Action [GetResponseJSONValue] successfully performed. With the following test data [title]. @21-09-2021 01:54:04.0404 AM
[ReportManager] API Action [GetResponseJSONValue] successfully performed. With the following test data [title]. @21-09-2021 01:54:04.0422 AM
[ReportManager] API Action [GetResponseJSONValue] successfully performed. With the following test data [title]. @21-09-2021 01:54:04.0441 AM
[ReportManager] API Action [GetResponseJSONValue] successfully performed. With the following test data [title]. @21-09-2021 01:54:04.0464 AM
[ReportManager] API Action [GetResponseJSONValue] successfully performed. With the following test data [title]. @21-09-2021 01:54:04.0487 AM
[ReportManager] API Action [GetResponseJSONValue] successfully performed. With the following test data [title]. @21-09-2021 01:54:04.0501 AM
[ReportManager] API Action [GetResponseJSONValue] successfully performed. With the following test data [title]. @21-09-2021 01:54:04.0517 AM
[ReportManager] API Action [GetResponseJSONValue] successfully performed. With the following test data [title]. @21-09-2021 01:54:04.0532 AM
[ReportManager] API Action [GetResponseJSONValue] successfully performed. With the following test data [title]. @21-09-2021 01:54:04.0547 AM
[ReportManager] API Action [GetResponseJSONValue] successfully performed. With the following test data [title]. @21-09-2021 01:54:04.0560 AM
[ReportManager] API Action [GetResponseJSONValue] successfully performed. With the following test data [title]. @21-09-2021 01:54:04.0582 AM
[ReportManager] API Action [GetResponseJSONValue] successfully performed. With the following test data [title]. @21-09-2021 01:54:04.0607 AM
[ReportManager] API Action [GetResponseJSONValue] successfully performed. With the following test data [title]. @21-09-2021 01:54:04.0621 AM
[ReportManager] API Action [GetResponseJSONValue] successfully performed. With the following test data [title]. @21-09-2021 01:54:04.0635 AM
[ReportManager] API Action [GetResponseJSONValue] successfully performed. With the following test data [title]. @21-09-2021 01:54:04.0654 AM
[ReportManager] API Action [GetResponseJSONValue] successfully performed. With the following test data [title]. @21-09-2021 01:54:04.0670 AM
[ReportManager] API Action [GetResponseJSONValue] successfully performed. With the following test data [title]. @21-09-2021 01:54:04.0682 AM
[ReportManager] API Action [GetResponseJSONValue] successfully performed. With the following test data [title]. @21-09-2021 01:54:04.0696 AM
[ReportManager] API Action [GetResponseJSONValue] successfully performed. With the following test data [title]. @21-09-2021 01:54:04.0705 AM
[ReportManager] API Action [GetResponseJSONValue] successfully performed. With the following test data [title]. @21-09-2021 01:54:04.0721 AM
[ReportManager] API Action [GetResponseJSONValue] successfully performed. With the following test data [title]. @21-09-2021 01:54:04.0731 AM
[ReportManager] API Action [GetResponseJSONValue] successfully performed. With the following test data [title]. @21-09-2021 01:54:04.0746 AM
[ReportManager] API Action [GetResponseJSONValue] successfully performed. With the following test data [title]. @21-09-2021 01:54:04.0758 AM
[ReportManager] API Action [GetResponseJSONValue] successfully performed. With the following test data [title]. @21-09-2021 01:54:04.0769 AM
[ReportManager] API Action [GetResponseJSONValue] successfully performed. With the following test data [title]. @21-09-2021 01:54:04.0781 AM
[ReportManager] API Action [GetResponseJSONValue] successfully performed. With the following test data [title]. @21-09-2021 01:54:04.0789 AM
[ReportManager] API Action [GetResponseJSONValue] successfully performed. With the following test data [title]. @21-09-2021 01:54:04.0802 AM
[ReportManager] API Action [GetResponseJSONValue] successfully performed. With the following test data [title]. @21-09-2021 01:54:04.0815 AM
[ReportManager] API Action [GetResponseJSONValue] successfully performed. With the following test data [title]. @21-09-2021 01:54:04.0824 AM
[ReportManager] API Action [GetResponseJSONValue] successfully performed. With the following test data [title]. @21-09-2021 01:54:04.0831 AM
[ReportManager] API Action [GetResponseJSONValue] successfully performed. With the following test data [title]. @21-09-2021 01:54:04.0840 AM
[ReportManager] API Action [GetResponseJSONValue] successfully performed. With the following test data [title]. @21-09-2021 01:54:04.0867 AM
[ReportManager] API Action [GetResponseJSONValue] successfully performed. With the following test data [title]. @21-09-2021 01:54:04.0874 AM
[ReportManager] API Action [GetResponseJSONValue] successfully performed. With the following test data [title]. @21-09-2021 01:54:04.0880 AM
[ReportManager] API Action [GetResponseJSONValue] successfully performed. With the following test data [title]. @21-09-2021 01:54:04.0887 AM
[ReportManager] API Action [GetResponseJSONValue] successfully performed. With the following test data [title]. @21-09-2021 01:54:04.0893 AM
[ReportManager] API Action [GetResponseJSONValue] successfully performed. With the following test data [title]. @21-09-2021 01:54:04.0900 AM
[ReportManager] API Action [GetResponseJSONValue] successfully performed. With the following test data [title]. @21-09-2021 01:54:04.0906 AM
[ReportManager] API Action [GetResponseJSONValue] successfully performed. With the following test data [title]. @21-09-2021 01:54:04.0913 AM
[ReportManager] API Action [GetResponseJSONValue] successfully performed. With the following test data [title]. @21-09-2021 01:54:04.0920 AM
[ReportManager] API Action [GetResponseJSONValue] successfully performed. With the following test data [title]. @21-09-2021 01:54:04.0926 AM
[ReportManager] API Action [GetResponseJSONValue] successfully performed. With the following test data [title]. @21-09-2021 01:54:04.0933 AM
[ReportManager] API Action [GetResponseJSONValue] successfully performed. With the following test data [title]. @21-09-2021 01:54:04.0940 AM
[ReportManager] API Action [GetResponseJSONValue] successfully performed. With the following test data [title]. @21-09-2021 01:54:04.0946 AM
[ReportManager] API Action [GetResponseJSONValue] successfully performed. With the following test data [title]. @21-09-2021 01:54:04.0953 AM
[ReportManager] API Action [GetResponseJSONValue] successfully performed. With the following test data [title]. @21-09-2021 01:54:04.0961 AM
[ReportManager] API Action [GetResponseJSONValue] successfully performed. With the following test data [title]. @21-09-2021 01:54:04.0967 AM
[ReportManager] API Action [GetResponseJSONValue] successfully performed. With the following test data [title]. @21-09-2021 01:54:04.0974 AM
[ReportManager] API Action [GetResponseJSONValue] successfully performed. With the following test data [title]. @21-09-2021 01:54:04.0981 AM
[ReportManager] API Action [GetResponseJSONValue] successfully performed. With the following test data [title]. @21-09-2021 01:54:04.0987 AM
[ReportManager] API Action [GetResponseJSONValue] successfully performed. With the following test data [title]. @21-09-2021 01:54:04.0994 AM
[ReportManager] API Action [GetResponseJSONValue] successfully performed. With the following test data [title]. @21-09-2021 01:54:05.0000 AM
[ReportManager] API Action [GetResponseJSONValue] successfully performed. With the following test data [title]. @21-09-2021 01:54:05.0006 AM
[ReportManager] API Action [GetResponseJSONValue] successfully performed. With the following test data [title]. @21-09-2021 01:54:05.0012 AM
[ReportManager] API Action [GetResponseJSONValue] successfully performed. With the following test data [title]. @21-09-2021 01:54:05.0018 AM
[ReportManager] API Action [GetResponseJSONValue] successfully performed. With the following test data [title]. @21-09-2021 01:54:05.0024 AM
[ReportManager] API Action [GetResponseJSONValue] successfully performed. With the following test data [title]. @21-09-2021 01:54:05.0030 AM
[ReportManager] API Action [GetResponseJSONValue] successfully performed. With the following test data [title]. @21-09-2021 01:54:05.0036 AM
[ReportManager] API Action [GetResponseJSONValue] successfully performed. With the following test data [title]. @21-09-2021 01:54:05.0042 AM
[ReportManager] API Action [GetResponseJSONValue] successfully performed. With the following test data [title]. @21-09-2021 01:54:05.0063 AM
[ReportManager] API Action [GetResponseJSONValue] successfully performed. With the following test data [title]. @21-09-2021 01:54:05.0069 AM
[ReportManager] API Action [GetResponseJSONValue] successfully performed. With the following test data [title]. @21-09-2021 01:54:05.0075 AM
[ReportManager] API Action [GetResponseJSONValue] successfully performed. With the following test data [title]. @21-09-2021 01:54:05.0082 AM
[ReportManager] API Action [GetResponseJSONValue] successfully performed. With the following test data [title]. @21-09-2021 01:54:05.0088 AM
[ReportManager] API Action [GetResponseJSONValue] successfully performed. With the following test data [title]. @21-09-2021 01:54:05.0094 AM
[ReportManager] API Action [GetResponseJSONValue] successfully performed. With the following test data [title]. @21-09-2021 01:54:05.0099 AM
[ReportManager] API Action [GetResponseJSONValue] successfully performed. With the following test data [title]. @21-09-2021 01:54:05.0105 AM
[ReportManager] API Action [GetResponseJSONValue] successfully performed. With the following test data [title]. @21-09-2021 01:54:05.0111 AM
[ReportManager] API Action [GetResponseJSONValue] successfully performed. With the following test data [title]. @21-09-2021 01:54:05.0117 AM
[ReportManager] API Action [GetResponseJSONValue] successfully performed. With the following test data [title]. @21-09-2021 01:54:05.0123 AM
[ReportManager] API Action [GetResponseJSONValue] successfully performed. With the following test data [title]. @21-09-2021 01:54:05.0129 AM
[ReportManager] API Action [GetResponseJSONValue] successfully performed. With the following test data [title]. @21-09-2021 01:54:05.0134 AM
[ReportManager] API Action [GetResponseJSONValue] successfully performed. With the following test data [title]. @21-09-2021 01:54:05.0140 AM
[ReportManager] API Action [GetResponseJSONValue] successfully performed. With the following test data [title]. @21-09-2021 01:54:05.0146 AM
[ReportManager] API Action [GetResponseJSONValue] successfully performed. With the following test data [title]. @21-09-2021 01:54:05.0152 AM
[ReportManager] API Action [GetResponseJSONValue] successfully performed. With the following test data [title]. @21-09-2021 01:54:05.0158 AM
[ReportManager] API Action [GetResponseJSONValue] successfully performed. With the following test data [title]. @21-09-2021 01:54:05.0164 AM
[ReportManager] API Action [GetResponseJSONValue] successfully performed. With the following test data [title]. @21-09-2021 01:54:05.0169 AM
[ReportManager] API Action [GetResponseJSONValue] successfully performed. With the following test data [title]. @21-09-2021 01:54:05.0175 AM
[ReportManager] API Action [GetResponseJSONValue] successfully performed. With the following test data [title]. @21-09-2021 01:54:05.0181 AM
[ReportManager] API Action [GetResponseJSONValue] successfully performed. With the following test data [title]. @21-09-2021 01:54:05.0188 AM
[ReportManager] API Action [GetResponseJSONValue] successfully performed. With the following test data [title]. @21-09-2021 01:54:05.0193 AM
[ReportManager] API Action [GetResponseJSONValue] successfully performed. With the following test data [title]. @21-09-2021 01:54:05.0199 AM
[ReportManager] API Action [GetResponseJSONValue] successfully performed. With the following test data [title]. @21-09-2021 01:54:05.0205 AM
[ReportManager] API Action [GetResponseJSONValue] successfully performed. With the following test data [title]. @21-09-2021 01:54:05.0211 AM
[ReportManager] API Action [GetResponseJSONValue] successfully performed. With the following test data [title]. @21-09-2021 01:54:05.0217 AM
[ReportManager] API Action [GetResponseJSONValue] successfully performed. With the following test data [title]. @21-09-2021 01:54:05.0222 AM
[ReportManager] API Action [GetResponseJSONValue] successfully performed. With the following test data [title]. @21-09-2021 01:54:05.0228 AM
[ReportManager] API Action [GetResponseJSONValue] successfully performed. With the following test data [title]. @21-09-2021 01:54:05.0234 AM
[ReportManager] API Action [GetResponseJSONValue] successfully performed. With the following test data [title]. @21-09-2021 01:54:05.0239 AM
[ReportManager] API Action [GetResponseJSONValue] successfully performed. With the following test data [title]. @21-09-2021 01:54:05.0245 AM
[ReportManager] API Action [GetResponseJSONValue] successfully performed. With the following test data [title]. @21-09-2021 01:54:05.0251 AM
[ReportManager] API Action [GetResponseJSONValue] successfully performed. With the following test data [title]. @21-09-2021 01:54:05.0257 AM
[ReportManager] API Action [GetResponseJSONValue] successfully performed. With the following test data [title]. @21-09-2021 01:54:05.0262 AM
[ReportManager] API Action [GetResponseJSONValue] successfully performed. With the following test data [title]. @21-09-2021 01:54:05.0286 AM
[ReportManager] API Action [GetResponseJSONValue] successfully performed. With the following test data [title]. @21-09-2021 01:54:05.0292 AM
[ReportManager] API Action [GetResponseJSONValue] successfully performed. With the following test data [title]. @21-09-2021 01:54:05.0299 AM
[ReportManager] API Action [GetResponseJSONValue] successfully performed. With the following test data [title]. @21-09-2021 01:54:05.0305 A

################################################################################################################################################
Starting Execution:	[48 out of 143] test cases in the current suite
Test Method:		[unitTests.tests_restActions.validateUserEmail]
################################################################################################################################################
[ReportManager] Response status code: [200], status line: [HTTP/1.1 200 OK] @21-09-2021 01:54:05.0371 AM
[ReportManager] Assertion Passed: Evaluating the actual response status code against the expected one... @21-09-2021 01:54:05.0372 AM
[ReportManager] Assertion [ValidateEquals] PASSED. Expected [200] and Actual [200]. Comparison Type [EQUALS]. Validation Type [POSITIVE]. @21-09-2021 01:54:05.0372 AM
[ReportManager] API Action [PerformRequest] successfully performed. With the following test data [Request Type: "GET" | Target Status Code: "200" | Service URL: "https://jsonplaceholder.typicode.com/users" | Content Type: "*/*" | Response Time: "58ms"]. @21-09-2021 01:54:05.0386 AM
[ReportManager] Successfully created attachment [API Request - Specifications] @21-09-2021 01:54:05.0387 AM
[ReportManager] Successfully created attachment [API Response - JSON Body] @21-09-2021 01:54:05.0387 AM
[ReportManager] Assertion [ValidateEquals] PASSED. Expected and Actual values are attached. Comparison Type [CONTAINS]. Validation Type [POSITIVE]. @21-09-2021 01:54:05.0388 AM
[ReportManager] Successfully created attachment [Validation Test Data - Expected Value] @21-09-2021 01:54:05.0388 AM
[ReportManager] Successfully created attachment [Validation Test Data - Actual Value] @21-09-2021 01:54:05.0388 AM
[ReportManager] API Action [GetResponseJSONValueAsList] successfully performed. With the following test data [$]. @21-09-2021 01:54:05.0391 AM
[ReportManager] API Action [GetResponseJSONValue] successfully performed. With the following test data [name]. @21-09-2021 01:54:05.0399 AM
[ReportManager] API Action [GetResponseJSONValue] successfully performed. With the following test data [email]. @21-09-2021 01:54:05.0406 AM
[ReportManager] Assertion [ValidateEquals] PASSED. Expected [Sincere@april.biz] and Actual [Sincere@april.biz]. Comparison Type [EQUALS]. Validation Type [POSITIVE]. @21-09-2021 01:54:05.0407 AM
[ReportManager] API Action [GetResponseJSONValue] successfully performed. With the following test data [name]. @21-09-2021 01:54:05.0414 AM
[ReportManager] API Action [GetResponseJSONValue] successfully performed. With the following test data [name]. @21-09-2021 01:54:05.0420 AM
[ReportManager] API Action [GetResponseJSONValue] successfully performed. With the following test data [name]. @21-09-2021 01:54:05.0437 AM
[ReportManager] API Action [GetResponseJSONValue] successfully performed. With the following test data [name]. @21-09-2021 01:54:05.0452 AM
[ReportManager] API Action [GetResponseJSONValue] successfully performed. With the following test data [name]. @21-09-2021 01:54:05.0461 AM
[ReportManager] API Action [GetResponseJSONValue] successfully performed. With the following test data [name]. @21-09-2021 01:54:05.0475 AM
[ReportManager] API Action [GetResponseJSONValue] successfully performed. With the following test data [name]. @21-09-2021 01:54:05.0482 AM
[ReportManager] API Action [GetResponseJSONValue] successfully performed. With the following test data [name]. @21-09-2021 01:54:05.0502 AM
[ReportManager] API Action [GetResponseJSONValue] successfully performed. With the following test data [name]. @21-09-2021 01:54:05.0517 A
[ReportManager] File Action [GetAbsolutePath] successfully performed. With the following test data [Relative Folder Path: "target/downloadedFiles/"]. @21-09-2021 01:54:05.0551 AM
[ReportManager] Attempting to run remotely on: [Linux-64], [GoogleChrome], [http://localhost:4444/wd/hub], Headless Execution. @21-09-2021 01:54:05.0552 AM
[ReportManager] Successfully Opened [GoogleChrome]. @21-09-2021 01:54:05.0829 A

################################################################################################################################################
Starting Execution:	[49 out of 143] test cases in the current suite
Test Method:		[unitTests.tests_element_elementActions.waitForElementToBePresent_false_expectedToFail]
################################################################################################################################################
[ReportManager] Target URL: [https://www.google.com/ncr], and after redirection: [www.google.com] @21-09-2021 01:54:05.0853 AM
[ReportManager] Initial URL: [data:,] @21-09-2021 01:54:05.0890 AM
[ReportManager] Browser Action [NavigateToURL] successfully performed. With the following test data [https://www.google.com/ncr]. @21-09-2021 01:54:06.0637 AM
[ReportManager] Waiting for element to be present; elementLocator [By.xpath: //*[@id='hplogo' or @alt='Google']], numberOfTries[1], stateOfPresence[false]... @21-09-2021 01:54:06.0640 AM
[ReportManager] Element Action [WaitForElementToBePresent] failed. With the following test data [waited for the element's state of presence to be (false). Element locator (By.xpath: //*[@id='hplogo' or @alt='Google'])]. @21-09-2021 01:54:06.0825 AM
[ReportManager] Successfully created attachment [Screenshot - 1632189246767_waitForElementToBePresent_false_expectedToFail_WaitForElementToBePresent_failed] @21-09-2021 01:54:06.0826 A
[ReportManager] Browser Action [CloseCurrentWindow] successfully performed. @21-09-2021 01:54:06.0945 AM
[ReportManager] Successfully created attachment [Browser Action Test Data - CloseCurrentWindow - Actual Value] @21-09-2021 01:54:06.0946 A
[ReportManager] File Action [GetAbsolutePath] successfully performed. With the following test data [Relative Folder Path: "target/downloadedFiles/"]. @21-09-2021 01:54:06.0954 AM
[ReportManager] Attempting to run remotely on: [Linux-64], [GoogleChrome], [http://localhost:4444/wd/hub], Headless Execution. @21-09-2021 01:54:06.0954 AM
[ReportManager] Successfully Opened [GoogleChrome]. @21-09-2021 01:54:07.0130 A

################################################################################################################################################
Starting Execution:	[50 out of 143] test cases in the current suite
Test Method:		[unitTests.tests_element_elementActions.waitForElementToBePresent_false_expectedToPass]
################################################################################################################################################
[ReportManager] Target URL: [https://www.google.com/ncr], and after redirection: [www.google.com] @21-09-2021 01:54:07.0149 AM
[ReportManager] Initial URL: [data:,] @21-09-2021 01:54:07.0195 AM
[ReportManager] Browser Action [NavigateToURL] successfully performed. With the following test data [https://www.google.com/ncr]. @21-09-2021 01:54:07.0898 AM
[ReportManager] Waiting for element to be present; elementLocator [By.id: bla], numberOfTries[1], stateOfPresence[false]... @21-09-2021 01:54:07.0898 AM
[ReportManager] Element Action [WaitForElementToBePresent] successfully performed. With the following test data [waited for the element's state of presence to be (false). Element locator (By.id: bla)]. @21-09-2021 01:54:13.0000 A
[ReportManager] Browser Action [CloseCurrentWindow] successfully performed. @21-09-2021 01:54:13.0127 AM
[ReportManager] Successfully created attachment [Browser Action Test Data - CloseCurrentWindow - Actual Value] @21-09-2021 01:54:13.0128 A
[ReportManager] File Action [GetAbsolutePath] successfully performed. With the following test data [Relative Folder Path: "target/downloadedFiles/"]. @21-09-2021 01:54:13.0130 AM
[ReportManager] Attempting to run remotely on: [Linux-64], [GoogleChrome], [http://localhost:4444/wd/hub], Headless Execution. @21-09-2021 01:54:13.0130 AM
[ReportManager] Successfully Opened [GoogleChrome]. @21-09-2021 01:54:13.0306 A

################################################################################################################################################
Starting Execution:	[51 out of 143] test cases in the current suite
Test Method:		[unitTests.tests_element_elementActions.waitForElementToBePresent_moreThanOneElement_expectedToFail]
################################################################################################################################################
[ReportManager] Target URL: [https://www.google.com/ncr], and after redirection: [www.google.com] @21-09-2021 01:54:13.0319 AM
[ReportManager] Initial URL: [data:,] @21-09-2021 01:54:13.0364 AM
[ReportManager] Browser Action [NavigateToURL] successfully performed. With the following test data [https://www.google.com/ncr]. @21-09-2021 01:54:14.0053 AM
[ReportManager] Waiting for element to be present; elementLocator [By.xpath: //*], numberOfTries[1], stateOfPresence[false]... @21-09-2021 01:54:14.0054 AM
[ReportManager] Element Action [WaitForElementToBePresent] failed. With the following test data [waited for the element's state of presence to be (false). Element locator (By.xpath: //*)]. @21-09-2021 01:54:14.0238 AM
[ReportManager] Successfully created attachment [Screenshot - 1632189254184_waitForElementToBePresent_moreThanOneElement_expectedToFail_WaitForElementToBePresent_failed] @21-09-2021 01:54:14.0238 A
[ReportManager] Browser Action [CloseCurrentWindow] successfully performed. @21-09-2021 01:54:14.0358 AM
[ReportManager] Successfully created attachment [Browser Action Test Data - CloseCurrentWindow - Actual Value] @21-09-2021 01:54:14.0359 A
[ReportManager] File Action [GetAbsolutePath] successfully performed. With the following test data [Relative Folder Path: "target/downloadedFiles/"]. @21-09-2021 01:54:14.0362 AM
[ReportManager] Attempting to run remotely on: [Linux-64], [GoogleChrome], [http://localhost:4444/wd/hub], Headless Execution. @21-09-2021 01:54:14.0362 AM
[ReportManager] Successfully Opened [GoogleChrome]. @21-09-2021 01:54:14.0552 A

################################################################################################################################################
Starting Execution:	[52 out of 143] test cases in the current suite
Test Method:		[unitTests.tests_element_elementActions.waitForElementToBePresent_true_expectedToFail]
################################################################################################################################################
[ReportManager] Target URL: [https://www.google.com/ncr], and after redirection: [www.google.com] @21-09-2021 01:54:14.0568 AM
[ReportManager] Initial URL: [data:,] @21-09-2021 01:54:14.0601 AM
[ReportManager] Browser Action [NavigateToURL] successfully performed. With the following test data [https://www.google.com/ncr]. @21-09-2021 01:54:15.0338 AM
[ReportManager] Waiting for element to be present; elementLocator [By.id: bla], numberOfTries[1], stateOfPresence[true]... @21-09-2021 01:54:15.0338 AM
[ReportManager] Element Action [WaitForElementToBePresent] failed. With the following test data [waited for the element's state of presence to be (true). Element locator (By.id: bla)]. @21-09-2021 01:54:20.0552 AM
[ReportManager] Successfully created attachment [Screenshot - 1632189260498_waitForElementToBePresent_true_expectedToFail_WaitForElementToBePresent_failed] @21-09-2021 01:54:20.0553 A
[ReportManager] Browser Action [CloseCurrentWindow] successfully performed. @21-09-2021 01:54:20.0663 AM
[ReportManager] Successfully created attachment [Browser Action Test Data - CloseCurrentWindow - Actual Value] @21-09-2021 01:54:20.0664 A
[ReportManager] File Action [GetAbsolutePath] successfully performed. With the following test data [Relative Folder Path: "target/downloadedFiles/"]. @21-09-2021 01:54:20.0666 AM
[ReportManager] Attempting to run remotely on: [Linux-64], [GoogleChrome], [http://localhost:4444/wd/hub], Headless Execution. @21-09-2021 01:54:20.0667 AM
[ReportManager] Successfully Opened [GoogleChrome]. @21-09-2021 01:54:20.0867 A

################################################################################################################################################
Starting Execution:	[53 out of 143] test cases in the current suite
Test Method:		[unitTests.tests_element_elementActions.waitForElementToBePresent_true_expectedToPass]
################################################################################################################################################
[ReportManager] Target URL: [https://www.google.com/ncr], and after redirection: [www.google.com] @21-09-2021 01:54:20.0880 AM
[ReportManager] Initial URL: [data:,] @21-09-2021 01:54:20.0915 AM
[ReportManager] Browser Action [NavigateToURL] successfully performed. With the following test data [https://www.google.com/ncr]. @21-09-2021 01:54:21.0631 AM
[ReportManager] Waiting for element to be present; elementLocator [By.xpath: //*[@id='hplogo' or @alt='Google']], numberOfTries[1], stateOfPresence[true]... @21-09-2021 01:54:21.0632 AM
[ReportManager] Element Action [WaitForElementToBePresent] successfully performed. With the following test data [waited for the element's state of presence to be (true). Element locator (By.xpath: //*[@id='hplogo' or @alt='Google'])]. @21-09-2021 01:54:21.0683 AM
[ReportManager] File Action [DoesFileExist] successfully performed. With the following test data [File Path: "src/test/resources/DynamicObjectRepository/unitTests_tests_element_elementActions_waitForElementToBePresent_true_expectedToPass_By_xpath_id_hplogo_or_alt_Google.png"]. @21-09-2021 01:54:21.0686 AM
[ReportManager] File Action [DoesFileExist] successfully performed. With the following test data [File Path: "src/test/resources/DynamicObjectRepository/unitTests_tests_element_elementActions_waitForElementToBePresent_true_expectedToPass_By_xpath_id_hplogo_or_alt_Google.png"]. @21-09-2021 01:54:21.0846 AM
[ReportManager] Passing the test and saving a reference image @21-09-2021 01:54:21.0846 AM
[ReportManager] File Action [GetAbsolutePath] successfully performed. With the following test data [Relative File Path: "src/test/resources/DynamicObjectRepository/unitTests_tests_element_elementActions_waitForElementToBePresent_true_expectedToPass_By_xpath_id_hplogo_or_alt_Google.png"]. @21-09-2021 01:54:21.0846 AM
[ReportManager] File Action [WriteToFile] successfully performed. With the following test data [Target File Path: "/home/runner/work/SHAFT_ENGINE/SHAFT_ENGINE/src/test/resources/DynamicObjectRepository/unitTests_tests_element_elementActions_waitForElementToBePresent_true_expectedToPass_By_xpath_id_hplogo_or_alt_Google.png"]. @21-09-2021 01:54:21.0847 AM
[ReportManager] Assertion Passed: Using Visual AI; OpenCV @21-09-2021 01:54:21.0848 AM
[ReportManager] Successfully created attachment [Validation Test Data - Actual Screenshot] @21-09-2021 01:54:21.0848 AM
[ReportManager] Assertion [ValidateElementMatches] PASSED. Expected [Element should match the reference screenshot] and Actual [TRUE]. Comparison Type [EXACT_OPENCV]. Validation Type [POSITIVE]. @21-09-2021 01:54:21.0848 A
[ReportManager] Browser Action [CloseCurrentWindow] successfully performed. @21-09-2021 01:54:21.0962 AM
[ReportManager] Successfully created attachment [Browser Action Test Data - CloseCurrentWindow - Actual Value] @21-09-2021 01:54:21.0962 A
[ReportManager] File Action [GetAbsolutePath] successfully performed. With the following test data [Relative Folder Path: "target/downloadedFiles/"]. @21-09-2021 01:54:21.0965 AM
[ReportManager] Attempting to run remotely on: [Linux-64], [GoogleChrome], [http://localhost:4444/wd/hub], Headless Execution. @21-09-2021 01:54:21.0965 AM
[ReportManager] Successfully Opened [GoogleChrome]. @21-09-2021 01:54:22.0130 AM
[ReportManager] Target URL: [https://duckduckgo.com] @21-09-2021 01:54:22.0142 AM
[ReportManager] Initial URL: [data:,] @21-09-2021 01:54:22.0178 AM
[ReportManager] Browser Action [NavigateToURL] successfully performed. With the following test data [https://duckduckgo.com]. @21-09-2021 01:54:22.0670 A

################################################################################################################################################
Starting Execution:	[54 out of 143] test cases in the current suite
Test Method:		[unitTests.tests_browserActions.fullScreenWindow]
################################################################################################################################################
[ReportManager] Initial Windows Size: 800x600 @21-09-2021 01:54:22.0677 AM
[ReportManager] Initial window size: (800, 600) @21-09-2021 01:54:22.0679 AM
[ReportManager] Window size after Toolkit: (1920, 1080) @21-09-2021 01:54:22.0895 AM
[ReportManager] Browser Action [MaximizeWindow] successfully performed. With the following test data [New screen size is now: (1920, 1080)]. @21-09-2021 01:54:22.0897 AM
[ReportManager] Current Windows Size after fullScreen: 1920x1080 @21-09-2021 01:54:22.0900 AM
[ReportManager] Browser Action [FullScreenWindow] successfully performed. @21-09-2021 01:54:22.0914 AM
[ReportManager] Successfully created attachment [Browser Action Test Data - FullScreenWindow - Actual Value] @21-09-2021 01:54:22.0916 A
[ReportManager] Target URL: [https://duckduckgo.com] @21-09-2021 01:54:22.0917 AM
[ReportManager] Initial URL: [https://duckduckgo.com] @21-09-2021 01:54:22.0976 AM
[ReportManager] Browser Action [NavigateToURL] successfully performed. With the following test data [https://duckduckgo.com]. @21-09-2021 01:54:23.0265 AM
[ReportManager] Browser Action [CloseCurrentWindow] successfully performed. @21-09-2021 01:54:23.0356 AM
[ReportManager] Successfully created attachment [Browser Action Test Data - CloseCurrentWindow - Actual Value] @21-09-2021 01:54:23.0360 A
[ReportManager] File Action [GetAbsolutePath] successfully performed. With the following test data [Relative Folder Path: "target/downloadedFiles/"]. @21-09-2021 01:54:23.0362 AM
[ReportManager] Attempting to run remotely on: [Linux-64], [GoogleChrome], [http://localhost:4444/wd/hub], Headless Execution. @21-09-2021 01:54:23.0363 AM
[ReportManager] Successfully Opened [GoogleChrome]. @21-09-2021 01:54:23.0540 AM
[ReportManager] Target URL: [https://duckduckgo.com] @21-09-2021 01:54:23.0549 AM
[ReportManager] Initial URL: [data:,] @21-09-2021 01:54:23.0582 AM
[ReportManager] Browser Action [NavigateToURL] successfully performed. With the following test data [https://duckduckgo.com]. @21-09-2021 01:54:24.0014 A

################################################################################################################################################
Starting Execution:	[55 out of 143] test cases in the current suite
Test Method:		[unitTests.tests_browserActions.getCurrentURL]
################################################################################################################################################
[ReportManager] Browser Action [GetCurrentURL] successfully performed. With the following test data [https://duckduckgo.com/]. @21-09-2021 01:54:24.0044 A
[ReportManager] Target URL: [https://duckduckgo.com] @21-09-2021 01:54:24.0046 AM
[ReportManager] Initial URL: [https://duckduckgo.com] @21-09-2021 01:54:24.0119 AM
[ReportManager] Browser Action [NavigateToURL] successfully performed. With the following test data [https://duckduckgo.com]. @21-09-2021 01:54:24.0380 AM
[ReportManager] Browser Action [CloseCurrentWindow] successfully performed. @21-09-2021 01:54:24.0496 AM
[ReportManager] Successfully created attachment [Browser Action Test Data - CloseCurrentWindow - Actual Value] @21-09-2021 01:54:24.0497 A
[ReportManager] File Action [GetAbsolutePath] successfully performed. With the following test data [Relative Folder Path: "target/downloadedFiles/"]. @21-09-2021 01:54:24.0499 AM
[ReportManager] Attempting to run remotely on: [Linux-64], [GoogleChrome], [http://localhost:4444/wd/hub], Headless Execution. @21-09-2021 01:54:24.0499 AM
[ReportManager] Successfully Opened [GoogleChrome]. @21-09-2021 01:54:24.0676 AM
[ReportManager] Target URL: [https://duckduckgo.com] @21-09-2021 01:54:24.0685 AM
[ReportManager] Initial URL: [data:,] @21-09-2021 01:54:24.0724 AM
[ReportManager] Browser Action [NavigateToURL] successfully performed. With the following test data [https://duckduckgo.com]. @21-09-2021 01:54:25.0173 A

################################################################################################################################################
Starting Execution:	[56 out of 143] test cases in the current suite
Test Method:		[unitTests.tests_browserActions.getCurrentWindowTitle]
################################################################################################################################################
[ReportManager] Browser Action [GetCurrentWindowTitle] successfully performed. With the following test data [DuckDuckGo  Privacy, simplified.]. @21-09-2021 01:54:25.0208 A
[ReportManager] Target URL: [https://duckduckgo.com] @21-09-2021 01:54:25.0210 AM
[ReportManager] Initial URL: [https://duckduckgo.com] @21-09-2021 01:54:25.0259 AM
[ReportManager] Browser Action [NavigateToURL] successfully performed. With the following test data [https://duckduckgo.com]. @21-09-2021 01:54:25.0582 AM
[ReportManager] Browser Action [CloseCurrentWindow] successfully performed. @21-09-2021 01:54:25.0686 AM
[ReportManager] Successfully created attachment [Browser Action Test Data - CloseCurrentWindow - Actual Value] @21-09-2021 01:54:25.0686 A
[ReportManager] File Action [GetAbsolutePath] successfully performed. With the following test data [Relative Folder Path: "target/downloadedFiles/"]. @21-09-2021 01:54:25.0689 AM
[ReportManager] Attempting to run remotely on: [Linux-64], [GoogleChrome], [http://localhost:4444/wd/hub], Headless Execution. @21-09-2021 01:54:25.0689 AM
[ReportManager] Successfully Opened [GoogleChrome]. @21-09-2021 01:54:26.0112 AM
[ReportManager] Target URL: [https://duckduckgo.com] @21-09-2021 01:54:26.0131 AM
[ReportManager] Initial URL: [data:,] @21-09-2021 01:54:26.0187 AM
[ReportManager] Browser Action [NavigateToURL] successfully performed. With the following test data [https://duckduckgo.com]. @21-09-2021 01:54:26.0746 A

################################################################################################################################################
Starting Execution:	[57 out of 143] test cases in the current suite
Test Method:		[unitTests.tests_browserActions.getPageSource]
################################################################################################################################################
[ReportManager] Browser Action [GetPageSource] successfully performed. @21-09-2021 01:54:26.0799 AM
[ReportManager] Successfully created attachment [Browser Action Test Data - GetPageSource - Actual Value] @21-09-2021 01:54:26.0799 A
[ReportManager] Target URL: [https://duckduckgo.com] @21-09-2021 01:54:26.0801 AM
[ReportManager] Initial URL: [https://duckduckgo.com] @21-09-2021 01:54:26.0847 AM
[ReportManager] Browser Action [NavigateToURL] successfully performed. With the following test data [https://duckduckgo.com]. @21-09-2021 01:54:27.0106 AM
[ReportManager] Browser Action [CloseCurrentWindow] successfully performed. @21-09-2021 01:54:27.0194 AM
[ReportManager] Successfully created attachment [Browser Action Test Data - CloseCurrentWindow - Actual Value] @21-09-2021 01:54:27.0195 A
[ReportManager] File Action [GetAbsolutePath] successfully performed. With the following test data [Relative Folder Path: "target/downloadedFiles/"]. @21-09-2021 01:54:27.0197 AM
[ReportManager] Attempting to run remotely on: [Linux-64], [GoogleChrome], [http://localhost:4444/wd/hub], Headless Execution. @21-09-2021 01:54:27.0197 AM
[ReportManager] Successfully Opened [GoogleChrome]. @21-09-2021 01:54:27.0374 AM
[ReportManager] Target URL: [https://duckduckgo.com] @21-09-2021 01:54:27.0383 AM
[ReportManager] Initial URL: [data:,] @21-09-2021 01:54:27.0415 AM
[ReportManager] Browser Action [NavigateToURL] successfully performed. With the following test data [https://duckduckgo.com]. @21-09-2021 01:54:27.0830 A

################################################################################################################################################
Starting Execution:	[58 out of 143] test cases in the current suite
Test Method:		[unitTests.tests_browserActions.getWindowHandle]
################################################################################################################################################
[ReportManager] Browser Action [GetWindowHandle] successfully performed. With the following test data [CDwindow-06C7D89C2160203943CDBF2636531FAA]. @21-09-2021 01:54:27.0858 A
[ReportManager] Target URL: [https://duckduckgo.com] @21-09-2021 01:54:27.0861 AM
[ReportManager] Initial URL: [https://duckduckgo.com] @21-09-2021 01:54:27.0905 AM
[ReportManager] Browser Action [NavigateToURL] successfully performed. With the following test data [https://duckduckgo.com]. @21-09-2021 01:54:28.0164 AM
[ReportManager] Browser Action [CloseCurrentWindow] successfully performed. @21-09-2021 01:54:28.0256 AM
[ReportManager] Successfully created attachment [Browser Action Test Data - CloseCurrentWindow - Actual Value] @21-09-2021 01:54:28.0257 A
[ReportManager] File Action [GetAbsolutePath] successfully performed. With the following test data [Relative Folder Path: "target/downloadedFiles/"]. @21-09-2021 01:54:28.0260 AM
[ReportManager] Attempting to run remotely on: [Linux-64], [GoogleChrome], [http://localhost:4444/wd/hub], Headless Execution. @21-09-2021 01:54:28.0260 AM
[ReportManager] Successfully Opened [GoogleChrome]. @21-09-2021 01:54:28.0428 AM
[ReportManager] Target URL: [https://duckduckgo.com] @21-09-2021 01:54:28.0437 AM
[ReportManager] Initial URL: [data:,] @21-09-2021 01:54:28.0472 AM
[ReportManager] Browser Action [NavigateToURL] successfully performed. With the following test data [https://duckduckgo.com]. @21-09-2021 01:54:28.0884 A

################################################################################################################################################
Starting Execution:	[59 out of 143] test cases in the current suite
Test Method:		[unitTests.tests_browserActions.getWindowPosition]
################################################################################################################################################
[ReportManager] Browser Action [GetWindowPosition] successfully performed. With the following test data [(0, 0)]. @21-09-2021 01:54:28.0912 A
[ReportManager] Target URL: [https://duckduckgo.com] @21-09-2021 01:54:28.0918 AM
[ReportManager] Initial URL: [https://duckduckgo.com] @21-09-2021 01:54:28.0966 AM
[ReportManager] Browser Action [NavigateToURL] successfully performed. With the following test data [https://duckduckgo.com]. @21-09-2021 01:54:29.0250 AM
[ReportManager] Browser Action [CloseCurrentWindow] successfully performed. @21-09-2021 01:54:29.0344 AM
[ReportManager] Successfully created attachment [Browser Action Test Data - CloseCurrentWindow - Actual Value] @21-09-2021 01:54:29.0344 A
[ReportManager] File Action [GetAbsolutePath] successfully performed. With the following test data [Relative Folder Path: "target/downloadedFiles/"]. @21-09-2021 01:54:29.0350 AM
[ReportManager] Attempting to run remotely on: [Linux-64], [GoogleChrome], [http://localhost:4444/wd/hub], Headless Execution. @21-09-2021 01:54:29.0351 AM
[ReportManager] Successfully Opened [GoogleChrome]. @21-09-2021 01:54:29.0533 AM
[ReportManager] Target URL: [https://duckduckgo.com] @21-09-2021 01:54:29.0545 AM
[ReportManager] Initial URL: [data:,] @21-09-2021 01:54:29.0581 AM
[ReportManager] Browser Action [NavigateToURL] successfully performed. With the following test data [https://duckduckgo.com]. @21-09-2021 01:54:30.0002 A

################################################################################################################################################
Starting Execution:	[60 out of 143] test cases in the current suite
Test Method:		[unitTests.tests_browserActions.getWindowSize]
################################################################################################################################################
[ReportManager] Browser Action [GetWindowSize] successfully performed. With the following test data [(800, 600)]. @21-09-2021 01:54:30.0034 A
[ReportManager] Target URL: [https://duckduckgo.com] @21-09-2021 01:54:30.0036 AM
[ReportManager] Initial URL: [https://duckduckgo.com] @21-09-2021 01:54:30.0085 AM
[ReportManager] Browser Action [NavigateToURL] successfully performed. With the following test data [https://duckduckgo.com]. @21-09-2021 01:54:30.0343 AM
[ReportManager] Browser Action [CloseCurrentWindow] successfully performed. @21-09-2021 01:54:30.0433 AM
[ReportManager] Successfully created attachment [Browser Action Test Data - CloseCurrentWindow - Actual Value] @21-09-2021 01:54:30.0433 A
[ReportManager] File Action [GetAbsolutePath] successfully performed. With the following test data [Relative Folder Path: "target/downloadedFiles/"]. @21-09-2021 01:54:30.0436 AM
[ReportManager] Attempting to run remotely on: [Linux-64], [GoogleChrome], [http://localhost:4444/wd/hub], Headless Execution. @21-09-2021 01:54:30.0436 AM
[ReportManager] Successfully Opened [GoogleChrome]. @21-09-2021 01:54:30.0612 AM
[ReportManager] Target URL: [https://duckduckgo.com] @21-09-2021 01:54:30.0623 AM
[ReportManager] Initial URL: [data:,] @21-09-2021 01:54:30.0670 AM
[ReportManager] Browser Action [NavigateToURL] successfully performed. With the following test data [https://duckduckgo.com]. @21-09-2021 01:54:31.0093 A

################################################################################################################################################
Starting Execution:	[61 out of 143] test cases in the current suite
Test Method:		[unitTests.tests_browserActions.maximizeWindow]
################################################################################################################################################
[ReportManager] Initial window size: (800, 600) @21-09-2021 01:54:31.0098 AM
[ReportManager] Window size after Toolkit: (1920, 1080) @21-09-2021 01:54:31.0313 AM
[ReportManager] Browser Action [MaximizeWindow] successfully performed. With the following test data [New screen size is now: (1920, 1080)]. @21-09-2021 01:54:31.0316 A
[ReportManager] Target URL: [https://duckduckgo.com] @21-09-2021 01:54:31.0319 AM
[ReportManager] Initial URL: [https://duckduckgo.com] @21-09-2021 01:54:31.0366 AM
[ReportManager] Browser Action [NavigateToURL] successfully performed. With the following test data [https://duckduckgo.com]. @21-09-2021 01:54:31.0630 AM
[ReportManager] Browser Action [CloseCurrentWindow] successfully performed. @21-09-2021 01:54:31.0718 AM
[ReportManager] Successfully created attachment [Browser Action Test Data - CloseCurrentWindow - Actual Value] @21-09-2021 01:54:31.0718 A
[ReportManager] File Action [GetAbsolutePath] successfully performed. With the following test data [Relative Folder Path: "target/downloadedFiles/"]. @21-09-2021 01:54:31.0720 AM
[ReportManager] Attempting to run remotely on: [Linux-64], [GoogleChrome], [http://localhost:4444/wd/hub], Headless Execution. @21-09-2021 01:54:31.0720 AM
[ReportManager] Successfully Opened [GoogleChrome]. @21-09-2021 01:54:31.0894 AM
[ReportManager] Target URL: [https://duckduckgo.com] @21-09-2021 01:54:31.0906 AM
[ReportManager] Initial URL: [data:,] @21-09-2021 01:54:31.0940 AM
[ReportManager] Browser Action [NavigateToURL] successfully performed. With the following test data [https://duckduckgo.com]. @21-09-2021 01:54:32.0356 A

################################################################################################################################################
Starting Execution:	[62 out of 143] test cases in the current suite
Test Method:		[unitTests.tests_browserActions.navigateBack]
################################################################################################################################################
[ReportManager] Target URL: [https://www.google.com/ncr], and after redirection: [https://www.google.com] @21-09-2021 01:54:32.0360 AM
[ReportManager] Initial URL: [https://duckduckgo.com] @21-09-2021 01:54:32.0422 AM
[ReportManager] Browser Action [NavigateToURL] successfully performed. With the following test data [https://www.google.com/ncr]. @21-09-2021 01:54:33.0097 AM
[ReportManager] Browser Action [NavigateBack] successfully performed. With the following test data [https://duckduckgo.com/]. @21-09-2021 01:54:33.0397 AM
[ReportManager] Browser Action [GetCurrentURL] successfully performed. With the following test data [https://duckduckgo.com/]. @21-09-2021 01:54:33.0426 AM
[ReportManager] Assertion Passed: Confirming that navigating back was successful @21-09-2021 01:54:33.0542 AM
[ReportManager] Successfully created attachment [Screenshot - 1632189273484_navigateBack_ValidateBrowserAttribute_passed] @21-09-2021 01:54:33.0543 AM
[ReportManager] Assertion [ValidateBrowserAttribute] PASSED. Expected [Value Should be 'https://duckduckgo.com' for the 'CurrentUrl' attribute] and Actual [https://duckduckgo.com/]. Comparison Type [CONTAINS]. Validation Type [POSITIVE]. @21-09-2021 01:54:33.0543 A
[ReportManager] Target URL: [https://duckduckgo.com] @21-09-2021 01:54:33.0545 AM
[ReportManager] Initial URL: [https://duckduckgo.com] @21-09-2021 01:54:33.0593 AM
[ReportManager] Browser Action [NavigateToURL] successfully performed. With the following test data [https://duckduckgo.com]. @21-09-2021 01:54:33.0879 AM
[ReportManager] Browser Action [CloseCurrentWindow] successfully performed. @21-09-2021 01:54:33.0967 AM
[ReportManager] Successfully created attachment [Browser Action Test Data - CloseCurrentWindow - Actual Value] @21-09-2021 01:54:33.0967 A
[ReportManager] File Action [GetAbsolutePath] successfully performed. With the following test data [Relative Folder Path: "target/downloadedFiles/"]. @21-09-2021 01:54:33.0975 AM
[ReportManager] Attempting to run remotely on: [Linux-64], [GoogleChrome], [http://localhost:4444/wd/hub], Headless Execution. @21-09-2021 01:54:33.0976 AM
[ReportManager] Successfully Opened [GoogleChrome]. @21-09-2021 01:54:34.0173 AM
[ReportManager] Target URL: [https://duckduckgo.com] @21-09-2021 01:54:34.0182 AM
[ReportManager] Initial URL: [data:,] @21-09-2021 01:54:34.0222 AM
[ReportManager] Browser Action [NavigateToURL] successfully performed. With the following test data [https://duckduckgo.com]. @21-09-2021 01:54:34.0641 A

################################################################################################################################################
Starting Execution:	[63 out of 143] test cases in the current suite
Test Method:		[unitTests.tests_browserActions.navigateForward]
################################################################################################################################################
[ReportManager] Target URL: [https://www.google.com/ncr], and after redirection: [https://www.google.com] @21-09-2021 01:54:34.0645 AM
[ReportManager] Initial URL: [https://duckduckgo.com] @21-09-2021 01:54:34.0699 AM
[ReportManager] Browser Action [NavigateToURL] successfully performed. With the following test data [https://www.google.com/ncr]. @21-09-2021 01:54:35.0376 AM
[ReportManager] Browser Action [NavigateBack] successfully performed. With the following test data [https://duckduckgo.com/]. @21-09-2021 01:54:35.0662 AM
[ReportManager] Browser Action [NavigateForward] successfully performed. With the following test data [https://www.google.com/]. @21-09-2021 01:54:35.0994 A
[ReportManager] Target URL: [https://duckduckgo.com] @21-09-2021 01:54:35.0997 AM
[ReportManager] Initial URL: [https://www.google.com] @21-09-2021 01:54:36.0057 AM
[ReportManager] Browser Action [NavigateToURL] successfully performed. With the following test data [https://duckduckgo.com]. @21-09-2021 01:54:36.0424 AM
[ReportManager] Browser Action [CloseCurrentWindow] successfully performed. @21-09-2021 01:54:36.0512 AM
[ReportManager] Successfully created attachment [Browser Action Test Data - CloseCurrentWindow - Actual Value] @21-09-2021 01:54:36.0512 A
[ReportManager] File Action [GetAbsolutePath] successfully performed. With the following test data [Relative Folder Path: "target/downloadedFiles/"]. @21-09-2021 01:54:36.0514 AM
[ReportManager] Attempting to run remotely on: [Linux-64], [GoogleChrome], [http://localhost:4444/wd/hub], Headless Execution. @21-09-2021 01:54:36.0514 AM
[ReportManager] Successfully Opened [GoogleChrome]. @21-09-2021 01:54:36.0686 AM
[ReportManager] Target URL: [https://duckduckgo.com] @21-09-2021 01:54:36.0696 AM
[ReportManager] Initial URL: [data:,] @21-09-2021 01:54:36.0736 AM
[ReportManager] Browser Action [NavigateToURL] successfully performed. With the following test data [https://duckduckgo.com]. @21-09-2021 01:54:37.0153 A

################################################################################################################################################
Starting Execution:	[64 out of 143] test cases in the current suite
Test Method:		[unitTests.tests_browserActions.navigateToURL]
################################################################################################################################################
[ReportManager] Target URL: [https://duckduckgo.com] @21-09-2021 01:54:37.0159 AM
[ReportManager] Initial URL: [https://duckduckgo.com] @21-09-2021 01:54:37.0211 AM
[ReportManager] Browser Action [NavigateToURL] successfully performed. With the following test data [https://duckduckgo.com]. @21-09-2021 01:54:37.0464 A
[ReportManager] Target URL: [https://duckduckgo.com] @21-09-2021 01:54:37.0467 AM
[ReportManager] Initial URL: [https://duckduckgo.com] @21-09-2021 01:54:37.0509 AM
[ReportManager] Browser Action [NavigateToURL] successfully performed. With the following test data [https://duckduckgo.com]. @21-09-2021 01:54:37.0759 AM
[ReportManager] Browser Action [CloseCurrentWindow] successfully performed. @21-09-2021 01:54:37.0851 AM
[ReportManager] Successfully created attachment [Browser Action Test Data - CloseCurrentWindow - Actual Value] @21-09-2021 01:54:37.0851 A
[ReportManager] File Action [GetAbsolutePath] successfully performed. With the following test data [Relative Folder Path: "target/downloadedFiles/"]. @21-09-2021 01:54:37.0853 AM
[ReportManager] Attempting to run remotely on: [Linux-64], [GoogleChrome], [http://localhost:4444/wd/hub], Headless Execution. @21-09-2021 01:54:37.0853 AM
[ReportManager] Successfully Opened [GoogleChrome]. @21-09-2021 01:54:38.0016 AM
[ReportManager] Target URL: [https://duckduckgo.com] @21-09-2021 01:54:38.0025 AM
[ReportManager] Initial URL: [data:,] @21-09-2021 01:54:38.0058 AM
[ReportManager] Browser Action [NavigateToURL] successfully performed. With the following test data [https://duckduckgo.com]. @21-09-2021 01:54:38.0472 A

################################################################################################################################################
Starting Execution:	[65 out of 143] test cases in the current suite
Test Method:		[unitTests.tests_browserActions.navigateToURLWithRedirection]
################################################################################################################################################
[ReportManager] Target URL: [https://www.google.com/ncr], and after redirection: [https://www.google.com] @21-09-2021 01:54:38.0475 AM
[ReportManager] Initial URL: [https://duckduckgo.com] @21-09-2021 01:54:38.0519 AM
[ReportManager] Browser Action [NavigateToURL] successfully performed. With the following test data [https://www.google.com/ncr]. @21-09-2021 01:54:39.0211 A
[ReportManager] Target URL: [https://duckduckgo.com] @21-09-2021 01:54:39.0213 AM
[ReportManager] Initial URL: [https://www.google.com] @21-09-2021 01:54:39.0281 AM
[ReportManager] Browser Action [NavigateToURL] successfully performed. With the following test data [https://duckduckgo.com]. @21-09-2021 01:54:39.0657 AM
[ReportManager] Browser Action [CloseCurrentWindow] successfully performed. @21-09-2021 01:54:39.0755 AM
[ReportManager] Successfully created attachment [Browser Action Test Data - CloseCurrentWindow - Actual Value] @21-09-2021 01:54:39.0755 A
[ReportManager] File Action [GetAbsolutePath] successfully performed. With the following test data [Relative Folder Path: "target/downloadedFiles/"]. @21-09-2021 01:54:39.0763 AM
[ReportManager] Attempting to run remotely on: [Linux-64], [GoogleChrome], [http://localhost:4444/wd/hub], Headless Execution. @21-09-2021 01:54:39.0763 AM
[ReportManager] Successfully Opened [GoogleChrome]. @21-09-2021 01:54:39.0931 AM
[ReportManager] Target URL: [https://duckduckgo.com] @21-09-2021 01:54:39.0941 AM
[ReportManager] Initial URL: [data:,] @21-09-2021 01:54:39.0983 AM
[ReportManager] Browser Action [NavigateToURL] successfully performed. With the following test data [https://duckduckgo.com]. @21-09-2021 01:54:40.0392 A

################################################################################################################################################
Starting Execution:	[66 out of 143] test cases in the current suite
Test Method:		[unitTests.tests_browserActions.refreshCurrentPage]
################################################################################################################################################
[ReportManager] Browser Action [RefreshCurrentPage] successfully performed. @21-09-2021 01:54:40.0566 AM
[ReportManager] Successfully created attachment [Browser Action Test Data - RefreshCurrentPage - Actual Value] @21-09-2021 01:54:40.0566 A
[ReportManager] Target URL: [https://duckduckgo.com] @21-09-2021 01:54:40.0568 AM
[ReportManager] Initial URL: [https://duckduckgo.com] @21-09-2021 01:54:40.0615 AM
[ReportManager] Browser Action [NavigateToURL] successfully performed. With the following test data [https://duckduckgo.com]. @21-09-2021 01:54:40.0858 AM
[ReportManager] Browser Action [CloseCurrentWindow] successfully performed. @21-09-2021 01:54:40.0947 AM
[ReportManager] Successfully created attachment [Browser Action Test Data - CloseCurrentWindow - Actual Value] @21-09-2021 01:54:40.0947 A
[ReportManager] File Action [GetAbsolutePath] successfully performed. With the following test data [Relative Folder Path: "target/downloadedFiles/"]. @21-09-2021 01:54:40.0960 AM
[ReportManager] Attempting to run remotely on: [Linux-64], [GoogleChrome], [http://localhost:4444/wd/hub], Headless Execution. @21-09-2021 01:54:40.0960 AM
[ReportManager] Successfully Opened [GoogleChrome]. @21-09-2021 01:54:41.0134 AM
[ReportManager] Target URL: [https://duckduckgo.com] @21-09-2021 01:54:41.0143 AM
[ReportManager] Initial URL: [data:,] @21-09-2021 01:54:41.0176 AM
[ReportManager] Browser Action [NavigateToURL] successfully performed. With the following test data [https://duckduckgo.com]. @21-09-2021 01:54:41.0594 A

################################################################################################################################################
Starting Execution:	[67 out of 143] test cases in the current suite
Test Method:		[unitTests.tests_browserActions.setWindowSize]
################################################################################################################################################
[ReportManager] Initial window size: (800, 600) @21-09-2021 01:54:41.0604 AM
[ReportManager] Window size after SWD: (1280, 720) @21-09-2021 01:54:41.0821 AM
[ReportManager] Browser Action [SetWindowSize] successfully performed. With the following test data [New screen size is now: (1280, 720)]. @21-09-2021 01:54:41.0822 A
[ReportManager] Target URL: [https://duckduckgo.com] @21-09-2021 01:54:41.0828 AM
[ReportManager] Initial URL: [https://duckduckgo.com] @21-09-2021 01:54:41.0878 AM
[ReportManager] Browser Action [NavigateToURL] successfully performed. With the following test data [https://duckduckgo.com]. @21-09-2021 01:54:42.0169 AM
[ReportManager] Browser Action [CloseCurrentWindow] successfully performed. @21-09-2021 01:54:42.0263 AM
[ReportManager] Successfully created attachment [Browser Action Test Data - CloseCurrentWindow - Actual Value] @21-09-2021 01:54:42.0263 A
[ReportManager] Successfully loaded the following test data file [src/test/resources/TestDataFiles/testSuite01/TestData.xlsx]. @21-09-2021 01:54:42.0901 AM
[ReportManager] Successfully created attachment [Test Data - Excel] @21-09-2021 01:54:42.0901 A

################################################################################################################################################
Starting Execution:	[68 out of 143] test cases in the current suite
Test Method:		[unitTests.tests_io_excelFileManager.getCellData_rowName_expectedToPass]
################################################################################################################################################
[ReportManager] testRowData. @21-09-2021 01:54:42.0911 A
[ReportManager] Successfully loaded the following test data file [src/test/resources/TestDataFiles/testSuite01/TestData.xlsx]. @21-09-2021 01:54:42.0935 AM
[ReportManager] Successfully created attachment [Test Data - Excel] @21-09-2021 01:54:42.0935 AM
[ReportManager] File Action [GetAbsolutePath] successfully performed. With the following test data [Relative Folder Path: "target/downloadedFiles/"]. @21-09-2021 01:54:42.0935 AM
[ReportManager] Attempting to run remotely on: [Linux-64], [GoogleChrome], [http://localhost:4444/wd/hub], Headless Execution. @21-09-2021 01:54:42.0935 AM
[ReportManager] Successfully Opened [GoogleChrome]. @21-09-2021 01:54:43.0165 A

################################################################################################################################################
Starting Execution:	[69 out of 143] test cases in the current suite
Test Method:		[testPackage01.Test_google.navigateToURLandVerifyGoogleLogoIsDisplayed]
Test Description:	[TC001 - Navigate to URL and Verify Google Logo is Displayed]
################################################################################################################################################
[ReportManager] Target URL: [https://www.google.com/ncr], and after redirection: [https://www.google.com] @21-09-2021 01:54:43.0194 AM
[ReportManager] Initial URL: [data:,] @21-09-2021 01:54:43.0239 AM
[ReportManager] Browser Action [NavigateToURL] successfully performed. With the following test data [https://www.google.com/ncr]. @21-09-2021 01:54:43.0966 AM
[ReportManager] Loaded Shared OpenCV @21-09-2021 01:54:44.0147 AM
[ReportManager] Assertion [ValidateElementExists] PASSED. Expected [Element Should Exist, locator 'By.xpath: //*[@id='hplogo' or @alt='Google']'] and Actual [Element Exists]. Comparison Type [EQUALS]. Validation Type [POSITIVE]. @21-09-2021 01:54:44.0213 AM
[ReportManager] Successfully created attachment [Screenshot - 1632189284147_navigateToURLandVerifyGoogleLogoIsDisplayed_ValidateElementExists_passed] @21-09-2021 01:54:44.0214 A

################################################################################################################################################
Starting Execution:	[70 out of 143] test cases in the current suite
Test Method:		[testPackage01.Test_google.searchForQueryandAssertResultsNumDisplayed]
Test Description:	[TC002 - Search for Query and Assert that the number of results is displayed]
################################################################################################################################################
[ReportManager] Element Action [Type] successfully performed. With the following test data [SHAFT_Engine]. @21-09-2021 01:54:44.0508 AM
[ReportManager] Element Action [KeyPress] successfully performed. With the following test data [Enter]. @21-09-2021 01:54:46.0033 AM
[ReportManager] Element Action [GetText] successfully performed. With the following test data [About 907,000 results (0.79 seconds) ]. @21-09-2021 01:54:46.0113 AM
[ReportManager] Loaded Shared OpenCV @21-09-2021 01:54:46.0236 AM
[ReportManager] Assertion [ValidateElementAttribute] PASSED. Expected [Value Should not be '' for the 'Text' attribute, element locator 'By.id: appbar'] and Actual [About 907,000 results (0.79 seconds) ]. Comparison Type [EQUALS]. Validation Type [NEGATIVE]. @21-09-2021 01:54:46.0315 AM
[ReportManager] Successfully created attachment [Screenshot - 1632189286236_searchForQueryandAssertResultsNumDisplayed_ValidateElementAttribute_passed] @21-09-2021 01:54:46.0316 A

################################################################################################################################################
Starting Execution:	[71 out of 143] test cases in the current suite
Test Method:		[testPackage01.Test_google.clickNextThrice]
Test Description:	[TC003 - Clicks the next button to make sure that the framework can scroll element into view before clicking it]
################################################################################################################################################
[ReportManager] Element Action [Click] successfully performed. With the following test data [Next]. @21-09-2021 01:54:47.0807 A
[ReportManager] Browser Action [CloseCurrentWindow] successfully performed. @21-09-2021 01:54:47.0992 AM
[ReportManager] Successfully created attachment [Browser Action Test Data - CloseCurrentWindow - Actual Value] @21-09-2021 01:54:47.0995 A

################################################################################################################################################
Starting Execution:	[72 out of 143] test cases in the current suite
Test Method:		[testPackage01.Test_testData.f]
################################################################################################################################################
[ReportManager] Successfully loaded the following test data file [src/test/resources/TestDataFiles/testSuite01/TestData.xlsx]. @21-09-2021 01:54:48.0020 AM
[ReportManager] Successfully created attachment [Test Data - Excel] @21-09-2021 01:54:48.0020 AM
[ReportManager] Last Column Number is: [3]. Zero-based. @21-09-2021 01:54:48.0020 A

################################################################################################################################################
Starting Execution:	[73 out of 143] test cases in the current suite
Test Method:		[testPackage01.Test_JSONFileManager.readStringFromJson]
################################################################################################################################################
[ReportManager] Successfully loaded the following test data file [src/test/resources/TestDataFiles/simpleJSON.json]. @21-09-2021 01:54:48.0024 AM
[ReportManager] Successfully created attachment [Test Data - JSON] @21-09-2021 01:54:48.0024 AM
[ReportManager] Assertion [ValidateEquals] PASSED. Expected [Mohab Mohie] and Actual [Mohab Mohie]. Comparison Type [EQUALS]. Validation Type [POSITIVE]. @21-09-2021 01:54:48.0037 A
[ReportManager] File Action [GetAbsolutePath] successfully performed. With the following test data [Relative Folder Path: "target/downloadedFiles/"]. @21-09-2021 01:54:48.0038 AM
[ReportManager] Attempting to run remotely on: [Linux-64], [GoogleChrome], [http://localhost:4444/wd/hub], Headless Execution. @21-09-2021 01:54:48.0039 AM
[ReportManager] Successfully Opened [GoogleChrome]. @21-09-2021 01:54:48.0236 A

################################################################################################################################################
Starting Execution:	[74 out of 143] test cases in the current suite
Test Method:		[testPackage01.Test_dragAndDrop.dragAndDropJquery]
################################################################################################################################################
[ReportManager] Target URL: [https://jqueryui.com/resources/demos/droppable/default.html] @21-09-2021 01:54:48.0259 AM
[ReportManager] Initial URL: [data:,] @21-09-2021 01:54:48.0293 AM
[ReportManager] Browser Action [NavigateToURL] successfully performed. With the following test data [https://jqueryui.com/resources/demos/droppable/default.html]. @21-09-2021 01:54:48.0635 AM
[ReportManager] Element Action [GetText] successfully performed. With the following test data [Drop here]. @21-09-2021 01:54:48.0713 AM
[ReportManager] Element Action [DragAndDrop] successfully performed. With the following test data [Start point: (8, 18), End point: (8, 18)]. @21-09-2021 01:54:49.0977 AM
[ReportManager] Element Action [GetText] successfully performed. With the following test data [Dropped!]. @21-09-2021 01:54:50.0033 AM
[ReportManager] Assertion Passed: Checking to see if the text has changed after performing drag and drop @21-09-2021 01:54:50.0033 AM
[ReportManager] Assertion [ValidateEquals] PASSED. Expected [Drop here] and Actual [Dropped!]. Comparison Type [EQUALS]. Validation Type [NEGATIVE]. @21-09-2021 01:54:50.0033 A
[ReportManager] Browser Action [CloseCurrentWindow] successfully performed. @21-09-2021 01:54:50.0127 AM
[ReportManager] Successfully created attachment [Browser Action Test Data - CloseCurrentWindow - Actual Value] @21-09-2021 01:54:50.0129 A
[ReportManager] File Action [GetAbsolutePath] successfully performed. With the following test data [Relative Folder Path: "target/downloadedFiles/"]. @21-09-2021 01:54:50.0131 AM
[ReportManager] Attempting to run remotely on: [Linux-64], [GoogleChrome], [http://localhost:4444/wd/hub], Headless Execution. @21-09-2021 01:54:50.0131 AM
[ReportManager] Successfully Opened [GoogleChrome]. @21-09-2021 01:54:50.0298 A

################################################################################################################################################
Starting Execution:	[75 out of 143] test cases in the current suite
Test Method:		[testPackage01.Test_dragAndDrop.dragAndDrop]
Test Description:	[TC001 - Test Drag and Drop function.]
################################################################################################################################################
[ReportManager] Target URL: [http://the-internet.herokuapp.com/drag_and_drop] @21-09-2021 01:54:50.0310 AM
[ReportManager] Initial URL: [data:,] @21-09-2021 01:54:50.0346 AM
[ReportManager] Browser Action [NavigateToURL] successfully performed. With the following test data [http://the-internet.herokuapp.com/drag_and_drop]. @21-09-2021 01:54:50.0651 AM
[ReportManager] Attempting Drag and Drop @21-09-2021 01:54:50.0651 AM
[ReportManager] Element Action [DragAndDrop] successfully performed. With the following test data [Start point: (32, 89), End point: (247, 89)]. @21-09-2021 01:54:51.0803 A
[ReportManager] Browser Action [CloseCurrentWindow] successfully performed. @21-09-2021 01:54:51.0898 AM
[ReportManager] Successfully created attachment [Browser Action Test Data - CloseCurrentWindow - Actual Value] @21-09-2021 01:54:51.0898 A
[ReportManager] File Action [GetAbsolutePath] successfully performed. With the following test data [Relative Folder Path: "target/downloadedFiles/"]. @21-09-2021 01:54:51.0900 AM
[ReportManager] Attempting to run remotely on: [Linux-64], [GoogleChrome], [http://localhost:4444/wd/hub], Headless Execution. @21-09-2021 01:54:51.0901 AM
[ReportManager] Successfully Opened [GoogleChrome]. @21-09-2021 01:54:52.0105 A

################################################################################################################################################
Starting Execution:	[76 out of 143] test cases in the current suite
Test Method:		[testPackage01.Test_dragAndDrop.dragAndDropByOffset]
Test Description:	[TC002 - Test Drag and Drop by offset function.]
################################################################################################################################################
[ReportManager] Target URL: [https://jqueryui.com/resources/demos/draggable/default.html] @21-09-2021 01:54:52.0117 AM
[ReportManager] Initial URL: [data:,] @21-09-2021 01:54:52.0154 AM
[ReportManager] Browser Action [NavigateToURL] successfully performed. With the following test data [https://jqueryui.com/resources/demos/draggable/default.html]. @21-09-2021 01:54:52.0452 AM
[ReportManager] Element Action [DragAndDropByOffset] successfully performed. With the following test data [Start point: (8, 8), End point: (108, 58)]. @21-09-2021 01:54:52.0579 A
[ReportManager] Browser Action [CloseCurrentWindow] successfully performed. @21-09-2021 01:54:52.0662 AM
[ReportManager] Successfully created attachment [Browser Action Test Data - CloseCurrentWindow - Actual Value] @21-09-2021 01:54:52.0662 A
[ReportManager] File Action [GetAbsolutePath] successfully performed. With the following test data [Relative Folder Path: "target/downloadedFiles/"]. @21-09-2021 01:54:52.0663 AM
[ReportManager] Attempting to run remotely on: [Linux-64], [GoogleChrome], [http://localhost:4444/wd/hub], Headless Execution. @21-09-2021 01:54:52.0663 AM
[ReportManager] Successfully Opened [GoogleChrome]. @21-09-2021 01:54:52.0822 A

################################################################################################################################################
Starting Execution:	[77 out of 143] test cases in the current suite
Test Method:		[testPackage01.Test_verifyEquals.test_assertElementAttribute]
################################################################################################################################################
[ReportManager] Target URL: [https://www.google.com/ncr], and after redirection: [https://www.google.com] @21-09-2021 01:54:52.0833 AM
[ReportManager] Initial URL: [data:,] @21-09-2021 01:54:52.0864 AM
[ReportManager] Browser Action [NavigateToURL] successfully performed. With the following test data [https://www.google.com/ncr]. @21-09-2021 01:54:53.0568 AM
[ReportManager] Element Action [Type] successfully performed. With the following test data [INC_004010050:Another SCHEDULER with the same name [Duplicate Job Name] already exists.]. @21-09-2021 01:54:54.0090 AM
[ReportManager] Element Action [GetText] successfully performed. With the following test data [INC_004010050:Another SCHEDULER with the same name [Duplicate Job Name] already exists.]. @21-09-2021 01:54:54.0158 AM
[ReportManager] Loaded Shared OpenCV @21-09-2021 01:54:54.0265 AM
[ReportManager] Verification [ValidateElementAttribute] PASSED. Expected [Value Should be 'INC_004010050:Another SCHEDULER with the same name \[Duplicate Job Name\] already exists.' for the 'text' attribute, element locator 'By.name: q'] and Actual [INC_004010050:Another SCHEDULER with the same name [Duplicate Job Name] already exists.]. Comparison Type [MATCHES]. Validation Type [POSITIVE]. @21-09-2021 01:54:54.0331 AM
[ReportManager] Successfully created attachment [Screenshot - 1632189294265_test_assertElementAttribute_ValidateElementAttribute_passed] @21-09-2021 01:54:54.0332 A
[ReportManager] Browser Action [CloseCurrentWindow] successfully performed. @21-09-2021 01:54:54.0445 AM
[ReportManager] Successfully created attachment [Browser Action Test Data - CloseCurrentWindow - Actual Value] @21-09-2021 01:54:54.0449 A
[ReportManager] Successfully loaded the following test data file [src/test/resources/TestDataFiles/testSuite01/TestData.xlsx]. @21-09-2021 01:54:54.0494 AM
[ReportManager] Successfully created attachment [Test Data - Excel] @21-09-2021 01:54:54.0494 AM
[ReportManager] Attempting to run using Playwright locally on: [Linux-64], [GoogleChrome], Headless Execution. @21-09-2021 01:55:06.0176 AM
[ReportManager] File Action [GetAbsolutePath] successfully performed. With the following test data [Relative Folder Path: "target/downloadedFiles/"]. @21-09-2021 01:55:06.0177 AM
[ReportManager] Initial window size: (1280, 720) @21-09-2021 01:55:06.0507 AM
[ReportManager] Window size after Toolkit: com.microsoft.playwright.options.ViewportSize@2ac90548 @21-09-2021 01:55:06.0510 AM
[ReportManager] Browser Action [MaximizeWindow] successfully performed. With the following test data [New screen size is now: (1920, 1080)]. @21-09-2021 01:55:06.0511 A

################################################################################################################################################
Starting Execution:	[78 out of 143] test cases in the current suite
Test Method:		[testPackage01.Test_google_playwright.navigateToURLandVerifyGoogleLogoIsDisplayed]
Test Description:	[TC001 - Navigate to URL and Verify Google Logo is Displayed]
################################################################################################################################################
[ReportManager] Target URL: [https://www.google.com/ncr], and after redirection: [https://www.google.com] @21-09-2021 01:55:06.0515 AM
[ReportManager] Initial URL: [about:blank] @21-09-2021 01:55:06.0996 AM
[ReportManager] Browser Action [NavigateToURL] successfully performed. With the following test data [https://www.google.com/ncr]. @21-09-2021 01:55:08.0300 AM
[ReportManager] Loaded Shared OpenCV @21-09-2021 01:55:08.0463 AM
[ReportManager] Assertion [ValidateElementExists] PASSED. Expected [Element Should Exist, locator 'xpath=//*[@id='hplogo' or @alt='Google']'] and Actual [Element Exists]. Comparison Type [EQUALS]. Validation Type [POSITIVE]. @21-09-2021 01:55:08.0654 AM
[ReportManager] Successfully created attachment [Screenshot - 1632189308460_navigateToURLandVerifyGoogleLogoIsDisplayed_ValidateElementExists_passed] @21-09-2021 01:55:08.0655 A

################################################################################################################################################
Starting Execution:	[79 out of 143] test cases in the current suite
Test Method:		[testPackage01.Test_google_playwright.searchForQueryandAssertResultsNumDisplayed]
Test Description:	[TC002 - Search for Query and Assert that the number of results is displayed]
################################################################################################################################################
[ReportManager] Element Action [Type] successfully performed. With the following test data [SHAFT_Engine]. @21-09-2021 01:55:08.0837 AM
[ReportManager] Element Action [KeyPress] successfully performed. With the following test data [Enter]. @21-09-2021 01:55:08.0865 AM
[ReportManager] Element Action [GetText] successfully performed. With the following test data [About 907,000 results (0.89 seconds)]. @21-09-2021 01:55:09.0963 AM
[ReportManager] Loaded Shared OpenCV @21-09-2021 01:55:11.0166 AM
[ReportManager] Assertion [ValidateElementAttribute] PASSED. Expected [Value Should not be '' for the 'text' attribute, element locator 'xpath=//div[@id='appbar']'] and Actual [About 907,000 results (0.89 seconds)]. Comparison Type [EQUALS]. Validation Type [NEGATIVE]. @21-09-2021 01:55:11.0388 AM
[ReportManager] Successfully created attachment [Screenshot - 1632189311165_searchForQueryandAssertResultsNumDisplayed_ValidateElementAttribute_passed] @21-09-2021 01:55:11.0390 A

################################################################################################################################################
Starting Execution:	[80 out of 143] test cases in the current suite
Test Method:		[testPackage01.Test_google_playwright.clickNextThrice]
Test Description:	[TC003 - Clicks the next button to make sure that the framework can scroll element into view before clicking it]
################################################################################################################################################
[ReportManager] Element Action [Click] successfully performed. With the following test data [Next]. @21-09-2021 01:55:11.0618 A
[ReportManager] Failed to find video recording. @21-09-2021 01:55:11.0620 AM
[ReportManager] Successfully Closed PlayWright Driver. @21-09-2021 01:55:11.0663 A

################################################################################################################################################
Starting Execution:	[81 out of 143] test cases in the current suite
Test Method:		[testPackage01.Test_JsonActions.f]
###############################################################################################################################################

################################################################################################################################################
Starting Execution:	[82 out of 143] test cases in the current suite
Test Method:		[testPackage01.Test_JsonActions.f2]
###############################################################################################################################################

################################################################################################################################################
Starting Execution:	[83 out of 143] test cases in the current suite
Test Method:		[testPackage01.Test_AssertApiResponseEquals.assertApiResponseEquals_expectedToPass]
################################################################################################################################################
[ReportManager] Response status code: [200], status line: [HTTP/1.1 200 OK] @21-09-2021 01:55:11.0773 AM
[ReportManager] Assertion Passed: Evaluating the actual response status code against the expected one... @21-09-2021 01:55:11.0774 AM
[ReportManager] Assertion [ValidateEquals] PASSED. Expected [200] and Actual [200]. Comparison Type [EQUALS]. Validation Type [POSITIVE]. @21-09-2021 01:55:11.0774 AM
[ReportManager] API Action [PerformRequest] successfully performed. With the following test data [Request Type: "GET" | Target Status Code: "200" | Service URL: "https://jsonplaceholder.typicode.com/users" | Content Type: "*/*" | Response Time: "73ms"]. @21-09-2021 01:55:11.0788 AM
[ReportManager] Successfully created attachment [API Request - Specifications] @21-09-2021 01:55:11.0788 AM
[ReportManager] Successfully created attachment [API Response - JSON Body] @21-09-2021 01:55:11.0789 AM
[ReportManager] API Action [GetResponseJSONValueAsList] successfully performed. With the following test data [$]. @21-09-2021 01:55:11.0792 AM
[ReportManager] API Action [GetResponseJSONValue] successfully performed. With the following test data [name]. @21-09-2021 01:55:11.0799 AM
[ReportManager] API Action [GetResponseJSONValue] successfully performed. With the following test data [email]. @21-09-2021 01:55:11.0805 AM
[ReportManager] Verification [ValidateEquals] PASSED. Expected [Sincere@april.biz] and Actual [Sincere@april.biz]. Comparison Type [EQUALS]. Validation Type [POSITIVE]. @21-09-2021 01:55:11.0806 AM
[ReportManager] API Action [GetResponseJSONValue] successfully performed. With the following test data [username]. @21-09-2021 01:55:11.0812 AM
[ReportManager] Assertion [ValidateEquals] PASSED. Expected [Bret] and Actual [Bret]. Comparison Type [EQUALS]. Validation Type [POSITIVE]. @21-09-2021 01:55:11.0812 AM
[ReportManager] API Action [GetResponseJSONValue] successfully performed. With the following test data [name]. @21-09-2021 01:55:11.0818 AM
[ReportManager] API Action [GetResponseJSONValue] successfully performed. With the following test data [name]. @21-09-2021 01:55:11.0824 AM
[ReportManager] API Action [GetResponseJSONValue] successfully performed. With the following test data [name]. @21-09-2021 01:55:11.0829 AM
[ReportManager] API Action [GetResponseJSONValue] successfully performed. With the following test data [name]. @21-09-2021 01:55:11.0835 AM
[ReportManager] API Action [GetResponseJSONValue] successfully performed. With the following test data [name]. @21-09-2021 01:55:11.0841 AM
[ReportManager] API Action [GetResponseJSONValue] successfully performed. With the following test data [name]. @21-09-2021 01:55:11.0846 AM
[ReportManager] API Action [GetResponseJSONValue] successfully performed. With the following test data [name]. @21-09-2021 01:55:11.0852 AM
[ReportManager] API Action [GetResponseJSONValue] successfully performed. With the following test data [name]. @21-09-2021 01:55:11.0858 AM
[ReportManager] API Action [GetResponseJSONValue] successfully performed. With the following test data [name]. @21-09-2021 01:55:11.0878 A
[ReportManager] File Action [GetAbsolutePath] successfully performed. With the following test data [Relative Folder Path: "target/downloadedFiles/"]. @21-09-2021 01:55:11.0880 AM
[ReportManager] Attempting to run remotely on: [Linux-64], [GoogleChrome], [http://localhost:4444/wd/hub], Headless Execution. @21-09-2021 01:55:11.0881 AM
[ReportManager] Successfully Opened [GoogleChrome]. @21-09-2021 01:55:12.0087 A

################################################################################################################################################
Starting Execution:	[84 out of 143] test cases in the current suite
Test Method:		[testPackage01.Test_ShadowDOM.shadowdom]
################################################################################################################################################
[ReportManager] Target URL: [https://mdn.github.io/web-components-examples/popup-info-box-web-component/] @21-09-2021 01:55:12.0099 AM
[ReportManager] Initial URL: [data:,] @21-09-2021 01:55:12.0145 AM
[ReportManager] Browser Action [NavigateToURL] successfully performed. With the following test data [https://mdn.github.io/web-components-examples/popup-info-box-web-component/]. @21-09-2021 01:55:12.0352 AM
[ReportManager] Element Action [Type] successfully performed. With the following test data [Typing into SHADOW DOM...]. @21-09-2021 01:55:12.0572 AM
[ReportManager] Element Action [GetText] successfully performed. With the following test data [Typing into SHADOW DOM...]. @21-09-2021 01:55:12.0644 AM
[ReportManager] Loaded Shared OpenCV @21-09-2021 01:55:12.0740 AM
[ReportManager] Assertion [ValidateElementAttribute] PASSED. Expected [Value Should be 'Typing into SHADOW DOM...' for the 'Text' attribute, element locator 'By.id: cvc'] and Actual [Typing into SHADOW DOM...]. Comparison Type [EQUALS]. Validation Type [POSITIVE]. @21-09-2021 01:55:12.0800 AM
[ReportManager] Successfully created attachment [Screenshot - 1632189312740_shadowdom_ValidateElementAttribute_passed] @21-09-2021 01:55:12.0801 A
[ReportManager] Browser Action [CloseCurrentWindow] successfully performed. @21-09-2021 01:55:12.0883 AM
[ReportManager] Successfully created attachment [Browser Action Test Data - CloseCurrentWindow - Actual Value] @21-09-2021 01:55:12.0883 A

################################################################################################################################################
Starting Execution:	[85 out of 143] test cases in the current suite
Test Method:		[testPackage01.Test_SelectedValue.multipleSelect]
################################################################################################################################################
[ReportManager] File Action [GetAbsolutePath] successfully performed. With the following test data [Relative Folder Path: "target/downloadedFiles/"]. @21-09-2021 01:55:12.0886 AM
[ReportManager] Attempting to run remotely on: [Linux-64], [GoogleChrome], [http://localhost:4444/wd/hub], Headless Execution. @21-09-2021 01:55:12.0886 AM
[ReportManager] Successfully Opened [GoogleChrome]. @21-09-2021 01:55:13.0058 AM
[ReportManager] Target URL: [https://yari-demos.prod.mdn.mozit.cloud/en-US/docs/Web/HTML/Element/select/_sample_.Advanced_select_with_multiple_features.html] @21-09-2021 01:55:13.0067 AM
[ReportManager] Initial URL: [data:,] @21-09-2021 01:55:13.0103 AM
[ReportManager] Browser Action [NavigateToURL] successfully performed. With the following test data [https://yari-demos.prod.mdn.mozit.cloud/en-US/docs/Web/HTML/Element/select/_sample_.Advanced_select_with_multiple_features.html]. @21-09-2021 01:55:13.0376 AM
[ReportManager] Element Action [Select] successfully performed. With the following test data [Dog]. @21-09-2021 01:55:13.0555 AM
[ReportManager] Element Action [Select] successfully performed. With the following test data [Cat]. @21-09-2021 01:55:13.0721 AM
[ReportManager] Element Action [GetSelectedText] successfully performed. With the following test data [DogCat]. @21-09-2021 01:55:13.0855 AM
[ReportManager] DogCat @21-09-2021 01:55:13.0856 AM
[ReportManager] Element Action [GetSelectedText] successfully performed. With the following test data [DogCat]. @21-09-2021 01:55:13.0960 AM
[ReportManager] Loaded Shared OpenCV @21-09-2021 01:55:14.0054 AM
[ReportManager] Assertion [ValidateElementAttribute] PASSED. Expected [Value Should be 'DogCat' for the 'selectedText' attribute, element locator 'By.tagName: select'] and Actual [DogCat]. Comparison Type [EQUALS]. Validation Type [POSITIVE]. @21-09-2021 01:55:14.0146 AM
[ReportManager] Successfully created attachment [Screenshot - 1632189314053_multipleSelect_ValidateElementAttribute_passed] @21-09-2021 01:55:14.0147 AM
[ReportManager] Browser Action [CloseCurrentWindow] successfully performed. @21-09-2021 01:55:14.0231 AM
[ReportManager] Successfully created attachment [Browser Action Test Data - CloseCurrentWindow - Actual Value] @21-09-2021 01:55:14.0231 A

################################################################################################################################################
Starting Execution:	[86 out of 143] test cases in the current suite
Test Method:		[testPackage01.Test_SelectedValue.simpleSelect]
################################################################################################################################################
[ReportManager] File Action [GetAbsolutePath] successfully performed. With the following test data [Relative Folder Path: "target/downloadedFiles/"]. @21-09-2021 01:55:14.0240 AM
[ReportManager] Attempting to run remotely on: [Linux-64], [GoogleChrome], [http://localhost:4444/wd/hub], Headless Execution. @21-09-2021 01:55:14.0240 AM
[ReportManager] Successfully Opened [GoogleChrome]. @21-09-2021 01:55:14.0401 AM
[ReportManager] Target URL: [https://yari-demos.prod.mdn.mozit.cloud/en-US/docs/Web/HTML/Element/select/_sample_.Basic_select.html] @21-09-2021 01:55:14.0420 AM
[ReportManager] Initial URL: [data:,] @21-09-2021 01:55:14.0455 AM
[ReportManager] Browser Action [NavigateToURL] successfully performed. With the following test data [https://yari-demos.prod.mdn.mozit.cloud/en-US/docs/Web/HTML/Element/select/_sample_.Basic_select.html]. @21-09-2021 01:55:14.0644 AM
[ReportManager] Element Action [Select] successfully performed. With the following test data [Third Value]. @21-09-2021 01:55:14.0886 AM
[ReportManager] Element Action [GetSelectedText] successfully performed. With the following test data [Third Value]. @21-09-2021 01:55:14.0974 AM
[ReportManager] Third Value @21-09-2021 01:55:14.0974 AM
[ReportManager] Element Action [GetSelectedText] successfully performed. With the following test data [Third Value]. @21-09-2021 01:55:15.0060 AM
[ReportManager] Loaded Shared OpenCV @21-09-2021 01:55:15.0152 AM
[ReportManager] Assertion [ValidateElementAttribute] PASSED. Expected [Value Should be 'Third Value' for the 'selectedText' attribute, element locator 'By.tagName: select'] and Actual [Third Value]. Comparison Type [EQUALS]. Validation Type [POSITIVE]. @21-09-2021 01:55:15.0212 AM
[ReportManager] Successfully created attachment [Screenshot - 1632189315152_simpleSelect_ValidateElementAttribute_passed] @21-09-2021 01:55:15.0212 AM
[ReportManager] Browser Action [CloseCurrentWindow] successfully performed. @21-09-2021 01:55:15.0294 AM
[ReportManager] Successfully created attachment [Browser Action Test Data - CloseCurrentWindow - Actual Value] @21-09-2021 01:55:15.0294 A
[ReportManager] File Action [GetAbsolutePath] successfully performed. With the following test data [Relative Folder Path: "target/downloadedFiles/"]. @21-09-2021 01:55:15.0297 AM
[ReportManager] Attempting to run remotely on: [Linux-64], [GoogleChrome], [http://localhost:4444/wd/hub], Headless Execution. @21-09-2021 01:55:15.0297 AM
[ReportManager] Successfully Opened [GoogleChrome]. @21-09-2021 01:55:15.0472 A

################################################################################################################################################
Starting Execution:	[87 out of 143] test cases in the current suite
Test Method:		[testPackage01.Test_IsElementClickable.testIsElementClickable]
################################################################################################################################################
[ReportManager] Target URL: [https://the-internet.herokuapp.com/] @21-09-2021 01:55:15.0488 AM
[ReportManager] Initial URL: [data:,] @21-09-2021 01:55:15.0525 AM
[ReportManager] Browser Action [NavigateToURL] successfully performed. With the following test data [https://the-internet.herokuapp.com/]. @21-09-2021 01:55:15.0862 AM
[ReportManager] Element Action [IsElementClickable] successfully performed. @21-09-2021 01:55:15.0966 AM
[ReportManager] Assertion [ValidateTrue] PASSED. Expected [TRUE] and Actual [TRUE]. Validation Type [POSITIVE]. @21-09-2021 01:55:15.0966 A
[ReportManager] Browser Action [CloseCurrentWindow] successfully performed. @21-09-2021 01:55:16.0054 AM
[ReportManager] Successfully created attachment [Browser Action Test Data - CloseCurrentWindow - Actual Value] @21-09-2021 01:55:16.0055 A
[ReportManager] File Action [GetAbsolutePath] successfully performed. With the following test data [Relative Folder Path: "target/downloadedFiles/"]. @21-09-2021 01:55:16.0056 AM
[ReportManager] Attempting to run remotely on: [Linux-64], [GoogleChrome], [http://localhost:4444/wd/hub], Headless Execution. @21-09-2021 01:55:16.0056 AM
[ReportManager] Successfully Opened [GoogleChrome]. @21-09-2021 01:55:16.0233 A

################################################################################################################################################
Starting Execution:	[88 out of 143] test cases in the current suite
Test Method:		[testPackage01.Test_clipboardActions.typeTextAndCopyPaste]
################################################################################################################################################
[ReportManager] Target URL: [https://www.google.com/ncr], and after redirection: [https://www.google.com] @21-09-2021 01:55:16.0252 AM
[ReportManager] Initial URL: [data:,] @21-09-2021 01:55:16.0289 AM
[ReportManager] Browser Action [NavigateToURL] successfully performed. With the following test data [https://www.google.com/ncr]. @21-09-2021 01:55:16.0962 AM
[ReportManager] Element Action [Type] successfully performed. With the following test data [FIRST]. @21-09-2021 01:55:17.0235 AM
[ReportManager] Element Action [ClipboardActions] successfully performed. With the following test data [select all]. @21-09-2021 01:55:17.0280 AM
[ReportManager] Element Action [ClipboardActions] successfully performed. With the following test data [copy]. @21-09-2021 01:55:17.0322 AM
[ReportManager] Element Action [ClipboardActions] successfully performed. With the following test data [unselect]. @21-09-2021 01:55:17.0368 AM
[ReportManager] Element Action [ClipboardActions] successfully performed. With the following test data [paste]. @21-09-2021 01:55:17.0430 AM
[ReportManager] Element Action [ClipboardActions] successfully performed. With the following test data [select all]. @21-09-2021 01:55:17.0469 AM
[ReportManager] Element Action [Type] successfully performed. @21-09-2021 01:55:17.0629 AM
[ReportManager] Element Action [ClipboardActions] successfully performed. With the following test data [cut]. @21-09-2021 01:55:17.0629 AM
[ReportManager] Element Action [ClipboardActions] successfully performed. With the following test data [paste]. @21-09-2021 01:55:17.0699 AM
[ReportManager] Element Action [ClipboardActions] successfully performed. With the following test data [paste]. @21-09-2021 01:55:17.0759 A
[ReportManager] Browser Action [CloseCurrentWindow] successfully performed. @21-09-2021 01:55:17.0881 AM
[ReportManager] Successfully created attachment [Browser Action Test Data - CloseCurrentWindow - Actual Value] @21-09-2021 01:55:17.0890 A
[ReportManager] File Action [GetAbsolutePath] successfully performed. With the following test data [Relative Folder Path: "target/downloadedFiles/"]. @21-09-2021 01:55:17.0893 AM
[ReportManager] Attempting to run remotely on: [Linux-64], [GoogleChrome], [http://localhost:4444/wd/hub], Headless Execution. @21-09-2021 01:55:17.0893 AM
[ReportManager] Successfully Opened [GoogleChrome]. @21-09-2021 01:55:18.0069 A

################################################################################################################################################
Starting Execution:	[89 out of 143] test cases in the current suite
Test Method:		[testPackage01.Test_dynamicLoading.dynamicLoading_elementIsHidden]
################################################################################################################################################
[ReportManager] Target URL: [https://the-internet.herokuapp.com/dynamic_loading/1] @21-09-2021 01:55:18.0084 AM
[ReportManager] Initial URL: [data:,] @21-09-2021 01:55:18.0116 AM
[ReportManager] Browser Action [NavigateToURL] successfully performed. With the following test data [https://the-internet.herokuapp.com/dynamic_loading/1]. @21-09-2021 01:55:18.0406 AM
[ReportManager] Element Action [Click] successfully performed. With the following test data [Start]. @21-09-2021 01:55:18.0643 AM
[ReportManager] Element Action [GetText] successfully performed. With the following test data [
    Hello World!
  ]. @21-09-2021 01:55:18.0729 AM
[ReportManager] Loaded Shared OpenCV @21-09-2021 01:55:18.0849 AM
[ReportManager] Assertion [ValidateElementAttribute] PASSED. Expected [Value Should be 'Hello World!' for the 'text' attribute, element locator 'By.id: finish'] and Actual [
    Hello World!
  ]. Comparison Type [CONTAINS]. Validation Type [POSITIVE]. @21-09-2021 01:55:18.0915 AM
[ReportManager] Successfully created attachment [Screenshot - 1632189318849_dynamicLoading_elementIsHidden_ValidateElementAttribute_passed] @21-09-2021 01:55:18.0916 A
[ReportManager] Browser Action [CloseCurrentWindow] successfully performed. @21-09-2021 01:55:19.0011 AM
[ReportManager] Successfully created attachment [Browser Action Test Data - CloseCurrentWindow - Actual Value] @21-09-2021 01:55:19.0011 A
[ReportManager] File Action [GetAbsolutePath] successfully performed. With the following test data [Relative Folder Path: "target/downloadedFiles/"]. @21-09-2021 01:55:19.0013 AM
[ReportManager] Attempting to run remotely on: [Linux-64], [GoogleChrome], [http://localhost:4444/wd/hub], Headless Execution. @21-09-2021 01:55:19.0013 AM
[ReportManager] Successfully Opened [GoogleChrome]. @21-09-2021 01:55:19.0183 A

################################################################################################################################################
Starting Execution:	[90 out of 143] test cases in the current suite
Test Method:		[testPackage01.Test_dynamicLoading.dynamicLoading_elementIsRendered]
################################################################################################################################################
[ReportManager] Target URL: [https://the-internet.herokuapp.com/dynamic_loading/2] @21-09-2021 01:55:19.0194 AM
[ReportManager] Initial URL: [data:,] @21-09-2021 01:55:19.0226 AM
[ReportManager] Browser Action [NavigateToURL] successfully performed. With the following test data [https://the-internet.herokuapp.com/dynamic_loading/2]. @21-09-2021 01:55:19.0524 AM
[ReportManager] Element Action [Click] successfully performed. With the following test data [Start]. @21-09-2021 01:55:19.0774 AM
[ReportManager] Element Action [GetText] successfully performed. With the following test data [Hello World!]. @21-09-2021 01:55:24.0909 AM
[ReportManager] Loaded Shared OpenCV @21-09-2021 01:55:25.0014 AM
[ReportManager] Assertion [ValidateElementAttribute] PASSED. Expected [Value Should be 'Hello World!' for the 'text' attribute, element locator 'By.id: finish'] and Actual [Hello World!]. Comparison Type [CONTAINS]. Validation Type [POSITIVE]. @21-09-2021 01:55:25.0078 AM
[ReportManager] Successfully created attachment [Screenshot - 1632189325014_dynamicLoading_elementIsRendered_ValidateElementAttribute_passed] @21-09-2021 01:55:25.0079 A
[ReportManager] Browser Action [CloseCurrentWindow] successfully performed. @21-09-2021 01:55:25.0166 AM
[ReportManager] Successfully created attachment [Browser Action Test Data - CloseCurrentWindow - Actual Value] @21-09-2021 01:55:25.0166 A

################################################################################################################################################
Starting Execution:	[91 out of 143] test cases in the current suite
Test Method:		[testPackage01.Test_JsonCompareWithSpecialCharacters.specialCharacters]
################################################################################################################################################
[ReportManager] File Action [GetAbsolutePath] successfully performed. With the following test data [Relative Folder Path: "src/test/resources/TestJsonFiles/specialCharacters.json"]. @21-09-2021 01:55:25.0171 AM
[ReportManager] File Action [ReadFromFile] successfully performed. With the following test data [File Path: "/home/runner/work/SHAFT_ENGINE/SHAFT_ENGINE/src/test/resources/TestJsonFiles/specialCharacters.json"]. @21-09-2021 01:55:25.0177 AM
[ReportManager] Successfully created attachment [File Action Actual Result - Command Log] @21-09-2021 01:55:25.0177 AM
[ReportManager] Comparing the provided API response with the file at this path "src/test/resources/TestJsonFiles/specialCharacters.json", comparison type "EQUALS" @21-09-2021 01:55:25.0178 AM
[ReportManager] API Action [CompareJSON] successfully performed. With the following test data [src/test/resources/TestJsonFiles/specialCharacters.json]. @21-09-2021 01:55:25.0194 AM
[ReportManager] File Action [GetAbsolutePath] successfully performed. With the following test data [Relative Folder Path: "src/test/resources/TestJsonFiles/specialCharacters.json"]. @21-09-2021 01:55:25.0194 AM
[ReportManager] File Action [ReadFromFile] successfully performed. With the following test data [File Path: "/home/runner/work/SHAFT_ENGINE/SHAFT_ENGINE/src/test/resources/TestJsonFiles/specialCharacters.json"]. @21-09-2021 01:55:25.0194 AM
[ReportManager] Verification [ValidateJSONFileContent] PASSED. Expected [Response data should match the JSON File in this path 'src/test/resources/TestJsonFiles/specialCharacters.json'] and Actual [TRUE]. Comparison Type [EQUALS]. Validation Type [POSITIVE]. @21-09-2021 01:55:25.0198 AM
[ReportManager] Successfully created attachment [Validation Test Data - Expected JSON Value] @21-09-2021 01:55:25.0198 AM
[ReportManager] Successfully created attachment [Validation Test Data - Actual JSON Value] @21-09-2021 01:55:25.0199 A

################################################################################################################################################
Starting Execution:	[92 out of 143] test cases in the current suite
Test Method:		[testPackage01.Test_JsonCompareWithSpecialCharacters.specialCharacters_assertion]
################################################################################################################################################
[ReportManager] File Action [GetAbsolutePath] successfully performed. With the following test data [Relative Folder Path: "src/test/resources/TestJsonFiles/specialCharacters.json"]. @21-09-2021 01:55:25.0205 AM
[ReportManager] File Action [ReadFromFile] successfully performed. With the following test data [File Path: "/home/runner/work/SHAFT_ENGINE/SHAFT_ENGINE/src/test/resources/TestJsonFiles/specialCharacters.json"]. @21-09-2021 01:55:25.0206 AM
[ReportManager] Successfully created attachment [File Action Actual Result - Command Log] @21-09-2021 01:55:25.0206 AM
[ReportManager] Comparing the provided API response with the file at this path "src/test/resources/TestJsonFiles/specialCharacters.json", comparison type "CONTAINS" @21-09-2021 01:55:25.0206 AM
[ReportManager] API Action [CompareJSON] successfully performed. With the following test data [src/test/resources/TestJsonFiles/specialCharacters.json]. @21-09-2021 01:55:25.0212 AM
[ReportManager] File Action [GetAbsolutePath] successfully performed. With the following test data [Relative Folder Path: "src/test/resources/TestJsonFiles/specialCharacters.json"]. @21-09-2021 01:55:25.0213 AM
[ReportManager] File Action [ReadFromFile] successfully performed. With the following test data [File Path: "/home/runner/work/SHAFT_ENGINE/SHAFT_ENGINE/src/test/resources/TestJsonFiles/specialCharacters.json"]. @21-09-2021 01:55:25.0213 AM
[ReportManager] Assertion Passed: trying out the log message @21-09-2021 01:55:25.0217 AM
[ReportManager] Successfully created attachment [Validation Test Data - Expected JSON Value] @21-09-2021 01:55:25.0217 AM
[ReportManager] Successfully created attachment [Validation Test Data - Actual JSON Value] @21-09-2021 01:55:25.0217 AM
[ReportManager] Assertion [ValidateJSONFileContent] PASSED. Expected [Response data should match the JSON File in this path 'src/test/resources/TestJsonFiles/specialCharacters.json'] and Actual [TRUE]. Comparison Type [CONTAINS]. Validation Type [POSITIVE]. @21-09-2021 01:55:25.0217 A
[ReportManager] File Action [GetAbsolutePath] successfully performed. With the following test data [Relative Folder Path: "target/downloadedFiles/"]. @21-09-2021 01:55:25.0220 AM
[ReportManager] Attempting to run remotely on: [Linux-64], [GoogleChrome], [http://localhost:4444/wd/hub], Headless Execution. @21-09-2021 01:55:25.0220 AM
[ReportManager] Successfully Opened [GoogleChrome]. @21-09-2021 01:55:25.0388 A

################################################################################################################################################
Starting Execution:	[93 out of 143] test cases in the current suite
Test Method:		[testPackage01.Test_uploadFile.uploadFile_invisibleUploadInput]
################################################################################################################################################
[ReportManager] Target URL: [https://fineuploader.com/demos.html#gallery-view] @21-09-2021 01:55:25.0408 AM
[ReportManager] Initial URL: [data:,] @21-09-2021 01:55:25.0447 AM
[ReportManager] Browser Action [NavigateToURL] successfully performed. With the following test data [https://fineuploader.com/demos.html#gallery-view]. @21-09-2021 01:55:26.0840 AM
[ReportManager] File Action [GetAbsolutePath] successfully performed. With the following test data [Relative File Path: "src/main/resources/images/shaft.png"]. @21-09-2021 01:55:26.0841 AM
[ReportManager] Successfully created attachment [File Action Actual Result - Command Log] @21-09-2021 01:55:26.0841 AM
[ReportManager] Element Action [TypeFileLocationForUpload] successfully performed. With the following test data [/home/runner/work/SHAFT_ENGINE/SHAFT_ENGINE/src/main/resources/images/shaft.png]. @21-09-2021 01:55:27.0004 AM
[ReportManager] Attempting to getAttribute [src] from elementLocator [By.xpath: //div[@id='fine-uploader-gallery']//div[@class='qq-thumbnail-wrapper']/img]. @21-09-2021 01:55:27.0004 AM
[ReportManager] Element Action [GetAttribute] successfully performed. @21-09-2021 01:55:27.0111 AM
[ReportManager] Successfully created attachment [Element Action Test Data - GetAttribute - Actual Value] @21-09-2021 01:55:27.0112 AM
[ReportManager] Loaded Shared OpenCV @21-09-2021 01:55:27.0238 AM
[ReportManager] Assertion [ValidateElementAttribute] PASSED. Expected and Actual values are attached. Comparison Type [CONTAINS]. Validation Type [POSITIVE]. @21-09-2021 01:55:27.0311 AM
[ReportManager] Successfully created attachment [Validation Test Data - Expected Value] @21-09-2021 01:55:27.0312 AM
[ReportManager] Successfully created attachment [Validation Test Data - Actual Value] @21-09-2021 01:55:27.0312 AM
[ReportManager] Successfully created attachment [Screenshot - 1632189327238_uploadFile_invisibleUploadInput_ValidateElementAttribute_passed] @21-09-2021 01:55:27.0313 A
[ReportManager] Browser Action [CloseCurrentWindow] successfully performed. @21-09-2021 01:55:27.0435 AM
[ReportManager] Successfully created attachment [Browser Action Test Data - CloseCurrentWindow - Actual Value] @21-09-2021 01:55:27.0435 A
[ReportManager] File Action [GetAbsolutePath] successfully performed. With the following test data [Relative Folder Path: "target/downloadedFiles/"]. @21-09-2021 01:55:27.0439 AM
[ReportManager] Attempting to run remotely on: [Linux-64], [GoogleChrome], [http://localhost:4444/wd/hub], Headless Execution. @21-09-2021 01:55:27.0439 AM
[ReportManager] Successfully Opened [GoogleChrome]. @21-09-2021 01:55:27.0600 A

################################################################################################################################################
Starting Execution:	[94 out of 143] test cases in the current suite
Test Method:		[testPackage01.Test_uploadFile.uploadFile_visibleUploadInput]
################################################################################################################################################
[ReportManager] Target URL: [http://demo.guru99.com/test/upload/] @21-09-2021 01:55:27.0612 AM
[ReportManager] Initial URL: [data:,] @21-09-2021 01:55:27.0655 AM
[ReportManager] Browser Action [NavigateToURL] successfully performed. With the following test data [http://demo.guru99.com/test/upload/]. @21-09-2021 01:55:28.0856 AM
[ReportManager] File Action [GetAbsolutePath] successfully performed. With the following test data [Relative File Path: "src/main/resources/images/shaft.png"]. @21-09-2021 01:55:28.0856 AM
[ReportManager] Successfully created attachment [File Action Actual Result - Command Log] @21-09-2021 01:55:28.0856 AM
[ReportManager] Element Action [TypeFileLocationForUpload] successfully performed. With the following test data [/home/runner/work/SHAFT_ENGINE/SHAFT_ENGINE/src/main/resources/images/shaft.png]. @21-09-2021 01:55:28.0989 AM
[ReportManager] Element Action [Click] successfully performed. With the following test data [on]. @21-09-2021 01:55:29.0238 AM
[ReportManager] Element Action [Click] successfully performed. With the following test data [Submit File]. @21-09-2021 01:55:29.0478 AM
[ReportManager] Element Action [GetText] successfully performed. With the following test data [1 file
has been successfully uploaded.]. @21-09-2021 01:55:30.0083 AM
[ReportManager] Loaded Shared OpenCV @21-09-2021 01:55:30.0196 AM
[ReportManager] Assertion [ValidateElementAttribute] PASSED. Expected [Value Should be '1 file' for the 'Text' attribute, element locator 'By.id: res'] and Actual [1 file
has been successfully uploaded.]. Comparison Type [CONTAINS]. Validation Type [POSITIVE]. @21-09-2021 01:55:30.0262 AM
[ReportManager] Successfully created attachment [Screenshot - 1632189330195_uploadFile_visibleUploadInput_ValidateElementAttribute_passed] @21-09-2021 01:55:30.0262 A
[ReportManager] Browser Action [CloseCurrentWindow] successfully performed. @21-09-2021 01:55:30.0367 AM
[ReportManager] Successfully created attachment [Browser Action Test Data - CloseCurrentWindow - Actual Value] @21-09-2021 01:55:30.0367 A
[ReportManager] File Action [GetAbsolutePath] successfully performed. With the following test data [Relative Folder Path: "target/downloadedFiles/"]. @21-09-2021 01:55:30.0368 AM
[ReportManager] Attempting to run remotely on: [Linux-64], [GoogleChrome], [http://localhost:4444/wd/hub], Headless Execution. @21-09-2021 01:55:30.0369 AM
[ReportManager] Successfully Opened [GoogleChrome]. @21-09-2021 01:55:30.0532 A

################################################################################################################################################
Starting Execution:	[95 out of 143] test cases in the current suite
Test Method:		[testPackage01.Test_assertEquals.test_assertElementAttribute]
################################################################################################################################################
[ReportManager] Target URL: [https://www.google.com/ncr], and after redirection: [https://www.google.com] @21-09-2021 01:55:30.0545 AM
[ReportManager] Initial URL: [data:,] @21-09-2021 01:55:30.0585 AM
[ReportManager] Browser Action [NavigateToURL] successfully performed. With the following test data [https://www.google.com/ncr]. @21-09-2021 01:55:31.0276 AM
[ReportManager] Element Action [Type] successfully performed. With the following test data [INC_004010050:Another SCHEDULER with the same name [Duplicate Job Name] already exists.]. @21-09-2021 01:55:31.0814 AM
[ReportManager] Element Action [GetText] successfully performed. With the following test data [INC_004010050:Another SCHEDULER with the same name [Duplicate Job Name] already exists.]. @21-09-2021 01:55:31.0885 AM
[ReportManager] Loaded Shared OpenCV @21-09-2021 01:55:32.0004 AM
[ReportManager] Assertion [ValidateElementAttribute] PASSED. Expected [Value Should be 'INC_004010050:Another SCHEDULER with the same name \[Duplicate Job Name\] already exists.' for the 'text' attribute, element locator 'By.name: q'] and Actual [INC_004010050:Another SCHEDULER with the same name [Duplicate Job Name] already exists.]. Comparison Type [MATCHES]. Validation Type [POSITIVE]. @21-09-2021 01:55:32.0070 AM
[ReportManager] Successfully created attachment [Screenshot - 1632189332004_test_assertElementAttribute_ValidateElementAttribute_passed] @21-09-2021 01:55:32.0071 A
[ReportManager] Browser Action [CloseCurrentWindow] successfully performed. @21-09-2021 01:55:32.0180 AM
[ReportManager] Successfully created attachment [Browser Action Test Data - CloseCurrentWindow - Actual Value] @21-09-2021 01:55:32.0181 A

################################################################################################################################################
Starting Execution:	[96 out of 143] test cases in the current suite
Test Method:		[testPackage01.Test_NewValidationHelper.f1]
################################################################################################################################################
[ReportManager] Assertion Passed: Checking valid user data @21-09-2021 01:55:32.0183 AM
[ReportManager] Successfully created attachment [Validation Test Data - Expected Value] @21-09-2021 01:55:32.0183 AM
[ReportManager] Successfully created attachment [Validation Test Data - Actual Value] @21-09-2021 01:55:32.0183 AM
[ReportManager] Assertion [ValidateEquals] PASSED. Expected and Actual values are attached. Comparison Type [EQUALS]. Validation Type [POSITIVE]. @21-09-2021 01:55:32.0183 A
[ReportManager] File Action [GetAbsolutePath] successfully performed. With the following test data [Relative Folder Path: "target/downloadedFiles/"]. @21-09-2021 01:55:32.0185 AM
[ReportManager] Attempting to run remotely on: [Linux-64], [GoogleChrome], [http://localhost:4444/wd/hub], Headless Execution. @21-09-2021 01:55:32.0185 AM
[ReportManager] Successfully Opened [GoogleChrome]. @21-09-2021 01:55:32.0358 AM
[ReportManager] Target URL: [https://the-internet.herokuapp.com/] @21-09-2021 01:55:32.0368 AM
[ReportManager] Initial URL: [data:,] @21-09-2021 01:55:32.0400 AM
[ReportManager] Browser Action [NavigateToURL] successfully performed. With the following test data [https://the-internet.herokuapp.com/]. @21-09-2021 01:55:32.0701 A

################################################################################################################################################
Starting Execution:	[97 out of 143] test cases in the current suite
Test Method:		[testPackage01.Test_NewValidationHelper.f10]
################################################################################################################################################
[ReportManager] Assertion [ValidateElementExists] FAILED. Expected [Element Should Exist, locator 'By.tagName: div'] and Actual [Element Exists but is not unique]. Comparison Type [EQUALS]. Validation Type [POSITIVE]. @21-09-2021 01:55:32.0916 AM
[ReportManager] Successfully created attachment [Screenshot - 1632189332857_f10_ValidateElementExists_failed] @21-09-2021 01:55:32.0917 A
[ReportManager] Successfully Closed All Drivers. @21-09-2021 01:55:32.0990 A
[ReportManager] File Action [GetAbsolutePath] successfully performed. With the following test data [Relative Folder Path: "target/downloadedFiles/"]. @21-09-2021 01:55:32.0993 AM
[ReportManager] Attempting to run remotely on: [Linux-64], [GoogleChrome], [http://localhost:4444/wd/hub], Headless Execution. @21-09-2021 01:55:32.0993 AM
[ReportManager] Successfully Opened [GoogleChrome]. @21-09-2021 01:55:33.0176 AM
[ReportManager] Target URL: [https://the-internet.herokuapp.com/] @21-09-2021 01:55:33.0185 AM
[ReportManager] Initial URL: [data:,] @21-09-2021 01:55:33.0222 AM
[ReportManager] Browser Action [NavigateToURL] successfully performed. With the following test data [https://the-internet.herokuapp.com/]. @21-09-2021 01:55:33.0515 A

################################################################################################################################################
Starting Execution:	[98 out of 143] test cases in the current suite
Test Method:		[testPackage01.Test_NewValidationHelper.f11]
################################################################################################################################################
[ReportManager] Assertion Passed: Checking that false tag doesn't exist @21-09-2021 01:55:43.0847 AM
[ReportManager] Successfully created attachment [Screenshot - 1632189343789_f11_ValidateElementExists_passed] @21-09-2021 01:55:43.0848 AM
[ReportManager] Assertion [ValidateElementExists] PASSED. Expected [Element Should not Exist, locator 'By.tagName: h3'] and Actual [Element Doesn't Exists]. Comparison Type [EQUALS]. Validation Type [NEGATIVE]. @21-09-2021 01:55:43.0848 A
[ReportManager] Successfully Closed All Drivers. @21-09-2021 01:55:43.0918 A
[ReportManager] File Action [GetAbsolutePath] successfully performed. With the following test data [Relative Folder Path: "target/downloadedFiles/"]. @21-09-2021 01:55:43.0920 AM
[ReportManager] Attempting to run remotely on: [Linux-64], [GoogleChrome], [http://localhost:4444/wd/hub], Headless Execution. @21-09-2021 01:55:43.0920 AM
[ReportManager] Successfully Opened [GoogleChrome]. @21-09-2021 01:55:44.0087 AM
[ReportManager] Target URL: [https://the-internet.herokuapp.com/] @21-09-2021 01:55:44.0107 AM
[ReportManager] Initial URL: [data:,] @21-09-2021 01:55:44.0139 AM
[ReportManager] Browser Action [NavigateToURL] successfully performed. With the following test data [https://the-internet.herokuapp.com/]. @21-09-2021 01:55:44.0502 A

################################################################################################################################################
Starting Execution:	[99 out of 143] test cases in the current suite
Test Method:		[testPackage01.Test_NewValidationHelper.f12]
################################################################################################################################################
[ReportManager] Loaded Shared OpenCV @21-09-2021 01:55:44.0674 AM
[ReportManager] Assertion [ValidateElementExists] FAILED. Expected [Element Should not Exist, locator 'By.tagName: h1'] and Actual [Element Exists]. Comparison Type [EQUALS]. Validation Type [NEGATIVE]. @21-09-2021 01:55:44.0746 AM
[ReportManager] Successfully created attachment [Screenshot - 1632189344674_f12_ValidateElementExists_failed] @21-09-2021 01:55:44.0747 A
[ReportManager] Successfully Closed All Drivers. @21-09-2021 01:55:44.0862 A
[ReportManager] File Action [GetAbsolutePath] successfully performed. With the following test data [Relative Folder Path: "target/downloadedFiles/"]. @21-09-2021 01:55:44.0863 AM
[ReportManager] Attempting to run remotely on: [Linux-64], [GoogleChrome], [http://localhost:4444/wd/hub], Headless Execution. @21-09-2021 01:55:44.0863 AM
[ReportManager] Successfully Opened [GoogleChrome]. @21-09-2021 01:55:45.0021 AM
[ReportManager] Target URL: [https://the-internet.herokuapp.com/] @21-09-2021 01:55:45.0035 AM
[ReportManager] Initial URL: [data:,] @21-09-2021 01:55:45.0104 AM
[ReportManager] Browser Action [NavigateToURL] successfully performed. With the following test data [https://the-internet.herokuapp.com/]. @21-09-2021 01:55:45.0415 A

################################################################################################################################################
Starting Execution:	[100 out of 143] test cases in the current suite
Test Method:		[testPackage01.Test_NewValidationHelper.f13]
################################################################################################################################################
[ReportManager] Assertion [ValidateElementExists] FAILED. Expected [Element Should not Exist, locator 'By.tagName: div'] and Actual [Element Exists but is not unique]. Comparison Type [EQUALS]. Validation Type [NEGATIVE]. @21-09-2021 01:55:45.0631 AM
[ReportManager] Successfully created attachment [Screenshot - 1632189345572_f13_ValidateElementExists_failed] @21-09-2021 01:55:45.0631 A
[ReportManager] Successfully Closed All Drivers. @21-09-2021 01:55:45.0702 A
[ReportManager] File Action [GetAbsolutePath] successfully performed. With the following test data [Relative Folder Path: "target/downloadedFiles/"]. @21-09-2021 01:55:45.0704 AM
[ReportManager] Attempting to run remotely on: [Linux-64], [GoogleChrome], [http://localhost:4444/wd/hub], Headless Execution. @21-09-2021 01:55:45.0704 AM
[ReportManager] Successfully Opened [GoogleChrome]. @21-09-2021 01:55:45.0864 AM
[ReportManager] Target URL: [https://the-internet.herokuapp.com/] @21-09-2021 01:55:45.0879 AM
[ReportManager] Initial URL: [data:,] @21-09-2021 01:55:45.0915 AM
[ReportManager] Browser Action [NavigateToURL] successfully performed. With the following test data [https://the-internet.herokuapp.com/]. @21-09-2021 01:55:46.0219 A

################################################################################################################################################
Starting Execution:	[101 out of 143] test cases in the current suite
Test Method:		[testPackage01.Test_NewValidationHelper.f14]
################################################################################################################################################
[ReportManager] Element Action [GetText] successfully performed. With the following test data [Welcome to the-internet]. @21-09-2021 01:55:46.0287 AM
[ReportManager] Loaded Shared OpenCV @21-09-2021 01:55:46.0406 AM
[ReportManager] Assertion Passed: Asserting that the header text is correct @21-09-2021 01:55:46.0478 AM
[ReportManager] Successfully created attachment [Screenshot - 1632189346406_f14_ValidateElementAttribute_passed] @21-09-2021 01:55:46.0479 AM
[ReportManager] Assertion [ValidateElementAttribute] PASSED. Expected [Value Should be 'Welcome to the-internet' for the 'text' attribute, element locator 'By.tagName: h1'] and Actual [Welcome to the-internet]. Comparison Type [EQUALS]. Validation Type [POSITIVE]. @21-09-2021 01:55:46.0479 A
[ReportManager] Successfully Closed All Drivers. @21-09-2021 01:55:46.0549 A
[ReportManager] File Action [GetAbsolutePath] successfully performed. With the following test data [Relative Folder Path: "target/downloadedFiles/"]. @21-09-2021 01:55:46.0551 AM
[ReportManager] Attempting to run remotely on: [Linux-64], [GoogleChrome], [http://localhost:4444/wd/hub], Headless Execution. @21-09-2021 01:55:46.0551 AM
[ReportManager] Successfully Opened [GoogleChrome]. @21-09-2021 01:55:46.0713 AM
[ReportManager] Target URL: [https://the-internet.herokuapp.com/] @21-09-2021 01:55:46.0723 AM
[ReportManager] Initial URL: [data:,] @21-09-2021 01:55:46.0754 AM
[ReportManager] Browser Action [NavigateToURL] successfully performed. With the following test data [https://the-internet.herokuapp.com/]. @21-09-2021 01:55:47.0052 A

################################################################################################################################################
Starting Execution:	[102 out of 143] test cases in the current suite
Test Method:		[testPackage01.Test_NewValidationHelper.f15]
################################################################################################################################################
[ReportManager] Element Action [GetText] successfully performed. With the following test data [Welcome to the-internet]. @21-09-2021 01:55:47.0119 AM
[ReportManager] Loaded Shared OpenCV @21-09-2021 01:55:47.0238 AM
[ReportManager] Assertion [ValidateElementAttribute] FAILED. Expected [Value Should not be 'Welcome' for the 'text' attribute, element locator 'By.tagName: h1'] and Actual [Welcome to the-internet]. Comparison Type [CONTAINS]. Validation Type [NEGATIVE]. @21-09-2021 01:55:47.0309 AM
[ReportManager] Successfully created attachment [Screenshot - 1632189347238_f15_ValidateElementAttribute_failed] @21-09-2021 01:55:47.0310 A
[ReportManager] Successfully Closed All Drivers. @21-09-2021 01:55:47.0427 A
[ReportManager] File Action [GetAbsolutePath] successfully performed. With the following test data [Relative Folder Path: "target/downloadedFiles/"]. @21-09-2021 01:55:47.0429 AM
[ReportManager] Attempting to run remotely on: [Linux-64], [GoogleChrome], [http://localhost:4444/wd/hub], Headless Execution. @21-09-2021 01:55:47.0430 AM
[ReportManager] Successfully Opened [GoogleChrome]. @21-09-2021 01:55:47.0588 AM
[ReportManager] Target URL: [https://the-internet.herokuapp.com/] @21-09-2021 01:55:47.0608 AM
[ReportManager] Initial URL: [data:,] @21-09-2021 01:55:47.0643 AM
[ReportManager] Browser Action [NavigateToURL] successfully performed. With the following test data [https://the-internet.herokuapp.com/]. @21-09-2021 01:55:47.0932 A

################################################################################################################################################
Starting Execution:	[103 out of 143] test cases in the current suite
Test Method:		[testPackage01.Test_NewValidationHelper.f16]
################################################################################################################################################
[ReportManager] Element Action [IdentifyUniqueElement] failed. With the following test data [zero elements found matching this locator "By.tagName: h3".]. @21-09-2021 01:56:13.0411 AM
[ReportManager] Successfully created attachment [Screenshot - 1632189373353_f16_IdentifyUniqueElement_failed] @21-09-2021 01:56:13.0411 AM
[ReportManager] Assertion [ValidateElementAttribute] FAILED. Expected [Value Should not be 'Welcome' for the 'text' attribute, element locator 'By.tagName: h3'] and Actual [Failed to read the desired element attribute]. Comparison Type [CONTAINS]. Validation Type [NEGATIVE]. @21-09-2021 01:56:13.0412 A
[ReportManager] Successfully Closed All Drivers. @21-09-2021 01:56:13.0483 A
[ReportManager] File Action [GetAbsolutePath] successfully performed. With the following test data [Relative Folder Path: "target/downloadedFiles/"]. @21-09-2021 01:56:13.0484 AM
[ReportManager] Attempting to run remotely on: [Linux-64], [GoogleChrome], [http://localhost:4444/wd/hub], Headless Execution. @21-09-2021 01:56:13.0484 AM
[ReportManager] Successfully Opened [GoogleChrome]. @21-09-2021 01:56:13.0650 AM
[ReportManager] Target URL: [https://the-internet.herokuapp.com/] @21-09-2021 01:56:13.0660 AM
[ReportManager] Initial URL: [data:,] @21-09-2021 01:56:13.0692 AM
[ReportManager] Browser Action [NavigateToURL] successfully performed. With the following test data [https://the-internet.herokuapp.com/]. @21-09-2021 01:56:14.0006 A

################################################################################################################################################
Starting Execution:	[104 out of 143] test cases in the current suite
Test Method:		[testPackage01.Test_NewValidationHelper.f17]
################################################################################################################################################
[ReportManager] Attempting to getAttribute [text2] from elementLocator [By.tagName: h1]. @21-09-2021 01:56:14.0009 AM
[ReportManager] Element Action [GetAttribute] successfully performed. @21-09-2021 01:56:14.0070 AM
[ReportManager] Loaded Shared OpenCV @21-09-2021 01:56:14.0187 AM
[ReportManager] Assertion [ValidateElementAttribute] PASSED. Expected [Value Should not be 'Welcome' for the 'text2' attribute, element locator 'By.tagName: h1'] and Actual [null]. Comparison Type [CONTAINS]. Validation Type [NEGATIVE]. @21-09-2021 01:56:14.0258 AM
[ReportManager] Successfully created attachment [Screenshot - 1632189374187_f17_ValidateElementAttribute_passed] @21-09-2021 01:56:14.0259 A
[ReportManager] Successfully Closed All Drivers. @21-09-2021 01:56:14.0330 A
[ReportManager] File Action [GetAbsolutePath] successfully performed. With the following test data [Relative Folder Path: "target/downloadedFiles/"]. @21-09-2021 01:56:14.0331 AM
[ReportManager] Attempting to run remotely on: [Linux-64], [GoogleChrome], [http://localhost:4444/wd/hub], Headless Execution. @21-09-2021 01:56:14.0332 AM
[ReportManager] Successfully Opened [GoogleChrome]. @21-09-2021 01:56:14.0493 AM
[ReportManager] Target URL: [https://the-internet.herokuapp.com/] @21-09-2021 01:56:14.0502 AM
[ReportManager] Initial URL: [data:,] @21-09-2021 01:56:14.0537 AM
[ReportManager] Browser Action [NavigateToURL] successfully performed. With the following test data [https://the-internet.herokuapp.com/]. @21-09-2021 01:56:14.0841 A

################################################################################################################################################
Starting Execution:	[105 out of 143] test cases in the current suite
Test Method:		[testPackage01.Test_NewValidationHelper.f18]
################################################################################################################################################
[ReportManager] Element Action [GetText] successfully performed. With the following test data [Welcome to the-internet]. @21-09-2021 01:56:14.0918 AM
[ReportManager] Loaded Shared OpenCV @21-09-2021 01:56:15.0038 AM
[ReportManager] Assertion [ValidateElementAttribute] PASSED. Expected [Value Should not be 'no' for the 'text' attribute, element locator 'By.tagName: h1'] and Actual [Welcome to the-internet]. Comparison Type [CONTAINS]. Validation Type [NEGATIVE]. @21-09-2021 01:56:15.0110 AM
[ReportManager] Successfully created attachment [Screenshot - 1632189375038_f18_ValidateElementAttribute_passed] @21-09-2021 01:56:15.0111 A
[ReportManager] Successfully Closed All Drivers. @21-09-2021 01:56:15.0183 A
[ReportManager] File Action [GetAbsolutePath] successfully performed. With the following test data [Relative Folder Path: "target/downloadedFiles/"]. @21-09-2021 01:56:15.0184 AM
[ReportManager] Attempting to run remotely on: [Linux-64], [GoogleChrome], [http://localhost:4444/wd/hub], Headless Execution. @21-09-2021 01:56:15.0185 AM
[ReportManager] Successfully Opened [GoogleChrome]. @21-09-2021 01:56:15.0369 AM
[ReportManager] Target URL: [https://the-internet.herokuapp.com/] @21-09-2021 01:56:15.0384 AM
[ReportManager] Initial URL: [data:,] @21-09-2021 01:56:15.0421 AM
[ReportManager] Browser Action [NavigateToURL] successfully performed. With the following test data [https://the-internet.herokuapp.com/]. @21-09-2021 01:56:15.0731 A

################################################################################################################################################
Starting Execution:	[106 out of 143] test cases in the current suite
Test Method:		[testPackage01.Test_NewValidationHelper.f19]
################################################################################################################################################
[ReportManager] Element Action [GetTagName] successfully performed. With the following test data [h1]. @21-09-2021 01:56:15.0791 AM
[ReportManager] Loaded Shared OpenCV @21-09-2021 01:56:15.0905 AM
[ReportManager] Assertion [ValidateElementAttribute] PASSED. Expected [Value Should be 'h' for the 'tagname' attribute, element locator 'By.tagName: h1'] and Actual [h1]. Comparison Type [CONTAINS]. Validation Type [POSITIVE]. @21-09-2021 01:56:15.0977 AM
[ReportManager] Successfully created attachment [Screenshot - 1632189375905_f19_ValidateElementAttribute_passed] @21-09-2021 01:56:15.0978 A
[ReportManager] Successfully Closed All Drivers. @21-09-2021 01:56:16.0050 A

################################################################################################################################################
Starting Execution:	[107 out of 143] test cases in the current suite
Test Method:		[testPackage01.Test_NewValidationHelper.f2]
################################################################################################################################################
[ReportManager] Assertion Failed: Checking valid user data @21-09-2021 01:56:16.0053 AM
[ReportManager] Assertion [ValidateEquals] FAILED. Expected [1] and Actual [2]. Comparison Type [EQUALS]. Validation Type [POSITIVE]. @21-09-2021 01:56:16.0053 A
[ReportManager] File Action [GetAbsolutePath] successfully performed. With the following test data [Relative Folder Path: "target/downloadedFiles/"]. @21-09-2021 01:56:16.0059 AM
[ReportManager] Attempting to run remotely on: [Linux-64], [GoogleChrome], [http://localhost:4444/wd/hub], Headless Execution. @21-09-2021 01:56:16.0060 AM
[ReportManager] Successfully Opened [GoogleChrome]. @21-09-2021 01:56:16.0218 AM
[ReportManager] Target URL: [https://the-internet.herokuapp.com/] @21-09-2021 01:56:16.0228 AM
[ReportManager] Initial URL: [data:,] @21-09-2021 01:56:16.0264 AM
[ReportManager] Browser Action [NavigateToURL] successfully performed. With the following test data [https://the-internet.herokuapp.com/]. @21-09-2021 01:56:16.0574 A

################################################################################################################################################
Starting Execution:	[108 out of 143] test cases in the current suite
Test Method:		[testPackage01.Test_NewValidationHelper.f20]
################################################################################################################################################
[ReportManager] Element Action [GetSize] successfully performed. With the following test data [(755, 61)]. @21-09-2021 01:56:16.0633 AM
[ReportManager] Loaded Shared OpenCV @21-09-2021 01:56:16.0753 AM
[ReportManager] Assertion [ValidateElementAttribute] PASSED. Expected [Value Should not be 'a' for the 'size' attribute, element locator 'By.tagName: h1'] and Actual [(755, 61)]. Comparison Type [CONTAINS]. Validation Type [NEGATIVE]. @21-09-2021 01:56:16.0825 AM
[ReportManager] Successfully created attachment [Screenshot - 1632189376753_f20_ValidateElementAttribute_passed] @21-09-2021 01:56:16.0826 A
[ReportManager] Successfully Closed All Drivers. @21-09-2021 01:56:16.0898 A
[ReportManager] File Action [GetAbsolutePath] successfully performed. With the following test data [Relative Folder Path: "target/downloadedFiles/"]. @21-09-2021 01:56:16.0900 AM
[ReportManager] Attempting to run remotely on: [Linux-64], [GoogleChrome], [http://localhost:4444/wd/hub], Headless Execution. @21-09-2021 01:56:16.0900 AM
[ReportManager] Successfully Opened [GoogleChrome]. @21-09-2021 01:56:17.0149 AM
[ReportManager] Target URL: [https://the-internet.herokuapp.com/] @21-09-2021 01:56:17.0158 AM
[ReportManager] Initial URL: [data:,] @21-09-2021 01:56:17.0189 AM
[ReportManager] Browser Action [NavigateToURL] successfully performed. With the following test data [https://the-internet.herokuapp.com/]. @21-09-2021 01:56:17.0533 A

################################################################################################################################################
Starting Execution:	[109 out of 143] test cases in the current suite
Test Method:		[testPackage01.Test_NewValidationHelper.f21]
################################################################################################################################################
[ReportManager] Element Action [IdentifyUniqueElement] failed. With the following test data [zero elements found matching this locator "By.tagName: h3".]. @21-09-2021 01:56:43.0044 AM
[ReportManager] Successfully created attachment [Screenshot - 1632189402970_f21_IdentifyUniqueElement_failed] @21-09-2021 01:56:43.0045 AM
[ReportManager] Assertion [ValidateElementAttribute] FAILED. Expected [Value Should be 'Welcome' for the 'text' attribute, element locator 'By.tagName: h3'] and Actual [Failed to read the desired element attribute]. Comparison Type [CONTAINS]. Validation Type [POSITIVE]. @21-09-2021 01:56:43.0045 A
[ReportManager] Successfully Closed All Drivers. @21-09-2021 01:56:43.0116 A
[ReportManager] File Action [GetAbsolutePath] successfully performed. With the following test data [Relative Folder Path: "target/downloadedFiles/"]. @21-09-2021 01:56:43.0118 AM
[ReportManager] Attempting to run remotely on: [Linux-64], [GoogleChrome], [http://localhost:4444/wd/hub], Headless Execution. @21-09-2021 01:56:43.0118 AM
[ReportManager] Successfully Opened [GoogleChrome]. @21-09-2021 01:56:43.0279 AM
[ReportManager] Target URL: [https://the-internet.herokuapp.com/] @21-09-2021 01:56:43.0289 AM
[ReportManager] Initial URL: [data:,] @21-09-2021 01:56:43.0320 AM
[ReportManager] Browser Action [NavigateToURL] successfully performed. With the following test data [https://the-internet.herokuapp.com/]. @21-09-2021 01:56:43.0628 A

################################################################################################################################################
Starting Execution:	[110 out of 143] test cases in the current suite
Test Method:		[testPackage01.Test_NewValidationHelper.f22]
################################################################################################################################################
[ReportManager] Element Action [GetText] successfully performed. With the following test data [Welcome to the-internet]. @21-09-2021 01:56:43.0694 AM
[ReportManager] Loaded Shared OpenCV @21-09-2021 01:56:43.0822 AM
[ReportManager] Assertion [ValidateElementAttribute] FAILED. Expected [Value Should be 'yyy' for the 'text' attribute, element locator 'By.tagName: h1'] and Actual [Welcome to the-internet]. Comparison Type [CONTAINS]. Validation Type [POSITIVE]. @21-09-2021 01:56:43.0893 AM
[ReportManager] Successfully created attachment [Screenshot - 1632189403822_f22_ValidateElementAttribute_failed] @21-09-2021 01:56:43.0894 A
[ReportManager] Successfully Closed All Drivers. @21-09-2021 01:56:43.0969 A

################################################################################################################################################
Starting Execution:	[111 out of 143] test cases in the current suite
Test Method:		[testPackage01.Test_NewValidationHelper.f23]
################################################################################################################################################
[ReportManager] Assertion Passed: confirming that the actual is greater than or equal to the expected @21-09-2021 01:56:43.0974 AM
[ReportManager] Assertion [ValidateComparativeRelation] PASSED. Expected [1] and Actual [1]. Comparison Type [GREATER_THAN_OR_EQUALS]. Validation Type [POSITIVE]. @21-09-2021 01:56:43.0974 A

################################################################################################################################################
Starting Execution:	[112 out of 143] test cases in the current suite
Test Method:		[testPackage01.Test_NewValidationHelper.f24]
################################################################################################################################################
[ReportManager] Assertion [ValidateComparativeRelation] PASSED. Expected [1] and Actual [10]. Comparison Type [GREATER_THAN_OR_EQUALS]. Validation Type [POSITIVE]. @21-09-2021 01:56:43.0978 A

################################################################################################################################################
Starting Execution:	[113 out of 143] test cases in the current suite
Test Method:		[testPackage01.Test_NewValidationHelper.f25]
################################################################################################################################################
[ReportManager] Assertion [ValidateComparativeRelation] PASSED. Expected [1] and Actual [1]. Comparison Type [EQUALS]. Validation Type [POSITIVE]. @21-09-2021 01:56:43.0982 A

################################################################################################################################################
Starting Execution:	[114 out of 143] test cases in the current suite
Test Method:		[testPackage01.Test_NewValidationHelper.f26]
################################################################################################################################################
[ReportManager] Assertion [ValidateComparativeRelation] PASSED. Expected [1] and Actual [5]. Comparison Type [GREATER_THAN]. Validation Type [POSITIVE]. @21-09-2021 01:56:43.0984 A

################################################################################################################################################
Starting Execution:	[115 out of 143] test cases in the current suite
Test Method:		[testPackage01.Test_NewValidationHelper.f27]
################################################################################################################################################
[ReportManager] Assertion [ValidateComparativeRelation] PASSED. Expected [11] and Actual [5]. Comparison Type [LESS_THAN]. Validation Type [POSITIVE]. @21-09-2021 01:56:43.0986 A

################################################################################################################################################
Starting Execution:	[116 out of 143] test cases in the current suite
Test Method:		[testPackage01.Test_NewValidationHelper.f28]
################################################################################################################################################
[ReportManager] Assertion [ValidateComparativeRelation] PASSED. Expected [11] and Actual [5]. Comparison Type [LESS_THAN_OR_EQUALS]. Validation Type [POSITIVE]. @21-09-2021 01:56:43.0988 A

################################################################################################################################################
Starting Execution:	[117 out of 143] test cases in the current suite
Test Method:		[testPackage01.Test_NewValidationHelper.f29]
################################################################################################################################################
[ReportManager] Assertion [ValidateComparativeRelation] PASSED. Expected [11] and Actual [11]. Comparison Type [LESS_THAN_OR_EQUALS]. Validation Type [POSITIVE]. @21-09-2021 01:56:43.0989 A

################################################################################################################################################
Starting Execution:	[118 out of 143] test cases in the current suite
Test Method:		[testPackage01.Test_NewValidationHelper.f3]
################################################################################################################################################
[ReportManager] Assertion [ValidateEquals] PASSED. Expected [1] and Actual [2]. Comparison Type [EQUALS]. Validation Type [NEGATIVE]. @21-09-2021 01:56:43.0991 A

################################################################################################################################################
Starting Execution:	[119 out of 143] test cases in the current suite
Test Method:		[testPackage01.Test_NewValidationHelper.f30]
################################################################################################################################################
[ReportManager] Assertion [ValidateComparativeRelation] FAILED. Expected [-9] and Actual [11]. Comparison Type [LESS_THAN_OR_EQUALS]. Validation Type [POSITIVE]. @21-09-2021 01:56:43.0992 A

################################################################################################################################################
Starting Execution:	[120 out of 143] test cases in the current suite
Test Method:		[testPackage01.Test_NewValidationHelper.f31]
################################################################################################################################################
[ReportManager] Assertion [ValidateTrue] PASSED. Expected [TRUE] and Actual [TRUE]. Validation Type [POSITIVE]. @21-09-2021 01:56:43.0993 A

################################################################################################################################################
Starting Execution:	[121 out of 143] test cases in the current suite
Test Method:		[testPackage01.Test_NewValidationHelper.f32]
################################################################################################################################################
[ReportManager] Assertion [ValidateTrue] PASSED. Expected [FALSE] and Actual [FALSE]. Validation Type [NEGATIVE]. @21-09-2021 01:56:43.0995 A

################################################################################################################################################
Starting Execution:	[122 out of 143] test cases in the current suite
Test Method:		[testPackage01.Test_NewValidationHelper.f33]
################################################################################################################################################
[ReportManager] Assertion [ValidateTrue] FAILED. Expected [FALSE] and Actual [TRUE]. Validation Type [NEGATIVE]. @21-09-2021 01:56:43.0996 A

################################################################################################################################################
Starting Execution:	[123 out of 143] test cases in the current suite
Test Method:		[testPackage01.Test_NewValidationHelper.f34]
################################################################################################################################################
[ReportManager] Assertion [ValidateTrue] FAILED. Expected [TRUE] and Actual [FALSE]. Validation Type [POSITIVE]. @21-09-2021 01:56:43.0997 A

################################################################################################################################################
Starting Execution:	[124 out of 143] test cases in the current suite
Test Method:		[testPackage01.Test_NewValidationHelper.f35]
################################################################################################################################################
[ReportManager] File Action [DoesFileExist] successfully performed. With the following test data [File Path: "pom.xml"]. @21-09-2021 01:56:43.0999 AM
[ReportManager] Assertion [ValidateFileExists] PASSED. Expected [File 'pom.xml' should exist, after up to '1' retries] and Actual [File exists]. Validation Type [POSITIVE]. @21-09-2021 01:56:43.0999 A

################################################################################################################################################
Starting Execution:	[125 out of 143] test cases in the current suite
Test Method:		[testPackage01.Test_NewValidationHelper.f36]
################################################################################################################################################
[ReportManager] File Action [DoesFileExist] successfully performed. With the following test data [File Path: "src/test/java/testPackage01/Test_NewValidationHelper.java"]. @21-09-2021 01:56:44.0000 AM
[ReportManager] Assertion [ValidateFileExists] PASSED. Expected [File 'src/test/java/testPackage01/Test_NewValidationHelper.java' should exist, after up to '1' retries] and Actual [File exists]. Validation Type [POSITIVE]. @21-09-2021 01:56:44.0000 A

################################################################################################################################################
Starting Execution:	[126 out of 143] test cases in the current suite
Test Method:		[testPackage01.Test_NewValidationHelper.f37]
################################################################################################################################################
[ReportManager] File Action [DoesFileExist] successfully performed. With the following test data [File Path: "pom.xml"]. @21-09-2021 01:56:44.0002 AM
[ReportManager] Assertion Failed: confirming that the file does't exist after 5 retries @21-09-2021 01:56:44.0002 AM
[ReportManager] Assertion [ValidateFileExists] FAILED. Expected [File 'pom.xml' should not exist, after up to '5' retries] and Actual [File exists]. Validation Type [NEGATIVE]. @21-09-2021 01:56:44.0002 A

################################################################################################################################################
Starting Execution:	[127 out of 143] test cases in the current suite
Test Method:		[testPackage01.Test_NewValidationHelper.f3_1]
################################################################################################################################################
[ReportManager] Assertion Passed: Checking valid user data @21-09-2021 01:56:44.0003 AM
[ReportManager] Assertion [ValidateEquals] PASSED. Expected [null] and Actual [null]. Comparison Type [EQUALS]. Validation Type [POSITIVE]. @21-09-2021 01:56:44.0004 A

################################################################################################################################################
Starting Execution:	[128 out of 143] test cases in the current suite
Test Method:		[testPackage01.Test_NewValidationHelper.f4]
################################################################################################################################################
[ReportManager] Assertion [ValidateEquals] PASSED. Expected [1] and Actual [123]. Comparison Type [CONTAINS]. Validation Type [POSITIVE]. @21-09-2021 01:56:44.0005 A

################################################################################################################################################
Starting Execution:	[129 out of 143] test cases in the current suite
Test Method:		[testPackage01.Test_NewValidationHelper.f5]
################################################################################################################################################
[ReportManager] Assertion [ValidateNull] PASSED. Expected [NULL] and Actual [1]. Comparison Type [EQUALS]. Validation Type [NEGATIVE]. @21-09-2021 01:56:44.0006 A

################################################################################################################################################
Starting Execution:	[130 out of 143] test cases in the current suite
Test Method:		[testPackage01.Test_NewValidationHelper.f6]
################################################################################################################################################
[ReportManager] Assertion Failed: Making sure that null string is not equal to null object @21-09-2021 01:56:44.0008 AM
[ReportManager] Assertion [ValidateNull] FAILED. Expected [NULL] and Actual [NULL]. Comparison Type [EQUALS]. Validation Type [POSITIVE]. @21-09-2021 01:56:44.0008 A

################################################################################################################################################
Starting Execution:	[131 out of 143] test cases in the current suite
Test Method:		[testPackage01.Test_NewValidationHelper.f6_1]
################################################################################################################################################
[ReportManager] Assertion [ValidateNull] FAILED. Expected [NULL] and Actual [NULL]. Comparison Type [EQUALS]. Validation Type [NEGATIVE]. @21-09-2021 01:56:44.0009 A

################################################################################################################################################
Starting Execution:	[132 out of 143] test cases in the current suite
Test Method:		[testPackage01.Test_NewValidationHelper.f6_2]
################################################################################################################################################
[ReportManager] Assertion Failed: Making sure that null string is not equal to null object @21-09-2021 01:56:44.0011 AM
[ReportManager] Assertion [ValidateNull] FAILED. Expected [NULL] and Actual [not null]. Comparison Type [EQUALS]. Validation Type [POSITIVE]. @21-09-2021 01:56:44.0011 A

################################################################################################################################################
Starting Execution:	[133 out of 143] test cases in the current suite
Test Method:		[testPackage01.Test_NewValidationHelper.f7]
################################################################################################################################################
[ReportManager] Assertion [ValidateNull] PASSED. Expected [NULL] and Actual [NULL]. Comparison Type [EQUALS]. Validation Type [POSITIVE]. @21-09-2021 01:56:44.0012 A
[ReportManager] File Action [GetAbsolutePath] successfully performed. With the following test data [Relative Folder Path: "target/downloadedFiles/"]. @21-09-2021 01:56:44.0013 AM
[ReportManager] Attempting to run remotely on: [Linux-64], [GoogleChrome], [http://localhost:4444/wd/hub], Headless Execution. @21-09-2021 01:56:44.0013 AM
[ReportManager] Successfully Opened [GoogleChrome]. @21-09-2021 01:56:44.0169 AM
[ReportManager] Target URL: [https://the-internet.herokuapp.com/] @21-09-2021 01:56:44.0180 AM
[ReportManager] Initial URL: [data:,] @21-09-2021 01:56:44.0214 AM
[ReportManager] Browser Action [NavigateToURL] successfully performed. With the following test data [https://the-internet.herokuapp.com/]. @21-09-2021 01:56:44.0512 A

################################################################################################################################################
Starting Execution:	[134 out of 143] test cases in the current suite
Test Method:		[testPackage01.Test_NewValidationHelper.f8]
################################################################################################################################################
[ReportManager] Loaded Shared OpenCV @21-09-2021 01:56:44.0669 AM
[ReportManager] Assertion [ValidateElementExists] PASSED. Expected [Element Should Exist, locator 'By.tagName: h1'] and Actual [Element Exists]. Comparison Type [EQUALS]. Validation Type [POSITIVE]. @21-09-2021 01:56:44.0741 AM
[ReportManager] Successfully created attachment [Screenshot - 1632189404669_f8_ValidateElementExists_passed] @21-09-2021 01:56:44.0742 A
[ReportManager] Successfully Closed All Drivers. @21-09-2021 01:56:44.0812 A
[ReportManager] File Action [GetAbsolutePath] successfully performed. With the following test data [Relative Folder Path: "target/downloadedFiles/"]. @21-09-2021 01:56:44.0814 AM
[ReportManager] Attempting to run remotely on: [Linux-64], [GoogleChrome], [http://localhost:4444/wd/hub], Headless Execution. @21-09-2021 01:56:44.0814 AM
[ReportManager] Successfully Opened [GoogleChrome]. @21-09-2021 01:56:44.0979 AM
[ReportManager] Target URL: [https://the-internet.herokuapp.com/] @21-09-2021 01:56:44.0988 AM
[ReportManager] Initial URL: [data:,] @21-09-2021 01:56:45.0019 AM
[ReportManager] Browser Action [NavigateToURL] successfully performed. With the following test data [https://the-internet.herokuapp.com/]. @21-09-2021 01:56:45.0326 A

################################################################################################################################################
Starting Execution:	[135 out of 143] test cases in the current suite
Test Method:		[testPackage01.Test_NewValidationHelper.f9]
################################################################################################################################################
[ReportManager] Assertion [ValidateElementExists] FAILED. Expected [Element Should Exist, locator 'By.tagName: h3'] and Actual [Element Doesn't Exists]. Comparison Type [EQUALS]. Validation Type [POSITIVE]. @21-09-2021 01:57:15.0909 AM
[ReportManager] Successfully created attachment [Screenshot - 1632189435851_f9_ValidateElementExists_failed] @21-09-2021 01:57:15.0910 A
[ReportManager] Successfully Closed All Drivers. @21-09-2021 01:57:15.0981 A

################################################################################################################################################
Starting Execution:	[136 out of 143] test cases in the current suite
Test Method:		[testPackage01.Test_NewValidationHelper.forceFail]
################################################################################################################################################
[ReportManager] Assertion [ValidateFail] FAILED. Successfully force failed the test. @21-09-2021 01:57:15.0983 A

################################################################################################################################################
Starting Execution:	[137 out of 143] test cases in the current suite
Test Method:		[testPackage01.Test_NewValidationHelper.forceFail2]
################################################################################################################################################
[ReportManager] Assertion Failed: Custom Message @21-09-2021 01:57:15.0985 AM
[ReportManager] Assertion [ValidateFail] FAILED. Successfully force failed the test. @21-09-2021 01:57:15.0985 A

################################################################################################################################################
Starting Execution:	[138 out of 143] test cases in the current suite
Test Method:		[testPackage01.Test_sendGraphqlRequest.sendGraphqlRequestUsingMutationAndVariables]
################################################################################################################################################
[ReportManager] GraphQl Request is being Performed with the Following Parameters [Service URL: https://api.spacex.land/graphql | Request Body: {"variables":"{\"name\": \"sherlock holmes\",\"rocket\": \"221B Baker Street\"}","query":"mutation ($name: String, $rocket: String) {\n  insert_users(objects: {name: $name, rocket: $rocket}) {\n    returning {\n      name\n      rocket\n    }\n  }\n}"}] @21-09-2021 01:57:15.0986 AM
[ReportManager] Response status code: [200], status line: [HTTP/1.1 200 OK] @21-09-2021 01:57:16.0185 AM
[ReportManager] Assertion Passed: Evaluating the actual response status code against the expected one... @21-09-2021 01:57:16.0185 AM
[ReportManager] Assertion [ValidateEquals] PASSED. Expected [200] and Actual [200]. Comparison Type [EQUALS]. Validation Type [POSITIVE]. @21-09-2021 01:57:16.0185 AM
[ReportManager] API Action [PerformRequest] successfully performed. With the following test data [Request Type: "POST" | Target Status Code: "200" | Service URL: "https://api.spacex.land/graphql" | Content Type: "application/json" | Response Time: "142ms"]. @21-09-2021 01:57:16.0194 AM
[ReportManager] Successfully created attachment [API Request - Specifications] @21-09-2021 01:57:16.0194 AM
[ReportManager] Successfully created attachment [API Request - JSON Body] @21-09-2021 01:57:16.0195 AM
[ReportManager] Successfully created attachment [API Response - JSON Body] @21-09-2021 01:57:16.0195 AM
[ReportManager] API Action [GetResponseJSONValue] successfully performed. With the following test data [data.insert_users.returning[0].name]. @21-09-2021 01:57:16.0226 AM
[ReportManager] Assertion [ValidateEquals] PASSED. Expected [sherlock holmes] and Actual [sherlock holmes]. Comparison Type [EQUALS]. Validation Type [POSITIVE]. @21-09-2021 01:57:16.0227 A

################################################################################################################################################
Starting Execution:	[139 out of 143] test cases in the current suite
Test Method:		[testPackage01.Test_sendGraphqlRequest.sendGraphqlRequestUsingQuery]
################################################################################################################################################
[ReportManager] GraphQl Request is being Performed with the Following Parameters [Service URL: https://api.spacex.land/graphql | Request Body: {"query":"{company {ceo}}"}] @21-09-2021 01:57:16.0228 AM
[ReportManager] Response status code: [200], status line: [HTTP/1.1 200 OK] @21-09-2021 01:57:16.0302 AM
[ReportManager] Assertion Passed: Evaluating the actual response status code against the expected one... @21-09-2021 01:57:16.0302 AM
[ReportManager] Assertion [ValidateEquals] PASSED. Expected [200] and Actual [200]. Comparison Type [EQUALS]. Validation Type [POSITIVE]. @21-09-2021 01:57:16.0303 AM
[ReportManager] API Action [PerformRequest] successfully performed. With the following test data [Request Type: "POST" | Target Status Code: "200" | Service URL: "https://api.spacex.land/graphql" | Content Type: "application/json" | Response Time: "70ms"]. @21-09-2021 01:57:16.0311 AM
[ReportManager] Successfully created attachment [API Request - Specifications] @21-09-2021 01:57:16.0312 AM
[ReportManager] Successfully created attachment [API Request - JSON Body] @21-09-2021 01:57:16.0312 AM
[ReportManager] Successfully created attachment [API Response - JSON Body] @21-09-2021 01:57:16.0312 AM
[ReportManager] API Action [GetResponseJSONValue] successfully performed. With the following test data [data.company.ceo]. @21-09-2021 01:57:16.0319 AM
[ReportManager] Assertion [ValidateEquals] PASSED. Expected [Elon Musk] and Actual [Elon Musk]. Comparison Type [EQUALS]. Validation Type [POSITIVE]. @21-09-2021 01:57:16.0319 A

################################################################################################################################################
Starting Execution:	[140 out of 143] test cases in the current suite
Test Method:		[testPackage01.Test_chainableElementActions.chainElementActions]
################################################################################################################################################
[ReportManager] File Action [GetAbsolutePath] successfully performed. With the following test data [Relative Folder Path: "target/downloadedFiles/"]. @21-09-2021 01:57:16.0321 AM
[ReportManager] Attempting to run remotely on: [Linux-64], [GoogleChrome], [http://localhost:4444/wd/hub], Headless Execution. @21-09-2021 01:57:16.0321 AM
[ReportManager] Successfully Opened [GoogleChrome]. @21-09-2021 01:57:16.0532 AM
[ReportManager] Target URL: [https://www.google.com/ncr], and after redirection: [https://www.google.com] @21-09-2021 01:57:16.0541 AM
[ReportManager] Initial URL: [data:,] @21-09-2021 01:57:16.0581 AM
[ReportManager] Browser Action [NavigateToURL] successfully performed. With the following test data [https://www.google.com/ncr]. @21-09-2021 01:57:17.0314 AM
[ReportManager] Element Action [Type] successfully performed. With the following test data [chained type 1]. @21-09-2021 01:57:17.0575 AM
[ReportManager] Element Action [Type] successfully performed. With the following test data [chained type 2]. @21-09-2021 01:57:17.0825 AM
[ReportManager] Element Action [TypeAppend] successfully performed. With the following test data [345]. @21-09-2021 01:57:17.0896 AM
[ReportManager] Element Action [GetText] successfully performed. With the following test data [chained type 2345]. @21-09-2021 01:57:17.0978 AM
[ReportManager] Loaded Shared OpenCV @21-09-2021 01:57:18.0077 AM
[ReportManager] Assertion [ValidateElementAttribute] PASSED. Expected [Value Should be 'chained type 2345' for the 'text' attribute, element locator 'By.name: q'] and Actual [chained type 2345]. Comparison Type [EQUALS]. Validation Type [POSITIVE]. @21-09-2021 01:57:18.0142 AM
[ReportManager] Successfully created attachment [Screenshot - 1632189438077_chainElementActions_ValidateElementAttribute_passed] @21-09-2021 01:57:18.0143 AM
[ReportManager] Browser Action [CloseCurrentWindow] successfully performed. @21-09-2021 01:57:18.0254 AM
[ReportManager] Successfully created attachment [Browser Action Test Data - CloseCurrentWindow - Actual Value] @21-09-2021 01:57:18.0255 A

################################################################################################################################################
Starting Execution:	[141 out of 143] test cases in the current suite
Test Method:		[testPackage01.Test_SkipDueToIssue.doNotSkip]
################################################################################################################################################
[ReportManager] This should not be skipped. @21-09-2021 01:57:18.0263 A

################################################################################################################################################
Starting Execution:	[142 out of 143] test cases in the current suite
Test Method:		[testPackage01.Test_SkipDueToIssue.skip]
################################################################################################################################################
[ReportManager] This should be skipped. @21-09-2021 01:57:18.0269 A

################################################################################################################################################
Starting Execution:	[143 out of 143] test cases in the current suite
Test Method:		[testPackage01.Test_SkipDueToIssue.skip2]
################################################################################################################################################
[ReportManager] This should be skipped. @21-09-2021 01:57:18.0273 A

################################################################################################################################################
Test Closure Activities
################################################################################################################################################
[ReportManager] Successfully created attachment [SHAFT Engine Logs - Execution log] @21-09-2021 01:57:18.0290 AM

################################################################################################################################################
This test run was powered by SHAFT Engine Version: [SHAFT Engine v5.3.20210902]
SHAFT Engine is licensed under the MIT License: [https://github.com/MohabMohie/SHAFT_ENGINE/blob/master/LICENSE].
################################################################################################################################################