################################################################################################################################################
Detected SHAFT Engine Version: [SHAFT Engine v5.4.20211011]
################################################################################################################################################

################################################################################################################################################
Starting Execution:	[1 out of 143] test cases in the current suite
Test Method:		[unitTests.tests_validations_assertions.assertComparativeRelation_greaterThanOrEquals_false_equals_expectedToFail]
################################################################################################################################################
[ReportManager] Assertion [ValidateComparativeRelation] FAILED. Expected [1] and Actual [1]. Comparison Type [GREATER_THAN_OR_EQUALS]. Validation Type [NEGATIVE]. @14-10-2021 01:54:22.0825 A

################################################################################################################################################
Starting Execution:	[2 out of 143] test cases in the current suite
Test Method:		[unitTests.tests_validations_assertions.assertComparativeRelation_greaterThanOrEquals_false_equals_expectedToPass]
################################################################################################################################################
[ReportManager] Assertion [ValidateComparativeRelation] PASSED. Expected [2] and Actual [1]. Comparison Type [GREATER_THAN_OR_EQUALS]. Validation Type [NEGATIVE]. @14-10-2021 01:54:22.0948 A

################################################################################################################################################
Starting Execution:	[3 out of 143] test cases in the current suite
Test Method:		[unitTests.tests_validations_assertions.assertComparativeRelation_greaterThanOrEquals_false_greaterThan_expectedToFail]
################################################################################################################################################
[ReportManager] Assertion [ValidateComparativeRelation] FAILED. Expected [1] and Actual [2]. Comparison Type [GREATER_THAN_OR_EQUALS]. Validation Type [NEGATIVE]. @14-10-2021 01:54:22.0956 A

################################################################################################################################################
Starting Execution:	[4 out of 143] test cases in the current suite
Test Method:		[unitTests.tests_validations_assertions.assertComparativeRelation_greaterThanOrEquals_false_greaterThan_expectedToPass]
################################################################################################################################################
[ReportManager] Assertion [ValidateComparativeRelation] PASSED. Expected [2] and Actual [1]. Comparison Type [GREATER_THAN_OR_EQUALS]. Validation Type [NEGATIVE]. @14-10-2021 01:54:22.0963 A

################################################################################################################################################
Starting Execution:	[5 out of 143] test cases in the current suite
Test Method:		[unitTests.tests_validations_assertions.assertComparativeRelation_greaterThanOrEquals_true_equals_expectedToFail]
################################################################################################################################################
[ReportManager] Assertion [ValidateComparativeRelation] FAILED. Expected [1] and Actual [0]. Comparison Type [GREATER_THAN_OR_EQUALS]. Validation Type [POSITIVE]. @14-10-2021 01:54:22.0969 A

################################################################################################################################################
Starting Execution:	[6 out of 143] test cases in the current suite
Test Method:		[unitTests.tests_validations_assertions.assertComparativeRelation_greaterThanOrEquals_true_equals_expectedToPass]
################################################################################################################################################
[ReportManager] Assertion [ValidateComparativeRelation] PASSED. Expected [1] and Actual [1]. Comparison Type [GREATER_THAN_OR_EQUALS]. Validation Type [POSITIVE]. @14-10-2021 01:54:22.0974 A

################################################################################################################################################
Starting Execution:	[7 out of 143] test cases in the current suite
Test Method:		[unitTests.tests_validations_assertions.assertComparativeRelation_greaterThanOrEquals_true_greaterThan_expectedToFail]
################################################################################################################################################
[ReportManager] Assertion [ValidateComparativeRelation] FAILED. Expected [2] and Actual [1]. Comparison Type [GREATER_THAN_OR_EQUALS]. Validation Type [POSITIVE]. @14-10-2021 01:54:22.0979 A

################################################################################################################################################
Starting Execution:	[8 out of 143] test cases in the current suite
Test Method:		[unitTests.tests_validations_assertions.assertComparativeRelation_greaterThanOrEquals_true_greaterThan_expectedToPass]
################################################################################################################################################
[ReportManager] Assertion [ValidateComparativeRelation] PASSED. Expected [1] and Actual [2]. Comparison Type [GREATER_THAN_OR_EQUALS]. Validation Type [POSITIVE]. @14-10-2021 01:54:22.0983 A
[ReportManager] File Action [GetAbsolutePath] successfully performed. With the following test data [Relative Folder Path: "target/downloadedFiles/"]. @14-10-2021 01:54:22.0995 AM
[ReportManager] Attempting to run remotely on: [Linux-64], [GoogleChrome], [http://localhost:4444/wd/hub], Headless Execution. @14-10-2021 01:54:23.0047 AM
[ReportManager] Successfully Opened [GoogleChrome]. @14-10-2021 01:54:25.0068 AM
[ReportManager] Target URL: [https://www.google.com/ncr], and after redirection: [www.google.com] @14-10-2021 01:54:25.0139 AM
[ReportManager] Initial URL: [data:,] @14-10-2021 01:54:25.0262 AM
[ReportManager] Browser Action [NavigateToURL] successfully performed. With the following test data [https://www.google.com/ncr]. @14-10-2021 01:54:26.0619 A

################################################################################################################################################
Starting Execution:	[9 out of 143] test cases in the current suite
Test Method:		[unitTests.tests_validations_assertions.assertElementAttribute_false_caseInsensitiveComparison_expectedToFail]
################################################################################################################################################
[ReportManager] Element Action [Type] successfully performed. With the following test data [AUTOMATION]. @14-10-2021 01:54:27.0208 AM
[ReportManager] Element Action [GetText] successfully performed. With the following test data [AUTOMATION]. @14-10-2021 01:54:27.0391 AM
[ReportManager] Loaded Shared OpenCV @14-10-2021 01:54:28.0191 AM
[ReportManager] Assertion [ValidateElementAttribute] FAILED. Expected [Value Should not be 'AutomaTion' for the 'text' attribute, element locator 'By.name: q'] and Actual [AUTOMATION]. Comparison Type [CASE_INSENSITIVE]. Validation Type [NEGATIVE]. @14-10-2021 01:54:28.0672 AM
[ReportManager] Successfully created attachment [Screenshot - 1634176467674_assertElementAttribute_false_caseInsensitiveComparison_expectedToFail_ValidateElementAttribute_failed] @14-10-2021 01:54:28.0697 A
[ReportManager] Browser Action [CloseCurrentWindow] successfully performed. @14-10-2021 01:54:28.0862 AM
[ReportManager] Successfully created attachment [Browser Action Test Data - CloseCurrentWindow - Actual Value] @14-10-2021 01:54:28.0878 A
[ReportManager] File Action [GetAbsolutePath] successfully performed. With the following test data [Relative Folder Path: "target/downloadedFiles/"]. @14-10-2021 01:54:28.0896 AM
[ReportManager] Attempting to run remotely on: [Linux-64], [GoogleChrome], [http://localhost:4444/wd/hub], Headless Execution. @14-10-2021 01:54:28.0897 AM
[ReportManager] Successfully Opened [GoogleChrome]. @14-10-2021 01:54:29.0330 AM
[ReportManager] Target URL: [https://www.google.com/ncr], and after redirection: [www.google.com] @14-10-2021 01:54:29.0363 AM
[ReportManager] Initial URL: [data:,] @14-10-2021 01:54:29.0463 AM
[ReportManager] Browser Action [NavigateToURL] successfully performed. With the following test data [https://www.google.com/ncr]. @14-10-2021 01:54:30.0526 A

################################################################################################################################################
Starting Execution:	[10 out of 143] test cases in the current suite
Test Method:		[unitTests.tests_validations_assertions.assertElementAttribute_false_caseInsensitiveComparison_expectedToPass]
################################################################################################################################################
[ReportManager] Element Action [Type] successfully performed. With the following test data [AUTOMATION]. @14-10-2021 01:54:31.0027 AM
[ReportManager] Element Action [GetText] successfully performed. With the following test data [AUTOMATION]. @14-10-2021 01:54:31.0218 AM
[ReportManager] Loaded Shared OpenCV @14-10-2021 01:54:31.0394 AM
[ReportManager] Assertion [ValidateElementAttribute] PASSED. Expected [Value Should not be 'AutomaTion123' for the 'text' attribute, element locator 'By.name: q'] and Actual [AUTOMATION]. Comparison Type [CASE_INSENSITIVE]. Validation Type [NEGATIVE]. @14-10-2021 01:54:31.0597 AM
[ReportManager] Successfully created attachment [Screenshot - 1634176471394_assertElementAttribute_false_caseInsensitiveComparison_expectedToPass_ValidateElementAttribute_passed] @14-10-2021 01:54:31.0609 A
[ReportManager] Browser Action [CloseCurrentWindow] successfully performed. @14-10-2021 01:54:31.0797 AM
[ReportManager] Successfully created attachment [Browser Action Test Data - CloseCurrentWindow - Actual Value] @14-10-2021 01:54:31.0798 A
[ReportManager] File Action [GetAbsolutePath] successfully performed. With the following test data [Relative Folder Path: "target/downloadedFiles/"]. @14-10-2021 01:54:31.0805 AM
[ReportManager] Attempting to run remotely on: [Linux-64], [GoogleChrome], [http://localhost:4444/wd/hub], Headless Execution. @14-10-2021 01:54:31.0810 AM
[ReportManager] Successfully Opened [GoogleChrome]. @14-10-2021 01:54:32.0095 AM
[ReportManager] Target URL: [https://www.google.com/ncr], and after redirection: [www.google.com] @14-10-2021 01:54:32.0121 AM
[ReportManager] Initial URL: [data:,] @14-10-2021 01:54:32.0221 AM
[ReportManager] Browser Action [NavigateToURL] successfully performed. With the following test data [https://www.google.com/ncr]. @14-10-2021 01:54:33.0226 A

################################################################################################################################################
Starting Execution:	[11 out of 143] test cases in the current suite
Test Method:		[unitTests.tests_validations_assertions.assertElementAttribute_false_containsComparison_expectedToFail]
################################################################################################################################################
[ReportManager] Element Action [Type] successfully performed. With the following test data [Automation123]. @14-10-2021 01:54:33.0685 AM
[ReportManager] Element Action [GetText] successfully performed. With the following test data [Automation123]. @14-10-2021 01:54:33.0866 AM
[ReportManager] Loaded Shared OpenCV @14-10-2021 01:54:34.0071 AM
[ReportManager] Assertion [ValidateElementAttribute] FAILED. Expected [Value Should not be 'Automation' for the 'text' attribute, element locator 'By.name: q'] and Actual [Automation123]. Comparison Type [CONTAINS]. Validation Type [NEGATIVE]. @14-10-2021 01:54:34.0158 AM
[ReportManager] Successfully created attachment [Screenshot - 1634176474071_assertElementAttribute_false_containsComparison_expectedToFail_ValidateElementAttribute_failed] @14-10-2021 01:54:34.0160 A
[ReportManager] Browser Action [CloseCurrentWindow] successfully performed. @14-10-2021 01:54:34.0319 AM
[ReportManager] Successfully created attachment [Browser Action Test Data - CloseCurrentWindow - Actual Value] @14-10-2021 01:54:34.0326 A
[ReportManager] File Action [GetAbsolutePath] successfully performed. With the following test data [Relative Folder Path: "target/downloadedFiles/"]. @14-10-2021 01:54:34.0339 AM
[ReportManager] Attempting to run remotely on: [Linux-64], [GoogleChrome], [http://localhost:4444/wd/hub], Headless Execution. @14-10-2021 01:54:34.0340 AM
[ReportManager] Successfully Opened [GoogleChrome]. @14-10-2021 01:54:34.0593 AM
[ReportManager] Target URL: [https://www.google.com/ncr], and after redirection: [www.google.com] @14-10-2021 01:54:34.0615 AM
[ReportManager] Initial URL: [data:,] @14-10-2021 01:54:34.0674 AM
[ReportManager] Browser Action [NavigateToURL] successfully performed. With the following test data [https://www.google.com/ncr]. @14-10-2021 01:54:35.0621 A

################################################################################################################################################
Starting Execution:	[12 out of 143] test cases in the current suite
Test Method:		[unitTests.tests_validations_assertions.assertElementAttribute_false_containsComparison_expectedToPass]
################################################################################################################################################
[ReportManager] Element Action [Type] successfully performed. With the following test data [Automation123]. @14-10-2021 01:54:36.0116 AM
[ReportManager] Element Action [GetText] successfully performed. With the following test data [Automation123]. @14-10-2021 01:54:36.0259 AM
[ReportManager] Loaded Shared OpenCV @14-10-2021 01:54:36.0434 AM
[ReportManager] Assertion [ValidateElementAttribute] PASSED. Expected [Value Should not be 'Automation1234' for the 'text' attribute, element locator 'By.name: q'] and Actual [Automation123]. Comparison Type [CONTAINS]. Validation Type [NEGATIVE]. @14-10-2021 01:54:36.0517 AM
[ReportManager] Successfully created attachment [Screenshot - 1634176476434_assertElementAttribute_false_containsComparison_expectedToPass_ValidateElementAttribute_passed] @14-10-2021 01:54:36.0518 A
[ReportManager] Browser Action [CloseCurrentWindow] successfully performed. @14-10-2021 01:54:36.0681 AM
[ReportManager] Successfully created attachment [Browser Action Test Data - CloseCurrentWindow - Actual Value] @14-10-2021 01:54:36.0682 A
[ReportManager] File Action [GetAbsolutePath] successfully performed. With the following test data [Relative Folder Path: "target/downloadedFiles/"]. @14-10-2021 01:54:36.0685 AM
[ReportManager] Attempting to run remotely on: [Linux-64], [GoogleChrome], [http://localhost:4444/wd/hub], Headless Execution. @14-10-2021 01:54:36.0685 AM
[ReportManager] Successfully Opened [GoogleChrome]. @14-10-2021 01:54:36.0953 AM
[ReportManager] Target URL: [https://www.google.com/ncr], and after redirection: [www.google.com] @14-10-2021 01:54:36.0974 AM
[ReportManager] Initial URL: [data:,] @14-10-2021 01:54:37.0048 AM
[ReportManager] Browser Action [NavigateToURL] successfully performed. With the following test data [https://www.google.com/ncr]. @14-10-2021 01:54:37.0988 A

################################################################################################################################################
Starting Execution:	[13 out of 143] test cases in the current suite
Test Method:		[unitTests.tests_validations_assertions.assertElementAttribute_false_literalComparison_expectedToFail]
################################################################################################################################################
[ReportManager] Element Action [Type] successfully performed. With the following test data [Automation!@#$%^&*()_+{}[]\';/.,]. @14-10-2021 01:54:38.0553 AM
[ReportManager] Element Action [GetText] successfully performed. With the following test data [Automation!@#$%^&*()_+{}[]\';/.,]. @14-10-2021 01:54:38.0707 AM
[ReportManager] Loaded Shared OpenCV @14-10-2021 01:54:38.0873 AM
[ReportManager] Assertion [ValidateElementAttribute] PASSED. Expected [Value Should not be 'Automation!@#$%^&*()_+{}[]\\';/.,' for the 'text' attribute, element locator 'By.name: q'] and Actual [Automation!@#$%^&*()_+{}[]\';/.,]. Comparison Type [EQUALS]. Validation Type [NEGATIVE]. @14-10-2021 01:54:38.0963 AM
[ReportManager] Successfully created attachment [Screenshot - 1634176478873_assertElementAttribute_false_literalComparison_expectedToFail_ValidateElementAttribute_passed] @14-10-2021 01:54:38.0965 A
[ReportManager] Browser Action [CloseCurrentWindow] successfully performed. @14-10-2021 01:54:39.0109 AM
[ReportManager] Successfully created attachment [Browser Action Test Data - CloseCurrentWindow - Actual Value] @14-10-2021 01:54:39.0110 A
[ReportManager] File Action [GetAbsolutePath] successfully performed. With the following test data [Relative Folder Path: "target/downloadedFiles/"]. @14-10-2021 01:54:39.0113 AM
[ReportManager] Attempting to run remotely on: [Linux-64], [GoogleChrome], [http://localhost:4444/wd/hub], Headless Execution. @14-10-2021 01:54:39.0113 AM
[ReportManager] Successfully Opened [GoogleChrome]. @14-10-2021 01:54:39.0348 AM
[ReportManager] Target URL: [https://www.google.com/ncr], and after redirection: [www.google.com] @14-10-2021 01:54:39.0373 AM
[ReportManager] Initial URL: [data:,] @14-10-2021 01:54:39.0439 AM
[ReportManager] Browser Action [NavigateToURL] successfully performed. With the following test data [https://www.google.com/ncr]. @14-10-2021 01:54:40.0413 A

################################################################################################################################################
Starting Execution:	[14 out of 143] test cases in the current suite
Test Method:		[unitTests.tests_validations_assertions.assertElementAttribute_false_literalComparison_expectedToPass]
################################################################################################################################################
[ReportManager] Element Action [Type] successfully performed. With the following test data [Automation!@#$%^&*()_+{}[]\';/.,]. @14-10-2021 01:54:40.0975 AM
[ReportManager] Element Action [GetText] successfully performed. With the following test data [Automation!@#$%^&*()_+{}[]\';/.,]. @14-10-2021 01:54:41.0102 AM
[ReportManager] Loaded Shared OpenCV @14-10-2021 01:54:41.0271 AM
[ReportManager] Assertion [ValidateElementAttribute] PASSED. Expected [Value Should not be 'Automation' for the 'text' attribute, element locator 'By.name: q'] and Actual [Automation!@#$%^&*()_+{}[]\';/.,]. Comparison Type [EQUALS]. Validation Type [NEGATIVE]. @14-10-2021 01:54:41.0357 AM
[ReportManager] Successfully created attachment [Screenshot - 1634176481271_assertElementAttribute_false_literalComparison_expectedToPass_ValidateElementAttribute_passed] @14-10-2021 01:54:41.0358 A
[ReportManager] Browser Action [CloseCurrentWindow] successfully performed. @14-10-2021 01:54:41.0499 AM
[ReportManager] Successfully created attachment [Browser Action Test Data - CloseCurrentWindow - Actual Value] @14-10-2021 01:54:41.0500 A
[ReportManager] File Action [GetAbsolutePath] successfully performed. With the following test data [Relative Folder Path: "target/downloadedFiles/"]. @14-10-2021 01:54:41.0509 AM
[ReportManager] Attempting to run remotely on: [Linux-64], [GoogleChrome], [http://localhost:4444/wd/hub], Headless Execution. @14-10-2021 01:54:41.0509 AM
[ReportManager] Successfully Opened [GoogleChrome]. @14-10-2021 01:54:41.0791 AM
[ReportManager] Target URL: [https://www.google.com/ncr], and after redirection: [www.google.com] @14-10-2021 01:54:41.0819 AM
[ReportManager] Initial URL: [data:,] @14-10-2021 01:54:41.0874 AM
[ReportManager] Browser Action [NavigateToURL] successfully performed. With the following test data [https://www.google.com/ncr]. @14-10-2021 01:54:42.0841 A

################################################################################################################################################
Starting Execution:	[15 out of 143] test cases in the current suite
Test Method:		[unitTests.tests_validations_assertions.assertElementAttribute_false_regexComparison_expectedToFail]
################################################################################################################################################
[ReportManager] Element Action [Type] successfully performed. With the following test data [Automation123]. @14-10-2021 01:54:43.0273 AM
[ReportManager] Element Action [GetText] successfully performed. With the following test data [Automation123]. @14-10-2021 01:54:43.0394 AM
[ReportManager] Loaded Shared OpenCV @14-10-2021 01:54:43.0547 AM
[ReportManager] Assertion [ValidateElementAttribute] FAILED. Expected [Value Should not be 'Automation.*' for the 'text' attribute, element locator 'By.name: q'] and Actual [Automation123]. Comparison Type [MATCHES]. Validation Type [NEGATIVE]. @14-10-2021 01:54:43.0632 AM
[ReportManager] Successfully created attachment [Screenshot - 1634176483547_assertElementAttribute_false_regexComparison_expectedToFail_ValidateElementAttribute_failed] @14-10-2021 01:54:43.0633 A
[ReportManager] Browser Action [CloseCurrentWindow] successfully performed. @14-10-2021 01:54:43.0769 AM
[ReportManager] Successfully created attachment [Browser Action Test Data - CloseCurrentWindow - Actual Value] @14-10-2021 01:54:43.0771 A
[ReportManager] File Action [GetAbsolutePath] successfully performed. With the following test data [Relative Folder Path: "target/downloadedFiles/"]. @14-10-2021 01:54:43.0778 AM
[ReportManager] Attempting to run remotely on: [Linux-64], [GoogleChrome], [http://localhost:4444/wd/hub], Headless Execution. @14-10-2021 01:54:43.0779 AM
[ReportManager] Successfully Opened [GoogleChrome]. @14-10-2021 01:54:44.0008 AM
[ReportManager] Target URL: [https://www.google.com/ncr], and after redirection: [www.google.com] @14-10-2021 01:54:44.0020 AM
[ReportManager] Initial URL: [data:,] @14-10-2021 01:54:44.0085 AM
[ReportManager] Browser Action [NavigateToURL] successfully performed. With the following test data [https://www.google.com/ncr]. @14-10-2021 01:54:45.0005 A

################################################################################################################################################
Starting Execution:	[16 out of 143] test cases in the current suite
Test Method:		[unitTests.tests_validations_assertions.assertElementAttribute_false_regexComparison_expectedToPass]
################################################################################################################################################
[ReportManager] Element Action [Type] successfully performed. With the following test data [Automation123]. @14-10-2021 01:54:45.0438 AM
[ReportManager] Element Action [GetText] successfully performed. With the following test data [Automation123]. @14-10-2021 01:54:45.0570 AM
[ReportManager] Loaded Shared OpenCV @14-10-2021 01:54:45.0734 AM
[ReportManager] Assertion [ValidateElementAttribute] PASSED. Expected [Value Should not be 'Automation' for the 'text' attribute, element locator 'By.name: q'] and Actual [Automation123]. Comparison Type [MATCHES]. Validation Type [NEGATIVE]. @14-10-2021 01:54:45.0825 AM
[ReportManager] Successfully created attachment [Screenshot - 1634176485733_assertElementAttribute_false_regexComparison_expectedToPass_ValidateElementAttribute_passed] @14-10-2021 01:54:45.0826 A
[ReportManager] Browser Action [CloseCurrentWindow] successfully performed. @14-10-2021 01:54:45.0968 AM
[ReportManager] Successfully created attachment [Browser Action Test Data - CloseCurrentWindow - Actual Value] @14-10-2021 01:54:45.0969 A
[ReportManager] File Action [GetAbsolutePath] successfully performed. With the following test data [Relative Folder Path: "target/downloadedFiles/"]. @14-10-2021 01:54:45.0979 AM
[ReportManager] Attempting to run remotely on: [Linux-64], [GoogleChrome], [http://localhost:4444/wd/hub], Headless Execution. @14-10-2021 01:54:45.0979 AM
[ReportManager] Successfully Opened [GoogleChrome]. @14-10-2021 01:54:46.0276 AM
[ReportManager] Target URL: [https://www.google.com/ncr], and after redirection: [www.google.com] @14-10-2021 01:54:46.0298 AM
[ReportManager] Initial URL: [data:,] @14-10-2021 01:54:46.0347 AM
[ReportManager] Browser Action [NavigateToURL] successfully performed. With the following test data [https://www.google.com/ncr]. @14-10-2021 01:54:47.0265 A

################################################################################################################################################
Starting Execution:	[17 out of 143] test cases in the current suite
Test Method:		[unitTests.tests_validations_assertions.assertElementAttribute_true_caseInsensitiveComparison_expectedToFail]
################################################################################################################################################
[ReportManager] Element Action [Type] successfully performed. With the following test data [AUTOMATION]. @14-10-2021 01:54:47.0690 AM
[ReportManager] Element Action [GetText] successfully performed. With the following test data [AUTOMATION]. @14-10-2021 01:54:47.0830 AM
[ReportManager] Loaded Shared OpenCV @14-10-2021 01:54:47.0990 AM
[ReportManager] Assertion [ValidateElementAttribute] FAILED. Expected [Value Should be 'AutomaTion123' for the 'text' attribute, element locator 'By.name: q'] and Actual [AUTOMATION]. Comparison Type [CASE_INSENSITIVE]. Validation Type [POSITIVE]. @14-10-2021 01:54:48.0078 AM
[ReportManager] Successfully created attachment [Screenshot - 1634176487990_assertElementAttribute_true_caseInsensitiveComparison_expectedToFail_ValidateElementAttribute_failed] @14-10-2021 01:54:48.0079 A
[ReportManager] Browser Action [CloseCurrentWindow] successfully performed. @14-10-2021 01:54:48.0221 AM
[ReportManager] Successfully created attachment [Browser Action Test Data - CloseCurrentWindow - Actual Value] @14-10-2021 01:54:48.0222 A
[ReportManager] File Action [GetAbsolutePath] successfully performed. With the following test data [Relative Folder Path: "target/downloadedFiles/"]. @14-10-2021 01:54:48.0225 AM
[ReportManager] Attempting to run remotely on: [Linux-64], [GoogleChrome], [http://localhost:4444/wd/hub], Headless Execution. @14-10-2021 01:54:48.0226 AM
[ReportManager] Successfully Opened [GoogleChrome]. @14-10-2021 01:54:48.0511 AM
[ReportManager] Target URL: [https://www.google.com/ncr], and after redirection: [www.google.com] @14-10-2021 01:54:48.0535 AM
[ReportManager] Initial URL: [data:,] @14-10-2021 01:54:48.0598 AM
[ReportManager] Browser Action [NavigateToURL] successfully performed. With the following test data [https://www.google.com/ncr]. @14-10-2021 01:54:49.0544 A

################################################################################################################################################
Starting Execution:	[18 out of 143] test cases in the current suite
Test Method:		[unitTests.tests_validations_assertions.assertElementAttribute_true_caseInsensitiveComparison_expectedToPass]
################################################################################################################################################
[ReportManager] Element Action [Type] successfully performed. With the following test data [AUTOMATION]. @14-10-2021 01:54:49.0962 AM
[ReportManager] Element Action [GetText] successfully performed. With the following test data [AUTOMATION]. @14-10-2021 01:54:50.0069 AM
[ReportManager] Loaded Shared OpenCV @14-10-2021 01:54:50.0237 AM
[ReportManager] Assertion [ValidateElementAttribute] PASSED. Expected [Value Should be 'AutomaTion' for the 'text' attribute, element locator 'By.name: q'] and Actual [AUTOMATION]. Comparison Type [CASE_INSENSITIVE]. Validation Type [POSITIVE]. @14-10-2021 01:54:50.0324 AM
[ReportManager] Successfully created attachment [Screenshot - 1634176490237_assertElementAttribute_true_caseInsensitiveComparison_expectedToPass_ValidateElementAttribute_passed] @14-10-2021 01:54:50.0326 A
[ReportManager] Browser Action [CloseCurrentWindow] successfully performed. @14-10-2021 01:54:50.0469 AM
[ReportManager] Successfully created attachment [Browser Action Test Data - CloseCurrentWindow - Actual Value] @14-10-2021 01:54:50.0469 A
[ReportManager] File Action [GetAbsolutePath] successfully performed. With the following test data [Relative Folder Path: "target/downloadedFiles/"]. @14-10-2021 01:54:50.0472 AM
[ReportManager] Attempting to run remotely on: [Linux-64], [GoogleChrome], [http://localhost:4444/wd/hub], Headless Execution. @14-10-2021 01:54:50.0473 AM
[ReportManager] Successfully Opened [GoogleChrome]. @14-10-2021 01:54:50.0748 AM
[ReportManager] Target URL: [https://www.google.com/ncr], and after redirection: [www.google.com] @14-10-2021 01:54:50.0763 AM
[ReportManager] Initial URL: [data:,] @14-10-2021 01:54:50.0837 AM
[ReportManager] Browser Action [NavigateToURL] successfully performed. With the following test data [https://www.google.com/ncr]. @14-10-2021 01:54:51.0729 A

################################################################################################################################################
Starting Execution:	[19 out of 143] test cases in the current suite
Test Method:		[unitTests.tests_validations_assertions.assertElementAttribute_true_containsComparison_expectedToFail]
################################################################################################################################################
[ReportManager] Element Action [Type] successfully performed. With the following test data [Automation123]. @14-10-2021 01:54:52.0136 AM
[ReportManager] Element Action [GetText] successfully performed. With the following test data [Automation123]. @14-10-2021 01:54:52.0258 AM
[ReportManager] Loaded Shared OpenCV @14-10-2021 01:54:52.0417 AM
[ReportManager] Assertion [ValidateElementAttribute] FAILED. Expected [Value Should be 'Automation1234' for the 'text' attribute, element locator 'By.name: q'] and Actual [Automation123]. Comparison Type [CONTAINS]. Validation Type [POSITIVE]. @14-10-2021 01:54:52.0499 AM
[ReportManager] Successfully created attachment [Screenshot - 1634176492417_assertElementAttribute_true_containsComparison_expectedToFail_ValidateElementAttribute_failed] @14-10-2021 01:54:52.0503 A
[ReportManager] Browser Action [CloseCurrentWindow] successfully performed. @14-10-2021 01:54:52.0663 AM
[ReportManager] Successfully created attachment [Browser Action Test Data - CloseCurrentWindow - Actual Value] @14-10-2021 01:54:52.0664 A
[ReportManager] File Action [GetAbsolutePath] successfully performed. With the following test data [Relative Folder Path: "target/downloadedFiles/"]. @14-10-2021 01:54:52.0668 AM
[ReportManager] Attempting to run remotely on: [Linux-64], [GoogleChrome], [http://localhost:4444/wd/hub], Headless Execution. @14-10-2021 01:54:52.0669 AM
[ReportManager] Successfully Opened [GoogleChrome]. @14-10-2021 01:54:52.0945 AM
[ReportManager] Target URL: [https://www.google.com/ncr], and after redirection: [www.google.com] @14-10-2021 01:54:52.0967 AM
[ReportManager] Initial URL: [data:,] @14-10-2021 01:54:53.0030 AM
[ReportManager] Browser Action [NavigateToURL] successfully performed. With the following test data [https://www.google.com/ncr]. @14-10-2021 01:54:53.0970 A

################################################################################################################################################
Starting Execution:	[20 out of 143] test cases in the current suite
Test Method:		[unitTests.tests_validations_assertions.assertElementAttribute_true_containsComparison_expectedToPass]
################################################################################################################################################
[ReportManager] Element Action [Type] successfully performed. With the following test data [Automation123]. @14-10-2021 01:54:54.0511 AM
[ReportManager] Element Action [GetText] successfully performed. With the following test data [Automation123]. @14-10-2021 01:54:54.0627 AM
[ReportManager] Loaded Shared OpenCV @14-10-2021 01:54:54.0781 AM
[ReportManager] Assertion [ValidateElementAttribute] PASSED. Expected [Value Should be 'Automation' for the 'text' attribute, element locator 'By.name: q'] and Actual [Automation123]. Comparison Type [CONTAINS]. Validation Type [POSITIVE]. @14-10-2021 01:54:54.0867 AM
[ReportManager] Successfully created attachment [Screenshot - 1634176494781_assertElementAttribute_true_containsComparison_expectedToPass_ValidateElementAttribute_passed] @14-10-2021 01:54:54.0868 A
[ReportManager] Browser Action [CloseCurrentWindow] successfully performed. @14-10-2021 01:54:55.0000 AM
[ReportManager] Successfully created attachment [Browser Action Test Data - CloseCurrentWindow - Actual Value] @14-10-2021 01:54:55.0001 A
[ReportManager] File Action [GetAbsolutePath] successfully performed. With the following test data [Relative Folder Path: "target/downloadedFiles/"]. @14-10-2021 01:54:55.0004 AM
[ReportManager] Attempting to run remotely on: [Linux-64], [GoogleChrome], [http://localhost:4444/wd/hub], Headless Execution. @14-10-2021 01:54:55.0004 AM
[ReportManager] Successfully Opened [GoogleChrome]. @14-10-2021 01:54:55.0297 AM
[ReportManager] Target URL: [https://www.google.com/ncr], and after redirection: [www.google.com] @14-10-2021 01:54:55.0310 AM
[ReportManager] Initial URL: [data:,] @14-10-2021 01:54:55.0366 AM
[ReportManager] Browser Action [NavigateToURL] successfully performed. With the following test data [https://www.google.com/ncr]. @14-10-2021 01:54:56.0278 A

################################################################################################################################################
Starting Execution:	[21 out of 143] test cases in the current suite
Test Method:		[unitTests.tests_validations_assertions.assertElementAttribute_true_literalComparison_expectedToFail]
################################################################################################################################################
[ReportManager] Element Action [Type] successfully performed. With the following test data [Automation!@#$%^&*()_+{}[]\';/.,]. @14-10-2021 01:54:56.0829 AM
[ReportManager] Element Action [GetText] successfully performed. With the following test data [Automation!@#$%^&*()_+{}[]\';/.,]. @14-10-2021 01:54:56.0959 AM
[ReportManager] Loaded Shared OpenCV @14-10-2021 01:54:57.0144 AM
[ReportManager] Assertion [ValidateElementAttribute] FAILED. Expected [Value Should be 'Automation' for the 'text' attribute, element locator 'By.name: q'] and Actual [Automation!@#$%^&*()_+{}[]\';/.,]. Comparison Type [EQUALS]. Validation Type [POSITIVE]. @14-10-2021 01:54:57.0238 AM
[ReportManager] Successfully created attachment [Screenshot - 1634176497144_assertElementAttribute_true_literalComparison_expectedToFail_ValidateElementAttribute_failed] @14-10-2021 01:54:57.0239 A
[ReportManager] Browser Action [CloseCurrentWindow] successfully performed. @14-10-2021 01:54:57.0373 AM
[ReportManager] Successfully created attachment [Browser Action Test Data - CloseCurrentWindow - Actual Value] @14-10-2021 01:54:57.0374 A
[ReportManager] File Action [GetAbsolutePath] successfully performed. With the following test data [Relative Folder Path: "target/downloadedFiles/"]. @14-10-2021 01:54:57.0376 AM
[ReportManager] Attempting to run remotely on: [Linux-64], [GoogleChrome], [http://localhost:4444/wd/hub], Headless Execution. @14-10-2021 01:54:57.0377 AM
[ReportManager] Successfully Opened [GoogleChrome]. @14-10-2021 01:54:57.0632 AM
[ReportManager] Target URL: [https://www.google.com/ncr], and after redirection: [www.google.com] @14-10-2021 01:54:57.0653 AM
[ReportManager] Initial URL: [data:,] @14-10-2021 01:54:57.0703 AM
[ReportManager] Browser Action [NavigateToURL] successfully performed. With the following test data [https://www.google.com/ncr]. @14-10-2021 01:54:58.0605 A

################################################################################################################################################
Starting Execution:	[22 out of 143] test cases in the current suite
Test Method:		[unitTests.tests_validations_assertions.assertElementAttribute_true_literalComparison_expectedToPass]
################################################################################################################################################
[ReportManager] Element Action [Type] successfully performed. With the following test data [Automation!@#$%^&*()_+{}[]\';/.,]. @14-10-2021 01:54:59.0145 AM
[ReportManager] Element Action [GetText] successfully performed. With the following test data [Automation!@#$%^&*()_+{}[]\';/.,]. @14-10-2021 01:54:59.0273 AM
[ReportManager] Loaded Shared OpenCV @14-10-2021 01:54:59.0419 AM
[ReportManager] Assertion [ValidateElementAttribute] PASSED. Expected [Value Should be 'Automation!@#$%^&*()_+{}[]\';/.,' for the 'text' attribute, element locator 'By.name: q'] and Actual [Automation!@#$%^&*()_+{}[]\';/.,]. Comparison Type [EQUALS]. Validation Type [POSITIVE]. @14-10-2021 01:54:59.0503 AM
[ReportManager] Successfully created attachment [Screenshot - 1634176499419_assertElementAttribute_true_literalComparison_expectedToPass_ValidateElementAttribute_passed] @14-10-2021 01:54:59.0504 A
[ReportManager] Browser Action [CloseCurrentWindow] successfully performed. @14-10-2021 01:54:59.0644 AM
[ReportManager] Successfully created attachment [Browser Action Test Data - CloseCurrentWindow - Actual Value] @14-10-2021 01:54:59.0648 A
[ReportManager] File Action [GetAbsolutePath] successfully performed. With the following test data [Relative Folder Path: "target/downloadedFiles/"]. @14-10-2021 01:54:59.0651 AM
[ReportManager] Attempting to run remotely on: [Linux-64], [GoogleChrome], [http://localhost:4444/wd/hub], Headless Execution. @14-10-2021 01:54:59.0651 AM
[ReportManager] Successfully Opened [GoogleChrome]. @14-10-2021 01:54:59.0866 AM
[ReportManager] Target URL: [https://www.google.com/ncr], and after redirection: [www.google.com] @14-10-2021 01:54:59.0878 AM
[ReportManager] Initial URL: [data:,] @14-10-2021 01:54:59.0930 AM
[ReportManager] Browser Action [NavigateToURL] successfully performed. With the following test data [https://www.google.com/ncr]. @14-10-2021 01:55:00.0821 A

################################################################################################################################################
Starting Execution:	[23 out of 143] test cases in the current suite
Test Method:		[unitTests.tests_validations_assertions.assertElementAttribute_true_regexComparison_expectedToFail]
################################################################################################################################################
[ReportManager] Element Action [Type] successfully performed. With the following test data [Automation123]. @14-10-2021 01:55:01.0217 AM
[ReportManager] Element Action [GetText] successfully performed. With the following test data [Automation123]. @14-10-2021 01:55:01.0327 AM
[ReportManager] Loaded Shared OpenCV @14-10-2021 01:55:01.0469 AM
[ReportManager] Assertion [ValidateElementAttribute] FAILED. Expected [Value Should be 'Automation' for the 'text' attribute, element locator 'By.name: q'] and Actual [Automation123]. Comparison Type [MATCHES]. Validation Type [POSITIVE]. @14-10-2021 01:55:01.0551 AM
[ReportManager] Successfully created attachment [Screenshot - 1634176501469_assertElementAttribute_true_regexComparison_expectedToFail_ValidateElementAttribute_failed] @14-10-2021 01:55:01.0552 A
[ReportManager] Browser Action [CloseCurrentWindow] successfully performed. @14-10-2021 01:55:01.0684 AM
[ReportManager] Successfully created attachment [Browser Action Test Data - CloseCurrentWindow - Actual Value] @14-10-2021 01:55:01.0685 A
[ReportManager] File Action [GetAbsolutePath] successfully performed. With the following test data [Relative Folder Path: "target/downloadedFiles/"]. @14-10-2021 01:55:01.0689 AM
[ReportManager] Attempting to run remotely on: [Linux-64], [GoogleChrome], [http://localhost:4444/wd/hub], Headless Execution. @14-10-2021 01:55:01.0689 AM
[ReportManager] Successfully Opened [GoogleChrome]. @14-10-2021 01:55:01.0897 AM
[ReportManager] Target URL: [https://www.google.com/ncr], and after redirection: [www.google.com] @14-10-2021 01:55:01.0908 AM
[ReportManager] Initial URL: [data:,] @14-10-2021 01:55:01.0963 AM
[ReportManager] Browser Action [NavigateToURL] successfully performed. With the following test data [https://www.google.com/ncr]. @14-10-2021 01:55:02.0895 A

################################################################################################################################################
Starting Execution:	[24 out of 143] test cases in the current suite
Test Method:		[unitTests.tests_validations_assertions.assertElementAttribute_true_regexComparison_expectedToPass]
################################################################################################################################################
[ReportManager] Element Action [Type] successfully performed. With the following test data [Automation123]. @14-10-2021 01:55:03.0306 AM
[ReportManager] Element Action [GetText] successfully performed. With the following test data [Automation123]. @14-10-2021 01:55:03.0422 AM
[ReportManager] Loaded Shared OpenCV @14-10-2021 01:55:03.0586 AM
[ReportManager] Assertion [ValidateElementAttribute] PASSED. Expected [Value Should be 'Automation.*' for the 'text' attribute, element locator 'By.name: q'] and Actual [Automation123]. Comparison Type [MATCHES]. Validation Type [POSITIVE]. @14-10-2021 01:55:03.0666 AM
[ReportManager] Successfully created attachment [Screenshot - 1634176503583_assertElementAttribute_true_regexComparison_expectedToPass_ValidateElementAttribute_passed] @14-10-2021 01:55:03.0668 A
[ReportManager] Browser Action [CloseCurrentWindow] successfully performed. @14-10-2021 01:55:03.0804 AM
[ReportManager] Successfully created attachment [Browser Action Test Data - CloseCurrentWindow - Actual Value] @14-10-2021 01:55:03.0805 A
[ReportManager] File Action [GetAbsolutePath] successfully performed. With the following test data [Relative Folder Path: "target/downloadedFiles/"]. @14-10-2021 01:55:03.0810 AM
[ReportManager] Attempting to run remotely on: [Linux-64], [GoogleChrome], [http://localhost:4444/wd/hub], Headless Execution. @14-10-2021 01:55:03.0811 AM
[ReportManager] Successfully Opened [GoogleChrome]. @14-10-2021 01:55:04.0019 AM
[ReportManager] Target URL: [https://www.google.com/ncr], and after redirection: [www.google.com] @14-10-2021 01:55:04.0034 AM
[ReportManager] Initial URL: [data:,] @14-10-2021 01:55:04.0081 AM
[ReportManager] Browser Action [NavigateToURL] successfully performed. With the following test data [https://www.google.com/ncr]. @14-10-2021 01:55:04.0978 A

################################################################################################################################################
Starting Execution:	[25 out of 143] test cases in the current suite
Test Method:		[unitTests.tests_validations_assertions.assertElementAttribute_type_true_literalComparison_expectedToPass]
################################################################################################################################################
[ReportManager] Element Action [Type] successfully performed. With the following test data [Automation!@#$%^&*()_+{}[]\';/.,]. @14-10-2021 01:55:05.0580 AM
[ReportManager] Element Action [GetText] successfully performed. With the following test data [Automation!@#$%^&*()_+{}[]\';/.,]. @14-10-2021 01:55:05.0695 AM
[ReportManager] Loaded Shared OpenCV @14-10-2021 01:55:05.0852 AM
[ReportManager] Assertion [ValidateElementAttribute] PASSED. Expected [Value Should be 'Automation!@#$%^&*()_+{}[]\';/.,' for the 'text' attribute, element locator 'By.name: q'] and Actual [Automation!@#$%^&*()_+{}[]\';/.,]. Comparison Type [EQUALS]. Validation Type [POSITIVE]. @14-10-2021 01:55:05.0946 AM
[ReportManager] Successfully created attachment [Screenshot - 1634176505852_assertElementAttribute_type_true_literalComparison_expectedToPass_ValidateElementAttribute_passed] @14-10-2021 01:55:05.0947 A
[ReportManager] Browser Action [CloseCurrentWindow] successfully performed. @14-10-2021 01:55:06.0088 AM
[ReportManager] Successfully created attachment [Browser Action Test Data - CloseCurrentWindow - Actual Value] @14-10-2021 01:55:06.0089 A
[ReportManager] File Action [GetAbsolutePath] successfully performed. With the following test data [Relative Folder Path: "target/downloadedFiles/"]. @14-10-2021 01:55:06.0093 AM
[ReportManager] Attempting to run remotely on: [Linux-64], [GoogleChrome], [http://localhost:4444/wd/hub], Headless Execution. @14-10-2021 01:55:06.0094 AM
[ReportManager] Successfully Opened [GoogleChrome]. @14-10-2021 01:55:06.0311 AM
[ReportManager] Target URL: [https://www.google.com/ncr], and after redirection: [www.google.com] @14-10-2021 01:55:06.0322 AM
[ReportManager] Initial URL: [data:,] @14-10-2021 01:55:06.0366 AM
[ReportManager] Browser Action [NavigateToURL] successfully performed. With the following test data [https://www.google.com/ncr]. @14-10-2021 01:55:07.0502 A

################################################################################################################################################
Starting Execution:	[26 out of 143] test cases in the current suite
Test Method:		[unitTests.tests_validations_assertions.assertElementExists_false_expectedToFail]
################################################################################################################################################
[ReportManager] Assertion [ValidateElementExists] PASSED. Expected [Element Should not Exist, locator 'By.id: hplogo'] and Actual [Element Doesn't Exists]. Comparison Type [EQUALS]. Validation Type [NEGATIVE]. @14-10-2021 01:55:17.0909 AM
[ReportManager] Successfully created attachment [Screenshot - 1634176517826_assertElementExists_false_expectedToFail_ValidateElementExists_passed] @14-10-2021 01:55:17.0910 A
[ReportManager] Browser Action [CloseCurrentWindow] successfully performed. @14-10-2021 01:55:18.0033 AM
[ReportManager] Successfully created attachment [Browser Action Test Data - CloseCurrentWindow - Actual Value] @14-10-2021 01:55:18.0033 A
[ReportManager] File Action [GetAbsolutePath] successfully performed. With the following test data [Relative Folder Path: "target/downloadedFiles/"]. @14-10-2021 01:55:18.0036 AM
[ReportManager] Attempting to run remotely on: [Linux-64], [GoogleChrome], [http://localhost:4444/wd/hub], Headless Execution. @14-10-2021 01:55:18.0037 AM
[ReportManager] Successfully Opened [GoogleChrome]. @14-10-2021 01:55:18.0257 AM
[ReportManager] Target URL: [https://www.google.com/ncr], and after redirection: [www.google.com] @14-10-2021 01:55:18.0274 AM
[ReportManager] Initial URL: [data:,] @14-10-2021 01:55:18.0332 AM
[ReportManager] Browser Action [NavigateToURL] successfully performed. With the following test data [https://www.google.com/ncr]. @14-10-2021 01:55:19.0224 A

################################################################################################################################################
Starting Execution:	[27 out of 143] test cases in the current suite
Test Method:		[unitTests.tests_validations_assertions.assertElementExists_false_expectedToPass]
################################################################################################################################################
[ReportManager] Assertion [ValidateElementExists] PASSED. Expected [Element Should not Exist, locator 'By.id: fakeElement'] and Actual [Element Doesn't Exists]. Comparison Type [EQUALS]. Validation Type [NEGATIVE]. @14-10-2021 01:55:29.0627 AM
[ReportManager] Successfully created attachment [Screenshot - 1634176529556_assertElementExists_false_expectedToPass_ValidateElementExists_passed] @14-10-2021 01:55:29.0627 A
[ReportManager] Browser Action [CloseCurrentWindow] successfully performed. @14-10-2021 01:55:29.0752 AM
[ReportManager] Successfully created attachment [Browser Action Test Data - CloseCurrentWindow - Actual Value] @14-10-2021 01:55:29.0752 A
[ReportManager] File Action [GetAbsolutePath] successfully performed. With the following test data [Relative Folder Path: "target/downloadedFiles/"]. @14-10-2021 01:55:29.0755 AM
[ReportManager] Attempting to run remotely on: [Linux-64], [GoogleChrome], [http://localhost:4444/wd/hub], Headless Execution. @14-10-2021 01:55:29.0755 AM
[ReportManager] Successfully Opened [GoogleChrome]. @14-10-2021 01:55:29.0998 AM
[ReportManager] Target URL: [https://www.google.com/ncr], and after redirection: [www.google.com] @14-10-2021 01:55:30.0020 AM
[ReportManager] Initial URL: [data:,] @14-10-2021 01:55:30.0076 AM
[ReportManager] Browser Action [NavigateToURL] successfully performed. With the following test data [https://www.google.com/ncr]. @14-10-2021 01:55:30.0965 A

################################################################################################################################################
Starting Execution:	[28 out of 143] test cases in the current suite
Test Method:		[unitTests.tests_validations_assertions.assertElementExists_false_multipleElementsFound_expectedToFail]
################################################################################################################################################
[ReportManager] Assertion [ValidateElementExists] FAILED. Expected [Element Should not Exist, locator 'By.xpath: //div'] and Actual [Element Exists but is not unique]. Comparison Type [EQUALS]. Validation Type [NEGATIVE]. @14-10-2021 01:55:31.0260 AM
[ReportManager] Successfully created attachment [Screenshot - 1634176531193_assertElementExists_false_multipleElementsFound_expectedToFail_ValidateElementExists_failed] @14-10-2021 01:55:31.0260 A
[ReportManager] Browser Action [CloseCurrentWindow] successfully performed. @14-10-2021 01:55:31.0388 AM
[ReportManager] Successfully created attachment [Browser Action Test Data - CloseCurrentWindow - Actual Value] @14-10-2021 01:55:31.0395 A
[ReportManager] File Action [GetAbsolutePath] successfully performed. With the following test data [Relative Folder Path: "target/downloadedFiles/"]. @14-10-2021 01:55:31.0398 AM
[ReportManager] Attempting to run remotely on: [Linux-64], [GoogleChrome], [http://localhost:4444/wd/hub], Headless Execution. @14-10-2021 01:55:31.0398 AM
[ReportManager] Successfully Opened [GoogleChrome]. @14-10-2021 01:55:31.0644 AM
[ReportManager] Target URL: [https://www.google.com/ncr], and after redirection: [www.google.com] @14-10-2021 01:55:31.0655 AM
[ReportManager] Initial URL: [data:,] @14-10-2021 01:55:31.0698 AM
[ReportManager] Browser Action [NavigateToURL] successfully performed. With the following test data [https://www.google.com/ncr]. @14-10-2021 01:55:32.0617 A

################################################################################################################################################
Starting Execution:	[29 out of 143] test cases in the current suite
Test Method:		[unitTests.tests_validations_assertions.assertElementExists_true_expectedToFail]
################################################################################################################################################
[ReportManager] Assertion [ValidateElementExists] FAILED. Expected [Element Should Exist, locator 'By.id: fakeElement'] and Actual [Element Doesn't Exists]. Comparison Type [EQUALS]. Validation Type [POSITIVE]. @14-10-2021 01:56:03.0323 AM
[ReportManager] Successfully created attachment [Screenshot - 1634176563256_assertElementExists_true_expectedToFail_ValidateElementExists_failed] @14-10-2021 01:56:03.0324 A
[ReportManager] Browser Action [CloseCurrentWindow] successfully performed. @14-10-2021 01:56:03.0458 AM
[ReportManager] Successfully created attachment [Browser Action Test Data - CloseCurrentWindow - Actual Value] @14-10-2021 01:56:03.0458 A
[ReportManager] File Action [GetAbsolutePath] successfully performed. With the following test data [Relative Folder Path: "target/downloadedFiles/"]. @14-10-2021 01:56:03.0461 AM
[ReportManager] Attempting to run remotely on: [Linux-64], [GoogleChrome], [http://localhost:4444/wd/hub], Headless Execution. @14-10-2021 01:56:03.0461 AM
[ReportManager] Successfully Opened [GoogleChrome]. @14-10-2021 01:56:03.0714 AM
[ReportManager] Target URL: [https://www.google.com/ncr], and after redirection: [www.google.com] @14-10-2021 01:56:03.0726 AM
[ReportManager] Initial URL: [data:,] @14-10-2021 01:56:03.0780 AM
[ReportManager] Browser Action [NavigateToURL] successfully performed. With the following test data [https://www.google.com/ncr]. @14-10-2021 01:56:05.0452 A

################################################################################################################################################
Starting Execution:	[30 out of 143] test cases in the current suite
Test Method:		[unitTests.tests_validations_assertions.assertElementExists_true_expectedToPass]
################################################################################################################################################
[ReportManager] Loaded Shared OpenCV @14-10-2021 01:56:05.0640 AM
[ReportManager] Assertion [ValidateElementExists] PASSED. Expected [Element Should Exist, locator 'By.xpath: //*[@id='hplogo' or @alt='Google']'] and Actual [Element Exists]. Comparison Type [EQUALS]. Validation Type [POSITIVE]. @14-10-2021 01:56:05.0727 AM
[ReportManager] Successfully created attachment [Screenshot - 1634176565640_assertElementExists_true_expectedToPass_ValidateElementExists_passed] @14-10-2021 01:56:05.0729 A
[ReportManager] Browser Action [CloseCurrentWindow] successfully performed. @14-10-2021 01:56:05.0865 AM
[ReportManager] Successfully created attachment [Browser Action Test Data - CloseCurrentWindow - Actual Value] @14-10-2021 01:56:05.0866 A
[ReportManager] File Action [GetAbsolutePath] successfully performed. With the following test data [Relative Folder Path: "target/downloadedFiles/"]. @14-10-2021 01:56:05.0868 AM
[ReportManager] Attempting to run remotely on: [Linux-64], [GoogleChrome], [http://localhost:4444/wd/hub], Headless Execution. @14-10-2021 01:56:05.0869 AM
[ReportManager] Successfully Opened [GoogleChrome]. @14-10-2021 01:56:06.0074 AM
[ReportManager] Target URL: [https://www.google.com/ncr], and after redirection: [www.google.com] @14-10-2021 01:56:06.0087 AM
[ReportManager] Initial URL: [data:,] @14-10-2021 01:56:06.0130 AM
[ReportManager] Browser Action [NavigateToURL] successfully performed. With the following test data [https://www.google.com/ncr]. @14-10-2021 01:56:07.0014 A

################################################################################################################################################
Starting Execution:	[31 out of 143] test cases in the current suite
Test Method:		[unitTests.tests_validations_assertions.assertElementExists_true_multipleElementsFound_expectedToFail]
################################################################################################################################################
[ReportManager] Assertion [ValidateElementExists] FAILED. Expected [Element Should Exist, locator 'By.xpath: //div'] and Actual [Element Exists but is not unique]. Comparison Type [EQUALS]. Validation Type [POSITIVE]. @14-10-2021 01:56:07.0269 AM
[ReportManager] Successfully created attachment [Screenshot - 1634176567205_assertElementExists_true_multipleElementsFound_expectedToFail_ValidateElementExists_failed] @14-10-2021 01:56:07.0270 A
[ReportManager] Browser Action [CloseCurrentWindow] successfully performed. @14-10-2021 01:56:07.0405 AM
[ReportManager] Successfully created attachment [Browser Action Test Data - CloseCurrentWindow - Actual Value] @14-10-2021 01:56:07.0406 A

################################################################################################################################################
Starting Execution:	[32 out of 143] test cases in the current suite
Test Method:		[unitTests.tests_validations_assertions.assertEquals_false_expectedToFail]
################################################################################################################################################
[ReportManager] Assertion [ValidateEquals] FAILED. Expected [1] and Actual [1]. Comparison Type [EQUALS]. Validation Type [NEGATIVE]. @14-10-2021 01:56:07.0416 A

################################################################################################################################################
Starting Execution:	[33 out of 143] test cases in the current suite
Test Method:		[unitTests.tests_validations_assertions.assertEquals_false_expectedToPass]
################################################################################################################################################
[ReportManager] Assertion [ValidateEquals] PASSED. Expected [1] and Actual [2]. Comparison Type [EQUALS]. Validation Type [NEGATIVE]. @14-10-2021 01:56:07.0421 A

################################################################################################################################################
Starting Execution:	[34 out of 143] test cases in the current suite
Test Method:		[unitTests.tests_validations_assertions.assertEquals_longCharacters]
################################################################################################################################################
[ReportManager] Verification [ValidateEquals] PASSED. Expected and Actual values are attached. Comparison Type [EQUALS]. Validation Type [POSITIVE]. @14-10-2021 01:56:07.0431 AM
[ReportManager] Successfully created attachment [Validation Test Data - Expected Value] @14-10-2021 01:56:07.0431 AM
[ReportManager] Successfully created attachment [Validation Test Data - Actual Value] @14-10-2021 01:56:07.0431 AM
[ReportManager] Assertion [ValidateEquals] PASSED. Expected and Actual values are attached. Comparison Type [EQUALS]. Validation Type [POSITIVE]. @14-10-2021 01:56:07.0432 AM
[ReportManager] Successfully created attachment [Validation Test Data - Expected Value] @14-10-2021 01:56:07.0432 AM
[ReportManager] Successfully created attachment [Validation Test Data - Actual Value] @14-10-2021 01:56:07.0432 A

################################################################################################################################################
Starting Execution:	[35 out of 143] test cases in the current suite
Test Method:		[unitTests.tests_validations_assertions.assertEquals_longCharacters_Discreet]
################################################################################################################################################
[ReportManager] Assertion [ValidateEquals] PASSED. Expected [1LH5pROcDBjjQk0t0mCr0lXuzQu9lcGj28kY8R1H81X67eVAQJgWQhILiRWVPUgZ6uCtK5cnBkF55Jr9vYngjGO1Iyf0Mktv6lruDlL9T8MAUPcUZJGHZtji6nIeadujDSNmWMj5d6C8zlFqw0CRqBU0hO5adIasHgBSNoLotAjce3NGXoDwAlp3rYreeV16VIyZXROQY] and Actual [1LH5pROcDBjjQk0t0mCr0lXuzQu9lcGj28kY8R1H81X67eVAQJgWQhILiRWVPUgZ6uCtK5cnBkF55Jr9vYngjGO1Iyf0Mktv6lruDlL9T8MAUPcUZJGHZtji6nIeadujDSNmWMj5d6C8zlFqw0CRqBU0hO5adIasHgBSNoLotAjce3NGXoDwAlp3rYreeV16VIyZXROQY]. Comparison Type [EQUALS]. Validation Type [POSITIVE]. @14-10-2021 01:56:07.0437 A

################################################################################################################################################
Starting Execution:	[36 out of 143] test cases in the current suite
Test Method:		[unitTests.tests_validations_assertions.assertEquals_true_expectedToFail]
################################################################################################################################################
[ReportManager] Assertion [ValidateEquals] FAILED. Expected [1] and Actual [2]. Comparison Type [EQUALS]. Validation Type [POSITIVE]. @14-10-2021 01:56:07.0445 A

################################################################################################################################################
Starting Execution:	[37 out of 143] test cases in the current suite
Test Method:		[unitTests.tests_validations_assertions.assertEquals_true_expectedToPass]
Test Description:	[Assert that assertEquals works as expected when the two values are equal.]
################################################################################################################################################
[ReportManager] Verification [ValidateEquals] PASSED. Expected [1] and Actual [1]. Comparison Type [EQUALS]. Validation Type [POSITIVE]. @14-10-2021 01:56:07.0453 AM
[ReportManager] Assertion [ValidateEquals] PASSED. Expected [1] and Actual [1]. Comparison Type [EQUALS]. Validation Type [POSITIVE]. @14-10-2021 01:56:07.0454 A

################################################################################################################################################
Starting Execution:	[38 out of 143] test cases in the current suite
Test Method:		[unitTests.tests_validations_assertions.assertEquals_true_expectedToPass__]
################################################################################################################################################
[ReportManager] Assertion [ValidateEquals] PASSED. Expected [1] and Actual [1]. Comparison Type [EQUALS]. Validation Type [POSITIVE]. @14-10-2021 01:56:07.0459 A

################################################################################################################################################
Starting Execution:	[39 out of 143] test cases in the current suite
Test Method:		[unitTests.tests_validations_assertions.assertFileExists_false_expectedToFail]
################################################################################################################################################
[ReportManager] File Action [DoesFileExist] successfully performed. With the following test data [File Path: "src/main/java/com/shaft/gui/element/ElementActions.java"]. @14-10-2021 01:56:07.0463 AM
[ReportManager] Assertion [ValidateFileExists] FAILED. Expected [File 'src/main/java/com/shaft/gui/element/ElementActions.java' should not exist, after up to '1' retries] and Actual [File exists]. Validation Type [NEGATIVE]. @14-10-2021 01:56:07.0468 A

################################################################################################################################################
Starting Execution:	[40 out of 143] test cases in the current suite
Test Method:		[unitTests.tests_validations_assertions.assertFileExists_false_expectedToPass]
################################################################################################################################################
[ReportManager] File Action [DoesFileExist] successfully performed. With the following test data [File Path: "src/main/java/com/shaft/gui/element/ElementActions.java_fail"]. @14-10-2021 01:56:07.0973 AM
[ReportManager] Assertion [ValidateFileExists] PASSED. Expected [File 'src/main/java/com/shaft/gui/element/ElementActions.java_fail' should not exist, after up to '1' retries] and Actual [File does not exist]. Validation Type [NEGATIVE]. @14-10-2021 01:56:07.0974 A

################################################################################################################################################
Starting Execution:	[41 out of 143] test cases in the current suite
Test Method:		[unitTests.tests_validations_assertions.assertFileExists_true_expectedToFail]
################################################################################################################################################
[ReportManager] File Action [DoesFileExist] successfully performed. With the following test data [File Path: "src/main/java/com/shaft/gui/element/ElementActions.java_fail"]. @14-10-2021 01:56:08.0479 AM
[ReportManager] Assertion [ValidateFileExists] FAILED. Expected [File 'src/main/java/com/shaft/gui/element/ElementActions.java_fail' should exist, after up to '1' retries] and Actual [File does not exist]. Validation Type [POSITIVE]. @14-10-2021 01:56:08.0479 A

################################################################################################################################################
Starting Execution:	[42 out of 143] test cases in the current suite
Test Method:		[unitTests.tests_validations_assertions.assertFileExists_true_expectedToPass]
################################################################################################################################################
[ReportManager] File Action [DoesFileExist] successfully performed. With the following test data [File Path: "src/main/java/com/shaft/gui/element/ElementActions.java"]. @14-10-2021 01:56:08.0490 AM
[ReportManager] Assertion [ValidateFileExists] PASSED. Expected [File 'src/main/java/com/shaft/gui/element/ElementActions.java' should exist, after up to '1' retries] and Actual [File exists]. Validation Type [POSITIVE]. @14-10-2021 01:56:08.0491 A

################################################################################################################################################
Starting Execution:	[43 out of 143] test cases in the current suite
Test Method:		[unitTests.tests_validations_assertions.assertNull_false_expectedToFail]
################################################################################################################################################
[ReportManager] Assertion [ValidateNull] FAILED. Expected [NULL] and Actual [NULL]. Comparison Type [EQUALS]. Validation Type [NEGATIVE]. @14-10-2021 01:56:08.0495 A

################################################################################################################################################
Starting Execution:	[44 out of 143] test cases in the current suite
Test Method:		[unitTests.tests_validations_assertions.assertNull_false_expectedToPass]
################################################################################################################################################
[ReportManager] Assertion [ValidateNull] PASSED. Expected [NULL] and Actual [1]. Comparison Type [EQUALS]. Validation Type [NEGATIVE]. @14-10-2021 01:56:08.0499 A

################################################################################################################################################
Starting Execution:	[45 out of 143] test cases in the current suite
Test Method:		[unitTests.tests_validations_assertions.assertNull_true_expectedToFail]
################################################################################################################################################
[ReportManager] Assertion [ValidateNull] FAILED. Expected [NULL] and Actual [1]. Comparison Type [EQUALS]. Validation Type [POSITIVE]. @14-10-2021 01:56:08.0504 A

################################################################################################################################################
Starting Execution:	[46 out of 143] test cases in the current suite
Test Method:		[unitTests.tests_validations_assertions.assertNull_true_expectedToPass]
################################################################################################################################################
[ReportManager] Assertion [ValidateNull] PASSED. Expected [NULL] and Actual [NULL]. Comparison Type [EQUALS]. Validation Type [POSITIVE]. @14-10-2021 01:56:08.0507 A

################################################################################################################################################
Starting Execution:	[47 out of 143] test cases in the current suite
Test Method:		[unitTests.tests_restActions.getPostsAndAssertBodyForSpecificTitle]
################################################################################################################################################
[ReportManager] Response status code: [200], status line: [HTTP/1.1 200 OK] @14-10-2021 01:56:10.0644 AM
[ReportManager] Assertion Passed: Evaluating the actual response status code against the expected one... @14-10-2021 01:56:10.0645 AM
[ReportManager] Assertion [ValidateEquals] PASSED. Expected [200] and Actual [200]. Comparison Type [EQUALS]. Validation Type [POSITIVE]. @14-10-2021 01:56:10.0645 AM
[ReportManager] API Action [PerformRequest] successfully performed. With the following test data [Request Type: "GET" | Target Status Code: "200" | Service URL: "https://jsonplaceholder.typicode.com/posts" | Content Type: "*/*" | Response Time: "833ms"]. @14-10-2021 01:56:11.0965 AM
[ReportManager] Successfully created attachment [API Request - Specifications] @14-10-2021 01:56:11.0965 AM
[ReportManager] Successfully created attachment [API Response - JSON Body] @14-10-2021 01:56:12.0247 AM
[ReportManager] API Action [GetResponseJSONValueAsList] successfully performed. @14-10-2021 01:56:12.0297 AM
[ReportManager] API Action [GetResponseJSONValue] successfully performed. With the following test data [title]. @14-10-2021 01:56:12.0323 AM
[ReportManager] API Action [GetResponseJSONValue] successfully performed. With the following test data [title]. @14-10-2021 01:56:12.0348 AM
[ReportManager] API Action [GetResponseJSONValue] successfully performed. With the following test data [body]. @14-10-2021 01:56:12.0373 AM
[ReportManager] Assertion [ValidateEquals] PASSED. Expected [qui neque nisi nulla] and Actual [est rerum tempore vitae
sequi sint nihil reprehenderit dolor beatae ea dolores neque
fugiat blanditiis voluptate porro vel nihil molestiae ut reiciendis
qui aperiam non debitis possimus qui neque nisi nulla]. Comparison Type [CONTAINS]. Validation Type [POSITIVE]. @14-10-2021 01:56:12.0373 AM
[ReportManager] API Action [GetResponseJSONValue] successfully performed. With the following test data [title]. @14-10-2021 01:56:12.0393 AM
[ReportManager] API Action [GetResponseJSONValue] successfully performed. With the following test data [title]. @14-10-2021 01:56:12.0415 AM
[ReportManager] API Action [GetResponseJSONValue] successfully performed. With the following test data [title]. @14-10-2021 01:56:12.0436 AM
[ReportManager] API Action [GetResponseJSONValue] successfully performed. With the following test data [title]. @14-10-2021 01:56:12.0453 AM
[ReportManager] API Action [GetResponseJSONValue] successfully performed. With the following test data [title]. @14-10-2021 01:56:12.0473 AM
[ReportManager] API Action [GetResponseJSONValue] successfully performed. With the following test data [title]. @14-10-2021 01:56:12.0495 AM
[ReportManager] API Action [GetResponseJSONValue] successfully performed. With the following test data [title]. @14-10-2021 01:56:12.0514 AM
[ReportManager] API Action [GetResponseJSONValue] successfully performed. With the following test data [title]. @14-10-2021 01:56:12.0533 AM
[ReportManager] API Action [GetResponseJSONValue] successfully performed. With the following test data [title]. @14-10-2021 01:56:12.0552 AM
[ReportManager] API Action [GetResponseJSONValue] successfully performed. With the following test data [title]. @14-10-2021 01:56:12.0568 AM
[ReportManager] API Action [GetResponseJSONValue] successfully performed. With the following test data [title]. @14-10-2021 01:56:12.0596 AM
[ReportManager] API Action [GetResponseJSONValue] successfully performed. With the following test data [title]. @14-10-2021 01:56:12.0624 AM
[ReportManager] API Action [GetResponseJSONValue] successfully performed. With the following test data [title]. @14-10-2021 01:56:12.0640 AM
[ReportManager] API Action [GetResponseJSONValue] successfully performed. With the following test data [title]. @14-10-2021 01:56:12.0657 AM
[ReportManager] API Action [GetResponseJSONValue] successfully performed. With the following test data [title]. @14-10-2021 01:56:12.0683 AM
[ReportManager] API Action [GetResponseJSONValue] successfully performed. With the following test data [title]. @14-10-2021 01:56:12.0701 AM
[ReportManager] API Action [GetResponseJSONValue] successfully performed. With the following test data [title]. @14-10-2021 01:56:12.0717 AM
[ReportManager] API Action [GetResponseJSONValue] successfully performed. With the following test data [title]. @14-10-2021 01:56:12.0733 AM
[ReportManager] API Action [GetResponseJSONValue] successfully performed. With the following test data [title]. @14-10-2021 01:56:12.0745 AM
[ReportManager] API Action [GetResponseJSONValue] successfully performed. With the following test data [title]. @14-10-2021 01:56:12.0763 AM
[ReportManager] API Action [GetResponseJSONValue] successfully performed. With the following test data [title]. @14-10-2021 01:56:12.0781 AM
[ReportManager] API Action [GetResponseJSONValue] successfully performed. With the following test data [title]. @14-10-2021 01:56:12.0802 AM
[ReportManager] API Action [GetResponseJSONValue] successfully performed. With the following test data [title]. @14-10-2021 01:56:12.0818 AM
[ReportManager] API Action [GetResponseJSONValue] successfully performed. With the following test data [title]. @14-10-2021 01:56:12.0836 AM
[ReportManager] API Action [GetResponseJSONValue] successfully performed. With the following test data [title]. @14-10-2021 01:56:12.0852 AM
[ReportManager] API Action [GetResponseJSONValue] successfully performed. With the following test data [title]. @14-10-2021 01:56:12.0866 AM
[ReportManager] API Action [GetResponseJSONValue] successfully performed. With the following test data [title]. @14-10-2021 01:56:12.0881 AM
[ReportManager] API Action [GetResponseJSONValue] successfully performed. With the following test data [title]. @14-10-2021 01:56:12.0891 AM
[ReportManager] API Action [GetResponseJSONValue] successfully performed. With the following test data [title]. @14-10-2021 01:56:12.0900 AM
[ReportManager] API Action [GetResponseJSONValue] successfully performed. With the following test data [title]. @14-10-2021 01:56:12.0920 AM
[ReportManager] API Action [GetResponseJSONValue] successfully performed. With the following test data [title]. @14-10-2021 01:56:12.0931 AM
[ReportManager] API Action [GetResponseJSONValue] successfully performed. With the following test data [title]. @14-10-2021 01:56:12.0943 AM
[ReportManager] API Action [GetResponseJSONValue] successfully performed. With the following test data [title]. @14-10-2021 01:56:12.0953 AM
[ReportManager] API Action [GetResponseJSONValue] successfully performed. With the following test data [title]. @14-10-2021 01:56:12.0963 AM
[ReportManager] API Action [GetResponseJSONValue] successfully performed. With the following test data [title]. @14-10-2021 01:56:12.0973 AM
[ReportManager] API Action [GetResponseJSONValue] successfully performed. With the following test data [title]. @14-10-2021 01:56:12.0983 AM
[ReportManager] API Action [GetResponseJSONValue] successfully performed. With the following test data [title]. @14-10-2021 01:56:12.0993 AM
[ReportManager] API Action [GetResponseJSONValue] successfully performed. With the following test data [title]. @14-10-2021 01:56:13.0003 AM
[ReportManager] API Action [GetResponseJSONValue] successfully performed. With the following test data [title]. @14-10-2021 01:56:13.0013 AM
[ReportManager] API Action [GetResponseJSONValue] successfully performed. With the following test data [title]. @14-10-2021 01:56:13.0024 AM
[ReportManager] API Action [GetResponseJSONValue] successfully performed. With the following test data [title]. @14-10-2021 01:56:13.0034 AM
[ReportManager] API Action [GetResponseJSONValue] successfully performed. With the following test data [title]. @14-10-2021 01:56:13.0045 AM
[ReportManager] API Action [GetResponseJSONValue] successfully performed. With the following test data [title]. @14-10-2021 01:56:13.0055 AM
[ReportManager] API Action [GetResponseJSONValue] successfully performed. With the following test data [title]. @14-10-2021 01:56:13.0065 AM
[ReportManager] API Action [GetResponseJSONValue] successfully performed. With the following test data [title]. @14-10-2021 01:56:13.0075 AM
[ReportManager] API Action [GetResponseJSONValue] successfully performed. With the following test data [title]. @14-10-2021 01:56:13.0091 AM
[ReportManager] API Action [GetResponseJSONValue] successfully performed. With the following test data [title]. @14-10-2021 01:56:13.0104 AM
[ReportManager] API Action [GetResponseJSONValue] successfully performed. With the following test data [title]. @14-10-2021 01:56:13.0117 AM
[ReportManager] API Action [GetResponseJSONValue] successfully performed. With the following test data [title]. @14-10-2021 01:56:13.0128 AM
[ReportManager] API Action [GetResponseJSONValue] successfully performed. With the following test data [title]. @14-10-2021 01:56:13.0138 AM
[ReportManager] API Action [GetResponseJSONValue] successfully performed. With the following test data [title]. @14-10-2021 01:56:13.0149 AM
[ReportManager] API Action [GetResponseJSONValue] successfully performed. With the following test data [title]. @14-10-2021 01:56:13.0159 AM
[ReportManager] API Action [GetResponseJSONValue] successfully performed. With the following test data [title]. @14-10-2021 01:56:13.0169 AM
[ReportManager] API Action [GetResponseJSONValue] successfully performed. With the following test data [title]. @14-10-2021 01:56:13.0180 AM
[ReportManager] API Action [GetResponseJSONValue] successfully performed. With the following test data [title]. @14-10-2021 01:56:13.0190 AM
[ReportManager] API Action [GetResponseJSONValue] successfully performed. With the following test data [title]. @14-10-2021 01:56:13.0199 AM
[ReportManager] API Action [GetResponseJSONValue] successfully performed. With the following test data [title]. @14-10-2021 01:56:13.0210 AM
[ReportManager] API Action [GetResponseJSONValue] successfully performed. With the following test data [title]. @14-10-2021 01:56:13.0219 AM
[ReportManager] API Action [GetResponseJSONValue] successfully performed. With the following test data [title]. @14-10-2021 01:56:13.0229 AM
[ReportManager] API Action [GetResponseJSONValue] successfully performed. With the following test data [title]. @14-10-2021 01:56:13.0256 AM
[ReportManager] API Action [GetResponseJSONValue] successfully performed. With the following test data [title]. @14-10-2021 01:56:13.0267 AM
[ReportManager] API Action [GetResponseJSONValue] successfully performed. With the following test data [title]. @14-10-2021 01:56:13.0277 AM
[ReportManager] API Action [GetResponseJSONValue] successfully performed. With the following test data [title]. @14-10-2021 01:56:13.0287 AM
[ReportManager] API Action [GetResponseJSONValue] successfully performed. With the following test data [title]. @14-10-2021 01:56:13.0297 AM
[ReportManager] API Action [GetResponseJSONValue] successfully performed. With the following test data [title]. @14-10-2021 01:56:13.0307 AM
[ReportManager] API Action [GetResponseJSONValue] successfully performed. With the following test data [title]. @14-10-2021 01:56:13.0317 AM
[ReportManager] API Action [GetResponseJSONValue] successfully performed. With the following test data [title]. @14-10-2021 01:56:13.0326 AM
[ReportManager] API Action [GetResponseJSONValue] successfully performed. With the following test data [title]. @14-10-2021 01:56:13.0336 AM
[ReportManager] API Action [GetResponseJSONValue] successfully performed. With the following test data [title]. @14-10-2021 01:56:13.0344 AM
[ReportManager] API Action [GetResponseJSONValue] successfully performed. With the following test data [title]. @14-10-2021 01:56:13.0353 AM
[ReportManager] API Action [GetResponseJSONValue] successfully performed. With the following test data [title]. @14-10-2021 01:56:13.0362 AM
[ReportManager] API Action [GetResponseJSONValue] successfully performed. With the following test data [title]. @14-10-2021 01:56:13.0371 AM
[ReportManager] API Action [GetResponseJSONValue] successfully performed. With the following test data [title]. @14-10-2021 01:56:13.0380 AM
[ReportManager] API Action [GetResponseJSONValue] successfully performed. With the following test data [title]. @14-10-2021 01:56:13.0389 AM
[ReportManager] API Action [GetResponseJSONValue] successfully performed. With the following test data [title]. @14-10-2021 01:56:13.0398 AM
[ReportManager] API Action [GetResponseJSONValue] successfully performed. With the following test data [title]. @14-10-2021 01:56:13.0407 AM
[ReportManager] API Action [GetResponseJSONValue] successfully performed. With the following test data [title]. @14-10-2021 01:56:13.0416 AM
[ReportManager] API Action [GetResponseJSONValue] successfully performed. With the following test data [title]. @14-10-2021 01:56:13.0425 AM
[ReportManager] API Action [GetResponseJSONValue] successfully performed. With the following test data [title]. @14-10-2021 01:56:13.0433 AM
[ReportManager] API Action [GetResponseJSONValue] successfully performed. With the following test data [title]. @14-10-2021 01:56:13.0442 AM
[ReportManager] API Action [GetResponseJSONValue] successfully performed. With the following test data [title]. @14-10-2021 01:56:13.0467 AM
[ReportManager] API Action [GetResponseJSONValue] successfully performed. With the following test data [title]. @14-10-2021 01:56:13.0487 AM
[ReportManager] API Action [GetResponseJSONValue] successfully performed. With the following test data [title]. @14-10-2021 01:56:13.0496 AM
[ReportManager] API Action [GetResponseJSONValue] successfully performed. With the following test data [title]. @14-10-2021 01:56:13.0505 AM
[ReportManager] API Action [GetResponseJSONValue] successfully performed. With the following test data [title]. @14-10-2021 01:56:13.0514 AM
[ReportManager] API Action [GetResponseJSONValue] successfully performed. With the following test data [title]. @14-10-2021 01:56:13.0523 AM
[ReportManager] API Action [GetResponseJSONValue] successfully performed. With the following test data [title]. @14-10-2021 01:56:13.0533 AM
[ReportManager] API Action [GetResponseJSONValue] successfully performed. With the following test data [title]. @14-10-2021 01:56:13.0542 AM
[ReportManager] API Action [GetResponseJSONValue] successfully performed. With the following test data [title]. @14-10-2021 01:56:13.0552 AM
[ReportManager] API Action [GetResponseJSONValue] successfully performed. With the following test data [title]. @14-10-2021 01:56:13.0561 AM
[ReportManager] API Action [GetResponseJSONValue] successfully performed. With the following test data [title]. @14-10-2021 01:56:13.0570 AM
[ReportManager] API Action [GetResponseJSONValue] successfully performed. With the following test data [title]. @14-10-2021 01:56:13.0578 AM
[ReportManager] API Action [GetResponseJSONValue] successfully performed. With the following test data [title]. @14-10-2021 01:56:13.0587 AM
[ReportManager] API Action [GetResponseJSONValue] successfully performed. With the following test data [title]. @14-10-2021 01:56:13.0596 AM
[ReportManager] API Action [GetResponseJSONValue] successfully performed. With the following test data [title]. @14-10-2021 01:56:13.0605 AM
[ReportManager] API Action [GetResponseJSONValue] successfully performed. With the following test data [title]. @14-10-2021 01:56:13.0614 AM
[ReportManager] API Action [GetResponseJSONValue] successfully performed. With the following test data [title]. @14-10-2021 01:56:13.0623 AM
[ReportManager] API Action [GetResponseJSONValue] successfully performed. With the following test data [title]. @14-10-2021 01:56:13.0632 A

################################################################################################################################################
Starting Execution:	[48 out of 143] test cases in the current suite
Test Method:		[unitTests.tests_restActions.validateUserEmail]
################################################################################################################################################
[ReportManager] Response status code: [200], status line: [HTTP/1.1 200 OK] @14-10-2021 01:56:13.0721 AM
[ReportManager] Assertion Passed: Evaluating the actual response status code against the expected one... @14-10-2021 01:56:13.0722 AM
[ReportManager] Assertion [ValidateEquals] PASSED. Expected [200] and Actual [200]. Comparison Type [EQUALS]. Validation Type [POSITIVE]. @14-10-2021 01:56:13.0722 AM
[ReportManager] API Action [PerformRequest] successfully performed. With the following test data [Request Type: "GET" | Target Status Code: "200" | Service URL: "https://jsonplaceholder.typicode.com/users" | Content Type: "*/*" | Response Time: "66ms"]. @14-10-2021 01:56:13.0740 AM
[ReportManager] Successfully created attachment [API Request - Specifications] @14-10-2021 01:56:13.0740 AM
[ReportManager] Successfully created attachment [API Response - JSON Body] @14-10-2021 01:56:13.0741 AM
[ReportManager] Assertion [ValidateEquals] PASSED. Expected and Actual values are attached. Comparison Type [CONTAINS]. Validation Type [POSITIVE]. @14-10-2021 01:56:13.0741 AM
[ReportManager] Successfully created attachment [Validation Test Data - Expected Value] @14-10-2021 01:56:13.0741 AM
[ReportManager] Successfully created attachment [Validation Test Data - Actual Value] @14-10-2021 01:56:13.0741 AM
[ReportManager] API Action [GetResponseJSONValueAsList] successfully performed. With the following test data [$]. @14-10-2021 01:56:13.0745 AM
[ReportManager] API Action [GetResponseJSONValue] successfully performed. With the following test data [name]. @14-10-2021 01:56:13.0756 AM
[ReportManager] API Action [GetResponseJSONValue] successfully performed. With the following test data [email]. @14-10-2021 01:56:13.0766 AM
[ReportManager] Assertion [ValidateEquals] PASSED. Expected [Sincere@april.biz] and Actual [Sincere@april.biz]. Comparison Type [EQUALS]. Validation Type [POSITIVE]. @14-10-2021 01:56:13.0766 AM
[ReportManager] API Action [GetResponseJSONValue] successfully performed. With the following test data [name]. @14-10-2021 01:56:13.0782 AM
[ReportManager] API Action [GetResponseJSONValue] successfully performed. With the following test data [name]. @14-10-2021 01:56:13.0792 AM
[ReportManager] API Action [GetResponseJSONValue] successfully performed. With the following test data [name]. @14-10-2021 01:56:13.0802 AM
[ReportManager] API Action [GetResponseJSONValue] successfully performed. With the following test data [name]. @14-10-2021 01:56:13.0812 AM
[ReportManager] API Action [GetResponseJSONValue] successfully performed. With the following test data [name]. @14-10-2021 01:56:13.0821 AM
[ReportManager] API Action [GetResponseJSONValue] successfully performed. With the following test data [name]. @14-10-2021 01:56:13.0830 AM
[ReportManager] API Action [GetResponseJSONValue] successfully performed. With the following test data [name]. @14-10-2021 01:56:13.0839 AM
[ReportManager] API Action [GetResponseJSONValue] successfully performed. With the following test data [name]. @14-10-2021 01:56:13.0849 AM
[ReportManager] API Action [GetResponseJSONValue] successfully performed. With the following test data [name]. @14-10-2021 01:56:13.0859 A
[ReportManager] File Action [GetAbsolutePath] successfully performed. With the following test data [Relative Folder Path: "target/downloadedFiles/"]. @14-10-2021 01:56:13.0869 AM
[ReportManager] Attempting to run remotely on: [Linux-64], [GoogleChrome], [http://localhost:4444/wd/hub], Headless Execution. @14-10-2021 01:56:13.0869 AM
[ReportManager] Successfully Opened [GoogleChrome]. @14-10-2021 01:56:14.0192 AM
[ReportManager] Target URL: [https://duckduckgo.com] @14-10-2021 01:56:14.0211 AM
[ReportManager] Initial URL: [data:,] @14-10-2021 01:56:14.0263 AM
[ReportManager] Browser Action [NavigateToURL] successfully performed. With the following test data [https://duckduckgo.com]. @14-10-2021 01:56:14.0953 A

################################################################################################################################################
Starting Execution:	[49 out of 143] test cases in the current suite
Test Method:		[unitTests.tests_browserActions.fullScreenWindow]
################################################################################################################################################
[ReportManager] Initial Windows Size: 800x600 @14-10-2021 01:56:14.0973 AM
[ReportManager] Initial window size: (800, 600) @14-10-2021 01:56:14.0976 AM
[ReportManager] Window size after Toolkit: (1920, 1080) @14-10-2021 01:56:15.0196 AM
[ReportManager] Browser Action [MaximizeWindow] successfully performed. With the following test data [New screen size is now: (1920, 1080)]. @14-10-2021 01:56:15.0198 AM
[ReportManager] Current Windows Size after fullScreen: 1920x1080 @14-10-2021 01:56:15.0204 AM
[ReportManager] Browser Action [FullScreenWindow] successfully performed. @14-10-2021 01:56:15.0236 AM
[ReportManager] Successfully created attachment [Browser Action Test Data - FullScreenWindow - Actual Value] @14-10-2021 01:56:15.0238 A
[ReportManager] Target URL: [https://duckduckgo.com] @14-10-2021 01:56:15.0242 AM
[ReportManager] Initial URL: [https://duckduckgo.com] @14-10-2021 01:56:15.0319 AM
[ReportManager] Browser Action [NavigateToURL] successfully performed. With the following test data [https://duckduckgo.com]. @14-10-2021 01:56:15.0692 AM
[ReportManager] Browser Action [CloseCurrentWindow] successfully performed. @14-10-2021 01:56:15.0810 AM
[ReportManager] Successfully created attachment [Browser Action Test Data - CloseCurrentWindow - Actual Value] @14-10-2021 01:56:15.0813 A
[ReportManager] File Action [GetAbsolutePath] successfully performed. With the following test data [Relative Folder Path: "target/downloadedFiles/"]. @14-10-2021 01:56:15.0819 AM
[ReportManager] Attempting to run remotely on: [Linux-64], [GoogleChrome], [http://localhost:4444/wd/hub], Headless Execution. @14-10-2021 01:56:15.0819 AM
[ReportManager] Successfully Opened [GoogleChrome]. @14-10-2021 01:56:16.0030 AM
[ReportManager] Target URL: [https://duckduckgo.com] @14-10-2021 01:56:16.0047 AM
[ReportManager] Initial URL: [data:,] @14-10-2021 01:56:16.0099 AM
[ReportManager] Browser Action [NavigateToURL] successfully performed. With the following test data [https://duckduckgo.com]. @14-10-2021 01:56:16.0665 A

################################################################################################################################################
Starting Execution:	[50 out of 143] test cases in the current suite
Test Method:		[unitTests.tests_browserActions.getCurrentURL]
################################################################################################################################################
[ReportManager] Browser Action [GetCurrentURL] successfully performed. With the following test data [https://duckduckgo.com/]. @14-10-2021 01:56:16.0704 A
[ReportManager] Target URL: [https://duckduckgo.com] @14-10-2021 01:56:16.0706 AM
[ReportManager] Initial URL: [https://duckduckgo.com] @14-10-2021 01:56:16.0769 AM
[ReportManager] Browser Action [NavigateToURL] successfully performed. With the following test data [https://duckduckgo.com]. @14-10-2021 01:56:17.0100 AM
[ReportManager] Browser Action [CloseCurrentWindow] successfully performed. @14-10-2021 01:56:17.0219 AM
[ReportManager] Successfully created attachment [Browser Action Test Data - CloseCurrentWindow - Actual Value] @14-10-2021 01:56:17.0220 A
[ReportManager] File Action [GetAbsolutePath] successfully performed. With the following test data [Relative Folder Path: "target/downloadedFiles/"]. @14-10-2021 01:56:17.0222 AM
[ReportManager] Attempting to run remotely on: [Linux-64], [GoogleChrome], [http://localhost:4444/wd/hub], Headless Execution. @14-10-2021 01:56:17.0223 AM
[ReportManager] Successfully Opened [GoogleChrome]. @14-10-2021 01:56:17.0438 AM
[ReportManager] Target URL: [https://duckduckgo.com] @14-10-2021 01:56:17.0461 AM
[ReportManager] Initial URL: [data:,] @14-10-2021 01:56:17.0502 AM
[ReportManager] Browser Action [NavigateToURL] successfully performed. With the following test data [https://duckduckgo.com]. @14-10-2021 01:56:18.0117 A

################################################################################################################################################
Starting Execution:	[51 out of 143] test cases in the current suite
Test Method:		[unitTests.tests_browserActions.getCurrentWindowTitle]
################################################################################################################################################
[ReportManager] Browser Action [GetCurrentWindowTitle] successfully performed. With the following test data [DuckDuckGo  Privacy, simplified.]. @14-10-2021 01:56:18.0158 A
[ReportManager] Target URL: [https://duckduckgo.com] @14-10-2021 01:56:18.0162 AM
[ReportManager] Initial URL: [https://duckduckgo.com] @14-10-2021 01:56:18.0253 AM
[ReportManager] Browser Action [NavigateToURL] successfully performed. With the following test data [https://duckduckgo.com]. @14-10-2021 01:56:18.0578 AM
[ReportManager] Browser Action [CloseCurrentWindow] successfully performed. @14-10-2021 01:56:18.0681 AM
[ReportManager] Successfully created attachment [Browser Action Test Data - CloseCurrentWindow - Actual Value] @14-10-2021 01:56:18.0682 A
[ReportManager] File Action [GetAbsolutePath] successfully performed. With the following test data [Relative Folder Path: "target/downloadedFiles/"]. @14-10-2021 01:56:18.0684 AM
[ReportManager] Attempting to run remotely on: [Linux-64], [GoogleChrome], [http://localhost:4444/wd/hub], Headless Execution. @14-10-2021 01:56:18.0684 AM
[ReportManager] Successfully Opened [GoogleChrome]. @14-10-2021 01:56:18.0899 AM
[ReportManager] Target URL: [https://duckduckgo.com] @14-10-2021 01:56:18.0909 AM
[ReportManager] Initial URL: [data:,] @14-10-2021 01:56:18.0948 AM
[ReportManager] Browser Action [NavigateToURL] successfully performed. With the following test data [https://duckduckgo.com]. @14-10-2021 01:56:19.0454 A

################################################################################################################################################
Starting Execution:	[52 out of 143] test cases in the current suite
Test Method:		[unitTests.tests_browserActions.getPageSource]
################################################################################################################################################
[ReportManager] Browser Action [GetPageSource] successfully performed. @14-10-2021 01:56:19.0507 AM
[ReportManager] Successfully created attachment [Browser Action Test Data - GetPageSource - Actual Value] @14-10-2021 01:56:19.0508 A
[ReportManager] Target URL: [https://duckduckgo.com] @14-10-2021 01:56:19.0510 AM
[ReportManager] Initial URL: [https://duckduckgo.com] @14-10-2021 01:56:19.0575 AM
[ReportManager] Browser Action [NavigateToURL] successfully performed. With the following test data [https://duckduckgo.com]. @14-10-2021 01:56:19.0944 AM
[ReportManager] Browser Action [CloseCurrentWindow] successfully performed. @14-10-2021 01:56:20.0047 AM
[ReportManager] Successfully created attachment [Browser Action Test Data - CloseCurrentWindow - Actual Value] @14-10-2021 01:56:20.0048 A
[ReportManager] File Action [GetAbsolutePath] successfully performed. With the following test data [Relative Folder Path: "target/downloadedFiles/"]. @14-10-2021 01:56:20.0055 AM
[ReportManager] Attempting to run remotely on: [Linux-64], [GoogleChrome], [http://localhost:4444/wd/hub], Headless Execution. @14-10-2021 01:56:20.0055 AM
[ReportManager] Successfully Opened [GoogleChrome]. @14-10-2021 01:56:20.0263 AM
[ReportManager] Target URL: [https://duckduckgo.com] @14-10-2021 01:56:20.0284 AM
[ReportManager] Initial URL: [data:,] @14-10-2021 01:56:20.0334 AM
[ReportManager] Browser Action [NavigateToURL] successfully performed. With the following test data [https://duckduckgo.com]. @14-10-2021 01:56:20.0879 A

################################################################################################################################################
Starting Execution:	[53 out of 143] test cases in the current suite
Test Method:		[unitTests.tests_browserActions.getWindowHandle]
################################################################################################################################################
[ReportManager] Browser Action [GetWindowHandle] successfully performed. With the following test data [CDwindow-A4ACEFE14C1E240ADF3D6E6ECE8CCB9D]. @14-10-2021 01:56:20.0943 A
[ReportManager] Target URL: [https://duckduckgo.com] @14-10-2021 01:56:20.0946 AM
[ReportManager] Initial URL: [https://duckduckgo.com] @14-10-2021 01:56:21.0049 AM
[ReportManager] Browser Action [NavigateToURL] successfully performed. With the following test data [https://duckduckgo.com]. @14-10-2021 01:56:21.0467 AM
[ReportManager] Browser Action [CloseCurrentWindow] successfully performed. @14-10-2021 01:56:21.0577 AM
[ReportManager] Successfully created attachment [Browser Action Test Data - CloseCurrentWindow - Actual Value] @14-10-2021 01:56:21.0578 A
[ReportManager] File Action [GetAbsolutePath] successfully performed. With the following test data [Relative Folder Path: "target/downloadedFiles/"]. @14-10-2021 01:56:21.0581 AM
[ReportManager] Attempting to run remotely on: [Linux-64], [GoogleChrome], [http://localhost:4444/wd/hub], Headless Execution. @14-10-2021 01:56:21.0582 AM
[ReportManager] Successfully Opened [GoogleChrome]. @14-10-2021 01:56:21.0807 AM
[ReportManager] Target URL: [https://duckduckgo.com] @14-10-2021 01:56:21.0817 AM
[ReportManager] Initial URL: [data:,] @14-10-2021 01:56:21.0874 AM
[ReportManager] Browser Action [NavigateToURL] successfully performed. With the following test data [https://duckduckgo.com]. @14-10-2021 01:56:22.0421 A

################################################################################################################################################
Starting Execution:	[54 out of 143] test cases in the current suite
Test Method:		[unitTests.tests_browserActions.getWindowPosition]
################################################################################################################################################
[ReportManager] Browser Action [GetWindowPosition] successfully performed. With the following test data [(0, 0)]. @14-10-2021 01:56:22.0466 A
[ReportManager] Target URL: [https://duckduckgo.com] @14-10-2021 01:56:22.0468 AM
[ReportManager] Initial URL: [https://duckduckgo.com] @14-10-2021 01:56:22.0521 AM
[ReportManager] Browser Action [NavigateToURL] successfully performed. With the following test data [https://duckduckgo.com]. @14-10-2021 01:56:22.0956 AM
[ReportManager] Browser Action [CloseCurrentWindow] successfully performed. @14-10-2021 01:56:23.0056 AM
[ReportManager] Successfully created attachment [Browser Action Test Data - CloseCurrentWindow - Actual Value] @14-10-2021 01:56:23.0059 A
[ReportManager] File Action [GetAbsolutePath] successfully performed. With the following test data [Relative Folder Path: "target/downloadedFiles/"]. @14-10-2021 01:56:23.0064 AM
[ReportManager] Attempting to run remotely on: [Linux-64], [GoogleChrome], [http://localhost:4444/wd/hub], Headless Execution. @14-10-2021 01:56:23.0064 AM
[ReportManager] Successfully Opened [GoogleChrome]. @14-10-2021 01:56:23.0329 AM
[ReportManager] Target URL: [https://duckduckgo.com] @14-10-2021 01:56:23.0342 AM
[ReportManager] Initial URL: [data:,] @14-10-2021 01:56:23.0391 AM
[ReportManager] Browser Action [NavigateToURL] successfully performed. With the following test data [https://duckduckgo.com]. @14-10-2021 01:56:24.0030 A

################################################################################################################################################
Starting Execution:	[55 out of 143] test cases in the current suite
Test Method:		[unitTests.tests_browserActions.getWindowSize]
################################################################################################################################################
[ReportManager] Browser Action [GetWindowSize] successfully performed. With the following test data [(800, 600)]. @14-10-2021 01:56:24.0081 A
[ReportManager] Target URL: [https://duckduckgo.com] @14-10-2021 01:56:24.0084 AM
[ReportManager] Initial URL: [https://duckduckgo.com] @14-10-2021 01:56:24.0143 AM
[ReportManager] Browser Action [NavigateToURL] successfully performed. With the following test data [https://duckduckgo.com]. @14-10-2021 01:56:24.0497 AM
[ReportManager] Browser Action [CloseCurrentWindow] successfully performed. @14-10-2021 01:56:24.0603 AM
[ReportManager] Successfully created attachment [Browser Action Test Data - CloseCurrentWindow - Actual Value] @14-10-2021 01:56:24.0603 A
[ReportManager] File Action [GetAbsolutePath] successfully performed. With the following test data [Relative Folder Path: "target/downloadedFiles/"]. @14-10-2021 01:56:24.0606 AM
[ReportManager] Attempting to run remotely on: [Linux-64], [GoogleChrome], [http://localhost:4444/wd/hub], Headless Execution. @14-10-2021 01:56:24.0606 AM
[ReportManager] Successfully Opened [GoogleChrome]. @14-10-2021 01:56:24.0824 AM
[ReportManager] Target URL: [https://duckduckgo.com] @14-10-2021 01:56:24.0834 AM
[ReportManager] Initial URL: [data:,] @14-10-2021 01:56:24.0882 AM
[ReportManager] Browser Action [NavigateToURL] successfully performed. With the following test data [https://duckduckgo.com]. @14-10-2021 01:56:25.0391 A

################################################################################################################################################
Starting Execution:	[56 out of 143] test cases in the current suite
Test Method:		[unitTests.tests_browserActions.maximizeWindow]
################################################################################################################################################
[ReportManager] Initial window size: (800, 600) @14-10-2021 01:56:25.0400 AM
[ReportManager] Window size after Toolkit: (1920, 1080) @14-10-2021 01:56:25.0623 AM
[ReportManager] Browser Action [MaximizeWindow] successfully performed. With the following test data [New screen size is now: (1920, 1080)]. @14-10-2021 01:56:25.0630 A
[ReportManager] Target URL: [https://duckduckgo.com] @14-10-2021 01:56:25.0639 AM
[ReportManager] Initial URL: [https://duckduckgo.com] @14-10-2021 01:56:25.0707 AM
[ReportManager] Browser Action [NavigateToURL] successfully performed. With the following test data [https://duckduckgo.com]. @14-10-2021 01:56:26.0115 AM
[ReportManager] Browser Action [CloseCurrentWindow] successfully performed. @14-10-2021 01:56:26.0220 AM
[ReportManager] Successfully created attachment [Browser Action Test Data - CloseCurrentWindow - Actual Value] @14-10-2021 01:56:26.0221 A
[ReportManager] File Action [GetAbsolutePath] successfully performed. With the following test data [Relative Folder Path: "target/downloadedFiles/"]. @14-10-2021 01:56:26.0225 AM
[ReportManager] Attempting to run remotely on: [Linux-64], [GoogleChrome], [http://localhost:4444/wd/hub], Headless Execution. @14-10-2021 01:56:26.0226 AM
[ReportManager] Successfully Opened [GoogleChrome]. @14-10-2021 01:56:26.0448 AM
[ReportManager] Target URL: [https://duckduckgo.com] @14-10-2021 01:56:26.0459 AM
[ReportManager] Initial URL: [data:,] @14-10-2021 01:56:26.0499 AM
[ReportManager] Browser Action [NavigateToURL] successfully performed. With the following test data [https://duckduckgo.com]. @14-10-2021 01:56:26.0986 A

################################################################################################################################################
Starting Execution:	[57 out of 143] test cases in the current suite
Test Method:		[unitTests.tests_browserActions.navigateBack]
################################################################################################################################################
[ReportManager] Target URL: [https://www.google.com/ncr], and after redirection: [https://www.google.com] @14-10-2021 01:56:26.0995 AM
[ReportManager] Initial URL: [https://duckduckgo.com] @14-10-2021 01:56:27.0058 AM
[ReportManager] Browser Action [NavigateToURL] successfully performed. With the following test data [https://www.google.com/ncr]. @14-10-2021 01:56:27.0911 AM
[ReportManager] Browser Action [NavigateBack] successfully performed. With the following test data [https://duckduckgo.com/]. @14-10-2021 01:56:28.0317 AM
[ReportManager] Browser Action [GetCurrentURL] successfully performed. With the following test data [https://duckduckgo.com/]. @14-10-2021 01:56:28.0353 AM
[ReportManager] Assertion Passed: Confirming that navigating back was successful @14-10-2021 01:56:28.0502 AM
[ReportManager] Successfully created attachment [Screenshot - 1634176588426_navigateBack_ValidateBrowserAttribute_passed] @14-10-2021 01:56:28.0503 AM
[ReportManager] Assertion [ValidateBrowserAttribute] PASSED. Expected [Value Should be 'https://duckduckgo.com' for the 'CurrentUrl' attribute] and Actual [https://duckduckgo.com/]. Comparison Type [CONTAINS]. Validation Type [POSITIVE]. @14-10-2021 01:56:28.0503 A
[ReportManager] Target URL: [https://duckduckgo.com] @14-10-2021 01:56:28.0507 AM
[ReportManager] Initial URL: [https://duckduckgo.com] @14-10-2021 01:56:28.0566 AM
[ReportManager] Browser Action [NavigateToURL] successfully performed. With the following test data [https://duckduckgo.com]. @14-10-2021 01:56:28.0893 AM
[ReportManager] Browser Action [CloseCurrentWindow] successfully performed. @14-10-2021 01:56:29.0005 AM
[ReportManager] Successfully created attachment [Browser Action Test Data - CloseCurrentWindow - Actual Value] @14-10-2021 01:56:29.0005 A
[ReportManager] File Action [GetAbsolutePath] successfully performed. With the following test data [Relative Folder Path: "target/downloadedFiles/"]. @14-10-2021 01:56:29.0009 AM
[ReportManager] Attempting to run remotely on: [Linux-64], [GoogleChrome], [http://localhost:4444/wd/hub], Headless Execution. @14-10-2021 01:56:29.0010 AM
[ReportManager] Successfully Opened [GoogleChrome]. @14-10-2021 01:56:29.0226 AM
[ReportManager] Target URL: [https://duckduckgo.com] @14-10-2021 01:56:29.0236 AM
[ReportManager] Initial URL: [data:,] @14-10-2021 01:56:29.0290 AM
[ReportManager] Browser Action [NavigateToURL] successfully performed. With the following test data [https://duckduckgo.com]. @14-10-2021 01:56:29.0840 A

################################################################################################################################################
Starting Execution:	[58 out of 143] test cases in the current suite
Test Method:		[unitTests.tests_browserActions.navigateForward]
################################################################################################################################################
[ReportManager] Target URL: [https://www.google.com/ncr], and after redirection: [https://www.google.com] @14-10-2021 01:56:29.0848 AM
[ReportManager] Initial URL: [https://duckduckgo.com] @14-10-2021 01:56:29.0912 AM
[ReportManager] Browser Action [NavigateToURL] successfully performed. With the following test data [https://www.google.com/ncr]. @14-10-2021 01:56:30.0797 AM
[ReportManager] Browser Action [NavigateBack] successfully performed. With the following test data [https://duckduckgo.com/]. @14-10-2021 01:56:31.0190 AM
[ReportManager] Browser Action [NavigateForward] successfully performed. With the following test data [https://www.google.com/]. @14-10-2021 01:56:31.0639 A
[ReportManager] Target URL: [https://duckduckgo.com] @14-10-2021 01:56:31.0644 AM
[ReportManager] Initial URL: [https://www.google.com] @14-10-2021 01:56:31.0723 AM
[ReportManager] Browser Action [NavigateToURL] successfully performed. With the following test data [https://duckduckgo.com]. @14-10-2021 01:56:32.0220 AM
[ReportManager] Browser Action [CloseCurrentWindow] successfully performed. @14-10-2021 01:56:32.0340 AM
[ReportManager] Successfully created attachment [Browser Action Test Data - CloseCurrentWindow - Actual Value] @14-10-2021 01:56:32.0341 A
[ReportManager] File Action [GetAbsolutePath] successfully performed. With the following test data [Relative Folder Path: "target/downloadedFiles/"]. @14-10-2021 01:56:32.0343 AM
[ReportManager] Attempting to run remotely on: [Linux-64], [GoogleChrome], [http://localhost:4444/wd/hub], Headless Execution. @14-10-2021 01:56:32.0343 AM
[ReportManager] Successfully Opened [GoogleChrome]. @14-10-2021 01:56:32.0552 AM
[ReportManager] Target URL: [https://duckduckgo.com] @14-10-2021 01:56:32.0573 AM
[ReportManager] Initial URL: [data:,] @14-10-2021 01:56:32.0618 AM
[ReportManager] Browser Action [NavigateToURL] successfully performed. With the following test data [https://duckduckgo.com]. @14-10-2021 01:56:33.0121 A

################################################################################################################################################
Starting Execution:	[59 out of 143] test cases in the current suite
Test Method:		[unitTests.tests_browserActions.navigateToURL]
################################################################################################################################################
[ReportManager] Target URL: [https://duckduckgo.com] @14-10-2021 01:56:33.0131 AM
[ReportManager] Initial URL: [https://duckduckgo.com] @14-10-2021 01:56:33.0184 AM
[ReportManager] Browser Action [NavigateToURL] successfully performed. With the following test data [https://duckduckgo.com]. @14-10-2021 01:56:33.0535 A
[ReportManager] Target URL: [https://duckduckgo.com] @14-10-2021 01:56:33.0545 AM
[ReportManager] Initial URL: [https://duckduckgo.com] @14-10-2021 01:56:33.0606 AM
[ReportManager] Browser Action [NavigateToURL] successfully performed. With the following test data [https://duckduckgo.com]. @14-10-2021 01:56:33.0997 AM
[ReportManager] Browser Action [CloseCurrentWindow] successfully performed. @14-10-2021 01:56:34.0104 AM
[ReportManager] Successfully created attachment [Browser Action Test Data - CloseCurrentWindow - Actual Value] @14-10-2021 01:56:34.0105 A
[ReportManager] File Action [GetAbsolutePath] successfully performed. With the following test data [Relative Folder Path: "target/downloadedFiles/"]. @14-10-2021 01:56:34.0108 AM
[ReportManager] Attempting to run remotely on: [Linux-64], [GoogleChrome], [http://localhost:4444/wd/hub], Headless Execution. @14-10-2021 01:56:34.0109 AM
[ReportManager] Successfully Opened [GoogleChrome]. @14-10-2021 01:56:34.0456 AM
[ReportManager] Target URL: [https://duckduckgo.com] @14-10-2021 01:56:34.0467 AM
[ReportManager] Initial URL: [data:,] @14-10-2021 01:56:34.0511 AM
[ReportManager] Browser Action [NavigateToURL] successfully performed. With the following test data [https://duckduckgo.com]. @14-10-2021 01:56:35.0181 A

################################################################################################################################################
Starting Execution:	[60 out of 143] test cases in the current suite
Test Method:		[unitTests.tests_browserActions.navigateToURLWithRedirection]
################################################################################################################################################
[ReportManager] Target URL: [https://www.google.com/ncr], and after redirection: [https://www.google.com] @14-10-2021 01:56:35.0184 AM
[ReportManager] Initial URL: [https://duckduckgo.com] @14-10-2021 01:56:35.0246 AM
[ReportManager] Browser Action [NavigateToURL] successfully performed. With the following test data [https://www.google.com/ncr]. @14-10-2021 01:56:36.0146 A
[ReportManager] Target URL: [https://duckduckgo.com] @14-10-2021 01:56:36.0148 AM
[ReportManager] Initial URL: [https://www.google.com] @14-10-2021 01:56:36.0224 AM
[ReportManager] Browser Action [NavigateToURL] successfully performed. With the following test data [https://duckduckgo.com]. @14-10-2021 01:56:36.0723 AM
[ReportManager] Browser Action [CloseCurrentWindow] successfully performed. @14-10-2021 01:56:36.0825 AM
[ReportManager] Successfully created attachment [Browser Action Test Data - CloseCurrentWindow - Actual Value] @14-10-2021 01:56:36.0826 A
[ReportManager] File Action [GetAbsolutePath] successfully performed. With the following test data [Relative Folder Path: "target/downloadedFiles/"]. @14-10-2021 01:56:36.0834 AM
[ReportManager] Attempting to run remotely on: [Linux-64], [GoogleChrome], [http://localhost:4444/wd/hub], Headless Execution. @14-10-2021 01:56:36.0834 AM
[ReportManager] Successfully Opened [GoogleChrome]. @14-10-2021 01:56:37.0062 AM
[ReportManager] Target URL: [https://duckduckgo.com] @14-10-2021 01:56:37.0083 AM
[ReportManager] Initial URL: [data:,] @14-10-2021 01:56:37.0124 AM
[ReportManager] Browser Action [NavigateToURL] successfully performed. With the following test data [https://duckduckgo.com]. @14-10-2021 01:56:37.0623 A

################################################################################################################################################
Starting Execution:	[61 out of 143] test cases in the current suite
Test Method:		[unitTests.tests_browserActions.refreshCurrentPage]
################################################################################################################################################
[ReportManager] Browser Action [RefreshCurrentPage] successfully performed. @14-10-2021 01:56:37.0811 AM
[ReportManager] Successfully created attachment [Browser Action Test Data - RefreshCurrentPage - Actual Value] @14-10-2021 01:56:37.0811 A
[ReportManager] Target URL: [https://duckduckgo.com] @14-10-2021 01:56:37.0815 AM
[ReportManager] Initial URL: [https://duckduckgo.com] @14-10-2021 01:56:37.0876 AM
[ReportManager] Browser Action [NavigateToURL] successfully performed. With the following test data [https://duckduckgo.com]. @14-10-2021 01:56:38.0168 AM
[ReportManager] Browser Action [CloseCurrentWindow] successfully performed. @14-10-2021 01:56:38.0282 AM
[ReportManager] Successfully created attachment [Browser Action Test Data - CloseCurrentWindow - Actual Value] @14-10-2021 01:56:38.0282 A
[ReportManager] File Action [GetAbsolutePath] successfully performed. With the following test data [Relative Folder Path: "target/downloadedFiles/"]. @14-10-2021 01:56:38.0285 AM
[ReportManager] Attempting to run remotely on: [Linux-64], [GoogleChrome], [http://localhost:4444/wd/hub], Headless Execution. @14-10-2021 01:56:38.0285 AM
[ReportManager] Successfully Opened [GoogleChrome]. @14-10-2021 01:56:38.0540 AM
[ReportManager] Target URL: [https://duckduckgo.com] @14-10-2021 01:56:38.0550 AM
[ReportManager] Initial URL: [data:,] @14-10-2021 01:56:38.0592 AM
[ReportManager] Browser Action [NavigateToURL] successfully performed. With the following test data [https://duckduckgo.com]. @14-10-2021 01:56:39.0100 A

################################################################################################################################################
Starting Execution:	[62 out of 143] test cases in the current suite
Test Method:		[unitTests.tests_browserActions.setWindowSize]
################################################################################################################################################
[ReportManager] Initial window size: (800, 600) @14-10-2021 01:56:39.0112 AM
[ReportManager] Window size after SWD: (1280, 720) @14-10-2021 01:56:39.0337 AM
[ReportManager] Browser Action [SetWindowSize] successfully performed. With the following test data [New screen size is now: (1280, 720)]. @14-10-2021 01:56:39.0337 A
[ReportManager] Target URL: [https://duckduckgo.com] @14-10-2021 01:56:39.0339 AM
[ReportManager] Initial URL: [https://duckduckgo.com] @14-10-2021 01:56:39.0409 AM
[ReportManager] Browser Action [NavigateToURL] successfully performed. With the following test data [https://duckduckgo.com]. @14-10-2021 01:56:39.0727 AM
[ReportManager] Browser Action [CloseCurrentWindow] successfully performed. @14-10-2021 01:56:39.0826 AM
[ReportManager] Successfully created attachment [Browser Action Test Data - CloseCurrentWindow - Actual Value] @14-10-2021 01:56:39.0827 A
[ReportManager] File Action [GetAbsolutePath] successfully performed. With the following test data [Relative Folder Path: "target/downloadedFiles/"]. @14-10-2021 01:56:39.0829 AM
[ReportManager] Attempting to run remotely on: [Linux-64], [GoogleChrome], [http://localhost:4444/wd/hub], Headless Execution. @14-10-2021 01:56:39.0829 AM
[ReportManager] Successfully Opened [GoogleChrome]. @14-10-2021 01:56:40.0048 A

################################################################################################################################################
Starting Execution:	[63 out of 143] test cases in the current suite
Test Method:		[unitTests.tests_element_elementActions.waitForElementToBePresent_false_expectedToFail]
################################################################################################################################################
[ReportManager] Target URL: [https://www.google.com/ncr], and after redirection: [www.google.com] @14-10-2021 01:56:40.0069 AM
[ReportManager] Initial URL: [data:,] @14-10-2021 01:56:40.0110 AM
[ReportManager] Browser Action [NavigateToURL] successfully performed. With the following test data [https://www.google.com/ncr]. @14-10-2021 01:56:40.0932 AM
[ReportManager] Waiting for element to be present; elementLocator [By.xpath: //*[@id='hplogo' or @alt='Google']], numberOfTries[1], stateOfPresence[false]... @14-10-2021 01:56:40.0942 AM
[ReportManager] Element Action [WaitForElementToBePresent] failed. With the following test data [waited for the element's state of presence to be (false). Element locator (By.xpath: //*[@id='hplogo' or @alt='Google'])]. @14-10-2021 01:56:41.0119 AM
[ReportManager] Successfully created attachment [Screenshot - 1634176601053_waitForElementToBePresent_false_expectedToFail_WaitForElementToBePresent_failed] @14-10-2021 01:56:41.0120 A
[ReportManager] Browser Action [CloseCurrentWindow] successfully performed. @14-10-2021 01:56:41.0251 AM
[ReportManager] Successfully created attachment [Browser Action Test Data - CloseCurrentWindow - Actual Value] @14-10-2021 01:56:41.0252 A
[ReportManager] File Action [GetAbsolutePath] successfully performed. With the following test data [Relative Folder Path: "target/downloadedFiles/"]. @14-10-2021 01:56:41.0256 AM
[ReportManager] Attempting to run remotely on: [Linux-64], [GoogleChrome], [http://localhost:4444/wd/hub], Headless Execution. @14-10-2021 01:56:41.0256 AM
[ReportManager] Successfully Opened [GoogleChrome]. @14-10-2021 01:56:41.0462 A

################################################################################################################################################
Starting Execution:	[64 out of 143] test cases in the current suite
Test Method:		[unitTests.tests_element_elementActions.waitForElementToBePresent_false_expectedToPass]
################################################################################################################################################
[ReportManager] Target URL: [https://www.google.com/ncr], and after redirection: [www.google.com] @14-10-2021 01:56:41.0485 AM
[ReportManager] Initial URL: [data:,] @14-10-2021 01:56:41.0524 AM
[ReportManager] Browser Action [NavigateToURL] successfully performed. With the following test data [https://www.google.com/ncr]. @14-10-2021 01:56:42.0344 AM
[ReportManager] Waiting for element to be present; elementLocator [By.id: bla], numberOfTries[1], stateOfPresence[false]... @14-10-2021 01:56:42.0344 AM
[ReportManager] Element Action [WaitForElementToBePresent] successfully performed. With the following test data [waited for the element's state of presence to be (false). Element locator (By.id: bla)]. @14-10-2021 01:56:47.0459 A
[ReportManager] Browser Action [CloseCurrentWindow] successfully performed. @14-10-2021 01:56:47.0580 AM
[ReportManager] Successfully created attachment [Browser Action Test Data - CloseCurrentWindow - Actual Value] @14-10-2021 01:56:47.0584 A
[ReportManager] File Action [GetAbsolutePath] successfully performed. With the following test data [Relative Folder Path: "target/downloadedFiles/"]. @14-10-2021 01:56:47.0587 AM
[ReportManager] Attempting to run remotely on: [Linux-64], [GoogleChrome], [http://localhost:4444/wd/hub], Headless Execution. @14-10-2021 01:56:47.0587 AM
[ReportManager] Successfully Opened [GoogleChrome]. @14-10-2021 01:56:47.0821 A

################################################################################################################################################
Starting Execution:	[65 out of 143] test cases in the current suite
Test Method:		[unitTests.tests_element_elementActions.waitForElementToBePresent_moreThanOneElement_expectedToFail]
################################################################################################################################################
[ReportManager] Target URL: [https://www.google.com/ncr], and after redirection: [www.google.com] @14-10-2021 01:56:47.0839 AM
[ReportManager] Initial URL: [data:,] @14-10-2021 01:56:47.0887 AM
[ReportManager] Browser Action [NavigateToURL] successfully performed. With the following test data [https://www.google.com/ncr]. @14-10-2021 01:56:48.0734 AM
[ReportManager] Waiting for element to be present; elementLocator [By.xpath: //*], numberOfTries[1], stateOfPresence[false]... @14-10-2021 01:56:48.0734 AM
[ReportManager] Element Action [WaitForElementToBePresent] failed. With the following test data [waited for the element's state of presence to be (false). Element locator (By.xpath: //*)]. @14-10-2021 01:56:48.0933 AM
[ReportManager] Successfully created attachment [Screenshot - 1634176608871_waitForElementToBePresent_moreThanOneElement_expectedToFail_WaitForElementToBePresent_failed] @14-10-2021 01:56:48.0933 A
[ReportManager] Browser Action [CloseCurrentWindow] successfully performed. @14-10-2021 01:56:49.0057 AM
[ReportManager] Successfully created attachment [Browser Action Test Data - CloseCurrentWindow - Actual Value] @14-10-2021 01:56:49.0058 A
[ReportManager] File Action [GetAbsolutePath] successfully performed. With the following test data [Relative Folder Path: "target/downloadedFiles/"]. @14-10-2021 01:56:49.0062 AM
[ReportManager] Attempting to run remotely on: [Linux-64], [GoogleChrome], [http://localhost:4444/wd/hub], Headless Execution. @14-10-2021 01:56:49.0062 AM
[ReportManager] Successfully Opened [GoogleChrome]. @14-10-2021 01:56:49.0298 A

################################################################################################################################################
Starting Execution:	[66 out of 143] test cases in the current suite
Test Method:		[unitTests.tests_element_elementActions.waitForElementToBePresent_true_expectedToFail]
################################################################################################################################################
[ReportManager] Target URL: [https://www.google.com/ncr], and after redirection: [www.google.com] @14-10-2021 01:56:49.0310 AM
[ReportManager] Initial URL: [data:,] @14-10-2021 01:56:49.0351 AM
[ReportManager] Browser Action [NavigateToURL] successfully performed. With the following test data [https://www.google.com/ncr]. @14-10-2021 01:56:50.0186 AM
[ReportManager] Waiting for element to be present; elementLocator [By.id: bla], numberOfTries[1], stateOfPresence[true]... @14-10-2021 01:56:50.0186 AM
[ReportManager] Element Action [WaitForElementToBePresent] failed. With the following test data [waited for the element's state of presence to be (true). Element locator (By.id: bla)]. @14-10-2021 01:56:55.0436 AM
[ReportManager] Successfully created attachment [Screenshot - 1634176615368_waitForElementToBePresent_true_expectedToFail_WaitForElementToBePresent_failed] @14-10-2021 01:56:55.0437 A
[ReportManager] Browser Action [CloseCurrentWindow] successfully performed. @14-10-2021 01:56:55.0564 AM
[ReportManager] Successfully created attachment [Browser Action Test Data - CloseCurrentWindow - Actual Value] @14-10-2021 01:56:55.0565 A
[ReportManager] File Action [GetAbsolutePath] successfully performed. With the following test data [Relative Folder Path: "target/downloadedFiles/"]. @14-10-2021 01:56:55.0568 AM
[ReportManager] Attempting to run remotely on: [Linux-64], [GoogleChrome], [http://localhost:4444/wd/hub], Headless Execution. @14-10-2021 01:56:55.0568 AM
[ReportManager] Successfully Opened [GoogleChrome]. @14-10-2021 01:56:55.0782 A

################################################################################################################################################
Starting Execution:	[67 out of 143] test cases in the current suite
Test Method:		[unitTests.tests_element_elementActions.waitForElementToBePresent_true_expectedToPass]
################################################################################################################################################
[ReportManager] Target URL: [https://www.google.com/ncr], and after redirection: [www.google.com] @14-10-2021 01:56:55.0798 AM
[ReportManager] Initial URL: [data:,] @14-10-2021 01:56:55.0843 AM
[ReportManager] Browser Action [NavigateToURL] successfully performed. With the following test data [https://www.google.com/ncr]. @14-10-2021 01:56:56.0692 AM
[ReportManager] Waiting for element to be present; elementLocator [By.xpath: //*[@id='hplogo' or @alt='Google']], numberOfTries[1], stateOfPresence[true]... @14-10-2021 01:56:56.0693 AM
[ReportManager] Element Action [WaitForElementToBePresent] successfully performed. With the following test data [waited for the element's state of presence to be (true). Element locator (By.xpath: //*[@id='hplogo' or @alt='Google'])]. @14-10-2021 01:56:56.0751 AM
[ReportManager] File Action [DoesFileExist] successfully performed. With the following test data [File Path: "src/test/resources/DynamicObjectRepository/unitTests_tests_element_elementActions_waitForElementToBePresent_true_expectedToPass_By_xpath_id_hplogo_or_alt_Google.png"]. @14-10-2021 01:56:56.0754 AM
[ReportManager] File Action [DoesFileExist] successfully performed. With the following test data [File Path: "src/test/resources/DynamicObjectRepository/unitTests_tests_element_elementActions_waitForElementToBePresent_true_expectedToPass_By_xpath_id_hplogo_or_alt_Google.png"]. @14-10-2021 01:56:56.0932 AM
[ReportManager] Passing the test and saving a reference image @14-10-2021 01:56:56.0932 AM
[ReportManager] File Action [GetAbsolutePath] successfully performed. With the following test data [Relative File Path: "src/test/resources/DynamicObjectRepository/unitTests_tests_element_elementActions_waitForElementToBePresent_true_expectedToPass_By_xpath_id_hplogo_or_alt_Google.png"]. @14-10-2021 01:56:56.0932 AM
[ReportManager] File Action [WriteToFile] successfully performed. With the following test data [Target File Path: "/home/runner/work/SHAFT_ENGINE/SHAFT_ENGINE/src/test/resources/DynamicObjectRepository/unitTests_tests_element_elementActions_waitForElementToBePresent_true_expectedToPass_By_xpath_id_hplogo_or_alt_Google.png"]. @14-10-2021 01:56:56.0934 AM
[ReportManager] Assertion Passed: Using Visual AI; OpenCV @14-10-2021 01:56:56.0935 AM
[ReportManager] Successfully created attachment [Validation Test Data - Actual Screenshot] @14-10-2021 01:56:56.0935 AM
[ReportManager] Assertion [ValidateElementMatches] PASSED. Expected [Element should match the reference screenshot] and Actual [TRUE]. Comparison Type [EXACT_OPENCV]. Validation Type [POSITIVE]. @14-10-2021 01:56:56.0935 A
[ReportManager] Browser Action [CloseCurrentWindow] successfully performed. @14-10-2021 01:56:57.0056 AM
[ReportManager] Successfully created attachment [Browser Action Test Data - CloseCurrentWindow - Actual Value] @14-10-2021 01:56:57.0057 A
[ReportManager] Successfully loaded the following test data file [src/test/resources/TestDataFiles/testSuite01/TestData.xlsx]. @14-10-2021 01:56:57.0790 AM
[ReportManager] Successfully created attachment [Test Data - Excel] @14-10-2021 01:56:57.0791 A

################################################################################################################################################
Starting Execution:	[68 out of 143] test cases in the current suite
Test Method:		[unitTests.tests_io_excelFileManager.getCellData_rowName_expectedToPass]
################################################################################################################################################
[ReportManager] testRowData. @14-10-2021 01:56:57.0804 A

################################################################################################################################################
Starting Execution:	[69 out of 143] test cases in the current suite
Test Method:		[testPackage01.Test_testData.f]
################################################################################################################################################
[ReportManager] Successfully loaded the following test data file [src/test/resources/TestDataFiles/testSuite01/TestData.xlsx]. @14-10-2021 01:56:57.0837 AM
[ReportManager] Successfully created attachment [Test Data - Excel] @14-10-2021 01:56:57.0838 AM
[ReportManager] Last Column Number is: [3]. Zero-based. @14-10-2021 01:56:57.0838 A

################################################################################################################################################
Starting Execution:	[70 out of 143] test cases in the current suite
Test Method:		[testPackage01.Test_SkipDueToIssue.doNotSkip]
################################################################################################################################################
[ReportManager] This should not be skipped. @14-10-2021 01:56:57.0841 A

################################################################################################################################################
Starting Execution:	[71 out of 143] test cases in the current suite
Test Method:		[testPackage01.Test_SkipDueToIssue.skip]
################################################################################################################################################
[ReportManager] This should be skipped. @14-10-2021 01:56:57.0848 A

################################################################################################################################################
Starting Execution:	[72 out of 143] test cases in the current suite
Test Method:		[testPackage01.Test_SkipDueToIssue.skip2]
################################################################################################################################################
[ReportManager] This should be skipped. @14-10-2021 01:56:57.0855 A

################################################################################################################################################
Starting Execution:	[73 out of 143] test cases in the current suite
Test Method:		[testPackage01.Test_chainableElementActions.chainElementActions]
################################################################################################################################################
[ReportManager] File Action [GetAbsolutePath] successfully performed. With the following test data [Relative Folder Path: "target/downloadedFiles/"]. @14-10-2021 01:56:57.0860 AM
[ReportManager] Attempting to run remotely on: [Linux-64], [GoogleChrome], [http://localhost:4444/wd/hub], Headless Execution. @14-10-2021 01:56:57.0860 AM
[ReportManager] Successfully Opened [GoogleChrome]. @14-10-2021 01:56:58.0157 AM
[ReportManager] Target URL: [https://www.google.com/ncr], and after redirection: [https://www.google.com] @14-10-2021 01:56:58.0168 AM
[ReportManager] Initial URL: [data:,] @14-10-2021 01:56:58.0219 AM
[ReportManager] Browser Action [NavigateToURL] successfully performed. With the following test data [https://www.google.com/ncr]. @14-10-2021 01:56:59.0218 AM
[ReportManager] Element Action [Type] successfully performed. With the following test data [chained type 1]. @14-10-2021 01:56:59.0593 AM
[ReportManager] Element Action [Type] successfully performed. With the following test data [chained type 2]. @14-10-2021 01:56:59.0922 AM
[ReportManager] Element Action [TypeAppend] successfully performed. With the following test data [345]. @14-10-2021 01:57:00.0016 AM
[ReportManager] Element Action [GetText] successfully performed. With the following test data [chained type 2345]. @14-10-2021 01:57:00.0139 AM
[ReportManager] Loaded Shared OpenCV @14-10-2021 01:57:00.0272 AM
[ReportManager] Assertion [ValidateElementAttribute] PASSED. Expected [Value Should be 'chained type 2345' for the 'text' attribute, element locator 'By.name: q'] and Actual [chained type 2345]. Comparison Type [EQUALS]. Validation Type [POSITIVE]. @14-10-2021 01:57:00.0351 AM
[ReportManager] Successfully created attachment [Screenshot - 1634176620272_chainElementActions_ValidateElementAttribute_passed] @14-10-2021 01:57:00.0352 AM
[ReportManager] Browser Action [CloseCurrentWindow] successfully performed. @14-10-2021 01:57:00.0465 AM
[ReportManager] Successfully created attachment [Browser Action Test Data - CloseCurrentWindow - Actual Value] @14-10-2021 01:57:00.0466 A

################################################################################################################################################
Starting Execution:	[74 out of 143] test cases in the current suite
Test Method:		[testPackage01.Test_NewValidationHelper.f1]
################################################################################################################################################
[ReportManager] Assertion Passed: Checking valid user data @14-10-2021 01:57:00.0476 AM
[ReportManager] Successfully created attachment [Validation Test Data - Expected Value] @14-10-2021 01:57:00.0477 AM
[ReportManager] Successfully created attachment [Validation Test Data - Actual Value] @14-10-2021 01:57:00.0477 AM
[ReportManager] Assertion [ValidateEquals] PASSED. Expected and Actual values are attached. Comparison Type [EQUALS]. Validation Type [POSITIVE]. @14-10-2021 01:57:00.0477 A
[ReportManager] File Action [GetAbsolutePath] successfully performed. With the following test data [Relative Folder Path: "target/downloadedFiles/"]. @14-10-2021 01:57:00.0479 AM
[ReportManager] Attempting to run remotely on: [Linux-64], [GoogleChrome], [http://localhost:4444/wd/hub], Headless Execution. @14-10-2021 01:57:00.0479 AM
[ReportManager] Successfully Opened [GoogleChrome]. @14-10-2021 01:57:00.0670 AM
[ReportManager] Target URL: [https://the-internet.herokuapp.com/] @14-10-2021 01:57:00.0682 AM
[ReportManager] Initial URL: [data:,] @14-10-2021 01:57:00.0725 AM
[ReportManager] Browser Action [NavigateToURL] successfully performed. With the following test data [https://the-internet.herokuapp.com/]. @14-10-2021 01:57:01.0944 A

################################################################################################################################################
Starting Execution:	[75 out of 143] test cases in the current suite
Test Method:		[testPackage01.Test_NewValidationHelper.f10]
################################################################################################################################################
[ReportManager] Assertion [ValidateElementExists] FAILED. Expected [Element Should Exist, locator 'By.tagName: div'] and Actual [Element Exists but is not unique]. Comparison Type [EQUALS]. Validation Type [POSITIVE]. @14-10-2021 01:57:02.0211 AM
[ReportManager] Successfully created attachment [Screenshot - 1634176622131_f10_ValidateElementExists_failed] @14-10-2021 01:57:02.0212 A
[ReportManager] Successfully Closed All Drivers. @14-10-2021 01:57:02.0282 A
[ReportManager] File Action [GetAbsolutePath] successfully performed. With the following test data [Relative Folder Path: "target/downloadedFiles/"]. @14-10-2021 01:57:02.0284 AM
[ReportManager] Attempting to run remotely on: [Linux-64], [GoogleChrome], [http://localhost:4444/wd/hub], Headless Execution. @14-10-2021 01:57:02.0284 AM
[ReportManager] Successfully Opened [GoogleChrome]. @14-10-2021 01:57:02.0487 AM
[ReportManager] Target URL: [https://the-internet.herokuapp.com/] @14-10-2021 01:57:02.0497 AM
[ReportManager] Initial URL: [data:,] @14-10-2021 01:57:02.0578 AM
[ReportManager] Browser Action [NavigateToURL] successfully performed. With the following test data [https://the-internet.herokuapp.com/]. @14-10-2021 01:57:03.0744 A

################################################################################################################################################
Starting Execution:	[76 out of 143] test cases in the current suite
Test Method:		[testPackage01.Test_NewValidationHelper.f11]
################################################################################################################################################
[ReportManager] Assertion Passed: Checking that false tag doesn't exist @14-10-2021 01:57:14.0166 AM
[ReportManager] Successfully created attachment [Screenshot - 1634176634065_f11_ValidateElementExists_passed] @14-10-2021 01:57:14.0166 AM
[ReportManager] Assertion [ValidateElementExists] PASSED. Expected [Element Should not Exist, locator 'By.tagName: h3'] and Actual [Element Doesn't Exists]. Comparison Type [EQUALS]. Validation Type [NEGATIVE]. @14-10-2021 01:57:14.0167 A
[ReportManager] Successfully Closed All Drivers. @14-10-2021 01:57:14.0240 A
[ReportManager] File Action [GetAbsolutePath] successfully performed. With the following test data [Relative Folder Path: "target/downloadedFiles/"]. @14-10-2021 01:57:14.0242 AM
[ReportManager] Attempting to run remotely on: [Linux-64], [GoogleChrome], [http://localhost:4444/wd/hub], Headless Execution. @14-10-2021 01:57:14.0242 AM
[ReportManager] Successfully Opened [GoogleChrome]. @14-10-2021 01:57:14.0468 AM
[ReportManager] Target URL: [https://the-internet.herokuapp.com/] @14-10-2021 01:57:14.0478 AM
[ReportManager] Initial URL: [data:,] @14-10-2021 01:57:14.0515 AM
[ReportManager] Browser Action [NavigateToURL] successfully performed. With the following test data [https://the-internet.herokuapp.com/]. @14-10-2021 01:57:15.0738 A

################################################################################################################################################
Starting Execution:	[77 out of 143] test cases in the current suite
Test Method:		[testPackage01.Test_NewValidationHelper.f12]
################################################################################################################################################
[ReportManager] Loaded Shared OpenCV @14-10-2021 01:57:15.0945 AM
[ReportManager] Assertion [ValidateElementExists] FAILED. Expected [Element Should not Exist, locator 'By.tagName: h1'] and Actual [Element Exists]. Comparison Type [EQUALS]. Validation Type [NEGATIVE]. @14-10-2021 01:57:16.0026 AM
[ReportManager] Successfully created attachment [Screenshot - 1634176635945_f12_ValidateElementExists_failed] @14-10-2021 01:57:16.0027 A
[ReportManager] Successfully Closed All Drivers. @14-10-2021 01:57:16.0107 A
[ReportManager] File Action [GetAbsolutePath] successfully performed. With the following test data [Relative Folder Path: "target/downloadedFiles/"]. @14-10-2021 01:57:16.0109 AM
[ReportManager] Attempting to run remotely on: [Linux-64], [GoogleChrome], [http://localhost:4444/wd/hub], Headless Execution. @14-10-2021 01:57:16.0109 AM
[ReportManager] Successfully Opened [GoogleChrome]. @14-10-2021 01:57:16.0310 AM
[ReportManager] Target URL: [https://the-internet.herokuapp.com/] @14-10-2021 01:57:16.0319 AM
[ReportManager] Initial URL: [data:,] @14-10-2021 01:57:16.0377 AM
[ReportManager] Browser Action [NavigateToURL] successfully performed. With the following test data [https://the-internet.herokuapp.com/]. @14-10-2021 01:57:17.0573 A

################################################################################################################################################
Starting Execution:	[78 out of 143] test cases in the current suite
Test Method:		[testPackage01.Test_NewValidationHelper.f13]
################################################################################################################################################
[ReportManager] Assertion [ValidateElementExists] FAILED. Expected [Element Should not Exist, locator 'By.tagName: div'] and Actual [Element Exists but is not unique]. Comparison Type [EQUALS]. Validation Type [NEGATIVE]. @14-10-2021 01:57:17.0831 AM
[ReportManager] Successfully created attachment [Screenshot - 1634176637759_f13_ValidateElementExists_failed] @14-10-2021 01:57:17.0832 A
[ReportManager] Successfully Closed All Drivers. @14-10-2021 01:57:17.0905 A
[ReportManager] File Action [GetAbsolutePath] successfully performed. With the following test data [Relative Folder Path: "target/downloadedFiles/"]. @14-10-2021 01:57:17.0907 AM
[ReportManager] Attempting to run remotely on: [Linux-64], [GoogleChrome], [http://localhost:4444/wd/hub], Headless Execution. @14-10-2021 01:57:17.0907 AM
[ReportManager] Successfully Opened [GoogleChrome]. @14-10-2021 01:57:18.0140 AM
[ReportManager] Target URL: [https://the-internet.herokuapp.com/] @14-10-2021 01:57:18.0152 AM
[ReportManager] Initial URL: [data:,] @14-10-2021 01:57:18.0195 AM
[ReportManager] Browser Action [NavigateToURL] successfully performed. With the following test data [https://the-internet.herokuapp.com/]. @14-10-2021 01:57:19.0404 A

################################################################################################################################################
Starting Execution:	[79 out of 143] test cases in the current suite
Test Method:		[testPackage01.Test_NewValidationHelper.f14]
################################################################################################################################################
[ReportManager] Element Action [GetText] successfully performed. With the following test data [Welcome to the-internet]. @14-10-2021 01:57:19.0497 AM
[ReportManager] Loaded Shared OpenCV @14-10-2021 01:57:19.0646 AM
[ReportManager] Assertion Passed: Asserting that the header text is correct @14-10-2021 01:57:19.0731 AM
[ReportManager] Successfully created attachment [Screenshot - 1634176639646_f14_ValidateElementAttribute_passed] @14-10-2021 01:57:19.0732 AM
[ReportManager] Assertion [ValidateElementAttribute] PASSED. Expected [Value Should be 'Welcome to the-internet' for the 'text' attribute, element locator 'By.tagName: h1'] and Actual [Welcome to the-internet]. Comparison Type [EQUALS]. Validation Type [POSITIVE]. @14-10-2021 01:57:19.0732 A
[ReportManager] Successfully Closed All Drivers. @14-10-2021 01:57:19.0807 A
[ReportManager] File Action [GetAbsolutePath] successfully performed. With the following test data [Relative Folder Path: "target/downloadedFiles/"]. @14-10-2021 01:57:19.0809 AM
[ReportManager] Attempting to run remotely on: [Linux-64], [GoogleChrome], [http://localhost:4444/wd/hub], Headless Execution. @14-10-2021 01:57:19.0809 AM
[ReportManager] Successfully Opened [GoogleChrome]. @14-10-2021 01:57:20.0007 AM
[ReportManager] Target URL: [https://the-internet.herokuapp.com/] @14-10-2021 01:57:20.0023 AM
[ReportManager] Initial URL: [data:,] @14-10-2021 01:57:20.0061 AM
[ReportManager] Browser Action [NavigateToURL] successfully performed. With the following test data [https://the-internet.herokuapp.com/]. @14-10-2021 01:57:21.0248 A

################################################################################################################################################
Starting Execution:	[80 out of 143] test cases in the current suite
Test Method:		[testPackage01.Test_NewValidationHelper.f15]
################################################################################################################################################
[ReportManager] Element Action [GetText] successfully performed. With the following test data [Welcome to the-internet]. @14-10-2021 01:57:21.0331 AM
[ReportManager] Loaded Shared OpenCV @14-10-2021 01:57:21.0477 AM
[ReportManager] Assertion [ValidateElementAttribute] FAILED. Expected [Value Should not be 'Welcome' for the 'text' attribute, element locator 'By.tagName: h1'] and Actual [Welcome to the-internet]. Comparison Type [CONTAINS]. Validation Type [NEGATIVE]. @14-10-2021 01:57:21.0559 AM
[ReportManager] Successfully created attachment [Screenshot - 1634176641477_f15_ValidateElementAttribute_failed] @14-10-2021 01:57:21.0560 A
[ReportManager] Successfully Closed All Drivers. @14-10-2021 01:57:21.0634 A
[ReportManager] File Action [GetAbsolutePath] successfully performed. With the following test data [Relative Folder Path: "target/downloadedFiles/"]. @14-10-2021 01:57:21.0637 AM
[ReportManager] Attempting to run remotely on: [Linux-64], [GoogleChrome], [http://localhost:4444/wd/hub], Headless Execution. @14-10-2021 01:57:21.0637 AM
[ReportManager] Successfully Opened [GoogleChrome]. @14-10-2021 01:57:21.0873 AM
[ReportManager] Target URL: [https://the-internet.herokuapp.com/] @14-10-2021 01:57:21.0883 AM
[ReportManager] Initial URL: [data:,] @14-10-2021 01:57:21.0931 AM
[ReportManager] Browser Action [NavigateToURL] successfully performed. With the following test data [https://the-internet.herokuapp.com/]. @14-10-2021 01:57:23.0109 A

################################################################################################################################################
Starting Execution:	[81 out of 143] test cases in the current suite
Test Method:		[testPackage01.Test_NewValidationHelper.f16]
################################################################################################################################################
[ReportManager] Element Action [IdentifyUniqueElement] failed. With the following test data [zero elements found matching this locator "By.tagName: h3".]. @14-10-2021 01:57:48.0690 AM
[ReportManager] Successfully created attachment [Screenshot - 1634176668625_f16_IdentifyUniqueElement_failed] @14-10-2021 01:57:48.0690 AM
[ReportManager] Assertion [ValidateElementAttribute] FAILED. Expected [Value Should not be 'Welcome' for the 'text' attribute, element locator 'By.tagName: h3'] and Actual [Failed to read the desired element attribute]. Comparison Type [CONTAINS]. Validation Type [NEGATIVE]. @14-10-2021 01:57:48.0691 A
[ReportManager] Successfully Closed All Drivers. @14-10-2021 01:57:48.0764 A
[ReportManager] File Action [GetAbsolutePath] successfully performed. With the following test data [Relative Folder Path: "target/downloadedFiles/"]. @14-10-2021 01:57:48.0768 AM
[ReportManager] Attempting to run remotely on: [Linux-64], [GoogleChrome], [http://localhost:4444/wd/hub], Headless Execution. @14-10-2021 01:57:48.0768 AM
[ReportManager] Successfully Opened [GoogleChrome]. @14-10-2021 01:57:48.0968 AM
[ReportManager] Target URL: [https://the-internet.herokuapp.com/] @14-10-2021 01:57:48.0980 AM
[ReportManager] Initial URL: [data:,] @14-10-2021 01:57:49.0019 AM
[ReportManager] Browser Action [NavigateToURL] successfully performed. With the following test data [https://the-internet.herokuapp.com/]. @14-10-2021 01:57:50.0222 A

################################################################################################################################################
Starting Execution:	[82 out of 143] test cases in the current suite
Test Method:		[testPackage01.Test_NewValidationHelper.f17]
################################################################################################################################################
[ReportManager] Attempting to getAttribute [text2] from elementLocator [By.tagName: h1]. @14-10-2021 01:57:50.0225 AM
[ReportManager] Element Action [GetAttribute] successfully performed. @14-10-2021 01:57:50.0313 AM
[ReportManager] Loaded Shared OpenCV @14-10-2021 01:57:50.0460 AM
[ReportManager] Assertion [ValidateElementAttribute] PASSED. Expected [Value Should not be 'Welcome' for the 'text2' attribute, element locator 'By.tagName: h1'] and Actual [null]. Comparison Type [CONTAINS]. Validation Type [NEGATIVE]. @14-10-2021 01:57:50.0545 AM
[ReportManager] Successfully created attachment [Screenshot - 1634176670460_f17_ValidateElementAttribute_passed] @14-10-2021 01:57:50.0546 A
[ReportManager] Successfully Closed All Drivers. @14-10-2021 01:57:50.0628 A
[ReportManager] File Action [GetAbsolutePath] successfully performed. With the following test data [Relative Folder Path: "target/downloadedFiles/"]. @14-10-2021 01:57:50.0633 AM
[ReportManager] Attempting to run remotely on: [Linux-64], [GoogleChrome], [http://localhost:4444/wd/hub], Headless Execution. @14-10-2021 01:57:50.0633 AM
[ReportManager] Successfully Opened [GoogleChrome]. @14-10-2021 01:57:50.0861 AM
[ReportManager] Target URL: [https://the-internet.herokuapp.com/] @14-10-2021 01:57:50.0873 AM
[ReportManager] Initial URL: [data:,] @14-10-2021 01:57:50.0929 AM
[ReportManager] Browser Action [NavigateToURL] successfully performed. With the following test data [https://the-internet.herokuapp.com/]. @14-10-2021 01:57:52.0187 A

################################################################################################################################################
Starting Execution:	[83 out of 143] test cases in the current suite
Test Method:		[testPackage01.Test_NewValidationHelper.f18]
################################################################################################################################################
[ReportManager] Element Action [GetText] successfully performed. With the following test data [Welcome to the-internet]. @14-10-2021 01:57:52.0269 AM
[ReportManager] Loaded Shared OpenCV @14-10-2021 01:57:52.0427 AM
[ReportManager] Assertion [ValidateElementAttribute] PASSED. Expected [Value Should not be 'no' for the 'text' attribute, element locator 'By.tagName: h1'] and Actual [Welcome to the-internet]. Comparison Type [CONTAINS]. Validation Type [NEGATIVE]. @14-10-2021 01:57:52.0533 AM
[ReportManager] Successfully created attachment [Screenshot - 1634176672427_f18_ValidateElementAttribute_passed] @14-10-2021 01:57:52.0535 A
[ReportManager] Successfully Closed All Drivers. @14-10-2021 01:57:52.0613 A

################################################################################################################################################
Starting Execution:	[84 out of 143] test cases in the current suite
Test Method:		[testPackage01.Test_NewValidationHelper.f2]
################################################################################################################################################
[ReportManager] Assertion Failed: Checking valid user data @14-10-2021 01:57:52.0617 AM
[ReportManager] Assertion [ValidateEquals] FAILED. Expected [1] and Actual [2]. Comparison Type [EQUALS]. Validation Type [POSITIVE]. @14-10-2021 01:57:52.0617 A
[ReportManager] File Action [GetAbsolutePath] successfully performed. With the following test data [Relative Folder Path: "target/downloadedFiles/"]. @14-10-2021 01:57:52.0619 AM
[ReportManager] Attempting to run remotely on: [Linux-64], [GoogleChrome], [http://localhost:4444/wd/hub], Headless Execution. @14-10-2021 01:57:52.0619 AM
[ReportManager] Successfully Opened [GoogleChrome]. @14-10-2021 01:57:52.0823 AM
[ReportManager] Target URL: [https://the-internet.herokuapp.com/] @14-10-2021 01:57:52.0840 AM
[ReportManager] Initial URL: [data:,] @14-10-2021 01:57:52.0892 AM
[ReportManager] Browser Action [NavigateToURL] successfully performed. With the following test data [https://the-internet.herokuapp.com/]. @14-10-2021 01:57:54.0088 A

################################################################################################################################################
Starting Execution:	[85 out of 143] test cases in the current suite
Test Method:		[testPackage01.Test_NewValidationHelper.f20]
################################################################################################################################################
[ReportManager] Element Action [GetSize] successfully performed. With the following test data [(755, 61)]. @14-10-2021 01:57:54.0182 AM
[ReportManager] Loaded Shared OpenCV @14-10-2021 01:57:54.0320 AM
[ReportManager] Assertion [ValidateElementAttribute] PASSED. Expected [Value Should not be 'a' for the 'size' attribute, element locator 'By.tagName: h1'] and Actual [(755, 61)]. Comparison Type [CONTAINS]. Validation Type [NEGATIVE]. @14-10-2021 01:57:54.0422 AM
[ReportManager] Successfully created attachment [Screenshot - 1634176674320_f20_ValidateElementAttribute_passed] @14-10-2021 01:57:54.0423 A
[ReportManager] Successfully Closed All Drivers. @14-10-2021 01:57:54.0497 A
[ReportManager] File Action [GetAbsolutePath] successfully performed. With the following test data [Relative Folder Path: "target/downloadedFiles/"]. @14-10-2021 01:57:54.0500 AM
[ReportManager] Attempting to run remotely on: [Linux-64], [GoogleChrome], [http://localhost:4444/wd/hub], Headless Execution. @14-10-2021 01:57:54.0500 AM
[ReportManager] Successfully Opened [GoogleChrome]. @14-10-2021 01:57:54.0728 AM
[ReportManager] Target URL: [https://the-internet.herokuapp.com/] @14-10-2021 01:57:54.0739 AM
[ReportManager] Initial URL: [data:,] @14-10-2021 01:57:54.0794 AM
[ReportManager] Browser Action [NavigateToURL] successfully performed. With the following test data [https://the-internet.herokuapp.com/]. @14-10-2021 01:57:55.0967 A

################################################################################################################################################
Starting Execution:	[86 out of 143] test cases in the current suite
Test Method:		[testPackage01.Test_NewValidationHelper.f21]
################################################################################################################################################
[ReportManager] Element Action [IdentifyUniqueElement] failed. With the following test data [zero elements found matching this locator "By.tagName: h3".]. @14-10-2021 01:58:21.0542 AM
[ReportManager] Successfully created attachment [Screenshot - 1634176701475_f21_IdentifyUniqueElement_failed] @14-10-2021 01:58:21.0543 AM
[ReportManager] Assertion [ValidateElementAttribute] FAILED. Expected [Value Should be 'Welcome' for the 'text' attribute, element locator 'By.tagName: h3'] and Actual [Failed to read the desired element attribute]. Comparison Type [CONTAINS]. Validation Type [POSITIVE]. @14-10-2021 01:58:21.0543 A
[ReportManager] Successfully Closed All Drivers. @14-10-2021 01:58:21.0618 A
[ReportManager] File Action [GetAbsolutePath] successfully performed. With the following test data [Relative Folder Path: "target/downloadedFiles/"]. @14-10-2021 01:58:21.0620 AM
[ReportManager] Attempting to run remotely on: [Linux-64], [GoogleChrome], [http://localhost:4444/wd/hub], Headless Execution. @14-10-2021 01:58:21.0620 AM
[ReportManager] Successfully Opened [GoogleChrome]. @14-10-2021 01:58:21.0834 AM
[ReportManager] Target URL: [https://the-internet.herokuapp.com/] @14-10-2021 01:58:21.0848 AM
[ReportManager] Initial URL: [data:,] @14-10-2021 01:58:21.0898 AM
[ReportManager] Browser Action [NavigateToURL] successfully performed. With the following test data [https://the-internet.herokuapp.com/]. @14-10-2021 01:58:23.0098 A

################################################################################################################################################
Starting Execution:	[87 out of 143] test cases in the current suite
Test Method:		[testPackage01.Test_NewValidationHelper.f22]
################################################################################################################################################
[ReportManager] Element Action [GetText] successfully performed. With the following test data [Welcome to the-internet]. @14-10-2021 01:58:23.0194 AM
[ReportManager] Loaded Shared OpenCV @14-10-2021 01:58:23.0342 AM
[ReportManager] Assertion [ValidateElementAttribute] FAILED. Expected [Value Should be 'yyy' for the 'text' attribute, element locator 'By.tagName: h1'] and Actual [Welcome to the-internet]. Comparison Type [CONTAINS]. Validation Type [POSITIVE]. @14-10-2021 01:58:23.0427 AM
[ReportManager] Successfully created attachment [Screenshot - 1634176703342_f22_ValidateElementAttribute_failed] @14-10-2021 01:58:23.0428 A
[ReportManager] Successfully Closed All Drivers. @14-10-2021 01:58:23.0500 A

################################################################################################################################################
Starting Execution:	[88 out of 143] test cases in the current suite
Test Method:		[testPackage01.Test_NewValidationHelper.f23]
################################################################################################################################################
[ReportManager] Assertion Passed: confirming that the actual is greater than or equal to the expected @14-10-2021 01:58:23.0503 AM
[ReportManager] Assertion [ValidateComparativeRelation] PASSED. Expected [1] and Actual [1]. Comparison Type [GREATER_THAN_OR_EQUALS]. Validation Type [POSITIVE]. @14-10-2021 01:58:23.0503 A

################################################################################################################################################
Starting Execution:	[89 out of 143] test cases in the current suite
Test Method:		[testPackage01.Test_NewValidationHelper.f24]
################################################################################################################################################
[ReportManager] Assertion [ValidateComparativeRelation] PASSED. Expected [1] and Actual [10]. Comparison Type [GREATER_THAN_OR_EQUALS]. Validation Type [POSITIVE]. @14-10-2021 01:58:23.0506 A

################################################################################################################################################
Starting Execution:	[90 out of 143] test cases in the current suite
Test Method:		[testPackage01.Test_NewValidationHelper.f25]
################################################################################################################################################
[ReportManager] Assertion [ValidateComparativeRelation] PASSED. Expected [1] and Actual [1]. Comparison Type [EQUALS]. Validation Type [POSITIVE]. @14-10-2021 01:58:23.0509 A

################################################################################################################################################
Starting Execution:	[91 out of 143] test cases in the current suite
Test Method:		[testPackage01.Test_NewValidationHelper.f26]
################################################################################################################################################
[ReportManager] Assertion [ValidateComparativeRelation] PASSED. Expected [1] and Actual [5]. Comparison Type [GREATER_THAN]. Validation Type [POSITIVE]. @14-10-2021 01:58:23.0512 A

################################################################################################################################################
Starting Execution:	[92 out of 143] test cases in the current suite
Test Method:		[testPackage01.Test_NewValidationHelper.f27]
################################################################################################################################################
[ReportManager] Assertion [ValidateComparativeRelation] PASSED. Expected [11] and Actual [5]. Comparison Type [LESS_THAN]. Validation Type [POSITIVE]. @14-10-2021 01:58:23.0515 A

################################################################################################################################################
Starting Execution:	[93 out of 143] test cases in the current suite
Test Method:		[testPackage01.Test_NewValidationHelper.f28]
################################################################################################################################################
[ReportManager] Assertion [ValidateComparativeRelation] PASSED. Expected [11] and Actual [5]. Comparison Type [LESS_THAN_OR_EQUALS]. Validation Type [POSITIVE]. @14-10-2021 01:58:23.0518 A

################################################################################################################################################
Starting Execution:	[94 out of 143] test cases in the current suite
Test Method:		[testPackage01.Test_NewValidationHelper.f29]
################################################################################################################################################
[ReportManager] Assertion [ValidateComparativeRelation] PASSED. Expected [11] and Actual [11]. Comparison Type [LESS_THAN_OR_EQUALS]. Validation Type [POSITIVE]. @14-10-2021 01:58:23.0520 A

################################################################################################################################################
Starting Execution:	[95 out of 143] test cases in the current suite
Test Method:		[testPackage01.Test_NewValidationHelper.f3]
################################################################################################################################################
[ReportManager] Assertion [ValidateEquals] PASSED. Expected [1] and Actual [2]. Comparison Type [EQUALS]. Validation Type [NEGATIVE]. @14-10-2021 01:58:23.0525 A

################################################################################################################################################
Starting Execution:	[96 out of 143] test cases in the current suite
Test Method:		[testPackage01.Test_NewValidationHelper.f30]
################################################################################################################################################
[ReportManager] Assertion [ValidateComparativeRelation] FAILED. Expected [-9] and Actual [11]. Comparison Type [LESS_THAN_OR_EQUALS]. Validation Type [POSITIVE]. @14-10-2021 01:58:23.0529 A

################################################################################################################################################
Starting Execution:	[97 out of 143] test cases in the current suite
Test Method:		[testPackage01.Test_NewValidationHelper.f31]
################################################################################################################################################
[ReportManager] Assertion [ValidateTrue] PASSED. Expected [TRUE] and Actual [TRUE]. Validation Type [POSITIVE]. @14-10-2021 01:58:23.0532 A

################################################################################################################################################
Starting Execution:	[98 out of 143] test cases in the current suite
Test Method:		[testPackage01.Test_NewValidationHelper.f32]
################################################################################################################################################
[ReportManager] Assertion [ValidateTrue] PASSED. Expected [FALSE] and Actual [FALSE]. Validation Type [NEGATIVE]. @14-10-2021 01:58:23.0535 A

################################################################################################################################################
Starting Execution:	[99 out of 143] test cases in the current suite
Test Method:		[testPackage01.Test_NewValidationHelper.f33]
################################################################################################################################################
[ReportManager] Assertion [ValidateTrue] FAILED. Expected [FALSE] and Actual [TRUE]. Validation Type [NEGATIVE]. @14-10-2021 01:58:23.0537 A

################################################################################################################################################
Starting Execution:	[100 out of 143] test cases in the current suite
Test Method:		[testPackage01.Test_NewValidationHelper.f34]
################################################################################################################################################
[ReportManager] Assertion [ValidateTrue] FAILED. Expected [TRUE] and Actual [FALSE]. Validation Type [POSITIVE]. @14-10-2021 01:58:23.0539 A

################################################################################################################################################
Starting Execution:	[101 out of 143] test cases in the current suite
Test Method:		[testPackage01.Test_NewValidationHelper.f35]
################################################################################################################################################
[ReportManager] File Action [DoesFileExist] successfully performed. With the following test data [File Path: "pom.xml"]. @14-10-2021 01:58:23.0542 AM
[ReportManager] Assertion [ValidateFileExists] PASSED. Expected [File 'pom.xml' should exist, after up to '1' retries] and Actual [File exists]. Validation Type [POSITIVE]. @14-10-2021 01:58:23.0542 A

################################################################################################################################################
Starting Execution:	[102 out of 143] test cases in the current suite
Test Method:		[testPackage01.Test_NewValidationHelper.f36]
################################################################################################################################################
[ReportManager] File Action [DoesFileExist] successfully performed. With the following test data [File Path: "src/test/java/testPackage01/Test_NewValidationHelper.java"]. @14-10-2021 01:58:23.0545 AM
[ReportManager] Assertion [ValidateFileExists] PASSED. Expected [File 'src/test/java/testPackage01/Test_NewValidationHelper.java' should exist, after up to '1' retries] and Actual [File exists]. Validation Type [POSITIVE]. @14-10-2021 01:58:23.0545 A

################################################################################################################################################
Starting Execution:	[103 out of 143] test cases in the current suite
Test Method:		[testPackage01.Test_NewValidationHelper.f37]
################################################################################################################################################
[ReportManager] File Action [DoesFileExist] successfully performed. With the following test data [File Path: "pom.xml"]. @14-10-2021 01:58:23.0547 AM
[ReportManager] Assertion Failed: confirming that the file does't exist after 5 retries @14-10-2021 01:58:23.0547 AM
[ReportManager] Assertion [ValidateFileExists] FAILED. Expected [File 'pom.xml' should not exist, after up to '5' retries] and Actual [File exists]. Validation Type [NEGATIVE]. @14-10-2021 01:58:23.0548 A

################################################################################################################################################
Starting Execution:	[104 out of 143] test cases in the current suite
Test Method:		[testPackage01.Test_NewValidationHelper.f3_1]
################################################################################################################################################
[ReportManager] Assertion Passed: Checking valid user data @14-10-2021 01:58:23.0552 AM
[ReportManager] Assertion [ValidateEquals] PASSED. Expected [null] and Actual [null]. Comparison Type [EQUALS]. Validation Type [POSITIVE]. @14-10-2021 01:58:23.0552 A

################################################################################################################################################
Starting Execution:	[105 out of 143] test cases in the current suite
Test Method:		[testPackage01.Test_NewValidationHelper.f4]
################################################################################################################################################
[ReportManager] Assertion [ValidateEquals] PASSED. Expected [1] and Actual [123]. Comparison Type [CONTAINS]. Validation Type [POSITIVE]. @14-10-2021 01:58:23.0555 A

################################################################################################################################################
Starting Execution:	[106 out of 143] test cases in the current suite
Test Method:		[testPackage01.Test_NewValidationHelper.f5]
################################################################################################################################################
[ReportManager] Assertion [ValidateNull] PASSED. Expected [NULL] and Actual [1]. Comparison Type [EQUALS]. Validation Type [NEGATIVE]. @14-10-2021 01:58:23.0558 A

################################################################################################################################################
Starting Execution:	[107 out of 143] test cases in the current suite
Test Method:		[testPackage01.Test_NewValidationHelper.f6]
################################################################################################################################################
[ReportManager] Assertion Failed: Making sure that null string is not equal to null object @14-10-2021 01:58:23.0560 AM
[ReportManager] Assertion [ValidateNull] FAILED. Expected [NULL] and Actual [NULL]. Comparison Type [EQUALS]. Validation Type [POSITIVE]. @14-10-2021 01:58:23.0560 A

################################################################################################################################################
Starting Execution:	[108 out of 143] test cases in the current suite
Test Method:		[testPackage01.Test_NewValidationHelper.f6_1]
################################################################################################################################################
[ReportManager] Assertion [ValidateNull] FAILED. Expected [NULL] and Actual [NULL]. Comparison Type [EQUALS]. Validation Type [NEGATIVE]. @14-10-2021 01:58:23.0565 A

################################################################################################################################################
Starting Execution:	[109 out of 143] test cases in the current suite
Test Method:		[testPackage01.Test_NewValidationHelper.f6_2]
################################################################################################################################################
[ReportManager] Assertion Failed: Making sure that null string is not equal to null object @14-10-2021 01:58:23.0568 AM
[ReportManager] Assertion [ValidateNull] FAILED. Expected [NULL] and Actual [not null]. Comparison Type [EQUALS]. Validation Type [POSITIVE]. @14-10-2021 01:58:23.0569 A

################################################################################################################################################
Starting Execution:	[110 out of 143] test cases in the current suite
Test Method:		[testPackage01.Test_NewValidationHelper.f7]
################################################################################################################################################
[ReportManager] Assertion [ValidateNull] PASSED. Expected [NULL] and Actual [NULL]. Comparison Type [EQUALS]. Validation Type [POSITIVE]. @14-10-2021 01:58:23.0571 A
[ReportManager] File Action [GetAbsolutePath] successfully performed. With the following test data [Relative Folder Path: "target/downloadedFiles/"]. @14-10-2021 01:58:23.0576 AM
[ReportManager] Attempting to run remotely on: [Linux-64], [GoogleChrome], [http://localhost:4444/wd/hub], Headless Execution. @14-10-2021 01:58:23.0578 AM
[ReportManager] Successfully Opened [GoogleChrome]. @14-10-2021 01:58:23.0858 AM
[ReportManager] Target URL: [https://the-internet.herokuapp.com/] @14-10-2021 01:58:23.0875 AM
[ReportManager] Initial URL: [data:,] @14-10-2021 01:58:23.0921 AM
[ReportManager] Browser Action [NavigateToURL] successfully performed. With the following test data [https://the-internet.herokuapp.com/]. @14-10-2021 01:58:25.0199 A

################################################################################################################################################
Starting Execution:	[111 out of 143] test cases in the current suite
Test Method:		[testPackage01.Test_NewValidationHelper.f8]
################################################################################################################################################
[ReportManager] Loaded Shared OpenCV @14-10-2021 01:58:25.0410 AM
[ReportManager] Assertion [ValidateElementExists] PASSED. Expected [Element Should Exist, locator 'By.tagName: h1'] and Actual [Element Exists]. Comparison Type [EQUALS]. Validation Type [POSITIVE]. @14-10-2021 01:58:25.0493 AM
[ReportManager] Successfully created attachment [Screenshot - 1634176705410_f8_ValidateElementExists_passed] @14-10-2021 01:58:25.0494 A
[ReportManager] Successfully Closed All Drivers. @14-10-2021 01:58:25.0563 A
[ReportManager] File Action [GetAbsolutePath] successfully performed. With the following test data [Relative Folder Path: "target/downloadedFiles/"]. @14-10-2021 01:58:25.0568 AM
[ReportManager] Attempting to run remotely on: [Linux-64], [GoogleChrome], [http://localhost:4444/wd/hub], Headless Execution. @14-10-2021 01:58:25.0569 AM
[ReportManager] Successfully Opened [GoogleChrome]. @14-10-2021 01:58:25.0819 AM
[ReportManager] Target URL: [https://the-internet.herokuapp.com/] @14-10-2021 01:58:25.0829 AM
[ReportManager] Initial URL: [data:,] @14-10-2021 01:58:25.0870 AM
[ReportManager] Browser Action [NavigateToURL] successfully performed. With the following test data [https://the-internet.herokuapp.com/]. @14-10-2021 01:58:27.0085 A

################################################################################################################################################
Starting Execution:	[112 out of 143] test cases in the current suite
Test Method:		[testPackage01.Test_NewValidationHelper.f9]
################################################################################################################################################
[ReportManager] Assertion [ValidateElementExists] FAILED. Expected [Element Should Exist, locator 'By.tagName: h3'] and Actual [Element Doesn't Exists]. Comparison Type [EQUALS]. Validation Type [POSITIVE]. @14-10-2021 01:58:57.0765 AM
[ReportManager] Successfully created attachment [Screenshot - 1634176737693_f9_ValidateElementExists_failed] @14-10-2021 01:58:57.0766 A
[ReportManager] Successfully Closed All Drivers. @14-10-2021 01:58:57.0854 A

################################################################################################################################################
Starting Execution:	[113 out of 143] test cases in the current suite
Test Method:		[testPackage01.Test_NewValidationHelper.forceFail]
################################################################################################################################################
[ReportManager] Assertion [ValidateFail] FAILED. Successfully force failed the test. @14-10-2021 01:58:57.0861 A

################################################################################################################################################
Starting Execution:	[114 out of 143] test cases in the current suite
Test Method:		[testPackage01.Test_NewValidationHelper.forceFail2]
################################################################################################################################################
[ReportManager] Assertion Failed: Custom Message @14-10-2021 01:58:57.0866 AM
[ReportManager] Assertion [ValidateFail] FAILED. Successfully force failed the test. @14-10-2021 01:58:57.0866 A

################################################################################################################################################
Starting Execution:	[115 out of 143] test cases in the current suite
Test Method:		[testPackage01.Test_sendGraphqlRequest.sendGraphqlRequestUsingMutationAndVariables]
################################################################################################################################################
[ReportManager] GraphQl Request is being Performed with the Following Parameters [Service URL: https://api.spacex.land/graphql | Request Body: {"variables":"{\"name\": \"sherlock holmes\",\"rocket\": \"221B Baker Street\"}","query":"mutation ($name: String, $rocket: String) {\n  insert_users(objects: {name: $name, rocket: $rocket}) {\n    returning {\n      name\n      rocket\n    }\n  }\n}"}] @14-10-2021 01:58:57.0869 AM
[ReportManager] Response status code: [200], status line: [HTTP/1.1 200 OK] @14-10-2021 01:58:58.0382 AM
[ReportManager] Assertion Passed: Evaluating the actual response status code against the expected one... @14-10-2021 01:58:58.0382 AM
[ReportManager] Assertion [ValidateEquals] PASSED. Expected [200] and Actual [200]. Comparison Type [EQUALS]. Validation Type [POSITIVE]. @14-10-2021 01:58:58.0382 AM
[ReportManager] API Action [PerformRequest] successfully performed. With the following test data [Request Type: "POST" | Target Status Code: "200" | Service URL: "https://api.spacex.land/graphql" | Content Type: "application/json" | Response Time: "419ms"]. @14-10-2021 01:58:58.0394 AM
[ReportManager] Successfully created attachment [API Request - Specifications] @14-10-2021 01:58:58.0395 AM
[ReportManager] Successfully created attachment [API Request - JSON Body] @14-10-2021 01:58:58.0395 AM
[ReportManager] Successfully created attachment [API Response - JSON Body] @14-10-2021 01:58:58.0395 AM
[ReportManager] API Action [GetResponseJSONValue] successfully performed. With the following test data [data.insert_users.returning[0].name]. @14-10-2021 01:58:58.0437 AM
[ReportManager] Assertion [ValidateEquals] PASSED. Expected [sherlock holmes] and Actual [sherlock holmes]. Comparison Type [EQUALS]. Validation Type [POSITIVE]. @14-10-2021 01:58:58.0438 A

################################################################################################################################################
Starting Execution:	[116 out of 143] test cases in the current suite
Test Method:		[testPackage01.Test_sendGraphqlRequest.sendGraphqlRequestUsingQuery]
################################################################################################################################################
[ReportManager] GraphQl Request is being Performed with the Following Parameters [Service URL: https://api.spacex.land/graphql | Request Body: {"query":"{company {ceo}}"}] @14-10-2021 01:58:58.0445 AM
[ReportManager] Response status code: [200], status line: [HTTP/1.1 200 OK] @14-10-2021 01:58:58.0730 AM
[ReportManager] Assertion Passed: Evaluating the actual response status code against the expected one... @14-10-2021 01:58:58.0731 AM
[ReportManager] Assertion [ValidateEquals] PASSED. Expected [200] and Actual [200]. Comparison Type [EQUALS]. Validation Type [POSITIVE]. @14-10-2021 01:58:58.0731 AM
[ReportManager] API Action [PerformRequest] successfully performed. With the following test data [Request Type: "POST" | Target Status Code: "200" | Service URL: "https://api.spacex.land/graphql" | Content Type: "application/json" | Response Time: "280ms"]. @14-10-2021 01:58:58.0742 AM
[ReportManager] Successfully created attachment [API Request - Specifications] @14-10-2021 01:58:58.0742 AM
[ReportManager] Successfully created attachment [API Request - JSON Body] @14-10-2021 01:58:58.0742 AM
[ReportManager] Successfully created attachment [API Response - JSON Body] @14-10-2021 01:58:58.0743 AM
[ReportManager] API Action [GetResponseJSONValue] successfully performed. With the following test data [data.company.ceo]. @14-10-2021 01:58:58.0751 AM
[ReportManager] Assertion [ValidateEquals] PASSED. Expected [Elon Musk] and Actual [Elon Musk]. Comparison Type [EQUALS]. Validation Type [POSITIVE]. @14-10-2021 01:58:58.0751 A
[ReportManager] Successfully loaded the following test data file [src/test/resources/TestDataFiles/testSuite01/TestData.xlsx]. @14-10-2021 01:58:58.0786 AM
[ReportManager] Successfully created attachment [Test Data - Excel] @14-10-2021 01:58:58.0787 AM
[ReportManager] File Action [GetAbsolutePath] successfully performed. With the following test data [Relative Folder Path: "target/downloadedFiles/"]. @14-10-2021 01:58:58.0787 AM
[ReportManager] Attempting to run remotely on: [Linux-64], [GoogleChrome], [http://localhost:4444/wd/hub], Headless Execution. @14-10-2021 01:58:58.0787 AM
[ReportManager] Successfully Opened [GoogleChrome]. @14-10-2021 01:58:59.0025 A

################################################################################################################################################
Starting Execution:	[117 out of 143] test cases in the current suite
Test Method:		[testPackage01.Test_google.navigateToURLandVerifyGoogleLogoIsDisplayed]
Test Description:	[TC001 - Navigate to URL and Verify Google Logo is Displayed]
################################################################################################################################################
[ReportManager] Target URL: [https://www.google.com/ncr], and after redirection: [https://www.google.com] @14-10-2021 01:58:59.0041 AM
[ReportManager] Initial URL: [data:,] @14-10-2021 01:58:59.0080 AM
[ReportManager] Browser Action [NavigateToURL] successfully performed. With the following test data [https://www.google.com/ncr]. @14-10-2021 01:58:59.0919 AM
[ReportManager] Loaded Shared OpenCV @14-10-2021 01:59:00.0096 AM
[ReportManager] Assertion [ValidateElementExists] PASSED. Expected [Element Should Exist, locator 'By.xpath: //*[@id='hplogo' or @alt='Google']'] and Actual [Element Exists]. Comparison Type [EQUALS]. Validation Type [POSITIVE]. @14-10-2021 01:59:00.0201 AM
[ReportManager] Successfully created attachment [Screenshot - 1634176740096_navigateToURLandVerifyGoogleLogoIsDisplayed_ValidateElementExists_passed] @14-10-2021 01:59:00.0202 A

################################################################################################################################################
Starting Execution:	[118 out of 143] test cases in the current suite
Test Method:		[testPackage01.Test_google.searchForQueryandAssertResultsNumDisplayed]
Test Description:	[TC002 - Search for Query and Assert that the number of results is displayed]
################################################################################################################################################
[ReportManager] Element Action [Type] successfully performed. With the following test data [SHAFT_Engine]. @14-10-2021 01:59:00.0553 AM
[ReportManager] Element Action [KeyPress] successfully performed. With the following test data [Enter]. @14-10-2021 01:59:02.0068 AM
[ReportManager] Element Action [GetText] successfully performed. With the following test data [About 1,080,000 results (0.71 seconds) ]. @14-10-2021 01:59:02.0159 AM
[ReportManager] Loaded Shared OpenCV @14-10-2021 01:59:02.0305 AM
[ReportManager] Assertion [ValidateElementAttribute] PASSED. Expected [Value Should not be '' for the 'Text' attribute, element locator 'By.id: appbar'] and Actual [About 1,080,000 results (0.71 seconds) ]. Comparison Type [EQUALS]. Validation Type [NEGATIVE]. @14-10-2021 01:59:02.0392 AM
[ReportManager] Successfully created attachment [Screenshot - 1634176742305_searchForQueryandAssertResultsNumDisplayed_ValidateElementAttribute_passed] @14-10-2021 01:59:02.0394 A

################################################################################################################################################
Starting Execution:	[119 out of 143] test cases in the current suite
Test Method:		[testPackage01.Test_google.clickNextThrice]
Test Description:	[TC003 - Clicks the next button to make sure that the framework can scroll element into view before clicking it]
################################################################################################################################################
[ReportManager] Element Action [Click] successfully performed. With the following test data [Next]. @14-10-2021 01:59:04.0172 A
[ReportManager] Browser Action [CloseCurrentWindow] successfully performed. @14-10-2021 01:59:04.0375 AM
[ReportManager] Successfully created attachment [Browser Action Test Data - CloseCurrentWindow - Actual Value] @14-10-2021 01:59:04.0378 A
[ReportManager] File Action [GetAbsolutePath] successfully performed. With the following test data [Relative Folder Path: "target/downloadedFiles/"]. @14-10-2021 01:59:04.0380 AM
[ReportManager] Attempting to run remotely on: [Linux-64], [GoogleChrome], [http://localhost:4444/wd/hub], Headless Execution. @14-10-2021 01:59:04.0380 AM
[ReportManager] Successfully Opened [GoogleChrome]. @14-10-2021 01:59:04.0604 A

################################################################################################################################################
Starting Execution:	[120 out of 143] test cases in the current suite
Test Method:		[testPackage01.Test_ShadowDOM.shadowdom]
################################################################################################################################################
[ReportManager] Target URL: [https://mdn.github.io/web-components-examples/popup-info-box-web-component/] @14-10-2021 01:59:04.0619 AM
[ReportManager] Initial URL: [data:,] @14-10-2021 01:59:04.0661 AM
[ReportManager] Browser Action [NavigateToURL] successfully performed. With the following test data [https://mdn.github.io/web-components-examples/popup-info-box-web-component/]. @14-10-2021 01:59:05.0123 AM
[ReportManager] Element Action [Type] successfully performed. With the following test data [Typing into SHADOW DOM...]. @14-10-2021 01:59:05.0432 AM
[ReportManager] Element Action [GetText] successfully performed. With the following test data [Typing into SHADOW DOM...]. @14-10-2021 01:59:05.0524 AM
[ReportManager] Loaded Shared OpenCV @14-10-2021 01:59:05.0641 AM
[ReportManager] Assertion [ValidateElementAttribute] PASSED. Expected [Value Should be 'Typing into SHADOW DOM...' for the 'Text' attribute, element locator 'By.id: cvc'] and Actual [Typing into SHADOW DOM...]. Comparison Type [EQUALS]. Validation Type [POSITIVE]. @14-10-2021 01:59:05.0711 AM
[ReportManager] Successfully created attachment [Screenshot - 1634176745641_shadowdom_ValidateElementAttribute_passed] @14-10-2021 01:59:05.0712 A
[ReportManager] Browser Action [CloseCurrentWindow] successfully performed. @14-10-2021 01:59:05.0803 AM
[ReportManager] Successfully created attachment [Browser Action Test Data - CloseCurrentWindow - Actual Value] @14-10-2021 01:59:05.0804 A

################################################################################################################################################
Starting Execution:	[121 out of 143] test cases in the current suite
Test Method:		[testPackage01.Test_AssertApiResponseEquals.assertApiResponseEquals_expectedToPass]
################################################################################################################################################
[ReportManager] Response status code: [200], status line: [HTTP/1.1 200 OK] @14-10-2021 01:59:05.0892 AM
[ReportManager] Assertion Passed: Evaluating the actual response status code against the expected one... @14-10-2021 01:59:05.0892 AM
[ReportManager] Assertion [ValidateEquals] PASSED. Expected [200] and Actual [200]. Comparison Type [EQUALS]. Validation Type [POSITIVE]. @14-10-2021 01:59:05.0893 AM
[ReportManager] API Action [PerformRequest] successfully performed. With the following test data [Request Type: "GET" | Target Status Code: "200" | Service URL: "https://jsonplaceholder.typicode.com/users" | Content Type: "*/*" | Response Time: "82ms"]. @14-10-2021 01:59:05.0918 AM
[ReportManager] Successfully created attachment [API Request - Specifications] @14-10-2021 01:59:05.0919 AM
[ReportManager] Successfully created attachment [API Response - JSON Body] @14-10-2021 01:59:05.0919 AM
[ReportManager] API Action [GetResponseJSONValueAsList] successfully performed. With the following test data [$]. @14-10-2021 01:59:05.0925 AM
[ReportManager] API Action [GetResponseJSONValue] successfully performed. With the following test data [name]. @14-10-2021 01:59:05.0941 AM
[ReportManager] API Action [GetResponseJSONValue] successfully performed. With the following test data [email]. @14-10-2021 01:59:05.0957 AM
[ReportManager] Verification [ValidateEquals] PASSED. Expected [Sincere@april.biz] and Actual [Sincere@april.biz]. Comparison Type [EQUALS]. Validation Type [POSITIVE]. @14-10-2021 01:59:05.0958 AM
[ReportManager] API Action [GetResponseJSONValue] successfully performed. With the following test data [username]. @14-10-2021 01:59:05.0970 AM
[ReportManager] Assertion [ValidateEquals] PASSED. Expected [Bret] and Actual [Bret]. Comparison Type [EQUALS]. Validation Type [POSITIVE]. @14-10-2021 01:59:05.0970 AM
[ReportManager] API Action [GetResponseJSONValue] successfully performed. With the following test data [name]. @14-10-2021 01:59:05.0984 AM
[ReportManager] API Action [GetResponseJSONValue] successfully performed. With the following test data [name]. @14-10-2021 01:59:05.0994 AM
[ReportManager] API Action [GetResponseJSONValue] successfully performed. With the following test data [name]. @14-10-2021 01:59:06.0003 AM
[ReportManager] API Action [GetResponseJSONValue] successfully performed. With the following test data [name]. @14-10-2021 01:59:06.0019 AM
[ReportManager] API Action [GetResponseJSONValue] successfully performed. With the following test data [name]. @14-10-2021 01:59:06.0033 AM
[ReportManager] API Action [GetResponseJSONValue] successfully performed. With the following test data [name]. @14-10-2021 01:59:06.0072 AM
[ReportManager] API Action [GetResponseJSONValue] successfully performed. With the following test data [name]. @14-10-2021 01:59:06.0081 AM
[ReportManager] API Action [GetResponseJSONValue] successfully performed. With the following test data [name]. @14-10-2021 01:59:06.0089 AM
[ReportManager] API Action [GetResponseJSONValue] successfully performed. With the following test data [name]. @14-10-2021 01:59:06.0097 A
[ReportManager] File Action [GetAbsolutePath] successfully performed. With the following test data [Relative Folder Path: "target/downloadedFiles/"]. @14-10-2021 01:59:06.0108 AM
[ReportManager] Attempting to run remotely on: [Linux-64], [GoogleChrome], [http://localhost:4444/wd/hub], Headless Execution. @14-10-2021 01:59:06.0108 AM
[ReportManager] Successfully Opened [GoogleChrome]. @14-10-2021 01:59:06.0383 A

################################################################################################################################################
Starting Execution:	[122 out of 143] test cases in the current suite
Test Method:		[testPackage01.Test_IsElementClickable.testIsElementClickable]
################################################################################################################################################
[ReportManager] Target URL: [https://the-internet.herokuapp.com/] @14-10-2021 01:59:06.0403 AM
[ReportManager] Initial URL: [data:,] @14-10-2021 01:59:06.0444 AM
[ReportManager] Browser Action [NavigateToURL] successfully performed. With the following test data [https://the-internet.herokuapp.com/]. @14-10-2021 01:59:07.0641 AM
[ReportManager] Element Action [IsElementClickable] successfully performed. @14-10-2021 01:59:07.0774 AM
[ReportManager] Assertion [ValidateTrue] PASSED. Expected [TRUE] and Actual [TRUE]. Validation Type [POSITIVE]. @14-10-2021 01:59:07.0774 A
[ReportManager] Browser Action [CloseCurrentWindow] successfully performed. @14-10-2021 01:59:07.0878 AM
[ReportManager] Successfully created attachment [Browser Action Test Data - CloseCurrentWindow - Actual Value] @14-10-2021 01:59:07.0879 A

################################################################################################################################################
Starting Execution:	[123 out of 143] test cases in the current suite
Test Method:		[testPackage01.Test_JsonCompareWithSpecialCharacters.specialCharacters]
################################################################################################################################################
[ReportManager] File Action [GetAbsolutePath] successfully performed. With the following test data [Relative Folder Path: "src/test/resources/TestJsonFiles/specialCharacters.json"]. @14-10-2021 01:59:07.0883 AM
[ReportManager] File Action [ReadFromFile] successfully performed. With the following test data [File Path: "/home/runner/work/SHAFT_ENGINE/SHAFT_ENGINE/src/test/resources/TestJsonFiles/specialCharacters.json"]. @14-10-2021 01:59:07.0894 AM
[ReportManager] Successfully created attachment [File Action Actual Result - Command Log] @14-10-2021 01:59:07.0894 AM
[ReportManager] Comparing the provided API response with the file at this path "src/test/resources/TestJsonFiles/specialCharacters.json", comparison type "EQUALS" @14-10-2021 01:59:07.0895 AM
[ReportManager] API Action [CompareJSON] successfully performed. With the following test data [src/test/resources/TestJsonFiles/specialCharacters.json]. @14-10-2021 01:59:07.0911 AM
[ReportManager] File Action [GetAbsolutePath] successfully performed. With the following test data [Relative Folder Path: "src/test/resources/TestJsonFiles/specialCharacters.json"]. @14-10-2021 01:59:07.0911 AM
[ReportManager] File Action [ReadFromFile] successfully performed. With the following test data [File Path: "/home/runner/work/SHAFT_ENGINE/SHAFT_ENGINE/src/test/resources/TestJsonFiles/specialCharacters.json"]. @14-10-2021 01:59:07.0911 AM
[ReportManager] Verification [ValidateJSONFileContent] PASSED. Expected [Response data should match the JSON File in this path 'src/test/resources/TestJsonFiles/specialCharacters.json'] and Actual [TRUE]. Comparison Type [EQUALS]. Validation Type [POSITIVE]. @14-10-2021 01:59:07.0920 AM
[ReportManager] Successfully created attachment [Validation Test Data - Expected JSON Value] @14-10-2021 01:59:07.0921 AM
[ReportManager] Successfully created attachment [Validation Test Data - Actual JSON Value] @14-10-2021 01:59:07.0921 A

################################################################################################################################################
Starting Execution:	[124 out of 143] test cases in the current suite
Test Method:		[testPackage01.Test_JsonCompareWithSpecialCharacters.specialCharacters_assertion]
################################################################################################################################################
[ReportManager] File Action [GetAbsolutePath] successfully performed. With the following test data [Relative Folder Path: "src/test/resources/TestJsonFiles/specialCharacters.json"]. @14-10-2021 01:59:07.0924 AM
[ReportManager] File Action [ReadFromFile] successfully performed. With the following test data [File Path: "/home/runner/work/SHAFT_ENGINE/SHAFT_ENGINE/src/test/resources/TestJsonFiles/specialCharacters.json"]. @14-10-2021 01:59:07.0924 AM
[ReportManager] Successfully created attachment [File Action Actual Result - Command Log] @14-10-2021 01:59:07.0924 AM
[ReportManager] Comparing the provided API response with the file at this path "src/test/resources/TestJsonFiles/specialCharacters.json", comparison type "CONTAINS" @14-10-2021 01:59:07.0925 AM
[ReportManager] API Action [CompareJSON] successfully performed. With the following test data [src/test/resources/TestJsonFiles/specialCharacters.json]. @14-10-2021 01:59:07.0943 AM
[ReportManager] File Action [GetAbsolutePath] successfully performed. With the following test data [Relative Folder Path: "src/test/resources/TestJsonFiles/specialCharacters.json"]. @14-10-2021 01:59:07.0943 AM
[ReportManager] File Action [ReadFromFile] successfully performed. With the following test data [File Path: "/home/runner/work/SHAFT_ENGINE/SHAFT_ENGINE/src/test/resources/TestJsonFiles/specialCharacters.json"]. @14-10-2021 01:59:07.0943 AM
[ReportManager] Assertion Passed: trying out the log message @14-10-2021 01:59:07.0947 AM
[ReportManager] Successfully created attachment [Validation Test Data - Expected JSON Value] @14-10-2021 01:59:07.0947 AM
[ReportManager] Successfully created attachment [Validation Test Data - Actual JSON Value] @14-10-2021 01:59:07.0948 AM
[ReportManager] Assertion [ValidateJSONFileContent] PASSED. Expected [Response data should match the JSON File in this path 'src/test/resources/TestJsonFiles/specialCharacters.json'] and Actual [TRUE]. Comparison Type [CONTAINS]. Validation Type [POSITIVE]. @14-10-2021 01:59:07.0948 A
[ReportManager] File Action [GetAbsolutePath] successfully performed. With the following test data [Relative Folder Path: "target/downloadedFiles/"]. @14-10-2021 01:59:07.0950 AM
[ReportManager] Attempting to run remotely on: [Linux-64], [GoogleChrome], [http://localhost:4444/wd/hub], Headless Execution. @14-10-2021 01:59:07.0950 AM
[ReportManager] Successfully Opened [GoogleChrome]. @14-10-2021 01:59:08.0230 A

################################################################################################################################################
Starting Execution:	[125 out of 143] test cases in the current suite
Test Method:		[testPackage01.Test_assertEquals.test_assertElementAttribute]
################################################################################################################################################
[ReportManager] Target URL: [https://www.google.com/ncr], and after redirection: [https://www.google.com] @14-10-2021 01:59:08.0244 AM
[ReportManager] Initial URL: [data:,] @14-10-2021 01:59:08.0283 AM
[ReportManager] Browser Action [NavigateToURL] successfully performed. With the following test data [https://www.google.com/ncr]. @14-10-2021 01:59:09.0132 AM
[ReportManager] Element Action [Type] successfully performed. With the following test data [INC_004010050:Another SCHEDULER with the same name [Duplicate Job Name] already exists.]. @14-10-2021 01:59:09.0834 AM
[ReportManager] Element Action [GetText] successfully performed. With the following test data [INC_004010050:Another SCHEDULER with the same name [Duplicate Job Name] already exists.]. @14-10-2021 01:59:09.0922 AM
[ReportManager] Loaded Shared OpenCV @14-10-2021 01:59:10.0069 AM
[ReportManager] Assertion [ValidateElementAttribute] PASSED. Expected [Value Should be 'INC_004010050:Another SCHEDULER with the same name \[Duplicate Job Name\] already exists.' for the 'text' attribute, element locator 'By.name: q'] and Actual [INC_004010050:Another SCHEDULER with the same name [Duplicate Job Name] already exists.]. Comparison Type [MATCHES]. Validation Type [POSITIVE]. @14-10-2021 01:59:10.0175 AM
[ReportManager] Successfully created attachment [Screenshot - 1634176750069_test_assertElementAttribute_ValidateElementAttribute_passed] @14-10-2021 01:59:10.0176 A
[ReportManager] Browser Action [CloseCurrentWindow] successfully performed. @14-10-2021 01:59:10.0296 AM
[ReportManager] Successfully created attachment [Browser Action Test Data - CloseCurrentWindow - Actual Value] @14-10-2021 01:59:10.0297 A
[ReportManager] File Action [GetAbsolutePath] successfully performed. With the following test data [Relative Folder Path: "target/downloadedFiles/"]. @14-10-2021 01:59:10.0299 AM
[ReportManager] Attempting to run remotely on: [Linux-64], [GoogleChrome], [http://localhost:4444/wd/hub], Headless Execution. @14-10-2021 01:59:10.0300 AM
[ReportManager] Successfully Opened [GoogleChrome]. @14-10-2021 01:59:10.0531 A

################################################################################################################################################
Starting Execution:	[126 out of 143] test cases in the current suite
Test Method:		[testPackage01.Test_verifyEquals.test_assertElementAttribute]
################################################################################################################################################
[ReportManager] Target URL: [https://www.google.com/ncr], and after redirection: [https://www.google.com] @14-10-2021 01:59:10.0549 AM
[ReportManager] Initial URL: [data:,] @14-10-2021 01:59:10.0588 AM
[ReportManager] Browser Action [NavigateToURL] successfully performed. With the following test data [https://www.google.com/ncr]. @14-10-2021 01:59:11.0416 AM
[ReportManager] Element Action [Type] successfully performed. With the following test data [INC_004010050:Another SCHEDULER with the same name [Duplicate Job Name] already exists.]. @14-10-2021 01:59:12.0111 AM
[ReportManager] Element Action [GetText] successfully performed. With the following test data [INC_004010050:Another SCHEDULER with the same name [Duplicate Job Name] already exists.]. @14-10-2021 01:59:12.0197 AM
[ReportManager] Loaded Shared OpenCV @14-10-2021 01:59:12.0315 AM
[ReportManager] Verification [ValidateElementAttribute] PASSED. Expected [Value Should be 'INC_004010050:Another SCHEDULER with the same name \[Duplicate Job Name\] already exists.' for the 'text' attribute, element locator 'By.name: q'] and Actual [INC_004010050:Another SCHEDULER with the same name [Duplicate Job Name] already exists.]. Comparison Type [MATCHES]. Validation Type [POSITIVE]. @14-10-2021 01:59:12.0393 AM
[ReportManager] Successfully created attachment [Screenshot - 1634176752315_test_assertElementAttribute_ValidateElementAttribute_passed] @14-10-2021 01:59:12.0394 A
[ReportManager] Browser Action [CloseCurrentWindow] successfully performed. @14-10-2021 01:59:12.0515 AM
[ReportManager] Successfully created attachment [Browser Action Test Data - CloseCurrentWindow - Actual Value] @14-10-2021 01:59:12.0516 A

################################################################################################################################################
Starting Execution:	[127 out of 143] test cases in the current suite
Test Method:		[testPackage01.Test_JsonActions.f]
###############################################################################################################################################

################################################################################################################################################
Starting Execution:	[128 out of 143] test cases in the current suite
Test Method:		[testPackage01.Test_JsonActions.f2]
###############################################################################################################################################

################################################################################################################################################
Starting Execution:	[129 out of 143] test cases in the current suite
Test Method:		[testPackage01.Test_PDF.testPDF_Downloaded]
################################################################################################################################################
[ReportManager] File Action [DoesFileExist] successfully performed. With the following test data [File Path: "src/test/resources/TestDataFiles/sample.pdf"]. @14-10-2021 01:59:12.0532 AM
[ReportManager] File Action [GetAbsolutePath] successfully performed. With the following test data [Relative File Path: "src/test/resources/TestDataFiles/sample.pdf"]. @14-10-2021 01:59:12.0532 AM
[ReportManager] Assertion [ValidateTrue] PASSED. Expected [TRUE] and Actual [TRUE]. Validation Type [POSITIVE]. @14-10-2021 01:59:13.0683 A
[ReportManager] File Action [GetAbsolutePath] successfully performed. With the following test data [Relative Folder Path: "target/downloadedFiles/"]. @14-10-2021 01:59:13.0686 AM
[ReportManager] Attempting to run remotely on: [Linux-64], [GoogleChrome], [http://localhost:4444/wd/hub], Headless Execution. @14-10-2021 01:59:13.0686 AM
[ReportManager] Successfully Opened [GoogleChrome]. @14-10-2021 01:59:13.0895 A

################################################################################################################################################
Starting Execution:	[130 out of 143] test cases in the current suite
Test Method:		[testPackage01.Test_dragAndDrop.dragAndDropJquery]
################################################################################################################################################
[ReportManager] Target URL: [https://jqueryui.com/resources/demos/droppable/default.html] @14-10-2021 01:59:13.0907 AM
[ReportManager] Initial URL: [data:,] @14-10-2021 01:59:13.0948 AM
[ReportManager] Browser Action [NavigateToURL] successfully performed. With the following test data [https://jqueryui.com/resources/demos/droppable/default.html]. @14-10-2021 01:59:14.0548 AM
[ReportManager] Element Action [GetText] successfully performed. With the following test data [Drop here]. @14-10-2021 01:59:14.0633 AM
[ReportManager] Element Action [DragAndDrop] successfully performed. With the following test data [Start point: (8, 18), End point: (8, 18)]. @14-10-2021 01:59:15.0940 AM
[ReportManager] Element Action [GetText] successfully performed. With the following test data [Dropped!]. @14-10-2021 01:59:15.0997 AM
[ReportManager] Assertion Passed: Checking to see if the text has changed after performing drag and drop @14-10-2021 01:59:15.0997 AM
[ReportManager] Assertion [ValidateEquals] PASSED. Expected [Drop here] and Actual [Dropped!]. Comparison Type [EQUALS]. Validation Type [NEGATIVE]. @14-10-2021 01:59:15.0997 A
[ReportManager] Browser Action [CloseCurrentWindow] successfully performed. @14-10-2021 01:59:16.0098 AM
[ReportManager] Successfully created attachment [Browser Action Test Data - CloseCurrentWindow - Actual Value] @14-10-2021 01:59:16.0098 A
[ReportManager] File Action [GetAbsolutePath] successfully performed. With the following test data [Relative Folder Path: "target/downloadedFiles/"]. @14-10-2021 01:59:16.0102 AM
[ReportManager] Attempting to run remotely on: [Linux-64], [GoogleChrome], [http://localhost:4444/wd/hub], Headless Execution. @14-10-2021 01:59:16.0102 AM
[ReportManager] Successfully Opened [GoogleChrome]. @14-10-2021 01:59:16.0310 A

################################################################################################################################################
Starting Execution:	[131 out of 143] test cases in the current suite
Test Method:		[testPackage01.Test_dragAndDrop.dragAndDrop]
Test Description:	[TC001 - Test Drag and Drop function.]
################################################################################################################################################
[ReportManager] Target URL: [http://the-internet.herokuapp.com/drag_and_drop] @14-10-2021 01:59:16.0324 AM
[ReportManager] Initial URL: [data:,] @14-10-2021 01:59:16.0365 AM
[ReportManager] Browser Action [NavigateToURL] successfully performed. With the following test data [http://the-internet.herokuapp.com/drag_and_drop]. @14-10-2021 01:59:17.0326 AM
[ReportManager] Attempting Drag and Drop @14-10-2021 01:59:17.0326 AM
[ReportManager] Element Action [DragAndDrop] successfully performed. With the following test data [Start point: (32, 90), End point: (247, 90)]. @14-10-2021 01:59:18.0525 A
[ReportManager] Browser Action [CloseCurrentWindow] successfully performed. @14-10-2021 01:59:18.0616 AM
[ReportManager] Successfully created attachment [Browser Action Test Data - CloseCurrentWindow - Actual Value] @14-10-2021 01:59:18.0617 A
[ReportManager] File Action [GetAbsolutePath] successfully performed. With the following test data [Relative Folder Path: "target/downloadedFiles/"]. @14-10-2021 01:59:18.0621 AM
[ReportManager] Attempting to run remotely on: [Linux-64], [GoogleChrome], [http://localhost:4444/wd/hub], Headless Execution. @14-10-2021 01:59:18.0622 AM
[ReportManager] Successfully Opened [GoogleChrome]. @14-10-2021 01:59:18.0824 A

################################################################################################################################################
Starting Execution:	[132 out of 143] test cases in the current suite
Test Method:		[testPackage01.Test_dragAndDrop.dragAndDropByOffset]
Test Description:	[TC002 - Test Drag and Drop by offset function.]
################################################################################################################################################
[ReportManager] Target URL: [https://jqueryui.com/resources/demos/draggable/default.html] @14-10-2021 01:59:18.0836 AM
[ReportManager] Initial URL: [data:,] @14-10-2021 01:59:18.0880 AM
[ReportManager] Browser Action [NavigateToURL] successfully performed. With the following test data [https://jqueryui.com/resources/demos/draggable/default.html]. @14-10-2021 01:59:19.0457 AM
[ReportManager] Element Action [DragAndDropByOffset] successfully performed. With the following test data [Start point: (8, 8), End point: (108, 58)]. @14-10-2021 01:59:19.0616 A
[ReportManager] Browser Action [CloseCurrentWindow] successfully performed. @14-10-2021 01:59:19.0720 AM
[ReportManager] Successfully created attachment [Browser Action Test Data - CloseCurrentWindow - Actual Value] @14-10-2021 01:59:19.0720 A
[ReportManager] File Action [GetAbsolutePath] successfully performed. With the following test data [Relative Folder Path: "target/downloadedFiles/"]. @14-10-2021 01:59:19.0722 AM
[ReportManager] Attempting to run remotely on: [Linux-64], [GoogleChrome], [http://localhost:4444/wd/hub], Headless Execution. @14-10-2021 01:59:19.0722 AM
[ReportManager] Successfully Opened [GoogleChrome]. @14-10-2021 01:59:19.0910 A

################################################################################################################################################
Starting Execution:	[133 out of 143] test cases in the current suite
Test Method:		[testPackage01.Test_clipboardActions.typeTextAndCopyPaste]
################################################################################################################################################
[ReportManager] Target URL: [https://www.google.com/ncr], and after redirection: [https://www.google.com] @14-10-2021 01:59:19.0924 AM
[ReportManager] Initial URL: [data:,] @14-10-2021 01:59:19.0973 AM
[ReportManager] Browser Action [NavigateToURL] successfully performed. With the following test data [https://www.google.com/ncr]. @14-10-2021 01:59:20.0803 AM
[ReportManager] Element Action [Type] successfully performed. With the following test data [FIRST]. @14-10-2021 01:59:21.0144 AM
[ReportManager] Element Action [ClipboardActions] successfully performed. With the following test data [select all]. @14-10-2021 01:59:21.0205 AM
[ReportManager] Element Action [ClipboardActions] successfully performed. With the following test data [copy]. @14-10-2021 01:59:21.0253 AM
[ReportManager] Element Action [ClipboardActions] successfully performed. With the following test data [unselect]. @14-10-2021 01:59:21.0305 AM
[ReportManager] Element Action [ClipboardActions] successfully performed. With the following test data [paste]. @14-10-2021 01:59:21.0356 AM
[ReportManager] Element Action [ClipboardActions] successfully performed. With the following test data [select all]. @14-10-2021 01:59:21.0404 AM
[ReportManager] Element Action [Type] successfully performed. @14-10-2021 01:59:21.0610 AM
[ReportManager] Element Action [ClipboardActions] successfully performed. With the following test data [cut]. @14-10-2021 01:59:21.0610 AM
[ReportManager] Element Action [ClipboardActions] successfully performed. With the following test data [paste]. @14-10-2021 01:59:21.0673 AM
[ReportManager] Element Action [ClipboardActions] successfully performed. With the following test data [paste]. @14-10-2021 01:59:21.0727 A
[ReportManager] Browser Action [CloseCurrentWindow] successfully performed. @14-10-2021 01:59:21.0872 AM
[ReportManager] Successfully created attachment [Browser Action Test Data - CloseCurrentWindow - Actual Value] @14-10-2021 01:59:21.0873 A
[ReportManager] File Action [GetAbsolutePath] successfully performed. With the following test data [Relative Folder Path: "target/downloadedFiles/"]. @14-10-2021 01:59:21.0878 AM
[ReportManager] Attempting to run remotely on: [Linux-64], [GoogleChrome], [http://localhost:4444/wd/hub], Headless Execution. @14-10-2021 01:59:21.0878 AM
[ReportManager] Successfully Opened [GoogleChrome]. @14-10-2021 01:59:22.0102 A

################################################################################################################################################
Starting Execution:	[134 out of 143] test cases in the current suite
Test Method:		[testPackage01.Test_dynamicLoading.dynamicLoading_elementIsHidden]
################################################################################################################################################
[ReportManager] Target URL: [https://the-internet.herokuapp.com/dynamic_loading/1] @14-10-2021 01:59:22.0125 AM
[ReportManager] Initial URL: [data:,] @14-10-2021 01:59:22.0164 AM
[ReportManager] Browser Action [NavigateToURL] successfully performed. With the following test data [https://the-internet.herokuapp.com/dynamic_loading/1]. @14-10-2021 01:59:23.0351 AM
[ReportManager] Element Action [Click] successfully performed. With the following test data [Start]. @14-10-2021 01:59:23.0722 AM
[ReportManager] Element Action [GetText] successfully performed. With the following test data [
    Hello World!
  ]. @14-10-2021 01:59:23.0847 AM
[ReportManager] Loaded Shared OpenCV @14-10-2021 01:59:23.0997 AM
[ReportManager] Assertion [ValidateElementAttribute] PASSED. Expected [Value Should be 'Hello World!' for the 'text' attribute, element locator 'By.id: finish'] and Actual [
    Hello World!
  ]. Comparison Type [CONTAINS]. Validation Type [POSITIVE]. @14-10-2021 01:59:24.0103 AM
[ReportManager] Successfully created attachment [Screenshot - 1634176763997_dynamicLoading_elementIsHidden_ValidateElementAttribute_passed] @14-10-2021 01:59:24.0104 A
[ReportManager] Browser Action [CloseCurrentWindow] successfully performed. @14-10-2021 01:59:24.0192 AM
[ReportManager] Successfully created attachment [Browser Action Test Data - CloseCurrentWindow - Actual Value] @14-10-2021 01:59:24.0193 A
[ReportManager] File Action [GetAbsolutePath] successfully performed. With the following test data [Relative Folder Path: "target/downloadedFiles/"]. @14-10-2021 01:59:24.0194 AM
[ReportManager] Attempting to run remotely on: [Linux-64], [GoogleChrome], [http://localhost:4444/wd/hub], Headless Execution. @14-10-2021 01:59:24.0194 AM
[ReportManager] Successfully Opened [GoogleChrome]. @14-10-2021 01:59:24.0440 A

################################################################################################################################################
Starting Execution:	[135 out of 143] test cases in the current suite
Test Method:		[testPackage01.Test_dynamicLoading.dynamicLoading_elementIsRendered]
################################################################################################################################################
[ReportManager] Target URL: [https://the-internet.herokuapp.com/dynamic_loading/2] @14-10-2021 01:59:24.0459 AM
[ReportManager] Initial URL: [data:,] @14-10-2021 01:59:24.0504 AM
[ReportManager] Browser Action [NavigateToURL] successfully performed. With the following test data [https://the-internet.herokuapp.com/dynamic_loading/2]. @14-10-2021 01:59:25.0731 AM
[ReportManager] Element Action [Click] successfully performed. With the following test data [Start]. @14-10-2021 01:59:26.0029 AM
[ReportManager] Element Action [GetText] successfully performed. With the following test data [Hello World!]. @14-10-2021 01:59:31.0200 AM
[ReportManager] Loaded Shared OpenCV @14-10-2021 01:59:31.0348 AM
[ReportManager] Assertion [ValidateElementAttribute] PASSED. Expected [Value Should be 'Hello World!' for the 'text' attribute, element locator 'By.id: finish'] and Actual [Hello World!]. Comparison Type [CONTAINS]. Validation Type [POSITIVE]. @14-10-2021 01:59:31.0424 AM
[ReportManager] Successfully created attachment [Screenshot - 1634176771348_dynamicLoading_elementIsRendered_ValidateElementAttribute_passed] @14-10-2021 01:59:31.0424 A
[ReportManager] Browser Action [CloseCurrentWindow] successfully performed. @14-10-2021 01:59:31.0520 AM
[ReportManager] Successfully created attachment [Browser Action Test Data - CloseCurrentWindow - Actual Value] @14-10-2021 01:59:31.0521 A
[ReportManager] File Action [GetAbsolutePath] successfully performed. With the following test data [Relative Folder Path: "target/downloadedFiles/"]. @14-10-2021 01:59:31.0523 AM
[ReportManager] Attempting to run remotely on: [Linux-64], [GoogleChrome], [http://localhost:4444/wd/hub], Headless Execution. @14-10-2021 01:59:31.0523 AM
[ReportManager] Successfully Opened [GoogleChrome]. @14-10-2021 01:59:31.0725 A

################################################################################################################################################
Starting Execution:	[136 out of 143] test cases in the current suite
Test Method:		[testPackage01.Test_uploadFile.uploadFile_invisibleUploadInput]
################################################################################################################################################
[ReportManager] Target URL: [https://fineuploader.com/demos.html#gallery-view] @14-10-2021 01:59:31.0740 AM
[ReportManager] Initial URL: [data:,] @14-10-2021 01:59:31.0778 AM
[ReportManager] Browser Action [NavigateToURL] successfully performed. With the following test data [https://fineuploader.com/demos.html#gallery-view]. @14-10-2021 01:59:34.0080 AM
[ReportManager] File Action [GetAbsolutePath] successfully performed. With the following test data [Relative File Path: "src/main/resources/images/shaft.png"]. @14-10-2021 01:59:34.0080 AM
[ReportManager] Successfully created attachment [File Action Actual Result - Command Log] @14-10-2021 01:59:34.0081 AM
[ReportManager] Element Action [TypeFileLocationForUpload] successfully performed. With the following test data [/home/runner/work/SHAFT_ENGINE/SHAFT_ENGINE/src/main/resources/images/shaft.png]. @14-10-2021 01:59:34.0281 AM
[ReportManager] Attempting to getAttribute [src] from elementLocator [By.xpath: //div[@id='fine-uploader-gallery']//div[@class='qq-thumbnail-wrapper']/img]. @14-10-2021 01:59:34.0281 AM
[ReportManager] Element Action [GetAttribute] successfully performed. @14-10-2021 01:59:34.0388 AM
[ReportManager] Successfully created attachment [Element Action Test Data - GetAttribute - Actual Value] @14-10-2021 01:59:34.0388 AM
[ReportManager] Loaded Shared OpenCV @14-10-2021 01:59:34.0539 AM
[ReportManager] Assertion [ValidateElementAttribute] PASSED. Expected and Actual values are attached. Comparison Type [CONTAINS]. Validation Type [POSITIVE]. @14-10-2021 01:59:34.0623 AM
[ReportManager] Successfully created attachment [Validation Test Data - Expected Value] @14-10-2021 01:59:34.0623 AM
[ReportManager] Successfully created attachment [Validation Test Data - Actual Value] @14-10-2021 01:59:34.0623 AM
[ReportManager] Successfully created attachment [Screenshot - 1634176774538_uploadFile_invisibleUploadInput_ValidateElementAttribute_passed] @14-10-2021 01:59:34.0624 A
[ReportManager] Browser Action [CloseCurrentWindow] successfully performed. @14-10-2021 01:59:34.0750 AM
[ReportManager] Successfully created attachment [Browser Action Test Data - CloseCurrentWindow - Actual Value] @14-10-2021 01:59:34.0751 A
[ReportManager] File Action [GetAbsolutePath] successfully performed. With the following test data [Relative Folder Path: "target/downloadedFiles/"]. @14-10-2021 01:59:34.0757 AM
[ReportManager] Attempting to run remotely on: [Linux-64], [GoogleChrome], [http://localhost:4444/wd/hub], Headless Execution. @14-10-2021 01:59:34.0757 AM
[ReportManager] Successfully Opened [GoogleChrome]. @14-10-2021 01:59:34.0950 A

################################################################################################################################################
Starting Execution:	[137 out of 143] test cases in the current suite
Test Method:		[testPackage01.Test_uploadFile.uploadFile_visibleUploadInput]
################################################################################################################################################
[ReportManager] Target URL: [http://demo.guru99.com/test/upload/] @14-10-2021 01:59:34.0962 AM
[ReportManager] Initial URL: [data:,] @14-10-2021 01:59:35.0003 AM
[ReportManager] Browser Action [NavigateToURL] successfully performed. With the following test data [http://demo.guru99.com/test/upload/]. @14-10-2021 01:59:36.0184 AM
[ReportManager] File Action [GetAbsolutePath] successfully performed. With the following test data [Relative File Path: "src/main/resources/images/shaft.png"]. @14-10-2021 01:59:36.0184 AM
[ReportManager] Successfully created attachment [File Action Actual Result - Command Log] @14-10-2021 01:59:36.0185 AM
[ReportManager] Element Action [TypeFileLocationForUpload] successfully performed. With the following test data [/home/runner/work/SHAFT_ENGINE/SHAFT_ENGINE/src/main/resources/images/shaft.png]. @14-10-2021 01:59:36.0332 AM
[ReportManager] Element Action [Click] successfully performed. With the following test data [on]. @14-10-2021 01:59:36.0646 AM
[ReportManager] Element Action [Click] successfully performed. With the following test data [Submit File]. @14-10-2021 01:59:36.0947 AM
[ReportManager] Element Action [GetText] successfully performed. With the following test data [1 file
has been successfully uploaded.]. @14-10-2021 01:59:37.0582 AM
[ReportManager] Loaded Shared OpenCV @14-10-2021 01:59:37.0717 AM
[ReportManager] Assertion [ValidateElementAttribute] PASSED. Expected [Value Should be '1 file' for the 'Text' attribute, element locator 'By.id: res'] and Actual [1 file
has been successfully uploaded.]. Comparison Type [CONTAINS]. Validation Type [POSITIVE]. @14-10-2021 01:59:37.0797 AM
[ReportManager] Successfully created attachment [Screenshot - 1634176777717_uploadFile_visibleUploadInput_ValidateElementAttribute_passed] @14-10-2021 01:59:37.0798 A
[ReportManager] Browser Action [CloseCurrentWindow] successfully performed. @14-10-2021 01:59:37.0901 AM
[ReportManager] Successfully created attachment [Browser Action Test Data - CloseCurrentWindow - Actual Value] @14-10-2021 01:59:37.0901 A

################################################################################################################################################
Starting Execution:	[138 out of 143] test cases in the current suite
Test Method:		[testPackage01.Test_SelectedValue.multipleSelect]
################################################################################################################################################
[ReportManager] File Action [GetAbsolutePath] successfully performed. With the following test data [Relative Folder Path: "target/downloadedFiles/"]. @14-10-2021 01:59:37.0904 AM
[ReportManager] Attempting to run remotely on: [Linux-64], [GoogleChrome], [http://localhost:4444/wd/hub], Headless Execution. @14-10-2021 01:59:37.0905 AM
[ReportManager] Successfully Opened [GoogleChrome]. @14-10-2021 01:59:38.0109 AM
[ReportManager] Target URL: [https://yari-demos.prod.mdn.mozit.cloud/en-US/docs/Web/HTML/Element/select/_sample_.Advanced_select_with_multiple_features.html] @14-10-2021 01:59:38.0119 AM
[ReportManager] Initial URL: [data:,] @14-10-2021 01:59:38.0162 AM
[ReportManager] Browser Action [NavigateToURL] successfully performed. With the following test data [https://yari-demos.prod.mdn.mozit.cloud/en-US/docs/Web/HTML/Element/select/_sample_.Advanced_select_with_multiple_features.html]. @14-10-2021 01:59:38.0508 AM
[ReportManager] Element Action [Select] successfully performed. With the following test data [Dog]. @14-10-2021 01:59:38.0741 AM
[ReportManager] Element Action [Select] successfully performed. With the following test data [Cat]. @14-10-2021 01:59:38.0951 AM
[ReportManager] Element Action [GetSelectedText] successfully performed. With the following test data [DogCat]. @14-10-2021 01:59:39.0090 AM
[ReportManager] DogCat @14-10-2021 01:59:39.0090 AM
[ReportManager] Element Action [GetSelectedText] successfully performed. With the following test data [DogCat]. @14-10-2021 01:59:39.0208 AM
[ReportManager] Loaded Shared OpenCV @14-10-2021 01:59:39.0319 AM
[ReportManager] Assertion [ValidateElementAttribute] PASSED. Expected [Value Should be 'DogCat' for the 'selectedText' attribute, element locator 'By.tagName: select'] and Actual [DogCat]. Comparison Type [EQUALS]. Validation Type [POSITIVE]. @14-10-2021 01:59:39.0387 AM
[ReportManager] Successfully created attachment [Screenshot - 1634176779319_multipleSelect_ValidateElementAttribute_passed] @14-10-2021 01:59:39.0388 AM
[ReportManager] Browser Action [CloseCurrentWindow] successfully performed. @14-10-2021 01:59:39.0474 AM
[ReportManager] Successfully created attachment [Browser Action Test Data - CloseCurrentWindow - Actual Value] @14-10-2021 01:59:39.0474 A

################################################################################################################################################
Starting Execution:	[139 out of 143] test cases in the current suite
Test Method:		[testPackage01.Test_SelectedValue.simpleSelect]
################################################################################################################################################
[ReportManager] File Action [GetAbsolutePath] successfully performed. With the following test data [Relative Folder Path: "target/downloadedFiles/"]. @14-10-2021 01:59:39.0478 AM
[ReportManager] Attempting to run remotely on: [Linux-64], [GoogleChrome], [http://localhost:4444/wd/hub], Headless Execution. @14-10-2021 01:59:39.0478 AM
[ReportManager] Successfully Opened [GoogleChrome]. @14-10-2021 01:59:39.0685 AM
[ReportManager] Target URL: [https://yari-demos.prod.mdn.mozit.cloud/en-US/docs/Web/HTML/Element/select/_sample_.Basic_select.html] @14-10-2021 01:59:39.0697 AM
[ReportManager] Initial URL: [data:,] @14-10-2021 01:59:39.0746 AM
[ReportManager] Browser Action [NavigateToURL] successfully performed. With the following test data [https://yari-demos.prod.mdn.mozit.cloud/en-US/docs/Web/HTML/Element/select/_sample_.Basic_select.html]. @14-10-2021 01:59:39.0929 AM
[ReportManager] Element Action [Select] successfully performed. With the following test data [Third Value]. @14-10-2021 01:59:40.0227 AM
[ReportManager] Element Action [GetSelectedText] successfully performed. With the following test data [Third Value]. @14-10-2021 01:59:40.0332 AM
[ReportManager] Third Value @14-10-2021 01:59:40.0332 AM
[ReportManager] Element Action [GetSelectedText] successfully performed. With the following test data [Third Value]. @14-10-2021 01:59:40.0431 AM
[ReportManager] Loaded Shared OpenCV @14-10-2021 01:59:40.0550 AM
[ReportManager] Assertion [ValidateElementAttribute] PASSED. Expected [Value Should be 'Third Value' for the 'selectedText' attribute, element locator 'By.tagName: select'] and Actual [Third Value]. Comparison Type [EQUALS]. Validation Type [POSITIVE]. @14-10-2021 01:59:40.0623 AM
[ReportManager] Successfully created attachment [Screenshot - 1634176780550_simpleSelect_ValidateElementAttribute_passed] @14-10-2021 01:59:40.0624 AM
[ReportManager] Browser Action [CloseCurrentWindow] successfully performed. @14-10-2021 01:59:40.0712 AM
[ReportManager] Successfully created attachment [Browser Action Test Data - CloseCurrentWindow - Actual Value] @14-10-2021 01:59:40.0712 A

################################################################################################################################################
Starting Execution:	[140 out of 143] test cases in the current suite
Test Method:		[testPackage01.Test_JSONFileManager.readStringFromJson]
################################################################################################################################################
[ReportManager] Successfully loaded the following test data file [src/test/resources/TestDataFiles/simpleJSON.json]. @14-10-2021 01:59:40.0720 AM
[ReportManager] Successfully created attachment [Test Data - JSON] @14-10-2021 01:59:40.0721 AM
[ReportManager] Assertion [ValidateEquals] PASSED. Expected [Mohab Mohie] and Actual [Mohab Mohie]. Comparison Type [EQUALS]. Validation Type [POSITIVE]. @14-10-2021 01:59:40.0735 A
[ReportManager] Successfully loaded the following test data file [src/test/resources/TestDataFiles/testSuite01/TestData.xlsx]. @14-10-2021 01:59:40.0777 AM
[ReportManager] Successfully created attachment [Test Data - Excel] @14-10-2021 01:59:40.0777 AM
[ReportManager] Attempting to run using Playwright locally on: [Linux-64], [GoogleChrome], Headless Execution. @14-10-2021 01:59:59.0151 AM
[ReportManager] File Action [GetAbsolutePath] successfully performed. With the following test data [Relative Folder Path: "target/downloadedFiles/"]. @14-10-2021 01:59:59.0160 AM
[ReportManager] Initial window size: (1280, 720) @14-10-2021 01:59:59.0499 AM
[ReportManager] Window size after Toolkit: com.microsoft.playwright.options.ViewportSize@7978e2ff @14-10-2021 01:59:59.0512 AM
[ReportManager] Browser Action [MaximizeWindow] successfully performed. With the following test data [New screen size is now: (1920, 1080)]. @14-10-2021 01:59:59.0513 A

################################################################################################################################################
Starting Execution:	[141 out of 143] test cases in the current suite
Test Method:		[testPackage01.Test_google_playwright.navigateToURLandVerifyGoogleLogoIsDisplayed]
Test Description:	[TC001 - Navigate to URL and Verify Google Logo is Displayed]
################################################################################################################################################
[ReportManager] Target URL: [https://www.google.com/ncr], and after redirection: [https://www.google.com] @14-10-2021 01:59:59.0518 AM
[ReportManager] Initial URL: [about:blank] @14-10-2021 01:59:59.0988 AM
[ReportManager] Browser Action [NavigateToURL] successfully performed. With the following test data [https://www.google.com/ncr]. @14-10-2021 02:00:02.0877 AM
[ReportManager] Loaded Shared OpenCV @14-10-2021 02:00:03.0128 AM
[ReportManager] Assertion [ValidateElementExists] PASSED. Expected [Element Should Exist, locator 'xpath=//*[@id='hplogo' or @alt='Google']'] and Actual [Element Exists]. Comparison Type [EQUALS]. Validation Type [POSITIVE]. @14-10-2021 02:00:03.0382 AM
[ReportManager] Successfully created attachment [Screenshot - 1634176803124_navigateToURLandVerifyGoogleLogoIsDisplayed_ValidateElementExists_passed] @14-10-2021 02:00:03.0383 A

################################################################################################################################################
Starting Execution:	[142 out of 143] test cases in the current suite
Test Method:		[testPackage01.Test_google_playwright.searchForQueryandAssertResultsNumDisplayed]
Test Description:	[TC002 - Search for Query and Assert that the number of results is displayed]
################################################################################################################################################
[ReportManager] Element Action [Type] successfully performed. With the following test data [SHAFT_Engine]. @14-10-2021 02:00:03.0684 AM
[ReportManager] Element Action [KeyPress] successfully performed. With the following test data [Enter]. @14-10-2021 02:00:03.0716 AM
[ReportManager] Element Action [GetText] successfully performed. With the following test data [About 1,080,000 results (0.60 seconds)]. @14-10-2021 02:00:04.0593 AM
[ReportManager] Loaded Shared OpenCV @14-10-2021 02:00:06.0818 AM
[ReportManager] Assertion [ValidateElementAttribute] PASSED. Expected [Value Should not be '' for the 'text' attribute, element locator 'xpath=//div[@id='appbar']'] and Actual [About 1,080,000 results (0.60 seconds)]. Comparison Type [EQUALS]. Validation Type [NEGATIVE]. @14-10-2021 02:00:07.0090 AM
[ReportManager] Successfully created attachment [Screenshot - 1634176806817_searchForQueryandAssertResultsNumDisplayed_ValidateElementAttribute_passed] @14-10-2021 02:00:07.0093 A

################################################################################################################################################
Starting Execution:	[143 out of 143] test cases in the current suite
Test Method:		[testPackage01.Test_google_playwright.clickNextThrice]
Test Description:	[TC003 - Clicks the next button to make sure that the framework can scroll element into view before clicking it]
################################################################################################################################################
[ReportManager] Element Action [Click] successfully performed. With the following test data [Next]. @14-10-2021 02:00:07.0370 A
[ReportManager] Failed to find video recording. @14-10-2021 02:00:07.0374 AM
[ReportManager] Successfully Closed PlayWright Driver. @14-10-2021 02:00:07.0435 A

################################################################################################################################################
Test Closure Activities
################################################################################################################################################
[ReportManager] Successfully created attachment [SHAFT Engine Logs - Execution log] @14-10-2021 02:00:07.0458 AM

################################################################################################################################################
This test run was powered by SHAFT Engine Version: [SHAFT Engine v5.4.20211011]
SHAFT Engine is licensed under the MIT License: [https://github.com/MohabMohie/SHAFT_ENGINE/blob/master/LICENSE].
################################################################################################################################################