################################################################################################################################################
Detected SHAFT Engine Version: [SHAFT Engine v6.1.20220113]
################################################################################################################################################
[ReportManager] File Action [GetAbsolutePath] successfully performed. With the following test data [Relative Folder Path: "target/downloadedFiles/"]. @08-03-2022 11:06:34.0386 AM
[ReportManager] Attempting to run locally on: [Mac-64], [Safari], Headless Execution. @08-03-2022 11:06:34.0399 AM
[ReportManager] Successfully Opened Safari. @08-03-2022 11:06:40.0437 AM
[ReportManager] Initial window size: (800, 600) @08-03-2022 11:06:40.0456 AM
[ReportManager] Window size after SWD Maximize: (1176, 802) @08-03-2022 11:06:40.0498 AM
[ReportManager] Browser Action [MaximizeWindow] successfully performed. With the following test data [New screen size is now: (1176, 802)]. @08-03-2022 11:06:40.0507 A

################################################################################################################################################
Starting Execution:	[1 out of 165] test cases in the current suite
Test Method:		[unitTests.tests_element_elementActions.waitForElementToBePresent_false_expectedToFail]
################################################################################################################################################
[ReportManager] Target URL: [https://www.google.com/ncr], and after redirection: [www.google.com] @08-03-2022 11:06:40.0697 AM
[ReportManager] Initial URL: [] @08-03-2022 11:06:40.0760 AM
[ReportManager] Browser Action [NavigateToURL] successfully performed. With the following test data [https://www.google.com/ncr]. @08-03-2022 11:06:44.0216 AM
[ReportManager] Waiting for element to be present; elementLocator [By.xpath: //*[@id='hplogo' or @alt='Google']], numberOfTries[1], stateOfPresence[false]... @08-03-2022 11:06:44.0234 AM
[ReportManager] Element Action [WaitForElementToBePresent] failed. With the following test data [waited for the element's state of presence to be (false). Element locator (By.xpath: //*[@id='hplogo' or @alt='Google'])]. @08-03-2022 11:06:47.0837 AM
[ReportManager] Successfully created attachment [Screenshot - 1646737604537_waitForElementToBePresent_false_expectedToFail_WaitForElementToBePresent_failed] @08-03-2022 11:06:47.0864 A
[ReportManager] Browser Action [CloseCurrentWindow] successfully performed. @08-03-2022 11:06:48.0085 AM
[ReportManager] Successfully created attachment [Browser Action Test Data - CloseCurrentWindow - Actual Value] @08-03-2022 11:06:48.0086 A
[ReportManager] File Action [GetAbsolutePath] successfully performed. With the following test data [Relative Folder Path: "target/downloadedFiles/"]. @08-03-2022 11:06:48.0100 AM
[ReportManager] Attempting to run locally on: [Mac-64], [Safari], Headless Execution. @08-03-2022 11:06:48.0101 AM
[ReportManager] Successfully Opened Safari. @08-03-2022 11:06:49.0037 AM
[ReportManager] Initial window size: (800, 600) @08-03-2022 11:06:49.0065 AM
[ReportManager] Window size after SWD Maximize: (1176, 803) @08-03-2022 11:06:49.0098 AM
[ReportManager] Browser Action [MaximizeWindow] successfully performed. With the following test data [New screen size is now: (1176, 803)]. @08-03-2022 11:06:49.0099 A

################################################################################################################################################
Starting Execution:	[2 out of 165] test cases in the current suite
Test Method:		[unitTests.tests_element_elementActions.waitForElementToBePresent_false_expectedToPass]
################################################################################################################################################
[ReportManager] Target URL: [https://www.google.com/ncr], and after redirection: [www.google.com] @08-03-2022 11:06:49.0104 AM
[ReportManager] Initial URL: [] @08-03-2022 11:06:49.0170 AM
[ReportManager] Browser Action [NavigateToURL] successfully performed. With the following test data [https://www.google.com/ncr]. @08-03-2022 11:06:50.0883 AM
[ReportManager] Waiting for element to be present; elementLocator [By.id: bla], numberOfTries[1], stateOfPresence[false]... @08-03-2022 11:06:50.0887 AM
[ReportManager] org.openqa.selenium.TimeoutException:
Expected condition failed: waiting for com.shaft.gui.element.ElementActionsHelper$$Lambda$643/0x000000080114d450@26a004ed (tried for 5 second(s) with 1000 milliseconds interval)
org.openqa.selenium.support.ui.FluentWait.timeoutException(FluentWait.java:263)
org.openqa.selenium.support.ui.FluentWait.until(FluentWait.java:231)
com.shaft.gui.element.ElementActionsHelper.waitForElementPresence(ElementActionsHelper.java:89)
com.shaft.gui.element.ElementActionsHelper.waitForElementPresence(ElementActionsHelper.java:37)
com.shaft.gui.element.WebDriverElementActions.getMatchingElementsCount(WebDriverElementActions.java:1481)
com.shaft.gui.element.WebDriverElementActions.waitForElementToBePresent(WebDriverElementActions.java:1295)
com.shaft.gui.element.ElementActions.waitForElementToBePresent(ElementActions.java:630)
unitTests.tests_element_elementActions.waitForElementToBePresent_false_expectedToPass(tests_element_elementActions.java:64)
java.base/jdk.internal.reflect.NativeMethodAccessorImpl.invoke0(Native Method)
java.base/jdk.internal.reflect.NativeMethodAccessorImpl.invoke(NativeMethodAccessorImpl.java:77)
java.base/jdk.internal.reflect.DelegatingMethodAccessorImpl.invoke(DelegatingMethodAccessorImpl.java:43)
java.base/java.lang.reflect.Method.invoke(Method.java:568)
org.testng.internal.invokers.MethodInvocationHelper.invokeMethod(MethodInvocationHelper.java:135)
org.testng.internal.invokers.TestInvoker.invokeMethod(TestInvoker.java:673)
org.testng.internal.invokers.TestInvoker.invokeTestMethod(TestInvoker.java:220)
org.testng.internal.invokers.MethodRunner.runInSequence(MethodRunner.java:50)
org.testng.internal.invokers.TestInvoker$MethodInvocationAgent.invoke(TestInvoker.java:945)
org.testng.internal.invokers.TestInvoker.invokeTestMethods(TestInvoker.java:193)
org.testng.internal.invokers.TestMethodWorker.invokeTestMethods(TestMethodWorker.java:146)
org.testng.internal.invokers.TestMethodWorker.run(TestMethodWorker.java:128)
java.base/java.util.ArrayList.forEach(ArrayList.java:1511)
org.testng.TestRunner.privateRun(TestRunner.java:808)
org.testng.TestRunner.run(TestRunner.java:603)
org.testng.SuiteRunner.runTest(SuiteRunner.java:429)
org.testng.SuiteRunner.runSequentially(SuiteRunner.java:423)
org.testng.SuiteRunner.privateRun(SuiteRunner.java:383)
org.testng.SuiteRunner.run(SuiteRunner.java:326)
org.testng.SuiteRunnerWorker.runSuite(SuiteRunnerWorker.java:52)
org.testng.SuiteRunnerWorker.run(SuiteRunnerWorker.java:95)
org.testng.TestNG.runSuitesSequentially(TestNG.java:1249)
org.testng.TestNG.runSuitesLocally(TestNG.java:1169)
org.testng.TestNG.runSuites(TestNG.java:1092)
org.testng.TestNG.run(TestNG.java:1060)
org.apache.maven.surefire.testng.TestNGExecutor.run(TestNGExecutor.java:136)
org.apache.maven.surefire.testng.TestNGDirectoryTestSuite.executeMulti(TestNGDirectoryTestSuite.java:193)
org.apache.maven.surefire.testng.TestNGDirectoryTestSuite.execute(TestNGDirectoryTestSuite.java:94)
org.apache.maven.surefire.testng.TestNGProvider.invoke(TestNGProvider.java:145)
org.apache.maven.surefire.booter.ForkedBooter.runSuitesInProcess(ForkedBooter.java:428)
org.apache.maven.surefire.booter.ForkedBooter.execute(ForkedBooter.java:162)
org.apache.maven.surefire.booter.ForkedBooter.run(ForkedBooter.java:562)
org.apache.maven.surefire.booter.ForkedBooter.main(ForkedBooter.java:548)

Caused by: org.openqa.selenium.NoSuchElementException:
For documentation on this error, please visit: https://selenium.dev/exceptions/#no_such_element
Build info: version: '4.1.2', revision: '9a5a329c5a'
System info: host: 'Mac-1646737484304.local', ip: '10.212.0.75', os.name: 'Mac OS X', os.arch: 'x86_64', os.version: '11.6.4', java.version: '17.0.2'
Driver info: org.openqa.selenium.safari.SafariDriver
Command: [9EE58378-A94B-4BFD-AF42-15A031572774, findElement {using=id, value=bla}]
Capabilities {acceptInsecureCerts: false, browserName: Safari, browserVersion: 15.3, goog:loggingPrefs: {browser: ALL, client: ALL, driver: ALL, performance: ALL, profiler: ALL, server: ALL}, javascriptEnabled: true, pageLoadStrategy: normal, platform: MAC, platformName: MAC, safari:automaticInspection: false, safari:automaticProfiling: false, safari:diagnose: false, safari:platformBuildVersion: 20G417, safari:platformVersion: 11.6.4, safari:useSimulator: false, setWindowRect: true, strictFileInteractability: false, timeouts: {pageLoad: 30000, script: 30000}, webkit:WebRTC: {DisableICECandidateFiltering: false, DisableInsecureMediaCapture: false}}
Session ID: 9EE58378-A94B-4BFD-AF42-15A031572774
java.base/jdk.internal.reflect.NativeConstructorAccessorImpl.newInstance0(Native Method)
java.base/jdk.internal.reflect.NativeConstructorAccessorImpl.newInstance(NativeConstructorAccessorImpl.java:77)
java.base/jdk.internal.reflect.DelegatingConstructorAccessorImpl.newInstance(DelegatingConstructorAccessorImpl.java:45)
java.base/java.lang.reflect.Constructor.newInstanceWithCaller(Constructor.java:499)
java.base/java.lang.reflect.Constructor.newInstance(Constructor.java:480)
org.openqa.selenium.remote.codec.w3c.W3CHttpResponseCodec.createException(W3CHttpResponseCodec.java:200)
org.openqa.selenium.remote.codec.w3c.W3CHttpResponseCodec.decode(W3CHttpResponseCodec.java:133)
org.openqa.selenium.remote.codec.w3c.W3CHttpResponseCodec.decode(W3CHttpResponseCodec.java:53)
org.openqa.selenium.remote.HttpCommandExecutor.execute(HttpCommandExecutor.java:184)
org.openqa.selenium.remote.service.DriverCommandExecutor.invokeExecute(DriverCommandExecutor.java:167)
org.openqa.selenium.remote.service.DriverCommandExecutor.execute(DriverCommandExecutor.java:142)
org.openqa.selenium.remote.RemoteWebDriver.execute(RemoteWebDriver.java:558)
org.openqa.selenium.remote.ElementLocation$ElementFinder$2.findElement(ElementLocation.java:162)
org.openqa.selenium.remote.ElementLocation.findElement(ElementLocation.java:60)
org.openqa.selenium.remote.RemoteWebDriver.findElement(RemoteWebDriver.java:382)
org.openqa.selenium.remote.RemoteWebDriver.findElement(RemoteWebDriver.java:374)
com.shaft.gui.element.ElementActionsHelper.lambda$waitForElementPresence$0(ElementActionsHelper.java:92)
org.openqa.selenium.support.ui.FluentWait.until(FluentWait.java:208)
com.shaft.gui.element.ElementActionsHelper.waitForElementPresence(ElementActionsHelper.java:89)
com.shaft.gui.element.ElementActionsHelper.waitForElementPresence(ElementActionsHelper.java:37)
com.shaft.gui.element.WebDriverElementActions.getMatchingElementsCount(WebDriverElementActions.java:1481)
com.shaft.gui.element.WebDriverElementActions.waitForElementToBePresent(WebDriverElementActions.java:1295)
com.shaft.gui.element.ElementActions.waitForElementToBePresent(ElementActions.java:630)
unitTests.tests_element_elementActions.waitForElementToBePresent_false_expectedToPass(tests_element_elementActions.java:64)
java.base/jdk.internal.reflect.NativeMethodAccessorImpl.invoke0(Native Method)
java.base/jdk.internal.reflect.NativeMethodAccessorImpl.invoke(NativeMethodAccessorImpl.java:77)
java.base/jdk.internal.reflect.DelegatingMethodAccessorImpl.invoke(DelegatingMethodAccessorImpl.java:43)
java.base/java.lang.reflect.Method.invoke(Method.java:568)
org.testng.internal.invokers.MethodInvocationHelper.invokeMethod(MethodInvocationHelper.java:135)
org.testng.internal.invokers.TestInvoker.invokeMethod(TestInvoker.java:673)
org.testng.internal.invokers.TestInvoker.invokeTestMethod(TestInvoker.java:220)
org.testng.internal.invokers.MethodRunner.runInSequence(MethodRunner.java:50)
org.testng.internal.invokers.TestInvoker$MethodInvocationAgent.invoke(TestInvoker.java:945)
org.testng.internal.invokers.TestInvoker.invokeTestMethods(TestInvoker.java:193)
org.testng.internal.invokers.TestMethodWorker.invokeTestMethods(TestMethodWorker.java:146)
org.testng.internal.invokers.TestMethodWorker.run(TestMethodWorker.java:128)
java.base/java.util.ArrayList.forEach(ArrayList.java:1511)
org.testng.TestRunner.privateRun(TestRunner.java:808)
org.testng.TestRunner.run(TestRunner.java:603)
org.testng.SuiteRunner.runTest(SuiteRunner.java:429)
org.testng.SuiteRunner.runSequentially(SuiteRunner.java:423)
org.testng.SuiteRunner.privateRun(SuiteRunner.java:383)
org.testng.SuiteRunner.run(SuiteRunner.java:326)
org.testng.SuiteRunnerWorker.runSuite(SuiteRunnerWorker.java:52)
org.testng.SuiteRunnerWorker.run(SuiteRunnerWorker.java:95)
org.testng.TestNG.runSuitesSequentially(TestNG.java:1249)
org.testng.TestNG.runSuitesLocally(TestNG.java:1169)
org.testng.TestNG.runSuites(TestNG.java:1092)
org.testng.TestNG.run(TestNG.java:1060)
org.apache.maven.surefire.testng.TestNGExecutor.run(TestNGExecutor.java:136)
org.apache.maven.surefire.testng.TestNGDirectoryTestSuite.executeMulti(TestNGDirectoryTestSuite.java:193)
org.apache.maven.surefire.testng.TestNGDirectoryTestSuite.execute(TestNGDirectoryTestSuite.java:94)
org.apache.maven.surefire.testng.TestNGProvider.invoke(TestNGProvider.java:145)
org.apache.maven.surefire.booter.ForkedBooter.runSuitesInProcess(ForkedBooter.java:428)
org.apache.maven.surefire.booter.ForkedBooter.execute(ForkedBooter.java:162)
org.apache.maven.surefire.booter.ForkedBooter.run(ForkedBooter.java:562)
org.apache.maven.surefire.booter.ForkedBooter.main(ForkedBooter.java:548) @08-03-2022 11:06:56.0130 AM
[ReportManager] Element Action [WaitForElementToBePresent] successfully performed. With the following test data [waited for the element's state of presence to be (false). Element locator (By.id: bla)]. @08-03-2022 11:06:56.0131 A
[ReportManager] Browser Action [CloseCurrentWindow] successfully performed. @08-03-2022 11:06:56.0489 AM
[ReportManager] Successfully created attachment [Browser Action Test Data - CloseCurrentWindow - Actual Value] @08-03-2022 11:06:56.0490 A
[ReportManager] File Action [GetAbsolutePath] successfully performed. With the following test data [Relative Folder Path: "target/downloadedFiles/"]. @08-03-2022 11:06:56.0498 AM
[ReportManager] Attempting to run locally on: [Mac-64], [Safari], Headless Execution. @08-03-2022 11:06:56.0499 AM
[ReportManager] Successfully Opened Safari. @08-03-2022 11:06:57.0503 AM
[ReportManager] Initial window size: (800, 600) @08-03-2022 11:06:57.0518 AM
[ReportManager] Window size after SWD Maximize: (1176, 803) @08-03-2022 11:06:57.0555 AM
[ReportManager] Browser Action [MaximizeWindow] successfully performed. With the following test data [New screen size is now: (1176, 803)]. @08-03-2022 11:06:57.0556 A

################################################################################################################################################
Starting Execution:	[3 out of 165] test cases in the current suite
Test Method:		[unitTests.tests_element_elementActions.waitForElementToBePresent_moreThanOneElement_expectedToFail]
################################################################################################################################################
[ReportManager] Target URL: [https://www.google.com/ncr], and after redirection: [www.google.com] @08-03-2022 11:06:57.0560 AM
[ReportManager] Initial URL: [] @08-03-2022 11:06:57.0608 AM
[ReportManager] Browser Action [NavigateToURL] successfully performed. With the following test data [https://www.google.com/ncr]. @08-03-2022 11:06:58.0982 AM
[ReportManager] Waiting for element to be present; elementLocator [By.xpath: //*], numberOfTries[1], stateOfPresence[false]... @08-03-2022 11:06:58.0982 AM
[ReportManager] Element Action [WaitForElementToBePresent] failed. With the following test data [waited for the element's state of presence to be (false). Element locator (By.xpath: //*)]. @08-03-2022 11:06:59.0428 AM
[ReportManager] Successfully created attachment [Screenshot - 1646737619148_waitForElementToBePresent_moreThanOneElement_expectedToFail_WaitForElementToBePresent_failed] @08-03-2022 11:06:59.0433 A
[ReportManager] Browser Action [CloseCurrentWindow] successfully performed. @08-03-2022 11:06:59.0574 AM
[ReportManager] Successfully created attachment [Browser Action Test Data - CloseCurrentWindow - Actual Value] @08-03-2022 11:06:59.0576 A
[ReportManager] File Action [GetAbsolutePath] successfully performed. With the following test data [Relative Folder Path: "target/downloadedFiles/"]. @08-03-2022 11:06:59.0580 AM
[ReportManager] Attempting to run locally on: [Mac-64], [Safari], Headless Execution. @08-03-2022 11:06:59.0581 AM
[ReportManager] Successfully Opened Safari. @08-03-2022 11:07:00.0417 AM
[ReportManager] Initial window size: (800, 600) @08-03-2022 11:07:00.0448 AM
[ReportManager] Window size after SWD Maximize: (1176, 803) @08-03-2022 11:07:00.0474 AM
[ReportManager] Browser Action [MaximizeWindow] successfully performed. With the following test data [New screen size is now: (1176, 803)]. @08-03-2022 11:07:00.0475 A

################################################################################################################################################
Starting Execution:	[4 out of 165] test cases in the current suite
Test Method:		[unitTests.tests_element_elementActions.waitForElementToBePresent_true_expectedToFail]
################################################################################################################################################
[ReportManager] Target URL: [https://www.google.com/ncr], and after redirection: [www.google.com] @08-03-2022 11:07:00.0478 AM
[ReportManager] Initial URL: [] @08-03-2022 11:07:00.0545 AM
[ReportManager] Browser Action [NavigateToURL] successfully performed. With the following test data [https://www.google.com/ncr]. @08-03-2022 11:07:01.0895 AM
[ReportManager] Waiting for element to be present; elementLocator [By.id: bla], numberOfTries[1], stateOfPresence[true]... @08-03-2022 11:07:01.0895 AM
[ReportManager] org.openqa.selenium.TimeoutException:
Expected condition failed: waiting for com.shaft.gui.element.ElementActionsHelper$$Lambda$643/0x000000080114d450@121b7a95 (tried for 5 second(s) with 1000 milliseconds interval)
org.openqa.selenium.support.ui.FluentWait.timeoutException(FluentWait.java:263)
org.openqa.selenium.support.ui.FluentWait.until(FluentWait.java:231)
com.shaft.gui.element.ElementActionsHelper.waitForElementPresence(ElementActionsHelper.java:89)
com.shaft.gui.element.ElementActionsHelper.waitForElementPresence(ElementActionsHelper.java:37)
com.shaft.gui.element.WebDriverElementActions.getMatchingElementsCount(WebDriverElementActions.java:1481)
com.shaft.gui.element.WebDriverElementActions.waitForElementToBePresent(WebDriverElementActions.java:1295)
com.shaft.gui.element.ElementActions.waitForElementToBePresent(ElementActions.java:630)
unitTests.tests_element_elementActions.waitForElementToBePresent_true_expectedToFail(tests_element_elementActions.java:55)
java.base/jdk.internal.reflect.NativeMethodAccessorImpl.invoke0(Native Method)
java.base/jdk.internal.reflect.NativeMethodAccessorImpl.invoke(NativeMethodAccessorImpl.java:77)
java.base/jdk.internal.reflect.DelegatingMethodAccessorImpl.invoke(DelegatingMethodAccessorImpl.java:43)
java.base/java.lang.reflect.Method.invoke(Method.java:568)
org.testng.internal.invokers.MethodInvocationHelper.invokeMethod(MethodInvocationHelper.java:135)
org.testng.internal.invokers.TestInvoker.invokeMethod(TestInvoker.java:673)
org.testng.internal.invokers.TestInvoker.invokeTestMethod(TestInvoker.java:220)
org.testng.internal.invokers.MethodRunner.runInSequence(MethodRunner.java:50)
org.testng.internal.invokers.TestInvoker$MethodInvocationAgent.invoke(TestInvoker.java:945)
org.testng.internal.invokers.TestInvoker.invokeTestMethods(TestInvoker.java:193)
org.testng.internal.invokers.TestMethodWorker.invokeTestMethods(TestMethodWorker.java:146)
org.testng.internal.invokers.TestMethodWorker.run(TestMethodWorker.java:128)
java.base/java.util.ArrayList.forEach(ArrayList.java:1511)
org.testng.TestRunner.privateRun(TestRunner.java:808)
org.testng.TestRunner.run(TestRunner.java:603)
org.testng.SuiteRunner.runTest(SuiteRunner.java:429)
org.testng.SuiteRunner.runSequentially(SuiteRunner.java:423)
org.testng.SuiteRunner.privateRun(SuiteRunner.java:383)
org.testng.SuiteRunner.run(SuiteRunner.java:326)
org.testng.SuiteRunnerWorker.runSuite(SuiteRunnerWorker.java:52)
org.testng.SuiteRunnerWorker.run(SuiteRunnerWorker.java:95)
org.testng.TestNG.runSuitesSequentially(TestNG.java:1249)
org.testng.TestNG.runSuitesLocally(TestNG.java:1169)
org.testng.TestNG.runSuites(TestNG.java:1092)
org.testng.TestNG.run(TestNG.java:1060)
org.apache.maven.surefire.testng.TestNGExecutor.run(TestNGExecutor.java:136)
org.apache.maven.surefire.testng.TestNGDirectoryTestSuite.executeMulti(TestNGDirectoryTestSuite.java:193)
org.apache.maven.surefire.testng.TestNGDirectoryTestSuite.execute(TestNGDirectoryTestSuite.java:94)
org.apache.maven.surefire.testng.TestNGProvider.invoke(TestNGProvider.java:145)
org.apache.maven.surefire.booter.ForkedBooter.runSuitesInProcess(ForkedBooter.java:428)
org.apache.maven.surefire.booter.ForkedBooter.execute(ForkedBooter.java:162)
org.apache.maven.surefire.booter.ForkedBooter.run(ForkedBooter.java:562)
org.apache.maven.surefire.booter.ForkedBooter.main(ForkedBooter.java:548)

Caused by: org.openqa.selenium.NoSuchElementException:
For documentation on this error, please visit: https://selenium.dev/exceptions/#no_such_element
Build info: version: '4.1.2', revision: '9a5a329c5a'
System info: host: 'Mac-1646737484304.local', ip: '10.212.0.75', os.name: 'Mac OS X', os.arch: 'x86_64', os.version: '11.6.4', java.version: '17.0.2'
Driver info: org.openqa.selenium.safari.SafariDriver
Command: [3CAABADA-211F-4334-B3A4-240C026C4EFA, findElement {using=id, value=bla}]
Capabilities {acceptInsecureCerts: false, browserName: Safari, browserVersion: 15.3, goog:loggingPrefs: {browser: ALL, client: ALL, driver: ALL, performance: ALL, profiler: ALL, server: ALL}, javascriptEnabled: true, pageLoadStrategy: normal, platform: MAC, platformName: MAC, safari:automaticInspection: false, safari:automaticProfiling: false, safari:diagnose: false, safari:platformBuildVersion: 20G417, safari:platformVersion: 11.6.4, safari:useSimulator: false, setWindowRect: true, strictFileInteractability: false, timeouts: {pageLoad: 30000, script: 30000}, webkit:WebRTC: {DisableICECandidateFiltering: false, DisableInsecureMediaCapture: false}}
Session ID: 3CAABADA-211F-4334-B3A4-240C026C4EFA
java.base/jdk.internal.reflect.NativeConstructorAccessorImpl.newInstance0(Native Method)
java.base/jdk.internal.reflect.NativeConstructorAccessorImpl.newInstance(NativeConstructorAccessorImpl.java:77)
java.base/jdk.internal.reflect.DelegatingConstructorAccessorImpl.newInstance(DelegatingConstructorAccessorImpl.java:45)
java.base/java.lang.reflect.Constructor.newInstanceWithCaller(Constructor.java:499)
java.base/java.lang.reflect.Constructor.newInstance(Constructor.java:480)
org.openqa.selenium.remote.codec.w3c.W3CHttpResponseCodec.createException(W3CHttpResponseCodec.java:200)
org.openqa.selenium.remote.codec.w3c.W3CHttpResponseCodec.decode(W3CHttpResponseCodec.java:133)
org.openqa.selenium.remote.codec.w3c.W3CHttpResponseCodec.decode(W3CHttpResponseCodec.java:53)
org.openqa.selenium.remote.HttpCommandExecutor.execute(HttpCommandExecutor.java:184)
org.openqa.selenium.remote.service.DriverCommandExecutor.invokeExecute(DriverCommandExecutor.java:167)
org.openqa.selenium.remote.service.DriverCommandExecutor.execute(DriverCommandExecutor.java:142)
org.openqa.selenium.remote.RemoteWebDriver.execute(RemoteWebDriver.java:558)
org.openqa.selenium.remote.ElementLocation$ElementFinder$2.findElement(ElementLocation.java:162)
org.openqa.selenium.remote.ElementLocation.findElement(ElementLocation.java:60)
org.openqa.selenium.remote.RemoteWebDriver.findElement(RemoteWebDriver.java:382)
org.openqa.selenium.remote.RemoteWebDriver.findElement(RemoteWebDriver.java:374)
com.shaft.gui.element.ElementActionsHelper.lambda$waitForElementPresence$0(ElementActionsHelper.java:92)
org.openqa.selenium.support.ui.FluentWait.until(FluentWait.java:208)
com.shaft.gui.element.ElementActionsHelper.waitForElementPresence(ElementActionsHelper.java:89)
com.shaft.gui.element.ElementActionsHelper.waitForElementPresence(ElementActionsHelper.java:37)
com.shaft.gui.element.WebDriverElementActions.getMatchingElementsCount(WebDriverElementActions.java:1481)
com.shaft.gui.element.WebDriverElementActions.waitForElementToBePresent(WebDriverElementActions.java:1295)
com.shaft.gui.element.ElementActions.waitForElementToBePresent(ElementActions.java:630)
unitTests.tests_element_elementActions.waitForElementToBePresent_true_expectedToFail(tests_element_elementActions.java:55)
java.base/jdk.internal.reflect.NativeMethodAccessorImpl.invoke0(Native Method)
java.base/jdk.internal.reflect.NativeMethodAccessorImpl.invoke(NativeMethodAccessorImpl.java:77)
java.base/jdk.internal.reflect.DelegatingMethodAccessorImpl.invoke(DelegatingMethodAccessorImpl.java:43)
java.base/java.lang.reflect.Method.invoke(Method.java:568)
org.testng.internal.invokers.MethodInvocationHelper.invokeMethod(MethodInvocationHelper.java:135)
org.testng.internal.invokers.TestInvoker.invokeMethod(TestInvoker.java:673)
org.testng.internal.invokers.TestInvoker.invokeTestMethod(TestInvoker.java:220)
org.testng.internal.invokers.MethodRunner.runInSequence(MethodRunner.java:50)
org.testng.internal.invokers.TestInvoker$MethodInvocationAgent.invoke(TestInvoker.java:945)
org.testng.internal.invokers.TestInvoker.invokeTestMethods(TestInvoker.java:193)
org.testng.internal.invokers.TestMethodWorker.invokeTestMethods(TestMethodWorker.java:146)
org.testng.internal.invokers.TestMethodWorker.run(TestMethodWorker.java:128)
java.base/java.util.ArrayList.forEach(ArrayList.java:1511)
org.testng.TestRunner.privateRun(TestRunner.java:808)
org.testng.TestRunner.run(TestRunner.java:603)
org.testng.SuiteRunner.runTest(SuiteRunner.java:429)
org.testng.SuiteRunner.runSequentially(SuiteRunner.java:423)
org.testng.SuiteRunner.privateRun(SuiteRunner.java:383)
org.testng.SuiteRunner.run(SuiteRunner.java:326)
org.testng.SuiteRunnerWorker.runSuite(SuiteRunnerWorker.java:52)
org.testng.SuiteRunnerWorker.run(SuiteRunnerWorker.java:95)
org.testng.TestNG.runSuitesSequentially(TestNG.java:1249)
org.testng.TestNG.runSuitesLocally(TestNG.java:1169)
org.testng.TestNG.runSuites(TestNG.java:1092)
org.testng.TestNG.run(TestNG.java:1060)
org.apache.maven.surefire.testng.TestNGExecutor.run(TestNGExecutor.java:136)
org.apache.maven.surefire.testng.TestNGDirectoryTestSuite.executeMulti(TestNGDirectoryTestSuite.java:193)
org.apache.maven.surefire.testng.TestNGDirectoryTestSuite.execute(TestNGDirectoryTestSuite.java:94)
org.apache.maven.surefire.testng.TestNGProvider.invoke(TestNGProvider.java:145)
org.apache.maven.surefire.booter.ForkedBooter.runSuitesInProcess(ForkedBooter.java:428)
org.apache.maven.surefire.booter.ForkedBooter.execute(ForkedBooter.java:162)
org.apache.maven.surefire.booter.ForkedBooter.run(ForkedBooter.java:562)
org.apache.maven.surefire.booter.ForkedBooter.main(ForkedBooter.java:548) @08-03-2022 11:07:07.0262 AM
[ReportManager] Element Action [WaitForElementToBePresent] failed. With the following test data [waited for the element's state of presence to be (true). Element locator (By.id: bla)]. @08-03-2022 11:07:07.0461 AM
[ReportManager] Successfully created attachment [Screenshot - 1646737627309_waitForElementToBePresent_true_expectedToFail_WaitForElementToBePresent_failed] @08-03-2022 11:07:07.0464 A
[ReportManager] Browser Action [CloseCurrentWindow] successfully performed. @08-03-2022 11:07:07.0804 AM
[ReportManager] Successfully created attachment [Browser Action Test Data - CloseCurrentWindow - Actual Value] @08-03-2022 11:07:07.0805 A
[ReportManager] File Action [GetAbsolutePath] successfully performed. With the following test data [Relative Folder Path: "target/downloadedFiles/"]. @08-03-2022 11:07:07.0810 AM
[ReportManager] Attempting to run locally on: [Mac-64], [Safari], Headless Execution. @08-03-2022 11:07:07.0810 AM
[ReportManager] Successfully Opened Safari. @08-03-2022 11:07:08.0711 AM
[ReportManager] Initial window size: (800, 600) @08-03-2022 11:07:08.0734 AM
[ReportManager] Window size after SWD Maximize: (1176, 803) @08-03-2022 11:07:08.0754 AM
[ReportManager] Browser Action [MaximizeWindow] successfully performed. With the following test data [New screen size is now: (1176, 803)]. @08-03-2022 11:07:08.0755 A

################################################################################################################################################
Starting Execution:	[5 out of 165] test cases in the current suite
Test Method:		[unitTests.tests_element_elementActions.waitForElementToBePresent_true_expectedToPass]
################################################################################################################################################
[ReportManager] Target URL: [https://www.google.com/ncr], and after redirection: [www.google.com] @08-03-2022 11:07:08.0760 AM
[ReportManager] Initial URL: [] @08-03-2022 11:07:08.0811 AM
[ReportManager] Browser Action [NavigateToURL] successfully performed. With the following test data [https://www.google.com/ncr]. @08-03-2022 11:07:10.0282 AM
[ReportManager] Waiting for element to be present; elementLocator [By.xpath: //*[@id='hplogo' or @alt='Google']], numberOfTries[1], stateOfPresence[true]... @08-03-2022 11:07:10.0282 AM
[ReportManager] Element Action [WaitForElementToBePresent] successfully performed. With the following test data [waited for the element's state of presence to be (true). Element locator (By.xpath: //*[@id='hplogo' or @alt='Google'])]. @08-03-2022 11:07:10.0339 AM
[ReportManager] File Action [DoesFileExist] successfully performed. With the following test data [File Path: "src/main/resources/dynamicObjectRepository/unitTests_tests_element_elementActions_waitForElementToBePresent_true_expectedToPass_By_xpath_id_hplogo_or_alt_Google.png"]. @08-03-2022 11:07:10.0357 AM
[ReportManager] File Action [DoesFileExist] successfully performed. With the following test data [File Path: "src/main/resources/dynamicObjectRepository/unitTests_tests_element_elementActions_waitForElementToBePresent_true_expectedToPass_By_xpath_id_hplogo_or_alt_Google.png"]. @08-03-2022 11:07:10.0563 AM
[ReportManager] Passing the test and saving a reference image @08-03-2022 11:07:10.0563 AM
[ReportManager] File Action [GetAbsolutePath] successfully performed. With the following test data [Relative File Path: "src/main/resources/dynamicObjectRepository/unitTests_tests_element_elementActions_waitForElementToBePresent_true_expectedToPass_By_xpath_id_hplogo_or_alt_Google.png"]. @08-03-2022 11:07:10.0563 AM
[ReportManager] File Action [WriteToFile] successfully performed. With the following test data [Target File Path: "/Users/runner/work/SHAFT_ENGINE/SHAFT_ENGINE/src/main/resources/dynamicObjectRepository/unitTests_tests_element_elementActions_waitForElementToBePresent_true_expectedToPass_By_xpath_id_hplogo_or_alt_Google.png"]. @08-03-2022 11:07:10.0577 AM
[ReportManager] Assertion Passed: Using Visual AI; OpenCV @08-03-2022 11:07:10.0580 AM
[ReportManager] Successfully created attachment [Validation Test Data - Actual Screenshot] @08-03-2022 11:07:10.0581 AM
[ReportManager] Assertion [ValidateElementMatches] PASSED. Expected [Element should match the reference screenshot] and Actual [TRUE]. Comparison Type [EXACT_OPENCV]. Validation Type [POSITIVE]. @08-03-2022 11:07:10.0581 A
[ReportManager] Browser Action [CloseCurrentWindow] successfully performed. @08-03-2022 11:07:10.0758 AM
[ReportManager] Successfully created attachment [Browser Action Test Data - CloseCurrentWindow - Actual Value] @08-03-2022 11:07:10.0759 A
[ReportManager] File Action [GetAbsolutePath] successfully performed. With the following test data [Relative Folder Path: "target/downloadedFiles/"]. @08-03-2022 11:07:10.0763 AM
[ReportManager] Attempting to run locally on: [Mac-64], [Safari], Headless Execution. @08-03-2022 11:07:10.0764 AM
[ReportManager] Successfully Opened Safari. @08-03-2022 11:07:11.0665 AM
[ReportManager] Initial window size: (800, 600) @08-03-2022 11:07:11.0676 AM
[ReportManager] Window size after SWD Maximize: (1176, 803) @08-03-2022 11:07:11.0693 AM
[ReportManager] Browser Action [MaximizeWindow] successfully performed. With the following test data [New screen size is now: (1176, 803)]. @08-03-2022 11:07:11.0694 AM
[ReportManager] Target URL: [https://duckduckgo.com] @08-03-2022 11:07:11.0694 AM
[ReportManager] Initial URL: [] @08-03-2022 11:07:11.0764 AM
[ReportManager] Browser Action [NavigateToURL] successfully performed. With the following test data [https://duckduckgo.com]. @08-03-2022 11:07:12.0520 A

################################################################################################################################################
Starting Execution:	[6 out of 165] test cases in the current suite
Test Method:		[unitTests.tests_browserActions.fullScreenWindow]
################################################################################################################################################
[ReportManager] Initial Windows Size: 1176x803 @08-03-2022 11:07:12.0531 AM
[ReportManager] Current Windows Size after fullScreen: 1176x885 @08-03-2022 11:07:12.0792 AM
[ReportManager] Browser Action [FullScreenWindow] successfully performed. @08-03-2022 11:07:12.0822 AM
[ReportManager] Successfully created attachment [Browser Action Test Data - FullScreenWindow - Actual Value] @08-03-2022 11:07:12.0824 A
[ReportManager] Target URL: [https://duckduckgo.com] @08-03-2022 11:07:12.0830 AM
[ReportManager] Initial URL: [https://duckduckgo.com] @08-03-2022 11:07:12.0897 AM
[ReportManager] Browser Action [NavigateToURL] successfully performed. With the following test data [https://duckduckgo.com]. @08-03-2022 11:07:13.0548 AM
[ReportManager] Browser Action [CloseCurrentWindow] successfully performed. @08-03-2022 11:07:13.0724 AM
[ReportManager] Successfully created attachment [Browser Action Test Data - CloseCurrentWindow - Actual Value] @08-03-2022 11:07:13.0726 A
[ReportManager] File Action [GetAbsolutePath] successfully performed. With the following test data [Relative Folder Path: "target/downloadedFiles/"]. @08-03-2022 11:07:13.0730 AM
[ReportManager] Attempting to run locally on: [Mac-64], [Safari], Headless Execution. @08-03-2022 11:07:13.0731 AM
[ReportManager] Successfully Opened Safari. @08-03-2022 11:07:14.0625 AM
[ReportManager] Initial window size: (800, 600) @08-03-2022 11:07:14.0652 AM
[ReportManager] Window size after SWD Maximize: (1176, 803) @08-03-2022 11:07:14.0666 AM
[ReportManager] Browser Action [MaximizeWindow] successfully performed. With the following test data [New screen size is now: (1176, 803)]. @08-03-2022 11:07:14.0667 AM
[ReportManager] Target URL: [https://duckduckgo.com] @08-03-2022 11:07:14.0667 AM
[ReportManager] Initial URL: [] @08-03-2022 11:07:14.0725 AM
[ReportManager] Browser Action [NavigateToURL] successfully performed. With the following test data [https://duckduckgo.com]. @08-03-2022 11:07:15.0334 A

################################################################################################################################################
Starting Execution:	[7 out of 165] test cases in the current suite
Test Method:		[unitTests.tests_browserActions.getCurrentURL]
################################################################################################################################################
[ReportManager] Browser Action [GetCurrentURL] successfully performed. With the following test data [https://duckduckgo.com/]. @08-03-2022 11:07:15.0392 A
[ReportManager] Target URL: [https://duckduckgo.com] @08-03-2022 11:07:15.0394 AM
[ReportManager] Initial URL: [https://duckduckgo.com] @08-03-2022 11:07:15.0428 AM
[ReportManager] Browser Action [NavigateToURL] successfully performed. With the following test data [https://duckduckgo.com]. @08-03-2022 11:07:15.0723 AM
[ReportManager] Browser Action [CloseCurrentWindow] successfully performed. @08-03-2022 11:07:16.0082 AM
[ReportManager] Successfully created attachment [Browser Action Test Data - CloseCurrentWindow - Actual Value] @08-03-2022 11:07:16.0083 A
[ReportManager] File Action [GetAbsolutePath] successfully performed. With the following test data [Relative Folder Path: "target/downloadedFiles/"]. @08-03-2022 11:07:16.0086 AM
[ReportManager] Attempting to run locally on: [Mac-64], [Safari], Headless Execution. @08-03-2022 11:07:16.0087 AM
[ReportManager] Successfully Opened Safari. @08-03-2022 11:07:16.0909 AM
[ReportManager] Initial window size: (800, 600) @08-03-2022 11:07:16.0933 AM
[ReportManager] Window size after SWD Maximize: (1176, 803) @08-03-2022 11:07:16.0960 AM
[ReportManager] Browser Action [MaximizeWindow] successfully performed. With the following test data [New screen size is now: (1176, 803)]. @08-03-2022 11:07:16.0961 AM
[ReportManager] Target URL: [https://duckduckgo.com] @08-03-2022 11:07:16.0961 AM
[ReportManager] Initial URL: [] @08-03-2022 11:07:17.0005 AM
[ReportManager] Browser Action [NavigateToURL] successfully performed. With the following test data [https://duckduckgo.com]. @08-03-2022 11:07:17.0664 A

################################################################################################################################################
Starting Execution:	[8 out of 165] test cases in the current suite
Test Method:		[unitTests.tests_browserActions.getCurrentWindowTitle]
################################################################################################################################################
[ReportManager] Browser Action [GetCurrentWindowTitle] successfully performed. With the following test data [DuckDuckGo â€” Privacy, simplified.]. @08-03-2022 11:07:17.0725 A
[ReportManager] Target URL: [https://duckduckgo.com] @08-03-2022 11:07:17.0727 AM
[ReportManager] Initial URL: [https://duckduckgo.com] @08-03-2022 11:07:17.0759 AM
[ReportManager] Browser Action [NavigateToURL] successfully performed. With the following test data [https://duckduckgo.com]. @08-03-2022 11:07:18.0039 AM
[ReportManager] Browser Action [CloseCurrentWindow] successfully performed. @08-03-2022 11:07:18.0181 AM
[ReportManager] Successfully created attachment [Browser Action Test Data - CloseCurrentWindow - Actual Value] @08-03-2022 11:07:18.0182 A
[ReportManager] File Action [GetAbsolutePath] successfully performed. With the following test data [Relative Folder Path: "target/downloadedFiles/"]. @08-03-2022 11:07:18.0190 AM
[ReportManager] Attempting to run locally on: [Mac-64], [Safari], Headless Execution. @08-03-2022 11:07:18.0190 AM
[ReportManager] An Exception Occured with this Message: Could not start a new session. Possible causes are invalid address of the remote server or browser start-up failure.. @08-03-2022 11:07:18.0508 AM
[ReportManager] Successfully created attachment [Exception Stack Trace - org.openqa.selenium.SessionNotCreatedException] @08-03-2022 11:07:18.0508 AM
[ReportManager] Driver Factory Action [createNewLocalDriverInstanceForSafari] failed. With the following test data [Failed to create a session on DESKTOP_SAFARI]. @08-03-2022 11:07:18.0509 A

################################################################################################################################################
Starting Execution:	[9 out of 165] test cases in the current suite
Test Method:		[unitTests.tests_browserActions.getPageSource]
###############################################################################################################################################



################################################################################################################################################
Starting Execution:	[10 out of 165] test cases in the current suite
Test Method:		[unitTests.tests_browserActions.getWindowHandle]
###############################################################################################################################################



################################################################################################################################################
Starting Execution:	[11 out of 165] test cases in the current suite
Test Method:		[unitTests.tests_browserActions.getWindowPosition]
###############################################################################################################################################



################################################################################################################################################
Starting Execution:	[12 out of 165] test cases in the current suite
Test Method:		[unitTests.tests_browserActions.getWindowSize]
###############################################################################################################################################



################################################################################################################################################
Starting Execution:	[13 out of 165] test cases in the current suite
Test Method:		[unitTests.tests_browserActions.maximizeWindow]
###############################################################################################################################################



################################################################################################################################################
Starting Execution:	[14 out of 165] test cases in the current suite
Test Method:		[unitTests.tests_browserActions.navigateBack]
###############################################################################################################################################



################################################################################################################################################
Starting Execution:	[15 out of 165] test cases in the current suite
Test Method:		[unitTests.tests_browserActions.navigateForward]
###############################################################################################################################################



################################################################################################################################################
Starting Execution:	[16 out of 165] test cases in the current suite
Test Method:		[unitTests.tests_browserActions.navigateToURL]
###############################################################################################################################################



################################################################################################################################################
Starting Execution:	[17 out of 165] test cases in the current suite
Test Method:		[unitTests.tests_browserActions.navigateToURLWithRedirection]
###############################################################################################################################################



################################################################################################################################################
Starting Execution:	[18 out of 165] test cases in the current suite
Test Method:		[unitTests.tests_browserActions.refreshCurrentPage]
###############################################################################################################################################



################################################################################################################################################
Starting Execution:	[19 out of 165] test cases in the current suite
Test Method:		[unitTests.tests_browserActions.setWindowSize]
###############################################################################################################################################

[ReportManager] Successfully loaded the following test data file [src/test/resources/testDataFiles/testSuite01/TestData.xlsx]. @08-03-2022 11:07:20.0851 AM
[ReportManager] Successfully created attachment [Test Data - Excel] @08-03-2022 11:07:20.0852 A

################################################################################################################################################
Starting Execution:	[20 out of 165] test cases in the current suite
Test Method:		[unitTests.tests_io_excelFileManager.getCellData_rowName_expectedToPass]
################################################################################################################################################
[ReportManager] testRowData. @08-03-2022 11:07:20.0873 A

################################################################################################################################################
Starting Execution:	[21 out of 165] test cases in the current suite
Test Method:		[unitTests.tests_validations_assertions.assertComparativeRelation_greaterThanOrEquals_false_equals_expectedToFail]
################################################################################################################################################
[ReportManager] Assertion [ValidateComparativeRelation] FAILED. Expected [1] and Actual [1]. Comparison Type [GREATER_THAN_OR_EQUALS]. Validation Type [NEGATIVE]. @08-03-2022 11:07:20.0888 A

################################################################################################################################################
Starting Execution:	[22 out of 165] test cases in the current suite
Test Method:		[unitTests.tests_validations_assertions.assertComparativeRelation_greaterThanOrEquals_false_equals_expectedToPass]
################################################################################################################################################
[ReportManager] Assertion [ValidateComparativeRelation] PASSED. Expected [2] and Actual [1]. Comparison Type [GREATER_THAN_OR_EQUALS]. Validation Type [NEGATIVE]. @08-03-2022 11:07:20.0916 A

################################################################################################################################################
Starting Execution:	[23 out of 165] test cases in the current suite
Test Method:		[unitTests.tests_validations_assertions.assertComparativeRelation_greaterThanOrEquals_false_greaterThan_expectedToFail]
################################################################################################################################################
[ReportManager] Assertion [ValidateComparativeRelation] FAILED. Expected [1] and Actual [2]. Comparison Type [GREATER_THAN_OR_EQUALS]. Validation Type [NEGATIVE]. @08-03-2022 11:07:20.0923 A

################################################################################################################################################
Starting Execution:	[24 out of 165] test cases in the current suite
Test Method:		[unitTests.tests_validations_assertions.assertComparativeRelation_greaterThanOrEquals_false_greaterThan_expectedToPass]
################################################################################################################################################
[ReportManager] Assertion [ValidateComparativeRelation] PASSED. Expected [2] and Actual [1]. Comparison Type [GREATER_THAN_OR_EQUALS]. Validation Type [NEGATIVE]. @08-03-2022 11:07:20.0931 A

################################################################################################################################################
Starting Execution:	[25 out of 165] test cases in the current suite
Test Method:		[unitTests.tests_validations_assertions.assertComparativeRelation_greaterThanOrEquals_true_equals_expectedToFail]
################################################################################################################################################
[ReportManager] Assertion [ValidateComparativeRelation] FAILED. Expected [1] and Actual [0]. Comparison Type [GREATER_THAN_OR_EQUALS]. Validation Type [POSITIVE]. @08-03-2022 11:07:20.0936 A

################################################################################################################################################
Starting Execution:	[26 out of 165] test cases in the current suite
Test Method:		[unitTests.tests_validations_assertions.assertComparativeRelation_greaterThanOrEquals_true_equals_expectedToPass]
################################################################################################################################################
[ReportManager] Assertion [ValidateComparativeRelation] PASSED. Expected [1] and Actual [1]. Comparison Type [GREATER_THAN_OR_EQUALS]. Validation Type [POSITIVE]. @08-03-2022 11:07:20.0942 A

################################################################################################################################################
Starting Execution:	[27 out of 165] test cases in the current suite
Test Method:		[unitTests.tests_validations_assertions.assertComparativeRelation_greaterThanOrEquals_true_greaterThan_expectedToFail]
################################################################################################################################################
[ReportManager] Assertion [ValidateComparativeRelation] FAILED. Expected [2] and Actual [1]. Comparison Type [GREATER_THAN_OR_EQUALS]. Validation Type [POSITIVE]. @08-03-2022 11:07:20.0947 A

################################################################################################################################################
Starting Execution:	[28 out of 165] test cases in the current suite
Test Method:		[unitTests.tests_validations_assertions.assertComparativeRelation_greaterThanOrEquals_true_greaterThan_expectedToPass]
################################################################################################################################################
[ReportManager] Assertion [ValidateComparativeRelation] PASSED. Expected [1] and Actual [2]. Comparison Type [GREATER_THAN_OR_EQUALS]. Validation Type [POSITIVE]. @08-03-2022 11:07:20.0951 A
[ReportManager] File Action [GetAbsolutePath] successfully performed. With the following test data [Relative Folder Path: "target/downloadedFiles/"]. @08-03-2022 11:07:20.0955 AM
[ReportManager] Attempting to run locally on: [Mac-64], [Safari], Headless Execution. @08-03-2022 11:07:20.0955 AM
[ReportManager] Successfully Opened Safari. @08-03-2022 11:07:21.0781 AM
[ReportManager] Initial window size: (800, 600) @08-03-2022 11:07:21.0798 AM
[ReportManager] Window size after SWD Maximize: (1176, 803) @08-03-2022 11:07:21.0828 AM
[ReportManager] Browser Action [MaximizeWindow] successfully performed. With the following test data [New screen size is now: (1176, 803)]. @08-03-2022 11:07:21.0828 AM
[ReportManager] Target URL: [https://www.google.com/ncr], and after redirection: [www.google.com] @08-03-2022 11:07:21.0828 AM
[ReportManager] Initial URL: [] @08-03-2022 11:07:21.0873 AM
[ReportManager] Browser Action [NavigateToURL] successfully performed. With the following test data [https://www.google.com/ncr]. @08-03-2022 11:07:23.0301 A

################################################################################################################################################
Starting Execution:	[29 out of 165] test cases in the current suite
Test Method:		[unitTests.tests_validations_assertions.assertElementAttribute_false_caseInsensitiveComparison_expectedToFail]
################################################################################################################################################
[ReportManager] Element Action [Type] successfully performed. With the following test data [AUTOMATION]. @08-03-2022 11:07:24.0252 AM
[ReportManager] Element Action [GetText] successfully performed. With the following test data [AUTOMATION]. @08-03-2022 11:07:24.0356 AM
[ReportManager] Assertion [ValidateElementAttribute] FAILED. Expected [Value Should not be 'AutomaTion' for the 'text' attribute, element locator 'By.name: q'] and Actual [AUTOMATION]. Comparison Type [CASE_INSENSITIVE]. Validation Type [NEGATIVE]. @08-03-2022 11:07:24.0816 AM
[ReportManager] Successfully created attachment [Screenshot - 1646737644653_assertElementAttribute_false_caseInsensitiveComparison_expectedToFail_ValidateElementAttribute_failed] @08-03-2022 11:07:24.0820 A
[ReportManager] Browser Action [CloseCurrentWindow] successfully performed. @08-03-2022 11:07:25.0258 AM
[ReportManager] Successfully created attachment [Browser Action Test Data - CloseCurrentWindow - Actual Value] @08-03-2022 11:07:25.0259 A
[ReportManager] File Action [GetAbsolutePath] successfully performed. With the following test data [Relative Folder Path: "target/downloadedFiles/"]. @08-03-2022 11:07:25.0264 AM
[ReportManager] Attempting to run locally on: [Mac-64], [Safari], Headless Execution. @08-03-2022 11:07:25.0264 AM
[ReportManager] Successfully Opened Safari. @08-03-2022 11:07:26.0099 AM
[ReportManager] Initial window size: (800, 600) @08-03-2022 11:07:26.0120 AM
[ReportManager] Window size after SWD Maximize: (1176, 803) @08-03-2022 11:07:26.0153 AM
[ReportManager] Browser Action [MaximizeWindow] successfully performed. With the following test data [New screen size is now: (1176, 803)]. @08-03-2022 11:07:26.0153 AM
[ReportManager] Target URL: [https://www.google.com/ncr], and after redirection: [www.google.com] @08-03-2022 11:07:26.0154 AM
[ReportManager] Initial URL: [] @08-03-2022 11:07:26.0205 AM
[ReportManager] Browser Action [NavigateToURL] successfully performed. With the following test data [https://www.google.com/ncr]. @08-03-2022 11:07:27.0568 A

################################################################################################################################################
Starting Execution:	[30 out of 165] test cases in the current suite
Test Method:		[unitTests.tests_validations_assertions.assertElementAttribute_false_caseInsensitiveComparison_expectedToPass]
################################################################################################################################################
[ReportManager] Element Action [Type] successfully performed. With the following test data [AUTOMATION]. @08-03-2022 11:07:28.0439 AM
[ReportManager] Element Action [GetText] successfully performed. With the following test data [AUTOMATION]. @08-03-2022 11:07:28.0530 AM
[ReportManager] Assertion [ValidateElementAttribute] PASSED. Expected [Value Should not be 'AutomaTion123' for the 'text' attribute, element locator 'By.name: q'] and Actual [AUTOMATION]. Comparison Type [CASE_INSENSITIVE]. Validation Type [NEGATIVE]. @08-03-2022 11:07:28.0833 AM
[ReportManager] Successfully created attachment [Screenshot - 1646737648690_assertElementAttribute_false_caseInsensitiveComparison_expectedToPass_ValidateElementAttribute_passed] @08-03-2022 11:07:28.0839 A
[ReportManager] Browser Action [CloseCurrentWindow] successfully performed. @08-03-2022 11:07:29.0199 AM
[ReportManager] Successfully created attachment [Browser Action Test Data - CloseCurrentWindow - Actual Value] @08-03-2022 11:07:29.0200 A
[ReportManager] File Action [GetAbsolutePath] successfully performed. With the following test data [Relative Folder Path: "target/downloadedFiles/"]. @08-03-2022 11:07:29.0204 AM
[ReportManager] Attempting to run locally on: [Mac-64], [Safari], Headless Execution. @08-03-2022 11:07:29.0204 AM
[ReportManager] Successfully Opened Safari. @08-03-2022 11:07:30.0014 AM
[ReportManager] Initial window size: (800, 600) @08-03-2022 11:07:30.0032 AM
[ReportManager] Window size after SWD Maximize: (1176, 803) @08-03-2022 11:07:30.0062 AM
[ReportManager] Browser Action [MaximizeWindow] successfully performed. With the following test data [New screen size is now: (1176, 803)]. @08-03-2022 11:07:30.0062 AM
[ReportManager] Target URL: [https://www.google.com/ncr], and after redirection: [www.google.com] @08-03-2022 11:07:30.0062 AM
[ReportManager] Initial URL: [] @08-03-2022 11:07:30.0114 AM
[ReportManager] Browser Action [NavigateToURL] successfully performed. With the following test data [https://www.google.com/ncr]. @08-03-2022 11:07:31.0525 A

################################################################################################################################################
Starting Execution:	[31 out of 165] test cases in the current suite
Test Method:		[unitTests.tests_validations_assertions.assertElementAttribute_false_containsComparison_expectedToFail]
################################################################################################################################################
[ReportManager] Element Action [Type] successfully performed. With the following test data [Automation123]. @08-03-2022 11:07:32.0441 AM
[ReportManager] Element Action [GetText] successfully performed. With the following test data [Automation123]. @08-03-2022 11:07:32.0609 AM
[ReportManager] Assertion [ValidateElementAttribute] FAILED. Expected [Value Should not be 'Automation' for the 'text' attribute, element locator 'By.name: q'] and Actual [Automation123]. Comparison Type [CONTAINS]. Validation Type [NEGATIVE]. @08-03-2022 11:07:32.0889 AM
[ReportManager] Successfully created attachment [Screenshot - 1646737652743_assertElementAttribute_false_containsComparison_expectedToFail_ValidateElementAttribute_failed] @08-03-2022 11:07:32.0891 A
[ReportManager] Browser Action [CloseCurrentWindow] successfully performed. @08-03-2022 11:07:33.0009 AM
[ReportManager] Successfully created attachment [Browser Action Test Data - CloseCurrentWindow - Actual Value] @08-03-2022 11:07:33.0010 A
[ReportManager] File Action [GetAbsolutePath] successfully performed. With the following test data [Relative Folder Path: "target/downloadedFiles/"]. @08-03-2022 11:07:33.0016 AM
[ReportManager] Attempting to run locally on: [Mac-64], [Safari], Headless Execution. @08-03-2022 11:07:33.0016 AM
[ReportManager] Successfully Opened Safari. @08-03-2022 11:07:33.0824 AM
[ReportManager] Initial window size: (800, 600) @08-03-2022 11:07:33.0838 AM
[ReportManager] Window size after SWD Maximize: (1176, 803) @08-03-2022 11:07:33.0856 AM
[ReportManager] Browser Action [MaximizeWindow] successfully performed. With the following test data [New screen size is now: (1176, 803)]. @08-03-2022 11:07:33.0857 AM
[ReportManager] Target URL: [https://www.google.com/ncr], and after redirection: [www.google.com] @08-03-2022 11:07:33.0857 AM
[ReportManager] Initial URL: [] @08-03-2022 11:07:33.0912 AM
[ReportManager] Browser Action [NavigateToURL] successfully performed. With the following test data [https://www.google.com/ncr]. @08-03-2022 11:07:35.0289 A

################################################################################################################################################
Starting Execution:	[32 out of 165] test cases in the current suite
Test Method:		[unitTests.tests_validations_assertions.assertElementAttribute_false_containsComparison_expectedToPass]
################################################################################################################################################
[ReportManager] Element Action [Type] successfully performed. With the following test data [Automation123]. @08-03-2022 11:07:36.0150 AM
[ReportManager] Element Action [GetText] successfully performed. With the following test data [Automation123]. @08-03-2022 11:07:36.0271 AM
[ReportManager] Assertion [ValidateElementAttribute] PASSED. Expected [Value Should not be 'Automation1234' for the 'text' attribute, element locator 'By.name: q'] and Actual [Automation123]. Comparison Type [CONTAINS]. Validation Type [NEGATIVE]. @08-03-2022 11:07:36.0511 AM
[ReportManager] Successfully created attachment [Screenshot - 1646737656416_assertElementAttribute_false_containsComparison_expectedToPass_ValidateElementAttribute_passed] @08-03-2022 11:07:36.0512 A
[ReportManager] Browser Action [CloseCurrentWindow] successfully performed. @08-03-2022 11:07:36.0829 AM
[ReportManager] Successfully created attachment [Browser Action Test Data - CloseCurrentWindow - Actual Value] @08-03-2022 11:07:36.0830 A
[ReportManager] File Action [GetAbsolutePath] successfully performed. With the following test data [Relative Folder Path: "target/downloadedFiles/"]. @08-03-2022 11:07:36.0833 AM
[ReportManager] Attempting to run locally on: [Mac-64], [Safari], Headless Execution. @08-03-2022 11:07:36.0834 AM
[ReportManager] Successfully Opened Safari. @08-03-2022 11:07:37.0644 AM
[ReportManager] Initial window size: (800, 600) @08-03-2022 11:07:37.0669 AM
[ReportManager] Window size after SWD Maximize: (1176, 803) @08-03-2022 11:07:37.0686 AM
[ReportManager] Browser Action [MaximizeWindow] successfully performed. With the following test data [New screen size is now: (1176, 803)]. @08-03-2022 11:07:37.0686 AM
[ReportManager] Target URL: [https://www.google.com/ncr], and after redirection: [www.google.com] @08-03-2022 11:07:37.0686 AM
[ReportManager] Initial URL: [] @08-03-2022 11:07:37.0752 AM
[ReportManager] Browser Action [NavigateToURL] successfully performed. With the following test data [https://www.google.com/ncr]. @08-03-2022 11:07:39.0085 A

################################################################################################################################################
Starting Execution:	[33 out of 165] test cases in the current suite
Test Method:		[unitTests.tests_validations_assertions.assertElementAttribute_false_literalComparison_expectedToFail]
################################################################################################################################################
[ReportManager] Element Action [Type] successfully performed. With the following test data [Automation!@#$%^&*()_+{}[]\';/.,]. @08-03-2022 11:07:40.0688 AM
[ReportManager] Element Action [GetText] successfully performed. With the following test data [Automation!@#$%^&*()_+{}[]\';/.,]. @08-03-2022 11:07:40.0767 AM
[ReportManager] Assertion [ValidateElementAttribute] PASSED. Expected [Value Should not be 'Automation!@#$%^&*()_+{}[]\\';/.,' for the 'text' attribute, element locator 'By.name: q'] and Actual [Automation!@#$%^&*()_+{}[]\';/.,]. Comparison Type [EQUALS]. Validation Type [NEGATIVE]. @08-03-2022 11:07:41.0049 AM
[ReportManager] Successfully created attachment [Screenshot - 1646737660896_assertElementAttribute_false_literalComparison_expectedToFail_ValidateElementAttribute_passed] @08-03-2022 11:07:41.0050 A
[ReportManager] Browser Action [CloseCurrentWindow] successfully performed. @08-03-2022 11:07:41.0200 AM
[ReportManager] Successfully created attachment [Browser Action Test Data - CloseCurrentWindow - Actual Value] @08-03-2022 11:07:41.0201 A
[ReportManager] File Action [GetAbsolutePath] successfully performed. With the following test data [Relative Folder Path: "target/downloadedFiles/"]. @08-03-2022 11:07:41.0204 AM
[ReportManager] Attempting to run locally on: [Mac-64], [Safari], Headless Execution. @08-03-2022 11:07:41.0204 AM
[ReportManager] Successfully Opened Safari. @08-03-2022 11:07:42.0079 AM
[ReportManager] Initial window size: (800, 600) @08-03-2022 11:07:42.0103 AM
[ReportManager] Window size after SWD Maximize: (1176, 803) @08-03-2022 11:07:42.0144 AM
[ReportManager] Browser Action [MaximizeWindow] successfully performed. With the following test data [New screen size is now: (1176, 803)]. @08-03-2022 11:07:42.0145 AM
[ReportManager] Target URL: [https://www.google.com/ncr], and after redirection: [www.google.com] @08-03-2022 11:07:42.0145 AM
[ReportManager] Initial URL: [] @08-03-2022 11:07:42.0244 AM
[ReportManager] Browser Action [NavigateToURL] successfully performed. With the following test data [https://www.google.com/ncr]. @08-03-2022 11:07:43.0545 A

################################################################################################################################################
Starting Execution:	[34 out of 165] test cases in the current suite
Test Method:		[unitTests.tests_validations_assertions.assertElementAttribute_false_literalComparison_expectedToPass]
################################################################################################################################################
[ReportManager] Element Action [Type] successfully performed. With the following test data [Automation!@#$%^&*()_+{}[]\';/.,]. @08-03-2022 11:07:45.0346 AM
[ReportManager] Element Action [GetText] successfully performed. With the following test data [Automation!@#$%^&*()_+{}[]\';/.,]. @08-03-2022 11:07:45.0427 AM
[ReportManager] Assertion [ValidateElementAttribute] PASSED. Expected [Value Should not be 'Automation' for the 'text' attribute, element locator 'By.name: q'] and Actual [Automation!@#$%^&*()_+{}[]\';/.,]. Comparison Type [EQUALS]. Validation Type [NEGATIVE]. @08-03-2022 11:07:45.0671 AM
[ReportManager] Successfully created attachment [Screenshot - 1646737665570_assertElementAttribute_false_literalComparison_expectedToPass_ValidateElementAttribute_passed] @08-03-2022 11:07:45.0673 A
[ReportManager] Browser Action [CloseCurrentWindow] successfully performed. @08-03-2022 11:07:46.0055 AM
[ReportManager] Successfully created attachment [Browser Action Test Data - CloseCurrentWindow - Actual Value] @08-03-2022 11:07:46.0056 A
[ReportManager] File Action [GetAbsolutePath] successfully performed. With the following test data [Relative Folder Path: "target/downloadedFiles/"]. @08-03-2022 11:07:46.0059 AM
[ReportManager] Attempting to run locally on: [Mac-64], [Safari], Headless Execution. @08-03-2022 11:07:46.0060 AM
[ReportManager] Successfully Opened Safari. @08-03-2022 11:07:46.0865 AM
[ReportManager] Initial window size: (800, 600) @08-03-2022 11:07:46.0889 AM
[ReportManager] Window size after SWD Maximize: (1176, 803) @08-03-2022 11:07:46.0943 AM
[ReportManager] Browser Action [MaximizeWindow] successfully performed. With the following test data [New screen size is now: (1176, 803)]. @08-03-2022 11:07:46.0943 AM
[ReportManager] Target URL: [https://www.google.com/ncr], and after redirection: [www.google.com] @08-03-2022 11:07:46.0943 AM
[ReportManager] Initial URL: [] @08-03-2022 11:07:46.0984 AM
[ReportManager] Browser Action [NavigateToURL] successfully performed. With the following test data [https://www.google.com/ncr]. @08-03-2022 11:07:48.0668 A

################################################################################################################################################
Starting Execution:	[35 out of 165] test cases in the current suite
Test Method:		[unitTests.tests_validations_assertions.assertElementAttribute_false_regexComparison_expectedToFail]
################################################################################################################################################
[ReportManager] Element Action [Type] successfully performed. With the following test data [Automation123]. @08-03-2022 11:07:49.0683 AM
[ReportManager] Element Action [GetText] successfully performed. With the following test data [Automation123]. @08-03-2022 11:07:49.0772 AM
[ReportManager] Assertion [ValidateElementAttribute] FAILED. Expected [Value Should not be 'Automation.*' for the 'text' attribute, element locator 'By.name: q'] and Actual [Automation123]. Comparison Type [MATCHES]. Validation Type [NEGATIVE]. @08-03-2022 11:07:50.0013 AM
[ReportManager] Successfully created attachment [Screenshot - 1646737669921_assertElementAttribute_false_regexComparison_expectedToFail_ValidateElementAttribute_failed] @08-03-2022 11:07:50.0017 A
[ReportManager] Browser Action [CloseCurrentWindow] successfully performed. @08-03-2022 11:07:50.0412 AM
[ReportManager] Successfully created attachment [Browser Action Test Data - CloseCurrentWindow - Actual Value] @08-03-2022 11:07:50.0413 A
[ReportManager] File Action [GetAbsolutePath] successfully performed. With the following test data [Relative Folder Path: "target/downloadedFiles/"]. @08-03-2022 11:07:50.0416 AM
[ReportManager] Attempting to run locally on: [Mac-64], [Safari], Headless Execution. @08-03-2022 11:07:50.0416 AM
[ReportManager] Successfully Opened Safari. @08-03-2022 11:07:51.0214 AM
[ReportManager] Initial window size: (800, 600) @08-03-2022 11:07:51.0227 AM
[ReportManager] Window size after SWD Maximize: (1176, 803) @08-03-2022 11:07:51.0254 AM
[ReportManager] Browser Action [MaximizeWindow] successfully performed. With the following test data [New screen size is now: (1176, 803)]. @08-03-2022 11:07:51.0254 AM
[ReportManager] Target URL: [https://www.google.com/ncr], and after redirection: [www.google.com] @08-03-2022 11:07:51.0255 AM
[ReportManager] Initial URL: [] @08-03-2022 11:07:51.0294 AM
[ReportManager] Browser Action [NavigateToURL] successfully performed. With the following test data [https://www.google.com/ncr]. @08-03-2022 11:07:52.0644 A

################################################################################################################################################
Starting Execution:	[36 out of 165] test cases in the current suite
Test Method:		[unitTests.tests_validations_assertions.assertElementAttribute_false_regexComparison_expectedToPass]
################################################################################################################################################
[ReportManager] Element Action [Type] successfully performed. With the following test data [Automation123]. @08-03-2022 11:07:53.0698 AM
[ReportManager] Element Action [GetText] successfully performed. With the following test data [Automation123]. @08-03-2022 11:07:53.0788 AM
[ReportManager] Assertion [ValidateElementAttribute] PASSED. Expected [Value Should not be 'Automation' for the 'text' attribute, element locator 'By.name: q'] and Actual [Automation123]. Comparison Type [MATCHES]. Validation Type [NEGATIVE]. @08-03-2022 11:07:54.0066 AM
[ReportManager] Successfully created attachment [Screenshot - 1646737673917_assertElementAttribute_false_regexComparison_expectedToPass_ValidateElementAttribute_passed] @08-03-2022 11:07:54.0068 A
[ReportManager] Browser Action [CloseCurrentWindow] successfully performed. @08-03-2022 11:07:54.0411 AM
[ReportManager] Successfully created attachment [Browser Action Test Data - CloseCurrentWindow - Actual Value] @08-03-2022 11:07:54.0412 A
[ReportManager] File Action [GetAbsolutePath] successfully performed. With the following test data [Relative Folder Path: "target/downloadedFiles/"]. @08-03-2022 11:07:54.0415 AM
[ReportManager] Attempting to run locally on: [Mac-64], [Safari], Headless Execution. @08-03-2022 11:07:54.0416 AM
[ReportManager] Successfully Opened Safari. @08-03-2022 11:07:55.0326 AM
[ReportManager] Initial window size: (800, 600) @08-03-2022 11:07:55.0352 AM
[ReportManager] Window size after SWD Maximize: (1176, 803) @08-03-2022 11:07:55.0370 AM
[ReportManager] Browser Action [MaximizeWindow] successfully performed. With the following test data [New screen size is now: (1176, 803)]. @08-03-2022 11:07:55.0370 AM
[ReportManager] Target URL: [https://www.google.com/ncr], and after redirection: [www.google.com] @08-03-2022 11:07:55.0370 AM
[ReportManager] Initial URL: [] @08-03-2022 11:07:55.0432 AM
[ReportManager] Browser Action [NavigateToURL] successfully performed. With the following test data [https://www.google.com/ncr]. @08-03-2022 11:07:56.0983 A

################################################################################################################################################
Starting Execution:	[37 out of 165] test cases in the current suite
Test Method:		[unitTests.tests_validations_assertions.assertElementAttribute_true_caseInsensitiveComparison_expectedToFail]
################################################################################################################################################
[ReportManager] Element Action [Type] successfully performed. With the following test data [AUTOMATION]. @08-03-2022 11:07:57.0972 AM
[ReportManager] Element Action [GetText] successfully performed. With the following test data [AUTOMATION]. @08-03-2022 11:07:58.0034 AM
[ReportManager] Assertion [ValidateElementAttribute] FAILED. Expected [Value Should be 'AutomaTion123' for the 'text' attribute, element locator 'By.name: q'] and Actual [AUTOMATION]. Comparison Type [CASE_INSENSITIVE]. Validation Type [POSITIVE]. @08-03-2022 11:07:58.0267 AM
[ReportManager] Successfully created attachment [Screenshot - 1646737678169_assertElementAttribute_true_caseInsensitiveComparison_expectedToFail_ValidateElementAttribute_failed] @08-03-2022 11:07:58.0269 A
[ReportManager] Browser Action [CloseCurrentWindow] successfully performed. @08-03-2022 11:07:58.0634 AM
[ReportManager] Successfully created attachment [Browser Action Test Data - CloseCurrentWindow - Actual Value] @08-03-2022 11:07:58.0635 A
[ReportManager] File Action [GetAbsolutePath] successfully performed. With the following test data [Relative Folder Path: "target/downloadedFiles/"]. @08-03-2022 11:07:58.0639 AM
[ReportManager] Attempting to run locally on: [Mac-64], [Safari], Headless Execution. @08-03-2022 11:07:58.0639 AM
[ReportManager] Successfully Opened Safari. @08-03-2022 11:07:59.0460 AM
[ReportManager] Initial window size: (800, 600) @08-03-2022 11:07:59.0471 AM
[ReportManager] Window size after SWD Maximize: (1176, 803) @08-03-2022 11:07:59.0494 AM
[ReportManager] Browser Action [MaximizeWindow] successfully performed. With the following test data [New screen size is now: (1176, 803)]. @08-03-2022 11:07:59.0494 AM
[ReportManager] Target URL: [https://www.google.com/ncr], and after redirection: [www.google.com] @08-03-2022 11:07:59.0494 AM
[ReportManager] Initial URL: [] @08-03-2022 11:07:59.0533 AM
[ReportManager] Browser Action [NavigateToURL] successfully performed. With the following test data [https://www.google.com/ncr]. @08-03-2022 11:08:00.0900 A

################################################################################################################################################
Starting Execution:	[38 out of 165] test cases in the current suite
Test Method:		[unitTests.tests_validations_assertions.assertElementAttribute_true_caseInsensitiveComparison_expectedToPass]
################################################################################################################################################
[ReportManager] Element Action [Type] successfully performed. With the following test data [AUTOMATION]. @08-03-2022 11:08:01.0778 AM
[ReportManager] Element Action [GetText] successfully performed. With the following test data [AUTOMATION]. @08-03-2022 11:08:01.0838 AM
[ReportManager] Assertion [ValidateElementAttribute] PASSED. Expected [Value Should be 'AutomaTion' for the 'text' attribute, element locator 'By.name: q'] and Actual [AUTOMATION]. Comparison Type [CASE_INSENSITIVE]. Validation Type [POSITIVE]. @08-03-2022 11:08:02.0097 AM
[ReportManager] Successfully created attachment [Screenshot - 1646737682006_assertElementAttribute_true_caseInsensitiveComparison_expectedToPass_ValidateElementAttribute_passed] @08-03-2022 11:08:02.0105 A
[ReportManager] Browser Action [CloseCurrentWindow] successfully performed. @08-03-2022 11:08:02.0258 AM
[ReportManager] Successfully created attachment [Browser Action Test Data - CloseCurrentWindow - Actual Value] @08-03-2022 11:08:02.0259 A
[ReportManager] File Action [GetAbsolutePath] successfully performed. With the following test data [Relative Folder Path: "target/downloadedFiles/"]. @08-03-2022 11:08:02.0263 AM
[ReportManager] Attempting to run locally on: [Mac-64], [Safari], Headless Execution. @08-03-2022 11:08:02.0263 AM
[ReportManager] Successfully Opened Safari. @08-03-2022 11:08:03.0109 AM
[ReportManager] Initial window size: (800, 600) @08-03-2022 11:08:03.0146 AM
[ReportManager] Window size after SWD Maximize: (1176, 803) @08-03-2022 11:08:03.0168 AM
[ReportManager] Browser Action [MaximizeWindow] successfully performed. With the following test data [New screen size is now: (1176, 803)]. @08-03-2022 11:08:03.0168 AM
[ReportManager] Target URL: [https://www.google.com/ncr], and after redirection: [www.google.com] @08-03-2022 11:08:03.0168 AM
[ReportManager] Initial URL: [] @08-03-2022 11:08:03.0216 AM
[ReportManager] Browser Action [NavigateToURL] successfully performed. With the following test data [https://www.google.com/ncr]. @08-03-2022 11:08:04.0753 A

################################################################################################################################################
Starting Execution:	[39 out of 165] test cases in the current suite
Test Method:		[unitTests.tests_validations_assertions.assertElementAttribute_true_containsComparison_expectedToFail]
################################################################################################################################################
[ReportManager] Element Action [Type] successfully performed. With the following test data [Automation123]. @08-03-2022 11:08:05.0638 AM
[ReportManager] Element Action [GetText] successfully performed. With the following test data [Automation123]. @08-03-2022 11:08:05.0745 AM
[ReportManager] Assertion [ValidateElementAttribute] FAILED. Expected [Value Should be 'Automation1234' for the 'text' attribute, element locator 'By.name: q'] and Actual [Automation123]. Comparison Type [CONTAINS]. Validation Type [POSITIVE]. @08-03-2022 11:08:05.0996 AM
[ReportManager] Successfully created attachment [Screenshot - 1646737685907_assertElementAttribute_true_containsComparison_expectedToFail_ValidateElementAttribute_failed] @08-03-2022 11:08:05.0997 A
[ReportManager] Browser Action [CloseCurrentWindow] successfully performed. @08-03-2022 11:08:06.0383 AM
[ReportManager] Successfully created attachment [Browser Action Test Data - CloseCurrentWindow - Actual Value] @08-03-2022 11:08:06.0384 A
[ReportManager] File Action [GetAbsolutePath] successfully performed. With the following test data [Relative Folder Path: "target/downloadedFiles/"]. @08-03-2022 11:08:06.0388 AM
[ReportManager] Attempting to run locally on: [Mac-64], [Safari], Headless Execution. @08-03-2022 11:08:06.0388 AM
[ReportManager] Successfully Opened Safari. @08-03-2022 11:08:07.0223 AM
[ReportManager] Initial window size: (800, 600) @08-03-2022 11:08:07.0249 AM
[ReportManager] Window size after SWD Maximize: (1176, 803) @08-03-2022 11:08:07.0271 AM
[ReportManager] Browser Action [MaximizeWindow] successfully performed. With the following test data [New screen size is now: (1176, 803)]. @08-03-2022 11:08:07.0272 AM
[ReportManager] Target URL: [https://www.google.com/ncr], and after redirection: [www.google.com] @08-03-2022 11:08:07.0272 AM
[ReportManager] Initial URL: [] @08-03-2022 11:08:07.0331 AM
[ReportManager] Browser Action [NavigateToURL] successfully performed. With the following test data [https://www.google.com/ncr]. @08-03-2022 11:08:08.0775 A

################################################################################################################################################
Starting Execution:	[40 out of 165] test cases in the current suite
Test Method:		[unitTests.tests_validations_assertions.assertElementAttribute_true_containsComparison_expectedToPass]
################################################################################################################################################
[ReportManager] Element Action [Type] successfully performed. With the following test data [Automation123]. @08-03-2022 11:08:09.0836 AM
[ReportManager] Element Action [GetText] successfully performed. With the following test data [Automation123]. @08-03-2022 11:08:09.0910 AM
[ReportManager] Assertion [ValidateElementAttribute] PASSED. Expected [Value Should be 'Automation' for the 'text' attribute, element locator 'By.name: q'] and Actual [Automation123]. Comparison Type [CONTAINS]. Validation Type [POSITIVE]. @08-03-2022 11:08:10.0186 AM
[ReportManager] Successfully created attachment [Screenshot - 1646737690046_assertElementAttribute_true_containsComparison_expectedToPass_ValidateElementAttribute_passed] @08-03-2022 11:08:10.0188 A
[ReportManager] Browser Action [CloseCurrentWindow] successfully performed. @08-03-2022 11:08:10.0333 AM
[ReportManager] Successfully created attachment [Browser Action Test Data - CloseCurrentWindow - Actual Value] @08-03-2022 11:08:10.0333 A
[ReportManager] File Action [GetAbsolutePath] successfully performed. With the following test data [Relative Folder Path: "target/downloadedFiles/"]. @08-03-2022 11:08:10.0337 AM
[ReportManager] Attempting to run locally on: [Mac-64], [Safari], Headless Execution. @08-03-2022 11:08:10.0337 AM
[ReportManager] Successfully Opened Safari. @08-03-2022 11:08:11.0143 AM
[ReportManager] Initial window size: (800, 600) @08-03-2022 11:08:11.0156 AM
[ReportManager] Window size after SWD Maximize: (1176, 803) @08-03-2022 11:08:11.0170 AM
[ReportManager] Browser Action [MaximizeWindow] successfully performed. With the following test data [New screen size is now: (1176, 803)]. @08-03-2022 11:08:11.0170 AM
[ReportManager] Target URL: [https://www.google.com/ncr], and after redirection: [www.google.com] @08-03-2022 11:08:11.0171 AM
[ReportManager] Initial URL: [] @08-03-2022 11:08:11.0224 AM
[ReportManager] Browser Action [NavigateToURL] successfully performed. With the following test data [https://www.google.com/ncr]. @08-03-2022 11:08:12.0538 A

################################################################################################################################################
Starting Execution:	[41 out of 165] test cases in the current suite
Test Method:		[unitTests.tests_validations_assertions.assertElementAttribute_true_literalComparison_expectedToFail]
################################################################################################################################################
[ReportManager] Element Action [Type] successfully performed. With the following test data [Automation!@#$%^&*()_+{}[]\';/.,]. @08-03-2022 11:08:14.0398 AM
[ReportManager] Element Action [GetText] successfully performed. With the following test data [Automation!@#$%^&*()_+{}[]\';/.,]. @08-03-2022 11:08:14.0474 AM
[ReportManager] Assertion [ValidateElementAttribute] FAILED. Expected [Value Should be 'Automation' for the 'text' attribute, element locator 'By.name: q'] and Actual [Automation!@#$%^&*()_+{}[]\';/.,]. Comparison Type [EQUALS]. Validation Type [POSITIVE]. @08-03-2022 11:08:14.0759 AM
[ReportManager] Successfully created attachment [Screenshot - 1646737694614_assertElementAttribute_true_literalComparison_expectedToFail_ValidateElementAttribute_failed] @08-03-2022 11:08:14.0760 A
[ReportManager] Browser Action [CloseCurrentWindow] successfully performed. @08-03-2022 11:08:14.0994 AM
[ReportManager] Successfully created attachment [Browser Action Test Data - CloseCurrentWindow - Actual Value] @08-03-2022 11:08:14.0995 A
[ReportManager] File Action [GetAbsolutePath] successfully performed. With the following test data [Relative Folder Path: "target/downloadedFiles/"]. @08-03-2022 11:08:14.0998 AM
[ReportManager] Attempting to run locally on: [Mac-64], [Safari], Headless Execution. @08-03-2022 11:08:14.0999 AM
[ReportManager] Successfully Opened Safari. @08-03-2022 11:08:15.0870 AM
[ReportManager] Initial window size: (800, 600) @08-03-2022 11:08:15.0899 AM
[ReportManager] Window size after SWD Maximize: (1176, 803) @08-03-2022 11:08:15.0934 AM
[ReportManager] Browser Action [MaximizeWindow] successfully performed. With the following test data [New screen size is now: (1176, 803)]. @08-03-2022 11:08:15.0935 AM
[ReportManager] Target URL: [https://www.google.com/ncr], and after redirection: [www.google.com] @08-03-2022 11:08:15.0935 AM
[ReportManager] Initial URL: [] @08-03-2022 11:08:16.0008 AM
[ReportManager] Browser Action [NavigateToURL] successfully performed. With the following test data [https://www.google.com/ncr]. @08-03-2022 11:08:18.0115 A

################################################################################################################################################
Starting Execution:	[42 out of 165] test cases in the current suite
Test Method:		[unitTests.tests_validations_assertions.assertElementAttribute_true_literalComparison_expectedToPass]
################################################################################################################################################
[ReportManager] Element Action [Type] successfully performed. With the following test data [Automation!@#$%^&*()_+{}[]\';/.,]. @08-03-2022 11:08:20.0031 AM
[ReportManager] Element Action [GetText] successfully performed. With the following test data [Automation!@#$%^&*()_+{}[]\';/.,]. @08-03-2022 11:08:20.0158 AM
[ReportManager] Assertion [ValidateElementAttribute] PASSED. Expected [Value Should be 'Automation!@#$%^&*()_+{}[]\';/.,' for the 'text' attribute, element locator 'By.name: q'] and Actual [Automation!@#$%^&*()_+{}[]\';/.,]. Comparison Type [EQUALS]. Validation Type [POSITIVE]. @08-03-2022 11:08:20.0432 AM
[ReportManager] Successfully created attachment [Screenshot - 1646737700289_assertElementAttribute_true_literalComparison_expectedToPass_ValidateElementAttribute_passed] @08-03-2022 11:08:20.0434 A
[ReportManager] Browser Action [CloseCurrentWindow] successfully performed. @08-03-2022 11:08:20.0792 AM
[ReportManager] Successfully created attachment [Browser Action Test Data - CloseCurrentWindow - Actual Value] @08-03-2022 11:08:20.0793 A
[ReportManager] File Action [GetAbsolutePath] successfully performed. With the following test data [Relative Folder Path: "target/downloadedFiles/"]. @08-03-2022 11:08:20.0796 AM
[ReportManager] Attempting to run locally on: [Mac-64], [Safari], Headless Execution. @08-03-2022 11:08:20.0797 AM
[ReportManager] An Exception Occured with this Message: Could not start a new session. Possible causes are invalid address of the remote server or browser start-up failure.. @08-03-2022 11:08:20.0956 AM
[ReportManager] Successfully created attachment [Exception Stack Trace - org.openqa.selenium.SessionNotCreatedException] @08-03-2022 11:08:20.0959 AM
[ReportManager] Driver Factory Action [createNewLocalDriverInstanceForSafari] failed. With the following test data [Failed to create a session on DESKTOP_SAFARI]. @08-03-2022 11:08:20.0959 A

################################################################################################################################################
Starting Execution:	[43 out of 165] test cases in the current suite
Test Method:		[unitTests.tests_validations_assertions.assertElementAttribute_true_regexComparison_expectedToFail]
###############################################################################################################################################



################################################################################################################################################
Starting Execution:	[44 out of 165] test cases in the current suite
Test Method:		[unitTests.tests_validations_assertions.assertElementAttribute_true_regexComparison_expectedToPass]
###############################################################################################################################################



################################################################################################################################################
Starting Execution:	[45 out of 165] test cases in the current suite
Test Method:		[unitTests.tests_validations_assertions.assertElementAttribute_type_true_literalComparison_expectedToPass]
###############################################################################################################################################



################################################################################################################################################
Starting Execution:	[46 out of 165] test cases in the current suite
Test Method:		[unitTests.tests_validations_assertions.assertElementExists_false_expectedToFail]
###############################################################################################################################################



################################################################################################################################################
Starting Execution:	[47 out of 165] test cases in the current suite
Test Method:		[unitTests.tests_validations_assertions.assertElementExists_false_expectedToPass]
###############################################################################################################################################



################################################################################################################################################
Starting Execution:	[48 out of 165] test cases in the current suite
Test Method:		[unitTests.tests_validations_assertions.assertElementExists_false_multipleElementsFound_expectedToFail]
###############################################################################################################################################



################################################################################################################################################
Starting Execution:	[49 out of 165] test cases in the current suite
Test Method:		[unitTests.tests_validations_assertions.assertElementExists_true_expectedToFail]
###############################################################################################################################################



################################################################################################################################################
Starting Execution:	[50 out of 165] test cases in the current suite
Test Method:		[unitTests.tests_validations_assertions.assertElementExists_true_expectedToPass]
###############################################################################################################################################



################################################################################################################################################
Starting Execution:	[51 out of 165] test cases in the current suite
Test Method:		[unitTests.tests_validations_assertions.assertElementExists_true_multipleElementsFound_expectedToFail]
###############################################################################################################################################


################################################################################################################################################
Starting Execution:	[52 out of 165] test cases in the current suite
Test Method:		[unitTests.tests_validations_assertions.assertEquals_false_expectedToFail]
###############################################################################################################################################

################################################################################################################################################
Starting Execution:	[53 out of 165] test cases in the current suite
Test Method:		[unitTests.tests_validations_assertions.assertEquals_false_expectedToPass]
###############################################################################################################################################

################################################################################################################################################
Starting Execution:	[54 out of 165] test cases in the current suite
Test Method:		[unitTests.tests_validations_assertions.assertEquals_longCharacters]
###############################################################################################################################################

################################################################################################################################################
Starting Execution:	[55 out of 165] test cases in the current suite
Test Method:		[unitTests.tests_validations_assertions.assertEquals_longCharacters_Discreet]
###############################################################################################################################################

################################################################################################################################################
Starting Execution:	[56 out of 165] test cases in the current suite
Test Method:		[unitTests.tests_validations_assertions.assertEquals_true_expectedToFail]
###############################################################################################################################################

################################################################################################################################################
Starting Execution:	[57 out of 165] test cases in the current suite
Test Method:		[unitTests.tests_validations_assertions.assertEquals_true_expectedToPass]
Test Description:	[Assert that assertEquals works as expected when the two values are equal.]
###############################################################################################################################################

################################################################################################################################################
Starting Execution:	[58 out of 165] test cases in the current suite
Test Method:		[unitTests.tests_validations_assertions.assertEquals_true_expectedToPass__]
###############################################################################################################################################

################################################################################################################################################
Starting Execution:	[59 out of 165] test cases in the current suite
Test Method:		[unitTests.tests_validations_assertions.assertFileExists_false_expectedToFail]
###############################################################################################################################################

################################################################################################################################################
Starting Execution:	[60 out of 165] test cases in the current suite
Test Method:		[unitTests.tests_validations_assertions.assertFileExists_false_expectedToPass]
###############################################################################################################################################

################################################################################################################################################
Starting Execution:	[61 out of 165] test cases in the current suite
Test Method:		[unitTests.tests_validations_assertions.assertFileExists_true_expectedToFail]
###############################################################################################################################################

################################################################################################################################################
Starting Execution:	[62 out of 165] test cases in the current suite
Test Method:		[unitTests.tests_validations_assertions.assertFileExists_true_expectedToPass]
###############################################################################################################################################

################################################################################################################################################
Starting Execution:	[63 out of 165] test cases in the current suite
Test Method:		[unitTests.tests_validations_assertions.assertNull_false_expectedToFail]
###############################################################################################################################################

################################################################################################################################################
Starting Execution:	[64 out of 165] test cases in the current suite
Test Method:		[unitTests.tests_validations_assertions.assertNull_false_expectedToPass]
###############################################################################################################################################

################################################################################################################################################
Starting Execution:	[65 out of 165] test cases in the current suite
Test Method:		[unitTests.tests_validations_assertions.assertNull_true_expectedToFail]
###############################################################################################################################################

################################################################################################################################################
Starting Execution:	[66 out of 165] test cases in the current suite
Test Method:		[unitTests.tests_validations_assertions.assertNull_true_expectedToPass]
###############################################################################################################################################

################################################################################################################################################
Starting Execution:	[67 out of 165] test cases in the current suite
Test Method:		[unitTests.tests_restActions.getPostsAndAssertBodyForSpecificTitle]
################################################################################################################################################
[ReportManager] Response status code: [200], status line: [HTTP/1.1 200 OK] @08-03-2022 11:08:23.0248 AM
[ReportManager] Assertion Passed: Evaluating the actual response status code against the expected one... @08-03-2022 11:08:23.0249 AM
[ReportManager] Assertion [ValidateComparativeRelation] PASSED. Expected [200] and Actual [200]. Comparison Type [EQUALS]. Validation Type [POSITIVE]. @08-03-2022 11:08:23.0250 AM
[ReportManager] API Action [PerformRequest] successfully performed. With the following test data [Request Type: "GET" | Target Status Code: "200" | Service URL: "https://jsonplaceholder.typicode.com/posts" | Content Type: "*/*" | Response Time: "670ms"]. @08-03-2022 11:08:24.0293 AM
[ReportManager] Successfully created attachment [API Request - Specifications] @08-03-2022 11:08:24.0293 AM
[ReportManager] Successfully created attachment [API Response - JSON Body] @08-03-2022 11:08:24.0510 AM
[ReportManager] API Action [GetResponseJSONValueAsList] successfully performed. @08-03-2022 11:08:24.0536 AM
[ReportManager] API Action [GetResponseJSONValue] successfully performed. With the following test data [title]. @08-03-2022 11:08:24.0557 AM
[ReportManager] API Action [GetResponseJSONValue] successfully performed. With the following test data [title]. @08-03-2022 11:08:24.0573 AM
[ReportManager] API Action [GetResponseJSONValue] successfully performed. With the following test data [body]. @08-03-2022 11:08:24.0588 AM
[ReportManager] Assertion [ValidateEquals] PASSED. Expected [qui neque nisi nulla] and Actual [est rerum tempore vitae
sequi sint nihil reprehenderit dolor beatae ea dolores neque
fugiat blanditiis voluptate porro vel nihil molestiae ut reiciendis
qui aperiam non debitis possimus qui neque nisi nulla]. Comparison Type [CONTAINS]. Validation Type [POSITIVE]. @08-03-2022 11:08:24.0588 AM
[ReportManager] API Action [GetResponseJSONValue] successfully performed. With the following test data [title]. @08-03-2022 11:08:24.0603 AM
[ReportManager] API Action [GetResponseJSONValue] successfully performed. With the following test data [title]. @08-03-2022 11:08:24.0617 AM
[ReportManager] API Action [GetResponseJSONValue] successfully performed. With the following test data [title]. @08-03-2022 11:08:24.0631 AM
[ReportManager] API Action [GetResponseJSONValue] successfully performed. With the following test data [title]. @08-03-2022 11:08:24.0647 AM
[ReportManager] API Action [GetResponseJSONValue] successfully performed. With the following test data [title]. @08-03-2022 11:08:24.0663 AM
[ReportManager] API Action [GetResponseJSONValue] successfully performed. With the following test data [title]. @08-03-2022 11:08:24.0679 AM
[ReportManager] API Action [GetResponseJSONValue] successfully performed. With the following test data [title]. @08-03-2022 11:08:24.0692 AM
[ReportManager] API Action [GetResponseJSONValue] successfully performed. With the following test data [title]. @08-03-2022 11:08:24.0706 AM
[ReportManager] API Action [GetResponseJSONValue] successfully performed. With the following test data [title]. @08-03-2022 11:08:24.0721 AM
[ReportManager] API Action [GetResponseJSONValue] successfully performed. With the following test data [title]. @08-03-2022 11:08:24.0736 AM
[ReportManager] API Action [GetResponseJSONValue] successfully performed. With the following test data [title]. @08-03-2022 11:08:24.0755 AM
[ReportManager] API Action [GetResponseJSONValue] successfully performed. With the following test data [title]. @08-03-2022 11:08:24.0774 AM
[ReportManager] API Action [GetResponseJSONValue] successfully performed. With the following test data [title]. @08-03-2022 11:08:24.0788 AM
[ReportManager] API Action [GetResponseJSONValue] successfully performed. With the following test data [title]. @08-03-2022 11:08:24.0800 AM
[ReportManager] API Action [GetResponseJSONValue] successfully performed. With the following test data [title]. @08-03-2022 11:08:24.0813 AM
[ReportManager] API Action [GetResponseJSONValue] successfully performed. With the following test data [title]. @08-03-2022 11:08:24.0826 AM
[ReportManager] API Action [GetResponseJSONValue] successfully performed. With the following test data [title]. @08-03-2022 11:08:24.0839 AM
[ReportManager] API Action [GetResponseJSONValue] successfully performed. With the following test data [title]. @08-03-2022 11:08:24.0851 AM
[ReportManager] API Action [GetResponseJSONValue] successfully performed. With the following test data [title]. @08-03-2022 11:08:24.0863 AM
[ReportManager] API Action [GetResponseJSONValue] successfully performed. With the following test data [title]. @08-03-2022 11:08:24.0874 AM
[ReportManager] API Action [GetResponseJSONValue] successfully performed. With the following test data [title]. @08-03-2022 11:08:24.0900 AM
[ReportManager] API Action [GetResponseJSONValue] successfully performed. With the following test data [title]. @08-03-2022 11:08:24.0911 AM
[ReportManager] API Action [GetResponseJSONValue] successfully performed. With the following test data [title]. @08-03-2022 11:08:24.0924 AM
[ReportManager] API Action [GetResponseJSONValue] successfully performed. With the following test data [title]. @08-03-2022 11:08:24.0936 AM
[ReportManager] API Action [GetResponseJSONValue] successfully performed. With the following test data [title]. @08-03-2022 11:08:24.0948 AM
[ReportManager] API Action [GetResponseJSONValue] successfully performed. With the following test data [title]. @08-03-2022 11:08:24.0960 AM
[ReportManager] API Action [GetResponseJSONValue] successfully performed. With the following test data [title]. @08-03-2022 11:08:24.0972 AM
[ReportManager] API Action [GetResponseJSONValue] successfully performed. With the following test data [title]. @08-03-2022 11:08:24.0984 AM
[ReportManager] API Action [GetResponseJSONValue] successfully performed. With the following test data [title]. @08-03-2022 11:08:24.0995 AM
[ReportManager] API Action [GetResponseJSONValue] successfully performed. With the following test data [title]. @08-03-2022 11:08:25.0007 AM
[ReportManager] API Action [GetResponseJSONValue] successfully performed. With the following test data [title]. @08-03-2022 11:08:25.0019 AM
[ReportManager] API Action [GetResponseJSONValue] successfully performed. With the following test data [title]. @08-03-2022 11:08:25.0031 AM
[ReportManager] API Action [GetResponseJSONValue] successfully performed. With the following test data [title]. @08-03-2022 11:08:25.0043 AM
[ReportManager] API Action [GetResponseJSONValue] successfully performed. With the following test data [title]. @08-03-2022 11:08:25.0054 AM
[ReportManager] API Action [GetResponseJSONValue] successfully performed. With the following test data [title]. @08-03-2022 11:08:25.0066 AM
[ReportManager] API Action [GetResponseJSONValue] successfully performed. With the following test data [title]. @08-03-2022 11:08:25.0078 AM
[ReportManager] API Action [GetResponseJSONValue] successfully performed. With the following test data [title]. @08-03-2022 11:08:25.0090 AM
[ReportManager] API Action [GetResponseJSONValue] successfully performed. With the following test data [title]. @08-03-2022 11:08:25.0104 AM
[ReportManager] API Action [GetResponseJSONValue] successfully performed. With the following test data [title]. @08-03-2022 11:08:25.0117 AM
[ReportManager] API Action [GetResponseJSONValue] successfully performed. With the following test data [title]. @08-03-2022 11:08:25.0133 AM
[ReportManager] API Action [GetResponseJSONValue] successfully performed. With the following test data [title]. @08-03-2022 11:08:25.0144 AM
[ReportManager] API Action [GetResponseJSONValue] successfully performed. With the following test data [title]. @08-03-2022 11:08:25.0156 AM
[ReportManager] API Action [GetResponseJSONValue] successfully performed. With the following test data [title]. @08-03-2022 11:08:25.0169 AM
[ReportManager] API Action [GetResponseJSONValue] successfully performed. With the following test data [title]. @08-03-2022 11:08:25.0181 AM
[ReportManager] API Action [GetResponseJSONValue] successfully performed. With the following test data [title]. @08-03-2022 11:08:25.0193 AM
[ReportManager] API Action [GetResponseJSONValue] successfully performed. With the following test data [title]. @08-03-2022 11:08:25.0205 AM
[ReportManager] API Action [GetResponseJSONValue] successfully performed. With the following test data [title]. @08-03-2022 11:08:25.0217 AM
[ReportManager] API Action [GetResponseJSONValue] successfully performed. With the following test data [title]. @08-03-2022 11:08:25.0228 AM
[ReportManager] API Action [GetResponseJSONValue] successfully performed. With the following test data [title]. @08-03-2022 11:08:25.0239 AM
[ReportManager] API Action [GetResponseJSONValue] successfully performed. With the following test data [title]. @08-03-2022 11:08:25.0251 AM
[ReportManager] API Action [GetResponseJSONValue] successfully performed. With the following test data [title]. @08-03-2022 11:08:25.0262 AM
[ReportManager] API Action [GetResponseJSONValue] successfully performed. With the following test data [title]. @08-03-2022 11:08:25.0274 AM
[ReportManager] API Action [GetResponseJSONValue] successfully performed. With the following test data [title]. @08-03-2022 11:08:25.0285 AM
[ReportManager] API Action [GetResponseJSONValue] successfully performed. With the following test data [title]. @08-03-2022 11:08:25.0297 AM
[ReportManager] API Action [GetResponseJSONValue] successfully performed. With the following test data [title]. @08-03-2022 11:08:25.0308 AM
[ReportManager] API Action [GetResponseJSONValue] successfully performed. With the following test data [title]. @08-03-2022 11:08:25.0319 AM
[ReportManager] API Action [GetResponseJSONValue] successfully performed. With the following test data [title]. @08-03-2022 11:08:25.0331 AM
[ReportManager] API Action [GetResponseJSONValue] successfully performed. With the following test data [title]. @08-03-2022 11:08:25.0343 AM
[ReportManager] API Action [GetResponseJSONValue] successfully performed. With the following test data [title]. @08-03-2022 11:08:25.0355 AM
[ReportManager] API Action [GetResponseJSONValue] successfully performed. With the following test data [title]. @08-03-2022 11:08:25.0384 AM
[ReportManager] API Action [GetResponseJSONValue] successfully performed. With the following test data [title]. @08-03-2022 11:08:25.0396 AM
[ReportManager] API Action [GetResponseJSONValue] successfully performed. With the following test data [title]. @08-03-2022 11:08:25.0410 AM
[ReportManager] API Action [GetResponseJSONValue] successfully performed. With the following test data [title]. @08-03-2022 11:08:25.0431 AM
[ReportManager] API Action [GetResponseJSONValue] successfully performed. With the following test data [title]. @08-03-2022 11:08:25.0456 AM
[ReportManager] API Action [GetResponseJSONValue] successfully performed. With the following test data [title]. @08-03-2022 11:08:25.0469 AM
[ReportManager] API Action [GetResponseJSONValue] successfully performed. With the following test data [title]. @08-03-2022 11:08:25.0480 AM
[ReportManager] API Action [GetResponseJSONValue] successfully performed. With the following test data [title]. @08-03-2022 11:08:25.0493 AM
[ReportManager] API Action [GetResponseJSONValue] successfully performed. With the following test data [title]. @08-03-2022 11:08:25.0514 AM
[ReportManager] API Action [GetResponseJSONValue] successfully performed. With the following test data [title]. @08-03-2022 11:08:25.0529 AM
[ReportManager] API Action [GetResponseJSONValue] successfully performed. With the following test data [title]. @08-03-2022 11:08:25.0542 AM
[ReportManager] API Action [GetResponseJSONValue] successfully performed. With the following test data [title]. @08-03-2022 11:08:25.0554 AM
[ReportManager] API Action [GetResponseJSONValue] successfully performed. With the following test data [title]. @08-03-2022 11:08:25.0566 AM
[ReportManager] API Action [GetResponseJSONValue] successfully performed. With the following test data [title]. @08-03-2022 11:08:25.0579 AM
[ReportManager] API Action [GetResponseJSONValue] successfully performed. With the following test data [title]. @08-03-2022 11:08:25.0591 AM
[ReportManager] API Action [GetResponseJSONValue] successfully performed. With the following test data [title]. @08-03-2022 11:08:25.0603 AM
[ReportManager] API Action [GetResponseJSONValue] successfully performed. With the following test data [title]. @08-03-2022 11:08:25.0614 AM
[ReportManager] API Action [GetResponseJSONValue] successfully performed. With the following test data [title]. @08-03-2022 11:08:25.0626 AM
[ReportManager] API Action [GetResponseJSONValue] successfully performed. With the following test data [title]. @08-03-2022 11:08:25.0638 AM
[ReportManager] API Action [GetResponseJSONValue] successfully performed. With the following test data [title]. @08-03-2022 11:08:25.0650 AM
[ReportManager] API Action [GetResponseJSONValue] successfully performed. With the following test data [title]. @08-03-2022 11:08:25.0662 AM
[ReportManager] API Action [GetResponseJSONValue] successfully performed. With the following test data [title]. @08-03-2022 11:08:25.0676 AM
[ReportManager] API Action [GetResponseJSONValue] successfully performed. With the following test data [title]. @08-03-2022 11:08:25.0687 AM
[ReportManager] API Action [GetResponseJSONValue] successfully performed. With the following test data [title]. @08-03-2022 11:08:25.0699 AM
[ReportManager] API Action [GetResponseJSONValue] successfully performed. With the following test data [title]. @08-03-2022 11:08:25.0712 AM
[ReportManager] API Action [GetResponseJSONValue] successfully performed. With the following test data [title]. @08-03-2022 11:08:25.0724 AM
[ReportManager] API Action [GetResponseJSONValue] successfully performed. With the following test data [title]. @08-03-2022 11:08:25.0735 AM
[ReportManager] API Action [GetResponseJSONValue] successfully performed. With the following test data [title]. @08-03-2022 11:08:25.0746 AM
[ReportManager] API Action [GetResponseJSONValue] successfully performed. With the following test data [title]. @08-03-2022 11:08:25.0757 AM
[ReportManager] API Action [GetResponseJSONValue] successfully performed. With the following test data [title]. @08-03-2022 11:08:25.0769 AM
[ReportManager] API Action [GetResponseJSONValue] successfully performed. With the following test data [title]. @08-03-2022 11:08:25.0780 AM
[ReportManager] API Action [GetResponseJSONValue] successfully performed. With the following test data [title]. @08-03-2022 11:08:25.0791 AM
[ReportManager] API Action [GetResponseJSONValue] successfully performed. With the following test data [title]. @08-03-2022 11:08:25.0802 AM
[ReportManager] API Action [GetResponseJSONValue] successfully performed. With the following test data [title]. @08-03-2022 11:08:25.0814 AM
[ReportManager] API Action [GetResponseJSONValue] successfully performed. With the following test data [title]. @08-03-2022 11:08:25.0825 AM
[ReportManager] API Action [GetResponseJSONValue] successfully performed. With the following test data [title]. @08-03-2022 11:08:25.0836 AM
[ReportManager] API Action [GetResponseJSONValue] successfully performed. With the following test data [title]. @08-03-2022 11:08:25.0846 AM
[ReportManager] API Action [GetResponseJSONValue] successfully performed. With the following test data [title]. @08-03-2022 11:08:25.0857 AM
[ReportManager] API Action [GetResponseJSONValue] successfully performed. With the following test data [title]. @08-03-2022 11:08:25.0868 A

################################################################################################################################################
Starting Execution:	[68 out of 165] test cases in the current suite
Test Method:		[unitTests.tests_restActions.validateUserEmail]
################################################################################################################################################
[ReportManager] Response status code: [200], status line: [HTTP/1.1 200 OK] @08-03-2022 11:08:25.0927 AM
[ReportManager] Assertion Passed: Evaluating the actual response status code against the expected one... @08-03-2022 11:08:25.0928 AM
[ReportManager] Assertion [ValidateComparativeRelation] PASSED. Expected [200] and Actual [200]. Comparison Type [EQUALS]. Validation Type [POSITIVE]. @08-03-2022 11:08:25.0928 AM
[ReportManager] API Action [PerformRequest] successfully performed. With the following test data [Request Type: "GET" | Target Status Code: "200" | Service URL: "https://jsonplaceholder.typicode.com/users" | Content Type: "*/*" | Response Time: "50ms"]. @08-03-2022 11:08:25.0946 AM
[ReportManager] Successfully created attachment [API Request - Specifications] @08-03-2022 11:08:25.0947 AM
[ReportManager] Successfully created attachment [API Response - JSON Body] @08-03-2022 11:08:25.0948 AM
[ReportManager] Assertion [ValidateEquals] PASSED. Expected and Actual values are attached. Comparison Type [CONTAINS]. Validation Type [POSITIVE]. @08-03-2022 11:08:25.0948 AM
[ReportManager] Successfully created attachment [Validation Test Data - Expected Value] @08-03-2022 11:08:25.0949 AM
[ReportManager] Successfully created attachment [Validation Test Data - Actual Value] @08-03-2022 11:08:25.0949 AM
[ReportManager] API Action [GetResponseJSONValueAsList] successfully performed. With the following test data [$]. @08-03-2022 11:08:25.0955 AM
[ReportManager] API Action [GetResponseJSONValue] successfully performed. With the following test data [name]. @08-03-2022 11:08:25.0966 AM
[ReportManager] API Action [GetResponseJSONValue] successfully performed. With the following test data [email]. @08-03-2022 11:08:25.0976 AM
[ReportManager] Assertion [ValidateEquals] PASSED. Expected [Sincere@april.biz] and Actual [Sincere@april.biz]. Comparison Type [EQUALS]. Validation Type [POSITIVE]. @08-03-2022 11:08:25.0976 AM
[ReportManager] API Action [GetResponseJSONValue] successfully performed. With the following test data [name]. @08-03-2022 11:08:25.0986 AM
[ReportManager] API Action [GetResponseJSONValue] successfully performed. With the following test data [name]. @08-03-2022 11:08:25.0996 AM
[ReportManager] API Action [GetResponseJSONValue] successfully performed. With the following test data [name]. @08-03-2022 11:08:26.0007 AM
[ReportManager] API Action [GetResponseJSONValue] successfully performed. With the following test data [name]. @08-03-2022 11:08:26.0017 AM
[ReportManager] API Action [GetResponseJSONValue] successfully performed. With the following test data [name]. @08-03-2022 11:08:26.0027 AM
[ReportManager] API Action [GetResponseJSONValue] successfully performed. With the following test data [name]. @08-03-2022 11:08:26.0038 AM
[ReportManager] API Action [GetResponseJSONValue] successfully performed. With the following test data [name]. @08-03-2022 11:08:26.0049 AM
[ReportManager] API Action [GetResponseJSONValue] successfully performed. With the following test data [name]. @08-03-2022 11:08:26.0075 AM
[ReportManager] API Action [GetResponseJSONValue] successfully performed. With the following test data [name]. @08-03-2022 11:08:26.0086 A
[ReportManager] File Action [GetAbsolutePath] successfully performed. With the following test data [Relative Folder Path: "target/downloadedFiles/"]. @08-03-2022 11:08:26.0091 AM
[ReportManager] Attempting to run locally on: [Mac-64], [Safari], Headless Execution. @08-03-2022 11:08:26.0091 AM
[ReportManager] Successfully Opened Safari. @08-03-2022 11:08:27.0010 AM
[ReportManager] Initial window size: (800, 600) @08-03-2022 11:08:27.0036 AM
[ReportManager] Window size after SWD Maximize: (1176, 803) @08-03-2022 11:08:27.0063 AM
[ReportManager] Browser Action [MaximizeWindow] successfully performed. With the following test data [New screen size is now: (1176, 803)]. @08-03-2022 11:08:27.0063 A

################################################################################################################################################
Starting Execution:	[69 out of 165] test cases in the current suite
Test Method:		[testPackage01.Test_uploadFile.uploadFile_invisibleUploadInput]
################################################################################################################################################
[ReportManager] Target URL: [https://fineuploader.com/demos.html#gallery-view] @08-03-2022 11:08:27.0066 AM
[ReportManager] Initial URL: [] @08-03-2022 11:08:27.0135 AM
[ReportManager] Browser Action [NavigateToURL] successfully performed. With the following test data [https://fineuploader.com/demos.html#gallery-view]. @08-03-2022 11:08:28.0558 AM
[ReportManager] File Action [GetAbsolutePath] successfully performed. With the following test data [Relative File Path: "src/main/resources/images/shaft.png"]. @08-03-2022 11:08:28.0558 AM
[ReportManager] Successfully created attachment [File Action Actual Result - Command Log] @08-03-2022 11:08:28.0559 AM
[ReportManager] Element Action [TypeFileLocationForUpload] successfully performed. With the following test data [/Users/runner/work/SHAFT_ENGINE/SHAFT_ENGINE/src/main/resources/images/shaft.png]. @08-03-2022 11:08:28.0598 AM
[ReportManager] Attempting to getAttribute [src] from elementLocator [By.xpath: //div[@id='fine-uploader-gallery']//div[@class='qq-thumbnail-wrapper']/img]. @08-03-2022 11:08:28.0599 AM
[ReportManager] Element Action [GetAttribute] successfully performed. @08-03-2022 11:08:28.0712 AM
[ReportManager] Successfully created attachment [Element Action Test Data - GetAttribute - Actual Value] @08-03-2022 11:08:28.0714 AM
[ReportManager] Assertion Passed: Then I Assert that the element found by [By.xpath: //div[@id='fine-uploader-gallery']//div[@class='qq-thumbnail-wrapper']/img] attribute [src] contains [data:image/png;base64]. @08-03-2022 11:08:28.0902 AM
[ReportManager] Successfully created attachment [Validation Test Data - Expected Value] @08-03-2022 11:08:28.0903 AM
[ReportManager] Successfully created attachment [Validation Test Data - Actual Value] @08-03-2022 11:08:28.0904 AM
[ReportManager] Successfully created attachment [Screenshot - 1646737708827_uploadFile_invisibleUploadInput_ValidateElementAttribute_passed] @08-03-2022 11:08:28.0905 AM
[ReportManager] Assertion [ValidateElementAttribute] PASSED. Expected and Actual values are attached. Comparison Type [CONTAINS]. Validation Type [POSITIVE]. @08-03-2022 11:08:28.0905 A
[ReportManager] Browser Action [CloseCurrentWindow] successfully performed. @08-03-2022 11:08:29.0264 AM
[ReportManager] Successfully created attachment [Browser Action Test Data - CloseCurrentWindow - Actual Value] @08-03-2022 11:08:29.0265 A
[ReportManager] File Action [GetAbsolutePath] successfully performed. With the following test data [Relative Folder Path: "target/downloadedFiles/"]. @08-03-2022 11:08:29.0268 AM
[ReportManager] Attempting to run locally on: [Mac-64], [Safari], Headless Execution. @08-03-2022 11:08:29.0269 AM
[ReportManager] Successfully Opened Safari. @08-03-2022 11:08:30.0093 AM
[ReportManager] Initial window size: (800, 600) @08-03-2022 11:08:30.0104 AM
[ReportManager] Window size after SWD Maximize: (1176, 803) @08-03-2022 11:08:30.0123 AM
[ReportManager] Browser Action [MaximizeWindow] successfully performed. With the following test data [New screen size is now: (1176, 803)]. @08-03-2022 11:08:30.0123 A

################################################################################################################################################
Starting Execution:	[70 out of 165] test cases in the current suite
Test Method:		[testPackage01.Test_uploadFile.uploadFile_visibleUploadInput]
################################################################################################################################################
[ReportManager] Target URL: [https://demo.guru99.com/test/upload/] @08-03-2022 11:08:30.0127 AM
[ReportManager] Initial URL: [] @08-03-2022 11:08:30.0175 AM
[ReportManager] Browser Action [NavigateToURL] successfully performed. With the following test data [https://demo.guru99.com/test/upload/]. @08-03-2022 11:08:31.0953 AM
[ReportManager] File Action [GetAbsolutePath] successfully performed. With the following test data [Relative Folder Path: "src/main/resources/images/shaft.png"]. @08-03-2022 11:08:31.0953 AM
[ReportManager] Element Action [TypeFileLocationForUpload] successfully performed. With the following test data [/Users/runner/work/SHAFT_ENGINE/SHAFT_ENGINE/src/main/resources/images/shaft.png]. @08-03-2022 11:08:32.0017 AM
[ReportManager] Element Action [Click] successfully performed. With the following test data [By.id: terms]. @08-03-2022 11:08:33.0264 AM
[ReportManager] Element Action [Click] successfully performed. With the following test data [By.id: submitbutton]. @08-03-2022 11:08:33.0567 AM
[ReportManager] Element Action [GetText] successfully performed. With the following test data [1 file has been successfully uploaded.]. @08-03-2022 11:08:34.0215 AM
[ReportManager] Assertion Passed: Then I Assert that the element found by [By.id: res] attribute [Text] contains [1 file]. @08-03-2022 11:08:34.0371 AM
[ReportManager] Successfully created attachment [Screenshot - 1646737714309_uploadFile_visibleUploadInput_ValidateElementAttribute_passed] @08-03-2022 11:08:34.0372 AM
[ReportManager] Assertion [ValidateElementAttribute] PASSED. Expected [Value Should be '1 file' for the 'Text' attribute, element locator 'By.id: res'] and Actual [1 file has been successfully uploaded.]. Comparison Type [CONTAINS]. Validation Type [POSITIVE]. @08-03-2022 11:08:34.0372 A
[ReportManager] Browser Action [CloseCurrentWindow] successfully performed. @08-03-2022 11:08:34.0590 AM
[ReportManager] Successfully created attachment [Browser Action Test Data - CloseCurrentWindow - Actual Value] @08-03-2022 11:08:34.0590 A

################################################################################################################################################
Starting Execution:	[71 out of 165] test cases in the current suite
Test Method:		[testPackage01.Test_AssertApiResponseEquals.assertApiResponseEquals_expectedToPass]
################################################################################################################################################
[ReportManager] Response status code: [200], status line: [HTTP/1.1 200 OK] @08-03-2022 11:08:34.0635 AM
[ReportManager] Assertion Passed: Evaluating the actual response status code against the expected one... @08-03-2022 11:08:34.0636 AM
[ReportManager] Assertion [ValidateComparativeRelation] PASSED. Expected [200] and Actual [200]. Comparison Type [EQUALS]. Validation Type [POSITIVE]. @08-03-2022 11:08:34.0636 AM
[ReportManager] API Action [PerformRequest] successfully performed. With the following test data [Request Type: "GET" | Target Status Code: "200" | Service URL: "https://jsonplaceholder.typicode.com/users" | Content Type: "*/*" | Response Time: "36ms"]. @08-03-2022 11:08:34.0659 AM
[ReportManager] Successfully created attachment [API Request - Specifications] @08-03-2022 11:08:34.0660 AM
[ReportManager] Successfully created attachment [API Response - JSON Body] @08-03-2022 11:08:34.0660 AM
[ReportManager] API Action [GetResponseJSONValueAsList] successfully performed. With the following test data [$]. @08-03-2022 11:08:34.0669 AM
[ReportManager] API Action [GetResponseJSONValue] successfully performed. With the following test data [name]. @08-03-2022 11:08:34.0682 AM
[ReportManager] API Action [GetResponseJSONValue] successfully performed. With the following test data [email]. @08-03-2022 11:08:34.0698 AM
[ReportManager] Verification [ValidateEquals] PASSED. Expected [Sincere@april.biz] and Actual [Sincere@april.biz]. Comparison Type [EQUALS]. Validation Type [POSITIVE]. @08-03-2022 11:08:34.0698 AM
[ReportManager] API Action [GetResponseJSONValue] successfully performed. With the following test data [username]. @08-03-2022 11:08:34.0711 AM
[ReportManager] Assertion [ValidateEquals] PASSED. Expected [Bret] and Actual [Bret]. Comparison Type [EQUALS]. Validation Type [POSITIVE]. @08-03-2022 11:08:34.0711 AM
[ReportManager] API Action [GetResponseJSONValue] successfully performed. With the following test data [name]. @08-03-2022 11:08:34.0724 AM
[ReportManager] API Action [GetResponseJSONValue] successfully performed. With the following test data [name]. @08-03-2022 11:08:34.0737 AM
[ReportManager] API Action [GetResponseJSONValue] successfully performed. With the following test data [name]. @08-03-2022 11:08:34.0749 AM
[ReportManager] API Action [GetResponseJSONValue] successfully performed. With the following test data [name]. @08-03-2022 11:08:34.0761 AM
[ReportManager] API Action [GetResponseJSONValue] successfully performed. With the following test data [name]. @08-03-2022 11:08:34.0772 AM
[ReportManager] API Action [GetResponseJSONValue] successfully performed. With the following test data [name]. @08-03-2022 11:08:34.0784 AM
[ReportManager] API Action [GetResponseJSONValue] successfully performed. With the following test data [name]. @08-03-2022 11:08:34.0796 AM
[ReportManager] API Action [GetResponseJSONValue] successfully performed. With the following test data [name]. @08-03-2022 11:08:34.0808 AM
[ReportManager] API Action [GetResponseJSONValue] successfully performed. With the following test data [name]. @08-03-2022 11:08:34.0820 A
[ReportManager] File Action [GetAbsolutePath] successfully performed. With the following test data [Relative Folder Path: "target/downloadedFiles/"]. @08-03-2022 11:08:34.0823 AM
[ReportManager] Attempting to run locally on: [Mac-64], [Safari], Headless Execution. @08-03-2022 11:08:34.0823 AM
[ReportManager] Successfully Opened Safari. @08-03-2022 11:08:35.0658 AM
[ReportManager] Initial window size: (800, 600) @08-03-2022 11:08:35.0685 AM
[ReportManager] Window size after SWD Maximize: (1176, 803) @08-03-2022 11:08:35.0699 AM
[ReportManager] Browser Action [MaximizeWindow] successfully performed. With the following test data [New screen size is now: (1176, 803)]. @08-03-2022 11:08:35.0700 AM
[ReportManager] Target URL: [http://the-internet.herokuapp.com/javascript_alerts] @08-03-2022 11:08:35.0700 AM
[ReportManager] Initial URL: [] @08-03-2022 11:08:35.0759 AM
[ReportManager] Browser Action [NavigateToURL] successfully performed. With the following test data [http://the-internet.herokuapp.com/javascript_alerts]. @08-03-2022 11:08:36.0124 A

################################################################################################################################################
Starting Execution:	[72 out of 165] test cases in the current suite
Test Method:		[testPackage01.TestJSPromptBox.dismissAlert]
################################################################################################################################################
[ReportManager] Element Action [Click] successfully performed. With the following test data [By.xpath: //button[contains(text(),'Click for JS Prompt')]]. @08-03-2022 11:08:36.0425 AM
[ReportManager] Alert is present @08-03-2022 11:08:36.0440 AM
[ReportManager] Element Action [DismissAlert] successfully performed. @08-03-2022 11:08:36.0461 A

################################################################################################################################################
Starting Execution:	[73 out of 165] test cases in the current suite
Test Method:		[testPackage01.TestJSPromptBox.assertOnCancelAlertResultText]
################################################################################################################################################
[ReportManager] Element Action [GetText] successfully performed. With the following test data [You entered: null]. @08-03-2022 11:08:36.0520 AM
[ReportManager] Assertion Passed: Then I Assert that the element found by [By.id: result] attribute [TEXT] is equal to [You entered: null]. @08-03-2022 11:08:36.0668 AM
[ReportManager] Successfully created attachment [Screenshot - 1646737716605_assertOnCancelAlertResultText_ValidateElementAttribute_passed] @08-03-2022 11:08:36.0669 AM
[ReportManager] Assertion [ValidateElementAttribute] PASSED. Expected [Value Should be 'You entered: null' for the 'text' attribute, element locator 'By.id: result'] and Actual [You entered: null]. Comparison Type [EQUALS]. Validation Type [POSITIVE]. @08-03-2022 11:08:36.0669 A

################################################################################################################################################
Starting Execution:	[74 out of 165] test cases in the current suite
Test Method:		[testPackage01.TestJSPromptBox.getAlertText]
################################################################################################################################################
[ReportManager] Element Action [Click] successfully performed. With the following test data [By.xpath: //button[contains(text(),'Click for JS Prompt')]]. @08-03-2022 11:08:36.0897 AM
[ReportManager] Alert is present @08-03-2022 11:08:36.0902 AM
[ReportManager] Alert Text is: [I am a JS prompt] @08-03-2022 11:08:36.0920 AM
[ReportManager] Element Action [GetAlertText] successfully performed. @08-03-2022 11:08:36.0921 AM
[ReportManager] Alert text is: [I am a JS prompt] @08-03-2022 11:08:36.0921 AM
[ReportManager] Alert is present @08-03-2022 11:08:36.0930 AM
[ReportManager] Alert Text is: [I am a JS prompt] @08-03-2022 11:08:36.0938 AM
[ReportManager] Element Action [GetAlertText] successfully performed. @08-03-2022 11:08:36.0939 AM
[ReportManager] Assertion Passed: Then I Assert that [I am a JS prompt] is equal to [I am a JS prompt]. @08-03-2022 11:08:36.0940 AM
[ReportManager] Assertion [ValidateEquals] PASSED. Expected [I am a JS prompt] and Actual [I am a JS prompt]. Comparison Type [EQUALS]. Validation Type [POSITIVE]. @08-03-2022 11:08:36.0940 A

################################################################################################################################################
Starting Execution:	[75 out of 165] test cases in the current suite
Test Method:		[testPackage01.TestJSPromptBox.acceptPromptAlertWithoutTypingTextMessage]
################################################################################################################################################
[ReportManager] Alert is not present @08-03-2022 11:09:07.0173 AM
[ReportManager] Element Action [WaitForAlertToBePresent] failed. @08-03-2022 11:09:07.0273 AM
[ReportManager] Successfully created attachment [Screenshot - 1646737747194_acceptPromptAlertWithoutTypingTextMessage_WaitForAlertToBePresent_failed] @08-03-2022 11:09:07.0274 A

################################################################################################################################################
Starting Execution:	[76 out of 165] test cases in the current suite
Test Method:		[testPackage01.TestJSPromptBox.assertOnConfirmPromptAlertWithoutTypingTextMessageResultText]
###############################################################################################################################################

################################################################################################################################################
Starting Execution:	[77 out of 165] test cases in the current suite
Test Method:		[testPackage01.TestJSPromptBox.acceptPromptAlertWithTextMessage]
###############################################################################################################################################

################################################################################################################################################
Starting Execution:	[78 out of 165] test cases in the current suite
Test Method:		[testPackage01.TestJSPromptBox.assertOnConfirmPromptAlertWithTextMessageResultText]
###############################################################################################################################################
[ReportManager] Browser Action [CloseCurrentWindow] successfully performed. @08-03-2022 11:09:07.0646 AM
[ReportManager] Successfully created attachment [Browser Action Test Data - CloseCurrentWindow - Actual Value] @08-03-2022 11:09:07.0647 A

################################################################################################################################################
Starting Execution:	[79 out of 165] test cases in the current suite
Test Method:		[testPackage01.Test_testData.f]
################################################################################################################################################
[ReportManager] Successfully loaded the following test data file [src/test/resources/testDataFiles/testSuite01/TestData.xlsx]. @08-03-2022 11:09:07.0678 AM
[ReportManager] Successfully created attachment [Test Data - Excel] @08-03-2022 11:09:07.0679 AM
[ReportManager] Last Column Number is: [3]. Zero-based. @08-03-2022 11:09:07.0680 A

################################################################################################################################################
Starting Execution:	[80 out of 165] test cases in the current suite
Test Method:		[testPackage01.Test_PDF.testPDF1]
################################################################################################################################################
[ReportManager] File Action [DoesFileExist] successfully performed. With the following test data [File Path: "src/test/resources/testDataFiles/sample.pdf"]. @08-03-2022 11:09:07.0688 AM
[ReportManager] File Action [GetAbsolutePath] successfully performed. With the following test data [Relative Folder Path: "src/test/resources/testDataFiles/sample.pdf"]. @08-03-2022 11:09:07.0689 AM
[ReportManager] Assertion Passed: Checking to see that the pdf file contains [A Simple PDF File] @08-03-2022 11:09:11.0968 AM
[ReportManager] Successfully created attachment [Validation Test Data - Expected Value] @08-03-2022 11:09:11.0968 AM
[ReportManager] Successfully created attachment [Validation Test Data - Actual Value] @08-03-2022 11:09:11.0969 AM
[ReportManager] Assertion [ValidateEquals] PASSED. Expected and Actual values are attached. Comparison Type [CONTAINS]. Validation Type [POSITIVE]. @08-03-2022 11:09:11.0969 A

################################################################################################################################################
Starting Execution:	[81 out of 165] test cases in the current suite
Test Method:		[testPackage01.Test_PDF.testPDF2]
################################################################################################################################################
[ReportManager] File Action [DoesFileExist] successfully performed. With the following test data [File Path: "src/test/resources/testDataFiles/sample.pdf"]. @08-03-2022 11:09:11.0974 AM
[ReportManager] File Action [GetAbsolutePath] successfully performed. With the following test data [Relative Folder Path: "src/test/resources/testDataFiles/sample.pdf"]. @08-03-2022 11:09:11.0974 AM
[ReportManager] Assertion Passed: Checking to see that the pdf file contains [A Simple PDF File] @08-03-2022 11:09:11.0999 AM
[ReportManager] Successfully created attachment [Validation Test Data - Expected Value] @08-03-2022 11:09:12.0000 AM
[ReportManager] Successfully created attachment [Validation Test Data - Actual Value] @08-03-2022 11:09:12.0001 AM
[ReportManager] Assertion [ValidateEquals] PASSED. Expected and Actual values are attached. Comparison Type [CONTAINS]. Validation Type [POSITIVE]. @08-03-2022 11:09:12.0001 A
[ReportManager] File Action [GetAbsolutePath] successfully performed. With the following test data [Relative Folder Path: "target/downloadedFiles/"]. @08-03-2022 11:09:12.0005 AM
[ReportManager] Attempting to run locally on: [Mac-64], [Safari], Headless Execution. @08-03-2022 11:09:12.0006 AM
[ReportManager] Successfully Opened Safari. @08-03-2022 11:09:13.0296 AM
[ReportManager] Initial window size: (800, 600) @08-03-2022 11:09:13.0318 AM
[ReportManager] Window size after SWD Maximize: (1176, 803) @08-03-2022 11:09:13.0330 AM
[ReportManager] Browser Action [MaximizeWindow] successfully performed. With the following test data [New screen size is now: (1176, 803)]. @08-03-2022 11:09:13.0330 A

################################################################################################################################################
Starting Execution:	[82 out of 165] test cases in the current suite
Test Method:		[testPackage01.Test_ShadowDOM.shadowdom]
################################################################################################################################################
[ReportManager] Target URL: [https://mdn.github.io/web-components-examples/popup-info-box-web-component/] @08-03-2022 11:09:13.0335 AM
[ReportManager] Initial URL: [] @08-03-2022 11:09:13.0383 AM
[ReportManager] Browser Action [NavigateToURL] successfully performed. With the following test data [https://mdn.github.io/web-components-examples/popup-info-box-web-component/]. @08-03-2022 11:09:13.0765 AM
[ReportManager] Element Action [Type] successfully performed. With the following test data [Typing into SHADOW DOM...]. @08-03-2022 11:09:14.0055 AM
[ReportManager] Element Action [GetText] successfully performed. With the following test data [Typing into SHADOW DOM...]. @08-03-2022 11:09:14.0110 AM
[ReportManager] Assertion [ValidateElementAttribute] PASSED. Expected [Value Should be 'Typing into SHADOW DOM...' for the 'Text' attribute, element locator 'By.id: cvc'] and Actual [Typing into SHADOW DOM...]. Comparison Type [EQUALS]. Validation Type [POSITIVE]. @08-03-2022 11:09:14.0261 AM
[ReportManager] Successfully created attachment [Screenshot - 1646737754183_shadowdom_ValidateElementAttribute_passed] @08-03-2022 11:09:14.0263 A
[ReportManager] Browser Action [CloseCurrentWindow] successfully performed. @08-03-2022 11:09:14.0562 AM
[ReportManager] Successfully created attachment [Browser Action Test Data - CloseCurrentWindow - Actual Value] @08-03-2022 11:09:14.0563 A
[ReportManager] File Action [GetAbsolutePath] successfully performed. With the following test data [Relative Folder Path: "target/downloadedFiles/"]. @08-03-2022 11:09:14.0565 AM
[ReportManager] Attempting to run locally on: [Mac-64], [Safari], Headless Execution. @08-03-2022 11:09:14.0566 AM
[ReportManager] Successfully Opened Safari. @08-03-2022 11:09:15.0374 AM
[ReportManager] Initial window size: (800, 600) @08-03-2022 11:09:15.0400 AM
[ReportManager] Window size after SWD Maximize: (1176, 803) @08-03-2022 11:09:15.0428 AM
[ReportManager] Browser Action [MaximizeWindow] successfully performed. With the following test data [New screen size is now: (1176, 803)]. @08-03-2022 11:09:15.0428 A

################################################################################################################################################
Starting Execution:	[83 out of 165] test cases in the current suite
Test Method:		[testPackage01.Test_clipboardActions.typeTextAndCopyPaste]
################################################################################################################################################
[ReportManager] Target URL: [https://www.google.com/ncr], and after redirection: [https://www.google.com] @08-03-2022 11:09:15.0431 AM
[ReportManager] Initial URL: [] @08-03-2022 11:09:15.0469 AM
[ReportManager] Browser Action [NavigateToURL] successfully performed. With the following test data [https://www.google.com/ncr]. @08-03-2022 11:09:16.0865 AM
[ReportManager] Element Action [Type] successfully performed. With the following test data [FIRST]. @08-03-2022 11:09:17.0599 A
[ReportManager] Browser Action [CloseCurrentWindow] successfully performed. @08-03-2022 11:09:18.0000 AM
[ReportManager] Successfully created attachment [Browser Action Test Data - CloseCurrentWindow - Actual Value] @08-03-2022 11:09:18.0001 A
[ReportManager] File Action [GetAbsolutePath] successfully performed. With the following test data [Relative Folder Path: "target/downloadedFiles/"]. @08-03-2022 11:09:18.0003 AM
[ReportManager] Attempting to run locally on: [Mac-64], [Safari], Headless Execution. @08-03-2022 11:09:18.0003 AM
[ReportManager] Successfully Opened Safari. @08-03-2022 11:09:18.0808 AM
[ReportManager] Initial window size: (800, 600) @08-03-2022 11:09:18.0833 AM
[ReportManager] Window size after SWD Maximize: (1176, 803) @08-03-2022 11:09:18.0859 AM
[ReportManager] Browser Action [MaximizeWindow] successfully performed. With the following test data [New screen size is now: (1176, 803)]. @08-03-2022 11:09:18.0860 AM
[ReportManager] Target URL: [http://the-internet.herokuapp.com/javascript_alerts] @08-03-2022 11:09:18.0860 AM
[ReportManager] Initial URL: [] @08-03-2022 11:09:18.0953 AM
[ReportManager] Browser Action [NavigateToURL] successfully performed. With the following test data [http://the-internet.herokuapp.com/javascript_alerts]. @08-03-2022 11:09:19.0294 A

################################################################################################################################################
Starting Execution:	[84 out of 165] test cases in the current suite
Test Method:		[testPackage01.TestJSAlertBox.getJSAlertText]
################################################################################################################################################
[ReportManager] Element Action [Click] successfully performed. With the following test data [By.xpath: //button[contains(text(),'Click for JS Alert')]]. @08-03-2022 11:09:19.0520 AM
[ReportManager] Alert is present @08-03-2022 11:09:19.0525 AM
[ReportManager] Alert Text is: [I am a JS Alert] @08-03-2022 11:09:19.0529 AM
[ReportManager] Element Action [GetAlertText] successfully performed. @08-03-2022 11:09:19.0529 AM
[ReportManager] Alert text is: [I am a JS Alert] @08-03-2022 11:09:19.0530 AM
[ReportManager] Alert is present @08-03-2022 11:09:19.0540 AM
[ReportManager] Alert Text is: [I am a JS Alert] @08-03-2022 11:09:19.0550 AM
[ReportManager] Element Action [GetAlertText] successfully performed. @08-03-2022 11:09:19.0551 AM
[ReportManager] Assertion Passed: Then I Assert that [I am a JS Alert] is equal to [I am a JS Alert]. @08-03-2022 11:09:19.0551 AM
[ReportManager] Assertion [ValidateEquals] PASSED. Expected [I am a JS Alert] and Actual [I am a JS Alert]. Comparison Type [EQUALS]. Validation Type [POSITIVE]. @08-03-2022 11:09:19.0551 A

################################################################################################################################################
Starting Execution:	[85 out of 165] test cases in the current suite
Test Method:		[testPackage01.TestJSAlertBox.acceptAlert]
################################################################################################################################################
[ReportManager] Alert is not present @08-03-2022 11:09:49.0932 AM
[ReportManager] Element Action [WaitForAlertToBePresent] failed. @08-03-2022 11:09:50.0043 AM
[ReportManager] Successfully created attachment [Screenshot - 1646737789955_acceptAlert_WaitForAlertToBePresent_failed] @08-03-2022 11:09:50.0044 A

################################################################################################################################################
Starting Execution:	[86 out of 165] test cases in the current suite
Test Method:		[testPackage01.TestJSAlertBox.assertOnConfirmAlertResultText]
###############################################################################################################################################
[ReportManager] Browser Action [CloseCurrentWindow] successfully performed. @08-03-2022 11:09:50.0387 AM
[ReportManager] Successfully created attachment [Browser Action Test Data - CloseCurrentWindow - Actual Value] @08-03-2022 11:09:50.0388 A

################################################################################################################################################
Starting Execution:	[87 out of 165] test cases in the current suite
Test Method:		[testPackage01.Test_checkJDKShellFilesGenerated.testJDKGeneratedSuccessfully]
################################################################################################################################################
[ReportManager] Configuring JDK @08-03-2022 11:09:50.0390 AM
[ReportManager] File Action [GetAbsolutePath] successfully performed. With the following test data [Relative File Path: "generateJdkMac.sh"]. @08-03-2022 11:09:50.0391 AM
[ReportManager] File Action [WriteToFile] successfully performed. With the following test data [Target File Path: "/Users/runner/work/SHAFT_ENGINE/SHAFT_ENGINE/generateJdkMac.sh"]. @08-03-2022 11:09:50.0391 AM
[ReportManager] Attempting to perform the following command locally. Command: [chmod u+x generateJdk.sh] @08-03-2022 11:09:50.0391 AM
[ReportManager] Terminal Action [PerformTerminalCommands] successfully performed. With the following test data [Host Name: "localHost" | Command: "chmod u+x generateJdk.sh" | Exit Status: "1"]. @08-03-2022 11:09:50.0397 AM
[ReportManager] Successfully created attachment [Terminal Action Actual Result - Command Log] @08-03-2022 11:09:50.0398 AM
[ReportManager] Assertion Passed: Then I Assert that [[#!/bin/bash, export JAVA_HOME=$(/usr/libexec/java_home), export PATH=$JAVA_HOME/bin:$PATH, source ~/.zshenv, echo $JAVA_HOME, echo $PATH, exec bash]] contains [JAVA_HOME=$(/usr/libexec/java_home)]. @08-03-2022 11:09:50.0399 AM
[ReportManager] Assertion [ValidateEquals] PASSED. Expected [JAVA_HOME=$(/usr/libexec/java_home)] and Actual [[#!/bin/bash, export JAVA_HOME=$(/usr/libexec/java_home), export PATH=$JAVA_HOME/bin:$PATH, source ~/.zshenv, echo $JAVA_HOME, echo $PATH, exec bash]]. Comparison Type [CONTAINS]. Validation Type [POSITIVE]. @08-03-2022 11:09:50.0399 A
[ReportManager] File Action [GetAbsolutePath] successfully performed. With the following test data [Relative Folder Path: "target/downloadedFiles/"]. @08-03-2022 11:09:50.0402 AM
[ReportManager] Attempting to run locally on: [Mac-64], [Safari], Headless Execution. @08-03-2022 11:09:50.0402 AM
[ReportManager] An Exception Occured with this Message: Could not start a new session. Possible causes are invalid address of the remote server or browser start-up failure.. @08-03-2022 11:09:50.0617 AM
[ReportManager] Successfully created attachment [Exception Stack Trace - org.openqa.selenium.SessionNotCreatedException] @08-03-2022 11:09:50.0624 AM
[ReportManager] Driver Factory Action [createNewLocalDriverInstanceForSafari] failed. With the following test data [Failed to create a session on DESKTOP_SAFARI]. @08-03-2022 11:09:50.0625 A

################################################################################################################################################
Starting Execution:	[88 out of 165] test cases in the current suite
Test Method:		[testPackage01.TestJSConfirmBox.dismissAlert]
###############################################################################################################################################

################################################################################################################################################
Starting Execution:	[89 out of 165] test cases in the current suite
Test Method:		[testPackage01.TestJSConfirmBox.assertOnCancelAlertResultText]
###############################################################################################################################################

################################################################################################################################################
Starting Execution:	[90 out of 165] test cases in the current suite
Test Method:		[testPackage01.TestJSConfirmBox.getAlertText]
###############################################################################################################################################

################################################################################################################################################
Starting Execution:	[91 out of 165] test cases in the current suite
Test Method:		[testPackage01.TestJSConfirmBox.acceptAlert]
###############################################################################################################################################

################################################################################################################################################
Starting Execution:	[92 out of 165] test cases in the current suite
Test Method:		[testPackage01.TestJSConfirmBox.assertOnConfirmAlertResultText]
###############################################################################################################################################


################################################################################################################################################
Starting Execution:	[93 out of 165] test cases in the current suite
Test Method:		[testPackage01.Test_NewValidationHelper.f1]
################################################################################################################################################
[ReportManager] Assertion Passed: Checking valid user data @08-03-2022 11:09:50.0666 AM
[ReportManager] Successfully created attachment [Validation Test Data - Expected Value] @08-03-2022 11:09:50.0666 AM
[ReportManager] Successfully created attachment [Validation Test Data - Actual Value] @08-03-2022 11:09:50.0667 AM
[ReportManager] Assertion [ValidateEquals] PASSED. Expected and Actual values are attached. Comparison Type [EQUALS]. Validation Type [POSITIVE]. @08-03-2022 11:09:50.0667 A
[ReportManager] File Action [GetAbsolutePath] successfully performed. With the following test data [Relative Folder Path: "target/downloadedFiles/"]. @08-03-2022 11:09:50.0671 AM
[ReportManager] Attempting to run locally on: [Mac-64], [Safari], Headless Execution. @08-03-2022 11:09:50.0671 AM
[ReportManager] Successfully Opened Safari. @08-03-2022 11:09:51.0561 AM
[ReportManager] Initial window size: (800, 600) @08-03-2022 11:09:51.0583 AM
[ReportManager] Window size after SWD Maximize: (1176, 803) @08-03-2022 11:09:51.0596 AM
[ReportManager] Browser Action [MaximizeWindow] successfully performed. With the following test data [New screen size is now: (1176, 803)]. @08-03-2022 11:09:51.0596 AM
[ReportManager] Target URL: [https://the-internet.herokuapp.com/] @08-03-2022 11:09:51.0596 AM
[ReportManager] Initial URL: [] @08-03-2022 11:09:51.0644 AM
[ReportManager] Browser Action [NavigateToURL] successfully performed. With the following test data [https://the-internet.herokuapp.com/]. @08-03-2022 11:09:51.0980 A

################################################################################################################################################
Starting Execution:	[94 out of 165] test cases in the current suite
Test Method:		[testPackage01.Test_NewValidationHelper.f10]
################################################################################################################################################
[ReportManager] Assertion [ValidateElementExists] FAILED. Expected [Element Should Exist, locator 'By.tagName: div'] and Actual [Element Exists but is not unique]. Comparison Type [EQUALS]. Validation Type [POSITIVE]. @08-03-2022 11:09:52.0306 AM
[ReportManager] Successfully created attachment [Screenshot - 1646737792238_f10_ValidateElementExists_failed] @08-03-2022 11:09:52.0307 A
[ReportManager] Successfully Closed All Drivers. @08-03-2022 11:09:52.0654 A
[ReportManager] File Action [GetAbsolutePath] successfully performed. With the following test data [Relative Folder Path: "target/downloadedFiles/"]. @08-03-2022 11:09:52.0656 AM
[ReportManager] Attempting to run locally on: [Mac-64], [Safari], Headless Execution. @08-03-2022 11:09:52.0656 AM
[ReportManager] Successfully Opened Safari. @08-03-2022 11:09:53.0471 AM
[ReportManager] Initial window size: (800, 600) @08-03-2022 11:09:53.0504 AM
[ReportManager] Window size after SWD Maximize: (1176, 803) @08-03-2022 11:09:53.0536 AM
[ReportManager] Browser Action [MaximizeWindow] successfully performed. With the following test data [New screen size is now: (1176, 803)]. @08-03-2022 11:09:53.0536 AM
[ReportManager] Target URL: [https://the-internet.herokuapp.com/] @08-03-2022 11:09:53.0536 AM
[ReportManager] Initial URL: [] @08-03-2022 11:09:53.0598 AM
[ReportManager] Browser Action [NavigateToURL] successfully performed. With the following test data [https://the-internet.herokuapp.com/]. @08-03-2022 11:09:53.0924 A

################################################################################################################################################
Starting Execution:	[95 out of 165] test cases in the current suite
Test Method:		[testPackage01.Test_NewValidationHelper.f11]
################################################################################################################################################
[ReportManager] org.openqa.selenium.TimeoutException:
Expected condition failed: waiting for com.shaft.gui.element.ElementActionsHelper$$Lambda$643/0x000000080114d450@4fbd8023 (tried for 5 second(s) with 1000 milliseconds interval)
org.openqa.selenium.support.ui.FluentWait.timeoutException(FluentWait.java:263)
org.openqa.selenium.support.ui.FluentWait.until(FluentWait.java:231)
com.shaft.gui.element.ElementActionsHelper.waitForElementPresence(ElementActionsHelper.java:89)
com.shaft.gui.element.ElementActionsHelper.waitForElementPresence(ElementActionsHelper.java:37)
com.shaft.gui.element.WebDriverElementActions.getMatchingElementsCount(WebDriverElementActions.java:1481)
com.shaft.gui.element.WebDriverElementActions.getElementsCount(WebDriverElementActions.java:561)
com.shaft.gui.element.ElementActions.getElementsCount(ElementActions.java:269)
com.shaft.validation.ValidationsHelper.validateElementExists(ValidationsHelper.java:149)
com.shaft.validation.Assertions.assertElementExists(Assertions.java:118)
testPackage01.Test_NewValidationHelper.f11(Test_NewValidationHelper.java:137)
java.base/jdk.internal.reflect.NativeMethodAccessorImpl.invoke0(Native Method)
java.base/jdk.internal.reflect.NativeMethodAccessorImpl.invoke(NativeMethodAccessorImpl.java:77)
java.base/jdk.internal.reflect.DelegatingMethodAccessorImpl.invoke(DelegatingMethodAccessorImpl.java:43)
java.base/java.lang.reflect.Method.invoke(Method.java:568)
org.testng.internal.invokers.MethodInvocationHelper.invokeMethod(MethodInvocationHelper.java:135)
org.testng.internal.invokers.TestInvoker.invokeMethod(TestInvoker.java:673)
org.testng.internal.invokers.TestInvoker.invokeTestMethod(TestInvoker.java:220)
org.testng.internal.invokers.MethodRunner.runInSequence(MethodRunner.java:50)
org.testng.internal.invokers.TestInvoker$MethodInvocationAgent.invoke(TestInvoker.java:945)
org.testng.internal.invokers.TestInvoker.invokeTestMethods(TestInvoker.java:193)
org.testng.internal.invokers.TestMethodWorker.invokeTestMethods(TestMethodWorker.java:146)
org.testng.internal.invokers.TestMethodWorker.run(TestMethodWorker.java:128)
java.base/java.util.ArrayList.forEach(ArrayList.java:1511)
org.testng.TestRunner.privateRun(TestRunner.java:808)
org.testng.TestRunner.run(TestRunner.java:603)
org.testng.SuiteRunner.runTest(SuiteRunner.java:429)
org.testng.SuiteRunner.runSequentially(SuiteRunner.java:423)
org.testng.SuiteRunner.privateRun(SuiteRunner.java:383)
org.testng.SuiteRunner.run(SuiteRunner.java:326)
org.testng.SuiteRunnerWorker.runSuite(SuiteRunnerWorker.java:52)
org.testng.SuiteRunnerWorker.run(SuiteRunnerWorker.java:95)
org.testng.TestNG.runSuitesSequentially(TestNG.java:1249)
org.testng.TestNG.runSuitesLocally(TestNG.java:1169)
org.testng.TestNG.runSuites(TestNG.java:1092)
org.testng.TestNG.run(TestNG.java:1060)
org.apache.maven.surefire.testng.TestNGExecutor.run(TestNGExecutor.java:136)
org.apache.maven.surefire.testng.TestNGDirectoryTestSuite.executeMulti(TestNGDirectoryTestSuite.java:193)
org.apache.maven.surefire.testng.TestNGDirectoryTestSuite.execute(TestNGDirectoryTestSuite.java:94)
org.apache.maven.surefire.testng.TestNGProvider.invoke(TestNGProvider.java:145)
org.apache.maven.surefire.booter.ForkedBooter.runSuitesInProcess(ForkedBooter.java:428)
org.apache.maven.surefire.booter.ForkedBooter.execute(ForkedBooter.java:162)
org.apache.maven.surefire.booter.ForkedBooter.run(ForkedBooter.java:562)
org.apache.maven.surefire.booter.ForkedBooter.main(ForkedBooter.java:548)

Caused by: org.openqa.selenium.NoSuchElementException:
For documentation on this error, please visit: https://selenium.dev/exceptions/#no_such_element
Build info: version: '4.1.2', revision: '9a5a329c5a'
System info: host: 'Mac-1646737484304.local', ip: '10.212.0.75', os.name: 'Mac OS X', os.arch: 'x86_64', os.version: '11.6.4', java.version: '17.0.2'
Driver info: org.openqa.selenium.safari.SafariDriver
Command: [3756E7DD-85A2-4107-9E0B-FE74E6775308, findElement {using=tag name, value=h3}]
Capabilities {acceptInsecureCerts: false, browserName: Safari, browserVersion: 15.3, goog:loggingPrefs: {browser: ALL, client: ALL, driver: ALL, performance: ALL, profiler: ALL, server: ALL}, javascriptEnabled: true, pageLoadStrategy: normal, platform: MAC, platformName: MAC, safari:automaticInspection: false, safari:automaticProfiling: false, safari:diagnose: false, safari:platformBuildVersion: 20G417, safari:platformVersion: 11.6.4, safari:useSimulator: false, setWindowRect: true, strictFileInteractability: false, timeouts: {pageLoad: 30000, script: 30000}, webkit:WebRTC: {DisableICECandidateFiltering: false, DisableInsecureMediaCapture: false}}
Session ID: 3756E7DD-85A2-4107-9E0B-FE74E6775308
jdk.internal.reflect.GeneratedConstructorAccessor71.newInstance(Unknown Source)
java.base/jdk.internal.reflect.DelegatingConstructorAccessorImpl.newInstance(DelegatingConstructorAccessorImpl.java:45)
java.base/java.lang.reflect.Constructor.newInstanceWithCaller(Constructor.java:499)
java.base/java.lang.reflect.Constructor.newInstance(Constructor.java:480)
org.openqa.selenium.remote.codec.w3c.W3CHttpResponseCodec.createException(W3CHttpResponseCodec.java:200)
org.openqa.selenium.remote.codec.w3c.W3CHttpResponseCodec.decode(W3CHttpResponseCodec.java:133)
org.openqa.selenium.remote.codec.w3c.W3CHttpResponseCodec.decode(W3CHttpResponseCodec.java:53)
org.openqa.selenium.remote.HttpCommandExecutor.execute(HttpCommandExecutor.java:184)
org.openqa.selenium.remote.service.DriverCommandExecutor.invokeExecute(DriverCommandExecutor.java:167)
org.openqa.selenium.remote.service.DriverCommandExecutor.execute(DriverCommandExecutor.java:142)
org.openqa.selenium.remote.RemoteWebDriver.execute(RemoteWebDriver.java:558)
org.openqa.selenium.remote.ElementLocation$ElementFinder$2.findElement(ElementLocation.java:162)
org.openqa.selenium.remote.ElementLocation.findElement(ElementLocation.java:60)
org.openqa.selenium.remote.RemoteWebDriver.findElement(RemoteWebDriver.java:382)
org.openqa.selenium.remote.RemoteWebDriver.findElement(RemoteWebDriver.java:374)
com.shaft.gui.element.ElementActionsHelper.lambda$waitForElementPresence$0(ElementActionsHelper.java:92)
org.openqa.selenium.support.ui.FluentWait.until(FluentWait.java:208)
com.shaft.gui.element.ElementActionsHelper.waitForElementPresence(ElementActionsHelper.java:89)
com.shaft.gui.element.ElementActionsHelper.waitForElementPresence(ElementActionsHelper.java:37)
com.shaft.gui.element.WebDriverElementActions.getMatchingElementsCount(WebDriverElementActions.java:1481)
com.shaft.gui.element.WebDriverElementActions.getElementsCount(WebDriverElementActions.java:561)
com.shaft.gui.element.ElementActions.getElementsCount(ElementActions.java:269)
com.shaft.validation.ValidationsHelper.validateElementExists(ValidationsHelper.java:149)
com.shaft.validation.Assertions.assertElementExists(Assertions.java:118)
testPackage01.Test_NewValidationHelper.f11(Test_NewValidationHelper.java:137)
java.base/jdk.internal.reflect.NativeMethodAccessorImpl.invoke0(Native Method)
java.base/jdk.internal.reflect.NativeMethodAccessorImpl.invoke(NativeMethodAccessorImpl.java:77)
java.base/jdk.internal.reflect.DelegatingMethodAccessorImpl.invoke(DelegatingMethodAccessorImpl.java:43)
java.base/java.lang.reflect.Method.invoke(Method.java:568)
org.testng.internal.invokers.MethodInvocationHelper.invokeMethod(MethodInvocationHelper.java:135)
org.testng.internal.invokers.TestInvoker.invokeMethod(TestInvoker.java:673)
org.testng.internal.invokers.TestInvoker.invokeTestMethod(TestInvoker.java:220)
org.testng.internal.invokers.MethodRunner.runInSequence(MethodRunner.java:50)
org.testng.internal.invokers.TestInvoker$MethodInvocationAgent.invoke(TestInvoker.java:945)
org.testng.internal.invokers.TestInvoker.invokeTestMethods(TestInvoker.java:193)
org.testng.internal.invokers.TestMethodWorker.invokeTestMethods(TestMethodWorker.java:146)
org.testng.internal.invokers.TestMethodWorker.run(TestMethodWorker.java:128)
java.base/java.util.ArrayList.forEach(ArrayList.java:1511)
org.testng.TestRunner.privateRun(TestRunner.java:808)
org.testng.TestRunner.run(TestRunner.java:603)
org.testng.SuiteRunner.runTest(SuiteRunner.java:429)
org.testng.SuiteRunner.runSequentially(SuiteRunner.java:423)
org.testng.SuiteRunner.privateRun(SuiteRunner.java:383)
org.testng.SuiteRunner.run(SuiteRunner.java:326)
org.testng.SuiteRunnerWorker.runSuite(SuiteRunnerWorker.java:52)
org.testng.SuiteRunnerWorker.run(SuiteRunnerWorker.java:95)
org.testng.TestNG.runSuitesSequentially(TestNG.java:1249)
org.testng.TestNG.runSuitesLocally(TestNG.java:1169)
org.testng.TestNG.runSuites(TestNG.java:1092)
org.testng.TestNG.run(TestNG.java:1060)
org.apache.maven.surefire.testng.TestNGExecutor.run(TestNGExecutor.java:136)
org.apache.maven.surefire.testng.TestNGDirectoryTestSuite.executeMulti(TestNGDirectoryTestSuite.java:193)
org.apache.maven.surefire.testng.TestNGDirectoryTestSuite.execute(TestNGDirectoryTestSuite.java:94)
org.apache.maven.surefire.testng.TestNGProvider.invoke(TestNGProvider.java:145)
org.apache.maven.surefire.booter.ForkedBooter.runSuitesInProcess(ForkedBooter.java:428)
org.apache.maven.surefire.booter.ForkedBooter.execute(ForkedBooter.java:162)
org.apache.maven.surefire.booter.ForkedBooter.run(ForkedBooter.java:562)
org.apache.maven.surefire.booter.ForkedBooter.main(ForkedBooter.java:548) @08-03-2022 11:09:59.0386 AM
[ReportManager] org.openqa.selenium.TimeoutException:
Expected condition failed: waiting for com.shaft.gui.element.ElementActionsHelper$$Lambda$643/0x000000080114d450@719d2bdc (tried for 5 second(s) with 1000 milliseconds interval)
org.openqa.selenium.support.ui.FluentWait.timeoutException(FluentWait.java:263)
org.openqa.selenium.support.ui.FluentWait.until(FluentWait.java:231)
com.shaft.gui.element.ElementActionsHelper.waitForElementPresence(ElementActionsHelper.java:89)
com.shaft.gui.element.ElementActionsHelper.waitForElementPresence(ElementActionsHelper.java:37)
com.shaft.gui.element.WebDriverElementActions.getMatchingElementsCount(WebDriverElementActions.java:1481)
com.shaft.gui.element.WebDriverElementActions.getElementsCount(WebDriverElementActions.java:561)
com.shaft.gui.element.ElementActions.getElementsCount(ElementActions.java:269)
com.shaft.gui.image.ScreenshotManager.internalCaptureScreenShot(ScreenshotManager.java:386)
com.shaft.gui.image.ScreenshotManager.captureScreenShot(ScreenshotManager.java:142)
com.shaft.validation.ValidationsHelper.reportValidationState(ValidationsHelper.java:823)
com.shaft.validation.ValidationsHelper.pass(ValidationsHelper.java:564)
com.shaft.validation.ValidationsHelper.validateElementExists(ValidationsHelper.java:166)
com.shaft.validation.Assertions.assertElementExists(Assertions.java:118)
testPackage01.Test_NewValidationHelper.f11(Test_NewValidationHelper.java:137)
java.base/jdk.internal.reflect.NativeMethodAccessorImpl.invoke0(Native Method)
java.base/jdk.internal.reflect.NativeMethodAccessorImpl.invoke(NativeMethodAccessorImpl.java:77)
java.base/jdk.internal.reflect.DelegatingMethodAccessorImpl.invoke(DelegatingMethodAccessorImpl.java:43)
java.base/java.lang.reflect.Method.invoke(Method.java:568)
org.testng.internal.invokers.MethodInvocationHelper.invokeMethod(MethodInvocationHelper.java:135)
org.testng.internal.invokers.TestInvoker.invokeMethod(TestInvoker.java:673)
org.testng.internal.invokers.TestInvoker.invokeTestMethod(TestInvoker.java:220)
org.testng.internal.invokers.MethodRunner.runInSequence(MethodRunner.java:50)
org.testng.internal.invokers.TestInvoker$MethodInvocationAgent.invoke(TestInvoker.java:945)
org.testng.internal.invokers.TestInvoker.invokeTestMethods(TestInvoker.java:193)
org.testng.internal.invokers.TestMethodWorker.invokeTestMethods(TestMethodWorker.java:146)
org.testng.internal.invokers.TestMethodWorker.run(TestMethodWorker.java:128)
java.base/java.util.ArrayList.forEach(ArrayList.java:1511)
org.testng.TestRunner.privateRun(TestRunner.java:808)
org.testng.TestRunner.run(TestRunner.java:603)
org.testng.SuiteRunner.runTest(SuiteRunner.java:429)
org.testng.SuiteRunner.runSequentially(SuiteRunner.java:423)
org.testng.SuiteRunner.privateRun(SuiteRunner.java:383)
org.testng.SuiteRunner.run(SuiteRunner.java:326)
org.testng.SuiteRunnerWorker.runSuite(SuiteRunnerWorker.java:52)
org.testng.SuiteRunnerWorker.run(SuiteRunnerWorker.java:95)
org.testng.TestNG.runSuitesSequentially(TestNG.java:1249)
org.testng.TestNG.runSuitesLocally(TestNG.java:1169)
org.testng.TestNG.runSuites(TestNG.java:1092)
org.testng.TestNG.run(TestNG.java:1060)
org.apache.maven.surefire.testng.TestNGExecutor.run(TestNGExecutor.java:136)
org.apache.maven.surefire.testng.TestNGDirectoryTestSuite.executeMulti(TestNGDirectoryTestSuite.java:193)
org.apache.maven.surefire.testng.TestNGDirectoryTestSuite.execute(TestNGDirectoryTestSuite.java:94)
org.apache.maven.surefire.testng.TestNGProvider.invoke(TestNGProvider.java:145)
org.apache.maven.surefire.booter.ForkedBooter.runSuitesInProcess(ForkedBooter.java:428)
org.apache.maven.surefire.booter.ForkedBooter.execute(ForkedBooter.java:162)
org.apache.maven.surefire.booter.ForkedBooter.run(ForkedBooter.java:562)
org.apache.maven.surefire.booter.ForkedBooter.main(ForkedBooter.java:548)

Caused by: org.openqa.selenium.NoSuchElementException:
For documentation on this error, please visit: https://selenium.dev/exceptions/#no_such_element
Build info: version: '4.1.2', revision: '9a5a329c5a'
System info: host: 'Mac-1646737484304.local', ip: '10.212.0.75', os.name: 'Mac OS X', os.arch: 'x86_64', os.version: '11.6.4', java.version: '17.0.2'
Driver info: org.openqa.selenium.safari.SafariDriver
Command: [3756E7DD-85A2-4107-9E0B-FE74E6775308, findElement {using=tag name, value=h3}]
Capabilities {acceptInsecureCerts: false, browserName: Safari, browserVersion: 15.3, goog:loggingPrefs: {browser: ALL, client: ALL, driver: ALL, performance: ALL, profiler: ALL, server: ALL}, javascriptEnabled: true, pageLoadStrategy: normal, platform: MAC, platformName: MAC, safari:automaticInspection: false, safari:automaticProfiling: false, safari:diagnose: false, safari:platformBuildVersion: 20G417, safari:platformVersion: 11.6.4, safari:useSimulator: false, setWindowRect: true, strictFileInteractability: false, timeouts: {pageLoad: 30000, script: 30000}, webkit:WebRTC: {DisableICECandidateFiltering: false, DisableInsecureMediaCapture: false}}
Session ID: 3756E7DD-85A2-4107-9E0B-FE74E6775308
jdk.internal.reflect.GeneratedConstructorAccessor71.newInstance(Unknown Source)
java.base/jdk.internal.reflect.DelegatingConstructorAccessorImpl.newInstance(DelegatingConstructorAccessorImpl.java:45)
java.base/java.lang.reflect.Constructor.newInstanceWithCaller(Constructor.java:499)
java.base/java.lang.reflect.Constructor.newInstance(Constructor.java:480)
org.openqa.selenium.remote.codec.w3c.W3CHttpResponseCodec.createException(W3CHttpResponseCodec.java:200)
org.openqa.selenium.remote.codec.w3c.W3CHttpResponseCodec.decode(W3CHttpResponseCodec.java:133)
org.openqa.selenium.remote.codec.w3c.W3CHttpResponseCodec.decode(W3CHttpResponseCodec.java:53)
org.openqa.selenium.remote.HttpCommandExecutor.execute(HttpCommandExecutor.java:184)
org.openqa.selenium.remote.service.DriverCommandExecutor.invokeExecute(DriverCommandExecutor.java:167)
org.openqa.selenium.remote.service.DriverCommandExecutor.execute(DriverCommandExecutor.java:142)
org.openqa.selenium.remote.RemoteWebDriver.execute(RemoteWebDriver.java:558)
org.openqa.selenium.remote.ElementLocation$ElementFinder$2.findElement(ElementLocation.java:162)
org.openqa.selenium.remote.ElementLocation.findElement(ElementLocation.java:60)
org.openqa.selenium.remote.RemoteWebDriver.findElement(RemoteWebDriver.java:382)
org.openqa.selenium.remote.RemoteWebDriver.findElement(RemoteWebDriver.java:374)
com.shaft.gui.element.ElementActionsHelper.lambda$waitForElementPresence$0(ElementActionsHelper.java:92)
org.openqa.selenium.support.ui.FluentWait.until(FluentWait.java:208)
com.shaft.gui.element.ElementActionsHelper.waitForElementPresence(ElementActionsHelper.java:89)
com.shaft.gui.element.ElementActionsHelper.waitForElementPresence(ElementActionsHelper.java:37)
com.shaft.gui.element.WebDriverElementActions.getMatchingElementsCount(WebDriverElementActions.java:1481)
com.shaft.gui.element.WebDriverElementActions.getElementsCount(WebDriverElementActions.java:561)
com.shaft.gui.element.ElementActions.getElementsCount(ElementActions.java:269)
com.shaft.gui.image.ScreenshotManager.internalCaptureScreenShot(ScreenshotManager.java:386)
com.shaft.gui.image.ScreenshotManager.captureScreenShot(ScreenshotManager.java:142)
com.shaft.validation.ValidationsHelper.reportValidationState(ValidationsHelper.java:823)
com.shaft.validation.ValidationsHelper.pass(ValidationsHelper.java:564)
com.shaft.validation.ValidationsHelper.validateElementExists(ValidationsHelper.java:166)
com.shaft.validation.Assertions.assertElementExists(Assertions.java:118)
testPackage01.Test_NewValidationHelper.f11(Test_NewValidationHelper.java:137)
java.base/jdk.internal.reflect.NativeMethodAccessorImpl.invoke0(Native Method)
java.base/jdk.internal.reflect.NativeMethodAccessorImpl.invoke(NativeMethodAccessorImpl.java:77)
java.base/jdk.internal.reflect.DelegatingMethodAccessorImpl.invoke(DelegatingMethodAccessorImpl.java:43)
java.base/java.lang.reflect.Method.invoke(Method.java:568)
org.testng.internal.invokers.MethodInvocationHelper.invokeMethod(MethodInvocationHelper.java:135)
org.testng.internal.invokers.TestInvoker.invokeMethod(TestInvoker.java:673)
org.testng.internal.invokers.TestInvoker.invokeTestMethod(TestInvoker.java:220)
org.testng.internal.invokers.MethodRunner.runInSequence(MethodRunner.java:50)
org.testng.internal.invokers.TestInvoker$MethodInvocationAgent.invoke(TestInvoker.java:945)
org.testng.internal.invokers.TestInvoker.invokeTestMethods(TestInvoker.java:193)
org.testng.internal.invokers.TestMethodWorker.invokeTestMethods(TestMethodWorker.java:146)
org.testng.internal.invokers.TestMethodWorker.run(TestMethodWorker.java:128)
java.base/java.util.ArrayList.forEach(ArrayList.java:1511)
org.testng.TestRunner.privateRun(TestRunner.java:808)
org.testng.TestRunner.run(TestRunner.java:603)
org.testng.SuiteRunner.runTest(SuiteRunner.java:429)
org.testng.SuiteRunner.runSequentially(SuiteRunner.java:423)
org.testng.SuiteRunner.privateRun(SuiteRunner.java:383)
org.testng.SuiteRunner.run(SuiteRunner.java:326)
org.testng.SuiteRunnerWorker.runSuite(SuiteRunnerWorker.java:52)
org.testng.SuiteRunnerWorker.run(SuiteRunnerWorker.java:95)
org.testng.TestNG.runSuitesSequentially(TestNG.java:1249)
org.testng.TestNG.runSuitesLocally(TestNG.java:1169)
org.testng.TestNG.runSuites(TestNG.java:1092)
org.testng.TestNG.run(TestNG.java:1060)
org.apache.maven.surefire.testng.TestNGExecutor.run(TestNGExecutor.java:136)
org.apache.maven.surefire.testng.TestNGDirectoryTestSuite.executeMulti(TestNGDirectoryTestSuite.java:193)
org.apache.maven.surefire.testng.TestNGDirectoryTestSuite.execute(TestNGDirectoryTestSuite.java:94)
org.apache.maven.surefire.testng.TestNGProvider.invoke(TestNGProvider.java:145)
org.apache.maven.surefire.booter.ForkedBooter.runSuitesInProcess(ForkedBooter.java:428)
org.apache.maven.surefire.booter.ForkedBooter.execute(ForkedBooter.java:162)
org.apache.maven.surefire.booter.ForkedBooter.run(ForkedBooter.java:562)
org.apache.maven.surefire.booter.ForkedBooter.main(ForkedBooter.java:548) @08-03-2022 11:10:04.0458 AM
[ReportManager] Assertion Passed: Checking that false tag doesn't exist @08-03-2022 11:10:04.0666 AM
[ReportManager] Successfully created attachment [Screenshot - 1646737804485_f11_ValidateElementExists_passed] @08-03-2022 11:10:04.0748 AM
[ReportManager] Assertion [ValidateElementExists] PASSED. Expected [Element Should not Exist, locator 'By.tagName: h3'] and Actual [Element Doesn't Exists]. Comparison Type [EQUALS]. Validation Type [NEGATIVE]. @08-03-2022 11:10:04.0748 A
[ReportManager] Successfully Closed All Drivers. @08-03-2022 11:10:05.0049 A
[ReportManager] File Action [GetAbsolutePath] successfully performed. With the following test data [Relative Folder Path: "target/downloadedFiles/"]. @08-03-2022 11:10:05.0174 AM
[ReportManager] Attempting to run locally on: [Mac-64], [Safari], Headless Execution. @08-03-2022 11:10:05.0174 AM
[ReportManager] An Exception Occured with this Message: Could not start a new session. Possible causes are invalid address of the remote server or browser start-up failure.. @08-03-2022 11:10:05.0365 AM
[ReportManager] Successfully created attachment [Exception Stack Trace - org.openqa.selenium.SessionNotCreatedException] @08-03-2022 11:10:05.0407 AM
[ReportManager] Driver Factory Action [createNewLocalDriverInstanceForSafari] failed. With the following test data [Failed to create a session on DESKTOP_SAFARI]. @08-03-2022 11:10:05.0407 A

################################################################################################################################################
Starting Execution:	[96 out of 165] test cases in the current suite
Test Method:		[testPackage01.Test_NewValidationHelper.f12]
###############################################################################################################################################



################################################################################################################################################
Starting Execution:	[97 out of 165] test cases in the current suite
Test Method:		[testPackage01.Test_NewValidationHelper.f13]
###############################################################################################################################################



################################################################################################################################################
Starting Execution:	[98 out of 165] test cases in the current suite
Test Method:		[testPackage01.Test_NewValidationHelper.f14]
###############################################################################################################################################



################################################################################################################################################
Starting Execution:	[99 out of 165] test cases in the current suite
Test Method:		[testPackage01.Test_NewValidationHelper.f15]
###############################################################################################################################################



################################################################################################################################################
Starting Execution:	[100 out of 165] test cases in the current suite
Test Method:		[testPackage01.Test_NewValidationHelper.f16]
###############################################################################################################################################



################################################################################################################################################
Starting Execution:	[101 out of 165] test cases in the current suite
Test Method:		[testPackage01.Test_NewValidationHelper.f17]
###############################################################################################################################################



################################################################################################################################################
Starting Execution:	[102 out of 165] test cases in the current suite
Test Method:		[testPackage01.Test_NewValidationHelper.f18]
###############################################################################################################################################


################################################################################################################################################
Starting Execution:	[103 out of 165] test cases in the current suite
Test Method:		[testPackage01.Test_NewValidationHelper.f2]
###############################################################################################################################################


################################################################################################################################################
Starting Execution:	[104 out of 165] test cases in the current suite
Test Method:		[testPackage01.Test_NewValidationHelper.f20]
###############################################################################################################################################



################################################################################################################################################
Starting Execution:	[105 out of 165] test cases in the current suite
Test Method:		[testPackage01.Test_NewValidationHelper.f21]
###############################################################################################################################################



################################################################################################################################################
Starting Execution:	[106 out of 165] test cases in the current suite
Test Method:		[testPackage01.Test_NewValidationHelper.f22]
###############################################################################################################################################


################################################################################################################################################
Starting Execution:	[107 out of 165] test cases in the current suite
Test Method:		[testPackage01.Test_NewValidationHelper.f23]
###############################################################################################################################################

################################################################################################################################################
Starting Execution:	[108 out of 165] test cases in the current suite
Test Method:		[testPackage01.Test_NewValidationHelper.f24]
###############################################################################################################################################

################################################################################################################################################
Starting Execution:	[109 out of 165] test cases in the current suite
Test Method:		[testPackage01.Test_NewValidationHelper.f25]
###############################################################################################################################################

################################################################################################################################################
Starting Execution:	[110 out of 165] test cases in the current suite
Test Method:		[testPackage01.Test_NewValidationHelper.f26]
###############################################################################################################################################

################################################################################################################################################
Starting Execution:	[111 out of 165] test cases in the current suite
Test Method:		[testPackage01.Test_NewValidationHelper.f27]
###############################################################################################################################################

################################################################################################################################################
Starting Execution:	[112 out of 165] test cases in the current suite
Test Method:		[testPackage01.Test_NewValidationHelper.f28]
###############################################################################################################################################

################################################################################################################################################
Starting Execution:	[113 out of 165] test cases in the current suite
Test Method:		[testPackage01.Test_NewValidationHelper.f29]
###############################################################################################################################################

################################################################################################################################################
Starting Execution:	[114 out of 165] test cases in the current suite
Test Method:		[testPackage01.Test_NewValidationHelper.f3]
###############################################################################################################################################

################################################################################################################################################
Starting Execution:	[115 out of 165] test cases in the current suite
Test Method:		[testPackage01.Test_NewValidationHelper.f30]
###############################################################################################################################################

################################################################################################################################################
Starting Execution:	[116 out of 165] test cases in the current suite
Test Method:		[testPackage01.Test_NewValidationHelper.f31]
###############################################################################################################################################

################################################################################################################################################
Starting Execution:	[117 out of 165] test cases in the current suite
Test Method:		[testPackage01.Test_NewValidationHelper.f32]
###############################################################################################################################################

################################################################################################################################################
Starting Execution:	[118 out of 165] test cases in the current suite
Test Method:		[testPackage01.Test_NewValidationHelper.f33]
###############################################################################################################################################

################################################################################################################################################
Starting Execution:	[119 out of 165] test cases in the current suite
Test Method:		[testPackage01.Test_NewValidationHelper.f34]
###############################################################################################################################################

################################################################################################################################################
Starting Execution:	[120 out of 165] test cases in the current suite
Test Method:		[testPackage01.Test_NewValidationHelper.f35]
###############################################################################################################################################

################################################################################################################################################
Starting Execution:	[121 out of 165] test cases in the current suite
Test Method:		[testPackage01.Test_NewValidationHelper.f36]
###############################################################################################################################################

################################################################################################################################################
Starting Execution:	[122 out of 165] test cases in the current suite
Test Method:		[testPackage01.Test_NewValidationHelper.f37]
###############################################################################################################################################

################################################################################################################################################
Starting Execution:	[123 out of 165] test cases in the current suite
Test Method:		[testPackage01.Test_NewValidationHelper.f3_1]
###############################################################################################################################################

################################################################################################################################################
Starting Execution:	[124 out of 165] test cases in the current suite
Test Method:		[testPackage01.Test_NewValidationHelper.f4]
###############################################################################################################################################

################################################################################################################################################
Starting Execution:	[125 out of 165] test cases in the current suite
Test Method:		[testPackage01.Test_NewValidationHelper.f5]
###############################################################################################################################################

################################################################################################################################################
Starting Execution:	[126 out of 165] test cases in the current suite
Test Method:		[testPackage01.Test_NewValidationHelper.f6]
###############################################################################################################################################

################################################################################################################################################
Starting Execution:	[127 out of 165] test cases in the current suite
Test Method:		[testPackage01.Test_NewValidationHelper.f6_1]
###############################################################################################################################################

################################################################################################################################################
Starting Execution:	[128 out of 165] test cases in the current suite
Test Method:		[testPackage01.Test_NewValidationHelper.f6_2]
###############################################################################################################################################

################################################################################################################################################
Starting Execution:	[129 out of 165] test cases in the current suite
Test Method:		[testPackage01.Test_NewValidationHelper.f7]
###############################################################################################################################################


################################################################################################################################################
Starting Execution:	[130 out of 165] test cases in the current suite
Test Method:		[testPackage01.Test_NewValidationHelper.f8]
###############################################################################################################################################



################################################################################################################################################
Starting Execution:	[131 out of 165] test cases in the current suite
Test Method:		[testPackage01.Test_NewValidationHelper.f9]
###############################################################################################################################################


################################################################################################################################################
Starting Execution:	[132 out of 165] test cases in the current suite
Test Method:		[testPackage01.Test_NewValidationHelper.forceFail]
###############################################################################################################################################

################################################################################################################################################
Starting Execution:	[133 out of 165] test cases in the current suite
Test Method:		[testPackage01.Test_NewValidationHelper.forceFail2]
###############################################################################################################################################

################################################################################################################################################
Starting Execution:	[134 out of 165] test cases in the current suite
Test Method:		[testPackage01.Test_JsonActions.f]
###############################################################################################################################################

################################################################################################################################################
Starting Execution:	[135 out of 165] test cases in the current suite
Test Method:		[testPackage01.Test_JsonActions.f2]
###############################################################################################################################################

################################################################################################################################################
Starting Execution:	[136 out of 165] test cases in the current suite
Test Method:		[testPackage01.Test_sendGraphqlRequest.sendGraphqlRequestUsingMutationAndVariables]
################################################################################################################################################
[ReportManager] GraphQl Request is being Performed with the Following Parameters [Service URL: https://api.spacex.land/graphql | Request Body: {"variables":"{\"name\": \"sherlock holmes\",\"rocket\": \"221B Baker Street\"}","query":"mutation ($name: String, $rocket: String) {\n  insert_users(objects: {name: $name, rocket: $rocket}) {\n    returning {\n      name\n      rocket\n    }\n  }\n}"}] @08-03-2022 11:10:12.0764 AM
[ReportManager] Response status code: [200], status line: [HTTP/1.1 200 OK] @08-03-2022 11:10:13.0568 AM
[ReportManager] Assertion Passed: Evaluating the actual response status code against the expected one... @08-03-2022 11:10:13.0569 AM
[ReportManager] Assertion [ValidateComparativeRelation] PASSED. Expected [200] and Actual [200]. Comparison Type [EQUALS]. Validation Type [POSITIVE]. @08-03-2022 11:10:13.0569 AM
[ReportManager] API Action [PerformRequest] successfully performed. With the following test data [Request Type: "POST" | Target Status Code: "200" | Service URL: "https://api.spacex.land/graphql" | Content Type: "application/json" | Response Time: "311ms"]. @08-03-2022 11:10:13.0617 AM
[ReportManager] Successfully created attachment [API Request - Specifications] @08-03-2022 11:10:13.0659 AM
[ReportManager] Successfully created attachment [API Request - JSON Body] @08-03-2022 11:10:13.0742 AM
[ReportManager] Successfully created attachment [API Response - JSON Body] @08-03-2022 11:10:13.0784 AM
[ReportManager] API Action [GetResponseJSONValue] successfully performed. With the following test data [data.insert_users.returning[0].name]. @08-03-2022 11:10:14.0713 AM
[ReportManager] Assertion [ValidateEquals] PASSED. Expected [sherlock holmes] and Actual [sherlock holmes]. Comparison Type [EQUALS]. Validation Type [POSITIVE]. @08-03-2022 11:10:14.0713 A

################################################################################################################################################
Starting Execution:	[137 out of 165] test cases in the current suite
Test Method:		[testPackage01.Test_sendGraphqlRequest.sendGraphqlRequestUsingQuery]
################################################################################################################################################
[ReportManager] GraphQl Request is being Performed with the Following Parameters [Service URL: https://api.spacex.land/graphql | Request Body: {"query":"{company {ceo}}"}] @08-03-2022 11:10:14.0752 AM
[ReportManager] Response status code: [200], status line: [HTTP/1.1 200 OK] @08-03-2022 11:10:14.0820 AM
[ReportManager] Assertion Passed: Evaluating the actual response status code against the expected one... @08-03-2022 11:10:14.0820 AM
[ReportManager] Assertion [ValidateComparativeRelation] PASSED. Expected [200] and Actual [200]. Comparison Type [EQUALS]. Validation Type [POSITIVE]. @08-03-2022 11:10:14.0820 AM
[ReportManager] API Action [PerformRequest] successfully performed. With the following test data [Request Type: "POST" | Target Status Code: "200" | Service URL: "https://api.spacex.land/graphql" | Content Type: "application/json" | Response Time: "63ms"]. @08-03-2022 11:10:14.0834 AM
[ReportManager] Successfully created attachment [API Request - Specifications] @08-03-2022 11:10:14.0835 AM
[ReportManager] Successfully created attachment [API Request - JSON Body] @08-03-2022 11:10:14.0835 AM
[ReportManager] Successfully created attachment [API Response - JSON Body] @08-03-2022 11:10:14.0836 AM
[ReportManager] API Action [GetResponseJSONValue] successfully performed. With the following test data [data.company.ceo]. @08-03-2022 11:10:14.0852 AM
[ReportManager] Assertion [ValidateEquals] PASSED. Expected [Elon Musk] and Actual [Elon Musk]. Comparison Type [EQUALS]. Validation Type [POSITIVE]. @08-03-2022 11:10:14.0852 A

################################################################################################################################################
Starting Execution:	[138 out of 165] test cases in the current suite
Test Method:		[testPackage01.Test_MatchJsonSchema.checkAPI_ResponseSchema]
################################################################################################################################################
[ReportManager] Response status code: [200], status line: [HTTP/1.1 200 OK] @08-03-2022 11:10:14.0968 AM
[ReportManager] Assertion Passed: Evaluating the actual response status code against the expected one... @08-03-2022 11:10:14.0969 AM
[ReportManager] Assertion [ValidateComparativeRelation] PASSED. Expected [200] and Actual [200]. Comparison Type [EQUALS]. Validation Type [POSITIVE]. @08-03-2022 11:10:14.0969 AM
[ReportManager] API Action [PerformRequest] successfully performed. With the following test data [Request Type: "GET" | Target Status Code: "200" | Service URL: "http://api.zippopotam.us/us/90210" | Content Type: "*/*" | Response Time: "104ms"]. @08-03-2022 11:10:14.0983 AM
[ReportManager] Successfully created attachment [API Request - Specifications] @08-03-2022 11:10:15.0024 AM
[ReportManager] Successfully created attachment [API Response - JSON Body] @08-03-2022 11:10:15.0108 AM
[ReportManager] File Action [GetAbsolutePath] successfully performed. With the following test data [Relative Folder Path: "src/test/resources/testDataFiles/schema.json"]. @08-03-2022 11:10:15.0110 AM
[ReportManager] File Action [GetAbsolutePath] successfully performed. With the following test data [Relative Folder Path: "/Users/runner/work/SHAFT_ENGINE/SHAFT_ENGINE/src/test/resources/testDataFiles/schema.json"]. @08-03-2022 11:10:31.0380 AM
[ReportManager] File Action [ReadFromFile] successfully performed. With the following test data [File Path: "/Users/runner/work/SHAFT_ENGINE/SHAFT_ENGINE/src/test/resources/testDataFiles/schema.json"]. @08-03-2022 11:10:31.0380 AM
[ReportManager] Assertion Passed: Then I Assert that the API response schema matches that in this file [src/test/resources/testDataFiles/schema.json]. @08-03-2022 11:10:31.0381 AM
[ReportManager] Successfully created attachment [Validation Test Data - Expected JSON Value] @08-03-2022 11:10:31.0423 AM
[ReportManager] Successfully created attachment [Validation Test Data - Actual JSON Value] @08-03-2022 11:10:31.0507 AM
[ReportManager] Assertion [ValidateResponseFileSchema] PASSED. Expected [Response data should match the JSON File in this path '/Users/runner/work/SHAFT_ENGINE/SHAFT_ENGINE/src/test/resources/testDataFiles/schema.json'] and Actual [TRUE]. Comparison Type [EQUALS]. Validation Type [POSITIVE]. @08-03-2022 11:10:31.0507 A
[ReportManager] File Action [GetAbsolutePath] successfully performed. With the following test data [Relative Folder Path: "target/downloadedFiles/"]. @08-03-2022 11:10:31.0633 AM
[ReportManager] Attempting to run locally on: [Mac-64], [Safari], Headless Execution. @08-03-2022 11:10:31.0633 AM
[ReportManager] An Exception Occured with this Message: Could not start a new session. Possible causes are invalid address of the remote server or browser start-up failure.. @08-03-2022 11:10:31.0865 AM
[ReportManager] Successfully created attachment [Exception Stack Trace - org.openqa.selenium.SessionNotCreatedException] @08-03-2022 11:10:31.0866 AM
[ReportManager] Driver Factory Action [createNewLocalDriverInstanceForSafari] failed. With the following test data [Failed to create a session on DESKTOP_SAFARI]. @08-03-2022 11:10:31.0866 A

################################################################################################################################################
Starting Execution:	[139 out of 165] test cases in the current suite
Test Method:		[testPackage01.Test_dragAndDrop.dragAndDropJquery]
###############################################################################################################################################



################################################################################################################################################
Starting Execution:	[140 out of 165] test cases in the current suite
Test Method:		[testPackage01.Test_dragAndDrop.dragAndDrop]
Test Description:	[TC001 - Test Drag and Drop function.]
###############################################################################################################################################



################################################################################################################################################
Starting Execution:	[141 out of 165] test cases in the current suite
Test Method:		[testPackage01.Test_dragAndDrop.dragAndDropByOffset]
Test Description:	[TC002 - Test Drag and Drop by offset function.]
###############################################################################################################################################

[ReportManager] Successfully loaded the following test data file [src/test/resources/testDataFiles/testSuite01/TestData.xlsx]. @08-03-2022 11:10:31.0958 AM
[ReportManager] Successfully created attachment [Test Data - Excel] @08-03-2022 11:10:32.0000 AM
[ReportManager] File Action [GetAbsolutePath] successfully performed. With the following test data [Relative Folder Path: "target/downloadedFiles/"]. @08-03-2022 11:10:32.0001 AM
[ReportManager] Attempting to run locally on: [Mac-64], [Safari], Headless Execution. @08-03-2022 11:10:32.0001 AM
[ReportManager] Successfully Opened Safari. @08-03-2022 11:10:32.0964 AM
[ReportManager] Initial window size: (800, 600) @08-03-2022 11:10:32.0977 AM
[ReportManager] Window size after SWD Maximize: (1176, 803) @08-03-2022 11:10:33.0020 AM
[ReportManager] Browser Action [MaximizeWindow] successfully performed. With the following test data [New screen size is now: (1176, 803)]. @08-03-2022 11:10:33.0021 A

################################################################################################################################################
Starting Execution:	[142 out of 165] test cases in the current suite
Test Method:		[testPackage01.Test_google.navigateToURLandVerifyGoogleLogoIsDisplayed]
Test Description:	[TC001 - Navigate to URL and Verify Google Logo is Displayed]
################################################################################################################################################
[ReportManager] Target URL: [https://www.google.com/ncr], and after redirection: [https://www.google.com] @08-03-2022 11:10:33.0023 AM
[ReportManager] Initial URL: [] @08-03-2022 11:10:33.0108 AM
[ReportManager] Browser Action [NavigateToURL] successfully performed. With the following test data [https://www.google.com/ncr]. @08-03-2022 11:10:34.0853 AM
[ReportManager] Assertion Passed: Then I Assert that the element found by [By.xpath: //*[@id='hplogo' or @alt='Google']] exists. @08-03-2022 11:10:35.0498 AM
[ReportManager] Successfully created attachment [Screenshot - 1646737835197_navigateToURLandVerifyGoogleLogoIsDisplayed_ValidateElementExists_passed] @08-03-2022 11:10:35.0541 AM
[ReportManager] Assertion [ValidateElementExists] PASSED. Expected [Element Should Exist, locator 'By.xpath: //*[@id='hplogo' or @alt='Google']'] and Actual [Element Exists]. Comparison Type [EQUALS]. Validation Type [POSITIVE]. @08-03-2022 11:10:35.0541 A

################################################################################################################################################
Starting Execution:	[143 out of 165] test cases in the current suite
Test Method:		[testPackage01.Test_google.searchForQueryandAssertResultsNumDisplayed]
Test Description:	[TC002 - Search for Query and Assert that the number of results is displayed]
################################################################################################################################################
[ReportManager] Element Action [Type] successfully performed. With the following test data [SHAFT_Engine]. @08-03-2022 11:10:36.0578 AM
[ReportManager] Element Action [KeyPress] successfully performed. With the following test data [Enter]. @08-03-2022 11:10:36.0667 AM
[ReportManager] Element Action [GetText] successfully performed. With the following test data [About 711,000 results (0.39 seconds)Â Quick SettingsSee all settingsPrivacySearch historyYour data in SearchUsing SearchExplicit results filterLearn more about SafeSearchHide explicit resultsLanguagesEnglishAdvanced searchAppearanceLight themeDark themeDevice defaultSupportSearch help]. @08-03-2022 11:10:37.0981 AM
[ReportManager] Assertion Passed: Then I Assert that the element found by [By.id: appbar] text does not equal []. @08-03-2022 11:10:38.0325 AM
[ReportManager] Successfully created attachment [Screenshot - 1646737838125_searchForQueryandAssertResultsNumDisplayed_ValidateElementAttribute_passed] @08-03-2022 11:10:38.0409 AM
[ReportManager] Assertion [ValidateElementAttribute] PASSED. Expected [Value Should not be '' for the 'text' attribute, element locator 'By.id: appbar'] and Actual [About 711,000 results (0.39 seconds)Â Quick SettingsSee all settingsPrivacySearch historyYour data in SearchUsing SearchExplicit results filterLearn more about SafeSearchHide explicit resultsLanguagesEnglishAdvanced searchAppearanceLight themeDark themeDevice defaultSupportSearch help]. Comparison Type [EQUALS]. Validation Type [NEGATIVE]. @08-03-2022 11:10:38.0409 A

################################################################################################################################################
Starting Execution:	[144 out of 165] test cases in the current suite
Test Method:		[testPackage01.Test_google.clickNextThrice]
Test Description:	[TC003 - Clicks the next button to make sure that the framework can scroll element into view before clicking it]
################################################################################################################################################
[ReportManager] Element Action [Click] successfully performed. With the following test data [By.xpath: //span[text()='Next']]. @08-03-2022 11:10:38.0759 A
[ReportManager] Successfully Closed All Drivers. @08-03-2022 11:10:39.0140 A
[ReportManager] File Action [GetAbsolutePath] successfully performed. With the following test data [Relative Folder Path: "target/downloadedFiles/"]. @08-03-2022 11:10:39.0182 AM
[ReportManager] Attempting to run locally on: [Mac-64], [Safari], Headless Execution. @08-03-2022 11:10:39.0182 AM
[ReportManager] Successfully Opened Safari. @08-03-2022 11:10:41.0094 AM
[ReportManager] Initial window size: (800, 600) @08-03-2022 11:10:41.0157 AM
[ReportManager] Window size after SWD Maximize: (1176, 803) @08-03-2022 11:10:41.0193 AM
[ReportManager] Browser Action [MaximizeWindow] successfully performed. With the following test data [New screen size is now: (1176, 803)]. @08-03-2022 11:10:41.0193 A

################################################################################################################################################
Starting Execution:	[145 out of 165] test cases in the current suite
Test Method:		[testPackage01.Test_chainableElementActions.chainElementActions]
################################################################################################################################################
[ReportManager] Target URL: [https://www.google.com/ncr], and after redirection: [https://www.google.com] @08-03-2022 11:10:41.0196 AM
[ReportManager] Initial URL: [] @08-03-2022 11:10:41.0260 AM
[ReportManager] Browser Action [NavigateToURL] successfully performed. With the following test data [https://www.google.com/ncr]. @08-03-2022 11:10:42.0860 AM
[ReportManager] Element Action [Type] successfully performed. With the following test data [chained type 1]. @08-03-2022 11:10:44.0171 AM
[ReportManager] Element Action [Type] successfully performed. With the following test data [chained type 2]. @08-03-2022 11:10:45.0230 AM
[ReportManager] Element Action [TypeAppend] successfully performed. With the following test data [345]. @08-03-2022 11:10:45.0361 AM
[ReportManager] Element Action [GetText] successfully performed. With the following test data [chained type 2345]. @08-03-2022 11:10:45.0631 AM
[ReportManager] Assertion Passed: Then I Assert that the element found by [By.name: q] text is equal to [chained type 2345]. @08-03-2022 11:10:46.0109 AM
[ReportManager] Successfully created attachment [Screenshot - 1646737845849_chainElementActions_ValidateElementAttribute_passed] @08-03-2022 11:10:46.0195 AM
[ReportManager] Assertion [ValidateElementAttribute] PASSED. Expected [Value Should be 'chained type 2345' for the 'text' attribute, element locator 'By.name: q'] and Actual [chained type 2345]. Comparison Type [EQUALS]. Validation Type [POSITIVE]. @08-03-2022 11:10:46.0195 A
[ReportManager] Successfully Closed All Drivers. @08-03-2022 11:10:46.0517 A
[ReportManager] File Action [GetAbsolutePath] successfully performed. With the following test data [Relative Folder Path: "target/downloadedFiles/"]. @08-03-2022 11:10:46.0644 AM
[ReportManager] Attempting to run locally on: [Mac-64], [Safari], Headless Execution. @08-03-2022 11:10:46.0644 AM
[ReportManager] An Exception Occured with this Message: Could not start a new session. Possible causes are invalid address of the remote server or browser start-up failure.. @08-03-2022 11:10:46.0688 AM
[ReportManager] Successfully created attachment [Exception Stack Trace - org.openqa.selenium.SessionNotCreatedException] @08-03-2022 11:10:46.0730 AM
[ReportManager] Driver Factory Action [createNewLocalDriverInstanceForSafari] failed. With the following test data [Failed to create a session on DESKTOP_SAFARI]. @08-03-2022 11:10:46.0730 A

################################################################################################################################################
Starting Execution:	[146 out of 165] test cases in the current suite
Test Method:		[testPackage01.Test_RelativeLocators.relativeLocatorsTest1]
###############################################################################################################################################


################################################################################################################################################
Starting Execution:	[147 out of 165] test cases in the current suite
Test Method:		[testPackage01.Test_JsonCompareWithSpecialCharacters.specialCharacters]
################################################################################################################################################
[ReportManager] File Action [GetAbsolutePath] successfully performed. With the following test data [Relative Folder Path: "src/test/resources/testDataFiles/specialCharacters.json"]. @08-03-2022 11:10:47.0113 AM
[ReportManager] File Action [ReadFromFile] successfully performed. With the following test data [File Path: "/Users/runner/work/SHAFT_ENGINE/SHAFT_ENGINE/src/test/resources/testDataFiles/specialCharacters.json"]. @08-03-2022 11:10:47.0236 AM
[ReportManager] Successfully created attachment [File Action Actual Result - Command Log] @08-03-2022 11:10:47.0318 AM
[ReportManager] Comparing the provided API response with the file at this path "src/test/resources/testDataFiles/specialCharacters.json", comparison type "EQUALS" @08-03-2022 11:10:47.0321 AM
[ReportManager] API Action [CompareJSON] successfully performed. With the following test data [src/test/resources/testDataFiles/specialCharacters.json]. @08-03-2022 11:10:47.0328 AM
[ReportManager] File Action [GetAbsolutePath] successfully performed. With the following test data [Relative Folder Path: "src/test/resources/testDataFiles/specialCharacters.json"]. @08-03-2022 11:10:47.0328 AM
[ReportManager] File Action [ReadFromFile] successfully performed. With the following test data [File Path: "/Users/runner/work/SHAFT_ENGINE/SHAFT_ENGINE/src/test/resources/testDataFiles/specialCharacters.json"]. @08-03-2022 11:10:47.0330 AM
[ReportManager] Verification [ValidateJSONFileContent] PASSED. Expected [Response data should match the JSON File in this path 'src/test/resources/testDataFiles/specialCharacters.json'] and Actual [TRUE]. Comparison Type [EQUALS]. Validation Type [POSITIVE]. @08-03-2022 11:10:47.0345 AM
[ReportManager] Successfully created attachment [Validation Test Data - Expected JSON Value] @08-03-2022 11:10:47.0441 AM
[ReportManager] Successfully created attachment [Validation Test Data - Actual JSON Value] @08-03-2022 11:10:47.0483 A

################################################################################################################################################
Starting Execution:	[148 out of 165] test cases in the current suite
Test Method:		[testPackage01.Test_JsonCompareWithSpecialCharacters.specialCharacters_assertion]
################################################################################################################################################
[ReportManager] File Action [GetAbsolutePath] successfully performed. With the following test data [Relative Folder Path: "src/test/resources/testDataFiles/specialCharacters.json"]. @08-03-2022 11:10:47.0610 AM
[ReportManager] File Action [ReadFromFile] successfully performed. With the following test data [File Path: "/Users/runner/work/SHAFT_ENGINE/SHAFT_ENGINE/src/test/resources/testDataFiles/specialCharacters.json"]. @08-03-2022 11:10:47.0611 AM
[ReportManager] Successfully created attachment [File Action Actual Result - Command Log] @08-03-2022 11:10:47.0693 AM
[ReportManager] Comparing the provided API response with the file at this path "src/test/resources/testDataFiles/specialCharacters.json", comparison type "CONTAINS" @08-03-2022 11:10:47.0693 AM
[ReportManager] API Action [CompareJSON] successfully performed. With the following test data [src/test/resources/testDataFiles/specialCharacters.json]. @08-03-2022 11:10:47.0701 AM
[ReportManager] File Action [GetAbsolutePath] successfully performed. With the following test data [Relative Folder Path: "src/test/resources/testDataFiles/specialCharacters.json"]. @08-03-2022 11:10:47.0701 AM
[ReportManager] File Action [ReadFromFile] successfully performed. With the following test data [File Path: "/Users/runner/work/SHAFT_ENGINE/SHAFT_ENGINE/src/test/resources/testDataFiles/specialCharacters.json"]. @08-03-2022 11:10:47.0701 AM
[ReportManager] Assertion Passed: trying out the log message @08-03-2022 11:10:47.0708 AM
[ReportManager] Successfully created attachment [Validation Test Data - Expected JSON Value] @08-03-2022 11:10:47.0790 AM
[ReportManager] Successfully created attachment [Validation Test Data - Actual JSON Value] @08-03-2022 11:10:47.0832 AM
[ReportManager] Assertion [ValidateJSONFileContent] PASSED. Expected [Response data should match the JSON File in this path 'src/test/resources/testDataFiles/specialCharacters.json'] and Actual [TRUE]. Comparison Type [CONTAINS]. Validation Type [POSITIVE]. @08-03-2022 11:10:47.0832 A

################################################################################################################################################
Starting Execution:	[149 out of 165] test cases in the current suite
Test Method:		[testPackage01.Test_SkipDueToIssue.doNotSkip]
################################################################################################################################################
[ReportManager] This should not be skipped. @08-03-2022 11:10:47.0958 A

################################################################################################################################################
Starting Execution:	[150 out of 165] test cases in the current suite
Test Method:		[testPackage01.Test_SkipDueToIssue.skip]
################################################################################################################################################
[ReportManager] This should be skipped. @08-03-2022 11:10:48.0087 A

################################################################################################################################################
Starting Execution:	[151 out of 165] test cases in the current suite
Test Method:		[testPackage01.Test_SkipDueToIssue.skip2]
################################################################################################################################################
[ReportManager] This should be skipped. @08-03-2022 11:10:48.0216 A

################################################################################################################################################
Starting Execution:	[152 out of 165] test cases in the current suite
Test Method:		[testPackage01.Test_JSONFileManager.readStringFromJson]
################################################################################################################################################
[ReportManager] File Action [GetAbsolutePath] successfully performed. With the following test data [Relative Folder Path: "src/test/resources/testDataFiles/simpleJSON.json"]. @08-03-2022 11:10:48.0511 AM
[ReportManager] Successfully loaded the following test data file [src/test/resources/testDataFiles/simpleJSON.json]. @08-03-2022 11:10:48.0512 AM
[ReportManager] Successfully created attachment [Test Data - JSON] @08-03-2022 11:10:48.0636 AM
[ReportManager] File Action [GetAbsolutePath] successfully performed. With the following test data [Relative Folder Path: "src/test/resources/testDataFiles/simpleJSON.json"]. @08-03-2022 11:10:48.0637 AM
[ReportManager] Assertion [ValidateEquals] PASSED. Expected [Mohab Mohie] and Actual [Mohab Mohie]. Comparison Type [EQUALS]. Validation Type [POSITIVE]. @08-03-2022 11:10:48.0732 A
[ReportManager] File Action [GetAbsolutePath] successfully performed. With the following test data [Relative Folder Path: "target/downloadedFiles/"]. @08-03-2022 11:10:48.0859 AM
[ReportManager] Attempting to run locally on: [Mac-64], [Safari], Headless Execution. @08-03-2022 11:10:48.0859 AM
[ReportManager] Successfully Opened Safari. @08-03-2022 11:10:49.0866 AM
[ReportManager] Initial window size: (800, 600) @08-03-2022 11:10:49.0898 AM
[ReportManager] Window size after SWD Maximize: (1176, 803) @08-03-2022 11:10:49.0926 AM
[ReportManager] Browser Action [MaximizeWindow] successfully performed. With the following test data [New screen size is now: (1176, 803)]. @08-03-2022 11:10:49.0926 A

################################################################################################################################################
Starting Execution:	[153 out of 165] test cases in the current suite
Test Method:		[testPackage01.Test_assertEquals.test_assertElementAttribute]
################################################################################################################################################
[ReportManager] Target URL: [https://www.google.com/ncr], and after redirection: [https://www.google.com] @08-03-2022 11:10:50.0006 AM
[ReportManager] Initial URL: [] @08-03-2022 11:10:50.0032 AM
[ReportManager] Browser Action [NavigateToURL] successfully performed. With the following test data [https://www.google.com/ncr]. @08-03-2022 11:10:51.0490 AM
[ReportManager] Element Action [Type] successfully performed. With the following test data [INC_004010050:Another SCHEDULER with the same name [Duplicate Job Name] already exists.]. @08-03-2022 11:10:55.0889 AM
[ReportManager] Element Action [GetText] successfully performed. With the following test data [INC_004010050:Another SCHEDULER with the same name [Duplicate Job Name] already exists.]. @08-03-2022 11:10:55.0974 AM
[ReportManager] Assertion [ValidateElementAttribute] PASSED. Expected [Value Should be 'INC_004010050:Another SCHEDULER with the same name \[Duplicate Job Name\] already exists.' for the 'text' attribute, element locator 'By.name: q'] and Actual [INC_004010050:Another SCHEDULER with the same name [Duplicate Job Name] already exists.]. Comparison Type [MATCHES]. Validation Type [POSITIVE]. @08-03-2022 11:10:56.0348 AM
[ReportManager] Successfully created attachment [Screenshot - 1646737856136_test_assertElementAttribute_ValidateElementAttribute_passed] @08-03-2022 11:10:56.0437 A
[ReportManager] Browser Action [CloseCurrentWindow] successfully performed. @08-03-2022 11:10:56.0988 AM
[ReportManager] Successfully created attachment [Browser Action Test Data - CloseCurrentWindow - Actual Value] @08-03-2022 11:10:57.0031 A
[ReportManager] File Action [GetAbsolutePath] successfully performed. With the following test data [Relative Folder Path: "target/downloadedFiles/"]. @08-03-2022 11:10:57.0073 AM
[ReportManager] Attempting to run locally on: [Mac-64], [Safari], Headless Execution. @08-03-2022 11:10:57.0073 AM
[ReportManager] Successfully Opened Safari. @08-03-2022 11:10:57.0942 AM
[ReportManager] Initial window size: (800, 600) @08-03-2022 11:10:57.0965 AM
[ReportManager] Window size after SWD Maximize: (1176, 803) @08-03-2022 11:10:57.0996 AM
[ReportManager] Browser Action [MaximizeWindow] successfully performed. With the following test data [New screen size is now: (1176, 803)]. @08-03-2022 11:10:57.0996 A

################################################################################################################################################
Starting Execution:	[154 out of 165] test cases in the current suite
Test Method:		[testPackage01.Test_IsElementClickable.testIsElementClickable]
################################################################################################################################################
[ReportManager] Target URL: [https://the-internet.herokuapp.com/] @08-03-2022 11:10:58.0123 AM
[ReportManager] Initial URL: [] @08-03-2022 11:10:58.0163 AM
[ReportManager] Browser Action [NavigateToURL] successfully performed. With the following test data [https://the-internet.herokuapp.com/]. @08-03-2022 11:10:58.0752 AM
[ReportManager] Element Action [IsElementClickable] successfully performed. @08-03-2022 11:10:58.0817 AM
[ReportManager] Assertion [ValidateTrue] PASSED. Expected [TRUE] and Actual [TRUE]. Validation Type [POSITIVE]. @08-03-2022 11:10:58.0817 A
[ReportManager] Browser Action [CloseCurrentWindow] successfully performed. @08-03-2022 11:10:59.0260 AM
[ReportManager] Successfully created attachment [Browser Action Test Data - CloseCurrentWindow - Actual Value] @08-03-2022 11:10:59.0302 A
[ReportManager] Successfully loaded the following test data file [src/test/resources/testDataFiles/testSuite01/TestData.xlsx]. @08-03-2022 11:10:59.0470 AM
[ReportManager] Successfully created attachment [Test Data - Excel] @08-03-2022 11:10:59.0511 AM
[ReportManager] Attempting to run using Playwright locally on: [Mac-64], [Safari], Headless Execution. @08-03-2022 11:13:43.0313 AM
[ReportManager] File Action [GetAbsolutePath] successfully performed. With the following test data [Relative Folder Path: "target/downloadedFiles/"]. @08-03-2022 11:13:43.0316 AM
[ReportManager] Initial window size: (1280, 720) @08-03-2022 11:13:48.0781 AM
[ReportManager] Window size after Toolkit: com.microsoft.playwright.options.ViewportSize@7d47936a @08-03-2022 11:13:48.0790 AM
[ReportManager] Browser Action [MaximizeWindow] successfully performed. With the following test data [New screen size is now: (1920, 1080)]. @08-03-2022 11:13:48.0791 A

################################################################################################################################################
Starting Execution:	[155 out of 165] test cases in the current suite
Test Method:		[testPackage01.Test_google_playwright.navigateToURLandVerifyGoogleLogoIsDisplayed]
Test Description:	[TC001 - Navigate to URL and Verify Google Logo is Displayed]
################################################################################################################################################
[ReportManager] Target URL: [https://www.google.com/ncr], and after redirection: [https://www.google.com] @08-03-2022 11:13:48.0939 AM
[ReportManager] Initial URL: [about:blank] @08-03-2022 11:13:49.0384 AM
[ReportManager] Browser Action [NavigateToURL] successfully performed. With the following test data [https://www.google.com/ncr]. @08-03-2022 11:13:51.0303 AM
[ReportManager] Assertion [ValidateElementExists] PASSED. Expected [Element Should Exist, locator 'xpath=//*[@id='hplogo' or @alt='Google']'] and Actual [Element Exists]. Comparison Type [EQUALS]. Validation Type [POSITIVE]. @08-03-2022 11:13:51.0824 AM
[ReportManager] Successfully created attachment [Screenshot - 1646738031549_navigateToURLandVerifyGoogleLogoIsDisplayed_ValidateElementExists_passed] @08-03-2022 11:13:51.0826 A

################################################################################################################################################
Starting Execution:	[156 out of 165] test cases in the current suite
Test Method:		[testPackage01.Test_google_playwright.searchForQueryandAssertResultsNumDisplayed]
Test Description:	[TC002 - Search for Query and Assert that the number of results is displayed]
################################################################################################################################################
[ReportManager] Element Action [Type] successfully performed. With the following test data [SHAFT_Engine]. @08-03-2022 11:13:52.0538 AM
[ReportManager] Element Action [KeyPress] successfully performed. With the following test data [Enter]. @08-03-2022 11:13:52.0610 AM
[ReportManager] Element Action [GetText] successfully performed. With the following test data [About 741,000 results (0.43 seconds)Â 
]. @08-03-2022 11:13:54.0219 AM
[ReportManager] Assertion [ValidateElementAttribute] PASSED. Expected [Value Should not be '' for the 'text' attribute, element locator 'xpath=//div[@id='appbar']'] and Actual [About 741,000 results (0.43 seconds)Â 
]. Comparison Type [EQUALS]. Validation Type [NEGATIVE]. @08-03-2022 11:13:55.0272 AM
[ReportManager] Successfully created attachment [Screenshot - 1646738035132_searchForQueryandAssertResultsNumDisplayed_ValidateElementAttribute_passed] @08-03-2022 11:13:55.0274 A

################################################################################################################################################
Starting Execution:	[157 out of 165] test cases in the current suite
Test Method:		[testPackage01.Test_google_playwright.clickNextThrice]
Test Description:	[TC003 - Clicks the next button to make sure that the framework can scroll element into view before clicking it]
################################################################################################################################################
[ReportManager] Element Action [Click] successfully performed. With the following test data [Next]. @08-03-2022 11:13:55.0583 A
[ReportManager] Failed to find video recording. @08-03-2022 11:13:55.0585 AM
[ReportManager] Successfully Closed PlayWright Driver. @08-03-2022 11:13:55.0661 A
[ReportManager] File Action [GetAbsolutePath] successfully performed. With the following test data [Relative Folder Path: "target/downloadedFiles/"]. @08-03-2022 11:13:55.0663 AM
[ReportManager] Attempting to run locally on: [Mac-64], [Safari], Headless Execution. @08-03-2022 11:13:55.0663 AM
[ReportManager] An Exception Occured with this Message: Could not start a new session. Possible causes are invalid address of the remote server or browser start-up failure.. @08-03-2022 11:13:55.0932 AM
[ReportManager] Successfully created attachment [Exception Stack Trace - org.openqa.selenium.SessionNotCreatedException] @08-03-2022 11:13:55.0974 AM
[ReportManager] Driver Factory Action [createNewLocalDriverInstanceForSafari] failed. With the following test data [Failed to create a session on DESKTOP_SAFARI]. @08-03-2022 11:13:55.0975 A

################################################################################################################################################
Starting Execution:	[158 out of 165] test cases in the current suite
Test Method:		[testPackage01.Test_verifyEquals.test_assertElementAttribute]
###############################################################################################################################################


################################################################################################################################################
Starting Execution:	[159 out of 165] test cases in the current suite
Test Method:		[testPackage01.Test_SelectedValue.multipleSelect]
################################################################################################################################################
[ReportManager] File Action [GetAbsolutePath] successfully performed. With the following test data [Relative Folder Path: "target/downloadedFiles/"]. @08-03-2022 11:13:56.0105 AM
[ReportManager] Attempting to run locally on: [Mac-64], [GoogleChrome], Headless Execution. @08-03-2022 11:13:56.0107 AM
[ReportManager] Identifying OS/Driver combination and selecting the correct driver version automatically. Please note that if a new driver executable will be downloaded it may take some time... @08-03-2022 11:13:56.0107 AM
[ReportManager] Successfully Opened Google Chrome. @08-03-2022 11:13:59.0489 AM
[ReportManager] Initial window size: (1920, 1080) @08-03-2022 11:13:59.0493 AM
[ReportManager] Window size after SWD Maximize: (1920, 1080) @08-03-2022 11:13:59.0612 AM
[ReportManager] Window size after Toolkit: (1920, 1080) @08-03-2022 11:14:00.0132 AM
[ReportManager] Browser Action [MaximizeWindow] successfully performed. With the following test data [New screen size is now: (1920, 1080)]. @08-03-2022 11:14:00.0134 AM
[ReportManager] Target URL: [https://yari-demos.prod.mdn.mozit.cloud/en-US/docs/Web/HTML/Element/select/_sample_.Advanced_select_with_multiple_features.html] @08-03-2022 11:14:00.0135 AM
[ReportManager] Initial URL: [data:,] @08-03-2022 11:14:00.0159 AM
[ReportManager] Browser Action [NavigateToURL] successfully performed. With the following test data [https://yari-demos.prod.mdn.mozit.cloud/en-US/docs/Web/HTML/Element/select/_sample_.Advanced_select_with_multiple_features.html]. @08-03-2022 11:14:00.0386 AM
[ReportManager] Element Action [Select] successfully performed. With the following test data [Dog]. @08-03-2022 11:14:00.0600 AM
[ReportManager] Element Action [Select] successfully performed. With the following test data [Cat]. @08-03-2022 11:14:00.0761 AM
[ReportManager] Element Action [GetSelectedText] successfully performed. With the following test data [DogCat]. @08-03-2022 11:14:00.0861 AM
[ReportManager] DogCat @08-03-2022 11:14:00.0861 AM
[ReportManager] Element Action [GetSelectedText] successfully performed. With the following test data [DogCat]. @08-03-2022 11:14:00.0955 AM
[ReportManager] Assertion [ValidateElementAttribute] PASSED. Expected [Value Should be 'DogCat' for the 'selectedText' attribute, element locator 'By.tagName: select'] and Actual [DogCat]. Comparison Type [EQUALS]. Validation Type [POSITIVE]. @08-03-2022 11:14:01.0611 AM
[ReportManager] Successfully created attachment [Screenshot - 1646738041497_multipleSelect_ValidateElementAttribute_passed] @08-03-2022 11:14:01.0612 AM
[ReportManager] Browser Action [CloseCurrentWindow] successfully performed. @08-03-2022 11:14:01.0878 AM
[ReportManager] Successfully created attachment [Browser Action Test Data - CloseCurrentWindow - Actual Value] @08-03-2022 11:14:01.0879 A

################################################################################################################################################
Starting Execution:	[160 out of 165] test cases in the current suite
Test Method:		[testPackage01.Test_SelectedValue.simpleSelect]
################################################################################################################################################
[ReportManager] File Action [GetAbsolutePath] successfully performed. With the following test data [Relative Folder Path: "target/downloadedFiles/"]. @08-03-2022 11:14:01.0883 AM
[ReportManager] Attempting to run locally on: [Mac-64], [GoogleChrome], Headless Execution. @08-03-2022 11:14:01.0883 AM
[ReportManager] Identifying OS/Driver combination and selecting the correct driver version automatically. Please note that if a new driver executable will be downloaded it may take some time... @08-03-2022 11:14:01.0883 AM
[ReportManager] Successfully Opened Google Chrome. @08-03-2022 11:14:02.0415 AM
[ReportManager] Initial window size: (1920, 1080) @08-03-2022 11:14:02.0419 AM
[ReportManager] Window size after SWD Maximize: (1920, 1080) @08-03-2022 11:14:02.0557 AM
[ReportManager] Window size after Toolkit: (1920, 1080) @08-03-2022 11:14:03.0006 AM
[ReportManager] Browser Action [MaximizeWindow] successfully performed. With the following test data [New screen size is now: (1920, 1080)]. @08-03-2022 11:14:03.0009 AM
[ReportManager] Target URL: [https://yari-demos.prod.mdn.mozit.cloud/en-US/docs/Web/HTML/Element/select/_sample_.Basic_select.html] @08-03-2022 11:14:03.0009 AM
[ReportManager] Initial URL: [data:,] @08-03-2022 11:14:03.0036 AM
[ReportManager] Browser Action [NavigateToURL] successfully performed. With the following test data [https://yari-demos.prod.mdn.mozit.cloud/en-US/docs/Web/HTML/Element/select/_sample_.Basic_select.html]. @08-03-2022 11:14:03.0245 AM
[ReportManager] Element Action [Select] successfully performed. With the following test data [Third Value]. @08-03-2022 11:14:03.0511 AM
[ReportManager] Element Action [GetSelectedText] successfully performed. With the following test data [Third Value]. @08-03-2022 11:14:03.0585 AM
[ReportManager] Third Value @08-03-2022 11:14:03.0586 AM
[ReportManager] Element Action [GetSelectedText] successfully performed. With the following test data [Third Value]. @08-03-2022 11:14:03.0654 AM
[ReportManager] Assertion [ValidateElementAttribute] PASSED. Expected [Value Should be 'Third Value' for the 'selectedText' attribute, element locator 'By.tagName: select'] and Actual [Third Value]. Comparison Type [EQUALS]. Validation Type [POSITIVE]. @08-03-2022 11:14:04.0074 AM
[ReportManager] Successfully created attachment [Screenshot - 1646738043971_simpleSelect_ValidateElementAttribute_passed] @08-03-2022 11:14:04.0075 AM
[ReportManager] Browser Action [CloseCurrentWindow] successfully performed. @08-03-2022 11:14:04.0303 AM
[ReportManager] Successfully created attachment [Browser Action Test Data - CloseCurrentWindow - Actual Value] @08-03-2022 11:14:04.0303 A
[ReportManager] File Action [GetAbsolutePath] successfully performed. With the following test data [Relative Folder Path: "target/downloadedFiles/"]. @08-03-2022 11:14:04.0306 AM
[ReportManager] Attempting to run locally on: [Mac-64], [Safari], Headless Execution. @08-03-2022 11:14:04.0306 AM
[ReportManager] Successfully Opened Safari. @08-03-2022 11:14:05.0388 AM
[ReportManager] Initial window size: (800, 600) @08-03-2022 11:14:05.0399 AM
[ReportManager] Window size after SWD Maximize: (1176, 803) @08-03-2022 11:14:05.0451 AM
[ReportManager] Browser Action [MaximizeWindow] successfully performed. With the following test data [New screen size is now: (1176, 803)]. @08-03-2022 11:14:05.0451 A

################################################################################################################################################
Starting Execution:	[161 out of 165] test cases in the current suite
Test Method:		[testPackage01.Test_dynamicLoading.dynamicLoading_elementIsHidden]
################################################################################################################################################
[ReportManager] Target URL: [https://the-internet.herokuapp.com/dynamic_loading/1] @08-03-2022 11:14:05.0453 AM
[ReportManager] Initial URL: [] @08-03-2022 11:14:05.0501 AM
[ReportManager] Browser Action [NavigateToURL] successfully performed. With the following test data [https://the-internet.herokuapp.com/dynamic_loading/1]. @08-03-2022 11:14:05.0851 AM
[ReportManager] Element Action [Click] successfully performed. With the following test data [By.xpath: //button[text()='Start']]. @08-03-2022 11:14:06.0046 AM
[ReportManager] Element Action [GetText] successfully performed. With the following test data [
    Hello World!
  ]. @08-03-2022 11:14:06.0088 A
[ReportManager] Browser Action [CloseCurrentWindow] successfully performed. @08-03-2022 11:14:06.0492 AM
[ReportManager] Successfully created attachment [Browser Action Test Data - CloseCurrentWindow - Actual Value] @08-03-2022 11:14:06.0492 A
[ReportManager] File Action [GetAbsolutePath] successfully performed. With the following test data [Relative Folder Path: "target/downloadedFiles/"]. @08-03-2022 11:14:06.0494 AM
[ReportManager] Attempting to run locally on: [Mac-64], [Safari], Headless Execution. @08-03-2022 11:14:06.0495 AM
[ReportManager] Successfully Opened Safari. @08-03-2022 11:14:07.0357 AM
[ReportManager] Initial window size: (800, 600) @08-03-2022 11:14:07.0396 AM
[ReportManager] Window size after SWD Maximize: (1176, 803) @08-03-2022 11:14:07.0436 AM
[ReportManager] Browser Action [MaximizeWindow] successfully performed. With the following test data [New screen size is now: (1176, 803)]. @08-03-2022 11:14:07.0436 A

################################################################################################################################################
Starting Execution:	[162 out of 165] test cases in the current suite
Test Method:		[testPackage01.Test_dynamicLoading.dynamicLoading_elementIsRendered]
################################################################################################################################################
[ReportManager] Target URL: [https://the-internet.herokuapp.com/dynamic_loading/2] @08-03-2022 11:14:07.0441 AM
[ReportManager] Initial URL: [] @08-03-2022 11:14:07.0497 AM
[ReportManager] Browser Action [NavigateToURL] successfully performed. With the following test data [https://the-internet.herokuapp.com/dynamic_loading/2]. @08-03-2022 11:14:08.0066 AM
[ReportManager] Element Action [Click] successfully performed. With the following test data [By.xpath: //button[text()='Start']]. @08-03-2022 11:14:08.0426 AM
[ReportManager] Element Action [GetText] successfully performed. With the following test data [Hello World!]. @08-03-2022 11:14:14.0132 AM
[ReportManager] Assertion [ValidateElementAttribute] PASSED. Expected [Value Should be 'Hello World!' for the 'text' attribute, element locator 'By.id: finish'] and Actual [Hello World!]. Comparison Type [CONTAINS]. Validation Type [POSITIVE]. @08-03-2022 11:14:14.0272 AM
[ReportManager] Successfully created attachment [Screenshot - 1646738054210_dynamicLoading_elementIsRendered_ValidateElementAttribute_passed] @08-03-2022 11:14:14.0273 A
[ReportManager] Browser Action [CloseCurrentWindow] successfully performed. @08-03-2022 11:14:14.0495 AM
[ReportManager] Successfully created attachment [Browser Action Test Data - CloseCurrentWindow - Actual Value] @08-03-2022 11:14:14.0496 A

################################################################################################################################################
Starting Execution:	[163 out of 165] test cases in the current suite
Test Method:		[dsl.testDsl.testButton]
################################################################################################################################################
[ReportManager] File Action [GetAbsolutePath] successfully performed. With the following test data [Relative Folder Path: "target/downloadedFiles/"]. @08-03-2022 11:14:14.0499 AM
[ReportManager] Attempting to run locally on: [Mac-64], [Safari], Headless Execution. @08-03-2022 11:14:14.0500 AM
[ReportManager] Successfully Opened Safari. @08-03-2022 11:14:15.0393 AM
[ReportManager] Initial window size: (800, 600) @08-03-2022 11:14:15.0414 AM
[ReportManager] Window size after SWD Maximize: (1176, 803) @08-03-2022 11:14:15.0434 AM
[ReportManager] Browser Action [MaximizeWindow] successfully performed. With the following test data [New screen size is now: (1176, 803)]. @08-03-2022 11:14:15.0435 AM
[ReportManager] Target URL: [http://the-internet.herokuapp.com/] @08-03-2022 11:14:15.0435 AM
[ReportManager] Initial URL: [] @08-03-2022 11:14:15.0495 AM
[ReportManager] Browser Action [NavigateToURL] successfully performed. With the following test data [http://the-internet.herokuapp.com/]. @08-03-2022 11:14:15.0862 AM
[ReportManager] Element Action [Click] successfully performed. With the following test data [By.linkText: Add/Remove Elements]. @08-03-2022 11:14:16.0190 AM
[ReportManager] Element Action [GetText] successfully performed. With the following test data [Add Element]. @08-03-2022 11:14:16.0291 AM
[ReportManager] Assertion Passed: Then I Assert that [Add Element] is equal to [Add Element]. @08-03-2022 11:14:16.0292 AM
[ReportManager] Assertion [ValidateEquals] PASSED. Expected [Add Element] and Actual [Add Element]. Comparison Type [EQUALS]. Validation Type [POSITIVE]. @08-03-2022 11:14:16.0292 AM
[ReportManager] Element Action [Click] successfully performed. With the following test data [By.xpath: //button[text()='Add Element']]. @08-03-2022 11:14:16.0487 AM
[ReportManager] Attempting to getAttribute [disabled] from elementLocator [By.xpath: //button[text()='Add Element']]. @08-03-2022 11:14:16.0487 AM
[ReportManager] Element Action [GetAttribute] successfully performed. @08-03-2022 11:14:16.0545 AM
[ReportManager] Element Action [GetText] successfully performed. With the following test data [Delete]. @08-03-2022 11:14:16.0589 AM
[ReportManager] Assertion Passed: Then I Assert that [Delete] is equal to [Delete]. @08-03-2022 11:14:16.0590 AM
[ReportManager] Assertion [ValidateEquals] PASSED. Expected [Delete] and Actual [Delete]. Comparison Type [EQUALS]. Validation Type [POSITIVE]. @08-03-2022 11:14:16.0590 A

################################################################################################################################################
Starting Execution:	[164 out of 165] test cases in the current suite
Test Method:		[dsl.testDsl.testCheckBox]
################################################################################################################################################
[ReportManager] File Action [GetAbsolutePath] successfully performed. With the following test data [Relative Folder Path: "target/downloadedFiles/"]. @08-03-2022 11:14:17.0003 AM
[ReportManager] Attempting to run locally on: [Mac-64], [Safari], Headless Execution. @08-03-2022 11:14:17.0003 AM
[ReportManager] Successfully Opened Safari. @08-03-2022 11:14:17.0932 AM
[ReportManager] Initial window size: (800, 600) @08-03-2022 11:14:17.0945 AM
[ReportManager] Window size after SWD Maximize: (1176, 803) @08-03-2022 11:14:17.0962 AM
[ReportManager] Browser Action [MaximizeWindow] successfully performed. With the following test data [New screen size is now: (1176, 803)]. @08-03-2022 11:14:17.0963 AM
[ReportManager] Target URL: [http://the-internet.herokuapp.com/] @08-03-2022 11:14:17.0963 AM
[ReportManager] Initial URL: [] @08-03-2022 11:14:18.0024 AM
[ReportManager] Browser Action [NavigateToURL] successfully performed. With the following test data [http://the-internet.herokuapp.com/]. @08-03-2022 11:14:18.0565 AM
[ReportManager] Element Action [Click] successfully performed. With the following test data [By.linkText: Checkboxes]. @08-03-2022 11:14:18.0827 AM
[ReportManager] Element Action [Click] successfully performed. With the following test data [By.xpath: (//INPUT[@type='checkbox'])[1]]. @08-03-2022 11:14:19.0164 AM
[ReportManager] Element Action [Click] successfully performed. With the following test data [By.xpath: (//INPUT[@type='checkbox'])[2]]. @08-03-2022 11:14:19.0355 A

################################################################################################################################################
Starting Execution:	[165 out of 165] test cases in the current suite
Test Method:		[dsl.testDsl.testLabel]
################################################################################################################################################
[ReportManager] File Action [GetAbsolutePath] successfully performed. With the following test data [Relative Folder Path: "target/downloadedFiles/"]. @08-03-2022 11:14:19.0760 AM
[ReportManager] Attempting to run locally on: [Mac-64], [Safari], Headless Execution. @08-03-2022 11:14:19.0760 AM
[ReportManager] Successfully Opened Safari. @08-03-2022 11:14:20.0839 AM
[ReportManager] Initial window size: (800, 600) @08-03-2022 11:14:20.0871 AM
[ReportManager] Window size after SWD Maximize: (1176, 803) @08-03-2022 11:14:20.0893 AM
[ReportManager] Browser Action [MaximizeWindow] successfully performed. With the following test data [New screen size is now: (1176, 803)]. @08-03-2022 11:14:20.0893 AM
[ReportManager] Element Action [GetText] successfully performed. With the following test data [Welcome to the-internet]. @08-03-2022 11:14:21.0275 AM
[ReportManager] Assertion Passed: Then I Assert that [Welcome to the-internet] is equal to [Welcome to the-internet]. @08-03-2022 11:14:21.0276 AM
[ReportManager] Assertion [ValidateEquals] PASSED. Expected [Welcome to the-internet] and Actual [Welcome to the-internet]. Comparison Type [EQUALS]. Validation Type [POSITIVE]. @08-03-2022 11:14:21.0276 A
[ReportManager] Successfully created attachment [SHAFT Engine Logs - Execution log] @08-03-2022 11:14:22.0001 AM

################################################################################################################################################
This test run was powered by SHAFT Engine Version: [SHAFT Engine v6.1.20220113]
SHAFT Engine is licensed under the MIT License: [https://github.com/MohabMohie/SHAFT_ENGINE/blob/master/LICENSE].
################################################################################################################################################