################################################################################################################################################
Detected SHAFT Engine Version: [SHAFT Engine v5.4.20211025-BETA]
################################################################################################################################################
[ReportManager] File Action [GetAbsolutePath] successfully performed. With the following test data [Relative Folder Path: "target/downloadedFiles/"]. @30-10-2021 19:08:19.0592 PM
[ReportManager] Attempting to run locally on: [Mac-64], [Safari], Headless Execution. @30-10-2021 19:08:19.0612 PM
[ReportManager] Successfully Opened Safari. @30-10-2021 19:08:25.0059 PM
[ReportManager] Initial window size: (800, 600) @30-10-2021 19:08:25.0084 PM
[ReportManager] Window size after SWD Maximize: (1176, 810) @30-10-2021 19:08:25.0112 PM
[ReportManager] Browser Action [MaximizeWindow] successfully performed. With the following test data [New screen size is now: (1176, 810)]. @30-10-2021 19:08:25.0114 P

################################################################################################################################################
Starting Execution:	[1 out of 143] test cases in the current suite
Test Method:		[unitTests.tests_element_elementActions.waitForElementToBePresent_false_expectedToFail]
################################################################################################################################################
[ReportManager] Target URL: [https://www.google.com/ncr], and after redirection: [www.google.com] @30-10-2021 19:08:25.0295 PM
[ReportManager] Initial URL: [] @30-10-2021 19:08:25.0354 PM
[ReportManager] Browser Action [NavigateToURL] successfully performed. With the following test data [https://www.google.com/ncr]. @30-10-2021 19:08:26.0503 PM
[ReportManager] Waiting for element to be present; elementLocator [By.xpath: //*[@id='hplogo' or @alt='Google']], numberOfTries[1], stateOfPresence[false]... @30-10-2021 19:08:26.0511 PM
[ReportManager] Element Action [WaitForElementToBePresent] failed. With the following test data [waited for the element's state of presence to be (false). Element locator (By.xpath: //*[@id='hplogo' or @alt='Google'])]. @30-10-2021 19:08:28.0635 PM
[ReportManager] Successfully created attachment [Screenshot - 1635620906569_waitForElementToBePresent_false_expectedToFail_WaitForElementToBePresent_failed] @30-10-2021 19:08:28.0647 P
[ReportManager] Browser Action [CloseCurrentWindow] successfully performed. @30-10-2021 19:08:28.0741 PM
[ReportManager] Successfully created attachment [Browser Action Test Data - CloseCurrentWindow - Actual Value] @30-10-2021 19:08:28.0742 P
[ReportManager] File Action [GetAbsolutePath] successfully performed. With the following test data [Relative Folder Path: "target/downloadedFiles/"]. @30-10-2021 19:08:28.0757 PM
[ReportManager] Attempting to run locally on: [Mac-64], [Safari], Headless Execution. @30-10-2021 19:08:28.0757 PM
[ReportManager] Successfully Opened Safari. @30-10-2021 19:08:29.0602 PM
[ReportManager] Initial window size: (800, 600) @30-10-2021 19:08:29.0626 PM
[ReportManager] Window size after SWD Maximize: (1176, 811) @30-10-2021 19:08:29.0650 PM
[ReportManager] Browser Action [MaximizeWindow] successfully performed. With the following test data [New screen size is now: (1176, 811)]. @30-10-2021 19:08:29.0651 P

################################################################################################################################################
Starting Execution:	[2 out of 143] test cases in the current suite
Test Method:		[unitTests.tests_element_elementActions.waitForElementToBePresent_false_expectedToPass]
################################################################################################################################################
[ReportManager] Target URL: [https://www.google.com/ncr], and after redirection: [www.google.com] @30-10-2021 19:08:29.0688 PM
[ReportManager] Initial URL: [] @30-10-2021 19:08:29.0745 PM
[ReportManager] Browser Action [NavigateToURL] successfully performed. With the following test data [https://www.google.com/ncr]. @30-10-2021 19:08:31.0064 PM
[ReportManager] Waiting for element to be present; elementLocator [By.id: bla], numberOfTries[1], stateOfPresence[false]... @30-10-2021 19:08:31.0065 P
[ReportManager] Browser Action [CloseCurrentWindow] successfully performed. @30-10-2021 19:08:31.0236 PM
[ReportManager] Successfully created attachment [Browser Action Test Data - CloseCurrentWindow - Actual Value] @30-10-2021 19:08:31.0237 P
[ReportManager] File Action [GetAbsolutePath] successfully performed. With the following test data [Relative Folder Path: "target/downloadedFiles/"]. @30-10-2021 19:08:31.0244 PM
[ReportManager] Attempting to run locally on: [Mac-64], [Safari], Headless Execution. @30-10-2021 19:08:31.0244 PM
[ReportManager] Successfully Opened Safari. @30-10-2021 19:08:32.0090 PM
[ReportManager] Initial window size: (800, 600) @30-10-2021 19:08:32.0097 PM
[ReportManager] Window size after SWD Maximize: (1176, 811) @30-10-2021 19:08:32.0119 PM
[ReportManager] Browser Action [MaximizeWindow] successfully performed. With the following test data [New screen size is now: (1176, 811)]. @30-10-2021 19:08:32.0120 P

################################################################################################################################################
Starting Execution:	[3 out of 143] test cases in the current suite
Test Method:		[unitTests.tests_element_elementActions.waitForElementToBePresent_moreThanOneElement_expectedToFail]
################################################################################################################################################
[ReportManager] Target URL: [https://www.google.com/ncr], and after redirection: [www.google.com] @30-10-2021 19:08:32.0123 PM
[ReportManager] Initial URL: [] @30-10-2021 19:08:32.0184 PM
[ReportManager] Browser Action [NavigateToURL] successfully performed. With the following test data [https://www.google.com/ncr]. @30-10-2021 19:08:33.0052 PM
[ReportManager] Waiting for element to be present; elementLocator [By.xpath: //*], numberOfTries[1], stateOfPresence[false]... @30-10-2021 19:08:33.0053 PM
[ReportManager] Element Action [WaitForElementToBePresent] failed. With the following test data [waited for the element's state of presence to be (false). Element locator (By.xpath: //*)]. @30-10-2021 19:08:33.0249 PM
[ReportManager] Successfully created attachment [Screenshot - 1635620913131_waitForElementToBePresent_moreThanOneElement_expectedToFail_WaitForElementToBePresent_failed] @30-10-2021 19:08:33.0252 P
[ReportManager] Browser Action [CloseCurrentWindow] successfully performed. @30-10-2021 19:08:33.0315 PM
[ReportManager] Successfully created attachment [Browser Action Test Data - CloseCurrentWindow - Actual Value] @30-10-2021 19:08:33.0316 P
[ReportManager] File Action [GetAbsolutePath] successfully performed. With the following test data [Relative Folder Path: "target/downloadedFiles/"]. @30-10-2021 19:08:33.0328 PM
[ReportManager] Attempting to run locally on: [Mac-64], [Safari], Headless Execution. @30-10-2021 19:08:33.0329 PM
[ReportManager] Successfully Opened Safari. @30-10-2021 19:08:34.0166 PM
[ReportManager] Initial window size: (800, 600) @30-10-2021 19:08:34.0172 PM
[ReportManager] Window size after SWD Maximize: (1176, 811) @30-10-2021 19:08:34.0191 PM
[ReportManager] Browser Action [MaximizeWindow] successfully performed. With the following test data [New screen size is now: (1176, 811)]. @30-10-2021 19:08:34.0201 P

################################################################################################################################################
Starting Execution:	[4 out of 143] test cases in the current suite
Test Method:		[unitTests.tests_element_elementActions.waitForElementToBePresent_true_expectedToFail]
################################################################################################################################################
[ReportManager] Target URL: [https://www.google.com/ncr], and after redirection: [www.google.com] @30-10-2021 19:08:34.0204 PM
[ReportManager] Initial URL: [] @30-10-2021 19:08:34.0270 PM
[ReportManager] Browser Action [NavigateToURL] successfully performed. With the following test data [https://www.google.com/ncr]. @30-10-2021 19:08:35.0509 PM
[ReportManager] Waiting for element to be present; elementLocator [By.id: bla], numberOfTries[1], stateOfPresence[true]... @30-10-2021 19:08:35.0509 P
[ReportManager] Browser Action [CloseCurrentWindow] successfully performed. @30-10-2021 19:08:35.0640 PM
[ReportManager] Successfully created attachment [Browser Action Test Data - CloseCurrentWindow - Actual Value] @30-10-2021 19:08:35.0641 P
[ReportManager] File Action [GetAbsolutePath] successfully performed. With the following test data [Relative Folder Path: "target/downloadedFiles/"]. @30-10-2021 19:08:35.0645 PM
[ReportManager] Attempting to run locally on: [Mac-64], [Safari], Headless Execution. @30-10-2021 19:08:35.0645 PM
[ReportManager] Successfully Opened Safari. @30-10-2021 19:08:36.0465 PM
[ReportManager] Initial window size: (800, 600) @30-10-2021 19:08:36.0483 PM
[ReportManager] Window size after SWD Maximize: (1176, 811) @30-10-2021 19:08:36.0522 PM
[ReportManager] Browser Action [MaximizeWindow] successfully performed. With the following test data [New screen size is now: (1176, 811)]. @30-10-2021 19:08:36.0523 P

################################################################################################################################################
Starting Execution:	[5 out of 143] test cases in the current suite
Test Method:		[unitTests.tests_element_elementActions.waitForElementToBePresent_true_expectedToPass]
################################################################################################################################################
[ReportManager] Target URL: [https://www.google.com/ncr], and after redirection: [www.google.com] @30-10-2021 19:08:36.0528 PM
[ReportManager] Initial URL: [] @30-10-2021 19:08:36.0591 PM
[ReportManager] Browser Action [NavigateToURL] successfully performed. With the following test data [https://www.google.com/ncr]. @30-10-2021 19:08:37.0297 PM
[ReportManager] Waiting for element to be present; elementLocator [By.xpath: //*[@id='hplogo' or @alt='Google']], numberOfTries[1], stateOfPresence[true]... @30-10-2021 19:08:37.0298 PM
[ReportManager] Element Action [WaitForElementToBePresent] successfully performed. With the following test data [waited for the element's state of presence to be (true). Element locator (By.xpath: //*[@id='hplogo' or @alt='Google'])]. @30-10-2021 19:08:37.0343 PM
[ReportManager] File Action [DoesFileExist] successfully performed. With the following test data [File Path: "src/test/resources/DynamicObjectRepository/unitTests_tests_element_elementActions_waitForElementToBePresent_true_expectedToPass_By_xpath_id_hplogo_or_alt_Google.png"]. @30-10-2021 19:08:37.0372 PM
[ReportManager] File Action [DoesFileExist] successfully performed. With the following test data [File Path: "src/test/resources/DynamicObjectRepository/unitTests_tests_element_elementActions_waitForElementToBePresent_true_expectedToPass_By_xpath_id_hplogo_or_alt_Google.png"]. @30-10-2021 19:08:37.0550 PM
[ReportManager] Passing the test and saving a reference image @30-10-2021 19:08:37.0551 PM
[ReportManager] File Action [GetAbsolutePath] successfully performed. With the following test data [Relative File Path: "src/test/resources/DynamicObjectRepository/unitTests_tests_element_elementActions_waitForElementToBePresent_true_expectedToPass_By_xpath_id_hplogo_or_alt_Google.png"]. @30-10-2021 19:08:37.0551 PM
[ReportManager] File Action [WriteToFile] successfully performed. With the following test data [Target File Path: "/Users/runner/work/SHAFT_ENGINE/SHAFT_ENGINE/src/test/resources/DynamicObjectRepository/unitTests_tests_element_elementActions_waitForElementToBePresent_true_expectedToPass_By_xpath_id_hplogo_or_alt_Google.png"]. @30-10-2021 19:08:37.0552 PM
[ReportManager] Assertion Passed: Using Visual AI; OpenCV @30-10-2021 19:08:37.0555 PM
[ReportManager] Successfully created attachment [Validation Test Data - Actual Screenshot] @30-10-2021 19:08:37.0556 PM
[ReportManager] Assertion [ValidateElementMatches] PASSED. Expected [Element should match the reference screenshot] and Actual [TRUE]. Comparison Type [EXACT_OPENCV]. Validation Type [POSITIVE]. @30-10-2021 19:08:37.0556 P
[ReportManager] Browser Action [CloseCurrentWindow] successfully performed. @30-10-2021 19:08:37.0716 PM
[ReportManager] Successfully created attachment [Browser Action Test Data - CloseCurrentWindow - Actual Value] @30-10-2021 19:08:37.0717 P
[ReportManager] File Action [GetAbsolutePath] successfully performed. With the following test data [Relative Folder Path: "target/downloadedFiles/"]. @30-10-2021 19:08:37.0721 PM
[ReportManager] Attempting to run locally on: [Mac-64], [Safari], Headless Execution. @30-10-2021 19:08:37.0722 PM
[ReportManager] Successfully Opened Safari. @30-10-2021 19:08:38.0524 PM
[ReportManager] Initial window size: (800, 600) @30-10-2021 19:08:38.0554 PM
[ReportManager] Window size after SWD Maximize: (1176, 811) @30-10-2021 19:08:38.0605 PM
[ReportManager] Browser Action [MaximizeWindow] successfully performed. With the following test data [New screen size is now: (1176, 811)]. @30-10-2021 19:08:38.0606 PM
[ReportManager] Target URL: [https://duckduckgo.com] @30-10-2021 19:08:38.0606 PM
[ReportManager] Initial URL: [] @30-10-2021 19:08:38.0650 PM
[ReportManager] Browser Action [NavigateToURL] successfully performed. With the following test data [https://duckduckgo.com]. @30-10-2021 19:08:39.0378 P

################################################################################################################################################
Starting Execution:	[6 out of 143] test cases in the current suite
Test Method:		[unitTests.tests_browserActions.fullScreenWindow]
################################################################################################################################################
[ReportManager] Initial Windows Size: 1176x811 @30-10-2021 19:08:39.0391 PM
[ReportManager] Current Windows Size after fullScreen: 1176x885 @30-10-2021 19:08:39.0704 PM
[ReportManager] Browser Action [FullScreenWindow] successfully performed. @30-10-2021 19:08:39.0730 PM
[ReportManager] Successfully created attachment [Browser Action Test Data - FullScreenWindow - Actual Value] @30-10-2021 19:08:39.0733 P
[ReportManager] Target URL: [https://duckduckgo.com] @30-10-2021 19:08:39.0737 PM
[ReportManager] Initial URL: [https://duckduckgo.com] @30-10-2021 19:08:39.0823 PM
[ReportManager] Browser Action [NavigateToURL] successfully performed. With the following test data [https://duckduckgo.com]. @30-10-2021 19:08:40.0255 PM
[ReportManager] Browser Action [CloseCurrentWindow] successfully performed. @30-10-2021 19:08:40.0364 PM
[ReportManager] Successfully created attachment [Browser Action Test Data - CloseCurrentWindow - Actual Value] @30-10-2021 19:08:40.0366 P
[ReportManager] File Action [GetAbsolutePath] successfully performed. With the following test data [Relative Folder Path: "target/downloadedFiles/"]. @30-10-2021 19:08:40.0371 PM
[ReportManager] Attempting to run locally on: [Mac-64], [Safari], Headless Execution. @30-10-2021 19:08:40.0372 PM
[ReportManager] Successfully Opened Safari. @30-10-2021 19:08:40.0963 PM
[ReportManager] Initial window size: (800, 600) @30-10-2021 19:08:40.0986 PM
[ReportManager] Window size after SWD Maximize: (1176, 811) @30-10-2021 19:08:41.0003 PM
[ReportManager] Browser Action [MaximizeWindow] successfully performed. With the following test data [New screen size is now: (1176, 811)]. @30-10-2021 19:08:41.0004 PM
[ReportManager] Target URL: [https://duckduckgo.com] @30-10-2021 19:08:41.0004 PM
[ReportManager] Initial URL: [] @30-10-2021 19:08:41.0150 PM
[ReportManager] Browser Action [NavigateToURL] successfully performed. With the following test data [https://duckduckgo.com]. @30-10-2021 19:08:41.0743 P

################################################################################################################################################
Starting Execution:	[7 out of 143] test cases in the current suite
Test Method:		[unitTests.tests_browserActions.getCurrentURL]
################################################################################################################################################
[ReportManager] Browser Action [GetCurrentURL] successfully performed. With the following test data [https://duckduckgo.com/]. @30-10-2021 19:08:41.0771 P
[ReportManager] Target URL: [https://duckduckgo.com] @30-10-2021 19:08:41.0775 PM
[ReportManager] Initial URL: [https://duckduckgo.com] @30-10-2021 19:08:41.0808 PM
[ReportManager] Browser Action [NavigateToURL] successfully performed. With the following test data [https://duckduckgo.com]. @30-10-2021 19:08:42.0080 PM
[ReportManager] Browser Action [CloseCurrentWindow] successfully performed. @30-10-2021 19:08:42.0184 PM
[ReportManager] Successfully created attachment [Browser Action Test Data - CloseCurrentWindow - Actual Value] @30-10-2021 19:08:42.0185 P
[ReportManager] File Action [GetAbsolutePath] successfully performed. With the following test data [Relative Folder Path: "target/downloadedFiles/"]. @30-10-2021 19:08:42.0189 PM
[ReportManager] Attempting to run locally on: [Mac-64], [Safari], Headless Execution. @30-10-2021 19:08:42.0189 PM
[ReportManager] Successfully Opened Safari. @30-10-2021 19:08:42.0997 PM
[ReportManager] Initial window size: (800, 600) @30-10-2021 19:08:43.0027 PM
[ReportManager] Window size after SWD Maximize: (1176, 811) @30-10-2021 19:08:43.0048 PM
[ReportManager] Browser Action [MaximizeWindow] successfully performed. With the following test data [New screen size is now: (1176, 811)]. @30-10-2021 19:08:43.0049 PM
[ReportManager] Target URL: [https://duckduckgo.com] @30-10-2021 19:08:43.0049 PM
[ReportManager] Initial URL: [] @30-10-2021 19:08:43.0122 PM
[ReportManager] Browser Action [NavigateToURL] successfully performed. With the following test data [https://duckduckgo.com]. @30-10-2021 19:08:43.0821 P

################################################################################################################################################
Starting Execution:	[8 out of 143] test cases in the current suite
Test Method:		[unitTests.tests_browserActions.getCurrentWindowTitle]
################################################################################################################################################
[ReportManager] Browser Action [GetCurrentWindowTitle] successfully performed. With the following test data [DuckDuckGo â€” Privacy, simplified.]. @30-10-2021 19:08:43.0998 P
[ReportManager] Target URL: [https://duckduckgo.com] @30-10-2021 19:08:44.0001 PM
[ReportManager] Initial URL: [https://duckduckgo.com] @30-10-2021 19:08:44.0045 PM
[ReportManager] Browser Action [NavigateToURL] successfully performed. With the following test data [https://duckduckgo.com]. @30-10-2021 19:08:44.0362 PM
[ReportManager] Browser Action [CloseCurrentWindow] successfully performed. @30-10-2021 19:08:44.0473 PM
[ReportManager] Successfully created attachment [Browser Action Test Data - CloseCurrentWindow - Actual Value] @30-10-2021 19:08:44.0474 P
[ReportManager] File Action [GetAbsolutePath] successfully performed. With the following test data [Relative Folder Path: "target/downloadedFiles/"]. @30-10-2021 19:08:44.0495 PM
[ReportManager] Attempting to run locally on: [Mac-64], [Safari], Headless Execution. @30-10-2021 19:08:44.0496 PM
[ReportManager] Successfully Opened Safari. @30-10-2021 19:08:45.0314 PM
[ReportManager] Initial window size: (800, 600) @30-10-2021 19:08:45.0327 PM
[ReportManager] Window size after SWD Maximize: (1176, 811) @30-10-2021 19:08:45.0340 PM
[ReportManager] Browser Action [MaximizeWindow] successfully performed. With the following test data [New screen size is now: (1176, 811)]. @30-10-2021 19:08:45.0340 PM
[ReportManager] Target URL: [https://duckduckgo.com] @30-10-2021 19:08:45.0340 PM
[ReportManager] Initial URL: [] @30-10-2021 19:08:45.0394 PM
[ReportManager] Browser Action [NavigateToURL] successfully performed. With the following test data [https://duckduckgo.com]. @30-10-2021 19:08:45.0999 P

################################################################################################################################################
Starting Execution:	[9 out of 143] test cases in the current suite
Test Method:		[unitTests.tests_browserActions.getPageSource]
################################################################################################################################################
[ReportManager] Browser Action [GetPageSource] successfully performed. @30-10-2021 19:08:46.0055 PM
[ReportManager] Successfully created attachment [Browser Action Test Data - GetPageSource - Actual Value] @30-10-2021 19:08:46.0056 P
[ReportManager] Target URL: [https://duckduckgo.com] @30-10-2021 19:08:46.0061 PM
[ReportManager] Initial URL: [https://duckduckgo.com] @30-10-2021 19:08:46.0101 PM
[ReportManager] Browser Action [NavigateToURL] successfully performed. With the following test data [https://duckduckgo.com]. @30-10-2021 19:08:46.0418 PM
[ReportManager] Browser Action [CloseCurrentWindow] successfully performed. @30-10-2021 19:08:46.0575 PM
[ReportManager] Successfully created attachment [Browser Action Test Data - CloseCurrentWindow - Actual Value] @30-10-2021 19:08:46.0576 P
[ReportManager] File Action [GetAbsolutePath] successfully performed. With the following test data [Relative Folder Path: "target/downloadedFiles/"]. @30-10-2021 19:08:46.0578 PM
[ReportManager] Attempting to run locally on: [Mac-64], [Safari], Headless Execution. @30-10-2021 19:08:46.0579 PM
[ReportManager] Successfully Opened Safari. @30-10-2021 19:08:47.0353 PM
[ReportManager] Initial window size: (800, 600) @30-10-2021 19:08:47.0368 PM
[ReportManager] Window size after SWD Maximize: (1176, 811) @30-10-2021 19:08:47.0391 PM
[ReportManager] Browser Action [MaximizeWindow] successfully performed. With the following test data [New screen size is now: (1176, 811)]. @30-10-2021 19:08:47.0391 PM
[ReportManager] Target URL: [https://duckduckgo.com] @30-10-2021 19:08:47.0391 PM
[ReportManager] Initial URL: [] @30-10-2021 19:08:47.0454 PM
[ReportManager] Browser Action [NavigateToURL] successfully performed. With the following test data [https://duckduckgo.com]. @30-10-2021 19:08:48.0084 P

################################################################################################################################################
Starting Execution:	[10 out of 143] test cases in the current suite
Test Method:		[unitTests.tests_browserActions.getWindowHandle]
################################################################################################################################################
[ReportManager] Browser Action [GetWindowHandle] successfully performed. With the following test data [page-E81F12B7-542F-430F-8401-1BADB2BF4C00]. @30-10-2021 19:08:48.0106 P
[ReportManager] Target URL: [https://duckduckgo.com] @30-10-2021 19:08:48.0108 PM
[ReportManager] Initial URL: [https://duckduckgo.com] @30-10-2021 19:08:48.0139 PM
[ReportManager] Browser Action [NavigateToURL] successfully performed. With the following test data [https://duckduckgo.com]. @30-10-2021 19:08:48.0433 PM
[ReportManager] Browser Action [CloseCurrentWindow] successfully performed. @30-10-2021 19:08:48.0570 PM
[ReportManager] Successfully created attachment [Browser Action Test Data - CloseCurrentWindow - Actual Value] @30-10-2021 19:08:48.0570 P
[ReportManager] File Action [GetAbsolutePath] successfully performed. With the following test data [Relative Folder Path: "target/downloadedFiles/"]. @30-10-2021 19:08:48.0573 PM
[ReportManager] Attempting to run locally on: [Mac-64], [Safari], Headless Execution. @30-10-2021 19:08:48.0574 PM
[ReportManager] Successfully Opened Safari. @30-10-2021 19:08:49.0388 PM
[ReportManager] Initial window size: (800, 600) @30-10-2021 19:08:49.0430 PM
[ReportManager] Window size after SWD Maximize: (1176, 811) @30-10-2021 19:08:49.0451 PM
[ReportManager] Browser Action [MaximizeWindow] successfully performed. With the following test data [New screen size is now: (1176, 811)]. @30-10-2021 19:08:49.0451 PM
[ReportManager] Target URL: [https://duckduckgo.com] @30-10-2021 19:08:49.0451 PM
[ReportManager] Initial URL: [] @30-10-2021 19:08:49.0497 PM
[ReportManager] Browser Action [NavigateToURL] successfully performed. With the following test data [https://duckduckgo.com]. @30-10-2021 19:08:50.0136 P

################################################################################################################################################
Starting Execution:	[11 out of 143] test cases in the current suite
Test Method:		[unitTests.tests_browserActions.getWindowPosition]
################################################################################################################################################
[ReportManager] Browser Action [GetWindowPosition] successfully performed. With the following test data [(0, 23)]. @30-10-2021 19:08:50.0172 P
[ReportManager] Target URL: [https://duckduckgo.com] @30-10-2021 19:08:50.0175 PM
[ReportManager] Initial URL: [https://duckduckgo.com] @30-10-2021 19:08:50.0217 PM
[ReportManager] Browser Action [NavigateToURL] successfully performed. With the following test data [https://duckduckgo.com]. @30-10-2021 19:08:50.0501 PM
[ReportManager] Browser Action [CloseCurrentWindow] successfully performed. @30-10-2021 19:08:50.0661 PM
[ReportManager] Successfully created attachment [Browser Action Test Data - CloseCurrentWindow - Actual Value] @30-10-2021 19:08:50.0662 P
[ReportManager] File Action [GetAbsolutePath] successfully performed. With the following test data [Relative Folder Path: "target/downloadedFiles/"]. @30-10-2021 19:08:50.0665 PM
[ReportManager] Attempting to run locally on: [Mac-64], [Safari], Headless Execution. @30-10-2021 19:08:50.0666 PM
[ReportManager] Successfully Opened Safari. @30-10-2021 19:08:51.0515 PM
[ReportManager] Initial window size: (800, 600) @30-10-2021 19:08:51.0520 PM
[ReportManager] Window size after SWD Maximize: (1176, 811) @30-10-2021 19:08:51.0534 PM
[ReportManager] Browser Action [MaximizeWindow] successfully performed. With the following test data [New screen size is now: (1176, 811)]. @30-10-2021 19:08:51.0535 PM
[ReportManager] Target URL: [https://duckduckgo.com] @30-10-2021 19:08:51.0535 PM
[ReportManager] Initial URL: [] @30-10-2021 19:08:51.0637 PM
[ReportManager] Browser Action [NavigateToURL] successfully performed. With the following test data [https://duckduckgo.com]. @30-10-2021 19:08:52.0302 P

################################################################################################################################################
Starting Execution:	[12 out of 143] test cases in the current suite
Test Method:		[unitTests.tests_browserActions.getWindowSize]
################################################################################################################################################
[ReportManager] Browser Action [GetWindowSize] successfully performed. With the following test data [(1176, 811)]. @30-10-2021 19:08:52.0370 P
[ReportManager] Target URL: [https://duckduckgo.com] @30-10-2021 19:08:52.0374 PM
[ReportManager] Initial URL: [https://duckduckgo.com] @30-10-2021 19:08:52.0420 PM
[ReportManager] Browser Action [NavigateToURL] successfully performed. With the following test data [https://duckduckgo.com]. @30-10-2021 19:08:52.0727 PM
[ReportManager] Browser Action [CloseCurrentWindow] successfully performed. @30-10-2021 19:08:52.0835 PM
[ReportManager] Successfully created attachment [Browser Action Test Data - CloseCurrentWindow - Actual Value] @30-10-2021 19:08:52.0836 P
[ReportManager] File Action [GetAbsolutePath] successfully performed. With the following test data [Relative Folder Path: "target/downloadedFiles/"]. @30-10-2021 19:08:52.0840 PM
[ReportManager] Attempting to run locally on: [Mac-64], [Safari], Headless Execution. @30-10-2021 19:08:52.0840 PM
[ReportManager] Successfully Opened Safari. @30-10-2021 19:08:53.0650 PM
[ReportManager] Initial window size: (800, 600) @30-10-2021 19:08:53.0671 PM
[ReportManager] Window size after SWD Maximize: (1176, 811) @30-10-2021 19:08:53.0683 PM
[ReportManager] Browser Action [MaximizeWindow] successfully performed. With the following test data [New screen size is now: (1176, 811)]. @30-10-2021 19:08:53.0683 PM
[ReportManager] Target URL: [https://duckduckgo.com] @30-10-2021 19:08:53.0683 PM
[ReportManager] Initial URL: [] @30-10-2021 19:08:53.0740 PM
[ReportManager] Browser Action [NavigateToURL] successfully performed. With the following test data [https://duckduckgo.com]. @30-10-2021 19:08:54.0284 P

################################################################################################################################################
Starting Execution:	[13 out of 143] test cases in the current suite
Test Method:		[unitTests.tests_browserActions.maximizeWindow]
################################################################################################################################################
[ReportManager] Initial window size: (1176, 811) @30-10-2021 19:08:54.0296 PM
[ReportManager] Window size after SWD Maximize: (1176, 811) @30-10-2021 19:08:54.0307 PM
[ReportManager] Window size after Toolkit: (1920, 1080) @30-10-2021 19:08:54.0351 PM
[ReportManager] Browser Action [MaximizeWindow] successfully performed. With the following test data [New screen size is now: (1920, 1080)]. @30-10-2021 19:08:54.0368 P
[ReportManager] Target URL: [https://duckduckgo.com] @30-10-2021 19:08:54.0371 PM
[ReportManager] Initial URL: [https://duckduckgo.com] @30-10-2021 19:08:54.0427 PM
[ReportManager] Browser Action [NavigateToURL] successfully performed. With the following test data [https://duckduckgo.com]. @30-10-2021 19:08:54.0733 PM
[ReportManager] Browser Action [CloseCurrentWindow] successfully performed. @30-10-2021 19:08:54.0869 PM
[ReportManager] Successfully created attachment [Browser Action Test Data - CloseCurrentWindow - Actual Value] @30-10-2021 19:08:54.0870 P
[ReportManager] File Action [GetAbsolutePath] successfully performed. With the following test data [Relative Folder Path: "target/downloadedFiles/"]. @30-10-2021 19:08:54.0874 PM
[ReportManager] Attempting to run locally on: [Mac-64], [Safari], Headless Execution. @30-10-2021 19:08:54.0874 PM
[ReportManager] Successfully Opened Safari. @30-10-2021 19:08:55.0653 PM
[ReportManager] Initial window size: (800, 600) @30-10-2021 19:08:55.0670 PM
[ReportManager] Window size after SWD Maximize: (1176, 811) @30-10-2021 19:08:55.0682 PM
[ReportManager] Browser Action [MaximizeWindow] successfully performed. With the following test data [New screen size is now: (1176, 811)]. @30-10-2021 19:08:55.0683 PM
[ReportManager] Target URL: [https://duckduckgo.com] @30-10-2021 19:08:55.0683 PM
[ReportManager] Initial URL: [] @30-10-2021 19:08:55.0749 PM
[ReportManager] Browser Action [NavigateToURL] successfully performed. With the following test data [https://duckduckgo.com]. @30-10-2021 19:08:56.0320 P

################################################################################################################################################
Starting Execution:	[14 out of 143] test cases in the current suite
Test Method:		[unitTests.tests_browserActions.navigateBack]
################################################################################################################################################
[ReportManager] Target URL: [https://www.google.com/ncr], and after redirection: [https://www.google.com] @30-10-2021 19:08:56.0328 PM
[ReportManager] Initial URL: [https://duckduckgo.com] @30-10-2021 19:08:56.0362 PM
[ReportManager] Browser Action [NavigateToURL] successfully performed. With the following test data [https://www.google.com/ncr]. @30-10-2021 19:08:57.0584 PM
[ReportManager] Browser Action [NavigateBack] successfully performed. With the following test data [https://duckduckgo.com/]. @30-10-2021 19:08:57.0708 PM
[ReportManager] Browser Action [GetCurrentURL] successfully performed. With the following test data [https://duckduckgo.com/]. @30-10-2021 19:08:57.0727 PM
[ReportManager] Assertion Passed: Confirming that navigating back was successful @30-10-2021 19:08:57.0920 PM
[ReportManager] Successfully created attachment [Screenshot - 1635620937770_navigateBack_ValidateBrowserAttribute_passed] @30-10-2021 19:08:57.0924 PM
[ReportManager] Assertion [ValidateBrowserAttribute] PASSED. Expected [Value Should be 'https://duckduckgo.com' for the 'CurrentUrl' attribute] and Actual [https://duckduckgo.com/]. Comparison Type [CONTAINS]. Validation Type [POSITIVE]. @30-10-2021 19:08:57.0925 P
[ReportManager] Target URL: [https://duckduckgo.com] @30-10-2021 19:08:57.0931 PM
[ReportManager] Initial URL: [https://duckduckgo.com] @30-10-2021 19:08:57.0967 PM
[ReportManager] Browser Action [NavigateToURL] successfully performed. With the following test data [https://duckduckgo.com]. @30-10-2021 19:08:58.0238 PM
[ReportManager] Browser Action [CloseCurrentWindow] successfully performed. @30-10-2021 19:08:58.0275 PM
[ReportManager] Successfully created attachment [Browser Action Test Data - CloseCurrentWindow - Actual Value] @30-10-2021 19:08:58.0277 P
[ReportManager] File Action [GetAbsolutePath] successfully performed. With the following test data [Relative Folder Path: "target/downloadedFiles/"]. @30-10-2021 19:08:58.0279 PM
[ReportManager] Attempting to run locally on: [Mac-64], [Safari], Headless Execution. @30-10-2021 19:08:58.0280 PM
[ReportManager] Successfully Opened Safari. @30-10-2021 19:08:59.0066 PM
[ReportManager] Initial window size: (800, 600) @30-10-2021 19:08:59.0073 PM
[ReportManager] Window size after SWD Maximize: (1176, 811) @30-10-2021 19:08:59.0085 PM
[ReportManager] Browser Action [MaximizeWindow] successfully performed. With the following test data [New screen size is now: (1176, 811)]. @30-10-2021 19:08:59.0086 PM
[ReportManager] Target URL: [https://duckduckgo.com] @30-10-2021 19:08:59.0086 PM
[ReportManager] Initial URL: [] @30-10-2021 19:08:59.0150 PM
[ReportManager] Browser Action [NavigateToURL] successfully performed. With the following test data [https://duckduckgo.com]. @30-10-2021 19:08:59.0809 P

################################################################################################################################################
Starting Execution:	[15 out of 143] test cases in the current suite
Test Method:		[unitTests.tests_browserActions.navigateForward]
################################################################################################################################################
[ReportManager] Target URL: [https://www.google.com/ncr], and after redirection: [https://www.google.com] @30-10-2021 19:08:59.0813 PM
[ReportManager] Initial URL: [https://duckduckgo.com] @30-10-2021 19:08:59.0848 PM
[ReportManager] Browser Action [NavigateToURL] successfully performed. With the following test data [https://www.google.com/ncr]. @30-10-2021 19:09:01.0332 PM
[ReportManager] Browser Action [NavigateBack] successfully performed. With the following test data [https://duckduckgo.com/]. @30-10-2021 19:09:01.0458 PM
[ReportManager] Browser Action [NavigateForward] successfully performed. With the following test data [https://www.google.com/]. @30-10-2021 19:09:01.0561 P
[ReportManager] Target URL: [https://duckduckgo.com] @30-10-2021 19:09:01.0563 PM
[ReportManager] Initial URL: [https://www.google.com] @30-10-2021 19:09:01.0592 PM
[ReportManager] Browser Action [NavigateToURL] successfully performed. With the following test data [https://duckduckgo.com]. @30-10-2021 19:09:01.0882 PM
[ReportManager] Browser Action [CloseCurrentWindow] successfully performed. @30-10-2021 19:09:01.0977 PM
[ReportManager] Successfully created attachment [Browser Action Test Data - CloseCurrentWindow - Actual Value] @30-10-2021 19:09:01.0978 P
[ReportManager] File Action [GetAbsolutePath] successfully performed. With the following test data [Relative Folder Path: "target/downloadedFiles/"]. @30-10-2021 19:09:01.0982 PM
[ReportManager] Attempting to run locally on: [Mac-64], [Safari], Headless Execution. @30-10-2021 19:09:01.0982 PM
[ReportManager] Successfully Opened Safari. @30-10-2021 19:09:02.0851 PM
[ReportManager] Initial window size: (800, 600) @30-10-2021 19:09:02.0863 PM
[ReportManager] Window size after SWD Maximize: (1176, 811) @30-10-2021 19:09:02.0884 PM
[ReportManager] Browser Action [MaximizeWindow] successfully performed. With the following test data [New screen size is now: (1176, 811)]. @30-10-2021 19:09:02.0884 PM
[ReportManager] Target URL: [https://duckduckgo.com] @30-10-2021 19:09:02.0884 PM
[ReportManager] Initial URL: [] @30-10-2021 19:09:02.0962 PM
[ReportManager] Browser Action [NavigateToURL] successfully performed. With the following test data [https://duckduckgo.com]. @30-10-2021 19:09:03.0522 P

################################################################################################################################################
Starting Execution:	[16 out of 143] test cases in the current suite
Test Method:		[unitTests.tests_browserActions.navigateToURL]
################################################################################################################################################
[ReportManager] Target URL: [https://duckduckgo.com] @30-10-2021 19:09:03.0525 PM
[ReportManager] Initial URL: [https://duckduckgo.com] @30-10-2021 19:09:03.0565 PM
[ReportManager] Browser Action [NavigateToURL] successfully performed. With the following test data [https://duckduckgo.com]. @30-10-2021 19:09:03.0864 P
[ReportManager] Target URL: [https://duckduckgo.com] @30-10-2021 19:09:03.0870 PM
[ReportManager] Initial URL: [https://duckduckgo.com] @30-10-2021 19:09:03.0902 PM
[ReportManager] Browser Action [NavigateToURL] successfully performed. With the following test data [https://duckduckgo.com]. @30-10-2021 19:09:04.0217 PM
[ReportManager] Browser Action [CloseCurrentWindow] successfully performed. @30-10-2021 19:09:04.0315 PM
[ReportManager] Successfully created attachment [Browser Action Test Data - CloseCurrentWindow - Actual Value] @30-10-2021 19:09:04.0315 P
[ReportManager] File Action [GetAbsolutePath] successfully performed. With the following test data [Relative Folder Path: "target/downloadedFiles/"]. @30-10-2021 19:09:04.0318 PM
[ReportManager] Attempting to run locally on: [Mac-64], [Safari], Headless Execution. @30-10-2021 19:09:04.0319 PM
[ReportManager] Successfully Opened Safari. @30-10-2021 19:09:05.0141 PM
[ReportManager] Initial window size: (800, 600) @30-10-2021 19:09:05.0164 PM
[ReportManager] Window size after SWD Maximize: (1176, 811) @30-10-2021 19:09:05.0179 PM
[ReportManager] Browser Action [MaximizeWindow] successfully performed. With the following test data [New screen size is now: (1176, 811)]. @30-10-2021 19:09:05.0179 PM
[ReportManager] Target URL: [https://duckduckgo.com] @30-10-2021 19:09:05.0179 PM
[ReportManager] Initial URL: [] @30-10-2021 19:09:05.0232 PM
[ReportManager] Browser Action [NavigateToURL] successfully performed. With the following test data [https://duckduckgo.com]. @30-10-2021 19:09:05.0972 P

################################################################################################################################################
Starting Execution:	[17 out of 143] test cases in the current suite
Test Method:		[unitTests.tests_browserActions.navigateToURLWithRedirection]
################################################################################################################################################
[ReportManager] Target URL: [https://www.google.com/ncr], and after redirection: [https://www.google.com] @30-10-2021 19:09:05.0979 PM
[ReportManager] Initial URL: [https://duckduckgo.com] @30-10-2021 19:09:06.0045 PM
[ReportManager] Browser Action [NavigateToURL] successfully performed. With the following test data [https://www.google.com/ncr]. @30-10-2021 19:09:07.0257 P
[ReportManager] Target URL: [https://duckduckgo.com] @30-10-2021 19:09:07.0259 PM
[ReportManager] Initial URL: [https://www.google.com] @30-10-2021 19:09:07.0287 PM
[ReportManager] Browser Action [NavigateToURL] successfully performed. With the following test data [https://duckduckgo.com]. @30-10-2021 19:09:07.0611 PM
[ReportManager] Browser Action [CloseCurrentWindow] successfully performed. @30-10-2021 19:09:07.0700 PM
[ReportManager] Successfully created attachment [Browser Action Test Data - CloseCurrentWindow - Actual Value] @30-10-2021 19:09:07.0701 P
[ReportManager] File Action [GetAbsolutePath] successfully performed. With the following test data [Relative Folder Path: "target/downloadedFiles/"]. @30-10-2021 19:09:07.0703 PM
[ReportManager] Attempting to run locally on: [Mac-64], [Safari], Headless Execution. @30-10-2021 19:09:07.0704 PM
[ReportManager] Successfully Opened Safari. @30-10-2021 19:09:08.0519 PM
[ReportManager] Initial window size: (800, 600) @30-10-2021 19:09:08.0524 PM
[ReportManager] Window size after SWD Maximize: (1176, 811) @30-10-2021 19:09:08.0551 PM
[ReportManager] Browser Action [MaximizeWindow] successfully performed. With the following test data [New screen size is now: (1176, 811)]. @30-10-2021 19:09:08.0551 PM
[ReportManager] Target URL: [https://duckduckgo.com] @30-10-2021 19:09:08.0551 PM
[ReportManager] Initial URL: [] @30-10-2021 19:09:08.0627 PM
[ReportManager] Browser Action [NavigateToURL] successfully performed. With the following test data [https://duckduckgo.com]. @30-10-2021 19:09:09.0269 P

################################################################################################################################################
Starting Execution:	[18 out of 143] test cases in the current suite
Test Method:		[unitTests.tests_browserActions.refreshCurrentPage]
################################################################################################################################################
[ReportManager] Browser Action [RefreshCurrentPage] successfully performed. @30-10-2021 19:09:09.0512 PM
[ReportManager] Successfully created attachment [Browser Action Test Data - RefreshCurrentPage - Actual Value] @30-10-2021 19:09:09.0513 P
[ReportManager] Target URL: [https://duckduckgo.com] @30-10-2021 19:09:09.0515 PM
[ReportManager] Initial URL: [https://duckduckgo.com] @30-10-2021 19:09:09.0548 PM
[ReportManager] Browser Action [NavigateToURL] successfully performed. With the following test data [https://duckduckgo.com]. @30-10-2021 19:09:09.0839 PM
[ReportManager] Browser Action [CloseCurrentWindow] successfully performed. @30-10-2021 19:09:09.0958 PM
[ReportManager] Successfully created attachment [Browser Action Test Data - CloseCurrentWindow - Actual Value] @30-10-2021 19:09:09.0959 P
[ReportManager] File Action [GetAbsolutePath] successfully performed. With the following test data [Relative Folder Path: "target/downloadedFiles/"]. @30-10-2021 19:09:09.0962 PM
[ReportManager] Attempting to run locally on: [Mac-64], [Safari], Headless Execution. @30-10-2021 19:09:09.0962 PM
[ReportManager] Successfully Opened Safari. @30-10-2021 19:09:10.0752 PM
[ReportManager] Initial window size: (800, 600) @30-10-2021 19:09:10.0785 PM
[ReportManager] Window size after SWD Maximize: (1176, 811) @30-10-2021 19:09:10.0813 PM
[ReportManager] Browser Action [MaximizeWindow] successfully performed. With the following test data [New screen size is now: (1176, 811)]. @30-10-2021 19:09:10.0813 PM
[ReportManager] Target URL: [https://duckduckgo.com] @30-10-2021 19:09:10.0813 PM
[ReportManager] Initial URL: [] @30-10-2021 19:09:10.0874 PM
[ReportManager] Browser Action [NavigateToURL] successfully performed. With the following test data [https://duckduckgo.com]. @30-10-2021 19:09:11.0572 P

################################################################################################################################################
Starting Execution:	[19 out of 143] test cases in the current suite
Test Method:		[unitTests.tests_browserActions.setWindowSize]
################################################################################################################################################
[ReportManager] Initial window size: (1176, 811) @30-10-2021 19:09:11.0590 PM
[ReportManager] Window size after SWD: (1280, 720) @30-10-2021 19:09:11.0621 PM
[ReportManager] Browser Action [SetWindowSize] successfully performed. With the following test data [New screen size is now: (1280, 720)]. @30-10-2021 19:09:11.0621 P
[ReportManager] Target URL: [https://duckduckgo.com] @30-10-2021 19:09:11.0623 PM
[ReportManager] Initial URL: [https://duckduckgo.com] @30-10-2021 19:09:11.0687 PM
[ReportManager] Browser Action [NavigateToURL] successfully performed. With the following test data [https://duckduckgo.com]. @30-10-2021 19:09:11.0978 PM
[ReportManager] Browser Action [CloseCurrentWindow] successfully performed. @30-10-2021 19:09:12.0088 PM
[ReportManager] Successfully created attachment [Browser Action Test Data - CloseCurrentWindow - Actual Value] @30-10-2021 19:09:12.0089 P
[ReportManager] Successfully loaded the following test data file [src/test/resources/TestDataFiles/testSuite01/TestData.xlsx]. @30-10-2021 19:09:12.0967 PM
[ReportManager] Successfully created attachment [Test Data - Excel] @30-10-2021 19:09:12.0968 P

################################################################################################################################################
Starting Execution:	[20 out of 143] test cases in the current suite
Test Method:		[unitTests.tests_io_excelFileManager.getCellData_rowName_expectedToPass]
################################################################################################################################################
[ReportManager] testRowData. @30-10-2021 19:09:12.0981 P

################################################################################################################################################
Starting Execution:	[21 out of 143] test cases in the current suite
Test Method:		[unitTests.tests_validations_assertions.assertComparativeRelation_greaterThanOrEquals_false_equals_expectedToFail]
################################################################################################################################################
[ReportManager] Assertion [ValidateComparativeRelation] FAILED. Expected [1] and Actual [1]. Comparison Type [GREATER_THAN_OR_EQUALS]. Validation Type [NEGATIVE]. @30-10-2021 19:09:12.0988 P

################################################################################################################################################
Starting Execution:	[22 out of 143] test cases in the current suite
Test Method:		[unitTests.tests_validations_assertions.assertComparativeRelation_greaterThanOrEquals_false_equals_expectedToPass]
################################################################################################################################################
[ReportManager] Assertion [ValidateComparativeRelation] PASSED. Expected [2] and Actual [1]. Comparison Type [GREATER_THAN_OR_EQUALS]. Validation Type [NEGATIVE]. @30-10-2021 19:09:12.0992 P

################################################################################################################################################
Starting Execution:	[23 out of 143] test cases in the current suite
Test Method:		[unitTests.tests_validations_assertions.assertComparativeRelation_greaterThanOrEquals_false_greaterThan_expectedToFail]
################################################################################################################################################
[ReportManager] Assertion [ValidateComparativeRelation] FAILED. Expected [1] and Actual [2]. Comparison Type [GREATER_THAN_OR_EQUALS]. Validation Type [NEGATIVE]. @30-10-2021 19:09:12.0996 P

################################################################################################################################################
Starting Execution:	[24 out of 143] test cases in the current suite
Test Method:		[unitTests.tests_validations_assertions.assertComparativeRelation_greaterThanOrEquals_false_greaterThan_expectedToPass]
################################################################################################################################################
[ReportManager] Assertion [ValidateComparativeRelation] PASSED. Expected [2] and Actual [1]. Comparison Type [GREATER_THAN_OR_EQUALS]. Validation Type [NEGATIVE]. @30-10-2021 19:09:12.0999 P

################################################################################################################################################
Starting Execution:	[25 out of 143] test cases in the current suite
Test Method:		[unitTests.tests_validations_assertions.assertComparativeRelation_greaterThanOrEquals_true_equals_expectedToFail]
################################################################################################################################################
[ReportManager] Assertion [ValidateComparativeRelation] FAILED. Expected [1] and Actual [0]. Comparison Type [GREATER_THAN_OR_EQUALS]. Validation Type [POSITIVE]. @30-10-2021 19:09:13.0003 P

################################################################################################################################################
Starting Execution:	[26 out of 143] test cases in the current suite
Test Method:		[unitTests.tests_validations_assertions.assertComparativeRelation_greaterThanOrEquals_true_equals_expectedToPass]
################################################################################################################################################
[ReportManager] Assertion [ValidateComparativeRelation] PASSED. Expected [1] and Actual [1]. Comparison Type [GREATER_THAN_OR_EQUALS]. Validation Type [POSITIVE]. @30-10-2021 19:09:13.0033 P

################################################################################################################################################
Starting Execution:	[27 out of 143] test cases in the current suite
Test Method:		[unitTests.tests_validations_assertions.assertComparativeRelation_greaterThanOrEquals_true_greaterThan_expectedToFail]
################################################################################################################################################
[ReportManager] Assertion [ValidateComparativeRelation] FAILED. Expected [2] and Actual [1]. Comparison Type [GREATER_THAN_OR_EQUALS]. Validation Type [POSITIVE]. @30-10-2021 19:09:13.0037 P

################################################################################################################################################
Starting Execution:	[28 out of 143] test cases in the current suite
Test Method:		[unitTests.tests_validations_assertions.assertComparativeRelation_greaterThanOrEquals_true_greaterThan_expectedToPass]
################################################################################################################################################
[ReportManager] Assertion [ValidateComparativeRelation] PASSED. Expected [1] and Actual [2]. Comparison Type [GREATER_THAN_OR_EQUALS]. Validation Type [POSITIVE]. @30-10-2021 19:09:13.0041 P
[ReportManager] File Action [GetAbsolutePath] successfully performed. With the following test data [Relative Folder Path: "target/downloadedFiles/"]. @30-10-2021 19:09:13.0044 PM
[ReportManager] Attempting to run locally on: [Mac-64], [Safari], Headless Execution. @30-10-2021 19:09:13.0044 PM
[ReportManager] Successfully Opened Safari. @30-10-2021 19:09:13.0798 PM
[ReportManager] Initial window size: (800, 600) @30-10-2021 19:09:13.0804 PM
[ReportManager] Window size after SWD Maximize: (1176, 811) @30-10-2021 19:09:13.0822 PM
[ReportManager] Browser Action [MaximizeWindow] successfully performed. With the following test data [New screen size is now: (1176, 811)]. @30-10-2021 19:09:13.0822 PM
[ReportManager] Target URL: [https://www.google.com/ncr], and after redirection: [www.google.com] @30-10-2021 19:09:13.0822 PM
[ReportManager] Initial URL: [] @30-10-2021 19:09:13.0867 PM
[ReportManager] Browser Action [NavigateToURL] successfully performed. With the following test data [https://www.google.com/ncr]. @30-10-2021 19:09:14.0696 P

################################################################################################################################################
Starting Execution:	[29 out of 143] test cases in the current suite
Test Method:		[unitTests.tests_validations_assertions.assertElementAttribute_false_caseInsensitiveComparison_expectedToFail]
################################################################################################################################################
[ReportManager] Element Action [Type] successfully performed. With the following test data [AUTOMATION]. @30-10-2021 19:09:15.0108 PM
[ReportManager] Element Action [GetText] successfully performed. With the following test data [AUTOMATION]. @30-10-2021 19:09:15.0246 PM
[ReportManager] Loaded Shared OpenCV @30-10-2021 19:09:16.0334 PM
[ReportManager] Assertion [ValidateElementAttribute] FAILED. Expected [Value Should not be 'AutomaTion' for the 'text' attribute, element locator 'By.name: q'] and Actual [AUTOMATION]. Comparison Type [CASE_INSENSITIVE]. Validation Type [NEGATIVE]. @30-10-2021 19:09:16.0599 PM
[ReportManager] Successfully created attachment [Screenshot - 1635620955312_assertElementAttribute_false_caseInsensitiveComparison_expectedToFail_ValidateElementAttribute_failed] @30-10-2021 19:09:16.0604 P
[ReportManager] Browser Action [CloseCurrentWindow] successfully performed. @30-10-2021 19:09:16.0710 PM
[ReportManager] Successfully created attachment [Browser Action Test Data - CloseCurrentWindow - Actual Value] @30-10-2021 19:09:16.0712 P
[ReportManager] File Action [GetAbsolutePath] successfully performed. With the following test data [Relative Folder Path: "target/downloadedFiles/"]. @30-10-2021 19:09:16.0716 PM
[ReportManager] Attempting to run locally on: [Mac-64], [Safari], Headless Execution. @30-10-2021 19:09:16.0717 PM
[ReportManager] Successfully Opened Safari. @30-10-2021 19:09:17.0480 PM
[ReportManager] Initial window size: (800, 600) @30-10-2021 19:09:17.0501 PM
[ReportManager] Window size after SWD Maximize: (1176, 811) @30-10-2021 19:09:17.0513 PM
[ReportManager] Browser Action [MaximizeWindow] successfully performed. With the following test data [New screen size is now: (1176, 811)]. @30-10-2021 19:09:17.0513 PM
[ReportManager] Target URL: [https://www.google.com/ncr], and after redirection: [www.google.com] @30-10-2021 19:09:17.0513 PM
[ReportManager] Initial URL: [] @30-10-2021 19:09:17.0627 PM
[ReportManager] Browser Action [NavigateToURL] successfully performed. With the following test data [https://www.google.com/ncr]. @30-10-2021 19:09:18.0380 P

################################################################################################################################################
Starting Execution:	[30 out of 143] test cases in the current suite
Test Method:		[unitTests.tests_validations_assertions.assertElementAttribute_false_caseInsensitiveComparison_expectedToPass]
################################################################################################################################################
[ReportManager] Element Action [Type] successfully performed. With the following test data [AUTOMATION]. @30-10-2021 19:09:18.0846 PM
[ReportManager] Element Action [GetText] successfully performed. With the following test data [AUTOMATION]. @30-10-2021 19:09:18.0919 PM
[ReportManager] Loaded Shared OpenCV @30-10-2021 19:09:18.0973 PM
[ReportManager] Assertion [ValidateElementAttribute] PASSED. Expected [Value Should not be 'AutomaTion123' for the 'text' attribute, element locator 'By.name: q'] and Actual [AUTOMATION]. Comparison Type [CASE_INSENSITIVE]. Validation Type [NEGATIVE]. @30-10-2021 19:09:19.0075 PM
[ReportManager] Successfully created attachment [Screenshot - 1635620958973_assertElementAttribute_false_caseInsensitiveComparison_expectedToPass_ValidateElementAttribute_passed] @30-10-2021 19:09:19.0076 P
[ReportManager] Browser Action [CloseCurrentWindow] successfully performed. @30-10-2021 19:09:19.0170 PM
[ReportManager] Successfully created attachment [Browser Action Test Data - CloseCurrentWindow - Actual Value] @30-10-2021 19:09:19.0171 P
[ReportManager] File Action [GetAbsolutePath] successfully performed. With the following test data [Relative Folder Path: "target/downloadedFiles/"]. @30-10-2021 19:09:19.0177 PM
[ReportManager] Attempting to run locally on: [Mac-64], [Safari], Headless Execution. @30-10-2021 19:09:19.0177 PM
[ReportManager] Successfully Opened Safari. @30-10-2021 19:09:20.0037 PM
[ReportManager] Initial window size: (800, 600) @30-10-2021 19:09:20.0044 PM
[ReportManager] Window size after SWD Maximize: (1176, 811) @30-10-2021 19:09:20.0068 PM
[ReportManager] Browser Action [MaximizeWindow] successfully performed. With the following test data [New screen size is now: (1176, 811)]. @30-10-2021 19:09:20.0068 PM
[ReportManager] Target URL: [https://www.google.com/ncr], and after redirection: [www.google.com] @30-10-2021 19:09:20.0068 PM
[ReportManager] Initial URL: [] @30-10-2021 19:09:20.0113 PM
[ReportManager] Browser Action [NavigateToURL] successfully performed. With the following test data [https://www.google.com/ncr]. @30-10-2021 19:09:21.0140 P

################################################################################################################################################
Starting Execution:	[31 out of 143] test cases in the current suite
Test Method:		[unitTests.tests_validations_assertions.assertElementAttribute_false_containsComparison_expectedToFail]
################################################################################################################################################
[ReportManager] Element Action [Type] successfully performed. With the following test data [Automation123]. @30-10-2021 19:09:21.0632 PM
[ReportManager] Element Action [GetText] successfully performed. With the following test data [Automation123]. @30-10-2021 19:09:21.0682 PM
[ReportManager] Loaded Shared OpenCV @30-10-2021 19:09:21.0767 PM
[ReportManager] Assertion [ValidateElementAttribute] FAILED. Expected [Value Should not be 'Automation' for the 'text' attribute, element locator 'By.name: q'] and Actual [Automation123]. Comparison Type [CONTAINS]. Validation Type [NEGATIVE]. @30-10-2021 19:09:21.0921 PM
[ReportManager] Successfully created attachment [Screenshot - 1635620961767_assertElementAttribute_false_containsComparison_expectedToFail_ValidateElementAttribute_failed] @30-10-2021 19:09:21.0923 P
[ReportManager] Browser Action [CloseCurrentWindow] successfully performed. @30-10-2021 19:09:21.0969 PM
[ReportManager] Successfully created attachment [Browser Action Test Data - CloseCurrentWindow - Actual Value] @30-10-2021 19:09:21.0971 P
[ReportManager] File Action [GetAbsolutePath] successfully performed. With the following test data [Relative Folder Path: "target/downloadedFiles/"]. @30-10-2021 19:09:22.0001 PM
[ReportManager] Attempting to run locally on: [Mac-64], [Safari], Headless Execution. @30-10-2021 19:09:22.0002 PM
[ReportManager] Successfully Opened Safari. @30-10-2021 19:09:22.0830 PM
[ReportManager] Initial window size: (800, 600) @30-10-2021 19:09:22.0852 PM
[ReportManager] Window size after SWD Maximize: (1176, 811) @30-10-2021 19:09:22.0869 PM
[ReportManager] Browser Action [MaximizeWindow] successfully performed. With the following test data [New screen size is now: (1176, 811)]. @30-10-2021 19:09:22.0870 PM
[ReportManager] Target URL: [https://www.google.com/ncr], and after redirection: [www.google.com] @30-10-2021 19:09:22.0870 PM
[ReportManager] Initial URL: [] @30-10-2021 19:09:22.0945 PM
[ReportManager] Browser Action [NavigateToURL] successfully performed. With the following test data [https://www.google.com/ncr]. @30-10-2021 19:09:25.0877 P

################################################################################################################################################
Starting Execution:	[32 out of 143] test cases in the current suite
Test Method:		[unitTests.tests_validations_assertions.assertElementAttribute_false_containsComparison_expectedToPass]
################################################################################################################################################
[ReportManager] Element Action [Type] successfully performed. With the following test data [Automation123]. @30-10-2021 19:09:26.0419 PM
[ReportManager] Element Action [GetText] successfully performed. With the following test data [Automation123]. @30-10-2021 19:09:26.0468 PM
[ReportManager] Loaded Shared OpenCV @30-10-2021 19:09:26.0518 PM
[ReportManager] Assertion [ValidateElementAttribute] PASSED. Expected [Value Should not be 'Automation1234' for the 'text' attribute, element locator 'By.name: q'] and Actual [Automation123]. Comparison Type [CONTAINS]. Validation Type [NEGATIVE]. @30-10-2021 19:09:26.0614 PM
[ReportManager] Successfully created attachment [Screenshot - 1635620966518_assertElementAttribute_false_containsComparison_expectedToPass_ValidateElementAttribute_passed] @30-10-2021 19:09:26.0615 P
[ReportManager] Browser Action [CloseCurrentWindow] successfully performed. @30-10-2021 19:09:26.0788 PM
[ReportManager] Successfully created attachment [Browser Action Test Data - CloseCurrentWindow - Actual Value] @30-10-2021 19:09:26.0789 P
[ReportManager] File Action [GetAbsolutePath] successfully performed. With the following test data [Relative Folder Path: "target/downloadedFiles/"]. @30-10-2021 19:09:26.0793 PM
[ReportManager] Attempting to run locally on: [Mac-64], [Safari], Headless Execution. @30-10-2021 19:09:26.0793 PM
[ReportManager] Successfully Opened Safari. @30-10-2021 19:09:27.0573 PM
[ReportManager] Initial window size: (800, 600) @30-10-2021 19:09:27.0581 PM
[ReportManager] Window size after SWD Maximize: (1176, 811) @30-10-2021 19:09:27.0604 PM
[ReportManager] Browser Action [MaximizeWindow] successfully performed. With the following test data [New screen size is now: (1176, 811)]. @30-10-2021 19:09:27.0605 PM
[ReportManager] Target URL: [https://www.google.com/ncr], and after redirection: [www.google.com] @30-10-2021 19:09:27.0605 PM
[ReportManager] Initial URL: [] @30-10-2021 19:09:27.0677 PM
[ReportManager] Browser Action [NavigateToURL] successfully performed. With the following test data [https://www.google.com/ncr]. @30-10-2021 19:09:28.0629 P

################################################################################################################################################
Starting Execution:	[33 out of 143] test cases in the current suite
Test Method:		[unitTests.tests_validations_assertions.assertElementAttribute_false_literalComparison_expectedToFail]
################################################################################################################################################
[ReportManager] Element Action [Type] successfully performed. With the following test data [Automation!@#$%^&*()_+{}[]\';/.,]. @30-10-2021 19:09:29.0824 PM
[ReportManager] Element Action [GetText] successfully performed. With the following test data [Automation!@#$%^&*()_+{}[]\';/.,]. @30-10-2021 19:09:29.0877 PM
[ReportManager] Loaded Shared OpenCV @30-10-2021 19:09:29.0931 PM
[ReportManager] Assertion [ValidateElementAttribute] PASSED. Expected [Value Should not be 'Automation!@#$%^&*()_+{}[]\\';/.,' for the 'text' attribute, element locator 'By.name: q'] and Actual [Automation!@#$%^&*()_+{}[]\';/.,]. Comparison Type [EQUALS]. Validation Type [NEGATIVE]. @30-10-2021 19:09:30.0081 PM
[ReportManager] Successfully created attachment [Screenshot - 1635620969931_assertElementAttribute_false_literalComparison_expectedToFail_ValidateElementAttribute_passed] @30-10-2021 19:09:30.0082 P
[ReportManager] Browser Action [CloseCurrentWindow] successfully performed. @30-10-2021 19:09:30.0206 PM
[ReportManager] Successfully created attachment [Browser Action Test Data - CloseCurrentWindow - Actual Value] @30-10-2021 19:09:30.0206 P
[ReportManager] File Action [GetAbsolutePath] successfully performed. With the following test data [Relative Folder Path: "target/downloadedFiles/"]. @30-10-2021 19:09:30.0210 PM
[ReportManager] Attempting to run locally on: [Mac-64], [Safari], Headless Execution. @30-10-2021 19:09:30.0210 PM
[ReportManager] Successfully Opened Safari. @30-10-2021 19:09:30.0994 PM
[ReportManager] Initial window size: (800, 600) @30-10-2021 19:09:31.0010 PM
[ReportManager] Window size after SWD Maximize: (1176, 811) @30-10-2021 19:09:31.0023 PM
[ReportManager] Browser Action [MaximizeWindow] successfully performed. With the following test data [New screen size is now: (1176, 811)]. @30-10-2021 19:09:31.0024 PM
[ReportManager] Target URL: [https://www.google.com/ncr], and after redirection: [www.google.com] @30-10-2021 19:09:31.0024 PM
[ReportManager] Initial URL: [] @30-10-2021 19:09:31.0071 PM
[ReportManager] Browser Action [NavigateToURL] successfully performed. With the following test data [https://www.google.com/ncr]. @30-10-2021 19:09:32.0378 P

################################################################################################################################################
Starting Execution:	[34 out of 143] test cases in the current suite
Test Method:		[unitTests.tests_validations_assertions.assertElementAttribute_false_literalComparison_expectedToPass]
################################################################################################################################################
[ReportManager] Element Action [Type] successfully performed. With the following test data [Automation!@#$%^&*()_+{}[]\';/.,]. @30-10-2021 19:09:33.0468 PM
[ReportManager] Element Action [GetText] successfully performed. With the following test data [Automation!@#$%^&*()_+{}[]\';/.,]. @30-10-2021 19:09:33.0523 PM
[ReportManager] Loaded Shared OpenCV @30-10-2021 19:09:33.0583 PM
[ReportManager] Assertion [ValidateElementAttribute] PASSED. Expected [Value Should not be 'Automation' for the 'text' attribute, element locator 'By.name: q'] and Actual [Automation!@#$%^&*()_+{}[]\';/.,]. Comparison Type [EQUALS]. Validation Type [NEGATIVE]. @30-10-2021 19:09:33.0688 PM
[ReportManager] Successfully created attachment [Screenshot - 1635620973583_assertElementAttribute_false_literalComparison_expectedToPass_ValidateElementAttribute_passed] @30-10-2021 19:09:33.0689 P
[ReportManager] Browser Action [CloseCurrentWindow] successfully performed. @30-10-2021 19:09:33.0750 PM
[ReportManager] Successfully created attachment [Browser Action Test Data - CloseCurrentWindow - Actual Value] @30-10-2021 19:09:33.0751 P
[ReportManager] File Action [GetAbsolutePath] successfully performed. With the following test data [Relative Folder Path: "target/downloadedFiles/"]. @30-10-2021 19:09:33.0767 PM
[ReportManager] Attempting to run locally on: [Mac-64], [Safari], Headless Execution. @30-10-2021 19:09:33.0768 PM
[ReportManager] Successfully Opened Safari. @30-10-2021 19:09:34.0536 PM
[ReportManager] Initial window size: (800, 600) @30-10-2021 19:09:34.0552 PM
[ReportManager] Window size after SWD Maximize: (1176, 811) @30-10-2021 19:09:34.0567 PM
[ReportManager] Browser Action [MaximizeWindow] successfully performed. With the following test data [New screen size is now: (1176, 811)]. @30-10-2021 19:09:34.0567 PM
[ReportManager] Target URL: [https://www.google.com/ncr], and after redirection: [www.google.com] @30-10-2021 19:09:34.0567 PM
[ReportManager] Initial URL: [] @30-10-2021 19:09:34.0639 PM
[ReportManager] Browser Action [NavigateToURL] successfully performed. With the following test data [https://www.google.com/ncr]. @30-10-2021 19:09:35.0576 P

################################################################################################################################################
Starting Execution:	[35 out of 143] test cases in the current suite
Test Method:		[unitTests.tests_validations_assertions.assertElementAttribute_false_regexComparison_expectedToFail]
################################################################################################################################################
[ReportManager] Element Action [Type] successfully performed. With the following test data [Automation123]. @30-10-2021 19:09:36.0061 PM
[ReportManager] Element Action [GetText] successfully performed. With the following test data [Automation123]. @30-10-2021 19:09:36.0116 PM
[ReportManager] Loaded Shared OpenCV @30-10-2021 19:09:36.0168 PM
[ReportManager] Assertion [ValidateElementAttribute] FAILED. Expected [Value Should not be 'Automation.*' for the 'text' attribute, element locator 'By.name: q'] and Actual [Automation123]. Comparison Type [MATCHES]. Validation Type [NEGATIVE]. @30-10-2021 19:09:36.0297 PM
[ReportManager] Successfully created attachment [Screenshot - 1635620976168_assertElementAttribute_false_regexComparison_expectedToFail_ValidateElementAttribute_failed] @30-10-2021 19:09:36.0300 P
[ReportManager] Browser Action [CloseCurrentWindow] successfully performed. @30-10-2021 19:09:36.0510 PM
[ReportManager] Successfully created attachment [Browser Action Test Data - CloseCurrentWindow - Actual Value] @30-10-2021 19:09:36.0511 P
[ReportManager] File Action [GetAbsolutePath] successfully performed. With the following test data [Relative Folder Path: "target/downloadedFiles/"]. @30-10-2021 19:09:36.0514 PM
[ReportManager] Attempting to run locally on: [Mac-64], [Safari], Headless Execution. @30-10-2021 19:09:36.0514 PM
[ReportManager] Successfully Opened Safari. @30-10-2021 19:09:37.0299 PM
[ReportManager] Initial window size: (800, 600) @30-10-2021 19:09:37.0320 PM
[ReportManager] Window size after SWD Maximize: (1176, 811) @30-10-2021 19:09:37.0336 PM
[ReportManager] Browser Action [MaximizeWindow] successfully performed. With the following test data [New screen size is now: (1176, 811)]. @30-10-2021 19:09:37.0336 PM
[ReportManager] Target URL: [https://www.google.com/ncr], and after redirection: [www.google.com] @30-10-2021 19:09:37.0358 PM
[ReportManager] Initial URL: [] @30-10-2021 19:09:37.0398 PM
[ReportManager] Browser Action [NavigateToURL] successfully performed. With the following test data [https://www.google.com/ncr]. @30-10-2021 19:09:38.0108 P

################################################################################################################################################
Starting Execution:	[36 out of 143] test cases in the current suite
Test Method:		[unitTests.tests_validations_assertions.assertElementAttribute_false_regexComparison_expectedToPass]
################################################################################################################################################
[ReportManager] Element Action [Type] successfully performed. With the following test data [Automation123]. @30-10-2021 19:09:38.0624 PM
[ReportManager] Element Action [GetText] successfully performed. With the following test data [Automation123]. @30-10-2021 19:09:38.0702 PM
[ReportManager] Loaded Shared OpenCV @30-10-2021 19:09:38.0794 PM
[ReportManager] Assertion [ValidateElementAttribute] PASSED. Expected [Value Should not be 'Automation' for the 'text' attribute, element locator 'By.name: q'] and Actual [Automation123]. Comparison Type [MATCHES]. Validation Type [NEGATIVE]. @30-10-2021 19:09:38.0911 PM
[ReportManager] Successfully created attachment [Screenshot - 1635620978794_assertElementAttribute_false_regexComparison_expectedToPass_ValidateElementAttribute_passed] @30-10-2021 19:09:38.0913 P
[ReportManager] Browser Action [CloseCurrentWindow] successfully performed. @30-10-2021 19:09:38.0976 PM
[ReportManager] Successfully created attachment [Browser Action Test Data - CloseCurrentWindow - Actual Value] @30-10-2021 19:09:38.0977 P
[ReportManager] File Action [GetAbsolutePath] successfully performed. With the following test data [Relative Folder Path: "target/downloadedFiles/"]. @30-10-2021 19:09:38.0982 PM
[ReportManager] Attempting to run locally on: [Mac-64], [Safari], Headless Execution. @30-10-2021 19:09:38.0982 PM
[ReportManager] Successfully Opened Safari. @30-10-2021 19:09:39.0768 PM
[ReportManager] Initial window size: (800, 600) @30-10-2021 19:09:39.0777 PM
[ReportManager] Window size after SWD Maximize: (1176, 811) @30-10-2021 19:09:39.0812 PM
[ReportManager] Browser Action [MaximizeWindow] successfully performed. With the following test data [New screen size is now: (1176, 811)]. @30-10-2021 19:09:39.0813 PM
[ReportManager] Target URL: [https://www.google.com/ncr], and after redirection: [www.google.com] @30-10-2021 19:09:39.0813 PM
[ReportManager] Initial URL: [] @30-10-2021 19:09:39.0891 PM
[ReportManager] Browser Action [NavigateToURL] successfully performed. With the following test data [https://www.google.com/ncr]. @30-10-2021 19:09:41.0005 P

################################################################################################################################################
Starting Execution:	[37 out of 143] test cases in the current suite
Test Method:		[unitTests.tests_validations_assertions.assertElementAttribute_true_caseInsensitiveComparison_expectedToFail]
################################################################################################################################################
[ReportManager] Element Action [Type] successfully performed. With the following test data [AUTOMATION]. @30-10-2021 19:09:41.0448 PM
[ReportManager] Element Action [GetText] successfully performed. With the following test data [AUTOMATION]. @30-10-2021 19:09:41.0495 PM
[ReportManager] Loaded Shared OpenCV @30-10-2021 19:09:41.0549 PM
[ReportManager] Assertion [ValidateElementAttribute] FAILED. Expected [Value Should be 'AutomaTion123' for the 'text' attribute, element locator 'By.name: q'] and Actual [AUTOMATION]. Comparison Type [CASE_INSENSITIVE]. Validation Type [POSITIVE]. @30-10-2021 19:09:41.0671 PM
[ReportManager] Successfully created attachment [Screenshot - 1635620981548_assertElementAttribute_true_caseInsensitiveComparison_expectedToFail_ValidateElementAttribute_failed] @30-10-2021 19:09:41.0673 P
[ReportManager] Browser Action [CloseCurrentWindow] successfully performed. @30-10-2021 19:09:41.0746 PM
[ReportManager] Successfully created attachment [Browser Action Test Data - CloseCurrentWindow - Actual Value] @30-10-2021 19:09:41.0749 P
[ReportManager] File Action [GetAbsolutePath] successfully performed. With the following test data [Relative Folder Path: "target/downloadedFiles/"]. @30-10-2021 19:09:41.0760 PM
[ReportManager] Attempting to run locally on: [Mac-64], [Safari], Headless Execution. @30-10-2021 19:09:41.0761 PM
[ReportManager] Successfully Opened Safari. @30-10-2021 19:09:42.0532 PM
[ReportManager] Initial window size: (800, 600) @30-10-2021 19:09:42.0552 PM
[ReportManager] Window size after SWD Maximize: (1176, 811) @30-10-2021 19:09:42.0567 PM
[ReportManager] Browser Action [MaximizeWindow] successfully performed. With the following test data [New screen size is now: (1176, 811)]. @30-10-2021 19:09:42.0567 PM
[ReportManager] Target URL: [https://www.google.com/ncr], and after redirection: [www.google.com] @30-10-2021 19:09:42.0567 PM
[ReportManager] Initial URL: [] @30-10-2021 19:09:42.0613 PM
[ReportManager] Browser Action [NavigateToURL] successfully performed. With the following test data [https://www.google.com/ncr]. @30-10-2021 19:09:43.0366 P

################################################################################################################################################
Starting Execution:	[38 out of 143] test cases in the current suite
Test Method:		[unitTests.tests_validations_assertions.assertElementAttribute_true_caseInsensitiveComparison_expectedToPass]
################################################################################################################################################
[ReportManager] Element Action [Type] successfully performed. With the following test data [AUTOMATION]. @30-10-2021 19:09:43.0811 PM
[ReportManager] Element Action [GetText] successfully performed. With the following test data [AUTOMATION]. @30-10-2021 19:09:43.0861 PM
[ReportManager] Loaded Shared OpenCV @30-10-2021 19:09:43.0914 PM
[ReportManager] Assertion [ValidateElementAttribute] PASSED. Expected [Value Should be 'AutomaTion' for the 'text' attribute, element locator 'By.name: q'] and Actual [AUTOMATION]. Comparison Type [CASE_INSENSITIVE]. Validation Type [POSITIVE]. @30-10-2021 19:09:44.0021 PM
[ReportManager] Successfully created attachment [Screenshot - 1635620983914_assertElementAttribute_true_caseInsensitiveComparison_expectedToPass_ValidateElementAttribute_passed] @30-10-2021 19:09:44.0023 P
[ReportManager] Browser Action [CloseCurrentWindow] successfully performed. @30-10-2021 19:09:44.0125 PM
[ReportManager] Successfully created attachment [Browser Action Test Data - CloseCurrentWindow - Actual Value] @30-10-2021 19:09:44.0126 P
[ReportManager] File Action [GetAbsolutePath] successfully performed. With the following test data [Relative Folder Path: "target/downloadedFiles/"]. @30-10-2021 19:09:44.0129 PM
[ReportManager] Attempting to run locally on: [Mac-64], [Safari], Headless Execution. @30-10-2021 19:09:44.0130 PM
[ReportManager] Successfully Opened Safari. @30-10-2021 19:09:44.0915 PM
[ReportManager] Initial window size: (800, 600) @30-10-2021 19:09:44.0934 PM
[ReportManager] Window size after SWD Maximize: (1176, 811) @30-10-2021 19:09:44.0945 PM
[ReportManager] Browser Action [MaximizeWindow] successfully performed. With the following test data [New screen size is now: (1176, 811)]. @30-10-2021 19:09:44.0946 PM
[ReportManager] Target URL: [https://www.google.com/ncr], and after redirection: [www.google.com] @30-10-2021 19:09:44.0946 PM
[ReportManager] Initial URL: [] @30-10-2021 19:09:45.0007 PM
[ReportManager] Browser Action [NavigateToURL] successfully performed. With the following test data [https://www.google.com/ncr]. @30-10-2021 19:09:45.0906 P

################################################################################################################################################
Starting Execution:	[39 out of 143] test cases in the current suite
Test Method:		[unitTests.tests_validations_assertions.assertElementAttribute_true_containsComparison_expectedToFail]
################################################################################################################################################
[ReportManager] Element Action [Type] successfully performed. With the following test data [Automation123]. @30-10-2021 19:09:46.0460 PM
[ReportManager] Element Action [GetText] successfully performed. With the following test data [Automation123]. @30-10-2021 19:09:46.0567 PM
[ReportManager] Loaded Shared OpenCV @30-10-2021 19:09:46.0619 PM
[ReportManager] Assertion [ValidateElementAttribute] FAILED. Expected [Value Should be 'Automation1234' for the 'text' attribute, element locator 'By.name: q'] and Actual [Automation123]. Comparison Type [CONTAINS]. Validation Type [POSITIVE]. @30-10-2021 19:09:46.0721 PM
[ReportManager] Successfully created attachment [Screenshot - 1635620986619_assertElementAttribute_true_containsComparison_expectedToFail_ValidateElementAttribute_failed] @30-10-2021 19:09:46.0722 P
[ReportManager] Browser Action [CloseCurrentWindow] successfully performed. @30-10-2021 19:09:46.0880 PM
[ReportManager] Successfully created attachment [Browser Action Test Data - CloseCurrentWindow - Actual Value] @30-10-2021 19:09:46.0881 P
[ReportManager] File Action [GetAbsolutePath] successfully performed. With the following test data [Relative Folder Path: "target/downloadedFiles/"]. @30-10-2021 19:09:46.0884 PM
[ReportManager] Attempting to run locally on: [Mac-64], [Safari], Headless Execution. @30-10-2021 19:09:46.0884 PM
[ReportManager] Successfully Opened Safari. @30-10-2021 19:09:47.0644 PM
[ReportManager] Initial window size: (800, 600) @30-10-2021 19:09:47.0649 PM
[ReportManager] Window size after SWD Maximize: (1176, 811) @30-10-2021 19:09:47.0670 PM
[ReportManager] Browser Action [MaximizeWindow] successfully performed. With the following test data [New screen size is now: (1176, 811)]. @30-10-2021 19:09:47.0670 PM
[ReportManager] Target URL: [https://www.google.com/ncr], and after redirection: [www.google.com] @30-10-2021 19:09:47.0670 PM
[ReportManager] Initial URL: [] @30-10-2021 19:09:47.0726 PM
[ReportManager] Browser Action [NavigateToURL] successfully performed. With the following test data [https://www.google.com/ncr]. @30-10-2021 19:09:48.0539 P

################################################################################################################################################
Starting Execution:	[40 out of 143] test cases in the current suite
Test Method:		[unitTests.tests_validations_assertions.assertElementAttribute_true_containsComparison_expectedToPass]
################################################################################################################################################
[ReportManager] Element Action [Type] successfully performed. With the following test data [Automation123]. @30-10-2021 19:09:49.0051 PM
[ReportManager] Element Action [GetText] successfully performed. With the following test data [Automation123]. @30-10-2021 19:09:49.0099 PM
[ReportManager] Loaded Shared OpenCV @30-10-2021 19:09:49.0149 PM
[ReportManager] Assertion [ValidateElementAttribute] PASSED. Expected [Value Should be 'Automation' for the 'text' attribute, element locator 'By.name: q'] and Actual [Automation123]. Comparison Type [CONTAINS]. Validation Type [POSITIVE]. @30-10-2021 19:09:49.0250 PM
[ReportManager] Successfully created attachment [Screenshot - 1635620989149_assertElementAttribute_true_containsComparison_expectedToPass_ValidateElementAttribute_passed] @30-10-2021 19:09:49.0251 P
[ReportManager] Browser Action [CloseCurrentWindow] successfully performed. @30-10-2021 19:09:49.0425 PM
[ReportManager] Successfully created attachment [Browser Action Test Data - CloseCurrentWindow - Actual Value] @30-10-2021 19:09:49.0426 P
[ReportManager] File Action [GetAbsolutePath] successfully performed. With the following test data [Relative Folder Path: "target/downloadedFiles/"]. @30-10-2021 19:09:49.0429 PM
[ReportManager] Attempting to run locally on: [Mac-64], [Safari], Headless Execution. @30-10-2021 19:09:49.0429 PM
[ReportManager] Successfully Opened Safari. @30-10-2021 19:09:50.0300 PM
[ReportManager] Initial window size: (800, 600) @30-10-2021 19:09:50.0318 PM
[ReportManager] Window size after SWD Maximize: (1176, 811) @30-10-2021 19:09:50.0355 PM
[ReportManager] Browser Action [MaximizeWindow] successfully performed. With the following test data [New screen size is now: (1176, 811)]. @30-10-2021 19:09:50.0356 PM
[ReportManager] Target URL: [https://www.google.com/ncr], and after redirection: [www.google.com] @30-10-2021 19:09:50.0356 PM
[ReportManager] Initial URL: [] @30-10-2021 19:09:50.0404 PM
[ReportManager] Browser Action [NavigateToURL] successfully performed. With the following test data [https://www.google.com/ncr]. @30-10-2021 19:09:51.0173 P

################################################################################################################################################
Starting Execution:	[41 out of 143] test cases in the current suite
Test Method:		[unitTests.tests_validations_assertions.assertElementAttribute_true_literalComparison_expectedToFail]
################################################################################################################################################
[ReportManager] Element Action [Type] successfully performed. With the following test data [Automation!@#$%^&*()_+{}[]\';/.,]. @30-10-2021 19:09:52.0286 PM
[ReportManager] Element Action [GetText] successfully performed. With the following test data [Automation!@#$%^&*()_+{}[]\';/.,]. @30-10-2021 19:09:52.0332 PM
[ReportManager] Loaded Shared OpenCV @30-10-2021 19:09:52.0382 PM
[ReportManager] Assertion [ValidateElementAttribute] FAILED. Expected [Value Should be 'Automation' for the 'text' attribute, element locator 'By.name: q'] and Actual [Automation!@#$%^&*()_+{}[]\';/.,]. Comparison Type [EQUALS]. Validation Type [POSITIVE]. @30-10-2021 19:09:52.0486 PM
[ReportManager] Successfully created attachment [Screenshot - 1635620992382_assertElementAttribute_true_literalComparison_expectedToFail_ValidateElementAttribute_failed] @30-10-2021 19:09:52.0488 P
[ReportManager] Browser Action [CloseCurrentWindow] successfully performed. @30-10-2021 19:09:52.0634 PM
[ReportManager] Successfully created attachment [Browser Action Test Data - CloseCurrentWindow - Actual Value] @30-10-2021 19:09:52.0635 P
[ReportManager] File Action [GetAbsolutePath] successfully performed. With the following test data [Relative Folder Path: "target/downloadedFiles/"]. @30-10-2021 19:09:52.0638 PM
[ReportManager] Attempting to run locally on: [Mac-64], [Safari], Headless Execution. @30-10-2021 19:09:52.0638 PM
[ReportManager] Successfully Opened Safari. @30-10-2021 19:09:53.0428 PM
[ReportManager] Initial window size: (800, 600) @30-10-2021 19:09:53.0466 PM
[ReportManager] Window size after SWD Maximize: (1176, 811) @30-10-2021 19:09:53.0533 PM
[ReportManager] Browser Action [MaximizeWindow] successfully performed. With the following test data [New screen size is now: (1176, 811)]. @30-10-2021 19:09:53.0534 PM
[ReportManager] Target URL: [https://www.google.com/ncr], and after redirection: [www.google.com] @30-10-2021 19:09:53.0534 PM
[ReportManager] Initial URL: [] @30-10-2021 19:09:53.0579 PM
[ReportManager] Browser Action [NavigateToURL] successfully performed. With the following test data [https://www.google.com/ncr]. @30-10-2021 19:09:54.0337 P

################################################################################################################################################
Starting Execution:	[42 out of 143] test cases in the current suite
Test Method:		[unitTests.tests_validations_assertions.assertElementAttribute_true_literalComparison_expectedToPass]
################################################################################################################################################
[ReportManager] Element Action [Type] successfully performed. With the following test data [Automation!@#$%^&*()_+{}[]\';/.,]. @30-10-2021 19:09:55.0471 PM
[ReportManager] Element Action [GetText] successfully performed. With the following test data [Automation!@#$%^&*()_+{}[]\';/.,]. @30-10-2021 19:09:55.0519 PM
[ReportManager] Loaded Shared OpenCV @30-10-2021 19:09:55.0607 PM
[ReportManager] Assertion [ValidateElementAttribute] PASSED. Expected [Value Should be 'Automation!@#$%^&*()_+{}[]\';/.,' for the 'text' attribute, element locator 'By.name: q'] and Actual [Automation!@#$%^&*()_+{}[]\';/.,]. Comparison Type [EQUALS]. Validation Type [POSITIVE]. @30-10-2021 19:09:55.0705 PM
[ReportManager] Successfully created attachment [Screenshot - 1635620995607_assertElementAttribute_true_literalComparison_expectedToPass_ValidateElementAttribute_passed] @30-10-2021 19:09:55.0706 P
[ReportManager] Browser Action [CloseCurrentWindow] successfully performed. @30-10-2021 19:09:55.0817 PM
[ReportManager] Successfully created attachment [Browser Action Test Data - CloseCurrentWindow - Actual Value] @30-10-2021 19:09:55.0818 P
[ReportManager] File Action [GetAbsolutePath] successfully performed. With the following test data [Relative Folder Path: "target/downloadedFiles/"]. @30-10-2021 19:09:55.0821 PM
[ReportManager] Attempting to run locally on: [Mac-64], [Safari], Headless Execution. @30-10-2021 19:09:55.0821 PM
[ReportManager] Successfully Opened Safari. @30-10-2021 19:09:56.0601 PM
[ReportManager] Initial window size: (800, 600) @30-10-2021 19:09:56.0620 PM
[ReportManager] Window size after SWD Maximize: (1176, 811) @30-10-2021 19:09:56.0634 PM
[ReportManager] Browser Action [MaximizeWindow] successfully performed. With the following test data [New screen size is now: (1176, 811)]. @30-10-2021 19:09:56.0634 PM
[ReportManager] Target URL: [https://www.google.com/ncr], and after redirection: [www.google.com] @30-10-2021 19:09:56.0634 PM
[ReportManager] Initial URL: [] @30-10-2021 19:09:56.0670 PM
[ReportManager] Browser Action [NavigateToURL] successfully performed. With the following test data [https://www.google.com/ncr]. @30-10-2021 19:09:57.0450 P

################################################################################################################################################
Starting Execution:	[43 out of 143] test cases in the current suite
Test Method:		[unitTests.tests_validations_assertions.assertElementAttribute_true_regexComparison_expectedToFail]
################################################################################################################################################
[ReportManager] Element Action [Type] successfully performed. With the following test data [Automation123]. @30-10-2021 19:09:58.0011 PM
[ReportManager] Element Action [GetText] successfully performed. With the following test data [Automation123]. @30-10-2021 19:09:58.0081 PM
[ReportManager] Loaded Shared OpenCV @30-10-2021 19:09:58.0128 PM
[ReportManager] Assertion [ValidateElementAttribute] FAILED. Expected [Value Should be 'Automation' for the 'text' attribute, element locator 'By.name: q'] and Actual [Automation123]. Comparison Type [MATCHES]. Validation Type [POSITIVE]. @30-10-2021 19:09:58.0217 PM
[ReportManager] Successfully created attachment [Screenshot - 1635620998127_assertElementAttribute_true_regexComparison_expectedToFail_ValidateElementAttribute_failed] @30-10-2021 19:09:58.0218 P
[ReportManager] Browser Action [CloseCurrentWindow] successfully performed. @30-10-2021 19:09:58.0402 PM
[ReportManager] Successfully created attachment [Browser Action Test Data - CloseCurrentWindow - Actual Value] @30-10-2021 19:09:58.0403 P
[ReportManager] File Action [GetAbsolutePath] successfully performed. With the following test data [Relative Folder Path: "target/downloadedFiles/"]. @30-10-2021 19:09:58.0406 PM
[ReportManager] Attempting to run locally on: [Mac-64], [Safari], Headless Execution. @30-10-2021 19:09:58.0407 PM
[ReportManager] Successfully Opened Safari. @30-10-2021 19:09:59.0194 PM
[ReportManager] Initial window size: (800, 600) @30-10-2021 19:09:59.0208 PM
[ReportManager] Window size after SWD Maximize: (1176, 811) @30-10-2021 19:09:59.0221 PM
[ReportManager] Browser Action [MaximizeWindow] successfully performed. With the following test data [New screen size is now: (1176, 811)]. @30-10-2021 19:09:59.0222 PM
[ReportManager] Target URL: [https://www.google.com/ncr], and after redirection: [www.google.com] @30-10-2021 19:09:59.0222 PM
[ReportManager] Initial URL: [] @30-10-2021 19:09:59.0264 PM
[ReportManager] Browser Action [NavigateToURL] successfully performed. With the following test data [https://www.google.com/ncr]. @30-10-2021 19:10:00.0550 P

################################################################################################################################################
Starting Execution:	[44 out of 143] test cases in the current suite
Test Method:		[unitTests.tests_validations_assertions.assertElementAttribute_true_regexComparison_expectedToPass]
################################################################################################################################################
[ReportManager] Element Action [Type] successfully performed. With the following test data [Automation123]. @30-10-2021 19:10:01.0106 PM
[ReportManager] Element Action [GetText] successfully performed. With the following test data [Automation123]. @30-10-2021 19:10:01.0156 PM
[ReportManager] Loaded Shared OpenCV @30-10-2021 19:10:01.0213 PM
[ReportManager] Assertion [ValidateElementAttribute] PASSED. Expected [Value Should be 'Automation.*' for the 'text' attribute, element locator 'By.name: q'] and Actual [Automation123]. Comparison Type [MATCHES]. Validation Type [POSITIVE]. @30-10-2021 19:10:01.0335 PM
[ReportManager] Successfully created attachment [Screenshot - 1635621001213_assertElementAttribute_true_regexComparison_expectedToPass_ValidateElementAttribute_passed] @30-10-2021 19:10:01.0337 P
[ReportManager] Browser Action [CloseCurrentWindow] successfully performed. @30-10-2021 19:10:01.0393 PM
[ReportManager] Successfully created attachment [Browser Action Test Data - CloseCurrentWindow - Actual Value] @30-10-2021 19:10:01.0399 P
[ReportManager] File Action [GetAbsolutePath] successfully performed. With the following test data [Relative Folder Path: "target/downloadedFiles/"]. @30-10-2021 19:10:01.0417 PM
[ReportManager] Attempting to run locally on: [Mac-64], [Safari], Headless Execution. @30-10-2021 19:10:01.0417 PM
[ReportManager] Successfully Opened Safari. @30-10-2021 19:10:02.0267 PM
[ReportManager] Initial window size: (800, 600) @30-10-2021 19:10:02.0273 PM
[ReportManager] Window size after SWD Maximize: (1176, 811) @30-10-2021 19:10:02.0283 PM
[ReportManager] Browser Action [MaximizeWindow] successfully performed. With the following test data [New screen size is now: (1176, 811)]. @30-10-2021 19:10:02.0284 PM
[ReportManager] Target URL: [https://www.google.com/ncr], and after redirection: [www.google.com] @30-10-2021 19:10:02.0284 PM
[ReportManager] Initial URL: [] @30-10-2021 19:10:02.0319 PM
[ReportManager] Browser Action [NavigateToURL] successfully performed. With the following test data [https://www.google.com/ncr]. @30-10-2021 19:10:04.0728 P

################################################################################################################################################
Starting Execution:	[45 out of 143] test cases in the current suite
Test Method:		[unitTests.tests_validations_assertions.assertElementAttribute_type_true_literalComparison_expectedToPass]
################################################################################################################################################
[ReportManager] Element Action [Type] successfully performed. With the following test data [Automation!@#$%^&*()_+{}[]\';/.,]. @30-10-2021 19:10:05.0771 PM
[ReportManager] Element Action [GetText] successfully performed. With the following test data [Automation!@#$%^&*()_+{}[]\';/.,]. @30-10-2021 19:10:06.0158 PM
[ReportManager] Loaded Shared OpenCV @30-10-2021 19:10:06.0206 PM
[ReportManager] Assertion [ValidateElementAttribute] PASSED. Expected [Value Should be 'Automation!@#$%^&*()_+{}[]\';/.,' for the 'text' attribute, element locator 'By.name: q'] and Actual [Automation!@#$%^&*()_+{}[]\';/.,]. Comparison Type [EQUALS]. Validation Type [POSITIVE]. @30-10-2021 19:10:06.0348 PM
[ReportManager] Successfully created attachment [Screenshot - 1635621006206_assertElementAttribute_type_true_literalComparison_expectedToPass_ValidateElementAttribute_passed] @30-10-2021 19:10:06.0431 P
[ReportManager] Browser Action [CloseCurrentWindow] successfully performed. @30-10-2021 19:10:06.0676 PM
[ReportManager] Successfully created attachment [Browser Action Test Data - CloseCurrentWindow - Actual Value] @30-10-2021 19:10:06.0718 P
[ReportManager] File Action [GetAbsolutePath] successfully performed. With the following test data [Relative Folder Path: "target/downloadedFiles/"]. @30-10-2021 19:10:06.0843 PM
[ReportManager] Attempting to run locally on: [Mac-64], [Safari], Headless Execution. @30-10-2021 19:10:06.0843 PM
[ReportManager] Successfully Opened Safari. @30-10-2021 19:10:07.0647 PM
[ReportManager] Initial window size: (800, 600) @30-10-2021 19:10:07.0651 PM
[ReportManager] Window size after SWD Maximize: (1176, 811) @30-10-2021 19:10:07.0666 PM
[ReportManager] Browser Action [MaximizeWindow] successfully performed. With the following test data [New screen size is now: (1176, 811)]. @30-10-2021 19:10:07.0666 PM
[ReportManager] Target URL: [https://www.google.com/ncr], and after redirection: [www.google.com] @30-10-2021 19:10:07.0667 PM
[ReportManager] Initial URL: [] @30-10-2021 19:10:07.0704 PM
[ReportManager] Browser Action [NavigateToURL] successfully performed. With the following test data [https://www.google.com/ncr]. @30-10-2021 19:10:08.0925 P

################################################################################################################################################
Starting Execution:	[46 out of 143] test cases in the current suite
Test Method:		[unitTests.tests_validations_assertions.assertElementExists_false_expectedToFail]
###############################################################################################################################################
[ReportManager] Browser Action [CloseCurrentWindow] successfully performed. @30-10-2021 19:10:09.0293 PM
[ReportManager] Successfully created attachment [Browser Action Test Data - CloseCurrentWindow - Actual Value] @30-10-2021 19:10:09.0334 P
[ReportManager] File Action [GetAbsolutePath] successfully performed. With the following test data [Relative Folder Path: "target/downloadedFiles/"]. @30-10-2021 19:10:09.0461 PM
[ReportManager] Attempting to run locally on: [Mac-64], [Safari], Headless Execution. @30-10-2021 19:10:09.0461 PM
[ReportManager] Successfully Opened Safari. @30-10-2021 19:10:10.0229 PM
[ReportManager] Initial window size: (800, 600) @30-10-2021 19:10:10.0243 PM
[ReportManager] Window size after SWD Maximize: (1176, 811) @30-10-2021 19:10:10.0254 PM
[ReportManager] Browser Action [MaximizeWindow] successfully performed. With the following test data [New screen size is now: (1176, 811)]. @30-10-2021 19:10:10.0254 PM
[ReportManager] Target URL: [https://www.google.com/ncr], and after redirection: [www.google.com] @30-10-2021 19:10:10.0254 PM
[ReportManager] Initial URL: [] @30-10-2021 19:10:10.0302 PM
[ReportManager] Browser Action [NavigateToURL] successfully performed. With the following test data [https://www.google.com/ncr]. @30-10-2021 19:10:11.0540 P

################################################################################################################################################
Starting Execution:	[47 out of 143] test cases in the current suite
Test Method:		[unitTests.tests_validations_assertions.assertElementExists_false_expectedToPass]
###############################################################################################################################################
[ReportManager] Browser Action [CloseCurrentWindow] successfully performed. @30-10-2021 19:10:11.0953 PM
[ReportManager] Successfully created attachment [Browser Action Test Data - CloseCurrentWindow - Actual Value] @30-10-2021 19:10:11.0995 P
[ReportManager] File Action [GetAbsolutePath] successfully performed. With the following test data [Relative Folder Path: "target/downloadedFiles/"]. @30-10-2021 19:10:12.0120 PM
[ReportManager] Attempting to run locally on: [Mac-64], [Safari], Headless Execution. @30-10-2021 19:10:12.0121 PM
[ReportManager] Successfully Opened Safari. @30-10-2021 19:10:12.0955 PM
[ReportManager] Initial window size: (800, 600) @30-10-2021 19:10:13.0007 PM
[ReportManager] Window size after SWD Maximize: (1176, 811) @30-10-2021 19:10:13.0048 PM
[ReportManager] Browser Action [MaximizeWindow] successfully performed. With the following test data [New screen size is now: (1176, 811)]. @30-10-2021 19:10:13.0048 PM
[ReportManager] Target URL: [https://www.google.com/ncr], and after redirection: [www.google.com] @30-10-2021 19:10:13.0048 PM
[ReportManager] Initial URL: [] @30-10-2021 19:10:13.0128 PM
[ReportManager] Browser Action [NavigateToURL] successfully performed. With the following test data [https://www.google.com/ncr]. @30-10-2021 19:10:13.0973 P

################################################################################################################################################
Starting Execution:	[48 out of 143] test cases in the current suite
Test Method:		[unitTests.tests_validations_assertions.assertElementExists_false_multipleElementsFound_expectedToFail]
################################################################################################################################################
[ReportManager] Assertion [ValidateElementExists] FAILED. Expected [Element Should not Exist, locator 'By.xpath: //div'] and Actual [Element Exists but is not unique]. Comparison Type [EQUALS]. Validation Type [NEGATIVE]. @30-10-2021 19:10:14.0353 PM
[ReportManager] Successfully created attachment [Screenshot - 1635621014180_assertElementExists_false_multipleElementsFound_expectedToFail_ValidateElementExists_failed] @30-10-2021 19:10:14.0434 P
[ReportManager] Browser Action [CloseCurrentWindow] successfully performed. @30-10-2021 19:10:14.0693 PM
[ReportManager] Successfully created attachment [Browser Action Test Data - CloseCurrentWindow - Actual Value] @30-10-2021 19:10:14.0735 P
[ReportManager] File Action [GetAbsolutePath] successfully performed. With the following test data [Relative Folder Path: "target/downloadedFiles/"]. @30-10-2021 19:10:14.0863 PM
[ReportManager] Attempting to run locally on: [Mac-64], [Safari], Headless Execution. @30-10-2021 19:10:14.0863 PM
[ReportManager] Successfully Opened Safari. @30-10-2021 19:10:15.0674 PM
[ReportManager] Initial window size: (800, 600) @30-10-2021 19:10:15.0681 PM
[ReportManager] Window size after SWD Maximize: (1176, 811) @30-10-2021 19:10:15.0709 PM
[ReportManager] Browser Action [MaximizeWindow] successfully performed. With the following test data [New screen size is now: (1176, 811)]. @30-10-2021 19:10:15.0710 PM
[ReportManager] Target URL: [https://www.google.com/ncr], and after redirection: [www.google.com] @30-10-2021 19:10:15.0710 PM
[ReportManager] Initial URL: [] @30-10-2021 19:10:15.0761 PM
[ReportManager] Browser Action [NavigateToURL] successfully performed. With the following test data [https://www.google.com/ncr]. @30-10-2021 19:10:16.0422 P

################################################################################################################################################
Starting Execution:	[49 out of 143] test cases in the current suite
Test Method:		[unitTests.tests_validations_assertions.assertElementExists_true_expectedToFail]
###############################################################################################################################################
[ReportManager] Browser Action [CloseCurrentWindow] successfully performed. @30-10-2021 19:10:16.0812 PM
[ReportManager] Successfully created attachment [Browser Action Test Data - CloseCurrentWindow - Actual Value] @30-10-2021 19:10:16.0893 P
[ReportManager] File Action [GetAbsolutePath] successfully performed. With the following test data [Relative Folder Path: "target/downloadedFiles/"]. @30-10-2021 19:10:17.0019 PM
[ReportManager] Attempting to run locally on: [Mac-64], [Safari], Headless Execution. @30-10-2021 19:10:17.0019 PM
[ReportManager] Successfully Opened Safari. @30-10-2021 19:10:17.0841 PM
[ReportManager] Initial window size: (800, 600) @30-10-2021 19:10:17.0856 PM
[ReportManager] Window size after SWD Maximize: (1176, 811) @30-10-2021 19:10:17.0883 PM
[ReportManager] Browser Action [MaximizeWindow] successfully performed. With the following test data [New screen size is now: (1176, 811)]. @30-10-2021 19:10:17.0883 PM
[ReportManager] Target URL: [https://www.google.com/ncr], and after redirection: [www.google.com] @30-10-2021 19:10:17.0883 PM
[ReportManager] Initial URL: [] @30-10-2021 19:10:17.0937 PM
[ReportManager] Browser Action [NavigateToURL] successfully performed. With the following test data [https://www.google.com/ncr]. @30-10-2021 19:10:19.0188 P

################################################################################################################################################
Starting Execution:	[50 out of 143] test cases in the current suite
Test Method:		[unitTests.tests_validations_assertions.assertElementExists_true_expectedToPass]
################################################################################################################################################
[ReportManager] Loaded Shared OpenCV @30-10-2021 19:10:19.0387 PM
[ReportManager] Assertion [ValidateElementExists] PASSED. Expected [Element Should Exist, locator 'By.xpath: //*[@id='hplogo' or @alt='Google']'] and Actual [Element Exists]. Comparison Type [EQUALS]. Validation Type [POSITIVE]. @30-10-2021 19:10:19.0680 PM
[ReportManager] Successfully created attachment [Screenshot - 1635621019387_assertElementExists_true_expectedToPass_ValidateElementExists_passed] @30-10-2021 19:10:19.0722 P
[ReportManager] Browser Action [CloseCurrentWindow] successfully performed. @30-10-2021 19:10:19.0975 PM
[ReportManager] Successfully created attachment [Browser Action Test Data - CloseCurrentWindow - Actual Value] @30-10-2021 19:10:20.0016 P
[ReportManager] File Action [GetAbsolutePath] successfully performed. With the following test data [Relative Folder Path: "target/downloadedFiles/"]. @30-10-2021 19:10:20.0100 PM
[ReportManager] Attempting to run locally on: [Mac-64], [Safari], Headless Execution. @30-10-2021 19:10:20.0100 PM
[ReportManager] Successfully Opened Safari. @30-10-2021 19:10:21.0010 PM
[ReportManager] Initial window size: (800, 600) @30-10-2021 19:10:21.0015 PM
[ReportManager] Window size after SWD Maximize: (1176, 811) @30-10-2021 19:10:21.0038 PM
[ReportManager] Browser Action [MaximizeWindow] successfully performed. With the following test data [New screen size is now: (1176, 811)]. @30-10-2021 19:10:21.0038 PM
[ReportManager] Target URL: [https://www.google.com/ncr], and after redirection: [www.google.com] @30-10-2021 19:10:21.0038 PM
[ReportManager] Initial URL: [] @30-10-2021 19:10:21.0126 PM
[ReportManager] Browser Action [NavigateToURL] successfully performed. With the following test data [https://www.google.com/ncr]. @30-10-2021 19:10:21.0951 P

################################################################################################################################################
Starting Execution:	[51 out of 143] test cases in the current suite
Test Method:		[unitTests.tests_validations_assertions.assertElementExists_true_multipleElementsFound_expectedToFail]
################################################################################################################################################
[ReportManager] Assertion [ValidateElementExists] FAILED. Expected [Element Should Exist, locator 'By.xpath: //div'] and Actual [Element Exists but is not unique]. Comparison Type [EQUALS]. Validation Type [POSITIVE]. @30-10-2021 19:10:22.0450 PM
[ReportManager] Successfully created attachment [Screenshot - 1635621022292_assertElementExists_true_multipleElementsFound_expectedToFail_ValidateElementExists_failed] @30-10-2021 19:10:22.0532 P
[ReportManager] Browser Action [CloseCurrentWindow] successfully performed. @30-10-2021 19:10:22.0701 PM
[ReportManager] Successfully created attachment [Browser Action Test Data - CloseCurrentWindow - Actual Value] @30-10-2021 19:10:22.0742 P

################################################################################################################################################
Starting Execution:	[52 out of 143] test cases in the current suite
Test Method:		[unitTests.tests_validations_assertions.assertEquals_false_expectedToFail]
################################################################################################################################################
[ReportManager] Assertion [ValidateEquals] FAILED. Expected [1] and Actual [1]. Comparison Type [EQUALS]. Validation Type [NEGATIVE]. @30-10-2021 19:10:22.0869 P

################################################################################################################################################
Starting Execution:	[53 out of 143] test cases in the current suite
Test Method:		[unitTests.tests_validations_assertions.assertEquals_false_expectedToPass]
################################################################################################################################################
[ReportManager] Assertion [ValidateEquals] PASSED. Expected [1] and Actual [2]. Comparison Type [EQUALS]. Validation Type [NEGATIVE]. @30-10-2021 19:10:23.0034 P

################################################################################################################################################
Starting Execution:	[54 out of 143] test cases in the current suite
Test Method:		[unitTests.tests_validations_assertions.assertEquals_longCharacters]
################################################################################################################################################
[ReportManager] Verification [ValidateEquals] PASSED. Expected and Actual values are attached. Comparison Type [EQUALS]. Validation Type [POSITIVE]. @30-10-2021 19:10:23.0162 PM
[ReportManager] Successfully created attachment [Validation Test Data - Expected Value] @30-10-2021 19:10:23.0243 PM
[ReportManager] Successfully created attachment [Validation Test Data - Actual Value] @30-10-2021 19:10:23.0284 PM
[ReportManager] Assertion [ValidateEquals] PASSED. Expected and Actual values are attached. Comparison Type [EQUALS]. Validation Type [POSITIVE]. @30-10-2021 19:10:23.0285 PM
[ReportManager] Successfully created attachment [Validation Test Data - Expected Value] @30-10-2021 19:10:23.0366 PM
[ReportManager] Successfully created attachment [Validation Test Data - Actual Value] @30-10-2021 19:10:23.0447 P

################################################################################################################################################
Starting Execution:	[55 out of 143] test cases in the current suite
Test Method:		[unitTests.tests_validations_assertions.assertEquals_longCharacters_Discreet]
################################################################################################################################################
[ReportManager] Assertion [ValidateEquals] PASSED. Expected [1LH5pROcDBjjQk0t0mCr0lXuzQu9lcGj28kY8R1H81X67eVAQJgWQhILiRWVPUgZ6uCtK5cnBkF55Jr9vYngjGO1Iyf0Mktv6lruDlL9T8MAUPcUZJGHZtji6nIeadujDSNmWMj5d6C8zlFqw0CRqBU0hO5adIasHgBSNoLotAjce3NGXoDwAlp3rYreeV16VIyZXROQY] and Actual [1LH5pROcDBjjQk0t0mCr0lXuzQu9lcGj28kY8R1H81X67eVAQJgWQhILiRWVPUgZ6uCtK5cnBkF55Jr9vYngjGO1Iyf0Mktv6lruDlL9T8MAUPcUZJGHZtji6nIeadujDSNmWMj5d6C8zlFqw0CRqBU0hO5adIasHgBSNoLotAjce3NGXoDwAlp3rYreeV16VIyZXROQY]. Comparison Type [EQUALS]. Validation Type [POSITIVE]. @30-10-2021 19:10:23.0572 P

################################################################################################################################################
Starting Execution:	[56 out of 143] test cases in the current suite
Test Method:		[unitTests.tests_validations_assertions.assertEquals_true_expectedToFail]
################################################################################################################################################
[ReportManager] Assertion [ValidateEquals] FAILED. Expected [1] and Actual [2]. Comparison Type [EQUALS]. Validation Type [POSITIVE]. @30-10-2021 19:10:23.0698 P

################################################################################################################################################
Starting Execution:	[57 out of 143] test cases in the current suite
Test Method:		[unitTests.tests_validations_assertions.assertEquals_true_expectedToPass]
Test Description:	[Assert that assertEquals works as expected when the two values are equal.]
################################################################################################################################################
[ReportManager] Verification [ValidateEquals] PASSED. Expected [1] and Actual [1]. Comparison Type [EQUALS]. Validation Type [POSITIVE]. @30-10-2021 19:10:23.0869 PM
[ReportManager] Assertion [ValidateEquals] PASSED. Expected [1] and Actual [1]. Comparison Type [EQUALS]. Validation Type [POSITIVE]. @30-10-2021 19:10:23.0869 P

################################################################################################################################################
Starting Execution:	[58 out of 143] test cases in the current suite
Test Method:		[unitTests.tests_validations_assertions.assertEquals_true_expectedToPass__]
################################################################################################################################################
[ReportManager] Assertion [ValidateEquals] PASSED. Expected [1] and Actual [1]. Comparison Type [EQUALS]. Validation Type [POSITIVE]. @30-10-2021 19:10:23.0994 P

################################################################################################################################################
Starting Execution:	[59 out of 143] test cases in the current suite
Test Method:		[unitTests.tests_validations_assertions.assertFileExists_false_expectedToFail]
################################################################################################################################################
[ReportManager] File Action [DoesFileExist] successfully performed. With the following test data [File Path: "src/main/java/com/shaft/gui/element/ElementActions.java"]. @30-10-2021 19:10:24.0119 PM
[ReportManager] Assertion [ValidateFileExists] FAILED. Expected [File 'src/main/java/com/shaft/gui/element/ElementActions.java' should not exist, after up to '1' retries] and Actual [File exists]. Validation Type [NEGATIVE]. @30-10-2021 19:10:24.0125 P

################################################################################################################################################
Starting Execution:	[60 out of 143] test cases in the current suite
Test Method:		[unitTests.tests_validations_assertions.assertFileExists_false_expectedToPass]
################################################################################################################################################
[ReportManager] File Action [DoesFileExist] successfully performed. With the following test data [File Path: "src/main/java/com/shaft/gui/element/ElementActions.java_fail"]. @30-10-2021 19:10:24.0796 PM
[ReportManager] Assertion [ValidateFileExists] PASSED. Expected [File 'src/main/java/com/shaft/gui/element/ElementActions.java_fail' should not exist, after up to '1' retries] and Actual [File does not exist]. Validation Type [NEGATIVE]. @30-10-2021 19:10:24.0796 P

################################################################################################################################################
Starting Execution:	[61 out of 143] test cases in the current suite
Test Method:		[unitTests.tests_validations_assertions.assertFileExists_true_expectedToFail]
################################################################################################################################################
[ReportManager] File Action [DoesFileExist] successfully performed. With the following test data [File Path: "src/main/java/com/shaft/gui/element/ElementActions.java_fail"]. @30-10-2021 19:10:25.0541 PM
[ReportManager] Assertion [ValidateFileExists] FAILED. Expected [File 'src/main/java/com/shaft/gui/element/ElementActions.java_fail' should exist, after up to '1' retries] and Actual [File does not exist]. Validation Type [POSITIVE]. @30-10-2021 19:10:25.0542 P

################################################################################################################################################
Starting Execution:	[62 out of 143] test cases in the current suite
Test Method:		[unitTests.tests_validations_assertions.assertFileExists_true_expectedToPass]
################################################################################################################################################
[ReportManager] File Action [DoesFileExist] successfully performed. With the following test data [File Path: "src/main/java/com/shaft/gui/element/ElementActions.java"]. @30-10-2021 19:10:25.0667 PM
[ReportManager] Assertion [ValidateFileExists] PASSED. Expected [File 'src/main/java/com/shaft/gui/element/ElementActions.java' should exist, after up to '1' retries] and Actual [File exists]. Validation Type [POSITIVE]. @30-10-2021 19:10:25.0667 P

################################################################################################################################################
Starting Execution:	[63 out of 143] test cases in the current suite
Test Method:		[unitTests.tests_validations_assertions.assertNull_false_expectedToFail]
################################################################################################################################################
[ReportManager] Assertion [ValidateNull] FAILED. Expected [NULL] and Actual [NULL]. Comparison Type [EQUALS]. Validation Type [NEGATIVE]. @30-10-2021 19:10:25.0792 P

################################################################################################################################################
Starting Execution:	[64 out of 143] test cases in the current suite
Test Method:		[unitTests.tests_validations_assertions.assertNull_false_expectedToPass]
################################################################################################################################################
[ReportManager] Assertion [ValidateNull] PASSED. Expected [NULL] and Actual [1]. Comparison Type [EQUALS]. Validation Type [NEGATIVE]. @30-10-2021 19:10:25.0958 P

################################################################################################################################################
Starting Execution:	[65 out of 143] test cases in the current suite
Test Method:		[unitTests.tests_validations_assertions.assertNull_true_expectedToFail]
################################################################################################################################################
[ReportManager] Assertion [ValidateNull] FAILED. Expected [NULL] and Actual [1]. Comparison Type [EQUALS]. Validation Type [POSITIVE]. @30-10-2021 19:10:26.0083 P

################################################################################################################################################
Starting Execution:	[66 out of 143] test cases in the current suite
Test Method:		[unitTests.tests_validations_assertions.assertNull_true_expectedToPass]
################################################################################################################################################
[ReportManager] Assertion [ValidateNull] PASSED. Expected [NULL] and Actual [NULL]. Comparison Type [EQUALS]. Validation Type [POSITIVE]. @30-10-2021 19:10:26.0209 P

################################################################################################################################################
Starting Execution:	[67 out of 143] test cases in the current suite
Test Method:		[unitTests.tests_restActions.getPostsAndAssertBodyForSpecificTitle]
################################################################################################################################################
[ReportManager] Response status code: [200], status line: [HTTP/1.1 200 OK] @30-10-2021 19:10:28.0408 PM
[ReportManager] Assertion Passed: Evaluating the actual response status code against the expected one... @30-10-2021 19:10:28.0408 PM
[ReportManager] Assertion [ValidateEquals] PASSED. Expected [200] and Actual [200]. Comparison Type [EQUALS]. Validation Type [POSITIVE]. @30-10-2021 19:10:28.0408 PM
[ReportManager] API Action [PerformRequest] successfully performed. With the following test data [Request Type: "GET" | Target Status Code: "200" | Service URL: "https://jsonplaceholder.typicode.com/posts" | Content Type: "*/*" | Response Time: "702ms"]. @30-10-2021 19:10:29.0526 PM
[ReportManager] Successfully created attachment [API Request - Specifications] @30-10-2021 19:10:29.0567 PM
[ReportManager] Successfully created attachment [API Response - JSON Body] @30-10-2021 19:10:29.0924 PM
[ReportManager] API Action [GetResponseJSONValueAsList] successfully performed. @30-10-2021 19:10:29.0952 PM
[ReportManager] API Action [GetResponseJSONValue] successfully performed. With the following test data [title]. @30-10-2021 19:10:29.0975 PM
[ReportManager] API Action [GetResponseJSONValue] successfully performed. With the following test data [title]. @30-10-2021 19:10:29.0993 PM
[ReportManager] API Action [GetResponseJSONValue] successfully performed. With the following test data [body]. @30-10-2021 19:10:30.0009 PM
[ReportManager] Assertion [ValidateEquals] PASSED. Expected [qui neque nisi nulla] and Actual [est rerum tempore vitae
sequi sint nihil reprehenderit dolor beatae ea dolores neque
fugiat blanditiis voluptate porro vel nihil molestiae ut reiciendis
qui aperiam non debitis possimus qui neque nisi nulla]. Comparison Type [CONTAINS]. Validation Type [POSITIVE]. @30-10-2021 19:10:30.0010 PM
[ReportManager] API Action [GetResponseJSONValue] successfully performed. With the following test data [title]. @30-10-2021 19:10:30.0026 PM
[ReportManager] API Action [GetResponseJSONValue] successfully performed. With the following test data [title]. @30-10-2021 19:10:30.0041 PM
[ReportManager] API Action [GetResponseJSONValue] successfully performed. With the following test data [title]. @30-10-2021 19:10:30.0057 PM
[ReportManager] API Action [GetResponseJSONValue] successfully performed. With the following test data [title]. @30-10-2021 19:10:30.0073 PM
[ReportManager] API Action [GetResponseJSONValue] successfully performed. With the following test data [title]. @30-10-2021 19:10:30.0088 PM
[ReportManager] API Action [GetResponseJSONValue] successfully performed. With the following test data [title]. @30-10-2021 19:10:30.0103 PM
[ReportManager] API Action [GetResponseJSONValue] successfully performed. With the following test data [title]. @30-10-2021 19:10:30.0118 PM
[ReportManager] API Action [GetResponseJSONValue] successfully performed. With the following test data [title]. @30-10-2021 19:10:30.0135 PM
[ReportManager] API Action [GetResponseJSONValue] successfully performed. With the following test data [title]. @30-10-2021 19:10:30.0150 PM
[ReportManager] API Action [GetResponseJSONValue] successfully performed. With the following test data [title]. @30-10-2021 19:10:30.0166 PM
[ReportManager] API Action [GetResponseJSONValue] successfully performed. With the following test data [title]. @30-10-2021 19:10:30.0184 PM
[ReportManager] API Action [GetResponseJSONValue] successfully performed. With the following test data [title]. @30-10-2021 19:10:30.0201 PM
[ReportManager] API Action [GetResponseJSONValue] successfully performed. With the following test data [title]. @30-10-2021 19:10:30.0216 PM
[ReportManager] API Action [GetResponseJSONValue] successfully performed. With the following test data [title]. @30-10-2021 19:10:30.0231 PM
[ReportManager] API Action [GetResponseJSONValue] successfully performed. With the following test data [title]. @30-10-2021 19:10:30.0249 PM
[ReportManager] API Action [GetResponseJSONValue] successfully performed. With the following test data [title]. @30-10-2021 19:10:30.0264 PM
[ReportManager] API Action [GetResponseJSONValue] successfully performed. With the following test data [title]. @30-10-2021 19:10:30.0280 PM
[ReportManager] API Action [GetResponseJSONValue] successfully performed. With the following test data [title]. @30-10-2021 19:10:30.0296 PM
[ReportManager] API Action [GetResponseJSONValue] successfully performed. With the following test data [title]. @30-10-2021 19:10:30.0312 PM
[ReportManager] API Action [GetResponseJSONValue] successfully performed. With the following test data [title]. @30-10-2021 19:10:30.0341 PM
[ReportManager] API Action [GetResponseJSONValue] successfully performed. With the following test data [title]. @30-10-2021 19:10:30.0360 PM
[ReportManager] API Action [GetResponseJSONValue] successfully performed. With the following test data [title]. @30-10-2021 19:10:30.0377 PM
[ReportManager] API Action [GetResponseJSONValue] successfully performed. With the following test data [title]. @30-10-2021 19:10:30.0391 PM
[ReportManager] API Action [GetResponseJSONValue] successfully performed. With the following test data [title]. @30-10-2021 19:10:30.0406 PM
[ReportManager] API Action [GetResponseJSONValue] successfully performed. With the following test data [title]. @30-10-2021 19:10:30.0422 PM
[ReportManager] API Action [GetResponseJSONValue] successfully performed. With the following test data [title]. @30-10-2021 19:10:30.0435 PM
[ReportManager] API Action [GetResponseJSONValue] successfully performed. With the following test data [title]. @30-10-2021 19:10:30.0454 PM
[ReportManager] API Action [GetResponseJSONValue] successfully performed. With the following test data [title]. @30-10-2021 19:10:30.0485 PM
[ReportManager] API Action [GetResponseJSONValue] successfully performed. With the following test data [title]. @30-10-2021 19:10:30.0499 PM
[ReportManager] API Action [GetResponseJSONValue] successfully performed. With the following test data [title]. @30-10-2021 19:10:30.0513 PM
[ReportManager] API Action [GetResponseJSONValue] successfully performed. With the following test data [title]. @30-10-2021 19:10:30.0538 PM
[ReportManager] API Action [GetResponseJSONValue] successfully performed. With the following test data [title]. @30-10-2021 19:10:30.0562 PM
[ReportManager] API Action [GetResponseJSONValue] successfully performed. With the following test data [title]. @30-10-2021 19:10:30.0583 PM
[ReportManager] API Action [GetResponseJSONValue] successfully performed. With the following test data [title]. @30-10-2021 19:10:30.0596 PM
[ReportManager] API Action [GetResponseJSONValue] successfully performed. With the following test data [title]. @30-10-2021 19:10:30.0615 PM
[ReportManager] API Action [GetResponseJSONValue] successfully performed. With the following test data [title]. @30-10-2021 19:10:30.0630 PM
[ReportManager] API Action [GetResponseJSONValue] successfully performed. With the following test data [title]. @30-10-2021 19:10:30.0645 PM
[ReportManager] API Action [GetResponseJSONValue] successfully performed. With the following test data [title]. @30-10-2021 19:10:30.0658 PM
[ReportManager] API Action [GetResponseJSONValue] successfully performed. With the following test data [title]. @30-10-2021 19:10:30.0674 PM
[ReportManager] API Action [GetResponseJSONValue] successfully performed. With the following test data [title]. @30-10-2021 19:10:30.0689 PM
[ReportManager] API Action [GetResponseJSONValue] successfully performed. With the following test data [title]. @30-10-2021 19:10:30.0701 PM
[ReportManager] API Action [GetResponseJSONValue] successfully performed. With the following test data [title]. @30-10-2021 19:10:30.0713 PM
[ReportManager] API Action [GetResponseJSONValue] successfully performed. With the following test data [title]. @30-10-2021 19:10:30.0724 PM
[ReportManager] API Action [GetResponseJSONValue] successfully performed. With the following test data [title]. @30-10-2021 19:10:30.0738 PM
[ReportManager] API Action [GetResponseJSONValue] successfully performed. With the following test data [title]. @30-10-2021 19:10:30.0749 PM
[ReportManager] API Action [GetResponseJSONValue] successfully performed. With the following test data [title]. @30-10-2021 19:10:30.0763 PM
[ReportManager] API Action [GetResponseJSONValue] successfully performed. With the following test data [title]. @30-10-2021 19:10:30.0775 PM
[ReportManager] API Action [GetResponseJSONValue] successfully performed. With the following test data [title]. @30-10-2021 19:10:30.0790 PM
[ReportManager] API Action [GetResponseJSONValue] successfully performed. With the following test data [title]. @30-10-2021 19:10:30.0802 PM
[ReportManager] API Action [GetResponseJSONValue] successfully performed. With the following test data [title]. @30-10-2021 19:10:30.0820 PM
[ReportManager] API Action [GetResponseJSONValue] successfully performed. With the following test data [title]. @30-10-2021 19:10:30.0843 PM
[ReportManager] API Action [GetResponseJSONValue] successfully performed. With the following test data [title]. @30-10-2021 19:10:30.0859 PM
[ReportManager] API Action [GetResponseJSONValue] successfully performed. With the following test data [title]. @30-10-2021 19:10:30.0878 PM
[ReportManager] API Action [GetResponseJSONValue] successfully performed. With the following test data [title]. @30-10-2021 19:10:30.0889 PM
[ReportManager] API Action [GetResponseJSONValue] successfully performed. With the following test data [title]. @30-10-2021 19:10:30.0902 PM
[ReportManager] API Action [GetResponseJSONValue] successfully performed. With the following test data [title]. @30-10-2021 19:10:30.0914 PM
[ReportManager] API Action [GetResponseJSONValue] successfully performed. With the following test data [title]. @30-10-2021 19:10:30.0926 PM
[ReportManager] API Action [GetResponseJSONValue] successfully performed. With the following test data [title]. @30-10-2021 19:10:30.0939 PM
[ReportManager] API Action [GetResponseJSONValue] successfully performed. With the following test data [title]. @30-10-2021 19:10:30.0961 PM
[ReportManager] API Action [GetResponseJSONValue] successfully performed. With the following test data [title]. @30-10-2021 19:10:30.0998 PM
[ReportManager] API Action [GetResponseJSONValue] successfully performed. With the following test data [title]. @30-10-2021 19:10:31.0011 PM
[ReportManager] API Action [GetResponseJSONValue] successfully performed. With the following test data [title]. @30-10-2021 19:10:31.0024 PM
[ReportManager] API Action [GetResponseJSONValue] successfully performed. With the following test data [title]. @30-10-2021 19:10:31.0036 PM
[ReportManager] API Action [GetResponseJSONValue] successfully performed. With the following test data [title]. @30-10-2021 19:10:31.0048 PM
[ReportManager] API Action [GetResponseJSONValue] successfully performed. With the following test data [title]. @30-10-2021 19:10:31.0060 PM
[ReportManager] API Action [GetResponseJSONValue] successfully performed. With the following test data [title]. @30-10-2021 19:10:31.0072 PM
[ReportManager] API Action [GetResponseJSONValue] successfully performed. With the following test data [title]. @30-10-2021 19:10:31.0084 PM
[ReportManager] API Action [GetResponseJSONValue] successfully performed. With the following test data [title]. @30-10-2021 19:10:31.0096 PM
[ReportManager] API Action [GetResponseJSONValue] successfully performed. With the following test data [title]. @30-10-2021 19:10:31.0109 PM
[ReportManager] API Action [GetResponseJSONValue] successfully performed. With the following test data [title]. @30-10-2021 19:10:31.0121 PM
[ReportManager] API Action [GetResponseJSONValue] successfully performed. With the following test data [title]. @30-10-2021 19:10:31.0133 PM
[ReportManager] API Action [GetResponseJSONValue] successfully performed. With the following test data [title]. @30-10-2021 19:10:31.0147 PM
[ReportManager] API Action [GetResponseJSONValue] successfully performed. With the following test data [title]. @30-10-2021 19:10:31.0160 PM
[ReportManager] API Action [GetResponseJSONValue] successfully performed. With the following test data [title]. @30-10-2021 19:10:31.0171 PM
[ReportManager] API Action [GetResponseJSONValue] successfully performed. With the following test data [title]. @30-10-2021 19:10:31.0183 PM
[ReportManager] API Action [GetResponseJSONValue] successfully performed. With the following test data [title]. @30-10-2021 19:10:31.0199 PM
[ReportManager] API Action [GetResponseJSONValue] successfully performed. With the following test data [title]. @30-10-2021 19:10:31.0211 PM
[ReportManager] API Action [GetResponseJSONValue] successfully performed. With the following test data [title]. @30-10-2021 19:10:31.0223 PM
[ReportManager] API Action [GetResponseJSONValue] successfully performed. With the following test data [title]. @30-10-2021 19:10:31.0236 PM
[ReportManager] API Action [GetResponseJSONValue] successfully performed. With the following test data [title]. @30-10-2021 19:10:31.0248 PM
[ReportManager] API Action [GetResponseJSONValue] successfully performed. With the following test data [title]. @30-10-2021 19:10:31.0259 PM
[ReportManager] API Action [GetResponseJSONValue] successfully performed. With the following test data [title]. @30-10-2021 19:10:31.0273 PM
[ReportManager] API Action [GetResponseJSONValue] successfully performed. With the following test data [title]. @30-10-2021 19:10:31.0285 PM
[ReportManager] API Action [GetResponseJSONValue] successfully performed. With the following test data [title]. @30-10-2021 19:10:31.0296 PM
[ReportManager] API Action [GetResponseJSONValue] successfully performed. With the following test data [title]. @30-10-2021 19:10:31.0309 PM
[ReportManager] API Action [GetResponseJSONValue] successfully performed. With the following test data [title]. @30-10-2021 19:10:31.0320 PM
[ReportManager] API Action [GetResponseJSONValue] successfully performed. With the following test data [title]. @30-10-2021 19:10:31.0331 PM
[ReportManager] API Action [GetResponseJSONValue] successfully performed. With the following test data [title]. @30-10-2021 19:10:31.0342 PM
[ReportManager] API Action [GetResponseJSONValue] successfully performed. With the following test data [title]. @30-10-2021 19:10:31.0354 PM
[ReportManager] API Action [GetResponseJSONValue] successfully performed. With the following test data [title]. @30-10-2021 19:10:31.0365 PM
[ReportManager] API Action [GetResponseJSONValue] successfully performed. With the following test data [title]. @30-10-2021 19:10:31.0380 PM
[ReportManager] API Action [GetResponseJSONValue] successfully performed. With the following test data [title]. @30-10-2021 19:10:31.0391 PM
[ReportManager] API Action [GetResponseJSONValue] successfully performed. With the following test data [title]. @30-10-2021 19:10:31.0404 PM
[ReportManager] API Action [GetResponseJSONValue] successfully performed. With the following test data [title]. @30-10-2021 19:10:31.0417 PM
[ReportManager] API Action [GetResponseJSONValue] successfully performed. With the following test data [title]. @30-10-2021 19:10:31.0429 PM
[ReportManager] API Action [GetResponseJSONValue] successfully performed. With the following test data [title]. @30-10-2021 19:10:31.0441 PM
[ReportManager] API Action [GetResponseJSONValue] successfully performed. With the following test data [title]. @30-10-2021 19:10:31.0453 PM
[ReportManager] API Action [GetResponseJSONValue] successfully performed. With the following test data [title]. @30-10-2021 19:10:31.0466 P

################################################################################################################################################
Starting Execution:	[68 out of 143] test cases in the current suite
Test Method:		[unitTests.tests_restActions.validateUserEmail]
################################################################################################################################################
[ReportManager] Response status code: [200], status line: [HTTP/1.1 200 OK] @30-10-2021 19:10:31.0611 PM
[ReportManager] Assertion Passed: Evaluating the actual response status code against the expected one... @30-10-2021 19:10:31.0611 PM
[ReportManager] Assertion [ValidateEquals] PASSED. Expected [200] and Actual [200]. Comparison Type [EQUALS]. Validation Type [POSITIVE]. @30-10-2021 19:10:31.0611 PM
[ReportManager] API Action [PerformRequest] successfully performed. With the following test data [Request Type: "GET" | Target Status Code: "200" | Service URL: "https://jsonplaceholder.typicode.com/users" | Content Type: "*/*" | Response Time: "55ms"]. @30-10-2021 19:10:31.0633 PM
[ReportManager] Successfully created attachment [API Request - Specifications] @30-10-2021 19:10:31.0674 PM
[ReportManager] Successfully created attachment [API Response - JSON Body] @30-10-2021 19:10:31.0716 PM
[ReportManager] Assertion [ValidateEquals] PASSED. Expected and Actual values are attached. Comparison Type [CONTAINS]. Validation Type [POSITIVE]. @30-10-2021 19:10:31.0716 PM
[ReportManager] Successfully created attachment [Validation Test Data - Expected Value] @30-10-2021 19:10:31.0797 PM
[ReportManager] Successfully created attachment [Validation Test Data - Actual Value] @30-10-2021 19:10:31.0798 PM
[ReportManager] API Action [GetResponseJSONValueAsList] successfully performed. With the following test data [$]. @30-10-2021 19:10:31.0804 PM
[ReportManager] API Action [GetResponseJSONValue] successfully performed. With the following test data [name]. @30-10-2021 19:10:31.0817 PM
[ReportManager] API Action [GetResponseJSONValue] successfully performed. With the following test data [email]. @30-10-2021 19:10:31.0828 PM
[ReportManager] Assertion [ValidateEquals] PASSED. Expected [Sincere@april.biz] and Actual [Sincere@april.biz]. Comparison Type [EQUALS]. Validation Type [POSITIVE]. @30-10-2021 19:10:31.0828 PM
[ReportManager] API Action [GetResponseJSONValue] successfully performed. With the following test data [name]. @30-10-2021 19:10:31.0839 PM
[ReportManager] API Action [GetResponseJSONValue] successfully performed. With the following test data [name]. @30-10-2021 19:10:31.0849 PM
[ReportManager] API Action [GetResponseJSONValue] successfully performed. With the following test data [name]. @30-10-2021 19:10:31.0861 PM
[ReportManager] API Action [GetResponseJSONValue] successfully performed. With the following test data [name]. @30-10-2021 19:10:31.0872 PM
[ReportManager] API Action [GetResponseJSONValue] successfully performed. With the following test data [name]. @30-10-2021 19:10:31.0883 PM
[ReportManager] API Action [GetResponseJSONValue] successfully performed. With the following test data [name]. @30-10-2021 19:10:31.0894 PM
[ReportManager] API Action [GetResponseJSONValue] successfully performed. With the following test data [name]. @30-10-2021 19:10:31.0904 PM
[ReportManager] API Action [GetResponseJSONValue] successfully performed. With the following test data [name]. @30-10-2021 19:10:31.0915 PM
[ReportManager] API Action [GetResponseJSONValue] successfully performed. With the following test data [name]. @30-10-2021 19:10:31.0926 P
[ReportManager] File Action [GetAbsolutePath] successfully performed. With the following test data [Relative Folder Path: "target/downloadedFiles/"]. @30-10-2021 19:10:32.0053 PM
[ReportManager] Attempting to run locally on: [Mac-64], [Safari], Headless Execution. @30-10-2021 19:10:32.0053 PM
[ReportManager] Successfully Opened Safari. @30-10-2021 19:10:33.0057 PM
[ReportManager] Initial window size: (800, 600) @30-10-2021 19:10:33.0110 PM
[ReportManager] Window size after SWD Maximize: (1176, 811) @30-10-2021 19:10:33.0140 PM
[ReportManager] Browser Action [MaximizeWindow] successfully performed. With the following test data [New screen size is now: (1176, 811)]. @30-10-2021 19:10:33.0140 P

################################################################################################################################################
Starting Execution:	[69 out of 143] test cases in the current suite
Test Method:		[testPackage01.Test_uploadFile.uploadFile_invisibleUploadInput]
################################################################################################################################################
[ReportManager] Target URL: [https://fineuploader.com/demos.html#gallery-view] @30-10-2021 19:10:33.0266 PM
[ReportManager] Initial URL: [] @30-10-2021 19:10:33.0294 PM
[ReportManager] Browser Action [NavigateToURL] successfully performed. With the following test data [https://fineuploader.com/demos.html#gallery-view]. @30-10-2021 19:10:34.0820 PM
[ReportManager] File Action [GetAbsolutePath] successfully performed. With the following test data [Relative File Path: "src/main/resources/images/shaft.png"]. @30-10-2021 19:10:34.0823 PM
[ReportManager] Successfully created attachment [File Action Actual Result - Command Log] @30-10-2021 19:10:34.0864 P
[ReportManager] Browser Action [CloseCurrentWindow] successfully performed. @30-10-2021 19:10:35.0324 PM
[ReportManager] Successfully created attachment [Browser Action Test Data - CloseCurrentWindow - Actual Value] @30-10-2021 19:10:35.0369 P
[ReportManager] File Action [GetAbsolutePath] successfully performed. With the following test data [Relative Folder Path: "target/downloadedFiles/"]. @30-10-2021 19:10:35.0539 PM
[ReportManager] Attempting to run locally on: [Mac-64], [Safari], Headless Execution. @30-10-2021 19:10:35.0540 PM
[ReportManager] Successfully Opened Safari. @30-10-2021 19:10:36.0396 PM
[ReportManager] Initial window size: (800, 600) @30-10-2021 19:10:36.0410 PM
[ReportManager] Window size after SWD Maximize: (1176, 811) @30-10-2021 19:10:36.0423 PM
[ReportManager] Browser Action [MaximizeWindow] successfully performed. With the following test data [New screen size is now: (1176, 811)]. @30-10-2021 19:10:36.0423 P

################################################################################################################################################
Starting Execution:	[70 out of 143] test cases in the current suite
Test Method:		[testPackage01.Test_uploadFile.uploadFile_visibleUploadInput]
################################################################################################################################################
[ReportManager] Target URL: [http://demo.guru99.com/test/upload/] @30-10-2021 19:10:36.0591 PM
[ReportManager] Initial URL: [] @30-10-2021 19:10:36.0621 PM
[ReportManager] Browser Action [NavigateToURL] successfully performed. With the following test data [http://demo.guru99.com/test/upload/]. @30-10-2021 19:10:38.0471 PM
[ReportManager] File Action [GetAbsolutePath] successfully performed. With the following test data [Relative File Path: "src/main/resources/images/shaft.png"]. @30-10-2021 19:10:38.0471 PM
[ReportManager] Successfully created attachment [File Action Actual Result - Command Log] @30-10-2021 19:10:38.0513 PM
[ReportManager] Element Action [TypeFileLocationForUpload] successfully performed. With the following test data [/Users/runner/work/SHAFT_ENGINE/SHAFT_ENGINE/src/main/resources/images/shaft.png]. @30-10-2021 19:10:38.0565 PM
[ReportManager] Element Action [Click] successfully performed. With the following test data [on]. @30-10-2021 19:10:38.0829 PM
[ReportManager] Element Action [Click] successfully performed. With the following test data [ Submit File]. @30-10-2021 19:10:39.0126 PM
[ReportManager] Element Action [GetText] successfully performed. With the following test data [1 file has been successfully uploaded.]. @30-10-2021 19:10:39.0847 PM
[ReportManager] Loaded Shared OpenCV @30-10-2021 19:10:39.0898 PM
[ReportManager] Assertion [ValidateElementAttribute] PASSED. Expected [Value Should be '1 file' for the 'Text' attribute, element locator 'By.id: res'] and Actual [1 file has been successfully uploaded.]. Comparison Type [CONTAINS]. Validation Type [POSITIVE]. @30-10-2021 19:10:40.0184 PM
[ReportManager] Successfully created attachment [Screenshot - 1635621039897_uploadFile_visibleUploadInput_ValidateElementAttribute_passed] @30-10-2021 19:10:40.0268 P
[ReportManager] Browser Action [CloseCurrentWindow] successfully performed. @30-10-2021 19:10:40.0616 PM
[ReportManager] Successfully created attachment [Browser Action Test Data - CloseCurrentWindow - Actual Value] @30-10-2021 19:10:40.0657 P

################################################################################################################################################
Starting Execution:	[71 out of 143] test cases in the current suite
Test Method:		[testPackage01.Test_AssertApiResponseEquals.assertApiResponseEquals_expectedToPass]
################################################################################################################################################
[ReportManager] Response status code: [200], status line: [HTTP/1.1 200 OK] @30-10-2021 19:10:40.0891 PM
[ReportManager] Assertion Passed: Evaluating the actual response status code against the expected one... @30-10-2021 19:10:40.0892 PM
[ReportManager] Assertion [ValidateEquals] PASSED. Expected [200] and Actual [200]. Comparison Type [EQUALS]. Validation Type [POSITIVE]. @30-10-2021 19:10:40.0892 PM
[ReportManager] API Action [PerformRequest] successfully performed. With the following test data [Request Type: "GET" | Target Status Code: "200" | Service URL: "https://jsonplaceholder.typicode.com/users" | Content Type: "*/*" | Response Time: "59ms"]. @30-10-2021 19:10:40.0927 PM
[ReportManager] Successfully created attachment [API Request - Specifications] @30-10-2021 19:10:40.0969 PM
[ReportManager] Successfully created attachment [API Response - JSON Body] @30-10-2021 19:10:41.0051 PM
[ReportManager] API Action [GetResponseJSONValueAsList] successfully performed. With the following test data [$]. @30-10-2021 19:10:41.0062 PM
[ReportManager] API Action [GetResponseJSONValue] successfully performed. With the following test data [name]. @30-10-2021 19:10:41.0080 PM
[ReportManager] API Action [GetResponseJSONValue] successfully performed. With the following test data [email]. @30-10-2021 19:10:41.0096 PM
[ReportManager] Verification [ValidateEquals] PASSED. Expected [Sincere@april.biz] and Actual [Sincere@april.biz]. Comparison Type [EQUALS]. Validation Type [POSITIVE]. @30-10-2021 19:10:41.0096 PM
[ReportManager] API Action [GetResponseJSONValue] successfully performed. With the following test data [username]. @30-10-2021 19:10:41.0112 PM
[ReportManager] Assertion [ValidateEquals] PASSED. Expected [Bret] and Actual [Bret]. Comparison Type [EQUALS]. Validation Type [POSITIVE]. @30-10-2021 19:10:41.0113 PM
[ReportManager] API Action [GetResponseJSONValue] successfully performed. With the following test data [name]. @30-10-2021 19:10:41.0131 PM
[ReportManager] API Action [GetResponseJSONValue] successfully performed. With the following test data [name]. @30-10-2021 19:10:41.0149 PM
[ReportManager] API Action [GetResponseJSONValue] successfully performed. With the following test data [name]. @30-10-2021 19:10:41.0164 PM
[ReportManager] API Action [GetResponseJSONValue] successfully performed. With the following test data [name]. @30-10-2021 19:10:41.0181 PM
[ReportManager] API Action [GetResponseJSONValue] successfully performed. With the following test data [name]. @30-10-2021 19:10:41.0194 PM
[ReportManager] API Action [GetResponseJSONValue] successfully performed. With the following test data [name]. @30-10-2021 19:10:41.0209 PM
[ReportManager] API Action [GetResponseJSONValue] successfully performed. With the following test data [name]. @30-10-2021 19:10:41.0224 PM
[ReportManager] API Action [GetResponseJSONValue] successfully performed. With the following test data [name]. @30-10-2021 19:10:41.0238 PM
[ReportManager] API Action [GetResponseJSONValue] successfully performed. With the following test data [name]. @30-10-2021 19:10:41.0251 P

################################################################################################################################################
Starting Execution:	[72 out of 143] test cases in the current suite
Test Method:		[testPackage01.Test_testData.f]
################################################################################################################################################
[ReportManager] Successfully loaded the following test data file [src/test/resources/TestDataFiles/testSuite01/TestData.xlsx]. @30-10-2021 19:10:41.0422 PM
[ReportManager] Successfully created attachment [Test Data - Excel] @30-10-2021 19:10:41.0463 PM
[ReportManager] Last Column Number is: [3]. Zero-based. @30-10-2021 19:10:41.0464 P

################################################################################################################################################
Starting Execution:	[73 out of 143] test cases in the current suite
Test Method:		[testPackage01.Test_PDF.testPDF_Downloaded]
################################################################################################################################################
[ReportManager] File Action [DoesFileExist] successfully performed. With the following test data [File Path: "src/test/resources/TestDataFiles/sample.pdf"]. @30-10-2021 19:10:41.0596 PM
[ReportManager] File Action [GetAbsolutePath] successfully performed. With the following test data [Relative File Path: "src/test/resources/TestDataFiles/sample.pdf"]. @30-10-2021 19:10:41.0596 PM
[ReportManager] Assertion [ValidateTrue] PASSED. Expected [TRUE] and Actual [TRUE]. Validation Type [POSITIVE]. @30-10-2021 19:12:11.0008 P
[ReportManager] File Action [GetAbsolutePath] successfully performed. With the following test data [Relative Folder Path: "target/downloadedFiles/"]. @30-10-2021 19:12:11.0092 PM
[ReportManager] Attempting to run locally on: [Mac-64], [Safari], Headless Execution. @30-10-2021 19:12:11.0092 PM
[ReportManager] Successfully Opened Safari. @30-10-2021 19:12:11.0895 PM
[ReportManager] Initial window size: (800, 600) @30-10-2021 19:12:11.0907 PM
[ReportManager] Window size after SWD Maximize: (1176, 811) @30-10-2021 19:12:11.0932 PM
[ReportManager] Browser Action [MaximizeWindow] successfully performed. With the following test data [New screen size is now: (1176, 811)]. @30-10-2021 19:12:11.0933 P

################################################################################################################################################
Starting Execution:	[74 out of 143] test cases in the current suite
Test Method:		[testPackage01.Test_ShadowDOM.shadowdom]
################################################################################################################################################
[ReportManager] Target URL: [https://mdn.github.io/web-components-examples/popup-info-box-web-component/] @30-10-2021 19:12:12.0201 PM
[ReportManager] Initial URL: [] @30-10-2021 19:12:12.0231 PM
[ReportManager] Browser Action [NavigateToURL] successfully performed. With the following test data [https://mdn.github.io/web-components-examples/popup-info-box-web-component/]. @30-10-2021 19:12:12.0567 PM
[ReportManager] Element Action [Type] successfully performed. With the following test data [Typing into SHADOW DOM...]. @30-10-2021 19:12:13.0450 PM
[ReportManager] Element Action [GetText] successfully performed. With the following test data [Typing into SHADOW DOM...]. @30-10-2021 19:12:13.0513 PM
[ReportManager] Loaded Shared OpenCV @30-10-2021 19:12:13.0567 PM
[ReportManager] Assertion [ValidateElementAttribute] PASSED. Expected [Value Should be 'Typing into SHADOW DOM...' for the 'Text' attribute, element locator 'By.id: cvc'] and Actual [Typing into SHADOW DOM...]. Comparison Type [EQUALS]. Validation Type [POSITIVE]. @30-10-2021 19:12:13.0789 PM
[ReportManager] Successfully created attachment [Screenshot - 1635621133567_shadowdom_ValidateElementAttribute_passed] @30-10-2021 19:12:13.0871 P
[ReportManager] Browser Action [CloseCurrentWindow] successfully performed. @30-10-2021 19:12:14.0173 PM
[ReportManager] Successfully created attachment [Browser Action Test Data - CloseCurrentWindow - Actual Value] @30-10-2021 19:12:14.0215 P
[ReportManager] File Action [GetAbsolutePath] successfully performed. With the following test data [Relative Folder Path: "target/downloadedFiles/"]. @30-10-2021 19:12:14.0340 PM
[ReportManager] Attempting to run locally on: [Mac-64], [Safari], Headless Execution. @30-10-2021 19:12:14.0340 PM
[ReportManager] Successfully Opened Safari. @30-10-2021 19:12:15.0112 PM
[ReportManager] Initial window size: (800, 600) @30-10-2021 19:12:15.0117 PM
[ReportManager] Window size after SWD Maximize: (1176, 811) @30-10-2021 19:12:15.0132 PM
[ReportManager] Browser Action [MaximizeWindow] successfully performed. With the following test data [New screen size is now: (1176, 811)]. @30-10-2021 19:12:15.0133 P

################################################################################################################################################
Starting Execution:	[75 out of 143] test cases in the current suite
Test Method:		[testPackage01.Test_clipboardActions.typeTextAndCopyPaste]
################################################################################################################################################
[ReportManager] Target URL: [https://www.google.com/ncr], and after redirection: [https://www.google.com] @30-10-2021 19:12:15.0188 PM
[ReportManager] Initial URL: [] @30-10-2021 19:12:15.0220 PM
[ReportManager] Browser Action [NavigateToURL] successfully performed. With the following test data [https://www.google.com/ncr]. @30-10-2021 19:12:16.0634 PM
[ReportManager] Element Action [Type] successfully performed. With the following test data [FIRST]. @30-10-2021 19:12:16.0971 P
[ReportManager] Browser Action [CloseCurrentWindow] successfully performed. @30-10-2021 19:12:17.0224 PM
[ReportManager] Successfully created attachment [Browser Action Test Data - CloseCurrentWindow - Actual Value] @30-10-2021 19:12:17.0266 P

################################################################################################################################################
Starting Execution:	[76 out of 143] test cases in the current suite
Test Method:		[testPackage01.Test_NewValidationHelper.f1]
################################################################################################################################################
[ReportManager] Assertion Passed: Checking valid user data @30-10-2021 19:12:17.0352 PM
[ReportManager] Successfully created attachment [Validation Test Data - Expected Value] @30-10-2021 19:12:17.0435 PM
[ReportManager] Successfully created attachment [Validation Test Data - Actual Value] @30-10-2021 19:12:17.0477 PM
[ReportManager] Assertion [ValidateEquals] PASSED. Expected and Actual values are attached. Comparison Type [EQUALS]. Validation Type [POSITIVE]. @30-10-2021 19:12:17.0477 P
[ReportManager] File Action [GetAbsolutePath] successfully performed. With the following test data [Relative Folder Path: "target/downloadedFiles/"]. @30-10-2021 19:12:17.0605 PM
[ReportManager] Attempting to run locally on: [Mac-64], [Safari], Headless Execution. @30-10-2021 19:12:17.0605 PM
[ReportManager] Successfully Opened Safari. @30-10-2021 19:12:18.0397 PM
[ReportManager] Initial window size: (800, 600) @30-10-2021 19:12:18.0412 PM
[ReportManager] Window size after SWD Maximize: (1176, 811) @30-10-2021 19:12:18.0429 PM
[ReportManager] Browser Action [MaximizeWindow] successfully performed. With the following test data [New screen size is now: (1176, 811)]. @30-10-2021 19:12:18.0429 PM
[ReportManager] Target URL: [https://the-internet.herokuapp.com/] @30-10-2021 19:12:18.0429 PM
[ReportManager] Initial URL: [] @30-10-2021 19:12:18.0471 PM
[ReportManager] Browser Action [NavigateToURL] successfully performed. With the following test data [https://the-internet.herokuapp.com/]. @30-10-2021 19:12:19.0656 P

################################################################################################################################################
Starting Execution:	[77 out of 143] test cases in the current suite
Test Method:		[testPackage01.Test_NewValidationHelper.f10]
################################################################################################################################################
[ReportManager] Assertion [ValidateElementExists] FAILED. Expected [Element Should Exist, locator 'By.tagName: div'] and Actual [Element Exists but is not unique]. Comparison Type [EQUALS]. Validation Type [POSITIVE]. @30-10-2021 19:12:20.0029 PM
[ReportManager] Successfully created attachment [Screenshot - 1635621139852_f10_ValidateElementExists_failed] @30-10-2021 19:12:20.0113 P



################################################################################################################################################
Starting Execution:	[78 out of 143] test cases in the current suite
Test Method:		[testPackage01.Test_NewValidationHelper.f11]
###############################################################################################################################################



################################################################################################################################################
Starting Execution:	[79 out of 143] test cases in the current suite
Test Method:		[testPackage01.Test_NewValidationHelper.f12]
###############################################################################################################################################



################################################################################################################################################
Starting Execution:	[80 out of 143] test cases in the current suite
Test Method:		[testPackage01.Test_NewValidationHelper.f13]
###############################################################################################################################################



################################################################################################################################################
Starting Execution:	[81 out of 143] test cases in the current suite
Test Method:		[testPackage01.Test_NewValidationHelper.f14]
###############################################################################################################################################



################################################################################################################################################
Starting Execution:	[82 out of 143] test cases in the current suite
Test Method:		[testPackage01.Test_NewValidationHelper.f15]
###############################################################################################################################################



################################################################################################################################################
Starting Execution:	[83 out of 143] test cases in the current suite
Test Method:		[testPackage01.Test_NewValidationHelper.f16]
###############################################################################################################################################



################################################################################################################################################
Starting Execution:	[84 out of 143] test cases in the current suite
Test Method:		[testPackage01.Test_NewValidationHelper.f17]
###############################################################################################################################################



################################################################################################################################################
Starting Execution:	[85 out of 143] test cases in the current suite
Test Method:		[testPackage01.Test_NewValidationHelper.f18]
###############################################################################################################################################


################################################################################################################################################
Starting Execution:	[86 out of 143] test cases in the current suite
Test Method:		[testPackage01.Test_NewValidationHelper.f2]
###############################################################################################################################################


################################################################################################################################################
Starting Execution:	[87 out of 143] test cases in the current suite
Test Method:		[testPackage01.Test_NewValidationHelper.f20]
###############################################################################################################################################



################################################################################################################################################
Starting Execution:	[88 out of 143] test cases in the current suite
Test Method:		[testPackage01.Test_NewValidationHelper.f21]
###############################################################################################################################################



################################################################################################################################################
Starting Execution:	[89 out of 143] test cases in the current suite
Test Method:		[testPackage01.Test_NewValidationHelper.f22]
###############################################################################################################################################


################################################################################################################################################
Starting Execution:	[90 out of 143] test cases in the current suite
Test Method:		[testPackage01.Test_NewValidationHelper.f23]
###############################################################################################################################################

################################################################################################################################################
Starting Execution:	[91 out of 143] test cases in the current suite
Test Method:		[testPackage01.Test_NewValidationHelper.f24]
###############################################################################################################################################

################################################################################################################################################
Starting Execution:	[92 out of 143] test cases in the current suite
Test Method:		[testPackage01.Test_NewValidationHelper.f25]
###############################################################################################################################################

################################################################################################################################################
Starting Execution:	[93 out of 143] test cases in the current suite
Test Method:		[testPackage01.Test_NewValidationHelper.f26]
###############################################################################################################################################

################################################################################################################################################
Starting Execution:	[94 out of 143] test cases in the current suite
Test Method:		[testPackage01.Test_NewValidationHelper.f27]
###############################################################################################################################################

################################################################################################################################################
Starting Execution:	[95 out of 143] test cases in the current suite
Test Method:		[testPackage01.Test_NewValidationHelper.f28]
###############################################################################################################################################

################################################################################################################################################
Starting Execution:	[96 out of 143] test cases in the current suite
Test Method:		[testPackage01.Test_NewValidationHelper.f29]
###############################################################################################################################################

################################################################################################################################################
Starting Execution:	[97 out of 143] test cases in the current suite
Test Method:		[testPackage01.Test_NewValidationHelper.f3]
###############################################################################################################################################

################################################################################################################################################
Starting Execution:	[98 out of 143] test cases in the current suite
Test Method:		[testPackage01.Test_NewValidationHelper.f30]
###############################################################################################################################################

################################################################################################################################################
Starting Execution:	[99 out of 143] test cases in the current suite
Test Method:		[testPackage01.Test_NewValidationHelper.f31]
###############################################################################################################################################

################################################################################################################################################
Starting Execution:	[100 out of 143] test cases in the current suite
Test Method:		[testPackage01.Test_NewValidationHelper.f32]
###############################################################################################################################################

################################################################################################################################################
Starting Execution:	[101 out of 143] test cases in the current suite
Test Method:		[testPackage01.Test_NewValidationHelper.f33]
###############################################################################################################################################

################################################################################################################################################
Starting Execution:	[102 out of 143] test cases in the current suite
Test Method:		[testPackage01.Test_NewValidationHelper.f34]
###############################################################################################################################################

################################################################################################################################################
Starting Execution:	[103 out of 143] test cases in the current suite
Test Method:		[testPackage01.Test_NewValidationHelper.f35]
###############################################################################################################################################

################################################################################################################################################
Starting Execution:	[104 out of 143] test cases in the current suite
Test Method:		[testPackage01.Test_NewValidationHelper.f36]
###############################################################################################################################################

################################################################################################################################################
Starting Execution:	[105 out of 143] test cases in the current suite
Test Method:		[testPackage01.Test_NewValidationHelper.f37]
###############################################################################################################################################

################################################################################################################################################
Starting Execution:	[106 out of 143] test cases in the current suite
Test Method:		[testPackage01.Test_NewValidationHelper.f3_1]
###############################################################################################################################################

################################################################################################################################################
Starting Execution:	[107 out of 143] test cases in the current suite
Test Method:		[testPackage01.Test_NewValidationHelper.f4]
###############################################################################################################################################

################################################################################################################################################
Starting Execution:	[108 out of 143] test cases in the current suite
Test Method:		[testPackage01.Test_NewValidationHelper.f5]
###############################################################################################################################################

################################################################################################################################################
Starting Execution:	[109 out of 143] test cases in the current suite
Test Method:		[testPackage01.Test_NewValidationHelper.f6]
###############################################################################################################################################

################################################################################################################################################
Starting Execution:	[110 out of 143] test cases in the current suite
Test Method:		[testPackage01.Test_NewValidationHelper.f6_1]
###############################################################################################################################################

################################################################################################################################################
Starting Execution:	[111 out of 143] test cases in the current suite
Test Method:		[testPackage01.Test_NewValidationHelper.f6_2]
###############################################################################################################################################

################################################################################################################################################
Starting Execution:	[112 out of 143] test cases in the current suite
Test Method:		[testPackage01.Test_NewValidationHelper.f7]
###############################################################################################################################################


################################################################################################################################################
Starting Execution:	[113 out of 143] test cases in the current suite
Test Method:		[testPackage01.Test_NewValidationHelper.f8]
###############################################################################################################################################



################################################################################################################################################
Starting Execution:	[114 out of 143] test cases in the current suite
Test Method:		[testPackage01.Test_NewValidationHelper.f9]
###############################################################################################################################################


################################################################################################################################################
Starting Execution:	[115 out of 143] test cases in the current suite
Test Method:		[testPackage01.Test_NewValidationHelper.forceFail]
###############################################################################################################################################

################################################################################################################################################
Starting Execution:	[116 out of 143] test cases in the current suite
Test Method:		[testPackage01.Test_NewValidationHelper.forceFail2]
###############################################################################################################################################

################################################################################################################################################
Starting Execution:	[117 out of 143] test cases in the current suite
Test Method:		[testPackage01.Test_JsonActions.f]
###############################################################################################################################################

################################################################################################################################################
Starting Execution:	[118 out of 143] test cases in the current suite
Test Method:		[testPackage01.Test_JsonActions.f2]
###############################################################################################################################################

################################################################################################################################################
Starting Execution:	[119 out of 143] test cases in the current suite
Test Method:		[testPackage01.Test_sendGraphqlRequest.sendGraphqlRequestUsingMutationAndVariables]
################################################################################################################################################
[ReportManager] GraphQl Request is being Performed with the Following Parameters [Service URL: https://api.spacex.land/graphql | Request Body: {"variables":"{\"name\": \"sherlock holmes\",\"rocket\": \"221B Baker Street\"}","query":"mutation ($name: String, $rocket: String) {\n  insert_users(objects: {name: $name, rocket: $rocket}) {\n    returning {\n      name\n      rocket\n    }\n  }\n}"}] @30-10-2021 19:12:27.0176 PM
[ReportManager] Response status code: [200], status line: [HTTP/1.1 200 OK] @30-10-2021 19:12:27.0721 PM
[ReportManager] Assertion Passed: Evaluating the actual response status code against the expected one... @30-10-2021 19:12:27.0722 PM
[ReportManager] Assertion [ValidateEquals] PASSED. Expected [200] and Actual [200]. Comparison Type [EQUALS]. Validation Type [POSITIVE]. @30-10-2021 19:12:27.0722 PM
[ReportManager] API Action [PerformRequest] successfully performed. With the following test data [Request Type: "POST" | Target Status Code: "200" | Service URL: "https://api.spacex.land/graphql" | Content Type: "application/json" | Response Time: "446ms"]. @30-10-2021 19:12:27.0767 PM
[ReportManager] Successfully created attachment [API Request - Specifications] @30-10-2021 19:12:27.0808 PM
[ReportManager] Successfully created attachment [API Request - JSON Body] @30-10-2021 19:12:27.0891 PM
[ReportManager] Successfully created attachment [API Response - JSON Body] @30-10-2021 19:12:27.0932 PM
[ReportManager] API Action [GetResponseJSONValue] successfully performed. With the following test data [data.insert_users.returning[0].name]. @30-10-2021 19:12:27.0983 PM
[ReportManager] Assertion [ValidateEquals] PASSED. Expected [sherlock holmes] and Actual [sherlock holmes]. Comparison Type [EQUALS]. Validation Type [POSITIVE]. @30-10-2021 19:12:27.0984 P

################################################################################################################################################
Starting Execution:	[120 out of 143] test cases in the current suite
Test Method:		[testPackage01.Test_sendGraphqlRequest.sendGraphqlRequestUsingQuery]
################################################################################################################################################
[ReportManager] GraphQl Request is being Performed with the Following Parameters [Service URL: https://api.spacex.land/graphql | Request Body: {"query":"{company {ceo}}"}] @30-10-2021 19:12:28.0112 PM
[ReportManager] Response status code: [200], status line: [HTTP/1.1 200 OK] @30-10-2021 19:12:28.0373 PM
[ReportManager] Assertion Passed: Evaluating the actual response status code against the expected one... @30-10-2021 19:12:28.0373 PM
[ReportManager] Assertion [ValidateEquals] PASSED. Expected [200] and Actual [200]. Comparison Type [EQUALS]. Validation Type [POSITIVE]. @30-10-2021 19:12:28.0373 PM
[ReportManager] API Action [PerformRequest] successfully performed. With the following test data [Request Type: "POST" | Target Status Code: "200" | Service URL: "https://api.spacex.land/graphql" | Content Type: "application/json" | Response Time: "256ms"]. @30-10-2021 19:12:28.0387 PM
[ReportManager] Successfully created attachment [API Request - Specifications] @30-10-2021 19:12:28.0428 PM
[ReportManager] Successfully created attachment [API Request - JSON Body] @30-10-2021 19:12:28.0509 PM
[ReportManager] Successfully created attachment [API Response - JSON Body] @30-10-2021 19:12:28.0551 PM
[ReportManager] API Action [GetResponseJSONValue] successfully performed. With the following test data [data.company.ceo]. @30-10-2021 19:12:28.0564 PM
[ReportManager] Assertion [ValidateEquals] PASSED. Expected [Elon Musk] and Actual [Elon Musk]. Comparison Type [EQUALS]. Validation Type [POSITIVE]. @30-10-2021 19:12:28.0564 P
[ReportManager] File Action [GetAbsolutePath] successfully performed. With the following test data [Relative Folder Path: "target/downloadedFiles/"]. @30-10-2021 19:12:28.0689 PM
[ReportManager] Attempting to run locally on: [Mac-64], [Safari], Headless Execution. @30-10-2021 19:12:28.0689 PM
[ReportManager] Successfully Opened Safari. @30-10-2021 19:12:29.0458 PM
[ReportManager] Initial window size: (800, 600) @30-10-2021 19:12:29.0466 PM
[ReportManager] Window size after SWD Maximize: (1176, 811) @30-10-2021 19:12:29.0479 PM
[ReportManager] Browser Action [MaximizeWindow] successfully performed. With the following test data [New screen size is now: (1176, 811)]. @30-10-2021 19:12:29.0479 P

################################################################################################################################################
Starting Execution:	[121 out of 143] test cases in the current suite
Test Method:		[testPackage01.Test_dragAndDrop.dragAndDropJquery]
################################################################################################################################################
[ReportManager] Target URL: [https://jqueryui.com/resources/demos/droppable/default.html] @30-10-2021 19:12:29.0604 PM
[ReportManager] Initial URL: [] @30-10-2021 19:12:29.0631 PM
[ReportManager] Browser Action [NavigateToURL] successfully performed. With the following test data [https://jqueryui.com/resources/demos/droppable/default.html]. @30-10-2021 19:12:30.0185 PM
[ReportManager] Element Action [GetText] successfully performed. With the following test data [
	Drop here
]. @30-10-2021 19:12:30.0221 PM
[ReportManager] Element Action [DragAndDrop] successfully performed. With the following test data [Start point: (8, 18), End point: (8, 18)]. @30-10-2021 19:12:31.0252 PM
[ReportManager] Element Action [GetText] successfully performed. With the following test data [
	Dropped!
]. @30-10-2021 19:12:31.0277 PM
[ReportManager] Assertion Passed: Checking to see if the text has changed after performing drag and drop @30-10-2021 19:12:31.0277 PM
[ReportManager] Assertion [ValidateEquals] PASSED. Expected [
	Drop here
] and Actual [
	Dropped!
]. Comparison Type [EQUALS]. Validation Type [NEGATIVE]. @30-10-2021 19:12:31.0277 P
[ReportManager] Browser Action [CloseCurrentWindow] successfully performed. @30-10-2021 19:12:31.0621 PM
[ReportManager] Successfully created attachment [Browser Action Test Data - CloseCurrentWindow - Actual Value] @30-10-2021 19:12:31.0661 P
[ReportManager] File Action [GetAbsolutePath] successfully performed. With the following test data [Relative Folder Path: "target/downloadedFiles/"]. @30-10-2021 19:12:31.0664 PM
[ReportManager] Attempting to run locally on: [Mac-64], [Safari], Headless Execution. @30-10-2021 19:12:31.0664 PM
[ReportManager] Successfully Opened Safari. @30-10-2021 19:12:32.0504 PM
[ReportManager] Initial window size: (800, 600) @30-10-2021 19:12:32.0516 PM
[ReportManager] Window size after SWD Maximize: (1176, 811) @30-10-2021 19:12:32.0563 PM
[ReportManager] Browser Action [MaximizeWindow] successfully performed. With the following test data [New screen size is now: (1176, 811)]. @30-10-2021 19:12:32.0563 P

################################################################################################################################################
Starting Execution:	[122 out of 143] test cases in the current suite
Test Method:		[testPackage01.Test_dragAndDrop.dragAndDrop]
Test Description:	[TC001 - Test Drag and Drop function.]
################################################################################################################################################
[ReportManager] Target URL: [http://the-internet.herokuapp.com/drag_and_drop] @30-10-2021 19:12:32.0603 PM
[ReportManager] Initial URL: [] @30-10-2021 19:12:32.0639 PM
[ReportManager] Browser Action [NavigateToURL] successfully performed. With the following test data [http://the-internet.herokuapp.com/drag_and_drop]. @30-10-2021 19:12:33.0805 PM
[ReportManager] Attempting Drag and Drop @30-10-2021 19:12:33.0805 PM
[ReportManager] Element Action [DragAndDrop] successfully performed. With the following test data [Start point: (120, 89), End point: (335, 89)]. @30-10-2021 19:12:34.0434 P
[ReportManager] Browser Action [CloseCurrentWindow] successfully performed. @30-10-2021 19:12:34.0816 PM
[ReportManager] Successfully created attachment [Browser Action Test Data - CloseCurrentWindow - Actual Value] @30-10-2021 19:12:34.0858 P
[ReportManager] File Action [GetAbsolutePath] successfully performed. With the following test data [Relative Folder Path: "target/downloadedFiles/"]. @30-10-2021 19:12:34.0983 PM
[ReportManager] Attempting to run locally on: [Mac-64], [Safari], Headless Execution. @30-10-2021 19:12:34.0984 PM
[ReportManager] Successfully Opened Safari. @30-10-2021 19:12:35.0843 PM
[ReportManager] Initial window size: (800, 600) @30-10-2021 19:12:35.0848 PM
[ReportManager] Window size after SWD Maximize: (1176, 811) @30-10-2021 19:12:35.0864 PM
[ReportManager] Browser Action [MaximizeWindow] successfully performed. With the following test data [New screen size is now: (1176, 811)]. @30-10-2021 19:12:35.0865 P

################################################################################################################################################
Starting Execution:	[123 out of 143] test cases in the current suite
Test Method:		[testPackage01.Test_dragAndDrop.dragAndDropByOffset]
Test Description:	[TC002 - Test Drag and Drop by offset function.]
################################################################################################################################################
[ReportManager] Target URL: [https://jqueryui.com/resources/demos/draggable/default.html] @30-10-2021 19:12:35.0992 PM
[ReportManager] Initial URL: [] @30-10-2021 19:12:36.0022 PM
[ReportManager] Browser Action [NavigateToURL] successfully performed. With the following test data [https://jqueryui.com/resources/demos/draggable/default.html]. @30-10-2021 19:12:36.0540 PM
[ReportManager] Element Action [DragAndDropByOffset] successfully performed. With the following test data [Start point: (8, 8), End point: (108, 58)]. @30-10-2021 19:12:37.0305 P
[ReportManager] Browser Action [CloseCurrentWindow] successfully performed. @30-10-2021 19:12:37.0628 PM
[ReportManager] Successfully created attachment [Browser Action Test Data - CloseCurrentWindow - Actual Value] @30-10-2021 19:12:37.0670 P
[ReportManager] Successfully loaded the following test data file [src/test/resources/TestDataFiles/testSuite01/TestData.xlsx]. @30-10-2021 19:12:37.0835 PM
[ReportManager] Successfully created attachment [Test Data - Excel] @30-10-2021 19:12:37.0916 PM
[ReportManager] File Action [GetAbsolutePath] successfully performed. With the following test data [Relative Folder Path: "target/downloadedFiles/"]. @30-10-2021 19:12:37.0916 PM
[ReportManager] Attempting to run locally on: [Mac-64], [Safari], Headless Execution. @30-10-2021 19:12:37.0917 PM
[ReportManager] Successfully Opened Safari. @30-10-2021 19:12:38.0713 PM
[ReportManager] Initial window size: (800, 600) @30-10-2021 19:12:38.0718 PM
[ReportManager] Window size after SWD Maximize: (1176, 811) @30-10-2021 19:12:38.0761 PM
[ReportManager] Browser Action [MaximizeWindow] successfully performed. With the following test data [New screen size is now: (1176, 811)]. @30-10-2021 19:12:38.0761 P

################################################################################################################################################
Starting Execution:	[124 out of 143] test cases in the current suite
Test Method:		[testPackage01.Test_google.navigateToURLandVerifyGoogleLogoIsDisplayed]
Test Description:	[TC001 - Navigate to URL and Verify Google Logo is Displayed]
################################################################################################################################################
[ReportManager] Target URL: [https://www.google.com/ncr], and after redirection: [https://www.google.com] @30-10-2021 19:12:38.0805 PM
[ReportManager] Initial URL: [] @30-10-2021 19:12:38.0851 PM
[ReportManager] Browser Action [NavigateToURL] successfully performed. With the following test data [https://www.google.com/ncr]. @30-10-2021 19:12:39.0918 PM
[ReportManager] Loaded Shared OpenCV @30-10-2021 19:12:40.0021 PM
[ReportManager] Assertion [ValidateElementExists] PASSED. Expected [Element Should Exist, locator 'By.xpath: //*[@id='hplogo' or @alt='Google']'] and Actual [Element Exists]. Comparison Type [EQUALS]. Validation Type [POSITIVE]. @30-10-2021 19:12:40.0298 PM
[ReportManager] Successfully created attachment [Screenshot - 1635621160020_navigateToURLandVerifyGoogleLogoIsDisplayed_ValidateElementExists_passed] @30-10-2021 19:12:40.0383 P

################################################################################################################################################
Starting Execution:	[125 out of 143] test cases in the current suite
Test Method:		[testPackage01.Test_google.searchForQueryandAssertResultsNumDisplayed]
Test Description:	[TC002 - Search for Query and Assert that the number of results is displayed]
################################################################################################################################################
[ReportManager] Element Action [Type] successfully performed. With the following test data [SHAFT_Engine]. @30-10-2021 19:12:41.0171 PM
[ReportManager] Element Action [KeyPress] successfully performed. With the following test data [Enter]. @30-10-2021 19:12:41.0244 P

################################################################################################################################################
Starting Execution:	[126 out of 143] test cases in the current suite
Test Method:		[testPackage01.Test_google.clickNextThrice]
Test Description:	[TC003 - Clicks the next button to make sure that the framework can scroll element into view before clicking it]
###############################################################################################################################################
[ReportManager] Browser Action [CloseCurrentWindow] successfully performed. @30-10-2021 19:12:43.0047 PM
[ReportManager] Successfully created attachment [Browser Action Test Data - CloseCurrentWindow - Actual Value] @30-10-2021 19:12:43.0091 P

################################################################################################################################################
Starting Execution:	[127 out of 143] test cases in the current suite
Test Method:		[testPackage01.Test_chainableElementActions.chainElementActions]
################################################################################################################################################
[ReportManager] File Action [GetAbsolutePath] successfully performed. With the following test data [Relative Folder Path: "target/downloadedFiles/"]. @30-10-2021 19:12:43.0175 PM
[ReportManager] Attempting to run locally on: [Mac-64], [GoogleChrome], Headless Execution. @30-10-2021 19:12:43.0180 PM
[ReportManager] Identifying OS/Driver combination and selecting the correct driver version automatically. Please note that if a new driver executable will be downloaded it may take some time... @30-10-2021 19:12:43.0180 PM
[ReportManager] Successfully Opened Google Chrome. @30-10-2021 19:12:53.0325 PM
[ReportManager] Initial window size: (1920, 1080) @30-10-2021 19:12:53.0329 PM
[ReportManager] Window size after SWD Maximize: (1920, 1080) @30-10-2021 19:12:53.0456 PM
[ReportManager] Window size after Toolkit: (1920, 1080) @30-10-2021 19:12:54.0071 PM
[ReportManager] Browser Action [MaximizeWindow] successfully performed. With the following test data [New screen size is now: (1920, 1080)]. @30-10-2021 19:12:54.0073 PM
[ReportManager] Target URL: [https://www.google.com/ncr], and after redirection: [https://www.google.com] @30-10-2021 19:12:54.0073 PM
[ReportManager] Initial URL: [data:,] @30-10-2021 19:12:54.0101 PM
[ReportManager] Browser Action [NavigateToURL] successfully performed. With the following test data [https://www.google.com/ncr]. @30-10-2021 19:12:59.0995 PM
[ReportManager] Element Action [Type] successfully performed. With the following test data [chained type 1]. @30-10-2021 19:13:01.0200 PM
[ReportManager] Element Action [Type] successfully performed. With the following test data [chained type 2]. @30-10-2021 19:13:01.0554 PM
[ReportManager] Element Action [TypeAppend] successfully performed. With the following test data [345]. @30-10-2021 19:13:01.0613 PM
[ReportManager] Element Action [GetText] successfully performed. With the following test data [chained type 2345]. @30-10-2021 19:13:01.0676 PM
[ReportManager] Loaded Shared OpenCV @30-10-2021 19:13:01.0903 PM
[ReportManager] Assertion [ValidateElementAttribute] PASSED. Expected [Value Should be 'chained type 2345' for the 'text' attribute, element locator 'By.name: q'] and Actual [chained type 2345]. Comparison Type [EQUALS]. Validation Type [POSITIVE]. @30-10-2021 19:13:02.0918 PM
[ReportManager] Successfully created attachment [Screenshot - 1635621181903_chainElementActions_ValidateElementAttribute_passed] @30-10-2021 19:13:02.0919 PM
[ReportManager] Browser Action [CloseCurrentWindow] successfully performed. @30-10-2021 19:13:03.0218 PM
[ReportManager] Successfully created attachment [Browser Action Test Data - CloseCurrentWindow - Actual Value] @30-10-2021 19:13:03.0460 P

################################################################################################################################################
Starting Execution:	[128 out of 143] test cases in the current suite
Test Method:		[testPackage01.Test_JsonCompareWithSpecialCharacters.specialCharacters]
################################################################################################################################################
[ReportManager] File Action [GetAbsolutePath] successfully performed. With the following test data [Relative Folder Path: "src/test/resources/TestJsonFiles/specialCharacters.json"]. @30-10-2021 19:13:03.0828 PM
[ReportManager] File Action [ReadFromFile] successfully performed. With the following test data [File Path: "/Users/runner/work/SHAFT_ENGINE/SHAFT_ENGINE/src/test/resources/TestJsonFiles/specialCharacters.json"]. @30-10-2021 19:13:03.0834 PM
[ReportManager] Successfully created attachment [File Action Actual Result - Command Log] @30-10-2021 19:13:03.0987 PM
[ReportManager] Comparing the provided API response with the file at this path "src/test/resources/TestJsonFiles/specialCharacters.json", comparison type "EQUALS" @30-10-2021 19:13:03.0988 PM
[ReportManager] API Action [CompareJSON] successfully performed. With the following test data [src/test/resources/TestJsonFiles/specialCharacters.json]. @30-10-2021 19:13:03.0995 PM
[ReportManager] File Action [GetAbsolutePath] successfully performed. With the following test data [Relative Folder Path: "src/test/resources/TestJsonFiles/specialCharacters.json"]. @30-10-2021 19:13:03.0995 PM
[ReportManager] File Action [ReadFromFile] successfully performed. With the following test data [File Path: "/Users/runner/work/SHAFT_ENGINE/SHAFT_ENGINE/src/test/resources/TestJsonFiles/specialCharacters.json"]. @30-10-2021 19:13:03.0996 PM
[ReportManager] Verification [ValidateJSONFileContent] PASSED. Expected [Response data should match the JSON File in this path 'src/test/resources/TestJsonFiles/specialCharacters.json'] and Actual [TRUE]. Comparison Type [EQUALS]. Validation Type [POSITIVE]. @30-10-2021 19:13:04.0005 PM
[ReportManager] Successfully created attachment [Validation Test Data - Expected JSON Value] @30-10-2021 19:13:04.0189 PM
[ReportManager] Successfully created attachment [Validation Test Data - Actual JSON Value] @30-10-2021 19:13:04.0354 P

################################################################################################################################################
Starting Execution:	[129 out of 143] test cases in the current suite
Test Method:		[testPackage01.Test_JsonCompareWithSpecialCharacters.specialCharacters_assertion]
################################################################################################################################################
[ReportManager] File Action [GetAbsolutePath] successfully performed. With the following test data [Relative Folder Path: "src/test/resources/TestJsonFiles/specialCharacters.json"]. @30-10-2021 19:13:04.0720 PM
[ReportManager] File Action [ReadFromFile] successfully performed. With the following test data [File Path: "/Users/runner/work/SHAFT_ENGINE/SHAFT_ENGINE/src/test/resources/TestJsonFiles/specialCharacters.json"]. @30-10-2021 19:13:04.0721 PM
[ReportManager] Successfully created attachment [File Action Actual Result - Command Log] @30-10-2021 19:13:04.0919 PM
[ReportManager] Comparing the provided API response with the file at this path "src/test/resources/TestJsonFiles/specialCharacters.json", comparison type "CONTAINS" @30-10-2021 19:13:04.0920 PM
[ReportManager] API Action [CompareJSON] successfully performed. With the following test data [src/test/resources/TestJsonFiles/specialCharacters.json]. @30-10-2021 19:13:04.0929 PM
[ReportManager] File Action [GetAbsolutePath] successfully performed. With the following test data [Relative Folder Path: "src/test/resources/TestJsonFiles/specialCharacters.json"]. @30-10-2021 19:13:04.0929 PM
[ReportManager] File Action [ReadFromFile] successfully performed. With the following test data [File Path: "/Users/runner/work/SHAFT_ENGINE/SHAFT_ENGINE/src/test/resources/TestJsonFiles/specialCharacters.json"]. @30-10-2021 19:13:04.0930 PM
[ReportManager] Assertion Passed: trying out the log message @30-10-2021 19:13:04.0934 PM
[ReportManager] Successfully created attachment [Validation Test Data - Expected JSON Value] @30-10-2021 19:13:05.0082 PM
[ReportManager] Successfully created attachment [Validation Test Data - Actual JSON Value] @30-10-2021 19:13:05.0282 PM
[ReportManager] Assertion [ValidateJSONFileContent] PASSED. Expected [Response data should match the JSON File in this path 'src/test/resources/TestJsonFiles/specialCharacters.json'] and Actual [TRUE]. Comparison Type [CONTAINS]. Validation Type [POSITIVE]. @30-10-2021 19:13:05.0283 P

################################################################################################################################################
Starting Execution:	[130 out of 143] test cases in the current suite
Test Method:		[testPackage01.Test_SkipDueToIssue.doNotSkip]
################################################################################################################################################
[ReportManager] This should not be skipped. @30-10-2021 19:13:05.0660 P

################################################################################################################################################
Starting Execution:	[131 out of 143] test cases in the current suite
Test Method:		[testPackage01.Test_SkipDueToIssue.skip]
################################################################################################################################################
[ReportManager] This should be skipped. @30-10-2021 19:13:06.0028 P

################################################################################################################################################
Starting Execution:	[132 out of 143] test cases in the current suite
Test Method:		[testPackage01.Test_SkipDueToIssue.skip2]
################################################################################################################################################
[ReportManager] This should be skipped. @30-10-2021 19:13:06.0391 P

################################################################################################################################################
Starting Execution:	[133 out of 143] test cases in the current suite
Test Method:		[testPackage01.Test_JSONFileManager.readStringFromJson]
################################################################################################################################################
[ReportManager] Successfully loaded the following test data file [src/test/resources/TestDataFiles/simpleJSON.json]. @30-10-2021 19:13:06.0754 PM
[ReportManager] Successfully created attachment [Test Data - JSON] @30-10-2021 19:13:06.0914 PM
[ReportManager] Assertion [ValidateEquals] PASSED. Expected [Mohab Mohie] and Actual [Mohab Mohie]. Comparison Type [EQUALS]. Validation Type [POSITIVE]. @30-10-2021 19:13:06.0929 P
[ReportManager] File Action [GetAbsolutePath] successfully performed. With the following test data [Relative Folder Path: "target/downloadedFiles/"]. @30-10-2021 19:13:07.0282 PM
[ReportManager] Attempting to run locally on: [Mac-64], [Safari], Headless Execution. @30-10-2021 19:13:07.0282 PM
[ReportManager] Successfully Opened Safari. @30-10-2021 19:13:08.0059 PM
[ReportManager] Initial window size: (800, 600) @30-10-2021 19:13:08.0076 PM
[ReportManager] Window size after SWD Maximize: (1176, 811) @30-10-2021 19:13:08.0087 PM
[ReportManager] Browser Action [MaximizeWindow] successfully performed. With the following test data [New screen size is now: (1176, 811)]. @30-10-2021 19:13:08.0087 P

################################################################################################################################################
Starting Execution:	[134 out of 143] test cases in the current suite
Test Method:		[testPackage01.Test_assertEquals.test_assertElementAttribute]
################################################################################################################################################
[ReportManager] Target URL: [https://www.google.com/ncr], and after redirection: [https://www.google.com] @30-10-2021 19:13:08.0215 PM
[ReportManager] Initial URL: [] @30-10-2021 19:13:08.0241 PM
[ReportManager] Browser Action [NavigateToURL] successfully performed. With the following test data [https://www.google.com/ncr]. @30-10-2021 19:13:09.0693 PM
[ReportManager] Element Action [Type] successfully performed. With the following test data [INC_004010050:Another SCHEDULER with the same name [Duplicate Job Name] already exists.]. @30-10-2021 19:13:12.0105 PM
[ReportManager] Element Action [GetText] successfully performed. With the following test data [INC_004010050:Another SCHEDULER with the same name [Duplicate Job Name] already exists.]. @30-10-2021 19:13:12.0149 PM
[ReportManager] Loaded Shared OpenCV @30-10-2021 19:13:12.0193 PM
[ReportManager] Assertion [ValidateElementAttribute] PASSED. Expected [Value Should be 'INC_004010050:Another SCHEDULER with the same name \[Duplicate Job Name\] already exists.' for the 'text' attribute, element locator 'By.name: q'] and Actual [INC_004010050:Another SCHEDULER with the same name [Duplicate Job Name] already exists.]. Comparison Type [MATCHES]. Validation Type [POSITIVE]. @30-10-2021 19:13:12.0816 PM
[ReportManager] Successfully created attachment [Screenshot - 1635621192193_test_assertElementAttribute_ValidateElementAttribute_passed] @30-10-2021 19:13:12.0977 P
[ReportManager] Browser Action [CloseCurrentWindow] successfully performed. @30-10-2021 19:13:13.0432 PM
[ReportManager] Successfully created attachment [Browser Action Test Data - CloseCurrentWindow - Actual Value] @30-10-2021 19:13:13.0549 P
[ReportManager] File Action [GetAbsolutePath] successfully performed. With the following test data [Relative Folder Path: "target/downloadedFiles/"]. @30-10-2021 19:13:13.0551 PM
[ReportManager] Attempting to run locally on: [Mac-64], [Safari], Headless Execution. @30-10-2021 19:13:13.0551 PM
[ReportManager] Successfully Opened Safari. @30-10-2021 19:13:14.0346 PM
[ReportManager] Initial window size: (800, 600) @30-10-2021 19:13:14.0352 PM
[ReportManager] Window size after SWD Maximize: (1176, 811) @30-10-2021 19:13:14.0365 PM
[ReportManager] Browser Action [MaximizeWindow] successfully performed. With the following test data [New screen size is now: (1176, 811)]. @30-10-2021 19:13:14.0365 P

################################################################################################################################################
Starting Execution:	[135 out of 143] test cases in the current suite
Test Method:		[testPackage01.Test_IsElementClickable.testIsElementClickable]
################################################################################################################################################
[ReportManager] Target URL: [https://the-internet.herokuapp.com/] @30-10-2021 19:13:14.0822 PM
[ReportManager] Initial URL: [] @30-10-2021 19:13:14.0850 PM
[ReportManager] Browser Action [NavigateToURL] successfully performed. With the following test data [https://the-internet.herokuapp.com/]. @30-10-2021 19:13:16.0030 PM
[ReportManager] Element Action [IsElementClickable] successfully performed. @30-10-2021 19:13:16.0089 PM
[ReportManager] Assertion [ValidateTrue] PASSED. Expected [TRUE] and Actual [TRUE]. Validation Type [POSITIVE]. @30-10-2021 19:13:16.0089 P
[ReportManager] Browser Action [CloseCurrentWindow] successfully performed. @30-10-2021 19:13:16.0579 PM
[ReportManager] Successfully created attachment [Browser Action Test Data - CloseCurrentWindow - Actual Value] @30-10-2021 19:13:16.0734 P
[ReportManager] Successfully loaded the following test data file [src/test/resources/TestDataFiles/testSuite01/TestData.xlsx]. @30-10-2021 19:13:17.0148 PM
[ReportManager] Successfully created attachment [Test Data - Excel] @30-10-2021 19:13:17.0342 PM
[ReportManager] Attempting to run using Playwright locally on: [Mac-64], [Safari], Headless Execution. @30-10-2021 19:15:05.0844 PM
[ReportManager] File Action [GetAbsolutePath] successfully performed. With the following test data [Relative Folder Path: "target/downloadedFiles/"]. @30-10-2021 19:15:05.0845 PM
[ReportManager] Initial window size: (1280, 720) @30-10-2021 19:15:12.0583 PM
[ReportManager] Window size after Toolkit: com.microsoft.playwright.options.ViewportSize@28c7d8e2 @30-10-2021 19:15:12.0594 PM
[ReportManager] Browser Action [MaximizeWindow] successfully performed. With the following test data [New screen size is now: (1920, 1080)]. @30-10-2021 19:15:12.0595 P

################################################################################################################################################
Starting Execution:	[136 out of 143] test cases in the current suite
Test Method:		[testPackage01.Test_google_playwright.navigateToURLandVerifyGoogleLogoIsDisplayed]
Test Description:	[TC001 - Navigate to URL and Verify Google Logo is Displayed]
################################################################################################################################################
[ReportManager] Target URL: [https://www.google.com/ncr], and after redirection: [https://www.google.com] @30-10-2021 19:15:12.0769 PM
[ReportManager] Initial URL: [about:blank] @30-10-2021 19:15:13.0109 PM
[ReportManager] Browser Action [NavigateToURL] successfully performed. With the following test data [https://www.google.com/ncr]. @30-10-2021 19:15:15.0720 PM
[ReportManager] Loaded Shared OpenCV @30-10-2021 19:15:15.0823 PM
[ReportManager] Assertion [ValidateElementExists] PASSED. Expected [Element Should Exist, locator 'xpath=//*[@id='hplogo' or @alt='Google']'] and Actual [Element Exists]. Comparison Type [EQUALS]. Validation Type [POSITIVE]. @30-10-2021 19:15:16.0012 PM
[ReportManager] Successfully created attachment [Screenshot - 1635621315820_navigateToURLandVerifyGoogleLogoIsDisplayed_ValidateElementExists_passed] @30-10-2021 19:15:16.0013 P

################################################################################################################################################
Starting Execution:	[137 out of 143] test cases in the current suite
Test Method:		[testPackage01.Test_google_playwright.searchForQueryandAssertResultsNumDisplayed]
Test Description:	[TC002 - Search for Query and Assert that the number of results is displayed]
################################################################################################################################################
[ReportManager] Element Action [Type] successfully performed. With the following test data [SHAFT_Engine]. @30-10-2021 19:15:16.0316 PM
[ReportManager] Element Action [KeyPress] successfully performed. With the following test data [Enter]. @30-10-2021 19:15:16.0345 PM
[ReportManager] Element Action [GetText] successfully performed. With the following test data [About 956,000 results (0.59 seconds)Â 
]. @30-10-2021 19:15:18.0021 PM
[ReportManager] Loaded Shared OpenCV @30-10-2021 19:15:18.0732 PM
[ReportManager] Assertion [ValidateElementAttribute] PASSED. Expected [Value Should not be '' for the 'text' attribute, element locator 'xpath=//div[@id='appbar']'] and Actual [About 956,000 results (0.59 seconds)Â 
]. Comparison Type [EQUALS]. Validation Type [NEGATIVE]. @30-10-2021 19:15:18.0933 PM
[ReportManager] Successfully created attachment [Screenshot - 1635621318731_searchForQueryandAssertResultsNumDisplayed_ValidateElementAttribute_passed] @30-10-2021 19:15:18.0936 P

################################################################################################################################################
Starting Execution:	[138 out of 143] test cases in the current suite
Test Method:		[testPackage01.Test_google_playwright.clickNextThrice]
Test Description:	[TC003 - Clicks the next button to make sure that the framework can scroll element into view before clicking it]
################################################################################################################################################
[ReportManager] Element Action [Click] successfully performed. With the following test data [Next]. @30-10-2021 19:15:19.0248 P
[ReportManager] Failed to find video recording. @30-10-2021 19:15:19.0250 PM
[ReportManager] Successfully Closed PlayWright Driver. @30-10-2021 19:15:19.0296 P
[ReportManager] File Action [GetAbsolutePath] successfully performed. With the following test data [Relative Folder Path: "target/downloadedFiles/"]. @30-10-2021 19:15:19.0339 PM
[ReportManager] Attempting to run locally on: [Mac-64], [Safari], Headless Execution. @30-10-2021 19:15:19.0339 PM
[ReportManager] Successfully Opened Safari. @30-10-2021 19:15:20.0157 PM
[ReportManager] Initial window size: (800, 600) @30-10-2021 19:15:20.0225 PM
[ReportManager] Window size after SWD Maximize: (1176, 811) @30-10-2021 19:15:20.0262 PM
[ReportManager] Browser Action [MaximizeWindow] successfully performed. With the following test data [New screen size is now: (1176, 811)]. @30-10-2021 19:15:20.0262 P

################################################################################################################################################
Starting Execution:	[139 out of 143] test cases in the current suite
Test Method:		[testPackage01.Test_verifyEquals.test_assertElementAttribute]
################################################################################################################################################
[ReportManager] Target URL: [https://www.google.com/ncr], and after redirection: [https://www.google.com] @30-10-2021 19:15:20.0274 PM
[ReportManager] Initial URL: [] @30-10-2021 19:15:20.0305 PM
[ReportManager] Browser Action [NavigateToURL] successfully performed. With the following test data [https://www.google.com/ncr]. @30-10-2021 19:15:21.0888 PM
[ReportManager] Element Action [Type] successfully performed. With the following test data [INC_004010050:Another SCHEDULER with the same name [Duplicate Job Name] already exists.]. @30-10-2021 19:15:24.0529 PM
[ReportManager] Element Action [GetText] successfully performed. With the following test data [INC_004010050:Another SCHEDULER with the same name [Duplicate Job Name] already exists.]. @30-10-2021 19:15:24.0584 PM
[ReportManager] Loaded Shared OpenCV @30-10-2021 19:15:24.0660 PM
[ReportManager] Verification [ValidateElementAttribute] PASSED. Expected [Value Should be 'INC_004010050:Another SCHEDULER with the same name \[Duplicate Job Name\] already exists.' for the 'text' attribute, element locator 'By.name: q'] and Actual [INC_004010050:Another SCHEDULER with the same name [Duplicate Job Name] already exists.]. Comparison Type [MATCHES]. Validation Type [POSITIVE]. @30-10-2021 19:15:24.0750 PM
[ReportManager] Successfully created attachment [Screenshot - 1635621324660_test_assertElementAttribute_ValidateElementAttribute_passed] @30-10-2021 19:15:24.0751 P
[ReportManager] Browser Action [CloseCurrentWindow] successfully performed. @30-10-2021 19:15:24.0927 PM
[ReportManager] Successfully created attachment [Browser Action Test Data - CloseCurrentWindow - Actual Value] @30-10-2021 19:15:24.0928 P

################################################################################################################################################
Starting Execution:	[140 out of 143] test cases in the current suite
Test Method:		[testPackage01.Test_SelectedValue.multipleSelect]
################################################################################################################################################
[ReportManager] File Action [GetAbsolutePath] successfully performed. With the following test data [Relative Folder Path: "target/downloadedFiles/"]. @30-10-2021 19:15:24.0931 PM
[ReportManager] Attempting to run locally on: [Mac-64], [GoogleChrome], Headless Execution. @30-10-2021 19:15:24.0931 PM
[ReportManager] Identifying OS/Driver combination and selecting the correct driver version automatically. Please note that if a new driver executable will be downloaded it may take some time... @30-10-2021 19:15:24.0931 PM
[ReportManager] Successfully Opened Google Chrome. @30-10-2021 19:15:25.0505 PM
[ReportManager] Initial window size: (1920, 1080) @30-10-2021 19:15:25.0515 PM
[ReportManager] Window size after SWD Maximize: (1920, 1080) @30-10-2021 19:15:25.0670 PM
[ReportManager] Window size after Toolkit: (1920, 1080) @30-10-2021 19:15:26.0001 PM
[ReportManager] Browser Action [MaximizeWindow] successfully performed. With the following test data [New screen size is now: (1920, 1080)]. @30-10-2021 19:15:26.0003 PM
[ReportManager] Target URL: [https://yari-demos.prod.mdn.mozit.cloud/en-US/docs/Web/HTML/Element/select/_sample_.Advanced_select_with_multiple_features.html] @30-10-2021 19:15:26.0004 PM
[ReportManager] Initial URL: [data:,] @30-10-2021 19:15:26.0030 PM
[ReportManager] Browser Action [NavigateToURL] successfully performed. With the following test data [https://yari-demos.prod.mdn.mozit.cloud/en-US/docs/Web/HTML/Element/select/_sample_.Advanced_select_with_multiple_features.html]. @30-10-2021 19:15:26.0379 PM
[ReportManager] Element Action [Select] successfully performed. With the following test data [Dog]. @30-10-2021 19:15:26.0574 PM
[ReportManager] Element Action [Select] successfully performed. With the following test data [Cat]. @30-10-2021 19:15:26.0729 PM
[ReportManager] Element Action [GetSelectedText] successfully performed. With the following test data [DogCat]. @30-10-2021 19:15:26.0838 PM
[ReportManager] DogCat @30-10-2021 19:15:26.0838 PM
[ReportManager] Element Action [GetSelectedText] successfully performed. With the following test data [DogCat]. @30-10-2021 19:15:26.0918 PM
[ReportManager] Loaded Shared OpenCV @30-10-2021 19:15:27.0206 PM
[ReportManager] Assertion [ValidateElementAttribute] PASSED. Expected [Value Should be 'DogCat' for the 'selectedText' attribute, element locator 'By.tagName: select'] and Actual [DogCat]. Comparison Type [EQUALS]. Validation Type [POSITIVE]. @30-10-2021 19:15:27.0383 PM
[ReportManager] Successfully created attachment [Screenshot - 1635621327206_multipleSelect_ValidateElementAttribute_passed] @30-10-2021 19:15:27.0384 PM
[ReportManager] Browser Action [CloseCurrentWindow] successfully performed. @30-10-2021 19:15:27.0514 PM
[ReportManager] Successfully created attachment [Browser Action Test Data - CloseCurrentWindow - Actual Value] @30-10-2021 19:15:27.0515 P

################################################################################################################################################
Starting Execution:	[141 out of 143] test cases in the current suite
Test Method:		[testPackage01.Test_SelectedValue.simpleSelect]
################################################################################################################################################
[ReportManager] File Action [GetAbsolutePath] successfully performed. With the following test data [Relative Folder Path: "target/downloadedFiles/"]. @30-10-2021 19:15:27.0518 PM
[ReportManager] Attempting to run locally on: [Mac-64], [GoogleChrome], Headless Execution. @30-10-2021 19:15:27.0518 PM
[ReportManager] Identifying OS/Driver combination and selecting the correct driver version automatically. Please note that if a new driver executable will be downloaded it may take some time... @30-10-2021 19:15:27.0518 PM
[ReportManager] Successfully Opened Google Chrome. @30-10-2021 19:15:28.0041 PM
[ReportManager] Initial window size: (1920, 1080) @30-10-2021 19:15:28.0044 PM
[ReportManager] Window size after SWD Maximize: (1920, 1080) @30-10-2021 19:15:28.0169 PM
[ReportManager] Window size after Toolkit: (1920, 1080) @30-10-2021 19:15:28.0625 PM
[ReportManager] Browser Action [MaximizeWindow] successfully performed. With the following test data [New screen size is now: (1920, 1080)]. @30-10-2021 19:15:28.0627 PM
[ReportManager] Target URL: [https://yari-demos.prod.mdn.mozit.cloud/en-US/docs/Web/HTML/Element/select/_sample_.Basic_select.html] @30-10-2021 19:15:28.0628 PM
[ReportManager] Initial URL: [data:,] @30-10-2021 19:15:28.0659 PM
[ReportManager] Browser Action [NavigateToURL] successfully performed. With the following test data [https://yari-demos.prod.mdn.mozit.cloud/en-US/docs/Web/HTML/Element/select/_sample_.Basic_select.html]. @30-10-2021 19:15:28.0860 PM
[ReportManager] Element Action [Select] successfully performed. With the following test data [Third Value]. @30-10-2021 19:15:29.0125 PM
[ReportManager] Element Action [GetSelectedText] successfully performed. With the following test data [Third Value]. @30-10-2021 19:15:29.0190 PM
[ReportManager] Third Value @30-10-2021 19:15:29.0190 PM
[ReportManager] Element Action [GetSelectedText] successfully performed. With the following test data [Third Value]. @30-10-2021 19:15:29.0250 PM
[ReportManager] Loaded Shared OpenCV @30-10-2021 19:15:29.0562 PM
[ReportManager] Assertion [ValidateElementAttribute] PASSED. Expected [Value Should be 'Third Value' for the 'selectedText' attribute, element locator 'By.tagName: select'] and Actual [Third Value]. Comparison Type [EQUALS]. Validation Type [POSITIVE]. @30-10-2021 19:15:29.0735 PM
[ReportManager] Successfully created attachment [Screenshot - 1635621329562_simpleSelect_ValidateElementAttribute_passed] @30-10-2021 19:15:29.0736 PM
[ReportManager] Browser Action [CloseCurrentWindow] successfully performed. @30-10-2021 19:15:29.0948 PM
[ReportManager] Successfully created attachment [Browser Action Test Data - CloseCurrentWindow - Actual Value] @30-10-2021 19:15:29.0949 P
[ReportManager] File Action [GetAbsolutePath] successfully performed. With the following test data [Relative Folder Path: "target/downloadedFiles/"]. @30-10-2021 19:15:29.0951 PM
[ReportManager] Attempting to run locally on: [Mac-64], [Safari], Headless Execution. @30-10-2021 19:15:29.0951 PM
[ReportManager] Successfully Opened Safari. @30-10-2021 19:15:30.0742 PM
[ReportManager] Initial window size: (800, 600) @30-10-2021 19:15:30.0762 PM
[ReportManager] Window size after SWD Maximize: (1176, 811) @30-10-2021 19:15:30.0772 PM
[ReportManager] Browser Action [MaximizeWindow] successfully performed. With the following test data [New screen size is now: (1176, 811)]. @30-10-2021 19:15:30.0773 P

################################################################################################################################################
Starting Execution:	[142 out of 143] test cases in the current suite
Test Method:		[testPackage01.Test_dynamicLoading.dynamicLoading_elementIsHidden]
################################################################################################################################################
[ReportManager] Target URL: [https://the-internet.herokuapp.com/dynamic_loading/1] @30-10-2021 19:15:30.0776 PM
[ReportManager] Initial URL: [] @30-10-2021 19:15:30.0836 PM
[ReportManager] Browser Action [NavigateToURL] successfully performed. With the following test data [https://the-internet.herokuapp.com/dynamic_loading/1]. @30-10-2021 19:15:31.0934 PM
[ReportManager] Element Action [Click] successfully performed. With the following test data [Start]. @30-10-2021 19:15:32.0194 PM
[ReportManager] Element Action [GetText] successfully performed. With the following test data [
    Hello World!
  ]. @30-10-2021 19:15:32.0274 P
[ReportManager] Browser Action [CloseCurrentWindow] successfully performed. @30-10-2021 19:15:32.0423 PM
[ReportManager] Successfully created attachment [Browser Action Test Data - CloseCurrentWindow - Actual Value] @30-10-2021 19:15:32.0424 P
[ReportManager] File Action [GetAbsolutePath] successfully performed. With the following test data [Relative Folder Path: "target/downloadedFiles/"]. @30-10-2021 19:15:32.0426 PM
[ReportManager] Attempting to run locally on: [Mac-64], [Safari], Headless Execution. @30-10-2021 19:15:32.0426 PM
[ReportManager] Successfully Opened Safari. @30-10-2021 19:15:33.0244 PM
[ReportManager] Initial window size: (800, 600) @30-10-2021 19:15:33.0256 PM
[ReportManager] Window size after SWD Maximize: (1176, 811) @30-10-2021 19:15:33.0279 PM
[ReportManager] Browser Action [MaximizeWindow] successfully performed. With the following test data [New screen size is now: (1176, 811)]. @30-10-2021 19:15:33.0280 P

################################################################################################################################################
Starting Execution:	[143 out of 143] test cases in the current suite
Test Method:		[testPackage01.Test_dynamicLoading.dynamicLoading_elementIsRendered]
################################################################################################################################################
[ReportManager] Target URL: [https://the-internet.herokuapp.com/dynamic_loading/2] @30-10-2021 19:15:33.0282 PM
[ReportManager] Initial URL: [] @30-10-2021 19:15:33.0358 PM
[ReportManager] Browser Action [NavigateToURL] successfully performed. With the following test data [https://the-internet.herokuapp.com/dynamic_loading/2]. @30-10-2021 19:15:34.0539 PM
[ReportManager] Element Action [Click] successfully performed. With the following test data [Start]. @30-10-2021 19:15:34.0946 P
[ReportManager] Browser Action [CloseCurrentWindow] successfully performed. @30-10-2021 19:15:35.0214 PM
[ReportManager] Successfully created attachment [Browser Action Test Data - CloseCurrentWindow - Actual Value] @30-10-2021 19:15:35.0215 P

################################################################################################################################################
Test Closure Activities
################################################################################################################################################
[ReportManager] Successfully created attachment [SHAFT Engine Logs - Execution log] @30-10-2021 19:15:35.0249 PM

################################################################################################################################################
This test run was powered by SHAFT Engine Version: [SHAFT Engine v5.4.20211025-BETA]
SHAFT Engine is licensed under the MIT License: [https://github.com/MohabMohie/SHAFT_ENGINE/blob/master/LICENSE].
################################################################################################################################################