################################################################################################################################################
Detected SHAFT Engine Version: [SHAFT Engine v5.4.20211104-BETA]
################################################################################################################################################
[ReportManager] File Action [GetAbsolutePath] successfully performed. With the following test data [Relative Folder Path: "target/downloadedFiles/"]. @11-11-2021 01:50:19.0085 AM
[ReportManager] Attempting to run locally on: [Mac-64], [Safari], Headless Execution. @11-11-2021 01:50:19.0101 AM
[ReportManager] Successfully Opened Safari. @11-11-2021 01:50:24.0824 AM
[ReportManager] Initial window size: (800, 600) @11-11-2021 01:50:24.0874 AM
[ReportManager] Window size after SWD Maximize: (1176, 810) @11-11-2021 01:50:24.0943 AM
[ReportManager] Browser Action [MaximizeWindow] successfully performed. With the following test data [New screen size is now: (1176, 810)]. @11-11-2021 01:50:24.0952 A

################################################################################################################################################
Starting Execution:	[1 out of 146] test cases in the current suite
Test Method:		[unitTests.tests_element_elementActions.waitForElementToBePresent_false_expectedToFail]
################################################################################################################################################
[ReportManager] Target URL: [https://www.google.com/ncr], and after redirection: [www.google.com] @11-11-2021 01:50:25.0116 AM
[ReportManager] Initial URL: [] @11-11-2021 01:50:25.0187 AM
[ReportManager] Browser Action [NavigateToURL] successfully performed. With the following test data [https://www.google.com/ncr]. @11-11-2021 01:50:26.0780 AM
[ReportManager] Waiting for element to be present; elementLocator [By.xpath: //*[@id='hplogo' or @alt='Google']], numberOfTries[1], stateOfPresence[false]... @11-11-2021 01:50:26.0790 AM
[ReportManager] Element Action [WaitForElementToBePresent] failed. With the following test data [waited for the element's state of presence to be (false). Element locator (By.xpath: //*[@id='hplogo' or @alt='Google'])]. @11-11-2021 01:50:28.0967 AM
[ReportManager] Successfully created attachment [Screenshot - 1636595426858_waitForElementToBePresent_false_expectedToFail_WaitForElementToBePresent_failed] @11-11-2021 01:50:28.0981 A
[ReportManager] Browser Action [CloseCurrentWindow] successfully performed. @11-11-2021 01:50:29.0139 AM
[ReportManager] Successfully created attachment [Browser Action Test Data - CloseCurrentWindow - Actual Value] @11-11-2021 01:50:29.0141 A
[ReportManager] File Action [GetAbsolutePath] successfully performed. With the following test data [Relative Folder Path: "target/downloadedFiles/"]. @11-11-2021 01:50:29.0154 AM
[ReportManager] Attempting to run locally on: [Mac-64], [Safari], Headless Execution. @11-11-2021 01:50:29.0155 AM
[ReportManager] Successfully Opened Safari. @11-11-2021 01:50:30.0071 AM
[ReportManager] Initial window size: (800, 600) @11-11-2021 01:50:30.0091 AM
[ReportManager] Window size after SWD Maximize: (1176, 811) @11-11-2021 01:50:30.0108 AM
[ReportManager] Browser Action [MaximizeWindow] successfully performed. With the following test data [New screen size is now: (1176, 811)]. @11-11-2021 01:50:30.0109 A

################################################################################################################################################
Starting Execution:	[2 out of 146] test cases in the current suite
Test Method:		[unitTests.tests_element_elementActions.waitForElementToBePresent_false_expectedToPass]
################################################################################################################################################
[ReportManager] Target URL: [https://www.google.com/ncr], and after redirection: [www.google.com] @11-11-2021 01:50:30.0155 AM
[ReportManager] Initial URL: [] @11-11-2021 01:50:30.0232 AM
[ReportManager] Browser Action [NavigateToURL] successfully performed. With the following test data [https://www.google.com/ncr]. @11-11-2021 01:50:31.0444 AM
[ReportManager] Waiting for element to be present; elementLocator [By.id: bla], numberOfTries[1], stateOfPresence[false]... @11-11-2021 01:50:31.0454 A
[ReportManager] Browser Action [CloseCurrentWindow] successfully performed. @11-11-2021 01:50:31.0609 AM
[ReportManager] Successfully created attachment [Browser Action Test Data - CloseCurrentWindow - Actual Value] @11-11-2021 01:50:31.0610 A
[ReportManager] File Action [GetAbsolutePath] successfully performed. With the following test data [Relative Folder Path: "target/downloadedFiles/"]. @11-11-2021 01:50:31.0617 AM
[ReportManager] Attempting to run locally on: [Mac-64], [Safari], Headless Execution. @11-11-2021 01:50:31.0617 AM
[ReportManager] Successfully Opened Safari. @11-11-2021 01:50:32.0484 AM
[ReportManager] Initial window size: (800, 600) @11-11-2021 01:50:32.0500 AM
[ReportManager] Window size after SWD Maximize: (1176, 811) @11-11-2021 01:50:32.0553 AM
[ReportManager] Browser Action [MaximizeWindow] successfully performed. With the following test data [New screen size is now: (1176, 811)]. @11-11-2021 01:50:32.0554 A

################################################################################################################################################
Starting Execution:	[3 out of 146] test cases in the current suite
Test Method:		[unitTests.tests_element_elementActions.waitForElementToBePresent_moreThanOneElement_expectedToFail]
################################################################################################################################################
[ReportManager] Target URL: [https://www.google.com/ncr], and after redirection: [www.google.com] @11-11-2021 01:50:32.0557 AM
[ReportManager] Initial URL: [] @11-11-2021 01:50:32.0628 AM
[ReportManager] Browser Action [NavigateToURL] successfully performed. With the following test data [https://www.google.com/ncr]. @11-11-2021 01:50:33.0878 AM
[ReportManager] Waiting for element to be present; elementLocator [By.xpath: //*], numberOfTries[1], stateOfPresence[false]... @11-11-2021 01:50:33.0878 AM
[ReportManager] Element Action [WaitForElementToBePresent] failed. With the following test data [waited for the element's state of presence to be (false). Element locator (By.xpath: //*)]. @11-11-2021 01:50:34.0082 AM
[ReportManager] Successfully created attachment [Screenshot - 1636595433979_waitForElementToBePresent_moreThanOneElement_expectedToFail_WaitForElementToBePresent_failed] @11-11-2021 01:50:34.0085 A
[ReportManager] Browser Action [CloseCurrentWindow] successfully performed. @11-11-2021 01:50:34.0290 AM
[ReportManager] Successfully created attachment [Browser Action Test Data - CloseCurrentWindow - Actual Value] @11-11-2021 01:50:34.0293 A
[ReportManager] File Action [GetAbsolutePath] successfully performed. With the following test data [Relative Folder Path: "target/downloadedFiles/"]. @11-11-2021 01:50:34.0300 AM
[ReportManager] Attempting to run locally on: [Mac-64], [Safari], Headless Execution. @11-11-2021 01:50:34.0301 AM
[ReportManager] Successfully Opened Safari. @11-11-2021 01:50:35.0151 AM
[ReportManager] Initial window size: (800, 600) @11-11-2021 01:50:35.0157 AM
[ReportManager] Window size after SWD Maximize: (1176, 811) @11-11-2021 01:50:35.0181 AM
[ReportManager] Browser Action [MaximizeWindow] successfully performed. With the following test data [New screen size is now: (1176, 811)]. @11-11-2021 01:50:35.0182 A

################################################################################################################################################
Starting Execution:	[4 out of 146] test cases in the current suite
Test Method:		[unitTests.tests_element_elementActions.waitForElementToBePresent_true_expectedToFail]
################################################################################################################################################
[ReportManager] Target URL: [https://www.google.com/ncr], and after redirection: [www.google.com] @11-11-2021 01:50:35.0188 AM
[ReportManager] Initial URL: [] @11-11-2021 01:50:35.0265 AM
[ReportManager] Browser Action [NavigateToURL] successfully performed. With the following test data [https://www.google.com/ncr]. @11-11-2021 01:50:36.0553 AM
[ReportManager] Waiting for element to be present; elementLocator [By.id: bla], numberOfTries[1], stateOfPresence[true]... @11-11-2021 01:50:36.0553 A
[ReportManager] Browser Action [CloseCurrentWindow] successfully performed. @11-11-2021 01:50:36.0957 AM
[ReportManager] Successfully created attachment [Browser Action Test Data - CloseCurrentWindow - Actual Value] @11-11-2021 01:50:36.0959 A
[ReportManager] File Action [GetAbsolutePath] successfully performed. With the following test data [Relative Folder Path: "target/downloadedFiles/"]. @11-11-2021 01:50:36.0963 AM
[ReportManager] Attempting to run locally on: [Mac-64], [Safari], Headless Execution. @11-11-2021 01:50:36.0963 AM
[ReportManager] Successfully Opened Safari. @11-11-2021 01:50:37.0826 AM
[ReportManager] Initial window size: (800, 600) @11-11-2021 01:50:37.0852 AM
[ReportManager] Window size after SWD Maximize: (1176, 811) @11-11-2021 01:50:37.0881 AM
[ReportManager] Browser Action [MaximizeWindow] successfully performed. With the following test data [New screen size is now: (1176, 811)]. @11-11-2021 01:50:37.0882 A

################################################################################################################################################
Starting Execution:	[5 out of 146] test cases in the current suite
Test Method:		[unitTests.tests_element_elementActions.waitForElementToBePresent_true_expectedToPass]
################################################################################################################################################
[ReportManager] Target URL: [https://www.google.com/ncr], and after redirection: [www.google.com] @11-11-2021 01:50:37.0886 AM
[ReportManager] Initial URL: [] @11-11-2021 01:50:37.0949 AM
[ReportManager] Browser Action [NavigateToURL] successfully performed. With the following test data [https://www.google.com/ncr]. @11-11-2021 01:50:39.0140 AM
[ReportManager] Waiting for element to be present; elementLocator [By.xpath: //*[@id='hplogo' or @alt='Google']], numberOfTries[1], stateOfPresence[true]... @11-11-2021 01:50:39.0140 AM
[ReportManager] Element Action [WaitForElementToBePresent] successfully performed. With the following test data [waited for the element's state of presence to be (true). Element locator (By.xpath: //*[@id='hplogo' or @alt='Google'])]. @11-11-2021 01:50:39.0239 AM
[ReportManager] File Action [DoesFileExist] successfully performed. With the following test data [File Path: "src/main/resources/dynamicObjectRepository/unitTests_tests_element_elementActions_waitForElementToBePresent_true_expectedToPass_By_xpath_id_hplogo_or_alt_Google.png"]. @11-11-2021 01:50:39.0258 AM
[ReportManager] File Action [DoesFileExist] successfully performed. With the following test data [File Path: "src/main/resources/dynamicObjectRepository/unitTests_tests_element_elementActions_waitForElementToBePresent_true_expectedToPass_By_xpath_id_hplogo_or_alt_Google.png"]. @11-11-2021 01:50:39.0339 AM
[ReportManager] Passing the test and saving a reference image @11-11-2021 01:50:39.0339 AM
[ReportManager] File Action [GetAbsolutePath] successfully performed. With the following test data [Relative File Path: "src/main/resources/dynamicObjectRepository/unitTests_tests_element_elementActions_waitForElementToBePresent_true_expectedToPass_By_xpath_id_hplogo_or_alt_Google.png"]. @11-11-2021 01:50:39.0339 AM
[ReportManager] File Action [WriteToFile] successfully performed. With the following test data [Target File Path: "/Users/runner/work/SHAFT_ENGINE/SHAFT_ENGINE/src/main/resources/dynamicObjectRepository/unitTests_tests_element_elementActions_waitForElementToBePresent_true_expectedToPass_By_xpath_id_hplogo_or_alt_Google.png"]. @11-11-2021 01:50:39.0341 AM
[ReportManager] Assertion Passed: Using Visual AI; OpenCV @11-11-2021 01:50:39.0343 AM
[ReportManager] Successfully created attachment [Validation Test Data - Actual Screenshot] @11-11-2021 01:50:39.0344 AM
[ReportManager] Assertion [ValidateElementMatches] PASSED. Expected [Element should match the reference screenshot] and Actual [TRUE]. Comparison Type [EXACT_OPENCV]. Validation Type [POSITIVE]. @11-11-2021 01:50:39.0344 A
[ReportManager] Browser Action [CloseCurrentWindow] successfully performed. @11-11-2021 01:50:39.0614 AM
[ReportManager] Successfully created attachment [Browser Action Test Data - CloseCurrentWindow - Actual Value] @11-11-2021 01:50:39.0615 A
[ReportManager] File Action [GetAbsolutePath] successfully performed. With the following test data [Relative Folder Path: "target/downloadedFiles/"]. @11-11-2021 01:50:39.0625 AM
[ReportManager] Attempting to run locally on: [Mac-64], [Safari], Headless Execution. @11-11-2021 01:50:39.0625 AM
[ReportManager] Successfully Opened Safari. @11-11-2021 01:50:40.0517 AM
[ReportManager] Initial window size: (800, 600) @11-11-2021 01:50:40.0524 AM
[ReportManager] Window size after SWD Maximize: (1176, 811) @11-11-2021 01:50:40.0548 AM
[ReportManager] Browser Action [MaximizeWindow] successfully performed. With the following test data [New screen size is now: (1176, 811)]. @11-11-2021 01:50:40.0549 AM
[ReportManager] Target URL: [https://duckduckgo.com] @11-11-2021 01:50:40.0549 AM
[ReportManager] Initial URL: [] @11-11-2021 01:50:40.0615 AM
[ReportManager] Browser Action [NavigateToURL] successfully performed. With the following test data [https://duckduckgo.com]. @11-11-2021 01:50:41.0501 A

################################################################################################################################################
Starting Execution:	[6 out of 146] test cases in the current suite
Test Method:		[unitTests.tests_browserActions.fullScreenWindow]
################################################################################################################################################
[ReportManager] Initial Windows Size: 1176x811 @11-11-2021 01:50:41.0510 AM
[ReportManager] Current Windows Size after fullScreen: 1176x885 @11-11-2021 01:50:41.0739 AM
[ReportManager] Browser Action [FullScreenWindow] successfully performed. @11-11-2021 01:50:41.0765 AM
[ReportManager] Successfully created attachment [Browser Action Test Data - FullScreenWindow - Actual Value] @11-11-2021 01:50:41.0767 A
[ReportManager] Target URL: [https://duckduckgo.com] @11-11-2021 01:50:41.0773 AM
[ReportManager] Initial URL: [https://duckduckgo.com] @11-11-2021 01:50:41.0842 AM
[ReportManager] Browser Action [NavigateToURL] successfully performed. With the following test data [https://duckduckgo.com]. @11-11-2021 01:50:42.0609 AM
[ReportManager] Browser Action [CloseCurrentWindow] successfully performed. @11-11-2021 01:50:42.0858 AM
[ReportManager] Successfully created attachment [Browser Action Test Data - CloseCurrentWindow - Actual Value] @11-11-2021 01:50:42.0860 A
[ReportManager] File Action [GetAbsolutePath] successfully performed. With the following test data [Relative Folder Path: "target/downloadedFiles/"]. @11-11-2021 01:50:42.0865 AM
[ReportManager] Attempting to run locally on: [Mac-64], [Safari], Headless Execution. @11-11-2021 01:50:42.0865 AM
[ReportManager] Successfully Opened Safari. @11-11-2021 01:50:43.0709 AM
[ReportManager] Initial window size: (800, 600) @11-11-2021 01:50:43.0730 AM
[ReportManager] Window size after SWD Maximize: (1176, 811) @11-11-2021 01:50:43.0770 AM
[ReportManager] Browser Action [MaximizeWindow] successfully performed. With the following test data [New screen size is now: (1176, 811)]. @11-11-2021 01:50:43.0771 AM
[ReportManager] Target URL: [https://duckduckgo.com] @11-11-2021 01:50:43.0771 AM
[ReportManager] Initial URL: [] @11-11-2021 01:50:43.0814 AM
[ReportManager] Browser Action [NavigateToURL] successfully performed. With the following test data [https://duckduckgo.com]. @11-11-2021 01:50:44.0439 A

################################################################################################################################################
Starting Execution:	[7 out of 146] test cases in the current suite
Test Method:		[unitTests.tests_browserActions.getCurrentURL]
################################################################################################################################################
[ReportManager] Browser Action [GetCurrentURL] successfully performed. With the following test data [https://duckduckgo.com/]. @11-11-2021 01:50:44.0468 A
[ReportManager] Target URL: [https://duckduckgo.com] @11-11-2021 01:50:44.0470 AM
[ReportManager] Initial URL: [https://duckduckgo.com] @11-11-2021 01:50:44.0593 AM
[ReportManager] Browser Action [NavigateToURL] successfully performed. With the following test data [https://duckduckgo.com]. @11-11-2021 01:50:44.0965 AM
[ReportManager] Browser Action [CloseCurrentWindow] successfully performed. @11-11-2021 01:50:45.0317 AM
[ReportManager] Successfully created attachment [Browser Action Test Data - CloseCurrentWindow - Actual Value] @11-11-2021 01:50:45.0318 A
[ReportManager] File Action [GetAbsolutePath] successfully performed. With the following test data [Relative Folder Path: "target/downloadedFiles/"]. @11-11-2021 01:50:45.0323 AM
[ReportManager] Attempting to run locally on: [Mac-64], [Safari], Headless Execution. @11-11-2021 01:50:45.0323 AM
[ReportManager] Successfully Opened Safari. @11-11-2021 01:50:46.0186 AM
[ReportManager] Initial window size: (800, 600) @11-11-2021 01:50:46.0193 AM
[ReportManager] Window size after SWD Maximize: (1176, 811) @11-11-2021 01:50:46.0224 AM
[ReportManager] Browser Action [MaximizeWindow] successfully performed. With the following test data [New screen size is now: (1176, 811)]. @11-11-2021 01:50:46.0224 AM
[ReportManager] Target URL: [https://duckduckgo.com] @11-11-2021 01:50:46.0224 AM
[ReportManager] Initial URL: [] @11-11-2021 01:50:46.0282 AM
[ReportManager] Browser Action [NavigateToURL] successfully performed. With the following test data [https://duckduckgo.com]. @11-11-2021 01:50:47.0043 A

################################################################################################################################################
Starting Execution:	[8 out of 146] test cases in the current suite
Test Method:		[unitTests.tests_browserActions.getCurrentWindowTitle]
################################################################################################################################################
[ReportManager] Browser Action [GetCurrentWindowTitle] successfully performed. With the following test data [DuckDuckGo â€” Privacy, simplified.]. @11-11-2021 01:50:47.0145 A
[ReportManager] Target URL: [https://duckduckgo.com] @11-11-2021 01:50:47.0148 AM
[ReportManager] Initial URL: [https://duckduckgo.com] @11-11-2021 01:50:47.0194 AM
[ReportManager] Browser Action [NavigateToURL] successfully performed. With the following test data [https://duckduckgo.com]. @11-11-2021 01:50:47.0601 AM
[ReportManager] Browser Action [CloseCurrentWindow] successfully performed. @11-11-2021 01:50:47.0931 AM
[ReportManager] Successfully created attachment [Browser Action Test Data - CloseCurrentWindow - Actual Value] @11-11-2021 01:50:47.0932 A
[ReportManager] File Action [GetAbsolutePath] successfully performed. With the following test data [Relative Folder Path: "target/downloadedFiles/"]. @11-11-2021 01:50:47.0940 AM
[ReportManager] Attempting to run locally on: [Mac-64], [Safari], Headless Execution. @11-11-2021 01:50:47.0940 AM
[ReportManager] Successfully Opened Safari. @11-11-2021 01:50:48.0813 AM
[ReportManager] Initial window size: (800, 600) @11-11-2021 01:50:48.0839 AM
[ReportManager] Window size after SWD Maximize: (1176, 811) @11-11-2021 01:50:48.0857 AM
[ReportManager] Browser Action [MaximizeWindow] successfully performed. With the following test data [New screen size is now: (1176, 811)]. @11-11-2021 01:50:48.0857 AM
[ReportManager] Target URL: [https://duckduckgo.com] @11-11-2021 01:50:48.0857 AM
[ReportManager] Initial URL: [] @11-11-2021 01:50:48.0933 AM
[ReportManager] Browser Action [NavigateToURL] successfully performed. With the following test data [https://duckduckgo.com]. @11-11-2021 01:50:49.0655 A

################################################################################################################################################
Starting Execution:	[9 out of 146] test cases in the current suite
Test Method:		[unitTests.tests_browserActions.getPageSource]
################################################################################################################################################
[ReportManager] Browser Action [GetPageSource] successfully performed. @11-11-2021 01:50:49.0725 AM
[ReportManager] Successfully created attachment [Browser Action Test Data - GetPageSource - Actual Value] @11-11-2021 01:50:49.0726 A
[ReportManager] Target URL: [https://duckduckgo.com] @11-11-2021 01:50:49.0729 AM
[ReportManager] Initial URL: [https://duckduckgo.com] @11-11-2021 01:50:49.0759 AM
[ReportManager] Browser Action [NavigateToURL] successfully performed. With the following test data [https://duckduckgo.com]. @11-11-2021 01:50:50.0035 AM
[ReportManager] Browser Action [CloseCurrentWindow] successfully performed. @11-11-2021 01:50:50.0359 AM
[ReportManager] Successfully created attachment [Browser Action Test Data - CloseCurrentWindow - Actual Value] @11-11-2021 01:50:50.0360 A
[ReportManager] File Action [GetAbsolutePath] successfully performed. With the following test data [Relative Folder Path: "target/downloadedFiles/"]. @11-11-2021 01:50:50.0363 AM
[ReportManager] Attempting to run locally on: [Mac-64], [Safari], Headless Execution. @11-11-2021 01:50:50.0364 AM
[ReportManager] Successfully Opened Safari. @11-11-2021 01:50:51.0172 AM
[ReportManager] Initial window size: (800, 600) @11-11-2021 01:50:51.0196 AM
[ReportManager] Window size after SWD Maximize: (1176, 811) @11-11-2021 01:50:51.0210 AM
[ReportManager] Browser Action [MaximizeWindow] successfully performed. With the following test data [New screen size is now: (1176, 811)]. @11-11-2021 01:50:51.0211 AM
[ReportManager] Target URL: [https://duckduckgo.com] @11-11-2021 01:50:51.0211 AM
[ReportManager] Initial URL: [] @11-11-2021 01:50:51.0257 AM
[ReportManager] Browser Action [NavigateToURL] successfully performed. With the following test data [https://duckduckgo.com]. @11-11-2021 01:50:51.0857 A

################################################################################################################################################
Starting Execution:	[10 out of 146] test cases in the current suite
Test Method:		[unitTests.tests_browserActions.getWindowHandle]
################################################################################################################################################
[ReportManager] Browser Action [GetWindowHandle] successfully performed. With the following test data [page-4FAA5B89-E1CA-4AF5-8934-9EF69E37FFC1]. @11-11-2021 01:50:51.0895 A
[ReportManager] Target URL: [https://duckduckgo.com] @11-11-2021 01:50:51.0898 AM
[ReportManager] Initial URL: [https://duckduckgo.com] @11-11-2021 01:50:51.0930 AM
[ReportManager] Browser Action [NavigateToURL] successfully performed. With the following test data [https://duckduckgo.com]. @11-11-2021 01:50:52.0227 AM
[ReportManager] Browser Action [CloseCurrentWindow] successfully performed. @11-11-2021 01:50:52.0520 AM
[ReportManager] Successfully created attachment [Browser Action Test Data - CloseCurrentWindow - Actual Value] @11-11-2021 01:50:52.0521 A
[ReportManager] File Action [GetAbsolutePath] successfully performed. With the following test data [Relative Folder Path: "target/downloadedFiles/"]. @11-11-2021 01:50:52.0527 AM
[ReportManager] Attempting to run locally on: [Mac-64], [Safari], Headless Execution. @11-11-2021 01:50:52.0527 AM
[ReportManager] Successfully Opened Safari. @11-11-2021 01:50:53.0433 AM
[ReportManager] Initial window size: (800, 600) @11-11-2021 01:50:53.0469 AM
[ReportManager] Window size after SWD Maximize: (1176, 811) @11-11-2021 01:50:53.0535 AM
[ReportManager] Browser Action [MaximizeWindow] successfully performed. With the following test data [New screen size is now: (1176, 811)]. @11-11-2021 01:50:53.0535 AM
[ReportManager] Target URL: [https://duckduckgo.com] @11-11-2021 01:50:53.0535 AM
[ReportManager] Initial URL: [] @11-11-2021 01:50:53.0638 AM
[ReportManager] Browser Action [NavigateToURL] successfully performed. With the following test data [https://duckduckgo.com]. @11-11-2021 01:50:54.0407 A

################################################################################################################################################
Starting Execution:	[11 out of 146] test cases in the current suite
Test Method:		[unitTests.tests_browserActions.getWindowPosition]
################################################################################################################################################
[ReportManager] Browser Action [GetWindowPosition] successfully performed. With the following test data [(0, 23)]. @11-11-2021 01:50:54.0612 A
[ReportManager] Target URL: [https://duckduckgo.com] @11-11-2021 01:50:54.0617 AM
[ReportManager] Initial URL: [https://duckduckgo.com] @11-11-2021 01:50:54.0681 AM
[ReportManager] Browser Action [NavigateToURL] successfully performed. With the following test data [https://duckduckgo.com]. @11-11-2021 01:50:55.0024 AM
[ReportManager] Browser Action [CloseCurrentWindow] successfully performed. @11-11-2021 01:50:55.0391 AM
[ReportManager] Successfully created attachment [Browser Action Test Data - CloseCurrentWindow - Actual Value] @11-11-2021 01:50:55.0392 A
[ReportManager] File Action [GetAbsolutePath] successfully performed. With the following test data [Relative Folder Path: "target/downloadedFiles/"]. @11-11-2021 01:50:55.0395 AM
[ReportManager] Attempting to run locally on: [Mac-64], [Safari], Headless Execution. @11-11-2021 01:50:55.0395 AM
[ReportManager] Successfully Opened Safari. @11-11-2021 01:50:56.0211 AM
[ReportManager] Initial window size: (800, 600) @11-11-2021 01:50:56.0237 AM
[ReportManager] Window size after SWD Maximize: (1176, 811) @11-11-2021 01:50:56.0260 AM
[ReportManager] Browser Action [MaximizeWindow] successfully performed. With the following test data [New screen size is now: (1176, 811)]. @11-11-2021 01:50:56.0260 AM
[ReportManager] Target URL: [https://duckduckgo.com] @11-11-2021 01:50:56.0260 AM
[ReportManager] Initial URL: [] @11-11-2021 01:50:56.0332 AM
[ReportManager] Browser Action [NavigateToURL] successfully performed. With the following test data [https://duckduckgo.com]. @11-11-2021 01:50:57.0007 A

################################################################################################################################################
Starting Execution:	[12 out of 146] test cases in the current suite
Test Method:		[unitTests.tests_browserActions.getWindowSize]
################################################################################################################################################
[ReportManager] Browser Action [GetWindowSize] successfully performed. With the following test data [(1176, 811)]. @11-11-2021 01:50:57.0032 A
[ReportManager] Target URL: [https://duckduckgo.com] @11-11-2021 01:50:57.0034 AM
[ReportManager] Initial URL: [https://duckduckgo.com] @11-11-2021 01:50:57.0066 AM
[ReportManager] Browser Action [NavigateToURL] successfully performed. With the following test data [https://duckduckgo.com]. @11-11-2021 01:50:57.0350 AM
[ReportManager] Browser Action [CloseCurrentWindow] successfully performed. @11-11-2021 01:50:57.0682 AM
[ReportManager] Successfully created attachment [Browser Action Test Data - CloseCurrentWindow - Actual Value] @11-11-2021 01:50:57.0683 A
[ReportManager] File Action [GetAbsolutePath] successfully performed. With the following test data [Relative Folder Path: "target/downloadedFiles/"]. @11-11-2021 01:50:57.0687 AM
[ReportManager] Attempting to run locally on: [Mac-64], [Safari], Headless Execution. @11-11-2021 01:50:57.0687 AM
[ReportManager] Successfully Opened Safari. @11-11-2021 01:50:58.0549 AM
[ReportManager] Initial window size: (800, 600) @11-11-2021 01:50:58.0575 AM
[ReportManager] Window size after SWD Maximize: (1176, 811) @11-11-2021 01:50:58.0593 AM
[ReportManager] Browser Action [MaximizeWindow] successfully performed. With the following test data [New screen size is now: (1176, 811)]. @11-11-2021 01:50:58.0593 AM
[ReportManager] Target URL: [https://duckduckgo.com] @11-11-2021 01:50:58.0593 AM
[ReportManager] Initial URL: [] @11-11-2021 01:50:58.0663 AM
[ReportManager] Browser Action [NavigateToURL] successfully performed. With the following test data [https://duckduckgo.com]. @11-11-2021 01:50:59.0455 A

################################################################################################################################################
Starting Execution:	[13 out of 146] test cases in the current suite
Test Method:		[unitTests.tests_browserActions.maximizeWindow]
################################################################################################################################################
[ReportManager] Initial window size: (1176, 811) @11-11-2021 01:50:59.0466 AM
[ReportManager] Window size after SWD Maximize: (1176, 811) @11-11-2021 01:50:59.0475 AM
[ReportManager] Window size after Toolkit: (1920, 1080) @11-11-2021 01:50:59.0528 AM
[ReportManager] Browser Action [MaximizeWindow] successfully performed. With the following test data [New screen size is now: (1920, 1080)]. @11-11-2021 01:50:59.0533 A
[ReportManager] Target URL: [https://duckduckgo.com] @11-11-2021 01:50:59.0536 AM
[ReportManager] Initial URL: [https://duckduckgo.com] @11-11-2021 01:50:59.0605 AM
[ReportManager] Browser Action [NavigateToURL] successfully performed. With the following test data [https://duckduckgo.com]. @11-11-2021 01:50:59.0922 AM
[ReportManager] Browser Action [CloseCurrentWindow] successfully performed. @11-11-2021 01:51:00.0224 AM
[ReportManager] Successfully created attachment [Browser Action Test Data - CloseCurrentWindow - Actual Value] @11-11-2021 01:51:00.0225 A
[ReportManager] File Action [GetAbsolutePath] successfully performed. With the following test data [Relative Folder Path: "target/downloadedFiles/"]. @11-11-2021 01:51:00.0230 AM
[ReportManager] Attempting to run locally on: [Mac-64], [Safari], Headless Execution. @11-11-2021 01:51:00.0231 AM
[ReportManager] Successfully Opened Safari. @11-11-2021 01:51:01.0009 AM
[ReportManager] Initial window size: (800, 600) @11-11-2021 01:51:01.0031 AM
[ReportManager] Window size after SWD Maximize: (1176, 811) @11-11-2021 01:51:01.0056 AM
[ReportManager] Browser Action [MaximizeWindow] successfully performed. With the following test data [New screen size is now: (1176, 811)]. @11-11-2021 01:51:01.0057 AM
[ReportManager] Target URL: [https://duckduckgo.com] @11-11-2021 01:51:01.0057 AM
[ReportManager] Initial URL: [] @11-11-2021 01:51:01.0145 AM
[ReportManager] Browser Action [NavigateToURL] successfully performed. With the following test data [https://duckduckgo.com]. @11-11-2021 01:51:01.0728 A

################################################################################################################################################
Starting Execution:	[14 out of 146] test cases in the current suite
Test Method:		[unitTests.tests_browserActions.navigateBack]
################################################################################################################################################
[ReportManager] Target URL: [https://www.google.com/ncr], and after redirection: [https://www.google.com] @11-11-2021 01:51:01.0735 AM
[ReportManager] Initial URL: [https://duckduckgo.com] @11-11-2021 01:51:01.0778 AM
[ReportManager] Browser Action [NavigateToURL] successfully performed. With the following test data [https://www.google.com/ncr]. @11-11-2021 01:51:03.0628 AM
[ReportManager] Browser Action [NavigateBack] successfully performed. With the following test data [https://duckduckgo.com/]. @11-11-2021 01:51:03.0772 AM
[ReportManager] Browser Action [GetCurrentURL] successfully performed. With the following test data [https://duckduckgo.com/]. @11-11-2021 01:51:03.0801 AM
[ReportManager] Assertion Passed: Confirming that navigating back was successful @11-11-2021 01:51:03.0946 AM
[ReportManager] Successfully created attachment [Screenshot - 1636595463835_navigateBack_ValidateBrowserAttribute_passed] @11-11-2021 01:51:03.0950 AM
[ReportManager] Assertion [ValidateBrowserAttribute] PASSED. Expected [Value Should be 'https://duckduckgo.com' for the 'CurrentUrl' attribute] and Actual [https://duckduckgo.com/]. Comparison Type [CONTAINS]. Validation Type [POSITIVE]. @11-11-2021 01:51:03.0950 A
[ReportManager] Target URL: [https://duckduckgo.com] @11-11-2021 01:51:03.0952 AM
[ReportManager] Initial URL: [https://duckduckgo.com] @11-11-2021 01:51:03.0987 AM
[ReportManager] Browser Action [NavigateToURL] successfully performed. With the following test data [https://duckduckgo.com]. @11-11-2021 01:51:04.0262 AM
[ReportManager] Browser Action [CloseCurrentWindow] successfully performed. @11-11-2021 01:51:04.0607 AM
[ReportManager] Successfully created attachment [Browser Action Test Data - CloseCurrentWindow - Actual Value] @11-11-2021 01:51:04.0608 A
[ReportManager] File Action [GetAbsolutePath] successfully performed. With the following test data [Relative Folder Path: "target/downloadedFiles/"]. @11-11-2021 01:51:04.0611 AM
[ReportManager] Attempting to run locally on: [Mac-64], [Safari], Headless Execution. @11-11-2021 01:51:04.0611 AM
[ReportManager] Successfully Opened Safari. @11-11-2021 01:51:05.0411 AM
[ReportManager] Initial window size: (800, 600) @11-11-2021 01:51:05.0464 AM
[ReportManager] Window size after SWD Maximize: (1176, 811) @11-11-2021 01:51:05.0523 AM
[ReportManager] Browser Action [MaximizeWindow] successfully performed. With the following test data [New screen size is now: (1176, 811)]. @11-11-2021 01:51:05.0523 AM
[ReportManager] Target URL: [https://duckduckgo.com] @11-11-2021 01:51:05.0523 AM
[ReportManager] Initial URL: [] @11-11-2021 01:51:05.0581 AM
[ReportManager] Browser Action [NavigateToURL] successfully performed. With the following test data [https://duckduckgo.com]. @11-11-2021 01:51:06.0187 A

################################################################################################################################################
Starting Execution:	[15 out of 146] test cases in the current suite
Test Method:		[unitTests.tests_browserActions.navigateForward]
################################################################################################################################################
[ReportManager] Target URL: [https://www.google.com/ncr], and after redirection: [https://www.google.com] @11-11-2021 01:51:06.0190 AM
[ReportManager] Initial URL: [https://duckduckgo.com] @11-11-2021 01:51:06.0235 AM
[ReportManager] Browser Action [NavigateToURL] successfully performed. With the following test data [https://www.google.com/ncr]. @11-11-2021 01:51:07.0911 AM
[ReportManager] Browser Action [NavigateBack] successfully performed. With the following test data [https://duckduckgo.com/]. @11-11-2021 01:51:08.0034 AM
[ReportManager] Browser Action [NavigateForward] successfully performed. With the following test data [https://www.google.com/]. @11-11-2021 01:51:08.0131 A
[ReportManager] Target URL: [https://duckduckgo.com] @11-11-2021 01:51:08.0134 AM
[ReportManager] Initial URL: [https://www.google.com] @11-11-2021 01:51:08.0167 AM
[ReportManager] Browser Action [NavigateToURL] successfully performed. With the following test data [https://duckduckgo.com]. @11-11-2021 01:51:08.0490 AM
[ReportManager] Browser Action [CloseCurrentWindow] successfully performed. @11-11-2021 01:51:08.0803 AM
[ReportManager] Successfully created attachment [Browser Action Test Data - CloseCurrentWindow - Actual Value] @11-11-2021 01:51:08.0804 A
[ReportManager] File Action [GetAbsolutePath] successfully performed. With the following test data [Relative Folder Path: "target/downloadedFiles/"]. @11-11-2021 01:51:08.0807 AM
[ReportManager] Attempting to run locally on: [Mac-64], [Safari], Headless Execution. @11-11-2021 01:51:08.0807 AM
[ReportManager] Successfully Opened Safari. @11-11-2021 01:51:09.0578 AM
[ReportManager] Initial window size: (800, 600) @11-11-2021 01:51:09.0586 AM
[ReportManager] Window size after SWD Maximize: (1176, 811) @11-11-2021 01:51:09.0609 AM
[ReportManager] Browser Action [MaximizeWindow] successfully performed. With the following test data [New screen size is now: (1176, 811)]. @11-11-2021 01:51:09.0609 AM
[ReportManager] Target URL: [https://duckduckgo.com] @11-11-2021 01:51:09.0609 AM
[ReportManager] Initial URL: [] @11-11-2021 01:51:09.0669 AM
[ReportManager] Browser Action [NavigateToURL] successfully performed. With the following test data [https://duckduckgo.com]. @11-11-2021 01:51:10.0259 A

################################################################################################################################################
Starting Execution:	[16 out of 146] test cases in the current suite
Test Method:		[unitTests.tests_browserActions.navigateToURL]
################################################################################################################################################
[ReportManager] Target URL: [https://duckduckgo.com] @11-11-2021 01:51:10.0264 AM
[ReportManager] Initial URL: [https://duckduckgo.com] @11-11-2021 01:51:10.0308 AM
[ReportManager] Browser Action [NavigateToURL] successfully performed. With the following test data [https://duckduckgo.com]. @11-11-2021 01:51:10.0618 A
[ReportManager] Target URL: [https://duckduckgo.com] @11-11-2021 01:51:10.0624 AM
[ReportManager] Initial URL: [https://duckduckgo.com] @11-11-2021 01:51:10.0654 AM
[ReportManager] Browser Action [NavigateToURL] successfully performed. With the following test data [https://duckduckgo.com]. @11-11-2021 01:51:10.0943 AM
[ReportManager] Browser Action [CloseCurrentWindow] successfully performed. @11-11-2021 01:51:11.0244 AM
[ReportManager] Successfully created attachment [Browser Action Test Data - CloseCurrentWindow - Actual Value] @11-11-2021 01:51:11.0245 A
[ReportManager] File Action [GetAbsolutePath] successfully performed. With the following test data [Relative Folder Path: "target/downloadedFiles/"]. @11-11-2021 01:51:11.0248 AM
[ReportManager] Attempting to run locally on: [Mac-64], [Safari], Headless Execution. @11-11-2021 01:51:11.0248 AM
[ReportManager] Successfully Opened Safari. @11-11-2021 01:51:12.0078 AM
[ReportManager] Initial window size: (800, 600) @11-11-2021 01:51:12.0134 AM
[ReportManager] Window size after SWD Maximize: (1176, 811) @11-11-2021 01:51:12.0192 AM
[ReportManager] Browser Action [MaximizeWindow] successfully performed. With the following test data [New screen size is now: (1176, 811)]. @11-11-2021 01:51:12.0192 AM
[ReportManager] Target URL: [https://duckduckgo.com] @11-11-2021 01:51:12.0192 AM
[ReportManager] Initial URL: [] @11-11-2021 01:51:12.0231 AM
[ReportManager] Browser Action [NavigateToURL] successfully performed. With the following test data [https://duckduckgo.com]. @11-11-2021 01:51:12.0800 A

################################################################################################################################################
Starting Execution:	[17 out of 146] test cases in the current suite
Test Method:		[unitTests.tests_browserActions.navigateToURLWithRedirection]
################################################################################################################################################
[ReportManager] Target URL: [https://www.google.com/ncr], and after redirection: [https://www.google.com] @11-11-2021 01:51:12.0803 AM
[ReportManager] Initial URL: [https://duckduckgo.com] @11-11-2021 01:51:12.0842 AM
[ReportManager] Browser Action [NavigateToURL] successfully performed. With the following test data [https://www.google.com/ncr]. @11-11-2021 01:51:14.0412 A
[ReportManager] Target URL: [https://duckduckgo.com] @11-11-2021 01:51:14.0414 AM
[ReportManager] Initial URL: [https://www.google.com] @11-11-2021 01:51:14.0444 AM
[ReportManager] Browser Action [NavigateToURL] successfully performed. With the following test data [https://duckduckgo.com]. @11-11-2021 01:51:14.0750 AM
[ReportManager] Browser Action [CloseCurrentWindow] successfully performed. @11-11-2021 01:51:15.0089 AM
[ReportManager] Successfully created attachment [Browser Action Test Data - CloseCurrentWindow - Actual Value] @11-11-2021 01:51:15.0090 A
[ReportManager] File Action [GetAbsolutePath] successfully performed. With the following test data [Relative Folder Path: "target/downloadedFiles/"]. @11-11-2021 01:51:15.0093 AM
[ReportManager] Attempting to run locally on: [Mac-64], [Safari], Headless Execution. @11-11-2021 01:51:15.0093 AM
[ReportManager] Successfully Opened Safari. @11-11-2021 01:51:15.0920 AM
[ReportManager] Initial window size: (800, 600) @11-11-2021 01:51:16.0014 AM
[ReportManager] Window size after SWD Maximize: (1176, 811) @11-11-2021 01:51:16.0040 AM
[ReportManager] Browser Action [MaximizeWindow] successfully performed. With the following test data [New screen size is now: (1176, 811)]. @11-11-2021 01:51:16.0041 AM
[ReportManager] Target URL: [https://duckduckgo.com] @11-11-2021 01:51:16.0041 AM
[ReportManager] Initial URL: [] @11-11-2021 01:51:16.0093 AM
[ReportManager] Browser Action [NavigateToURL] successfully performed. With the following test data [https://duckduckgo.com]. @11-11-2021 01:51:16.0781 A

################################################################################################################################################
Starting Execution:	[18 out of 146] test cases in the current suite
Test Method:		[unitTests.tests_browserActions.refreshCurrentPage]
################################################################################################################################################
[ReportManager] Browser Action [RefreshCurrentPage] successfully performed. @11-11-2021 01:51:17.0049 AM
[ReportManager] Successfully created attachment [Browser Action Test Data - RefreshCurrentPage - Actual Value] @11-11-2021 01:51:17.0051 A
[ReportManager] Target URL: [https://duckduckgo.com] @11-11-2021 01:51:17.0054 AM
[ReportManager] Initial URL: [https://duckduckgo.com] @11-11-2021 01:51:17.0105 AM
[ReportManager] Browser Action [NavigateToURL] successfully performed. With the following test data [https://duckduckgo.com]. @11-11-2021 01:51:17.0435 AM
[ReportManager] Browser Action [CloseCurrentWindow] successfully performed. @11-11-2021 01:51:17.0804 AM
[ReportManager] Successfully created attachment [Browser Action Test Data - CloseCurrentWindow - Actual Value] @11-11-2021 01:51:17.0805 A
[ReportManager] File Action [GetAbsolutePath] successfully performed. With the following test data [Relative Folder Path: "target/downloadedFiles/"]. @11-11-2021 01:51:17.0808 AM
[ReportManager] Attempting to run locally on: [Mac-64], [Safari], Headless Execution. @11-11-2021 01:51:17.0808 AM
[ReportManager] Successfully Opened Safari. @11-11-2021 01:51:18.0657 AM
[ReportManager] Initial window size: (800, 600) @11-11-2021 01:51:18.0680 AM
[ReportManager] Window size after SWD Maximize: (1176, 811) @11-11-2021 01:51:18.0692 AM
[ReportManager] Browser Action [MaximizeWindow] successfully performed. With the following test data [New screen size is now: (1176, 811)]. @11-11-2021 01:51:18.0693 AM
[ReportManager] Target URL: [https://duckduckgo.com] @11-11-2021 01:51:18.0693 AM
[ReportManager] Initial URL: [] @11-11-2021 01:51:18.0756 AM
[ReportManager] Browser Action [NavigateToURL] successfully performed. With the following test data [https://duckduckgo.com]. @11-11-2021 01:51:19.0390 A

################################################################################################################################################
Starting Execution:	[19 out of 146] test cases in the current suite
Test Method:		[unitTests.tests_browserActions.setWindowSize]
################################################################################################################################################
[ReportManager] Initial window size: (1176, 811) @11-11-2021 01:51:19.0397 AM
[ReportManager] Window size after SWD: (1280, 720) @11-11-2021 01:51:19.0428 AM
[ReportManager] Browser Action [SetWindowSize] successfully performed. With the following test data [New screen size is now: (1280, 720)]. @11-11-2021 01:51:19.0434 A
[ReportManager] Target URL: [https://duckduckgo.com] @11-11-2021 01:51:19.0437 AM
[ReportManager] Initial URL: [https://duckduckgo.com] @11-11-2021 01:51:19.0471 AM
[ReportManager] Browser Action [NavigateToURL] successfully performed. With the following test data [https://duckduckgo.com]. @11-11-2021 01:51:19.0838 AM
[ReportManager] Browser Action [CloseCurrentWindow] successfully performed. @11-11-2021 01:51:19.0906 AM
[ReportManager] Successfully created attachment [Browser Action Test Data - CloseCurrentWindow - Actual Value] @11-11-2021 01:51:19.0907 A
[ReportManager] Successfully loaded the following test data file [src/test/resources/TestDataFiles/testSuite01/TestData.xlsx]. @11-11-2021 01:51:20.0842 AM
[ReportManager] Successfully created attachment [Test Data - Excel] @11-11-2021 01:51:20.0843 A

################################################################################################################################################
Starting Execution:	[20 out of 146] test cases in the current suite
Test Method:		[unitTests.tests_io_excelFileManager.getCellData_rowName_expectedToPass]
################################################################################################################################################
[ReportManager] testRowData. @11-11-2021 01:51:20.0856 A

################################################################################################################################################
Starting Execution:	[21 out of 146] test cases in the current suite
Test Method:		[unitTests.tests_validations_assertions.assertComparativeRelation_greaterThanOrEquals_false_equals_expectedToFail]
################################################################################################################################################
[ReportManager] Assertion [ValidateComparativeRelation] FAILED. Expected [1] and Actual [1]. Comparison Type [GREATER_THAN_OR_EQUALS]. Validation Type [NEGATIVE]. @11-11-2021 01:51:20.0862 A

################################################################################################################################################
Starting Execution:	[22 out of 146] test cases in the current suite
Test Method:		[unitTests.tests_validations_assertions.assertComparativeRelation_greaterThanOrEquals_false_equals_expectedToPass]
################################################################################################################################################
[ReportManager] Assertion [ValidateComparativeRelation] PASSED. Expected [2] and Actual [1]. Comparison Type [GREATER_THAN_OR_EQUALS]. Validation Type [NEGATIVE]. @11-11-2021 01:51:20.0866 A

################################################################################################################################################
Starting Execution:	[23 out of 146] test cases in the current suite
Test Method:		[unitTests.tests_validations_assertions.assertComparativeRelation_greaterThanOrEquals_false_greaterThan_expectedToFail]
################################################################################################################################################
[ReportManager] Assertion [ValidateComparativeRelation] FAILED. Expected [1] and Actual [2]. Comparison Type [GREATER_THAN_OR_EQUALS]. Validation Type [NEGATIVE]. @11-11-2021 01:51:20.0872 A

################################################################################################################################################
Starting Execution:	[24 out of 146] test cases in the current suite
Test Method:		[unitTests.tests_validations_assertions.assertComparativeRelation_greaterThanOrEquals_false_greaterThan_expectedToPass]
################################################################################################################################################
[ReportManager] Assertion [ValidateComparativeRelation] PASSED. Expected [2] and Actual [1]. Comparison Type [GREATER_THAN_OR_EQUALS]. Validation Type [NEGATIVE]. @11-11-2021 01:51:20.0876 A

################################################################################################################################################
Starting Execution:	[25 out of 146] test cases in the current suite
Test Method:		[unitTests.tests_validations_assertions.assertComparativeRelation_greaterThanOrEquals_true_equals_expectedToFail]
################################################################################################################################################
[ReportManager] Assertion [ValidateComparativeRelation] FAILED. Expected [1] and Actual [0]. Comparison Type [GREATER_THAN_OR_EQUALS]. Validation Type [POSITIVE]. @11-11-2021 01:51:20.0882 A

################################################################################################################################################
Starting Execution:	[26 out of 146] test cases in the current suite
Test Method:		[unitTests.tests_validations_assertions.assertComparativeRelation_greaterThanOrEquals_true_equals_expectedToPass]
################################################################################################################################################
[ReportManager] Assertion [ValidateComparativeRelation] PASSED. Expected [1] and Actual [1]. Comparison Type [GREATER_THAN_OR_EQUALS]. Validation Type [POSITIVE]. @11-11-2021 01:51:20.0885 A

################################################################################################################################################
Starting Execution:	[27 out of 146] test cases in the current suite
Test Method:		[unitTests.tests_validations_assertions.assertComparativeRelation_greaterThanOrEquals_true_greaterThan_expectedToFail]
################################################################################################################################################
[ReportManager] Assertion [ValidateComparativeRelation] FAILED. Expected [2] and Actual [1]. Comparison Type [GREATER_THAN_OR_EQUALS]. Validation Type [POSITIVE]. @11-11-2021 01:51:20.0890 A

################################################################################################################################################
Starting Execution:	[28 out of 146] test cases in the current suite
Test Method:		[unitTests.tests_validations_assertions.assertComparativeRelation_greaterThanOrEquals_true_greaterThan_expectedToPass]
################################################################################################################################################
[ReportManager] Assertion [ValidateComparativeRelation] PASSED. Expected [1] and Actual [2]. Comparison Type [GREATER_THAN_OR_EQUALS]. Validation Type [POSITIVE]. @11-11-2021 01:51:20.0895 A
[ReportManager] File Action [GetAbsolutePath] successfully performed. With the following test data [Relative Folder Path: "target/downloadedFiles/"]. @11-11-2021 01:51:20.0898 AM
[ReportManager] Attempting to run locally on: [Mac-64], [Safari], Headless Execution. @11-11-2021 01:51:20.0898 AM
[ReportManager] Successfully Opened Safari. @11-11-2021 01:51:21.0709 AM
[ReportManager] Initial window size: (800, 600) @11-11-2021 01:51:21.0719 AM
[ReportManager] Window size after SWD Maximize: (1176, 811) @11-11-2021 01:51:21.0743 AM
[ReportManager] Browser Action [MaximizeWindow] successfully performed. With the following test data [New screen size is now: (1176, 811)]. @11-11-2021 01:51:21.0743 AM
[ReportManager] Target URL: [https://www.google.com/ncr], and after redirection: [www.google.com] @11-11-2021 01:51:21.0744 AM
[ReportManager] Initial URL: [] @11-11-2021 01:51:21.0805 AM
[ReportManager] Browser Action [NavigateToURL] successfully performed. With the following test data [https://www.google.com/ncr]. @11-11-2021 01:51:23.0214 A

################################################################################################################################################
Starting Execution:	[29 out of 146] test cases in the current suite
Test Method:		[unitTests.tests_validations_assertions.assertElementAttribute_false_caseInsensitiveComparison_expectedToFail]
################################################################################################################################################
[ReportManager] Element Action [Type] successfully performed. With the following test data [AUTOMATION]. @11-11-2021 01:51:23.0632 AM
[ReportManager] Element Action [GetText] successfully performed. With the following test data [AUTOMATION]. @11-11-2021 01:51:23.0691 AM
[ReportManager] Loaded Shared OpenCV @11-11-2021 01:51:24.0744 AM
[ReportManager] Assertion [ValidateElementAttribute] FAILED. Expected [Value Should not be 'AutomaTion' for the 'text' attribute, element locator 'By.name: q'] and Actual [AUTOMATION]. Comparison Type [CASE_INSENSITIVE]. Validation Type [NEGATIVE]. @11-11-2021 01:51:25.0005 AM
[ReportManager] Successfully created attachment [Screenshot - 1636595483754_assertElementAttribute_false_caseInsensitiveComparison_expectedToFail_ValidateElementAttribute_failed] @11-11-2021 01:51:25.0010 A
[ReportManager] Browser Action [CloseCurrentWindow] successfully performed. @11-11-2021 01:51:25.0252 AM
[ReportManager] Successfully created attachment [Browser Action Test Data - CloseCurrentWindow - Actual Value] @11-11-2021 01:51:25.0254 A
[ReportManager] File Action [GetAbsolutePath] successfully performed. With the following test data [Relative Folder Path: "target/downloadedFiles/"]. @11-11-2021 01:51:25.0268 AM
[ReportManager] Attempting to run locally on: [Mac-64], [Safari], Headless Execution. @11-11-2021 01:51:25.0268 AM
[ReportManager] Successfully Opened Safari. @11-11-2021 01:51:26.0076 AM
[ReportManager] Initial window size: (800, 600) @11-11-2021 01:51:26.0085 AM
[ReportManager] Window size after SWD Maximize: (1176, 811) @11-11-2021 01:51:26.0109 AM
[ReportManager] Browser Action [MaximizeWindow] successfully performed. With the following test data [New screen size is now: (1176, 811)]. @11-11-2021 01:51:26.0109 AM
[ReportManager] Target URL: [https://www.google.com/ncr], and after redirection: [www.google.com] @11-11-2021 01:51:26.0110 AM
[ReportManager] Initial URL: [] @11-11-2021 01:51:26.0154 AM
[ReportManager] Browser Action [NavigateToURL] successfully performed. With the following test data [https://www.google.com/ncr]. @11-11-2021 01:51:27.0555 A

################################################################################################################################################
Starting Execution:	[30 out of 146] test cases in the current suite
Test Method:		[unitTests.tests_validations_assertions.assertElementAttribute_false_caseInsensitiveComparison_expectedToPass]
################################################################################################################################################
[ReportManager] Element Action [Type] successfully performed. With the following test data [AUTOMATION]. @11-11-2021 01:51:28.0352 AM
[ReportManager] Element Action [GetText] successfully performed. With the following test data [AUTOMATION]. @11-11-2021 01:51:28.0413 AM
[ReportManager] Loaded Shared OpenCV @11-11-2021 01:51:28.0485 AM
[ReportManager] Assertion [ValidateElementAttribute] PASSED. Expected [Value Should not be 'AutomaTion123' for the 'text' attribute, element locator 'By.name: q'] and Actual [AUTOMATION]. Comparison Type [CASE_INSENSITIVE]. Validation Type [NEGATIVE]. @11-11-2021 01:51:28.0763 AM
[ReportManager] Successfully created attachment [Screenshot - 1636595488484_assertElementAttribute_false_caseInsensitiveComparison_expectedToPass_ValidateElementAttribute_passed] @11-11-2021 01:51:28.0848 A
[ReportManager] Browser Action [CloseCurrentWindow] successfully performed. @11-11-2021 01:51:29.0141 AM
[ReportManager] Successfully created attachment [Browser Action Test Data - CloseCurrentWindow - Actual Value] @11-11-2021 01:51:29.0223 A
[ReportManager] File Action [GetAbsolutePath] successfully performed. With the following test data [Relative Folder Path: "target/downloadedFiles/"]. @11-11-2021 01:51:29.0393 AM
[ReportManager] Attempting to run locally on: [Mac-64], [Safari], Headless Execution. @11-11-2021 01:51:29.0393 AM
[ReportManager] Successfully Opened Safari. @11-11-2021 01:51:32.0524 AM
[ReportManager] Initial window size: (800, 600) @11-11-2021 01:51:32.0535 AM
[ReportManager] Window size after SWD Maximize: (1176, 811) @11-11-2021 01:51:32.0553 AM
[ReportManager] Browser Action [MaximizeWindow] successfully performed. With the following test data [New screen size is now: (1176, 811)]. @11-11-2021 01:51:32.0553 AM
[ReportManager] Target URL: [https://www.google.com/ncr], and after redirection: [www.google.com] @11-11-2021 01:51:32.0553 AM
[ReportManager] Initial URL: [] @11-11-2021 01:51:32.0628 AM
[ReportManager] Browser Action [NavigateToURL] successfully performed. With the following test data [https://www.google.com/ncr]. @11-11-2021 01:51:34.0332 A

################################################################################################################################################
Starting Execution:	[31 out of 146] test cases in the current suite
Test Method:		[unitTests.tests_validations_assertions.assertElementAttribute_false_containsComparison_expectedToFail]
################################################################################################################################################
[ReportManager] Element Action [Type] successfully performed. With the following test data [Automation123]. @11-11-2021 01:51:34.0905 AM
[ReportManager] Element Action [GetText] successfully performed. With the following test data [Automation123]. @11-11-2021 01:51:34.0986 AM
[ReportManager] Loaded Shared OpenCV @11-11-2021 01:51:35.0049 AM
[ReportManager] Assertion [ValidateElementAttribute] FAILED. Expected [Value Should not be 'Automation' for the 'text' attribute, element locator 'By.name: q'] and Actual [Automation123]. Comparison Type [CONTAINS]. Validation Type [NEGATIVE]. @11-11-2021 01:51:35.0314 AM
[ReportManager] Successfully created attachment [Screenshot - 1636595495049_assertElementAttribute_false_containsComparison_expectedToFail_ValidateElementAttribute_failed] @11-11-2021 01:51:35.0397 A
[ReportManager] Browser Action [CloseCurrentWindow] successfully performed. @11-11-2021 01:51:35.0846 AM
[ReportManager] Successfully created attachment [Browser Action Test Data - CloseCurrentWindow - Actual Value] @11-11-2021 01:51:35.0888 A
[ReportManager] File Action [GetAbsolutePath] successfully performed. With the following test data [Relative Folder Path: "target/downloadedFiles/"]. @11-11-2021 01:51:36.0016 AM
[ReportManager] Attempting to run locally on: [Mac-64], [Safari], Headless Execution. @11-11-2021 01:51:36.0016 AM
[ReportManager] Successfully Opened Safari. @11-11-2021 01:51:37.0274 AM
[ReportManager] Initial window size: (800, 600) @11-11-2021 01:51:37.0324 AM
[ReportManager] Window size after SWD Maximize: (1176, 811) @11-11-2021 01:51:37.0362 AM
[ReportManager] Browser Action [MaximizeWindow] successfully performed. With the following test data [New screen size is now: (1176, 811)]. @11-11-2021 01:51:37.0362 AM
[ReportManager] Target URL: [https://www.google.com/ncr], and after redirection: [www.google.com] @11-11-2021 01:51:37.0363 AM
[ReportManager] Initial URL: [] @11-11-2021 01:51:37.0416 AM
[ReportManager] Browser Action [NavigateToURL] successfully performed. With the following test data [https://www.google.com/ncr]. @11-11-2021 01:51:38.0490 A

################################################################################################################################################
Starting Execution:	[32 out of 146] test cases in the current suite
Test Method:		[unitTests.tests_validations_assertions.assertElementAttribute_false_containsComparison_expectedToPass]
################################################################################################################################################
[ReportManager] Element Action [Type] successfully performed. With the following test data [Automation123]. @11-11-2021 01:51:39.0109 AM
[ReportManager] Element Action [GetText] successfully performed. With the following test data [Automation123]. @11-11-2021 01:51:39.0182 AM
[ReportManager] Loaded Shared OpenCV @11-11-2021 01:51:39.0249 AM
[ReportManager] Assertion [ValidateElementAttribute] PASSED. Expected [Value Should not be 'Automation1234' for the 'text' attribute, element locator 'By.name: q'] and Actual [Automation123]. Comparison Type [CONTAINS]. Validation Type [NEGATIVE]. @11-11-2021 01:51:39.0586 AM
[ReportManager] Successfully created attachment [Screenshot - 1636595499249_assertElementAttribute_false_containsComparison_expectedToPass_ValidateElementAttribute_passed] @11-11-2021 01:51:39.0588 A
[ReportManager] Browser Action [CloseCurrentWindow] successfully performed. @11-11-2021 01:51:39.0741 AM
[ReportManager] Successfully created attachment [Browser Action Test Data - CloseCurrentWindow - Actual Value] @11-11-2021 01:51:39.0777 A
[ReportManager] File Action [GetAbsolutePath] successfully performed. With the following test data [Relative Folder Path: "target/downloadedFiles/"]. @11-11-2021 01:51:39.0936 AM
[ReportManager] Attempting to run locally on: [Mac-64], [Safari], Headless Execution. @11-11-2021 01:51:39.0936 A

################################################################################################################################################
Starting Execution:	[33 out of 146] test cases in the current suite
Test Method:		[unitTests.tests_validations_assertions.assertElementAttribute_false_literalComparison_expectedToFail]
###############################################################################################################################################



################################################################################################################################################
Starting Execution:	[34 out of 146] test cases in the current suite
Test Method:		[unitTests.tests_validations_assertions.assertElementAttribute_false_literalComparison_expectedToPass]
###############################################################################################################################################



################################################################################################################################################
Starting Execution:	[35 out of 146] test cases in the current suite
Test Method:		[unitTests.tests_validations_assertions.assertElementAttribute_false_regexComparison_expectedToFail]
###############################################################################################################################################



################################################################################################################################################
Starting Execution:	[36 out of 146] test cases in the current suite
Test Method:		[unitTests.tests_validations_assertions.assertElementAttribute_false_regexComparison_expectedToPass]
###############################################################################################################################################



################################################################################################################################################
Starting Execution:	[37 out of 146] test cases in the current suite
Test Method:		[unitTests.tests_validations_assertions.assertElementAttribute_true_caseInsensitiveComparison_expectedToFail]
###############################################################################################################################################



################################################################################################################################################
Starting Execution:	[38 out of 146] test cases in the current suite
Test Method:		[unitTests.tests_validations_assertions.assertElementAttribute_true_caseInsensitiveComparison_expectedToPass]
###############################################################################################################################################



################################################################################################################################################
Starting Execution:	[39 out of 146] test cases in the current suite
Test Method:		[unitTests.tests_validations_assertions.assertElementAttribute_true_containsComparison_expectedToFail]
###############################################################################################################################################



################################################################################################################################################
Starting Execution:	[40 out of 146] test cases in the current suite
Test Method:		[unitTests.tests_validations_assertions.assertElementAttribute_true_containsComparison_expectedToPass]
###############################################################################################################################################



################################################################################################################################################
Starting Execution:	[41 out of 146] test cases in the current suite
Test Method:		[unitTests.tests_validations_assertions.assertElementAttribute_true_literalComparison_expectedToFail]
###############################################################################################################################################



################################################################################################################################################
Starting Execution:	[42 out of 146] test cases in the current suite
Test Method:		[unitTests.tests_validations_assertions.assertElementAttribute_true_literalComparison_expectedToPass]
###############################################################################################################################################



################################################################################################################################################
Starting Execution:	[43 out of 146] test cases in the current suite
Test Method:		[unitTests.tests_validations_assertions.assertElementAttribute_true_regexComparison_expectedToFail]
###############################################################################################################################################



################################################################################################################################################
Starting Execution:	[44 out of 146] test cases in the current suite
Test Method:		[unitTests.tests_validations_assertions.assertElementAttribute_true_regexComparison_expectedToPass]
###############################################################################################################################################



################################################################################################################################################
Starting Execution:	[45 out of 146] test cases in the current suite
Test Method:		[unitTests.tests_validations_assertions.assertElementAttribute_type_true_literalComparison_expectedToPass]
###############################################################################################################################################



################################################################################################################################################
Starting Execution:	[46 out of 146] test cases in the current suite
Test Method:		[unitTests.tests_validations_assertions.assertElementExists_false_expectedToFail]
###############################################################################################################################################



################################################################################################################################################
Starting Execution:	[47 out of 146] test cases in the current suite
Test Method:		[unitTests.tests_validations_assertions.assertElementExists_false_expectedToPass]
###############################################################################################################################################



################################################################################################################################################
Starting Execution:	[48 out of 146] test cases in the current suite
Test Method:		[unitTests.tests_validations_assertions.assertElementExists_false_multipleElementsFound_expectedToFail]
###############################################################################################################################################



################################################################################################################################################
Starting Execution:	[49 out of 146] test cases in the current suite
Test Method:		[unitTests.tests_validations_assertions.assertElementExists_true_expectedToFail]
###############################################################################################################################################



################################################################################################################################################
Starting Execution:	[50 out of 146] test cases in the current suite
Test Method:		[unitTests.tests_validations_assertions.assertElementExists_true_expectedToPass]
###############################################################################################################################################



################################################################################################################################################
Starting Execution:	[51 out of 146] test cases in the current suite
Test Method:		[unitTests.tests_validations_assertions.assertElementExists_true_multipleElementsFound_expectedToFail]
###############################################################################################################################################


################################################################################################################################################
Starting Execution:	[52 out of 146] test cases in the current suite
Test Method:		[unitTests.tests_validations_assertions.assertEquals_false_expectedToFail]
###############################################################################################################################################

################################################################################################################################################
Starting Execution:	[53 out of 146] test cases in the current suite
Test Method:		[unitTests.tests_validations_assertions.assertEquals_false_expectedToPass]
###############################################################################################################################################

################################################################################################################################################
Starting Execution:	[54 out of 146] test cases in the current suite
Test Method:		[unitTests.tests_validations_assertions.assertEquals_longCharacters]
###############################################################################################################################################

################################################################################################################################################
Starting Execution:	[55 out of 146] test cases in the current suite
Test Method:		[unitTests.tests_validations_assertions.assertEquals_longCharacters_Discreet]
###############################################################################################################################################

################################################################################################################################################
Starting Execution:	[56 out of 146] test cases in the current suite
Test Method:		[unitTests.tests_validations_assertions.assertEquals_true_expectedToFail]
###############################################################################################################################################

################################################################################################################################################
Starting Execution:	[57 out of 146] test cases in the current suite
Test Method:		[unitTests.tests_validations_assertions.assertEquals_true_expectedToPass]
Test Description:	[Assert that assertEquals works as expected when the two values are equal.]
###############################################################################################################################################

################################################################################################################################################
Starting Execution:	[58 out of 146] test cases in the current suite
Test Method:		[unitTests.tests_validations_assertions.assertEquals_true_expectedToPass__]
###############################################################################################################################################

################################################################################################################################################
Starting Execution:	[59 out of 146] test cases in the current suite
Test Method:		[unitTests.tests_validations_assertions.assertFileExists_false_expectedToFail]
###############################################################################################################################################

################################################################################################################################################
Starting Execution:	[60 out of 146] test cases in the current suite
Test Method:		[unitTests.tests_validations_assertions.assertFileExists_false_expectedToPass]
###############################################################################################################################################

################################################################################################################################################
Starting Execution:	[61 out of 146] test cases in the current suite
Test Method:		[unitTests.tests_validations_assertions.assertFileExists_true_expectedToFail]
###############################################################################################################################################

################################################################################################################################################
Starting Execution:	[62 out of 146] test cases in the current suite
Test Method:		[unitTests.tests_validations_assertions.assertFileExists_true_expectedToPass]
###############################################################################################################################################

################################################################################################################################################
Starting Execution:	[63 out of 146] test cases in the current suite
Test Method:		[unitTests.tests_validations_assertions.assertNull_false_expectedToFail]
###############################################################################################################################################

################################################################################################################################################
Starting Execution:	[64 out of 146] test cases in the current suite
Test Method:		[unitTests.tests_validations_assertions.assertNull_false_expectedToPass]
###############################################################################################################################################

################################################################################################################################################
Starting Execution:	[65 out of 146] test cases in the current suite
Test Method:		[unitTests.tests_validations_assertions.assertNull_true_expectedToFail]
###############################################################################################################################################

################################################################################################################################################
Starting Execution:	[66 out of 146] test cases in the current suite
Test Method:		[unitTests.tests_validations_assertions.assertNull_true_expectedToPass]
###############################################################################################################################################

################################################################################################################################################
Starting Execution:	[67 out of 146] test cases in the current suite
Test Method:		[unitTests.tests_restActions.getPostsAndAssertBodyForSpecificTitle]
################################################################################################################################################
[ReportManager] Response status code: [200], status line: [HTTP/1.1 200 OK] @11-11-2021 01:51:44.0185 AM
[ReportManager] Assertion Passed: Evaluating the actual response status code against the expected one... @11-11-2021 01:51:44.0191 AM
[ReportManager] Assertion [ValidateComparativeRelation] PASSED. Expected [200] and Actual [200]. Comparison Type [EQUALS]. Validation Type [POSITIVE]. @11-11-2021 01:51:44.0192 AM
[ReportManager] API Action [PerformRequest] successfully performed. With the following test data [Request Type: "GET" | Target Status Code: "200" | Service URL: "https://jsonplaceholder.typicode.com/posts" | Content Type: "*/*" | Response Time: "667ms"]. @11-11-2021 01:51:45.0200 AM
[ReportManager] Successfully created attachment [API Request - Specifications] @11-11-2021 01:51:45.0242 AM
[ReportManager] Successfully created attachment [API Response - JSON Body] @11-11-2021 01:51:45.0562 AM
[ReportManager] API Action [GetResponseJSONValueAsList] successfully performed. @11-11-2021 01:51:45.0592 AM
[ReportManager] API Action [GetResponseJSONValue] successfully performed. With the following test data [title]. @11-11-2021 01:51:45.0615 AM
[ReportManager] API Action [GetResponseJSONValue] successfully performed. With the following test data [title]. @11-11-2021 01:51:45.0630 AM
[ReportManager] API Action [GetResponseJSONValue] successfully performed. With the following test data [body]. @11-11-2021 01:51:45.0644 AM
[ReportManager] Assertion [ValidateEquals] PASSED. Expected [qui neque nisi nulla] and Actual [est rerum tempore vitae
sequi sint nihil reprehenderit dolor beatae ea dolores neque
fugiat blanditiis voluptate porro vel nihil molestiae ut reiciendis
qui aperiam non debitis possimus qui neque nisi nulla]. Comparison Type [CONTAINS]. Validation Type [POSITIVE]. @11-11-2021 01:51:45.0644 AM
[ReportManager] API Action [GetResponseJSONValue] successfully performed. With the following test data [title]. @11-11-2021 01:51:45.0657 AM
[ReportManager] API Action [GetResponseJSONValue] successfully performed. With the following test data [title]. @11-11-2021 01:51:45.0670 AM
[ReportManager] API Action [GetResponseJSONValue] successfully performed. With the following test data [title]. @11-11-2021 01:51:45.0683 AM
[ReportManager] API Action [GetResponseJSONValue] successfully performed. With the following test data [title]. @11-11-2021 01:51:45.0697 AM
[ReportManager] API Action [GetResponseJSONValue] successfully performed. With the following test data [title]. @11-11-2021 01:51:45.0709 AM
[ReportManager] API Action [GetResponseJSONValue] successfully performed. With the following test data [title]. @11-11-2021 01:51:45.0723 AM
[ReportManager] API Action [GetResponseJSONValue] successfully performed. With the following test data [title]. @11-11-2021 01:51:45.0736 AM
[ReportManager] API Action [GetResponseJSONValue] successfully performed. With the following test data [title]. @11-11-2021 01:51:45.0749 AM
[ReportManager] API Action [GetResponseJSONValue] successfully performed. With the following test data [title]. @11-11-2021 01:51:45.0763 AM
[ReportManager] API Action [GetResponseJSONValue] successfully performed. With the following test data [title]. @11-11-2021 01:51:45.0776 AM
[ReportManager] API Action [GetResponseJSONValue] successfully performed. With the following test data [title]. @11-11-2021 01:51:45.0790 AM
[ReportManager] API Action [GetResponseJSONValue] successfully performed. With the following test data [title]. @11-11-2021 01:51:45.0805 AM
[ReportManager] API Action [GetResponseJSONValue] successfully performed. With the following test data [title]. @11-11-2021 01:51:45.0818 AM
[ReportManager] API Action [GetResponseJSONValue] successfully performed. With the following test data [title]. @11-11-2021 01:51:45.0831 AM
[ReportManager] API Action [GetResponseJSONValue] successfully performed. With the following test data [title]. @11-11-2021 01:51:45.0844 AM
[ReportManager] API Action [GetResponseJSONValue] successfully performed. With the following test data [title]. @11-11-2021 01:51:45.0857 AM
[ReportManager] API Action [GetResponseJSONValue] successfully performed. With the following test data [title]. @11-11-2021 01:51:45.0869 AM
[ReportManager] API Action [GetResponseJSONValue] successfully performed. With the following test data [title]. @11-11-2021 01:51:45.0882 AM
[ReportManager] API Action [GetResponseJSONValue] successfully performed. With the following test data [title]. @11-11-2021 01:51:45.0895 AM
[ReportManager] API Action [GetResponseJSONValue] successfully performed. With the following test data [title]. @11-11-2021 01:51:45.0909 AM
[ReportManager] API Action [GetResponseJSONValue] successfully performed. With the following test data [title]. @11-11-2021 01:51:45.0921 AM
[ReportManager] API Action [GetResponseJSONValue] successfully performed. With the following test data [title]. @11-11-2021 01:51:45.0935 AM
[ReportManager] API Action [GetResponseJSONValue] successfully performed. With the following test data [title]. @11-11-2021 01:51:45.0948 AM
[ReportManager] API Action [GetResponseJSONValue] successfully performed. With the following test data [title]. @11-11-2021 01:51:45.0961 AM
[ReportManager] API Action [GetResponseJSONValue] successfully performed. With the following test data [title]. @11-11-2021 01:51:45.0991 AM
[ReportManager] API Action [GetResponseJSONValue] successfully performed. With the following test data [title]. @11-11-2021 01:51:46.0004 AM
[ReportManager] API Action [GetResponseJSONValue] successfully performed. With the following test data [title]. @11-11-2021 01:51:46.0018 AM
[ReportManager] API Action [GetResponseJSONValue] successfully performed. With the following test data [title]. @11-11-2021 01:51:46.0034 AM
[ReportManager] API Action [GetResponseJSONValue] successfully performed. With the following test data [title]. @11-11-2021 01:51:46.0045 AM
[ReportManager] API Action [GetResponseJSONValue] successfully performed. With the following test data [title]. @11-11-2021 01:51:46.0058 AM
[ReportManager] API Action [GetResponseJSONValue] successfully performed. With the following test data [title]. @11-11-2021 01:51:46.0069 AM
[ReportManager] API Action [GetResponseJSONValue] successfully performed. With the following test data [title]. @11-11-2021 01:51:46.0084 AM
[ReportManager] API Action [GetResponseJSONValue] successfully performed. With the following test data [title]. @11-11-2021 01:51:46.0099 AM
[ReportManager] API Action [GetResponseJSONValue] successfully performed. With the following test data [title]. @11-11-2021 01:51:46.0112 AM
[ReportManager] API Action [GetResponseJSONValue] successfully performed. With the following test data [title]. @11-11-2021 01:51:46.0125 AM
[ReportManager] API Action [GetResponseJSONValue] successfully performed. With the following test data [title]. @11-11-2021 01:51:46.0137 AM
[ReportManager] API Action [GetResponseJSONValue] successfully performed. With the following test data [title]. @11-11-2021 01:51:46.0148 AM
[ReportManager] API Action [GetResponseJSONValue] successfully performed. With the following test data [title]. @11-11-2021 01:51:46.0161 AM
[ReportManager] API Action [GetResponseJSONValue] successfully performed. With the following test data [title]. @11-11-2021 01:51:46.0174 AM
[ReportManager] API Action [GetResponseJSONValue] successfully performed. With the following test data [title]. @11-11-2021 01:51:46.0186 AM
[ReportManager] API Action [GetResponseJSONValue] successfully performed. With the following test data [title]. @11-11-2021 01:51:46.0199 AM
[ReportManager] API Action [GetResponseJSONValue] successfully performed. With the following test data [title]. @11-11-2021 01:51:46.0210 AM
[ReportManager] API Action [GetResponseJSONValue] successfully performed. With the following test data [title]. @11-11-2021 01:51:46.0222 AM
[ReportManager] API Action [GetResponseJSONValue] successfully performed. With the following test data [title]. @11-11-2021 01:51:46.0238 AM
[ReportManager] API Action [GetResponseJSONValue] successfully performed. With the following test data [title]. @11-11-2021 01:51:46.0251 AM
[ReportManager] API Action [GetResponseJSONValue] successfully performed. With the following test data [title]. @11-11-2021 01:51:46.0262 AM
[ReportManager] API Action [GetResponseJSONValue] successfully performed. With the following test data [title]. @11-11-2021 01:51:46.0274 AM
[ReportManager] API Action [GetResponseJSONValue] successfully performed. With the following test data [title]. @11-11-2021 01:51:46.0290 AM
[ReportManager] API Action [GetResponseJSONValue] successfully performed. With the following test data [title]. @11-11-2021 01:51:46.0303 AM
[ReportManager] API Action [GetResponseJSONValue] successfully performed. With the following test data [title]. @11-11-2021 01:51:46.0314 AM
[ReportManager] API Action [GetResponseJSONValue] successfully performed. With the following test data [title]. @11-11-2021 01:51:46.0326 AM
[ReportManager] API Action [GetResponseJSONValue] successfully performed. With the following test data [title]. @11-11-2021 01:51:46.0338 AM
[ReportManager] API Action [GetResponseJSONValue] successfully performed. With the following test data [title]. @11-11-2021 01:51:46.0352 AM
[ReportManager] API Action [GetResponseJSONValue] successfully performed. With the following test data [title]. @11-11-2021 01:51:46.0364 AM
[ReportManager] API Action [GetResponseJSONValue] successfully performed. With the following test data [title]. @11-11-2021 01:51:46.0376 AM
[ReportManager] API Action [GetResponseJSONValue] successfully performed. With the following test data [title]. @11-11-2021 01:51:46.0388 AM
[ReportManager] API Action [GetResponseJSONValue] successfully performed. With the following test data [title]. @11-11-2021 01:51:46.0400 AM
[ReportManager] API Action [GetResponseJSONValue] successfully performed. With the following test data [title]. @11-11-2021 01:51:46.0413 AM
[ReportManager] API Action [GetResponseJSONValue] successfully performed. With the following test data [title]. @11-11-2021 01:51:46.0425 AM
[ReportManager] API Action [GetResponseJSONValue] successfully performed. With the following test data [title]. @11-11-2021 01:51:46.0456 AM
[ReportManager] API Action [GetResponseJSONValue] successfully performed. With the following test data [title]. @11-11-2021 01:51:46.0468 AM
[ReportManager] API Action [GetResponseJSONValue] successfully performed. With the following test data [title]. @11-11-2021 01:51:46.0479 AM
[ReportManager] API Action [GetResponseJSONValue] successfully performed. With the following test data [title]. @11-11-2021 01:51:46.0491 AM
[ReportManager] API Action [GetResponseJSONValue] successfully performed. With the following test data [title]. @11-11-2021 01:51:46.0504 AM
[ReportManager] API Action [GetResponseJSONValue] successfully performed. With the following test data [title]. @11-11-2021 01:51:46.0515 AM
[ReportManager] API Action [GetResponseJSONValue] successfully performed. With the following test data [title]. @11-11-2021 01:51:46.0528 AM
[ReportManager] API Action [GetResponseJSONValue] successfully performed. With the following test data [title]. @11-11-2021 01:51:46.0540 AM
[ReportManager] API Action [GetResponseJSONValue] successfully performed. With the following test data [title]. @11-11-2021 01:51:46.0552 AM
[ReportManager] API Action [GetResponseJSONValue] successfully performed. With the following test data [title]. @11-11-2021 01:51:46.0564 AM
[ReportManager] API Action [GetResponseJSONValue] successfully performed. With the following test data [title]. @11-11-2021 01:51:46.0579 AM
[ReportManager] API Action [GetResponseJSONValue] successfully performed. With the following test data [title]. @11-11-2021 01:51:46.0590 AM
[ReportManager] API Action [GetResponseJSONValue] successfully performed. With the following test data [title]. @11-11-2021 01:51:46.0603 AM
[ReportManager] API Action [GetResponseJSONValue] successfully performed. With the following test data [title]. @11-11-2021 01:51:46.0616 AM
[ReportManager] API Action [GetResponseJSONValue] successfully performed. With the following test data [title]. @11-11-2021 01:51:46.0626 AM
[ReportManager] API Action [GetResponseJSONValue] successfully performed. With the following test data [title]. @11-11-2021 01:51:46.0637 AM
[ReportManager] API Action [GetResponseJSONValue] successfully performed. With the following test data [title]. @11-11-2021 01:51:46.0650 AM
[ReportManager] API Action [GetResponseJSONValue] successfully performed. With the following test data [title]. @11-11-2021 01:51:46.0662 AM
[ReportManager] API Action [GetResponseJSONValue] successfully performed. With the following test data [title]. @11-11-2021 01:51:46.0673 AM
[ReportManager] API Action [GetResponseJSONValue] successfully performed. With the following test data [title]. @11-11-2021 01:51:46.0686 AM
[ReportManager] API Action [GetResponseJSONValue] successfully performed. With the following test data [title]. @11-11-2021 01:51:46.0699 AM
[ReportManager] API Action [GetResponseJSONValue] successfully performed. With the following test data [title]. @11-11-2021 01:51:46.0710 AM
[ReportManager] API Action [GetResponseJSONValue] successfully performed. With the following test data [title]. @11-11-2021 01:51:46.0723 AM
[ReportManager] API Action [GetResponseJSONValue] successfully performed. With the following test data [title]. @11-11-2021 01:51:46.0734 AM
[ReportManager] API Action [GetResponseJSONValue] successfully performed. With the following test data [title]. @11-11-2021 01:51:46.0744 AM
[ReportManager] API Action [GetResponseJSONValue] successfully performed. With the following test data [title]. @11-11-2021 01:51:46.0757 AM
[ReportManager] API Action [GetResponseJSONValue] successfully performed. With the following test data [title]. @11-11-2021 01:51:46.0768 AM
[ReportManager] API Action [GetResponseJSONValue] successfully performed. With the following test data [title]. @11-11-2021 01:51:46.0778 AM
[ReportManager] API Action [GetResponseJSONValue] successfully performed. With the following test data [title]. @11-11-2021 01:51:46.0790 AM
[ReportManager] API Action [GetResponseJSONValue] successfully performed. With the following test data [title]. @11-11-2021 01:51:46.0802 AM
[ReportManager] API Action [GetResponseJSONValue] successfully performed. With the following test data [title]. @11-11-2021 01:51:46.0813 AM
[ReportManager] API Action [GetResponseJSONValue] successfully performed. With the following test data [title]. @11-11-2021 01:51:46.0826 AM
[ReportManager] API Action [GetResponseJSONValue] successfully performed. With the following test data [title]. @11-11-2021 01:51:46.0844 AM
[ReportManager] API Action [GetResponseJSONValue] successfully performed. With the following test data [title]. @11-11-2021 01:51:46.0856 AM
[ReportManager] API Action [GetResponseJSONValue] successfully performed. With the following test data [title]. @11-11-2021 01:51:46.0868 AM
[ReportManager] API Action [GetResponseJSONValue] successfully performed. With the following test data [title]. @11-11-2021 01:51:46.0884 AM
[ReportManager] API Action [GetResponseJSONValue] successfully performed. With the following test data [title]. @11-11-2021 01:51:46.0903 AM
[ReportManager] API Action [GetResponseJSONValue] successfully performed. With the following test data [title]. @11-11-2021 01:51:46.0918 AM
[ReportManager] API Action [GetResponseJSONValue] successfully performed. With the following test data [title]. @11-11-2021 01:51:46.0932 A

################################################################################################################################################
Starting Execution:	[68 out of 146] test cases in the current suite
Test Method:		[unitTests.tests_restActions.validateUserEmail]
################################################################################################################################################
[ReportManager] Response status code: [200], status line: [HTTP/1.1 200 OK] @11-11-2021 01:51:47.0151 AM
[ReportManager] Assertion Passed: Evaluating the actual response status code against the expected one... @11-11-2021 01:51:47.0151 AM
[ReportManager] Assertion [ValidateComparativeRelation] PASSED. Expected [200] and Actual [200]. Comparison Type [EQUALS]. Validation Type [POSITIVE]. @11-11-2021 01:51:47.0152 AM
[ReportManager] API Action [PerformRequest] successfully performed. With the following test data [Request Type: "GET" | Target Status Code: "200" | Service URL: "https://jsonplaceholder.typicode.com/users" | Content Type: "*/*" | Response Time: "86ms"]. @11-11-2021 01:51:47.0187 AM
[ReportManager] Successfully created attachment [API Request - Specifications] @11-11-2021 01:51:47.0228 AM
[ReportManager] Successfully created attachment [API Response - JSON Body] @11-11-2021 01:51:47.0270 AM
[ReportManager] Assertion [ValidateEquals] PASSED. Expected and Actual values are attached. Comparison Type [CONTAINS]. Validation Type [POSITIVE]. @11-11-2021 01:51:47.0271 AM
[ReportManager] Successfully created attachment [Validation Test Data - Expected Value] @11-11-2021 01:51:47.0352 AM
[ReportManager] Successfully created attachment [Validation Test Data - Actual Value] @11-11-2021 01:51:47.0394 AM
[ReportManager] API Action [GetResponseJSONValueAsList] successfully performed. With the following test data [$]. @11-11-2021 01:51:47.0403 AM
[ReportManager] API Action [GetResponseJSONValue] successfully performed. With the following test data [name]. @11-11-2021 01:51:47.0417 AM
[ReportManager] API Action [GetResponseJSONValue] successfully performed. With the following test data [email]. @11-11-2021 01:51:47.0428 AM
[ReportManager] Assertion [ValidateEquals] PASSED. Expected [Sincere@april.biz] and Actual [Sincere@april.biz]. Comparison Type [EQUALS]. Validation Type [POSITIVE]. @11-11-2021 01:51:47.0428 AM
[ReportManager] API Action [GetResponseJSONValue] successfully performed. With the following test data [name]. @11-11-2021 01:51:47.0441 AM
[ReportManager] API Action [GetResponseJSONValue] successfully performed. With the following test data [name]. @11-11-2021 01:51:47.0454 AM
[ReportManager] API Action [GetResponseJSONValue] successfully performed. With the following test data [name]. @11-11-2021 01:51:47.0467 AM
[ReportManager] API Action [GetResponseJSONValue] successfully performed. With the following test data [name]. @11-11-2021 01:51:47.0493 AM
[ReportManager] API Action [GetResponseJSONValue] successfully performed. With the following test data [name]. @11-11-2021 01:51:47.0504 AM
[ReportManager] API Action [GetResponseJSONValue] successfully performed. With the following test data [name]. @11-11-2021 01:51:47.0516 AM
[ReportManager] API Action [GetResponseJSONValue] successfully performed. With the following test data [name]. @11-11-2021 01:51:47.0528 AM
[ReportManager] API Action [GetResponseJSONValue] successfully performed. With the following test data [name]. @11-11-2021 01:51:47.0540 AM
[ReportManager] API Action [GetResponseJSONValue] successfully performed. With the following test data [name]. @11-11-2021 01:51:47.0553 A
[ReportManager] File Action [GetAbsolutePath] successfully performed. With the following test data [Relative Folder Path: "target/downloadedFiles/"]. @11-11-2021 01:51:47.0681 AM
[ReportManager] Attempting to run locally on: [Mac-64], [Safari], Headless Execution. @11-11-2021 01:51:47.0681 A

################################################################################################################################################
Starting Execution:	[69 out of 146] test cases in the current suite
Test Method:		[testPackage01.Test_uploadFile.uploadFile_invisibleUploadInput]
###############################################################################################################################################



################################################################################################################################################
Starting Execution:	[70 out of 146] test cases in the current suite
Test Method:		[testPackage01.Test_uploadFile.uploadFile_visibleUploadInput]
###############################################################################################################################################


################################################################################################################################################
Starting Execution:	[71 out of 146] test cases in the current suite
Test Method:		[testPackage01.Test_AssertApiResponseEquals.assertApiResponseEquals_expectedToPass]
################################################################################################################################################
[ReportManager] Response status code: [200], status line: [HTTP/1.1 200 OK] @11-11-2021 01:51:49.0104 AM
[ReportManager] Assertion Passed: Evaluating the actual response status code against the expected one... @11-11-2021 01:51:49.0104 AM
[ReportManager] Assertion [ValidateComparativeRelation] PASSED. Expected [200] and Actual [200]. Comparison Type [EQUALS]. Validation Type [POSITIVE]. @11-11-2021 01:51:49.0104 AM
[ReportManager] API Action [PerformRequest] successfully performed. With the following test data [Request Type: "GET" | Target Status Code: "200" | Service URL: "https://jsonplaceholder.typicode.com/users" | Content Type: "*/*" | Response Time: "74ms"]. @11-11-2021 01:51:49.0137 AM
[ReportManager] Successfully created attachment [API Request - Specifications] @11-11-2021 01:51:49.0149 AM
[ReportManager] Successfully created attachment [API Response - JSON Body] @11-11-2021 01:51:49.0150 AM
[ReportManager] API Action [GetResponseJSONValueAsList] successfully performed. With the following test data [$]. @11-11-2021 01:51:49.0161 AM
[ReportManager] API Action [GetResponseJSONValue] successfully performed. With the following test data [name]. @11-11-2021 01:51:49.0204 AM
[ReportManager] API Action [GetResponseJSONValue] successfully performed. With the following test data [email]. @11-11-2021 01:51:49.0244 AM
[ReportManager] Verification [ValidateEquals] PASSED. Expected [Sincere@april.biz] and Actual [Sincere@april.biz]. Comparison Type [EQUALS]. Validation Type [POSITIVE]. @11-11-2021 01:51:49.0244 AM
[ReportManager] API Action [GetResponseJSONValue] successfully performed. With the following test data [username]. @11-11-2021 01:51:49.0287 AM
[ReportManager] Assertion [ValidateEquals] PASSED. Expected [Bret] and Actual [Bret]. Comparison Type [EQUALS]. Validation Type [POSITIVE]. @11-11-2021 01:51:49.0288 AM
[ReportManager] API Action [GetResponseJSONValue] successfully performed. With the following test data [name]. @11-11-2021 01:51:49.0311 AM
[ReportManager] API Action [GetResponseJSONValue] successfully performed. With the following test data [name]. @11-11-2021 01:51:49.0337 AM
[ReportManager] API Action [GetResponseJSONValue] successfully performed. With the following test data [name]. @11-11-2021 01:51:49.0350 AM
[ReportManager] API Action [GetResponseJSONValue] successfully performed. With the following test data [name]. @11-11-2021 01:51:49.0396 AM
[ReportManager] API Action [GetResponseJSONValue] successfully performed. With the following test data [name]. @11-11-2021 01:51:49.0410 AM
[ReportManager] API Action [GetResponseJSONValue] successfully performed. With the following test data [name]. @11-11-2021 01:51:49.0442 AM
[ReportManager] API Action [GetResponseJSONValue] successfully performed. With the following test data [name]. @11-11-2021 01:51:49.0456 AM
[ReportManager] API Action [GetResponseJSONValue] successfully performed. With the following test data [name]. @11-11-2021 01:51:49.0470 AM
[ReportManager] API Action [GetResponseJSONValue] successfully performed. With the following test data [name]. @11-11-2021 01:51:49.0492 A

################################################################################################################################################
Starting Execution:	[72 out of 146] test cases in the current suite
Test Method:		[testPackage01.Test_testData.f]
################################################################################################################################################
[ReportManager] Successfully loaded the following test data file [src/test/resources/TestDataFiles/testSuite01/TestData.xlsx]. @11-11-2021 01:51:49.0566 AM
[ReportManager] Successfully created attachment [Test Data - Excel] @11-11-2021 01:51:49.0567 AM
[ReportManager] Last Column Number is: [3]. Zero-based. @11-11-2021 01:51:49.0568 A

################################################################################################################################################
Starting Execution:	[73 out of 146] test cases in the current suite
Test Method:		[testPackage01.Test_PDF.testPDF1]
################################################################################################################################################
[ReportManager] File Action [DoesFileExist] successfully performed. With the following test data [File Path: "src/test/resources/TestDataFiles/sample.pdf"]. @11-11-2021 01:51:49.0575 AM
[ReportManager] File Action [GetAbsolutePath] successfully performed. With the following test data [Relative Folder Path: "src/test/resources/TestDataFiles/sample.pdf"]. @11-11-2021 01:51:49.0576 AM
[ReportManager] Assertion Passed: Checking to see that the pdf file contains [A Simple PDF File] @11-11-2021 01:52:25.0698 AM
[ReportManager] Successfully created attachment [Validation Test Data - Expected Value] @11-11-2021 01:52:25.0708 AM
[ReportManager] Successfully created attachment [Validation Test Data - Actual Value] @11-11-2021 01:52:25.0709 AM
[ReportManager] Assertion [ValidateEquals] PASSED. Expected and Actual values are attached. Comparison Type [CONTAINS]. Validation Type [POSITIVE]. @11-11-2021 01:52:25.0709 A

################################################################################################################################################
Starting Execution:	[74 out of 146] test cases in the current suite
Test Method:		[testPackage01.Test_PDF.testPDF2]
################################################################################################################################################
[ReportManager] File Action [DoesFileExist] successfully performed. With the following test data [File Path: "src/test/resources/TestDataFiles/sample.pdf"]. @11-11-2021 01:52:25.0718 AM
[ReportManager] File Action [GetAbsolutePath] successfully performed. With the following test data [Relative Folder Path: "src/test/resources/TestDataFiles/sample.pdf"]. @11-11-2021 01:52:25.0718 AM
[ReportManager] Assertion Passed: Checking to see that the pdf file contains [A Simple PDF File] @11-11-2021 01:52:25.0739 AM
[ReportManager] Successfully created attachment [Validation Test Data - Expected Value] @11-11-2021 01:52:25.0759 AM
[ReportManager] Successfully created attachment [Validation Test Data - Actual Value] @11-11-2021 01:52:25.0759 AM
[ReportManager] Assertion [ValidateEquals] PASSED. Expected and Actual values are attached. Comparison Type [CONTAINS]. Validation Type [POSITIVE]. @11-11-2021 01:52:25.0759 A
[ReportManager] File Action [GetAbsolutePath] successfully performed. With the following test data [Relative Folder Path: "target/downloadedFiles/"]. @11-11-2021 01:52:25.0763 AM
[ReportManager] Attempting to run locally on: [Mac-64], [Safari], Headless Execution. @11-11-2021 01:52:25.0763 AM
[ReportManager] Successfully Opened Safari. @11-11-2021 01:52:26.0626 AM
[ReportManager] Initial window size: (800, 600) @11-11-2021 01:52:26.0654 AM
[ReportManager] Window size after SWD Maximize: (1176, 811) @11-11-2021 01:52:26.0681 AM
[ReportManager] Browser Action [MaximizeWindow] successfully performed. With the following test data [New screen size is now: (1176, 811)]. @11-11-2021 01:52:26.0682 A

################################################################################################################################################
Starting Execution:	[75 out of 146] test cases in the current suite
Test Method:		[testPackage01.Test_ShadowDOM.shadowdom]
################################################################################################################################################
[ReportManager] Target URL: [https://mdn.github.io/web-components-examples/popup-info-box-web-component/] @11-11-2021 01:52:26.0714 AM
[ReportManager] Initial URL: [] @11-11-2021 01:52:26.0774 AM
[ReportManager] Browser Action [NavigateToURL] successfully performed. With the following test data [https://mdn.github.io/web-components-examples/popup-info-box-web-component/]. @11-11-2021 01:52:27.0316 AM
[ReportManager] Element Action [Type] successfully performed. With the following test data [Typing into SHADOW DOM...]. @11-11-2021 01:52:28.0340 AM
[ReportManager] Element Action [GetText] successfully performed. With the following test data [Typing into SHADOW DOM...]. @11-11-2021 01:52:28.0399 AM
[ReportManager] Loaded Shared OpenCV @11-11-2021 01:52:28.0453 AM
[ReportManager] Assertion [ValidateElementAttribute] PASSED. Expected [Value Should be 'Typing into SHADOW DOM...' for the 'Text' attribute, element locator 'By.id: cvc'] and Actual [Typing into SHADOW DOM...]. Comparison Type [EQUALS]. Validation Type [POSITIVE]. @11-11-2021 01:52:28.0718 AM
[ReportManager] Successfully created attachment [Screenshot - 1636595548453_shadowdom_ValidateElementAttribute_passed] @11-11-2021 01:52:28.0800 A
[ReportManager] Browser Action [CloseCurrentWindow] successfully performed. @11-11-2021 01:52:29.0230 AM
[ReportManager] Successfully created attachment [Browser Action Test Data - CloseCurrentWindow - Actual Value] @11-11-2021 01:52:29.0311 A
[ReportManager] File Action [GetAbsolutePath] successfully performed. With the following test data [Relative Folder Path: "target/downloadedFiles/"]. @11-11-2021 01:52:29.0435 AM
[ReportManager] Attempting to run locally on: [Mac-64], [Safari], Headless Execution. @11-11-2021 01:52:29.0435 AM
[ReportManager] Successfully Opened Safari. @11-11-2021 01:52:30.0331 AM
[ReportManager] Initial window size: (800, 600) @11-11-2021 01:52:30.0340 AM
[ReportManager] Window size after SWD Maximize: (1176, 811) @11-11-2021 01:52:30.0386 AM
[ReportManager] Browser Action [MaximizeWindow] successfully performed. With the following test data [New screen size is now: (1176, 811)]. @11-11-2021 01:52:30.0387 A

################################################################################################################################################
Starting Execution:	[76 out of 146] test cases in the current suite
Test Method:		[testPackage01.Test_clipboardActions.typeTextAndCopyPaste]
################################################################################################################################################
[ReportManager] Target URL: [https://www.google.com/ncr], and after redirection: [https://www.google.com] @11-11-2021 01:52:30.0431 AM
[ReportManager] Initial URL: [] @11-11-2021 01:52:30.0470 AM
[ReportManager] Browser Action [NavigateToURL] successfully performed. With the following test data [https://www.google.com/ncr]. @11-11-2021 01:52:32.0136 AM
[ReportManager] Element Action [Type] successfully performed. With the following test data [FIRST]. @11-11-2021 01:52:32.0452 A
[ReportManager] Browser Action [CloseCurrentWindow] successfully performed. @11-11-2021 01:52:32.0682 AM
[ReportManager] Successfully created attachment [Browser Action Test Data - CloseCurrentWindow - Actual Value] @11-11-2021 01:52:32.0723 A

################################################################################################################################################
Starting Execution:	[77 out of 146] test cases in the current suite
Test Method:		[testPackage01.Test_NewValidationHelper.f1]
################################################################################################################################################
[ReportManager] Assertion Passed: Checking valid user data @11-11-2021 01:52:32.0809 AM
[ReportManager] Successfully created attachment [Validation Test Data - Expected Value] @11-11-2021 01:52:32.0891 AM
[ReportManager] Successfully created attachment [Validation Test Data - Actual Value] @11-11-2021 01:52:32.0973 AM
[ReportManager] Assertion [ValidateEquals] PASSED. Expected and Actual values are attached. Comparison Type [EQUALS]. Validation Type [POSITIVE]. @11-11-2021 01:52:32.0973 A
[ReportManager] File Action [GetAbsolutePath] successfully performed. With the following test data [Relative Folder Path: "target/downloadedFiles/"]. @11-11-2021 01:52:33.0097 AM
[ReportManager] Attempting to run locally on: [Mac-64], [Safari], Headless Execution. @11-11-2021 01:52:33.0098 AM
[ReportManager] Successfully Opened Safari. @11-11-2021 01:52:33.0977 AM
[ReportManager] Initial window size: (800, 600) @11-11-2021 01:52:33.0992 AM
[ReportManager] Window size after SWD Maximize: (1176, 811) @11-11-2021 01:52:34.0050 AM
[ReportManager] Browser Action [MaximizeWindow] successfully performed. With the following test data [New screen size is now: (1176, 811)]. @11-11-2021 01:52:34.0051 AM
[ReportManager] Target URL: [https://the-internet.herokuapp.com/] @11-11-2021 01:52:34.0051 AM
[ReportManager] Initial URL: [] @11-11-2021 01:52:34.0101 AM
[ReportManager] Browser Action [NavigateToURL] successfully performed. With the following test data [https://the-internet.herokuapp.com/]. @11-11-2021 01:52:35.0333 A

################################################################################################################################################
Starting Execution:	[78 out of 146] test cases in the current suite
Test Method:		[testPackage01.Test_NewValidationHelper.f10]
################################################################################################################################################
[ReportManager] Loaded Shared OpenCV @11-11-2021 01:52:35.0543 AM
[ReportManager] Assertion [ValidateElementExists] FAILED. Expected [Element Should Exist, locator 'By.tagName: div'] and Actual [Element Exists but is not unique]. Comparison Type [EQUALS]. Validation Type [POSITIVE]. @11-11-2021 01:52:35.0717 AM
[ReportManager] Successfully created attachment [Screenshot - 1636595555542_f10_ValidateElementExists_failed] @11-11-2021 01:52:35.0765 A



################################################################################################################################################
Starting Execution:	[79 out of 146] test cases in the current suite
Test Method:		[testPackage01.Test_NewValidationHelper.f11]
###############################################################################################################################################



################################################################################################################################################
Starting Execution:	[80 out of 146] test cases in the current suite
Test Method:		[testPackage01.Test_NewValidationHelper.f12]
###############################################################################################################################################



################################################################################################################################################
Starting Execution:	[81 out of 146] test cases in the current suite
Test Method:		[testPackage01.Test_NewValidationHelper.f13]
###############################################################################################################################################



################################################################################################################################################
Starting Execution:	[82 out of 146] test cases in the current suite
Test Method:		[testPackage01.Test_NewValidationHelper.f14]
###############################################################################################################################################



################################################################################################################################################
Starting Execution:	[83 out of 146] test cases in the current suite
Test Method:		[testPackage01.Test_NewValidationHelper.f15]
###############################################################################################################################################



################################################################################################################################################
Starting Execution:	[84 out of 146] test cases in the current suite
Test Method:		[testPackage01.Test_NewValidationHelper.f16]
###############################################################################################################################################



################################################################################################################################################
Starting Execution:	[85 out of 146] test cases in the current suite
Test Method:		[testPackage01.Test_NewValidationHelper.f17]
###############################################################################################################################################



################################################################################################################################################
Starting Execution:	[86 out of 146] test cases in the current suite
Test Method:		[testPackage01.Test_NewValidationHelper.f18]
###############################################################################################################################################


################################################################################################################################################
Starting Execution:	[87 out of 146] test cases in the current suite
Test Method:		[testPackage01.Test_NewValidationHelper.f2]
###############################################################################################################################################


################################################################################################################################################
Starting Execution:	[88 out of 146] test cases in the current suite
Test Method:		[testPackage01.Test_NewValidationHelper.f20]
###############################################################################################################################################



################################################################################################################################################
Starting Execution:	[89 out of 146] test cases in the current suite
Test Method:		[testPackage01.Test_NewValidationHelper.f21]
###############################################################################################################################################



################################################################################################################################################
Starting Execution:	[90 out of 146] test cases in the current suite
Test Method:		[testPackage01.Test_NewValidationHelper.f22]
###############################################################################################################################################


################################################################################################################################################
Starting Execution:	[91 out of 146] test cases in the current suite
Test Method:		[testPackage01.Test_NewValidationHelper.f23]
###############################################################################################################################################

################################################################################################################################################
Starting Execution:	[92 out of 146] test cases in the current suite
Test Method:		[testPackage01.Test_NewValidationHelper.f24]
###############################################################################################################################################

################################################################################################################################################
Starting Execution:	[93 out of 146] test cases in the current suite
Test Method:		[testPackage01.Test_NewValidationHelper.f25]
###############################################################################################################################################

################################################################################################################################################
Starting Execution:	[94 out of 146] test cases in the current suite
Test Method:		[testPackage01.Test_NewValidationHelper.f26]
###############################################################################################################################################

################################################################################################################################################
Starting Execution:	[95 out of 146] test cases in the current suite
Test Method:		[testPackage01.Test_NewValidationHelper.f27]
###############################################################################################################################################

################################################################################################################################################
Starting Execution:	[96 out of 146] test cases in the current suite
Test Method:		[testPackage01.Test_NewValidationHelper.f28]
###############################################################################################################################################

################################################################################################################################################
Starting Execution:	[97 out of 146] test cases in the current suite
Test Method:		[testPackage01.Test_NewValidationHelper.f29]
###############################################################################################################################################

################################################################################################################################################
Starting Execution:	[98 out of 146] test cases in the current suite
Test Method:		[testPackage01.Test_NewValidationHelper.f3]
###############################################################################################################################################

################################################################################################################################################
Starting Execution:	[99 out of 146] test cases in the current suite
Test Method:		[testPackage01.Test_NewValidationHelper.f30]
###############################################################################################################################################

################################################################################################################################################
Starting Execution:	[100 out of 146] test cases in the current suite
Test Method:		[testPackage01.Test_NewValidationHelper.f31]
###############################################################################################################################################

################################################################################################################################################
Starting Execution:	[101 out of 146] test cases in the current suite
Test Method:		[testPackage01.Test_NewValidationHelper.f32]
###############################################################################################################################################

################################################################################################################################################
Starting Execution:	[102 out of 146] test cases in the current suite
Test Method:		[testPackage01.Test_NewValidationHelper.f33]
###############################################################################################################################################

################################################################################################################################################
Starting Execution:	[103 out of 146] test cases in the current suite
Test Method:		[testPackage01.Test_NewValidationHelper.f34]
###############################################################################################################################################

################################################################################################################################################
Starting Execution:	[104 out of 146] test cases in the current suite
Test Method:		[testPackage01.Test_NewValidationHelper.f35]
###############################################################################################################################################

################################################################################################################################################
Starting Execution:	[105 out of 146] test cases in the current suite
Test Method:		[testPackage01.Test_NewValidationHelper.f36]
###############################################################################################################################################

################################################################################################################################################
Starting Execution:	[106 out of 146] test cases in the current suite
Test Method:		[testPackage01.Test_NewValidationHelper.f37]
###############################################################################################################################################

################################################################################################################################################
Starting Execution:	[107 out of 146] test cases in the current suite
Test Method:		[testPackage01.Test_NewValidationHelper.f3_1]
###############################################################################################################################################

################################################################################################################################################
Starting Execution:	[108 out of 146] test cases in the current suite
Test Method:		[testPackage01.Test_NewValidationHelper.f4]
###############################################################################################################################################

################################################################################################################################################
Starting Execution:	[109 out of 146] test cases in the current suite
Test Method:		[testPackage01.Test_NewValidationHelper.f5]
###############################################################################################################################################

################################################################################################################################################
Starting Execution:	[110 out of 146] test cases in the current suite
Test Method:		[testPackage01.Test_NewValidationHelper.f6]
###############################################################################################################################################

################################################################################################################################################
Starting Execution:	[111 out of 146] test cases in the current suite
Test Method:		[testPackage01.Test_NewValidationHelper.f6_1]
###############################################################################################################################################

################################################################################################################################################
Starting Execution:	[112 out of 146] test cases in the current suite
Test Method:		[testPackage01.Test_NewValidationHelper.f6_2]
###############################################################################################################################################

################################################################################################################################################
Starting Execution:	[113 out of 146] test cases in the current suite
Test Method:		[testPackage01.Test_NewValidationHelper.f7]
###############################################################################################################################################


################################################################################################################################################
Starting Execution:	[114 out of 146] test cases in the current suite
Test Method:		[testPackage01.Test_NewValidationHelper.f8]
###############################################################################################################################################



################################################################################################################################################
Starting Execution:	[115 out of 146] test cases in the current suite
Test Method:		[testPackage01.Test_NewValidationHelper.f9]
###############################################################################################################################################


################################################################################################################################################
Starting Execution:	[116 out of 146] test cases in the current suite
Test Method:		[testPackage01.Test_NewValidationHelper.forceFail]
###############################################################################################################################################

################################################################################################################################################
Starting Execution:	[117 out of 146] test cases in the current suite
Test Method:		[testPackage01.Test_NewValidationHelper.forceFail2]
###############################################################################################################################################

################################################################################################################################################
Starting Execution:	[118 out of 146] test cases in the current suite
Test Method:		[testPackage01.Test_JsonActions.f]
###############################################################################################################################################

################################################################################################################################################
Starting Execution:	[119 out of 146] test cases in the current suite
Test Method:		[testPackage01.Test_JsonActions.f2]
###############################################################################################################################################

################################################################################################################################################
Starting Execution:	[120 out of 146] test cases in the current suite
Test Method:		[testPackage01.Test_sendGraphqlRequest.sendGraphqlRequestUsingMutationAndVariables]
################################################################################################################################################
[ReportManager] GraphQl Request is being Performed with the Following Parameters [Service URL: https://api.spacex.land/graphql | Request Body: {"variables":"{\"name\": \"sherlock holmes\",\"rocket\": \"221B Baker Street\"}","query":"mutation ($name: String, $rocket: String) {\n  insert_users(objects: {name: $name, rocket: $rocket}) {\n    returning {\n      name\n      rocket\n    }\n  }\n}"}] @11-11-2021 01:52:37.0004 AM
[ReportManager] Response status code: [200], status line: [HTTP/1.1 200 OK] @11-11-2021 01:52:37.0596 AM
[ReportManager] Assertion Passed: Evaluating the actual response status code against the expected one... @11-11-2021 01:52:37.0596 AM
[ReportManager] Assertion [ValidateComparativeRelation] PASSED. Expected [200] and Actual [200]. Comparison Type [EQUALS]. Validation Type [POSITIVE]. @11-11-2021 01:52:37.0597 AM
[ReportManager] API Action [PerformRequest] successfully performed. With the following test data [Request Type: "POST" | Target Status Code: "200" | Service URL: "https://api.spacex.land/graphql" | Content Type: "application/json" | Response Time: "502ms"]. @11-11-2021 01:52:37.0634 AM
[ReportManager] Successfully created attachment [API Request - Specifications] @11-11-2021 01:52:37.0668 AM
[ReportManager] Successfully created attachment [API Request - JSON Body] @11-11-2021 01:52:37.0669 AM
[ReportManager] Successfully created attachment [API Response - JSON Body] @11-11-2021 01:52:37.0669 AM
[ReportManager] API Action [GetResponseJSONValue] successfully performed. With the following test data [data.insert_users.returning[0].name]. @11-11-2021 01:52:37.0721 AM
[ReportManager] Assertion [ValidateEquals] PASSED. Expected [sherlock holmes] and Actual [sherlock holmes]. Comparison Type [EQUALS]. Validation Type [POSITIVE]. @11-11-2021 01:52:37.0721 A

################################################################################################################################################
Starting Execution:	[121 out of 146] test cases in the current suite
Test Method:		[testPackage01.Test_sendGraphqlRequest.sendGraphqlRequestUsingQuery]
################################################################################################################################################
[ReportManager] GraphQl Request is being Performed with the Following Parameters [Service URL: https://api.spacex.land/graphql | Request Body: {"query":"{company {ceo}}"}] @11-11-2021 01:52:37.0725 AM
[ReportManager] Response status code: [200], status line: [HTTP/1.1 200 OK] @11-11-2021 01:52:38.0002 AM
[ReportManager] Assertion Passed: Evaluating the actual response status code against the expected one... @11-11-2021 01:52:38.0002 AM
[ReportManager] Assertion [ValidateComparativeRelation] PASSED. Expected [200] and Actual [200]. Comparison Type [EQUALS]. Validation Type [POSITIVE]. @11-11-2021 01:52:38.0002 AM
[ReportManager] API Action [PerformRequest] successfully performed. With the following test data [Request Type: "POST" | Target Status Code: "200" | Service URL: "https://api.spacex.land/graphql" | Content Type: "application/json" | Response Time: "272ms"]. @11-11-2021 01:52:38.0014 AM
[ReportManager] Successfully created attachment [API Request - Specifications] @11-11-2021 01:52:38.0095 AM
[ReportManager] Successfully created attachment [API Request - JSON Body] @11-11-2021 01:52:38.0137 AM
[ReportManager] Successfully created attachment [API Response - JSON Body] @11-11-2021 01:52:38.0219 AM
[ReportManager] API Action [GetResponseJSONValue] successfully performed. With the following test data [data.company.ceo]. @11-11-2021 01:52:38.0231 AM
[ReportManager] Assertion [ValidateEquals] PASSED. Expected [Elon Musk] and Actual [Elon Musk]. Comparison Type [EQUALS]. Validation Type [POSITIVE]. @11-11-2021 01:52:38.0231 A

################################################################################################################################################
Starting Execution:	[122 out of 146] test cases in the current suite
Test Method:		[testPackage01.Test_MatchJsonSchema.checkAPI_ResponseSchema]
################################################################################################################################################
[ReportManager] Response status code: [200], status line: [HTTP/1.1 200 OK] @11-11-2021 01:52:38.0398 AM
[ReportManager] Assertion Passed: Evaluating the actual response status code against the expected one... @11-11-2021 01:52:38.0398 AM
[ReportManager] Assertion [ValidateComparativeRelation] PASSED. Expected [200] and Actual [200]. Comparison Type [EQUALS]. Validation Type [POSITIVE]. @11-11-2021 01:52:38.0398 AM
[ReportManager] API Action [PerformRequest] successfully performed. With the following test data [Request Type: "GET" | Target Status Code: "200" | Service URL: "http://api.zippopotam.us/us/90210" | Content Type: "*/*" | Response Time: "124ms"]. @11-11-2021 01:52:38.0412 AM
[ReportManager] Successfully created attachment [API Request - Specifications] @11-11-2021 01:52:38.0453 AM
[ReportManager] Successfully created attachment [API Response - JSON Body] @11-11-2021 01:52:38.0535 AM
[ReportManager] File Action [GetAbsolutePath] successfully performed. With the following test data [Relative Folder Path: "src/test/resources/testDataFiles/schema.json"]. @11-11-2021 01:52:38.0536 AM
[ReportManager] File Action [GetAbsolutePath] successfully performed. With the following test data [Relative Folder Path: "/Users/runner/work/SHAFT_ENGINE/SHAFT_ENGINE/src/test/resources/testDataFiles/schema.json"]. @11-11-2021 01:52:39.0326 AM
[ReportManager] File Action [ReadFromFile] successfully performed. With the following test data [File Path: "/Users/runner/work/SHAFT_ENGINE/SHAFT_ENGINE/src/test/resources/testDataFiles/schema.json"]. @11-11-2021 01:52:39.0327 AM
[ReportManager] Assertion Passed: Then I Assert that the API response schema matches that in this file [src/test/resources/testDataFiles/schema.json]. @11-11-2021 01:52:39.0328 AM
[ReportManager] Successfully created attachment [Validation Test Data - Expected JSON Value] @11-11-2021 01:52:39.0410 AM
[ReportManager] Successfully created attachment [Validation Test Data - Actual JSON Value] @11-11-2021 01:52:39.0451 AM
[ReportManager] Assertion [ValidateResponseFileSchema] PASSED. Expected [Response data should match the JSON File in this path '/Users/runner/work/SHAFT_ENGINE/SHAFT_ENGINE/src/test/resources/testDataFiles/schema.json'] and Actual [TRUE]. Comparison Type [EQUALS]. Validation Type [POSITIVE]. @11-11-2021 01:52:39.0452 A
[ReportManager] File Action [GetAbsolutePath] successfully performed. With the following test data [Relative Folder Path: "target/downloadedFiles/"]. @11-11-2021 01:52:39.0576 AM
[ReportManager] Attempting to run locally on: [Mac-64], [Safari], Headless Execution. @11-11-2021 01:52:39.0576 AM
[ReportManager] Successfully Opened Safari. @11-11-2021 01:52:40.0410 AM
[ReportManager] Initial window size: (800, 600) @11-11-2021 01:52:40.0416 AM
[ReportManager] Window size after SWD Maximize: (1176, 811) @11-11-2021 01:52:40.0442 AM
[ReportManager] Browser Action [MaximizeWindow] successfully performed. With the following test data [New screen size is now: (1176, 811)]. @11-11-2021 01:52:40.0442 A

################################################################################################################################################
Starting Execution:	[123 out of 146] test cases in the current suite
Test Method:		[testPackage01.Test_dragAndDrop.dragAndDropJquery]
################################################################################################################################################
[ReportManager] Target URL: [https://jqueryui.com/resources/demos/droppable/default.html] @11-11-2021 01:52:40.0566 AM
[ReportManager] Initial URL: [] @11-11-2021 01:52:40.0596 AM
[ReportManager] Browser Action [NavigateToURL] successfully performed. With the following test data [https://jqueryui.com/resources/demos/droppable/default.html]. @11-11-2021 01:52:41.0138 AM
[ReportManager] Element Action [GetText] successfully performed. With the following test data [
	Drop here
]. @11-11-2021 01:52:41.0193 AM
[ReportManager] Element Action [DragAndDrop] successfully performed. With the following test data [Start point: (8, 18), End point: (8, 18)]. @11-11-2021 01:52:42.0273 AM
[ReportManager] Element Action [GetText] successfully performed. With the following test data [
	Dropped!
]. @11-11-2021 01:52:42.0304 AM
[ReportManager] Assertion Passed: Checking to see if the text has changed after performing drag and drop @11-11-2021 01:52:42.0305 AM
[ReportManager] Assertion [ValidateEquals] PASSED. Expected [
	Drop here
] and Actual [
	Dropped!
]. Comparison Type [EQUALS]. Validation Type [NEGATIVE]. @11-11-2021 01:52:42.0305 A
[ReportManager] Browser Action [CloseCurrentWindow] successfully performed. @11-11-2021 01:52:42.0779 AM
[ReportManager] Successfully created attachment [Browser Action Test Data - CloseCurrentWindow - Actual Value] @11-11-2021 01:52:42.0820 A
[ReportManager] File Action [GetAbsolutePath] successfully performed. With the following test data [Relative Folder Path: "target/downloadedFiles/"]. @11-11-2021 01:52:42.0945 AM
[ReportManager] Attempting to run locally on: [Mac-64], [Safari], Headless Execution. @11-11-2021 01:52:42.0945 A

################################################################################################################################################
Starting Execution:	[124 out of 146] test cases in the current suite
Test Method:		[testPackage01.Test_dragAndDrop.dragAndDrop]
Test Description:	[TC001 - Test Drag and Drop function.]
###############################################################################################################################################



################################################################################################################################################
Starting Execution:	[125 out of 146] test cases in the current suite
Test Method:		[testPackage01.Test_dragAndDrop.dragAndDropByOffset]
Test Description:	[TC002 - Test Drag and Drop by offset function.]
###############################################################################################################################################

[ReportManager] Successfully loaded the following test data file [src/test/resources/TestDataFiles/testSuite01/TestData.xlsx]. @11-11-2021 01:52:43.0988 AM
[ReportManager] Successfully created attachment [Test Data - Excel] @11-11-2021 01:52:44.0069 AM
[ReportManager] File Action [GetAbsolutePath] successfully performed. With the following test data [Relative Folder Path: "target/downloadedFiles/"]. @11-11-2021 01:52:44.0069 AM
[ReportManager] Attempting to run locally on: [Mac-64], [Safari], Headless Execution. @11-11-2021 01:52:44.0070 AM
[ReportManager] Successfully Opened Safari. @11-11-2021 01:52:44.0875 AM
[ReportManager] Initial window size: (800, 600) @11-11-2021 01:52:44.0895 AM
[ReportManager] Window size after SWD Maximize: (1176, 811) @11-11-2021 01:52:44.0909 AM
[ReportManager] Browser Action [MaximizeWindow] successfully performed. With the following test data [New screen size is now: (1176, 811)]. @11-11-2021 01:52:44.0909 A

################################################################################################################################################
Starting Execution:	[126 out of 146] test cases in the current suite
Test Method:		[testPackage01.Test_google.navigateToURLandVerifyGoogleLogoIsDisplayed]
Test Description:	[TC001 - Navigate to URL and Verify Google Logo is Displayed]
################################################################################################################################################
[ReportManager] Target URL: [https://www.google.com/ncr], and after redirection: [https://www.google.com] @11-11-2021 01:52:44.0959 AM
[ReportManager] Initial URL: [] @11-11-2021 01:52:45.0055 AM
[ReportManager] Browser Action [NavigateToURL] successfully performed. With the following test data [https://www.google.com/ncr]. @11-11-2021 01:52:46.0684 AM
[ReportManager] Loaded Shared OpenCV @11-11-2021 01:52:46.0771 AM
[ReportManager] Assertion Passed: Then I Assert that the element found by [By.xpath: //*[@id='hplogo' or @alt='Google']] exists. @11-11-2021 01:52:46.0983 AM
[ReportManager] Successfully created attachment [Screenshot - 1636595566771_navigateToURLandVerifyGoogleLogoIsDisplayed_ValidateElementExists_passed] @11-11-2021 01:52:46.0984 AM
[ReportManager] Assertion [ValidateElementExists] PASSED. Expected [Element Should Exist, locator 'By.xpath: //*[@id='hplogo' or @alt='Google']'] and Actual [Element Exists]. Comparison Type [EQUALS]. Validation Type [POSITIVE]. @11-11-2021 01:52:46.0984 A

################################################################################################################################################
Starting Execution:	[127 out of 146] test cases in the current suite
Test Method:		[testPackage01.Test_google.searchForQueryandAssertResultsNumDisplayed]
Test Description:	[TC002 - Search for Query and Assert that the number of results is displayed]
################################################################################################################################################
[ReportManager] Element Action [Type] successfully performed. With the following test data [SHAFT_Engine]. @11-11-2021 01:52:47.0566 AM
[ReportManager] Element Action [KeyPress] successfully performed. With the following test data [Enter]. @11-11-2021 01:52:47.0615 A

################################################################################################################################################
Starting Execution:	[128 out of 146] test cases in the current suite
Test Method:		[testPackage01.Test_google.clickNextThrice]
Test Description:	[TC003 - Clicks the next button to make sure that the framework can scroll element into view before clicking it]
###############################################################################################################################################
[ReportManager] Browser Action [CloseCurrentWindow] successfully performed. @11-11-2021 01:52:49.0352 AM
[ReportManager] Successfully created attachment [Browser Action Test Data - CloseCurrentWindow - Actual Value] @11-11-2021 01:52:49.0416 A

################################################################################################################################################
Starting Execution:	[129 out of 146] test cases in the current suite
Test Method:		[testPackage01.Test_chainableElementActions.chainElementActions]
################################################################################################################################################
[ReportManager] File Action [GetAbsolutePath] successfully performed. With the following test data [Relative Folder Path: "target/downloadedFiles/"]. @11-11-2021 01:52:49.0502 AM
[ReportManager] Attempting to run locally on: [Mac-64], [GoogleChrome], Headless Execution. @11-11-2021 01:52:49.0503 AM
[ReportManager] Identifying OS/Driver combination and selecting the correct driver version automatically. Please note that if a new driver executable will be downloaded it may take some time... @11-11-2021 01:52:49.0503 AM
[ReportManager] Successfully Opened Google Chrome. @11-11-2021 01:52:57.0621 AM
[ReportManager] Initial window size: (1920, 1080) @11-11-2021 01:52:57.0626 AM
[ReportManager] Window size after SWD Maximize: (1920, 1080) @11-11-2021 01:52:57.0799 AM
[ReportManager] Window size after Toolkit: (1920, 1080) @11-11-2021 01:52:58.0315 AM
[ReportManager] Browser Action [MaximizeWindow] successfully performed. With the following test data [New screen size is now: (1920, 1080)]. @11-11-2021 01:52:58.0318 AM
[ReportManager] Target URL: [https://www.google.com/ncr], and after redirection: [https://www.google.com] @11-11-2021 01:52:58.0318 AM
[ReportManager] Initial URL: [data:,] @11-11-2021 01:52:58.0350 AM
[ReportManager] Browser Action [NavigateToURL] successfully performed. With the following test data [https://www.google.com/ncr]. @11-11-2021 01:52:59.0734 AM
[ReportManager] Element Action [Type] successfully performed. With the following test data [chained type 1]. @11-11-2021 01:53:00.0183 AM
[ReportManager] Element Action [Type] successfully performed. With the following test data [chained type 2]. @11-11-2021 01:53:00.0517 AM
[ReportManager] Element Action [TypeAppend] successfully performed. With the following test data [345]. @11-11-2021 01:53:00.0597 AM
[ReportManager] Element Action [GetText] successfully performed. With the following test data [chained type 2345]. @11-11-2021 01:53:00.0680 AM
[ReportManager] Loaded Shared OpenCV @11-11-2021 01:53:00.0963 AM
[ReportManager] Assertion [ValidateElementAttribute] PASSED. Expected [Value Should be 'chained type 2345' for the 'text' attribute, element locator 'By.name: q'] and Actual [chained type 2345]. Comparison Type [EQUALS]. Validation Type [POSITIVE]. @11-11-2021 01:53:01.0544 AM
[ReportManager] Successfully created attachment [Screenshot - 1636595580963_chainElementActions_ValidateElementAttribute_passed] @11-11-2021 01:53:01.0666 AM
[ReportManager] Browser Action [CloseCurrentWindow] successfully performed. @11-11-2021 01:53:01.0824 AM
[ReportManager] Successfully created attachment [Browser Action Test Data - CloseCurrentWindow - Actual Value] @11-11-2021 01:53:01.0988 A
[ReportManager] File Action [GetAbsolutePath] successfully performed. With the following test data [Relative Folder Path: "target/downloadedFiles/"]. @11-11-2021 01:53:02.0274 AM
[ReportManager] Attempting to run locally on: [Mac-64], [Safari], Headless Execution. @11-11-2021 01:53:02.0274 AM
[ReportManager] Successfully Opened Safari. @11-11-2021 01:53:03.0123 AM
[ReportManager] Initial window size: (800, 600) @11-11-2021 01:53:03.0133 AM
[ReportManager] Window size after SWD Maximize: (1176, 811) @11-11-2021 01:53:03.0154 AM
[ReportManager] Browser Action [MaximizeWindow] successfully performed. With the following test data [New screen size is now: (1176, 811)]. @11-11-2021 01:53:03.0155 A

################################################################################################################################################
Starting Execution:	[130 out of 146] test cases in the current suite
Test Method:		[testPackage01.Test_RelativeLocators.relativeLocatorsTest1]
################################################################################################################################################
[ReportManager] Target URL: [https://duckduckgo.com/] @11-11-2021 01:53:03.0379 AM
[ReportManager] Initial URL: [] @11-11-2021 01:53:03.0411 AM
[ReportManager] Browser Action [NavigateToURL] successfully performed. With the following test data [https://duckduckgo.com/]. @11-11-2021 01:53:04.0047 AM
[ReportManager] Element Action [Type] successfully performed. With the following test data [SHAFT_Engine]. @11-11-2021 01:53:04.0400 AM
[ReportManager] Element Action [KeyPress] successfully performed. With the following test data [ENTER]. @11-11-2021 01:53:04.0454 A
[ReportManager] Browser Action [CloseCurrentWindow] successfully performed. @11-11-2021 01:53:06.0241 AM
[ReportManager] Successfully created attachment [Browser Action Test Data - CloseCurrentWindow - Actual Value] @11-11-2021 01:53:06.0307 A

################################################################################################################################################
Starting Execution:	[131 out of 146] test cases in the current suite
Test Method:		[testPackage01.Test_JsonCompareWithSpecialCharacters.specialCharacters]
################################################################################################################################################
[ReportManager] File Action [GetAbsolutePath] successfully performed. With the following test data [Relative Folder Path: "src/test/resources/testDataFiles/specialCharacters.json"]. @11-11-2021 01:53:06.0312 AM
[ReportManager] File Action [ReadFromFile] successfully performed. With the following test data [File Path: "/Users/runner/work/SHAFT_ENGINE/SHAFT_ENGINE/src/test/resources/testDataFiles/specialCharacters.json"]. @11-11-2021 01:53:06.0313 AM
[ReportManager] Successfully created attachment [File Action Actual Result - Command Log] @11-11-2021 01:53:06.0313 AM
[ReportManager] Comparing the provided API response with the file at this path "src/test/resources/testDataFiles/specialCharacters.json", comparison type "EQUALS" @11-11-2021 01:53:06.0315 AM
[ReportManager] API Action [CompareJSON] successfully performed. With the following test data [src/test/resources/testDataFiles/specialCharacters.json]. @11-11-2021 01:53:06.0323 AM
[ReportManager] File Action [GetAbsolutePath] successfully performed. With the following test data [Relative Folder Path: "src/test/resources/testDataFiles/specialCharacters.json"]. @11-11-2021 01:53:06.0323 AM
[ReportManager] File Action [ReadFromFile] successfully performed. With the following test data [File Path: "/Users/runner/work/SHAFT_ENGINE/SHAFT_ENGINE/src/test/resources/testDataFiles/specialCharacters.json"]. @11-11-2021 01:53:06.0324 AM
[ReportManager] Verification [ValidateJSONFileContent] PASSED. Expected [Response data should match the JSON File in this path 'src/test/resources/testDataFiles/specialCharacters.json'] and Actual [TRUE]. Comparison Type [EQUALS]. Validation Type [POSITIVE]. @11-11-2021 01:53:06.0330 AM
[ReportManager] Successfully created attachment [Validation Test Data - Expected JSON Value] @11-11-2021 01:53:06.0331 AM
[ReportManager] Successfully created attachment [Validation Test Data - Actual JSON Value] @11-11-2021 01:53:06.0332 A

################################################################################################################################################
Starting Execution:	[132 out of 146] test cases in the current suite
Test Method:		[testPackage01.Test_JsonCompareWithSpecialCharacters.specialCharacters_assertion]
################################################################################################################################################
[ReportManager] File Action [GetAbsolutePath] successfully performed. With the following test data [Relative Folder Path: "src/test/resources/testDataFiles/specialCharacters.json"]. @11-11-2021 01:53:06.0336 AM
[ReportManager] File Action [ReadFromFile] successfully performed. With the following test data [File Path: "/Users/runner/work/SHAFT_ENGINE/SHAFT_ENGINE/src/test/resources/testDataFiles/specialCharacters.json"]. @11-11-2021 01:53:06.0336 AM
[ReportManager] Successfully created attachment [File Action Actual Result - Command Log] @11-11-2021 01:53:06.0422 AM
[ReportManager] Comparing the provided API response with the file at this path "src/test/resources/testDataFiles/specialCharacters.json", comparison type "CONTAINS" @11-11-2021 01:53:06.0423 AM
[ReportManager] API Action [CompareJSON] successfully performed. With the following test data [src/test/resources/testDataFiles/specialCharacters.json]. @11-11-2021 01:53:06.0435 AM
[ReportManager] File Action [GetAbsolutePath] successfully performed. With the following test data [Relative Folder Path: "src/test/resources/testDataFiles/specialCharacters.json"]. @11-11-2021 01:53:06.0435 AM
[ReportManager] File Action [ReadFromFile] successfully performed. With the following test data [File Path: "/Users/runner/work/SHAFT_ENGINE/SHAFT_ENGINE/src/test/resources/testDataFiles/specialCharacters.json"]. @11-11-2021 01:53:06.0436 AM
[ReportManager] Assertion Passed: trying out the log message @11-11-2021 01:53:06.0441 AM
[ReportManager] Successfully created attachment [Validation Test Data - Expected JSON Value] @11-11-2021 01:53:06.0465 AM
[ReportManager] Successfully created attachment [Validation Test Data - Actual JSON Value] @11-11-2021 01:53:06.0466 AM
[ReportManager] Assertion [ValidateJSONFileContent] PASSED. Expected [Response data should match the JSON File in this path 'src/test/resources/testDataFiles/specialCharacters.json'] and Actual [TRUE]. Comparison Type [CONTAINS]. Validation Type [POSITIVE]. @11-11-2021 01:53:06.0466 A

################################################################################################################################################
Starting Execution:	[133 out of 146] test cases in the current suite
Test Method:		[testPackage01.Test_SkipDueToIssue.doNotSkip]
################################################################################################################################################
[ReportManager] This should not be skipped. @11-11-2021 01:53:06.0470 A

################################################################################################################################################
Starting Execution:	[134 out of 146] test cases in the current suite
Test Method:		[testPackage01.Test_SkipDueToIssue.skip]
################################################################################################################################################
[ReportManager] This should be skipped. @11-11-2021 01:53:06.0477 A

################################################################################################################################################
Starting Execution:	[135 out of 146] test cases in the current suite
Test Method:		[testPackage01.Test_SkipDueToIssue.skip2]
################################################################################################################################################
[ReportManager] This should be skipped. @11-11-2021 01:53:06.0483 A

################################################################################################################################################
Starting Execution:	[136 out of 146] test cases in the current suite
Test Method:		[testPackage01.Test_JSONFileManager.readStringFromJson]
################################################################################################################################################
[ReportManager] File Action [GetAbsolutePath] successfully performed. With the following test data [Relative Folder Path: "src/test/resources/testDataFiles/simpleJSON.json"]. @11-11-2021 01:53:06.0492 AM
[ReportManager] Successfully loaded the following test data file [src/test/resources/testDataFiles/simpleJSON.json]. @11-11-2021 01:53:06.0493 AM
[ReportManager] Successfully created attachment [Test Data - JSON] @11-11-2021 01:53:06.0493 AM
[ReportManager] File Action [GetAbsolutePath] successfully performed. With the following test data [Relative Folder Path: "src/test/resources/testDataFiles/simpleJSON.json"]. @11-11-2021 01:53:06.0495 AM
[ReportManager] Assertion [ValidateEquals] PASSED. Expected [Mohab Mohie] and Actual [Mohab Mohie]. Comparison Type [EQUALS]. Validation Type [POSITIVE]. @11-11-2021 01:53:06.0512 A
[ReportManager] File Action [GetAbsolutePath] successfully performed. With the following test data [Relative Folder Path: "target/downloadedFiles/"]. @11-11-2021 01:53:06.0515 AM
[ReportManager] Attempting to run locally on: [Mac-64], [Safari], Headless Execution. @11-11-2021 01:53:06.0515 AM
[ReportManager] Successfully Opened Safari. @11-11-2021 01:53:07.0337 AM
[ReportManager] Initial window size: (800, 600) @11-11-2021 01:53:07.0390 AM
[ReportManager] Window size after SWD Maximize: (1176, 811) @11-11-2021 01:53:07.0449 AM
[ReportManager] Browser Action [MaximizeWindow] successfully performed. With the following test data [New screen size is now: (1176, 811)]. @11-11-2021 01:53:07.0450 A

################################################################################################################################################
Starting Execution:	[137 out of 146] test cases in the current suite
Test Method:		[testPackage01.Test_assertEquals.test_assertElementAttribute]
################################################################################################################################################
[ReportManager] Target URL: [https://www.google.com/ncr], and after redirection: [https://www.google.com] @11-11-2021 01:53:07.0457 AM
[ReportManager] Initial URL: [] @11-11-2021 01:53:07.0541 AM
[ReportManager] Browser Action [NavigateToURL] successfully performed. With the following test data [https://www.google.com/ncr]. @11-11-2021 01:53:09.0210 AM
[ReportManager] Element Action [Type] successfully performed. With the following test data [INC_004010050:Another SCHEDULER with the same name [Duplicate Job Name] already exists.]. @11-11-2021 01:53:11.0700 AM
[ReportManager] Element Action [GetText] successfully performed. With the following test data [INC_004010050:Another SCHEDULER with the same name [Duplicate Job Name] already exists.]. @11-11-2021 01:53:11.0753 AM
[ReportManager] Loaded Shared OpenCV @11-11-2021 01:53:11.0807 AM
[ReportManager] Assertion [ValidateElementAttribute] PASSED. Expected [Value Should be 'INC_004010050:Another SCHEDULER with the same name \[Duplicate Job Name\] already exists.' for the 'text' attribute, element locator 'By.name: q'] and Actual [INC_004010050:Another SCHEDULER with the same name [Duplicate Job Name] already exists.]. Comparison Type [MATCHES]. Validation Type [POSITIVE]. @11-11-2021 01:53:12.0230 AM
[ReportManager] Successfully created attachment [Screenshot - 1636595591807_test_assertElementAttribute_ValidateElementAttribute_passed] @11-11-2021 01:53:12.0351 A
[ReportManager] Browser Action [CloseCurrentWindow] successfully performed. @11-11-2021 01:53:12.0950 AM
[ReportManager] Successfully created attachment [Browser Action Test Data - CloseCurrentWindow - Actual Value] @11-11-2021 01:53:13.0042 A
[ReportManager] File Action [GetAbsolutePath] successfully performed. With the following test data [Relative Folder Path: "target/downloadedFiles/"]. @11-11-2021 01:53:13.0165 AM
[ReportManager] Attempting to run locally on: [Mac-64], [Safari], Headless Execution. @11-11-2021 01:53:13.0165 AM
[ReportManager] Successfully Opened Safari. @11-11-2021 01:53:14.0040 AM
[ReportManager] Initial window size: (800, 600) @11-11-2021 01:53:14.0056 AM
[ReportManager] Window size after SWD Maximize: (1176, 811) @11-11-2021 01:53:14.0075 AM
[ReportManager] Browser Action [MaximizeWindow] successfully performed. With the following test data [New screen size is now: (1176, 811)]. @11-11-2021 01:53:14.0076 A

################################################################################################################################################
Starting Execution:	[138 out of 146] test cases in the current suite
Test Method:		[testPackage01.Test_IsElementClickable.testIsElementClickable]
################################################################################################################################################
[ReportManager] Target URL: [https://the-internet.herokuapp.com/] @11-11-2021 01:53:14.0283 AM
[ReportManager] Initial URL: [] @11-11-2021 01:53:14.0317 AM
[ReportManager] Browser Action [NavigateToURL] successfully performed. With the following test data [https://the-internet.herokuapp.com/]. @11-11-2021 01:53:15.0429 AM
[ReportManager] Element Action [IsElementClickable] successfully performed. @11-11-2021 01:53:15.0519 AM
[ReportManager] Assertion [ValidateTrue] PASSED. Expected [TRUE] and Actual [TRUE]. Validation Type [POSITIVE]. @11-11-2021 01:53:15.0519 A
[ReportManager] Browser Action [CloseCurrentWindow] successfully performed. @11-11-2021 01:53:15.0916 AM
[ReportManager] Successfully created attachment [Browser Action Test Data - CloseCurrentWindow - Actual Value] @11-11-2021 01:53:15.0956 A
[ReportManager] Successfully loaded the following test data file [src/test/resources/TestDataFiles/testSuite01/TestData.xlsx]. @11-11-2021 01:53:16.0035 AM
[ReportManager] Successfully created attachment [Test Data - Excel] @11-11-2021 01:53:16.0151 AM
[ReportManager] Attempting to run using Playwright locally on: [Mac-64], [Safari], Headless Execution. @11-11-2021 01:56:06.0077 AM
[ReportManager] File Action [GetAbsolutePath] successfully performed. With the following test data [Relative Folder Path: "target/downloadedFiles/"]. @11-11-2021 01:56:06.0078 AM
[ReportManager] Initial window size: (1280, 720) @11-11-2021 01:56:12.0553 AM
[ReportManager] Window size after Toolkit: com.microsoft.playwright.options.ViewportSize@55dc8d6c @11-11-2021 01:56:12.0561 AM
[ReportManager] Browser Action [MaximizeWindow] successfully performed. With the following test data [New screen size is now: (1920, 1080)]. @11-11-2021 01:56:12.0562 A

################################################################################################################################################
Starting Execution:	[139 out of 146] test cases in the current suite
Test Method:		[testPackage01.Test_google_playwright.navigateToURLandVerifyGoogleLogoIsDisplayed]
Test Description:	[TC001 - Navigate to URL and Verify Google Logo is Displayed]
################################################################################################################################################
[ReportManager] Target URL: [https://www.google.com/ncr], and after redirection: [https://www.google.com] @11-11-2021 01:56:12.0805 AM
[ReportManager] Initial URL: [about:blank] @11-11-2021 01:56:13.0126 AM
[ReportManager] Browser Action [NavigateToURL] successfully performed. With the following test data [https://www.google.com/ncr]. @11-11-2021 01:56:14.0921 AM
[ReportManager] Loaded Shared OpenCV @11-11-2021 01:56:15.0005 AM
[ReportManager] Assertion [ValidateElementExists] PASSED. Expected [Element Should Exist, locator 'xpath=//*[@id='hplogo' or @alt='Google']'] and Actual [Element Exists]. Comparison Type [EQUALS]. Validation Type [POSITIVE]. @11-11-2021 01:56:15.0190 AM
[ReportManager] Successfully created attachment [Screenshot - 1636595775001_navigateToURLandVerifyGoogleLogoIsDisplayed_ValidateElementExists_passed] @11-11-2021 01:56:15.0191 A

################################################################################################################################################
Starting Execution:	[140 out of 146] test cases in the current suite
Test Method:		[testPackage01.Test_google_playwright.searchForQueryandAssertResultsNumDisplayed]
Test Description:	[TC002 - Search for Query and Assert that the number of results is displayed]
################################################################################################################################################
[ReportManager] Element Action [Type] successfully performed. With the following test data [SHAFT_Engine]. @11-11-2021 01:56:15.0379 AM
[ReportManager] Element Action [KeyPress] successfully performed. With the following test data [Enter]. @11-11-2021 01:56:15.0478 AM
[ReportManager] Element Action [GetText] successfully performed. With the following test data [About 1,180,000 results (0.73 seconds)Â 
]. @11-11-2021 01:56:17.0513 AM
[ReportManager] Loaded Shared OpenCV @11-11-2021 01:56:18.0170 AM
[ReportManager] Assertion [ValidateElementAttribute] PASSED. Expected [Value Should not be '' for the 'text' attribute, element locator 'xpath=//div[@id='appbar']'] and Actual [About 1,180,000 results (0.73 seconds)Â 
]. Comparison Type [EQUALS]. Validation Type [NEGATIVE]. @11-11-2021 01:56:18.0385 AM
[ReportManager] Successfully created attachment [Screenshot - 1636595778169_searchForQueryandAssertResultsNumDisplayed_ValidateElementAttribute_passed] @11-11-2021 01:56:18.0388 A

################################################################################################################################################
Starting Execution:	[141 out of 146] test cases in the current suite
Test Method:		[testPackage01.Test_google_playwright.clickNextThrice]
Test Description:	[TC003 - Clicks the next button to make sure that the framework can scroll element into view before clicking it]
################################################################################################################################################
[ReportManager] Element Action [Click] successfully performed. With the following test data [Next]. @11-11-2021 01:56:18.0663 A
[ReportManager] Failed to find video recording. @11-11-2021 01:56:18.0665 AM
[ReportManager] Successfully Closed PlayWright Driver. @11-11-2021 01:56:18.0739 A
[ReportManager] File Action [GetAbsolutePath] successfully performed. With the following test data [Relative Folder Path: "target/downloadedFiles/"]. @11-11-2021 01:56:18.0761 AM
[ReportManager] Attempting to run locally on: [Mac-64], [Safari], Headless Execution. @11-11-2021 01:56:18.0761 AM
[ReportManager] Successfully Opened Safari. @11-11-2021 01:56:19.0568 AM
[ReportManager] Initial window size: (800, 600) @11-11-2021 01:56:19.0574 AM
[ReportManager] Window size after SWD Maximize: (1176, 811) @11-11-2021 01:56:19.0586 AM
[ReportManager] Browser Action [MaximizeWindow] successfully performed. With the following test data [New screen size is now: (1176, 811)]. @11-11-2021 01:56:19.0586 A

################################################################################################################################################
Starting Execution:	[142 out of 146] test cases in the current suite
Test Method:		[testPackage01.Test_verifyEquals.test_assertElementAttribute]
################################################################################################################################################
[ReportManager] Target URL: [https://www.google.com/ncr], and after redirection: [https://www.google.com] @11-11-2021 01:56:19.0588 AM
[ReportManager] Initial URL: [] @11-11-2021 01:56:19.0633 AM
[ReportManager] Browser Action [NavigateToURL] successfully performed. With the following test data [https://www.google.com/ncr]. @11-11-2021 01:56:21.0170 AM
[ReportManager] Element Action [Type] successfully performed. With the following test data [INC_004010050:Another SCHEDULER with the same name [Duplicate Job Name] already exists.]. @11-11-2021 01:56:23.0500 AM
[ReportManager] Element Action [GetText] successfully performed. With the following test data [INC_004010050:Another SCHEDULER with the same name [Duplicate Job Name] already exists.]. @11-11-2021 01:56:23.0551 AM
[ReportManager] Loaded Shared OpenCV @11-11-2021 01:56:23.0593 AM
[ReportManager] Verification [ValidateElementAttribute] PASSED. Expected [Value Should be 'INC_004010050:Another SCHEDULER with the same name \[Duplicate Job Name\] already exists.' for the 'text' attribute, element locator 'By.name: q'] and Actual [INC_004010050:Another SCHEDULER with the same name [Duplicate Job Name] already exists.]. Comparison Type [MATCHES]. Validation Type [POSITIVE]. @11-11-2021 01:56:23.0733 AM
[ReportManager] Successfully created attachment [Screenshot - 1636595783593_test_assertElementAttribute_ValidateElementAttribute_passed] @11-11-2021 01:56:23.0734 A
[ReportManager] Browser Action [CloseCurrentWindow] successfully performed. @11-11-2021 01:56:23.0989 AM
[ReportManager] Successfully created attachment [Browser Action Test Data - CloseCurrentWindow - Actual Value] @11-11-2021 01:56:24.0031 A

################################################################################################################################################
Starting Execution:	[143 out of 146] test cases in the current suite
Test Method:		[testPackage01.Test_SelectedValue.multipleSelect]
################################################################################################################################################
[ReportManager] File Action [GetAbsolutePath] successfully performed. With the following test data [Relative Folder Path: "target/downloadedFiles/"]. @11-11-2021 01:56:24.0036 AM
[ReportManager] Attempting to run locally on: [Mac-64], [GoogleChrome], Headless Execution. @11-11-2021 01:56:24.0036 AM
[ReportManager] Identifying OS/Driver combination and selecting the correct driver version automatically. Please note that if a new driver executable will be downloaded it may take some time... @11-11-2021 01:56:24.0036 AM
[ReportManager] Successfully Opened Google Chrome. @11-11-2021 01:56:24.0658 AM
[ReportManager] Initial window size: (1920, 1080) @11-11-2021 01:56:24.0663 AM
[ReportManager] Window size after SWD Maximize: (1920, 1080) @11-11-2021 01:56:24.0770 AM
[ReportManager] Window size after Toolkit: (1920, 1080) @11-11-2021 01:56:25.0205 AM
[ReportManager] Browser Action [MaximizeWindow] successfully performed. With the following test data [New screen size is now: (1920, 1080)]. @11-11-2021 01:56:25.0208 AM
[ReportManager] Target URL: [https://yari-demos.prod.mdn.mozit.cloud/en-US/docs/Web/HTML/Element/select/_sample_.Advanced_select_with_multiple_features.html] @11-11-2021 01:56:25.0208 AM
[ReportManager] Initial URL: [data:,] @11-11-2021 01:56:25.0237 AM
[ReportManager] Browser Action [NavigateToURL] successfully performed. With the following test data [https://yari-demos.prod.mdn.mozit.cloud/en-US/docs/Web/HTML/Element/select/_sample_.Advanced_select_with_multiple_features.html]. @11-11-2021 01:56:25.0795 AM
[ReportManager] Element Action [Select] successfully performed. With the following test data [Dog]. @11-11-2021 01:56:25.0998 AM
[ReportManager] Element Action [Select] successfully performed. With the following test data [Cat]. @11-11-2021 01:56:26.0165 AM
[ReportManager] Element Action [GetSelectedText] successfully performed. With the following test data [DogCat]. @11-11-2021 01:56:26.0305 AM
[ReportManager] DogCat @11-11-2021 01:56:26.0305 AM
[ReportManager] Element Action [GetSelectedText] successfully performed. With the following test data [DogCat]. @11-11-2021 01:56:26.0426 AM
[ReportManager] Loaded Shared OpenCV @11-11-2021 01:56:26.0695 AM
[ReportManager] Assertion [ValidateElementAttribute] PASSED. Expected [Value Should be 'DogCat' for the 'selectedText' attribute, element locator 'By.tagName: select'] and Actual [DogCat]. Comparison Type [EQUALS]. Validation Type [POSITIVE]. @11-11-2021 01:56:26.0902 AM
[ReportManager] Successfully created attachment [Screenshot - 1636595786695_multipleSelect_ValidateElementAttribute_passed] @11-11-2021 01:56:26.0903 AM
[ReportManager] Browser Action [CloseCurrentWindow] successfully performed. @11-11-2021 01:56:26.0996 AM
[ReportManager] Successfully created attachment [Browser Action Test Data - CloseCurrentWindow - Actual Value] @11-11-2021 01:56:27.0014 A

################################################################################################################################################
Starting Execution:	[144 out of 146] test cases in the current suite
Test Method:		[testPackage01.Test_SelectedValue.simpleSelect]
################################################################################################################################################
[ReportManager] File Action [GetAbsolutePath] successfully performed. With the following test data [Relative Folder Path: "target/downloadedFiles/"]. @11-11-2021 01:56:27.0017 AM
[ReportManager] Attempting to run locally on: [Mac-64], [GoogleChrome], Headless Execution. @11-11-2021 01:56:27.0018 AM
[ReportManager] Identifying OS/Driver combination and selecting the correct driver version automatically. Please note that if a new driver executable will be downloaded it may take some time... @11-11-2021 01:56:27.0018 AM
[ReportManager] Successfully Opened Google Chrome. @11-11-2021 01:56:27.0491 AM
[ReportManager] Initial window size: (1920, 1080) @11-11-2021 01:56:27.0495 AM
[ReportManager] Window size after SWD Maximize: (1920, 1080) @11-11-2021 01:56:27.0679 AM
[ReportManager] Window size after Toolkit: (1920, 1080) @11-11-2021 01:56:28.0114 AM
[ReportManager] Browser Action [MaximizeWindow] successfully performed. With the following test data [New screen size is now: (1920, 1080)]. @11-11-2021 01:56:28.0117 AM
[ReportManager] Target URL: [https://yari-demos.prod.mdn.mozit.cloud/en-US/docs/Web/HTML/Element/select/_sample_.Basic_select.html] @11-11-2021 01:56:28.0117 AM
[ReportManager] Initial URL: [data:,] @11-11-2021 01:56:28.0145 AM
[ReportManager] Browser Action [NavigateToURL] successfully performed. With the following test data [https://yari-demos.prod.mdn.mozit.cloud/en-US/docs/Web/HTML/Element/select/_sample_.Basic_select.html]. @11-11-2021 01:56:28.0523 AM
[ReportManager] Element Action [Select] successfully performed. With the following test data [Third Value]. @11-11-2021 01:56:28.0814 AM
[ReportManager] Element Action [GetSelectedText] successfully performed. With the following test data [Third Value]. @11-11-2021 01:56:28.0937 AM
[ReportManager] Third Value @11-11-2021 01:56:28.0939 AM
[ReportManager] Element Action [GetSelectedText] successfully performed. With the following test data [Third Value]. @11-11-2021 01:56:29.0013 AM
[ReportManager] Loaded Shared OpenCV @11-11-2021 01:56:29.0394 AM
[ReportManager] Assertion [ValidateElementAttribute] PASSED. Expected [Value Should be 'Third Value' for the 'selectedText' attribute, element locator 'By.tagName: select'] and Actual [Third Value]. Comparison Type [EQUALS]. Validation Type [POSITIVE]. @11-11-2021 01:56:29.0557 AM
[ReportManager] Successfully created attachment [Screenshot - 1636595789394_simpleSelect_ValidateElementAttribute_passed] @11-11-2021 01:56:29.0557 AM
[ReportManager] Browser Action [CloseCurrentWindow] successfully performed. @11-11-2021 01:56:29.0642 AM
[ReportManager] Successfully created attachment [Browser Action Test Data - CloseCurrentWindow - Actual Value] @11-11-2021 01:56:29.0643 A
[ReportManager] File Action [GetAbsolutePath] successfully performed. With the following test data [Relative Folder Path: "target/downloadedFiles/"]. @11-11-2021 01:56:29.0647 AM
[ReportManager] Attempting to run locally on: [Mac-64], [Safari], Headless Execution. @11-11-2021 01:56:29.0648 AM
[ReportManager] Successfully Opened Safari. @11-11-2021 01:56:30.0484 AM
[ReportManager] Initial window size: (800, 600) @11-11-2021 01:56:30.0502 AM
[ReportManager] Window size after SWD Maximize: (1176, 811) @11-11-2021 01:56:30.0568 AM
[ReportManager] Browser Action [MaximizeWindow] successfully performed. With the following test data [New screen size is now: (1176, 811)]. @11-11-2021 01:56:30.0569 A

################################################################################################################################################
Starting Execution:	[145 out of 146] test cases in the current suite
Test Method:		[testPackage01.Test_dynamicLoading.dynamicLoading_elementIsHidden]
################################################################################################################################################
[ReportManager] Target URL: [https://the-internet.herokuapp.com/dynamic_loading/1] @11-11-2021 01:56:30.0572 AM
[ReportManager] Initial URL: [] @11-11-2021 01:56:30.0606 AM
[ReportManager] Browser Action [NavigateToURL] successfully performed. With the following test data [https://the-internet.herokuapp.com/dynamic_loading/1]. @11-11-2021 01:56:31.0749 AM
[ReportManager] Element Action [Click] successfully performed. With the following test data [Start]. @11-11-2021 01:56:32.0058 AM
[ReportManager] Element Action [GetText] successfully performed. With the following test data [
    Hello World!
  ]. @11-11-2021 01:56:32.0086 A
[ReportManager] Browser Action [CloseCurrentWindow] successfully performed. @11-11-2021 01:56:32.0404 AM
[ReportManager] Successfully created attachment [Browser Action Test Data - CloseCurrentWindow - Actual Value] @11-11-2021 01:56:32.0405 A
[ReportManager] File Action [GetAbsolutePath] successfully performed. With the following test data [Relative Folder Path: "target/downloadedFiles/"]. @11-11-2021 01:56:32.0407 AM
[ReportManager] Attempting to run locally on: [Mac-64], [Safari], Headless Execution. @11-11-2021 01:56:32.0407 AM
[ReportManager] Successfully Opened Safari. @11-11-2021 01:56:33.0218 AM
[ReportManager] Initial window size: (800, 600) @11-11-2021 01:56:33.0239 AM
[ReportManager] Window size after SWD Maximize: (1176, 811) @11-11-2021 01:56:33.0251 AM
[ReportManager] Browser Action [MaximizeWindow] successfully performed. With the following test data [New screen size is now: (1176, 811)]. @11-11-2021 01:56:33.0251 A

################################################################################################################################################
Starting Execution:	[146 out of 146] test cases in the current suite
Test Method:		[testPackage01.Test_dynamicLoading.dynamicLoading_elementIsRendered]
################################################################################################################################################
[ReportManager] Target URL: [https://the-internet.herokuapp.com/dynamic_loading/2] @11-11-2021 01:56:33.0254 AM
[ReportManager] Initial URL: [] @11-11-2021 01:56:33.0366 AM
[ReportManager] Browser Action [NavigateToURL] successfully performed. With the following test data [https://the-internet.herokuapp.com/dynamic_loading/2]. @11-11-2021 01:56:34.0546 AM
[ReportManager] Element Action [Click] successfully performed. With the following test data [Start]. @11-11-2021 01:56:34.0815 A
[ReportManager] Browser Action [CloseCurrentWindow] successfully performed. @11-11-2021 01:56:35.0008 AM
[ReportManager] Successfully created attachment [Browser Action Test Data - CloseCurrentWindow - Actual Value] @11-11-2021 01:56:35.0009 A
[ReportManager] Successfully created attachment [SHAFT Engine Logs - Execution log] @11-11-2021 01:56:35.0041 AM

################################################################################################################################################
This test run was powered by SHAFT Engine Version: [SHAFT Engine v5.4.20211104-BETA]
SHAFT Engine is licensed under the MIT License: [https://github.com/MohabMohie/SHAFT_ENGINE/blob/master/LICENSE].
################################################################################################################################################