################################################################################################################################################
Detected SHAFT Engine Version: [SHAFT Engine v5.4.20211030-BETA]
################################################################################################################################################

################################################################################################################################################
Starting Execution:	[1 out of 143] test cases in the current suite
Test Method:		[unitTests.tests_validations_assertions.assertComparativeRelation_greaterThanOrEquals_false_equals_expectedToFail]
################################################################################################################################################
[ReportManager] Assertion [ValidateComparativeRelation] FAILED. Expected [1] and Actual [1]. Comparison Type [GREATER_THAN_OR_EQUALS]. Validation Type [NEGATIVE]. @01-11-2021 09:21:48.0234 A

################################################################################################################################################
Starting Execution:	[2 out of 143] test cases in the current suite
Test Method:		[unitTests.tests_validations_assertions.assertComparativeRelation_greaterThanOrEquals_false_equals_expectedToPass]
################################################################################################################################################
[ReportManager] Assertion [ValidateComparativeRelation] PASSED. Expected [2] and Actual [1]. Comparison Type [GREATER_THAN_OR_EQUALS]. Validation Type [NEGATIVE]. @01-11-2021 09:21:48.0365 A

################################################################################################################################################
Starting Execution:	[3 out of 143] test cases in the current suite
Test Method:		[unitTests.tests_validations_assertions.assertComparativeRelation_greaterThanOrEquals_false_greaterThan_expectedToFail]
################################################################################################################################################
[ReportManager] Assertion [ValidateComparativeRelation] FAILED. Expected [1] and Actual [2]. Comparison Type [GREATER_THAN_OR_EQUALS]. Validation Type [NEGATIVE]. @01-11-2021 09:21:48.0371 A

################################################################################################################################################
Starting Execution:	[4 out of 143] test cases in the current suite
Test Method:		[unitTests.tests_validations_assertions.assertComparativeRelation_greaterThanOrEquals_false_greaterThan_expectedToPass]
################################################################################################################################################
[ReportManager] Assertion [ValidateComparativeRelation] PASSED. Expected [2] and Actual [1]. Comparison Type [GREATER_THAN_OR_EQUALS]. Validation Type [NEGATIVE]. @01-11-2021 09:21:48.0377 A

################################################################################################################################################
Starting Execution:	[5 out of 143] test cases in the current suite
Test Method:		[unitTests.tests_validations_assertions.assertComparativeRelation_greaterThanOrEquals_true_equals_expectedToFail]
################################################################################################################################################
[ReportManager] Assertion [ValidateComparativeRelation] FAILED. Expected [1] and Actual [0]. Comparison Type [GREATER_THAN_OR_EQUALS]. Validation Type [POSITIVE]. @01-11-2021 09:21:48.0382 A

################################################################################################################################################
Starting Execution:	[6 out of 143] test cases in the current suite
Test Method:		[unitTests.tests_validations_assertions.assertComparativeRelation_greaterThanOrEquals_true_equals_expectedToPass]
################################################################################################################################################
[ReportManager] Assertion [ValidateComparativeRelation] PASSED. Expected [1] and Actual [1]. Comparison Type [GREATER_THAN_OR_EQUALS]. Validation Type [POSITIVE]. @01-11-2021 09:21:48.0388 A

################################################################################################################################################
Starting Execution:	[7 out of 143] test cases in the current suite
Test Method:		[unitTests.tests_validations_assertions.assertComparativeRelation_greaterThanOrEquals_true_greaterThan_expectedToFail]
################################################################################################################################################
[ReportManager] Assertion [ValidateComparativeRelation] FAILED. Expected [2] and Actual [1]. Comparison Type [GREATER_THAN_OR_EQUALS]. Validation Type [POSITIVE]. @01-11-2021 09:21:48.0394 A

################################################################################################################################################
Starting Execution:	[8 out of 143] test cases in the current suite
Test Method:		[unitTests.tests_validations_assertions.assertComparativeRelation_greaterThanOrEquals_true_greaterThan_expectedToPass]
################################################################################################################################################
[ReportManager] Assertion [ValidateComparativeRelation] PASSED. Expected [1] and Actual [2]. Comparison Type [GREATER_THAN_OR_EQUALS]. Validation Type [POSITIVE]. @01-11-2021 09:21:48.0404 A
[ReportManager] File Action [GetAbsolutePath] successfully performed. With the following test data [Relative Folder Path: "target/downloadedFiles/"]. @01-11-2021 09:21:48.0425 AM
[ReportManager] Attempting to run remotely on: [Linux-64], [GoogleChrome], [http://localhost:4444/wd/hub], Headless Execution. @01-11-2021 09:21:48.0444 AM
[ReportManager] Successfully Opened [GoogleChrome]. @01-11-2021 09:21:53.0054 AM
[ReportManager] Target URL: [https://www.google.com/ncr], and after redirection: [www.google.com] @01-11-2021 09:21:53.0067 AM
[ReportManager] Initial URL: [data:,] @01-11-2021 09:21:53.0422 AM
[ReportManager] Browser Action [NavigateToURL] successfully performed. With the following test data [https://www.google.com/ncr]. @01-11-2021 09:21:54.0941 A

################################################################################################################################################
Starting Execution:	[9 out of 143] test cases in the current suite
Test Method:		[unitTests.tests_validations_assertions.assertElementAttribute_false_caseInsensitiveComparison_expectedToFail]
################################################################################################################################################
[ReportManager] Element Action [Type] successfully performed. With the following test data [AUTOMATION]. @01-11-2021 09:21:55.0812 AM
[ReportManager] Element Action [GetText] successfully performed. With the following test data [AUTOMATION]. @01-11-2021 09:21:56.0157 AM
[ReportManager] Loaded Shared OpenCV @01-11-2021 09:21:57.0133 AM
[ReportManager] Assertion [ValidateElementAttribute] FAILED. Expected [Value Should not be 'AutomaTion' for the 'text' attribute, element locator 'By.name: q'] and Actual [AUTOMATION]. Comparison Type [CASE_INSENSITIVE]. Validation Type [NEGATIVE]. @01-11-2021 09:21:57.0737 AM
[ReportManager] Successfully created attachment [Screenshot - 1635758516642_assertElementAttribute_false_caseInsensitiveComparison_expectedToFail_ValidateElementAttribute_failed] @01-11-2021 09:21:57.0822 A
[ReportManager] Browser Action [CloseCurrentWindow] successfully performed. @01-11-2021 09:21:58.0072 AM
[ReportManager] Successfully created attachment [Browser Action Test Data - CloseCurrentWindow - Actual Value] @01-11-2021 09:21:58.0079 A
[ReportManager] File Action [GetAbsolutePath] successfully performed. With the following test data [Relative Folder Path: "target/downloadedFiles/"]. @01-11-2021 09:21:58.0088 AM
[ReportManager] Attempting to run remotely on: [Linux-64], [GoogleChrome], [http://localhost:4444/wd/hub], Headless Execution. @01-11-2021 09:21:58.0089 AM
[ReportManager] Successfully Opened [GoogleChrome]. @01-11-2021 09:22:02.0298 AM
[ReportManager] Target URL: [https://www.google.com/ncr], and after redirection: [www.google.com] @01-11-2021 09:22:02.0298 AM
[ReportManager] Initial URL: [data:,] @01-11-2021 09:22:02.0454 AM
[ReportManager] Browser Action [NavigateToURL] successfully performed. With the following test data [https://www.google.com/ncr]. @01-11-2021 09:22:03.0679 A

################################################################################################################################################
Starting Execution:	[10 out of 143] test cases in the current suite
Test Method:		[unitTests.tests_validations_assertions.assertElementAttribute_false_caseInsensitiveComparison_expectedToPass]
################################################################################################################################################
[ReportManager] Element Action [Type] successfully performed. With the following test data [AUTOMATION]. @01-11-2021 09:22:04.0489 AM
[ReportManager] Element Action [GetText] successfully performed. With the following test data [AUTOMATION]. @01-11-2021 09:22:04.0773 AM
[ReportManager] Loaded Shared OpenCV @01-11-2021 09:22:05.0219 AM
[ReportManager] Assertion [ValidateElementAttribute] PASSED. Expected [Value Should not be 'AutomaTion123' for the 'text' attribute, element locator 'By.name: q'] and Actual [AUTOMATION]. Comparison Type [CASE_INSENSITIVE]. Validation Type [NEGATIVE]. @01-11-2021 09:22:05.0545 AM
[ReportManager] Successfully created attachment [Screenshot - 1635758525215_assertElementAttribute_false_caseInsensitiveComparison_expectedToPass_ValidateElementAttribute_passed] @01-11-2021 09:22:05.0550 A
[ReportManager] Browser Action [CloseCurrentWindow] successfully performed. @01-11-2021 09:22:05.0730 AM
[ReportManager] Successfully created attachment [Browser Action Test Data - CloseCurrentWindow - Actual Value] @01-11-2021 09:22:05.0731 A
[ReportManager] File Action [GetAbsolutePath] successfully performed. With the following test data [Relative Folder Path: "target/downloadedFiles/"]. @01-11-2021 09:22:05.0747 AM
[ReportManager] Attempting to run remotely on: [Linux-64], [GoogleChrome], [http://localhost:4444/wd/hub], Headless Execution. @01-11-2021 09:22:05.0747 AM
[ReportManager] Successfully Opened [GoogleChrome]. @01-11-2021 09:22:07.0260 AM
[ReportManager] Target URL: [https://www.google.com/ncr], and after redirection: [www.google.com] @01-11-2021 09:22:07.0260 AM
[ReportManager] Initial URL: [data:,] @01-11-2021 09:22:07.0385 AM
[ReportManager] Browser Action [NavigateToURL] successfully performed. With the following test data [https://www.google.com/ncr]. @01-11-2021 09:22:08.0509 A

################################################################################################################################################
Starting Execution:	[11 out of 143] test cases in the current suite
Test Method:		[unitTests.tests_validations_assertions.assertElementAttribute_false_containsComparison_expectedToFail]
################################################################################################################################################
[ReportManager] Element Action [Type] successfully performed. With the following test data [Automation123]. @01-11-2021 09:22:09.0356 AM
[ReportManager] Element Action [GetText] successfully performed. With the following test data [Automation123]. @01-11-2021 09:22:09.0679 AM
[ReportManager] Loaded Shared OpenCV @01-11-2021 09:22:10.0134 AM
[ReportManager] Assertion [ValidateElementAttribute] FAILED. Expected [Value Should not be 'Automation' for the 'text' attribute, element locator 'By.name: q'] and Actual [Automation123]. Comparison Type [CONTAINS]. Validation Type [NEGATIVE]. @01-11-2021 09:22:10.0436 AM
[ReportManager] Successfully created attachment [Screenshot - 1635758530134_assertElementAttribute_false_containsComparison_expectedToFail_ValidateElementAttribute_failed] @01-11-2021 09:22:10.0439 A
[ReportManager] Browser Action [CloseCurrentWindow] successfully performed. @01-11-2021 09:22:10.0602 AM
[ReportManager] Successfully created attachment [Browser Action Test Data - CloseCurrentWindow - Actual Value] @01-11-2021 09:22:10.0603 A
[ReportManager] File Action [GetAbsolutePath] successfully performed. With the following test data [Relative Folder Path: "target/downloadedFiles/"]. @01-11-2021 09:22:10.0608 AM
[ReportManager] Attempting to run remotely on: [Linux-64], [GoogleChrome], [http://localhost:4444/wd/hub], Headless Execution. @01-11-2021 09:22:10.0608 AM
[ReportManager] Successfully Opened [GoogleChrome]. @01-11-2021 09:22:12.0254 AM
[ReportManager] Target URL: [https://www.google.com/ncr], and after redirection: [www.google.com] @01-11-2021 09:22:12.0254 AM
[ReportManager] Initial URL: [data:,] @01-11-2021 09:22:12.0361 AM
[ReportManager] Browser Action [NavigateToURL] successfully performed. With the following test data [https://www.google.com/ncr]. @01-11-2021 09:22:13.0539 A

################################################################################################################################################
Starting Execution:	[12 out of 143] test cases in the current suite
Test Method:		[unitTests.tests_validations_assertions.assertElementAttribute_false_containsComparison_expectedToPass]
################################################################################################################################################
[ReportManager] Element Action [Type] successfully performed. With the following test data [Automation123]. @01-11-2021 09:22:14.0394 AM
[ReportManager] Element Action [GetText] successfully performed. With the following test data [Automation123]. @01-11-2021 09:22:14.0689 AM
[ReportManager] Loaded Shared OpenCV @01-11-2021 09:22:15.0129 AM
[ReportManager] Assertion [ValidateElementAttribute] PASSED. Expected [Value Should not be 'Automation1234' for the 'text' attribute, element locator 'By.name: q'] and Actual [Automation123]. Comparison Type [CONTAINS]. Validation Type [NEGATIVE]. @01-11-2021 09:22:15.0382 AM
[ReportManager] Successfully created attachment [Screenshot - 1635758535129_assertElementAttribute_false_containsComparison_expectedToPass_ValidateElementAttribute_passed] @01-11-2021 09:22:15.0384 A
[ReportManager] Browser Action [CloseCurrentWindow] successfully performed. @01-11-2021 09:22:15.0554 AM
[ReportManager] Successfully created attachment [Browser Action Test Data - CloseCurrentWindow - Actual Value] @01-11-2021 09:22:15.0555 A
[ReportManager] File Action [GetAbsolutePath] successfully performed. With the following test data [Relative Folder Path: "target/downloadedFiles/"]. @01-11-2021 09:22:15.0558 AM
[ReportManager] Attempting to run remotely on: [Linux-64], [GoogleChrome], [http://localhost:4444/wd/hub], Headless Execution. @01-11-2021 09:22:15.0558 AM
[ReportManager] Successfully Opened [GoogleChrome]. @01-11-2021 09:22:17.0233 AM
[ReportManager] Target URL: [https://www.google.com/ncr], and after redirection: [www.google.com] @01-11-2021 09:22:17.0233 AM
[ReportManager] Initial URL: [data:,] @01-11-2021 09:22:17.0307 AM
[ReportManager] Browser Action [NavigateToURL] successfully performed. With the following test data [https://www.google.com/ncr]. @01-11-2021 09:22:18.0280 A

################################################################################################################################################
Starting Execution:	[13 out of 143] test cases in the current suite
Test Method:		[unitTests.tests_validations_assertions.assertElementAttribute_false_literalComparison_expectedToFail]
################################################################################################################################################
[ReportManager] Element Action [Type] successfully performed. With the following test data [Automation!@#$%^&*()_+{}[]\';/.,]. @01-11-2021 09:22:19.0152 AM
[ReportManager] Element Action [GetText] successfully performed. With the following test data [Automation!@#$%^&*()_+{}[]\';/.,]. @01-11-2021 09:22:19.0391 AM
[ReportManager] Loaded Shared OpenCV @01-11-2021 09:22:19.0828 AM
[ReportManager] Assertion [ValidateElementAttribute] PASSED. Expected [Value Should not be 'Automation!@#$%^&*()_+{}[]\\';/.,' for the 'text' attribute, element locator 'By.name: q'] and Actual [Automation!@#$%^&*()_+{}[]\';/.,]. Comparison Type [EQUALS]. Validation Type [NEGATIVE]. @01-11-2021 09:22:20.0088 AM
[ReportManager] Successfully created attachment [Screenshot - 1635758539827_assertElementAttribute_false_literalComparison_expectedToFail_ValidateElementAttribute_passed] @01-11-2021 09:22:20.0090 A
[ReportManager] Browser Action [CloseCurrentWindow] successfully performed. @01-11-2021 09:22:20.0248 AM
[ReportManager] Successfully created attachment [Browser Action Test Data - CloseCurrentWindow - Actual Value] @01-11-2021 09:22:20.0249 A
[ReportManager] File Action [GetAbsolutePath] successfully performed. With the following test data [Relative Folder Path: "target/downloadedFiles/"]. @01-11-2021 09:22:20.0253 AM
[ReportManager] Attempting to run remotely on: [Linux-64], [GoogleChrome], [http://localhost:4444/wd/hub], Headless Execution. @01-11-2021 09:22:20.0253 AM
[ReportManager] Successfully Opened [GoogleChrome]. @01-11-2021 09:22:22.0240 AM
[ReportManager] Target URL: [https://www.google.com/ncr], and after redirection: [www.google.com] @01-11-2021 09:22:22.0240 AM
[ReportManager] Initial URL: [data:,] @01-11-2021 09:22:22.0365 AM
[ReportManager] Browser Action [NavigateToURL] successfully performed. With the following test data [https://www.google.com/ncr]. @01-11-2021 09:22:23.0388 A

################################################################################################################################################
Starting Execution:	[14 out of 143] test cases in the current suite
Test Method:		[unitTests.tests_validations_assertions.assertElementAttribute_false_literalComparison_expectedToPass]
################################################################################################################################################
[ReportManager] Element Action [Type] successfully performed. With the following test data [Automation!@#$%^&*()_+{}[]\';/.,]. @01-11-2021 09:22:24.0123 AM
[ReportManager] Element Action [GetText] successfully performed. With the following test data [Automation!@#$%^&*()_+{}[]\';/.,]. @01-11-2021 09:22:24.0366 AM
[ReportManager] Loaded Shared OpenCV @01-11-2021 09:22:24.0769 AM
[ReportManager] Assertion [ValidateElementAttribute] PASSED. Expected [Value Should not be 'Automation' for the 'text' attribute, element locator 'By.name: q'] and Actual [Automation!@#$%^&*()_+{}[]\';/.,]. Comparison Type [EQUALS]. Validation Type [NEGATIVE]. @01-11-2021 09:22:25.0006 AM
[ReportManager] Successfully created attachment [Screenshot - 1635758544769_assertElementAttribute_false_literalComparison_expectedToPass_ValidateElementAttribute_passed] @01-11-2021 09:22:25.0008 A
[ReportManager] Browser Action [CloseCurrentWindow] successfully performed. @01-11-2021 09:22:25.0191 AM
[ReportManager] Successfully created attachment [Browser Action Test Data - CloseCurrentWindow - Actual Value] @01-11-2021 09:22:25.0192 A
[ReportManager] File Action [GetAbsolutePath] successfully performed. With the following test data [Relative Folder Path: "target/downloadedFiles/"]. @01-11-2021 09:22:25.0197 AM
[ReportManager] Attempting to run remotely on: [Linux-64], [GoogleChrome], [http://localhost:4444/wd/hub], Headless Execution. @01-11-2021 09:22:25.0198 AM
[ReportManager] Successfully Opened [GoogleChrome]. @01-11-2021 09:22:27.0233 AM
[ReportManager] Target URL: [https://www.google.com/ncr], and after redirection: [www.google.com] @01-11-2021 09:22:27.0235 AM
[ReportManager] Initial URL: [data:,] @01-11-2021 09:22:27.0313 AM
[ReportManager] Browser Action [NavigateToURL] successfully performed. With the following test data [https://www.google.com/ncr]. @01-11-2021 09:22:28.0228 A

################################################################################################################################################
Starting Execution:	[15 out of 143] test cases in the current suite
Test Method:		[unitTests.tests_validations_assertions.assertElementAttribute_false_regexComparison_expectedToFail]
################################################################################################################################################
[ReportManager] Element Action [Type] successfully performed. With the following test data [Automation123]. @01-11-2021 09:22:28.0777 AM
[ReportManager] Element Action [GetText] successfully performed. With the following test data [Automation123]. @01-11-2021 09:22:28.0986 AM
[ReportManager] Loaded Shared OpenCV @01-11-2021 09:22:29.0368 AM
[ReportManager] Assertion [ValidateElementAttribute] FAILED. Expected [Value Should not be 'Automation.*' for the 'text' attribute, element locator 'By.name: q'] and Actual [Automation123]. Comparison Type [MATCHES]. Validation Type [NEGATIVE]. @01-11-2021 09:22:29.0608 AM
[ReportManager] Successfully created attachment [Screenshot - 1635758549367_assertElementAttribute_false_regexComparison_expectedToFail_ValidateElementAttribute_failed] @01-11-2021 09:22:29.0610 A
[ReportManager] Browser Action [CloseCurrentWindow] successfully performed. @01-11-2021 09:22:29.0807 AM
[ReportManager] Successfully created attachment [Browser Action Test Data - CloseCurrentWindow - Actual Value] @01-11-2021 09:22:29.0808 A
[ReportManager] File Action [GetAbsolutePath] successfully performed. With the following test data [Relative Folder Path: "target/downloadedFiles/"]. @01-11-2021 09:22:29.0812 AM
[ReportManager] Attempting to run remotely on: [Linux-64], [GoogleChrome], [http://localhost:4444/wd/hub], Headless Execution. @01-11-2021 09:22:29.0813 AM
[ReportManager] Successfully Opened [GoogleChrome]. @01-11-2021 09:22:32.0214 AM
[ReportManager] Target URL: [https://www.google.com/ncr], and after redirection: [www.google.com] @01-11-2021 09:22:32.0214 AM
[ReportManager] Initial URL: [data:,] @01-11-2021 09:22:32.0278 AM
[ReportManager] Browser Action [NavigateToURL] successfully performed. With the following test data [https://www.google.com/ncr]. @01-11-2021 09:22:33.0217 A

################################################################################################################################################
Starting Execution:	[16 out of 143] test cases in the current suite
Test Method:		[unitTests.tests_validations_assertions.assertElementAttribute_false_regexComparison_expectedToPass]
################################################################################################################################################
[ReportManager] Element Action [Type] successfully performed. With the following test data [Automation123]. @01-11-2021 09:22:33.0840 AM
[ReportManager] Element Action [GetText] successfully performed. With the following test data [Automation123]. @01-11-2021 09:22:34.0009 AM
[ReportManager] Loaded Shared OpenCV @01-11-2021 09:22:34.0436 AM
[ReportManager] Assertion [ValidateElementAttribute] PASSED. Expected [Value Should not be 'Automation' for the 'text' attribute, element locator 'By.name: q'] and Actual [Automation123]. Comparison Type [MATCHES]. Validation Type [NEGATIVE]. @01-11-2021 09:22:34.0657 AM
[ReportManager] Successfully created attachment [Screenshot - 1635758554436_assertElementAttribute_false_regexComparison_expectedToPass_ValidateElementAttribute_passed] @01-11-2021 09:22:34.0659 A
[ReportManager] Browser Action [CloseCurrentWindow] successfully performed. @01-11-2021 09:22:34.0842 AM
[ReportManager] Successfully created attachment [Browser Action Test Data - CloseCurrentWindow - Actual Value] @01-11-2021 09:22:34.0843 A
[ReportManager] File Action [GetAbsolutePath] successfully performed. With the following test data [Relative Folder Path: "target/downloadedFiles/"]. @01-11-2021 09:22:34.0850 AM
[ReportManager] Attempting to run remotely on: [Linux-64], [GoogleChrome], [http://localhost:4444/wd/hub], Headless Execution. @01-11-2021 09:22:34.0850 AM
[ReportManager] Successfully Opened [GoogleChrome]. @01-11-2021 09:22:37.0222 AM
[ReportManager] Target URL: [https://www.google.com/ncr], and after redirection: [www.google.com] @01-11-2021 09:22:37.0222 AM
[ReportManager] Initial URL: [data:,] @01-11-2021 09:22:37.0314 AM
[ReportManager] Browser Action [NavigateToNewURL] failed. With the following test data [https://www.google.com/ncr]. @01-11-2021 09:25:37.0319 A

################################################################################################################################################
Starting Execution:	[17 out of 143] test cases in the current suite
Test Method:		[unitTests.tests_validations_assertions.assertElementAttribute_true_caseInsensitiveComparison_expectedToFail]
###############################################################################################################################################



################################################################################################################################################
Starting Execution:	[18 out of 143] test cases in the current suite
Test Method:		[unitTests.tests_validations_assertions.assertElementAttribute_true_caseInsensitiveComparison_expectedToPass]
###############################################################################################################################################



################################################################################################################################################
Starting Execution:	[19 out of 143] test cases in the current suite
Test Method:		[unitTests.tests_validations_assertions.assertElementAttribute_true_containsComparison_expectedToFail]
###############################################################################################################################################



################################################################################################################################################
Starting Execution:	[20 out of 143] test cases in the current suite
Test Method:		[unitTests.tests_validations_assertions.assertElementAttribute_true_containsComparison_expectedToPass]
###############################################################################################################################################



################################################################################################################################################
Starting Execution:	[21 out of 143] test cases in the current suite
Test Method:		[unitTests.tests_validations_assertions.assertElementAttribute_true_literalComparison_expectedToFail]
###############################################################################################################################################



################################################################################################################################################
Starting Execution:	[22 out of 143] test cases in the current suite
Test Method:		[unitTests.tests_validations_assertions.assertElementAttribute_true_literalComparison_expectedToPass]
###############################################################################################################################################



################################################################################################################################################
Starting Execution:	[23 out of 143] test cases in the current suite
Test Method:		[unitTests.tests_validations_assertions.assertElementAttribute_true_regexComparison_expectedToFail]
###############################################################################################################################################



################################################################################################################################################
Starting Execution:	[24 out of 143] test cases in the current suite
Test Method:		[unitTests.tests_validations_assertions.assertElementAttribute_true_regexComparison_expectedToPass]
###############################################################################################################################################



################################################################################################################################################
Starting Execution:	[25 out of 143] test cases in the current suite
Test Method:		[unitTests.tests_validations_assertions.assertElementAttribute_type_true_literalComparison_expectedToPass]
###############################################################################################################################################



################################################################################################################################################
Starting Execution:	[26 out of 143] test cases in the current suite
Test Method:		[unitTests.tests_validations_assertions.assertElementExists_false_expectedToFail]
###############################################################################################################################################



################################################################################################################################################
Starting Execution:	[27 out of 143] test cases in the current suite
Test Method:		[unitTests.tests_validations_assertions.assertElementExists_false_expectedToPass]
###############################################################################################################################################



################################################################################################################################################
Starting Execution:	[28 out of 143] test cases in the current suite
Test Method:		[unitTests.tests_validations_assertions.assertElementExists_false_multipleElementsFound_expectedToFail]
###############################################################################################################################################



################################################################################################################################################
Starting Execution:	[29 out of 143] test cases in the current suite
Test Method:		[unitTests.tests_validations_assertions.assertElementExists_true_expectedToFail]
###############################################################################################################################################



################################################################################################################################################
Starting Execution:	[30 out of 143] test cases in the current suite
Test Method:		[unitTests.tests_validations_assertions.assertElementExists_true_expectedToPass]
###############################################################################################################################################



################################################################################################################################################
Starting Execution:	[31 out of 143] test cases in the current suite
Test Method:		[unitTests.tests_validations_assertions.assertElementExists_true_multipleElementsFound_expectedToFail]
###############################################################################################################################################


################################################################################################################################################
Starting Execution:	[32 out of 143] test cases in the current suite
Test Method:		[unitTests.tests_validations_assertions.assertEquals_false_expectedToFail]
###############################################################################################################################################

################################################################################################################################################
Starting Execution:	[33 out of 143] test cases in the current suite
Test Method:		[unitTests.tests_validations_assertions.assertEquals_false_expectedToPass]
###############################################################################################################################################

################################################################################################################################################
Starting Execution:	[34 out of 143] test cases in the current suite
Test Method:		[unitTests.tests_validations_assertions.assertEquals_longCharacters]
###############################################################################################################################################

################################################################################################################################################
Starting Execution:	[35 out of 143] test cases in the current suite
Test Method:		[unitTests.tests_validations_assertions.assertEquals_longCharacters_Discreet]
###############################################################################################################################################

################################################################################################################################################
Starting Execution:	[36 out of 143] test cases in the current suite
Test Method:		[unitTests.tests_validations_assertions.assertEquals_true_expectedToFail]
###############################################################################################################################################

################################################################################################################################################
Starting Execution:	[37 out of 143] test cases in the current suite
Test Method:		[unitTests.tests_validations_assertions.assertEquals_true_expectedToPass]
Test Description:	[Assert that assertEquals works as expected when the two values are equal.]
###############################################################################################################################################

################################################################################################################################################
Starting Execution:	[38 out of 143] test cases in the current suite
Test Method:		[unitTests.tests_validations_assertions.assertEquals_true_expectedToPass__]
###############################################################################################################################################

################################################################################################################################################
Starting Execution:	[39 out of 143] test cases in the current suite
Test Method:		[unitTests.tests_validations_assertions.assertFileExists_false_expectedToFail]
###############################################################################################################################################

################################################################################################################################################
Starting Execution:	[40 out of 143] test cases in the current suite
Test Method:		[unitTests.tests_validations_assertions.assertFileExists_false_expectedToPass]
###############################################################################################################################################

################################################################################################################################################
Starting Execution:	[41 out of 143] test cases in the current suite
Test Method:		[unitTests.tests_validations_assertions.assertFileExists_true_expectedToFail]
###############################################################################################################################################

################################################################################################################################################
Starting Execution:	[42 out of 143] test cases in the current suite
Test Method:		[unitTests.tests_validations_assertions.assertFileExists_true_expectedToPass]
###############################################################################################################################################

################################################################################################################################################
Starting Execution:	[43 out of 143] test cases in the current suite
Test Method:		[unitTests.tests_validations_assertions.assertNull_false_expectedToFail]
###############################################################################################################################################

################################################################################################################################################
Starting Execution:	[44 out of 143] test cases in the current suite
Test Method:		[unitTests.tests_validations_assertions.assertNull_false_expectedToPass]
###############################################################################################################################################

################################################################################################################################################
Starting Execution:	[45 out of 143] test cases in the current suite
Test Method:		[unitTests.tests_validations_assertions.assertNull_true_expectedToFail]
###############################################################################################################################################

################################################################################################################################################
Starting Execution:	[46 out of 143] test cases in the current suite
Test Method:		[unitTests.tests_validations_assertions.assertNull_true_expectedToPass]
###############################################################################################################################################

################################################################################################################################################
Starting Execution:	[47 out of 143] test cases in the current suite
Test Method:		[unitTests.tests_restActions.getPostsAndAssertBodyForSpecificTitle]
################################################################################################################################################
[ReportManager] Response status code: [200], status line: [HTTP/1.1 200 OK] @01-11-2021 09:25:39.0756 AM
[ReportManager] Assertion Passed: Evaluating the actual response status code against the expected one... @01-11-2021 09:25:39.0757 AM
[ReportManager] Assertion [ValidateEquals] PASSED. Expected [200] and Actual [200]. Comparison Type [EQUALS]. Validation Type [POSITIVE]. @01-11-2021 09:25:39.0757 AM
[ReportManager] API Action [PerformRequest] successfully performed. With the following test data [Request Type: "GET" | Target Status Code: "200" | Service URL: "https://jsonplaceholder.typicode.com/posts" | Content Type: "*/*" | Response Time: "797ms"]. @01-11-2021 09:25:41.0062 AM
[ReportManager] Successfully created attachment [API Request - Specifications] @01-11-2021 09:25:41.0062 AM
[ReportManager] Successfully created attachment [API Response - JSON Body] @01-11-2021 09:25:41.0357 AM
[ReportManager] API Action [GetResponseJSONValueAsList] successfully performed. @01-11-2021 09:25:41.0404 AM
[ReportManager] API Action [GetResponseJSONValue] successfully performed. With the following test data [title]. @01-11-2021 09:25:41.0431 AM
[ReportManager] API Action [GetResponseJSONValue] successfully performed. With the following test data [title]. @01-11-2021 09:25:41.0462 AM
[ReportManager] API Action [GetResponseJSONValue] successfully performed. With the following test data [body]. @01-11-2021 09:25:41.0491 AM
[ReportManager] Assertion [ValidateEquals] PASSED. Expected [qui neque nisi nulla] and Actual [est rerum tempore vitae
sequi sint nihil reprehenderit dolor beatae ea dolores neque
fugiat blanditiis voluptate porro vel nihil molestiae ut reiciendis
qui aperiam non debitis possimus qui neque nisi nulla]. Comparison Type [CONTAINS]. Validation Type [POSITIVE]. @01-11-2021 09:25:41.0491 AM
[ReportManager] API Action [GetResponseJSONValue] successfully performed. With the following test data [title]. @01-11-2021 09:25:41.0513 AM
[ReportManager] API Action [GetResponseJSONValue] successfully performed. With the following test data [title]. @01-11-2021 09:25:41.0532 AM
[ReportManager] API Action [GetResponseJSONValue] successfully performed. With the following test data [title]. @01-11-2021 09:25:41.0556 AM
[ReportManager] API Action [GetResponseJSONValue] successfully performed. With the following test data [title]. @01-11-2021 09:25:41.0576 AM
[ReportManager] API Action [GetResponseJSONValue] successfully performed. With the following test data [title]. @01-11-2021 09:25:41.0595 AM
[ReportManager] API Action [GetResponseJSONValue] successfully performed. With the following test data [title]. @01-11-2021 09:25:41.0621 AM
[ReportManager] API Action [GetResponseJSONValue] successfully performed. With the following test data [title]. @01-11-2021 09:25:41.0639 AM
[ReportManager] API Action [GetResponseJSONValue] successfully performed. With the following test data [title]. @01-11-2021 09:25:41.0656 AM
[ReportManager] API Action [GetResponseJSONValue] successfully performed. With the following test data [title]. @01-11-2021 09:25:41.0674 AM
[ReportManager] API Action [GetResponseJSONValue] successfully performed. With the following test data [title]. @01-11-2021 09:25:41.0691 AM
[ReportManager] API Action [GetResponseJSONValue] successfully performed. With the following test data [title]. @01-11-2021 09:25:41.0725 AM
[ReportManager] API Action [GetResponseJSONValue] successfully performed. With the following test data [title]. @01-11-2021 09:25:41.0757 AM
[ReportManager] API Action [GetResponseJSONValue] successfully performed. With the following test data [title]. @01-11-2021 09:25:41.0773 AM
[ReportManager] API Action [GetResponseJSONValue] successfully performed. With the following test data [title]. @01-11-2021 09:25:41.0792 AM
[ReportManager] API Action [GetResponseJSONValue] successfully performed. With the following test data [title]. @01-11-2021 09:25:41.0817 AM
[ReportManager] API Action [GetResponseJSONValue] successfully performed. With the following test data [title]. @01-11-2021 09:25:41.0836 AM
[ReportManager] API Action [GetResponseJSONValue] successfully performed. With the following test data [title]. @01-11-2021 09:25:41.0853 AM
[ReportManager] API Action [GetResponseJSONValue] successfully performed. With the following test data [title]. @01-11-2021 09:25:41.0870 AM
[ReportManager] API Action [GetResponseJSONValue] successfully performed. With the following test data [title]. @01-11-2021 09:25:41.0885 AM
[ReportManager] API Action [GetResponseJSONValue] successfully performed. With the following test data [title]. @01-11-2021 09:25:41.0908 AM
[ReportManager] API Action [GetResponseJSONValue] successfully performed. With the following test data [title]. @01-11-2021 09:25:41.0925 AM
[ReportManager] API Action [GetResponseJSONValue] successfully performed. With the following test data [title]. @01-11-2021 09:25:41.0946 AM
[ReportManager] API Action [GetResponseJSONValue] successfully performed. With the following test data [title]. @01-11-2021 09:25:41.0960 AM
[ReportManager] API Action [GetResponseJSONValue] successfully performed. With the following test data [title]. @01-11-2021 09:25:41.0981 AM
[ReportManager] API Action [GetResponseJSONValue] successfully performed. With the following test data [title]. @01-11-2021 09:25:42.0002 AM
[ReportManager] API Action [GetResponseJSONValue] successfully performed. With the following test data [title]. @01-11-2021 09:25:42.0018 AM
[ReportManager] API Action [GetResponseJSONValue] successfully performed. With the following test data [title]. @01-11-2021 09:25:42.0043 AM
[ReportManager] API Action [GetResponseJSONValue] successfully performed. With the following test data [title]. @01-11-2021 09:25:42.0061 AM
[ReportManager] API Action [GetResponseJSONValue] successfully performed. With the following test data [title]. @01-11-2021 09:25:42.0073 AM
[ReportManager] API Action [GetResponseJSONValue] successfully performed. With the following test data [title]. @01-11-2021 09:25:42.0083 AM
[ReportManager] API Action [GetResponseJSONValue] successfully performed. With the following test data [title]. @01-11-2021 09:25:42.0095 AM
[ReportManager] API Action [GetResponseJSONValue] successfully performed. With the following test data [title]. @01-11-2021 09:25:42.0109 AM
[ReportManager] API Action [GetResponseJSONValue] successfully performed. With the following test data [title]. @01-11-2021 09:25:42.0129 AM
[ReportManager] API Action [GetResponseJSONValue] successfully performed. With the following test data [title]. @01-11-2021 09:25:42.0142 AM
[ReportManager] API Action [GetResponseJSONValue] successfully performed. With the following test data [title]. @01-11-2021 09:25:42.0156 AM
[ReportManager] API Action [GetResponseJSONValue] successfully performed. With the following test data [title]. @01-11-2021 09:25:42.0168 AM
[ReportManager] API Action [GetResponseJSONValue] successfully performed. With the following test data [title]. @01-11-2021 09:25:42.0187 AM
[ReportManager] API Action [GetResponseJSONValue] successfully performed. With the following test data [title]. @01-11-2021 09:25:42.0201 AM
[ReportManager] API Action [GetResponseJSONValue] successfully performed. With the following test data [title]. @01-11-2021 09:25:42.0223 AM
[ReportManager] API Action [GetResponseJSONValue] successfully performed. With the following test data [title]. @01-11-2021 09:25:42.0235 AM
[ReportManager] API Action [GetResponseJSONValue] successfully performed. With the following test data [title]. @01-11-2021 09:25:42.0245 AM
[ReportManager] API Action [GetResponseJSONValue] successfully performed. With the following test data [title]. @01-11-2021 09:25:42.0257 AM
[ReportManager] API Action [GetResponseJSONValue] successfully performed. With the following test data [title]. @01-11-2021 09:25:42.0268 AM
[ReportManager] API Action [GetResponseJSONValue] successfully performed. With the following test data [title]. @01-11-2021 09:25:42.0291 AM
[ReportManager] API Action [GetResponseJSONValue] successfully performed. With the following test data [title]. @01-11-2021 09:25:42.0304 AM
[ReportManager] API Action [GetResponseJSONValue] successfully performed. With the following test data [title]. @01-11-2021 09:25:42.0321 AM
[ReportManager] API Action [GetResponseJSONValue] successfully performed. With the following test data [title]. @01-11-2021 09:25:42.0337 AM
[ReportManager] API Action [GetResponseJSONValue] successfully performed. With the following test data [title]. @01-11-2021 09:25:42.0358 AM
[ReportManager] API Action [GetResponseJSONValue] successfully performed. With the following test data [title]. @01-11-2021 09:25:42.0371 AM
[ReportManager] API Action [GetResponseJSONValue] successfully performed. With the following test data [title]. @01-11-2021 09:25:42.0384 AM
[ReportManager] API Action [GetResponseJSONValue] successfully performed. With the following test data [title]. @01-11-2021 09:25:42.0397 AM
[ReportManager] API Action [GetResponseJSONValue] successfully performed. With the following test data [title]. @01-11-2021 09:25:42.0411 AM
[ReportManager] API Action [GetResponseJSONValue] successfully performed. With the following test data [title]. @01-11-2021 09:25:42.0427 AM
[ReportManager] API Action [GetResponseJSONValue] successfully performed. With the following test data [title]. @01-11-2021 09:25:42.0439 AM
[ReportManager] API Action [GetResponseJSONValue] successfully performed. With the following test data [title]. @01-11-2021 09:25:42.0451 AM
[ReportManager] API Action [GetResponseJSONValue] successfully performed. With the following test data [title]. @01-11-2021 09:25:42.0462 AM
[ReportManager] API Action [GetResponseJSONValue] successfully performed. With the following test data [title]. @01-11-2021 09:25:42.0476 AM
[ReportManager] API Action [GetResponseJSONValue] successfully performed. With the following test data [title]. @01-11-2021 09:25:42.0487 AM
[ReportManager] API Action [GetResponseJSONValue] successfully performed. With the following test data [title]. @01-11-2021 09:25:42.0505 AM
[ReportManager] API Action [GetResponseJSONValue] successfully performed. With the following test data [title]. @01-11-2021 09:25:42.0559 AM
[ReportManager] API Action [GetResponseJSONValue] successfully performed. With the following test data [title]. @01-11-2021 09:25:42.0569 AM
[ReportManager] API Action [GetResponseJSONValue] successfully performed. With the following test data [title]. @01-11-2021 09:25:42.0584 AM
[ReportManager] API Action [GetResponseJSONValue] successfully performed. With the following test data [title]. @01-11-2021 09:25:42.0595 AM
[ReportManager] API Action [GetResponseJSONValue] successfully performed. With the following test data [title]. @01-11-2021 09:25:42.0606 AM
[ReportManager] API Action [GetResponseJSONValue] successfully performed. With the following test data [title]. @01-11-2021 09:25:42.0617 AM
[ReportManager] API Action [GetResponseJSONValue] successfully performed. With the following test data [title]. @01-11-2021 09:25:42.0627 AM
[ReportManager] API Action [GetResponseJSONValue] successfully performed. With the following test data [title]. @01-11-2021 09:25:42.0638 AM
[ReportManager] API Action [GetResponseJSONValue] successfully performed. With the following test data [title]. @01-11-2021 09:25:42.0648 AM
[ReportManager] API Action [GetResponseJSONValue] successfully performed. With the following test data [title]. @01-11-2021 09:25:42.0657 AM
[ReportManager] API Action [GetResponseJSONValue] successfully performed. With the following test data [title]. @01-11-2021 09:25:42.0669 AM
[ReportManager] API Action [GetResponseJSONValue] successfully performed. With the following test data [title]. @01-11-2021 09:25:42.0679 AM
[ReportManager] API Action [GetResponseJSONValue] successfully performed. With the following test data [title]. @01-11-2021 09:25:42.0695 AM
[ReportManager] API Action [GetResponseJSONValue] successfully performed. With the following test data [title]. @01-11-2021 09:25:42.0718 AM
[ReportManager] API Action [GetResponseJSONValue] successfully performed. With the following test data [title]. @01-11-2021 09:25:42.0731 AM
[ReportManager] API Action [GetResponseJSONValue] successfully performed. With the following test data [title]. @01-11-2021 09:25:42.0741 AM
[ReportManager] API Action [GetResponseJSONValue] successfully performed. With the following test data [title]. @01-11-2021 09:25:42.0756 AM
[ReportManager] API Action [GetResponseJSONValue] successfully performed. With the following test data [title]. @01-11-2021 09:25:42.0774 AM
[ReportManager] API Action [GetResponseJSONValue] successfully performed. With the following test data [title]. @01-11-2021 09:25:42.0785 AM
[ReportManager] API Action [GetResponseJSONValue] successfully performed. With the following test data [title]. @01-11-2021 09:25:42.0798 AM
[ReportManager] API Action [GetResponseJSONValue] successfully performed. With the following test data [title]. @01-11-2021 09:25:42.0812 AM
[ReportManager] API Action [GetResponseJSONValue] successfully performed. With the following test data [title]. @01-11-2021 09:25:42.0828 AM
[ReportManager] API Action [GetResponseJSONValue] successfully performed. With the following test data [title]. @01-11-2021 09:25:42.0849 AM
[ReportManager] API Action [GetResponseJSONValue] successfully performed. With the following test data [title]. @01-11-2021 09:25:42.0861 AM
[ReportManager] API Action [GetResponseJSONValue] successfully performed. With the following test data [title]. @01-11-2021 09:25:42.0871 AM
[ReportManager] API Action [GetResponseJSONValue] successfully performed. With the following test data [title]. @01-11-2021 09:25:42.0883 AM
[ReportManager] API Action [GetResponseJSONValue] successfully performed. With the following test data [title]. @01-11-2021 09:25:42.0896 AM
[ReportManager] API Action [GetResponseJSONValue] successfully performed. With the following test data [title]. @01-11-2021 09:25:42.0906 AM
[ReportManager] API Action [GetResponseJSONValue] successfully performed. With the following test data [title]. @01-11-2021 09:25:42.0917 AM
[ReportManager] API Action [GetResponseJSONValue] successfully performed. With the following test data [title]. @01-11-2021 09:25:42.0930 AM
[ReportManager] API Action [GetResponseJSONValue] successfully performed. With the following test data [title]. @01-11-2021 09:25:42.0944 AM
[ReportManager] API Action [GetResponseJSONValue] successfully performed. With the following test data [title]. @01-11-2021 09:25:42.0955 AM
[ReportManager] API Action [GetResponseJSONValue] successfully performed. With the following test data [title]. @01-11-2021 09:25:42.0976 AM
[ReportManager] API Action [GetResponseJSONValue] successfully performed. With the following test data [title]. @01-11-2021 09:25:42.0991 AM
[ReportManager] API Action [GetResponseJSONValue] successfully performed. With the following test data [title]. @01-11-2021 09:25:43.0000 AM
[ReportManager] API Action [GetResponseJSONValue] successfully performed. With the following test data [title]. @01-11-2021 09:25:43.0009 AM
[ReportManager] API Action [GetResponseJSONValue] successfully performed. With the following test data [title]. @01-11-2021 09:25:43.0022 AM
[ReportManager] API Action [GetResponseJSONValue] successfully performed. With the following test data [title]. @01-11-2021 09:25:43.0033 AM
[ReportManager] API Action [GetResponseJSONValue] successfully performed. With the following test data [title]. @01-11-2021 09:25:43.0042 A

################################################################################################################################################
Starting Execution:	[48 out of 143] test cases in the current suite
Test Method:		[unitTests.tests_restActions.validateUserEmail]
################################################################################################################################################
[ReportManager] Response status code: [200], status line: [HTTP/1.1 200 OK] @01-11-2021 09:25:43.0170 AM
[ReportManager] Assertion Passed: Evaluating the actual response status code against the expected one... @01-11-2021 09:25:43.0171 AM
[ReportManager] Assertion [ValidateEquals] PASSED. Expected [200] and Actual [200]. Comparison Type [EQUALS]. Validation Type [POSITIVE]. @01-11-2021 09:25:43.0171 AM
[ReportManager] API Action [PerformRequest] successfully performed. With the following test data [Request Type: "GET" | Target Status Code: "200" | Service URL: "https://jsonplaceholder.typicode.com/users" | Content Type: "*/*" | Response Time: "88ms"]. @01-11-2021 09:25:43.0202 AM
[ReportManager] Successfully created attachment [API Request - Specifications] @01-11-2021 09:25:43.0202 AM
[ReportManager] Successfully created attachment [API Response - JSON Body] @01-11-2021 09:25:43.0203 AM
[ReportManager] Assertion [ValidateEquals] PASSED. Expected and Actual values are attached. Comparison Type [CONTAINS]. Validation Type [POSITIVE]. @01-11-2021 09:25:43.0203 AM
[ReportManager] Successfully created attachment [Validation Test Data - Expected Value] @01-11-2021 09:25:43.0203 AM
[ReportManager] Successfully created attachment [Validation Test Data - Actual Value] @01-11-2021 09:25:43.0204 AM
[ReportManager] API Action [GetResponseJSONValueAsList] successfully performed. With the following test data [$]. @01-11-2021 09:25:43.0207 AM
[ReportManager] API Action [GetResponseJSONValue] successfully performed. With the following test data [name]. @01-11-2021 09:25:43.0221 AM
[ReportManager] API Action [GetResponseJSONValue] successfully performed. With the following test data [email]. @01-11-2021 09:25:43.0230 AM
[ReportManager] Assertion [ValidateEquals] PASSED. Expected [Sincere@april.biz] and Actual [Sincere@april.biz]. Comparison Type [EQUALS]. Validation Type [POSITIVE]. @01-11-2021 09:25:43.0230 AM
[ReportManager] API Action [GetResponseJSONValue] successfully performed. With the following test data [name]. @01-11-2021 09:25:43.0240 AM
[ReportManager] API Action [GetResponseJSONValue] successfully performed. With the following test data [name]. @01-11-2021 09:25:43.0303 AM
[ReportManager] API Action [GetResponseJSONValue] successfully performed. With the following test data [name]. @01-11-2021 09:25:43.0360 AM
[ReportManager] API Action [GetResponseJSONValue] successfully performed. With the following test data [name]. @01-11-2021 09:25:43.0373 AM
[ReportManager] API Action [GetResponseJSONValue] successfully performed. With the following test data [name]. @01-11-2021 09:25:43.0383 AM
[ReportManager] API Action [GetResponseJSONValue] successfully performed. With the following test data [name]. @01-11-2021 09:25:43.0392 AM
[ReportManager] API Action [GetResponseJSONValue] successfully performed. With the following test data [name]. @01-11-2021 09:25:43.0402 AM
[ReportManager] API Action [GetResponseJSONValue] successfully performed. With the following test data [name]. @01-11-2021 09:25:43.0414 AM
[ReportManager] API Action [GetResponseJSONValue] successfully performed. With the following test data [name]. @01-11-2021 09:25:43.0431 A
[ReportManager] File Action [GetAbsolutePath] successfully performed. With the following test data [Relative Folder Path: "target/downloadedFiles/"]. @01-11-2021 09:25:43.0458 AM
[ReportManager] Attempting to run remotely on: [Linux-64], [GoogleChrome], [http://localhost:4444/wd/hub], Headless Execution. @01-11-2021 09:25:43.0459 AM
[ReportManager] Successfully Opened [GoogleChrome]. @01-11-2021 09:27:42.0258 AM
[ReportManager] Target URL: [https://duckduckgo.com] @01-11-2021 09:27:42.0258 AM
[ReportManager] Initial URL: [data:,] @01-11-2021 09:27:42.0364 AM
[ReportManager] Browser Action [NavigateToURL] successfully performed. With the following test data [https://duckduckgo.com]. @01-11-2021 09:27:43.0120 A

################################################################################################################################################
Starting Execution:	[49 out of 143] test cases in the current suite
Test Method:		[unitTests.tests_browserActions.fullScreenWindow]
################################################################################################################################################
[ReportManager] Initial Windows Size: 1920x1080 @01-11-2021 09:27:43.0150 AM
[ReportManager] Initial window size: (1920, 1080) @01-11-2021 09:27:43.0161 AM
[ReportManager] Window size after Toolkit: (1920, 1080) @01-11-2021 09:27:43.0409 AM
[ReportManager] Browser Action [MaximizeWindow] successfully performed. With the following test data [New screen size is now: (1920, 1080)]. @01-11-2021 09:27:43.0416 AM
[ReportManager] Current Windows Size after fullScreen: 1920x1080 @01-11-2021 09:27:43.0442 AM
[ReportManager] Browser Action [FullScreenWindow] successfully performed. @01-11-2021 09:27:43.0459 AM
[ReportManager] Successfully created attachment [Browser Action Test Data - FullScreenWindow - Actual Value] @01-11-2021 09:27:43.0463 A
[ReportManager] Target URL: [https://duckduckgo.com] @01-11-2021 09:27:43.0469 AM
[ReportManager] Initial URL: [https://duckduckgo.com] @01-11-2021 09:27:43.0598 AM
[ReportManager] Browser Action [NavigateToURL] successfully performed. With the following test data [https://duckduckgo.com]. @01-11-2021 09:27:44.0028 AM
[ReportManager] Browser Action [CloseCurrentWindow] successfully performed. @01-11-2021 09:27:44.0161 AM
[ReportManager] Successfully created attachment [Browser Action Test Data - CloseCurrentWindow - Actual Value] @01-11-2021 09:27:44.0172 A
[ReportManager] File Action [GetAbsolutePath] successfully performed. With the following test data [Relative Folder Path: "target/downloadedFiles/"]. @01-11-2021 09:27:44.0174 AM
[ReportManager] Attempting to run remotely on: [Linux-64], [GoogleChrome], [http://localhost:4444/wd/hub], Headless Execution. @01-11-2021 09:27:44.0175 AM
[ReportManager] Successfully Opened [GoogleChrome]. @01-11-2021 09:27:47.0239 AM
[ReportManager] Target URL: [https://duckduckgo.com] @01-11-2021 09:27:47.0239 AM
[ReportManager] Initial URL: [data:,] @01-11-2021 09:27:47.0318 AM
[ReportManager] Browser Action [NavigateToURL] successfully performed. With the following test data [https://duckduckgo.com]. @01-11-2021 09:27:48.0125 A

################################################################################################################################################
Starting Execution:	[50 out of 143] test cases in the current suite
Test Method:		[unitTests.tests_browserActions.getCurrentURL]
################################################################################################################################################
[ReportManager] Browser Action [GetCurrentURL] successfully performed. With the following test data [https://duckduckgo.com/]. @01-11-2021 09:27:48.0248 A
[ReportManager] Target URL: [https://duckduckgo.com] @01-11-2021 09:27:48.0250 AM
[ReportManager] Initial URL: [https://duckduckgo.com] @01-11-2021 09:27:48.0328 AM
[ReportManager] Browser Action [NavigateToURL] successfully performed. With the following test data [https://duckduckgo.com]. @01-11-2021 09:27:48.0785 AM
[ReportManager] Browser Action [CloseCurrentWindow] successfully performed. @01-11-2021 09:27:48.0932 AM
[ReportManager] Successfully created attachment [Browser Action Test Data - CloseCurrentWindow - Actual Value] @01-11-2021 09:27:48.0932 A
[ReportManager] File Action [GetAbsolutePath] successfully performed. With the following test data [Relative Folder Path: "target/downloadedFiles/"]. @01-11-2021 09:27:48.0934 AM
[ReportManager] Attempting to run remotely on: [Linux-64], [GoogleChrome], [http://localhost:4444/wd/hub], Headless Execution. @01-11-2021 09:27:48.0935 AM
[ReportManager] Successfully Opened [GoogleChrome]. @01-11-2021 09:27:52.0227 AM
[ReportManager] Target URL: [https://duckduckgo.com] @01-11-2021 09:27:52.0227 AM
[ReportManager] Initial URL: [data:,] @01-11-2021 09:27:52.0326 AM
[ReportManager] Browser Action [NavigateToURL] successfully performed. With the following test data [https://duckduckgo.com]. @01-11-2021 09:27:52.0986 A

################################################################################################################################################
Starting Execution:	[51 out of 143] test cases in the current suite
Test Method:		[unitTests.tests_browserActions.getCurrentWindowTitle]
################################################################################################################################################
[ReportManager] Browser Action [GetCurrentWindowTitle] successfully performed. With the following test data [DuckDuckGo  Privacy, simplified.]. @01-11-2021 09:27:53.0060 A
[ReportManager] Target URL: [https://duckduckgo.com] @01-11-2021 09:27:53.0063 AM
[ReportManager] Initial URL: [https://duckduckgo.com] @01-11-2021 09:27:53.0174 AM
[ReportManager] Browser Action [NavigateToURL] successfully performed. With the following test data [https://duckduckgo.com]. @01-11-2021 09:27:53.0600 AM
[ReportManager] Browser Action [CloseCurrentWindow] successfully performed. @01-11-2021 09:27:53.0759 AM
[ReportManager] Successfully created attachment [Browser Action Test Data - CloseCurrentWindow - Actual Value] @01-11-2021 09:27:53.0759 A
[ReportManager] File Action [GetAbsolutePath] successfully performed. With the following test data [Relative Folder Path: "target/downloadedFiles/"]. @01-11-2021 09:27:53.0761 AM
[ReportManager] Attempting to run remotely on: [Linux-64], [GoogleChrome], [http://localhost:4444/wd/hub], Headless Execution. @01-11-2021 09:27:53.0762 AM
[ReportManager] Successfully Opened [GoogleChrome]. @01-11-2021 09:27:57.0230 AM
[ReportManager] Target URL: [https://duckduckgo.com] @01-11-2021 09:27:57.0231 AM
[ReportManager] Initial URL: [data:,] @01-11-2021 09:27:57.0289 AM
[ReportManager] Browser Action [NavigateToURL] successfully performed. With the following test data [https://duckduckgo.com]. @01-11-2021 09:27:57.0958 A

################################################################################################################################################
Starting Execution:	[52 out of 143] test cases in the current suite
Test Method:		[unitTests.tests_browserActions.getPageSource]
################################################################################################################################################
[ReportManager] Browser Action [GetPageSource] successfully performed. @01-11-2021 09:27:58.0014 AM
[ReportManager] Successfully created attachment [Browser Action Test Data - GetPageSource - Actual Value] @01-11-2021 09:27:58.0014 A
[ReportManager] Target URL: [https://duckduckgo.com] @01-11-2021 09:27:58.0018 AM
[ReportManager] Initial URL: [https://duckduckgo.com] @01-11-2021 09:27:58.0160 AM
[ReportManager] Browser Action [NavigateToURL] successfully performed. With the following test data [https://duckduckgo.com]. @01-11-2021 09:27:58.0613 AM
[ReportManager] Browser Action [CloseCurrentWindow] successfully performed. @01-11-2021 09:27:58.0739 AM
[ReportManager] Successfully created attachment [Browser Action Test Data - CloseCurrentWindow - Actual Value] @01-11-2021 09:27:58.0739 A
[ReportManager] File Action [GetAbsolutePath] successfully performed. With the following test data [Relative Folder Path: "target/downloadedFiles/"]. @01-11-2021 09:27:58.0742 AM
[ReportManager] Attempting to run remotely on: [Linux-64], [GoogleChrome], [http://localhost:4444/wd/hub], Headless Execution. @01-11-2021 09:27:58.0742 AM
[ReportManager] Successfully Opened [GoogleChrome]. @01-11-2021 09:28:02.0224 AM
[ReportManager] Target URL: [https://duckduckgo.com] @01-11-2021 09:28:02.0224 AM
[ReportManager] Initial URL: [data:,] @01-11-2021 09:28:02.0299 AM
[ReportManager] Browser Action [NavigateToURL] successfully performed. With the following test data [https://duckduckgo.com]. @01-11-2021 09:28:02.0863 A

################################################################################################################################################
Starting Execution:	[53 out of 143] test cases in the current suite
Test Method:		[unitTests.tests_browserActions.getWindowHandle]
################################################################################################################################################
[ReportManager] Browser Action [GetWindowHandle] successfully performed. With the following test data [CDwindow-31F60C5A7EF283BAED214BB89C89AC3B]. @01-11-2021 09:28:02.0926 A
[ReportManager] Target URL: [https://duckduckgo.com] @01-11-2021 09:28:02.0929 AM
[ReportManager] Initial URL: [https://duckduckgo.com] @01-11-2021 09:28:03.0006 AM
[ReportManager] Browser Action [NavigateToURL] successfully performed. With the following test data [https://duckduckgo.com]. @01-11-2021 09:28:03.0503 AM
[ReportManager] Browser Action [CloseCurrentWindow] successfully performed. @01-11-2021 09:28:03.0647 AM
[ReportManager] Successfully created attachment [Browser Action Test Data - CloseCurrentWindow - Actual Value] @01-11-2021 09:28:03.0647 A
[ReportManager] File Action [GetAbsolutePath] successfully performed. With the following test data [Relative Folder Path: "target/downloadedFiles/"]. @01-11-2021 09:28:03.0654 AM
[ReportManager] Attempting to run remotely on: [Linux-64], [GoogleChrome], [http://localhost:4444/wd/hub], Headless Execution. @01-11-2021 09:28:03.0655 AM
[ReportManager] Successfully Opened [GoogleChrome]. @01-11-2021 09:28:07.0223 AM
[ReportManager] Target URL: [https://duckduckgo.com] @01-11-2021 09:28:07.0223 AM
[ReportManager] Initial URL: [data:,] @01-11-2021 09:28:07.0293 AM
[ReportManager] Browser Action [NavigateToURL] successfully performed. With the following test data [https://duckduckgo.com]. @01-11-2021 09:28:08.0033 A

################################################################################################################################################
Starting Execution:	[54 out of 143] test cases in the current suite
Test Method:		[unitTests.tests_browserActions.getWindowPosition]
################################################################################################################################################
[ReportManager] Browser Action [GetWindowPosition] successfully performed. With the following test data [(0, 0)]. @01-11-2021 09:28:08.0139 A
[ReportManager] Target URL: [https://duckduckgo.com] @01-11-2021 09:28:08.0142 AM
[ReportManager] Initial URL: [https://duckduckgo.com] @01-11-2021 09:28:08.0227 AM
[ReportManager] Browser Action [NavigateToURL] successfully performed. With the following test data [https://duckduckgo.com]. @01-11-2021 09:28:08.0683 AM
[ReportManager] Browser Action [CloseCurrentWindow] successfully performed. @01-11-2021 09:28:08.0818 AM
[ReportManager] Successfully created attachment [Browser Action Test Data - CloseCurrentWindow - Actual Value] @01-11-2021 09:28:08.0818 A
[ReportManager] File Action [GetAbsolutePath] successfully performed. With the following test data [Relative Folder Path: "target/downloadedFiles/"]. @01-11-2021 09:28:08.0822 AM
[ReportManager] Attempting to run remotely on: [Linux-64], [GoogleChrome], [http://localhost:4444/wd/hub], Headless Execution. @01-11-2021 09:28:08.0823 AM
[ReportManager] Successfully Opened [GoogleChrome]. @01-11-2021 09:28:12.0260 AM
[ReportManager] Target URL: [https://duckduckgo.com] @01-11-2021 09:28:12.0260 AM
[ReportManager] Initial URL: [data:,] @01-11-2021 09:28:12.0310 AM
[ReportManager] Browser Action [NavigateToURL] successfully performed. With the following test data [https://duckduckgo.com]. @01-11-2021 09:28:12.0930 A

################################################################################################################################################
Starting Execution:	[55 out of 143] test cases in the current suite
Test Method:		[unitTests.tests_browserActions.getWindowSize]
################################################################################################################################################
[ReportManager] Browser Action [GetWindowSize] successfully performed. With the following test data [(1920, 1080)]. @01-11-2021 09:28:13.0008 A
[ReportManager] Target URL: [https://duckduckgo.com] @01-11-2021 09:28:13.0011 AM
[ReportManager] Initial URL: [https://duckduckgo.com] @01-11-2021 09:28:13.0072 AM
[ReportManager] Browser Action [NavigateToURL] successfully performed. With the following test data [https://duckduckgo.com]. @01-11-2021 09:28:13.0513 AM
[ReportManager] Browser Action [CloseCurrentWindow] successfully performed. @01-11-2021 09:28:13.0628 AM
[ReportManager] Successfully created attachment [Browser Action Test Data - CloseCurrentWindow - Actual Value] @01-11-2021 09:28:13.0628 A
[ReportManager] File Action [GetAbsolutePath] successfully performed. With the following test data [Relative Folder Path: "target/downloadedFiles/"]. @01-11-2021 09:28:13.0630 AM
[ReportManager] Attempting to run remotely on: [Linux-64], [GoogleChrome], [http://localhost:4444/wd/hub], Headless Execution. @01-11-2021 09:28:13.0631 AM
[ReportManager] Successfully Opened [GoogleChrome]. @01-11-2021 09:28:17.0284 AM
[ReportManager] Target URL: [https://duckduckgo.com] @01-11-2021 09:28:17.0284 AM
[ReportManager] Initial URL: [data:,] @01-11-2021 09:28:17.0367 AM
[ReportManager] Browser Action [NavigateToURL] successfully performed. With the following test data [https://duckduckgo.com]. @01-11-2021 09:28:18.0028 A

################################################################################################################################################
Starting Execution:	[56 out of 143] test cases in the current suite
Test Method:		[unitTests.tests_browserActions.maximizeWindow]
################################################################################################################################################
[ReportManager] Initial window size: (1920, 1080) @01-11-2021 09:28:18.0046 AM
[ReportManager] Window size after Toolkit: (1920, 1080) @01-11-2021 09:28:18.0280 AM
[ReportManager] Browser Action [MaximizeWindow] successfully performed. With the following test data [New screen size is now: (1920, 1080)]. @01-11-2021 09:28:18.0291 A
[ReportManager] Target URL: [https://duckduckgo.com] @01-11-2021 09:28:18.0297 AM
[ReportManager] Initial URL: [https://duckduckgo.com] @01-11-2021 09:28:18.0417 AM
[ReportManager] Browser Action [NavigateToURL] successfully performed. With the following test data [https://duckduckgo.com]. @01-11-2021 09:28:18.0874 AM
[ReportManager] Browser Action [CloseCurrentWindow] successfully performed. @01-11-2021 09:28:19.0139 AM
[ReportManager] Successfully created attachment [Browser Action Test Data - CloseCurrentWindow - Actual Value] @01-11-2021 09:28:19.0140 A
[ReportManager] File Action [GetAbsolutePath] successfully performed. With the following test data [Relative Folder Path: "target/downloadedFiles/"]. @01-11-2021 09:28:19.0174 AM
[ReportManager] Attempting to run remotely on: [Linux-64], [GoogleChrome], [http://localhost:4444/wd/hub], Headless Execution. @01-11-2021 09:28:19.0175 AM
[ReportManager] Successfully Opened [GoogleChrome]. @01-11-2021 09:28:22.0261 AM
[ReportManager] Target URL: [https://duckduckgo.com] @01-11-2021 09:28:22.0262 AM
[ReportManager] Initial URL: [data:,] @01-11-2021 09:28:22.0315 AM
[ReportManager] Browser Action [NavigateToURL] successfully performed. With the following test data [https://duckduckgo.com]. @01-11-2021 09:28:22.0955 A

################################################################################################################################################
Starting Execution:	[57 out of 143] test cases in the current suite
Test Method:		[unitTests.tests_browserActions.navigateBack]
################################################################################################################################################
[ReportManager] Target URL: [https://www.google.com/ncr], and after redirection: [https://www.google.com] @01-11-2021 09:28:22.0958 AM
[ReportManager] Initial URL: [https://duckduckgo.com] @01-11-2021 09:28:23.0046 AM
[ReportManager] Browser Action [NavigateToURL] successfully performed. With the following test data [https://www.google.com/ncr]. @01-11-2021 09:28:24.0081 AM
[ReportManager] Browser Action [NavigateBack] successfully performed. With the following test data [https://duckduckgo.com/]. @01-11-2021 09:28:24.0582 AM
[ReportManager] Browser Action [GetCurrentURL] successfully performed. With the following test data [https://duckduckgo.com/]. @01-11-2021 09:28:24.0679 AM
[ReportManager] Assertion Passed: Confirming that navigating back was successful @01-11-2021 09:28:25.0186 AM
[ReportManager] Successfully created attachment [Screenshot - 1635758904878_navigateBack_ValidateBrowserAttribute_passed] @01-11-2021 09:28:25.0188 AM
[ReportManager] Assertion [ValidateBrowserAttribute] PASSED. Expected [Value Should be 'https://duckduckgo.com' for the 'CurrentUrl' attribute] and Actual [https://duckduckgo.com/]. Comparison Type [CONTAINS]. Validation Type [POSITIVE]. @01-11-2021 09:28:25.0188 A
[ReportManager] Target URL: [https://duckduckgo.com] @01-11-2021 09:28:25.0194 AM
[ReportManager] Initial URL: [https://duckduckgo.com] @01-11-2021 09:28:25.0272 AM
[ReportManager] Browser Action [NavigateToURL] successfully performed. With the following test data [https://duckduckgo.com]. @01-11-2021 09:28:25.0696 AM
[ReportManager] Browser Action [CloseCurrentWindow] successfully performed. @01-11-2021 09:28:25.0815 AM
[ReportManager] Successfully created attachment [Browser Action Test Data - CloseCurrentWindow - Actual Value] @01-11-2021 09:28:25.0815 A
[ReportManager] File Action [GetAbsolutePath] successfully performed. With the following test data [Relative Folder Path: "target/downloadedFiles/"]. @01-11-2021 09:28:25.0817 AM
[ReportManager] Attempting to run remotely on: [Linux-64], [GoogleChrome], [http://localhost:4444/wd/hub], Headless Execution. @01-11-2021 09:28:25.0817 AM
[ReportManager] Successfully Opened [GoogleChrome]. @01-11-2021 09:28:27.0256 AM
[ReportManager] Target URL: [https://duckduckgo.com] @01-11-2021 09:28:27.0256 AM
[ReportManager] Initial URL: [data:,] @01-11-2021 09:28:27.0361 AM
[ReportManager] Browser Action [NavigateToURL] successfully performed. With the following test data [https://duckduckgo.com]. @01-11-2021 09:28:28.0034 A

################################################################################################################################################
Starting Execution:	[58 out of 143] test cases in the current suite
Test Method:		[unitTests.tests_browserActions.navigateForward]
################################################################################################################################################
[ReportManager] Target URL: [https://www.google.com/ncr], and after redirection: [https://www.google.com] @01-11-2021 09:28:28.0036 AM
[ReportManager] Initial URL: [https://duckduckgo.com] @01-11-2021 09:28:28.0109 AM
[ReportManager] Browser Action [NavigateToURL] successfully performed. With the following test data [https://www.google.com/ncr]. @01-11-2021 09:28:29.0148 AM
[ReportManager] Browser Action [NavigateBack] successfully performed. With the following test data [https://duckduckgo.com/]. @01-11-2021 09:28:29.0786 AM
[ReportManager] Browser Action [NavigateForward] successfully performed. With the following test data [https://www.google.com/]. @01-11-2021 09:28:30.0375 A
[ReportManager] Target URL: [https://duckduckgo.com] @01-11-2021 09:28:30.0377 AM
[ReportManager] Initial URL: [https://www.google.com] @01-11-2021 09:28:30.0477 AM
[ReportManager] Browser Action [NavigateToURL] successfully performed. With the following test data [https://duckduckgo.com]. @01-11-2021 09:28:31.0052 AM
[ReportManager] Browser Action [CloseCurrentWindow] successfully performed. @01-11-2021 09:28:31.0245 AM
[ReportManager] Successfully created attachment [Browser Action Test Data - CloseCurrentWindow - Actual Value] @01-11-2021 09:28:31.0246 A
[ReportManager] File Action [GetAbsolutePath] successfully performed. With the following test data [Relative Folder Path: "target/downloadedFiles/"]. @01-11-2021 09:28:31.0248 AM
[ReportManager] Attempting to run remotely on: [Linux-64], [GoogleChrome], [http://localhost:4444/wd/hub], Headless Execution. @01-11-2021 09:28:31.0248 AM
[ReportManager] Successfully Opened [GoogleChrome]. @01-11-2021 09:28:32.0266 AM
[ReportManager] Target URL: [https://duckduckgo.com] @01-11-2021 09:28:32.0267 AM
[ReportManager] Initial URL: [data:,] @01-11-2021 09:28:32.0329 AM
[ReportManager] Browser Action [NavigateToURL] successfully performed. With the following test data [https://duckduckgo.com]. @01-11-2021 09:28:33.0097 A

################################################################################################################################################
Starting Execution:	[59 out of 143] test cases in the current suite
Test Method:		[unitTests.tests_browserActions.navigateToURL]
################################################################################################################################################
[ReportManager] Target URL: [https://duckduckgo.com] @01-11-2021 09:28:33.0099 AM
[ReportManager] Initial URL: [https://duckduckgo.com] @01-11-2021 09:28:33.0196 AM
[ReportManager] Browser Action [NavigateToURL] successfully performed. With the following test data [https://duckduckgo.com]. @01-11-2021 09:28:33.0629 A
[ReportManager] Target URL: [https://duckduckgo.com] @01-11-2021 09:28:33.0631 AM
[ReportManager] Initial URL: [https://duckduckgo.com] @01-11-2021 09:28:33.0730 AM
[ReportManager] Browser Action [NavigateToURL] successfully performed. With the following test data [https://duckduckgo.com]. @01-11-2021 09:28:34.0204 AM
[ReportManager] Browser Action [CloseCurrentWindow] successfully performed. @01-11-2021 09:28:34.0406 AM
[ReportManager] Successfully created attachment [Browser Action Test Data - CloseCurrentWindow - Actual Value] @01-11-2021 09:28:34.0407 A
[ReportManager] File Action [GetAbsolutePath] successfully performed. With the following test data [Relative Folder Path: "target/downloadedFiles/"]. @01-11-2021 09:28:34.0419 AM
[ReportManager] Attempting to run remotely on: [Linux-64], [GoogleChrome], [http://localhost:4444/wd/hub], Headless Execution. @01-11-2021 09:28:34.0420 AM
[ReportManager] Successfully Opened [GoogleChrome]. @01-11-2021 09:28:37.0241 AM
[ReportManager] Target URL: [https://duckduckgo.com] @01-11-2021 09:28:37.0241 AM
[ReportManager] Initial URL: [data:,] @01-11-2021 09:28:37.0362 AM
[ReportManager] Browser Action [NavigateToURL] successfully performed. With the following test data [https://duckduckgo.com]. @01-11-2021 09:28:38.0050 A

################################################################################################################################################
Starting Execution:	[60 out of 143] test cases in the current suite
Test Method:		[unitTests.tests_browserActions.navigateToURLWithRedirection]
################################################################################################################################################
[ReportManager] Target URL: [https://www.google.com/ncr], and after redirection: [https://www.google.com] @01-11-2021 09:28:38.0065 AM
[ReportManager] Initial URL: [https://duckduckgo.com] @01-11-2021 09:28:38.0178 AM
[ReportManager] Browser Action [NavigateToURL] successfully performed. With the following test data [https://www.google.com/ncr]. @01-11-2021 09:28:39.0236 A
[ReportManager] Target URL: [https://duckduckgo.com] @01-11-2021 09:28:39.0248 AM
[ReportManager] Initial URL: [https://www.google.com] @01-11-2021 09:28:39.0383 AM
[ReportManager] Browser Action [NavigateToURL] successfully performed. With the following test data [https://duckduckgo.com]. @01-11-2021 09:28:40.0020 AM
[ReportManager] Browser Action [CloseCurrentWindow] successfully performed. @01-11-2021 09:28:40.0206 AM
[ReportManager] Successfully created attachment [Browser Action Test Data - CloseCurrentWindow - Actual Value] @01-11-2021 09:28:40.0211 A
[ReportManager] File Action [GetAbsolutePath] successfully performed. With the following test data [Relative Folder Path: "target/downloadedFiles/"]. @01-11-2021 09:28:40.0227 AM
[ReportManager] Attempting to run remotely on: [Linux-64], [GoogleChrome], [http://localhost:4444/wd/hub], Headless Execution. @01-11-2021 09:28:40.0227 AM
[ReportManager] Successfully Opened [GoogleChrome]. @01-11-2021 09:28:42.0240 AM
[ReportManager] Target URL: [https://duckduckgo.com] @01-11-2021 09:28:42.0240 AM
[ReportManager] Initial URL: [data:,] @01-11-2021 09:28:42.0294 AM
[ReportManager] Browser Action [NavigateToURL] successfully performed. With the following test data [https://duckduckgo.com]. @01-11-2021 09:28:42.0915 A

################################################################################################################################################
Starting Execution:	[61 out of 143] test cases in the current suite
Test Method:		[unitTests.tests_browserActions.refreshCurrentPage]
################################################################################################################################################
[ReportManager] Browser Action [RefreshCurrentPage] successfully performed. @01-11-2021 09:28:43.0153 AM
[ReportManager] Successfully created attachment [Browser Action Test Data - RefreshCurrentPage - Actual Value] @01-11-2021 09:28:43.0154 A
[ReportManager] Target URL: [https://duckduckgo.com] @01-11-2021 09:28:43.0158 AM
[ReportManager] Initial URL: [https://duckduckgo.com] @01-11-2021 09:28:43.0257 AM
[ReportManager] Browser Action [NavigateToURL] successfully performed. With the following test data [https://duckduckgo.com]. @01-11-2021 09:28:43.0631 AM
[ReportManager] Browser Action [CloseCurrentWindow] successfully performed. @01-11-2021 09:28:43.0816 AM
[ReportManager] Successfully created attachment [Browser Action Test Data - CloseCurrentWindow - Actual Value] @01-11-2021 09:28:43.0817 A
[ReportManager] File Action [GetAbsolutePath] successfully performed. With the following test data [Relative Folder Path: "target/downloadedFiles/"]. @01-11-2021 09:28:43.0820 AM
[ReportManager] Attempting to run remotely on: [Linux-64], [GoogleChrome], [http://localhost:4444/wd/hub], Headless Execution. @01-11-2021 09:28:43.0820 AM
[ReportManager] Successfully Opened [GoogleChrome]. @01-11-2021 09:28:47.0248 AM
[ReportManager] Target URL: [https://duckduckgo.com] @01-11-2021 09:28:47.0248 AM
[ReportManager] Initial URL: [data:,] @01-11-2021 09:28:47.0319 AM
[ReportManager] Browser Action [NavigateToURL] successfully performed. With the following test data [https://duckduckgo.com]. @01-11-2021 09:28:47.0956 A

################################################################################################################################################
Starting Execution:	[62 out of 143] test cases in the current suite
Test Method:		[unitTests.tests_browserActions.setWindowSize]
################################################################################################################################################
[ReportManager] Initial window size: (1920, 1080) @01-11-2021 09:28:47.0986 AM
[ReportManager] Window size after SWD: (1280, 720) @01-11-2021 09:28:48.0213 AM
[ReportManager] Browser Action [SetWindowSize] successfully performed. With the following test data [New screen size is now: (1280, 720)]. @01-11-2021 09:28:48.0214 A
[ReportManager] Target URL: [https://duckduckgo.com] @01-11-2021 09:28:48.0223 AM
[ReportManager] Initial URL: [https://duckduckgo.com] @01-11-2021 09:28:48.0302 AM
[ReportManager] Browser Action [NavigateToURL] successfully performed. With the following test data [https://duckduckgo.com]. @01-11-2021 09:28:48.0673 AM
[ReportManager] Browser Action [CloseCurrentWindow] successfully performed. @01-11-2021 09:28:48.0816 AM
[ReportManager] Successfully created attachment [Browser Action Test Data - CloseCurrentWindow - Actual Value] @01-11-2021 09:28:48.0817 A
[ReportManager] File Action [GetAbsolutePath] successfully performed. With the following test data [Relative Folder Path: "target/downloadedFiles/"]. @01-11-2021 09:28:48.0820 AM
[ReportManager] Attempting to run remotely on: [Linux-64], [GoogleChrome], [http://localhost:4444/wd/hub], Headless Execution. @01-11-2021 09:28:48.0820 AM
[ReportManager] Successfully Opened [GoogleChrome]. @01-11-2021 09:28:52.0256 A

################################################################################################################################################
Starting Execution:	[63 out of 143] test cases in the current suite
Test Method:		[unitTests.tests_element_elementActions.waitForElementToBePresent_false_expectedToFail]
################################################################################################################################################
[ReportManager] Target URL: [https://www.google.com/ncr], and after redirection: [www.google.com] @01-11-2021 09:28:52.0260 AM
[ReportManager] Initial URL: [data:,] @01-11-2021 09:28:52.0348 AM
[ReportManager] Browser Action [NavigateToURL] successfully performed. With the following test data [https://www.google.com/ncr]. @01-11-2021 09:28:53.0283 AM
[ReportManager] Waiting for element to be present; elementLocator [By.xpath: //*[@id='hplogo' or @alt='Google']], numberOfTries[1], stateOfPresence[false]... @01-11-2021 09:28:53.0291 AM
[ReportManager] Element Action [WaitForElementToBePresent] failed. With the following test data [waited for the element's state of presence to be (false). Element locator (By.xpath: //*[@id='hplogo' or @alt='Google'])]. @01-11-2021 09:28:53.0815 AM
[ReportManager] Successfully created attachment [Screenshot - 1635758933605_waitForElementToBePresent_false_expectedToFail_WaitForElementToBePresent_failed] @01-11-2021 09:28:53.0816 A
[ReportManager] Browser Action [CloseCurrentWindow] successfully performed. @01-11-2021 09:28:54.0013 AM
[ReportManager] Successfully created attachment [Browser Action Test Data - CloseCurrentWindow - Actual Value] @01-11-2021 09:28:54.0014 A
[ReportManager] File Action [GetAbsolutePath] successfully performed. With the following test data [Relative Folder Path: "target/downloadedFiles/"]. @01-11-2021 09:28:54.0017 AM
[ReportManager] Attempting to run remotely on: [Linux-64], [GoogleChrome], [http://localhost:4444/wd/hub], Headless Execution. @01-11-2021 09:28:54.0017 AM
[ReportManager] Successfully Opened [GoogleChrome]. @01-11-2021 09:28:57.0309 A

################################################################################################################################################
Starting Execution:	[64 out of 143] test cases in the current suite
Test Method:		[unitTests.tests_element_elementActions.waitForElementToBePresent_false_expectedToPass]
################################################################################################################################################
[ReportManager] Target URL: [https://www.google.com/ncr], and after redirection: [www.google.com] @01-11-2021 09:28:57.0317 AM
[ReportManager] Initial URL: [data:,] @01-11-2021 09:28:57.0369 AM
[ReportManager] Browser Action [NavigateToURL] successfully performed. With the following test data [https://www.google.com/ncr]. @01-11-2021 09:28:58.0385 AM
[ReportManager] Waiting for element to be present; elementLocator [By.id: bla], numberOfTries[1], stateOfPresence[false]... @01-11-2021 09:28:58.0385 AM
[ReportManager] Element Action [WaitForElementToBePresent] successfully performed. With the following test data [waited for the element's state of presence to be (false). Element locator (By.id: bla)]. @01-11-2021 09:29:03.0517 A
[ReportManager] Browser Action [CloseCurrentWindow] successfully performed. @01-11-2021 09:29:03.0701 AM
[ReportManager] Successfully created attachment [Browser Action Test Data - CloseCurrentWindow - Actual Value] @01-11-2021 09:29:03.0701 A
[ReportManager] File Action [GetAbsolutePath] successfully performed. With the following test data [Relative Folder Path: "target/downloadedFiles/"]. @01-11-2021 09:29:03.0705 AM
[ReportManager] Attempting to run remotely on: [Linux-64], [GoogleChrome], [http://localhost:4444/wd/hub], Headless Execution. @01-11-2021 09:29:03.0705 AM
[ReportManager] Successfully Opened [GoogleChrome]. @01-11-2021 09:29:07.0247 A

################################################################################################################################################
Starting Execution:	[65 out of 143] test cases in the current suite
Test Method:		[unitTests.tests_element_elementActions.waitForElementToBePresent_moreThanOneElement_expectedToFail]
################################################################################################################################################
[ReportManager] Target URL: [https://www.google.com/ncr], and after redirection: [www.google.com] @01-11-2021 09:29:07.0257 AM
[ReportManager] Initial URL: [data:,] @01-11-2021 09:29:07.0316 AM
[ReportManager] Browser Action [NavigateToURL] successfully performed. With the following test data [https://www.google.com/ncr]. @01-11-2021 09:29:08.0266 AM
[ReportManager] Waiting for element to be present; elementLocator [By.xpath: //*], numberOfTries[1], stateOfPresence[false]... @01-11-2021 09:29:08.0266 AM
[ReportManager] Element Action [WaitForElementToBePresent] failed. With the following test data [waited for the element's state of presence to be (false). Element locator (By.xpath: //*)]. @01-11-2021 09:29:08.0852 AM
[ReportManager] Successfully created attachment [Screenshot - 1635758948646_waitForElementToBePresent_moreThanOneElement_expectedToFail_WaitForElementToBePresent_failed] @01-11-2021 09:29:08.0854 A
[ReportManager] Browser Action [CloseCurrentWindow] successfully performed. @01-11-2021 09:29:09.0008 AM
[ReportManager] Successfully created attachment [Browser Action Test Data - CloseCurrentWindow - Actual Value] @01-11-2021 09:29:09.0009 A
[ReportManager] File Action [GetAbsolutePath] successfully performed. With the following test data [Relative Folder Path: "target/downloadedFiles/"]. @01-11-2021 09:29:09.0011 AM
[ReportManager] Attempting to run remotely on: [Linux-64], [GoogleChrome], [http://localhost:4444/wd/hub], Headless Execution. @01-11-2021 09:29:09.0012 AM
[ReportManager] Successfully Opened [GoogleChrome]. @01-11-2021 09:29:12.0274 A

################################################################################################################################################
Starting Execution:	[66 out of 143] test cases in the current suite
Test Method:		[unitTests.tests_element_elementActions.waitForElementToBePresent_true_expectedToFail]
################################################################################################################################################
[ReportManager] Target URL: [https://www.google.com/ncr], and after redirection: [www.google.com] @01-11-2021 09:29:12.0279 AM
[ReportManager] Initial URL: [data:,] @01-11-2021 09:29:12.0338 AM
[ReportManager] Browser Action [NavigateToURL] successfully performed. With the following test data [https://www.google.com/ncr]. @01-11-2021 09:29:13.0308 AM
[ReportManager] Waiting for element to be present; elementLocator [By.id: bla], numberOfTries[1], stateOfPresence[true]... @01-11-2021 09:29:13.0308 AM
[ReportManager] Element Action [WaitForElementToBePresent] failed. With the following test data [waited for the element's state of presence to be (true). Element locator (By.id: bla)]. @01-11-2021 09:29:19.0142 AM
[ReportManager] Successfully created attachment [Screenshot - 1635758958755_waitForElementToBePresent_true_expectedToFail_WaitForElementToBePresent_failed] @01-11-2021 09:29:19.0144 A
[ReportManager] Browser Action [CloseCurrentWindow] successfully performed. @01-11-2021 09:29:19.0295 AM
[ReportManager] Successfully created attachment [Browser Action Test Data - CloseCurrentWindow - Actual Value] @01-11-2021 09:29:19.0296 A
[ReportManager] File Action [GetAbsolutePath] successfully performed. With the following test data [Relative Folder Path: "target/downloadedFiles/"]. @01-11-2021 09:29:19.0299 AM
[ReportManager] Attempting to run remotely on: [Linux-64], [GoogleChrome], [http://localhost:4444/wd/hub], Headless Execution. @01-11-2021 09:29:19.0299 AM
[ReportManager] Successfully Opened [GoogleChrome]. @01-11-2021 09:29:22.0223 A

################################################################################################################################################
Starting Execution:	[67 out of 143] test cases in the current suite
Test Method:		[unitTests.tests_element_elementActions.waitForElementToBePresent_true_expectedToPass]
################################################################################################################################################
[ReportManager] Target URL: [https://www.google.com/ncr], and after redirection: [www.google.com] @01-11-2021 09:29:22.0229 AM
[ReportManager] Initial URL: [data:,] @01-11-2021 09:29:22.0307 AM
[ReportManager] Browser Action [NavigateToURL] successfully performed. With the following test data [https://www.google.com/ncr]. @01-11-2021 09:29:23.0243 AM
[ReportManager] Waiting for element to be present; elementLocator [By.xpath: //*[@id='hplogo' or @alt='Google']], numberOfTries[1], stateOfPresence[true]... @01-11-2021 09:29:23.0243 AM
[ReportManager] Element Action [WaitForElementToBePresent] successfully performed. With the following test data [waited for the element's state of presence to be (true). Element locator (By.xpath: //*[@id='hplogo' or @alt='Google'])]. @01-11-2021 09:29:23.0292 AM
[ReportManager] File Action [DoesFileExist] successfully performed. With the following test data [File Path: "src/test/resources/DynamicObjectRepository/unitTests_tests_element_elementActions_waitForElementToBePresent_true_expectedToPass_By_xpath_id_hplogo_or_alt_Google.png"]. @01-11-2021 09:29:23.0296 AM
[ReportManager] File Action [DoesFileExist] successfully performed. With the following test data [File Path: "src/test/resources/DynamicObjectRepository/unitTests_tests_element_elementActions_waitForElementToBePresent_true_expectedToPass_By_xpath_id_hplogo_or_alt_Google.png"]. @01-11-2021 09:29:23.0618 AM
[ReportManager] Passing the test and saving a reference image @01-11-2021 09:29:23.0618 AM
[ReportManager] File Action [GetAbsolutePath] successfully performed. With the following test data [Relative File Path: "src/test/resources/DynamicObjectRepository/unitTests_tests_element_elementActions_waitForElementToBePresent_true_expectedToPass_By_xpath_id_hplogo_or_alt_Google.png"]. @01-11-2021 09:29:23.0618 AM
[ReportManager] File Action [WriteToFile] successfully performed. With the following test data [Target File Path: "/home/runner/work/SHAFT_ENGINE/SHAFT_ENGINE/src/test/resources/DynamicObjectRepository/unitTests_tests_element_elementActions_waitForElementToBePresent_true_expectedToPass_By_xpath_id_hplogo_or_alt_Google.png"]. @01-11-2021 09:29:23.0625 AM
[ReportManager] Assertion Passed: Using Visual AI; OpenCV @01-11-2021 09:29:23.0625 AM
[ReportManager] Successfully created attachment [Validation Test Data - Actual Screenshot] @01-11-2021 09:29:23.0626 AM
[ReportManager] Assertion [ValidateElementMatches] PASSED. Expected [Element should match the reference screenshot] and Actual [TRUE]. Comparison Type [EXACT_OPENCV]. Validation Type [POSITIVE]. @01-11-2021 09:29:23.0626 A
[ReportManager] Browser Action [CloseCurrentWindow] successfully performed. @01-11-2021 09:29:23.0782 AM
[ReportManager] Successfully created attachment [Browser Action Test Data - CloseCurrentWindow - Actual Value] @01-11-2021 09:29:23.0784 A
[ReportManager] Successfully loaded the following test data file [src/test/resources/TestDataFiles/testSuite01/TestData.xlsx]. @01-11-2021 09:29:24.0626 AM
[ReportManager] Successfully created attachment [Test Data - Excel] @01-11-2021 09:29:24.0626 A

################################################################################################################################################
Starting Execution:	[68 out of 143] test cases in the current suite
Test Method:		[unitTests.tests_io_excelFileManager.getCellData_rowName_expectedToPass]
################################################################################################################################################
[ReportManager] testRowData. @01-11-2021 09:29:24.0644 A

################################################################################################################################################
Starting Execution:	[69 out of 143] test cases in the current suite
Test Method:		[testPackage01.Test_testData.f]
################################################################################################################################################
[ReportManager] Successfully loaded the following test data file [src/test/resources/TestDataFiles/testSuite01/TestData.xlsx]. @01-11-2021 09:29:24.0696 AM
[ReportManager] Successfully created attachment [Test Data - Excel] @01-11-2021 09:29:24.0697 AM
[ReportManager] Last Column Number is: [3]. Zero-based. @01-11-2021 09:29:24.0697 A

################################################################################################################################################
Starting Execution:	[70 out of 143] test cases in the current suite
Test Method:		[testPackage01.Test_SkipDueToIssue.doNotSkip]
################################################################################################################################################
[ReportManager] This should not be skipped. @01-11-2021 09:29:24.0702 A

################################################################################################################################################
Starting Execution:	[71 out of 143] test cases in the current suite
Test Method:		[testPackage01.Test_SkipDueToIssue.skip]
################################################################################################################################################
[ReportManager] This should be skipped. @01-11-2021 09:29:24.0709 A

################################################################################################################################################
Starting Execution:	[72 out of 143] test cases in the current suite
Test Method:		[testPackage01.Test_SkipDueToIssue.skip2]
################################################################################################################################################
[ReportManager] This should be skipped. @01-11-2021 09:29:24.0714 A

################################################################################################################################################
Starting Execution:	[73 out of 143] test cases in the current suite
Test Method:		[testPackage01.Test_chainableElementActions.chainElementActions]
################################################################################################################################################
[ReportManager] File Action [GetAbsolutePath] successfully performed. With the following test data [Relative Folder Path: "target/downloadedFiles/"]. @01-11-2021 09:29:24.0718 AM
[ReportManager] Attempting to run remotely on: [Linux-64], [GoogleChrome], [http://localhost:4444/wd/hub], Headless Execution. @01-11-2021 09:29:24.0719 AM
[ReportManager] Successfully Opened [GoogleChrome]. @01-11-2021 09:29:27.0239 AM
[ReportManager] Target URL: [https://www.google.com/ncr], and after redirection: [https://www.google.com] @01-11-2021 09:29:27.0239 AM
[ReportManager] Initial URL: [data:,] @01-11-2021 09:29:27.0309 AM
[ReportManager] Browser Action [NavigateToURL] successfully performed. With the following test data [https://www.google.com/ncr]. @01-11-2021 09:29:28.0546 AM
[ReportManager] Element Action [Type] successfully performed. With the following test data [chained type 1]. @01-11-2021 09:29:29.0312 AM
[ReportManager] Element Action [Type] successfully performed. With the following test data [chained type 2]. @01-11-2021 09:29:29.0875 AM
[ReportManager] Element Action [TypeAppend] successfully performed. With the following test data [345]. @01-11-2021 09:29:29.0980 AM
[ReportManager] Element Action [GetText] successfully performed. With the following test data [chained type 2345]. @01-11-2021 09:29:30.0218 AM
[ReportManager] Loaded Shared OpenCV @01-11-2021 09:29:30.0613 AM
[ReportManager] Assertion [ValidateElementAttribute] PASSED. Expected [Value Should be 'chained type 2345' for the 'text' attribute, element locator 'By.name: q'] and Actual [chained type 2345]. Comparison Type [EQUALS]. Validation Type [POSITIVE]. @01-11-2021 09:29:30.0883 AM
[ReportManager] Successfully created attachment [Screenshot - 1635758970613_chainElementActions_ValidateElementAttribute_passed] @01-11-2021 09:29:30.0885 AM
[ReportManager] Browser Action [CloseCurrentWindow] successfully performed. @01-11-2021 09:29:31.0037 AM
[ReportManager] Successfully created attachment [Browser Action Test Data - CloseCurrentWindow - Actual Value] @01-11-2021 09:29:31.0038 A

################################################################################################################################################
Starting Execution:	[74 out of 143] test cases in the current suite
Test Method:		[testPackage01.Test_NewValidationHelper.f1]
################################################################################################################################################
[ReportManager] Assertion Passed: Checking valid user data @01-11-2021 09:29:31.0057 AM
[ReportManager] Successfully created attachment [Validation Test Data - Expected Value] @01-11-2021 09:29:31.0057 AM
[ReportManager] Successfully created attachment [Validation Test Data - Actual Value] @01-11-2021 09:29:31.0058 AM
[ReportManager] Assertion [ValidateEquals] PASSED. Expected and Actual values are attached. Comparison Type [EQUALS]. Validation Type [POSITIVE]. @01-11-2021 09:29:31.0058 A
[ReportManager] File Action [GetAbsolutePath] successfully performed. With the following test data [Relative Folder Path: "target/downloadedFiles/"]. @01-11-2021 09:29:31.0060 AM
[ReportManager] Attempting to run remotely on: [Linux-64], [GoogleChrome], [http://localhost:4444/wd/hub], Headless Execution. @01-11-2021 09:29:31.0060 AM
[ReportManager] Successfully Opened [GoogleChrome]. @01-11-2021 09:29:32.0251 AM
[ReportManager] Target URL: [https://the-internet.herokuapp.com/] @01-11-2021 09:29:32.0251 AM
[ReportManager] Initial URL: [data:,] @01-11-2021 09:29:32.0349 AM
[ReportManager] Browser Action [NavigateToURL] successfully performed. With the following test data [https://the-internet.herokuapp.com/]. @01-11-2021 09:29:33.0501 A

################################################################################################################################################
Starting Execution:	[75 out of 143] test cases in the current suite
Test Method:		[testPackage01.Test_NewValidationHelper.f10]
################################################################################################################################################
[ReportManager] Assertion [ValidateElementExists] FAILED. Expected [Element Should Exist, locator 'By.tagName: div'] and Actual [Element Exists but is not unique]. Comparison Type [EQUALS]. Validation Type [POSITIVE]. @01-11-2021 09:29:34.0074 AM
[ReportManager] Successfully created attachment [Screenshot - 1635758973889_f10_ValidateElementExists_failed] @01-11-2021 09:29:34.0075 A
[ReportManager] Successfully Closed All Drivers. @01-11-2021 09:29:34.0223 A
[ReportManager] File Action [GetAbsolutePath] successfully performed. With the following test data [Relative Folder Path: "target/downloadedFiles/"]. @01-11-2021 09:29:34.0225 AM
[ReportManager] Attempting to run remotely on: [Linux-64], [GoogleChrome], [http://localhost:4444/wd/hub], Headless Execution. @01-11-2021 09:29:34.0225 AM
[ReportManager] Successfully Opened [GoogleChrome]. @01-11-2021 09:29:37.0230 AM
[ReportManager] Target URL: [https://the-internet.herokuapp.com/] @01-11-2021 09:29:37.0230 AM
[ReportManager] Initial URL: [data:,] @01-11-2021 09:29:37.0282 AM
[ReportManager] Browser Action [NavigateToURL] successfully performed. With the following test data [https://the-internet.herokuapp.com/]. @01-11-2021 09:29:38.0405 A

################################################################################################################################################
Starting Execution:	[76 out of 143] test cases in the current suite
Test Method:		[testPackage01.Test_NewValidationHelper.f11]
################################################################################################################################################
[ReportManager] Assertion Passed: Checking that false tag doesn't exist @01-11-2021 09:29:49.0121 AM
[ReportManager] Successfully created attachment [Screenshot - 1635758988923_f11_ValidateElementExists_passed] @01-11-2021 09:29:49.0122 AM
[ReportManager] Assertion [ValidateElementExists] PASSED. Expected [Element Should not Exist, locator 'By.tagName: h3'] and Actual [Element Doesn't Exists]. Comparison Type [EQUALS]. Validation Type [NEGATIVE]. @01-11-2021 09:29:49.0122 A
[ReportManager] Successfully Closed All Drivers. @01-11-2021 09:29:49.0216 A
[ReportManager] File Action [GetAbsolutePath] successfully performed. With the following test data [Relative Folder Path: "target/downloadedFiles/"]. @01-11-2021 09:29:49.0220 AM
[ReportManager] Attempting to run remotely on: [Linux-64], [GoogleChrome], [http://localhost:4444/wd/hub], Headless Execution. @01-11-2021 09:29:49.0220 AM
[ReportManager] Successfully Opened [GoogleChrome]. @01-11-2021 09:29:52.0262 AM
[ReportManager] Target URL: [https://the-internet.herokuapp.com/] @01-11-2021 09:29:52.0262 AM
[ReportManager] Initial URL: [data:,] @01-11-2021 09:29:52.0359 AM
[ReportManager] Browser Action [NavigateToURL] successfully performed. With the following test data [https://the-internet.herokuapp.com/]. @01-11-2021 09:29:53.0465 A

################################################################################################################################################
Starting Execution:	[77 out of 143] test cases in the current suite
Test Method:		[testPackage01.Test_NewValidationHelper.f12]
################################################################################################################################################
[ReportManager] Loaded Shared OpenCV @01-11-2021 09:29:53.0841 AM
[ReportManager] Assertion [ValidateElementExists] FAILED. Expected [Element Should not Exist, locator 'By.tagName: h1'] and Actual [Element Exists]. Comparison Type [EQUALS]. Validation Type [NEGATIVE]. @01-11-2021 09:29:54.0069 AM
[ReportManager] Successfully created attachment [Screenshot - 1635758993841_f12_ValidateElementExists_failed] @01-11-2021 09:29:54.0070 A
[ReportManager] Successfully Closed All Drivers. @01-11-2021 09:29:54.0168 A
[ReportManager] File Action [GetAbsolutePath] successfully performed. With the following test data [Relative Folder Path: "target/downloadedFiles/"]. @01-11-2021 09:29:54.0171 AM
[ReportManager] Attempting to run remotely on: [Linux-64], [GoogleChrome], [http://localhost:4444/wd/hub], Headless Execution. @01-11-2021 09:29:54.0171 AM
[ReportManager] Successfully Opened [GoogleChrome]. @01-11-2021 09:29:57.0231 AM
[ReportManager] Target URL: [https://the-internet.herokuapp.com/] @01-11-2021 09:29:57.0231 AM
[ReportManager] Initial URL: [data:,] @01-11-2021 09:29:57.0289 AM
[ReportManager] Browser Action [NavigateToURL] successfully performed. With the following test data [https://the-internet.herokuapp.com/]. @01-11-2021 09:29:58.0436 A

################################################################################################################################################
Starting Execution:	[78 out of 143] test cases in the current suite
Test Method:		[testPackage01.Test_NewValidationHelper.f13]
################################################################################################################################################
[ReportManager] Assertion [ValidateElementExists] FAILED. Expected [Element Should not Exist, locator 'By.tagName: div'] and Actual [Element Exists but is not unique]. Comparison Type [EQUALS]. Validation Type [NEGATIVE]. @01-11-2021 09:29:58.0969 AM
[ReportManager] Successfully created attachment [Screenshot - 1635758998765_f13_ValidateElementExists_failed] @01-11-2021 09:29:58.0970 A
[ReportManager] Successfully Closed All Drivers. @01-11-2021 09:29:59.0094 A
[ReportManager] File Action [GetAbsolutePath] successfully performed. With the following test data [Relative Folder Path: "target/downloadedFiles/"]. @01-11-2021 09:29:59.0098 AM
[ReportManager] Attempting to run remotely on: [Linux-64], [GoogleChrome], [http://localhost:4444/wd/hub], Headless Execution. @01-11-2021 09:29:59.0098 AM
[ReportManager] Successfully Opened [GoogleChrome]. @01-11-2021 09:30:02.0239 AM
[ReportManager] Target URL: [https://the-internet.herokuapp.com/] @01-11-2021 09:30:02.0239 AM
[ReportManager] Initial URL: [data:,] @01-11-2021 09:30:02.0280 AM
[ReportManager] Browser Action [NavigateToURL] successfully performed. With the following test data [https://the-internet.herokuapp.com/]. @01-11-2021 09:30:03.0521 A

################################################################################################################################################
Starting Execution:	[79 out of 143] test cases in the current suite
Test Method:		[testPackage01.Test_NewValidationHelper.f14]
################################################################################################################################################
[ReportManager] Element Action [GetText] successfully performed. With the following test data [Welcome to the-internet]. @01-11-2021 09:30:03.0710 AM
[ReportManager] Loaded Shared OpenCV @01-11-2021 09:30:04.0001 AM
[ReportManager] Assertion Passed: Asserting that the header text is correct @01-11-2021 09:30:04.0232 AM
[ReportManager] Successfully created attachment [Screenshot - 1635759004001_f14_ValidateElementAttribute_passed] @01-11-2021 09:30:04.0240 AM
[ReportManager] Assertion [ValidateElementAttribute] PASSED. Expected [Value Should be 'Welcome to the-internet' for the 'text' attribute, element locator 'By.tagName: h1'] and Actual [Welcome to the-internet]. Comparison Type [EQUALS]. Validation Type [POSITIVE]. @01-11-2021 09:30:04.0240 A
[ReportManager] Successfully Closed All Drivers. @01-11-2021 09:30:04.0333 A
[ReportManager] File Action [GetAbsolutePath] successfully performed. With the following test data [Relative Folder Path: "target/downloadedFiles/"]. @01-11-2021 09:30:04.0335 AM
[ReportManager] Attempting to run remotely on: [Linux-64], [GoogleChrome], [http://localhost:4444/wd/hub], Headless Execution. @01-11-2021 09:30:04.0335 AM
[ReportManager] Successfully Opened [GoogleChrome]. @01-11-2021 09:30:07.0235 AM
[ReportManager] Target URL: [https://the-internet.herokuapp.com/] @01-11-2021 09:30:07.0235 AM
[ReportManager] Initial URL: [data:,] @01-11-2021 09:30:07.0292 AM
[ReportManager] Browser Action [NavigateToURL] successfully performed. With the following test data [https://the-internet.herokuapp.com/]. @01-11-2021 09:30:08.0383 A

################################################################################################################################################
Starting Execution:	[80 out of 143] test cases in the current suite
Test Method:		[testPackage01.Test_NewValidationHelper.f15]
################################################################################################################################################
[ReportManager] Element Action [GetText] successfully performed. With the following test data [Welcome to the-internet]. @01-11-2021 09:30:08.0477 AM
[ReportManager] Loaded Shared OpenCV @01-11-2021 09:30:08.0769 AM
[ReportManager] Assertion [ValidateElementAttribute] FAILED. Expected [Value Should not be 'Welcome' for the 'text' attribute, element locator 'By.tagName: h1'] and Actual [Welcome to the-internet]. Comparison Type [CONTAINS]. Validation Type [NEGATIVE]. @01-11-2021 09:30:09.0009 AM
[ReportManager] Successfully created attachment [Screenshot - 1635759008769_f15_ValidateElementAttribute_failed] @01-11-2021 09:30:09.0011 A
[ReportManager] Successfully Closed All Drivers. @01-11-2021 09:30:09.0105 A
[ReportManager] File Action [GetAbsolutePath] successfully performed. With the following test data [Relative Folder Path: "target/downloadedFiles/"]. @01-11-2021 09:30:09.0108 AM
[ReportManager] Attempting to run remotely on: [Linux-64], [GoogleChrome], [http://localhost:4444/wd/hub], Headless Execution. @01-11-2021 09:30:09.0108 AM
[ReportManager] Successfully Opened [GoogleChrome]. @01-11-2021 09:30:12.0251 AM
[ReportManager] Target URL: [https://the-internet.herokuapp.com/] @01-11-2021 09:30:12.0251 AM
[ReportManager] Initial URL: [data:,] @01-11-2021 09:30:12.0321 AM
[ReportManager] Browser Action [NavigateToURL] successfully performed. With the following test data [https://the-internet.herokuapp.com/]. @01-11-2021 09:30:13.0554 A

################################################################################################################################################
Starting Execution:	[81 out of 143] test cases in the current suite
Test Method:		[testPackage01.Test_NewValidationHelper.f16]
################################################################################################################################################
[ReportManager] Element Action [IdentifyUniqueElement] failed. With the following test data [zero elements found matching this locator "By.tagName: h3".]. @01-11-2021 09:30:39.0394 AM
[ReportManager] Successfully created attachment [Screenshot - 1635759039210_f16_IdentifyUniqueElement_failed] @01-11-2021 09:30:39.0395 AM
[ReportManager] Assertion [ValidateElementAttribute] FAILED. Expected [Value Should not be 'Welcome' for the 'text' attribute, element locator 'By.tagName: h3'] and Actual [Failed to read the desired element attribute]. Comparison Type [CONTAINS]. Validation Type [NEGATIVE]. @01-11-2021 09:30:39.0396 A
[ReportManager] Successfully Closed All Drivers. @01-11-2021 09:30:39.0485 A
[ReportManager] File Action [GetAbsolutePath] successfully performed. With the following test data [Relative Folder Path: "target/downloadedFiles/"]. @01-11-2021 09:30:39.0487 AM
[ReportManager] Attempting to run remotely on: [Linux-64], [GoogleChrome], [http://localhost:4444/wd/hub], Headless Execution. @01-11-2021 09:30:39.0487 AM
[ReportManager] Successfully Opened [GoogleChrome]. @01-11-2021 09:30:42.0240 AM
[ReportManager] Target URL: [https://the-internet.herokuapp.com/] @01-11-2021 09:30:42.0240 AM
[ReportManager] Initial URL: [data:,] @01-11-2021 09:30:42.0304 AM
[ReportManager] Browser Action [NavigateToURL] successfully performed. With the following test data [https://the-internet.herokuapp.com/]. @01-11-2021 09:30:43.0462 A

################################################################################################################################################
Starting Execution:	[82 out of 143] test cases in the current suite
Test Method:		[testPackage01.Test_NewValidationHelper.f17]
################################################################################################################################################
[ReportManager] Attempting to getAttribute [text2] from elementLocator [By.tagName: h1]. @01-11-2021 09:30:43.0466 AM
[ReportManager] Element Action [GetAttribute] successfully performed. @01-11-2021 09:30:43.0594 AM
[ReportManager] Loaded Shared OpenCV @01-11-2021 09:30:43.0936 AM
[ReportManager] Assertion [ValidateElementAttribute] PASSED. Expected [Value Should not be 'Welcome' for the 'text2' attribute, element locator 'By.tagName: h1'] and Actual [null]. Comparison Type [CONTAINS]. Validation Type [NEGATIVE]. @01-11-2021 09:30:44.0182 AM
[ReportManager] Successfully created attachment [Screenshot - 1635759043935_f17_ValidateElementAttribute_passed] @01-11-2021 09:30:44.0184 A
[ReportManager] Successfully Closed All Drivers. @01-11-2021 09:30:44.0283 A
[ReportManager] File Action [GetAbsolutePath] successfully performed. With the following test data [Relative Folder Path: "target/downloadedFiles/"]. @01-11-2021 09:30:44.0287 AM
[ReportManager] Attempting to run remotely on: [Linux-64], [GoogleChrome], [http://localhost:4444/wd/hub], Headless Execution. @01-11-2021 09:30:44.0287 AM
[ReportManager] Successfully Opened [GoogleChrome]. @01-11-2021 09:30:47.0252 AM
[ReportManager] Target URL: [https://the-internet.herokuapp.com/] @01-11-2021 09:30:47.0253 AM
[ReportManager] Initial URL: [data:,] @01-11-2021 09:30:47.0336 AM
[ReportManager] Browser Action [NavigateToURL] successfully performed. With the following test data [https://the-internet.herokuapp.com/]. @01-11-2021 09:30:48.0474 A

################################################################################################################################################
Starting Execution:	[83 out of 143] test cases in the current suite
Test Method:		[testPackage01.Test_NewValidationHelper.f18]
################################################################################################################################################
[ReportManager] Element Action [GetText] successfully performed. With the following test data [Welcome to the-internet]. @01-11-2021 09:30:48.0645 AM
[ReportManager] Loaded Shared OpenCV @01-11-2021 09:30:48.0915 AM
[ReportManager] Assertion [ValidateElementAttribute] PASSED. Expected [Value Should not be 'no' for the 'text' attribute, element locator 'By.tagName: h1'] and Actual [Welcome to the-internet]. Comparison Type [CONTAINS]. Validation Type [NEGATIVE]. @01-11-2021 09:30:49.0156 AM
[ReportManager] Successfully created attachment [Screenshot - 1635759048915_f18_ValidateElementAttribute_passed] @01-11-2021 09:30:49.0158 A
[ReportManager] Successfully Closed All Drivers. @01-11-2021 09:30:49.0267 A

################################################################################################################################################
Starting Execution:	[84 out of 143] test cases in the current suite
Test Method:		[testPackage01.Test_NewValidationHelper.f2]
################################################################################################################################################
[ReportManager] Assertion Failed: Checking valid user data @01-11-2021 09:30:49.0274 AM
[ReportManager] Assertion [ValidateEquals] FAILED. Expected [1] and Actual [2]. Comparison Type [EQUALS]. Validation Type [POSITIVE]. @01-11-2021 09:30:49.0274 A
[ReportManager] File Action [GetAbsolutePath] successfully performed. With the following test data [Relative Folder Path: "target/downloadedFiles/"]. @01-11-2021 09:30:49.0279 AM
[ReportManager] Attempting to run remotely on: [Linux-64], [GoogleChrome], [http://localhost:4444/wd/hub], Headless Execution. @01-11-2021 09:30:49.0279 AM
[ReportManager] Successfully Opened [GoogleChrome]. @01-11-2021 09:30:52.0244 AM
[ReportManager] Target URL: [https://the-internet.herokuapp.com/] @01-11-2021 09:30:52.0244 AM
[ReportManager] Initial URL: [data:,] @01-11-2021 09:30:52.0299 AM
[ReportManager] Browser Action [NavigateToURL] successfully performed. With the following test data [https://the-internet.herokuapp.com/]. @01-11-2021 09:30:53.0439 A

################################################################################################################################################
Starting Execution:	[85 out of 143] test cases in the current suite
Test Method:		[testPackage01.Test_NewValidationHelper.f20]
################################################################################################################################################
[ReportManager] Element Action [GetSize] successfully performed. With the following test data [(970, 61)]. @01-11-2021 09:30:53.0591 AM
[ReportManager] Loaded Shared OpenCV @01-11-2021 09:30:53.0875 AM
[ReportManager] Assertion [ValidateElementAttribute] PASSED. Expected [Value Should not be 'a' for the 'size' attribute, element locator 'By.tagName: h1'] and Actual [(970, 61)]. Comparison Type [CONTAINS]. Validation Type [NEGATIVE]. @01-11-2021 09:30:54.0109 AM
[ReportManager] Successfully created attachment [Screenshot - 1635759053875_f20_ValidateElementAttribute_passed] @01-11-2021 09:30:54.0111 A
[ReportManager] Successfully Closed All Drivers. @01-11-2021 09:30:54.0199 A
[ReportManager] File Action [GetAbsolutePath] successfully performed. With the following test data [Relative Folder Path: "target/downloadedFiles/"]. @01-11-2021 09:30:54.0201 AM
[ReportManager] Attempting to run remotely on: [Linux-64], [GoogleChrome], [http://localhost:4444/wd/hub], Headless Execution. @01-11-2021 09:30:54.0201 AM
[ReportManager] Successfully Opened [GoogleChrome]. @01-11-2021 09:30:57.0240 AM
[ReportManager] Target URL: [https://the-internet.herokuapp.com/] @01-11-2021 09:30:57.0240 AM
[ReportManager] Initial URL: [data:,] @01-11-2021 09:30:57.0303 AM
[ReportManager] Browser Action [NavigateToURL] successfully performed. With the following test data [https://the-internet.herokuapp.com/]. @01-11-2021 09:30:58.0441 A

################################################################################################################################################
Starting Execution:	[86 out of 143] test cases in the current suite
Test Method:		[testPackage01.Test_NewValidationHelper.f21]
################################################################################################################################################
[ReportManager] Element Action [IdentifyUniqueElement] failed. With the following test data [zero elements found matching this locator "By.tagName: h3".]. @01-11-2021 09:31:24.0248 AM
[ReportManager] Successfully created attachment [Screenshot - 1635759084066_f21_IdentifyUniqueElement_failed] @01-11-2021 09:31:24.0248 AM
[ReportManager] Assertion [ValidateElementAttribute] FAILED. Expected [Value Should be 'Welcome' for the 'text' attribute, element locator 'By.tagName: h3'] and Actual [Failed to read the desired element attribute]. Comparison Type [CONTAINS]. Validation Type [POSITIVE]. @01-11-2021 09:31:24.0249 A
[ReportManager] Successfully Closed All Drivers. @01-11-2021 09:31:24.0337 A
[ReportManager] File Action [GetAbsolutePath] successfully performed. With the following test data [Relative Folder Path: "target/downloadedFiles/"]. @01-11-2021 09:31:24.0339 AM
[ReportManager] Attempting to run remotely on: [Linux-64], [GoogleChrome], [http://localhost:4444/wd/hub], Headless Execution. @01-11-2021 09:31:24.0339 AM
[ReportManager] Successfully Opened [GoogleChrome]. @01-11-2021 09:31:27.0237 AM
[ReportManager] Target URL: [https://the-internet.herokuapp.com/] @01-11-2021 09:31:27.0237 AM
[ReportManager] Initial URL: [data:,] @01-11-2021 09:31:27.0319 AM
[ReportManager] Browser Action [NavigateToURL] successfully performed. With the following test data [https://the-internet.herokuapp.com/]. @01-11-2021 09:31:28.0520 A

################################################################################################################################################
Starting Execution:	[87 out of 143] test cases in the current suite
Test Method:		[testPackage01.Test_NewValidationHelper.f22]
################################################################################################################################################
[ReportManager] Element Action [GetText] successfully performed. With the following test data [Welcome to the-internet]. @01-11-2021 09:31:28.0656 AM
[ReportManager] Loaded Shared OpenCV @01-11-2021 09:31:28.0963 AM
[ReportManager] Assertion [ValidateElementAttribute] FAILED. Expected [Value Should be 'yyy' for the 'text' attribute, element locator 'By.tagName: h1'] and Actual [Welcome to the-internet]. Comparison Type [CONTAINS]. Validation Type [POSITIVE]. @01-11-2021 09:31:29.0225 AM
[ReportManager] Successfully created attachment [Screenshot - 1635759088962_f22_ValidateElementAttribute_failed] @01-11-2021 09:31:29.0227 A
[ReportManager] Successfully Closed All Drivers. @01-11-2021 09:31:29.0313 A

################################################################################################################################################
Starting Execution:	[88 out of 143] test cases in the current suite
Test Method:		[testPackage01.Test_NewValidationHelper.f23]
################################################################################################################################################
[ReportManager] Assertion Passed: confirming that the actual is greater than or equal to the expected @01-11-2021 09:31:29.0316 AM
[ReportManager] Assertion [ValidateComparativeRelation] PASSED. Expected [1] and Actual [1]. Comparison Type [GREATER_THAN_OR_EQUALS]. Validation Type [POSITIVE]. @01-11-2021 09:31:29.0316 A

################################################################################################################################################
Starting Execution:	[89 out of 143] test cases in the current suite
Test Method:		[testPackage01.Test_NewValidationHelper.f24]
################################################################################################################################################
[ReportManager] Assertion [ValidateComparativeRelation] PASSED. Expected [1] and Actual [10]. Comparison Type [GREATER_THAN_OR_EQUALS]. Validation Type [POSITIVE]. @01-11-2021 09:31:29.0320 A

################################################################################################################################################
Starting Execution:	[90 out of 143] test cases in the current suite
Test Method:		[testPackage01.Test_NewValidationHelper.f25]
################################################################################################################################################
[ReportManager] Assertion [ValidateComparativeRelation] PASSED. Expected [1] and Actual [1]. Comparison Type [EQUALS]. Validation Type [POSITIVE]. @01-11-2021 09:31:29.0322 A

################################################################################################################################################
Starting Execution:	[91 out of 143] test cases in the current suite
Test Method:		[testPackage01.Test_NewValidationHelper.f26]
################################################################################################################################################
[ReportManager] Assertion [ValidateComparativeRelation] PASSED. Expected [1] and Actual [5]. Comparison Type [GREATER_THAN]. Validation Type [POSITIVE]. @01-11-2021 09:31:29.0324 A

################################################################################################################################################
Starting Execution:	[92 out of 143] test cases in the current suite
Test Method:		[testPackage01.Test_NewValidationHelper.f27]
################################################################################################################################################
[ReportManager] Assertion [ValidateComparativeRelation] PASSED. Expected [11] and Actual [5]. Comparison Type [LESS_THAN]. Validation Type [POSITIVE]. @01-11-2021 09:31:29.0327 A

################################################################################################################################################
Starting Execution:	[93 out of 143] test cases in the current suite
Test Method:		[testPackage01.Test_NewValidationHelper.f28]
################################################################################################################################################
[ReportManager] Assertion [ValidateComparativeRelation] PASSED. Expected [11] and Actual [5]. Comparison Type [LESS_THAN_OR_EQUALS]. Validation Type [POSITIVE]. @01-11-2021 09:31:29.0339 A

################################################################################################################################################
Starting Execution:	[94 out of 143] test cases in the current suite
Test Method:		[testPackage01.Test_NewValidationHelper.f29]
################################################################################################################################################
[ReportManager] Assertion [ValidateComparativeRelation] PASSED. Expected [11] and Actual [11]. Comparison Type [LESS_THAN_OR_EQUALS]. Validation Type [POSITIVE]. @01-11-2021 09:31:29.0341 A

################################################################################################################################################
Starting Execution:	[95 out of 143] test cases in the current suite
Test Method:		[testPackage01.Test_NewValidationHelper.f3]
################################################################################################################################################
[ReportManager] Assertion [ValidateEquals] PASSED. Expected [1] and Actual [2]. Comparison Type [EQUALS]. Validation Type [NEGATIVE]. @01-11-2021 09:31:29.0347 A

################################################################################################################################################
Starting Execution:	[96 out of 143] test cases in the current suite
Test Method:		[testPackage01.Test_NewValidationHelper.f30]
################################################################################################################################################
[ReportManager] Assertion [ValidateComparativeRelation] FAILED. Expected [-9] and Actual [11]. Comparison Type [LESS_THAN_OR_EQUALS]. Validation Type [POSITIVE]. @01-11-2021 09:31:29.0349 A

################################################################################################################################################
Starting Execution:	[97 out of 143] test cases in the current suite
Test Method:		[testPackage01.Test_NewValidationHelper.f31]
################################################################################################################################################
[ReportManager] Assertion [ValidateTrue] PASSED. Expected [TRUE] and Actual [TRUE]. Validation Type [POSITIVE]. @01-11-2021 09:31:29.0353 A

################################################################################################################################################
Starting Execution:	[98 out of 143] test cases in the current suite
Test Method:		[testPackage01.Test_NewValidationHelper.f32]
################################################################################################################################################
[ReportManager] Assertion [ValidateTrue] PASSED. Expected [FALSE] and Actual [FALSE]. Validation Type [NEGATIVE]. @01-11-2021 09:31:29.0357 A

################################################################################################################################################
Starting Execution:	[99 out of 143] test cases in the current suite
Test Method:		[testPackage01.Test_NewValidationHelper.f33]
################################################################################################################################################
[ReportManager] Assertion [ValidateTrue] FAILED. Expected [FALSE] and Actual [TRUE]. Validation Type [NEGATIVE]. @01-11-2021 09:31:29.0360 A

################################################################################################################################################
Starting Execution:	[100 out of 143] test cases in the current suite
Test Method:		[testPackage01.Test_NewValidationHelper.f34]
################################################################################################################################################
[ReportManager] Assertion [ValidateTrue] FAILED. Expected [TRUE] and Actual [FALSE]. Validation Type [POSITIVE]. @01-11-2021 09:31:29.0362 A

################################################################################################################################################
Starting Execution:	[101 out of 143] test cases in the current suite
Test Method:		[testPackage01.Test_NewValidationHelper.f35]
################################################################################################################################################
[ReportManager] File Action [DoesFileExist] successfully performed. With the following test data [File Path: "pom.xml"]. @01-11-2021 09:31:29.0366 AM
[ReportManager] Assertion [ValidateFileExists] PASSED. Expected [File 'pom.xml' should exist, after up to '1' retries] and Actual [File exists]. Validation Type [POSITIVE]. @01-11-2021 09:31:29.0371 A

################################################################################################################################################
Starting Execution:	[102 out of 143] test cases in the current suite
Test Method:		[testPackage01.Test_NewValidationHelper.f36]
################################################################################################################################################
[ReportManager] File Action [DoesFileExist] successfully performed. With the following test data [File Path: "src/test/java/testPackage01/Test_NewValidationHelper.java"]. @01-11-2021 09:31:29.0376 AM
[ReportManager] Assertion [ValidateFileExists] PASSED. Expected [File 'src/test/java/testPackage01/Test_NewValidationHelper.java' should exist, after up to '1' retries] and Actual [File exists]. Validation Type [POSITIVE]. @01-11-2021 09:31:29.0377 A

################################################################################################################################################
Starting Execution:	[103 out of 143] test cases in the current suite
Test Method:		[testPackage01.Test_NewValidationHelper.f37]
################################################################################################################################################
[ReportManager] File Action [DoesFileExist] successfully performed. With the following test data [File Path: "pom.xml"]. @01-11-2021 09:31:29.0381 AM
[ReportManager] Assertion Failed: confirming that the file does't exist after 5 retries @01-11-2021 09:31:29.0382 AM
[ReportManager] Assertion [ValidateFileExists] FAILED. Expected [File 'pom.xml' should not exist, after up to '5' retries] and Actual [File exists]. Validation Type [NEGATIVE]. @01-11-2021 09:31:29.0382 A

################################################################################################################################################
Starting Execution:	[104 out of 143] test cases in the current suite
Test Method:		[testPackage01.Test_NewValidationHelper.f3_1]
################################################################################################################################################
[ReportManager] Assertion Passed: Checking valid user data @01-11-2021 09:31:29.0385 AM
[ReportManager] Assertion [ValidateEquals] PASSED. Expected [null] and Actual [null]. Comparison Type [EQUALS]. Validation Type [POSITIVE]. @01-11-2021 09:31:29.0385 A

################################################################################################################################################
Starting Execution:	[105 out of 143] test cases in the current suite
Test Method:		[testPackage01.Test_NewValidationHelper.f4]
################################################################################################################################################
[ReportManager] Assertion [ValidateEquals] PASSED. Expected [1] and Actual [123]. Comparison Type [CONTAINS]. Validation Type [POSITIVE]. @01-11-2021 09:31:29.0389 A

################################################################################################################################################
Starting Execution:	[106 out of 143] test cases in the current suite
Test Method:		[testPackage01.Test_NewValidationHelper.f5]
################################################################################################################################################
[ReportManager] Assertion [ValidateNull] PASSED. Expected [NULL] and Actual [1]. Comparison Type [EQUALS]. Validation Type [NEGATIVE]. @01-11-2021 09:31:29.0392 A

################################################################################################################################################
Starting Execution:	[107 out of 143] test cases in the current suite
Test Method:		[testPackage01.Test_NewValidationHelper.f6]
################################################################################################################################################
[ReportManager] Assertion Failed: Making sure that null string is not equal to null object @01-11-2021 09:31:29.0395 AM
[ReportManager] Assertion [ValidateNull] FAILED. Expected [NULL] and Actual [NULL]. Comparison Type [EQUALS]. Validation Type [POSITIVE]. @01-11-2021 09:31:29.0395 A

################################################################################################################################################
Starting Execution:	[108 out of 143] test cases in the current suite
Test Method:		[testPackage01.Test_NewValidationHelper.f6_1]
################################################################################################################################################
[ReportManager] Assertion [ValidateNull] FAILED. Expected [NULL] and Actual [NULL]. Comparison Type [EQUALS]. Validation Type [NEGATIVE]. @01-11-2021 09:31:29.0402 A

################################################################################################################################################
Starting Execution:	[109 out of 143] test cases in the current suite
Test Method:		[testPackage01.Test_NewValidationHelper.f6_2]
################################################################################################################################################
[ReportManager] Assertion Failed: Making sure that null string is not equal to null object @01-11-2021 09:31:29.0405 AM
[ReportManager] Assertion [ValidateNull] FAILED. Expected [NULL] and Actual [not null]. Comparison Type [EQUALS]. Validation Type [POSITIVE]. @01-11-2021 09:31:29.0408 A

################################################################################################################################################
Starting Execution:	[110 out of 143] test cases in the current suite
Test Method:		[testPackage01.Test_NewValidationHelper.f7]
################################################################################################################################################
[ReportManager] Assertion [ValidateNull] PASSED. Expected [NULL] and Actual [NULL]. Comparison Type [EQUALS]. Validation Type [POSITIVE]. @01-11-2021 09:31:29.0413 A
[ReportManager] File Action [GetAbsolutePath] successfully performed. With the following test data [Relative Folder Path: "target/downloadedFiles/"]. @01-11-2021 09:31:29.0418 AM
[ReportManager] Attempting to run remotely on: [Linux-64], [GoogleChrome], [http://localhost:4444/wd/hub], Headless Execution. @01-11-2021 09:31:29.0418 AM
[ReportManager] Successfully Opened [GoogleChrome]. @01-11-2021 09:31:32.0260 AM
[ReportManager] Target URL: [https://the-internet.herokuapp.com/] @01-11-2021 09:31:32.0260 AM
[ReportManager] Initial URL: [data:,] @01-11-2021 09:31:32.0324 AM
[ReportManager] Browser Action [NavigateToURL] successfully performed. With the following test data [https://the-internet.herokuapp.com/]. @01-11-2021 09:31:33.0456 A

################################################################################################################################################
Starting Execution:	[111 out of 143] test cases in the current suite
Test Method:		[testPackage01.Test_NewValidationHelper.f8]
################################################################################################################################################
[ReportManager] Loaded Shared OpenCV @01-11-2021 09:31:33.0802 AM
[ReportManager] Assertion [ValidateElementExists] PASSED. Expected [Element Should Exist, locator 'By.tagName: h1'] and Actual [Element Exists]. Comparison Type [EQUALS]. Validation Type [POSITIVE]. @01-11-2021 09:31:34.0051 AM
[ReportManager] Successfully created attachment [Screenshot - 1635759093802_f8_ValidateElementExists_passed] @01-11-2021 09:31:34.0052 A
[ReportManager] Successfully Closed All Drivers. @01-11-2021 09:31:34.0165 A
[ReportManager] File Action [GetAbsolutePath] successfully performed. With the following test data [Relative Folder Path: "target/downloadedFiles/"]. @01-11-2021 09:31:34.0167 AM
[ReportManager] Attempting to run remotely on: [Linux-64], [GoogleChrome], [http://localhost:4444/wd/hub], Headless Execution. @01-11-2021 09:31:34.0171 AM
[ReportManager] Successfully Opened [GoogleChrome]. @01-11-2021 09:31:37.0241 AM
[ReportManager] Target URL: [https://the-internet.herokuapp.com/] @01-11-2021 09:31:37.0241 AM
[ReportManager] Initial URL: [data:,] @01-11-2021 09:31:37.0291 AM
[ReportManager] Browser Action [NavigateToURL] successfully performed. With the following test data [https://the-internet.herokuapp.com/]. @01-11-2021 09:31:38.0432 A

################################################################################################################################################
Starting Execution:	[112 out of 143] test cases in the current suite
Test Method:		[testPackage01.Test_NewValidationHelper.f9]
################################################################################################################################################
[ReportManager] Assertion [ValidateElementExists] FAILED. Expected [Element Should Exist, locator 'By.tagName: h3'] and Actual [Element Doesn't Exists]. Comparison Type [EQUALS]. Validation Type [POSITIVE]. @01-11-2021 09:32:09.0374 AM
[ReportManager] Successfully created attachment [Screenshot - 1635759129195_f9_ValidateElementExists_failed] @01-11-2021 09:32:09.0375 A
[ReportManager] Successfully Closed All Drivers. @01-11-2021 09:32:09.0469 A

################################################################################################################################################
Starting Execution:	[113 out of 143] test cases in the current suite
Test Method:		[testPackage01.Test_NewValidationHelper.forceFail]
################################################################################################################################################
[ReportManager] Assertion [ValidateFail] FAILED. Successfully force failed the test. @01-11-2021 09:32:09.0476 A

################################################################################################################################################
Starting Execution:	[114 out of 143] test cases in the current suite
Test Method:		[testPackage01.Test_NewValidationHelper.forceFail2]
################################################################################################################################################
[ReportManager] Assertion Failed: Custom Message @01-11-2021 09:32:09.0479 AM
[ReportManager] Assertion [ValidateFail] FAILED. Successfully force failed the test. @01-11-2021 09:32:09.0479 A

################################################################################################################################################
Starting Execution:	[115 out of 143] test cases in the current suite
Test Method:		[testPackage01.Test_sendGraphqlRequest.sendGraphqlRequestUsingMutationAndVariables]
################################################################################################################################################
[ReportManager] GraphQl Request is being Performed with the Following Parameters [Service URL: https://api.spacex.land/graphql | Request Body: {"variables":"{\"name\": \"sherlock holmes\",\"rocket\": \"221B Baker Street\"}","query":"mutation ($name: String, $rocket: String) {\n  insert_users(objects: {name: $name, rocket: $rocket}) {\n    returning {\n      name\n      rocket\n    }\n  }\n}"}] @01-11-2021 09:32:09.0481 AM
[ReportManager] Response status code: [200], status line: [HTTP/1.1 200 OK] @01-11-2021 09:32:10.0020 AM
[ReportManager] Assertion Passed: Evaluating the actual response status code against the expected one... @01-11-2021 09:32:10.0021 AM
[ReportManager] Assertion [ValidateEquals] PASSED. Expected [200] and Actual [200]. Comparison Type [EQUALS]. Validation Type [POSITIVE]. @01-11-2021 09:32:10.0021 AM
[ReportManager] API Action [PerformRequest] successfully performed. With the following test data [Request Type: "POST" | Target Status Code: "200" | Service URL: "https://api.spacex.land/graphql" | Content Type: "application/json" | Response Time: "441ms"]. @01-11-2021 09:32:10.0034 AM
[ReportManager] Successfully created attachment [API Request - Specifications] @01-11-2021 09:32:10.0034 AM
[ReportManager] Successfully created attachment [API Request - JSON Body] @01-11-2021 09:32:10.0035 AM
[ReportManager] Successfully created attachment [API Response - JSON Body] @01-11-2021 09:32:10.0035 AM
[ReportManager] API Action [GetResponseJSONValue] successfully performed. With the following test data [data.insert_users.returning[0].name]. @01-11-2021 09:32:10.0095 AM
[ReportManager] Assertion [ValidateEquals] PASSED. Expected [sherlock holmes] and Actual [sherlock holmes]. Comparison Type [EQUALS]. Validation Type [POSITIVE]. @01-11-2021 09:32:10.0095 A

################################################################################################################################################
Starting Execution:	[116 out of 143] test cases in the current suite
Test Method:		[testPackage01.Test_sendGraphqlRequest.sendGraphqlRequestUsingQuery]
################################################################################################################################################
[ReportManager] GraphQl Request is being Performed with the Following Parameters [Service URL: https://api.spacex.land/graphql | Request Body: {"query":"{company {ceo}}"}] @01-11-2021 09:32:10.0102 AM
[ReportManager] Response status code: [200], status line: [HTTP/1.1 200 OK] @01-11-2021 09:32:10.0358 AM
[ReportManager] Assertion Passed: Evaluating the actual response status code against the expected one... @01-11-2021 09:32:10.0358 AM
[ReportManager] Assertion [ValidateEquals] PASSED. Expected [200] and Actual [200]. Comparison Type [EQUALS]. Validation Type [POSITIVE]. @01-11-2021 09:32:10.0358 AM
[ReportManager] API Action [PerformRequest] successfully performed. With the following test data [Request Type: "POST" | Target Status Code: "200" | Service URL: "https://api.spacex.land/graphql" | Content Type: "application/json" | Response Time: "249ms"]. @01-11-2021 09:32:10.0371 AM
[ReportManager] Successfully created attachment [API Request - Specifications] @01-11-2021 09:32:10.0371 AM
[ReportManager] Successfully created attachment [API Request - JSON Body] @01-11-2021 09:32:10.0371 AM
[ReportManager] Successfully created attachment [API Response - JSON Body] @01-11-2021 09:32:10.0372 AM
[ReportManager] API Action [GetResponseJSONValue] successfully performed. With the following test data [data.company.ceo]. @01-11-2021 09:32:10.0381 AM
[ReportManager] Assertion [ValidateEquals] PASSED. Expected [Elon Musk] and Actual [Elon Musk]. Comparison Type [EQUALS]. Validation Type [POSITIVE]. @01-11-2021 09:32:10.0381 A
[ReportManager] Successfully loaded the following test data file [src/test/resources/TestDataFiles/testSuite01/TestData.xlsx]. @01-11-2021 09:32:10.0409 AM
[ReportManager] Successfully created attachment [Test Data - Excel] @01-11-2021 09:32:10.0409 AM
[ReportManager] File Action [GetAbsolutePath] successfully performed. With the following test data [Relative Folder Path: "target/downloadedFiles/"]. @01-11-2021 09:32:10.0411 AM
[ReportManager] Attempting to run remotely on: [Linux-64], [GoogleChrome], [http://localhost:4444/wd/hub], Headless Execution. @01-11-2021 09:32:10.0411 AM
[ReportManager] Successfully Opened [GoogleChrome]. @01-11-2021 09:32:12.0249 A

################################################################################################################################################
Starting Execution:	[117 out of 143] test cases in the current suite
Test Method:		[testPackage01.Test_google.navigateToURLandVerifyGoogleLogoIsDisplayed]
Test Description:	[TC001 - Navigate to URL and Verify Google Logo is Displayed]
################################################################################################################################################
[ReportManager] Target URL: [https://www.google.com/ncr], and after redirection: [https://www.google.com] @01-11-2021 09:32:12.0251 AM
[ReportManager] Initial URL: [data:,] @01-11-2021 09:32:12.0389 AM
[ReportManager] Browser Action [NavigateToURL] successfully performed. With the following test data [https://www.google.com/ncr]. @01-11-2021 09:32:13.0307 AM
[ReportManager] Loaded Shared OpenCV @01-11-2021 09:32:13.0694 AM
[ReportManager] Assertion [ValidateElementExists] PASSED. Expected [Element Should Exist, locator 'By.xpath: //*[@id='hplogo' or @alt='Google']'] and Actual [Element Exists]. Comparison Type [EQUALS]. Validation Type [POSITIVE]. @01-11-2021 09:32:13.0916 AM
[ReportManager] Successfully created attachment [Screenshot - 1635759133694_navigateToURLandVerifyGoogleLogoIsDisplayed_ValidateElementExists_passed] @01-11-2021 09:32:13.0917 A

################################################################################################################################################
Starting Execution:	[118 out of 143] test cases in the current suite
Test Method:		[testPackage01.Test_google.searchForQueryandAssertResultsNumDisplayed]
Test Description:	[TC002 - Search for Query and Assert that the number of results is displayed]
################################################################################################################################################
[ReportManager] Element Action [Type] successfully performed. With the following test data [SHAFT_Engine]. @01-11-2021 09:32:14.0436 AM
[ReportManager] Element Action [KeyPress] successfully performed. With the following test data [Enter]. @01-11-2021 09:32:15.0847 AM
[ReportManager] Element Action [GetText] successfully performed. With the following test data [About 1,020,000 results (0.61 seconds) ]. @01-11-2021 09:32:15.0963 AM
[ReportManager] Loaded Shared OpenCV @01-11-2021 09:32:16.0263 AM
[ReportManager] Assertion [ValidateElementAttribute] PASSED. Expected [Value Should not be '' for the 'Text' attribute, element locator 'By.id: appbar'] and Actual [About 1,020,000 results (0.61 seconds) ]. Comparison Type [EQUALS]. Validation Type [NEGATIVE]. @01-11-2021 09:32:16.0522 AM
[ReportManager] Successfully created attachment [Screenshot - 1635759136263_searchForQueryandAssertResultsNumDisplayed_ValidateElementAttribute_passed] @01-11-2021 09:32:16.0524 A

################################################################################################################################################
Starting Execution:	[119 out of 143] test cases in the current suite
Test Method:		[testPackage01.Test_google.clickNextThrice]
Test Description:	[TC003 - Clicks the next button to make sure that the framework can scroll element into view before clicking it]
################################################################################################################################################
[ReportManager] Element Action [Click] successfully performed. With the following test data [Next]. @01-11-2021 09:32:18.0243 A
[ReportManager] Browser Action [CloseCurrentWindow] successfully performed. @01-11-2021 09:32:18.0596 AM
[ReportManager] Successfully created attachment [Browser Action Test Data - CloseCurrentWindow - Actual Value] @01-11-2021 09:32:18.0605 A
[ReportManager] File Action [GetAbsolutePath] successfully performed. With the following test data [Relative Folder Path: "target/downloadedFiles/"]. @01-11-2021 09:32:18.0607 AM
[ReportManager] Attempting to run remotely on: [Linux-64], [GoogleChrome], [http://localhost:4444/wd/hub], Headless Execution. @01-11-2021 09:32:18.0607 AM
[ReportManager] Successfully Opened [GoogleChrome]. @01-11-2021 09:32:22.0243 A

################################################################################################################################################
Starting Execution:	[120 out of 143] test cases in the current suite
Test Method:		[testPackage01.Test_ShadowDOM.shadowdom]
################################################################################################################################################
[ReportManager] Target URL: [https://mdn.github.io/web-components-examples/popup-info-box-web-component/] @01-11-2021 09:32:22.0245 AM
[ReportManager] Initial URL: [data:,] @01-11-2021 09:32:22.0293 AM
[ReportManager] Browser Action [NavigateToURL] successfully performed. With the following test data [https://mdn.github.io/web-components-examples/popup-info-box-web-component/]. @01-11-2021 09:32:22.0791 AM
[ReportManager] Element Action [Type] successfully performed. With the following test data [Typing into SHADOW DOM...]. @01-11-2021 09:32:23.0185 AM
[ReportManager] Element Action [GetText] successfully performed. With the following test data [Typing into SHADOW DOM...]. @01-11-2021 09:32:23.0321 AM
[ReportManager] Loaded Shared OpenCV @01-11-2021 09:32:23.0595 AM
[ReportManager] Assertion [ValidateElementAttribute] PASSED. Expected [Value Should be 'Typing into SHADOW DOM...' for the 'Text' attribute, element locator 'By.id: cvc'] and Actual [Typing into SHADOW DOM...]. Comparison Type [EQUALS]. Validation Type [POSITIVE]. @01-11-2021 09:32:23.0798 AM
[ReportManager] Successfully created attachment [Screenshot - 1635759143595_shadowdom_ValidateElementAttribute_passed] @01-11-2021 09:32:23.0798 A
[ReportManager] Browser Action [CloseCurrentWindow] successfully performed. @01-11-2021 09:32:23.0902 AM
[ReportManager] Successfully created attachment [Browser Action Test Data - CloseCurrentWindow - Actual Value] @01-11-2021 09:32:23.0902 A

################################################################################################################################################
Starting Execution:	[121 out of 143] test cases in the current suite
Test Method:		[testPackage01.Test_AssertApiResponseEquals.assertApiResponseEquals_expectedToPass]
################################################################################################################################################
[ReportManager] Response status code: [200], status line: [HTTP/1.1 200 OK] @01-11-2021 09:32:24.0039 AM
[ReportManager] Assertion Passed: Evaluating the actual response status code against the expected one... @01-11-2021 09:32:24.0039 AM
[ReportManager] Assertion [ValidateEquals] PASSED. Expected [200] and Actual [200]. Comparison Type [EQUALS]. Validation Type [POSITIVE]. @01-11-2021 09:32:24.0039 AM
[ReportManager] API Action [PerformRequest] successfully performed. With the following test data [Request Type: "GET" | Target Status Code: "200" | Service URL: "https://jsonplaceholder.typicode.com/users" | Content Type: "*/*" | Response Time: "127ms"]. @01-11-2021 09:32:24.0065 AM
[ReportManager] Successfully created attachment [API Request - Specifications] @01-11-2021 09:32:24.0065 AM
[ReportManager] Successfully created attachment [API Response - JSON Body] @01-11-2021 09:32:24.0066 AM
[ReportManager] API Action [GetResponseJSONValueAsList] successfully performed. With the following test data [$]. @01-11-2021 09:32:24.0070 AM
[ReportManager] API Action [GetResponseJSONValue] successfully performed. With the following test data [name]. @01-11-2021 09:32:24.0080 AM
[ReportManager] API Action [GetResponseJSONValue] successfully performed. With the following test data [email]. @01-11-2021 09:32:24.0089 AM
[ReportManager] Verification [ValidateEquals] PASSED. Expected [Sincere@april.biz] and Actual [Sincere@april.biz]. Comparison Type [EQUALS]. Validation Type [POSITIVE]. @01-11-2021 09:32:24.0089 AM
[ReportManager] API Action [GetResponseJSONValue] successfully performed. With the following test data [username]. @01-11-2021 09:32:24.0099 AM
[ReportManager] Assertion [ValidateEquals] PASSED. Expected [Bret] and Actual [Bret]. Comparison Type [EQUALS]. Validation Type [POSITIVE]. @01-11-2021 09:32:24.0099 AM
[ReportManager] API Action [GetResponseJSONValue] successfully performed. With the following test data [name]. @01-11-2021 09:32:24.0107 AM
[ReportManager] API Action [GetResponseJSONValue] successfully performed. With the following test data [name]. @01-11-2021 09:32:24.0115 AM
[ReportManager] API Action [GetResponseJSONValue] successfully performed. With the following test data [name]. @01-11-2021 09:32:24.0123 AM
[ReportManager] API Action [GetResponseJSONValue] successfully performed. With the following test data [name]. @01-11-2021 09:32:24.0136 AM
[ReportManager] API Action [GetResponseJSONValue] successfully performed. With the following test data [name]. @01-11-2021 09:32:24.0145 AM
[ReportManager] API Action [GetResponseJSONValue] successfully performed. With the following test data [name]. @01-11-2021 09:32:24.0163 AM
[ReportManager] API Action [GetResponseJSONValue] successfully performed. With the following test data [name]. @01-11-2021 09:32:24.0171 AM
[ReportManager] API Action [GetResponseJSONValue] successfully performed. With the following test data [name]. @01-11-2021 09:32:24.0179 AM
[ReportManager] API Action [GetResponseJSONValue] successfully performed. With the following test data [name]. @01-11-2021 09:32:24.0189 A
[ReportManager] File Action [GetAbsolutePath] successfully performed. With the following test data [Relative Folder Path: "target/downloadedFiles/"]. @01-11-2021 09:32:24.0199 AM
[ReportManager] Attempting to run remotely on: [Linux-64], [GoogleChrome], [http://localhost:4444/wd/hub], Headless Execution. @01-11-2021 09:32:24.0200 AM
[ReportManager] Successfully Opened [GoogleChrome]. @01-11-2021 09:32:27.0240 A

################################################################################################################################################
Starting Execution:	[122 out of 143] test cases in the current suite
Test Method:		[testPackage01.Test_IsElementClickable.testIsElementClickable]
################################################################################################################################################
[ReportManager] Target URL: [https://the-internet.herokuapp.com/] @01-11-2021 09:32:27.0243 AM
[ReportManager] Initial URL: [data:,] @01-11-2021 09:32:27.0350 AM
[ReportManager] Browser Action [NavigateToURL] successfully performed. With the following test data [https://the-internet.herokuapp.com/]. @01-11-2021 09:32:28.0494 AM
[ReportManager] Element Action [IsElementClickable] successfully performed. @01-11-2021 09:32:28.0666 AM
[ReportManager] Assertion [ValidateTrue] PASSED. Expected [TRUE] and Actual [TRUE]. Validation Type [POSITIVE]. @01-11-2021 09:32:28.0667 A
[ReportManager] Browser Action [CloseCurrentWindow] successfully performed. @01-11-2021 09:32:28.0796 AM
[ReportManager] Successfully created attachment [Browser Action Test Data - CloseCurrentWindow - Actual Value] @01-11-2021 09:32:28.0797 A

################################################################################################################################################
Starting Execution:	[123 out of 143] test cases in the current suite
Test Method:		[testPackage01.Test_JsonCompareWithSpecialCharacters.specialCharacters]
################################################################################################################################################
[ReportManager] File Action [GetAbsolutePath] successfully performed. With the following test data [Relative Folder Path: "src/test/resources/TestJsonFiles/specialCharacters.json"]. @01-11-2021 09:32:28.0805 AM
[ReportManager] File Action [ReadFromFile] successfully performed. With the following test data [File Path: "/home/runner/work/SHAFT_ENGINE/SHAFT_ENGINE/src/test/resources/TestJsonFiles/specialCharacters.json"]. @01-11-2021 09:32:28.0813 AM
[ReportManager] Successfully created attachment [File Action Actual Result - Command Log] @01-11-2021 09:32:28.0815 AM
[ReportManager] Comparing the provided API response with the file at this path "src/test/resources/TestJsonFiles/specialCharacters.json", comparison type "EQUALS" @01-11-2021 09:32:28.0816 AM
[ReportManager] API Action [CompareJSON] successfully performed. With the following test data [src/test/resources/TestJsonFiles/specialCharacters.json]. @01-11-2021 09:32:28.0830 AM
[ReportManager] File Action [GetAbsolutePath] successfully performed. With the following test data [Relative Folder Path: "src/test/resources/TestJsonFiles/specialCharacters.json"]. @01-11-2021 09:32:28.0830 AM
[ReportManager] File Action [ReadFromFile] successfully performed. With the following test data [File Path: "/home/runner/work/SHAFT_ENGINE/SHAFT_ENGINE/src/test/resources/TestJsonFiles/specialCharacters.json"]. @01-11-2021 09:32:28.0830 AM
[ReportManager] Verification [ValidateJSONFileContent] PASSED. Expected [Response data should match the JSON File in this path 'src/test/resources/TestJsonFiles/specialCharacters.json'] and Actual [TRUE]. Comparison Type [EQUALS]. Validation Type [POSITIVE]. @01-11-2021 09:32:28.0838 AM
[ReportManager] Successfully created attachment [Validation Test Data - Expected JSON Value] @01-11-2021 09:32:28.0838 AM
[ReportManager] Successfully created attachment [Validation Test Data - Actual JSON Value] @01-11-2021 09:32:28.0839 A

################################################################################################################################################
Starting Execution:	[124 out of 143] test cases in the current suite
Test Method:		[testPackage01.Test_JsonCompareWithSpecialCharacters.specialCharacters_assertion]
################################################################################################################################################
[ReportManager] File Action [GetAbsolutePath] successfully performed. With the following test data [Relative Folder Path: "src/test/resources/TestJsonFiles/specialCharacters.json"]. @01-11-2021 09:32:28.0842 AM
[ReportManager] File Action [ReadFromFile] successfully performed. With the following test data [File Path: "/home/runner/work/SHAFT_ENGINE/SHAFT_ENGINE/src/test/resources/TestJsonFiles/specialCharacters.json"]. @01-11-2021 09:32:28.0842 AM
[ReportManager] Successfully created attachment [File Action Actual Result - Command Log] @01-11-2021 09:32:28.0842 AM
[ReportManager] Comparing the provided API response with the file at this path "src/test/resources/TestJsonFiles/specialCharacters.json", comparison type "CONTAINS" @01-11-2021 09:32:28.0843 AM
[ReportManager] API Action [CompareJSON] successfully performed. With the following test data [src/test/resources/TestJsonFiles/specialCharacters.json]. @01-11-2021 09:32:28.0874 AM
[ReportManager] File Action [GetAbsolutePath] successfully performed. With the following test data [Relative Folder Path: "src/test/resources/TestJsonFiles/specialCharacters.json"]. @01-11-2021 09:32:28.0874 AM
[ReportManager] File Action [ReadFromFile] successfully performed. With the following test data [File Path: "/home/runner/work/SHAFT_ENGINE/SHAFT_ENGINE/src/test/resources/TestJsonFiles/specialCharacters.json"]. @01-11-2021 09:32:28.0874 AM
[ReportManager] Assertion Passed: trying out the log message @01-11-2021 09:32:28.0878 AM
[ReportManager] Successfully created attachment [Validation Test Data - Expected JSON Value] @01-11-2021 09:32:28.0878 AM
[ReportManager] Successfully created attachment [Validation Test Data - Actual JSON Value] @01-11-2021 09:32:28.0879 AM
[ReportManager] Assertion [ValidateJSONFileContent] PASSED. Expected [Response data should match the JSON File in this path 'src/test/resources/TestJsonFiles/specialCharacters.json'] and Actual [TRUE]. Comparison Type [CONTAINS]. Validation Type [POSITIVE]. @01-11-2021 09:32:28.0879 A
[ReportManager] File Action [GetAbsolutePath] successfully performed. With the following test data [Relative Folder Path: "target/downloadedFiles/"]. @01-11-2021 09:32:28.0881 AM
[ReportManager] Attempting to run remotely on: [Linux-64], [GoogleChrome], [http://localhost:4444/wd/hub], Headless Execution. @01-11-2021 09:32:28.0882 AM
[ReportManager] Successfully Opened [GoogleChrome]. @01-11-2021 09:32:32.0277 A

################################################################################################################################################
Starting Execution:	[125 out of 143] test cases in the current suite
Test Method:		[testPackage01.Test_assertEquals.test_assertElementAttribute]
################################################################################################################################################
[ReportManager] Target URL: [https://www.google.com/ncr], and after redirection: [https://www.google.com] @01-11-2021 09:32:32.0288 AM
[ReportManager] Initial URL: [data:,] @01-11-2021 09:32:32.0338 AM
[ReportManager] Browser Action [NavigateToURL] successfully performed. With the following test data [https://www.google.com/ncr]. @01-11-2021 09:32:33.0248 AM
[ReportManager] Element Action [Type] successfully performed. With the following test data [INC_004010050:Another SCHEDULER with the same name [Duplicate Job Name] already exists.]. @01-11-2021 09:32:34.0138 AM
[ReportManager] Element Action [GetText] successfully performed. With the following test data [INC_004010050:Another SCHEDULER with the same name [Duplicate Job Name] already exists.]. @01-11-2021 09:32:34.0343 AM
[ReportManager] Loaded Shared OpenCV @01-11-2021 09:32:34.0686 AM
[ReportManager] Assertion [ValidateElementAttribute] PASSED. Expected [Value Should be 'INC_004010050:Another SCHEDULER with the same name \[Duplicate Job Name\] already exists.' for the 'text' attribute, element locator 'By.name: q'] and Actual [INC_004010050:Another SCHEDULER with the same name [Duplicate Job Name] already exists.]. Comparison Type [MATCHES]. Validation Type [POSITIVE]. @01-11-2021 09:32:34.0930 AM
[ReportManager] Successfully created attachment [Screenshot - 1635759154686_test_assertElementAttribute_ValidateElementAttribute_passed] @01-11-2021 09:32:34.0932 A
[ReportManager] Browser Action [CloseCurrentWindow] successfully performed. @01-11-2021 09:32:35.0171 AM
[ReportManager] Successfully created attachment [Browser Action Test Data - CloseCurrentWindow - Actual Value] @01-11-2021 09:32:35.0172 A
[ReportManager] File Action [GetAbsolutePath] successfully performed. With the following test data [Relative Folder Path: "target/downloadedFiles/"]. @01-11-2021 09:32:35.0184 AM
[ReportManager] Attempting to run remotely on: [Linux-64], [GoogleChrome], [http://localhost:4444/wd/hub], Headless Execution. @01-11-2021 09:32:35.0185 AM
[ReportManager] Successfully Opened [GoogleChrome]. @01-11-2021 09:32:37.0247 A

################################################################################################################################################
Starting Execution:	[126 out of 143] test cases in the current suite
Test Method:		[testPackage01.Test_verifyEquals.test_assertElementAttribute]
################################################################################################################################################
[ReportManager] Target URL: [https://www.google.com/ncr], and after redirection: [https://www.google.com] @01-11-2021 09:32:37.0250 AM
[ReportManager] Initial URL: [data:,] @01-11-2021 09:32:37.0317 AM
[ReportManager] Browser Action [NavigateToURL] successfully performed. With the following test data [https://www.google.com/ncr]. @01-11-2021 09:32:38.0278 AM
[ReportManager] Element Action [Type] successfully performed. With the following test data [INC_004010050:Another SCHEDULER with the same name [Duplicate Job Name] already exists.]. @01-11-2021 09:32:39.0308 AM
[ReportManager] Element Action [GetText] successfully performed. With the following test data [INC_004010050:Another SCHEDULER with the same name [Duplicate Job Name] already exists.]. @01-11-2021 09:32:39.0464 AM
[ReportManager] Loaded Shared OpenCV @01-11-2021 09:32:39.0825 AM
[ReportManager] Verification [ValidateElementAttribute] PASSED. Expected [Value Should be 'INC_004010050:Another SCHEDULER with the same name \[Duplicate Job Name\] already exists.' for the 'text' attribute, element locator 'By.name: q'] and Actual [INC_004010050:Another SCHEDULER with the same name [Duplicate Job Name] already exists.]. Comparison Type [MATCHES]. Validation Type [POSITIVE]. @01-11-2021 09:32:40.0056 AM
[ReportManager] Successfully created attachment [Screenshot - 1635759159825_test_assertElementAttribute_ValidateElementAttribute_passed] @01-11-2021 09:32:40.0058 A
[ReportManager] Browser Action [CloseCurrentWindow] successfully performed. @01-11-2021 09:32:40.0200 AM
[ReportManager] Successfully created attachment [Browser Action Test Data - CloseCurrentWindow - Actual Value] @01-11-2021 09:32:40.0201 A

################################################################################################################################################
Starting Execution:	[127 out of 143] test cases in the current suite
Test Method:		[testPackage01.Test_JsonActions.f]
###############################################################################################################################################

################################################################################################################################################
Starting Execution:	[128 out of 143] test cases in the current suite
Test Method:		[testPackage01.Test_JsonActions.f2]
###############################################################################################################################################

################################################################################################################################################
Starting Execution:	[129 out of 143] test cases in the current suite
Test Method:		[testPackage01.Test_PDF.testPDF_Downloaded]
################################################################################################################################################
[ReportManager] File Action [DoesFileExist] successfully performed. With the following test data [File Path: "src/test/resources/TestDataFiles/sample.pdf"]. @01-11-2021 09:32:40.0228 AM
[ReportManager] File Action [GetAbsolutePath] successfully performed. With the following test data [Relative File Path: "src/test/resources/TestDataFiles/sample.pdf"]. @01-11-2021 09:32:40.0228 AM
[ReportManager] Assertion [ValidateTrue] PASSED. Expected [TRUE] and Actual [TRUE]. Validation Type [POSITIVE]. @01-11-2021 09:32:40.0753 A
[ReportManager] File Action [GetAbsolutePath] successfully performed. With the following test data [Relative Folder Path: "target/downloadedFiles/"]. @01-11-2021 09:32:40.0763 AM
[ReportManager] Attempting to run remotely on: [Linux-64], [GoogleChrome], [http://localhost:4444/wd/hub], Headless Execution. @01-11-2021 09:32:40.0764 AM
[ReportManager] Successfully Opened [GoogleChrome]. @01-11-2021 09:32:42.0241 A

################################################################################################################################################
Starting Execution:	[130 out of 143] test cases in the current suite
Test Method:		[testPackage01.Test_dragAndDrop.dragAndDropJquery]
################################################################################################################################################
[ReportManager] Target URL: [https://jqueryui.com/resources/demos/droppable/default.html] @01-11-2021 09:32:42.0244 AM
[ReportManager] Initial URL: [data:,] @01-11-2021 09:32:42.0325 AM
[ReportManager] Browser Action [NavigateToURL] successfully performed. With the following test data [https://jqueryui.com/resources/demos/droppable/default.html]. @01-11-2021 09:32:42.0867 AM
[ReportManager] Element Action [GetText] successfully performed. With the following test data [Drop here]. @01-11-2021 09:32:42.0989 AM
[ReportManager] Element Action [DragAndDrop] successfully performed. With the following test data [Start point: (8, 18), End point: (8, 18)]. @01-11-2021 09:32:44.0540 AM
[ReportManager] Element Action [GetText] successfully performed. With the following test data [Dropped!]. @01-11-2021 09:32:44.0622 AM
[ReportManager] Assertion Passed: Checking to see if the text has changed after performing drag and drop @01-11-2021 09:32:44.0623 AM
[ReportManager] Assertion [ValidateEquals] PASSED. Expected [Drop here] and Actual [Dropped!]. Comparison Type [EQUALS]. Validation Type [NEGATIVE]. @01-11-2021 09:32:44.0623 A
[ReportManager] Browser Action [CloseCurrentWindow] successfully performed. @01-11-2021 09:32:44.0781 AM
[ReportManager] Successfully created attachment [Browser Action Test Data - CloseCurrentWindow - Actual Value] @01-11-2021 09:32:44.0781 A
[ReportManager] File Action [GetAbsolutePath] successfully performed. With the following test data [Relative Folder Path: "target/downloadedFiles/"]. @01-11-2021 09:32:44.0783 AM
[ReportManager] Attempting to run remotely on: [Linux-64], [GoogleChrome], [http://localhost:4444/wd/hub], Headless Execution. @01-11-2021 09:32:44.0783 AM
[ReportManager] Successfully Opened [GoogleChrome]. @01-11-2021 09:32:47.0241 A

################################################################################################################################################
Starting Execution:	[131 out of 143] test cases in the current suite
Test Method:		[testPackage01.Test_dragAndDrop.dragAndDrop]
Test Description:	[TC001 - Test Drag and Drop function.]
################################################################################################################################################
[ReportManager] Target URL: [http://the-internet.herokuapp.com/drag_and_drop] @01-11-2021 09:32:47.0244 AM
[ReportManager] Initial URL: [data:,] @01-11-2021 09:32:47.0289 AM
[ReportManager] Browser Action [NavigateToURL] successfully performed. With the following test data [http://the-internet.herokuapp.com/drag_and_drop]. @01-11-2021 09:32:49.0206 AM
[ReportManager] Attempting Drag and Drop @01-11-2021 09:32:49.0207 AM
[ReportManager] Element Action [DragAndDrop] successfully performed. With the following test data [Start point: (492, 89), End point: (707, 89)]. @01-11-2021 09:32:50.0441 A
[ReportManager] Browser Action [CloseCurrentWindow] successfully performed. @01-11-2021 09:32:50.0599 AM
[ReportManager] Successfully created attachment [Browser Action Test Data - CloseCurrentWindow - Actual Value] @01-11-2021 09:32:50.0599 A
[ReportManager] File Action [GetAbsolutePath] successfully performed. With the following test data [Relative Folder Path: "target/downloadedFiles/"]. @01-11-2021 09:32:50.0600 AM
[ReportManager] Attempting to run remotely on: [Linux-64], [GoogleChrome], [http://localhost:4444/wd/hub], Headless Execution. @01-11-2021 09:32:50.0601 AM
[ReportManager] Successfully Opened [GoogleChrome]. @01-11-2021 09:32:52.0238 A

################################################################################################################################################
Starting Execution:	[132 out of 143] test cases in the current suite
Test Method:		[testPackage01.Test_dragAndDrop.dragAndDropByOffset]
Test Description:	[TC002 - Test Drag and Drop by offset function.]
################################################################################################################################################
[ReportManager] Target URL: [https://jqueryui.com/resources/demos/draggable/default.html] @01-11-2021 09:32:52.0241 AM
[ReportManager] Initial URL: [data:,] @01-11-2021 09:32:52.0299 AM
[ReportManager] Browser Action [NavigateToURL] successfully performed. With the following test data [https://jqueryui.com/resources/demos/draggable/default.html]. @01-11-2021 09:32:52.0846 AM
[ReportManager] Element Action [DragAndDropByOffset] successfully performed. With the following test data [Start point: (8, 8), End point: (108, 58)]. @01-11-2021 09:32:53.0365 A
[ReportManager] Browser Action [CloseCurrentWindow] successfully performed. @01-11-2021 09:32:53.0496 AM
[ReportManager] Successfully created attachment [Browser Action Test Data - CloseCurrentWindow - Actual Value] @01-11-2021 09:32:53.0497 A
[ReportManager] File Action [GetAbsolutePath] successfully performed. With the following test data [Relative Folder Path: "target/downloadedFiles/"]. @01-11-2021 09:32:53.0498 AM
[ReportManager] Attempting to run remotely on: [Linux-64], [GoogleChrome], [http://localhost:4444/wd/hub], Headless Execution. @01-11-2021 09:32:53.0498 AM
[ReportManager] Successfully Opened [GoogleChrome]. @01-11-2021 09:32:57.0239 A

################################################################################################################################################
Starting Execution:	[133 out of 143] test cases in the current suite
Test Method:		[testPackage01.Test_clipboardActions.typeTextAndCopyPaste]
################################################################################################################################################
[ReportManager] Target URL: [https://www.google.com/ncr], and after redirection: [https://www.google.com] @01-11-2021 09:32:57.0242 AM
[ReportManager] Initial URL: [data:,] @01-11-2021 09:32:57.0299 AM
[ReportManager] Browser Action [NavigateToURL] successfully performed. With the following test data [https://www.google.com/ncr]. @01-11-2021 09:32:58.0190 AM
[ReportManager] Element Action [Type] successfully performed. With the following test data [FIRST]. @01-11-2021 09:32:58.0712 AM
[ReportManager] Element Action [ClipboardActions] successfully performed. With the following test data [select all]. @01-11-2021 09:32:58.0813 AM
[ReportManager] Element Action [ClipboardActions] successfully performed. With the following test data [copy]. @01-11-2021 09:32:58.0903 AM
[ReportManager] Element Action [ClipboardActions] successfully performed. With the following test data [unselect]. @01-11-2021 09:32:59.0063 AM
[ReportManager] Element Action [ClipboardActions] successfully performed. With the following test data [paste]. @01-11-2021 09:32:59.0116 AM
[ReportManager] Element Action [ClipboardActions] successfully performed. With the following test data [select all]. @01-11-2021 09:32:59.0216 AM
[ReportManager] Element Action [Type] successfully performed. @01-11-2021 09:32:59.0649 AM
[ReportManager] Element Action [ClipboardActions] successfully performed. With the following test data [cut]. @01-11-2021 09:32:59.0651 AM
[ReportManager] Element Action [ClipboardActions] successfully performed. With the following test data [paste]. @01-11-2021 09:32:59.0728 AM
[ReportManager] Element Action [ClipboardActions] successfully performed. With the following test data [paste]. @01-11-2021 09:32:59.0864 A
[ReportManager] Browser Action [CloseCurrentWindow] successfully performed. @01-11-2021 09:33:00.0020 AM
[ReportManager] Successfully created attachment [Browser Action Test Data - CloseCurrentWindow - Actual Value] @01-11-2021 09:33:00.0021 A
[ReportManager] File Action [GetAbsolutePath] successfully performed. With the following test data [Relative Folder Path: "target/downloadedFiles/"]. @01-11-2021 09:33:00.0022 AM
[ReportManager] Attempting to run remotely on: [Linux-64], [GoogleChrome], [http://localhost:4444/wd/hub], Headless Execution. @01-11-2021 09:33:00.0022 AM
[ReportManager] Successfully Opened [GoogleChrome]. @01-11-2021 09:33:02.0261 A

################################################################################################################################################
Starting Execution:	[134 out of 143] test cases in the current suite
Test Method:		[testPackage01.Test_dynamicLoading.dynamicLoading_elementIsHidden]
################################################################################################################################################
[ReportManager] Target URL: [https://the-internet.herokuapp.com/dynamic_loading/1] @01-11-2021 09:33:02.0267 AM
[ReportManager] Initial URL: [data:,] @01-11-2021 09:33:02.0378 AM
[ReportManager] Browser Action [NavigateToURL] successfully performed. With the following test data [https://the-internet.herokuapp.com/dynamic_loading/1]. @01-11-2021 09:33:03.0553 AM
[ReportManager] Element Action [Click] successfully performed. With the following test data [Start]. @01-11-2021 09:33:04.0118 AM
[ReportManager] Element Action [GetText] successfully performed. With the following test data [
    Hello World!
  ]. @01-11-2021 09:33:04.0253 AM
[ReportManager] Loaded Shared OpenCV @01-11-2021 09:33:04.0537 AM
[ReportManager] Assertion [ValidateElementAttribute] PASSED. Expected [Value Should be 'Hello World!' for the 'text' attribute, element locator 'By.id: finish'] and Actual [
    Hello World!
  ]. Comparison Type [CONTAINS]. Validation Type [POSITIVE]. @01-11-2021 09:33:04.0876 AM
[ReportManager] Successfully created attachment [Screenshot - 1635759184537_dynamicLoading_elementIsHidden_ValidateElementAttribute_passed] @01-11-2021 09:33:04.0877 A
[ReportManager] Browser Action [CloseCurrentWindow] successfully performed. @01-11-2021 09:33:05.0009 AM
[ReportManager] Successfully created attachment [Browser Action Test Data - CloseCurrentWindow - Actual Value] @01-11-2021 09:33:05.0010 A
[ReportManager] File Action [GetAbsolutePath] successfully performed. With the following test data [Relative Folder Path: "target/downloadedFiles/"]. @01-11-2021 09:33:05.0012 AM
[ReportManager] Attempting to run remotely on: [Linux-64], [GoogleChrome], [http://localhost:4444/wd/hub], Headless Execution. @01-11-2021 09:33:05.0013 AM
[ReportManager] Successfully Opened [GoogleChrome]. @01-11-2021 09:33:07.0239 A

################################################################################################################################################
Starting Execution:	[135 out of 143] test cases in the current suite
Test Method:		[testPackage01.Test_dynamicLoading.dynamicLoading_elementIsRendered]
################################################################################################################################################
[ReportManager] Target URL: [https://the-internet.herokuapp.com/dynamic_loading/2] @01-11-2021 09:33:07.0241 AM
[ReportManager] Initial URL: [data:,] @01-11-2021 09:33:07.0347 AM
[ReportManager] Browser Action [NavigateToURL] successfully performed. With the following test data [https://the-internet.herokuapp.com/dynamic_loading/2]. @01-11-2021 09:33:08.0438 AM
[ReportManager] Element Action [Click] successfully performed. With the following test data [Start]. @01-11-2021 09:33:08.0971 AM
[ReportManager] Element Action [GetText] successfully performed. With the following test data [Hello World!]. @01-11-2021 09:33:14.0145 AM
[ReportManager] Loaded Shared OpenCV @01-11-2021 09:33:14.0420 AM
[ReportManager] Assertion [ValidateElementAttribute] PASSED. Expected [Value Should be 'Hello World!' for the 'text' attribute, element locator 'By.id: finish'] and Actual [Hello World!]. Comparison Type [CONTAINS]. Validation Type [POSITIVE]. @01-11-2021 09:33:14.0631 AM
[ReportManager] Successfully created attachment [Screenshot - 1635759194420_dynamicLoading_elementIsRendered_ValidateElementAttribute_passed] @01-11-2021 09:33:14.0632 A
[ReportManager] Browser Action [CloseCurrentWindow] successfully performed. @01-11-2021 09:33:14.0740 AM
[ReportManager] Successfully created attachment [Browser Action Test Data - CloseCurrentWindow - Actual Value] @01-11-2021 09:33:14.0741 A
[ReportManager] File Action [GetAbsolutePath] successfully performed. With the following test data [Relative Folder Path: "target/downloadedFiles/"]. @01-11-2021 09:33:14.0743 AM
[ReportManager] Attempting to run remotely on: [Linux-64], [GoogleChrome], [http://localhost:4444/wd/hub], Headless Execution. @01-11-2021 09:33:14.0743 AM
[ReportManager] Successfully Opened [GoogleChrome]. @01-11-2021 09:33:17.0257 A

################################################################################################################################################
Starting Execution:	[136 out of 143] test cases in the current suite
Test Method:		[testPackage01.Test_uploadFile.uploadFile_invisibleUploadInput]
################################################################################################################################################
[ReportManager] Target URL: [https://fineuploader.com/demos.html#gallery-view] @01-11-2021 09:33:17.0265 AM
[ReportManager] Initial URL: [data:,] @01-11-2021 09:33:17.0329 AM
[ReportManager] Browser Action [NavigateToURL] successfully performed. With the following test data [https://fineuploader.com/demos.html#gallery-view]. @01-11-2021 09:33:19.0207 AM
[ReportManager] File Action [GetAbsolutePath] successfully performed. With the following test data [Relative File Path: "src/main/resources/images/shaft.png"]. @01-11-2021 09:33:19.0208 AM
[ReportManager] Successfully created attachment [File Action Actual Result - Command Log] @01-11-2021 09:33:19.0208 AM
[ReportManager] Element Action [TypeFileLocationForUpload] successfully performed. With the following test data [/home/runner/work/SHAFT_ENGINE/SHAFT_ENGINE/src/main/resources/images/shaft.png]. @01-11-2021 09:33:19.0400 AM
[ReportManager] Attempting to getAttribute [src] from elementLocator [By.xpath: //div[@id='fine-uploader-gallery']//div[@class='qq-thumbnail-wrapper']/img]. @01-11-2021 09:33:19.0400 AM
[ReportManager] Element Action [GetAttribute] successfully performed. @01-11-2021 09:33:19.0570 AM
[ReportManager] Successfully created attachment [Element Action Test Data - GetAttribute - Actual Value] @01-11-2021 09:33:19.0570 AM
[ReportManager] Loaded Shared OpenCV @01-11-2021 09:33:19.0856 AM
[ReportManager] Assertion [ValidateElementAttribute] PASSED. Expected and Actual values are attached. Comparison Type [CONTAINS]. Validation Type [POSITIVE]. @01-11-2021 09:33:20.0125 AM
[ReportManager] Successfully created attachment [Validation Test Data - Expected Value] @01-11-2021 09:33:20.0125 AM
[ReportManager] Successfully created attachment [Validation Test Data - Actual Value] @01-11-2021 09:33:20.0126 AM
[ReportManager] Successfully created attachment [Screenshot - 1635759199856_uploadFile_invisibleUploadInput_ValidateElementAttribute_passed] @01-11-2021 09:33:20.0127 A
[ReportManager] Browser Action [CloseCurrentWindow] successfully performed. @01-11-2021 09:33:20.0302 AM
[ReportManager] Successfully created attachment [Browser Action Test Data - CloseCurrentWindow - Actual Value] @01-11-2021 09:33:20.0303 A
[ReportManager] File Action [GetAbsolutePath] successfully performed. With the following test data [Relative Folder Path: "target/downloadedFiles/"]. @01-11-2021 09:33:20.0305 AM
[ReportManager] Attempting to run remotely on: [Linux-64], [GoogleChrome], [http://localhost:4444/wd/hub], Headless Execution. @01-11-2021 09:33:20.0305 AM
[ReportManager] Successfully Opened [GoogleChrome]. @01-11-2021 09:33:22.0256 A

################################################################################################################################################
Starting Execution:	[137 out of 143] test cases in the current suite
Test Method:		[testPackage01.Test_uploadFile.uploadFile_visibleUploadInput]
################################################################################################################################################
[ReportManager] Target URL: [http://demo.guru99.com/test/upload/] @01-11-2021 09:33:22.0261 AM
[ReportManager] Initial URL: [data:,] @01-11-2021 09:33:22.0307 AM
[ReportManager] Browser Action [NavigateToURL] successfully performed. With the following test data [http://demo.guru99.com/test/upload/]. @01-11-2021 09:33:23.0803 AM
[ReportManager] File Action [GetAbsolutePath] successfully performed. With the following test data [Relative File Path: "src/main/resources/images/shaft.png"]. @01-11-2021 09:33:23.0804 AM
[ReportManager] Successfully created attachment [File Action Actual Result - Command Log] @01-11-2021 09:33:23.0804 AM
[ReportManager] Element Action [TypeFileLocationForUpload] successfully performed. With the following test data [/home/runner/work/SHAFT_ENGINE/SHAFT_ENGINE/src/main/resources/images/shaft.png]. @01-11-2021 09:33:23.0918 AM
[ReportManager] Element Action [Click] successfully performed. With the following test data [on]. @01-11-2021 09:33:24.0495 AM
[ReportManager] Element Action [Click] successfully performed. With the following test data [Submit File]. @01-11-2021 09:33:25.0036 AM
[ReportManager] Element Action [GetText] successfully performed. With the following test data [1 file
has been successfully uploaded.]. @01-11-2021 09:33:25.0724 AM
[ReportManager] Loaded Shared OpenCV @01-11-2021 09:33:26.0054 AM
[ReportManager] Assertion [ValidateElementAttribute] PASSED. Expected [Value Should be '1 file' for the 'Text' attribute, element locator 'By.id: res'] and Actual [1 file
has been successfully uploaded.]. Comparison Type [CONTAINS]. Validation Type [POSITIVE]. @01-11-2021 09:33:26.0375 AM
[ReportManager] Successfully created attachment [Screenshot - 1635759206054_uploadFile_visibleUploadInput_ValidateElementAttribute_passed] @01-11-2021 09:33:26.0377 A
[ReportManager] Browser Action [CloseCurrentWindow] successfully performed. @01-11-2021 09:33:26.0534 AM
[ReportManager] Successfully created attachment [Browser Action Test Data - CloseCurrentWindow - Actual Value] @01-11-2021 09:33:26.0535 A

################################################################################################################################################
Starting Execution:	[138 out of 143] test cases in the current suite
Test Method:		[testPackage01.Test_SelectedValue.multipleSelect]
################################################################################################################################################
[ReportManager] File Action [GetAbsolutePath] successfully performed. With the following test data [Relative Folder Path: "target/downloadedFiles/"]. @01-11-2021 09:33:26.0541 AM
[ReportManager] Attempting to run remotely on: [Linux-64], [GoogleChrome], [http://localhost:4444/wd/hub], Headless Execution. @01-11-2021 09:33:26.0541 AM
[ReportManager] Successfully Opened [GoogleChrome]. @01-11-2021 09:33:27.0263 AM
[ReportManager] Target URL: [https://yari-demos.prod.mdn.mozit.cloud/en-US/docs/Web/HTML/Element/select/_sample_.Advanced_select_with_multiple_features.html] @01-11-2021 09:33:27.0263 AM
[ReportManager] Initial URL: [data:,] @01-11-2021 09:33:27.0310 AM
[ReportManager] Browser Action [NavigateToURL] successfully performed. With the following test data [https://yari-demos.prod.mdn.mozit.cloud/en-US/docs/Web/HTML/Element/select/_sample_.Advanced_select_with_multiple_features.html]. @01-11-2021 09:33:27.0649 AM
[ReportManager] Element Action [Select] successfully performed. With the following test data [Dog]. @01-11-2021 09:33:27.0980 AM
[ReportManager] Element Action [Select] successfully performed. With the following test data [Cat]. @01-11-2021 09:33:28.0305 AM
[ReportManager] Element Action [GetSelectedText] successfully performed. With the following test data [DogCat]. @01-11-2021 09:33:28.0519 AM
[ReportManager] DogCat @01-11-2021 09:33:28.0520 AM
[ReportManager] Element Action [GetSelectedText] successfully performed. With the following test data [DogCat]. @01-11-2021 09:33:28.0677 AM
[ReportManager] Loaded Shared OpenCV @01-11-2021 09:33:28.0947 AM
[ReportManager] Assertion [ValidateElementAttribute] PASSED. Expected [Value Should be 'DogCat' for the 'selectedText' attribute, element locator 'By.tagName: select'] and Actual [DogCat]. Comparison Type [EQUALS]. Validation Type [POSITIVE]. @01-11-2021 09:33:29.0156 AM
[ReportManager] Successfully created attachment [Screenshot - 1635759208946_multipleSelect_ValidateElementAttribute_passed] @01-11-2021 09:33:29.0157 AM
[ReportManager] Browser Action [CloseCurrentWindow] successfully performed. @01-11-2021 09:33:29.0267 AM
[ReportManager] Successfully created attachment [Browser Action Test Data - CloseCurrentWindow - Actual Value] @01-11-2021 09:33:29.0268 A

################################################################################################################################################
Starting Execution:	[139 out of 143] test cases in the current suite
Test Method:		[testPackage01.Test_SelectedValue.simpleSelect]
################################################################################################################################################
[ReportManager] File Action [GetAbsolutePath] successfully performed. With the following test data [Relative Folder Path: "target/downloadedFiles/"]. @01-11-2021 09:33:29.0271 AM
[ReportManager] Attempting to run remotely on: [Linux-64], [GoogleChrome], [http://localhost:4444/wd/hub], Headless Execution. @01-11-2021 09:33:29.0271 AM
[ReportManager] Successfully Opened [GoogleChrome]. @01-11-2021 09:33:32.0244 AM
[ReportManager] Target URL: [https://yari-demos.prod.mdn.mozit.cloud/en-US/docs/Web/HTML/Element/select/_sample_.Basic_select.html] @01-11-2021 09:33:32.0244 AM
[ReportManager] Initial URL: [data:,] @01-11-2021 09:33:32.0285 AM
[ReportManager] Browser Action [NavigateToURL] successfully performed. With the following test data [https://yari-demos.prod.mdn.mozit.cloud/en-US/docs/Web/HTML/Element/select/_sample_.Basic_select.html]. @01-11-2021 09:33:32.0511 AM
[ReportManager] Element Action [Select] successfully performed. With the following test data [Third Value]. @01-11-2021 09:33:32.0952 AM
[ReportManager] Element Action [GetSelectedText] successfully performed. With the following test data [Third Value]. @01-11-2021 09:33:33.0081 AM
[ReportManager] Third Value @01-11-2021 09:33:33.0081 AM
[ReportManager] Element Action [GetSelectedText] successfully performed. With the following test data [Third Value]. @01-11-2021 09:33:33.0202 AM
[ReportManager] Loaded Shared OpenCV @01-11-2021 09:33:33.0452 AM
[ReportManager] Assertion [ValidateElementAttribute] PASSED. Expected [Value Should be 'Third Value' for the 'selectedText' attribute, element locator 'By.tagName: select'] and Actual [Third Value]. Comparison Type [EQUALS]. Validation Type [POSITIVE]. @01-11-2021 09:33:33.0647 AM
[ReportManager] Successfully created attachment [Screenshot - 1635759213452_simpleSelect_ValidateElementAttribute_passed] @01-11-2021 09:33:33.0648 AM
[ReportManager] Browser Action [CloseCurrentWindow] successfully performed. @01-11-2021 09:33:33.0747 AM
[ReportManager] Successfully created attachment [Browser Action Test Data - CloseCurrentWindow - Actual Value] @01-11-2021 09:33:33.0747 A

################################################################################################################################################
Starting Execution:	[140 out of 143] test cases in the current suite
Test Method:		[testPackage01.Test_JSONFileManager.readStringFromJson]
################################################################################################################################################
[ReportManager] Successfully loaded the following test data file [src/test/resources/TestDataFiles/simpleJSON.json]. @01-11-2021 09:33:33.0752 AM
[ReportManager] Successfully created attachment [Test Data - JSON] @01-11-2021 09:33:33.0752 AM
[ReportManager] Assertion [ValidateEquals] PASSED. Expected [Mohab Mohie] and Actual [Mohab Mohie]. Comparison Type [EQUALS]. Validation Type [POSITIVE]. @01-11-2021 09:33:33.0766 A
[ReportManager] Successfully loaded the following test data file [src/test/resources/TestDataFiles/testSuite01/TestData.xlsx]. @01-11-2021 09:33:33.0822 AM
[ReportManager] Successfully created attachment [Test Data - Excel] @01-11-2021 09:33:33.0822 AM
[ReportManager] Attempting to run using Playwright locally on: [Linux-64], [GoogleChrome], Headless Execution. @01-11-2021 09:33:48.0628 AM
[ReportManager] File Action [GetAbsolutePath] successfully performed. With the following test data [Relative Folder Path: "target/downloadedFiles/"]. @01-11-2021 09:33:48.0629 AM
[ReportManager] Initial window size: (1280, 720) @01-11-2021 09:33:49.0082 AM
[ReportManager] Window size after Toolkit: com.microsoft.playwright.options.ViewportSize@114536bb @01-11-2021 09:33:49.0095 AM
[ReportManager] Browser Action [MaximizeWindow] successfully performed. With the following test data [New screen size is now: (1920, 1080)]. @01-11-2021 09:33:49.0096 A

################################################################################################################################################
Starting Execution:	[141 out of 143] test cases in the current suite
Test Method:		[testPackage01.Test_google_playwright.navigateToURLandVerifyGoogleLogoIsDisplayed]
Test Description:	[TC001 - Navigate to URL and Verify Google Logo is Displayed]
################################################################################################################################################
[ReportManager] Target URL: [https://www.google.com/ncr], and after redirection: [https://www.google.com] @01-11-2021 09:33:49.0113 AM
[ReportManager] Initial URL: [about:blank] @01-11-2021 09:33:49.0566 AM
[ReportManager] Browser Action [NavigateToURL] successfully performed. With the following test data [https://www.google.com/ncr]. @01-11-2021 09:33:52.0018 AM
[ReportManager] Loaded Shared OpenCV @01-11-2021 09:33:52.0366 AM
[ReportManager] Assertion [ValidateElementExists] PASSED. Expected [Element Should Exist, locator 'xpath=//*[@id='hplogo' or @alt='Google']'] and Actual [Element Exists]. Comparison Type [EQUALS]. Validation Type [POSITIVE]. @01-11-2021 09:33:52.0604 AM
[ReportManager] Successfully created attachment [Screenshot - 1635759232361_navigateToURLandVerifyGoogleLogoIsDisplayed_ValidateElementExists_passed] @01-11-2021 09:33:52.0606 A

################################################################################################################################################
Starting Execution:	[142 out of 143] test cases in the current suite
Test Method:		[testPackage01.Test_google_playwright.searchForQueryandAssertResultsNumDisplayed]
Test Description:	[TC002 - Search for Query and Assert that the number of results is displayed]
################################################################################################################################################
[ReportManager] Element Action [Type] successfully performed. With the following test data [SHAFT_Engine]. @01-11-2021 09:33:53.0100 AM
[ReportManager] Element Action [KeyPress] successfully performed. With the following test data [Enter]. @01-11-2021 09:33:53.0141 AM
[ReportManager] Element Action [GetText] successfully performed. With the following test data [About 1,020,000 results (0.61 seconds)]. @01-11-2021 09:33:54.0120 AM
[ReportManager] Loaded Shared OpenCV @01-11-2021 09:33:56.0155 AM
[ReportManager] Assertion [ValidateElementAttribute] PASSED. Expected [Value Should not be '' for the 'text' attribute, element locator 'xpath=//div[@id='appbar']'] and Actual [About 1,020,000 results (0.61 seconds)]. Comparison Type [EQUALS]. Validation Type [NEGATIVE]. @01-11-2021 09:33:56.0396 AM
[ReportManager] Successfully created attachment [Screenshot - 1635759236153_searchForQueryandAssertResultsNumDisplayed_ValidateElementAttribute_passed] @01-11-2021 09:33:56.0398 A

################################################################################################################################################
Starting Execution:	[143 out of 143] test cases in the current suite
Test Method:		[testPackage01.Test_google_playwright.clickNextThrice]
Test Description:	[TC003 - Clicks the next button to make sure that the framework can scroll element into view before clicking it]
################################################################################################################################################
[ReportManager] Element Action [Click] successfully performed. With the following test data [Next]. @01-11-2021 09:33:56.0664 A
[ReportManager] Failed to find video recording. @01-11-2021 09:33:56.0666 AM
[ReportManager] Successfully Closed PlayWright Driver. @01-11-2021 09:33:56.0715 A

################################################################################################################################################
Test Closure Activities
################################################################################################################################################
[ReportManager] Successfully created attachment [SHAFT Engine Logs - Execution log] @01-11-2021 09:33:56.0744 AM

################################################################################################################################################
This test run was powered by SHAFT Engine Version: [SHAFT Engine v5.4.20211030-BETA]
SHAFT Engine is licensed under the MIT License: [https://github.com/MohabMohie/SHAFT_ENGINE/blob/master/LICENSE].
################################################################################################################################################