################################################################################################################################################
Detected SHAFT Engine Version: [SHAFT Engine v5.4.20211202-BETA]
################################################################################################################################################
[ReportManager] File Action [GetAbsolutePath] successfully performed. With the following test data [Relative Folder Path: "target/downloadedFiles/"]. @20-12-2021 01:58:56.0726 AM
[ReportManager] Attempting to run locally on: [Mac-64], [Safari], Headless Execution. @20-12-2021 01:58:56.0742 AM
[ReportManager] Successfully Opened Safari. @20-12-2021 01:59:03.0939 AM
[ReportManager] Initial window size: (800, 600) @20-12-2021 01:59:03.0966 AM
[ReportManager] Window size after SWD Maximize: (1176, 802) @20-12-2021 01:59:04.0031 AM
[ReportManager] Browser Action [MaximizeWindow] successfully performed. With the following test data [New screen size is now: (1176, 802)]. @20-12-2021 01:59:04.0052 A

################################################################################################################################################
Starting Execution:	[1 out of 146] test cases in the current suite
Test Method:		[unitTests.tests_element_elementActions.waitForElementToBePresent_false_expectedToFail]
################################################################################################################################################
[ReportManager] Target URL: [https://www.google.com/ncr], and after redirection: [www.google.com] @20-12-2021 01:59:04.0228 AM
[ReportManager] Initial URL: [] @20-12-2021 01:59:04.0296 AM
[ReportManager] Browser Action [NavigateToURL] successfully performed. With the following test data [https://www.google.com/ncr]. @20-12-2021 01:59:06.0589 AM
[ReportManager] Waiting for element to be present; elementLocator [By.xpath: //*[@id='hplogo' or @alt='Google']], numberOfTries[1], stateOfPresence[false]... @20-12-2021 01:59:06.0604 AM
[ReportManager] Element Action [WaitForElementToBePresent] failed. With the following test data [waited for the element's state of presence to be (false). Element locator (By.xpath: //*[@id='hplogo' or @alt='Google'])]. @20-12-2021 01:59:10.0353 AM
[ReportManager] Successfully created attachment [Screenshot - 1639965546927_waitForElementToBePresent_false_expectedToFail_WaitForElementToBePresent_failed] @20-12-2021 01:59:10.0396 A
[ReportManager] Browser Action [CloseCurrentWindow] successfully performed. @20-12-2021 01:59:10.0569 AM
[ReportManager] Successfully created attachment [Browser Action Test Data - CloseCurrentWindow - Actual Value] @20-12-2021 01:59:10.0571 A
[ReportManager] File Action [GetAbsolutePath] successfully performed. With the following test data [Relative Folder Path: "target/downloadedFiles/"]. @20-12-2021 01:59:10.0622 AM
[ReportManager] Attempting to run locally on: [Mac-64], [Safari], Headless Execution. @20-12-2021 01:59:10.0623 AM
[ReportManager] Successfully Opened Safari. @20-12-2021 01:59:11.0726 AM
[ReportManager] Initial window size: (800, 600) @20-12-2021 01:59:11.0740 AM
[ReportManager] Window size after SWD Maximize: (1176, 803) @20-12-2021 01:59:11.0807 AM
[ReportManager] Browser Action [MaximizeWindow] successfully performed. With the following test data [New screen size is now: (1176, 803)]. @20-12-2021 01:59:11.0807 A

################################################################################################################################################
Starting Execution:	[2 out of 146] test cases in the current suite
Test Method:		[unitTests.tests_element_elementActions.waitForElementToBePresent_false_expectedToPass]
################################################################################################################################################
[ReportManager] Target URL: [https://www.google.com/ncr], and after redirection: [www.google.com] @20-12-2021 01:59:11.0813 AM
[ReportManager] Initial URL: [] @20-12-2021 01:59:11.0885 AM
[ReportManager] Browser Action [NavigateToURL] successfully performed. With the following test data [https://www.google.com/ncr]. @20-12-2021 01:59:13.0709 AM
[ReportManager] Waiting for element to be present; elementLocator [By.id: bla], numberOfTries[1], stateOfPresence[false]... @20-12-2021 01:59:13.0710 AM
[ReportManager] org.openqa.selenium.TimeoutException:
Expected condition failed: waiting for com.shaft.gui.element.ElementActionsHelper$$Lambda$623/0x000000080113ece8@55465bfc (tried for 5 second(s) with 1000 milliseconds interval)
org.openqa.selenium.support.ui.FluentWait.timeoutException(FluentWait.java:263)
org.openqa.selenium.support.ui.FluentWait.until(FluentWait.java:231)
com.shaft.gui.element.ElementActionsHelper.waitForElementPresence(ElementActionsHelper.java:63)
com.shaft.gui.element.ElementActionsHelper.waitForElementPresence(ElementActionsHelper.java:37)
com.shaft.gui.element.WebDriverElementActions.getMatchingElementsCount(WebDriverElementActions.java:1468)
com.shaft.gui.element.WebDriverElementActions.waitForElementToBePresent(WebDriverElementActions.java:1293)
com.shaft.gui.element.ElementActions.waitForElementToBePresent(ElementActions.java:622)
unitTests.tests_element_elementActions.waitForElementToBePresent_false_expectedToPass(tests_element_elementActions.java:48)
java.base/jdk.internal.reflect.NativeMethodAccessorImpl.invoke0(Native Method)
java.base/jdk.internal.reflect.NativeMethodAccessorImpl.invoke(NativeMethodAccessorImpl.java:77)
java.base/jdk.internal.reflect.DelegatingMethodAccessorImpl.invoke(DelegatingMethodAccessorImpl.java:43)
java.base/java.lang.reflect.Method.invoke(Method.java:568)
org.testng.internal.MethodInvocationHelper.invokeMethod(MethodInvocationHelper.java:133)
org.testng.internal.TestInvoker.invokeMethod(TestInvoker.java:598)
org.testng.internal.TestInvoker.invokeTestMethod(TestInvoker.java:173)
org.testng.internal.MethodRunner.runInSequence(MethodRunner.java:46)
org.testng.internal.TestInvoker$MethodInvocationAgent.invoke(TestInvoker.java:824)
org.testng.internal.TestInvoker.invokeTestMethods(TestInvoker.java:146)
org.testng.internal.TestMethodWorker.invokeTestMethods(TestMethodWorker.java:146)
org.testng.internal.TestMethodWorker.run(TestMethodWorker.java:128)
java.base/java.util.ArrayList.forEach(ArrayList.java:1511)
org.testng.TestRunner.privateRun(TestRunner.java:794)
org.testng.TestRunner.run(TestRunner.java:596)
org.testng.SuiteRunner.runTest(SuiteRunner.java:377)
org.testng.SuiteRunner.runSequentially(SuiteRunner.java:371)
org.testng.SuiteRunner.privateRun(SuiteRunner.java:332)
org.testng.SuiteRunner.run(SuiteRunner.java:276)
org.testng.SuiteRunnerWorker.runSuite(SuiteRunnerWorker.java:53)
org.testng.SuiteRunnerWorker.run(SuiteRunnerWorker.java:96)
org.testng.TestNG.runSuitesSequentially(TestNG.java:1212)
org.testng.TestNG.runSuitesLocally(TestNG.java:1134)
org.testng.TestNG.runSuites(TestNG.java:1063)
org.testng.TestNG.run(TestNG.java:1031)
org.apache.maven.surefire.testng.TestNGExecutor.run(TestNGExecutor.java:136)
org.apache.maven.surefire.testng.TestNGDirectoryTestSuite.executeMulti(TestNGDirectoryTestSuite.java:193)
org.apache.maven.surefire.testng.TestNGDirectoryTestSuite.execute(TestNGDirectoryTestSuite.java:94)
org.apache.maven.surefire.testng.TestNGProvider.invoke(TestNGProvider.java:145)
org.apache.maven.surefire.booter.ForkedBooter.runSuitesInProcess(ForkedBooter.java:428)
org.apache.maven.surefire.booter.ForkedBooter.execute(ForkedBooter.java:162)
org.apache.maven.surefire.booter.ForkedBooter.run(ForkedBooter.java:562)
org.apache.maven.surefire.booter.ForkedBooter.main(ForkedBooter.java:548)

Caused by: org.openqa.selenium.NoSuchElementException:
For documentation on this error, please visit: https://selenium.dev/exceptions/#no_such_element
Build info: version: '4.1.0', revision: '87802e897b'
System info: host: 'Mac-1639965036347.local', ip: '10.212.11.74', os.name: 'Mac OS X', os.arch: 'x86_64', os.version: '11.5', java.version: '17.0.1'
Driver info: org.openqa.selenium.safari.SafariDriver
Command: [BAC8DB85-DCE2-4B79-B81D-B8A68735AB88, findElement {using=id, value=bla}]
Capabilities {acceptInsecureCerts: false, browserName: Safari, browserVersion: 15.1, goog:loggingPrefs: {browser: ALL, client: ALL, driver: ALL, performance: ALL, profiler: ALL, server: ALL}, javascriptEnabled: true, pageLoadStrategy: normal, platform: MAC, platformName: MAC, safari:automaticInspection: false, safari:automaticProfiling: false, safari:diagnose: false, safari:platformBuildVersion: 20G224, safari:platformVersion: 11.6.1, safari:useSimulator: false, setWindowRect: true, strictFileInteractability: false, timeouts: {pageLoad: 30000, script: 30000}, webkit:WebRTC: {DisableICECandidateFiltering: false, DisableInsecureMediaCapture: false}}
Session ID: BAC8DB85-DCE2-4B79-B81D-B8A68735AB88
java.base/jdk.internal.reflect.NativeConstructorAccessorImpl.newInstance0(Native Method)
java.base/jdk.internal.reflect.NativeConstructorAccessorImpl.newInstance(NativeConstructorAccessorImpl.java:77)
java.base/jdk.internal.reflect.DelegatingConstructorAccessorImpl.newInstance(DelegatingConstructorAccessorImpl.java:45)
java.base/java.lang.reflect.Constructor.newInstanceWithCaller(Constructor.java:499)
java.base/java.lang.reflect.Constructor.newInstance(Constructor.java:480)
org.openqa.selenium.remote.codec.w3c.W3CHttpResponseCodec.createException(W3CHttpResponseCodec.java:200)
org.openqa.selenium.remote.codec.w3c.W3CHttpResponseCodec.decode(W3CHttpResponseCodec.java:133)
org.openqa.selenium.remote.codec.w3c.W3CHttpResponseCodec.decode(W3CHttpResponseCodec.java:53)
org.openqa.selenium.remote.HttpCommandExecutor.execute(HttpCommandExecutor.java:184)
org.openqa.selenium.remote.service.DriverCommandExecutor.invokeExecute(DriverCommandExecutor.java:164)
org.openqa.selenium.remote.service.DriverCommandExecutor.execute(DriverCommandExecutor.java:139)
org.openqa.selenium.remote.RemoteWebDriver.execute(RemoteWebDriver.java:559)
org.openqa.selenium.remote.ElementLocation$ElementFinder$2.findElement(ElementLocation.java:162)
org.openqa.selenium.remote.ElementLocation.findElement(ElementLocation.java:60)
org.openqa.selenium.remote.RemoteWebDriver.findElement(RemoteWebDriver.java:383)
org.openqa.selenium.remote.RemoteWebDriver.findElement(RemoteWebDriver.java:375)
com.shaft.gui.element.ElementActionsHelper.lambda$waitForElementPresence$0(ElementActionsHelper.java:66)
org.openqa.selenium.support.ui.FluentWait.until(FluentWait.java:208)
com.shaft.gui.element.ElementActionsHelper.waitForElementPresence(ElementActionsHelper.java:63)
com.shaft.gui.element.ElementActionsHelper.waitForElementPresence(ElementActionsHelper.java:37)
com.shaft.gui.element.WebDriverElementActions.getMatchingElementsCount(WebDriverElementActions.java:1468)
com.shaft.gui.element.WebDriverElementActions.waitForElementToBePresent(WebDriverElementActions.java:1293)
com.shaft.gui.element.ElementActions.waitForElementToBePresent(ElementActions.java:622)
unitTests.tests_element_elementActions.waitForElementToBePresent_false_expectedToPass(tests_element_elementActions.java:48)
java.base/jdk.internal.reflect.NativeMethodAccessorImpl.invoke0(Native Method)
java.base/jdk.internal.reflect.NativeMethodAccessorImpl.invoke(NativeMethodAccessorImpl.java:77)
java.base/jdk.internal.reflect.DelegatingMethodAccessorImpl.invoke(DelegatingMethodAccessorImpl.java:43)
java.base/java.lang.reflect.Method.invoke(Method.java:568)
org.testng.internal.MethodInvocationHelper.invokeMethod(MethodInvocationHelper.java:133)
org.testng.internal.TestInvoker.invokeMethod(TestInvoker.java:598)
org.testng.internal.TestInvoker.invokeTestMethod(TestInvoker.java:173)
org.testng.internal.MethodRunner.runInSequence(MethodRunner.java:46)
org.testng.internal.TestInvoker$MethodInvocationAgent.invoke(TestInvoker.java:824)
org.testng.internal.TestInvoker.invokeTestMethods(TestInvoker.java:146)
org.testng.internal.TestMethodWorker.invokeTestMethods(TestMethodWorker.java:146)
org.testng.internal.TestMethodWorker.run(TestMethodWorker.java:128)
java.base/java.util.ArrayList.forEach(ArrayList.java:1511)
org.testng.TestRunner.privateRun(TestRunner.java:794)
org.testng.TestRunner.run(TestRunner.java:596)
org.testng.SuiteRunner.runTest(SuiteRunner.java:377)
org.testng.SuiteRunner.runSequentially(SuiteRunner.java:371)
org.testng.SuiteRunner.privateRun(SuiteRunner.java:332)
org.testng.SuiteRunner.run(SuiteRunner.java:276)
org.testng.SuiteRunnerWorker.runSuite(SuiteRunnerWorker.java:53)
org.testng.SuiteRunnerWorker.run(SuiteRunnerWorker.java:96)
org.testng.TestNG.runSuitesSequentially(TestNG.java:1212)
org.testng.TestNG.runSuitesLocally(TestNG.java:1134)
org.testng.TestNG.runSuites(TestNG.java:1063)
org.testng.TestNG.run(TestNG.java:1031)
org.apache.maven.surefire.testng.TestNGExecutor.run(TestNGExecutor.java:136)
org.apache.maven.surefire.testng.TestNGDirectoryTestSuite.executeMulti(TestNGDirectoryTestSuite.java:193)
org.apache.maven.surefire.testng.TestNGDirectoryTestSuite.execute(TestNGDirectoryTestSuite.java:94)
org.apache.maven.surefire.testng.TestNGProvider.invoke(TestNGProvider.java:145)
org.apache.maven.surefire.booter.ForkedBooter.runSuitesInProcess(ForkedBooter.java:428)
org.apache.maven.surefire.booter.ForkedBooter.execute(ForkedBooter.java:162)
org.apache.maven.surefire.booter.ForkedBooter.run(ForkedBooter.java:562)
org.apache.maven.surefire.booter.ForkedBooter.main(ForkedBooter.java:548) @20-12-2021 01:59:19.0299 AM
[ReportManager] Element Action [WaitForElementToBePresent] successfully performed. With the following test data [waited for the element's state of presence to be (false). Element locator (By.id: bla)]. @20-12-2021 01:59:19.0300 A
[ReportManager] Browser Action [CloseCurrentWindow] successfully performed. @20-12-2021 01:59:19.0430 AM
[ReportManager] Successfully created attachment [Browser Action Test Data - CloseCurrentWindow - Actual Value] @20-12-2021 01:59:19.0431 A
[ReportManager] File Action [GetAbsolutePath] successfully performed. With the following test data [Relative Folder Path: "target/downloadedFiles/"]. @20-12-2021 01:59:19.0437 AM
[ReportManager] Attempting to run locally on: [Mac-64], [Safari], Headless Execution. @20-12-2021 01:59:19.0438 AM
[ReportManager] Successfully Opened Safari. @20-12-2021 01:59:20.0311 AM
[ReportManager] Initial window size: (800, 600) @20-12-2021 01:59:20.0343 AM
[ReportManager] Window size after SWD Maximize: (1176, 803) @20-12-2021 01:59:20.0374 AM
[ReportManager] Browser Action [MaximizeWindow] successfully performed. With the following test data [New screen size is now: (1176, 803)]. @20-12-2021 01:59:20.0375 A

################################################################################################################################################
Starting Execution:	[3 out of 146] test cases in the current suite
Test Method:		[unitTests.tests_element_elementActions.waitForElementToBePresent_moreThanOneElement_expectedToFail]
################################################################################################################################################
[ReportManager] Target URL: [https://www.google.com/ncr], and after redirection: [www.google.com] @20-12-2021 01:59:20.0391 AM
[ReportManager] Initial URL: [] @20-12-2021 01:59:20.0478 AM
[ReportManager] Browser Action [NavigateToURL] successfully performed. With the following test data [https://www.google.com/ncr]. @20-12-2021 01:59:22.0358 AM
[ReportManager] Waiting for element to be present; elementLocator [By.xpath: //*], numberOfTries[1], stateOfPresence[false]... @20-12-2021 01:59:22.0358 AM
[ReportManager] Element Action [WaitForElementToBePresent] failed. With the following test data [waited for the element's state of presence to be (false). Element locator (By.xpath: //*)]. @20-12-2021 01:59:22.0571 AM
[ReportManager] Successfully created attachment [Screenshot - 1639965562442_waitForElementToBePresent_moreThanOneElement_expectedToFail_WaitForElementToBePresent_failed] @20-12-2021 01:59:22.0576 A
[ReportManager] Browser Action [CloseCurrentWindow] successfully performed. @20-12-2021 01:59:22.0717 AM
[ReportManager] Successfully created attachment [Browser Action Test Data - CloseCurrentWindow - Actual Value] @20-12-2021 01:59:22.0719 A
[ReportManager] File Action [GetAbsolutePath] successfully performed. With the following test data [Relative Folder Path: "target/downloadedFiles/"]. @20-12-2021 01:59:22.0729 AM
[ReportManager] Attempting to run locally on: [Mac-64], [Safari], Headless Execution. @20-12-2021 01:59:22.0729 AM
[ReportManager] Successfully Opened Safari. @20-12-2021 01:59:23.0780 AM
[ReportManager] Initial window size: (800, 600) @20-12-2021 01:59:23.0809 AM
[ReportManager] Window size after SWD Maximize: (1176, 803) @20-12-2021 01:59:23.0861 AM
[ReportManager] Browser Action [MaximizeWindow] successfully performed. With the following test data [New screen size is now: (1176, 803)]. @20-12-2021 01:59:23.0861 A

################################################################################################################################################
Starting Execution:	[4 out of 146] test cases in the current suite
Test Method:		[unitTests.tests_element_elementActions.waitForElementToBePresent_true_expectedToFail]
################################################################################################################################################
[ReportManager] Target URL: [https://www.google.com/ncr], and after redirection: [www.google.com] @20-12-2021 01:59:23.0864 AM
[ReportManager] Initial URL: [] @20-12-2021 01:59:23.0978 AM
[ReportManager] Browser Action [NavigateToURL] successfully performed. With the following test data [https://www.google.com/ncr]. @20-12-2021 01:59:25.0840 AM
[ReportManager] Waiting for element to be present; elementLocator [By.id: bla], numberOfTries[1], stateOfPresence[true]... @20-12-2021 01:59:25.0841 AM
[ReportManager] org.openqa.selenium.TimeoutException:
Expected condition failed: waiting for com.shaft.gui.element.ElementActionsHelper$$Lambda$623/0x000000080113ece8@195d4780 (tried for 5 second(s) with 1000 milliseconds interval)
org.openqa.selenium.support.ui.FluentWait.timeoutException(FluentWait.java:263)
org.openqa.selenium.support.ui.FluentWait.until(FluentWait.java:231)
com.shaft.gui.element.ElementActionsHelper.waitForElementPresence(ElementActionsHelper.java:63)
com.shaft.gui.element.ElementActionsHelper.waitForElementPresence(ElementActionsHelper.java:37)
com.shaft.gui.element.WebDriverElementActions.getMatchingElementsCount(WebDriverElementActions.java:1468)
com.shaft.gui.element.WebDriverElementActions.waitForElementToBePresent(WebDriverElementActions.java:1293)
com.shaft.gui.element.ElementActions.waitForElementToBePresent(ElementActions.java:622)
unitTests.tests_element_elementActions.waitForElementToBePresent_true_expectedToFail(tests_element_elementActions.java:39)
java.base/jdk.internal.reflect.NativeMethodAccessorImpl.invoke0(Native Method)
java.base/jdk.internal.reflect.NativeMethodAccessorImpl.invoke(NativeMethodAccessorImpl.java:77)
java.base/jdk.internal.reflect.DelegatingMethodAccessorImpl.invoke(DelegatingMethodAccessorImpl.java:43)
java.base/java.lang.reflect.Method.invoke(Method.java:568)
org.testng.internal.MethodInvocationHelper.invokeMethod(MethodInvocationHelper.java:133)
org.testng.internal.TestInvoker.invokeMethod(TestInvoker.java:598)
org.testng.internal.TestInvoker.invokeTestMethod(TestInvoker.java:173)
org.testng.internal.MethodRunner.runInSequence(MethodRunner.java:46)
org.testng.internal.TestInvoker$MethodInvocationAgent.invoke(TestInvoker.java:824)
org.testng.internal.TestInvoker.invokeTestMethods(TestInvoker.java:146)
org.testng.internal.TestMethodWorker.invokeTestMethods(TestMethodWorker.java:146)
org.testng.internal.TestMethodWorker.run(TestMethodWorker.java:128)
java.base/java.util.ArrayList.forEach(ArrayList.java:1511)
org.testng.TestRunner.privateRun(TestRunner.java:794)
org.testng.TestRunner.run(TestRunner.java:596)
org.testng.SuiteRunner.runTest(SuiteRunner.java:377)
org.testng.SuiteRunner.runSequentially(SuiteRunner.java:371)
org.testng.SuiteRunner.privateRun(SuiteRunner.java:332)
org.testng.SuiteRunner.run(SuiteRunner.java:276)
org.testng.SuiteRunnerWorker.runSuite(SuiteRunnerWorker.java:53)
org.testng.SuiteRunnerWorker.run(SuiteRunnerWorker.java:96)
org.testng.TestNG.runSuitesSequentially(TestNG.java:1212)
org.testng.TestNG.runSuitesLocally(TestNG.java:1134)
org.testng.TestNG.runSuites(TestNG.java:1063)
org.testng.TestNG.run(TestNG.java:1031)
org.apache.maven.surefire.testng.TestNGExecutor.run(TestNGExecutor.java:136)
org.apache.maven.surefire.testng.TestNGDirectoryTestSuite.executeMulti(TestNGDirectoryTestSuite.java:193)
org.apache.maven.surefire.testng.TestNGDirectoryTestSuite.execute(TestNGDirectoryTestSuite.java:94)
org.apache.maven.surefire.testng.TestNGProvider.invoke(TestNGProvider.java:145)
org.apache.maven.surefire.booter.ForkedBooter.runSuitesInProcess(ForkedBooter.java:428)
org.apache.maven.surefire.booter.ForkedBooter.execute(ForkedBooter.java:162)
org.apache.maven.surefire.booter.ForkedBooter.run(ForkedBooter.java:562)
org.apache.maven.surefire.booter.ForkedBooter.main(ForkedBooter.java:548)

Caused by: org.openqa.selenium.NoSuchElementException:
For documentation on this error, please visit: https://selenium.dev/exceptions/#no_such_element
Build info: version: '4.1.0', revision: '87802e897b'
System info: host: 'Mac-1639965036347.local', ip: '10.212.11.74', os.name: 'Mac OS X', os.arch: 'x86_64', os.version: '11.5', java.version: '17.0.1'
Driver info: org.openqa.selenium.safari.SafariDriver
Command: [96370BA8-AF98-4CA6-A64F-7E654DDD14AB, findElement {using=id, value=bla}]
Capabilities {acceptInsecureCerts: false, browserName: Safari, browserVersion: 15.1, goog:loggingPrefs: {browser: ALL, client: ALL, driver: ALL, performance: ALL, profiler: ALL, server: ALL}, javascriptEnabled: true, pageLoadStrategy: normal, platform: MAC, platformName: MAC, safari:automaticInspection: false, safari:automaticProfiling: false, safari:diagnose: false, safari:platformBuildVersion: 20G224, safari:platformVersion: 11.6.1, safari:useSimulator: false, setWindowRect: true, strictFileInteractability: false, timeouts: {pageLoad: 30000, script: 30000}, webkit:WebRTC: {DisableICECandidateFiltering: false, DisableInsecureMediaCapture: false}}
Session ID: 96370BA8-AF98-4CA6-A64F-7E654DDD14AB
java.base/jdk.internal.reflect.NativeConstructorAccessorImpl.newInstance0(Native Method)
java.base/jdk.internal.reflect.NativeConstructorAccessorImpl.newInstance(NativeConstructorAccessorImpl.java:77)
java.base/jdk.internal.reflect.DelegatingConstructorAccessorImpl.newInstance(DelegatingConstructorAccessorImpl.java:45)
java.base/java.lang.reflect.Constructor.newInstanceWithCaller(Constructor.java:499)
java.base/java.lang.reflect.Constructor.newInstance(Constructor.java:480)
org.openqa.selenium.remote.codec.w3c.W3CHttpResponseCodec.createException(W3CHttpResponseCodec.java:200)
org.openqa.selenium.remote.codec.w3c.W3CHttpResponseCodec.decode(W3CHttpResponseCodec.java:133)
org.openqa.selenium.remote.codec.w3c.W3CHttpResponseCodec.decode(W3CHttpResponseCodec.java:53)
org.openqa.selenium.remote.HttpCommandExecutor.execute(HttpCommandExecutor.java:184)
org.openqa.selenium.remote.service.DriverCommandExecutor.invokeExecute(DriverCommandExecutor.java:164)
org.openqa.selenium.remote.service.DriverCommandExecutor.execute(DriverCommandExecutor.java:139)
org.openqa.selenium.remote.RemoteWebDriver.execute(RemoteWebDriver.java:559)
org.openqa.selenium.remote.ElementLocation$ElementFinder$2.findElement(ElementLocation.java:162)
org.openqa.selenium.remote.ElementLocation.findElement(ElementLocation.java:60)
org.openqa.selenium.remote.RemoteWebDriver.findElement(RemoteWebDriver.java:383)
org.openqa.selenium.remote.RemoteWebDriver.findElement(RemoteWebDriver.java:375)
com.shaft.gui.element.ElementActionsHelper.lambda$waitForElementPresence$0(ElementActionsHelper.java:66)
org.openqa.selenium.support.ui.FluentWait.until(FluentWait.java:208)
com.shaft.gui.element.ElementActionsHelper.waitForElementPresence(ElementActionsHelper.java:63)
com.shaft.gui.element.ElementActionsHelper.waitForElementPresence(ElementActionsHelper.java:37)
com.shaft.gui.element.WebDriverElementActions.getMatchingElementsCount(WebDriverElementActions.java:1468)
com.shaft.gui.element.WebDriverElementActions.waitForElementToBePresent(WebDriverElementActions.java:1293)
com.shaft.gui.element.ElementActions.waitForElementToBePresent(ElementActions.java:622)
unitTests.tests_element_elementActions.waitForElementToBePresent_true_expectedToFail(tests_element_elementActions.java:39)
java.base/jdk.internal.reflect.NativeMethodAccessorImpl.invoke0(Native Method)
java.base/jdk.internal.reflect.NativeMethodAccessorImpl.invoke(NativeMethodAccessorImpl.java:77)
java.base/jdk.internal.reflect.DelegatingMethodAccessorImpl.invoke(DelegatingMethodAccessorImpl.java:43)
java.base/java.lang.reflect.Method.invoke(Method.java:568)
org.testng.internal.MethodInvocationHelper.invokeMethod(MethodInvocationHelper.java:133)
org.testng.internal.TestInvoker.invokeMethod(TestInvoker.java:598)
org.testng.internal.TestInvoker.invokeTestMethod(TestInvoker.java:173)
org.testng.internal.MethodRunner.runInSequence(MethodRunner.java:46)
org.testng.internal.TestInvoker$MethodInvocationAgent.invoke(TestInvoker.java:824)
org.testng.internal.TestInvoker.invokeTestMethods(TestInvoker.java:146)
org.testng.internal.TestMethodWorker.invokeTestMethods(TestMethodWorker.java:146)
org.testng.internal.TestMethodWorker.run(TestMethodWorker.java:128)
java.base/java.util.ArrayList.forEach(ArrayList.java:1511)
org.testng.TestRunner.privateRun(TestRunner.java:794)
org.testng.TestRunner.run(TestRunner.java:596)
org.testng.SuiteRunner.runTest(SuiteRunner.java:377)
org.testng.SuiteRunner.runSequentially(SuiteRunner.java:371)
org.testng.SuiteRunner.privateRun(SuiteRunner.java:332)
org.testng.SuiteRunner.run(SuiteRunner.java:276)
org.testng.SuiteRunnerWorker.runSuite(SuiteRunnerWorker.java:53)
org.testng.SuiteRunnerWorker.run(SuiteRunnerWorker.java:96)
org.testng.TestNG.runSuitesSequentially(TestNG.java:1212)
org.testng.TestNG.runSuitesLocally(TestNG.java:1134)
org.testng.TestNG.runSuites(TestNG.java:1063)
org.testng.TestNG.run(TestNG.java:1031)
org.apache.maven.surefire.testng.TestNGExecutor.run(TestNGExecutor.java:136)
org.apache.maven.surefire.testng.TestNGDirectoryTestSuite.executeMulti(TestNGDirectoryTestSuite.java:193)
org.apache.maven.surefire.testng.TestNGDirectoryTestSuite.execute(TestNGDirectoryTestSuite.java:94)
org.apache.maven.surefire.testng.TestNGProvider.invoke(TestNGProvider.java:145)
org.apache.maven.surefire.booter.ForkedBooter.runSuitesInProcess(ForkedBooter.java:428)
org.apache.maven.surefire.booter.ForkedBooter.execute(ForkedBooter.java:162)
org.apache.maven.surefire.booter.ForkedBooter.run(ForkedBooter.java:562)
org.apache.maven.surefire.booter.ForkedBooter.main(ForkedBooter.java:548) @20-12-2021 01:59:31.0398 AM
[ReportManager] Element Action [WaitForElementToBePresent] failed. With the following test data [waited for the element's state of presence to be (true). Element locator (By.id: bla)]. @20-12-2021 01:59:31.0539 AM
[ReportManager] Successfully created attachment [Screenshot - 1639965571430_waitForElementToBePresent_true_expectedToFail_WaitForElementToBePresent_failed] @20-12-2021 01:59:31.0543 A
[ReportManager] Browser Action [CloseCurrentWindow] successfully performed. @20-12-2021 01:59:31.0659 AM
[ReportManager] Successfully created attachment [Browser Action Test Data - CloseCurrentWindow - Actual Value] @20-12-2021 01:59:31.0661 A
[ReportManager] File Action [GetAbsolutePath] successfully performed. With the following test data [Relative Folder Path: "target/downloadedFiles/"]. @20-12-2021 01:59:31.0666 AM
[ReportManager] Attempting to run locally on: [Mac-64], [Safari], Headless Execution. @20-12-2021 01:59:31.0666 AM
[ReportManager] Successfully Opened Safari. @20-12-2021 01:59:32.0598 AM
[ReportManager] Initial window size: (800, 600) @20-12-2021 01:59:32.0630 AM
[ReportManager] Window size after SWD Maximize: (1176, 803) @20-12-2021 01:59:32.0717 AM
[ReportManager] Browser Action [MaximizeWindow] successfully performed. With the following test data [New screen size is now: (1176, 803)]. @20-12-2021 01:59:32.0718 A

################################################################################################################################################
Starting Execution:	[5 out of 146] test cases in the current suite
Test Method:		[unitTests.tests_element_elementActions.waitForElementToBePresent_true_expectedToPass]
################################################################################################################################################
[ReportManager] Target URL: [https://www.google.com/ncr], and after redirection: [www.google.com] @20-12-2021 01:59:32.0729 AM
[ReportManager] Initial URL: [] @20-12-2021 01:59:32.0859 AM
[ReportManager] Browser Action [NavigateToURL] successfully performed. With the following test data [https://www.google.com/ncr]. @20-12-2021 01:59:35.0208 AM
[ReportManager] Waiting for element to be present; elementLocator [By.xpath: //*[@id='hplogo' or @alt='Google']], numberOfTries[1], stateOfPresence[true]... @20-12-2021 01:59:35.0209 AM
[ReportManager] Element Action [WaitForElementToBePresent] successfully performed. With the following test data [waited for the element's state of presence to be (true). Element locator (By.xpath: //*[@id='hplogo' or @alt='Google'])]. @20-12-2021 01:59:35.0289 AM
[ReportManager] File Action [DoesFileExist] successfully performed. With the following test data [File Path: "src/main/resources/dynamicObjectRepository/unitTests_tests_element_elementActions_waitForElementToBePresent_true_expectedToPass_By_xpath_id_hplogo_or_alt_Google.png"]. @20-12-2021 01:59:35.0337 AM
[ReportManager] File Action [DoesFileExist] successfully performed. With the following test data [File Path: "src/main/resources/dynamicObjectRepository/unitTests_tests_element_elementActions_waitForElementToBePresent_true_expectedToPass_By_xpath_id_hplogo_or_alt_Google.png"]. @20-12-2021 01:59:35.0528 AM
[ReportManager] Passing the test and saving a reference image @20-12-2021 01:59:35.0529 AM
[ReportManager] File Action [GetAbsolutePath] successfully performed. With the following test data [Relative File Path: "src/main/resources/dynamicObjectRepository/unitTests_tests_element_elementActions_waitForElementToBePresent_true_expectedToPass_By_xpath_id_hplogo_or_alt_Google.png"]. @20-12-2021 01:59:35.0529 AM
[ReportManager] File Action [WriteToFile] successfully performed. With the following test data [Target File Path: "/Users/runner/work/SHAFT_ENGINE/SHAFT_ENGINE/src/main/resources/dynamicObjectRepository/unitTests_tests_element_elementActions_waitForElementToBePresent_true_expectedToPass_By_xpath_id_hplogo_or_alt_Google.png"]. @20-12-2021 01:59:35.0573 AM
[ReportManager] Assertion Passed: Using Visual AI; OpenCV @20-12-2021 01:59:35.0575 AM
[ReportManager] Successfully created attachment [Validation Test Data - Actual Screenshot] @20-12-2021 01:59:35.0657 AM
[ReportManager] Assertion [ValidateElementMatches] PASSED. Expected [Element should match the reference screenshot] and Actual [TRUE]. Comparison Type [EXACT_OPENCV]. Validation Type [POSITIVE]. @20-12-2021 01:59:35.0657 A
[ReportManager] Browser Action [CloseCurrentWindow] successfully performed. @20-12-2021 01:59:36.0104 AM
[ReportManager] Successfully created attachment [Browser Action Test Data - CloseCurrentWindow - Actual Value] @20-12-2021 01:59:36.0145 A
[ReportManager] File Action [GetAbsolutePath] successfully performed. With the following test data [Relative Folder Path: "target/downloadedFiles/"]. @20-12-2021 01:59:36.0360 AM
[ReportManager] Attempting to run locally on: [Mac-64], [Safari], Headless Execution. @20-12-2021 01:59:36.0361 AM
[ReportManager] Successfully Opened Safari. @20-12-2021 01:59:37.0709 AM
[ReportManager] Initial window size: (800, 600) @20-12-2021 01:59:37.0724 AM
[ReportManager] Window size after SWD Maximize: (1176, 803) @20-12-2021 01:59:37.0760 AM
[ReportManager] Browser Action [MaximizeWindow] successfully performed. With the following test data [New screen size is now: (1176, 803)]. @20-12-2021 01:59:37.0764 AM
[ReportManager] Target URL: [https://duckduckgo.com] @20-12-2021 01:59:37.0766 AM
[ReportManager] Initial URL: [] @20-12-2021 01:59:37.0853 AM
[ReportManager] Browser Action [NavigateToURL] successfully performed. With the following test data [https://duckduckgo.com]. @20-12-2021 01:59:39.0081 A

################################################################################################################################################
Starting Execution:	[6 out of 146] test cases in the current suite
Test Method:		[unitTests.tests_browserActions.fullScreenWindow]
################################################################################################################################################
[ReportManager] Initial Windows Size: 1176x803 @20-12-2021 01:59:41.0102 AM
[ReportManager] Current Windows Size after fullScreen: 1176x885 @20-12-2021 01:59:41.0613 AM
[ReportManager] Browser Action [FullScreenWindow] successfully performed. @20-12-2021 01:59:41.0680 AM
[ReportManager] Successfully created attachment [Browser Action Test Data - FullScreenWindow - Actual Value] @20-12-2021 01:59:41.0702 A
[ReportManager] Target URL: [https://duckduckgo.com] @20-12-2021 01:59:41.0713 AM
[ReportManager] Initial URL: [https://duckduckgo.com] @20-12-2021 01:59:41.0829 AM
[ReportManager] Browser Action [NavigateToURL] successfully performed. With the following test data [https://duckduckgo.com]. @20-12-2021 01:59:42.0721 AM
[ReportManager] Browser Action [CloseCurrentWindow] successfully performed. @20-12-2021 01:59:43.0173 AM
[ReportManager] Successfully created attachment [Browser Action Test Data - CloseCurrentWindow - Actual Value] @20-12-2021 01:59:43.0176 A
[ReportManager] File Action [GetAbsolutePath] successfully performed. With the following test data [Relative Folder Path: "target/downloadedFiles/"]. @20-12-2021 01:59:43.0180 AM
[ReportManager] Attempting to run locally on: [Mac-64], [Safari], Headless Execution. @20-12-2021 01:59:43.0180 AM
[ReportManager] Successfully Opened Safari. @20-12-2021 01:59:44.0236 AM
[ReportManager] Initial window size: (800, 600) @20-12-2021 01:59:44.0254 AM
[ReportManager] Window size after SWD Maximize: (1176, 803) @20-12-2021 01:59:44.0282 AM
[ReportManager] Browser Action [MaximizeWindow] successfully performed. With the following test data [New screen size is now: (1176, 803)]. @20-12-2021 01:59:44.0282 AM
[ReportManager] Target URL: [https://duckduckgo.com] @20-12-2021 01:59:44.0283 AM
[ReportManager] Initial URL: [] @20-12-2021 01:59:44.0389 AM
[ReportManager] Browser Action [NavigateToURL] successfully performed. With the following test data [https://duckduckgo.com]. @20-12-2021 01:59:45.0287 A

################################################################################################################################################
Starting Execution:	[7 out of 146] test cases in the current suite
Test Method:		[unitTests.tests_browserActions.getCurrentURL]
################################################################################################################################################
[ReportManager] Browser Action [GetCurrentURL] successfully performed. With the following test data [https://duckduckgo.com/]. @20-12-2021 01:59:45.0317 A
[ReportManager] Target URL: [https://duckduckgo.com] @20-12-2021 01:59:45.0320 AM
[ReportManager] Initial URL: [https://duckduckgo.com] @20-12-2021 01:59:45.0359 AM
[ReportManager] Browser Action [NavigateToURL] successfully performed. With the following test data [https://duckduckgo.com]. @20-12-2021 01:59:45.0727 AM
[ReportManager] Browser Action [CloseCurrentWindow] successfully performed. @20-12-2021 01:59:46.0173 AM
[ReportManager] Successfully created attachment [Browser Action Test Data - CloseCurrentWindow - Actual Value] @20-12-2021 01:59:46.0174 A
[ReportManager] File Action [GetAbsolutePath] successfully performed. With the following test data [Relative Folder Path: "target/downloadedFiles/"]. @20-12-2021 01:59:46.0178 AM
[ReportManager] Attempting to run locally on: [Mac-64], [Safari], Headless Execution. @20-12-2021 01:59:46.0179 AM
[ReportManager] Successfully Opened Safari. @20-12-2021 01:59:47.0148 AM
[ReportManager] Initial window size: (800, 600) @20-12-2021 01:59:47.0165 AM
[ReportManager] Window size after SWD Maximize: (1176, 803) @20-12-2021 01:59:47.0367 AM
[ReportManager] Browser Action [MaximizeWindow] successfully performed. With the following test data [New screen size is now: (1176, 803)]. @20-12-2021 01:59:47.0368 AM
[ReportManager] Target URL: [https://duckduckgo.com] @20-12-2021 01:59:47.0368 AM
[ReportManager] Initial URL: [] @20-12-2021 01:59:47.0412 AM
[ReportManager] Browser Action [NavigateToURL] successfully performed. With the following test data [https://duckduckgo.com]. @20-12-2021 01:59:48.0262 A

################################################################################################################################################
Starting Execution:	[8 out of 146] test cases in the current suite
Test Method:		[unitTests.tests_browserActions.getCurrentWindowTitle]
################################################################################################################################################
[ReportManager] Browser Action [GetCurrentWindowTitle] successfully performed. With the following test data [DuckDuckGo â€” Privacy, simplified.]. @20-12-2021 01:59:48.0295 A
[ReportManager] Target URL: [https://duckduckgo.com] @20-12-2021 01:59:48.0299 AM
[ReportManager] Initial URL: [https://duckduckgo.com] @20-12-2021 01:59:48.0348 AM
[ReportManager] Browser Action [NavigateToURL] successfully performed. With the following test data [https://duckduckgo.com]. @20-12-2021 01:59:48.0791 AM
[ReportManager] Browser Action [CloseCurrentWindow] successfully performed. @20-12-2021 01:59:49.0154 AM
[ReportManager] Successfully created attachment [Browser Action Test Data - CloseCurrentWindow - Actual Value] @20-12-2021 01:59:49.0155 A
[ReportManager] File Action [GetAbsolutePath] successfully performed. With the following test data [Relative Folder Path: "target/downloadedFiles/"]. @20-12-2021 01:59:49.0164 AM
[ReportManager] Attempting to run locally on: [Mac-64], [Safari], Headless Execution. @20-12-2021 01:59:49.0165 AM
[ReportManager] Successfully Opened Safari. @20-12-2021 01:59:50.0125 AM
[ReportManager] Initial window size: (800, 600) @20-12-2021 01:59:50.0165 AM
[ReportManager] Window size after SWD Maximize: (1176, 803) @20-12-2021 01:59:50.0243 AM
[ReportManager] Browser Action [MaximizeWindow] successfully performed. With the following test data [New screen size is now: (1176, 803)]. @20-12-2021 01:59:50.0244 AM
[ReportManager] Target URL: [https://duckduckgo.com] @20-12-2021 01:59:50.0244 AM
[ReportManager] Initial URL: [] @20-12-2021 01:59:50.0307 AM
[ReportManager] Browser Action [NavigateToURL] successfully performed. With the following test data [https://duckduckgo.com]. @20-12-2021 01:59:51.0000 A

################################################################################################################################################
Starting Execution:	[9 out of 146] test cases in the current suite
Test Method:		[unitTests.tests_browserActions.getPageSource]
################################################################################################################################################
[ReportManager] Browser Action [GetPageSource] successfully performed. @20-12-2021 01:59:51.0079 AM
[ReportManager] Successfully created attachment [Browser Action Test Data - GetPageSource - Actual Value] @20-12-2021 01:59:51.0080 A
[ReportManager] Target URL: [https://duckduckgo.com] @20-12-2021 01:59:51.0088 AM
[ReportManager] Initial URL: [https://duckduckgo.com] @20-12-2021 01:59:51.0155 AM
[ReportManager] Browser Action [NavigateToURL] successfully performed. With the following test data [https://duckduckgo.com]. @20-12-2021 01:59:51.0523 AM
[ReportManager] Browser Action [CloseCurrentWindow] successfully performed. @20-12-2021 01:59:51.0873 AM
[ReportManager] Successfully created attachment [Browser Action Test Data - CloseCurrentWindow - Actual Value] @20-12-2021 01:59:51.0874 A
[ReportManager] File Action [GetAbsolutePath] successfully performed. With the following test data [Relative Folder Path: "target/downloadedFiles/"]. @20-12-2021 01:59:51.0878 AM
[ReportManager] Attempting to run locally on: [Mac-64], [Safari], Headless Execution. @20-12-2021 01:59:51.0879 AM
[ReportManager] Successfully Opened Safari. @20-12-2021 01:59:52.0757 AM
[ReportManager] Initial window size: (800, 600) @20-12-2021 01:59:52.0800 AM
[ReportManager] Window size after SWD Maximize: (1176, 803) @20-12-2021 01:59:52.0836 AM
[ReportManager] Browser Action [MaximizeWindow] successfully performed. With the following test data [New screen size is now: (1176, 803)]. @20-12-2021 01:59:52.0836 AM
[ReportManager] Target URL: [https://duckduckgo.com] @20-12-2021 01:59:52.0837 AM
[ReportManager] Initial URL: [] @20-12-2021 01:59:52.0891 AM
[ReportManager] Browser Action [NavigateToURL] successfully performed. With the following test data [https://duckduckgo.com]. @20-12-2021 01:59:53.0647 A

################################################################################################################################################
Starting Execution:	[10 out of 146] test cases in the current suite
Test Method:		[unitTests.tests_browserActions.getWindowHandle]
################################################################################################################################################
[ReportManager] Browser Action [GetWindowHandle] successfully performed. With the following test data [page-C337A7E4-B28F-4513-9196-05571E953EF8]. @20-12-2021 01:59:53.0687 A
[ReportManager] Target URL: [https://duckduckgo.com] @20-12-2021 01:59:53.0690 AM
[ReportManager] Initial URL: [https://duckduckgo.com] @20-12-2021 01:59:53.0753 AM
[ReportManager] Browser Action [NavigateToURL] successfully performed. With the following test data [https://duckduckgo.com]. @20-12-2021 01:59:54.0098 AM
[ReportManager] Browser Action [CloseCurrentWindow] successfully performed. @20-12-2021 01:59:54.0242 AM
[ReportManager] Successfully created attachment [Browser Action Test Data - CloseCurrentWindow - Actual Value] @20-12-2021 01:59:54.0243 A
[ReportManager] File Action [GetAbsolutePath] successfully performed. With the following test data [Relative Folder Path: "target/downloadedFiles/"]. @20-12-2021 01:59:54.0247 AM
[ReportManager] Attempting to run locally on: [Mac-64], [Safari], Headless Execution. @20-12-2021 01:59:54.0248 AM
[ReportManager] Successfully Opened Safari. @20-12-2021 01:59:55.0141 AM
[ReportManager] Initial window size: (800, 600) @20-12-2021 01:59:55.0182 AM
[ReportManager] Window size after SWD Maximize: (1176, 803) @20-12-2021 01:59:55.0219 AM
[ReportManager] Browser Action [MaximizeWindow] successfully performed. With the following test data [New screen size is now: (1176, 803)]. @20-12-2021 01:59:55.0220 AM
[ReportManager] Target URL: [https://duckduckgo.com] @20-12-2021 01:59:55.0220 AM
[ReportManager] Initial URL: [] @20-12-2021 01:59:55.0327 AM
[ReportManager] Browser Action [NavigateToURL] successfully performed. With the following test data [https://duckduckgo.com]. @20-12-2021 01:59:56.0158 A

################################################################################################################################################
Starting Execution:	[11 out of 146] test cases in the current suite
Test Method:		[unitTests.tests_browserActions.getWindowPosition]
################################################################################################################################################
[ReportManager] Browser Action [GetWindowPosition] successfully performed. With the following test data [(0, 25)]. @20-12-2021 01:59:56.0205 A
[ReportManager] Target URL: [https://duckduckgo.com] @20-12-2021 01:59:56.0207 AM
[ReportManager] Initial URL: [https://duckduckgo.com] @20-12-2021 01:59:56.0236 AM
[ReportManager] Browser Action [NavigateToURL] successfully performed. With the following test data [https://duckduckgo.com]. @20-12-2021 01:59:56.0572 AM
[ReportManager] Browser Action [CloseCurrentWindow] successfully performed. @20-12-2021 01:59:56.0814 AM
[ReportManager] Successfully created attachment [Browser Action Test Data - CloseCurrentWindow - Actual Value] @20-12-2021 01:59:56.0815 A
[ReportManager] File Action [GetAbsolutePath] successfully performed. With the following test data [Relative Folder Path: "target/downloadedFiles/"]. @20-12-2021 01:59:56.0818 AM
[ReportManager] Attempting to run locally on: [Mac-64], [Safari], Headless Execution. @20-12-2021 01:59:56.0818 AM
[ReportManager] An Exception Occured with this Message: Could not start a new session. Possible causes are invalid address of the remote server or browser start-up failure.. @20-12-2021 01:59:57.0001 AM
[ReportManager] Successfully created attachment [Exception Stack Trace - org.openqa.selenium.SessionNotCreatedException] @20-12-2021 01:59:57.0002 AM
[ReportManager] Driver Factory Action [createNewLocalDriverInstanceForSafari] failed. With the following test data [Failed to create a session on DESKTOP_SAFARI]. @20-12-2021 01:59:57.0003 A

################################################################################################################################################
Starting Execution:	[12 out of 146] test cases in the current suite
Test Method:		[unitTests.tests_browserActions.getWindowSize]
###############################################################################################################################################



################################################################################################################################################
Starting Execution:	[13 out of 146] test cases in the current suite
Test Method:		[unitTests.tests_browserActions.maximizeWindow]
###############################################################################################################################################



################################################################################################################################################
Starting Execution:	[14 out of 146] test cases in the current suite
Test Method:		[unitTests.tests_browserActions.navigateBack]
###############################################################################################################################################



################################################################################################################################################
Starting Execution:	[15 out of 146] test cases in the current suite
Test Method:		[unitTests.tests_browserActions.navigateForward]
###############################################################################################################################################



################################################################################################################################################
Starting Execution:	[16 out of 146] test cases in the current suite
Test Method:		[unitTests.tests_browserActions.navigateToURL]
###############################################################################################################################################



################################################################################################################################################
Starting Execution:	[17 out of 146] test cases in the current suite
Test Method:		[unitTests.tests_browserActions.navigateToURLWithRedirection]
###############################################################################################################################################



################################################################################################################################################
Starting Execution:	[18 out of 146] test cases in the current suite
Test Method:		[unitTests.tests_browserActions.refreshCurrentPage]
###############################################################################################################################################



################################################################################################################################################
Starting Execution:	[19 out of 146] test cases in the current suite
Test Method:		[unitTests.tests_browserActions.setWindowSize]
###############################################################################################################################################

[ReportManager] Successfully loaded the following test data file [src/test/resources/testDataFiles/testSuite01/TestData.xlsx]. @20-12-2021 01:59:58.0373 AM
[ReportManager] Successfully created attachment [Test Data - Excel] @20-12-2021 01:59:58.0374 A

################################################################################################################################################
Starting Execution:	[20 out of 146] test cases in the current suite
Test Method:		[unitTests.tests_io_excelFileManager.getCellData_rowName_expectedToPass]
################################################################################################################################################
[ReportManager] testRowData. @20-12-2021 01:59:58.0390 A

################################################################################################################################################
Starting Execution:	[21 out of 146] test cases in the current suite
Test Method:		[unitTests.tests_validations_assertions.assertComparativeRelation_greaterThanOrEquals_false_equals_expectedToFail]
################################################################################################################################################
[ReportManager] Assertion [ValidateComparativeRelation] FAILED. Expected [1] and Actual [1]. Comparison Type [GREATER_THAN_OR_EQUALS]. Validation Type [NEGATIVE]. @20-12-2021 01:59:58.0399 A

################################################################################################################################################
Starting Execution:	[22 out of 146] test cases in the current suite
Test Method:		[unitTests.tests_validations_assertions.assertComparativeRelation_greaterThanOrEquals_false_equals_expectedToPass]
################################################################################################################################################
[ReportManager] Assertion [ValidateComparativeRelation] PASSED. Expected [2] and Actual [1]. Comparison Type [GREATER_THAN_OR_EQUALS]. Validation Type [NEGATIVE]. @20-12-2021 01:59:58.0404 A

################################################################################################################################################
Starting Execution:	[23 out of 146] test cases in the current suite
Test Method:		[unitTests.tests_validations_assertions.assertComparativeRelation_greaterThanOrEquals_false_greaterThan_expectedToFail]
################################################################################################################################################
[ReportManager] Assertion [ValidateComparativeRelation] FAILED. Expected [1] and Actual [2]. Comparison Type [GREATER_THAN_OR_EQUALS]. Validation Type [NEGATIVE]. @20-12-2021 01:59:58.0410 A

################################################################################################################################################
Starting Execution:	[24 out of 146] test cases in the current suite
Test Method:		[unitTests.tests_validations_assertions.assertComparativeRelation_greaterThanOrEquals_false_greaterThan_expectedToPass]
################################################################################################################################################
[ReportManager] Assertion [ValidateComparativeRelation] PASSED. Expected [2] and Actual [1]. Comparison Type [GREATER_THAN_OR_EQUALS]. Validation Type [NEGATIVE]. @20-12-2021 01:59:58.0421 A

################################################################################################################################################
Starting Execution:	[25 out of 146] test cases in the current suite
Test Method:		[unitTests.tests_validations_assertions.assertComparativeRelation_greaterThanOrEquals_true_equals_expectedToFail]
################################################################################################################################################
[ReportManager] Assertion [ValidateComparativeRelation] FAILED. Expected [1] and Actual [0]. Comparison Type [GREATER_THAN_OR_EQUALS]. Validation Type [POSITIVE]. @20-12-2021 01:59:58.0425 A

################################################################################################################################################
Starting Execution:	[26 out of 146] test cases in the current suite
Test Method:		[unitTests.tests_validations_assertions.assertComparativeRelation_greaterThanOrEquals_true_equals_expectedToPass]
################################################################################################################################################
[ReportManager] Assertion [ValidateComparativeRelation] PASSED. Expected [1] and Actual [1]. Comparison Type [GREATER_THAN_OR_EQUALS]. Validation Type [POSITIVE]. @20-12-2021 01:59:58.0429 A

################################################################################################################################################
Starting Execution:	[27 out of 146] test cases in the current suite
Test Method:		[unitTests.tests_validations_assertions.assertComparativeRelation_greaterThanOrEquals_true_greaterThan_expectedToFail]
################################################################################################################################################
[ReportManager] Assertion [ValidateComparativeRelation] FAILED. Expected [2] and Actual [1]. Comparison Type [GREATER_THAN_OR_EQUALS]. Validation Type [POSITIVE]. @20-12-2021 01:59:58.0434 A

################################################################################################################################################
Starting Execution:	[28 out of 146] test cases in the current suite
Test Method:		[unitTests.tests_validations_assertions.assertComparativeRelation_greaterThanOrEquals_true_greaterThan_expectedToPass]
################################################################################################################################################
[ReportManager] Assertion [ValidateComparativeRelation] PASSED. Expected [1] and Actual [2]. Comparison Type [GREATER_THAN_OR_EQUALS]. Validation Type [POSITIVE]. @20-12-2021 01:59:58.0443 A
[ReportManager] File Action [GetAbsolutePath] successfully performed. With the following test data [Relative Folder Path: "target/downloadedFiles/"]. @20-12-2021 01:59:58.0450 AM
[ReportManager] Attempting to run locally on: [Mac-64], [Safari], Headless Execution. @20-12-2021 01:59:58.0451 AM
[ReportManager] An Exception Occured with this Message: Could not start a new session. Possible causes are invalid address of the remote server or browser start-up failure.. @20-12-2021 01:59:58.0695 AM
[ReportManager] Successfully created attachment [Exception Stack Trace - org.openqa.selenium.SessionNotCreatedException] @20-12-2021 01:59:58.0696 AM
[ReportManager] Driver Factory Action [createNewLocalDriverInstanceForSafari] failed. With the following test data [Failed to create a session on DESKTOP_SAFARI]. @20-12-2021 01:59:58.0696 A

################################################################################################################################################
Starting Execution:	[29 out of 146] test cases in the current suite
Test Method:		[unitTests.tests_validations_assertions.assertElementAttribute_false_caseInsensitiveComparison_expectedToFail]
###############################################################################################################################################



################################################################################################################################################
Starting Execution:	[30 out of 146] test cases in the current suite
Test Method:		[unitTests.tests_validations_assertions.assertElementAttribute_false_caseInsensitiveComparison_expectedToPass]
###############################################################################################################################################



################################################################################################################################################
Starting Execution:	[31 out of 146] test cases in the current suite
Test Method:		[unitTests.tests_validations_assertions.assertElementAttribute_false_containsComparison_expectedToFail]
###############################################################################################################################################



################################################################################################################################################
Starting Execution:	[32 out of 146] test cases in the current suite
Test Method:		[unitTests.tests_validations_assertions.assertElementAttribute_false_containsComparison_expectedToPass]
###############################################################################################################################################



################################################################################################################################################
Starting Execution:	[33 out of 146] test cases in the current suite
Test Method:		[unitTests.tests_validations_assertions.assertElementAttribute_false_literalComparison_expectedToFail]
###############################################################################################################################################



################################################################################################################################################
Starting Execution:	[34 out of 146] test cases in the current suite
Test Method:		[unitTests.tests_validations_assertions.assertElementAttribute_false_literalComparison_expectedToPass]
###############################################################################################################################################



################################################################################################################################################
Starting Execution:	[35 out of 146] test cases in the current suite
Test Method:		[unitTests.tests_validations_assertions.assertElementAttribute_false_regexComparison_expectedToFail]
###############################################################################################################################################



################################################################################################################################################
Starting Execution:	[36 out of 146] test cases in the current suite
Test Method:		[unitTests.tests_validations_assertions.assertElementAttribute_false_regexComparison_expectedToPass]
###############################################################################################################################################



################################################################################################################################################
Starting Execution:	[37 out of 146] test cases in the current suite
Test Method:		[unitTests.tests_validations_assertions.assertElementAttribute_true_caseInsensitiveComparison_expectedToFail]
###############################################################################################################################################



################################################################################################################################################
Starting Execution:	[38 out of 146] test cases in the current suite
Test Method:		[unitTests.tests_validations_assertions.assertElementAttribute_true_caseInsensitiveComparison_expectedToPass]
###############################################################################################################################################



################################################################################################################################################
Starting Execution:	[39 out of 146] test cases in the current suite
Test Method:		[unitTests.tests_validations_assertions.assertElementAttribute_true_containsComparison_expectedToFail]
###############################################################################################################################################



################################################################################################################################################
Starting Execution:	[40 out of 146] test cases in the current suite
Test Method:		[unitTests.tests_validations_assertions.assertElementAttribute_true_containsComparison_expectedToPass]
###############################################################################################################################################



################################################################################################################################################
Starting Execution:	[41 out of 146] test cases in the current suite
Test Method:		[unitTests.tests_validations_assertions.assertElementAttribute_true_literalComparison_expectedToFail]
###############################################################################################################################################



################################################################################################################################################
Starting Execution:	[42 out of 146] test cases in the current suite
Test Method:		[unitTests.tests_validations_assertions.assertElementAttribute_true_literalComparison_expectedToPass]
###############################################################################################################################################



################################################################################################################################################
Starting Execution:	[43 out of 146] test cases in the current suite
Test Method:		[unitTests.tests_validations_assertions.assertElementAttribute_true_regexComparison_expectedToFail]
###############################################################################################################################################



################################################################################################################################################
Starting Execution:	[44 out of 146] test cases in the current suite
Test Method:		[unitTests.tests_validations_assertions.assertElementAttribute_true_regexComparison_expectedToPass]
###############################################################################################################################################



################################################################################################################################################
Starting Execution:	[45 out of 146] test cases in the current suite
Test Method:		[unitTests.tests_validations_assertions.assertElementAttribute_type_true_literalComparison_expectedToPass]
###############################################################################################################################################



################################################################################################################################################
Starting Execution:	[46 out of 146] test cases in the current suite
Test Method:		[unitTests.tests_validations_assertions.assertElementExists_false_expectedToFail]
###############################################################################################################################################



################################################################################################################################################
Starting Execution:	[47 out of 146] test cases in the current suite
Test Method:		[unitTests.tests_validations_assertions.assertElementExists_false_expectedToPass]
###############################################################################################################################################



################################################################################################################################################
Starting Execution:	[48 out of 146] test cases in the current suite
Test Method:		[unitTests.tests_validations_assertions.assertElementExists_false_multipleElementsFound_expectedToFail]
###############################################################################################################################################



################################################################################################################################################
Starting Execution:	[49 out of 146] test cases in the current suite
Test Method:		[unitTests.tests_validations_assertions.assertElementExists_true_expectedToFail]
###############################################################################################################################################



################################################################################################################################################
Starting Execution:	[50 out of 146] test cases in the current suite
Test Method:		[unitTests.tests_validations_assertions.assertElementExists_true_expectedToPass]
###############################################################################################################################################



################################################################################################################################################
Starting Execution:	[51 out of 146] test cases in the current suite
Test Method:		[unitTests.tests_validations_assertions.assertElementExists_true_multipleElementsFound_expectedToFail]
###############################################################################################################################################


################################################################################################################################################
Starting Execution:	[52 out of 146] test cases in the current suite
Test Method:		[unitTests.tests_validations_assertions.assertEquals_false_expectedToFail]
###############################################################################################################################################

################################################################################################################################################
Starting Execution:	[53 out of 146] test cases in the current suite
Test Method:		[unitTests.tests_validations_assertions.assertEquals_false_expectedToPass]
###############################################################################################################################################

################################################################################################################################################
Starting Execution:	[54 out of 146] test cases in the current suite
Test Method:		[unitTests.tests_validations_assertions.assertEquals_longCharacters]
###############################################################################################################################################

################################################################################################################################################
Starting Execution:	[55 out of 146] test cases in the current suite
Test Method:		[unitTests.tests_validations_assertions.assertEquals_longCharacters_Discreet]
###############################################################################################################################################

################################################################################################################################################
Starting Execution:	[56 out of 146] test cases in the current suite
Test Method:		[unitTests.tests_validations_assertions.assertEquals_true_expectedToFail]
###############################################################################################################################################

################################################################################################################################################
Starting Execution:	[57 out of 146] test cases in the current suite
Test Method:		[unitTests.tests_validations_assertions.assertEquals_true_expectedToPass]
Test Description:	[Assert that assertEquals works as expected when the two values are equal.]
###############################################################################################################################################

################################################################################################################################################
Starting Execution:	[58 out of 146] test cases in the current suite
Test Method:		[unitTests.tests_validations_assertions.assertEquals_true_expectedToPass__]
###############################################################################################################################################

################################################################################################################################################
Starting Execution:	[59 out of 146] test cases in the current suite
Test Method:		[unitTests.tests_validations_assertions.assertFileExists_false_expectedToFail]
###############################################################################################################################################

################################################################################################################################################
Starting Execution:	[60 out of 146] test cases in the current suite
Test Method:		[unitTests.tests_validations_assertions.assertFileExists_false_expectedToPass]
###############################################################################################################################################

################################################################################################################################################
Starting Execution:	[61 out of 146] test cases in the current suite
Test Method:		[unitTests.tests_validations_assertions.assertFileExists_true_expectedToFail]
###############################################################################################################################################

################################################################################################################################################
Starting Execution:	[62 out of 146] test cases in the current suite
Test Method:		[unitTests.tests_validations_assertions.assertFileExists_true_expectedToPass]
###############################################################################################################################################

################################################################################################################################################
Starting Execution:	[63 out of 146] test cases in the current suite
Test Method:		[unitTests.tests_validations_assertions.assertNull_false_expectedToFail]
###############################################################################################################################################

################################################################################################################################################
Starting Execution:	[64 out of 146] test cases in the current suite
Test Method:		[unitTests.tests_validations_assertions.assertNull_false_expectedToPass]
###############################################################################################################################################

################################################################################################################################################
Starting Execution:	[65 out of 146] test cases in the current suite
Test Method:		[unitTests.tests_validations_assertions.assertNull_true_expectedToFail]
###############################################################################################################################################

################################################################################################################################################
Starting Execution:	[66 out of 146] test cases in the current suite
Test Method:		[unitTests.tests_validations_assertions.assertNull_true_expectedToPass]
###############################################################################################################################################

################################################################################################################################################
Starting Execution:	[67 out of 146] test cases in the current suite
Test Method:		[unitTests.tests_restActions.getPostsAndAssertBodyForSpecificTitle]
################################################################################################################################################
[ReportManager] Response status code: [200], status line: [HTTP/1.1 200 OK] @20-12-2021 02:00:01.0869 AM
[ReportManager] Assertion Passed: Evaluating the actual response status code against the expected one... @20-12-2021 02:00:01.0875 AM
[ReportManager] Assertion [ValidateComparativeRelation] PASSED. Expected [200] and Actual [200]. Comparison Type [EQUALS]. Validation Type [POSITIVE]. @20-12-2021 02:00:01.0875 AM
[ReportManager] API Action [PerformRequest] successfully performed. With the following test data [Request Type: "GET" | Target Status Code: "200" | Service URL: "https://jsonplaceholder.typicode.com/posts" | Content Type: "*/*" | Response Time: "844ms"]. @20-12-2021 02:00:02.0988 AM
[ReportManager] Successfully created attachment [API Request - Specifications] @20-12-2021 02:00:02.0989 AM
[ReportManager] Successfully created attachment [API Response - JSON Body] @20-12-2021 02:00:03.0244 AM
[ReportManager] API Action [GetResponseJSONValueAsList] successfully performed. @20-12-2021 02:00:03.0276 AM
[ReportManager] API Action [GetResponseJSONValue] successfully performed. With the following test data [title]. @20-12-2021 02:00:03.0304 AM
[ReportManager] API Action [GetResponseJSONValue] successfully performed. With the following test data [title]. @20-12-2021 02:00:03.0325 AM
[ReportManager] API Action [GetResponseJSONValue] successfully performed. With the following test data [body]. @20-12-2021 02:00:03.0355 AM
[ReportManager] Assertion [ValidateEquals] PASSED. Expected [qui neque nisi nulla] and Actual [est rerum tempore vitae
sequi sint nihil reprehenderit dolor beatae ea dolores neque
fugiat blanditiis voluptate porro vel nihil molestiae ut reiciendis
qui aperiam non debitis possimus qui neque nisi nulla]. Comparison Type [CONTAINS]. Validation Type [POSITIVE]. @20-12-2021 02:00:03.0359 AM
[ReportManager] API Action [GetResponseJSONValue] successfully performed. With the following test data [title]. @20-12-2021 02:00:03.0375 AM
[ReportManager] API Action [GetResponseJSONValue] successfully performed. With the following test data [title]. @20-12-2021 02:00:03.0392 AM
[ReportManager] API Action [GetResponseJSONValue] successfully performed. With the following test data [title]. @20-12-2021 02:00:03.0409 AM
[ReportManager] API Action [GetResponseJSONValue] successfully performed. With the following test data [title]. @20-12-2021 02:00:03.0444 AM
[ReportManager] API Action [GetResponseJSONValue] successfully performed. With the following test data [title]. @20-12-2021 02:00:03.0462 AM
[ReportManager] API Action [GetResponseJSONValue] successfully performed. With the following test data [title]. @20-12-2021 02:00:03.0478 AM
[ReportManager] API Action [GetResponseJSONValue] successfully performed. With the following test data [title]. @20-12-2021 02:00:03.0492 AM
[ReportManager] API Action [GetResponseJSONValue] successfully performed. With the following test data [title]. @20-12-2021 02:00:03.0506 AM
[ReportManager] API Action [GetResponseJSONValue] successfully performed. With the following test data [title]. @20-12-2021 02:00:03.0519 AM
[ReportManager] API Action [GetResponseJSONValue] successfully performed. With the following test data [title]. @20-12-2021 02:00:03.0533 AM
[ReportManager] API Action [GetResponseJSONValue] successfully performed. With the following test data [title]. @20-12-2021 02:00:03.0549 AM
[ReportManager] API Action [GetResponseJSONValue] successfully performed. With the following test data [title]. @20-12-2021 02:00:03.0567 AM
[ReportManager] API Action [GetResponseJSONValue] successfully performed. With the following test data [title]. @20-12-2021 02:00:03.0581 AM
[ReportManager] API Action [GetResponseJSONValue] successfully performed. With the following test data [title]. @20-12-2021 02:00:03.0595 AM
[ReportManager] API Action [GetResponseJSONValue] successfully performed. With the following test data [title]. @20-12-2021 02:00:03.0609 AM
[ReportManager] API Action [GetResponseJSONValue] successfully performed. With the following test data [title]. @20-12-2021 02:00:03.0622 AM
[ReportManager] API Action [GetResponseJSONValue] successfully performed. With the following test data [title]. @20-12-2021 02:00:03.0636 AM
[ReportManager] API Action [GetResponseJSONValue] successfully performed. With the following test data [title]. @20-12-2021 02:00:03.0649 AM
[ReportManager] API Action [GetResponseJSONValue] successfully performed. With the following test data [title]. @20-12-2021 02:00:03.0662 AM
[ReportManager] API Action [GetResponseJSONValue] successfully performed. With the following test data [title]. @20-12-2021 02:00:03.0676 AM
[ReportManager] API Action [GetResponseJSONValue] successfully performed. With the following test data [title]. @20-12-2021 02:00:03.0691 AM
[ReportManager] API Action [GetResponseJSONValue] successfully performed. With the following test data [title]. @20-12-2021 02:00:03.0703 AM
[ReportManager] API Action [GetResponseJSONValue] successfully performed. With the following test data [title]. @20-12-2021 02:00:03.0716 AM
[ReportManager] API Action [GetResponseJSONValue] successfully performed. With the following test data [title]. @20-12-2021 02:00:03.0729 AM
[ReportManager] API Action [GetResponseJSONValue] successfully performed. With the following test data [title]. @20-12-2021 02:00:03.0744 AM
[ReportManager] API Action [GetResponseJSONValue] successfully performed. With the following test data [title]. @20-12-2021 02:00:03.0763 AM
[ReportManager] API Action [GetResponseJSONValue] successfully performed. With the following test data [title]. @20-12-2021 02:00:03.0777 AM
[ReportManager] API Action [GetResponseJSONValue] successfully performed. With the following test data [title]. @20-12-2021 02:00:03.0789 AM
[ReportManager] API Action [GetResponseJSONValue] successfully performed. With the following test data [title]. @20-12-2021 02:00:03.0801 AM
[ReportManager] API Action [GetResponseJSONValue] successfully performed. With the following test data [title]. @20-12-2021 02:00:03.0813 AM
[ReportManager] API Action [GetResponseJSONValue] successfully performed. With the following test data [title]. @20-12-2021 02:00:03.0825 AM
[ReportManager] API Action [GetResponseJSONValue] successfully performed. With the following test data [title]. @20-12-2021 02:00:03.0837 AM
[ReportManager] API Action [GetResponseJSONValue] successfully performed. With the following test data [title]. @20-12-2021 02:00:03.0848 AM
[ReportManager] API Action [GetResponseJSONValue] successfully performed. With the following test data [title]. @20-12-2021 02:00:03.0861 AM
[ReportManager] API Action [GetResponseJSONValue] successfully performed. With the following test data [title]. @20-12-2021 02:00:03.0872 AM
[ReportManager] API Action [GetResponseJSONValue] successfully performed. With the following test data [title]. @20-12-2021 02:00:03.0884 AM
[ReportManager] API Action [GetResponseJSONValue] successfully performed. With the following test data [title]. @20-12-2021 02:00:03.0896 AM
[ReportManager] API Action [GetResponseJSONValue] successfully performed. With the following test data [title]. @20-12-2021 02:00:03.0909 AM
[ReportManager] API Action [GetResponseJSONValue] successfully performed. With the following test data [title]. @20-12-2021 02:00:03.0922 AM
[ReportManager] API Action [GetResponseJSONValue] successfully performed. With the following test data [title]. @20-12-2021 02:00:03.0933 AM
[ReportManager] API Action [GetResponseJSONValue] successfully performed. With the following test data [title]. @20-12-2021 02:00:03.0948 AM
[ReportManager] API Action [GetResponseJSONValue] successfully performed. With the following test data [title]. @20-12-2021 02:00:03.0960 AM
[ReportManager] API Action [GetResponseJSONValue] successfully performed. With the following test data [title]. @20-12-2021 02:00:03.0972 AM
[ReportManager] API Action [GetResponseJSONValue] successfully performed. With the following test data [title]. @20-12-2021 02:00:03.0983 AM
[ReportManager] API Action [GetResponseJSONValue] successfully performed. With the following test data [title]. @20-12-2021 02:00:03.0995 AM
[ReportManager] API Action [GetResponseJSONValue] successfully performed. With the following test data [title]. @20-12-2021 02:00:04.0008 AM
[ReportManager] API Action [GetResponseJSONValue] successfully performed. With the following test data [title]. @20-12-2021 02:00:04.0019 AM
[ReportManager] API Action [GetResponseJSONValue] successfully performed. With the following test data [title]. @20-12-2021 02:00:04.0033 AM
[ReportManager] API Action [GetResponseJSONValue] successfully performed. With the following test data [title]. @20-12-2021 02:00:04.0045 AM
[ReportManager] API Action [GetResponseJSONValue] successfully performed. With the following test data [title]. @20-12-2021 02:00:04.0057 AM
[ReportManager] API Action [GetResponseJSONValue] successfully performed. With the following test data [title]. @20-12-2021 02:00:04.0071 AM
[ReportManager] API Action [GetResponseJSONValue] successfully performed. With the following test data [title]. @20-12-2021 02:00:04.0082 AM
[ReportManager] API Action [GetResponseJSONValue] successfully performed. With the following test data [title]. @20-12-2021 02:00:04.0095 AM
[ReportManager] API Action [GetResponseJSONValue] successfully performed. With the following test data [title]. @20-12-2021 02:00:04.0107 AM
[ReportManager] API Action [GetResponseJSONValue] successfully performed. With the following test data [title]. @20-12-2021 02:00:04.0119 AM
[ReportManager] API Action [GetResponseJSONValue] successfully performed. With the following test data [title]. @20-12-2021 02:00:04.0130 AM
[ReportManager] API Action [GetResponseJSONValue] successfully performed. With the following test data [title]. @20-12-2021 02:00:04.0142 AM
[ReportManager] API Action [GetResponseJSONValue] successfully performed. With the following test data [title]. @20-12-2021 02:00:04.0153 AM
[ReportManager] API Action [GetResponseJSONValue] successfully performed. With the following test data [title]. @20-12-2021 02:00:04.0167 AM
[ReportManager] API Action [GetResponseJSONValue] successfully performed. With the following test data [title]. @20-12-2021 02:00:04.0195 AM
[ReportManager] API Action [GetResponseJSONValue] successfully performed. With the following test data [title]. @20-12-2021 02:00:04.0207 AM
[ReportManager] API Action [GetResponseJSONValue] successfully performed. With the following test data [title]. @20-12-2021 02:00:04.0218 AM
[ReportManager] API Action [GetResponseJSONValue] successfully performed. With the following test data [title]. @20-12-2021 02:00:04.0230 AM
[ReportManager] API Action [GetResponseJSONValue] successfully performed. With the following test data [title]. @20-12-2021 02:00:04.0241 AM
[ReportManager] API Action [GetResponseJSONValue] successfully performed. With the following test data [title]. @20-12-2021 02:00:04.0253 AM
[ReportManager] API Action [GetResponseJSONValue] successfully performed. With the following test data [title]. @20-12-2021 02:00:04.0264 AM
[ReportManager] API Action [GetResponseJSONValue] successfully performed. With the following test data [title]. @20-12-2021 02:00:04.0276 AM
[ReportManager] API Action [GetResponseJSONValue] successfully performed. With the following test data [title]. @20-12-2021 02:00:04.0288 AM
[ReportManager] API Action [GetResponseJSONValue] successfully performed. With the following test data [title]. @20-12-2021 02:00:04.0299 AM
[ReportManager] API Action [GetResponseJSONValue] successfully performed. With the following test data [title]. @20-12-2021 02:00:04.0312 AM
[ReportManager] API Action [GetResponseJSONValue] successfully performed. With the following test data [title]. @20-12-2021 02:00:04.0323 AM
[ReportManager] API Action [GetResponseJSONValue] successfully performed. With the following test data [title]. @20-12-2021 02:00:04.0335 AM
[ReportManager] API Action [GetResponseJSONValue] successfully performed. With the following test data [title]. @20-12-2021 02:00:04.0347 AM
[ReportManager] API Action [GetResponseJSONValue] successfully performed. With the following test data [title]. @20-12-2021 02:00:04.0359 AM
[ReportManager] API Action [GetResponseJSONValue] successfully performed. With the following test data [title]. @20-12-2021 02:00:04.0371 AM
[ReportManager] API Action [GetResponseJSONValue] successfully performed. With the following test data [title]. @20-12-2021 02:00:04.0384 AM
[ReportManager] API Action [GetResponseJSONValue] successfully performed. With the following test data [title]. @20-12-2021 02:00:04.0396 AM
[ReportManager] API Action [GetResponseJSONValue] successfully performed. With the following test data [title]. @20-12-2021 02:00:04.0409 AM
[ReportManager] API Action [GetResponseJSONValue] successfully performed. With the following test data [title]. @20-12-2021 02:00:04.0421 AM
[ReportManager] API Action [GetResponseJSONValue] successfully performed. With the following test data [title]. @20-12-2021 02:00:04.0434 AM
[ReportManager] API Action [GetResponseJSONValue] successfully performed. With the following test data [title]. @20-12-2021 02:00:04.0447 AM
[ReportManager] API Action [GetResponseJSONValue] successfully performed. With the following test data [title]. @20-12-2021 02:00:04.0461 AM
[ReportManager] API Action [GetResponseJSONValue] successfully performed. With the following test data [title]. @20-12-2021 02:00:04.0473 AM
[ReportManager] API Action [GetResponseJSONValue] successfully performed. With the following test data [title]. @20-12-2021 02:00:04.0484 AM
[ReportManager] API Action [GetResponseJSONValue] successfully performed. With the following test data [title]. @20-12-2021 02:00:04.0497 AM
[ReportManager] API Action [GetResponseJSONValue] successfully performed. With the following test data [title]. @20-12-2021 02:00:04.0516 AM
[ReportManager] API Action [GetResponseJSONValue] successfully performed. With the following test data [title]. @20-12-2021 02:00:04.0534 AM
[ReportManager] API Action [GetResponseJSONValue] successfully performed. With the following test data [title]. @20-12-2021 02:00:04.0577 AM
[ReportManager] API Action [GetResponseJSONValue] successfully performed. With the following test data [title]. @20-12-2021 02:00:04.0591 AM
[ReportManager] API Action [GetResponseJSONValue] successfully performed. With the following test data [title]. @20-12-2021 02:00:04.0605 AM
[ReportManager] API Action [GetResponseJSONValue] successfully performed. With the following test data [title]. @20-12-2021 02:00:04.0619 AM
[ReportManager] API Action [GetResponseJSONValue] successfully performed. With the following test data [title]. @20-12-2021 02:00:04.0632 AM
[ReportManager] API Action [GetResponseJSONValue] successfully performed. With the following test data [title]. @20-12-2021 02:00:04.0646 AM
[ReportManager] API Action [GetResponseJSONValue] successfully performed. With the following test data [title]. @20-12-2021 02:00:04.0664 AM
[ReportManager] API Action [GetResponseJSONValue] successfully performed. With the following test data [title]. @20-12-2021 02:00:04.0681 AM
[ReportManager] API Action [GetResponseJSONValue] successfully performed. With the following test data [title]. @20-12-2021 02:00:04.0700 AM
[ReportManager] API Action [GetResponseJSONValue] successfully performed. With the following test data [title]. @20-12-2021 02:00:04.0713 AM
[ReportManager] API Action [GetResponseJSONValue] successfully performed. With the following test data [title]. @20-12-2021 02:00:04.0733 A

################################################################################################################################################
Starting Execution:	[68 out of 146] test cases in the current suite
Test Method:		[unitTests.tests_restActions.validateUserEmail]
################################################################################################################################################
[ReportManager] Response status code: [200], status line: [HTTP/1.1 200 OK] @20-12-2021 02:00:04.0829 AM
[ReportManager] Assertion Passed: Evaluating the actual response status code against the expected one... @20-12-2021 02:00:04.0830 AM
[ReportManager] Assertion [ValidateComparativeRelation] PASSED. Expected [200] and Actual [200]. Comparison Type [EQUALS]. Validation Type [POSITIVE]. @20-12-2021 02:00:04.0830 AM
[ReportManager] API Action [PerformRequest] successfully performed. With the following test data [Request Type: "GET" | Target Status Code: "200" | Service URL: "https://jsonplaceholder.typicode.com/users" | Content Type: "*/*" | Response Time: "73ms"]. @20-12-2021 02:00:04.0860 AM
[ReportManager] Successfully created attachment [API Request - Specifications] @20-12-2021 02:00:04.0861 AM
[ReportManager] Successfully created attachment [API Response - JSON Body] @20-12-2021 02:00:04.0862 AM
[ReportManager] Assertion [ValidateEquals] PASSED. Expected and Actual values are attached. Comparison Type [CONTAINS]. Validation Type [POSITIVE]. @20-12-2021 02:00:04.0863 AM
[ReportManager] Successfully created attachment [Validation Test Data - Expected Value] @20-12-2021 02:00:04.0863 AM
[ReportManager] Successfully created attachment [Validation Test Data - Actual Value] @20-12-2021 02:00:04.0864 AM
[ReportManager] API Action [GetResponseJSONValueAsList] successfully performed. With the following test data [$]. @20-12-2021 02:00:04.0874 AM
[ReportManager] API Action [GetResponseJSONValue] successfully performed. With the following test data [name]. @20-12-2021 02:00:04.0887 AM
[ReportManager] API Action [GetResponseJSONValue] successfully performed. With the following test data [email]. @20-12-2021 02:00:04.0901 AM
[ReportManager] Assertion [ValidateEquals] PASSED. Expected [Sincere@april.biz] and Actual [Sincere@april.biz]. Comparison Type [EQUALS]. Validation Type [POSITIVE]. @20-12-2021 02:00:04.0902 AM
[ReportManager] API Action [GetResponseJSONValue] successfully performed. With the following test data [name]. @20-12-2021 02:00:04.0915 AM
[ReportManager] API Action [GetResponseJSONValue] successfully performed. With the following test data [name]. @20-12-2021 02:00:04.0929 AM
[ReportManager] API Action [GetResponseJSONValue] successfully performed. With the following test data [name]. @20-12-2021 02:00:04.0944 AM
[ReportManager] API Action [GetResponseJSONValue] successfully performed. With the following test data [name]. @20-12-2021 02:00:04.0955 AM
[ReportManager] API Action [GetResponseJSONValue] successfully performed. With the following test data [name]. @20-12-2021 02:00:04.0966 AM
[ReportManager] API Action [GetResponseJSONValue] successfully performed. With the following test data [name]. @20-12-2021 02:00:04.0977 AM
[ReportManager] API Action [GetResponseJSONValue] successfully performed. With the following test data [name]. @20-12-2021 02:00:04.0988 AM
[ReportManager] API Action [GetResponseJSONValue] successfully performed. With the following test data [name]. @20-12-2021 02:00:04.0999 AM
[ReportManager] API Action [GetResponseJSONValue] successfully performed. With the following test data [name]. @20-12-2021 02:00:05.0014 A
[ReportManager] File Action [GetAbsolutePath] successfully performed. With the following test data [Relative Folder Path: "target/downloadedFiles/"]. @20-12-2021 02:00:05.0019 AM
[ReportManager] Attempting to run locally on: [Mac-64], [Safari], Headless Execution. @20-12-2021 02:00:05.0020 AM
[ReportManager] Successfully Opened Safari. @20-12-2021 02:00:05.0875 AM
[ReportManager] Initial window size: (800, 600) @20-12-2021 02:00:05.0903 AM
[ReportManager] Window size after SWD Maximize: (1176, 803) @20-12-2021 02:00:05.0941 AM
[ReportManager] Browser Action [MaximizeWindow] successfully performed. With the following test data [New screen size is now: (1176, 803)]. @20-12-2021 02:00:05.0942 A

################################################################################################################################################
Starting Execution:	[69 out of 146] test cases in the current suite
Test Method:		[testPackage01.Test_uploadFile.uploadFile_invisibleUploadInput]
################################################################################################################################################
[ReportManager] Target URL: [https://fineuploader.com/demos.html#gallery-view] @20-12-2021 02:00:05.0945 AM
[ReportManager] Initial URL: [] @20-12-2021 02:00:06.0028 AM
[ReportManager] Browser Action [NavigateToURL] successfully performed. With the following test data [https://fineuploader.com/demos.html#gallery-view]. @20-12-2021 02:00:07.0874 AM
[ReportManager] File Action [GetAbsolutePath] successfully performed. With the following test data [Relative File Path: "src/main/resources/images/shaft.png"]. @20-12-2021 02:00:07.0874 AM
[ReportManager] Successfully created attachment [File Action Actual Result - Command Log] @20-12-2021 02:00:07.0875 AM
[ReportManager] Element Action [TypeFileLocationForUpload] successfully performed. With the following test data [/Users/runner/work/SHAFT_ENGINE/SHAFT_ENGINE/src/main/resources/images/shaft.png]. @20-12-2021 02:00:07.0925 AM
[ReportManager] Attempting to getAttribute [src] from elementLocator [By.xpath: //div[@id='fine-uploader-gallery']//div[@class='qq-thumbnail-wrapper']/img]. @20-12-2021 02:00:07.0927 AM
[ReportManager] Element Action [GetAttribute] successfully performed. @20-12-2021 02:00:08.0040 AM
[ReportManager] Successfully created attachment [Element Action Test Data - GetAttribute - Actual Value] @20-12-2021 02:00:08.0041 AM
[ReportManager] Loaded Shared OpenCV @20-12-2021 02:00:09.0328 AM
[ReportManager] Assertion Passed: Then I Assert that the element found by [By.xpath: //div[@id='fine-uploader-gallery']//div[@class='qq-thumbnail-wrapper']/img] attribute [src] contains [data:image/png;base64]. @20-12-2021 02:00:09.0713 AM
[ReportManager] Successfully created attachment [Validation Test Data - Expected Value] @20-12-2021 02:00:09.0713 AM
[ReportManager] Successfully created attachment [Validation Test Data - Actual Value] @20-12-2021 02:00:09.0714 AM
[ReportManager] Successfully created attachment [Screenshot - 1639965608161_uploadFile_invisibleUploadInput_ValidateElementAttribute_passed] @20-12-2021 02:00:09.0716 AM
[ReportManager] Assertion [ValidateElementAttribute] PASSED. Expected and Actual values are attached. Comparison Type [CONTAINS]. Validation Type [POSITIVE]. @20-12-2021 02:00:09.0716 A
[ReportManager] Browser Action [CloseCurrentWindow] successfully performed. @20-12-2021 02:00:10.0155 AM
[ReportManager] Successfully created attachment [Browser Action Test Data - CloseCurrentWindow - Actual Value] @20-12-2021 02:00:10.0156 A
[ReportManager] File Action [GetAbsolutePath] successfully performed. With the following test data [Relative Folder Path: "target/downloadedFiles/"]. @20-12-2021 02:00:10.0160 AM
[ReportManager] Attempting to run locally on: [Mac-64], [Safari], Headless Execution. @20-12-2021 02:00:10.0160 AM
[ReportManager] Successfully Opened Safari. @20-12-2021 02:00:11.0074 AM
[ReportManager] Initial window size: (800, 600) @20-12-2021 02:00:11.0106 AM
[ReportManager] Window size after SWD Maximize: (1176, 803) @20-12-2021 02:00:11.0144 AM
[ReportManager] Browser Action [MaximizeWindow] successfully performed. With the following test data [New screen size is now: (1176, 803)]. @20-12-2021 02:00:11.0145 A

################################################################################################################################################
Starting Execution:	[70 out of 146] test cases in the current suite
Test Method:		[testPackage01.Test_uploadFile.uploadFile_visibleUploadInput]
################################################################################################################################################
[ReportManager] Target URL: [http://demo.guru99.com/test/upload/] @20-12-2021 02:00:11.0148 AM
[ReportManager] Initial URL: [] @20-12-2021 02:00:11.0229 AM
[ReportManager] Browser Action [NavigateToURL] successfully performed. With the following test data [http://demo.guru99.com/test/upload/]. @20-12-2021 02:00:13.0408 AM
[ReportManager] File Action [GetAbsolutePath] successfully performed. With the following test data [Relative Folder Path: "src/main/resources/images/shaft.png"]. @20-12-2021 02:00:13.0409 AM
[ReportManager] Element Action [TypeFileLocationForUpload] successfully performed. With the following test data [/Users/runner/work/SHAFT_ENGINE/SHAFT_ENGINE/src/main/resources/images/shaft.png]. @20-12-2021 02:00:13.0465 AM
[ReportManager] Element Action [Click] successfully performed. With the following test data [By.id: terms]. @20-12-2021 02:00:13.0765 AM
[ReportManager] Element Action [Click] successfully performed. With the following test data [By.id: submitbutton]. @20-12-2021 02:00:14.0130 AM
[ReportManager] Element Action [GetText] successfully performed. With the following test data [1 file has been successfully uploaded.]. @20-12-2021 02:00:16.0761 AM
[ReportManager] Loaded Shared OpenCV @20-12-2021 02:00:16.0831 AM
[ReportManager] Assertion Passed: Then I Assert that the element found by [By.id: res] attribute [Text] contains [1 file]. @20-12-2021 02:00:16.0940 AM
[ReportManager] Successfully created attachment [Screenshot - 1639965616831_uploadFile_visibleUploadInput_ValidateElementAttribute_passed] @20-12-2021 02:00:16.0942 AM
[ReportManager] Assertion [ValidateElementAttribute] PASSED. Expected [Value Should be '1 file' for the 'Text' attribute, element locator 'By.id: res'] and Actual [1 file has been successfully uploaded.]. Comparison Type [CONTAINS]. Validation Type [POSITIVE]. @20-12-2021 02:00:16.0942 A
[ReportManager] Browser Action [CloseCurrentWindow] successfully performed. @20-12-2021 02:00:17.0031 AM
[ReportManager] Successfully created attachment [Browser Action Test Data - CloseCurrentWindow - Actual Value] @20-12-2021 02:00:17.0032 A

################################################################################################################################################
Starting Execution:	[71 out of 146] test cases in the current suite
Test Method:		[testPackage01.Test_AssertApiResponseEquals.assertApiResponseEquals_expectedToPass]
################################################################################################################################################
[ReportManager] Response status code: [200], status line: [HTTP/1.1 200 OK] @20-12-2021 02:00:17.0140 AM
[ReportManager] Assertion Passed: Evaluating the actual response status code against the expected one... @20-12-2021 02:00:17.0141 AM
[ReportManager] Assertion [ValidateComparativeRelation] PASSED. Expected [200] and Actual [200]. Comparison Type [EQUALS]. Validation Type [POSITIVE]. @20-12-2021 02:00:17.0141 AM
[ReportManager] API Action [PerformRequest] successfully performed. With the following test data [Request Type: "GET" | Target Status Code: "200" | Service URL: "https://jsonplaceholder.typicode.com/users" | Content Type: "*/*" | Response Time: "73ms"]. @20-12-2021 02:00:17.0166 AM
[ReportManager] Successfully created attachment [API Request - Specifications] @20-12-2021 02:00:17.0167 AM
[ReportManager] Successfully created attachment [API Response - JSON Body] @20-12-2021 02:00:17.0168 AM
[ReportManager] API Action [GetResponseJSONValueAsList] successfully performed. With the following test data [$]. @20-12-2021 02:00:17.0177 AM
[ReportManager] API Action [GetResponseJSONValue] successfully performed. With the following test data [name]. @20-12-2021 02:00:17.0194 AM
[ReportManager] API Action [GetResponseJSONValue] successfully performed. With the following test data [email]. @20-12-2021 02:00:17.0213 AM
[ReportManager] Verification [ValidateEquals] PASSED. Expected [Sincere@april.biz] and Actual [Sincere@april.biz]. Comparison Type [EQUALS]. Validation Type [POSITIVE]. @20-12-2021 02:00:17.0214 AM
[ReportManager] API Action [GetResponseJSONValue] successfully performed. With the following test data [username]. @20-12-2021 02:00:17.0228 AM
[ReportManager] Assertion [ValidateEquals] PASSED. Expected [Bret] and Actual [Bret]. Comparison Type [EQUALS]. Validation Type [POSITIVE]. @20-12-2021 02:00:17.0229 AM
[ReportManager] API Action [GetResponseJSONValue] successfully performed. With the following test data [name]. @20-12-2021 02:00:17.0244 AM
[ReportManager] API Action [GetResponseJSONValue] successfully performed. With the following test data [name]. @20-12-2021 02:00:17.0259 AM
[ReportManager] API Action [GetResponseJSONValue] successfully performed. With the following test data [name]. @20-12-2021 02:00:17.0272 AM
[ReportManager] API Action [GetResponseJSONValue] successfully performed. With the following test data [name]. @20-12-2021 02:00:17.0286 AM
[ReportManager] API Action [GetResponseJSONValue] successfully performed. With the following test data [name]. @20-12-2021 02:00:17.0299 AM
[ReportManager] API Action [GetResponseJSONValue] successfully performed. With the following test data [name]. @20-12-2021 02:00:17.0313 AM
[ReportManager] API Action [GetResponseJSONValue] successfully performed. With the following test data [name]. @20-12-2021 02:00:17.0327 AM
[ReportManager] API Action [GetResponseJSONValue] successfully performed. With the following test data [name]. @20-12-2021 02:00:17.0340 AM
[ReportManager] API Action [GetResponseJSONValue] successfully performed. With the following test data [name]. @20-12-2021 02:00:17.0354 A

################################################################################################################################################
Starting Execution:	[72 out of 146] test cases in the current suite
Test Method:		[testPackage01.Test_testData.f]
################################################################################################################################################
[ReportManager] Successfully loaded the following test data file [src/test/resources/testDataFiles/testSuite01/TestData.xlsx]. @20-12-2021 02:00:17.0403 AM
[ReportManager] Successfully created attachment [Test Data - Excel] @20-12-2021 02:00:17.0404 AM
[ReportManager] Last Column Number is: [3]. Zero-based. @20-12-2021 02:00:17.0405 A

################################################################################################################################################
Starting Execution:	[73 out of 146] test cases in the current suite
Test Method:		[testPackage01.Test_PDF.testPDF1]
################################################################################################################################################
[ReportManager] File Action [DoesFileExist] successfully performed. With the following test data [File Path: "src/test/resources/testDataFiles/sample.pdf"]. @20-12-2021 02:00:17.0414 AM
[ReportManager] File Action [GetAbsolutePath] successfully performed. With the following test data [Relative Folder Path: "src/test/resources/testDataFiles/sample.pdf"]. @20-12-2021 02:00:17.0416 AM
[ReportManager] Assertion Passed: Checking to see that the pdf file contains [A Simple PDF File] @20-12-2021 02:00:22.0444 AM
[ReportManager] Successfully created attachment [Validation Test Data - Expected Value] @20-12-2021 02:00:22.0445 AM
[ReportManager] Successfully created attachment [Validation Test Data - Actual Value] @20-12-2021 02:00:22.0446 AM
[ReportManager] Assertion [ValidateEquals] PASSED. Expected and Actual values are attached. Comparison Type [CONTAINS]. Validation Type [POSITIVE]. @20-12-2021 02:00:22.0446 A

################################################################################################################################################
Starting Execution:	[74 out of 146] test cases in the current suite
Test Method:		[testPackage01.Test_PDF.testPDF2]
################################################################################################################################################
[ReportManager] File Action [DoesFileExist] successfully performed. With the following test data [File Path: "src/test/resources/testDataFiles/sample.pdf"]. @20-12-2021 02:00:22.0453 AM
[ReportManager] File Action [GetAbsolutePath] successfully performed. With the following test data [Relative Folder Path: "src/test/resources/testDataFiles/sample.pdf"]. @20-12-2021 02:00:22.0453 AM
[ReportManager] Assertion Passed: Checking to see that the pdf file contains [A Simple PDF File] @20-12-2021 02:00:22.0470 AM
[ReportManager] Successfully created attachment [Validation Test Data - Expected Value] @20-12-2021 02:00:22.0470 AM
[ReportManager] Successfully created attachment [Validation Test Data - Actual Value] @20-12-2021 02:00:22.0471 AM
[ReportManager] Assertion [ValidateEquals] PASSED. Expected and Actual values are attached. Comparison Type [CONTAINS]. Validation Type [POSITIVE]. @20-12-2021 02:00:22.0471 A
[ReportManager] File Action [GetAbsolutePath] successfully performed. With the following test data [Relative Folder Path: "target/downloadedFiles/"]. @20-12-2021 02:00:22.0474 AM
[ReportManager] Attempting to run locally on: [Mac-64], [Safari], Headless Execution. @20-12-2021 02:00:22.0474 AM
[ReportManager] Successfully Opened Safari. @20-12-2021 02:00:23.0428 AM
[ReportManager] Initial window size: (800, 600) @20-12-2021 02:00:23.0449 AM
[ReportManager] Window size after SWD Maximize: (1176, 803) @20-12-2021 02:00:23.0473 AM
[ReportManager] Browser Action [MaximizeWindow] successfully performed. With the following test data [New screen size is now: (1176, 803)]. @20-12-2021 02:00:23.0474 A

################################################################################################################################################
Starting Execution:	[75 out of 146] test cases in the current suite
Test Method:		[testPackage01.Test_ShadowDOM.shadowdom]
################################################################################################################################################
[ReportManager] Target URL: [https://mdn.github.io/web-components-examples/popup-info-box-web-component/] @20-12-2021 02:00:23.0481 AM
[ReportManager] Initial URL: [] @20-12-2021 02:00:23.0552 AM
[ReportManager] Browser Action [NavigateToURL] successfully performed. With the following test data [https://mdn.github.io/web-components-examples/popup-info-box-web-component/]. @20-12-2021 02:00:24.0142 AM
[ReportManager] Element Action [Type] successfully performed. With the following test data [Typing into SHADOW DOM...]. @20-12-2021 02:00:24.0866 AM
[ReportManager] Element Action [GetText] successfully performed. With the following test data [Typing into SHADOW DOM...]. @20-12-2021 02:00:24.0936 AM
[ReportManager] Loaded Shared OpenCV @20-12-2021 02:00:25.0132 AM
[ReportManager] Assertion [ValidateElementAttribute] PASSED. Expected [Value Should be 'Typing into SHADOW DOM...' for the 'Text' attribute, element locator 'By.id: cvc'] and Actual [Typing into SHADOW DOM...]. Comparison Type [EQUALS]. Validation Type [POSITIVE]. @20-12-2021 02:00:25.0383 AM
[ReportManager] Successfully created attachment [Screenshot - 1639965625132_shadowdom_ValidateElementAttribute_passed] @20-12-2021 02:00:25.0384 A
[ReportManager] Browser Action [CloseCurrentWindow] successfully performed. @20-12-2021 02:00:25.0682 AM
[ReportManager] Successfully created attachment [Browser Action Test Data - CloseCurrentWindow - Actual Value] @20-12-2021 02:00:25.0682 A
[ReportManager] File Action [GetAbsolutePath] successfully performed. With the following test data [Relative Folder Path: "target/downloadedFiles/"]. @20-12-2021 02:00:25.0684 AM
[ReportManager] Attempting to run locally on: [Mac-64], [Safari], Headless Execution. @20-12-2021 02:00:25.0685 AM
[ReportManager] Successfully Opened Safari. @20-12-2021 02:00:26.0540 AM
[ReportManager] Initial window size: (800, 600) @20-12-2021 02:00:26.0560 AM
[ReportManager] Window size after SWD Maximize: (1176, 803) @20-12-2021 02:00:26.0589 AM
[ReportManager] Browser Action [MaximizeWindow] successfully performed. With the following test data [New screen size is now: (1176, 803)]. @20-12-2021 02:00:26.0589 A

################################################################################################################################################
Starting Execution:	[76 out of 146] test cases in the current suite
Test Method:		[testPackage01.Test_clipboardActions.typeTextAndCopyPaste]
################################################################################################################################################
[ReportManager] Target URL: [https://www.google.com/ncr], and after redirection: [https://www.google.com] @20-12-2021 02:00:26.0592 AM
[ReportManager] Initial URL: [] @20-12-2021 02:00:26.0645 AM
[ReportManager] Browser Action [NavigateToURL] successfully performed. With the following test data [https://www.google.com/ncr]. @20-12-2021 02:00:28.0275 AM
[ReportManager] Element Action [Type] successfully performed. With the following test data [FIRST]. @20-12-2021 02:00:28.0599 A
[ReportManager] Browser Action [CloseCurrentWindow] successfully performed. @20-12-2021 02:00:33.0799 AM
[ReportManager] Successfully created attachment [Browser Action Test Data - CloseCurrentWindow - Actual Value] @20-12-2021 02:00:33.0800 A

################################################################################################################################################
Starting Execution:	[77 out of 146] test cases in the current suite
Test Method:		[testPackage01.Test_NewValidationHelper.f1]
################################################################################################################################################
[ReportManager] Assertion Passed: Checking valid user data @20-12-2021 02:00:33.0815 AM
[ReportManager] Successfully created attachment [Validation Test Data - Expected Value] @20-12-2021 02:00:33.0854 AM
[ReportManager] Successfully created attachment [Validation Test Data - Actual Value] @20-12-2021 02:00:33.0855 AM
[ReportManager] Assertion [ValidateEquals] PASSED. Expected and Actual values are attached. Comparison Type [EQUALS]. Validation Type [POSITIVE]. @20-12-2021 02:00:33.0855 A
[ReportManager] File Action [GetAbsolutePath] successfully performed. With the following test data [Relative Folder Path: "target/downloadedFiles/"]. @20-12-2021 02:00:33.0859 AM
[ReportManager] Attempting to run locally on: [Mac-64], [Safari], Headless Execution. @20-12-2021 02:00:33.0860 AM
[ReportManager] Successfully Opened Safari. @20-12-2021 02:00:34.0794 AM
[ReportManager] Initial window size: (800, 600) @20-12-2021 02:00:34.0828 AM
[ReportManager] Window size after SWD Maximize: (1176, 803) @20-12-2021 02:00:34.0896 AM
[ReportManager] Browser Action [MaximizeWindow] successfully performed. With the following test data [New screen size is now: (1176, 803)]. @20-12-2021 02:00:34.0897 AM
[ReportManager] Target URL: [https://the-internet.herokuapp.com/] @20-12-2021 02:00:34.0897 AM
[ReportManager] Initial URL: [] @20-12-2021 02:00:34.0973 AM
[ReportManager] Browser Action [NavigateToURL] successfully performed. With the following test data [https://the-internet.herokuapp.com/]. @20-12-2021 02:00:36.0349 A

################################################################################################################################################
Starting Execution:	[78 out of 146] test cases in the current suite
Test Method:		[testPackage01.Test_NewValidationHelper.f10]
################################################################################################################################################
[ReportManager] Loaded Shared OpenCV @20-12-2021 02:00:42.0502 AM
[ReportManager] Assertion [ValidateElementExists] FAILED. Expected [Element Should Exist, locator 'By.tagName: div'] and Actual [Element Exists but is not unique]. Comparison Type [EQUALS]. Validation Type [POSITIVE]. @20-12-2021 02:00:42.0614 AM
[ReportManager] Successfully created attachment [Screenshot - 1639965642501_f10_ValidateElementExists_failed] @20-12-2021 02:00:42.0617 A
[ReportManager] Successfully Closed All Drivers. @20-12-2021 02:00:42.0974 A
[ReportManager] File Action [GetAbsolutePath] successfully performed. With the following test data [Relative Folder Path: "target/downloadedFiles/"]. @20-12-2021 02:00:44.0451 AM
[ReportManager] Attempting to run locally on: [Mac-64], [Safari], Headless Execution. @20-12-2021 02:00:44.0452 AM
[ReportManager] Successfully Opened Safari. @20-12-2021 02:00:45.0380 AM
[ReportManager] Initial window size: (800, 600) @20-12-2021 02:00:45.0415 AM
[ReportManager] Window size after SWD Maximize: (1176, 803) @20-12-2021 02:00:45.0444 AM
[ReportManager] Browser Action [MaximizeWindow] successfully performed. With the following test data [New screen size is now: (1176, 803)]. @20-12-2021 02:00:45.0445 AM
[ReportManager] Target URL: [https://the-internet.herokuapp.com/] @20-12-2021 02:00:45.0445 AM
[ReportManager] Initial URL: [] @20-12-2021 02:00:45.0519 AM
[ReportManager] Browser Action [NavigateToURL] successfully performed. With the following test data [https://the-internet.herokuapp.com/]. @20-12-2021 02:00:46.0691 A

################################################################################################################################################
Starting Execution:	[79 out of 146] test cases in the current suite
Test Method:		[testPackage01.Test_NewValidationHelper.f11]
################################################################################################################################################
[ReportManager] org.openqa.selenium.TimeoutException:
Expected condition failed: waiting for com.shaft.gui.element.ElementActionsHelper$$Lambda$623/0x000000080113ece8@56625ce9 (tried for 5 second(s) with 1000 milliseconds interval)
org.openqa.selenium.support.ui.FluentWait.timeoutException(FluentWait.java:263)
org.openqa.selenium.support.ui.FluentWait.until(FluentWait.java:231)
com.shaft.gui.element.ElementActionsHelper.waitForElementPresence(ElementActionsHelper.java:63)
com.shaft.gui.element.ElementActionsHelper.waitForElementPresence(ElementActionsHelper.java:37)
com.shaft.gui.element.WebDriverElementActions.getMatchingElementsCount(WebDriverElementActions.java:1468)
com.shaft.gui.element.WebDriverElementActions.getElementsCount(WebDriverElementActions.java:559)
com.shaft.gui.element.ElementActions.getElementsCount(ElementActions.java:261)
com.shaft.validation.ValidationsHelper.validateElementExists(ValidationsHelper.java:149)
com.shaft.validation.Assertions.assertElementExists(Assertions.java:118)
testPackage01.Test_NewValidationHelper.f11(Test_NewValidationHelper.java:137)
java.base/jdk.internal.reflect.NativeMethodAccessorImpl.invoke0(Native Method)
java.base/jdk.internal.reflect.NativeMethodAccessorImpl.invoke(NativeMethodAccessorImpl.java:77)
java.base/jdk.internal.reflect.DelegatingMethodAccessorImpl.invoke(DelegatingMethodAccessorImpl.java:43)
java.base/java.lang.reflect.Method.invoke(Method.java:568)
org.testng.internal.MethodInvocationHelper.invokeMethod(MethodInvocationHelper.java:133)
org.testng.internal.TestInvoker.invokeMethod(TestInvoker.java:598)
org.testng.internal.TestInvoker.invokeTestMethod(TestInvoker.java:173)
org.testng.internal.MethodRunner.runInSequence(MethodRunner.java:46)
org.testng.internal.TestInvoker$MethodInvocationAgent.invoke(TestInvoker.java:824)
org.testng.internal.TestInvoker.invokeTestMethods(TestInvoker.java:146)
org.testng.internal.TestMethodWorker.invokeTestMethods(TestMethodWorker.java:146)
org.testng.internal.TestMethodWorker.run(TestMethodWorker.java:128)
java.base/java.util.ArrayList.forEach(ArrayList.java:1511)
org.testng.TestRunner.privateRun(TestRunner.java:794)
org.testng.TestRunner.run(TestRunner.java:596)
org.testng.SuiteRunner.runTest(SuiteRunner.java:377)
org.testng.SuiteRunner.runSequentially(SuiteRunner.java:371)
org.testng.SuiteRunner.privateRun(SuiteRunner.java:332)
org.testng.SuiteRunner.run(SuiteRunner.java:276)
org.testng.SuiteRunnerWorker.runSuite(SuiteRunnerWorker.java:53)
org.testng.SuiteRunnerWorker.run(SuiteRunnerWorker.java:96)
org.testng.TestNG.runSuitesSequentially(TestNG.java:1212)
org.testng.TestNG.runSuitesLocally(TestNG.java:1134)
org.testng.TestNG.runSuites(TestNG.java:1063)
org.testng.TestNG.run(TestNG.java:1031)
org.apache.maven.surefire.testng.TestNGExecutor.run(TestNGExecutor.java:136)
org.apache.maven.surefire.testng.TestNGDirectoryTestSuite.executeMulti(TestNGDirectoryTestSuite.java:193)
org.apache.maven.surefire.testng.TestNGDirectoryTestSuite.execute(TestNGDirectoryTestSuite.java:94)
org.apache.maven.surefire.testng.TestNGProvider.invoke(TestNGProvider.java:145)
org.apache.maven.surefire.booter.ForkedBooter.runSuitesInProcess(ForkedBooter.java:428)
org.apache.maven.surefire.booter.ForkedBooter.execute(ForkedBooter.java:162)
org.apache.maven.surefire.booter.ForkedBooter.run(ForkedBooter.java:562)
org.apache.maven.surefire.booter.ForkedBooter.main(ForkedBooter.java:548)

Caused by: org.openqa.selenium.NoSuchElementException:
For documentation on this error, please visit: https://selenium.dev/exceptions/#no_such_element
Build info: version: '4.1.0', revision: '87802e897b'
System info: host: 'Mac-1639965036347.local', ip: '10.212.11.74', os.name: 'Mac OS X', os.arch: 'x86_64', os.version: '11.5', java.version: '17.0.1'
Driver info: org.openqa.selenium.safari.SafariDriver
Command: [1D8C32AA-788C-4018-AEA5-6004E40DFCF1, findElement {using=tag name, value=h3}]
Capabilities {acceptInsecureCerts: false, browserName: Safari, browserVersion: 15.1, goog:loggingPrefs: {browser: ALL, client: ALL, driver: ALL, performance: ALL, profiler: ALL, server: ALL}, javascriptEnabled: true, pageLoadStrategy: normal, platform: MAC, platformName: MAC, safari:automaticInspection: false, safari:automaticProfiling: false, safari:diagnose: false, safari:platformBuildVersion: 20G224, safari:platformVersion: 11.6.1, safari:useSimulator: false, setWindowRect: true, strictFileInteractability: false, timeouts: {pageLoad: 30000, script: 30000}, webkit:WebRTC: {DisableICECandidateFiltering: false, DisableInsecureMediaCapture: false}}
Session ID: 1D8C32AA-788C-4018-AEA5-6004E40DFCF1
jdk.internal.reflect.GeneratedConstructorAccessor70.newInstance(Unknown Source)
java.base/jdk.internal.reflect.DelegatingConstructorAccessorImpl.newInstance(DelegatingConstructorAccessorImpl.java:45)
java.base/java.lang.reflect.Constructor.newInstanceWithCaller(Constructor.java:499)
java.base/java.lang.reflect.Constructor.newInstance(Constructor.java:480)
org.openqa.selenium.remote.codec.w3c.W3CHttpResponseCodec.createException(W3CHttpResponseCodec.java:200)
org.openqa.selenium.remote.codec.w3c.W3CHttpResponseCodec.decode(W3CHttpResponseCodec.java:133)
org.openqa.selenium.remote.codec.w3c.W3CHttpResponseCodec.decode(W3CHttpResponseCodec.java:53)
org.openqa.selenium.remote.HttpCommandExecutor.execute(HttpCommandExecutor.java:184)
org.openqa.selenium.remote.service.DriverCommandExecutor.invokeExecute(DriverCommandExecutor.java:164)
org.openqa.selenium.remote.service.DriverCommandExecutor.execute(DriverCommandExecutor.java:139)
org.openqa.selenium.remote.RemoteWebDriver.execute(RemoteWebDriver.java:559)
org.openqa.selenium.remote.ElementLocation$ElementFinder$2.findElement(ElementLocation.java:162)
org.openqa.selenium.remote.ElementLocation.findElement(ElementLocation.java:60)
org.openqa.selenium.remote.RemoteWebDriver.findElement(RemoteWebDriver.java:383)
org.openqa.selenium.remote.RemoteWebDriver.findElement(RemoteWebDriver.java:375)
com.shaft.gui.element.ElementActionsHelper.lambda$waitForElementPresence$0(ElementActionsHelper.java:66)
org.openqa.selenium.support.ui.FluentWait.until(FluentWait.java:208)
com.shaft.gui.element.ElementActionsHelper.waitForElementPresence(ElementActionsHelper.java:63)
com.shaft.gui.element.ElementActionsHelper.waitForElementPresence(ElementActionsHelper.java:37)
com.shaft.gui.element.WebDriverElementActions.getMatchingElementsCount(WebDriverElementActions.java:1468)
com.shaft.gui.element.WebDriverElementActions.getElementsCount(WebDriverElementActions.java:559)
com.shaft.gui.element.ElementActions.getElementsCount(ElementActions.java:261)
com.shaft.validation.ValidationsHelper.validateElementExists(ValidationsHelper.java:149)
com.shaft.validation.Assertions.assertElementExists(Assertions.java:118)
testPackage01.Test_NewValidationHelper.f11(Test_NewValidationHelper.java:137)
java.base/jdk.internal.reflect.NativeMethodAccessorImpl.invoke0(Native Method)
java.base/jdk.internal.reflect.NativeMethodAccessorImpl.invoke(NativeMethodAccessorImpl.java:77)
java.base/jdk.internal.reflect.DelegatingMethodAccessorImpl.invoke(DelegatingMethodAccessorImpl.java:43)
java.base/java.lang.reflect.Method.invoke(Method.java:568)
org.testng.internal.MethodInvocationHelper.invokeMethod(MethodInvocationHelper.java:133)
org.testng.internal.TestInvoker.invokeMethod(TestInvoker.java:598)
org.testng.internal.TestInvoker.invokeTestMethod(TestInvoker.java:173)
org.testng.internal.MethodRunner.runInSequence(MethodRunner.java:46)
org.testng.internal.TestInvoker$MethodInvocationAgent.invoke(TestInvoker.java:824)
org.testng.internal.TestInvoker.invokeTestMethods(TestInvoker.java:146)
org.testng.internal.TestMethodWorker.invokeTestMethods(TestMethodWorker.java:146)
org.testng.internal.TestMethodWorker.run(TestMethodWorker.java:128)
java.base/java.util.ArrayList.forEach(ArrayList.java:1511)
org.testng.TestRunner.privateRun(TestRunner.java:794)
org.testng.TestRunner.run(TestRunner.java:596)
org.testng.SuiteRunner.runTest(SuiteRunner.java:377)
org.testng.SuiteRunner.runSequentially(SuiteRunner.java:371)
org.testng.SuiteRunner.privateRun(SuiteRunner.java:332)
org.testng.SuiteRunner.run(SuiteRunner.java:276)
org.testng.SuiteRunnerWorker.runSuite(SuiteRunnerWorker.java:53)
org.testng.SuiteRunnerWorker.run(SuiteRunnerWorker.java:96)
org.testng.TestNG.runSuitesSequentially(TestNG.java:1212)
org.testng.TestNG.runSuitesLocally(TestNG.java:1134)
org.testng.TestNG.runSuites(TestNG.java:1063)
org.testng.TestNG.run(TestNG.java:1031)
org.apache.maven.surefire.testng.TestNGExecutor.run(TestNGExecutor.java:136)
org.apache.maven.surefire.testng.TestNGDirectoryTestSuite.executeMulti(TestNGDirectoryTestSuite.java:193)
org.apache.maven.surefire.testng.TestNGDirectoryTestSuite.execute(TestNGDirectoryTestSuite.java:94)
org.apache.maven.surefire.testng.TestNGProvider.invoke(TestNGProvider.java:145)
org.apache.maven.surefire.booter.ForkedBooter.runSuitesInProcess(ForkedBooter.java:428)
org.apache.maven.surefire.booter.ForkedBooter.execute(ForkedBooter.java:162)
org.apache.maven.surefire.booter.ForkedBooter.run(ForkedBooter.java:562)
org.apache.maven.surefire.booter.ForkedBooter.main(ForkedBooter.java:548) @20-12-2021 02:00:52.0009 AM
[ReportManager] org.openqa.selenium.TimeoutException:
Expected condition failed: waiting for com.shaft.gui.element.ElementActionsHelper$$Lambda$623/0x000000080113ece8@786b6aeb (tried for 5 second(s) with 1000 milliseconds interval)
org.openqa.selenium.support.ui.FluentWait.timeoutException(FluentWait.java:263)
org.openqa.selenium.support.ui.FluentWait.until(FluentWait.java:231)
com.shaft.gui.element.ElementActionsHelper.waitForElementPresence(ElementActionsHelper.java:63)
com.shaft.gui.element.ElementActionsHelper.waitForElementPresence(ElementActionsHelper.java:37)
com.shaft.gui.element.WebDriverElementActions.getMatchingElementsCount(WebDriverElementActions.java:1468)
com.shaft.gui.element.WebDriverElementActions.getElementsCount(WebDriverElementActions.java:559)
com.shaft.gui.element.ElementActions.getElementsCount(ElementActions.java:261)
com.shaft.gui.image.ScreenshotManager.internalCaptureScreenShot(ScreenshotManager.java:394)
com.shaft.gui.image.ScreenshotManager.captureScreenShot(ScreenshotManager.java:141)
com.shaft.validation.ValidationsHelper.reportValidationState(ValidationsHelper.java:823)
com.shaft.validation.ValidationsHelper.pass(ValidationsHelper.java:564)
com.shaft.validation.ValidationsHelper.validateElementExists(ValidationsHelper.java:166)
com.shaft.validation.Assertions.assertElementExists(Assertions.java:118)
testPackage01.Test_NewValidationHelper.f11(Test_NewValidationHelper.java:137)
java.base/jdk.internal.reflect.NativeMethodAccessorImpl.invoke0(Native Method)
java.base/jdk.internal.reflect.NativeMethodAccessorImpl.invoke(NativeMethodAccessorImpl.java:77)
java.base/jdk.internal.reflect.DelegatingMethodAccessorImpl.invoke(DelegatingMethodAccessorImpl.java:43)
java.base/java.lang.reflect.Method.invoke(Method.java:568)
org.testng.internal.MethodInvocationHelper.invokeMethod(MethodInvocationHelper.java:133)
org.testng.internal.TestInvoker.invokeMethod(TestInvoker.java:598)
org.testng.internal.TestInvoker.invokeTestMethod(TestInvoker.java:173)
org.testng.internal.MethodRunner.runInSequence(MethodRunner.java:46)
org.testng.internal.TestInvoker$MethodInvocationAgent.invoke(TestInvoker.java:824)
org.testng.internal.TestInvoker.invokeTestMethods(TestInvoker.java:146)
org.testng.internal.TestMethodWorker.invokeTestMethods(TestMethodWorker.java:146)
org.testng.internal.TestMethodWorker.run(TestMethodWorker.java:128)
java.base/java.util.ArrayList.forEach(ArrayList.java:1511)
org.testng.TestRunner.privateRun(TestRunner.java:794)
org.testng.TestRunner.run(TestRunner.java:596)
org.testng.SuiteRunner.runTest(SuiteRunner.java:377)
org.testng.SuiteRunner.runSequentially(SuiteRunner.java:371)
org.testng.SuiteRunner.privateRun(SuiteRunner.java:332)
org.testng.SuiteRunner.run(SuiteRunner.java:276)
org.testng.SuiteRunnerWorker.runSuite(SuiteRunnerWorker.java:53)
org.testng.SuiteRunnerWorker.run(SuiteRunnerWorker.java:96)
org.testng.TestNG.runSuitesSequentially(TestNG.java:1212)
org.testng.TestNG.runSuitesLocally(TestNG.java:1134)
org.testng.TestNG.runSuites(TestNG.java:1063)
org.testng.TestNG.run(TestNG.java:1031)
org.apache.maven.surefire.testng.TestNGExecutor.run(TestNGExecutor.java:136)
org.apache.maven.surefire.testng.TestNGDirectoryTestSuite.executeMulti(TestNGDirectoryTestSuite.java:193)
org.apache.maven.surefire.testng.TestNGDirectoryTestSuite.execute(TestNGDirectoryTestSuite.java:94)
org.apache.maven.surefire.testng.TestNGProvider.invoke(TestNGProvider.java:145)
org.apache.maven.surefire.booter.ForkedBooter.runSuitesInProcess(ForkedBooter.java:428)
org.apache.maven.surefire.booter.ForkedBooter.execute(ForkedBooter.java:162)
org.apache.maven.surefire.booter.ForkedBooter.run(ForkedBooter.java:562)
org.apache.maven.surefire.booter.ForkedBooter.main(ForkedBooter.java:548)

Caused by: org.openqa.selenium.NoSuchElementException:
For documentation on this error, please visit: https://selenium.dev/exceptions/#no_such_element
Build info: version: '4.1.0', revision: '87802e897b'
System info: host: 'Mac-1639965036347.local', ip: '10.212.11.74', os.name: 'Mac OS X', os.arch: 'x86_64', os.version: '11.5', java.version: '17.0.1'
Driver info: org.openqa.selenium.safari.SafariDriver
Command: [1D8C32AA-788C-4018-AEA5-6004E40DFCF1, findElement {using=tag name, value=h3}]
Capabilities {acceptInsecureCerts: false, browserName: Safari, browserVersion: 15.1, goog:loggingPrefs: {browser: ALL, client: ALL, driver: ALL, performance: ALL, profiler: ALL, server: ALL}, javascriptEnabled: true, pageLoadStrategy: normal, platform: MAC, platformName: MAC, safari:automaticInspection: false, safari:automaticProfiling: false, safari:diagnose: false, safari:platformBuildVersion: 20G224, safari:platformVersion: 11.6.1, safari:useSimulator: false, setWindowRect: true, strictFileInteractability: false, timeouts: {pageLoad: 30000, script: 30000}, webkit:WebRTC: {DisableICECandidateFiltering: false, DisableInsecureMediaCapture: false}}
Session ID: 1D8C32AA-788C-4018-AEA5-6004E40DFCF1
jdk.internal.reflect.GeneratedConstructorAccessor70.newInstance(Unknown Source)
java.base/jdk.internal.reflect.DelegatingConstructorAccessorImpl.newInstance(DelegatingConstructorAccessorImpl.java:45)
java.base/java.lang.reflect.Constructor.newInstanceWithCaller(Constructor.java:499)
java.base/java.lang.reflect.Constructor.newInstance(Constructor.java:480)
org.openqa.selenium.remote.codec.w3c.W3CHttpResponseCodec.createException(W3CHttpResponseCodec.java:200)
org.openqa.selenium.remote.codec.w3c.W3CHttpResponseCodec.decode(W3CHttpResponseCodec.java:133)
org.openqa.selenium.remote.codec.w3c.W3CHttpResponseCodec.decode(W3CHttpResponseCodec.java:53)
org.openqa.selenium.remote.HttpCommandExecutor.execute(HttpCommandExecutor.java:184)
org.openqa.selenium.remote.service.DriverCommandExecutor.invokeExecute(DriverCommandExecutor.java:164)
org.openqa.selenium.remote.service.DriverCommandExecutor.execute(DriverCommandExecutor.java:139)
org.openqa.selenium.remote.RemoteWebDriver.execute(RemoteWebDriver.java:559)
org.openqa.selenium.remote.ElementLocation$ElementFinder$2.findElement(ElementLocation.java:162)
org.openqa.selenium.remote.ElementLocation.findElement(ElementLocation.java:60)
org.openqa.selenium.remote.RemoteWebDriver.findElement(RemoteWebDriver.java:383)
org.openqa.selenium.remote.RemoteWebDriver.findElement(RemoteWebDriver.java:375)
com.shaft.gui.element.ElementActionsHelper.lambda$waitForElementPresence$0(ElementActionsHelper.java:66)
org.openqa.selenium.support.ui.FluentWait.until(FluentWait.java:208)
com.shaft.gui.element.ElementActionsHelper.waitForElementPresence(ElementActionsHelper.java:63)
com.shaft.gui.element.ElementActionsHelper.waitForElementPresence(ElementActionsHelper.java:37)
com.shaft.gui.element.WebDriverElementActions.getMatchingElementsCount(WebDriverElementActions.java:1468)
com.shaft.gui.element.WebDriverElementActions.getElementsCount(WebDriverElementActions.java:559)
com.shaft.gui.element.ElementActions.getElementsCount(ElementActions.java:261)
com.shaft.gui.image.ScreenshotManager.internalCaptureScreenShot(ScreenshotManager.java:394)
com.shaft.gui.image.ScreenshotManager.captureScreenShot(ScreenshotManager.java:141)
com.shaft.validation.ValidationsHelper.reportValidationState(ValidationsHelper.java:823)
com.shaft.validation.ValidationsHelper.pass(ValidationsHelper.java:564)
com.shaft.validation.ValidationsHelper.validateElementExists(ValidationsHelper.java:166)
com.shaft.validation.Assertions.assertElementExists(Assertions.java:118)
testPackage01.Test_NewValidationHelper.f11(Test_NewValidationHelper.java:137)
java.base/jdk.internal.reflect.NativeMethodAccessorImpl.invoke0(Native Method)
java.base/jdk.internal.reflect.NativeMethodAccessorImpl.invoke(NativeMethodAccessorImpl.java:77)
java.base/jdk.internal.reflect.DelegatingMethodAccessorImpl.invoke(DelegatingMethodAccessorImpl.java:43)
java.base/java.lang.reflect.Method.invoke(Method.java:568)
org.testng.internal.MethodInvocationHelper.invokeMethod(MethodInvocationHelper.java:133)
org.testng.internal.TestInvoker.invokeMethod(TestInvoker.java:598)
org.testng.internal.TestInvoker.invokeTestMethod(TestInvoker.java:173)
org.testng.internal.MethodRunner.runInSequence(MethodRunner.java:46)
org.testng.internal.TestInvoker$MethodInvocationAgent.invoke(TestInvoker.java:824)
org.testng.internal.TestInvoker.invokeTestMethods(TestInvoker.java:146)
org.testng.internal.TestMethodWorker.invokeTestMethods(TestMethodWorker.java:146)
org.testng.internal.TestMethodWorker.run(TestMethodWorker.java:128)
java.base/java.util.ArrayList.forEach(ArrayList.java:1511)
org.testng.TestRunner.privateRun(TestRunner.java:794)
org.testng.TestRunner.run(TestRunner.java:596)
org.testng.SuiteRunner.runTest(SuiteRunner.java:377)
org.testng.SuiteRunner.runSequentially(SuiteRunner.java:371)
org.testng.SuiteRunner.privateRun(SuiteRunner.java:332)
org.testng.SuiteRunner.run(SuiteRunner.java:276)
org.testng.SuiteRunnerWorker.runSuite(SuiteRunnerWorker.java:53)
org.testng.SuiteRunnerWorker.run(SuiteRunnerWorker.java:96)
org.testng.TestNG.runSuitesSequentially(TestNG.java:1212)
org.testng.TestNG.runSuitesLocally(TestNG.java:1134)
org.testng.TestNG.runSuites(TestNG.java:1063)
org.testng.TestNG.run(TestNG.java:1031)
org.apache.maven.surefire.testng.TestNGExecutor.run(TestNGExecutor.java:136)
org.apache.maven.surefire.testng.TestNGDirectoryTestSuite.executeMulti(TestNGDirectoryTestSuite.java:193)
org.apache.maven.surefire.testng.TestNGDirectoryTestSuite.execute(TestNGDirectoryTestSuite.java:94)
org.apache.maven.surefire.testng.TestNGProvider.invoke(TestNGProvider.java:145)
org.apache.maven.surefire.booter.ForkedBooter.runSuitesInProcess(ForkedBooter.java:428)
org.apache.maven.surefire.booter.ForkedBooter.execute(ForkedBooter.java:162)
org.apache.maven.surefire.booter.ForkedBooter.run(ForkedBooter.java:562)
org.apache.maven.surefire.booter.ForkedBooter.main(ForkedBooter.java:548) @20-12-2021 02:00:57.0379 AM
[ReportManager] Assertion Passed: Checking that false tag doesn't exist @20-12-2021 02:00:57.0579 AM
[ReportManager] Successfully created attachment [Screenshot - 1639965657413_f11_ValidateElementExists_passed] @20-12-2021 02:00:57.0580 AM
[ReportManager] Assertion [ValidateElementExists] PASSED. Expected [Element Should not Exist, locator 'By.tagName: h3'] and Actual [Element Doesn't Exists]. Comparison Type [EQUALS]. Validation Type [NEGATIVE]. @20-12-2021 02:00:57.0581 A
[ReportManager] Successfully Closed All Drivers. @20-12-2021 02:00:57.0969 A
[ReportManager] File Action [GetAbsolutePath] successfully performed. With the following test data [Relative Folder Path: "target/downloadedFiles/"]. @20-12-2021 02:00:57.0972 AM
[ReportManager] Attempting to run locally on: [Mac-64], [Safari], Headless Execution. @20-12-2021 02:00:57.0973 AM
[ReportManager] Successfully Opened Safari. @20-12-2021 02:00:58.0927 AM
[ReportManager] Initial window size: (800, 600) @20-12-2021 02:00:58.0961 AM
[ReportManager] Window size after SWD Maximize: (1176, 803) @20-12-2021 02:00:58.0979 AM
[ReportManager] Browser Action [MaximizeWindow] successfully performed. With the following test data [New screen size is now: (1176, 803)]. @20-12-2021 02:00:58.0979 AM
[ReportManager] Target URL: [https://the-internet.herokuapp.com/] @20-12-2021 02:00:58.0979 AM
[ReportManager] Initial URL: [] @20-12-2021 02:00:59.0037 AM
[ReportManager] Browser Action [NavigateToURL] successfully performed. With the following test data [https://the-internet.herokuapp.com/]. @20-12-2021 02:01:00.0200 A

################################################################################################################################################
Starting Execution:	[80 out of 146] test cases in the current suite
Test Method:		[testPackage01.Test_NewValidationHelper.f12]
################################################################################################################################################
[ReportManager] Loaded Shared OpenCV @20-12-2021 02:01:00.0516 AM
[ReportManager] Assertion [ValidateElementExists] FAILED. Expected [Element Should not Exist, locator 'By.tagName: h1'] and Actual [Element Exists]. Comparison Type [EQUALS]. Validation Type [NEGATIVE]. @20-12-2021 02:01:00.0660 AM
[ReportManager] Successfully created attachment [Screenshot - 1639965660516_f12_ValidateElementExists_failed] @20-12-2021 02:01:00.0662 A
[ReportManager] Successfully Closed All Drivers. @20-12-2021 02:01:00.0731 A
[ReportManager] File Action [GetAbsolutePath] successfully performed. With the following test data [Relative Folder Path: "target/downloadedFiles/"]. @20-12-2021 02:01:00.0734 AM
[ReportManager] Attempting to run locally on: [Mac-64], [Safari], Headless Execution. @20-12-2021 02:01:00.0734 AM
[ReportManager] Successfully Opened Safari. @20-12-2021 02:01:01.0611 AM
[ReportManager] Initial window size: (800, 600) @20-12-2021 02:01:01.0631 AM
[ReportManager] Window size after SWD Maximize: (1176, 803) @20-12-2021 02:01:01.0652 AM
[ReportManager] Browser Action [MaximizeWindow] successfully performed. With the following test data [New screen size is now: (1176, 803)]. @20-12-2021 02:01:01.0653 AM
[ReportManager] Target URL: [https://the-internet.herokuapp.com/] @20-12-2021 02:01:01.0653 AM
[ReportManager] Initial URL: [] @20-12-2021 02:01:01.0727 AM
[ReportManager] Browser Action [NavigateToURL] successfully performed. With the following test data [https://the-internet.herokuapp.com/]. @20-12-2021 02:01:03.0097 A

################################################################################################################################################
Starting Execution:	[81 out of 146] test cases in the current suite
Test Method:		[testPackage01.Test_NewValidationHelper.f13]
################################################################################################################################################
[ReportManager] Loaded Shared OpenCV @20-12-2021 02:01:03.0202 AM
[ReportManager] Assertion [ValidateElementExists] FAILED. Expected [Element Should not Exist, locator 'By.tagName: div'] and Actual [Element Exists but is not unique]. Comparison Type [EQUALS]. Validation Type [NEGATIVE]. @20-12-2021 02:01:03.0311 AM
[ReportManager] Successfully created attachment [Screenshot - 1639965663202_f13_ValidateElementExists_failed] @20-12-2021 02:01:03.0313 A
[ReportManager] Successfully Closed All Drivers. @20-12-2021 02:01:03.0397 A
[ReportManager] File Action [GetAbsolutePath] successfully performed. With the following test data [Relative Folder Path: "target/downloadedFiles/"]. @20-12-2021 02:01:03.0400 AM
[ReportManager] Attempting to run locally on: [Mac-64], [Safari], Headless Execution. @20-12-2021 02:01:03.0400 AM
[ReportManager] An Exception Occured with this Message: Could not start a new session. Possible causes are invalid address of the remote server or browser start-up failure.. @20-12-2021 02:01:03.0460 AM
[ReportManager] Successfully created attachment [Exception Stack Trace - org.openqa.selenium.SessionNotCreatedException] @20-12-2021 02:01:03.0461 AM
[ReportManager] Driver Factory Action [createNewLocalDriverInstanceForSafari] failed. With the following test data [Failed to create a session on DESKTOP_SAFARI]. @20-12-2021 02:01:03.0461 A

################################################################################################################################################
Starting Execution:	[82 out of 146] test cases in the current suite
Test Method:		[testPackage01.Test_NewValidationHelper.f14]
###############################################################################################################################################



################################################################################################################################################
Starting Execution:	[83 out of 146] test cases in the current suite
Test Method:		[testPackage01.Test_NewValidationHelper.f15]
###############################################################################################################################################



################################################################################################################################################
Starting Execution:	[84 out of 146] test cases in the current suite
Test Method:		[testPackage01.Test_NewValidationHelper.f16]
###############################################################################################################################################



################################################################################################################################################
Starting Execution:	[85 out of 146] test cases in the current suite
Test Method:		[testPackage01.Test_NewValidationHelper.f17]
###############################################################################################################################################



################################################################################################################################################
Starting Execution:	[86 out of 146] test cases in the current suite
Test Method:		[testPackage01.Test_NewValidationHelper.f18]
###############################################################################################################################################


################################################################################################################################################
Starting Execution:	[87 out of 146] test cases in the current suite
Test Method:		[testPackage01.Test_NewValidationHelper.f2]
###############################################################################################################################################


################################################################################################################################################
Starting Execution:	[88 out of 146] test cases in the current suite
Test Method:		[testPackage01.Test_NewValidationHelper.f20]
###############################################################################################################################################



################################################################################################################################################
Starting Execution:	[89 out of 146] test cases in the current suite
Test Method:		[testPackage01.Test_NewValidationHelper.f21]
###############################################################################################################################################



################################################################################################################################################
Starting Execution:	[90 out of 146] test cases in the current suite
Test Method:		[testPackage01.Test_NewValidationHelper.f22]
###############################################################################################################################################


################################################################################################################################################
Starting Execution:	[91 out of 146] test cases in the current suite
Test Method:		[testPackage01.Test_NewValidationHelper.f23]
###############################################################################################################################################

################################################################################################################################################
Starting Execution:	[92 out of 146] test cases in the current suite
Test Method:		[testPackage01.Test_NewValidationHelper.f24]
###############################################################################################################################################

################################################################################################################################################
Starting Execution:	[93 out of 146] test cases in the current suite
Test Method:		[testPackage01.Test_NewValidationHelper.f25]
###############################################################################################################################################

################################################################################################################################################
Starting Execution:	[94 out of 146] test cases in the current suite
Test Method:		[testPackage01.Test_NewValidationHelper.f26]
###############################################################################################################################################

################################################################################################################################################
Starting Execution:	[95 out of 146] test cases in the current suite
Test Method:		[testPackage01.Test_NewValidationHelper.f27]
###############################################################################################################################################

################################################################################################################################################
Starting Execution:	[96 out of 146] test cases in the current suite
Test Method:		[testPackage01.Test_NewValidationHelper.f28]
###############################################################################################################################################

################################################################################################################################################
Starting Execution:	[97 out of 146] test cases in the current suite
Test Method:		[testPackage01.Test_NewValidationHelper.f29]
###############################################################################################################################################

################################################################################################################################################
Starting Execution:	[98 out of 146] test cases in the current suite
Test Method:		[testPackage01.Test_NewValidationHelper.f3]
###############################################################################################################################################

################################################################################################################################################
Starting Execution:	[99 out of 146] test cases in the current suite
Test Method:		[testPackage01.Test_NewValidationHelper.f30]
###############################################################################################################################################

################################################################################################################################################
Starting Execution:	[100 out of 146] test cases in the current suite
Test Method:		[testPackage01.Test_NewValidationHelper.f31]
###############################################################################################################################################

################################################################################################################################################
Starting Execution:	[101 out of 146] test cases in the current suite
Test Method:		[testPackage01.Test_NewValidationHelper.f32]
###############################################################################################################################################

################################################################################################################################################
Starting Execution:	[102 out of 146] test cases in the current suite
Test Method:		[testPackage01.Test_NewValidationHelper.f33]
###############################################################################################################################################

################################################################################################################################################
Starting Execution:	[103 out of 146] test cases in the current suite
Test Method:		[testPackage01.Test_NewValidationHelper.f34]
###############################################################################################################################################

################################################################################################################################################
Starting Execution:	[104 out of 146] test cases in the current suite
Test Method:		[testPackage01.Test_NewValidationHelper.f35]
###############################################################################################################################################

################################################################################################################################################
Starting Execution:	[105 out of 146] test cases in the current suite
Test Method:		[testPackage01.Test_NewValidationHelper.f36]
###############################################################################################################################################

################################################################################################################################################
Starting Execution:	[106 out of 146] test cases in the current suite
Test Method:		[testPackage01.Test_NewValidationHelper.f37]
###############################################################################################################################################

################################################################################################################################################
Starting Execution:	[107 out of 146] test cases in the current suite
Test Method:		[testPackage01.Test_NewValidationHelper.f3_1]
###############################################################################################################################################

################################################################################################################################################
Starting Execution:	[108 out of 146] test cases in the current suite
Test Method:		[testPackage01.Test_NewValidationHelper.f4]
###############################################################################################################################################

################################################################################################################################################
Starting Execution:	[109 out of 146] test cases in the current suite
Test Method:		[testPackage01.Test_NewValidationHelper.f5]
###############################################################################################################################################

################################################################################################################################################
Starting Execution:	[110 out of 146] test cases in the current suite
Test Method:		[testPackage01.Test_NewValidationHelper.f6]
###############################################################################################################################################

################################################################################################################################################
Starting Execution:	[111 out of 146] test cases in the current suite
Test Method:		[testPackage01.Test_NewValidationHelper.f6_1]
###############################################################################################################################################

################################################################################################################################################
Starting Execution:	[112 out of 146] test cases in the current suite
Test Method:		[testPackage01.Test_NewValidationHelper.f6_2]
###############################################################################################################################################

################################################################################################################################################
Starting Execution:	[113 out of 146] test cases in the current suite
Test Method:		[testPackage01.Test_NewValidationHelper.f7]
###############################################################################################################################################


################################################################################################################################################
Starting Execution:	[114 out of 146] test cases in the current suite
Test Method:		[testPackage01.Test_NewValidationHelper.f8]
###############################################################################################################################################



################################################################################################################################################
Starting Execution:	[115 out of 146] test cases in the current suite
Test Method:		[testPackage01.Test_NewValidationHelper.f9]
###############################################################################################################################################


################################################################################################################################################
Starting Execution:	[116 out of 146] test cases in the current suite
Test Method:		[testPackage01.Test_NewValidationHelper.forceFail]
###############################################################################################################################################

################################################################################################################################################
Starting Execution:	[117 out of 146] test cases in the current suite
Test Method:		[testPackage01.Test_NewValidationHelper.forceFail2]
###############################################################################################################################################

################################################################################################################################################
Starting Execution:	[118 out of 146] test cases in the current suite
Test Method:		[testPackage01.Test_JsonActions.f]
###############################################################################################################################################

################################################################################################################################################
Starting Execution:	[119 out of 146] test cases in the current suite
Test Method:		[testPackage01.Test_JsonActions.f2]
###############################################################################################################################################

################################################################################################################################################
Starting Execution:	[120 out of 146] test cases in the current suite
Test Method:		[testPackage01.Test_sendGraphqlRequest.sendGraphqlRequestUsingMutationAndVariables]
################################################################################################################################################
[ReportManager] GraphQl Request is being Performed with the Following Parameters [Service URL: https://api.spacex.land/graphql | Request Body: {"variables":"{\"name\": \"sherlock holmes\",\"rocket\": \"221B Baker Street\"}","query":"mutation ($name: String, $rocket: String) {\n  insert_users(objects: {name: $name, rocket: $rocket}) {\n    returning {\n      name\n      rocket\n    }\n  }\n}"}] @20-12-2021 02:01:03.0786 AM
[ReportManager] Response status code: [200], status line: [HTTP/1.1 200 OK] @20-12-2021 02:01:07.0573 AM
[ReportManager] Assertion Passed: Evaluating the actual response status code against the expected one... @20-12-2021 02:01:07.0574 AM
[ReportManager] Assertion [ValidateComparativeRelation] PASSED. Expected [200] and Actual [200]. Comparison Type [EQUALS]. Validation Type [POSITIVE]. @20-12-2021 02:01:07.0574 AM
[ReportManager] API Action [PerformRequest] successfully performed. With the following test data [Request Type: "POST" | Target Status Code: "200" | Service URL: "https://api.spacex.land/graphql" | Content Type: "application/json" | Response Time: "3702ms"]. @20-12-2021 02:01:07.0607 AM
[ReportManager] Successfully created attachment [API Request - Specifications] @20-12-2021 02:01:07.0608 AM
[ReportManager] Successfully created attachment [API Request - JSON Body] @20-12-2021 02:01:07.0608 AM
[ReportManager] Successfully created attachment [API Response - JSON Body] @20-12-2021 02:01:07.0609 AM
[ReportManager] API Action [GetResponseJSONValue] successfully performed. With the following test data [data.insert_users.returning[0].name]. @20-12-2021 02:01:07.0667 AM
[ReportManager] Assertion [ValidateEquals] PASSED. Expected [sherlock holmes] and Actual [sherlock holmes]. Comparison Type [EQUALS]. Validation Type [POSITIVE]. @20-12-2021 02:01:07.0667 A

################################################################################################################################################
Starting Execution:	[121 out of 146] test cases in the current suite
Test Method:		[testPackage01.Test_sendGraphqlRequest.sendGraphqlRequestUsingQuery]
################################################################################################################################################
[ReportManager] GraphQl Request is being Performed with the Following Parameters [Service URL: https://api.spacex.land/graphql | Request Body: {"query":"{company {ceo}}"}] @20-12-2021 02:01:07.0673 AM
[ReportManager] Response status code: [200], status line: [HTTP/1.1 200 OK] @20-12-2021 02:01:07.0938 AM
[ReportManager] Assertion Passed: Evaluating the actual response status code against the expected one... @20-12-2021 02:01:07.0939 AM
[ReportManager] Assertion [ValidateComparativeRelation] PASSED. Expected [200] and Actual [200]. Comparison Type [EQUALS]. Validation Type [POSITIVE]. @20-12-2021 02:01:07.0939 AM
[ReportManager] API Action [PerformRequest] successfully performed. With the following test data [Request Type: "POST" | Target Status Code: "200" | Service URL: "https://api.spacex.land/graphql" | Content Type: "application/json" | Response Time: "261ms"]. @20-12-2021 02:01:07.0953 AM
[ReportManager] Successfully created attachment [API Request - Specifications] @20-12-2021 02:01:07.0954 AM
[ReportManager] Successfully created attachment [API Request - JSON Body] @20-12-2021 02:01:07.0955 AM
[ReportManager] Successfully created attachment [API Response - JSON Body] @20-12-2021 02:01:07.0955 AM
[ReportManager] API Action [GetResponseJSONValue] successfully performed. With the following test data [data.company.ceo]. @20-12-2021 02:01:07.0968 AM
[ReportManager] Assertion [ValidateEquals] PASSED. Expected [Elon Musk] and Actual [Elon Musk]. Comparison Type [EQUALS]. Validation Type [POSITIVE]. @20-12-2021 02:01:07.0969 A

################################################################################################################################################
Starting Execution:	[122 out of 146] test cases in the current suite
Test Method:		[testPackage01.Test_MatchJsonSchema.checkAPI_ResponseSchema]
################################################################################################################################################
[ReportManager] Response status code: [200], status line: [HTTP/1.1 200 OK] @20-12-2021 02:01:08.0105 AM
[ReportManager] Assertion Passed: Evaluating the actual response status code against the expected one... @20-12-2021 02:01:08.0105 AM
[ReportManager] Assertion [ValidateComparativeRelation] PASSED. Expected [200] and Actual [200]. Comparison Type [EQUALS]. Validation Type [POSITIVE]. @20-12-2021 02:01:08.0105 AM
[ReportManager] API Action [PerformRequest] successfully performed. With the following test data [Request Type: "GET" | Target Status Code: "200" | Service URL: "http://api.zippopotam.us/us/90210" | Content Type: "*/*" | Response Time: "127ms"]. @20-12-2021 02:01:08.0119 AM
[ReportManager] Successfully created attachment [API Request - Specifications] @20-12-2021 02:01:08.0120 AM
[ReportManager] Successfully created attachment [API Response - JSON Body] @20-12-2021 02:01:08.0121 AM
[ReportManager] File Action [GetAbsolutePath] successfully performed. With the following test data [Relative Folder Path: "src/test/resources/testDataFiles/schema.json"]. @20-12-2021 02:01:08.0122 AM
[ReportManager] File Action [GetAbsolutePath] successfully performed. With the following test data [Relative Folder Path: "/Users/runner/work/SHAFT_ENGINE/SHAFT_ENGINE/src/test/resources/testDataFiles/schema.json"]. @20-12-2021 02:01:09.0013 AM
[ReportManager] File Action [ReadFromFile] successfully performed. With the following test data [File Path: "/Users/runner/work/SHAFT_ENGINE/SHAFT_ENGINE/src/test/resources/testDataFiles/schema.json"]. @20-12-2021 02:01:09.0013 AM
[ReportManager] Assertion Passed: Then I Assert that the API response schema matches that in this file [src/test/resources/testDataFiles/schema.json]. @20-12-2021 02:01:09.0014 AM
[ReportManager] Successfully created attachment [Validation Test Data - Expected JSON Value] @20-12-2021 02:01:09.0015 AM
[ReportManager] Successfully created attachment [Validation Test Data - Actual JSON Value] @20-12-2021 02:01:09.0016 AM
[ReportManager] Assertion [ValidateResponseFileSchema] PASSED. Expected [Response data should match the JSON File in this path '/Users/runner/work/SHAFT_ENGINE/SHAFT_ENGINE/src/test/resources/testDataFiles/schema.json'] and Actual [TRUE]. Comparison Type [EQUALS]. Validation Type [POSITIVE]. @20-12-2021 02:01:09.0016 A
[ReportManager] File Action [GetAbsolutePath] successfully performed. With the following test data [Relative Folder Path: "target/downloadedFiles/"]. @20-12-2021 02:01:09.0019 AM
[ReportManager] Attempting to run locally on: [Mac-64], [Safari], Headless Execution. @20-12-2021 02:01:09.0019 AM
[ReportManager] Successfully Opened Safari. @20-12-2021 02:01:09.0877 AM
[ReportManager] Initial window size: (800, 600) @20-12-2021 02:01:09.0896 AM
[ReportManager] Window size after SWD Maximize: (1176, 803) @20-12-2021 02:01:09.0914 AM
[ReportManager] Browser Action [MaximizeWindow] successfully performed. With the following test data [New screen size is now: (1176, 803)]. @20-12-2021 02:01:09.0914 A

################################################################################################################################################
Starting Execution:	[123 out of 146] test cases in the current suite
Test Method:		[testPackage01.Test_dragAndDrop.dragAndDropJquery]
################################################################################################################################################
[ReportManager] Target URL: [https://jqueryui.com/resources/demos/droppable/default.html] @20-12-2021 02:01:09.0918 AM
[ReportManager] Initial URL: [] @20-12-2021 02:01:09.0978 AM
[ReportManager] Browser Action [NavigateToURL] successfully performed. With the following test data [https://jqueryui.com/resources/demos/droppable/default.html]. @20-12-2021 02:01:10.0492 AM
[ReportManager] Element Action [GetText] successfully performed. With the following test data [
	Drop here
]. @20-12-2021 02:01:10.0569 AM
[ReportManager] Element Action [DragAndDrop] successfully performed. With the following test data [Start point: (8, 18), End point: (8, 18)]. @20-12-2021 02:01:11.0664 AM
[ReportManager] Element Action [GetText] successfully performed. With the following test data [
	Dropped!
]. @20-12-2021 02:01:11.0704 AM
[ReportManager] Assertion Passed: Checking to see if the text has changed after performing drag and drop @20-12-2021 02:01:11.0704 AM
[ReportManager] Assertion [ValidateEquals] PASSED. Expected [
	Drop here
] and Actual [
	Dropped!
]. Comparison Type [EQUALS]. Validation Type [NEGATIVE]. @20-12-2021 02:01:11.0705 A
[ReportManager] Browser Action [CloseCurrentWindow] successfully performed. @20-12-2021 02:01:12.0090 AM
[ReportManager] Successfully created attachment [Browser Action Test Data - CloseCurrentWindow - Actual Value] @20-12-2021 02:01:12.0091 A
[ReportManager] File Action [GetAbsolutePath] successfully performed. With the following test data [Relative Folder Path: "target/downloadedFiles/"]. @20-12-2021 02:01:12.0093 AM
[ReportManager] Attempting to run locally on: [Mac-64], [Safari], Headless Execution. @20-12-2021 02:01:12.0093 AM
[ReportManager] Successfully Opened Safari. @20-12-2021 02:01:13.0257 AM
[ReportManager] Initial window size: (800, 600) @20-12-2021 02:01:13.0293 AM
[ReportManager] Window size after SWD Maximize: (1176, 803) @20-12-2021 02:01:13.0339 AM
[ReportManager] Browser Action [MaximizeWindow] successfully performed. With the following test data [New screen size is now: (1176, 803)]. @20-12-2021 02:01:13.0339 A

################################################################################################################################################
Starting Execution:	[124 out of 146] test cases in the current suite
Test Method:		[testPackage01.Test_dragAndDrop.dragAndDrop]
Test Description:	[TC001 - Test Drag and Drop function.]
################################################################################################################################################
[ReportManager] Target URL: [http://the-internet.herokuapp.com/drag_and_drop] @20-12-2021 02:01:13.0343 AM
[ReportManager] Initial URL: [] @20-12-2021 02:01:13.0415 AM
[ReportManager] Browser Action [NavigateToURL] successfully performed. With the following test data [http://the-internet.herokuapp.com/drag_and_drop]. @20-12-2021 02:01:15.0320 AM
[ReportManager] Attempting Drag and Drop @20-12-2021 02:01:15.0322 AM
[ReportManager] Element Action [DragAndDrop] successfully performed. With the following test data [Start point: (120, 89), End point: (335, 89)]. @20-12-2021 02:01:16.0015 A
[ReportManager] Browser Action [CloseCurrentWindow] successfully performed. @20-12-2021 02:01:16.0390 AM
[ReportManager] Successfully created attachment [Browser Action Test Data - CloseCurrentWindow - Actual Value] @20-12-2021 02:01:16.0391 A
[ReportManager] File Action [GetAbsolutePath] successfully performed. With the following test data [Relative Folder Path: "target/downloadedFiles/"]. @20-12-2021 02:01:16.0393 AM
[ReportManager] Attempting to run locally on: [Mac-64], [Safari], Headless Execution. @20-12-2021 02:01:16.0393 AM
[ReportManager] Successfully Opened Safari. @20-12-2021 02:01:17.0225 AM
[ReportManager] Initial window size: (800, 600) @20-12-2021 02:01:17.0262 AM
[ReportManager] Window size after SWD Maximize: (1176, 803) @20-12-2021 02:01:17.0282 AM
[ReportManager] Browser Action [MaximizeWindow] successfully performed. With the following test data [New screen size is now: (1176, 803)]. @20-12-2021 02:01:17.0284 A

################################################################################################################################################
Starting Execution:	[125 out of 146] test cases in the current suite
Test Method:		[testPackage01.Test_dragAndDrop.dragAndDropByOffset]
Test Description:	[TC002 - Test Drag and Drop by offset function.]
################################################################################################################################################
[ReportManager] Target URL: [https://jqueryui.com/resources/demos/draggable/default.html] @20-12-2021 02:01:17.0291 AM
[ReportManager] Initial URL: [] @20-12-2021 02:01:17.0346 AM
[ReportManager] Browser Action [NavigateToURL] successfully performed. With the following test data [https://jqueryui.com/resources/demos/draggable/default.html]. @20-12-2021 02:01:17.0883 AM
[ReportManager] Element Action [DragAndDropByOffset] successfully performed. With the following test data [Start point: (8, 8), End point: (108, 58)]. @20-12-2021 02:01:18.0710 A
[ReportManager] Browser Action [CloseCurrentWindow] successfully performed. @20-12-2021 02:01:19.0102 AM
[ReportManager] Successfully created attachment [Browser Action Test Data - CloseCurrentWindow - Actual Value] @20-12-2021 02:01:19.0102 A
[ReportManager] Successfully loaded the following test data file [src/test/resources/testDataFiles/testSuite01/TestData.xlsx]. @20-12-2021 02:01:19.0145 AM
[ReportManager] Successfully created attachment [Test Data - Excel] @20-12-2021 02:01:19.0146 AM
[ReportManager] File Action [GetAbsolutePath] successfully performed. With the following test data [Relative Folder Path: "target/downloadedFiles/"]. @20-12-2021 02:01:19.0146 AM
[ReportManager] Attempting to run locally on: [Mac-64], [Safari], Headless Execution. @20-12-2021 02:01:19.0146 AM
[ReportManager] Successfully Opened Safari. @20-12-2021 02:01:20.0042 AM
[ReportManager] Initial window size: (800, 600) @20-12-2021 02:01:20.0078 AM
[ReportManager] Window size after SWD Maximize: (1176, 803) @20-12-2021 02:01:20.0113 AM
[ReportManager] Browser Action [MaximizeWindow] successfully performed. With the following test data [New screen size is now: (1176, 803)]. @20-12-2021 02:01:20.0114 A

################################################################################################################################################
Starting Execution:	[126 out of 146] test cases in the current suite
Test Method:		[testPackage01.Test_google.navigateToURLandVerifyGoogleLogoIsDisplayed]
Test Description:	[TC001 - Navigate to URL and Verify Google Logo is Displayed]
################################################################################################################################################
[ReportManager] Target URL: [https://www.google.com/ncr], and after redirection: [https://www.google.com] @20-12-2021 02:01:20.0127 AM
[ReportManager] Initial URL: [] @20-12-2021 02:01:20.0193 AM
[ReportManager] Browser Action [NavigateToURL] successfully performed. With the following test data [https://www.google.com/ncr]. @20-12-2021 02:01:21.0931 AM
[ReportManager] Loaded Shared OpenCV @20-12-2021 02:01:22.0027 AM
[ReportManager] Assertion Passed: Then I Assert that the element found by [By.xpath: //*[@id='hplogo' or @alt='Google']] exists. @20-12-2021 02:01:22.0139 AM
[ReportManager] Successfully created attachment [Screenshot - 1639965682027_navigateToURLandVerifyGoogleLogoIsDisplayed_ValidateElementExists_passed] @20-12-2021 02:01:22.0140 AM
[ReportManager] Assertion [ValidateElementExists] PASSED. Expected [Element Should Exist, locator 'By.xpath: //*[@id='hplogo' or @alt='Google']'] and Actual [Element Exists]. Comparison Type [EQUALS]. Validation Type [POSITIVE]. @20-12-2021 02:01:22.0140 A

################################################################################################################################################
Starting Execution:	[127 out of 146] test cases in the current suite
Test Method:		[testPackage01.Test_google.searchForQueryandAssertResultsNumDisplayed]
Test Description:	[TC002 - Search for Query and Assert that the number of results is displayed]
################################################################################################################################################
[ReportManager] Element Action [Type] successfully performed. With the following test data [SHAFT_Engine]. @20-12-2021 02:01:22.0464 AM
[ReportManager] Element Action [KeyPress] successfully performed. With the following test data [Enter]. @20-12-2021 02:01:22.0551 AM
[ReportManager] Element Action [GetText] successfully performed. With the following test data [About 780,000 results (0.71 seconds)Â ]. @20-12-2021 02:01:23.0761 AM
[ReportManager] Loaded Shared OpenCV @20-12-2021 02:01:24.0339 AM
[ReportManager] Assertion Passed: Then I Assert that the element found by [By.id: appbar] text does not equal []. @20-12-2021 02:01:24.0491 AM
[ReportManager] Successfully created attachment [Screenshot - 1639965684339_searchForQueryandAssertResultsNumDisplayed_ValidateElementAttribute_passed] @20-12-2021 02:01:24.0494 AM
[ReportManager] Assertion [ValidateElementAttribute] PASSED. Expected [Value Should not be '' for the 'text' attribute, element locator 'By.id: appbar'] and Actual [About 780,000 results (0.71 seconds)Â ]. Comparison Type [EQUALS]. Validation Type [NEGATIVE]. @20-12-2021 02:01:24.0494 A

################################################################################################################################################
Starting Execution:	[128 out of 146] test cases in the current suite
Test Method:		[testPackage01.Test_google.clickNextThrice]
Test Description:	[TC003 - Clicks the next button to make sure that the framework can scroll element into view before clicking it]
################################################################################################################################################
[ReportManager] Element Action [Click] successfully performed. With the following test data [By.xpath: //span[text()='Next']]. @20-12-2021 02:01:24.0844 A
[ReportManager] Successfully Closed All Drivers. @20-12-2021 02:01:25.0002 A
[ReportManager] File Action [GetAbsolutePath] successfully performed. With the following test data [Relative Folder Path: "target/downloadedFiles/"]. @20-12-2021 02:01:25.0004 AM
[ReportManager] Attempting to run locally on: [Mac-64], [Safari], Headless Execution. @20-12-2021 02:01:25.0004 AM
[ReportManager] Successfully Opened Safari. @20-12-2021 02:01:25.0896 AM
[ReportManager] Initial window size: (800, 600) @20-12-2021 02:01:25.0909 AM
[ReportManager] Window size after SWD Maximize: (1176, 803) @20-12-2021 02:01:25.0946 AM
[ReportManager] Browser Action [MaximizeWindow] successfully performed. With the following test data [New screen size is now: (1176, 803)]. @20-12-2021 02:01:25.0947 A

################################################################################################################################################
Starting Execution:	[129 out of 146] test cases in the current suite
Test Method:		[testPackage01.Test_chainableElementActions.chainElementActions]
################################################################################################################################################
[ReportManager] Target URL: [https://www.google.com/ncr], and after redirection: [https://www.google.com] @20-12-2021 02:01:25.0960 AM
[ReportManager] Initial URL: [] @20-12-2021 02:01:26.0041 AM
[ReportManager] Browser Action [NavigateToURL] successfully performed. With the following test data [https://www.google.com/ncr]. @20-12-2021 02:01:27.0740 AM
[ReportManager] Element Action [Type] successfully performed. With the following test data [chained type 1]. @20-12-2021 02:01:27.0974 AM
[ReportManager] Element Action [Type] successfully performed. With the following test data [chained type 2]. @20-12-2021 02:01:28.0331 AM
[ReportManager] Element Action [TypeAppend] successfully performed. With the following test data [345]. @20-12-2021 02:01:28.0390 AM
[ReportManager] Element Action [GetText] successfully performed. With the following test data [chained type 2345]. @20-12-2021 02:01:28.0448 AM
[ReportManager] Loaded Shared OpenCV @20-12-2021 02:01:28.0522 AM
[ReportManager] Assertion Passed: Then I Assert that the element found by [By.name: q] text is equal to [chained type 2345]. @20-12-2021 02:01:28.0670 AM
[ReportManager] Successfully created attachment [Screenshot - 1639965688522_chainElementActions_ValidateElementAttribute_passed] @20-12-2021 02:01:28.0672 AM
[ReportManager] Assertion [ValidateElementAttribute] PASSED. Expected [Value Should be 'chained type 2345' for the 'text' attribute, element locator 'By.name: q'] and Actual [chained type 2345]. Comparison Type [EQUALS]. Validation Type [POSITIVE]. @20-12-2021 02:01:28.0672 A
[ReportManager] Successfully Closed All Drivers. @20-12-2021 02:01:28.0873 A
[ReportManager] File Action [GetAbsolutePath] successfully performed. With the following test data [Relative Folder Path: "target/downloadedFiles/"]. @20-12-2021 02:01:28.0875 AM
[ReportManager] Attempting to run locally on: [Mac-64], [Safari], Headless Execution. @20-12-2021 02:01:28.0876 AM
[ReportManager] An Exception Occured with this Message: Could not start a new session. Possible causes are invalid address of the remote server or browser start-up failure.. @20-12-2021 02:01:29.0224 AM
[ReportManager] Successfully created attachment [Exception Stack Trace - org.openqa.selenium.SessionNotCreatedException] @20-12-2021 02:01:29.0224 AM
[ReportManager] Driver Factory Action [createNewLocalDriverInstanceForSafari] failed. With the following test data [Failed to create a session on DESKTOP_SAFARI]. @20-12-2021 02:01:29.0225 A

################################################################################################################################################
Starting Execution:	[130 out of 146] test cases in the current suite
Test Method:		[testPackage01.Test_RelativeLocators.relativeLocatorsTest1]
###############################################################################################################################################


################################################################################################################################################
Starting Execution:	[131 out of 146] test cases in the current suite
Test Method:		[testPackage01.Test_JsonCompareWithSpecialCharacters.specialCharacters]
################################################################################################################################################
[ReportManager] File Action [GetAbsolutePath] successfully performed. With the following test data [Relative Folder Path: "src/test/resources/testDataFiles/specialCharacters.json"]. @20-12-2021 02:01:29.0236 AM
[ReportManager] File Action [ReadFromFile] successfully performed. With the following test data [File Path: "/Users/runner/work/SHAFT_ENGINE/SHAFT_ENGINE/src/test/resources/testDataFiles/specialCharacters.json"]. @20-12-2021 02:01:29.0236 AM
[ReportManager] Successfully created attachment [File Action Actual Result - Command Log] @20-12-2021 02:01:29.0237 AM
[ReportManager] Comparing the provided API response with the file at this path "src/test/resources/testDataFiles/specialCharacters.json", comparison type "EQUALS" @20-12-2021 02:01:29.0239 AM
[ReportManager] API Action [CompareJSON] successfully performed. With the following test data [src/test/resources/testDataFiles/specialCharacters.json]. @20-12-2021 02:01:29.0248 AM
[ReportManager] File Action [GetAbsolutePath] successfully performed. With the following test data [Relative Folder Path: "src/test/resources/testDataFiles/specialCharacters.json"]. @20-12-2021 02:01:29.0248 AM
[ReportManager] File Action [ReadFromFile] successfully performed. With the following test data [File Path: "/Users/runner/work/SHAFT_ENGINE/SHAFT_ENGINE/src/test/resources/testDataFiles/specialCharacters.json"]. @20-12-2021 02:01:29.0249 AM
[ReportManager] Verification [ValidateJSONFileContent] PASSED. Expected [Response data should match the JSON File in this path 'src/test/resources/testDataFiles/specialCharacters.json'] and Actual [TRUE]. Comparison Type [EQUALS]. Validation Type [POSITIVE]. @20-12-2021 02:01:29.0255 AM
[ReportManager] Successfully created attachment [Validation Test Data - Expected JSON Value] @20-12-2021 02:01:29.0256 AM
[ReportManager] Successfully created attachment [Validation Test Data - Actual JSON Value] @20-12-2021 02:01:29.0256 A

################################################################################################################################################
Starting Execution:	[132 out of 146] test cases in the current suite
Test Method:		[testPackage01.Test_JsonCompareWithSpecialCharacters.specialCharacters_assertion]
################################################################################################################################################
[ReportManager] File Action [GetAbsolutePath] successfully performed. With the following test data [Relative Folder Path: "src/test/resources/testDataFiles/specialCharacters.json"]. @20-12-2021 02:01:29.0260 AM
[ReportManager] File Action [ReadFromFile] successfully performed. With the following test data [File Path: "/Users/runner/work/SHAFT_ENGINE/SHAFT_ENGINE/src/test/resources/testDataFiles/specialCharacters.json"]. @20-12-2021 02:01:29.0261 AM
[ReportManager] Successfully created attachment [File Action Actual Result - Command Log] @20-12-2021 02:01:29.0262 AM
[ReportManager] Comparing the provided API response with the file at this path "src/test/resources/testDataFiles/specialCharacters.json", comparison type "CONTAINS" @20-12-2021 02:01:29.0262 AM
[ReportManager] API Action [CompareJSON] successfully performed. With the following test data [src/test/resources/testDataFiles/specialCharacters.json]. @20-12-2021 02:01:29.0273 AM
[ReportManager] File Action [GetAbsolutePath] successfully performed. With the following test data [Relative Folder Path: "src/test/resources/testDataFiles/specialCharacters.json"]. @20-12-2021 02:01:29.0274 AM
[ReportManager] File Action [ReadFromFile] successfully performed. With the following test data [File Path: "/Users/runner/work/SHAFT_ENGINE/SHAFT_ENGINE/src/test/resources/testDataFiles/specialCharacters.json"]. @20-12-2021 02:01:29.0274 AM
[ReportManager] Assertion Passed: trying out the log message @20-12-2021 02:01:29.0278 AM
[ReportManager] Successfully created attachment [Validation Test Data - Expected JSON Value] @20-12-2021 02:01:29.0280 AM
[ReportManager] Successfully created attachment [Validation Test Data - Actual JSON Value] @20-12-2021 02:01:29.0280 AM
[ReportManager] Assertion [ValidateJSONFileContent] PASSED. Expected [Response data should match the JSON File in this path 'src/test/resources/testDataFiles/specialCharacters.json'] and Actual [TRUE]. Comparison Type [CONTAINS]. Validation Type [POSITIVE]. @20-12-2021 02:01:29.0280 A

################################################################################################################################################
Starting Execution:	[133 out of 146] test cases in the current suite
Test Method:		[testPackage01.Test_SkipDueToIssue.doNotSkip]
################################################################################################################################################
[ReportManager] This should not be skipped. @20-12-2021 02:01:29.0284 A

################################################################################################################################################
Starting Execution:	[134 out of 146] test cases in the current suite
Test Method:		[testPackage01.Test_SkipDueToIssue.skip]
################################################################################################################################################
[ReportManager] This should be skipped. @20-12-2021 02:01:29.0291 A

################################################################################################################################################
Starting Execution:	[135 out of 146] test cases in the current suite
Test Method:		[testPackage01.Test_SkipDueToIssue.skip2]
################################################################################################################################################
[ReportManager] This should be skipped. @20-12-2021 02:01:29.0297 A

################################################################################################################################################
Starting Execution:	[136 out of 146] test cases in the current suite
Test Method:		[testPackage01.Test_JSONFileManager.readStringFromJson]
################################################################################################################################################
[ReportManager] File Action [GetAbsolutePath] successfully performed. With the following test data [Relative Folder Path: "src/test/resources/testDataFiles/simpleJSON.json"]. @20-12-2021 02:01:29.0302 AM
[ReportManager] Successfully loaded the following test data file [src/test/resources/testDataFiles/simpleJSON.json]. @20-12-2021 02:01:29.0303 AM
[ReportManager] Successfully created attachment [Test Data - JSON] @20-12-2021 02:01:29.0304 AM
[ReportManager] File Action [GetAbsolutePath] successfully performed. With the following test data [Relative Folder Path: "src/test/resources/testDataFiles/simpleJSON.json"]. @20-12-2021 02:01:29.0305 AM
[ReportManager] Assertion [ValidateEquals] PASSED. Expected [Mohab Mohie] and Actual [Mohab Mohie]. Comparison Type [EQUALS]. Validation Type [POSITIVE]. @20-12-2021 02:01:29.0319 A
[ReportManager] File Action [GetAbsolutePath] successfully performed. With the following test data [Relative Folder Path: "target/downloadedFiles/"]. @20-12-2021 02:01:29.0322 AM
[ReportManager] Attempting to run locally on: [Mac-64], [Safari], Headless Execution. @20-12-2021 02:01:29.0322 AM
[ReportManager] Successfully Opened Safari. @20-12-2021 02:01:30.0249 AM
[ReportManager] Initial window size: (800, 600) @20-12-2021 02:01:30.0455 AM
[ReportManager] Window size after SWD Maximize: (1176, 803) @20-12-2021 02:01:30.0555 AM
[ReportManager] Browser Action [MaximizeWindow] successfully performed. With the following test data [New screen size is now: (1176, 803)]. @20-12-2021 02:01:30.0555 A

################################################################################################################################################
Starting Execution:	[137 out of 146] test cases in the current suite
Test Method:		[testPackage01.Test_assertEquals.test_assertElementAttribute]
################################################################################################################################################
[ReportManager] Target URL: [https://www.google.com/ncr], and after redirection: [https://www.google.com] @20-12-2021 02:01:30.0559 AM
[ReportManager] Initial URL: [] @20-12-2021 02:01:30.0600 AM
[ReportManager] Browser Action [NavigateToURL] successfully performed. With the following test data [https://www.google.com/ncr]. @20-12-2021 02:01:32.0211 AM
[ReportManager] Element Action [Type] successfully performed. With the following test data [INC_004010050:Another SCHEDULER with the same name [Duplicate Job Name] already exists.]. @20-12-2021 02:01:32.0968 AM
[ReportManager] Element Action [GetText] successfully performed. With the following test data [INC_004010050:Another SCHEDULER with the same name [Duplicate Job Name] already exists.]. @20-12-2021 02:01:33.0025 AM
[ReportManager] Loaded Shared OpenCV @20-12-2021 02:01:33.0090 AM
[ReportManager] Assertion [ValidateElementAttribute] PASSED. Expected [Value Should be 'INC_004010050:Another SCHEDULER with the same name \[Duplicate Job Name\] already exists.' for the 'text' attribute, element locator 'By.name: q'] and Actual [INC_004010050:Another SCHEDULER with the same name [Duplicate Job Name] already exists.]. Comparison Type [MATCHES]. Validation Type [POSITIVE]. @20-12-2021 02:01:33.0211 AM
[ReportManager] Successfully created attachment [Screenshot - 1639965693090_test_assertElementAttribute_ValidateElementAttribute_passed] @20-12-2021 02:01:33.0212 A
[ReportManager] Browser Action [CloseCurrentWindow] successfully performed. @20-12-2021 02:01:33.0373 AM
[ReportManager] Successfully created attachment [Browser Action Test Data - CloseCurrentWindow - Actual Value] @20-12-2021 02:01:33.0374 A
[ReportManager] File Action [GetAbsolutePath] successfully performed. With the following test data [Relative Folder Path: "target/downloadedFiles/"]. @20-12-2021 02:01:33.0376 AM
[ReportManager] Attempting to run locally on: [Mac-64], [Safari], Headless Execution. @20-12-2021 02:01:33.0376 AM
[ReportManager] An Exception Occured with this Message: Could not start a new session. Possible causes are invalid address of the remote server or browser start-up failure.. @20-12-2021 02:01:33.0587 AM
[ReportManager] Successfully created attachment [Exception Stack Trace - org.openqa.selenium.SessionNotCreatedException] @20-12-2021 02:01:33.0587 AM
[ReportManager] Driver Factory Action [createNewLocalDriverInstanceForSafari] failed. With the following test data [Failed to create a session on DESKTOP_SAFARI]. @20-12-2021 02:01:33.0588 A

################################################################################################################################################
Starting Execution:	[138 out of 146] test cases in the current suite
Test Method:		[testPackage01.Test_IsElementClickable.testIsElementClickable]
###############################################################################################################################################

[ReportManager] Successfully loaded the following test data file [src/test/resources/testDataFiles/testSuite01/TestData.xlsx]. @20-12-2021 02:01:33.0707 AM
[ReportManager] Successfully created attachment [Test Data - Excel] @20-12-2021 02:01:33.0707 AM
[ReportManager] Attempting to run using Playwright locally on: [Mac-64], [Safari], Headless Execution. @20-12-2021 02:01:57.0310 AM
[ReportManager] File Action [GetAbsolutePath] successfully performed. With the following test data [Relative Folder Path: "target/downloadedFiles/"]. @20-12-2021 02:01:57.0312 AM
[ReportManager] Initial window size: (1280, 720) @20-12-2021 02:02:02.0144 AM
[ReportManager] Window size after Toolkit: com.microsoft.playwright.options.ViewportSize@1f963035 @20-12-2021 02:02:02.0159 AM
[ReportManager] Browser Action [MaximizeWindow] successfully performed. With the following test data [New screen size is now: (1920, 1080)]. @20-12-2021 02:02:02.0161 A

################################################################################################################################################
Starting Execution:	[139 out of 146] test cases in the current suite
Test Method:		[testPackage01.Test_google_playwright.navigateToURLandVerifyGoogleLogoIsDisplayed]
Test Description:	[TC001 - Navigate to URL and Verify Google Logo is Displayed]
################################################################################################################################################
[ReportManager] Target URL: [https://www.google.com/ncr], and after redirection: [https://www.google.com] @20-12-2021 02:02:02.0166 AM
[ReportManager] Initial URL: [about:blank] @20-12-2021 02:02:02.0709 AM
[ReportManager] Browser Action [NavigateToURL] successfully performed. With the following test data [https://www.google.com/ncr]. @20-12-2021 02:02:05.0742 AM
[ReportManager] Loaded Shared OpenCV @20-12-2021 02:02:05.0827 AM
[ReportManager] Assertion [ValidateElementExists] PASSED. Expected [Element Should Exist, locator 'xpath=//*[@id='hplogo' or @alt='Google']'] and Actual [Element Exists]. Comparison Type [EQUALS]. Validation Type [POSITIVE]. @20-12-2021 02:02:06.0035 AM
[ReportManager] Successfully created attachment [Screenshot - 1639965725823_navigateToURLandVerifyGoogleLogoIsDisplayed_ValidateElementExists_passed] @20-12-2021 02:02:06.0036 A

################################################################################################################################################
Starting Execution:	[140 out of 146] test cases in the current suite
Test Method:		[testPackage01.Test_google_playwright.searchForQueryandAssertResultsNumDisplayed]
Test Description:	[TC002 - Search for Query and Assert that the number of results is displayed]
################################################################################################################################################
[ReportManager] Element Action [Type] successfully performed. With the following test data [SHAFT_Engine]. @20-12-2021 02:02:06.0203 AM
[ReportManager] Element Action [KeyPress] successfully performed. With the following test data [Enter]. @20-12-2021 02:02:06.0236 AM
[ReportManager] Element Action [GetText] successfully performed. With the following test data [About 780,000 results (0.59 seconds)Â 
]. @20-12-2021 02:02:07.0148 AM
[ReportManager] Loaded Shared OpenCV @20-12-2021 02:02:09.0215 AM
[ReportManager] Assertion [ValidateElementAttribute] PASSED. Expected [Value Should not be '' for the 'text' attribute, element locator 'xpath=//div[@id='appbar']'] and Actual [About 780,000 results (0.59 seconds)Â 
]. Comparison Type [EQUALS]. Validation Type [NEGATIVE]. @20-12-2021 02:02:09.0444 AM
[ReportManager] Successfully created attachment [Screenshot - 1639965729213_searchForQueryandAssertResultsNumDisplayed_ValidateElementAttribute_passed] @20-12-2021 02:02:09.0446 A

################################################################################################################################################
Starting Execution:	[141 out of 146] test cases in the current suite
Test Method:		[testPackage01.Test_google_playwright.clickNextThrice]
Test Description:	[TC003 - Clicks the next button to make sure that the framework can scroll element into view before clicking it]
################################################################################################################################################
[ReportManager] Element Action [Click] successfully performed. With the following test data [Next]. @20-12-2021 02:02:09.0852 A
[ReportManager] Failed to find video recording. @20-12-2021 02:02:09.0855 AM
[ReportManager] Successfully Closed PlayWright Driver. @20-12-2021 02:02:09.0901 A
[ReportManager] File Action [GetAbsolutePath] successfully performed. With the following test data [Relative Folder Path: "target/downloadedFiles/"]. @20-12-2021 02:02:09.0902 AM
[ReportManager] Attempting to run locally on: [Mac-64], [Safari], Headless Execution. @20-12-2021 02:02:09.0903 AM
[ReportManager] Successfully Opened Safari. @20-12-2021 02:02:10.0807 AM
[ReportManager] Initial window size: (800, 600) @20-12-2021 02:02:10.0924 AM
[ReportManager] Window size after SWD Maximize: (1176, 803) @20-12-2021 02:02:10.0951 AM
[ReportManager] Browser Action [MaximizeWindow] successfully performed. With the following test data [New screen size is now: (1176, 803)]. @20-12-2021 02:02:10.0952 A

################################################################################################################################################
Starting Execution:	[142 out of 146] test cases in the current suite
Test Method:		[testPackage01.Test_verifyEquals.test_assertElementAttribute]
################################################################################################################################################
[ReportManager] Target URL: [https://www.google.com/ncr], and after redirection: [https://www.google.com] @20-12-2021 02:02:10.0955 AM
[ReportManager] Initial URL: [] @20-12-2021 02:02:11.0037 AM
[ReportManager] Browser Action [NavigateToURL] successfully performed. With the following test data [https://www.google.com/ncr]. @20-12-2021 02:02:13.0331 AM
[ReportManager] Element Action [Type] successfully performed. With the following test data [INC_004010050:Another SCHEDULER with the same name [Duplicate Job Name] already exists.]. @20-12-2021 02:02:14.0298 AM
[ReportManager] Element Action [GetText] successfully performed. With the following test data [INC_004010050:Another SCHEDULER with the same name [Duplicate Job Name] already exists.]. @20-12-2021 02:02:14.0361 AM
[ReportManager] Loaded Shared OpenCV @20-12-2021 02:02:14.0419 AM
[ReportManager] Verification [ValidateElementAttribute] PASSED. Expected [Value Should be 'INC_004010050:Another SCHEDULER with the same name \[Duplicate Job Name\] already exists.' for the 'text' attribute, element locator 'By.name: q'] and Actual [INC_004010050:Another SCHEDULER with the same name [Duplicate Job Name] already exists.]. Comparison Type [MATCHES]. Validation Type [POSITIVE]. @20-12-2021 02:02:14.0531 AM
[ReportManager] Successfully created attachment [Screenshot - 1639965734419_test_assertElementAttribute_ValidateElementAttribute_passed] @20-12-2021 02:02:14.0533 A
[ReportManager] Browser Action [CloseCurrentWindow] successfully performed. @20-12-2021 02:02:14.0628 AM
[ReportManager] Successfully created attachment [Browser Action Test Data - CloseCurrentWindow - Actual Value] @20-12-2021 02:02:14.0629 A

################################################################################################################################################
Starting Execution:	[143 out of 146] test cases in the current suite
Test Method:		[testPackage01.Test_SelectedValue.multipleSelect]
################################################################################################################################################
[ReportManager] File Action [GetAbsolutePath] successfully performed. With the following test data [Relative Folder Path: "target/downloadedFiles/"]. @20-12-2021 02:02:14.0634 AM
[ReportManager] Attempting to run locally on: [Mac-64], [GoogleChrome], Headless Execution. @20-12-2021 02:02:14.0636 AM
[ReportManager] Identifying OS/Driver combination and selecting the correct driver version automatically. Please note that if a new driver executable will be downloaded it may take some time... @20-12-2021 02:02:14.0636 AM
[ReportManager] Successfully Opened Google Chrome. @20-12-2021 02:02:18.0280 AM
[ReportManager] Initial window size: (1920, 1080) @20-12-2021 02:02:18.0286 AM
[ReportManager] Window size after SWD Maximize: (1920, 1080) @20-12-2021 02:02:18.0507 AM
[ReportManager] Window size after Toolkit: (1920, 1080) @20-12-2021 02:02:18.0835 AM
[ReportManager] Browser Action [MaximizeWindow] successfully performed. With the following test data [New screen size is now: (1920, 1080)]. @20-12-2021 02:02:18.0838 AM
[ReportManager] Target URL: [https://yari-demos.prod.mdn.mozit.cloud/en-US/docs/Web/HTML/Element/select/_sample_.Advanced_select_with_multiple_features.html] @20-12-2021 02:02:18.0839 AM
[ReportManager] Initial URL: [data:,] @20-12-2021 02:02:18.0874 AM
[ReportManager] Browser Action [NavigateToURL] successfully performed. With the following test data [https://yari-demos.prod.mdn.mozit.cloud/en-US/docs/Web/HTML/Element/select/_sample_.Advanced_select_with_multiple_features.html]. @20-12-2021 02:02:19.0409 AM
[ReportManager] Element Action [Select] successfully performed. With the following test data [Dog]. @20-12-2021 02:02:19.0645 AM
[ReportManager] Element Action [Select] successfully performed. With the following test data [Cat]. @20-12-2021 02:02:19.0822 AM
[ReportManager] Element Action [GetSelectedText] successfully performed. With the following test data [DogCat]. @20-12-2021 02:02:19.0927 AM
[ReportManager] DogCat @20-12-2021 02:02:19.0927 AM
[ReportManager] Element Action [GetSelectedText] successfully performed. With the following test data [DogCat]. @20-12-2021 02:02:20.0023 AM
[ReportManager] Loaded Shared OpenCV @20-12-2021 02:02:20.0345 AM
[ReportManager] Assertion [ValidateElementAttribute] PASSED. Expected [Value Should be 'DogCat' for the 'selectedText' attribute, element locator 'By.tagName: select'] and Actual [DogCat]. Comparison Type [EQUALS]. Validation Type [POSITIVE]. @20-12-2021 02:02:20.0509 AM
[ReportManager] Successfully created attachment [Screenshot - 1639965740345_multipleSelect_ValidateElementAttribute_passed] @20-12-2021 02:02:20.0510 AM
[ReportManager] Browser Action [CloseCurrentWindow] successfully performed. @20-12-2021 02:02:20.0731 AM
[ReportManager] Successfully created attachment [Browser Action Test Data - CloseCurrentWindow - Actual Value] @20-12-2021 02:02:20.0732 A

################################################################################################################################################
Starting Execution:	[144 out of 146] test cases in the current suite
Test Method:		[testPackage01.Test_SelectedValue.simpleSelect]
################################################################################################################################################
[ReportManager] File Action [GetAbsolutePath] successfully performed. With the following test data [Relative Folder Path: "target/downloadedFiles/"]. @20-12-2021 02:02:20.0737 AM
[ReportManager] Attempting to run locally on: [Mac-64], [GoogleChrome], Headless Execution. @20-12-2021 02:02:20.0737 AM
[ReportManager] Identifying OS/Driver combination and selecting the correct driver version automatically. Please note that if a new driver executable will be downloaded it may take some time... @20-12-2021 02:02:20.0737 AM
[ReportManager] Successfully Opened Google Chrome. @20-12-2021 02:02:21.0207 AM
[ReportManager] Initial window size: (1920, 1080) @20-12-2021 02:02:21.0211 AM
[ReportManager] Window size after SWD Maximize: (1920, 1080) @20-12-2021 02:02:21.0461 AM
[ReportManager] Window size after Toolkit: (1920, 1080) @20-12-2021 02:02:21.0960 AM
[ReportManager] Browser Action [MaximizeWindow] successfully performed. With the following test data [New screen size is now: (1920, 1080)]. @20-12-2021 02:02:21.0963 AM
[ReportManager] Target URL: [https://yari-demos.prod.mdn.mozit.cloud/en-US/docs/Web/HTML/Element/select/_sample_.Basic_select.html] @20-12-2021 02:02:21.0964 AM
[ReportManager] Initial URL: [data:,] @20-12-2021 02:02:21.0999 AM
[ReportManager] Browser Action [NavigateToURL] successfully performed. With the following test data [https://yari-demos.prod.mdn.mozit.cloud/en-US/docs/Web/HTML/Element/select/_sample_.Basic_select.html]. @20-12-2021 02:02:22.0221 AM
[ReportManager] Element Action [Select] successfully performed. With the following test data [Third Value]. @20-12-2021 02:02:22.0516 AM
[ReportManager] Element Action [GetSelectedText] successfully performed. With the following test data [Third Value]. @20-12-2021 02:02:22.0600 AM
[ReportManager] Third Value @20-12-2021 02:02:22.0600 AM
[ReportManager] Element Action [GetSelectedText] successfully performed. With the following test data [Third Value]. @20-12-2021 02:02:22.0678 AM
[ReportManager] Loaded Shared OpenCV @20-12-2021 02:02:22.0998 AM
[ReportManager] Assertion [ValidateElementAttribute] PASSED. Expected [Value Should be 'Third Value' for the 'selectedText' attribute, element locator 'By.tagName: select'] and Actual [Third Value]. Comparison Type [EQUALS]. Validation Type [POSITIVE]. @20-12-2021 02:02:23.0165 AM
[ReportManager] Successfully created attachment [Screenshot - 1639965742998_simpleSelect_ValidateElementAttribute_passed] @20-12-2021 02:02:23.0166 AM
[ReportManager] Browser Action [CloseCurrentWindow] successfully performed. @20-12-2021 02:02:23.0393 AM
[ReportManager] Successfully created attachment [Browser Action Test Data - CloseCurrentWindow - Actual Value] @20-12-2021 02:02:23.0394 A
[ReportManager] File Action [GetAbsolutePath] successfully performed. With the following test data [Relative Folder Path: "target/downloadedFiles/"]. @20-12-2021 02:02:23.0396 AM
[ReportManager] Attempting to run locally on: [Mac-64], [Safari], Headless Execution. @20-12-2021 02:02:23.0397 AM
[ReportManager] Successfully Opened Safari. @20-12-2021 02:02:24.0210 AM
[ReportManager] Initial window size: (800, 600) @20-12-2021 02:02:24.0236 AM
[ReportManager] Window size after SWD Maximize: (1176, 803) @20-12-2021 02:02:24.0251 AM
[ReportManager] Browser Action [MaximizeWindow] successfully performed. With the following test data [New screen size is now: (1176, 803)]. @20-12-2021 02:02:24.0252 A

################################################################################################################################################
Starting Execution:	[145 out of 146] test cases in the current suite
Test Method:		[testPackage01.Test_dynamicLoading.dynamicLoading_elementIsHidden]
################################################################################################################################################
[ReportManager] Target URL: [https://the-internet.herokuapp.com/dynamic_loading/1] @20-12-2021 02:02:24.0255 AM
[ReportManager] Initial URL: [] @20-12-2021 02:02:24.0308 AM
[ReportManager] Browser Action [NavigateToURL] successfully performed. With the following test data [https://the-internet.herokuapp.com/dynamic_loading/1]. @20-12-2021 02:02:25.0546 AM
[ReportManager] Element Action [Click] successfully performed. With the following test data [By.xpath: //button[text()='Start']]. @20-12-2021 02:02:25.0738 AM
[ReportManager] Element Action [GetText] successfully performed. With the following test data [
    Hello World!
  ]. @20-12-2021 02:02:25.0779 A
[ReportManager] Browser Action [CloseCurrentWindow] successfully performed. @20-12-2021 02:02:26.0221 AM
[ReportManager] Successfully created attachment [Browser Action Test Data - CloseCurrentWindow - Actual Value] @20-12-2021 02:02:26.0221 A
[ReportManager] File Action [GetAbsolutePath] successfully performed. With the following test data [Relative Folder Path: "target/downloadedFiles/"]. @20-12-2021 02:02:26.0223 AM
[ReportManager] Attempting to run locally on: [Mac-64], [Safari], Headless Execution. @20-12-2021 02:02:26.0223 AM
[ReportManager] Successfully Opened Safari. @20-12-2021 02:02:27.0077 AM
[ReportManager] Initial window size: (800, 600) @20-12-2021 02:02:27.0096 AM
[ReportManager] Window size after SWD Maximize: (1176, 803) @20-12-2021 02:02:27.0110 AM
[ReportManager] Browser Action [MaximizeWindow] successfully performed. With the following test data [New screen size is now: (1176, 803)]. @20-12-2021 02:02:27.0110 A

################################################################################################################################################
Starting Execution:	[146 out of 146] test cases in the current suite
Test Method:		[testPackage01.Test_dynamicLoading.dynamicLoading_elementIsRendered]
################################################################################################################################################
[ReportManager] Target URL: [https://the-internet.herokuapp.com/dynamic_loading/2] @20-12-2021 02:02:27.0159 AM
[ReportManager] Initial URL: [] @20-12-2021 02:02:27.0197 AM
[ReportManager] Browser Action [NavigateToURL] successfully performed. With the following test data [https://the-internet.herokuapp.com/dynamic_loading/2]. @20-12-2021 02:02:28.0338 AM
[ReportManager] Element Action [Click] successfully performed. With the following test data [By.xpath: //button[text()='Start']]. @20-12-2021 02:02:28.0647 AM
[ReportManager] Element Action [GetText] successfully performed. With the following test data [Hello World!]. @20-12-2021 02:02:34.0037 AM
[ReportManager] Loaded Shared OpenCV @20-12-2021 02:02:34.0090 AM
[ReportManager] Assertion [ValidateElementAttribute] PASSED. Expected [Value Should be 'Hello World!' for the 'text' attribute, element locator 'By.id: finish'] and Actual [Hello World!]. Comparison Type [CONTAINS]. Validation Type [POSITIVE]. @20-12-2021 02:02:34.0218 AM
[ReportManager] Successfully created attachment [Screenshot - 1639965754090_dynamicLoading_elementIsRendered_ValidateElementAttribute_passed] @20-12-2021 02:02:34.0219 A
[ReportManager] Browser Action [CloseCurrentWindow] successfully performed. @20-12-2021 02:02:34.0502 AM
[ReportManager] Successfully created attachment [Browser Action Test Data - CloseCurrentWindow - Actual Value] @20-12-2021 02:02:34.0503 A
[ReportManager] Successfully created attachment [SHAFT Engine Logs - Execution log] @20-12-2021 02:02:34.0535 AM

################################################################################################################################################
This test run was powered by SHAFT Engine Version: [SHAFT Engine v5.4.20211202-BETA]
SHAFT Engine is licensed under the MIT License: [https://github.com/MohabMohie/SHAFT_ENGINE/blob/master/LICENSE].
################################################################################################################################################