################################################################################################################################################
Detected SHAFT Engine Version: [SHAFT Engine v6.1.20220113]
################################################################################################################################################
[ReportManager] File Action [GetAbsolutePath] successfully performed. With the following test data [Relative Folder Path: "target/downloadedFiles/"]. @06-02-2022 14:31:59.0102 PM
[ReportManager] Attempting to run locally on: [Mac-64], [Safari], Headless Execution. @06-02-2022 14:31:59.0129 PM
[ReportManager] An Exception Occured with this Message: Could not start a new session. Possible causes are invalid address of the remote server or browser start-up failure.. @06-02-2022 14:32:00.0155 PM
[ReportManager] Successfully created attachment [Exception Stack Trace - org.openqa.selenium.SessionNotCreatedException] @06-02-2022 14:32:00.0156 PM
[ReportManager] Driver Factory Action [createNewLocalDriverInstanceForSafari] failed. With the following test data [Failed to create a session on DESKTOP_SAFARI]. @06-02-2022 14:32:00.0158 P

################################################################################################################################################
Starting Execution:	[1 out of 162] test cases in the current suite
Test Method:		[unitTests.tests_element_elementActions.waitForElementToBePresent_false_expectedToFail]
###############################################################################################################################################



################################################################################################################################################
Starting Execution:	[2 out of 162] test cases in the current suite
Test Method:		[unitTests.tests_element_elementActions.waitForElementToBePresent_false_expectedToPass]
###############################################################################################################################################



################################################################################################################################################
Starting Execution:	[3 out of 162] test cases in the current suite
Test Method:		[unitTests.tests_element_elementActions.waitForElementToBePresent_moreThanOneElement_expectedToFail]
###############################################################################################################################################



################################################################################################################################################
Starting Execution:	[4 out of 162] test cases in the current suite
Test Method:		[unitTests.tests_element_elementActions.waitForElementToBePresent_true_expectedToFail]
###############################################################################################################################################



################################################################################################################################################
Starting Execution:	[5 out of 162] test cases in the current suite
Test Method:		[unitTests.tests_element_elementActions.waitForElementToBePresent_true_expectedToPass]
###############################################################################################################################################

[ReportManager] File Action [GetAbsolutePath] successfully performed. With the following test data [Relative Folder Path: "target/downloadedFiles/"]. @06-02-2022 14:32:01.0721 PM
[ReportManager] Attempting to run locally on: [Mac-64], [Safari], Headless Execution. @06-02-2022 14:32:01.0722 PM
[ReportManager] An Exception Occured with this Message: Could not start a new session. Possible causes are invalid address of the remote server or browser start-up failure.. @06-02-2022 14:32:02.0031 PM
[ReportManager] Successfully created attachment [Exception Stack Trace - org.openqa.selenium.SessionNotCreatedException] @06-02-2022 14:32:02.0071 PM
[ReportManager] Driver Factory Action [createNewLocalDriverInstanceForSafari] failed. With the following test data [Failed to create a session on DESKTOP_SAFARI]. @06-02-2022 14:32:02.0071 P

################################################################################################################################################
Starting Execution:	[6 out of 162] test cases in the current suite
Test Method:		[unitTests.tests_browserActions.fullScreenWindow]
###############################################################################################################################################



################################################################################################################################################
Starting Execution:	[7 out of 162] test cases in the current suite
Test Method:		[unitTests.tests_browserActions.getCurrentURL]
###############################################################################################################################################



################################################################################################################################################
Starting Execution:	[8 out of 162] test cases in the current suite
Test Method:		[unitTests.tests_browserActions.getCurrentWindowTitle]
###############################################################################################################################################



################################################################################################################################################
Starting Execution:	[9 out of 162] test cases in the current suite
Test Method:		[unitTests.tests_browserActions.getPageSource]
###############################################################################################################################################



################################################################################################################################################
Starting Execution:	[10 out of 162] test cases in the current suite
Test Method:		[unitTests.tests_browserActions.getWindowHandle]
###############################################################################################################################################



################################################################################################################################################
Starting Execution:	[11 out of 162] test cases in the current suite
Test Method:		[unitTests.tests_browserActions.getWindowPosition]
###############################################################################################################################################



################################################################################################################################################
Starting Execution:	[12 out of 162] test cases in the current suite
Test Method:		[unitTests.tests_browserActions.getWindowSize]
###############################################################################################################################################



################################################################################################################################################
Starting Execution:	[13 out of 162] test cases in the current suite
Test Method:		[unitTests.tests_browserActions.maximizeWindow]
###############################################################################################################################################



################################################################################################################################################
Starting Execution:	[14 out of 162] test cases in the current suite
Test Method:		[unitTests.tests_browserActions.navigateBack]
###############################################################################################################################################



################################################################################################################################################
Starting Execution:	[15 out of 162] test cases in the current suite
Test Method:		[unitTests.tests_browserActions.navigateForward]
###############################################################################################################################################



################################################################################################################################################
Starting Execution:	[16 out of 162] test cases in the current suite
Test Method:		[unitTests.tests_browserActions.navigateToURL]
###############################################################################################################################################



################################################################################################################################################
Starting Execution:	[17 out of 162] test cases in the current suite
Test Method:		[unitTests.tests_browserActions.navigateToURLWithRedirection]
###############################################################################################################################################



################################################################################################################################################
Starting Execution:	[18 out of 162] test cases in the current suite
Test Method:		[unitTests.tests_browserActions.refreshCurrentPage]
###############################################################################################################################################



################################################################################################################################################
Starting Execution:	[19 out of 162] test cases in the current suite
Test Method:		[unitTests.tests_browserActions.setWindowSize]
###############################################################################################################################################

[ReportManager] Successfully loaded the following test data file [src/test/resources/testDataFiles/testSuite01/TestData.xlsx]. @06-02-2022 14:32:04.0002 PM
[ReportManager] Successfully created attachment [Test Data - Excel] @06-02-2022 14:32:04.0003 P

################################################################################################################################################
Starting Execution:	[20 out of 162] test cases in the current suite
Test Method:		[unitTests.tests_io_excelFileManager.getCellData_rowName_expectedToPass]
################################################################################################################################################
[ReportManager] testRowData. @06-02-2022 14:32:04.0015 P

################################################################################################################################################
Starting Execution:	[21 out of 162] test cases in the current suite
Test Method:		[unitTests.tests_validations_assertions.assertComparativeRelation_greaterThanOrEquals_false_equals_expectedToFail]
################################################################################################################################################
[ReportManager] Assertion [ValidateComparativeRelation] FAILED. Expected [1] and Actual [1]. Comparison Type [GREATER_THAN_OR_EQUALS]. Validation Type [NEGATIVE]. @06-02-2022 14:32:04.0033 P

################################################################################################################################################
Starting Execution:	[22 out of 162] test cases in the current suite
Test Method:		[unitTests.tests_validations_assertions.assertComparativeRelation_greaterThanOrEquals_false_equals_expectedToPass]
################################################################################################################################################
[ReportManager] Assertion [ValidateComparativeRelation] PASSED. Expected [2] and Actual [1]. Comparison Type [GREATER_THAN_OR_EQUALS]. Validation Type [NEGATIVE]. @06-02-2022 14:32:04.0041 P

################################################################################################################################################
Starting Execution:	[23 out of 162] test cases in the current suite
Test Method:		[unitTests.tests_validations_assertions.assertComparativeRelation_greaterThanOrEquals_false_greaterThan_expectedToFail]
################################################################################################################################################
[ReportManager] Assertion [ValidateComparativeRelation] FAILED. Expected [1] and Actual [2]. Comparison Type [GREATER_THAN_OR_EQUALS]. Validation Type [NEGATIVE]. @06-02-2022 14:32:04.0058 P

################################################################################################################################################
Starting Execution:	[24 out of 162] test cases in the current suite
Test Method:		[unitTests.tests_validations_assertions.assertComparativeRelation_greaterThanOrEquals_false_greaterThan_expectedToPass]
################################################################################################################################################
[ReportManager] Assertion [ValidateComparativeRelation] PASSED. Expected [2] and Actual [1]. Comparison Type [GREATER_THAN_OR_EQUALS]. Validation Type [NEGATIVE]. @06-02-2022 14:32:04.0067 P

################################################################################################################################################
Starting Execution:	[25 out of 162] test cases in the current suite
Test Method:		[unitTests.tests_validations_assertions.assertComparativeRelation_greaterThanOrEquals_true_equals_expectedToFail]
################################################################################################################################################
[ReportManager] Assertion [ValidateComparativeRelation] FAILED. Expected [1] and Actual [0]. Comparison Type [GREATER_THAN_OR_EQUALS]. Validation Type [POSITIVE]. @06-02-2022 14:32:04.0076 P

################################################################################################################################################
Starting Execution:	[26 out of 162] test cases in the current suite
Test Method:		[unitTests.tests_validations_assertions.assertComparativeRelation_greaterThanOrEquals_true_equals_expectedToPass]
################################################################################################################################################
[ReportManager] Assertion [ValidateComparativeRelation] PASSED. Expected [1] and Actual [1]. Comparison Type [GREATER_THAN_OR_EQUALS]. Validation Type [POSITIVE]. @06-02-2022 14:32:04.0085 P

################################################################################################################################################
Starting Execution:	[27 out of 162] test cases in the current suite
Test Method:		[unitTests.tests_validations_assertions.assertComparativeRelation_greaterThanOrEquals_true_greaterThan_expectedToFail]
################################################################################################################################################
[ReportManager] Assertion [ValidateComparativeRelation] FAILED. Expected [2] and Actual [1]. Comparison Type [GREATER_THAN_OR_EQUALS]. Validation Type [POSITIVE]. @06-02-2022 14:32:04.0093 P

################################################################################################################################################
Starting Execution:	[28 out of 162] test cases in the current suite
Test Method:		[unitTests.tests_validations_assertions.assertComparativeRelation_greaterThanOrEquals_true_greaterThan_expectedToPass]
################################################################################################################################################
[ReportManager] Assertion [ValidateComparativeRelation] PASSED. Expected [1] and Actual [2]. Comparison Type [GREATER_THAN_OR_EQUALS]. Validation Type [POSITIVE]. @06-02-2022 14:32:04.0110 P
[ReportManager] File Action [GetAbsolutePath] successfully performed. With the following test data [Relative Folder Path: "target/downloadedFiles/"]. @06-02-2022 14:32:04.0117 PM
[ReportManager] Attempting to run locally on: [Mac-64], [Safari], Headless Execution. @06-02-2022 14:32:04.0117 PM
[ReportManager] Successfully Opened Safari. @06-02-2022 14:32:07.0083 PM
[ReportManager] Initial window size: (800, 600) @06-02-2022 14:32:07.0111 PM
[ReportManager] Window size after SWD Maximize: (1176, 802) @06-02-2022 14:32:07.0253 PM
[ReportManager] Browser Action [MaximizeWindow] successfully performed. With the following test data [New screen size is now: (1176, 802)]. @06-02-2022 14:32:07.0254 PM
[ReportManager] Target URL: [https://www.google.com/ncr], and after redirection: [www.google.com] @06-02-2022 14:32:07.0258 PM
[ReportManager] Initial URL: [] @06-02-2022 14:32:07.0335 PM
[ReportManager] Browser Action [NavigateToURL] successfully performed. With the following test data [https://www.google.com/ncr]. @06-02-2022 14:32:09.0341 P

################################################################################################################################################
Starting Execution:	[29 out of 162] test cases in the current suite
Test Method:		[unitTests.tests_validations_assertions.assertElementAttribute_false_caseInsensitiveComparison_expectedToFail]
################################################################################################################################################
[ReportManager] Element Action [Type] successfully performed. With the following test data [AUTOMATION]. @06-02-2022 14:32:10.0555 PM
[ReportManager] Element Action [GetText] successfully performed. With the following test data [AUTOMATION]. @06-02-2022 14:32:10.0660 PM
[ReportManager] Assertion [ValidateElementAttribute] FAILED. Expected [Value Should not be 'AutomaTion' for the 'text' attribute, element locator 'By.name: q'] and Actual [AUTOMATION]. Comparison Type [CASE_INSENSITIVE]. Validation Type [NEGATIVE]. @06-02-2022 14:32:16.0307 PM
[ReportManager] Successfully created attachment [Screenshot - 1644157932272_assertElementAttribute_false_caseInsensitiveComparison_expectedToFail_ValidateElementAttribute_failed] @06-02-2022 14:32:16.0327 P
[ReportManager] Browser Action [CloseCurrentWindow] successfully performed. @06-02-2022 14:32:16.0584 PM
[ReportManager] Successfully created attachment [Browser Action Test Data - CloseCurrentWindow - Actual Value] @06-02-2022 14:32:16.0585 P
[ReportManager] File Action [GetAbsolutePath] successfully performed. With the following test data [Relative Folder Path: "target/downloadedFiles/"]. @06-02-2022 14:32:16.0592 PM
[ReportManager] Attempting to run locally on: [Mac-64], [Safari], Headless Execution. @06-02-2022 14:32:16.0592 PM
[ReportManager] An Exception Occured with this Message: Could not start a new session. Possible causes are invalid address of the remote server or browser start-up failure.. @06-02-2022 14:32:16.0604 PM
[ReportManager] Successfully created attachment [Exception Stack Trace - org.openqa.selenium.SessionNotCreatedException] @06-02-2022 14:32:16.0605 PM
[ReportManager] Driver Factory Action [createNewLocalDriverInstanceForSafari] failed. With the following test data [Failed to create a session on DESKTOP_SAFARI]. @06-02-2022 14:32:16.0605 P

################################################################################################################################################
Starting Execution:	[30 out of 162] test cases in the current suite
Test Method:		[unitTests.tests_validations_assertions.assertElementAttribute_false_caseInsensitiveComparison_expectedToPass]
###############################################################################################################################################



################################################################################################################################################
Starting Execution:	[31 out of 162] test cases in the current suite
Test Method:		[unitTests.tests_validations_assertions.assertElementAttribute_false_containsComparison_expectedToFail]
###############################################################################################################################################



################################################################################################################################################
Starting Execution:	[32 out of 162] test cases in the current suite
Test Method:		[unitTests.tests_validations_assertions.assertElementAttribute_false_containsComparison_expectedToPass]
###############################################################################################################################################



################################################################################################################################################
Starting Execution:	[33 out of 162] test cases in the current suite
Test Method:		[unitTests.tests_validations_assertions.assertElementAttribute_false_literalComparison_expectedToFail]
###############################################################################################################################################



################################################################################################################################################
Starting Execution:	[34 out of 162] test cases in the current suite
Test Method:		[unitTests.tests_validations_assertions.assertElementAttribute_false_literalComparison_expectedToPass]
###############################################################################################################################################



################################################################################################################################################
Starting Execution:	[35 out of 162] test cases in the current suite
Test Method:		[unitTests.tests_validations_assertions.assertElementAttribute_false_regexComparison_expectedToFail]
###############################################################################################################################################



################################################################################################################################################
Starting Execution:	[36 out of 162] test cases in the current suite
Test Method:		[unitTests.tests_validations_assertions.assertElementAttribute_false_regexComparison_expectedToPass]
###############################################################################################################################################



################################################################################################################################################
Starting Execution:	[37 out of 162] test cases in the current suite
Test Method:		[unitTests.tests_validations_assertions.assertElementAttribute_true_caseInsensitiveComparison_expectedToFail]
###############################################################################################################################################



################################################################################################################################################
Starting Execution:	[38 out of 162] test cases in the current suite
Test Method:		[unitTests.tests_validations_assertions.assertElementAttribute_true_caseInsensitiveComparison_expectedToPass]
###############################################################################################################################################



################################################################################################################################################
Starting Execution:	[39 out of 162] test cases in the current suite
Test Method:		[unitTests.tests_validations_assertions.assertElementAttribute_true_containsComparison_expectedToFail]
###############################################################################################################################################



################################################################################################################################################
Starting Execution:	[40 out of 162] test cases in the current suite
Test Method:		[unitTests.tests_validations_assertions.assertElementAttribute_true_containsComparison_expectedToPass]
###############################################################################################################################################



################################################################################################################################################
Starting Execution:	[41 out of 162] test cases in the current suite
Test Method:		[unitTests.tests_validations_assertions.assertElementAttribute_true_literalComparison_expectedToFail]
###############################################################################################################################################



################################################################################################################################################
Starting Execution:	[42 out of 162] test cases in the current suite
Test Method:		[unitTests.tests_validations_assertions.assertElementAttribute_true_literalComparison_expectedToPass]
###############################################################################################################################################



################################################################################################################################################
Starting Execution:	[43 out of 162] test cases in the current suite
Test Method:		[unitTests.tests_validations_assertions.assertElementAttribute_true_regexComparison_expectedToFail]
###############################################################################################################################################



################################################################################################################################################
Starting Execution:	[44 out of 162] test cases in the current suite
Test Method:		[unitTests.tests_validations_assertions.assertElementAttribute_true_regexComparison_expectedToPass]
###############################################################################################################################################



################################################################################################################################################
Starting Execution:	[45 out of 162] test cases in the current suite
Test Method:		[unitTests.tests_validations_assertions.assertElementAttribute_type_true_literalComparison_expectedToPass]
###############################################################################################################################################



################################################################################################################################################
Starting Execution:	[46 out of 162] test cases in the current suite
Test Method:		[unitTests.tests_validations_assertions.assertElementExists_false_expectedToFail]
###############################################################################################################################################



################################################################################################################################################
Starting Execution:	[47 out of 162] test cases in the current suite
Test Method:		[unitTests.tests_validations_assertions.assertElementExists_false_expectedToPass]
###############################################################################################################################################



################################################################################################################################################
Starting Execution:	[48 out of 162] test cases in the current suite
Test Method:		[unitTests.tests_validations_assertions.assertElementExists_false_multipleElementsFound_expectedToFail]
###############################################################################################################################################



################################################################################################################################################
Starting Execution:	[49 out of 162] test cases in the current suite
Test Method:		[unitTests.tests_validations_assertions.assertElementExists_true_expectedToFail]
###############################################################################################################################################



################################################################################################################################################
Starting Execution:	[50 out of 162] test cases in the current suite
Test Method:		[unitTests.tests_validations_assertions.assertElementExists_true_expectedToPass]
###############################################################################################################################################



################################################################################################################################################
Starting Execution:	[51 out of 162] test cases in the current suite
Test Method:		[unitTests.tests_validations_assertions.assertElementExists_true_multipleElementsFound_expectedToFail]
###############################################################################################################################################


################################################################################################################################################
Starting Execution:	[52 out of 162] test cases in the current suite
Test Method:		[unitTests.tests_validations_assertions.assertEquals_false_expectedToFail]
###############################################################################################################################################

################################################################################################################################################
Starting Execution:	[53 out of 162] test cases in the current suite
Test Method:		[unitTests.tests_validations_assertions.assertEquals_false_expectedToPass]
###############################################################################################################################################

################################################################################################################################################
Starting Execution:	[54 out of 162] test cases in the current suite
Test Method:		[unitTests.tests_validations_assertions.assertEquals_longCharacters]
###############################################################################################################################################

################################################################################################################################################
Starting Execution:	[55 out of 162] test cases in the current suite
Test Method:		[unitTests.tests_validations_assertions.assertEquals_longCharacters_Discreet]
###############################################################################################################################################

################################################################################################################################################
Starting Execution:	[56 out of 162] test cases in the current suite
Test Method:		[unitTests.tests_validations_assertions.assertEquals_true_expectedToFail]
###############################################################################################################################################

################################################################################################################################################
Starting Execution:	[57 out of 162] test cases in the current suite
Test Method:		[unitTests.tests_validations_assertions.assertEquals_true_expectedToPass]
Test Description:	[Assert that assertEquals works as expected when the two values are equal.]
###############################################################################################################################################

################################################################################################################################################
Starting Execution:	[58 out of 162] test cases in the current suite
Test Method:		[unitTests.tests_validations_assertions.assertEquals_true_expectedToPass__]
###############################################################################################################################################

################################################################################################################################################
Starting Execution:	[59 out of 162] test cases in the current suite
Test Method:		[unitTests.tests_validations_assertions.assertFileExists_false_expectedToFail]
###############################################################################################################################################

################################################################################################################################################
Starting Execution:	[60 out of 162] test cases in the current suite
Test Method:		[unitTests.tests_validations_assertions.assertFileExists_false_expectedToPass]
###############################################################################################################################################

################################################################################################################################################
Starting Execution:	[61 out of 162] test cases in the current suite
Test Method:		[unitTests.tests_validations_assertions.assertFileExists_true_expectedToFail]
###############################################################################################################################################

################################################################################################################################################
Starting Execution:	[62 out of 162] test cases in the current suite
Test Method:		[unitTests.tests_validations_assertions.assertFileExists_true_expectedToPass]
###############################################################################################################################################

################################################################################################################################################
Starting Execution:	[63 out of 162] test cases in the current suite
Test Method:		[unitTests.tests_validations_assertions.assertNull_false_expectedToFail]
###############################################################################################################################################

################################################################################################################################################
Starting Execution:	[64 out of 162] test cases in the current suite
Test Method:		[unitTests.tests_validations_assertions.assertNull_false_expectedToPass]
###############################################################################################################################################

################################################################################################################################################
Starting Execution:	[65 out of 162] test cases in the current suite
Test Method:		[unitTests.tests_validations_assertions.assertNull_true_expectedToFail]
###############################################################################################################################################

################################################################################################################################################
Starting Execution:	[66 out of 162] test cases in the current suite
Test Method:		[unitTests.tests_validations_assertions.assertNull_true_expectedToPass]
###############################################################################################################################################

################################################################################################################################################
Starting Execution:	[67 out of 162] test cases in the current suite
Test Method:		[unitTests.tests_restActions.getPostsAndAssertBodyForSpecificTitle]
################################################################################################################################################
[ReportManager] Response status code: [200], status line: [HTTP/1.1 200 OK] @06-02-2022 14:32:19.0525 PM
[ReportManager] Assertion Passed: Evaluating the actual response status code against the expected one... @06-02-2022 14:32:19.0531 PM
[ReportManager] Assertion [ValidateComparativeRelation] PASSED. Expected [200] and Actual [200]. Comparison Type [EQUALS]. Validation Type [POSITIVE]. @06-02-2022 14:32:19.0532 PM
[ReportManager] API Action [PerformRequest] successfully performed. With the following test data [Request Type: "GET" | Target Status Code: "200" | Service URL: "https://jsonplaceholder.typicode.com/posts" | Content Type: "*/*" | Response Time: "690ms"]. @06-02-2022 14:32:20.0538 PM
[ReportManager] Successfully created attachment [API Request - Specifications] @06-02-2022 14:32:20.0539 PM
[ReportManager] Successfully created attachment [API Response - JSON Body] @06-02-2022 14:32:20.0795 PM
[ReportManager] API Action [GetResponseJSONValueAsList] successfully performed. @06-02-2022 14:32:20.0829 PM
[ReportManager] API Action [GetResponseJSONValue] successfully performed. With the following test data [title]. @06-02-2022 14:32:20.0852 PM
[ReportManager] API Action [GetResponseJSONValue] successfully performed. With the following test data [title]. @06-02-2022 14:32:20.0874 PM
[ReportManager] API Action [GetResponseJSONValue] successfully performed. With the following test data [body]. @06-02-2022 14:32:20.0909 PM
[ReportManager] Assertion [ValidateEquals] PASSED. Expected [qui neque nisi nulla] and Actual [est rerum tempore vitae
sequi sint nihil reprehenderit dolor beatae ea dolores neque
fugiat blanditiis voluptate porro vel nihil molestiae ut reiciendis
qui aperiam non debitis possimus qui neque nisi nulla]. Comparison Type [CONTAINS]. Validation Type [POSITIVE]. @06-02-2022 14:32:20.0912 PM
[ReportManager] API Action [GetResponseJSONValue] successfully performed. With the following test data [title]. @06-02-2022 14:32:20.0927 PM
[ReportManager] API Action [GetResponseJSONValue] successfully performed. With the following test data [title]. @06-02-2022 14:32:20.0942 PM
[ReportManager] API Action [GetResponseJSONValue] successfully performed. With the following test data [title]. @06-02-2022 14:32:20.0955 PM
[ReportManager] API Action [GetResponseJSONValue] successfully performed. With the following test data [title]. @06-02-2022 14:32:20.0971 PM
[ReportManager] API Action [GetResponseJSONValue] successfully performed. With the following test data [title]. @06-02-2022 14:32:20.0984 PM
[ReportManager] API Action [GetResponseJSONValue] successfully performed. With the following test data [title]. @06-02-2022 14:32:20.0997 PM
[ReportManager] API Action [GetResponseJSONValue] successfully performed. With the following test data [title]. @06-02-2022 14:32:21.0010 PM
[ReportManager] API Action [GetResponseJSONValue] successfully performed. With the following test data [title]. @06-02-2022 14:32:21.0022 PM
[ReportManager] API Action [GetResponseJSONValue] successfully performed. With the following test data [title]. @06-02-2022 14:32:21.0035 PM
[ReportManager] API Action [GetResponseJSONValue] successfully performed. With the following test data [title]. @06-02-2022 14:32:21.0048 PM
[ReportManager] API Action [GetResponseJSONValue] successfully performed. With the following test data [title]. @06-02-2022 14:32:21.0061 PM
[ReportManager] API Action [GetResponseJSONValue] successfully performed. With the following test data [title]. @06-02-2022 14:32:21.0077 PM
[ReportManager] API Action [GetResponseJSONValue] successfully performed. With the following test data [title]. @06-02-2022 14:32:21.0091 PM
[ReportManager] API Action [GetResponseJSONValue] successfully performed. With the following test data [title]. @06-02-2022 14:32:21.0108 PM
[ReportManager] API Action [GetResponseJSONValue] successfully performed. With the following test data [title]. @06-02-2022 14:32:21.0123 PM
[ReportManager] API Action [GetResponseJSONValue] successfully performed. With the following test data [title]. @06-02-2022 14:32:21.0137 PM
[ReportManager] API Action [GetResponseJSONValue] successfully performed. With the following test data [title]. @06-02-2022 14:32:21.0151 PM
[ReportManager] API Action [GetResponseJSONValue] successfully performed. With the following test data [title]. @06-02-2022 14:32:21.0165 PM
[ReportManager] API Action [GetResponseJSONValue] successfully performed. With the following test data [title]. @06-02-2022 14:32:21.0178 PM
[ReportManager] API Action [GetResponseJSONValue] successfully performed. With the following test data [title]. @06-02-2022 14:32:21.0191 PM
[ReportManager] API Action [GetResponseJSONValue] successfully performed. With the following test data [title]. @06-02-2022 14:32:21.0205 PM
[ReportManager] API Action [GetResponseJSONValue] successfully performed. With the following test data [title]. @06-02-2022 14:32:21.0220 PM
[ReportManager] API Action [GetResponseJSONValue] successfully performed. With the following test data [title]. @06-02-2022 14:32:21.0233 PM
[ReportManager] API Action [GetResponseJSONValue] successfully performed. With the following test data [title]. @06-02-2022 14:32:21.0245 PM
[ReportManager] API Action [GetResponseJSONValue] successfully performed. With the following test data [title]. @06-02-2022 14:32:21.0258 PM
[ReportManager] API Action [GetResponseJSONValue] successfully performed. With the following test data [title]. @06-02-2022 14:32:21.0269 PM
[ReportManager] API Action [GetResponseJSONValue] successfully performed. With the following test data [title]. @06-02-2022 14:32:21.0282 PM
[ReportManager] API Action [GetResponseJSONValue] successfully performed. With the following test data [title]. @06-02-2022 14:32:21.0295 PM
[ReportManager] API Action [GetResponseJSONValue] successfully performed. With the following test data [title]. @06-02-2022 14:32:21.0309 PM
[ReportManager] API Action [GetResponseJSONValue] successfully performed. With the following test data [title]. @06-02-2022 14:32:21.0320 PM
[ReportManager] API Action [GetResponseJSONValue] successfully performed. With the following test data [title]. @06-02-2022 14:32:21.0331 PM
[ReportManager] API Action [GetResponseJSONValue] successfully performed. With the following test data [title]. @06-02-2022 14:32:21.0343 PM
[ReportManager] API Action [GetResponseJSONValue] successfully performed. With the following test data [title]. @06-02-2022 14:32:21.0357 PM
[ReportManager] API Action [GetResponseJSONValue] successfully performed. With the following test data [title]. @06-02-2022 14:32:21.0370 PM
[ReportManager] API Action [GetResponseJSONValue] successfully performed. With the following test data [title]. @06-02-2022 14:32:21.0383 PM
[ReportManager] API Action [GetResponseJSONValue] successfully performed. With the following test data [title]. @06-02-2022 14:32:21.0395 PM
[ReportManager] API Action [GetResponseJSONValue] successfully performed. With the following test data [title]. @06-02-2022 14:32:21.0407 PM
[ReportManager] API Action [GetResponseJSONValue] successfully performed. With the following test data [title]. @06-02-2022 14:32:21.0420 PM
[ReportManager] API Action [GetResponseJSONValue] successfully performed. With the following test data [title]. @06-02-2022 14:32:21.0431 PM
[ReportManager] API Action [GetResponseJSONValue] successfully performed. With the following test data [title]. @06-02-2022 14:32:21.0442 PM
[ReportManager] API Action [GetResponseJSONValue] successfully performed. With the following test data [title]. @06-02-2022 14:32:21.0454 PM
[ReportManager] API Action [GetResponseJSONValue] successfully performed. With the following test data [title]. @06-02-2022 14:32:21.0466 PM
[ReportManager] API Action [GetResponseJSONValue] successfully performed. With the following test data [title]. @06-02-2022 14:32:21.0478 PM
[ReportManager] API Action [GetResponseJSONValue] successfully performed. With the following test data [title]. @06-02-2022 14:32:21.0490 PM
[ReportManager] API Action [GetResponseJSONValue] successfully performed. With the following test data [title]. @06-02-2022 14:32:21.0502 PM
[ReportManager] API Action [GetResponseJSONValue] successfully performed. With the following test data [title]. @06-02-2022 14:32:21.0514 PM
[ReportManager] API Action [GetResponseJSONValue] successfully performed. With the following test data [title]. @06-02-2022 14:32:21.0525 PM
[ReportManager] API Action [GetResponseJSONValue] successfully performed. With the following test data [title]. @06-02-2022 14:32:21.0537 PM
[ReportManager] API Action [GetResponseJSONValue] successfully performed. With the following test data [title]. @06-02-2022 14:32:21.0550 PM
[ReportManager] API Action [GetResponseJSONValue] successfully performed. With the following test data [title]. @06-02-2022 14:32:21.0563 PM
[ReportManager] API Action [GetResponseJSONValue] successfully performed. With the following test data [title]. @06-02-2022 14:32:21.0575 PM
[ReportManager] API Action [GetResponseJSONValue] successfully performed. With the following test data [title]. @06-02-2022 14:32:21.0587 PM
[ReportManager] API Action [GetResponseJSONValue] successfully performed. With the following test data [title]. @06-02-2022 14:32:21.0598 PM
[ReportManager] API Action [GetResponseJSONValue] successfully performed. With the following test data [title]. @06-02-2022 14:32:21.0611 PM
[ReportManager] API Action [GetResponseJSONValue] successfully performed. With the following test data [title]. @06-02-2022 14:32:21.0622 PM
[ReportManager] API Action [GetResponseJSONValue] successfully performed. With the following test data [title]. @06-02-2022 14:32:21.0633 PM
[ReportManager] API Action [GetResponseJSONValue] successfully performed. With the following test data [title]. @06-02-2022 14:32:21.0644 PM
[ReportManager] API Action [GetResponseJSONValue] successfully performed. With the following test data [title]. @06-02-2022 14:32:21.0657 PM
[ReportManager] API Action [GetResponseJSONValue] successfully performed. With the following test data [title]. @06-02-2022 14:32:21.0670 PM
[ReportManager] API Action [GetResponseJSONValue] successfully performed. With the following test data [title]. @06-02-2022 14:32:21.0700 PM
[ReportManager] API Action [GetResponseJSONValue] successfully performed. With the following test data [title]. @06-02-2022 14:32:21.0712 PM
[ReportManager] API Action [GetResponseJSONValue] successfully performed. With the following test data [title]. @06-02-2022 14:32:21.0723 PM
[ReportManager] API Action [GetResponseJSONValue] successfully performed. With the following test data [title]. @06-02-2022 14:32:21.0735 PM
[ReportManager] API Action [GetResponseJSONValue] successfully performed. With the following test data [title]. @06-02-2022 14:32:21.0746 PM
[ReportManager] API Action [GetResponseJSONValue] successfully performed. With the following test data [title]. @06-02-2022 14:32:21.0756 PM
[ReportManager] API Action [GetResponseJSONValue] successfully performed. With the following test data [title]. @06-02-2022 14:32:21.0767 PM
[ReportManager] API Action [GetResponseJSONValue] successfully performed. With the following test data [title]. @06-02-2022 14:32:21.0778 PM
[ReportManager] API Action [GetResponseJSONValue] successfully performed. With the following test data [title]. @06-02-2022 14:32:21.0789 PM
[ReportManager] API Action [GetResponseJSONValue] successfully performed. With the following test data [title]. @06-02-2022 14:32:21.0802 PM
[ReportManager] API Action [GetResponseJSONValue] successfully performed. With the following test data [title]. @06-02-2022 14:32:21.0814 PM
[ReportManager] API Action [GetResponseJSONValue] successfully performed. With the following test data [title]. @06-02-2022 14:32:21.0826 PM
[ReportManager] API Action [GetResponseJSONValue] successfully performed. With the following test data [title]. @06-02-2022 14:32:21.0854 PM
[ReportManager] API Action [GetResponseJSONValue] successfully performed. With the following test data [title]. @06-02-2022 14:32:21.0865 PM
[ReportManager] API Action [GetResponseJSONValue] successfully performed. With the following test data [title]. @06-02-2022 14:32:21.0875 PM
[ReportManager] API Action [GetResponseJSONValue] successfully performed. With the following test data [title]. @06-02-2022 14:32:21.0886 PM
[ReportManager] API Action [GetResponseJSONValue] successfully performed. With the following test data [title]. @06-02-2022 14:32:21.0896 PM
[ReportManager] API Action [GetResponseJSONValue] successfully performed. With the following test data [title]. @06-02-2022 14:32:21.0907 PM
[ReportManager] API Action [GetResponseJSONValue] successfully performed. With the following test data [title]. @06-02-2022 14:32:21.0918 PM
[ReportManager] API Action [GetResponseJSONValue] successfully performed. With the following test data [title]. @06-02-2022 14:32:21.0929 PM
[ReportManager] API Action [GetResponseJSONValue] successfully performed. With the following test data [title]. @06-02-2022 14:32:21.0939 PM
[ReportManager] API Action [GetResponseJSONValue] successfully performed. With the following test data [title]. @06-02-2022 14:32:21.0950 PM
[ReportManager] API Action [GetResponseJSONValue] successfully performed. With the following test data [title]. @06-02-2022 14:32:21.0961 PM
[ReportManager] API Action [GetResponseJSONValue] successfully performed. With the following test data [title]. @06-02-2022 14:32:21.0972 PM
[ReportManager] API Action [GetResponseJSONValue] successfully performed. With the following test data [title]. @06-02-2022 14:32:21.0983 PM
[ReportManager] API Action [GetResponseJSONValue] successfully performed. With the following test data [title]. @06-02-2022 14:32:21.0993 PM
[ReportManager] API Action [GetResponseJSONValue] successfully performed. With the following test data [title]. @06-02-2022 14:32:22.0004 PM
[ReportManager] API Action [GetResponseJSONValue] successfully performed. With the following test data [title]. @06-02-2022 14:32:22.0015 PM
[ReportManager] API Action [GetResponseJSONValue] successfully performed. With the following test data [title]. @06-02-2022 14:32:22.0027 PM
[ReportManager] API Action [GetResponseJSONValue] successfully performed. With the following test data [title]. @06-02-2022 14:32:22.0039 PM
[ReportManager] API Action [GetResponseJSONValue] successfully performed. With the following test data [title]. @06-02-2022 14:32:22.0051 PM
[ReportManager] API Action [GetResponseJSONValue] successfully performed. With the following test data [title]. @06-02-2022 14:32:22.0063 PM
[ReportManager] API Action [GetResponseJSONValue] successfully performed. With the following test data [title]. @06-02-2022 14:32:22.0077 PM
[ReportManager] API Action [GetResponseJSONValue] successfully performed. With the following test data [title]. @06-02-2022 14:32:22.0090 PM
[ReportManager] API Action [GetResponseJSONValue] successfully performed. With the following test data [title]. @06-02-2022 14:32:22.0101 PM
[ReportManager] API Action [GetResponseJSONValue] successfully performed. With the following test data [title]. @06-02-2022 14:32:22.0112 PM
[ReportManager] API Action [GetResponseJSONValue] successfully performed. With the following test data [title]. @06-02-2022 14:32:22.0123 PM
[ReportManager] API Action [GetResponseJSONValue] successfully performed. With the following test data [title]. @06-02-2022 14:32:22.0136 PM
[ReportManager] API Action [GetResponseJSONValue] successfully performed. With the following test data [title]. @06-02-2022 14:32:22.0147 P

################################################################################################################################################
Starting Execution:	[68 out of 162] test cases in the current suite
Test Method:		[unitTests.tests_restActions.validateUserEmail]
################################################################################################################################################
[ReportManager] Response status code: [200], status line: [HTTP/1.1 200 OK] @06-02-2022 14:32:22.0233 PM
[ReportManager] Assertion Passed: Evaluating the actual response status code against the expected one... @06-02-2022 14:32:22.0233 PM
[ReportManager] Assertion [ValidateComparativeRelation] PASSED. Expected [200] and Actual [200]. Comparison Type [EQUALS]. Validation Type [POSITIVE]. @06-02-2022 14:32:22.0234 PM
[ReportManager] API Action [PerformRequest] successfully performed. With the following test data [Request Type: "GET" | Target Status Code: "200" | Service URL: "https://jsonplaceholder.typicode.com/users" | Content Type: "*/*" | Response Time: "75ms"]. @06-02-2022 14:32:22.0254 PM
[ReportManager] Successfully created attachment [API Request - Specifications] @06-02-2022 14:32:22.0255 PM
[ReportManager] Successfully created attachment [API Response - JSON Body] @06-02-2022 14:32:22.0255 PM
[ReportManager] Assertion [ValidateEquals] PASSED. Expected and Actual values are attached. Comparison Type [CONTAINS]. Validation Type [POSITIVE]. @06-02-2022 14:32:22.0256 PM
[ReportManager] Successfully created attachment [Validation Test Data - Expected Value] @06-02-2022 14:32:22.0256 PM
[ReportManager] Successfully created attachment [Validation Test Data - Actual Value] @06-02-2022 14:32:22.0257 PM
[ReportManager] API Action [GetResponseJSONValueAsList] successfully performed. With the following test data [$]. @06-02-2022 14:32:22.0263 PM
[ReportManager] API Action [GetResponseJSONValue] successfully performed. With the following test data [name]. @06-02-2022 14:32:22.0275 PM
[ReportManager] API Action [GetResponseJSONValue] successfully performed. With the following test data [email]. @06-02-2022 14:32:22.0286 PM
[ReportManager] Assertion [ValidateEquals] PASSED. Expected [Sincere@april.biz] and Actual [Sincere@april.biz]. Comparison Type [EQUALS]. Validation Type [POSITIVE]. @06-02-2022 14:32:22.0286 PM
[ReportManager] API Action [GetResponseJSONValue] successfully performed. With the following test data [name]. @06-02-2022 14:32:22.0299 PM
[ReportManager] API Action [GetResponseJSONValue] successfully performed. With the following test data [name]. @06-02-2022 14:32:22.0310 PM
[ReportManager] API Action [GetResponseJSONValue] successfully performed. With the following test data [name]. @06-02-2022 14:32:22.0321 PM
[ReportManager] API Action [GetResponseJSONValue] successfully performed. With the following test data [name]. @06-02-2022 14:32:22.0332 PM
[ReportManager] API Action [GetResponseJSONValue] successfully performed. With the following test data [name]. @06-02-2022 14:32:22.0343 PM
[ReportManager] API Action [GetResponseJSONValue] successfully performed. With the following test data [name]. @06-02-2022 14:32:22.0353 PM
[ReportManager] API Action [GetResponseJSONValue] successfully performed. With the following test data [name]. @06-02-2022 14:32:22.0363 PM
[ReportManager] API Action [GetResponseJSONValue] successfully performed. With the following test data [name]. @06-02-2022 14:32:22.0374 PM
[ReportManager] API Action [GetResponseJSONValue] successfully performed. With the following test data [name]. @06-02-2022 14:32:22.0385 P
[ReportManager] File Action [GetAbsolutePath] successfully performed. With the following test data [Relative Folder Path: "target/downloadedFiles/"]. @06-02-2022 14:32:22.0388 PM
[ReportManager] Attempting to run locally on: [Mac-64], [Safari], Headless Execution. @06-02-2022 14:32:22.0388 PM
[ReportManager] Successfully Opened Safari. @06-02-2022 14:32:23.0593 PM
[ReportManager] Initial window size: (800, 600) @06-02-2022 14:32:23.0599 PM
[ReportManager] Window size after SWD Maximize: (1176, 803) @06-02-2022 14:32:23.0632 PM
[ReportManager] Browser Action [MaximizeWindow] successfully performed. With the following test data [New screen size is now: (1176, 803)]. @06-02-2022 14:32:23.0633 P

################################################################################################################################################
Starting Execution:	[69 out of 162] test cases in the current suite
Test Method:		[testPackage01.Test_uploadFile.uploadFile_invisibleUploadInput]
################################################################################################################################################
[ReportManager] Target URL: [https://fineuploader.com/demos.html#gallery-view] @06-02-2022 14:32:23.0636 PM
[ReportManager] Initial URL: [] @06-02-2022 14:32:23.0683 PM
[ReportManager] Browser Action [NavigateToURL] successfully performed. With the following test data [https://fineuploader.com/demos.html#gallery-view]. @06-02-2022 14:32:25.0521 PM
[ReportManager] File Action [GetAbsolutePath] successfully performed. With the following test data [Relative File Path: "src/main/resources/images/shaft.png"]. @06-02-2022 14:32:25.0521 PM
[ReportManager] Successfully created attachment [File Action Actual Result - Command Log] @06-02-2022 14:32:25.0522 PM
[ReportManager] Element Action [TypeFileLocationForUpload] successfully performed. With the following test data [/Users/runner/work/SHAFT_ENGINE/SHAFT_ENGINE/src/main/resources/images/shaft.png]. @06-02-2022 14:32:25.0577 PM
[ReportManager] Attempting to getAttribute [src] from elementLocator [By.xpath: //div[@id='fine-uploader-gallery']//div[@class='qq-thumbnail-wrapper']/img]. @06-02-2022 14:32:25.0579 PM
[ReportManager] Element Action [GetAttribute] successfully performed. @06-02-2022 14:32:25.0683 PM
[ReportManager] Successfully created attachment [Element Action Test Data - GetAttribute - Actual Value] @06-02-2022 14:32:25.0684 PM
[ReportManager] Assertion Passed: Then I Assert that the element found by [By.xpath: //div[@id='fine-uploader-gallery']//div[@class='qq-thumbnail-wrapper']/img] attribute [src] contains [data:image/png;base64]. @06-02-2022 14:32:25.0950 PM
[ReportManager] Successfully created attachment [Validation Test Data - Expected Value] @06-02-2022 14:32:25.0951 PM
[ReportManager] Successfully created attachment [Validation Test Data - Actual Value] @06-02-2022 14:32:25.0952 PM
[ReportManager] Successfully created attachment [Screenshot - 1644157945851_uploadFile_invisibleUploadInput_ValidateElementAttribute_passed] @06-02-2022 14:32:25.0960 PM
[ReportManager] Assertion [ValidateElementAttribute] PASSED. Expected and Actual values are attached. Comparison Type [CONTAINS]. Validation Type [POSITIVE]. @06-02-2022 14:32:25.0960 P
[ReportManager] Browser Action [CloseCurrentWindow] successfully performed. @06-02-2022 14:32:26.0381 PM
[ReportManager] Successfully created attachment [Browser Action Test Data - CloseCurrentWindow - Actual Value] @06-02-2022 14:32:26.0382 P
[ReportManager] File Action [GetAbsolutePath] successfully performed. With the following test data [Relative Folder Path: "target/downloadedFiles/"]. @06-02-2022 14:32:26.0387 PM
[ReportManager] Attempting to run locally on: [Mac-64], [Safari], Headless Execution. @06-02-2022 14:32:26.0387 PM
[ReportManager] Successfully Opened Safari. @06-02-2022 14:32:27.0249 PM
[ReportManager] Initial window size: (800, 600) @06-02-2022 14:32:27.0270 PM
[ReportManager] Window size after SWD Maximize: (1176, 803) @06-02-2022 14:32:27.0299 PM
[ReportManager] Browser Action [MaximizeWindow] successfully performed. With the following test data [New screen size is now: (1176, 803)]. @06-02-2022 14:32:27.0300 P

################################################################################################################################################
Starting Execution:	[70 out of 162] test cases in the current suite
Test Method:		[testPackage01.Test_uploadFile.uploadFile_visibleUploadInput]
################################################################################################################################################
[ReportManager] Target URL: [https://demo.guru99.com/test/upload/] @06-02-2022 14:32:27.0303 PM
[ReportManager] Initial URL: [] @06-02-2022 14:32:27.0361 PM
[ReportManager] Browser Action [NavigateToURL] successfully performed. With the following test data [https://demo.guru99.com/test/upload/]. @06-02-2022 14:32:29.0371 PM
[ReportManager] File Action [GetAbsolutePath] successfully performed. With the following test data [Relative Folder Path: "src/main/resources/images/shaft.png"]. @06-02-2022 14:32:29.0371 PM
[ReportManager] Element Action [TypeFileLocationForUpload] successfully performed. With the following test data [/Users/runner/work/SHAFT_ENGINE/SHAFT_ENGINE/src/main/resources/images/shaft.png]. @06-02-2022 14:32:29.0460 PM
[ReportManager] Element Action [Click] successfully performed. With the following test data [By.id: terms]. @06-02-2022 14:32:29.0716 PM
[ReportManager] Element Action [Click] successfully performed. With the following test data [By.id: submitbutton]. @06-02-2022 14:32:29.0988 PM
[ReportManager] Element Action [GetText] successfully performed. With the following test data [1 file has been successfully uploaded.]. @06-02-2022 14:32:30.0727 PM
[ReportManager] Assertion Passed: Then I Assert that the element found by [By.id: res] attribute [Text] contains [1 file]. @06-02-2022 14:32:31.0892 PM
[ReportManager] Successfully created attachment [Screenshot - 1644157951766_uploadFile_visibleUploadInput_ValidateElementAttribute_passed] @06-02-2022 14:32:31.0893 PM
[ReportManager] Assertion [ValidateElementAttribute] PASSED. Expected [Value Should be '1 file' for the 'Text' attribute, element locator 'By.id: res'] and Actual [1 file has been successfully uploaded.]. Comparison Type [CONTAINS]. Validation Type [POSITIVE]. @06-02-2022 14:32:31.0894 P
[ReportManager] Browser Action [CloseCurrentWindow] successfully performed. @06-02-2022 14:32:32.0132 PM
[ReportManager] Successfully created attachment [Browser Action Test Data - CloseCurrentWindow - Actual Value] @06-02-2022 14:32:32.0134 P

################################################################################################################################################
Starting Execution:	[71 out of 162] test cases in the current suite
Test Method:		[testPackage01.Test_AssertApiResponseEquals.assertApiResponseEquals_expectedToPass]
################################################################################################################################################
[ReportManager] Response status code: [200], status line: [HTTP/1.1 200 OK] @06-02-2022 14:32:32.0220 PM
[ReportManager] Assertion Passed: Evaluating the actual response status code against the expected one... @06-02-2022 14:32:32.0220 PM
[ReportManager] Assertion [ValidateComparativeRelation] PASSED. Expected [200] and Actual [200]. Comparison Type [EQUALS]. Validation Type [POSITIVE]. @06-02-2022 14:32:32.0221 PM
[ReportManager] API Action [PerformRequest] successfully performed. With the following test data [Request Type: "GET" | Target Status Code: "200" | Service URL: "https://jsonplaceholder.typicode.com/users" | Content Type: "*/*" | Response Time: "78ms"]. @06-02-2022 14:32:32.0245 PM
[ReportManager] Successfully created attachment [API Request - Specifications] @06-02-2022 14:32:32.0246 PM
[ReportManager] Successfully created attachment [API Response - JSON Body] @06-02-2022 14:32:32.0247 PM
[ReportManager] API Action [GetResponseJSONValueAsList] successfully performed. With the following test data [$]. @06-02-2022 14:32:32.0254 PM
[ReportManager] API Action [GetResponseJSONValue] successfully performed. With the following test data [name]. @06-02-2022 14:32:32.0266 PM
[ReportManager] API Action [GetResponseJSONValue] successfully performed. With the following test data [email]. @06-02-2022 14:32:32.0280 PM
[ReportManager] Verification [ValidateEquals] PASSED. Expected [Sincere@april.biz] and Actual [Sincere@april.biz]. Comparison Type [EQUALS]. Validation Type [POSITIVE]. @06-02-2022 14:32:32.0280 PM
[ReportManager] API Action [GetResponseJSONValue] successfully performed. With the following test data [username]. @06-02-2022 14:32:32.0292 PM
[ReportManager] Assertion [ValidateEquals] PASSED. Expected [Bret] and Actual [Bret]. Comparison Type [EQUALS]. Validation Type [POSITIVE]. @06-02-2022 14:32:32.0292 PM
[ReportManager] API Action [GetResponseJSONValue] successfully performed. With the following test data [name]. @06-02-2022 14:32:32.0303 PM
[ReportManager] API Action [GetResponseJSONValue] successfully performed. With the following test data [name]. @06-02-2022 14:32:32.0315 PM
[ReportManager] API Action [GetResponseJSONValue] successfully performed. With the following test data [name]. @06-02-2022 14:32:32.0333 PM
[ReportManager] API Action [GetResponseJSONValue] successfully performed. With the following test data [name]. @06-02-2022 14:32:32.0344 PM
[ReportManager] API Action [GetResponseJSONValue] successfully performed. With the following test data [name]. @06-02-2022 14:32:32.0355 PM
[ReportManager] API Action [GetResponseJSONValue] successfully performed. With the following test data [name]. @06-02-2022 14:32:32.0366 PM
[ReportManager] API Action [GetResponseJSONValue] successfully performed. With the following test data [name]. @06-02-2022 14:32:32.0377 PM
[ReportManager] API Action [GetResponseJSONValue] successfully performed. With the following test data [name]. @06-02-2022 14:32:32.0387 PM
[ReportManager] API Action [GetResponseJSONValue] successfully performed. With the following test data [name]. @06-02-2022 14:32:32.0399 P
[ReportManager] File Action [GetAbsolutePath] successfully performed. With the following test data [Relative Folder Path: "target/downloadedFiles/"]. @06-02-2022 14:32:32.0402 PM
[ReportManager] Attempting to run locally on: [Mac-64], [Safari], Headless Execution. @06-02-2022 14:32:32.0402 PM
[ReportManager] An Exception Occured with this Message: Could not start a new session. Possible causes are invalid address of the remote server or browser start-up failure.. @06-02-2022 14:32:32.0677 PM
[ReportManager] Successfully created attachment [Exception Stack Trace - org.openqa.selenium.SessionNotCreatedException] @06-02-2022 14:32:32.0677 PM
[ReportManager] Driver Factory Action [createNewLocalDriverInstanceForSafari] failed. With the following test data [Failed to create a session on DESKTOP_SAFARI]. @06-02-2022 14:32:32.0677 P

################################################################################################################################################
Starting Execution:	[72 out of 162] test cases in the current suite
Test Method:		[testPackage01.TestJSPromptBox.dismissAlert]
###############################################################################################################################################

################################################################################################################################################
Starting Execution:	[73 out of 162] test cases in the current suite
Test Method:		[testPackage01.TestJSPromptBox.assertOnCancelAlertResultText]
###############################################################################################################################################

################################################################################################################################################
Starting Execution:	[74 out of 162] test cases in the current suite
Test Method:		[testPackage01.TestJSPromptBox.getAlertText]
###############################################################################################################################################

################################################################################################################################################
Starting Execution:	[75 out of 162] test cases in the current suite
Test Method:		[testPackage01.TestJSPromptBox.acceptPromptAlertWithoutTypingTextMessage]
###############################################################################################################################################

################################################################################################################################################
Starting Execution:	[76 out of 162] test cases in the current suite
Test Method:		[testPackage01.TestJSPromptBox.assertOnConfirmPromptAlertWithoutTypingTextMessageResultText]
###############################################################################################################################################

################################################################################################################################################
Starting Execution:	[77 out of 162] test cases in the current suite
Test Method:		[testPackage01.TestJSPromptBox.acceptPromptAlertWithTextMessage]
###############################################################################################################################################

################################################################################################################################################
Starting Execution:	[78 out of 162] test cases in the current suite
Test Method:		[testPackage01.TestJSPromptBox.assertOnConfirmPromptAlertWithTextMessageResultText]
###############################################################################################################################################


################################################################################################################################################
Starting Execution:	[79 out of 162] test cases in the current suite
Test Method:		[testPackage01.Test_testData.f]
################################################################################################################################################
[ReportManager] Successfully loaded the following test data file [src/test/resources/testDataFiles/testSuite01/TestData.xlsx]. @06-02-2022 14:32:32.0738 PM
[ReportManager] Successfully created attachment [Test Data - Excel] @06-02-2022 14:32:32.0738 PM
[ReportManager] Last Column Number is: [3]. Zero-based. @06-02-2022 14:32:32.0739 P

################################################################################################################################################
Starting Execution:	[80 out of 162] test cases in the current suite
Test Method:		[testPackage01.Test_PDF.testPDF1]
################################################################################################################################################
[ReportManager] File Action [DoesFileExist] successfully performed. With the following test data [File Path: "src/test/resources/testDataFiles/sample.pdf"]. @06-02-2022 14:32:32.0746 PM
[ReportManager] File Action [GetAbsolutePath] successfully performed. With the following test data [Relative Folder Path: "src/test/resources/testDataFiles/sample.pdf"]. @06-02-2022 14:32:32.0747 PM
[ReportManager] Assertion Passed: Checking to see that the pdf file contains [A Simple PDF File] @06-02-2022 14:32:37.0816 PM
[ReportManager] Successfully created attachment [Validation Test Data - Expected Value] @06-02-2022 14:32:37.0817 PM
[ReportManager] Successfully created attachment [Validation Test Data - Actual Value] @06-02-2022 14:32:37.0817 PM
[ReportManager] Assertion [ValidateEquals] PASSED. Expected and Actual values are attached. Comparison Type [CONTAINS]. Validation Type [POSITIVE]. @06-02-2022 14:32:37.0817 P

################################################################################################################################################
Starting Execution:	[81 out of 162] test cases in the current suite
Test Method:		[testPackage01.Test_PDF.testPDF2]
################################################################################################################################################
[ReportManager] File Action [DoesFileExist] successfully performed. With the following test data [File Path: "src/test/resources/testDataFiles/sample.pdf"]. @06-02-2022 14:32:37.0823 PM
[ReportManager] File Action [GetAbsolutePath] successfully performed. With the following test data [Relative Folder Path: "src/test/resources/testDataFiles/sample.pdf"]. @06-02-2022 14:32:37.0824 PM
[ReportManager] Assertion Passed: Checking to see that the pdf file contains [A Simple PDF File] @06-02-2022 14:32:37.0837 PM
[ReportManager] Successfully created attachment [Validation Test Data - Expected Value] @06-02-2022 14:32:37.0838 PM
[ReportManager] Successfully created attachment [Validation Test Data - Actual Value] @06-02-2022 14:32:37.0838 PM
[ReportManager] Assertion [ValidateEquals] PASSED. Expected and Actual values are attached. Comparison Type [CONTAINS]. Validation Type [POSITIVE]. @06-02-2022 14:32:37.0838 P
[ReportManager] File Action [GetAbsolutePath] successfully performed. With the following test data [Relative Folder Path: "target/downloadedFiles/"]. @06-02-2022 14:32:37.0841 PM
[ReportManager] Attempting to run locally on: [Mac-64], [Safari], Headless Execution. @06-02-2022 14:32:37.0841 PM
[ReportManager] Successfully Opened Safari. @06-02-2022 14:32:38.0699 PM
[ReportManager] Initial window size: (800, 600) @06-02-2022 14:32:38.0723 PM
[ReportManager] Window size after SWD Maximize: (1176, 803) @06-02-2022 14:32:38.0758 PM
[ReportManager] Browser Action [MaximizeWindow] successfully performed. With the following test data [New screen size is now: (1176, 803)]. @06-02-2022 14:32:38.0759 P

################################################################################################################################################
Starting Execution:	[82 out of 162] test cases in the current suite
Test Method:		[testPackage01.Test_ShadowDOM.shadowdom]
################################################################################################################################################
[ReportManager] Target URL: [https://mdn.github.io/web-components-examples/popup-info-box-web-component/] @06-02-2022 14:32:38.0761 PM
[ReportManager] Initial URL: [] @06-02-2022 14:32:38.0809 PM
[ReportManager] Browser Action [NavigateToURL] successfully performed. With the following test data [https://mdn.github.io/web-components-examples/popup-info-box-web-component/]. @06-02-2022 14:32:39.0357 PM
[ReportManager] Element Action [Type] successfully performed. With the following test data [Typing into SHADOW DOM...]. @06-02-2022 14:32:39.0999 PM
[ReportManager] Element Action [GetText] successfully performed. With the following test data [Typing into SHADOW DOM...]. @06-02-2022 14:32:40.0076 PM
[ReportManager] Assertion [ValidateElementAttribute] PASSED. Expected [Value Should be 'Typing into SHADOW DOM...' for the 'Text' attribute, element locator 'By.id: cvc'] and Actual [Typing into SHADOW DOM...]. Comparison Type [EQUALS]. Validation Type [POSITIVE]. @06-02-2022 14:32:40.0380 PM
[ReportManager] Successfully created attachment [Screenshot - 1644157960228_shadowdom_ValidateElementAttribute_passed] @06-02-2022 14:32:40.0382 P
[ReportManager] Browser Action [CloseCurrentWindow] successfully performed. @06-02-2022 14:32:40.0800 PM
[ReportManager] Successfully created attachment [Browser Action Test Data - CloseCurrentWindow - Actual Value] @06-02-2022 14:32:40.0800 P
[ReportManager] File Action [GetAbsolutePath] successfully performed. With the following test data [Relative Folder Path: "target/downloadedFiles/"]. @06-02-2022 14:32:40.0802 PM
[ReportManager] Attempting to run locally on: [Mac-64], [Safari], Headless Execution. @06-02-2022 14:32:40.0802 PM
[ReportManager] An Exception Occured with this Message: Could not start a new session. Possible causes are invalid address of the remote server or browser start-up failure.. @06-02-2022 14:32:40.0872 PM
[ReportManager] Successfully created attachment [Exception Stack Trace - org.openqa.selenium.SessionNotCreatedException] @06-02-2022 14:32:40.0872 PM
[ReportManager] Driver Factory Action [createNewLocalDriverInstanceForSafari] failed. With the following test data [Failed to create a session on DESKTOP_SAFARI]. @06-02-2022 14:32:40.0873 P

################################################################################################################################################
Starting Execution:	[83 out of 162] test cases in the current suite
Test Method:		[testPackage01.Test_clipboardActions.typeTextAndCopyPaste]
###############################################################################################################################################

[ReportManager] File Action [GetAbsolutePath] successfully performed. With the following test data [Relative Folder Path: "target/downloadedFiles/"]. @06-02-2022 14:32:40.0879 PM
[ReportManager] Attempting to run locally on: [Mac-64], [Safari], Headless Execution. @06-02-2022 14:32:40.0879 PM
[ReportManager] Successfully Opened Safari. @06-02-2022 14:32:41.0750 PM
[ReportManager] Initial window size: (800, 600) @06-02-2022 14:32:41.0772 PM
[ReportManager] Window size after SWD Maximize: (1176, 803) @06-02-2022 14:32:41.0799 PM
[ReportManager] Browser Action [MaximizeWindow] successfully performed. With the following test data [New screen size is now: (1176, 803)]. @06-02-2022 14:32:41.0799 PM
[ReportManager] Target URL: [http://the-internet.herokuapp.com/javascript_alerts] @06-02-2022 14:32:41.0799 PM
[ReportManager] Initial URL: [] @06-02-2022 14:32:41.0844 PM
[ReportManager] Browser Action [NavigateToURL] successfully performed. With the following test data [http://the-internet.herokuapp.com/javascript_alerts]. @06-02-2022 14:32:42.0933 P

################################################################################################################################################
Starting Execution:	[84 out of 162] test cases in the current suite
Test Method:		[testPackage01.TestJSAlertBox.getJSAlertText]
################################################################################################################################################
[ReportManager] Element Action [Click] successfully performed. With the following test data [By.xpath: //button[contains(text(),'Click for JS Alert')]]. @06-02-2022 14:32:43.0178 PM
[ReportManager] Alert is present @06-02-2022 14:32:43.0201 PM
[ReportManager] Alert Text is: [I am a JS Alert] @06-02-2022 14:32:43.0212 PM
[ReportManager] Element Action [GetAlertText] successfully performed. @06-02-2022 14:32:43.0212 PM
[ReportManager] Alert text is: [I am a JS Alert] @06-02-2022 14:32:43.0213 PM
[ReportManager] Alert is present @06-02-2022 14:32:43.0224 PM
[ReportManager] Alert Text is: [I am a JS Alert] @06-02-2022 14:32:43.0232 PM
[ReportManager] Element Action [GetAlertText] successfully performed. @06-02-2022 14:32:43.0232 PM
[ReportManager] Assertion Passed: Then I Assert that [I am a JS Alert] is equal to [I am a JS Alert]. @06-02-2022 14:32:43.0232 PM
[ReportManager] Assertion [ValidateEquals] PASSED. Expected [I am a JS Alert] and Actual [I am a JS Alert]. Comparison Type [EQUALS]. Validation Type [POSITIVE]. @06-02-2022 14:32:43.0233 P

################################################################################################################################################
Starting Execution:	[85 out of 162] test cases in the current suite
Test Method:		[testPackage01.TestJSAlertBox.acceptAlert]
################################################################################################################################################
[ReportManager] Alert is not present @06-02-2022 14:33:13.0562 PM
[ReportManager] Element Action [WaitForAlertToBePresent] failed. @06-02-2022 14:33:13.0730 PM
[ReportManager] Successfully created attachment [Screenshot - 1644157993588_acceptAlert_WaitForAlertToBePresent_failed] @06-02-2022 14:33:13.0731 P

################################################################################################################################################
Starting Execution:	[86 out of 162] test cases in the current suite
Test Method:		[testPackage01.TestJSAlertBox.assertOnConfirmAlertResultText]
###############################################################################################################################################
[ReportManager] Browser Action [CloseCurrentWindow] successfully performed. @06-02-2022 14:33:14.0145 PM
[ReportManager] Successfully created attachment [Browser Action Test Data - CloseCurrentWindow - Actual Value] @06-02-2022 14:33:14.0145 P

################################################################################################################################################
Starting Execution:	[87 out of 162] test cases in the current suite
Test Method:		[testPackage01.Test_checkJDKShellFilesGenerated.testJDKGeneratedSuccessfully]
################################################################################################################################################
[ReportManager] Configuring JDK @06-02-2022 14:33:14.0148 PM
[ReportManager] File Action [GetAbsolutePath] successfully performed. With the following test data [Relative File Path: "generateJdkMac.sh"]. @06-02-2022 14:33:14.0148 PM
[ReportManager] File Action [WriteToFile] successfully performed. With the following test data [Target File Path: "/Users/runner/work/SHAFT_ENGINE/SHAFT_ENGINE/generateJdkMac.sh"]. @06-02-2022 14:33:14.0150 PM
[ReportManager] Attempting to perform the following command locally. Command: [chmod u+x generateJdk.sh] @06-02-2022 14:33:14.0150 PM
[ReportManager] Terminal Action [PerformTerminalCommands] successfully performed. With the following test data [Host Name: "localHost" | Command: "chmod u+x generateJdk.sh" | Exit Status: "1"]. @06-02-2022 14:33:14.0169 PM
[ReportManager] Successfully created attachment [Terminal Action Actual Result - Command Log] @06-02-2022 14:33:14.0206 PM
[ReportManager] Assertion Passed: Then I Assert that [[#!/bin/bash, export JAVA_HOME=$(/usr/libexec/java_home), export PATH=$JAVA_HOME/bin:$PATH, source ~/.zshenv, echo $JAVA_HOME, echo $PATH, exec bash]] contains [JAVA_HOME=$(/usr/libexec/java_home)]. @06-02-2022 14:33:14.0207 PM
[ReportManager] Assertion [ValidateEquals] PASSED. Expected [JAVA_HOME=$(/usr/libexec/java_home)] and Actual [[#!/bin/bash, export JAVA_HOME=$(/usr/libexec/java_home), export PATH=$JAVA_HOME/bin:$PATH, source ~/.zshenv, echo $JAVA_HOME, echo $PATH, exec bash]]. Comparison Type [CONTAINS]. Validation Type [POSITIVE]. @06-02-2022 14:33:14.0207 P
[ReportManager] File Action [GetAbsolutePath] successfully performed. With the following test data [Relative Folder Path: "target/downloadedFiles/"]. @06-02-2022 14:33:14.0209 PM
[ReportManager] Attempting to run locally on: [Mac-64], [Safari], Headless Execution. @06-02-2022 14:33:14.0210 PM
[ReportManager] Successfully Opened Safari. @06-02-2022 14:33:15.0176 PM
[ReportManager] Initial window size: (800, 600) @06-02-2022 14:33:15.0200 PM
[ReportManager] Window size after SWD Maximize: (1176, 803) @06-02-2022 14:33:15.0231 PM
[ReportManager] Browser Action [MaximizeWindow] successfully performed. With the following test data [New screen size is now: (1176, 803)]. @06-02-2022 14:33:15.0231 PM
[ReportManager] Target URL: [http://the-internet.herokuapp.com/javascript_alerts] @06-02-2022 14:33:15.0231 PM
[ReportManager] Initial URL: [] @06-02-2022 14:33:15.0285 PM
[ReportManager] Browser Action [NavigateToURL] successfully performed. With the following test data [http://the-internet.herokuapp.com/javascript_alerts]. @06-02-2022 14:33:16.0309 P

################################################################################################################################################
Starting Execution:	[88 out of 162] test cases in the current suite
Test Method:		[testPackage01.TestJSConfirmBox.dismissAlert]
################################################################################################################################################
[ReportManager] Element Action [Click] successfully performed. With the following test data [By.xpath: //button[contains(text(),'Click for JS Confirm')]]. @06-02-2022 14:33:16.0595 PM
[ReportManager] Alert is present @06-02-2022 14:33:16.0602 PM
[ReportManager] Element Action [DismissAlert] successfully performed. @06-02-2022 14:33:16.0625 P

################################################################################################################################################
Starting Execution:	[89 out of 162] test cases in the current suite
Test Method:		[testPackage01.TestJSConfirmBox.assertOnCancelAlertResultText]
################################################################################################################################################
[ReportManager] Element Action [GetText] successfully performed. With the following test data [You clicked: Cancel]. @06-02-2022 14:33:16.0704 PM
[ReportManager] Assertion Passed: Then I Assert that the element found by [By.id: result] attribute [TEXT] is equal to [You clicked: Cancel]. @06-02-2022 14:33:16.0885 PM
[ReportManager] Successfully created attachment [Screenshot - 1644157996801_assertOnCancelAlertResultText_ValidateElementAttribute_passed] @06-02-2022 14:33:16.0886 PM
[ReportManager] Assertion [ValidateElementAttribute] PASSED. Expected [Value Should be 'You clicked: Cancel' for the 'text' attribute, element locator 'By.id: result'] and Actual [You clicked: Cancel]. Comparison Type [EQUALS]. Validation Type [POSITIVE]. @06-02-2022 14:33:16.0886 P

################################################################################################################################################
Starting Execution:	[90 out of 162] test cases in the current suite
Test Method:		[testPackage01.TestJSConfirmBox.getAlertText]
################################################################################################################################################
[ReportManager] Element Action [Click] successfully performed. With the following test data [By.xpath: //button[contains(text(),'Click for JS Confirm')]]. @06-02-2022 14:33:17.0101 PM
[ReportManager] Alert is present @06-02-2022 14:33:17.0108 PM
[ReportManager] Alert Text is: [I am a JS Confirm] @06-02-2022 14:33:17.0129 PM
[ReportManager] Element Action [GetAlertText] successfully performed. @06-02-2022 14:33:17.0130 PM
[ReportManager] Alert text is: [I am a JS Confirm] @06-02-2022 14:33:17.0132 PM
[ReportManager] Alert is present @06-02-2022 14:33:17.0143 PM
[ReportManager] Alert Text is: [I am a JS Confirm] @06-02-2022 14:33:17.0153 PM
[ReportManager] Element Action [GetAlertText] successfully performed. @06-02-2022 14:33:17.0153 PM
[ReportManager] Assertion Passed: Then I Assert that [I am a JS Confirm] is equal to [I am a JS Confirm]. @06-02-2022 14:33:17.0154 PM
[ReportManager] Assertion [ValidateEquals] PASSED. Expected [I am a JS Confirm] and Actual [I am a JS Confirm]. Comparison Type [EQUALS]. Validation Type [POSITIVE]. @06-02-2022 14:33:17.0154 P

################################################################################################################################################
Starting Execution:	[91 out of 162] test cases in the current suite
Test Method:		[testPackage01.TestJSConfirmBox.acceptAlert]
################################################################################################################################################
[ReportManager] Alert is not present @06-02-2022 14:33:47.0412 PM
[ReportManager] Element Action [WaitForAlertToBePresent] failed. @06-02-2022 14:33:47.0528 PM
[ReportManager] Successfully created attachment [Screenshot - 1644158027435_acceptAlert_WaitForAlertToBePresent_failed] @06-02-2022 14:33:47.0530 P

################################################################################################################################################
Starting Execution:	[92 out of 162] test cases in the current suite
Test Method:		[testPackage01.TestJSConfirmBox.assertOnConfirmAlertResultText]
###############################################################################################################################################
[ReportManager] Browser Action [CloseCurrentWindow] successfully performed. @06-02-2022 14:33:47.0951 PM
[ReportManager] Successfully created attachment [Browser Action Test Data - CloseCurrentWindow - Actual Value] @06-02-2022 14:33:47.0951 P

################################################################################################################################################
Starting Execution:	[93 out of 162] test cases in the current suite
Test Method:		[testPackage01.Test_NewValidationHelper.f1]
################################################################################################################################################
[ReportManager] Assertion Passed: Checking valid user data @06-02-2022 14:33:47.0954 PM
[ReportManager] Successfully created attachment [Validation Test Data - Expected Value] @06-02-2022 14:33:47.0955 PM
[ReportManager] Successfully created attachment [Validation Test Data - Actual Value] @06-02-2022 14:33:47.0956 PM
[ReportManager] Assertion [ValidateEquals] PASSED. Expected and Actual values are attached. Comparison Type [EQUALS]. Validation Type [POSITIVE]. @06-02-2022 14:33:47.0956 P
[ReportManager] File Action [GetAbsolutePath] successfully performed. With the following test data [Relative Folder Path: "target/downloadedFiles/"]. @06-02-2022 14:33:47.0958 PM
[ReportManager] Attempting to run locally on: [Mac-64], [Safari], Headless Execution. @06-02-2022 14:33:47.0959 PM
[ReportManager] Successfully Opened Safari. @06-02-2022 14:33:49.0052 PM
[ReportManager] Initial window size: (800, 600) @06-02-2022 14:33:49.0106 PM
[ReportManager] Window size after SWD Maximize: (1176, 803) @06-02-2022 14:33:49.0143 PM
[ReportManager] Browser Action [MaximizeWindow] successfully performed. With the following test data [New screen size is now: (1176, 803)]. @06-02-2022 14:33:49.0144 PM
[ReportManager] Target URL: [https://the-internet.herokuapp.com/] @06-02-2022 14:33:49.0144 PM
[ReportManager] Initial URL: [] @06-02-2022 14:33:49.0191 PM
[ReportManager] Browser Action [NavigateToURL] successfully performed. With the following test data [https://the-internet.herokuapp.com/]. @06-02-2022 14:33:50.0379 P

################################################################################################################################################
Starting Execution:	[94 out of 162] test cases in the current suite
Test Method:		[testPackage01.Test_NewValidationHelper.f10]
################################################################################################################################################
[ReportManager] Assertion [ValidateElementExists] FAILED. Expected [Element Should Exist, locator 'By.tagName: div'] and Actual [Element Exists but is not unique]. Comparison Type [EQUALS]. Validation Type [POSITIVE]. @06-02-2022 14:33:50.0825 PM
[ReportManager] Successfully created attachment [Screenshot - 1644158030747_f10_ValidateElementExists_failed] @06-02-2022 14:33:50.0827 P
[ReportManager] Successfully Closed All Drivers. @06-02-2022 14:33:51.0213 P
[ReportManager] File Action [GetAbsolutePath] successfully performed. With the following test data [Relative Folder Path: "target/downloadedFiles/"]. @06-02-2022 14:33:51.0215 PM
[ReportManager] Attempting to run locally on: [Mac-64], [Safari], Headless Execution. @06-02-2022 14:33:51.0215 PM
[ReportManager] Successfully Opened Safari. @06-02-2022 14:33:52.0034 PM
[ReportManager] Initial window size: (800, 600) @06-02-2022 14:33:52.0063 PM
[ReportManager] Window size after SWD Maximize: (1176, 803) @06-02-2022 14:33:52.0094 PM
[ReportManager] Browser Action [MaximizeWindow] successfully performed. With the following test data [New screen size is now: (1176, 803)]. @06-02-2022 14:33:52.0095 PM
[ReportManager] Target URL: [https://the-internet.herokuapp.com/] @06-02-2022 14:33:52.0095 PM
[ReportManager] Initial URL: [] @06-02-2022 14:33:52.0158 PM
[ReportManager] Browser Action [NavigateToURL] successfully performed. With the following test data [https://the-internet.herokuapp.com/]. @06-02-2022 14:33:53.0398 P

################################################################################################################################################
Starting Execution:	[95 out of 162] test cases in the current suite
Test Method:		[testPackage01.Test_NewValidationHelper.f11]
################################################################################################################################################
[ReportManager] org.openqa.selenium.TimeoutException:
Expected condition failed: waiting for com.shaft.gui.element.ElementActionsHelper$$Lambda$857/0x000000080123a728@65f9a26b (tried for 5 second(s) with 1000 milliseconds interval)
org.openqa.selenium.support.ui.FluentWait.timeoutException(FluentWait.java:263)
org.openqa.selenium.support.ui.FluentWait.until(FluentWait.java:231)
com.shaft.gui.element.ElementActionsHelper.waitForElementPresence(ElementActionsHelper.java:89)
com.shaft.gui.element.ElementActionsHelper.waitForElementPresence(ElementActionsHelper.java:37)
com.shaft.gui.element.WebDriverElementActions.getMatchingElementsCount(WebDriverElementActions.java:1481)
com.shaft.gui.element.WebDriverElementActions.getElementsCount(WebDriverElementActions.java:561)
com.shaft.gui.element.ElementActions.getElementsCount(ElementActions.java:269)
com.shaft.validation.ValidationsHelper.validateElementExists(ValidationsHelper.java:149)
com.shaft.validation.Assertions.assertElementExists(Assertions.java:118)
testPackage01.Test_NewValidationHelper.f11(Test_NewValidationHelper.java:137)
java.base/jdk.internal.reflect.NativeMethodAccessorImpl.invoke0(Native Method)
java.base/jdk.internal.reflect.NativeMethodAccessorImpl.invoke(NativeMethodAccessorImpl.java:77)
java.base/jdk.internal.reflect.DelegatingMethodAccessorImpl.invoke(DelegatingMethodAccessorImpl.java:43)
java.base/java.lang.reflect.Method.invoke(Method.java:568)
org.testng.internal.invokers.MethodInvocationHelper.invokeMethod(MethodInvocationHelper.java:135)
org.testng.internal.invokers.TestInvoker.invokeMethod(TestInvoker.java:673)
org.testng.internal.invokers.TestInvoker.invokeTestMethod(TestInvoker.java:220)
org.testng.internal.invokers.MethodRunner.runInSequence(MethodRunner.java:50)
org.testng.internal.invokers.TestInvoker$MethodInvocationAgent.invoke(TestInvoker.java:945)
org.testng.internal.invokers.TestInvoker.invokeTestMethods(TestInvoker.java:193)
org.testng.internal.invokers.TestMethodWorker.invokeTestMethods(TestMethodWorker.java:146)
org.testng.internal.invokers.TestMethodWorker.run(TestMethodWorker.java:128)
java.base/java.util.ArrayList.forEach(ArrayList.java:1511)
org.testng.TestRunner.privateRun(TestRunner.java:808)
org.testng.TestRunner.run(TestRunner.java:603)
org.testng.SuiteRunner.runTest(SuiteRunner.java:429)
org.testng.SuiteRunner.runSequentially(SuiteRunner.java:423)
org.testng.SuiteRunner.privateRun(SuiteRunner.java:383)
org.testng.SuiteRunner.run(SuiteRunner.java:326)
org.testng.SuiteRunnerWorker.runSuite(SuiteRunnerWorker.java:52)
org.testng.SuiteRunnerWorker.run(SuiteRunnerWorker.java:95)
org.testng.TestNG.runSuitesSequentially(TestNG.java:1249)
org.testng.TestNG.runSuitesLocally(TestNG.java:1169)
org.testng.TestNG.runSuites(TestNG.java:1092)
org.testng.TestNG.run(TestNG.java:1060)
org.apache.maven.surefire.testng.TestNGExecutor.run(TestNGExecutor.java:136)
org.apache.maven.surefire.testng.TestNGDirectoryTestSuite.executeMulti(TestNGDirectoryTestSuite.java:193)
org.apache.maven.surefire.testng.TestNGDirectoryTestSuite.execute(TestNGDirectoryTestSuite.java:94)
org.apache.maven.surefire.testng.TestNGProvider.invoke(TestNGProvider.java:145)
org.apache.maven.surefire.booter.ForkedBooter.runSuitesInProcess(ForkedBooter.java:428)
org.apache.maven.surefire.booter.ForkedBooter.execute(ForkedBooter.java:162)
org.apache.maven.surefire.booter.ForkedBooter.run(ForkedBooter.java:562)
org.apache.maven.surefire.booter.ForkedBooter.main(ForkedBooter.java:548)

Caused by: org.openqa.selenium.NoSuchElementException:
For documentation on this error, please visit: https://selenium.dev/exceptions/#no_such_element
Build info: version: '4.1.2', revision: '9a5a329c5a'
System info: host: 'Mac-1644156912204.local', ip: '10.212.11.246', os.name: 'Mac OS X', os.arch: 'x86_64', os.version: '11.6.3', java.version: '17.0.2'
Driver info: org.openqa.selenium.safari.SafariDriver
Command: [7D8E3C83-372D-4928-8B8E-CA60CD220EFC, findElement {using=tag name, value=h3}]
Capabilities {acceptInsecureCerts: false, browserName: Safari, browserVersion: 15.3, goog:loggingPrefs: {browser: ALL, client: ALL, driver: ALL, performance: ALL, profiler: ALL, server: ALL}, javascriptEnabled: true, pageLoadStrategy: normal, platform: MAC, platformName: MAC, safari:automaticInspection: false, safari:automaticProfiling: false, safari:diagnose: false, safari:platformBuildVersion: 20G415, safari:platformVersion: 11.6.3, safari:useSimulator: false, setWindowRect: true, strictFileInteractability: false, timeouts: {pageLoad: 30000, script: 30000}, webkit:WebRTC: {DisableICECandidateFiltering: false, DisableInsecureMediaCapture: false}}
Session ID: 7D8E3C83-372D-4928-8B8E-CA60CD220EFC
java.base/jdk.internal.reflect.NativeConstructorAccessorImpl.newInstance0(Native Method)
java.base/jdk.internal.reflect.NativeConstructorAccessorImpl.newInstance(NativeConstructorAccessorImpl.java:77)
java.base/jdk.internal.reflect.DelegatingConstructorAccessorImpl.newInstance(DelegatingConstructorAccessorImpl.java:45)
java.base/java.lang.reflect.Constructor.newInstanceWithCaller(Constructor.java:499)
java.base/java.lang.reflect.Constructor.newInstance(Constructor.java:480)
org.openqa.selenium.remote.codec.w3c.W3CHttpResponseCodec.createException(W3CHttpResponseCodec.java:200)
org.openqa.selenium.remote.codec.w3c.W3CHttpResponseCodec.decode(W3CHttpResponseCodec.java:133)
org.openqa.selenium.remote.codec.w3c.W3CHttpResponseCodec.decode(W3CHttpResponseCodec.java:53)
org.openqa.selenium.remote.HttpCommandExecutor.execute(HttpCommandExecutor.java:184)
org.openqa.selenium.remote.service.DriverCommandExecutor.invokeExecute(DriverCommandExecutor.java:167)
org.openqa.selenium.remote.service.DriverCommandExecutor.execute(DriverCommandExecutor.java:142)
org.openqa.selenium.remote.RemoteWebDriver.execute(RemoteWebDriver.java:558)
org.openqa.selenium.remote.ElementLocation$ElementFinder$2.findElement(ElementLocation.java:162)
org.openqa.selenium.remote.ElementLocation.findElement(ElementLocation.java:60)
org.openqa.selenium.remote.RemoteWebDriver.findElement(RemoteWebDriver.java:382)
org.openqa.selenium.remote.RemoteWebDriver.findElement(RemoteWebDriver.java:374)
com.shaft.gui.element.ElementActionsHelper.lambda$waitForElementPresence$0(ElementActionsHelper.java:92)
org.openqa.selenium.support.ui.FluentWait.until(FluentWait.java:208)
com.shaft.gui.element.ElementActionsHelper.waitForElementPresence(ElementActionsHelper.java:89)
com.shaft.gui.element.ElementActionsHelper.waitForElementPresence(ElementActionsHelper.java:37)
com.shaft.gui.element.WebDriverElementActions.getMatchingElementsCount(WebDriverElementActions.java:1481)
com.shaft.gui.element.WebDriverElementActions.getElementsCount(WebDriverElementActions.java:561)
com.shaft.gui.element.ElementActions.getElementsCount(ElementActions.java:269)
com.shaft.validation.ValidationsHelper.validateElementExists(ValidationsHelper.java:149)
com.shaft.validation.Assertions.assertElementExists(Assertions.java:118)
testPackage01.Test_NewValidationHelper.f11(Test_NewValidationHelper.java:137)
java.base/jdk.internal.reflect.NativeMethodAccessorImpl.invoke0(Native Method)
java.base/jdk.internal.reflect.NativeMethodAccessorImpl.invoke(NativeMethodAccessorImpl.java:77)
java.base/jdk.internal.reflect.DelegatingMethodAccessorImpl.invoke(DelegatingMethodAccessorImpl.java:43)
java.base/java.lang.reflect.Method.invoke(Method.java:568)
org.testng.internal.invokers.MethodInvocationHelper.invokeMethod(MethodInvocationHelper.java:135)
org.testng.internal.invokers.TestInvoker.invokeMethod(TestInvoker.java:673)
org.testng.internal.invokers.TestInvoker.invokeTestMethod(TestInvoker.java:220)
org.testng.internal.invokers.MethodRunner.runInSequence(MethodRunner.java:50)
org.testng.internal.invokers.TestInvoker$MethodInvocationAgent.invoke(TestInvoker.java:945)
org.testng.internal.invokers.TestInvoker.invokeTestMethods(TestInvoker.java:193)
org.testng.internal.invokers.TestMethodWorker.invokeTestMethods(TestMethodWorker.java:146)
org.testng.internal.invokers.TestMethodWorker.run(TestMethodWorker.java:128)
java.base/java.util.ArrayList.forEach(ArrayList.java:1511)
org.testng.TestRunner.privateRun(TestRunner.java:808)
org.testng.TestRunner.run(TestRunner.java:603)
org.testng.SuiteRunner.runTest(SuiteRunner.java:429)
org.testng.SuiteRunner.runSequentially(SuiteRunner.java:423)
org.testng.SuiteRunner.privateRun(SuiteRunner.java:383)
org.testng.SuiteRunner.run(SuiteRunner.java:326)
org.testng.SuiteRunnerWorker.runSuite(SuiteRunnerWorker.java:52)
org.testng.SuiteRunnerWorker.run(SuiteRunnerWorker.java:95)
org.testng.TestNG.runSuitesSequentially(TestNG.java:1249)
org.testng.TestNG.runSuitesLocally(TestNG.java:1169)
org.testng.TestNG.runSuites(TestNG.java:1092)
org.testng.TestNG.run(TestNG.java:1060)
org.apache.maven.surefire.testng.TestNGExecutor.run(TestNGExecutor.java:136)
org.apache.maven.surefire.testng.TestNGDirectoryTestSuite.executeMulti(TestNGDirectoryTestSuite.java:193)
org.apache.maven.surefire.testng.TestNGDirectoryTestSuite.execute(TestNGDirectoryTestSuite.java:94)
org.apache.maven.surefire.testng.TestNGProvider.invoke(TestNGProvider.java:145)
org.apache.maven.surefire.booter.ForkedBooter.runSuitesInProcess(ForkedBooter.java:428)
org.apache.maven.surefire.booter.ForkedBooter.execute(ForkedBooter.java:162)
org.apache.maven.surefire.booter.ForkedBooter.run(ForkedBooter.java:562)
org.apache.maven.surefire.booter.ForkedBooter.main(ForkedBooter.java:548) @06-02-2022 14:33:58.0791 PM
[ReportManager] org.openqa.selenium.TimeoutException:
Expected condition failed: waiting for com.shaft.gui.element.ElementActionsHelper$$Lambda$857/0x000000080123a728@3782d1e6 (tried for 5 second(s) with 1000 milliseconds interval)
org.openqa.selenium.support.ui.FluentWait.timeoutException(FluentWait.java:263)
org.openqa.selenium.support.ui.FluentWait.until(FluentWait.java:231)
com.shaft.gui.element.ElementActionsHelper.waitForElementPresence(ElementActionsHelper.java:89)
com.shaft.gui.element.ElementActionsHelper.waitForElementPresence(ElementActionsHelper.java:37)
com.shaft.gui.element.WebDriverElementActions.getMatchingElementsCount(WebDriverElementActions.java:1481)
com.shaft.gui.element.WebDriverElementActions.getElementsCount(WebDriverElementActions.java:561)
com.shaft.gui.element.ElementActions.getElementsCount(ElementActions.java:269)
com.shaft.gui.image.ScreenshotManager.internalCaptureScreenShot(ScreenshotManager.java:385)
com.shaft.gui.image.ScreenshotManager.captureScreenShot(ScreenshotManager.java:141)
com.shaft.validation.ValidationsHelper.reportValidationState(ValidationsHelper.java:823)
com.shaft.validation.ValidationsHelper.pass(ValidationsHelper.java:564)
com.shaft.validation.ValidationsHelper.validateElementExists(ValidationsHelper.java:166)
com.shaft.validation.Assertions.assertElementExists(Assertions.java:118)
testPackage01.Test_NewValidationHelper.f11(Test_NewValidationHelper.java:137)
java.base/jdk.internal.reflect.NativeMethodAccessorImpl.invoke0(Native Method)
java.base/jdk.internal.reflect.NativeMethodAccessorImpl.invoke(NativeMethodAccessorImpl.java:77)
java.base/jdk.internal.reflect.DelegatingMethodAccessorImpl.invoke(DelegatingMethodAccessorImpl.java:43)
java.base/java.lang.reflect.Method.invoke(Method.java:568)
org.testng.internal.invokers.MethodInvocationHelper.invokeMethod(MethodInvocationHelper.java:135)
org.testng.internal.invokers.TestInvoker.invokeMethod(TestInvoker.java:673)
org.testng.internal.invokers.TestInvoker.invokeTestMethod(TestInvoker.java:220)
org.testng.internal.invokers.MethodRunner.runInSequence(MethodRunner.java:50)
org.testng.internal.invokers.TestInvoker$MethodInvocationAgent.invoke(TestInvoker.java:945)
org.testng.internal.invokers.TestInvoker.invokeTestMethods(TestInvoker.java:193)
org.testng.internal.invokers.TestMethodWorker.invokeTestMethods(TestMethodWorker.java:146)
org.testng.internal.invokers.TestMethodWorker.run(TestMethodWorker.java:128)
java.base/java.util.ArrayList.forEach(ArrayList.java:1511)
org.testng.TestRunner.privateRun(TestRunner.java:808)
org.testng.TestRunner.run(TestRunner.java:603)
org.testng.SuiteRunner.runTest(SuiteRunner.java:429)
org.testng.SuiteRunner.runSequentially(SuiteRunner.java:423)
org.testng.SuiteRunner.privateRun(SuiteRunner.java:383)
org.testng.SuiteRunner.run(SuiteRunner.java:326)
org.testng.SuiteRunnerWorker.runSuite(SuiteRunnerWorker.java:52)
org.testng.SuiteRunnerWorker.run(SuiteRunnerWorker.java:95)
org.testng.TestNG.runSuitesSequentially(TestNG.java:1249)
org.testng.TestNG.runSuitesLocally(TestNG.java:1169)
org.testng.TestNG.runSuites(TestNG.java:1092)
org.testng.TestNG.run(TestNG.java:1060)
org.apache.maven.surefire.testng.TestNGExecutor.run(TestNGExecutor.java:136)
org.apache.maven.surefire.testng.TestNGDirectoryTestSuite.executeMulti(TestNGDirectoryTestSuite.java:193)
org.apache.maven.surefire.testng.TestNGDirectoryTestSuite.execute(TestNGDirectoryTestSuite.java:94)
org.apache.maven.surefire.testng.TestNGProvider.invoke(TestNGProvider.java:145)
org.apache.maven.surefire.booter.ForkedBooter.runSuitesInProcess(ForkedBooter.java:428)
org.apache.maven.surefire.booter.ForkedBooter.execute(ForkedBooter.java:162)
org.apache.maven.surefire.booter.ForkedBooter.run(ForkedBooter.java:562)
org.apache.maven.surefire.booter.ForkedBooter.main(ForkedBooter.java:548)

Caused by: org.openqa.selenium.NoSuchElementException:
For documentation on this error, please visit: https://selenium.dev/exceptions/#no_such_element
Build info: version: '4.1.2', revision: '9a5a329c5a'
System info: host: 'Mac-1644156912204.local', ip: '10.212.11.246', os.name: 'Mac OS X', os.arch: 'x86_64', os.version: '11.6.3', java.version: '17.0.2'
Driver info: org.openqa.selenium.safari.SafariDriver
Command: [7D8E3C83-372D-4928-8B8E-CA60CD220EFC, findElement {using=tag name, value=h3}]
Capabilities {acceptInsecureCerts: false, browserName: Safari, browserVersion: 15.3, goog:loggingPrefs: {browser: ALL, client: ALL, driver: ALL, performance: ALL, profiler: ALL, server: ALL}, javascriptEnabled: true, pageLoadStrategy: normal, platform: MAC, platformName: MAC, safari:automaticInspection: false, safari:automaticProfiling: false, safari:diagnose: false, safari:platformBuildVersion: 20G415, safari:platformVersion: 11.6.3, safari:useSimulator: false, setWindowRect: true, strictFileInteractability: false, timeouts: {pageLoad: 30000, script: 30000}, webkit:WebRTC: {DisableICECandidateFiltering: false, DisableInsecureMediaCapture: false}}
Session ID: 7D8E3C83-372D-4928-8B8E-CA60CD220EFC
java.base/jdk.internal.reflect.NativeConstructorAccessorImpl.newInstance0(Native Method)
java.base/jdk.internal.reflect.NativeConstructorAccessorImpl.newInstance(NativeConstructorAccessorImpl.java:77)
java.base/jdk.internal.reflect.DelegatingConstructorAccessorImpl.newInstance(DelegatingConstructorAccessorImpl.java:45)
java.base/java.lang.reflect.Constructor.newInstanceWithCaller(Constructor.java:499)
java.base/java.lang.reflect.Constructor.newInstance(Constructor.java:480)
org.openqa.selenium.remote.codec.w3c.W3CHttpResponseCodec.createException(W3CHttpResponseCodec.java:200)
org.openqa.selenium.remote.codec.w3c.W3CHttpResponseCodec.decode(W3CHttpResponseCodec.java:133)
org.openqa.selenium.remote.codec.w3c.W3CHttpResponseCodec.decode(W3CHttpResponseCodec.java:53)
org.openqa.selenium.remote.HttpCommandExecutor.execute(HttpCommandExecutor.java:184)
org.openqa.selenium.remote.service.DriverCommandExecutor.invokeExecute(DriverCommandExecutor.java:167)
org.openqa.selenium.remote.service.DriverCommandExecutor.execute(DriverCommandExecutor.java:142)
org.openqa.selenium.remote.RemoteWebDriver.execute(RemoteWebDriver.java:558)
org.openqa.selenium.remote.ElementLocation$ElementFinder$2.findElement(ElementLocation.java:162)
org.openqa.selenium.remote.ElementLocation.findElement(ElementLocation.java:60)
org.openqa.selenium.remote.RemoteWebDriver.findElement(RemoteWebDriver.java:382)
org.openqa.selenium.remote.RemoteWebDriver.findElement(RemoteWebDriver.java:374)
com.shaft.gui.element.ElementActionsHelper.lambda$waitForElementPresence$0(ElementActionsHelper.java:92)
org.openqa.selenium.support.ui.FluentWait.until(FluentWait.java:208)
com.shaft.gui.element.ElementActionsHelper.waitForElementPresence(ElementActionsHelper.java:89)
com.shaft.gui.element.ElementActionsHelper.waitForElementPresence(ElementActionsHelper.java:37)
com.shaft.gui.element.WebDriverElementActions.getMatchingElementsCount(WebDriverElementActions.java:1481)
com.shaft.gui.element.WebDriverElementActions.getElementsCount(WebDriverElementActions.java:561)
com.shaft.gui.element.ElementActions.getElementsCount(ElementActions.java:269)
com.shaft.gui.image.ScreenshotManager.internalCaptureScreenShot(ScreenshotManager.java:385)
com.shaft.gui.image.ScreenshotManager.captureScreenShot(ScreenshotManager.java:141)
com.shaft.validation.ValidationsHelper.reportValidationState(ValidationsHelper.java:823)
com.shaft.validation.ValidationsHelper.pass(ValidationsHelper.java:564)
com.shaft.validation.ValidationsHelper.validateElementExists(ValidationsHelper.java:166)
com.shaft.validation.Assertions.assertElementExists(Assertions.java:118)
testPackage01.Test_NewValidationHelper.f11(Test_NewValidationHelper.java:137)
java.base/jdk.internal.reflect.NativeMethodAccessorImpl.invoke0(Native Method)
java.base/jdk.internal.reflect.NativeMethodAccessorImpl.invoke(NativeMethodAccessorImpl.java:77)
java.base/jdk.internal.reflect.DelegatingMethodAccessorImpl.invoke(DelegatingMethodAccessorImpl.java:43)
java.base/java.lang.reflect.Method.invoke(Method.java:568)
org.testng.internal.invokers.MethodInvocationHelper.invokeMethod(MethodInvocationHelper.java:135)
org.testng.internal.invokers.TestInvoker.invokeMethod(TestInvoker.java:673)
org.testng.internal.invokers.TestInvoker.invokeTestMethod(TestInvoker.java:220)
org.testng.internal.invokers.MethodRunner.runInSequence(MethodRunner.java:50)
org.testng.internal.invokers.TestInvoker$MethodInvocationAgent.invoke(TestInvoker.java:945)
org.testng.internal.invokers.TestInvoker.invokeTestMethods(TestInvoker.java:193)
org.testng.internal.invokers.TestMethodWorker.invokeTestMethods(TestMethodWorker.java:146)
org.testng.internal.invokers.TestMethodWorker.run(TestMethodWorker.java:128)
java.base/java.util.ArrayList.forEach(ArrayList.java:1511)
org.testng.TestRunner.privateRun(TestRunner.java:808)
org.testng.TestRunner.run(TestRunner.java:603)
org.testng.SuiteRunner.runTest(SuiteRunner.java:429)
org.testng.SuiteRunner.runSequentially(SuiteRunner.java:423)
org.testng.SuiteRunner.privateRun(SuiteRunner.java:383)
org.testng.SuiteRunner.run(SuiteRunner.java:326)
org.testng.SuiteRunnerWorker.runSuite(SuiteRunnerWorker.java:52)
org.testng.SuiteRunnerWorker.run(SuiteRunnerWorker.java:95)
org.testng.TestNG.runSuitesSequentially(TestNG.java:1249)
org.testng.TestNG.runSuitesLocally(TestNG.java:1169)
org.testng.TestNG.runSuites(TestNG.java:1092)
org.testng.TestNG.run(TestNG.java:1060)
org.apache.maven.surefire.testng.TestNGExecutor.run(TestNGExecutor.java:136)
org.apache.maven.surefire.testng.TestNGDirectoryTestSuite.executeMulti(TestNGDirectoryTestSuite.java:193)
org.apache.maven.surefire.testng.TestNGDirectoryTestSuite.execute(TestNGDirectoryTestSuite.java:94)
org.apache.maven.surefire.testng.TestNGProvider.invoke(TestNGProvider.java:145)
org.apache.maven.surefire.booter.ForkedBooter.runSuitesInProcess(ForkedBooter.java:428)
org.apache.maven.surefire.booter.ForkedBooter.execute(ForkedBooter.java:162)
org.apache.maven.surefire.booter.ForkedBooter.run(ForkedBooter.java:562)
org.apache.maven.surefire.booter.ForkedBooter.main(ForkedBooter.java:548) @06-02-2022 14:34:04.0416 PM
[ReportManager] Assertion Passed: Checking that false tag doesn't exist @06-02-2022 14:34:04.0525 PM
[ReportManager] Successfully created attachment [Screenshot - 1644158044442_f11_ValidateElementExists_passed] @06-02-2022 14:34:04.0526 PM
[ReportManager] Assertion [ValidateElementExists] PASSED. Expected [Element Should not Exist, locator 'By.tagName: h3'] and Actual [Element Doesn't Exists]. Comparison Type [EQUALS]. Validation Type [NEGATIVE]. @06-02-2022 14:34:04.0526 P
[ReportManager] Successfully Closed All Drivers. @06-02-2022 14:34:04.0790 P
[ReportManager] File Action [GetAbsolutePath] successfully performed. With the following test data [Relative Folder Path: "target/downloadedFiles/"]. @06-02-2022 14:34:04.0792 PM
[ReportManager] Attempting to run locally on: [Mac-64], [Safari], Headless Execution. @06-02-2022 14:34:04.0792 PM
[ReportManager] Successfully Opened Safari. @06-02-2022 14:34:05.0604 PM
[ReportManager] Initial window size: (800, 600) @06-02-2022 14:34:05.0625 PM
[ReportManager] Window size after SWD Maximize: (1176, 803) @06-02-2022 14:34:05.0639 PM
[ReportManager] Browser Action [MaximizeWindow] successfully performed. With the following test data [New screen size is now: (1176, 803)]. @06-02-2022 14:34:05.0640 PM
[ReportManager] Target URL: [https://the-internet.herokuapp.com/] @06-02-2022 14:34:05.0640 PM
[ReportManager] Initial URL: [] @06-02-2022 14:34:05.0696 PM
[ReportManager] Browser Action [NavigateToURL] successfully performed. With the following test data [https://the-internet.herokuapp.com/]. @06-02-2022 14:34:06.0880 P

################################################################################################################################################
Starting Execution:	[96 out of 162] test cases in the current suite
Test Method:		[testPackage01.Test_NewValidationHelper.f12]
################################################################################################################################################
[ReportManager] Assertion [ValidateElementExists] FAILED. Expected [Element Should not Exist, locator 'By.tagName: h1'] and Actual [Element Exists]. Comparison Type [EQUALS]. Validation Type [NEGATIVE]. @06-02-2022 14:34:07.0298 PM
[ReportManager] Successfully created attachment [Screenshot - 1644158047229_f12_ValidateElementExists_failed] @06-02-2022 14:34:07.0300 P
[ReportManager] Successfully Closed All Drivers. @06-02-2022 14:34:07.0541 P
[ReportManager] File Action [GetAbsolutePath] successfully performed. With the following test data [Relative Folder Path: "target/downloadedFiles/"]. @06-02-2022 14:34:07.0543 PM
[ReportManager] Attempting to run locally on: [Mac-64], [Safari], Headless Execution. @06-02-2022 14:34:07.0544 PM
[ReportManager] Successfully Opened Safari. @06-02-2022 14:34:08.0355 PM
[ReportManager] Initial window size: (800, 600) @06-02-2022 14:34:08.0364 PM
[ReportManager] Window size after SWD Maximize: (1176, 803) @06-02-2022 14:34:08.0391 PM
[ReportManager] Browser Action [MaximizeWindow] successfully performed. With the following test data [New screen size is now: (1176, 803)]. @06-02-2022 14:34:08.0392 PM
[ReportManager] Target URL: [https://the-internet.herokuapp.com/] @06-02-2022 14:34:08.0392 PM
[ReportManager] Initial URL: [] @06-02-2022 14:34:08.0436 PM
[ReportManager] Browser Action [NavigateToURL] successfully performed. With the following test data [https://the-internet.herokuapp.com/]. @06-02-2022 14:34:09.0611 P

################################################################################################################################################
Starting Execution:	[97 out of 162] test cases in the current suite
Test Method:		[testPackage01.Test_NewValidationHelper.f13]
################################################################################################################################################
[ReportManager] Assertion [ValidateElementExists] FAILED. Expected [Element Should not Exist, locator 'By.tagName: div'] and Actual [Element Exists but is not unique]. Comparison Type [EQUALS]. Validation Type [NEGATIVE]. @06-02-2022 14:34:09.0857 PM
[ReportManager] Successfully created attachment [Screenshot - 1644158049788_f13_ValidateElementExists_failed] @06-02-2022 14:34:09.0858 P
[ReportManager] Successfully Closed All Drivers. @06-02-2022 14:34:10.0101 P
[ReportManager] File Action [GetAbsolutePath] successfully performed. With the following test data [Relative Folder Path: "target/downloadedFiles/"]. @06-02-2022 14:34:10.0104 PM
[ReportManager] Attempting to run locally on: [Mac-64], [Safari], Headless Execution. @06-02-2022 14:34:10.0104 PM
[ReportManager] Successfully Opened Safari. @06-02-2022 14:34:10.0915 PM
[ReportManager] Initial window size: (800, 600) @06-02-2022 14:34:10.0939 PM
[ReportManager] Window size after SWD Maximize: (1176, 803) @06-02-2022 14:34:10.0960 PM
[ReportManager] Browser Action [MaximizeWindow] successfully performed. With the following test data [New screen size is now: (1176, 803)]. @06-02-2022 14:34:10.0961 PM
[ReportManager] Target URL: [https://the-internet.herokuapp.com/] @06-02-2022 14:34:10.0961 PM
[ReportManager] Initial URL: [] @06-02-2022 14:34:11.0017 PM
[ReportManager] Browser Action [NavigateToURL] successfully performed. With the following test data [https://the-internet.herokuapp.com/]. @06-02-2022 14:34:12.0209 P

################################################################################################################################################
Starting Execution:	[98 out of 162] test cases in the current suite
Test Method:		[testPackage01.Test_NewValidationHelper.f14]
################################################################################################################################################
[ReportManager] Element Action [GetText] successfully performed. With the following test data [Welcome to the-internet]. @06-02-2022 14:34:12.0255 PM
[ReportManager] Assertion Passed: Asserting that the header text is correct @06-02-2022 14:34:12.0450 PM
[ReportManager] Successfully created attachment [Screenshot - 1644158052380_f14_ValidateElementAttribute_passed] @06-02-2022 14:34:12.0452 PM
[ReportManager] Assertion [ValidateElementAttribute] PASSED. Expected [Value Should be 'Welcome to the-internet' for the 'text' attribute, element locator 'By.tagName: h1'] and Actual [Welcome to the-internet]. Comparison Type [EQUALS]. Validation Type [POSITIVE]. @06-02-2022 14:34:12.0452 P
[ReportManager] Successfully Closed All Drivers. @06-02-2022 14:34:12.0694 P
[ReportManager] File Action [GetAbsolutePath] successfully performed. With the following test data [Relative Folder Path: "target/downloadedFiles/"]. @06-02-2022 14:34:12.0696 PM
[ReportManager] Attempting to run locally on: [Mac-64], [Safari], Headless Execution. @06-02-2022 14:34:12.0696 PM
[ReportManager] Successfully Opened Safari. @06-02-2022 14:34:13.0510 PM
[ReportManager] Initial window size: (800, 600) @06-02-2022 14:34:13.0524 PM
[ReportManager] Window size after SWD Maximize: (1176, 803) @06-02-2022 14:34:13.0539 PM
[ReportManager] Browser Action [MaximizeWindow] successfully performed. With the following test data [New screen size is now: (1176, 803)]. @06-02-2022 14:34:13.0540 PM
[ReportManager] Target URL: [https://the-internet.herokuapp.com/] @06-02-2022 14:34:13.0540 PM
[ReportManager] Initial URL: [] @06-02-2022 14:34:13.0597 PM
[ReportManager] Browser Action [NavigateToURL] successfully performed. With the following test data [https://the-internet.herokuapp.com/]. @06-02-2022 14:34:14.0983 P

################################################################################################################################################
Starting Execution:	[99 out of 162] test cases in the current suite
Test Method:		[testPackage01.Test_NewValidationHelper.f15]
################################################################################################################################################
[ReportManager] Element Action [GetText] successfully performed. With the following test data [Welcome to the-internet]. @06-02-2022 14:34:15.0029 PM
[ReportManager] Assertion [ValidateElementAttribute] FAILED. Expected [Value Should not be 'Welcome' for the 'text' attribute, element locator 'By.tagName: h1'] and Actual [Welcome to the-internet]. Comparison Type [CONTAINS]. Validation Type [NEGATIVE]. @06-02-2022 14:34:15.0200 PM
[ReportManager] Successfully created attachment [Screenshot - 1644158055128_f15_ValidateElementAttribute_failed] @06-02-2022 14:34:15.0202 P
[ReportManager] Successfully Closed All Drivers. @06-02-2022 14:34:15.0426 P
[ReportManager] File Action [GetAbsolutePath] successfully performed. With the following test data [Relative Folder Path: "target/downloadedFiles/"]. @06-02-2022 14:34:15.0428 PM
[ReportManager] Attempting to run locally on: [Mac-64], [Safari], Headless Execution. @06-02-2022 14:34:15.0428 PM
[ReportManager] Successfully Opened Safari. @06-02-2022 14:34:16.0375 PM
[ReportManager] Initial window size: (800, 600) @06-02-2022 14:34:16.0395 PM
[ReportManager] Window size after SWD Maximize: (1176, 803) @06-02-2022 14:34:16.0429 PM
[ReportManager] Browser Action [MaximizeWindow] successfully performed. With the following test data [New screen size is now: (1176, 803)]. @06-02-2022 14:34:16.0430 PM
[ReportManager] Target URL: [https://the-internet.herokuapp.com/] @06-02-2022 14:34:16.0430 PM
[ReportManager] Initial URL: [] @06-02-2022 14:34:16.0494 PM
[ReportManager] Browser Action [NavigateToURL] successfully performed. With the following test data [https://the-internet.herokuapp.com/]. @06-02-2022 14:34:17.0845 P

################################################################################################################################################
Starting Execution:	[100 out of 162] test cases in the current suite
Test Method:		[testPackage01.Test_NewValidationHelper.f16]
################################################################################################################################################
[ReportManager] org.openqa.selenium.TimeoutException:
Expected condition failed: waiting for com.shaft.gui.element.ElementActionsHelper$$Lambda$857/0x000000080123a728@410e5a50 (tried for 25 second(s) with 1000 milliseconds interval)
org.openqa.selenium.support.ui.FluentWait.timeoutException(FluentWait.java:263)
org.openqa.selenium.support.ui.FluentWait.until(FluentWait.java:231)
com.shaft.gui.element.ElementActionsHelper.waitForElementPresence(ElementActionsHelper.java:89)
com.shaft.gui.element.ElementActionsHelper.waitForElementPresence(ElementActionsHelper.java:41)
com.shaft.gui.element.WebDriverElementActions.getMatchingElementsCount(WebDriverElementActions.java:1483)
com.shaft.gui.element.WebDriverElementActions.identifyUniqueElement(WebDriverElementActions.java:1531)
com.shaft.gui.element.WebDriverElementActions.identifyUniqueElement(WebDriverElementActions.java:1325)
com.shaft.gui.element.WebDriverElementActions.getText(WebDriverElementActions.java:660)
com.shaft.gui.element.ElementActions.getText(ElementActions.java:319)
com.shaft.validation.ValidationsHelper.validateElementAttribute(ValidationsHelper.java:237)
com.shaft.validation.Assertions.assertElementAttribute(Assertions.java:201)
testPackage01.Test_NewValidationHelper.f16(Test_NewValidationHelper.java:181)
java.base/jdk.internal.reflect.NativeMethodAccessorImpl.invoke0(Native Method)
java.base/jdk.internal.reflect.NativeMethodAccessorImpl.invoke(NativeMethodAccessorImpl.java:77)
java.base/jdk.internal.reflect.DelegatingMethodAccessorImpl.invoke(DelegatingMethodAccessorImpl.java:43)
java.base/java.lang.reflect.Method.invoke(Method.java:568)
org.testng.internal.invokers.MethodInvocationHelper.invokeMethod(MethodInvocationHelper.java:135)
org.testng.internal.invokers.TestInvoker.invokeMethod(TestInvoker.java:673)
org.testng.internal.invokers.TestInvoker.invokeTestMethod(TestInvoker.java:220)
org.testng.internal.invokers.MethodRunner.runInSequence(MethodRunner.java:50)
org.testng.internal.invokers.TestInvoker$MethodInvocationAgent.invoke(TestInvoker.java:945)
org.testng.internal.invokers.TestInvoker.invokeTestMethods(TestInvoker.java:193)
org.testng.internal.invokers.TestMethodWorker.invokeTestMethods(TestMethodWorker.java:146)
org.testng.internal.invokers.TestMethodWorker.run(TestMethodWorker.java:128)
java.base/java.util.ArrayList.forEach(ArrayList.java:1511)
org.testng.TestRunner.privateRun(TestRunner.java:808)
org.testng.TestRunner.run(TestRunner.java:603)
org.testng.SuiteRunner.runTest(SuiteRunner.java:429)
org.testng.SuiteRunner.runSequentially(SuiteRunner.java:423)
org.testng.SuiteRunner.privateRun(SuiteRunner.java:383)
org.testng.SuiteRunner.run(SuiteRunner.java:326)
org.testng.SuiteRunnerWorker.runSuite(SuiteRunnerWorker.java:52)
org.testng.SuiteRunnerWorker.run(SuiteRunnerWorker.java:95)
org.testng.TestNG.runSuitesSequentially(TestNG.java:1249)
org.testng.TestNG.runSuitesLocally(TestNG.java:1169)
org.testng.TestNG.runSuites(TestNG.java:1092)
org.testng.TestNG.run(TestNG.java:1060)
org.apache.maven.surefire.testng.TestNGExecutor.run(TestNGExecutor.java:136)
org.apache.maven.surefire.testng.TestNGDirectoryTestSuite.executeMulti(TestNGDirectoryTestSuite.java:193)
org.apache.maven.surefire.testng.TestNGDirectoryTestSuite.execute(TestNGDirectoryTestSuite.java:94)
org.apache.maven.surefire.testng.TestNGProvider.invoke(TestNGProvider.java:145)
org.apache.maven.surefire.booter.ForkedBooter.runSuitesInProcess(ForkedBooter.java:428)
org.apache.maven.surefire.booter.ForkedBooter.execute(ForkedBooter.java:162)
org.apache.maven.surefire.booter.ForkedBooter.run(ForkedBooter.java:562)
org.apache.maven.surefire.booter.ForkedBooter.main(ForkedBooter.java:548)

Caused by: org.openqa.selenium.NoSuchElementException:
For documentation on this error, please visit: https://selenium.dev/exceptions/#no_such_element
Build info: version: '4.1.2', revision: '9a5a329c5a'
System info: host: 'Mac-1644156912204.local', ip: '10.212.11.246', os.name: 'Mac OS X', os.arch: 'x86_64', os.version: '11.6.3', java.version: '17.0.2'
Driver info: org.openqa.selenium.safari.SafariDriver
Command: [01806FDC-B1C3-4609-AB58-F894E05B6C85, findElement {using=tag name, value=h3}]
Capabilities {acceptInsecureCerts: false, browserName: Safari, browserVersion: 15.3, goog:loggingPrefs: {browser: ALL, client: ALL, driver: ALL, performance: ALL, profiler: ALL, server: ALL}, javascriptEnabled: true, pageLoadStrategy: normal, platform: MAC, platformName: MAC, safari:automaticInspection: false, safari:automaticProfiling: false, safari:diagnose: false, safari:platformBuildVersion: 20G415, safari:platformVersion: 11.6.3, safari:useSimulator: false, setWindowRect: true, strictFileInteractability: false, timeouts: {pageLoad: 30000, script: 30000}, webkit:WebRTC: {DisableICECandidateFiltering: false, DisableInsecureMediaCapture: false}}
Session ID: 01806FDC-B1C3-4609-AB58-F894E05B6C85
jdk.internal.reflect.GeneratedConstructorAccessor58.newInstance(Unknown Source)
java.base/jdk.internal.reflect.DelegatingConstructorAccessorImpl.newInstance(DelegatingConstructorAccessorImpl.java:45)
java.base/java.lang.reflect.Constructor.newInstanceWithCaller(Constructor.java:499)
java.base/java.lang.reflect.Constructor.newInstance(Constructor.java:480)
org.openqa.selenium.remote.codec.w3c.W3CHttpResponseCodec.createException(W3CHttpResponseCodec.java:200)
org.openqa.selenium.remote.codec.w3c.W3CHttpResponseCodec.decode(W3CHttpResponseCodec.java:133)
org.openqa.selenium.remote.codec.w3c.W3CHttpResponseCodec.decode(W3CHttpResponseCodec.java:53)
org.openqa.selenium.remote.HttpCommandExecutor.execute(HttpCommandExecutor.java:184)
org.openqa.selenium.remote.service.DriverCommandExecutor.invokeExecute(DriverCommandExecutor.java:167)
org.openqa.selenium.remote.service.DriverCommandExecutor.execute(DriverCommandExecutor.java:142)
org.openqa.selenium.remote.RemoteWebDriver.execute(RemoteWebDriver.java:558)
org.openqa.selenium.remote.ElementLocation$ElementFinder$2.findElement(ElementLocation.java:162)
org.openqa.selenium.remote.ElementLocation.findElement(ElementLocation.java:60)
org.openqa.selenium.remote.RemoteWebDriver.findElement(RemoteWebDriver.java:382)
org.openqa.selenium.remote.RemoteWebDriver.findElement(RemoteWebDriver.java:374)
com.shaft.gui.element.ElementActionsHelper.lambda$waitForElementPresence$0(ElementActionsHelper.java:92)
org.openqa.selenium.support.ui.FluentWait.until(FluentWait.java:208)
com.shaft.gui.element.ElementActionsHelper.waitForElementPresence(ElementActionsHelper.java:89)
com.shaft.gui.element.ElementActionsHelper.waitForElementPresence(ElementActionsHelper.java:41)
com.shaft.gui.element.WebDriverElementActions.getMatchingElementsCount(WebDriverElementActions.java:1483)
com.shaft.gui.element.WebDriverElementActions.identifyUniqueElement(WebDriverElementActions.java:1531)
com.shaft.gui.element.WebDriverElementActions.identifyUniqueElement(WebDriverElementActions.java:1325)
com.shaft.gui.element.WebDriverElementActions.getText(WebDriverElementActions.java:660)
com.shaft.gui.element.ElementActions.getText(ElementActions.java:319)
com.shaft.validation.ValidationsHelper.validateElementAttribute(ValidationsHelper.java:237)
com.shaft.validation.Assertions.assertElementAttribute(Assertions.java:201)
testPackage01.Test_NewValidationHelper.f16(Test_NewValidationHelper.java:181)
java.base/jdk.internal.reflect.NativeMethodAccessorImpl.invoke0(Native Method)
java.base/jdk.internal.reflect.NativeMethodAccessorImpl.invoke(NativeMethodAccessorImpl.java:77)
java.base/jdk.internal.reflect.DelegatingMethodAccessorImpl.invoke(DelegatingMethodAccessorImpl.java:43)
java.base/java.lang.reflect.Method.invoke(Method.java:568)
org.testng.internal.invokers.MethodInvocationHelper.invokeMethod(MethodInvocationHelper.java:135)
org.testng.internal.invokers.TestInvoker.invokeMethod(TestInvoker.java:673)
org.testng.internal.invokers.TestInvoker.invokeTestMethod(TestInvoker.java:220)
org.testng.internal.invokers.MethodRunner.runInSequence(MethodRunner.java:50)
org.testng.internal.invokers.TestInvoker$MethodInvocationAgent.invoke(TestInvoker.java:945)
org.testng.internal.invokers.TestInvoker.invokeTestMethods(TestInvoker.java:193)
org.testng.internal.invokers.TestMethodWorker.invokeTestMethods(TestMethodWorker.java:146)
org.testng.internal.invokers.TestMethodWorker.run(TestMethodWorker.java:128)
java.base/java.util.ArrayList.forEach(ArrayList.java:1511)
org.testng.TestRunner.privateRun(TestRunner.java:808)
org.testng.TestRunner.run(TestRunner.java:603)
org.testng.SuiteRunner.runTest(SuiteRunner.java:429)
org.testng.SuiteRunner.runSequentially(SuiteRunner.java:423)
org.testng.SuiteRunner.privateRun(SuiteRunner.java:383)
org.testng.SuiteRunner.run(SuiteRunner.java:326)
org.testng.SuiteRunnerWorker.runSuite(SuiteRunnerWorker.java:52)
org.testng.SuiteRunnerWorker.run(SuiteRunnerWorker.java:95)
org.testng.TestNG.runSuitesSequentially(TestNG.java:1249)
org.testng.TestNG.runSuitesLocally(TestNG.java:1169)
org.testng.TestNG.runSuites(TestNG.java:1092)
org.testng.TestNG.run(TestNG.java:1060)
org.apache.maven.surefire.testng.TestNGExecutor.run(TestNGExecutor.java:136)
org.apache.maven.surefire.testng.TestNGDirectoryTestSuite.executeMulti(TestNGDirectoryTestSuite.java:193)
org.apache.maven.surefire.testng.TestNGDirectoryTestSuite.execute(TestNGDirectoryTestSuite.java:94)
org.apache.maven.surefire.testng.TestNGProvider.invoke(TestNGProvider.java:145)
org.apache.maven.surefire.booter.ForkedBooter.runSuitesInProcess(ForkedBooter.java:428)
org.apache.maven.surefire.booter.ForkedBooter.execute(ForkedBooter.java:162)
org.apache.maven.surefire.booter.ForkedBooter.run(ForkedBooter.java:562)
org.apache.maven.surefire.booter.ForkedBooter.main(ForkedBooter.java:548) @06-02-2022 14:34:43.0767 PM
[ReportManager] Element Action [IdentifyUniqueElement] failed. With the following test data [zero elements found matching this locator "By.tagName: h3".]. @06-02-2022 14:34:43.0878 PM
[ReportManager] Successfully created attachment [Screenshot - 1644158083793_f16_IdentifyUniqueElement_failed] @06-02-2022 14:34:43.0879 PM
[ReportManager] Assertion [ValidateElementAttribute] FAILED. Expected [Value Should not be 'Welcome' for the 'text' attribute, element locator 'By.tagName: h3'] and Actual [Failed to read the desired element attribute]. Comparison Type [CONTAINS]. Validation Type [NEGATIVE]. @06-02-2022 14:34:43.0880 P
[ReportManager] Successfully Closed All Drivers. @06-02-2022 14:34:44.0128 P
[ReportManager] File Action [GetAbsolutePath] successfully performed. With the following test data [Relative Folder Path: "target/downloadedFiles/"]. @06-02-2022 14:34:44.0130 PM
[ReportManager] Attempting to run locally on: [Mac-64], [Safari], Headless Execution. @06-02-2022 14:34:44.0131 PM
[ReportManager] Successfully Opened Safari. @06-02-2022 14:34:45.0060 PM
[ReportManager] Initial window size: (800, 600) @06-02-2022 14:34:45.0073 PM
[ReportManager] Window size after SWD Maximize: (1176, 803) @06-02-2022 14:34:45.0094 PM
[ReportManager] Browser Action [MaximizeWindow] successfully performed. With the following test data [New screen size is now: (1176, 803)]. @06-02-2022 14:34:45.0094 PM
[ReportManager] Target URL: [https://the-internet.herokuapp.com/] @06-02-2022 14:34:45.0094 PM
[ReportManager] Initial URL: [] @06-02-2022 14:34:45.0164 PM
[ReportManager] Browser Action [NavigateToURL] successfully performed. With the following test data [https://the-internet.herokuapp.com/]. @06-02-2022 14:34:46.0438 P

################################################################################################################################################
Starting Execution:	[101 out of 162] test cases in the current suite
Test Method:		[testPackage01.Test_NewValidationHelper.f17]
################################################################################################################################################
[ReportManager] Attempting to getAttribute [text2] from elementLocator [By.tagName: h1]. @06-02-2022 14:34:46.0504 PM
[ReportManager] Element Action [GetAttribute] successfully performed. @06-02-2022 14:34:46.0573 PM
[ReportManager] Assertion [ValidateElementAttribute] PASSED. Expected [Value Should not be 'Welcome' for the 'text2' attribute, element locator 'By.tagName: h1'] and Actual [null]. Comparison Type [CONTAINS]. Validation Type [NEGATIVE]. @06-02-2022 14:34:46.0747 PM
[ReportManager] Successfully created attachment [Screenshot - 1644158086674_f17_ValidateElementAttribute_passed] @06-02-2022 14:34:46.0748 P
[ReportManager] Successfully Closed All Drivers. @06-02-2022 14:34:46.0997 P
[ReportManager] File Action [GetAbsolutePath] successfully performed. With the following test data [Relative Folder Path: "target/downloadedFiles/"]. @06-02-2022 14:34:47.0000 PM
[ReportManager] Attempting to run locally on: [Mac-64], [Safari], Headless Execution. @06-02-2022 14:34:47.0000 PM
[ReportManager] Successfully Opened Safari. @06-02-2022 14:34:47.0845 PM
[ReportManager] Initial window size: (800, 600) @06-02-2022 14:34:47.0873 PM
[ReportManager] Window size after SWD Maximize: (1176, 803) @06-02-2022 14:34:47.0891 PM
[ReportManager] Browser Action [MaximizeWindow] successfully performed. With the following test data [New screen size is now: (1176, 803)]. @06-02-2022 14:34:47.0891 PM
[ReportManager] Target URL: [https://the-internet.herokuapp.com/] @06-02-2022 14:34:47.0891 PM
[ReportManager] Initial URL: [] @06-02-2022 14:34:47.0961 PM
[ReportManager] Browser Action [NavigateToURL] successfully performed. With the following test data [https://the-internet.herokuapp.com/]. @06-02-2022 14:34:49.0207 P

################################################################################################################################################
Starting Execution:	[102 out of 162] test cases in the current suite
Test Method:		[testPackage01.Test_NewValidationHelper.f18]
################################################################################################################################################
[ReportManager] Element Action [GetText] successfully performed. With the following test data [Welcome to the-internet]. @06-02-2022 14:34:49.0283 PM
[ReportManager] Assertion [ValidateElementAttribute] PASSED. Expected [Value Should not be 'no' for the 'text' attribute, element locator 'By.tagName: h1'] and Actual [Welcome to the-internet]. Comparison Type [CONTAINS]. Validation Type [NEGATIVE]. @06-02-2022 14:34:49.0462 PM
[ReportManager] Successfully created attachment [Screenshot - 1644158089389_f18_ValidateElementAttribute_passed] @06-02-2022 14:34:49.0464 P
[ReportManager] Successfully Closed All Drivers. @06-02-2022 14:34:49.0709 P

################################################################################################################################################
Starting Execution:	[103 out of 162] test cases in the current suite
Test Method:		[testPackage01.Test_NewValidationHelper.f2]
################################################################################################################################################
[ReportManager] Assertion Failed: Checking valid user data @06-02-2022 14:34:49.0713 PM
[ReportManager] Assertion [ValidateEquals] FAILED. Expected [1] and Actual [2]. Comparison Type [EQUALS]. Validation Type [POSITIVE]. @06-02-2022 14:34:49.0713 P
[ReportManager] File Action [GetAbsolutePath] successfully performed. With the following test data [Relative Folder Path: "target/downloadedFiles/"]. @06-02-2022 14:34:49.0716 PM
[ReportManager] Attempting to run locally on: [Mac-64], [Safari], Headless Execution. @06-02-2022 14:34:49.0716 PM
[ReportManager] Successfully Opened Safari. @06-02-2022 14:34:50.0574 PM
[ReportManager] Initial window size: (800, 600) @06-02-2022 14:34:50.0583 PM
[ReportManager] Window size after SWD Maximize: (1176, 803) @06-02-2022 14:34:50.0600 PM
[ReportManager] Browser Action [MaximizeWindow] successfully performed. With the following test data [New screen size is now: (1176, 803)]. @06-02-2022 14:34:50.0600 PM
[ReportManager] Target URL: [https://the-internet.herokuapp.com/] @06-02-2022 14:34:50.0600 PM
[ReportManager] Initial URL: [] @06-02-2022 14:34:50.0663 PM
[ReportManager] Browser Action [NavigateToURL] successfully performed. With the following test data [https://the-internet.herokuapp.com/]. @06-02-2022 14:34:51.0838 P

################################################################################################################################################
Starting Execution:	[104 out of 162] test cases in the current suite
Test Method:		[testPackage01.Test_NewValidationHelper.f20]
################################################################################################################################################
[ReportManager] Element Action [GetSize] successfully performed. With the following test data [(971, 62)]. @06-02-2022 14:34:51.0899 PM
[ReportManager] Assertion [ValidateElementAttribute] PASSED. Expected [Value Should not be 'a' for the 'size' attribute, element locator 'By.tagName: h1'] and Actual [(971, 62)]. Comparison Type [CONTAINS]. Validation Type [NEGATIVE]. @06-02-2022 14:34:52.0068 PM
[ReportManager] Successfully created attachment [Screenshot - 1644158091999_f20_ValidateElementAttribute_passed] @06-02-2022 14:34:52.0070 P
[ReportManager] Successfully Closed All Drivers. @06-02-2022 14:34:52.0315 P
[ReportManager] File Action [GetAbsolutePath] successfully performed. With the following test data [Relative Folder Path: "target/downloadedFiles/"]. @06-02-2022 14:34:52.0318 PM
[ReportManager] Attempting to run locally on: [Mac-64], [Safari], Headless Execution. @06-02-2022 14:34:52.0318 PM
[ReportManager] Successfully Opened Safari. @06-02-2022 14:34:53.0165 PM
[ReportManager] Initial window size: (800, 600) @06-02-2022 14:34:53.0189 PM
[ReportManager] Window size after SWD Maximize: (1176, 803) @06-02-2022 14:34:53.0206 PM
[ReportManager] Browser Action [MaximizeWindow] successfully performed. With the following test data [New screen size is now: (1176, 803)]. @06-02-2022 14:34:53.0207 PM
[ReportManager] Target URL: [https://the-internet.herokuapp.com/] @06-02-2022 14:34:53.0207 PM
[ReportManager] Initial URL: [] @06-02-2022 14:34:53.0273 PM
[ReportManager] Browser Action [NavigateToURL] successfully performed. With the following test data [https://the-internet.herokuapp.com/]. @06-02-2022 14:34:54.0461 P

################################################################################################################################################
Starting Execution:	[105 out of 162] test cases in the current suite
Test Method:		[testPackage01.Test_NewValidationHelper.f21]
################################################################################################################################################
[ReportManager] org.openqa.selenium.TimeoutException:
Expected condition failed: waiting for com.shaft.gui.element.ElementActionsHelper$$Lambda$857/0x000000080123a728@352c62d8 (tried for 25 second(s) with 1000 milliseconds interval)
org.openqa.selenium.support.ui.FluentWait.timeoutException(FluentWait.java:263)
org.openqa.selenium.support.ui.FluentWait.until(FluentWait.java:231)
com.shaft.gui.element.ElementActionsHelper.waitForElementPresence(ElementActionsHelper.java:89)
com.shaft.gui.element.ElementActionsHelper.waitForElementPresence(ElementActionsHelper.java:41)
com.shaft.gui.element.WebDriverElementActions.getMatchingElementsCount(WebDriverElementActions.java:1483)
com.shaft.gui.element.WebDriverElementActions.identifyUniqueElement(WebDriverElementActions.java:1531)
com.shaft.gui.element.WebDriverElementActions.identifyUniqueElement(WebDriverElementActions.java:1325)
com.shaft.gui.element.WebDriverElementActions.getText(WebDriverElementActions.java:660)
com.shaft.gui.element.ElementActions.getText(ElementActions.java:319)
com.shaft.validation.ValidationsHelper.validateElementAttribute(ValidationsHelper.java:237)
com.shaft.validation.Assertions.assertElementAttribute(Assertions.java:201)
testPackage01.Test_NewValidationHelper.f21(Test_NewValidationHelper.java:210)
java.base/jdk.internal.reflect.NativeMethodAccessorImpl.invoke0(Native Method)
java.base/jdk.internal.reflect.NativeMethodAccessorImpl.invoke(NativeMethodAccessorImpl.java:77)
java.base/jdk.internal.reflect.DelegatingMethodAccessorImpl.invoke(DelegatingMethodAccessorImpl.java:43)
java.base/java.lang.reflect.Method.invoke(Method.java:568)
org.testng.internal.invokers.MethodInvocationHelper.invokeMethod(MethodInvocationHelper.java:135)
org.testng.internal.invokers.TestInvoker.invokeMethod(TestInvoker.java:673)
org.testng.internal.invokers.TestInvoker.invokeTestMethod(TestInvoker.java:220)
org.testng.internal.invokers.MethodRunner.runInSequence(MethodRunner.java:50)
org.testng.internal.invokers.TestInvoker$MethodInvocationAgent.invoke(TestInvoker.java:945)
org.testng.internal.invokers.TestInvoker.invokeTestMethods(TestInvoker.java:193)
org.testng.internal.invokers.TestMethodWorker.invokeTestMethods(TestMethodWorker.java:146)
org.testng.internal.invokers.TestMethodWorker.run(TestMethodWorker.java:128)
java.base/java.util.ArrayList.forEach(ArrayList.java:1511)
org.testng.TestRunner.privateRun(TestRunner.java:808)
org.testng.TestRunner.run(TestRunner.java:603)
org.testng.SuiteRunner.runTest(SuiteRunner.java:429)
org.testng.SuiteRunner.runSequentially(SuiteRunner.java:423)
org.testng.SuiteRunner.privateRun(SuiteRunner.java:383)
org.testng.SuiteRunner.run(SuiteRunner.java:326)
org.testng.SuiteRunnerWorker.runSuite(SuiteRunnerWorker.java:52)
org.testng.SuiteRunnerWorker.run(SuiteRunnerWorker.java:95)
org.testng.TestNG.runSuitesSequentially(TestNG.java:1249)
org.testng.TestNG.runSuitesLocally(TestNG.java:1169)
org.testng.TestNG.runSuites(TestNG.java:1092)
org.testng.TestNG.run(TestNG.java:1060)
org.apache.maven.surefire.testng.TestNGExecutor.run(TestNGExecutor.java:136)
org.apache.maven.surefire.testng.TestNGDirectoryTestSuite.executeMulti(TestNGDirectoryTestSuite.java:193)
org.apache.maven.surefire.testng.TestNGDirectoryTestSuite.execute(TestNGDirectoryTestSuite.java:94)
org.apache.maven.surefire.testng.TestNGProvider.invoke(TestNGProvider.java:145)
org.apache.maven.surefire.booter.ForkedBooter.runSuitesInProcess(ForkedBooter.java:428)
org.apache.maven.surefire.booter.ForkedBooter.execute(ForkedBooter.java:162)
org.apache.maven.surefire.booter.ForkedBooter.run(ForkedBooter.java:562)
org.apache.maven.surefire.booter.ForkedBooter.main(ForkedBooter.java:548)

Caused by: org.openqa.selenium.NoSuchElementException:
For documentation on this error, please visit: https://selenium.dev/exceptions/#no_such_element
Build info: version: '4.1.2', revision: '9a5a329c5a'
System info: host: 'Mac-1644156912204.local', ip: '10.212.11.246', os.name: 'Mac OS X', os.arch: 'x86_64', os.version: '11.6.3', java.version: '17.0.2'
Driver info: org.openqa.selenium.safari.SafariDriver
Command: [7B060B28-918A-4AC3-9E2F-C3EEB76BAC59, findElement {using=tag name, value=h3}]
Capabilities {acceptInsecureCerts: false, browserName: Safari, browserVersion: 15.3, goog:loggingPrefs: {browser: ALL, client: ALL, driver: ALL, performance: ALL, profiler: ALL, server: ALL}, javascriptEnabled: true, pageLoadStrategy: normal, platform: MAC, platformName: MAC, safari:automaticInspection: false, safari:automaticProfiling: false, safari:diagnose: false, safari:platformBuildVersion: 20G415, safari:platformVersion: 11.6.3, safari:useSimulator: false, setWindowRect: true, strictFileInteractability: false, timeouts: {pageLoad: 30000, script: 30000}, webkit:WebRTC: {DisableICECandidateFiltering: false, DisableInsecureMediaCapture: false}}
Session ID: 7B060B28-918A-4AC3-9E2F-C3EEB76BAC59
jdk.internal.reflect.GeneratedConstructorAccessor58.newInstance(Unknown Source)
java.base/jdk.internal.reflect.DelegatingConstructorAccessorImpl.newInstance(DelegatingConstructorAccessorImpl.java:45)
java.base/java.lang.reflect.Constructor.newInstanceWithCaller(Constructor.java:499)
java.base/java.lang.reflect.Constructor.newInstance(Constructor.java:480)
org.openqa.selenium.remote.codec.w3c.W3CHttpResponseCodec.createException(W3CHttpResponseCodec.java:200)
org.openqa.selenium.remote.codec.w3c.W3CHttpResponseCodec.decode(W3CHttpResponseCodec.java:133)
org.openqa.selenium.remote.codec.w3c.W3CHttpResponseCodec.decode(W3CHttpResponseCodec.java:53)
org.openqa.selenium.remote.HttpCommandExecutor.execute(HttpCommandExecutor.java:184)
org.openqa.selenium.remote.service.DriverCommandExecutor.invokeExecute(DriverCommandExecutor.java:167)
org.openqa.selenium.remote.service.DriverCommandExecutor.execute(DriverCommandExecutor.java:142)
org.openqa.selenium.remote.RemoteWebDriver.execute(RemoteWebDriver.java:558)
org.openqa.selenium.remote.ElementLocation$ElementFinder$2.findElement(ElementLocation.java:162)
org.openqa.selenium.remote.ElementLocation.findElement(ElementLocation.java:60)
org.openqa.selenium.remote.RemoteWebDriver.findElement(RemoteWebDriver.java:382)
org.openqa.selenium.remote.RemoteWebDriver.findElement(RemoteWebDriver.java:374)
com.shaft.gui.element.ElementActionsHelper.lambda$waitForElementPresence$0(ElementActionsHelper.java:92)
org.openqa.selenium.support.ui.FluentWait.until(FluentWait.java:208)
com.shaft.gui.element.ElementActionsHelper.waitForElementPresence(ElementActionsHelper.java:89)
com.shaft.gui.element.ElementActionsHelper.waitForElementPresence(ElementActionsHelper.java:41)
com.shaft.gui.element.WebDriverElementActions.getMatchingElementsCount(WebDriverElementActions.java:1483)
com.shaft.gui.element.WebDriverElementActions.identifyUniqueElement(WebDriverElementActions.java:1531)
com.shaft.gui.element.WebDriverElementActions.identifyUniqueElement(WebDriverElementActions.java:1325)
com.shaft.gui.element.WebDriverElementActions.getText(WebDriverElementActions.java:660)
com.shaft.gui.element.ElementActions.getText(ElementActions.java:319)
com.shaft.validation.ValidationsHelper.validateElementAttribute(ValidationsHelper.java:237)
com.shaft.validation.Assertions.assertElementAttribute(Assertions.java:201)
testPackage01.Test_NewValidationHelper.f21(Test_NewValidationHelper.java:210)
java.base/jdk.internal.reflect.NativeMethodAccessorImpl.invoke0(Native Method)
java.base/jdk.internal.reflect.NativeMethodAccessorImpl.invoke(NativeMethodAccessorImpl.java:77)
java.base/jdk.internal.reflect.DelegatingMethodAccessorImpl.invoke(DelegatingMethodAccessorImpl.java:43)
java.base/java.lang.reflect.Method.invoke(Method.java:568)
org.testng.internal.invokers.MethodInvocationHelper.invokeMethod(MethodInvocationHelper.java:135)
org.testng.internal.invokers.TestInvoker.invokeMethod(TestInvoker.java:673)
org.testng.internal.invokers.TestInvoker.invokeTestMethod(TestInvoker.java:220)
org.testng.internal.invokers.MethodRunner.runInSequence(MethodRunner.java:50)
org.testng.internal.invokers.TestInvoker$MethodInvocationAgent.invoke(TestInvoker.java:945)
org.testng.internal.invokers.TestInvoker.invokeTestMethods(TestInvoker.java:193)
org.testng.internal.invokers.TestMethodWorker.invokeTestMethods(TestMethodWorker.java:146)
org.testng.internal.invokers.TestMethodWorker.run(TestMethodWorker.java:128)
java.base/java.util.ArrayList.forEach(ArrayList.java:1511)
org.testng.TestRunner.privateRun(TestRunner.java:808)
org.testng.TestRunner.run(TestRunner.java:603)
org.testng.SuiteRunner.runTest(SuiteRunner.java:429)
org.testng.SuiteRunner.runSequentially(SuiteRunner.java:423)
org.testng.SuiteRunner.privateRun(SuiteRunner.java:383)
org.testng.SuiteRunner.run(SuiteRunner.java:326)
org.testng.SuiteRunnerWorker.runSuite(SuiteRunnerWorker.java:52)
org.testng.SuiteRunnerWorker.run(SuiteRunnerWorker.java:95)
org.testng.TestNG.runSuitesSequentially(TestNG.java:1249)
org.testng.TestNG.runSuitesLocally(TestNG.java:1169)
org.testng.TestNG.runSuites(TestNG.java:1092)
org.testng.TestNG.run(TestNG.java:1060)
org.apache.maven.surefire.testng.TestNGExecutor.run(TestNGExecutor.java:136)
org.apache.maven.surefire.testng.TestNGDirectoryTestSuite.executeMulti(TestNGDirectoryTestSuite.java:193)
org.apache.maven.surefire.testng.TestNGDirectoryTestSuite.execute(TestNGDirectoryTestSuite.java:94)
org.apache.maven.surefire.testng.TestNGProvider.invoke(TestNGProvider.java:145)
org.apache.maven.surefire.booter.ForkedBooter.runSuitesInProcess(ForkedBooter.java:428)
org.apache.maven.surefire.booter.ForkedBooter.execute(ForkedBooter.java:162)
org.apache.maven.surefire.booter.ForkedBooter.run(ForkedBooter.java:562)
org.apache.maven.surefire.booter.ForkedBooter.main(ForkedBooter.java:548) @06-02-2022 14:35:20.0392 PM
[ReportManager] Element Action [IdentifyUniqueElement] failed. With the following test data [zero elements found matching this locator "By.tagName: h3".]. @06-02-2022 14:35:20.0507 PM
[ReportManager] Successfully created attachment [Screenshot - 1644158120421_f21_IdentifyUniqueElement_failed] @06-02-2022 14:35:20.0508 PM
[ReportManager] Assertion [ValidateElementAttribute] FAILED. Expected [Value Should be 'Welcome' for the 'text' attribute, element locator 'By.tagName: h3'] and Actual [Failed to read the desired element attribute]. Comparison Type [CONTAINS]. Validation Type [POSITIVE]. @06-02-2022 14:35:20.0509 P
[ReportManager] Successfully Closed All Drivers. @06-02-2022 14:35:20.0682 P
[ReportManager] File Action [GetAbsolutePath] successfully performed. With the following test data [Relative Folder Path: "target/downloadedFiles/"]. @06-02-2022 14:35:20.0684 PM
[ReportManager] Attempting to run locally on: [Mac-64], [Safari], Headless Execution. @06-02-2022 14:35:20.0685 PM
[ReportManager] An Exception Occured with this Message: Could not start a new session. Possible causes are invalid address of the remote server or browser start-up failure.. @06-02-2022 14:35:20.0912 PM
[ReportManager] Successfully created attachment [Exception Stack Trace - org.openqa.selenium.SessionNotCreatedException] @06-02-2022 14:35:20.0913 PM
[ReportManager] Driver Factory Action [createNewLocalDriverInstanceForSafari] failed. With the following test data [Failed to create a session on DESKTOP_SAFARI]. @06-02-2022 14:35:20.0913 P

################################################################################################################################################
Starting Execution:	[106 out of 162] test cases in the current suite
Test Method:		[testPackage01.Test_NewValidationHelper.f22]
###############################################################################################################################################


################################################################################################################################################
Starting Execution:	[107 out of 162] test cases in the current suite
Test Method:		[testPackage01.Test_NewValidationHelper.f23]
###############################################################################################################################################

################################################################################################################################################
Starting Execution:	[108 out of 162] test cases in the current suite
Test Method:		[testPackage01.Test_NewValidationHelper.f24]
###############################################################################################################################################

################################################################################################################################################
Starting Execution:	[109 out of 162] test cases in the current suite
Test Method:		[testPackage01.Test_NewValidationHelper.f25]
###############################################################################################################################################

################################################################################################################################################
Starting Execution:	[110 out of 162] test cases in the current suite
Test Method:		[testPackage01.Test_NewValidationHelper.f26]
###############################################################################################################################################

################################################################################################################################################
Starting Execution:	[111 out of 162] test cases in the current suite
Test Method:		[testPackage01.Test_NewValidationHelper.f27]
###############################################################################################################################################

################################################################################################################################################
Starting Execution:	[112 out of 162] test cases in the current suite
Test Method:		[testPackage01.Test_NewValidationHelper.f28]
###############################################################################################################################################

################################################################################################################################################
Starting Execution:	[113 out of 162] test cases in the current suite
Test Method:		[testPackage01.Test_NewValidationHelper.f29]
###############################################################################################################################################

################################################################################################################################################
Starting Execution:	[114 out of 162] test cases in the current suite
Test Method:		[testPackage01.Test_NewValidationHelper.f3]
###############################################################################################################################################

################################################################################################################################################
Starting Execution:	[115 out of 162] test cases in the current suite
Test Method:		[testPackage01.Test_NewValidationHelper.f30]
###############################################################################################################################################

################################################################################################################################################
Starting Execution:	[116 out of 162] test cases in the current suite
Test Method:		[testPackage01.Test_NewValidationHelper.f31]
###############################################################################################################################################

################################################################################################################################################
Starting Execution:	[117 out of 162] test cases in the current suite
Test Method:		[testPackage01.Test_NewValidationHelper.f32]
###############################################################################################################################################

################################################################################################################################################
Starting Execution:	[118 out of 162] test cases in the current suite
Test Method:		[testPackage01.Test_NewValidationHelper.f33]
###############################################################################################################################################

################################################################################################################################################
Starting Execution:	[119 out of 162] test cases in the current suite
Test Method:		[testPackage01.Test_NewValidationHelper.f34]
###############################################################################################################################################

################################################################################################################################################
Starting Execution:	[120 out of 162] test cases in the current suite
Test Method:		[testPackage01.Test_NewValidationHelper.f35]
###############################################################################################################################################

################################################################################################################################################
Starting Execution:	[121 out of 162] test cases in the current suite
Test Method:		[testPackage01.Test_NewValidationHelper.f36]
###############################################################################################################################################

################################################################################################################################################
Starting Execution:	[122 out of 162] test cases in the current suite
Test Method:		[testPackage01.Test_NewValidationHelper.f37]
###############################################################################################################################################

################################################################################################################################################
Starting Execution:	[123 out of 162] test cases in the current suite
Test Method:		[testPackage01.Test_NewValidationHelper.f3_1]
###############################################################################################################################################

################################################################################################################################################
Starting Execution:	[124 out of 162] test cases in the current suite
Test Method:		[testPackage01.Test_NewValidationHelper.f4]
###############################################################################################################################################

################################################################################################################################################
Starting Execution:	[125 out of 162] test cases in the current suite
Test Method:		[testPackage01.Test_NewValidationHelper.f5]
###############################################################################################################################################

################################################################################################################################################
Starting Execution:	[126 out of 162] test cases in the current suite
Test Method:		[testPackage01.Test_NewValidationHelper.f6]
###############################################################################################################################################

################################################################################################################################################
Starting Execution:	[127 out of 162] test cases in the current suite
Test Method:		[testPackage01.Test_NewValidationHelper.f6_1]
###############################################################################################################################################

################################################################################################################################################
Starting Execution:	[128 out of 162] test cases in the current suite
Test Method:		[testPackage01.Test_NewValidationHelper.f6_2]
###############################################################################################################################################

################################################################################################################################################
Starting Execution:	[129 out of 162] test cases in the current suite
Test Method:		[testPackage01.Test_NewValidationHelper.f7]
###############################################################################################################################################


################################################################################################################################################
Starting Execution:	[130 out of 162] test cases in the current suite
Test Method:		[testPackage01.Test_NewValidationHelper.f8]
###############################################################################################################################################



################################################################################################################################################
Starting Execution:	[131 out of 162] test cases in the current suite
Test Method:		[testPackage01.Test_NewValidationHelper.f9]
###############################################################################################################################################


################################################################################################################################################
Starting Execution:	[132 out of 162] test cases in the current suite
Test Method:		[testPackage01.Test_NewValidationHelper.forceFail]
###############################################################################################################################################

################################################################################################################################################
Starting Execution:	[133 out of 162] test cases in the current suite
Test Method:		[testPackage01.Test_NewValidationHelper.forceFail2]
###############################################################################################################################################

################################################################################################################################################
Starting Execution:	[134 out of 162] test cases in the current suite
Test Method:		[testPackage01.Test_JsonActions.f]
###############################################################################################################################################

################################################################################################################################################
Starting Execution:	[135 out of 162] test cases in the current suite
Test Method:		[testPackage01.Test_JsonActions.f2]
###############################################################################################################################################

################################################################################################################################################
Starting Execution:	[136 out of 162] test cases in the current suite
Test Method:		[testPackage01.Test_sendGraphqlRequest.sendGraphqlRequestUsingMutationAndVariables]
################################################################################################################################################
[ReportManager] GraphQl Request is being Performed with the Following Parameters [Service URL: https://api.spacex.land/graphql | Request Body: {"variables":"{\"name\": \"sherlock holmes\",\"rocket\": \"221B Baker Street\"}","query":"mutation ($name: String, $rocket: String) {\n  insert_users(objects: {name: $name, rocket: $rocket}) {\n    returning {\n      name\n      rocket\n    }\n  }\n}"}] @06-02-2022 14:35:21.0675 PM
[ReportManager] Response status code: [200], status line: [HTTP/1.1 200 OK] @06-02-2022 14:35:22.0218 PM
[ReportManager] Assertion Passed: Evaluating the actual response status code against the expected one... @06-02-2022 14:35:22.0219 PM
[ReportManager] Assertion [ValidateComparativeRelation] PASSED. Expected [200] and Actual [200]. Comparison Type [EQUALS]. Validation Type [POSITIVE]. @06-02-2022 14:35:22.0219 PM
[ReportManager] API Action [PerformRequest] successfully performed. With the following test data [Request Type: "POST" | Target Status Code: "200" | Service URL: "https://api.spacex.land/graphql" | Content Type: "application/json" | Response Time: "477ms"]. @06-02-2022 14:35:22.0247 PM
[ReportManager] Successfully created attachment [API Request - Specifications] @06-02-2022 14:35:22.0248 PM
[ReportManager] Successfully created attachment [API Request - JSON Body] @06-02-2022 14:35:22.0248 PM
[ReportManager] Successfully created attachment [API Response - JSON Body] @06-02-2022 14:35:22.0249 PM
[ReportManager] API Action [GetResponseJSONValue] successfully performed. With the following test data [data.insert_users.returning[0].name]. @06-02-2022 14:35:22.0292 PM
[ReportManager] Assertion [ValidateEquals] PASSED. Expected [sherlock holmes] and Actual [sherlock holmes]. Comparison Type [EQUALS]. Validation Type [POSITIVE]. @06-02-2022 14:35:22.0293 P

################################################################################################################################################
Starting Execution:	[137 out of 162] test cases in the current suite
Test Method:		[testPackage01.Test_sendGraphqlRequest.sendGraphqlRequestUsingQuery]
################################################################################################################################################
[ReportManager] GraphQl Request is being Performed with the Following Parameters [Service URL: https://api.spacex.land/graphql | Request Body: {"query":"{company {ceo}}"}] @06-02-2022 14:35:22.0296 PM
[ReportManager] Response status code: [200], status line: [HTTP/1.1 200 OK] @06-02-2022 14:35:22.0561 PM
[ReportManager] Assertion Passed: Evaluating the actual response status code against the expected one... @06-02-2022 14:35:22.0562 PM
[ReportManager] Assertion [ValidateComparativeRelation] PASSED. Expected [200] and Actual [200]. Comparison Type [EQUALS]. Validation Type [POSITIVE]. @06-02-2022 14:35:22.0562 PM
[ReportManager] API Action [PerformRequest] successfully performed. With the following test data [Request Type: "POST" | Target Status Code: "200" | Service URL: "https://api.spacex.land/graphql" | Content Type: "application/json" | Response Time: "261ms"]. @06-02-2022 14:35:22.0575 PM
[ReportManager] Successfully created attachment [API Request - Specifications] @06-02-2022 14:35:22.0576 PM
[ReportManager] Successfully created attachment [API Request - JSON Body] @06-02-2022 14:35:22.0576 PM
[ReportManager] Successfully created attachment [API Response - JSON Body] @06-02-2022 14:35:22.0577 PM
[ReportManager] API Action [GetResponseJSONValue] successfully performed. With the following test data [data.company.ceo]. @06-02-2022 14:35:22.0591 PM
[ReportManager] Assertion [ValidateEquals] PASSED. Expected [Elon Musk] and Actual [Elon Musk]. Comparison Type [EQUALS]. Validation Type [POSITIVE]. @06-02-2022 14:35:22.0591 P

################################################################################################################################################
Starting Execution:	[138 out of 162] test cases in the current suite
Test Method:		[testPackage01.Test_MatchJsonSchema.checkAPI_ResponseSchema]
################################################################################################################################################
[ReportManager] Response status code: [200], status line: [HTTP/1.1 200 OK] @06-02-2022 14:35:22.0719 PM
[ReportManager] Assertion Passed: Evaluating the actual response status code against the expected one... @06-02-2022 14:35:22.0719 PM
[ReportManager] Assertion [ValidateComparativeRelation] PASSED. Expected [200] and Actual [200]. Comparison Type [EQUALS]. Validation Type [POSITIVE]. @06-02-2022 14:35:22.0720 PM
[ReportManager] API Action [PerformRequest] successfully performed. With the following test data [Request Type: "GET" | Target Status Code: "200" | Service URL: "http://api.zippopotam.us/us/90210" | Content Type: "*/*" | Response Time: "116ms"]. @06-02-2022 14:35:22.0735 PM
[ReportManager] Successfully created attachment [API Request - Specifications] @06-02-2022 14:35:22.0735 PM
[ReportManager] Successfully created attachment [API Response - JSON Body] @06-02-2022 14:35:22.0736 PM
[ReportManager] File Action [GetAbsolutePath] successfully performed. With the following test data [Relative Folder Path: "src/test/resources/testDataFiles/schema.json"]. @06-02-2022 14:35:22.0737 PM
[ReportManager] File Action [GetAbsolutePath] successfully performed. With the following test data [Relative Folder Path: "/Users/runner/work/SHAFT_ENGINE/SHAFT_ENGINE/src/test/resources/testDataFiles/schema.json"]. @06-02-2022 14:35:23.0500 PM
[ReportManager] File Action [ReadFromFile] successfully performed. With the following test data [File Path: "/Users/runner/work/SHAFT_ENGINE/SHAFT_ENGINE/src/test/resources/testDataFiles/schema.json"]. @06-02-2022 14:35:23.0501 PM
[ReportManager] Assertion Passed: Then I Assert that the API response schema matches that in this file [src/test/resources/testDataFiles/schema.json]. @06-02-2022 14:35:23.0502 PM
[ReportManager] Successfully created attachment [Validation Test Data - Expected JSON Value] @06-02-2022 14:35:23.0503 PM
[ReportManager] Successfully created attachment [Validation Test Data - Actual JSON Value] @06-02-2022 14:35:23.0504 PM
[ReportManager] Assertion [ValidateResponseFileSchema] PASSED. Expected [Response data should match the JSON File in this path '/Users/runner/work/SHAFT_ENGINE/SHAFT_ENGINE/src/test/resources/testDataFiles/schema.json'] and Actual [TRUE]. Comparison Type [EQUALS]. Validation Type [POSITIVE]. @06-02-2022 14:35:23.0504 P
[ReportManager] File Action [GetAbsolutePath] successfully performed. With the following test data [Relative Folder Path: "target/downloadedFiles/"]. @06-02-2022 14:35:23.0506 PM
[ReportManager] Attempting to run locally on: [Mac-64], [Safari], Headless Execution. @06-02-2022 14:35:23.0506 PM
[ReportManager] An Exception Occured with this Message: Could not start a new session. Possible causes are invalid address of the remote server or browser start-up failure.. @06-02-2022 14:35:23.0599 PM
[ReportManager] Successfully created attachment [Exception Stack Trace - org.openqa.selenium.SessionNotCreatedException] @06-02-2022 14:35:23.0599 PM
[ReportManager] Driver Factory Action [createNewLocalDriverInstanceForSafari] failed. With the following test data [Failed to create a session on DESKTOP_SAFARI]. @06-02-2022 14:35:23.0600 P

################################################################################################################################################
Starting Execution:	[139 out of 162] test cases in the current suite
Test Method:		[testPackage01.Test_dragAndDrop.dragAndDropJquery]
###############################################################################################################################################



################################################################################################################################################
Starting Execution:	[140 out of 162] test cases in the current suite
Test Method:		[testPackage01.Test_dragAndDrop.dragAndDrop]
Test Description:	[TC001 - Test Drag and Drop function.]
###############################################################################################################################################



################################################################################################################################################
Starting Execution:	[141 out of 162] test cases in the current suite
Test Method:		[testPackage01.Test_dragAndDrop.dragAndDropByOffset]
Test Description:	[TC002 - Test Drag and Drop by offset function.]
###############################################################################################################################################

[ReportManager] Successfully loaded the following test data file [src/test/resources/testDataFiles/testSuite01/TestData.xlsx]. @06-02-2022 14:35:23.0655 PM
[ReportManager] Successfully created attachment [Test Data - Excel] @06-02-2022 14:35:23.0656 PM
[ReportManager] File Action [GetAbsolutePath] successfully performed. With the following test data [Relative Folder Path: "target/downloadedFiles/"]. @06-02-2022 14:35:23.0656 PM
[ReportManager] Attempting to run locally on: [Mac-64], [Safari], Headless Execution. @06-02-2022 14:35:23.0691 PM
[ReportManager] Successfully Opened Safari. @06-02-2022 14:35:24.0577 PM
[ReportManager] Initial window size: (800, 600) @06-02-2022 14:35:24.0605 PM
[ReportManager] Window size after SWD Maximize: (1176, 803) @06-02-2022 14:35:24.0624 PM
[ReportManager] Browser Action [MaximizeWindow] successfully performed. With the following test data [New screen size is now: (1176, 803)]. @06-02-2022 14:35:24.0624 P

################################################################################################################################################
Starting Execution:	[142 out of 162] test cases in the current suite
Test Method:		[testPackage01.Test_google.navigateToURLandVerifyGoogleLogoIsDisplayed]
Test Description:	[TC001 - Navigate to URL and Verify Google Logo is Displayed]
################################################################################################################################################
[ReportManager] Target URL: [https://www.google.com/ncr], and after redirection: [https://www.google.com] @06-02-2022 14:35:24.0667 PM
[ReportManager] Initial URL: [] @06-02-2022 14:35:24.0717 PM
[ReportManager] Browser Action [NavigateToURL] successfully performed. With the following test data [https://www.google.com/ncr]. @06-02-2022 14:35:26.0607 PM
[ReportManager] Assertion Passed: Then I Assert that the element found by [By.xpath: //*[@id='hplogo' or @alt='Google']] exists. @06-02-2022 14:35:27.0061 PM
[ReportManager] Successfully created attachment [Screenshot - 1644158126879_navigateToURLandVerifyGoogleLogoIsDisplayed_ValidateElementExists_passed] @06-02-2022 14:35:27.0103 PM
[ReportManager] Assertion [ValidateElementExists] PASSED. Expected [Element Should Exist, locator 'By.xpath: //*[@id='hplogo' or @alt='Google']'] and Actual [Element Exists]. Comparison Type [EQUALS]. Validation Type [POSITIVE]. @06-02-2022 14:35:27.0103 P

################################################################################################################################################
Starting Execution:	[143 out of 162] test cases in the current suite
Test Method:		[testPackage01.Test_google.searchForQueryandAssertResultsNumDisplayed]
Test Description:	[TC002 - Search for Query and Assert that the number of results is displayed]
################################################################################################################################################
[ReportManager] Element Action [Type] successfully performed. With the following test data [SHAFT_Engine]. @06-02-2022 14:35:27.0576 PM
[ReportManager] Element Action [KeyPress] successfully performed. With the following test data [Enter]. @06-02-2022 14:35:27.0647 PM
[ReportManager] Element Action [GetText] successfully performed. With the following test data [About 781,000 results (0.56 seconds)Quick SettingsSee all settingsPrivacySearch historyYour data in SearchUsing SearchExplicit results filterLearn more about SafeSearchHide explicit resultsLanguagesEnglishAdvanced searchAppearanceLight themeDark themeDevice defaultSupportSearch help]. @06-02-2022 14:35:29.0031 PM
[ReportManager] Assertion Passed: Then I Assert that the element found by [By.id: appbar] text does not equal []. @06-02-2022 14:35:30.0003 PM
[ReportManager] Successfully created attachment [Screenshot - 1644158129878_searchForQueryandAssertResultsNumDisplayed_ValidateElementAttribute_passed] @06-02-2022 14:35:30.0047 PM
[ReportManager] Assertion [ValidateElementAttribute] PASSED. Expected [Value Should not be '' for the 'text' attribute, element locator 'By.id: appbar'] and Actual [About 781,000 results (0.56 seconds)Quick SettingsSee all settingsPrivacySearch historyYour data in SearchUsing SearchExplicit results filterLearn more about SafeSearchHide explicit resultsLanguagesEnglishAdvanced searchAppearanceLight themeDark themeDevice defaultSupportSearch help]. Comparison Type [EQUALS]. Validation Type [NEGATIVE]. @06-02-2022 14:35:30.0047 P

################################################################################################################################################
Starting Execution:	[144 out of 162] test cases in the current suite
Test Method:		[testPackage01.Test_google.clickNextThrice]
Test Description:	[TC003 - Clicks the next button to make sure that the framework can scroll element into view before clicking it]
################################################################################################################################################
[ReportManager] Element Action [Click] successfully performed. With the following test data [By.xpath: //span[text()='Next']]. @06-02-2022 14:35:30.0287 P
[ReportManager] Successfully Closed All Drivers. @06-02-2022 14:35:30.0721 P
[ReportManager] File Action [GetAbsolutePath] successfully performed. With the following test data [Relative Folder Path: "target/downloadedFiles/"]. @06-02-2022 14:35:30.0723 PM
[ReportManager] Attempting to run locally on: [Mac-64], [Safari], Headless Execution. @06-02-2022 14:35:30.0723 PM
[ReportManager] Successfully Opened Safari. @06-02-2022 14:35:31.0584 PM
[ReportManager] Initial window size: (800, 600) @06-02-2022 14:35:31.0596 PM
[ReportManager] Window size after SWD Maximize: (1176, 803) @06-02-2022 14:35:31.0625 PM
[ReportManager] Browser Action [MaximizeWindow] successfully performed. With the following test data [New screen size is now: (1176, 803)]. @06-02-2022 14:35:31.0626 P

################################################################################################################################################
Starting Execution:	[145 out of 162] test cases in the current suite
Test Method:		[testPackage01.Test_chainableElementActions.chainElementActions]
################################################################################################################################################
[ReportManager] Target URL: [https://www.google.com/ncr], and after redirection: [https://www.google.com] @06-02-2022 14:35:31.0628 PM
[ReportManager] Initial URL: [] @06-02-2022 14:35:31.0672 PM
[ReportManager] Browser Action [NavigateToURL] successfully performed. With the following test data [https://www.google.com/ncr]. @06-02-2022 14:35:32.0952 PM
[ReportManager] Element Action [Type] successfully performed. With the following test data [chained type 1]. @06-02-2022 14:35:33.0283 PM
[ReportManager] Element Action [Type] successfully performed. With the following test data [chained type 2]. @06-02-2022 14:35:33.0790 PM
[ReportManager] Element Action [TypeAppend] successfully performed. With the following test data [345]. @06-02-2022 14:35:33.0889 PM
[ReportManager] Element Action [GetText] successfully performed. With the following test data [chained type 2345]. @06-02-2022 14:35:33.0977 PM
[ReportManager] Assertion Passed: Then I Assert that the element found by [By.name: q] text is equal to [chained type 2345]. @06-02-2022 14:35:34.0159 PM
[ReportManager] Successfully created attachment [Screenshot - 1644158134084_chainElementActions_ValidateElementAttribute_passed] @06-02-2022 14:35:34.0160 PM
[ReportManager] Assertion [ValidateElementAttribute] PASSED. Expected [Value Should be 'chained type 2345' for the 'text' attribute, element locator 'By.name: q'] and Actual [chained type 2345]. Comparison Type [EQUALS]. Validation Type [POSITIVE]. @06-02-2022 14:35:34.0160 P
[ReportManager] Successfully Closed All Drivers. @06-02-2022 14:35:34.0422 P
[ReportManager] File Action [GetAbsolutePath] successfully performed. With the following test data [Relative Folder Path: "target/downloadedFiles/"]. @06-02-2022 14:35:34.0425 PM
[ReportManager] Attempting to run locally on: [Mac-64], [Safari], Headless Execution. @06-02-2022 14:35:34.0425 PM
[ReportManager] An Exception Occured with this Message: Could not start a new session. Possible causes are invalid address of the remote server or browser start-up failure.. @06-02-2022 14:35:34.0487 PM
[ReportManager] Successfully created attachment [Exception Stack Trace - org.openqa.selenium.SessionNotCreatedException] @06-02-2022 14:35:34.0488 PM
[ReportManager] Driver Factory Action [createNewLocalDriverInstanceForSafari] failed. With the following test data [Failed to create a session on DESKTOP_SAFARI]. @06-02-2022 14:35:34.0488 P

################################################################################################################################################
Starting Execution:	[146 out of 162] test cases in the current suite
Test Method:		[testPackage01.Test_RelativeLocators.relativeLocatorsTest1]
###############################################################################################################################################


################################################################################################################################################
Starting Execution:	[147 out of 162] test cases in the current suite
Test Method:		[testPackage01.Test_JsonCompareWithSpecialCharacters.specialCharacters]
################################################################################################################################################
[ReportManager] File Action [GetAbsolutePath] successfully performed. With the following test data [Relative Folder Path: "src/test/resources/testDataFiles/specialCharacters.json"]. @06-02-2022 14:35:34.0501 PM
[ReportManager] File Action [ReadFromFile] successfully performed. With the following test data [File Path: "/Users/runner/work/SHAFT_ENGINE/SHAFT_ENGINE/src/test/resources/testDataFiles/specialCharacters.json"]. @06-02-2022 14:35:34.0502 PM
[ReportManager] Successfully created attachment [File Action Actual Result - Command Log] @06-02-2022 14:35:34.0503 PM
[ReportManager] Comparing the provided API response with the file at this path "src/test/resources/testDataFiles/specialCharacters.json", comparison type "EQUALS" @06-02-2022 14:35:34.0505 PM
[ReportManager] API Action [CompareJSON] successfully performed. With the following test data [src/test/resources/testDataFiles/specialCharacters.json]. @06-02-2022 14:35:34.0514 PM
[ReportManager] File Action [GetAbsolutePath] successfully performed. With the following test data [Relative Folder Path: "src/test/resources/testDataFiles/specialCharacters.json"]. @06-02-2022 14:35:34.0514 PM
[ReportManager] File Action [ReadFromFile] successfully performed. With the following test data [File Path: "/Users/runner/work/SHAFT_ENGINE/SHAFT_ENGINE/src/test/resources/testDataFiles/specialCharacters.json"]. @06-02-2022 14:35:34.0515 PM
[ReportManager] Verification [ValidateJSONFileContent] PASSED. Expected [Response data should match the JSON File in this path 'src/test/resources/testDataFiles/specialCharacters.json'] and Actual [TRUE]. Comparison Type [EQUALS]. Validation Type [POSITIVE]. @06-02-2022 14:35:34.0520 PM
[ReportManager] Successfully created attachment [Validation Test Data - Expected JSON Value] @06-02-2022 14:35:34.0521 PM
[ReportManager] Successfully created attachment [Validation Test Data - Actual JSON Value] @06-02-2022 14:35:34.0522 P

################################################################################################################################################
Starting Execution:	[148 out of 162] test cases in the current suite
Test Method:		[testPackage01.Test_JsonCompareWithSpecialCharacters.specialCharacters_assertion]
################################################################################################################################################
[ReportManager] File Action [GetAbsolutePath] successfully performed. With the following test data [Relative Folder Path: "src/test/resources/testDataFiles/specialCharacters.json"]. @06-02-2022 14:35:34.0527 PM
[ReportManager] File Action [ReadFromFile] successfully performed. With the following test data [File Path: "/Users/runner/work/SHAFT_ENGINE/SHAFT_ENGINE/src/test/resources/testDataFiles/specialCharacters.json"]. @06-02-2022 14:35:34.0527 PM
[ReportManager] Successfully created attachment [File Action Actual Result - Command Log] @06-02-2022 14:35:34.0528 PM
[ReportManager] Comparing the provided API response with the file at this path "src/test/resources/testDataFiles/specialCharacters.json", comparison type "CONTAINS" @06-02-2022 14:35:34.0529 PM
[ReportManager] API Action [CompareJSON] successfully performed. With the following test data [src/test/resources/testDataFiles/specialCharacters.json]. @06-02-2022 14:35:34.0539 PM
[ReportManager] File Action [GetAbsolutePath] successfully performed. With the following test data [Relative Folder Path: "src/test/resources/testDataFiles/specialCharacters.json"]. @06-02-2022 14:35:34.0539 PM
[ReportManager] File Action [ReadFromFile] successfully performed. With the following test data [File Path: "/Users/runner/work/SHAFT_ENGINE/SHAFT_ENGINE/src/test/resources/testDataFiles/specialCharacters.json"]. @06-02-2022 14:35:34.0540 PM
[ReportManager] Assertion Passed: trying out the log message @06-02-2022 14:35:34.0544 PM
[ReportManager] Successfully created attachment [Validation Test Data - Expected JSON Value] @06-02-2022 14:35:34.0545 PM
[ReportManager] Successfully created attachment [Validation Test Data - Actual JSON Value] @06-02-2022 14:35:34.0546 PM
[ReportManager] Assertion [ValidateJSONFileContent] PASSED. Expected [Response data should match the JSON File in this path 'src/test/resources/testDataFiles/specialCharacters.json'] and Actual [TRUE]. Comparison Type [CONTAINS]. Validation Type [POSITIVE]. @06-02-2022 14:35:34.0546 P

################################################################################################################################################
Starting Execution:	[149 out of 162] test cases in the current suite
Test Method:		[testPackage01.Test_SkipDueToIssue.doNotSkip]
################################################################################################################################################
[ReportManager] This should not be skipped. @06-02-2022 14:35:34.0551 P

################################################################################################################################################
Starting Execution:	[150 out of 162] test cases in the current suite
Test Method:		[testPackage01.Test_SkipDueToIssue.skip]
################################################################################################################################################
[ReportManager] This should be skipped. @06-02-2022 14:35:34.0560 P

################################################################################################################################################
Starting Execution:	[151 out of 162] test cases in the current suite
Test Method:		[testPackage01.Test_SkipDueToIssue.skip2]
################################################################################################################################################
[ReportManager] This should be skipped. @06-02-2022 14:35:34.0568 P

################################################################################################################################################
Starting Execution:	[152 out of 162] test cases in the current suite
Test Method:		[testPackage01.Test_JSONFileManager.readStringFromJson]
################################################################################################################################################
[ReportManager] File Action [GetAbsolutePath] successfully performed. With the following test data [Relative Folder Path: "src/test/resources/testDataFiles/simpleJSON.json"]. @06-02-2022 14:35:34.0573 PM
[ReportManager] Successfully loaded the following test data file [src/test/resources/testDataFiles/simpleJSON.json]. @06-02-2022 14:35:34.0574 PM
[ReportManager] Successfully created attachment [Test Data - JSON] @06-02-2022 14:35:34.0575 PM
[ReportManager] File Action [GetAbsolutePath] successfully performed. With the following test data [Relative Folder Path: "src/test/resources/testDataFiles/simpleJSON.json"]. @06-02-2022 14:35:34.0577 PM
[ReportManager] Assertion [ValidateEquals] PASSED. Expected [Mohab Mohie] and Actual [Mohab Mohie]. Comparison Type [EQUALS]. Validation Type [POSITIVE]. @06-02-2022 14:35:34.0591 P
[ReportManager] File Action [GetAbsolutePath] successfully performed. With the following test data [Relative Folder Path: "target/downloadedFiles/"]. @06-02-2022 14:35:34.0595 PM
[ReportManager] Attempting to run locally on: [Mac-64], [Safari], Headless Execution. @06-02-2022 14:35:34.0595 PM
[ReportManager] Successfully Opened Safari. @06-02-2022 14:35:35.0481 PM
[ReportManager] Initial window size: (800, 600) @06-02-2022 14:35:35.0495 PM
[ReportManager] Window size after SWD Maximize: (1176, 803) @06-02-2022 14:35:35.0528 PM
[ReportManager] Browser Action [MaximizeWindow] successfully performed. With the following test data [New screen size is now: (1176, 803)]. @06-02-2022 14:35:35.0528 P

################################################################################################################################################
Starting Execution:	[153 out of 162] test cases in the current suite
Test Method:		[testPackage01.Test_assertEquals.test_assertElementAttribute]
################################################################################################################################################
[ReportManager] Target URL: [https://www.google.com/ncr], and after redirection: [https://www.google.com] @06-02-2022 14:35:35.0531 PM
[ReportManager] Initial URL: [] @06-02-2022 14:35:35.0609 PM
[ReportManager] Browser Action [NavigateToURL] successfully performed. With the following test data [https://www.google.com/ncr]. @06-02-2022 14:35:36.0959 PM
[ReportManager] Element Action [Type] successfully performed. With the following test data [INC_004010050:Another SCHEDULER with the same name [Duplicate Job Name] already exists.]. @06-02-2022 14:35:39.0191 PM
[ReportManager] Element Action [GetText] successfully performed. With the following test data [INC_004010050:Another SCHEDULER with the same name [Duplicate Job Name] already exists.]. @06-02-2022 14:35:39.0256 PM
[ReportManager] Assertion [ValidateElementAttribute] PASSED. Expected [Value Should be 'INC_004010050:Another SCHEDULER with the same name \[Duplicate Job Name\] already exists.' for the 'text' attribute, element locator 'By.name: q'] and Actual [INC_004010050:Another SCHEDULER with the same name [Duplicate Job Name] already exists.]. Comparison Type [MATCHES]. Validation Type [POSITIVE]. @06-02-2022 14:35:39.0461 PM
[ReportManager] Successfully created attachment [Screenshot - 1644158139348_test_assertElementAttribute_ValidateElementAttribute_passed] @06-02-2022 14:35:39.0462 P
[ReportManager] Browser Action [CloseCurrentWindow] successfully performed. @06-02-2022 14:35:39.0808 PM
[ReportManager] Successfully created attachment [Browser Action Test Data - CloseCurrentWindow - Actual Value] @06-02-2022 14:35:39.0808 P
[ReportManager] File Action [GetAbsolutePath] successfully performed. With the following test data [Relative Folder Path: "target/downloadedFiles/"]. @06-02-2022 14:35:39.0811 PM
[ReportManager] Attempting to run locally on: [Mac-64], [Safari], Headless Execution. @06-02-2022 14:35:39.0811 PM
[ReportManager] Successfully Opened Safari. @06-02-2022 14:35:40.0657 PM
[ReportManager] Initial window size: (800, 600) @06-02-2022 14:35:40.0674 PM
[ReportManager] Window size after SWD Maximize: (1176, 803) @06-02-2022 14:35:40.0694 PM
[ReportManager] Browser Action [MaximizeWindow] successfully performed. With the following test data [New screen size is now: (1176, 803)]. @06-02-2022 14:35:40.0694 P

################################################################################################################################################
Starting Execution:	[154 out of 162] test cases in the current suite
Test Method:		[testPackage01.Test_IsElementClickable.testIsElementClickable]
################################################################################################################################################
[ReportManager] Target URL: [https://the-internet.herokuapp.com/] @06-02-2022 14:35:40.0700 PM
[ReportManager] Initial URL: [] @06-02-2022 14:35:40.0764 PM
[ReportManager] Browser Action [NavigateToURL] successfully performed. With the following test data [https://the-internet.herokuapp.com/]. @06-02-2022 14:35:42.0233 PM
[ReportManager] Element Action [IsElementClickable] successfully performed. @06-02-2022 14:35:42.0338 PM
[ReportManager] Assertion [ValidateTrue] PASSED. Expected [TRUE] and Actual [TRUE]. Validation Type [POSITIVE]. @06-02-2022 14:35:42.0338 P
[ReportManager] Browser Action [CloseCurrentWindow] successfully performed. @06-02-2022 14:35:42.0569 PM
[ReportManager] Successfully created attachment [Browser Action Test Data - CloseCurrentWindow - Actual Value] @06-02-2022 14:35:42.0570 P
[ReportManager] Successfully loaded the following test data file [src/test/resources/testDataFiles/testSuite01/TestData.xlsx]. @06-02-2022 14:35:42.0600 PM
[ReportManager] Successfully created attachment [Test Data - Excel] @06-02-2022 14:35:42.0600 PM
[ReportManager] Attempting to run using Playwright locally on: [Mac-64], [Safari], Headless Execution. @06-02-2022 14:36:07.0177 PM
[ReportManager] File Action [GetAbsolutePath] successfully performed. With the following test data [Relative Folder Path: "target/downloadedFiles/"]. @06-02-2022 14:36:07.0178 PM
[ReportManager] Initial window size: (1280, 720) @06-02-2022 14:36:11.0683 PM
[ReportManager] Window size after Toolkit: com.microsoft.playwright.options.ViewportSize@7abfab1 @06-02-2022 14:36:11.0694 PM
[ReportManager] Browser Action [MaximizeWindow] successfully performed. With the following test data [New screen size is now: (1920, 1080)]. @06-02-2022 14:36:11.0694 P

################################################################################################################################################
Starting Execution:	[155 out of 162] test cases in the current suite
Test Method:		[testPackage01.Test_google_playwright.navigateToURLandVerifyGoogleLogoIsDisplayed]
Test Description:	[TC001 - Navigate to URL and Verify Google Logo is Displayed]
################################################################################################################################################
[ReportManager] Target URL: [https://www.google.com/ncr], and after redirection: [https://www.google.com] @06-02-2022 14:36:11.0829 PM
[ReportManager] Initial URL: [about:blank] @06-02-2022 14:36:12.0293 PM
[ReportManager] Browser Action [NavigateToURL] successfully performed. With the following test data [https://www.google.com/ncr]. @06-02-2022 14:36:14.0920 PM
[ReportManager] Assertion [ValidateElementExists] PASSED. Expected [Element Should Exist, locator 'xpath=//*[@id='hplogo' or @alt='Google']'] and Actual [Element Exists]. Comparison Type [EQUALS]. Validation Type [POSITIVE]. @06-02-2022 14:36:15.0177 PM
[ReportManager] Successfully created attachment [Screenshot - 1644158175067_navigateToURLandVerifyGoogleLogoIsDisplayed_ValidateElementExists_passed] @06-02-2022 14:36:15.0178 P

################################################################################################################################################
Starting Execution:	[156 out of 162] test cases in the current suite
Test Method:		[testPackage01.Test_google_playwright.searchForQueryandAssertResultsNumDisplayed]
Test Description:	[TC002 - Search for Query and Assert that the number of results is displayed]
################################################################################################################################################
[ReportManager] Element Action [Type] successfully performed. With the following test data [SHAFT_Engine]. @06-02-2022 14:36:15.0461 PM
[ReportManager] Element Action [KeyPress] successfully performed. With the following test data [Enter]. @06-02-2022 14:36:15.0493 PM
[ReportManager] Element Action [GetText] successfully performed. With the following test data [About 781,000 results (0.35 seconds)
]. @06-02-2022 14:36:16.0608 PM
[ReportManager] Assertion [ValidateElementAttribute] PASSED. Expected [Value Should not be '' for the 'text' attribute, element locator 'xpath=//div[@id='appbar']'] and Actual [About 781,000 results (0.35 seconds)
]. Comparison Type [EQUALS]. Validation Type [NEGATIVE]. @06-02-2022 14:36:18.0869 PM
[ReportManager] Successfully created attachment [Screenshot - 1644158178731_searchForQueryandAssertResultsNumDisplayed_ValidateElementAttribute_passed] @06-02-2022 14:36:18.0873 P

################################################################################################################################################
Starting Execution:	[157 out of 162] test cases in the current suite
Test Method:		[testPackage01.Test_google_playwright.clickNextThrice]
Test Description:	[TC003 - Clicks the next button to make sure that the framework can scroll element into view before clicking it]
################################################################################################################################################
[ReportManager] Element Action [Click] successfully performed. With the following test data [Next]. @06-02-2022 14:36:19.0343 P
[ReportManager] Failed to find video recording. @06-02-2022 14:36:19.0346 PM
[ReportManager] Successfully Closed PlayWright Driver. @06-02-2022 14:36:19.0394 P
[ReportManager] File Action [GetAbsolutePath] successfully performed. With the following test data [Relative Folder Path: "target/downloadedFiles/"]. @06-02-2022 14:36:19.0396 PM
[ReportManager] Attempting to run locally on: [Mac-64], [Safari], Headless Execution. @06-02-2022 14:36:19.0396 PM
[ReportManager] An Exception Occured with this Message: Could not start a new session. Possible causes are invalid address of the remote server or browser start-up failure.. @06-02-2022 14:36:19.0484 PM
[ReportManager] Successfully created attachment [Exception Stack Trace - org.openqa.selenium.SessionNotCreatedException] @06-02-2022 14:36:19.0525 PM
[ReportManager] Driver Factory Action [createNewLocalDriverInstanceForSafari] failed. With the following test data [Failed to create a session on DESKTOP_SAFARI]. @06-02-2022 14:36:19.0525 P

################################################################################################################################################
Starting Execution:	[158 out of 162] test cases in the current suite
Test Method:		[testPackage01.Test_verifyEquals.test_assertElementAttribute]
###############################################################################################################################################


################################################################################################################################################
Starting Execution:	[159 out of 162] test cases in the current suite
Test Method:		[testPackage01.Test_SelectedValue.multipleSelect]
################################################################################################################################################
[ReportManager] File Action [GetAbsolutePath] successfully performed. With the following test data [Relative Folder Path: "target/downloadedFiles/"]. @06-02-2022 14:36:19.0781 PM
[ReportManager] Attempting to run locally on: [Mac-64], [GoogleChrome], Headless Execution. @06-02-2022 14:36:19.0782 PM
[ReportManager] Identifying OS/Driver combination and selecting the correct driver version automatically. Please note that if a new driver executable will be downloaded it may take some time... @06-02-2022 14:36:19.0783 PM
[ReportManager] Successfully Opened Google Chrome. @06-02-2022 14:36:24.0323 PM
[ReportManager] Initial window size: (1920, 1080) @06-02-2022 14:36:24.0328 PM
[ReportManager] Window size after SWD Maximize: (1920, 1080) @06-02-2022 14:36:24.0567 PM
[ReportManager] Window size after Toolkit: (1920, 1080) @06-02-2022 14:36:24.0958 PM
[ReportManager] Browser Action [MaximizeWindow] successfully performed. With the following test data [New screen size is now: (1920, 1080)]. @06-02-2022 14:36:24.0962 PM
[ReportManager] Target URL: [https://yari-demos.prod.mdn.mozit.cloud/en-US/docs/Web/HTML/Element/select/_sample_.Advanced_select_with_multiple_features.html] @06-02-2022 14:36:24.0962 PM
[ReportManager] Initial URL: [data:,] @06-02-2022 14:36:25.0002 PM
[ReportManager] Browser Action [NavigateToURL] successfully performed. With the following test data [https://yari-demos.prod.mdn.mozit.cloud/en-US/docs/Web/HTML/Element/select/_sample_.Advanced_select_with_multiple_features.html]. @06-02-2022 14:36:25.0372 PM
[ReportManager] Element Action [Select] successfully performed. With the following test data [Dog]. @06-02-2022 14:36:25.0595 PM
[ReportManager] Element Action [Select] successfully performed. With the following test data [Cat]. @06-02-2022 14:36:25.0782 PM
[ReportManager] Element Action [GetSelectedText] successfully performed. With the following test data [DogCat]. @06-02-2022 14:36:25.0907 PM
[ReportManager] DogCat @06-02-2022 14:36:25.0908 PM
[ReportManager] Element Action [GetSelectedText] successfully performed. With the following test data [DogCat]. @06-02-2022 14:36:26.0011 PM
[ReportManager] Assertion [ValidateElementAttribute] PASSED. Expected [Value Should be 'DogCat' for the 'selectedText' attribute, element locator 'By.tagName: select'] and Actual [DogCat]. Comparison Type [EQUALS]. Validation Type [POSITIVE]. @06-02-2022 14:36:26.0478 PM
[ReportManager] Successfully created attachment [Screenshot - 1644158186368_multipleSelect_ValidateElementAttribute_passed] @06-02-2022 14:36:26.0479 PM
[ReportManager] Browser Action [CloseCurrentWindow] successfully performed. @06-02-2022 14:36:26.0729 PM
[ReportManager] Successfully created attachment [Browser Action Test Data - CloseCurrentWindow - Actual Value] @06-02-2022 14:36:26.0730 P

################################################################################################################################################
Starting Execution:	[160 out of 162] test cases in the current suite
Test Method:		[testPackage01.Test_SelectedValue.simpleSelect]
################################################################################################################################################
[ReportManager] File Action [GetAbsolutePath] successfully performed. With the following test data [Relative Folder Path: "target/downloadedFiles/"]. @06-02-2022 14:36:26.0736 PM
[ReportManager] Attempting to run locally on: [Mac-64], [GoogleChrome], Headless Execution. @06-02-2022 14:36:26.0737 PM
[ReportManager] Identifying OS/Driver combination and selecting the correct driver version automatically. Please note that if a new driver executable will be downloaded it may take some time... @06-02-2022 14:36:26.0737 PM
[ReportManager] Successfully Opened Google Chrome. @06-02-2022 14:36:27.0314 PM
[ReportManager] Initial window size: (1920, 1080) @06-02-2022 14:36:27.0319 PM
[ReportManager] Window size after SWD Maximize: (1920, 1080) @06-02-2022 14:36:27.0428 PM
[ReportManager] Window size after Toolkit: (1920, 1080) @06-02-2022 14:36:27.0896 PM
[ReportManager] Browser Action [MaximizeWindow] successfully performed. With the following test data [New screen size is now: (1920, 1080)]. @06-02-2022 14:36:27.0900 PM
[ReportManager] Target URL: [https://yari-demos.prod.mdn.mozit.cloud/en-US/docs/Web/HTML/Element/select/_sample_.Basic_select.html] @06-02-2022 14:36:27.0900 PM
[ReportManager] Initial URL: [data:,] @06-02-2022 14:36:27.0939 PM
[ReportManager] Browser Action [NavigateToURL] successfully performed. With the following test data [https://yari-demos.prod.mdn.mozit.cloud/en-US/docs/Web/HTML/Element/select/_sample_.Basic_select.html]. @06-02-2022 14:36:28.0267 PM
[ReportManager] Element Action [Select] successfully performed. With the following test data [Third Value]. @06-02-2022 14:36:28.0576 PM
[ReportManager] Element Action [GetSelectedText] successfully performed. With the following test data [Third Value]. @06-02-2022 14:36:28.0658 PM
[ReportManager] Third Value @06-02-2022 14:36:28.0658 PM
[ReportManager] Element Action [GetSelectedText] successfully performed. With the following test data [Third Value]. @06-02-2022 14:36:28.0726 PM
[ReportManager] Assertion [ValidateElementAttribute] PASSED. Expected [Value Should be 'Third Value' for the 'selectedText' attribute, element locator 'By.tagName: select'] and Actual [Third Value]. Comparison Type [EQUALS]. Validation Type [POSITIVE]. @06-02-2022 14:36:29.0274 PM
[ReportManager] Successfully created attachment [Screenshot - 1644158189155_simpleSelect_ValidateElementAttribute_passed] @06-02-2022 14:36:29.0274 PM
[ReportManager] Browser Action [CloseCurrentWindow] successfully performed. @06-02-2022 14:36:29.0535 PM
[ReportManager] Successfully created attachment [Browser Action Test Data - CloseCurrentWindow - Actual Value] @06-02-2022 14:36:29.0536 P
[ReportManager] File Action [GetAbsolutePath] successfully performed. With the following test data [Relative Folder Path: "target/downloadedFiles/"]. @06-02-2022 14:36:29.0538 PM
[ReportManager] Attempting to run locally on: [Mac-64], [Safari], Headless Execution. @06-02-2022 14:36:29.0539 PM
[ReportManager] Successfully Opened Safari. @06-02-2022 14:36:30.0430 PM
[ReportManager] Initial window size: (800, 600) @06-02-2022 14:36:30.0455 PM
[ReportManager] Window size after SWD Maximize: (1176, 803) @06-02-2022 14:36:30.0471 PM
[ReportManager] Browser Action [MaximizeWindow] successfully performed. With the following test data [New screen size is now: (1176, 803)]. @06-02-2022 14:36:30.0472 P

################################################################################################################################################
Starting Execution:	[161 out of 162] test cases in the current suite
Test Method:		[testPackage01.Test_dynamicLoading.dynamicLoading_elementIsHidden]
################################################################################################################################################
[ReportManager] Target URL: [https://the-internet.herokuapp.com/dynamic_loading/1] @06-02-2022 14:36:30.0475 PM
[ReportManager] Initial URL: [] @06-02-2022 14:36:30.0552 PM
[ReportManager] Browser Action [NavigateToURL] successfully performed. With the following test data [https://the-internet.herokuapp.com/dynamic_loading/1]. @06-02-2022 14:36:31.0805 PM
[ReportManager] Element Action [Click] successfully performed. With the following test data [By.xpath: //button[text()='Start']]. @06-02-2022 14:36:32.0041 PM
[ReportManager] Element Action [GetText] successfully performed. With the following test data [
    Hello World!
  ]. @06-02-2022 14:36:32.0085 P
[ReportManager] Browser Action [CloseCurrentWindow] successfully performed. @06-02-2022 14:36:32.0535 PM
[ReportManager] Successfully created attachment [Browser Action Test Data - CloseCurrentWindow - Actual Value] @06-02-2022 14:36:32.0536 P
[ReportManager] File Action [GetAbsolutePath] successfully performed. With the following test data [Relative Folder Path: "target/downloadedFiles/"]. @06-02-2022 14:36:32.0538 PM
[ReportManager] Attempting to run locally on: [Mac-64], [Safari], Headless Execution. @06-02-2022 14:36:32.0538 PM
[ReportManager] Successfully Opened Safari. @06-02-2022 14:36:33.0386 PM
[ReportManager] Initial window size: (800, 600) @06-02-2022 14:36:33.0399 PM
[ReportManager] Window size after SWD Maximize: (1176, 803) @06-02-2022 14:36:33.0432 PM
[ReportManager] Browser Action [MaximizeWindow] successfully performed. With the following test data [New screen size is now: (1176, 803)]. @06-02-2022 14:36:33.0433 P

################################################################################################################################################
Starting Execution:	[162 out of 162] test cases in the current suite
Test Method:		[testPackage01.Test_dynamicLoading.dynamicLoading_elementIsRendered]
################################################################################################################################################
[ReportManager] Target URL: [https://the-internet.herokuapp.com/dynamic_loading/2] @06-02-2022 14:36:33.0470 PM
[ReportManager] Initial URL: [] @06-02-2022 14:36:33.0507 PM
[ReportManager] Browser Action [NavigateToURL] successfully performed. With the following test data [https://the-internet.herokuapp.com/dynamic_loading/2]. @06-02-2022 14:36:35.0008 PM
[ReportManager] Element Action [Click] successfully performed. With the following test data [By.xpath: //button[text()='Start']]. @06-02-2022 14:36:35.0220 PM
[ReportManager] Element Action [GetText] successfully performed. With the following test data [Hello World!]. @06-02-2022 14:36:40.0811 PM
[ReportManager] Assertion [ValidateElementAttribute] PASSED. Expected [Value Should be 'Hello World!' for the 'text' attribute, element locator 'By.id: finish'] and Actual [Hello World!]. Comparison Type [CONTAINS]. Validation Type [POSITIVE]. @06-02-2022 14:36:40.0976 PM
[ReportManager] Successfully created attachment [Screenshot - 1644158200907_dynamicLoading_elementIsRendered_ValidateElementAttribute_passed] @06-02-2022 14:36:40.0977 P
[ReportManager] Browser Action [CloseCurrentWindow] successfully performed. @06-02-2022 14:36:41.0162 PM
[ReportManager] Successfully created attachment [Browser Action Test Data - CloseCurrentWindow - Actual Value] @06-02-2022 14:36:41.0163 P
[ReportManager] Successfully created attachment [SHAFT Engine Logs - Execution log] @06-02-2022 14:36:41.0196 PM

################################################################################################################################################
This test run was powered by SHAFT Engine Version: [SHAFT Engine v6.1.20220113]
SHAFT Engine is licensed under the MIT License: [https://github.com/MohabMohie/SHAFT_ENGINE/blob/master/LICENSE].
################################################################################################################################################