################################################################################################################################################
Detected SHAFT Engine Version: [SHAFT Engine v5.3.20210902]
################################################################################################################################################
[ReportManager] File Action [GetAbsolutePath] successfully performed. With the following test data [Relative Folder Path: "target/downloadedFiles/"]. @27-09-2021 01:51:50.0199 AM
[ReportManager] Attempting to run locally on: [Mac-64], [Safari], Headless Execution. @27-09-2021 01:51:50.0211 AM
[ReportManager] Successfully Opened Safari. @27-09-2021 01:51:54.0421 AM
[ReportManager] Initial window size: (800, 600) @27-09-2021 01:51:54.0505 AM
[ReportManager] Window size after SWD Maximize: (1176, 810) @27-09-2021 01:51:54.0524 AM
[ReportManager] Browser Action [MaximizeWindow] successfully performed. With the following test data [New screen size is now: (1176, 810)]. @27-09-2021 01:51:54.0530 A

################################################################################################################################################
Starting Execution:	[1 out of 144] test cases in the current suite
Test Method:		[unitTests.tests_element_elementActions.waitForElementToBePresent_false_expectedToFail]
################################################################################################################################################
[ReportManager] Target URL: [https://www.google.com/ncr], and after redirection: [www.google.com] @27-09-2021 01:51:54.0679 AM
[ReportManager] Initial URL: [] @27-09-2021 01:51:54.0744 AM
[ReportManager] Browser Action [NavigateToURL] successfully performed. With the following test data [https://www.google.com/ncr]. @27-09-2021 01:51:56.0173 AM
[ReportManager] Waiting for element to be present; elementLocator [By.xpath: //*[@id='hplogo' or @alt='Google']], numberOfTries[1], stateOfPresence[false]... @27-09-2021 01:51:56.0181 AM
[ReportManager] Element Action [WaitForElementToBePresent] failed. With the following test data [waited for the element's state of presence to be (false). Element locator (By.xpath: //*[@id='hplogo' or @alt='Google'])]. @27-09-2021 01:51:58.0972 AM
[ReportManager] Successfully created attachment [Screenshot - 1632707516285_waitForElementToBePresent_false_expectedToFail_WaitForElementToBePresent_failed] @27-09-2021 01:51:58.0983 A
[ReportManager] Browser Action [CloseCurrentWindow] successfully performed. @27-09-2021 01:51:59.0154 AM
[ReportManager] Successfully created attachment [Browser Action Test Data - CloseCurrentWindow - Actual Value] @27-09-2021 01:51:59.0156 A
[ReportManager] File Action [GetAbsolutePath] successfully performed. With the following test data [Relative Folder Path: "target/downloadedFiles/"]. @27-09-2021 01:51:59.0177 AM
[ReportManager] Attempting to run locally on: [Mac-64], [Safari], Headless Execution. @27-09-2021 01:51:59.0177 AM
[ReportManager] Successfully Opened Safari. @27-09-2021 01:52:00.0863 AM
[ReportManager] Initial window size: (800, 600) @27-09-2021 01:52:00.0877 AM
[ReportManager] Window size after SWD Maximize: (1176, 811) @27-09-2021 01:52:00.0906 AM
[ReportManager] Browser Action [MaximizeWindow] successfully performed. With the following test data [New screen size is now: (1176, 811)]. @27-09-2021 01:52:00.0907 A

################################################################################################################################################
Starting Execution:	[2 out of 144] test cases in the current suite
Test Method:		[unitTests.tests_element_elementActions.waitForElementToBePresent_false_expectedToPass]
################################################################################################################################################
[ReportManager] Target URL: [https://www.google.com/ncr], and after redirection: [www.google.com] @27-09-2021 01:52:00.0915 AM
[ReportManager] Initial URL: [] @27-09-2021 01:52:00.0973 AM
[ReportManager] Browser Action [NavigateToURL] successfully performed. With the following test data [https://www.google.com/ncr]. @27-09-2021 01:52:02.0310 AM
[ReportManager] Waiting for element to be present; elementLocator [By.id: bla], numberOfTries[1], stateOfPresence[false]... @27-09-2021 01:52:02.0311 AM
[ReportManager] Element Action [WaitForElementToBePresent] successfully performed. With the following test data [waited for the element's state of presence to be (false). Element locator (By.id: bla)]. @27-09-2021 01:52:07.0601 A
[ReportManager] Browser Action [CloseCurrentWindow] successfully performed. @27-09-2021 01:52:07.0783 AM
[ReportManager] Successfully created attachment [Browser Action Test Data - CloseCurrentWindow - Actual Value] @27-09-2021 01:52:07.0784 A
[ReportManager] File Action [GetAbsolutePath] successfully performed. With the following test data [Relative Folder Path: "target/downloadedFiles/"]. @27-09-2021 01:52:07.0790 AM
[ReportManager] Attempting to run locally on: [Mac-64], [Safari], Headless Execution. @27-09-2021 01:52:07.0790 AM
[ReportManager] Successfully Opened Safari. @27-09-2021 01:52:09.0408 AM
[ReportManager] Initial window size: (800, 600) @27-09-2021 01:52:09.0423 AM
[ReportManager] Window size after SWD Maximize: (1176, 811) @27-09-2021 01:52:09.0444 AM
[ReportManager] Browser Action [MaximizeWindow] successfully performed. With the following test data [New screen size is now: (1176, 811)]. @27-09-2021 01:52:09.0444 A

################################################################################################################################################
Starting Execution:	[3 out of 144] test cases in the current suite
Test Method:		[unitTests.tests_element_elementActions.waitForElementToBePresent_moreThanOneElement_expectedToFail]
################################################################################################################################################
[ReportManager] Target URL: [https://www.google.com/ncr], and after redirection: [www.google.com] @27-09-2021 01:52:09.0452 AM
[ReportManager] Initial URL: [] @27-09-2021 01:52:09.0506 AM
[ReportManager] Browser Action [NavigateToURL] successfully performed. With the following test data [https://www.google.com/ncr]. @27-09-2021 01:52:10.0875 AM
[ReportManager] Waiting for element to be present; elementLocator [By.xpath: //*], numberOfTries[1], stateOfPresence[false]... @27-09-2021 01:52:10.0876 AM
[ReportManager] Element Action [WaitForElementToBePresent] failed. With the following test data [waited for the element's state of presence to be (false). Element locator (By.xpath: //*)]. @27-09-2021 01:52:11.0057 AM
[ReportManager] Successfully created attachment [Screenshot - 1632707530958_waitForElementToBePresent_moreThanOneElement_expectedToFail_WaitForElementToBePresent_failed] @27-09-2021 01:52:11.0060 A
[ReportManager] Browser Action [CloseCurrentWindow] successfully performed. @27-09-2021 01:52:11.0175 AM
[ReportManager] Successfully created attachment [Browser Action Test Data - CloseCurrentWindow - Actual Value] @27-09-2021 01:52:11.0175 A
[ReportManager] File Action [GetAbsolutePath] successfully performed. With the following test data [Relative Folder Path: "target/downloadedFiles/"]. @27-09-2021 01:52:11.0181 AM
[ReportManager] Attempting to run locally on: [Mac-64], [Safari], Headless Execution. @27-09-2021 01:52:11.0181 AM
[ReportManager] Successfully Opened Safari. @27-09-2021 01:52:12.0782 AM
[ReportManager] Initial window size: (800, 600) @27-09-2021 01:52:12.0808 AM
[ReportManager] Window size after SWD Maximize: (1176, 811) @27-09-2021 01:52:12.0821 AM
[ReportManager] Browser Action [MaximizeWindow] successfully performed. With the following test data [New screen size is now: (1176, 811)]. @27-09-2021 01:52:12.0822 A

################################################################################################################################################
Starting Execution:	[4 out of 144] test cases in the current suite
Test Method:		[unitTests.tests_element_elementActions.waitForElementToBePresent_true_expectedToFail]
################################################################################################################################################
[ReportManager] Target URL: [https://www.google.com/ncr], and after redirection: [www.google.com] @27-09-2021 01:52:12.0833 AM
[ReportManager] Initial URL: [] @27-09-2021 01:52:12.0898 AM
[ReportManager] Browser Action [NavigateToURL] successfully performed. With the following test data [https://www.google.com/ncr]. @27-09-2021 01:52:14.0227 AM
[ReportManager] Waiting for element to be present; elementLocator [By.id: bla], numberOfTries[1], stateOfPresence[true]... @27-09-2021 01:52:14.0227 AM
[ReportManager] Element Action [WaitForElementToBePresent] failed. With the following test data [waited for the element's state of presence to be (true). Element locator (By.id: bla)]. @27-09-2021 01:52:19.0518 AM
[ReportManager] Successfully created attachment [Screenshot - 1632707539409_waitForElementToBePresent_true_expectedToFail_WaitForElementToBePresent_failed] @27-09-2021 01:52:19.0521 A
[ReportManager] Browser Action [CloseCurrentWindow] successfully performed. @27-09-2021 01:52:19.0699 AM
[ReportManager] Successfully created attachment [Browser Action Test Data - CloseCurrentWindow - Actual Value] @27-09-2021 01:52:19.0700 A
[ReportManager] File Action [GetAbsolutePath] successfully performed. With the following test data [Relative Folder Path: "target/downloadedFiles/"]. @27-09-2021 01:52:19.0706 AM
[ReportManager] Attempting to run locally on: [Mac-64], [Safari], Headless Execution. @27-09-2021 01:52:19.0706 AM
[ReportManager] Successfully Opened Safari. @27-09-2021 01:52:20.0523 AM
[ReportManager] Initial window size: (800, 600) @27-09-2021 01:52:20.0545 AM
[ReportManager] Window size after SWD Maximize: (1176, 811) @27-09-2021 01:52:20.0624 AM
[ReportManager] Browser Action [MaximizeWindow] successfully performed. With the following test data [New screen size is now: (1176, 811)]. @27-09-2021 01:52:20.0624 A

################################################################################################################################################
Starting Execution:	[5 out of 144] test cases in the current suite
Test Method:		[unitTests.tests_element_elementActions.waitForElementToBePresent_true_expectedToPass]
################################################################################################################################################
[ReportManager] Target URL: [https://www.google.com/ncr], and after redirection: [www.google.com] @27-09-2021 01:52:20.0771 AM
[ReportManager] Initial URL: [] @27-09-2021 01:52:20.0814 AM
[ReportManager] Browser Action [NavigateToURL] successfully performed. With the following test data [https://www.google.com/ncr]. @27-09-2021 01:52:22.0101 AM
[ReportManager] Waiting for element to be present; elementLocator [By.xpath: //*[@id='hplogo' or @alt='Google']], numberOfTries[1], stateOfPresence[true]... @27-09-2021 01:52:22.0102 AM
[ReportManager] Element Action [WaitForElementToBePresent] successfully performed. With the following test data [waited for the element's state of presence to be (true). Element locator (By.xpath: //*[@id='hplogo' or @alt='Google'])]. @27-09-2021 01:52:22.0126 AM
[ReportManager] File Action [DoesFileExist] successfully performed. With the following test data [File Path: "src/test/resources/DynamicObjectRepository/unitTests_tests_element_elementActions_waitForElementToBePresent_true_expectedToPass_By_xpath_id_hplogo_or_alt_Google.png"]. @27-09-2021 01:52:22.0140 AM
[ReportManager] File Action [DoesFileExist] successfully performed. With the following test data [File Path: "src/test/resources/DynamicObjectRepository/unitTests_tests_element_elementActions_waitForElementToBePresent_true_expectedToPass_By_xpath_id_hplogo_or_alt_Google.png"]. @27-09-2021 01:52:22.0204 AM
[ReportManager] Passing the test and saving a reference image @27-09-2021 01:52:22.0204 AM
[ReportManager] File Action [GetAbsolutePath] successfully performed. With the following test data [Relative File Path: "src/test/resources/DynamicObjectRepository/unitTests_tests_element_elementActions_waitForElementToBePresent_true_expectedToPass_By_xpath_id_hplogo_or_alt_Google.png"]. @27-09-2021 01:52:22.0205 AM
[ReportManager] File Action [WriteToFile] successfully performed. With the following test data [Target File Path: "/Users/runner/work/SHAFT_ENGINE/SHAFT_ENGINE/src/test/resources/DynamicObjectRepository/unitTests_tests_element_elementActions_waitForElementToBePresent_true_expectedToPass_By_xpath_id_hplogo_or_alt_Google.png"]. @27-09-2021 01:52:22.0206 AM
[ReportManager] Assertion Passed: Using Visual AI; OpenCV @27-09-2021 01:52:22.0208 AM
[ReportManager] Successfully created attachment [Validation Test Data - Actual Screenshot] @27-09-2021 01:52:22.0209 AM
[ReportManager] Assertion [ValidateElementMatches] PASSED. Expected [Element should match the reference screenshot] and Actual [TRUE]. Comparison Type [EXACT_OPENCV]. Validation Type [POSITIVE]. @27-09-2021 01:52:22.0210 A
[ReportManager] Browser Action [CloseCurrentWindow] successfully performed. @27-09-2021 01:52:22.0354 AM
[ReportManager] Successfully created attachment [Browser Action Test Data - CloseCurrentWindow - Actual Value] @27-09-2021 01:52:22.0354 A
[ReportManager] File Action [GetAbsolutePath] successfully performed. With the following test data [Relative Folder Path: "target/downloadedFiles/"]. @27-09-2021 01:52:22.0359 AM
[ReportManager] Attempting to run locally on: [Mac-64], [Safari], Headless Execution. @27-09-2021 01:52:22.0359 AM
[ReportManager] Successfully Opened Safari. @27-09-2021 01:52:23.0127 AM
[ReportManager] Initial window size: (800, 600) @27-09-2021 01:52:23.0138 AM
[ReportManager] Window size after SWD Maximize: (1176, 811) @27-09-2021 01:52:23.0165 AM
[ReportManager] Browser Action [MaximizeWindow] successfully performed. With the following test data [New screen size is now: (1176, 811)]. @27-09-2021 01:52:23.0165 AM
[ReportManager] Target URL: [https://duckduckgo.com] @27-09-2021 01:52:23.0165 AM
[ReportManager] Initial URL: [] @27-09-2021 01:52:23.0254 AM
[ReportManager] Browser Action [NavigateToURL] successfully performed. With the following test data [https://duckduckgo.com]. @27-09-2021 01:52:23.0938 A

################################################################################################################################################
Starting Execution:	[6 out of 144] test cases in the current suite
Test Method:		[unitTests.tests_browserActions.fullScreenWindow]
################################################################################################################################################
[ReportManager] Initial Windows Size: 1176x811 @27-09-2021 01:52:23.0946 AM
[ReportManager] Current Windows Size after fullScreen: 1176x885 @27-09-2021 01:52:24.0179 AM
[ReportManager] Browser Action [FullScreenWindow] successfully performed. @27-09-2021 01:52:24.0193 AM
[ReportManager] Successfully created attachment [Browser Action Test Data - FullScreenWindow - Actual Value] @27-09-2021 01:52:24.0203 A
[ReportManager] Target URL: [https://duckduckgo.com] @27-09-2021 01:52:24.0211 AM
[ReportManager] Initial URL: [https://duckduckgo.com] @27-09-2021 01:52:24.0281 AM
[ReportManager] Browser Action [NavigateToURL] successfully performed. With the following test data [https://duckduckgo.com]. @27-09-2021 01:52:24.0795 AM
[ReportManager] Browser Action [CloseCurrentWindow] successfully performed. @27-09-2021 01:52:24.0835 AM
[ReportManager] Successfully created attachment [Browser Action Test Data - CloseCurrentWindow - Actual Value] @27-09-2021 01:52:24.0837 A
[ReportManager] File Action [GetAbsolutePath] successfully performed. With the following test data [Relative Folder Path: "target/downloadedFiles/"]. @27-09-2021 01:52:24.0842 AM
[ReportManager] Attempting to run locally on: [Mac-64], [Safari], Headless Execution. @27-09-2021 01:52:24.0842 AM
[ReportManager] An Exception Occured with this Message: Could not create a session: The Safari instance terminated while trying to pair with it.. @27-09-2021 01:52:25.0257 AM
[ReportManager] Successfully created attachment [Exception Stack Trace - org.openqa.selenium.SessionNotCreatedException] @27-09-2021 01:52:25.0258 AM
[ReportManager] Driver Factory Action [createNewLocalDriverInstanceForSafari] failed. With the following test data [Failed to create a session onDESKTOP_SAFARI]. @27-09-2021 01:52:25.0259 A

################################################################################################################################################
Starting Execution:	[7 out of 144] test cases in the current suite
Test Method:		[unitTests.tests_browserActions.getCurrentURL]
###############################################################################################################################################



################################################################################################################################################
Starting Execution:	[8 out of 144] test cases in the current suite
Test Method:		[unitTests.tests_browserActions.getCurrentWindowTitle]
###############################################################################################################################################



################################################################################################################################################
Starting Execution:	[9 out of 144] test cases in the current suite
Test Method:		[unitTests.tests_browserActions.getPageSource]
###############################################################################################################################################



################################################################################################################################################
Starting Execution:	[10 out of 144] test cases in the current suite
Test Method:		[unitTests.tests_browserActions.getWindowHandle]
###############################################################################################################################################



################################################################################################################################################
Starting Execution:	[11 out of 144] test cases in the current suite
Test Method:		[unitTests.tests_browserActions.getWindowPosition]
###############################################################################################################################################



################################################################################################################################################
Starting Execution:	[12 out of 144] test cases in the current suite
Test Method:		[unitTests.tests_browserActions.getWindowSize]
###############################################################################################################################################



################################################################################################################################################
Starting Execution:	[13 out of 144] test cases in the current suite
Test Method:		[unitTests.tests_browserActions.maximizeWindow]
###############################################################################################################################################



################################################################################################################################################
Starting Execution:	[14 out of 144] test cases in the current suite
Test Method:		[unitTests.tests_browserActions.navigateBack]
###############################################################################################################################################



################################################################################################################################################
Starting Execution:	[15 out of 144] test cases in the current suite
Test Method:		[unitTests.tests_browserActions.navigateForward]
###############################################################################################################################################



################################################################################################################################################
Starting Execution:	[16 out of 144] test cases in the current suite
Test Method:		[unitTests.tests_browserActions.navigateToURL]
###############################################################################################################################################



################################################################################################################################################
Starting Execution:	[17 out of 144] test cases in the current suite
Test Method:		[unitTests.tests_browserActions.navigateToURLWithRedirection]
###############################################################################################################################################



################################################################################################################################################
Starting Execution:	[18 out of 144] test cases in the current suite
Test Method:		[unitTests.tests_browserActions.refreshCurrentPage]
###############################################################################################################################################



################################################################################################################################################
Starting Execution:	[19 out of 144] test cases in the current suite
Test Method:		[unitTests.tests_browserActions.setWindowSize]
###############################################################################################################################################

[ReportManager] Successfully loaded the following test data file [src/test/resources/TestDataFiles/testSuite01/TestData.xlsx]. @27-09-2021 01:52:26.0246 AM
[ReportManager] Successfully created attachment [Test Data - Excel] @27-09-2021 01:52:26.0247 A

################################################################################################################################################
Starting Execution:	[20 out of 144] test cases in the current suite
Test Method:		[unitTests.tests_io_excelFileManager.getCellData_rowName_expectedToPass]
################################################################################################################################################
[ReportManager] testRowData. @27-09-2021 01:52:26.0268 A

################################################################################################################################################
Starting Execution:	[21 out of 144] test cases in the current suite
Test Method:		[unitTests.tests_validations_assertions.assertComparativeRelation_greaterThanOrEquals_false_equals_expectedToFail]
################################################################################################################################################
[ReportManager] Assertion [ValidateComparativeRelation] FAILED. Expected [1] and Actual [1]. Comparison Type [GREATER_THAN_OR_EQUALS]. Validation Type [NEGATIVE]. @27-09-2021 01:52:26.0277 A

################################################################################################################################################
Starting Execution:	[22 out of 144] test cases in the current suite
Test Method:		[unitTests.tests_validations_assertions.assertComparativeRelation_greaterThanOrEquals_false_equals_expectedToPass]
################################################################################################################################################
[ReportManager] Assertion [ValidateComparativeRelation] PASSED. Expected [2] and Actual [1]. Comparison Type [GREATER_THAN_OR_EQUALS]. Validation Type [NEGATIVE]. @27-09-2021 01:52:26.0298 A

################################################################################################################################################
Starting Execution:	[23 out of 144] test cases in the current suite
Test Method:		[unitTests.tests_validations_assertions.assertComparativeRelation_greaterThanOrEquals_false_greaterThan_expectedToFail]
################################################################################################################################################
[ReportManager] Assertion [ValidateComparativeRelation] FAILED. Expected [1] and Actual [2]. Comparison Type [GREATER_THAN_OR_EQUALS]. Validation Type [NEGATIVE]. @27-09-2021 01:52:26.0303 A

################################################################################################################################################
Starting Execution:	[24 out of 144] test cases in the current suite
Test Method:		[unitTests.tests_validations_assertions.assertComparativeRelation_greaterThanOrEquals_false_greaterThan_expectedToPass]
################################################################################################################################################
[ReportManager] Assertion [ValidateComparativeRelation] PASSED. Expected [2] and Actual [1]. Comparison Type [GREATER_THAN_OR_EQUALS]. Validation Type [NEGATIVE]. @27-09-2021 01:52:26.0307 A

################################################################################################################################################
Starting Execution:	[25 out of 144] test cases in the current suite
Test Method:		[unitTests.tests_validations_assertions.assertComparativeRelation_greaterThanOrEquals_true_equals_expectedToFail]
################################################################################################################################################
[ReportManager] Assertion [ValidateComparativeRelation] FAILED. Expected [1] and Actual [0]. Comparison Type [GREATER_THAN_OR_EQUALS]. Validation Type [POSITIVE]. @27-09-2021 01:52:26.0311 A

################################################################################################################################################
Starting Execution:	[26 out of 144] test cases in the current suite
Test Method:		[unitTests.tests_validations_assertions.assertComparativeRelation_greaterThanOrEquals_true_equals_expectedToPass]
################################################################################################################################################
[ReportManager] Assertion [ValidateComparativeRelation] PASSED. Expected [1] and Actual [1]. Comparison Type [GREATER_THAN_OR_EQUALS]. Validation Type [POSITIVE]. @27-09-2021 01:52:26.0316 A

################################################################################################################################################
Starting Execution:	[27 out of 144] test cases in the current suite
Test Method:		[unitTests.tests_validations_assertions.assertComparativeRelation_greaterThanOrEquals_true_greaterThan_expectedToFail]
################################################################################################################################################
[ReportManager] Assertion [ValidateComparativeRelation] FAILED. Expected [2] and Actual [1]. Comparison Type [GREATER_THAN_OR_EQUALS]. Validation Type [POSITIVE]. @27-09-2021 01:52:26.0320 A

################################################################################################################################################
Starting Execution:	[28 out of 144] test cases in the current suite
Test Method:		[unitTests.tests_validations_assertions.assertComparativeRelation_greaterThanOrEquals_true_greaterThan_expectedToPass]
################################################################################################################################################
[ReportManager] Assertion [ValidateComparativeRelation] PASSED. Expected [1] and Actual [2]. Comparison Type [GREATER_THAN_OR_EQUALS]. Validation Type [POSITIVE]. @27-09-2021 01:52:26.0324 A
[ReportManager] File Action [GetAbsolutePath] successfully performed. With the following test data [Relative Folder Path: "target/downloadedFiles/"]. @27-09-2021 01:52:26.0327 AM
[ReportManager] Attempting to run locally on: [Mac-64], [Safari], Headless Execution. @27-09-2021 01:52:26.0327 AM
[ReportManager] Successfully Opened Safari. @27-09-2021 01:52:27.0075 AM
[ReportManager] Initial window size: (800, 600) @27-09-2021 01:52:27.0103 AM
[ReportManager] Window size after SWD Maximize: (1176, 811) @27-09-2021 01:52:27.0132 AM
[ReportManager] Browser Action [MaximizeWindow] successfully performed. With the following test data [New screen size is now: (1176, 811)]. @27-09-2021 01:52:27.0133 AM
[ReportManager] Target URL: [https://www.google.com/ncr], and after redirection: [www.google.com] @27-09-2021 01:52:27.0133 AM
[ReportManager] Initial URL: [] @27-09-2021 01:52:27.0214 AM
[ReportManager] Browser Action [NavigateToURL] successfully performed. With the following test data [https://www.google.com/ncr]. @27-09-2021 01:52:28.0437 A

################################################################################################################################################
Starting Execution:	[29 out of 144] test cases in the current suite
Test Method:		[unitTests.tests_validations_assertions.assertElementAttribute_false_caseInsensitiveComparison_expectedToFail]
################################################################################################################################################
[ReportManager] Element Action [Type] successfully performed. With the following test data [AUTOMATION]. @27-09-2021 01:52:28.0872 AM
[ReportManager] Element Action [GetText] successfully performed. With the following test data [AUTOMATION]. @27-09-2021 01:52:28.0927 AM
[ReportManager] Loaded Shared OpenCV @27-09-2021 01:52:29.0982 AM
[ReportManager] Assertion [ValidateElementAttribute] FAILED. Expected [Value Should not be 'AutomaTion' for the 'text' attribute, element locator 'By.name: q'] and Actual [AUTOMATION]. Comparison Type [CASE_INSENSITIVE]. Validation Type [NEGATIVE]. @27-09-2021 01:52:30.0371 AM
[ReportManager] Successfully created attachment [Screenshot - 1632707548999_assertElementAttribute_false_caseInsensitiveComparison_expectedToFail_ValidateElementAttribute_failed] @27-09-2021 01:52:30.0376 A
[ReportManager] Browser Action [CloseCurrentWindow] successfully performed. @27-09-2021 01:52:30.0428 AM
[ReportManager] Successfully created attachment [Browser Action Test Data - CloseCurrentWindow - Actual Value] @27-09-2021 01:52:30.0440 A
[ReportManager] File Action [GetAbsolutePath] successfully performed. With the following test data [Relative Folder Path: "target/downloadedFiles/"]. @27-09-2021 01:52:30.0456 AM
[ReportManager] Attempting to run locally on: [Mac-64], [Safari], Headless Execution. @27-09-2021 01:52:30.0457 AM
[ReportManager] Successfully Opened Safari. @27-09-2021 01:52:31.0342 AM
[ReportManager] Initial window size: (800, 600) @27-09-2021 01:52:31.0361 AM
[ReportManager] Window size after SWD Maximize: (1176, 811) @27-09-2021 01:52:31.0380 AM
[ReportManager] Browser Action [MaximizeWindow] successfully performed. With the following test data [New screen size is now: (1176, 811)]. @27-09-2021 01:52:31.0384 AM
[ReportManager] Target URL: [https://www.google.com/ncr], and after redirection: [www.google.com] @27-09-2021 01:52:31.0384 AM
[ReportManager] Initial URL: [] @27-09-2021 01:52:31.0468 AM
[ReportManager] Browser Action [NavigateToURL] successfully performed. With the following test data [https://www.google.com/ncr]. @27-09-2021 01:52:32.0723 A

################################################################################################################################################
Starting Execution:	[30 out of 144] test cases in the current suite
Test Method:		[unitTests.tests_validations_assertions.assertElementAttribute_false_caseInsensitiveComparison_expectedToPass]
################################################################################################################################################
[ReportManager] Element Action [Type] successfully performed. With the following test data [AUTOMATION]. @27-09-2021 01:52:33.0217 AM
[ReportManager] Element Action [GetText] successfully performed. With the following test data [AUTOMATION]. @27-09-2021 01:52:33.0286 AM
[ReportManager] Loaded Shared OpenCV @27-09-2021 01:52:33.0348 AM
[ReportManager] Assertion [ValidateElementAttribute] PASSED. Expected [Value Should not be 'AutomaTion123' for the 'text' attribute, element locator 'By.name: q'] and Actual [AUTOMATION]. Comparison Type [CASE_INSENSITIVE]. Validation Type [NEGATIVE]. @27-09-2021 01:52:33.0453 AM
[ReportManager] Successfully created attachment [Screenshot - 1632707553348_assertElementAttribute_false_caseInsensitiveComparison_expectedToPass_ValidateElementAttribute_passed] @27-09-2021 01:52:33.0456 A
[ReportManager] Browser Action [CloseCurrentWindow] successfully performed. @27-09-2021 01:52:33.0525 AM
[ReportManager] Successfully created attachment [Browser Action Test Data - CloseCurrentWindow - Actual Value] @27-09-2021 01:52:33.0527 A
[ReportManager] File Action [GetAbsolutePath] successfully performed. With the following test data [Relative Folder Path: "target/downloadedFiles/"]. @27-09-2021 01:52:33.0536 AM
[ReportManager] Attempting to run locally on: [Mac-64], [Safari], Headless Execution. @27-09-2021 01:52:33.0536 AM
[ReportManager] Successfully Opened Safari. @27-09-2021 01:52:34.0371 AM
[ReportManager] Initial window size: (800, 600) @27-09-2021 01:52:34.0399 AM
[ReportManager] Window size after SWD Maximize: (1176, 811) @27-09-2021 01:52:34.0411 AM
[ReportManager] Browser Action [MaximizeWindow] successfully performed. With the following test data [New screen size is now: (1176, 811)]. @27-09-2021 01:52:34.0412 AM
[ReportManager] Target URL: [https://www.google.com/ncr], and after redirection: [www.google.com] @27-09-2021 01:52:34.0412 AM
[ReportManager] Initial URL: [] @27-09-2021 01:52:34.0478 AM
[ReportManager] Browser Action [NavigateToURL] successfully performed. With the following test data [https://www.google.com/ncr]. @27-09-2021 01:52:35.0288 A

################################################################################################################################################
Starting Execution:	[31 out of 144] test cases in the current suite
Test Method:		[unitTests.tests_validations_assertions.assertElementAttribute_false_containsComparison_expectedToFail]
################################################################################################################################################
[ReportManager] Element Action [Type] successfully performed. With the following test data [Automation123]. @27-09-2021 01:52:35.0725 AM
[ReportManager] Element Action [GetText] successfully performed. With the following test data [Automation123]. @27-09-2021 01:52:35.0776 AM
[ReportManager] Loaded Shared OpenCV @27-09-2021 01:52:35.0834 AM
[ReportManager] Assertion [ValidateElementAttribute] FAILED. Expected [Value Should not be 'Automation' for the 'text' attribute, element locator 'By.name: q'] and Actual [Automation123]. Comparison Type [CONTAINS]. Validation Type [NEGATIVE]. @27-09-2021 01:52:35.0940 AM
[ReportManager] Successfully created attachment [Screenshot - 1632707555834_assertElementAttribute_false_containsComparison_expectedToFail_ValidateElementAttribute_failed] @27-09-2021 01:52:35.0942 A
[ReportManager] Browser Action [CloseCurrentWindow] successfully performed. @27-09-2021 01:52:36.0037 AM
[ReportManager] Successfully created attachment [Browser Action Test Data - CloseCurrentWindow - Actual Value] @27-09-2021 01:52:36.0039 A
[ReportManager] File Action [GetAbsolutePath] successfully performed. With the following test data [Relative Folder Path: "target/downloadedFiles/"]. @27-09-2021 01:52:36.0044 AM
[ReportManager] Attempting to run locally on: [Mac-64], [Safari], Headless Execution. @27-09-2021 01:52:36.0045 AM
[ReportManager] Successfully Opened Safari. @27-09-2021 01:52:36.0828 AM
[ReportManager] Initial window size: (800, 600) @27-09-2021 01:52:36.0878 AM
[ReportManager] Window size after SWD Maximize: (1176, 811) @27-09-2021 01:52:36.0935 AM
[ReportManager] Browser Action [MaximizeWindow] successfully performed. With the following test data [New screen size is now: (1176, 811)]. @27-09-2021 01:52:36.0935 AM
[ReportManager] Target URL: [https://www.google.com/ncr], and after redirection: [www.google.com] @27-09-2021 01:52:36.0935 AM
[ReportManager] Initial URL: [] @27-09-2021 01:52:36.0970 AM
[ReportManager] Browser Action [NavigateToURL] successfully performed. With the following test data [https://www.google.com/ncr]. @27-09-2021 01:52:38.0196 A

################################################################################################################################################
Starting Execution:	[32 out of 144] test cases in the current suite
Test Method:		[unitTests.tests_validations_assertions.assertElementAttribute_false_containsComparison_expectedToPass]
################################################################################################################################################
[ReportManager] Element Action [Type] successfully performed. With the following test data [Automation123]. @27-09-2021 01:52:38.0714 AM
[ReportManager] Element Action [GetText] successfully performed. With the following test data [Automation123]. @27-09-2021 01:52:38.0764 AM
[ReportManager] Loaded Shared OpenCV @27-09-2021 01:52:38.0820 AM
[ReportManager] Assertion [ValidateElementAttribute] PASSED. Expected [Value Should not be 'Automation1234' for the 'text' attribute, element locator 'By.name: q'] and Actual [Automation123]. Comparison Type [CONTAINS]. Validation Type [NEGATIVE]. @27-09-2021 01:52:38.0921 AM
[ReportManager] Successfully created attachment [Screenshot - 1632707558820_assertElementAttribute_false_containsComparison_expectedToPass_ValidateElementAttribute_passed] @27-09-2021 01:52:38.0926 A
[ReportManager] Browser Action [CloseCurrentWindow] successfully performed. @27-09-2021 01:52:39.0059 AM
[ReportManager] Successfully created attachment [Browser Action Test Data - CloseCurrentWindow - Actual Value] @27-09-2021 01:52:39.0060 A
[ReportManager] File Action [GetAbsolutePath] successfully performed. With the following test data [Relative Folder Path: "target/downloadedFiles/"]. @27-09-2021 01:52:39.0063 AM
[ReportManager] Attempting to run locally on: [Mac-64], [Safari], Headless Execution. @27-09-2021 01:52:39.0063 AM
[ReportManager] Successfully Opened Safari. @27-09-2021 01:52:39.0864 AM
[ReportManager] Initial window size: (800, 600) @27-09-2021 01:52:39.0873 AM
[ReportManager] Window size after SWD Maximize: (1176, 811) @27-09-2021 01:52:39.0899 AM
[ReportManager] Browser Action [MaximizeWindow] successfully performed. With the following test data [New screen size is now: (1176, 811)]. @27-09-2021 01:52:39.0899 AM
[ReportManager] Target URL: [https://www.google.com/ncr], and after redirection: [www.google.com] @27-09-2021 01:52:39.0899 AM
[ReportManager] Initial URL: [] @27-09-2021 01:52:39.0970 AM
[ReportManager] Browser Action [NavigateToURL] successfully performed. With the following test data [https://www.google.com/ncr]. @27-09-2021 01:52:41.0043 A

################################################################################################################################################
Starting Execution:	[33 out of 144] test cases in the current suite
Test Method:		[unitTests.tests_validations_assertions.assertElementAttribute_false_literalComparison_expectedToFail]
################################################################################################################################################
[ReportManager] Element Action [Type] successfully performed. With the following test data [Automation!@#$%^&*()_+{}[]\';/.,]. @27-09-2021 01:52:42.0118 AM
[ReportManager] Element Action [GetText] successfully performed. With the following test data [Automation!@#$%^&*()_+{}[]\';/.,]. @27-09-2021 01:52:42.0171 AM
[ReportManager] Loaded Shared OpenCV @27-09-2021 01:52:42.0236 AM
[ReportManager] Assertion [ValidateElementAttribute] PASSED. Expected [Value Should not be 'Automation!@#$%^&*()_+{}[]\\';/.,' for the 'text' attribute, element locator 'By.name: q'] and Actual [Automation!@#$%^&*()_+{}[]\';/.,]. Comparison Type [EQUALS]. Validation Type [NEGATIVE]. @27-09-2021 01:52:42.0340 AM
[ReportManager] Successfully created attachment [Screenshot - 1632707562236_assertElementAttribute_false_literalComparison_expectedToFail_ValidateElementAttribute_passed] @27-09-2021 01:52:42.0341 A
[ReportManager] Browser Action [CloseCurrentWindow] successfully performed. @27-09-2021 01:52:42.0461 AM
[ReportManager] Successfully created attachment [Browser Action Test Data - CloseCurrentWindow - Actual Value] @27-09-2021 01:52:42.0463 A
[ReportManager] File Action [GetAbsolutePath] successfully performed. With the following test data [Relative Folder Path: "target/downloadedFiles/"]. @27-09-2021 01:52:42.0466 AM
[ReportManager] Attempting to run locally on: [Mac-64], [Safari], Headless Execution. @27-09-2021 01:52:42.0467 AM
[ReportManager] Successfully Opened Safari. @27-09-2021 01:52:43.0269 AM
[ReportManager] Initial window size: (800, 600) @27-09-2021 01:52:43.0280 AM
[ReportManager] Window size after SWD Maximize: (1176, 811) @27-09-2021 01:52:43.0312 AM
[ReportManager] Browser Action [MaximizeWindow] successfully performed. With the following test data [New screen size is now: (1176, 811)]. @27-09-2021 01:52:43.0336 AM
[ReportManager] Target URL: [https://www.google.com/ncr], and after redirection: [www.google.com] @27-09-2021 01:52:43.0337 AM
[ReportManager] Initial URL: [] @27-09-2021 01:52:43.0385 AM
[ReportManager] Browser Action [NavigateToURL] successfully performed. With the following test data [https://www.google.com/ncr]. @27-09-2021 01:52:44.0662 A

################################################################################################################################################
Starting Execution:	[34 out of 144] test cases in the current suite
Test Method:		[unitTests.tests_validations_assertions.assertElementAttribute_false_literalComparison_expectedToPass]
################################################################################################################################################
[ReportManager] Element Action [Type] successfully performed. With the following test data [Automation!@#$%^&*()_+{}[]\';/.,]. @27-09-2021 01:52:45.0732 AM
[ReportManager] Element Action [GetText] successfully performed. With the following test data [Automation!@#$%^&*()_+{}[]\';/.,]. @27-09-2021 01:52:45.0796 AM
[ReportManager] Loaded Shared OpenCV @27-09-2021 01:52:45.0857 AM
[ReportManager] Assertion [ValidateElementAttribute] PASSED. Expected [Value Should not be 'Automation' for the 'text' attribute, element locator 'By.name: q'] and Actual [Automation!@#$%^&*()_+{}[]\';/.,]. Comparison Type [EQUALS]. Validation Type [NEGATIVE]. @27-09-2021 01:52:45.0969 AM
[ReportManager] Successfully created attachment [Screenshot - 1632707565857_assertElementAttribute_false_literalComparison_expectedToPass_ValidateElementAttribute_passed] @27-09-2021 01:52:45.0971 A
[ReportManager] Browser Action [CloseCurrentWindow] successfully performed. @27-09-2021 01:52:46.0098 AM
[ReportManager] Successfully created attachment [Browser Action Test Data - CloseCurrentWindow - Actual Value] @27-09-2021 01:52:46.0099 A
[ReportManager] File Action [GetAbsolutePath] successfully performed. With the following test data [Relative Folder Path: "target/downloadedFiles/"]. @27-09-2021 01:52:46.0102 AM
[ReportManager] Attempting to run locally on: [Mac-64], [Safari], Headless Execution. @27-09-2021 01:52:46.0103 AM
[ReportManager] Successfully Opened Safari. @27-09-2021 01:52:46.0931 AM
[ReportManager] Initial window size: (800, 600) @27-09-2021 01:52:46.0940 AM
[ReportManager] Window size after SWD Maximize: (1176, 811) @27-09-2021 01:52:46.0963 AM
[ReportManager] Browser Action [MaximizeWindow] successfully performed. With the following test data [New screen size is now: (1176, 811)]. @27-09-2021 01:52:46.0964 AM
[ReportManager] Target URL: [https://www.google.com/ncr], and after redirection: [www.google.com] @27-09-2021 01:52:46.0964 AM
[ReportManager] Initial URL: [] @27-09-2021 01:52:47.0011 AM
[ReportManager] Browser Action [NavigateToURL] successfully performed. With the following test data [https://www.google.com/ncr]. @27-09-2021 01:52:47.0805 A

################################################################################################################################################
Starting Execution:	[35 out of 144] test cases in the current suite
Test Method:		[unitTests.tests_validations_assertions.assertElementAttribute_false_regexComparison_expectedToFail]
################################################################################################################################################
[ReportManager] Element Action [Type] successfully performed. With the following test data [Automation123]. @27-09-2021 01:52:48.0177 AM
[ReportManager] Element Action [GetText] successfully performed. With the following test data [Automation123]. @27-09-2021 01:52:48.0232 AM
[ReportManager] Loaded Shared OpenCV @27-09-2021 01:52:48.0291 AM
[ReportManager] Assertion [ValidateElementAttribute] FAILED. Expected [Value Should not be 'Automation.*' for the 'text' attribute, element locator 'By.name: q'] and Actual [Automation123]. Comparison Type [MATCHES]. Validation Type [NEGATIVE]. @27-09-2021 01:52:48.0400 AM
[ReportManager] Successfully created attachment [Screenshot - 1632707568291_assertElementAttribute_false_regexComparison_expectedToFail_ValidateElementAttribute_failed] @27-09-2021 01:52:48.0402 A
[ReportManager] Browser Action [CloseCurrentWindow] successfully performed. @27-09-2021 01:52:48.0538 AM
[ReportManager] Successfully created attachment [Browser Action Test Data - CloseCurrentWindow - Actual Value] @27-09-2021 01:52:48.0539 A
[ReportManager] File Action [GetAbsolutePath] successfully performed. With the following test data [Relative Folder Path: "target/downloadedFiles/"]. @27-09-2021 01:52:48.0542 AM
[ReportManager] Attempting to run locally on: [Mac-64], [Safari], Headless Execution. @27-09-2021 01:52:48.0543 AM
[ReportManager] Successfully Opened Safari. @27-09-2021 01:52:49.0345 AM
[ReportManager] Initial window size: (800, 600) @27-09-2021 01:52:49.0357 AM
[ReportManager] Window size after SWD Maximize: (1176, 811) @27-09-2021 01:52:49.0377 AM
[ReportManager] Browser Action [MaximizeWindow] successfully performed. With the following test data [New screen size is now: (1176, 811)]. @27-09-2021 01:52:49.0378 AM
[ReportManager] Target URL: [https://www.google.com/ncr], and after redirection: [www.google.com] @27-09-2021 01:52:49.0378 AM
[ReportManager] Initial URL: [] @27-09-2021 01:52:49.0442 AM
[ReportManager] Browser Action [NavigateToURL] successfully performed. With the following test data [https://www.google.com/ncr]. @27-09-2021 01:52:51.0005 A

################################################################################################################################################
Starting Execution:	[36 out of 144] test cases in the current suite
Test Method:		[unitTests.tests_validations_assertions.assertElementAttribute_false_regexComparison_expectedToPass]
################################################################################################################################################
[ReportManager] Element Action [Type] successfully performed. With the following test data [Automation123]. @27-09-2021 01:52:51.0516 AM
[ReportManager] Element Action [GetText] successfully performed. With the following test data [Automation123]. @27-09-2021 01:52:51.0575 AM
[ReportManager] Loaded Shared OpenCV @27-09-2021 01:52:51.0641 AM
[ReportManager] Assertion [ValidateElementAttribute] PASSED. Expected [Value Should not be 'Automation' for the 'text' attribute, element locator 'By.name: q'] and Actual [Automation123]. Comparison Type [MATCHES]. Validation Type [NEGATIVE]. @27-09-2021 01:52:51.0919 AM
[ReportManager] Successfully created attachment [Screenshot - 1632707571640_assertElementAttribute_false_regexComparison_expectedToPass_ValidateElementAttribute_passed] @27-09-2021 01:52:52.0001 A
[ReportManager] Browser Action [CloseCurrentWindow] successfully performed. @27-09-2021 01:52:52.0259 AM
[ReportManager] Successfully created attachment [Browser Action Test Data - CloseCurrentWindow - Actual Value] @27-09-2021 01:52:52.0302 A
[ReportManager] File Action [GetAbsolutePath] successfully performed. With the following test data [Relative Folder Path: "target/downloadedFiles/"]. @27-09-2021 01:52:52.0430 AM
[ReportManager] Attempting to run locally on: [Mac-64], [Safari], Headless Execution. @27-09-2021 01:52:52.0431 AM
[ReportManager] Successfully Opened Safari. @27-09-2021 01:52:56.0143 AM
[ReportManager] Initial window size: (800, 600) @27-09-2021 01:52:56.0198 AM
[ReportManager] Window size after SWD Maximize: (1176, 811) @27-09-2021 01:52:56.0228 AM
[ReportManager] Browser Action [MaximizeWindow] successfully performed. With the following test data [New screen size is now: (1176, 811)]. @27-09-2021 01:52:56.0228 AM
[ReportManager] Target URL: [https://www.google.com/ncr], and after redirection: [www.google.com] @27-09-2021 01:52:56.0229 AM
[ReportManager] Initial URL: [] @27-09-2021 01:52:56.0292 AM
[ReportManager] Browser Action [NavigateToURL] successfully performed. With the following test data [https://www.google.com/ncr]. @27-09-2021 01:52:57.0342 A

################################################################################################################################################
Starting Execution:	[37 out of 144] test cases in the current suite
Test Method:		[unitTests.tests_validations_assertions.assertElementAttribute_true_caseInsensitiveComparison_expectedToFail]
################################################################################################################################################
[ReportManager] Element Action [Type] successfully performed. With the following test data [AUTOMATION]. @27-09-2021 01:52:57.0829 AM
[ReportManager] Element Action [GetText] successfully performed. With the following test data [AUTOMATION]. @27-09-2021 01:52:57.0917 AM
[ReportManager] Loaded Shared OpenCV @27-09-2021 01:52:58.0005 AM
[ReportManager] Assertion [ValidateElementAttribute] FAILED. Expected [Value Should be 'AutomaTion123' for the 'text' attribute, element locator 'By.name: q'] and Actual [AUTOMATION]. Comparison Type [CASE_INSENSITIVE]. Validation Type [POSITIVE]. @27-09-2021 01:52:58.0290 AM
[ReportManager] Successfully created attachment [Screenshot - 1632707578004_assertElementAttribute_true_caseInsensitiveComparison_expectedToFail_ValidateElementAttribute_failed] @27-09-2021 01:52:58.0375 A
[ReportManager] Browser Action [CloseCurrentWindow] successfully performed. @27-09-2021 01:52:58.0635 AM
[ReportManager] Successfully created attachment [Browser Action Test Data - CloseCurrentWindow - Actual Value] @27-09-2021 01:52:58.0676 A
[ReportManager] File Action [GetAbsolutePath] successfully performed. With the following test data [Relative Folder Path: "target/downloadedFiles/"]. @27-09-2021 01:52:58.0802 AM
[ReportManager] Attempting to run locally on: [Mac-64], [Safari], Headless Execution. @27-09-2021 01:52:58.0803 AM
[ReportManager] Successfully Opened Safari. @27-09-2021 01:52:59.0829 AM
[ReportManager] Initial window size: (800, 600) @27-09-2021 01:52:59.0854 AM
[ReportManager] Window size after SWD Maximize: (1176, 811) @27-09-2021 01:52:59.0884 AM
[ReportManager] Browser Action [MaximizeWindow] successfully performed. With the following test data [New screen size is now: (1176, 811)]. @27-09-2021 01:52:59.0884 AM
[ReportManager] Target URL: [https://www.google.com/ncr], and after redirection: [www.google.com] @27-09-2021 01:52:59.0884 AM
[ReportManager] Initial URL: [] @27-09-2021 01:52:59.0929 AM
[ReportManager] Browser Action [NavigateToURL] successfully performed. With the following test data [https://www.google.com/ncr]. @27-09-2021 01:53:01.0352 A

################################################################################################################################################
Starting Execution:	[38 out of 144] test cases in the current suite
Test Method:		[unitTests.tests_validations_assertions.assertElementAttribute_true_caseInsensitiveComparison_expectedToPass]
################################################################################################################################################
[ReportManager] Element Action [Type] successfully performed. With the following test data [AUTOMATION]. @27-09-2021 01:53:01.0927 AM
[ReportManager] Element Action [GetText] successfully performed. With the following test data [AUTOMATION]. @27-09-2021 01:53:01.0982 AM
[ReportManager] Loaded Shared OpenCV @27-09-2021 01:53:02.0055 AM
[ReportManager] Assertion [ValidateElementAttribute] PASSED. Expected [Value Should be 'AutomaTion' for the 'text' attribute, element locator 'By.name: q'] and Actual [AUTOMATION]. Comparison Type [CASE_INSENSITIVE]. Validation Type [POSITIVE]. @27-09-2021 01:53:02.0322 AM
[ReportManager] Successfully created attachment [Screenshot - 1632707582055_assertElementAttribute_true_caseInsensitiveComparison_expectedToPass_ValidateElementAttribute_passed] @27-09-2021 01:53:02.0406 A
[ReportManager] Browser Action [CloseCurrentWindow] successfully performed. @27-09-2021 01:53:02.0703 AM
[ReportManager] Successfully created attachment [Browser Action Test Data - CloseCurrentWindow - Actual Value] @27-09-2021 01:53:02.0745 A
[ReportManager] File Action [GetAbsolutePath] successfully performed. With the following test data [Relative Folder Path: "target/downloadedFiles/"]. @27-09-2021 01:53:02.0870 AM
[ReportManager] Attempting to run locally on: [Mac-64], [Safari], Headless Execution. @27-09-2021 01:53:02.0870 AM
[ReportManager] Successfully Opened Safari. @27-09-2021 01:53:03.0707 AM
[ReportManager] Initial window size: (800, 600) @27-09-2021 01:53:03.0736 AM
[ReportManager] Window size after SWD Maximize: (1176, 811) @27-09-2021 01:53:03.0758 AM
[ReportManager] Browser Action [MaximizeWindow] successfully performed. With the following test data [New screen size is now: (1176, 811)]. @27-09-2021 01:53:03.0759 AM
[ReportManager] Target URL: [https://www.google.com/ncr], and after redirection: [www.google.com] @27-09-2021 01:53:03.0759 AM
[ReportManager] Initial URL: [] @27-09-2021 01:53:03.0823 AM
[ReportManager] Browser Action [NavigateToURL] successfully performed. With the following test data [https://www.google.com/ncr]. @27-09-2021 01:53:04.0679 A

################################################################################################################################################
Starting Execution:	[39 out of 144] test cases in the current suite
Test Method:		[unitTests.tests_validations_assertions.assertElementAttribute_true_containsComparison_expectedToFail]
################################################################################################################################################
[ReportManager] Element Action [Type] successfully performed. With the following test data [Automation123]. @27-09-2021 01:53:05.0278 AM
[ReportManager] Element Action [GetText] successfully performed. With the following test data [Automation123]. @27-09-2021 01:53:05.0333 AM
[ReportManager] Loaded Shared OpenCV @27-09-2021 01:53:05.0398 AM
[ReportManager] Assertion [ValidateElementAttribute] FAILED. Expected [Value Should be 'Automation1234' for the 'text' attribute, element locator 'By.name: q'] and Actual [Automation123]. Comparison Type [CONTAINS]. Validation Type [POSITIVE]. @27-09-2021 01:53:05.0663 AM
[ReportManager] Successfully created attachment [Screenshot - 1632707585398_assertElementAttribute_true_containsComparison_expectedToFail_ValidateElementAttribute_failed] @27-09-2021 01:53:05.0746 A
[ReportManager] Browser Action [CloseCurrentWindow] successfully performed. @27-09-2021 01:53:06.0041 AM
[ReportManager] Successfully created attachment [Browser Action Test Data - CloseCurrentWindow - Actual Value] @27-09-2021 01:53:06.0083 A
[ReportManager] File Action [GetAbsolutePath] successfully performed. With the following test data [Relative Folder Path: "target/downloadedFiles/"]. @27-09-2021 01:53:06.0208 AM
[ReportManager] Attempting to run locally on: [Mac-64], [Safari], Headless Execution. @27-09-2021 01:53:06.0208 AM
[ReportManager] Successfully Opened Safari. @27-09-2021 01:53:07.0015 AM
[ReportManager] Initial window size: (800, 600) @27-09-2021 01:53:07.0030 AM
[ReportManager] Window size after SWD Maximize: (1176, 811) @27-09-2021 01:53:07.0051 AM
[ReportManager] Browser Action [MaximizeWindow] successfully performed. With the following test data [New screen size is now: (1176, 811)]. @27-09-2021 01:53:07.0052 AM
[ReportManager] Target URL: [https://www.google.com/ncr], and after redirection: [www.google.com] @27-09-2021 01:53:07.0052 AM
[ReportManager] Initial URL: [] @27-09-2021 01:53:07.0119 AM
[ReportManager] Browser Action [NavigateToURL] successfully performed. With the following test data [https://www.google.com/ncr]. @27-09-2021 01:53:08.0478 A

################################################################################################################################################
Starting Execution:	[40 out of 144] test cases in the current suite
Test Method:		[unitTests.tests_validations_assertions.assertElementAttribute_true_containsComparison_expectedToPass]
################################################################################################################################################
[ReportManager] Element Action [Type] successfully performed. With the following test data [Automation123]. @27-09-2021 01:53:09.0241 AM
[ReportManager] Element Action [GetText] successfully performed. With the following test data [Automation123]. @27-09-2021 01:53:09.0305 AM
[ReportManager] Loaded Shared OpenCV @27-09-2021 01:53:09.0366 AM
[ReportManager] Assertion [ValidateElementAttribute] PASSED. Expected [Value Should be 'Automation' for the 'text' attribute, element locator 'By.name: q'] and Actual [Automation123]. Comparison Type [CONTAINS]. Validation Type [POSITIVE]. @27-09-2021 01:53:09.0622 AM
[ReportManager] Successfully created attachment [Screenshot - 1632707589366_assertElementAttribute_true_containsComparison_expectedToPass_ValidateElementAttribute_passed] @27-09-2021 01:53:09.0704 A
[ReportManager] Browser Action [CloseCurrentWindow] successfully performed. @27-09-2021 01:53:09.0932 AM
[ReportManager] Successfully created attachment [Browser Action Test Data - CloseCurrentWindow - Actual Value] @27-09-2021 01:53:09.0974 A
[ReportManager] File Action [GetAbsolutePath] successfully performed. With the following test data [Relative Folder Path: "target/downloadedFiles/"]. @27-09-2021 01:53:10.0099 AM
[ReportManager] Attempting to run locally on: [Mac-64], [Safari], Headless Execution. @27-09-2021 01:53:10.0099 AM
[ReportManager] Successfully Opened Safari. @27-09-2021 01:53:10.0964 AM
[ReportManager] Initial window size: (800, 600) @27-09-2021 01:53:10.0992 AM
[ReportManager] Window size after SWD Maximize: (1176, 811) @27-09-2021 01:53:11.0015 AM
[ReportManager] Browser Action [MaximizeWindow] successfully performed. With the following test data [New screen size is now: (1176, 811)]. @27-09-2021 01:53:11.0016 AM
[ReportManager] Target URL: [https://www.google.com/ncr], and after redirection: [www.google.com] @27-09-2021 01:53:11.0016 AM
[ReportManager] Initial URL: [] @27-09-2021 01:53:11.0084 AM
[ReportManager] Browser Action [NavigateToURL] successfully performed. With the following test data [https://www.google.com/ncr]. @27-09-2021 01:53:11.0933 A

################################################################################################################################################
Starting Execution:	[41 out of 144] test cases in the current suite
Test Method:		[unitTests.tests_validations_assertions.assertElementAttribute_true_literalComparison_expectedToFail]
################################################################################################################################################
[ReportManager] Element Action [Type] successfully performed. With the following test data [Automation!@#$%^&*()_+{}[]\';/.,]. @27-09-2021 01:53:13.0165 AM
[ReportManager] Element Action [GetText] successfully performed. With the following test data [Automation!@#$%^&*()_+{}[]\';/.,]. @27-09-2021 01:53:13.0219 AM
[ReportManager] Loaded Shared OpenCV @27-09-2021 01:53:13.0279 AM
[ReportManager] Assertion [ValidateElementAttribute] FAILED. Expected [Value Should be 'Automation' for the 'text' attribute, element locator 'By.name: q'] and Actual [Automation!@#$%^&*()_+{}[]\';/.,]. Comparison Type [EQUALS]. Validation Type [POSITIVE]. @27-09-2021 01:53:13.0451 AM
[ReportManager] Successfully created attachment [Screenshot - 1632707593279_assertElementAttribute_true_literalComparison_expectedToFail_ValidateElementAttribute_failed] @27-09-2021 01:53:13.0453 A
[ReportManager] Browser Action [CloseCurrentWindow] successfully performed. @27-09-2021 01:53:13.0660 AM
[ReportManager] Successfully created attachment [Browser Action Test Data - CloseCurrentWindow - Actual Value] @27-09-2021 01:53:13.0660 A
[ReportManager] File Action [GetAbsolutePath] successfully performed. With the following test data [Relative Folder Path: "target/downloadedFiles/"]. @27-09-2021 01:53:13.0664 AM
[ReportManager] Attempting to run locally on: [Mac-64], [Safari], Headless Execution. @27-09-2021 01:53:13.0664 AM
[ReportManager] Successfully Opened Safari. @27-09-2021 01:53:14.0518 AM
[ReportManager] Initial window size: (800, 600) @27-09-2021 01:53:14.0531 AM
[ReportManager] Window size after SWD Maximize: (1176, 811) @27-09-2021 01:53:14.0565 AM
[ReportManager] Browser Action [MaximizeWindow] successfully performed. With the following test data [New screen size is now: (1176, 811)]. @27-09-2021 01:53:14.0566 AM
[ReportManager] Target URL: [https://www.google.com/ncr], and after redirection: [www.google.com] @27-09-2021 01:53:14.0566 AM
[ReportManager] Initial URL: [] @27-09-2021 01:53:14.0632 AM
[ReportManager] Browser Action [NavigateToURL] successfully performed. With the following test data [https://www.google.com/ncr]. @27-09-2021 01:53:16.0022 A

################################################################################################################################################
Starting Execution:	[42 out of 144] test cases in the current suite
Test Method:		[unitTests.tests_validations_assertions.assertElementAttribute_true_literalComparison_expectedToPass]
################################################################################################################################################
[ReportManager] Element Action [Type] successfully performed. With the following test data [Automation!@#$%^&*()_+{}[]\';/.,]. @27-09-2021 01:53:17.0277 AM
[ReportManager] Element Action [GetText] successfully performed. With the following test data [Automation!@#$%^&*()_+{}[]\';/.,]. @27-09-2021 01:53:17.0340 AM
[ReportManager] Loaded Shared OpenCV @27-09-2021 01:53:17.0403 AM
[ReportManager] Assertion [ValidateElementAttribute] PASSED. Expected [Value Should be 'Automation!@#$%^&*()_+{}[]\';/.,' for the 'text' attribute, element locator 'By.name: q'] and Actual [Automation!@#$%^&*()_+{}[]\';/.,]. Comparison Type [EQUALS]. Validation Type [POSITIVE]. @27-09-2021 01:53:17.0665 AM
[ReportManager] Successfully created attachment [Screenshot - 1632707597403_assertElementAttribute_true_literalComparison_expectedToPass_ValidateElementAttribute_passed] @27-09-2021 01:53:17.0748 A
[ReportManager] Browser Action [CloseCurrentWindow] successfully performed. @27-09-2021 01:53:18.0051 AM
[ReportManager] Successfully created attachment [Browser Action Test Data - CloseCurrentWindow - Actual Value] @27-09-2021 01:53:18.0134 A
[ReportManager] File Action [GetAbsolutePath] successfully performed. With the following test data [Relative Folder Path: "target/downloadedFiles/"]. @27-09-2021 01:53:18.0259 AM
[ReportManager] Attempting to run locally on: [Mac-64], [Safari], Headless Execution. @27-09-2021 01:53:18.0259 AM
[ReportManager] Successfully Opened Safari. @27-09-2021 01:53:19.0113 AM
[ReportManager] Initial window size: (800, 600) @27-09-2021 01:53:19.0142 AM
[ReportManager] Window size after SWD Maximize: (1176, 811) @27-09-2021 01:53:19.0166 AM
[ReportManager] Browser Action [MaximizeWindow] successfully performed. With the following test data [New screen size is now: (1176, 811)]. @27-09-2021 01:53:19.0167 AM
[ReportManager] Target URL: [https://www.google.com/ncr], and after redirection: [www.google.com] @27-09-2021 01:53:19.0167 AM
[ReportManager] Initial URL: [] @27-09-2021 01:53:19.0232 AM
[ReportManager] Browser Action [NavigateToURL] successfully performed. With the following test data [https://www.google.com/ncr]. @27-09-2021 01:53:20.0695 A

################################################################################################################################################
Starting Execution:	[43 out of 144] test cases in the current suite
Test Method:		[unitTests.tests_validations_assertions.assertElementAttribute_true_regexComparison_expectedToFail]
################################################################################################################################################
[ReportManager] Element Action [Type] successfully performed. With the following test data [Automation123]. @27-09-2021 01:53:21.0369 AM
[ReportManager] Element Action [GetText] successfully performed. With the following test data [Automation123]. @27-09-2021 01:53:21.0421 AM
[ReportManager] Loaded Shared OpenCV @27-09-2021 01:53:21.0481 AM
[ReportManager] Assertion [ValidateElementAttribute] FAILED. Expected [Value Should be 'Automation' for the 'text' attribute, element locator 'By.name: q'] and Actual [Automation123]. Comparison Type [MATCHES]. Validation Type [POSITIVE]. @27-09-2021 01:53:21.0739 AM
[ReportManager] Successfully created attachment [Screenshot - 1632707601480_assertElementAttribute_true_regexComparison_expectedToFail_ValidateElementAttribute_failed] @27-09-2021 01:53:21.0822 A
[ReportManager] Browser Action [CloseCurrentWindow] successfully performed. @27-09-2021 01:53:22.0151 AM
[ReportManager] Successfully created attachment [Browser Action Test Data - CloseCurrentWindow - Actual Value] @27-09-2021 01:53:22.0193 A
[ReportManager] File Action [GetAbsolutePath] successfully performed. With the following test data [Relative Folder Path: "target/downloadedFiles/"]. @27-09-2021 01:53:22.0321 AM
[ReportManager] Attempting to run locally on: [Mac-64], [Safari], Headless Execution. @27-09-2021 01:53:22.0321 AM
[ReportManager] Successfully Opened Safari. @27-09-2021 01:53:23.0146 AM
[ReportManager] Initial window size: (800, 600) @27-09-2021 01:53:23.0176 AM
[ReportManager] Window size after SWD Maximize: (1176, 811) @27-09-2021 01:53:23.0209 AM
[ReportManager] Browser Action [MaximizeWindow] successfully performed. With the following test data [New screen size is now: (1176, 811)]. @27-09-2021 01:53:23.0210 AM
[ReportManager] Target URL: [https://www.google.com/ncr], and after redirection: [www.google.com] @27-09-2021 01:53:23.0210 AM
[ReportManager] Initial URL: [] @27-09-2021 01:53:23.0268 AM
[ReportManager] Browser Action [NavigateToURL] successfully performed. With the following test data [https://www.google.com/ncr]. @27-09-2021 01:53:24.0195 A

################################################################################################################################################
Starting Execution:	[44 out of 144] test cases in the current suite
Test Method:		[unitTests.tests_validations_assertions.assertElementAttribute_true_regexComparison_expectedToPass]
################################################################################################################################################
[ReportManager] Element Action [Type] successfully performed. With the following test data [Automation123]. @27-09-2021 01:53:24.0730 AM
[ReportManager] Element Action [GetText] successfully performed. With the following test data [Automation123]. @27-09-2021 01:53:24.0780 AM
[ReportManager] Loaded Shared OpenCV @27-09-2021 01:53:24.0839 AM
[ReportManager] Assertion [ValidateElementAttribute] PASSED. Expected [Value Should be 'Automation.*' for the 'text' attribute, element locator 'By.name: q'] and Actual [Automation123]. Comparison Type [MATCHES]. Validation Type [POSITIVE]. @27-09-2021 01:53:24.0967 AM
[ReportManager] Successfully created attachment [Screenshot - 1632707604839_assertElementAttribute_true_regexComparison_expectedToPass_ValidateElementAttribute_passed] @27-09-2021 01:53:24.0968 A
[ReportManager] Browser Action [CloseCurrentWindow] successfully performed. @27-09-2021 01:53:25.0162 AM
[ReportManager] Successfully created attachment [Browser Action Test Data - CloseCurrentWindow - Actual Value] @27-09-2021 01:53:25.0163 A
[ReportManager] File Action [GetAbsolutePath] successfully performed. With the following test data [Relative Folder Path: "target/downloadedFiles/"]. @27-09-2021 01:53:25.0166 AM
[ReportManager] Attempting to run locally on: [Mac-64], [Safari], Headless Execution. @27-09-2021 01:53:25.0167 AM
[ReportManager] Successfully Opened Safari. @27-09-2021 01:53:26.0008 AM
[ReportManager] Initial window size: (800, 600) @27-09-2021 01:53:26.0038 AM
[ReportManager] Window size after SWD Maximize: (1176, 811) @27-09-2021 01:53:26.0054 AM
[ReportManager] Browser Action [MaximizeWindow] successfully performed. With the following test data [New screen size is now: (1176, 811)]. @27-09-2021 01:53:26.0055 AM
[ReportManager] Target URL: [https://www.google.com/ncr], and after redirection: [www.google.com] @27-09-2021 01:53:26.0060 AM
[ReportManager] Initial URL: [] @27-09-2021 01:53:26.0127 AM
[ReportManager] Browser Action [NavigateToURL] successfully performed. With the following test data [https://www.google.com/ncr]. @27-09-2021 01:53:27.0381 A

################################################################################################################################################
Starting Execution:	[45 out of 144] test cases in the current suite
Test Method:		[unitTests.tests_validations_assertions.assertElementAttribute_type_true_literalComparison_expectedToPass]
################################################################################################################################################
[ReportManager] Element Action [Type] successfully performed. With the following test data [Automation!@#$%^&*()_+{}[]\';/.,]. @27-09-2021 01:53:28.0673 AM
[ReportManager] Element Action [GetText] successfully performed. With the following test data [Automation!@#$%^&*()_+{}[]\';/.,]. @27-09-2021 01:53:28.0729 AM
[ReportManager] Loaded Shared OpenCV @27-09-2021 01:53:28.0796 AM
[ReportManager] Assertion [ValidateElementAttribute] PASSED. Expected [Value Should be 'Automation!@#$%^&*()_+{}[]\';/.,' for the 'text' attribute, element locator 'By.name: q'] and Actual [Automation!@#$%^&*()_+{}[]\';/.,]. Comparison Type [EQUALS]. Validation Type [POSITIVE]. @27-09-2021 01:53:29.0060 AM
[ReportManager] Successfully created attachment [Screenshot - 1632707608796_assertElementAttribute_type_true_literalComparison_expectedToPass_ValidateElementAttribute_passed] @27-09-2021 01:53:29.0143 A
[ReportManager] Browser Action [CloseCurrentWindow] successfully performed. @27-09-2021 01:53:29.0438 AM
[ReportManager] Successfully created attachment [Browser Action Test Data - CloseCurrentWindow - Actual Value] @27-09-2021 01:53:29.0480 A
[ReportManager] File Action [GetAbsolutePath] successfully performed. With the following test data [Relative Folder Path: "target/downloadedFiles/"]. @27-09-2021 01:53:29.0607 AM
[ReportManager] Attempting to run locally on: [Mac-64], [Safari], Headless Execution. @27-09-2021 01:53:29.0607 AM
[ReportManager] Successfully Opened Safari. @27-09-2021 01:53:30.0484 AM
[ReportManager] Initial window size: (800, 600) @27-09-2021 01:53:30.0498 AM
[ReportManager] Window size after SWD Maximize: (1176, 811) @27-09-2021 01:53:30.0521 AM
[ReportManager] Browser Action [MaximizeWindow] successfully performed. With the following test data [New screen size is now: (1176, 811)]. @27-09-2021 01:53:30.0522 AM
[ReportManager] Target URL: [https://www.google.com/ncr], and after redirection: [www.google.com] @27-09-2021 01:53:30.0522 AM
[ReportManager] Initial URL: [] @27-09-2021 01:53:30.0579 AM
[ReportManager] Browser Action [NavigateToURL] successfully performed. With the following test data [https://www.google.com/ncr]. @27-09-2021 01:53:31.0959 A

################################################################################################################################################
Starting Execution:	[46 out of 144] test cases in the current suite
Test Method:		[unitTests.tests_validations_assertions.assertElementExists_false_expectedToFail]
################################################################################################################################################
[ReportManager] Assertion [ValidateElementExists] PASSED. Expected [Element Should not Exist, locator 'By.id: hplogo'] and Actual [Element Doesn't Exists]. Comparison Type [EQUALS]. Validation Type [NEGATIVE]. @27-09-2021 01:53:42.0815 AM
[ReportManager] Successfully created attachment [Screenshot - 1632707622679_assertElementExists_false_expectedToFail_ValidateElementExists_passed] @27-09-2021 01:53:42.0816 A
[ReportManager] Browser Action [CloseCurrentWindow] successfully performed. @27-09-2021 01:53:42.0956 AM
[ReportManager] Successfully created attachment [Browser Action Test Data - CloseCurrentWindow - Actual Value] @27-09-2021 01:53:42.0957 A
[ReportManager] File Action [GetAbsolutePath] successfully performed. With the following test data [Relative Folder Path: "target/downloadedFiles/"]. @27-09-2021 01:53:42.0960 AM
[ReportManager] Attempting to run locally on: [Mac-64], [Safari], Headless Execution. @27-09-2021 01:53:42.0960 AM
[ReportManager] Successfully Opened Safari. @27-09-2021 01:53:43.0830 AM
[ReportManager] Initial window size: (800, 600) @27-09-2021 01:53:43.0841 AM
[ReportManager] Window size after SWD Maximize: (1176, 811) @27-09-2021 01:53:43.0861 AM
[ReportManager] Browser Action [MaximizeWindow] successfully performed. With the following test data [New screen size is now: (1176, 811)]. @27-09-2021 01:53:43.0861 AM
[ReportManager] Target URL: [https://www.google.com/ncr], and after redirection: [www.google.com] @27-09-2021 01:53:43.0862 AM
[ReportManager] Initial URL: [] @27-09-2021 01:53:43.0917 AM
[ReportManager] Browser Action [NavigateToURL] successfully performed. With the following test data [https://www.google.com/ncr]. @27-09-2021 01:53:44.0780 A

################################################################################################################################################
Starting Execution:	[47 out of 144] test cases in the current suite
Test Method:		[unitTests.tests_validations_assertions.assertElementExists_false_expectedToPass]
################################################################################################################################################
[ReportManager] Assertion [ValidateElementExists] PASSED. Expected [Element Should not Exist, locator 'By.id: fakeElement'] and Actual [Element Doesn't Exists]. Comparison Type [EQUALS]. Validation Type [NEGATIVE]. @27-09-2021 01:53:55.0590 AM
[ReportManager] Successfully created attachment [Screenshot - 1632707635394_assertElementExists_false_expectedToPass_ValidateElementExists_passed] @27-09-2021 01:53:55.0672 A
[ReportManager] Browser Action [CloseCurrentWindow] successfully performed. @27-09-2021 01:53:55.0923 AM
[ReportManager] Successfully created attachment [Browser Action Test Data - CloseCurrentWindow - Actual Value] @27-09-2021 01:53:55.0924 A
[ReportManager] File Action [GetAbsolutePath] successfully performed. With the following test data [Relative Folder Path: "target/downloadedFiles/"]. @27-09-2021 01:53:55.0927 AM
[ReportManager] Attempting to run locally on: [Mac-64], [Safari], Headless Execution. @27-09-2021 01:53:55.0927 AM
[ReportManager] Successfully Opened Safari. @27-09-2021 01:53:56.0700 AM
[ReportManager] Initial window size: (800, 600) @27-09-2021 01:53:56.0721 AM
[ReportManager] Window size after SWD Maximize: (1176, 811) @27-09-2021 01:53:56.0733 AM
[ReportManager] Browser Action [MaximizeWindow] successfully performed. With the following test data [New screen size is now: (1176, 811)]. @27-09-2021 01:53:56.0733 AM
[ReportManager] Target URL: [https://www.google.com/ncr], and after redirection: [www.google.com] @27-09-2021 01:53:56.0733 AM
[ReportManager] Initial URL: [] @27-09-2021 01:53:56.0811 AM
[ReportManager] Browser Action [NavigateToURL] successfully performed. With the following test data [https://www.google.com/ncr]. @27-09-2021 01:53:58.0106 A

################################################################################################################################################
Starting Execution:	[48 out of 144] test cases in the current suite
Test Method:		[unitTests.tests_validations_assertions.assertElementExists_false_multipleElementsFound_expectedToFail]
################################################################################################################################################
[ReportManager] Assertion [ValidateElementExists] FAILED. Expected [Element Should not Exist, locator 'By.xpath: //div'] and Actual [Element Exists but is not unique]. Comparison Type [EQUALS]. Validation Type [NEGATIVE]. @27-09-2021 01:53:58.0462 AM
[ReportManager] Successfully created attachment [Screenshot - 1632707638306_assertElementExists_false_multipleElementsFound_expectedToFail_ValidateElementExists_failed] @27-09-2021 01:53:58.0544 A
[ReportManager] Browser Action [CloseCurrentWindow] successfully performed. @27-09-2021 01:53:58.0783 AM
[ReportManager] Successfully created attachment [Browser Action Test Data - CloseCurrentWindow - Actual Value] @27-09-2021 01:53:58.0828 A
[ReportManager] File Action [GetAbsolutePath] successfully performed. With the following test data [Relative Folder Path: "target/downloadedFiles/"]. @27-09-2021 01:53:59.0001 AM
[ReportManager] Attempting to run locally on: [Mac-64], [Safari], Headless Execution. @27-09-2021 01:53:59.0002 AM
[ReportManager] Successfully Opened Safari. @27-09-2021 01:53:59.0898 AM
[ReportManager] Initial window size: (800, 600) @27-09-2021 01:53:59.0927 AM
[ReportManager] Window size after SWD Maximize: (1176, 811) @27-09-2021 01:53:59.0943 AM
[ReportManager] Browser Action [MaximizeWindow] successfully performed. With the following test data [New screen size is now: (1176, 811)]. @27-09-2021 01:53:59.0943 AM
[ReportManager] Target URL: [https://www.google.com/ncr], and after redirection: [www.google.com] @27-09-2021 01:53:59.0943 AM
[ReportManager] Initial URL: [] @27-09-2021 01:53:59.0995 AM
[ReportManager] Browser Action [NavigateToURL] successfully performed. With the following test data [https://www.google.com/ncr]. @27-09-2021 01:54:01.0458 A

################################################################################################################################################
Starting Execution:	[49 out of 144] test cases in the current suite
Test Method:		[unitTests.tests_validations_assertions.assertElementExists_true_expectedToFail]
################################################################################################################################################
[ReportManager] Assertion [ValidateElementExists] FAILED. Expected [Element Should Exist, locator 'By.id: fakeElement'] and Actual [Element Doesn't Exists]. Comparison Type [EQUALS]. Validation Type [POSITIVE]. @27-09-2021 01:54:32.0380 AM
[ReportManager] Successfully created attachment [Screenshot - 1632707672225_assertElementExists_true_expectedToFail_ValidateElementExists_failed] @27-09-2021 01:54:32.0463 A
[ReportManager] Browser Action [CloseCurrentWindow] successfully performed. @27-09-2021 01:54:32.0689 AM
[ReportManager] Successfully created attachment [Browser Action Test Data - CloseCurrentWindow - Actual Value] @27-09-2021 01:54:32.0731 A
[ReportManager] File Action [GetAbsolutePath] successfully performed. With the following test data [Relative Folder Path: "target/downloadedFiles/"]. @27-09-2021 01:54:32.0859 AM
[ReportManager] Attempting to run locally on: [Mac-64], [Safari], Headless Execution. @27-09-2021 01:54:32.0859 AM
[ReportManager] Successfully Opened Safari. @27-09-2021 01:54:33.0700 AM
[ReportManager] Initial window size: (800, 600) @27-09-2021 01:54:33.0729 AM
[ReportManager] Window size after SWD Maximize: (1176, 811) @27-09-2021 01:54:33.0745 AM
[ReportManager] Browser Action [MaximizeWindow] successfully performed. With the following test data [New screen size is now: (1176, 811)]. @27-09-2021 01:54:33.0745 AM
[ReportManager] Target URL: [https://www.google.com/ncr], and after redirection: [www.google.com] @27-09-2021 01:54:33.0745 AM
[ReportManager] Initial URL: [] @27-09-2021 01:54:33.0796 AM
[ReportManager] Browser Action [NavigateToURL] successfully performed. With the following test data [https://www.google.com/ncr]. @27-09-2021 01:54:34.0781 A

################################################################################################################################################
Starting Execution:	[50 out of 144] test cases in the current suite
Test Method:		[unitTests.tests_validations_assertions.assertElementExists_true_expectedToPass]
################################################################################################################################################
[ReportManager] Loaded Shared OpenCV @27-09-2021 01:54:35.0022 AM
[ReportManager] Assertion [ValidateElementExists] PASSED. Expected [Element Should Exist, locator 'By.xpath: //*[@id='hplogo' or @alt='Google']'] and Actual [Element Exists]. Comparison Type [EQUALS]. Validation Type [POSITIVE]. @27-09-2021 01:54:35.0276 AM
[ReportManager] Successfully created attachment [Screenshot - 1632707675022_assertElementExists_true_expectedToPass_ValidateElementExists_passed] @27-09-2021 01:54:35.0358 A
[ReportManager] Browser Action [CloseCurrentWindow] successfully performed. @27-09-2021 01:54:35.0617 AM
[ReportManager] Successfully created attachment [Browser Action Test Data - CloseCurrentWindow - Actual Value] @27-09-2021 01:54:35.0658 A
[ReportManager] File Action [GetAbsolutePath] successfully performed. With the following test data [Relative Folder Path: "target/downloadedFiles/"]. @27-09-2021 01:54:35.0828 AM
[ReportManager] Attempting to run locally on: [Mac-64], [Safari], Headless Execution. @27-09-2021 01:54:35.0829 A

################################################################################################################################################
Starting Execution:	[51 out of 144] test cases in the current suite
Test Method:		[unitTests.tests_validations_assertions.assertElementExists_true_multipleElementsFound_expectedToFail]
###############################################################################################################################################


################################################################################################################################################
Starting Execution:	[52 out of 144] test cases in the current suite
Test Method:		[unitTests.tests_validations_assertions.assertEquals_false_expectedToFail]
###############################################################################################################################################

################################################################################################################################################
Starting Execution:	[53 out of 144] test cases in the current suite
Test Method:		[unitTests.tests_validations_assertions.assertEquals_false_expectedToPass]
###############################################################################################################################################

################################################################################################################################################
Starting Execution:	[54 out of 144] test cases in the current suite
Test Method:		[unitTests.tests_validations_assertions.assertEquals_longCharacters]
###############################################################################################################################################

################################################################################################################################################
Starting Execution:	[55 out of 144] test cases in the current suite
Test Method:		[unitTests.tests_validations_assertions.assertEquals_longCharacters_Discreet]
###############################################################################################################################################

################################################################################################################################################
Starting Execution:	[56 out of 144] test cases in the current suite
Test Method:		[unitTests.tests_validations_assertions.assertEquals_true_expectedToFail]
###############################################################################################################################################

################################################################################################################################################
Starting Execution:	[57 out of 144] test cases in the current suite
Test Method:		[unitTests.tests_validations_assertions.assertEquals_true_expectedToPass]
Test Description:	[Assert that assertEquals works as expected when the two values are equal.]
###############################################################################################################################################

################################################################################################################################################
Starting Execution:	[58 out of 144] test cases in the current suite
Test Method:		[unitTests.tests_validations_assertions.assertEquals_true_expectedToPass__]
###############################################################################################################################################

################################################################################################################################################
Starting Execution:	[59 out of 144] test cases in the current suite
Test Method:		[unitTests.tests_validations_assertions.assertFileExists_false_expectedToFail]
###############################################################################################################################################

################################################################################################################################################
Starting Execution:	[60 out of 144] test cases in the current suite
Test Method:		[unitTests.tests_validations_assertions.assertFileExists_false_expectedToPass]
###############################################################################################################################################

################################################################################################################################################
Starting Execution:	[61 out of 144] test cases in the current suite
Test Method:		[unitTests.tests_validations_assertions.assertFileExists_true_expectedToFail]
###############################################################################################################################################

################################################################################################################################################
Starting Execution:	[62 out of 144] test cases in the current suite
Test Method:		[unitTests.tests_validations_assertions.assertFileExists_true_expectedToPass]
###############################################################################################################################################

################################################################################################################################################
Starting Execution:	[63 out of 144] test cases in the current suite
Test Method:		[unitTests.tests_validations_assertions.assertNull_false_expectedToFail]
###############################################################################################################################################

################################################################################################################################################
Starting Execution:	[64 out of 144] test cases in the current suite
Test Method:		[unitTests.tests_validations_assertions.assertNull_false_expectedToPass]
###############################################################################################################################################

################################################################################################################################################
Starting Execution:	[65 out of 144] test cases in the current suite
Test Method:		[unitTests.tests_validations_assertions.assertNull_true_expectedToFail]
###############################################################################################################################################

################################################################################################################################################
Starting Execution:	[66 out of 144] test cases in the current suite
Test Method:		[unitTests.tests_validations_assertions.assertNull_true_expectedToPass]
###############################################################################################################################################

################################################################################################################################################
Starting Execution:	[67 out of 144] test cases in the current suite
Test Method:		[unitTests.tests_restActions.getPostsAndAssertBodyForSpecificTitle]
################################################################################################################################################
[ReportManager] Response status code: [200], status line: [HTTP/1.1 200 OK] @27-09-2021 01:54:59.0571 AM
[ReportManager] Assertion Passed: Evaluating the actual response status code against the expected one... @27-09-2021 01:54:59.0572 AM
[ReportManager] Assertion [ValidateEquals] PASSED. Expected [200] and Actual [200]. Comparison Type [EQUALS]. Validation Type [POSITIVE]. @27-09-2021 01:54:59.0572 AM
[ReportManager] API Action [PerformRequest] successfully performed. With the following test data [Request Type: "GET" | Target Status Code: "200" | Service URL: "https://jsonplaceholder.typicode.com/posts" | Content Type: "*/*" | Response Time: "768ms"]. @27-09-2021 01:55:00.0621 AM
[ReportManager] Successfully created attachment [API Request - Specifications] @27-09-2021 01:55:00.0662 AM
[ReportManager] Successfully created attachment [API Response - JSON Body] @27-09-2021 01:55:00.0979 AM
[ReportManager] API Action [GetResponseJSONValueAsList] successfully performed. @27-09-2021 01:55:01.0004 AM
[ReportManager] API Action [GetResponseJSONValue] successfully performed. With the following test data [title]. @27-09-2021 01:55:01.0024 AM
[ReportManager] API Action [GetResponseJSONValue] successfully performed. With the following test data [title]. @27-09-2021 01:55:01.0038 AM
[ReportManager] API Action [GetResponseJSONValue] successfully performed. With the following test data [body]. @27-09-2021 01:55:01.0051 AM
[ReportManager] Assertion [ValidateEquals] PASSED. Expected [qui neque nisi nulla] and Actual [est rerum tempore vitae
sequi sint nihil reprehenderit dolor beatae ea dolores neque
fugiat blanditiis voluptate porro vel nihil molestiae ut reiciendis
qui aperiam non debitis possimus qui neque nisi nulla]. Comparison Type [CONTAINS]. Validation Type [POSITIVE]. @27-09-2021 01:55:01.0052 AM
[ReportManager] API Action [GetResponseJSONValue] successfully performed. With the following test data [title]. @27-09-2021 01:55:01.0066 AM
[ReportManager] API Action [GetResponseJSONValue] successfully performed. With the following test data [title]. @27-09-2021 01:55:01.0078 AM
[ReportManager] API Action [GetResponseJSONValue] successfully performed. With the following test data [title]. @27-09-2021 01:55:01.0091 AM
[ReportManager] API Action [GetResponseJSONValue] successfully performed. With the following test data [title]. @27-09-2021 01:55:01.0106 AM
[ReportManager] API Action [GetResponseJSONValue] successfully performed. With the following test data [title]. @27-09-2021 01:55:01.0118 AM
[ReportManager] API Action [GetResponseJSONValue] successfully performed. With the following test data [title]. @27-09-2021 01:55:01.0132 AM
[ReportManager] API Action [GetResponseJSONValue] successfully performed. With the following test data [title]. @27-09-2021 01:55:01.0146 AM
[ReportManager] API Action [GetResponseJSONValue] successfully performed. With the following test data [title]. @27-09-2021 01:55:01.0159 AM
[ReportManager] API Action [GetResponseJSONValue] successfully performed. With the following test data [title]. @27-09-2021 01:55:01.0178 AM
[ReportManager] API Action [GetResponseJSONValue] successfully performed. With the following test data [title]. @27-09-2021 01:55:01.0193 AM
[ReportManager] API Action [GetResponseJSONValue] successfully performed. With the following test data [title]. @27-09-2021 01:55:01.0212 AM
[ReportManager] API Action [GetResponseJSONValue] successfully performed. With the following test data [title]. @27-09-2021 01:55:01.0229 AM
[ReportManager] API Action [GetResponseJSONValue] successfully performed. With the following test data [title]. @27-09-2021 01:55:01.0244 AM
[ReportManager] API Action [GetResponseJSONValue] successfully performed. With the following test data [title]. @27-09-2021 01:55:01.0257 AM
[ReportManager] API Action [GetResponseJSONValue] successfully performed. With the following test data [title]. @27-09-2021 01:55:01.0273 AM
[ReportManager] API Action [GetResponseJSONValue] successfully performed. With the following test data [title]. @27-09-2021 01:55:01.0293 AM
[ReportManager] API Action [GetResponseJSONValue] successfully performed. With the following test data [title]. @27-09-2021 01:55:01.0306 AM
[ReportManager] API Action [GetResponseJSONValue] successfully performed. With the following test data [title]. @27-09-2021 01:55:01.0318 AM
[ReportManager] API Action [GetResponseJSONValue] successfully performed. With the following test data [title]. @27-09-2021 01:55:01.0331 AM
[ReportManager] API Action [GetResponseJSONValue] successfully performed. With the following test data [title]. @27-09-2021 01:55:01.0344 AM
[ReportManager] API Action [GetResponseJSONValue] successfully performed. With the following test data [title]. @27-09-2021 01:55:01.0357 AM
[ReportManager] API Action [GetResponseJSONValue] successfully performed. With the following test data [title]. @27-09-2021 01:55:01.0368 AM
[ReportManager] API Action [GetResponseJSONValue] successfully performed. With the following test data [title]. @27-09-2021 01:55:01.0380 AM
[ReportManager] API Action [GetResponseJSONValue] successfully performed. With the following test data [title]. @27-09-2021 01:55:01.0394 AM
[ReportManager] API Action [GetResponseJSONValue] successfully performed. With the following test data [title]. @27-09-2021 01:55:01.0405 AM
[ReportManager] API Action [GetResponseJSONValue] successfully performed. With the following test data [title]. @27-09-2021 01:55:01.0418 AM
[ReportManager] API Action [GetResponseJSONValue] successfully performed. With the following test data [title]. @27-09-2021 01:55:01.0430 AM
[ReportManager] API Action [GetResponseJSONValue] successfully performed. With the following test data [title]. @27-09-2021 01:55:01.0442 AM
[ReportManager] API Action [GetResponseJSONValue] successfully performed. With the following test data [title]. @27-09-2021 01:55:01.0454 AM
[ReportManager] API Action [GetResponseJSONValue] successfully performed. With the following test data [title]. @27-09-2021 01:55:01.0465 AM
[ReportManager] API Action [GetResponseJSONValue] successfully performed. With the following test data [title]. @27-09-2021 01:55:01.0477 AM
[ReportManager] API Action [GetResponseJSONValue] successfully performed. With the following test data [title]. @27-09-2021 01:55:01.0489 AM
[ReportManager] API Action [GetResponseJSONValue] successfully performed. With the following test data [title]. @27-09-2021 01:55:01.0501 AM
[ReportManager] API Action [GetResponseJSONValue] successfully performed. With the following test data [title]. @27-09-2021 01:55:01.0512 AM
[ReportManager] API Action [GetResponseJSONValue] successfully performed. With the following test data [title]. @27-09-2021 01:55:01.0524 AM
[ReportManager] API Action [GetResponseJSONValue] successfully performed. With the following test data [title]. @27-09-2021 01:55:01.0536 AM
[ReportManager] API Action [GetResponseJSONValue] successfully performed. With the following test data [title]. @27-09-2021 01:55:01.0547 AM
[ReportManager] API Action [GetResponseJSONValue] successfully performed. With the following test data [title]. @27-09-2021 01:55:01.0559 AM
[ReportManager] API Action [GetResponseJSONValue] successfully performed. With the following test data [title]. @27-09-2021 01:55:01.0572 AM
[ReportManager] API Action [GetResponseJSONValue] successfully performed. With the following test data [title]. @27-09-2021 01:55:01.0584 AM
[ReportManager] API Action [GetResponseJSONValue] successfully performed. With the following test data [title]. @27-09-2021 01:55:01.0596 AM
[ReportManager] API Action [GetResponseJSONValue] successfully performed. With the following test data [title]. @27-09-2021 01:55:01.0608 AM
[ReportManager] API Action [GetResponseJSONValue] successfully performed. With the following test data [title]. @27-09-2021 01:55:01.0619 AM
[ReportManager] API Action [GetResponseJSONValue] successfully performed. With the following test data [title]. @27-09-2021 01:55:01.0632 AM
[ReportManager] API Action [GetResponseJSONValue] successfully performed. With the following test data [title]. @27-09-2021 01:55:01.0644 AM
[ReportManager] API Action [GetResponseJSONValue] successfully performed. With the following test data [title]. @27-09-2021 01:55:01.0656 AM
[ReportManager] API Action [GetResponseJSONValue] successfully performed. With the following test data [title]. @27-09-2021 01:55:01.0667 AM
[ReportManager] API Action [GetResponseJSONValue] successfully performed. With the following test data [title]. @27-09-2021 01:55:01.0679 AM
[ReportManager] API Action [GetResponseJSONValue] successfully performed. With the following test data [title]. @27-09-2021 01:55:01.0690 AM
[ReportManager] API Action [GetResponseJSONValue] successfully performed. With the following test data [title]. @27-09-2021 01:55:01.0701 AM
[ReportManager] API Action [GetResponseJSONValue] successfully performed. With the following test data [title]. @27-09-2021 01:55:01.0714 AM
[ReportManager] API Action [GetResponseJSONValue] successfully performed. With the following test data [title]. @27-09-2021 01:55:01.0725 AM
[ReportManager] API Action [GetResponseJSONValue] successfully performed. With the following test data [title]. @27-09-2021 01:55:01.0738 AM
[ReportManager] API Action [GetResponseJSONValue] successfully performed. With the following test data [title]. @27-09-2021 01:55:01.0748 AM
[ReportManager] API Action [GetResponseJSONValue] successfully performed. With the following test data [title]. @27-09-2021 01:55:01.0760 AM
[ReportManager] API Action [GetResponseJSONValue] successfully performed. With the following test data [title]. @27-09-2021 01:55:01.0771 AM
[ReportManager] API Action [GetResponseJSONValue] successfully performed. With the following test data [title]. @27-09-2021 01:55:01.0781 AM
[ReportManager] API Action [GetResponseJSONValue] successfully performed. With the following test data [title]. @27-09-2021 01:55:01.0792 AM
[ReportManager] API Action [GetResponseJSONValue] successfully performed. With the following test data [title]. @27-09-2021 01:55:01.0802 AM
[ReportManager] API Action [GetResponseJSONValue] successfully performed. With the following test data [title]. @27-09-2021 01:55:01.0831 AM
[ReportManager] API Action [GetResponseJSONValue] successfully performed. With the following test data [title]. @27-09-2021 01:55:01.0843 AM
[ReportManager] API Action [GetResponseJSONValue] successfully performed. With the following test data [title]. @27-09-2021 01:55:01.0853 AM
[ReportManager] API Action [GetResponseJSONValue] successfully performed. With the following test data [title]. @27-09-2021 01:55:01.0864 AM
[ReportManager] API Action [GetResponseJSONValue] successfully performed. With the following test data [title]. @27-09-2021 01:55:01.0874 AM
[ReportManager] API Action [GetResponseJSONValue] successfully performed. With the following test data [title]. @27-09-2021 01:55:01.0884 AM
[ReportManager] API Action [GetResponseJSONValue] successfully performed. With the following test data [title]. @27-09-2021 01:55:01.0895 AM
[ReportManager] API Action [GetResponseJSONValue] successfully performed. With the following test data [title]. @27-09-2021 01:55:01.0906 AM
[ReportManager] API Action [GetResponseJSONValue] successfully performed. With the following test data [title]. @27-09-2021 01:55:01.0917 AM
[ReportManager] API Action [GetResponseJSONValue] successfully performed. With the following test data [title]. @27-09-2021 01:55:01.0928 AM
[ReportManager] API Action [GetResponseJSONValue] successfully performed. With the following test data [title]. @27-09-2021 01:55:01.0940 AM
[ReportManager] API Action [GetResponseJSONValue] successfully performed. With the following test data [title]. @27-09-2021 01:55:01.0950 AM
[ReportManager] API Action [GetResponseJSONValue] successfully performed. With the following test data [title]. @27-09-2021 01:55:01.0961 AM
[ReportManager] API Action [GetResponseJSONValue] successfully performed. With the following test data [title]. @27-09-2021 01:55:01.0973 AM
[ReportManager] API Action [GetResponseJSONValue] successfully performed. With the following test data [title]. @27-09-2021 01:55:01.0984 AM
[ReportManager] API Action [GetResponseJSONValue] successfully performed. With the following test data [title]. @27-09-2021 01:55:01.0996 AM
[ReportManager] API Action [GetResponseJSONValue] successfully performed. With the following test data [title]. @27-09-2021 01:55:02.0009 AM
[ReportManager] API Action [GetResponseJSONValue] successfully performed. With the following test data [title]. @27-09-2021 01:55:02.0020 AM
[ReportManager] API Action [GetResponseJSONValue] successfully performed. With the following test data [title]. @27-09-2021 01:55:02.0031 AM
[ReportManager] API Action [GetResponseJSONValue] successfully performed. With the following test data [title]. @27-09-2021 01:55:02.0043 AM
[ReportManager] API Action [GetResponseJSONValue] successfully performed. With the following test data [title]. @27-09-2021 01:55:02.0056 AM
[ReportManager] API Action [GetResponseJSONValue] successfully performed. With the following test data [title]. @27-09-2021 01:55:02.0067 AM
[ReportManager] API Action [GetResponseJSONValue] successfully performed. With the following test data [title]. @27-09-2021 01:55:02.0079 AM
[ReportManager] API Action [GetResponseJSONValue] successfully performed. With the following test data [title]. @27-09-2021 01:55:02.0090 AM
[ReportManager] API Action [GetResponseJSONValue] successfully performed. With the following test data [title]. @27-09-2021 01:55:02.0102 AM
[ReportManager] API Action [GetResponseJSONValue] successfully performed. With the following test data [title]. @27-09-2021 01:55:02.0112 AM
[ReportManager] API Action [GetResponseJSONValue] successfully performed. With the following test data [title]. @27-09-2021 01:55:02.0122 AM
[ReportManager] API Action [GetResponseJSONValue] successfully performed. With the following test data [title]. @27-09-2021 01:55:02.0133 AM
[ReportManager] API Action [GetResponseJSONValue] successfully performed. With the following test data [title]. @27-09-2021 01:55:02.0144 AM
[ReportManager] API Action [GetResponseJSONValue] successfully performed. With the following test data [title]. @27-09-2021 01:55:02.0154 AM
[ReportManager] API Action [GetResponseJSONValue] successfully performed. With the following test data [title]. @27-09-2021 01:55:02.0165 AM
[ReportManager] API Action [GetResponseJSONValue] successfully performed. With the following test data [title]. @27-09-2021 01:55:02.0175 AM
[ReportManager] API Action [GetResponseJSONValue] successfully performed. With the following test data [title]. @27-09-2021 01:55:02.0187 AM
[ReportManager] API Action [GetResponseJSONValue] successfully performed. With the following test data [title]. @27-09-2021 01:55:02.0199 AM
[ReportManager] API Action [GetResponseJSONValue] successfully performed. With the following test data [title]. @27-09-2021 01:55:02.0209 AM
[ReportManager] API Action [GetResponseJSONValue] successfully performed. With the following test data [title]. @27-09-2021 01:55:02.0220 AM
[ReportManager] API Action [GetResponseJSONValue] successfully performed. With the following test data [title]. @27-09-2021 01:55:02.0230 AM
[ReportManager] API Action [GetResponseJSONValue] successfully performed. With the following test data [title]. @27-09-2021 01:55:02.0242 AM
[ReportManager] API Action [GetResponseJSONValue] successfully performed. With the following test data [title]. @27-09-2021 01:55:02.0253 A

################################################################################################################################################
Starting Execution:	[68 out of 144] test cases in the current suite
Test Method:		[unitTests.tests_restActions.validateUserEmail]
################################################################################################################################################
[ReportManager] Response status code: [200], status line: [HTTP/1.1 200 OK] @27-09-2021 01:55:02.0453 AM
[ReportManager] Assertion Passed: Evaluating the actual response status code against the expected one... @27-09-2021 01:55:02.0453 AM
[ReportManager] Assertion [ValidateEquals] PASSED. Expected [200] and Actual [200]. Comparison Type [EQUALS]. Validation Type [POSITIVE]. @27-09-2021 01:55:02.0454 AM
[ReportManager] API Action [PerformRequest] successfully performed. With the following test data [Request Type: "GET" | Target Status Code: "200" | Service URL: "https://jsonplaceholder.typicode.com/users" | Content Type: "*/*" | Response Time: "68ms"]. @27-09-2021 01:55:02.0478 AM
[ReportManager] Successfully created attachment [API Request - Specifications] @27-09-2021 01:55:02.0520 AM
[ReportManager] Successfully created attachment [API Response - JSON Body] @27-09-2021 01:55:02.0603 AM
[ReportManager] Assertion [ValidateEquals] PASSED. Expected and Actual values are attached. Comparison Type [CONTAINS]. Validation Type [POSITIVE]. @27-09-2021 01:55:02.0603 AM
[ReportManager] Successfully created attachment [Validation Test Data - Expected Value] @27-09-2021 01:55:02.0644 AM
[ReportManager] Successfully created attachment [Validation Test Data - Actual Value] @27-09-2021 01:55:02.0726 AM
[ReportManager] API Action [GetResponseJSONValueAsList] successfully performed. With the following test data [$]. @27-09-2021 01:55:02.0736 AM
[ReportManager] API Action [GetResponseJSONValue] successfully performed. With the following test data [name]. @27-09-2021 01:55:02.0749 AM
[ReportManager] API Action [GetResponseJSONValue] successfully performed. With the following test data [email]. @27-09-2021 01:55:02.0760 AM
[ReportManager] Assertion [ValidateEquals] PASSED. Expected [Sincere@april.biz] and Actual [Sincere@april.biz]. Comparison Type [EQUALS]. Validation Type [POSITIVE]. @27-09-2021 01:55:02.0760 AM
[ReportManager] API Action [GetResponseJSONValue] successfully performed. With the following test data [name]. @27-09-2021 01:55:02.0773 AM
[ReportManager] API Action [GetResponseJSONValue] successfully performed. With the following test data [name]. @27-09-2021 01:55:02.0787 AM
[ReportManager] API Action [GetResponseJSONValue] successfully performed. With the following test data [name]. @27-09-2021 01:55:02.0801 AM
[ReportManager] API Action [GetResponseJSONValue] successfully performed. With the following test data [name]. @27-09-2021 01:55:02.0813 AM
[ReportManager] API Action [GetResponseJSONValue] successfully performed. With the following test data [name]. @27-09-2021 01:55:02.0824 AM
[ReportManager] API Action [GetResponseJSONValue] successfully performed. With the following test data [name]. @27-09-2021 01:55:02.0836 AM
[ReportManager] API Action [GetResponseJSONValue] successfully performed. With the following test data [name]. @27-09-2021 01:55:02.0847 AM
[ReportManager] API Action [GetResponseJSONValue] successfully performed. With the following test data [name]. @27-09-2021 01:55:02.0858 AM
[ReportManager] API Action [GetResponseJSONValue] successfully performed. With the following test data [name]. @27-09-2021 01:55:02.0871 A
[ReportManager] File Action [GetAbsolutePath] successfully performed. With the following test data [Relative Folder Path: "target/downloadedFiles/"]. @27-09-2021 01:55:02.0999 AM
[ReportManager] Attempting to run locally on: [Mac-64], [Safari], Headless Execution. @27-09-2021 01:55:03.0000 AM
[ReportManager] Successfully Opened Safari. @27-09-2021 01:55:03.0863 AM
[ReportManager] Initial window size: (800, 600) @27-09-2021 01:55:03.0884 AM
[ReportManager] Window size after SWD Maximize: (1176, 811) @27-09-2021 01:55:03.0899 AM
[ReportManager] Browser Action [MaximizeWindow] successfully performed. With the following test data [New screen size is now: (1176, 811)]. @27-09-2021 01:55:03.0900 A

################################################################################################################################################
Starting Execution:	[69 out of 144] test cases in the current suite
Test Method:		[testPackage01.Test_uploadFile.uploadFile_invisibleUploadInput]
################################################################################################################################################
[ReportManager] Target URL: [https://fineuploader.com/demos.html#gallery-view] @27-09-2021 01:55:04.0025 AM
[ReportManager] Initial URL: [] @27-09-2021 01:55:04.0057 AM
[ReportManager] Browser Action [NavigateToURL] successfully performed. With the following test data [https://fineuploader.com/demos.html#gallery-view]. @27-09-2021 01:55:05.0555 AM
[ReportManager] File Action [GetAbsolutePath] successfully performed. With the following test data [Relative File Path: "src/main/resources/images/shaft.png"]. @27-09-2021 01:55:05.0556 AM
[ReportManager] Successfully created attachment [File Action Actual Result - Command Log] @27-09-2021 01:55:05.0577 A
[ReportManager] Browser Action [CloseCurrentWindow] successfully performed. @27-09-2021 01:55:05.0842 AM
[ReportManager] Successfully created attachment [Browser Action Test Data - CloseCurrentWindow - Actual Value] @27-09-2021 01:55:05.0887 A
[ReportManager] File Action [GetAbsolutePath] successfully performed. With the following test data [Relative Folder Path: "target/downloadedFiles/"]. @27-09-2021 01:55:06.0057 AM
[ReportManager] Attempting to run locally on: [Mac-64], [Safari], Headless Execution. @27-09-2021 01:55:06.0057 AM
[ReportManager] Successfully Opened Safari. @27-09-2021 01:55:06.0878 AM
[ReportManager] Initial window size: (800, 600) @27-09-2021 01:55:06.0904 AM
[ReportManager] Window size after SWD Maximize: (1176, 811) @27-09-2021 01:55:06.0917 AM
[ReportManager] Browser Action [MaximizeWindow] successfully performed. With the following test data [New screen size is now: (1176, 811)]. @27-09-2021 01:55:06.0918 A

################################################################################################################################################
Starting Execution:	[70 out of 144] test cases in the current suite
Test Method:		[testPackage01.Test_uploadFile.uploadFile_visibleUploadInput]
################################################################################################################################################
[ReportManager] Target URL: [http://demo.guru99.com/test/upload/] @27-09-2021 01:55:07.0053 AM
[ReportManager] Initial URL: [] @27-09-2021 01:55:07.0094 AM
[ReportManager] Browser Action [NavigateToURL] successfully performed. With the following test data [http://demo.guru99.com/test/upload/]. @27-09-2021 01:55:08.0497 AM
[ReportManager] File Action [GetAbsolutePath] successfully performed. With the following test data [Relative File Path: "src/main/resources/images/shaft.png"]. @27-09-2021 01:55:08.0497 AM
[ReportManager] Successfully created attachment [File Action Actual Result - Command Log] @27-09-2021 01:55:08.0539 AM
[ReportManager] Element Action [TypeFileLocationForUpload] successfully performed. With the following test data [/Users/runner/work/SHAFT_ENGINE/SHAFT_ENGINE/src/main/resources/images/shaft.png]. @27-09-2021 01:55:08.0593 AM
[ReportManager] Element Action [Click] successfully performed. With the following test data [on]. @27-09-2021 01:55:08.0880 AM
[ReportManager] Element Action [Click] successfully performed. With the following test data [ Submit File]. @27-09-2021 01:55:09.0201 AM
[ReportManager] Element Action [GetText] successfully performed. With the following test data [1 file has been successfully uploaded.]. @27-09-2021 01:55:09.0803 AM
[ReportManager] Loaded Shared OpenCV @27-09-2021 01:55:09.0893 AM
[ReportManager] Assertion [ValidateElementAttribute] PASSED. Expected [Value Should be '1 file' for the 'Text' attribute, element locator 'By.id: res'] and Actual [1 file has been successfully uploaded.]. Comparison Type [CONTAINS]. Validation Type [POSITIVE]. @27-09-2021 01:55:10.0168 AM
[ReportManager] Successfully created attachment [Screenshot - 1632707709892_uploadFile_visibleUploadInput_ValidateElementAttribute_passed] @27-09-2021 01:55:10.0251 A
[ReportManager] Browser Action [CloseCurrentWindow] successfully performed. @27-09-2021 01:55:10.0599 AM
[ReportManager] Successfully created attachment [Browser Action Test Data - CloseCurrentWindow - Actual Value] @27-09-2021 01:55:10.0641 A

################################################################################################################################################
Starting Execution:	[71 out of 144] test cases in the current suite
Test Method:		[testPackage01.Test_AssertApiResponseEquals.assertApiResponseEquals_expectedToPass]
################################################################################################################################################
[ReportManager] Response status code: [200], status line: [HTTP/1.1 200 OK] @27-09-2021 01:55:10.0841 AM
[ReportManager] Assertion Passed: Evaluating the actual response status code against the expected one... @27-09-2021 01:55:10.0842 AM
[ReportManager] Assertion [ValidateEquals] PASSED. Expected [200] and Actual [200]. Comparison Type [EQUALS]. Validation Type [POSITIVE]. @27-09-2021 01:55:10.0842 AM
[ReportManager] API Action [PerformRequest] successfully performed. With the following test data [Request Type: "GET" | Target Status Code: "200" | Service URL: "https://jsonplaceholder.typicode.com/users" | Content Type: "*/*" | Response Time: "69ms"]. @27-09-2021 01:55:10.0869 AM
[ReportManager] Successfully created attachment [API Request - Specifications] @27-09-2021 01:55:10.0910 AM
[ReportManager] Successfully created attachment [API Response - JSON Body] @27-09-2021 01:55:10.0992 AM
[ReportManager] API Action [GetResponseJSONValueAsList] successfully performed. With the following test data [$]. @27-09-2021 01:55:10.0999 AM
[ReportManager] API Action [GetResponseJSONValue] successfully performed. With the following test data [name]. @27-09-2021 01:55:11.0014 AM
[ReportManager] API Action [GetResponseJSONValue] successfully performed. With the following test data [email]. @27-09-2021 01:55:11.0028 AM
[ReportManager] Verification [ValidateEquals] PASSED. Expected [Sincere@april.biz] and Actual [Sincere@april.biz]. Comparison Type [EQUALS]. Validation Type [POSITIVE]. @27-09-2021 01:55:11.0028 AM
[ReportManager] API Action [GetResponseJSONValue] successfully performed. With the following test data [username]. @27-09-2021 01:55:11.0042 AM
[ReportManager] Assertion [ValidateEquals] PASSED. Expected [Bret] and Actual [Bret]. Comparison Type [EQUALS]. Validation Type [POSITIVE]. @27-09-2021 01:55:11.0042 AM
[ReportManager] API Action [GetResponseJSONValue] successfully performed. With the following test data [name]. @27-09-2021 01:55:11.0055 AM
[ReportManager] API Action [GetResponseJSONValue] successfully performed. With the following test data [name]. @27-09-2021 01:55:11.0069 AM
[ReportManager] API Action [GetResponseJSONValue] successfully performed. With the following test data [name]. @27-09-2021 01:55:11.0083 AM
[ReportManager] API Action [GetResponseJSONValue] successfully performed. With the following test data [name]. @27-09-2021 01:55:11.0096 AM
[ReportManager] API Action [GetResponseJSONValue] successfully performed. With the following test data [name]. @27-09-2021 01:55:11.0109 AM
[ReportManager] API Action [GetResponseJSONValue] successfully performed. With the following test data [name]. @27-09-2021 01:55:11.0120 AM
[ReportManager] API Action [GetResponseJSONValue] successfully performed. With the following test data [name]. @27-09-2021 01:55:11.0130 AM
[ReportManager] API Action [GetResponseJSONValue] successfully performed. With the following test data [name]. @27-09-2021 01:55:11.0142 AM
[ReportManager] API Action [GetResponseJSONValue] successfully performed. With the following test data [name]. @27-09-2021 01:55:11.0159 A

################################################################################################################################################
Starting Execution:	[72 out of 144] test cases in the current suite
Test Method:		[testPackage01.Test_testData.f]
################################################################################################################################################
[ReportManager] Successfully loaded the following test data file [src/test/resources/TestDataFiles/testSuite01/TestData.xlsx]. @27-09-2021 01:55:11.0321 AM
[ReportManager] Successfully created attachment [Test Data - Excel] @27-09-2021 01:55:11.0405 AM
[ReportManager] Last Column Number is: [3]. Zero-based. @27-09-2021 01:55:11.0407 A

################################################################################################################################################
Starting Execution:	[73 out of 144] test cases in the current suite
Test Method:		[testPackage01.Test_PDF.testPDF_Downloaded]
################################################################################################################################################
[ReportManager] File Action [DoesFileExist] successfully performed. With the following test data [File Path: "src/test/resources/TestDataFiles/sample.pdf"]. @27-09-2021 01:55:11.0536 AM
[ReportManager] File Action [GetAbsolutePath] successfully performed. With the following test data [Relative File Path: "src/test/resources/TestDataFiles/sample.pdf"]. @27-09-2021 01:55:11.0536 AM
[ReportManager] Assertion [ValidateTrue] PASSED. Expected [TRUE] and Actual [TRUE]. Validation Type [POSITIVE]. @27-09-2021 01:56:31.0278 A
[ReportManager] File Action [GetAbsolutePath] successfully performed. With the following test data [Relative Folder Path: "target/downloadedFiles/"]. @27-09-2021 01:56:31.0403 AM
[ReportManager] Attempting to run locally on: [Mac-64], [Safari], Headless Execution. @27-09-2021 01:56:31.0404 AM
[ReportManager] Successfully Opened Safari. @27-09-2021 01:56:32.0245 AM
[ReportManager] Initial window size: (800, 600) @27-09-2021 01:56:32.0259 AM
[ReportManager] Window size after SWD Maximize: (1176, 811) @27-09-2021 01:56:32.0280 AM
[ReportManager] Browser Action [MaximizeWindow] successfully performed. With the following test data [New screen size is now: (1176, 811)]. @27-09-2021 01:56:32.0281 A

################################################################################################################################################
Starting Execution:	[74 out of 144] test cases in the current suite
Test Method:		[testPackage01.Test_ShadowDOM.shadowdom]
################################################################################################################################################
[ReportManager] Target URL: [https://mdn.github.io/web-components-examples/popup-info-box-web-component/] @27-09-2021 01:56:32.0322 AM
[ReportManager] Initial URL: [] @27-09-2021 01:56:32.0366 AM
[ReportManager] Browser Action [NavigateToURL] successfully performed. With the following test data [https://mdn.github.io/web-components-examples/popup-info-box-web-component/]. @27-09-2021 01:56:33.0060 AM
[ReportManager] Element Action [Type] successfully performed. With the following test data [Typing into SHADOW DOM...]. @27-09-2021 01:56:34.0004 AM
[ReportManager] Element Action [GetText] successfully performed. With the following test data [Typing into SHADOW DOM...]. @27-09-2021 01:56:34.0070 AM
[ReportManager] Loaded Shared OpenCV @27-09-2021 01:56:34.0131 AM
[ReportManager] Assertion [ValidateElementAttribute] PASSED. Expected [Value Should be 'Typing into SHADOW DOM...' for the 'Text' attribute, element locator 'By.id: cvc'] and Actual [Typing into SHADOW DOM...]. Comparison Type [EQUALS]. Validation Type [POSITIVE]. @27-09-2021 01:56:34.0289 AM
[ReportManager] Successfully created attachment [Screenshot - 1632707794131_shadowdom_ValidateElementAttribute_passed] @27-09-2021 01:56:34.0290 A
[ReportManager] Browser Action [CloseCurrentWindow] successfully performed. @27-09-2021 01:56:34.0420 AM
[ReportManager] Successfully created attachment [Browser Action Test Data - CloseCurrentWindow - Actual Value] @27-09-2021 01:56:34.0421 A
[ReportManager] File Action [GetAbsolutePath] successfully performed. With the following test data [Relative Folder Path: "target/downloadedFiles/"]. @27-09-2021 01:56:34.0423 AM
[ReportManager] Attempting to run locally on: [Mac-64], [Safari], Headless Execution. @27-09-2021 01:56:34.0423 AM
[ReportManager] Successfully Opened Safari. @27-09-2021 01:56:35.0316 AM
[ReportManager] Initial window size: (800, 600) @27-09-2021 01:56:35.0343 AM
[ReportManager] Window size after SWD Maximize: (1176, 811) @27-09-2021 01:56:35.0368 AM
[ReportManager] Browser Action [MaximizeWindow] successfully performed. With the following test data [New screen size is now: (1176, 811)]. @27-09-2021 01:56:35.0368 A

################################################################################################################################################
Starting Execution:	[75 out of 144] test cases in the current suite
Test Method:		[testPackage01.Test_clipboardActions.typeTextAndCopyPaste]
################################################################################################################################################
[ReportManager] Target URL: [https://www.google.com/ncr], and after redirection: [https://www.google.com] @27-09-2021 01:56:35.0414 AM
[ReportManager] Initial URL: [] @27-09-2021 01:56:35.0456 AM
[ReportManager] Browser Action [NavigateToURL] successfully performed. With the following test data [https://www.google.com/ncr]. @27-09-2021 01:56:36.0988 AM
[ReportManager] Element Action [Type] successfully performed. With the following test data [FIRST]. @27-09-2021 01:56:37.0447 A
[ReportManager] Browser Action [CloseCurrentWindow] successfully performed. @27-09-2021 01:56:37.0695 AM
[ReportManager] Successfully created attachment [Browser Action Test Data - CloseCurrentWindow - Actual Value] @27-09-2021 01:56:37.0738 A

################################################################################################################################################
Starting Execution:	[76 out of 144] test cases in the current suite
Test Method:		[testPackage01.Test_NewValidationHelper.f1]
################################################################################################################################################
[ReportManager] Assertion Passed: Checking valid user data @27-09-2021 01:56:37.0825 AM
[ReportManager] Successfully created attachment [Validation Test Data - Expected Value] @27-09-2021 01:56:37.0864 AM
[ReportManager] Successfully created attachment [Validation Test Data - Actual Value] @27-09-2021 01:56:37.0865 AM
[ReportManager] Assertion [ValidateEquals] PASSED. Expected and Actual values are attached. Comparison Type [EQUALS]. Validation Type [POSITIVE]. @27-09-2021 01:56:37.0865 A
[ReportManager] File Action [GetAbsolutePath] successfully performed. With the following test data [Relative Folder Path: "target/downloadedFiles/"]. @27-09-2021 01:56:37.0867 AM
[ReportManager] Attempting to run locally on: [Mac-64], [Safari], Headless Execution. @27-09-2021 01:56:37.0868 AM
[ReportManager] Successfully Opened Safari. @27-09-2021 01:56:38.0641 AM
[ReportManager] Initial window size: (800, 600) @27-09-2021 01:56:38.0671 AM
[ReportManager] Window size after SWD Maximize: (1176, 811) @27-09-2021 01:56:38.0695 AM
[ReportManager] Browser Action [MaximizeWindow] successfully performed. With the following test data [New screen size is now: (1176, 811)]. @27-09-2021 01:56:38.0696 AM
[ReportManager] Target URL: [https://the-internet.herokuapp.com/] @27-09-2021 01:56:38.0696 AM
[ReportManager] Initial URL: [] @27-09-2021 01:56:38.0752 AM
[ReportManager] Browser Action [NavigateToURL] successfully performed. With the following test data [https://the-internet.herokuapp.com/]. @27-09-2021 01:56:40.0049 A

################################################################################################################################################
Starting Execution:	[77 out of 144] test cases in the current suite
Test Method:		[testPackage01.Test_NewValidationHelper.f10]
################################################################################################################################################
[ReportManager] Assertion [ValidateElementExists] FAILED. Expected [Element Should Exist, locator 'By.tagName: div'] and Actual [Element Exists but is not unique]. Comparison Type [EQUALS]. Validation Type [POSITIVE]. @27-09-2021 01:56:40.0399 AM
[ReportManager] Successfully created attachment [Screenshot - 1632707800227_f10_ValidateElementExists_failed] @27-09-2021 01:56:40.0400 A
[ReportManager] Successfully Closed All Drivers. @27-09-2021 01:56:40.0626 A
[ReportManager] File Action [GetAbsolutePath] successfully performed. With the following test data [Relative Folder Path: "target/downloadedFiles/"]. @27-09-2021 01:56:40.0629 AM
[ReportManager] Attempting to run locally on: [Mac-64], [Safari], Headless Execution. @27-09-2021 01:56:40.0629 AM
[ReportManager] Successfully Opened Safari. @27-09-2021 01:56:41.0503 AM
[ReportManager] Initial window size: (800, 600) @27-09-2021 01:56:41.0513 AM
[ReportManager] Window size after SWD Maximize: (1176, 811) @27-09-2021 01:56:41.0539 AM
[ReportManager] Browser Action [MaximizeWindow] successfully performed. With the following test data [New screen size is now: (1176, 811)]. @27-09-2021 01:56:41.0540 AM
[ReportManager] Target URL: [https://the-internet.herokuapp.com/] @27-09-2021 01:56:41.0540 AM
[ReportManager] Initial URL: [] @27-09-2021 01:56:41.0601 AM
[ReportManager] Browser Action [NavigateToURL] successfully performed. With the following test data [https://the-internet.herokuapp.com/]. @27-09-2021 01:56:42.0820 A

################################################################################################################################################
Starting Execution:	[78 out of 144] test cases in the current suite
Test Method:		[testPackage01.Test_NewValidationHelper.f11]
################################################################################################################################################
[ReportManager] Assertion Passed: Checking that false tag doesn't exist @27-09-2021 01:56:54.0002 AM
[ReportManager] Successfully created attachment [Screenshot - 1632707813919_f11_ValidateElementExists_passed] @27-09-2021 01:56:54.0003 AM
[ReportManager] Assertion [ValidateElementExists] PASSED. Expected [Element Should not Exist, locator 'By.tagName: h3'] and Actual [Element Doesn't Exists]. Comparison Type [EQUALS]. Validation Type [NEGATIVE]. @27-09-2021 01:56:54.0003 A
[ReportManager] Successfully Closed All Drivers. @27-09-2021 01:56:54.0130 A
[ReportManager] File Action [GetAbsolutePath] successfully performed. With the following test data [Relative Folder Path: "target/downloadedFiles/"]. @27-09-2021 01:56:54.0257 AM
[ReportManager] Attempting to run locally on: [Mac-64], [Safari], Headless Execution. @27-09-2021 01:56:54.0257 AM
[ReportManager] Successfully Opened Safari. @27-09-2021 01:56:55.0116 AM
[ReportManager] Initial window size: (800, 600) @27-09-2021 01:56:55.0145 AM
[ReportManager] Window size after SWD Maximize: (1176, 811) @27-09-2021 01:56:55.0244 AM
[ReportManager] Browser Action [MaximizeWindow] successfully performed. With the following test data [New screen size is now: (1176, 811)]. @27-09-2021 01:56:55.0245 AM
[ReportManager] Target URL: [https://the-internet.herokuapp.com/] @27-09-2021 01:56:55.0245 AM
[ReportManager] Initial URL: [] @27-09-2021 01:56:55.0284 AM
[ReportManager] Browser Action [NavigateToURL] successfully performed. With the following test data [https://the-internet.herokuapp.com/]. @27-09-2021 01:56:56.0473 A

################################################################################################################################################
Starting Execution:	[79 out of 144] test cases in the current suite
Test Method:		[testPackage01.Test_NewValidationHelper.f12]
################################################################################################################################################
[ReportManager] Loaded Shared OpenCV @27-09-2021 01:56:56.0702 AM
[ReportManager] Assertion [ValidateElementExists] FAILED. Expected [Element Should not Exist, locator 'By.tagName: h1'] and Actual [Element Exists]. Comparison Type [EQUALS]. Validation Type [NEGATIVE]. @27-09-2021 01:56:56.0968 AM
[ReportManager] Successfully created attachment [Screenshot - 1632707816702_f12_ValidateElementExists_failed] @27-09-2021 01:56:57.0052 A
[ReportManager] Successfully Closed All Drivers. @27-09-2021 01:56:57.0266 A
[ReportManager] File Action [GetAbsolutePath] successfully performed. With the following test data [Relative Folder Path: "target/downloadedFiles/"]. @27-09-2021 01:56:57.0428 AM
[ReportManager] Attempting to run locally on: [Mac-64], [Safari], Headless Execution. @27-09-2021 01:56:57.0428 AM
[ReportManager] Successfully Opened Safari. @27-09-2021 01:56:58.0193 AM
[ReportManager] Initial window size: (800, 600) @27-09-2021 01:56:58.0210 AM
[ReportManager] Window size after SWD Maximize: (1176, 811) @27-09-2021 01:56:58.0228 AM
[ReportManager] Browser Action [MaximizeWindow] successfully performed. With the following test data [New screen size is now: (1176, 811)]. @27-09-2021 01:56:58.0228 AM
[ReportManager] Target URL: [https://the-internet.herokuapp.com/] @27-09-2021 01:56:58.0228 AM
[ReportManager] Initial URL: [] @27-09-2021 01:56:58.0274 AM
[ReportManager] Browser Action [NavigateToURL] successfully performed. With the following test data [https://the-internet.herokuapp.com/]. @27-09-2021 01:56:59.0556 A

################################################################################################################################################
Starting Execution:	[80 out of 144] test cases in the current suite
Test Method:		[testPackage01.Test_NewValidationHelper.f13]
################################################################################################################################################
[ReportManager] Assertion [ValidateElementExists] FAILED. Expected [Element Should not Exist, locator 'By.tagName: div'] and Actual [Element Exists but is not unique]. Comparison Type [EQUALS]. Validation Type [NEGATIVE]. @27-09-2021 01:56:59.0975 AM
[ReportManager] Successfully created attachment [Screenshot - 1632707819787_f13_ValidateElementExists_failed] @27-09-2021 01:57:00.0058 A
[ReportManager] Successfully Closed All Drivers. @27-09-2021 01:57:00.0399 A
[ReportManager] File Action [GetAbsolutePath] successfully performed. With the following test data [Relative Folder Path: "target/downloadedFiles/"]. @27-09-2021 01:57:00.0482 AM
[ReportManager] Attempting to run locally on: [Mac-64], [Safari], Headless Execution. @27-09-2021 01:57:00.0482 AM
[ReportManager] Successfully Opened Safari. @27-09-2021 01:57:01.0262 AM
[ReportManager] Initial window size: (800, 600) @27-09-2021 01:57:01.0281 AM
[ReportManager] Window size after SWD Maximize: (1176, 811) @27-09-2021 01:57:01.0298 AM
[ReportManager] Browser Action [MaximizeWindow] successfully performed. With the following test data [New screen size is now: (1176, 811)]. @27-09-2021 01:57:01.0298 AM
[ReportManager] Target URL: [https://the-internet.herokuapp.com/] @27-09-2021 01:57:01.0298 AM
[ReportManager] Initial URL: [] @27-09-2021 01:57:01.0340 AM
[ReportManager] Browser Action [NavigateToURL] successfully performed. With the following test data [https://the-internet.herokuapp.com/]. @27-09-2021 01:57:02.0674 A

################################################################################################################################################
Starting Execution:	[81 out of 144] test cases in the current suite
Test Method:		[testPackage01.Test_NewValidationHelper.f14]
################################################################################################################################################
[ReportManager] Element Action [GetText] successfully performed. With the following test data [Welcome to the-internet]. @27-09-2021 01:57:02.0836 AM
[ReportManager] Loaded Shared OpenCV @27-09-2021 01:57:02.0906 AM
[ReportManager] Assertion Passed: Asserting that the header text is correct @27-09-2021 01:57:03.0183 AM
[ReportManager] Successfully created attachment [Screenshot - 1632707822906_f14_ValidateElementAttribute_passed] @27-09-2021 01:57:03.0184 AM
[ReportManager] Assertion [ValidateElementAttribute] PASSED. Expected [Value Should be 'Welcome to the-internet' for the 'text' attribute, element locator 'By.tagName: h1'] and Actual [Welcome to the-internet]. Comparison Type [EQUALS]. Validation Type [POSITIVE]. @27-09-2021 01:57:03.0184 A
[ReportManager] Successfully Closed All Drivers. @27-09-2021 01:57:03.0403 A
[ReportManager] File Action [GetAbsolutePath] successfully performed. With the following test data [Relative Folder Path: "target/downloadedFiles/"]. @27-09-2021 01:57:03.0406 AM
[ReportManager] Attempting to run locally on: [Mac-64], [Safari], Headless Execution. @27-09-2021 01:57:03.0406 AM
[ReportManager] Successfully Opened Safari. @27-09-2021 01:57:04.0205 AM
[ReportManager] Initial window size: (800, 600) @27-09-2021 01:57:04.0233 AM
[ReportManager] Window size after SWD Maximize: (1176, 811) @27-09-2021 01:57:04.0249 AM
[ReportManager] Browser Action [MaximizeWindow] successfully performed. With the following test data [New screen size is now: (1176, 811)]. @27-09-2021 01:57:04.0249 AM
[ReportManager] Target URL: [https://the-internet.herokuapp.com/] @27-09-2021 01:57:04.0250 AM
[ReportManager] Initial URL: [] @27-09-2021 01:57:04.0310 AM
[ReportManager] Browser Action [NavigateToURL] successfully performed. With the following test data [https://the-internet.herokuapp.com/]. @27-09-2021 01:57:05.0586 A

################################################################################################################################################
Starting Execution:	[82 out of 144] test cases in the current suite
Test Method:		[testPackage01.Test_NewValidationHelper.f15]
################################################################################################################################################
[ReportManager] Element Action [GetText] successfully performed. With the following test data [Welcome to the-internet]. @27-09-2021 01:57:05.0754 AM
[ReportManager] Loaded Shared OpenCV @27-09-2021 01:57:05.0823 AM
[ReportManager] Assertion [ValidateElementAttribute] FAILED. Expected [Value Should not be 'Welcome' for the 'text' attribute, element locator 'By.tagName: h1'] and Actual [Welcome to the-internet]. Comparison Type [CONTAINS]. Validation Type [NEGATIVE]. @27-09-2021 01:57:06.0092 AM
[ReportManager] Successfully created attachment [Screenshot - 1632707825823_f15_ValidateElementAttribute_failed] @27-09-2021 01:57:06.0177 A
[ReportManager] Successfully Closed All Drivers. @27-09-2021 01:57:06.0586 A
[ReportManager] File Action [GetAbsolutePath] successfully performed. With the following test data [Relative Folder Path: "target/downloadedFiles/"]. @27-09-2021 01:57:06.0719 AM
[ReportManager] Attempting to run locally on: [Mac-64], [Safari], Headless Execution. @27-09-2021 01:57:06.0719 AM
[ReportManager] Successfully Opened Safari. @27-09-2021 01:57:07.0584 AM
[ReportManager] Initial window size: (800, 600) @27-09-2021 01:57:07.0597 AM
[ReportManager] Window size after SWD Maximize: (1176, 811) @27-09-2021 01:57:07.0613 AM
[ReportManager] Browser Action [MaximizeWindow] successfully performed. With the following test data [New screen size is now: (1176, 811)]. @27-09-2021 01:57:07.0614 AM
[ReportManager] Target URL: [https://the-internet.herokuapp.com/] @27-09-2021 01:57:07.0614 AM
[ReportManager] Initial URL: [] @27-09-2021 01:57:07.0674 AM
[ReportManager] Browser Action [NavigateToURL] successfully performed. With the following test data [https://the-internet.herokuapp.com/]. @27-09-2021 01:57:08.0921 A

################################################################################################################################################
Starting Execution:	[83 out of 144] test cases in the current suite
Test Method:		[testPackage01.Test_NewValidationHelper.f16]
################################################################################################################################################
[ReportManager] Element Action [IdentifyUniqueElement] failed. With the following test data [zero elements found matching this locator "By.tagName: h3".]. @27-09-2021 01:57:34.0227 AM
[ReportManager] Successfully created attachment [Screenshot - 1632707854148_f16_IdentifyUniqueElement_failed] @27-09-2021 01:57:34.0228 AM
[ReportManager] Assertion [ValidateElementAttribute] FAILED. Expected [Value Should not be 'Welcome' for the 'text' attribute, element locator 'By.tagName: h3'] and Actual [Failed to read the desired element attribute]. Comparison Type [CONTAINS]. Validation Type [NEGATIVE]. @27-09-2021 01:57:34.0228 A
[ReportManager] Successfully Closed All Drivers. @27-09-2021 01:57:34.0335 A
[ReportManager] File Action [GetAbsolutePath] successfully performed. With the following test data [Relative Folder Path: "target/downloadedFiles/"]. @27-09-2021 01:57:34.0337 AM
[ReportManager] Attempting to run locally on: [Mac-64], [Safari], Headless Execution. @27-09-2021 01:57:34.0337 AM
[ReportManager] Successfully Opened Safari. @27-09-2021 01:57:35.0191 AM
[ReportManager] Initial window size: (800, 600) @27-09-2021 01:57:35.0214 AM
[ReportManager] Window size after SWD Maximize: (1176, 811) @27-09-2021 01:57:35.0230 AM
[ReportManager] Browser Action [MaximizeWindow] successfully performed. With the following test data [New screen size is now: (1176, 811)]. @27-09-2021 01:57:35.0231 AM
[ReportManager] Target URL: [https://the-internet.herokuapp.com/] @27-09-2021 01:57:35.0231 AM
[ReportManager] Initial URL: [] @27-09-2021 01:57:35.0298 AM
[ReportManager] Browser Action [NavigateToURL] successfully performed. With the following test data [https://the-internet.herokuapp.com/]. @27-09-2021 01:57:36.0536 A

################################################################################################################################################
Starting Execution:	[84 out of 144] test cases in the current suite
Test Method:		[testPackage01.Test_NewValidationHelper.f17]
################################################################################################################################################
[ReportManager] Attempting to getAttribute [text2] from elementLocator [By.tagName: h1]. @27-09-2021 01:57:36.0540 AM
[ReportManager] Element Action [GetAttribute] successfully performed. @27-09-2021 01:57:36.0581 AM
[ReportManager] Loaded Shared OpenCV @27-09-2021 01:57:36.0648 AM
[ReportManager] Assertion [ValidateElementAttribute] PASSED. Expected [Value Should not be 'Welcome' for the 'text2' attribute, element locator 'By.tagName: h1'] and Actual [null]. Comparison Type [CONTAINS]. Validation Type [NEGATIVE]. @27-09-2021 01:57:36.0798 AM
[ReportManager] Successfully created attachment [Screenshot - 1632707856648_f17_ValidateElementAttribute_passed] @27-09-2021 01:57:36.0800 A
[ReportManager] Successfully Closed All Drivers. @27-09-2021 01:57:36.0852 A
[ReportManager] File Action [GetAbsolutePath] successfully performed. With the following test data [Relative Folder Path: "target/downloadedFiles/"]. @27-09-2021 01:57:36.0857 AM
[ReportManager] Attempting to run locally on: [Mac-64], [Safari], Headless Execution. @27-09-2021 01:57:36.0857 AM
[ReportManager] Successfully Opened Safari. @27-09-2021 01:57:37.0701 AM
[ReportManager] Initial window size: (800, 600) @27-09-2021 01:57:37.0748 AM
[ReportManager] Window size after SWD Maximize: (1176, 811) @27-09-2021 01:57:37.0765 AM
[ReportManager] Browser Action [MaximizeWindow] successfully performed. With the following test data [New screen size is now: (1176, 811)]. @27-09-2021 01:57:37.0766 AM
[ReportManager] Target URL: [https://the-internet.herokuapp.com/] @27-09-2021 01:57:37.0766 AM
[ReportManager] Initial URL: [] @27-09-2021 01:57:37.0848 AM
[ReportManager] Browser Action [NavigateToURL] successfully performed. With the following test data [https://the-internet.herokuapp.com/]. @27-09-2021 01:57:39.0116 A

################################################################################################################################################
Starting Execution:	[85 out of 144] test cases in the current suite
Test Method:		[testPackage01.Test_NewValidationHelper.f18]
################################################################################################################################################
[ReportManager] Element Action [GetText] successfully performed. With the following test data [Welcome to the-internet]. @27-09-2021 01:57:39.0157 AM
[ReportManager] Loaded Shared OpenCV @27-09-2021 01:57:39.0224 AM
[ReportManager] Assertion [ValidateElementAttribute] PASSED. Expected [Value Should not be 'no' for the 'text' attribute, element locator 'By.tagName: h1'] and Actual [Welcome to the-internet]. Comparison Type [CONTAINS]. Validation Type [NEGATIVE]. @27-09-2021 01:57:39.0319 AM
[ReportManager] Successfully created attachment [Screenshot - 1632707859224_f18_ValidateElementAttribute_passed] @27-09-2021 01:57:39.0321 A
[ReportManager] Successfully Closed All Drivers. @27-09-2021 01:57:39.0406 A
[ReportManager] File Action [GetAbsolutePath] successfully performed. With the following test data [Relative Folder Path: "target/downloadedFiles/"]. @27-09-2021 01:57:39.0408 AM
[ReportManager] Attempting to run locally on: [Mac-64], [Safari], Headless Execution. @27-09-2021 01:57:39.0409 AM
[ReportManager] Successfully Opened Safari. @27-09-2021 01:57:40.0194 AM
[ReportManager] Initial window size: (800, 600) @27-09-2021 01:57:40.0216 AM
[ReportManager] Window size after SWD Maximize: (1176, 811) @27-09-2021 01:57:40.0233 AM
[ReportManager] Browser Action [MaximizeWindow] successfully performed. With the following test data [New screen size is now: (1176, 811)]. @27-09-2021 01:57:40.0234 AM
[ReportManager] Target URL: [https://the-internet.herokuapp.com/] @27-09-2021 01:57:40.0238 AM
[ReportManager] Initial URL: [] @27-09-2021 01:57:40.0277 AM
[ReportManager] Browser Action [NavigateToURL] successfully performed. With the following test data [https://the-internet.herokuapp.com/]. @27-09-2021 01:57:41.0643 A

################################################################################################################################################
Starting Execution:	[86 out of 144] test cases in the current suite
Test Method:		[testPackage01.Test_NewValidationHelper.f19]
################################################################################################################################################
[ReportManager] Element Action [GetTagName] successfully performed. With the following test data [H1]. @27-09-2021 01:57:41.0690 AM
[ReportManager] Loaded Shared OpenCV @27-09-2021 01:57:41.0753 AM
[ReportManager] Assertion [ValidateElementAttribute] FAILED. Expected [Value Should be 'h' for the 'tagname' attribute, element locator 'By.tagName: h1'] and Actual [H1]. Comparison Type [CONTAINS]. Validation Type [POSITIVE]. @27-09-2021 01:57:41.0851 AM
[ReportManager] Successfully created attachment [Screenshot - 1632707861753_f19_ValidateElementAttribute_failed] @27-09-2021 01:57:41.0853 A
[ReportManager] Successfully Closed All Drivers. @27-09-2021 01:57:42.0028 A

################################################################################################################################################
Starting Execution:	[87 out of 144] test cases in the current suite
Test Method:		[testPackage01.Test_NewValidationHelper.f2]
################################################################################################################################################
[ReportManager] Assertion Failed: Checking valid user data @27-09-2021 01:57:42.0031 AM
[ReportManager] Assertion [ValidateEquals] FAILED. Expected [1] and Actual [2]. Comparison Type [EQUALS]. Validation Type [POSITIVE]. @27-09-2021 01:57:42.0031 A
[ReportManager] File Action [GetAbsolutePath] successfully performed. With the following test data [Relative Folder Path: "target/downloadedFiles/"]. @27-09-2021 01:57:42.0033 AM
[ReportManager] Attempting to run locally on: [Mac-64], [Safari], Headless Execution. @27-09-2021 01:57:42.0033 AM
[ReportManager] Successfully Opened Safari. @27-09-2021 01:57:42.0898 AM
[ReportManager] Initial window size: (800, 600) @27-09-2021 01:57:42.0909 AM
[ReportManager] Window size after SWD Maximize: (1176, 811) @27-09-2021 01:57:42.0933 AM
[ReportManager] Browser Action [MaximizeWindow] successfully performed. With the following test data [New screen size is now: (1176, 811)]. @27-09-2021 01:57:42.0933 AM
[ReportManager] Target URL: [https://the-internet.herokuapp.com/] @27-09-2021 01:57:42.0933 AM
[ReportManager] Initial URL: [] @27-09-2021 01:57:42.0987 AM
[ReportManager] Browser Action [NavigateToURL] successfully performed. With the following test data [https://the-internet.herokuapp.com/]. @27-09-2021 01:57:44.0240 A

################################################################################################################################################
Starting Execution:	[88 out of 144] test cases in the current suite
Test Method:		[testPackage01.Test_NewValidationHelper.f20]
################################################################################################################################################
[ReportManager] Element Action [GetSize] successfully performed. With the following test data [(971, 62)]. @27-09-2021 01:57:44.0360 AM
[ReportManager] Loaded Shared OpenCV @27-09-2021 01:57:44.0475 AM
[ReportManager] Assertion [ValidateElementAttribute] PASSED. Expected [Value Should not be 'a' for the 'size' attribute, element locator 'By.tagName: h1'] and Actual [(971, 62)]. Comparison Type [CONTAINS]. Validation Type [NEGATIVE]. @27-09-2021 01:57:44.0586 AM
[ReportManager] Successfully created attachment [Screenshot - 1632707864474_f20_ValidateElementAttribute_passed] @27-09-2021 01:57:44.0588 A
[ReportManager] Successfully Closed All Drivers. @27-09-2021 01:57:44.0649 A
[ReportManager] File Action [GetAbsolutePath] successfully performed. With the following test data [Relative Folder Path: "target/downloadedFiles/"]. @27-09-2021 01:57:44.0652 AM
[ReportManager] Attempting to run locally on: [Mac-64], [Safari], Headless Execution. @27-09-2021 01:57:44.0652 AM
[ReportManager] Successfully Opened Safari. @27-09-2021 01:57:45.0464 AM
[ReportManager] Initial window size: (800, 600) @27-09-2021 01:57:45.0475 AM
[ReportManager] Window size after SWD Maximize: (1176, 811) @27-09-2021 01:57:45.0498 AM
[ReportManager] Browser Action [MaximizeWindow] successfully performed. With the following test data [New screen size is now: (1176, 811)]. @27-09-2021 01:57:45.0499 AM
[ReportManager] Target URL: [https://the-internet.herokuapp.com/] @27-09-2021 01:57:45.0499 AM
[ReportManager] Initial URL: [] @27-09-2021 01:57:45.0561 AM
[ReportManager] Browser Action [NavigateToURL] successfully performed. With the following test data [https://the-internet.herokuapp.com/]. @27-09-2021 01:57:46.0795 A

################################################################################################################################################
Starting Execution:	[89 out of 144] test cases in the current suite
Test Method:		[testPackage01.Test_NewValidationHelper.f21]
################################################################################################################################################
[ReportManager] Element Action [IdentifyUniqueElement] failed. With the following test data [zero elements found matching this locator "By.tagName: h3".]. @27-09-2021 01:58:12.0931 AM
[ReportManager] Successfully created attachment [Screenshot - 1632707892813_f21_IdentifyUniqueElement_failed] @27-09-2021 01:58:12.0932 AM
[ReportManager] Assertion [ValidateElementAttribute] FAILED. Expected [Value Should be 'Welcome' for the 'text' attribute, element locator 'By.tagName: h3'] and Actual [Failed to read the desired element attribute]. Comparison Type [CONTAINS]. Validation Type [POSITIVE]. @27-09-2021 01:58:12.0932 A
[ReportManager] Successfully Closed All Drivers. @27-09-2021 01:58:13.0155 A
[ReportManager] File Action [GetAbsolutePath] successfully performed. With the following test data [Relative Folder Path: "target/downloadedFiles/"]. @27-09-2021 01:58:13.0158 AM
[ReportManager] Attempting to run locally on: [Mac-64], [Safari], Headless Execution. @27-09-2021 01:58:13.0158 AM
[ReportManager] Successfully Opened Safari. @27-09-2021 01:58:14.0050 AM
[ReportManager] Initial window size: (800, 600) @27-09-2021 01:58:14.0065 AM
[ReportManager] Window size after SWD Maximize: (1176, 811) @27-09-2021 01:58:14.0114 AM
[ReportManager] Browser Action [MaximizeWindow] successfully performed. With the following test data [New screen size is now: (1176, 811)]. @27-09-2021 01:58:14.0115 AM
[ReportManager] Target URL: [https://the-internet.herokuapp.com/] @27-09-2021 01:58:14.0115 AM
[ReportManager] Initial URL: [] @27-09-2021 01:58:14.0181 AM
[ReportManager] Browser Action [NavigateToURL] successfully performed. With the following test data [https://the-internet.herokuapp.com/]. @27-09-2021 01:58:15.0372 A

################################################################################################################################################
Starting Execution:	[90 out of 144] test cases in the current suite
Test Method:		[testPackage01.Test_NewValidationHelper.f22]
################################################################################################################################################
[ReportManager] Element Action [GetText] successfully performed. With the following test data [Welcome to the-internet]. @27-09-2021 01:58:15.0534 AM
[ReportManager] Loaded Shared OpenCV @27-09-2021 01:58:15.0599 AM
[ReportManager] Assertion [ValidateElementAttribute] FAILED. Expected [Value Should be 'yyy' for the 'text' attribute, element locator 'By.tagName: h1'] and Actual [Welcome to the-internet]. Comparison Type [CONTAINS]. Validation Type [POSITIVE]. @27-09-2021 01:58:15.0697 AM
[ReportManager] Successfully created attachment [Screenshot - 1632707895599_f22_ValidateElementAttribute_failed] @27-09-2021 01:58:15.0699 A
[ReportManager] Successfully Closed All Drivers. @27-09-2021 01:58:15.0844 A

################################################################################################################################################
Starting Execution:	[91 out of 144] test cases in the current suite
Test Method:		[testPackage01.Test_NewValidationHelper.f23]
################################################################################################################################################
[ReportManager] Assertion Passed: confirming that the actual is greater than or equal to the expected @27-09-2021 01:58:15.0847 AM
[ReportManager] Assertion [ValidateComparativeRelation] PASSED. Expected [1] and Actual [1]. Comparison Type [GREATER_THAN_OR_EQUALS]. Validation Type [POSITIVE]. @27-09-2021 01:58:15.0847 A

################################################################################################################################################
Starting Execution:	[92 out of 144] test cases in the current suite
Test Method:		[testPackage01.Test_NewValidationHelper.f24]
################################################################################################################################################
[ReportManager] Assertion [ValidateComparativeRelation] PASSED. Expected [1] and Actual [10]. Comparison Type [GREATER_THAN_OR_EQUALS]. Validation Type [POSITIVE]. @27-09-2021 01:58:15.0850 A

################################################################################################################################################
Starting Execution:	[93 out of 144] test cases in the current suite
Test Method:		[testPackage01.Test_NewValidationHelper.f25]
################################################################################################################################################
[ReportManager] Assertion [ValidateComparativeRelation] PASSED. Expected [1] and Actual [1]. Comparison Type [EQUALS]. Validation Type [POSITIVE]. @27-09-2021 01:58:15.0879 A

################################################################################################################################################
Starting Execution:	[94 out of 144] test cases in the current suite
Test Method:		[testPackage01.Test_NewValidationHelper.f26]
################################################################################################################################################
[ReportManager] Assertion [ValidateComparativeRelation] PASSED. Expected [1] and Actual [5]. Comparison Type [GREATER_THAN]. Validation Type [POSITIVE]. @27-09-2021 01:58:15.0881 A

################################################################################################################################################
Starting Execution:	[95 out of 144] test cases in the current suite
Test Method:		[testPackage01.Test_NewValidationHelper.f27]
################################################################################################################################################
[ReportManager] Assertion [ValidateComparativeRelation] PASSED. Expected [11] and Actual [5]. Comparison Type [LESS_THAN]. Validation Type [POSITIVE]. @27-09-2021 01:58:15.0883 A

################################################################################################################################################
Starting Execution:	[96 out of 144] test cases in the current suite
Test Method:		[testPackage01.Test_NewValidationHelper.f28]
################################################################################################################################################
[ReportManager] Assertion [ValidateComparativeRelation] PASSED. Expected [11] and Actual [5]. Comparison Type [LESS_THAN_OR_EQUALS]. Validation Type [POSITIVE]. @27-09-2021 01:58:15.0886 A

################################################################################################################################################
Starting Execution:	[97 out of 144] test cases in the current suite
Test Method:		[testPackage01.Test_NewValidationHelper.f29]
################################################################################################################################################
[ReportManager] Assertion [ValidateComparativeRelation] PASSED. Expected [11] and Actual [11]. Comparison Type [LESS_THAN_OR_EQUALS]. Validation Type [POSITIVE]. @27-09-2021 01:58:15.0889 A

################################################################################################################################################
Starting Execution:	[98 out of 144] test cases in the current suite
Test Method:		[testPackage01.Test_NewValidationHelper.f3]
################################################################################################################################################
[ReportManager] Assertion [ValidateEquals] PASSED. Expected [1] and Actual [2]. Comparison Type [EQUALS]. Validation Type [NEGATIVE]. @27-09-2021 01:58:15.0892 A

################################################################################################################################################
Starting Execution:	[99 out of 144] test cases in the current suite
Test Method:		[testPackage01.Test_NewValidationHelper.f30]
################################################################################################################################################
[ReportManager] Assertion [ValidateComparativeRelation] FAILED. Expected [-9] and Actual [11]. Comparison Type [LESS_THAN_OR_EQUALS]. Validation Type [POSITIVE]. @27-09-2021 01:58:15.0894 A

################################################################################################################################################
Starting Execution:	[100 out of 144] test cases in the current suite
Test Method:		[testPackage01.Test_NewValidationHelper.f31]
################################################################################################################################################
[ReportManager] Assertion [ValidateTrue] PASSED. Expected [TRUE] and Actual [TRUE]. Validation Type [POSITIVE]. @27-09-2021 01:58:15.0897 A

################################################################################################################################################
Starting Execution:	[101 out of 144] test cases in the current suite
Test Method:		[testPackage01.Test_NewValidationHelper.f32]
################################################################################################################################################
[ReportManager] Assertion [ValidateTrue] PASSED. Expected [FALSE] and Actual [FALSE]. Validation Type [NEGATIVE]. @27-09-2021 01:58:15.0900 A

################################################################################################################################################
Starting Execution:	[102 out of 144] test cases in the current suite
Test Method:		[testPackage01.Test_NewValidationHelper.f33]
################################################################################################################################################
[ReportManager] Assertion [ValidateTrue] FAILED. Expected [FALSE] and Actual [TRUE]. Validation Type [NEGATIVE]. @27-09-2021 01:58:15.0903 A

################################################################################################################################################
Starting Execution:	[103 out of 144] test cases in the current suite
Test Method:		[testPackage01.Test_NewValidationHelper.f34]
################################################################################################################################################
[ReportManager] Assertion [ValidateTrue] FAILED. Expected [TRUE] and Actual [FALSE]. Validation Type [POSITIVE]. @27-09-2021 01:58:15.0906 A

################################################################################################################################################
Starting Execution:	[104 out of 144] test cases in the current suite
Test Method:		[testPackage01.Test_NewValidationHelper.f35]
################################################################################################################################################
[ReportManager] File Action [DoesFileExist] successfully performed. With the following test data [File Path: "pom.xml"]. @27-09-2021 01:58:15.0909 AM
[ReportManager] Assertion [ValidateFileExists] PASSED. Expected [File 'pom.xml' should exist, after up to '1' retries] and Actual [File exists]. Validation Type [POSITIVE]. @27-09-2021 01:58:15.0915 A

################################################################################################################################################
Starting Execution:	[105 out of 144] test cases in the current suite
Test Method:		[testPackage01.Test_NewValidationHelper.f36]
################################################################################################################################################
[ReportManager] File Action [DoesFileExist] successfully performed. With the following test data [File Path: "src/test/java/testPackage01/Test_NewValidationHelper.java"]. @27-09-2021 01:58:15.0918 AM
[ReportManager] Assertion [ValidateFileExists] PASSED. Expected [File 'src/test/java/testPackage01/Test_NewValidationHelper.java' should exist, after up to '1' retries] and Actual [File exists]. Validation Type [POSITIVE]. @27-09-2021 01:58:15.0918 A

################################################################################################################################################
Starting Execution:	[106 out of 144] test cases in the current suite
Test Method:		[testPackage01.Test_NewValidationHelper.f37]
################################################################################################################################################
[ReportManager] File Action [DoesFileExist] successfully performed. With the following test data [File Path: "pom.xml"]. @27-09-2021 01:58:15.0921 AM
[ReportManager] Assertion Failed: confirming that the file does't exist after 5 retries @27-09-2021 01:58:15.0921 AM
[ReportManager] Assertion [ValidateFileExists] FAILED. Expected [File 'pom.xml' should not exist, after up to '5' retries] and Actual [File exists]. Validation Type [NEGATIVE]. @27-09-2021 01:58:15.0922 A

################################################################################################################################################
Starting Execution:	[107 out of 144] test cases in the current suite
Test Method:		[testPackage01.Test_NewValidationHelper.f3_1]
################################################################################################################################################
[ReportManager] Assertion Passed: Checking valid user data @27-09-2021 01:58:15.0925 AM
[ReportManager] Assertion [ValidateEquals] PASSED. Expected [null] and Actual [null]. Comparison Type [EQUALS]. Validation Type [POSITIVE]. @27-09-2021 01:58:15.0925 A

################################################################################################################################################
Starting Execution:	[108 out of 144] test cases in the current suite
Test Method:		[testPackage01.Test_NewValidationHelper.f4]
################################################################################################################################################
[ReportManager] Assertion [ValidateEquals] PASSED. Expected [1] and Actual [123]. Comparison Type [CONTAINS]. Validation Type [POSITIVE]. @27-09-2021 01:58:15.0928 A

################################################################################################################################################
Starting Execution:	[109 out of 144] test cases in the current suite
Test Method:		[testPackage01.Test_NewValidationHelper.f5]
################################################################################################################################################
[ReportManager] Assertion [ValidateNull] PASSED. Expected [NULL] and Actual [1]. Comparison Type [EQUALS]. Validation Type [NEGATIVE]. @27-09-2021 01:58:15.0930 A

################################################################################################################################################
Starting Execution:	[110 out of 144] test cases in the current suite
Test Method:		[testPackage01.Test_NewValidationHelper.f6]
################################################################################################################################################
[ReportManager] Assertion Failed: Making sure that null string is not equal to null object @27-09-2021 01:58:15.0933 AM
[ReportManager] Assertion [ValidateNull] FAILED. Expected [NULL] and Actual [NULL]. Comparison Type [EQUALS]. Validation Type [POSITIVE]. @27-09-2021 01:58:15.0933 A

################################################################################################################################################
Starting Execution:	[111 out of 144] test cases in the current suite
Test Method:		[testPackage01.Test_NewValidationHelper.f6_1]
################################################################################################################################################
[ReportManager] Assertion [ValidateNull] FAILED. Expected [NULL] and Actual [NULL]. Comparison Type [EQUALS]. Validation Type [NEGATIVE]. @27-09-2021 01:58:15.0936 A

################################################################################################################################################
Starting Execution:	[112 out of 144] test cases in the current suite
Test Method:		[testPackage01.Test_NewValidationHelper.f6_2]
################################################################################################################################################
[ReportManager] Assertion Failed: Making sure that null string is not equal to null object @27-09-2021 01:58:15.0939 AM
[ReportManager] Assertion [ValidateNull] FAILED. Expected [NULL] and Actual [not null]. Comparison Type [EQUALS]. Validation Type [POSITIVE]. @27-09-2021 01:58:15.0939 A

################################################################################################################################################
Starting Execution:	[113 out of 144] test cases in the current suite
Test Method:		[testPackage01.Test_NewValidationHelper.f7]
################################################################################################################################################
[ReportManager] Assertion [ValidateNull] PASSED. Expected [NULL] and Actual [NULL]. Comparison Type [EQUALS]. Validation Type [POSITIVE]. @27-09-2021 01:58:15.0942 A
[ReportManager] File Action [GetAbsolutePath] successfully performed. With the following test data [Relative Folder Path: "target/downloadedFiles/"]. @27-09-2021 01:58:15.0945 AM
[ReportManager] Attempting to run locally on: [Mac-64], [Safari], Headless Execution. @27-09-2021 01:58:15.0945 AM
[ReportManager] Successfully Opened Safari. @27-09-2021 01:58:16.0741 AM
[ReportManager] Initial window size: (800, 600) @27-09-2021 01:58:16.0763 AM
[ReportManager] Window size after SWD Maximize: (1176, 811) @27-09-2021 01:58:16.0846 AM
[ReportManager] Browser Action [MaximizeWindow] successfully performed. With the following test data [New screen size is now: (1176, 811)]. @27-09-2021 01:58:16.0846 AM
[ReportManager] Target URL: [https://the-internet.herokuapp.com/] @27-09-2021 01:58:16.0846 AM
[ReportManager] Initial URL: [] @27-09-2021 01:58:16.0883 AM
[ReportManager] Browser Action [NavigateToURL] successfully performed. With the following test data [https://the-internet.herokuapp.com/]. @27-09-2021 01:58:18.0137 A

################################################################################################################################################
Starting Execution:	[114 out of 144] test cases in the current suite
Test Method:		[testPackage01.Test_NewValidationHelper.f8]
################################################################################################################################################
[ReportManager] Loaded Shared OpenCV @27-09-2021 01:58:18.0252 AM
[ReportManager] Assertion [ValidateElementExists] PASSED. Expected [Element Should Exist, locator 'By.tagName: h1'] and Actual [Element Exists]. Comparison Type [EQUALS]. Validation Type [POSITIVE]. @27-09-2021 01:58:18.0359 AM
[ReportManager] Successfully created attachment [Screenshot - 1632707898252_f8_ValidateElementExists_passed] @27-09-2021 01:58:18.0360 A
[ReportManager] Successfully Closed All Drivers. @27-09-2021 01:58:18.0466 A
[ReportManager] File Action [GetAbsolutePath] successfully performed. With the following test data [Relative Folder Path: "target/downloadedFiles/"]. @27-09-2021 01:58:18.0468 AM
[ReportManager] Attempting to run locally on: [Mac-64], [Safari], Headless Execution. @27-09-2021 01:58:18.0468 AM
[ReportManager] Successfully Opened Safari. @27-09-2021 01:58:19.0227 AM
[ReportManager] Initial window size: (800, 600) @27-09-2021 01:58:19.0246 AM
[ReportManager] Window size after SWD Maximize: (1176, 811) @27-09-2021 01:58:19.0262 AM
[ReportManager] Browser Action [MaximizeWindow] successfully performed. With the following test data [New screen size is now: (1176, 811)]. @27-09-2021 01:58:19.0263 AM
[ReportManager] Target URL: [https://the-internet.herokuapp.com/] @27-09-2021 01:58:19.0263 AM
[ReportManager] Initial URL: [] @27-09-2021 01:58:19.0304 AM
[ReportManager] Browser Action [NavigateToURL] successfully performed. With the following test data [https://the-internet.herokuapp.com/]. @27-09-2021 01:58:20.0616 A

################################################################################################################################################
Starting Execution:	[115 out of 144] test cases in the current suite
Test Method:		[testPackage01.Test_NewValidationHelper.f9]
################################################################################################################################################
[ReportManager] Assertion [ValidateElementExists] FAILED. Expected [Element Should Exist, locator 'By.tagName: h3'] and Actual [Element Doesn't Exists]. Comparison Type [EQUALS]. Validation Type [POSITIVE]. @27-09-2021 01:58:52.0230 AM
[ReportManager] Successfully created attachment [Screenshot - 1632707932151_f9_ValidateElementExists_failed] @27-09-2021 01:58:52.0231 A
[ReportManager] Successfully Closed All Drivers. @27-09-2021 01:58:52.0285 A

################################################################################################################################################
Starting Execution:	[116 out of 144] test cases in the current suite
Test Method:		[testPackage01.Test_NewValidationHelper.forceFail]
################################################################################################################################################
[ReportManager] Assertion [ValidateFail] FAILED. Successfully force failed the test. @27-09-2021 01:58:52.0488 A

################################################################################################################################################
Starting Execution:	[117 out of 144] test cases in the current suite
Test Method:		[testPackage01.Test_NewValidationHelper.forceFail2]
################################################################################################################################################
[ReportManager] Assertion Failed: Custom Message @27-09-2021 01:58:52.0493 AM
[ReportManager] Assertion [ValidateFail] FAILED. Successfully force failed the test. @27-09-2021 01:58:52.0493 A

################################################################################################################################################
Starting Execution:	[118 out of 144] test cases in the current suite
Test Method:		[testPackage01.Test_JsonActions.f]
###############################################################################################################################################

################################################################################################################################################
Starting Execution:	[119 out of 144] test cases in the current suite
Test Method:		[testPackage01.Test_JsonActions.f2]
###############################################################################################################################################

################################################################################################################################################
Starting Execution:	[120 out of 144] test cases in the current suite
Test Method:		[testPackage01.Test_sendGraphqlRequest.sendGraphqlRequestUsingMutationAndVariables]
################################################################################################################################################
[ReportManager] GraphQl Request is being Performed with the Following Parameters [Service URL: https://api.spacex.land/graphql | Request Body: {"variables":"{\"name\": \"sherlock holmes\",\"rocket\": \"221B Baker Street\"}","query":"mutation ($name: String, $rocket: String) {\n  insert_users(objects: {name: $name, rocket: $rocket}) {\n    returning {\n      name\n      rocket\n    }\n  }\n}"}] @27-09-2021 01:58:52.0526 AM
[ReportManager] Response status code: [200], status line: [HTTP/1.1 200 OK] @27-09-2021 01:58:53.0131 AM
[ReportManager] Assertion Passed: Evaluating the actual response status code against the expected one... @27-09-2021 01:58:53.0132 AM
[ReportManager] Assertion [ValidateEquals] PASSED. Expected [200] and Actual [200]. Comparison Type [EQUALS]. Validation Type [POSITIVE]. @27-09-2021 01:58:53.0132 AM
[ReportManager] API Action [PerformRequest] successfully performed. With the following test data [Request Type: "POST" | Target Status Code: "200" | Service URL: "https://api.spacex.land/graphql" | Content Type: "application/json" | Response Time: "498ms"]. @27-09-2021 01:58:53.0173 AM
[ReportManager] Successfully created attachment [API Request - Specifications] @27-09-2021 01:58:53.0173 AM
[ReportManager] Successfully created attachment [API Request - JSON Body] @27-09-2021 01:58:53.0174 AM
[ReportManager] Successfully created attachment [API Response - JSON Body] @27-09-2021 01:58:53.0174 AM
[ReportManager] API Action [GetResponseJSONValue] successfully performed. With the following test data [data.insert_users.returning[0].name]. @27-09-2021 01:58:53.0219 AM
[ReportManager] Assertion [ValidateEquals] PASSED. Expected [sherlock holmes] and Actual [sherlock holmes]. Comparison Type [EQUALS]. Validation Type [POSITIVE]. @27-09-2021 01:58:53.0219 A

################################################################################################################################################
Starting Execution:	[121 out of 144] test cases in the current suite
Test Method:		[testPackage01.Test_sendGraphqlRequest.sendGraphqlRequestUsingQuery]
################################################################################################################################################
[ReportManager] GraphQl Request is being Performed with the Following Parameters [Service URL: https://api.spacex.land/graphql | Request Body: {"query":"{company {ceo}}"}] @27-09-2021 01:58:53.0222 AM
[ReportManager] Response status code: [200], status line: [HTTP/1.1 200 OK] @27-09-2021 01:58:53.0508 AM
[ReportManager] Assertion Passed: Evaluating the actual response status code against the expected one... @27-09-2021 01:58:53.0509 AM
[ReportManager] Assertion [ValidateEquals] PASSED. Expected [200] and Actual [200]. Comparison Type [EQUALS]. Validation Type [POSITIVE]. @27-09-2021 01:58:53.0509 AM
[ReportManager] API Action [PerformRequest] successfully performed. With the following test data [Request Type: "POST" | Target Status Code: "200" | Service URL: "https://api.spacex.land/graphql" | Content Type: "application/json" | Response Time: "282ms"]. @27-09-2021 01:58:53.0523 AM
[ReportManager] Successfully created attachment [API Request - Specifications] @27-09-2021 01:58:53.0523 AM
[ReportManager] Successfully created attachment [API Request - JSON Body] @27-09-2021 01:58:53.0524 AM
[ReportManager] Successfully created attachment [API Response - JSON Body] @27-09-2021 01:58:53.0524 AM
[ReportManager] API Action [GetResponseJSONValue] successfully performed. With the following test data [data.company.ceo]. @27-09-2021 01:58:53.0539 AM
[ReportManager] Assertion [ValidateEquals] PASSED. Expected [Elon Musk] and Actual [Elon Musk]. Comparison Type [EQUALS]. Validation Type [POSITIVE]. @27-09-2021 01:58:53.0539 A
[ReportManager] File Action [GetAbsolutePath] successfully performed. With the following test data [Relative Folder Path: "target/downloadedFiles/"]. @27-09-2021 01:58:53.0541 AM
[ReportManager] Attempting to run locally on: [Mac-64], [Safari], Headless Execution. @27-09-2021 01:58:53.0541 AM
[ReportManager] Successfully Opened Safari. @27-09-2021 01:58:54.0346 AM
[ReportManager] Initial window size: (800, 600) @27-09-2021 01:58:54.0372 AM
[ReportManager] Window size after SWD Maximize: (1176, 811) @27-09-2021 01:58:54.0398 AM
[ReportManager] Browser Action [MaximizeWindow] successfully performed. With the following test data [New screen size is now: (1176, 811)]. @27-09-2021 01:58:54.0398 A

################################################################################################################################################
Starting Execution:	[122 out of 144] test cases in the current suite
Test Method:		[testPackage01.Test_dragAndDrop.dragAndDropJquery]
################################################################################################################################################
[ReportManager] Target URL: [https://jqueryui.com/resources/demos/droppable/default.html] @27-09-2021 01:58:54.0401 AM
[ReportManager] Initial URL: [] @27-09-2021 01:58:54.0451 AM
[ReportManager] Browser Action [NavigateToURL] successfully performed. With the following test data [https://jqueryui.com/resources/demos/droppable/default.html]. @27-09-2021 01:58:55.0118 AM
[ReportManager] Element Action [GetText] successfully performed. With the following test data [
	Drop here
]. @27-09-2021 01:58:55.0161 AM
[ReportManager] Element Action [DragAndDrop] successfully performed. With the following test data [Start point: (8, 18), End point: (8, 18)]. @27-09-2021 01:58:56.0222 AM
[ReportManager] Element Action [GetText] successfully performed. With the following test data [
	Dropped!
]. @27-09-2021 01:58:56.0258 AM
[ReportManager] Assertion Passed: Checking to see if the text has changed after performing drag and drop @27-09-2021 01:58:56.0258 AM
[ReportManager] Assertion [ValidateEquals] PASSED. Expected [
	Drop here
] and Actual [
	Dropped!
]. Comparison Type [EQUALS]. Validation Type [NEGATIVE]. @27-09-2021 01:58:56.0258 A
[ReportManager] Browser Action [CloseCurrentWindow] successfully performed. @27-09-2021 01:58:56.0358 AM
[ReportManager] Successfully created attachment [Browser Action Test Data - CloseCurrentWindow - Actual Value] @27-09-2021 01:58:56.0399 A
[ReportManager] File Action [GetAbsolutePath] successfully performed. With the following test data [Relative Folder Path: "target/downloadedFiles/"]. @27-09-2021 01:58:56.0401 AM
[ReportManager] Attempting to run locally on: [Mac-64], [Safari], Headless Execution. @27-09-2021 01:58:56.0401 AM
[ReportManager] Successfully Opened Safari. @27-09-2021 01:58:57.0197 AM
[ReportManager] Initial window size: (800, 600) @27-09-2021 01:58:57.0207 AM
[ReportManager] Window size after SWD Maximize: (1176, 811) @27-09-2021 01:58:57.0229 AM
[ReportManager] Browser Action [MaximizeWindow] successfully performed. With the following test data [New screen size is now: (1176, 811)]. @27-09-2021 01:58:57.0230 A

################################################################################################################################################
Starting Execution:	[123 out of 144] test cases in the current suite
Test Method:		[testPackage01.Test_dragAndDrop.dragAndDrop]
Test Description:	[TC001 - Test Drag and Drop function.]
################################################################################################################################################
[ReportManager] Target URL: [http://the-internet.herokuapp.com/drag_and_drop] @27-09-2021 01:58:57.0232 AM
[ReportManager] Initial URL: [] @27-09-2021 01:58:57.0278 AM
[ReportManager] Browser Action [NavigateToURL] successfully performed. With the following test data [http://the-internet.herokuapp.com/drag_and_drop]. @27-09-2021 01:58:58.0149 AM
[ReportManager] Attempting Drag and Drop @27-09-2021 01:58:58.0153 AM
[ReportManager] Element Action [DragAndDrop] successfully performed. With the following test data [Start point: (120, 89), End point: (335, 89)]. @27-09-2021 01:58:58.0793 A
[ReportManager] Browser Action [CloseCurrentWindow] successfully performed. @27-09-2021 01:58:58.0887 AM
[ReportManager] Successfully created attachment [Browser Action Test Data - CloseCurrentWindow - Actual Value] @27-09-2021 01:58:58.0887 A
[ReportManager] File Action [GetAbsolutePath] successfully performed. With the following test data [Relative Folder Path: "target/downloadedFiles/"]. @27-09-2021 01:58:58.0889 AM
[ReportManager] Attempting to run locally on: [Mac-64], [Safari], Headless Execution. @27-09-2021 01:58:58.0889 AM
[ReportManager] Successfully Opened Safari. @27-09-2021 01:58:59.0796 AM
[ReportManager] Initial window size: (800, 600) @27-09-2021 01:58:59.0818 AM
[ReportManager] Window size after SWD Maximize: (1176, 811) @27-09-2021 01:58:59.0834 AM
[ReportManager] Browser Action [MaximizeWindow] successfully performed. With the following test data [New screen size is now: (1176, 811)]. @27-09-2021 01:58:59.0835 A

################################################################################################################################################
Starting Execution:	[124 out of 144] test cases in the current suite
Test Method:		[testPackage01.Test_dragAndDrop.dragAndDropByOffset]
Test Description:	[TC002 - Test Drag and Drop by offset function.]
################################################################################################################################################
[ReportManager] Target URL: [https://jqueryui.com/resources/demos/draggable/default.html] @27-09-2021 01:58:59.0842 AM
[ReportManager] Initial URL: [] @27-09-2021 01:58:59.0905 AM
[ReportManager] Browser Action [NavigateToURL] successfully performed. With the following test data [https://jqueryui.com/resources/demos/draggable/default.html]. @27-09-2021 01:59:00.0832 AM
[ReportManager] Element Action [DragAndDropByOffset] successfully performed. With the following test data [Start point: (8, 8), End point: (108, 58)]. @27-09-2021 01:59:01.0597 A
[ReportManager] Browser Action [CloseCurrentWindow] successfully performed. @27-09-2021 01:59:01.0801 AM
[ReportManager] Successfully created attachment [Browser Action Test Data - CloseCurrentWindow - Actual Value] @27-09-2021 01:59:01.0802 A
[ReportManager] Successfully loaded the following test data file [src/test/resources/TestDataFiles/testSuite01/TestData.xlsx]. @27-09-2021 01:59:01.0831 AM
[ReportManager] Successfully created attachment [Test Data - Excel] @27-09-2021 01:59:01.0831 AM
[ReportManager] File Action [GetAbsolutePath] successfully performed. With the following test data [Relative Folder Path: "target/downloadedFiles/"]. @27-09-2021 01:59:01.0831 AM
[ReportManager] Attempting to run locally on: [Mac-64], [Safari], Headless Execution. @27-09-2021 01:59:01.0832 AM
[ReportManager] Successfully Opened Safari. @27-09-2021 01:59:02.0743 AM
[ReportManager] Initial window size: (800, 600) @27-09-2021 01:59:02.0763 AM
[ReportManager] Window size after SWD Maximize: (1176, 811) @27-09-2021 01:59:02.0826 AM
[ReportManager] Browser Action [MaximizeWindow] successfully performed. With the following test data [New screen size is now: (1176, 811)]. @27-09-2021 01:59:02.0826 A

################################################################################################################################################
Starting Execution:	[125 out of 144] test cases in the current suite
Test Method:		[testPackage01.Test_google.navigateToURLandVerifyGoogleLogoIsDisplayed]
Test Description:	[TC001 - Navigate to URL and Verify Google Logo is Displayed]
################################################################################################################################################
[ReportManager] Target URL: [https://www.google.com/ncr], and after redirection: [https://www.google.com] @27-09-2021 01:59:02.0828 AM
[ReportManager] Initial URL: [] @27-09-2021 01:59:02.0863 AM
[ReportManager] Browser Action [NavigateToURL] successfully performed. With the following test data [https://www.google.com/ncr]. @27-09-2021 01:59:04.0006 AM
[ReportManager] Loaded Shared OpenCV @27-09-2021 01:59:04.0093 AM
[ReportManager] Assertion [ValidateElementExists] PASSED. Expected [Element Should Exist, locator 'By.xpath: //*[@id='hplogo' or @alt='Google']'] and Actual [Element Exists]. Comparison Type [EQUALS]. Validation Type [POSITIVE]. @27-09-2021 01:59:04.0185 AM
[ReportManager] Successfully created attachment [Screenshot - 1632707944093_navigateToURLandVerifyGoogleLogoIsDisplayed_ValidateElementExists_passed] @27-09-2021 01:59:04.0186 A

################################################################################################################################################
Starting Execution:	[126 out of 144] test cases in the current suite
Test Method:		[testPackage01.Test_google.searchForQueryandAssertResultsNumDisplayed]
Test Description:	[TC002 - Search for Query and Assert that the number of results is displayed]
################################################################################################################################################
[ReportManager] Element Action [Type] successfully performed. With the following test data [SHAFT_Engine]. @27-09-2021 01:59:04.0621 AM
[ReportManager] Element Action [KeyPress] successfully performed. With the following test data [Enter]. @27-09-2021 01:59:04.0677 AM
[ReportManager] Element Action [GetText] successfully performed. With the following test data [About 901,000 results (0.88 seconds)]. @27-09-2021 01:59:06.0259 AM
[ReportManager] Loaded Shared OpenCV @27-09-2021 01:59:06.0477 AM
[ReportManager] Assertion [ValidateElementAttribute] PASSED. Expected [Value Should not be '' for the 'Text' attribute, element locator 'By.id: appbar'] and Actual [About 901,000 results (0.88 seconds)]. Comparison Type [EQUALS]. Validation Type [NEGATIVE]. @27-09-2021 01:59:06.0606 AM
[ReportManager] Successfully created attachment [Screenshot - 1632707946477_searchForQueryandAssertResultsNumDisplayed_ValidateElementAttribute_passed] @27-09-2021 01:59:06.0607 A

################################################################################################################################################
Starting Execution:	[127 out of 144] test cases in the current suite
Test Method:		[testPackage01.Test_google.clickNextThrice]
Test Description:	[TC003 - Clicks the next button to make sure that the framework can scroll element into view before clicking it]
################################################################################################################################################
[ReportManager] org.openqa.selenium.interactions.MoveTargetOutOfBoundsException:

Build info: version: '3.141.59', revision: 'e82be7d358', time: '2018-11-14T08:17:03'
System info: host: 'Mac-1632707372940.local', ip: '10.212.8.177', os.name: 'Mac OS X', os.arch: 'x86_64', os.version: '10.15.7', java.version: '16.0.2'
Driver info: org.openqa.selenium.safari.SafariDriver
Capabilities {acceptInsecureCerts: false, browserName: Safari, browserVersion: 14.1.2, javascriptEnabled: true, platform: MAC, platformName: MAC, safari:automaticInspection: false, safari:automaticProfiling: false, safari:diagnose: false, safari:platformBuildVersion: 19H1417, safari:platformVersion: 10.15.7, safari:useSimulator: false, setWindowRect: true, strictFileInteractability: false, webkit:WebRTC: {DisableICECandidateFiltering: false, DisableInsecureMediaCapture: false}}
Session ID: 8826A671-E77B-4A64-B15F-DB1D47EC5F5A
java.base/jdk.internal.reflect.NativeConstructorAccessorImpl.newInstance0(Native Method)
java.base/jdk.internal.reflect.NativeConstructorAccessorImpl.newInstance(NativeConstructorAccessorImpl.java:78)
java.base/jdk.internal.reflect.DelegatingConstructorAccessorImpl.newInstance(DelegatingConstructorAccessorImpl.java:45)
java.base/java.lang.reflect.Constructor.newInstanceWithCaller(Constructor.java:499)
java.base/java.lang.reflect.Constructor.newInstance(Constructor.java:480)
org.openqa.selenium.remote.http.W3CHttpResponseCodec.createException(W3CHttpResponseCodec.java:187)
org.openqa.selenium.remote.http.W3CHttpResponseCodec.decode(W3CHttpResponseCodec.java:122)
org.openqa.selenium.remote.http.W3CHttpResponseCodec.decode(W3CHttpResponseCodec.java:49)
org.openqa.selenium.remote.HttpCommandExecutor.execute(HttpCommandExecutor.java:158)
org.openqa.selenium.remote.service.DriverCommandExecutor.execute(DriverCommandExecutor.java:83)
org.openqa.selenium.remote.RemoteWebDriver.execute(RemoteWebDriver.java:552)
org.openqa.selenium.remote.RemoteWebDriver.perform(RemoteWebDriver.java:618)
org.openqa.selenium.interactions.Actions$BuiltAction.perform(Actions.java:639)
org.openqa.selenium.interactions.Actions.perform(Actions.java:595)
com.shaft.gui.element.ElementActionsHelper.performHoverUsingJavascript(ElementActionsHelper.java:209)
com.shaft.gui.element.WebDriverElementActions.click(WebDriverElementActions.java:116)
com.shaft.gui.element.ElementActions.click(ElementActions.java:62)
poms.GoogleSearchResults.clickNext(GoogleSearchResults.java:51)
testPackage01.Test_google.clickNextThrice(Test_google.java:43)
java.base/jdk.internal.reflect.NativeMethodAccessorImpl.invoke0(Native Method)
java.base/jdk.internal.reflect.NativeMethodAccessorImpl.invoke(NativeMethodAccessorImpl.java:78)
java.base/jdk.internal.reflect.DelegatingMethodAccessorImpl.invoke(DelegatingMethodAccessorImpl.java:43)
java.base/java.lang.reflect.Method.invoke(Method.java:567)
org.testng.internal.MethodInvocationHelper.invokeMethod(MethodInvocationHelper.java:133)
org.testng.internal.TestInvoker.invokeMethod(TestInvoker.java:598)
org.testng.internal.TestInvoker.invokeTestMethod(TestInvoker.java:173)
org.testng.internal.MethodRunner.runInSequence(MethodRunner.java:46)
org.testng.internal.TestInvoker$MethodInvocationAgent.invoke(TestInvoker.java:824)
org.testng.internal.TestInvoker.invokeTestMethods(TestInvoker.java:146)
org.testng.internal.TestMethodWorker.invokeTestMethods(TestMethodWorker.java:146)
org.testng.internal.TestMethodWorker.run(TestMethodWorker.java:128)
java.base/java.util.ArrayList.forEach(ArrayList.java:1511)
org.testng.TestRunner.privateRun(TestRunner.java:794)
org.testng.TestRunner.run(TestRunner.java:596)
org.testng.SuiteRunner.runTest(SuiteRunner.java:377)
org.testng.SuiteRunner.runSequentially(SuiteRunner.java:371)
org.testng.SuiteRunner.privateRun(SuiteRunner.java:332)
org.testng.SuiteRunner.run(SuiteRunner.java:276)
org.testng.SuiteRunnerWorker.runSuite(SuiteRunnerWorker.java:53)
org.testng.SuiteRunnerWorker.run(SuiteRunnerWorker.java:96)
org.testng.TestNG.runSuitesSequentially(TestNG.java:1212)
org.testng.TestNG.runSuitesLocally(TestNG.java:1134)
org.testng.TestNG.runSuites(TestNG.java:1063)
org.testng.TestNG.run(TestNG.java:1031)
org.apache.maven.surefire.testng.TestNGExecutor.run(TestNGExecutor.java:136)
org.apache.maven.surefire.testng.TestNGDirectoryTestSuite.executeMulti(TestNGDirectoryTestSuite.java:193)
org.apache.maven.surefire.testng.TestNGDirectoryTestSuite.execute(TestNGDirectoryTestSuite.java:94)
org.apache.maven.surefire.testng.TestNGProvider.invoke(TestNGProvider.java:145)
org.apache.maven.surefire.booter.ForkedBooter.runSuitesInProcess(ForkedBooter.java:428)
org.apache.maven.surefire.booter.ForkedBooter.execute(ForkedBooter.java:162)
org.apache.maven.surefire.booter.ForkedBooter.run(ForkedBooter.java:562)
org.apache.maven.surefire.booter.ForkedBooter.main(ForkedBooter.java:548) @27-09-2021 01:59:06.0714 AM
[ReportManager] Element Action [Click] successfully performed. With the following test data [Next]. @27-09-2021 01:59:06.0814 A
[ReportManager] Browser Action [CloseCurrentWindow] successfully performed. @27-09-2021 01:59:07.0064 AM
[ReportManager] Successfully created attachment [Browser Action Test Data - CloseCurrentWindow - Actual Value] @27-09-2021 01:59:07.0110 A

################################################################################################################################################
Starting Execution:	[128 out of 144] test cases in the current suite
Test Method:		[testPackage01.Test_chainableElementActions.chainElementActions]
################################################################################################################################################
[ReportManager] File Action [GetAbsolutePath] successfully performed. With the following test data [Relative Folder Path: "target/downloadedFiles/"]. @27-09-2021 01:59:07.0197 AM
[ReportManager] Attempting to run locally on: [Mac-64], [GoogleChrome], Headless Execution. @27-09-2021 01:59:07.0200 AM
[ReportManager] Identifying OS/Driver combination and selecting the correct driver version automatically. Please note that if a new driver executable will be downloaded it may take some time... @27-09-2021 01:59:07.0200 AM
[ReportManager] Successfully Opened Google Chrome. @27-09-2021 01:59:10.0465 AM
[ReportManager] Initial window size: (800, 600) @27-09-2021 01:59:10.0473 AM
[ReportManager] Window size after SWD Maximize: (800, 600) @27-09-2021 01:59:10.0582 AM
[ReportManager] Window size after Toolkit: (1920, 1080) @27-09-2021 01:59:11.0011 AM
[ReportManager] Browser Action [MaximizeWindow] successfully performed. With the following test data [New screen size is now: (1920, 1080)]. @27-09-2021 01:59:11.0012 AM
[ReportManager] Target URL: [https://www.google.com/ncr], and after redirection: [https://www.google.com] @27-09-2021 01:59:11.0012 AM
[ReportManager] Initial URL: [data:,] @27-09-2021 01:59:11.0045 AM
[ReportManager] Browser Action [NavigateToURL] successfully performed. With the following test data [https://www.google.com/ncr]. @27-09-2021 01:59:11.0849 AM
[ReportManager] Element Action [Type] successfully performed. With the following test data [chained type 1]. @27-09-2021 01:59:12.0175 AM
[ReportManager] Element Action [Type] successfully performed. With the following test data [chained type 2]. @27-09-2021 01:59:12.0404 AM
[ReportManager] Element Action [TypeAppend] successfully performed. With the following test data [345]. @27-09-2021 01:59:12.0473 AM
[ReportManager] Element Action [GetText] successfully performed. With the following test data [chained type 2345]. @27-09-2021 01:59:12.0556 AM
[ReportManager] Loaded Shared OpenCV @27-09-2021 01:59:12.0799 AM
[ReportManager] Assertion [ValidateElementAttribute] PASSED. Expected [Value Should be 'chained type 2345' for the 'text' attribute, element locator 'By.name: q'] and Actual [chained type 2345]. Comparison Type [EQUALS]. Validation Type [POSITIVE]. @27-09-2021 01:59:12.0970 AM
[ReportManager] Successfully created attachment [Screenshot - 1632707952799_chainElementActions_ValidateElementAttribute_passed] @27-09-2021 01:59:12.0971 AM
[ReportManager] Browser Action [CloseCurrentWindow] successfully performed. @27-09-2021 01:59:13.0183 AM
[ReportManager] Successfully created attachment [Browser Action Test Data - CloseCurrentWindow - Actual Value] @27-09-2021 01:59:13.0184 A

################################################################################################################################################
Starting Execution:	[129 out of 144] test cases in the current suite
Test Method:		[testPackage01.Test_JsonCompareWithSpecialCharacters.specialCharacters]
################################################################################################################################################
[ReportManager] File Action [GetAbsolutePath] successfully performed. With the following test data [Relative Folder Path: "src/test/resources/TestJsonFiles/specialCharacters.json"]. @27-09-2021 01:59:13.0194 AM
[ReportManager] File Action [ReadFromFile] successfully performed. With the following test data [File Path: "/Users/runner/work/SHAFT_ENGINE/SHAFT_ENGINE/src/test/resources/TestJsonFiles/specialCharacters.json"]. @27-09-2021 01:59:13.0200 AM
[ReportManager] Successfully created attachment [File Action Actual Result - Command Log] @27-09-2021 01:59:13.0200 AM
[ReportManager] Comparing the provided API response with the file at this path "src/test/resources/TestJsonFiles/specialCharacters.json", comparison type "EQUALS" @27-09-2021 01:59:13.0202 AM
[ReportManager] API Action [CompareJSON] successfully performed. With the following test data [src/test/resources/TestJsonFiles/specialCharacters.json]. @27-09-2021 01:59:13.0209 AM
[ReportManager] File Action [GetAbsolutePath] successfully performed. With the following test data [Relative Folder Path: "src/test/resources/TestJsonFiles/specialCharacters.json"]. @27-09-2021 01:59:13.0210 AM
[ReportManager] File Action [ReadFromFile] successfully performed. With the following test data [File Path: "/Users/runner/work/SHAFT_ENGINE/SHAFT_ENGINE/src/test/resources/TestJsonFiles/specialCharacters.json"]. @27-09-2021 01:59:13.0210 AM
[ReportManager] Verification [ValidateJSONFileContent] PASSED. Expected [Response data should match the JSON File in this path 'src/test/resources/TestJsonFiles/specialCharacters.json'] and Actual [TRUE]. Comparison Type [EQUALS]. Validation Type [POSITIVE]. @27-09-2021 01:59:13.0215 AM
[ReportManager] Successfully created attachment [Validation Test Data - Expected JSON Value] @27-09-2021 01:59:13.0216 AM
[ReportManager] Successfully created attachment [Validation Test Data - Actual JSON Value] @27-09-2021 01:59:13.0216 A

################################################################################################################################################
Starting Execution:	[130 out of 144] test cases in the current suite
Test Method:		[testPackage01.Test_JsonCompareWithSpecialCharacters.specialCharacters_assertion]
################################################################################################################################################
[ReportManager] File Action [GetAbsolutePath] successfully performed. With the following test data [Relative Folder Path: "src/test/resources/TestJsonFiles/specialCharacters.json"]. @27-09-2021 01:59:13.0219 AM
[ReportManager] File Action [ReadFromFile] successfully performed. With the following test data [File Path: "/Users/runner/work/SHAFT_ENGINE/SHAFT_ENGINE/src/test/resources/TestJsonFiles/specialCharacters.json"]. @27-09-2021 01:59:13.0220 AM
[ReportManager] Successfully created attachment [File Action Actual Result - Command Log] @27-09-2021 01:59:13.0221 AM
[ReportManager] Comparing the provided API response with the file at this path "src/test/resources/TestJsonFiles/specialCharacters.json", comparison type "CONTAINS" @27-09-2021 01:59:13.0221 AM
[ReportManager] API Action [CompareJSON] successfully performed. With the following test data [src/test/resources/TestJsonFiles/specialCharacters.json]. @27-09-2021 01:59:13.0231 AM
[ReportManager] File Action [GetAbsolutePath] successfully performed. With the following test data [Relative Folder Path: "src/test/resources/TestJsonFiles/specialCharacters.json"]. @27-09-2021 01:59:13.0231 AM
[ReportManager] File Action [ReadFromFile] successfully performed. With the following test data [File Path: "/Users/runner/work/SHAFT_ENGINE/SHAFT_ENGINE/src/test/resources/TestJsonFiles/specialCharacters.json"]. @27-09-2021 01:59:13.0231 AM
[ReportManager] Assertion Passed: trying out the log message @27-09-2021 01:59:13.0235 AM
[ReportManager] Successfully created attachment [Validation Test Data - Expected JSON Value] @27-09-2021 01:59:13.0236 AM
[ReportManager] Successfully created attachment [Validation Test Data - Actual JSON Value] @27-09-2021 01:59:13.0236 AM
[ReportManager] Assertion [ValidateJSONFileContent] PASSED. Expected [Response data should match the JSON File in this path 'src/test/resources/TestJsonFiles/specialCharacters.json'] and Actual [TRUE]. Comparison Type [CONTAINS]. Validation Type [POSITIVE]. @27-09-2021 01:59:13.0236 A

################################################################################################################################################
Starting Execution:	[131 out of 144] test cases in the current suite
Test Method:		[testPackage01.Test_SkipDueToIssue.doNotSkip]
################################################################################################################################################
[ReportManager] This should not be skipped. @27-09-2021 01:59:13.0239 A

################################################################################################################################################
Starting Execution:	[132 out of 144] test cases in the current suite
Test Method:		[testPackage01.Test_SkipDueToIssue.skip]
################################################################################################################################################
[ReportManager] This should be skipped. @27-09-2021 01:59:13.0247 A

################################################################################################################################################
Starting Execution:	[133 out of 144] test cases in the current suite
Test Method:		[testPackage01.Test_SkipDueToIssue.skip2]
################################################################################################################################################
[ReportManager] This should be skipped. @27-09-2021 01:59:13.0252 A

################################################################################################################################################
Starting Execution:	[134 out of 144] test cases in the current suite
Test Method:		[testPackage01.Test_JSONFileManager.readStringFromJson]
################################################################################################################################################
[ReportManager] Successfully loaded the following test data file [src/test/resources/TestDataFiles/simpleJSON.json]. @27-09-2021 01:59:13.0258 AM
[ReportManager] Successfully created attachment [Test Data - JSON] @27-09-2021 01:59:13.0259 AM
[ReportManager] Assertion [ValidateEquals] PASSED. Expected [Mohab Mohie] and Actual [Mohab Mohie]. Comparison Type [EQUALS]. Validation Type [POSITIVE]. @27-09-2021 01:59:13.0274 A
[ReportManager] File Action [GetAbsolutePath] successfully performed. With the following test data [Relative Folder Path: "target/downloadedFiles/"]. @27-09-2021 01:59:13.0277 AM
[ReportManager] Attempting to run locally on: [Mac-64], [Safari], Headless Execution. @27-09-2021 01:59:13.0277 AM
[ReportManager] Successfully Opened Safari. @27-09-2021 01:59:14.0242 AM
[ReportManager] Initial window size: (800, 600) @27-09-2021 01:59:14.0271 AM
[ReportManager] Window size after SWD Maximize: (1176, 811) @27-09-2021 01:59:14.0338 AM
[ReportManager] Browser Action [MaximizeWindow] successfully performed. With the following test data [New screen size is now: (1176, 811)]. @27-09-2021 01:59:14.0338 A

################################################################################################################################################
Starting Execution:	[135 out of 144] test cases in the current suite
Test Method:		[testPackage01.Test_assertEquals.test_assertElementAttribute]
################################################################################################################################################
[ReportManager] Target URL: [https://www.google.com/ncr], and after redirection: [https://www.google.com] @27-09-2021 01:59:14.0341 AM
[ReportManager] Initial URL: [] @27-09-2021 01:59:14.0385 AM
[ReportManager] Browser Action [NavigateToURL] successfully performed. With the following test data [https://www.google.com/ncr]. @27-09-2021 01:59:15.0371 AM
[ReportManager] Element Action [Type] successfully performed. With the following test data [INC_004010050:Another SCHEDULER with the same name [Duplicate Job Name] already exists.]. @27-09-2021 01:59:18.0009 AM
[ReportManager] Element Action [GetText] successfully performed. With the following test data [INC_004010050:Another SCHEDULER with the same name [Duplicate Job Name] already exists.]. @27-09-2021 01:59:18.0063 AM
[ReportManager] Loaded Shared OpenCV @27-09-2021 01:59:18.0124 AM
[ReportManager] Assertion [ValidateElementAttribute] PASSED. Expected [Value Should be 'INC_004010050:Another SCHEDULER with the same name \[Duplicate Job Name\] already exists.' for the 'text' attribute, element locator 'By.name: q'] and Actual [INC_004010050:Another SCHEDULER with the same name [Duplicate Job Name] already exists.]. Comparison Type [MATCHES]. Validation Type [POSITIVE]. @27-09-2021 01:59:18.0267 AM
[ReportManager] Successfully created attachment [Screenshot - 1632707958124_test_assertElementAttribute_ValidateElementAttribute_passed] @27-09-2021 01:59:18.0268 A
[ReportManager] Browser Action [CloseCurrentWindow] successfully performed. @27-09-2021 01:59:18.0338 AM
[ReportManager] Successfully created attachment [Browser Action Test Data - CloseCurrentWindow - Actual Value] @27-09-2021 01:59:18.0339 A
[ReportManager] File Action [GetAbsolutePath] successfully performed. With the following test data [Relative Folder Path: "target/downloadedFiles/"]. @27-09-2021 01:59:18.0341 AM
[ReportManager] Attempting to run locally on: [Mac-64], [Safari], Headless Execution. @27-09-2021 01:59:18.0341 AM
[ReportManager] Successfully Opened Safari. @27-09-2021 01:59:19.0156 AM
[ReportManager] Initial window size: (800, 600) @27-09-2021 01:59:19.0194 AM
[ReportManager] Window size after SWD Maximize: (1176, 811) @27-09-2021 01:59:19.0214 AM
[ReportManager] Browser Action [MaximizeWindow] successfully performed. With the following test data [New screen size is now: (1176, 811)]. @27-09-2021 01:59:19.0215 A

################################################################################################################################################
Starting Execution:	[136 out of 144] test cases in the current suite
Test Method:		[testPackage01.Test_IsElementClickable.testIsElementClickable]
################################################################################################################################################
[ReportManager] Target URL: [https://the-internet.herokuapp.com/] @27-09-2021 01:59:19.0219 AM
[ReportManager] Initial URL: [] @27-09-2021 01:59:19.0290 AM
[ReportManager] Browser Action [NavigateToURL] successfully performed. With the following test data [https://the-internet.herokuapp.com/]. @27-09-2021 01:59:20.0573 AM
[ReportManager] Element Action [IsElementClickable] successfully performed. @27-09-2021 01:59:20.0639 AM
[ReportManager] Assertion [ValidateTrue] PASSED. Expected [TRUE] and Actual [TRUE]. Validation Type [POSITIVE]. @27-09-2021 01:59:20.0639 A
[ReportManager] Browser Action [CloseCurrentWindow] successfully performed. @27-09-2021 01:59:20.0712 AM
[ReportManager] Successfully created attachment [Browser Action Test Data - CloseCurrentWindow - Actual Value] @27-09-2021 01:59:20.0739 A
[ReportManager] Successfully loaded the following test data file [src/test/resources/TestDataFiles/testSuite01/TestData.xlsx]. @27-09-2021 01:59:20.0816 AM
[ReportManager] Successfully created attachment [Test Data - Excel] @27-09-2021 01:59:20.0817 AM
[ReportManager] Attempting to run using Playwright locally on: [Mac-64], [Safari], Headless Execution. @27-09-2021 01:59:43.0440 AM
[ReportManager] File Action [GetAbsolutePath] successfully performed. With the following test data [Relative Folder Path: "target/downloadedFiles/"]. @27-09-2021 01:59:43.0441 AM
[ReportManager] Initial window size: (1280, 720) @27-09-2021 01:59:51.0180 AM
[ReportManager] Window size after Toolkit: com.microsoft.playwright.options.ViewportSize@677f2571 @27-09-2021 01:59:51.0189 AM
[ReportManager] Browser Action [MaximizeWindow] successfully performed. With the following test data [New screen size is now: (1920, 1080)]. @27-09-2021 01:59:51.0189 A

################################################################################################################################################
Starting Execution:	[137 out of 144] test cases in the current suite
Test Method:		[testPackage01.Test_google_playwright.navigateToURLandVerifyGoogleLogoIsDisplayed]
Test Description:	[TC001 - Navigate to URL and Verify Google Logo is Displayed]
################################################################################################################################################
[ReportManager] Target URL: [https://www.google.com/ncr], and after redirection: [https://www.google.com] @27-09-2021 01:59:51.0193 AM
[ReportManager] Initial URL: [about:blank] @27-09-2021 01:59:51.0719 AM
[ReportManager] Browser Action [NavigateToURL] successfully performed. With the following test data [https://www.google.com/ncr]. @27-09-2021 01:59:53.0475 AM
[ReportManager] Loaded Shared OpenCV @27-09-2021 01:59:53.0561 AM
[ReportManager] Assertion [ValidateElementExists] PASSED. Expected [Element Should Exist, locator 'xpath=//*[@id='hplogo' or @alt='Google']'] and Actual [Element Exists]. Comparison Type [EQUALS]. Validation Type [POSITIVE]. @27-09-2021 01:59:53.0728 AM
[ReportManager] Successfully created attachment [Screenshot - 1632707993557_navigateToURLandVerifyGoogleLogoIsDisplayed_ValidateElementExists_passed] @27-09-2021 01:59:53.0729 A

################################################################################################################################################
Starting Execution:	[138 out of 144] test cases in the current suite
Test Method:		[testPackage01.Test_google_playwright.searchForQueryandAssertResultsNumDisplayed]
Test Description:	[TC002 - Search for Query and Assert that the number of results is displayed]
################################################################################################################################################
[ReportManager] Element Action [Type] successfully performed. With the following test data [SHAFT_Engine]. @27-09-2021 01:59:54.0182 AM
[ReportManager] Element Action [KeyPress] successfully performed. With the following test data [Enter]. @27-09-2021 01:59:54.0217 AM
[ReportManager] Element Action [GetText] successfully performed. With the following test data [About 901,000 results (0.70 seconds)
]. @27-09-2021 01:59:55.0955 AM
[ReportManager] Loaded Shared OpenCV @27-09-2021 01:59:56.0527 AM
[ReportManager] Assertion [ValidateElementAttribute] PASSED. Expected [Value Should not be '' for the 'text' attribute, element locator 'xpath=//div[@id='appbar']'] and Actual [About 901,000 results (0.70 seconds)
]. Comparison Type [EQUALS]. Validation Type [NEGATIVE]. @27-09-2021 01:59:56.0755 AM
[ReportManager] Successfully created attachment [Screenshot - 1632707996525_searchForQueryandAssertResultsNumDisplayed_ValidateElementAttribute_passed] @27-09-2021 01:59:56.0756 A

################################################################################################################################################
Starting Execution:	[139 out of 144] test cases in the current suite
Test Method:		[testPackage01.Test_google_playwright.clickNextThrice]
Test Description:	[TC003 - Clicks the next button to make sure that the framework can scroll element into view before clicking it]
################################################################################################################################################
[ReportManager] Element Action [Click] successfully performed. With the following test data [Next]. @27-09-2021 01:59:57.0046 A
[ReportManager] Failed to find video recording. @27-09-2021 01:59:57.0048 AM
[ReportManager] Successfully Closed PlayWright Driver. @27-09-2021 01:59:57.0089 A
[ReportManager] File Action [GetAbsolutePath] successfully performed. With the following test data [Relative Folder Path: "target/downloadedFiles/"]. @27-09-2021 01:59:57.0132 AM
[ReportManager] Attempting to run locally on: [Mac-64], [Safari], Headless Execution. @27-09-2021 01:59:57.0132 AM
[ReportManager] Successfully Opened Safari. @27-09-2021 01:59:57.0916 AM
[ReportManager] Initial window size: (800, 600) @27-09-2021 01:59:57.0928 AM
[ReportManager] Window size after SWD Maximize: (1176, 811) @27-09-2021 01:59:57.0947 AM
[ReportManager] Browser Action [MaximizeWindow] successfully performed. With the following test data [New screen size is now: (1176, 811)]. @27-09-2021 01:59:57.0947 A

################################################################################################################################################
Starting Execution:	[140 out of 144] test cases in the current suite
Test Method:		[testPackage01.Test_verifyEquals.test_assertElementAttribute]
################################################################################################################################################
[ReportManager] Target URL: [https://www.google.com/ncr], and after redirection: [https://www.google.com] @27-09-2021 01:59:57.0949 AM
[ReportManager] Initial URL: [] @27-09-2021 01:59:58.0024 AM
[ReportManager] Browser Action [NavigateToURL] successfully performed. With the following test data [https://www.google.com/ncr]. @27-09-2021 01:59:59.0325 AM
[ReportManager] Element Action [Type] successfully performed. With the following test data [INC_004010050:Another SCHEDULER with the same name [Duplicate Job Name] already exists.]. @27-09-2021 02:00:01.0716 AM
[ReportManager] Element Action [GetText] successfully performed. With the following test data [INC_004010050:Another SCHEDULER with the same name [Duplicate Job Name] already exists.]. @27-09-2021 02:00:01.0782 AM
[ReportManager] Loaded Shared OpenCV @27-09-2021 02:00:01.0841 AM
[ReportManager] Verification [ValidateElementAttribute] PASSED. Expected [Value Should be 'INC_004010050:Another SCHEDULER with the same name \[Duplicate Job Name\] already exists.' for the 'text' attribute, element locator 'By.name: q'] and Actual [INC_004010050:Another SCHEDULER with the same name [Duplicate Job Name] already exists.]. Comparison Type [MATCHES]. Validation Type [POSITIVE]. @27-09-2021 02:00:01.0987 AM
[ReportManager] Successfully created attachment [Screenshot - 1632708001841_test_assertElementAttribute_ValidateElementAttribute_passed] @27-09-2021 02:00:01.0988 A
[ReportManager] Browser Action [CloseCurrentWindow] successfully performed. @27-09-2021 02:00:02.0222 AM
[ReportManager] Successfully created attachment [Browser Action Test Data - CloseCurrentWindow - Actual Value] @27-09-2021 02:00:02.0222 A

################################################################################################################################################
Starting Execution:	[141 out of 144] test cases in the current suite
Test Method:		[testPackage01.Test_SelectedValue.multipleSelect]
################################################################################################################################################
[ReportManager] File Action [GetAbsolutePath] successfully performed. With the following test data [Relative Folder Path: "target/downloadedFiles/"]. @27-09-2021 02:00:02.0226 AM
[ReportManager] Attempting to run locally on: [Mac-64], [GoogleChrome], Headless Execution. @27-09-2021 02:00:02.0226 AM
[ReportManager] Identifying OS/Driver combination and selecting the correct driver version automatically. Please note that if a new driver executable will be downloaded it may take some time... @27-09-2021 02:00:02.0226 AM
[ReportManager] Successfully Opened Google Chrome. @27-09-2021 02:00:02.0931 AM
[ReportManager] Initial window size: (800, 600) @27-09-2021 02:00:02.0938 AM
[ReportManager] Window size after SWD Maximize: (800, 600) @27-09-2021 02:00:03.0150 AM
[ReportManager] Window size after Toolkit: (1920, 1080) @27-09-2021 02:00:03.0525 AM
[ReportManager] Browser Action [MaximizeWindow] successfully performed. With the following test data [New screen size is now: (1920, 1080)]. @27-09-2021 02:00:03.0527 AM
[ReportManager] Target URL: [https://yari-demos.prod.mdn.mozit.cloud/en-US/docs/Web/HTML/Element/select/_sample_.Advanced_select_with_multiple_features.html] @27-09-2021 02:00:03.0528 AM
[ReportManager] Initial URL: [data:,] @27-09-2021 02:00:03.0566 AM
[ReportManager] Browser Action [NavigateToURL] successfully performed. With the following test data [https://yari-demos.prod.mdn.mozit.cloud/en-US/docs/Web/HTML/Element/select/_sample_.Advanced_select_with_multiple_features.html]. @27-09-2021 02:00:04.0079 AM
[ReportManager] Element Action [Select] successfully performed. With the following test data [Dog]. @27-09-2021 02:00:04.0268 AM
[ReportManager] Element Action [Select] successfully performed. With the following test data [Cat]. @27-09-2021 02:00:04.0412 AM
[ReportManager] Element Action [GetSelectedText] successfully performed. With the following test data [DogCat]. @27-09-2021 02:00:04.0511 AM
[ReportManager] DogCat @27-09-2021 02:00:04.0511 AM
[ReportManager] Element Action [GetSelectedText] successfully performed. With the following test data [DogCat]. @27-09-2021 02:00:04.0607 AM
[ReportManager] Loaded Shared OpenCV @27-09-2021 02:00:05.0007 AM
[ReportManager] Assertion [ValidateElementAttribute] PASSED. Expected [Value Should be 'DogCat' for the 'selectedText' attribute, element locator 'By.tagName: select'] and Actual [DogCat]. Comparison Type [EQUALS]. Validation Type [POSITIVE]. @27-09-2021 02:00:05.0209 AM
[ReportManager] Successfully created attachment [Screenshot - 1632708005006_multipleSelect_ValidateElementAttribute_passed] @27-09-2021 02:00:05.0210 AM
[ReportManager] Browser Action [CloseCurrentWindow] successfully performed. @27-09-2021 02:00:05.0448 AM
[ReportManager] Successfully created attachment [Browser Action Test Data - CloseCurrentWindow - Actual Value] @27-09-2021 02:00:05.0448 A

################################################################################################################################################
Starting Execution:	[142 out of 144] test cases in the current suite
Test Method:		[testPackage01.Test_SelectedValue.simpleSelect]
################################################################################################################################################
[ReportManager] File Action [GetAbsolutePath] successfully performed. With the following test data [Relative Folder Path: "target/downloadedFiles/"]. @27-09-2021 02:00:05.0451 AM
[ReportManager] Attempting to run locally on: [Mac-64], [GoogleChrome], Headless Execution. @27-09-2021 02:00:05.0451 AM
[ReportManager] Identifying OS/Driver combination and selecting the correct driver version automatically. Please note that if a new driver executable will be downloaded it may take some time... @27-09-2021 02:00:05.0452 AM
[ReportManager] Successfully Opened Google Chrome. @27-09-2021 02:00:05.0978 AM
[ReportManager] Initial window size: (800, 600) @27-09-2021 02:00:05.0988 AM
[ReportManager] Window size after SWD Maximize: (800, 600) @27-09-2021 02:00:06.0152 AM
[ReportManager] Window size after Toolkit: (1920, 1080) @27-09-2021 02:00:06.0717 AM
[ReportManager] Browser Action [MaximizeWindow] successfully performed. With the following test data [New screen size is now: (1920, 1080)]. @27-09-2021 02:00:06.0718 AM
[ReportManager] Target URL: [https://yari-demos.prod.mdn.mozit.cloud/en-US/docs/Web/HTML/Element/select/_sample_.Basic_select.html] @27-09-2021 02:00:06.0718 AM
[ReportManager] Initial URL: [data:,] @27-09-2021 02:00:06.0746 AM
[ReportManager] Browser Action [NavigateToURL] successfully performed. With the following test data [https://yari-demos.prod.mdn.mozit.cloud/en-US/docs/Web/HTML/Element/select/_sample_.Basic_select.html]. @27-09-2021 02:00:06.0944 AM
[ReportManager] Element Action [Select] successfully performed. With the following test data [Third Value]. @27-09-2021 02:00:07.0167 AM
[ReportManager] Element Action [GetSelectedText] successfully performed. With the following test data [Third Value]. @27-09-2021 02:00:07.0241 AM
[ReportManager] Third Value @27-09-2021 02:00:07.0241 AM
[ReportManager] Element Action [GetSelectedText] successfully performed. With the following test data [Third Value]. @27-09-2021 02:00:07.0305 AM
[ReportManager] Loaded Shared OpenCV @27-09-2021 02:00:07.0551 AM
[ReportManager] Assertion [ValidateElementAttribute] PASSED. Expected [Value Should be 'Third Value' for the 'selectedText' attribute, element locator 'By.tagName: select'] and Actual [Third Value]. Comparison Type [EQUALS]. Validation Type [POSITIVE]. @27-09-2021 02:00:07.0765 AM
[ReportManager] Successfully created attachment [Screenshot - 1632708007551_simpleSelect_ValidateElementAttribute_passed] @27-09-2021 02:00:07.0765 AM
[ReportManager] Browser Action [CloseCurrentWindow] successfully performed. @27-09-2021 02:00:07.0963 AM
[ReportManager] Successfully created attachment [Browser Action Test Data - CloseCurrentWindow - Actual Value] @27-09-2021 02:00:07.0964 A
[ReportManager] File Action [GetAbsolutePath] successfully performed. With the following test data [Relative Folder Path: "target/downloadedFiles/"]. @27-09-2021 02:00:07.0966 AM
[ReportManager] Attempting to run locally on: [Mac-64], [Safari], Headless Execution. @27-09-2021 02:00:07.0966 AM
[ReportManager] Successfully Opened Safari. @27-09-2021 02:00:08.0763 AM
[ReportManager] Initial window size: (800, 600) @27-09-2021 02:00:08.0786 AM
[ReportManager] Window size after SWD Maximize: (1176, 811) @27-09-2021 02:00:08.0815 AM
[ReportManager] Browser Action [MaximizeWindow] successfully performed. With the following test data [New screen size is now: (1176, 811)]. @27-09-2021 02:00:08.0816 A

################################################################################################################################################
Starting Execution:	[143 out of 144] test cases in the current suite
Test Method:		[testPackage01.Test_dynamicLoading.dynamicLoading_elementIsHidden]
################################################################################################################################################
[ReportManager] Target URL: [https://the-internet.herokuapp.com/dynamic_loading/1] @27-09-2021 02:00:08.0819 AM
[ReportManager] Initial URL: [] @27-09-2021 02:00:08.0878 AM
[ReportManager] Browser Action [NavigateToURL] successfully performed. With the following test data [https://the-internet.herokuapp.com/dynamic_loading/1]. @27-09-2021 02:00:10.0227 AM
[ReportManager] Element Action [Click] successfully performed. With the following test data [Start]. @27-09-2021 02:00:10.0495 AM
[ReportManager] Element Action [GetText] successfully performed. With the following test data [
    Hello World!
  ]. @27-09-2021 02:00:10.0536 A
[ReportManager] Browser Action [CloseCurrentWindow] successfully performed. @27-09-2021 02:00:10.0744 AM
[ReportManager] Successfully created attachment [Browser Action Test Data - CloseCurrentWindow - Actual Value] @27-09-2021 02:00:10.0744 A
[ReportManager] File Action [GetAbsolutePath] successfully performed. With the following test data [Relative Folder Path: "target/downloadedFiles/"]. @27-09-2021 02:00:10.0746 AM
[ReportManager] Attempting to run locally on: [Mac-64], [Safari], Headless Execution. @27-09-2021 02:00:10.0746 AM
[ReportManager] Successfully Opened Safari. @27-09-2021 02:00:11.0592 AM
[ReportManager] Initial window size: (800, 600) @27-09-2021 02:00:11.0608 AM
[ReportManager] Window size after SWD Maximize: (1176, 811) @27-09-2021 02:00:11.0619 AM
[ReportManager] Browser Action [MaximizeWindow] successfully performed. With the following test data [New screen size is now: (1176, 811)]. @27-09-2021 02:00:11.0619 A

################################################################################################################################################
Starting Execution:	[144 out of 144] test cases in the current suite
Test Method:		[testPackage01.Test_dynamicLoading.dynamicLoading_elementIsRendered]
################################################################################################################################################
[ReportManager] Target URL: [https://the-internet.herokuapp.com/dynamic_loading/2] @27-09-2021 02:00:11.0621 AM
[ReportManager] Initial URL: [] @27-09-2021 02:00:11.0667 AM
[ReportManager] Browser Action [NavigateToURL] successfully performed. With the following test data [https://the-internet.herokuapp.com/dynamic_loading/2]. @27-09-2021 02:00:12.0971 AM
[ReportManager] Element Action [Click] successfully performed. With the following test data [Start]. @27-09-2021 02:00:13.0334 AM
[ReportManager] Element Action [GetText] successfully performed. With the following test data [Hello World!]. @27-09-2021 02:00:18.0796 AM
[ReportManager] Loaded Shared OpenCV @27-09-2021 02:00:18.0852 AM
[ReportManager] Assertion [ValidateElementAttribute] PASSED. Expected [Value Should be 'Hello World!' for the 'text' attribute, element locator 'By.id: finish'] and Actual [Hello World!]. Comparison Type [CONTAINS]. Validation Type [POSITIVE]. @27-09-2021 02:00:18.0948 AM
[ReportManager] Successfully created attachment [Screenshot - 1632708018852_dynamicLoading_elementIsRendered_ValidateElementAttribute_passed] @27-09-2021 02:00:18.0949 A
[ReportManager] Browser Action [CloseCurrentWindow] successfully performed. @27-09-2021 02:00:19.0119 AM
[ReportManager] Successfully created attachment [Browser Action Test Data - CloseCurrentWindow - Actual Value] @27-09-2021 02:00:19.0120 A

################################################################################################################################################
Test Closure Activities
################################################################################################################################################
[ReportManager] Successfully created attachment [SHAFT Engine Logs - Execution log] @27-09-2021 02:00:19.0154 AM

################################################################################################################################################
This test run was powered by SHAFT Engine Version: [SHAFT Engine v5.3.20210902]
SHAFT Engine is licensed under the MIT License: [https://github.com/MohabMohie/SHAFT_ENGINE/blob/master/LICENSE].
################################################################################################################################################