################################################################################################################################################
Detected SHAFT Engine Version: [SHAFT Engine v5.3.20210902]
################################################################################################################################################

################################################################################################################################################
Starting Execution:	[1 out of 144] test cases in the current suite
Test Method:		[unitTests.tests_validations_assertions.assertComparativeRelation_greaterThanOrEquals_false_equals_expectedToFail]
################################################################################################################################################
[ReportManager] Assertion [ValidateComparativeRelation] FAILED. Expected [1] and Actual [1]. Comparison Type [GREATER_THAN_OR_EQUALS]. Validation Type [NEGATIVE]. @30-09-2021 20:50:01.0944 P

################################################################################################################################################
Starting Execution:	[2 out of 144] test cases in the current suite
Test Method:		[unitTests.tests_validations_assertions.assertComparativeRelation_greaterThanOrEquals_false_equals_expectedToPass]
################################################################################################################################################
[ReportManager] Assertion [ValidateComparativeRelation] PASSED. Expected [2] and Actual [1]. Comparison Type [GREATER_THAN_OR_EQUALS]. Validation Type [NEGATIVE]. @30-09-2021 20:50:02.0058 P

################################################################################################################################################
Starting Execution:	[3 out of 144] test cases in the current suite
Test Method:		[unitTests.tests_validations_assertions.assertComparativeRelation_greaterThanOrEquals_false_greaterThan_expectedToFail]
################################################################################################################################################
[ReportManager] Assertion [ValidateComparativeRelation] FAILED. Expected [1] and Actual [2]. Comparison Type [GREATER_THAN_OR_EQUALS]. Validation Type [NEGATIVE]. @30-09-2021 20:50:02.0068 P

################################################################################################################################################
Starting Execution:	[4 out of 144] test cases in the current suite
Test Method:		[unitTests.tests_validations_assertions.assertComparativeRelation_greaterThanOrEquals_false_greaterThan_expectedToPass]
################################################################################################################################################
[ReportManager] Assertion [ValidateComparativeRelation] PASSED. Expected [2] and Actual [1]. Comparison Type [GREATER_THAN_OR_EQUALS]. Validation Type [NEGATIVE]. @30-09-2021 20:50:02.0078 P

################################################################################################################################################
Starting Execution:	[5 out of 144] test cases in the current suite
Test Method:		[unitTests.tests_validations_assertions.assertComparativeRelation_greaterThanOrEquals_true_equals_expectedToFail]
################################################################################################################################################
[ReportManager] Assertion [ValidateComparativeRelation] FAILED. Expected [1] and Actual [0]. Comparison Type [GREATER_THAN_OR_EQUALS]. Validation Type [POSITIVE]. @30-09-2021 20:50:02.0087 P

################################################################################################################################################
Starting Execution:	[6 out of 144] test cases in the current suite
Test Method:		[unitTests.tests_validations_assertions.assertComparativeRelation_greaterThanOrEquals_true_equals_expectedToPass]
################################################################################################################################################
[ReportManager] Assertion [ValidateComparativeRelation] PASSED. Expected [1] and Actual [1]. Comparison Type [GREATER_THAN_OR_EQUALS]. Validation Type [POSITIVE]. @30-09-2021 20:50:02.0098 P

################################################################################################################################################
Starting Execution:	[7 out of 144] test cases in the current suite
Test Method:		[unitTests.tests_validations_assertions.assertComparativeRelation_greaterThanOrEquals_true_greaterThan_expectedToFail]
################################################################################################################################################
[ReportManager] Assertion [ValidateComparativeRelation] FAILED. Expected [2] and Actual [1]. Comparison Type [GREATER_THAN_OR_EQUALS]. Validation Type [POSITIVE]. @30-09-2021 20:50:02.0105 P

################################################################################################################################################
Starting Execution:	[8 out of 144] test cases in the current suite
Test Method:		[unitTests.tests_validations_assertions.assertComparativeRelation_greaterThanOrEquals_true_greaterThan_expectedToPass]
################################################################################################################################################
[ReportManager] Assertion [ValidateComparativeRelation] PASSED. Expected [1] and Actual [2]. Comparison Type [GREATER_THAN_OR_EQUALS]. Validation Type [POSITIVE]. @30-09-2021 20:50:02.0112 P
[ReportManager] File Action [GetAbsolutePath] successfully performed. With the following test data [Relative Folder Path: "target/downloadedFiles/"]. @30-09-2021 20:50:02.0123 PM
[ReportManager] Attempting to run remotely on: [Linux-64], [GoogleChrome], [http://localhost:4444/wd/hub], Headless Execution. @30-09-2021 20:50:02.0158 PM
[ReportManager] Successfully Opened [GoogleChrome]. @30-09-2021 20:50:03.0612 PM
[ReportManager] Target URL: [https://www.google.com/ncr], and after redirection: [www.google.com] @30-09-2021 20:50:03.0665 PM
[ReportManager] Initial URL: [data:,] @30-09-2021 20:50:03.0788 PM
[ReportManager] Browser Action [NavigateToURL] successfully performed. With the following test data [https://www.google.com/ncr]. @30-09-2021 20:50:05.0024 P

################################################################################################################################################
Starting Execution:	[9 out of 144] test cases in the current suite
Test Method:		[unitTests.tests_validations_assertions.assertElementAttribute_false_caseInsensitiveComparison_expectedToFail]
################################################################################################################################################
[ReportManager] Element Action [Type] successfully performed. With the following test data [AUTOMATION]. @30-09-2021 20:50:05.0526 PM
[ReportManager] Element Action [GetText] successfully performed. With the following test data [AUTOMATION]. @30-09-2021 20:50:05.0702 PM
[ReportManager] Loaded Shared OpenCV @30-09-2021 20:50:06.0336 PM
[ReportManager] Assertion [ValidateElementAttribute] FAILED. Expected [Value Should not be 'AutomaTion' for the 'text' attribute, element locator 'By.name: q'] and Actual [AUTOMATION]. Comparison Type [CASE_INSENSITIVE]. Validation Type [NEGATIVE]. @30-09-2021 20:50:06.0589 PM
[ReportManager] Successfully created attachment [Screenshot - 1633035005892_assertElementAttribute_false_caseInsensitiveComparison_expectedToFail_ValidateElementAttribute_failed] @30-09-2021 20:50:06.0604 P
[ReportManager] Browser Action [CloseCurrentWindow] successfully performed. @30-09-2021 20:50:06.0767 PM
[ReportManager] Successfully created attachment [Browser Action Test Data - CloseCurrentWindow - Actual Value] @30-09-2021 20:50:06.0776 P
[ReportManager] File Action [GetAbsolutePath] successfully performed. With the following test data [Relative Folder Path: "target/downloadedFiles/"]. @30-09-2021 20:50:06.0790 PM
[ReportManager] Attempting to run remotely on: [Linux-64], [GoogleChrome], [http://localhost:4444/wd/hub], Headless Execution. @30-09-2021 20:50:06.0790 PM
[ReportManager] Successfully Opened [GoogleChrome]. @30-09-2021 20:50:07.0043 PM
[ReportManager] Target URL: [https://www.google.com/ncr], and after redirection: [www.google.com] @30-09-2021 20:50:07.0071 PM
[ReportManager] Initial URL: [data:,] @30-09-2021 20:50:07.0154 PM
[ReportManager] Browser Action [NavigateToURL] successfully performed. With the following test data [https://www.google.com/ncr]. @30-09-2021 20:50:07.0959 P

################################################################################################################################################
Starting Execution:	[10 out of 144] test cases in the current suite
Test Method:		[unitTests.tests_validations_assertions.assertElementAttribute_false_caseInsensitiveComparison_expectedToPass]
################################################################################################################################################
[ReportManager] Element Action [Type] successfully performed. With the following test data [AUTOMATION]. @30-09-2021 20:50:08.0370 PM
[ReportManager] Element Action [GetText] successfully performed. With the following test data [AUTOMATION]. @30-09-2021 20:50:08.0507 PM
[ReportManager] Loaded Shared OpenCV @30-09-2021 20:50:08.0671 PM
[ReportManager] Assertion [ValidateElementAttribute] PASSED. Expected [Value Should not be 'AutomaTion123' for the 'text' attribute, element locator 'By.name: q'] and Actual [AUTOMATION]. Comparison Type [CASE_INSENSITIVE]. Validation Type [NEGATIVE]. @30-09-2021 20:50:08.0787 PM
[ReportManager] Successfully created attachment [Screenshot - 1633035008671_assertElementAttribute_false_caseInsensitiveComparison_expectedToPass_ValidateElementAttribute_passed] @30-09-2021 20:50:08.0791 P
[ReportManager] Browser Action [CloseCurrentWindow] successfully performed. @30-09-2021 20:50:08.0949 PM
[ReportManager] Successfully created attachment [Browser Action Test Data - CloseCurrentWindow - Actual Value] @30-09-2021 20:50:08.0951 P
[ReportManager] File Action [GetAbsolutePath] successfully performed. With the following test data [Relative Folder Path: "target/downloadedFiles/"]. @30-09-2021 20:50:08.0957 PM
[ReportManager] Attempting to run remotely on: [Linux-64], [GoogleChrome], [http://localhost:4444/wd/hub], Headless Execution. @30-09-2021 20:50:08.0958 PM
[ReportManager] Successfully Opened [GoogleChrome]. @30-09-2021 20:50:09.0199 PM
[ReportManager] Target URL: [https://www.google.com/ncr], and after redirection: [www.google.com] @30-09-2021 20:50:09.0221 PM
[ReportManager] Initial URL: [data:,] @30-09-2021 20:50:09.0283 PM
[ReportManager] Browser Action [NavigateToURL] successfully performed. With the following test data [https://www.google.com/ncr]. @30-09-2021 20:50:10.0033 P

################################################################################################################################################
Starting Execution:	[11 out of 144] test cases in the current suite
Test Method:		[unitTests.tests_validations_assertions.assertElementAttribute_false_containsComparison_expectedToFail]
################################################################################################################################################
[ReportManager] Element Action [Type] successfully performed. With the following test data [Automation123]. @30-09-2021 20:50:10.0376 PM
[ReportManager] Element Action [GetText] successfully performed. With the following test data [Automation123]. @30-09-2021 20:50:10.0507 PM
[ReportManager] Loaded Shared OpenCV @30-09-2021 20:50:10.0666 PM
[ReportManager] Assertion [ValidateElementAttribute] FAILED. Expected [Value Should not be 'Automation' for the 'text' attribute, element locator 'By.name: q'] and Actual [Automation123]. Comparison Type [CONTAINS]. Validation Type [NEGATIVE]. @30-09-2021 20:50:10.0760 PM
[ReportManager] Successfully created attachment [Screenshot - 1633035010666_assertElementAttribute_false_containsComparison_expectedToFail_ValidateElementAttribute_failed] @30-09-2021 20:50:10.0766 P
[ReportManager] Browser Action [CloseCurrentWindow] successfully performed. @30-09-2021 20:50:10.0908 PM
[ReportManager] Successfully created attachment [Browser Action Test Data - CloseCurrentWindow - Actual Value] @30-09-2021 20:50:10.0909 P
[ReportManager] File Action [GetAbsolutePath] successfully performed. With the following test data [Relative Folder Path: "target/downloadedFiles/"]. @30-09-2021 20:50:10.0913 PM
[ReportManager] Attempting to run remotely on: [Linux-64], [GoogleChrome], [http://localhost:4444/wd/hub], Headless Execution. @30-09-2021 20:50:10.0913 PM
[ReportManager] Successfully Opened [GoogleChrome]. @30-09-2021 20:50:11.0120 PM
[ReportManager] Target URL: [https://www.google.com/ncr], and after redirection: [www.google.com] @30-09-2021 20:50:11.0138 PM
[ReportManager] Initial URL: [data:,] @30-09-2021 20:50:11.0195 PM
[ReportManager] Browser Action [NavigateToURL] successfully performed. With the following test data [https://www.google.com/ncr]. @30-09-2021 20:50:11.0933 P

################################################################################################################################################
Starting Execution:	[12 out of 144] test cases in the current suite
Test Method:		[unitTests.tests_validations_assertions.assertElementAttribute_false_containsComparison_expectedToPass]
################################################################################################################################################
[ReportManager] Element Action [Type] successfully performed. With the following test data [Automation123]. @30-09-2021 20:50:12.0300 PM
[ReportManager] Element Action [GetText] successfully performed. With the following test data [Automation123]. @30-09-2021 20:50:12.0410 PM
[ReportManager] Loaded Shared OpenCV @30-09-2021 20:50:12.0543 PM
[ReportManager] Assertion [ValidateElementAttribute] PASSED. Expected [Value Should not be 'Automation1234' for the 'text' attribute, element locator 'By.name: q'] and Actual [Automation123]. Comparison Type [CONTAINS]. Validation Type [NEGATIVE]. @30-09-2021 20:50:12.0618 PM
[ReportManager] Successfully created attachment [Screenshot - 1633035012543_assertElementAttribute_false_containsComparison_expectedToPass_ValidateElementAttribute_passed] @30-09-2021 20:50:12.0619 P
[ReportManager] Browser Action [CloseCurrentWindow] successfully performed. @30-09-2021 20:50:12.0758 PM
[ReportManager] Successfully created attachment [Browser Action Test Data - CloseCurrentWindow - Actual Value] @30-09-2021 20:50:12.0759 P
[ReportManager] File Action [GetAbsolutePath] successfully performed. With the following test data [Relative Folder Path: "target/downloadedFiles/"]. @30-09-2021 20:50:12.0761 PM
[ReportManager] Attempting to run remotely on: [Linux-64], [GoogleChrome], [http://localhost:4444/wd/hub], Headless Execution. @30-09-2021 20:50:12.0762 PM
[ReportManager] Successfully Opened [GoogleChrome]. @30-09-2021 20:50:12.0971 PM
[ReportManager] Target URL: [https://www.google.com/ncr], and after redirection: [www.google.com] @30-09-2021 20:50:12.0987 PM
[ReportManager] Initial URL: [data:,] @30-09-2021 20:50:13.0041 PM
[ReportManager] Browser Action [NavigateToURL] successfully performed. With the following test data [https://www.google.com/ncr]. @30-09-2021 20:50:13.0763 P

################################################################################################################################################
Starting Execution:	[13 out of 144] test cases in the current suite
Test Method:		[unitTests.tests_validations_assertions.assertElementAttribute_false_literalComparison_expectedToFail]
################################################################################################################################################
[ReportManager] Element Action [Type] successfully performed. With the following test data [Automation!@#$%^&*()_+{}[]\';/.,]. @30-09-2021 20:50:14.0213 PM
[ReportManager] Element Action [GetText] successfully performed. With the following test data [Automation!@#$%^&*()_+{}[]\';/.,]. @30-09-2021 20:50:14.0346 PM
[ReportManager] Loaded Shared OpenCV @30-09-2021 20:50:14.0505 PM
[ReportManager] Assertion [ValidateElementAttribute] PASSED. Expected [Value Should not be 'Automation!@#$%^&*()_+{}[]\\';/.,' for the 'text' attribute, element locator 'By.name: q'] and Actual [Automation!@#$%^&*()_+{}[]\';/.,]. Comparison Type [EQUALS]. Validation Type [NEGATIVE]. @30-09-2021 20:50:14.0576 PM
[ReportManager] Successfully created attachment [Screenshot - 1633035014505_assertElementAttribute_false_literalComparison_expectedToFail_ValidateElementAttribute_passed] @30-09-2021 20:50:14.0578 P
[ReportManager] Browser Action [CloseCurrentWindow] successfully performed. @30-09-2021 20:50:14.0711 PM
[ReportManager] Successfully created attachment [Browser Action Test Data - CloseCurrentWindow - Actual Value] @30-09-2021 20:50:14.0713 P
[ReportManager] File Action [GetAbsolutePath] successfully performed. With the following test data [Relative Folder Path: "target/downloadedFiles/"]. @30-09-2021 20:50:14.0717 PM
[ReportManager] Attempting to run remotely on: [Linux-64], [GoogleChrome], [http://localhost:4444/wd/hub], Headless Execution. @30-09-2021 20:50:14.0718 PM
[ReportManager] Successfully Opened [GoogleChrome]. @30-09-2021 20:50:14.0913 PM
[ReportManager] Target URL: [https://www.google.com/ncr], and after redirection: [www.google.com] @30-09-2021 20:50:14.0937 PM
[ReportManager] Initial URL: [data:,] @30-09-2021 20:50:14.0989 PM
[ReportManager] Browser Action [NavigateToURL] successfully performed. With the following test data [https://www.google.com/ncr]. @30-09-2021 20:50:16.0896 P

################################################################################################################################################
Starting Execution:	[14 out of 144] test cases in the current suite
Test Method:		[unitTests.tests_validations_assertions.assertElementAttribute_false_literalComparison_expectedToPass]
################################################################################################################################################
[ReportManager] Element Action [Type] successfully performed. With the following test data [Automation!@#$%^&*()_+{}[]\';/.,]. @30-09-2021 20:50:17.0316 PM
[ReportManager] Element Action [GetText] successfully performed. With the following test data [Automation!@#$%^&*()_+{}[]\';/.,]. @30-09-2021 20:50:17.0428 PM
[ReportManager] Loaded Shared OpenCV @30-09-2021 20:50:17.0586 PM
[ReportManager] Assertion [ValidateElementAttribute] PASSED. Expected [Value Should not be 'Automation' for the 'text' attribute, element locator 'By.name: q'] and Actual [Automation!@#$%^&*()_+{}[]\';/.,]. Comparison Type [EQUALS]. Validation Type [NEGATIVE]. @30-09-2021 20:50:17.0656 PM
[ReportManager] Successfully created attachment [Screenshot - 1633035017585_assertElementAttribute_false_literalComparison_expectedToPass_ValidateElementAttribute_passed] @30-09-2021 20:50:17.0657 P
[ReportManager] Browser Action [CloseCurrentWindow] successfully performed. @30-09-2021 20:50:17.0796 PM
[ReportManager] Successfully created attachment [Browser Action Test Data - CloseCurrentWindow - Actual Value] @30-09-2021 20:50:17.0798 P
[ReportManager] File Action [GetAbsolutePath] successfully performed. With the following test data [Relative Folder Path: "target/downloadedFiles/"]. @30-09-2021 20:50:17.0800 PM
[ReportManager] Attempting to run remotely on: [Linux-64], [GoogleChrome], [http://localhost:4444/wd/hub], Headless Execution. @30-09-2021 20:50:17.0801 PM
[ReportManager] Successfully Opened [GoogleChrome]. @30-09-2021 20:50:17.0988 PM
[ReportManager] Target URL: [https://www.google.com/ncr], and after redirection: [www.google.com] @30-09-2021 20:50:18.0015 PM
[ReportManager] Initial URL: [data:,] @30-09-2021 20:50:18.0064 PM
[ReportManager] Browser Action [NavigateToURL] successfully performed. With the following test data [https://www.google.com/ncr]. @30-09-2021 20:50:18.0798 P

################################################################################################################################################
Starting Execution:	[15 out of 144] test cases in the current suite
Test Method:		[unitTests.tests_validations_assertions.assertElementAttribute_false_regexComparison_expectedToFail]
################################################################################################################################################
[ReportManager] Element Action [Type] successfully performed. With the following test data [Automation123]. @30-09-2021 20:50:19.0158 PM
[ReportManager] Element Action [GetText] successfully performed. With the following test data [Automation123]. @30-09-2021 20:50:19.0259 PM
[ReportManager] Loaded Shared OpenCV @30-09-2021 20:50:19.0375 PM
[ReportManager] Assertion [ValidateElementAttribute] FAILED. Expected [Value Should not be 'Automation.*' for the 'text' attribute, element locator 'By.name: q'] and Actual [Automation123]. Comparison Type [MATCHES]. Validation Type [NEGATIVE]. @30-09-2021 20:50:19.0441 PM
[ReportManager] Successfully created attachment [Screenshot - 1633035019375_assertElementAttribute_false_regexComparison_expectedToFail_ValidateElementAttribute_failed] @30-09-2021 20:50:19.0442 P
[ReportManager] Browser Action [CloseCurrentWindow] successfully performed. @30-09-2021 20:50:19.0581 PM
[ReportManager] Successfully created attachment [Browser Action Test Data - CloseCurrentWindow - Actual Value] @30-09-2021 20:50:19.0582 P
[ReportManager] File Action [GetAbsolutePath] successfully performed. With the following test data [Relative Folder Path: "target/downloadedFiles/"]. @30-09-2021 20:50:19.0586 PM
[ReportManager] Attempting to run remotely on: [Linux-64], [GoogleChrome], [http://localhost:4444/wd/hub], Headless Execution. @30-09-2021 20:50:19.0587 PM
[ReportManager] Successfully Opened [GoogleChrome]. @30-09-2021 20:50:19.0790 PM
[ReportManager] Target URL: [https://www.google.com/ncr], and after redirection: [www.google.com] @30-09-2021 20:50:19.0804 PM
[ReportManager] Initial URL: [data:,] @30-09-2021 20:50:19.0874 PM
[ReportManager] Browser Action [NavigateToURL] successfully performed. With the following test data [https://www.google.com/ncr]. @30-09-2021 20:50:22.0148 P

################################################################################################################################################
Starting Execution:	[16 out of 144] test cases in the current suite
Test Method:		[unitTests.tests_validations_assertions.assertElementAttribute_false_regexComparison_expectedToPass]
################################################################################################################################################
[ReportManager] Element Action [Type] successfully performed. With the following test data [Automation123]. @30-09-2021 20:50:22.0486 PM
[ReportManager] Element Action [GetText] successfully performed. With the following test data [Automation123]. @30-09-2021 20:50:22.0586 PM
[ReportManager] Loaded Shared OpenCV @30-09-2021 20:50:22.0733 PM
[ReportManager] Assertion [ValidateElementAttribute] PASSED. Expected [Value Should not be 'Automation' for the 'text' attribute, element locator 'By.name: q'] and Actual [Automation123]. Comparison Type [MATCHES]. Validation Type [NEGATIVE]. @30-09-2021 20:50:22.0801 PM
[ReportManager] Successfully created attachment [Screenshot - 1633035022733_assertElementAttribute_false_regexComparison_expectedToPass_ValidateElementAttribute_passed] @30-09-2021 20:50:22.0802 P
[ReportManager] Browser Action [CloseCurrentWindow] successfully performed. @30-09-2021 20:50:22.0958 PM
[ReportManager] Successfully created attachment [Browser Action Test Data - CloseCurrentWindow - Actual Value] @30-09-2021 20:50:22.0959 P
[ReportManager] File Action [GetAbsolutePath] successfully performed. With the following test data [Relative Folder Path: "target/downloadedFiles/"]. @30-09-2021 20:50:22.0967 PM
[ReportManager] Attempting to run remotely on: [Linux-64], [GoogleChrome], [http://localhost:4444/wd/hub], Headless Execution. @30-09-2021 20:50:22.0967 PM
[ReportManager] Successfully Opened [GoogleChrome]. @30-09-2021 20:50:23.0170 PM
[ReportManager] Target URL: [https://www.google.com/ncr], and after redirection: [www.google.com] @30-09-2021 20:50:23.0185 PM
[ReportManager] Initial URL: [data:,] @30-09-2021 20:50:23.0228 PM
[ReportManager] Browser Action [NavigateToURL] successfully performed. With the following test data [https://www.google.com/ncr]. @30-09-2021 20:50:23.0934 P

################################################################################################################################################
Starting Execution:	[17 out of 144] test cases in the current suite
Test Method:		[unitTests.tests_validations_assertions.assertElementAttribute_true_caseInsensitiveComparison_expectedToFail]
################################################################################################################################################
[ReportManager] Element Action [Type] successfully performed. With the following test data [AUTOMATION]. @30-09-2021 20:50:24.0287 PM
[ReportManager] Element Action [GetText] successfully performed. With the following test data [AUTOMATION]. @30-09-2021 20:50:24.0390 PM
[ReportManager] Loaded Shared OpenCV @30-09-2021 20:50:24.0517 PM
[ReportManager] Assertion [ValidateElementAttribute] FAILED. Expected [Value Should be 'AutomaTion123' for the 'text' attribute, element locator 'By.name: q'] and Actual [AUTOMATION]. Comparison Type [CASE_INSENSITIVE]. Validation Type [POSITIVE]. @30-09-2021 20:50:24.0585 PM
[ReportManager] Successfully created attachment [Screenshot - 1633035024517_assertElementAttribute_true_caseInsensitiveComparison_expectedToFail_ValidateElementAttribute_failed] @30-09-2021 20:50:24.0587 P
[ReportManager] Browser Action [CloseCurrentWindow] successfully performed. @30-09-2021 20:50:24.0726 PM
[ReportManager] Successfully created attachment [Browser Action Test Data - CloseCurrentWindow - Actual Value] @30-09-2021 20:50:24.0727 P
[ReportManager] File Action [GetAbsolutePath] successfully performed. With the following test data [Relative Folder Path: "target/downloadedFiles/"]. @30-09-2021 20:50:24.0730 PM
[ReportManager] Attempting to run remotely on: [Linux-64], [GoogleChrome], [http://localhost:4444/wd/hub], Headless Execution. @30-09-2021 20:50:24.0730 PM
[ReportManager] Successfully Opened [GoogleChrome]. @30-09-2021 20:50:24.0918 PM
[ReportManager] Target URL: [https://www.google.com/ncr], and after redirection: [www.google.com] @30-09-2021 20:50:24.0929 PM
[ReportManager] Initial URL: [data:,] @30-09-2021 20:50:24.0970 PM
[ReportManager] Browser Action [NavigateToURL] successfully performed. With the following test data [https://www.google.com/ncr]. @30-09-2021 20:50:25.0696 P

################################################################################################################################################
Starting Execution:	[18 out of 144] test cases in the current suite
Test Method:		[unitTests.tests_validations_assertions.assertElementAttribute_true_caseInsensitiveComparison_expectedToPass]
################################################################################################################################################
[ReportManager] Element Action [Type] successfully performed. With the following test data [AUTOMATION]. @30-09-2021 20:50:26.0032 PM
[ReportManager] Element Action [GetText] successfully performed. With the following test data [AUTOMATION]. @30-09-2021 20:50:26.0123 PM
[ReportManager] Loaded Shared OpenCV @30-09-2021 20:50:26.0251 PM
[ReportManager] Assertion [ValidateElementAttribute] PASSED. Expected [Value Should be 'AutomaTion' for the 'text' attribute, element locator 'By.name: q'] and Actual [AUTOMATION]. Comparison Type [CASE_INSENSITIVE]. Validation Type [POSITIVE]. @30-09-2021 20:50:26.0320 PM
[ReportManager] Successfully created attachment [Screenshot - 1633035026251_assertElementAttribute_true_caseInsensitiveComparison_expectedToPass_ValidateElementAttribute_passed] @30-09-2021 20:50:26.0321 P
[ReportManager] Browser Action [CloseCurrentWindow] successfully performed. @30-09-2021 20:50:26.0442 PM
[ReportManager] Successfully created attachment [Browser Action Test Data - CloseCurrentWindow - Actual Value] @30-09-2021 20:50:26.0442 P
[ReportManager] File Action [GetAbsolutePath] successfully performed. With the following test data [Relative Folder Path: "target/downloadedFiles/"]. @30-09-2021 20:50:26.0447 PM
[ReportManager] Attempting to run remotely on: [Linux-64], [GoogleChrome], [http://localhost:4444/wd/hub], Headless Execution. @30-09-2021 20:50:26.0447 PM
[ReportManager] Successfully Opened [GoogleChrome]. @30-09-2021 20:50:26.0627 PM
[ReportManager] Target URL: [https://www.google.com/ncr], and after redirection: [www.google.com] @30-09-2021 20:50:26.0641 PM
[ReportManager] Initial URL: [data:,] @30-09-2021 20:50:26.0696 PM
[ReportManager] Browser Action [NavigateToURL] successfully performed. With the following test data [https://www.google.com/ncr]. @30-09-2021 20:50:27.0415 P

################################################################################################################################################
Starting Execution:	[19 out of 144] test cases in the current suite
Test Method:		[unitTests.tests_validations_assertions.assertElementAttribute_true_containsComparison_expectedToFail]
################################################################################################################################################
[ReportManager] Element Action [Type] successfully performed. With the following test data [Automation123]. @30-09-2021 20:50:27.0718 PM
[ReportManager] Element Action [GetText] successfully performed. With the following test data [Automation123]. @30-09-2021 20:50:27.0821 PM
[ReportManager] Loaded Shared OpenCV @30-09-2021 20:50:27.0960 PM
[ReportManager] Assertion [ValidateElementAttribute] FAILED. Expected [Value Should be 'Automation1234' for the 'text' attribute, element locator 'By.name: q'] and Actual [Automation123]. Comparison Type [CONTAINS]. Validation Type [POSITIVE]. @30-09-2021 20:50:28.0025 PM
[ReportManager] Successfully created attachment [Screenshot - 1633035027960_assertElementAttribute_true_containsComparison_expectedToFail_ValidateElementAttribute_failed] @30-09-2021 20:50:28.0026 P
[ReportManager] Browser Action [CloseCurrentWindow] successfully performed. @30-09-2021 20:50:28.0146 PM
[ReportManager] Successfully created attachment [Browser Action Test Data - CloseCurrentWindow - Actual Value] @30-09-2021 20:50:28.0147 P
[ReportManager] File Action [GetAbsolutePath] successfully performed. With the following test data [Relative Folder Path: "target/downloadedFiles/"]. @30-09-2021 20:50:28.0149 PM
[ReportManager] Attempting to run remotely on: [Linux-64], [GoogleChrome], [http://localhost:4444/wd/hub], Headless Execution. @30-09-2021 20:50:28.0150 PM
[ReportManager] Successfully Opened [GoogleChrome]. @30-09-2021 20:50:28.0328 PM
[ReportManager] Target URL: [https://www.google.com/ncr], and after redirection: [www.google.com] @30-09-2021 20:50:28.0339 PM
[ReportManager] Initial URL: [data:,] @30-09-2021 20:50:28.0384 PM
[ReportManager] Browser Action [NavigateToURL] successfully performed. With the following test data [https://www.google.com/ncr]. @30-09-2021 20:50:29.0103 P

################################################################################################################################################
Starting Execution:	[20 out of 144] test cases in the current suite
Test Method:		[unitTests.tests_validations_assertions.assertElementAttribute_true_containsComparison_expectedToPass]
################################################################################################################################################
[ReportManager] Element Action [Type] successfully performed. With the following test data [Automation123]. @30-09-2021 20:50:29.0484 PM
[ReportManager] Element Action [GetText] successfully performed. With the following test data [Automation123]. @30-09-2021 20:50:29.0581 PM
[ReportManager] Loaded Shared OpenCV @30-09-2021 20:50:29.0708 PM
[ReportManager] Assertion [ValidateElementAttribute] PASSED. Expected [Value Should be 'Automation' for the 'text' attribute, element locator 'By.name: q'] and Actual [Automation123]. Comparison Type [CONTAINS]. Validation Type [POSITIVE]. @30-09-2021 20:50:29.0773 PM
[ReportManager] Successfully created attachment [Screenshot - 1633035029708_assertElementAttribute_true_containsComparison_expectedToPass_ValidateElementAttribute_passed] @30-09-2021 20:50:29.0774 P
[ReportManager] Browser Action [CloseCurrentWindow] successfully performed. @30-09-2021 20:50:29.0889 PM
[ReportManager] Successfully created attachment [Browser Action Test Data - CloseCurrentWindow - Actual Value] @30-09-2021 20:50:29.0890 P
[ReportManager] File Action [GetAbsolutePath] successfully performed. With the following test data [Relative Folder Path: "target/downloadedFiles/"]. @30-09-2021 20:50:29.0893 PM
[ReportManager] Attempting to run remotely on: [Linux-64], [GoogleChrome], [http://localhost:4444/wd/hub], Headless Execution. @30-09-2021 20:50:29.0893 PM
[ReportManager] Successfully Opened [GoogleChrome]. @30-09-2021 20:50:30.0126 PM
[ReportManager] Target URL: [https://www.google.com/ncr], and after redirection: [www.google.com] @30-09-2021 20:50:30.0138 PM
[ReportManager] Initial URL: [data:,] @30-09-2021 20:50:30.0177 PM
[ReportManager] Browser Action [NavigateToURL] successfully performed. With the following test data [https://www.google.com/ncr]. @30-09-2021 20:50:30.0905 P

################################################################################################################################################
Starting Execution:	[21 out of 144] test cases in the current suite
Test Method:		[unitTests.tests_validations_assertions.assertElementAttribute_true_literalComparison_expectedToFail]
################################################################################################################################################
[ReportManager] Element Action [Type] successfully performed. With the following test data [Automation!@#$%^&*()_+{}[]\';/.,]. @30-09-2021 20:50:31.0330 PM
[ReportManager] Element Action [GetText] successfully performed. With the following test data [Automation!@#$%^&*()_+{}[]\';/.,]. @30-09-2021 20:50:31.0439 PM
[ReportManager] Loaded Shared OpenCV @30-09-2021 20:50:31.0575 PM
[ReportManager] Assertion [ValidateElementAttribute] FAILED. Expected [Value Should be 'Automation' for the 'text' attribute, element locator 'By.name: q'] and Actual [Automation!@#$%^&*()_+{}[]\';/.,]. Comparison Type [EQUALS]. Validation Type [POSITIVE]. @30-09-2021 20:50:31.0698 PM
[ReportManager] Successfully created attachment [Screenshot - 1633035031575_assertElementAttribute_true_literalComparison_expectedToFail_ValidateElementAttribute_failed] @30-09-2021 20:50:31.0700 P
[ReportManager] Browser Action [CloseCurrentWindow] successfully performed. @30-09-2021 20:50:31.0825 PM
[ReportManager] Successfully created attachment [Browser Action Test Data - CloseCurrentWindow - Actual Value] @30-09-2021 20:50:31.0826 P
[ReportManager] File Action [GetAbsolutePath] successfully performed. With the following test data [Relative Folder Path: "target/downloadedFiles/"]. @30-09-2021 20:50:31.0829 PM
[ReportManager] Attempting to run remotely on: [Linux-64], [GoogleChrome], [http://localhost:4444/wd/hub], Headless Execution. @30-09-2021 20:50:31.0829 PM
[ReportManager] Successfully Opened [GoogleChrome]. @30-09-2021 20:50:32.0026 PM
[ReportManager] Target URL: [https://www.google.com/ncr], and after redirection: [www.google.com] @30-09-2021 20:50:32.0043 PM
[ReportManager] Initial URL: [data:,] @30-09-2021 20:50:32.0099 PM
[ReportManager] Browser Action [NavigateToURL] successfully performed. With the following test data [https://www.google.com/ncr]. @30-09-2021 20:50:32.0813 P

################################################################################################################################################
Starting Execution:	[22 out of 144] test cases in the current suite
Test Method:		[unitTests.tests_validations_assertions.assertElementAttribute_true_literalComparison_expectedToPass]
################################################################################################################################################
[ReportManager] Element Action [Type] successfully performed. With the following test data [Automation!@#$%^&*()_+{}[]\';/.,]. @30-09-2021 20:50:33.0198 PM
[ReportManager] Element Action [GetText] successfully performed. With the following test data [Automation!@#$%^&*()_+{}[]\';/.,]. @30-09-2021 20:50:33.0286 PM
[ReportManager] Loaded Shared OpenCV @30-09-2021 20:50:33.0399 PM
[ReportManager] Assertion [ValidateElementAttribute] PASSED. Expected [Value Should be 'Automation!@#$%^&*()_+{}[]\';/.,' for the 'text' attribute, element locator 'By.name: q'] and Actual [Automation!@#$%^&*()_+{}[]\';/.,]. Comparison Type [EQUALS]. Validation Type [POSITIVE]. @30-09-2021 20:50:33.0467 PM
[ReportManager] Successfully created attachment [Screenshot - 1633035033399_assertElementAttribute_true_literalComparison_expectedToPass_ValidateElementAttribute_passed] @30-09-2021 20:50:33.0468 P
[ReportManager] Browser Action [CloseCurrentWindow] successfully performed. @30-09-2021 20:50:33.0586 PM
[ReportManager] Successfully created attachment [Browser Action Test Data - CloseCurrentWindow - Actual Value] @30-09-2021 20:50:33.0587 P
[ReportManager] File Action [GetAbsolutePath] successfully performed. With the following test data [Relative Folder Path: "target/downloadedFiles/"]. @30-09-2021 20:50:33.0599 PM
[ReportManager] Attempting to run remotely on: [Linux-64], [GoogleChrome], [http://localhost:4444/wd/hub], Headless Execution. @30-09-2021 20:50:33.0599 PM
[ReportManager] Successfully Opened [GoogleChrome]. @30-09-2021 20:50:33.0822 PM
[ReportManager] Target URL: [https://www.google.com/ncr], and after redirection: [www.google.com] @30-09-2021 20:50:33.0833 PM
[ReportManager] Initial URL: [data:,] @30-09-2021 20:50:33.0870 PM
[ReportManager] Browser Action [NavigateToURL] successfully performed. With the following test data [https://www.google.com/ncr]. @30-09-2021 20:50:34.0584 P

################################################################################################################################################
Starting Execution:	[23 out of 144] test cases in the current suite
Test Method:		[unitTests.tests_validations_assertions.assertElementAttribute_true_regexComparison_expectedToFail]
################################################################################################################################################
[ReportManager] Element Action [Type] successfully performed. With the following test data [Automation123]. @30-09-2021 20:50:34.0917 PM
[ReportManager] Element Action [GetText] successfully performed. With the following test data [Automation123]. @30-09-2021 20:50:35.0016 PM
[ReportManager] Loaded Shared OpenCV @30-09-2021 20:50:35.0142 PM
[ReportManager] Assertion [ValidateElementAttribute] FAILED. Expected [Value Should be 'Automation' for the 'text' attribute, element locator 'By.name: q'] and Actual [Automation123]. Comparison Type [MATCHES]. Validation Type [POSITIVE]. @30-09-2021 20:50:35.0206 PM
[ReportManager] Successfully created attachment [Screenshot - 1633035035142_assertElementAttribute_true_regexComparison_expectedToFail_ValidateElementAttribute_failed] @30-09-2021 20:50:35.0207 P
[ReportManager] Browser Action [CloseCurrentWindow] successfully performed. @30-09-2021 20:50:35.0345 PM
[ReportManager] Successfully created attachment [Browser Action Test Data - CloseCurrentWindow - Actual Value] @30-09-2021 20:50:35.0346 P
[ReportManager] File Action [GetAbsolutePath] successfully performed. With the following test data [Relative Folder Path: "target/downloadedFiles/"]. @30-09-2021 20:50:35.0350 PM
[ReportManager] Attempting to run remotely on: [Linux-64], [GoogleChrome], [http://localhost:4444/wd/hub], Headless Execution. @30-09-2021 20:50:35.0350 PM
[ReportManager] Successfully Opened [GoogleChrome]. @30-09-2021 20:50:35.0534 PM
[ReportManager] Target URL: [https://www.google.com/ncr], and after redirection: [www.google.com] @30-09-2021 20:50:35.0554 PM
[ReportManager] Initial URL: [data:,] @30-09-2021 20:50:35.0595 PM
[ReportManager] Browser Action [NavigateToURL] successfully performed. With the following test data [https://www.google.com/ncr]. @30-09-2021 20:50:36.0325 P

################################################################################################################################################
Starting Execution:	[24 out of 144] test cases in the current suite
Test Method:		[unitTests.tests_validations_assertions.assertElementAttribute_true_regexComparison_expectedToPass]
################################################################################################################################################
[ReportManager] Element Action [Type] successfully performed. With the following test data [Automation123]. @30-09-2021 20:50:36.0681 PM
[ReportManager] Element Action [GetText] successfully performed. With the following test data [Automation123]. @30-09-2021 20:50:36.0799 PM
[ReportManager] Loaded Shared OpenCV @30-09-2021 20:50:36.0924 PM
[ReportManager] Assertion [ValidateElementAttribute] PASSED. Expected [Value Should be 'Automation.*' for the 'text' attribute, element locator 'By.name: q'] and Actual [Automation123]. Comparison Type [MATCHES]. Validation Type [POSITIVE]. @30-09-2021 20:50:36.0989 PM
[ReportManager] Successfully created attachment [Screenshot - 1633035036924_assertElementAttribute_true_regexComparison_expectedToPass_ValidateElementAttribute_passed] @30-09-2021 20:50:36.0990 P
[ReportManager] Browser Action [CloseCurrentWindow] successfully performed. @30-09-2021 20:50:37.0125 PM
[ReportManager] Successfully created attachment [Browser Action Test Data - CloseCurrentWindow - Actual Value] @30-09-2021 20:50:37.0126 P
[ReportManager] File Action [GetAbsolutePath] successfully performed. With the following test data [Relative Folder Path: "target/downloadedFiles/"]. @30-09-2021 20:50:37.0140 PM
[ReportManager] Attempting to run remotely on: [Linux-64], [GoogleChrome], [http://localhost:4444/wd/hub], Headless Execution. @30-09-2021 20:50:37.0141 PM
[ReportManager] Successfully Opened [GoogleChrome]. @30-09-2021 20:50:37.0340 PM
[ReportManager] Target URL: [https://www.google.com/ncr], and after redirection: [www.google.com] @30-09-2021 20:50:37.0353 PM
[ReportManager] Initial URL: [data:,] @30-09-2021 20:50:37.0391 PM
[ReportManager] Browser Action [NavigateToURL] successfully performed. With the following test data [https://www.google.com/ncr]. @30-09-2021 20:50:38.0121 P

################################################################################################################################################
Starting Execution:	[25 out of 144] test cases in the current suite
Test Method:		[unitTests.tests_validations_assertions.assertElementAttribute_type_true_literalComparison_expectedToPass]
################################################################################################################################################
[ReportManager] Element Action [Type] successfully performed. With the following test data [Automation!@#$%^&*()_+{}[]\';/.,]. @30-09-2021 20:50:38.0556 PM
[ReportManager] Element Action [GetText] successfully performed. With the following test data [Automation!@#$%^&*()_+{}[]\';/.,]. @30-09-2021 20:50:38.0643 PM
[ReportManager] Loaded Shared OpenCV @30-09-2021 20:50:38.0785 PM
[ReportManager] Assertion [ValidateElementAttribute] PASSED. Expected [Value Should be 'Automation!@#$%^&*()_+{}[]\';/.,' for the 'text' attribute, element locator 'By.name: q'] and Actual [Automation!@#$%^&*()_+{}[]\';/.,]. Comparison Type [EQUALS]. Validation Type [POSITIVE]. @30-09-2021 20:50:38.0856 PM
[ReportManager] Successfully created attachment [Screenshot - 1633035038785_assertElementAttribute_type_true_literalComparison_expectedToPass_ValidateElementAttribute_passed] @30-09-2021 20:50:38.0858 P
[ReportManager] Browser Action [CloseCurrentWindow] successfully performed. @30-09-2021 20:50:38.0982 PM
[ReportManager] Successfully created attachment [Browser Action Test Data - CloseCurrentWindow - Actual Value] @30-09-2021 20:50:38.0983 P
[ReportManager] File Action [GetAbsolutePath] successfully performed. With the following test data [Relative Folder Path: "target/downloadedFiles/"]. @30-09-2021 20:50:38.0988 PM
[ReportManager] Attempting to run remotely on: [Linux-64], [GoogleChrome], [http://localhost:4444/wd/hub], Headless Execution. @30-09-2021 20:50:38.0989 PM
[ReportManager] Successfully Opened [GoogleChrome]. @30-09-2021 20:50:39.0167 PM
[ReportManager] Target URL: [https://www.google.com/ncr], and after redirection: [www.google.com] @30-09-2021 20:50:39.0177 PM
[ReportManager] Initial URL: [data:,] @30-09-2021 20:50:39.0225 PM
[ReportManager] Browser Action [NavigateToURL] successfully performed. With the following test data [https://www.google.com/ncr]. @30-09-2021 20:50:39.0914 P

################################################################################################################################################
Starting Execution:	[26 out of 144] test cases in the current suite
Test Method:		[unitTests.tests_validations_assertions.assertElementExists_false_expectedToFail]
################################################################################################################################################
[ReportManager] Assertion [ValidateElementExists] PASSED. Expected [Element Should not Exist, locator 'By.id: hplogo'] and Actual [Element Doesn't Exists]. Comparison Type [EQUALS]. Validation Type [NEGATIVE]. @30-09-2021 20:50:50.0282 PM
[ReportManager] Successfully created attachment [Screenshot - 1633035050209_assertElementExists_false_expectedToFail_ValidateElementExists_passed] @30-09-2021 20:50:50.0283 P
[ReportManager] Browser Action [CloseCurrentWindow] successfully performed. @30-09-2021 20:50:50.0399 PM
[ReportManager] Successfully created attachment [Browser Action Test Data - CloseCurrentWindow - Actual Value] @30-09-2021 20:50:50.0399 P
[ReportManager] File Action [GetAbsolutePath] successfully performed. With the following test data [Relative Folder Path: "target/downloadedFiles/"]. @30-09-2021 20:50:50.0403 PM
[ReportManager] Attempting to run remotely on: [Linux-64], [GoogleChrome], [http://localhost:4444/wd/hub], Headless Execution. @30-09-2021 20:50:50.0403 PM
[ReportManager] Successfully Opened [GoogleChrome]. @30-09-2021 20:50:50.0577 PM
[ReportManager] Target URL: [https://www.google.com/ncr], and after redirection: [www.google.com] @30-09-2021 20:50:50.0590 PM
[ReportManager] Initial URL: [data:,] @30-09-2021 20:50:50.0639 PM
[ReportManager] Browser Action [NavigateToURL] successfully performed. With the following test data [https://www.google.com/ncr]. @30-09-2021 20:50:51.0327 P

################################################################################################################################################
Starting Execution:	[27 out of 144] test cases in the current suite
Test Method:		[unitTests.tests_validations_assertions.assertElementExists_false_expectedToPass]
################################################################################################################################################
[ReportManager] Assertion [ValidateElementExists] PASSED. Expected [Element Should not Exist, locator 'By.id: fakeElement'] and Actual [Element Doesn't Exists]. Comparison Type [EQUALS]. Validation Type [NEGATIVE]. @30-09-2021 20:51:01.0676 PM
[ReportManager] Successfully created attachment [Screenshot - 1633035061620_assertElementExists_false_expectedToPass_ValidateElementExists_passed] @30-09-2021 20:51:01.0677 P
[ReportManager] Browser Action [CloseCurrentWindow] successfully performed. @30-09-2021 20:51:01.0798 PM
[ReportManager] Successfully created attachment [Browser Action Test Data - CloseCurrentWindow - Actual Value] @30-09-2021 20:51:01.0799 P
[ReportManager] File Action [GetAbsolutePath] successfully performed. With the following test data [Relative Folder Path: "target/downloadedFiles/"]. @30-09-2021 20:51:01.0803 PM
[ReportManager] Attempting to run remotely on: [Linux-64], [GoogleChrome], [http://localhost:4444/wd/hub], Headless Execution. @30-09-2021 20:51:01.0803 PM
[ReportManager] Successfully Opened [GoogleChrome]. @30-09-2021 20:51:01.0974 PM
[ReportManager] Target URL: [https://www.google.com/ncr], and after redirection: [www.google.com] @30-09-2021 20:51:01.0990 PM
[ReportManager] Initial URL: [data:,] @30-09-2021 20:51:02.0040 PM
[ReportManager] Browser Action [NavigateToURL] successfully performed. With the following test data [https://www.google.com/ncr]. @30-09-2021 20:51:02.0750 P

################################################################################################################################################
Starting Execution:	[28 out of 144] test cases in the current suite
Test Method:		[unitTests.tests_validations_assertions.assertElementExists_false_multipleElementsFound_expectedToFail]
################################################################################################################################################
[ReportManager] Assertion [ValidateElementExists] FAILED. Expected [Element Should not Exist, locator 'By.xpath: //div'] and Actual [Element Exists but is not unique]. Comparison Type [EQUALS]. Validation Type [NEGATIVE]. @30-09-2021 20:51:02.0997 PM
[ReportManager] Successfully created attachment [Screenshot - 1633035062944_assertElementExists_false_multipleElementsFound_expectedToFail_ValidateElementExists_failed] @30-09-2021 20:51:02.0997 P
[ReportManager] Browser Action [CloseCurrentWindow] successfully performed. @30-09-2021 20:51:03.0117 PM
[ReportManager] Successfully created attachment [Browser Action Test Data - CloseCurrentWindow - Actual Value] @30-09-2021 20:51:03.0118 P
[ReportManager] File Action [GetAbsolutePath] successfully performed. With the following test data [Relative Folder Path: "target/downloadedFiles/"]. @30-09-2021 20:51:03.0123 PM
[ReportManager] Attempting to run remotely on: [Linux-64], [GoogleChrome], [http://localhost:4444/wd/hub], Headless Execution. @30-09-2021 20:51:03.0123 PM
[ReportManager] Successfully Opened [GoogleChrome]. @30-09-2021 20:51:03.0300 PM
[ReportManager] Target URL: [https://www.google.com/ncr], and after redirection: [www.google.com] @30-09-2021 20:51:03.0310 PM
[ReportManager] Initial URL: [data:,] @30-09-2021 20:51:03.0350 PM
[ReportManager] Browser Action [NavigateToURL] successfully performed. With the following test data [https://www.google.com/ncr]. @30-09-2021 20:51:04.0073 P

################################################################################################################################################
Starting Execution:	[29 out of 144] test cases in the current suite
Test Method:		[unitTests.tests_validations_assertions.assertElementExists_true_expectedToFail]
################################################################################################################################################
[ReportManager] Assertion [ValidateElementExists] FAILED. Expected [Element Should Exist, locator 'By.id: fakeElement'] and Actual [Element Doesn't Exists]. Comparison Type [EQUALS]. Validation Type [POSITIVE]. @30-09-2021 20:51:34.0708 PM
[ReportManager] Successfully created attachment [Screenshot - 1633035094656_assertElementExists_true_expectedToFail_ValidateElementExists_failed] @30-09-2021 20:51:34.0709 P
[ReportManager] Browser Action [CloseCurrentWindow] successfully performed. @30-09-2021 20:51:34.0834 PM
[ReportManager] Successfully created attachment [Browser Action Test Data - CloseCurrentWindow - Actual Value] @30-09-2021 20:51:34.0836 P
[ReportManager] File Action [GetAbsolutePath] successfully performed. With the following test data [Relative Folder Path: "target/downloadedFiles/"]. @30-09-2021 20:51:34.0839 PM
[ReportManager] Attempting to run remotely on: [Linux-64], [GoogleChrome], [http://localhost:4444/wd/hub], Headless Execution. @30-09-2021 20:51:34.0840 PM
[ReportManager] Successfully Opened [GoogleChrome]. @30-09-2021 20:51:35.0006 PM
[ReportManager] Target URL: [https://www.google.com/ncr], and after redirection: [www.google.com] @30-09-2021 20:51:35.0024 PM
[ReportManager] Initial URL: [data:,] @30-09-2021 20:51:35.0074 PM
[ReportManager] Browser Action [NavigateToURL] successfully performed. With the following test data [https://www.google.com/ncr]. @30-09-2021 20:51:35.0889 P

################################################################################################################################################
Starting Execution:	[30 out of 144] test cases in the current suite
Test Method:		[unitTests.tests_validations_assertions.assertElementExists_true_expectedToPass]
################################################################################################################################################
[ReportManager] Loaded Shared OpenCV @30-09-2021 20:51:36.0056 PM
[ReportManager] Assertion [ValidateElementExists] PASSED. Expected [Element Should Exist, locator 'By.xpath: //*[@id='hplogo' or @alt='Google']'] and Actual [Element Exists]. Comparison Type [EQUALS]. Validation Type [POSITIVE]. @30-09-2021 20:51:36.0124 PM
[ReportManager] Successfully created attachment [Screenshot - 1633035096056_assertElementExists_true_expectedToPass_ValidateElementExists_passed] @30-09-2021 20:51:36.0125 P
[ReportManager] Browser Action [CloseCurrentWindow] successfully performed. @30-09-2021 20:51:36.0245 PM
[ReportManager] Successfully created attachment [Browser Action Test Data - CloseCurrentWindow - Actual Value] @30-09-2021 20:51:36.0247 P
[ReportManager] File Action [GetAbsolutePath] successfully performed. With the following test data [Relative Folder Path: "target/downloadedFiles/"]. @30-09-2021 20:51:36.0253 PM
[ReportManager] Attempting to run remotely on: [Linux-64], [GoogleChrome], [http://localhost:4444/wd/hub], Headless Execution. @30-09-2021 20:51:36.0255 PM
[ReportManager] Successfully Opened [GoogleChrome]. @30-09-2021 20:51:36.0427 PM
[ReportManager] Target URL: [https://www.google.com/ncr], and after redirection: [www.google.com] @30-09-2021 20:51:36.0437 PM
[ReportManager] Initial URL: [data:,] @30-09-2021 20:51:36.0474 PM
[ReportManager] Browser Action [NavigateToURL] successfully performed. With the following test data [https://www.google.com/ncr]. @30-09-2021 20:51:37.0184 P

################################################################################################################################################
Starting Execution:	[31 out of 144] test cases in the current suite
Test Method:		[unitTests.tests_validations_assertions.assertElementExists_true_multipleElementsFound_expectedToFail]
################################################################################################################################################
[ReportManager] Assertion [ValidateElementExists] FAILED. Expected [Element Should Exist, locator 'By.xpath: //div'] and Actual [Element Exists but is not unique]. Comparison Type [EQUALS]. Validation Type [POSITIVE]. @30-09-2021 20:51:37.0389 PM
[ReportManager] Successfully created attachment [Screenshot - 1633035097337_assertElementExists_true_multipleElementsFound_expectedToFail_ValidateElementExists_failed] @30-09-2021 20:51:37.0390 P
[ReportManager] Browser Action [CloseCurrentWindow] successfully performed. @30-09-2021 20:51:37.0506 PM
[ReportManager] Successfully created attachment [Browser Action Test Data - CloseCurrentWindow - Actual Value] @30-09-2021 20:51:37.0507 P

################################################################################################################################################
Starting Execution:	[32 out of 144] test cases in the current suite
Test Method:		[unitTests.tests_validations_assertions.assertEquals_false_expectedToFail]
################################################################################################################################################
[ReportManager] Assertion [ValidateEquals] FAILED. Expected [1] and Actual [1]. Comparison Type [EQUALS]. Validation Type [NEGATIVE]. @30-09-2021 20:51:37.0514 P

################################################################################################################################################
Starting Execution:	[33 out of 144] test cases in the current suite
Test Method:		[unitTests.tests_validations_assertions.assertEquals_false_expectedToPass]
################################################################################################################################################
[ReportManager] Assertion [ValidateEquals] PASSED. Expected [1] and Actual [2]. Comparison Type [EQUALS]. Validation Type [NEGATIVE]. @30-09-2021 20:51:37.0519 P

################################################################################################################################################
Starting Execution:	[34 out of 144] test cases in the current suite
Test Method:		[unitTests.tests_validations_assertions.assertEquals_longCharacters]
################################################################################################################################################
[ReportManager] Verification [ValidateEquals] PASSED. Expected and Actual values are attached. Comparison Type [EQUALS]. Validation Type [POSITIVE]. @30-09-2021 20:51:37.0524 PM
[ReportManager] Successfully created attachment [Validation Test Data - Expected Value] @30-09-2021 20:51:37.0524 PM
[ReportManager] Successfully created attachment [Validation Test Data - Actual Value] @30-09-2021 20:51:37.0524 PM
[ReportManager] Assertion [ValidateEquals] PASSED. Expected and Actual values are attached. Comparison Type [EQUALS]. Validation Type [POSITIVE]. @30-09-2021 20:51:37.0525 PM
[ReportManager] Successfully created attachment [Validation Test Data - Expected Value] @30-09-2021 20:51:37.0525 PM
[ReportManager] Successfully created attachment [Validation Test Data - Actual Value] @30-09-2021 20:51:37.0525 P

################################################################################################################################################
Starting Execution:	[35 out of 144] test cases in the current suite
Test Method:		[unitTests.tests_validations_assertions.assertEquals_longCharacters_Discreet]
################################################################################################################################################
[ReportManager] Assertion [ValidateEquals] PASSED. Expected [1LH5pROcDBjjQk0t0mCr0lXuzQu9lcGj28kY8R1H81X67eVAQJgWQhILiRWVPUgZ6uCtK5cnBkF55Jr9vYngjGO1Iyf0Mktv6lruDlL9T8MAUPcUZJGHZtji6nIeadujDSNmWMj5d6C8zlFqw0CRqBU0hO5adIasHgBSNoLotAjce3NGXoDwAlp3rYreeV16VIyZXROQY] and Actual [1LH5pROcDBjjQk0t0mCr0lXuzQu9lcGj28kY8R1H81X67eVAQJgWQhILiRWVPUgZ6uCtK5cnBkF55Jr9vYngjGO1Iyf0Mktv6lruDlL9T8MAUPcUZJGHZtji6nIeadujDSNmWMj5d6C8zlFqw0CRqBU0hO5adIasHgBSNoLotAjce3NGXoDwAlp3rYreeV16VIyZXROQY]. Comparison Type [EQUALS]. Validation Type [POSITIVE]. @30-09-2021 20:51:37.0527 P

################################################################################################################################################
Starting Execution:	[36 out of 144] test cases in the current suite
Test Method:		[unitTests.tests_validations_assertions.assertEquals_true_expectedToFail]
################################################################################################################################################
[ReportManager] Assertion [ValidateEquals] FAILED. Expected [1] and Actual [2]. Comparison Type [EQUALS]. Validation Type [POSITIVE]. @30-09-2021 20:51:37.0532 P

################################################################################################################################################
Starting Execution:	[37 out of 144] test cases in the current suite
Test Method:		[unitTests.tests_validations_assertions.assertEquals_true_expectedToPass]
Test Description:	[Assert that assertEquals works as expected when the two values are equal.]
################################################################################################################################################
[ReportManager] Verification [ValidateEquals] PASSED. Expected [1] and Actual [1]. Comparison Type [EQUALS]. Validation Type [POSITIVE]. @30-09-2021 20:51:37.0541 PM
[ReportManager] Assertion [ValidateEquals] PASSED. Expected [1] and Actual [1]. Comparison Type [EQUALS]. Validation Type [POSITIVE]. @30-09-2021 20:51:37.0541 P

################################################################################################################################################
Starting Execution:	[38 out of 144] test cases in the current suite
Test Method:		[unitTests.tests_validations_assertions.assertEquals_true_expectedToPass__]
################################################################################################################################################
[ReportManager] Assertion [ValidateEquals] PASSED. Expected [1] and Actual [1]. Comparison Type [EQUALS]. Validation Type [POSITIVE]. @30-09-2021 20:51:37.0543 P

################################################################################################################################################
Starting Execution:	[39 out of 144] test cases in the current suite
Test Method:		[unitTests.tests_validations_assertions.assertFileExists_false_expectedToFail]
################################################################################################################################################
[ReportManager] File Action [DoesFileExist] successfully performed. With the following test data [File Path: "src/main/java/com/shaft/gui/element/ElementActions.java"]. @30-09-2021 20:51:37.0546 PM
[ReportManager] Assertion [ValidateFileExists] FAILED. Expected [File 'src/main/java/com/shaft/gui/element/ElementActions.java' should not exist, after up to '1' retries] and Actual [File exists]. Validation Type [NEGATIVE]. @30-09-2021 20:51:37.0552 P

################################################################################################################################################
Starting Execution:	[40 out of 144] test cases in the current suite
Test Method:		[unitTests.tests_validations_assertions.assertFileExists_false_expectedToPass]
################################################################################################################################################
[ReportManager] File Action [DoesFileExist] successfully performed. With the following test data [File Path: "src/main/java/com/shaft/gui/element/ElementActions.java_fail"]. @30-09-2021 20:51:38.0057 PM
[ReportManager] Assertion [ValidateFileExists] PASSED. Expected [File 'src/main/java/com/shaft/gui/element/ElementActions.java_fail' should not exist, after up to '1' retries] and Actual [File does not exist]. Validation Type [NEGATIVE]. @30-09-2021 20:51:38.0057 P

################################################################################################################################################
Starting Execution:	[41 out of 144] test cases in the current suite
Test Method:		[unitTests.tests_validations_assertions.assertFileExists_true_expectedToFail]
################################################################################################################################################
[ReportManager] File Action [DoesFileExist] successfully performed. With the following test data [File Path: "src/main/java/com/shaft/gui/element/ElementActions.java_fail"]. @30-09-2021 20:51:38.0561 PM
[ReportManager] Assertion [ValidateFileExists] FAILED. Expected [File 'src/main/java/com/shaft/gui/element/ElementActions.java_fail' should exist, after up to '1' retries] and Actual [File does not exist]. Validation Type [POSITIVE]. @30-09-2021 20:51:38.0561 P

################################################################################################################################################
Starting Execution:	[42 out of 144] test cases in the current suite
Test Method:		[unitTests.tests_validations_assertions.assertFileExists_true_expectedToPass]
################################################################################################################################################
[ReportManager] File Action [DoesFileExist] successfully performed. With the following test data [File Path: "src/main/java/com/shaft/gui/element/ElementActions.java"]. @30-09-2021 20:51:38.0566 PM
[ReportManager] Assertion [ValidateFileExists] PASSED. Expected [File 'src/main/java/com/shaft/gui/element/ElementActions.java' should exist, after up to '1' retries] and Actual [File exists]. Validation Type [POSITIVE]. @30-09-2021 20:51:38.0566 P

################################################################################################################################################
Starting Execution:	[43 out of 144] test cases in the current suite
Test Method:		[unitTests.tests_validations_assertions.assertNull_false_expectedToFail]
################################################################################################################################################
[ReportManager] Assertion [ValidateNull] FAILED. Expected [NULL] and Actual [NULL]. Comparison Type [EQUALS]. Validation Type [NEGATIVE]. @30-09-2021 20:51:38.0571 P

################################################################################################################################################
Starting Execution:	[44 out of 144] test cases in the current suite
Test Method:		[unitTests.tests_validations_assertions.assertNull_false_expectedToPass]
################################################################################################################################################
[ReportManager] Assertion [ValidateNull] PASSED. Expected [NULL] and Actual [1]. Comparison Type [EQUALS]. Validation Type [NEGATIVE]. @30-09-2021 20:51:38.0574 P

################################################################################################################################################
Starting Execution:	[45 out of 144] test cases in the current suite
Test Method:		[unitTests.tests_validations_assertions.assertNull_true_expectedToFail]
################################################################################################################################################
[ReportManager] Assertion [ValidateNull] FAILED. Expected [NULL] and Actual [1]. Comparison Type [EQUALS]. Validation Type [POSITIVE]. @30-09-2021 20:51:38.0579 P

################################################################################################################################################
Starting Execution:	[46 out of 144] test cases in the current suite
Test Method:		[unitTests.tests_validations_assertions.assertNull_true_expectedToPass]
################################################################################################################################################
[ReportManager] Assertion [ValidateNull] PASSED. Expected [NULL] and Actual [NULL]. Comparison Type [EQUALS]. Validation Type [POSITIVE]. @30-09-2021 20:51:38.0582 P

################################################################################################################################################
Starting Execution:	[47 out of 144] test cases in the current suite
Test Method:		[unitTests.tests_restActions.getPostsAndAssertBodyForSpecificTitle]
################################################################################################################################################
[ReportManager] Response status code: [200], status line: [HTTP/1.1 200 OK] @30-09-2021 20:51:40.0664 PM
[ReportManager] Assertion Passed: Evaluating the actual response status code against the expected one... @30-09-2021 20:51:40.0665 PM
[ReportManager] Assertion [ValidateEquals] PASSED. Expected [200] and Actual [200]. Comparison Type [EQUALS]. Validation Type [POSITIVE]. @30-09-2021 20:51:40.0665 PM
[ReportManager] API Action [PerformRequest] successfully performed. With the following test data [Request Type: "GET" | Target Status Code: "200" | Service URL: "https://jsonplaceholder.typicode.com/posts" | Content Type: "*/*" | Response Time: "688ms"]. @30-09-2021 20:51:41.0796 PM
[ReportManager] Successfully created attachment [API Request - Specifications] @30-09-2021 20:51:41.0797 PM
[ReportManager] Successfully created attachment [API Response - JSON Body] @30-09-2021 20:51:42.0031 PM
[ReportManager] API Action [GetResponseJSONValueAsList] successfully performed. @30-09-2021 20:51:42.0061 PM
[ReportManager] API Action [GetResponseJSONValue] successfully performed. With the following test data [title]. @30-09-2021 20:51:42.0083 PM
[ReportManager] API Action [GetResponseJSONValue] successfully performed. With the following test data [title]. @30-09-2021 20:51:42.0103 PM
[ReportManager] API Action [GetResponseJSONValue] successfully performed. With the following test data [body]. @30-09-2021 20:51:42.0124 PM
[ReportManager] Assertion [ValidateEquals] PASSED. Expected [qui neque nisi nulla] and Actual [est rerum tempore vitae
sequi sint nihil reprehenderit dolor beatae ea dolores neque
fugiat blanditiis voluptate porro vel nihil molestiae ut reiciendis
qui aperiam non debitis possimus qui neque nisi nulla]. Comparison Type [CONTAINS]. Validation Type [POSITIVE]. @30-09-2021 20:51:42.0124 PM
[ReportManager] API Action [GetResponseJSONValue] successfully performed. With the following test data [title]. @30-09-2021 20:51:42.0140 PM
[ReportManager] API Action [GetResponseJSONValue] successfully performed. With the following test data [title]. @30-09-2021 20:51:42.0152 PM
[ReportManager] API Action [GetResponseJSONValue] successfully performed. With the following test data [title]. @30-09-2021 20:51:42.0168 PM
[ReportManager] API Action [GetResponseJSONValue] successfully performed. With the following test data [title]. @30-09-2021 20:51:42.0182 PM
[ReportManager] API Action [GetResponseJSONValue] successfully performed. With the following test data [title]. @30-09-2021 20:51:42.0196 PM
[ReportManager] API Action [GetResponseJSONValue] successfully performed. With the following test data [title]. @30-09-2021 20:51:42.0211 PM
[ReportManager] API Action [GetResponseJSONValue] successfully performed. With the following test data [title]. @30-09-2021 20:51:42.0227 PM
[ReportManager] API Action [GetResponseJSONValue] successfully performed. With the following test data [title]. @30-09-2021 20:51:42.0254 PM
[ReportManager] API Action [GetResponseJSONValue] successfully performed. With the following test data [title]. @30-09-2021 20:51:42.0274 PM
[ReportManager] API Action [GetResponseJSONValue] successfully performed. With the following test data [title]. @30-09-2021 20:51:42.0286 PM
[ReportManager] API Action [GetResponseJSONValue] successfully performed. With the following test data [title]. @30-09-2021 20:51:42.0307 PM
[ReportManager] API Action [GetResponseJSONValue] successfully performed. With the following test data [title]. @30-09-2021 20:51:42.0348 PM
[ReportManager] API Action [GetResponseJSONValue] successfully performed. With the following test data [title]. @30-09-2021 20:51:42.0366 PM
[ReportManager] API Action [GetResponseJSONValue] successfully performed. With the following test data [title]. @30-09-2021 20:51:42.0377 PM
[ReportManager] API Action [GetResponseJSONValue] successfully performed. With the following test data [title]. @30-09-2021 20:51:42.0394 PM
[ReportManager] API Action [GetResponseJSONValue] successfully performed. With the following test data [title]. @30-09-2021 20:51:42.0408 PM
[ReportManager] API Action [GetResponseJSONValue] successfully performed. With the following test data [title]. @30-09-2021 20:51:42.0416 PM
[ReportManager] API Action [GetResponseJSONValue] successfully performed. With the following test data [title]. @30-09-2021 20:51:42.0425 PM
[ReportManager] API Action [GetResponseJSONValue] successfully performed. With the following test data [title]. @30-09-2021 20:51:42.0433 PM
[ReportManager] API Action [GetResponseJSONValue] successfully performed. With the following test data [title]. @30-09-2021 20:51:42.0440 PM
[ReportManager] API Action [GetResponseJSONValue] successfully performed. With the following test data [title]. @30-09-2021 20:51:42.0448 PM
[ReportManager] API Action [GetResponseJSONValue] successfully performed. With the following test data [title]. @30-09-2021 20:51:42.0456 PM
[ReportManager] API Action [GetResponseJSONValue] successfully performed. With the following test data [title]. @30-09-2021 20:51:42.0464 PM
[ReportManager] API Action [GetResponseJSONValue] successfully performed. With the following test data [title]. @30-09-2021 20:51:42.0471 PM
[ReportManager] API Action [GetResponseJSONValue] successfully performed. With the following test data [title]. @30-09-2021 20:51:42.0479 PM
[ReportManager] API Action [GetResponseJSONValue] successfully performed. With the following test data [title]. @30-09-2021 20:51:42.0487 PM
[ReportManager] API Action [GetResponseJSONValue] successfully performed. With the following test data [title]. @30-09-2021 20:51:42.0494 PM
[ReportManager] API Action [GetResponseJSONValue] successfully performed. With the following test data [title]. @30-09-2021 20:51:42.0502 PM
[ReportManager] API Action [GetResponseJSONValue] successfully performed. With the following test data [title]. @30-09-2021 20:51:42.0509 PM
[ReportManager] API Action [GetResponseJSONValue] successfully performed. With the following test data [title]. @30-09-2021 20:51:42.0517 PM
[ReportManager] API Action [GetResponseJSONValue] successfully performed. With the following test data [title]. @30-09-2021 20:51:42.0524 PM
[ReportManager] API Action [GetResponseJSONValue] successfully performed. With the following test data [title]. @30-09-2021 20:51:42.0531 PM
[ReportManager] API Action [GetResponseJSONValue] successfully performed. With the following test data [title]. @30-09-2021 20:51:42.0538 PM
[ReportManager] API Action [GetResponseJSONValue] successfully performed. With the following test data [title]. @30-09-2021 20:51:42.0545 PM
[ReportManager] API Action [GetResponseJSONValue] successfully performed. With the following test data [title]. @30-09-2021 20:51:42.0552 PM
[ReportManager] API Action [GetResponseJSONValue] successfully performed. With the following test data [title]. @30-09-2021 20:51:42.0560 PM
[ReportManager] API Action [GetResponseJSONValue] successfully performed. With the following test data [title]. @30-09-2021 20:51:42.0581 PM
[ReportManager] API Action [GetResponseJSONValue] successfully performed. With the following test data [title]. @30-09-2021 20:51:42.0589 PM
[ReportManager] API Action [GetResponseJSONValue] successfully performed. With the following test data [title]. @30-09-2021 20:51:42.0596 PM
[ReportManager] API Action [GetResponseJSONValue] successfully performed. With the following test data [title]. @30-09-2021 20:51:42.0604 PM
[ReportManager] API Action [GetResponseJSONValue] successfully performed. With the following test data [title]. @30-09-2021 20:51:42.0611 PM
[ReportManager] API Action [GetResponseJSONValue] successfully performed. With the following test data [title]. @30-09-2021 20:51:42.0618 PM
[ReportManager] API Action [GetResponseJSONValue] successfully performed. With the following test data [title]. @30-09-2021 20:51:42.0626 PM
[ReportManager] API Action [GetResponseJSONValue] successfully performed. With the following test data [title]. @30-09-2021 20:51:42.0633 PM
[ReportManager] API Action [GetResponseJSONValue] successfully performed. With the following test data [title]. @30-09-2021 20:51:42.0641 PM
[ReportManager] API Action [GetResponseJSONValue] successfully performed. With the following test data [title]. @30-09-2021 20:51:42.0649 PM
[ReportManager] API Action [GetResponseJSONValue] successfully performed. With the following test data [title]. @30-09-2021 20:51:42.0657 PM
[ReportManager] API Action [GetResponseJSONValue] successfully performed. With the following test data [title]. @30-09-2021 20:51:42.0666 PM
[ReportManager] API Action [GetResponseJSONValue] successfully performed. With the following test data [title]. @30-09-2021 20:51:42.0674 PM
[ReportManager] API Action [GetResponseJSONValue] successfully performed. With the following test data [title]. @30-09-2021 20:51:42.0682 PM
[ReportManager] API Action [GetResponseJSONValue] successfully performed. With the following test data [title]. @30-09-2021 20:51:42.0691 PM
[ReportManager] API Action [GetResponseJSONValue] successfully performed. With the following test data [title]. @30-09-2021 20:51:42.0699 PM
[ReportManager] API Action [GetResponseJSONValue] successfully performed. With the following test data [title]. @30-09-2021 20:51:42.0708 PM
[ReportManager] API Action [GetResponseJSONValue] successfully performed. With the following test data [title]. @30-09-2021 20:51:42.0716 PM
[ReportManager] API Action [GetResponseJSONValue] successfully performed. With the following test data [title]. @30-09-2021 20:51:42.0725 PM
[ReportManager] API Action [GetResponseJSONValue] successfully performed. With the following test data [title]. @30-09-2021 20:51:42.0733 PM
[ReportManager] API Action [GetResponseJSONValue] successfully performed. With the following test data [title]. @30-09-2021 20:51:42.0740 PM
[ReportManager] API Action [GetResponseJSONValue] successfully performed. With the following test data [title]. @30-09-2021 20:51:42.0748 PM
[ReportManager] API Action [GetResponseJSONValue] successfully performed. With the following test data [title]. @30-09-2021 20:51:42.0756 PM
[ReportManager] API Action [GetResponseJSONValue] successfully performed. With the following test data [title]. @30-09-2021 20:51:42.0779 PM
[ReportManager] API Action [GetResponseJSONValue] successfully performed. With the following test data [title]. @30-09-2021 20:51:42.0787 PM
[ReportManager] API Action [GetResponseJSONValue] successfully performed. With the following test data [title]. @30-09-2021 20:51:42.0794 PM
[ReportManager] API Action [GetResponseJSONValue] successfully performed. With the following test data [title]. @30-09-2021 20:51:42.0801 PM
[ReportManager] API Action [GetResponseJSONValue] successfully performed. With the following test data [title]. @30-09-2021 20:51:42.0813 PM
[ReportManager] API Action [GetResponseJSONValue] successfully performed. With the following test data [title]. @30-09-2021 20:51:42.0820 PM
[ReportManager] API Action [GetResponseJSONValue] successfully performed. With the following test data [title]. @30-09-2021 20:51:42.0828 PM
[ReportManager] API Action [GetResponseJSONValue] successfully performed. With the following test data [title]. @30-09-2021 20:51:42.0835 PM
[ReportManager] API Action [GetResponseJSONValue] successfully performed. With the following test data [title]. @30-09-2021 20:51:42.0851 PM
[ReportManager] API Action [GetResponseJSONValue] successfully performed. With the following test data [title]. @30-09-2021 20:51:42.0859 PM
[ReportManager] API Action [GetResponseJSONValue] successfully performed. With the following test data [title]. @30-09-2021 20:51:42.0871 PM
[ReportManager] API Action [GetResponseJSONValue] successfully performed. With the following test data [title]. @30-09-2021 20:51:42.0879 PM
[ReportManager] API Action [GetResponseJSONValue] successfully performed. With the following test data [title]. @30-09-2021 20:51:42.0893 PM
[ReportManager] API Action [GetResponseJSONValue] successfully performed. With the following test data [title]. @30-09-2021 20:51:42.0909 PM
[ReportManager] API Action [GetResponseJSONValue] successfully performed. With the following test data [title]. @30-09-2021 20:51:42.0921 PM
[ReportManager] API Action [GetResponseJSONValue] successfully performed. With the following test data [title]. @30-09-2021 20:51:42.0930 PM
[ReportManager] API Action [GetResponseJSONValue] successfully performed. With the following test data [title]. @30-09-2021 20:51:42.0942 PM
[ReportManager] API Action [GetResponseJSONValue] successfully performed. With the following test data [title]. @30-09-2021 20:51:42.0956 PM
[ReportManager] API Action [GetResponseJSONValue] successfully performed. With the following test data [title]. @30-09-2021 20:51:42.0973 PM
[ReportManager] API Action [GetResponseJSONValue] successfully performed. With the following test data [title]. @30-09-2021 20:51:42.0982 PM
[ReportManager] API Action [GetResponseJSONValue] successfully performed. With the following test data [title]. @30-09-2021 20:51:42.0992 PM
[ReportManager] API Action [GetResponseJSONValue] successfully performed. With the following test data [title]. @30-09-2021 20:51:43.0002 PM
[ReportManager] API Action [GetResponseJSONValue] successfully performed. With the following test data [title]. @30-09-2021 20:51:43.0017 PM
[ReportManager] API Action [GetResponseJSONValue] successfully performed. With the following test data [title]. @30-09-2021 20:51:43.0025 PM
[ReportManager] API Action [GetResponseJSONValue] successfully performed. With the following test data [title]. @30-09-2021 20:51:43.0032 PM
[ReportManager] API Action [GetResponseJSONValue] successfully performed. With the following test data [title]. @30-09-2021 20:51:43.0045 PM
[ReportManager] API Action [GetResponseJSONValue] successfully performed. With the following test data [title]. @30-09-2021 20:51:43.0053 PM
[ReportManager] API Action [GetResponseJSONValue] successfully performed. With the following test data [title]. @30-09-2021 20:51:43.0061 PM
[ReportManager] API Action [GetResponseJSONValue] successfully performed. With the following test data [title]. @30-09-2021 20:51:43.0069 PM
[ReportManager] API Action [GetResponseJSONValue] successfully performed. With the following test data [title]. @30-09-2021 20:51:43.0079 PM
[ReportManager] API Action [GetResponseJSONValue] successfully performed. With the following test data [title]. @30-09-2021 20:51:43.0087 PM
[ReportManager] API Action [GetResponseJSONValue] successfully performed. With the following test data [title]. @30-09-2021 20:51:43.0099 PM
[ReportManager] API Action [GetResponseJSONValue] successfully performed. With the following test data [title]. @30-09-2021 20:51:43.0117 PM
[ReportManager] API Action [GetResponseJSONValue] successfully performed. With the following test data [title]. @30-09-2021 20:51:43.0148 PM
[ReportManager] API Action [GetResponseJSONValue] successfully performed. With the following test data [title]. @30-09-2021 20:51:43.0158 PM
[ReportManager] API Action [GetResponseJSONValue] successfully performed. With the following test data [title]. @30-09-2021 20:51:43.0167 PM
[ReportManager] API Action [GetResponseJSONValue] successfully performed. With the following test data [title]. @30-09-2021 20:51:43.0178 PM
[ReportManager] API Action [GetResponseJSONValue] successfully performed. With the following test data [title]. @30-09-2021 20:51:43.0186 PM
[ReportManager] API Action [GetResponseJSONValue] successfully performed. With the following test data [title]. @30-09-2021 20:51:43.0194 P

################################################################################################################################################
Starting Execution:	[48 out of 144] test cases in the current suite
Test Method:		[unitTests.tests_restActions.validateUserEmail]
################################################################################################################################################
[ReportManager] Response status code: [200], status line: [HTTP/1.1 200 OK] @30-09-2021 20:51:43.0259 PM
[ReportManager] Assertion Passed: Evaluating the actual response status code against the expected one... @30-09-2021 20:51:43.0260 PM
[ReportManager] Assertion [ValidateEquals] PASSED. Expected [200] and Actual [200]. Comparison Type [EQUALS]. Validation Type [POSITIVE]. @30-09-2021 20:51:43.0260 PM
[ReportManager] API Action [PerformRequest] successfully performed. With the following test data [Request Type: "GET" | Target Status Code: "200" | Service URL: "https://jsonplaceholder.typicode.com/users" | Content Type: "*/*" | Response Time: "54ms"]. @30-09-2021 20:51:43.0286 PM
[ReportManager] Successfully created attachment [API Request - Specifications] @30-09-2021 20:51:43.0286 PM
[ReportManager] Successfully created attachment [API Response - JSON Body] @30-09-2021 20:51:43.0286 PM
[ReportManager] Assertion [ValidateEquals] PASSED. Expected and Actual values are attached. Comparison Type [CONTAINS]. Validation Type [POSITIVE]. @30-09-2021 20:51:43.0287 PM
[ReportManager] Successfully created attachment [Validation Test Data - Expected Value] @30-09-2021 20:51:43.0287 PM
[ReportManager] Successfully created attachment [Validation Test Data - Actual Value] @30-09-2021 20:51:43.0287 PM
[ReportManager] API Action [GetResponseJSONValueAsList] successfully performed. With the following test data [$]. @30-09-2021 20:51:43.0291 PM
[ReportManager] API Action [GetResponseJSONValue] successfully performed. With the following test data [name]. @30-09-2021 20:51:43.0300 PM
[ReportManager] API Action [GetResponseJSONValue] successfully performed. With the following test data [email]. @30-09-2021 20:51:43.0308 PM
[ReportManager] Assertion [ValidateEquals] PASSED. Expected [Sincere@april.biz] and Actual [Sincere@april.biz]. Comparison Type [EQUALS]. Validation Type [POSITIVE]. @30-09-2021 20:51:43.0308 PM
[ReportManager] API Action [GetResponseJSONValue] successfully performed. With the following test data [name]. @30-09-2021 20:51:43.0329 PM
[ReportManager] API Action [GetResponseJSONValue] successfully performed. With the following test data [name]. @30-09-2021 20:51:43.0341 PM
[ReportManager] API Action [GetResponseJSONValue] successfully performed. With the following test data [name]. @30-09-2021 20:51:43.0366 PM
[ReportManager] API Action [GetResponseJSONValue] successfully performed. With the following test data [name]. @30-09-2021 20:51:43.0385 PM
[ReportManager] API Action [GetResponseJSONValue] successfully performed. With the following test data [name]. @30-09-2021 20:51:43.0408 PM
[ReportManager] API Action [GetResponseJSONValue] successfully performed. With the following test data [name]. @30-09-2021 20:51:43.0426 PM
[ReportManager] API Action [GetResponseJSONValue] successfully performed. With the following test data [name]. @30-09-2021 20:51:43.0437 PM
[ReportManager] API Action [GetResponseJSONValue] successfully performed. With the following test data [name]. @30-09-2021 20:51:43.0456 PM
[ReportManager] API Action [GetResponseJSONValue] successfully performed. With the following test data [name]. @30-09-2021 20:51:43.0472 P
[ReportManager] File Action [GetAbsolutePath] successfully performed. With the following test data [Relative Folder Path: "target/downloadedFiles/"]. @30-09-2021 20:51:43.0479 PM
[ReportManager] Attempting to run remotely on: [Linux-64], [GoogleChrome], [http://localhost:4444/wd/hub], Headless Execution. @30-09-2021 20:51:43.0479 PM
[ReportManager] Successfully Opened [GoogleChrome]. @30-09-2021 20:51:43.0773 P

################################################################################################################################################
Starting Execution:	[49 out of 144] test cases in the current suite
Test Method:		[unitTests.tests_element_elementActions.waitForElementToBePresent_false_expectedToFail]
################################################################################################################################################
[ReportManager] Target URL: [https://www.google.com/ncr], and after redirection: [www.google.com] @30-09-2021 20:51:43.0787 PM
[ReportManager] Initial URL: [data:,] @30-09-2021 20:51:43.0829 PM
[ReportManager] Browser Action [NavigateToURL] successfully performed. With the following test data [https://www.google.com/ncr]. @30-09-2021 20:51:44.0615 PM
[ReportManager] Waiting for element to be present; elementLocator [By.xpath: //*[@id='hplogo' or @alt='Google']], numberOfTries[1], stateOfPresence[false]... @30-09-2021 20:51:44.0618 PM
[ReportManager] Element Action [WaitForElementToBePresent] failed. With the following test data [waited for the element's state of presence to be (false). Element locator (By.xpath: //*[@id='hplogo' or @alt='Google'])]. @30-09-2021 20:51:44.0805 PM
[ReportManager] Successfully created attachment [Screenshot - 1633035104743_waitForElementToBePresent_false_expectedToFail_WaitForElementToBePresent_failed] @30-09-2021 20:51:44.0806 P
[ReportManager] Browser Action [CloseCurrentWindow] successfully performed. @30-09-2021 20:51:44.0931 PM
[ReportManager] Successfully created attachment [Browser Action Test Data - CloseCurrentWindow - Actual Value] @30-09-2021 20:51:44.0933 P
[ReportManager] File Action [GetAbsolutePath] successfully performed. With the following test data [Relative Folder Path: "target/downloadedFiles/"]. @30-09-2021 20:51:44.0935 PM
[ReportManager] Attempting to run remotely on: [Linux-64], [GoogleChrome], [http://localhost:4444/wd/hub], Headless Execution. @30-09-2021 20:51:44.0936 PM
[ReportManager] Successfully Opened [GoogleChrome]. @30-09-2021 20:51:45.0139 P

################################################################################################################################################
Starting Execution:	[50 out of 144] test cases in the current suite
Test Method:		[unitTests.tests_element_elementActions.waitForElementToBePresent_false_expectedToPass]
################################################################################################################################################
[ReportManager] Target URL: [https://www.google.com/ncr], and after redirection: [www.google.com] @30-09-2021 20:51:45.0156 PM
[ReportManager] Initial URL: [data:,] @30-09-2021 20:51:45.0210 PM
[ReportManager] Browser Action [NavigateToURL] successfully performed. With the following test data [https://www.google.com/ncr]. @30-09-2021 20:51:45.0960 PM
[ReportManager] Waiting for element to be present; elementLocator [By.id: bla], numberOfTries[1], stateOfPresence[false]... @30-09-2021 20:51:45.0960 PM
[ReportManager] Element Action [WaitForElementToBePresent] successfully performed. With the following test data [waited for the element's state of presence to be (false). Element locator (By.id: bla)]. @30-09-2021 20:51:51.0078 P
[ReportManager] Browser Action [CloseCurrentWindow] successfully performed. @30-09-2021 20:51:51.0196 PM
[ReportManager] Successfully created attachment [Browser Action Test Data - CloseCurrentWindow - Actual Value] @30-09-2021 20:51:51.0198 P
[ReportManager] File Action [GetAbsolutePath] successfully performed. With the following test data [Relative Folder Path: "target/downloadedFiles/"]. @30-09-2021 20:51:51.0202 PM
[ReportManager] Attempting to run remotely on: [Linux-64], [GoogleChrome], [http://localhost:4444/wd/hub], Headless Execution. @30-09-2021 20:51:51.0202 PM
[ReportManager] Successfully Opened [GoogleChrome]. @30-09-2021 20:51:51.0385 P

################################################################################################################################################
Starting Execution:	[51 out of 144] test cases in the current suite
Test Method:		[unitTests.tests_element_elementActions.waitForElementToBePresent_moreThanOneElement_expectedToFail]
################################################################################################################################################
[ReportManager] Target URL: [https://www.google.com/ncr], and after redirection: [www.google.com] @30-09-2021 20:51:51.0397 PM
[ReportManager] Initial URL: [data:,] @30-09-2021 20:51:51.0453 PM
[ReportManager] Browser Action [NavigateToURL] successfully performed. With the following test data [https://www.google.com/ncr]. @30-09-2021 20:51:52.0180 PM
[ReportManager] Waiting for element to be present; elementLocator [By.xpath: //*], numberOfTries[1], stateOfPresence[false]... @30-09-2021 20:51:52.0180 PM
[ReportManager] Element Action [WaitForElementToBePresent] failed. With the following test data [waited for the element's state of presence to be (false). Element locator (By.xpath: //*)]. @30-09-2021 20:51:52.0357 PM
[ReportManager] Successfully created attachment [Screenshot - 1633035112304_waitForElementToBePresent_moreThanOneElement_expectedToFail_WaitForElementToBePresent_failed] @30-09-2021 20:51:52.0358 P
[ReportManager] Browser Action [CloseCurrentWindow] successfully performed. @30-09-2021 20:51:52.0482 PM
[ReportManager] Successfully created attachment [Browser Action Test Data - CloseCurrentWindow - Actual Value] @30-09-2021 20:51:52.0483 P
[ReportManager] File Action [GetAbsolutePath] successfully performed. With the following test data [Relative Folder Path: "target/downloadedFiles/"]. @30-09-2021 20:51:52.0485 PM
[ReportManager] Attempting to run remotely on: [Linux-64], [GoogleChrome], [http://localhost:4444/wd/hub], Headless Execution. @30-09-2021 20:51:52.0485 PM
[ReportManager] Successfully Opened [GoogleChrome]. @30-09-2021 20:51:52.0709 P

################################################################################################################################################
Starting Execution:	[52 out of 144] test cases in the current suite
Test Method:		[unitTests.tests_element_elementActions.waitForElementToBePresent_true_expectedToFail]
################################################################################################################################################
[ReportManager] Target URL: [https://www.google.com/ncr], and after redirection: [www.google.com] @30-09-2021 20:51:52.0730 PM
[ReportManager] Initial URL: [data:,] @30-09-2021 20:51:52.0769 PM
[ReportManager] Browser Action [NavigateToURL] successfully performed. With the following test data [https://www.google.com/ncr]. @30-09-2021 20:51:53.0473 PM
[ReportManager] Waiting for element to be present; elementLocator [By.id: bla], numberOfTries[1], stateOfPresence[true]... @30-09-2021 20:51:53.0473 PM
[ReportManager] Element Action [WaitForElementToBePresent] failed. With the following test data [waited for the element's state of presence to be (true). Element locator (By.id: bla)]. @30-09-2021 20:51:58.0691 PM
[ReportManager] Successfully created attachment [Screenshot - 1633035118637_waitForElementToBePresent_true_expectedToFail_WaitForElementToBePresent_failed] @30-09-2021 20:51:58.0692 P
[ReportManager] Browser Action [CloseCurrentWindow] successfully performed. @30-09-2021 20:51:58.0809 PM
[ReportManager] Successfully created attachment [Browser Action Test Data - CloseCurrentWindow - Actual Value] @30-09-2021 20:51:58.0810 P
[ReportManager] File Action [GetAbsolutePath] successfully performed. With the following test data [Relative Folder Path: "target/downloadedFiles/"]. @30-09-2021 20:51:58.0813 PM
[ReportManager] Attempting to run remotely on: [Linux-64], [GoogleChrome], [http://localhost:4444/wd/hub], Headless Execution. @30-09-2021 20:51:58.0813 PM
[ReportManager] Successfully Opened [GoogleChrome]. @30-09-2021 20:51:58.0991 P

################################################################################################################################################
Starting Execution:	[53 out of 144] test cases in the current suite
Test Method:		[unitTests.tests_element_elementActions.waitForElementToBePresent_true_expectedToPass]
################################################################################################################################################
[ReportManager] Target URL: [https://www.google.com/ncr], and after redirection: [www.google.com] @30-09-2021 20:51:59.0006 PM
[ReportManager] Initial URL: [data:,] @30-09-2021 20:51:59.0044 PM
[ReportManager] Browser Action [NavigateToURL] successfully performed. With the following test data [https://www.google.com/ncr]. @30-09-2021 20:51:59.0766 PM
[ReportManager] Waiting for element to be present; elementLocator [By.xpath: //*[@id='hplogo' or @alt='Google']], numberOfTries[1], stateOfPresence[true]... @30-09-2021 20:51:59.0766 PM
[ReportManager] Element Action [WaitForElementToBePresent] successfully performed. With the following test data [waited for the element's state of presence to be (true). Element locator (By.xpath: //*[@id='hplogo' or @alt='Google'])]. @30-09-2021 20:51:59.0820 PM
[ReportManager] File Action [DoesFileExist] successfully performed. With the following test data [File Path: "src/test/resources/DynamicObjectRepository/unitTests_tests_element_elementActions_waitForElementToBePresent_true_expectedToPass_By_xpath_id_hplogo_or_alt_Google.png"]. @30-09-2021 20:51:59.0823 PM
[ReportManager] File Action [DoesFileExist] successfully performed. With the following test data [File Path: "src/test/resources/DynamicObjectRepository/unitTests_tests_element_elementActions_waitForElementToBePresent_true_expectedToPass_By_xpath_id_hplogo_or_alt_Google.png"]. @30-09-2021 20:51:59.0950 PM
[ReportManager] Passing the test and saving a reference image @30-09-2021 20:51:59.0950 PM
[ReportManager] File Action [GetAbsolutePath] successfully performed. With the following test data [Relative File Path: "src/test/resources/DynamicObjectRepository/unitTests_tests_element_elementActions_waitForElementToBePresent_true_expectedToPass_By_xpath_id_hplogo_or_alt_Google.png"]. @30-09-2021 20:51:59.0950 PM
[ReportManager] File Action [WriteToFile] successfully performed. With the following test data [Target File Path: "/home/runner/work/SHAFT_ENGINE/SHAFT_ENGINE/src/test/resources/DynamicObjectRepository/unitTests_tests_element_elementActions_waitForElementToBePresent_true_expectedToPass_By_xpath_id_hplogo_or_alt_Google.png"]. @30-09-2021 20:51:59.0951 PM
[ReportManager] Assertion Passed: Using Visual AI; OpenCV @30-09-2021 20:51:59.0952 PM
[ReportManager] Successfully created attachment [Validation Test Data - Actual Screenshot] @30-09-2021 20:51:59.0952 PM
[ReportManager] Assertion [ValidateElementMatches] PASSED. Expected [Element should match the reference screenshot] and Actual [TRUE]. Comparison Type [EXACT_OPENCV]. Validation Type [POSITIVE]. @30-09-2021 20:51:59.0952 P
[ReportManager] Browser Action [CloseCurrentWindow] successfully performed. @30-09-2021 20:52:00.0068 PM
[ReportManager] Successfully created attachment [Browser Action Test Data - CloseCurrentWindow - Actual Value] @30-09-2021 20:52:00.0069 P
[ReportManager] File Action [GetAbsolutePath] successfully performed. With the following test data [Relative Folder Path: "target/downloadedFiles/"]. @30-09-2021 20:52:00.0072 PM
[ReportManager] Attempting to run remotely on: [Linux-64], [GoogleChrome], [http://localhost:4444/wd/hub], Headless Execution. @30-09-2021 20:52:00.0074 PM
[ReportManager] Successfully Opened [GoogleChrome]. @30-09-2021 20:52:00.0272 PM
[ReportManager] Target URL: [https://duckduckgo.com] @30-09-2021 20:52:00.0291 PM
[ReportManager] Initial URL: [data:,] @30-09-2021 20:52:00.0329 PM
[ReportManager] Browser Action [NavigateToURL] successfully performed. With the following test data [https://duckduckgo.com]. @30-09-2021 20:52:00.0798 P

################################################################################################################################################
Starting Execution:	[54 out of 144] test cases in the current suite
Test Method:		[unitTests.tests_browserActions.fullScreenWindow]
################################################################################################################################################
[ReportManager] Initial Windows Size: 800x600 @30-09-2021 20:52:00.0806 PM
[ReportManager] Initial window size: (800, 600) @30-09-2021 20:52:00.0815 PM
[ReportManager] Window size after Toolkit: (1920, 1080) @30-09-2021 20:52:01.0037 PM
[ReportManager] Browser Action [MaximizeWindow] successfully performed. With the following test data [New screen size is now: (1920, 1080)]. @30-09-2021 20:52:01.0041 PM
[ReportManager] Current Windows Size after fullScreen: 1920x1080 @30-09-2021 20:52:01.0045 PM
[ReportManager] Browser Action [FullScreenWindow] successfully performed. @30-09-2021 20:52:01.0063 PM
[ReportManager] Successfully created attachment [Browser Action Test Data - FullScreenWindow - Actual Value] @30-09-2021 20:52:01.0065 P
[ReportManager] Target URL: [https://duckduckgo.com] @30-09-2021 20:52:01.0069 PM
[ReportManager] Initial URL: [https://duckduckgo.com] @30-09-2021 20:52:01.0131 PM
[ReportManager] Browser Action [NavigateToURL] successfully performed. With the following test data [https://duckduckgo.com]. @30-09-2021 20:52:01.0451 PM
[ReportManager] Browser Action [CloseCurrentWindow] successfully performed. @30-09-2021 20:52:01.0565 PM
[ReportManager] Successfully created attachment [Browser Action Test Data - CloseCurrentWindow - Actual Value] @30-09-2021 20:52:01.0568 P
[ReportManager] File Action [GetAbsolutePath] successfully performed. With the following test data [Relative Folder Path: "target/downloadedFiles/"]. @30-09-2021 20:52:01.0570 PM
[ReportManager] Attempting to run remotely on: [Linux-64], [GoogleChrome], [http://localhost:4444/wd/hub], Headless Execution. @30-09-2021 20:52:01.0571 PM
[ReportManager] Successfully Opened [GoogleChrome]. @30-09-2021 20:52:01.0761 PM
[ReportManager] Target URL: [https://duckduckgo.com] @30-09-2021 20:52:01.0770 PM
[ReportManager] Initial URL: [data:,] @30-09-2021 20:52:01.0805 PM
[ReportManager] Browser Action [NavigateToURL] successfully performed. With the following test data [https://duckduckgo.com]. @30-09-2021 20:52:02.0235 P

################################################################################################################################################
Starting Execution:	[55 out of 144] test cases in the current suite
Test Method:		[unitTests.tests_browserActions.getCurrentURL]
################################################################################################################################################
[ReportManager] Browser Action [GetCurrentURL] successfully performed. With the following test data [https://duckduckgo.com/]. @30-09-2021 20:52:02.0271 P
[ReportManager] Target URL: [https://duckduckgo.com] @30-09-2021 20:52:02.0274 PM
[ReportManager] Initial URL: [https://duckduckgo.com] @30-09-2021 20:52:02.0345 PM
[ReportManager] Browser Action [NavigateToURL] successfully performed. With the following test data [https://duckduckgo.com]. @30-09-2021 20:52:02.0613 PM
[ReportManager] Browser Action [CloseCurrentWindow] successfully performed. @30-09-2021 20:52:02.0730 PM
[ReportManager] Successfully created attachment [Browser Action Test Data - CloseCurrentWindow - Actual Value] @30-09-2021 20:52:02.0730 P
[ReportManager] File Action [GetAbsolutePath] successfully performed. With the following test data [Relative Folder Path: "target/downloadedFiles/"]. @30-09-2021 20:52:02.0732 PM
[ReportManager] Attempting to run remotely on: [Linux-64], [GoogleChrome], [http://localhost:4444/wd/hub], Headless Execution. @30-09-2021 20:52:02.0733 PM
[ReportManager] Successfully Opened [GoogleChrome]. @30-09-2021 20:52:02.0905 PM
[ReportManager] Target URL: [https://duckduckgo.com] @30-09-2021 20:52:02.0915 PM
[ReportManager] Initial URL: [data:,] @30-09-2021 20:52:02.0960 PM
[ReportManager] Browser Action [NavigateToURL] successfully performed. With the following test data [https://duckduckgo.com]. @30-09-2021 20:52:03.0384 P

################################################################################################################################################
Starting Execution:	[56 out of 144] test cases in the current suite
Test Method:		[unitTests.tests_browserActions.getCurrentWindowTitle]
################################################################################################################################################
[ReportManager] Browser Action [GetCurrentWindowTitle] successfully performed. With the following test data [DuckDuckGo  Privacy, simplified.]. @30-09-2021 20:52:03.0431 P
[ReportManager] Target URL: [https://duckduckgo.com] @30-09-2021 20:52:03.0439 PM
[ReportManager] Initial URL: [https://duckduckgo.com] @30-09-2021 20:52:03.0490 PM
[ReportManager] Browser Action [NavigateToURL] successfully performed. With the following test data [https://duckduckgo.com]. @30-09-2021 20:52:03.0752 PM
[ReportManager] Browser Action [CloseCurrentWindow] successfully performed. @30-09-2021 20:52:03.0852 PM
[ReportManager] Successfully created attachment [Browser Action Test Data - CloseCurrentWindow - Actual Value] @30-09-2021 20:52:03.0853 P
[ReportManager] File Action [GetAbsolutePath] successfully performed. With the following test data [Relative Folder Path: "target/downloadedFiles/"]. @30-09-2021 20:52:03.0855 PM
[ReportManager] Attempting to run remotely on: [Linux-64], [GoogleChrome], [http://localhost:4444/wd/hub], Headless Execution. @30-09-2021 20:52:03.0855 PM
[ReportManager] Successfully Opened [GoogleChrome]. @30-09-2021 20:52:04.0157 PM
[ReportManager] Target URL: [https://duckduckgo.com] @30-09-2021 20:52:04.0179 PM
[ReportManager] Initial URL: [data:,] @30-09-2021 20:52:04.0243 PM
[ReportManager] Browser Action [NavigateToURL] successfully performed. With the following test data [https://duckduckgo.com]. @30-09-2021 20:52:04.0747 P

################################################################################################################################################
Starting Execution:	[57 out of 144] test cases in the current suite
Test Method:		[unitTests.tests_browserActions.getPageSource]
################################################################################################################################################
[ReportManager] Browser Action [GetPageSource] successfully performed. @30-09-2021 20:52:04.0793 PM
[ReportManager] Successfully created attachment [Browser Action Test Data - GetPageSource - Actual Value] @30-09-2021 20:52:04.0794 P
[ReportManager] Target URL: [https://duckduckgo.com] @30-09-2021 20:52:04.0797 PM
[ReportManager] Initial URL: [https://duckduckgo.com] @30-09-2021 20:52:04.0859 PM
[ReportManager] Browser Action [NavigateToURL] successfully performed. With the following test data [https://duckduckgo.com]. @30-09-2021 20:52:05.0128 PM
[ReportManager] Browser Action [CloseCurrentWindow] successfully performed. @30-09-2021 20:52:05.0228 PM
[ReportManager] Successfully created attachment [Browser Action Test Data - CloseCurrentWindow - Actual Value] @30-09-2021 20:52:05.0228 P
[ReportManager] File Action [GetAbsolutePath] successfully performed. With the following test data [Relative Folder Path: "target/downloadedFiles/"]. @30-09-2021 20:52:05.0233 PM
[ReportManager] Attempting to run remotely on: [Linux-64], [GoogleChrome], [http://localhost:4444/wd/hub], Headless Execution. @30-09-2021 20:52:05.0233 PM
[ReportManager] Successfully Opened [GoogleChrome]. @30-09-2021 20:52:05.0421 PM
[ReportManager] Target URL: [https://duckduckgo.com] @30-09-2021 20:52:05.0431 PM
[ReportManager] Initial URL: [data:,] @30-09-2021 20:52:05.0465 PM
[ReportManager] Browser Action [NavigateToURL] successfully performed. With the following test data [https://duckduckgo.com]. @30-09-2021 20:52:05.0886 P

################################################################################################################################################
Starting Execution:	[58 out of 144] test cases in the current suite
Test Method:		[unitTests.tests_browserActions.getWindowHandle]
################################################################################################################################################
[ReportManager] Browser Action [GetWindowHandle] successfully performed. With the following test data [CDwindow-51E3BBB8B7455FE524B899ED404BDEC2]. @30-09-2021 20:52:05.0917 P
[ReportManager] Target URL: [https://duckduckgo.com] @30-09-2021 20:52:05.0919 PM
[ReportManager] Initial URL: [https://duckduckgo.com] @30-09-2021 20:52:05.0967 PM
[ReportManager] Browser Action [NavigateToURL] successfully performed. With the following test data [https://duckduckgo.com]. @30-09-2021 20:52:06.0243 PM
[ReportManager] Browser Action [CloseCurrentWindow] successfully performed. @30-09-2021 20:52:06.0335 PM
[ReportManager] Successfully created attachment [Browser Action Test Data - CloseCurrentWindow - Actual Value] @30-09-2021 20:52:06.0337 P
[ReportManager] File Action [GetAbsolutePath] successfully performed. With the following test data [Relative Folder Path: "target/downloadedFiles/"]. @30-09-2021 20:52:06.0339 PM
[ReportManager] Attempting to run remotely on: [Linux-64], [GoogleChrome], [http://localhost:4444/wd/hub], Headless Execution. @30-09-2021 20:52:06.0339 PM
[ReportManager] Successfully Opened [GoogleChrome]. @30-09-2021 20:52:06.0506 PM
[ReportManager] Target URL: [https://duckduckgo.com] @30-09-2021 20:52:06.0515 PM
[ReportManager] Initial URL: [data:,] @30-09-2021 20:52:06.0551 PM
[ReportManager] Browser Action [NavigateToURL] successfully performed. With the following test data [https://duckduckgo.com]. @30-09-2021 20:52:06.0964 P

################################################################################################################################################
Starting Execution:	[59 out of 144] test cases in the current suite
Test Method:		[unitTests.tests_browserActions.getWindowPosition]
################################################################################################################################################
[ReportManager] Browser Action [GetWindowPosition] successfully performed. With the following test data [(0, 0)]. @30-09-2021 20:52:07.0008 P
[ReportManager] Target URL: [https://duckduckgo.com] @30-09-2021 20:52:07.0011 PM
[ReportManager] Initial URL: [https://duckduckgo.com] @30-09-2021 20:52:07.0059 PM
[ReportManager] Browser Action [NavigateToURL] successfully performed. With the following test data [https://duckduckgo.com]. @30-09-2021 20:52:07.0337 PM
[ReportManager] Browser Action [CloseCurrentWindow] successfully performed. @30-09-2021 20:52:07.0447 PM
[ReportManager] Successfully created attachment [Browser Action Test Data - CloseCurrentWindow - Actual Value] @30-09-2021 20:52:07.0448 P
[ReportManager] File Action [GetAbsolutePath] successfully performed. With the following test data [Relative Folder Path: "target/downloadedFiles/"]. @30-09-2021 20:52:07.0450 PM
[ReportManager] Attempting to run remotely on: [Linux-64], [GoogleChrome], [http://localhost:4444/wd/hub], Headless Execution. @30-09-2021 20:52:07.0450 PM
[ReportManager] Successfully Opened [GoogleChrome]. @30-09-2021 20:52:07.0658 PM
[ReportManager] Target URL: [https://duckduckgo.com] @30-09-2021 20:52:07.0678 PM
[ReportManager] Initial URL: [data:,] @30-09-2021 20:52:07.0712 PM
[ReportManager] Browser Action [NavigateToURL] successfully performed. With the following test data [https://duckduckgo.com]. @30-09-2021 20:52:08.0129 P

################################################################################################################################################
Starting Execution:	[60 out of 144] test cases in the current suite
Test Method:		[unitTests.tests_browserActions.getWindowSize]
################################################################################################################################################
[ReportManager] Browser Action [GetWindowSize] successfully performed. With the following test data [(800, 600)]. @30-09-2021 20:52:08.0162 P
[ReportManager] Target URL: [https://duckduckgo.com] @30-09-2021 20:52:08.0165 PM
[ReportManager] Initial URL: [https://duckduckgo.com] @30-09-2021 20:52:08.0218 PM
[ReportManager] Browser Action [NavigateToURL] successfully performed. With the following test data [https://duckduckgo.com]. @30-09-2021 20:52:08.0488 PM
[ReportManager] Browser Action [CloseCurrentWindow] successfully performed. @30-09-2021 20:52:08.0585 PM
[ReportManager] Successfully created attachment [Browser Action Test Data - CloseCurrentWindow - Actual Value] @30-09-2021 20:52:08.0586 P
[ReportManager] File Action [GetAbsolutePath] successfully performed. With the following test data [Relative Folder Path: "target/downloadedFiles/"]. @30-09-2021 20:52:08.0589 PM
[ReportManager] Attempting to run remotely on: [Linux-64], [GoogleChrome], [http://localhost:4444/wd/hub], Headless Execution. @30-09-2021 20:52:08.0589 PM
[ReportManager] Successfully Opened [GoogleChrome]. @30-09-2021 20:52:08.0763 PM
[ReportManager] Target URL: [https://duckduckgo.com] @30-09-2021 20:52:08.0773 PM
[ReportManager] Initial URL: [data:,] @30-09-2021 20:52:08.0825 PM
[ReportManager] Browser Action [NavigateToURL] successfully performed. With the following test data [https://duckduckgo.com]. @30-09-2021 20:52:09.0247 P

################################################################################################################################################
Starting Execution:	[61 out of 144] test cases in the current suite
Test Method:		[unitTests.tests_browserActions.maximizeWindow]
################################################################################################################################################
[ReportManager] Initial window size: (800, 600) @30-09-2021 20:52:09.0258 PM
[ReportManager] Window size after Toolkit: (1920, 1080) @30-09-2021 20:52:09.0475 PM
[ReportManager] Browser Action [MaximizeWindow] successfully performed. With the following test data [New screen size is now: (1920, 1080)]. @30-09-2021 20:52:09.0477 P
[ReportManager] Target URL: [https://duckduckgo.com] @30-09-2021 20:52:09.0482 PM
[ReportManager] Initial URL: [https://duckduckgo.com] @30-09-2021 20:52:09.0548 PM
[ReportManager] Browser Action [NavigateToURL] successfully performed. With the following test data [https://duckduckgo.com]. @30-09-2021 20:52:09.0810 PM
[ReportManager] Browser Action [CloseCurrentWindow] successfully performed. @30-09-2021 20:52:09.0910 PM
[ReportManager] Successfully created attachment [Browser Action Test Data - CloseCurrentWindow - Actual Value] @30-09-2021 20:52:09.0910 P
[ReportManager] File Action [GetAbsolutePath] successfully performed. With the following test data [Relative Folder Path: "target/downloadedFiles/"]. @30-09-2021 20:52:09.0912 PM
[ReportManager] Attempting to run remotely on: [Linux-64], [GoogleChrome], [http://localhost:4444/wd/hub], Headless Execution. @30-09-2021 20:52:09.0912 PM
[ReportManager] Successfully Opened [GoogleChrome]. @30-09-2021 20:52:10.0085 PM
[ReportManager] Target URL: [https://duckduckgo.com] @30-09-2021 20:52:10.0096 PM
[ReportManager] Initial URL: [data:,] @30-09-2021 20:52:10.0133 PM
[ReportManager] Browser Action [NavigateToURL] successfully performed. With the following test data [https://duckduckgo.com]. @30-09-2021 20:52:10.0561 P

################################################################################################################################################
Starting Execution:	[62 out of 144] test cases in the current suite
Test Method:		[unitTests.tests_browserActions.navigateBack]
################################################################################################################################################
[ReportManager] Target URL: [https://www.google.com/ncr], and after redirection: [https://www.google.com] @30-09-2021 20:52:10.0564 PM
[ReportManager] Initial URL: [https://duckduckgo.com] @30-09-2021 20:52:10.0627 PM
[ReportManager] Browser Action [NavigateToURL] successfully performed. With the following test data [https://www.google.com/ncr]. @30-09-2021 20:52:11.0434 PM
[ReportManager] Browser Action [NavigateBack] successfully performed. With the following test data [https://duckduckgo.com/]. @30-09-2021 20:52:11.0763 PM
[ReportManager] Browser Action [GetCurrentURL] successfully performed. With the following test data [https://duckduckgo.com/]. @30-09-2021 20:52:11.0794 PM
[ReportManager] Assertion Passed: Confirming that navigating back was successful @30-09-2021 20:52:11.0918 PM
[ReportManager] Successfully created attachment [Screenshot - 1633035131855_navigateBack_ValidateBrowserAttribute_passed] @30-09-2021 20:52:11.0918 PM
[ReportManager] Assertion [ValidateBrowserAttribute] PASSED. Expected [Value Should be 'https://duckduckgo.com' for the 'CurrentUrl' attribute] and Actual [https://duckduckgo.com/]. Comparison Type [CONTAINS]. Validation Type [POSITIVE]. @30-09-2021 20:52:11.0918 P
[ReportManager] Target URL: [https://duckduckgo.com] @30-09-2021 20:52:11.0920 PM
[ReportManager] Initial URL: [https://duckduckgo.com] @30-09-2021 20:52:11.0979 PM
[ReportManager] Browser Action [NavigateToURL] successfully performed. With the following test data [https://duckduckgo.com]. @30-09-2021 20:52:12.0237 PM
[ReportManager] Browser Action [CloseCurrentWindow] successfully performed. @30-09-2021 20:52:12.0336 PM
[ReportManager] Successfully created attachment [Browser Action Test Data - CloseCurrentWindow - Actual Value] @30-09-2021 20:52:12.0337 P
[ReportManager] File Action [GetAbsolutePath] successfully performed. With the following test data [Relative Folder Path: "target/downloadedFiles/"]. @30-09-2021 20:52:12.0339 PM
[ReportManager] Attempting to run remotely on: [Linux-64], [GoogleChrome], [http://localhost:4444/wd/hub], Headless Execution. @30-09-2021 20:52:12.0339 PM
[ReportManager] Successfully Opened [GoogleChrome]. @30-09-2021 20:52:12.0577 PM
[ReportManager] Target URL: [https://duckduckgo.com] @30-09-2021 20:52:12.0587 PM
[ReportManager] Initial URL: [data:,] @30-09-2021 20:52:12.0623 PM
[ReportManager] Browser Action [NavigateToURL] successfully performed. With the following test data [https://duckduckgo.com]. @30-09-2021 20:52:13.0032 P

################################################################################################################################################
Starting Execution:	[63 out of 144] test cases in the current suite
Test Method:		[unitTests.tests_browserActions.navigateForward]
################################################################################################################################################
[ReportManager] Target URL: [https://www.google.com/ncr], and after redirection: [https://www.google.com] @30-09-2021 20:52:13.0036 PM
[ReportManager] Initial URL: [https://duckduckgo.com] @30-09-2021 20:52:13.0086 PM
[ReportManager] Browser Action [NavigateToURL] successfully performed. With the following test data [https://www.google.com/ncr]. @30-09-2021 20:52:13.0766 PM
[ReportManager] Browser Action [NavigateBack] successfully performed. With the following test data [https://duckduckgo.com/]. @30-09-2021 20:52:14.0068 PM
[ReportManager] Browser Action [NavigateForward] successfully performed. With the following test data [https://www.google.com/]. @30-09-2021 20:52:14.0409 P
[ReportManager] Target URL: [https://duckduckgo.com] @30-09-2021 20:52:14.0412 PM
[ReportManager] Initial URL: [https://www.google.com] @30-09-2021 20:52:14.0479 PM
[ReportManager] Browser Action [NavigateToURL] successfully performed. With the following test data [https://duckduckgo.com]. @30-09-2021 20:52:14.0880 PM
[ReportManager] Browser Action [CloseCurrentWindow] successfully performed. @30-09-2021 20:52:14.0975 PM
[ReportManager] Successfully created attachment [Browser Action Test Data - CloseCurrentWindow - Actual Value] @30-09-2021 20:52:14.0975 P
[ReportManager] File Action [GetAbsolutePath] successfully performed. With the following test data [Relative Folder Path: "target/downloadedFiles/"]. @30-09-2021 20:52:14.0977 PM
[ReportManager] Attempting to run remotely on: [Linux-64], [GoogleChrome], [http://localhost:4444/wd/hub], Headless Execution. @30-09-2021 20:52:14.0978 PM
[ReportManager] Successfully Opened [GoogleChrome]. @30-09-2021 20:52:15.0159 PM
[ReportManager] Target URL: [https://duckduckgo.com] @30-09-2021 20:52:15.0169 PM
[ReportManager] Initial URL: [data:,] @30-09-2021 20:52:15.0209 PM
[ReportManager] Browser Action [NavigateToURL] successfully performed. With the following test data [https://duckduckgo.com]. @30-09-2021 20:52:15.0626 P

################################################################################################################################################
Starting Execution:	[64 out of 144] test cases in the current suite
Test Method:		[unitTests.tests_browserActions.navigateToURL]
################################################################################################################################################
[ReportManager] Target URL: [https://duckduckgo.com] @30-09-2021 20:52:15.0633 PM
[ReportManager] Initial URL: [https://duckduckgo.com] @30-09-2021 20:52:15.0686 PM
[ReportManager] Browser Action [NavigateToURL] successfully performed. With the following test data [https://duckduckgo.com]. @30-09-2021 20:52:15.0967 P
[ReportManager] Target URL: [https://duckduckgo.com] @30-09-2021 20:52:15.0971 PM
[ReportManager] Initial URL: [https://duckduckgo.com] @30-09-2021 20:52:16.0021 PM
[ReportManager] Browser Action [NavigateToURL] successfully performed. With the following test data [https://duckduckgo.com]. @30-09-2021 20:52:16.0291 PM
[ReportManager] Browser Action [CloseCurrentWindow] successfully performed. @30-09-2021 20:52:16.0386 PM
[ReportManager] Successfully created attachment [Browser Action Test Data - CloseCurrentWindow - Actual Value] @30-09-2021 20:52:16.0387 P
[ReportManager] File Action [GetAbsolutePath] successfully performed. With the following test data [Relative Folder Path: "target/downloadedFiles/"]. @30-09-2021 20:52:16.0390 PM
[ReportManager] Attempting to run remotely on: [Linux-64], [GoogleChrome], [http://localhost:4444/wd/hub], Headless Execution. @30-09-2021 20:52:16.0390 PM
[ReportManager] Successfully Opened [GoogleChrome]. @30-09-2021 20:52:16.0568 PM
[ReportManager] Target URL: [https://duckduckgo.com] @30-09-2021 20:52:16.0578 PM
[ReportManager] Initial URL: [data:,] @30-09-2021 20:52:16.0618 PM
[ReportManager] Browser Action [NavigateToURL] successfully performed. With the following test data [https://duckduckgo.com]. @30-09-2021 20:52:17.0037 P

################################################################################################################################################
Starting Execution:	[65 out of 144] test cases in the current suite
Test Method:		[unitTests.tests_browserActions.navigateToURLWithRedirection]
################################################################################################################################################
[ReportManager] Target URL: [https://www.google.com/ncr], and after redirection: [https://www.google.com] @30-09-2021 20:52:17.0041 PM
[ReportManager] Initial URL: [https://duckduckgo.com] @30-09-2021 20:52:17.0093 PM
[ReportManager] Browser Action [NavigateToURL] successfully performed. With the following test data [https://www.google.com/ncr]. @30-09-2021 20:52:17.0769 P
[ReportManager] Target URL: [https://duckduckgo.com] @30-09-2021 20:52:17.0772 PM
[ReportManager] Initial URL: [https://www.google.com] @30-09-2021 20:52:17.0846 PM
[ReportManager] Browser Action [NavigateToURL] successfully performed. With the following test data [https://duckduckgo.com]. @30-09-2021 20:52:18.0266 PM
[ReportManager] Browser Action [CloseCurrentWindow] successfully performed. @30-09-2021 20:52:18.0359 PM
[ReportManager] Successfully created attachment [Browser Action Test Data - CloseCurrentWindow - Actual Value] @30-09-2021 20:52:18.0360 P
[ReportManager] File Action [GetAbsolutePath] successfully performed. With the following test data [Relative Folder Path: "target/downloadedFiles/"]. @30-09-2021 20:52:18.0361 PM
[ReportManager] Attempting to run remotely on: [Linux-64], [GoogleChrome], [http://localhost:4444/wd/hub], Headless Execution. @30-09-2021 20:52:18.0362 PM
[ReportManager] Successfully Opened [GoogleChrome]. @30-09-2021 20:52:18.0586 PM
[ReportManager] Target URL: [https://duckduckgo.com] @30-09-2021 20:52:18.0596 PM
[ReportManager] Initial URL: [data:,] @30-09-2021 20:52:18.0637 PM
[ReportManager] Browser Action [NavigateToURL] successfully performed. With the following test data [https://duckduckgo.com]. @30-09-2021 20:52:19.0055 P

################################################################################################################################################
Starting Execution:	[66 out of 144] test cases in the current suite
Test Method:		[unitTests.tests_browserActions.refreshCurrentPage]
################################################################################################################################################
[ReportManager] Browser Action [RefreshCurrentPage] successfully performed. @30-09-2021 20:52:19.0226 PM
[ReportManager] Successfully created attachment [Browser Action Test Data - RefreshCurrentPage - Actual Value] @30-09-2021 20:52:19.0227 P
[ReportManager] Target URL: [https://duckduckgo.com] @30-09-2021 20:52:19.0230 PM
[ReportManager] Initial URL: [https://duckduckgo.com] @30-09-2021 20:52:19.0278 PM
[ReportManager] Browser Action [NavigateToURL] successfully performed. With the following test data [https://duckduckgo.com]. @30-09-2021 20:52:19.0533 PM
[ReportManager] Browser Action [CloseCurrentWindow] successfully performed. @30-09-2021 20:52:19.0629 PM
[ReportManager] Successfully created attachment [Browser Action Test Data - CloseCurrentWindow - Actual Value] @30-09-2021 20:52:19.0637 P
[ReportManager] File Action [GetAbsolutePath] successfully performed. With the following test data [Relative Folder Path: "target/downloadedFiles/"]. @30-09-2021 20:52:19.0643 PM
[ReportManager] Attempting to run remotely on: [Linux-64], [GoogleChrome], [http://localhost:4444/wd/hub], Headless Execution. @30-09-2021 20:52:19.0643 PM
[ReportManager] Successfully Opened [GoogleChrome]. @30-09-2021 20:52:19.0833 PM
[ReportManager] Target URL: [https://duckduckgo.com] @30-09-2021 20:52:19.0844 PM
[ReportManager] Initial URL: [data:,] @30-09-2021 20:52:19.0880 PM
[ReportManager] Browser Action [NavigateToURL] successfully performed. With the following test data [https://duckduckgo.com]. @30-09-2021 20:52:20.0303 P

################################################################################################################################################
Starting Execution:	[67 out of 144] test cases in the current suite
Test Method:		[unitTests.tests_browserActions.setWindowSize]
################################################################################################################################################
[ReportManager] Initial window size: (800, 600) @30-09-2021 20:52:20.0311 PM
[ReportManager] Window size after SWD: (1280, 720) @30-09-2021 20:52:20.0528 PM
[ReportManager] Browser Action [SetWindowSize] successfully performed. With the following test data [New screen size is now: (1280, 720)]. @30-09-2021 20:52:20.0529 P
[ReportManager] Target URL: [https://duckduckgo.com] @30-09-2021 20:52:20.0530 PM
[ReportManager] Initial URL: [https://duckduckgo.com] @30-09-2021 20:52:20.0604 PM
[ReportManager] Browser Action [NavigateToURL] successfully performed. With the following test data [https://duckduckgo.com]. @30-09-2021 20:52:20.0937 PM
[ReportManager] Browser Action [CloseCurrentWindow] successfully performed. @30-09-2021 20:52:21.0037 PM
[ReportManager] Successfully created attachment [Browser Action Test Data - CloseCurrentWindow - Actual Value] @30-09-2021 20:52:21.0038 P
[ReportManager] Successfully loaded the following test data file [src/test/resources/TestDataFiles/testSuite01/TestData.xlsx]. @30-09-2021 20:52:21.0763 PM
[ReportManager] Successfully created attachment [Test Data - Excel] @30-09-2021 20:52:21.0763 P

################################################################################################################################################
Starting Execution:	[68 out of 144] test cases in the current suite
Test Method:		[unitTests.tests_io_excelFileManager.getCellData_rowName_expectedToPass]
################################################################################################################################################
[ReportManager] testRowData. @30-09-2021 20:52:21.0776 P
[ReportManager] Successfully loaded the following test data file [src/test/resources/TestDataFiles/testSuite01/TestData.xlsx]. @30-09-2021 20:52:21.0800 PM
[ReportManager] Successfully created attachment [Test Data - Excel] @30-09-2021 20:52:21.0800 PM
[ReportManager] File Action [GetAbsolutePath] successfully performed. With the following test data [Relative Folder Path: "target/downloadedFiles/"]. @30-09-2021 20:52:21.0801 PM
[ReportManager] Attempting to run remotely on: [Linux-64], [GoogleChrome], [http://localhost:4444/wd/hub], Headless Execution. @30-09-2021 20:52:21.0801 PM
[ReportManager] Successfully Opened [GoogleChrome]. @30-09-2021 20:52:22.0057 P

################################################################################################################################################
Starting Execution:	[69 out of 144] test cases in the current suite
Test Method:		[testPackage01.Test_google.navigateToURLandVerifyGoogleLogoIsDisplayed]
Test Description:	[TC001 - Navigate to URL and Verify Google Logo is Displayed]
################################################################################################################################################
[ReportManager] Target URL: [https://www.google.com/ncr], and after redirection: [https://www.google.com] @30-09-2021 20:52:22.0075 PM
[ReportManager] Initial URL: [data:,] @30-09-2021 20:52:22.0113 PM
[ReportManager] Browser Action [NavigateToURL] successfully performed. With the following test data [https://www.google.com/ncr]. @30-09-2021 20:52:22.0817 PM
[ReportManager] Loaded Shared OpenCV @30-09-2021 20:52:22.0989 PM
[ReportManager] Assertion [ValidateElementExists] PASSED. Expected [Element Should Exist, locator 'By.xpath: //*[@id='hplogo' or @alt='Google']'] and Actual [Element Exists]. Comparison Type [EQUALS]. Validation Type [POSITIVE]. @30-09-2021 20:52:23.0054 PM
[ReportManager] Successfully created attachment [Screenshot - 1633035142989_navigateToURLandVerifyGoogleLogoIsDisplayed_ValidateElementExists_passed] @30-09-2021 20:52:23.0055 P

################################################################################################################################################
Starting Execution:	[70 out of 144] test cases in the current suite
Test Method:		[testPackage01.Test_google.searchForQueryandAssertResultsNumDisplayed]
Test Description:	[TC002 - Search for Query and Assert that the number of results is displayed]
################################################################################################################################################
[ReportManager] Element Action [Type] successfully performed. With the following test data [SHAFT_Engine]. @30-09-2021 20:52:23.0401 PM
[ReportManager] Element Action [KeyPress] successfully performed. With the following test data [Enter]. @30-09-2021 20:52:24.0757 PM
[ReportManager] Element Action [GetText] successfully performed. With the following test data [About 980,000 results (0.65 seconds) ]. @30-09-2021 20:52:24.0837 PM
[ReportManager] Loaded Shared OpenCV @30-09-2021 20:52:24.0998 PM
[ReportManager] Assertion [ValidateElementAttribute] PASSED. Expected [Value Should not be '' for the 'Text' attribute, element locator 'By.id: appbar'] and Actual [About 980,000 results (0.65 seconds) ]. Comparison Type [EQUALS]. Validation Type [NEGATIVE]. @30-09-2021 20:52:25.0074 PM
[ReportManager] Successfully created attachment [Screenshot - 1633035144998_searchForQueryandAssertResultsNumDisplayed_ValidateElementAttribute_passed] @30-09-2021 20:52:25.0076 P

################################################################################################################################################
Starting Execution:	[71 out of 144] test cases in the current suite
Test Method:		[testPackage01.Test_google.clickNextThrice]
Test Description:	[TC003 - Clicks the next button to make sure that the framework can scroll element into view before clicking it]
################################################################################################################################################
[ReportManager] Element Action [Click] successfully performed. With the following test data [Next]. @30-09-2021 20:52:27.0000 P
[ReportManager] Browser Action [CloseCurrentWindow] successfully performed. @30-09-2021 20:52:27.0188 PM
[ReportManager] Successfully created attachment [Browser Action Test Data - CloseCurrentWindow - Actual Value] @30-09-2021 20:52:27.0189 P

################################################################################################################################################
Starting Execution:	[72 out of 144] test cases in the current suite
Test Method:		[testPackage01.Test_testData.f]
################################################################################################################################################
[ReportManager] Successfully loaded the following test data file [src/test/resources/TestDataFiles/testSuite01/TestData.xlsx]. @30-09-2021 20:52:27.0228 PM
[ReportManager] Successfully created attachment [Test Data - Excel] @30-09-2021 20:52:27.0229 PM
[ReportManager] Last Column Number is: [3]. Zero-based. @30-09-2021 20:52:27.0229 P

################################################################################################################################################
Starting Execution:	[73 out of 144] test cases in the current suite
Test Method:		[testPackage01.Test_PDF.testPDF_Downloaded]
################################################################################################################################################
[ReportManager] File Action [DoesFileExist] successfully performed. With the following test data [File Path: "src/test/resources/TestDataFiles/sample.pdf"]. @30-09-2021 20:52:27.0235 PM
[ReportManager] File Action [GetAbsolutePath] successfully performed. With the following test data [Relative File Path: "src/test/resources/TestDataFiles/sample.pdf"]. @30-09-2021 20:52:27.0235 PM
[ReportManager] Assertion [ValidateTrue] PASSED. Expected [TRUE] and Actual [TRUE]. Validation Type [POSITIVE]. @30-09-2021 20:52:28.0100 P

################################################################################################################################################
Starting Execution:	[74 out of 144] test cases in the current suite
Test Method:		[testPackage01.Test_JSONFileManager.readStringFromJson]
################################################################################################################################################
[ReportManager] Successfully loaded the following test data file [src/test/resources/TestDataFiles/simpleJSON.json]. @30-09-2021 20:52:28.0105 PM
[ReportManager] Successfully created attachment [Test Data - JSON] @30-09-2021 20:52:28.0106 PM
[ReportManager] Assertion [ValidateEquals] PASSED. Expected [Mohab Mohie] and Actual [Mohab Mohie]. Comparison Type [EQUALS]. Validation Type [POSITIVE]. @30-09-2021 20:52:28.0124 P
[ReportManager] File Action [GetAbsolutePath] successfully performed. With the following test data [Relative Folder Path: "target/downloadedFiles/"]. @30-09-2021 20:52:28.0126 PM
[ReportManager] Attempting to run remotely on: [Linux-64], [GoogleChrome], [http://localhost:4444/wd/hub], Headless Execution. @30-09-2021 20:52:28.0127 PM
[ReportManager] Successfully Opened [GoogleChrome]. @30-09-2021 20:52:28.0306 P

################################################################################################################################################
Starting Execution:	[75 out of 144] test cases in the current suite
Test Method:		[testPackage01.Test_dragAndDrop.dragAndDropJquery]
################################################################################################################################################
[ReportManager] Target URL: [https://jqueryui.com/resources/demos/droppable/default.html] @30-09-2021 20:52:28.0336 PM
[ReportManager] Initial URL: [data:,] @30-09-2021 20:52:28.0376 PM
[ReportManager] Browser Action [NavigateToURL] successfully performed. With the following test data [https://jqueryui.com/resources/demos/droppable/default.html]. @30-09-2021 20:52:28.0673 PM
[ReportManager] Element Action [GetText] successfully performed. With the following test data [Drop here]. @30-09-2021 20:52:28.0752 PM
[ReportManager] Element Action [DragAndDrop] successfully performed. With the following test data [Start point: (8, 18), End point: (8, 18)]. @30-09-2021 20:52:30.0066 PM
[ReportManager] Element Action [GetText] successfully performed. With the following test data [Dropped!]. @30-09-2021 20:52:30.0125 PM
[ReportManager] Assertion Passed: Checking to see if the text has changed after performing drag and drop @30-09-2021 20:52:30.0125 PM
[ReportManager] Assertion [ValidateEquals] PASSED. Expected [Drop here] and Actual [Dropped!]. Comparison Type [EQUALS]. Validation Type [NEGATIVE]. @30-09-2021 20:52:30.0126 P
[ReportManager] Browser Action [CloseCurrentWindow] successfully performed. @30-09-2021 20:52:30.0216 PM
[ReportManager] Successfully created attachment [Browser Action Test Data - CloseCurrentWindow - Actual Value] @30-09-2021 20:52:30.0217 P
[ReportManager] File Action [GetAbsolutePath] successfully performed. With the following test data [Relative Folder Path: "target/downloadedFiles/"]. @30-09-2021 20:52:30.0221 PM
[ReportManager] Attempting to run remotely on: [Linux-64], [GoogleChrome], [http://localhost:4444/wd/hub], Headless Execution. @30-09-2021 20:52:30.0221 PM
[ReportManager] Successfully Opened [GoogleChrome]. @30-09-2021 20:52:30.0384 P

################################################################################################################################################
Starting Execution:	[76 out of 144] test cases in the current suite
Test Method:		[testPackage01.Test_dragAndDrop.dragAndDrop]
Test Description:	[TC001 - Test Drag and Drop function.]
################################################################################################################################################
[ReportManager] Target URL: [http://the-internet.herokuapp.com/drag_and_drop] @30-09-2021 20:52:30.0400 PM
[ReportManager] Initial URL: [data:,] @30-09-2021 20:52:30.0438 PM
[ReportManager] Browser Action [NavigateToURL] successfully performed. With the following test data [http://the-internet.herokuapp.com/drag_and_drop]. @30-09-2021 20:52:30.0755 PM
[ReportManager] Attempting Drag and Drop @30-09-2021 20:52:30.0755 PM
[ReportManager] Element Action [DragAndDrop] successfully performed. With the following test data [Start point: (32, 90), End point: (247, 90)]. @30-09-2021 20:52:31.0930 P
[ReportManager] Browser Action [CloseCurrentWindow] successfully performed. @30-09-2021 20:52:32.0017 PM
[ReportManager] Successfully created attachment [Browser Action Test Data - CloseCurrentWindow - Actual Value] @30-09-2021 20:52:32.0017 P
[ReportManager] File Action [GetAbsolutePath] successfully performed. With the following test data [Relative Folder Path: "target/downloadedFiles/"]. @30-09-2021 20:52:32.0019 PM
[ReportManager] Attempting to run remotely on: [Linux-64], [GoogleChrome], [http://localhost:4444/wd/hub], Headless Execution. @30-09-2021 20:52:32.0019 PM
[ReportManager] Successfully Opened [GoogleChrome]. @30-09-2021 20:52:32.0202 P

################################################################################################################################################
Starting Execution:	[77 out of 144] test cases in the current suite
Test Method:		[testPackage01.Test_dragAndDrop.dragAndDropByOffset]
Test Description:	[TC002 - Test Drag and Drop by offset function.]
################################################################################################################################################
[ReportManager] Target URL: [https://jqueryui.com/resources/demos/draggable/default.html] @30-09-2021 20:52:32.0214 PM
[ReportManager] Initial URL: [data:,] @30-09-2021 20:52:32.0249 PM
[ReportManager] Browser Action [NavigateToURL] successfully performed. With the following test data [https://jqueryui.com/resources/demos/draggable/default.html]. @30-09-2021 20:52:32.0532 PM
[ReportManager] Element Action [DragAndDropByOffset] successfully performed. With the following test data [Start point: (8, 8), End point: (108, 58)]. @30-09-2021 20:52:32.0669 P
[ReportManager] Browser Action [CloseCurrentWindow] successfully performed. @30-09-2021 20:52:32.0755 PM
[ReportManager] Successfully created attachment [Browser Action Test Data - CloseCurrentWindow - Actual Value] @30-09-2021 20:52:32.0755 P
[ReportManager] File Action [GetAbsolutePath] successfully performed. With the following test data [Relative Folder Path: "target/downloadedFiles/"]. @30-09-2021 20:52:32.0757 PM
[ReportManager] Attempting to run remotely on: [Linux-64], [GoogleChrome], [http://localhost:4444/wd/hub], Headless Execution. @30-09-2021 20:52:32.0757 PM
[ReportManager] Successfully Opened [GoogleChrome]. @30-09-2021 20:52:32.0933 P

################################################################################################################################################
Starting Execution:	[78 out of 144] test cases in the current suite
Test Method:		[testPackage01.Test_verifyEquals.test_assertElementAttribute]
################################################################################################################################################
[ReportManager] Target URL: [https://www.google.com/ncr], and after redirection: [https://www.google.com] @30-09-2021 20:52:32.0949 PM
[ReportManager] Initial URL: [data:,] @30-09-2021 20:52:32.0987 PM
[ReportManager] Browser Action [NavigateToURL] successfully performed. With the following test data [https://www.google.com/ncr]. @30-09-2021 20:52:33.0715 PM
[ReportManager] Element Action [Type] successfully performed. With the following test data [INC_004010050:Another SCHEDULER with the same name [Duplicate Job Name] already exists.]. @30-09-2021 20:52:34.0264 PM
[ReportManager] Element Action [GetText] successfully performed. With the following test data [INC_004010050:Another SCHEDULER with the same name [Duplicate Job Name] already exists.]. @30-09-2021 20:52:34.0343 PM
[ReportManager] Loaded Shared OpenCV @30-09-2021 20:52:34.0455 PM
[ReportManager] Verification [ValidateElementAttribute] PASSED. Expected [Value Should be 'INC_004010050:Another SCHEDULER with the same name \[Duplicate Job Name\] already exists.' for the 'text' attribute, element locator 'By.name: q'] and Actual [INC_004010050:Another SCHEDULER with the same name [Duplicate Job Name] already exists.]. Comparison Type [MATCHES]. Validation Type [POSITIVE]. @30-09-2021 20:52:34.0536 PM
[ReportManager] Successfully created attachment [Screenshot - 1633035154455_test_assertElementAttribute_ValidateElementAttribute_passed] @30-09-2021 20:52:34.0537 P
[ReportManager] Browser Action [CloseCurrentWindow] successfully performed. @30-09-2021 20:52:34.0655 PM
[ReportManager] Successfully created attachment [Browser Action Test Data - CloseCurrentWindow - Actual Value] @30-09-2021 20:52:34.0656 P
[ReportManager] Successfully loaded the following test data file [src/test/resources/TestDataFiles/testSuite01/TestData.xlsx]. @30-09-2021 20:52:34.0682 PM
[ReportManager] Successfully created attachment [Test Data - Excel] @30-09-2021 20:52:34.0682 PM
[ReportManager] Attempting to run using Playwright locally on: [Linux-64], [GoogleChrome], Headless Execution. @30-09-2021 20:52:46.0659 PM
[ReportManager] File Action [GetAbsolutePath] successfully performed. With the following test data [Relative Folder Path: "target/downloadedFiles/"]. @30-09-2021 20:52:46.0661 PM
[ReportManager] Initial window size: (1280, 720) @30-09-2021 20:52:46.0952 PM
[ReportManager] Window size after Toolkit: com.microsoft.playwright.options.ViewportSize@4ce5dba5 @30-09-2021 20:52:46.0956 PM
[ReportManager] Browser Action [MaximizeWindow] successfully performed. With the following test data [New screen size is now: (1920, 1080)]. @30-09-2021 20:52:46.0957 P

################################################################################################################################################
Starting Execution:	[79 out of 144] test cases in the current suite
Test Method:		[testPackage01.Test_google_playwright.navigateToURLandVerifyGoogleLogoIsDisplayed]
Test Description:	[TC001 - Navigate to URL and Verify Google Logo is Displayed]
################################################################################################################################################
[ReportManager] Target URL: [https://www.google.com/ncr], and after redirection: [https://www.google.com] @30-09-2021 20:52:46.0965 PM
[ReportManager] Initial URL: [about:blank] @30-09-2021 20:52:47.0442 PM
[ReportManager] Browser Action [NavigateToURL] successfully performed. With the following test data [https://www.google.com/ncr]. @30-09-2021 20:52:48.0533 PM
[ReportManager] Loaded Shared OpenCV @30-09-2021 20:52:48.0725 PM
[ReportManager] Assertion [ValidateElementExists] PASSED. Expected [Element Should Exist, locator 'xpath=//*[@id='hplogo' or @alt='Google']'] and Actual [Element Exists]. Comparison Type [EQUALS]. Validation Type [POSITIVE]. @30-09-2021 20:52:48.0914 PM
[ReportManager] Successfully created attachment [Screenshot - 1633035168722_navigateToURLandVerifyGoogleLogoIsDisplayed_ValidateElementExists_passed] @30-09-2021 20:52:48.0915 P

################################################################################################################################################
Starting Execution:	[80 out of 144] test cases in the current suite
Test Method:		[testPackage01.Test_google_playwright.searchForQueryandAssertResultsNumDisplayed]
Test Description:	[TC002 - Search for Query and Assert that the number of results is displayed]
################################################################################################################################################
[ReportManager] Element Action [Type] successfully performed. With the following test data [SHAFT_Engine]. @30-09-2021 20:52:49.0173 PM
[ReportManager] Element Action [KeyPress] successfully performed. With the following test data [Enter]. @30-09-2021 20:52:49.0215 PM
[ReportManager] Element Action [GetText] successfully performed. With the following test data [About 980,000 results (0.80 seconds)]. @30-09-2021 20:52:50.0247 PM
[ReportManager] Loaded Shared OpenCV @30-09-2021 20:52:51.0473 PM
[ReportManager] Assertion [ValidateElementAttribute] PASSED. Expected [Value Should not be '' for the 'text' attribute, element locator 'xpath=//div[@id='appbar']'] and Actual [About 980,000 results (0.80 seconds)]. Comparison Type [EQUALS]. Validation Type [NEGATIVE]. @30-09-2021 20:52:51.0722 PM
[ReportManager] Successfully created attachment [Screenshot - 1633035171472_searchForQueryandAssertResultsNumDisplayed_ValidateElementAttribute_passed] @30-09-2021 20:52:51.0724 P

################################################################################################################################################
Starting Execution:	[81 out of 144] test cases in the current suite
Test Method:		[testPackage01.Test_google_playwright.clickNextThrice]
Test Description:	[TC003 - Clicks the next button to make sure that the framework can scroll element into view before clicking it]
################################################################################################################################################
[ReportManager] Element Action [Click] successfully performed. With the following test data [Next]. @30-09-2021 20:52:51.0967 P
[ReportManager] Failed to find video recording. @30-09-2021 20:52:51.0969 PM
[ReportManager] Successfully Closed PlayWright Driver. @30-09-2021 20:52:52.0023 P

################################################################################################################################################
Starting Execution:	[82 out of 144] test cases in the current suite
Test Method:		[testPackage01.Test_JsonActions.f]
###############################################################################################################################################

################################################################################################################################################
Starting Execution:	[83 out of 144] test cases in the current suite
Test Method:		[testPackage01.Test_JsonActions.f2]
###############################################################################################################################################

################################################################################################################################################
Starting Execution:	[84 out of 144] test cases in the current suite
Test Method:		[testPackage01.Test_AssertApiResponseEquals.assertApiResponseEquals_expectedToPass]
################################################################################################################################################
[ReportManager] Response status code: [200], status line: [HTTP/1.1 200 OK] @30-09-2021 20:52:52.0159 PM
[ReportManager] Assertion Passed: Evaluating the actual response status code against the expected one... @30-09-2021 20:52:52.0159 PM
[ReportManager] Assertion [ValidateEquals] PASSED. Expected [200] and Actual [200]. Comparison Type [EQUALS]. Validation Type [POSITIVE]. @30-09-2021 20:52:52.0159 PM
[ReportManager] API Action [PerformRequest] successfully performed. With the following test data [Request Type: "GET" | Target Status Code: "200" | Service URL: "https://jsonplaceholder.typicode.com/users" | Content Type: "*/*" | Response Time: "34ms"]. @30-09-2021 20:52:52.0173 PM
[ReportManager] Successfully created attachment [API Request - Specifications] @30-09-2021 20:52:52.0173 PM
[ReportManager] Successfully created attachment [API Response - JSON Body] @30-09-2021 20:52:52.0173 PM
[ReportManager] API Action [GetResponseJSONValueAsList] successfully performed. With the following test data [$]. @30-09-2021 20:52:52.0176 PM
[ReportManager] API Action [GetResponseJSONValue] successfully performed. With the following test data [name]. @30-09-2021 20:52:52.0184 PM
[ReportManager] API Action [GetResponseJSONValue] successfully performed. With the following test data [email]. @30-09-2021 20:52:52.0190 PM
[ReportManager] Verification [ValidateEquals] PASSED. Expected [Sincere@april.biz] and Actual [Sincere@april.biz]. Comparison Type [EQUALS]. Validation Type [POSITIVE]. @30-09-2021 20:52:52.0191 PM
[ReportManager] API Action [GetResponseJSONValue] successfully performed. With the following test data [username]. @30-09-2021 20:52:52.0197 PM
[ReportManager] Assertion [ValidateEquals] PASSED. Expected [Bret] and Actual [Bret]. Comparison Type [EQUALS]. Validation Type [POSITIVE]. @30-09-2021 20:52:52.0197 PM
[ReportManager] API Action [GetResponseJSONValue] successfully performed. With the following test data [name]. @30-09-2021 20:52:52.0203 PM
[ReportManager] API Action [GetResponseJSONValue] successfully performed. With the following test data [name]. @30-09-2021 20:52:52.0210 PM
[ReportManager] API Action [GetResponseJSONValue] successfully performed. With the following test data [name]. @30-09-2021 20:52:52.0216 PM
[ReportManager] API Action [GetResponseJSONValue] successfully performed. With the following test data [name]. @30-09-2021 20:52:52.0221 PM
[ReportManager] API Action [GetResponseJSONValue] successfully performed. With the following test data [name]. @30-09-2021 20:52:52.0227 PM
[ReportManager] API Action [GetResponseJSONValue] successfully performed. With the following test data [name]. @30-09-2021 20:52:52.0233 PM
[ReportManager] API Action [GetResponseJSONValue] successfully performed. With the following test data [name]. @30-09-2021 20:52:52.0239 PM
[ReportManager] API Action [GetResponseJSONValue] successfully performed. With the following test data [name]. @30-09-2021 20:52:52.0246 PM
[ReportManager] API Action [GetResponseJSONValue] successfully performed. With the following test data [name]. @30-09-2021 20:52:52.0265 P
[ReportManager] File Action [GetAbsolutePath] successfully performed. With the following test data [Relative Folder Path: "target/downloadedFiles/"]. @30-09-2021 20:52:52.0274 PM
[ReportManager] Attempting to run remotely on: [Linux-64], [GoogleChrome], [http://localhost:4444/wd/hub], Headless Execution. @30-09-2021 20:52:52.0275 PM
[ReportManager] Successfully Opened [GoogleChrome]. @30-09-2021 20:52:52.0486 P

################################################################################################################################################
Starting Execution:	[85 out of 144] test cases in the current suite
Test Method:		[testPackage01.Test_ShadowDOM.shadowdom]
################################################################################################################################################
[ReportManager] Target URL: [https://mdn.github.io/web-components-examples/popup-info-box-web-component/] @30-09-2021 20:52:52.0507 PM
[ReportManager] Initial URL: [data:,] @30-09-2021 20:52:52.0541 PM
[ReportManager] Browser Action [NavigateToURL] successfully performed. With the following test data [https://mdn.github.io/web-components-examples/popup-info-box-web-component/]. @30-09-2021 20:52:52.0698 PM
[ReportManager] Element Action [Type] successfully performed. With the following test data [Typing into SHADOW DOM...]. @30-09-2021 20:52:52.0948 PM
[ReportManager] Element Action [GetText] successfully performed. With the following test data [Typing into SHADOW DOM...]. @30-09-2021 20:52:53.0026 PM
[ReportManager] Loaded Shared OpenCV @30-09-2021 20:52:53.0144 PM
[ReportManager] Assertion [ValidateElementAttribute] PASSED. Expected [Value Should be 'Typing into SHADOW DOM...' for the 'Text' attribute, element locator 'By.id: cvc'] and Actual [Typing into SHADOW DOM...]. Comparison Type [EQUALS]. Validation Type [POSITIVE]. @30-09-2021 20:52:53.0218 PM
[ReportManager] Successfully created attachment [Screenshot - 1633035173144_shadowdom_ValidateElementAttribute_passed] @30-09-2021 20:52:53.0218 P
[ReportManager] Browser Action [CloseCurrentWindow] successfully performed. @30-09-2021 20:52:53.0300 PM
[ReportManager] Successfully created attachment [Browser Action Test Data - CloseCurrentWindow - Actual Value] @30-09-2021 20:52:53.0300 P

################################################################################################################################################
Starting Execution:	[86 out of 144] test cases in the current suite
Test Method:		[testPackage01.Test_SelectedValue.multipleSelect]
################################################################################################################################################
[ReportManager] File Action [GetAbsolutePath] successfully performed. With the following test data [Relative Folder Path: "target/downloadedFiles/"]. @30-09-2021 20:52:53.0304 PM
[ReportManager] Attempting to run remotely on: [Linux-64], [GoogleChrome], [http://localhost:4444/wd/hub], Headless Execution. @30-09-2021 20:52:53.0304 PM
[ReportManager] Successfully Opened [GoogleChrome]. @30-09-2021 20:52:53.0471 PM
[ReportManager] Target URL: [https://yari-demos.prod.mdn.mozit.cloud/en-US/docs/Web/HTML/Element/select/_sample_.Advanced_select_with_multiple_features.html] @30-09-2021 20:52:53.0494 PM
[ReportManager] Initial URL: [data:,] @30-09-2021 20:52:53.0531 PM
[ReportManager] Browser Action [NavigateToURL] successfully performed. With the following test data [https://yari-demos.prod.mdn.mozit.cloud/en-US/docs/Web/HTML/Element/select/_sample_.Advanced_select_with_multiple_features.html]. @30-09-2021 20:52:53.0709 PM
[ReportManager] Element Action [Select] successfully performed. With the following test data [Dog]. @30-09-2021 20:52:53.0896 PM
[ReportManager] Element Action [Select] successfully performed. With the following test data [Cat]. @30-09-2021 20:52:54.0098 PM
[ReportManager] Element Action [GetSelectedText] successfully performed. With the following test data [DogCat]. @30-09-2021 20:52:54.0233 PM
[ReportManager] DogCat @30-09-2021 20:52:54.0233 PM
[ReportManager] Element Action [GetSelectedText] successfully performed. With the following test data [DogCat]. @30-09-2021 20:52:54.0389 PM
[ReportManager] Loaded Shared OpenCV @30-09-2021 20:52:54.0491 PM
[ReportManager] Assertion [ValidateElementAttribute] PASSED. Expected [Value Should be 'DogCat' for the 'selectedText' attribute, element locator 'By.tagName: select'] and Actual [DogCat]. Comparison Type [EQUALS]. Validation Type [POSITIVE]. @30-09-2021 20:52:54.0547 PM
[ReportManager] Successfully created attachment [Screenshot - 1633035174490_multipleSelect_ValidateElementAttribute_passed] @30-09-2021 20:52:54.0548 PM
[ReportManager] Browser Action [CloseCurrentWindow] successfully performed. @30-09-2021 20:52:54.0627 PM
[ReportManager] Successfully created attachment [Browser Action Test Data - CloseCurrentWindow - Actual Value] @30-09-2021 20:52:54.0627 P

################################################################################################################################################
Starting Execution:	[87 out of 144] test cases in the current suite
Test Method:		[testPackage01.Test_SelectedValue.simpleSelect]
################################################################################################################################################
[ReportManager] File Action [GetAbsolutePath] successfully performed. With the following test data [Relative Folder Path: "target/downloadedFiles/"]. @30-09-2021 20:52:54.0631 PM
[ReportManager] Attempting to run remotely on: [Linux-64], [GoogleChrome], [http://localhost:4444/wd/hub], Headless Execution. @30-09-2021 20:52:54.0631 PM
[ReportManager] Successfully Opened [GoogleChrome]. @30-09-2021 20:52:54.0818 PM
[ReportManager] Target URL: [https://yari-demos.prod.mdn.mozit.cloud/en-US/docs/Web/HTML/Element/select/_sample_.Basic_select.html] @30-09-2021 20:52:54.0837 PM
[ReportManager] Initial URL: [data:,] @30-09-2021 20:52:54.0878 PM
[ReportManager] Browser Action [NavigateToURL] successfully performed. With the following test data [https://yari-demos.prod.mdn.mozit.cloud/en-US/docs/Web/HTML/Element/select/_sample_.Basic_select.html]. @30-09-2021 20:52:55.0050 PM
[ReportManager] Element Action [Select] successfully performed. With the following test data [Third Value]. @30-09-2021 20:52:55.0307 PM
[ReportManager] Element Action [GetSelectedText] successfully performed. With the following test data [Third Value]. @30-09-2021 20:52:55.0402 PM
[ReportManager] Third Value @30-09-2021 20:52:55.0403 PM
[ReportManager] Element Action [GetSelectedText] successfully performed. With the following test data [Third Value]. @30-09-2021 20:52:55.0493 PM
[ReportManager] Loaded Shared OpenCV @30-09-2021 20:52:55.0588 PM
[ReportManager] Assertion [ValidateElementAttribute] PASSED. Expected [Value Should be 'Third Value' for the 'selectedText' attribute, element locator 'By.tagName: select'] and Actual [Third Value]. Comparison Type [EQUALS]. Validation Type [POSITIVE]. @30-09-2021 20:52:55.0645 PM
[ReportManager] Successfully created attachment [Screenshot - 1633035175588_simpleSelect_ValidateElementAttribute_passed] @30-09-2021 20:52:55.0645 PM
[ReportManager] Browser Action [CloseCurrentWindow] successfully performed. @30-09-2021 20:52:55.0726 PM
[ReportManager] Successfully created attachment [Browser Action Test Data - CloseCurrentWindow - Actual Value] @30-09-2021 20:52:55.0727 P
[ReportManager] File Action [GetAbsolutePath] successfully performed. With the following test data [Relative Folder Path: "target/downloadedFiles/"]. @30-09-2021 20:52:55.0731 PM
[ReportManager] Attempting to run remotely on: [Linux-64], [GoogleChrome], [http://localhost:4444/wd/hub], Headless Execution. @30-09-2021 20:52:55.0732 PM
[ReportManager] Successfully Opened [GoogleChrome]. @30-09-2021 20:52:55.0905 P

################################################################################################################################################
Starting Execution:	[88 out of 144] test cases in the current suite
Test Method:		[testPackage01.Test_IsElementClickable.testIsElementClickable]
################################################################################################################################################
[ReportManager] Target URL: [https://the-internet.herokuapp.com/] @30-09-2021 20:52:55.0926 PM
[ReportManager] Initial URL: [data:,] @30-09-2021 20:52:55.0966 PM
[ReportManager] Browser Action [NavigateToURL] successfully performed. With the following test data [https://the-internet.herokuapp.com/]. @30-09-2021 20:52:56.0277 PM
[ReportManager] Element Action [IsElementClickable] successfully performed. @30-09-2021 20:52:56.0403 PM
[ReportManager] Assertion [ValidateTrue] PASSED. Expected [TRUE] and Actual [TRUE]. Validation Type [POSITIVE]. @30-09-2021 20:52:56.0403 P
[ReportManager] Browser Action [CloseCurrentWindow] successfully performed. @30-09-2021 20:52:56.0514 PM
[ReportManager] Successfully created attachment [Browser Action Test Data - CloseCurrentWindow - Actual Value] @30-09-2021 20:52:56.0514 P
[ReportManager] File Action [GetAbsolutePath] successfully performed. With the following test data [Relative Folder Path: "target/downloadedFiles/"]. @30-09-2021 20:52:56.0516 PM
[ReportManager] Attempting to run remotely on: [Linux-64], [GoogleChrome], [http://localhost:4444/wd/hub], Headless Execution. @30-09-2021 20:52:56.0516 PM
[ReportManager] Successfully Opened [GoogleChrome]. @30-09-2021 20:52:56.0693 P

################################################################################################################################################
Starting Execution:	[89 out of 144] test cases in the current suite
Test Method:		[testPackage01.Test_clipboardActions.typeTextAndCopyPaste]
################################################################################################################################################
[ReportManager] Target URL: [https://www.google.com/ncr], and after redirection: [https://www.google.com] @30-09-2021 20:52:56.0719 PM
[ReportManager] Initial URL: [data:,] @30-09-2021 20:52:56.0757 PM
[ReportManager] Browser Action [NavigateToURL] successfully performed. With the following test data [https://www.google.com/ncr]. @30-09-2021 20:52:57.0455 PM
[ReportManager] Element Action [Type] successfully performed. With the following test data [FIRST]. @30-09-2021 20:52:57.0762 PM
[ReportManager] Element Action [ClipboardActions] successfully performed. With the following test data [select all]. @30-09-2021 20:52:57.0810 PM
[ReportManager] Element Action [ClipboardActions] successfully performed. With the following test data [copy]. @30-09-2021 20:52:57.0852 PM
[ReportManager] Element Action [ClipboardActions] successfully performed. With the following test data [unselect]. @30-09-2021 20:52:57.0898 PM
[ReportManager] Element Action [ClipboardActions] successfully performed. With the following test data [paste]. @30-09-2021 20:52:57.0955 PM
[ReportManager] Element Action [ClipboardActions] successfully performed. With the following test data [select all]. @30-09-2021 20:52:57.0999 PM
[ReportManager] Element Action [Type] successfully performed. @30-09-2021 20:52:58.0176 PM
[ReportManager] Element Action [ClipboardActions] successfully performed. With the following test data [cut]. @30-09-2021 20:52:58.0177 PM
[ReportManager] Element Action [ClipboardActions] successfully performed. With the following test data [paste]. @30-09-2021 20:52:58.0238 PM
[ReportManager] Element Action [ClipboardActions] successfully performed. With the following test data [paste]. @30-09-2021 20:52:58.0288 P
[ReportManager] Browser Action [CloseCurrentWindow] successfully performed. @30-09-2021 20:52:58.0433 PM
[ReportManager] Successfully created attachment [Browser Action Test Data - CloseCurrentWindow - Actual Value] @30-09-2021 20:52:58.0434 P
[ReportManager] File Action [GetAbsolutePath] successfully performed. With the following test data [Relative Folder Path: "target/downloadedFiles/"]. @30-09-2021 20:52:58.0436 PM
[ReportManager] Attempting to run remotely on: [Linux-64], [GoogleChrome], [http://localhost:4444/wd/hub], Headless Execution. @30-09-2021 20:52:58.0437 PM
[ReportManager] Successfully Opened [GoogleChrome]. @30-09-2021 20:52:58.0625 P

################################################################################################################################################
Starting Execution:	[90 out of 144] test cases in the current suite
Test Method:		[testPackage01.Test_dynamicLoading.dynamicLoading_elementIsHidden]
################################################################################################################################################
[ReportManager] Target URL: [https://the-internet.herokuapp.com/dynamic_loading/1] @30-09-2021 20:52:58.0637 PM
[ReportManager] Initial URL: [data:,] @30-09-2021 20:52:58.0671 PM
[ReportManager] Browser Action [NavigateToURL] successfully performed. With the following test data [https://the-internet.herokuapp.com/dynamic_loading/1]. @30-09-2021 20:52:58.0948 PM
[ReportManager] Element Action [Click] successfully performed. With the following test data [Start]. @30-09-2021 20:52:59.0206 PM
[ReportManager] Element Action [GetText] successfully performed. With the following test data [
    Hello World!
  ]. @30-09-2021 20:52:59.0296 PM
[ReportManager] Loaded Shared OpenCV @30-09-2021 20:52:59.0417 PM
[ReportManager] Assertion [ValidateElementAttribute] PASSED. Expected [Value Should be 'Hello World!' for the 'text' attribute, element locator 'By.id: finish'] and Actual [
    Hello World!
  ]. Comparison Type [CONTAINS]. Validation Type [POSITIVE]. @30-09-2021 20:52:59.0487 PM
[ReportManager] Successfully created attachment [Screenshot - 1633035179417_dynamicLoading_elementIsHidden_ValidateElementAttribute_passed] @30-09-2021 20:52:59.0488 P
[ReportManager] Browser Action [CloseCurrentWindow] successfully performed. @30-09-2021 20:52:59.0594 PM
[ReportManager] Successfully created attachment [Browser Action Test Data - CloseCurrentWindow - Actual Value] @30-09-2021 20:52:59.0595 P
[ReportManager] File Action [GetAbsolutePath] successfully performed. With the following test data [Relative Folder Path: "target/downloadedFiles/"]. @30-09-2021 20:52:59.0599 PM
[ReportManager] Attempting to run remotely on: [Linux-64], [GoogleChrome], [http://localhost:4444/wd/hub], Headless Execution. @30-09-2021 20:52:59.0599 PM
[ReportManager] Successfully Opened [GoogleChrome]. @30-09-2021 20:52:59.0773 P

################################################################################################################################################
Starting Execution:	[91 out of 144] test cases in the current suite
Test Method:		[testPackage01.Test_dynamicLoading.dynamicLoading_elementIsRendered]
################################################################################################################################################
[ReportManager] Target URL: [https://the-internet.herokuapp.com/dynamic_loading/2] @30-09-2021 20:52:59.0786 PM
[ReportManager] Initial URL: [data:,] @30-09-2021 20:52:59.0822 PM
[ReportManager] Browser Action [NavigateToURL] successfully performed. With the following test data [https://the-internet.herokuapp.com/dynamic_loading/2]. @30-09-2021 20:53:00.0113 PM
[ReportManager] Element Action [Click] successfully performed. With the following test data [Start]. @30-09-2021 20:53:00.0392 PM
[ReportManager] Element Action [GetText] successfully performed. With the following test data [Hello World!]. @30-09-2021 20:53:05.0531 PM
[ReportManager] Loaded Shared OpenCV @30-09-2021 20:53:05.0650 PM
[ReportManager] Assertion [ValidateElementAttribute] PASSED. Expected [Value Should be 'Hello World!' for the 'text' attribute, element locator 'By.id: finish'] and Actual [Hello World!]. Comparison Type [CONTAINS]. Validation Type [POSITIVE]. @30-09-2021 20:53:05.0711 PM
[ReportManager] Successfully created attachment [Screenshot - 1633035185650_dynamicLoading_elementIsRendered_ValidateElementAttribute_passed] @30-09-2021 20:53:05.0712 P
[ReportManager] Browser Action [CloseCurrentWindow] successfully performed. @30-09-2021 20:53:05.0797 PM
[ReportManager] Successfully created attachment [Browser Action Test Data - CloseCurrentWindow - Actual Value] @30-09-2021 20:53:05.0798 P

################################################################################################################################################
Starting Execution:	[92 out of 144] test cases in the current suite
Test Method:		[testPackage01.Test_JsonCompareWithSpecialCharacters.specialCharacters]
################################################################################################################################################
[ReportManager] File Action [GetAbsolutePath] successfully performed. With the following test data [Relative Folder Path: "src/test/resources/TestJsonFiles/specialCharacters.json"]. @30-09-2021 20:53:05.0803 PM
[ReportManager] File Action [ReadFromFile] successfully performed. With the following test data [File Path: "/home/runner/work/SHAFT_ENGINE/SHAFT_ENGINE/src/test/resources/TestJsonFiles/specialCharacters.json"]. @30-09-2021 20:53:05.0810 PM
[ReportManager] Successfully created attachment [File Action Actual Result - Command Log] @30-09-2021 20:53:05.0810 PM
[ReportManager] Comparing the provided API response with the file at this path "src/test/resources/TestJsonFiles/specialCharacters.json", comparison type "EQUALS" @30-09-2021 20:53:05.0811 PM
[ReportManager] API Action [CompareJSON] successfully performed. With the following test data [src/test/resources/TestJsonFiles/specialCharacters.json]. @30-09-2021 20:53:05.0831 PM
[ReportManager] File Action [GetAbsolutePath] successfully performed. With the following test data [Relative Folder Path: "src/test/resources/TestJsonFiles/specialCharacters.json"]. @30-09-2021 20:53:05.0831 PM
[ReportManager] File Action [ReadFromFile] successfully performed. With the following test data [File Path: "/home/runner/work/SHAFT_ENGINE/SHAFT_ENGINE/src/test/resources/TestJsonFiles/specialCharacters.json"]. @30-09-2021 20:53:05.0831 PM
[ReportManager] Verification [ValidateJSONFileContent] PASSED. Expected [Response data should match the JSON File in this path 'src/test/resources/TestJsonFiles/specialCharacters.json'] and Actual [TRUE]. Comparison Type [EQUALS]. Validation Type [POSITIVE]. @30-09-2021 20:53:05.0838 PM
[ReportManager] Successfully created attachment [Validation Test Data - Expected JSON Value] @30-09-2021 20:53:05.0838 PM
[ReportManager] Successfully created attachment [Validation Test Data - Actual JSON Value] @30-09-2021 20:53:05.0839 P

################################################################################################################################################
Starting Execution:	[93 out of 144] test cases in the current suite
Test Method:		[testPackage01.Test_JsonCompareWithSpecialCharacters.specialCharacters_assertion]
################################################################################################################################################
[ReportManager] File Action [GetAbsolutePath] successfully performed. With the following test data [Relative Folder Path: "src/test/resources/TestJsonFiles/specialCharacters.json"]. @30-09-2021 20:53:05.0842 PM
[ReportManager] File Action [ReadFromFile] successfully performed. With the following test data [File Path: "/home/runner/work/SHAFT_ENGINE/SHAFT_ENGINE/src/test/resources/TestJsonFiles/specialCharacters.json"]. @30-09-2021 20:53:05.0842 PM
[ReportManager] Successfully created attachment [File Action Actual Result - Command Log] @30-09-2021 20:53:05.0843 PM
[ReportManager] Comparing the provided API response with the file at this path "src/test/resources/TestJsonFiles/specialCharacters.json", comparison type "CONTAINS" @30-09-2021 20:53:05.0843 PM
[ReportManager] API Action [CompareJSON] successfully performed. With the following test data [src/test/resources/TestJsonFiles/specialCharacters.json]. @30-09-2021 20:53:05.0857 PM
[ReportManager] File Action [GetAbsolutePath] successfully performed. With the following test data [Relative Folder Path: "src/test/resources/TestJsonFiles/specialCharacters.json"]. @30-09-2021 20:53:05.0858 PM
[ReportManager] File Action [ReadFromFile] successfully performed. With the following test data [File Path: "/home/runner/work/SHAFT_ENGINE/SHAFT_ENGINE/src/test/resources/TestJsonFiles/specialCharacters.json"]. @30-09-2021 20:53:05.0858 PM
[ReportManager] Assertion Passed: trying out the log message @30-09-2021 20:53:05.0861 PM
[ReportManager] Successfully created attachment [Validation Test Data - Expected JSON Value] @30-09-2021 20:53:05.0862 PM
[ReportManager] Successfully created attachment [Validation Test Data - Actual JSON Value] @30-09-2021 20:53:05.0862 PM
[ReportManager] Assertion [ValidateJSONFileContent] PASSED. Expected [Response data should match the JSON File in this path 'src/test/resources/TestJsonFiles/specialCharacters.json'] and Actual [TRUE]. Comparison Type [CONTAINS]. Validation Type [POSITIVE]. @30-09-2021 20:53:05.0862 P
[ReportManager] File Action [GetAbsolutePath] successfully performed. With the following test data [Relative Folder Path: "target/downloadedFiles/"]. @30-09-2021 20:53:05.0866 PM
[ReportManager] Attempting to run remotely on: [Linux-64], [GoogleChrome], [http://localhost:4444/wd/hub], Headless Execution. @30-09-2021 20:53:05.0866 PM
[ReportManager] Successfully Opened [GoogleChrome]. @30-09-2021 20:53:06.0038 P

################################################################################################################################################
Starting Execution:	[94 out of 144] test cases in the current suite
Test Method:		[testPackage01.Test_uploadFile.uploadFile_invisibleUploadInput]
################################################################################################################################################
[ReportManager] Target URL: [https://fineuploader.com/demos.html#gallery-view] @30-09-2021 20:53:06.0052 PM
[ReportManager] Initial URL: [data:,] @30-09-2021 20:53:06.0103 PM
[ReportManager] Browser Action [NavigateToURL] successfully performed. With the following test data [https://fineuploader.com/demos.html#gallery-view]. @30-09-2021 20:53:07.0383 PM
[ReportManager] File Action [GetAbsolutePath] successfully performed. With the following test data [Relative File Path: "src/main/resources/images/shaft.png"]. @30-09-2021 20:53:07.0383 PM
[ReportManager] Successfully created attachment [File Action Actual Result - Command Log] @30-09-2021 20:53:07.0383 PM
[ReportManager] Element Action [TypeFileLocationForUpload] successfully performed. With the following test data [/home/runner/work/SHAFT_ENGINE/SHAFT_ENGINE/src/main/resources/images/shaft.png]. @30-09-2021 20:53:07.0565 PM
[ReportManager] Attempting to getAttribute [src] from elementLocator [By.xpath: //div[@id='fine-uploader-gallery']//div[@class='qq-thumbnail-wrapper']/img]. @30-09-2021 20:53:07.0565 PM
[ReportManager] Element Action [GetAttribute] successfully performed. @30-09-2021 20:53:07.0647 PM
[ReportManager] Successfully created attachment [Element Action Test Data - GetAttribute - Actual Value] @30-09-2021 20:53:07.0647 PM
[ReportManager] Loaded Shared OpenCV @30-09-2021 20:53:07.0772 PM
[ReportManager] Assertion [ValidateElementAttribute] PASSED. Expected and Actual values are attached. Comparison Type [CONTAINS]. Validation Type [POSITIVE]. @30-09-2021 20:53:07.0842 PM
[ReportManager] Successfully created attachment [Validation Test Data - Expected Value] @30-09-2021 20:53:07.0843 PM
[ReportManager] Successfully created attachment [Validation Test Data - Actual Value] @30-09-2021 20:53:07.0843 PM
[ReportManager] Successfully created attachment [Screenshot - 1633035187772_uploadFile_invisibleUploadInput_ValidateElementAttribute_passed] @30-09-2021 20:53:07.0844 P
[ReportManager] Browser Action [CloseCurrentWindow] successfully performed. @30-09-2021 20:53:07.0974 PM
[ReportManager] Successfully created attachment [Browser Action Test Data - CloseCurrentWindow - Actual Value] @30-09-2021 20:53:07.0975 P
[ReportManager] File Action [GetAbsolutePath] successfully performed. With the following test data [Relative Folder Path: "target/downloadedFiles/"]. @30-09-2021 20:53:07.0977 PM
[ReportManager] Attempting to run remotely on: [Linux-64], [GoogleChrome], [http://localhost:4444/wd/hub], Headless Execution. @30-09-2021 20:53:07.0978 PM
[ReportManager] Successfully Opened [GoogleChrome]. @30-09-2021 20:53:08.0149 P

################################################################################################################################################
Starting Execution:	[95 out of 144] test cases in the current suite
Test Method:		[testPackage01.Test_uploadFile.uploadFile_visibleUploadInput]
################################################################################################################################################
[ReportManager] Target URL: [http://demo.guru99.com/test/upload/] @30-09-2021 20:53:08.0160 PM
[ReportManager] Initial URL: [data:,] @30-09-2021 20:53:08.0195 PM
[ReportManager] Browser Action [NavigateToURL] successfully performed. With the following test data [http://demo.guru99.com/test/upload/]. @30-09-2021 20:53:08.0955 PM
[ReportManager] File Action [GetAbsolutePath] successfully performed. With the following test data [Relative File Path: "src/main/resources/images/shaft.png"]. @30-09-2021 20:53:08.0956 PM
[ReportManager] Successfully created attachment [File Action Actual Result - Command Log] @30-09-2021 20:53:08.0956 PM
[ReportManager] Element Action [TypeFileLocationForUpload] successfully performed. With the following test data [/home/runner/work/SHAFT_ENGINE/SHAFT_ENGINE/src/main/resources/images/shaft.png]. @30-09-2021 20:53:09.0101 PM
[ReportManager] Element Action [Click] successfully performed. With the following test data [on]. @30-09-2021 20:53:09.0375 PM
[ReportManager] Element Action [Click] successfully performed. With the following test data [Submit File]. @30-09-2021 20:53:09.0631 PM
[ReportManager] Element Action [GetText] successfully performed. With the following test data [1 file
has been successfully uploaded.]. @30-09-2021 20:53:10.0263 PM
[ReportManager] Loaded Shared OpenCV @30-09-2021 20:53:10.0381 PM
[ReportManager] Assertion [ValidateElementAttribute] PASSED. Expected [Value Should be '1 file' for the 'Text' attribute, element locator 'By.id: res'] and Actual [1 file
has been successfully uploaded.]. Comparison Type [CONTAINS]. Validation Type [POSITIVE]. @30-09-2021 20:53:10.0445 PM
[ReportManager] Successfully created attachment [Screenshot - 1633035190381_uploadFile_visibleUploadInput_ValidateElementAttribute_passed] @30-09-2021 20:53:10.0446 P
[ReportManager] Browser Action [CloseCurrentWindow] successfully performed. @30-09-2021 20:53:10.0545 PM
[ReportManager] Successfully created attachment [Browser Action Test Data - CloseCurrentWindow - Actual Value] @30-09-2021 20:53:10.0545 P
[ReportManager] File Action [GetAbsolutePath] successfully performed. With the following test data [Relative Folder Path: "target/downloadedFiles/"]. @30-09-2021 20:53:10.0547 PM
[ReportManager] Attempting to run remotely on: [Linux-64], [GoogleChrome], [http://localhost:4444/wd/hub], Headless Execution. @30-09-2021 20:53:10.0547 PM
[ReportManager] Successfully Opened [GoogleChrome]. @30-09-2021 20:53:10.0725 P

################################################################################################################################################
Starting Execution:	[96 out of 144] test cases in the current suite
Test Method:		[testPackage01.Test_assertEquals.test_assertElementAttribute]
################################################################################################################################################
[ReportManager] Target URL: [https://www.google.com/ncr], and after redirection: [https://www.google.com] @30-09-2021 20:53:10.0739 PM
[ReportManager] Initial URL: [data:,] @30-09-2021 20:53:10.0797 PM
[ReportManager] Browser Action [NavigateToURL] successfully performed. With the following test data [https://www.google.com/ncr]. @30-09-2021 20:53:11.0473 PM
[ReportManager] Element Action [Type] successfully performed. With the following test data [INC_004010050:Another SCHEDULER with the same name [Duplicate Job Name] already exists.]. @30-09-2021 20:53:12.0045 PM
[ReportManager] Element Action [GetText] successfully performed. With the following test data [INC_004010050:Another SCHEDULER with the same name [Duplicate Job Name] already exists.]. @30-09-2021 20:53:12.0120 PM
[ReportManager] Loaded Shared OpenCV @30-09-2021 20:53:12.0240 PM
[ReportManager] Assertion [ValidateElementAttribute] PASSED. Expected [Value Should be 'INC_004010050:Another SCHEDULER with the same name \[Duplicate Job Name\] already exists.' for the 'text' attribute, element locator 'By.name: q'] and Actual [INC_004010050:Another SCHEDULER with the same name [Duplicate Job Name] already exists.]. Comparison Type [MATCHES]. Validation Type [POSITIVE]. @30-09-2021 20:53:12.0305 PM
[ReportManager] Successfully created attachment [Screenshot - 1633035192240_test_assertElementAttribute_ValidateElementAttribute_passed] @30-09-2021 20:53:12.0306 P
[ReportManager] Browser Action [CloseCurrentWindow] successfully performed. @30-09-2021 20:53:12.0420 PM
[ReportManager] Successfully created attachment [Browser Action Test Data - CloseCurrentWindow - Actual Value] @30-09-2021 20:53:12.0421 P

################################################################################################################################################
Starting Execution:	[97 out of 144] test cases in the current suite
Test Method:		[testPackage01.Test_NewValidationHelper.f1]
################################################################################################################################################
[ReportManager] Assertion Passed: Checking valid user data @30-09-2021 20:53:12.0426 PM
[ReportManager] Successfully created attachment [Validation Test Data - Expected Value] @30-09-2021 20:53:12.0426 PM
[ReportManager] Successfully created attachment [Validation Test Data - Actual Value] @30-09-2021 20:53:12.0426 PM
[ReportManager] Assertion [ValidateEquals] PASSED. Expected and Actual values are attached. Comparison Type [EQUALS]. Validation Type [POSITIVE]. @30-09-2021 20:53:12.0426 P
[ReportManager] File Action [GetAbsolutePath] successfully performed. With the following test data [Relative Folder Path: "target/downloadedFiles/"]. @30-09-2021 20:53:12.0430 PM
[ReportManager] Attempting to run remotely on: [Linux-64], [GoogleChrome], [http://localhost:4444/wd/hub], Headless Execution. @30-09-2021 20:53:12.0430 PM
[ReportManager] Successfully Opened [GoogleChrome]. @30-09-2021 20:53:12.0592 PM
[ReportManager] Target URL: [https://the-internet.herokuapp.com/] @30-09-2021 20:53:12.0602 PM
[ReportManager] Initial URL: [data:,] @30-09-2021 20:53:12.0636 PM
[ReportManager] Browser Action [NavigateToURL] successfully performed. With the following test data [https://the-internet.herokuapp.com/]. @30-09-2021 20:53:12.0921 P

################################################################################################################################################
Starting Execution:	[98 out of 144] test cases in the current suite
Test Method:		[testPackage01.Test_NewValidationHelper.f10]
################################################################################################################################################
[ReportManager] Assertion [ValidateElementExists] FAILED. Expected [Element Should Exist, locator 'By.tagName: div'] and Actual [Element Exists but is not unique]. Comparison Type [EQUALS]. Validation Type [POSITIVE]. @30-09-2021 20:53:13.0151 PM
[ReportManager] Successfully created attachment [Screenshot - 1633035193093_f10_ValidateElementExists_failed] @30-09-2021 20:53:13.0152 P
[ReportManager] Successfully Closed All Drivers. @30-09-2021 20:53:13.0224 P
[ReportManager] File Action [GetAbsolutePath] successfully performed. With the following test data [Relative Folder Path: "target/downloadedFiles/"]. @30-09-2021 20:53:13.0226 PM
[ReportManager] Attempting to run remotely on: [Linux-64], [GoogleChrome], [http://localhost:4444/wd/hub], Headless Execution. @30-09-2021 20:53:13.0226 PM
[ReportManager] Successfully Opened [GoogleChrome]. @30-09-2021 20:53:13.0397 PM
[ReportManager] Target URL: [https://the-internet.herokuapp.com/] @30-09-2021 20:53:13.0407 PM
[ReportManager] Initial URL: [data:,] @30-09-2021 20:53:13.0443 PM
[ReportManager] Browser Action [NavigateToURL] successfully performed. With the following test data [https://the-internet.herokuapp.com/]. @30-09-2021 20:53:13.0716 P

################################################################################################################################################
Starting Execution:	[99 out of 144] test cases in the current suite
Test Method:		[testPackage01.Test_NewValidationHelper.f11]
################################################################################################################################################
[ReportManager] Assertion Passed: Checking that false tag doesn't exist @30-09-2021 20:53:24.0078 PM
[ReportManager] Successfully created attachment [Screenshot - 1633035204008_f11_ValidateElementExists_passed] @30-09-2021 20:53:24.0078 PM
[ReportManager] Assertion [ValidateElementExists] PASSED. Expected [Element Should not Exist, locator 'By.tagName: h3'] and Actual [Element Doesn't Exists]. Comparison Type [EQUALS]. Validation Type [NEGATIVE]. @30-09-2021 20:53:24.0078 P
[ReportManager] Successfully Closed All Drivers. @30-09-2021 20:53:24.0150 P
[ReportManager] File Action [GetAbsolutePath] successfully performed. With the following test data [Relative Folder Path: "target/downloadedFiles/"]. @30-09-2021 20:53:24.0152 PM
[ReportManager] Attempting to run remotely on: [Linux-64], [GoogleChrome], [http://localhost:4444/wd/hub], Headless Execution. @30-09-2021 20:53:24.0152 PM
[ReportManager] Successfully Opened [GoogleChrome]. @30-09-2021 20:53:24.0315 PM
[ReportManager] Target URL: [https://the-internet.herokuapp.com/] @30-09-2021 20:53:24.0324 PM
[ReportManager] Initial URL: [data:,] @30-09-2021 20:53:24.0359 PM
[ReportManager] Browser Action [NavigateToURL] successfully performed. With the following test data [https://the-internet.herokuapp.com/]. @30-09-2021 20:53:24.0654 P

################################################################################################################################################
Starting Execution:	[100 out of 144] test cases in the current suite
Test Method:		[testPackage01.Test_NewValidationHelper.f12]
################################################################################################################################################
[ReportManager] Loaded Shared OpenCV @30-09-2021 20:53:24.0824 PM
[ReportManager] Assertion [ValidateElementExists] FAILED. Expected [Element Should not Exist, locator 'By.tagName: h1'] and Actual [Element Exists]. Comparison Type [EQUALS]. Validation Type [NEGATIVE]. @30-09-2021 20:53:24.0893 PM
[ReportManager] Successfully created attachment [Screenshot - 1633035204824_f12_ValidateElementExists_failed] @30-09-2021 20:53:24.0894 P
[ReportManager] Successfully Closed All Drivers. @30-09-2021 20:53:24.0963 P
[ReportManager] File Action [GetAbsolutePath] successfully performed. With the following test data [Relative Folder Path: "target/downloadedFiles/"]. @30-09-2021 20:53:24.0964 PM
[ReportManager] Attempting to run remotely on: [Linux-64], [GoogleChrome], [http://localhost:4444/wd/hub], Headless Execution. @30-09-2021 20:53:24.0965 PM
[ReportManager] Successfully Opened [GoogleChrome]. @30-09-2021 20:53:25.0137 PM
[ReportManager] Target URL: [https://the-internet.herokuapp.com/] @30-09-2021 20:53:25.0150 PM
[ReportManager] Initial URL: [data:,] @30-09-2021 20:53:25.0184 PM
[ReportManager] Browser Action [NavigateToURL] successfully performed. With the following test data [https://the-internet.herokuapp.com/]. @30-09-2021 20:53:25.0460 P

################################################################################################################################################
Starting Execution:	[101 out of 144] test cases in the current suite
Test Method:		[testPackage01.Test_NewValidationHelper.f13]
################################################################################################################################################
[ReportManager] Assertion [ValidateElementExists] FAILED. Expected [Element Should not Exist, locator 'By.tagName: div'] and Actual [Element Exists but is not unique]. Comparison Type [EQUALS]. Validation Type [NEGATIVE]. @30-09-2021 20:53:25.0667 PM
[ReportManager] Successfully created attachment [Screenshot - 1633035205609_f13_ValidateElementExists_failed] @30-09-2021 20:53:25.0668 P
[ReportManager] Successfully Closed All Drivers. @30-09-2021 20:53:25.0739 P
[ReportManager] File Action [GetAbsolutePath] successfully performed. With the following test data [Relative Folder Path: "target/downloadedFiles/"]. @30-09-2021 20:53:25.0740 PM
[ReportManager] Attempting to run remotely on: [Linux-64], [GoogleChrome], [http://localhost:4444/wd/hub], Headless Execution. @30-09-2021 20:53:25.0741 PM
[ReportManager] Successfully Opened [GoogleChrome]. @30-09-2021 20:53:25.0951 PM
[ReportManager] Target URL: [https://the-internet.herokuapp.com/] @30-09-2021 20:53:25.0960 PM
[ReportManager] Initial URL: [data:,] @30-09-2021 20:53:25.0997 PM
[ReportManager] Browser Action [NavigateToURL] successfully performed. With the following test data [https://the-internet.herokuapp.com/]. @30-09-2021 20:53:26.0268 P

################################################################################################################################################
Starting Execution:	[102 out of 144] test cases in the current suite
Test Method:		[testPackage01.Test_NewValidationHelper.f14]
################################################################################################################################################
[ReportManager] Element Action [GetText] successfully performed. With the following test data [Welcome to the-internet]. @30-09-2021 20:53:26.0342 PM
[ReportManager] Loaded Shared OpenCV @30-09-2021 20:53:26.0461 PM
[ReportManager] Assertion Passed: Asserting that the header text is correct @30-09-2021 20:53:26.0541 PM
[ReportManager] Successfully created attachment [Screenshot - 1633035206461_f14_ValidateElementAttribute_passed] @30-09-2021 20:53:26.0543 PM
[ReportManager] Assertion [ValidateElementAttribute] PASSED. Expected [Value Should be 'Welcome to the-internet' for the 'text' attribute, element locator 'By.tagName: h1'] and Actual [Welcome to the-internet]. Comparison Type [EQUALS]. Validation Type [POSITIVE]. @30-09-2021 20:53:26.0543 P
[ReportManager] Successfully Closed All Drivers. @30-09-2021 20:53:26.0614 P
[ReportManager] File Action [GetAbsolutePath] successfully performed. With the following test data [Relative Folder Path: "target/downloadedFiles/"]. @30-09-2021 20:53:26.0617 PM
[ReportManager] Attempting to run remotely on: [Linux-64], [GoogleChrome], [http://localhost:4444/wd/hub], Headless Execution. @30-09-2021 20:53:26.0617 PM
[ReportManager] Successfully Opened [GoogleChrome]. @30-09-2021 20:53:26.0777 PM
[ReportManager] Target URL: [https://the-internet.herokuapp.com/] @30-09-2021 20:53:26.0787 PM
[ReportManager] Initial URL: [data:,] @30-09-2021 20:53:26.0821 PM
[ReportManager] Browser Action [NavigateToURL] successfully performed. With the following test data [https://the-internet.herokuapp.com/]. @30-09-2021 20:53:27.0096 P

################################################################################################################################################
Starting Execution:	[103 out of 144] test cases in the current suite
Test Method:		[testPackage01.Test_NewValidationHelper.f15]
################################################################################################################################################
[ReportManager] Element Action [GetText] successfully performed. With the following test data [Welcome to the-internet]. @30-09-2021 20:53:27.0164 PM
[ReportManager] Loaded Shared OpenCV @30-09-2021 20:53:27.0290 PM
[ReportManager] Assertion [ValidateElementAttribute] FAILED. Expected [Value Should not be 'Welcome' for the 'text' attribute, element locator 'By.tagName: h1'] and Actual [Welcome to the-internet]. Comparison Type [CONTAINS]. Validation Type [NEGATIVE]. @30-09-2021 20:53:27.0360 PM
[ReportManager] Successfully created attachment [Screenshot - 1633035207290_f15_ValidateElementAttribute_failed] @30-09-2021 20:53:27.0361 P
[ReportManager] Successfully Closed All Drivers. @30-09-2021 20:53:27.0432 P
[ReportManager] File Action [GetAbsolutePath] successfully performed. With the following test data [Relative Folder Path: "target/downloadedFiles/"]. @30-09-2021 20:53:27.0434 PM
[ReportManager] Attempting to run remotely on: [Linux-64], [GoogleChrome], [http://localhost:4444/wd/hub], Headless Execution. @30-09-2021 20:53:27.0434 PM
[ReportManager] Successfully Opened [GoogleChrome]. @30-09-2021 20:53:27.0604 PM
[ReportManager] Target URL: [https://the-internet.herokuapp.com/] @30-09-2021 20:53:27.0620 PM
[ReportManager] Initial URL: [data:,] @30-09-2021 20:53:27.0656 PM
[ReportManager] Browser Action [NavigateToURL] successfully performed. With the following test data [https://the-internet.herokuapp.com/]. @30-09-2021 20:53:27.0940 P

################################################################################################################################################
Starting Execution:	[104 out of 144] test cases in the current suite
Test Method:		[testPackage01.Test_NewValidationHelper.f16]
################################################################################################################################################
[ReportManager] Element Action [IdentifyUniqueElement] failed. With the following test data [zero elements found matching this locator "By.tagName: h3".]. @30-09-2021 20:53:53.0447 PM
[ReportManager] Successfully created attachment [Screenshot - 1633035233392_f16_IdentifyUniqueElement_failed] @30-09-2021 20:53:53.0448 PM
[ReportManager] Assertion [ValidateElementAttribute] FAILED. Expected [Value Should not be 'Welcome' for the 'text' attribute, element locator 'By.tagName: h3'] and Actual [Failed to read the desired element attribute]. Comparison Type [CONTAINS]. Validation Type [NEGATIVE]. @30-09-2021 20:53:53.0448 P
[ReportManager] Successfully Closed All Drivers. @30-09-2021 20:53:53.0523 P
[ReportManager] File Action [GetAbsolutePath] successfully performed. With the following test data [Relative Folder Path: "target/downloadedFiles/"]. @30-09-2021 20:53:53.0525 PM
[ReportManager] Attempting to run remotely on: [Linux-64], [GoogleChrome], [http://localhost:4444/wd/hub], Headless Execution. @30-09-2021 20:53:53.0525 PM
[ReportManager] Successfully Opened [GoogleChrome]. @30-09-2021 20:53:53.0691 PM
[ReportManager] Target URL: [https://the-internet.herokuapp.com/] @30-09-2021 20:53:53.0700 PM
[ReportManager] Initial URL: [data:,] @30-09-2021 20:53:53.0734 PM
[ReportManager] Browser Action [NavigateToURL] successfully performed. With the following test data [https://the-internet.herokuapp.com/]. @30-09-2021 20:53:54.0034 P

################################################################################################################################################
Starting Execution:	[105 out of 144] test cases in the current suite
Test Method:		[testPackage01.Test_NewValidationHelper.f17]
################################################################################################################################################
[ReportManager] Attempting to getAttribute [text2] from elementLocator [By.tagName: h1]. @30-09-2021 20:53:54.0037 PM
[ReportManager] Element Action [GetAttribute] successfully performed. @30-09-2021 20:53:54.0110 PM
[ReportManager] Loaded Shared OpenCV @30-09-2021 20:53:54.0223 PM
[ReportManager] Assertion [ValidateElementAttribute] PASSED. Expected [Value Should not be 'Welcome' for the 'text2' attribute, element locator 'By.tagName: h1'] and Actual [null]. Comparison Type [CONTAINS]. Validation Type [NEGATIVE]. @30-09-2021 20:53:54.0303 PM
[ReportManager] Successfully created attachment [Screenshot - 1633035234222_f17_ValidateElementAttribute_passed] @30-09-2021 20:53:54.0304 P
[ReportManager] Successfully Closed All Drivers. @30-09-2021 20:53:54.0377 P
[ReportManager] File Action [GetAbsolutePath] successfully performed. With the following test data [Relative Folder Path: "target/downloadedFiles/"]. @30-09-2021 20:53:54.0384 PM
[ReportManager] Attempting to run remotely on: [Linux-64], [GoogleChrome], [http://localhost:4444/wd/hub], Headless Execution. @30-09-2021 20:53:54.0384 PM
[ReportManager] Successfully Opened [GoogleChrome]. @30-09-2021 20:53:54.0546 PM
[ReportManager] Target URL: [https://the-internet.herokuapp.com/] @30-09-2021 20:53:54.0562 PM
[ReportManager] Initial URL: [data:,] @30-09-2021 20:53:54.0597 PM
[ReportManager] Browser Action [NavigateToURL] successfully performed. With the following test data [https://the-internet.herokuapp.com/]. @30-09-2021 20:53:54.0886 P

################################################################################################################################################
Starting Execution:	[106 out of 144] test cases in the current suite
Test Method:		[testPackage01.Test_NewValidationHelper.f18]
################################################################################################################################################
[ReportManager] Element Action [GetText] successfully performed. With the following test data [Welcome to the-internet]. @30-09-2021 20:53:54.0960 PM
[ReportManager] Loaded Shared OpenCV @30-09-2021 20:53:55.0089 PM
[ReportManager] Assertion [ValidateElementAttribute] PASSED. Expected [Value Should not be 'no' for the 'text' attribute, element locator 'By.tagName: h1'] and Actual [Welcome to the-internet]. Comparison Type [CONTAINS]. Validation Type [NEGATIVE]. @30-09-2021 20:53:55.0158 PM
[ReportManager] Successfully created attachment [Screenshot - 1633035235089_f18_ValidateElementAttribute_passed] @30-09-2021 20:53:55.0159 P
[ReportManager] Successfully Closed All Drivers. @30-09-2021 20:53:55.0234 P
[ReportManager] File Action [GetAbsolutePath] successfully performed. With the following test data [Relative Folder Path: "target/downloadedFiles/"]. @30-09-2021 20:53:55.0235 PM
[ReportManager] Attempting to run remotely on: [Linux-64], [GoogleChrome], [http://localhost:4444/wd/hub], Headless Execution. @30-09-2021 20:53:55.0236 PM
[ReportManager] Successfully Opened [GoogleChrome]. @30-09-2021 20:53:55.0442 PM
[ReportManager] Target URL: [https://the-internet.herokuapp.com/] @30-09-2021 20:53:55.0451 PM
[ReportManager] Initial URL: [data:,] @30-09-2021 20:53:55.0484 PM
[ReportManager] Browser Action [NavigateToURL] successfully performed. With the following test data [https://the-internet.herokuapp.com/]. @30-09-2021 20:53:55.0771 P

################################################################################################################################################
Starting Execution:	[107 out of 144] test cases in the current suite
Test Method:		[testPackage01.Test_NewValidationHelper.f19]
################################################################################################################################################
[ReportManager] Element Action [GetTagName] successfully performed. With the following test data [h1]. @30-09-2021 20:53:55.0842 PM
[ReportManager] Loaded Shared OpenCV @30-09-2021 20:53:55.0956 PM
[ReportManager] Assertion [ValidateElementAttribute] PASSED. Expected [Value Should be 'h' for the 'tagname' attribute, element locator 'By.tagName: h1'] and Actual [h1]. Comparison Type [CONTAINS]. Validation Type [POSITIVE]. @30-09-2021 20:53:56.0025 PM
[ReportManager] Successfully created attachment [Screenshot - 1633035235956_f19_ValidateElementAttribute_passed] @30-09-2021 20:53:56.0026 P
[ReportManager] Successfully Closed All Drivers. @30-09-2021 20:53:56.0097 P

################################################################################################################################################
Starting Execution:	[108 out of 144] test cases in the current suite
Test Method:		[testPackage01.Test_NewValidationHelper.f2]
################################################################################################################################################
[ReportManager] Assertion Failed: Checking valid user data @30-09-2021 20:53:56.0099 PM
[ReportManager] Assertion [ValidateEquals] FAILED. Expected [1] and Actual [2]. Comparison Type [EQUALS]. Validation Type [POSITIVE]. @30-09-2021 20:53:56.0099 P
[ReportManager] File Action [GetAbsolutePath] successfully performed. With the following test data [Relative Folder Path: "target/downloadedFiles/"]. @30-09-2021 20:53:56.0101 PM
[ReportManager] Attempting to run remotely on: [Linux-64], [GoogleChrome], [http://localhost:4444/wd/hub], Headless Execution. @30-09-2021 20:53:56.0101 PM
[ReportManager] Successfully Opened [GoogleChrome]. @30-09-2021 20:53:56.0264 PM
[ReportManager] Target URL: [https://the-internet.herokuapp.com/] @30-09-2021 20:53:56.0273 PM
[ReportManager] Initial URL: [data:,] @30-09-2021 20:53:56.0306 PM
[ReportManager] Browser Action [NavigateToURL] successfully performed. With the following test data [https://the-internet.herokuapp.com/]. @30-09-2021 20:53:56.0589 P

################################################################################################################################################
Starting Execution:	[109 out of 144] test cases in the current suite
Test Method:		[testPackage01.Test_NewValidationHelper.f20]
################################################################################################################################################
[ReportManager] Element Action [GetSize] successfully performed. With the following test data [(755, 61)]. @30-09-2021 20:53:56.0657 PM
[ReportManager] Loaded Shared OpenCV @30-09-2021 20:53:56.0790 PM
[ReportManager] Assertion [ValidateElementAttribute] PASSED. Expected [Value Should not be 'a' for the 'size' attribute, element locator 'By.tagName: h1'] and Actual [(755, 61)]. Comparison Type [CONTAINS]. Validation Type [NEGATIVE]. @30-09-2021 20:53:56.0868 PM
[ReportManager] Successfully created attachment [Screenshot - 1633035236789_f20_ValidateElementAttribute_passed] @30-09-2021 20:53:56.0870 P
[ReportManager] Successfully Closed All Drivers. @30-09-2021 20:53:56.0941 P
[ReportManager] File Action [GetAbsolutePath] successfully performed. With the following test data [Relative Folder Path: "target/downloadedFiles/"]. @30-09-2021 20:53:56.0943 PM
[ReportManager] Attempting to run remotely on: [Linux-64], [GoogleChrome], [http://localhost:4444/wd/hub], Headless Execution. @30-09-2021 20:53:56.0943 PM
[ReportManager] Successfully Opened [GoogleChrome]. @30-09-2021 20:53:57.0111 PM
[ReportManager] Target URL: [https://the-internet.herokuapp.com/] @30-09-2021 20:53:57.0120 PM
[ReportManager] Initial URL: [data:,] @30-09-2021 20:53:57.0154 PM
[ReportManager] Browser Action [NavigateToURL] successfully performed. With the following test data [https://the-internet.herokuapp.com/]. @30-09-2021 20:53:57.0431 P

################################################################################################################################################
Starting Execution:	[110 out of 144] test cases in the current suite
Test Method:		[testPackage01.Test_NewValidationHelper.f21]
################################################################################################################################################
[ReportManager] Element Action [IdentifyUniqueElement] failed. With the following test data [zero elements found matching this locator "By.tagName: h3".]. @30-09-2021 20:54:22.0944 PM
[ReportManager] Successfully created attachment [Screenshot - 1633035262889_f21_IdentifyUniqueElement_failed] @30-09-2021 20:54:22.0945 PM
[ReportManager] Assertion [ValidateElementAttribute] FAILED. Expected [Value Should be 'Welcome' for the 'text' attribute, element locator 'By.tagName: h3'] and Actual [Failed to read the desired element attribute]. Comparison Type [CONTAINS]. Validation Type [POSITIVE]. @30-09-2021 20:54:22.0945 P
[ReportManager] Successfully Closed All Drivers. @30-09-2021 20:54:23.0021 P
[ReportManager] File Action [GetAbsolutePath] successfully performed. With the following test data [Relative Folder Path: "target/downloadedFiles/"]. @30-09-2021 20:54:23.0023 PM
[ReportManager] Attempting to run remotely on: [Linux-64], [GoogleChrome], [http://localhost:4444/wd/hub], Headless Execution. @30-09-2021 20:54:23.0023 PM
[ReportManager] Successfully Opened [GoogleChrome]. @30-09-2021 20:54:23.0194 PM
[ReportManager] Target URL: [https://the-internet.herokuapp.com/] @30-09-2021 20:54:23.0203 PM
[ReportManager] Initial URL: [data:,] @30-09-2021 20:54:23.0236 PM
[ReportManager] Browser Action [NavigateToURL] successfully performed. With the following test data [https://the-internet.herokuapp.com/]. @30-09-2021 20:54:23.0503 P

################################################################################################################################################
Starting Execution:	[111 out of 144] test cases in the current suite
Test Method:		[testPackage01.Test_NewValidationHelper.f22]
################################################################################################################################################
[ReportManager] Element Action [GetText] successfully performed. With the following test data [Welcome to the-internet]. @30-09-2021 20:54:23.0574 PM
[ReportManager] Loaded Shared OpenCV @30-09-2021 20:54:23.0688 PM
[ReportManager] Assertion [ValidateElementAttribute] FAILED. Expected [Value Should be 'yyy' for the 'text' attribute, element locator 'By.tagName: h1'] and Actual [Welcome to the-internet]. Comparison Type [CONTAINS]. Validation Type [POSITIVE]. @30-09-2021 20:54:23.0757 PM
[ReportManager] Successfully created attachment [Screenshot - 1633035263688_f22_ValidateElementAttribute_failed] @30-09-2021 20:54:23.0758 P
[ReportManager] Successfully Closed All Drivers. @30-09-2021 20:54:23.0829 P

################################################################################################################################################
Starting Execution:	[112 out of 144] test cases in the current suite
Test Method:		[testPackage01.Test_NewValidationHelper.f23]
################################################################################################################################################
[ReportManager] Assertion Passed: confirming that the actual is greater than or equal to the expected @30-09-2021 20:54:23.0834 PM
[ReportManager] Assertion [ValidateComparativeRelation] PASSED. Expected [1] and Actual [1]. Comparison Type [GREATER_THAN_OR_EQUALS]. Validation Type [POSITIVE]. @30-09-2021 20:54:23.0834 P

################################################################################################################################################
Starting Execution:	[113 out of 144] test cases in the current suite
Test Method:		[testPackage01.Test_NewValidationHelper.f24]
################################################################################################################################################
[ReportManager] Assertion [ValidateComparativeRelation] PASSED. Expected [1] and Actual [10]. Comparison Type [GREATER_THAN_OR_EQUALS]. Validation Type [POSITIVE]. @30-09-2021 20:54:23.0836 P

################################################################################################################################################
Starting Execution:	[114 out of 144] test cases in the current suite
Test Method:		[testPackage01.Test_NewValidationHelper.f25]
################################################################################################################################################
[ReportManager] Assertion [ValidateComparativeRelation] PASSED. Expected [1] and Actual [1]. Comparison Type [EQUALS]. Validation Type [POSITIVE]. @30-09-2021 20:54:23.0839 P

################################################################################################################################################
Starting Execution:	[115 out of 144] test cases in the current suite
Test Method:		[testPackage01.Test_NewValidationHelper.f26]
################################################################################################################################################
[ReportManager] Assertion [ValidateComparativeRelation] PASSED. Expected [1] and Actual [5]. Comparison Type [GREATER_THAN]. Validation Type [POSITIVE]. @30-09-2021 20:54:23.0842 P

################################################################################################################################################
Starting Execution:	[116 out of 144] test cases in the current suite
Test Method:		[testPackage01.Test_NewValidationHelper.f27]
################################################################################################################################################
[ReportManager] Assertion [ValidateComparativeRelation] PASSED. Expected [11] and Actual [5]. Comparison Type [LESS_THAN]. Validation Type [POSITIVE]. @30-09-2021 20:54:23.0851 P

################################################################################################################################################
Starting Execution:	[117 out of 144] test cases in the current suite
Test Method:		[testPackage01.Test_NewValidationHelper.f28]
################################################################################################################################################
[ReportManager] Assertion [ValidateComparativeRelation] PASSED. Expected [11] and Actual [5]. Comparison Type [LESS_THAN_OR_EQUALS]. Validation Type [POSITIVE]. @30-09-2021 20:54:23.0855 P

################################################################################################################################################
Starting Execution:	[118 out of 144] test cases in the current suite
Test Method:		[testPackage01.Test_NewValidationHelper.f29]
################################################################################################################################################
[ReportManager] Assertion [ValidateComparativeRelation] PASSED. Expected [11] and Actual [11]. Comparison Type [LESS_THAN_OR_EQUALS]. Validation Type [POSITIVE]. @30-09-2021 20:54:23.0860 P

################################################################################################################################################
Starting Execution:	[119 out of 144] test cases in the current suite
Test Method:		[testPackage01.Test_NewValidationHelper.f3]
################################################################################################################################################
[ReportManager] Assertion [ValidateEquals] PASSED. Expected [1] and Actual [2]. Comparison Type [EQUALS]. Validation Type [NEGATIVE]. @30-09-2021 20:54:23.0862 P

################################################################################################################################################
Starting Execution:	[120 out of 144] test cases in the current suite
Test Method:		[testPackage01.Test_NewValidationHelper.f30]
################################################################################################################################################
[ReportManager] Assertion [ValidateComparativeRelation] FAILED. Expected [-9] and Actual [11]. Comparison Type [LESS_THAN_OR_EQUALS]. Validation Type [POSITIVE]. @30-09-2021 20:54:23.0864 P

################################################################################################################################################
Starting Execution:	[121 out of 144] test cases in the current suite
Test Method:		[testPackage01.Test_NewValidationHelper.f31]
################################################################################################################################################
[ReportManager] Assertion [ValidateTrue] PASSED. Expected [TRUE] and Actual [TRUE]. Validation Type [POSITIVE]. @30-09-2021 20:54:23.0870 P

################################################################################################################################################
Starting Execution:	[122 out of 144] test cases in the current suite
Test Method:		[testPackage01.Test_NewValidationHelper.f32]
################################################################################################################################################
[ReportManager] Assertion [ValidateTrue] PASSED. Expected [FALSE] and Actual [FALSE]. Validation Type [NEGATIVE]. @30-09-2021 20:54:23.0875 P

################################################################################################################################################
Starting Execution:	[123 out of 144] test cases in the current suite
Test Method:		[testPackage01.Test_NewValidationHelper.f33]
################################################################################################################################################
[ReportManager] Assertion [ValidateTrue] FAILED. Expected [FALSE] and Actual [TRUE]. Validation Type [NEGATIVE]. @30-09-2021 20:54:23.0883 P

################################################################################################################################################
Starting Execution:	[124 out of 144] test cases in the current suite
Test Method:		[testPackage01.Test_NewValidationHelper.f34]
################################################################################################################################################
[ReportManager] Assertion [ValidateTrue] FAILED. Expected [TRUE] and Actual [FALSE]. Validation Type [POSITIVE]. @30-09-2021 20:54:23.0888 P

################################################################################################################################################
Starting Execution:	[125 out of 144] test cases in the current suite
Test Method:		[testPackage01.Test_NewValidationHelper.f35]
################################################################################################################################################
[ReportManager] File Action [DoesFileExist] successfully performed. With the following test data [File Path: "pom.xml"]. @30-09-2021 20:54:23.0892 PM
[ReportManager] Assertion [ValidateFileExists] PASSED. Expected [File 'pom.xml' should exist, after up to '1' retries] and Actual [File exists]. Validation Type [POSITIVE]. @30-09-2021 20:54:23.0893 P

################################################################################################################################################
Starting Execution:	[126 out of 144] test cases in the current suite
Test Method:		[testPackage01.Test_NewValidationHelper.f36]
################################################################################################################################################
[ReportManager] File Action [DoesFileExist] successfully performed. With the following test data [File Path: "src/test/java/testPackage01/Test_NewValidationHelper.java"]. @30-09-2021 20:54:23.0898 PM
[ReportManager] Assertion [ValidateFileExists] PASSED. Expected [File 'src/test/java/testPackage01/Test_NewValidationHelper.java' should exist, after up to '1' retries] and Actual [File exists]. Validation Type [POSITIVE]. @30-09-2021 20:54:23.0898 P

################################################################################################################################################
Starting Execution:	[127 out of 144] test cases in the current suite
Test Method:		[testPackage01.Test_NewValidationHelper.f37]
################################################################################################################################################
[ReportManager] File Action [DoesFileExist] successfully performed. With the following test data [File Path: "pom.xml"]. @30-09-2021 20:54:23.0902 PM
[ReportManager] Assertion Failed: confirming that the file does't exist after 5 retries @30-09-2021 20:54:23.0902 PM
[ReportManager] Assertion [ValidateFileExists] FAILED. Expected [File 'pom.xml' should not exist, after up to '5' retries] and Actual [File exists]. Validation Type [NEGATIVE]. @30-09-2021 20:54:23.0902 P

################################################################################################################################################
Starting Execution:	[128 out of 144] test cases in the current suite
Test Method:		[testPackage01.Test_NewValidationHelper.f3_1]
################################################################################################################################################
[ReportManager] Assertion Passed: Checking valid user data @30-09-2021 20:54:23.0909 PM
[ReportManager] Assertion [ValidateEquals] PASSED. Expected [null] and Actual [null]. Comparison Type [EQUALS]. Validation Type [POSITIVE]. @30-09-2021 20:54:23.0909 P

################################################################################################################################################
Starting Execution:	[129 out of 144] test cases in the current suite
Test Method:		[testPackage01.Test_NewValidationHelper.f4]
################################################################################################################################################
[ReportManager] Assertion [ValidateEquals] PASSED. Expected [1] and Actual [123]. Comparison Type [CONTAINS]. Validation Type [POSITIVE]. @30-09-2021 20:54:23.0913 P

################################################################################################################################################
Starting Execution:	[130 out of 144] test cases in the current suite
Test Method:		[testPackage01.Test_NewValidationHelper.f5]
################################################################################################################################################
[ReportManager] Assertion [ValidateNull] PASSED. Expected [NULL] and Actual [1]. Comparison Type [EQUALS]. Validation Type [NEGATIVE]. @30-09-2021 20:54:23.0916 P

################################################################################################################################################
Starting Execution:	[131 out of 144] test cases in the current suite
Test Method:		[testPackage01.Test_NewValidationHelper.f6]
################################################################################################################################################
[ReportManager] Assertion Failed: Making sure that null string is not equal to null object @30-09-2021 20:54:23.0919 PM
[ReportManager] Assertion [ValidateNull] FAILED. Expected [NULL] and Actual [NULL]. Comparison Type [EQUALS]. Validation Type [POSITIVE]. @30-09-2021 20:54:23.0919 P

################################################################################################################################################
Starting Execution:	[132 out of 144] test cases in the current suite
Test Method:		[testPackage01.Test_NewValidationHelper.f6_1]
################################################################################################################################################
[ReportManager] Assertion [ValidateNull] FAILED. Expected [NULL] and Actual [NULL]. Comparison Type [EQUALS]. Validation Type [NEGATIVE]. @30-09-2021 20:54:23.0930 P

################################################################################################################################################
Starting Execution:	[133 out of 144] test cases in the current suite
Test Method:		[testPackage01.Test_NewValidationHelper.f6_2]
################################################################################################################################################
[ReportManager] Assertion Failed: Making sure that null string is not equal to null object @30-09-2021 20:54:23.0933 PM
[ReportManager] Assertion [ValidateNull] FAILED. Expected [NULL] and Actual [not null]. Comparison Type [EQUALS]. Validation Type [POSITIVE]. @30-09-2021 20:54:23.0933 P

################################################################################################################################################
Starting Execution:	[134 out of 144] test cases in the current suite
Test Method:		[testPackage01.Test_NewValidationHelper.f7]
################################################################################################################################################
[ReportManager] Assertion [ValidateNull] PASSED. Expected [NULL] and Actual [NULL]. Comparison Type [EQUALS]. Validation Type [POSITIVE]. @30-09-2021 20:54:23.0937 P
[ReportManager] File Action [GetAbsolutePath] successfully performed. With the following test data [Relative Folder Path: "target/downloadedFiles/"]. @30-09-2021 20:54:23.0940 PM
[ReportManager] Attempting to run remotely on: [Linux-64], [GoogleChrome], [http://localhost:4444/wd/hub], Headless Execution. @30-09-2021 20:54:23.0945 PM
[ReportManager] Successfully Opened [GoogleChrome]. @30-09-2021 20:54:24.0112 PM
[ReportManager] Target URL: [https://the-internet.herokuapp.com/] @30-09-2021 20:54:24.0122 PM
[ReportManager] Initial URL: [data:,] @30-09-2021 20:54:24.0165 PM
[ReportManager] Browser Action [NavigateToURL] successfully performed. With the following test data [https://the-internet.herokuapp.com/]. @30-09-2021 20:54:24.0448 P

################################################################################################################################################
Starting Execution:	[135 out of 144] test cases in the current suite
Test Method:		[testPackage01.Test_NewValidationHelper.f8]
################################################################################################################################################
[ReportManager] Loaded Shared OpenCV @30-09-2021 20:54:24.0622 PM
[ReportManager] Assertion [ValidateElementExists] PASSED. Expected [Element Should Exist, locator 'By.tagName: h1'] and Actual [Element Exists]. Comparison Type [EQUALS]. Validation Type [POSITIVE]. @30-09-2021 20:54:24.0694 PM
[ReportManager] Successfully created attachment [Screenshot - 1633035264622_f8_ValidateElementExists_passed] @30-09-2021 20:54:24.0695 P
[ReportManager] Successfully Closed All Drivers. @30-09-2021 20:54:24.0767 P
[ReportManager] File Action [GetAbsolutePath] successfully performed. With the following test data [Relative Folder Path: "target/downloadedFiles/"]. @30-09-2021 20:54:24.0768 PM
[ReportManager] Attempting to run remotely on: [Linux-64], [GoogleChrome], [http://localhost:4444/wd/hub], Headless Execution. @30-09-2021 20:54:24.0768 PM
[ReportManager] Successfully Opened [GoogleChrome]. @30-09-2021 20:54:24.0936 PM
[ReportManager] Target URL: [https://the-internet.herokuapp.com/] @30-09-2021 20:54:24.0947 PM
[ReportManager] Initial URL: [data:,] @30-09-2021 20:54:24.0988 PM
[ReportManager] Browser Action [NavigateToURL] successfully performed. With the following test data [https://the-internet.herokuapp.com/]. @30-09-2021 20:54:25.0255 P

################################################################################################################################################
Starting Execution:	[136 out of 144] test cases in the current suite
Test Method:		[testPackage01.Test_NewValidationHelper.f9]
################################################################################################################################################
[ReportManager] Assertion [ValidateElementExists] FAILED. Expected [Element Should Exist, locator 'By.tagName: h3'] and Actual [Element Doesn't Exists]. Comparison Type [EQUALS]. Validation Type [POSITIVE]. @30-09-2021 20:54:55.0870 PM
[ReportManager] Successfully created attachment [Screenshot - 1633035295804_f9_ValidateElementExists_failed] @30-09-2021 20:54:55.0870 P
[ReportManager] Successfully Closed All Drivers. @30-09-2021 20:54:55.0942 P

################################################################################################################################################
Starting Execution:	[137 out of 144] test cases in the current suite
Test Method:		[testPackage01.Test_NewValidationHelper.forceFail]
################################################################################################################################################
[ReportManager] Assertion [ValidateFail] FAILED. Successfully force failed the test. @30-09-2021 20:54:55.0945 P

################################################################################################################################################
Starting Execution:	[138 out of 144] test cases in the current suite
Test Method:		[testPackage01.Test_NewValidationHelper.forceFail2]
################################################################################################################################################
[ReportManager] Assertion Failed: Custom Message @30-09-2021 20:54:55.0947 PM
[ReportManager] Assertion [ValidateFail] FAILED. Successfully force failed the test. @30-09-2021 20:54:55.0947 P

################################################################################################################################################
Starting Execution:	[139 out of 144] test cases in the current suite
Test Method:		[testPackage01.Test_sendGraphqlRequest.sendGraphqlRequestUsingMutationAndVariables]
################################################################################################################################################
[ReportManager] GraphQl Request is being Performed with the Following Parameters [Service URL: https://api.spacex.land/graphql | Request Body: {"variables":"{\"name\": \"sherlock holmes\",\"rocket\": \"221B Baker Street\"}","query":"mutation ($name: String, $rocket: String) {\n  insert_users(objects: {name: $name, rocket: $rocket}) {\n    returning {\n      name\n      rocket\n    }\n  }\n}"}] @30-09-2021 20:54:55.0949 PM
[ReportManager] Response status code: [200], status line: [HTTP/1.1 200 OK] @30-09-2021 20:54:56.0145 PM
[ReportManager] Assertion Passed: Evaluating the actual response status code against the expected one... @30-09-2021 20:54:56.0146 PM
[ReportManager] Assertion [ValidateEquals] PASSED. Expected [200] and Actual [200]. Comparison Type [EQUALS]. Validation Type [POSITIVE]. @30-09-2021 20:54:56.0146 PM
[ReportManager] API Action [PerformRequest] successfully performed. With the following test data [Request Type: "POST" | Target Status Code: "200" | Service URL: "https://api.spacex.land/graphql" | Content Type: "application/json" | Response Time: "136ms"]. @30-09-2021 20:54:56.0155 PM
[ReportManager] Successfully created attachment [API Request - Specifications] @30-09-2021 20:54:56.0156 PM
[ReportManager] Successfully created attachment [API Request - JSON Body] @30-09-2021 20:54:56.0156 PM
[ReportManager] Successfully created attachment [API Response - JSON Body] @30-09-2021 20:54:56.0156 PM
[ReportManager] API Action [GetResponseJSONValue] successfully performed. With the following test data [data.insert_users.returning[0].name]. @30-09-2021 20:54:56.0188 PM
[ReportManager] Assertion [ValidateEquals] PASSED. Expected [sherlock holmes] and Actual [sherlock holmes]. Comparison Type [EQUALS]. Validation Type [POSITIVE]. @30-09-2021 20:54:56.0188 P

################################################################################################################################################
Starting Execution:	[140 out of 144] test cases in the current suite
Test Method:		[testPackage01.Test_sendGraphqlRequest.sendGraphqlRequestUsingQuery]
################################################################################################################################################
[ReportManager] GraphQl Request is being Performed with the Following Parameters [Service URL: https://api.spacex.land/graphql | Request Body: {"query":"{company {ceo}}"}] @30-09-2021 20:54:56.0194 PM
[ReportManager] Response status code: [200], status line: [HTTP/1.1 200 OK] @30-09-2021 20:54:56.0284 PM
[ReportManager] Assertion Passed: Evaluating the actual response status code against the expected one... @30-09-2021 20:54:56.0284 PM
[ReportManager] Assertion [ValidateEquals] PASSED. Expected [200] and Actual [200]. Comparison Type [EQUALS]. Validation Type [POSITIVE]. @30-09-2021 20:54:56.0284 PM
[ReportManager] API Action [PerformRequest] successfully performed. With the following test data [Request Type: "POST" | Target Status Code: "200" | Service URL: "https://api.spacex.land/graphql" | Content Type: "application/json" | Response Time: "86ms"]. @30-09-2021 20:54:56.0294 PM
[ReportManager] Successfully created attachment [API Request - Specifications] @30-09-2021 20:54:56.0294 PM
[ReportManager] Successfully created attachment [API Request - JSON Body] @30-09-2021 20:54:56.0294 PM
[ReportManager] Successfully created attachment [API Response - JSON Body] @30-09-2021 20:54:56.0295 PM
[ReportManager] API Action [GetResponseJSONValue] successfully performed. With the following test data [data.company.ceo]. @30-09-2021 20:54:56.0304 PM
[ReportManager] Assertion [ValidateEquals] PASSED. Expected [Elon Musk] and Actual [Elon Musk]. Comparison Type [EQUALS]. Validation Type [POSITIVE]. @30-09-2021 20:54:56.0304 P

################################################################################################################################################
Starting Execution:	[141 out of 144] test cases in the current suite
Test Method:		[testPackage01.Test_chainableElementActions.chainElementActions]
################################################################################################################################################
[ReportManager] File Action [GetAbsolutePath] successfully performed. With the following test data [Relative Folder Path: "target/downloadedFiles/"]. @30-09-2021 20:54:56.0310 PM
[ReportManager] Attempting to run remotely on: [Linux-64], [GoogleChrome], [http://localhost:4444/wd/hub], Headless Execution. @30-09-2021 20:54:56.0310 PM
[ReportManager] Successfully Opened [GoogleChrome]. @30-09-2021 20:54:56.0475 PM
[ReportManager] Target URL: [https://www.google.com/ncr], and after redirection: [https://www.google.com] @30-09-2021 20:54:56.0484 PM
[ReportManager] Initial URL: [data:,] @30-09-2021 20:54:56.0523 PM
[ReportManager] Browser Action [NavigateToURL] successfully performed. With the following test data [https://www.google.com/ncr]. @30-09-2021 20:54:57.0204 PM
[ReportManager] Element Action [Type] successfully performed. With the following test data [chained type 1]. @30-09-2021 20:54:57.0480 PM
[ReportManager] Element Action [Type] successfully performed. With the following test data [chained type 2]. @30-09-2021 20:54:57.0740 PM
[ReportManager] Element Action [TypeAppend] successfully performed. With the following test data [345]. @30-09-2021 20:54:57.0820 PM
[ReportManager] Element Action [GetText] successfully performed. With the following test data [chained type 2345]. @30-09-2021 20:54:57.0909 PM
[ReportManager] Loaded Shared OpenCV @30-09-2021 20:54:58.0011 PM
[ReportManager] Assertion [ValidateElementAttribute] PASSED. Expected [Value Should be 'chained type 2345' for the 'text' attribute, element locator 'By.name: q'] and Actual [chained type 2345]. Comparison Type [EQUALS]. Validation Type [POSITIVE]. @30-09-2021 20:54:58.0075 PM
[ReportManager] Successfully created attachment [Screenshot - 1633035298011_chainElementActions_ValidateElementAttribute_passed] @30-09-2021 20:54:58.0075 PM
[ReportManager] Browser Action [CloseCurrentWindow] successfully performed. @30-09-2021 20:54:58.0188 PM
[ReportManager] Successfully created attachment [Browser Action Test Data - CloseCurrentWindow - Actual Value] @30-09-2021 20:54:58.0190 P

################################################################################################################################################
Starting Execution:	[142 out of 144] test cases in the current suite
Test Method:		[testPackage01.Test_SkipDueToIssue.doNotSkip]
################################################################################################################################################
[ReportManager] This should not be skipped. @30-09-2021 20:54:58.0200 P

################################################################################################################################################
Starting Execution:	[143 out of 144] test cases in the current suite
Test Method:		[testPackage01.Test_SkipDueToIssue.skip]
################################################################################################################################################
[ReportManager] This should be skipped. @30-09-2021 20:54:58.0212 P

################################################################################################################################################
Starting Execution:	[144 out of 144] test cases in the current suite
Test Method:		[testPackage01.Test_SkipDueToIssue.skip2]
################################################################################################################################################
[ReportManager] This should be skipped. @30-09-2021 20:54:58.0219 P

################################################################################################################################################
Test Closure Activities
################################################################################################################################################
[ReportManager] Successfully created attachment [SHAFT Engine Logs - Execution log] @30-09-2021 20:54:58.0250 PM

################################################################################################################################################
This test run was powered by SHAFT Engine Version: [SHAFT Engine v5.3.20210902]
SHAFT Engine is licensed under the MIT License: [https://github.com/MohabMohie/SHAFT_ENGINE/blob/master/LICENSE].
################################################################################################################################################