################################################################################################################################################
Detected SHAFT Engine Version: [SHAFT Engine v5.4.20211025-BETA]
################################################################################################################################################

################################################################################################################################################
Starting Execution:	[1 out of 143] test cases in the current suite
Test Method:		[unitTests.tests_validations_assertions.assertComparativeRelation_greaterThanOrEquals_false_equals_expectedToFail]
################################################################################################################################################
[ReportManager] Assertion [ValidateComparativeRelation] FAILED. Expected [1] and Actual [1]. Comparison Type [GREATER_THAN_OR_EQUALS]. Validation Type [NEGATIVE]. @25-10-2021 10:20:51.0067 A

################################################################################################################################################
Starting Execution:	[2 out of 143] test cases in the current suite
Test Method:		[unitTests.tests_validations_assertions.assertComparativeRelation_greaterThanOrEquals_false_equals_expectedToPass]
################################################################################################################################################
[ReportManager] Assertion [ValidateComparativeRelation] PASSED. Expected [2] and Actual [1]. Comparison Type [GREATER_THAN_OR_EQUALS]. Validation Type [NEGATIVE]. @25-10-2021 10:20:51.0208 A

################################################################################################################################################
Starting Execution:	[3 out of 143] test cases in the current suite
Test Method:		[unitTests.tests_validations_assertions.assertComparativeRelation_greaterThanOrEquals_false_greaterThan_expectedToFail]
################################################################################################################################################
[ReportManager] Assertion [ValidateComparativeRelation] FAILED. Expected [1] and Actual [2]. Comparison Type [GREATER_THAN_OR_EQUALS]. Validation Type [NEGATIVE]. @25-10-2021 10:20:51.0222 A

################################################################################################################################################
Starting Execution:	[4 out of 143] test cases in the current suite
Test Method:		[unitTests.tests_validations_assertions.assertComparativeRelation_greaterThanOrEquals_false_greaterThan_expectedToPass]
################################################################################################################################################
[ReportManager] Assertion [ValidateComparativeRelation] PASSED. Expected [2] and Actual [1]. Comparison Type [GREATER_THAN_OR_EQUALS]. Validation Type [NEGATIVE]. @25-10-2021 10:20:51.0241 A

################################################################################################################################################
Starting Execution:	[5 out of 143] test cases in the current suite
Test Method:		[unitTests.tests_validations_assertions.assertComparativeRelation_greaterThanOrEquals_true_equals_expectedToFail]
################################################################################################################################################
[ReportManager] Assertion [ValidateComparativeRelation] FAILED. Expected [1] and Actual [0]. Comparison Type [GREATER_THAN_OR_EQUALS]. Validation Type [POSITIVE]. @25-10-2021 10:20:51.0256 A

################################################################################################################################################
Starting Execution:	[6 out of 143] test cases in the current suite
Test Method:		[unitTests.tests_validations_assertions.assertComparativeRelation_greaterThanOrEquals_true_equals_expectedToPass]
################################################################################################################################################
[ReportManager] Assertion [ValidateComparativeRelation] PASSED. Expected [1] and Actual [1]. Comparison Type [GREATER_THAN_OR_EQUALS]. Validation Type [POSITIVE]. @25-10-2021 10:20:51.0262 A

################################################################################################################################################
Starting Execution:	[7 out of 143] test cases in the current suite
Test Method:		[unitTests.tests_validations_assertions.assertComparativeRelation_greaterThanOrEquals_true_greaterThan_expectedToFail]
################################################################################################################################################
[ReportManager] Assertion [ValidateComparativeRelation] FAILED. Expected [2] and Actual [1]. Comparison Type [GREATER_THAN_OR_EQUALS]. Validation Type [POSITIVE]. @25-10-2021 10:20:51.0268 A

################################################################################################################################################
Starting Execution:	[8 out of 143] test cases in the current suite
Test Method:		[unitTests.tests_validations_assertions.assertComparativeRelation_greaterThanOrEquals_true_greaterThan_expectedToPass]
################################################################################################################################################
[ReportManager] Assertion [ValidateComparativeRelation] PASSED. Expected [1] and Actual [2]. Comparison Type [GREATER_THAN_OR_EQUALS]. Validation Type [POSITIVE]. @25-10-2021 10:20:51.0274 A
[ReportManager] File Action [GetAbsolutePath] successfully performed. With the following test data [Relative Folder Path: "target/downloadedFiles/"]. @25-10-2021 10:20:51.0288 AM
[ReportManager] Attempting to run remotely on: [Linux-64], [GoogleChrome], [http://localhost:4444/wd/hub], Headless Execution. @25-10-2021 10:20:51.0345 AM
[ReportManager] Successfully Opened [GoogleChrome]. @25-10-2021 10:20:59.0011 AM
[ReportManager] Target URL: [https://www.google.com/ncr], and after redirection: [www.google.com] @25-10-2021 10:20:59.0019 AM
[ReportManager] Initial URL: [data:,] @25-10-2021 10:20:59.0322 AM
[ReportManager] Browser Action [NavigateToURL] successfully performed. With the following test data [https://www.google.com/ncr]. @25-10-2021 10:21:00.0836 A

################################################################################################################################################
Starting Execution:	[9 out of 143] test cases in the current suite
Test Method:		[unitTests.tests_validations_assertions.assertElementAttribute_false_caseInsensitiveComparison_expectedToFail]
################################################################################################################################################
[ReportManager] Element Action [Type] successfully performed. With the following test data [AUTOMATION]. @25-10-2021 10:21:01.0718 AM
[ReportManager] Element Action [GetText] successfully performed. With the following test data [AUTOMATION]. @25-10-2021 10:21:02.0011 AM
[ReportManager] Loaded Shared OpenCV @25-10-2021 10:21:02.0883 AM
[ReportManager] Assertion [ValidateElementAttribute] FAILED. Expected [Value Should not be 'AutomaTion' for the 'text' attribute, element locator 'By.name: q'] and Actual [AUTOMATION]. Comparison Type [CASE_INSENSITIVE]. Validation Type [NEGATIVE]. @25-10-2021 10:21:03.0517 AM
[ReportManager] Successfully created attachment [Screenshot - 1635157262345_assertElementAttribute_false_caseInsensitiveComparison_expectedToFail_ValidateElementAttribute_failed] @25-10-2021 10:21:03.0544 A
[ReportManager] Browser Action [CloseCurrentWindow] successfully performed. @25-10-2021 10:21:03.0775 AM
[ReportManager] Successfully created attachment [Browser Action Test Data - CloseCurrentWindow - Actual Value] @25-10-2021 10:21:03.0783 A
[ReportManager] File Action [GetAbsolutePath] successfully performed. With the following test data [Relative Folder Path: "target/downloadedFiles/"]. @25-10-2021 10:21:03.0798 AM
[ReportManager] Attempting to run remotely on: [Linux-64], [GoogleChrome], [http://localhost:4444/wd/hub], Headless Execution. @25-10-2021 10:21:03.0799 AM
[ReportManager] Successfully Opened [GoogleChrome]. @25-10-2021 10:21:08.0135 AM
[ReportManager] Target URL: [https://www.google.com/ncr], and after redirection: [www.google.com] @25-10-2021 10:21:08.0137 AM
[ReportManager] Initial URL: [data:,] @25-10-2021 10:21:08.0312 AM
[ReportManager] Browser Action [NavigateToURL] successfully performed. With the following test data [https://www.google.com/ncr]. @25-10-2021 10:21:09.0411 A

################################################################################################################################################
Starting Execution:	[10 out of 143] test cases in the current suite
Test Method:		[unitTests.tests_validations_assertions.assertElementAttribute_false_caseInsensitiveComparison_expectedToPass]
################################################################################################################################################
[ReportManager] Element Action [Type] successfully performed. With the following test data [AUTOMATION]. @25-10-2021 10:21:10.0191 AM
[ReportManager] Element Action [GetText] successfully performed. With the following test data [AUTOMATION]. @25-10-2021 10:21:10.0483 AM
[ReportManager] Loaded Shared OpenCV @25-10-2021 10:21:10.0718 AM
[ReportManager] Assertion [ValidateElementAttribute] PASSED. Expected [Value Should not be 'AutomaTion123' for the 'text' attribute, element locator 'By.name: q'] and Actual [AUTOMATION]. Comparison Type [CASE_INSENSITIVE]. Validation Type [NEGATIVE]. @25-10-2021 10:21:10.0921 AM
[ReportManager] Successfully created attachment [Screenshot - 1635157270718_assertElementAttribute_false_caseInsensitiveComparison_expectedToPass_ValidateElementAttribute_passed] @25-10-2021 10:21:10.0927 A
[ReportManager] Browser Action [CloseCurrentWindow] successfully performed. @25-10-2021 10:21:11.0154 AM
[ReportManager] Successfully created attachment [Browser Action Test Data - CloseCurrentWindow - Actual Value] @25-10-2021 10:21:11.0156 A
[ReportManager] File Action [GetAbsolutePath] successfully performed. With the following test data [Relative Folder Path: "target/downloadedFiles/"]. @25-10-2021 10:21:11.0163 AM
[ReportManager] Attempting to run remotely on: [Linux-64], [GoogleChrome], [http://localhost:4444/wd/hub], Headless Execution. @25-10-2021 10:21:11.0164 AM
[ReportManager] Successfully Opened [GoogleChrome]. @25-10-2021 10:21:13.0145 AM
[ReportManager] Target URL: [https://www.google.com/ncr], and after redirection: [www.google.com] @25-10-2021 10:21:13.0145 AM
[ReportManager] Initial URL: [data:,] @25-10-2021 10:21:13.0327 AM
[ReportManager] Browser Action [NavigateToURL] successfully performed. With the following test data [https://www.google.com/ncr]. @25-10-2021 10:21:14.0350 A

################################################################################################################################################
Starting Execution:	[11 out of 143] test cases in the current suite
Test Method:		[unitTests.tests_validations_assertions.assertElementAttribute_false_containsComparison_expectedToFail]
################################################################################################################################################
[ReportManager] Element Action [Type] successfully performed. With the following test data [Automation123]. @25-10-2021 10:21:15.0179 AM
[ReportManager] Element Action [GetText] successfully performed. With the following test data [Automation123]. @25-10-2021 10:21:15.0507 AM
[ReportManager] Loaded Shared OpenCV @25-10-2021 10:21:15.0741 AM
[ReportManager] Assertion [ValidateElementAttribute] FAILED. Expected [Value Should not be 'Automation' for the 'text' attribute, element locator 'By.name: q'] and Actual [Automation123]. Comparison Type [CONTAINS]. Validation Type [NEGATIVE]. @25-10-2021 10:21:15.0864 AM
[ReportManager] Successfully created attachment [Screenshot - 1635157275741_assertElementAttribute_false_containsComparison_expectedToFail_ValidateElementAttribute_failed] @25-10-2021 10:21:15.0866 A
[ReportManager] Browser Action [CloseCurrentWindow] successfully performed. @25-10-2021 10:21:16.0078 AM
[ReportManager] Successfully created attachment [Browser Action Test Data - CloseCurrentWindow - Actual Value] @25-10-2021 10:21:16.0079 A
[ReportManager] File Action [GetAbsolutePath] successfully performed. With the following test data [Relative Folder Path: "target/downloadedFiles/"]. @25-10-2021 10:21:16.0086 AM
[ReportManager] Attempting to run remotely on: [Linux-64], [GoogleChrome], [http://localhost:4444/wd/hub], Headless Execution. @25-10-2021 10:21:16.0087 AM
[ReportManager] Successfully Opened [GoogleChrome]. @25-10-2021 10:21:18.0125 AM
[ReportManager] Target URL: [https://www.google.com/ncr], and after redirection: [www.google.com] @25-10-2021 10:21:18.0125 AM
[ReportManager] Initial URL: [data:,] @25-10-2021 10:21:18.0233 AM
[ReportManager] Browser Action [NavigateToURL] successfully performed. With the following test data [https://www.google.com/ncr]. @25-10-2021 10:21:19.0245 A

################################################################################################################################################
Starting Execution:	[12 out of 143] test cases in the current suite
Test Method:		[unitTests.tests_validations_assertions.assertElementAttribute_false_containsComparison_expectedToPass]
################################################################################################################################################
[ReportManager] Element Action [Type] successfully performed. With the following test data [Automation123]. @25-10-2021 10:21:20.0048 AM
[ReportManager] Element Action [GetText] successfully performed. With the following test data [Automation123]. @25-10-2021 10:21:20.0337 AM
[ReportManager] Loaded Shared OpenCV @25-10-2021 10:21:20.0561 AM
[ReportManager] Assertion [ValidateElementAttribute] PASSED. Expected [Value Should not be 'Automation1234' for the 'text' attribute, element locator 'By.name: q'] and Actual [Automation123]. Comparison Type [CONTAINS]. Validation Type [NEGATIVE]. @25-10-2021 10:21:20.0663 AM
[ReportManager] Successfully created attachment [Screenshot - 1635157280561_assertElementAttribute_false_containsComparison_expectedToPass_ValidateElementAttribute_passed] @25-10-2021 10:21:20.0664 A
[ReportManager] Browser Action [CloseCurrentWindow] successfully performed. @25-10-2021 10:21:20.0920 AM
[ReportManager] Successfully created attachment [Browser Action Test Data - CloseCurrentWindow - Actual Value] @25-10-2021 10:21:20.0922 A
[ReportManager] File Action [GetAbsolutePath] successfully performed. With the following test data [Relative Folder Path: "target/downloadedFiles/"]. @25-10-2021 10:21:20.0926 AM
[ReportManager] Attempting to run remotely on: [Linux-64], [GoogleChrome], [http://localhost:4444/wd/hub], Headless Execution. @25-10-2021 10:21:20.0926 AM
[ReportManager] Successfully Opened [GoogleChrome]. @25-10-2021 10:21:23.0060 AM
[ReportManager] Target URL: [https://www.google.com/ncr], and after redirection: [www.google.com] @25-10-2021 10:21:23.0063 AM
[ReportManager] Initial URL: [data:,] @25-10-2021 10:21:23.0174 AM
[ReportManager] Browser Action [NavigateToURL] successfully performed. With the following test data [https://www.google.com/ncr]. @25-10-2021 10:21:24.0061 A

################################################################################################################################################
Starting Execution:	[13 out of 143] test cases in the current suite
Test Method:		[unitTests.tests_validations_assertions.assertElementAttribute_false_literalComparison_expectedToFail]
################################################################################################################################################
[ReportManager] Element Action [Type] successfully performed. With the following test data [Automation!@#$%^&*()_+{}[]\';/.,]. @25-10-2021 10:21:24.0828 AM
[ReportManager] Element Action [GetText] successfully performed. With the following test data [Automation!@#$%^&*()_+{}[]\';/.,]. @25-10-2021 10:21:25.0112 AM
[ReportManager] Loaded Shared OpenCV @25-10-2021 10:21:25.0315 AM
[ReportManager] Assertion [ValidateElementAttribute] PASSED. Expected [Value Should not be 'Automation!@#$%^&*()_+{}[]\\';/.,' for the 'text' attribute, element locator 'By.name: q'] and Actual [Automation!@#$%^&*()_+{}[]\';/.,]. Comparison Type [EQUALS]. Validation Type [NEGATIVE]. @25-10-2021 10:21:25.0442 AM
[ReportManager] Successfully created attachment [Screenshot - 1635157285315_assertElementAttribute_false_literalComparison_expectedToFail_ValidateElementAttribute_passed] @25-10-2021 10:21:25.0443 A
[ReportManager] Browser Action [CloseCurrentWindow] successfully performed. @25-10-2021 10:21:25.0652 AM
[ReportManager] Successfully created attachment [Browser Action Test Data - CloseCurrentWindow - Actual Value] @25-10-2021 10:21:25.0653 A
[ReportManager] File Action [GetAbsolutePath] successfully performed. With the following test data [Relative Folder Path: "target/downloadedFiles/"]. @25-10-2021 10:21:25.0658 AM
[ReportManager] Attempting to run remotely on: [Linux-64], [GoogleChrome], [http://localhost:4444/wd/hub], Headless Execution. @25-10-2021 10:21:25.0658 AM
[ReportManager] Successfully Opened [GoogleChrome]. @25-10-2021 10:21:28.0066 AM
[ReportManager] Target URL: [https://www.google.com/ncr], and after redirection: [www.google.com] @25-10-2021 10:21:28.0067 AM
[ReportManager] Initial URL: [data:,] @25-10-2021 10:21:28.0189 AM
[ReportManager] Browser Action [NavigateToURL] successfully performed. With the following test data [https://www.google.com/ncr]. @25-10-2021 10:21:29.0147 A

################################################################################################################################################
Starting Execution:	[14 out of 143] test cases in the current suite
Test Method:		[unitTests.tests_validations_assertions.assertElementAttribute_false_literalComparison_expectedToPass]
################################################################################################################################################
[ReportManager] Element Action [Type] successfully performed. With the following test data [Automation!@#$%^&*()_+{}[]\';/.,]. @25-10-2021 10:21:29.0916 AM
[ReportManager] Element Action [GetText] successfully performed. With the following test data [Automation!@#$%^&*()_+{}[]\';/.,]. @25-10-2021 10:21:30.0182 AM
[ReportManager] Loaded Shared OpenCV @25-10-2021 10:21:30.0427 AM
[ReportManager] Assertion [ValidateElementAttribute] PASSED. Expected [Value Should not be 'Automation' for the 'text' attribute, element locator 'By.name: q'] and Actual [Automation!@#$%^&*()_+{}[]\';/.,]. Comparison Type [EQUALS]. Validation Type [NEGATIVE]. @25-10-2021 10:21:30.0590 AM
[ReportManager] Successfully created attachment [Screenshot - 1635157290426_assertElementAttribute_false_literalComparison_expectedToPass_ValidateElementAttribute_passed] @25-10-2021 10:21:30.0592 A
[ReportManager] Browser Action [CloseCurrentWindow] successfully performed. @25-10-2021 10:21:30.0758 AM
[ReportManager] Successfully created attachment [Browser Action Test Data - CloseCurrentWindow - Actual Value] @25-10-2021 10:21:30.0758 A
[ReportManager] File Action [GetAbsolutePath] successfully performed. With the following test data [Relative Folder Path: "target/downloadedFiles/"]. @25-10-2021 10:21:30.0764 AM
[ReportManager] Attempting to run remotely on: [Linux-64], [GoogleChrome], [http://localhost:4444/wd/hub], Headless Execution. @25-10-2021 10:21:30.0766 AM
[ReportManager] Successfully Opened [GoogleChrome]. @25-10-2021 10:21:33.0076 AM
[ReportManager] Target URL: [https://www.google.com/ncr], and after redirection: [www.google.com] @25-10-2021 10:21:33.0077 AM
[ReportManager] Initial URL: [data:,] @25-10-2021 10:21:33.0182 AM
[ReportManager] Browser Action [NavigateToURL] successfully performed. With the following test data [https://www.google.com/ncr]. @25-10-2021 10:21:34.0049 A

################################################################################################################################################
Starting Execution:	[15 out of 143] test cases in the current suite
Test Method:		[unitTests.tests_validations_assertions.assertElementAttribute_false_regexComparison_expectedToFail]
################################################################################################################################################
[ReportManager] Element Action [Type] successfully performed. With the following test data [Automation123]. @25-10-2021 10:21:34.0660 AM
[ReportManager] Element Action [GetText] successfully performed. With the following test data [Automation123]. @25-10-2021 10:21:34.0890 AM
[ReportManager] Loaded Shared OpenCV @25-10-2021 10:21:35.0117 AM
[ReportManager] Assertion [ValidateElementAttribute] FAILED. Expected [Value Should not be 'Automation.*' for the 'text' attribute, element locator 'By.name: q'] and Actual [Automation123]. Comparison Type [MATCHES]. Validation Type [NEGATIVE]. @25-10-2021 10:21:35.0249 AM
[ReportManager] Successfully created attachment [Screenshot - 1635157295117_assertElementAttribute_false_regexComparison_expectedToFail_ValidateElementAttribute_failed] @25-10-2021 10:21:35.0251 A
[ReportManager] Browser Action [CloseCurrentWindow] successfully performed. @25-10-2021 10:21:35.0471 AM
[ReportManager] Successfully created attachment [Browser Action Test Data - CloseCurrentWindow - Actual Value] @25-10-2021 10:21:35.0472 A
[ReportManager] File Action [GetAbsolutePath] successfully performed. With the following test data [Relative Folder Path: "target/downloadedFiles/"]. @25-10-2021 10:21:35.0475 AM
[ReportManager] Attempting to run remotely on: [Linux-64], [GoogleChrome], [http://localhost:4444/wd/hub], Headless Execution. @25-10-2021 10:21:35.0475 AM
[ReportManager] Successfully Opened [GoogleChrome]. @25-10-2021 10:21:38.0068 AM
[ReportManager] Target URL: [https://www.google.com/ncr], and after redirection: [www.google.com] @25-10-2021 10:21:38.0068 AM
[ReportManager] Initial URL: [data:,] @25-10-2021 10:21:38.0173 AM
[ReportManager] Browser Action [NavigateToURL] successfully performed. With the following test data [https://www.google.com/ncr]. @25-10-2021 10:21:39.0026 A

################################################################################################################################################
Starting Execution:	[16 out of 143] test cases in the current suite
Test Method:		[unitTests.tests_validations_assertions.assertElementAttribute_false_regexComparison_expectedToPass]
################################################################################################################################################
[ReportManager] Element Action [Type] successfully performed. With the following test data [Automation123]. @25-10-2021 10:21:39.0669 AM
[ReportManager] Element Action [GetText] successfully performed. With the following test data [Automation123]. @25-10-2021 10:21:39.0843 AM
[ReportManager] Loaded Shared OpenCV @25-10-2021 10:21:40.0073 AM
[ReportManager] Assertion [ValidateElementAttribute] PASSED. Expected [Value Should not be 'Automation' for the 'text' attribute, element locator 'By.name: q'] and Actual [Automation123]. Comparison Type [MATCHES]. Validation Type [NEGATIVE]. @25-10-2021 10:21:40.0207 AM
[ReportManager] Successfully created attachment [Screenshot - 1635157300073_assertElementAttribute_false_regexComparison_expectedToPass_ValidateElementAttribute_passed] @25-10-2021 10:21:40.0208 A
[ReportManager] Browser Action [CloseCurrentWindow] successfully performed. @25-10-2021 10:21:40.0390 AM
[ReportManager] Successfully created attachment [Browser Action Test Data - CloseCurrentWindow - Actual Value] @25-10-2021 10:21:40.0391 A
[ReportManager] File Action [GetAbsolutePath] successfully performed. With the following test data [Relative Folder Path: "target/downloadedFiles/"]. @25-10-2021 10:21:40.0398 AM
[ReportManager] Attempting to run remotely on: [Linux-64], [GoogleChrome], [http://localhost:4444/wd/hub], Headless Execution. @25-10-2021 10:21:40.0399 AM
[ReportManager] Successfully Opened [GoogleChrome]. @25-10-2021 10:21:43.0051 AM
[ReportManager] Target URL: [https://www.google.com/ncr], and after redirection: [www.google.com] @25-10-2021 10:21:43.0051 AM
[ReportManager] Initial URL: [data:,] @25-10-2021 10:21:43.0146 AM
[ReportManager] Browser Action [NavigateToURL] successfully performed. With the following test data [https://www.google.com/ncr]. @25-10-2021 10:21:44.0103 A

################################################################################################################################################
Starting Execution:	[17 out of 143] test cases in the current suite
Test Method:		[unitTests.tests_validations_assertions.assertElementAttribute_true_caseInsensitiveComparison_expectedToFail]
################################################################################################################################################
[ReportManager] Element Action [Type] successfully performed. With the following test data [AUTOMATION]. @25-10-2021 10:21:44.0723 AM
[ReportManager] Element Action [GetText] successfully performed. With the following test data [AUTOMATION]. @25-10-2021 10:21:44.0923 AM
[ReportManager] Loaded Shared OpenCV @25-10-2021 10:21:45.0182 AM
[ReportManager] Assertion [ValidateElementAttribute] FAILED. Expected [Value Should be 'AutomaTion123' for the 'text' attribute, element locator 'By.name: q'] and Actual [AUTOMATION]. Comparison Type [CASE_INSENSITIVE]. Validation Type [POSITIVE]. @25-10-2021 10:21:45.0324 AM
[ReportManager] Successfully created attachment [Screenshot - 1635157305182_assertElementAttribute_true_caseInsensitiveComparison_expectedToFail_ValidateElementAttribute_failed] @25-10-2021 10:21:45.0325 A
[ReportManager] Browser Action [CloseCurrentWindow] successfully performed. @25-10-2021 10:21:45.0595 AM
[ReportManager] Successfully created attachment [Browser Action Test Data - CloseCurrentWindow - Actual Value] @25-10-2021 10:21:45.0596 A
[ReportManager] File Action [GetAbsolutePath] successfully performed. With the following test data [Relative Folder Path: "target/downloadedFiles/"]. @25-10-2021 10:21:45.0603 AM
[ReportManager] Attempting to run remotely on: [Linux-64], [GoogleChrome], [http://localhost:4444/wd/hub], Headless Execution. @25-10-2021 10:21:45.0603 AM
[ReportManager] Successfully Opened [GoogleChrome]. @25-10-2021 10:21:48.0193 AM
[ReportManager] Target URL: [https://www.google.com/ncr], and after redirection: [www.google.com] @25-10-2021 10:21:48.0193 AM
[ReportManager] Initial URL: [data:,] @25-10-2021 10:21:48.0273 AM
[ReportManager] Browser Action [NavigateToURL] successfully performed. With the following test data [https://www.google.com/ncr]. @25-10-2021 10:21:49.0221 A

################################################################################################################################################
Starting Execution:	[18 out of 143] test cases in the current suite
Test Method:		[unitTests.tests_validations_assertions.assertElementAttribute_true_caseInsensitiveComparison_expectedToPass]
################################################################################################################################################
[ReportManager] Element Action [Type] successfully performed. With the following test data [AUTOMATION]. @25-10-2021 10:21:49.0910 AM
[ReportManager] Element Action [GetText] successfully performed. With the following test data [AUTOMATION]. @25-10-2021 10:21:50.0080 AM
[ReportManager] Loaded Shared OpenCV @25-10-2021 10:21:50.0340 AM
[ReportManager] Assertion [ValidateElementAttribute] PASSED. Expected [Value Should be 'AutomaTion' for the 'text' attribute, element locator 'By.name: q'] and Actual [AUTOMATION]. Comparison Type [CASE_INSENSITIVE]. Validation Type [POSITIVE]. @25-10-2021 10:21:50.0493 AM
[ReportManager] Successfully created attachment [Screenshot - 1635157310340_assertElementAttribute_true_caseInsensitiveComparison_expectedToPass_ValidateElementAttribute_passed] @25-10-2021 10:21:50.0494 A
[ReportManager] Browser Action [CloseCurrentWindow] successfully performed. @25-10-2021 10:21:50.0676 AM
[ReportManager] Successfully created attachment [Browser Action Test Data - CloseCurrentWindow - Actual Value] @25-10-2021 10:21:50.0677 A
[ReportManager] File Action [GetAbsolutePath] successfully performed. With the following test data [Relative Folder Path: "target/downloadedFiles/"]. @25-10-2021 10:21:50.0682 AM
[ReportManager] Attempting to run remotely on: [Linux-64], [GoogleChrome], [http://localhost:4444/wd/hub], Headless Execution. @25-10-2021 10:21:50.0682 AM
[ReportManager] Successfully Opened [GoogleChrome]. @25-10-2021 10:21:53.0058 AM
[ReportManager] Target URL: [https://www.google.com/ncr], and after redirection: [www.google.com] @25-10-2021 10:21:53.0058 AM
[ReportManager] Initial URL: [data:,] @25-10-2021 10:21:53.0156 AM
[ReportManager] Browser Action [NavigateToURL] successfully performed. With the following test data [https://www.google.com/ncr]. @25-10-2021 10:21:54.0063 A

################################################################################################################################################
Starting Execution:	[19 out of 143] test cases in the current suite
Test Method:		[unitTests.tests_validations_assertions.assertElementAttribute_true_containsComparison_expectedToFail]
################################################################################################################################################
[ReportManager] Element Action [Type] successfully performed. With the following test data [Automation123]. @25-10-2021 10:21:54.0629 AM
[ReportManager] Element Action [GetText] successfully performed. With the following test data [Automation123]. @25-10-2021 10:21:54.0808 AM
[ReportManager] Loaded Shared OpenCV @25-10-2021 10:21:55.0024 AM
[ReportManager] Assertion [ValidateElementAttribute] FAILED. Expected [Value Should be 'Automation1234' for the 'text' attribute, element locator 'By.name: q'] and Actual [Automation123]. Comparison Type [CONTAINS]. Validation Type [POSITIVE]. @25-10-2021 10:21:55.0203 AM
[ReportManager] Successfully created attachment [Screenshot - 1635157315023_assertElementAttribute_true_containsComparison_expectedToFail_ValidateElementAttribute_failed] @25-10-2021 10:21:55.0214 A
[ReportManager] Browser Action [CloseCurrentWindow] successfully performed. @25-10-2021 10:21:55.0442 AM
[ReportManager] Successfully created attachment [Browser Action Test Data - CloseCurrentWindow - Actual Value] @25-10-2021 10:21:55.0443 A
[ReportManager] File Action [GetAbsolutePath] successfully performed. With the following test data [Relative Folder Path: "target/downloadedFiles/"]. @25-10-2021 10:21:55.0451 AM
[ReportManager] Attempting to run remotely on: [Linux-64], [GoogleChrome], [http://localhost:4444/wd/hub], Headless Execution. @25-10-2021 10:21:55.0452 AM
[ReportManager] Successfully Opened [GoogleChrome]. @25-10-2021 10:21:58.0085 AM
[ReportManager] Target URL: [https://www.google.com/ncr], and after redirection: [www.google.com] @25-10-2021 10:21:58.0086 AM
[ReportManager] Initial URL: [data:,] @25-10-2021 10:21:58.0226 AM
[ReportManager] Browser Action [NavigateToURL] successfully performed. With the following test data [https://www.google.com/ncr]. @25-10-2021 10:21:59.0144 A

################################################################################################################################################
Starting Execution:	[20 out of 143] test cases in the current suite
Test Method:		[unitTests.tests_validations_assertions.assertElementAttribute_true_containsComparison_expectedToPass]
################################################################################################################################################
[ReportManager] Element Action [Type] successfully performed. With the following test data [Automation123]. @25-10-2021 10:21:59.0906 AM
[ReportManager] Element Action [GetText] successfully performed. With the following test data [Automation123]. @25-10-2021 10:22:00.0078 AM
[ReportManager] Loaded Shared OpenCV @25-10-2021 10:22:00.0270 AM
[ReportManager] Assertion [ValidateElementAttribute] PASSED. Expected [Value Should be 'Automation' for the 'text' attribute, element locator 'By.name: q'] and Actual [Automation123]. Comparison Type [CONTAINS]. Validation Type [POSITIVE]. @25-10-2021 10:22:00.0365 AM
[ReportManager] Successfully created attachment [Screenshot - 1635157320269_assertElementAttribute_true_containsComparison_expectedToPass_ValidateElementAttribute_passed] @25-10-2021 10:22:00.0366 A
[ReportManager] Browser Action [CloseCurrentWindow] successfully performed. @25-10-2021 10:22:00.0527 AM
[ReportManager] Successfully created attachment [Browser Action Test Data - CloseCurrentWindow - Actual Value] @25-10-2021 10:22:00.0530 A
[ReportManager] File Action [GetAbsolutePath] successfully performed. With the following test data [Relative Folder Path: "target/downloadedFiles/"]. @25-10-2021 10:22:00.0533 AM
[ReportManager] Attempting to run remotely on: [Linux-64], [GoogleChrome], [http://localhost:4444/wd/hub], Headless Execution. @25-10-2021 10:22:00.0534 AM
[ReportManager] Successfully Opened [GoogleChrome]. @25-10-2021 10:22:03.0053 AM
[ReportManager] Target URL: [https://www.google.com/ncr], and after redirection: [www.google.com] @25-10-2021 10:22:03.0054 AM
[ReportManager] Initial URL: [data:,] @25-10-2021 10:22:03.0153 AM
[ReportManager] Browser Action [NavigateToURL] successfully performed. With the following test data [https://www.google.com/ncr]. @25-10-2021 10:22:04.0034 A

################################################################################################################################################
Starting Execution:	[21 out of 143] test cases in the current suite
Test Method:		[unitTests.tests_validations_assertions.assertElementAttribute_true_literalComparison_expectedToFail]
################################################################################################################################################
[ReportManager] Element Action [Type] successfully performed. With the following test data [Automation!@#$%^&*()_+{}[]\';/.,]. @25-10-2021 10:22:04.0725 AM
[ReportManager] Element Action [GetText] successfully performed. With the following test data [Automation!@#$%^&*()_+{}[]\';/.,]. @25-10-2021 10:22:04.0973 AM
[ReportManager] Loaded Shared OpenCV @25-10-2021 10:22:05.0217 AM
[ReportManager] Assertion [ValidateElementAttribute] FAILED. Expected [Value Should be 'Automation' for the 'text' attribute, element locator 'By.name: q'] and Actual [Automation!@#$%^&*()_+{}[]\';/.,]. Comparison Type [EQUALS]. Validation Type [POSITIVE]. @25-10-2021 10:22:05.0315 AM
[ReportManager] Successfully created attachment [Screenshot - 1635157325216_assertElementAttribute_true_literalComparison_expectedToFail_ValidateElementAttribute_failed] @25-10-2021 10:22:05.0316 A
[ReportManager] Browser Action [CloseCurrentWindow] successfully performed. @25-10-2021 10:22:05.0473 AM
[ReportManager] Successfully created attachment [Browser Action Test Data - CloseCurrentWindow - Actual Value] @25-10-2021 10:22:05.0474 A
[ReportManager] File Action [GetAbsolutePath] successfully performed. With the following test data [Relative Folder Path: "target/downloadedFiles/"]. @25-10-2021 10:22:05.0478 AM
[ReportManager] Attempting to run remotely on: [Linux-64], [GoogleChrome], [http://localhost:4444/wd/hub], Headless Execution. @25-10-2021 10:22:05.0478 AM
[ReportManager] Successfully Opened [GoogleChrome]. @25-10-2021 10:22:08.0049 AM
[ReportManager] Target URL: [https://www.google.com/ncr], and after redirection: [www.google.com] @25-10-2021 10:22:08.0049 AM
[ReportManager] Initial URL: [data:,] @25-10-2021 10:22:08.0143 AM
[ReportManager] Browser Action [NavigateToURL] successfully performed. With the following test data [https://www.google.com/ncr]. @25-10-2021 10:22:09.0058 A

################################################################################################################################################
Starting Execution:	[22 out of 143] test cases in the current suite
Test Method:		[unitTests.tests_validations_assertions.assertElementAttribute_true_literalComparison_expectedToPass]
################################################################################################################################################
[ReportManager] Element Action [Type] successfully performed. With the following test data [Automation!@#$%^&*()_+{}[]\';/.,]. @25-10-2021 10:22:09.0850 AM
[ReportManager] Element Action [GetText] successfully performed. With the following test data [Automation!@#$%^&*()_+{}[]\';/.,]. @25-10-2021 10:22:10.0010 AM
[ReportManager] Loaded Shared OpenCV @25-10-2021 10:22:10.0206 AM
[ReportManager] Assertion [ValidateElementAttribute] PASSED. Expected [Value Should be 'Automation!@#$%^&*()_+{}[]\';/.,' for the 'text' attribute, element locator 'By.name: q'] and Actual [Automation!@#$%^&*()_+{}[]\';/.,]. Comparison Type [EQUALS]. Validation Type [POSITIVE]. @25-10-2021 10:22:10.0313 AM
[ReportManager] Successfully created attachment [Screenshot - 1635157330206_assertElementAttribute_true_literalComparison_expectedToPass_ValidateElementAttribute_passed] @25-10-2021 10:22:10.0314 A
[ReportManager] Browser Action [CloseCurrentWindow] successfully performed. @25-10-2021 10:22:10.0467 AM
[ReportManager] Successfully created attachment [Browser Action Test Data - CloseCurrentWindow - Actual Value] @25-10-2021 10:22:10.0468 A
[ReportManager] File Action [GetAbsolutePath] successfully performed. With the following test data [Relative Folder Path: "target/downloadedFiles/"]. @25-10-2021 10:22:10.0472 AM
[ReportManager] Attempting to run remotely on: [Linux-64], [GoogleChrome], [http://localhost:4444/wd/hub], Headless Execution. @25-10-2021 10:22:10.0472 AM
[ReportManager] Successfully Opened [GoogleChrome]. @25-10-2021 10:22:13.0064 AM
[ReportManager] Target URL: [https://www.google.com/ncr], and after redirection: [www.google.com] @25-10-2021 10:22:13.0064 AM
[ReportManager] Initial URL: [data:,] @25-10-2021 10:22:13.0139 AM
[ReportManager] Browser Action [NavigateToURL] successfully performed. With the following test data [https://www.google.com/ncr]. @25-10-2021 10:22:14.0019 A

################################################################################################################################################
Starting Execution:	[23 out of 143] test cases in the current suite
Test Method:		[unitTests.tests_validations_assertions.assertElementAttribute_true_regexComparison_expectedToFail]
################################################################################################################################################
[ReportManager] Element Action [Type] successfully performed. With the following test data [Automation123]. @25-10-2021 10:22:14.0633 AM
[ReportManager] Element Action [GetText] successfully performed. With the following test data [Automation123]. @25-10-2021 10:22:14.0773 AM
[ReportManager] Loaded Shared OpenCV @25-10-2021 10:22:14.0954 AM
[ReportManager] Assertion [ValidateElementAttribute] FAILED. Expected [Value Should be 'Automation' for the 'text' attribute, element locator 'By.name: q'] and Actual [Automation123]. Comparison Type [MATCHES]. Validation Type [POSITIVE]. @25-10-2021 10:22:15.0069 AM
[ReportManager] Successfully created attachment [Screenshot - 1635157334954_assertElementAttribute_true_regexComparison_expectedToFail_ValidateElementAttribute_failed] @25-10-2021 10:22:15.0070 A
[ReportManager] Browser Action [CloseCurrentWindow] successfully performed. @25-10-2021 10:22:15.0227 AM
[ReportManager] Successfully created attachment [Browser Action Test Data - CloseCurrentWindow - Actual Value] @25-10-2021 10:22:15.0228 A
[ReportManager] File Action [GetAbsolutePath] successfully performed. With the following test data [Relative Folder Path: "target/downloadedFiles/"]. @25-10-2021 10:22:15.0231 AM
[ReportManager] Attempting to run remotely on: [Linux-64], [GoogleChrome], [http://localhost:4444/wd/hub], Headless Execution. @25-10-2021 10:22:15.0232 AM
[ReportManager] Successfully Opened [GoogleChrome]. @25-10-2021 10:22:18.0078 AM
[ReportManager] Target URL: [https://www.google.com/ncr], and after redirection: [www.google.com] @25-10-2021 10:22:18.0078 AM
[ReportManager] Initial URL: [data:,] @25-10-2021 10:22:18.0149 AM
[ReportManager] Browser Action [NavigateToURL] successfully performed. With the following test data [https://www.google.com/ncr]. @25-10-2021 10:22:18.0992 A

################################################################################################################################################
Starting Execution:	[24 out of 143] test cases in the current suite
Test Method:		[unitTests.tests_validations_assertions.assertElementAttribute_true_regexComparison_expectedToPass]
################################################################################################################################################
[ReportManager] Element Action [Type] successfully performed. With the following test data [Automation123]. @25-10-2021 10:22:19.0582 AM
[ReportManager] Element Action [GetText] successfully performed. With the following test data [Automation123]. @25-10-2021 10:22:19.0763 AM
[ReportManager] Loaded Shared OpenCV @25-10-2021 10:22:20.0049 AM
[ReportManager] Assertion [ValidateElementAttribute] PASSED. Expected [Value Should be 'Automation.*' for the 'text' attribute, element locator 'By.name: q'] and Actual [Automation123]. Comparison Type [MATCHES]. Validation Type [POSITIVE]. @25-10-2021 10:22:20.0156 AM
[ReportManager] Successfully created attachment [Screenshot - 1635157340049_assertElementAttribute_true_regexComparison_expectedToPass_ValidateElementAttribute_passed] @25-10-2021 10:22:20.0158 A
[ReportManager] Browser Action [CloseCurrentWindow] successfully performed. @25-10-2021 10:22:20.0327 AM
[ReportManager] Successfully created attachment [Browser Action Test Data - CloseCurrentWindow - Actual Value] @25-10-2021 10:22:20.0337 A
[ReportManager] File Action [GetAbsolutePath] successfully performed. With the following test data [Relative Folder Path: "target/downloadedFiles/"]. @25-10-2021 10:22:20.0341 AM
[ReportManager] Attempting to run remotely on: [Linux-64], [GoogleChrome], [http://localhost:4444/wd/hub], Headless Execution. @25-10-2021 10:22:20.0341 AM
[ReportManager] Successfully Opened [GoogleChrome]. @25-10-2021 10:22:23.0089 AM
[ReportManager] Target URL: [https://www.google.com/ncr], and after redirection: [www.google.com] @25-10-2021 10:22:23.0090 AM
[ReportManager] Initial URL: [data:,] @25-10-2021 10:22:23.0166 AM
[ReportManager] Browser Action [NavigateToURL] successfully performed. With the following test data [https://www.google.com/ncr]. @25-10-2021 10:22:24.0134 A

################################################################################################################################################
Starting Execution:	[25 out of 143] test cases in the current suite
Test Method:		[unitTests.tests_validations_assertions.assertElementAttribute_type_true_literalComparison_expectedToPass]
################################################################################################################################################
[ReportManager] Element Action [Type] successfully performed. With the following test data [Automation!@#$%^&*()_+{}[]\';/.,]. @25-10-2021 10:22:24.0773 AM
[ReportManager] Element Action [GetText] successfully performed. With the following test data [Automation!@#$%^&*()_+{}[]\';/.,]. @25-10-2021 10:22:24.0966 AM
[ReportManager] Loaded Shared OpenCV @25-10-2021 10:22:25.0156 AM
[ReportManager] Assertion [ValidateElementAttribute] PASSED. Expected [Value Should be 'Automation!@#$%^&*()_+{}[]\';/.,' for the 'text' attribute, element locator 'By.name: q'] and Actual [Automation!@#$%^&*()_+{}[]\';/.,]. Comparison Type [EQUALS]. Validation Type [POSITIVE]. @25-10-2021 10:22:25.0254 AM
[ReportManager] Successfully created attachment [Screenshot - 1635157345156_assertElementAttribute_type_true_literalComparison_expectedToPass_ValidateElementAttribute_passed] @25-10-2021 10:22:25.0257 A
[ReportManager] Browser Action [CloseCurrentWindow] successfully performed. @25-10-2021 10:22:25.0432 AM
[ReportManager] Successfully created attachment [Browser Action Test Data - CloseCurrentWindow - Actual Value] @25-10-2021 10:22:25.0433 A
[ReportManager] File Action [GetAbsolutePath] successfully performed. With the following test data [Relative Folder Path: "target/downloadedFiles/"]. @25-10-2021 10:22:25.0438 AM
[ReportManager] Attempting to run remotely on: [Linux-64], [GoogleChrome], [http://localhost:4444/wd/hub], Headless Execution. @25-10-2021 10:22:25.0438 AM
[ReportManager] Successfully Opened [GoogleChrome]. @25-10-2021 10:22:28.0089 AM
[ReportManager] Target URL: [https://www.google.com/ncr], and after redirection: [www.google.com] @25-10-2021 10:22:28.0089 AM
[ReportManager] Initial URL: [data:,] @25-10-2021 10:22:28.0178 AM
[ReportManager] Browser Action [NavigateToURL] successfully performed. With the following test data [https://www.google.com/ncr]. @25-10-2021 10:22:29.0153 A

################################################################################################################################################
Starting Execution:	[26 out of 143] test cases in the current suite
Test Method:		[unitTests.tests_validations_assertions.assertElementExists_false_expectedToFail]
################################################################################################################################################
[ReportManager] Loaded Shared OpenCV @25-10-2021 10:22:29.0426 AM
[ReportManager] Assertion [ValidateElementExists] FAILED. Expected [Element Should not Exist, locator 'By.id: hplogo'] and Actual [Element Exists]. Comparison Type [EQUALS]. Validation Type [NEGATIVE]. @25-10-2021 10:22:29.0531 AM
[ReportManager] Successfully created attachment [Screenshot - 1635157349425_assertElementExists_false_expectedToFail_ValidateElementExists_failed] @25-10-2021 10:22:29.0533 A
[ReportManager] Browser Action [CloseCurrentWindow] successfully performed. @25-10-2021 10:22:29.0727 AM
[ReportManager] Successfully created attachment [Browser Action Test Data - CloseCurrentWindow - Actual Value] @25-10-2021 10:22:29.0728 A
[ReportManager] File Action [GetAbsolutePath] successfully performed. With the following test data [Relative Folder Path: "target/downloadedFiles/"]. @25-10-2021 10:22:29.0731 AM
[ReportManager] Attempting to run remotely on: [Linux-64], [GoogleChrome], [http://localhost:4444/wd/hub], Headless Execution. @25-10-2021 10:22:29.0731 AM
[ReportManager] Successfully Opened [GoogleChrome]. @25-10-2021 10:22:33.0083 AM
[ReportManager] Target URL: [https://www.google.com/ncr], and after redirection: [www.google.com] @25-10-2021 10:22:33.0083 AM
[ReportManager] Initial URL: [data:,] @25-10-2021 10:22:33.0203 AM
[ReportManager] Browser Action [NavigateToURL] successfully performed. With the following test data [https://www.google.com/ncr]. @25-10-2021 10:22:34.0156 A

################################################################################################################################################
Starting Execution:	[27 out of 143] test cases in the current suite
Test Method:		[unitTests.tests_validations_assertions.assertElementExists_false_expectedToPass]
################################################################################################################################################
[ReportManager] Assertion [ValidateElementExists] PASSED. Expected [Element Should not Exist, locator 'By.id: fakeElement'] and Actual [Element Doesn't Exists]. Comparison Type [EQUALS]. Validation Type [NEGATIVE]. @25-10-2021 10:22:44.0674 AM
[ReportManager] Successfully created attachment [Screenshot - 1635157364583_assertElementExists_false_expectedToPass_ValidateElementExists_passed] @25-10-2021 10:22:44.0675 A
[ReportManager] Browser Action [CloseCurrentWindow] successfully performed. @25-10-2021 10:22:44.0841 AM
[ReportManager] Successfully created attachment [Browser Action Test Data - CloseCurrentWindow - Actual Value] @25-10-2021 10:22:44.0843 A
[ReportManager] File Action [GetAbsolutePath] successfully performed. With the following test data [Relative Folder Path: "target/downloadedFiles/"]. @25-10-2021 10:22:44.0848 AM
[ReportManager] Attempting to run remotely on: [Linux-64], [GoogleChrome], [http://localhost:4444/wd/hub], Headless Execution. @25-10-2021 10:22:44.0848 AM
[ReportManager] Successfully Opened [GoogleChrome]. @25-10-2021 10:22:48.0068 AM
[ReportManager] Target URL: [https://www.google.com/ncr], and after redirection: [www.google.com] @25-10-2021 10:22:48.0068 AM
[ReportManager] Initial URL: [data:,] @25-10-2021 10:22:48.0156 AM
[ReportManager] Browser Action [NavigateToURL] successfully performed. With the following test data [https://www.google.com/ncr]. @25-10-2021 10:22:49.0262 A

################################################################################################################################################
Starting Execution:	[28 out of 143] test cases in the current suite
Test Method:		[unitTests.tests_validations_assertions.assertElementExists_false_multipleElementsFound_expectedToFail]
################################################################################################################################################
[ReportManager] Assertion [ValidateElementExists] FAILED. Expected [Element Should not Exist, locator 'By.xpath: //div'] and Actual [Element Exists but is not unique]. Comparison Type [EQUALS]. Validation Type [NEGATIVE]. @25-10-2021 10:22:49.0744 AM
[ReportManager] Successfully created attachment [Screenshot - 1635157369660_assertElementExists_false_multipleElementsFound_expectedToFail_ValidateElementExists_failed] @25-10-2021 10:22:49.0746 A
[ReportManager] Browser Action [CloseCurrentWindow] successfully performed. @25-10-2021 10:22:49.0903 AM
[ReportManager] Successfully created attachment [Browser Action Test Data - CloseCurrentWindow - Actual Value] @25-10-2021 10:22:49.0904 A
[ReportManager] File Action [GetAbsolutePath] successfully performed. With the following test data [Relative Folder Path: "target/downloadedFiles/"]. @25-10-2021 10:22:49.0907 AM
[ReportManager] Attempting to run remotely on: [Linux-64], [GoogleChrome], [http://localhost:4444/wd/hub], Headless Execution. @25-10-2021 10:22:49.0907 AM
[ReportManager] Successfully Opened [GoogleChrome]. @25-10-2021 10:22:53.0058 AM
[ReportManager] Target URL: [https://www.google.com/ncr], and after redirection: [www.google.com] @25-10-2021 10:22:53.0059 AM
[ReportManager] Initial URL: [data:,] @25-10-2021 10:22:53.0164 AM
[ReportManager] Browser Action [NavigateToURL] successfully performed. With the following test data [https://www.google.com/ncr]. @25-10-2021 10:22:53.0993 A

################################################################################################################################################
Starting Execution:	[29 out of 143] test cases in the current suite
Test Method:		[unitTests.tests_validations_assertions.assertElementExists_true_expectedToFail]
################################################################################################################################################
[ReportManager] Assertion [ValidateElementExists] FAILED. Expected [Element Should Exist, locator 'By.id: fakeElement'] and Actual [Element Doesn't Exists]. Comparison Type [EQUALS]. Validation Type [POSITIVE]. @25-10-2021 10:23:24.0773 AM
[ReportManager] Successfully created attachment [Screenshot - 1635157404695_assertElementExists_true_expectedToFail_ValidateElementExists_failed] @25-10-2021 10:23:24.0774 A
[ReportManager] Browser Action [CloseCurrentWindow] successfully performed. @25-10-2021 10:23:24.0922 AM
[ReportManager] Successfully created attachment [Browser Action Test Data - CloseCurrentWindow - Actual Value] @25-10-2021 10:23:24.0923 A
[ReportManager] File Action [GetAbsolutePath] successfully performed. With the following test data [Relative Folder Path: "target/downloadedFiles/"]. @25-10-2021 10:23:24.0927 AM
[ReportManager] Attempting to run remotely on: [Linux-64], [GoogleChrome], [http://localhost:4444/wd/hub], Headless Execution. @25-10-2021 10:23:24.0927 AM
[ReportManager] Successfully Opened [GoogleChrome]. @25-10-2021 10:23:28.0070 AM
[ReportManager] Target URL: [https://www.google.com/ncr], and after redirection: [www.google.com] @25-10-2021 10:23:28.0070 AM
[ReportManager] Initial URL: [data:,] @25-10-2021 10:23:28.0169 AM
[ReportManager] Browser Action [NavigateToURL] successfully performed. With the following test data [https://www.google.com/ncr]. @25-10-2021 10:23:28.0999 A

################################################################################################################################################
Starting Execution:	[30 out of 143] test cases in the current suite
Test Method:		[unitTests.tests_validations_assertions.assertElementExists_true_expectedToPass]
################################################################################################################################################
[ReportManager] Loaded Shared OpenCV @25-10-2021 10:23:29.0264 AM
[ReportManager] Assertion [ValidateElementExists] PASSED. Expected [Element Should Exist, locator 'By.xpath: //*[@id='hplogo' or @alt='Google']'] and Actual [Element Exists]. Comparison Type [EQUALS]. Validation Type [POSITIVE]. @25-10-2021 10:23:29.0367 AM
[ReportManager] Successfully created attachment [Screenshot - 1635157409264_assertElementExists_true_expectedToPass_ValidateElementExists_passed] @25-10-2021 10:23:29.0368 A
[ReportManager] Browser Action [CloseCurrentWindow] successfully performed. @25-10-2021 10:23:29.0496 AM
[ReportManager] Successfully created attachment [Browser Action Test Data - CloseCurrentWindow - Actual Value] @25-10-2021 10:23:29.0498 A
[ReportManager] File Action [GetAbsolutePath] successfully performed. With the following test data [Relative Folder Path: "target/downloadedFiles/"]. @25-10-2021 10:23:29.0505 AM
[ReportManager] Attempting to run remotely on: [Linux-64], [GoogleChrome], [http://localhost:4444/wd/hub], Headless Execution. @25-10-2021 10:23:29.0506 AM
[ReportManager] Successfully Opened [GoogleChrome]. @25-10-2021 10:23:33.0065 AM
[ReportManager] Target URL: [https://www.google.com/ncr], and after redirection: [www.google.com] @25-10-2021 10:23:33.0066 AM
[ReportManager] Initial URL: [data:,] @25-10-2021 10:23:33.0142 AM
[ReportManager] Browser Action [NavigateToURL] successfully performed. With the following test data [https://www.google.com/ncr]. @25-10-2021 10:23:34.0048 A

################################################################################################################################################
Starting Execution:	[31 out of 143] test cases in the current suite
Test Method:		[unitTests.tests_validations_assertions.assertElementExists_true_multipleElementsFound_expectedToFail]
################################################################################################################################################
[ReportManager] Assertion [ValidateElementExists] FAILED. Expected [Element Should Exist, locator 'By.xpath: //div'] and Actual [Element Exists but is not unique]. Comparison Type [EQUALS]. Validation Type [POSITIVE]. @25-10-2021 10:23:34.0431 AM
[ReportManager] Successfully created attachment [Screenshot - 1635157414347_assertElementExists_true_multipleElementsFound_expectedToFail_ValidateElementExists_failed] @25-10-2021 10:23:34.0437 A
[ReportManager] Browser Action [CloseCurrentWindow] successfully performed. @25-10-2021 10:23:34.0598 AM
[ReportManager] Successfully created attachment [Browser Action Test Data - CloseCurrentWindow - Actual Value] @25-10-2021 10:23:34.0599 A

################################################################################################################################################
Starting Execution:	[32 out of 143] test cases in the current suite
Test Method:		[unitTests.tests_validations_assertions.assertEquals_false_expectedToFail]
################################################################################################################################################
[ReportManager] Assertion [ValidateEquals] FAILED. Expected [1] and Actual [1]. Comparison Type [EQUALS]. Validation Type [NEGATIVE]. @25-10-2021 10:23:34.0606 A

################################################################################################################################################
Starting Execution:	[33 out of 143] test cases in the current suite
Test Method:		[unitTests.tests_validations_assertions.assertEquals_false_expectedToPass]
################################################################################################################################################
[ReportManager] Assertion [ValidateEquals] PASSED. Expected [1] and Actual [2]. Comparison Type [EQUALS]. Validation Type [NEGATIVE]. @25-10-2021 10:23:34.0612 A

################################################################################################################################################
Starting Execution:	[34 out of 143] test cases in the current suite
Test Method:		[unitTests.tests_validations_assertions.assertEquals_longCharacters]
################################################################################################################################################
[ReportManager] Verification [ValidateEquals] PASSED. Expected and Actual values are attached. Comparison Type [EQUALS]. Validation Type [POSITIVE]. @25-10-2021 10:23:34.0618 AM
[ReportManager] Successfully created attachment [Validation Test Data - Expected Value] @25-10-2021 10:23:34.0618 AM
[ReportManager] Successfully created attachment [Validation Test Data - Actual Value] @25-10-2021 10:23:34.0618 AM
[ReportManager] Assertion [ValidateEquals] PASSED. Expected and Actual values are attached. Comparison Type [EQUALS]. Validation Type [POSITIVE]. @25-10-2021 10:23:34.0619 AM
[ReportManager] Successfully created attachment [Validation Test Data - Expected Value] @25-10-2021 10:23:34.0619 AM
[ReportManager] Successfully created attachment [Validation Test Data - Actual Value] @25-10-2021 10:23:34.0619 A

################################################################################################################################################
Starting Execution:	[35 out of 143] test cases in the current suite
Test Method:		[unitTests.tests_validations_assertions.assertEquals_longCharacters_Discreet]
################################################################################################################################################
[ReportManager] Assertion [ValidateEquals] PASSED. Expected [1LH5pROcDBjjQk0t0mCr0lXuzQu9lcGj28kY8R1H81X67eVAQJgWQhILiRWVPUgZ6uCtK5cnBkF55Jr9vYngjGO1Iyf0Mktv6lruDlL9T8MAUPcUZJGHZtji6nIeadujDSNmWMj5d6C8zlFqw0CRqBU0hO5adIasHgBSNoLotAjce3NGXoDwAlp3rYreeV16VIyZXROQY] and Actual [1LH5pROcDBjjQk0t0mCr0lXuzQu9lcGj28kY8R1H81X67eVAQJgWQhILiRWVPUgZ6uCtK5cnBkF55Jr9vYngjGO1Iyf0Mktv6lruDlL9T8MAUPcUZJGHZtji6nIeadujDSNmWMj5d6C8zlFqw0CRqBU0hO5adIasHgBSNoLotAjce3NGXoDwAlp3rYreeV16VIyZXROQY]. Comparison Type [EQUALS]. Validation Type [POSITIVE]. @25-10-2021 10:23:34.0623 A

################################################################################################################################################
Starting Execution:	[36 out of 143] test cases in the current suite
Test Method:		[unitTests.tests_validations_assertions.assertEquals_true_expectedToFail]
################################################################################################################################################
[ReportManager] Assertion [ValidateEquals] FAILED. Expected [1] and Actual [2]. Comparison Type [EQUALS]. Validation Type [POSITIVE]. @25-10-2021 10:23:34.0627 A

################################################################################################################################################
Starting Execution:	[37 out of 143] test cases in the current suite
Test Method:		[unitTests.tests_validations_assertions.assertEquals_true_expectedToPass]
Test Description:	[Assert that assertEquals works as expected when the two values are equal.]
################################################################################################################################################
[ReportManager] Verification [ValidateEquals] PASSED. Expected [1] and Actual [1]. Comparison Type [EQUALS]. Validation Type [POSITIVE]. @25-10-2021 10:23:34.0639 AM
[ReportManager] Assertion [ValidateEquals] PASSED. Expected [1] and Actual [1]. Comparison Type [EQUALS]. Validation Type [POSITIVE]. @25-10-2021 10:23:34.0640 A

################################################################################################################################################
Starting Execution:	[38 out of 143] test cases in the current suite
Test Method:		[unitTests.tests_validations_assertions.assertEquals_true_expectedToPass__]
################################################################################################################################################
[ReportManager] Assertion [ValidateEquals] PASSED. Expected [1] and Actual [1]. Comparison Type [EQUALS]. Validation Type [POSITIVE]. @25-10-2021 10:23:34.0646 A

################################################################################################################################################
Starting Execution:	[39 out of 143] test cases in the current suite
Test Method:		[unitTests.tests_validations_assertions.assertFileExists_false_expectedToFail]
################################################################################################################################################
[ReportManager] File Action [DoesFileExist] successfully performed. With the following test data [File Path: "src/main/java/com/shaft/gui/element/ElementActions.java"]. @25-10-2021 10:23:34.0650 AM
[ReportManager] Assertion [ValidateFileExists] FAILED. Expected [File 'src/main/java/com/shaft/gui/element/ElementActions.java' should not exist, after up to '1' retries] and Actual [File exists]. Validation Type [NEGATIVE]. @25-10-2021 10:23:34.0660 A

################################################################################################################################################
Starting Execution:	[40 out of 143] test cases in the current suite
Test Method:		[unitTests.tests_validations_assertions.assertFileExists_false_expectedToPass]
################################################################################################################################################
[ReportManager] File Action [DoesFileExist] successfully performed. With the following test data [File Path: "src/main/java/com/shaft/gui/element/ElementActions.java_fail"]. @25-10-2021 10:23:35.0164 AM
[ReportManager] Assertion [ValidateFileExists] PASSED. Expected [File 'src/main/java/com/shaft/gui/element/ElementActions.java_fail' should not exist, after up to '1' retries] and Actual [File does not exist]. Validation Type [NEGATIVE]. @25-10-2021 10:23:35.0164 A

################################################################################################################################################
Starting Execution:	[41 out of 143] test cases in the current suite
Test Method:		[unitTests.tests_validations_assertions.assertFileExists_true_expectedToFail]
################################################################################################################################################
[ReportManager] File Action [DoesFileExist] successfully performed. With the following test data [File Path: "src/main/java/com/shaft/gui/element/ElementActions.java_fail"]. @25-10-2021 10:23:35.0670 AM
[ReportManager] Assertion [ValidateFileExists] FAILED. Expected [File 'src/main/java/com/shaft/gui/element/ElementActions.java_fail' should exist, after up to '1' retries] and Actual [File does not exist]. Validation Type [POSITIVE]. @25-10-2021 10:23:35.0671 A

################################################################################################################################################
Starting Execution:	[42 out of 143] test cases in the current suite
Test Method:		[unitTests.tests_validations_assertions.assertFileExists_true_expectedToPass]
################################################################################################################################################
[ReportManager] File Action [DoesFileExist] successfully performed. With the following test data [File Path: "src/main/java/com/shaft/gui/element/ElementActions.java"]. @25-10-2021 10:23:35.0676 AM
[ReportManager] Assertion [ValidateFileExists] PASSED. Expected [File 'src/main/java/com/shaft/gui/element/ElementActions.java' should exist, after up to '1' retries] and Actual [File exists]. Validation Type [POSITIVE]. @25-10-2021 10:23:35.0676 A

################################################################################################################################################
Starting Execution:	[43 out of 143] test cases in the current suite
Test Method:		[unitTests.tests_validations_assertions.assertNull_false_expectedToFail]
################################################################################################################################################
[ReportManager] Assertion [ValidateNull] FAILED. Expected [NULL] and Actual [NULL]. Comparison Type [EQUALS]. Validation Type [NEGATIVE]. @25-10-2021 10:23:35.0680 A

################################################################################################################################################
Starting Execution:	[44 out of 143] test cases in the current suite
Test Method:		[unitTests.tests_validations_assertions.assertNull_false_expectedToPass]
################################################################################################################################################
[ReportManager] Assertion [ValidateNull] PASSED. Expected [NULL] and Actual [1]. Comparison Type [EQUALS]. Validation Type [NEGATIVE]. @25-10-2021 10:23:35.0683 A

################################################################################################################################################
Starting Execution:	[45 out of 143] test cases in the current suite
Test Method:		[unitTests.tests_validations_assertions.assertNull_true_expectedToFail]
################################################################################################################################################
[ReportManager] Assertion [ValidateNull] FAILED. Expected [NULL] and Actual [1]. Comparison Type [EQUALS]. Validation Type [POSITIVE]. @25-10-2021 10:23:35.0686 A

################################################################################################################################################
Starting Execution:	[46 out of 143] test cases in the current suite
Test Method:		[unitTests.tests_validations_assertions.assertNull_true_expectedToPass]
################################################################################################################################################
[ReportManager] Assertion [ValidateNull] PASSED. Expected [NULL] and Actual [NULL]. Comparison Type [EQUALS]. Validation Type [POSITIVE]. @25-10-2021 10:23:35.0689 A

################################################################################################################################################
Starting Execution:	[47 out of 143] test cases in the current suite
Test Method:		[unitTests.tests_restActions.getPostsAndAssertBodyForSpecificTitle]
################################################################################################################################################
[ReportManager] Response status code: [200], status line: [HTTP/1.1 200 OK] @25-10-2021 10:23:37.0901 AM
[ReportManager] Assertion Passed: Evaluating the actual response status code against the expected one... @25-10-2021 10:23:37.0902 AM
[ReportManager] Assertion [ValidateEquals] PASSED. Expected [200] and Actual [200]. Comparison Type [EQUALS]. Validation Type [POSITIVE]. @25-10-2021 10:23:37.0902 AM
[ReportManager] API Action [PerformRequest] successfully performed. With the following test data [Request Type: "GET" | Target Status Code: "200" | Service URL: "https://jsonplaceholder.typicode.com/posts" | Content Type: "*/*" | Response Time: "803ms"]. @25-10-2021 10:23:39.0126 AM
[ReportManager] Successfully created attachment [API Request - Specifications] @25-10-2021 10:23:39.0127 AM
[ReportManager] Successfully created attachment [API Response - JSON Body] @25-10-2021 10:23:39.0397 AM
[ReportManager] API Action [GetResponseJSONValueAsList] successfully performed. @25-10-2021 10:23:39.0424 AM
[ReportManager] API Action [GetResponseJSONValue] successfully performed. With the following test data [title]. @25-10-2021 10:23:39.0447 AM
[ReportManager] API Action [GetResponseJSONValue] successfully performed. With the following test data [title]. @25-10-2021 10:23:39.0462 AM
[ReportManager] API Action [GetResponseJSONValue] successfully performed. With the following test data [body]. @25-10-2021 10:23:39.0475 AM
[ReportManager] Assertion [ValidateEquals] PASSED. Expected [qui neque nisi nulla] and Actual [est rerum tempore vitae
sequi sint nihil reprehenderit dolor beatae ea dolores neque
fugiat blanditiis voluptate porro vel nihil molestiae ut reiciendis
qui aperiam non debitis possimus qui neque nisi nulla]. Comparison Type [CONTAINS]. Validation Type [POSITIVE]. @25-10-2021 10:23:39.0476 AM
[ReportManager] API Action [GetResponseJSONValue] successfully performed. With the following test data [title]. @25-10-2021 10:23:39.0489 AM
[ReportManager] API Action [GetResponseJSONValue] successfully performed. With the following test data [title]. @25-10-2021 10:23:39.0502 AM
[ReportManager] API Action [GetResponseJSONValue] successfully performed. With the following test data [title]. @25-10-2021 10:23:39.0515 AM
[ReportManager] API Action [GetResponseJSONValue] successfully performed. With the following test data [title]. @25-10-2021 10:23:39.0528 AM
[ReportManager] API Action [GetResponseJSONValue] successfully performed. With the following test data [title]. @25-10-2021 10:23:39.0540 AM
[ReportManager] API Action [GetResponseJSONValue] successfully performed. With the following test data [title]. @25-10-2021 10:23:39.0553 AM
[ReportManager] API Action [GetResponseJSONValue] successfully performed. With the following test data [title]. @25-10-2021 10:23:39.0566 AM
[ReportManager] API Action [GetResponseJSONValue] successfully performed. With the following test data [title]. @25-10-2021 10:23:39.0579 AM
[ReportManager] API Action [GetResponseJSONValue] successfully performed. With the following test data [title]. @25-10-2021 10:23:39.0591 AM
[ReportManager] API Action [GetResponseJSONValue] successfully performed. With the following test data [title]. @25-10-2021 10:23:39.0604 AM
[ReportManager] API Action [GetResponseJSONValue] successfully performed. With the following test data [title]. @25-10-2021 10:23:39.0618 AM
[ReportManager] API Action [GetResponseJSONValue] successfully performed. With the following test data [title]. @25-10-2021 10:23:39.0632 AM
[ReportManager] API Action [GetResponseJSONValue] successfully performed. With the following test data [title]. @25-10-2021 10:23:39.0651 AM
[ReportManager] API Action [GetResponseJSONValue] successfully performed. With the following test data [title]. @25-10-2021 10:23:39.0670 AM
[ReportManager] API Action [GetResponseJSONValue] successfully performed. With the following test data [title]. @25-10-2021 10:23:39.0691 AM
[ReportManager] API Action [GetResponseJSONValue] successfully performed. With the following test data [title]. @25-10-2021 10:23:39.0715 AM
[ReportManager] API Action [GetResponseJSONValue] successfully performed. With the following test data [title]. @25-10-2021 10:23:39.0731 AM
[ReportManager] API Action [GetResponseJSONValue] successfully performed. With the following test data [title]. @25-10-2021 10:23:39.0750 AM
[ReportManager] API Action [GetResponseJSONValue] successfully performed. With the following test data [title]. @25-10-2021 10:23:39.0765 AM
[ReportManager] API Action [GetResponseJSONValue] successfully performed. With the following test data [title]. @25-10-2021 10:23:39.0791 AM
[ReportManager] API Action [GetResponseJSONValue] successfully performed. With the following test data [title]. @25-10-2021 10:23:39.0808 AM
[ReportManager] API Action [GetResponseJSONValue] successfully performed. With the following test data [title]. @25-10-2021 10:23:39.0830 AM
[ReportManager] API Action [GetResponseJSONValue] successfully performed. With the following test data [title]. @25-10-2021 10:23:39.0850 AM
[ReportManager] API Action [GetResponseJSONValue] successfully performed. With the following test data [title]. @25-10-2021 10:23:39.0865 AM
[ReportManager] API Action [GetResponseJSONValue] successfully performed. With the following test data [title]. @25-10-2021 10:23:39.0885 AM
[ReportManager] API Action [GetResponseJSONValue] successfully performed. With the following test data [title]. @25-10-2021 10:23:39.0899 AM
[ReportManager] API Action [GetResponseJSONValue] successfully performed. With the following test data [title]. @25-10-2021 10:23:39.0922 AM
[ReportManager] API Action [GetResponseJSONValue] successfully performed. With the following test data [title]. @25-10-2021 10:23:39.0947 AM
[ReportManager] API Action [GetResponseJSONValue] successfully performed. With the following test data [title]. @25-10-2021 10:23:39.0960 AM
[ReportManager] API Action [GetResponseJSONValue] successfully performed. With the following test data [title]. @25-10-2021 10:23:39.0972 AM
[ReportManager] API Action [GetResponseJSONValue] successfully performed. With the following test data [title]. @25-10-2021 10:23:39.0984 AM
[ReportManager] API Action [GetResponseJSONValue] successfully performed. With the following test data [title]. @25-10-2021 10:23:39.0999 AM
[ReportManager] API Action [GetResponseJSONValue] successfully performed. With the following test data [title]. @25-10-2021 10:23:40.0020 AM
[ReportManager] API Action [GetResponseJSONValue] successfully performed. With the following test data [title]. @25-10-2021 10:23:40.0037 AM
[ReportManager] API Action [GetResponseJSONValue] successfully performed. With the following test data [title]. @25-10-2021 10:23:40.0051 AM
[ReportManager] API Action [GetResponseJSONValue] successfully performed. With the following test data [title]. @25-10-2021 10:23:40.0064 AM
[ReportManager] API Action [GetResponseJSONValue] successfully performed. With the following test data [title]. @25-10-2021 10:23:40.0076 AM
[ReportManager] API Action [GetResponseJSONValue] successfully performed. With the following test data [title]. @25-10-2021 10:23:40.0089 AM
[ReportManager] API Action [GetResponseJSONValue] successfully performed. With the following test data [title]. @25-10-2021 10:23:40.0117 AM
[ReportManager] API Action [GetResponseJSONValue] successfully performed. With the following test data [title]. @25-10-2021 10:23:40.0130 AM
[ReportManager] API Action [GetResponseJSONValue] successfully performed. With the following test data [title]. @25-10-2021 10:23:40.0141 AM
[ReportManager] API Action [GetResponseJSONValue] successfully performed. With the following test data [title]. @25-10-2021 10:23:40.0155 AM
[ReportManager] API Action [GetResponseJSONValue] successfully performed. With the following test data [title]. @25-10-2021 10:23:40.0168 AM
[ReportManager] API Action [GetResponseJSONValue] successfully performed. With the following test data [title]. @25-10-2021 10:23:40.0190 AM
[ReportManager] API Action [GetResponseJSONValue] successfully performed. With the following test data [title]. @25-10-2021 10:23:40.0202 AM
[ReportManager] API Action [GetResponseJSONValue] successfully performed. With the following test data [title]. @25-10-2021 10:23:40.0218 AM
[ReportManager] API Action [GetResponseJSONValue] successfully performed. With the following test data [title]. @25-10-2021 10:23:40.0232 AM
[ReportManager] API Action [GetResponseJSONValue] successfully performed. With the following test data [title]. @25-10-2021 10:23:40.0254 AM
[ReportManager] API Action [GetResponseJSONValue] successfully performed. With the following test data [title]. @25-10-2021 10:23:40.0269 AM
[ReportManager] API Action [GetResponseJSONValue] successfully performed. With the following test data [title]. @25-10-2021 10:23:40.0283 AM
[ReportManager] API Action [GetResponseJSONValue] successfully performed. With the following test data [title]. @25-10-2021 10:23:40.0299 AM
[ReportManager] API Action [GetResponseJSONValue] successfully performed. With the following test data [title]. @25-10-2021 10:23:40.0316 AM
[ReportManager] API Action [GetResponseJSONValue] successfully performed. With the following test data [title]. @25-10-2021 10:23:40.0334 AM
[ReportManager] API Action [GetResponseJSONValue] successfully performed. With the following test data [title]. @25-10-2021 10:23:40.0347 AM
[ReportManager] API Action [GetResponseJSONValue] successfully performed. With the following test data [title]. @25-10-2021 10:23:40.0362 AM
[ReportManager] API Action [GetResponseJSONValue] successfully performed. With the following test data [title]. @25-10-2021 10:23:40.0374 AM
[ReportManager] API Action [GetResponseJSONValue] successfully performed. With the following test data [title]. @25-10-2021 10:23:40.0386 AM
[ReportManager] API Action [GetResponseJSONValue] successfully performed. With the following test data [title]. @25-10-2021 10:23:40.0399 AM
[ReportManager] API Action [GetResponseJSONValue] successfully performed. With the following test data [title]. @25-10-2021 10:23:40.0419 AM
[ReportManager] API Action [GetResponseJSONValue] successfully performed. With the following test data [title]. @25-10-2021 10:23:40.0478 AM
[ReportManager] API Action [GetResponseJSONValue] successfully performed. With the following test data [title]. @25-10-2021 10:23:40.0496 AM
[ReportManager] API Action [GetResponseJSONValue] successfully performed. With the following test data [title]. @25-10-2021 10:23:40.0508 AM
[ReportManager] API Action [GetResponseJSONValue] successfully performed. With the following test data [title]. @25-10-2021 10:23:40.0520 AM
[ReportManager] API Action [GetResponseJSONValue] successfully performed. With the following test data [title]. @25-10-2021 10:23:40.0535 AM
[ReportManager] API Action [GetResponseJSONValue] successfully performed. With the following test data [title]. @25-10-2021 10:23:40.0554 AM
[ReportManager] API Action [GetResponseJSONValue] successfully performed. With the following test data [title]. @25-10-2021 10:23:40.0566 AM
[ReportManager] API Action [GetResponseJSONValue] successfully performed. With the following test data [title]. @25-10-2021 10:23:40.0579 AM
[ReportManager] API Action [GetResponseJSONValue] successfully performed. With the following test data [title]. @25-10-2021 10:23:40.0594 AM
[ReportManager] API Action [GetResponseJSONValue] successfully performed. With the following test data [title]. @25-10-2021 10:23:40.0606 AM
[ReportManager] API Action [GetResponseJSONValue] successfully performed. With the following test data [title]. @25-10-2021 10:23:40.0622 AM
[ReportManager] API Action [GetResponseJSONValue] successfully performed. With the following test data [title]. @25-10-2021 10:23:40.0635 AM
[ReportManager] API Action [GetResponseJSONValue] successfully performed. With the following test data [title]. @25-10-2021 10:23:40.0653 AM
[ReportManager] API Action [GetResponseJSONValue] successfully performed. With the following test data [title]. @25-10-2021 10:23:40.0678 AM
[ReportManager] API Action [GetResponseJSONValue] successfully performed. With the following test data [title]. @25-10-2021 10:23:40.0692 AM
[ReportManager] API Action [GetResponseJSONValue] successfully performed. With the following test data [title]. @25-10-2021 10:23:40.0704 AM
[ReportManager] API Action [GetResponseJSONValue] successfully performed. With the following test data [title]. @25-10-2021 10:23:40.0718 AM
[ReportManager] API Action [GetResponseJSONValue] successfully performed. With the following test data [title]. @25-10-2021 10:23:40.0736 AM
[ReportManager] API Action [GetResponseJSONValue] successfully performed. With the following test data [title]. @25-10-2021 10:23:40.0756 AM
[ReportManager] API Action [GetResponseJSONValue] successfully performed. With the following test data [title]. @25-10-2021 10:23:40.0770 AM
[ReportManager] API Action [GetResponseJSONValue] successfully performed. With the following test data [title]. @25-10-2021 10:23:40.0783 AM
[ReportManager] API Action [GetResponseJSONValue] successfully performed. With the following test data [title]. @25-10-2021 10:23:40.0798 AM
[ReportManager] API Action [GetResponseJSONValue] successfully performed. With the following test data [title]. @25-10-2021 10:23:40.0824 AM
[ReportManager] API Action [GetResponseJSONValue] successfully performed. With the following test data [title]. @25-10-2021 10:23:40.0835 AM
[ReportManager] API Action [GetResponseJSONValue] successfully performed. With the following test data [title]. @25-10-2021 10:23:40.0845 AM
[ReportManager] API Action [GetResponseJSONValue] successfully performed. With the following test data [title]. @25-10-2021 10:23:40.0856 AM
[ReportManager] API Action [GetResponseJSONValue] successfully performed. With the following test data [title]. @25-10-2021 10:23:40.0870 AM
[ReportManager] API Action [GetResponseJSONValue] successfully performed. With the following test data [title]. @25-10-2021 10:23:40.0881 AM
[ReportManager] API Action [GetResponseJSONValue] successfully performed. With the following test data [title]. @25-10-2021 10:23:40.0891 AM
[ReportManager] API Action [GetResponseJSONValue] successfully performed. With the following test data [title]. @25-10-2021 10:23:40.0901 AM
[ReportManager] API Action [GetResponseJSONValue] successfully performed. With the following test data [title]. @25-10-2021 10:23:40.0914 AM
[ReportManager] API Action [GetResponseJSONValue] successfully performed. With the following test data [title]. @25-10-2021 10:23:40.0925 AM
[ReportManager] API Action [GetResponseJSONValue] successfully performed. With the following test data [title]. @25-10-2021 10:23:40.0948 AM
[ReportManager] API Action [GetResponseJSONValue] successfully performed. With the following test data [title]. @25-10-2021 10:23:40.0968 AM
[ReportManager] API Action [GetResponseJSONValue] successfully performed. With the following test data [title]. @25-10-2021 10:23:40.0981 AM
[ReportManager] API Action [GetResponseJSONValue] successfully performed. With the following test data [title]. @25-10-2021 10:23:40.0994 AM
[ReportManager] API Action [GetResponseJSONValue] successfully performed. With the following test data [title]. @25-10-2021 10:23:41.0006 AM
[ReportManager] API Action [GetResponseJSONValue] successfully performed. With the following test data [title]. @25-10-2021 10:23:41.0015 AM
[ReportManager] API Action [GetResponseJSONValue] successfully performed. With the following test data [title]. @25-10-2021 10:23:41.0029 A

################################################################################################################################################
Starting Execution:	[48 out of 143] test cases in the current suite
Test Method:		[unitTests.tests_restActions.validateUserEmail]
################################################################################################################################################
[ReportManager] Response status code: [200], status line: [HTTP/1.1 200 OK] @25-10-2021 10:23:41.0106 AM
[ReportManager] Assertion Passed: Evaluating the actual response status code against the expected one... @25-10-2021 10:23:41.0106 AM
[ReportManager] Assertion [ValidateEquals] PASSED. Expected [200] and Actual [200]. Comparison Type [EQUALS]. Validation Type [POSITIVE]. @25-10-2021 10:23:41.0106 AM
[ReportManager] API Action [PerformRequest] successfully performed. With the following test data [Request Type: "GET" | Target Status Code: "200" | Service URL: "https://jsonplaceholder.typicode.com/users" | Content Type: "*/*" | Response Time: "58ms"]. @25-10-2021 10:23:41.0125 AM
[ReportManager] Successfully created attachment [API Request - Specifications] @25-10-2021 10:23:41.0126 AM
[ReportManager] Successfully created attachment [API Response - JSON Body] @25-10-2021 10:23:41.0126 AM
[ReportManager] Assertion [ValidateEquals] PASSED. Expected and Actual values are attached. Comparison Type [CONTAINS]. Validation Type [POSITIVE]. @25-10-2021 10:23:41.0127 AM
[ReportManager] Successfully created attachment [Validation Test Data - Expected Value] @25-10-2021 10:23:41.0127 AM
[ReportManager] Successfully created attachment [Validation Test Data - Actual Value] @25-10-2021 10:23:41.0127 AM
[ReportManager] API Action [GetResponseJSONValueAsList] successfully performed. With the following test data [$]. @25-10-2021 10:23:41.0132 AM
[ReportManager] API Action [GetResponseJSONValue] successfully performed. With the following test data [name]. @25-10-2021 10:23:41.0143 AM
[ReportManager] API Action [GetResponseJSONValue] successfully performed. With the following test data [email]. @25-10-2021 10:23:41.0153 AM
[ReportManager] Assertion [ValidateEquals] PASSED. Expected [Sincere@april.biz] and Actual [Sincere@april.biz]. Comparison Type [EQUALS]. Validation Type [POSITIVE]. @25-10-2021 10:23:41.0153 AM
[ReportManager] API Action [GetResponseJSONValue] successfully performed. With the following test data [name]. @25-10-2021 10:23:41.0164 AM
[ReportManager] API Action [GetResponseJSONValue] successfully performed. With the following test data [name]. @25-10-2021 10:23:41.0175 AM
[ReportManager] API Action [GetResponseJSONValue] successfully performed. With the following test data [name]. @25-10-2021 10:23:41.0185 AM
[ReportManager] API Action [GetResponseJSONValue] successfully performed. With the following test data [name]. @25-10-2021 10:23:41.0195 AM
[ReportManager] API Action [GetResponseJSONValue] successfully performed. With the following test data [name]. @25-10-2021 10:23:41.0204 AM
[ReportManager] API Action [GetResponseJSONValue] successfully performed. With the following test data [name]. @25-10-2021 10:23:41.0214 AM
[ReportManager] API Action [GetResponseJSONValue] successfully performed. With the following test data [name]. @25-10-2021 10:23:41.0223 AM
[ReportManager] API Action [GetResponseJSONValue] successfully performed. With the following test data [name]. @25-10-2021 10:23:41.0232 AM
[ReportManager] API Action [GetResponseJSONValue] successfully performed. With the following test data [name]. @25-10-2021 10:23:41.0241 A
[ReportManager] File Action [GetAbsolutePath] successfully performed. With the following test data [Relative Folder Path: "target/downloadedFiles/"]. @25-10-2021 10:23:41.0243 AM
[ReportManager] Attempting to run remotely on: [Linux-64], [GoogleChrome], [http://localhost:4444/wd/hub], Headless Execution. @25-10-2021 10:23:41.0251 AM
[ReportManager] Successfully Opened [GoogleChrome]. @25-10-2021 10:23:43.0126 AM
[ReportManager] Target URL: [https://duckduckgo.com] @25-10-2021 10:23:43.0126 AM
[ReportManager] Initial URL: [data:,] @25-10-2021 10:23:43.0230 AM
[ReportManager] Browser Action [NavigateToURL] successfully performed. With the following test data [https://duckduckgo.com]. @25-10-2021 10:23:43.0914 A

################################################################################################################################################
Starting Execution:	[49 out of 143] test cases in the current suite
Test Method:		[unitTests.tests_browserActions.fullScreenWindow]
################################################################################################################################################
[ReportManager] Initial Windows Size: 800x600 @25-10-2021 10:23:43.0949 AM
[ReportManager] Initial window size: (800, 600) @25-10-2021 10:23:43.0958 AM
[ReportManager] Window size after Toolkit: (1920, 1080) @25-10-2021 10:23:44.0204 AM
[ReportManager] Browser Action [MaximizeWindow] successfully performed. With the following test data [New screen size is now: (1920, 1080)]. @25-10-2021 10:23:44.0217 AM
[ReportManager] Current Windows Size after fullScreen: 1920x1080 @25-10-2021 10:23:44.0250 AM
[ReportManager] Browser Action [FullScreenWindow] successfully performed. @25-10-2021 10:23:44.0294 AM
[ReportManager] Successfully created attachment [Browser Action Test Data - FullScreenWindow - Actual Value] @25-10-2021 10:23:44.0301 A
[ReportManager] Target URL: [https://duckduckgo.com] @25-10-2021 10:23:44.0303 AM
[ReportManager] Initial URL: [https://duckduckgo.com] @25-10-2021 10:23:44.0385 AM
[ReportManager] Browser Action [NavigateToURL] successfully performed. With the following test data [https://duckduckgo.com]. @25-10-2021 10:23:44.0838 AM
[ReportManager] Browser Action [CloseCurrentWindow] successfully performed. @25-10-2021 10:23:44.0964 AM
[ReportManager] Successfully created attachment [Browser Action Test Data - CloseCurrentWindow - Actual Value] @25-10-2021 10:23:44.0971 A
[ReportManager] File Action [GetAbsolutePath] successfully performed. With the following test data [Relative Folder Path: "target/downloadedFiles/"]. @25-10-2021 10:23:44.0975 AM
[ReportManager] Attempting to run remotely on: [Linux-64], [GoogleChrome], [http://localhost:4444/wd/hub], Headless Execution. @25-10-2021 10:23:44.0975 AM
[ReportManager] Successfully Opened [GoogleChrome]. @25-10-2021 10:23:48.0058 AM
[ReportManager] Target URL: [https://duckduckgo.com] @25-10-2021 10:23:48.0058 AM
[ReportManager] Initial URL: [data:,] @25-10-2021 10:23:48.0122 AM
[ReportManager] Browser Action [NavigateToURL] successfully performed. With the following test data [https://duckduckgo.com]. @25-10-2021 10:23:48.0810 A

################################################################################################################################################
Starting Execution:	[50 out of 143] test cases in the current suite
Test Method:		[unitTests.tests_browserActions.getCurrentURL]
################################################################################################################################################
[ReportManager] Browser Action [GetCurrentURL] successfully performed. With the following test data [https://duckduckgo.com/]. @25-10-2021 10:23:48.0907 A
[ReportManager] Target URL: [https://duckduckgo.com] @25-10-2021 10:23:48.0910 AM
[ReportManager] Initial URL: [https://duckduckgo.com] @25-10-2021 10:23:49.0035 AM
[ReportManager] Browser Action [NavigateToURL] successfully performed. With the following test data [https://duckduckgo.com]. @25-10-2021 10:23:49.0605 AM
[ReportManager] Browser Action [CloseCurrentWindow] successfully performed. @25-10-2021 10:23:49.0799 AM
[ReportManager] Successfully created attachment [Browser Action Test Data - CloseCurrentWindow - Actual Value] @25-10-2021 10:23:49.0800 A
[ReportManager] File Action [GetAbsolutePath] successfully performed. With the following test data [Relative Folder Path: "target/downloadedFiles/"]. @25-10-2021 10:23:49.0802 AM
[ReportManager] Attempting to run remotely on: [Linux-64], [GoogleChrome], [http://localhost:4444/wd/hub], Headless Execution. @25-10-2021 10:23:49.0803 AM
[ReportManager] Successfully Opened [GoogleChrome]. @25-10-2021 10:23:53.0064 AM
[ReportManager] Target URL: [https://duckduckgo.com] @25-10-2021 10:23:53.0064 AM
[ReportManager] Initial URL: [data:,] @25-10-2021 10:23:53.0126 AM
[ReportManager] Browser Action [NavigateToURL] successfully performed. With the following test data [https://duckduckgo.com]. @25-10-2021 10:23:53.0756 A

################################################################################################################################################
Starting Execution:	[51 out of 143] test cases in the current suite
Test Method:		[unitTests.tests_browserActions.getCurrentWindowTitle]
################################################################################################################################################
[ReportManager] Browser Action [GetCurrentWindowTitle] successfully performed. With the following test data [DuckDuckGo  Privacy, simplified.]. @25-10-2021 10:23:53.0819 A
[ReportManager] Target URL: [https://duckduckgo.com] @25-10-2021 10:23:53.0825 AM
[ReportManager] Initial URL: [https://duckduckgo.com] @25-10-2021 10:23:53.0896 AM
[ReportManager] Browser Action [NavigateToURL] successfully performed. With the following test data [https://duckduckgo.com]. @25-10-2021 10:23:54.0267 AM
[ReportManager] Browser Action [CloseCurrentWindow] successfully performed. @25-10-2021 10:23:54.0396 AM
[ReportManager] Successfully created attachment [Browser Action Test Data - CloseCurrentWindow - Actual Value] @25-10-2021 10:23:54.0410 A
[ReportManager] File Action [GetAbsolutePath] successfully performed. With the following test data [Relative Folder Path: "target/downloadedFiles/"]. @25-10-2021 10:23:54.0420 AM
[ReportManager] Attempting to run remotely on: [Linux-64], [GoogleChrome], [http://localhost:4444/wd/hub], Headless Execution. @25-10-2021 10:23:54.0421 AM
[ReportManager] Successfully Opened [GoogleChrome]. @25-10-2021 10:23:58.0068 AM
[ReportManager] Target URL: [https://duckduckgo.com] @25-10-2021 10:23:58.0069 AM
[ReportManager] Initial URL: [data:,] @25-10-2021 10:23:58.0177 AM
[ReportManager] Browser Action [NavigateToURL] successfully performed. With the following test data [https://duckduckgo.com]. @25-10-2021 10:23:58.0742 A

################################################################################################################################################
Starting Execution:	[52 out of 143] test cases in the current suite
Test Method:		[unitTests.tests_browserActions.getPageSource]
################################################################################################################################################
[ReportManager] Browser Action [GetPageSource] successfully performed. @25-10-2021 10:23:58.0823 AM
[ReportManager] Successfully created attachment [Browser Action Test Data - GetPageSource - Actual Value] @25-10-2021 10:23:58.0824 A
[ReportManager] Target URL: [https://duckduckgo.com] @25-10-2021 10:23:58.0828 AM
[ReportManager] Initial URL: [https://duckduckgo.com] @25-10-2021 10:23:58.0889 AM
[ReportManager] Browser Action [NavigateToURL] successfully performed. With the following test data [https://duckduckgo.com]. @25-10-2021 10:23:59.0285 AM
[ReportManager] Browser Action [CloseCurrentWindow] successfully performed. @25-10-2021 10:23:59.0423 AM
[ReportManager] Successfully created attachment [Browser Action Test Data - CloseCurrentWindow - Actual Value] @25-10-2021 10:23:59.0423 A
[ReportManager] File Action [GetAbsolutePath] successfully performed. With the following test data [Relative Folder Path: "target/downloadedFiles/"]. @25-10-2021 10:23:59.0430 AM
[ReportManager] Attempting to run remotely on: [Linux-64], [GoogleChrome], [http://localhost:4444/wd/hub], Headless Execution. @25-10-2021 10:23:59.0430 AM
[ReportManager] Successfully Opened [GoogleChrome]. @25-10-2021 10:24:03.0059 AM
[ReportManager] Target URL: [https://duckduckgo.com] @25-10-2021 10:24:03.0059 AM
[ReportManager] Initial URL: [data:,] @25-10-2021 10:24:03.0131 AM
[ReportManager] Browser Action [NavigateToURL] successfully performed. With the following test data [https://duckduckgo.com]. @25-10-2021 10:24:03.0780 A

################################################################################################################################################
Starting Execution:	[53 out of 143] test cases in the current suite
Test Method:		[unitTests.tests_browserActions.getWindowHandle]
################################################################################################################################################
[ReportManager] Browser Action [GetWindowHandle] successfully performed. With the following test data [CDwindow-19205E5D1EF60D4F832CEE7783EC56C8]. @25-10-2021 10:24:03.0829 A
[ReportManager] Target URL: [https://duckduckgo.com] @25-10-2021 10:24:03.0831 AM
[ReportManager] Initial URL: [https://duckduckgo.com] @25-10-2021 10:24:03.0910 AM
[ReportManager] Browser Action [NavigateToURL] successfully performed. With the following test data [https://duckduckgo.com]. @25-10-2021 10:24:04.0355 AM
[ReportManager] Browser Action [CloseCurrentWindow] successfully performed. @25-10-2021 10:24:04.0553 AM
[ReportManager] Successfully created attachment [Browser Action Test Data - CloseCurrentWindow - Actual Value] @25-10-2021 10:24:04.0554 A
[ReportManager] File Action [GetAbsolutePath] successfully performed. With the following test data [Relative Folder Path: "target/downloadedFiles/"]. @25-10-2021 10:24:04.0558 AM
[ReportManager] Attempting to run remotely on: [Linux-64], [GoogleChrome], [http://localhost:4444/wd/hub], Headless Execution. @25-10-2021 10:24:04.0558 AM
[ReportManager] Successfully Opened [GoogleChrome]. @25-10-2021 10:24:08.0060 AM
[ReportManager] Target URL: [https://duckduckgo.com] @25-10-2021 10:24:08.0060 AM
[ReportManager] Initial URL: [data:,] @25-10-2021 10:24:08.0155 AM
[ReportManager] Browser Action [NavigateToURL] successfully performed. With the following test data [https://duckduckgo.com]. @25-10-2021 10:24:08.0795 A

################################################################################################################################################
Starting Execution:	[54 out of 143] test cases in the current suite
Test Method:		[unitTests.tests_browserActions.getWindowPosition]
################################################################################################################################################
[ReportManager] Browser Action [GetWindowPosition] successfully performed. With the following test data [(0, 0)]. @25-10-2021 10:24:08.0834 A
[ReportManager] Target URL: [https://duckduckgo.com] @25-10-2021 10:24:08.0836 AM
[ReportManager] Initial URL: [https://duckduckgo.com] @25-10-2021 10:24:08.0921 AM
[ReportManager] Browser Action [NavigateToURL] successfully performed. With the following test data [https://duckduckgo.com]. @25-10-2021 10:24:09.0330 AM
[ReportManager] Browser Action [CloseCurrentWindow] successfully performed. @25-10-2021 10:24:09.0546 AM
[ReportManager] Successfully created attachment [Browser Action Test Data - CloseCurrentWindow - Actual Value] @25-10-2021 10:24:09.0546 A
[ReportManager] File Action [GetAbsolutePath] successfully performed. With the following test data [Relative Folder Path: "target/downloadedFiles/"]. @25-10-2021 10:24:09.0550 AM
[ReportManager] Attempting to run remotely on: [Linux-64], [GoogleChrome], [http://localhost:4444/wd/hub], Headless Execution. @25-10-2021 10:24:09.0550 AM
[ReportManager] Successfully Opened [GoogleChrome]. @25-10-2021 10:24:13.0077 AM
[ReportManager] Target URL: [https://duckduckgo.com] @25-10-2021 10:24:13.0078 AM
[ReportManager] Initial URL: [data:,] @25-10-2021 10:24:13.0181 AM
[ReportManager] Browser Action [NavigateToURL] successfully performed. With the following test data [https://duckduckgo.com]. @25-10-2021 10:24:13.0813 A

################################################################################################################################################
Starting Execution:	[55 out of 143] test cases in the current suite
Test Method:		[unitTests.tests_browserActions.getWindowSize]
################################################################################################################################################
[ReportManager] Browser Action [GetWindowSize] successfully performed. With the following test data [(800, 600)]. @25-10-2021 10:24:13.0895 A
[ReportManager] Target URL: [https://duckduckgo.com] @25-10-2021 10:24:13.0899 AM
[ReportManager] Initial URL: [https://duckduckgo.com] @25-10-2021 10:24:14.0025 AM
[ReportManager] Browser Action [NavigateToURL] successfully performed. With the following test data [https://duckduckgo.com]. @25-10-2021 10:24:14.0386 AM
[ReportManager] Browser Action [CloseCurrentWindow] successfully performed. @25-10-2021 10:24:14.0504 AM
[ReportManager] Successfully created attachment [Browser Action Test Data - CloseCurrentWindow - Actual Value] @25-10-2021 10:24:14.0504 A
[ReportManager] File Action [GetAbsolutePath] successfully performed. With the following test data [Relative Folder Path: "target/downloadedFiles/"]. @25-10-2021 10:24:14.0507 AM
[ReportManager] Attempting to run remotely on: [Linux-64], [GoogleChrome], [http://localhost:4444/wd/hub], Headless Execution. @25-10-2021 10:24:14.0508 AM
[ReportManager] Successfully Opened [GoogleChrome]. @25-10-2021 10:24:18.0059 AM
[ReportManager] Target URL: [https://duckduckgo.com] @25-10-2021 10:24:18.0059 AM
[ReportManager] Initial URL: [data:,] @25-10-2021 10:24:18.0166 AM
[ReportManager] Browser Action [NavigateToURL] successfully performed. With the following test data [https://duckduckgo.com]. @25-10-2021 10:24:18.0769 A

################################################################################################################################################
Starting Execution:	[56 out of 143] test cases in the current suite
Test Method:		[unitTests.tests_browserActions.maximizeWindow]
################################################################################################################################################
[ReportManager] Initial window size: (800, 600) @25-10-2021 10:24:18.0783 AM
[ReportManager] Window size after Toolkit: (1920, 1080) @25-10-2021 10:24:19.0051 AM
[ReportManager] Browser Action [MaximizeWindow] successfully performed. With the following test data [New screen size is now: (1920, 1080)]. @25-10-2021 10:24:19.0069 A
[ReportManager] Target URL: [https://duckduckgo.com] @25-10-2021 10:24:19.0071 AM
[ReportManager] Initial URL: [https://duckduckgo.com] @25-10-2021 10:24:19.0182 AM
[ReportManager] Browser Action [NavigateToURL] successfully performed. With the following test data [https://duckduckgo.com]. @25-10-2021 10:24:19.0698 AM
[ReportManager] Browser Action [CloseCurrentWindow] successfully performed. @25-10-2021 10:24:19.0839 AM
[ReportManager] Successfully created attachment [Browser Action Test Data - CloseCurrentWindow - Actual Value] @25-10-2021 10:24:19.0840 A
[ReportManager] File Action [GetAbsolutePath] successfully performed. With the following test data [Relative Folder Path: "target/downloadedFiles/"]. @25-10-2021 10:24:19.0843 AM
[ReportManager] Attempting to run remotely on: [Linux-64], [GoogleChrome], [http://localhost:4444/wd/hub], Headless Execution. @25-10-2021 10:24:19.0844 AM
[ReportManager] Successfully Opened [GoogleChrome]. @25-10-2021 10:24:23.0138 AM
[ReportManager] Target URL: [https://duckduckgo.com] @25-10-2021 10:24:23.0138 AM
[ReportManager] Initial URL: [data:,] @25-10-2021 10:24:23.0213 AM
[ReportManager] Browser Action [NavigateToURL] successfully performed. With the following test data [https://duckduckgo.com]. @25-10-2021 10:24:23.0780 A

################################################################################################################################################
Starting Execution:	[57 out of 143] test cases in the current suite
Test Method:		[unitTests.tests_browserActions.navigateBack]
################################################################################################################################################
[ReportManager] Target URL: [https://www.google.com/ncr], and after redirection: [https://www.google.com] @25-10-2021 10:24:23.0784 AM
[ReportManager] Initial URL: [https://duckduckgo.com] @25-10-2021 10:24:23.0856 AM
[ReportManager] Browser Action [NavigateToURL] successfully performed. With the following test data [https://www.google.com/ncr]. @25-10-2021 10:24:24.0675 AM
[ReportManager] Browser Action [NavigateBack] successfully performed. With the following test data [https://duckduckgo.com/]. @25-10-2021 10:24:25.0192 AM
[ReportManager] Browser Action [GetCurrentURL] successfully performed. With the following test data [https://duckduckgo.com/]. @25-10-2021 10:24:25.0234 AM
[ReportManager] Assertion Passed: Confirming that navigating back was successful @25-10-2021 10:24:25.0385 AM
[ReportManager] Successfully created attachment [Screenshot - 1635157465305_navigateBack_ValidateBrowserAttribute_passed] @25-10-2021 10:24:25.0387 AM
[ReportManager] Assertion [ValidateBrowserAttribute] PASSED. Expected [Value Should be 'https://duckduckgo.com' for the 'CurrentUrl' attribute] and Actual [https://duckduckgo.com/]. Comparison Type [CONTAINS]. Validation Type [POSITIVE]. @25-10-2021 10:24:25.0387 A
[ReportManager] Target URL: [https://duckduckgo.com] @25-10-2021 10:24:25.0393 AM
[ReportManager] Initial URL: [https://duckduckgo.com] @25-10-2021 10:24:25.0502 AM
[ReportManager] Browser Action [NavigateToURL] successfully performed. With the following test data [https://duckduckgo.com]. @25-10-2021 10:24:25.0887 AM
[ReportManager] Browser Action [CloseCurrentWindow] successfully performed. @25-10-2021 10:24:26.0004 AM
[ReportManager] Successfully created attachment [Browser Action Test Data - CloseCurrentWindow - Actual Value] @25-10-2021 10:24:26.0005 A
[ReportManager] File Action [GetAbsolutePath] successfully performed. With the following test data [Relative Folder Path: "target/downloadedFiles/"]. @25-10-2021 10:24:26.0007 AM
[ReportManager] Attempting to run remotely on: [Linux-64], [GoogleChrome], [http://localhost:4444/wd/hub], Headless Execution. @25-10-2021 10:24:26.0007 AM
[ReportManager] Successfully Opened [GoogleChrome]. @25-10-2021 10:24:28.0064 AM
[ReportManager] Target URL: [https://duckduckgo.com] @25-10-2021 10:24:28.0064 AM
[ReportManager] Initial URL: [data:,] @25-10-2021 10:24:28.0148 AM
[ReportManager] Browser Action [NavigateToURL] successfully performed. With the following test data [https://duckduckgo.com]. @25-10-2021 10:24:28.0643 A

################################################################################################################################################
Starting Execution:	[58 out of 143] test cases in the current suite
Test Method:		[unitTests.tests_browserActions.navigateForward]
################################################################################################################################################
[ReportManager] Target URL: [https://www.google.com/ncr], and after redirection: [https://www.google.com] @25-10-2021 10:24:28.0652 AM
[ReportManager] Initial URL: [https://duckduckgo.com] @25-10-2021 10:24:28.0711 AM
[ReportManager] Browser Action [NavigateToURL] successfully performed. With the following test data [https://www.google.com/ncr]. @25-10-2021 10:24:29.0513 AM
[ReportManager] Browser Action [NavigateBack] successfully performed. With the following test data [https://duckduckgo.com/]. @25-10-2021 10:24:29.0999 AM
[ReportManager] Browser Action [NavigateForward] successfully performed. With the following test data [https://www.google.com/]. @25-10-2021 10:24:30.0583 A
[ReportManager] Target URL: [https://duckduckgo.com] @25-10-2021 10:24:30.0588 AM
[ReportManager] Initial URL: [https://www.google.com] @25-10-2021 10:24:30.0668 AM
[ReportManager] Browser Action [NavigateToURL] successfully performed. With the following test data [https://duckduckgo.com]. @25-10-2021 10:24:31.0187 AM
[ReportManager] Browser Action [CloseCurrentWindow] successfully performed. @25-10-2021 10:24:31.0320 AM
[ReportManager] Successfully created attachment [Browser Action Test Data - CloseCurrentWindow - Actual Value] @25-10-2021 10:24:31.0320 A
[ReportManager] File Action [GetAbsolutePath] successfully performed. With the following test data [Relative Folder Path: "target/downloadedFiles/"]. @25-10-2021 10:24:31.0322 AM
[ReportManager] Attempting to run remotely on: [Linux-64], [GoogleChrome], [http://localhost:4444/wd/hub], Headless Execution. @25-10-2021 10:24:31.0323 AM
[ReportManager] Successfully Opened [GoogleChrome]. @25-10-2021 10:24:33.0070 AM
[ReportManager] Target URL: [https://duckduckgo.com] @25-10-2021 10:24:33.0070 AM
[ReportManager] Initial URL: [data:,] @25-10-2021 10:24:33.0153 AM
[ReportManager] Browser Action [NavigateToURL] successfully performed. With the following test data [https://duckduckgo.com]. @25-10-2021 10:24:33.0684 A

################################################################################################################################################
Starting Execution:	[59 out of 143] test cases in the current suite
Test Method:		[unitTests.tests_browserActions.navigateToURL]
################################################################################################################################################
[ReportManager] Target URL: [https://duckduckgo.com] @25-10-2021 10:24:33.0692 AM
[ReportManager] Initial URL: [https://duckduckgo.com] @25-10-2021 10:24:33.0744 AM
[ReportManager] Browser Action [NavigateToURL] successfully performed. With the following test data [https://duckduckgo.com]. @25-10-2021 10:24:34.0101 A
[ReportManager] Target URL: [https://duckduckgo.com] @25-10-2021 10:24:34.0103 AM
[ReportManager] Initial URL: [https://duckduckgo.com] @25-10-2021 10:24:34.0151 AM
[ReportManager] Browser Action [NavigateToURL] successfully performed. With the following test data [https://duckduckgo.com]. @25-10-2021 10:24:34.0449 AM
[ReportManager] Browser Action [CloseCurrentWindow] successfully performed. @25-10-2021 10:24:34.0584 AM
[ReportManager] Successfully created attachment [Browser Action Test Data - CloseCurrentWindow - Actual Value] @25-10-2021 10:24:34.0585 A
[ReportManager] File Action [GetAbsolutePath] successfully performed. With the following test data [Relative Folder Path: "target/downloadedFiles/"]. @25-10-2021 10:24:34.0600 AM
[ReportManager] Attempting to run remotely on: [Linux-64], [GoogleChrome], [http://localhost:4444/wd/hub], Headless Execution. @25-10-2021 10:24:34.0601 AM
[ReportManager] Successfully Opened [GoogleChrome]. @25-10-2021 10:24:38.0059 AM
[ReportManager] Target URL: [https://duckduckgo.com] @25-10-2021 10:24:38.0060 AM
[ReportManager] Initial URL: [data:,] @25-10-2021 10:24:38.0120 AM
[ReportManager] Browser Action [NavigateToURL] successfully performed. With the following test data [https://duckduckgo.com]. @25-10-2021 10:24:38.0686 A

################################################################################################################################################
Starting Execution:	[60 out of 143] test cases in the current suite
Test Method:		[unitTests.tests_browserActions.navigateToURLWithRedirection]
################################################################################################################################################
[ReportManager] Target URL: [https://www.google.com/ncr], and after redirection: [https://www.google.com] @25-10-2021 10:24:38.0691 AM
[ReportManager] Initial URL: [https://duckduckgo.com] @25-10-2021 10:24:38.0741 AM
[ReportManager] Browser Action [NavigateToURL] successfully performed. With the following test data [https://www.google.com/ncr]. @25-10-2021 10:24:39.0526 A
[ReportManager] Target URL: [https://duckduckgo.com] @25-10-2021 10:24:39.0529 AM
[ReportManager] Initial URL: [https://www.google.com] @25-10-2021 10:24:39.0609 AM
[ReportManager] Browser Action [NavigateToURL] successfully performed. With the following test data [https://duckduckgo.com]. @25-10-2021 10:24:40.0114 AM
[ReportManager] Browser Action [CloseCurrentWindow] successfully performed. @25-10-2021 10:24:40.0226 AM
[ReportManager] Successfully created attachment [Browser Action Test Data - CloseCurrentWindow - Actual Value] @25-10-2021 10:24:40.0226 A
[ReportManager] File Action [GetAbsolutePath] successfully performed. With the following test data [Relative Folder Path: "target/downloadedFiles/"]. @25-10-2021 10:24:40.0229 AM
[ReportManager] Attempting to run remotely on: [Linux-64], [GoogleChrome], [http://localhost:4444/wd/hub], Headless Execution. @25-10-2021 10:24:40.0229 AM
[ReportManager] Successfully Opened [GoogleChrome]. @25-10-2021 10:24:43.0056 AM
[ReportManager] Target URL: [https://duckduckgo.com] @25-10-2021 10:24:43.0056 AM
[ReportManager] Initial URL: [data:,] @25-10-2021 10:24:43.0121 AM
[ReportManager] Browser Action [NavigateToURL] successfully performed. With the following test data [https://duckduckgo.com]. @25-10-2021 10:24:43.0636 A

################################################################################################################################################
Starting Execution:	[61 out of 143] test cases in the current suite
Test Method:		[unitTests.tests_browserActions.refreshCurrentPage]
################################################################################################################################################
[ReportManager] Browser Action [RefreshCurrentPage] successfully performed. @25-10-2021 10:24:43.0849 AM
[ReportManager] Successfully created attachment [Browser Action Test Data - RefreshCurrentPage - Actual Value] @25-10-2021 10:24:43.0850 A
[ReportManager] Target URL: [https://duckduckgo.com] @25-10-2021 10:24:43.0852 AM
[ReportManager] Initial URL: [https://duckduckgo.com] @25-10-2021 10:24:43.0938 AM
[ReportManager] Browser Action [NavigateToURL] successfully performed. With the following test data [https://duckduckgo.com]. @25-10-2021 10:24:44.0217 AM
[ReportManager] Browser Action [CloseCurrentWindow] successfully performed. @25-10-2021 10:24:44.0370 AM
[ReportManager] Successfully created attachment [Browser Action Test Data - CloseCurrentWindow - Actual Value] @25-10-2021 10:24:44.0371 A
[ReportManager] File Action [GetAbsolutePath] successfully performed. With the following test data [Relative Folder Path: "target/downloadedFiles/"]. @25-10-2021 10:24:44.0380 AM
[ReportManager] Attempting to run remotely on: [Linux-64], [GoogleChrome], [http://localhost:4444/wd/hub], Headless Execution. @25-10-2021 10:24:44.0381 AM
[ReportManager] Successfully Opened [GoogleChrome]. @25-10-2021 10:24:48.0054 AM
[ReportManager] Target URL: [https://duckduckgo.com] @25-10-2021 10:24:48.0054 AM
[ReportManager] Initial URL: [data:,] @25-10-2021 10:24:48.0095 AM
[ReportManager] Browser Action [NavigateToURL] successfully performed. With the following test data [https://duckduckgo.com]. @25-10-2021 10:24:48.0626 A

################################################################################################################################################
Starting Execution:	[62 out of 143] test cases in the current suite
Test Method:		[unitTests.tests_browserActions.setWindowSize]
################################################################################################################################################
[ReportManager] Initial window size: (800, 600) @25-10-2021 10:24:48.0638 AM
[ReportManager] Window size after SWD: (1280, 720) @25-10-2021 10:24:48.0856 AM
[ReportManager] Browser Action [SetWindowSize] successfully performed. With the following test data [New screen size is now: (1280, 720)]. @25-10-2021 10:24:48.0857 A
[ReportManager] Target URL: [https://duckduckgo.com] @25-10-2021 10:24:48.0869 AM
[ReportManager] Initial URL: [https://duckduckgo.com] @25-10-2021 10:24:48.0934 AM
[ReportManager] Browser Action [NavigateToURL] successfully performed. With the following test data [https://duckduckgo.com]. @25-10-2021 10:24:49.0328 AM
[ReportManager] Browser Action [CloseCurrentWindow] successfully performed. @25-10-2021 10:24:49.0462 AM
[ReportManager] Successfully created attachment [Browser Action Test Data - CloseCurrentWindow - Actual Value] @25-10-2021 10:24:49.0462 A
[ReportManager] File Action [GetAbsolutePath] successfully performed. With the following test data [Relative Folder Path: "target/downloadedFiles/"]. @25-10-2021 10:24:49.0464 AM
[ReportManager] Attempting to run remotely on: [Linux-64], [GoogleChrome], [http://localhost:4444/wd/hub], Headless Execution. @25-10-2021 10:24:49.0467 AM
[ReportManager] Successfully Opened [GoogleChrome]. @25-10-2021 10:24:53.0054 A

################################################################################################################################################
Starting Execution:	[63 out of 143] test cases in the current suite
Test Method:		[unitTests.tests_element_elementActions.waitForElementToBePresent_false_expectedToFail]
################################################################################################################################################
[ReportManager] Target URL: [https://www.google.com/ncr], and after redirection: [www.google.com] @25-10-2021 10:24:53.0060 AM
[ReportManager] Initial URL: [data:,] @25-10-2021 10:24:53.0122 AM
[ReportManager] Browser Action [NavigateToURL] successfully performed. With the following test data [https://www.google.com/ncr]. @25-10-2021 10:24:53.0851 AM
[ReportManager] Waiting for element to be present; elementLocator [By.xpath: //*[@id='hplogo' or @alt='Google']], numberOfTries[1], stateOfPresence[false]... @25-10-2021 10:24:53.0856 AM
[ReportManager] Element Action [WaitForElementToBePresent] failed. With the following test data [waited for the element's state of presence to be (false). Element locator (By.xpath: //*[@id='hplogo' or @alt='Google'])]. @25-10-2021 10:24:54.0091 AM
[ReportManager] Successfully created attachment [Screenshot - 1635157494023_waitForElementToBePresent_false_expectedToFail_WaitForElementToBePresent_failed] @25-10-2021 10:24:54.0092 A
[ReportManager] Browser Action [CloseCurrentWindow] successfully performed. @25-10-2021 10:24:54.0209 AM
[ReportManager] Successfully created attachment [Browser Action Test Data - CloseCurrentWindow - Actual Value] @25-10-2021 10:24:54.0210 A
[ReportManager] File Action [GetAbsolutePath] successfully performed. With the following test data [Relative Folder Path: "target/downloadedFiles/"]. @25-10-2021 10:24:54.0213 AM
[ReportManager] Attempting to run remotely on: [Linux-64], [GoogleChrome], [http://localhost:4444/wd/hub], Headless Execution. @25-10-2021 10:24:54.0213 AM
[ReportManager] Successfully Opened [GoogleChrome]. @25-10-2021 10:24:58.0062 A

################################################################################################################################################
Starting Execution:	[64 out of 143] test cases in the current suite
Test Method:		[unitTests.tests_element_elementActions.waitForElementToBePresent_false_expectedToPass]
################################################################################################################################################
[ReportManager] Target URL: [https://www.google.com/ncr], and after redirection: [www.google.com] @25-10-2021 10:24:58.0066 AM
[ReportManager] Initial URL: [data:,] @25-10-2021 10:24:58.0109 AM
[ReportManager] Browser Action [NavigateToURL] successfully performed. With the following test data [https://www.google.com/ncr]. @25-10-2021 10:24:58.0862 AM
[ReportManager] Waiting for element to be present; elementLocator [By.id: bla], numberOfTries[1], stateOfPresence[false]... @25-10-2021 10:24:58.0862 AM
[ReportManager] Element Action [WaitForElementToBePresent] successfully performed. With the following test data [waited for the element's state of presence to be (false). Element locator (By.id: bla)]. @25-10-2021 10:25:03.0999 A
[ReportManager] Browser Action [CloseCurrentWindow] successfully performed. @25-10-2021 10:25:04.0165 AM
[ReportManager] Successfully created attachment [Browser Action Test Data - CloseCurrentWindow - Actual Value] @25-10-2021 10:25:04.0166 A
[ReportManager] File Action [GetAbsolutePath] successfully performed. With the following test data [Relative Folder Path: "target/downloadedFiles/"]. @25-10-2021 10:25:04.0169 AM
[ReportManager] Attempting to run remotely on: [Linux-64], [GoogleChrome], [http://localhost:4444/wd/hub], Headless Execution. @25-10-2021 10:25:04.0169 AM
[ReportManager] Successfully Opened [GoogleChrome]. @25-10-2021 10:25:08.0059 A

################################################################################################################################################
Starting Execution:	[65 out of 143] test cases in the current suite
Test Method:		[unitTests.tests_element_elementActions.waitForElementToBePresent_moreThanOneElement_expectedToFail]
################################################################################################################################################
[ReportManager] Target URL: [https://www.google.com/ncr], and after redirection: [www.google.com] @25-10-2021 10:25:08.0064 AM
[ReportManager] Initial URL: [data:,] @25-10-2021 10:25:08.0120 AM
[ReportManager] Browser Action [NavigateToURL] successfully performed. With the following test data [https://www.google.com/ncr]. @25-10-2021 10:25:08.0841 AM
[ReportManager] Waiting for element to be present; elementLocator [By.xpath: //*], numberOfTries[1], stateOfPresence[false]... @25-10-2021 10:25:08.0841 AM
[ReportManager] Element Action [WaitForElementToBePresent] failed. With the following test data [waited for the element's state of presence to be (false). Element locator (By.xpath: //*)]. @25-10-2021 10:25:09.0037 AM
[ReportManager] Successfully created attachment [Screenshot - 1635157508972_waitForElementToBePresent_moreThanOneElement_expectedToFail_WaitForElementToBePresent_failed] @25-10-2021 10:25:09.0037 A
[ReportManager] Browser Action [CloseCurrentWindow] successfully performed. @25-10-2021 10:25:09.0165 AM
[ReportManager] Successfully created attachment [Browser Action Test Data - CloseCurrentWindow - Actual Value] @25-10-2021 10:25:09.0165 A
[ReportManager] File Action [GetAbsolutePath] successfully performed. With the following test data [Relative Folder Path: "target/downloadedFiles/"]. @25-10-2021 10:25:09.0168 AM
[ReportManager] Attempting to run remotely on: [Linux-64], [GoogleChrome], [http://localhost:4444/wd/hub], Headless Execution. @25-10-2021 10:25:09.0168 AM
[ReportManager] Successfully Opened [GoogleChrome]. @25-10-2021 10:25:13.0077 A

################################################################################################################################################
Starting Execution:	[66 out of 143] test cases in the current suite
Test Method:		[unitTests.tests_element_elementActions.waitForElementToBePresent_true_expectedToFail]
################################################################################################################################################
[ReportManager] Target URL: [https://www.google.com/ncr], and after redirection: [www.google.com] @25-10-2021 10:25:13.0084 AM
[ReportManager] Initial URL: [data:,] @25-10-2021 10:25:13.0149 AM
[ReportManager] Browser Action [NavigateToURL] successfully performed. With the following test data [https://www.google.com/ncr]. @25-10-2021 10:25:13.0834 AM
[ReportManager] Waiting for element to be present; elementLocator [By.id: bla], numberOfTries[1], stateOfPresence[true]... @25-10-2021 10:25:13.0834 AM
[ReportManager] Element Action [WaitForElementToBePresent] failed. With the following test data [waited for the element's state of presence to be (true). Element locator (By.id: bla)]. @25-10-2021 10:25:19.0096 AM
[ReportManager] Successfully created attachment [Screenshot - 1635157519027_waitForElementToBePresent_true_expectedToFail_WaitForElementToBePresent_failed] @25-10-2021 10:25:19.0096 A
[ReportManager] Browser Action [CloseCurrentWindow] successfully performed. @25-10-2021 10:25:19.0216 AM
[ReportManager] Successfully created attachment [Browser Action Test Data - CloseCurrentWindow - Actual Value] @25-10-2021 10:25:19.0217 A
[ReportManager] File Action [GetAbsolutePath] successfully performed. With the following test data [Relative Folder Path: "target/downloadedFiles/"]. @25-10-2021 10:25:19.0220 AM
[ReportManager] Attempting to run remotely on: [Linux-64], [GoogleChrome], [http://localhost:4444/wd/hub], Headless Execution. @25-10-2021 10:25:19.0220 AM
[ReportManager] Successfully Opened [GoogleChrome]. @25-10-2021 10:25:23.0063 A

################################################################################################################################################
Starting Execution:	[67 out of 143] test cases in the current suite
Test Method:		[unitTests.tests_element_elementActions.waitForElementToBePresent_true_expectedToPass]
################################################################################################################################################
[ReportManager] Target URL: [https://www.google.com/ncr], and after redirection: [www.google.com] @25-10-2021 10:25:23.0066 AM
[ReportManager] Initial URL: [data:,] @25-10-2021 10:25:23.0128 AM
[ReportManager] Browser Action [NavigateToURL] successfully performed. With the following test data [https://www.google.com/ncr]. @25-10-2021 10:25:23.0834 AM
[ReportManager] Waiting for element to be present; elementLocator [By.xpath: //*[@id='hplogo' or @alt='Google']], numberOfTries[1], stateOfPresence[true]... @25-10-2021 10:25:23.0834 AM
[ReportManager] Element Action [WaitForElementToBePresent] successfully performed. With the following test data [waited for the element's state of presence to be (true). Element locator (By.xpath: //*[@id='hplogo' or @alt='Google'])]. @25-10-2021 10:25:23.0903 AM
[ReportManager] File Action [DoesFileExist] successfully performed. With the following test data [File Path: "src/test/resources/DynamicObjectRepository/unitTests_tests_element_elementActions_waitForElementToBePresent_true_expectedToPass_By_xpath_id_hplogo_or_alt_Google.png"]. @25-10-2021 10:25:23.0906 AM
[ReportManager] File Action [DoesFileExist] successfully performed. With the following test data [File Path: "src/test/resources/DynamicObjectRepository/unitTests_tests_element_elementActions_waitForElementToBePresent_true_expectedToPass_By_xpath_id_hplogo_or_alt_Google.png"]. @25-10-2021 10:25:24.0109 AM
[ReportManager] Passing the test and saving a reference image @25-10-2021 10:25:24.0109 AM
[ReportManager] File Action [GetAbsolutePath] successfully performed. With the following test data [Relative File Path: "src/test/resources/DynamicObjectRepository/unitTests_tests_element_elementActions_waitForElementToBePresent_true_expectedToPass_By_xpath_id_hplogo_or_alt_Google.png"]. @25-10-2021 10:25:24.0109 AM
[ReportManager] File Action [WriteToFile] successfully performed. With the following test data [Target File Path: "/home/runner/work/SHAFT_ENGINE/SHAFT_ENGINE/src/test/resources/DynamicObjectRepository/unitTests_tests_element_elementActions_waitForElementToBePresent_true_expectedToPass_By_xpath_id_hplogo_or_alt_Google.png"]. @25-10-2021 10:25:24.0111 AM
[ReportManager] Assertion Passed: Using Visual AI; OpenCV @25-10-2021 10:25:24.0111 AM
[ReportManager] Successfully created attachment [Validation Test Data - Actual Screenshot] @25-10-2021 10:25:24.0111 AM
[ReportManager] Assertion [ValidateElementMatches] PASSED. Expected [Element should match the reference screenshot] and Actual [TRUE]. Comparison Type [EXACT_OPENCV]. Validation Type [POSITIVE]. @25-10-2021 10:25:24.0111 A
[ReportManager] Browser Action [CloseCurrentWindow] successfully performed. @25-10-2021 10:25:24.0232 AM
[ReportManager] Successfully created attachment [Browser Action Test Data - CloseCurrentWindow - Actual Value] @25-10-2021 10:25:24.0233 A
[ReportManager] Successfully loaded the following test data file [src/test/resources/TestDataFiles/testSuite01/TestData.xlsx]. @25-10-2021 10:25:25.0144 AM
[ReportManager] Successfully created attachment [Test Data - Excel] @25-10-2021 10:25:25.0144 A

################################################################################################################################################
Starting Execution:	[68 out of 143] test cases in the current suite
Test Method:		[unitTests.tests_io_excelFileManager.getCellData_rowName_expectedToPass]
################################################################################################################################################
[ReportManager] testRowData. @25-10-2021 10:25:25.0163 A

################################################################################################################################################
Starting Execution:	[69 out of 143] test cases in the current suite
Test Method:		[testPackage01.Test_testData.f]
################################################################################################################################################
[ReportManager] Successfully loaded the following test data file [src/test/resources/TestDataFiles/testSuite01/TestData.xlsx]. @25-10-2021 10:25:25.0227 AM
[ReportManager] Successfully created attachment [Test Data - Excel] @25-10-2021 10:25:25.0228 AM
[ReportManager] Last Column Number is: [3]. Zero-based. @25-10-2021 10:25:25.0229 A

################################################################################################################################################
Starting Execution:	[70 out of 143] test cases in the current suite
Test Method:		[testPackage01.Test_SkipDueToIssue.doNotSkip]
################################################################################################################################################
[ReportManager] This should not be skipped. @25-10-2021 10:25:25.0234 A

################################################################################################################################################
Starting Execution:	[71 out of 143] test cases in the current suite
Test Method:		[testPackage01.Test_SkipDueToIssue.skip]
################################################################################################################################################
[ReportManager] This should be skipped. @25-10-2021 10:25:25.0242 A

################################################################################################################################################
Starting Execution:	[72 out of 143] test cases in the current suite
Test Method:		[testPackage01.Test_SkipDueToIssue.skip2]
################################################################################################################################################
[ReportManager] This should be skipped. @25-10-2021 10:25:25.0250 A

################################################################################################################################################
Starting Execution:	[73 out of 143] test cases in the current suite
Test Method:		[testPackage01.Test_chainableElementActions.chainElementActions]
################################################################################################################################################
[ReportManager] File Action [GetAbsolutePath] successfully performed. With the following test data [Relative Folder Path: "target/downloadedFiles/"]. @25-10-2021 10:25:25.0255 AM
[ReportManager] Attempting to run remotely on: [Linux-64], [GoogleChrome], [http://localhost:4444/wd/hub], Headless Execution. @25-10-2021 10:25:25.0255 AM
[ReportManager] Successfully Opened [GoogleChrome]. @25-10-2021 10:25:28.0096 AM
[ReportManager] Target URL: [https://www.google.com/ncr], and after redirection: [https://www.google.com] @25-10-2021 10:25:28.0096 AM
[ReportManager] Initial URL: [data:,] @25-10-2021 10:25:28.0175 AM
[ReportManager] Browser Action [NavigateToURL] successfully performed. With the following test data [https://www.google.com/ncr]. @25-10-2021 10:25:28.0909 AM
[ReportManager] Element Action [Type] successfully performed. With the following test data [chained type 1]. @25-10-2021 10:25:29.0347 AM
[ReportManager] Element Action [Type] successfully performed. With the following test data [chained type 2]. @25-10-2021 10:25:29.0778 AM
[ReportManager] Element Action [TypeAppend] successfully performed. With the following test data [345]. @25-10-2021 10:25:29.0898 AM
[ReportManager] Element Action [GetText] successfully performed. With the following test data [chained type 2345]. @25-10-2021 10:25:30.0137 AM
[ReportManager] Loaded Shared OpenCV @25-10-2021 10:25:30.0273 AM
[ReportManager] Assertion [ValidateElementAttribute] PASSED. Expected [Value Should be 'chained type 2345' for the 'text' attribute, element locator 'By.name: q'] and Actual [chained type 2345]. Comparison Type [EQUALS]. Validation Type [POSITIVE]. @25-10-2021 10:25:30.0352 AM
[ReportManager] Successfully created attachment [Screenshot - 1635157530273_chainElementActions_ValidateElementAttribute_passed] @25-10-2021 10:25:30.0353 AM
[ReportManager] Browser Action [CloseCurrentWindow] successfully performed. @25-10-2021 10:25:30.0490 AM
[ReportManager] Successfully created attachment [Browser Action Test Data - CloseCurrentWindow - Actual Value] @25-10-2021 10:25:30.0491 A

################################################################################################################################################
Starting Execution:	[74 out of 143] test cases in the current suite
Test Method:		[testPackage01.Test_NewValidationHelper.f1]
################################################################################################################################################
[ReportManager] Assertion Passed: Checking valid user data @25-10-2021 10:25:30.0500 AM
[ReportManager] Successfully created attachment [Validation Test Data - Expected Value] @25-10-2021 10:25:30.0500 AM
[ReportManager] Successfully created attachment [Validation Test Data - Actual Value] @25-10-2021 10:25:30.0501 AM
[ReportManager] Assertion [ValidateEquals] PASSED. Expected and Actual values are attached. Comparison Type [EQUALS]. Validation Type [POSITIVE]. @25-10-2021 10:25:30.0501 A
[ReportManager] File Action [GetAbsolutePath] successfully performed. With the following test data [Relative Folder Path: "target/downloadedFiles/"]. @25-10-2021 10:25:30.0503 AM
[ReportManager] Attempting to run remotely on: [Linux-64], [GoogleChrome], [http://localhost:4444/wd/hub], Headless Execution. @25-10-2021 10:25:30.0503 AM
[ReportManager] Successfully Opened [GoogleChrome]. @25-10-2021 10:25:33.0052 AM
[ReportManager] Target URL: [https://the-internet.herokuapp.com/] @25-10-2021 10:25:33.0053 AM
[ReportManager] Initial URL: [data:,] @25-10-2021 10:25:33.0097 AM
[ReportManager] Browser Action [NavigateToURL] successfully performed. With the following test data [https://the-internet.herokuapp.com/]. @25-10-2021 10:25:33.0584 A

################################################################################################################################################
Starting Execution:	[75 out of 143] test cases in the current suite
Test Method:		[testPackage01.Test_NewValidationHelper.f10]
################################################################################################################################################
[ReportManager] Assertion [ValidateElementExists] FAILED. Expected [Element Should Exist, locator 'By.tagName: div'] and Actual [Element Exists but is not unique]. Comparison Type [EQUALS]. Validation Type [POSITIVE]. @25-10-2021 10:25:33.0870 AM
[ReportManager] Successfully created attachment [Screenshot - 1635157533803_f10_ValidateElementExists_failed] @25-10-2021 10:25:33.0871 A
[ReportManager] Successfully Closed All Drivers. @25-10-2021 10:25:33.0956 A
[ReportManager] File Action [GetAbsolutePath] successfully performed. With the following test data [Relative Folder Path: "target/downloadedFiles/"]. @25-10-2021 10:25:33.0959 AM
[ReportManager] Attempting to run remotely on: [Linux-64], [GoogleChrome], [http://localhost:4444/wd/hub], Headless Execution. @25-10-2021 10:25:33.0959 AM
[ReportManager] Successfully Opened [GoogleChrome]. @25-10-2021 10:25:38.0052 AM
[ReportManager] Target URL: [https://the-internet.herokuapp.com/] @25-10-2021 10:25:38.0053 AM
[ReportManager] Initial URL: [data:,] @25-10-2021 10:25:38.0137 AM
[ReportManager] Browser Action [NavigateToURL] successfully performed. With the following test data [https://the-internet.herokuapp.com/]. @25-10-2021 10:25:38.0540 A

################################################################################################################################################
Starting Execution:	[76 out of 143] test cases in the current suite
Test Method:		[testPackage01.Test_NewValidationHelper.f11]
################################################################################################################################################
[ReportManager] Assertion Passed: Checking that false tag doesn't exist @25-10-2021 10:25:48.0940 AM
[ReportManager] Successfully created attachment [Screenshot - 1635157548871_f11_ValidateElementExists_passed] @25-10-2021 10:25:48.0941 AM
[ReportManager] Assertion [ValidateElementExists] PASSED. Expected [Element Should not Exist, locator 'By.tagName: h3'] and Actual [Element Doesn't Exists]. Comparison Type [EQUALS]. Validation Type [NEGATIVE]. @25-10-2021 10:25:48.0941 A
[ReportManager] Successfully Closed All Drivers. @25-10-2021 10:25:49.0037 A
[ReportManager] File Action [GetAbsolutePath] successfully performed. With the following test data [Relative Folder Path: "target/downloadedFiles/"]. @25-10-2021 10:25:49.0040 AM
[ReportManager] Attempting to run remotely on: [Linux-64], [GoogleChrome], [http://localhost:4444/wd/hub], Headless Execution. @25-10-2021 10:25:49.0040 AM
[ReportManager] Successfully Opened [GoogleChrome]. @25-10-2021 10:25:53.0058 AM
[ReportManager] Target URL: [https://the-internet.herokuapp.com/] @25-10-2021 10:25:53.0058 AM
[ReportManager] Initial URL: [data:,] @25-10-2021 10:25:53.0107 AM
[ReportManager] Browser Action [NavigateToURL] successfully performed. With the following test data [https://the-internet.herokuapp.com/]. @25-10-2021 10:25:53.0544 A

################################################################################################################################################
Starting Execution:	[77 out of 143] test cases in the current suite
Test Method:		[testPackage01.Test_NewValidationHelper.f12]
################################################################################################################################################
[ReportManager] Loaded Shared OpenCV @25-10-2021 10:25:53.0792 AM
[ReportManager] Assertion [ValidateElementExists] FAILED. Expected [Element Should not Exist, locator 'By.tagName: h1'] and Actual [Element Exists]. Comparison Type [EQUALS]. Validation Type [NEGATIVE]. @25-10-2021 10:25:53.0879 AM
[ReportManager] Successfully created attachment [Screenshot - 1635157553792_f12_ValidateElementExists_failed] @25-10-2021 10:25:53.0880 A
[ReportManager] Successfully Closed All Drivers. @25-10-2021 10:25:53.0973 A
[ReportManager] File Action [GetAbsolutePath] successfully performed. With the following test data [Relative Folder Path: "target/downloadedFiles/"]. @25-10-2021 10:25:53.0975 AM
[ReportManager] Attempting to run remotely on: [Linux-64], [GoogleChrome], [http://localhost:4444/wd/hub], Headless Execution. @25-10-2021 10:25:53.0976 AM
[ReportManager] Successfully Opened [GoogleChrome]. @25-10-2021 10:25:58.0068 AM
[ReportManager] Target URL: [https://the-internet.herokuapp.com/] @25-10-2021 10:25:58.0068 AM
[ReportManager] Initial URL: [data:,] @25-10-2021 10:25:58.0151 AM
[ReportManager] Browser Action [NavigateToURL] successfully performed. With the following test data [https://the-internet.herokuapp.com/]. @25-10-2021 10:25:58.0561 A

################################################################################################################################################
Starting Execution:	[78 out of 143] test cases in the current suite
Test Method:		[testPackage01.Test_NewValidationHelper.f13]
################################################################################################################################################
[ReportManager] Assertion [ValidateElementExists] FAILED. Expected [Element Should not Exist, locator 'By.tagName: div'] and Actual [Element Exists but is not unique]. Comparison Type [EQUALS]. Validation Type [NEGATIVE]. @25-10-2021 10:25:58.0848 AM
[ReportManager] Successfully created attachment [Screenshot - 1635157558755_f13_ValidateElementExists_failed] @25-10-2021 10:25:58.0849 A
[ReportManager] Successfully Closed All Drivers. @25-10-2021 10:25:58.0930 A
[ReportManager] File Action [GetAbsolutePath] successfully performed. With the following test data [Relative Folder Path: "target/downloadedFiles/"]. @25-10-2021 10:25:58.0932 AM
[ReportManager] Attempting to run remotely on: [Linux-64], [GoogleChrome], [http://localhost:4444/wd/hub], Headless Execution. @25-10-2021 10:25:58.0932 AM
[ReportManager] Successfully Opened [GoogleChrome]. @25-10-2021 10:26:03.0053 AM
[ReportManager] Target URL: [https://the-internet.herokuapp.com/] @25-10-2021 10:26:03.0053 AM
[ReportManager] Initial URL: [data:,] @25-10-2021 10:26:03.0117 AM
[ReportManager] Browser Action [NavigateToURL] successfully performed. With the following test data [https://the-internet.herokuapp.com/]. @25-10-2021 10:26:03.0538 A

################################################################################################################################################
Starting Execution:	[79 out of 143] test cases in the current suite
Test Method:		[testPackage01.Test_NewValidationHelper.f14]
################################################################################################################################################
[ReportManager] Element Action [GetText] successfully performed. With the following test data [Welcome to the-internet]. @25-10-2021 10:26:03.0664 AM
[ReportManager] Loaded Shared OpenCV @25-10-2021 10:26:03.0820 AM
[ReportManager] Assertion Passed: Asserting that the header text is correct @25-10-2021 10:26:03.0904 AM
[ReportManager] Successfully created attachment [Screenshot - 1635157563820_f14_ValidateElementAttribute_passed] @25-10-2021 10:26:03.0905 AM
[ReportManager] Assertion [ValidateElementAttribute] PASSED. Expected [Value Should be 'Welcome to the-internet' for the 'text' attribute, element locator 'By.tagName: h1'] and Actual [Welcome to the-internet]. Comparison Type [EQUALS]. Validation Type [POSITIVE]. @25-10-2021 10:26:03.0905 A
[ReportManager] Successfully Closed All Drivers. @25-10-2021 10:26:03.0989 A
[ReportManager] File Action [GetAbsolutePath] successfully performed. With the following test data [Relative Folder Path: "target/downloadedFiles/"]. @25-10-2021 10:26:03.0993 AM
[ReportManager] Attempting to run remotely on: [Linux-64], [GoogleChrome], [http://localhost:4444/wd/hub], Headless Execution. @25-10-2021 10:26:03.0993 AM
[ReportManager] Successfully Opened [GoogleChrome]. @25-10-2021 10:26:08.0054 AM
[ReportManager] Target URL: [https://the-internet.herokuapp.com/] @25-10-2021 10:26:08.0054 AM
[ReportManager] Initial URL: [data:,] @25-10-2021 10:26:08.0105 AM
[ReportManager] Browser Action [NavigateToURL] successfully performed. With the following test data [https://the-internet.herokuapp.com/]. @25-10-2021 10:26:08.0527 A

################################################################################################################################################
Starting Execution:	[80 out of 143] test cases in the current suite
Test Method:		[testPackage01.Test_NewValidationHelper.f15]
################################################################################################################################################
[ReportManager] Element Action [GetText] successfully performed. With the following test data [Welcome to the-internet]. @25-10-2021 10:26:08.0630 AM
[ReportManager] Loaded Shared OpenCV @25-10-2021 10:26:08.0771 AM
[ReportManager] Assertion [ValidateElementAttribute] FAILED. Expected [Value Should not be 'Welcome' for the 'text' attribute, element locator 'By.tagName: h1'] and Actual [Welcome to the-internet]. Comparison Type [CONTAINS]. Validation Type [NEGATIVE]. @25-10-2021 10:26:08.0856 AM
[ReportManager] Successfully created attachment [Screenshot - 1635157568770_f15_ValidateElementAttribute_failed] @25-10-2021 10:26:08.0857 A
[ReportManager] Successfully Closed All Drivers. @25-10-2021 10:26:08.0953 A
[ReportManager] File Action [GetAbsolutePath] successfully performed. With the following test data [Relative Folder Path: "target/downloadedFiles/"]. @25-10-2021 10:26:08.0956 AM
[ReportManager] Attempting to run remotely on: [Linux-64], [GoogleChrome], [http://localhost:4444/wd/hub], Headless Execution. @25-10-2021 10:26:08.0956 AM
[ReportManager] Successfully Opened [GoogleChrome]. @25-10-2021 10:26:13.0062 AM
[ReportManager] Target URL: [https://the-internet.herokuapp.com/] @25-10-2021 10:26:13.0062 AM
[ReportManager] Initial URL: [data:,] @25-10-2021 10:26:13.0165 AM
[ReportManager] Browser Action [NavigateToURL] successfully performed. With the following test data [https://the-internet.herokuapp.com/]. @25-10-2021 10:26:13.0546 A

################################################################################################################################################
Starting Execution:	[81 out of 143] test cases in the current suite
Test Method:		[testPackage01.Test_NewValidationHelper.f16]
################################################################################################################################################
[ReportManager] Element Action [IdentifyUniqueElement] failed. With the following test data [zero elements found matching this locator "By.tagName: h3".]. @25-10-2021 10:26:39.0100 AM
[ReportManager] Successfully created attachment [Screenshot - 1635157599035_f16_IdentifyUniqueElement_failed] @25-10-2021 10:26:39.0101 AM
[ReportManager] Assertion [ValidateElementAttribute] FAILED. Expected [Value Should not be 'Welcome' for the 'text' attribute, element locator 'By.tagName: h3'] and Actual [Failed to read the desired element attribute]. Comparison Type [CONTAINS]. Validation Type [NEGATIVE]. @25-10-2021 10:26:39.0102 A
[ReportManager] Successfully Closed All Drivers. @25-10-2021 10:26:39.0205 A
[ReportManager] File Action [GetAbsolutePath] successfully performed. With the following test data [Relative Folder Path: "target/downloadedFiles/"]. @25-10-2021 10:26:39.0207 AM
[ReportManager] Attempting to run remotely on: [Linux-64], [GoogleChrome], [http://localhost:4444/wd/hub], Headless Execution. @25-10-2021 10:26:39.0207 AM
[ReportManager] Successfully Opened [GoogleChrome]. @25-10-2021 10:26:43.0068 AM
[ReportManager] Target URL: [https://the-internet.herokuapp.com/] @25-10-2021 10:26:43.0068 AM
[ReportManager] Initial URL: [data:,] @25-10-2021 10:26:43.0135 AM
[ReportManager] Browser Action [NavigateToURL] successfully performed. With the following test data [https://the-internet.herokuapp.com/]. @25-10-2021 10:26:43.0577 A

################################################################################################################################################
Starting Execution:	[82 out of 143] test cases in the current suite
Test Method:		[testPackage01.Test_NewValidationHelper.f17]
################################################################################################################################################
[ReportManager] Attempting to getAttribute [text2] from elementLocator [By.tagName: h1]. @25-10-2021 10:26:43.0584 AM
[ReportManager] Element Action [GetAttribute] successfully performed. @25-10-2021 10:26:43.0687 AM
[ReportManager] Loaded Shared OpenCV @25-10-2021 10:26:43.0889 AM
[ReportManager] Assertion [ValidateElementAttribute] PASSED. Expected [Value Should not be 'Welcome' for the 'text2' attribute, element locator 'By.tagName: h1'] and Actual [null]. Comparison Type [CONTAINS]. Validation Type [NEGATIVE]. @25-10-2021 10:26:43.0970 AM
[ReportManager] Successfully created attachment [Screenshot - 1635157603889_f17_ValidateElementAttribute_passed] @25-10-2021 10:26:43.0972 A
[ReportManager] Successfully Closed All Drivers. @25-10-2021 10:26:44.0065 A
[ReportManager] File Action [GetAbsolutePath] successfully performed. With the following test data [Relative Folder Path: "target/downloadedFiles/"]. @25-10-2021 10:26:44.0068 AM
[ReportManager] Attempting to run remotely on: [Linux-64], [GoogleChrome], [http://localhost:4444/wd/hub], Headless Execution. @25-10-2021 10:26:44.0068 AM
[ReportManager] Successfully Opened [GoogleChrome]. @25-10-2021 10:26:48.0066 AM
[ReportManager] Target URL: [https://the-internet.herokuapp.com/] @25-10-2021 10:26:48.0067 AM
[ReportManager] Initial URL: [data:,] @25-10-2021 10:26:48.0131 AM
[ReportManager] Browser Action [NavigateToURL] successfully performed. With the following test data [https://the-internet.herokuapp.com/]. @25-10-2021 10:26:48.0516 A

################################################################################################################################################
Starting Execution:	[83 out of 143] test cases in the current suite
Test Method:		[testPackage01.Test_NewValidationHelper.f18]
################################################################################################################################################
[ReportManager] Element Action [GetText] successfully performed. With the following test data [Welcome to the-internet]. @25-10-2021 10:26:48.0627 AM
[ReportManager] Loaded Shared OpenCV @25-10-2021 10:26:48.0788 AM
[ReportManager] Assertion [ValidateElementAttribute] PASSED. Expected [Value Should not be 'no' for the 'text' attribute, element locator 'By.tagName: h1'] and Actual [Welcome to the-internet]. Comparison Type [CONTAINS]. Validation Type [NEGATIVE]. @25-10-2021 10:26:48.0878 AM
[ReportManager] Successfully created attachment [Screenshot - 1635157608788_f18_ValidateElementAttribute_passed] @25-10-2021 10:26:48.0879 A
[ReportManager] Successfully Closed All Drivers. @25-10-2021 10:26:48.0972 A

################################################################################################################################################
Starting Execution:	[84 out of 143] test cases in the current suite
Test Method:		[testPackage01.Test_NewValidationHelper.f2]
################################################################################################################################################
[ReportManager] Assertion Failed: Checking valid user data @25-10-2021 10:26:48.0976 AM
[ReportManager] Assertion [ValidateEquals] FAILED. Expected [1] and Actual [2]. Comparison Type [EQUALS]. Validation Type [POSITIVE]. @25-10-2021 10:26:48.0976 A
[ReportManager] File Action [GetAbsolutePath] successfully performed. With the following test data [Relative Folder Path: "target/downloadedFiles/"]. @25-10-2021 10:26:48.0978 AM
[ReportManager] Attempting to run remotely on: [Linux-64], [GoogleChrome], [http://localhost:4444/wd/hub], Headless Execution. @25-10-2021 10:26:48.0978 AM
[ReportManager] Successfully Opened [GoogleChrome]. @25-10-2021 10:26:53.0086 AM
[ReportManager] Target URL: [https://the-internet.herokuapp.com/] @25-10-2021 10:26:53.0087 AM
[ReportManager] Initial URL: [data:,] @25-10-2021 10:26:53.0155 AM
[ReportManager] Browser Action [NavigateToURL] successfully performed. With the following test data [https://the-internet.herokuapp.com/]. @25-10-2021 10:26:53.0569 A

################################################################################################################################################
Starting Execution:	[85 out of 143] test cases in the current suite
Test Method:		[testPackage01.Test_NewValidationHelper.f20]
################################################################################################################################################
[ReportManager] Element Action [GetSize] successfully performed. With the following test data [(755, 61)]. @25-10-2021 10:26:53.0654 AM
[ReportManager] Loaded Shared OpenCV @25-10-2021 10:26:53.0802 AM
[ReportManager] Assertion [ValidateElementAttribute] PASSED. Expected [Value Should not be 'a' for the 'size' attribute, element locator 'By.tagName: h1'] and Actual [(755, 61)]. Comparison Type [CONTAINS]. Validation Type [NEGATIVE]. @25-10-2021 10:26:53.0883 AM
[ReportManager] Successfully created attachment [Screenshot - 1635157613802_f20_ValidateElementAttribute_passed] @25-10-2021 10:26:53.0885 A
[ReportManager] Successfully Closed All Drivers. @25-10-2021 10:26:53.0986 A
[ReportManager] File Action [GetAbsolutePath] successfully performed. With the following test data [Relative Folder Path: "target/downloadedFiles/"]. @25-10-2021 10:26:53.0993 AM
[ReportManager] Attempting to run remotely on: [Linux-64], [GoogleChrome], [http://localhost:4444/wd/hub], Headless Execution. @25-10-2021 10:26:53.0993 AM
[ReportManager] Successfully Opened [GoogleChrome]. @25-10-2021 10:26:58.0070 AM
[ReportManager] Target URL: [https://the-internet.herokuapp.com/] @25-10-2021 10:26:58.0070 AM
[ReportManager] Initial URL: [data:,] @25-10-2021 10:26:58.0124 AM
[ReportManager] Browser Action [NavigateToURL] successfully performed. With the following test data [https://the-internet.herokuapp.com/]. @25-10-2021 10:26:58.0526 A

################################################################################################################################################
Starting Execution:	[86 out of 143] test cases in the current suite
Test Method:		[testPackage01.Test_NewValidationHelper.f21]
################################################################################################################################################
[ReportManager] Element Action [IdentifyUniqueElement] failed. With the following test data [zero elements found matching this locator "By.tagName: h3".]. @25-10-2021 10:27:24.0076 AM
[ReportManager] Successfully created attachment [Screenshot - 1635157644008_f21_IdentifyUniqueElement_failed] @25-10-2021 10:27:24.0076 AM
[ReportManager] Assertion [ValidateElementAttribute] FAILED. Expected [Value Should be 'Welcome' for the 'text' attribute, element locator 'By.tagName: h3'] and Actual [Failed to read the desired element attribute]. Comparison Type [CONTAINS]. Validation Type [POSITIVE]. @25-10-2021 10:27:24.0077 A
[ReportManager] Successfully Closed All Drivers. @25-10-2021 10:27:24.0164 A
[ReportManager] File Action [GetAbsolutePath] successfully performed. With the following test data [Relative Folder Path: "target/downloadedFiles/"]. @25-10-2021 10:27:24.0167 AM
[ReportManager] Attempting to run remotely on: [Linux-64], [GoogleChrome], [http://localhost:4444/wd/hub], Headless Execution. @25-10-2021 10:27:24.0167 AM
[ReportManager] Successfully Opened [GoogleChrome]. @25-10-2021 10:27:28.0078 AM
[ReportManager] Target URL: [https://the-internet.herokuapp.com/] @25-10-2021 10:27:28.0078 AM
[ReportManager] Initial URL: [data:,] @25-10-2021 10:27:28.0134 AM
[ReportManager] Browser Action [NavigateToURL] successfully performed. With the following test data [https://the-internet.herokuapp.com/]. @25-10-2021 10:27:28.0536 A

################################################################################################################################################
Starting Execution:	[87 out of 143] test cases in the current suite
Test Method:		[testPackage01.Test_NewValidationHelper.f22]
################################################################################################################################################
[ReportManager] Element Action [GetText] successfully performed. With the following test data [Welcome to the-internet]. @25-10-2021 10:27:28.0635 AM
[ReportManager] Loaded Shared OpenCV @25-10-2021 10:27:28.0785 AM
[ReportManager] Assertion [ValidateElementAttribute] FAILED. Expected [Value Should be 'yyy' for the 'text' attribute, element locator 'By.tagName: h1'] and Actual [Welcome to the-internet]. Comparison Type [CONTAINS]. Validation Type [POSITIVE]. @25-10-2021 10:27:28.0864 AM
[ReportManager] Successfully created attachment [Screenshot - 1635157648785_f22_ValidateElementAttribute_failed] @25-10-2021 10:27:28.0865 A
[ReportManager] Successfully Closed All Drivers. @25-10-2021 10:27:28.0951 A

################################################################################################################################################
Starting Execution:	[88 out of 143] test cases in the current suite
Test Method:		[testPackage01.Test_NewValidationHelper.f23]
################################################################################################################################################
[ReportManager] Assertion Passed: confirming that the actual is greater than or equal to the expected @25-10-2021 10:27:28.0953 AM
[ReportManager] Assertion [ValidateComparativeRelation] PASSED. Expected [1] and Actual [1]. Comparison Type [GREATER_THAN_OR_EQUALS]. Validation Type [POSITIVE]. @25-10-2021 10:27:28.0954 A

################################################################################################################################################
Starting Execution:	[89 out of 143] test cases in the current suite
Test Method:		[testPackage01.Test_NewValidationHelper.f24]
################################################################################################################################################
[ReportManager] Assertion [ValidateComparativeRelation] PASSED. Expected [1] and Actual [10]. Comparison Type [GREATER_THAN_OR_EQUALS]. Validation Type [POSITIVE]. @25-10-2021 10:27:28.0956 A

################################################################################################################################################
Starting Execution:	[90 out of 143] test cases in the current suite
Test Method:		[testPackage01.Test_NewValidationHelper.f25]
################################################################################################################################################
[ReportManager] Assertion [ValidateComparativeRelation] PASSED. Expected [1] and Actual [1]. Comparison Type [EQUALS]. Validation Type [POSITIVE]. @25-10-2021 10:27:28.0958 A

################################################################################################################################################
Starting Execution:	[91 out of 143] test cases in the current suite
Test Method:		[testPackage01.Test_NewValidationHelper.f26]
################################################################################################################################################
[ReportManager] Assertion [ValidateComparativeRelation] PASSED. Expected [1] and Actual [5]. Comparison Type [GREATER_THAN]. Validation Type [POSITIVE]. @25-10-2021 10:27:28.0962 A

################################################################################################################################################
Starting Execution:	[92 out of 143] test cases in the current suite
Test Method:		[testPackage01.Test_NewValidationHelper.f27]
################################################################################################################################################
[ReportManager] Assertion [ValidateComparativeRelation] PASSED. Expected [11] and Actual [5]. Comparison Type [LESS_THAN]. Validation Type [POSITIVE]. @25-10-2021 10:27:28.0964 A

################################################################################################################################################
Starting Execution:	[93 out of 143] test cases in the current suite
Test Method:		[testPackage01.Test_NewValidationHelper.f28]
################################################################################################################################################
[ReportManager] Assertion [ValidateComparativeRelation] PASSED. Expected [11] and Actual [5]. Comparison Type [LESS_THAN_OR_EQUALS]. Validation Type [POSITIVE]. @25-10-2021 10:27:28.0966 A

################################################################################################################################################
Starting Execution:	[94 out of 143] test cases in the current suite
Test Method:		[testPackage01.Test_NewValidationHelper.f29]
################################################################################################################################################
[ReportManager] Assertion [ValidateComparativeRelation] PASSED. Expected [11] and Actual [11]. Comparison Type [LESS_THAN_OR_EQUALS]. Validation Type [POSITIVE]. @25-10-2021 10:27:28.0973 A

################################################################################################################################################
Starting Execution:	[95 out of 143] test cases in the current suite
Test Method:		[testPackage01.Test_NewValidationHelper.f3]
################################################################################################################################################
[ReportManager] Assertion [ValidateEquals] PASSED. Expected [1] and Actual [2]. Comparison Type [EQUALS]. Validation Type [NEGATIVE]. @25-10-2021 10:27:28.0977 A

################################################################################################################################################
Starting Execution:	[96 out of 143] test cases in the current suite
Test Method:		[testPackage01.Test_NewValidationHelper.f30]
################################################################################################################################################
[ReportManager] Assertion [ValidateComparativeRelation] FAILED. Expected [-9] and Actual [11]. Comparison Type [LESS_THAN_OR_EQUALS]. Validation Type [POSITIVE]. @25-10-2021 10:27:28.0980 A

################################################################################################################################################
Starting Execution:	[97 out of 143] test cases in the current suite
Test Method:		[testPackage01.Test_NewValidationHelper.f31]
################################################################################################################################################
[ReportManager] Assertion [ValidateTrue] PASSED. Expected [TRUE] and Actual [TRUE]. Validation Type [POSITIVE]. @25-10-2021 10:27:28.0983 A

################################################################################################################################################
Starting Execution:	[98 out of 143] test cases in the current suite
Test Method:		[testPackage01.Test_NewValidationHelper.f32]
################################################################################################################################################
[ReportManager] Assertion [ValidateTrue] PASSED. Expected [FALSE] and Actual [FALSE]. Validation Type [NEGATIVE]. @25-10-2021 10:27:28.0993 A

################################################################################################################################################
Starting Execution:	[99 out of 143] test cases in the current suite
Test Method:		[testPackage01.Test_NewValidationHelper.f33]
################################################################################################################################################
[ReportManager] Assertion [ValidateTrue] FAILED. Expected [FALSE] and Actual [TRUE]. Validation Type [NEGATIVE]. @25-10-2021 10:27:28.0995 A

################################################################################################################################################
Starting Execution:	[100 out of 143] test cases in the current suite
Test Method:		[testPackage01.Test_NewValidationHelper.f34]
################################################################################################################################################
[ReportManager] Assertion [ValidateTrue] FAILED. Expected [TRUE] and Actual [FALSE]. Validation Type [POSITIVE]. @25-10-2021 10:27:28.0998 A

################################################################################################################################################
Starting Execution:	[101 out of 143] test cases in the current suite
Test Method:		[testPackage01.Test_NewValidationHelper.f35]
################################################################################################################################################
[ReportManager] File Action [DoesFileExist] successfully performed. With the following test data [File Path: "pom.xml"]. @25-10-2021 10:27:29.0001 AM
[ReportManager] Assertion [ValidateFileExists] PASSED. Expected [File 'pom.xml' should exist, after up to '1' retries] and Actual [File exists]. Validation Type [POSITIVE]. @25-10-2021 10:27:29.0001 A

################################################################################################################################################
Starting Execution:	[102 out of 143] test cases in the current suite
Test Method:		[testPackage01.Test_NewValidationHelper.f36]
################################################################################################################################################
[ReportManager] File Action [DoesFileExist] successfully performed. With the following test data [File Path: "src/test/java/testPackage01/Test_NewValidationHelper.java"]. @25-10-2021 10:27:29.0004 AM
[ReportManager] Assertion [ValidateFileExists] PASSED. Expected [File 'src/test/java/testPackage01/Test_NewValidationHelper.java' should exist, after up to '1' retries] and Actual [File exists]. Validation Type [POSITIVE]. @25-10-2021 10:27:29.0004 A

################################################################################################################################################
Starting Execution:	[103 out of 143] test cases in the current suite
Test Method:		[testPackage01.Test_NewValidationHelper.f37]
################################################################################################################################################
[ReportManager] File Action [DoesFileExist] successfully performed. With the following test data [File Path: "pom.xml"]. @25-10-2021 10:27:29.0008 AM
[ReportManager] Assertion Failed: confirming that the file does't exist after 5 retries @25-10-2021 10:27:29.0008 AM
[ReportManager] Assertion [ValidateFileExists] FAILED. Expected [File 'pom.xml' should not exist, after up to '5' retries] and Actual [File exists]. Validation Type [NEGATIVE]. @25-10-2021 10:27:29.0010 A

################################################################################################################################################
Starting Execution:	[104 out of 143] test cases in the current suite
Test Method:		[testPackage01.Test_NewValidationHelper.f3_1]
################################################################################################################################################
[ReportManager] Assertion Passed: Checking valid user data @25-10-2021 10:27:29.0015 AM
[ReportManager] Assertion [ValidateEquals] PASSED. Expected [null] and Actual [null]. Comparison Type [EQUALS]. Validation Type [POSITIVE]. @25-10-2021 10:27:29.0015 A

################################################################################################################################################
Starting Execution:	[105 out of 143] test cases in the current suite
Test Method:		[testPackage01.Test_NewValidationHelper.f4]
################################################################################################################################################
[ReportManager] Assertion [ValidateEquals] PASSED. Expected [1] and Actual [123]. Comparison Type [CONTAINS]. Validation Type [POSITIVE]. @25-10-2021 10:27:29.0019 A

################################################################################################################################################
Starting Execution:	[106 out of 143] test cases in the current suite
Test Method:		[testPackage01.Test_NewValidationHelper.f5]
################################################################################################################################################
[ReportManager] Assertion [ValidateNull] PASSED. Expected [NULL] and Actual [1]. Comparison Type [EQUALS]. Validation Type [NEGATIVE]. @25-10-2021 10:27:29.0023 A

################################################################################################################################################
Starting Execution:	[107 out of 143] test cases in the current suite
Test Method:		[testPackage01.Test_NewValidationHelper.f6]
################################################################################################################################################
[ReportManager] Assertion Failed: Making sure that null string is not equal to null object @25-10-2021 10:27:29.0026 AM
[ReportManager] Assertion [ValidateNull] FAILED. Expected [NULL] and Actual [NULL]. Comparison Type [EQUALS]. Validation Type [POSITIVE]. @25-10-2021 10:27:29.0027 A

################################################################################################################################################
Starting Execution:	[108 out of 143] test cases in the current suite
Test Method:		[testPackage01.Test_NewValidationHelper.f6_1]
################################################################################################################################################
[ReportManager] Assertion [ValidateNull] FAILED. Expected [NULL] and Actual [NULL]. Comparison Type [EQUALS]. Validation Type [NEGATIVE]. @25-10-2021 10:27:29.0031 A

################################################################################################################################################
Starting Execution:	[109 out of 143] test cases in the current suite
Test Method:		[testPackage01.Test_NewValidationHelper.f6_2]
################################################################################################################################################
[ReportManager] Assertion Failed: Making sure that null string is not equal to null object @25-10-2021 10:27:29.0036 AM
[ReportManager] Assertion [ValidateNull] FAILED. Expected [NULL] and Actual [not null]. Comparison Type [EQUALS]. Validation Type [POSITIVE]. @25-10-2021 10:27:29.0036 A

################################################################################################################################################
Starting Execution:	[110 out of 143] test cases in the current suite
Test Method:		[testPackage01.Test_NewValidationHelper.f7]
################################################################################################################################################
[ReportManager] Assertion [ValidateNull] PASSED. Expected [NULL] and Actual [NULL]. Comparison Type [EQUALS]. Validation Type [POSITIVE]. @25-10-2021 10:27:29.0040 A
[ReportManager] File Action [GetAbsolutePath] successfully performed. With the following test data [Relative Folder Path: "target/downloadedFiles/"]. @25-10-2021 10:27:29.0043 AM
[ReportManager] Attempting to run remotely on: [Linux-64], [GoogleChrome], [http://localhost:4444/wd/hub], Headless Execution. @25-10-2021 10:27:29.0043 AM
[ReportManager] Successfully Opened [GoogleChrome]. @25-10-2021 10:27:33.0081 AM
[ReportManager] Target URL: [https://the-internet.herokuapp.com/] @25-10-2021 10:27:33.0081 AM
[ReportManager] Initial URL: [data:,] @25-10-2021 10:27:33.0127 AM
[ReportManager] Browser Action [NavigateToURL] successfully performed. With the following test data [https://the-internet.herokuapp.com/]. @25-10-2021 10:27:33.0537 A

################################################################################################################################################
Starting Execution:	[111 out of 143] test cases in the current suite
Test Method:		[testPackage01.Test_NewValidationHelper.f8]
################################################################################################################################################
[ReportManager] Loaded Shared OpenCV @25-10-2021 10:27:33.0734 AM
[ReportManager] Assertion [ValidateElementExists] PASSED. Expected [Element Should Exist, locator 'By.tagName: h1'] and Actual [Element Exists]. Comparison Type [EQUALS]. Validation Type [POSITIVE]. @25-10-2021 10:27:33.0813 AM
[ReportManager] Successfully created attachment [Screenshot - 1635157653734_f8_ValidateElementExists_passed] @25-10-2021 10:27:33.0814 A
[ReportManager] Successfully Closed All Drivers. @25-10-2021 10:27:33.0902 A
[ReportManager] File Action [GetAbsolutePath] successfully performed. With the following test data [Relative Folder Path: "target/downloadedFiles/"]. @25-10-2021 10:27:33.0904 AM
[ReportManager] Attempting to run remotely on: [Linux-64], [GoogleChrome], [http://localhost:4444/wd/hub], Headless Execution. @25-10-2021 10:27:33.0904 AM
[ReportManager] Successfully Opened [GoogleChrome]. @25-10-2021 10:27:38.0087 AM
[ReportManager] Target URL: [https://the-internet.herokuapp.com/] @25-10-2021 10:27:38.0087 AM
[ReportManager] Initial URL: [data:,] @25-10-2021 10:27:38.0147 AM
[ReportManager] Browser Action [NavigateToURL] successfully performed. With the following test data [https://the-internet.herokuapp.com/]. @25-10-2021 10:27:38.0588 A

################################################################################################################################################
Starting Execution:	[112 out of 143] test cases in the current suite
Test Method:		[testPackage01.Test_NewValidationHelper.f9]
################################################################################################################################################
[ReportManager] Assertion [ValidateElementExists] FAILED. Expected [Element Should Exist, locator 'By.tagName: h3'] and Actual [Element Doesn't Exists]. Comparison Type [EQUALS]. Validation Type [POSITIVE]. @25-10-2021 10:28:09.0211 AM
[ReportManager] Successfully created attachment [Screenshot - 1635157689148_f9_ValidateElementExists_failed] @25-10-2021 10:28:09.0211 A
[ReportManager] Successfully Closed All Drivers. @25-10-2021 10:28:09.0302 A

################################################################################################################################################
Starting Execution:	[113 out of 143] test cases in the current suite
Test Method:		[testPackage01.Test_NewValidationHelper.forceFail]
################################################################################################################################################
[ReportManager] Assertion [ValidateFail] FAILED. Successfully force failed the test. @25-10-2021 10:28:09.0305 A

################################################################################################################################################
Starting Execution:	[114 out of 143] test cases in the current suite
Test Method:		[testPackage01.Test_NewValidationHelper.forceFail2]
################################################################################################################################################
[ReportManager] Assertion Failed: Custom Message @25-10-2021 10:28:09.0307 AM
[ReportManager] Assertion [ValidateFail] FAILED. Successfully force failed the test. @25-10-2021 10:28:09.0307 A

################################################################################################################################################
Starting Execution:	[115 out of 143] test cases in the current suite
Test Method:		[testPackage01.Test_sendGraphqlRequest.sendGraphqlRequestUsingMutationAndVariables]
################################################################################################################################################
[ReportManager] GraphQl Request is being Performed with the Following Parameters [Service URL: https://api.spacex.land/graphql | Request Body: {"variables":"{\"name\": \"sherlock holmes\",\"rocket\": \"221B Baker Street\"}","query":"mutation ($name: String, $rocket: String) {\n  insert_users(objects: {name: $name, rocket: $rocket}) {\n    returning {\n      name\n      rocket\n    }\n  }\n}"}] @25-10-2021 10:28:09.0310 AM
[ReportManager] Response status code: [200], status line: [HTTP/1.1 200 OK] @25-10-2021 10:28:09.0567 AM
[ReportManager] Assertion Passed: Evaluating the actual response status code against the expected one... @25-10-2021 10:28:09.0567 AM
[ReportManager] Assertion [ValidateEquals] PASSED. Expected [200] and Actual [200]. Comparison Type [EQUALS]. Validation Type [POSITIVE]. @25-10-2021 10:28:09.0567 AM
[ReportManager] API Action [PerformRequest] successfully performed. With the following test data [Request Type: "POST" | Target Status Code: "200" | Service URL: "https://api.spacex.land/graphql" | Content Type: "application/json" | Response Time: "162ms"]. @25-10-2021 10:28:09.0579 AM
[ReportManager] Successfully created attachment [API Request - Specifications] @25-10-2021 10:28:09.0579 AM
[ReportManager] Successfully created attachment [API Request - JSON Body] @25-10-2021 10:28:09.0580 AM
[ReportManager] Successfully created attachment [API Response - JSON Body] @25-10-2021 10:28:09.0580 AM
[ReportManager] API Action [GetResponseJSONValue] successfully performed. With the following test data [data.insert_users.returning[0].name]. @25-10-2021 10:28:09.0623 AM
[ReportManager] Assertion [ValidateEquals] PASSED. Expected [sherlock holmes] and Actual [sherlock holmes]. Comparison Type [EQUALS]. Validation Type [POSITIVE]. @25-10-2021 10:28:09.0623 A

################################################################################################################################################
Starting Execution:	[116 out of 143] test cases in the current suite
Test Method:		[testPackage01.Test_sendGraphqlRequest.sendGraphqlRequestUsingQuery]
################################################################################################################################################
[ReportManager] GraphQl Request is being Performed with the Following Parameters [Service URL: https://api.spacex.land/graphql | Request Body: {"query":"{company {ceo}}"}] @25-10-2021 10:28:09.0625 AM
[ReportManager] Response status code: [200], status line: [HTTP/1.1 200 OK] @25-10-2021 10:28:09.0705 AM
[ReportManager] Assertion Passed: Evaluating the actual response status code against the expected one... @25-10-2021 10:28:09.0705 AM
[ReportManager] Assertion [ValidateEquals] PASSED. Expected [200] and Actual [200]. Comparison Type [EQUALS]. Validation Type [POSITIVE]. @25-10-2021 10:28:09.0705 AM
[ReportManager] API Action [PerformRequest] successfully performed. With the following test data [Request Type: "POST" | Target Status Code: "200" | Service URL: "https://api.spacex.land/graphql" | Content Type: "application/json" | Response Time: "75ms"]. @25-10-2021 10:28:09.0715 AM
[ReportManager] Successfully created attachment [API Request - Specifications] @25-10-2021 10:28:09.0716 AM
[ReportManager] Successfully created attachment [API Request - JSON Body] @25-10-2021 10:28:09.0716 AM
[ReportManager] Successfully created attachment [API Response - JSON Body] @25-10-2021 10:28:09.0716 AM
[ReportManager] API Action [GetResponseJSONValue] successfully performed. With the following test data [data.company.ceo]. @25-10-2021 10:28:09.0725 AM
[ReportManager] Assertion [ValidateEquals] PASSED. Expected [Elon Musk] and Actual [Elon Musk]. Comparison Type [EQUALS]. Validation Type [POSITIVE]. @25-10-2021 10:28:09.0726 A
[ReportManager] Successfully loaded the following test data file [src/test/resources/TestDataFiles/testSuite01/TestData.xlsx]. @25-10-2021 10:28:09.0756 AM
[ReportManager] Successfully created attachment [Test Data - Excel] @25-10-2021 10:28:09.0756 AM
[ReportManager] File Action [GetAbsolutePath] successfully performed. With the following test data [Relative Folder Path: "target/downloadedFiles/"]. @25-10-2021 10:28:09.0756 AM
[ReportManager] Attempting to run remotely on: [Linux-64], [GoogleChrome], [http://localhost:4444/wd/hub], Headless Execution. @25-10-2021 10:28:09.0756 AM
[ReportManager] Successfully Opened [GoogleChrome]. @25-10-2021 10:28:13.0096 A

################################################################################################################################################
Starting Execution:	[117 out of 143] test cases in the current suite
Test Method:		[testPackage01.Test_google.navigateToURLandVerifyGoogleLogoIsDisplayed]
Test Description:	[TC001 - Navigate to URL and Verify Google Logo is Displayed]
################################################################################################################################################
[ReportManager] Target URL: [https://www.google.com/ncr], and after redirection: [https://www.google.com] @25-10-2021 10:28:13.0099 AM
[ReportManager] Initial URL: [data:,] @25-10-2021 10:28:13.0147 AM
[ReportManager] Browser Action [NavigateToURL] successfully performed. With the following test data [https://www.google.com/ncr]. @25-10-2021 10:28:13.0867 AM
[ReportManager] Loaded Shared OpenCV @25-10-2021 10:28:14.0051 AM
[ReportManager] Assertion [ValidateElementExists] PASSED. Expected [Element Should Exist, locator 'By.xpath: //*[@id='hplogo' or @alt='Google']'] and Actual [Element Exists]. Comparison Type [EQUALS]. Validation Type [POSITIVE]. @25-10-2021 10:28:14.0128 AM
[ReportManager] Successfully created attachment [Screenshot - 1635157694051_navigateToURLandVerifyGoogleLogoIsDisplayed_ValidateElementExists_passed] @25-10-2021 10:28:14.0129 A

################################################################################################################################################
Starting Execution:	[118 out of 143] test cases in the current suite
Test Method:		[testPackage01.Test_google.searchForQueryandAssertResultsNumDisplayed]
Test Description:	[TC002 - Search for Query and Assert that the number of results is displayed]
################################################################################################################################################
[ReportManager] Element Action [Type] successfully performed. With the following test data [SHAFT_Engine]. @25-10-2021 10:28:14.0591 AM
[ReportManager] Element Action [KeyPress] successfully performed. With the following test data [Enter]. @25-10-2021 10:28:16.0171 AM
[ReportManager] Element Action [GetText] successfully performed. With the following test data [About 906,000 results (0.82 seconds) ]. @25-10-2021 10:28:16.0278 AM
[ReportManager] Loaded Shared OpenCV @25-10-2021 10:28:16.0414 AM
[ReportManager] Assertion [ValidateElementAttribute] PASSED. Expected [Value Should not be '' for the 'Text' attribute, element locator 'By.id: appbar'] and Actual [About 906,000 results (0.82 seconds) ]. Comparison Type [EQUALS]. Validation Type [NEGATIVE]. @25-10-2021 10:28:16.0503 AM
[ReportManager] Successfully created attachment [Screenshot - 1635157696414_searchForQueryandAssertResultsNumDisplayed_ValidateElementAttribute_passed] @25-10-2021 10:28:16.0504 A

################################################################################################################################################
Starting Execution:	[119 out of 143] test cases in the current suite
Test Method:		[testPackage01.Test_google.clickNextThrice]
Test Description:	[TC003 - Clicks the next button to make sure that the framework can scroll element into view before clicking it]
################################################################################################################################################
[ReportManager] Element Action [Click] successfully performed. With the following test data [Next]. @25-10-2021 10:28:18.0110 A
[ReportManager] Browser Action [CloseCurrentWindow] successfully performed. @25-10-2021 10:28:18.0294 AM
[ReportManager] Successfully created attachment [Browser Action Test Data - CloseCurrentWindow - Actual Value] @25-10-2021 10:28:18.0295 A
[ReportManager] File Action [GetAbsolutePath] successfully performed. With the following test data [Relative Folder Path: "target/downloadedFiles/"]. @25-10-2021 10:28:18.0297 AM
[ReportManager] Attempting to run remotely on: [Linux-64], [GoogleChrome], [http://localhost:4444/wd/hub], Headless Execution. @25-10-2021 10:28:18.0297 AM
[ReportManager] Successfully Opened [GoogleChrome]. @25-10-2021 10:28:23.0068 A

################################################################################################################################################
Starting Execution:	[120 out of 143] test cases in the current suite
Test Method:		[testPackage01.Test_ShadowDOM.shadowdom]
################################################################################################################################################
[ReportManager] Target URL: [https://mdn.github.io/web-components-examples/popup-info-box-web-component/] @25-10-2021 10:28:23.0071 AM
[ReportManager] Initial URL: [data:,] @25-10-2021 10:28:23.0111 AM
[ReportManager] Browser Action [NavigateToURL] successfully performed. With the following test data [https://mdn.github.io/web-components-examples/popup-info-box-web-component/]. @25-10-2021 10:28:23.0436 AM
[ReportManager] Element Action [Type] successfully performed. With the following test data [Typing into SHADOW DOM...]. @25-10-2021 10:28:23.0801 AM
[ReportManager] Element Action [GetText] successfully performed. With the following test data [Typing into SHADOW DOM...]. @25-10-2021 10:28:23.0916 AM
[ReportManager] Loaded Shared OpenCV @25-10-2021 10:28:24.0022 AM
[ReportManager] Assertion [ValidateElementAttribute] PASSED. Expected [Value Should be 'Typing into SHADOW DOM...' for the 'Text' attribute, element locator 'By.id: cvc'] and Actual [Typing into SHADOW DOM...]. Comparison Type [EQUALS]. Validation Type [POSITIVE]. @25-10-2021 10:28:24.0095 AM
[ReportManager] Successfully created attachment [Screenshot - 1635157704022_shadowdom_ValidateElementAttribute_passed] @25-10-2021 10:28:24.0095 A
[ReportManager] Browser Action [CloseCurrentWindow] successfully performed. @25-10-2021 10:28:24.0219 AM
[ReportManager] Successfully created attachment [Browser Action Test Data - CloseCurrentWindow - Actual Value] @25-10-2021 10:28:24.0219 A

################################################################################################################################################
Starting Execution:	[121 out of 143] test cases in the current suite
Test Method:		[testPackage01.Test_AssertApiResponseEquals.assertApiResponseEquals_expectedToPass]
################################################################################################################################################
[ReportManager] Response status code: [200], status line: [HTTP/1.1 200 OK] @25-10-2021 10:28:24.0301 AM
[ReportManager] Assertion Passed: Evaluating the actual response status code against the expected one... @25-10-2021 10:28:24.0301 AM
[ReportManager] Assertion [ValidateEquals] PASSED. Expected [200] and Actual [200]. Comparison Type [EQUALS]. Validation Type [POSITIVE]. @25-10-2021 10:28:24.0301 AM
[ReportManager] API Action [PerformRequest] successfully performed. With the following test data [Request Type: "GET" | Target Status Code: "200" | Service URL: "https://jsonplaceholder.typicode.com/users" | Content Type: "*/*" | Response Time: "60ms"]. @25-10-2021 10:28:24.0319 AM
[ReportManager] Successfully created attachment [API Request - Specifications] @25-10-2021 10:28:24.0319 AM
[ReportManager] Successfully created attachment [API Response - JSON Body] @25-10-2021 10:28:24.0319 AM
[ReportManager] API Action [GetResponseJSONValueAsList] successfully performed. With the following test data [$]. @25-10-2021 10:28:24.0323 AM
[ReportManager] API Action [GetResponseJSONValue] successfully performed. With the following test data [name]. @25-10-2021 10:28:24.0333 AM
[ReportManager] API Action [GetResponseJSONValue] successfully performed. With the following test data [email]. @25-10-2021 10:28:24.0342 AM
[ReportManager] Verification [ValidateEquals] PASSED. Expected [Sincere@april.biz] and Actual [Sincere@april.biz]. Comparison Type [EQUALS]. Validation Type [POSITIVE]. @25-10-2021 10:28:24.0342 AM
[ReportManager] API Action [GetResponseJSONValue] successfully performed. With the following test data [username]. @25-10-2021 10:28:24.0351 AM
[ReportManager] Assertion [ValidateEquals] PASSED. Expected [Bret] and Actual [Bret]. Comparison Type [EQUALS]. Validation Type [POSITIVE]. @25-10-2021 10:28:24.0351 AM
[ReportManager] API Action [GetResponseJSONValue] successfully performed. With the following test data [name]. @25-10-2021 10:28:24.0360 AM
[ReportManager] API Action [GetResponseJSONValue] successfully performed. With the following test data [name]. @25-10-2021 10:28:24.0369 AM
[ReportManager] API Action [GetResponseJSONValue] successfully performed. With the following test data [name]. @25-10-2021 10:28:24.0377 AM
[ReportManager] API Action [GetResponseJSONValue] successfully performed. With the following test data [name]. @25-10-2021 10:28:24.0386 AM
[ReportManager] API Action [GetResponseJSONValue] successfully performed. With the following test data [name]. @25-10-2021 10:28:24.0394 AM
[ReportManager] API Action [GetResponseJSONValue] successfully performed. With the following test data [name]. @25-10-2021 10:28:24.0417 AM
[ReportManager] API Action [GetResponseJSONValue] successfully performed. With the following test data [name]. @25-10-2021 10:28:24.0425 AM
[ReportManager] API Action [GetResponseJSONValue] successfully performed. With the following test data [name]. @25-10-2021 10:28:24.0434 AM
[ReportManager] API Action [GetResponseJSONValue] successfully performed. With the following test data [name]. @25-10-2021 10:28:24.0442 A
[ReportManager] File Action [GetAbsolutePath] successfully performed. With the following test data [Relative Folder Path: "target/downloadedFiles/"]. @25-10-2021 10:28:24.0452 AM
[ReportManager] Attempting to run remotely on: [Linux-64], [GoogleChrome], [http://localhost:4444/wd/hub], Headless Execution. @25-10-2021 10:28:24.0452 AM
[ReportManager] Successfully Opened [GoogleChrome]. @25-10-2021 10:28:28.0072 A

################################################################################################################################################
Starting Execution:	[122 out of 143] test cases in the current suite
Test Method:		[testPackage01.Test_IsElementClickable.testIsElementClickable]
################################################################################################################################################
[ReportManager] Target URL: [https://the-internet.herokuapp.com/] @25-10-2021 10:28:28.0075 AM
[ReportManager] Initial URL: [data:,] @25-10-2021 10:28:28.0118 AM
[ReportManager] Browser Action [NavigateToURL] successfully performed. With the following test data [https://the-internet.herokuapp.com/]. @25-10-2021 10:28:28.0520 AM
[ReportManager] Element Action [IsElementClickable] successfully performed. @25-10-2021 10:28:28.0674 AM
[ReportManager] Assertion [ValidateTrue] PASSED. Expected [TRUE] and Actual [TRUE]. Validation Type [POSITIVE]. @25-10-2021 10:28:28.0675 A
[ReportManager] Browser Action [CloseCurrentWindow] successfully performed. @25-10-2021 10:28:28.0781 AM
[ReportManager] Successfully created attachment [Browser Action Test Data - CloseCurrentWindow - Actual Value] @25-10-2021 10:28:28.0782 A

################################################################################################################################################
Starting Execution:	[123 out of 143] test cases in the current suite
Test Method:		[testPackage01.Test_JsonCompareWithSpecialCharacters.specialCharacters]
################################################################################################################################################
[ReportManager] File Action [GetAbsolutePath] successfully performed. With the following test data [Relative Folder Path: "src/test/resources/TestJsonFiles/specialCharacters.json"]. @25-10-2021 10:28:28.0788 AM
[ReportManager] File Action [ReadFromFile] successfully performed. With the following test data [File Path: "/home/runner/work/SHAFT_ENGINE/SHAFT_ENGINE/src/test/resources/TestJsonFiles/specialCharacters.json"]. @25-10-2021 10:28:28.0793 AM
[ReportManager] Successfully created attachment [File Action Actual Result - Command Log] @25-10-2021 10:28:28.0794 AM
[ReportManager] Comparing the provided API response with the file at this path "src/test/resources/TestJsonFiles/specialCharacters.json", comparison type "EQUALS" @25-10-2021 10:28:28.0794 AM
[ReportManager] API Action [CompareJSON] successfully performed. With the following test data [src/test/resources/TestJsonFiles/specialCharacters.json]. @25-10-2021 10:28:28.0815 AM
[ReportManager] File Action [GetAbsolutePath] successfully performed. With the following test data [Relative Folder Path: "src/test/resources/TestJsonFiles/specialCharacters.json"]. @25-10-2021 10:28:28.0815 AM
[ReportManager] File Action [ReadFromFile] successfully performed. With the following test data [File Path: "/home/runner/work/SHAFT_ENGINE/SHAFT_ENGINE/src/test/resources/TestJsonFiles/specialCharacters.json"]. @25-10-2021 10:28:28.0815 AM
[ReportManager] Verification [ValidateJSONFileContent] PASSED. Expected [Response data should match the JSON File in this path 'src/test/resources/TestJsonFiles/specialCharacters.json'] and Actual [TRUE]. Comparison Type [EQUALS]. Validation Type [POSITIVE]. @25-10-2021 10:28:28.0819 AM
[ReportManager] Successfully created attachment [Validation Test Data - Expected JSON Value] @25-10-2021 10:28:28.0820 AM
[ReportManager] Successfully created attachment [Validation Test Data - Actual JSON Value] @25-10-2021 10:28:28.0820 A

################################################################################################################################################
Starting Execution:	[124 out of 143] test cases in the current suite
Test Method:		[testPackage01.Test_JsonCompareWithSpecialCharacters.specialCharacters_assertion]
################################################################################################################################################
[ReportManager] File Action [GetAbsolutePath] successfully performed. With the following test data [Relative Folder Path: "src/test/resources/TestJsonFiles/specialCharacters.json"]. @25-10-2021 10:28:28.0847 AM
[ReportManager] File Action [ReadFromFile] successfully performed. With the following test data [File Path: "/home/runner/work/SHAFT_ENGINE/SHAFT_ENGINE/src/test/resources/TestJsonFiles/specialCharacters.json"]. @25-10-2021 10:28:28.0848 AM
[ReportManager] Successfully created attachment [File Action Actual Result - Command Log] @25-10-2021 10:28:28.0848 AM
[ReportManager] Comparing the provided API response with the file at this path "src/test/resources/TestJsonFiles/specialCharacters.json", comparison type "CONTAINS" @25-10-2021 10:28:28.0848 AM
[ReportManager] API Action [CompareJSON] successfully performed. With the following test data [src/test/resources/TestJsonFiles/specialCharacters.json]. @25-10-2021 10:28:28.0888 AM
[ReportManager] File Action [GetAbsolutePath] successfully performed. With the following test data [Relative Folder Path: "src/test/resources/TestJsonFiles/specialCharacters.json"]. @25-10-2021 10:28:28.0888 AM
[ReportManager] File Action [ReadFromFile] successfully performed. With the following test data [File Path: "/home/runner/work/SHAFT_ENGINE/SHAFT_ENGINE/src/test/resources/TestJsonFiles/specialCharacters.json"]. @25-10-2021 10:28:28.0888 AM
[ReportManager] Assertion Passed: trying out the log message @25-10-2021 10:28:28.0900 AM
[ReportManager] Successfully created attachment [Validation Test Data - Expected JSON Value] @25-10-2021 10:28:28.0901 AM
[ReportManager] Successfully created attachment [Validation Test Data - Actual JSON Value] @25-10-2021 10:28:28.0901 AM
[ReportManager] Assertion [ValidateJSONFileContent] PASSED. Expected [Response data should match the JSON File in this path 'src/test/resources/TestJsonFiles/specialCharacters.json'] and Actual [TRUE]. Comparison Type [CONTAINS]. Validation Type [POSITIVE]. @25-10-2021 10:28:28.0901 A
[ReportManager] File Action [GetAbsolutePath] successfully performed. With the following test data [Relative Folder Path: "target/downloadedFiles/"]. @25-10-2021 10:28:28.0907 AM
[ReportManager] Attempting to run remotely on: [Linux-64], [GoogleChrome], [http://localhost:4444/wd/hub], Headless Execution. @25-10-2021 10:28:28.0907 AM
[ReportManager] Successfully Opened [GoogleChrome]. @25-10-2021 10:28:33.0068 A

################################################################################################################################################
Starting Execution:	[125 out of 143] test cases in the current suite
Test Method:		[testPackage01.Test_assertEquals.test_assertElementAttribute]
################################################################################################################################################
[ReportManager] Target URL: [https://www.google.com/ncr], and after redirection: [https://www.google.com] @25-10-2021 10:28:33.0074 AM
[ReportManager] Initial URL: [data:,] @25-10-2021 10:28:33.0118 AM
[ReportManager] Browser Action [NavigateToURL] successfully performed. With the following test data [https://www.google.com/ncr]. @25-10-2021 10:28:33.0968 AM
[ReportManager] Element Action [Type] successfully performed. With the following test data [INC_004010050:Another SCHEDULER with the same name [Duplicate Job Name] already exists.]. @25-10-2021 10:28:34.0666 AM
[ReportManager] Element Action [GetText] successfully performed. With the following test data [INC_004010050:Another SCHEDULER with the same name [Duplicate Job Name] already exists.]. @25-10-2021 10:28:34.0794 AM
[ReportManager] Loaded Shared OpenCV @25-10-2021 10:28:34.0932 AM
[ReportManager] Assertion [ValidateElementAttribute] PASSED. Expected [Value Should be 'INC_004010050:Another SCHEDULER with the same name \[Duplicate Job Name\] already exists.' for the 'text' attribute, element locator 'By.name: q'] and Actual [INC_004010050:Another SCHEDULER with the same name [Duplicate Job Name] already exists.]. Comparison Type [MATCHES]. Validation Type [POSITIVE]. @25-10-2021 10:28:35.0012 AM
[ReportManager] Successfully created attachment [Screenshot - 1635157714932_test_assertElementAttribute_ValidateElementAttribute_passed] @25-10-2021 10:28:35.0013 A
[ReportManager] Browser Action [CloseCurrentWindow] successfully performed. @25-10-2021 10:28:35.0143 AM
[ReportManager] Successfully created attachment [Browser Action Test Data - CloseCurrentWindow - Actual Value] @25-10-2021 10:28:35.0143 A
[ReportManager] File Action [GetAbsolutePath] successfully performed. With the following test data [Relative Folder Path: "target/downloadedFiles/"]. @25-10-2021 10:28:35.0145 AM
[ReportManager] Attempting to run remotely on: [Linux-64], [GoogleChrome], [http://localhost:4444/wd/hub], Headless Execution. @25-10-2021 10:28:35.0145 AM
[ReportManager] Successfully Opened [GoogleChrome]. @25-10-2021 10:28:38.0072 A

################################################################################################################################################
Starting Execution:	[126 out of 143] test cases in the current suite
Test Method:		[testPackage01.Test_verifyEquals.test_assertElementAttribute]
################################################################################################################################################
[ReportManager] Target URL: [https://www.google.com/ncr], and after redirection: [https://www.google.com] @25-10-2021 10:28:38.0080 AM
[ReportManager] Initial URL: [data:,] @25-10-2021 10:28:38.0137 AM
[ReportManager] Browser Action [NavigateToURL] successfully performed. With the following test data [https://www.google.com/ncr]. @25-10-2021 10:28:38.0823 AM
[ReportManager] Element Action [Type] successfully performed. With the following test data [INC_004010050:Another SCHEDULER with the same name [Duplicate Job Name] already exists.]. @25-10-2021 10:28:39.0597 AM
[ReportManager] Element Action [GetText] successfully performed. With the following test data [INC_004010050:Another SCHEDULER with the same name [Duplicate Job Name] already exists.]. @25-10-2021 10:28:39.0715 AM
[ReportManager] Loaded Shared OpenCV @25-10-2021 10:28:39.0848 AM
[ReportManager] Verification [ValidateElementAttribute] PASSED. Expected [Value Should be 'INC_004010050:Another SCHEDULER with the same name \[Duplicate Job Name\] already exists.' for the 'text' attribute, element locator 'By.name: q'] and Actual [INC_004010050:Another SCHEDULER with the same name [Duplicate Job Name] already exists.]. Comparison Type [MATCHES]. Validation Type [POSITIVE]. @25-10-2021 10:28:39.0923 AM
[ReportManager] Successfully created attachment [Screenshot - 1635157719848_test_assertElementAttribute_ValidateElementAttribute_passed] @25-10-2021 10:28:39.0924 A
[ReportManager] Browser Action [CloseCurrentWindow] successfully performed. @25-10-2021 10:28:40.0072 AM
[ReportManager] Successfully created attachment [Browser Action Test Data - CloseCurrentWindow - Actual Value] @25-10-2021 10:28:40.0073 A

################################################################################################################################################
Starting Execution:	[127 out of 143] test cases in the current suite
Test Method:		[testPackage01.Test_JsonActions.f]
###############################################################################################################################################

################################################################################################################################################
Starting Execution:	[128 out of 143] test cases in the current suite
Test Method:		[testPackage01.Test_JsonActions.f2]
###############################################################################################################################################

################################################################################################################################################
Starting Execution:	[129 out of 143] test cases in the current suite
Test Method:		[testPackage01.Test_PDF.testPDF_Downloaded]
################################################################################################################################################
[ReportManager] File Action [DoesFileExist] successfully performed. With the following test data [File Path: "src/test/resources/TestDataFiles/sample.pdf"]. @25-10-2021 10:28:40.0120 AM
[ReportManager] File Action [GetAbsolutePath] successfully performed. With the following test data [Relative File Path: "src/test/resources/TestDataFiles/sample.pdf"]. @25-10-2021 10:28:40.0120 AM
[ReportManager] Assertion [ValidateTrue] PASSED. Expected [TRUE] and Actual [TRUE]. Validation Type [POSITIVE]. @25-10-2021 10:28:41.0113 A
[ReportManager] File Action [GetAbsolutePath] successfully performed. With the following test data [Relative Folder Path: "target/downloadedFiles/"]. @25-10-2021 10:28:41.0116 AM
[ReportManager] Attempting to run remotely on: [Linux-64], [GoogleChrome], [http://localhost:4444/wd/hub], Headless Execution. @25-10-2021 10:28:41.0116 AM
[ReportManager] Successfully Opened [GoogleChrome]. @25-10-2021 10:28:43.0086 A

################################################################################################################################################
Starting Execution:	[130 out of 143] test cases in the current suite
Test Method:		[testPackage01.Test_dragAndDrop.dragAndDropJquery]
################################################################################################################################################
[ReportManager] Target URL: [https://jqueryui.com/resources/demos/droppable/default.html] @25-10-2021 10:28:43.0091 AM
[ReportManager] Initial URL: [data:,] @25-10-2021 10:28:43.0152 AM
[ReportManager] Browser Action [NavigateToURL] successfully performed. With the following test data [https://jqueryui.com/resources/demos/droppable/default.html]. @25-10-2021 10:28:43.0537 AM
[ReportManager] Element Action [GetText] successfully performed. With the following test data [Drop here]. @25-10-2021 10:28:43.0608 AM
[ReportManager] Element Action [DragAndDrop] successfully performed. With the following test data [Start point: (8, 18), End point: (8, 18)]. @25-10-2021 10:28:45.0122 AM
[ReportManager] Element Action [GetText] successfully performed. With the following test data [Dropped!]. @25-10-2021 10:28:45.0223 AM
[ReportManager] Assertion Passed: Checking to see if the text has changed after performing drag and drop @25-10-2021 10:28:45.0224 AM
[ReportManager] Assertion [ValidateEquals] PASSED. Expected [Drop here] and Actual [Dropped!]. Comparison Type [EQUALS]. Validation Type [NEGATIVE]. @25-10-2021 10:28:45.0224 A
[ReportManager] Browser Action [CloseCurrentWindow] successfully performed. @25-10-2021 10:28:45.0339 AM
[ReportManager] Successfully created attachment [Browser Action Test Data - CloseCurrentWindow - Actual Value] @25-10-2021 10:28:45.0340 A
[ReportManager] File Action [GetAbsolutePath] successfully performed. With the following test data [Relative Folder Path: "target/downloadedFiles/"]. @25-10-2021 10:28:45.0344 AM
[ReportManager] Attempting to run remotely on: [Linux-64], [GoogleChrome], [http://localhost:4444/wd/hub], Headless Execution. @25-10-2021 10:28:45.0344 AM
[ReportManager] Successfully Opened [GoogleChrome]. @25-10-2021 10:28:48.0082 A

################################################################################################################################################
Starting Execution:	[131 out of 143] test cases in the current suite
Test Method:		[testPackage01.Test_dragAndDrop.dragAndDrop]
Test Description:	[TC001 - Test Drag and Drop function.]
################################################################################################################################################
[ReportManager] Target URL: [http://the-internet.herokuapp.com/drag_and_drop] @25-10-2021 10:28:48.0088 AM
[ReportManager] Initial URL: [data:,] @25-10-2021 10:28:48.0149 AM
[ReportManager] Browser Action [NavigateToURL] successfully performed. With the following test data [http://the-internet.herokuapp.com/drag_and_drop]. @25-10-2021 10:28:48.0520 AM
[ReportManager] Attempting Drag and Drop @25-10-2021 10:28:48.0520 AM
[ReportManager] Element Action [DragAndDrop] successfully performed. With the following test data [Start point: (32, 89), End point: (247, 89)]. @25-10-2021 10:28:49.0747 A
[ReportManager] Browser Action [CloseCurrentWindow] successfully performed. @25-10-2021 10:28:49.0852 AM
[ReportManager] Successfully created attachment [Browser Action Test Data - CloseCurrentWindow - Actual Value] @25-10-2021 10:28:49.0853 A
[ReportManager] File Action [GetAbsolutePath] successfully performed. With the following test data [Relative Folder Path: "target/downloadedFiles/"]. @25-10-2021 10:28:49.0855 AM
[ReportManager] Attempting to run remotely on: [Linux-64], [GoogleChrome], [http://localhost:4444/wd/hub], Headless Execution. @25-10-2021 10:28:49.0855 AM
[ReportManager] Successfully Opened [GoogleChrome]. @25-10-2021 10:28:53.0072 A

################################################################################################################################################
Starting Execution:	[132 out of 143] test cases in the current suite
Test Method:		[testPackage01.Test_dragAndDrop.dragAndDropByOffset]
Test Description:	[TC002 - Test Drag and Drop by offset function.]
################################################################################################################################################
[ReportManager] Target URL: [https://jqueryui.com/resources/demos/draggable/default.html] @25-10-2021 10:28:53.0075 AM
[ReportManager] Initial URL: [data:,] @25-10-2021 10:28:53.0137 AM
[ReportManager] Browser Action [NavigateToURL] successfully performed. With the following test data [https://jqueryui.com/resources/demos/draggable/default.html]. @25-10-2021 10:28:53.0464 AM
[ReportManager] Element Action [DragAndDropByOffset] successfully performed. With the following test data [Start point: (8, 8), End point: (108, 58)]. @25-10-2021 10:28:53.0994 A
[ReportManager] Browser Action [CloseCurrentWindow] successfully performed. @25-10-2021 10:28:54.0099 AM
[ReportManager] Successfully created attachment [Browser Action Test Data - CloseCurrentWindow - Actual Value] @25-10-2021 10:28:54.0099 A
[ReportManager] File Action [GetAbsolutePath] successfully performed. With the following test data [Relative Folder Path: "target/downloadedFiles/"]. @25-10-2021 10:28:54.0101 AM
[ReportManager] Attempting to run remotely on: [Linux-64], [GoogleChrome], [http://localhost:4444/wd/hub], Headless Execution. @25-10-2021 10:28:54.0101 AM
[ReportManager] Successfully Opened [GoogleChrome]. @25-10-2021 10:28:58.0079 A

################################################################################################################################################
Starting Execution:	[133 out of 143] test cases in the current suite
Test Method:		[testPackage01.Test_clipboardActions.typeTextAndCopyPaste]
################################################################################################################################################
[ReportManager] Target URL: [https://www.google.com/ncr], and after redirection: [https://www.google.com] @25-10-2021 10:28:58.0085 AM
[ReportManager] Initial URL: [data:,] @25-10-2021 10:28:58.0163 AM
[ReportManager] Browser Action [NavigateToURL] successfully performed. With the following test data [https://www.google.com/ncr]. @25-10-2021 10:28:58.0867 AM
[ReportManager] Element Action [Type] successfully performed. With the following test data [FIRST]. @25-10-2021 10:28:59.0277 AM
[ReportManager] Element Action [ClipboardActions] successfully performed. With the following test data [select all]. @25-10-2021 10:28:59.0378 AM
[ReportManager] Element Action [ClipboardActions] successfully performed. With the following test data [copy]. @25-10-2021 10:28:59.0431 AM
[ReportManager] Element Action [ClipboardActions] successfully performed. With the following test data [unselect]. @25-10-2021 10:28:59.0541 AM
[ReportManager] Element Action [ClipboardActions] successfully performed. With the following test data [paste]. @25-10-2021 10:28:59.0629 AM
[ReportManager] Element Action [ClipboardActions] successfully performed. With the following test data [select all]. @25-10-2021 10:28:59.0715 AM
[ReportManager] Element Action [Type] successfully performed. @25-10-2021 10:29:00.0122 AM
[ReportManager] Element Action [ClipboardActions] successfully performed. With the following test data [cut]. @25-10-2021 10:29:00.0122 AM
[ReportManager] Element Action [ClipboardActions] successfully performed. With the following test data [paste]. @25-10-2021 10:29:00.0209 AM
[ReportManager] Element Action [ClipboardActions] successfully performed. With the following test data [paste]. @25-10-2021 10:29:00.0261 A
[ReportManager] Browser Action [CloseCurrentWindow] successfully performed. @25-10-2021 10:29:00.0408 AM
[ReportManager] Successfully created attachment [Browser Action Test Data - CloseCurrentWindow - Actual Value] @25-10-2021 10:29:00.0409 A
[ReportManager] File Action [GetAbsolutePath] successfully performed. With the following test data [Relative Folder Path: "target/downloadedFiles/"]. @25-10-2021 10:29:00.0413 AM
[ReportManager] Attempting to run remotely on: [Linux-64], [GoogleChrome], [http://localhost:4444/wd/hub], Headless Execution. @25-10-2021 10:29:00.0413 AM
[ReportManager] Successfully Opened [GoogleChrome]. @25-10-2021 10:29:03.0078 A

################################################################################################################################################
Starting Execution:	[134 out of 143] test cases in the current suite
Test Method:		[testPackage01.Test_dynamicLoading.dynamicLoading_elementIsHidden]
################################################################################################################################################
[ReportManager] Target URL: [https://the-internet.herokuapp.com/dynamic_loading/1] @25-10-2021 10:29:03.0083 AM
[ReportManager] Initial URL: [data:,] @25-10-2021 10:29:03.0126 AM
[ReportManager] Browser Action [NavigateToURL] successfully performed. With the following test data [https://the-internet.herokuapp.com/dynamic_loading/1]. @25-10-2021 10:29:03.0546 AM
[ReportManager] Element Action [Click] successfully performed. With the following test data [Start]. @25-10-2021 10:29:04.0002 AM
[ReportManager] Element Action [GetText] successfully performed. With the following test data [
    Hello World!
  ]. @25-10-2021 10:29:04.0126 AM
[ReportManager] Loaded Shared OpenCV @25-10-2021 10:29:04.0313 AM
[ReportManager] Assertion [ValidateElementAttribute] PASSED. Expected [Value Should be 'Hello World!' for the 'text' attribute, element locator 'By.id: finish'] and Actual [
    Hello World!
  ]. Comparison Type [CONTAINS]. Validation Type [POSITIVE]. @25-10-2021 10:29:04.0411 AM
[ReportManager] Successfully created attachment [Screenshot - 1635157744313_dynamicLoading_elementIsHidden_ValidateElementAttribute_passed] @25-10-2021 10:29:04.0412 A
[ReportManager] Browser Action [CloseCurrentWindow] successfully performed. @25-10-2021 10:29:04.0519 AM
[ReportManager] Successfully created attachment [Browser Action Test Data - CloseCurrentWindow - Actual Value] @25-10-2021 10:29:04.0519 A
[ReportManager] File Action [GetAbsolutePath] successfully performed. With the following test data [Relative Folder Path: "target/downloadedFiles/"]. @25-10-2021 10:29:04.0521 AM
[ReportManager] Attempting to run remotely on: [Linux-64], [GoogleChrome], [http://localhost:4444/wd/hub], Headless Execution. @25-10-2021 10:29:04.0521 AM
[ReportManager] Successfully Opened [GoogleChrome]. @25-10-2021 10:29:08.0066 A

################################################################################################################################################
Starting Execution:	[135 out of 143] test cases in the current suite
Test Method:		[testPackage01.Test_dynamicLoading.dynamicLoading_elementIsRendered]
################################################################################################################################################
[ReportManager] Target URL: [https://the-internet.herokuapp.com/dynamic_loading/2] @25-10-2021 10:29:08.0071 AM
[ReportManager] Initial URL: [data:,] @25-10-2021 10:29:08.0127 AM
[ReportManager] Browser Action [NavigateToURL] successfully performed. With the following test data [https://the-internet.herokuapp.com/dynamic_loading/2]. @25-10-2021 10:29:08.0524 AM
[ReportManager] Element Action [Click] successfully performed. With the following test data [Start]. @25-10-2021 10:29:09.0020 AM
[ReportManager] Element Action [GetText] successfully performed. With the following test data [Hello World!]. @25-10-2021 10:29:14.0209 AM
[ReportManager] Loaded Shared OpenCV @25-10-2021 10:29:14.0326 AM
[ReportManager] Assertion [ValidateElementAttribute] PASSED. Expected [Value Should be 'Hello World!' for the 'text' attribute, element locator 'By.id: finish'] and Actual [Hello World!]. Comparison Type [CONTAINS]. Validation Type [POSITIVE]. @25-10-2021 10:29:14.0406 AM
[ReportManager] Successfully created attachment [Screenshot - 1635157754326_dynamicLoading_elementIsRendered_ValidateElementAttribute_passed] @25-10-2021 10:29:14.0407 A
[ReportManager] Browser Action [CloseCurrentWindow] successfully performed. @25-10-2021 10:29:14.0529 AM
[ReportManager] Successfully created attachment [Browser Action Test Data - CloseCurrentWindow - Actual Value] @25-10-2021 10:29:14.0529 A
[ReportManager] File Action [GetAbsolutePath] successfully performed. With the following test data [Relative Folder Path: "target/downloadedFiles/"]. @25-10-2021 10:29:14.0532 AM
[ReportManager] Attempting to run remotely on: [Linux-64], [GoogleChrome], [http://localhost:4444/wd/hub], Headless Execution. @25-10-2021 10:29:14.0532 AM
[ReportManager] Successfully Opened [GoogleChrome]. @25-10-2021 10:29:18.0077 A

################################################################################################################################################
Starting Execution:	[136 out of 143] test cases in the current suite
Test Method:		[testPackage01.Test_uploadFile.uploadFile_invisibleUploadInput]
################################################################################################################################################
[ReportManager] Target URL: [https://fineuploader.com/demos.html#gallery-view] @25-10-2021 10:29:18.0081 AM
[ReportManager] Initial URL: [data:,] @25-10-2021 10:29:18.0118 AM
[ReportManager] Browser Action [NavigateToURL] successfully performed. With the following test data [https://fineuploader.com/demos.html#gallery-view]. @25-10-2021 10:29:19.0619 AM
[ReportManager] File Action [GetAbsolutePath] successfully performed. With the following test data [Relative File Path: "src/main/resources/images/shaft.png"]. @25-10-2021 10:29:19.0620 AM
[ReportManager] Successfully created attachment [File Action Actual Result - Command Log] @25-10-2021 10:29:19.0620 AM
[ReportManager] Element Action [TypeFileLocationForUpload] successfully performed. With the following test data [/home/runner/work/SHAFT_ENGINE/SHAFT_ENGINE/src/main/resources/images/shaft.png]. @25-10-2021 10:29:19.0778 AM
[ReportManager] Attempting to getAttribute [src] from elementLocator [By.xpath: //div[@id='fine-uploader-gallery']//div[@class='qq-thumbnail-wrapper']/img]. @25-10-2021 10:29:19.0778 AM
[ReportManager] Element Action [GetAttribute] successfully performed. @25-10-2021 10:29:19.0937 AM
[ReportManager] Successfully created attachment [Element Action Test Data - GetAttribute - Actual Value] @25-10-2021 10:29:19.0938 AM
[ReportManager] Loaded Shared OpenCV @25-10-2021 10:29:20.0060 AM
[ReportManager] Assertion [ValidateElementAttribute] PASSED. Expected and Actual values are attached. Comparison Type [CONTAINS]. Validation Type [POSITIVE]. @25-10-2021 10:29:20.0154 AM
[ReportManager] Successfully created attachment [Validation Test Data - Expected Value] @25-10-2021 10:29:20.0155 AM
[ReportManager] Successfully created attachment [Validation Test Data - Actual Value] @25-10-2021 10:29:20.0155 AM
[ReportManager] Successfully created attachment [Screenshot - 1635157760060_uploadFile_invisibleUploadInput_ValidateElementAttribute_passed] @25-10-2021 10:29:20.0156 A
[ReportManager] Browser Action [CloseCurrentWindow] successfully performed. @25-10-2021 10:29:20.0314 AM
[ReportManager] Successfully created attachment [Browser Action Test Data - CloseCurrentWindow - Actual Value] @25-10-2021 10:29:20.0314 A
[ReportManager] File Action [GetAbsolutePath] successfully performed. With the following test data [Relative Folder Path: "target/downloadedFiles/"]. @25-10-2021 10:29:20.0317 AM
[ReportManager] Attempting to run remotely on: [Linux-64], [GoogleChrome], [http://localhost:4444/wd/hub], Headless Execution. @25-10-2021 10:29:20.0317 AM
[ReportManager] Successfully Opened [GoogleChrome]. @25-10-2021 10:29:23.0077 A

################################################################################################################################################
Starting Execution:	[137 out of 143] test cases in the current suite
Test Method:		[testPackage01.Test_uploadFile.uploadFile_visibleUploadInput]
################################################################################################################################################
[ReportManager] Target URL: [http://demo.guru99.com/test/upload/] @25-10-2021 10:29:23.0079 AM
[ReportManager] Initial URL: [data:,] @25-10-2021 10:29:23.0144 AM
[ReportManager] Browser Action [NavigateToURL] successfully performed. With the following test data [http://demo.guru99.com/test/upload/]. @25-10-2021 10:29:24.0500 AM
[ReportManager] File Action [GetAbsolutePath] successfully performed. With the following test data [Relative File Path: "src/main/resources/images/shaft.png"]. @25-10-2021 10:29:24.0501 AM
[ReportManager] Successfully created attachment [File Action Actual Result - Command Log] @25-10-2021 10:29:24.0501 AM
[ReportManager] Element Action [TypeFileLocationForUpload] successfully performed. With the following test data [/home/runner/work/SHAFT_ENGINE/SHAFT_ENGINE/src/main/resources/images/shaft.png]. @25-10-2021 10:29:24.0626 AM
[ReportManager] Element Action [Click] successfully performed. With the following test data [on]. @25-10-2021 10:29:25.0129 AM
[ReportManager] Element Action [Click] successfully performed. With the following test data [Submit File]. @25-10-2021 10:29:25.0569 AM
[ReportManager] Element Action [GetText] successfully performed. With the following test data [1 file
has been successfully uploaded.]. @25-10-2021 10:29:26.0223 AM
[ReportManager] Loaded Shared OpenCV @25-10-2021 10:29:26.0354 AM
[ReportManager] Assertion [ValidateElementAttribute] PASSED. Expected [Value Should be '1 file' for the 'Text' attribute, element locator 'By.id: res'] and Actual [1 file
has been successfully uploaded.]. Comparison Type [CONTAINS]. Validation Type [POSITIVE]. @25-10-2021 10:29:26.0430 AM
[ReportManager] Successfully created attachment [Screenshot - 1635157766354_uploadFile_visibleUploadInput_ValidateElementAttribute_passed] @25-10-2021 10:29:26.0431 A
[ReportManager] Browser Action [CloseCurrentWindow] successfully performed. @25-10-2021 10:29:26.0549 AM
[ReportManager] Successfully created attachment [Browser Action Test Data - CloseCurrentWindow - Actual Value] @25-10-2021 10:29:26.0550 A

################################################################################################################################################
Starting Execution:	[138 out of 143] test cases in the current suite
Test Method:		[testPackage01.Test_SelectedValue.multipleSelect]
################################################################################################################################################
[ReportManager] File Action [GetAbsolutePath] successfully performed. With the following test data [Relative Folder Path: "target/downloadedFiles/"]. @25-10-2021 10:29:26.0554 AM
[ReportManager] Attempting to run remotely on: [Linux-64], [GoogleChrome], [http://localhost:4444/wd/hub], Headless Execution. @25-10-2021 10:29:26.0554 AM
[ReportManager] Successfully Opened [GoogleChrome]. @25-10-2021 10:29:28.0109 AM
[ReportManager] Target URL: [https://yari-demos.prod.mdn.mozit.cloud/en-US/docs/Web/HTML/Element/select/_sample_.Advanced_select_with_multiple_features.html] @25-10-2021 10:29:28.0112 AM
[ReportManager] Initial URL: [data:,] @25-10-2021 10:29:28.0168 AM
[ReportManager] Browser Action [NavigateToURL] successfully performed. With the following test data [https://yari-demos.prod.mdn.mozit.cloud/en-US/docs/Web/HTML/Element/select/_sample_.Advanced_select_with_multiple_features.html]. @25-10-2021 10:29:28.0531 AM
[ReportManager] Element Action [Select] successfully performed. With the following test data [Dog]. @25-10-2021 10:29:28.0819 AM
[ReportManager] Element Action [Select] successfully performed. With the following test data [Cat]. @25-10-2021 10:29:29.0112 AM
[ReportManager] Element Action [GetSelectedText] successfully performed. With the following test data [DogCat]. @25-10-2021 10:29:29.0276 AM
[ReportManager] DogCat @25-10-2021 10:29:29.0276 AM
[ReportManager] Element Action [GetSelectedText] successfully performed. With the following test data [DogCat]. @25-10-2021 10:29:29.0433 AM
[ReportManager] Loaded Shared OpenCV @25-10-2021 10:29:29.0603 AM
[ReportManager] Assertion [ValidateElementAttribute] PASSED. Expected [Value Should be 'DogCat' for the 'selectedText' attribute, element locator 'By.tagName: select'] and Actual [DogCat]. Comparison Type [EQUALS]. Validation Type [POSITIVE]. @25-10-2021 10:29:29.0683 AM
[ReportManager] Successfully created attachment [Screenshot - 1635157769603_multipleSelect_ValidateElementAttribute_passed] @25-10-2021 10:29:29.0683 AM
[ReportManager] Browser Action [CloseCurrentWindow] successfully performed. @25-10-2021 10:29:29.0783 AM
[ReportManager] Successfully created attachment [Browser Action Test Data - CloseCurrentWindow - Actual Value] @25-10-2021 10:29:29.0784 A

################################################################################################################################################
Starting Execution:	[139 out of 143] test cases in the current suite
Test Method:		[testPackage01.Test_SelectedValue.simpleSelect]
################################################################################################################################################
[ReportManager] File Action [GetAbsolutePath] successfully performed. With the following test data [Relative Folder Path: "target/downloadedFiles/"]. @25-10-2021 10:29:29.0787 AM
[ReportManager] Attempting to run remotely on: [Linux-64], [GoogleChrome], [http://localhost:4444/wd/hub], Headless Execution. @25-10-2021 10:29:29.0787 AM
[ReportManager] Successfully Opened [GoogleChrome]. @25-10-2021 10:29:33.0097 AM
[ReportManager] Target URL: [https://yari-demos.prod.mdn.mozit.cloud/en-US/docs/Web/HTML/Element/select/_sample_.Basic_select.html] @25-10-2021 10:29:33.0098 AM
[ReportManager] Initial URL: [data:,] @25-10-2021 10:29:33.0194 AM
[ReportManager] Browser Action [NavigateToURL] successfully performed. With the following test data [https://yari-demos.prod.mdn.mozit.cloud/en-US/docs/Web/HTML/Element/select/_sample_.Basic_select.html]. @25-10-2021 10:29:33.0423 AM
[ReportManager] Element Action [Select] successfully performed. With the following test data [Third Value]. @25-10-2021 10:29:33.0849 AM
[ReportManager] Element Action [GetSelectedText] successfully performed. With the following test data [Third Value]. @25-10-2021 10:29:33.0987 AM
[ReportManager] Third Value @25-10-2021 10:29:33.0987 AM
[ReportManager] Element Action [GetSelectedText] successfully performed. With the following test data [Third Value]. @25-10-2021 10:29:34.0086 AM
[ReportManager] Loaded Shared OpenCV @25-10-2021 10:29:34.0219 AM
[ReportManager] Assertion [ValidateElementAttribute] PASSED. Expected [Value Should be 'Third Value' for the 'selectedText' attribute, element locator 'By.tagName: select'] and Actual [Third Value]. Comparison Type [EQUALS]. Validation Type [POSITIVE]. @25-10-2021 10:29:34.0291 AM
[ReportManager] Successfully created attachment [Screenshot - 1635157774219_simpleSelect_ValidateElementAttribute_passed] @25-10-2021 10:29:34.0291 AM
[ReportManager] Browser Action [CloseCurrentWindow] successfully performed. @25-10-2021 10:29:34.0393 AM
[ReportManager] Successfully created attachment [Browser Action Test Data - CloseCurrentWindow - Actual Value] @25-10-2021 10:29:34.0394 A

################################################################################################################################################
Starting Execution:	[140 out of 143] test cases in the current suite
Test Method:		[testPackage01.Test_JSONFileManager.readStringFromJson]
################################################################################################################################################
[ReportManager] Successfully loaded the following test data file [src/test/resources/TestDataFiles/simpleJSON.json]. @25-10-2021 10:29:34.0403 AM
[ReportManager] Successfully created attachment [Test Data - JSON] @25-10-2021 10:29:34.0404 AM
[ReportManager] Assertion [ValidateEquals] PASSED. Expected [Mohab Mohie] and Actual [Mohab Mohie]. Comparison Type [EQUALS]. Validation Type [POSITIVE]. @25-10-2021 10:29:34.0423 A
[ReportManager] Successfully loaded the following test data file [src/test/resources/TestDataFiles/testSuite01/TestData.xlsx]. @25-10-2021 10:29:34.0448 AM
[ReportManager] Successfully created attachment [Test Data - Excel] @25-10-2021 10:29:34.0448 AM
[ReportManager] Attempting to run using Playwright locally on: [Linux-64], [GoogleChrome], Headless Execution. @25-10-2021 10:29:48.0119 AM
[ReportManager] File Action [GetAbsolutePath] successfully performed. With the following test data [Relative Folder Path: "target/downloadedFiles/"]. @25-10-2021 10:29:48.0120 AM
[ReportManager] Initial window size: (1280, 720) @25-10-2021 10:29:48.0492 AM
[ReportManager] Window size after Toolkit: com.microsoft.playwright.options.ViewportSize@4af1f64e @25-10-2021 10:29:48.0499 AM
[ReportManager] Browser Action [MaximizeWindow] successfully performed. With the following test data [New screen size is now: (1920, 1080)]. @25-10-2021 10:29:48.0500 A

################################################################################################################################################
Starting Execution:	[141 out of 143] test cases in the current suite
Test Method:		[testPackage01.Test_google_playwright.navigateToURLandVerifyGoogleLogoIsDisplayed]
Test Description:	[TC001 - Navigate to URL and Verify Google Logo is Displayed]
################################################################################################################################################
[ReportManager] Target URL: [https://www.google.com/ncr], and after redirection: [https://www.google.com] @25-10-2021 10:29:48.0506 AM
[ReportManager] Initial URL: [about:blank] @25-10-2021 10:29:48.0980 AM
[ReportManager] Browser Action [NavigateToURL] successfully performed. With the following test data [https://www.google.com/ncr]. @25-10-2021 10:29:51.0216 AM
[ReportManager] Loaded Shared OpenCV @25-10-2021 10:29:51.0476 AM
[ReportManager] Assertion [ValidateElementExists] PASSED. Expected [Element Should Exist, locator 'xpath=//*[@id='hplogo' or @alt='Google']'] and Actual [Element Exists]. Comparison Type [EQUALS]. Validation Type [POSITIVE]. @25-10-2021 10:29:51.0688 AM
[ReportManager] Successfully created attachment [Screenshot - 1635157791471_navigateToURLandVerifyGoogleLogoIsDisplayed_ValidateElementExists_passed] @25-10-2021 10:29:51.0689 A

################################################################################################################################################
Starting Execution:	[142 out of 143] test cases in the current suite
Test Method:		[testPackage01.Test_google_playwright.searchForQueryandAssertResultsNumDisplayed]
Test Description:	[TC002 - Search for Query and Assert that the number of results is displayed]
################################################################################################################################################
[ReportManager] Element Action [Type] successfully performed. With the following test data [SHAFT_Engine]. @25-10-2021 10:29:51.0982 AM
[ReportManager] Element Action [KeyPress] successfully performed. With the following test data [Enter]. @25-10-2021 10:29:52.0026 AM
[ReportManager] Element Action [GetText] successfully performed. With the following test data [About 906,000 results (0.68 seconds)]. @25-10-2021 10:29:52.0911 AM
[ReportManager] Loaded Shared OpenCV @25-10-2021 10:29:54.0997 AM
[ReportManager] Assertion [ValidateElementAttribute] PASSED. Expected [Value Should not be '' for the 'text' attribute, element locator 'xpath=//div[@id='appbar']'] and Actual [About 906,000 results (0.68 seconds)]. Comparison Type [EQUALS]. Validation Type [NEGATIVE]. @25-10-2021 10:29:55.0246 AM
[ReportManager] Successfully created attachment [Screenshot - 1635157794995_searchForQueryandAssertResultsNumDisplayed_ValidateElementAttribute_passed] @25-10-2021 10:29:55.0248 A

################################################################################################################################################
Starting Execution:	[143 out of 143] test cases in the current suite
Test Method:		[testPackage01.Test_google_playwright.clickNextThrice]
Test Description:	[TC003 - Clicks the next button to make sure that the framework can scroll element into view before clicking it]
################################################################################################################################################
[ReportManager] Element Action [Click] successfully performed. With the following test data [Next]. @25-10-2021 10:29:55.0500 A
[ReportManager] Failed to find video recording. @25-10-2021 10:29:55.0502 AM
[ReportManager] Successfully Closed PlayWright Driver. @25-10-2021 10:29:55.0555 A

################################################################################################################################################
Test Closure Activities
################################################################################################################################################
[ReportManager] Successfully created attachment [SHAFT Engine Logs - Execution log] @25-10-2021 10:29:55.0596 AM

################################################################################################################################################
This test run was powered by SHAFT Engine Version: [SHAFT Engine v5.4.20211025-BETA]
SHAFT Engine is licensed under the MIT License: [https://github.com/MohabMohie/SHAFT_ENGINE/blob/master/LICENSE].
################################################################################################################################################