################################################################################################################################################
Detected SHAFT Engine Version: [SHAFT Engine v5.4.20211030-BETA]
################################################################################################################################################
[ReportManager] File Action [GetAbsolutePath] successfully performed. With the following test data [Relative Folder Path: "target/downloadedFiles/"]. @04-11-2021 01:52:42.0211 AM
[ReportManager] Attempting to run locally on: [Mac-64], [Safari], Headless Execution. @04-11-2021 01:52:42.0227 AM
[ReportManager] Successfully Opened Safari. @04-11-2021 01:52:46.0447 AM
[ReportManager] Initial window size: (800, 600) @04-11-2021 01:52:46.0467 AM
[ReportManager] Window size after SWD Maximize: (1176, 810) @04-11-2021 01:52:46.0493 AM
[ReportManager] Browser Action [MaximizeWindow] successfully performed. With the following test data [New screen size is now: (1176, 810)]. @04-11-2021 01:52:46.0512 A

################################################################################################################################################
Starting Execution:	[1 out of 145] test cases in the current suite
Test Method:		[unitTests.tests_element_elementActions.waitForElementToBePresent_false_expectedToFail]
################################################################################################################################################
[ReportManager] Target URL: [https://www.google.com/ncr], and after redirection: [www.google.com] @04-11-2021 01:52:46.0642 AM
[ReportManager] Initial URL: [] @04-11-2021 01:52:46.0700 AM
[ReportManager] Browser Action [NavigateToURL] successfully performed. With the following test data [https://www.google.com/ncr]. @04-11-2021 01:52:48.0304 AM
[ReportManager] Waiting for element to be present; elementLocator [By.xpath: //*[@id='hplogo' or @alt='Google']], numberOfTries[1], stateOfPresence[false]... @04-11-2021 01:52:48.0313 AM
[ReportManager] Element Action [WaitForElementToBePresent] failed. With the following test data [waited for the element's state of presence to be (false). Element locator (By.xpath: //*[@id='hplogo' or @alt='Google'])]. @04-11-2021 01:52:50.0725 AM
[ReportManager] Successfully created attachment [Screenshot - 1635990768377_waitForElementToBePresent_false_expectedToFail_WaitForElementToBePresent_failed] @04-11-2021 01:52:50.0737 A
[ReportManager] Browser Action [CloseCurrentWindow] successfully performed. @04-11-2021 01:52:50.0846 AM
[ReportManager] Successfully created attachment [Browser Action Test Data - CloseCurrentWindow - Actual Value] @04-11-2021 01:52:50.0847 A
[ReportManager] File Action [GetAbsolutePath] successfully performed. With the following test data [Relative Folder Path: "target/downloadedFiles/"]. @04-11-2021 01:52:50.0861 AM
[ReportManager] Attempting to run locally on: [Mac-64], [Safari], Headless Execution. @04-11-2021 01:52:50.0862 AM
[ReportManager] Successfully Opened Safari. @04-11-2021 01:52:51.0735 AM
[ReportManager] Initial window size: (800, 600) @04-11-2021 01:52:51.0751 AM
[ReportManager] Window size after SWD Maximize: (1176, 811) @04-11-2021 01:52:51.0777 AM
[ReportManager] Browser Action [MaximizeWindow] successfully performed. With the following test data [New screen size is now: (1176, 811)]. @04-11-2021 01:52:51.0778 A

################################################################################################################################################
Starting Execution:	[2 out of 145] test cases in the current suite
Test Method:		[unitTests.tests_element_elementActions.waitForElementToBePresent_false_expectedToPass]
################################################################################################################################################
[ReportManager] Target URL: [https://www.google.com/ncr], and after redirection: [www.google.com] @04-11-2021 01:52:51.0805 AM
[ReportManager] Initial URL: [] @04-11-2021 01:52:51.0868 AM
[ReportManager] Browser Action [NavigateToURL] successfully performed. With the following test data [https://www.google.com/ncr]. @04-11-2021 01:52:52.0782 AM
[ReportManager] Waiting for element to be present; elementLocator [By.id: bla], numberOfTries[1], stateOfPresence[false]... @04-11-2021 01:52:52.0783 A
[ReportManager] Browser Action [CloseCurrentWindow] successfully performed. @04-11-2021 01:52:53.0171 AM
[ReportManager] Successfully created attachment [Browser Action Test Data - CloseCurrentWindow - Actual Value] @04-11-2021 01:52:53.0172 A
[ReportManager] File Action [GetAbsolutePath] successfully performed. With the following test data [Relative Folder Path: "target/downloadedFiles/"]. @04-11-2021 01:52:53.0178 AM
[ReportManager] Attempting to run locally on: [Mac-64], [Safari], Headless Execution. @04-11-2021 01:52:53.0178 AM
[ReportManager] Successfully Opened Safari. @04-11-2021 01:52:54.0024 AM
[ReportManager] Initial window size: (800, 600) @04-11-2021 01:52:54.0048 AM
[ReportManager] Window size after SWD Maximize: (1176, 811) @04-11-2021 01:52:54.0106 AM
[ReportManager] Browser Action [MaximizeWindow] successfully performed. With the following test data [New screen size is now: (1176, 811)]. @04-11-2021 01:52:54.0107 A

################################################################################################################################################
Starting Execution:	[3 out of 145] test cases in the current suite
Test Method:		[unitTests.tests_element_elementActions.waitForElementToBePresent_moreThanOneElement_expectedToFail]
################################################################################################################################################
[ReportManager] Target URL: [https://www.google.com/ncr], and after redirection: [www.google.com] @04-11-2021 01:52:54.0110 AM
[ReportManager] Initial URL: [] @04-11-2021 01:52:54.0161 AM
[ReportManager] Browser Action [NavigateToURL] successfully performed. With the following test data [https://www.google.com/ncr]. @04-11-2021 01:52:55.0504 AM
[ReportManager] Waiting for element to be present; elementLocator [By.xpath: //*], numberOfTries[1], stateOfPresence[false]... @04-11-2021 01:52:55.0505 AM
[ReportManager] Element Action [WaitForElementToBePresent] failed. With the following test data [waited for the element's state of presence to be (false). Element locator (By.xpath: //*)]. @04-11-2021 01:52:55.0731 AM
[ReportManager] Successfully created attachment [Screenshot - 1635990775586_waitForElementToBePresent_moreThanOneElement_expectedToFail_WaitForElementToBePresent_failed] @04-11-2021 01:52:55.0735 A
[ReportManager] Browser Action [CloseCurrentWindow] successfully performed. @04-11-2021 01:52:56.0053 AM
[ReportManager] Successfully created attachment [Browser Action Test Data - CloseCurrentWindow - Actual Value] @04-11-2021 01:52:56.0054 A
[ReportManager] File Action [GetAbsolutePath] successfully performed. With the following test data [Relative Folder Path: "target/downloadedFiles/"]. @04-11-2021 01:52:56.0063 AM
[ReportManager] Attempting to run locally on: [Mac-64], [Safari], Headless Execution. @04-11-2021 01:52:56.0066 AM
[ReportManager] Successfully Opened Safari. @04-11-2021 01:52:56.0937 AM
[ReportManager] Initial window size: (800, 600) @04-11-2021 01:52:56.0958 AM
[ReportManager] Window size after SWD Maximize: (1176, 811) @04-11-2021 01:52:56.0974 AM
[ReportManager] Browser Action [MaximizeWindow] successfully performed. With the following test data [New screen size is now: (1176, 811)]. @04-11-2021 01:52:56.0975 A

################################################################################################################################################
Starting Execution:	[4 out of 145] test cases in the current suite
Test Method:		[unitTests.tests_element_elementActions.waitForElementToBePresent_true_expectedToFail]
################################################################################################################################################
[ReportManager] Target URL: [https://www.google.com/ncr], and after redirection: [www.google.com] @04-11-2021 01:52:56.0980 AM
[ReportManager] Initial URL: [] @04-11-2021 01:52:57.0046 AM
[ReportManager] Browser Action [NavigateToURL] successfully performed. With the following test data [https://www.google.com/ncr]. @04-11-2021 01:52:58.0195 AM
[ReportManager] Waiting for element to be present; elementLocator [By.id: bla], numberOfTries[1], stateOfPresence[true]... @04-11-2021 01:52:58.0196 A
[ReportManager] Browser Action [CloseCurrentWindow] successfully performed. @04-11-2021 01:52:58.0568 AM
[ReportManager] Successfully created attachment [Browser Action Test Data - CloseCurrentWindow - Actual Value] @04-11-2021 01:52:58.0573 A
[ReportManager] File Action [GetAbsolutePath] successfully performed. With the following test data [Relative Folder Path: "target/downloadedFiles/"]. @04-11-2021 01:52:58.0588 AM
[ReportManager] Attempting to run locally on: [Mac-64], [Safari], Headless Execution. @04-11-2021 01:52:58.0590 AM
[ReportManager] Successfully Opened Safari. @04-11-2021 01:52:59.0517 AM
[ReportManager] Initial window size: (800, 600) @04-11-2021 01:52:59.0526 AM
[ReportManager] Window size after SWD Maximize: (1176, 811) @04-11-2021 01:52:59.0558 AM
[ReportManager] Browser Action [MaximizeWindow] successfully performed. With the following test data [New screen size is now: (1176, 811)]. @04-11-2021 01:52:59.0559 A

################################################################################################################################################
Starting Execution:	[5 out of 145] test cases in the current suite
Test Method:		[unitTests.tests_element_elementActions.waitForElementToBePresent_true_expectedToPass]
################################################################################################################################################
[ReportManager] Target URL: [https://www.google.com/ncr], and after redirection: [www.google.com] @04-11-2021 01:52:59.0562 AM
[ReportManager] Initial URL: [] @04-11-2021 01:52:59.0631 AM
[ReportManager] Browser Action [NavigateToURL] successfully performed. With the following test data [https://www.google.com/ncr]. @04-11-2021 01:53:01.0264 AM
[ReportManager] Waiting for element to be present; elementLocator [By.xpath: //*[@id='hplogo' or @alt='Google']], numberOfTries[1], stateOfPresence[true]... @04-11-2021 01:53:01.0264 AM
[ReportManager] Element Action [WaitForElementToBePresent] successfully performed. With the following test data [waited for the element's state of presence to be (true). Element locator (By.xpath: //*[@id='hplogo' or @alt='Google'])]. @04-11-2021 01:53:01.0291 AM
[ReportManager] File Action [DoesFileExist] successfully performed. With the following test data [File Path: "src/main/resources/dynamicObjectRepository/unitTests_tests_element_elementActions_waitForElementToBePresent_true_expectedToPass_By_xpath_id_hplogo_or_alt_Google.png"]. @04-11-2021 01:53:01.0306 AM
[ReportManager] File Action [DoesFileExist] successfully performed. With the following test data [File Path: "src/main/resources/dynamicObjectRepository/unitTests_tests_element_elementActions_waitForElementToBePresent_true_expectedToPass_By_xpath_id_hplogo_or_alt_Google.png"]. @04-11-2021 01:53:01.0403 AM
[ReportManager] Passing the test and saving a reference image @04-11-2021 01:53:01.0403 AM
[ReportManager] File Action [GetAbsolutePath] successfully performed. With the following test data [Relative File Path: "src/main/resources/dynamicObjectRepository/unitTests_tests_element_elementActions_waitForElementToBePresent_true_expectedToPass_By_xpath_id_hplogo_or_alt_Google.png"]. @04-11-2021 01:53:01.0404 AM
[ReportManager] File Action [WriteToFile] successfully performed. With the following test data [Target File Path: "/Users/runner/work/SHAFT_ENGINE/SHAFT_ENGINE/src/main/resources/dynamicObjectRepository/unitTests_tests_element_elementActions_waitForElementToBePresent_true_expectedToPass_By_xpath_id_hplogo_or_alt_Google.png"]. @04-11-2021 01:53:01.0405 AM
[ReportManager] Assertion Passed: Using Visual AI; OpenCV @04-11-2021 01:53:01.0407 AM
[ReportManager] Successfully created attachment [Validation Test Data - Actual Screenshot] @04-11-2021 01:53:01.0408 AM
[ReportManager] Assertion [ValidateElementMatches] PASSED. Expected [Element should match the reference screenshot] and Actual [TRUE]. Comparison Type [EXACT_OPENCV]. Validation Type [POSITIVE]. @04-11-2021 01:53:01.0408 A
[ReportManager] Browser Action [CloseCurrentWindow] successfully performed. @04-11-2021 01:53:01.0572 AM
[ReportManager] Successfully created attachment [Browser Action Test Data - CloseCurrentWindow - Actual Value] @04-11-2021 01:53:01.0573 A
[ReportManager] File Action [GetAbsolutePath] successfully performed. With the following test data [Relative Folder Path: "target/downloadedFiles/"]. @04-11-2021 01:53:01.0581 AM
[ReportManager] Attempting to run locally on: [Mac-64], [Safari], Headless Execution. @04-11-2021 01:53:01.0581 AM
[ReportManager] Successfully Opened Safari. @04-11-2021 01:53:02.0519 AM
[ReportManager] Initial window size: (800, 600) @04-11-2021 01:53:02.0538 AM
[ReportManager] Window size after SWD Maximize: (1176, 811) @04-11-2021 01:53:02.0574 AM
[ReportManager] Browser Action [MaximizeWindow] successfully performed. With the following test data [New screen size is now: (1176, 811)]. @04-11-2021 01:53:02.0575 AM
[ReportManager] Target URL: [https://duckduckgo.com] @04-11-2021 01:53:02.0576 AM
[ReportManager] Initial URL: [] @04-11-2021 01:53:02.0653 AM
[ReportManager] Browser Action [NavigateToURL] successfully performed. With the following test data [https://duckduckgo.com]. @04-11-2021 01:53:03.0392 A

################################################################################################################################################
Starting Execution:	[6 out of 145] test cases in the current suite
Test Method:		[unitTests.tests_browserActions.fullScreenWindow]
################################################################################################################################################
[ReportManager] Initial Windows Size: 1176x811 @04-11-2021 01:53:03.0402 AM
[ReportManager] Current Windows Size after fullScreen: 1176x885 @04-11-2021 01:53:03.0571 AM
[ReportManager] Browser Action [FullScreenWindow] successfully performed. @04-11-2021 01:53:03.0596 AM
[ReportManager] Successfully created attachment [Browser Action Test Data - FullScreenWindow - Actual Value] @04-11-2021 01:53:03.0599 A
[ReportManager] Target URL: [https://duckduckgo.com] @04-11-2021 01:53:03.0604 AM
[ReportManager] Initial URL: [https://duckduckgo.com] @04-11-2021 01:53:03.0690 AM
[ReportManager] Browser Action [NavigateToURL] successfully performed. With the following test data [https://duckduckgo.com]. @04-11-2021 01:53:04.0350 AM
[ReportManager] Browser Action [CloseCurrentWindow] successfully performed. @04-11-2021 01:53:04.0647 AM
[ReportManager] Successfully created attachment [Browser Action Test Data - CloseCurrentWindow - Actual Value] @04-11-2021 01:53:04.0649 A
[ReportManager] File Action [GetAbsolutePath] successfully performed. With the following test data [Relative Folder Path: "target/downloadedFiles/"]. @04-11-2021 01:53:04.0653 AM
[ReportManager] Attempting to run locally on: [Mac-64], [Safari], Headless Execution. @04-11-2021 01:53:04.0653 AM
[ReportManager] Successfully Opened Safari. @04-11-2021 01:53:05.0461 AM
[ReportManager] Initial window size: (800, 600) @04-11-2021 01:53:05.0470 AM
[ReportManager] Window size after SWD Maximize: (1176, 811) @04-11-2021 01:53:05.0494 AM
[ReportManager] Browser Action [MaximizeWindow] successfully performed. With the following test data [New screen size is now: (1176, 811)]. @04-11-2021 01:53:05.0494 AM
[ReportManager] Target URL: [https://duckduckgo.com] @04-11-2021 01:53:05.0494 AM
[ReportManager] Initial URL: [] @04-11-2021 01:53:05.0559 AM
[ReportManager] Browser Action [NavigateToURL] successfully performed. With the following test data [https://duckduckgo.com]. @04-11-2021 01:53:06.0290 A

################################################################################################################################################
Starting Execution:	[7 out of 145] test cases in the current suite
Test Method:		[unitTests.tests_browserActions.getCurrentURL]
################################################################################################################################################
[ReportManager] Browser Action [GetCurrentURL] successfully performed. With the following test data [https://duckduckgo.com/]. @04-11-2021 01:53:06.0320 A
[ReportManager] Target URL: [https://duckduckgo.com] @04-11-2021 01:53:06.0323 AM
[ReportManager] Initial URL: [https://duckduckgo.com] @04-11-2021 01:53:06.0362 AM
[ReportManager] Browser Action [NavigateToURL] successfully performed. With the following test data [https://duckduckgo.com]. @04-11-2021 01:53:06.0644 AM
[ReportManager] Browser Action [CloseCurrentWindow] successfully performed. @04-11-2021 01:53:07.0022 AM
[ReportManager] Successfully created attachment [Browser Action Test Data - CloseCurrentWindow - Actual Value] @04-11-2021 01:53:07.0023 A
[ReportManager] File Action [GetAbsolutePath] successfully performed. With the following test data [Relative Folder Path: "target/downloadedFiles/"]. @04-11-2021 01:53:07.0027 AM
[ReportManager] Attempting to run locally on: [Mac-64], [Safari], Headless Execution. @04-11-2021 01:53:07.0027 AM
[ReportManager] Successfully Opened Safari. @04-11-2021 01:53:07.0876 AM
[ReportManager] Initial window size: (800, 600) @04-11-2021 01:53:07.0911 AM
[ReportManager] Window size after SWD Maximize: (1176, 811) @04-11-2021 01:53:07.0941 AM
[ReportManager] Browser Action [MaximizeWindow] successfully performed. With the following test data [New screen size is now: (1176, 811)]. @04-11-2021 01:53:07.0942 AM
[ReportManager] Target URL: [https://duckduckgo.com] @04-11-2021 01:53:07.0942 AM
[ReportManager] Initial URL: [] @04-11-2021 01:53:08.0012 AM
[ReportManager] Browser Action [NavigateToURL] successfully performed. With the following test data [https://duckduckgo.com]. @04-11-2021 01:53:08.0746 A

################################################################################################################################################
Starting Execution:	[8 out of 145] test cases in the current suite
Test Method:		[unitTests.tests_browserActions.getCurrentWindowTitle]
################################################################################################################################################
[ReportManager] Browser Action [GetCurrentWindowTitle] successfully performed. With the following test data [DuckDuckGo â€” Privacy, simplified.]. @04-11-2021 01:53:08.0791 A
[ReportManager] Target URL: [https://duckduckgo.com] @04-11-2021 01:53:08.0795 AM
[ReportManager] Initial URL: [https://duckduckgo.com] @04-11-2021 01:53:08.0827 AM
[ReportManager] Browser Action [NavigateToURL] successfully performed. With the following test data [https://duckduckgo.com]. @04-11-2021 01:53:09.0143 AM
[ReportManager] Browser Action [CloseCurrentWindow] successfully performed. @04-11-2021 01:53:09.0442 AM
[ReportManager] Successfully created attachment [Browser Action Test Data - CloseCurrentWindow - Actual Value] @04-11-2021 01:53:09.0443 A
[ReportManager] File Action [GetAbsolutePath] successfully performed. With the following test data [Relative Folder Path: "target/downloadedFiles/"]. @04-11-2021 01:53:09.0452 AM
[ReportManager] Attempting to run locally on: [Mac-64], [Safari], Headless Execution. @04-11-2021 01:53:09.0452 AM
[ReportManager] Successfully Opened Safari. @04-11-2021 01:53:10.0239 AM
[ReportManager] Initial window size: (800, 600) @04-11-2021 01:53:10.0246 AM
[ReportManager] Window size after SWD Maximize: (1176, 811) @04-11-2021 01:53:10.0268 AM
[ReportManager] Browser Action [MaximizeWindow] successfully performed. With the following test data [New screen size is now: (1176, 811)]. @04-11-2021 01:53:10.0269 AM
[ReportManager] Target URL: [https://duckduckgo.com] @04-11-2021 01:53:10.0269 AM
[ReportManager] Initial URL: [] @04-11-2021 01:53:10.0325 AM
[ReportManager] Browser Action [NavigateToURL] successfully performed. With the following test data [https://duckduckgo.com]. @04-11-2021 01:53:10.0881 A

################################################################################################################################################
Starting Execution:	[9 out of 145] test cases in the current suite
Test Method:		[unitTests.tests_browserActions.getPageSource]
################################################################################################################################################
[ReportManager] Browser Action [GetPageSource] successfully performed. @04-11-2021 01:53:10.0922 AM
[ReportManager] Successfully created attachment [Browser Action Test Data - GetPageSource - Actual Value] @04-11-2021 01:53:10.0923 A
[ReportManager] Target URL: [https://duckduckgo.com] @04-11-2021 01:53:10.0925 AM
[ReportManager] Initial URL: [https://duckduckgo.com] @04-11-2021 01:53:10.0956 AM
[ReportManager] Browser Action [NavigateToURL] successfully performed. With the following test data [https://duckduckgo.com]. @04-11-2021 01:53:11.0243 AM
[ReportManager] Browser Action [CloseCurrentWindow] successfully performed. @04-11-2021 01:53:11.0583 AM
[ReportManager] Successfully created attachment [Browser Action Test Data - CloseCurrentWindow - Actual Value] @04-11-2021 01:53:11.0584 A
[ReportManager] File Action [GetAbsolutePath] successfully performed. With the following test data [Relative Folder Path: "target/downloadedFiles/"]. @04-11-2021 01:53:11.0587 AM
[ReportManager] Attempting to run locally on: [Mac-64], [Safari], Headless Execution. @04-11-2021 01:53:11.0588 AM
[ReportManager] Successfully Opened Safari. @04-11-2021 01:53:12.0419 AM
[ReportManager] Initial window size: (800, 600) @04-11-2021 01:53:12.0437 AM
[ReportManager] Window size after SWD Maximize: (1176, 811) @04-11-2021 01:53:12.0452 AM
[ReportManager] Browser Action [MaximizeWindow] successfully performed. With the following test data [New screen size is now: (1176, 811)]. @04-11-2021 01:53:12.0452 AM
[ReportManager] Target URL: [https://duckduckgo.com] @04-11-2021 01:53:12.0452 AM
[ReportManager] Initial URL: [] @04-11-2021 01:53:12.0518 AM
[ReportManager] Browser Action [NavigateToURL] successfully performed. With the following test data [https://duckduckgo.com]. @04-11-2021 01:53:13.0154 A

################################################################################################################################################
Starting Execution:	[10 out of 145] test cases in the current suite
Test Method:		[unitTests.tests_browserActions.getWindowHandle]
################################################################################################################################################
[ReportManager] Browser Action [GetWindowHandle] successfully performed. With the following test data [page-D9768D69-FE25-45EF-B300-C05D1363AB58]. @04-11-2021 01:53:13.0184 A
[ReportManager] Target URL: [https://duckduckgo.com] @04-11-2021 01:53:13.0187 AM
[ReportManager] Initial URL: [https://duckduckgo.com] @04-11-2021 01:53:13.0218 AM
[ReportManager] Browser Action [NavigateToURL] successfully performed. With the following test data [https://duckduckgo.com]. @04-11-2021 01:53:13.0504 AM
[ReportManager] Browser Action [CloseCurrentWindow] successfully performed. @04-11-2021 01:53:13.0666 AM
[ReportManager] Successfully created attachment [Browser Action Test Data - CloseCurrentWindow - Actual Value] @04-11-2021 01:53:13.0667 A
[ReportManager] File Action [GetAbsolutePath] successfully performed. With the following test data [Relative Folder Path: "target/downloadedFiles/"]. @04-11-2021 01:53:13.0670 AM
[ReportManager] Attempting to run locally on: [Mac-64], [Safari], Headless Execution. @04-11-2021 01:53:13.0670 AM
[ReportManager] Successfully Opened Safari. @04-11-2021 01:53:14.0504 AM
[ReportManager] Initial window size: (800, 600) @04-11-2021 01:53:14.0531 AM
[ReportManager] Window size after SWD Maximize: (1176, 811) @04-11-2021 01:53:14.0559 AM
[ReportManager] Browser Action [MaximizeWindow] successfully performed. With the following test data [New screen size is now: (1176, 811)]. @04-11-2021 01:53:14.0560 AM
[ReportManager] Target URL: [https://duckduckgo.com] @04-11-2021 01:53:14.0560 AM
[ReportManager] Initial URL: [] @04-11-2021 01:53:14.0613 AM
[ReportManager] Browser Action [NavigateToURL] successfully performed. With the following test data [https://duckduckgo.com]. @04-11-2021 01:53:15.0289 A

################################################################################################################################################
Starting Execution:	[11 out of 145] test cases in the current suite
Test Method:		[unitTests.tests_browserActions.getWindowPosition]
################################################################################################################################################
[ReportManager] Browser Action [GetWindowPosition] successfully performed. With the following test data [(0, 23)]. @04-11-2021 01:53:15.0324 A
[ReportManager] Target URL: [https://duckduckgo.com] @04-11-2021 01:53:15.0327 AM
[ReportManager] Initial URL: [https://duckduckgo.com] @04-11-2021 01:53:15.0358 AM
[ReportManager] Browser Action [NavigateToURL] successfully performed. With the following test data [https://duckduckgo.com]. @04-11-2021 01:53:15.0644 AM
[ReportManager] Browser Action [CloseCurrentWindow] successfully performed. @04-11-2021 01:53:15.0978 AM
[ReportManager] Successfully created attachment [Browser Action Test Data - CloseCurrentWindow - Actual Value] @04-11-2021 01:53:15.0979 A
[ReportManager] File Action [GetAbsolutePath] successfully performed. With the following test data [Relative Folder Path: "target/downloadedFiles/"]. @04-11-2021 01:53:15.0982 AM
[ReportManager] Attempting to run locally on: [Mac-64], [Safari], Headless Execution. @04-11-2021 01:53:15.0982 AM
[ReportManager] Successfully Opened Safari. @04-11-2021 01:53:16.0807 AM
[ReportManager] Initial window size: (800, 600) @04-11-2021 01:53:16.0840 AM
[ReportManager] Window size after SWD Maximize: (1176, 811) @04-11-2021 01:53:16.0856 AM
[ReportManager] Browser Action [MaximizeWindow] successfully performed. With the following test data [New screen size is now: (1176, 811)]. @04-11-2021 01:53:16.0856 AM
[ReportManager] Target URL: [https://duckduckgo.com] @04-11-2021 01:53:16.0856 AM
[ReportManager] Initial URL: [] @04-11-2021 01:53:16.0958 AM
[ReportManager] Browser Action [NavigateToURL] successfully performed. With the following test data [https://duckduckgo.com]. @04-11-2021 01:53:17.0859 A

################################################################################################################################################
Starting Execution:	[12 out of 145] test cases in the current suite
Test Method:		[unitTests.tests_browserActions.getWindowSize]
################################################################################################################################################
[ReportManager] Browser Action [GetWindowSize] successfully performed. With the following test data [(1176, 811)]. @04-11-2021 01:53:18.0011 A
[ReportManager] Target URL: [https://duckduckgo.com] @04-11-2021 01:53:18.0013 AM
[ReportManager] Initial URL: [https://duckduckgo.com] @04-11-2021 01:53:18.0048 AM
[ReportManager] Browser Action [NavigateToURL] successfully performed. With the following test data [https://duckduckgo.com]. @04-11-2021 01:53:18.0380 AM
[ReportManager] Browser Action [CloseCurrentWindow] successfully performed. @04-11-2021 01:53:18.0624 AM
[ReportManager] Successfully created attachment [Browser Action Test Data - CloseCurrentWindow - Actual Value] @04-11-2021 01:53:18.0666 A
[ReportManager] File Action [GetAbsolutePath] successfully performed. With the following test data [Relative Folder Path: "target/downloadedFiles/"]. @04-11-2021 01:53:18.0791 AM
[ReportManager] Attempting to run locally on: [Mac-64], [Safari], Headless Execution. @04-11-2021 01:53:18.0791 AM
[ReportManager] Successfully Opened Safari. @04-11-2021 01:53:19.0687 AM
[ReportManager] Initial window size: (800, 600) @04-11-2021 01:53:19.0733 AM
[ReportManager] Window size after SWD Maximize: (1176, 811) @04-11-2021 01:53:19.0775 AM
[ReportManager] Browser Action [MaximizeWindow] successfully performed. With the following test data [New screen size is now: (1176, 811)]. @04-11-2021 01:53:19.0775 AM
[ReportManager] Target URL: [https://duckduckgo.com] @04-11-2021 01:53:19.0775 AM
[ReportManager] Initial URL: [] @04-11-2021 01:53:19.0843 AM
[ReportManager] Browser Action [NavigateToURL] successfully performed. With the following test data [https://duckduckgo.com]. @04-11-2021 01:53:20.0572 A

################################################################################################################################################
Starting Execution:	[13 out of 145] test cases in the current suite
Test Method:		[unitTests.tests_browserActions.maximizeWindow]
################################################################################################################################################
[ReportManager] Initial window size: (1176, 811) @04-11-2021 01:53:20.0672 AM
[ReportManager] Window size after SWD Maximize: (1176, 811) @04-11-2021 01:53:20.0681 AM
[ReportManager] Window size after Toolkit: (1920, 1080) @04-11-2021 01:53:20.0722 AM
[ReportManager] Browser Action [MaximizeWindow] successfully performed. With the following test data [New screen size is now: (1920, 1080)]. @04-11-2021 01:53:20.0730 A
[ReportManager] Target URL: [https://duckduckgo.com] @04-11-2021 01:53:20.0866 AM
[ReportManager] Initial URL: [https://duckduckgo.com] @04-11-2021 01:53:20.0904 AM
[ReportManager] Browser Action [NavigateToURL] successfully performed. With the following test data [https://duckduckgo.com]. @04-11-2021 01:53:21.0221 AM
[ReportManager] Browser Action [CloseCurrentWindow] successfully performed. @04-11-2021 01:53:21.0507 AM
[ReportManager] Successfully created attachment [Browser Action Test Data - CloseCurrentWindow - Actual Value] @04-11-2021 01:53:21.0548 A
[ReportManager] File Action [GetAbsolutePath] successfully performed. With the following test data [Relative Folder Path: "target/downloadedFiles/"]. @04-11-2021 01:53:21.0674 AM
[ReportManager] Attempting to run locally on: [Mac-64], [Safari], Headless Execution. @04-11-2021 01:53:21.0674 AM
[ReportManager] Successfully Opened Safari. @04-11-2021 01:53:22.0543 AM
[ReportManager] Initial window size: (800, 600) @04-11-2021 01:53:22.0566 AM
[ReportManager] Window size after SWD Maximize: (1176, 811) @04-11-2021 01:53:22.0579 AM
[ReportManager] Browser Action [MaximizeWindow] successfully performed. With the following test data [New screen size is now: (1176, 811)]. @04-11-2021 01:53:22.0588 AM
[ReportManager] Target URL: [https://duckduckgo.com] @04-11-2021 01:53:22.0593 AM
[ReportManager] Initial URL: [] @04-11-2021 01:53:22.0671 AM
[ReportManager] Browser Action [NavigateToURL] successfully performed. With the following test data [https://duckduckgo.com]. @04-11-2021 01:53:23.0276 A

################################################################################################################################################
Starting Execution:	[14 out of 145] test cases in the current suite
Test Method:		[unitTests.tests_browserActions.navigateBack]
################################################################################################################################################
[ReportManager] Target URL: [https://www.google.com/ncr], and after redirection: [https://www.google.com] @04-11-2021 01:53:23.0360 AM
[ReportManager] Initial URL: [https://duckduckgo.com] @04-11-2021 01:53:23.0400 AM
[ReportManager] Browser Action [NavigateToURL] successfully performed. With the following test data [https://www.google.com/ncr]. @04-11-2021 01:53:24.0752 AM
[ReportManager] Browser Action [NavigateBack] successfully performed. With the following test data [https://duckduckgo.com/]. @04-11-2021 01:53:24.0884 AM
[ReportManager] Browser Action [GetCurrentURL] successfully performed. With the following test data [https://duckduckgo.com/]. @04-11-2021 01:53:24.0918 AM
[ReportManager] Assertion Passed: Confirming that navigating back was successful @04-11-2021 01:53:25.0149 AM
[ReportManager] Successfully created attachment [Screenshot - 1635990804950_navigateBack_ValidateBrowserAttribute_passed] @04-11-2021 01:53:25.0194 AM
[ReportManager] Assertion [ValidateBrowserAttribute] PASSED. Expected [Value Should be 'https://duckduckgo.com' for the 'CurrentUrl' attribute] and Actual [https://duckduckgo.com/]. Comparison Type [CONTAINS]. Validation Type [POSITIVE]. @04-11-2021 01:53:25.0194 A
[ReportManager] Target URL: [https://duckduckgo.com] @04-11-2021 01:53:25.0197 AM
[ReportManager] Initial URL: [https://duckduckgo.com] @04-11-2021 01:53:25.0225 AM
[ReportManager] Browser Action [NavigateToURL] successfully performed. With the following test data [https://duckduckgo.com]. @04-11-2021 01:53:25.0540 AM
[ReportManager] Browser Action [CloseCurrentWindow] successfully performed. @04-11-2021 01:53:25.0832 AM
[ReportManager] Successfully created attachment [Browser Action Test Data - CloseCurrentWindow - Actual Value] @04-11-2021 01:53:25.0873 A
[ReportManager] File Action [GetAbsolutePath] successfully performed. With the following test data [Relative Folder Path: "target/downloadedFiles/"]. @04-11-2021 01:53:25.0958 AM
[ReportManager] Attempting to run locally on: [Mac-64], [Safari], Headless Execution. @04-11-2021 01:53:25.0958 AM
[ReportManager] Successfully Opened Safari. @04-11-2021 01:53:26.0790 AM
[ReportManager] Initial window size: (800, 600) @04-11-2021 01:53:26.0804 AM
[ReportManager] Window size after SWD Maximize: (1176, 811) @04-11-2021 01:53:26.0830 AM
[ReportManager] Browser Action [MaximizeWindow] successfully performed. With the following test data [New screen size is now: (1176, 811)]. @04-11-2021 01:53:26.0830 AM
[ReportManager] Target URL: [https://duckduckgo.com] @04-11-2021 01:53:26.0830 AM
[ReportManager] Initial URL: [] @04-11-2021 01:53:26.0898 AM
[ReportManager] Browser Action [NavigateToURL] successfully performed. With the following test data [https://duckduckgo.com]. @04-11-2021 01:53:27.0572 A

################################################################################################################################################
Starting Execution:	[15 out of 145] test cases in the current suite
Test Method:		[unitTests.tests_browserActions.navigateForward]
################################################################################################################################################
[ReportManager] Target URL: [https://www.google.com/ncr], and after redirection: [https://www.google.com] @04-11-2021 01:53:27.0659 AM
[ReportManager] Initial URL: [https://duckduckgo.com] @04-11-2021 01:53:27.0694 AM
[ReportManager] Browser Action [NavigateToURL] successfully performed. With the following test data [https://www.google.com/ncr]. @04-11-2021 01:53:29.0051 AM
[ReportManager] Browser Action [NavigateBack] successfully performed. With the following test data [https://duckduckgo.com/]. @04-11-2021 01:53:29.0179 AM
[ReportManager] Browser Action [NavigateForward] successfully performed. With the following test data [https://www.google.com/]. @04-11-2021 01:53:29.0306 A
[ReportManager] Target URL: [https://duckduckgo.com] @04-11-2021 01:53:29.0389 AM
[ReportManager] Initial URL: [https://www.google.com] @04-11-2021 01:53:29.0415 AM
[ReportManager] Browser Action [NavigateToURL] successfully performed. With the following test data [https://duckduckgo.com]. @04-11-2021 01:53:29.0741 AM
[ReportManager] Browser Action [CloseCurrentWindow] successfully performed. @04-11-2021 01:53:30.0046 AM
[ReportManager] Successfully created attachment [Browser Action Test Data - CloseCurrentWindow - Actual Value] @04-11-2021 01:53:30.0086 A
[ReportManager] File Action [GetAbsolutePath] successfully performed. With the following test data [Relative Folder Path: "target/downloadedFiles/"]. @04-11-2021 01:53:30.0212 AM
[ReportManager] Attempting to run locally on: [Mac-64], [Safari], Headless Execution. @04-11-2021 01:53:30.0212 AM
[ReportManager] Successfully Opened Safari. @04-11-2021 01:53:31.0146 AM
[ReportManager] Initial window size: (800, 600) @04-11-2021 01:53:31.0180 AM
[ReportManager] Window size after SWD Maximize: (1176, 811) @04-11-2021 01:53:31.0232 AM
[ReportManager] Browser Action [MaximizeWindow] successfully performed. With the following test data [New screen size is now: (1176, 811)]. @04-11-2021 01:53:31.0232 AM
[ReportManager] Target URL: [https://duckduckgo.com] @04-11-2021 01:53:31.0232 AM
[ReportManager] Initial URL: [] @04-11-2021 01:53:31.0277 AM
[ReportManager] Browser Action [NavigateToURL] successfully performed. With the following test data [https://duckduckgo.com]. @04-11-2021 01:53:32.0077 A

################################################################################################################################################
Starting Execution:	[16 out of 145] test cases in the current suite
Test Method:		[unitTests.tests_browserActions.navigateToURL]
################################################################################################################################################
[ReportManager] Target URL: [https://duckduckgo.com] @04-11-2021 01:53:32.0201 AM
[ReportManager] Initial URL: [https://duckduckgo.com] @04-11-2021 01:53:32.0236 AM
[ReportManager] Browser Action [NavigateToURL] successfully performed. With the following test data [https://duckduckgo.com]. @04-11-2021 01:53:32.0534 A
[ReportManager] Target URL: [https://duckduckgo.com] @04-11-2021 01:53:32.0661 AM
[ReportManager] Initial URL: [https://duckduckgo.com] @04-11-2021 01:53:32.0689 AM
[ReportManager] Browser Action [NavigateToURL] successfully performed. With the following test data [https://duckduckgo.com]. @04-11-2021 01:53:32.0951 AM
[ReportManager] Browser Action [CloseCurrentWindow] successfully performed. @04-11-2021 01:53:33.0296 AM
[ReportManager] Successfully created attachment [Browser Action Test Data - CloseCurrentWindow - Actual Value] @04-11-2021 01:53:33.0336 A
[ReportManager] File Action [GetAbsolutePath] successfully performed. With the following test data [Relative Folder Path: "target/downloadedFiles/"]. @04-11-2021 01:53:33.0422 AM
[ReportManager] Attempting to run locally on: [Mac-64], [Safari], Headless Execution. @04-11-2021 01:53:33.0422 AM
[ReportManager] Successfully Opened Safari. @04-11-2021 01:53:35.0562 AM
[ReportManager] Initial window size: (800, 600) @04-11-2021 01:53:35.0569 AM
[ReportManager] Window size after SWD Maximize: (1176, 811) @04-11-2021 01:53:35.0595 AM
[ReportManager] Browser Action [MaximizeWindow] successfully performed. With the following test data [New screen size is now: (1176, 811)]. @04-11-2021 01:53:35.0596 AM
[ReportManager] Target URL: [https://duckduckgo.com] @04-11-2021 01:53:35.0596 AM
[ReportManager] Initial URL: [] @04-11-2021 01:53:35.0640 AM
[ReportManager] Browser Action [NavigateToURL] successfully performed. With the following test data [https://duckduckgo.com]. @04-11-2021 01:53:36.0243 A

################################################################################################################################################
Starting Execution:	[17 out of 145] test cases in the current suite
Test Method:		[unitTests.tests_browserActions.navigateToURLWithRedirection]
################################################################################################################################################
[ReportManager] Target URL: [https://www.google.com/ncr], and after redirection: [https://www.google.com] @04-11-2021 01:53:36.0369 AM
[ReportManager] Initial URL: [https://duckduckgo.com] @04-11-2021 01:53:36.0399 AM
[ReportManager] Browser Action [NavigateToURL] successfully performed. With the following test data [https://www.google.com/ncr]. @04-11-2021 01:53:37.0190 A
[ReportManager] Target URL: [https://duckduckgo.com] @04-11-2021 01:53:37.0274 AM
[ReportManager] Initial URL: [https://www.google.com] @04-11-2021 01:53:37.0304 AM
[ReportManager] Browser Action [NavigateToURL] successfully performed. With the following test data [https://duckduckgo.com]. @04-11-2021 01:53:37.0597 AM
[ReportManager] Browser Action [CloseCurrentWindow] successfully performed. @04-11-2021 01:53:37.0935 AM
[ReportManager] Successfully created attachment [Browser Action Test Data - CloseCurrentWindow - Actual Value] @04-11-2021 01:53:37.0975 A
[ReportManager] File Action [GetAbsolutePath] successfully performed. With the following test data [Relative Folder Path: "target/downloadedFiles/"]. @04-11-2021 01:53:38.0060 AM
[ReportManager] Attempting to run locally on: [Mac-64], [Safari], Headless Execution. @04-11-2021 01:53:38.0060 AM
[ReportManager] Successfully Opened Safari. @04-11-2021 01:53:38.0853 AM
[ReportManager] Initial window size: (800, 600) @04-11-2021 01:53:38.0869 AM
[ReportManager] Window size after SWD Maximize: (1176, 811) @04-11-2021 01:53:38.0882 AM
[ReportManager] Browser Action [MaximizeWindow] successfully performed. With the following test data [New screen size is now: (1176, 811)]. @04-11-2021 01:53:38.0883 AM
[ReportManager] Target URL: [https://duckduckgo.com] @04-11-2021 01:53:38.0883 AM
[ReportManager] Initial URL: [] @04-11-2021 01:53:38.0944 AM
[ReportManager] Browser Action [NavigateToURL] successfully performed. With the following test data [https://duckduckgo.com]. @04-11-2021 01:53:39.0567 A

################################################################################################################################################
Starting Execution:	[18 out of 145] test cases in the current suite
Test Method:		[unitTests.tests_browserActions.refreshCurrentPage]
################################################################################################################################################
[ReportManager] Browser Action [RefreshCurrentPage] successfully performed. @04-11-2021 01:53:39.0951 AM
[ReportManager] Successfully created attachment [Browser Action Test Data - RefreshCurrentPage - Actual Value] @04-11-2021 01:53:39.0992 A
[ReportManager] Target URL: [https://duckduckgo.com] @04-11-2021 01:53:40.0118 AM
[ReportManager] Initial URL: [https://duckduckgo.com] @04-11-2021 01:53:40.0149 AM
[ReportManager] Browser Action [NavigateToURL] successfully performed. With the following test data [https://duckduckgo.com]. @04-11-2021 01:53:40.0436 AM
[ReportManager] Browser Action [CloseCurrentWindow] successfully performed. @04-11-2021 01:53:40.0790 AM
[ReportManager] Successfully created attachment [Browser Action Test Data - CloseCurrentWindow - Actual Value] @04-11-2021 01:53:40.0831 A
[ReportManager] File Action [GetAbsolutePath] successfully performed. With the following test data [Relative Folder Path: "target/downloadedFiles/"]. @04-11-2021 01:53:40.0958 AM
[ReportManager] Attempting to run locally on: [Mac-64], [Safari], Headless Execution. @04-11-2021 01:53:40.0958 AM
[ReportManager] Successfully Opened Safari. @04-11-2021 01:53:41.0806 AM
[ReportManager] Initial window size: (800, 600) @04-11-2021 01:53:41.0827 AM
[ReportManager] Window size after SWD Maximize: (1176, 811) @04-11-2021 01:53:41.0845 AM
[ReportManager] Browser Action [MaximizeWindow] successfully performed. With the following test data [New screen size is now: (1176, 811)]. @04-11-2021 01:53:41.0855 AM
[ReportManager] Target URL: [https://duckduckgo.com] @04-11-2021 01:53:41.0855 AM
[ReportManager] Initial URL: [] @04-11-2021 01:53:41.0902 AM
[ReportManager] Browser Action [NavigateToURL] successfully performed. With the following test data [https://duckduckgo.com]. @04-11-2021 01:53:42.0733 A

################################################################################################################################################
Starting Execution:	[19 out of 145] test cases in the current suite
Test Method:		[unitTests.tests_browserActions.setWindowSize]
################################################################################################################################################
[ReportManager] Initial window size: (1176, 811) @04-11-2021 01:53:42.0782 AM
[ReportManager] Window size after SWD: (1280, 720) @04-11-2021 01:53:42.0823 AM
[ReportManager] Browser Action [SetWindowSize] successfully performed. With the following test data [New screen size is now: (1280, 720)]. @04-11-2021 01:53:42.0824 A
[ReportManager] Target URL: [https://duckduckgo.com] @04-11-2021 01:53:42.0827 AM
[ReportManager] Initial URL: [https://duckduckgo.com] @04-11-2021 01:53:42.0900 AM
[ReportManager] Browser Action [NavigateToURL] successfully performed. With the following test data [https://duckduckgo.com]. @04-11-2021 01:53:43.0199 AM
[ReportManager] Browser Action [CloseCurrentWindow] successfully performed. @04-11-2021 01:53:43.0504 AM
[ReportManager] Successfully created attachment [Browser Action Test Data - CloseCurrentWindow - Actual Value] @04-11-2021 01:53:43.0546 A
[ReportManager] Successfully loaded the following test data file [src/test/resources/TestDataFiles/testSuite01/TestData.xlsx]. @04-11-2021 01:53:44.0921 AM
[ReportManager] Successfully created attachment [Test Data - Excel] @04-11-2021 01:53:44.0922 A

################################################################################################################################################
Starting Execution:	[20 out of 145] test cases in the current suite
Test Method:		[unitTests.tests_io_excelFileManager.getCellData_rowName_expectedToPass]
################################################################################################################################################
[ReportManager] testRowData. @04-11-2021 01:53:44.0995 A

################################################################################################################################################
Starting Execution:	[21 out of 145] test cases in the current suite
Test Method:		[unitTests.tests_validations_assertions.assertComparativeRelation_greaterThanOrEquals_false_equals_expectedToFail]
################################################################################################################################################
[ReportManager] Assertion [ValidateComparativeRelation] FAILED. Expected [1] and Actual [1]. Comparison Type [GREATER_THAN_OR_EQUALS]. Validation Type [NEGATIVE]. @04-11-2021 01:53:45.0083 A

################################################################################################################################################
Starting Execution:	[22 out of 145] test cases in the current suite
Test Method:		[unitTests.tests_validations_assertions.assertComparativeRelation_greaterThanOrEquals_false_equals_expectedToPass]
################################################################################################################################################
[ReportManager] Assertion [ValidateComparativeRelation] PASSED. Expected [2] and Actual [1]. Comparison Type [GREATER_THAN_OR_EQUALS]. Validation Type [NEGATIVE]. @04-11-2021 01:53:45.0212 A

################################################################################################################################################
Starting Execution:	[23 out of 145] test cases in the current suite
Test Method:		[unitTests.tests_validations_assertions.assertComparativeRelation_greaterThanOrEquals_false_greaterThan_expectedToFail]
################################################################################################################################################
[ReportManager] Assertion [ValidateComparativeRelation] FAILED. Expected [1] and Actual [2]. Comparison Type [GREATER_THAN_OR_EQUALS]. Validation Type [NEGATIVE]. @04-11-2021 01:53:45.0298 A

################################################################################################################################################
Starting Execution:	[24 out of 145] test cases in the current suite
Test Method:		[unitTests.tests_validations_assertions.assertComparativeRelation_greaterThanOrEquals_false_greaterThan_expectedToPass]
################################################################################################################################################
[ReportManager] Assertion [ValidateComparativeRelation] PASSED. Expected [2] and Actual [1]. Comparison Type [GREATER_THAN_OR_EQUALS]. Validation Type [NEGATIVE]. @04-11-2021 01:53:45.0426 A

################################################################################################################################################
Starting Execution:	[25 out of 145] test cases in the current suite
Test Method:		[unitTests.tests_validations_assertions.assertComparativeRelation_greaterThanOrEquals_true_equals_expectedToFail]
################################################################################################################################################
[ReportManager] Assertion [ValidateComparativeRelation] FAILED. Expected [1] and Actual [0]. Comparison Type [GREATER_THAN_OR_EQUALS]. Validation Type [POSITIVE]. @04-11-2021 01:53:45.0514 A

################################################################################################################################################
Starting Execution:	[26 out of 145] test cases in the current suite
Test Method:		[unitTests.tests_validations_assertions.assertComparativeRelation_greaterThanOrEquals_true_equals_expectedToPass]
################################################################################################################################################
[ReportManager] Assertion [ValidateComparativeRelation] PASSED. Expected [1] and Actual [1]. Comparison Type [GREATER_THAN_OR_EQUALS]. Validation Type [POSITIVE]. @04-11-2021 01:53:45.0641 A

################################################################################################################################################
Starting Execution:	[27 out of 145] test cases in the current suite
Test Method:		[unitTests.tests_validations_assertions.assertComparativeRelation_greaterThanOrEquals_true_greaterThan_expectedToFail]
################################################################################################################################################
[ReportManager] Assertion [ValidateComparativeRelation] FAILED. Expected [2] and Actual [1]. Comparison Type [GREATER_THAN_OR_EQUALS]. Validation Type [POSITIVE]. @04-11-2021 01:53:45.0729 A

################################################################################################################################################
Starting Execution:	[28 out of 145] test cases in the current suite
Test Method:		[unitTests.tests_validations_assertions.assertComparativeRelation_greaterThanOrEquals_true_greaterThan_expectedToPass]
################################################################################################################################################
[ReportManager] Assertion [ValidateComparativeRelation] PASSED. Expected [1] and Actual [2]. Comparison Type [GREATER_THAN_OR_EQUALS]. Validation Type [POSITIVE]. @04-11-2021 01:53:45.0856 A
[ReportManager] File Action [GetAbsolutePath] successfully performed. With the following test data [Relative Folder Path: "target/downloadedFiles/"]. @04-11-2021 01:53:45.0941 AM
[ReportManager] Attempting to run locally on: [Mac-64], [Safari], Headless Execution. @04-11-2021 01:53:45.0941 AM
[ReportManager] Successfully Opened Safari. @04-11-2021 01:53:47.0208 AM
[ReportManager] Initial window size: (800, 600) @04-11-2021 01:53:47.0240 AM
[ReportManager] Window size after SWD Maximize: (1176, 811) @04-11-2021 01:53:47.0261 AM
[ReportManager] Browser Action [MaximizeWindow] successfully performed. With the following test data [New screen size is now: (1176, 811)]. @04-11-2021 01:53:47.0261 AM
[ReportManager] Target URL: [https://www.google.com/ncr], and after redirection: [www.google.com] @04-11-2021 01:53:47.0261 AM
[ReportManager] Initial URL: [] @04-11-2021 01:53:47.0321 AM
[ReportManager] Browser Action [NavigateToURL] successfully performed. With the following test data [https://www.google.com/ncr]. @04-11-2021 01:53:48.0634 A

################################################################################################################################################
Starting Execution:	[29 out of 145] test cases in the current suite
Test Method:		[unitTests.tests_validations_assertions.assertElementAttribute_false_caseInsensitiveComparison_expectedToFail]
################################################################################################################################################
[ReportManager] Element Action [Type] successfully performed. With the following test data [AUTOMATION]. @04-11-2021 01:53:49.0152 AM
[ReportManager] Element Action [GetText] successfully performed. With the following test data [AUTOMATION]. @04-11-2021 01:53:49.0219 AM
[ReportManager] Loaded Shared OpenCV @04-11-2021 01:53:53.0153 AM
[ReportManager] Assertion [ValidateElementAttribute] FAILED. Expected [Value Should not be 'AutomaTion' for the 'text' attribute, element locator 'By.name: q'] and Actual [AUTOMATION]. Comparison Type [CASE_INSENSITIVE]. Validation Type [NEGATIVE]. @04-11-2021 01:53:53.0914 AM
[ReportManager] Successfully created attachment [Screenshot - 1635990829284_assertElementAttribute_false_caseInsensitiveComparison_expectedToFail_ValidateElementAttribute_failed] @04-11-2021 01:53:53.0967 A
[ReportManager] Browser Action [CloseCurrentWindow] successfully performed. @04-11-2021 01:53:54.0220 AM
[ReportManager] Successfully created attachment [Browser Action Test Data - CloseCurrentWindow - Actual Value] @04-11-2021 01:53:54.0262 A
[ReportManager] File Action [GetAbsolutePath] successfully performed. With the following test data [Relative Folder Path: "target/downloadedFiles/"]. @04-11-2021 01:53:54.0389 AM
[ReportManager] Attempting to run locally on: [Mac-64], [Safari], Headless Execution. @04-11-2021 01:53:54.0390 AM
[ReportManager] Successfully Opened Safari. @04-11-2021 01:53:55.0197 AM
[ReportManager] Initial window size: (800, 600) @04-11-2021 01:53:55.0211 AM
[ReportManager] Window size after SWD Maximize: (1176, 811) @04-11-2021 01:53:55.0233 AM
[ReportManager] Browser Action [MaximizeWindow] successfully performed. With the following test data [New screen size is now: (1176, 811)]. @04-11-2021 01:53:55.0234 AM
[ReportManager] Target URL: [https://www.google.com/ncr], and after redirection: [www.google.com] @04-11-2021 01:53:55.0234 AM
[ReportManager] Initial URL: [] @04-11-2021 01:53:55.0292 AM
[ReportManager] Browser Action [NavigateToURL] successfully performed. With the following test data [https://www.google.com/ncr]. @04-11-2021 01:53:56.0097 A

################################################################################################################################################
Starting Execution:	[30 out of 145] test cases in the current suite
Test Method:		[unitTests.tests_validations_assertions.assertElementAttribute_false_caseInsensitiveComparison_expectedToPass]
################################################################################################################################################
[ReportManager] Element Action [Type] successfully performed. With the following test data [AUTOMATION]. @04-11-2021 01:53:56.0759 AM
[ReportManager] Element Action [GetText] successfully performed. With the following test data [AUTOMATION]. @04-11-2021 01:53:56.0812 AM
[ReportManager] Loaded Shared OpenCV @04-11-2021 01:53:56.0868 AM
[ReportManager] Assertion [ValidateElementAttribute] PASSED. Expected [Value Should not be 'AutomaTion123' for the 'text' attribute, element locator 'By.name: q'] and Actual [AUTOMATION]. Comparison Type [CASE_INSENSITIVE]. Validation Type [NEGATIVE]. @04-11-2021 01:53:57.0160 AM
[ReportManager] Successfully created attachment [Screenshot - 1635990836868_assertElementAttribute_false_caseInsensitiveComparison_expectedToPass_ValidateElementAttribute_passed] @04-11-2021 01:53:57.0244 A
[ReportManager] Browser Action [CloseCurrentWindow] successfully performed. @04-11-2021 01:53:57.0514 AM
[ReportManager] Successfully created attachment [Browser Action Test Data - CloseCurrentWindow - Actual Value] @04-11-2021 01:53:57.0596 A
[ReportManager] File Action [GetAbsolutePath] successfully performed. With the following test data [Relative Folder Path: "target/downloadedFiles/"]. @04-11-2021 01:53:57.0688 AM
[ReportManager] Attempting to run locally on: [Mac-64], [Safari], Headless Execution. @04-11-2021 01:53:57.0688 AM
[ReportManager] Successfully Opened Safari. @04-11-2021 01:53:59.0012 AM
[ReportManager] Initial window size: (800, 600) @04-11-2021 01:53:59.0042 AM
[ReportManager] Window size after SWD Maximize: (1176, 811) @04-11-2021 01:53:59.0057 AM
[ReportManager] Browser Action [MaximizeWindow] successfully performed. With the following test data [New screen size is now: (1176, 811)]. @04-11-2021 01:53:59.0058 AM
[ReportManager] Target URL: [https://www.google.com/ncr], and after redirection: [www.google.com] @04-11-2021 01:53:59.0058 AM
[ReportManager] Initial URL: [] @04-11-2021 01:53:59.0117 AM
[ReportManager] Browser Action [NavigateToURL] successfully performed. With the following test data [https://www.google.com/ncr]. @04-11-2021 01:54:00.0440 A

################################################################################################################################################
Starting Execution:	[31 out of 145] test cases in the current suite
Test Method:		[unitTests.tests_validations_assertions.assertElementAttribute_false_containsComparison_expectedToFail]
################################################################################################################################################
[ReportManager] Element Action [Type] successfully performed. With the following test data [Automation123]. @04-11-2021 01:54:01.0026 AM
[ReportManager] Element Action [GetText] successfully performed. With the following test data [Automation123]. @04-11-2021 01:54:01.0080 AM
[ReportManager] Loaded Shared OpenCV @04-11-2021 01:54:01.0133 AM
[ReportManager] Assertion [ValidateElementAttribute] FAILED. Expected [Value Should not be 'Automation' for the 'text' attribute, element locator 'By.name: q'] and Actual [Automation123]. Comparison Type [CONTAINS]. Validation Type [NEGATIVE]. @04-11-2021 01:54:01.0395 AM
[ReportManager] Successfully created attachment [Screenshot - 1635990841133_assertElementAttribute_false_containsComparison_expectedToFail_ValidateElementAttribute_failed] @04-11-2021 01:54:01.0438 A
[ReportManager] Browser Action [CloseCurrentWindow] successfully performed. @04-11-2021 01:54:01.0902 AM
[ReportManager] Successfully created attachment [Browser Action Test Data - CloseCurrentWindow - Actual Value] @04-11-2021 01:54:01.0943 A
[ReportManager] File Action [GetAbsolutePath] successfully performed. With the following test data [Relative Folder Path: "target/downloadedFiles/"]. @04-11-2021 01:54:02.0029 AM
[ReportManager] Attempting to run locally on: [Mac-64], [Safari], Headless Execution. @04-11-2021 01:54:02.0029 AM
[ReportManager] Successfully Opened Safari. @04-11-2021 01:54:02.0913 AM
[ReportManager] Initial window size: (800, 600) @04-11-2021 01:54:02.0920 AM
[ReportManager] Window size after SWD Maximize: (1176, 811) @04-11-2021 01:54:02.0942 AM
[ReportManager] Browser Action [MaximizeWindow] successfully performed. With the following test data [New screen size is now: (1176, 811)]. @04-11-2021 01:54:02.0942 AM
[ReportManager] Target URL: [https://www.google.com/ncr], and after redirection: [www.google.com] @04-11-2021 01:54:02.0942 AM
[ReportManager] Initial URL: [] @04-11-2021 01:54:03.0009 AM
[ReportManager] Browser Action [NavigateToURL] successfully performed. With the following test data [https://www.google.com/ncr]. @04-11-2021 01:54:03.0804 A

################################################################################################################################################
Starting Execution:	[32 out of 145] test cases in the current suite
Test Method:		[unitTests.tests_validations_assertions.assertElementAttribute_false_containsComparison_expectedToPass]
################################################################################################################################################
[ReportManager] Element Action [Type] successfully performed. With the following test data [Automation123]. @04-11-2021 01:54:04.0429 AM
[ReportManager] Element Action [GetText] successfully performed. With the following test data [Automation123]. @04-11-2021 01:54:04.0498 AM
[ReportManager] Loaded Shared OpenCV @04-11-2021 01:54:04.0567 AM
[ReportManager] Assertion [ValidateElementAttribute] PASSED. Expected [Value Should not be 'Automation1234' for the 'text' attribute, element locator 'By.name: q'] and Actual [Automation123]. Comparison Type [CONTAINS]. Validation Type [NEGATIVE]. @04-11-2021 01:54:04.0822 AM
[ReportManager] Successfully created attachment [Screenshot - 1635990844567_assertElementAttribute_false_containsComparison_expectedToPass_ValidateElementAttribute_passed] @04-11-2021 01:54:04.0863 A
[ReportManager] Browser Action [CloseCurrentWindow] successfully performed. @04-11-2021 01:54:05.0019 AM
[ReportManager] Successfully created attachment [Browser Action Test Data - CloseCurrentWindow - Actual Value] @04-11-2021 01:54:05.0063 A
[ReportManager] File Action [GetAbsolutePath] successfully performed. With the following test data [Relative Folder Path: "target/downloadedFiles/"]. @04-11-2021 01:54:05.0109 AM
[ReportManager] Attempting to run locally on: [Mac-64], [Safari], Headless Execution. @04-11-2021 01:54:05.0110 AM
[ReportManager] Successfully Opened Safari. @04-11-2021 01:54:05.0919 AM
[ReportManager] Initial window size: (800, 600) @04-11-2021 01:54:05.0943 AM
[ReportManager] Window size after SWD Maximize: (1176, 811) @04-11-2021 01:54:05.0981 AM
[ReportManager] Browser Action [MaximizeWindow] successfully performed. With the following test data [New screen size is now: (1176, 811)]. @04-11-2021 01:54:05.0982 AM
[ReportManager] Target URL: [https://www.google.com/ncr], and after redirection: [www.google.com] @04-11-2021 01:54:05.0982 AM
[ReportManager] Initial URL: [] @04-11-2021 01:54:06.0072 AM
[ReportManager] Browser Action [NavigateToURL] successfully performed. With the following test data [https://www.google.com/ncr]. @04-11-2021 01:54:07.0403 A

################################################################################################################################################
Starting Execution:	[33 out of 145] test cases in the current suite
Test Method:		[unitTests.tests_validations_assertions.assertElementAttribute_false_literalComparison_expectedToFail]
################################################################################################################################################
[ReportManager] Element Action [Type] successfully performed. With the following test data [Automation!@#$%^&*()_+{}[]\';/.,]. @04-11-2021 01:54:08.0545 AM
[ReportManager] Element Action [GetText] successfully performed. With the following test data [Automation!@#$%^&*()_+{}[]\';/.,]. @04-11-2021 01:54:08.0685 AM
[ReportManager] Loaded Shared OpenCV @04-11-2021 01:54:08.0792 AM
[ReportManager] Assertion [ValidateElementAttribute] PASSED. Expected [Value Should not be 'Automation!@#$%^&*()_+{}[]\\';/.,' for the 'text' attribute, element locator 'By.name: q'] and Actual [Automation!@#$%^&*()_+{}[]\';/.,]. Comparison Type [EQUALS]. Validation Type [NEGATIVE]. @04-11-2021 01:54:09.0073 AM
[ReportManager] Successfully created attachment [Screenshot - 1635990848792_assertElementAttribute_false_literalComparison_expectedToFail_ValidateElementAttribute_passed] @04-11-2021 01:54:09.0116 A
[ReportManager] Browser Action [CloseCurrentWindow] successfully performed. @04-11-2021 01:54:09.0345 AM
[ReportManager] Successfully created attachment [Browser Action Test Data - CloseCurrentWindow - Actual Value] @04-11-2021 01:54:09.0461 A
[ReportManager] File Action [GetAbsolutePath] successfully performed. With the following test data [Relative Folder Path: "target/downloadedFiles/"]. @04-11-2021 01:54:09.0549 AM
[ReportManager] Attempting to run locally on: [Mac-64], [Safari], Headless Execution. @04-11-2021 01:54:09.0549 AM
[ReportManager] Successfully Opened Safari. @04-11-2021 01:54:11.0000 AM
[ReportManager] Initial window size: (800, 600) @04-11-2021 01:54:11.0030 AM
[ReportManager] Window size after SWD Maximize: (1176, 811) @04-11-2021 01:54:11.0043 AM
[ReportManager] Browser Action [MaximizeWindow] successfully performed. With the following test data [New screen size is now: (1176, 811)]. @04-11-2021 01:54:11.0044 AM
[ReportManager] Target URL: [https://www.google.com/ncr], and after redirection: [www.google.com] @04-11-2021 01:54:11.0044 AM
[ReportManager] Initial URL: [] @04-11-2021 01:54:11.0119 AM
[ReportManager] Browser Action [NavigateToURL] successfully performed. With the following test data [https://www.google.com/ncr]. @04-11-2021 01:54:12.0024 A

################################################################################################################################################
Starting Execution:	[34 out of 145] test cases in the current suite
Test Method:		[unitTests.tests_validations_assertions.assertElementAttribute_false_literalComparison_expectedToPass]
################################################################################################################################################
[ReportManager] Element Action [Type] successfully performed. With the following test data [Automation!@#$%^&*()_+{}[]\';/.,]. @04-11-2021 01:54:13.0207 AM
[ReportManager] Element Action [GetText] successfully performed. With the following test data [Automation!@#$%^&*()_+{}[]\';/.,]. @04-11-2021 01:54:13.0314 AM
[ReportManager] Loaded Shared OpenCV @04-11-2021 01:54:13.0375 AM
[ReportManager] Assertion [ValidateElementAttribute] PASSED. Expected [Value Should not be 'Automation' for the 'text' attribute, element locator 'By.name: q'] and Actual [Automation!@#$%^&*()_+{}[]\';/.,]. Comparison Type [EQUALS]. Validation Type [NEGATIVE]. @04-11-2021 01:54:13.0606 AM
[ReportManager] Successfully created attachment [Screenshot - 1635990853374_assertElementAttribute_false_literalComparison_expectedToPass_ValidateElementAttribute_passed] @04-11-2021 01:54:13.0649 A
[ReportManager] Browser Action [CloseCurrentWindow] successfully performed. @04-11-2021 01:54:14.0034 AM
[ReportManager] Successfully created attachment [Browser Action Test Data - CloseCurrentWindow - Actual Value] @04-11-2021 01:54:14.0076 A
[ReportManager] File Action [GetAbsolutePath] successfully performed. With the following test data [Relative Folder Path: "target/downloadedFiles/"]. @04-11-2021 01:54:14.0161 AM
[ReportManager] Attempting to run locally on: [Mac-64], [Safari], Headless Execution. @04-11-2021 01:54:14.0161 AM
[ReportManager] Successfully Opened Safari. @04-11-2021 01:54:14.0991 AM
[ReportManager] Initial window size: (800, 600) @04-11-2021 01:54:15.0012 AM
[ReportManager] Window size after SWD Maximize: (1176, 811) @04-11-2021 01:54:15.0027 AM
[ReportManager] Browser Action [MaximizeWindow] successfully performed. With the following test data [New screen size is now: (1176, 811)]. @04-11-2021 01:54:15.0027 AM
[ReportManager] Target URL: [https://www.google.com/ncr], and after redirection: [www.google.com] @04-11-2021 01:54:15.0027 AM
[ReportManager] Initial URL: [] @04-11-2021 01:54:15.0072 AM
[ReportManager] Browser Action [NavigateToURL] successfully performed. With the following test data [https://www.google.com/ncr]. @04-11-2021 01:54:16.0057 A

################################################################################################################################################
Starting Execution:	[35 out of 145] test cases in the current suite
Test Method:		[unitTests.tests_validations_assertions.assertElementAttribute_false_regexComparison_expectedToFail]
################################################################################################################################################
[ReportManager] Element Action [Type] successfully performed. With the following test data [Automation123]. @04-11-2021 01:54:16.0571 AM
[ReportManager] Element Action [GetText] successfully performed. With the following test data [Automation123]. @04-11-2021 01:54:16.0649 AM
[ReportManager] Loaded Shared OpenCV @04-11-2021 01:54:16.0696 AM
[ReportManager] Assertion [ValidateElementAttribute] FAILED. Expected [Value Should not be 'Automation.*' for the 'text' attribute, element locator 'By.name: q'] and Actual [Automation123]. Comparison Type [MATCHES]. Validation Type [NEGATIVE]. @04-11-2021 01:54:16.0885 AM
[ReportManager] Successfully created attachment [Screenshot - 1635990856696_assertElementAttribute_false_regexComparison_expectedToFail_ValidateElementAttribute_failed] @04-11-2021 01:54:16.0925 A
[ReportManager] Browser Action [CloseCurrentWindow] successfully performed. @04-11-2021 01:54:17.0223 AM
[ReportManager] Successfully created attachment [Browser Action Test Data - CloseCurrentWindow - Actual Value] @04-11-2021 01:54:17.0265 A
[ReportManager] File Action [GetAbsolutePath] successfully performed. With the following test data [Relative Folder Path: "target/downloadedFiles/"]. @04-11-2021 01:54:17.0393 AM
[ReportManager] Attempting to run locally on: [Mac-64], [Safari], Headless Execution. @04-11-2021 01:54:17.0393 AM
[ReportManager] Successfully Opened Safari. @04-11-2021 01:54:18.0311 AM
[ReportManager] Initial window size: (800, 600) @04-11-2021 01:54:18.0317 AM
[ReportManager] Window size after SWD Maximize: (1176, 811) @04-11-2021 01:54:18.0337 AM
[ReportManager] Browser Action [MaximizeWindow] successfully performed. With the following test data [New screen size is now: (1176, 811)]. @04-11-2021 01:54:18.0338 AM
[ReportManager] Target URL: [https://www.google.com/ncr], and after redirection: [www.google.com] @04-11-2021 01:54:18.0338 AM
[ReportManager] Initial URL: [] @04-11-2021 01:54:18.0391 AM
[ReportManager] Browser Action [NavigateToURL] successfully performed. With the following test data [https://www.google.com/ncr]. @04-11-2021 01:54:19.0670 A

################################################################################################################################################
Starting Execution:	[36 out of 145] test cases in the current suite
Test Method:		[unitTests.tests_validations_assertions.assertElementAttribute_false_regexComparison_expectedToPass]
################################################################################################################################################
[ReportManager] Element Action [Type] successfully performed. With the following test data [Automation123]. @04-11-2021 01:54:20.0328 AM
[ReportManager] Element Action [GetText] successfully performed. With the following test data [Automation123]. @04-11-2021 01:54:20.0378 AM
[ReportManager] Loaded Shared OpenCV @04-11-2021 01:54:20.0437 AM
[ReportManager] Assertion [ValidateElementAttribute] PASSED. Expected [Value Should not be 'Automation' for the 'text' attribute, element locator 'By.name: q'] and Actual [Automation123]. Comparison Type [MATCHES]. Validation Type [NEGATIVE]. @04-11-2021 01:54:20.0694 AM
[ReportManager] Successfully created attachment [Screenshot - 1635990860436_assertElementAttribute_false_regexComparison_expectedToPass_ValidateElementAttribute_passed] @04-11-2021 01:54:20.0737 A
[ReportManager] Browser Action [CloseCurrentWindow] successfully performed. @04-11-2021 01:54:21.0018 AM
[ReportManager] Successfully created attachment [Browser Action Test Data - CloseCurrentWindow - Actual Value] @04-11-2021 01:54:21.0060 A
[ReportManager] File Action [GetAbsolutePath] successfully performed. With the following test data [Relative Folder Path: "target/downloadedFiles/"]. @04-11-2021 01:54:21.0145 AM
[ReportManager] Attempting to run locally on: [Mac-64], [Safari], Headless Execution. @04-11-2021 01:54:21.0146 AM
[ReportManager] Successfully Opened Safari. @04-11-2021 01:54:21.0992 AM
[ReportManager] Initial window size: (800, 600) @04-11-2021 01:54:22.0000 AM
[ReportManager] Window size after SWD Maximize: (1176, 811) @04-11-2021 01:54:22.0020 AM
[ReportManager] Browser Action [MaximizeWindow] successfully performed. With the following test data [New screen size is now: (1176, 811)]. @04-11-2021 01:54:22.0021 AM
[ReportManager] Target URL: [https://www.google.com/ncr], and after redirection: [www.google.com] @04-11-2021 01:54:22.0022 AM
[ReportManager] Initial URL: [] @04-11-2021 01:54:22.0092 AM
[ReportManager] Browser Action [NavigateToURL] successfully performed. With the following test data [https://www.google.com/ncr]. @04-11-2021 01:54:23.0411 A

################################################################################################################################################
Starting Execution:	[37 out of 145] test cases in the current suite
Test Method:		[unitTests.tests_validations_assertions.assertElementAttribute_true_caseInsensitiveComparison_expectedToFail]
################################################################################################################################################
[ReportManager] Element Action [Type] successfully performed. With the following test data [AUTOMATION]. @04-11-2021 01:54:23.0859 AM
[ReportManager] Element Action [GetText] successfully performed. With the following test data [AUTOMATION]. @04-11-2021 01:54:23.0913 AM
[ReportManager] Loaded Shared OpenCV @04-11-2021 01:54:23.0962 AM
[ReportManager] Assertion [ValidateElementAttribute] FAILED. Expected [Value Should be 'AutomaTion123' for the 'text' attribute, element locator 'By.name: q'] and Actual [AUTOMATION]. Comparison Type [CASE_INSENSITIVE]. Validation Type [POSITIVE]. @04-11-2021 01:54:24.0234 AM
[ReportManager] Successfully created attachment [Screenshot - 1635990863962_assertElementAttribute_true_caseInsensitiveComparison_expectedToFail_ValidateElementAttribute_failed] @04-11-2021 01:54:24.0277 A
[ReportManager] Browser Action [CloseCurrentWindow] successfully performed. @04-11-2021 01:54:24.0710 AM
[ReportManager] Successfully created attachment [Browser Action Test Data - CloseCurrentWindow - Actual Value] @04-11-2021 01:54:24.0751 A
[ReportManager] File Action [GetAbsolutePath] successfully performed. With the following test data [Relative Folder Path: "target/downloadedFiles/"]. @04-11-2021 01:54:24.0800 AM
[ReportManager] Attempting to run locally on: [Mac-64], [Safari], Headless Execution. @04-11-2021 01:54:24.0801 AM
[ReportManager] Successfully Opened Safari. @04-11-2021 01:54:25.0671 AM
[ReportManager] Initial window size: (800, 600) @04-11-2021 01:54:25.0685 AM
[ReportManager] Window size after SWD Maximize: (1176, 811) @04-11-2021 01:54:25.0702 AM
[ReportManager] Browser Action [MaximizeWindow] successfully performed. With the following test data [New screen size is now: (1176, 811)]. @04-11-2021 01:54:25.0703 AM
[ReportManager] Target URL: [https://www.google.com/ncr], and after redirection: [www.google.com] @04-11-2021 01:54:25.0703 AM
[ReportManager] Initial URL: [] @04-11-2021 01:54:25.0772 AM
[ReportManager] Browser Action [NavigateToURL] successfully performed. With the following test data [https://www.google.com/ncr]. @04-11-2021 01:54:27.0006 A

################################################################################################################################################
Starting Execution:	[38 out of 145] test cases in the current suite
Test Method:		[unitTests.tests_validations_assertions.assertElementAttribute_true_caseInsensitiveComparison_expectedToPass]
################################################################################################################################################
[ReportManager] Element Action [Type] successfully performed. With the following test data [AUTOMATION]. @04-11-2021 01:54:27.0482 AM
[ReportManager] Element Action [GetText] successfully performed. With the following test data [AUTOMATION]. @04-11-2021 01:54:27.0553 AM
[ReportManager] Loaded Shared OpenCV @04-11-2021 01:54:27.0621 AM
[ReportManager] Assertion [ValidateElementAttribute] PASSED. Expected [Value Should be 'AutomaTion' for the 'text' attribute, element locator 'By.name: q'] and Actual [AUTOMATION]. Comparison Type [CASE_INSENSITIVE]. Validation Type [POSITIVE]. @04-11-2021 01:54:27.0792 AM
[ReportManager] Successfully created attachment [Screenshot - 1635990867621_assertElementAttribute_true_caseInsensitiveComparison_expectedToPass_ValidateElementAttribute_passed] @04-11-2021 01:54:27.0839 A
[ReportManager] Browser Action [CloseCurrentWindow] successfully performed. @04-11-2021 01:54:28.0312 AM
[ReportManager] Successfully created attachment [Browser Action Test Data - CloseCurrentWindow - Actual Value] @04-11-2021 01:54:28.0353 A
[ReportManager] File Action [GetAbsolutePath] successfully performed. With the following test data [Relative Folder Path: "target/downloadedFiles/"]. @04-11-2021 01:54:28.0442 AM
[ReportManager] Attempting to run locally on: [Mac-64], [Safari], Headless Execution. @04-11-2021 01:54:28.0442 AM
[ReportManager] Successfully Opened Safari. @04-11-2021 01:54:29.0313 AM
[ReportManager] Initial window size: (800, 600) @04-11-2021 01:54:29.0337 AM
[ReportManager] Window size after SWD Maximize: (1176, 811) @04-11-2021 01:54:29.0359 AM
[ReportManager] Browser Action [MaximizeWindow] successfully performed. With the following test data [New screen size is now: (1176, 811)]. @04-11-2021 01:54:29.0359 AM
[ReportManager] Target URL: [https://www.google.com/ncr], and after redirection: [www.google.com] @04-11-2021 01:54:29.0359 AM
[ReportManager] Initial URL: [] @04-11-2021 01:54:29.0415 AM
[ReportManager] Browser Action [NavigateToURL] successfully performed. With the following test data [https://www.google.com/ncr]. @04-11-2021 01:54:30.0832 A

################################################################################################################################################
Starting Execution:	[39 out of 145] test cases in the current suite
Test Method:		[unitTests.tests_validations_assertions.assertElementAttribute_true_containsComparison_expectedToFail]
################################################################################################################################################
[ReportManager] Element Action [Type] successfully performed. With the following test data [Automation123]. @04-11-2021 01:54:31.0388 AM
[ReportManager] Element Action [GetText] successfully performed. With the following test data [Automation123]. @04-11-2021 01:54:31.0444 AM
[ReportManager] Loaded Shared OpenCV @04-11-2021 01:54:31.0496 AM
[ReportManager] Assertion [ValidateElementAttribute] FAILED. Expected [Value Should be 'Automation1234' for the 'text' attribute, element locator 'By.name: q'] and Actual [Automation123]. Comparison Type [CONTAINS]. Validation Type [POSITIVE]. @04-11-2021 01:54:31.0762 AM
[ReportManager] Successfully created attachment [Screenshot - 1635990871496_assertElementAttribute_true_containsComparison_expectedToFail_ValidateElementAttribute_failed] @04-11-2021 01:54:31.0804 A
[ReportManager] Browser Action [CloseCurrentWindow] successfully performed. @04-11-2021 01:54:32.0255 AM
[ReportManager] Successfully created attachment [Browser Action Test Data - CloseCurrentWindow - Actual Value] @04-11-2021 01:54:32.0296 A
[ReportManager] File Action [GetAbsolutePath] successfully performed. With the following test data [Relative Folder Path: "target/downloadedFiles/"]. @04-11-2021 01:54:32.0421 AM
[ReportManager] Attempting to run locally on: [Mac-64], [Safari], Headless Execution. @04-11-2021 01:54:32.0422 AM
[ReportManager] Successfully Opened Safari. @04-11-2021 01:54:33.0191 AM
[ReportManager] Initial window size: (800, 600) @04-11-2021 01:54:33.0204 AM
[ReportManager] Window size after SWD Maximize: (1176, 811) @04-11-2021 01:54:33.0223 AM
[ReportManager] Browser Action [MaximizeWindow] successfully performed. With the following test data [New screen size is now: (1176, 811)]. @04-11-2021 01:54:33.0223 AM
[ReportManager] Target URL: [https://www.google.com/ncr], and after redirection: [www.google.com] @04-11-2021 01:54:33.0223 AM
[ReportManager] Initial URL: [] @04-11-2021 01:54:33.0267 AM
[ReportManager] Browser Action [NavigateToURL] successfully performed. With the following test data [https://www.google.com/ncr]. @04-11-2021 01:54:34.0545 A

################################################################################################################################################
Starting Execution:	[40 out of 145] test cases in the current suite
Test Method:		[unitTests.tests_validations_assertions.assertElementAttribute_true_containsComparison_expectedToPass]
################################################################################################################################################
[ReportManager] Element Action [Type] successfully performed. With the following test data [Automation123]. @04-11-2021 01:54:35.0140 AM
[ReportManager] Element Action [GetText] successfully performed. With the following test data [Automation123]. @04-11-2021 01:54:35.0193 AM
[ReportManager] Loaded Shared OpenCV @04-11-2021 01:54:35.0248 AM
[ReportManager] Assertion [ValidateElementAttribute] PASSED. Expected [Value Should be 'Automation' for the 'text' attribute, element locator 'By.name: q'] and Actual [Automation123]. Comparison Type [CONTAINS]. Validation Type [POSITIVE]. @04-11-2021 01:54:35.0508 AM
[ReportManager] Successfully created attachment [Screenshot - 1635990875248_assertElementAttribute_true_containsComparison_expectedToPass_ValidateElementAttribute_passed] @04-11-2021 01:54:35.0549 A
[ReportManager] Browser Action [CloseCurrentWindow] successfully performed. @04-11-2021 01:54:35.0992 AM
[ReportManager] Successfully created attachment [Browser Action Test Data - CloseCurrentWindow - Actual Value] @04-11-2021 01:54:36.0035 A
[ReportManager] File Action [GetAbsolutePath] successfully performed. With the following test data [Relative Folder Path: "target/downloadedFiles/"]. @04-11-2021 01:54:36.0121 AM
[ReportManager] Attempting to run locally on: [Mac-64], [Safari], Headless Execution. @04-11-2021 01:54:36.0121 AM
[ReportManager] Successfully Opened Safari. @04-11-2021 01:54:36.0943 AM
[ReportManager] Initial window size: (800, 600) @04-11-2021 01:54:36.0963 AM
[ReportManager] Window size after SWD Maximize: (1176, 811) @04-11-2021 01:54:36.0976 AM
[ReportManager] Browser Action [MaximizeWindow] successfully performed. With the following test data [New screen size is now: (1176, 811)]. @04-11-2021 01:54:36.0976 AM
[ReportManager] Target URL: [https://www.google.com/ncr], and after redirection: [www.google.com] @04-11-2021 01:54:36.0976 AM
[ReportManager] Initial URL: [] @04-11-2021 01:54:37.0030 AM
[ReportManager] Browser Action [NavigateToURL] successfully performed. With the following test data [https://www.google.com/ncr]. @04-11-2021 01:54:38.0355 A

################################################################################################################################################
Starting Execution:	[41 out of 145] test cases in the current suite
Test Method:		[unitTests.tests_validations_assertions.assertElementAttribute_true_literalComparison_expectedToFail]
################################################################################################################################################
[ReportManager] Element Action [Type] successfully performed. With the following test data [Automation!@#$%^&*()_+{}[]\';/.,]. @04-11-2021 01:54:39.0537 AM
[ReportManager] Element Action [GetText] successfully performed. With the following test data [Automation!@#$%^&*()_+{}[]\';/.,]. @04-11-2021 01:54:39.0581 AM
[ReportManager] Loaded Shared OpenCV @04-11-2021 01:54:39.0629 AM
[ReportManager] Assertion [ValidateElementAttribute] FAILED. Expected [Value Should be 'Automation' for the 'text' attribute, element locator 'By.name: q'] and Actual [Automation!@#$%^&*()_+{}[]\';/.,]. Comparison Type [EQUALS]. Validation Type [POSITIVE]. @04-11-2021 01:54:39.0857 AM
[ReportManager] Successfully created attachment [Screenshot - 1635990879629_assertElementAttribute_true_literalComparison_expectedToFail_ValidateElementAttribute_failed] @04-11-2021 01:54:39.0899 A
[ReportManager] Browser Action [CloseCurrentWindow] successfully performed. @04-11-2021 01:54:40.0284 AM
[ReportManager] Successfully created attachment [Browser Action Test Data - CloseCurrentWindow - Actual Value] @04-11-2021 01:54:40.0325 A
[ReportManager] File Action [GetAbsolutePath] successfully performed. With the following test data [Relative Folder Path: "target/downloadedFiles/"]. @04-11-2021 01:54:40.0411 AM
[ReportManager] Attempting to run locally on: [Mac-64], [Safari], Headless Execution. @04-11-2021 01:54:40.0412 AM
[ReportManager] Successfully Opened Safari. @04-11-2021 01:54:41.0253 AM
[ReportManager] Initial window size: (800, 600) @04-11-2021 01:54:41.0264 AM
[ReportManager] Window size after SWD Maximize: (1176, 811) @04-11-2021 01:54:41.0289 AM
[ReportManager] Browser Action [MaximizeWindow] successfully performed. With the following test data [New screen size is now: (1176, 811)]. @04-11-2021 01:54:41.0289 AM
[ReportManager] Target URL: [https://www.google.com/ncr], and after redirection: [www.google.com] @04-11-2021 01:54:41.0289 AM
[ReportManager] Initial URL: [] @04-11-2021 01:54:41.0327 AM
[ReportManager] Browser Action [NavigateToURL] successfully performed. With the following test data [https://www.google.com/ncr]. @04-11-2021 01:54:42.0560 A

################################################################################################################################################
Starting Execution:	[42 out of 145] test cases in the current suite
Test Method:		[unitTests.tests_validations_assertions.assertElementAttribute_true_literalComparison_expectedToPass]
################################################################################################################################################
[ReportManager] Element Action [Type] successfully performed. With the following test data [Automation!@#$%^&*()_+{}[]\';/.,]. @04-11-2021 01:54:43.0636 AM
[ReportManager] Element Action [GetText] successfully performed. With the following test data [Automation!@#$%^&*()_+{}[]\';/.,]. @04-11-2021 01:54:43.0688 AM
[ReportManager] Loaded Shared OpenCV @04-11-2021 01:54:43.0742 AM
[ReportManager] Assertion [ValidateElementAttribute] PASSED. Expected [Value Should be 'Automation!@#$%^&*()_+{}[]\';/.,' for the 'text' attribute, element locator 'By.name: q'] and Actual [Automation!@#$%^&*()_+{}[]\';/.,]. Comparison Type [EQUALS]. Validation Type [POSITIVE]. @04-11-2021 01:54:43.0974 AM
[ReportManager] Successfully created attachment [Screenshot - 1635990883742_assertElementAttribute_true_literalComparison_expectedToPass_ValidateElementAttribute_passed] @04-11-2021 01:54:44.0017 A
[ReportManager] Browser Action [CloseCurrentWindow] successfully performed. @04-11-2021 01:54:44.0402 AM
[ReportManager] Successfully created attachment [Browser Action Test Data - CloseCurrentWindow - Actual Value] @04-11-2021 01:54:44.0443 A
[ReportManager] File Action [GetAbsolutePath] successfully performed. With the following test data [Relative Folder Path: "target/downloadedFiles/"]. @04-11-2021 01:54:44.0528 AM
[ReportManager] Attempting to run locally on: [Mac-64], [Safari], Headless Execution. @04-11-2021 01:54:44.0528 AM
[ReportManager] Successfully Opened Safari. @04-11-2021 01:54:45.0310 AM
[ReportManager] Initial window size: (800, 600) @04-11-2021 01:54:45.0318 AM
[ReportManager] Window size after SWD Maximize: (1176, 811) @04-11-2021 01:54:45.0335 AM
[ReportManager] Browser Action [MaximizeWindow] successfully performed. With the following test data [New screen size is now: (1176, 811)]. @04-11-2021 01:54:45.0336 AM
[ReportManager] Target URL: [https://www.google.com/ncr], and after redirection: [www.google.com] @04-11-2021 01:54:45.0336 AM
[ReportManager] Initial URL: [] @04-11-2021 01:54:45.0410 AM
[ReportManager] Browser Action [NavigateToURL] successfully performed. With the following test data [https://www.google.com/ncr]. @04-11-2021 01:54:46.0721 A

################################################################################################################################################
Starting Execution:	[43 out of 145] test cases in the current suite
Test Method:		[unitTests.tests_validations_assertions.assertElementAttribute_true_regexComparison_expectedToFail]
################################################################################################################################################
[ReportManager] Element Action [Type] successfully performed. With the following test data [Automation123]. @04-11-2021 01:54:47.0348 AM
[ReportManager] Element Action [GetText] successfully performed. With the following test data [Automation123]. @04-11-2021 01:54:47.0398 AM
[ReportManager] Loaded Shared OpenCV @04-11-2021 01:54:47.0458 AM
[ReportManager] Assertion [ValidateElementAttribute] FAILED. Expected [Value Should be 'Automation' for the 'text' attribute, element locator 'By.name: q'] and Actual [Automation123]. Comparison Type [MATCHES]. Validation Type [POSITIVE]. @04-11-2021 01:54:47.0755 AM
[ReportManager] Successfully created attachment [Screenshot - 1635990887458_assertElementAttribute_true_regexComparison_expectedToFail_ValidateElementAttribute_failed] @04-11-2021 01:54:47.0837 A
[ReportManager] Browser Action [CloseCurrentWindow] successfully performed. @04-11-2021 01:54:48.0246 AM
[ReportManager] Successfully created attachment [Browser Action Test Data - CloseCurrentWindow - Actual Value] @04-11-2021 01:54:48.0255 A
[ReportManager] File Action [GetAbsolutePath] successfully performed. With the following test data [Relative Folder Path: "target/downloadedFiles/"]. @04-11-2021 01:54:48.0260 AM
[ReportManager] Attempting to run locally on: [Mac-64], [Safari], Headless Execution. @04-11-2021 01:54:48.0260 AM
[ReportManager] Successfully Opened Safari. @04-11-2021 01:54:49.0111 AM
[ReportManager] Initial window size: (800, 600) @04-11-2021 01:54:49.0132 AM
[ReportManager] Window size after SWD Maximize: (1176, 811) @04-11-2021 01:54:49.0148 AM
[ReportManager] Browser Action [MaximizeWindow] successfully performed. With the following test data [New screen size is now: (1176, 811)]. @04-11-2021 01:54:49.0153 AM
[ReportManager] Target URL: [https://www.google.com/ncr], and after redirection: [www.google.com] @04-11-2021 01:54:49.0154 AM
[ReportManager] Initial URL: [] @04-11-2021 01:54:49.0218 AM
[ReportManager] Browser Action [NavigateToURL] successfully performed. With the following test data [https://www.google.com/ncr]. @04-11-2021 01:54:50.0473 A

################################################################################################################################################
Starting Execution:	[44 out of 145] test cases in the current suite
Test Method:		[unitTests.tests_validations_assertions.assertElementAttribute_true_regexComparison_expectedToPass]
################################################################################################################################################
[ReportManager] Element Action [Type] successfully performed. With the following test data [Automation123]. @04-11-2021 01:54:50.0985 AM
[ReportManager] Element Action [GetText] successfully performed. With the following test data [Automation123]. @04-11-2021 01:54:51.0039 AM
[ReportManager] Loaded Shared OpenCV @04-11-2021 01:54:51.0091 AM
[ReportManager] Assertion [ValidateElementAttribute] PASSED. Expected [Value Should be 'Automation.*' for the 'text' attribute, element locator 'By.name: q'] and Actual [Automation123]. Comparison Type [MATCHES]. Validation Type [POSITIVE]. @04-11-2021 01:54:51.0389 AM
[ReportManager] Successfully created attachment [Screenshot - 1635990891091_assertElementAttribute_true_regexComparison_expectedToPass_ValidateElementAttribute_passed] @04-11-2021 01:54:51.0471 A
[ReportManager] Browser Action [CloseCurrentWindow] successfully performed. @04-11-2021 01:54:51.0937 AM
[ReportManager] Successfully created attachment [Browser Action Test Data - CloseCurrentWindow - Actual Value] @04-11-2021 01:54:51.0979 A
[ReportManager] File Action [GetAbsolutePath] successfully performed. With the following test data [Relative Folder Path: "target/downloadedFiles/"]. @04-11-2021 01:54:52.0104 AM
[ReportManager] Attempting to run locally on: [Mac-64], [Safari], Headless Execution. @04-11-2021 01:54:52.0104 AM
[ReportManager] Successfully Opened Safari. @04-11-2021 01:54:52.0994 AM
[ReportManager] Initial window size: (800, 600) @04-11-2021 01:54:53.0000 AM
[ReportManager] Window size after SWD Maximize: (1176, 811) @04-11-2021 01:54:53.0020 AM
[ReportManager] Browser Action [MaximizeWindow] successfully performed. With the following test data [New screen size is now: (1176, 811)]. @04-11-2021 01:54:53.0021 AM
[ReportManager] Target URL: [https://www.google.com/ncr], and after redirection: [www.google.com] @04-11-2021 01:54:53.0021 AM
[ReportManager] Initial URL: [] @04-11-2021 01:54:53.0059 AM
[ReportManager] Browser Action [NavigateToURL] successfully performed. With the following test data [https://www.google.com/ncr]. @04-11-2021 01:54:54.0388 A

################################################################################################################################################
Starting Execution:	[45 out of 145] test cases in the current suite
Test Method:		[unitTests.tests_validations_assertions.assertElementAttribute_type_true_literalComparison_expectedToPass]
################################################################################################################################################
[ReportManager] Element Action [Type] successfully performed. With the following test data [Automation!@#$%^&*()_+{}[]\';/.,]. @04-11-2021 01:54:55.0589 AM
[ReportManager] Element Action [GetText] successfully performed. With the following test data [Automation!@#$%^&*()_+{}[]\';/.,]. @04-11-2021 01:54:55.0661 AM
[ReportManager] Loaded Shared OpenCV @04-11-2021 01:54:55.0721 AM
[ReportManager] Assertion [ValidateElementAttribute] PASSED. Expected [Value Should be 'Automation!@#$%^&*()_+{}[]\';/.,' for the 'text' attribute, element locator 'By.name: q'] and Actual [Automation!@#$%^&*()_+{}[]\';/.,]. Comparison Type [EQUALS]. Validation Type [POSITIVE]. @04-11-2021 01:54:56.0027 AM
[ReportManager] Successfully created attachment [Screenshot - 1635990895721_assertElementAttribute_type_true_literalComparison_expectedToPass_ValidateElementAttribute_passed] @04-11-2021 01:54:56.0111 A
[ReportManager] Browser Action [CloseCurrentWindow] successfully performed. @04-11-2021 01:54:56.0530 AM
[ReportManager] Successfully created attachment [Browser Action Test Data - CloseCurrentWindow - Actual Value] @04-11-2021 01:54:56.0571 A
[ReportManager] File Action [GetAbsolutePath] successfully performed. With the following test data [Relative Folder Path: "target/downloadedFiles/"]. @04-11-2021 01:54:56.0698 AM
[ReportManager] Attempting to run locally on: [Mac-64], [Safari], Headless Execution. @04-11-2021 01:54:56.0698 AM
[ReportManager] Successfully Opened Safari. @04-11-2021 01:54:57.0506 AM
[ReportManager] Initial window size: (800, 600) @04-11-2021 01:54:57.0531 AM
[ReportManager] Window size after SWD Maximize: (1176, 811) @04-11-2021 01:54:57.0543 AM
[ReportManager] Browser Action [MaximizeWindow] successfully performed. With the following test data [New screen size is now: (1176, 811)]. @04-11-2021 01:54:57.0543 AM
[ReportManager] Target URL: [https://www.google.com/ncr], and after redirection: [www.google.com] @04-11-2021 01:54:57.0544 AM
[ReportManager] Initial URL: [] @04-11-2021 01:54:57.0621 AM
[ReportManager] Browser Action [NavigateToURL] successfully performed. With the following test data [https://www.google.com/ncr]. @04-11-2021 01:54:58.0457 A

################################################################################################################################################
Starting Execution:	[46 out of 145] test cases in the current suite
Test Method:		[unitTests.tests_validations_assertions.assertElementExists_false_expectedToFail]
###############################################################################################################################################
[ReportManager] Browser Action [CloseCurrentWindow] successfully performed. @04-11-2021 01:54:59.0032 AM
[ReportManager] Successfully created attachment [Browser Action Test Data - CloseCurrentWindow - Actual Value] @04-11-2021 01:54:59.0113 A
[ReportManager] File Action [GetAbsolutePath] successfully performed. With the following test data [Relative Folder Path: "target/downloadedFiles/"]. @04-11-2021 01:54:59.0157 AM
[ReportManager] Attempting to run locally on: [Mac-64], [Safari], Headless Execution. @04-11-2021 01:54:59.0158 AM
[ReportManager] Successfully Opened Safari. @04-11-2021 01:54:59.0971 AM
[ReportManager] Initial window size: (800, 600) @04-11-2021 01:54:59.0991 AM
[ReportManager] Window size after SWD Maximize: (1176, 811) @04-11-2021 01:55:00.0057 AM
[ReportManager] Browser Action [MaximizeWindow] successfully performed. With the following test data [New screen size is now: (1176, 811)]. @04-11-2021 01:55:00.0057 AM
[ReportManager] Target URL: [https://www.google.com/ncr], and after redirection: [www.google.com] @04-11-2021 01:55:00.0057 AM
[ReportManager] Initial URL: [] @04-11-2021 01:55:00.0104 AM
[ReportManager] Browser Action [NavigateToURL] successfully performed. With the following test data [https://www.google.com/ncr]. @04-11-2021 01:55:01.0444 A

################################################################################################################################################
Starting Execution:	[47 out of 145] test cases in the current suite
Test Method:		[unitTests.tests_validations_assertions.assertElementExists_false_expectedToPass]
###############################################################################################################################################
[ReportManager] Browser Action [CloseCurrentWindow] successfully performed. @04-11-2021 01:55:01.0997 AM
[ReportManager] Successfully created attachment [Browser Action Test Data - CloseCurrentWindow - Actual Value] @04-11-2021 01:55:02.0120 A
[ReportManager] File Action [GetAbsolutePath] successfully performed. With the following test data [Relative Folder Path: "target/downloadedFiles/"]. @04-11-2021 01:55:02.0246 AM
[ReportManager] Attempting to run locally on: [Mac-64], [Safari], Headless Execution. @04-11-2021 01:55:02.0247 AM
[ReportManager] Successfully Opened Safari. @04-11-2021 01:55:03.0100 AM
[ReportManager] Initial window size: (800, 600) @04-11-2021 01:55:03.0106 AM
[ReportManager] Window size after SWD Maximize: (1176, 811) @04-11-2021 01:55:03.0132 AM
[ReportManager] Browser Action [MaximizeWindow] successfully performed. With the following test data [New screen size is now: (1176, 811)]. @04-11-2021 01:55:03.0132 AM
[ReportManager] Target URL: [https://www.google.com/ncr], and after redirection: [www.google.com] @04-11-2021 01:55:03.0132 AM
[ReportManager] Initial URL: [] @04-11-2021 01:55:03.0180 AM
[ReportManager] Browser Action [NavigateToURL] successfully performed. With the following test data [https://www.google.com/ncr]. @04-11-2021 01:55:04.0413 A

################################################################################################################################################
Starting Execution:	[48 out of 145] test cases in the current suite
Test Method:		[unitTests.tests_validations_assertions.assertElementExists_false_multipleElementsFound_expectedToFail]
################################################################################################################################################
[ReportManager] Assertion [ValidateElementExists] FAILED. Expected [Element Should not Exist, locator 'By.xpath: //div'] and Actual [Element Exists but is not unique]. Comparison Type [EQUALS]. Validation Type [NEGATIVE]. @04-11-2021 01:55:04.0776 AM
[ReportManager] Successfully created attachment [Screenshot - 1635990904612_assertElementExists_false_multipleElementsFound_expectedToFail_ValidateElementExists_failed] @04-11-2021 01:55:04.0858 A
[ReportManager] Browser Action [CloseCurrentWindow] successfully performed. @04-11-2021 01:55:05.0308 AM
[ReportManager] Successfully created attachment [Browser Action Test Data - CloseCurrentWindow - Actual Value] @04-11-2021 01:55:05.0417 A
[ReportManager] File Action [GetAbsolutePath] successfully performed. With the following test data [Relative Folder Path: "target/downloadedFiles/"]. @04-11-2021 01:55:05.0667 AM
[ReportManager] Attempting to run locally on: [Mac-64], [Safari], Headless Execution. @04-11-2021 01:55:05.0668 AM
[ReportManager] Successfully Opened Safari. @04-11-2021 01:55:06.0469 AM
[ReportManager] Initial window size: (800, 600) @04-11-2021 01:55:06.0475 AM
[ReportManager] Window size after SWD Maximize: (1176, 811) @04-11-2021 01:55:06.0503 AM
[ReportManager] Browser Action [MaximizeWindow] successfully performed. With the following test data [New screen size is now: (1176, 811)]. @04-11-2021 01:55:06.0504 AM
[ReportManager] Target URL: [https://www.google.com/ncr], and after redirection: [www.google.com] @04-11-2021 01:55:06.0504 AM
[ReportManager] Initial URL: [] @04-11-2021 01:55:06.0544 AM
[ReportManager] Browser Action [NavigateToURL] successfully performed. With the following test data [https://www.google.com/ncr]. @04-11-2021 01:55:07.0859 A

################################################################################################################################################
Starting Execution:	[49 out of 145] test cases in the current suite
Test Method:		[unitTests.tests_validations_assertions.assertElementExists_true_expectedToFail]
###############################################################################################################################################
[ReportManager] Browser Action [CloseCurrentWindow] successfully performed. @04-11-2021 01:55:08.0362 AM
[ReportManager] Successfully created attachment [Browser Action Test Data - CloseCurrentWindow - Actual Value] @04-11-2021 01:55:08.0403 A
[ReportManager] File Action [GetAbsolutePath] successfully performed. With the following test data [Relative Folder Path: "target/downloadedFiles/"]. @04-11-2021 01:55:08.0529 AM
[ReportManager] Attempting to run locally on: [Mac-64], [Safari], Headless Execution. @04-11-2021 01:55:08.0529 AM
[ReportManager] Successfully Opened Safari. @04-11-2021 01:55:09.0308 AM
[ReportManager] Initial window size: (800, 600) @04-11-2021 01:55:09.0314 AM
[ReportManager] Window size after SWD Maximize: (1176, 811) @04-11-2021 01:55:09.0339 AM
[ReportManager] Browser Action [MaximizeWindow] successfully performed. With the following test data [New screen size is now: (1176, 811)]. @04-11-2021 01:55:09.0339 AM
[ReportManager] Target URL: [https://www.google.com/ncr], and after redirection: [www.google.com] @04-11-2021 01:55:09.0339 AM
[ReportManager] Initial URL: [] @04-11-2021 01:55:09.0413 AM
[ReportManager] Browser Action [NavigateToURL] successfully performed. With the following test data [https://www.google.com/ncr]. @04-11-2021 01:55:10.0815 A

################################################################################################################################################
Starting Execution:	[50 out of 145] test cases in the current suite
Test Method:		[unitTests.tests_validations_assertions.assertElementExists_true_expectedToPass]
################################################################################################################################################
[ReportManager] Loaded Shared OpenCV @04-11-2021 01:55:11.0029 AM
[ReportManager] Assertion [ValidateElementExists] PASSED. Expected [Element Should Exist, locator 'By.xpath: //*[@id='hplogo' or @alt='Google']'] and Actual [Element Exists]. Comparison Type [EQUALS]. Validation Type [POSITIVE]. @04-11-2021 01:55:11.0296 AM
[ReportManager] Successfully created attachment [Screenshot - 1635990911029_assertElementExists_true_expectedToPass_ValidateElementExists_passed] @04-11-2021 01:55:11.0380 A
[ReportManager] Browser Action [CloseCurrentWindow] successfully performed. @04-11-2021 01:55:11.0837 AM
[ReportManager] Successfully created attachment [Browser Action Test Data - CloseCurrentWindow - Actual Value] @04-11-2021 01:55:11.0879 A
[ReportManager] File Action [GetAbsolutePath] successfully performed. With the following test data [Relative Folder Path: "target/downloadedFiles/"]. @04-11-2021 01:55:12.0005 AM
[ReportManager] Attempting to run locally on: [Mac-64], [Safari], Headless Execution. @04-11-2021 01:55:12.0005 A

################################################################################################################################################
Starting Execution:	[51 out of 145] test cases in the current suite
Test Method:		[unitTests.tests_validations_assertions.assertElementExists_true_multipleElementsFound_expectedToFail]
###############################################################################################################################################


################################################################################################################################################
Starting Execution:	[52 out of 145] test cases in the current suite
Test Method:		[unitTests.tests_validations_assertions.assertEquals_false_expectedToFail]
###############################################################################################################################################

################################################################################################################################################
Starting Execution:	[53 out of 145] test cases in the current suite
Test Method:		[unitTests.tests_validations_assertions.assertEquals_false_expectedToPass]
###############################################################################################################################################

################################################################################################################################################
Starting Execution:	[54 out of 145] test cases in the current suite
Test Method:		[unitTests.tests_validations_assertions.assertEquals_longCharacters]
###############################################################################################################################################

################################################################################################################################################
Starting Execution:	[55 out of 145] test cases in the current suite
Test Method:		[unitTests.tests_validations_assertions.assertEquals_longCharacters_Discreet]
###############################################################################################################################################

################################################################################################################################################
Starting Execution:	[56 out of 145] test cases in the current suite
Test Method:		[unitTests.tests_validations_assertions.assertEquals_true_expectedToFail]
###############################################################################################################################################

################################################################################################################################################
Starting Execution:	[57 out of 145] test cases in the current suite
Test Method:		[unitTests.tests_validations_assertions.assertEquals_true_expectedToPass]
Test Description:	[Assert that assertEquals works as expected when the two values are equal.]
###############################################################################################################################################

################################################################################################################################################
Starting Execution:	[58 out of 145] test cases in the current suite
Test Method:		[unitTests.tests_validations_assertions.assertEquals_true_expectedToPass__]
###############################################################################################################################################

################################################################################################################################################
Starting Execution:	[59 out of 145] test cases in the current suite
Test Method:		[unitTests.tests_validations_assertions.assertFileExists_false_expectedToFail]
###############################################################################################################################################

################################################################################################################################################
Starting Execution:	[60 out of 145] test cases in the current suite
Test Method:		[unitTests.tests_validations_assertions.assertFileExists_false_expectedToPass]
###############################################################################################################################################

################################################################################################################################################
Starting Execution:	[61 out of 145] test cases in the current suite
Test Method:		[unitTests.tests_validations_assertions.assertFileExists_true_expectedToFail]
###############################################################################################################################################

################################################################################################################################################
Starting Execution:	[62 out of 145] test cases in the current suite
Test Method:		[unitTests.tests_validations_assertions.assertFileExists_true_expectedToPass]
###############################################################################################################################################

################################################################################################################################################
Starting Execution:	[63 out of 145] test cases in the current suite
Test Method:		[unitTests.tests_validations_assertions.assertNull_false_expectedToFail]
###############################################################################################################################################

################################################################################################################################################
Starting Execution:	[64 out of 145] test cases in the current suite
Test Method:		[unitTests.tests_validations_assertions.assertNull_false_expectedToPass]
###############################################################################################################################################

################################################################################################################################################
Starting Execution:	[65 out of 145] test cases in the current suite
Test Method:		[unitTests.tests_validations_assertions.assertNull_true_expectedToFail]
###############################################################################################################################################

################################################################################################################################################
Starting Execution:	[66 out of 145] test cases in the current suite
Test Method:		[unitTests.tests_validations_assertions.assertNull_true_expectedToPass]
###############################################################################################################################################

################################################################################################################################################
Starting Execution:	[67 out of 145] test cases in the current suite
Test Method:		[unitTests.tests_restActions.getPostsAndAssertBodyForSpecificTitle]
################################################################################################################################################
[ReportManager] Response status code: [200], status line: [HTTP/1.1 200 OK] @04-11-2021 01:55:16.0327 AM
[ReportManager] Assertion Passed: Evaluating the actual response status code against the expected one... @04-11-2021 01:55:16.0333 AM
[ReportManager] Assertion [ValidateComparativeRelation] PASSED. Expected [200] and Actual [200]. Comparison Type [EQUALS]. Validation Type [POSITIVE]. @04-11-2021 01:55:16.0333 AM
[ReportManager] API Action [PerformRequest] successfully performed. With the following test data [Request Type: "GET" | Target Status Code: "200" | Service URL: "https://jsonplaceholder.typicode.com/posts" | Content Type: "*/*" | Response Time: "747ms"]. @04-11-2021 01:55:17.0451 AM
[ReportManager] Successfully created attachment [API Request - Specifications] @04-11-2021 01:55:17.0493 AM
[ReportManager] Successfully created attachment [API Response - JSON Body] @04-11-2021 01:55:17.0765 AM
[ReportManager] API Action [GetResponseJSONValueAsList] successfully performed. @04-11-2021 01:55:17.0794 AM
[ReportManager] API Action [GetResponseJSONValue] successfully performed. With the following test data [title]. @04-11-2021 01:55:17.0818 AM
[ReportManager] API Action [GetResponseJSONValue] successfully performed. With the following test data [title]. @04-11-2021 01:55:17.0835 AM
[ReportManager] API Action [GetResponseJSONValue] successfully performed. With the following test data [body]. @04-11-2021 01:55:17.0851 AM
[ReportManager] Assertion [ValidateEquals] PASSED. Expected [qui neque nisi nulla] and Actual [est rerum tempore vitae
sequi sint nihil reprehenderit dolor beatae ea dolores neque
fugiat blanditiis voluptate porro vel nihil molestiae ut reiciendis
qui aperiam non debitis possimus qui neque nisi nulla]. Comparison Type [CONTAINS]. Validation Type [POSITIVE]. @04-11-2021 01:55:17.0851 AM
[ReportManager] API Action [GetResponseJSONValue] successfully performed. With the following test data [title]. @04-11-2021 01:55:17.0867 AM
[ReportManager] API Action [GetResponseJSONValue] successfully performed. With the following test data [title]. @04-11-2021 01:55:17.0884 AM
[ReportManager] API Action [GetResponseJSONValue] successfully performed. With the following test data [title]. @04-11-2021 01:55:17.0903 AM
[ReportManager] API Action [GetResponseJSONValue] successfully performed. With the following test data [title]. @04-11-2021 01:55:17.0920 AM
[ReportManager] API Action [GetResponseJSONValue] successfully performed. With the following test data [title]. @04-11-2021 01:55:17.0950 AM
[ReportManager] API Action [GetResponseJSONValue] successfully performed. With the following test data [title]. @04-11-2021 01:55:17.0971 AM
[ReportManager] API Action [GetResponseJSONValue] successfully performed. With the following test data [title]. @04-11-2021 01:55:17.0987 AM
[ReportManager] API Action [GetResponseJSONValue] successfully performed. With the following test data [title]. @04-11-2021 01:55:18.0002 AM
[ReportManager] API Action [GetResponseJSONValue] successfully performed. With the following test data [title]. @04-11-2021 01:55:18.0020 AM
[ReportManager] API Action [GetResponseJSONValue] successfully performed. With the following test data [title]. @04-11-2021 01:55:18.0036 AM
[ReportManager] API Action [GetResponseJSONValue] successfully performed. With the following test data [title]. @04-11-2021 01:55:18.0055 AM
[ReportManager] API Action [GetResponseJSONValue] successfully performed. With the following test data [title]. @04-11-2021 01:55:18.0072 AM
[ReportManager] API Action [GetResponseJSONValue] successfully performed. With the following test data [title]. @04-11-2021 01:55:18.0087 AM
[ReportManager] API Action [GetResponseJSONValue] successfully performed. With the following test data [title]. @04-11-2021 01:55:18.0105 AM
[ReportManager] API Action [GetResponseJSONValue] successfully performed. With the following test data [title]. @04-11-2021 01:55:18.0119 AM
[ReportManager] API Action [GetResponseJSONValue] successfully performed. With the following test data [title]. @04-11-2021 01:55:18.0136 AM
[ReportManager] API Action [GetResponseJSONValue] successfully performed. With the following test data [title]. @04-11-2021 01:55:18.0154 AM
[ReportManager] API Action [GetResponseJSONValue] successfully performed. With the following test data [title]. @04-11-2021 01:55:18.0170 AM
[ReportManager] API Action [GetResponseJSONValue] successfully performed. With the following test data [title]. @04-11-2021 01:55:18.0184 AM
[ReportManager] API Action [GetResponseJSONValue] successfully performed. With the following test data [title]. @04-11-2021 01:55:18.0210 AM
[ReportManager] API Action [GetResponseJSONValue] successfully performed. With the following test data [title]. @04-11-2021 01:55:18.0223 AM
[ReportManager] API Action [GetResponseJSONValue] successfully performed. With the following test data [title]. @04-11-2021 01:55:18.0238 AM
[ReportManager] API Action [GetResponseJSONValue] successfully performed. With the following test data [title]. @04-11-2021 01:55:18.0256 AM
[ReportManager] API Action [GetResponseJSONValue] successfully performed. With the following test data [title]. @04-11-2021 01:55:18.0272 AM
[ReportManager] API Action [GetResponseJSONValue] successfully performed. With the following test data [title]. @04-11-2021 01:55:18.0288 AM
[ReportManager] API Action [GetResponseJSONValue] successfully performed. With the following test data [title]. @04-11-2021 01:55:18.0301 AM
[ReportManager] API Action [GetResponseJSONValue] successfully performed. With the following test data [title]. @04-11-2021 01:55:18.0315 AM
[ReportManager] API Action [GetResponseJSONValue] successfully performed. With the following test data [title]. @04-11-2021 01:55:18.0329 AM
[ReportManager] API Action [GetResponseJSONValue] successfully performed. With the following test data [title]. @04-11-2021 01:55:18.0343 AM
[ReportManager] API Action [GetResponseJSONValue] successfully performed. With the following test data [title]. @04-11-2021 01:55:18.0357 AM
[ReportManager] API Action [GetResponseJSONValue] successfully performed. With the following test data [title]. @04-11-2021 01:55:18.0372 AM
[ReportManager] API Action [GetResponseJSONValue] successfully performed. With the following test data [title]. @04-11-2021 01:55:18.0388 AM
[ReportManager] API Action [GetResponseJSONValue] successfully performed. With the following test data [title]. @04-11-2021 01:55:18.0403 AM
[ReportManager] API Action [GetResponseJSONValue] successfully performed. With the following test data [title]. @04-11-2021 01:55:18.0418 AM
[ReportManager] API Action [GetResponseJSONValue] successfully performed. With the following test data [title]. @04-11-2021 01:55:18.0433 AM
[ReportManager] API Action [GetResponseJSONValue] successfully performed. With the following test data [title]. @04-11-2021 01:55:18.0448 AM
[ReportManager] API Action [GetResponseJSONValue] successfully performed. With the following test data [title]. @04-11-2021 01:55:18.0462 AM
[ReportManager] API Action [GetResponseJSONValue] successfully performed. With the following test data [title]. @04-11-2021 01:55:18.0478 AM
[ReportManager] API Action [GetResponseJSONValue] successfully performed. With the following test data [title]. @04-11-2021 01:55:18.0491 AM
[ReportManager] API Action [GetResponseJSONValue] successfully performed. With the following test data [title]. @04-11-2021 01:55:18.0509 AM
[ReportManager] API Action [GetResponseJSONValue] successfully performed. With the following test data [title]. @04-11-2021 01:55:18.0523 AM
[ReportManager] API Action [GetResponseJSONValue] successfully performed. With the following test data [title]. @04-11-2021 01:55:18.0539 AM
[ReportManager] API Action [GetResponseJSONValue] successfully performed. With the following test data [title]. @04-11-2021 01:55:18.0561 AM
[ReportManager] API Action [GetResponseJSONValue] successfully performed. With the following test data [title]. @04-11-2021 01:55:18.0579 AM
[ReportManager] API Action [GetResponseJSONValue] successfully performed. With the following test data [title]. @04-11-2021 01:55:18.0595 AM
[ReportManager] API Action [GetResponseJSONValue] successfully performed. With the following test data [title]. @04-11-2021 01:55:18.0609 AM
[ReportManager] API Action [GetResponseJSONValue] successfully performed. With the following test data [title]. @04-11-2021 01:55:18.0624 AM
[ReportManager] API Action [GetResponseJSONValue] successfully performed. With the following test data [title]. @04-11-2021 01:55:18.0640 AM
[ReportManager] API Action [GetResponseJSONValue] successfully performed. With the following test data [title]. @04-11-2021 01:55:18.0654 AM
[ReportManager] API Action [GetResponseJSONValue] successfully performed. With the following test data [title]. @04-11-2021 01:55:18.0670 AM
[ReportManager] API Action [GetResponseJSONValue] successfully performed. With the following test data [title]. @04-11-2021 01:55:18.0685 AM
[ReportManager] API Action [GetResponseJSONValue] successfully performed. With the following test data [title]. @04-11-2021 01:55:18.0700 AM
[ReportManager] API Action [GetResponseJSONValue] successfully performed. With the following test data [title]. @04-11-2021 01:55:18.0717 AM
[ReportManager] API Action [GetResponseJSONValue] successfully performed. With the following test data [title]. @04-11-2021 01:55:18.0730 AM
[ReportManager] API Action [GetResponseJSONValue] successfully performed. With the following test data [title]. @04-11-2021 01:55:18.0746 AM
[ReportManager] API Action [GetResponseJSONValue] successfully performed. With the following test data [title]. @04-11-2021 01:55:18.0761 AM
[ReportManager] API Action [GetResponseJSONValue] successfully performed. With the following test data [title]. @04-11-2021 01:55:18.0775 AM
[ReportManager] API Action [GetResponseJSONValue] successfully performed. With the following test data [title]. @04-11-2021 01:55:18.0787 AM
[ReportManager] API Action [GetResponseJSONValue] successfully performed. With the following test data [title]. @04-11-2021 01:55:18.0801 AM
[ReportManager] API Action [GetResponseJSONValue] successfully performed. With the following test data [title]. @04-11-2021 01:55:18.0834 AM
[ReportManager] API Action [GetResponseJSONValue] successfully performed. With the following test data [title]. @04-11-2021 01:55:18.0849 AM
[ReportManager] API Action [GetResponseJSONValue] successfully performed. With the following test data [title]. @04-11-2021 01:55:18.0860 AM
[ReportManager] API Action [GetResponseJSONValue] successfully performed. With the following test data [title]. @04-11-2021 01:55:18.0871 AM
[ReportManager] API Action [GetResponseJSONValue] successfully performed. With the following test data [title]. @04-11-2021 01:55:18.0885 AM
[ReportManager] API Action [GetResponseJSONValue] successfully performed. With the following test data [title]. @04-11-2021 01:55:18.0896 AM
[ReportManager] API Action [GetResponseJSONValue] successfully performed. With the following test data [title]. @04-11-2021 01:55:18.0908 AM
[ReportManager] API Action [GetResponseJSONValue] successfully performed. With the following test data [title]. @04-11-2021 01:55:18.0919 AM
[ReportManager] API Action [GetResponseJSONValue] successfully performed. With the following test data [title]. @04-11-2021 01:55:18.0930 AM
[ReportManager] API Action [GetResponseJSONValue] successfully performed. With the following test data [title]. @04-11-2021 01:55:18.0941 AM
[ReportManager] API Action [GetResponseJSONValue] successfully performed. With the following test data [title]. @04-11-2021 01:55:18.0954 AM
[ReportManager] API Action [GetResponseJSONValue] successfully performed. With the following test data [title]. @04-11-2021 01:55:18.0965 AM
[ReportManager] API Action [GetResponseJSONValue] successfully performed. With the following test data [title]. @04-11-2021 01:55:18.0977 AM
[ReportManager] API Action [GetResponseJSONValue] successfully performed. With the following test data [title]. @04-11-2021 01:55:18.0989 AM
[ReportManager] API Action [GetResponseJSONValue] successfully performed. With the following test data [title]. @04-11-2021 01:55:18.0999 AM
[ReportManager] API Action [GetResponseJSONValue] successfully performed. With the following test data [title]. @04-11-2021 01:55:19.0011 AM
[ReportManager] API Action [GetResponseJSONValue] successfully performed. With the following test data [title]. @04-11-2021 01:55:19.0022 AM
[ReportManager] API Action [GetResponseJSONValue] successfully performed. With the following test data [title]. @04-11-2021 01:55:19.0035 AM
[ReportManager] API Action [GetResponseJSONValue] successfully performed. With the following test data [title]. @04-11-2021 01:55:19.0048 AM
[ReportManager] API Action [GetResponseJSONValue] successfully performed. With the following test data [title]. @04-11-2021 01:55:19.0061 AM
[ReportManager] API Action [GetResponseJSONValue] successfully performed. With the following test data [title]. @04-11-2021 01:55:19.0073 AM
[ReportManager] API Action [GetResponseJSONValue] successfully performed. With the following test data [title]. @04-11-2021 01:55:19.0084 AM
[ReportManager] API Action [GetResponseJSONValue] successfully performed. With the following test data [title]. @04-11-2021 01:55:19.0097 AM
[ReportManager] API Action [GetResponseJSONValue] successfully performed. With the following test data [title]. @04-11-2021 01:55:19.0108 AM
[ReportManager] API Action [GetResponseJSONValue] successfully performed. With the following test data [title]. @04-11-2021 01:55:19.0118 AM
[ReportManager] API Action [GetResponseJSONValue] successfully performed. With the following test data [title]. @04-11-2021 01:55:19.0128 AM
[ReportManager] API Action [GetResponseJSONValue] successfully performed. With the following test data [title]. @04-11-2021 01:55:19.0140 AM
[ReportManager] API Action [GetResponseJSONValue] successfully performed. With the following test data [title]. @04-11-2021 01:55:19.0150 AM
[ReportManager] API Action [GetResponseJSONValue] successfully performed. With the following test data [title]. @04-11-2021 01:55:19.0160 AM
[ReportManager] API Action [GetResponseJSONValue] successfully performed. With the following test data [title]. @04-11-2021 01:55:19.0171 AM
[ReportManager] API Action [GetResponseJSONValue] successfully performed. With the following test data [title]. @04-11-2021 01:55:19.0187 AM
[ReportManager] API Action [GetResponseJSONValue] successfully performed. With the following test data [title]. @04-11-2021 01:55:19.0198 AM
[ReportManager] API Action [GetResponseJSONValue] successfully performed. With the following test data [title]. @04-11-2021 01:55:19.0210 AM
[ReportManager] API Action [GetResponseJSONValue] successfully performed. With the following test data [title]. @04-11-2021 01:55:19.0243 AM
[ReportManager] API Action [GetResponseJSONValue] successfully performed. With the following test data [title]. @04-11-2021 01:55:19.0260 AM
[ReportManager] API Action [GetResponseJSONValue] successfully performed. With the following test data [title]. @04-11-2021 01:55:19.0274 AM
[ReportManager] API Action [GetResponseJSONValue] successfully performed. With the following test data [title]. @04-11-2021 01:55:19.0291 AM
[ReportManager] API Action [GetResponseJSONValue] successfully performed. With the following test data [title]. @04-11-2021 01:55:19.0305 AM
[ReportManager] API Action [GetResponseJSONValue] successfully performed. With the following test data [title]. @04-11-2021 01:55:19.0318 A

################################################################################################################################################
Starting Execution:	[68 out of 145] test cases in the current suite
Test Method:		[unitTests.tests_restActions.validateUserEmail]
################################################################################################################################################
[ReportManager] Response status code: [200], status line: [HTTP/1.1 200 OK] @04-11-2021 01:55:19.0531 AM
[ReportManager] Assertion Passed: Evaluating the actual response status code against the expected one... @04-11-2021 01:55:19.0532 AM
[ReportManager] Assertion [ValidateComparativeRelation] PASSED. Expected [200] and Actual [200]. Comparison Type [EQUALS]. Validation Type [POSITIVE]. @04-11-2021 01:55:19.0532 AM
[ReportManager] API Action [PerformRequest] successfully performed. With the following test data [Request Type: "GET" | Target Status Code: "200" | Service URL: "https://jsonplaceholder.typicode.com/users" | Content Type: "*/*" | Response Time: "78ms"]. @04-11-2021 01:55:19.0559 AM
[ReportManager] Successfully created attachment [API Request - Specifications] @04-11-2021 01:55:19.0601 AM
[ReportManager] Successfully created attachment [API Response - JSON Body] @04-11-2021 01:55:19.0683 AM
[ReportManager] Assertion [ValidateEquals] PASSED. Expected and Actual values are attached. Comparison Type [CONTAINS]. Validation Type [POSITIVE]. @04-11-2021 01:55:19.0683 AM
[ReportManager] Successfully created attachment [Validation Test Data - Expected Value] @04-11-2021 01:55:19.0724 AM
[ReportManager] Successfully created attachment [Validation Test Data - Actual Value] @04-11-2021 01:55:19.0808 AM
[ReportManager] API Action [GetResponseJSONValueAsList] successfully performed. With the following test data [$]. @04-11-2021 01:55:19.0816 AM
[ReportManager] API Action [GetResponseJSONValue] successfully performed. With the following test data [name]. @04-11-2021 01:55:19.0830 AM
[ReportManager] API Action [GetResponseJSONValue] successfully performed. With the following test data [email]. @04-11-2021 01:55:19.0843 AM
[ReportManager] Assertion [ValidateEquals] PASSED. Expected [Sincere@april.biz] and Actual [Sincere@april.biz]. Comparison Type [EQUALS]. Validation Type [POSITIVE]. @04-11-2021 01:55:19.0843 AM
[ReportManager] API Action [GetResponseJSONValue] successfully performed. With the following test data [name]. @04-11-2021 01:55:19.0857 AM
[ReportManager] API Action [GetResponseJSONValue] successfully performed. With the following test data [name]. @04-11-2021 01:55:19.0870 AM
[ReportManager] API Action [GetResponseJSONValue] successfully performed. With the following test data [name]. @04-11-2021 01:55:19.0881 AM
[ReportManager] API Action [GetResponseJSONValue] successfully performed. With the following test data [name]. @04-11-2021 01:55:19.0892 AM
[ReportManager] API Action [GetResponseJSONValue] successfully performed. With the following test data [name]. @04-11-2021 01:55:19.0903 AM
[ReportManager] API Action [GetResponseJSONValue] successfully performed. With the following test data [name]. @04-11-2021 01:55:19.0914 AM
[ReportManager] API Action [GetResponseJSONValue] successfully performed. With the following test data [name]. @04-11-2021 01:55:19.0924 AM
[ReportManager] API Action [GetResponseJSONValue] successfully performed. With the following test data [name]. @04-11-2021 01:55:19.0934 AM
[ReportManager] API Action [GetResponseJSONValue] successfully performed. With the following test data [name]. @04-11-2021 01:55:19.0945 A
[ReportManager] File Action [GetAbsolutePath] successfully performed. With the following test data [Relative Folder Path: "target/downloadedFiles/"]. @04-11-2021 01:55:20.0075 AM
[ReportManager] Attempting to run locally on: [Mac-64], [Safari], Headless Execution. @04-11-2021 01:55:20.0075 AM
[ReportManager] Successfully Opened Safari. @04-11-2021 01:55:20.0888 AM
[ReportManager] Initial window size: (800, 600) @04-11-2021 01:55:20.0936 AM
[ReportManager] Window size after SWD Maximize: (1176, 811) @04-11-2021 01:55:20.0960 AM
[ReportManager] Browser Action [MaximizeWindow] successfully performed. With the following test data [New screen size is now: (1176, 811)]. @04-11-2021 01:55:20.0960 A

################################################################################################################################################
Starting Execution:	[69 out of 145] test cases in the current suite
Test Method:		[testPackage01.Test_uploadFile.uploadFile_invisibleUploadInput]
################################################################################################################################################
[ReportManager] Target URL: [https://fineuploader.com/demos.html#gallery-view] @04-11-2021 01:55:21.0102 AM
[ReportManager] Initial URL: [] @04-11-2021 01:55:21.0133 AM
[ReportManager] Browser Action [NavigateToURL] successfully performed. With the following test data [https://fineuploader.com/demos.html#gallery-view]. @04-11-2021 01:55:22.0793 AM
[ReportManager] File Action [GetAbsolutePath] successfully performed. With the following test data [Relative File Path: "src/main/resources/images/shaft.png"]. @04-11-2021 01:55:22.0794 AM
[ReportManager] Successfully created attachment [File Action Actual Result - Command Log] @04-11-2021 01:55:22.0835 AM
[ReportManager] Element Action [TypeFileLocationForUpload] successfully performed. With the following test data [/Users/runner/work/SHAFT_ENGINE/SHAFT_ENGINE/src/main/resources/images/shaft.png]. @04-11-2021 01:55:22.0876 AM
[ReportManager] Attempting to getAttribute [src] from elementLocator [By.xpath: //div[@id='fine-uploader-gallery']//div[@class='qq-thumbnail-wrapper']/img]. @04-11-2021 01:55:22.0876 AM
[ReportManager] Element Action [GetAttribute] successfully performed. @04-11-2021 01:55:22.0987 AM
[ReportManager] Successfully created attachment [Element Action Test Data - GetAttribute - Actual Value] @04-11-2021 01:55:23.0028 AM
[ReportManager] Loaded Shared OpenCV @04-11-2021 01:55:23.0094 AM
[ReportManager] Assertion [ValidateElementAttribute] PASSED. Expected and Actual values are attached. Comparison Type [CONTAINS]. Validation Type [POSITIVE]. @04-11-2021 01:55:23.0388 AM
[ReportManager] Successfully created attachment [Validation Test Data - Expected Value] @04-11-2021 01:55:23.0471 AM
[ReportManager] Successfully created attachment [Validation Test Data - Actual Value] @04-11-2021 01:55:23.0513 AM
[ReportManager] Successfully created attachment [Screenshot - 1635990923094_uploadFile_invisibleUploadInput_ValidateElementAttribute_passed] @04-11-2021 01:55:23.0596 A
[ReportManager] Browser Action [CloseCurrentWindow] successfully performed. @04-11-2021 01:55:24.0084 AM
[ReportManager] Successfully created attachment [Browser Action Test Data - CloseCurrentWindow - Actual Value] @04-11-2021 01:55:24.0127 A
[ReportManager] File Action [GetAbsolutePath] successfully performed. With the following test data [Relative Folder Path: "target/downloadedFiles/"]. @04-11-2021 01:55:24.0172 AM
[ReportManager] Attempting to run locally on: [Mac-64], [Safari], Headless Execution. @04-11-2021 01:55:24.0172 AM
[ReportManager] Successfully Opened Safari. @04-11-2021 01:55:25.0007 AM
[ReportManager] Initial window size: (800, 600) @04-11-2021 01:55:25.0043 AM
[ReportManager] Window size after SWD Maximize: (1176, 811) @04-11-2021 01:55:25.0069 AM
[ReportManager] Browser Action [MaximizeWindow] successfully performed. With the following test data [New screen size is now: (1176, 811)]. @04-11-2021 01:55:25.0070 A

################################################################################################################################################
Starting Execution:	[70 out of 145] test cases in the current suite
Test Method:		[testPackage01.Test_uploadFile.uploadFile_visibleUploadInput]
################################################################################################################################################
[ReportManager] Target URL: [http://demo.guru99.com/test/upload/] @04-11-2021 01:55:25.0198 AM
[ReportManager] Initial URL: [] @04-11-2021 01:55:25.0234 AM
[ReportManager] Browser Action [NavigateToURL] successfully performed. With the following test data [http://demo.guru99.com/test/upload/]. @04-11-2021 01:55:26.0505 AM
[ReportManager] File Action [GetAbsolutePath] successfully performed. With the following test data [Relative File Path: "src/main/resources/images/shaft.png"]. @04-11-2021 01:55:26.0506 AM
[ReportManager] Successfully created attachment [File Action Actual Result - Command Log] @04-11-2021 01:55:26.0547 AM
[ReportManager] Element Action [TypeFileLocationForUpload] successfully performed. With the following test data [/Users/runner/work/SHAFT_ENGINE/SHAFT_ENGINE/src/main/resources/images/shaft.png]. @04-11-2021 01:55:26.0591 AM
[ReportManager] Element Action [Click] successfully performed. With the following test data [on]. @04-11-2021 01:55:26.0896 AM
[ReportManager] Element Action [Click] successfully performed. With the following test data [ Submit File]. @04-11-2021 01:55:27.0205 AM
[ReportManager] Element Action [GetText] successfully performed. With the following test data [1 file has been successfully uploaded.]. @04-11-2021 01:55:27.0897 AM
[ReportManager] Loaded Shared OpenCV @04-11-2021 01:55:27.0974 AM
[ReportManager] Assertion [ValidateElementAttribute] PASSED. Expected [Value Should be '1 file' for the 'Text' attribute, element locator 'By.id: res'] and Actual [1 file has been successfully uploaded.]. Comparison Type [CONTAINS]. Validation Type [POSITIVE]. @04-11-2021 01:55:28.0287 AM
[ReportManager] Successfully created attachment [Screenshot - 1635990927974_uploadFile_visibleUploadInput_ValidateElementAttribute_passed] @04-11-2021 01:55:28.0371 A
[ReportManager] Browser Action [CloseCurrentWindow] successfully performed. @04-11-2021 01:55:28.0793 AM
[ReportManager] Successfully created attachment [Browser Action Test Data - CloseCurrentWindow - Actual Value] @04-11-2021 01:55:28.0834 A

################################################################################################################################################
Starting Execution:	[71 out of 145] test cases in the current suite
Test Method:		[testPackage01.Test_AssertApiResponseEquals.assertApiResponseEquals_expectedToPass]
################################################################################################################################################
[ReportManager] Response status code: [200], status line: [HTTP/1.1 200 OK] @04-11-2021 01:55:29.0028 AM
[ReportManager] Assertion Passed: Evaluating the actual response status code against the expected one... @04-11-2021 01:55:29.0028 AM
[ReportManager] Assertion [ValidateComparativeRelation] PASSED. Expected [200] and Actual [200]. Comparison Type [EQUALS]. Validation Type [POSITIVE]. @04-11-2021 01:55:29.0028 AM
[ReportManager] API Action [PerformRequest] successfully performed. With the following test data [Request Type: "GET" | Target Status Code: "200" | Service URL: "https://jsonplaceholder.typicode.com/users" | Content Type: "*/*" | Response Time: "61ms"]. @04-11-2021 01:55:29.0088 AM
[ReportManager] Successfully created attachment [API Request - Specifications] @04-11-2021 01:55:29.0130 AM
[ReportManager] Successfully created attachment [API Response - JSON Body] @04-11-2021 01:55:29.0171 AM
[ReportManager] API Action [GetResponseJSONValueAsList] successfully performed. With the following test data [$]. @04-11-2021 01:55:29.0181 AM
[ReportManager] API Action [GetResponseJSONValue] successfully performed. With the following test data [name]. @04-11-2021 01:55:29.0194 AM
[ReportManager] API Action [GetResponseJSONValue] successfully performed. With the following test data [email]. @04-11-2021 01:55:29.0209 AM
[ReportManager] Verification [ValidateEquals] PASSED. Expected [Sincere@april.biz] and Actual [Sincere@april.biz]. Comparison Type [EQUALS]. Validation Type [POSITIVE]. @04-11-2021 01:55:29.0209 AM
[ReportManager] API Action [GetResponseJSONValue] successfully performed. With the following test data [username]. @04-11-2021 01:55:29.0222 AM
[ReportManager] Assertion [ValidateEquals] PASSED. Expected [Bret] and Actual [Bret]. Comparison Type [EQUALS]. Validation Type [POSITIVE]. @04-11-2021 01:55:29.0222 AM
[ReportManager] API Action [GetResponseJSONValue] successfully performed. With the following test data [name]. @04-11-2021 01:55:29.0238 AM
[ReportManager] API Action [GetResponseJSONValue] successfully performed. With the following test data [name]. @04-11-2021 01:55:29.0253 AM
[ReportManager] API Action [GetResponseJSONValue] successfully performed. With the following test data [name]. @04-11-2021 01:55:29.0270 AM
[ReportManager] API Action [GetResponseJSONValue] successfully performed. With the following test data [name]. @04-11-2021 01:55:29.0287 AM
[ReportManager] API Action [GetResponseJSONValue] successfully performed. With the following test data [name]. @04-11-2021 01:55:29.0302 AM
[ReportManager] API Action [GetResponseJSONValue] successfully performed. With the following test data [name]. @04-11-2021 01:55:29.0319 AM
[ReportManager] API Action [GetResponseJSONValue] successfully performed. With the following test data [name]. @04-11-2021 01:55:29.0336 AM
[ReportManager] API Action [GetResponseJSONValue] successfully performed. With the following test data [name]. @04-11-2021 01:55:29.0350 AM
[ReportManager] API Action [GetResponseJSONValue] successfully performed. With the following test data [name]. @04-11-2021 01:55:29.0369 A

################################################################################################################################################
Starting Execution:	[72 out of 145] test cases in the current suite
Test Method:		[testPackage01.Test_testData.f]
################################################################################################################################################
[ReportManager] Successfully loaded the following test data file [src/test/resources/TestDataFiles/testSuite01/TestData.xlsx]. @04-11-2021 01:55:29.0568 AM
[ReportManager] Successfully created attachment [Test Data - Excel] @04-11-2021 01:55:29.0610 AM
[ReportManager] Last Column Number is: [3]. Zero-based. @04-11-2021 01:55:29.0612 A

################################################################################################################################################
Starting Execution:	[73 out of 145] test cases in the current suite
Test Method:		[testPackage01.Test_PDF.testPDF1]
################################################################################################################################################
[ReportManager] File Action [DoesFileExist] successfully performed. With the following test data [File Path: "src/test/resources/TestDataFiles/sample.pdf"]. @04-11-2021 01:55:29.0743 AM
[ReportManager] File Action [GetAbsolutePath] successfully performed. With the following test data [Relative Folder Path: "src/test/resources/TestDataFiles/sample.pdf"]. @04-11-2021 01:55:29.0747 AM
[ReportManager] Assertion Passed: Checking to see that the pdf file contains [A Simple PDF File] @04-11-2021 01:57:12.0088 AM
[ReportManager] Successfully created attachment [Validation Test Data - Expected Value] @04-11-2021 01:57:12.0088 AM
[ReportManager] Successfully created attachment [Validation Test Data - Actual Value] @04-11-2021 01:57:12.0089 AM
[ReportManager] Assertion [ValidateEquals] PASSED. Expected and Actual values are attached. Comparison Type [CONTAINS]. Validation Type [POSITIVE]. @04-11-2021 01:57:12.0089 A

################################################################################################################################################
Starting Execution:	[74 out of 145] test cases in the current suite
Test Method:		[testPackage01.Test_PDF.testPDF2]
################################################################################################################################################
[ReportManager] File Action [DoesFileExist] successfully performed. With the following test data [File Path: "src/test/resources/TestDataFiles/sample.pdf"]. @04-11-2021 01:57:12.0240 AM
[ReportManager] File Action [GetAbsolutePath] successfully performed. With the following test data [Relative Folder Path: "src/test/resources/TestDataFiles/sample.pdf"]. @04-11-2021 01:57:12.0240 AM
[ReportManager] Assertion Passed: Checking to see that the pdf file contains [A Simple PDF File] @04-11-2021 01:57:12.0263 AM
[ReportManager] Successfully created attachment [Validation Test Data - Expected Value] @04-11-2021 01:57:12.0305 AM
[ReportManager] Successfully created attachment [Validation Test Data - Actual Value] @04-11-2021 01:57:12.0386 AM
[ReportManager] Assertion [ValidateEquals] PASSED. Expected and Actual values are attached. Comparison Type [CONTAINS]. Validation Type [POSITIVE]. @04-11-2021 01:57:12.0386 A
[ReportManager] File Action [GetAbsolutePath] successfully performed. With the following test data [Relative Folder Path: "target/downloadedFiles/"]. @04-11-2021 01:57:12.0511 AM
[ReportManager] Attempting to run locally on: [Mac-64], [Safari], Headless Execution. @04-11-2021 01:57:12.0511 AM
[ReportManager] Successfully Opened Safari. @04-11-2021 01:57:13.0546 AM
[ReportManager] Initial window size: (800, 600) @04-11-2021 01:57:13.0558 AM
[ReportManager] Window size after SWD Maximize: (1176, 811) @04-11-2021 01:57:13.0586 AM
[ReportManager] Browser Action [MaximizeWindow] successfully performed. With the following test data [New screen size is now: (1176, 811)]. @04-11-2021 01:57:13.0586 A

################################################################################################################################################
Starting Execution:	[75 out of 145] test cases in the current suite
Test Method:		[testPackage01.Test_ShadowDOM.shadowdom]
################################################################################################################################################
[ReportManager] Target URL: [https://mdn.github.io/web-components-examples/popup-info-box-web-component/] @04-11-2021 01:57:13.0717 AM
[ReportManager] Initial URL: [] @04-11-2021 01:57:13.0746 AM
[ReportManager] Browser Action [NavigateToURL] successfully performed. With the following test data [https://mdn.github.io/web-components-examples/popup-info-box-web-component/]. @04-11-2021 01:57:14.0209 AM
[ReportManager] Element Action [Type] successfully performed. With the following test data [Typing into SHADOW DOM...]. @04-11-2021 01:57:15.0077 AM
[ReportManager] Element Action [GetText] successfully performed. With the following test data [Typing into SHADOW DOM...]. @04-11-2021 01:57:15.0122 AM
[ReportManager] Loaded Shared OpenCV @04-11-2021 01:57:15.0164 AM
[ReportManager] Assertion [ValidateElementAttribute] PASSED. Expected [Value Should be 'Typing into SHADOW DOM...' for the 'Text' attribute, element locator 'By.id: cvc'] and Actual [Typing into SHADOW DOM...]. Comparison Type [EQUALS]. Validation Type [POSITIVE]. @04-11-2021 01:57:15.0356 AM
[ReportManager] Successfully created attachment [Screenshot - 1635991035164_shadowdom_ValidateElementAttribute_passed] @04-11-2021 01:57:15.0357 A
[ReportManager] Browser Action [CloseCurrentWindow] successfully performed. @04-11-2021 01:57:15.0764 AM
[ReportManager] Successfully created attachment [Browser Action Test Data - CloseCurrentWindow - Actual Value] @04-11-2021 01:57:15.0765 A
[ReportManager] File Action [GetAbsolutePath] successfully performed. With the following test data [Relative Folder Path: "target/downloadedFiles/"]. @04-11-2021 01:57:15.0766 AM
[ReportManager] Attempting to run locally on: [Mac-64], [Safari], Headless Execution. @04-11-2021 01:57:15.0766 AM
[ReportManager] Successfully Opened Safari. @04-11-2021 01:57:16.0590 AM
[ReportManager] Initial window size: (800, 600) @04-11-2021 01:57:16.0613 AM
[ReportManager] Window size after SWD Maximize: (1176, 811) @04-11-2021 01:57:16.0632 AM
[ReportManager] Browser Action [MaximizeWindow] successfully performed. With the following test data [New screen size is now: (1176, 811)]. @04-11-2021 01:57:16.0633 A

################################################################################################################################################
Starting Execution:	[76 out of 145] test cases in the current suite
Test Method:		[testPackage01.Test_clipboardActions.typeTextAndCopyPaste]
################################################################################################################################################
[ReportManager] Target URL: [https://www.google.com/ncr], and after redirection: [https://www.google.com] @04-11-2021 01:57:16.0655 AM
[ReportManager] Initial URL: [] @04-11-2021 01:57:16.0715 AM
[ReportManager] Browser Action [NavigateToURL] successfully performed. With the following test data [https://www.google.com/ncr]. @04-11-2021 01:57:18.0058 AM
[ReportManager] Element Action [Type] successfully performed. With the following test data [FIRST]. @04-11-2021 01:57:18.0344 A
[ReportManager] Browser Action [CloseCurrentWindow] successfully performed. @04-11-2021 01:57:18.0665 AM
[ReportManager] Successfully created attachment [Browser Action Test Data - CloseCurrentWindow - Actual Value] @04-11-2021 01:57:18.0666 A

################################################################################################################################################
Starting Execution:	[77 out of 145] test cases in the current suite
Test Method:		[testPackage01.Test_NewValidationHelper.f1]
################################################################################################################################################
[ReportManager] Assertion Passed: Checking valid user data @04-11-2021 01:57:18.0669 AM
[ReportManager] Successfully created attachment [Validation Test Data - Expected Value] @04-11-2021 01:57:18.0670 AM
[ReportManager] Successfully created attachment [Validation Test Data - Actual Value] @04-11-2021 01:57:18.0670 AM
[ReportManager] Assertion [ValidateEquals] PASSED. Expected and Actual values are attached. Comparison Type [EQUALS]. Validation Type [POSITIVE]. @04-11-2021 01:57:18.0670 A
[ReportManager] File Action [GetAbsolutePath] successfully performed. With the following test data [Relative Folder Path: "target/downloadedFiles/"]. @04-11-2021 01:57:18.0673 AM
[ReportManager] Attempting to run locally on: [Mac-64], [Safari], Headless Execution. @04-11-2021 01:57:18.0673 AM
[ReportManager] Successfully Opened Safari. @04-11-2021 01:57:19.0537 AM
[ReportManager] Initial window size: (800, 600) @04-11-2021 01:57:19.0562 AM
[ReportManager] Window size after SWD Maximize: (1176, 811) @04-11-2021 01:57:19.0573 AM
[ReportManager] Browser Action [MaximizeWindow] successfully performed. With the following test data [New screen size is now: (1176, 811)]. @04-11-2021 01:57:19.0574 AM
[ReportManager] Target URL: [https://the-internet.herokuapp.com/] @04-11-2021 01:57:19.0574 AM
[ReportManager] Initial URL: [] @04-11-2021 01:57:19.0649 AM
[ReportManager] Browser Action [NavigateToURL] successfully performed. With the following test data [https://the-internet.herokuapp.com/]. @04-11-2021 01:57:20.0814 A

################################################################################################################################################
Starting Execution:	[78 out of 145] test cases in the current suite
Test Method:		[testPackage01.Test_NewValidationHelper.f10]
################################################################################################################################################
[ReportManager] Assertion [ValidateElementExists] FAILED. Expected [Element Should Exist, locator 'By.tagName: div'] and Actual [Element Exists but is not unique]. Comparison Type [EQUALS]. Validation Type [POSITIVE]. @04-11-2021 01:57:21.0168 AM
[ReportManager] Successfully created attachment [Screenshot - 1635991040922_f10_ValidateElementExists_failed] @04-11-2021 01:57:21.0169 A



################################################################################################################################################
Starting Execution:	[79 out of 145] test cases in the current suite
Test Method:		[testPackage01.Test_NewValidationHelper.f11]
###############################################################################################################################################



################################################################################################################################################
Starting Execution:	[80 out of 145] test cases in the current suite
Test Method:		[testPackage01.Test_NewValidationHelper.f12]
###############################################################################################################################################



################################################################################################################################################
Starting Execution:	[81 out of 145] test cases in the current suite
Test Method:		[testPackage01.Test_NewValidationHelper.f13]
###############################################################################################################################################



################################################################################################################################################
Starting Execution:	[82 out of 145] test cases in the current suite
Test Method:		[testPackage01.Test_NewValidationHelper.f14]
###############################################################################################################################################



################################################################################################################################################
Starting Execution:	[83 out of 145] test cases in the current suite
Test Method:		[testPackage01.Test_NewValidationHelper.f15]
###############################################################################################################################################



################################################################################################################################################
Starting Execution:	[84 out of 145] test cases in the current suite
Test Method:		[testPackage01.Test_NewValidationHelper.f16]
###############################################################################################################################################



################################################################################################################################################
Starting Execution:	[85 out of 145] test cases in the current suite
Test Method:		[testPackage01.Test_NewValidationHelper.f17]
###############################################################################################################################################



################################################################################################################################################
Starting Execution:	[86 out of 145] test cases in the current suite
Test Method:		[testPackage01.Test_NewValidationHelper.f18]
###############################################################################################################################################


################################################################################################################################################
Starting Execution:	[87 out of 145] test cases in the current suite
Test Method:		[testPackage01.Test_NewValidationHelper.f2]
###############################################################################################################################################


################################################################################################################################################
Starting Execution:	[88 out of 145] test cases in the current suite
Test Method:		[testPackage01.Test_NewValidationHelper.f20]
###############################################################################################################################################



################################################################################################################################################
Starting Execution:	[89 out of 145] test cases in the current suite
Test Method:		[testPackage01.Test_NewValidationHelper.f21]
###############################################################################################################################################



################################################################################################################################################
Starting Execution:	[90 out of 145] test cases in the current suite
Test Method:		[testPackage01.Test_NewValidationHelper.f22]
###############################################################################################################################################


################################################################################################################################################
Starting Execution:	[91 out of 145] test cases in the current suite
Test Method:		[testPackage01.Test_NewValidationHelper.f23]
###############################################################################################################################################

################################################################################################################################################
Starting Execution:	[92 out of 145] test cases in the current suite
Test Method:		[testPackage01.Test_NewValidationHelper.f24]
###############################################################################################################################################

################################################################################################################################################
Starting Execution:	[93 out of 145] test cases in the current suite
Test Method:		[testPackage01.Test_NewValidationHelper.f25]
###############################################################################################################################################

################################################################################################################################################
Starting Execution:	[94 out of 145] test cases in the current suite
Test Method:		[testPackage01.Test_NewValidationHelper.f26]
###############################################################################################################################################

################################################################################################################################################
Starting Execution:	[95 out of 145] test cases in the current suite
Test Method:		[testPackage01.Test_NewValidationHelper.f27]
###############################################################################################################################################

################################################################################################################################################
Starting Execution:	[96 out of 145] test cases in the current suite
Test Method:		[testPackage01.Test_NewValidationHelper.f28]
###############################################################################################################################################

################################################################################################################################################
Starting Execution:	[97 out of 145] test cases in the current suite
Test Method:		[testPackage01.Test_NewValidationHelper.f29]
###############################################################################################################################################

################################################################################################################################################
Starting Execution:	[98 out of 145] test cases in the current suite
Test Method:		[testPackage01.Test_NewValidationHelper.f3]
###############################################################################################################################################

################################################################################################################################################
Starting Execution:	[99 out of 145] test cases in the current suite
Test Method:		[testPackage01.Test_NewValidationHelper.f30]
###############################################################################################################################################

################################################################################################################################################
Starting Execution:	[100 out of 145] test cases in the current suite
Test Method:		[testPackage01.Test_NewValidationHelper.f31]
###############################################################################################################################################

################################################################################################################################################
Starting Execution:	[101 out of 145] test cases in the current suite
Test Method:		[testPackage01.Test_NewValidationHelper.f32]
###############################################################################################################################################

################################################################################################################################################
Starting Execution:	[102 out of 145] test cases in the current suite
Test Method:		[testPackage01.Test_NewValidationHelper.f33]
###############################################################################################################################################

################################################################################################################################################
Starting Execution:	[103 out of 145] test cases in the current suite
Test Method:		[testPackage01.Test_NewValidationHelper.f34]
###############################################################################################################################################

################################################################################################################################################
Starting Execution:	[104 out of 145] test cases in the current suite
Test Method:		[testPackage01.Test_NewValidationHelper.f35]
###############################################################################################################################################

################################################################################################################################################
Starting Execution:	[105 out of 145] test cases in the current suite
Test Method:		[testPackage01.Test_NewValidationHelper.f36]
###############################################################################################################################################

################################################################################################################################################
Starting Execution:	[106 out of 145] test cases in the current suite
Test Method:		[testPackage01.Test_NewValidationHelper.f37]
###############################################################################################################################################

################################################################################################################################################
Starting Execution:	[107 out of 145] test cases in the current suite
Test Method:		[testPackage01.Test_NewValidationHelper.f3_1]
###############################################################################################################################################

################################################################################################################################################
Starting Execution:	[108 out of 145] test cases in the current suite
Test Method:		[testPackage01.Test_NewValidationHelper.f4]
###############################################################################################################################################

################################################################################################################################################
Starting Execution:	[109 out of 145] test cases in the current suite
Test Method:		[testPackage01.Test_NewValidationHelper.f5]
###############################################################################################################################################

################################################################################################################################################
Starting Execution:	[110 out of 145] test cases in the current suite
Test Method:		[testPackage01.Test_NewValidationHelper.f6]
###############################################################################################################################################

################################################################################################################################################
Starting Execution:	[111 out of 145] test cases in the current suite
Test Method:		[testPackage01.Test_NewValidationHelper.f6_1]
###############################################################################################################################################

################################################################################################################################################
Starting Execution:	[112 out of 145] test cases in the current suite
Test Method:		[testPackage01.Test_NewValidationHelper.f6_2]
###############################################################################################################################################

################################################################################################################################################
Starting Execution:	[113 out of 145] test cases in the current suite
Test Method:		[testPackage01.Test_NewValidationHelper.f7]
###############################################################################################################################################


################################################################################################################################################
Starting Execution:	[114 out of 145] test cases in the current suite
Test Method:		[testPackage01.Test_NewValidationHelper.f8]
###############################################################################################################################################



################################################################################################################################################
Starting Execution:	[115 out of 145] test cases in the current suite
Test Method:		[testPackage01.Test_NewValidationHelper.f9]
###############################################################################################################################################


################################################################################################################################################
Starting Execution:	[116 out of 145] test cases in the current suite
Test Method:		[testPackage01.Test_NewValidationHelper.forceFail]
###############################################################################################################################################

################################################################################################################################################
Starting Execution:	[117 out of 145] test cases in the current suite
Test Method:		[testPackage01.Test_NewValidationHelper.forceFail2]
###############################################################################################################################################

################################################################################################################################################
Starting Execution:	[118 out of 145] test cases in the current suite
Test Method:		[testPackage01.Test_JsonActions.f]
###############################################################################################################################################

################################################################################################################################################
Starting Execution:	[119 out of 145] test cases in the current suite
Test Method:		[testPackage01.Test_JsonActions.f2]
###############################################################################################################################################

################################################################################################################################################
Starting Execution:	[120 out of 145] test cases in the current suite
Test Method:		[testPackage01.Test_sendGraphqlRequest.sendGraphqlRequestUsingMutationAndVariables]
################################################################################################################################################
[ReportManager] GraphQl Request is being Performed with the Following Parameters [Service URL: https://api.spacex.land/graphql | Request Body: {"variables":"{\"name\": \"sherlock holmes\",\"rocket\": \"221B Baker Street\"}","query":"mutation ($name: String, $rocket: String) {\n  insert_users(objects: {name: $name, rocket: $rocket}) {\n    returning {\n      name\n      rocket\n    }\n  }\n}"}] @04-11-2021 01:57:24.0453 AM
[ReportManager] Response status code: [200], status line: [HTTP/1.1 200 OK] @04-11-2021 01:57:24.0995 AM
[ReportManager] Assertion Passed: Evaluating the actual response status code against the expected one... @04-11-2021 01:57:24.0995 AM
[ReportManager] Assertion [ValidateComparativeRelation] PASSED. Expected [200] and Actual [200]. Comparison Type [EQUALS]. Validation Type [POSITIVE]. @04-11-2021 01:57:24.0995 AM
[ReportManager] API Action [PerformRequest] successfully performed. With the following test data [Request Type: "POST" | Target Status Code: "200" | Service URL: "https://api.spacex.land/graphql" | Content Type: "application/json" | Response Time: "455ms"]. @04-11-2021 01:57:25.0024 AM
[ReportManager] Successfully created attachment [API Request - Specifications] @04-11-2021 01:57:25.0067 AM
[ReportManager] Successfully created attachment [API Request - JSON Body] @04-11-2021 01:57:25.0149 AM
[ReportManager] Successfully created attachment [API Response - JSON Body] @04-11-2021 01:57:25.0191 AM
[ReportManager] API Action [GetResponseJSONValue] successfully performed. With the following test data [data.insert_users.returning[0].name]. @04-11-2021 01:57:25.0241 AM
[ReportManager] Assertion [ValidateEquals] PASSED. Expected [sherlock holmes] and Actual [sherlock holmes]. Comparison Type [EQUALS]. Validation Type [POSITIVE]. @04-11-2021 01:57:25.0242 A

################################################################################################################################################
Starting Execution:	[121 out of 145] test cases in the current suite
Test Method:		[testPackage01.Test_sendGraphqlRequest.sendGraphqlRequestUsingQuery]
################################################################################################################################################
[ReportManager] GraphQl Request is being Performed with the Following Parameters [Service URL: https://api.spacex.land/graphql | Request Body: {"query":"{company {ceo}}"}] @04-11-2021 01:57:25.0366 AM
[ReportManager] Response status code: [200], status line: [HTTP/1.1 200 OK] @04-11-2021 01:57:25.0635 AM
[ReportManager] Assertion Passed: Evaluating the actual response status code against the expected one... @04-11-2021 01:57:25.0635 AM
[ReportManager] Assertion [ValidateComparativeRelation] PASSED. Expected [200] and Actual [200]. Comparison Type [EQUALS]. Validation Type [POSITIVE]. @04-11-2021 01:57:25.0635 AM
[ReportManager] API Action [PerformRequest] successfully performed. With the following test data [Request Type: "POST" | Target Status Code: "200" | Service URL: "https://api.spacex.land/graphql" | Content Type: "application/json" | Response Time: "264ms"]. @04-11-2021 01:57:25.0646 AM
[ReportManager] Successfully created attachment [API Request - Specifications] @04-11-2021 01:57:25.0688 AM
[ReportManager] Successfully created attachment [API Request - JSON Body] @04-11-2021 01:57:25.0770 AM
[ReportManager] Successfully created attachment [API Response - JSON Body] @04-11-2021 01:57:25.0811 AM
[ReportManager] API Action [GetResponseJSONValue] successfully performed. With the following test data [data.company.ceo]. @04-11-2021 01:57:25.0822 AM
[ReportManager] Assertion [ValidateEquals] PASSED. Expected [Elon Musk] and Actual [Elon Musk]. Comparison Type [EQUALS]. Validation Type [POSITIVE]. @04-11-2021 01:57:25.0822 A

################################################################################################################################################
Starting Execution:	[122 out of 145] test cases in the current suite
Test Method:		[testPackage01.Test_MatchJsonSchema.checkAPI_ResponseSchema]
################################################################################################################################################
[ReportManager] Response status code: [200], status line: [HTTP/1.1 200 OK] @04-11-2021 01:57:26.0076 AM
[ReportManager] Assertion Passed: Evaluating the actual response status code against the expected one... @04-11-2021 01:57:26.0076 AM
[ReportManager] Assertion [ValidateComparativeRelation] PASSED. Expected [200] and Actual [200]. Comparison Type [EQUALS]. Validation Type [POSITIVE]. @04-11-2021 01:57:26.0076 AM
[ReportManager] API Action [PerformRequest] successfully performed. With the following test data [Request Type: "GET" | Target Status Code: "200" | Service URL: "http://api.zippopotam.us/us/90210" | Content Type: "*/*" | Response Time: "123ms"]. @04-11-2021 01:57:26.0090 AM
[ReportManager] Successfully created attachment [API Request - Specifications] @04-11-2021 01:57:26.0131 AM
[ReportManager] Successfully created attachment [API Response - JSON Body] @04-11-2021 01:57:26.0215 AM
[ReportManager] File Action [GetAbsolutePath] successfully performed. With the following test data [Relative Folder Path: "src/test/resources/testDataFiles/schema.json"]. @04-11-2021 01:57:26.0216 AM
[ReportManager] File Action [GetAbsolutePath] successfully performed. With the following test data [Relative Folder Path: "/Users/runner/work/SHAFT_ENGINE/SHAFT_ENGINE/src/test/resources/testDataFiles/schema.json"]. @04-11-2021 01:57:26.0906 AM
[ReportManager] File Action [ReadFromFile] successfully performed. With the following test data [File Path: "/Users/runner/work/SHAFT_ENGINE/SHAFT_ENGINE/src/test/resources/testDataFiles/schema.json"]. @04-11-2021 01:57:26.0907 AM
[ReportManager] Assertion Passed: Then I Assert that the API response schema matches that in this file [src/test/resources/testDataFiles/schema.json]. @04-11-2021 01:57:26.0908 AM
[ReportManager] Successfully created attachment [Validation Test Data - Expected JSON Value] @04-11-2021 01:57:26.0949 AM
[ReportManager] Successfully created attachment [Validation Test Data - Actual JSON Value] @04-11-2021 01:57:27.0033 AM
[ReportManager] Assertion [ValidateResponseFileSchema] PASSED. Expected [Response data should match the JSON File in this path '/Users/runner/work/SHAFT_ENGINE/SHAFT_ENGINE/src/test/resources/testDataFiles/schema.json'] and Actual [TRUE]. Comparison Type [EQUALS]. Validation Type [POSITIVE]. @04-11-2021 01:57:27.0033 A
[ReportManager] File Action [GetAbsolutePath] successfully performed. With the following test data [Relative Folder Path: "target/downloadedFiles/"]. @04-11-2021 01:57:27.0158 AM
[ReportManager] Attempting to run locally on: [Mac-64], [Safari], Headless Execution. @04-11-2021 01:57:27.0159 AM
[ReportManager] Successfully Opened Safari. @04-11-2021 01:57:27.0972 AM
[ReportManager] Initial window size: (800, 600) @04-11-2021 01:57:28.0001 AM
[ReportManager] Window size after SWD Maximize: (1176, 811) @04-11-2021 01:57:28.0027 AM
[ReportManager] Browser Action [MaximizeWindow] successfully performed. With the following test data [New screen size is now: (1176, 811)]. @04-11-2021 01:57:28.0028 A

################################################################################################################################################
Starting Execution:	[123 out of 145] test cases in the current suite
Test Method:		[testPackage01.Test_dragAndDrop.dragAndDropJquery]
################################################################################################################################################
[ReportManager] Target URL: [https://jqueryui.com/resources/demos/droppable/default.html] @04-11-2021 01:57:28.0154 AM
[ReportManager] Initial URL: [] @04-11-2021 01:57:28.0189 AM
[ReportManager] Browser Action [NavigateToURL] successfully performed. With the following test data [https://jqueryui.com/resources/demos/droppable/default.html]. @04-11-2021 01:57:28.0724 AM
[ReportManager] Element Action [GetText] successfully performed. With the following test data [
	Drop here
]. @04-11-2021 01:57:28.0773 AM
[ReportManager] Element Action [DragAndDrop] successfully performed. With the following test data [Start point: (8, 18), End point: (8, 18)]. @04-11-2021 01:57:29.0854 AM
[ReportManager] Element Action [GetText] successfully performed. With the following test data [
	Dropped!
]. @04-11-2021 01:57:29.0896 AM
[ReportManager] Assertion Passed: Checking to see if the text has changed after performing drag and drop @04-11-2021 01:57:29.0897 AM
[ReportManager] Assertion [ValidateEquals] PASSED. Expected [
	Drop here
] and Actual [
	Dropped!
]. Comparison Type [EQUALS]. Validation Type [NEGATIVE]. @04-11-2021 01:57:29.0897 A
[ReportManager] Browser Action [CloseCurrentWindow] successfully performed. @04-11-2021 01:57:30.0354 AM
[ReportManager] Successfully created attachment [Browser Action Test Data - CloseCurrentWindow - Actual Value] @04-11-2021 01:57:30.0395 A
[ReportManager] File Action [GetAbsolutePath] successfully performed. With the following test data [Relative Folder Path: "target/downloadedFiles/"]. @04-11-2021 01:57:30.0520 AM
[ReportManager] Attempting to run locally on: [Mac-64], [Safari], Headless Execution. @04-11-2021 01:57:30.0520 AM
[ReportManager] Successfully Opened Safari. @04-11-2021 01:57:31.0474 AM
[ReportManager] Initial window size: (800, 600) @04-11-2021 01:57:31.0503 AM
[ReportManager] Window size after SWD Maximize: (1176, 811) @04-11-2021 01:57:31.0563 AM
[ReportManager] Browser Action [MaximizeWindow] successfully performed. With the following test data [New screen size is now: (1176, 811)]. @04-11-2021 01:57:31.0564 A

################################################################################################################################################
Starting Execution:	[124 out of 145] test cases in the current suite
Test Method:		[testPackage01.Test_dragAndDrop.dragAndDrop]
Test Description:	[TC001 - Test Drag and Drop function.]
################################################################################################################################################
[ReportManager] Target URL: [http://the-internet.herokuapp.com/drag_and_drop] @04-11-2021 01:57:31.0691 AM
[ReportManager] Initial URL: [] @04-11-2021 01:57:31.0730 AM
[ReportManager] Browser Action [NavigateToURL] successfully performed. With the following test data [http://the-internet.herokuapp.com/drag_and_drop]. @04-11-2021 01:57:32.0822 AM
[ReportManager] Attempting Drag and Drop @04-11-2021 01:57:32.0823 AM
[ReportManager] Element Action [DragAndDrop] successfully performed. With the following test data [Start point: (120, 89), End point: (335, 89)]. @04-11-2021 01:57:33.0444 A
[ReportManager] Browser Action [CloseCurrentWindow] successfully performed. @04-11-2021 01:57:33.0825 AM
[ReportManager] Successfully created attachment [Browser Action Test Data - CloseCurrentWindow - Actual Value] @04-11-2021 01:57:33.0985 A
[ReportManager] File Action [GetAbsolutePath] successfully performed. With the following test data [Relative Folder Path: "target/downloadedFiles/"]. @04-11-2021 01:57:34.0109 AM
[ReportManager] Attempting to run locally on: [Mac-64], [Safari], Headless Execution. @04-11-2021 01:57:34.0110 AM
[ReportManager] Successfully Opened Safari. @04-11-2021 01:57:34.0894 AM
[ReportManager] Initial window size: (800, 600) @04-11-2021 01:57:34.0900 AM
[ReportManager] Window size after SWD Maximize: (1176, 811) @04-11-2021 01:57:34.0922 AM
[ReportManager] Browser Action [MaximizeWindow] successfully performed. With the following test data [New screen size is now: (1176, 811)]. @04-11-2021 01:57:34.0923 A

################################################################################################################################################
Starting Execution:	[125 out of 145] test cases in the current suite
Test Method:		[testPackage01.Test_dragAndDrop.dragAndDropByOffset]
Test Description:	[TC002 - Test Drag and Drop by offset function.]
################################################################################################################################################
[ReportManager] Target URL: [https://jqueryui.com/resources/demos/draggable/default.html] @04-11-2021 01:57:35.0048 AM
[ReportManager] Initial URL: [] @04-11-2021 01:57:35.0079 AM
[ReportManager] Browser Action [NavigateToURL] successfully performed. With the following test data [https://jqueryui.com/resources/demos/draggable/default.html]. @04-11-2021 01:57:35.0528 AM
[ReportManager] Element Action [DragAndDropByOffset] successfully performed. With the following test data [Start point: (8, 8), End point: (108, 58)]. @04-11-2021 01:57:36.0287 A
[ReportManager] Browser Action [CloseCurrentWindow] successfully performed. @04-11-2021 01:57:36.0534 AM
[ReportManager] Successfully created attachment [Browser Action Test Data - CloseCurrentWindow - Actual Value] @04-11-2021 01:57:36.0576 A
[ReportManager] Successfully loaded the following test data file [src/test/resources/TestDataFiles/testSuite01/TestData.xlsx]. @04-11-2021 01:57:36.0749 AM
[ReportManager] Successfully created attachment [Test Data - Excel] @04-11-2021 01:57:36.0790 AM
[ReportManager] File Action [GetAbsolutePath] successfully performed. With the following test data [Relative Folder Path: "target/downloadedFiles/"]. @04-11-2021 01:57:36.0790 AM
[ReportManager] Attempting to run locally on: [Mac-64], [Safari], Headless Execution. @04-11-2021 01:57:36.0790 AM
[ReportManager] Successfully Opened Safari. @04-11-2021 01:57:37.0610 AM
[ReportManager] Initial window size: (800, 600) @04-11-2021 01:57:37.0618 AM
[ReportManager] Window size after SWD Maximize: (1176, 811) @04-11-2021 01:57:37.0638 AM
[ReportManager] Browser Action [MaximizeWindow] successfully performed. With the following test data [New screen size is now: (1176, 811)]. @04-11-2021 01:57:37.0639 A

################################################################################################################################################
Starting Execution:	[126 out of 145] test cases in the current suite
Test Method:		[testPackage01.Test_google.navigateToURLandVerifyGoogleLogoIsDisplayed]
Test Description:	[TC001 - Navigate to URL and Verify Google Logo is Displayed]
################################################################################################################################################
[ReportManager] Target URL: [https://www.google.com/ncr], and after redirection: [https://www.google.com] @04-11-2021 01:57:37.0702 AM
[ReportManager] Initial URL: [] @04-11-2021 01:57:37.0771 AM
[ReportManager] Browser Action [NavigateToURL] successfully performed. With the following test data [https://www.google.com/ncr]. @04-11-2021 01:57:38.0573 AM
[ReportManager] Loaded Shared OpenCV @04-11-2021 01:57:38.0665 AM
[ReportManager] Assertion Passed: Then I Assert that the element found by [By.xpath: //*[@id='hplogo' or @alt='Google']] exists. @04-11-2021 01:57:38.0794 AM
[ReportManager] Successfully created attachment [Screenshot - 1635991058664_navigateToURLandVerifyGoogleLogoIsDisplayed_ValidateElementExists_passed] @04-11-2021 01:57:38.0798 AM
[ReportManager] Assertion [ValidateElementExists] PASSED. Expected [Element Should Exist, locator 'By.xpath: //*[@id='hplogo' or @alt='Google']'] and Actual [Element Exists]. Comparison Type [EQUALS]. Validation Type [POSITIVE]. @04-11-2021 01:57:38.0798 A

################################################################################################################################################
Starting Execution:	[127 out of 145] test cases in the current suite
Test Method:		[testPackage01.Test_google.searchForQueryandAssertResultsNumDisplayed]
Test Description:	[TC002 - Search for Query and Assert that the number of results is displayed]
################################################################################################################################################
[ReportManager] Element Action [Type] successfully performed. With the following test data [SHAFT_Engine]. @04-11-2021 01:57:39.0427 AM
[ReportManager] Element Action [KeyPress] successfully performed. With the following test data [Enter]. @04-11-2021 01:57:39.0472 A

################################################################################################################################################
Starting Execution:	[128 out of 145] test cases in the current suite
Test Method:		[testPackage01.Test_google.clickNextThrice]
Test Description:	[TC003 - Clicks the next button to make sure that the framework can scroll element into view before clicking it]
###############################################################################################################################################
[ReportManager] Browser Action [CloseCurrentWindow] successfully performed. @04-11-2021 01:57:40.0976 AM
[ReportManager] Successfully created attachment [Browser Action Test Data - CloseCurrentWindow - Actual Value] @04-11-2021 01:57:41.0020 A

################################################################################################################################################
Starting Execution:	[129 out of 145] test cases in the current suite
Test Method:		[testPackage01.Test_chainableElementActions.chainElementActions]
################################################################################################################################################
[ReportManager] File Action [GetAbsolutePath] successfully performed. With the following test data [Relative Folder Path: "target/downloadedFiles/"]. @04-11-2021 01:57:41.0105 AM
[ReportManager] Attempting to run locally on: [Mac-64], [GoogleChrome], Headless Execution. @04-11-2021 01:57:41.0109 AM
[ReportManager] Identifying OS/Driver combination and selecting the correct driver version automatically. Please note that if a new driver executable will be downloaded it may take some time... @04-11-2021 01:57:41.0109 AM
[ReportManager] Successfully Opened Google Chrome. @04-11-2021 01:57:51.0503 AM
[ReportManager] Initial window size: (1920, 1080) @04-11-2021 01:57:51.0511 AM
[ReportManager] Window size after SWD Maximize: (1920, 1080) @04-11-2021 01:57:51.0754 AM
[ReportManager] Window size after Toolkit: (1920, 1080) @04-11-2021 01:57:52.0334 AM
[ReportManager] Browser Action [MaximizeWindow] successfully performed. With the following test data [New screen size is now: (1920, 1080)]. @04-11-2021 01:57:52.0338 AM
[ReportManager] Target URL: [https://www.google.com/ncr], and after redirection: [https://www.google.com] @04-11-2021 01:57:52.0338 AM
[ReportManager] Initial URL: [data:,] @04-11-2021 01:57:52.0386 AM
[ReportManager] Browser Action [NavigateToURL] successfully performed. With the following test data [https://www.google.com/ncr]. @04-11-2021 01:57:56.0695 AM
[ReportManager] Element Action [Type] successfully performed. With the following test data [chained type 1]. @04-11-2021 01:57:59.0301 AM
[ReportManager] Element Action [Type] successfully performed. With the following test data [chained type 2]. @04-11-2021 01:57:59.0549 AM
[ReportManager] Element Action [TypeAppend] successfully performed. With the following test data [345]. @04-11-2021 01:57:59.0614 AM
[ReportManager] Element Action [GetText] successfully performed. With the following test data [chained type 2345]. @04-11-2021 01:57:59.0684 AM
[ReportManager] Loaded Shared OpenCV @04-11-2021 01:57:59.0979 AM
[ReportManager] Assertion [ValidateElementAttribute] PASSED. Expected [Value Should be 'chained type 2345' for the 'text' attribute, element locator 'By.name: q'] and Actual [chained type 2345]. Comparison Type [EQUALS]. Validation Type [POSITIVE]. @04-11-2021 01:58:01.0164 AM
[ReportManager] Successfully created attachment [Screenshot - 1635991079978_chainElementActions_ValidateElementAttribute_passed] @04-11-2021 01:58:01.0408 AM
[ReportManager] Browser Action [CloseCurrentWindow] successfully performed. @04-11-2021 01:58:01.0816 AM
[ReportManager] Successfully created attachment [Browser Action Test Data - CloseCurrentWindow - Actual Value] @04-11-2021 01:58:02.0099 A

################################################################################################################################################
Starting Execution:	[130 out of 145] test cases in the current suite
Test Method:		[testPackage01.Test_JsonCompareWithSpecialCharacters.specialCharacters]
################################################################################################################################################
[ReportManager] File Action [GetAbsolutePath] successfully performed. With the following test data [Relative Folder Path: "src/test/resources/testDataFiles/specialCharacters.json"]. @04-11-2021 01:58:02.0587 AM
[ReportManager] File Action [ReadFromFile] successfully performed. With the following test data [File Path: "/Users/runner/work/SHAFT_ENGINE/SHAFT_ENGINE/src/test/resources/testDataFiles/specialCharacters.json"]. @04-11-2021 01:58:02.0587 AM
[ReportManager] Successfully created attachment [File Action Actual Result - Command Log] @04-11-2021 01:58:02.0824 AM
[ReportManager] Comparing the provided API response with the file at this path "src/test/resources/testDataFiles/specialCharacters.json", comparison type "EQUALS" @04-11-2021 01:58:02.0827 AM
[ReportManager] API Action [CompareJSON] successfully performed. With the following test data [src/test/resources/testDataFiles/specialCharacters.json]. @04-11-2021 01:58:02.0835 AM
[ReportManager] File Action [GetAbsolutePath] successfully performed. With the following test data [Relative Folder Path: "src/test/resources/testDataFiles/specialCharacters.json"]. @04-11-2021 01:58:02.0835 AM
[ReportManager] File Action [ReadFromFile] successfully performed. With the following test data [File Path: "/Users/runner/work/SHAFT_ENGINE/SHAFT_ENGINE/src/test/resources/testDataFiles/specialCharacters.json"]. @04-11-2021 01:58:02.0835 AM
[ReportManager] Verification [ValidateJSONFileContent] PASSED. Expected [Response data should match the JSON File in this path 'src/test/resources/testDataFiles/specialCharacters.json'] and Actual [TRUE]. Comparison Type [EQUALS]. Validation Type [POSITIVE]. @04-11-2021 01:58:02.0841 AM
[ReportManager] Successfully created attachment [Validation Test Data - Expected JSON Value] @04-11-2021 01:58:03.0067 AM
[ReportManager] Successfully created attachment [Validation Test Data - Actual JSON Value] @04-11-2021 01:58:03.0308 A

################################################################################################################################################
Starting Execution:	[131 out of 145] test cases in the current suite
Test Method:		[testPackage01.Test_JsonCompareWithSpecialCharacters.specialCharacters_assertion]
################################################################################################################################################
[ReportManager] File Action [GetAbsolutePath] successfully performed. With the following test data [Relative Folder Path: "src/test/resources/testDataFiles/specialCharacters.json"]. @04-11-2021 01:58:03.0798 AM
[ReportManager] File Action [ReadFromFile] successfully performed. With the following test data [File Path: "/Users/runner/work/SHAFT_ENGINE/SHAFT_ENGINE/src/test/resources/testDataFiles/specialCharacters.json"]. @04-11-2021 01:58:03.0799 AM
[ReportManager] Successfully created attachment [File Action Actual Result - Command Log] @04-11-2021 01:58:04.0037 AM
[ReportManager] Comparing the provided API response with the file at this path "src/test/resources/testDataFiles/specialCharacters.json", comparison type "CONTAINS" @04-11-2021 01:58:04.0037 AM
[ReportManager] API Action [CompareJSON] successfully performed. With the following test data [src/test/resources/testDataFiles/specialCharacters.json]. @04-11-2021 01:58:04.0050 AM
[ReportManager] File Action [GetAbsolutePath] successfully performed. With the following test data [Relative Folder Path: "src/test/resources/testDataFiles/specialCharacters.json"]. @04-11-2021 01:58:04.0050 AM
[ReportManager] File Action [ReadFromFile] successfully performed. With the following test data [File Path: "/Users/runner/work/SHAFT_ENGINE/SHAFT_ENGINE/src/test/resources/testDataFiles/specialCharacters.json"]. @04-11-2021 01:58:04.0050 AM
[ReportManager] Assertion Passed: trying out the log message @04-11-2021 01:58:04.0056 AM
[ReportManager] Successfully created attachment [Validation Test Data - Expected JSON Value] @04-11-2021 01:58:04.0279 AM
[ReportManager] Successfully created attachment [Validation Test Data - Actual JSON Value] @04-11-2021 01:58:04.0521 AM
[ReportManager] Assertion [ValidateJSONFileContent] PASSED. Expected [Response data should match the JSON File in this path 'src/test/resources/testDataFiles/specialCharacters.json'] and Actual [TRUE]. Comparison Type [CONTAINS]. Validation Type [POSITIVE]. @04-11-2021 01:58:04.0521 A

################################################################################################################################################
Starting Execution:	[132 out of 145] test cases in the current suite
Test Method:		[testPackage01.Test_SkipDueToIssue.doNotSkip]
################################################################################################################################################
[ReportManager] This should not be skipped. @04-11-2021 01:58:04.0850 A

################################################################################################################################################
Starting Execution:	[133 out of 145] test cases in the current suite
Test Method:		[testPackage01.Test_SkipDueToIssue.skip]
################################################################################################################################################
[ReportManager] This should be skipped. @04-11-2021 01:58:04.0857 A

################################################################################################################################################
Starting Execution:	[134 out of 145] test cases in the current suite
Test Method:		[testPackage01.Test_SkipDueToIssue.skip2]
################################################################################################################################################
[ReportManager] This should be skipped. @04-11-2021 01:58:04.0992 A

################################################################################################################################################
Starting Execution:	[135 out of 145] test cases in the current suite
Test Method:		[testPackage01.Test_JSONFileManager.readStringFromJson]
################################################################################################################################################
[ReportManager] File Action [GetAbsolutePath] successfully performed. With the following test data [Relative Folder Path: "src/test/resources/testDataFiles/simpleJSON.json"]. @04-11-2021 01:58:04.0997 AM
[ReportManager] Successfully loaded the following test data file [src/test/resources/testDataFiles/simpleJSON.json]. @04-11-2021 01:58:04.0998 AM
[ReportManager] Successfully created attachment [Test Data - JSON] @04-11-2021 01:58:04.0999 AM
[ReportManager] File Action [GetAbsolutePath] successfully performed. With the following test data [Relative Folder Path: "src/test/resources/testDataFiles/simpleJSON.json"]. @04-11-2021 01:58:05.0004 AM
[ReportManager] Assertion [ValidateEquals] PASSED. Expected [Mohab Mohie] and Actual [Mohab Mohie]. Comparison Type [EQUALS]. Validation Type [POSITIVE]. @04-11-2021 01:58:05.0024 A
[ReportManager] File Action [GetAbsolutePath] successfully performed. With the following test data [Relative Folder Path: "target/downloadedFiles/"]. @04-11-2021 01:58:05.0046 AM
[ReportManager] Attempting to run locally on: [Mac-64], [Safari], Headless Execution. @04-11-2021 01:58:05.0047 AM
[ReportManager] Successfully Opened Safari. @04-11-2021 01:58:05.0922 AM
[ReportManager] Initial window size: (800, 600) @04-11-2021 01:58:05.0949 AM
[ReportManager] Window size after SWD Maximize: (1176, 811) @04-11-2021 01:58:05.0968 AM
[ReportManager] Browser Action [MaximizeWindow] successfully performed. With the following test data [New screen size is now: (1176, 811)]. @04-11-2021 01:58:05.0969 A

################################################################################################################################################
Starting Execution:	[136 out of 145] test cases in the current suite
Test Method:		[testPackage01.Test_assertEquals.test_assertElementAttribute]
################################################################################################################################################
[ReportManager] Target URL: [https://www.google.com/ncr], and after redirection: [https://www.google.com] @04-11-2021 01:58:06.0086 AM
[ReportManager] Initial URL: [] @04-11-2021 01:58:06.0114 AM
[ReportManager] Browser Action [NavigateToURL] successfully performed. With the following test data [https://www.google.com/ncr]. @04-11-2021 01:58:07.0218 AM
[ReportManager] Element Action [Type] successfully performed. With the following test data [INC_004010050:Another SCHEDULER with the same name [Duplicate Job Name] already exists.]. @04-11-2021 01:58:09.0474 AM
[ReportManager] Element Action [GetText] successfully performed. With the following test data [INC_004010050:Another SCHEDULER with the same name [Duplicate Job Name] already exists.]. @04-11-2021 01:58:09.0537 AM
[ReportManager] Loaded Shared OpenCV @04-11-2021 01:58:09.0596 AM
[ReportManager] Assertion [ValidateElementAttribute] PASSED. Expected [Value Should be 'INC_004010050:Another SCHEDULER with the same name \[Duplicate Job Name\] already exists.' for the 'text' attribute, element locator 'By.name: q'] and Actual [INC_004010050:Another SCHEDULER with the same name [Duplicate Job Name] already exists.]. Comparison Type [MATCHES]. Validation Type [POSITIVE]. @04-11-2021 01:58:09.0712 AM
[ReportManager] Successfully created attachment [Screenshot - 1635991089596_test_assertElementAttribute_ValidateElementAttribute_passed] @04-11-2021 01:58:09.0714 A
[ReportManager] Browser Action [CloseCurrentWindow] successfully performed. @04-11-2021 01:58:09.0865 AM
[ReportManager] Successfully created attachment [Browser Action Test Data - CloseCurrentWindow - Actual Value] @04-11-2021 01:58:09.0866 A
[ReportManager] File Action [GetAbsolutePath] successfully performed. With the following test data [Relative Folder Path: "target/downloadedFiles/"]. @04-11-2021 01:58:09.0868 AM
[ReportManager] Attempting to run locally on: [Mac-64], [Safari], Headless Execution. @04-11-2021 01:58:09.0869 AM
[ReportManager] Successfully Opened Safari. @04-11-2021 01:58:10.0749 AM
[ReportManager] Initial window size: (800, 600) @04-11-2021 01:58:10.0786 AM
[ReportManager] Window size after SWD Maximize: (1176, 811) @04-11-2021 01:58:10.0856 AM
[ReportManager] Browser Action [MaximizeWindow] successfully performed. With the following test data [New screen size is now: (1176, 811)]. @04-11-2021 01:58:10.0856 A

################################################################################################################################################
Starting Execution:	[137 out of 145] test cases in the current suite
Test Method:		[testPackage01.Test_IsElementClickable.testIsElementClickable]
################################################################################################################################################
[ReportManager] Target URL: [https://the-internet.herokuapp.com/] @04-11-2021 01:58:10.0874 AM
[ReportManager] Initial URL: [] @04-11-2021 01:58:10.0980 AM
[ReportManager] Browser Action [NavigateToURL] successfully performed. With the following test data [https://the-internet.herokuapp.com/]. @04-11-2021 01:58:12.0356 AM
[ReportManager] Element Action [IsElementClickable] successfully performed. @04-11-2021 01:58:12.0475 AM
[ReportManager] Assertion [ValidateTrue] PASSED. Expected [TRUE] and Actual [TRUE]. Validation Type [POSITIVE]. @04-11-2021 01:58:12.0475 A
[ReportManager] Browser Action [CloseCurrentWindow] successfully performed. @04-11-2021 01:58:12.0858 AM
[ReportManager] Successfully created attachment [Browser Action Test Data - CloseCurrentWindow - Actual Value] @04-11-2021 01:58:12.0858 A
[ReportManager] Successfully loaded the following test data file [src/test/resources/TestDataFiles/testSuite01/TestData.xlsx]. @04-11-2021 01:58:12.0908 AM
[ReportManager] Successfully created attachment [Test Data - Excel] @04-11-2021 01:58:12.0909 AM
[ReportManager] Attempting to run using Playwright locally on: [Mac-64], [Safari], Headless Execution. @04-11-2021 01:58:36.0773 AM
[ReportManager] File Action [GetAbsolutePath] successfully performed. With the following test data [Relative Folder Path: "target/downloadedFiles/"]. @04-11-2021 01:58:36.0774 AM
[ReportManager] Initial window size: (1280, 720) @04-11-2021 01:58:43.0822 AM
[ReportManager] Window size after Toolkit: com.microsoft.playwright.options.ViewportSize@4fe7d171 @04-11-2021 01:58:43.0831 AM
[ReportManager] Browser Action [MaximizeWindow] successfully performed. With the following test data [New screen size is now: (1920, 1080)]. @04-11-2021 01:58:43.0832 A

################################################################################################################################################
Starting Execution:	[138 out of 145] test cases in the current suite
Test Method:		[testPackage01.Test_google_playwright.navigateToURLandVerifyGoogleLogoIsDisplayed]
Test Description:	[TC001 - Navigate to URL and Verify Google Logo is Displayed]
################################################################################################################################################
[ReportManager] Target URL: [https://www.google.com/ncr], and after redirection: [https://www.google.com] @04-11-2021 01:58:43.0836 AM
[ReportManager] Initial URL: [about:blank] @04-11-2021 01:58:44.0297 AM
[ReportManager] Browser Action [NavigateToURL] successfully performed. With the following test data [https://www.google.com/ncr]. @04-11-2021 01:58:46.0060 AM
[ReportManager] Loaded Shared OpenCV @04-11-2021 01:58:46.0146 AM
[ReportManager] Assertion [ValidateElementExists] PASSED. Expected [Element Should Exist, locator 'xpath=//*[@id='hplogo' or @alt='Google']'] and Actual [Element Exists]. Comparison Type [EQUALS]. Validation Type [POSITIVE]. @04-11-2021 01:58:46.0308 AM
[ReportManager] Successfully created attachment [Screenshot - 1635991126143_navigateToURLandVerifyGoogleLogoIsDisplayed_ValidateElementExists_passed] @04-11-2021 01:58:46.0309 A

################################################################################################################################################
Starting Execution:	[139 out of 145] test cases in the current suite
Test Method:		[testPackage01.Test_google_playwright.searchForQueryandAssertResultsNumDisplayed]
Test Description:	[TC002 - Search for Query and Assert that the number of results is displayed]
################################################################################################################################################
[ReportManager] Element Action [Type] successfully performed. With the following test data [SHAFT_Engine]. @04-11-2021 01:58:46.0552 AM
[ReportManager] Element Action [KeyPress] successfully performed. With the following test data [Enter]. @04-11-2021 01:58:46.0592 AM
[ReportManager] Element Action [GetText] successfully performed. With the following test data [About 778,000 results (0.79 seconds)Â 
]. @04-11-2021 01:58:47.0602 AM
[ReportManager] Loaded Shared OpenCV @04-11-2021 01:58:49.0044 AM
[ReportManager] Assertion [ValidateElementAttribute] PASSED. Expected [Value Should not be '' for the 'text' attribute, element locator 'xpath=//div[@id='appbar']'] and Actual [About 778,000 results (0.79 seconds)Â 
]. Comparison Type [EQUALS]. Validation Type [NEGATIVE]. @04-11-2021 01:58:49.0241 AM
[ReportManager] Successfully created attachment [Screenshot - 1635991129042_searchForQueryandAssertResultsNumDisplayed_ValidateElementAttribute_passed] @04-11-2021 01:58:49.0244 A

################################################################################################################################################
Starting Execution:	[140 out of 145] test cases in the current suite
Test Method:		[testPackage01.Test_google_playwright.clickNextThrice]
Test Description:	[TC003 - Clicks the next button to make sure that the framework can scroll element into view before clicking it]
################################################################################################################################################
[ReportManager] Element Action [Click] successfully performed. With the following test data [Next]. @04-11-2021 01:58:49.0547 A
[ReportManager] Failed to find video recording. @04-11-2021 01:58:49.0550 AM
[ReportManager] Successfully Closed PlayWright Driver. @04-11-2021 01:58:49.0605 A
[ReportManager] File Action [GetAbsolutePath] successfully performed. With the following test data [Relative Folder Path: "target/downloadedFiles/"]. @04-11-2021 01:58:49.0636 AM
[ReportManager] Attempting to run locally on: [Mac-64], [Safari], Headless Execution. @04-11-2021 01:58:49.0636 AM
[ReportManager] Successfully Opened Safari. @04-11-2021 01:58:50.0488 AM
[ReportManager] Initial window size: (800, 600) @04-11-2021 01:58:50.0497 AM
[ReportManager] Window size after SWD Maximize: (1176, 811) @04-11-2021 01:58:50.0524 AM
[ReportManager] Browser Action [MaximizeWindow] successfully performed. With the following test data [New screen size is now: (1176, 811)]. @04-11-2021 01:58:50.0524 A

################################################################################################################################################
Starting Execution:	[141 out of 145] test cases in the current suite
Test Method:		[testPackage01.Test_verifyEquals.test_assertElementAttribute]
################################################################################################################################################
[ReportManager] Target URL: [https://www.google.com/ncr], and after redirection: [https://www.google.com] @04-11-2021 01:58:50.0526 AM
[ReportManager] Initial URL: [] @04-11-2021 01:58:50.0633 AM
[ReportManager] Browser Action [NavigateToURL] successfully performed. With the following test data [https://www.google.com/ncr]. @04-11-2021 01:58:51.0897 AM
[ReportManager] Element Action [Type] successfully performed. With the following test data [INC_004010050:Another SCHEDULER with the same name [Duplicate Job Name] already exists.]. @04-11-2021 01:58:54.0281 AM
[ReportManager] Element Action [GetText] successfully performed. With the following test data [INC_004010050:Another SCHEDULER with the same name [Duplicate Job Name] already exists.]. @04-11-2021 01:58:54.0412 AM
[ReportManager] Loaded Shared OpenCV @04-11-2021 01:58:54.0481 AM
[ReportManager] Verification [ValidateElementAttribute] PASSED. Expected [Value Should be 'INC_004010050:Another SCHEDULER with the same name \[Duplicate Job Name\] already exists.' for the 'text' attribute, element locator 'By.name: q'] and Actual [INC_004010050:Another SCHEDULER with the same name [Duplicate Job Name] already exists.]. Comparison Type [MATCHES]. Validation Type [POSITIVE]. @04-11-2021 01:58:54.0623 AM
[ReportManager] Successfully created attachment [Screenshot - 1635991134481_test_assertElementAttribute_ValidateElementAttribute_passed] @04-11-2021 01:58:54.0624 A
[ReportManager] Browser Action [CloseCurrentWindow] successfully performed. @04-11-2021 01:58:54.0878 AM
[ReportManager] Successfully created attachment [Browser Action Test Data - CloseCurrentWindow - Actual Value] @04-11-2021 01:58:54.0879 A

################################################################################################################################################
Starting Execution:	[142 out of 145] test cases in the current suite
Test Method:		[testPackage01.Test_SelectedValue.multipleSelect]
################################################################################################################################################
[ReportManager] File Action [GetAbsolutePath] successfully performed. With the following test data [Relative Folder Path: "target/downloadedFiles/"]. @04-11-2021 01:58:54.0884 AM
[ReportManager] Attempting to run locally on: [Mac-64], [GoogleChrome], Headless Execution. @04-11-2021 01:58:54.0884 AM
[ReportManager] Identifying OS/Driver combination and selecting the correct driver version automatically. Please note that if a new driver executable will be downloaded it may take some time... @04-11-2021 01:58:54.0885 AM
[ReportManager] Successfully Opened Google Chrome. @04-11-2021 01:58:55.0534 AM
[ReportManager] Initial window size: (1920, 1080) @04-11-2021 01:58:55.0538 AM
[ReportManager] Window size after SWD Maximize: (1920, 1080) @04-11-2021 01:58:55.0795 AM
[ReportManager] Window size after Toolkit: (1920, 1080) @04-11-2021 01:58:56.0145 AM
[ReportManager] Browser Action [MaximizeWindow] successfully performed. With the following test data [New screen size is now: (1920, 1080)]. @04-11-2021 01:58:56.0148 AM
[ReportManager] Target URL: [https://yari-demos.prod.mdn.mozit.cloud/en-US/docs/Web/HTML/Element/select/_sample_.Advanced_select_with_multiple_features.html] @04-11-2021 01:58:56.0148 AM
[ReportManager] Initial URL: [data:,] @04-11-2021 01:58:56.0175 AM
[ReportManager] Browser Action [NavigateToURL] successfully performed. With the following test data [https://yari-demos.prod.mdn.mozit.cloud/en-US/docs/Web/HTML/Element/select/_sample_.Advanced_select_with_multiple_features.html]. @04-11-2021 01:58:56.0390 AM
[ReportManager] Element Action [Select] successfully performed. With the following test data [Dog]. @04-11-2021 01:58:56.0619 AM
[ReportManager] Element Action [Select] successfully performed. With the following test data [Cat]. @04-11-2021 01:58:56.0809 AM
[ReportManager] Element Action [GetSelectedText] successfully performed. With the following test data [DogCat]. @04-11-2021 01:58:56.0926 AM
[ReportManager] DogCat @04-11-2021 01:58:56.0926 AM
[ReportManager] Element Action [GetSelectedText] successfully performed. With the following test data [DogCat]. @04-11-2021 01:58:57.0035 AM
[ReportManager] Loaded Shared OpenCV @04-11-2021 01:58:57.0389 AM
[ReportManager] Assertion [ValidateElementAttribute] PASSED. Expected [Value Should be 'DogCat' for the 'selectedText' attribute, element locator 'By.tagName: select'] and Actual [DogCat]. Comparison Type [EQUALS]. Validation Type [POSITIVE]. @04-11-2021 01:58:57.0563 AM
[ReportManager] Successfully created attachment [Screenshot - 1635991137389_multipleSelect_ValidateElementAttribute_passed] @04-11-2021 01:58:57.0564 AM
[ReportManager] Browser Action [CloseCurrentWindow] successfully performed. @04-11-2021 01:58:57.0791 AM
[ReportManager] Successfully created attachment [Browser Action Test Data - CloseCurrentWindow - Actual Value] @04-11-2021 01:58:57.0792 A

################################################################################################################################################
Starting Execution:	[143 out of 145] test cases in the current suite
Test Method:		[testPackage01.Test_SelectedValue.simpleSelect]
################################################################################################################################################
[ReportManager] File Action [GetAbsolutePath] successfully performed. With the following test data [Relative Folder Path: "target/downloadedFiles/"]. @04-11-2021 01:58:57.0795 AM
[ReportManager] Attempting to run locally on: [Mac-64], [GoogleChrome], Headless Execution. @04-11-2021 01:58:57.0795 AM
[ReportManager] Identifying OS/Driver combination and selecting the correct driver version automatically. Please note that if a new driver executable will be downloaded it may take some time... @04-11-2021 01:58:57.0795 AM
[ReportManager] Successfully Opened Google Chrome. @04-11-2021 01:58:58.0307 AM
[ReportManager] Initial window size: (1920, 1080) @04-11-2021 01:58:58.0310 AM
[ReportManager] Window size after SWD Maximize: (1920, 1080) @04-11-2021 01:58:58.0418 AM
[ReportManager] Window size after Toolkit: (1920, 1080) @04-11-2021 01:58:58.0761 AM
[ReportManager] Browser Action [MaximizeWindow] successfully performed. With the following test data [New screen size is now: (1920, 1080)]. @04-11-2021 01:58:58.0764 AM
[ReportManager] Target URL: [https://yari-demos.prod.mdn.mozit.cloud/en-US/docs/Web/HTML/Element/select/_sample_.Basic_select.html] @04-11-2021 01:58:58.0764 AM
[ReportManager] Initial URL: [data:,] @04-11-2021 01:58:58.0793 AM
[ReportManager] Browser Action [NavigateToURL] successfully performed. With the following test data [https://yari-demos.prod.mdn.mozit.cloud/en-US/docs/Web/HTML/Element/select/_sample_.Basic_select.html]. @04-11-2021 01:58:58.0964 AM
[ReportManager] Element Action [Select] successfully performed. With the following test data [Third Value]. @04-11-2021 01:58:59.0215 AM
[ReportManager] Element Action [GetSelectedText] successfully performed. With the following test data [Third Value]. @04-11-2021 01:58:59.0278 AM
[ReportManager] Third Value @04-11-2021 01:58:59.0278 AM
[ReportManager] Element Action [GetSelectedText] successfully performed. With the following test data [Third Value]. @04-11-2021 01:58:59.0334 AM
[ReportManager] Loaded Shared OpenCV @04-11-2021 01:58:59.0639 AM
[ReportManager] Assertion [ValidateElementAttribute] PASSED. Expected [Value Should be 'Third Value' for the 'selectedText' attribute, element locator 'By.tagName: select'] and Actual [Third Value]. Comparison Type [EQUALS]. Validation Type [POSITIVE]. @04-11-2021 01:58:59.0809 AM
[ReportManager] Successfully created attachment [Screenshot - 1635991139638_simpleSelect_ValidateElementAttribute_passed] @04-11-2021 01:58:59.0810 AM
[ReportManager] Browser Action [CloseCurrentWindow] successfully performed. @04-11-2021 01:59:00.0060 AM
[ReportManager] Successfully created attachment [Browser Action Test Data - CloseCurrentWindow - Actual Value] @04-11-2021 01:59:00.0061 A
[ReportManager] File Action [GetAbsolutePath] successfully performed. With the following test data [Relative Folder Path: "target/downloadedFiles/"]. @04-11-2021 01:59:00.0063 AM
[ReportManager] Attempting to run locally on: [Mac-64], [Safari], Headless Execution. @04-11-2021 01:59:00.0063 AM
[ReportManager] Successfully Opened Safari. @04-11-2021 01:59:00.0866 AM
[ReportManager] Initial window size: (800, 600) @04-11-2021 01:59:00.0887 AM
[ReportManager] Window size after SWD Maximize: (1176, 811) @04-11-2021 01:59:00.0904 AM
[ReportManager] Browser Action [MaximizeWindow] successfully performed. With the following test data [New screen size is now: (1176, 811)]. @04-11-2021 01:59:00.0904 A

################################################################################################################################################
Starting Execution:	[144 out of 145] test cases in the current suite
Test Method:		[testPackage01.Test_dynamicLoading.dynamicLoading_elementIsHidden]
################################################################################################################################################
[ReportManager] Target URL: [https://the-internet.herokuapp.com/dynamic_loading/1] @04-11-2021 01:59:00.0919 AM
[ReportManager] Initial URL: [] @04-11-2021 01:59:00.0975 AM
[ReportManager] Browser Action [NavigateToURL] successfully performed. With the following test data [https://the-internet.herokuapp.com/dynamic_loading/1]. @04-11-2021 01:59:02.0065 AM
[ReportManager] Element Action [Click] successfully performed. With the following test data [Start]. @04-11-2021 01:59:02.0314 AM
[ReportManager] Element Action [GetText] successfully performed. With the following test data [
    Hello World!
  ]. @04-11-2021 01:59:02.0339 A
[ReportManager] Browser Action [CloseCurrentWindow] successfully performed. @04-11-2021 01:59:02.0665 AM
[ReportManager] Successfully created attachment [Browser Action Test Data - CloseCurrentWindow - Actual Value] @04-11-2021 01:59:02.0666 A
[ReportManager] File Action [GetAbsolutePath] successfully performed. With the following test data [Relative Folder Path: "target/downloadedFiles/"]. @04-11-2021 01:59:02.0668 AM
[ReportManager] Attempting to run locally on: [Mac-64], [Safari], Headless Execution. @04-11-2021 01:59:02.0668 AM
[ReportManager] Successfully Opened Safari. @04-11-2021 01:59:03.0570 AM
[ReportManager] Initial window size: (800, 600) @04-11-2021 01:59:03.0598 AM
[ReportManager] Window size after SWD Maximize: (1176, 811) @04-11-2021 01:59:03.0632 AM
[ReportManager] Browser Action [MaximizeWindow] successfully performed. With the following test data [New screen size is now: (1176, 811)]. @04-11-2021 01:59:03.0632 A

################################################################################################################################################
Starting Execution:	[145 out of 145] test cases in the current suite
Test Method:		[testPackage01.Test_dynamicLoading.dynamicLoading_elementIsRendered]
################################################################################################################################################
[ReportManager] Target URL: [https://the-internet.herokuapp.com/dynamic_loading/2] @04-11-2021 01:59:03.0635 AM
[ReportManager] Initial URL: [] @04-11-2021 01:59:03.0704 AM
[ReportManager] Browser Action [NavigateToURL] successfully performed. With the following test data [https://the-internet.herokuapp.com/dynamic_loading/2]. @04-11-2021 01:59:04.0836 AM
[ReportManager] Element Action [Click] successfully performed. With the following test data [Start]. @04-11-2021 01:59:05.0115 A
[ReportManager] Browser Action [CloseCurrentWindow] successfully performed. @04-11-2021 01:59:05.0466 AM
[ReportManager] Successfully created attachment [Browser Action Test Data - CloseCurrentWindow - Actual Value] @04-11-2021 01:59:05.0467 A
[ReportManager] Successfully created attachment [SHAFT Engine Logs - Execution log] @04-11-2021 01:59:05.0541 AM

################################################################################################################################################
This test run was powered by SHAFT Engine Version: [SHAFT Engine v5.4.20211030-BETA]
SHAFT Engine is licensed under the MIT License: [https://github.com/MohabMohie/SHAFT_ENGINE/blob/master/LICENSE].
################################################################################################################################################