################################################################################################################################################
Detected SHAFT Engine Version: [SHAFT Engine v5.4.20211202-BETA]
################################################################################################################################################
[ReportManager] File Action [GetAbsolutePath] successfully performed. With the following test data [Relative Folder Path: "target/downloadedFiles/"]. @11-01-2022 01:59:54.0630 AM
[ReportManager] Attempting to run locally on: [Mac-64], [Safari], Headless Execution. @11-01-2022 01:59:54.0647 AM
[ReportManager] Successfully Opened Safari. @11-01-2022 02:00:00.0554 AM
[ReportManager] Initial window size: (800, 600) @11-01-2022 02:00:00.0588 AM
[ReportManager] Window size after SWD Maximize: (1176, 802) @11-01-2022 02:00:00.0640 AM
[ReportManager] Browser Action [MaximizeWindow] successfully performed. With the following test data [New screen size is now: (1176, 802)]. @11-01-2022 02:00:00.0673 A

################################################################################################################################################
Starting Execution:	[1 out of 146] test cases in the current suite
Test Method:		[unitTests.tests_element_elementActions.waitForElementToBePresent_false_expectedToFail]
################################################################################################################################################
[ReportManager] Target URL: [https://www.google.com/ncr], and after redirection: [www.google.com] @11-01-2022 02:00:00.0849 AM
[ReportManager] Initial URL: [] @11-01-2022 02:00:00.0938 AM
[ReportManager] Browser Action [NavigateToURL] successfully performed. With the following test data [https://www.google.com/ncr]. @11-01-2022 02:00:02.0720 AM
[ReportManager] Waiting for element to be present; elementLocator [By.xpath: //*[@id='hplogo' or @alt='Google']], numberOfTries[1], stateOfPresence[false]... @11-01-2022 02:00:02.0731 AM
[ReportManager] Element Action [WaitForElementToBePresent] failed. With the following test data [waited for the element's state of presence to be (false). Element locator (By.xpath: //*[@id='hplogo' or @alt='Google'])]. @11-01-2022 02:00:06.0625 AM
[ReportManager] Successfully created attachment [Screenshot - 1641866402861_waitForElementToBePresent_false_expectedToFail_WaitForElementToBePresent_failed] @11-01-2022 02:00:06.0640 A
[ReportManager] Browser Action [CloseCurrentWindow] successfully performed. @11-01-2022 02:00:06.0870 AM
[ReportManager] Successfully created attachment [Browser Action Test Data - CloseCurrentWindow - Actual Value] @11-01-2022 02:00:06.0873 A
[ReportManager] File Action [GetAbsolutePath] successfully performed. With the following test data [Relative Folder Path: "target/downloadedFiles/"]. @11-01-2022 02:00:06.0891 AM
[ReportManager] Attempting to run locally on: [Mac-64], [Safari], Headless Execution. @11-01-2022 02:00:06.0891 AM
[ReportManager] Successfully Opened Safari. @11-01-2022 02:00:08.0008 AM
[ReportManager] Initial window size: (800, 600) @11-01-2022 02:00:08.0067 AM
[ReportManager] Window size after SWD Maximize: (1176, 803) @11-01-2022 02:00:08.0121 AM
[ReportManager] Browser Action [MaximizeWindow] successfully performed. With the following test data [New screen size is now: (1176, 803)]. @11-01-2022 02:00:08.0122 A

################################################################################################################################################
Starting Execution:	[2 out of 146] test cases in the current suite
Test Method:		[unitTests.tests_element_elementActions.waitForElementToBePresent_false_expectedToPass]
################################################################################################################################################
[ReportManager] Target URL: [https://www.google.com/ncr], and after redirection: [www.google.com] @11-01-2022 02:00:08.0129 AM
[ReportManager] Initial URL: [] @11-01-2022 02:00:08.0280 AM
[ReportManager] Browser Action [NavigateToURL] successfully performed. With the following test data [https://www.google.com/ncr]. @11-01-2022 02:00:09.0409 AM
[ReportManager] Waiting for element to be present; elementLocator [By.id: bla], numberOfTries[1], stateOfPresence[false]... @11-01-2022 02:00:09.0410 AM
[ReportManager] org.openqa.selenium.TimeoutException:
Expected condition failed: waiting for com.shaft.gui.element.ElementActionsHelper$$Lambda$641/0x0000000801123d20@62a6a47e (tried for 5 second(s) with 1000 milliseconds interval)
org.openqa.selenium.support.ui.FluentWait.timeoutException(FluentWait.java:263)
org.openqa.selenium.support.ui.FluentWait.until(FluentWait.java:231)
com.shaft.gui.element.ElementActionsHelper.waitForElementPresence(ElementActionsHelper.java:63)
com.shaft.gui.element.ElementActionsHelper.waitForElementPresence(ElementActionsHelper.java:37)
com.shaft.gui.element.WebDriverElementActions.getMatchingElementsCount(WebDriverElementActions.java:1468)
com.shaft.gui.element.WebDriverElementActions.waitForElementToBePresent(WebDriverElementActions.java:1293)
com.shaft.gui.element.ElementActions.waitForElementToBePresent(ElementActions.java:622)
unitTests.tests_element_elementActions.waitForElementToBePresent_false_expectedToPass(tests_element_elementActions.java:48)
java.base/jdk.internal.reflect.NativeMethodAccessorImpl.invoke0(Native Method)
java.base/jdk.internal.reflect.NativeMethodAccessorImpl.invoke(NativeMethodAccessorImpl.java:77)
java.base/jdk.internal.reflect.DelegatingMethodAccessorImpl.invoke(DelegatingMethodAccessorImpl.java:43)
java.base/java.lang.reflect.Method.invoke(Method.java:568)
org.testng.internal.invokers.MethodInvocationHelper.invokeMethod(MethodInvocationHelper.java:135)
org.testng.internal.invokers.TestInvoker.invokeMethod(TestInvoker.java:673)
org.testng.internal.invokers.TestInvoker.invokeTestMethod(TestInvoker.java:220)
org.testng.internal.invokers.MethodRunner.runInSequence(MethodRunner.java:50)
org.testng.internal.invokers.TestInvoker$MethodInvocationAgent.invoke(TestInvoker.java:945)
org.testng.internal.invokers.TestInvoker.invokeTestMethods(TestInvoker.java:193)
org.testng.internal.invokers.TestMethodWorker.invokeTestMethods(TestMethodWorker.java:146)
org.testng.internal.invokers.TestMethodWorker.run(TestMethodWorker.java:128)
java.base/java.util.ArrayList.forEach(ArrayList.java:1511)
org.testng.TestRunner.privateRun(TestRunner.java:808)
org.testng.TestRunner.run(TestRunner.java:603)
org.testng.SuiteRunner.runTest(SuiteRunner.java:429)
org.testng.SuiteRunner.runSequentially(SuiteRunner.java:423)
org.testng.SuiteRunner.privateRun(SuiteRunner.java:383)
org.testng.SuiteRunner.run(SuiteRunner.java:326)
org.testng.SuiteRunnerWorker.runSuite(SuiteRunnerWorker.java:52)
org.testng.SuiteRunnerWorker.run(SuiteRunnerWorker.java:95)
org.testng.TestNG.runSuitesSequentially(TestNG.java:1249)
org.testng.TestNG.runSuitesLocally(TestNG.java:1169)
org.testng.TestNG.runSuites(TestNG.java:1092)
org.testng.TestNG.run(TestNG.java:1060)
org.apache.maven.surefire.testng.TestNGExecutor.run(TestNGExecutor.java:136)
org.apache.maven.surefire.testng.TestNGDirectoryTestSuite.executeMulti(TestNGDirectoryTestSuite.java:193)
org.apache.maven.surefire.testng.TestNGDirectoryTestSuite.execute(TestNGDirectoryTestSuite.java:94)
org.apache.maven.surefire.testng.TestNGProvider.invoke(TestNGProvider.java:145)
org.apache.maven.surefire.booter.ForkedBooter.runSuitesInProcess(ForkedBooter.java:428)
org.apache.maven.surefire.booter.ForkedBooter.execute(ForkedBooter.java:162)
org.apache.maven.surefire.booter.ForkedBooter.run(ForkedBooter.java:562)
org.apache.maven.surefire.booter.ForkedBooter.main(ForkedBooter.java:548)

Caused by: org.openqa.selenium.NoSuchElementException:
For documentation on this error, please visit: https://selenium.dev/exceptions/#no_such_element
Build info: version: '4.1.1', revision: 'e8fcc2cecf'
System info: host: 'Mac-1641866265763.local', ip: '10.212.0.42', os.name: 'Mac OS X', os.arch: 'x86_64', os.version: '11.5', java.version: '17.0.1'
Driver info: org.openqa.selenium.safari.SafariDriver
Command: [B17482B4-2FC5-4E38-B256-4E7440BA27E9, findElement {using=id, value=bla}]
Capabilities {acceptInsecureCerts: false, browserName: Safari, browserVersion: 15.2, goog:loggingPrefs: {browser: ALL, client: ALL, driver: ALL, performance: ALL, profiler: ALL, server: ALL}, javascriptEnabled: true, pageLoadStrategy: normal, platform: MAC, platformName: MAC, safari:automaticInspection: false, safari:automaticProfiling: false, safari:diagnose: false, safari:platformBuildVersion: 20G314, safari:platformVersion: 11.6.2, safari:useSimulator: false, setWindowRect: true, strictFileInteractability: false, timeouts: {pageLoad: 30000, script: 30000}, webkit:WebRTC: {DisableICECandidateFiltering: false, DisableInsecureMediaCapture: false}}
Session ID: B17482B4-2FC5-4E38-B256-4E7440BA27E9
java.base/jdk.internal.reflect.NativeConstructorAccessorImpl.newInstance0(Native Method)
java.base/jdk.internal.reflect.NativeConstructorAccessorImpl.newInstance(NativeConstructorAccessorImpl.java:77)
java.base/jdk.internal.reflect.DelegatingConstructorAccessorImpl.newInstance(DelegatingConstructorAccessorImpl.java:45)
java.base/java.lang.reflect.Constructor.newInstanceWithCaller(Constructor.java:499)
java.base/java.lang.reflect.Constructor.newInstance(Constructor.java:480)
org.openqa.selenium.remote.codec.w3c.W3CHttpResponseCodec.createException(W3CHttpResponseCodec.java:200)
org.openqa.selenium.remote.codec.w3c.W3CHttpResponseCodec.decode(W3CHttpResponseCodec.java:133)
org.openqa.selenium.remote.codec.w3c.W3CHttpResponseCodec.decode(W3CHttpResponseCodec.java:53)
org.openqa.selenium.remote.HttpCommandExecutor.execute(HttpCommandExecutor.java:184)
org.openqa.selenium.remote.service.DriverCommandExecutor.invokeExecute(DriverCommandExecutor.java:167)
org.openqa.selenium.remote.service.DriverCommandExecutor.execute(DriverCommandExecutor.java:142)
org.openqa.selenium.remote.RemoteWebDriver.execute(RemoteWebDriver.java:543)
org.openqa.selenium.remote.ElementLocation$ElementFinder$2.findElement(ElementLocation.java:162)
org.openqa.selenium.remote.ElementLocation.findElement(ElementLocation.java:60)
org.openqa.selenium.remote.RemoteWebDriver.findElement(RemoteWebDriver.java:367)
org.openqa.selenium.remote.RemoteWebDriver.findElement(RemoteWebDriver.java:359)
com.shaft.gui.element.ElementActionsHelper.lambda$waitForElementPresence$0(ElementActionsHelper.java:66)
org.openqa.selenium.support.ui.FluentWait.until(FluentWait.java:208)
com.shaft.gui.element.ElementActionsHelper.waitForElementPresence(ElementActionsHelper.java:63)
com.shaft.gui.element.ElementActionsHelper.waitForElementPresence(ElementActionsHelper.java:37)
com.shaft.gui.element.WebDriverElementActions.getMatchingElementsCount(WebDriverElementActions.java:1468)
com.shaft.gui.element.WebDriverElementActions.waitForElementToBePresent(WebDriverElementActions.java:1293)
com.shaft.gui.element.ElementActions.waitForElementToBePresent(ElementActions.java:622)
unitTests.tests_element_elementActions.waitForElementToBePresent_false_expectedToPass(tests_element_elementActions.java:48)
java.base/jdk.internal.reflect.NativeMethodAccessorImpl.invoke0(Native Method)
java.base/jdk.internal.reflect.NativeMethodAccessorImpl.invoke(NativeMethodAccessorImpl.java:77)
java.base/jdk.internal.reflect.DelegatingMethodAccessorImpl.invoke(DelegatingMethodAccessorImpl.java:43)
java.base/java.lang.reflect.Method.invoke(Method.java:568)
org.testng.internal.invokers.MethodInvocationHelper.invokeMethod(MethodInvocationHelper.java:135)
org.testng.internal.invokers.TestInvoker.invokeMethod(TestInvoker.java:673)
org.testng.internal.invokers.TestInvoker.invokeTestMethod(TestInvoker.java:220)
org.testng.internal.invokers.MethodRunner.runInSequence(MethodRunner.java:50)
org.testng.internal.invokers.TestInvoker$MethodInvocationAgent.invoke(TestInvoker.java:945)
org.testng.internal.invokers.TestInvoker.invokeTestMethods(TestInvoker.java:193)
org.testng.internal.invokers.TestMethodWorker.invokeTestMethods(TestMethodWorker.java:146)
org.testng.internal.invokers.TestMethodWorker.run(TestMethodWorker.java:128)
java.base/java.util.ArrayList.forEach(ArrayList.java:1511)
org.testng.TestRunner.privateRun(TestRunner.java:808)
org.testng.TestRunner.run(TestRunner.java:603)
org.testng.SuiteRunner.runTest(SuiteRunner.java:429)
org.testng.SuiteRunner.runSequentially(SuiteRunner.java:423)
org.testng.SuiteRunner.privateRun(SuiteRunner.java:383)
org.testng.SuiteRunner.run(SuiteRunner.java:326)
org.testng.SuiteRunnerWorker.runSuite(SuiteRunnerWorker.java:52)
org.testng.SuiteRunnerWorker.run(SuiteRunnerWorker.java:95)
org.testng.TestNG.runSuitesSequentially(TestNG.java:1249)
org.testng.TestNG.runSuitesLocally(TestNG.java:1169)
org.testng.TestNG.runSuites(TestNG.java:1092)
org.testng.TestNG.run(TestNG.java:1060)
org.apache.maven.surefire.testng.TestNGExecutor.run(TestNGExecutor.java:136)
org.apache.maven.surefire.testng.TestNGDirectoryTestSuite.executeMulti(TestNGDirectoryTestSuite.java:193)
org.apache.maven.surefire.testng.TestNGDirectoryTestSuite.execute(TestNGDirectoryTestSuite.java:94)
org.apache.maven.surefire.testng.TestNGProvider.invoke(TestNGProvider.java:145)
org.apache.maven.surefire.booter.ForkedBooter.runSuitesInProcess(ForkedBooter.java:428)
org.apache.maven.surefire.booter.ForkedBooter.execute(ForkedBooter.java:162)
org.apache.maven.surefire.booter.ForkedBooter.run(ForkedBooter.java:562)
org.apache.maven.surefire.booter.ForkedBooter.main(ForkedBooter.java:548) @11-01-2022 02:00:14.0736 AM
[ReportManager] Element Action [WaitForElementToBePresent] successfully performed. With the following test data [waited for the element's state of presence to be (false). Element locator (By.id: bla)]. @11-01-2022 02:00:14.0739 A
[ReportManager] Browser Action [CloseCurrentWindow] successfully performed. @11-01-2022 02:00:14.0855 AM
[ReportManager] Successfully created attachment [Browser Action Test Data - CloseCurrentWindow - Actual Value] @11-01-2022 02:00:14.0856 A
[ReportManager] File Action [GetAbsolutePath] successfully performed. With the following test data [Relative Folder Path: "target/downloadedFiles/"]. @11-01-2022 02:00:14.0863 AM
[ReportManager] Attempting to run locally on: [Mac-64], [Safari], Headless Execution. @11-01-2022 02:00:14.0864 AM
[ReportManager] Successfully Opened Safari. @11-01-2022 02:00:15.0777 AM
[ReportManager] Initial window size: (800, 600) @11-01-2022 02:00:15.0793 AM
[ReportManager] Window size after SWD Maximize: (1176, 803) @11-01-2022 02:00:15.0823 AM
[ReportManager] Browser Action [MaximizeWindow] successfully performed. With the following test data [New screen size is now: (1176, 803)]. @11-01-2022 02:00:15.0823 A

################################################################################################################################################
Starting Execution:	[3 out of 146] test cases in the current suite
Test Method:		[unitTests.tests_element_elementActions.waitForElementToBePresent_moreThanOneElement_expectedToFail]
################################################################################################################################################
[ReportManager] Target URL: [https://www.google.com/ncr], and after redirection: [www.google.com] @11-01-2022 02:00:15.0828 AM
[ReportManager] Initial URL: [] @11-01-2022 02:00:15.0890 AM
[ReportManager] Browser Action [NavigateToURL] successfully performed. With the following test data [https://www.google.com/ncr]. @11-01-2022 02:00:16.0751 AM
[ReportManager] Waiting for element to be present; elementLocator [By.xpath: //*], numberOfTries[1], stateOfPresence[false]... @11-01-2022 02:00:16.0751 AM
[ReportManager] Element Action [WaitForElementToBePresent] failed. With the following test data [waited for the element's state of presence to be (false). Element locator (By.xpath: //*)]. @11-01-2022 02:00:17.0085 AM
[ReportManager] Successfully created attachment [Screenshot - 1641866416859_waitForElementToBePresent_moreThanOneElement_expectedToFail_WaitForElementToBePresent_failed] @11-01-2022 02:00:17.0089 A
[ReportManager] Browser Action [CloseCurrentWindow] successfully performed. @11-01-2022 02:00:17.0446 AM
[ReportManager] Successfully created attachment [Browser Action Test Data - CloseCurrentWindow - Actual Value] @11-01-2022 02:00:17.0447 A
[ReportManager] File Action [GetAbsolutePath] successfully performed. With the following test data [Relative Folder Path: "target/downloadedFiles/"]. @11-01-2022 02:00:17.0455 AM
[ReportManager] Attempting to run locally on: [Mac-64], [Safari], Headless Execution. @11-01-2022 02:00:17.0455 AM
[ReportManager] Successfully Opened Safari. @11-01-2022 02:00:18.0411 AM
[ReportManager] Initial window size: (800, 600) @11-01-2022 02:00:18.0422 AM
[ReportManager] Window size after SWD Maximize: (1176, 803) @11-01-2022 02:00:18.0441 AM
[ReportManager] Browser Action [MaximizeWindow] successfully performed. With the following test data [New screen size is now: (1176, 803)]. @11-01-2022 02:00:18.0442 A

################################################################################################################################################
Starting Execution:	[4 out of 146] test cases in the current suite
Test Method:		[unitTests.tests_element_elementActions.waitForElementToBePresent_true_expectedToFail]
################################################################################################################################################
[ReportManager] Target URL: [https://www.google.com/ncr], and after redirection: [www.google.com] @11-01-2022 02:00:18.0490 AM
[ReportManager] Initial URL: [] @11-01-2022 02:00:18.0538 AM
[ReportManager] Browser Action [NavigateToURL] successfully performed. With the following test data [https://www.google.com/ncr]. @11-01-2022 02:00:19.0562 AM
[ReportManager] Waiting for element to be present; elementLocator [By.id: bla], numberOfTries[1], stateOfPresence[true]... @11-01-2022 02:00:19.0563 AM
[ReportManager] org.openqa.selenium.TimeoutException:
Expected condition failed: waiting for com.shaft.gui.element.ElementActionsHelper$$Lambda$641/0x0000000801123d20@75708130 (tried for 5 second(s) with 1000 milliseconds interval)
org.openqa.selenium.support.ui.FluentWait.timeoutException(FluentWait.java:263)
org.openqa.selenium.support.ui.FluentWait.until(FluentWait.java:231)
com.shaft.gui.element.ElementActionsHelper.waitForElementPresence(ElementActionsHelper.java:63)
com.shaft.gui.element.ElementActionsHelper.waitForElementPresence(ElementActionsHelper.java:37)
com.shaft.gui.element.WebDriverElementActions.getMatchingElementsCount(WebDriverElementActions.java:1468)
com.shaft.gui.element.WebDriverElementActions.waitForElementToBePresent(WebDriverElementActions.java:1293)
com.shaft.gui.element.ElementActions.waitForElementToBePresent(ElementActions.java:622)
unitTests.tests_element_elementActions.waitForElementToBePresent_true_expectedToFail(tests_element_elementActions.java:39)
java.base/jdk.internal.reflect.NativeMethodAccessorImpl.invoke0(Native Method)
java.base/jdk.internal.reflect.NativeMethodAccessorImpl.invoke(NativeMethodAccessorImpl.java:77)
java.base/jdk.internal.reflect.DelegatingMethodAccessorImpl.invoke(DelegatingMethodAccessorImpl.java:43)
java.base/java.lang.reflect.Method.invoke(Method.java:568)
org.testng.internal.invokers.MethodInvocationHelper.invokeMethod(MethodInvocationHelper.java:135)
org.testng.internal.invokers.TestInvoker.invokeMethod(TestInvoker.java:673)
org.testng.internal.invokers.TestInvoker.invokeTestMethod(TestInvoker.java:220)
org.testng.internal.invokers.MethodRunner.runInSequence(MethodRunner.java:50)
org.testng.internal.invokers.TestInvoker$MethodInvocationAgent.invoke(TestInvoker.java:945)
org.testng.internal.invokers.TestInvoker.invokeTestMethods(TestInvoker.java:193)
org.testng.internal.invokers.TestMethodWorker.invokeTestMethods(TestMethodWorker.java:146)
org.testng.internal.invokers.TestMethodWorker.run(TestMethodWorker.java:128)
java.base/java.util.ArrayList.forEach(ArrayList.java:1511)
org.testng.TestRunner.privateRun(TestRunner.java:808)
org.testng.TestRunner.run(TestRunner.java:603)
org.testng.SuiteRunner.runTest(SuiteRunner.java:429)
org.testng.SuiteRunner.runSequentially(SuiteRunner.java:423)
org.testng.SuiteRunner.privateRun(SuiteRunner.java:383)
org.testng.SuiteRunner.run(SuiteRunner.java:326)
org.testng.SuiteRunnerWorker.runSuite(SuiteRunnerWorker.java:52)
org.testng.SuiteRunnerWorker.run(SuiteRunnerWorker.java:95)
org.testng.TestNG.runSuitesSequentially(TestNG.java:1249)
org.testng.TestNG.runSuitesLocally(TestNG.java:1169)
org.testng.TestNG.runSuites(TestNG.java:1092)
org.testng.TestNG.run(TestNG.java:1060)
org.apache.maven.surefire.testng.TestNGExecutor.run(TestNGExecutor.java:136)
org.apache.maven.surefire.testng.TestNGDirectoryTestSuite.executeMulti(TestNGDirectoryTestSuite.java:193)
org.apache.maven.surefire.testng.TestNGDirectoryTestSuite.execute(TestNGDirectoryTestSuite.java:94)
org.apache.maven.surefire.testng.TestNGProvider.invoke(TestNGProvider.java:145)
org.apache.maven.surefire.booter.ForkedBooter.runSuitesInProcess(ForkedBooter.java:428)
org.apache.maven.surefire.booter.ForkedBooter.execute(ForkedBooter.java:162)
org.apache.maven.surefire.booter.ForkedBooter.run(ForkedBooter.java:562)
org.apache.maven.surefire.booter.ForkedBooter.main(ForkedBooter.java:548)

Caused by: org.openqa.selenium.NoSuchElementException:
For documentation on this error, please visit: https://selenium.dev/exceptions/#no_such_element
Build info: version: '4.1.1', revision: 'e8fcc2cecf'
System info: host: 'Mac-1641866265763.local', ip: '10.212.0.42', os.name: 'Mac OS X', os.arch: 'x86_64', os.version: '11.5', java.version: '17.0.1'
Driver info: org.openqa.selenium.safari.SafariDriver
Command: [FE9631E5-FEE2-40C0-823E-9F4F116EC96B, findElement {using=id, value=bla}]
Capabilities {acceptInsecureCerts: false, browserName: Safari, browserVersion: 15.2, goog:loggingPrefs: {browser: ALL, client: ALL, driver: ALL, performance: ALL, profiler: ALL, server: ALL}, javascriptEnabled: true, pageLoadStrategy: normal, platform: MAC, platformName: MAC, safari:automaticInspection: false, safari:automaticProfiling: false, safari:diagnose: false, safari:platformBuildVersion: 20G314, safari:platformVersion: 11.6.2, safari:useSimulator: false, setWindowRect: true, strictFileInteractability: false, timeouts: {pageLoad: 30000, script: 30000}, webkit:WebRTC: {DisableICECandidateFiltering: false, DisableInsecureMediaCapture: false}}
Session ID: FE9631E5-FEE2-40C0-823E-9F4F116EC96B
java.base/jdk.internal.reflect.NativeConstructorAccessorImpl.newInstance0(Native Method)
java.base/jdk.internal.reflect.NativeConstructorAccessorImpl.newInstance(NativeConstructorAccessorImpl.java:77)
java.base/jdk.internal.reflect.DelegatingConstructorAccessorImpl.newInstance(DelegatingConstructorAccessorImpl.java:45)
java.base/java.lang.reflect.Constructor.newInstanceWithCaller(Constructor.java:499)
java.base/java.lang.reflect.Constructor.newInstance(Constructor.java:480)
org.openqa.selenium.remote.codec.w3c.W3CHttpResponseCodec.createException(W3CHttpResponseCodec.java:200)
org.openqa.selenium.remote.codec.w3c.W3CHttpResponseCodec.decode(W3CHttpResponseCodec.java:133)
org.openqa.selenium.remote.codec.w3c.W3CHttpResponseCodec.decode(W3CHttpResponseCodec.java:53)
org.openqa.selenium.remote.HttpCommandExecutor.execute(HttpCommandExecutor.java:184)
org.openqa.selenium.remote.service.DriverCommandExecutor.invokeExecute(DriverCommandExecutor.java:167)
org.openqa.selenium.remote.service.DriverCommandExecutor.execute(DriverCommandExecutor.java:142)
org.openqa.selenium.remote.RemoteWebDriver.execute(RemoteWebDriver.java:543)
org.openqa.selenium.remote.ElementLocation$ElementFinder$2.findElement(ElementLocation.java:162)
org.openqa.selenium.remote.ElementLocation.findElement(ElementLocation.java:60)
org.openqa.selenium.remote.RemoteWebDriver.findElement(RemoteWebDriver.java:367)
org.openqa.selenium.remote.RemoteWebDriver.findElement(RemoteWebDriver.java:359)
com.shaft.gui.element.ElementActionsHelper.lambda$waitForElementPresence$0(ElementActionsHelper.java:66)
org.openqa.selenium.support.ui.FluentWait.until(FluentWait.java:208)
com.shaft.gui.element.ElementActionsHelper.waitForElementPresence(ElementActionsHelper.java:63)
com.shaft.gui.element.ElementActionsHelper.waitForElementPresence(ElementActionsHelper.java:37)
com.shaft.gui.element.WebDriverElementActions.getMatchingElementsCount(WebDriverElementActions.java:1468)
com.shaft.gui.element.WebDriverElementActions.waitForElementToBePresent(WebDriverElementActions.java:1293)
com.shaft.gui.element.ElementActions.waitForElementToBePresent(ElementActions.java:622)
unitTests.tests_element_elementActions.waitForElementToBePresent_true_expectedToFail(tests_element_elementActions.java:39)
java.base/jdk.internal.reflect.NativeMethodAccessorImpl.invoke0(Native Method)
java.base/jdk.internal.reflect.NativeMethodAccessorImpl.invoke(NativeMethodAccessorImpl.java:77)
java.base/jdk.internal.reflect.DelegatingMethodAccessorImpl.invoke(DelegatingMethodAccessorImpl.java:43)
java.base/java.lang.reflect.Method.invoke(Method.java:568)
org.testng.internal.invokers.MethodInvocationHelper.invokeMethod(MethodInvocationHelper.java:135)
org.testng.internal.invokers.TestInvoker.invokeMethod(TestInvoker.java:673)
org.testng.internal.invokers.TestInvoker.invokeTestMethod(TestInvoker.java:220)
org.testng.internal.invokers.MethodRunner.runInSequence(MethodRunner.java:50)
org.testng.internal.invokers.TestInvoker$MethodInvocationAgent.invoke(TestInvoker.java:945)
org.testng.internal.invokers.TestInvoker.invokeTestMethods(TestInvoker.java:193)
org.testng.internal.invokers.TestMethodWorker.invokeTestMethods(TestMethodWorker.java:146)
org.testng.internal.invokers.TestMethodWorker.run(TestMethodWorker.java:128)
java.base/java.util.ArrayList.forEach(ArrayList.java:1511)
org.testng.TestRunner.privateRun(TestRunner.java:808)
org.testng.TestRunner.run(TestRunner.java:603)
org.testng.SuiteRunner.runTest(SuiteRunner.java:429)
org.testng.SuiteRunner.runSequentially(SuiteRunner.java:423)
org.testng.SuiteRunner.privateRun(SuiteRunner.java:383)
org.testng.SuiteRunner.run(SuiteRunner.java:326)
org.testng.SuiteRunnerWorker.runSuite(SuiteRunnerWorker.java:52)
org.testng.SuiteRunnerWorker.run(SuiteRunnerWorker.java:95)
org.testng.TestNG.runSuitesSequentially(TestNG.java:1249)
org.testng.TestNG.runSuitesLocally(TestNG.java:1169)
org.testng.TestNG.runSuites(TestNG.java:1092)
org.testng.TestNG.run(TestNG.java:1060)
org.apache.maven.surefire.testng.TestNGExecutor.run(TestNGExecutor.java:136)
org.apache.maven.surefire.testng.TestNGDirectoryTestSuite.executeMulti(TestNGDirectoryTestSuite.java:193)
org.apache.maven.surefire.testng.TestNGDirectoryTestSuite.execute(TestNGDirectoryTestSuite.java:94)
org.apache.maven.surefire.testng.TestNGProvider.invoke(TestNGProvider.java:145)
org.apache.maven.surefire.booter.ForkedBooter.runSuitesInProcess(ForkedBooter.java:428)
org.apache.maven.surefire.booter.ForkedBooter.execute(ForkedBooter.java:162)
org.apache.maven.surefire.booter.ForkedBooter.run(ForkedBooter.java:562)
org.apache.maven.surefire.booter.ForkedBooter.main(ForkedBooter.java:548) @11-01-2022 02:00:24.0918 AM
[ReportManager] Element Action [WaitForElementToBePresent] failed. With the following test data [waited for the element's state of presence to be (true). Element locator (By.id: bla)]. @11-01-2022 02:00:25.0047 AM
[ReportManager] Successfully created attachment [Screenshot - 1641866424947_waitForElementToBePresent_true_expectedToFail_WaitForElementToBePresent_failed] @11-01-2022 02:00:25.0050 A
[ReportManager] Browser Action [CloseCurrentWindow] successfully performed. @11-01-2022 02:00:25.0230 AM
[ReportManager] Successfully created attachment [Browser Action Test Data - CloseCurrentWindow - Actual Value] @11-01-2022 02:00:25.0231 A
[ReportManager] File Action [GetAbsolutePath] successfully performed. With the following test data [Relative Folder Path: "target/downloadedFiles/"]. @11-01-2022 02:00:25.0237 AM
[ReportManager] Attempting to run locally on: [Mac-64], [Safari], Headless Execution. @11-01-2022 02:00:25.0237 AM
[ReportManager] Successfully Opened Safari. @11-01-2022 02:00:26.0140 AM
[ReportManager] Initial window size: (800, 600) @11-01-2022 02:00:26.0169 AM
[ReportManager] Window size after SWD Maximize: (1176, 803) @11-01-2022 02:00:26.0223 AM
[ReportManager] Browser Action [MaximizeWindow] successfully performed. With the following test data [New screen size is now: (1176, 803)]. @11-01-2022 02:00:26.0224 A

################################################################################################################################################
Starting Execution:	[5 out of 146] test cases in the current suite
Test Method:		[unitTests.tests_element_elementActions.waitForElementToBePresent_true_expectedToPass]
################################################################################################################################################
[ReportManager] Target URL: [https://www.google.com/ncr], and after redirection: [www.google.com] @11-01-2022 02:00:26.0228 AM
[ReportManager] Initial URL: [] @11-01-2022 02:00:26.0274 AM
[ReportManager] Browser Action [NavigateToURL] successfully performed. With the following test data [https://www.google.com/ncr]. @11-01-2022 02:00:27.0183 AM
[ReportManager] Waiting for element to be present; elementLocator [By.xpath: //*[@id='hplogo' or @alt='Google']], numberOfTries[1], stateOfPresence[true]... @11-01-2022 02:00:27.0183 AM
[ReportManager] Element Action [WaitForElementToBePresent] successfully performed. With the following test data [waited for the element's state of presence to be (true). Element locator (By.xpath: //*[@id='hplogo' or @alt='Google'])]. @11-01-2022 02:00:27.0234 AM
[ReportManager] File Action [DoesFileExist] successfully performed. With the following test data [File Path: "src/main/resources/dynamicObjectRepository/unitTests_tests_element_elementActions_waitForElementToBePresent_true_expectedToPass_By_xpath_id_hplogo_or_alt_Google.png"]. @11-01-2022 02:00:27.0261 AM
[ReportManager] File Action [DoesFileExist] successfully performed. With the following test data [File Path: "src/main/resources/dynamicObjectRepository/unitTests_tests_element_elementActions_waitForElementToBePresent_true_expectedToPass_By_xpath_id_hplogo_or_alt_Google.png"]. @11-01-2022 02:00:27.0405 AM
[ReportManager] Passing the test and saving a reference image @11-01-2022 02:00:27.0406 AM
[ReportManager] File Action [GetAbsolutePath] successfully performed. With the following test data [Relative File Path: "src/main/resources/dynamicObjectRepository/unitTests_tests_element_elementActions_waitForElementToBePresent_true_expectedToPass_By_xpath_id_hplogo_or_alt_Google.png"]. @11-01-2022 02:00:27.0406 AM
[ReportManager] File Action [WriteToFile] successfully performed. With the following test data [Target File Path: "/Users/runner/work/SHAFT_ENGINE/SHAFT_ENGINE/src/main/resources/dynamicObjectRepository/unitTests_tests_element_elementActions_waitForElementToBePresent_true_expectedToPass_By_xpath_id_hplogo_or_alt_Google.png"]. @11-01-2022 02:00:27.0408 AM
[ReportManager] Assertion Passed: Using Visual AI; OpenCV @11-01-2022 02:00:27.0411 AM
[ReportManager] Successfully created attachment [Validation Test Data - Actual Screenshot] @11-01-2022 02:00:27.0413 AM
[ReportManager] Assertion [ValidateElementMatches] PASSED. Expected [Element should match the reference screenshot] and Actual [TRUE]. Comparison Type [EXACT_OPENCV]. Validation Type [POSITIVE]. @11-01-2022 02:00:27.0413 A
[ReportManager] Browser Action [CloseCurrentWindow] successfully performed. @11-01-2022 02:00:27.0559 AM
[ReportManager] Successfully created attachment [Browser Action Test Data - CloseCurrentWindow - Actual Value] @11-01-2022 02:00:27.0560 A
[ReportManager] File Action [GetAbsolutePath] successfully performed. With the following test data [Relative Folder Path: "target/downloadedFiles/"]. @11-01-2022 02:00:27.0566 AM
[ReportManager] Attempting to run locally on: [Mac-64], [Safari], Headless Execution. @11-01-2022 02:00:27.0566 AM
[ReportManager] Successfully Opened Safari. @11-01-2022 02:00:28.0512 AM
[ReportManager] Initial window size: (800, 600) @11-01-2022 02:00:28.0539 AM
[ReportManager] Window size after SWD Maximize: (1176, 803) @11-01-2022 02:00:28.0576 AM
[ReportManager] Browser Action [MaximizeWindow] successfully performed. With the following test data [New screen size is now: (1176, 803)]. @11-01-2022 02:00:28.0576 AM
[ReportManager] Target URL: [https://duckduckgo.com] @11-01-2022 02:00:28.0577 AM
[ReportManager] Initial URL: [] @11-01-2022 02:00:28.0636 AM
[ReportManager] Browser Action [NavigateToURL] successfully performed. With the following test data [https://duckduckgo.com]. @11-01-2022 02:00:29.0523 A

################################################################################################################################################
Starting Execution:	[6 out of 146] test cases in the current suite
Test Method:		[unitTests.tests_browserActions.fullScreenWindow]
################################################################################################################################################
[ReportManager] Initial Windows Size: 1176x803 @11-01-2022 02:00:29.0540 AM
[ReportManager] Current Windows Size after fullScreen: 1176x885 @11-01-2022 02:00:29.0774 AM
[ReportManager] Browser Action [FullScreenWindow] successfully performed. @11-01-2022 02:00:29.0810 AM
[ReportManager] Successfully created attachment [Browser Action Test Data - FullScreenWindow - Actual Value] @11-01-2022 02:00:29.0813 A
[ReportManager] Target URL: [https://duckduckgo.com] @11-01-2022 02:00:29.0835 AM
[ReportManager] Initial URL: [https://duckduckgo.com] @11-01-2022 02:00:29.0910 AM
[ReportManager] Browser Action [NavigateToURL] successfully performed. With the following test data [https://duckduckgo.com]. @11-01-2022 02:00:30.0672 AM
[ReportManager] Browser Action [CloseCurrentWindow] successfully performed. @11-01-2022 02:00:30.0872 AM
[ReportManager] Successfully created attachment [Browser Action Test Data - CloseCurrentWindow - Actual Value] @11-01-2022 02:00:30.0874 A
[ReportManager] File Action [GetAbsolutePath] successfully performed. With the following test data [Relative Folder Path: "target/downloadedFiles/"]. @11-01-2022 02:00:30.0880 AM
[ReportManager] Attempting to run locally on: [Mac-64], [Safari], Headless Execution. @11-01-2022 02:00:30.0881 AM
[ReportManager] Successfully Opened Safari. @11-01-2022 02:00:31.0818 AM
[ReportManager] Initial window size: (800, 600) @11-01-2022 02:00:31.0858 AM
[ReportManager] Window size after SWD Maximize: (1176, 803) @11-01-2022 02:00:31.0902 AM
[ReportManager] Browser Action [MaximizeWindow] successfully performed. With the following test data [New screen size is now: (1176, 803)]. @11-01-2022 02:00:31.0904 AM
[ReportManager] Target URL: [https://duckduckgo.com] @11-01-2022 02:00:31.0904 AM
[ReportManager] Initial URL: [] @11-01-2022 02:00:31.0949 AM
[ReportManager] Browser Action [NavigateToURL] successfully performed. With the following test data [https://duckduckgo.com]. @11-01-2022 02:00:32.0719 A

################################################################################################################################################
Starting Execution:	[7 out of 146] test cases in the current suite
Test Method:		[unitTests.tests_browserActions.getCurrentURL]
################################################################################################################################################
[ReportManager] Browser Action [GetCurrentURL] successfully performed. With the following test data [https://duckduckgo.com/]. @11-01-2022 02:00:32.0754 A
[ReportManager] Target URL: [https://duckduckgo.com] @11-01-2022 02:00:32.0757 AM
[ReportManager] Initial URL: [https://duckduckgo.com] @11-01-2022 02:00:32.0813 AM
[ReportManager] Browser Action [NavigateToURL] successfully performed. With the following test data [https://duckduckgo.com]. @11-01-2022 02:00:33.0188 AM
[ReportManager] Browser Action [CloseCurrentWindow] successfully performed. @11-01-2022 02:00:33.0490 AM
[ReportManager] Successfully created attachment [Browser Action Test Data - CloseCurrentWindow - Actual Value] @11-01-2022 02:00:33.0491 A
[ReportManager] File Action [GetAbsolutePath] successfully performed. With the following test data [Relative Folder Path: "target/downloadedFiles/"]. @11-01-2022 02:00:33.0495 AM
[ReportManager] Attempting to run locally on: [Mac-64], [Safari], Headless Execution. @11-01-2022 02:00:33.0495 AM
[ReportManager] Successfully Opened Safari. @11-01-2022 02:00:34.0379 AM
[ReportManager] Initial window size: (800, 600) @11-01-2022 02:00:34.0388 AM
[ReportManager] Window size after SWD Maximize: (1176, 803) @11-01-2022 02:00:34.0409 AM
[ReportManager] Browser Action [MaximizeWindow] successfully performed. With the following test data [New screen size is now: (1176, 803)]. @11-01-2022 02:00:34.0409 AM
[ReportManager] Target URL: [https://duckduckgo.com] @11-01-2022 02:00:34.0410 AM
[ReportManager] Initial URL: [] @11-01-2022 02:00:34.0478 AM
[ReportManager] Browser Action [NavigateToURL] successfully performed. With the following test data [https://duckduckgo.com]. @11-01-2022 02:00:35.0432 A

################################################################################################################################################
Starting Execution:	[8 out of 146] test cases in the current suite
Test Method:		[unitTests.tests_browserActions.getCurrentWindowTitle]
################################################################################################################################################
[ReportManager] Browser Action [GetCurrentWindowTitle] successfully performed. With the following test data [DuckDuckGo â€” Privacy, simplified.]. @11-01-2022 02:00:35.0463 A
[ReportManager] Target URL: [https://duckduckgo.com] @11-01-2022 02:00:35.0466 AM
[ReportManager] Initial URL: [https://duckduckgo.com] @11-01-2022 02:00:35.0507 AM
[ReportManager] Browser Action [NavigateToURL] successfully performed. With the following test data [https://duckduckgo.com]. @11-01-2022 02:00:35.0846 AM
[ReportManager] Browser Action [CloseCurrentWindow] successfully performed. @11-01-2022 02:00:35.0956 AM
[ReportManager] Successfully created attachment [Browser Action Test Data - CloseCurrentWindow - Actual Value] @11-01-2022 02:00:35.0957 A
[ReportManager] File Action [GetAbsolutePath] successfully performed. With the following test data [Relative Folder Path: "target/downloadedFiles/"]. @11-01-2022 02:00:35.0966 AM
[ReportManager] Attempting to run locally on: [Mac-64], [Safari], Headless Execution. @11-01-2022 02:00:35.0967 AM
[ReportManager] Successfully Opened Safari. @11-01-2022 02:00:36.0993 AM
[ReportManager] Initial window size: (800, 600) @11-01-2022 02:00:37.0005 AM
[ReportManager] Window size after SWD Maximize: (1176, 803) @11-01-2022 02:00:37.0041 AM
[ReportManager] Browser Action [MaximizeWindow] successfully performed. With the following test data [New screen size is now: (1176, 803)]. @11-01-2022 02:00:37.0041 AM
[ReportManager] Target URL: [https://duckduckgo.com] @11-01-2022 02:00:37.0041 AM
[ReportManager] Initial URL: [] @11-01-2022 02:00:37.0092 AM
[ReportManager] Browser Action [NavigateToURL] successfully performed. With the following test data [https://duckduckgo.com]. @11-01-2022 02:00:37.0847 A

################################################################################################################################################
Starting Execution:	[9 out of 146] test cases in the current suite
Test Method:		[unitTests.tests_browserActions.getPageSource]
################################################################################################################################################
[ReportManager] Browser Action [GetPageSource] successfully performed. @11-01-2022 02:00:37.0904 AM
[ReportManager] Successfully created attachment [Browser Action Test Data - GetPageSource - Actual Value] @11-01-2022 02:00:37.0905 A
[ReportManager] Target URL: [https://duckduckgo.com] @11-01-2022 02:00:37.0907 AM
[ReportManager] Initial URL: [https://duckduckgo.com] @11-01-2022 02:00:37.0966 AM
[ReportManager] Browser Action [NavigateToURL] successfully performed. With the following test data [https://duckduckgo.com]. @11-01-2022 02:00:38.0358 AM
[ReportManager] Browser Action [CloseCurrentWindow] successfully performed. @11-01-2022 02:00:38.0725 AM
[ReportManager] Successfully created attachment [Browser Action Test Data - CloseCurrentWindow - Actual Value] @11-01-2022 02:00:38.0726 A
[ReportManager] File Action [GetAbsolutePath] successfully performed. With the following test data [Relative Folder Path: "target/downloadedFiles/"]. @11-01-2022 02:00:38.0730 AM
[ReportManager] Attempting to run locally on: [Mac-64], [Safari], Headless Execution. @11-01-2022 02:00:38.0730 AM
[ReportManager] Successfully Opened Safari. @11-01-2022 02:00:39.0583 AM
[ReportManager] Initial window size: (800, 600) @11-01-2022 02:00:39.0601 AM
[ReportManager] Window size after SWD Maximize: (1176, 803) @11-01-2022 02:00:39.0644 AM
[ReportManager] Browser Action [MaximizeWindow] successfully performed. With the following test data [New screen size is now: (1176, 803)]. @11-01-2022 02:00:39.0645 AM
[ReportManager] Target URL: [https://duckduckgo.com] @11-01-2022 02:00:39.0645 AM
[ReportManager] Initial URL: [] @11-01-2022 02:00:39.0748 AM
[ReportManager] Browser Action [NavigateToURL] successfully performed. With the following test data [https://duckduckgo.com]. @11-01-2022 02:00:40.0565 A

################################################################################################################################################
Starting Execution:	[10 out of 146] test cases in the current suite
Test Method:		[unitTests.tests_browserActions.getWindowHandle]
################################################################################################################################################
[ReportManager] Browser Action [GetWindowHandle] successfully performed. With the following test data [page-B3C1CF83-5333-4110-9EF0-F56255FD8667]. @11-01-2022 02:00:40.0622 A
[ReportManager] Target URL: [https://duckduckgo.com] @11-01-2022 02:00:40.0625 AM
[ReportManager] Initial URL: [https://duckduckgo.com] @11-01-2022 02:00:40.0662 AM
[ReportManager] Browser Action [NavigateToURL] successfully performed. With the following test data [https://duckduckgo.com]. @11-01-2022 02:00:40.0995 AM
[ReportManager] Browser Action [CloseCurrentWindow] successfully performed. @11-01-2022 02:00:41.0308 AM
[ReportManager] Successfully created attachment [Browser Action Test Data - CloseCurrentWindow - Actual Value] @11-01-2022 02:00:41.0309 A
[ReportManager] File Action [GetAbsolutePath] successfully performed. With the following test data [Relative Folder Path: "target/downloadedFiles/"]. @11-01-2022 02:00:41.0312 AM
[ReportManager] Attempting to run locally on: [Mac-64], [Safari], Headless Execution. @11-01-2022 02:00:41.0313 AM
[ReportManager] Successfully Opened Safari. @11-01-2022 02:00:42.0176 AM
[ReportManager] Initial window size: (800, 600) @11-01-2022 02:00:42.0201 AM
[ReportManager] Window size after SWD Maximize: (1176, 803) @11-01-2022 02:00:42.0240 AM
[ReportManager] Browser Action [MaximizeWindow] successfully performed. With the following test data [New screen size is now: (1176, 803)]. @11-01-2022 02:00:42.0241 AM
[ReportManager] Target URL: [https://duckduckgo.com] @11-01-2022 02:00:42.0241 AM
[ReportManager] Initial URL: [] @11-01-2022 02:00:42.0294 AM
[ReportManager] Browser Action [NavigateToURL] successfully performed. With the following test data [https://duckduckgo.com]. @11-01-2022 02:00:43.0121 A

################################################################################################################################################
Starting Execution:	[11 out of 146] test cases in the current suite
Test Method:		[unitTests.tests_browserActions.getWindowPosition]
################################################################################################################################################
[ReportManager] Browser Action [GetWindowPosition] successfully performed. With the following test data [(0, 25)]. @11-01-2022 02:00:43.0167 A
[ReportManager] Target URL: [https://duckduckgo.com] @11-01-2022 02:00:43.0170 AM
[ReportManager] Initial URL: [https://duckduckgo.com] @11-01-2022 02:00:43.0205 AM
[ReportManager] Browser Action [NavigateToURL] successfully performed. With the following test data [https://duckduckgo.com]. @11-01-2022 02:00:43.0545 AM
[ReportManager] Browser Action [CloseCurrentWindow] successfully performed. @11-01-2022 02:00:43.0855 AM
[ReportManager] Successfully created attachment [Browser Action Test Data - CloseCurrentWindow - Actual Value] @11-01-2022 02:00:43.0856 A
[ReportManager] File Action [GetAbsolutePath] successfully performed. With the following test data [Relative Folder Path: "target/downloadedFiles/"]. @11-01-2022 02:00:43.0860 AM
[ReportManager] Attempting to run locally on: [Mac-64], [Safari], Headless Execution. @11-01-2022 02:00:43.0861 AM
[ReportManager] Successfully Opened Safari. @11-01-2022 02:00:44.0720 AM
[ReportManager] Initial window size: (800, 600) @11-01-2022 02:00:44.0742 AM
[ReportManager] Window size after SWD Maximize: (1176, 803) @11-01-2022 02:00:44.0774 AM
[ReportManager] Browser Action [MaximizeWindow] successfully performed. With the following test data [New screen size is now: (1176, 803)]. @11-01-2022 02:00:44.0774 AM
[ReportManager] Target URL: [https://duckduckgo.com] @11-01-2022 02:00:44.0775 AM
[ReportManager] Initial URL: [] @11-01-2022 02:00:44.0831 AM
[ReportManager] Browser Action [NavigateToURL] successfully performed. With the following test data [https://duckduckgo.com]. @11-01-2022 02:00:45.0561 A

################################################################################################################################################
Starting Execution:	[12 out of 146] test cases in the current suite
Test Method:		[unitTests.tests_browserActions.getWindowSize]
################################################################################################################################################
[ReportManager] Browser Action [GetWindowSize] successfully performed. With the following test data [(1176, 803)]. @11-01-2022 02:00:45.0613 A
[ReportManager] Target URL: [https://duckduckgo.com] @11-01-2022 02:00:45.0618 AM
[ReportManager] Initial URL: [https://duckduckgo.com] @11-01-2022 02:00:45.0667 AM
[ReportManager] Browser Action [NavigateToURL] successfully performed. With the following test data [https://duckduckgo.com]. @11-01-2022 02:00:46.0000 AM
[ReportManager] Browser Action [CloseCurrentWindow] successfully performed. @11-01-2022 02:00:46.0145 AM
[ReportManager] Successfully created attachment [Browser Action Test Data - CloseCurrentWindow - Actual Value] @11-01-2022 02:00:46.0146 A
[ReportManager] File Action [GetAbsolutePath] successfully performed. With the following test data [Relative Folder Path: "target/downloadedFiles/"]. @11-01-2022 02:00:46.0150 AM
[ReportManager] Attempting to run locally on: [Mac-64], [Safari], Headless Execution. @11-01-2022 02:00:46.0150 AM
[ReportManager] Successfully Opened Safari. @11-01-2022 02:00:46.0999 AM
[ReportManager] Initial window size: (800, 600) @11-01-2022 02:00:47.0016 AM
[ReportManager] Window size after SWD Maximize: (1176, 803) @11-01-2022 02:00:47.0038 AM
[ReportManager] Browser Action [MaximizeWindow] successfully performed. With the following test data [New screen size is now: (1176, 803)]. @11-01-2022 02:00:47.0039 AM
[ReportManager] Target URL: [https://duckduckgo.com] @11-01-2022 02:00:47.0039 AM
[ReportManager] Initial URL: [] @11-01-2022 02:00:47.0108 AM
[ReportManager] Browser Action [NavigateToURL] successfully performed. With the following test data [https://duckduckgo.com]. @11-01-2022 02:00:47.0741 A

################################################################################################################################################
Starting Execution:	[13 out of 146] test cases in the current suite
Test Method:		[unitTests.tests_browserActions.maximizeWindow]
################################################################################################################################################
[ReportManager] Initial window size: (1176, 803) @11-01-2022 02:00:47.0749 AM
[ReportManager] Window size after SWD Maximize: (1176, 803) @11-01-2022 02:00:47.0760 AM
[ReportManager] Window size after Toolkit: (1920, 1080) @11-01-2022 02:00:47.0848 AM
[ReportManager] Browser Action [MaximizeWindow] successfully performed. With the following test data [New screen size is now: (1920, 1080)]. @11-01-2022 02:00:47.0854 A
[ReportManager] Target URL: [https://duckduckgo.com] @11-01-2022 02:00:47.0857 AM
[ReportManager] Initial URL: [https://duckduckgo.com] @11-01-2022 02:00:47.0902 AM
[ReportManager] Browser Action [NavigateToURL] successfully performed. With the following test data [https://duckduckgo.com]. @11-01-2022 02:00:48.0265 AM
[ReportManager] Browser Action [CloseCurrentWindow] successfully performed. @11-01-2022 02:00:48.0631 AM
[ReportManager] Successfully created attachment [Browser Action Test Data - CloseCurrentWindow - Actual Value] @11-01-2022 02:00:48.0632 A
[ReportManager] File Action [GetAbsolutePath] successfully performed. With the following test data [Relative Folder Path: "target/downloadedFiles/"]. @11-01-2022 02:00:48.0635 AM
[ReportManager] Attempting to run locally on: [Mac-64], [Safari], Headless Execution. @11-01-2022 02:00:48.0636 AM
[ReportManager] Successfully Opened Safari. @11-01-2022 02:00:49.0489 AM
[ReportManager] Initial window size: (800, 600) @11-01-2022 02:00:49.0515 AM
[ReportManager] Window size after SWD Maximize: (1176, 803) @11-01-2022 02:00:49.0535 AM
[ReportManager] Browser Action [MaximizeWindow] successfully performed. With the following test data [New screen size is now: (1176, 803)]. @11-01-2022 02:00:49.0535 AM
[ReportManager] Target URL: [https://duckduckgo.com] @11-01-2022 02:00:49.0536 AM
[ReportManager] Initial URL: [] @11-01-2022 02:00:49.0599 AM
[ReportManager] Browser Action [NavigateToURL] successfully performed. With the following test data [https://duckduckgo.com]. @11-01-2022 02:00:50.0431 A

################################################################################################################################################
Starting Execution:	[14 out of 146] test cases in the current suite
Test Method:		[unitTests.tests_browserActions.navigateBack]
################################################################################################################################################
[ReportManager] Target URL: [https://www.google.com/ncr], and after redirection: [https://www.google.com] @11-01-2022 02:00:50.0436 AM
[ReportManager] Initial URL: [https://duckduckgo.com] @11-01-2022 02:00:50.0482 AM
[ReportManager] Browser Action [NavigateToURL] successfully performed. With the following test data [https://www.google.com/ncr]. @11-01-2022 02:00:51.0253 AM
[ReportManager] Browser Action [NavigateBack] successfully performed. With the following test data [https://duckduckgo.com/]. @11-01-2022 02:00:51.0407 AM
[ReportManager] Browser Action [GetCurrentURL] successfully performed. With the following test data [https://duckduckgo.com/]. @11-01-2022 02:00:51.0440 AM
[ReportManager] Assertion Passed: Confirming that navigating back was successful @11-01-2022 02:00:51.0575 AM
[ReportManager] Successfully created attachment [Screenshot - 1641866451479_navigateBack_ValidateBrowserAttribute_passed] @11-01-2022 02:00:51.0580 AM
[ReportManager] Assertion [ValidateBrowserAttribute] PASSED. Expected [Value Should be 'https://duckduckgo.com' for the 'CurrentUrl' attribute] and Actual [https://duckduckgo.com/]. Comparison Type [CONTAINS]. Validation Type [POSITIVE]. @11-01-2022 02:00:51.0580 A
[ReportManager] Target URL: [https://duckduckgo.com] @11-01-2022 02:00:51.0585 AM
[ReportManager] Initial URL: [https://duckduckgo.com] @11-01-2022 02:00:51.0643 AM
[ReportManager] Browser Action [NavigateToURL] successfully performed. With the following test data [https://duckduckgo.com]. @11-01-2022 02:00:51.0996 AM
[ReportManager] Browser Action [CloseCurrentWindow] successfully performed. @11-01-2022 02:00:52.0364 AM
[ReportManager] Successfully created attachment [Browser Action Test Data - CloseCurrentWindow - Actual Value] @11-01-2022 02:00:52.0366 A
[ReportManager] File Action [GetAbsolutePath] successfully performed. With the following test data [Relative Folder Path: "target/downloadedFiles/"]. @11-01-2022 02:00:52.0371 AM
[ReportManager] Attempting to run locally on: [Mac-64], [Safari], Headless Execution. @11-01-2022 02:00:52.0372 AM
[ReportManager] Successfully Opened Safari. @11-01-2022 02:00:53.0273 AM
[ReportManager] Initial window size: (800, 600) @11-01-2022 02:00:53.0295 AM
[ReportManager] Window size after SWD Maximize: (1176, 803) @11-01-2022 02:00:53.0335 AM
[ReportManager] Browser Action [MaximizeWindow] successfully performed. With the following test data [New screen size is now: (1176, 803)]. @11-01-2022 02:00:53.0335 AM
[ReportManager] Target URL: [https://duckduckgo.com] @11-01-2022 02:00:53.0335 AM
[ReportManager] Initial URL: [] @11-01-2022 02:00:53.0396 AM
[ReportManager] Browser Action [NavigateToURL] successfully performed. With the following test data [https://duckduckgo.com]. @11-01-2022 02:00:54.0337 A

################################################################################################################################################
Starting Execution:	[15 out of 146] test cases in the current suite
Test Method:		[unitTests.tests_browserActions.navigateForward]
################################################################################################################################################
[ReportManager] Target URL: [https://www.google.com/ncr], and after redirection: [https://www.google.com] @11-01-2022 02:00:54.0343 AM
[ReportManager] Initial URL: [https://duckduckgo.com] @11-01-2022 02:00:54.0403 AM
[ReportManager] Browser Action [NavigateToURL] successfully performed. With the following test data [https://www.google.com/ncr]. @11-01-2022 02:00:55.0247 AM
[ReportManager] Browser Action [NavigateBack] successfully performed. With the following test data [https://duckduckgo.com/]. @11-01-2022 02:00:55.0420 AM
[ReportManager] Browser Action [NavigateForward] successfully performed. With the following test data [https://www.google.com/]. @11-01-2022 02:00:55.0548 A
[ReportManager] Target URL: [https://duckduckgo.com] @11-01-2022 02:00:55.0551 AM
[ReportManager] Initial URL: [https://www.google.com] @11-01-2022 02:00:55.0590 AM
[ReportManager] Browser Action [NavigateToURL] successfully performed. With the following test data [https://duckduckgo.com]. @11-01-2022 02:00:55.0931 AM
[ReportManager] Browser Action [CloseCurrentWindow] successfully performed. @11-01-2022 02:00:56.0089 AM
[ReportManager] Successfully created attachment [Browser Action Test Data - CloseCurrentWindow - Actual Value] @11-01-2022 02:00:56.0090 A
[ReportManager] File Action [GetAbsolutePath] successfully performed. With the following test data [Relative Folder Path: "target/downloadedFiles/"]. @11-01-2022 02:00:56.0093 AM
[ReportManager] Attempting to run locally on: [Mac-64], [Safari], Headless Execution. @11-01-2022 02:00:56.0093 AM
[ReportManager] Successfully Opened Safari. @11-01-2022 02:00:57.0146 AM
[ReportManager] Initial window size: (800, 600) @11-01-2022 02:00:57.0167 AM
[ReportManager] Window size after SWD Maximize: (1176, 803) @11-01-2022 02:00:57.0182 AM
[ReportManager] Browser Action [MaximizeWindow] successfully performed. With the following test data [New screen size is now: (1176, 803)]. @11-01-2022 02:00:57.0182 AM
[ReportManager] Target URL: [https://duckduckgo.com] @11-01-2022 02:00:57.0183 AM
[ReportManager] Initial URL: [] @11-01-2022 02:00:57.0244 AM
[ReportManager] Browser Action [NavigateToURL] successfully performed. With the following test data [https://duckduckgo.com]. @11-01-2022 02:00:57.0910 A

################################################################################################################################################
Starting Execution:	[16 out of 146] test cases in the current suite
Test Method:		[unitTests.tests_browserActions.navigateToURL]
################################################################################################################################################
[ReportManager] Target URL: [https://duckduckgo.com] @11-01-2022 02:00:57.0916 AM
[ReportManager] Initial URL: [https://duckduckgo.com] @11-01-2022 02:00:57.0965 AM
[ReportManager] Browser Action [NavigateToURL] successfully performed. With the following test data [https://duckduckgo.com]. @11-01-2022 02:00:58.0325 A
[ReportManager] Target URL: [https://duckduckgo.com] @11-01-2022 02:00:58.0333 AM
[ReportManager] Initial URL: [https://duckduckgo.com] @11-01-2022 02:00:58.0368 AM
[ReportManager] Browser Action [NavigateToURL] successfully performed. With the following test data [https://duckduckgo.com]. @11-01-2022 02:00:58.0698 AM
[ReportManager] Browser Action [CloseCurrentWindow] successfully performed. @11-01-2022 02:00:59.0006 AM
[ReportManager] Successfully created attachment [Browser Action Test Data - CloseCurrentWindow - Actual Value] @11-01-2022 02:00:59.0007 A
[ReportManager] File Action [GetAbsolutePath] successfully performed. With the following test data [Relative Folder Path: "target/downloadedFiles/"]. @11-01-2022 02:00:59.0010 AM
[ReportManager] Attempting to run locally on: [Mac-64], [Safari], Headless Execution. @11-01-2022 02:00:59.0010 AM
[ReportManager] Successfully Opened Safari. @11-01-2022 02:00:59.0892 AM
[ReportManager] Initial window size: (800, 600) @11-01-2022 02:00:59.0910 AM
[ReportManager] Window size after SWD Maximize: (1176, 803) @11-01-2022 02:00:59.0951 AM
[ReportManager] Browser Action [MaximizeWindow] successfully performed. With the following test data [New screen size is now: (1176, 803)]. @11-01-2022 02:00:59.0952 AM
[ReportManager] Target URL: [https://duckduckgo.com] @11-01-2022 02:00:59.0952 AM
[ReportManager] Initial URL: [] @11-01-2022 02:01:00.0021 AM
[ReportManager] Browser Action [NavigateToURL] successfully performed. With the following test data [https://duckduckgo.com]. @11-01-2022 02:01:01.0058 A

################################################################################################################################################
Starting Execution:	[17 out of 146] test cases in the current suite
Test Method:		[unitTests.tests_browserActions.navigateToURLWithRedirection]
################################################################################################################################################
[ReportManager] Target URL: [https://www.google.com/ncr], and after redirection: [https://www.google.com] @11-01-2022 02:01:01.0061 AM
[ReportManager] Initial URL: [https://duckduckgo.com] @11-01-2022 02:01:01.0112 AM
[ReportManager] Browser Action [NavigateToURL] successfully performed. With the following test data [https://www.google.com/ncr]. @11-01-2022 02:01:02.0435 A
[ReportManager] Target URL: [https://duckduckgo.com] @11-01-2022 02:01:02.0437 AM
[ReportManager] Initial URL: [https://www.google.com] @11-01-2022 02:01:02.0472 AM
[ReportManager] Browser Action [NavigateToURL] successfully performed. With the following test data [https://duckduckgo.com]. @11-01-2022 02:01:02.0817 AM
[ReportManager] Browser Action [CloseCurrentWindow] successfully performed. @11-01-2022 02:01:03.0192 AM
[ReportManager] Successfully created attachment [Browser Action Test Data - CloseCurrentWindow - Actual Value] @11-01-2022 02:01:03.0192 A
[ReportManager] File Action [GetAbsolutePath] successfully performed. With the following test data [Relative Folder Path: "target/downloadedFiles/"]. @11-01-2022 02:01:03.0195 AM
[ReportManager] Attempting to run locally on: [Mac-64], [Safari], Headless Execution. @11-01-2022 02:01:03.0196 AM
[ReportManager] An Exception Occured with this Message: Could not start a new session. Possible causes are invalid address of the remote server or browser start-up failure.. @11-01-2022 02:01:03.0279 AM
[ReportManager] Successfully created attachment [Exception Stack Trace - org.openqa.selenium.SessionNotCreatedException] @11-01-2022 02:01:03.0280 AM
[ReportManager] Driver Factory Action [createNewLocalDriverInstanceForSafari] failed. With the following test data [Failed to create a session on DESKTOP_SAFARI]. @11-01-2022 02:01:03.0281 A

################################################################################################################################################
Starting Execution:	[18 out of 146] test cases in the current suite
Test Method:		[unitTests.tests_browserActions.refreshCurrentPage]
###############################################################################################################################################



################################################################################################################################################
Starting Execution:	[19 out of 146] test cases in the current suite
Test Method:		[unitTests.tests_browserActions.setWindowSize]
###############################################################################################################################################

[ReportManager] Successfully loaded the following test data file [src/test/resources/testDataFiles/testSuite01/TestData.xlsx]. @11-01-2022 02:01:04.0479 AM
[ReportManager] Successfully created attachment [Test Data - Excel] @11-01-2022 02:01:04.0480 A

################################################################################################################################################
Starting Execution:	[20 out of 146] test cases in the current suite
Test Method:		[unitTests.tests_io_excelFileManager.getCellData_rowName_expectedToPass]
################################################################################################################################################
[ReportManager] testRowData. @11-01-2022 02:01:04.0494 A

################################################################################################################################################
Starting Execution:	[21 out of 146] test cases in the current suite
Test Method:		[unitTests.tests_validations_assertions.assertComparativeRelation_greaterThanOrEquals_false_equals_expectedToFail]
################################################################################################################################################
[ReportManager] Assertion [ValidateComparativeRelation] FAILED. Expected [1] and Actual [1]. Comparison Type [GREATER_THAN_OR_EQUALS]. Validation Type [NEGATIVE]. @11-01-2022 02:01:04.0501 A

################################################################################################################################################
Starting Execution:	[22 out of 146] test cases in the current suite
Test Method:		[unitTests.tests_validations_assertions.assertComparativeRelation_greaterThanOrEquals_false_equals_expectedToPass]
################################################################################################################################################
[ReportManager] Assertion [ValidateComparativeRelation] PASSED. Expected [2] and Actual [1]. Comparison Type [GREATER_THAN_OR_EQUALS]. Validation Type [NEGATIVE]. @11-01-2022 02:01:04.0507 A

################################################################################################################################################
Starting Execution:	[23 out of 146] test cases in the current suite
Test Method:		[unitTests.tests_validations_assertions.assertComparativeRelation_greaterThanOrEquals_false_greaterThan_expectedToFail]
################################################################################################################################################
[ReportManager] Assertion [ValidateComparativeRelation] FAILED. Expected [1] and Actual [2]. Comparison Type [GREATER_THAN_OR_EQUALS]. Validation Type [NEGATIVE]. @11-01-2022 02:01:04.0512 A

################################################################################################################################################
Starting Execution:	[24 out of 146] test cases in the current suite
Test Method:		[unitTests.tests_validations_assertions.assertComparativeRelation_greaterThanOrEquals_false_greaterThan_expectedToPass]
################################################################################################################################################
[ReportManager] Assertion [ValidateComparativeRelation] PASSED. Expected [2] and Actual [1]. Comparison Type [GREATER_THAN_OR_EQUALS]. Validation Type [NEGATIVE]. @11-01-2022 02:01:04.0516 A

################################################################################################################################################
Starting Execution:	[25 out of 146] test cases in the current suite
Test Method:		[unitTests.tests_validations_assertions.assertComparativeRelation_greaterThanOrEquals_true_equals_expectedToFail]
################################################################################################################################################
[ReportManager] Assertion [ValidateComparativeRelation] FAILED. Expected [1] and Actual [0]. Comparison Type [GREATER_THAN_OR_EQUALS]. Validation Type [POSITIVE]. @11-01-2022 02:01:04.0520 A

################################################################################################################################################
Starting Execution:	[26 out of 146] test cases in the current suite
Test Method:		[unitTests.tests_validations_assertions.assertComparativeRelation_greaterThanOrEquals_true_equals_expectedToPass]
################################################################################################################################################
[ReportManager] Assertion [ValidateComparativeRelation] PASSED. Expected [1] and Actual [1]. Comparison Type [GREATER_THAN_OR_EQUALS]. Validation Type [POSITIVE]. @11-01-2022 02:01:04.0525 A

################################################################################################################################################
Starting Execution:	[27 out of 146] test cases in the current suite
Test Method:		[unitTests.tests_validations_assertions.assertComparativeRelation_greaterThanOrEquals_true_greaterThan_expectedToFail]
################################################################################################################################################
[ReportManager] Assertion [ValidateComparativeRelation] FAILED. Expected [2] and Actual [1]. Comparison Type [GREATER_THAN_OR_EQUALS]. Validation Type [POSITIVE]. @11-01-2022 02:01:04.0530 A

################################################################################################################################################
Starting Execution:	[28 out of 146] test cases in the current suite
Test Method:		[unitTests.tests_validations_assertions.assertComparativeRelation_greaterThanOrEquals_true_greaterThan_expectedToPass]
################################################################################################################################################
[ReportManager] Assertion [ValidateComparativeRelation] PASSED. Expected [1] and Actual [2]. Comparison Type [GREATER_THAN_OR_EQUALS]. Validation Type [POSITIVE]. @11-01-2022 02:01:04.0535 A
[ReportManager] File Action [GetAbsolutePath] successfully performed. With the following test data [Relative Folder Path: "target/downloadedFiles/"]. @11-01-2022 02:01:04.0538 AM
[ReportManager] Attempting to run locally on: [Mac-64], [Safari], Headless Execution. @11-01-2022 02:01:04.0538 AM
[ReportManager] Successfully Opened Safari. @11-01-2022 02:01:05.0563 AM
[ReportManager] Initial window size: (800, 600) @11-01-2022 02:01:05.0601 AM
[ReportManager] Window size after SWD Maximize: (1176, 803) @11-01-2022 02:01:05.0635 AM
[ReportManager] Browser Action [MaximizeWindow] successfully performed. With the following test data [New screen size is now: (1176, 803)]. @11-01-2022 02:01:05.0636 AM
[ReportManager] Target URL: [https://www.google.com/ncr], and after redirection: [www.google.com] @11-01-2022 02:01:05.0636 AM
[ReportManager] Initial URL: [] @11-01-2022 02:01:05.0707 AM
[ReportManager] Browser Action [NavigateToURL] successfully performed. With the following test data [https://www.google.com/ncr]. @11-01-2022 02:01:06.0637 A

################################################################################################################################################
Starting Execution:	[29 out of 146] test cases in the current suite
Test Method:		[unitTests.tests_validations_assertions.assertElementAttribute_false_caseInsensitiveComparison_expectedToFail]
################################################################################################################################################
[ReportManager] Element Action [Type] successfully performed. With the following test data [AUTOMATION]. @11-01-2022 02:01:07.0057 AM
[ReportManager] Element Action [GetText] successfully performed. With the following test data [AUTOMATION]. @11-01-2022 02:01:07.0126 AM
[ReportManager] Loaded Shared OpenCV @11-01-2022 02:01:08.0360 AM
[ReportManager] Assertion [ValidateElementAttribute] FAILED. Expected [Value Should not be 'AutomaTion' for the 'text' attribute, element locator 'By.name: q'] and Actual [AUTOMATION]. Comparison Type [CASE_INSENSITIVE]. Validation Type [NEGATIVE]. @11-01-2022 02:01:08.0654 AM
[ReportManager] Successfully created attachment [Screenshot - 1641866467208_assertElementAttribute_false_caseInsensitiveComparison_expectedToFail_ValidateElementAttribute_failed] @11-01-2022 02:01:08.0658 A
[ReportManager] Browser Action [CloseCurrentWindow] successfully performed. @11-01-2022 02:01:09.0021 AM
[ReportManager] Successfully created attachment [Browser Action Test Data - CloseCurrentWindow - Actual Value] @11-01-2022 02:01:09.0022 A
[ReportManager] File Action [GetAbsolutePath] successfully performed. With the following test data [Relative Folder Path: "target/downloadedFiles/"]. @11-01-2022 02:01:09.0027 AM
[ReportManager] Attempting to run locally on: [Mac-64], [Safari], Headless Execution. @11-01-2022 02:01:09.0027 AM
[ReportManager] Successfully Opened Safari. @11-01-2022 02:01:09.0936 AM
[ReportManager] Initial window size: (800, 600) @11-01-2022 02:01:09.0951 AM
[ReportManager] Window size after SWD Maximize: (1176, 803) @11-01-2022 02:01:09.0975 AM
[ReportManager] Browser Action [MaximizeWindow] successfully performed. With the following test data [New screen size is now: (1176, 803)]. @11-01-2022 02:01:09.0975 AM
[ReportManager] Target URL: [https://www.google.com/ncr], and after redirection: [www.google.com] @11-01-2022 02:01:09.0975 AM
[ReportManager] Initial URL: [] @11-01-2022 02:01:10.0037 AM
[ReportManager] Browser Action [NavigateToURL] successfully performed. With the following test data [https://www.google.com/ncr]. @11-01-2022 02:01:10.0828 A

################################################################################################################################################
Starting Execution:	[30 out of 146] test cases in the current suite
Test Method:		[unitTests.tests_validations_assertions.assertElementAttribute_false_caseInsensitiveComparison_expectedToPass]
################################################################################################################################################
[ReportManager] Element Action [Type] successfully performed. With the following test data [AUTOMATION]. @11-01-2022 02:01:11.0310 AM
[ReportManager] Element Action [GetText] successfully performed. With the following test data [AUTOMATION]. @11-01-2022 02:01:11.0378 AM
[ReportManager] Loaded Shared OpenCV @11-01-2022 02:01:11.0451 AM
[ReportManager] Assertion [ValidateElementAttribute] PASSED. Expected [Value Should not be 'AutomaTion123' for the 'text' attribute, element locator 'By.name: q'] and Actual [AUTOMATION]. Comparison Type [CASE_INSENSITIVE]. Validation Type [NEGATIVE]. @11-01-2022 02:01:11.0554 AM
[ReportManager] Successfully created attachment [Screenshot - 1641866471451_assertElementAttribute_false_caseInsensitiveComparison_expectedToPass_ValidateElementAttribute_passed] @11-01-2022 02:01:11.0556 A
[ReportManager] Browser Action [CloseCurrentWindow] successfully performed. @11-01-2022 02:01:11.0848 AM
[ReportManager] Successfully created attachment [Browser Action Test Data - CloseCurrentWindow - Actual Value] @11-01-2022 02:01:11.0849 A
[ReportManager] File Action [GetAbsolutePath] successfully performed. With the following test data [Relative Folder Path: "target/downloadedFiles/"]. @11-01-2022 02:01:11.0853 AM
[ReportManager] Attempting to run locally on: [Mac-64], [Safari], Headless Execution. @11-01-2022 02:01:11.0853 AM
[ReportManager] Successfully Opened Safari. @11-01-2022 02:01:12.0694 AM
[ReportManager] Initial window size: (800, 600) @11-01-2022 02:01:12.0711 AM
[ReportManager] Window size after SWD Maximize: (1176, 803) @11-01-2022 02:01:12.0745 AM
[ReportManager] Browser Action [MaximizeWindow] successfully performed. With the following test data [New screen size is now: (1176, 803)]. @11-01-2022 02:01:12.0745 AM
[ReportManager] Target URL: [https://www.google.com/ncr], and after redirection: [www.google.com] @11-01-2022 02:01:12.0745 AM
[ReportManager] Initial URL: [] @11-01-2022 02:01:12.0789 AM
[ReportManager] Browser Action [NavigateToURL] successfully performed. With the following test data [https://www.google.com/ncr]. @11-01-2022 02:01:14.0138 A

################################################################################################################################################
Starting Execution:	[31 out of 146] test cases in the current suite
Test Method:		[unitTests.tests_validations_assertions.assertElementAttribute_false_containsComparison_expectedToFail]
################################################################################################################################################
[ReportManager] Element Action [Type] successfully performed. With the following test data [Automation123]. @11-01-2022 02:01:14.0506 AM
[ReportManager] Element Action [GetText] successfully performed. With the following test data [Automation123]. @11-01-2022 02:01:14.0582 AM
[ReportManager] Loaded Shared OpenCV @11-01-2022 02:01:14.0651 AM
[ReportManager] Assertion [ValidateElementAttribute] FAILED. Expected [Value Should not be 'Automation' for the 'text' attribute, element locator 'By.name: q'] and Actual [Automation123]. Comparison Type [CONTAINS]. Validation Type [NEGATIVE]. @11-01-2022 02:01:14.0862 AM
[ReportManager] Successfully created attachment [Screenshot - 1641866474651_assertElementAttribute_false_containsComparison_expectedToFail_ValidateElementAttribute_failed] @11-01-2022 02:01:14.0863 A
[ReportManager] Browser Action [CloseCurrentWindow] successfully performed. @11-01-2022 02:01:15.0212 AM
[ReportManager] Successfully created attachment [Browser Action Test Data - CloseCurrentWindow - Actual Value] @11-01-2022 02:01:15.0213 A
[ReportManager] File Action [GetAbsolutePath] successfully performed. With the following test data [Relative Folder Path: "target/downloadedFiles/"]. @11-01-2022 02:01:15.0218 AM
[ReportManager] Attempting to run locally on: [Mac-64], [Safari], Headless Execution. @11-01-2022 02:01:15.0218 AM
[ReportManager] Successfully Opened Safari. @11-01-2022 02:01:16.0076 AM
[ReportManager] Initial window size: (800, 600) @11-01-2022 02:01:16.0109 AM
[ReportManager] Window size after SWD Maximize: (1176, 803) @11-01-2022 02:01:16.0142 AM
[ReportManager] Browser Action [MaximizeWindow] successfully performed. With the following test data [New screen size is now: (1176, 803)]. @11-01-2022 02:01:16.0142 AM
[ReportManager] Target URL: [https://www.google.com/ncr], and after redirection: [www.google.com] @11-01-2022 02:01:16.0142 AM
[ReportManager] Initial URL: [] @11-01-2022 02:01:16.0201 AM
[ReportManager] Browser Action [NavigateToURL] successfully performed. With the following test data [https://www.google.com/ncr]. @11-01-2022 02:01:17.0381 A

################################################################################################################################################
Starting Execution:	[32 out of 146] test cases in the current suite
Test Method:		[unitTests.tests_validations_assertions.assertElementAttribute_false_containsComparison_expectedToPass]
################################################################################################################################################
[ReportManager] Element Action [Type] successfully performed. With the following test data [Automation123]. @11-01-2022 02:01:17.0981 AM
[ReportManager] Element Action [GetText] successfully performed. With the following test data [Automation123]. @11-01-2022 02:01:18.0090 AM
[ReportManager] Loaded Shared OpenCV @11-01-2022 02:01:18.0154 AM
[ReportManager] Assertion [ValidateElementAttribute] PASSED. Expected [Value Should not be 'Automation1234' for the 'text' attribute, element locator 'By.name: q'] and Actual [Automation123]. Comparison Type [CONTAINS]. Validation Type [NEGATIVE]. @11-01-2022 02:01:18.0276 AM
[ReportManager] Successfully created attachment [Screenshot - 1641866478154_assertElementAttribute_false_containsComparison_expectedToPass_ValidateElementAttribute_passed] @11-01-2022 02:01:18.0277 A
[ReportManager] Browser Action [CloseCurrentWindow] successfully performed. @11-01-2022 02:01:18.0442 AM
[ReportManager] Successfully created attachment [Browser Action Test Data - CloseCurrentWindow - Actual Value] @11-01-2022 02:01:18.0483 A
[ReportManager] File Action [GetAbsolutePath] successfully performed. With the following test data [Relative Folder Path: "target/downloadedFiles/"]. @11-01-2022 02:01:18.0488 AM
[ReportManager] Attempting to run locally on: [Mac-64], [Safari], Headless Execution. @11-01-2022 02:01:18.0488 AM
[ReportManager] An Exception Occured with this Message: Could not start a new session. Possible causes are invalid address of the remote server or browser start-up failure.. @11-01-2022 02:01:18.0626 AM
[ReportManager] Successfully created attachment [Exception Stack Trace - org.openqa.selenium.SessionNotCreatedException] @11-01-2022 02:01:18.0627 AM
[ReportManager] Driver Factory Action [createNewLocalDriverInstanceForSafari] failed. With the following test data [Failed to create a session on DESKTOP_SAFARI]. @11-01-2022 02:01:18.0627 A

################################################################################################################################################
Starting Execution:	[33 out of 146] test cases in the current suite
Test Method:		[unitTests.tests_validations_assertions.assertElementAttribute_false_literalComparison_expectedToFail]
###############################################################################################################################################



################################################################################################################################################
Starting Execution:	[34 out of 146] test cases in the current suite
Test Method:		[unitTests.tests_validations_assertions.assertElementAttribute_false_literalComparison_expectedToPass]
###############################################################################################################################################



################################################################################################################################################
Starting Execution:	[35 out of 146] test cases in the current suite
Test Method:		[unitTests.tests_validations_assertions.assertElementAttribute_false_regexComparison_expectedToFail]
###############################################################################################################################################



################################################################################################################################################
Starting Execution:	[36 out of 146] test cases in the current suite
Test Method:		[unitTests.tests_validations_assertions.assertElementAttribute_false_regexComparison_expectedToPass]
###############################################################################################################################################



################################################################################################################################################
Starting Execution:	[37 out of 146] test cases in the current suite
Test Method:		[unitTests.tests_validations_assertions.assertElementAttribute_true_caseInsensitiveComparison_expectedToFail]
###############################################################################################################################################



################################################################################################################################################
Starting Execution:	[38 out of 146] test cases in the current suite
Test Method:		[unitTests.tests_validations_assertions.assertElementAttribute_true_caseInsensitiveComparison_expectedToPass]
###############################################################################################################################################



################################################################################################################################################
Starting Execution:	[39 out of 146] test cases in the current suite
Test Method:		[unitTests.tests_validations_assertions.assertElementAttribute_true_containsComparison_expectedToFail]
###############################################################################################################################################



################################################################################################################################################
Starting Execution:	[40 out of 146] test cases in the current suite
Test Method:		[unitTests.tests_validations_assertions.assertElementAttribute_true_containsComparison_expectedToPass]
###############################################################################################################################################



################################################################################################################################################
Starting Execution:	[41 out of 146] test cases in the current suite
Test Method:		[unitTests.tests_validations_assertions.assertElementAttribute_true_literalComparison_expectedToFail]
###############################################################################################################################################



################################################################################################################################################
Starting Execution:	[42 out of 146] test cases in the current suite
Test Method:		[unitTests.tests_validations_assertions.assertElementAttribute_true_literalComparison_expectedToPass]
###############################################################################################################################################



################################################################################################################################################
Starting Execution:	[43 out of 146] test cases in the current suite
Test Method:		[unitTests.tests_validations_assertions.assertElementAttribute_true_regexComparison_expectedToFail]
###############################################################################################################################################



################################################################################################################################################
Starting Execution:	[44 out of 146] test cases in the current suite
Test Method:		[unitTests.tests_validations_assertions.assertElementAttribute_true_regexComparison_expectedToPass]
###############################################################################################################################################



################################################################################################################################################
Starting Execution:	[45 out of 146] test cases in the current suite
Test Method:		[unitTests.tests_validations_assertions.assertElementAttribute_type_true_literalComparison_expectedToPass]
###############################################################################################################################################



################################################################################################################################################
Starting Execution:	[46 out of 146] test cases in the current suite
Test Method:		[unitTests.tests_validations_assertions.assertElementExists_false_expectedToFail]
###############################################################################################################################################



################################################################################################################################################
Starting Execution:	[47 out of 146] test cases in the current suite
Test Method:		[unitTests.tests_validations_assertions.assertElementExists_false_expectedToPass]
###############################################################################################################################################



################################################################################################################################################
Starting Execution:	[48 out of 146] test cases in the current suite
Test Method:		[unitTests.tests_validations_assertions.assertElementExists_false_multipleElementsFound_expectedToFail]
###############################################################################################################################################



################################################################################################################################################
Starting Execution:	[49 out of 146] test cases in the current suite
Test Method:		[unitTests.tests_validations_assertions.assertElementExists_true_expectedToFail]
###############################################################################################################################################



################################################################################################################################################
Starting Execution:	[50 out of 146] test cases in the current suite
Test Method:		[unitTests.tests_validations_assertions.assertElementExists_true_expectedToPass]
###############################################################################################################################################



################################################################################################################################################
Starting Execution:	[51 out of 146] test cases in the current suite
Test Method:		[unitTests.tests_validations_assertions.assertElementExists_true_multipleElementsFound_expectedToFail]
###############################################################################################################################################


################################################################################################################################################
Starting Execution:	[52 out of 146] test cases in the current suite
Test Method:		[unitTests.tests_validations_assertions.assertEquals_false_expectedToFail]
###############################################################################################################################################

################################################################################################################################################
Starting Execution:	[53 out of 146] test cases in the current suite
Test Method:		[unitTests.tests_validations_assertions.assertEquals_false_expectedToPass]
###############################################################################################################################################

################################################################################################################################################
Starting Execution:	[54 out of 146] test cases in the current suite
Test Method:		[unitTests.tests_validations_assertions.assertEquals_longCharacters]
###############################################################################################################################################

################################################################################################################################################
Starting Execution:	[55 out of 146] test cases in the current suite
Test Method:		[unitTests.tests_validations_assertions.assertEquals_longCharacters_Discreet]
###############################################################################################################################################

################################################################################################################################################
Starting Execution:	[56 out of 146] test cases in the current suite
Test Method:		[unitTests.tests_validations_assertions.assertEquals_true_expectedToFail]
###############################################################################################################################################

################################################################################################################################################
Starting Execution:	[57 out of 146] test cases in the current suite
Test Method:		[unitTests.tests_validations_assertions.assertEquals_true_expectedToPass]
Test Description:	[Assert that assertEquals works as expected when the two values are equal.]
###############################################################################################################################################

################################################################################################################################################
Starting Execution:	[58 out of 146] test cases in the current suite
Test Method:		[unitTests.tests_validations_assertions.assertEquals_true_expectedToPass__]
###############################################################################################################################################

################################################################################################################################################
Starting Execution:	[59 out of 146] test cases in the current suite
Test Method:		[unitTests.tests_validations_assertions.assertFileExists_false_expectedToFail]
###############################################################################################################################################

################################################################################################################################################
Starting Execution:	[60 out of 146] test cases in the current suite
Test Method:		[unitTests.tests_validations_assertions.assertFileExists_false_expectedToPass]
###############################################################################################################################################

################################################################################################################################################
Starting Execution:	[61 out of 146] test cases in the current suite
Test Method:		[unitTests.tests_validations_assertions.assertFileExists_true_expectedToFail]
###############################################################################################################################################

################################################################################################################################################
Starting Execution:	[62 out of 146] test cases in the current suite
Test Method:		[unitTests.tests_validations_assertions.assertFileExists_true_expectedToPass]
###############################################################################################################################################

################################################################################################################################################
Starting Execution:	[63 out of 146] test cases in the current suite
Test Method:		[unitTests.tests_validations_assertions.assertNull_false_expectedToFail]
###############################################################################################################################################

################################################################################################################################################
Starting Execution:	[64 out of 146] test cases in the current suite
Test Method:		[unitTests.tests_validations_assertions.assertNull_false_expectedToPass]
###############################################################################################################################################

################################################################################################################################################
Starting Execution:	[65 out of 146] test cases in the current suite
Test Method:		[unitTests.tests_validations_assertions.assertNull_true_expectedToFail]
###############################################################################################################################################

################################################################################################################################################
Starting Execution:	[66 out of 146] test cases in the current suite
Test Method:		[unitTests.tests_validations_assertions.assertNull_true_expectedToPass]
###############################################################################################################################################

################################################################################################################################################
Starting Execution:	[67 out of 146] test cases in the current suite
Test Method:		[unitTests.tests_restActions.getPostsAndAssertBodyForSpecificTitle]
################################################################################################################################################
[ReportManager] Response status code: [200], status line: [HTTP/1.1 200 OK] @11-01-2022 02:01:21.0479 AM
[ReportManager] Assertion Passed: Evaluating the actual response status code against the expected one... @11-01-2022 02:01:21.0486 AM
[ReportManager] Assertion [ValidateComparativeRelation] PASSED. Expected [200] and Actual [200]. Comparison Type [EQUALS]. Validation Type [POSITIVE]. @11-01-2022 02:01:21.0486 AM
[ReportManager] API Action [PerformRequest] successfully performed. With the following test data [Request Type: "GET" | Target Status Code: "200" | Service URL: "https://jsonplaceholder.typicode.com/posts" | Content Type: "*/*" | Response Time: "771ms"]. @11-01-2022 02:01:22.0801 AM
[ReportManager] Successfully created attachment [API Request - Specifications] @11-01-2022 02:01:22.0802 AM
[ReportManager] Successfully created attachment [API Response - JSON Body] @11-01-2022 02:01:23.0084 AM
[ReportManager] API Action [GetResponseJSONValueAsList] successfully performed. @11-01-2022 02:01:23.0117 AM
[ReportManager] API Action [GetResponseJSONValue] successfully performed. With the following test data [title]. @11-01-2022 02:01:23.0142 AM
[ReportManager] API Action [GetResponseJSONValue] successfully performed. With the following test data [title]. @11-01-2022 02:01:23.0158 AM
[ReportManager] API Action [GetResponseJSONValue] successfully performed. With the following test data [body]. @11-01-2022 02:01:23.0172 AM
[ReportManager] Assertion [ValidateEquals] PASSED. Expected [qui neque nisi nulla] and Actual [est rerum tempore vitae
sequi sint nihil reprehenderit dolor beatae ea dolores neque
fugiat blanditiis voluptate porro vel nihil molestiae ut reiciendis
qui aperiam non debitis possimus qui neque nisi nulla]. Comparison Type [CONTAINS]. Validation Type [POSITIVE]. @11-01-2022 02:01:23.0172 AM
[ReportManager] API Action [GetResponseJSONValue] successfully performed. With the following test data [title]. @11-01-2022 02:01:23.0187 AM
[ReportManager] API Action [GetResponseJSONValue] successfully performed. With the following test data [title]. @11-01-2022 02:01:23.0202 AM
[ReportManager] API Action [GetResponseJSONValue] successfully performed. With the following test data [title]. @11-01-2022 02:01:23.0216 AM
[ReportManager] API Action [GetResponseJSONValue] successfully performed. With the following test data [title]. @11-01-2022 02:01:23.0230 AM
[ReportManager] API Action [GetResponseJSONValue] successfully performed. With the following test data [title]. @11-01-2022 02:01:23.0244 AM
[ReportManager] API Action [GetResponseJSONValue] successfully performed. With the following test data [title]. @11-01-2022 02:01:23.0262 AM
[ReportManager] API Action [GetResponseJSONValue] successfully performed. With the following test data [title]. @11-01-2022 02:01:23.0279 AM
[ReportManager] API Action [GetResponseJSONValue] successfully performed. With the following test data [title]. @11-01-2022 02:01:23.0294 AM
[ReportManager] API Action [GetResponseJSONValue] successfully performed. With the following test data [title]. @11-01-2022 02:01:23.0308 AM
[ReportManager] API Action [GetResponseJSONValue] successfully performed. With the following test data [title]. @11-01-2022 02:01:23.0343 AM
[ReportManager] API Action [GetResponseJSONValue] successfully performed. With the following test data [title]. @11-01-2022 02:01:23.0367 AM
[ReportManager] API Action [GetResponseJSONValue] successfully performed. With the following test data [title]. @11-01-2022 02:01:23.0385 AM
[ReportManager] API Action [GetResponseJSONValue] successfully performed. With the following test data [title]. @11-01-2022 02:01:23.0401 AM
[ReportManager] API Action [GetResponseJSONValue] successfully performed. With the following test data [title]. @11-01-2022 02:01:23.0418 AM
[ReportManager] API Action [GetResponseJSONValue] successfully performed. With the following test data [title]. @11-01-2022 02:01:23.0434 AM
[ReportManager] API Action [GetResponseJSONValue] successfully performed. With the following test data [title]. @11-01-2022 02:01:23.0449 AM
[ReportManager] API Action [GetResponseJSONValue] successfully performed. With the following test data [title]. @11-01-2022 02:01:23.0464 AM
[ReportManager] API Action [GetResponseJSONValue] successfully performed. With the following test data [title]. @11-01-2022 02:01:23.0478 AM
[ReportManager] API Action [GetResponseJSONValue] successfully performed. With the following test data [title]. @11-01-2022 02:01:23.0492 AM
[ReportManager] API Action [GetResponseJSONValue] successfully performed. With the following test data [title]. @11-01-2022 02:01:23.0507 AM
[ReportManager] API Action [GetResponseJSONValue] successfully performed. With the following test data [title]. @11-01-2022 02:01:23.0521 AM
[ReportManager] API Action [GetResponseJSONValue] successfully performed. With the following test data [title]. @11-01-2022 02:01:23.0538 AM
[ReportManager] API Action [GetResponseJSONValue] successfully performed. With the following test data [title]. @11-01-2022 02:01:23.0551 AM
[ReportManager] API Action [GetResponseJSONValue] successfully performed. With the following test data [title]. @11-01-2022 02:01:23.0567 AM
[ReportManager] API Action [GetResponseJSONValue] successfully performed. With the following test data [title]. @11-01-2022 02:01:23.0582 AM
[ReportManager] API Action [GetResponseJSONValue] successfully performed. With the following test data [title]. @11-01-2022 02:01:23.0597 AM
[ReportManager] API Action [GetResponseJSONValue] successfully performed. With the following test data [title]. @11-01-2022 02:01:23.0612 AM
[ReportManager] API Action [GetResponseJSONValue] successfully performed. With the following test data [title]. @11-01-2022 02:01:23.0625 AM
[ReportManager] API Action [GetResponseJSONValue] successfully performed. With the following test data [title]. @11-01-2022 02:01:23.0651 AM
[ReportManager] API Action [GetResponseJSONValue] successfully performed. With the following test data [title]. @11-01-2022 02:01:23.0663 AM
[ReportManager] API Action [GetResponseJSONValue] successfully performed. With the following test data [title]. @11-01-2022 02:01:23.0678 AM
[ReportManager] API Action [GetResponseJSONValue] successfully performed. With the following test data [title]. @11-01-2022 02:01:23.0690 AM
[ReportManager] API Action [GetResponseJSONValue] successfully performed. With the following test data [title]. @11-01-2022 02:01:23.0703 AM
[ReportManager] API Action [GetResponseJSONValue] successfully performed. With the following test data [title]. @11-01-2022 02:01:23.0717 AM
[ReportManager] API Action [GetResponseJSONValue] successfully performed. With the following test data [title]. @11-01-2022 02:01:23.0729 AM
[ReportManager] API Action [GetResponseJSONValue] successfully performed. With the following test data [title]. @11-01-2022 02:01:23.0743 AM
[ReportManager] API Action [GetResponseJSONValue] successfully performed. With the following test data [title]. @11-01-2022 02:01:23.0755 AM
[ReportManager] API Action [GetResponseJSONValue] successfully performed. With the following test data [title]. @11-01-2022 02:01:23.0768 AM
[ReportManager] API Action [GetResponseJSONValue] successfully performed. With the following test data [title]. @11-01-2022 02:01:23.0788 AM
[ReportManager] API Action [GetResponseJSONValue] successfully performed. With the following test data [title]. @11-01-2022 02:01:23.0800 AM
[ReportManager] API Action [GetResponseJSONValue] successfully performed. With the following test data [title]. @11-01-2022 02:01:23.0812 AM
[ReportManager] API Action [GetResponseJSONValue] successfully performed. With the following test data [title]. @11-01-2022 02:01:23.0824 AM
[ReportManager] API Action [GetResponseJSONValue] successfully performed. With the following test data [title]. @11-01-2022 02:01:23.0836 AM
[ReportManager] API Action [GetResponseJSONValue] successfully performed. With the following test data [title]. @11-01-2022 02:01:23.0848 AM
[ReportManager] API Action [GetResponseJSONValue] successfully performed. With the following test data [title]. @11-01-2022 02:01:23.0860 AM
[ReportManager] API Action [GetResponseJSONValue] successfully performed. With the following test data [title]. @11-01-2022 02:01:23.0872 AM
[ReportManager] API Action [GetResponseJSONValue] successfully performed. With the following test data [title]. @11-01-2022 02:01:23.0884 AM
[ReportManager] API Action [GetResponseJSONValue] successfully performed. With the following test data [title]. @11-01-2022 02:01:23.0896 AM
[ReportManager] API Action [GetResponseJSONValue] successfully performed. With the following test data [title]. @11-01-2022 02:01:23.0908 AM
[ReportManager] API Action [GetResponseJSONValue] successfully performed. With the following test data [title]. @11-01-2022 02:01:23.0921 AM
[ReportManager] API Action [GetResponseJSONValue] successfully performed. With the following test data [title]. @11-01-2022 02:01:23.0933 AM
[ReportManager] API Action [GetResponseJSONValue] successfully performed. With the following test data [title]. @11-01-2022 02:01:23.0946 AM
[ReportManager] API Action [GetResponseJSONValue] successfully performed. With the following test data [title]. @11-01-2022 02:01:23.0958 AM
[ReportManager] API Action [GetResponseJSONValue] successfully performed. With the following test data [title]. @11-01-2022 02:01:23.0969 AM
[ReportManager] API Action [GetResponseJSONValue] successfully performed. With the following test data [title]. @11-01-2022 02:01:23.0981 AM
[ReportManager] API Action [GetResponseJSONValue] successfully performed. With the following test data [title]. @11-01-2022 02:01:23.0992 AM
[ReportManager] API Action [GetResponseJSONValue] successfully performed. With the following test data [title]. @11-01-2022 02:01:24.0004 AM
[ReportManager] API Action [GetResponseJSONValue] successfully performed. With the following test data [title]. @11-01-2022 02:01:24.0016 AM
[ReportManager] API Action [GetResponseJSONValue] successfully performed. With the following test data [title]. @11-01-2022 02:01:24.0028 AM
[ReportManager] API Action [GetResponseJSONValue] successfully performed. With the following test data [title]. @11-01-2022 02:01:24.0056 AM
[ReportManager] API Action [GetResponseJSONValue] successfully performed. With the following test data [title]. @11-01-2022 02:01:24.0068 AM
[ReportManager] API Action [GetResponseJSONValue] successfully performed. With the following test data [title]. @11-01-2022 02:01:24.0080 AM
[ReportManager] API Action [GetResponseJSONValue] successfully performed. With the following test data [title]. @11-01-2022 02:01:24.0091 AM
[ReportManager] API Action [GetResponseJSONValue] successfully performed. With the following test data [title]. @11-01-2022 02:01:24.0102 AM
[ReportManager] API Action [GetResponseJSONValue] successfully performed. With the following test data [title]. @11-01-2022 02:01:24.0113 AM
[ReportManager] API Action [GetResponseJSONValue] successfully performed. With the following test data [title]. @11-01-2022 02:01:24.0126 AM
[ReportManager] API Action [GetResponseJSONValue] successfully performed. With the following test data [title]. @11-01-2022 02:01:24.0137 AM
[ReportManager] API Action [GetResponseJSONValue] successfully performed. With the following test data [title]. @11-01-2022 02:01:24.0149 AM
[ReportManager] API Action [GetResponseJSONValue] successfully performed. With the following test data [title]. @11-01-2022 02:01:24.0161 AM
[ReportManager] API Action [GetResponseJSONValue] successfully performed. With the following test data [title]. @11-01-2022 02:01:24.0172 AM
[ReportManager] API Action [GetResponseJSONValue] successfully performed. With the following test data [title]. @11-01-2022 02:01:24.0186 AM
[ReportManager] API Action [GetResponseJSONValue] successfully performed. With the following test data [title]. @11-01-2022 02:01:24.0199 AM
[ReportManager] API Action [GetResponseJSONValue] successfully performed. With the following test data [title]. @11-01-2022 02:01:24.0210 AM
[ReportManager] API Action [GetResponseJSONValue] successfully performed. With the following test data [title]. @11-01-2022 02:01:24.0222 AM
[ReportManager] API Action [GetResponseJSONValue] successfully performed. With the following test data [title]. @11-01-2022 02:01:24.0233 AM
[ReportManager] API Action [GetResponseJSONValue] successfully performed. With the following test data [title]. @11-01-2022 02:01:24.0244 AM
[ReportManager] API Action [GetResponseJSONValue] successfully performed. With the following test data [title]. @11-01-2022 02:01:24.0256 AM
[ReportManager] API Action [GetResponseJSONValue] successfully performed. With the following test data [title]. @11-01-2022 02:01:24.0270 AM
[ReportManager] API Action [GetResponseJSONValue] successfully performed. With the following test data [title]. @11-01-2022 02:01:24.0284 AM
[ReportManager] API Action [GetResponseJSONValue] successfully performed. With the following test data [title]. @11-01-2022 02:01:24.0297 AM
[ReportManager] API Action [GetResponseJSONValue] successfully performed. With the following test data [title]. @11-01-2022 02:01:24.0310 AM
[ReportManager] API Action [GetResponseJSONValue] successfully performed. With the following test data [title]. @11-01-2022 02:01:24.0322 AM
[ReportManager] API Action [GetResponseJSONValue] successfully performed. With the following test data [title]. @11-01-2022 02:01:24.0333 AM
[ReportManager] API Action [GetResponseJSONValue] successfully performed. With the following test data [title]. @11-01-2022 02:01:24.0345 AM
[ReportManager] API Action [GetResponseJSONValue] successfully performed. With the following test data [title]. @11-01-2022 02:01:24.0358 AM
[ReportManager] API Action [GetResponseJSONValue] successfully performed. With the following test data [title]. @11-01-2022 02:01:24.0371 AM
[ReportManager] API Action [GetResponseJSONValue] successfully performed. With the following test data [title]. @11-01-2022 02:01:24.0382 AM
[ReportManager] API Action [GetResponseJSONValue] successfully performed. With the following test data [title]. @11-01-2022 02:01:24.0394 AM
[ReportManager] API Action [GetResponseJSONValue] successfully performed. With the following test data [title]. @11-01-2022 02:01:24.0406 AM
[ReportManager] API Action [GetResponseJSONValue] successfully performed. With the following test data [title]. @11-01-2022 02:01:24.0417 AM
[ReportManager] API Action [GetResponseJSONValue] successfully performed. With the following test data [title]. @11-01-2022 02:01:24.0429 AM
[ReportManager] API Action [GetResponseJSONValue] successfully performed. With the following test data [title]. @11-01-2022 02:01:24.0442 AM
[ReportManager] API Action [GetResponseJSONValue] successfully performed. With the following test data [title]. @11-01-2022 02:01:24.0454 AM
[ReportManager] API Action [GetResponseJSONValue] successfully performed. With the following test data [title]. @11-01-2022 02:01:24.0465 AM
[ReportManager] API Action [GetResponseJSONValue] successfully performed. With the following test data [title]. @11-01-2022 02:01:24.0476 AM
[ReportManager] API Action [GetResponseJSONValue] successfully performed. With the following test data [title]. @11-01-2022 02:01:24.0487 AM
[ReportManager] API Action [GetResponseJSONValue] successfully performed. With the following test data [title]. @11-01-2022 02:01:24.0499 AM
[ReportManager] API Action [GetResponseJSONValue] successfully performed. With the following test data [title]. @11-01-2022 02:01:24.0510 A

################################################################################################################################################
Starting Execution:	[68 out of 146] test cases in the current suite
Test Method:		[unitTests.tests_restActions.validateUserEmail]
################################################################################################################################################
[ReportManager] Response status code: [200], status line: [HTTP/1.1 200 OK] @11-01-2022 02:01:24.0565 AM
[ReportManager] Assertion Passed: Evaluating the actual response status code against the expected one... @11-01-2022 02:01:24.0565 AM
[ReportManager] Assertion [ValidateComparativeRelation] PASSED. Expected [200] and Actual [200]. Comparison Type [EQUALS]. Validation Type [POSITIVE]. @11-01-2022 02:01:24.0566 AM
[ReportManager] API Action [PerformRequest] successfully performed. With the following test data [Request Type: "GET" | Target Status Code: "200" | Service URL: "https://jsonplaceholder.typicode.com/users" | Content Type: "*/*" | Response Time: "42ms"]. @11-01-2022 02:01:24.0587 AM
[ReportManager] Successfully created attachment [API Request - Specifications] @11-01-2022 02:01:24.0588 AM
[ReportManager] Successfully created attachment [API Response - JSON Body] @11-01-2022 02:01:24.0589 AM
[ReportManager] Assertion [ValidateEquals] PASSED. Expected and Actual values are attached. Comparison Type [CONTAINS]. Validation Type [POSITIVE]. @11-01-2022 02:01:24.0590 AM
[ReportManager] Successfully created attachment [Validation Test Data - Expected Value] @11-01-2022 02:01:24.0591 AM
[ReportManager] Successfully created attachment [Validation Test Data - Actual Value] @11-01-2022 02:01:24.0591 AM
[ReportManager] API Action [GetResponseJSONValueAsList] successfully performed. With the following test data [$]. @11-01-2022 02:01:24.0598 AM
[ReportManager] API Action [GetResponseJSONValue] successfully performed. With the following test data [name]. @11-01-2022 02:01:24.0610 AM
[ReportManager] API Action [GetResponseJSONValue] successfully performed. With the following test data [email]. @11-01-2022 02:01:24.0622 AM
[ReportManager] Assertion [ValidateEquals] PASSED. Expected [Sincere@april.biz] and Actual [Sincere@april.biz]. Comparison Type [EQUALS]. Validation Type [POSITIVE]. @11-01-2022 02:01:24.0622 AM
[ReportManager] API Action [GetResponseJSONValue] successfully performed. With the following test data [name]. @11-01-2022 02:01:24.0636 AM
[ReportManager] API Action [GetResponseJSONValue] successfully performed. With the following test data [name]. @11-01-2022 02:01:24.0653 AM
[ReportManager] API Action [GetResponseJSONValue] successfully performed. With the following test data [name]. @11-01-2022 02:01:24.0667 AM
[ReportManager] API Action [GetResponseJSONValue] successfully performed. With the following test data [name]. @11-01-2022 02:01:24.0678 AM
[ReportManager] API Action [GetResponseJSONValue] successfully performed. With the following test data [name]. @11-01-2022 02:01:24.0689 AM
[ReportManager] API Action [GetResponseJSONValue] successfully performed. With the following test data [name]. @11-01-2022 02:01:24.0700 AM
[ReportManager] API Action [GetResponseJSONValue] successfully performed. With the following test data [name]. @11-01-2022 02:01:24.0710 AM
[ReportManager] API Action [GetResponseJSONValue] successfully performed. With the following test data [name]. @11-01-2022 02:01:24.0723 AM
[ReportManager] API Action [GetResponseJSONValue] successfully performed. With the following test data [name]. @11-01-2022 02:01:24.0739 A
[ReportManager] File Action [GetAbsolutePath] successfully performed. With the following test data [Relative Folder Path: "target/downloadedFiles/"]. @11-01-2022 02:01:24.0743 AM
[ReportManager] Attempting to run locally on: [Mac-64], [Safari], Headless Execution. @11-01-2022 02:01:24.0743 AM
[ReportManager] Successfully Opened Safari. @11-01-2022 02:01:25.0612 AM
[ReportManager] Initial window size: (800, 600) @11-01-2022 02:01:25.0632 AM
[ReportManager] Window size after SWD Maximize: (1176, 803) @11-01-2022 02:01:25.0648 AM
[ReportManager] Browser Action [MaximizeWindow] successfully performed. With the following test data [New screen size is now: (1176, 803)]. @11-01-2022 02:01:25.0648 A

################################################################################################################################################
Starting Execution:	[69 out of 146] test cases in the current suite
Test Method:		[testPackage01.Test_uploadFile.uploadFile_invisibleUploadInput]
################################################################################################################################################
[ReportManager] Target URL: [https://fineuploader.com/demos.html#gallery-view] @11-01-2022 02:01:25.0695 AM
[ReportManager] Initial URL: [] @11-01-2022 02:01:25.0734 AM
[ReportManager] Browser Action [NavigateToURL] successfully performed. With the following test data [https://fineuploader.com/demos.html#gallery-view]. @11-01-2022 02:01:27.0130 AM
[ReportManager] File Action [GetAbsolutePath] successfully performed. With the following test data [Relative File Path: "src/main/resources/images/shaft.png"]. @11-01-2022 02:01:27.0130 AM
[ReportManager] Successfully created attachment [File Action Actual Result - Command Log] @11-01-2022 02:01:27.0131 AM
[ReportManager] Element Action [TypeFileLocationForUpload] successfully performed. With the following test data [/Users/runner/work/SHAFT_ENGINE/SHAFT_ENGINE/src/main/resources/images/shaft.png]. @11-01-2022 02:01:27.0229 AM
[ReportManager] Attempting to getAttribute [src] from elementLocator [By.xpath: //div[@id='fine-uploader-gallery']//div[@class='qq-thumbnail-wrapper']/img]. @11-01-2022 02:01:27.0233 AM
[ReportManager] Element Action [GetAttribute] successfully performed. @11-01-2022 02:01:27.0487 AM
[ReportManager] Successfully created attachment [Element Action Test Data - GetAttribute - Actual Value] @11-01-2022 02:01:27.0488 AM
[ReportManager] Loaded Shared OpenCV @11-01-2022 02:01:27.0566 AM
[ReportManager] Assertion Passed: Then I Assert that the element found by [By.xpath: //div[@id='fine-uploader-gallery']//div[@class='qq-thumbnail-wrapper']/img] attribute [src] contains [data:image/png;base64]. @11-01-2022 02:01:27.0687 AM
[ReportManager] Successfully created attachment [Validation Test Data - Expected Value] @11-01-2022 02:01:27.0688 AM
[ReportManager] Successfully created attachment [Validation Test Data - Actual Value] @11-01-2022 02:01:27.0688 AM
[ReportManager] Successfully created attachment [Screenshot - 1641866487566_uploadFile_invisibleUploadInput_ValidateElementAttribute_passed] @11-01-2022 02:01:27.0690 AM
[ReportManager] Assertion [ValidateElementAttribute] PASSED. Expected and Actual values are attached. Comparison Type [CONTAINS]. Validation Type [POSITIVE]. @11-01-2022 02:01:27.0690 A
[ReportManager] Browser Action [CloseCurrentWindow] successfully performed. @11-01-2022 02:01:28.0001 AM
[ReportManager] Successfully created attachment [Browser Action Test Data - CloseCurrentWindow - Actual Value] @11-01-2022 02:01:28.0002 A
[ReportManager] File Action [GetAbsolutePath] successfully performed. With the following test data [Relative Folder Path: "target/downloadedFiles/"]. @11-01-2022 02:01:28.0006 AM
[ReportManager] Attempting to run locally on: [Mac-64], [Safari], Headless Execution. @11-01-2022 02:01:28.0007 AM
[ReportManager] Successfully Opened Safari. @11-01-2022 02:01:28.0983 AM
[ReportManager] Initial window size: (800, 600) @11-01-2022 02:01:29.0004 AM
[ReportManager] Window size after SWD Maximize: (1176, 803) @11-01-2022 02:01:29.0038 AM
[ReportManager] Browser Action [MaximizeWindow] successfully performed. With the following test data [New screen size is now: (1176, 803)]. @11-01-2022 02:01:29.0038 A

################################################################################################################################################
Starting Execution:	[70 out of 146] test cases in the current suite
Test Method:		[testPackage01.Test_uploadFile.uploadFile_visibleUploadInput]
################################################################################################################################################
[ReportManager] Target URL: [http://demo.guru99.com/test/upload/] @11-01-2022 02:01:29.0041 AM
[ReportManager] Initial URL: [] @11-01-2022 02:01:29.0090 AM
[ReportManager] Browser Action [CheckNavigationWasSuccesssful] failed. With the following test data [Waited for 30 seconds to navigate to [http://demo.guru99.com/test/upload/] but ended up with [https://demo.guru99.com/test/upload/].]. @11-01-2022 02:02:01.0513 A
[ReportManager] Browser Action [CloseCurrentWindow] successfully performed. @11-01-2022 02:02:01.0827 AM
[ReportManager] Successfully created attachment [Browser Action Test Data - CloseCurrentWindow - Actual Value] @11-01-2022 02:02:01.0828 A

################################################################################################################################################
Starting Execution:	[71 out of 146] test cases in the current suite
Test Method:		[testPackage01.Test_AssertApiResponseEquals.assertApiResponseEquals_expectedToPass]
################################################################################################################################################
[ReportManager] Response status code: [200], status line: [HTTP/1.1 200 OK] @11-01-2022 02:02:02.0457 AM
[ReportManager] Assertion Passed: Evaluating the actual response status code against the expected one... @11-01-2022 02:02:02.0458 AM
[ReportManager] Assertion [ValidateComparativeRelation] PASSED. Expected [200] and Actual [200]. Comparison Type [EQUALS]. Validation Type [POSITIVE]. @11-01-2022 02:02:02.0458 AM
[ReportManager] API Action [PerformRequest] successfully performed. With the following test data [Request Type: "GET" | Target Status Code: "200" | Service URL: "https://jsonplaceholder.typicode.com/users" | Content Type: "*/*" | Response Time: "620ms"]. @11-01-2022 02:02:02.0484 AM
[ReportManager] Successfully created attachment [API Request - Specifications] @11-01-2022 02:02:02.0485 AM
[ReportManager] Successfully created attachment [API Response - JSON Body] @11-01-2022 02:02:02.0485 AM
[ReportManager] API Action [GetResponseJSONValueAsList] successfully performed. With the following test data [$]. @11-01-2022 02:02:02.0492 AM
[ReportManager] API Action [GetResponseJSONValue] successfully performed. With the following test data [name]. @11-01-2022 02:02:02.0508 AM
[ReportManager] API Action [GetResponseJSONValue] successfully performed. With the following test data [email]. @11-01-2022 02:02:02.0529 AM
[ReportManager] Verification [ValidateEquals] PASSED. Expected [Sincere@april.biz] and Actual [Sincere@april.biz]. Comparison Type [EQUALS]. Validation Type [POSITIVE]. @11-01-2022 02:02:02.0529 AM
[ReportManager] API Action [GetResponseJSONValue] successfully performed. With the following test data [username]. @11-01-2022 02:02:02.0546 AM
[ReportManager] Assertion [ValidateEquals] PASSED. Expected [Bret] and Actual [Bret]. Comparison Type [EQUALS]. Validation Type [POSITIVE]. @11-01-2022 02:02:02.0546 AM
[ReportManager] API Action [GetResponseJSONValue] successfully performed. With the following test data [name]. @11-01-2022 02:02:02.0560 AM
[ReportManager] API Action [GetResponseJSONValue] successfully performed. With the following test data [name]. @11-01-2022 02:02:02.0574 AM
[ReportManager] API Action [GetResponseJSONValue] successfully performed. With the following test data [name]. @11-01-2022 02:02:02.0589 AM
[ReportManager] API Action [GetResponseJSONValue] successfully performed. With the following test data [name]. @11-01-2022 02:02:02.0605 AM
[ReportManager] API Action [GetResponseJSONValue] successfully performed. With the following test data [name]. @11-01-2022 02:02:02.0622 AM
[ReportManager] API Action [GetResponseJSONValue] successfully performed. With the following test data [name]. @11-01-2022 02:02:02.0636 AM
[ReportManager] API Action [GetResponseJSONValue] successfully performed. With the following test data [name]. @11-01-2022 02:02:02.0650 AM
[ReportManager] API Action [GetResponseJSONValue] successfully performed. With the following test data [name]. @11-01-2022 02:02:02.0665 AM
[ReportManager] API Action [GetResponseJSONValue] successfully performed. With the following test data [name]. @11-01-2022 02:02:02.0683 A

################################################################################################################################################
Starting Execution:	[72 out of 146] test cases in the current suite
Test Method:		[testPackage01.Test_testData.f]
################################################################################################################################################
[ReportManager] Successfully loaded the following test data file [src/test/resources/testDataFiles/testSuite01/TestData.xlsx]. @11-01-2022 02:02:02.0748 AM
[ReportManager] Successfully created attachment [Test Data - Excel] @11-01-2022 02:02:02.0749 AM
[ReportManager] Last Column Number is: [3]. Zero-based. @11-01-2022 02:02:02.0751 A

################################################################################################################################################
Starting Execution:	[73 out of 146] test cases in the current suite
Test Method:		[testPackage01.Test_PDF.testPDF1]
################################################################################################################################################
[ReportManager] File Action [DoesFileExist] successfully performed. With the following test data [File Path: "src/test/resources/testDataFiles/sample.pdf"]. @11-01-2022 02:02:02.0760 AM
[ReportManager] File Action [GetAbsolutePath] successfully performed. With the following test data [Relative Folder Path: "src/test/resources/testDataFiles/sample.pdf"]. @11-01-2022 02:02:02.0762 AM
[ReportManager] Assertion Passed: Checking to see that the pdf file contains [A Simple PDF File] @11-01-2022 02:02:07.0725 AM
[ReportManager] Successfully created attachment [Validation Test Data - Expected Value] @11-01-2022 02:02:07.0726 AM
[ReportManager] Successfully created attachment [Validation Test Data - Actual Value] @11-01-2022 02:02:07.0727 AM
[ReportManager] Assertion [ValidateEquals] PASSED. Expected and Actual values are attached. Comparison Type [CONTAINS]. Validation Type [POSITIVE]. @11-01-2022 02:02:07.0727 A

################################################################################################################################################
Starting Execution:	[74 out of 146] test cases in the current suite
Test Method:		[testPackage01.Test_PDF.testPDF2]
################################################################################################################################################
[ReportManager] File Action [DoesFileExist] successfully performed. With the following test data [File Path: "src/test/resources/testDataFiles/sample.pdf"]. @11-01-2022 02:02:07.0734 AM
[ReportManager] File Action [GetAbsolutePath] successfully performed. With the following test data [Relative Folder Path: "src/test/resources/testDataFiles/sample.pdf"]. @11-01-2022 02:02:07.0734 AM
[ReportManager] Assertion Passed: Checking to see that the pdf file contains [A Simple PDF File] @11-01-2022 02:02:07.0748 AM
[ReportManager] Successfully created attachment [Validation Test Data - Expected Value] @11-01-2022 02:02:07.0749 AM
[ReportManager] Successfully created attachment [Validation Test Data - Actual Value] @11-01-2022 02:02:07.0749 AM
[ReportManager] Assertion [ValidateEquals] PASSED. Expected and Actual values are attached. Comparison Type [CONTAINS]. Validation Type [POSITIVE]. @11-01-2022 02:02:07.0749 A
[ReportManager] File Action [GetAbsolutePath] successfully performed. With the following test data [Relative Folder Path: "target/downloadedFiles/"]. @11-01-2022 02:02:07.0752 AM
[ReportManager] Attempting to run locally on: [Mac-64], [Safari], Headless Execution. @11-01-2022 02:02:07.0752 AM
[ReportManager] Successfully Opened Safari. @11-01-2022 02:02:08.0729 AM
[ReportManager] Initial window size: (800, 600) @11-01-2022 02:02:08.0740 AM
[ReportManager] Window size after SWD Maximize: (1176, 803) @11-01-2022 02:02:08.0769 AM
[ReportManager] Browser Action [MaximizeWindow] successfully performed. With the following test data [New screen size is now: (1176, 803)]. @11-01-2022 02:02:08.0769 A

################################################################################################################################################
Starting Execution:	[75 out of 146] test cases in the current suite
Test Method:		[testPackage01.Test_ShadowDOM.shadowdom]
################################################################################################################################################
[ReportManager] Target URL: [https://mdn.github.io/web-components-examples/popup-info-box-web-component/] @11-01-2022 02:02:08.0812 AM
[ReportManager] Initial URL: [] @11-01-2022 02:02:08.0849 AM
[ReportManager] Browser Action [NavigateToURL] successfully performed. With the following test data [https://mdn.github.io/web-components-examples/popup-info-box-web-component/]. @11-01-2022 02:02:09.0356 AM
[ReportManager] Element Action [Type] successfully performed. With the following test data [Typing into SHADOW DOM...]. @11-01-2022 02:02:10.0109 AM
[ReportManager] Element Action [GetText] successfully performed. With the following test data [Typing into SHADOW DOM...]. @11-01-2022 02:02:10.0180 AM
[ReportManager] Loaded Shared OpenCV @11-01-2022 02:02:10.0248 AM
[ReportManager] Assertion [ValidateElementAttribute] PASSED. Expected [Value Should be 'Typing into SHADOW DOM...' for the 'Text' attribute, element locator 'By.id: cvc'] and Actual [Typing into SHADOW DOM...]. Comparison Type [EQUALS]. Validation Type [POSITIVE]. @11-01-2022 02:02:10.0484 AM
[ReportManager] Successfully created attachment [Screenshot - 1641866530248_shadowdom_ValidateElementAttribute_passed] @11-01-2022 02:02:10.0485 A
[ReportManager] Browser Action [CloseCurrentWindow] successfully performed. @11-01-2022 02:02:10.0620 AM
[ReportManager] Successfully created attachment [Browser Action Test Data - CloseCurrentWindow - Actual Value] @11-01-2022 02:02:10.0621 A
[ReportManager] File Action [GetAbsolutePath] successfully performed. With the following test data [Relative Folder Path: "target/downloadedFiles/"]. @11-01-2022 02:02:10.0623 AM
[ReportManager] Attempting to run locally on: [Mac-64], [Safari], Headless Execution. @11-01-2022 02:02:10.0623 AM
[ReportManager] Successfully Opened Safari. @11-01-2022 02:02:11.0491 AM
[ReportManager] Initial window size: (800, 600) @11-01-2022 02:02:11.0507 AM
[ReportManager] Window size after SWD Maximize: (1176, 803) @11-01-2022 02:02:11.0543 AM
[ReportManager] Browser Action [MaximizeWindow] successfully performed. With the following test data [New screen size is now: (1176, 803)]. @11-01-2022 02:02:11.0544 A

################################################################################################################################################
Starting Execution:	[76 out of 146] test cases in the current suite
Test Method:		[testPackage01.Test_clipboardActions.typeTextAndCopyPaste]
################################################################################################################################################
[ReportManager] Target URL: [https://www.google.com/ncr], and after redirection: [https://www.google.com] @11-01-2022 02:02:11.0547 AM
[ReportManager] Initial URL: [] @11-01-2022 02:02:11.0593 AM
[ReportManager] Browser Action [NavigateToURL] successfully performed. With the following test data [https://www.google.com/ncr]. @11-01-2022 02:02:13.0557 AM
[ReportManager] Element Action [Type] successfully performed. With the following test data [FIRST]. @11-01-2022 02:02:13.0965 A
[ReportManager] Browser Action [CloseCurrentWindow] successfully performed. @11-01-2022 02:02:14.0184 AM
[ReportManager] Successfully created attachment [Browser Action Test Data - CloseCurrentWindow - Actual Value] @11-01-2022 02:02:14.0184 A

################################################################################################################################################
Starting Execution:	[77 out of 146] test cases in the current suite
Test Method:		[testPackage01.Test_NewValidationHelper.f1]
################################################################################################################################################
[ReportManager] Assertion Passed: Checking valid user data @11-01-2022 02:02:14.0189 AM
[ReportManager] Successfully created attachment [Validation Test Data - Expected Value] @11-01-2022 02:02:14.0190 AM
[ReportManager] Successfully created attachment [Validation Test Data - Actual Value] @11-01-2022 02:02:14.0190 AM
[ReportManager] Assertion [ValidateEquals] PASSED. Expected and Actual values are attached. Comparison Type [EQUALS]. Validation Type [POSITIVE]. @11-01-2022 02:02:14.0190 A
[ReportManager] File Action [GetAbsolutePath] successfully performed. With the following test data [Relative Folder Path: "target/downloadedFiles/"]. @11-01-2022 02:02:14.0193 AM
[ReportManager] Attempting to run locally on: [Mac-64], [Safari], Headless Execution. @11-01-2022 02:02:14.0194 AM
[ReportManager] Successfully Opened Safari. @11-01-2022 02:02:15.0125 AM
[ReportManager] Initial window size: (800, 600) @11-01-2022 02:02:15.0150 AM
[ReportManager] Window size after SWD Maximize: (1176, 803) @11-01-2022 02:02:15.0171 AM
[ReportManager] Browser Action [MaximizeWindow] successfully performed. With the following test data [New screen size is now: (1176, 803)]. @11-01-2022 02:02:15.0172 AM
[ReportManager] Target URL: [https://the-internet.herokuapp.com/] @11-01-2022 02:02:15.0172 AM
[ReportManager] Initial URL: [] @11-01-2022 02:02:15.0245 AM
[ReportManager] Browser Action [NavigateToURL] successfully performed. With the following test data [https://the-internet.herokuapp.com/]. @11-01-2022 02:02:16.0079 A

################################################################################################################################################
Starting Execution:	[78 out of 146] test cases in the current suite
Test Method:		[testPackage01.Test_NewValidationHelper.f10]
################################################################################################################################################
[ReportManager] Loaded Shared OpenCV @11-01-2022 02:02:16.0196 AM
[ReportManager] Assertion [ValidateElementExists] FAILED. Expected [Element Should Exist, locator 'By.tagName: div'] and Actual [Element Exists but is not unique]. Comparison Type [EQUALS]. Validation Type [POSITIVE]. @11-01-2022 02:02:16.0352 AM
[ReportManager] Successfully created attachment [Screenshot - 1641866536196_f10_ValidateElementExists_failed] @11-01-2022 02:02:16.0353 A
[ReportManager] Successfully Closed All Drivers. @11-01-2022 02:02:16.0543 A
[ReportManager] File Action [GetAbsolutePath] successfully performed. With the following test data [Relative Folder Path: "target/downloadedFiles/"]. @11-01-2022 02:02:16.0546 AM
[ReportManager] Attempting to run locally on: [Mac-64], [Safari], Headless Execution. @11-01-2022 02:02:16.0546 AM
[ReportManager] Successfully Opened Safari. @11-01-2022 02:02:17.0429 AM
[ReportManager] Initial window size: (800, 600) @11-01-2022 02:02:17.0445 AM
[ReportManager] Window size after SWD Maximize: (1176, 803) @11-01-2022 02:02:17.0482 AM
[ReportManager] Browser Action [MaximizeWindow] successfully performed. With the following test data [New screen size is now: (1176, 803)]. @11-01-2022 02:02:17.0482 AM
[ReportManager] Target URL: [https://the-internet.herokuapp.com/] @11-01-2022 02:02:17.0482 AM
[ReportManager] Initial URL: [] @11-01-2022 02:02:17.0551 AM
[ReportManager] Browser Action [NavigateToURL] successfully performed. With the following test data [https://the-internet.herokuapp.com/]. @11-01-2022 02:02:18.0437 A

################################################################################################################################################
Starting Execution:	[79 out of 146] test cases in the current suite
Test Method:		[testPackage01.Test_NewValidationHelper.f11]
################################################################################################################################################
[ReportManager] org.openqa.selenium.TimeoutException:
Expected condition failed: waiting for com.shaft.gui.element.ElementActionsHelper$$Lambda$641/0x0000000801123d20@e27215b (tried for 5 second(s) with 1000 milliseconds interval)
org.openqa.selenium.support.ui.FluentWait.timeoutException(FluentWait.java:263)
org.openqa.selenium.support.ui.FluentWait.until(FluentWait.java:231)
com.shaft.gui.element.ElementActionsHelper.waitForElementPresence(ElementActionsHelper.java:63)
com.shaft.gui.element.ElementActionsHelper.waitForElementPresence(ElementActionsHelper.java:37)
com.shaft.gui.element.WebDriverElementActions.getMatchingElementsCount(WebDriverElementActions.java:1468)
com.shaft.gui.element.WebDriverElementActions.getElementsCount(WebDriverElementActions.java:559)
com.shaft.gui.element.ElementActions.getElementsCount(ElementActions.java:261)
com.shaft.validation.ValidationsHelper.validateElementExists(ValidationsHelper.java:149)
com.shaft.validation.Assertions.assertElementExists(Assertions.java:118)
testPackage01.Test_NewValidationHelper.f11(Test_NewValidationHelper.java:137)
java.base/jdk.internal.reflect.NativeMethodAccessorImpl.invoke0(Native Method)
java.base/jdk.internal.reflect.NativeMethodAccessorImpl.invoke(NativeMethodAccessorImpl.java:77)
java.base/jdk.internal.reflect.DelegatingMethodAccessorImpl.invoke(DelegatingMethodAccessorImpl.java:43)
java.base/java.lang.reflect.Method.invoke(Method.java:568)
org.testng.internal.invokers.MethodInvocationHelper.invokeMethod(MethodInvocationHelper.java:135)
org.testng.internal.invokers.TestInvoker.invokeMethod(TestInvoker.java:673)
org.testng.internal.invokers.TestInvoker.invokeTestMethod(TestInvoker.java:220)
org.testng.internal.invokers.MethodRunner.runInSequence(MethodRunner.java:50)
org.testng.internal.invokers.TestInvoker$MethodInvocationAgent.invoke(TestInvoker.java:945)
org.testng.internal.invokers.TestInvoker.invokeTestMethods(TestInvoker.java:193)
org.testng.internal.invokers.TestMethodWorker.invokeTestMethods(TestMethodWorker.java:146)
org.testng.internal.invokers.TestMethodWorker.run(TestMethodWorker.java:128)
java.base/java.util.ArrayList.forEach(ArrayList.java:1511)
org.testng.TestRunner.privateRun(TestRunner.java:808)
org.testng.TestRunner.run(TestRunner.java:603)
org.testng.SuiteRunner.runTest(SuiteRunner.java:429)
org.testng.SuiteRunner.runSequentially(SuiteRunner.java:423)
org.testng.SuiteRunner.privateRun(SuiteRunner.java:383)
org.testng.SuiteRunner.run(SuiteRunner.java:326)
org.testng.SuiteRunnerWorker.runSuite(SuiteRunnerWorker.java:52)
org.testng.SuiteRunnerWorker.run(SuiteRunnerWorker.java:95)
org.testng.TestNG.runSuitesSequentially(TestNG.java:1249)
org.testng.TestNG.runSuitesLocally(TestNG.java:1169)
org.testng.TestNG.runSuites(TestNG.java:1092)
org.testng.TestNG.run(TestNG.java:1060)
org.apache.maven.surefire.testng.TestNGExecutor.run(TestNGExecutor.java:136)
org.apache.maven.surefire.testng.TestNGDirectoryTestSuite.executeMulti(TestNGDirectoryTestSuite.java:193)
org.apache.maven.surefire.testng.TestNGDirectoryTestSuite.execute(TestNGDirectoryTestSuite.java:94)
org.apache.maven.surefire.testng.TestNGProvider.invoke(TestNGProvider.java:145)
org.apache.maven.surefire.booter.ForkedBooter.runSuitesInProcess(ForkedBooter.java:428)
org.apache.maven.surefire.booter.ForkedBooter.execute(ForkedBooter.java:162)
org.apache.maven.surefire.booter.ForkedBooter.run(ForkedBooter.java:562)
org.apache.maven.surefire.booter.ForkedBooter.main(ForkedBooter.java:548)

Caused by: org.openqa.selenium.NoSuchElementException:
For documentation on this error, please visit: https://selenium.dev/exceptions/#no_such_element
Build info: version: '4.1.1', revision: 'e8fcc2cecf'
System info: host: 'Mac-1641866265763.local', ip: '10.212.0.42', os.name: 'Mac OS X', os.arch: 'x86_64', os.version: '11.5', java.version: '17.0.1'
Driver info: org.openqa.selenium.safari.SafariDriver
Command: [0904B23B-B690-48F8-BCCF-CF58CC4039CD, findElement {using=tag name, value=h3}]
Capabilities {acceptInsecureCerts: false, browserName: Safari, browserVersion: 15.2, goog:loggingPrefs: {browser: ALL, client: ALL, driver: ALL, performance: ALL, profiler: ALL, server: ALL}, javascriptEnabled: true, pageLoadStrategy: normal, platform: MAC, platformName: MAC, safari:automaticInspection: false, safari:automaticProfiling: false, safari:diagnose: false, safari:platformBuildVersion: 20G314, safari:platformVersion: 11.6.2, safari:useSimulator: false, setWindowRect: true, strictFileInteractability: false, timeouts: {pageLoad: 30000, script: 30000}, webkit:WebRTC: {DisableICECandidateFiltering: false, DisableInsecureMediaCapture: false}}
Session ID: 0904B23B-B690-48F8-BCCF-CF58CC4039CD
jdk.internal.reflect.GeneratedConstructorAccessor70.newInstance(Unknown Source)
java.base/jdk.internal.reflect.DelegatingConstructorAccessorImpl.newInstance(DelegatingConstructorAccessorImpl.java:45)
java.base/java.lang.reflect.Constructor.newInstanceWithCaller(Constructor.java:499)
java.base/java.lang.reflect.Constructor.newInstance(Constructor.java:480)
org.openqa.selenium.remote.codec.w3c.W3CHttpResponseCodec.createException(W3CHttpResponseCodec.java:200)
org.openqa.selenium.remote.codec.w3c.W3CHttpResponseCodec.decode(W3CHttpResponseCodec.java:133)
org.openqa.selenium.remote.codec.w3c.W3CHttpResponseCodec.decode(W3CHttpResponseCodec.java:53)
org.openqa.selenium.remote.HttpCommandExecutor.execute(HttpCommandExecutor.java:184)
org.openqa.selenium.remote.service.DriverCommandExecutor.invokeExecute(DriverCommandExecutor.java:167)
org.openqa.selenium.remote.service.DriverCommandExecutor.execute(DriverCommandExecutor.java:142)
org.openqa.selenium.remote.RemoteWebDriver.execute(RemoteWebDriver.java:543)
org.openqa.selenium.remote.ElementLocation$ElementFinder$2.findElement(ElementLocation.java:162)
org.openqa.selenium.remote.ElementLocation.findElement(ElementLocation.java:60)
org.openqa.selenium.remote.RemoteWebDriver.findElement(RemoteWebDriver.java:367)
org.openqa.selenium.remote.RemoteWebDriver.findElement(RemoteWebDriver.java:359)
com.shaft.gui.element.ElementActionsHelper.lambda$waitForElementPresence$0(ElementActionsHelper.java:66)
org.openqa.selenium.support.ui.FluentWait.until(FluentWait.java:208)
com.shaft.gui.element.ElementActionsHelper.waitForElementPresence(ElementActionsHelper.java:63)
com.shaft.gui.element.ElementActionsHelper.waitForElementPresence(ElementActionsHelper.java:37)
com.shaft.gui.element.WebDriverElementActions.getMatchingElementsCount(WebDriverElementActions.java:1468)
com.shaft.gui.element.WebDriverElementActions.getElementsCount(WebDriverElementActions.java:559)
com.shaft.gui.element.ElementActions.getElementsCount(ElementActions.java:261)
com.shaft.validation.ValidationsHelper.validateElementExists(ValidationsHelper.java:149)
com.shaft.validation.Assertions.assertElementExists(Assertions.java:118)
testPackage01.Test_NewValidationHelper.f11(Test_NewValidationHelper.java:137)
java.base/jdk.internal.reflect.NativeMethodAccessorImpl.invoke0(Native Method)
java.base/jdk.internal.reflect.NativeMethodAccessorImpl.invoke(NativeMethodAccessorImpl.java:77)
java.base/jdk.internal.reflect.DelegatingMethodAccessorImpl.invoke(DelegatingMethodAccessorImpl.java:43)
java.base/java.lang.reflect.Method.invoke(Method.java:568)
org.testng.internal.invokers.MethodInvocationHelper.invokeMethod(MethodInvocationHelper.java:135)
org.testng.internal.invokers.TestInvoker.invokeMethod(TestInvoker.java:673)
org.testng.internal.invokers.TestInvoker.invokeTestMethod(TestInvoker.java:220)
org.testng.internal.invokers.MethodRunner.runInSequence(MethodRunner.java:50)
org.testng.internal.invokers.TestInvoker$MethodInvocationAgent.invoke(TestInvoker.java:945)
org.testng.internal.invokers.TestInvoker.invokeTestMethods(TestInvoker.java:193)
org.testng.internal.invokers.TestMethodWorker.invokeTestMethods(TestMethodWorker.java:146)
org.testng.internal.invokers.TestMethodWorker.run(TestMethodWorker.java:128)
java.base/java.util.ArrayList.forEach(ArrayList.java:1511)
org.testng.TestRunner.privateRun(TestRunner.java:808)
org.testng.TestRunner.run(TestRunner.java:603)
org.testng.SuiteRunner.runTest(SuiteRunner.java:429)
org.testng.SuiteRunner.runSequentially(SuiteRunner.java:423)
org.testng.SuiteRunner.privateRun(SuiteRunner.java:383)
org.testng.SuiteRunner.run(SuiteRunner.java:326)
org.testng.SuiteRunnerWorker.runSuite(SuiteRunnerWorker.java:52)
org.testng.SuiteRunnerWorker.run(SuiteRunnerWorker.java:95)
org.testng.TestNG.runSuitesSequentially(TestNG.java:1249)
org.testng.TestNG.runSuitesLocally(TestNG.java:1169)
org.testng.TestNG.runSuites(TestNG.java:1092)
org.testng.TestNG.run(TestNG.java:1060)
org.apache.maven.surefire.testng.TestNGExecutor.run(TestNGExecutor.java:136)
org.apache.maven.surefire.testng.TestNGDirectoryTestSuite.executeMulti(TestNGDirectoryTestSuite.java:193)
org.apache.maven.surefire.testng.TestNGDirectoryTestSuite.execute(TestNGDirectoryTestSuite.java:94)
org.apache.maven.surefire.testng.TestNGProvider.invoke(TestNGProvider.java:145)
org.apache.maven.surefire.booter.ForkedBooter.runSuitesInProcess(ForkedBooter.java:428)
org.apache.maven.surefire.booter.ForkedBooter.execute(ForkedBooter.java:162)
org.apache.maven.surefire.booter.ForkedBooter.run(ForkedBooter.java:562)
org.apache.maven.surefire.booter.ForkedBooter.main(ForkedBooter.java:548) @11-01-2022 02:02:23.0637 AM
[ReportManager] org.openqa.selenium.TimeoutException:
Expected condition failed: waiting for com.shaft.gui.element.ElementActionsHelper$$Lambda$641/0x0000000801123d20@43d22b4 (tried for 5 second(s) with 1000 milliseconds interval)
org.openqa.selenium.support.ui.FluentWait.timeoutException(FluentWait.java:263)
org.openqa.selenium.support.ui.FluentWait.until(FluentWait.java:231)
com.shaft.gui.element.ElementActionsHelper.waitForElementPresence(ElementActionsHelper.java:63)
com.shaft.gui.element.ElementActionsHelper.waitForElementPresence(ElementActionsHelper.java:37)
com.shaft.gui.element.WebDriverElementActions.getMatchingElementsCount(WebDriverElementActions.java:1468)
com.shaft.gui.element.WebDriverElementActions.getElementsCount(WebDriverElementActions.java:559)
com.shaft.gui.element.ElementActions.getElementsCount(ElementActions.java:261)
com.shaft.gui.image.ScreenshotManager.internalCaptureScreenShot(ScreenshotManager.java:394)
com.shaft.gui.image.ScreenshotManager.captureScreenShot(ScreenshotManager.java:141)
com.shaft.validation.ValidationsHelper.reportValidationState(ValidationsHelper.java:823)
com.shaft.validation.ValidationsHelper.pass(ValidationsHelper.java:564)
com.shaft.validation.ValidationsHelper.validateElementExists(ValidationsHelper.java:166)
com.shaft.validation.Assertions.assertElementExists(Assertions.java:118)
testPackage01.Test_NewValidationHelper.f11(Test_NewValidationHelper.java:137)
java.base/jdk.internal.reflect.NativeMethodAccessorImpl.invoke0(Native Method)
java.base/jdk.internal.reflect.NativeMethodAccessorImpl.invoke(NativeMethodAccessorImpl.java:77)
java.base/jdk.internal.reflect.DelegatingMethodAccessorImpl.invoke(DelegatingMethodAccessorImpl.java:43)
java.base/java.lang.reflect.Method.invoke(Method.java:568)
org.testng.internal.invokers.MethodInvocationHelper.invokeMethod(MethodInvocationHelper.java:135)
org.testng.internal.invokers.TestInvoker.invokeMethod(TestInvoker.java:673)
org.testng.internal.invokers.TestInvoker.invokeTestMethod(TestInvoker.java:220)
org.testng.internal.invokers.MethodRunner.runInSequence(MethodRunner.java:50)
org.testng.internal.invokers.TestInvoker$MethodInvocationAgent.invoke(TestInvoker.java:945)
org.testng.internal.invokers.TestInvoker.invokeTestMethods(TestInvoker.java:193)
org.testng.internal.invokers.TestMethodWorker.invokeTestMethods(TestMethodWorker.java:146)
org.testng.internal.invokers.TestMethodWorker.run(TestMethodWorker.java:128)
java.base/java.util.ArrayList.forEach(ArrayList.java:1511)
org.testng.TestRunner.privateRun(TestRunner.java:808)
org.testng.TestRunner.run(TestRunner.java:603)
org.testng.SuiteRunner.runTest(SuiteRunner.java:429)
org.testng.SuiteRunner.runSequentially(SuiteRunner.java:423)
org.testng.SuiteRunner.privateRun(SuiteRunner.java:383)
org.testng.SuiteRunner.run(SuiteRunner.java:326)
org.testng.SuiteRunnerWorker.runSuite(SuiteRunnerWorker.java:52)
org.testng.SuiteRunnerWorker.run(SuiteRunnerWorker.java:95)
org.testng.TestNG.runSuitesSequentially(TestNG.java:1249)
org.testng.TestNG.runSuitesLocally(TestNG.java:1169)
org.testng.TestNG.runSuites(TestNG.java:1092)
org.testng.TestNG.run(TestNG.java:1060)
org.apache.maven.surefire.testng.TestNGExecutor.run(TestNGExecutor.java:136)
org.apache.maven.surefire.testng.TestNGDirectoryTestSuite.executeMulti(TestNGDirectoryTestSuite.java:193)
org.apache.maven.surefire.testng.TestNGDirectoryTestSuite.execute(TestNGDirectoryTestSuite.java:94)
org.apache.maven.surefire.testng.TestNGProvider.invoke(TestNGProvider.java:145)
org.apache.maven.surefire.booter.ForkedBooter.runSuitesInProcess(ForkedBooter.java:428)
org.apache.maven.surefire.booter.ForkedBooter.execute(ForkedBooter.java:162)
org.apache.maven.surefire.booter.ForkedBooter.run(ForkedBooter.java:562)
org.apache.maven.surefire.booter.ForkedBooter.main(ForkedBooter.java:548)

Caused by: org.openqa.selenium.NoSuchElementException:
For documentation on this error, please visit: https://selenium.dev/exceptions/#no_such_element
Build info: version: '4.1.1', revision: 'e8fcc2cecf'
System info: host: 'Mac-1641866265763.local', ip: '10.212.0.42', os.name: 'Mac OS X', os.arch: 'x86_64', os.version: '11.5', java.version: '17.0.1'
Driver info: org.openqa.selenium.safari.SafariDriver
Command: [0904B23B-B690-48F8-BCCF-CF58CC4039CD, findElement {using=tag name, value=h3}]
Capabilities {acceptInsecureCerts: false, browserName: Safari, browserVersion: 15.2, goog:loggingPrefs: {browser: ALL, client: ALL, driver: ALL, performance: ALL, profiler: ALL, server: ALL}, javascriptEnabled: true, pageLoadStrategy: normal, platform: MAC, platformName: MAC, safari:automaticInspection: false, safari:automaticProfiling: false, safari:diagnose: false, safari:platformBuildVersion: 20G314, safari:platformVersion: 11.6.2, safari:useSimulator: false, setWindowRect: true, strictFileInteractability: false, timeouts: {pageLoad: 30000, script: 30000}, webkit:WebRTC: {DisableICECandidateFiltering: false, DisableInsecureMediaCapture: false}}
Session ID: 0904B23B-B690-48F8-BCCF-CF58CC4039CD
jdk.internal.reflect.GeneratedConstructorAccessor70.newInstance(Unknown Source)
java.base/jdk.internal.reflect.DelegatingConstructorAccessorImpl.newInstance(DelegatingConstructorAccessorImpl.java:45)
java.base/java.lang.reflect.Constructor.newInstanceWithCaller(Constructor.java:499)
java.base/java.lang.reflect.Constructor.newInstance(Constructor.java:480)
org.openqa.selenium.remote.codec.w3c.W3CHttpResponseCodec.createException(W3CHttpResponseCodec.java:200)
org.openqa.selenium.remote.codec.w3c.W3CHttpResponseCodec.decode(W3CHttpResponseCodec.java:133)
org.openqa.selenium.remote.codec.w3c.W3CHttpResponseCodec.decode(W3CHttpResponseCodec.java:53)
org.openqa.selenium.remote.HttpCommandExecutor.execute(HttpCommandExecutor.java:184)
org.openqa.selenium.remote.service.DriverCommandExecutor.invokeExecute(DriverCommandExecutor.java:167)
org.openqa.selenium.remote.service.DriverCommandExecutor.execute(DriverCommandExecutor.java:142)
org.openqa.selenium.remote.RemoteWebDriver.execute(RemoteWebDriver.java:543)
org.openqa.selenium.remote.ElementLocation$ElementFinder$2.findElement(ElementLocation.java:162)
org.openqa.selenium.remote.ElementLocation.findElement(ElementLocation.java:60)
org.openqa.selenium.remote.RemoteWebDriver.findElement(RemoteWebDriver.java:367)
org.openqa.selenium.remote.RemoteWebDriver.findElement(RemoteWebDriver.java:359)
com.shaft.gui.element.ElementActionsHelper.lambda$waitForElementPresence$0(ElementActionsHelper.java:66)
org.openqa.selenium.support.ui.FluentWait.until(FluentWait.java:208)
com.shaft.gui.element.ElementActionsHelper.waitForElementPresence(ElementActionsHelper.java:63)
com.shaft.gui.element.ElementActionsHelper.waitForElementPresence(ElementActionsHelper.java:37)
com.shaft.gui.element.WebDriverElementActions.getMatchingElementsCount(WebDriverElementActions.java:1468)
com.shaft.gui.element.WebDriverElementActions.getElementsCount(WebDriverElementActions.java:559)
com.shaft.gui.element.ElementActions.getElementsCount(ElementActions.java:261)
com.shaft.gui.image.ScreenshotManager.internalCaptureScreenShot(ScreenshotManager.java:394)
com.shaft.gui.image.ScreenshotManager.captureScreenShot(ScreenshotManager.java:141)
com.shaft.validation.ValidationsHelper.reportValidationState(ValidationsHelper.java:823)
com.shaft.validation.ValidationsHelper.pass(ValidationsHelper.java:564)
com.shaft.validation.ValidationsHelper.validateElementExists(ValidationsHelper.java:166)
com.shaft.validation.Assertions.assertElementExists(Assertions.java:118)
testPackage01.Test_NewValidationHelper.f11(Test_NewValidationHelper.java:137)
java.base/jdk.internal.reflect.NativeMethodAccessorImpl.invoke0(Native Method)
java.base/jdk.internal.reflect.NativeMethodAccessorImpl.invoke(NativeMethodAccessorImpl.java:77)
java.base/jdk.internal.reflect.DelegatingMethodAccessorImpl.invoke(DelegatingMethodAccessorImpl.java:43)
java.base/java.lang.reflect.Method.invoke(Method.java:568)
org.testng.internal.invokers.MethodInvocationHelper.invokeMethod(MethodInvocationHelper.java:135)
org.testng.internal.invokers.TestInvoker.invokeMethod(TestInvoker.java:673)
org.testng.internal.invokers.TestInvoker.invokeTestMethod(TestInvoker.java:220)
org.testng.internal.invokers.MethodRunner.runInSequence(MethodRunner.java:50)
org.testng.internal.invokers.TestInvoker$MethodInvocationAgent.invoke(TestInvoker.java:945)
org.testng.internal.invokers.TestInvoker.invokeTestMethods(TestInvoker.java:193)
org.testng.internal.invokers.TestMethodWorker.invokeTestMethods(TestMethodWorker.java:146)
org.testng.internal.invokers.TestMethodWorker.run(TestMethodWorker.java:128)
java.base/java.util.ArrayList.forEach(ArrayList.java:1511)
org.testng.TestRunner.privateRun(TestRunner.java:808)
org.testng.TestRunner.run(TestRunner.java:603)
org.testng.SuiteRunner.runTest(SuiteRunner.java:429)
org.testng.SuiteRunner.runSequentially(SuiteRunner.java:423)
org.testng.SuiteRunner.privateRun(SuiteRunner.java:383)
org.testng.SuiteRunner.run(SuiteRunner.java:326)
org.testng.SuiteRunnerWorker.runSuite(SuiteRunnerWorker.java:52)
org.testng.SuiteRunnerWorker.run(SuiteRunnerWorker.java:95)
org.testng.TestNG.runSuitesSequentially(TestNG.java:1249)
org.testng.TestNG.runSuitesLocally(TestNG.java:1169)
org.testng.TestNG.runSuites(TestNG.java:1092)
org.testng.TestNG.run(TestNG.java:1060)
org.apache.maven.surefire.testng.TestNGExecutor.run(TestNGExecutor.java:136)
org.apache.maven.surefire.testng.TestNGDirectoryTestSuite.executeMulti(TestNGDirectoryTestSuite.java:193)
org.apache.maven.surefire.testng.TestNGDirectoryTestSuite.execute(TestNGDirectoryTestSuite.java:94)
org.apache.maven.surefire.testng.TestNGProvider.invoke(TestNGProvider.java:145)
org.apache.maven.surefire.booter.ForkedBooter.runSuitesInProcess(ForkedBooter.java:428)
org.apache.maven.surefire.booter.ForkedBooter.execute(ForkedBooter.java:162)
org.apache.maven.surefire.booter.ForkedBooter.run(ForkedBooter.java:562)
org.apache.maven.surefire.booter.ForkedBooter.main(ForkedBooter.java:548) @11-01-2022 02:02:28.0766 AM
[ReportManager] Assertion Passed: Checking that false tag doesn't exist @11-01-2022 02:02:28.0883 AM
[ReportManager] Successfully created attachment [Screenshot - 1641866548792_f11_ValidateElementExists_passed] @11-01-2022 02:02:28.0884 AM
[ReportManager] Assertion [ValidateElementExists] PASSED. Expected [Element Should not Exist, locator 'By.tagName: h3'] and Actual [Element Doesn't Exists]. Comparison Type [EQUALS]. Validation Type [NEGATIVE]. @11-01-2022 02:02:28.0884 A
[ReportManager] Successfully Closed All Drivers. @11-01-2022 02:02:29.0242 A
[ReportManager] File Action [GetAbsolutePath] successfully performed. With the following test data [Relative Folder Path: "target/downloadedFiles/"]. @11-01-2022 02:02:29.0245 AM
[ReportManager] Attempting to run locally on: [Mac-64], [Safari], Headless Execution. @11-01-2022 02:02:29.0245 AM
[ReportManager] An Exception Occured with this Message: Could not start a new session. Possible causes are invalid address of the remote server or browser start-up failure.. @11-01-2022 02:02:29.0436 AM
[ReportManager] Successfully created attachment [Exception Stack Trace - org.openqa.selenium.SessionNotCreatedException] @11-01-2022 02:02:29.0437 AM
[ReportManager] Driver Factory Action [createNewLocalDriverInstanceForSafari] failed. With the following test data [Failed to create a session on DESKTOP_SAFARI]. @11-01-2022 02:02:29.0437 A

################################################################################################################################################
Starting Execution:	[80 out of 146] test cases in the current suite
Test Method:		[testPackage01.Test_NewValidationHelper.f12]
###############################################################################################################################################



################################################################################################################################################
Starting Execution:	[81 out of 146] test cases in the current suite
Test Method:		[testPackage01.Test_NewValidationHelper.f13]
###############################################################################################################################################



################################################################################################################################################
Starting Execution:	[82 out of 146] test cases in the current suite
Test Method:		[testPackage01.Test_NewValidationHelper.f14]
###############################################################################################################################################



################################################################################################################################################
Starting Execution:	[83 out of 146] test cases in the current suite
Test Method:		[testPackage01.Test_NewValidationHelper.f15]
###############################################################################################################################################



################################################################################################################################################
Starting Execution:	[84 out of 146] test cases in the current suite
Test Method:		[testPackage01.Test_NewValidationHelper.f16]
###############################################################################################################################################



################################################################################################################################################
Starting Execution:	[85 out of 146] test cases in the current suite
Test Method:		[testPackage01.Test_NewValidationHelper.f17]
###############################################################################################################################################



################################################################################################################################################
Starting Execution:	[86 out of 146] test cases in the current suite
Test Method:		[testPackage01.Test_NewValidationHelper.f18]
###############################################################################################################################################


################################################################################################################################################
Starting Execution:	[87 out of 146] test cases in the current suite
Test Method:		[testPackage01.Test_NewValidationHelper.f2]
###############################################################################################################################################


################################################################################################################################################
Starting Execution:	[88 out of 146] test cases in the current suite
Test Method:		[testPackage01.Test_NewValidationHelper.f20]
###############################################################################################################################################



################################################################################################################################################
Starting Execution:	[89 out of 146] test cases in the current suite
Test Method:		[testPackage01.Test_NewValidationHelper.f21]
###############################################################################################################################################



################################################################################################################################################
Starting Execution:	[90 out of 146] test cases in the current suite
Test Method:		[testPackage01.Test_NewValidationHelper.f22]
###############################################################################################################################################


################################################################################################################################################
Starting Execution:	[91 out of 146] test cases in the current suite
Test Method:		[testPackage01.Test_NewValidationHelper.f23]
###############################################################################################################################################

################################################################################################################################################
Starting Execution:	[92 out of 146] test cases in the current suite
Test Method:		[testPackage01.Test_NewValidationHelper.f24]
###############################################################################################################################################

################################################################################################################################################
Starting Execution:	[93 out of 146] test cases in the current suite
Test Method:		[testPackage01.Test_NewValidationHelper.f25]
###############################################################################################################################################

################################################################################################################################################
Starting Execution:	[94 out of 146] test cases in the current suite
Test Method:		[testPackage01.Test_NewValidationHelper.f26]
###############################################################################################################################################

################################################################################################################################################
Starting Execution:	[95 out of 146] test cases in the current suite
Test Method:		[testPackage01.Test_NewValidationHelper.f27]
###############################################################################################################################################

################################################################################################################################################
Starting Execution:	[96 out of 146] test cases in the current suite
Test Method:		[testPackage01.Test_NewValidationHelper.f28]
###############################################################################################################################################

################################################################################################################################################
Starting Execution:	[97 out of 146] test cases in the current suite
Test Method:		[testPackage01.Test_NewValidationHelper.f29]
###############################################################################################################################################

################################################################################################################################################
Starting Execution:	[98 out of 146] test cases in the current suite
Test Method:		[testPackage01.Test_NewValidationHelper.f3]
###############################################################################################################################################

################################################################################################################################################
Starting Execution:	[99 out of 146] test cases in the current suite
Test Method:		[testPackage01.Test_NewValidationHelper.f30]
###############################################################################################################################################

################################################################################################################################################
Starting Execution:	[100 out of 146] test cases in the current suite
Test Method:		[testPackage01.Test_NewValidationHelper.f31]
###############################################################################################################################################

################################################################################################################################################
Starting Execution:	[101 out of 146] test cases in the current suite
Test Method:		[testPackage01.Test_NewValidationHelper.f32]
###############################################################################################################################################

################################################################################################################################################
Starting Execution:	[102 out of 146] test cases in the current suite
Test Method:		[testPackage01.Test_NewValidationHelper.f33]
###############################################################################################################################################

################################################################################################################################################
Starting Execution:	[103 out of 146] test cases in the current suite
Test Method:		[testPackage01.Test_NewValidationHelper.f34]
###############################################################################################################################################

################################################################################################################################################
Starting Execution:	[104 out of 146] test cases in the current suite
Test Method:		[testPackage01.Test_NewValidationHelper.f35]
###############################################################################################################################################

################################################################################################################################################
Starting Execution:	[105 out of 146] test cases in the current suite
Test Method:		[testPackage01.Test_NewValidationHelper.f36]
###############################################################################################################################################

################################################################################################################################################
Starting Execution:	[106 out of 146] test cases in the current suite
Test Method:		[testPackage01.Test_NewValidationHelper.f37]
###############################################################################################################################################

################################################################################################################################################
Starting Execution:	[107 out of 146] test cases in the current suite
Test Method:		[testPackage01.Test_NewValidationHelper.f3_1]
###############################################################################################################################################

################################################################################################################################################
Starting Execution:	[108 out of 146] test cases in the current suite
Test Method:		[testPackage01.Test_NewValidationHelper.f4]
###############################################################################################################################################

################################################################################################################################################
Starting Execution:	[109 out of 146] test cases in the current suite
Test Method:		[testPackage01.Test_NewValidationHelper.f5]
###############################################################################################################################################

################################################################################################################################################
Starting Execution:	[110 out of 146] test cases in the current suite
Test Method:		[testPackage01.Test_NewValidationHelper.f6]
###############################################################################################################################################

################################################################################################################################################
Starting Execution:	[111 out of 146] test cases in the current suite
Test Method:		[testPackage01.Test_NewValidationHelper.f6_1]
###############################################################################################################################################

################################################################################################################################################
Starting Execution:	[112 out of 146] test cases in the current suite
Test Method:		[testPackage01.Test_NewValidationHelper.f6_2]
###############################################################################################################################################

################################################################################################################################################
Starting Execution:	[113 out of 146] test cases in the current suite
Test Method:		[testPackage01.Test_NewValidationHelper.f7]
###############################################################################################################################################


################################################################################################################################################
Starting Execution:	[114 out of 146] test cases in the current suite
Test Method:		[testPackage01.Test_NewValidationHelper.f8]
###############################################################################################################################################



################################################################################################################################################
Starting Execution:	[115 out of 146] test cases in the current suite
Test Method:		[testPackage01.Test_NewValidationHelper.f9]
###############################################################################################################################################


################################################################################################################################################
Starting Execution:	[116 out of 146] test cases in the current suite
Test Method:		[testPackage01.Test_NewValidationHelper.forceFail]
###############################################################################################################################################

################################################################################################################################################
Starting Execution:	[117 out of 146] test cases in the current suite
Test Method:		[testPackage01.Test_NewValidationHelper.forceFail2]
###############################################################################################################################################

################################################################################################################################################
Starting Execution:	[118 out of 146] test cases in the current suite
Test Method:		[testPackage01.Test_JsonActions.f]
###############################################################################################################################################

################################################################################################################################################
Starting Execution:	[119 out of 146] test cases in the current suite
Test Method:		[testPackage01.Test_JsonActions.f2]
###############################################################################################################################################

################################################################################################################################################
Starting Execution:	[120 out of 146] test cases in the current suite
Test Method:		[testPackage01.Test_sendGraphqlRequest.sendGraphqlRequestUsingMutationAndVariables]
################################################################################################################################################
[ReportManager] GraphQl Request is being Performed with the Following Parameters [Service URL: https://api.spacex.land/graphql | Request Body: {"variables":"{\"name\": \"sherlock holmes\",\"rocket\": \"221B Baker Street\"}","query":"mutation ($name: String, $rocket: String) {\n  insert_users(objects: {name: $name, rocket: $rocket}) {\n    returning {\n      name\n      rocket\n    }\n  }\n}"}] @11-01-2022 02:02:29.0781 AM
[ReportManager] Response status code: [200], status line: [HTTP/1.1 200 OK] @11-01-2022 02:02:39.0370 AM
[ReportManager] Assertion Passed: Evaluating the actual response status code against the expected one... @11-01-2022 02:02:39.0370 AM
[ReportManager] Assertion [ValidateComparativeRelation] PASSED. Expected [200] and Actual [200]. Comparison Type [EQUALS]. Validation Type [POSITIVE]. @11-01-2022 02:02:39.0371 AM
[ReportManager] API Action [PerformRequest] successfully performed. With the following test data [Request Type: "POST" | Target Status Code: "200" | Service URL: "https://api.spacex.land/graphql" | Content Type: "application/json" | Response Time: "9500ms"]. @11-01-2022 02:02:39.0419 AM
[ReportManager] Successfully created attachment [API Request - Specifications] @11-01-2022 02:02:39.0420 AM
[ReportManager] Successfully created attachment [API Request - JSON Body] @11-01-2022 02:02:39.0421 AM
[ReportManager] Successfully created attachment [API Response - JSON Body] @11-01-2022 02:02:39.0422 AM
[ReportManager] API Action [GetResponseJSONValue] successfully performed. With the following test data [data.insert_users.returning[0].name]. @11-01-2022 02:02:39.0472 AM
[ReportManager] Assertion [ValidateEquals] PASSED. Expected [sherlock holmes] and Actual [sherlock holmes]. Comparison Type [EQUALS]. Validation Type [POSITIVE]. @11-01-2022 02:02:39.0473 A

################################################################################################################################################
Starting Execution:	[121 out of 146] test cases in the current suite
Test Method:		[testPackage01.Test_sendGraphqlRequest.sendGraphqlRequestUsingQuery]
################################################################################################################################################
[ReportManager] GraphQl Request is being Performed with the Following Parameters [Service URL: https://api.spacex.land/graphql | Request Body: {"query":"{company {ceo}}"}] @11-01-2022 02:02:39.0478 AM
[ReportManager] Response status code: [200], status line: [HTTP/1.1 200 OK] @11-01-2022 02:02:40.0908 AM
[ReportManager] Assertion Passed: Evaluating the actual response status code against the expected one... @11-01-2022 02:02:40.0908 AM
[ReportManager] Assertion [ValidateComparativeRelation] PASSED. Expected [200] and Actual [200]. Comparison Type [EQUALS]. Validation Type [POSITIVE]. @11-01-2022 02:02:40.0908 AM
[ReportManager] API Action [PerformRequest] successfully performed. With the following test data [Request Type: "POST" | Target Status Code: "200" | Service URL: "https://api.spacex.land/graphql" | Content Type: "application/json" | Response Time: "1425ms"]. @11-01-2022 02:02:40.0923 AM
[ReportManager] Successfully created attachment [API Request - Specifications] @11-01-2022 02:02:40.0923 AM
[ReportManager] Successfully created attachment [API Request - JSON Body] @11-01-2022 02:02:40.0924 AM
[ReportManager] Successfully created attachment [API Response - JSON Body] @11-01-2022 02:02:40.0925 AM
[ReportManager] API Action [GetResponseJSONValue] successfully performed. With the following test data [data.company.ceo]. @11-01-2022 02:02:40.0937 AM
[ReportManager] Assertion [ValidateEquals] PASSED. Expected [Elon Musk] and Actual [Elon Musk]. Comparison Type [EQUALS]. Validation Type [POSITIVE]. @11-01-2022 02:02:40.0937 A

################################################################################################################################################
Starting Execution:	[122 out of 146] test cases in the current suite
Test Method:		[testPackage01.Test_MatchJsonSchema.checkAPI_ResponseSchema]
################################################################################################################################################
[ReportManager] Response status code: [200], status line: [HTTP/1.1 200 OK] @11-01-2022 02:02:44.0260 AM
[ReportManager] Assertion Passed: Evaluating the actual response status code against the expected one... @11-01-2022 02:02:44.0260 AM
[ReportManager] Assertion [ValidateComparativeRelation] PASSED. Expected [200] and Actual [200]. Comparison Type [EQUALS]. Validation Type [POSITIVE]. @11-01-2022 02:02:44.0260 AM
[ReportManager] API Action [PerformRequest] successfully performed. With the following test data [Request Type: "GET" | Target Status Code: "200" | Service URL: "http://api.zippopotam.us/us/90210" | Content Type: "*/*" | Response Time: "3315ms"]. @11-01-2022 02:02:44.0275 AM
[ReportManager] Successfully created attachment [API Request - Specifications] @11-01-2022 02:02:44.0275 AM
[ReportManager] Successfully created attachment [API Response - JSON Body] @11-01-2022 02:02:44.0276 AM
[ReportManager] File Action [GetAbsolutePath] successfully performed. With the following test data [Relative Folder Path: "src/test/resources/testDataFiles/schema.json"]. @11-01-2022 02:02:44.0277 AM
[ReportManager] File Action [GetAbsolutePath] successfully performed. With the following test data [Relative Folder Path: "/Users/runner/work/SHAFT_ENGINE/SHAFT_ENGINE/src/test/resources/testDataFiles/schema.json"]. @11-01-2022 02:02:45.0014 AM
[ReportManager] File Action [ReadFromFile] successfully performed. With the following test data [File Path: "/Users/runner/work/SHAFT_ENGINE/SHAFT_ENGINE/src/test/resources/testDataFiles/schema.json"]. @11-01-2022 02:02:45.0014 AM
[ReportManager] Assertion Passed: Then I Assert that the API response schema matches that in this file [src/test/resources/testDataFiles/schema.json]. @11-01-2022 02:02:45.0017 AM
[ReportManager] Successfully created attachment [Validation Test Data - Expected JSON Value] @11-01-2022 02:02:45.0019 AM
[ReportManager] Successfully created attachment [Validation Test Data - Actual JSON Value] @11-01-2022 02:02:45.0020 AM
[ReportManager] Assertion [ValidateResponseFileSchema] PASSED. Expected [Response data should match the JSON File in this path '/Users/runner/work/SHAFT_ENGINE/SHAFT_ENGINE/src/test/resources/testDataFiles/schema.json'] and Actual [TRUE]. Comparison Type [EQUALS]. Validation Type [POSITIVE]. @11-01-2022 02:02:45.0020 A
[ReportManager] File Action [GetAbsolutePath] successfully performed. With the following test data [Relative Folder Path: "target/downloadedFiles/"]. @11-01-2022 02:02:45.0028 AM
[ReportManager] Attempting to run locally on: [Mac-64], [Safari], Headless Execution. @11-01-2022 02:02:45.0028 AM
[ReportManager] Successfully Opened Safari. @11-01-2022 02:02:45.0907 AM
[ReportManager] Initial window size: (800, 600) @11-01-2022 02:02:45.0959 AM
[ReportManager] Window size after SWD Maximize: (1176, 803) @11-01-2022 02:02:45.0998 AM
[ReportManager] Browser Action [MaximizeWindow] successfully performed. With the following test data [New screen size is now: (1176, 803)]. @11-01-2022 02:02:45.0999 A

################################################################################################################################################
Starting Execution:	[123 out of 146] test cases in the current suite
Test Method:		[testPackage01.Test_dragAndDrop.dragAndDropJquery]
################################################################################################################################################
[ReportManager] Target URL: [https://jqueryui.com/resources/demos/droppable/default.html] @11-01-2022 02:02:46.0003 AM
[ReportManager] Initial URL: [] @11-01-2022 02:02:46.0140 AM
[ReportManager] Browser Action [NavigateToURL] successfully performed. With the following test data [https://jqueryui.com/resources/demos/droppable/default.html]. @11-01-2022 02:02:48.0948 AM
[ReportManager] Element Action [GetText] successfully performed. With the following test data [
	Drop here
]. @11-01-2022 02:02:49.0040 AM
[ReportManager] Element Action [DragAndDrop] successfully performed. With the following test data [Start point: (8, 18), End point: (8, 18)]. @11-01-2022 02:02:50.0224 AM
[ReportManager] Element Action [GetText] successfully performed. With the following test data [
	Dropped!
]. @11-01-2022 02:02:50.0262 AM
[ReportManager] Assertion Passed: Checking to see if the text has changed after performing drag and drop @11-01-2022 02:02:50.0263 AM
[ReportManager] Assertion [ValidateEquals] PASSED. Expected [
	Drop here
] and Actual [
	Dropped!
]. Comparison Type [EQUALS]. Validation Type [NEGATIVE]. @11-01-2022 02:02:50.0263 A
[ReportManager] Browser Action [CloseCurrentWindow] successfully performed. @11-01-2022 02:02:50.0412 AM
[ReportManager] Successfully created attachment [Browser Action Test Data - CloseCurrentWindow - Actual Value] @11-01-2022 02:02:50.0412 A
[ReportManager] File Action [GetAbsolutePath] successfully performed. With the following test data [Relative Folder Path: "target/downloadedFiles/"]. @11-01-2022 02:02:50.0414 AM
[ReportManager] Attempting to run locally on: [Mac-64], [Safari], Headless Execution. @11-01-2022 02:02:50.0415 AM
[ReportManager] Successfully Opened Safari. @11-01-2022 02:02:51.0260 AM
[ReportManager] Initial window size: (800, 600) @11-01-2022 02:02:51.0280 AM
[ReportManager] Window size after SWD Maximize: (1176, 803) @11-01-2022 02:02:51.0324 AM
[ReportManager] Browser Action [MaximizeWindow] successfully performed. With the following test data [New screen size is now: (1176, 803)]. @11-01-2022 02:02:51.0325 A

################################################################################################################################################
Starting Execution:	[124 out of 146] test cases in the current suite
Test Method:		[testPackage01.Test_dragAndDrop.dragAndDrop]
Test Description:	[TC001 - Test Drag and Drop function.]
################################################################################################################################################
[ReportManager] Target URL: [http://the-internet.herokuapp.com/drag_and_drop] @11-01-2022 02:02:51.0329 AM
[ReportManager] Initial URL: [] @11-01-2022 02:02:51.0363 AM
[ReportManager] Browser Action [NavigateToURL] successfully performed. With the following test data [http://the-internet.herokuapp.com/drag_and_drop]. @11-01-2022 02:02:52.0781 AM
[ReportManager] Attempting Drag and Drop @11-01-2022 02:02:52.0781 AM
[ReportManager] Element Action [DragAndDrop] successfully performed. With the following test data [Start point: (120, 89), End point: (335, 89)]. @11-01-2022 02:02:53.0503 A
[ReportManager] Browser Action [CloseCurrentWindow] successfully performed. @11-01-2022 02:02:53.0817 AM
[ReportManager] Successfully created attachment [Browser Action Test Data - CloseCurrentWindow - Actual Value] @11-01-2022 02:02:53.0817 A
[ReportManager] File Action [GetAbsolutePath] successfully performed. With the following test data [Relative Folder Path: "target/downloadedFiles/"]. @11-01-2022 02:02:53.0820 AM
[ReportManager] Attempting to run locally on: [Mac-64], [Safari], Headless Execution. @11-01-2022 02:02:53.0820 AM
[ReportManager] Successfully Opened Safari. @11-01-2022 02:02:54.0705 AM
[ReportManager] Initial window size: (800, 600) @11-01-2022 02:02:54.0715 AM
[ReportManager] Window size after SWD Maximize: (1176, 803) @11-01-2022 02:02:54.0736 AM
[ReportManager] Browser Action [MaximizeWindow] successfully performed. With the following test data [New screen size is now: (1176, 803)]. @11-01-2022 02:02:54.0736 A

################################################################################################################################################
Starting Execution:	[125 out of 146] test cases in the current suite
Test Method:		[testPackage01.Test_dragAndDrop.dragAndDropByOffset]
Test Description:	[TC002 - Test Drag and Drop by offset function.]
################################################################################################################################################
[ReportManager] Target URL: [https://jqueryui.com/resources/demos/draggable/default.html] @11-01-2022 02:02:54.0739 AM
[ReportManager] Initial URL: [] @11-01-2022 02:02:54.0794 AM
[ReportManager] Browser Action [NavigateToURL] successfully performed. With the following test data [https://jqueryui.com/resources/demos/draggable/default.html]. @11-01-2022 02:02:57.0082 AM
[ReportManager] Element Action [DragAndDropByOffset] successfully performed. With the following test data [Start point: (8, 8), End point: (108, 58)]. @11-01-2022 02:02:57.0913 A
[ReportManager] Browser Action [CloseCurrentWindow] successfully performed. @11-01-2022 02:02:58.0209 AM
[ReportManager] Successfully created attachment [Browser Action Test Data - CloseCurrentWindow - Actual Value] @11-01-2022 02:02:58.0209 A
[ReportManager] Successfully loaded the following test data file [src/test/resources/testDataFiles/testSuite01/TestData.xlsx]. @11-01-2022 02:02:58.0246 AM
[ReportManager] Successfully created attachment [Test Data - Excel] @11-01-2022 02:02:58.0247 AM
[ReportManager] File Action [GetAbsolutePath] successfully performed. With the following test data [Relative Folder Path: "target/downloadedFiles/"]. @11-01-2022 02:02:58.0247 AM
[ReportManager] Attempting to run locally on: [Mac-64], [Safari], Headless Execution. @11-01-2022 02:02:58.0248 AM
[ReportManager] An Exception Occured with this Message: Could not start a new session. Possible causes are invalid address of the remote server or browser start-up failure.. @11-01-2022 02:02:58.0536 AM
[ReportManager] Successfully created attachment [Exception Stack Trace - org.openqa.selenium.SessionNotCreatedException] @11-01-2022 02:02:58.0537 AM
[ReportManager] Driver Factory Action [createNewLocalDriverInstanceForSafari] failed. With the following test data [Failed to create a session on DESKTOP_SAFARI]. @11-01-2022 02:02:58.0537 A

################################################################################################################################################
Starting Execution:	[126 out of 146] test cases in the current suite
Test Method:		[testPackage01.Test_google.navigateToURLandVerifyGoogleLogoIsDisplayed]
Test Description:	[TC001 - Navigate to URL and Verify Google Logo is Displayed]
###############################################################################################################################################

################################################################################################################################################
Starting Execution:	[127 out of 146] test cases in the current suite
Test Method:		[testPackage01.Test_google.searchForQueryandAssertResultsNumDisplayed]
Test Description:	[TC002 - Search for Query and Assert that the number of results is displayed]
###############################################################################################################################################

################################################################################################################################################
Starting Execution:	[128 out of 146] test cases in the current suite
Test Method:		[testPackage01.Test_google.clickNextThrice]
Test Description:	[TC003 - Clicks the next button to make sure that the framework can scroll element into view before clicking it]
###############################################################################################################################################

[ReportManager] File Action [GetAbsolutePath] successfully performed. With the following test data [Relative Folder Path: "target/downloadedFiles/"]. @11-01-2022 02:02:58.0555 AM
[ReportManager] Attempting to run locally on: [Mac-64], [Safari], Headless Execution. @11-01-2022 02:02:58.0555 AM
[ReportManager] Successfully Opened Safari. @11-01-2022 02:02:59.0412 AM
[ReportManager] Initial window size: (800, 600) @11-01-2022 02:02:59.0442 AM
[ReportManager] Window size after SWD Maximize: (1176, 803) @11-01-2022 02:02:59.0468 AM
[ReportManager] Browser Action [MaximizeWindow] successfully performed. With the following test data [New screen size is now: (1176, 803)]. @11-01-2022 02:02:59.0469 A

################################################################################################################################################
Starting Execution:	[129 out of 146] test cases in the current suite
Test Method:		[testPackage01.Test_chainableElementActions.chainElementActions]
################################################################################################################################################
[ReportManager] Target URL: [https://www.google.com/ncr], and after redirection: [https://www.google.com] @11-01-2022 02:02:59.0498 AM
[ReportManager] Initial URL: [] @11-01-2022 02:02:59.0535 AM
[ReportManager] Browser Action [NavigateToURL] successfully performed. With the following test data [https://www.google.com/ncr]. @11-01-2022 02:03:05.0601 AM
[ReportManager] Element Action [Type] successfully performed. With the following test data [chained type 1]. @11-01-2022 02:03:06.0043 AM
[ReportManager] Element Action [Type] successfully performed. With the following test data [chained type 2]. @11-01-2022 02:03:06.0437 AM
[ReportManager] Element Action [TypeAppend] successfully performed. With the following test data [345]. @11-01-2022 02:03:06.0540 AM
[ReportManager] Element Action [GetText] successfully performed. With the following test data [chained type 2345]. @11-01-2022 02:03:06.0636 AM
[ReportManager] Loaded Shared OpenCV @11-01-2022 02:03:06.0700 AM
[ReportManager] Assertion Passed: Then I Assert that the element found by [By.name: q] text is equal to [chained type 2345]. @11-01-2022 02:03:06.0794 AM
[ReportManager] Successfully created attachment [Screenshot - 1641866586699_chainElementActions_ValidateElementAttribute_passed] @11-01-2022 02:03:06.0795 AM
[ReportManager] Assertion [ValidateElementAttribute] PASSED. Expected [Value Should be 'chained type 2345' for the 'text' attribute, element locator 'By.name: q'] and Actual [chained type 2345]. Comparison Type [EQUALS]. Validation Type [POSITIVE]. @11-01-2022 02:03:06.0795 A
[ReportManager] Successfully Closed All Drivers. @11-01-2022 02:03:07.0014 A
[ReportManager] File Action [GetAbsolutePath] successfully performed. With the following test data [Relative Folder Path: "target/downloadedFiles/"]. @11-01-2022 02:03:07.0017 AM
[ReportManager] Attempting to run locally on: [Mac-64], [Safari], Headless Execution. @11-01-2022 02:03:07.0017 AM
[ReportManager] An Exception Occured with this Message: Could not start a new session. Possible causes are invalid address of the remote server or browser start-up failure.. @11-01-2022 02:03:07.0029 AM
[ReportManager] Successfully created attachment [Exception Stack Trace - org.openqa.selenium.SessionNotCreatedException] @11-01-2022 02:03:07.0030 AM
[ReportManager] Driver Factory Action [createNewLocalDriverInstanceForSafari] failed. With the following test data [Failed to create a session on DESKTOP_SAFARI]. @11-01-2022 02:03:07.0030 A

################################################################################################################################################
Starting Execution:	[130 out of 146] test cases in the current suite
Test Method:		[testPackage01.Test_RelativeLocators.relativeLocatorsTest1]
###############################################################################################################################################


################################################################################################################################################
Starting Execution:	[131 out of 146] test cases in the current suite
Test Method:		[testPackage01.Test_JsonCompareWithSpecialCharacters.specialCharacters]
################################################################################################################################################
[ReportManager] File Action [GetAbsolutePath] successfully performed. With the following test data [Relative Folder Path: "src/test/resources/testDataFiles/specialCharacters.json"]. @11-01-2022 02:03:07.0045 AM
[ReportManager] File Action [ReadFromFile] successfully performed. With the following test data [File Path: "/Users/runner/work/SHAFT_ENGINE/SHAFT_ENGINE/src/test/resources/testDataFiles/specialCharacters.json"]. @11-01-2022 02:03:07.0046 AM
[ReportManager] Successfully created attachment [File Action Actual Result - Command Log] @11-01-2022 02:03:07.0046 AM
[ReportManager] Comparing the provided API response with the file at this path "src/test/resources/testDataFiles/specialCharacters.json", comparison type "EQUALS" @11-01-2022 02:03:07.0049 AM
[ReportManager] API Action [CompareJSON] successfully performed. With the following test data [src/test/resources/testDataFiles/specialCharacters.json]. @11-01-2022 02:03:07.0057 AM
[ReportManager] File Action [GetAbsolutePath] successfully performed. With the following test data [Relative Folder Path: "src/test/resources/testDataFiles/specialCharacters.json"]. @11-01-2022 02:03:07.0057 AM
[ReportManager] File Action [ReadFromFile] successfully performed. With the following test data [File Path: "/Users/runner/work/SHAFT_ENGINE/SHAFT_ENGINE/src/test/resources/testDataFiles/specialCharacters.json"]. @11-01-2022 02:03:07.0058 AM
[ReportManager] Verification [ValidateJSONFileContent] PASSED. Expected [Response data should match the JSON File in this path 'src/test/resources/testDataFiles/specialCharacters.json'] and Actual [TRUE]. Comparison Type [EQUALS]. Validation Type [POSITIVE]. @11-01-2022 02:03:07.0063 AM
[ReportManager] Successfully created attachment [Validation Test Data - Expected JSON Value] @11-01-2022 02:03:07.0064 AM
[ReportManager] Successfully created attachment [Validation Test Data - Actual JSON Value] @11-01-2022 02:03:07.0064 A

################################################################################################################################################
Starting Execution:	[132 out of 146] test cases in the current suite
Test Method:		[testPackage01.Test_JsonCompareWithSpecialCharacters.specialCharacters_assertion]
################################################################################################################################################
[ReportManager] File Action [GetAbsolutePath] successfully performed. With the following test data [Relative Folder Path: "src/test/resources/testDataFiles/specialCharacters.json"]. @11-01-2022 02:03:07.0070 AM
[ReportManager] File Action [ReadFromFile] successfully performed. With the following test data [File Path: "/Users/runner/work/SHAFT_ENGINE/SHAFT_ENGINE/src/test/resources/testDataFiles/specialCharacters.json"]. @11-01-2022 02:03:07.0070 AM
[ReportManager] Successfully created attachment [File Action Actual Result - Command Log] @11-01-2022 02:03:07.0071 AM
[ReportManager] Comparing the provided API response with the file at this path "src/test/resources/testDataFiles/specialCharacters.json", comparison type "CONTAINS" @11-01-2022 02:03:07.0071 AM
[ReportManager] API Action [CompareJSON] successfully performed. With the following test data [src/test/resources/testDataFiles/specialCharacters.json]. @11-01-2022 02:03:07.0086 AM
[ReportManager] File Action [GetAbsolutePath] successfully performed. With the following test data [Relative Folder Path: "src/test/resources/testDataFiles/specialCharacters.json"]. @11-01-2022 02:03:07.0087 AM
[ReportManager] File Action [ReadFromFile] successfully performed. With the following test data [File Path: "/Users/runner/work/SHAFT_ENGINE/SHAFT_ENGINE/src/test/resources/testDataFiles/specialCharacters.json"]. @11-01-2022 02:03:07.0087 AM
[ReportManager] Assertion Passed: trying out the log message @11-01-2022 02:03:07.0093 AM
[ReportManager] Successfully created attachment [Validation Test Data - Expected JSON Value] @11-01-2022 02:03:07.0094 AM
[ReportManager] Successfully created attachment [Validation Test Data - Actual JSON Value] @11-01-2022 02:03:07.0097 AM
[ReportManager] Assertion [ValidateJSONFileContent] PASSED. Expected [Response data should match the JSON File in this path 'src/test/resources/testDataFiles/specialCharacters.json'] and Actual [TRUE]. Comparison Type [CONTAINS]. Validation Type [POSITIVE]. @11-01-2022 02:03:07.0097 A

################################################################################################################################################
Starting Execution:	[133 out of 146] test cases in the current suite
Test Method:		[testPackage01.Test_SkipDueToIssue.doNotSkip]
################################################################################################################################################
[ReportManager] This should not be skipped. @11-01-2022 02:03:07.0133 A

################################################################################################################################################
Starting Execution:	[134 out of 146] test cases in the current suite
Test Method:		[testPackage01.Test_SkipDueToIssue.skip]
################################################################################################################################################
[ReportManager] This should be skipped. @11-01-2022 02:03:07.0140 A

################################################################################################################################################
Starting Execution:	[135 out of 146] test cases in the current suite
Test Method:		[testPackage01.Test_SkipDueToIssue.skip2]
################################################################################################################################################
[ReportManager] This should be skipped. @11-01-2022 02:03:07.0146 A

################################################################################################################################################
Starting Execution:	[136 out of 146] test cases in the current suite
Test Method:		[testPackage01.Test_JSONFileManager.readStringFromJson]
################################################################################################################################################
[ReportManager] File Action [GetAbsolutePath] successfully performed. With the following test data [Relative Folder Path: "src/test/resources/testDataFiles/simpleJSON.json"]. @11-01-2022 02:03:07.0152 AM
[ReportManager] Successfully loaded the following test data file [src/test/resources/testDataFiles/simpleJSON.json]. @11-01-2022 02:03:07.0153 AM
[ReportManager] Successfully created attachment [Test Data - JSON] @11-01-2022 02:03:07.0154 AM
[ReportManager] File Action [GetAbsolutePath] successfully performed. With the following test data [Relative Folder Path: "src/test/resources/testDataFiles/simpleJSON.json"]. @11-01-2022 02:03:07.0155 AM
[ReportManager] Assertion [ValidateEquals] PASSED. Expected [Mohab Mohie] and Actual [Mohab Mohie]. Comparison Type [EQUALS]. Validation Type [POSITIVE]. @11-01-2022 02:03:07.0170 A
[ReportManager] File Action [GetAbsolutePath] successfully performed. With the following test data [Relative Folder Path: "target/downloadedFiles/"]. @11-01-2022 02:03:07.0172 AM
[ReportManager] Attempting to run locally on: [Mac-64], [Safari], Headless Execution. @11-01-2022 02:03:07.0173 AM
[ReportManager] An Exception Occured with this Message: Could not start a new session. Possible causes are invalid address of the remote server or browser start-up failure.. @11-01-2022 02:03:07.0265 AM
[ReportManager] Successfully created attachment [Exception Stack Trace - org.openqa.selenium.SessionNotCreatedException] @11-01-2022 02:03:07.0310 AM
[ReportManager] Driver Factory Action [createNewLocalDriverInstanceForSafari] failed. With the following test data [Failed to create a session on DESKTOP_SAFARI]. @11-01-2022 02:03:07.0310 A

################################################################################################################################################
Starting Execution:	[137 out of 146] test cases in the current suite
Test Method:		[testPackage01.Test_assertEquals.test_assertElementAttribute]
###############################################################################################################################################

[ReportManager] File Action [GetAbsolutePath] successfully performed. With the following test data [Relative Folder Path: "target/downloadedFiles/"]. @11-01-2022 02:03:07.0606 AM
[ReportManager] Attempting to run locally on: [Mac-64], [Safari], Headless Execution. @11-01-2022 02:03:07.0607 AM
[ReportManager] Successfully Opened Safari. @11-01-2022 02:03:08.0500 AM
[ReportManager] Initial window size: (800, 600) @11-01-2022 02:03:08.0511 AM
[ReportManager] Window size after SWD Maximize: (1176, 803) @11-01-2022 02:03:08.0539 AM
[ReportManager] Browser Action [MaximizeWindow] successfully performed. With the following test data [New screen size is now: (1176, 803)]. @11-01-2022 02:03:08.0539 A

################################################################################################################################################
Starting Execution:	[138 out of 146] test cases in the current suite
Test Method:		[testPackage01.Test_IsElementClickable.testIsElementClickable]
################################################################################################################################################
[ReportManager] Target URL: [https://the-internet.herokuapp.com/] @11-01-2022 02:03:08.0543 AM
[ReportManager] Initial URL: [] @11-01-2022 02:03:08.0763 AM
[ReportManager] Browser Action [NavigateToURL] successfully performed. With the following test data [https://the-internet.herokuapp.com/]. @11-01-2022 02:03:10.0664 AM
[ReportManager] Element Action [IsElementClickable] successfully performed. @11-01-2022 02:03:10.0756 AM
[ReportManager] Assertion [ValidateTrue] PASSED. Expected [TRUE] and Actual [TRUE]. Validation Type [POSITIVE]. @11-01-2022 02:03:10.0756 A
[ReportManager] Browser Action [CloseCurrentWindow] successfully performed. @11-01-2022 02:03:11.0182 AM
[ReportManager] Successfully created attachment [Browser Action Test Data - CloseCurrentWindow - Actual Value] @11-01-2022 02:03:11.0183 A
[ReportManager] Successfully loaded the following test data file [src/test/resources/testDataFiles/testSuite01/TestData.xlsx]. @11-01-2022 02:03:11.0230 AM
[ReportManager] Successfully created attachment [Test Data - Excel] @11-01-2022 02:03:11.0231 AM
[ReportManager] Attempting to run using Playwright locally on: [Mac-64], [Safari], Headless Execution. @11-01-2022 02:03:47.0571 AM
[ReportManager] File Action [GetAbsolutePath] successfully performed. With the following test data [Relative Folder Path: "target/downloadedFiles/"]. @11-01-2022 02:03:47.0572 AM
[ReportManager] Initial window size: (1280, 720) @11-01-2022 02:03:53.0497 AM
[ReportManager] Window size after Toolkit: com.microsoft.playwright.options.ViewportSize@1b14d518 @11-01-2022 02:03:53.0508 AM
[ReportManager] Browser Action [MaximizeWindow] successfully performed. With the following test data [New screen size is now: (1920, 1080)]. @11-01-2022 02:03:53.0509 A

################################################################################################################################################
Starting Execution:	[139 out of 146] test cases in the current suite
Test Method:		[testPackage01.Test_google_playwright.navigateToURLandVerifyGoogleLogoIsDisplayed]
Test Description:	[TC001 - Navigate to URL and Verify Google Logo is Displayed]
################################################################################################################################################
[ReportManager] Target URL: [https://www.google.com/ncr], and after redirection: [https://www.google.com] @11-01-2022 02:03:53.0516 AM
[ReportManager] Initial URL: [about:blank] @11-01-2022 02:03:54.0048 AM
[ReportManager] Browser Action [NavigateToURL] successfully performed. With the following test data [https://www.google.com/ncr]. @11-01-2022 02:03:55.0800 AM
[ReportManager] Loaded Shared OpenCV @11-01-2022 02:03:55.0910 AM
[ReportManager] Assertion [ValidateElementExists] PASSED. Expected [Element Should Exist, locator 'xpath=//*[@id='hplogo' or @alt='Google']'] and Actual [Element Exists]. Comparison Type [EQUALS]. Validation Type [POSITIVE]. @11-01-2022 02:03:56.0269 AM
[ReportManager] Successfully created attachment [Screenshot - 1641866635905_navigateToURLandVerifyGoogleLogoIsDisplayed_ValidateElementExists_passed] @11-01-2022 02:03:56.0351 A

################################################################################################################################################
Starting Execution:	[140 out of 146] test cases in the current suite
Test Method:		[testPackage01.Test_google_playwright.searchForQueryandAssertResultsNumDisplayed]
Test Description:	[TC002 - Search for Query and Assert that the number of results is displayed]
################################################################################################################################################
[ReportManager] Element Action [Type] successfully performed. With the following test data [SHAFT_Engine]. @11-01-2022 02:03:57.0012 AM
[ReportManager] Element Action [KeyPress] successfully performed. With the following test data [Enter]. @11-01-2022 02:03:57.0075 AM
[ReportManager] Element Action [GetText] successfully performed. With the following test data [About 906,000 results (0.64 seconds)Â 
]. @11-01-2022 02:03:57.0830 AM
[ReportManager] Loaded Shared OpenCV @11-01-2022 02:03:59.0762 AM
[ReportManager] Assertion [ValidateElementAttribute] PASSED. Expected [Value Should not be '' for the 'text' attribute, element locator 'xpath=//div[@id='appbar']'] and Actual [About 906,000 results (0.64 seconds)Â 
]. Comparison Type [EQUALS]. Validation Type [NEGATIVE]. @11-01-2022 02:04:00.0168 AM
[ReportManager] Successfully created attachment [Screenshot - 1641866639760_searchForQueryandAssertResultsNumDisplayed_ValidateElementAttribute_passed] @11-01-2022 02:04:00.0253 A

################################################################################################################################################
Starting Execution:	[141 out of 146] test cases in the current suite
Test Method:		[testPackage01.Test_google_playwright.clickNextThrice]
Test Description:	[TC003 - Clicks the next button to make sure that the framework can scroll element into view before clicking it]
################################################################################################################################################
[ReportManager] Element Action [Click] successfully performed. With the following test data [Next]. @11-01-2022 02:04:00.0692 A
[ReportManager] Failed to find video recording. @11-01-2022 02:04:00.0858 AM
[ReportManager] Successfully Closed PlayWright Driver. @11-01-2022 02:04:00.0980 A
[ReportManager] File Action [GetAbsolutePath] successfully performed. With the following test data [Relative Folder Path: "target/downloadedFiles/"]. @11-01-2022 02:04:01.0064 AM
[ReportManager] Attempting to run locally on: [Mac-64], [Safari], Headless Execution. @11-01-2022 02:04:01.0064 AM
[ReportManager] Successfully Opened Safari. @11-01-2022 02:04:02.0001 AM
[ReportManager] Initial window size: (800, 600) @11-01-2022 02:04:02.0025 AM
[ReportManager] Window size after SWD Maximize: (1176, 803) @11-01-2022 02:04:02.0126 AM
[ReportManager] Browser Action [MaximizeWindow] successfully performed. With the following test data [New screen size is now: (1176, 803)]. @11-01-2022 02:04:02.0126 A

################################################################################################################################################
Starting Execution:	[142 out of 146] test cases in the current suite
Test Method:		[testPackage01.Test_verifyEquals.test_assertElementAttribute]
################################################################################################################################################
[ReportManager] Target URL: [https://www.google.com/ncr], and after redirection: [https://www.google.com] @11-01-2022 02:04:02.0141 AM
[ReportManager] Initial URL: [] @11-01-2022 02:04:02.0187 AM
[ReportManager] Browser Action [NavigateToURL] successfully performed. With the following test data [https://www.google.com/ncr]. @11-01-2022 02:04:03.0897 AM
[ReportManager] Element Action [Type] successfully performed. With the following test data [INC_004010050:Another SCHEDULER with the same name [Duplicate Job Name] already exists.]. @11-01-2022 02:04:05.0525 AM
[ReportManager] Element Action [GetText] successfully performed. With the following test data [INC_004010050:Another SCHEDULER with the same name [Duplicate Job Name] already exists.]. @11-01-2022 02:04:05.0587 AM
[ReportManager] Loaded Shared OpenCV @11-01-2022 02:04:05.0643 AM
[ReportManager] Verification [ValidateElementAttribute] PASSED. Expected [Value Should be 'INC_004010050:Another SCHEDULER with the same name \[Duplicate Job Name\] already exists.' for the 'text' attribute, element locator 'By.name: q'] and Actual [INC_004010050:Another SCHEDULER with the same name [Duplicate Job Name] already exists.]. Comparison Type [MATCHES]. Validation Type [POSITIVE]. @11-01-2022 02:04:05.0735 AM
[ReportManager] Successfully created attachment [Screenshot - 1641866645643_test_assertElementAttribute_ValidateElementAttribute_passed] @11-01-2022 02:04:05.0737 A
[ReportManager] Browser Action [CloseCurrentWindow] successfully performed. @11-01-2022 02:04:06.0165 AM
[ReportManager] Successfully created attachment [Browser Action Test Data - CloseCurrentWindow - Actual Value] @11-01-2022 02:04:06.0207 A

################################################################################################################################################
Starting Execution:	[143 out of 146] test cases in the current suite
Test Method:		[testPackage01.Test_SelectedValue.multipleSelect]
################################################################################################################################################
[ReportManager] File Action [GetAbsolutePath] successfully performed. With the following test data [Relative Folder Path: "target/downloadedFiles/"]. @11-01-2022 02:04:06.0293 AM
[ReportManager] Attempting to run locally on: [Mac-64], [GoogleChrome], Headless Execution. @11-01-2022 02:04:06.0295 AM
[ReportManager] Identifying OS/Driver combination and selecting the correct driver version automatically. Please note that if a new driver executable will be downloaded it may take some time... @11-01-2022 02:04:06.0295 AM
[ReportManager] Successfully Opened Google Chrome. @11-01-2022 02:04:10.0637 AM
[ReportManager] Initial window size: (1920, 1080) @11-01-2022 02:04:10.0641 AM
[ReportManager] Window size after SWD Maximize: (1920, 1080) @11-01-2022 02:04:10.0750 AM
[ReportManager] Window size after Toolkit: (1920, 1080) @11-01-2022 02:04:11.0420 AM
[ReportManager] Browser Action [MaximizeWindow] successfully performed. With the following test data [New screen size is now: (1920, 1080)]. @11-01-2022 02:04:11.0428 AM
[ReportManager] Target URL: [https://yari-demos.prod.mdn.mozit.cloud/en-US/docs/Web/HTML/Element/select/_sample_.Advanced_select_with_multiple_features.html] @11-01-2022 02:04:11.0428 AM
[ReportManager] Initial URL: [data:,] @11-01-2022 02:04:11.0470 AM
[ReportManager] Browser Action [NavigateToURL] successfully performed. With the following test data [https://yari-demos.prod.mdn.mozit.cloud/en-US/docs/Web/HTML/Element/select/_sample_.Advanced_select_with_multiple_features.html]. @11-01-2022 02:04:12.0102 AM
[ReportManager] Element Action [Select] successfully performed. With the following test data [Dog]. @11-01-2022 02:04:12.0353 AM
[ReportManager] Element Action [Select] successfully performed. With the following test data [Cat]. @11-01-2022 02:04:12.0555 AM
[ReportManager] Element Action [GetSelectedText] successfully performed. With the following test data [DogCat]. @11-01-2022 02:04:12.0673 AM
[ReportManager] DogCat @11-01-2022 02:04:12.0673 AM
[ReportManager] Element Action [GetSelectedText] successfully performed. With the following test data [DogCat]. @11-01-2022 02:04:12.0775 AM
[ReportManager] Loaded Shared OpenCV @11-01-2022 02:04:13.0148 AM
[ReportManager] Assertion [ValidateElementAttribute] PASSED. Expected [Value Should be 'DogCat' for the 'selectedText' attribute, element locator 'By.tagName: select'] and Actual [DogCat]. Comparison Type [EQUALS]. Validation Type [POSITIVE]. @11-01-2022 02:04:13.0438 AM
[ReportManager] Successfully created attachment [Screenshot - 1641866653148_multipleSelect_ValidateElementAttribute_passed] @11-01-2022 02:04:13.0522 AM
[ReportManager] Browser Action [CloseCurrentWindow] successfully performed. @11-01-2022 02:04:13.0792 AM
[ReportManager] Successfully created attachment [Browser Action Test Data - CloseCurrentWindow - Actual Value] @11-01-2022 02:04:13.0866 A

################################################################################################################################################
Starting Execution:	[144 out of 146] test cases in the current suite
Test Method:		[testPackage01.Test_SelectedValue.simpleSelect]
################################################################################################################################################
[ReportManager] File Action [GetAbsolutePath] successfully performed. With the following test data [Relative Folder Path: "target/downloadedFiles/"]. @11-01-2022 02:04:13.0996 AM
[ReportManager] Attempting to run locally on: [Mac-64], [GoogleChrome], Headless Execution. @11-01-2022 02:04:13.0996 AM
[ReportManager] Identifying OS/Driver combination and selecting the correct driver version automatically. Please note that if a new driver executable will be downloaded it may take some time... @11-01-2022 02:04:13.0996 AM
[ReportManager] Successfully Opened Google Chrome. @11-01-2022 02:04:14.0673 AM
[ReportManager] Initial window size: (1920, 1080) @11-01-2022 02:04:14.0677 AM
[ReportManager] Window size after SWD Maximize: (1920, 1080) @11-01-2022 02:04:14.0812 AM
[ReportManager] Window size after Toolkit: (1920, 1080) @11-01-2022 02:04:15.0297 AM
[ReportManager] Browser Action [MaximizeWindow] successfully performed. With the following test data [New screen size is now: (1920, 1080)]. @11-01-2022 02:04:15.0300 AM
[ReportManager] Target URL: [https://yari-demos.prod.mdn.mozit.cloud/en-US/docs/Web/HTML/Element/select/_sample_.Basic_select.html] @11-01-2022 02:04:15.0300 AM
[ReportManager] Initial URL: [data:,] @11-01-2022 02:04:15.0337 AM
[ReportManager] Browser Action [NavigateToURL] successfully performed. With the following test data [https://yari-demos.prod.mdn.mozit.cloud/en-US/docs/Web/HTML/Element/select/_sample_.Basic_select.html]. @11-01-2022 02:04:15.0646 AM
[ReportManager] Element Action [Select] successfully performed. With the following test data [Third Value]. @11-01-2022 02:04:16.0029 AM
[ReportManager] Element Action [GetSelectedText] successfully performed. With the following test data [Third Value]. @11-01-2022 02:04:16.0125 AM
[ReportManager] Third Value @11-01-2022 02:04:16.0125 AM
[ReportManager] Element Action [GetSelectedText] successfully performed. With the following test data [Third Value]. @11-01-2022 02:04:16.0234 AM
[ReportManager] Loaded Shared OpenCV @11-01-2022 02:04:16.0642 AM
[ReportManager] Assertion [ValidateElementAttribute] PASSED. Expected [Value Should be 'Third Value' for the 'selectedText' attribute, element locator 'By.tagName: select'] and Actual [Third Value]. Comparison Type [EQUALS]. Validation Type [POSITIVE]. @11-01-2022 02:04:16.0850 AM
[ReportManager] Successfully created attachment [Screenshot - 1641866656642_simpleSelect_ValidateElementAttribute_passed] @11-01-2022 02:04:16.0851 AM
[ReportManager] Browser Action [CloseCurrentWindow] successfully performed. @11-01-2022 02:04:17.0111 AM
[ReportManager] Successfully created attachment [Browser Action Test Data - CloseCurrentWindow - Actual Value] @11-01-2022 02:04:17.0152 A
[ReportManager] File Action [GetAbsolutePath] successfully performed. With the following test data [Relative Folder Path: "target/downloadedFiles/"]. @11-01-2022 02:04:17.0154 AM
[ReportManager] Attempting to run locally on: [Mac-64], [Safari], Headless Execution. @11-01-2022 02:04:17.0155 AM
[ReportManager] Successfully Opened Safari. @11-01-2022 02:04:18.0056 AM
[ReportManager] Initial window size: (800, 600) @11-01-2022 02:04:18.0084 AM
[ReportManager] Window size after SWD Maximize: (1176, 803) @11-01-2022 02:04:18.0100 AM
[ReportManager] Browser Action [MaximizeWindow] successfully performed. With the following test data [New screen size is now: (1176, 803)]. @11-01-2022 02:04:18.0100 A

################################################################################################################################################
Starting Execution:	[145 out of 146] test cases in the current suite
Test Method:		[testPackage01.Test_dynamicLoading.dynamicLoading_elementIsHidden]
################################################################################################################################################
[ReportManager] Target URL: [https://the-internet.herokuapp.com/dynamic_loading/1] @11-01-2022 02:04:18.0105 AM
[ReportManager] Initial URL: [] @11-01-2022 02:04:18.0164 AM
[ReportManager] Browser Action [NavigateToURL] successfully performed. With the following test data [https://the-internet.herokuapp.com/dynamic_loading/1]. @11-01-2022 02:04:18.0565 AM
[ReportManager] Element Action [Click] successfully performed. With the following test data [By.xpath: //button[text()='Start']]. @11-01-2022 02:04:18.0830 AM
[ReportManager] Element Action [GetText] successfully performed. With the following test data [
    Hello World!
  ]. @11-01-2022 02:04:18.0874 A
[ReportManager] Browser Action [CloseCurrentWindow] successfully performed. @11-01-2022 02:04:19.0210 AM
[ReportManager] Successfully created attachment [Browser Action Test Data - CloseCurrentWindow - Actual Value] @11-01-2022 02:04:19.0211 A
[ReportManager] File Action [GetAbsolutePath] successfully performed. With the following test data [Relative Folder Path: "target/downloadedFiles/"]. @11-01-2022 02:04:19.0213 AM
[ReportManager] Attempting to run locally on: [Mac-64], [Safari], Headless Execution. @11-01-2022 02:04:19.0213 AM
[ReportManager] Successfully Opened Safari. @11-01-2022 02:04:20.0106 AM
[ReportManager] Initial window size: (800, 600) @11-01-2022 02:04:20.0153 AM
[ReportManager] Window size after SWD Maximize: (1176, 803) @11-01-2022 02:04:20.0183 AM
[ReportManager] Browser Action [MaximizeWindow] successfully performed. With the following test data [New screen size is now: (1176, 803)]. @11-01-2022 02:04:20.0183 A

################################################################################################################################################
Starting Execution:	[146 out of 146] test cases in the current suite
Test Method:		[testPackage01.Test_dynamicLoading.dynamicLoading_elementIsRendered]
################################################################################################################################################
[ReportManager] Target URL: [https://the-internet.herokuapp.com/dynamic_loading/2] @11-01-2022 02:04:20.0191 AM
[ReportManager] Initial URL: [] @11-01-2022 02:04:20.0281 AM
[ReportManager] Browser Action [NavigateToURL] successfully performed. With the following test data [https://the-internet.herokuapp.com/dynamic_loading/2]. @11-01-2022 02:04:20.0944 AM
[ReportManager] Element Action [Click] successfully performed. With the following test data [By.xpath: //button[text()='Start']]. @11-01-2022 02:04:21.0172 AM
[ReportManager] Element Action [GetText] successfully performed. With the following test data [Hello World!]. @11-01-2022 02:04:26.0825 AM
[ReportManager] Loaded Shared OpenCV @11-01-2022 02:04:26.0893 AM
[ReportManager] Assertion [ValidateElementAttribute] PASSED. Expected [Value Should be 'Hello World!' for the 'text' attribute, element locator 'By.id: finish'] and Actual [Hello World!]. Comparison Type [CONTAINS]. Validation Type [POSITIVE]. @11-01-2022 02:04:27.0146 AM
[ReportManager] Successfully created attachment [Screenshot - 1641866666893_dynamicLoading_elementIsRendered_ValidateElementAttribute_passed] @11-01-2022 02:04:27.0228 A
[ReportManager] Browser Action [CloseCurrentWindow] successfully performed. @11-01-2022 02:04:27.0581 AM
[ReportManager] Successfully created attachment [Browser Action Test Data - CloseCurrentWindow - Actual Value] @11-01-2022 02:04:27.0623 A
[ReportManager] Successfully created attachment [SHAFT Engine Logs - Execution log] @11-01-2022 02:04:29.0661 AM

################################################################################################################################################
This test run was powered by SHAFT Engine Version: [SHAFT Engine v5.4.20211202-BETA]
SHAFT Engine is licensed under the MIT License: [https://github.com/MohabMohie/SHAFT_ENGINE/blob/master/LICENSE].
################################################################################################################################################