################################################################################################################################################
Detected SHAFT Engine Version: [SHAFT Engine v5.4.20211030-BETA]
################################################################################################################################################

################################################################################################################################################
Starting Execution:	[1 out of 143] test cases in the current suite
Test Method:		[unitTests.tests_validations_assertions.assertComparativeRelation_greaterThanOrEquals_false_equals_expectedToFail]
################################################################################################################################################
[ReportManager] Assertion [ValidateComparativeRelation] FAILED. Expected [1] and Actual [1]. Comparison Type [GREATER_THAN_OR_EQUALS]. Validation Type [NEGATIVE]. @31-10-2021 01:53:43.0109 A

################################################################################################################################################
Starting Execution:	[2 out of 143] test cases in the current suite
Test Method:		[unitTests.tests_validations_assertions.assertComparativeRelation_greaterThanOrEquals_false_equals_expectedToPass]
################################################################################################################################################
[ReportManager] Assertion [ValidateComparativeRelation] PASSED. Expected [2] and Actual [1]. Comparison Type [GREATER_THAN_OR_EQUALS]. Validation Type [NEGATIVE]. @31-10-2021 01:53:43.0245 A

################################################################################################################################################
Starting Execution:	[3 out of 143] test cases in the current suite
Test Method:		[unitTests.tests_validations_assertions.assertComparativeRelation_greaterThanOrEquals_false_greaterThan_expectedToFail]
################################################################################################################################################
[ReportManager] Assertion [ValidateComparativeRelation] FAILED. Expected [1] and Actual [2]. Comparison Type [GREATER_THAN_OR_EQUALS]. Validation Type [NEGATIVE]. @31-10-2021 01:53:43.0252 A

################################################################################################################################################
Starting Execution:	[4 out of 143] test cases in the current suite
Test Method:		[unitTests.tests_validations_assertions.assertComparativeRelation_greaterThanOrEquals_false_greaterThan_expectedToPass]
################################################################################################################################################
[ReportManager] Assertion [ValidateComparativeRelation] PASSED. Expected [2] and Actual [1]. Comparison Type [GREATER_THAN_OR_EQUALS]. Validation Type [NEGATIVE]. @31-10-2021 01:53:43.0261 A

################################################################################################################################################
Starting Execution:	[5 out of 143] test cases in the current suite
Test Method:		[unitTests.tests_validations_assertions.assertComparativeRelation_greaterThanOrEquals_true_equals_expectedToFail]
################################################################################################################################################
[ReportManager] Assertion [ValidateComparativeRelation] FAILED. Expected [1] and Actual [0]. Comparison Type [GREATER_THAN_OR_EQUALS]. Validation Type [POSITIVE]. @31-10-2021 01:53:43.0271 A

################################################################################################################################################
Starting Execution:	[6 out of 143] test cases in the current suite
Test Method:		[unitTests.tests_validations_assertions.assertComparativeRelation_greaterThanOrEquals_true_equals_expectedToPass]
################################################################################################################################################
[ReportManager] Assertion [ValidateComparativeRelation] PASSED. Expected [1] and Actual [1]. Comparison Type [GREATER_THAN_OR_EQUALS]. Validation Type [POSITIVE]. @31-10-2021 01:53:43.0277 A

################################################################################################################################################
Starting Execution:	[7 out of 143] test cases in the current suite
Test Method:		[unitTests.tests_validations_assertions.assertComparativeRelation_greaterThanOrEquals_true_greaterThan_expectedToFail]
################################################################################################################################################
[ReportManager] Assertion [ValidateComparativeRelation] FAILED. Expected [2] and Actual [1]. Comparison Type [GREATER_THAN_OR_EQUALS]. Validation Type [POSITIVE]. @31-10-2021 01:53:43.0284 A

################################################################################################################################################
Starting Execution:	[8 out of 143] test cases in the current suite
Test Method:		[unitTests.tests_validations_assertions.assertComparativeRelation_greaterThanOrEquals_true_greaterThan_expectedToPass]
################################################################################################################################################
[ReportManager] Assertion [ValidateComparativeRelation] PASSED. Expected [1] and Actual [2]. Comparison Type [GREATER_THAN_OR_EQUALS]. Validation Type [POSITIVE]. @31-10-2021 01:53:43.0289 A
[ReportManager] File Action [GetAbsolutePath] successfully performed. With the following test data [Relative Folder Path: "target/downloadedFiles/"]. @31-10-2021 01:53:43.0302 AM
[ReportManager] Attempting to run remotely on: [Linux-64], [GoogleChrome], [http://localhost:4444/wd/hub], Headless Execution. @31-10-2021 01:53:43.0318 AM
[ReportManager] Successfully Opened [GoogleChrome]. @31-10-2021 01:53:51.0086 AM
[ReportManager] Target URL: [https://www.google.com/ncr], and after redirection: [www.google.com] @31-10-2021 01:53:51.0099 AM
[ReportManager] Initial URL: [data:,] @31-10-2021 01:53:51.0386 AM
[ReportManager] Browser Action [NavigateToURL] successfully performed. With the following test data [https://www.google.com/ncr]. @31-10-2021 01:53:52.0715 A

################################################################################################################################################
Starting Execution:	[9 out of 143] test cases in the current suite
Test Method:		[unitTests.tests_validations_assertions.assertElementAttribute_false_caseInsensitiveComparison_expectedToFail]
################################################################################################################################################
[ReportManager] Element Action [Type] successfully performed. With the following test data [AUTOMATION]. @31-10-2021 01:53:53.0545 AM
[ReportManager] Element Action [GetText] successfully performed. With the following test data [AUTOMATION]. @31-10-2021 01:53:53.0790 AM
[ReportManager] Loaded Shared OpenCV @31-10-2021 01:53:54.0616 AM
[ReportManager] Assertion [ValidateElementAttribute] FAILED. Expected [Value Should not be 'AutomaTion' for the 'text' attribute, element locator 'By.name: q'] and Actual [AUTOMATION]. Comparison Type [CASE_INSENSITIVE]. Validation Type [NEGATIVE]. @31-10-2021 01:53:55.0140 AM
[ReportManager] Successfully created attachment [Screenshot - 1635645234158_assertElementAttribute_false_caseInsensitiveComparison_expectedToFail_ValidateElementAttribute_failed] @31-10-2021 01:53:55.0171 A
[ReportManager] Browser Action [CloseCurrentWindow] successfully performed. @31-10-2021 01:53:55.0391 AM
[ReportManager] Successfully created attachment [Browser Action Test Data - CloseCurrentWindow - Actual Value] @31-10-2021 01:53:55.0398 A
[ReportManager] File Action [GetAbsolutePath] successfully performed. With the following test data [Relative Folder Path: "target/downloadedFiles/"]. @31-10-2021 01:53:55.0411 AM
[ReportManager] Attempting to run remotely on: [Linux-64], [GoogleChrome], [http://localhost:4444/wd/hub], Headless Execution. @31-10-2021 01:53:55.0412 AM
[ReportManager] Successfully Opened [GoogleChrome]. @31-10-2021 01:54:00.0253 AM
[ReportManager] Target URL: [https://www.google.com/ncr], and after redirection: [www.google.com] @31-10-2021 01:54:00.0253 AM
[ReportManager] Initial URL: [data:,] @31-10-2021 01:54:00.0389 AM
[ReportManager] Browser Action [NavigateToURL] successfully performed. With the following test data [https://www.google.com/ncr]. @31-10-2021 01:54:01.0520 A

################################################################################################################################################
Starting Execution:	[10 out of 143] test cases in the current suite
Test Method:		[unitTests.tests_validations_assertions.assertElementAttribute_false_caseInsensitiveComparison_expectedToPass]
################################################################################################################################################
[ReportManager] Element Action [Type] successfully performed. With the following test data [AUTOMATION]. @31-10-2021 01:54:02.0254 AM
[ReportManager] Element Action [GetText] successfully performed. With the following test data [AUTOMATION]. @31-10-2021 01:54:02.0470 AM
[ReportManager] Loaded Shared OpenCV @31-10-2021 01:54:02.0831 AM
[ReportManager] Assertion [ValidateElementAttribute] PASSED. Expected [Value Should not be 'AutomaTion123' for the 'text' attribute, element locator 'By.name: q'] and Actual [AUTOMATION]. Comparison Type [CASE_INSENSITIVE]. Validation Type [NEGATIVE]. @31-10-2021 01:54:03.0140 AM
[ReportManager] Successfully created attachment [Screenshot - 1635645242831_assertElementAttribute_false_caseInsensitiveComparison_expectedToPass_ValidateElementAttribute_passed] @31-10-2021 01:54:03.0142 A
[ReportManager] Browser Action [CloseCurrentWindow] successfully performed. @31-10-2021 01:54:03.0332 AM
[ReportManager] Successfully created attachment [Browser Action Test Data - CloseCurrentWindow - Actual Value] @31-10-2021 01:54:03.0334 A
[ReportManager] File Action [GetAbsolutePath] successfully performed. With the following test data [Relative Folder Path: "target/downloadedFiles/"]. @31-10-2021 01:54:03.0339 AM
[ReportManager] Attempting to run remotely on: [Linux-64], [GoogleChrome], [http://localhost:4444/wd/hub], Headless Execution. @31-10-2021 01:54:03.0339 AM
[ReportManager] Successfully Opened [GoogleChrome]. @31-10-2021 01:54:05.0235 AM
[ReportManager] Target URL: [https://www.google.com/ncr], and after redirection: [www.google.com] @31-10-2021 01:54:05.0235 AM
[ReportManager] Initial URL: [data:,] @31-10-2021 01:54:05.0363 AM
[ReportManager] Browser Action [NavigateToURL] successfully performed. With the following test data [https://www.google.com/ncr]. @31-10-2021 01:54:06.0293 A

################################################################################################################################################
Starting Execution:	[11 out of 143] test cases in the current suite
Test Method:		[unitTests.tests_validations_assertions.assertElementAttribute_false_containsComparison_expectedToFail]
################################################################################################################################################
[ReportManager] Element Action [Type] successfully performed. With the following test data [Automation123]. @31-10-2021 01:54:07.0041 AM
[ReportManager] Element Action [GetText] successfully performed. With the following test data [Automation123]. @31-10-2021 01:54:07.0301 AM
[ReportManager] Loaded Shared OpenCV @31-10-2021 01:54:07.0657 AM
[ReportManager] Assertion [ValidateElementAttribute] FAILED. Expected [Value Should not be 'Automation' for the 'text' attribute, element locator 'By.name: q'] and Actual [Automation123]. Comparison Type [CONTAINS]. Validation Type [NEGATIVE]. @31-10-2021 01:54:07.0902 AM
[ReportManager] Successfully created attachment [Screenshot - 1635645247657_assertElementAttribute_false_containsComparison_expectedToFail_ValidateElementAttribute_failed] @31-10-2021 01:54:07.0904 A
[ReportManager] Browser Action [CloseCurrentWindow] successfully performed. @31-10-2021 01:54:08.0090 AM
[ReportManager] Successfully created attachment [Browser Action Test Data - CloseCurrentWindow - Actual Value] @31-10-2021 01:54:08.0091 A
[ReportManager] File Action [GetAbsolutePath] successfully performed. With the following test data [Relative Folder Path: "target/downloadedFiles/"]. @31-10-2021 01:54:08.0095 AM
[ReportManager] Attempting to run remotely on: [Linux-64], [GoogleChrome], [http://localhost:4444/wd/hub], Headless Execution. @31-10-2021 01:54:08.0095 AM
[ReportManager] Successfully Opened [GoogleChrome]. @31-10-2021 01:54:10.0193 AM
[ReportManager] Target URL: [https://www.google.com/ncr], and after redirection: [www.google.com] @31-10-2021 01:54:10.0198 AM
[ReportManager] Initial URL: [data:,] @31-10-2021 01:54:10.0310 AM
[ReportManager] Browser Action [NavigateToURL] successfully performed. With the following test data [https://www.google.com/ncr]. @31-10-2021 01:54:11.0217 A

################################################################################################################################################
Starting Execution:	[12 out of 143] test cases in the current suite
Test Method:		[unitTests.tests_validations_assertions.assertElementAttribute_false_containsComparison_expectedToPass]
################################################################################################################################################
[ReportManager] Element Action [Type] successfully performed. With the following test data [Automation123]. @31-10-2021 01:54:11.0805 AM
[ReportManager] Element Action [GetText] successfully performed. With the following test data [Automation123]. @31-10-2021 01:54:12.0031 AM
[ReportManager] Loaded Shared OpenCV @31-10-2021 01:54:12.0353 AM
[ReportManager] Assertion [ValidateElementAttribute] PASSED. Expected [Value Should not be 'Automation1234' for the 'text' attribute, element locator 'By.name: q'] and Actual [Automation123]. Comparison Type [CONTAINS]. Validation Type [NEGATIVE]. @31-10-2021 01:54:12.0585 AM
[ReportManager] Successfully created attachment [Screenshot - 1635645252352_assertElementAttribute_false_containsComparison_expectedToPass_ValidateElementAttribute_passed] @31-10-2021 01:54:12.0587 A
[ReportManager] Browser Action [CloseCurrentWindow] successfully performed. @31-10-2021 01:54:12.0777 AM
[ReportManager] Successfully created attachment [Browser Action Test Data - CloseCurrentWindow - Actual Value] @31-10-2021 01:54:12.0778 A
[ReportManager] File Action [GetAbsolutePath] successfully performed. With the following test data [Relative Folder Path: "target/downloadedFiles/"]. @31-10-2021 01:54:12.0781 AM
[ReportManager] Attempting to run remotely on: [Linux-64], [GoogleChrome], [http://localhost:4444/wd/hub], Headless Execution. @31-10-2021 01:54:12.0781 AM
[ReportManager] Successfully Opened [GoogleChrome]. @31-10-2021 01:54:15.0168 AM
[ReportManager] Target URL: [https://www.google.com/ncr], and after redirection: [www.google.com] @31-10-2021 01:54:15.0168 AM
[ReportManager] Initial URL: [data:,] @31-10-2021 01:54:15.0272 AM
[ReportManager] Browser Action [NavigateToURL] successfully performed. With the following test data [https://www.google.com/ncr]. @31-10-2021 01:54:16.0157 A

################################################################################################################################################
Starting Execution:	[13 out of 143] test cases in the current suite
Test Method:		[unitTests.tests_validations_assertions.assertElementAttribute_false_literalComparison_expectedToFail]
################################################################################################################################################
[ReportManager] Element Action [Type] successfully performed. With the following test data [Automation!@#$%^&*()_+{}[]\';/.,]. @31-10-2021 01:54:16.0825 AM
[ReportManager] Element Action [GetText] successfully performed. With the following test data [Automation!@#$%^&*()_+{}[]\';/.,]. @31-10-2021 01:54:17.0057 AM
[ReportManager] Loaded Shared OpenCV @31-10-2021 01:54:17.0381 AM
[ReportManager] Assertion [ValidateElementAttribute] PASSED. Expected [Value Should not be 'Automation!@#$%^&*()_+{}[]\\';/.,' for the 'text' attribute, element locator 'By.name: q'] and Actual [Automation!@#$%^&*()_+{}[]\';/.,]. Comparison Type [EQUALS]. Validation Type [NEGATIVE]. @31-10-2021 01:54:17.0586 AM
[ReportManager] Successfully created attachment [Screenshot - 1635645257381_assertElementAttribute_false_literalComparison_expectedToFail_ValidateElementAttribute_passed] @31-10-2021 01:54:17.0587 A
[ReportManager] Browser Action [CloseCurrentWindow] successfully performed. @31-10-2021 01:54:17.0745 AM
[ReportManager] Successfully created attachment [Browser Action Test Data - CloseCurrentWindow - Actual Value] @31-10-2021 01:54:17.0746 A
[ReportManager] File Action [GetAbsolutePath] successfully performed. With the following test data [Relative Folder Path: "target/downloadedFiles/"]. @31-10-2021 01:54:17.0750 AM
[ReportManager] Attempting to run remotely on: [Linux-64], [GoogleChrome], [http://localhost:4444/wd/hub], Headless Execution. @31-10-2021 01:54:17.0750 AM
[ReportManager] Successfully Opened [GoogleChrome]. @31-10-2021 01:54:20.0203 AM
[ReportManager] Target URL: [https://www.google.com/ncr], and after redirection: [www.google.com] @31-10-2021 01:54:20.0203 AM
[ReportManager] Initial URL: [data:,] @31-10-2021 01:54:20.0353 AM
[ReportManager] Browser Action [NavigateToURL] successfully performed. With the following test data [https://www.google.com/ncr]. @31-10-2021 01:54:21.0231 A

################################################################################################################################################
Starting Execution:	[14 out of 143] test cases in the current suite
Test Method:		[unitTests.tests_validations_assertions.assertElementAttribute_false_literalComparison_expectedToPass]
################################################################################################################################################
[ReportManager] Element Action [Type] successfully performed. With the following test data [Automation!@#$%^&*()_+{}[]\';/.,]. @31-10-2021 01:54:21.0933 AM
[ReportManager] Element Action [GetText] successfully performed. With the following test data [Automation!@#$%^&*()_+{}[]\';/.,]. @31-10-2021 01:54:22.0163 AM
[ReportManager] Loaded Shared OpenCV @31-10-2021 01:54:22.0435 AM
[ReportManager] Assertion [ValidateElementAttribute] PASSED. Expected [Value Should not be 'Automation' for the 'text' attribute, element locator 'By.name: q'] and Actual [Automation!@#$%^&*()_+{}[]\';/.,]. Comparison Type [EQUALS]. Validation Type [NEGATIVE]. @31-10-2021 01:54:22.0652 AM
[ReportManager] Successfully created attachment [Screenshot - 1635645262435_assertElementAttribute_false_literalComparison_expectedToPass_ValidateElementAttribute_passed] @31-10-2021 01:54:22.0653 A
[ReportManager] Browser Action [CloseCurrentWindow] successfully performed. @31-10-2021 01:54:22.0780 AM
[ReportManager] Successfully created attachment [Browser Action Test Data - CloseCurrentWindow - Actual Value] @31-10-2021 01:54:22.0781 A
[ReportManager] File Action [GetAbsolutePath] successfully performed. With the following test data [Relative Folder Path: "target/downloadedFiles/"]. @31-10-2021 01:54:22.0784 AM
[ReportManager] Attempting to run remotely on: [Linux-64], [GoogleChrome], [http://localhost:4444/wd/hub], Headless Execution. @31-10-2021 01:54:22.0784 AM
[ReportManager] Successfully Opened [GoogleChrome]. @31-10-2021 01:54:25.0181 AM
[ReportManager] Target URL: [https://www.google.com/ncr], and after redirection: [www.google.com] @31-10-2021 01:54:25.0182 AM
[ReportManager] Initial URL: [data:,] @31-10-2021 01:54:25.0309 AM
[ReportManager] Browser Action [NavigateToURL] successfully performed. With the following test data [https://www.google.com/ncr]. @31-10-2021 01:54:26.0137 A

################################################################################################################################################
Starting Execution:	[15 out of 143] test cases in the current suite
Test Method:		[unitTests.tests_validations_assertions.assertElementAttribute_false_regexComparison_expectedToFail]
################################################################################################################################################
[ReportManager] Element Action [Type] successfully performed. With the following test data [Automation123]. @31-10-2021 01:54:26.0658 AM
[ReportManager] Element Action [GetText] successfully performed. With the following test data [Automation123]. @31-10-2021 01:54:26.0851 AM
[ReportManager] Loaded Shared OpenCV @31-10-2021 01:54:27.0131 AM
[ReportManager] Assertion [ValidateElementAttribute] FAILED. Expected [Value Should not be 'Automation.*' for the 'text' attribute, element locator 'By.name: q'] and Actual [Automation123]. Comparison Type [MATCHES]. Validation Type [NEGATIVE]. @31-10-2021 01:54:27.0329 AM
[ReportManager] Successfully created attachment [Screenshot - 1635645267131_assertElementAttribute_false_regexComparison_expectedToFail_ValidateElementAttribute_failed] @31-10-2021 01:54:27.0331 A
[ReportManager] Browser Action [CloseCurrentWindow] successfully performed. @31-10-2021 01:54:27.0501 AM
[ReportManager] Successfully created attachment [Browser Action Test Data - CloseCurrentWindow - Actual Value] @31-10-2021 01:54:27.0501 A
[ReportManager] File Action [GetAbsolutePath] successfully performed. With the following test data [Relative Folder Path: "target/downloadedFiles/"]. @31-10-2021 01:54:27.0504 AM
[ReportManager] Attempting to run remotely on: [Linux-64], [GoogleChrome], [http://localhost:4444/wd/hub], Headless Execution. @31-10-2021 01:54:27.0505 AM
[ReportManager] Successfully Opened [GoogleChrome]. @31-10-2021 01:54:30.0177 AM
[ReportManager] Target URL: [https://www.google.com/ncr], and after redirection: [www.google.com] @31-10-2021 01:54:30.0178 AM
[ReportManager] Initial URL: [data:,] @31-10-2021 01:54:30.0265 AM
[ReportManager] Browser Action [NavigateToURL] successfully performed. With the following test data [https://www.google.com/ncr]. @31-10-2021 01:54:31.0096 A

################################################################################################################################################
Starting Execution:	[16 out of 143] test cases in the current suite
Test Method:		[unitTests.tests_validations_assertions.assertElementAttribute_false_regexComparison_expectedToPass]
################################################################################################################################################
[ReportManager] Element Action [Type] successfully performed. With the following test data [Automation123]. @31-10-2021 01:54:31.0702 AM
[ReportManager] Element Action [GetText] successfully performed. With the following test data [Automation123]. @31-10-2021 01:54:31.0873 AM
[ReportManager] Loaded Shared OpenCV @31-10-2021 01:54:32.0178 AM
[ReportManager] Assertion [ValidateElementAttribute] PASSED. Expected [Value Should not be 'Automation' for the 'text' attribute, element locator 'By.name: q'] and Actual [Automation123]. Comparison Type [MATCHES]. Validation Type [NEGATIVE]. @31-10-2021 01:54:32.0388 AM
[ReportManager] Successfully created attachment [Screenshot - 1635645272178_assertElementAttribute_false_regexComparison_expectedToPass_ValidateElementAttribute_passed] @31-10-2021 01:54:32.0389 A
[ReportManager] Browser Action [CloseCurrentWindow] successfully performed. @31-10-2021 01:54:32.0531 AM
[ReportManager] Successfully created attachment [Browser Action Test Data - CloseCurrentWindow - Actual Value] @31-10-2021 01:54:32.0532 A
[ReportManager] File Action [GetAbsolutePath] successfully performed. With the following test data [Relative Folder Path: "target/downloadedFiles/"]. @31-10-2021 01:54:32.0539 AM
[ReportManager] Attempting to run remotely on: [Linux-64], [GoogleChrome], [http://localhost:4444/wd/hub], Headless Execution. @31-10-2021 01:54:32.0539 AM
[ReportManager] Successfully Opened [GoogleChrome]. @31-10-2021 01:54:35.0166 AM
[ReportManager] Target URL: [https://www.google.com/ncr], and after redirection: [www.google.com] @31-10-2021 01:54:35.0166 AM
[ReportManager] Initial URL: [data:,] @31-10-2021 01:54:35.0262 AM
[ReportManager] Browser Action [NavigateToURL] successfully performed. With the following test data [https://www.google.com/ncr]. @31-10-2021 01:54:36.0135 A

################################################################################################################################################
Starting Execution:	[17 out of 143] test cases in the current suite
Test Method:		[unitTests.tests_validations_assertions.assertElementAttribute_true_caseInsensitiveComparison_expectedToFail]
################################################################################################################################################
[ReportManager] Element Action [Type] successfully performed. With the following test data [AUTOMATION]. @31-10-2021 01:54:36.0714 AM
[ReportManager] Element Action [GetText] successfully performed. With the following test data [AUTOMATION]. @31-10-2021 01:54:36.0870 AM
[ReportManager] Loaded Shared OpenCV @31-10-2021 01:54:37.0188 AM
[ReportManager] Assertion [ValidateElementAttribute] FAILED. Expected [Value Should be 'AutomaTion123' for the 'text' attribute, element locator 'By.name: q'] and Actual [AUTOMATION]. Comparison Type [CASE_INSENSITIVE]. Validation Type [POSITIVE]. @31-10-2021 01:54:37.0409 AM
[ReportManager] Successfully created attachment [Screenshot - 1635645277188_assertElementAttribute_true_caseInsensitiveComparison_expectedToFail_ValidateElementAttribute_failed] @31-10-2021 01:54:37.0410 A
[ReportManager] Browser Action [CloseCurrentWindow] successfully performed. @31-10-2021 01:54:37.0556 AM
[ReportManager] Successfully created attachment [Browser Action Test Data - CloseCurrentWindow - Actual Value] @31-10-2021 01:54:37.0557 A
[ReportManager] File Action [GetAbsolutePath] successfully performed. With the following test data [Relative Folder Path: "target/downloadedFiles/"]. @31-10-2021 01:54:37.0559 AM
[ReportManager] Attempting to run remotely on: [Linux-64], [GoogleChrome], [http://localhost:4444/wd/hub], Headless Execution. @31-10-2021 01:54:37.0560 AM
[ReportManager] Successfully Opened [GoogleChrome]. @31-10-2021 01:54:40.0165 AM
[ReportManager] Target URL: [https://www.google.com/ncr], and after redirection: [www.google.com] @31-10-2021 01:54:40.0166 AM
[ReportManager] Initial URL: [data:,] @31-10-2021 01:54:40.0250 AM
[ReportManager] Browser Action [NavigateToURL] successfully performed. With the following test data [https://www.google.com/ncr]. @31-10-2021 01:54:41.0073 A

################################################################################################################################################
Starting Execution:	[18 out of 143] test cases in the current suite
Test Method:		[unitTests.tests_validations_assertions.assertElementAttribute_true_caseInsensitiveComparison_expectedToPass]
################################################################################################################################################
[ReportManager] Element Action [Type] successfully performed. With the following test data [AUTOMATION]. @31-10-2021 01:54:41.0599 AM
[ReportManager] Element Action [GetText] successfully performed. With the following test data [AUTOMATION]. @31-10-2021 01:54:41.0772 AM
[ReportManager] Loaded Shared OpenCV @31-10-2021 01:54:42.0018 AM
[ReportManager] Assertion [ValidateElementAttribute] PASSED. Expected [Value Should be 'AutomaTion' for the 'text' attribute, element locator 'By.name: q'] and Actual [AUTOMATION]. Comparison Type [CASE_INSENSITIVE]. Validation Type [POSITIVE]. @31-10-2021 01:54:42.0239 AM
[ReportManager] Successfully created attachment [Screenshot - 1635645282018_assertElementAttribute_true_caseInsensitiveComparison_expectedToPass_ValidateElementAttribute_passed] @31-10-2021 01:54:42.0241 A
[ReportManager] Browser Action [CloseCurrentWindow] successfully performed. @31-10-2021 01:54:42.0422 AM
[ReportManager] Successfully created attachment [Browser Action Test Data - CloseCurrentWindow - Actual Value] @31-10-2021 01:54:42.0423 A
[ReportManager] File Action [GetAbsolutePath] successfully performed. With the following test data [Relative Folder Path: "target/downloadedFiles/"]. @31-10-2021 01:54:42.0425 AM
[ReportManager] Attempting to run remotely on: [Linux-64], [GoogleChrome], [http://localhost:4444/wd/hub], Headless Execution. @31-10-2021 01:54:42.0426 AM
[ReportManager] Successfully Opened [GoogleChrome]. @31-10-2021 01:54:45.0177 AM
[ReportManager] Target URL: [https://www.google.com/ncr], and after redirection: [www.google.com] @31-10-2021 01:54:45.0177 AM
[ReportManager] Initial URL: [data:,] @31-10-2021 01:54:45.0256 AM
[ReportManager] Browser Action [NavigateToURL] successfully performed. With the following test data [https://www.google.com/ncr]. @31-10-2021 01:54:46.0062 A

################################################################################################################################################
Starting Execution:	[19 out of 143] test cases in the current suite
Test Method:		[unitTests.tests_validations_assertions.assertElementAttribute_true_containsComparison_expectedToFail]
################################################################################################################################################
[ReportManager] Element Action [Type] successfully performed. With the following test data [Automation123]. @31-10-2021 01:54:46.0570 AM
[ReportManager] Element Action [GetText] successfully performed. With the following test data [Automation123]. @31-10-2021 01:54:46.0759 AM
[ReportManager] Loaded Shared OpenCV @31-10-2021 01:54:47.0060 AM
[ReportManager] Assertion [ValidateElementAttribute] FAILED. Expected [Value Should be 'Automation1234' for the 'text' attribute, element locator 'By.name: q'] and Actual [Automation123]. Comparison Type [CONTAINS]. Validation Type [POSITIVE]. @31-10-2021 01:54:47.0260 AM
[ReportManager] Successfully created attachment [Screenshot - 1635645287060_assertElementAttribute_true_containsComparison_expectedToFail_ValidateElementAttribute_failed] @31-10-2021 01:54:47.0261 A
[ReportManager] Browser Action [CloseCurrentWindow] successfully performed. @31-10-2021 01:54:47.0393 AM
[ReportManager] Successfully created attachment [Browser Action Test Data - CloseCurrentWindow - Actual Value] @31-10-2021 01:54:47.0394 A
[ReportManager] File Action [GetAbsolutePath] successfully performed. With the following test data [Relative Folder Path: "target/downloadedFiles/"]. @31-10-2021 01:54:47.0397 AM
[ReportManager] Attempting to run remotely on: [Linux-64], [GoogleChrome], [http://localhost:4444/wd/hub], Headless Execution. @31-10-2021 01:54:47.0397 AM
[ReportManager] Successfully Opened [GoogleChrome]. @31-10-2021 01:54:50.0175 AM
[ReportManager] Target URL: [https://www.google.com/ncr], and after redirection: [www.google.com] @31-10-2021 01:54:50.0175 AM
[ReportManager] Initial URL: [data:,] @31-10-2021 01:54:50.0294 AM
[ReportManager] Browser Action [NavigateToURL] successfully performed. With the following test data [https://www.google.com/ncr]. @31-10-2021 01:54:51.0167 A

################################################################################################################################################
Starting Execution:	[20 out of 143] test cases in the current suite
Test Method:		[unitTests.tests_validations_assertions.assertElementAttribute_true_containsComparison_expectedToPass]
################################################################################################################################################
[ReportManager] Element Action [Type] successfully performed. With the following test data [Automation123]. @31-10-2021 01:54:51.0874 AM
[ReportManager] Element Action [GetText] successfully performed. With the following test data [Automation123]. @31-10-2021 01:54:52.0094 AM
[ReportManager] Loaded Shared OpenCV @31-10-2021 01:54:52.0398 AM
[ReportManager] Assertion [ValidateElementAttribute] PASSED. Expected [Value Should be 'Automation' for the 'text' attribute, element locator 'By.name: q'] and Actual [Automation123]. Comparison Type [CONTAINS]. Validation Type [POSITIVE]. @31-10-2021 01:54:52.0596 AM
[ReportManager] Successfully created attachment [Screenshot - 1635645292398_assertElementAttribute_true_containsComparison_expectedToPass_ValidateElementAttribute_passed] @31-10-2021 01:54:52.0597 A
[ReportManager] Browser Action [CloseCurrentWindow] successfully performed. @31-10-2021 01:54:52.0735 AM
[ReportManager] Successfully created attachment [Browser Action Test Data - CloseCurrentWindow - Actual Value] @31-10-2021 01:54:52.0736 A
[ReportManager] File Action [GetAbsolutePath] successfully performed. With the following test data [Relative Folder Path: "target/downloadedFiles/"]. @31-10-2021 01:54:52.0738 AM
[ReportManager] Attempting to run remotely on: [Linux-64], [GoogleChrome], [http://localhost:4444/wd/hub], Headless Execution. @31-10-2021 01:54:52.0738 AM
[ReportManager] Successfully Opened [GoogleChrome]. @31-10-2021 01:54:55.0159 AM
[ReportManager] Target URL: [https://www.google.com/ncr], and after redirection: [www.google.com] @31-10-2021 01:54:55.0159 AM
[ReportManager] Initial URL: [data:,] @31-10-2021 01:54:55.0272 AM
[ReportManager] Browser Action [NavigateToURL] successfully performed. With the following test data [https://www.google.com/ncr]. @31-10-2021 01:54:56.0054 A

################################################################################################################################################
Starting Execution:	[21 out of 143] test cases in the current suite
Test Method:		[unitTests.tests_validations_assertions.assertElementAttribute_true_literalComparison_expectedToFail]
################################################################################################################################################
[ReportManager] Element Action [Type] successfully performed. With the following test data [Automation!@#$%^&*()_+{}[]\';/.,]. @31-10-2021 01:54:56.0670 AM
[ReportManager] Element Action [GetText] successfully performed. With the following test data [Automation!@#$%^&*()_+{}[]\';/.,]. @31-10-2021 01:54:56.0837 AM
[ReportManager] Loaded Shared OpenCV @31-10-2021 01:54:57.0164 AM
[ReportManager] Assertion [ValidateElementAttribute] FAILED. Expected [Value Should be 'Automation' for the 'text' attribute, element locator 'By.name: q'] and Actual [Automation!@#$%^&*()_+{}[]\';/.,]. Comparison Type [EQUALS]. Validation Type [POSITIVE]. @31-10-2021 01:54:57.0364 AM
[ReportManager] Successfully created attachment [Screenshot - 1635645297164_assertElementAttribute_true_literalComparison_expectedToFail_ValidateElementAttribute_failed] @31-10-2021 01:54:57.0366 A
[ReportManager] Browser Action [CloseCurrentWindow] successfully performed. @31-10-2021 01:54:57.0509 AM
[ReportManager] Successfully created attachment [Browser Action Test Data - CloseCurrentWindow - Actual Value] @31-10-2021 01:54:57.0510 A
[ReportManager] File Action [GetAbsolutePath] successfully performed. With the following test data [Relative Folder Path: "target/downloadedFiles/"]. @31-10-2021 01:54:57.0512 AM
[ReportManager] Attempting to run remotely on: [Linux-64], [GoogleChrome], [http://localhost:4444/wd/hub], Headless Execution. @31-10-2021 01:54:57.0513 AM
[ReportManager] Successfully Opened [GoogleChrome]. @31-10-2021 01:55:00.0156 AM
[ReportManager] Target URL: [https://www.google.com/ncr], and after redirection: [www.google.com] @31-10-2021 01:55:00.0157 AM
[ReportManager] Initial URL: [data:,] @31-10-2021 01:55:00.0231 AM
[ReportManager] Browser Action [NavigateToURL] successfully performed. With the following test data [https://www.google.com/ncr]. @31-10-2021 01:55:01.0147 A

################################################################################################################################################
Starting Execution:	[22 out of 143] test cases in the current suite
Test Method:		[unitTests.tests_validations_assertions.assertElementAttribute_true_literalComparison_expectedToPass]
################################################################################################################################################
[ReportManager] Element Action [Type] successfully performed. With the following test data [Automation!@#$%^&*()_+{}[]\';/.,]. @31-10-2021 01:55:01.0914 AM
[ReportManager] Element Action [GetText] successfully performed. With the following test data [Automation!@#$%^&*()_+{}[]\';/.,]. @31-10-2021 01:55:02.0066 AM
[ReportManager] Loaded Shared OpenCV @31-10-2021 01:55:02.0440 AM
[ReportManager] Assertion [ValidateElementAttribute] PASSED. Expected [Value Should be 'Automation!@#$%^&*()_+{}[]\';/.,' for the 'text' attribute, element locator 'By.name: q'] and Actual [Automation!@#$%^&*()_+{}[]\';/.,]. Comparison Type [EQUALS]. Validation Type [POSITIVE]. @31-10-2021 01:55:02.0667 AM
[ReportManager] Successfully created attachment [Screenshot - 1635645302440_assertElementAttribute_true_literalComparison_expectedToPass_ValidateElementAttribute_passed] @31-10-2021 01:55:02.0668 A
[ReportManager] Browser Action [CloseCurrentWindow] successfully performed. @31-10-2021 01:55:02.0806 AM
[ReportManager] Successfully created attachment [Browser Action Test Data - CloseCurrentWindow - Actual Value] @31-10-2021 01:55:02.0808 A
[ReportManager] File Action [GetAbsolutePath] successfully performed. With the following test data [Relative Folder Path: "target/downloadedFiles/"]. @31-10-2021 01:55:02.0816 AM
[ReportManager] Attempting to run remotely on: [Linux-64], [GoogleChrome], [http://localhost:4444/wd/hub], Headless Execution. @31-10-2021 01:55:02.0818 AM
[ReportManager] Successfully Opened [GoogleChrome]. @31-10-2021 01:55:05.0158 AM
[ReportManager] Target URL: [https://www.google.com/ncr], and after redirection: [www.google.com] @31-10-2021 01:55:05.0158 AM
[ReportManager] Initial URL: [data:,] @31-10-2021 01:55:05.0249 AM
[ReportManager] Browser Action [NavigateToURL] successfully performed. With the following test data [https://www.google.com/ncr]. @31-10-2021 01:55:06.0045 A

################################################################################################################################################
Starting Execution:	[23 out of 143] test cases in the current suite
Test Method:		[unitTests.tests_validations_assertions.assertElementAttribute_true_regexComparison_expectedToFail]
################################################################################################################################################
[ReportManager] Element Action [Type] successfully performed. With the following test data [Automation123]. @31-10-2021 01:55:06.0548 AM
[ReportManager] Element Action [GetText] successfully performed. With the following test data [Automation123]. @31-10-2021 01:55:06.0702 AM
[ReportManager] Loaded Shared OpenCV @31-10-2021 01:55:06.0954 AM
[ReportManager] Assertion [ValidateElementAttribute] FAILED. Expected [Value Should be 'Automation' for the 'text' attribute, element locator 'By.name: q'] and Actual [Automation123]. Comparison Type [MATCHES]. Validation Type [POSITIVE]. @31-10-2021 01:55:07.0145 AM
[ReportManager] Successfully created attachment [Screenshot - 1635645306954_assertElementAttribute_true_regexComparison_expectedToFail_ValidateElementAttribute_failed] @31-10-2021 01:55:07.0146 A
[ReportManager] Browser Action [CloseCurrentWindow] successfully performed. @31-10-2021 01:55:07.0288 AM
[ReportManager] Successfully created attachment [Browser Action Test Data - CloseCurrentWindow - Actual Value] @31-10-2021 01:55:07.0289 A
[ReportManager] File Action [GetAbsolutePath] successfully performed. With the following test data [Relative Folder Path: "target/downloadedFiles/"]. @31-10-2021 01:55:07.0292 AM
[ReportManager] Attempting to run remotely on: [Linux-64], [GoogleChrome], [http://localhost:4444/wd/hub], Headless Execution. @31-10-2021 01:55:07.0293 AM
[ReportManager] Successfully Opened [GoogleChrome]. @31-10-2021 01:55:10.0169 AM
[ReportManager] Target URL: [https://www.google.com/ncr], and after redirection: [www.google.com] @31-10-2021 01:55:10.0169 AM
[ReportManager] Initial URL: [data:,] @31-10-2021 01:55:10.0230 AM
[ReportManager] Browser Action [NavigateToURL] successfully performed. With the following test data [https://www.google.com/ncr]. @31-10-2021 01:55:11.0032 A

################################################################################################################################################
Starting Execution:	[24 out of 143] test cases in the current suite
Test Method:		[unitTests.tests_validations_assertions.assertElementAttribute_true_regexComparison_expectedToPass]
################################################################################################################################################
[ReportManager] Element Action [Type] successfully performed. With the following test data [Automation123]. @31-10-2021 01:55:11.0530 AM
[ReportManager] Element Action [GetText] successfully performed. With the following test data [Automation123]. @31-10-2021 01:55:11.0672 AM
[ReportManager] Loaded Shared OpenCV @31-10-2021 01:55:11.0956 AM
[ReportManager] Assertion [ValidateElementAttribute] PASSED. Expected [Value Should be 'Automation.*' for the 'text' attribute, element locator 'By.name: q'] and Actual [Automation123]. Comparison Type [MATCHES]. Validation Type [POSITIVE]. @31-10-2021 01:55:12.0157 AM
[ReportManager] Successfully created attachment [Screenshot - 1635645311956_assertElementAttribute_true_regexComparison_expectedToPass_ValidateElementAttribute_passed] @31-10-2021 01:55:12.0158 A
[ReportManager] Browser Action [CloseCurrentWindow] successfully performed. @31-10-2021 01:55:12.0290 AM
[ReportManager] Successfully created attachment [Browser Action Test Data - CloseCurrentWindow - Actual Value] @31-10-2021 01:55:12.0291 A
[ReportManager] File Action [GetAbsolutePath] successfully performed. With the following test data [Relative Folder Path: "target/downloadedFiles/"]. @31-10-2021 01:55:12.0294 AM
[ReportManager] Attempting to run remotely on: [Linux-64], [GoogleChrome], [http://localhost:4444/wd/hub], Headless Execution. @31-10-2021 01:55:12.0294 AM
[ReportManager] Successfully Opened [GoogleChrome]. @31-10-2021 01:55:15.0164 AM
[ReportManager] Target URL: [https://www.google.com/ncr], and after redirection: [www.google.com] @31-10-2021 01:55:15.0164 AM
[ReportManager] Initial URL: [data:,] @31-10-2021 01:55:15.0256 AM
[ReportManager] Browser Action [NavigateToURL] successfully performed. With the following test data [https://www.google.com/ncr]. @31-10-2021 01:55:16.0029 A

################################################################################################################################################
Starting Execution:	[25 out of 143] test cases in the current suite
Test Method:		[unitTests.tests_validations_assertions.assertElementAttribute_type_true_literalComparison_expectedToPass]
################################################################################################################################################
[ReportManager] Element Action [Type] successfully performed. With the following test data [Automation!@#$%^&*()_+{}[]\';/.,]. @31-10-2021 01:55:16.0670 AM
[ReportManager] Element Action [GetText] successfully performed. With the following test data [Automation!@#$%^&*()_+{}[]\';/.,]. @31-10-2021 01:55:16.0808 AM
[ReportManager] Loaded Shared OpenCV @31-10-2021 01:55:17.0083 AM
[ReportManager] Assertion [ValidateElementAttribute] PASSED. Expected [Value Should be 'Automation!@#$%^&*()_+{}[]\';/.,' for the 'text' attribute, element locator 'By.name: q'] and Actual [Automation!@#$%^&*()_+{}[]\';/.,]. Comparison Type [EQUALS]. Validation Type [POSITIVE]. @31-10-2021 01:55:17.0317 AM
[ReportManager] Successfully created attachment [Screenshot - 1635645317083_assertElementAttribute_type_true_literalComparison_expectedToPass_ValidateElementAttribute_passed] @31-10-2021 01:55:17.0318 A
[ReportManager] Browser Action [CloseCurrentWindow] successfully performed. @31-10-2021 01:55:17.0460 AM
[ReportManager] Successfully created attachment [Browser Action Test Data - CloseCurrentWindow - Actual Value] @31-10-2021 01:55:17.0460 A
[ReportManager] File Action [GetAbsolutePath] successfully performed. With the following test data [Relative Folder Path: "target/downloadedFiles/"]. @31-10-2021 01:55:17.0464 AM
[ReportManager] Attempting to run remotely on: [Linux-64], [GoogleChrome], [http://localhost:4444/wd/hub], Headless Execution. @31-10-2021 01:55:17.0465 AM
[ReportManager] Successfully Opened [GoogleChrome]. @31-10-2021 01:55:20.0199 AM
[ReportManager] Target URL: [https://www.google.com/ncr], and after redirection: [www.google.com] @31-10-2021 01:55:20.0200 AM
[ReportManager] Initial URL: [data:,] @31-10-2021 01:55:20.0266 AM
[ReportManager] Browser Action [NavigateToURL] successfully performed. With the following test data [https://www.google.com/ncr]. @31-10-2021 01:55:21.0061 A

################################################################################################################################################
Starting Execution:	[26 out of 143] test cases in the current suite
Test Method:		[unitTests.tests_validations_assertions.assertElementExists_false_expectedToFail]
################################################################################################################################################
[ReportManager] Assertion [ValidateElementExists] PASSED. Expected [Element Should not Exist, locator 'By.id: hplogo'] and Actual [Element Doesn't Exists]. Comparison Type [EQUALS]. Validation Type [NEGATIVE]. @31-10-2021 01:55:31.0697 AM
[ReportManager] Successfully created attachment [Screenshot - 1635645331519_assertElementExists_false_expectedToFail_ValidateElementExists_passed] @31-10-2021 01:55:31.0697 A
[ReportManager] Browser Action [CloseCurrentWindow] successfully performed. @31-10-2021 01:55:31.0828 AM
[ReportManager] Successfully created attachment [Browser Action Test Data - CloseCurrentWindow - Actual Value] @31-10-2021 01:55:31.0829 A
[ReportManager] File Action [GetAbsolutePath] successfully performed. With the following test data [Relative Folder Path: "target/downloadedFiles/"]. @31-10-2021 01:55:31.0832 AM
[ReportManager] Attempting to run remotely on: [Linux-64], [GoogleChrome], [http://localhost:4444/wd/hub], Headless Execution. @31-10-2021 01:55:31.0832 AM
[ReportManager] Successfully Opened [GoogleChrome]. @31-10-2021 01:55:35.0191 AM
[ReportManager] Target URL: [https://www.google.com/ncr], and after redirection: [www.google.com] @31-10-2021 01:55:35.0191 AM
[ReportManager] Initial URL: [data:,] @31-10-2021 01:55:35.0274 AM
[ReportManager] Browser Action [NavigateToURL] successfully performed. With the following test data [https://www.google.com/ncr]. @31-10-2021 01:55:36.0108 A

################################################################################################################################################
Starting Execution:	[27 out of 143] test cases in the current suite
Test Method:		[unitTests.tests_validations_assertions.assertElementExists_false_expectedToPass]
################################################################################################################################################
[ReportManager] Assertion [ValidateElementExists] PASSED. Expected [Element Should not Exist, locator 'By.id: fakeElement'] and Actual [Element Doesn't Exists]. Comparison Type [EQUALS]. Validation Type [NEGATIVE]. @31-10-2021 01:55:46.0725 AM
[ReportManager] Successfully created attachment [Screenshot - 1635645346557_assertElementExists_false_expectedToPass_ValidateElementExists_passed] @31-10-2021 01:55:46.0726 A
[ReportManager] Browser Action [CloseCurrentWindow] successfully performed. @31-10-2021 01:55:46.0862 AM
[ReportManager] Successfully created attachment [Browser Action Test Data - CloseCurrentWindow - Actual Value] @31-10-2021 01:55:46.0862 A
[ReportManager] File Action [GetAbsolutePath] successfully performed. With the following test data [Relative Folder Path: "target/downloadedFiles/"]. @31-10-2021 01:55:46.0865 AM
[ReportManager] Attempting to run remotely on: [Linux-64], [GoogleChrome], [http://localhost:4444/wd/hub], Headless Execution. @31-10-2021 01:55:46.0865 AM
[ReportManager] Successfully Opened [GoogleChrome]. @31-10-2021 01:55:50.0162 AM
[ReportManager] Target URL: [https://www.google.com/ncr], and after redirection: [www.google.com] @31-10-2021 01:55:50.0162 AM
[ReportManager] Initial URL: [data:,] @31-10-2021 01:55:50.0248 AM
[ReportManager] Browser Action [NavigateToURL] successfully performed. With the following test data [https://www.google.com/ncr]. @31-10-2021 01:55:51.0119 A

################################################################################################################################################
Starting Execution:	[28 out of 143] test cases in the current suite
Test Method:		[unitTests.tests_validations_assertions.assertElementExists_false_multipleElementsFound_expectedToFail]
################################################################################################################################################
[ReportManager] Assertion [ValidateElementExists] FAILED. Expected [Element Should not Exist, locator 'By.xpath: //div'] and Actual [Element Exists but is not unique]. Comparison Type [EQUALS]. Validation Type [NEGATIVE]. @31-10-2021 01:55:51.0649 AM
[ReportManager] Successfully created attachment [Screenshot - 1635645351483_assertElementExists_false_multipleElementsFound_expectedToFail_ValidateElementExists_failed] @31-10-2021 01:55:51.0650 A
[ReportManager] Browser Action [CloseCurrentWindow] successfully performed. @31-10-2021 01:55:51.0778 AM
[ReportManager] Successfully created attachment [Browser Action Test Data - CloseCurrentWindow - Actual Value] @31-10-2021 01:55:51.0779 A
[ReportManager] File Action [GetAbsolutePath] successfully performed. With the following test data [Relative Folder Path: "target/downloadedFiles/"]. @31-10-2021 01:55:51.0782 AM
[ReportManager] Attempting to run remotely on: [Linux-64], [GoogleChrome], [http://localhost:4444/wd/hub], Headless Execution. @31-10-2021 01:55:51.0783 AM
[ReportManager] Successfully Opened [GoogleChrome]. @31-10-2021 01:55:55.0173 AM
[ReportManager] Target URL: [https://www.google.com/ncr], and after redirection: [www.google.com] @31-10-2021 01:55:55.0173 AM
[ReportManager] Initial URL: [data:,] @31-10-2021 01:55:55.0234 AM
[ReportManager] Browser Action [NavigateToURL] successfully performed. With the following test data [https://www.google.com/ncr]. @31-10-2021 01:55:56.0014 A

################################################################################################################################################
Starting Execution:	[29 out of 143] test cases in the current suite
Test Method:		[unitTests.tests_validations_assertions.assertElementExists_true_expectedToFail]
################################################################################################################################################
[ReportManager] Assertion [ValidateElementExists] FAILED. Expected [Element Should Exist, locator 'By.id: fakeElement'] and Actual [Element Doesn't Exists]. Comparison Type [EQUALS]. Validation Type [POSITIVE]. @31-10-2021 01:56:26.0911 AM
[ReportManager] Successfully created attachment [Screenshot - 1635645386753_assertElementExists_true_expectedToFail_ValidateElementExists_failed] @31-10-2021 01:56:26.0912 A
[ReportManager] Browser Action [CloseCurrentWindow] successfully performed. @31-10-2021 01:56:27.0036 AM
[ReportManager] Successfully created attachment [Browser Action Test Data - CloseCurrentWindow - Actual Value] @31-10-2021 01:56:27.0037 A
[ReportManager] File Action [GetAbsolutePath] successfully performed. With the following test data [Relative Folder Path: "target/downloadedFiles/"]. @31-10-2021 01:56:27.0041 AM
[ReportManager] Attempting to run remotely on: [Linux-64], [GoogleChrome], [http://localhost:4444/wd/hub], Headless Execution. @31-10-2021 01:56:27.0041 AM
[ReportManager] Successfully Opened [GoogleChrome]. @31-10-2021 01:56:30.0203 AM
[ReportManager] Target URL: [https://www.google.com/ncr], and after redirection: [www.google.com] @31-10-2021 01:56:30.0203 AM
[ReportManager] Initial URL: [data:,] @31-10-2021 01:56:30.0277 AM
[ReportManager] Browser Action [NavigateToURL] successfully performed. With the following test data [https://www.google.com/ncr]. @31-10-2021 01:56:31.0039 A

################################################################################################################################################
Starting Execution:	[30 out of 143] test cases in the current suite
Test Method:		[unitTests.tests_validations_assertions.assertElementExists_true_expectedToPass]
################################################################################################################################################
[ReportManager] Loaded Shared OpenCV @31-10-2021 01:56:31.0364 AM
[ReportManager] Assertion [ValidateElementExists] PASSED. Expected [Element Should Exist, locator 'By.xpath: //*[@id='hplogo' or @alt='Google']'] and Actual [Element Exists]. Comparison Type [EQUALS]. Validation Type [POSITIVE]. @31-10-2021 01:56:31.0562 AM
[ReportManager] Successfully created attachment [Screenshot - 1635645391364_assertElementExists_true_expectedToPass_ValidateElementExists_passed] @31-10-2021 01:56:31.0563 A
[ReportManager] Browser Action [CloseCurrentWindow] successfully performed. @31-10-2021 01:56:31.0686 AM
[ReportManager] Successfully created attachment [Browser Action Test Data - CloseCurrentWindow - Actual Value] @31-10-2021 01:56:31.0687 A
[ReportManager] File Action [GetAbsolutePath] successfully performed. With the following test data [Relative Folder Path: "target/downloadedFiles/"]. @31-10-2021 01:56:31.0689 AM
[ReportManager] Attempting to run remotely on: [Linux-64], [GoogleChrome], [http://localhost:4444/wd/hub], Headless Execution. @31-10-2021 01:56:31.0689 AM
[ReportManager] Successfully Opened [GoogleChrome]. @31-10-2021 01:56:35.0171 AM
[ReportManager] Target URL: [https://www.google.com/ncr], and after redirection: [www.google.com] @31-10-2021 01:56:35.0172 AM
[ReportManager] Initial URL: [data:,] @31-10-2021 01:56:35.0222 AM
[ReportManager] Browser Action [NavigateToURL] successfully performed. With the following test data [https://www.google.com/ncr]. @31-10-2021 01:56:35.0991 A

################################################################################################################################################
Starting Execution:	[31 out of 143] test cases in the current suite
Test Method:		[unitTests.tests_validations_assertions.assertElementExists_true_multipleElementsFound_expectedToFail]
################################################################################################################################################
[ReportManager] Assertion [ValidateElementExists] FAILED. Expected [Element Should Exist, locator 'By.xpath: //div'] and Actual [Element Exists but is not unique]. Comparison Type [EQUALS]. Validation Type [POSITIVE]. @31-10-2021 01:56:36.0473 AM
[ReportManager] Successfully created attachment [Screenshot - 1635645396306_assertElementExists_true_multipleElementsFound_expectedToFail_ValidateElementExists_failed] @31-10-2021 01:56:36.0474 A
[ReportManager] Browser Action [CloseCurrentWindow] successfully performed. @31-10-2021 01:56:36.0637 AM
[ReportManager] Successfully created attachment [Browser Action Test Data - CloseCurrentWindow - Actual Value] @31-10-2021 01:56:36.0638 A

################################################################################################################################################
Starting Execution:	[32 out of 143] test cases in the current suite
Test Method:		[unitTests.tests_validations_assertions.assertEquals_false_expectedToFail]
################################################################################################################################################
[ReportManager] Assertion [ValidateEquals] FAILED. Expected [1] and Actual [1]. Comparison Type [EQUALS]. Validation Type [NEGATIVE]. @31-10-2021 01:56:36.0643 A

################################################################################################################################################
Starting Execution:	[33 out of 143] test cases in the current suite
Test Method:		[unitTests.tests_validations_assertions.assertEquals_false_expectedToPass]
################################################################################################################################################
[ReportManager] Assertion [ValidateEquals] PASSED. Expected [1] and Actual [2]. Comparison Type [EQUALS]. Validation Type [NEGATIVE]. @31-10-2021 01:56:36.0646 A

################################################################################################################################################
Starting Execution:	[34 out of 143] test cases in the current suite
Test Method:		[unitTests.tests_validations_assertions.assertEquals_longCharacters]
################################################################################################################################################
[ReportManager] Verification [ValidateEquals] PASSED. Expected and Actual values are attached. Comparison Type [EQUALS]. Validation Type [POSITIVE]. @31-10-2021 01:56:36.0650 AM
[ReportManager] Successfully created attachment [Validation Test Data - Expected Value] @31-10-2021 01:56:36.0651 AM
[ReportManager] Successfully created attachment [Validation Test Data - Actual Value] @31-10-2021 01:56:36.0651 AM
[ReportManager] Assertion [ValidateEquals] PASSED. Expected and Actual values are attached. Comparison Type [EQUALS]. Validation Type [POSITIVE]. @31-10-2021 01:56:36.0651 AM
[ReportManager] Successfully created attachment [Validation Test Data - Expected Value] @31-10-2021 01:56:36.0651 AM
[ReportManager] Successfully created attachment [Validation Test Data - Actual Value] @31-10-2021 01:56:36.0651 A

################################################################################################################################################
Starting Execution:	[35 out of 143] test cases in the current suite
Test Method:		[unitTests.tests_validations_assertions.assertEquals_longCharacters_Discreet]
################################################################################################################################################
[ReportManager] Assertion [ValidateEquals] PASSED. Expected [1LH5pROcDBjjQk0t0mCr0lXuzQu9lcGj28kY8R1H81X67eVAQJgWQhILiRWVPUgZ6uCtK5cnBkF55Jr9vYngjGO1Iyf0Mktv6lruDlL9T8MAUPcUZJGHZtji6nIeadujDSNmWMj5d6C8zlFqw0CRqBU0hO5adIasHgBSNoLotAjce3NGXoDwAlp3rYreeV16VIyZXROQY] and Actual [1LH5pROcDBjjQk0t0mCr0lXuzQu9lcGj28kY8R1H81X67eVAQJgWQhILiRWVPUgZ6uCtK5cnBkF55Jr9vYngjGO1Iyf0Mktv6lruDlL9T8MAUPcUZJGHZtji6nIeadujDSNmWMj5d6C8zlFqw0CRqBU0hO5adIasHgBSNoLotAjce3NGXoDwAlp3rYreeV16VIyZXROQY]. Comparison Type [EQUALS]. Validation Type [POSITIVE]. @31-10-2021 01:56:36.0654 A

################################################################################################################################################
Starting Execution:	[36 out of 143] test cases in the current suite
Test Method:		[unitTests.tests_validations_assertions.assertEquals_true_expectedToFail]
################################################################################################################################################
[ReportManager] Assertion [ValidateEquals] FAILED. Expected [1] and Actual [2]. Comparison Type [EQUALS]. Validation Type [POSITIVE]. @31-10-2021 01:56:36.0659 A

################################################################################################################################################
Starting Execution:	[37 out of 143] test cases in the current suite
Test Method:		[unitTests.tests_validations_assertions.assertEquals_true_expectedToPass]
Test Description:	[Assert that assertEquals works as expected when the two values are equal.]
################################################################################################################################################
[ReportManager] Verification [ValidateEquals] PASSED. Expected [1] and Actual [1]. Comparison Type [EQUALS]. Validation Type [POSITIVE]. @31-10-2021 01:56:36.0666 AM
[ReportManager] Assertion [ValidateEquals] PASSED. Expected [1] and Actual [1]. Comparison Type [EQUALS]. Validation Type [POSITIVE]. @31-10-2021 01:56:36.0666 A

################################################################################################################################################
Starting Execution:	[38 out of 143] test cases in the current suite
Test Method:		[unitTests.tests_validations_assertions.assertEquals_true_expectedToPass__]
################################################################################################################################################
[ReportManager] Assertion [ValidateEquals] PASSED. Expected [1] and Actual [1]. Comparison Type [EQUALS]. Validation Type [POSITIVE]. @31-10-2021 01:56:36.0670 A

################################################################################################################################################
Starting Execution:	[39 out of 143] test cases in the current suite
Test Method:		[unitTests.tests_validations_assertions.assertFileExists_false_expectedToFail]
################################################################################################################################################
[ReportManager] File Action [DoesFileExist] successfully performed. With the following test data [File Path: "src/main/java/com/shaft/gui/element/ElementActions.java"]. @31-10-2021 01:56:36.0672 AM
[ReportManager] Assertion [ValidateFileExists] FAILED. Expected [File 'src/main/java/com/shaft/gui/element/ElementActions.java' should not exist, after up to '1' retries] and Actual [File exists]. Validation Type [NEGATIVE]. @31-10-2021 01:56:36.0678 A

################################################################################################################################################
Starting Execution:	[40 out of 143] test cases in the current suite
Test Method:		[unitTests.tests_validations_assertions.assertFileExists_false_expectedToPass]
################################################################################################################################################
[ReportManager] File Action [DoesFileExist] successfully performed. With the following test data [File Path: "src/main/java/com/shaft/gui/element/ElementActions.java_fail"]. @31-10-2021 01:56:37.0200 AM
[ReportManager] Assertion [ValidateFileExists] PASSED. Expected [File 'src/main/java/com/shaft/gui/element/ElementActions.java_fail' should not exist, after up to '1' retries] and Actual [File does not exist]. Validation Type [NEGATIVE]. @31-10-2021 01:56:37.0200 A

################################################################################################################################################
Starting Execution:	[41 out of 143] test cases in the current suite
Test Method:		[unitTests.tests_validations_assertions.assertFileExists_true_expectedToFail]
################################################################################################################################################
[ReportManager] File Action [DoesFileExist] successfully performed. With the following test data [File Path: "src/main/java/com/shaft/gui/element/ElementActions.java_fail"]. @31-10-2021 01:56:37.0706 AM
[ReportManager] Assertion [ValidateFileExists] FAILED. Expected [File 'src/main/java/com/shaft/gui/element/ElementActions.java_fail' should exist, after up to '1' retries] and Actual [File does not exist]. Validation Type [POSITIVE]. @31-10-2021 01:56:37.0706 A

################################################################################################################################################
Starting Execution:	[42 out of 143] test cases in the current suite
Test Method:		[unitTests.tests_validations_assertions.assertFileExists_true_expectedToPass]
################################################################################################################################################
[ReportManager] File Action [DoesFileExist] successfully performed. With the following test data [File Path: "src/main/java/com/shaft/gui/element/ElementActions.java"]. @31-10-2021 01:56:37.0711 AM
[ReportManager] Assertion [ValidateFileExists] PASSED. Expected [File 'src/main/java/com/shaft/gui/element/ElementActions.java' should exist, after up to '1' retries] and Actual [File exists]. Validation Type [POSITIVE]. @31-10-2021 01:56:37.0712 A

################################################################################################################################################
Starting Execution:	[43 out of 143] test cases in the current suite
Test Method:		[unitTests.tests_validations_assertions.assertNull_false_expectedToFail]
################################################################################################################################################
[ReportManager] Assertion [ValidateNull] FAILED. Expected [NULL] and Actual [NULL]. Comparison Type [EQUALS]. Validation Type [NEGATIVE]. @31-10-2021 01:56:37.0717 A

################################################################################################################################################
Starting Execution:	[44 out of 143] test cases in the current suite
Test Method:		[unitTests.tests_validations_assertions.assertNull_false_expectedToPass]
################################################################################################################################################
[ReportManager] Assertion [ValidateNull] PASSED. Expected [NULL] and Actual [1]. Comparison Type [EQUALS]. Validation Type [NEGATIVE]. @31-10-2021 01:56:37.0721 A

################################################################################################################################################
Starting Execution:	[45 out of 143] test cases in the current suite
Test Method:		[unitTests.tests_validations_assertions.assertNull_true_expectedToFail]
################################################################################################################################################
[ReportManager] Assertion [ValidateNull] FAILED. Expected [NULL] and Actual [1]. Comparison Type [EQUALS]. Validation Type [POSITIVE]. @31-10-2021 01:56:37.0724 A

################################################################################################################################################
Starting Execution:	[46 out of 143] test cases in the current suite
Test Method:		[unitTests.tests_validations_assertions.assertNull_true_expectedToPass]
################################################################################################################################################
[ReportManager] Assertion [ValidateNull] PASSED. Expected [NULL] and Actual [NULL]. Comparison Type [EQUALS]. Validation Type [POSITIVE]. @31-10-2021 01:56:37.0728 A

################################################################################################################################################
Starting Execution:	[47 out of 143] test cases in the current suite
Test Method:		[unitTests.tests_restActions.getPostsAndAssertBodyForSpecificTitle]
################################################################################################################################################
[ReportManager] Response status code: [200], status line: [HTTP/1.1 200 OK] @31-10-2021 01:56:39.0702 AM
[ReportManager] Assertion Passed: Evaluating the actual response status code against the expected one... @31-10-2021 01:56:39.0703 AM
[ReportManager] Assertion [ValidateEquals] PASSED. Expected [200] and Actual [200]. Comparison Type [EQUALS]. Validation Type [POSITIVE]. @31-10-2021 01:56:39.0703 AM
[ReportManager] API Action [PerformRequest] successfully performed. With the following test data [Request Type: "GET" | Target Status Code: "200" | Service URL: "https://jsonplaceholder.typicode.com/posts" | Content Type: "*/*" | Response Time: "768ms"]. @31-10-2021 01:56:40.0727 AM
[ReportManager] Successfully created attachment [API Request - Specifications] @31-10-2021 01:56:40.0727 AM
[ReportManager] Successfully created attachment [API Response - JSON Body] @31-10-2021 01:56:40.0991 AM
[ReportManager] API Action [GetResponseJSONValueAsList] successfully performed. @31-10-2021 01:56:41.0034 AM
[ReportManager] API Action [GetResponseJSONValue] successfully performed. With the following test data [title]. @31-10-2021 01:56:41.0060 AM
[ReportManager] API Action [GetResponseJSONValue] successfully performed. With the following test data [title]. @31-10-2021 01:56:41.0087 AM
[ReportManager] API Action [GetResponseJSONValue] successfully performed. With the following test data [body]. @31-10-2021 01:56:41.0116 AM
[ReportManager] Assertion [ValidateEquals] PASSED. Expected [qui neque nisi nulla] and Actual [est rerum tempore vitae
sequi sint nihil reprehenderit dolor beatae ea dolores neque
fugiat blanditiis voluptate porro vel nihil molestiae ut reiciendis
qui aperiam non debitis possimus qui neque nisi nulla]. Comparison Type [CONTAINS]. Validation Type [POSITIVE]. @31-10-2021 01:56:41.0116 AM
[ReportManager] API Action [GetResponseJSONValue] successfully performed. With the following test data [title]. @31-10-2021 01:56:41.0132 AM
[ReportManager] API Action [GetResponseJSONValue] successfully performed. With the following test data [title]. @31-10-2021 01:56:41.0150 AM
[ReportManager] API Action [GetResponseJSONValue] successfully performed. With the following test data [title]. @31-10-2021 01:56:41.0173 AM
[ReportManager] API Action [GetResponseJSONValue] successfully performed. With the following test data [title]. @31-10-2021 01:56:41.0194 AM
[ReportManager] API Action [GetResponseJSONValue] successfully performed. With the following test data [title]. @31-10-2021 01:56:41.0210 AM
[ReportManager] API Action [GetResponseJSONValue] successfully performed. With the following test data [title]. @31-10-2021 01:56:41.0228 AM
[ReportManager] API Action [GetResponseJSONValue] successfully performed. With the following test data [title]. @31-10-2021 01:56:41.0245 AM
[ReportManager] API Action [GetResponseJSONValue] successfully performed. With the following test data [title]. @31-10-2021 01:56:41.0260 AM
[ReportManager] API Action [GetResponseJSONValue] successfully performed. With the following test data [title]. @31-10-2021 01:56:41.0276 AM
[ReportManager] API Action [GetResponseJSONValue] successfully performed. With the following test data [title]. @31-10-2021 01:56:41.0291 AM
[ReportManager] API Action [GetResponseJSONValue] successfully performed. With the following test data [title]. @31-10-2021 01:56:41.0320 AM
[ReportManager] API Action [GetResponseJSONValue] successfully performed. With the following test data [title]. @31-10-2021 01:56:41.0347 AM
[ReportManager] API Action [GetResponseJSONValue] successfully performed. With the following test data [title]. @31-10-2021 01:56:41.0359 AM
[ReportManager] API Action [GetResponseJSONValue] successfully performed. With the following test data [title]. @31-10-2021 01:56:41.0371 AM
[ReportManager] API Action [GetResponseJSONValue] successfully performed. With the following test data [title]. @31-10-2021 01:56:41.0386 AM
[ReportManager] API Action [GetResponseJSONValue] successfully performed. With the following test data [title]. @31-10-2021 01:56:41.0400 AM
[ReportManager] API Action [GetResponseJSONValue] successfully performed. With the following test data [title]. @31-10-2021 01:56:41.0413 AM
[ReportManager] API Action [GetResponseJSONValue] successfully performed. With the following test data [title]. @31-10-2021 01:56:41.0425 AM
[ReportManager] API Action [GetResponseJSONValue] successfully performed. With the following test data [title]. @31-10-2021 01:56:41.0438 AM
[ReportManager] API Action [GetResponseJSONValue] successfully performed. With the following test data [title]. @31-10-2021 01:56:41.0451 AM
[ReportManager] API Action [GetResponseJSONValue] successfully performed. With the following test data [title]. @31-10-2021 01:56:41.0463 AM
[ReportManager] API Action [GetResponseJSONValue] successfully performed. With the following test data [title]. @31-10-2021 01:56:41.0476 AM
[ReportManager] API Action [GetResponseJSONValue] successfully performed. With the following test data [title]. @31-10-2021 01:56:41.0491 AM
[ReportManager] API Action [GetResponseJSONValue] successfully performed. With the following test data [title]. @31-10-2021 01:56:41.0504 AM
[ReportManager] API Action [GetResponseJSONValue] successfully performed. With the following test data [title]. @31-10-2021 01:56:41.0517 AM
[ReportManager] API Action [GetResponseJSONValue] successfully performed. With the following test data [title]. @31-10-2021 01:56:41.0530 AM
[ReportManager] API Action [GetResponseJSONValue] successfully performed. With the following test data [title]. @31-10-2021 01:56:41.0542 AM
[ReportManager] API Action [GetResponseJSONValue] successfully performed. With the following test data [title]. @31-10-2021 01:56:41.0556 AM
[ReportManager] API Action [GetResponseJSONValue] successfully performed. With the following test data [title]. @31-10-2021 01:56:41.0567 AM
[ReportManager] API Action [GetResponseJSONValue] successfully performed. With the following test data [title]. @31-10-2021 01:56:41.0578 AM
[ReportManager] API Action [GetResponseJSONValue] successfully performed. With the following test data [title]. @31-10-2021 01:56:41.0593 AM
[ReportManager] API Action [GetResponseJSONValue] successfully performed. With the following test data [title]. @31-10-2021 01:56:41.0605 AM
[ReportManager] API Action [GetResponseJSONValue] successfully performed. With the following test data [title]. @31-10-2021 01:56:41.0616 AM
[ReportManager] API Action [GetResponseJSONValue] successfully performed. With the following test data [title]. @31-10-2021 01:56:41.0627 AM
[ReportManager] API Action [GetResponseJSONValue] successfully performed. With the following test data [title]. @31-10-2021 01:56:41.0691 AM
[ReportManager] API Action [GetResponseJSONValue] successfully performed. With the following test data [title]. @31-10-2021 01:56:41.0702 AM
[ReportManager] API Action [GetResponseJSONValue] successfully performed. With the following test data [title]. @31-10-2021 01:56:41.0713 AM
[ReportManager] API Action [GetResponseJSONValue] successfully performed. With the following test data [title]. @31-10-2021 01:56:41.0725 AM
[ReportManager] API Action [GetResponseJSONValue] successfully performed. With the following test data [title]. @31-10-2021 01:56:41.0736 AM
[ReportManager] API Action [GetResponseJSONValue] successfully performed. With the following test data [title]. @31-10-2021 01:56:41.0748 AM
[ReportManager] API Action [GetResponseJSONValue] successfully performed. With the following test data [title]. @31-10-2021 01:56:41.0758 AM
[ReportManager] API Action [GetResponseJSONValue] successfully performed. With the following test data [title]. @31-10-2021 01:56:41.0769 AM
[ReportManager] API Action [GetResponseJSONValue] successfully performed. With the following test data [title]. @31-10-2021 01:56:41.0779 AM
[ReportManager] API Action [GetResponseJSONValue] successfully performed. With the following test data [title]. @31-10-2021 01:56:41.0792 AM
[ReportManager] API Action [GetResponseJSONValue] successfully performed. With the following test data [title]. @31-10-2021 01:56:41.0804 AM
[ReportManager] API Action [GetResponseJSONValue] successfully performed. With the following test data [title]. @31-10-2021 01:56:41.0816 AM
[ReportManager] API Action [GetResponseJSONValue] successfully performed. With the following test data [title]. @31-10-2021 01:56:41.0828 AM
[ReportManager] API Action [GetResponseJSONValue] successfully performed. With the following test data [title]. @31-10-2021 01:56:41.0840 AM
[ReportManager] API Action [GetResponseJSONValue] successfully performed. With the following test data [title]. @31-10-2021 01:56:41.0851 AM
[ReportManager] API Action [GetResponseJSONValue] successfully performed. With the following test data [title]. @31-10-2021 01:56:41.0862 AM
[ReportManager] API Action [GetResponseJSONValue] successfully performed. With the following test data [title]. @31-10-2021 01:56:41.0874 AM
[ReportManager] API Action [GetResponseJSONValue] successfully performed. With the following test data [title]. @31-10-2021 01:56:41.0885 AM
[ReportManager] API Action [GetResponseJSONValue] successfully performed. With the following test data [title]. @31-10-2021 01:56:41.0895 AM
[ReportManager] API Action [GetResponseJSONValue] successfully performed. With the following test data [title]. @31-10-2021 01:56:41.0905 AM
[ReportManager] API Action [GetResponseJSONValue] successfully performed. With the following test data [title]. @31-10-2021 01:56:41.0914 AM
[ReportManager] API Action [GetResponseJSONValue] successfully performed. With the following test data [title]. @31-10-2021 01:56:41.0923 AM
[ReportManager] API Action [GetResponseJSONValue] successfully performed. With the following test data [title]. @31-10-2021 01:56:41.0931 AM
[ReportManager] API Action [GetResponseJSONValue] successfully performed. With the following test data [title]. @31-10-2021 01:56:41.0940 AM
[ReportManager] API Action [GetResponseJSONValue] successfully performed. With the following test data [title]. @31-10-2021 01:56:41.0950 AM
[ReportManager] API Action [GetResponseJSONValue] successfully performed. With the following test data [title]. @31-10-2021 01:56:41.0979 AM
[ReportManager] API Action [GetResponseJSONValue] successfully performed. With the following test data [title]. @31-10-2021 01:56:41.0992 AM
[ReportManager] API Action [GetResponseJSONValue] successfully performed. With the following test data [title]. @31-10-2021 01:56:42.0003 AM
[ReportManager] API Action [GetResponseJSONValue] successfully performed. With the following test data [title]. @31-10-2021 01:56:42.0014 AM
[ReportManager] API Action [GetResponseJSONValue] successfully performed. With the following test data [title]. @31-10-2021 01:56:42.0025 AM
[ReportManager] API Action [GetResponseJSONValue] successfully performed. With the following test data [title]. @31-10-2021 01:56:42.0035 AM
[ReportManager] API Action [GetResponseJSONValue] successfully performed. With the following test data [title]. @31-10-2021 01:56:42.0045 AM
[ReportManager] API Action [GetResponseJSONValue] successfully performed. With the following test data [title]. @31-10-2021 01:56:42.0056 AM
[ReportManager] API Action [GetResponseJSONValue] successfully performed. With the following test data [title]. @31-10-2021 01:56:42.0066 AM
[ReportManager] API Action [GetResponseJSONValue] successfully performed. With the following test data [title]. @31-10-2021 01:56:42.0077 AM
[ReportManager] API Action [GetResponseJSONValue] successfully performed. With the following test data [title]. @31-10-2021 01:56:42.0087 AM
[ReportManager] API Action [GetResponseJSONValue] successfully performed. With the following test data [title]. @31-10-2021 01:56:42.0099 AM
[ReportManager] API Action [GetResponseJSONValue] successfully performed. With the following test data [title]. @31-10-2021 01:56:42.0110 AM
[ReportManager] API Action [GetResponseJSONValue] successfully performed. With the following test data [title]. @31-10-2021 01:56:42.0120 AM
[ReportManager] API Action [GetResponseJSONValue] successfully performed. With the following test data [title]. @31-10-2021 01:56:42.0130 AM
[ReportManager] API Action [GetResponseJSONValue] successfully performed. With the following test data [title]. @31-10-2021 01:56:42.0139 AM
[ReportManager] API Action [GetResponseJSONValue] successfully performed. With the following test data [title]. @31-10-2021 01:56:42.0149 AM
[ReportManager] API Action [GetResponseJSONValue] successfully performed. With the following test data [title]. @31-10-2021 01:56:42.0159 AM
[ReportManager] API Action [GetResponseJSONValue] successfully performed. With the following test data [title]. @31-10-2021 01:56:42.0169 AM
[ReportManager] API Action [GetResponseJSONValue] successfully performed. With the following test data [title]. @31-10-2021 01:56:42.0178 AM
[ReportManager] API Action [GetResponseJSONValue] successfully performed. With the following test data [title]. @31-10-2021 01:56:42.0189 AM
[ReportManager] API Action [GetResponseJSONValue] successfully performed. With the following test data [title]. @31-10-2021 01:56:42.0200 AM
[ReportManager] API Action [GetResponseJSONValue] successfully performed. With the following test data [title]. @31-10-2021 01:56:42.0210 AM
[ReportManager] API Action [GetResponseJSONValue] successfully performed. With the following test data [title]. @31-10-2021 01:56:42.0221 AM
[ReportManager] API Action [GetResponseJSONValue] successfully performed. With the following test data [title]. @31-10-2021 01:56:42.0232 AM
[ReportManager] API Action [GetResponseJSONValue] successfully performed. With the following test data [title]. @31-10-2021 01:56:42.0241 AM
[ReportManager] API Action [GetResponseJSONValue] successfully performed. With the following test data [title]. @31-10-2021 01:56:42.0252 AM
[ReportManager] API Action [GetResponseJSONValue] successfully performed. With the following test data [title]. @31-10-2021 01:56:42.0261 AM
[ReportManager] API Action [GetResponseJSONValue] successfully performed. With the following test data [title]. @31-10-2021 01:56:42.0272 AM
[ReportManager] API Action [GetResponseJSONValue] successfully performed. With the following test data [title]. @31-10-2021 01:56:42.0281 AM
[ReportManager] API Action [GetResponseJSONValue] successfully performed. With the following test data [title]. @31-10-2021 01:56:42.0293 AM
[ReportManager] API Action [GetResponseJSONValue] successfully performed. With the following test data [title]. @31-10-2021 01:56:42.0303 AM
[ReportManager] API Action [GetResponseJSONValue] successfully performed. With the following test data [title]. @31-10-2021 01:56:42.0316 AM
[ReportManager] API Action [GetResponseJSONValue] successfully performed. With the following test data [title]. @31-10-2021 01:56:42.0329 AM
[ReportManager] API Action [GetResponseJSONValue] successfully performed. With the following test data [title]. @31-10-2021 01:56:42.0339 AM
[ReportManager] API Action [GetResponseJSONValue] successfully performed. With the following test data [title]. @31-10-2021 01:56:42.0348 AM
[ReportManager] API Action [GetResponseJSONValue] successfully performed. With the following test data [title]. @31-10-2021 01:56:42.0357 AM
[ReportManager] API Action [GetResponseJSONValue] successfully performed. With the following test data [title]. @31-10-2021 01:56:42.0365 AM
[ReportManager] API Action [GetResponseJSONValue] successfully performed. With the following test data [title]. @31-10-2021 01:56:42.0374 A

################################################################################################################################################
Starting Execution:	[48 out of 143] test cases in the current suite
Test Method:		[unitTests.tests_restActions.validateUserEmail]
################################################################################################################################################
[ReportManager] Response status code: [200], status line: [HTTP/1.1 200 OK] @31-10-2021 01:56:42.0466 AM
[ReportManager] Assertion Passed: Evaluating the actual response status code against the expected one... @31-10-2021 01:56:42.0467 AM
[ReportManager] Assertion [ValidateEquals] PASSED. Expected [200] and Actual [200]. Comparison Type [EQUALS]. Validation Type [POSITIVE]. @31-10-2021 01:56:42.0467 AM
[ReportManager] API Action [PerformRequest] successfully performed. With the following test data [Request Type: "GET" | Target Status Code: "200" | Service URL: "https://jsonplaceholder.typicode.com/users" | Content Type: "*/*" | Response Time: "83ms"]. @31-10-2021 01:56:42.0500 AM
[ReportManager] Successfully created attachment [API Request - Specifications] @31-10-2021 01:56:42.0500 AM
[ReportManager] Successfully created attachment [API Response - JSON Body] @31-10-2021 01:56:42.0501 AM
[ReportManager] Assertion [ValidateEquals] PASSED. Expected and Actual values are attached. Comparison Type [CONTAINS]. Validation Type [POSITIVE]. @31-10-2021 01:56:42.0501 AM
[ReportManager] Successfully created attachment [Validation Test Data - Expected Value] @31-10-2021 01:56:42.0501 AM
[ReportManager] Successfully created attachment [Validation Test Data - Actual Value] @31-10-2021 01:56:42.0501 AM
[ReportManager] API Action [GetResponseJSONValueAsList] successfully performed. With the following test data [$]. @31-10-2021 01:56:42.0513 AM
[ReportManager] API Action [GetResponseJSONValue] successfully performed. With the following test data [name]. @31-10-2021 01:56:42.0524 AM
[ReportManager] API Action [GetResponseJSONValue] successfully performed. With the following test data [email]. @31-10-2021 01:56:42.0534 AM
[ReportManager] Assertion [ValidateEquals] PASSED. Expected [Sincere@april.biz] and Actual [Sincere@april.biz]. Comparison Type [EQUALS]. Validation Type [POSITIVE]. @31-10-2021 01:56:42.0535 AM
[ReportManager] API Action [GetResponseJSONValue] successfully performed. With the following test data [name]. @31-10-2021 01:56:42.0548 AM
[ReportManager] API Action [GetResponseJSONValue] successfully performed. With the following test data [name]. @31-10-2021 01:56:42.0567 AM
[ReportManager] API Action [GetResponseJSONValue] successfully performed. With the following test data [name]. @31-10-2021 01:56:42.0582 AM
[ReportManager] API Action [GetResponseJSONValue] successfully performed. With the following test data [name]. @31-10-2021 01:56:42.0592 AM
[ReportManager] API Action [GetResponseJSONValue] successfully performed. With the following test data [name]. @31-10-2021 01:56:42.0603 AM
[ReportManager] API Action [GetResponseJSONValue] successfully performed. With the following test data [name]. @31-10-2021 01:56:42.0615 AM
[ReportManager] API Action [GetResponseJSONValue] successfully performed. With the following test data [name]. @31-10-2021 01:56:42.0627 AM
[ReportManager] API Action [GetResponseJSONValue] successfully performed. With the following test data [name]. @31-10-2021 01:56:42.0638 AM
[ReportManager] API Action [GetResponseJSONValue] successfully performed. With the following test data [name]. @31-10-2021 01:56:42.0648 A
[ReportManager] File Action [GetAbsolutePath] successfully performed. With the following test data [Relative Folder Path: "target/downloadedFiles/"]. @31-10-2021 01:56:42.0660 AM
[ReportManager] Attempting to run remotely on: [Linux-64], [GoogleChrome], [http://localhost:4444/wd/hub], Headless Execution. @31-10-2021 01:56:42.0660 AM
[ReportManager] Successfully Opened [GoogleChrome]. @31-10-2021 01:56:45.0211 AM
[ReportManager] Target URL: [https://duckduckgo.com] @31-10-2021 01:56:45.0215 AM
[ReportManager] Initial URL: [data:,] @31-10-2021 01:56:45.0326 AM
[ReportManager] Browser Action [NavigateToURL] successfully performed. With the following test data [https://duckduckgo.com]. @31-10-2021 01:56:46.0115 A

################################################################################################################################################
Starting Execution:	[49 out of 143] test cases in the current suite
Test Method:		[unitTests.tests_browserActions.fullScreenWindow]
################################################################################################################################################
[ReportManager] Initial Windows Size: 1920x1080 @31-10-2021 01:56:46.0141 AM
[ReportManager] Initial window size: (1920, 1080) @31-10-2021 01:56:46.0150 AM
[ReportManager] Window size after Toolkit: (1920, 1080) @31-10-2021 01:56:46.0388 AM
[ReportManager] Browser Action [MaximizeWindow] successfully performed. With the following test data [New screen size is now: (1920, 1080)]. @31-10-2021 01:56:46.0393 AM
[ReportManager] Current Windows Size after fullScreen: 1920x1080 @31-10-2021 01:56:46.0419 AM
[ReportManager] Browser Action [FullScreenWindow] successfully performed. @31-10-2021 01:56:46.0436 AM
[ReportManager] Successfully created attachment [Browser Action Test Data - FullScreenWindow - Actual Value] @31-10-2021 01:56:46.0439 A
[ReportManager] Target URL: [https://duckduckgo.com] @31-10-2021 01:56:46.0448 AM
[ReportManager] Initial URL: [https://duckduckgo.com] @31-10-2021 01:56:46.0507 AM
[ReportManager] Browser Action [NavigateToURL] successfully performed. With the following test data [https://duckduckgo.com]. @31-10-2021 01:56:46.0902 AM
[ReportManager] Browser Action [CloseCurrentWindow] successfully performed. @31-10-2021 01:56:47.0044 AM
[ReportManager] Successfully created attachment [Browser Action Test Data - CloseCurrentWindow - Actual Value] @31-10-2021 01:56:47.0046 A
[ReportManager] File Action [GetAbsolutePath] successfully performed. With the following test data [Relative Folder Path: "target/downloadedFiles/"]. @31-10-2021 01:56:47.0058 AM
[ReportManager] Attempting to run remotely on: [Linux-64], [GoogleChrome], [http://localhost:4444/wd/hub], Headless Execution. @31-10-2021 01:56:47.0058 AM
[ReportManager] Successfully Opened [GoogleChrome]. @31-10-2021 01:56:50.0161 AM
[ReportManager] Target URL: [https://duckduckgo.com] @31-10-2021 01:56:50.0161 AM
[ReportManager] Initial URL: [data:,] @31-10-2021 01:56:50.0238 AM
[ReportManager] Browser Action [NavigateToURL] successfully performed. With the following test data [https://duckduckgo.com]. @31-10-2021 01:56:51.0001 A

################################################################################################################################################
Starting Execution:	[50 out of 143] test cases in the current suite
Test Method:		[unitTests.tests_browserActions.getCurrentURL]
################################################################################################################################################
[ReportManager] Browser Action [GetCurrentURL] successfully performed. With the following test data [https://duckduckgo.com/]. @31-10-2021 01:56:51.0064 A
[ReportManager] Target URL: [https://duckduckgo.com] @31-10-2021 01:56:51.0073 AM
[ReportManager] Initial URL: [https://duckduckgo.com] @31-10-2021 01:56:51.0139 AM
[ReportManager] Browser Action [NavigateToURL] successfully performed. With the following test data [https://duckduckgo.com]. @31-10-2021 01:56:51.0564 AM
[ReportManager] Browser Action [CloseCurrentWindow] successfully performed. @31-10-2021 01:56:51.0732 AM
[ReportManager] Successfully created attachment [Browser Action Test Data - CloseCurrentWindow - Actual Value] @31-10-2021 01:56:51.0733 A
[ReportManager] File Action [GetAbsolutePath] successfully performed. With the following test data [Relative Folder Path: "target/downloadedFiles/"]. @31-10-2021 01:56:51.0735 AM
[ReportManager] Attempting to run remotely on: [Linux-64], [GoogleChrome], [http://localhost:4444/wd/hub], Headless Execution. @31-10-2021 01:56:51.0735 AM
[ReportManager] Successfully Opened [GoogleChrome]. @31-10-2021 01:56:55.0256 AM
[ReportManager] Target URL: [https://duckduckgo.com] @31-10-2021 01:56:55.0256 AM
[ReportManager] Initial URL: [data:,] @31-10-2021 01:56:55.0312 AM
[ReportManager] Browser Action [NavigateToURL] successfully performed. With the following test data [https://duckduckgo.com]. @31-10-2021 01:56:56.0005 A

################################################################################################################################################
Starting Execution:	[51 out of 143] test cases in the current suite
Test Method:		[unitTests.tests_browserActions.getCurrentWindowTitle]
################################################################################################################################################
[ReportManager] Browser Action [GetCurrentWindowTitle] successfully performed. With the following test data [DuckDuckGo  Privacy, simplified.]. @31-10-2021 01:56:56.0071 A
[ReportManager] Target URL: [https://duckduckgo.com] @31-10-2021 01:56:56.0074 AM
[ReportManager] Initial URL: [https://duckduckgo.com] @31-10-2021 01:56:56.0154 AM
[ReportManager] Browser Action [NavigateToURL] successfully performed. With the following test data [https://duckduckgo.com]. @31-10-2021 01:56:56.0540 AM
[ReportManager] Browser Action [CloseCurrentWindow] successfully performed. @31-10-2021 01:56:56.0674 AM
[ReportManager] Successfully created attachment [Browser Action Test Data - CloseCurrentWindow - Actual Value] @31-10-2021 01:56:56.0674 A
[ReportManager] File Action [GetAbsolutePath] successfully performed. With the following test data [Relative Folder Path: "target/downloadedFiles/"]. @31-10-2021 01:56:56.0677 AM
[ReportManager] Attempting to run remotely on: [Linux-64], [GoogleChrome], [http://localhost:4444/wd/hub], Headless Execution. @31-10-2021 01:56:56.0677 AM
[ReportManager] Successfully Opened [GoogleChrome]. @31-10-2021 01:57:00.0189 AM
[ReportManager] Target URL: [https://duckduckgo.com] @31-10-2021 01:57:00.0189 AM
[ReportManager] Initial URL: [data:,] @31-10-2021 01:57:00.0272 AM
[ReportManager] Browser Action [NavigateToURL] successfully performed. With the following test data [https://duckduckgo.com]. @31-10-2021 01:57:00.0972 A

################################################################################################################################################
Starting Execution:	[52 out of 143] test cases in the current suite
Test Method:		[unitTests.tests_browserActions.getPageSource]
################################################################################################################################################
[ReportManager] Browser Action [GetPageSource] successfully performed. @31-10-2021 01:57:01.0030 AM
[ReportManager] Successfully created attachment [Browser Action Test Data - GetPageSource - Actual Value] @31-10-2021 01:57:01.0031 A
[ReportManager] Target URL: [https://duckduckgo.com] @31-10-2021 01:57:01.0032 AM
[ReportManager] Initial URL: [https://duckduckgo.com] @31-10-2021 01:57:01.0130 AM
[ReportManager] Browser Action [NavigateToURL] successfully performed. With the following test data [https://duckduckgo.com]. @31-10-2021 01:57:01.0641 AM
[ReportManager] Browser Action [CloseCurrentWindow] successfully performed. @31-10-2021 01:57:01.0811 AM
[ReportManager] Successfully created attachment [Browser Action Test Data - CloseCurrentWindow - Actual Value] @31-10-2021 01:57:01.0812 A
[ReportManager] File Action [GetAbsolutePath] successfully performed. With the following test data [Relative Folder Path: "target/downloadedFiles/"]. @31-10-2021 01:57:01.0816 AM
[ReportManager] Attempting to run remotely on: [Linux-64], [GoogleChrome], [http://localhost:4444/wd/hub], Headless Execution. @31-10-2021 01:57:01.0817 AM
[ReportManager] Successfully Opened [GoogleChrome]. @31-10-2021 01:57:05.0203 AM
[ReportManager] Target URL: [https://duckduckgo.com] @31-10-2021 01:57:05.0203 AM
[ReportManager] Initial URL: [data:,] @31-10-2021 01:57:05.0280 AM
[ReportManager] Browser Action [NavigateToURL] successfully performed. With the following test data [https://duckduckgo.com]. @31-10-2021 01:57:06.0056 A

################################################################################################################################################
Starting Execution:	[53 out of 143] test cases in the current suite
Test Method:		[unitTests.tests_browserActions.getWindowHandle]
################################################################################################################################################
[ReportManager] Browser Action [GetWindowHandle] successfully performed. With the following test data [CDwindow-BC30E4C348D6188871C0B150CEC12228]. @31-10-2021 01:57:06.0113 A
[ReportManager] Target URL: [https://duckduckgo.com] @31-10-2021 01:57:06.0117 AM
[ReportManager] Initial URL: [https://duckduckgo.com] @31-10-2021 01:57:06.0185 AM
[ReportManager] Browser Action [NavigateToURL] successfully performed. With the following test data [https://duckduckgo.com]. @31-10-2021 01:57:06.0527 AM
[ReportManager] Browser Action [CloseCurrentWindow] successfully performed. @31-10-2021 01:57:06.0652 AM
[ReportManager] Successfully created attachment [Browser Action Test Data - CloseCurrentWindow - Actual Value] @31-10-2021 01:57:06.0653 A
[ReportManager] File Action [GetAbsolutePath] successfully performed. With the following test data [Relative Folder Path: "target/downloadedFiles/"]. @31-10-2021 01:57:06.0655 AM
[ReportManager] Attempting to run remotely on: [Linux-64], [GoogleChrome], [http://localhost:4444/wd/hub], Headless Execution. @31-10-2021 01:57:06.0655 AM
[ReportManager] Successfully Opened [GoogleChrome]. @31-10-2021 01:57:10.0175 AM
[ReportManager] Target URL: [https://duckduckgo.com] @31-10-2021 01:57:10.0175 AM
[ReportManager] Initial URL: [data:,] @31-10-2021 01:57:10.0258 AM
[ReportManager] Browser Action [NavigateToURL] successfully performed. With the following test data [https://duckduckgo.com]. @31-10-2021 01:57:10.0940 A

################################################################################################################################################
Starting Execution:	[54 out of 143] test cases in the current suite
Test Method:		[unitTests.tests_browserActions.getWindowPosition]
################################################################################################################################################
[ReportManager] Browser Action [GetWindowPosition] successfully performed. With the following test data [(0, 0)]. @31-10-2021 01:57:11.0002 A
[ReportManager] Target URL: [https://duckduckgo.com] @31-10-2021 01:57:11.0004 AM
[ReportManager] Initial URL: [https://duckduckgo.com] @31-10-2021 01:57:11.0087 AM
[ReportManager] Browser Action [NavigateToURL] successfully performed. With the following test data [https://duckduckgo.com]. @31-10-2021 01:57:11.0522 AM
[ReportManager] Browser Action [CloseCurrentWindow] successfully performed. @31-10-2021 01:57:11.0746 AM
[ReportManager] Successfully created attachment [Browser Action Test Data - CloseCurrentWindow - Actual Value] @31-10-2021 01:57:11.0746 A
[ReportManager] File Action [GetAbsolutePath] successfully performed. With the following test data [Relative Folder Path: "target/downloadedFiles/"]. @31-10-2021 01:57:11.0748 AM
[ReportManager] Attempting to run remotely on: [Linux-64], [GoogleChrome], [http://localhost:4444/wd/hub], Headless Execution. @31-10-2021 01:57:11.0749 AM
[ReportManager] Successfully Opened [GoogleChrome]. @31-10-2021 01:57:15.0184 AM
[ReportManager] Target URL: [https://duckduckgo.com] @31-10-2021 01:57:15.0184 AM
[ReportManager] Initial URL: [data:,] @31-10-2021 01:57:15.0246 AM
[ReportManager] Browser Action [NavigateToURL] successfully performed. With the following test data [https://duckduckgo.com]. @31-10-2021 01:57:15.0981 A

################################################################################################################################################
Starting Execution:	[55 out of 143] test cases in the current suite
Test Method:		[unitTests.tests_browserActions.getWindowSize]
################################################################################################################################################
[ReportManager] Browser Action [GetWindowSize] successfully performed. With the following test data [(1920, 1080)]. @31-10-2021 01:57:16.0052 A
[ReportManager] Target URL: [https://duckduckgo.com] @31-10-2021 01:57:16.0054 AM
[ReportManager] Initial URL: [https://duckduckgo.com] @31-10-2021 01:57:16.0108 AM
[ReportManager] Browser Action [NavigateToURL] successfully performed. With the following test data [https://duckduckgo.com]. @31-10-2021 01:57:16.0519 AM
[ReportManager] Browser Action [CloseCurrentWindow] successfully performed. @31-10-2021 01:57:16.0679 AM
[ReportManager] Successfully created attachment [Browser Action Test Data - CloseCurrentWindow - Actual Value] @31-10-2021 01:57:16.0680 A
[ReportManager] File Action [GetAbsolutePath] successfully performed. With the following test data [Relative Folder Path: "target/downloadedFiles/"]. @31-10-2021 01:57:16.0682 AM
[ReportManager] Attempting to run remotely on: [Linux-64], [GoogleChrome], [http://localhost:4444/wd/hub], Headless Execution. @31-10-2021 01:57:16.0683 AM
[ReportManager] Successfully Opened [GoogleChrome]. @31-10-2021 01:57:20.0202 AM
[ReportManager] Target URL: [https://duckduckgo.com] @31-10-2021 01:57:20.0202 AM
[ReportManager] Initial URL: [data:,] @31-10-2021 01:57:20.0264 AM
[ReportManager] Browser Action [NavigateToURL] successfully performed. With the following test data [https://duckduckgo.com]. @31-10-2021 01:57:20.0986 A

################################################################################################################################################
Starting Execution:	[56 out of 143] test cases in the current suite
Test Method:		[unitTests.tests_browserActions.maximizeWindow]
################################################################################################################################################
[ReportManager] Initial window size: (1920, 1080) @31-10-2021 01:57:21.0000 AM
[ReportManager] Window size after Toolkit: (1920, 1080) @31-10-2021 01:57:21.0238 AM
[ReportManager] Browser Action [MaximizeWindow] successfully performed. With the following test data [New screen size is now: (1920, 1080)]. @31-10-2021 01:57:21.0242 A
[ReportManager] Target URL: [https://duckduckgo.com] @31-10-2021 01:57:21.0244 AM
[ReportManager] Initial URL: [https://duckduckgo.com] @31-10-2021 01:57:21.0317 AM
[ReportManager] Browser Action [NavigateToURL] successfully performed. With the following test data [https://duckduckgo.com]. @31-10-2021 01:57:21.0681 AM
[ReportManager] Browser Action [CloseCurrentWindow] successfully performed. @31-10-2021 01:57:21.0808 AM
[ReportManager] Successfully created attachment [Browser Action Test Data - CloseCurrentWindow - Actual Value] @31-10-2021 01:57:21.0809 A
[ReportManager] File Action [GetAbsolutePath] successfully performed. With the following test data [Relative Folder Path: "target/downloadedFiles/"]. @31-10-2021 01:57:21.0811 AM
[ReportManager] Attempting to run remotely on: [Linux-64], [GoogleChrome], [http://localhost:4444/wd/hub], Headless Execution. @31-10-2021 01:57:21.0811 AM
[ReportManager] Successfully Opened [GoogleChrome]. @31-10-2021 01:57:25.0203 AM
[ReportManager] Target URL: [https://duckduckgo.com] @31-10-2021 01:57:25.0203 AM
[ReportManager] Initial URL: [data:,] @31-10-2021 01:57:25.0273 AM
[ReportManager] Browser Action [NavigateToURL] successfully performed. With the following test data [https://duckduckgo.com]. @31-10-2021 01:57:25.0980 A

################################################################################################################################################
Starting Execution:	[57 out of 143] test cases in the current suite
Test Method:		[unitTests.tests_browserActions.navigateBack]
################################################################################################################################################
[ReportManager] Target URL: [https://www.google.com/ncr], and after redirection: [https://www.google.com] @31-10-2021 01:57:25.0993 AM
[ReportManager] Initial URL: [https://duckduckgo.com] @31-10-2021 01:57:26.0071 AM
[ReportManager] Browser Action [NavigateToURL] successfully performed. With the following test data [https://www.google.com/ncr]. @31-10-2021 01:57:26.0953 AM
[ReportManager] Browser Action [NavigateBack] successfully performed. With the following test data [https://duckduckgo.com/]. @31-10-2021 01:57:27.0413 AM
[ReportManager] Browser Action [GetCurrentURL] successfully performed. With the following test data [https://duckduckgo.com/]. @31-10-2021 01:57:27.0489 AM
[ReportManager] Assertion Passed: Confirming that navigating back was successful @31-10-2021 01:57:27.0907 AM
[ReportManager] Successfully created attachment [Screenshot - 1635645447700_navigateBack_ValidateBrowserAttribute_passed] @31-10-2021 01:57:27.0910 AM
[ReportManager] Assertion [ValidateBrowserAttribute] PASSED. Expected [Value Should be 'https://duckduckgo.com' for the 'CurrentUrl' attribute] and Actual [https://duckduckgo.com/]. Comparison Type [CONTAINS]. Validation Type [POSITIVE]. @31-10-2021 01:57:27.0910 A
[ReportManager] Target URL: [https://duckduckgo.com] @31-10-2021 01:57:27.0917 AM
[ReportManager] Initial URL: [https://duckduckgo.com] @31-10-2021 01:57:27.0983 AM
[ReportManager] Browser Action [NavigateToURL] successfully performed. With the following test data [https://duckduckgo.com]. @31-10-2021 01:57:28.0374 AM
[ReportManager] Browser Action [CloseCurrentWindow] successfully performed. @31-10-2021 01:57:28.0497 AM
[ReportManager] Successfully created attachment [Browser Action Test Data - CloseCurrentWindow - Actual Value] @31-10-2021 01:57:28.0499 A
[ReportManager] File Action [GetAbsolutePath] successfully performed. With the following test data [Relative Folder Path: "target/downloadedFiles/"]. @31-10-2021 01:57:28.0501 AM
[ReportManager] Attempting to run remotely on: [Linux-64], [GoogleChrome], [http://localhost:4444/wd/hub], Headless Execution. @31-10-2021 01:57:28.0501 AM
[ReportManager] Successfully Opened [GoogleChrome]. @31-10-2021 01:57:30.0214 AM
[ReportManager] Target URL: [https://duckduckgo.com] @31-10-2021 01:57:30.0215 AM
[ReportManager] Initial URL: [data:,] @31-10-2021 01:57:30.0275 AM
[ReportManager] Browser Action [NavigateToURL] successfully performed. With the following test data [https://duckduckgo.com]. @31-10-2021 01:57:30.0923 A

################################################################################################################################################
Starting Execution:	[58 out of 143] test cases in the current suite
Test Method:		[unitTests.tests_browserActions.navigateForward]
################################################################################################################################################
[ReportManager] Target URL: [https://www.google.com/ncr], and after redirection: [https://www.google.com] @31-10-2021 01:57:30.0931 AM
[ReportManager] Initial URL: [https://duckduckgo.com] @31-10-2021 01:57:30.0992 AM
[ReportManager] Browser Action [NavigateToURL] successfully performed. With the following test data [https://www.google.com/ncr]. @31-10-2021 01:57:31.0758 AM
[ReportManager] Browser Action [NavigateBack] successfully performed. With the following test data [https://duckduckgo.com/]. @31-10-2021 01:57:32.0235 AM
[ReportManager] Browser Action [NavigateForward] successfully performed. With the following test data [https://www.google.com/]. @31-10-2021 01:57:32.0713 A
[ReportManager] Target URL: [https://duckduckgo.com] @31-10-2021 01:57:32.0715 AM
[ReportManager] Initial URL: [https://www.google.com] @31-10-2021 01:57:32.0785 AM
[ReportManager] Browser Action [NavigateToURL] successfully performed. With the following test data [https://duckduckgo.com]. @31-10-2021 01:57:33.0340 AM
[ReportManager] Browser Action [CloseCurrentWindow] successfully performed. @31-10-2021 01:57:33.0486 AM
[ReportManager] Successfully created attachment [Browser Action Test Data - CloseCurrentWindow - Actual Value] @31-10-2021 01:57:33.0487 A
[ReportManager] File Action [GetAbsolutePath] successfully performed. With the following test data [Relative Folder Path: "target/downloadedFiles/"]. @31-10-2021 01:57:33.0489 AM
[ReportManager] Attempting to run remotely on: [Linux-64], [GoogleChrome], [http://localhost:4444/wd/hub], Headless Execution. @31-10-2021 01:57:33.0489 AM
[ReportManager] Successfully Opened [GoogleChrome]. @31-10-2021 01:57:35.0156 AM
[ReportManager] Target URL: [https://duckduckgo.com] @31-10-2021 01:57:35.0156 AM
[ReportManager] Initial URL: [data:,] @31-10-2021 01:57:35.0215 AM
[ReportManager] Browser Action [NavigateToURL] successfully performed. With the following test data [https://duckduckgo.com]. @31-10-2021 01:57:35.0936 A

################################################################################################################################################
Starting Execution:	[59 out of 143] test cases in the current suite
Test Method:		[unitTests.tests_browserActions.navigateToURL]
################################################################################################################################################
[ReportManager] Target URL: [https://duckduckgo.com] @31-10-2021 01:57:35.0941 AM
[ReportManager] Initial URL: [https://duckduckgo.com] @31-10-2021 01:57:36.0000 AM
[ReportManager] Browser Action [NavigateToURL] successfully performed. With the following test data [https://duckduckgo.com]. @31-10-2021 01:57:36.0354 A
[ReportManager] Target URL: [https://duckduckgo.com] @31-10-2021 01:57:36.0357 AM
[ReportManager] Initial URL: [https://duckduckgo.com] @31-10-2021 01:57:36.0488 AM
[ReportManager] Browser Action [NavigateToURL] successfully performed. With the following test data [https://duckduckgo.com]. @31-10-2021 01:57:36.0821 AM
[ReportManager] Browser Action [CloseCurrentWindow] successfully performed. @31-10-2021 01:57:36.0933 AM
[ReportManager] Successfully created attachment [Browser Action Test Data - CloseCurrentWindow - Actual Value] @31-10-2021 01:57:36.0934 A
[ReportManager] File Action [GetAbsolutePath] successfully performed. With the following test data [Relative Folder Path: "target/downloadedFiles/"]. @31-10-2021 01:57:36.0936 AM
[ReportManager] Attempting to run remotely on: [Linux-64], [GoogleChrome], [http://localhost:4444/wd/hub], Headless Execution. @31-10-2021 01:57:36.0936 AM
[ReportManager] Successfully Opened [GoogleChrome]. @31-10-2021 01:57:40.0164 AM
[ReportManager] Target URL: [https://duckduckgo.com] @31-10-2021 01:57:40.0164 AM
[ReportManager] Initial URL: [data:,] @31-10-2021 01:57:40.0216 AM
[ReportManager] Browser Action [NavigateToURL] successfully performed. With the following test data [https://duckduckgo.com]. @31-10-2021 01:57:40.0916 A

################################################################################################################################################
Starting Execution:	[60 out of 143] test cases in the current suite
Test Method:		[unitTests.tests_browserActions.navigateToURLWithRedirection]
################################################################################################################################################
[ReportManager] Target URL: [https://www.google.com/ncr], and after redirection: [https://www.google.com] @31-10-2021 01:57:40.0919 AM
[ReportManager] Initial URL: [https://duckduckgo.com] @31-10-2021 01:57:40.0984 AM
[ReportManager] Browser Action [NavigateToURL] successfully performed. With the following test data [https://www.google.com/ncr]. @31-10-2021 01:57:41.0750 A
[ReportManager] Target URL: [https://duckduckgo.com] @31-10-2021 01:57:41.0754 AM
[ReportManager] Initial URL: [https://www.google.com] @31-10-2021 01:57:41.0870 AM
[ReportManager] Browser Action [NavigateToURL] successfully performed. With the following test data [https://duckduckgo.com]. @31-10-2021 01:57:42.0413 AM
[ReportManager] Browser Action [CloseCurrentWindow] successfully performed. @31-10-2021 01:57:42.0540 AM
[ReportManager] Successfully created attachment [Browser Action Test Data - CloseCurrentWindow - Actual Value] @31-10-2021 01:57:42.0540 A
[ReportManager] File Action [GetAbsolutePath] successfully performed. With the following test data [Relative Folder Path: "target/downloadedFiles/"]. @31-10-2021 01:57:42.0545 AM
[ReportManager] Attempting to run remotely on: [Linux-64], [GoogleChrome], [http://localhost:4444/wd/hub], Headless Execution. @31-10-2021 01:57:42.0545 AM
[ReportManager] Successfully Opened [GoogleChrome]. @31-10-2021 01:57:45.0160 AM
[ReportManager] Target URL: [https://duckduckgo.com] @31-10-2021 01:57:45.0160 AM
[ReportManager] Initial URL: [data:,] @31-10-2021 01:57:45.0233 AM
[ReportManager] Browser Action [NavigateToURL] successfully performed. With the following test data [https://duckduckgo.com]. @31-10-2021 01:57:45.0866 A

################################################################################################################################################
Starting Execution:	[61 out of 143] test cases in the current suite
Test Method:		[unitTests.tests_browserActions.refreshCurrentPage]
################################################################################################################################################
[ReportManager] Browser Action [RefreshCurrentPage] successfully performed. @31-10-2021 01:57:46.0105 AM
[ReportManager] Successfully created attachment [Browser Action Test Data - RefreshCurrentPage - Actual Value] @31-10-2021 01:57:46.0105 A
[ReportManager] Target URL: [https://duckduckgo.com] @31-10-2021 01:57:46.0112 AM
[ReportManager] Initial URL: [https://duckduckgo.com] @31-10-2021 01:57:46.0190 AM
[ReportManager] Browser Action [NavigateToURL] successfully performed. With the following test data [https://duckduckgo.com]. @31-10-2021 01:57:46.0497 AM
[ReportManager] Browser Action [CloseCurrentWindow] successfully performed. @31-10-2021 01:57:46.0643 AM
[ReportManager] Successfully created attachment [Browser Action Test Data - CloseCurrentWindow - Actual Value] @31-10-2021 01:57:46.0644 A
[ReportManager] File Action [GetAbsolutePath] successfully performed. With the following test data [Relative Folder Path: "target/downloadedFiles/"]. @31-10-2021 01:57:46.0646 AM
[ReportManager] Attempting to run remotely on: [Linux-64], [GoogleChrome], [http://localhost:4444/wd/hub], Headless Execution. @31-10-2021 01:57:46.0647 AM
[ReportManager] Successfully Opened [GoogleChrome]. @31-10-2021 01:57:50.0163 AM
[ReportManager] Target URL: [https://duckduckgo.com] @31-10-2021 01:57:50.0163 AM
[ReportManager] Initial URL: [data:,] @31-10-2021 01:57:50.0217 AM
[ReportManager] Browser Action [NavigateToURL] successfully performed. With the following test data [https://duckduckgo.com]. @31-10-2021 01:57:50.0870 A

################################################################################################################################################
Starting Execution:	[62 out of 143] test cases in the current suite
Test Method:		[unitTests.tests_browserActions.setWindowSize]
################################################################################################################################################
[ReportManager] Initial window size: (1920, 1080) @31-10-2021 01:57:50.0888 AM
[ReportManager] Window size after SWD: (1280, 720) @31-10-2021 01:57:51.0115 AM
[ReportManager] Browser Action [SetWindowSize] successfully performed. With the following test data [New screen size is now: (1280, 720)]. @31-10-2021 01:57:51.0116 A
[ReportManager] Target URL: [https://duckduckgo.com] @31-10-2021 01:57:51.0129 AM
[ReportManager] Initial URL: [https://duckduckgo.com] @31-10-2021 01:57:51.0215 AM
[ReportManager] Browser Action [NavigateToURL] successfully performed. With the following test data [https://duckduckgo.com]. @31-10-2021 01:57:51.0543 AM
[ReportManager] Browser Action [CloseCurrentWindow] successfully performed. @31-10-2021 01:57:51.0667 AM
[ReportManager] Successfully created attachment [Browser Action Test Data - CloseCurrentWindow - Actual Value] @31-10-2021 01:57:51.0668 A
[ReportManager] File Action [GetAbsolutePath] successfully performed. With the following test data [Relative Folder Path: "target/downloadedFiles/"]. @31-10-2021 01:57:51.0681 AM
[ReportManager] Attempting to run remotely on: [Linux-64], [GoogleChrome], [http://localhost:4444/wd/hub], Headless Execution. @31-10-2021 01:57:51.0681 AM
[ReportManager] Successfully Opened [GoogleChrome]. @31-10-2021 01:57:55.0182 A

################################################################################################################################################
Starting Execution:	[63 out of 143] test cases in the current suite
Test Method:		[unitTests.tests_element_elementActions.waitForElementToBePresent_false_expectedToFail]
################################################################################################################################################
[ReportManager] Target URL: [https://www.google.com/ncr], and after redirection: [www.google.com] @31-10-2021 01:57:55.0189 AM
[ReportManager] Initial URL: [data:,] @31-10-2021 01:57:55.0276 AM
[ReportManager] Browser Action [NavigateToURL] successfully performed. With the following test data [https://www.google.com/ncr]. @31-10-2021 01:57:56.0134 AM
[ReportManager] Waiting for element to be present; elementLocator [By.xpath: //*[@id='hplogo' or @alt='Google']], numberOfTries[1], stateOfPresence[false]... @31-10-2021 01:57:56.0138 AM
[ReportManager] Element Action [WaitForElementToBePresent] failed. With the following test data [waited for the element's state of presence to be (false). Element locator (By.xpath: //*[@id='hplogo' or @alt='Google'])]. @31-10-2021 01:57:56.0555 AM
[ReportManager] Successfully created attachment [Screenshot - 1635645476383_waitForElementToBePresent_false_expectedToFail_WaitForElementToBePresent_failed] @31-10-2021 01:57:56.0556 A
[ReportManager] Browser Action [CloseCurrentWindow] successfully performed. @31-10-2021 01:57:56.0683 AM
[ReportManager] Successfully created attachment [Browser Action Test Data - CloseCurrentWindow - Actual Value] @31-10-2021 01:57:56.0684 A
[ReportManager] File Action [GetAbsolutePath] successfully performed. With the following test data [Relative Folder Path: "target/downloadedFiles/"]. @31-10-2021 01:57:56.0689 AM
[ReportManager] Attempting to run remotely on: [Linux-64], [GoogleChrome], [http://localhost:4444/wd/hub], Headless Execution. @31-10-2021 01:57:56.0690 AM
[ReportManager] Successfully Opened [GoogleChrome]. @31-10-2021 01:58:00.0197 A

################################################################################################################################################
Starting Execution:	[64 out of 143] test cases in the current suite
Test Method:		[unitTests.tests_element_elementActions.waitForElementToBePresent_false_expectedToPass]
################################################################################################################################################
[ReportManager] Target URL: [https://www.google.com/ncr], and after redirection: [www.google.com] @31-10-2021 01:58:00.0199 AM
[ReportManager] Initial URL: [data:,] @31-10-2021 01:58:00.0290 AM
[ReportManager] Browser Action [NavigateToURL] successfully performed. With the following test data [https://www.google.com/ncr]. @31-10-2021 01:58:01.0122 AM
[ReportManager] Waiting for element to be present; elementLocator [By.id: bla], numberOfTries[1], stateOfPresence[false]... @31-10-2021 01:58:01.0123 AM
[ReportManager] Element Action [WaitForElementToBePresent] successfully performed. With the following test data [waited for the element's state of presence to be (false). Element locator (By.id: bla)]. @31-10-2021 01:58:06.0300 A
[ReportManager] Browser Action [CloseCurrentWindow] successfully performed. @31-10-2021 01:58:06.0424 AM
[ReportManager] Successfully created attachment [Browser Action Test Data - CloseCurrentWindow - Actual Value] @31-10-2021 01:58:06.0425 A
[ReportManager] File Action [GetAbsolutePath] successfully performed. With the following test data [Relative Folder Path: "target/downloadedFiles/"]. @31-10-2021 01:58:06.0427 AM
[ReportManager] Attempting to run remotely on: [Linux-64], [GoogleChrome], [http://localhost:4444/wd/hub], Headless Execution. @31-10-2021 01:58:06.0427 AM
[ReportManager] Successfully Opened [GoogleChrome]. @31-10-2021 01:58:10.0190 A

################################################################################################################################################
Starting Execution:	[65 out of 143] test cases in the current suite
Test Method:		[unitTests.tests_element_elementActions.waitForElementToBePresent_moreThanOneElement_expectedToFail]
################################################################################################################################################
[ReportManager] Target URL: [https://www.google.com/ncr], and after redirection: [www.google.com] @31-10-2021 01:58:10.0199 AM
[ReportManager] Initial URL: [data:,] @31-10-2021 01:58:10.0281 AM
[ReportManager] Browser Action [NavigateToURL] successfully performed. With the following test data [https://www.google.com/ncr]. @31-10-2021 01:58:11.0476 AM
[ReportManager] Waiting for element to be present; elementLocator [By.xpath: //*], numberOfTries[1], stateOfPresence[false]... @31-10-2021 01:58:11.0476 AM
[ReportManager] Element Action [WaitForElementToBePresent] failed. With the following test data [waited for the element's state of presence to be (false). Element locator (By.xpath: //*)]. @31-10-2021 01:58:11.0867 AM
[ReportManager] Successfully created attachment [Screenshot - 1635645491709_waitForElementToBePresent_moreThanOneElement_expectedToFail_WaitForElementToBePresent_failed] @31-10-2021 01:58:11.0868 A
[ReportManager] Browser Action [CloseCurrentWindow] successfully performed. @31-10-2021 01:58:11.0990 AM
[ReportManager] Successfully created attachment [Browser Action Test Data - CloseCurrentWindow - Actual Value] @31-10-2021 01:58:11.0991 A
[ReportManager] File Action [GetAbsolutePath] successfully performed. With the following test data [Relative Folder Path: "target/downloadedFiles/"]. @31-10-2021 01:58:11.0993 AM
[ReportManager] Attempting to run remotely on: [Linux-64], [GoogleChrome], [http://localhost:4444/wd/hub], Headless Execution. @31-10-2021 01:58:11.0993 AM
[ReportManager] Successfully Opened [GoogleChrome]. @31-10-2021 01:58:15.0205 A

################################################################################################################################################
Starting Execution:	[66 out of 143] test cases in the current suite
Test Method:		[unitTests.tests_element_elementActions.waitForElementToBePresent_true_expectedToFail]
################################################################################################################################################
[ReportManager] Target URL: [https://www.google.com/ncr], and after redirection: [www.google.com] @31-10-2021 01:58:15.0207 AM
[ReportManager] Initial URL: [data:,] @31-10-2021 01:58:15.0279 AM
[ReportManager] Browser Action [NavigateToURL] successfully performed. With the following test data [https://www.google.com/ncr]. @31-10-2021 01:58:16.0002 AM
[ReportManager] Waiting for element to be present; elementLocator [By.id: bla], numberOfTries[1], stateOfPresence[true]... @31-10-2021 01:58:16.0002 AM
[ReportManager] Element Action [WaitForElementToBePresent] failed. With the following test data [waited for the element's state of presence to be (true). Element locator (By.id: bla)]. @31-10-2021 01:58:21.0470 AM
[ReportManager] Successfully created attachment [Screenshot - 1635645501314_waitForElementToBePresent_true_expectedToFail_WaitForElementToBePresent_failed] @31-10-2021 01:58:21.0472 A
[ReportManager] Browser Action [CloseCurrentWindow] successfully performed. @31-10-2021 01:58:21.0598 AM
[ReportManager] Successfully created attachment [Browser Action Test Data - CloseCurrentWindow - Actual Value] @31-10-2021 01:58:21.0598 A
[ReportManager] File Action [GetAbsolutePath] successfully performed. With the following test data [Relative Folder Path: "target/downloadedFiles/"]. @31-10-2021 01:58:21.0601 AM
[ReportManager] Attempting to run remotely on: [Linux-64], [GoogleChrome], [http://localhost:4444/wd/hub], Headless Execution. @31-10-2021 01:58:21.0601 AM
[ReportManager] Successfully Opened [GoogleChrome]. @31-10-2021 01:58:25.0189 A

################################################################################################################################################
Starting Execution:	[67 out of 143] test cases in the current suite
Test Method:		[unitTests.tests_element_elementActions.waitForElementToBePresent_true_expectedToPass]
################################################################################################################################################
[ReportManager] Target URL: [https://www.google.com/ncr], and after redirection: [www.google.com] @31-10-2021 01:58:25.0197 AM
[ReportManager] Initial URL: [data:,] @31-10-2021 01:58:25.0254 AM
[ReportManager] Browser Action [NavigateToURL] successfully performed. With the following test data [https://www.google.com/ncr]. @31-10-2021 01:58:26.0014 AM
[ReportManager] Waiting for element to be present; elementLocator [By.xpath: //*[@id='hplogo' or @alt='Google']], numberOfTries[1], stateOfPresence[true]... @31-10-2021 01:58:26.0014 AM
[ReportManager] Element Action [WaitForElementToBePresent] successfully performed. With the following test data [waited for the element's state of presence to be (true). Element locator (By.xpath: //*[@id='hplogo' or @alt='Google'])]. @31-10-2021 01:58:26.0098 AM
[ReportManager] File Action [DoesFileExist] successfully performed. With the following test data [File Path: "src/test/resources/DynamicObjectRepository/unitTests_tests_element_elementActions_waitForElementToBePresent_true_expectedToPass_By_xpath_id_hplogo_or_alt_Google.png"]. @31-10-2021 01:58:26.0102 AM
[ReportManager] File Action [DoesFileExist] successfully performed. With the following test data [File Path: "src/test/resources/DynamicObjectRepository/unitTests_tests_element_elementActions_waitForElementToBePresent_true_expectedToPass_By_xpath_id_hplogo_or_alt_Google.png"]. @31-10-2021 01:58:26.0280 AM
[ReportManager] Passing the test and saving a reference image @31-10-2021 01:58:26.0281 AM
[ReportManager] File Action [GetAbsolutePath] successfully performed. With the following test data [Relative File Path: "src/test/resources/DynamicObjectRepository/unitTests_tests_element_elementActions_waitForElementToBePresent_true_expectedToPass_By_xpath_id_hplogo_or_alt_Google.png"]. @31-10-2021 01:58:26.0281 AM
[ReportManager] File Action [WriteToFile] successfully performed. With the following test data [Target File Path: "/home/runner/work/SHAFT_ENGINE/SHAFT_ENGINE/src/test/resources/DynamicObjectRepository/unitTests_tests_element_elementActions_waitForElementToBePresent_true_expectedToPass_By_xpath_id_hplogo_or_alt_Google.png"]. @31-10-2021 01:58:26.0282 AM
[ReportManager] Assertion Passed: Using Visual AI; OpenCV @31-10-2021 01:58:26.0282 AM
[ReportManager] Successfully created attachment [Validation Test Data - Actual Screenshot] @31-10-2021 01:58:26.0282 AM
[ReportManager] Assertion [ValidateElementMatches] PASSED. Expected [Element should match the reference screenshot] and Actual [TRUE]. Comparison Type [EXACT_OPENCV]. Validation Type [POSITIVE]. @31-10-2021 01:58:26.0282 A
[ReportManager] Browser Action [CloseCurrentWindow] successfully performed. @31-10-2021 01:58:26.0404 AM
[ReportManager] Successfully created attachment [Browser Action Test Data - CloseCurrentWindow - Actual Value] @31-10-2021 01:58:26.0405 A
[ReportManager] Successfully loaded the following test data file [src/test/resources/TestDataFiles/testSuite01/TestData.xlsx]. @31-10-2021 01:58:27.0458 AM
[ReportManager] Successfully created attachment [Test Data - Excel] @31-10-2021 01:58:27.0459 A

################################################################################################################################################
Starting Execution:	[68 out of 143] test cases in the current suite
Test Method:		[unitTests.tests_io_excelFileManager.getCellData_rowName_expectedToPass]
################################################################################################################################################
[ReportManager] testRowData. @31-10-2021 01:58:27.0470 A

################################################################################################################################################
Starting Execution:	[69 out of 143] test cases in the current suite
Test Method:		[testPackage01.Test_testData.f]
################################################################################################################################################
[ReportManager] Successfully loaded the following test data file [src/test/resources/TestDataFiles/testSuite01/TestData.xlsx]. @31-10-2021 01:58:27.0498 AM
[ReportManager] Successfully created attachment [Test Data - Excel] @31-10-2021 01:58:27.0499 AM
[ReportManager] Last Column Number is: [3]. Zero-based. @31-10-2021 01:58:27.0499 A

################################################################################################################################################
Starting Execution:	[70 out of 143] test cases in the current suite
Test Method:		[testPackage01.Test_SkipDueToIssue.doNotSkip]
################################################################################################################################################
[ReportManager] This should not be skipped. @31-10-2021 01:58:27.0503 A

################################################################################################################################################
Starting Execution:	[71 out of 143] test cases in the current suite
Test Method:		[testPackage01.Test_SkipDueToIssue.skip]
################################################################################################################################################
[ReportManager] This should be skipped. @31-10-2021 01:58:27.0510 A

################################################################################################################################################
Starting Execution:	[72 out of 143] test cases in the current suite
Test Method:		[testPackage01.Test_SkipDueToIssue.skip2]
################################################################################################################################################
[ReportManager] This should be skipped. @31-10-2021 01:58:27.0515 A

################################################################################################################################################
Starting Execution:	[73 out of 143] test cases in the current suite
Test Method:		[testPackage01.Test_chainableElementActions.chainElementActions]
################################################################################################################################################
[ReportManager] File Action [GetAbsolutePath] successfully performed. With the following test data [Relative Folder Path: "target/downloadedFiles/"]. @31-10-2021 01:58:27.0519 AM
[ReportManager] Attempting to run remotely on: [Linux-64], [GoogleChrome], [http://localhost:4444/wd/hub], Headless Execution. @31-10-2021 01:58:27.0519 AM
[ReportManager] Successfully Opened [GoogleChrome]. @31-10-2021 01:58:30.0177 AM
[ReportManager] Target URL: [https://www.google.com/ncr], and after redirection: [https://www.google.com] @31-10-2021 01:58:30.0177 AM
[ReportManager] Initial URL: [data:,] @31-10-2021 01:58:30.0269 AM
[ReportManager] Browser Action [NavigateToURL] successfully performed. With the following test data [https://www.google.com/ncr]. @31-10-2021 01:58:30.0996 AM
[ReportManager] Element Action [Type] successfully performed. With the following test data [chained type 1]. @31-10-2021 01:58:31.0415 AM
[ReportManager] Element Action [Type] successfully performed. With the following test data [chained type 2]. @31-10-2021 01:58:31.0815 AM
[ReportManager] Element Action [TypeAppend] successfully performed. With the following test data [345]. @31-10-2021 01:58:31.0941 AM
[ReportManager] Element Action [GetText] successfully performed. With the following test data [chained type 2345]. @31-10-2021 01:58:32.0117 AM
[ReportManager] Loaded Shared OpenCV @31-10-2021 01:58:32.0342 AM
[ReportManager] Assertion [ValidateElementAttribute] PASSED. Expected [Value Should be 'chained type 2345' for the 'text' attribute, element locator 'By.name: q'] and Actual [chained type 2345]. Comparison Type [EQUALS]. Validation Type [POSITIVE]. @31-10-2021 01:58:32.0547 AM
[ReportManager] Successfully created attachment [Screenshot - 1635645512342_chainElementActions_ValidateElementAttribute_passed] @31-10-2021 01:58:32.0548 AM
[ReportManager] Browser Action [CloseCurrentWindow] successfully performed. @31-10-2021 01:58:32.0674 AM
[ReportManager] Successfully created attachment [Browser Action Test Data - CloseCurrentWindow - Actual Value] @31-10-2021 01:58:32.0675 A

################################################################################################################################################
Starting Execution:	[74 out of 143] test cases in the current suite
Test Method:		[testPackage01.Test_NewValidationHelper.f1]
################################################################################################################################################
[ReportManager] Assertion Passed: Checking valid user data @31-10-2021 01:58:32.0685 AM
[ReportManager] Successfully created attachment [Validation Test Data - Expected Value] @31-10-2021 01:58:32.0685 AM
[ReportManager] Successfully created attachment [Validation Test Data - Actual Value] @31-10-2021 01:58:32.0686 AM
[ReportManager] Assertion [ValidateEquals] PASSED. Expected and Actual values are attached. Comparison Type [EQUALS]. Validation Type [POSITIVE]. @31-10-2021 01:58:32.0686 A
[ReportManager] File Action [GetAbsolutePath] successfully performed. With the following test data [Relative Folder Path: "target/downloadedFiles/"]. @31-10-2021 01:58:32.0690 AM
[ReportManager] Attempting to run remotely on: [Linux-64], [GoogleChrome], [http://localhost:4444/wd/hub], Headless Execution. @31-10-2021 01:58:32.0690 AM
[ReportManager] Successfully Opened [GoogleChrome]. @31-10-2021 01:58:35.0194 AM
[ReportManager] Target URL: [https://the-internet.herokuapp.com/] @31-10-2021 01:58:35.0194 AM
[ReportManager] Initial URL: [data:,] @31-10-2021 01:58:35.0257 AM
[ReportManager] Browser Action [NavigateToURL] successfully performed. With the following test data [https://the-internet.herokuapp.com/]. @31-10-2021 01:58:36.0039 A

################################################################################################################################################
Starting Execution:	[75 out of 143] test cases in the current suite
Test Method:		[testPackage01.Test_NewValidationHelper.f10]
################################################################################################################################################
[ReportManager] Assertion [ValidateElementExists] FAILED. Expected [Element Should Exist, locator 'By.tagName: div'] and Actual [Element Exists but is not unique]. Comparison Type [EQUALS]. Validation Type [POSITIVE]. @31-10-2021 01:58:36.0542 AM
[ReportManager] Successfully created attachment [Screenshot - 1635645516353_f10_ValidateElementExists_failed] @31-10-2021 01:58:36.0544 A
[ReportManager] Successfully Closed All Drivers. @31-10-2021 01:58:36.0638 A
[ReportManager] File Action [GetAbsolutePath] successfully performed. With the following test data [Relative Folder Path: "target/downloadedFiles/"]. @31-10-2021 01:58:36.0640 AM
[ReportManager] Attempting to run remotely on: [Linux-64], [GoogleChrome], [http://localhost:4444/wd/hub], Headless Execution. @31-10-2021 01:58:36.0640 AM
[ReportManager] Successfully Opened [GoogleChrome]. @31-10-2021 01:58:40.0176 AM
[ReportManager] Target URL: [https://the-internet.herokuapp.com/] @31-10-2021 01:58:40.0176 AM
[ReportManager] Initial URL: [data:,] @31-10-2021 01:58:40.0235 AM
[ReportManager] Browser Action [NavigateToURL] successfully performed. With the following test data [https://the-internet.herokuapp.com/]. @31-10-2021 01:58:40.0978 A

################################################################################################################################################
Starting Execution:	[76 out of 143] test cases in the current suite
Test Method:		[testPackage01.Test_NewValidationHelper.f11]
################################################################################################################################################
[ReportManager] Assertion Passed: Checking that false tag doesn't exist @31-10-2021 01:58:51.0656 AM
[ReportManager] Successfully created attachment [Screenshot - 1635645531427_f11_ValidateElementExists_passed] @31-10-2021 01:58:51.0657 AM
[ReportManager] Assertion [ValidateElementExists] PASSED. Expected [Element Should not Exist, locator 'By.tagName: h3'] and Actual [Element Doesn't Exists]. Comparison Type [EQUALS]. Validation Type [NEGATIVE]. @31-10-2021 01:58:51.0657 A
[ReportManager] Successfully Closed All Drivers. @31-10-2021 01:58:51.0745 A
[ReportManager] File Action [GetAbsolutePath] successfully performed. With the following test data [Relative Folder Path: "target/downloadedFiles/"]. @31-10-2021 01:58:51.0747 AM
[ReportManager] Attempting to run remotely on: [Linux-64], [GoogleChrome], [http://localhost:4444/wd/hub], Headless Execution. @31-10-2021 01:58:51.0747 AM
[ReportManager] Successfully Opened [GoogleChrome]. @31-10-2021 01:58:55.0174 AM
[ReportManager] Target URL: [https://the-internet.herokuapp.com/] @31-10-2021 01:58:55.0174 AM
[ReportManager] Initial URL: [data:,] @31-10-2021 01:58:55.0264 AM
[ReportManager] Browser Action [NavigateToURL] successfully performed. With the following test data [https://the-internet.herokuapp.com/]. @31-10-2021 01:58:56.0001 A

################################################################################################################################################
Starting Execution:	[77 out of 143] test cases in the current suite
Test Method:		[testPackage01.Test_NewValidationHelper.f12]
################################################################################################################################################
[ReportManager] Loaded Shared OpenCV @31-10-2021 01:58:56.0360 AM
[ReportManager] Assertion [ValidateElementExists] FAILED. Expected [Element Should not Exist, locator 'By.tagName: h1'] and Actual [Element Exists]. Comparison Type [EQUALS]. Validation Type [NEGATIVE]. @31-10-2021 01:58:56.0574 AM
[ReportManager] Successfully created attachment [Screenshot - 1635645536360_f12_ValidateElementExists_failed] @31-10-2021 01:58:56.0576 A
[ReportManager] Successfully Closed All Drivers. @31-10-2021 01:58:56.0665 A
[ReportManager] File Action [GetAbsolutePath] successfully performed. With the following test data [Relative Folder Path: "target/downloadedFiles/"]. @31-10-2021 01:58:56.0667 AM
[ReportManager] Attempting to run remotely on: [Linux-64], [GoogleChrome], [http://localhost:4444/wd/hub], Headless Execution. @31-10-2021 01:58:56.0667 AM
[ReportManager] Successfully Opened [GoogleChrome]. @31-10-2021 01:59:00.0182 AM
[ReportManager] Target URL: [https://the-internet.herokuapp.com/] @31-10-2021 01:59:00.0182 AM
[ReportManager] Initial URL: [data:,] @31-10-2021 01:59:00.0260 AM
[ReportManager] Browser Action [NavigateToURL] successfully performed. With the following test data [https://the-internet.herokuapp.com/]. @31-10-2021 01:59:01.0029 A

################################################################################################################################################
Starting Execution:	[78 out of 143] test cases in the current suite
Test Method:		[testPackage01.Test_NewValidationHelper.f13]
################################################################################################################################################
[ReportManager] Assertion [ValidateElementExists] FAILED. Expected [Element Should not Exist, locator 'By.tagName: div'] and Actual [Element Exists but is not unique]. Comparison Type [EQUALS]. Validation Type [NEGATIVE]. @31-10-2021 01:59:01.0556 AM
[ReportManager] Successfully created attachment [Screenshot - 1635645541361_f13_ValidateElementExists_failed] @31-10-2021 01:59:01.0557 A
[ReportManager] Successfully Closed All Drivers. @31-10-2021 01:59:01.0646 A
[ReportManager] File Action [GetAbsolutePath] successfully performed. With the following test data [Relative Folder Path: "target/downloadedFiles/"]. @31-10-2021 01:59:01.0649 AM
[ReportManager] Attempting to run remotely on: [Linux-64], [GoogleChrome], [http://localhost:4444/wd/hub], Headless Execution. @31-10-2021 01:59:01.0649 AM
[ReportManager] Successfully Opened [GoogleChrome]. @31-10-2021 01:59:05.0176 AM
[ReportManager] Target URL: [https://the-internet.herokuapp.com/] @31-10-2021 01:59:05.0176 AM
[ReportManager] Initial URL: [data:,] @31-10-2021 01:59:05.0234 AM
[ReportManager] Browser Action [NavigateToURL] successfully performed. With the following test data [https://the-internet.herokuapp.com/]. @31-10-2021 01:59:05.0979 A

################################################################################################################################################
Starting Execution:	[79 out of 143] test cases in the current suite
Test Method:		[testPackage01.Test_NewValidationHelper.f14]
################################################################################################################################################
[ReportManager] Element Action [GetText] successfully performed. With the following test data [Welcome to the-internet]. @31-10-2021 01:59:06.0082 AM
[ReportManager] Loaded Shared OpenCV @31-10-2021 01:59:06.0395 AM
[ReportManager] Assertion Passed: Asserting that the header text is correct @31-10-2021 01:59:06.0611 AM
[ReportManager] Successfully created attachment [Screenshot - 1635645546395_f14_ValidateElementAttribute_passed] @31-10-2021 01:59:06.0613 AM
[ReportManager] Assertion [ValidateElementAttribute] PASSED. Expected [Value Should be 'Welcome to the-internet' for the 'text' attribute, element locator 'By.tagName: h1'] and Actual [Welcome to the-internet]. Comparison Type [EQUALS]. Validation Type [POSITIVE]. @31-10-2021 01:59:06.0613 A
[ReportManager] Successfully Closed All Drivers. @31-10-2021 01:59:06.0700 A
[ReportManager] File Action [GetAbsolutePath] successfully performed. With the following test data [Relative Folder Path: "target/downloadedFiles/"]. @31-10-2021 01:59:06.0702 AM
[ReportManager] Attempting to run remotely on: [Linux-64], [GoogleChrome], [http://localhost:4444/wd/hub], Headless Execution. @31-10-2021 01:59:06.0702 AM
[ReportManager] Successfully Opened [GoogleChrome]. @31-10-2021 01:59:10.0195 AM
[ReportManager] Target URL: [https://the-internet.herokuapp.com/] @31-10-2021 01:59:10.0195 AM
[ReportManager] Initial URL: [data:,] @31-10-2021 01:59:10.0252 AM
[ReportManager] Browser Action [NavigateToURL] successfully performed. With the following test data [https://the-internet.herokuapp.com/]. @31-10-2021 01:59:11.0008 A

################################################################################################################################################
Starting Execution:	[80 out of 143] test cases in the current suite
Test Method:		[testPackage01.Test_NewValidationHelper.f15]
################################################################################################################################################
[ReportManager] Element Action [GetText] successfully performed. With the following test data [Welcome to the-internet]. @31-10-2021 01:59:11.0109 AM
[ReportManager] Loaded Shared OpenCV @31-10-2021 01:59:11.0378 AM
[ReportManager] Assertion [ValidateElementAttribute] FAILED. Expected [Value Should not be 'Welcome' for the 'text' attribute, element locator 'By.tagName: h1'] and Actual [Welcome to the-internet]. Comparison Type [CONTAINS]. Validation Type [NEGATIVE]. @31-10-2021 01:59:11.0618 AM
[ReportManager] Successfully created attachment [Screenshot - 1635645551377_f15_ValidateElementAttribute_failed] @31-10-2021 01:59:11.0620 A
[ReportManager] Successfully Closed All Drivers. @31-10-2021 01:59:11.0718 A
[ReportManager] File Action [GetAbsolutePath] successfully performed. With the following test data [Relative Folder Path: "target/downloadedFiles/"]. @31-10-2021 01:59:11.0720 AM
[ReportManager] Attempting to run remotely on: [Linux-64], [GoogleChrome], [http://localhost:4444/wd/hub], Headless Execution. @31-10-2021 01:59:11.0720 AM
[ReportManager] Successfully Opened [GoogleChrome]. @31-10-2021 01:59:15.0181 AM
[ReportManager] Target URL: [https://the-internet.herokuapp.com/] @31-10-2021 01:59:15.0182 AM
[ReportManager] Initial URL: [data:,] @31-10-2021 01:59:15.0248 AM
[ReportManager] Browser Action [NavigateToURL] successfully performed. With the following test data [https://the-internet.herokuapp.com/]. @31-10-2021 01:59:16.0079 A

################################################################################################################################################
Starting Execution:	[81 out of 143] test cases in the current suite
Test Method:		[testPackage01.Test_NewValidationHelper.f16]
################################################################################################################################################
[ReportManager] Element Action [IdentifyUniqueElement] failed. With the following test data [zero elements found matching this locator "By.tagName: h3".]. @31-10-2021 01:59:41.0849 AM
[ReportManager] Successfully created attachment [Screenshot - 1635645581681_f16_IdentifyUniqueElement_failed] @31-10-2021 01:59:41.0850 AM
[ReportManager] Assertion [ValidateElementAttribute] FAILED. Expected [Value Should not be 'Welcome' for the 'text' attribute, element locator 'By.tagName: h3'] and Actual [Failed to read the desired element attribute]. Comparison Type [CONTAINS]. Validation Type [NEGATIVE]. @31-10-2021 01:59:41.0851 A
[ReportManager] Successfully Closed All Drivers. @31-10-2021 01:59:41.0940 A
[ReportManager] File Action [GetAbsolutePath] successfully performed. With the following test data [Relative Folder Path: "target/downloadedFiles/"]. @31-10-2021 01:59:41.0943 AM
[ReportManager] Attempting to run remotely on: [Linux-64], [GoogleChrome], [http://localhost:4444/wd/hub], Headless Execution. @31-10-2021 01:59:41.0943 AM
[ReportManager] Successfully Opened [GoogleChrome]. @31-10-2021 01:59:45.0183 AM
[ReportManager] Target URL: [https://the-internet.herokuapp.com/] @31-10-2021 01:59:45.0183 AM
[ReportManager] Initial URL: [data:,] @31-10-2021 01:59:45.0224 AM
[ReportManager] Browser Action [NavigateToURL] successfully performed. With the following test data [https://the-internet.herokuapp.com/]. @31-10-2021 01:59:46.0000 A

################################################################################################################################################
Starting Execution:	[82 out of 143] test cases in the current suite
Test Method:		[testPackage01.Test_NewValidationHelper.f17]
################################################################################################################################################
[ReportManager] Attempting to getAttribute [text2] from elementLocator [By.tagName: h1]. @31-10-2021 01:59:46.0003 AM
[ReportManager] Element Action [GetAttribute] successfully performed. @31-10-2021 01:59:46.0111 AM
[ReportManager] Loaded Shared OpenCV @31-10-2021 01:59:46.0355 AM
[ReportManager] Assertion [ValidateElementAttribute] PASSED. Expected [Value Should not be 'Welcome' for the 'text2' attribute, element locator 'By.tagName: h1'] and Actual [null]. Comparison Type [CONTAINS]. Validation Type [NEGATIVE]. @31-10-2021 01:59:46.0574 AM
[ReportManager] Successfully created attachment [Screenshot - 1635645586355_f17_ValidateElementAttribute_passed] @31-10-2021 01:59:46.0578 A
[ReportManager] Successfully Closed All Drivers. @31-10-2021 01:59:46.0666 A
[ReportManager] File Action [GetAbsolutePath] successfully performed. With the following test data [Relative Folder Path: "target/downloadedFiles/"]. @31-10-2021 01:59:46.0668 AM
[ReportManager] Attempting to run remotely on: [Linux-64], [GoogleChrome], [http://localhost:4444/wd/hub], Headless Execution. @31-10-2021 01:59:46.0669 AM
[ReportManager] Successfully Opened [GoogleChrome]. @31-10-2021 01:59:50.0184 AM
[ReportManager] Target URL: [https://the-internet.herokuapp.com/] @31-10-2021 01:59:50.0184 AM
[ReportManager] Initial URL: [data:,] @31-10-2021 01:59:50.0244 AM
[ReportManager] Browser Action [NavigateToURL] successfully performed. With the following test data [https://the-internet.herokuapp.com/]. @31-10-2021 01:59:50.0980 A

################################################################################################################################################
Starting Execution:	[83 out of 143] test cases in the current suite
Test Method:		[testPackage01.Test_NewValidationHelper.f18]
################################################################################################################################################
[ReportManager] Element Action [GetText] successfully performed. With the following test data [Welcome to the-internet]. @31-10-2021 01:59:51.0089 AM
[ReportManager] Loaded Shared OpenCV @31-10-2021 01:59:51.0352 AM
[ReportManager] Assertion [ValidateElementAttribute] PASSED. Expected [Value Should not be 'no' for the 'text' attribute, element locator 'By.tagName: h1'] and Actual [Welcome to the-internet]. Comparison Type [CONTAINS]. Validation Type [NEGATIVE]. @31-10-2021 01:59:51.0567 AM
[ReportManager] Successfully created attachment [Screenshot - 1635645591352_f18_ValidateElementAttribute_passed] @31-10-2021 01:59:51.0569 A
[ReportManager] Successfully Closed All Drivers. @31-10-2021 01:59:51.0657 A

################################################################################################################################################
Starting Execution:	[84 out of 143] test cases in the current suite
Test Method:		[testPackage01.Test_NewValidationHelper.f2]
################################################################################################################################################
[ReportManager] Assertion Failed: Checking valid user data @31-10-2021 01:59:51.0662 AM
[ReportManager] Assertion [ValidateEquals] FAILED. Expected [1] and Actual [2]. Comparison Type [EQUALS]. Validation Type [POSITIVE]. @31-10-2021 01:59:51.0662 A
[ReportManager] File Action [GetAbsolutePath] successfully performed. With the following test data [Relative Folder Path: "target/downloadedFiles/"]. @31-10-2021 01:59:51.0666 AM
[ReportManager] Attempting to run remotely on: [Linux-64], [GoogleChrome], [http://localhost:4444/wd/hub], Headless Execution. @31-10-2021 01:59:51.0667 AM
[ReportManager] Successfully Opened [GoogleChrome]. @31-10-2021 01:59:55.0177 AM
[ReportManager] Target URL: [https://the-internet.herokuapp.com/] @31-10-2021 01:59:55.0178 AM
[ReportManager] Initial URL: [data:,] @31-10-2021 01:59:55.0252 AM
[ReportManager] Browser Action [NavigateToURL] successfully performed. With the following test data [https://the-internet.herokuapp.com/]. @31-10-2021 01:59:55.0955 A

################################################################################################################################################
Starting Execution:	[85 out of 143] test cases in the current suite
Test Method:		[testPackage01.Test_NewValidationHelper.f20]
################################################################################################################################################
[ReportManager] Element Action [GetSize] successfully performed. With the following test data [(970, 61)]. @31-10-2021 01:59:56.0045 AM
[ReportManager] Loaded Shared OpenCV @31-10-2021 01:59:56.0319 AM
[ReportManager] Assertion [ValidateElementAttribute] PASSED. Expected [Value Should not be 'a' for the 'size' attribute, element locator 'By.tagName: h1'] and Actual [(970, 61)]. Comparison Type [CONTAINS]. Validation Type [NEGATIVE]. @31-10-2021 01:59:56.0540 AM
[ReportManager] Successfully created attachment [Screenshot - 1635645596319_f20_ValidateElementAttribute_passed] @31-10-2021 01:59:56.0542 A
[ReportManager] Successfully Closed All Drivers. @31-10-2021 01:59:56.0634 A
[ReportManager] File Action [GetAbsolutePath] successfully performed. With the following test data [Relative Folder Path: "target/downloadedFiles/"]. @31-10-2021 01:59:56.0640 AM
[ReportManager] Attempting to run remotely on: [Linux-64], [GoogleChrome], [http://localhost:4444/wd/hub], Headless Execution. @31-10-2021 01:59:56.0640 AM
[ReportManager] Successfully Opened [GoogleChrome]. @31-10-2021 02:00:00.0174 AM
[ReportManager] Target URL: [https://the-internet.herokuapp.com/] @31-10-2021 02:00:00.0174 AM
[ReportManager] Initial URL: [data:,] @31-10-2021 02:00:00.0252 AM
[ReportManager] Browser Action [NavigateToURL] successfully performed. With the following test data [https://the-internet.herokuapp.com/]. @31-10-2021 02:00:00.0997 A

################################################################################################################################################
Starting Execution:	[86 out of 143] test cases in the current suite
Test Method:		[testPackage01.Test_NewValidationHelper.f21]
################################################################################################################################################
[ReportManager] Element Action [IdentifyUniqueElement] failed. With the following test data [zero elements found matching this locator "By.tagName: h3".]. @31-10-2021 02:00:26.0762 AM
[ReportManager] Successfully created attachment [Screenshot - 1635645626572_f21_IdentifyUniqueElement_failed] @31-10-2021 02:00:26.0763 AM
[ReportManager] Assertion [ValidateElementAttribute] FAILED. Expected [Value Should be 'Welcome' for the 'text' attribute, element locator 'By.tagName: h3'] and Actual [Failed to read the desired element attribute]. Comparison Type [CONTAINS]. Validation Type [POSITIVE]. @31-10-2021 02:00:26.0763 A
[ReportManager] Successfully Closed All Drivers. @31-10-2021 02:00:26.0851 A
[ReportManager] File Action [GetAbsolutePath] successfully performed. With the following test data [Relative Folder Path: "target/downloadedFiles/"]. @31-10-2021 02:00:26.0854 AM
[ReportManager] Attempting to run remotely on: [Linux-64], [GoogleChrome], [http://localhost:4444/wd/hub], Headless Execution. @31-10-2021 02:00:26.0854 AM
[ReportManager] Successfully Opened [GoogleChrome]. @31-10-2021 02:00:30.0205 AM
[ReportManager] Target URL: [https://the-internet.herokuapp.com/] @31-10-2021 02:00:30.0205 AM
[ReportManager] Initial URL: [data:,] @31-10-2021 02:00:30.0287 AM
[ReportManager] Browser Action [NavigateToURL] successfully performed. With the following test data [https://the-internet.herokuapp.com/]. @31-10-2021 02:00:31.0071 A

################################################################################################################################################
Starting Execution:	[87 out of 143] test cases in the current suite
Test Method:		[testPackage01.Test_NewValidationHelper.f22]
################################################################################################################################################
[ReportManager] Element Action [GetText] successfully performed. With the following test data [Welcome to the-internet]. @31-10-2021 02:00:31.0177 AM
[ReportManager] Loaded Shared OpenCV @31-10-2021 02:00:31.0466 AM
[ReportManager] Assertion [ValidateElementAttribute] FAILED. Expected [Value Should be 'yyy' for the 'text' attribute, element locator 'By.tagName: h1'] and Actual [Welcome to the-internet]. Comparison Type [CONTAINS]. Validation Type [POSITIVE]. @31-10-2021 02:00:31.0684 AM
[ReportManager] Successfully created attachment [Screenshot - 1635645631466_f22_ValidateElementAttribute_failed] @31-10-2021 02:00:31.0686 A
[ReportManager] Successfully Closed All Drivers. @31-10-2021 02:00:31.0782 A

################################################################################################################################################
Starting Execution:	[88 out of 143] test cases in the current suite
Test Method:		[testPackage01.Test_NewValidationHelper.f23]
################################################################################################################################################
[ReportManager] Assertion Passed: confirming that the actual is greater than or equal to the expected @31-10-2021 02:00:31.0785 AM
[ReportManager] Assertion [ValidateComparativeRelation] PASSED. Expected [1] and Actual [1]. Comparison Type [GREATER_THAN_OR_EQUALS]. Validation Type [POSITIVE]. @31-10-2021 02:00:31.0785 A

################################################################################################################################################
Starting Execution:	[89 out of 143] test cases in the current suite
Test Method:		[testPackage01.Test_NewValidationHelper.f24]
################################################################################################################################################
[ReportManager] Assertion [ValidateComparativeRelation] PASSED. Expected [1] and Actual [10]. Comparison Type [GREATER_THAN_OR_EQUALS]. Validation Type [POSITIVE]. @31-10-2021 02:00:31.0787 A

################################################################################################################################################
Starting Execution:	[90 out of 143] test cases in the current suite
Test Method:		[testPackage01.Test_NewValidationHelper.f25]
################################################################################################################################################
[ReportManager] Assertion [ValidateComparativeRelation] PASSED. Expected [1] and Actual [1]. Comparison Type [EQUALS]. Validation Type [POSITIVE]. @31-10-2021 02:00:31.0789 A

################################################################################################################################################
Starting Execution:	[91 out of 143] test cases in the current suite
Test Method:		[testPackage01.Test_NewValidationHelper.f26]
################################################################################################################################################
[ReportManager] Assertion [ValidateComparativeRelation] PASSED. Expected [1] and Actual [5]. Comparison Type [GREATER_THAN]. Validation Type [POSITIVE]. @31-10-2021 02:00:31.0792 A

################################################################################################################################################
Starting Execution:	[92 out of 143] test cases in the current suite
Test Method:		[testPackage01.Test_NewValidationHelper.f27]
################################################################################################################################################
[ReportManager] Assertion [ValidateComparativeRelation] PASSED. Expected [11] and Actual [5]. Comparison Type [LESS_THAN]. Validation Type [POSITIVE]. @31-10-2021 02:00:31.0794 A

################################################################################################################################################
Starting Execution:	[93 out of 143] test cases in the current suite
Test Method:		[testPackage01.Test_NewValidationHelper.f28]
################################################################################################################################################
[ReportManager] Assertion [ValidateComparativeRelation] PASSED. Expected [11] and Actual [5]. Comparison Type [LESS_THAN_OR_EQUALS]. Validation Type [POSITIVE]. @31-10-2021 02:00:31.0796 A

################################################################################################################################################
Starting Execution:	[94 out of 143] test cases in the current suite
Test Method:		[testPackage01.Test_NewValidationHelper.f29]
################################################################################################################################################
[ReportManager] Assertion [ValidateComparativeRelation] PASSED. Expected [11] and Actual [11]. Comparison Type [LESS_THAN_OR_EQUALS]. Validation Type [POSITIVE]. @31-10-2021 02:00:31.0798 A

################################################################################################################################################
Starting Execution:	[95 out of 143] test cases in the current suite
Test Method:		[testPackage01.Test_NewValidationHelper.f3]
################################################################################################################################################
[ReportManager] Assertion [ValidateEquals] PASSED. Expected [1] and Actual [2]. Comparison Type [EQUALS]. Validation Type [NEGATIVE]. @31-10-2021 02:00:31.0800 A

################################################################################################################################################
Starting Execution:	[96 out of 143] test cases in the current suite
Test Method:		[testPackage01.Test_NewValidationHelper.f30]
################################################################################################################################################
[ReportManager] Assertion [ValidateComparativeRelation] FAILED. Expected [-9] and Actual [11]. Comparison Type [LESS_THAN_OR_EQUALS]. Validation Type [POSITIVE]. @31-10-2021 02:00:31.0802 A

################################################################################################################################################
Starting Execution:	[97 out of 143] test cases in the current suite
Test Method:		[testPackage01.Test_NewValidationHelper.f31]
################################################################################################################################################
[ReportManager] Assertion [ValidateTrue] PASSED. Expected [TRUE] and Actual [TRUE]. Validation Type [POSITIVE]. @31-10-2021 02:00:31.0804 A

################################################################################################################################################
Starting Execution:	[98 out of 143] test cases in the current suite
Test Method:		[testPackage01.Test_NewValidationHelper.f32]
################################################################################################################################################
[ReportManager] Assertion [ValidateTrue] PASSED. Expected [FALSE] and Actual [FALSE]. Validation Type [NEGATIVE]. @31-10-2021 02:00:31.0806 A

################################################################################################################################################
Starting Execution:	[99 out of 143] test cases in the current suite
Test Method:		[testPackage01.Test_NewValidationHelper.f33]
################################################################################################################################################
[ReportManager] Assertion [ValidateTrue] FAILED. Expected [FALSE] and Actual [TRUE]. Validation Type [NEGATIVE]. @31-10-2021 02:00:31.0808 A

################################################################################################################################################
Starting Execution:	[100 out of 143] test cases in the current suite
Test Method:		[testPackage01.Test_NewValidationHelper.f34]
################################################################################################################################################
[ReportManager] Assertion [ValidateTrue] FAILED. Expected [TRUE] and Actual [FALSE]. Validation Type [POSITIVE]. @31-10-2021 02:00:31.0817 A

################################################################################################################################################
Starting Execution:	[101 out of 143] test cases in the current suite
Test Method:		[testPackage01.Test_NewValidationHelper.f35]
################################################################################################################################################
[ReportManager] File Action [DoesFileExist] successfully performed. With the following test data [File Path: "pom.xml"]. @31-10-2021 02:00:31.0828 AM
[ReportManager] Assertion [ValidateFileExists] PASSED. Expected [File 'pom.xml' should exist, after up to '1' retries] and Actual [File exists]. Validation Type [POSITIVE]. @31-10-2021 02:00:31.0828 A

################################################################################################################################################
Starting Execution:	[102 out of 143] test cases in the current suite
Test Method:		[testPackage01.Test_NewValidationHelper.f36]
################################################################################################################################################
[ReportManager] File Action [DoesFileExist] successfully performed. With the following test data [File Path: "src/test/java/testPackage01/Test_NewValidationHelper.java"]. @31-10-2021 02:00:31.0830 AM
[ReportManager] Assertion [ValidateFileExists] PASSED. Expected [File 'src/test/java/testPackage01/Test_NewValidationHelper.java' should exist, after up to '1' retries] and Actual [File exists]. Validation Type [POSITIVE]. @31-10-2021 02:00:31.0830 A

################################################################################################################################################
Starting Execution:	[103 out of 143] test cases in the current suite
Test Method:		[testPackage01.Test_NewValidationHelper.f37]
################################################################################################################################################
[ReportManager] File Action [DoesFileExist] successfully performed. With the following test data [File Path: "pom.xml"]. @31-10-2021 02:00:31.0840 AM
[ReportManager] Assertion Failed: confirming that the file does't exist after 5 retries @31-10-2021 02:00:31.0840 AM
[ReportManager] Assertion [ValidateFileExists] FAILED. Expected [File 'pom.xml' should not exist, after up to '5' retries] and Actual [File exists]. Validation Type [NEGATIVE]. @31-10-2021 02:00:31.0840 A

################################################################################################################################################
Starting Execution:	[104 out of 143] test cases in the current suite
Test Method:		[testPackage01.Test_NewValidationHelper.f3_1]
################################################################################################################################################
[ReportManager] Assertion Passed: Checking valid user data @31-10-2021 02:00:31.0843 AM
[ReportManager] Assertion [ValidateEquals] PASSED. Expected [null] and Actual [null]. Comparison Type [EQUALS]. Validation Type [POSITIVE]. @31-10-2021 02:00:31.0843 A

################################################################################################################################################
Starting Execution:	[105 out of 143] test cases in the current suite
Test Method:		[testPackage01.Test_NewValidationHelper.f4]
################################################################################################################################################
[ReportManager] Assertion [ValidateEquals] PASSED. Expected [1] and Actual [123]. Comparison Type [CONTAINS]. Validation Type [POSITIVE]. @31-10-2021 02:00:31.0845 A

################################################################################################################################################
Starting Execution:	[106 out of 143] test cases in the current suite
Test Method:		[testPackage01.Test_NewValidationHelper.f5]
################################################################################################################################################
[ReportManager] Assertion [ValidateNull] PASSED. Expected [NULL] and Actual [1]. Comparison Type [EQUALS]. Validation Type [NEGATIVE]. @31-10-2021 02:00:31.0847 A

################################################################################################################################################
Starting Execution:	[107 out of 143] test cases in the current suite
Test Method:		[testPackage01.Test_NewValidationHelper.f6]
################################################################################################################################################
[ReportManager] Assertion Failed: Making sure that null string is not equal to null object @31-10-2021 02:00:31.0854 AM
[ReportManager] Assertion [ValidateNull] FAILED. Expected [NULL] and Actual [NULL]. Comparison Type [EQUALS]. Validation Type [POSITIVE]. @31-10-2021 02:00:31.0854 A

################################################################################################################################################
Starting Execution:	[108 out of 143] test cases in the current suite
Test Method:		[testPackage01.Test_NewValidationHelper.f6_1]
################################################################################################################################################
[ReportManager] Assertion [ValidateNull] FAILED. Expected [NULL] and Actual [NULL]. Comparison Type [EQUALS]. Validation Type [NEGATIVE]. @31-10-2021 02:00:31.0859 A

################################################################################################################################################
Starting Execution:	[109 out of 143] test cases in the current suite
Test Method:		[testPackage01.Test_NewValidationHelper.f6_2]
################################################################################################################################################
[ReportManager] Assertion Failed: Making sure that null string is not equal to null object @31-10-2021 02:00:31.0862 AM
[ReportManager] Assertion [ValidateNull] FAILED. Expected [NULL] and Actual [not null]. Comparison Type [EQUALS]. Validation Type [POSITIVE]. @31-10-2021 02:00:31.0862 A

################################################################################################################################################
Starting Execution:	[110 out of 143] test cases in the current suite
Test Method:		[testPackage01.Test_NewValidationHelper.f7]
################################################################################################################################################
[ReportManager] Assertion [ValidateNull] PASSED. Expected [NULL] and Actual [NULL]. Comparison Type [EQUALS]. Validation Type [POSITIVE]. @31-10-2021 02:00:31.0865 A
[ReportManager] File Action [GetAbsolutePath] successfully performed. With the following test data [Relative Folder Path: "target/downloadedFiles/"]. @31-10-2021 02:00:31.0870 AM
[ReportManager] Attempting to run remotely on: [Linux-64], [GoogleChrome], [http://localhost:4444/wd/hub], Headless Execution. @31-10-2021 02:00:31.0870 AM
[ReportManager] Successfully Opened [GoogleChrome]. @31-10-2021 02:00:35.0197 AM
[ReportManager] Target URL: [https://the-internet.herokuapp.com/] @31-10-2021 02:00:35.0197 AM
[ReportManager] Initial URL: [data:,] @31-10-2021 02:00:35.0287 AM
[ReportManager] Browser Action [NavigateToURL] successfully performed. With the following test data [https://the-internet.herokuapp.com/]. @31-10-2021 02:00:36.0074 A

################################################################################################################################################
Starting Execution:	[111 out of 143] test cases in the current suite
Test Method:		[testPackage01.Test_NewValidationHelper.f8]
################################################################################################################################################
[ReportManager] Loaded Shared OpenCV @31-10-2021 02:00:36.0470 AM
[ReportManager] Assertion [ValidateElementExists] PASSED. Expected [Element Should Exist, locator 'By.tagName: h1'] and Actual [Element Exists]. Comparison Type [EQUALS]. Validation Type [POSITIVE]. @31-10-2021 02:00:36.0749 AM
[ReportManager] Successfully created attachment [Screenshot - 1635645636470_f8_ValidateElementExists_passed] @31-10-2021 02:00:36.0751 A
[ReportManager] Successfully Closed All Drivers. @31-10-2021 02:00:36.0876 A
[ReportManager] File Action [GetAbsolutePath] successfully performed. With the following test data [Relative Folder Path: "target/downloadedFiles/"]. @31-10-2021 02:00:36.0878 AM
[ReportManager] Attempting to run remotely on: [Linux-64], [GoogleChrome], [http://localhost:4444/wd/hub], Headless Execution. @31-10-2021 02:00:36.0879 AM
[ReportManager] Successfully Opened [GoogleChrome]. @31-10-2021 02:00:40.0198 AM
[ReportManager] Target URL: [https://the-internet.herokuapp.com/] @31-10-2021 02:00:40.0198 AM
[ReportManager] Initial URL: [data:,] @31-10-2021 02:00:40.0248 AM
[ReportManager] Browser Action [NavigateToURL] successfully performed. With the following test data [https://the-internet.herokuapp.com/]. @31-10-2021 02:00:41.0058 A

################################################################################################################################################
Starting Execution:	[112 out of 143] test cases in the current suite
Test Method:		[testPackage01.Test_NewValidationHelper.f9]
################################################################################################################################################
[ReportManager] Assertion [ValidateElementExists] FAILED. Expected [Element Should Exist, locator 'By.tagName: h3'] and Actual [Element Doesn't Exists]. Comparison Type [EQUALS]. Validation Type [POSITIVE]. @31-10-2021 02:01:11.0952 AM
[ReportManager] Successfully created attachment [Screenshot - 1635645671768_f9_ValidateElementExists_failed] @31-10-2021 02:01:11.0953 A
[ReportManager] Successfully Closed All Drivers. @31-10-2021 02:01:12.0050 A

################################################################################################################################################
Starting Execution:	[113 out of 143] test cases in the current suite
Test Method:		[testPackage01.Test_NewValidationHelper.forceFail]
################################################################################################################################################
[ReportManager] Assertion [ValidateFail] FAILED. Successfully force failed the test. @31-10-2021 02:01:12.0055 A

################################################################################################################################################
Starting Execution:	[114 out of 143] test cases in the current suite
Test Method:		[testPackage01.Test_NewValidationHelper.forceFail2]
################################################################################################################################################
[ReportManager] Assertion Failed: Custom Message @31-10-2021 02:01:12.0059 AM
[ReportManager] Assertion [ValidateFail] FAILED. Successfully force failed the test. @31-10-2021 02:01:12.0059 A

################################################################################################################################################
Starting Execution:	[115 out of 143] test cases in the current suite
Test Method:		[testPackage01.Test_sendGraphqlRequest.sendGraphqlRequestUsingMutationAndVariables]
################################################################################################################################################
[ReportManager] GraphQl Request is being Performed with the Following Parameters [Service URL: https://api.spacex.land/graphql | Request Body: {"variables":"{\"name\": \"sherlock holmes\",\"rocket\": \"221B Baker Street\"}","query":"mutation ($name: String, $rocket: String) {\n  insert_users(objects: {name: $name, rocket: $rocket}) {\n    returning {\n      name\n      rocket\n    }\n  }\n}"}] @31-10-2021 02:01:12.0071 AM
[ReportManager] Response status code: [200], status line: [HTTP/1.1 200 OK] @31-10-2021 02:01:12.0698 AM
[ReportManager] Assertion Passed: Evaluating the actual response status code against the expected one... @31-10-2021 02:01:12.0698 AM
[ReportManager] Assertion [ValidateEquals] PASSED. Expected [200] and Actual [200]. Comparison Type [EQUALS]. Validation Type [POSITIVE]. @31-10-2021 02:01:12.0698 AM
[ReportManager] API Action [PerformRequest] successfully performed. With the following test data [Request Type: "POST" | Target Status Code: "200" | Service URL: "https://api.spacex.land/graphql" | Content Type: "application/json" | Response Time: "517ms"]. @31-10-2021 02:01:12.0713 AM
[ReportManager] Successfully created attachment [API Request - Specifications] @31-10-2021 02:01:12.0713 AM
[ReportManager] Successfully created attachment [API Request - JSON Body] @31-10-2021 02:01:12.0714 AM
[ReportManager] Successfully created attachment [API Response - JSON Body] @31-10-2021 02:01:12.0714 AM
[ReportManager] API Action [GetResponseJSONValue] successfully performed. With the following test data [data.insert_users.returning[0].name]. @31-10-2021 02:01:12.0772 AM
[ReportManager] Assertion [ValidateEquals] PASSED. Expected [sherlock holmes] and Actual [sherlock holmes]. Comparison Type [EQUALS]. Validation Type [POSITIVE]. @31-10-2021 02:01:12.0772 A

################################################################################################################################################
Starting Execution:	[116 out of 143] test cases in the current suite
Test Method:		[testPackage01.Test_sendGraphqlRequest.sendGraphqlRequestUsingQuery]
################################################################################################################################################
[ReportManager] GraphQl Request is being Performed with the Following Parameters [Service URL: https://api.spacex.land/graphql | Request Body: {"query":"{company {ceo}}"}] @31-10-2021 02:01:12.0780 AM
[ReportManager] Response status code: [200], status line: [HTTP/1.1 200 OK] @31-10-2021 02:01:12.0968 AM
[ReportManager] Assertion Passed: Evaluating the actual response status code against the expected one... @31-10-2021 02:01:12.0968 AM
[ReportManager] Assertion [ValidateEquals] PASSED. Expected [200] and Actual [200]. Comparison Type [EQUALS]. Validation Type [POSITIVE]. @31-10-2021 02:01:12.0968 AM
[ReportManager] API Action [PerformRequest] successfully performed. With the following test data [Request Type: "POST" | Target Status Code: "200" | Service URL: "https://api.spacex.land/graphql" | Content Type: "application/json" | Response Time: "181ms"]. @31-10-2021 02:01:12.0988 AM
[ReportManager] Successfully created attachment [API Request - Specifications] @31-10-2021 02:01:12.0988 AM
[ReportManager] Successfully created attachment [API Request - JSON Body] @31-10-2021 02:01:12.0989 AM
[ReportManager] Successfully created attachment [API Response - JSON Body] @31-10-2021 02:01:12.0989 AM
[ReportManager] API Action [GetResponseJSONValue] successfully performed. With the following test data [data.company.ceo]. @31-10-2021 02:01:13.0006 AM
[ReportManager] Assertion [ValidateEquals] PASSED. Expected [Elon Musk] and Actual [Elon Musk]. Comparison Type [EQUALS]. Validation Type [POSITIVE]. @31-10-2021 02:01:13.0006 A
[ReportManager] Successfully loaded the following test data file [src/test/resources/TestDataFiles/testSuite01/TestData.xlsx]. @31-10-2021 02:01:13.0066 AM
[ReportManager] Successfully created attachment [Test Data - Excel] @31-10-2021 02:01:13.0066 AM
[ReportManager] File Action [GetAbsolutePath] successfully performed. With the following test data [Relative Folder Path: "target/downloadedFiles/"]. @31-10-2021 02:01:13.0066 AM
[ReportManager] Attempting to run remotely on: [Linux-64], [GoogleChrome], [http://localhost:4444/wd/hub], Headless Execution. @31-10-2021 02:01:13.0073 AM
[ReportManager] Successfully Opened [GoogleChrome]. @31-10-2021 02:01:15.0206 A

################################################################################################################################################
Starting Execution:	[117 out of 143] test cases in the current suite
Test Method:		[testPackage01.Test_google.navigateToURLandVerifyGoogleLogoIsDisplayed]
Test Description:	[TC001 - Navigate to URL and Verify Google Logo is Displayed]
################################################################################################################################################
[ReportManager] Target URL: [https://www.google.com/ncr], and after redirection: [https://www.google.com] @31-10-2021 02:01:15.0213 AM
[ReportManager] Initial URL: [data:,] @31-10-2021 02:01:15.0263 AM
[ReportManager] Browser Action [NavigateToURL] successfully performed. With the following test data [https://www.google.com/ncr]. @31-10-2021 02:01:16.0081 AM
[ReportManager] Loaded Shared OpenCV @31-10-2021 02:01:16.0431 AM
[ReportManager] Assertion [ValidateElementExists] PASSED. Expected [Element Should Exist, locator 'By.xpath: //*[@id='hplogo' or @alt='Google']'] and Actual [Element Exists]. Comparison Type [EQUALS]. Validation Type [POSITIVE]. @31-10-2021 02:01:16.0651 AM
[ReportManager] Successfully created attachment [Screenshot - 1635645676431_navigateToURLandVerifyGoogleLogoIsDisplayed_ValidateElementExists_passed] @31-10-2021 02:01:16.0652 A

################################################################################################################################################
Starting Execution:	[118 out of 143] test cases in the current suite
Test Method:		[testPackage01.Test_google.searchForQueryandAssertResultsNumDisplayed]
Test Description:	[TC002 - Search for Query and Assert that the number of results is displayed]
################################################################################################################################################
[ReportManager] Element Action [Type] successfully performed. With the following test data [SHAFT_Engine]. @31-10-2021 02:01:17.0095 AM
[ReportManager] Element Action [KeyPress] successfully performed. With the following test data [Enter]. @31-10-2021 02:01:18.0484 AM
[ReportManager] Element Action [GetText] successfully performed. With the following test data [About 1,030,000 results (0.54 seconds) ]. @31-10-2021 02:01:18.0580 AM
[ReportManager] Loaded Shared OpenCV @31-10-2021 02:01:18.0858 AM
[ReportManager] Assertion [ValidateElementAttribute] PASSED. Expected [Value Should not be '' for the 'Text' attribute, element locator 'By.id: appbar'] and Actual [About 1,030,000 results (0.54 seconds) ]. Comparison Type [EQUALS]. Validation Type [NEGATIVE]. @31-10-2021 02:01:19.0110 AM
[ReportManager] Successfully created attachment [Screenshot - 1635645678858_searchForQueryandAssertResultsNumDisplayed_ValidateElementAttribute_passed] @31-10-2021 02:01:19.0113 A

################################################################################################################################################
Starting Execution:	[119 out of 143] test cases in the current suite
Test Method:		[testPackage01.Test_google.clickNextThrice]
Test Description:	[TC003 - Clicks the next button to make sure that the framework can scroll element into view before clicking it]
################################################################################################################################################
[ReportManager] Element Action [Click] successfully performed. With the following test data [Next]. @31-10-2021 02:01:20.0733 A
[ReportManager] Browser Action [CloseCurrentWindow] successfully performed. @31-10-2021 02:01:20.0895 AM
[ReportManager] Successfully created attachment [Browser Action Test Data - CloseCurrentWindow - Actual Value] @31-10-2021 02:01:20.0898 A
[ReportManager] File Action [GetAbsolutePath] successfully performed. With the following test data [Relative Folder Path: "target/downloadedFiles/"]. @31-10-2021 02:01:20.0899 AM
[ReportManager] Attempting to run remotely on: [Linux-64], [GoogleChrome], [http://localhost:4444/wd/hub], Headless Execution. @31-10-2021 02:01:20.0900 AM
[ReportManager] Successfully Opened [GoogleChrome]. @31-10-2021 02:01:25.0193 A

################################################################################################################################################
Starting Execution:	[120 out of 143] test cases in the current suite
Test Method:		[testPackage01.Test_ShadowDOM.shadowdom]
################################################################################################################################################
[ReportManager] Target URL: [https://mdn.github.io/web-components-examples/popup-info-box-web-component/] @31-10-2021 02:01:25.0197 AM
[ReportManager] Initial URL: [data:,] @31-10-2021 02:01:25.0270 AM
[ReportManager] Browser Action [NavigateToURL] successfully performed. With the following test data [https://mdn.github.io/web-components-examples/popup-info-box-web-component/]. @31-10-2021 02:01:25.0643 AM
[ReportManager] Element Action [Type] successfully performed. With the following test data [Typing into SHADOW DOM...]. @31-10-2021 02:01:25.0994 AM
[ReportManager] Element Action [GetText] successfully performed. With the following test data [Typing into SHADOW DOM...]. @31-10-2021 02:01:26.0144 AM
[ReportManager] Loaded Shared OpenCV @31-10-2021 02:01:26.0385 AM
[ReportManager] Assertion [ValidateElementAttribute] PASSED. Expected [Value Should be 'Typing into SHADOW DOM...' for the 'Text' attribute, element locator 'By.id: cvc'] and Actual [Typing into SHADOW DOM...]. Comparison Type [EQUALS]. Validation Type [POSITIVE]. @31-10-2021 02:01:26.0585 AM
[ReportManager] Successfully created attachment [Screenshot - 1635645686385_shadowdom_ValidateElementAttribute_passed] @31-10-2021 02:01:26.0586 A
[ReportManager] Browser Action [CloseCurrentWindow] successfully performed. @31-10-2021 02:01:26.0702 AM
[ReportManager] Successfully created attachment [Browser Action Test Data - CloseCurrentWindow - Actual Value] @31-10-2021 02:01:26.0702 A

################################################################################################################################################
Starting Execution:	[121 out of 143] test cases in the current suite
Test Method:		[testPackage01.Test_AssertApiResponseEquals.assertApiResponseEquals_expectedToPass]
################################################################################################################################################
[ReportManager] Response status code: [200], status line: [HTTP/1.1 200 OK] @31-10-2021 02:01:26.0795 AM
[ReportManager] Assertion Passed: Evaluating the actual response status code against the expected one... @31-10-2021 02:01:26.0795 AM
[ReportManager] Assertion [ValidateEquals] PASSED. Expected [200] and Actual [200]. Comparison Type [EQUALS]. Validation Type [POSITIVE]. @31-10-2021 02:01:26.0795 AM
[ReportManager] API Action [PerformRequest] successfully performed. With the following test data [Request Type: "GET" | Target Status Code: "200" | Service URL: "https://jsonplaceholder.typicode.com/users" | Content Type: "*/*" | Response Time: "84ms"]. @31-10-2021 02:01:26.0822 AM
[ReportManager] Successfully created attachment [API Request - Specifications] @31-10-2021 02:01:26.0822 AM
[ReportManager] Successfully created attachment [API Response - JSON Body] @31-10-2021 02:01:26.0823 AM
[ReportManager] API Action [GetResponseJSONValueAsList] successfully performed. With the following test data [$]. @31-10-2021 02:01:26.0830 AM
[ReportManager] API Action [GetResponseJSONValue] successfully performed. With the following test data [name]. @31-10-2021 02:01:26.0847 AM
[ReportManager] API Action [GetResponseJSONValue] successfully performed. With the following test data [email]. @31-10-2021 02:01:26.0863 AM
[ReportManager] Verification [ValidateEquals] PASSED. Expected [Sincere@april.biz] and Actual [Sincere@april.biz]. Comparison Type [EQUALS]. Validation Type [POSITIVE]. @31-10-2021 02:01:26.0863 AM
[ReportManager] API Action [GetResponseJSONValue] successfully performed. With the following test data [username]. @31-10-2021 02:01:26.0875 AM
[ReportManager] Assertion [ValidateEquals] PASSED. Expected [Bret] and Actual [Bret]. Comparison Type [EQUALS]. Validation Type [POSITIVE]. @31-10-2021 02:01:26.0875 AM
[ReportManager] API Action [GetResponseJSONValue] successfully performed. With the following test data [name]. @31-10-2021 02:01:26.0890 AM
[ReportManager] API Action [GetResponseJSONValue] successfully performed. With the following test data [name]. @31-10-2021 02:01:26.0898 AM
[ReportManager] API Action [GetResponseJSONValue] successfully performed. With the following test data [name]. @31-10-2021 02:01:26.0908 AM
[ReportManager] API Action [GetResponseJSONValue] successfully performed. With the following test data [name]. @31-10-2021 02:01:26.0924 AM
[ReportManager] API Action [GetResponseJSONValue] successfully performed. With the following test data [name]. @31-10-2021 02:01:26.0937 AM
[ReportManager] API Action [GetResponseJSONValue] successfully performed. With the following test data [name]. @31-10-2021 02:01:26.0985 AM
[ReportManager] API Action [GetResponseJSONValue] successfully performed. With the following test data [name]. @31-10-2021 02:01:26.0996 AM
[ReportManager] API Action [GetResponseJSONValue] successfully performed. With the following test data [name]. @31-10-2021 02:01:27.0007 AM
[ReportManager] API Action [GetResponseJSONValue] successfully performed. With the following test data [name]. @31-10-2021 02:01:27.0016 A
[ReportManager] File Action [GetAbsolutePath] successfully performed. With the following test data [Relative Folder Path: "target/downloadedFiles/"]. @31-10-2021 02:01:27.0018 AM
[ReportManager] Attempting to run remotely on: [Linux-64], [GoogleChrome], [http://localhost:4444/wd/hub], Headless Execution. @31-10-2021 02:01:27.0018 AM
[ReportManager] Successfully Opened [GoogleChrome]. @31-10-2021 02:01:30.0201 A

################################################################################################################################################
Starting Execution:	[122 out of 143] test cases in the current suite
Test Method:		[testPackage01.Test_IsElementClickable.testIsElementClickable]
################################################################################################################################################
[ReportManager] Target URL: [https://the-internet.herokuapp.com/] @31-10-2021 02:01:30.0204 AM
[ReportManager] Initial URL: [data:,] @31-10-2021 02:01:30.0274 AM
[ReportManager] Browser Action [NavigateToURL] successfully performed. With the following test data [https://the-internet.herokuapp.com/]. @31-10-2021 02:01:31.0017 AM
[ReportManager] Element Action [IsElementClickable] successfully performed. @31-10-2021 02:01:31.0201 AM
[ReportManager] Assertion [ValidateTrue] PASSED. Expected [TRUE] and Actual [TRUE]. Validation Type [POSITIVE]. @31-10-2021 02:01:31.0201 A
[ReportManager] Browser Action [CloseCurrentWindow] successfully performed. @31-10-2021 02:01:31.0306 AM
[ReportManager] Successfully created attachment [Browser Action Test Data - CloseCurrentWindow - Actual Value] @31-10-2021 02:01:31.0307 A

################################################################################################################################################
Starting Execution:	[123 out of 143] test cases in the current suite
Test Method:		[testPackage01.Test_JsonCompareWithSpecialCharacters.specialCharacters]
################################################################################################################################################
[ReportManager] File Action [GetAbsolutePath] successfully performed. With the following test data [Relative Folder Path: "src/test/resources/TestJsonFiles/specialCharacters.json"]. @31-10-2021 02:01:31.0311 AM
[ReportManager] File Action [ReadFromFile] successfully performed. With the following test data [File Path: "/home/runner/work/SHAFT_ENGINE/SHAFT_ENGINE/src/test/resources/TestJsonFiles/specialCharacters.json"]. @31-10-2021 02:01:31.0317 AM
[ReportManager] Successfully created attachment [File Action Actual Result - Command Log] @31-10-2021 02:01:31.0318 AM
[ReportManager] Comparing the provided API response with the file at this path "src/test/resources/TestJsonFiles/specialCharacters.json", comparison type "EQUALS" @31-10-2021 02:01:31.0319 AM
[ReportManager] API Action [CompareJSON] successfully performed. With the following test data [src/test/resources/TestJsonFiles/specialCharacters.json]. @31-10-2021 02:01:31.0331 AM
[ReportManager] File Action [GetAbsolutePath] successfully performed. With the following test data [Relative Folder Path: "src/test/resources/TestJsonFiles/specialCharacters.json"]. @31-10-2021 02:01:31.0331 AM
[ReportManager] File Action [ReadFromFile] successfully performed. With the following test data [File Path: "/home/runner/work/SHAFT_ENGINE/SHAFT_ENGINE/src/test/resources/TestJsonFiles/specialCharacters.json"]. @31-10-2021 02:01:31.0331 AM
[ReportManager] Verification [ValidateJSONFileContent] PASSED. Expected [Response data should match the JSON File in this path 'src/test/resources/TestJsonFiles/specialCharacters.json'] and Actual [TRUE]. Comparison Type [EQUALS]. Validation Type [POSITIVE]. @31-10-2021 02:01:31.0339 AM
[ReportManager] Successfully created attachment [Validation Test Data - Expected JSON Value] @31-10-2021 02:01:31.0339 AM
[ReportManager] Successfully created attachment [Validation Test Data - Actual JSON Value] @31-10-2021 02:01:31.0340 A

################################################################################################################################################
Starting Execution:	[124 out of 143] test cases in the current suite
Test Method:		[testPackage01.Test_JsonCompareWithSpecialCharacters.specialCharacters_assertion]
################################################################################################################################################
[ReportManager] File Action [GetAbsolutePath] successfully performed. With the following test data [Relative Folder Path: "src/test/resources/TestJsonFiles/specialCharacters.json"]. @31-10-2021 02:01:31.0348 AM
[ReportManager] File Action [ReadFromFile] successfully performed. With the following test data [File Path: "/home/runner/work/SHAFT_ENGINE/SHAFT_ENGINE/src/test/resources/TestJsonFiles/specialCharacters.json"]. @31-10-2021 02:01:31.0349 AM
[ReportManager] Successfully created attachment [File Action Actual Result - Command Log] @31-10-2021 02:01:31.0349 AM
[ReportManager] Comparing the provided API response with the file at this path "src/test/resources/TestJsonFiles/specialCharacters.json", comparison type "CONTAINS" @31-10-2021 02:01:31.0349 AM
[ReportManager] API Action [CompareJSON] successfully performed. With the following test data [src/test/resources/TestJsonFiles/specialCharacters.json]. @31-10-2021 02:01:31.0376 AM
[ReportManager] File Action [GetAbsolutePath] successfully performed. With the following test data [Relative Folder Path: "src/test/resources/TestJsonFiles/specialCharacters.json"]. @31-10-2021 02:01:31.0376 AM
[ReportManager] File Action [ReadFromFile] successfully performed. With the following test data [File Path: "/home/runner/work/SHAFT_ENGINE/SHAFT_ENGINE/src/test/resources/TestJsonFiles/specialCharacters.json"]. @31-10-2021 02:01:31.0376 AM
[ReportManager] Assertion Passed: trying out the log message @31-10-2021 02:01:31.0381 AM
[ReportManager] Successfully created attachment [Validation Test Data - Expected JSON Value] @31-10-2021 02:01:31.0382 AM
[ReportManager] Successfully created attachment [Validation Test Data - Actual JSON Value] @31-10-2021 02:01:31.0382 AM
[ReportManager] Assertion [ValidateJSONFileContent] PASSED. Expected [Response data should match the JSON File in this path 'src/test/resources/TestJsonFiles/specialCharacters.json'] and Actual [TRUE]. Comparison Type [CONTAINS]. Validation Type [POSITIVE]. @31-10-2021 02:01:31.0382 A
[ReportManager] File Action [GetAbsolutePath] successfully performed. With the following test data [Relative Folder Path: "target/downloadedFiles/"]. @31-10-2021 02:01:31.0385 AM
[ReportManager] Attempting to run remotely on: [Linux-64], [GoogleChrome], [http://localhost:4444/wd/hub], Headless Execution. @31-10-2021 02:01:31.0385 AM
[ReportManager] Successfully Opened [GoogleChrome]. @31-10-2021 02:01:35.0198 A

################################################################################################################################################
Starting Execution:	[125 out of 143] test cases in the current suite
Test Method:		[testPackage01.Test_assertEquals.test_assertElementAttribute]
################################################################################################################################################
[ReportManager] Target URL: [https://www.google.com/ncr], and after redirection: [https://www.google.com] @31-10-2021 02:01:35.0205 AM
[ReportManager] Initial URL: [data:,] @31-10-2021 02:01:35.0289 AM
[ReportManager] Browser Action [NavigateToURL] successfully performed. With the following test data [https://www.google.com/ncr]. @31-10-2021 02:01:36.0046 AM
[ReportManager] Element Action [Type] successfully performed. With the following test data [INC_004010050:Another SCHEDULER with the same name [Duplicate Job Name] already exists.]. @31-10-2021 02:01:36.0934 AM
[ReportManager] Element Action [GetText] successfully performed. With the following test data [INC_004010050:Another SCHEDULER with the same name [Duplicate Job Name] already exists.]. @31-10-2021 02:01:37.0069 AM
[ReportManager] Loaded Shared OpenCV @31-10-2021 02:01:37.0350 AM
[ReportManager] Assertion [ValidateElementAttribute] PASSED. Expected [Value Should be 'INC_004010050:Another SCHEDULER with the same name \[Duplicate Job Name\] already exists.' for the 'text' attribute, element locator 'By.name: q'] and Actual [INC_004010050:Another SCHEDULER with the same name [Duplicate Job Name] already exists.]. Comparison Type [MATCHES]. Validation Type [POSITIVE]. @31-10-2021 02:01:37.0556 AM
[ReportManager] Successfully created attachment [Screenshot - 1635645697350_test_assertElementAttribute_ValidateElementAttribute_passed] @31-10-2021 02:01:37.0557 A
[ReportManager] Browser Action [CloseCurrentWindow] successfully performed. @31-10-2021 02:01:37.0703 AM
[ReportManager] Successfully created attachment [Browser Action Test Data - CloseCurrentWindow - Actual Value] @31-10-2021 02:01:37.0704 A
[ReportManager] File Action [GetAbsolutePath] successfully performed. With the following test data [Relative Folder Path: "target/downloadedFiles/"]. @31-10-2021 02:01:37.0716 AM
[ReportManager] Attempting to run remotely on: [Linux-64], [GoogleChrome], [http://localhost:4444/wd/hub], Headless Execution. @31-10-2021 02:01:37.0717 AM
[ReportManager] Successfully Opened [GoogleChrome]. @31-10-2021 02:01:40.0206 A

################################################################################################################################################
Starting Execution:	[126 out of 143] test cases in the current suite
Test Method:		[testPackage01.Test_verifyEquals.test_assertElementAttribute]
################################################################################################################################################
[ReportManager] Target URL: [https://www.google.com/ncr], and after redirection: [https://www.google.com] @31-10-2021 02:01:40.0208 AM
[ReportManager] Initial URL: [data:,] @31-10-2021 02:01:40.0262 AM
[ReportManager] Browser Action [NavigateToURL] successfully performed. With the following test data [https://www.google.com/ncr]. @31-10-2021 02:01:40.0998 AM
[ReportManager] Element Action [Type] successfully performed. With the following test data [INC_004010050:Another SCHEDULER with the same name [Duplicate Job Name] already exists.]. @31-10-2021 02:01:41.0788 AM
[ReportManager] Element Action [GetText] successfully performed. With the following test data [INC_004010050:Another SCHEDULER with the same name [Duplicate Job Name] already exists.]. @31-10-2021 02:01:41.0927 AM
[ReportManager] Loaded Shared OpenCV @31-10-2021 02:01:42.0153 AM
[ReportManager] Verification [ValidateElementAttribute] PASSED. Expected [Value Should be 'INC_004010050:Another SCHEDULER with the same name \[Duplicate Job Name\] already exists.' for the 'text' attribute, element locator 'By.name: q'] and Actual [INC_004010050:Another SCHEDULER with the same name [Duplicate Job Name] already exists.]. Comparison Type [MATCHES]. Validation Type [POSITIVE]. @31-10-2021 02:01:42.0379 AM
[ReportManager] Successfully created attachment [Screenshot - 1635645702153_test_assertElementAttribute_ValidateElementAttribute_passed] @31-10-2021 02:01:42.0380 A
[ReportManager] Browser Action [CloseCurrentWindow] successfully performed. @31-10-2021 02:01:42.0464 AM
[ReportManager] Successfully created attachment [Browser Action Test Data - CloseCurrentWindow - Actual Value] @31-10-2021 02:01:42.0465 A

################################################################################################################################################
Starting Execution:	[127 out of 143] test cases in the current suite
Test Method:		[testPackage01.Test_JsonActions.f]
###############################################################################################################################################

################################################################################################################################################
Starting Execution:	[128 out of 143] test cases in the current suite
Test Method:		[testPackage01.Test_JsonActions.f2]
###############################################################################################################################################

################################################################################################################################################
Starting Execution:	[129 out of 143] test cases in the current suite
Test Method:		[testPackage01.Test_PDF.testPDF_Downloaded]
################################################################################################################################################
[ReportManager] File Action [DoesFileExist] successfully performed. With the following test data [File Path: "src/test/resources/TestDataFiles/sample.pdf"]. @31-10-2021 02:01:42.0486 AM
[ReportManager] File Action [GetAbsolutePath] successfully performed. With the following test data [Relative File Path: "src/test/resources/TestDataFiles/sample.pdf"]. @31-10-2021 02:01:42.0486 AM
[ReportManager] Assertion [ValidateTrue] PASSED. Expected [TRUE] and Actual [TRUE]. Validation Type [POSITIVE]. @31-10-2021 02:01:43.0078 A
[ReportManager] File Action [GetAbsolutePath] successfully performed. With the following test data [Relative Folder Path: "target/downloadedFiles/"]. @31-10-2021 02:01:43.0086 AM
[ReportManager] Attempting to run remotely on: [Linux-64], [GoogleChrome], [http://localhost:4444/wd/hub], Headless Execution. @31-10-2021 02:01:43.0086 AM
[ReportManager] Successfully Opened [GoogleChrome]. @31-10-2021 02:01:45.0203 A

################################################################################################################################################
Starting Execution:	[130 out of 143] test cases in the current suite
Test Method:		[testPackage01.Test_dragAndDrop.dragAndDropJquery]
################################################################################################################################################
[ReportManager] Target URL: [https://jqueryui.com/resources/demos/droppable/default.html] @31-10-2021 02:01:45.0208 AM
[ReportManager] Initial URL: [data:,] @31-10-2021 02:01:45.0256 AM
[ReportManager] Browser Action [NavigateToURL] successfully performed. With the following test data [https://jqueryui.com/resources/demos/droppable/default.html]. @31-10-2021 02:01:45.0738 AM
[ReportManager] Element Action [GetText] successfully performed. With the following test data [Drop here]. @31-10-2021 02:01:45.0822 AM
[ReportManager] Element Action [DragAndDrop] successfully performed. With the following test data [Start point: (8, 18), End point: (8, 18)]. @31-10-2021 02:01:47.0303 AM
[ReportManager] Element Action [GetText] successfully performed. With the following test data [Dropped!]. @31-10-2021 02:01:47.0391 AM
[ReportManager] Assertion Passed: Checking to see if the text has changed after performing drag and drop @31-10-2021 02:01:47.0392 AM
[ReportManager] Assertion [ValidateEquals] PASSED. Expected [Drop here] and Actual [Dropped!]. Comparison Type [EQUALS]. Validation Type [NEGATIVE]. @31-10-2021 02:01:47.0392 A
[ReportManager] Browser Action [CloseCurrentWindow] successfully performed. @31-10-2021 02:01:47.0512 AM
[ReportManager] Successfully created attachment [Browser Action Test Data - CloseCurrentWindow - Actual Value] @31-10-2021 02:01:47.0512 A
[ReportManager] File Action [GetAbsolutePath] successfully performed. With the following test data [Relative Folder Path: "target/downloadedFiles/"]. @31-10-2021 02:01:47.0514 AM
[ReportManager] Attempting to run remotely on: [Linux-64], [GoogleChrome], [http://localhost:4444/wd/hub], Headless Execution. @31-10-2021 02:01:47.0515 AM
[ReportManager] Successfully Opened [GoogleChrome]. @31-10-2021 02:01:50.0195 A

################################################################################################################################################
Starting Execution:	[131 out of 143] test cases in the current suite
Test Method:		[testPackage01.Test_dragAndDrop.dragAndDrop]
Test Description:	[TC001 - Test Drag and Drop function.]
################################################################################################################################################
[ReportManager] Target URL: [http://the-internet.herokuapp.com/drag_and_drop] @31-10-2021 02:01:50.0204 AM
[ReportManager] Initial URL: [data:,] @31-10-2021 02:01:50.0275 AM
[ReportManager] Browser Action [NavigateToURL] successfully performed. With the following test data [http://the-internet.herokuapp.com/drag_and_drop]. @31-10-2021 02:01:50.0878 AM
[ReportManager] Attempting Drag and Drop @31-10-2021 02:01:50.0878 AM
[ReportManager] Element Action [DragAndDrop] successfully performed. With the following test data [Start point: (492, 89), End point: (707, 89)]. @31-10-2021 02:01:52.0122 A
[ReportManager] Browser Action [CloseCurrentWindow] successfully performed. @31-10-2021 02:01:52.0260 AM
[ReportManager] Successfully created attachment [Browser Action Test Data - CloseCurrentWindow - Actual Value] @31-10-2021 02:01:52.0260 A
[ReportManager] File Action [GetAbsolutePath] successfully performed. With the following test data [Relative Folder Path: "target/downloadedFiles/"]. @31-10-2021 02:01:52.0262 AM
[ReportManager] Attempting to run remotely on: [Linux-64], [GoogleChrome], [http://localhost:4444/wd/hub], Headless Execution. @31-10-2021 02:01:52.0262 AM
[ReportManager] Successfully Opened [GoogleChrome]. @31-10-2021 02:01:55.0195 A

################################################################################################################################################
Starting Execution:	[132 out of 143] test cases in the current suite
Test Method:		[testPackage01.Test_dragAndDrop.dragAndDropByOffset]
Test Description:	[TC002 - Test Drag and Drop by offset function.]
################################################################################################################################################
[ReportManager] Target URL: [https://jqueryui.com/resources/demos/draggable/default.html] @31-10-2021 02:01:55.0197 AM
[ReportManager] Initial URL: [data:,] @31-10-2021 02:01:55.0240 AM
[ReportManager] Browser Action [NavigateToURL] successfully performed. With the following test data [https://jqueryui.com/resources/demos/draggable/default.html]. @31-10-2021 02:01:55.0681 AM
[ReportManager] Element Action [DragAndDropByOffset] successfully performed. With the following test data [Start point: (8, 8), End point: (108, 58)]. @31-10-2021 02:01:56.0171 A
[ReportManager] Browser Action [CloseCurrentWindow] successfully performed. @31-10-2021 02:01:56.0312 AM
[ReportManager] Successfully created attachment [Browser Action Test Data - CloseCurrentWindow - Actual Value] @31-10-2021 02:01:56.0313 A
[ReportManager] File Action [GetAbsolutePath] successfully performed. With the following test data [Relative Folder Path: "target/downloadedFiles/"]. @31-10-2021 02:01:56.0314 AM
[ReportManager] Attempting to run remotely on: [Linux-64], [GoogleChrome], [http://localhost:4444/wd/hub], Headless Execution. @31-10-2021 02:01:56.0316 AM
[ReportManager] Successfully Opened [GoogleChrome]. @31-10-2021 02:02:00.0194 A

################################################################################################################################################
Starting Execution:	[133 out of 143] test cases in the current suite
Test Method:		[testPackage01.Test_clipboardActions.typeTextAndCopyPaste]
################################################################################################################################################
[ReportManager] Target URL: [https://www.google.com/ncr], and after redirection: [https://www.google.com] @31-10-2021 02:02:00.0196 AM
[ReportManager] Initial URL: [data:,] @31-10-2021 02:02:00.0254 AM
[ReportManager] Browser Action [NavigateToURL] successfully performed. With the following test data [https://www.google.com/ncr]. @31-10-2021 02:02:01.0911 AM
[ReportManager] Element Action [Type] successfully performed. With the following test data [FIRST]. @31-10-2021 02:02:02.0332 AM
[ReportManager] Element Action [ClipboardActions] successfully performed. With the following test data [select all]. @31-10-2021 02:02:02.0396 AM
[ReportManager] Element Action [ClipboardActions] successfully performed. With the following test data [copy]. @31-10-2021 02:02:02.0472 AM
[ReportManager] Element Action [ClipboardActions] successfully performed. With the following test data [unselect]. @31-10-2021 02:02:02.0602 AM
[ReportManager] Element Action [ClipboardActions] successfully performed. With the following test data [paste]. @31-10-2021 02:02:02.0693 AM
[ReportManager] Element Action [ClipboardActions] successfully performed. With the following test data [select all]. @31-10-2021 02:02:02.0765 AM
[ReportManager] Element Action [Type] successfully performed. @31-10-2021 02:02:03.0145 AM
[ReportManager] Element Action [ClipboardActions] successfully performed. With the following test data [cut]. @31-10-2021 02:02:03.0145 AM
[ReportManager] Element Action [ClipboardActions] successfully performed. With the following test data [paste]. @31-10-2021 02:02:03.0222 AM
[ReportManager] Element Action [ClipboardActions] successfully performed. With the following test data [paste]. @31-10-2021 02:02:03.0290 A
[ReportManager] Browser Action [CloseCurrentWindow] successfully performed. @31-10-2021 02:02:03.0411 AM
[ReportManager] Successfully created attachment [Browser Action Test Data - CloseCurrentWindow - Actual Value] @31-10-2021 02:02:03.0412 A
[ReportManager] File Action [GetAbsolutePath] successfully performed. With the following test data [Relative Folder Path: "target/downloadedFiles/"]. @31-10-2021 02:02:03.0413 AM
[ReportManager] Attempting to run remotely on: [Linux-64], [GoogleChrome], [http://localhost:4444/wd/hub], Headless Execution. @31-10-2021 02:02:03.0413 AM
[ReportManager] Successfully Opened [GoogleChrome]. @31-10-2021 02:02:05.0199 A

################################################################################################################################################
Starting Execution:	[134 out of 143] test cases in the current suite
Test Method:		[testPackage01.Test_dynamicLoading.dynamicLoading_elementIsHidden]
################################################################################################################################################
[ReportManager] Target URL: [https://the-internet.herokuapp.com/dynamic_loading/1] @31-10-2021 02:02:05.0205 AM
[ReportManager] Initial URL: [data:,] @31-10-2021 02:02:05.0277 AM
[ReportManager] Browser Action [NavigateToURL] successfully performed. With the following test data [https://the-internet.herokuapp.com/dynamic_loading/1]. @31-10-2021 02:02:06.0055 AM
[ReportManager] Element Action [Click] successfully performed. With the following test data [Start]. @31-10-2021 02:02:06.0556 AM
[ReportManager] Element Action [GetText] successfully performed. With the following test data [
    Hello World!
  ]. @31-10-2021 02:02:06.0695 AM
[ReportManager] Loaded Shared OpenCV @31-10-2021 02:02:06.0939 AM
[ReportManager] Assertion [ValidateElementAttribute] PASSED. Expected [Value Should be 'Hello World!' for the 'text' attribute, element locator 'By.id: finish'] and Actual [
    Hello World!
  ]. Comparison Type [CONTAINS]. Validation Type [POSITIVE]. @31-10-2021 02:02:07.0166 AM
[ReportManager] Successfully created attachment [Screenshot - 1635645726939_dynamicLoading_elementIsHidden_ValidateElementAttribute_passed] @31-10-2021 02:02:07.0167 A
[ReportManager] Browser Action [CloseCurrentWindow] successfully performed. @31-10-2021 02:02:07.0287 AM
[ReportManager] Successfully created attachment [Browser Action Test Data - CloseCurrentWindow - Actual Value] @31-10-2021 02:02:07.0287 A
[ReportManager] File Action [GetAbsolutePath] successfully performed. With the following test data [Relative Folder Path: "target/downloadedFiles/"]. @31-10-2021 02:02:07.0294 AM
[ReportManager] Attempting to run remotely on: [Linux-64], [GoogleChrome], [http://localhost:4444/wd/hub], Headless Execution. @31-10-2021 02:02:07.0294 AM
[ReportManager] Successfully Opened [GoogleChrome]. @31-10-2021 02:02:10.0210 A

################################################################################################################################################
Starting Execution:	[135 out of 143] test cases in the current suite
Test Method:		[testPackage01.Test_dynamicLoading.dynamicLoading_elementIsRendered]
################################################################################################################################################
[ReportManager] Target URL: [https://the-internet.herokuapp.com/dynamic_loading/2] @31-10-2021 02:02:10.0216 AM
[ReportManager] Initial URL: [data:,] @31-10-2021 02:02:10.0256 AM
[ReportManager] Browser Action [NavigateToURL] successfully performed. With the following test data [https://the-internet.herokuapp.com/dynamic_loading/2]. @31-10-2021 02:02:10.0972 AM
[ReportManager] Element Action [Click] successfully performed. With the following test data [Start]. @31-10-2021 02:02:11.0463 AM
[ReportManager] Element Action [GetText] successfully performed. With the following test data [Hello World!]. @31-10-2021 02:02:16.0634 AM
[ReportManager] Loaded Shared OpenCV @31-10-2021 02:02:16.0868 AM
[ReportManager] Assertion [ValidateElementAttribute] PASSED. Expected [Value Should be 'Hello World!' for the 'text' attribute, element locator 'By.id: finish'] and Actual [Hello World!]. Comparison Type [CONTAINS]. Validation Type [POSITIVE]. @31-10-2021 02:02:17.0086 AM
[ReportManager] Successfully created attachment [Screenshot - 1635645736868_dynamicLoading_elementIsRendered_ValidateElementAttribute_passed] @31-10-2021 02:02:17.0086 A
[ReportManager] Browser Action [CloseCurrentWindow] successfully performed. @31-10-2021 02:02:17.0195 AM
[ReportManager] Successfully created attachment [Browser Action Test Data - CloseCurrentWindow - Actual Value] @31-10-2021 02:02:17.0195 A
[ReportManager] File Action [GetAbsolutePath] successfully performed. With the following test data [Relative Folder Path: "target/downloadedFiles/"]. @31-10-2021 02:02:17.0197 AM
[ReportManager] Attempting to run remotely on: [Linux-64], [GoogleChrome], [http://localhost:4444/wd/hub], Headless Execution. @31-10-2021 02:02:17.0197 AM
[ReportManager] Successfully Opened [GoogleChrome]. @31-10-2021 02:02:20.0224 A

################################################################################################################################################
Starting Execution:	[136 out of 143] test cases in the current suite
Test Method:		[testPackage01.Test_uploadFile.uploadFile_invisibleUploadInput]
################################################################################################################################################
[ReportManager] Target URL: [https://fineuploader.com/demos.html#gallery-view] @31-10-2021 02:02:20.0227 AM
[ReportManager] Initial URL: [data:,] @31-10-2021 02:02:20.0263 AM
[ReportManager] Browser Action [NavigateToURL] successfully performed. With the following test data [https://fineuploader.com/demos.html#gallery-view]. @31-10-2021 02:02:21.0755 AM
[ReportManager] File Action [GetAbsolutePath] successfully performed. With the following test data [Relative File Path: "src/main/resources/images/shaft.png"]. @31-10-2021 02:02:21.0756 AM
[ReportManager] Successfully created attachment [File Action Actual Result - Command Log] @31-10-2021 02:02:21.0756 AM
[ReportManager] Element Action [TypeFileLocationForUpload] successfully performed. With the following test data [/home/runner/work/SHAFT_ENGINE/SHAFT_ENGINE/src/main/resources/images/shaft.png]. @31-10-2021 02:02:21.0930 AM
[ReportManager] Attempting to getAttribute [src] from elementLocator [By.xpath: //div[@id='fine-uploader-gallery']//div[@class='qq-thumbnail-wrapper']/img]. @31-10-2021 02:02:21.0930 AM
[ReportManager] Element Action [GetAttribute] successfully performed. @31-10-2021 02:02:22.0075 AM
[ReportManager] Successfully created attachment [Element Action Test Data - GetAttribute - Actual Value] @31-10-2021 02:02:22.0075 AM
[ReportManager] Loaded Shared OpenCV @31-10-2021 02:02:22.0331 AM
[ReportManager] Assertion [ValidateElementAttribute] PASSED. Expected and Actual values are attached. Comparison Type [CONTAINS]. Validation Type [POSITIVE]. @31-10-2021 02:02:22.0571 AM
[ReportManager] Successfully created attachment [Validation Test Data - Expected Value] @31-10-2021 02:02:22.0572 AM
[ReportManager] Successfully created attachment [Validation Test Data - Actual Value] @31-10-2021 02:02:22.0572 AM
[ReportManager] Successfully created attachment [Screenshot - 1635645742331_uploadFile_invisibleUploadInput_ValidateElementAttribute_passed] @31-10-2021 02:02:22.0574 A
[ReportManager] Browser Action [CloseCurrentWindow] successfully performed. @31-10-2021 02:02:22.0738 AM
[ReportManager] Successfully created attachment [Browser Action Test Data - CloseCurrentWindow - Actual Value] @31-10-2021 02:02:22.0739 A
[ReportManager] File Action [GetAbsolutePath] successfully performed. With the following test data [Relative Folder Path: "target/downloadedFiles/"]. @31-10-2021 02:02:22.0742 AM
[ReportManager] Attempting to run remotely on: [Linux-64], [GoogleChrome], [http://localhost:4444/wd/hub], Headless Execution. @31-10-2021 02:02:22.0742 AM
[ReportManager] Successfully Opened [GoogleChrome]. @31-10-2021 02:02:25.0193 A

################################################################################################################################################
Starting Execution:	[137 out of 143] test cases in the current suite
Test Method:		[testPackage01.Test_uploadFile.uploadFile_visibleUploadInput]
################################################################################################################################################
[ReportManager] Target URL: [http://demo.guru99.com/test/upload/] @31-10-2021 02:02:25.0196 AM
[ReportManager] Initial URL: [data:,] @31-10-2021 02:02:25.0247 AM
[ReportManager] Browser Action [NavigateToURL] successfully performed. With the following test data [http://demo.guru99.com/test/upload/]. @31-10-2021 02:02:26.0472 AM
[ReportManager] File Action [GetAbsolutePath] successfully performed. With the following test data [Relative File Path: "src/main/resources/images/shaft.png"]. @31-10-2021 02:02:26.0473 AM
[ReportManager] Successfully created attachment [File Action Actual Result - Command Log] @31-10-2021 02:02:26.0473 AM
[ReportManager] Element Action [TypeFileLocationForUpload] successfully performed. With the following test data [/home/runner/work/SHAFT_ENGINE/SHAFT_ENGINE/src/main/resources/images/shaft.png]. @31-10-2021 02:02:26.0601 AM
[ReportManager] Element Action [Click] successfully performed. With the following test data [on]. @31-10-2021 02:02:27.0101 AM
[ReportManager] Element Action [Click] successfully performed. With the following test data [Submit File]. @31-10-2021 02:02:27.0568 AM
[ReportManager] Element Action [GetText] successfully performed. With the following test data [1 file
has been successfully uploaded.]. @31-10-2021 02:02:28.0210 AM
[ReportManager] Loaded Shared OpenCV @31-10-2021 02:02:28.0448 AM
[ReportManager] Assertion [ValidateElementAttribute] PASSED. Expected [Value Should be '1 file' for the 'Text' attribute, element locator 'By.id: res'] and Actual [1 file
has been successfully uploaded.]. Comparison Type [CONTAINS]. Validation Type [POSITIVE]. @31-10-2021 02:02:28.0637 AM
[ReportManager] Successfully created attachment [Screenshot - 1635645748448_uploadFile_visibleUploadInput_ValidateElementAttribute_passed] @31-10-2021 02:02:28.0638 A
[ReportManager] Browser Action [CloseCurrentWindow] successfully performed. @31-10-2021 02:02:28.0759 AM
[ReportManager] Successfully created attachment [Browser Action Test Data - CloseCurrentWindow - Actual Value] @31-10-2021 02:02:28.0759 A

################################################################################################################################################
Starting Execution:	[138 out of 143] test cases in the current suite
Test Method:		[testPackage01.Test_SelectedValue.multipleSelect]
################################################################################################################################################
[ReportManager] File Action [GetAbsolutePath] successfully performed. With the following test data [Relative Folder Path: "target/downloadedFiles/"]. @31-10-2021 02:02:28.0762 AM
[ReportManager] Attempting to run remotely on: [Linux-64], [GoogleChrome], [http://localhost:4444/wd/hub], Headless Execution. @31-10-2021 02:02:28.0762 AM
[ReportManager] Successfully Opened [GoogleChrome]. @31-10-2021 02:02:30.0230 AM
[ReportManager] Target URL: [https://yari-demos.prod.mdn.mozit.cloud/en-US/docs/Web/HTML/Element/select/_sample_.Advanced_select_with_multiple_features.html] @31-10-2021 02:02:30.0230 AM
[ReportManager] Initial URL: [data:,] @31-10-2021 02:02:30.0293 AM
[ReportManager] Browser Action [NavigateToURL] successfully performed. With the following test data [https://yari-demos.prod.mdn.mozit.cloud/en-US/docs/Web/HTML/Element/select/_sample_.Advanced_select_with_multiple_features.html]. @31-10-2021 02:02:30.0737 AM
[ReportManager] Element Action [Select] successfully performed. With the following test data [Dog]. @31-10-2021 02:02:31.0036 AM
[ReportManager] Element Action [Select] successfully performed. With the following test data [Cat]. @31-10-2021 02:02:31.0332 AM
[ReportManager] Element Action [GetSelectedText] successfully performed. With the following test data [DogCat]. @31-10-2021 02:02:31.0509 AM
[ReportManager] DogCat @31-10-2021 02:02:31.0510 AM
[ReportManager] Element Action [GetSelectedText] successfully performed. With the following test data [DogCat]. @31-10-2021 02:02:31.0673 AM
[ReportManager] Loaded Shared OpenCV @31-10-2021 02:02:31.0950 AM
[ReportManager] Assertion [ValidateElementAttribute] PASSED. Expected [Value Should be 'DogCat' for the 'selectedText' attribute, element locator 'By.tagName: select'] and Actual [DogCat]. Comparison Type [EQUALS]. Validation Type [POSITIVE]. @31-10-2021 02:02:32.0157 AM
[ReportManager] Successfully created attachment [Screenshot - 1635645751950_multipleSelect_ValidateElementAttribute_passed] @31-10-2021 02:02:32.0157 AM
[ReportManager] Browser Action [CloseCurrentWindow] successfully performed. @31-10-2021 02:02:32.0260 AM
[ReportManager] Successfully created attachment [Browser Action Test Data - CloseCurrentWindow - Actual Value] @31-10-2021 02:02:32.0261 A

################################################################################################################################################
Starting Execution:	[139 out of 143] test cases in the current suite
Test Method:		[testPackage01.Test_SelectedValue.simpleSelect]
################################################################################################################################################
[ReportManager] File Action [GetAbsolutePath] successfully performed. With the following test data [Relative Folder Path: "target/downloadedFiles/"]. @31-10-2021 02:02:32.0266 AM
[ReportManager] Attempting to run remotely on: [Linux-64], [GoogleChrome], [http://localhost:4444/wd/hub], Headless Execution. @31-10-2021 02:02:32.0266 AM
[ReportManager] Successfully Opened [GoogleChrome]. @31-10-2021 02:02:35.0224 AM
[ReportManager] Target URL: [https://yari-demos.prod.mdn.mozit.cloud/en-US/docs/Web/HTML/Element/select/_sample_.Basic_select.html] @31-10-2021 02:02:35.0224 AM
[ReportManager] Initial URL: [data:,] @31-10-2021 02:02:35.0276 AM
[ReportManager] Browser Action [NavigateToURL] successfully performed. With the following test data [https://yari-demos.prod.mdn.mozit.cloud/en-US/docs/Web/HTML/Element/select/_sample_.Basic_select.html]. @31-10-2021 02:02:35.0625 AM
[ReportManager] Element Action [Select] successfully performed. With the following test data [Third Value]. @31-10-2021 02:02:36.0015 AM
[ReportManager] Element Action [GetSelectedText] successfully performed. With the following test data [Third Value]. @31-10-2021 02:02:36.0196 AM
[ReportManager] Third Value @31-10-2021 02:02:36.0196 AM
[ReportManager] Element Action [GetSelectedText] successfully performed. With the following test data [Third Value]. @31-10-2021 02:02:36.0322 AM
[ReportManager] Loaded Shared OpenCV @31-10-2021 02:02:36.0561 AM
[ReportManager] Assertion [ValidateElementAttribute] PASSED. Expected [Value Should be 'Third Value' for the 'selectedText' attribute, element locator 'By.tagName: select'] and Actual [Third Value]. Comparison Type [EQUALS]. Validation Type [POSITIVE]. @31-10-2021 02:02:36.0771 AM
[ReportManager] Successfully created attachment [Screenshot - 1635645756560_simpleSelect_ValidateElementAttribute_passed] @31-10-2021 02:02:36.0771 AM
[ReportManager] Browser Action [CloseCurrentWindow] successfully performed. @31-10-2021 02:02:36.0883 AM
[ReportManager] Successfully created attachment [Browser Action Test Data - CloseCurrentWindow - Actual Value] @31-10-2021 02:02:36.0883 A

################################################################################################################################################
Starting Execution:	[140 out of 143] test cases in the current suite
Test Method:		[testPackage01.Test_JSONFileManager.readStringFromJson]
################################################################################################################################################
[ReportManager] Successfully loaded the following test data file [src/test/resources/TestDataFiles/simpleJSON.json]. @31-10-2021 02:02:36.0893 AM
[ReportManager] Successfully created attachment [Test Data - JSON] @31-10-2021 02:02:36.0894 AM
[ReportManager] Assertion [ValidateEquals] PASSED. Expected [Mohab Mohie] and Actual [Mohab Mohie]. Comparison Type [EQUALS]. Validation Type [POSITIVE]. @31-10-2021 02:02:36.0910 A
[ReportManager] Successfully loaded the following test data file [src/test/resources/TestDataFiles/testSuite01/TestData.xlsx]. @31-10-2021 02:02:36.0936 AM
[ReportManager] Successfully created attachment [Test Data - Excel] @31-10-2021 02:02:36.0936 AM
[ReportManager] Attempting to run using Playwright locally on: [Linux-64], [GoogleChrome], Headless Execution. @31-10-2021 02:02:52.0438 AM
[ReportManager] File Action [GetAbsolutePath] successfully performed. With the following test data [Relative Folder Path: "target/downloadedFiles/"]. @31-10-2021 02:02:52.0439 AM
[ReportManager] Initial window size: (1280, 720) @31-10-2021 02:02:52.0816 AM
[ReportManager] Window size after Toolkit: com.microsoft.playwright.options.ViewportSize@40477702 @31-10-2021 02:02:52.0820 AM
[ReportManager] Browser Action [MaximizeWindow] successfully performed. With the following test data [New screen size is now: (1920, 1080)]. @31-10-2021 02:02:52.0820 A

################################################################################################################################################
Starting Execution:	[141 out of 143] test cases in the current suite
Test Method:		[testPackage01.Test_google_playwright.navigateToURLandVerifyGoogleLogoIsDisplayed]
Test Description:	[TC001 - Navigate to URL and Verify Google Logo is Displayed]
################################################################################################################################################
[ReportManager] Target URL: [https://www.google.com/ncr], and after redirection: [https://www.google.com] @31-10-2021 02:02:52.0825 AM
[ReportManager] Initial URL: [about:blank] @31-10-2021 02:02:53.0301 AM
[ReportManager] Browser Action [NavigateToURL] successfully performed. With the following test data [https://www.google.com/ncr]. @31-10-2021 02:02:55.0624 AM
[ReportManager] Loaded Shared OpenCV @31-10-2021 02:02:55.0855 AM
[ReportManager] Assertion [ValidateElementExists] PASSED. Expected [Element Should Exist, locator 'xpath=//*[@id='hplogo' or @alt='Google']'] and Actual [Element Exists]. Comparison Type [EQUALS]. Validation Type [POSITIVE]. @31-10-2021 02:02:56.0053 AM
[ReportManager] Successfully created attachment [Screenshot - 1635645775850_navigateToURLandVerifyGoogleLogoIsDisplayed_ValidateElementExists_passed] @31-10-2021 02:02:56.0054 A

################################################################################################################################################
Starting Execution:	[142 out of 143] test cases in the current suite
Test Method:		[testPackage01.Test_google_playwright.searchForQueryandAssertResultsNumDisplayed]
Test Description:	[TC002 - Search for Query and Assert that the number of results is displayed]
################################################################################################################################################
[ReportManager] Element Action [Type] successfully performed. With the following test data [SHAFT_Engine]. @31-10-2021 02:02:56.0353 AM
[ReportManager] Element Action [KeyPress] successfully performed. With the following test data [Enter]. @31-10-2021 02:02:56.0397 AM
[ReportManager] Element Action [GetText] successfully performed. With the following test data [About 1,030,000 results (0.57 seconds)]. @31-10-2021 02:02:57.0211 AM
[ReportManager] Loaded Shared OpenCV @31-10-2021 02:02:59.0316 AM
[ReportManager] Assertion [ValidateElementAttribute] PASSED. Expected [Value Should not be '' for the 'text' attribute, element locator 'xpath=//div[@id='appbar']'] and Actual [About 1,030,000 results (0.57 seconds)]. Comparison Type [EQUALS]. Validation Type [NEGATIVE]. @31-10-2021 02:02:59.0553 AM
[ReportManager] Successfully created attachment [Screenshot - 1635645779313_searchForQueryandAssertResultsNumDisplayed_ValidateElementAttribute_passed] @31-10-2021 02:02:59.0556 A

################################################################################################################################################
Starting Execution:	[143 out of 143] test cases in the current suite
Test Method:		[testPackage01.Test_google_playwright.clickNextThrice]
Test Description:	[TC003 - Clicks the next button to make sure that the framework can scroll element into view before clicking it]
################################################################################################################################################
[ReportManager] Element Action [Click] successfully performed. With the following test data [Next]. @31-10-2021 02:02:59.0847 A
[ReportManager] Failed to find video recording. @31-10-2021 02:02:59.0854 AM
[ReportManager] Successfully Closed PlayWright Driver. @31-10-2021 02:02:59.0913 A

################################################################################################################################################
Test Closure Activities
################################################################################################################################################
[ReportManager] Successfully created attachment [SHAFT Engine Logs - Execution log] @31-10-2021 02:02:59.0943 AM

################################################################################################################################################
This test run was powered by SHAFT Engine Version: [SHAFT Engine v5.4.20211030-BETA]
SHAFT Engine is licensed under the MIT License: [https://github.com/MohabMohie/SHAFT_ENGINE/blob/master/LICENSE].
################################################################################################################################################