################################################################################################################################################
Detected SHAFT Engine Version: [SHAFT Engine v5.3.20210902]
################################################################################################################################################

################################################################################################################################################
Starting Execution:	[1 out of 144] test cases in the current suite
Test Method:		[unitTests.tests_validations_assertions.assertComparativeRelation_greaterThanOrEquals_false_equals_expectedToFail]
################################################################################################################################################
[ReportManager] Assertion [ValidateComparativeRelation] FAILED. Expected [1] and Actual [1]. Comparison Type [GREATER_THAN_OR_EQUALS]. Validation Type [NEGATIVE]. @30-09-2021 21:30:59.0291 P

################################################################################################################################################
Starting Execution:	[2 out of 144] test cases in the current suite
Test Method:		[unitTests.tests_validations_assertions.assertComparativeRelation_greaterThanOrEquals_false_equals_expectedToPass]
################################################################################################################################################
[ReportManager] Assertion [ValidateComparativeRelation] PASSED. Expected [2] and Actual [1]. Comparison Type [GREATER_THAN_OR_EQUALS]. Validation Type [NEGATIVE]. @30-09-2021 21:30:59.0413 P

################################################################################################################################################
Starting Execution:	[3 out of 144] test cases in the current suite
Test Method:		[unitTests.tests_validations_assertions.assertComparativeRelation_greaterThanOrEquals_false_greaterThan_expectedToFail]
################################################################################################################################################
[ReportManager] Assertion [ValidateComparativeRelation] FAILED. Expected [1] and Actual [2]. Comparison Type [GREATER_THAN_OR_EQUALS]. Validation Type [NEGATIVE]. @30-09-2021 21:30:59.0423 P

################################################################################################################################################
Starting Execution:	[4 out of 144] test cases in the current suite
Test Method:		[unitTests.tests_validations_assertions.assertComparativeRelation_greaterThanOrEquals_false_greaterThan_expectedToPass]
################################################################################################################################################
[ReportManager] Assertion [ValidateComparativeRelation] PASSED. Expected [2] and Actual [1]. Comparison Type [GREATER_THAN_OR_EQUALS]. Validation Type [NEGATIVE]. @30-09-2021 21:30:59.0441 P

################################################################################################################################################
Starting Execution:	[5 out of 144] test cases in the current suite
Test Method:		[unitTests.tests_validations_assertions.assertComparativeRelation_greaterThanOrEquals_true_equals_expectedToFail]
################################################################################################################################################
[ReportManager] Assertion [ValidateComparativeRelation] FAILED. Expected [1] and Actual [0]. Comparison Type [GREATER_THAN_OR_EQUALS]. Validation Type [POSITIVE]. @30-09-2021 21:30:59.0451 P

################################################################################################################################################
Starting Execution:	[6 out of 144] test cases in the current suite
Test Method:		[unitTests.tests_validations_assertions.assertComparativeRelation_greaterThanOrEquals_true_equals_expectedToPass]
################################################################################################################################################
[ReportManager] Assertion [ValidateComparativeRelation] PASSED. Expected [1] and Actual [1]. Comparison Type [GREATER_THAN_OR_EQUALS]. Validation Type [POSITIVE]. @30-09-2021 21:30:59.0459 P

################################################################################################################################################
Starting Execution:	[7 out of 144] test cases in the current suite
Test Method:		[unitTests.tests_validations_assertions.assertComparativeRelation_greaterThanOrEquals_true_greaterThan_expectedToFail]
################################################################################################################################################
[ReportManager] Assertion [ValidateComparativeRelation] FAILED. Expected [2] and Actual [1]. Comparison Type [GREATER_THAN_OR_EQUALS]. Validation Type [POSITIVE]. @30-09-2021 21:30:59.0466 P

################################################################################################################################################
Starting Execution:	[8 out of 144] test cases in the current suite
Test Method:		[unitTests.tests_validations_assertions.assertComparativeRelation_greaterThanOrEquals_true_greaterThan_expectedToPass]
################################################################################################################################################
[ReportManager] Assertion [ValidateComparativeRelation] PASSED. Expected [1] and Actual [2]. Comparison Type [GREATER_THAN_OR_EQUALS]. Validation Type [POSITIVE]. @30-09-2021 21:30:59.0470 P
[ReportManager] File Action [GetAbsolutePath] successfully performed. With the following test data [Relative Folder Path: "target/downloadedFiles/"]. @30-09-2021 21:30:59.0493 PM
[ReportManager] Attempting to run remotely on: [Linux-64], [GoogleChrome], [http://localhost:4444/wd/hub], Headless Execution. @30-09-2021 21:30:59.0568 PM
[ReportManager] Successfully Opened [GoogleChrome]. @30-09-2021 21:31:01.0458 PM
[ReportManager] Target URL: [https://www.google.com/ncr], and after redirection: [www.google.com] @30-09-2021 21:31:01.0518 PM
[ReportManager] Initial URL: [data:,] @30-09-2021 21:31:01.0646 PM
[ReportManager] Browser Action [NavigateToURL] successfully performed. With the following test data [https://www.google.com/ncr]. @30-09-2021 21:31:03.0116 P

################################################################################################################################################
Starting Execution:	[9 out of 144] test cases in the current suite
Test Method:		[unitTests.tests_validations_assertions.assertElementAttribute_false_caseInsensitiveComparison_expectedToFail]
################################################################################################################################################
[ReportManager] Element Action [Type] successfully performed. With the following test data [AUTOMATION]. @30-09-2021 21:31:03.0729 PM
[ReportManager] Element Action [GetText] successfully performed. With the following test data [AUTOMATION]. @30-09-2021 21:31:03.0923 PM
[ReportManager] Loaded Shared OpenCV @30-09-2021 21:31:04.0658 PM
[ReportManager] Assertion [ValidateElementAttribute] FAILED. Expected [Value Should not be 'AutomaTion' for the 'text' attribute, element locator 'By.name: q'] and Actual [AUTOMATION]. Comparison Type [CASE_INSENSITIVE]. Validation Type [NEGATIVE]. @30-09-2021 21:31:04.0980 PM
[ReportManager] Successfully created attachment [Screenshot - 1633037464171_assertElementAttribute_false_caseInsensitiveComparison_expectedToFail_ValidateElementAttribute_failed] @30-09-2021 21:31:05.0000 P
[ReportManager] Browser Action [CloseCurrentWindow] successfully performed. @30-09-2021 21:31:05.0191 PM
[ReportManager] Successfully created attachment [Browser Action Test Data - CloseCurrentWindow - Actual Value] @30-09-2021 21:31:05.0199 P
[ReportManager] File Action [GetAbsolutePath] successfully performed. With the following test data [Relative Folder Path: "target/downloadedFiles/"]. @30-09-2021 21:31:05.0216 PM
[ReportManager] Attempting to run remotely on: [Linux-64], [GoogleChrome], [http://localhost:4444/wd/hub], Headless Execution. @30-09-2021 21:31:05.0217 PM
[ReportManager] Successfully Opened [GoogleChrome]. @30-09-2021 21:31:05.0525 PM
[ReportManager] Target URL: [https://www.google.com/ncr], and after redirection: [www.google.com] @30-09-2021 21:31:05.0555 PM
[ReportManager] Initial URL: [data:,] @30-09-2021 21:31:05.0662 PM
[ReportManager] Browser Action [NavigateToURL] successfully performed. With the following test data [https://www.google.com/ncr]. @30-09-2021 21:31:06.0692 P

################################################################################################################################################
Starting Execution:	[10 out of 144] test cases in the current suite
Test Method:		[unitTests.tests_validations_assertions.assertElementAttribute_false_caseInsensitiveComparison_expectedToPass]
################################################################################################################################################
[ReportManager] Element Action [Type] successfully performed. With the following test data [AUTOMATION]. @30-09-2021 21:31:07.0210 PM
[ReportManager] Element Action [GetText] successfully performed. With the following test data [AUTOMATION]. @30-09-2021 21:31:07.0377 PM
[ReportManager] Loaded Shared OpenCV @30-09-2021 21:31:07.0554 PM
[ReportManager] Assertion [ValidateElementAttribute] PASSED. Expected [Value Should not be 'AutomaTion123' for the 'text' attribute, element locator 'By.name: q'] and Actual [AUTOMATION]. Comparison Type [CASE_INSENSITIVE]. Validation Type [NEGATIVE]. @30-09-2021 21:31:07.0669 PM
[ReportManager] Successfully created attachment [Screenshot - 1633037467554_assertElementAttribute_false_caseInsensitiveComparison_expectedToPass_ValidateElementAttribute_passed] @30-09-2021 21:31:07.0673 P
[ReportManager] Browser Action [CloseCurrentWindow] successfully performed. @30-09-2021 21:31:07.0827 PM
[ReportManager] Successfully created attachment [Browser Action Test Data - CloseCurrentWindow - Actual Value] @30-09-2021 21:31:07.0828 P
[ReportManager] File Action [GetAbsolutePath] successfully performed. With the following test data [Relative Folder Path: "target/downloadedFiles/"]. @30-09-2021 21:31:07.0839 PM
[ReportManager] Attempting to run remotely on: [Linux-64], [GoogleChrome], [http://localhost:4444/wd/hub], Headless Execution. @30-09-2021 21:31:07.0848 PM
[ReportManager] Successfully Opened [GoogleChrome]. @30-09-2021 21:31:08.0143 PM
[ReportManager] Target URL: [https://www.google.com/ncr], and after redirection: [www.google.com] @30-09-2021 21:31:08.0163 PM
[ReportManager] Initial URL: [data:,] @30-09-2021 21:31:08.0269 PM
[ReportManager] Browser Action [NavigateToURL] successfully performed. With the following test data [https://www.google.com/ncr]. @30-09-2021 21:31:09.0185 P

################################################################################################################################################
Starting Execution:	[11 out of 144] test cases in the current suite
Test Method:		[unitTests.tests_validations_assertions.assertElementAttribute_false_containsComparison_expectedToFail]
################################################################################################################################################
[ReportManager] Element Action [Type] successfully performed. With the following test data [Automation123]. @30-09-2021 21:31:09.0636 PM
[ReportManager] Element Action [GetText] successfully performed. With the following test data [Automation123]. @30-09-2021 21:31:09.0801 PM
[ReportManager] Loaded Shared OpenCV @30-09-2021 21:31:09.0990 PM
[ReportManager] Assertion [ValidateElementAttribute] FAILED. Expected [Value Should not be 'Automation' for the 'text' attribute, element locator 'By.name: q'] and Actual [Automation123]. Comparison Type [CONTAINS]. Validation Type [NEGATIVE]. @30-09-2021 21:31:10.0067 PM
[ReportManager] Successfully created attachment [Screenshot - 1633037469990_assertElementAttribute_false_containsComparison_expectedToFail_ValidateElementAttribute_failed] @30-09-2021 21:31:10.0068 P
[ReportManager] Browser Action [CloseCurrentWindow] successfully performed. @30-09-2021 21:31:10.0225 PM
[ReportManager] Successfully created attachment [Browser Action Test Data - CloseCurrentWindow - Actual Value] @30-09-2021 21:31:10.0226 P
[ReportManager] File Action [GetAbsolutePath] successfully performed. With the following test data [Relative Folder Path: "target/downloadedFiles/"]. @30-09-2021 21:31:10.0232 PM
[ReportManager] Attempting to run remotely on: [Linux-64], [GoogleChrome], [http://localhost:4444/wd/hub], Headless Execution. @30-09-2021 21:31:10.0232 PM
[ReportManager] Successfully Opened [GoogleChrome]. @30-09-2021 21:31:10.0485 PM
[ReportManager] Target URL: [https://www.google.com/ncr], and after redirection: [www.google.com] @30-09-2021 21:31:10.0527 PM
[ReportManager] Initial URL: [data:,] @30-09-2021 21:31:10.0595 PM
[ReportManager] Browser Action [NavigateToURL] successfully performed. With the following test data [https://www.google.com/ncr]. @30-09-2021 21:31:11.0541 P

################################################################################################################################################
Starting Execution:	[12 out of 144] test cases in the current suite
Test Method:		[unitTests.tests_validations_assertions.assertElementAttribute_false_containsComparison_expectedToPass]
################################################################################################################################################
[ReportManager] Element Action [Type] successfully performed. With the following test data [Automation123]. @30-09-2021 21:31:12.0001 PM
[ReportManager] Element Action [GetText] successfully performed. With the following test data [Automation123]. @30-09-2021 21:31:12.0144 PM
[ReportManager] Loaded Shared OpenCV @30-09-2021 21:31:12.0287 PM
[ReportManager] Assertion [ValidateElementAttribute] PASSED. Expected [Value Should not be 'Automation1234' for the 'text' attribute, element locator 'By.name: q'] and Actual [Automation123]. Comparison Type [CONTAINS]. Validation Type [NEGATIVE]. @30-09-2021 21:31:12.0365 PM
[ReportManager] Successfully created attachment [Screenshot - 1633037472286_assertElementAttribute_false_containsComparison_expectedToPass_ValidateElementAttribute_passed] @30-09-2021 21:31:12.0367 P
[ReportManager] Browser Action [CloseCurrentWindow] successfully performed. @30-09-2021 21:31:12.0522 PM
[ReportManager] Successfully created attachment [Browser Action Test Data - CloseCurrentWindow - Actual Value] @30-09-2021 21:31:12.0524 P
[ReportManager] File Action [GetAbsolutePath] successfully performed. With the following test data [Relative Folder Path: "target/downloadedFiles/"]. @30-09-2021 21:31:12.0529 PM
[ReportManager] Attempting to run remotely on: [Linux-64], [GoogleChrome], [http://localhost:4444/wd/hub], Headless Execution. @30-09-2021 21:31:12.0529 PM
[ReportManager] Successfully Opened [GoogleChrome]. @30-09-2021 21:31:12.0790 PM
[ReportManager] Target URL: [https://www.google.com/ncr], and after redirection: [www.google.com] @30-09-2021 21:31:12.0819 PM
[ReportManager] Initial URL: [data:,] @30-09-2021 21:31:12.0880 PM
[ReportManager] Browser Action [NavigateToURL] successfully performed. With the following test data [https://www.google.com/ncr]. @30-09-2021 21:31:13.0743 P

################################################################################################################################################
Starting Execution:	[13 out of 144] test cases in the current suite
Test Method:		[unitTests.tests_validations_assertions.assertElementAttribute_false_literalComparison_expectedToFail]
################################################################################################################################################
[ReportManager] Element Action [Type] successfully performed. With the following test data [Automation!@#$%^&*()_+{}[]\';/.,]. @30-09-2021 21:31:14.0303 PM
[ReportManager] Element Action [GetText] successfully performed. With the following test data [Automation!@#$%^&*()_+{}[]\';/.,]. @30-09-2021 21:31:14.0449 PM
[ReportManager] Loaded Shared OpenCV @30-09-2021 21:31:14.0614 PM
[ReportManager] Assertion [ValidateElementAttribute] PASSED. Expected [Value Should not be 'Automation!@#$%^&*()_+{}[]\\';/.,' for the 'text' attribute, element locator 'By.name: q'] and Actual [Automation!@#$%^&*()_+{}[]\';/.,]. Comparison Type [EQUALS]. Validation Type [NEGATIVE]. @30-09-2021 21:31:14.0700 PM
[ReportManager] Successfully created attachment [Screenshot - 1633037474614_assertElementAttribute_false_literalComparison_expectedToFail_ValidateElementAttribute_passed] @30-09-2021 21:31:14.0701 P
[ReportManager] Browser Action [CloseCurrentWindow] successfully performed. @30-09-2021 21:31:14.0842 PM
[ReportManager] Successfully created attachment [Browser Action Test Data - CloseCurrentWindow - Actual Value] @30-09-2021 21:31:14.0843 P
[ReportManager] File Action [GetAbsolutePath] successfully performed. With the following test data [Relative Folder Path: "target/downloadedFiles/"]. @30-09-2021 21:31:14.0847 PM
[ReportManager] Attempting to run remotely on: [Linux-64], [GoogleChrome], [http://localhost:4444/wd/hub], Headless Execution. @30-09-2021 21:31:14.0847 PM
[ReportManager] Successfully Opened [GoogleChrome]. @30-09-2021 21:31:15.0162 PM
[ReportManager] Target URL: [https://www.google.com/ncr], and after redirection: [www.google.com] @30-09-2021 21:31:15.0183 PM
[ReportManager] Initial URL: [data:,] @30-09-2021 21:31:15.0239 PM
[ReportManager] Browser Action [NavigateToURL] successfully performed. With the following test data [https://www.google.com/ncr]. @30-09-2021 21:31:16.0186 P

################################################################################################################################################
Starting Execution:	[14 out of 144] test cases in the current suite
Test Method:		[unitTests.tests_validations_assertions.assertElementAttribute_false_literalComparison_expectedToPass]
################################################################################################################################################
[ReportManager] Element Action [Type] successfully performed. With the following test data [Automation!@#$%^&*()_+{}[]\';/.,]. @30-09-2021 21:31:16.0733 PM
[ReportManager] Element Action [GetText] successfully performed. With the following test data [Automation!@#$%^&*()_+{}[]\';/.,]. @30-09-2021 21:31:16.0863 PM
[ReportManager] Loaded Shared OpenCV @30-09-2021 21:31:17.0028 PM
[ReportManager] Assertion [ValidateElementAttribute] PASSED. Expected [Value Should not be 'Automation' for the 'text' attribute, element locator 'By.name: q'] and Actual [Automation!@#$%^&*()_+{}[]\';/.,]. Comparison Type [EQUALS]. Validation Type [NEGATIVE]. @30-09-2021 21:31:17.0113 PM
[ReportManager] Successfully created attachment [Screenshot - 1633037477027_assertElementAttribute_false_literalComparison_expectedToPass_ValidateElementAttribute_passed] @30-09-2021 21:31:17.0114 P
[ReportManager] Browser Action [CloseCurrentWindow] successfully performed. @30-09-2021 21:31:17.0251 PM
[ReportManager] Successfully created attachment [Browser Action Test Data - CloseCurrentWindow - Actual Value] @30-09-2021 21:31:17.0255 P
[ReportManager] File Action [GetAbsolutePath] successfully performed. With the following test data [Relative Folder Path: "target/downloadedFiles/"]. @30-09-2021 21:31:17.0259 PM
[ReportManager] Attempting to run remotely on: [Linux-64], [GoogleChrome], [http://localhost:4444/wd/hub], Headless Execution. @30-09-2021 21:31:17.0260 PM
[ReportManager] Successfully Opened [GoogleChrome]. @30-09-2021 21:31:17.0495 PM
[ReportManager] Target URL: [https://www.google.com/ncr], and after redirection: [www.google.com] @30-09-2021 21:31:17.0520 PM
[ReportManager] Initial URL: [data:,] @30-09-2021 21:31:17.0598 PM
[ReportManager] Browser Action [NavigateToURL] successfully performed. With the following test data [https://www.google.com/ncr]. @30-09-2021 21:31:18.0546 P

################################################################################################################################################
Starting Execution:	[15 out of 144] test cases in the current suite
Test Method:		[unitTests.tests_validations_assertions.assertElementAttribute_false_regexComparison_expectedToFail]
################################################################################################################################################
[ReportManager] Element Action [Type] successfully performed. With the following test data [Automation123]. @30-09-2021 21:31:18.0955 PM
[ReportManager] Element Action [GetText] successfully performed. With the following test data [Automation123]. @30-09-2021 21:31:19.0073 PM
[ReportManager] Loaded Shared OpenCV @30-09-2021 21:31:19.0223 PM
[ReportManager] Assertion [ValidateElementAttribute] FAILED. Expected [Value Should not be 'Automation.*' for the 'text' attribute, element locator 'By.name: q'] and Actual [Automation123]. Comparison Type [MATCHES]. Validation Type [NEGATIVE]. @30-09-2021 21:31:19.0297 PM
[ReportManager] Successfully created attachment [Screenshot - 1633037479222_assertElementAttribute_false_regexComparison_expectedToFail_ValidateElementAttribute_failed] @30-09-2021 21:31:19.0299 P
[ReportManager] Browser Action [CloseCurrentWindow] successfully performed. @30-09-2021 21:31:19.0433 PM
[ReportManager] Successfully created attachment [Browser Action Test Data - CloseCurrentWindow - Actual Value] @30-09-2021 21:31:19.0434 P
[ReportManager] File Action [GetAbsolutePath] successfully performed. With the following test data [Relative Folder Path: "target/downloadedFiles/"]. @30-09-2021 21:31:19.0437 PM
[ReportManager] Attempting to run remotely on: [Linux-64], [GoogleChrome], [http://localhost:4444/wd/hub], Headless Execution. @30-09-2021 21:31:19.0438 PM
[ReportManager] Successfully Opened [GoogleChrome]. @30-09-2021 21:31:19.0667 PM
[ReportManager] Target URL: [https://www.google.com/ncr], and after redirection: [www.google.com] @30-09-2021 21:31:19.0713 PM
[ReportManager] Initial URL: [data:,] @30-09-2021 21:31:19.0796 PM
[ReportManager] Browser Action [NavigateToURL] successfully performed. With the following test data [https://www.google.com/ncr]. @30-09-2021 21:31:20.0722 P

################################################################################################################################################
Starting Execution:	[16 out of 144] test cases in the current suite
Test Method:		[unitTests.tests_validations_assertions.assertElementAttribute_false_regexComparison_expectedToPass]
################################################################################################################################################
[ReportManager] Element Action [Type] successfully performed. With the following test data [Automation123]. @30-09-2021 21:31:21.0158 PM
[ReportManager] Element Action [GetText] successfully performed. With the following test data [Automation123]. @30-09-2021 21:31:21.0280 PM
[ReportManager] Loaded Shared OpenCV @30-09-2021 21:31:21.0435 PM
[ReportManager] Assertion [ValidateElementAttribute] PASSED. Expected [Value Should not be 'Automation' for the 'text' attribute, element locator 'By.name: q'] and Actual [Automation123]. Comparison Type [MATCHES]. Validation Type [NEGATIVE]. @30-09-2021 21:31:21.0514 PM
[ReportManager] Successfully created attachment [Screenshot - 1633037481435_assertElementAttribute_false_regexComparison_expectedToPass_ValidateElementAttribute_passed] @30-09-2021 21:31:21.0516 P
[ReportManager] Browser Action [CloseCurrentWindow] successfully performed. @30-09-2021 21:31:21.0676 PM
[ReportManager] Successfully created attachment [Browser Action Test Data - CloseCurrentWindow - Actual Value] @30-09-2021 21:31:21.0677 P
[ReportManager] File Action [GetAbsolutePath] successfully performed. With the following test data [Relative Folder Path: "target/downloadedFiles/"]. @30-09-2021 21:31:21.0688 PM
[ReportManager] Attempting to run remotely on: [Linux-64], [GoogleChrome], [http://localhost:4444/wd/hub], Headless Execution. @30-09-2021 21:31:21.0688 PM
[ReportManager] Successfully Opened [GoogleChrome]. @30-09-2021 21:31:22.0009 PM
[ReportManager] Target URL: [https://www.google.com/ncr], and after redirection: [www.google.com] @30-09-2021 21:31:22.0031 PM
[ReportManager] Initial URL: [data:,] @30-09-2021 21:31:22.0090 PM
[ReportManager] Browser Action [NavigateToURL] successfully performed. With the following test data [https://www.google.com/ncr]. @30-09-2021 21:31:22.0979 P

################################################################################################################################################
Starting Execution:	[17 out of 144] test cases in the current suite
Test Method:		[unitTests.tests_validations_assertions.assertElementAttribute_true_caseInsensitiveComparison_expectedToFail]
################################################################################################################################################
[ReportManager] Element Action [Type] successfully performed. With the following test data [AUTOMATION]. @30-09-2021 21:31:23.0422 PM
[ReportManager] Element Action [GetText] successfully performed. With the following test data [AUTOMATION]. @30-09-2021 21:31:23.0540 PM
[ReportManager] Loaded Shared OpenCV @30-09-2021 21:31:23.0696 PM
[ReportManager] Assertion [ValidateElementAttribute] FAILED. Expected [Value Should be 'AutomaTion123' for the 'text' attribute, element locator 'By.name: q'] and Actual [AUTOMATION]. Comparison Type [CASE_INSENSITIVE]. Validation Type [POSITIVE]. @30-09-2021 21:31:23.0785 PM
[ReportManager] Successfully created attachment [Screenshot - 1633037483696_assertElementAttribute_true_caseInsensitiveComparison_expectedToFail_ValidateElementAttribute_failed] @30-09-2021 21:31:23.0786 P
[ReportManager] Browser Action [CloseCurrentWindow] successfully performed. @30-09-2021 21:31:23.0952 PM
[ReportManager] Successfully created attachment [Browser Action Test Data - CloseCurrentWindow - Actual Value] @30-09-2021 21:31:23.0953 P
[ReportManager] File Action [GetAbsolutePath] successfully performed. With the following test data [Relative Folder Path: "target/downloadedFiles/"]. @30-09-2021 21:31:23.0957 PM
[ReportManager] Attempting to run remotely on: [Linux-64], [GoogleChrome], [http://localhost:4444/wd/hub], Headless Execution. @30-09-2021 21:31:23.0957 PM
[ReportManager] Successfully Opened [GoogleChrome]. @30-09-2021 21:31:24.0217 PM
[ReportManager] Target URL: [https://www.google.com/ncr], and after redirection: [www.google.com] @30-09-2021 21:31:24.0230 PM
[ReportManager] Initial URL: [data:,] @30-09-2021 21:31:24.0274 PM
[ReportManager] Browser Action [NavigateToURL] successfully performed. With the following test data [https://www.google.com/ncr]. @30-09-2021 21:31:25.0128 P

################################################################################################################################################
Starting Execution:	[18 out of 144] test cases in the current suite
Test Method:		[unitTests.tests_validations_assertions.assertElementAttribute_true_caseInsensitiveComparison_expectedToPass]
################################################################################################################################################
[ReportManager] Element Action [Type] successfully performed. With the following test data [AUTOMATION]. @30-09-2021 21:31:25.0570 PM
[ReportManager] Element Action [GetText] successfully performed. With the following test data [AUTOMATION]. @30-09-2021 21:31:25.0688 PM
[ReportManager] Loaded Shared OpenCV @30-09-2021 21:31:25.0843 PM
[ReportManager] Assertion [ValidateElementAttribute] PASSED. Expected [Value Should be 'AutomaTion' for the 'text' attribute, element locator 'By.name: q'] and Actual [AUTOMATION]. Comparison Type [CASE_INSENSITIVE]. Validation Type [POSITIVE]. @30-09-2021 21:31:25.0929 PM
[ReportManager] Successfully created attachment [Screenshot - 1633037485843_assertElementAttribute_true_caseInsensitiveComparison_expectedToPass_ValidateElementAttribute_passed] @30-09-2021 21:31:25.0931 P
[ReportManager] Browser Action [CloseCurrentWindow] successfully performed. @30-09-2021 21:31:26.0071 PM
[ReportManager] Successfully created attachment [Browser Action Test Data - CloseCurrentWindow - Actual Value] @30-09-2021 21:31:26.0072 P
[ReportManager] File Action [GetAbsolutePath] successfully performed. With the following test data [Relative Folder Path: "target/downloadedFiles/"]. @30-09-2021 21:31:26.0081 PM
[ReportManager] Attempting to run remotely on: [Linux-64], [GoogleChrome], [http://localhost:4444/wd/hub], Headless Execution. @30-09-2021 21:31:26.0081 PM
[ReportManager] Successfully Opened [GoogleChrome]. @30-09-2021 21:31:26.0343 PM
[ReportManager] Target URL: [https://www.google.com/ncr], and after redirection: [www.google.com] @30-09-2021 21:31:26.0355 PM
[ReportManager] Initial URL: [data:,] @30-09-2021 21:31:26.0439 PM
[ReportManager] Browser Action [NavigateToURL] successfully performed. With the following test data [https://www.google.com/ncr]. @30-09-2021 21:31:27.0357 P

################################################################################################################################################
Starting Execution:	[19 out of 144] test cases in the current suite
Test Method:		[unitTests.tests_validations_assertions.assertElementAttribute_true_containsComparison_expectedToFail]
################################################################################################################################################
[ReportManager] Element Action [Type] successfully performed. With the following test data [Automation123]. @30-09-2021 21:31:27.0766 PM
[ReportManager] Element Action [GetText] successfully performed. With the following test data [Automation123]. @30-09-2021 21:31:27.0896 PM
[ReportManager] Loaded Shared OpenCV @30-09-2021 21:31:28.0037 PM
[ReportManager] Assertion [ValidateElementAttribute] FAILED. Expected [Value Should be 'Automation1234' for the 'text' attribute, element locator 'By.name: q'] and Actual [Automation123]. Comparison Type [CONTAINS]. Validation Type [POSITIVE]. @30-09-2021 21:31:28.0111 PM
[ReportManager] Successfully created attachment [Screenshot - 1633037488037_assertElementAttribute_true_containsComparison_expectedToFail_ValidateElementAttribute_failed] @30-09-2021 21:31:28.0112 P
[ReportManager] Browser Action [CloseCurrentWindow] successfully performed. @30-09-2021 21:31:28.0269 PM
[ReportManager] Successfully created attachment [Browser Action Test Data - CloseCurrentWindow - Actual Value] @30-09-2021 21:31:28.0270 P
[ReportManager] File Action [GetAbsolutePath] successfully performed. With the following test data [Relative Folder Path: "target/downloadedFiles/"]. @30-09-2021 21:31:28.0275 PM
[ReportManager] Attempting to run remotely on: [Linux-64], [GoogleChrome], [http://localhost:4444/wd/hub], Headless Execution. @30-09-2021 21:31:28.0276 PM
[ReportManager] Successfully Opened [GoogleChrome]. @30-09-2021 21:31:28.0557 PM
[ReportManager] Target URL: [https://www.google.com/ncr], and after redirection: [www.google.com] @30-09-2021 21:31:28.0572 PM
[ReportManager] Initial URL: [data:,] @30-09-2021 21:31:28.0622 PM
[ReportManager] Browser Action [NavigateToURL] successfully performed. With the following test data [https://www.google.com/ncr]. @30-09-2021 21:31:29.0463 P

################################################################################################################################################
Starting Execution:	[20 out of 144] test cases in the current suite
Test Method:		[unitTests.tests_validations_assertions.assertElementAttribute_true_containsComparison_expectedToPass]
################################################################################################################################################
[ReportManager] Element Action [Type] successfully performed. With the following test data [Automation123]. @30-09-2021 21:31:29.0908 PM
[ReportManager] Element Action [GetText] successfully performed. With the following test data [Automation123]. @30-09-2021 21:31:30.0025 PM
[ReportManager] Loaded Shared OpenCV @30-09-2021 21:31:30.0166 PM
[ReportManager] Assertion [ValidateElementAttribute] PASSED. Expected [Value Should be 'Automation' for the 'text' attribute, element locator 'By.name: q'] and Actual [Automation123]. Comparison Type [CONTAINS]. Validation Type [POSITIVE]. @30-09-2021 21:31:30.0244 PM
[ReportManager] Successfully created attachment [Screenshot - 1633037490166_assertElementAttribute_true_containsComparison_expectedToPass_ValidateElementAttribute_passed] @30-09-2021 21:31:30.0245 P
[ReportManager] Browser Action [CloseCurrentWindow] successfully performed. @30-09-2021 21:31:30.0377 PM
[ReportManager] Successfully created attachment [Browser Action Test Data - CloseCurrentWindow - Actual Value] @30-09-2021 21:31:30.0378 P
[ReportManager] File Action [GetAbsolutePath] successfully performed. With the following test data [Relative Folder Path: "target/downloadedFiles/"]. @30-09-2021 21:31:30.0381 PM
[ReportManager] Attempting to run remotely on: [Linux-64], [GoogleChrome], [http://localhost:4444/wd/hub], Headless Execution. @30-09-2021 21:31:30.0381 PM
[ReportManager] Successfully Opened [GoogleChrome]. @30-09-2021 21:31:30.0606 PM
[ReportManager] Target URL: [https://www.google.com/ncr], and after redirection: [www.google.com] @30-09-2021 21:31:30.0625 PM
[ReportManager] Initial URL: [data:,] @30-09-2021 21:31:30.0669 PM
[ReportManager] Browser Action [NavigateToURL] successfully performed. With the following test data [https://www.google.com/ncr]. @30-09-2021 21:31:31.0526 P

################################################################################################################################################
Starting Execution:	[21 out of 144] test cases in the current suite
Test Method:		[unitTests.tests_validations_assertions.assertElementAttribute_true_literalComparison_expectedToFail]
################################################################################################################################################
[ReportManager] Element Action [Type] successfully performed. With the following test data [Automation!@#$%^&*()_+{}[]\';/.,]. @30-09-2021 21:31:32.0069 PM
[ReportManager] Element Action [GetText] successfully performed. With the following test data [Automation!@#$%^&*()_+{}[]\';/.,]. @30-09-2021 21:31:32.0190 PM
[ReportManager] Loaded Shared OpenCV @30-09-2021 21:31:32.0361 PM
[ReportManager] Assertion [ValidateElementAttribute] FAILED. Expected [Value Should be 'Automation' for the 'text' attribute, element locator 'By.name: q'] and Actual [Automation!@#$%^&*()_+{}[]\';/.,]. Comparison Type [EQUALS]. Validation Type [POSITIVE]. @30-09-2021 21:31:32.0444 PM
[ReportManager] Successfully created attachment [Screenshot - 1633037492361_assertElementAttribute_true_literalComparison_expectedToFail_ValidateElementAttribute_failed] @30-09-2021 21:31:32.0446 P
[ReportManager] Browser Action [CloseCurrentWindow] successfully performed. @30-09-2021 21:31:32.0590 PM
[ReportManager] Successfully created attachment [Browser Action Test Data - CloseCurrentWindow - Actual Value] @30-09-2021 21:31:32.0592 P
[ReportManager] File Action [GetAbsolutePath] successfully performed. With the following test data [Relative Folder Path: "target/downloadedFiles/"]. @30-09-2021 21:31:32.0595 PM
[ReportManager] Attempting to run remotely on: [Linux-64], [GoogleChrome], [http://localhost:4444/wd/hub], Headless Execution. @30-09-2021 21:31:32.0595 PM
[ReportManager] Successfully Opened [GoogleChrome]. @30-09-2021 21:31:32.0892 PM
[ReportManager] Target URL: [https://www.google.com/ncr], and after redirection: [www.google.com] @30-09-2021 21:31:32.0921 PM
[ReportManager] Initial URL: [data:,] @30-09-2021 21:31:32.0982 PM
[ReportManager] Browser Action [NavigateToURL] successfully performed. With the following test data [https://www.google.com/ncr]. @30-09-2021 21:31:33.0825 P

################################################################################################################################################
Starting Execution:	[22 out of 144] test cases in the current suite
Test Method:		[unitTests.tests_validations_assertions.assertElementAttribute_true_literalComparison_expectedToPass]
################################################################################################################################################
[ReportManager] Element Action [Type] successfully performed. With the following test data [Automation!@#$%^&*()_+{}[]\';/.,]. @30-09-2021 21:31:34.0346 PM
[ReportManager] Element Action [GetText] successfully performed. With the following test data [Automation!@#$%^&*()_+{}[]\';/.,]. @30-09-2021 21:31:34.0448 PM
[ReportManager] Loaded Shared OpenCV @30-09-2021 21:31:34.0575 PM
[ReportManager] Assertion [ValidateElementAttribute] PASSED. Expected [Value Should be 'Automation!@#$%^&*()_+{}[]\';/.,' for the 'text' attribute, element locator 'By.name: q'] and Actual [Automation!@#$%^&*()_+{}[]\';/.,]. Comparison Type [EQUALS]. Validation Type [POSITIVE]. @30-09-2021 21:31:34.0654 PM
[ReportManager] Successfully created attachment [Screenshot - 1633037494575_assertElementAttribute_true_literalComparison_expectedToPass_ValidateElementAttribute_passed] @30-09-2021 21:31:34.0656 P
[ReportManager] Browser Action [CloseCurrentWindow] successfully performed. @30-09-2021 21:31:34.0793 PM
[ReportManager] Successfully created attachment [Browser Action Test Data - CloseCurrentWindow - Actual Value] @30-09-2021 21:31:34.0793 P
[ReportManager] File Action [GetAbsolutePath] successfully performed. With the following test data [Relative Folder Path: "target/downloadedFiles/"]. @30-09-2021 21:31:34.0796 PM
[ReportManager] Attempting to run remotely on: [Linux-64], [GoogleChrome], [http://localhost:4444/wd/hub], Headless Execution. @30-09-2021 21:31:34.0797 PM
[ReportManager] Successfully Opened [GoogleChrome]. @30-09-2021 21:31:35.0278 PM
[ReportManager] Target URL: [https://www.google.com/ncr], and after redirection: [www.google.com] @30-09-2021 21:31:35.0294 PM
[ReportManager] Initial URL: [data:,] @30-09-2021 21:31:35.0338 PM
[ReportManager] Browser Action [NavigateToURL] successfully performed. With the following test data [https://www.google.com/ncr]. @30-09-2021 21:31:36.0214 P

################################################################################################################################################
Starting Execution:	[23 out of 144] test cases in the current suite
Test Method:		[unitTests.tests_validations_assertions.assertElementAttribute_true_regexComparison_expectedToFail]
################################################################################################################################################
[ReportManager] Element Action [Type] successfully performed. With the following test data [Automation123]. @30-09-2021 21:31:36.0600 PM
[ReportManager] Element Action [GetText] successfully performed. With the following test data [Automation123]. @30-09-2021 21:31:36.0702 PM
[ReportManager] Loaded Shared OpenCV @30-09-2021 21:31:36.0842 PM
[ReportManager] Assertion [ValidateElementAttribute] FAILED. Expected [Value Should be 'Automation' for the 'text' attribute, element locator 'By.name: q'] and Actual [Automation123]. Comparison Type [MATCHES]. Validation Type [POSITIVE]. @30-09-2021 21:31:36.0931 PM
[ReportManager] Successfully created attachment [Screenshot - 1633037496836_assertElementAttribute_true_regexComparison_expectedToFail_ValidateElementAttribute_failed] @30-09-2021 21:31:36.0937 P
[ReportManager] Browser Action [CloseCurrentWindow] successfully performed. @30-09-2021 21:31:37.0085 PM
[ReportManager] Successfully created attachment [Browser Action Test Data - CloseCurrentWindow - Actual Value] @30-09-2021 21:31:37.0086 P
[ReportManager] File Action [GetAbsolutePath] successfully performed. With the following test data [Relative Folder Path: "target/downloadedFiles/"]. @30-09-2021 21:31:37.0098 PM
[ReportManager] Attempting to run remotely on: [Linux-64], [GoogleChrome], [http://localhost:4444/wd/hub], Headless Execution. @30-09-2021 21:31:37.0099 PM
[ReportManager] Successfully Opened [GoogleChrome]. @30-09-2021 21:31:37.0359 PM
[ReportManager] Target URL: [https://www.google.com/ncr], and after redirection: [www.google.com] @30-09-2021 21:31:37.0371 PM
[ReportManager] Initial URL: [data:,] @30-09-2021 21:31:37.0423 PM
[ReportManager] Browser Action [NavigateToURL] successfully performed. With the following test data [https://www.google.com/ncr]. @30-09-2021 21:31:38.0302 P

################################################################################################################################################
Starting Execution:	[24 out of 144] test cases in the current suite
Test Method:		[unitTests.tests_validations_assertions.assertElementAttribute_true_regexComparison_expectedToPass]
################################################################################################################################################
[ReportManager] Element Action [Type] successfully performed. With the following test data [Automation123]. @30-09-2021 21:31:38.0733 PM
[ReportManager] Element Action [GetText] successfully performed. With the following test data [Automation123]. @30-09-2021 21:31:38.0842 PM
[ReportManager] Loaded Shared OpenCV @30-09-2021 21:31:38.0983 PM
[ReportManager] Assertion [ValidateElementAttribute] PASSED. Expected [Value Should be 'Automation.*' for the 'text' attribute, element locator 'By.name: q'] and Actual [Automation123]. Comparison Type [MATCHES]. Validation Type [POSITIVE]. @30-09-2021 21:31:39.0059 PM
[ReportManager] Successfully created attachment [Screenshot - 1633037498983_assertElementAttribute_true_regexComparison_expectedToPass_ValidateElementAttribute_passed] @30-09-2021 21:31:39.0060 P
[ReportManager] Browser Action [CloseCurrentWindow] successfully performed. @30-09-2021 21:31:39.0203 PM
[ReportManager] Successfully created attachment [Browser Action Test Data - CloseCurrentWindow - Actual Value] @30-09-2021 21:31:39.0204 P
[ReportManager] File Action [GetAbsolutePath] successfully performed. With the following test data [Relative Folder Path: "target/downloadedFiles/"]. @30-09-2021 21:31:39.0208 PM
[ReportManager] Attempting to run remotely on: [Linux-64], [GoogleChrome], [http://localhost:4444/wd/hub], Headless Execution. @30-09-2021 21:31:39.0208 PM
[ReportManager] Successfully Opened [GoogleChrome]. @30-09-2021 21:31:39.0443 PM
[ReportManager] Target URL: [https://www.google.com/ncr], and after redirection: [www.google.com] @30-09-2021 21:31:39.0455 PM
[ReportManager] Initial URL: [data:,] @30-09-2021 21:31:39.0500 PM
[ReportManager] Browser Action [NavigateToURL] successfully performed. With the following test data [https://www.google.com/ncr]. @30-09-2021 21:31:40.0350 P

################################################################################################################################################
Starting Execution:	[25 out of 144] test cases in the current suite
Test Method:		[unitTests.tests_validations_assertions.assertElementAttribute_type_true_literalComparison_expectedToPass]
################################################################################################################################################
[ReportManager] Element Action [Type] successfully performed. With the following test data [Automation!@#$%^&*()_+{}[]\';/.,]. @30-09-2021 21:31:40.0958 PM
[ReportManager] Element Action [GetText] successfully performed. With the following test data [Automation!@#$%^&*()_+{}[]\';/.,]. @30-09-2021 21:31:41.0061 PM
[ReportManager] Loaded Shared OpenCV @30-09-2021 21:31:41.0211 PM
[ReportManager] Assertion [ValidateElementAttribute] PASSED. Expected [Value Should be 'Automation!@#$%^&*()_+{}[]\';/.,' for the 'text' attribute, element locator 'By.name: q'] and Actual [Automation!@#$%^&*()_+{}[]\';/.,]. Comparison Type [EQUALS]. Validation Type [POSITIVE]. @30-09-2021 21:31:41.0290 PM
[ReportManager] Successfully created attachment [Screenshot - 1633037501211_assertElementAttribute_type_true_literalComparison_expectedToPass_ValidateElementAttribute_passed] @30-09-2021 21:31:41.0291 P
[ReportManager] Browser Action [CloseCurrentWindow] successfully performed. @30-09-2021 21:31:41.0424 PM
[ReportManager] Successfully created attachment [Browser Action Test Data - CloseCurrentWindow - Actual Value] @30-09-2021 21:31:41.0424 P
[ReportManager] File Action [GetAbsolutePath] successfully performed. With the following test data [Relative Folder Path: "target/downloadedFiles/"]. @30-09-2021 21:31:41.0429 PM
[ReportManager] Attempting to run remotely on: [Linux-64], [GoogleChrome], [http://localhost:4444/wd/hub], Headless Execution. @30-09-2021 21:31:41.0430 PM
[ReportManager] Successfully Opened [GoogleChrome]. @30-09-2021 21:31:41.0663 PM
[ReportManager] Target URL: [https://www.google.com/ncr], and after redirection: [www.google.com] @30-09-2021 21:31:41.0674 PM
[ReportManager] Initial URL: [data:,] @30-09-2021 21:31:41.0721 PM
[ReportManager] Browser Action [NavigateToURL] successfully performed. With the following test data [https://www.google.com/ncr]. @30-09-2021 21:31:42.0618 P

################################################################################################################################################
Starting Execution:	[26 out of 144] test cases in the current suite
Test Method:		[unitTests.tests_validations_assertions.assertElementExists_false_expectedToFail]
################################################################################################################################################
[ReportManager] Assertion [ValidateElementExists] PASSED. Expected [Element Should not Exist, locator 'By.id: hplogo'] and Actual [Element Doesn't Exists]. Comparison Type [EQUALS]. Validation Type [NEGATIVE]. @30-09-2021 21:31:53.0024 PM
[ReportManager] Successfully created attachment [Screenshot - 1633037512951_assertElementExists_false_expectedToFail_ValidateElementExists_passed] @30-09-2021 21:31:53.0025 P
[ReportManager] Browser Action [CloseCurrentWindow] successfully performed. @30-09-2021 21:31:53.0147 PM
[ReportManager] Successfully created attachment [Browser Action Test Data - CloseCurrentWindow - Actual Value] @30-09-2021 21:31:53.0148 P
[ReportManager] File Action [GetAbsolutePath] successfully performed. With the following test data [Relative Folder Path: "target/downloadedFiles/"]. @30-09-2021 21:31:53.0151 PM
[ReportManager] Attempting to run remotely on: [Linux-64], [GoogleChrome], [http://localhost:4444/wd/hub], Headless Execution. @30-09-2021 21:31:53.0151 PM
[ReportManager] Successfully Opened [GoogleChrome]. @30-09-2021 21:31:53.0368 PM
[ReportManager] Target URL: [https://www.google.com/ncr], and after redirection: [www.google.com] @30-09-2021 21:31:53.0380 PM
[ReportManager] Initial URL: [data:,] @30-09-2021 21:31:53.0427 PM
[ReportManager] Browser Action [NavigateToURL] successfully performed. With the following test data [https://www.google.com/ncr]. @30-09-2021 21:31:54.0335 P

################################################################################################################################################
Starting Execution:	[27 out of 144] test cases in the current suite
Test Method:		[unitTests.tests_validations_assertions.assertElementExists_false_expectedToPass]
################################################################################################################################################
[ReportManager] Assertion [ValidateElementExists] PASSED. Expected [Element Should not Exist, locator 'By.id: fakeElement'] and Actual [Element Doesn't Exists]. Comparison Type [EQUALS]. Validation Type [NEGATIVE]. @30-09-2021 21:32:04.0720 PM
[ReportManager] Successfully created attachment [Screenshot - 1633037524649_assertElementExists_false_expectedToPass_ValidateElementExists_passed] @30-09-2021 21:32:04.0721 P
[ReportManager] Browser Action [CloseCurrentWindow] successfully performed. @30-09-2021 21:32:04.0848 PM
[ReportManager] Successfully created attachment [Browser Action Test Data - CloseCurrentWindow - Actual Value] @30-09-2021 21:32:04.0849 P
[ReportManager] File Action [GetAbsolutePath] successfully performed. With the following test data [Relative Folder Path: "target/downloadedFiles/"]. @30-09-2021 21:32:04.0861 PM
[ReportManager] Attempting to run remotely on: [Linux-64], [GoogleChrome], [http://localhost:4444/wd/hub], Headless Execution. @30-09-2021 21:32:04.0864 PM
[ReportManager] Successfully Opened [GoogleChrome]. @30-09-2021 21:32:05.0108 PM
[ReportManager] Target URL: [https://www.google.com/ncr], and after redirection: [www.google.com] @30-09-2021 21:32:05.0120 PM
[ReportManager] Initial URL: [data:,] @30-09-2021 21:32:05.0168 PM
[ReportManager] Browser Action [NavigateToURL] successfully performed. With the following test data [https://www.google.com/ncr]. @30-09-2021 21:32:06.0029 P

################################################################################################################################################
Starting Execution:	[28 out of 144] test cases in the current suite
Test Method:		[unitTests.tests_validations_assertions.assertElementExists_false_multipleElementsFound_expectedToFail]
################################################################################################################################################
[ReportManager] Assertion [ValidateElementExists] FAILED. Expected [Element Should not Exist, locator 'By.xpath: //div'] and Actual [Element Exists but is not unique]. Comparison Type [EQUALS]. Validation Type [NEGATIVE]. @30-09-2021 21:32:06.0291 PM
[ReportManager] Successfully created attachment [Screenshot - 1633037526232_assertElementExists_false_multipleElementsFound_expectedToFail_ValidateElementExists_failed] @30-09-2021 21:32:06.0292 P
[ReportManager] Browser Action [CloseCurrentWindow] successfully performed. @30-09-2021 21:32:06.0417 PM
[ReportManager] Successfully created attachment [Browser Action Test Data - CloseCurrentWindow - Actual Value] @30-09-2021 21:32:06.0418 P
[ReportManager] File Action [GetAbsolutePath] successfully performed. With the following test data [Relative Folder Path: "target/downloadedFiles/"]. @30-09-2021 21:32:06.0421 PM
[ReportManager] Attempting to run remotely on: [Linux-64], [GoogleChrome], [http://localhost:4444/wd/hub], Headless Execution. @30-09-2021 21:32:06.0421 PM
[ReportManager] Successfully Opened [GoogleChrome]. @30-09-2021 21:32:06.0709 PM
[ReportManager] Target URL: [https://www.google.com/ncr], and after redirection: [www.google.com] @30-09-2021 21:32:06.0722 PM
[ReportManager] Initial URL: [data:,] @30-09-2021 21:32:06.0783 PM
[ReportManager] Browser Action [NavigateToURL] successfully performed. With the following test data [https://www.google.com/ncr]. @30-09-2021 21:32:07.0680 P

################################################################################################################################################
Starting Execution:	[29 out of 144] test cases in the current suite
Test Method:		[unitTests.tests_validations_assertions.assertElementExists_true_expectedToFail]
################################################################################################################################################
[ReportManager] Assertion [ValidateElementExists] FAILED. Expected [Element Should Exist, locator 'By.id: fakeElement'] and Actual [Element Doesn't Exists]. Comparison Type [EQUALS]. Validation Type [POSITIVE]. @30-09-2021 21:32:38.0387 PM
[ReportManager] Successfully created attachment [Screenshot - 1633037558329_assertElementExists_true_expectedToFail_ValidateElementExists_failed] @30-09-2021 21:32:38.0388 P
[ReportManager] Browser Action [CloseCurrentWindow] successfully performed. @30-09-2021 21:32:38.0515 PM
[ReportManager] Successfully created attachment [Browser Action Test Data - CloseCurrentWindow - Actual Value] @30-09-2021 21:32:38.0516 P
[ReportManager] File Action [GetAbsolutePath] successfully performed. With the following test data [Relative Folder Path: "target/downloadedFiles/"]. @30-09-2021 21:32:38.0519 PM
[ReportManager] Attempting to run remotely on: [Linux-64], [GoogleChrome], [http://localhost:4444/wd/hub], Headless Execution. @30-09-2021 21:32:38.0519 PM
[ReportManager] Successfully Opened [GoogleChrome]. @30-09-2021 21:32:38.0754 PM
[ReportManager] Target URL: [https://www.google.com/ncr], and after redirection: [www.google.com] @30-09-2021 21:32:38.0766 PM
[ReportManager] Initial URL: [data:,] @30-09-2021 21:32:38.0808 PM
[ReportManager] Browser Action [NavigateToURL] successfully performed. With the following test data [https://www.google.com/ncr]. @30-09-2021 21:32:39.0688 P

################################################################################################################################################
Starting Execution:	[30 out of 144] test cases in the current suite
Test Method:		[unitTests.tests_validations_assertions.assertElementExists_true_expectedToPass]
################################################################################################################################################
[ReportManager] Loaded Shared OpenCV @30-09-2021 21:32:39.0884 PM
[ReportManager] Assertion [ValidateElementExists] PASSED. Expected [Element Should Exist, locator 'By.xpath: //*[@id='hplogo' or @alt='Google']'] and Actual [Element Exists]. Comparison Type [EQUALS]. Validation Type [POSITIVE]. @30-09-2021 21:32:39.0961 PM
[ReportManager] Successfully created attachment [Screenshot - 1633037559884_assertElementExists_true_expectedToPass_ValidateElementExists_passed] @30-09-2021 21:32:39.0963 P
[ReportManager] Browser Action [CloseCurrentWindow] successfully performed. @30-09-2021 21:32:40.0086 PM
[ReportManager] Successfully created attachment [Browser Action Test Data - CloseCurrentWindow - Actual Value] @30-09-2021 21:32:40.0087 P
[ReportManager] File Action [GetAbsolutePath] successfully performed. With the following test data [Relative Folder Path: "target/downloadedFiles/"]. @30-09-2021 21:32:40.0090 PM
[ReportManager] Attempting to run remotely on: [Linux-64], [GoogleChrome], [http://localhost:4444/wd/hub], Headless Execution. @30-09-2021 21:32:40.0092 PM
[ReportManager] Successfully Opened [GoogleChrome]. @30-09-2021 21:32:40.0301 PM
[ReportManager] Target URL: [https://www.google.com/ncr], and after redirection: [www.google.com] @30-09-2021 21:32:40.0317 PM
[ReportManager] Initial URL: [data:,] @30-09-2021 21:32:40.0363 PM
[ReportManager] Browser Action [NavigateToURL] successfully performed. With the following test data [https://www.google.com/ncr]. @30-09-2021 21:32:41.0221 P

################################################################################################################################################
Starting Execution:	[31 out of 144] test cases in the current suite
Test Method:		[unitTests.tests_validations_assertions.assertElementExists_true_multipleElementsFound_expectedToFail]
################################################################################################################################################
[ReportManager] Assertion [ValidateElementExists] FAILED. Expected [Element Should Exist, locator 'By.xpath: //div'] and Actual [Element Exists but is not unique]. Comparison Type [EQUALS]. Validation Type [POSITIVE]. @30-09-2021 21:32:41.0456 PM
[ReportManager] Successfully created attachment [Screenshot - 1633037561396_assertElementExists_true_multipleElementsFound_expectedToFail_ValidateElementExists_failed] @30-09-2021 21:32:41.0457 P
[ReportManager] Browser Action [CloseCurrentWindow] successfully performed. @30-09-2021 21:32:41.0579 PM
[ReportManager] Successfully created attachment [Browser Action Test Data - CloseCurrentWindow - Actual Value] @30-09-2021 21:32:41.0580 P

################################################################################################################################################
Starting Execution:	[32 out of 144] test cases in the current suite
Test Method:		[unitTests.tests_validations_assertions.assertEquals_false_expectedToFail]
################################################################################################################################################
[ReportManager] Assertion [ValidateEquals] FAILED. Expected [1] and Actual [1]. Comparison Type [EQUALS]. Validation Type [NEGATIVE]. @30-09-2021 21:32:41.0587 P

################################################################################################################################################
Starting Execution:	[33 out of 144] test cases in the current suite
Test Method:		[unitTests.tests_validations_assertions.assertEquals_false_expectedToPass]
################################################################################################################################################
[ReportManager] Assertion [ValidateEquals] PASSED. Expected [1] and Actual [2]. Comparison Type [EQUALS]. Validation Type [NEGATIVE]. @30-09-2021 21:32:41.0591 P

################################################################################################################################################
Starting Execution:	[34 out of 144] test cases in the current suite
Test Method:		[unitTests.tests_validations_assertions.assertEquals_longCharacters]
################################################################################################################################################
[ReportManager] Verification [ValidateEquals] PASSED. Expected and Actual values are attached. Comparison Type [EQUALS]. Validation Type [POSITIVE]. @30-09-2021 21:32:41.0598 PM
[ReportManager] Successfully created attachment [Validation Test Data - Expected Value] @30-09-2021 21:32:41.0598 PM
[ReportManager] Successfully created attachment [Validation Test Data - Actual Value] @30-09-2021 21:32:41.0598 PM
[ReportManager] Assertion [ValidateEquals] PASSED. Expected and Actual values are attached. Comparison Type [EQUALS]. Validation Type [POSITIVE]. @30-09-2021 21:32:41.0598 PM
[ReportManager] Successfully created attachment [Validation Test Data - Expected Value] @30-09-2021 21:32:41.0599 PM
[ReportManager] Successfully created attachment [Validation Test Data - Actual Value] @30-09-2021 21:32:41.0599 P

################################################################################################################################################
Starting Execution:	[35 out of 144] test cases in the current suite
Test Method:		[unitTests.tests_validations_assertions.assertEquals_longCharacters_Discreet]
################################################################################################################################################
[ReportManager] Assertion [ValidateEquals] PASSED. Expected [1LH5pROcDBjjQk0t0mCr0lXuzQu9lcGj28kY8R1H81X67eVAQJgWQhILiRWVPUgZ6uCtK5cnBkF55Jr9vYngjGO1Iyf0Mktv6lruDlL9T8MAUPcUZJGHZtji6nIeadujDSNmWMj5d6C8zlFqw0CRqBU0hO5adIasHgBSNoLotAjce3NGXoDwAlp3rYreeV16VIyZXROQY] and Actual [1LH5pROcDBjjQk0t0mCr0lXuzQu9lcGj28kY8R1H81X67eVAQJgWQhILiRWVPUgZ6uCtK5cnBkF55Jr9vYngjGO1Iyf0Mktv6lruDlL9T8MAUPcUZJGHZtji6nIeadujDSNmWMj5d6C8zlFqw0CRqBU0hO5adIasHgBSNoLotAjce3NGXoDwAlp3rYreeV16VIyZXROQY]. Comparison Type [EQUALS]. Validation Type [POSITIVE]. @30-09-2021 21:32:41.0603 P

################################################################################################################################################
Starting Execution:	[36 out of 144] test cases in the current suite
Test Method:		[unitTests.tests_validations_assertions.assertEquals_true_expectedToFail]
################################################################################################################################################
[ReportManager] Assertion [ValidateEquals] FAILED. Expected [1] and Actual [2]. Comparison Type [EQUALS]. Validation Type [POSITIVE]. @30-09-2021 21:32:41.0610 P

################################################################################################################################################
Starting Execution:	[37 out of 144] test cases in the current suite
Test Method:		[unitTests.tests_validations_assertions.assertEquals_true_expectedToPass]
Test Description:	[Assert that assertEquals works as expected when the two values are equal.]
################################################################################################################################################
[ReportManager] Verification [ValidateEquals] PASSED. Expected [1] and Actual [1]. Comparison Type [EQUALS]. Validation Type [POSITIVE]. @30-09-2021 21:32:41.0621 PM
[ReportManager] Assertion [ValidateEquals] PASSED. Expected [1] and Actual [1]. Comparison Type [EQUALS]. Validation Type [POSITIVE]. @30-09-2021 21:32:41.0621 P

################################################################################################################################################
Starting Execution:	[38 out of 144] test cases in the current suite
Test Method:		[unitTests.tests_validations_assertions.assertEquals_true_expectedToPass__]
################################################################################################################################################
[ReportManager] Assertion [ValidateEquals] PASSED. Expected [1] and Actual [1]. Comparison Type [EQUALS]. Validation Type [POSITIVE]. @30-09-2021 21:32:41.0626 P

################################################################################################################################################
Starting Execution:	[39 out of 144] test cases in the current suite
Test Method:		[unitTests.tests_validations_assertions.assertFileExists_false_expectedToFail]
################################################################################################################################################
[ReportManager] File Action [DoesFileExist] successfully performed. With the following test data [File Path: "src/main/java/com/shaft/gui/element/ElementActions.java"]. @30-09-2021 21:32:41.0637 PM
[ReportManager] Assertion [ValidateFileExists] FAILED. Expected [File 'src/main/java/com/shaft/gui/element/ElementActions.java' should not exist, after up to '1' retries] and Actual [File exists]. Validation Type [NEGATIVE]. @30-09-2021 21:32:41.0643 P

################################################################################################################################################
Starting Execution:	[40 out of 144] test cases in the current suite
Test Method:		[unitTests.tests_validations_assertions.assertFileExists_false_expectedToPass]
################################################################################################################################################
[ReportManager] File Action [DoesFileExist] successfully performed. With the following test data [File Path: "src/main/java/com/shaft/gui/element/ElementActions.java_fail"]. @30-09-2021 21:32:42.0146 PM
[ReportManager] Assertion [ValidateFileExists] PASSED. Expected [File 'src/main/java/com/shaft/gui/element/ElementActions.java_fail' should not exist, after up to '1' retries] and Actual [File does not exist]. Validation Type [NEGATIVE]. @30-09-2021 21:32:42.0147 P

################################################################################################################################################
Starting Execution:	[41 out of 144] test cases in the current suite
Test Method:		[unitTests.tests_validations_assertions.assertFileExists_true_expectedToFail]
################################################################################################################################################
[ReportManager] File Action [DoesFileExist] successfully performed. With the following test data [File Path: "src/main/java/com/shaft/gui/element/ElementActions.java_fail"]. @30-09-2021 21:32:42.0652 PM
[ReportManager] Assertion [ValidateFileExists] FAILED. Expected [File 'src/main/java/com/shaft/gui/element/ElementActions.java_fail' should exist, after up to '1' retries] and Actual [File does not exist]. Validation Type [POSITIVE]. @30-09-2021 21:32:42.0652 P

################################################################################################################################################
Starting Execution:	[42 out of 144] test cases in the current suite
Test Method:		[unitTests.tests_validations_assertions.assertFileExists_true_expectedToPass]
################################################################################################################################################
[ReportManager] File Action [DoesFileExist] successfully performed. With the following test data [File Path: "src/main/java/com/shaft/gui/element/ElementActions.java"]. @30-09-2021 21:32:42.0658 PM
[ReportManager] Assertion [ValidateFileExists] PASSED. Expected [File 'src/main/java/com/shaft/gui/element/ElementActions.java' should exist, after up to '1' retries] and Actual [File exists]. Validation Type [POSITIVE]. @30-09-2021 21:32:42.0658 P

################################################################################################################################################
Starting Execution:	[43 out of 144] test cases in the current suite
Test Method:		[unitTests.tests_validations_assertions.assertNull_false_expectedToFail]
################################################################################################################################################
[ReportManager] Assertion [ValidateNull] FAILED. Expected [NULL] and Actual [NULL]. Comparison Type [EQUALS]. Validation Type [NEGATIVE]. @30-09-2021 21:32:42.0663 P

################################################################################################################################################
Starting Execution:	[44 out of 144] test cases in the current suite
Test Method:		[unitTests.tests_validations_assertions.assertNull_false_expectedToPass]
################################################################################################################################################
[ReportManager] Assertion [ValidateNull] PASSED. Expected [NULL] and Actual [1]. Comparison Type [EQUALS]. Validation Type [NEGATIVE]. @30-09-2021 21:32:42.0670 P

################################################################################################################################################
Starting Execution:	[45 out of 144] test cases in the current suite
Test Method:		[unitTests.tests_validations_assertions.assertNull_true_expectedToFail]
################################################################################################################################################
[ReportManager] Assertion [ValidateNull] FAILED. Expected [NULL] and Actual [1]. Comparison Type [EQUALS]. Validation Type [POSITIVE]. @30-09-2021 21:32:42.0674 P

################################################################################################################################################
Starting Execution:	[46 out of 144] test cases in the current suite
Test Method:		[unitTests.tests_validations_assertions.assertNull_true_expectedToPass]
################################################################################################################################################
[ReportManager] Assertion [ValidateNull] PASSED. Expected [NULL] and Actual [NULL]. Comparison Type [EQUALS]. Validation Type [POSITIVE]. @30-09-2021 21:32:42.0677 P

################################################################################################################################################
Starting Execution:	[47 out of 144] test cases in the current suite
Test Method:		[unitTests.tests_restActions.getPostsAndAssertBodyForSpecificTitle]
################################################################################################################################################
[ReportManager] Response status code: [200], status line: [HTTP/1.1 200 OK] @30-09-2021 21:32:44.0983 PM
[ReportManager] Assertion Passed: Evaluating the actual response status code against the expected one... @30-09-2021 21:32:44.0984 PM
[ReportManager] Assertion [ValidateEquals] PASSED. Expected [200] and Actual [200]. Comparison Type [EQUALS]. Validation Type [POSITIVE]. @30-09-2021 21:32:44.0984 PM
[ReportManager] API Action [PerformRequest] successfully performed. With the following test data [Request Type: "GET" | Target Status Code: "200" | Service URL: "https://jsonplaceholder.typicode.com/posts" | Content Type: "*/*" | Response Time: "730ms"]. @30-09-2021 21:32:46.0346 PM
[ReportManager] Successfully created attachment [API Request - Specifications] @30-09-2021 21:32:46.0351 PM
[ReportManager] Successfully created attachment [API Response - JSON Body] @30-09-2021 21:32:46.0614 PM
[ReportManager] API Action [GetResponseJSONValueAsList] successfully performed. @30-09-2021 21:32:46.0682 PM
[ReportManager] API Action [GetResponseJSONValue] successfully performed. With the following test data [title]. @30-09-2021 21:32:46.0709 PM
[ReportManager] API Action [GetResponseJSONValue] successfully performed. With the following test data [title]. @30-09-2021 21:32:46.0747 PM
[ReportManager] API Action [GetResponseJSONValue] successfully performed. With the following test data [body]. @30-09-2021 21:32:46.0777 PM
[ReportManager] Assertion [ValidateEquals] PASSED. Expected [qui neque nisi nulla] and Actual [est rerum tempore vitae
sequi sint nihil reprehenderit dolor beatae ea dolores neque
fugiat blanditiis voluptate porro vel nihil molestiae ut reiciendis
qui aperiam non debitis possimus qui neque nisi nulla]. Comparison Type [CONTAINS]. Validation Type [POSITIVE]. @30-09-2021 21:32:46.0778 PM
[ReportManager] API Action [GetResponseJSONValue] successfully performed. With the following test data [title]. @30-09-2021 21:32:46.0802 PM
[ReportManager] API Action [GetResponseJSONValue] successfully performed. With the following test data [title]. @30-09-2021 21:32:46.0820 PM
[ReportManager] API Action [GetResponseJSONValue] successfully performed. With the following test data [title]. @30-09-2021 21:32:46.0835 PM
[ReportManager] API Action [GetResponseJSONValue] successfully performed. With the following test data [title]. @30-09-2021 21:32:46.0851 PM
[ReportManager] API Action [GetResponseJSONValue] successfully performed. With the following test data [title]. @30-09-2021 21:32:46.0874 PM
[ReportManager] API Action [GetResponseJSONValue] successfully performed. With the following test data [title]. @30-09-2021 21:32:46.0892 PM
[ReportManager] API Action [GetResponseJSONValue] successfully performed. With the following test data [title]. @30-09-2021 21:32:46.0911 PM
[ReportManager] API Action [GetResponseJSONValue] successfully performed. With the following test data [title]. @30-09-2021 21:32:46.0926 PM
[ReportManager] API Action [GetResponseJSONValue] successfully performed. With the following test data [title]. @30-09-2021 21:32:46.0941 PM
[ReportManager] API Action [GetResponseJSONValue] successfully performed. With the following test data [title]. @30-09-2021 21:32:46.0956 PM
[ReportManager] API Action [GetResponseJSONValue] successfully performed. With the following test data [title]. @30-09-2021 21:32:46.0973 PM
[ReportManager] API Action [GetResponseJSONValue] successfully performed. With the following test data [title]. @30-09-2021 21:32:46.0998 PM
[ReportManager] API Action [GetResponseJSONValue] successfully performed. With the following test data [title]. @30-09-2021 21:32:47.0011 PM
[ReportManager] API Action [GetResponseJSONValue] successfully performed. With the following test data [title]. @30-09-2021 21:32:47.0025 PM
[ReportManager] API Action [GetResponseJSONValue] successfully performed. With the following test data [title]. @30-09-2021 21:32:47.0037 PM
[ReportManager] API Action [GetResponseJSONValue] successfully performed. With the following test data [title]. @30-09-2021 21:32:47.0056 PM
[ReportManager] API Action [GetResponseJSONValue] successfully performed. With the following test data [title]. @30-09-2021 21:32:47.0079 PM
[ReportManager] API Action [GetResponseJSONValue] successfully performed. With the following test data [title]. @30-09-2021 21:32:47.0093 PM
[ReportManager] API Action [GetResponseJSONValue] successfully performed. With the following test data [title]. @30-09-2021 21:32:47.0108 PM
[ReportManager] API Action [GetResponseJSONValue] successfully performed. With the following test data [title]. @30-09-2021 21:32:47.0121 PM
[ReportManager] API Action [GetResponseJSONValue] successfully performed. With the following test data [title]. @30-09-2021 21:32:47.0134 PM
[ReportManager] API Action [GetResponseJSONValue] successfully performed. With the following test data [title]. @30-09-2021 21:32:47.0147 PM
[ReportManager] API Action [GetResponseJSONValue] successfully performed. With the following test data [title]. @30-09-2021 21:32:47.0161 PM
[ReportManager] API Action [GetResponseJSONValue] successfully performed. With the following test data [title]. @30-09-2021 21:32:47.0174 PM
[ReportManager] API Action [GetResponseJSONValue] successfully performed. With the following test data [title]. @30-09-2021 21:32:47.0188 PM
[ReportManager] API Action [GetResponseJSONValue] successfully performed. With the following test data [title]. @30-09-2021 21:32:47.0202 PM
[ReportManager] API Action [GetResponseJSONValue] successfully performed. With the following test data [title]. @30-09-2021 21:32:47.0217 PM
[ReportManager] API Action [GetResponseJSONValue] successfully performed. With the following test data [title]. @30-09-2021 21:32:47.0231 PM
[ReportManager] API Action [GetResponseJSONValue] successfully performed. With the following test data [title]. @30-09-2021 21:32:47.0246 PM
[ReportManager] API Action [GetResponseJSONValue] successfully performed. With the following test data [title]. @30-09-2021 21:32:47.0260 PM
[ReportManager] API Action [GetResponseJSONValue] successfully performed. With the following test data [title]. @30-09-2021 21:32:47.0274 PM
[ReportManager] API Action [GetResponseJSONValue] successfully performed. With the following test data [title]. @30-09-2021 21:32:47.0288 PM
[ReportManager] API Action [GetResponseJSONValue] successfully performed. With the following test data [title]. @30-09-2021 21:32:47.0302 PM
[ReportManager] API Action [GetResponseJSONValue] successfully performed. With the following test data [title]. @30-09-2021 21:32:47.0314 PM
[ReportManager] API Action [GetResponseJSONValue] successfully performed. With the following test data [title]. @30-09-2021 21:32:47.0328 PM
[ReportManager] API Action [GetResponseJSONValue] successfully performed. With the following test data [title]. @30-09-2021 21:32:47.0341 PM
[ReportManager] API Action [GetResponseJSONValue] successfully performed. With the following test data [title]. @30-09-2021 21:32:47.0363 PM
[ReportManager] API Action [GetResponseJSONValue] successfully performed. With the following test data [title]. @30-09-2021 21:32:47.0377 PM
[ReportManager] API Action [GetResponseJSONValue] successfully performed. With the following test data [title]. @30-09-2021 21:32:47.0390 PM
[ReportManager] API Action [GetResponseJSONValue] successfully performed. With the following test data [title]. @30-09-2021 21:32:47.0403 PM
[ReportManager] API Action [GetResponseJSONValue] successfully performed. With the following test data [title]. @30-09-2021 21:32:47.0415 PM
[ReportManager] API Action [GetResponseJSONValue] successfully performed. With the following test data [title]. @30-09-2021 21:32:47.0427 PM
[ReportManager] API Action [GetResponseJSONValue] successfully performed. With the following test data [title]. @30-09-2021 21:32:47.0438 PM
[ReportManager] API Action [GetResponseJSONValue] successfully performed. With the following test data [title]. @30-09-2021 21:32:47.0449 PM
[ReportManager] API Action [GetResponseJSONValue] successfully performed. With the following test data [title]. @30-09-2021 21:32:47.0461 PM
[ReportManager] API Action [GetResponseJSONValue] successfully performed. With the following test data [title]. @30-09-2021 21:32:47.0473 PM
[ReportManager] API Action [GetResponseJSONValue] successfully performed. With the following test data [title]. @30-09-2021 21:32:47.0487 PM
[ReportManager] API Action [GetResponseJSONValue] successfully performed. With the following test data [title]. @30-09-2021 21:32:47.0499 PM
[ReportManager] API Action [GetResponseJSONValue] successfully performed. With the following test data [title]. @30-09-2021 21:32:47.0510 PM
[ReportManager] API Action [GetResponseJSONValue] successfully performed. With the following test data [title]. @30-09-2021 21:32:47.0523 PM
[ReportManager] API Action [GetResponseJSONValue] successfully performed. With the following test data [title]. @30-09-2021 21:32:47.0535 PM
[ReportManager] API Action [GetResponseJSONValue] successfully performed. With the following test data [title]. @30-09-2021 21:32:47.0548 PM
[ReportManager] API Action [GetResponseJSONValue] successfully performed. With the following test data [title]. @30-09-2021 21:32:47.0560 PM
[ReportManager] API Action [GetResponseJSONValue] successfully performed. With the following test data [title]. @30-09-2021 21:32:47.0571 PM
[ReportManager] API Action [GetResponseJSONValue] successfully performed. With the following test data [title]. @30-09-2021 21:32:47.0582 PM
[ReportManager] API Action [GetResponseJSONValue] successfully performed. With the following test data [title]. @30-09-2021 21:32:47.0593 PM
[ReportManager] API Action [GetResponseJSONValue] successfully performed. With the following test data [title]. @30-09-2021 21:32:47.0603 PM
[ReportManager] API Action [GetResponseJSONValue] successfully performed. With the following test data [title]. @30-09-2021 21:32:47.0614 PM
[ReportManager] API Action [GetResponseJSONValue] successfully performed. With the following test data [title]. @30-09-2021 21:32:47.0625 PM
[ReportManager] API Action [GetResponseJSONValue] successfully performed. With the following test data [title]. @30-09-2021 21:32:47.0654 PM
[ReportManager] API Action [GetResponseJSONValue] successfully performed. With the following test data [title]. @30-09-2021 21:32:47.0667 PM
[ReportManager] API Action [GetResponseJSONValue] successfully performed. With the following test data [title]. @30-09-2021 21:32:47.0680 PM
[ReportManager] API Action [GetResponseJSONValue] successfully performed. With the following test data [title]. @30-09-2021 21:32:47.0692 PM
[ReportManager] API Action [GetResponseJSONValue] successfully performed. With the following test data [title]. @30-09-2021 21:32:47.0704 PM
[ReportManager] API Action [GetResponseJSONValue] successfully performed. With the following test data [title]. @30-09-2021 21:32:47.0715 PM
[ReportManager] API Action [GetResponseJSONValue] successfully performed. With the following test data [title]. @30-09-2021 21:32:47.0728 PM
[ReportManager] API Action [GetResponseJSONValue] successfully performed. With the following test data [title]. @30-09-2021 21:32:47.0740 PM
[ReportManager] API Action [GetResponseJSONValue] successfully performed. With the following test data [title]. @30-09-2021 21:32:47.0751 PM
[ReportManager] API Action [GetResponseJSONValue] successfully performed. With the following test data [title]. @30-09-2021 21:32:47.0762 PM
[ReportManager] API Action [GetResponseJSONValue] successfully performed. With the following test data [title]. @30-09-2021 21:32:47.0772 PM
[ReportManager] API Action [GetResponseJSONValue] successfully performed. With the following test data [title]. @30-09-2021 21:32:47.0782 PM
[ReportManager] API Action [GetResponseJSONValue] successfully performed. With the following test data [title]. @30-09-2021 21:32:47.0792 PM
[ReportManager] API Action [GetResponseJSONValue] successfully performed. With the following test data [title]. @30-09-2021 21:32:47.0802 PM
[ReportManager] API Action [GetResponseJSONValue] successfully performed. With the following test data [title]. @30-09-2021 21:32:47.0812 PM
[ReportManager] API Action [GetResponseJSONValue] successfully performed. With the following test data [title]. @30-09-2021 21:32:47.0822 PM
[ReportManager] API Action [GetResponseJSONValue] successfully performed. With the following test data [title]. @30-09-2021 21:32:47.0833 PM
[ReportManager] API Action [GetResponseJSONValue] successfully performed. With the following test data [title]. @30-09-2021 21:32:47.0844 PM
[ReportManager] API Action [GetResponseJSONValue] successfully performed. With the following test data [title]. @30-09-2021 21:32:47.0854 PM
[ReportManager] API Action [GetResponseJSONValue] successfully performed. With the following test data [title]. @30-09-2021 21:32:47.0865 PM
[ReportManager] API Action [GetResponseJSONValue] successfully performed. With the following test data [title]. @30-09-2021 21:32:47.0877 PM
[ReportManager] API Action [GetResponseJSONValue] successfully performed. With the following test data [title]. @30-09-2021 21:32:47.0890 PM
[ReportManager] API Action [GetResponseJSONValue] successfully performed. With the following test data [title]. @30-09-2021 21:32:47.0901 PM
[ReportManager] API Action [GetResponseJSONValue] successfully performed. With the following test data [title]. @30-09-2021 21:32:47.0912 PM
[ReportManager] API Action [GetResponseJSONValue] successfully performed. With the following test data [title]. @30-09-2021 21:32:47.0923 PM
[ReportManager] API Action [GetResponseJSONValue] successfully performed. With the following test data [title]. @30-09-2021 21:32:47.0933 PM
[ReportManager] API Action [GetResponseJSONValue] successfully performed. With the following test data [title]. @30-09-2021 21:32:47.0945 PM
[ReportManager] API Action [GetResponseJSONValue] successfully performed. With the following test data [title]. @30-09-2021 21:32:47.0956 PM
[ReportManager] API Action [GetResponseJSONValue] successfully performed. With the following test data [title]. @30-09-2021 21:32:47.0968 PM
[ReportManager] API Action [GetResponseJSONValue] successfully performed. With the following test data [title]. @30-09-2021 21:32:47.0979 PM
[ReportManager] API Action [GetResponseJSONValue] successfully performed. With the following test data [title]. @30-09-2021 21:32:47.0991 PM
[ReportManager] API Action [GetResponseJSONValue] successfully performed. With the following test data [title]. @30-09-2021 21:32:48.0002 PM
[ReportManager] API Action [GetResponseJSONValue] successfully performed. With the following test data [title]. @30-09-2021 21:32:48.0012 PM
[ReportManager] API Action [GetResponseJSONValue] successfully performed. With the following test data [title]. @30-09-2021 21:32:48.0024 PM
[ReportManager] API Action [GetResponseJSONValue] successfully performed. With the following test data [title]. @30-09-2021 21:32:48.0035 PM
[ReportManager] API Action [GetResponseJSONValue] successfully performed. With the following test data [title]. @30-09-2021 21:32:48.0046 PM
[ReportManager] API Action [GetResponseJSONValue] successfully performed. With the following test data [title]. @30-09-2021 21:32:48.0056 PM
[ReportManager] API Action [GetResponseJSONValue] successfully performed. With the following test data [title]. @30-09-2021 21:32:48.0068 PM
[ReportManager] API Action [GetResponseJSONValue] successfully performed. With the following test data [title]. @30-09-2021 21:32:48.0080 P

################################################################################################################################################
Starting Execution:	[48 out of 144] test cases in the current suite
Test Method:		[unitTests.tests_restActions.validateUserEmail]
################################################################################################################################################
[ReportManager] Response status code: [200], status line: [HTTP/1.1 200 OK] @30-09-2021 21:32:48.0194 PM
[ReportManager] Assertion Passed: Evaluating the actual response status code against the expected one... @30-09-2021 21:32:48.0194 PM
[ReportManager] Assertion [ValidateEquals] PASSED. Expected [200] and Actual [200]. Comparison Type [EQUALS]. Validation Type [POSITIVE]. @30-09-2021 21:32:48.0194 PM
[ReportManager] API Action [PerformRequest] successfully performed. With the following test data [Request Type: "GET" | Target Status Code: "200" | Service URL: "https://jsonplaceholder.typicode.com/users" | Content Type: "*/*" | Response Time: "94ms"]. @30-09-2021 21:32:48.0238 PM
[ReportManager] Successfully created attachment [API Request - Specifications] @30-09-2021 21:32:48.0238 PM
[ReportManager] Successfully created attachment [API Response - JSON Body] @30-09-2021 21:32:48.0243 PM
[ReportManager] Assertion [ValidateEquals] PASSED. Expected and Actual values are attached. Comparison Type [CONTAINS]. Validation Type [POSITIVE]. @30-09-2021 21:32:48.0243 PM
[ReportManager] Successfully created attachment [Validation Test Data - Expected Value] @30-09-2021 21:32:48.0243 PM
[ReportManager] Successfully created attachment [Validation Test Data - Actual Value] @30-09-2021 21:32:48.0244 PM
[ReportManager] API Action [GetResponseJSONValueAsList] successfully performed. With the following test data [$]. @30-09-2021 21:32:48.0252 PM
[ReportManager] API Action [GetResponseJSONValue] successfully performed. With the following test data [name]. @30-09-2021 21:32:48.0277 PM
[ReportManager] API Action [GetResponseJSONValue] successfully performed. With the following test data [email]. @30-09-2021 21:32:48.0301 PM
[ReportManager] Assertion [ValidateEquals] PASSED. Expected [Sincere@april.biz] and Actual [Sincere@april.biz]. Comparison Type [EQUALS]. Validation Type [POSITIVE]. @30-09-2021 21:32:48.0302 PM
[ReportManager] API Action [GetResponseJSONValue] successfully performed. With the following test data [name]. @30-09-2021 21:32:48.0324 PM
[ReportManager] API Action [GetResponseJSONValue] successfully performed. With the following test data [name]. @30-09-2021 21:32:48.0353 PM
[ReportManager] API Action [GetResponseJSONValue] successfully performed. With the following test data [name]. @30-09-2021 21:32:48.0370 PM
[ReportManager] API Action [GetResponseJSONValue] successfully performed. With the following test data [name]. @30-09-2021 21:32:48.0395 PM
[ReportManager] API Action [GetResponseJSONValue] successfully performed. With the following test data [name]. @30-09-2021 21:32:48.0415 PM
[ReportManager] API Action [GetResponseJSONValue] successfully performed. With the following test data [name]. @30-09-2021 21:32:48.0442 PM
[ReportManager] API Action [GetResponseJSONValue] successfully performed. With the following test data [name]. @30-09-2021 21:32:48.0493 PM
[ReportManager] API Action [GetResponseJSONValue] successfully performed. With the following test data [name]. @30-09-2021 21:32:48.0528 PM
[ReportManager] API Action [GetResponseJSONValue] successfully performed. With the following test data [name]. @30-09-2021 21:32:48.0538 P
[ReportManager] File Action [GetAbsolutePath] successfully performed. With the following test data [Relative Folder Path: "target/downloadedFiles/"]. @30-09-2021 21:32:48.0541 PM
[ReportManager] Attempting to run remotely on: [Linux-64], [GoogleChrome], [http://localhost:4444/wd/hub], Headless Execution. @30-09-2021 21:32:48.0541 PM
[ReportManager] Successfully Opened [GoogleChrome]. @30-09-2021 21:32:48.0900 P

################################################################################################################################################
Starting Execution:	[49 out of 144] test cases in the current suite
Test Method:		[unitTests.tests_element_elementActions.waitForElementToBePresent_false_expectedToFail]
################################################################################################################################################
[ReportManager] Target URL: [https://www.google.com/ncr], and after redirection: [www.google.com] @30-09-2021 21:32:48.0916 PM
[ReportManager] Initial URL: [data:,] @30-09-2021 21:32:48.0983 PM
[ReportManager] Browser Action [NavigateToURL] successfully performed. With the following test data [https://www.google.com/ncr]. @30-09-2021 21:32:50.0044 PM
[ReportManager] Waiting for element to be present; elementLocator [By.xpath: //*[@id='hplogo' or @alt='Google']], numberOfTries[1], stateOfPresence[false]... @30-09-2021 21:32:50.0048 PM
[ReportManager] Element Action [WaitForElementToBePresent] failed. With the following test data [waited for the element's state of presence to be (false). Element locator (By.xpath: //*[@id='hplogo' or @alt='Google'])]. @30-09-2021 21:32:50.0238 PM
[ReportManager] Successfully created attachment [Screenshot - 1633037570178_waitForElementToBePresent_false_expectedToFail_WaitForElementToBePresent_failed] @30-09-2021 21:32:50.0239 P
[ReportManager] Browser Action [CloseCurrentWindow] successfully performed. @30-09-2021 21:32:50.0374 PM
[ReportManager] Successfully created attachment [Browser Action Test Data - CloseCurrentWindow - Actual Value] @30-09-2021 21:32:50.0374 P
[ReportManager] File Action [GetAbsolutePath] successfully performed. With the following test data [Relative Folder Path: "target/downloadedFiles/"]. @30-09-2021 21:32:50.0378 PM
[ReportManager] Attempting to run remotely on: [Linux-64], [GoogleChrome], [http://localhost:4444/wd/hub], Headless Execution. @30-09-2021 21:32:50.0378 PM
[ReportManager] Successfully Opened [GoogleChrome]. @30-09-2021 21:32:50.0597 P

################################################################################################################################################
Starting Execution:	[50 out of 144] test cases in the current suite
Test Method:		[unitTests.tests_element_elementActions.waitForElementToBePresent_false_expectedToPass]
################################################################################################################################################
[ReportManager] Target URL: [https://www.google.com/ncr], and after redirection: [www.google.com] @30-09-2021 21:32:50.0616 PM
[ReportManager] Initial URL: [data:,] @30-09-2021 21:32:50.0663 PM
[ReportManager] Browser Action [NavigateToURL] successfully performed. With the following test data [https://www.google.com/ncr]. @30-09-2021 21:32:51.0525 PM
[ReportManager] Waiting for element to be present; elementLocator [By.id: bla], numberOfTries[1], stateOfPresence[false]... @30-09-2021 21:32:51.0525 PM
[ReportManager] Element Action [WaitForElementToBePresent] successfully performed. With the following test data [waited for the element's state of presence to be (false). Element locator (By.id: bla)]. @30-09-2021 21:32:56.0649 P
[ReportManager] Browser Action [CloseCurrentWindow] successfully performed. @30-09-2021 21:32:56.0783 PM
[ReportManager] Successfully created attachment [Browser Action Test Data - CloseCurrentWindow - Actual Value] @30-09-2021 21:32:56.0785 P
[ReportManager] File Action [GetAbsolutePath] successfully performed. With the following test data [Relative Folder Path: "target/downloadedFiles/"]. @30-09-2021 21:32:56.0788 PM
[ReportManager] Attempting to run remotely on: [Linux-64], [GoogleChrome], [http://localhost:4444/wd/hub], Headless Execution. @30-09-2021 21:32:56.0788 PM
[ReportManager] Successfully Opened [GoogleChrome]. @30-09-2021 21:32:57.0004 P

################################################################################################################################################
Starting Execution:	[51 out of 144] test cases in the current suite
Test Method:		[unitTests.tests_element_elementActions.waitForElementToBePresent_moreThanOneElement_expectedToFail]
################################################################################################################################################
[ReportManager] Target URL: [https://www.google.com/ncr], and after redirection: [www.google.com] @30-09-2021 21:32:57.0032 PM
[ReportManager] Initial URL: [data:,] @30-09-2021 21:32:57.0082 PM
[ReportManager] Browser Action [NavigateToURL] successfully performed. With the following test data [https://www.google.com/ncr]. @30-09-2021 21:32:58.0017 PM
[ReportManager] Waiting for element to be present; elementLocator [By.xpath: //*], numberOfTries[1], stateOfPresence[false]... @30-09-2021 21:32:58.0018 PM
[ReportManager] Element Action [WaitForElementToBePresent] failed. With the following test data [waited for the element's state of presence to be (false). Element locator (By.xpath: //*)]. @30-09-2021 21:32:58.0222 PM
[ReportManager] Successfully created attachment [Screenshot - 1633037578163_waitForElementToBePresent_moreThanOneElement_expectedToFail_WaitForElementToBePresent_failed] @30-09-2021 21:32:58.0223 P
[ReportManager] Browser Action [CloseCurrentWindow] successfully performed. @30-09-2021 21:32:58.0368 PM
[ReportManager] Successfully created attachment [Browser Action Test Data - CloseCurrentWindow - Actual Value] @30-09-2021 21:32:58.0369 P
[ReportManager] File Action [GetAbsolutePath] successfully performed. With the following test data [Relative Folder Path: "target/downloadedFiles/"]. @30-09-2021 21:32:58.0373 PM
[ReportManager] Attempting to run remotely on: [Linux-64], [GoogleChrome], [http://localhost:4444/wd/hub], Headless Execution. @30-09-2021 21:32:58.0373 PM
[ReportManager] Successfully Opened [GoogleChrome]. @30-09-2021 21:32:58.0582 P

################################################################################################################################################
Starting Execution:	[52 out of 144] test cases in the current suite
Test Method:		[unitTests.tests_element_elementActions.waitForElementToBePresent_true_expectedToFail]
################################################################################################################################################
[ReportManager] Target URL: [https://www.google.com/ncr], and after redirection: [www.google.com] @30-09-2021 21:32:58.0597 PM
[ReportManager] Initial URL: [data:,] @30-09-2021 21:32:58.0645 PM
[ReportManager] Browser Action [NavigateToURL] successfully performed. With the following test data [https://www.google.com/ncr]. @30-09-2021 21:32:59.0498 PM
[ReportManager] Waiting for element to be present; elementLocator [By.id: bla], numberOfTries[1], stateOfPresence[true]... @30-09-2021 21:32:59.0498 PM
[ReportManager] Element Action [WaitForElementToBePresent] failed. With the following test data [waited for the element's state of presence to be (true). Element locator (By.id: bla)]. @30-09-2021 21:33:04.0759 PM
[ReportManager] Successfully created attachment [Screenshot - 1633037584696_waitForElementToBePresent_true_expectedToFail_WaitForElementToBePresent_failed] @30-09-2021 21:33:04.0760 P
[ReportManager] Browser Action [CloseCurrentWindow] successfully performed. @30-09-2021 21:33:04.0880 PM
[ReportManager] Successfully created attachment [Browser Action Test Data - CloseCurrentWindow - Actual Value] @30-09-2021 21:33:04.0881 P
[ReportManager] File Action [GetAbsolutePath] successfully performed. With the following test data [Relative Folder Path: "target/downloadedFiles/"]. @30-09-2021 21:33:04.0886 PM
[ReportManager] Attempting to run remotely on: [Linux-64], [GoogleChrome], [http://localhost:4444/wd/hub], Headless Execution. @30-09-2021 21:33:04.0886 PM
[ReportManager] Successfully Opened [GoogleChrome]. @30-09-2021 21:33:05.0136 P

################################################################################################################################################
Starting Execution:	[53 out of 144] test cases in the current suite
Test Method:		[unitTests.tests_element_elementActions.waitForElementToBePresent_true_expectedToPass]
################################################################################################################################################
[ReportManager] Target URL: [https://www.google.com/ncr], and after redirection: [www.google.com] @30-09-2021 21:33:05.0155 PM
[ReportManager] Initial URL: [data:,] @30-09-2021 21:33:05.0211 PM
[ReportManager] Browser Action [NavigateToURL] successfully performed. With the following test data [https://www.google.com/ncr]. @30-09-2021 21:33:06.0104 PM
[ReportManager] Waiting for element to be present; elementLocator [By.xpath: //*[@id='hplogo' or @alt='Google']], numberOfTries[1], stateOfPresence[true]... @30-09-2021 21:33:06.0104 PM
[ReportManager] Element Action [WaitForElementToBePresent] successfully performed. With the following test data [waited for the element's state of presence to be (true). Element locator (By.xpath: //*[@id='hplogo' or @alt='Google'])]. @30-09-2021 21:33:06.0176 PM
[ReportManager] File Action [DoesFileExist] successfully performed. With the following test data [File Path: "src/test/resources/DynamicObjectRepository/unitTests_tests_element_elementActions_waitForElementToBePresent_true_expectedToPass_By_xpath_id_hplogo_or_alt_Google.png"]. @30-09-2021 21:33:06.0180 PM
[ReportManager] File Action [DoesFileExist] successfully performed. With the following test data [File Path: "src/test/resources/DynamicObjectRepository/unitTests_tests_element_elementActions_waitForElementToBePresent_true_expectedToPass_By_xpath_id_hplogo_or_alt_Google.png"]. @30-09-2021 21:33:06.0338 PM
[ReportManager] Passing the test and saving a reference image @30-09-2021 21:33:06.0338 PM
[ReportManager] File Action [GetAbsolutePath] successfully performed. With the following test data [Relative File Path: "src/test/resources/DynamicObjectRepository/unitTests_tests_element_elementActions_waitForElementToBePresent_true_expectedToPass_By_xpath_id_hplogo_or_alt_Google.png"]. @30-09-2021 21:33:06.0339 PM
[ReportManager] File Action [WriteToFile] successfully performed. With the following test data [Target File Path: "/home/runner/work/SHAFT_ENGINE/SHAFT_ENGINE/src/test/resources/DynamicObjectRepository/unitTests_tests_element_elementActions_waitForElementToBePresent_true_expectedToPass_By_xpath_id_hplogo_or_alt_Google.png"]. @30-09-2021 21:33:06.0340 PM
[ReportManager] Assertion Passed: Using Visual AI; OpenCV @30-09-2021 21:33:06.0340 PM
[ReportManager] Successfully created attachment [Validation Test Data - Actual Screenshot] @30-09-2021 21:33:06.0341 PM
[ReportManager] Assertion [ValidateElementMatches] PASSED. Expected [Element should match the reference screenshot] and Actual [TRUE]. Comparison Type [EXACT_OPENCV]. Validation Type [POSITIVE]. @30-09-2021 21:33:06.0341 P
[ReportManager] Browser Action [CloseCurrentWindow] successfully performed. @30-09-2021 21:33:06.0475 PM
[ReportManager] Successfully created attachment [Browser Action Test Data - CloseCurrentWindow - Actual Value] @30-09-2021 21:33:06.0476 P
[ReportManager] File Action [GetAbsolutePath] successfully performed. With the following test data [Relative Folder Path: "target/downloadedFiles/"]. @30-09-2021 21:33:06.0479 PM
[ReportManager] Attempting to run remotely on: [Linux-64], [GoogleChrome], [http://localhost:4444/wd/hub], Headless Execution. @30-09-2021 21:33:06.0480 PM
[ReportManager] Successfully Opened [GoogleChrome]. @30-09-2021 21:33:06.0718 PM
[ReportManager] Target URL: [https://duckduckgo.com] @30-09-2021 21:33:06.0730 PM
[ReportManager] Initial URL: [data:,] @30-09-2021 21:33:06.0777 PM
[ReportManager] Browser Action [NavigateToURL] successfully performed. With the following test data [https://duckduckgo.com]. @30-09-2021 21:33:07.0371 P

################################################################################################################################################
Starting Execution:	[54 out of 144] test cases in the current suite
Test Method:		[unitTests.tests_browserActions.fullScreenWindow]
################################################################################################################################################
[ReportManager] Initial Windows Size: 800x600 @30-09-2021 21:33:07.0381 PM
[ReportManager] Initial window size: (800, 600) @30-09-2021 21:33:07.0384 PM
[ReportManager] Window size after Toolkit: (1920, 1080) @30-09-2021 21:33:07.0609 PM
[ReportManager] Browser Action [MaximizeWindow] successfully performed. With the following test data [New screen size is now: (1920, 1080)]. @30-09-2021 21:33:07.0613 PM
[ReportManager] Current Windows Size after fullScreen: 1920x1080 @30-09-2021 21:33:07.0617 PM
[ReportManager] Browser Action [FullScreenWindow] successfully performed. @30-09-2021 21:33:07.0633 PM
[ReportManager] Successfully created attachment [Browser Action Test Data - FullScreenWindow - Actual Value] @30-09-2021 21:33:07.0636 P
[ReportManager] Target URL: [https://duckduckgo.com] @30-09-2021 21:33:07.0640 PM
[ReportManager] Initial URL: [https://duckduckgo.com] @30-09-2021 21:33:07.0713 PM
[ReportManager] Browser Action [NavigateToURL] successfully performed. With the following test data [https://duckduckgo.com]. @30-09-2021 21:33:08.0054 PM
[ReportManager] Browser Action [CloseCurrentWindow] successfully performed. @30-09-2021 21:33:08.0182 PM
[ReportManager] Successfully created attachment [Browser Action Test Data - CloseCurrentWindow - Actual Value] @30-09-2021 21:33:08.0188 P
[ReportManager] File Action [GetAbsolutePath] successfully performed. With the following test data [Relative Folder Path: "target/downloadedFiles/"]. @30-09-2021 21:33:08.0191 PM
[ReportManager] Attempting to run remotely on: [Linux-64], [GoogleChrome], [http://localhost:4444/wd/hub], Headless Execution. @30-09-2021 21:33:08.0191 PM
[ReportManager] Successfully Opened [GoogleChrome]. @30-09-2021 21:33:08.0398 PM
[ReportManager] Target URL: [https://duckduckgo.com] @30-09-2021 21:33:08.0412 PM
[ReportManager] Initial URL: [data:,] @30-09-2021 21:33:08.0461 PM
[ReportManager] Browser Action [NavigateToURL] successfully performed. With the following test data [https://duckduckgo.com]. @30-09-2021 21:33:08.0996 P

################################################################################################################################################
Starting Execution:	[55 out of 144] test cases in the current suite
Test Method:		[unitTests.tests_browserActions.getCurrentURL]
################################################################################################################################################
[ReportManager] Browser Action [GetCurrentURL] successfully performed. With the following test data [https://duckduckgo.com/]. @30-09-2021 21:33:09.0033 P
[ReportManager] Target URL: [https://duckduckgo.com] @30-09-2021 21:33:09.0037 PM
[ReportManager] Initial URL: [https://duckduckgo.com] @30-09-2021 21:33:09.0124 PM
[ReportManager] Browser Action [NavigateToURL] successfully performed. With the following test data [https://duckduckgo.com]. @30-09-2021 21:33:09.0502 PM
[ReportManager] Browser Action [CloseCurrentWindow] successfully performed. @30-09-2021 21:33:09.0617 PM
[ReportManager] Successfully created attachment [Browser Action Test Data - CloseCurrentWindow - Actual Value] @30-09-2021 21:33:09.0618 P
[ReportManager] File Action [GetAbsolutePath] successfully performed. With the following test data [Relative Folder Path: "target/downloadedFiles/"]. @30-09-2021 21:33:09.0621 PM
[ReportManager] Attempting to run remotely on: [Linux-64], [GoogleChrome], [http://localhost:4444/wd/hub], Headless Execution. @30-09-2021 21:33:09.0621 PM
[ReportManager] Successfully Opened [GoogleChrome]. @30-09-2021 21:33:09.0950 PM
[ReportManager] Target URL: [https://duckduckgo.com] @30-09-2021 21:33:09.0964 PM
[ReportManager] Initial URL: [data:,] @30-09-2021 21:33:10.0015 PM
[ReportManager] Browser Action [NavigateToURL] successfully performed. With the following test data [https://duckduckgo.com]. @30-09-2021 21:33:10.0686 P

################################################################################################################################################
Starting Execution:	[56 out of 144] test cases in the current suite
Test Method:		[unitTests.tests_browserActions.getCurrentWindowTitle]
################################################################################################################################################
[ReportManager] Browser Action [GetCurrentWindowTitle] successfully performed. With the following test data [DuckDuckGo  Privacy, simplified.]. @30-09-2021 21:33:10.0730 P
[ReportManager] Target URL: [https://duckduckgo.com] @30-09-2021 21:33:10.0743 PM
[ReportManager] Initial URL: [https://duckduckgo.com] @30-09-2021 21:33:10.0811 PM
[ReportManager] Browser Action [NavigateToURL] successfully performed. With the following test data [https://duckduckgo.com]. @30-09-2021 21:33:11.0277 PM
[ReportManager] Browser Action [CloseCurrentWindow] successfully performed. @30-09-2021 21:33:11.0396 PM
[ReportManager] Successfully created attachment [Browser Action Test Data - CloseCurrentWindow - Actual Value] @30-09-2021 21:33:11.0397 P
[ReportManager] File Action [GetAbsolutePath] successfully performed. With the following test data [Relative Folder Path: "target/downloadedFiles/"]. @30-09-2021 21:33:11.0411 PM
[ReportManager] Attempting to run remotely on: [Linux-64], [GoogleChrome], [http://localhost:4444/wd/hub], Headless Execution. @30-09-2021 21:33:11.0412 PM
[ReportManager] Successfully Opened [GoogleChrome]. @30-09-2021 21:33:11.0758 PM
[ReportManager] Target URL: [https://duckduckgo.com] @30-09-2021 21:33:11.0775 PM
[ReportManager] Initial URL: [data:,] @30-09-2021 21:33:11.0856 PM
[ReportManager] Browser Action [NavigateToURL] successfully performed. With the following test data [https://duckduckgo.com]. @30-09-2021 21:33:12.0457 P

################################################################################################################################################
Starting Execution:	[57 out of 144] test cases in the current suite
Test Method:		[unitTests.tests_browserActions.getPageSource]
################################################################################################################################################
[ReportManager] Browser Action [GetPageSource] successfully performed. @30-09-2021 21:33:12.0502 PM
[ReportManager] Successfully created attachment [Browser Action Test Data - GetPageSource - Actual Value] @30-09-2021 21:33:12.0502 P
[ReportManager] Target URL: [https://duckduckgo.com] @30-09-2021 21:33:12.0504 PM
[ReportManager] Initial URL: [https://duckduckgo.com] @30-09-2021 21:33:12.0566 PM
[ReportManager] Browser Action [NavigateToURL] successfully performed. With the following test data [https://duckduckgo.com]. @30-09-2021 21:33:12.0889 PM
[ReportManager] Browser Action [CloseCurrentWindow] successfully performed. @30-09-2021 21:33:12.0995 PM
[ReportManager] Successfully created attachment [Browser Action Test Data - CloseCurrentWindow - Actual Value] @30-09-2021 21:33:12.0996 P
[ReportManager] File Action [GetAbsolutePath] successfully performed. With the following test data [Relative Folder Path: "target/downloadedFiles/"]. @30-09-2021 21:33:12.0998 PM
[ReportManager] Attempting to run remotely on: [Linux-64], [GoogleChrome], [http://localhost:4444/wd/hub], Headless Execution. @30-09-2021 21:33:12.0998 PM
[ReportManager] Successfully Opened [GoogleChrome]. @30-09-2021 21:33:13.0248 PM
[ReportManager] Target URL: [https://duckduckgo.com] @30-09-2021 21:33:13.0260 PM
[ReportManager] Initial URL: [data:,] @30-09-2021 21:33:13.0300 PM
[ReportManager] Browser Action [NavigateToURL] successfully performed. With the following test data [https://duckduckgo.com]. @30-09-2021 21:33:13.0841 P

################################################################################################################################################
Starting Execution:	[58 out of 144] test cases in the current suite
Test Method:		[unitTests.tests_browserActions.getWindowHandle]
################################################################################################################################################
[ReportManager] Browser Action [GetWindowHandle] successfully performed. With the following test data [CDwindow-25C6CF5D8ECAE1B0CB6BEFFF51FFF590]. @30-09-2021 21:33:13.0886 P
[ReportManager] Target URL: [https://duckduckgo.com] @30-09-2021 21:33:13.0889 PM
[ReportManager] Initial URL: [https://duckduckgo.com] @30-09-2021 21:33:13.0967 PM
[ReportManager] Browser Action [NavigateToURL] successfully performed. With the following test data [https://duckduckgo.com]. @30-09-2021 21:33:14.0334 PM
[ReportManager] Browser Action [CloseCurrentWindow] successfully performed. @30-09-2021 21:33:14.0453 PM
[ReportManager] Successfully created attachment [Browser Action Test Data - CloseCurrentWindow - Actual Value] @30-09-2021 21:33:14.0454 P
[ReportManager] File Action [GetAbsolutePath] successfully performed. With the following test data [Relative Folder Path: "target/downloadedFiles/"]. @30-09-2021 21:33:14.0457 PM
[ReportManager] Attempting to run remotely on: [Linux-64], [GoogleChrome], [http://localhost:4444/wd/hub], Headless Execution. @30-09-2021 21:33:14.0457 PM
[ReportManager] Successfully Opened [GoogleChrome]. @30-09-2021 21:33:14.0670 PM
[ReportManager] Target URL: [https://duckduckgo.com] @30-09-2021 21:33:14.0681 PM
[ReportManager] Initial URL: [data:,] @30-09-2021 21:33:14.0733 PM
[ReportManager] Browser Action [NavigateToURL] successfully performed. With the following test data [https://duckduckgo.com]. @30-09-2021 21:33:15.0246 P

################################################################################################################################################
Starting Execution:	[59 out of 144] test cases in the current suite
Test Method:		[unitTests.tests_browserActions.getWindowPosition]
################################################################################################################################################
[ReportManager] Browser Action [GetWindowPosition] successfully performed. With the following test data [(0, 0)]. @30-09-2021 21:33:15.0299 P
[ReportManager] Target URL: [https://duckduckgo.com] @30-09-2021 21:33:15.0304 PM
[ReportManager] Initial URL: [https://duckduckgo.com] @30-09-2021 21:33:15.0363 PM
[ReportManager] Browser Action [NavigateToURL] successfully performed. With the following test data [https://duckduckgo.com]. @30-09-2021 21:33:15.0740 PM
[ReportManager] Browser Action [CloseCurrentWindow] successfully performed. @30-09-2021 21:33:15.0843 PM
[ReportManager] Successfully created attachment [Browser Action Test Data - CloseCurrentWindow - Actual Value] @30-09-2021 21:33:15.0844 P
[ReportManager] File Action [GetAbsolutePath] successfully performed. With the following test data [Relative Folder Path: "target/downloadedFiles/"]. @30-09-2021 21:33:15.0847 PM
[ReportManager] Attempting to run remotely on: [Linux-64], [GoogleChrome], [http://localhost:4444/wd/hub], Headless Execution. @30-09-2021 21:33:15.0848 PM
[ReportManager] Successfully Opened [GoogleChrome]. @30-09-2021 21:33:16.0089 PM
[ReportManager] Target URL: [https://duckduckgo.com] @30-09-2021 21:33:16.0104 PM
[ReportManager] Initial URL: [data:,] @30-09-2021 21:33:16.0147 PM
[ReportManager] Browser Action [NavigateToURL] successfully performed. With the following test data [https://duckduckgo.com]. @30-09-2021 21:33:16.0703 P

################################################################################################################################################
Starting Execution:	[60 out of 144] test cases in the current suite
Test Method:		[unitTests.tests_browserActions.getWindowSize]
################################################################################################################################################
[ReportManager] Browser Action [GetWindowSize] successfully performed. With the following test data [(800, 600)]. @30-09-2021 21:33:16.0742 P
[ReportManager] Target URL: [https://duckduckgo.com] @30-09-2021 21:33:16.0744 PM
[ReportManager] Initial URL: [https://duckduckgo.com] @30-09-2021 21:33:16.0811 PM
[ReportManager] Browser Action [NavigateToURL] successfully performed. With the following test data [https://duckduckgo.com]. @30-09-2021 21:33:17.0163 PM
[ReportManager] Browser Action [CloseCurrentWindow] successfully performed. @30-09-2021 21:33:17.0278 PM
[ReportManager] Successfully created attachment [Browser Action Test Data - CloseCurrentWindow - Actual Value] @30-09-2021 21:33:17.0279 P
[ReportManager] File Action [GetAbsolutePath] successfully performed. With the following test data [Relative Folder Path: "target/downloadedFiles/"]. @30-09-2021 21:33:17.0281 PM
[ReportManager] Attempting to run remotely on: [Linux-64], [GoogleChrome], [http://localhost:4444/wd/hub], Headless Execution. @30-09-2021 21:33:17.0281 PM
[ReportManager] Successfully Opened [GoogleChrome]. @30-09-2021 21:33:17.0492 PM
[ReportManager] Target URL: [https://duckduckgo.com] @30-09-2021 21:33:17.0514 PM
[ReportManager] Initial URL: [data:,] @30-09-2021 21:33:17.0558 PM
[ReportManager] Browser Action [NavigateToURL] successfully performed. With the following test data [https://duckduckgo.com]. @30-09-2021 21:33:18.0111 P

################################################################################################################################################
Starting Execution:	[61 out of 144] test cases in the current suite
Test Method:		[unitTests.tests_browserActions.maximizeWindow]
################################################################################################################################################
[ReportManager] Initial window size: (800, 600) @30-09-2021 21:33:18.0121 PM
[ReportManager] Window size after Toolkit: (1920, 1080) @30-09-2021 21:33:18.0341 PM
[ReportManager] Browser Action [MaximizeWindow] successfully performed. With the following test data [New screen size is now: (1920, 1080)]. @30-09-2021 21:33:18.0343 P
[ReportManager] Target URL: [https://duckduckgo.com] @30-09-2021 21:33:18.0348 PM
[ReportManager] Initial URL: [https://duckduckgo.com] @30-09-2021 21:33:18.0410 PM
[ReportManager] Browser Action [NavigateToURL] successfully performed. With the following test data [https://duckduckgo.com]. @30-09-2021 21:33:18.0725 PM
[ReportManager] Browser Action [CloseCurrentWindow] successfully performed. @30-09-2021 21:33:18.0831 PM
[ReportManager] Successfully created attachment [Browser Action Test Data - CloseCurrentWindow - Actual Value] @30-09-2021 21:33:18.0832 P
[ReportManager] File Action [GetAbsolutePath] successfully performed. With the following test data [Relative Folder Path: "target/downloadedFiles/"]. @30-09-2021 21:33:18.0835 PM
[ReportManager] Attempting to run remotely on: [Linux-64], [GoogleChrome], [http://localhost:4444/wd/hub], Headless Execution. @30-09-2021 21:33:18.0835 PM
[ReportManager] Successfully Opened [GoogleChrome]. @30-09-2021 21:33:19.0059 PM
[ReportManager] Target URL: [https://duckduckgo.com] @30-09-2021 21:33:19.0080 PM
[ReportManager] Initial URL: [data:,] @30-09-2021 21:33:19.0123 PM
[ReportManager] Browser Action [NavigateToURL] successfully performed. With the following test data [https://duckduckgo.com]. @30-09-2021 21:33:19.0653 P

################################################################################################################################################
Starting Execution:	[62 out of 144] test cases in the current suite
Test Method:		[unitTests.tests_browserActions.navigateBack]
################################################################################################################################################
[ReportManager] Target URL: [https://www.google.com/ncr], and after redirection: [https://www.google.com] @30-09-2021 21:33:19.0658 PM
[ReportManager] Initial URL: [https://duckduckgo.com] @30-09-2021 21:33:19.0717 PM
[ReportManager] Browser Action [NavigateToURL] successfully performed. With the following test data [https://www.google.com/ncr]. @30-09-2021 21:33:20.0553 PM
[ReportManager] Browser Action [NavigateBack] successfully performed. With the following test data [https://duckduckgo.com/]. @30-09-2021 21:33:20.0950 PM
[ReportManager] Browser Action [GetCurrentURL] successfully performed. With the following test data [https://duckduckgo.com/]. @30-09-2021 21:33:20.0994 PM
[ReportManager] Assertion Passed: Confirming that navigating back was successful @30-09-2021 21:33:21.0124 PM
[ReportManager] Successfully created attachment [Screenshot - 1633037601064_navigateBack_ValidateBrowserAttribute_passed] @30-09-2021 21:33:21.0125 PM
[ReportManager] Assertion [ValidateBrowserAttribute] PASSED. Expected [Value Should be 'https://duckduckgo.com' for the 'CurrentUrl' attribute] and Actual [https://duckduckgo.com/]. Comparison Type [CONTAINS]. Validation Type [POSITIVE]. @30-09-2021 21:33:21.0125 P
[ReportManager] Target URL: [https://duckduckgo.com] @30-09-2021 21:33:21.0128 PM
[ReportManager] Initial URL: [https://duckduckgo.com] @30-09-2021 21:33:21.0192 PM
[ReportManager] Browser Action [NavigateToURL] successfully performed. With the following test data [https://duckduckgo.com]. @30-09-2021 21:33:21.0540 PM
[ReportManager] Browser Action [CloseCurrentWindow] successfully performed. @30-09-2021 21:33:21.0647 PM
[ReportManager] Successfully created attachment [Browser Action Test Data - CloseCurrentWindow - Actual Value] @30-09-2021 21:33:21.0648 P
[ReportManager] File Action [GetAbsolutePath] successfully performed. With the following test data [Relative Folder Path: "target/downloadedFiles/"]. @30-09-2021 21:33:21.0650 PM
[ReportManager] Attempting to run remotely on: [Linux-64], [GoogleChrome], [http://localhost:4444/wd/hub], Headless Execution. @30-09-2021 21:33:21.0650 PM
[ReportManager] Successfully Opened [GoogleChrome]. @30-09-2021 21:33:21.0875 PM
[ReportManager] Target URL: [https://duckduckgo.com] @30-09-2021 21:33:21.0889 PM
[ReportManager] Initial URL: [data:,] @30-09-2021 21:33:21.0934 PM
[ReportManager] Browser Action [NavigateToURL] successfully performed. With the following test data [https://duckduckgo.com]. @30-09-2021 21:33:22.0466 P

################################################################################################################################################
Starting Execution:	[63 out of 144] test cases in the current suite
Test Method:		[unitTests.tests_browserActions.navigateForward]
################################################################################################################################################
[ReportManager] Target URL: [https://www.google.com/ncr], and after redirection: [https://www.google.com] @30-09-2021 21:33:22.0476 PM
[ReportManager] Initial URL: [https://duckduckgo.com] @30-09-2021 21:33:22.0539 PM
[ReportManager] Browser Action [NavigateToURL] successfully performed. With the following test data [https://www.google.com/ncr]. @30-09-2021 21:33:23.0373 PM
[ReportManager] Browser Action [NavigateBack] successfully performed. With the following test data [https://duckduckgo.com/]. @30-09-2021 21:33:23.0740 PM
[ReportManager] Browser Action [NavigateForward] successfully performed. With the following test data [https://www.google.com/]. @30-09-2021 21:33:24.0185 P
[ReportManager] Target URL: [https://duckduckgo.com] @30-09-2021 21:33:24.0188 PM
[ReportManager] Initial URL: [https://www.google.com] @30-09-2021 21:33:24.0263 PM
[ReportManager] Browser Action [NavigateToURL] successfully performed. With the following test data [https://duckduckgo.com]. @30-09-2021 21:33:24.0805 PM
[ReportManager] Browser Action [CloseCurrentWindow] successfully performed. @30-09-2021 21:33:24.0912 PM
[ReportManager] Successfully created attachment [Browser Action Test Data - CloseCurrentWindow - Actual Value] @30-09-2021 21:33:24.0912 P
[ReportManager] File Action [GetAbsolutePath] successfully performed. With the following test data [Relative Folder Path: "target/downloadedFiles/"]. @30-09-2021 21:33:24.0915 PM
[ReportManager] Attempting to run remotely on: [Linux-64], [GoogleChrome], [http://localhost:4444/wd/hub], Headless Execution. @30-09-2021 21:33:24.0915 PM
[ReportManager] Successfully Opened [GoogleChrome]. @30-09-2021 21:33:25.0162 PM
[ReportManager] Target URL: [https://duckduckgo.com] @30-09-2021 21:33:25.0172 PM
[ReportManager] Initial URL: [data:,] @30-09-2021 21:33:25.0218 PM
[ReportManager] Browser Action [NavigateToURL] successfully performed. With the following test data [https://duckduckgo.com]. @30-09-2021 21:33:25.0746 P

################################################################################################################################################
Starting Execution:	[64 out of 144] test cases in the current suite
Test Method:		[unitTests.tests_browserActions.navigateToURL]
################################################################################################################################################
[ReportManager] Target URL: [https://duckduckgo.com] @30-09-2021 21:33:25.0750 PM
[ReportManager] Initial URL: [https://duckduckgo.com] @30-09-2021 21:33:25.0814 PM
[ReportManager] Browser Action [NavigateToURL] successfully performed. With the following test data [https://duckduckgo.com]. @30-09-2021 21:33:26.0139 P
[ReportManager] Target URL: [https://duckduckgo.com] @30-09-2021 21:33:26.0142 PM
[ReportManager] Initial URL: [https://duckduckgo.com] @30-09-2021 21:33:26.0194 PM
[ReportManager] Browser Action [NavigateToURL] successfully performed. With the following test data [https://duckduckgo.com]. @30-09-2021 21:33:26.0500 PM
[ReportManager] Browser Action [CloseCurrentWindow] successfully performed. @30-09-2021 21:33:26.0600 PM
[ReportManager] Successfully created attachment [Browser Action Test Data - CloseCurrentWindow - Actual Value] @30-09-2021 21:33:26.0600 P
[ReportManager] File Action [GetAbsolutePath] successfully performed. With the following test data [Relative Folder Path: "target/downloadedFiles/"]. @30-09-2021 21:33:26.0603 PM
[ReportManager] Attempting to run remotely on: [Linux-64], [GoogleChrome], [http://localhost:4444/wd/hub], Headless Execution. @30-09-2021 21:33:26.0603 PM
[ReportManager] Successfully Opened [GoogleChrome]. @30-09-2021 21:33:26.0811 PM
[ReportManager] Target URL: [https://duckduckgo.com] @30-09-2021 21:33:26.0824 PM
[ReportManager] Initial URL: [data:,] @30-09-2021 21:33:26.0864 PM
[ReportManager] Browser Action [NavigateToURL] successfully performed. With the following test data [https://duckduckgo.com]. @30-09-2021 21:33:27.0389 P

################################################################################################################################################
Starting Execution:	[65 out of 144] test cases in the current suite
Test Method:		[unitTests.tests_browserActions.navigateToURLWithRedirection]
################################################################################################################################################
[ReportManager] Target URL: [https://www.google.com/ncr], and after redirection: [https://www.google.com] @30-09-2021 21:33:27.0392 PM
[ReportManager] Initial URL: [https://duckduckgo.com] @30-09-2021 21:33:27.0451 PM
[ReportManager] Browser Action [NavigateToURL] successfully performed. With the following test data [https://www.google.com/ncr]. @30-09-2021 21:33:28.0279 P
[ReportManager] Target URL: [https://duckduckgo.com] @30-09-2021 21:33:28.0282 PM
[ReportManager] Initial URL: [https://www.google.com] @30-09-2021 21:33:28.0364 PM
[ReportManager] Browser Action [NavigateToURL] successfully performed. With the following test data [https://duckduckgo.com]. @30-09-2021 21:33:28.0943 PM
[ReportManager] Browser Action [CloseCurrentWindow] successfully performed. @30-09-2021 21:33:29.0050 PM
[ReportManager] Successfully created attachment [Browser Action Test Data - CloseCurrentWindow - Actual Value] @30-09-2021 21:33:29.0050 P
[ReportManager] File Action [GetAbsolutePath] successfully performed. With the following test data [Relative Folder Path: "target/downloadedFiles/"]. @30-09-2021 21:33:29.0052 PM
[ReportManager] Attempting to run remotely on: [Linux-64], [GoogleChrome], [http://localhost:4444/wd/hub], Headless Execution. @30-09-2021 21:33:29.0053 PM
[ReportManager] Successfully Opened [GoogleChrome]. @30-09-2021 21:33:29.0267 PM
[ReportManager] Target URL: [https://duckduckgo.com] @30-09-2021 21:33:29.0278 PM
[ReportManager] Initial URL: [data:,] @30-09-2021 21:33:29.0329 PM
[ReportManager] Browser Action [NavigateToURL] successfully performed. With the following test data [https://duckduckgo.com]. @30-09-2021 21:33:29.0841 P

################################################################################################################################################
Starting Execution:	[66 out of 144] test cases in the current suite
Test Method:		[unitTests.tests_browserActions.refreshCurrentPage]
################################################################################################################################################
[ReportManager] Browser Action [RefreshCurrentPage] successfully performed. @30-09-2021 21:33:30.0047 PM
[ReportManager] Successfully created attachment [Browser Action Test Data - RefreshCurrentPage - Actual Value] @30-09-2021 21:33:30.0048 P
[ReportManager] Target URL: [https://duckduckgo.com] @30-09-2021 21:33:30.0051 PM
[ReportManager] Initial URL: [https://duckduckgo.com] @30-09-2021 21:33:30.0113 PM
[ReportManager] Browser Action [NavigateToURL] successfully performed. With the following test data [https://duckduckgo.com]. @30-09-2021 21:33:30.0428 PM
[ReportManager] Browser Action [CloseCurrentWindow] successfully performed. @30-09-2021 21:33:30.0540 PM
[ReportManager] Successfully created attachment [Browser Action Test Data - CloseCurrentWindow - Actual Value] @30-09-2021 21:33:30.0541 P
[ReportManager] File Action [GetAbsolutePath] successfully performed. With the following test data [Relative Folder Path: "target/downloadedFiles/"]. @30-09-2021 21:33:30.0544 PM
[ReportManager] Attempting to run remotely on: [Linux-64], [GoogleChrome], [http://localhost:4444/wd/hub], Headless Execution. @30-09-2021 21:33:30.0544 PM
[ReportManager] Successfully Opened [GoogleChrome]. @30-09-2021 21:33:30.0758 PM
[ReportManager] Target URL: [https://duckduckgo.com] @30-09-2021 21:33:30.0769 PM
[ReportManager] Initial URL: [data:,] @30-09-2021 21:33:30.0811 PM
[ReportManager] Browser Action [NavigateToURL] successfully performed. With the following test data [https://duckduckgo.com]. @30-09-2021 21:33:31.0328 P

################################################################################################################################################
Starting Execution:	[67 out of 144] test cases in the current suite
Test Method:		[unitTests.tests_browserActions.setWindowSize]
################################################################################################################################################
[ReportManager] Initial window size: (800, 600) @30-09-2021 21:33:31.0345 PM
[ReportManager] Window size after SWD: (1280, 720) @30-09-2021 21:33:31.0572 PM
[ReportManager] Browser Action [SetWindowSize] successfully performed. With the following test data [New screen size is now: (1280, 720)]. @30-09-2021 21:33:31.0572 P
[ReportManager] Target URL: [https://duckduckgo.com] @30-09-2021 21:33:31.0577 PM
[ReportManager] Initial URL: [https://duckduckgo.com] @30-09-2021 21:33:31.0648 PM
[ReportManager] Browser Action [NavigateToURL] successfully performed. With the following test data [https://duckduckgo.com]. @30-09-2021 21:33:32.0003 PM
[ReportManager] Browser Action [CloseCurrentWindow] successfully performed. @30-09-2021 21:33:32.0117 PM
[ReportManager] Successfully created attachment [Browser Action Test Data - CloseCurrentWindow - Actual Value] @30-09-2021 21:33:32.0117 P
[ReportManager] Successfully loaded the following test data file [src/test/resources/TestDataFiles/testSuite01/TestData.xlsx]. @30-09-2021 21:33:32.0946 PM
[ReportManager] Successfully created attachment [Test Data - Excel] @30-09-2021 21:33:32.0946 P

################################################################################################################################################
Starting Execution:	[68 out of 144] test cases in the current suite
Test Method:		[unitTests.tests_io_excelFileManager.getCellData_rowName_expectedToPass]
################################################################################################################################################
[ReportManager] testRowData. @30-09-2021 21:33:32.0965 P
[ReportManager] Successfully loaded the following test data file [src/test/resources/TestDataFiles/testSuite01/TestData.xlsx]. @30-09-2021 21:33:33.0021 PM
[ReportManager] Successfully created attachment [Test Data - Excel] @30-09-2021 21:33:33.0022 PM
[ReportManager] File Action [GetAbsolutePath] successfully performed. With the following test data [Relative Folder Path: "target/downloadedFiles/"]. @30-09-2021 21:33:33.0022 PM
[ReportManager] Attempting to run remotely on: [Linux-64], [GoogleChrome], [http://localhost:4444/wd/hub], Headless Execution. @30-09-2021 21:33:33.0022 PM
[ReportManager] Successfully Opened [GoogleChrome]. @30-09-2021 21:33:33.0373 P

################################################################################################################################################
Starting Execution:	[69 out of 144] test cases in the current suite
Test Method:		[testPackage01.Test_google.navigateToURLandVerifyGoogleLogoIsDisplayed]
Test Description:	[TC001 - Navigate to URL and Verify Google Logo is Displayed]
################################################################################################################################################
[ReportManager] Target URL: [https://www.google.com/ncr], and after redirection: [https://www.google.com] @30-09-2021 21:33:33.0393 PM
[ReportManager] Initial URL: [data:,] @30-09-2021 21:33:33.0436 PM
[ReportManager] Browser Action [NavigateToURL] successfully performed. With the following test data [https://www.google.com/ncr]. @30-09-2021 21:33:34.0265 PM
[ReportManager] Loaded Shared OpenCV @30-09-2021 21:33:34.0461 PM
[ReportManager] Assertion [ValidateElementExists] PASSED. Expected [Element Should Exist, locator 'By.xpath: //*[@id='hplogo' or @alt='Google']'] and Actual [Element Exists]. Comparison Type [EQUALS]. Validation Type [POSITIVE]. @30-09-2021 21:33:34.0562 PM
[ReportManager] Successfully created attachment [Screenshot - 1633037614461_navigateToURLandVerifyGoogleLogoIsDisplayed_ValidateElementExists_passed] @30-09-2021 21:33:34.0563 P

################################################################################################################################################
Starting Execution:	[70 out of 144] test cases in the current suite
Test Method:		[testPackage01.Test_google.searchForQueryandAssertResultsNumDisplayed]
Test Description:	[TC002 - Search for Query and Assert that the number of results is displayed]
################################################################################################################################################
[ReportManager] Element Action [Type] successfully performed. With the following test data [SHAFT_Engine]. @30-09-2021 21:33:34.0996 PM
[ReportManager] Element Action [KeyPress] successfully performed. With the following test data [Enter]. @30-09-2021 21:33:36.0728 PM
[ReportManager] Element Action [GetText] successfully performed. With the following test data [About 1,030,000 results (0.84 seconds) ]. @30-09-2021 21:33:36.0820 PM
[ReportManager] Loaded Shared OpenCV @30-09-2021 21:33:36.0969 PM
[ReportManager] Assertion [ValidateElementAttribute] PASSED. Expected [Value Should not be '' for the 'Text' attribute, element locator 'By.id: appbar'] and Actual [About 1,030,000 results (0.84 seconds) ]. Comparison Type [EQUALS]. Validation Type [NEGATIVE]. @30-09-2021 21:33:37.0055 PM
[ReportManager] Successfully created attachment [Screenshot - 1633037616969_searchForQueryandAssertResultsNumDisplayed_ValidateElementAttribute_passed] @30-09-2021 21:33:37.0057 P

################################################################################################################################################
Starting Execution:	[71 out of 144] test cases in the current suite
Test Method:		[testPackage01.Test_google.clickNextThrice]
Test Description:	[TC003 - Clicks the next button to make sure that the framework can scroll element into view before clicking it]
################################################################################################################################################
[ReportManager] Element Action [Click] successfully performed. With the following test data [Next]. @30-09-2021 21:33:38.0763 P
[ReportManager] Browser Action [CloseCurrentWindow] successfully performed. @30-09-2021 21:33:39.0000 PM
[ReportManager] Successfully created attachment [Browser Action Test Data - CloseCurrentWindow - Actual Value] @30-09-2021 21:33:39.0002 P

################################################################################################################################################
Starting Execution:	[72 out of 144] test cases in the current suite
Test Method:		[testPackage01.Test_testData.f]
################################################################################################################################################
[ReportManager] Successfully loaded the following test data file [src/test/resources/TestDataFiles/testSuite01/TestData.xlsx]. @30-09-2021 21:33:39.0049 PM
[ReportManager] Successfully created attachment [Test Data - Excel] @30-09-2021 21:33:39.0050 PM
[ReportManager] Last Column Number is: [3]. Zero-based. @30-09-2021 21:33:39.0051 P

################################################################################################################################################
Starting Execution:	[73 out of 144] test cases in the current suite
Test Method:		[testPackage01.Test_PDF.testPDF_Downloaded]
################################################################################################################################################
[ReportManager] File Action [DoesFileExist] successfully performed. With the following test data [File Path: "src/test/resources/TestDataFiles/sample.pdf"]. @30-09-2021 21:33:39.0059 PM
[ReportManager] File Action [GetAbsolutePath] successfully performed. With the following test data [Relative File Path: "src/test/resources/TestDataFiles/sample.pdf"]. @30-09-2021 21:33:39.0060 PM
[ReportManager] Assertion [ValidateTrue] PASSED. Expected [TRUE] and Actual [TRUE]. Validation Type [POSITIVE]. @30-09-2021 21:33:41.0299 P

################################################################################################################################################
Starting Execution:	[74 out of 144] test cases in the current suite
Test Method:		[testPackage01.Test_JSONFileManager.readStringFromJson]
################################################################################################################################################
[ReportManager] Successfully loaded the following test data file [src/test/resources/TestDataFiles/simpleJSON.json]. @30-09-2021 21:33:41.0313 PM
[ReportManager] Successfully created attachment [Test Data - JSON] @30-09-2021 21:33:41.0314 PM
[ReportManager] Assertion [ValidateEquals] PASSED. Expected [Mohab Mohie] and Actual [Mohab Mohie]. Comparison Type [EQUALS]. Validation Type [POSITIVE]. @30-09-2021 21:33:41.0330 P
[ReportManager] File Action [GetAbsolutePath] successfully performed. With the following test data [Relative Folder Path: "target/downloadedFiles/"]. @30-09-2021 21:33:41.0333 PM
[ReportManager] Attempting to run remotely on: [Linux-64], [GoogleChrome], [http://localhost:4444/wd/hub], Headless Execution. @30-09-2021 21:33:41.0334 PM
[ReportManager] Successfully Opened [GoogleChrome]. @30-09-2021 21:33:41.0621 P

################################################################################################################################################
Starting Execution:	[75 out of 144] test cases in the current suite
Test Method:		[testPackage01.Test_dragAndDrop.dragAndDropJquery]
################################################################################################################################################
[ReportManager] Target URL: [https://jqueryui.com/resources/demos/droppable/default.html] @30-09-2021 21:33:41.0640 PM
[ReportManager] Initial URL: [data:,] @30-09-2021 21:33:41.0680 PM
[ReportManager] Browser Action [NavigateToURL] successfully performed. With the following test data [https://jqueryui.com/resources/demos/droppable/default.html]. @30-09-2021 21:33:42.0353 PM
[ReportManager] Element Action [GetText] successfully performed. With the following test data [Drop here]. @30-09-2021 21:33:42.0454 PM
[ReportManager] Element Action [DragAndDrop] successfully performed. With the following test data [Start point: (8, 18), End point: (8, 18)]. @30-09-2021 21:33:43.0828 PM
[ReportManager] Element Action [GetText] successfully performed. With the following test data [Dropped!]. @30-09-2021 21:33:43.0904 PM
[ReportManager] Assertion Passed: Checking to see if the text has changed after performing drag and drop @30-09-2021 21:33:43.0905 PM
[ReportManager] Assertion [ValidateEquals] PASSED. Expected [Drop here] and Actual [Dropped!]. Comparison Type [EQUALS]. Validation Type [NEGATIVE]. @30-09-2021 21:33:43.0905 P
[ReportManager] Browser Action [CloseCurrentWindow] successfully performed. @30-09-2021 21:33:44.0019 PM
[ReportManager] Successfully created attachment [Browser Action Test Data - CloseCurrentWindow - Actual Value] @30-09-2021 21:33:44.0020 P
[ReportManager] File Action [GetAbsolutePath] successfully performed. With the following test data [Relative Folder Path: "target/downloadedFiles/"]. @30-09-2021 21:33:44.0022 PM
[ReportManager] Attempting to run remotely on: [Linux-64], [GoogleChrome], [http://localhost:4444/wd/hub], Headless Execution. @30-09-2021 21:33:44.0022 PM
[ReportManager] Successfully Opened [GoogleChrome]. @30-09-2021 21:33:44.0304 P

################################################################################################################################################
Starting Execution:	[76 out of 144] test cases in the current suite
Test Method:		[testPackage01.Test_dragAndDrop.dragAndDrop]
Test Description:	[TC001 - Test Drag and Drop function.]
################################################################################################################################################
[ReportManager] Target URL: [http://the-internet.herokuapp.com/drag_and_drop] @30-09-2021 21:33:44.0340 PM
[ReportManager] Initial URL: [data:,] @30-09-2021 21:33:44.0386 PM
[ReportManager] Browser Action [NavigateToURL] successfully performed. With the following test data [http://the-internet.herokuapp.com/drag_and_drop]. @30-09-2021 21:33:45.0326 PM
[ReportManager] Attempting Drag and Drop @30-09-2021 21:33:45.0326 PM
[ReportManager] Element Action [DragAndDrop] successfully performed. With the following test data [Start point: (32, 90), End point: (247, 90)]. @30-09-2021 21:33:46.0545 P
[ReportManager] Browser Action [CloseCurrentWindow] successfully performed. @30-09-2021 21:33:46.0651 PM
[ReportManager] Successfully created attachment [Browser Action Test Data - CloseCurrentWindow - Actual Value] @30-09-2021 21:33:46.0651 P
[ReportManager] File Action [GetAbsolutePath] successfully performed. With the following test data [Relative Folder Path: "target/downloadedFiles/"]. @30-09-2021 21:33:46.0653 PM
[ReportManager] Attempting to run remotely on: [Linux-64], [GoogleChrome], [http://localhost:4444/wd/hub], Headless Execution. @30-09-2021 21:33:46.0653 PM
[ReportManager] Successfully Opened [GoogleChrome]. @30-09-2021 21:33:46.0865 P

################################################################################################################################################
Starting Execution:	[77 out of 144] test cases in the current suite
Test Method:		[testPackage01.Test_dragAndDrop.dragAndDropByOffset]
Test Description:	[TC002 - Test Drag and Drop by offset function.]
################################################################################################################################################
[ReportManager] Target URL: [https://jqueryui.com/resources/demos/draggable/default.html] @30-09-2021 21:33:46.0884 PM
[ReportManager] Initial URL: [data:,] @30-09-2021 21:33:46.0936 PM
[ReportManager] Browser Action [NavigateToURL] successfully performed. With the following test data [https://jqueryui.com/resources/demos/draggable/default.html]. @30-09-2021 21:33:47.0522 PM
[ReportManager] Element Action [DragAndDropByOffset] successfully performed. With the following test data [Start point: (8, 8), End point: (108, 58)]. @30-09-2021 21:33:47.0692 P
[ReportManager] Browser Action [CloseCurrentWindow] successfully performed. @30-09-2021 21:33:47.0790 PM
[ReportManager] Successfully created attachment [Browser Action Test Data - CloseCurrentWindow - Actual Value] @30-09-2021 21:33:47.0791 P
[ReportManager] File Action [GetAbsolutePath] successfully performed. With the following test data [Relative Folder Path: "target/downloadedFiles/"]. @30-09-2021 21:33:47.0795 PM
[ReportManager] Attempting to run remotely on: [Linux-64], [GoogleChrome], [http://localhost:4444/wd/hub], Headless Execution. @30-09-2021 21:33:47.0795 PM
[ReportManager] Successfully Opened [GoogleChrome]. @30-09-2021 21:33:48.0022 P

################################################################################################################################################
Starting Execution:	[78 out of 144] test cases in the current suite
Test Method:		[testPackage01.Test_verifyEquals.test_assertElementAttribute]
################################################################################################################################################
[ReportManager] Target URL: [https://www.google.com/ncr], and after redirection: [https://www.google.com] @30-09-2021 21:33:48.0044 PM
[ReportManager] Initial URL: [data:,] @30-09-2021 21:33:48.0091 PM
[ReportManager] Browser Action [NavigateToURL] successfully performed. With the following test data [https://www.google.com/ncr]. @30-09-2021 21:33:48.0952 PM
[ReportManager] Element Action [Type] successfully performed. With the following test data [INC_004010050:Another SCHEDULER with the same name [Duplicate Job Name] already exists.]. @30-09-2021 21:33:49.0651 PM
[ReportManager] Element Action [GetText] successfully performed. With the following test data [INC_004010050:Another SCHEDULER with the same name [Duplicate Job Name] already exists.]. @30-09-2021 21:33:49.0751 PM
[ReportManager] Loaded Shared OpenCV @30-09-2021 21:33:49.0878 PM
[ReportManager] Verification [ValidateElementAttribute] PASSED. Expected [Value Should be 'INC_004010050:Another SCHEDULER with the same name \[Duplicate Job Name\] already exists.' for the 'text' attribute, element locator 'By.name: q'] and Actual [INC_004010050:Another SCHEDULER with the same name [Duplicate Job Name] already exists.]. Comparison Type [MATCHES]. Validation Type [POSITIVE]. @30-09-2021 21:33:49.0979 PM
[ReportManager] Successfully created attachment [Screenshot - 1633037629878_test_assertElementAttribute_ValidateElementAttribute_passed] @30-09-2021 21:33:49.0980 P
[ReportManager] Browser Action [CloseCurrentWindow] successfully performed. @30-09-2021 21:33:50.0106 PM
[ReportManager] Successfully created attachment [Browser Action Test Data - CloseCurrentWindow - Actual Value] @30-09-2021 21:33:50.0108 P
[ReportManager] Successfully loaded the following test data file [src/test/resources/TestDataFiles/testSuite01/TestData.xlsx]. @30-09-2021 21:33:50.0165 PM
[ReportManager] Successfully created attachment [Test Data - Excel] @30-09-2021 21:33:50.0166 PM
[ReportManager] Attempting to run using Playwright locally on: [Linux-64], [GoogleChrome], Headless Execution. @30-09-2021 21:34:04.0487 PM
[ReportManager] File Action [GetAbsolutePath] successfully performed. With the following test data [Relative Folder Path: "target/downloadedFiles/"]. @30-09-2021 21:34:04.0488 PM
[ReportManager] Initial window size: (1280, 720) @30-09-2021 21:34:05.0511 PM
[ReportManager] Window size after Toolkit: com.microsoft.playwright.options.ViewportSize@3b9d9f3b @30-09-2021 21:34:05.0516 PM
[ReportManager] Browser Action [MaximizeWindow] successfully performed. With the following test data [New screen size is now: (1920, 1080)]. @30-09-2021 21:34:05.0517 P

################################################################################################################################################
Starting Execution:	[79 out of 144] test cases in the current suite
Test Method:		[testPackage01.Test_google_playwright.navigateToURLandVerifyGoogleLogoIsDisplayed]
Test Description:	[TC001 - Navigate to URL and Verify Google Logo is Displayed]
################################################################################################################################################
[ReportManager] Target URL: [https://www.google.com/ncr], and after redirection: [https://www.google.com] @30-09-2021 21:34:05.0530 PM
[ReportManager] Initial URL: [about:blank] @30-09-2021 21:34:06.0000 PM
[ReportManager] Browser Action [NavigateToURL] successfully performed. With the following test data [https://www.google.com/ncr]. @30-09-2021 21:34:07.0316 PM
[ReportManager] Loaded Shared OpenCV @30-09-2021 21:34:07.0558 PM
[ReportManager] Assertion [ValidateElementExists] PASSED. Expected [Element Should Exist, locator 'xpath=//*[@id='hplogo' or @alt='Google']'] and Actual [Element Exists]. Comparison Type [EQUALS]. Validation Type [POSITIVE]. @30-09-2021 21:34:07.0772 PM
[ReportManager] Successfully created attachment [Screenshot - 1633037647554_navigateToURLandVerifyGoogleLogoIsDisplayed_ValidateElementExists_passed] @30-09-2021 21:34:07.0773 P

################################################################################################################################################
Starting Execution:	[80 out of 144] test cases in the current suite
Test Method:		[testPackage01.Test_google_playwright.searchForQueryandAssertResultsNumDisplayed]
Test Description:	[TC002 - Search for Query and Assert that the number of results is displayed]
################################################################################################################################################
[ReportManager] Element Action [Type] successfully performed. With the following test data [SHAFT_Engine]. @30-09-2021 21:34:08.0148 PM
[ReportManager] Element Action [KeyPress] successfully performed. With the following test data [Enter]. @30-09-2021 21:34:08.0192 PM
[ReportManager] Element Action [GetText] successfully performed. With the following test data [About 1,030,000 results (0.78 seconds)]. @30-09-2021 21:34:09.0330 PM
[ReportManager] Loaded Shared OpenCV @30-09-2021 21:34:10.0757 PM
[ReportManager] Assertion [ValidateElementAttribute] PASSED. Expected [Value Should not be '' for the 'text' attribute, element locator 'xpath=//div[@id='appbar']'] and Actual [About 1,030,000 results (0.78 seconds)]. Comparison Type [EQUALS]. Validation Type [NEGATIVE]. @30-09-2021 21:34:11.0011 PM
[ReportManager] Successfully created attachment [Screenshot - 1633037650756_searchForQueryandAssertResultsNumDisplayed_ValidateElementAttribute_passed] @30-09-2021 21:34:11.0022 P

################################################################################################################################################
Starting Execution:	[81 out of 144] test cases in the current suite
Test Method:		[testPackage01.Test_google_playwright.clickNextThrice]
Test Description:	[TC003 - Clicks the next button to make sure that the framework can scroll element into view before clicking it]
################################################################################################################################################
[ReportManager] Element Action [Click] successfully performed. With the following test data [Next]. @30-09-2021 21:34:11.0299 P
[ReportManager] Failed to find video recording. @30-09-2021 21:34:11.0301 PM
[ReportManager] Successfully Closed PlayWright Driver. @30-09-2021 21:34:11.0356 P

################################################################################################################################################
Starting Execution:	[82 out of 144] test cases in the current suite
Test Method:		[testPackage01.Test_JsonActions.f]
###############################################################################################################################################

################################################################################################################################################
Starting Execution:	[83 out of 144] test cases in the current suite
Test Method:		[testPackage01.Test_JsonActions.f2]
###############################################################################################################################################

################################################################################################################################################
Starting Execution:	[84 out of 144] test cases in the current suite
Test Method:		[testPackage01.Test_AssertApiResponseEquals.assertApiResponseEquals_expectedToPass]
################################################################################################################################################
[ReportManager] Response status code: [200], status line: [HTTP/1.1 200 OK] @30-09-2021 21:34:11.0446 PM
[ReportManager] Assertion Passed: Evaluating the actual response status code against the expected one... @30-09-2021 21:34:11.0447 PM
[ReportManager] Assertion [ValidateEquals] PASSED. Expected [200] and Actual [200]. Comparison Type [EQUALS]. Validation Type [POSITIVE]. @30-09-2021 21:34:11.0447 PM
[ReportManager] API Action [PerformRequest] successfully performed. With the following test data [Request Type: "GET" | Target Status Code: "200" | Service URL: "https://jsonplaceholder.typicode.com/users" | Content Type: "*/*" | Response Time: "61ms"]. @30-09-2021 21:34:11.0465 PM
[ReportManager] Successfully created attachment [API Request - Specifications] @30-09-2021 21:34:11.0466 PM
[ReportManager] Successfully created attachment [API Response - JSON Body] @30-09-2021 21:34:11.0466 PM
[ReportManager] API Action [GetResponseJSONValueAsList] successfully performed. With the following test data [$]. @30-09-2021 21:34:11.0470 PM
[ReportManager] API Action [GetResponseJSONValue] successfully performed. With the following test data [name]. @30-09-2021 21:34:11.0481 PM
[ReportManager] API Action [GetResponseJSONValue] successfully performed. With the following test data [email]. @30-09-2021 21:34:11.0489 PM
[ReportManager] Verification [ValidateEquals] PASSED. Expected [Sincere@april.biz] and Actual [Sincere@april.biz]. Comparison Type [EQUALS]. Validation Type [POSITIVE]. @30-09-2021 21:34:11.0490 PM
[ReportManager] API Action [GetResponseJSONValue] successfully performed. With the following test data [username]. @30-09-2021 21:34:11.0498 PM
[ReportManager] Assertion [ValidateEquals] PASSED. Expected [Bret] and Actual [Bret]. Comparison Type [EQUALS]. Validation Type [POSITIVE]. @30-09-2021 21:34:11.0498 PM
[ReportManager] API Action [GetResponseJSONValue] successfully performed. With the following test data [name]. @30-09-2021 21:34:11.0506 PM
[ReportManager] API Action [GetResponseJSONValue] successfully performed. With the following test data [name]. @30-09-2021 21:34:11.0514 PM
[ReportManager] API Action [GetResponseJSONValue] successfully performed. With the following test data [name]. @30-09-2021 21:34:11.0523 PM
[ReportManager] API Action [GetResponseJSONValue] successfully performed. With the following test data [name]. @30-09-2021 21:34:11.0531 PM
[ReportManager] API Action [GetResponseJSONValue] successfully performed. With the following test data [name]. @30-09-2021 21:34:11.0538 PM
[ReportManager] API Action [GetResponseJSONValue] successfully performed. With the following test data [name]. @30-09-2021 21:34:11.0546 PM
[ReportManager] API Action [GetResponseJSONValue] successfully performed. With the following test data [name]. @30-09-2021 21:34:11.0553 PM
[ReportManager] API Action [GetResponseJSONValue] successfully performed. With the following test data [name]. @30-09-2021 21:34:11.0561 PM
[ReportManager] API Action [GetResponseJSONValue] successfully performed. With the following test data [name]. @30-09-2021 21:34:11.0586 P
[ReportManager] File Action [GetAbsolutePath] successfully performed. With the following test data [Relative Folder Path: "target/downloadedFiles/"]. @30-09-2021 21:34:11.0597 PM
[ReportManager] Attempting to run remotely on: [Linux-64], [GoogleChrome], [http://localhost:4444/wd/hub], Headless Execution. @30-09-2021 21:34:11.0597 PM
[ReportManager] Successfully Opened [GoogleChrome]. @30-09-2021 21:34:11.0925 P

################################################################################################################################################
Starting Execution:	[85 out of 144] test cases in the current suite
Test Method:		[testPackage01.Test_ShadowDOM.shadowdom]
################################################################################################################################################
[ReportManager] Target URL: [https://mdn.github.io/web-components-examples/popup-info-box-web-component/] @30-09-2021 21:34:11.0968 PM
[ReportManager] Initial URL: [data:,] @30-09-2021 21:34:12.0010 PM
[ReportManager] Browser Action [NavigateToURL] successfully performed. With the following test data [https://mdn.github.io/web-components-examples/popup-info-box-web-component/]. @30-09-2021 21:34:12.0470 PM
[ReportManager] Element Action [Type] successfully performed. With the following test data [Typing into SHADOW DOM...]. @30-09-2021 21:34:12.0769 PM
[ReportManager] Element Action [GetText] successfully performed. With the following test data [Typing into SHADOW DOM...]. @30-09-2021 21:34:12.0880 PM
[ReportManager] Loaded Shared OpenCV @30-09-2021 21:34:13.0002 PM
[ReportManager] Assertion [ValidateElementAttribute] PASSED. Expected [Value Should be 'Typing into SHADOW DOM...' for the 'Text' attribute, element locator 'By.id: cvc'] and Actual [Typing into SHADOW DOM...]. Comparison Type [EQUALS]. Validation Type [POSITIVE]. @30-09-2021 21:34:13.0075 PM
[ReportManager] Successfully created attachment [Screenshot - 1633037653002_shadowdom_ValidateElementAttribute_passed] @30-09-2021 21:34:13.0076 P
[ReportManager] Browser Action [CloseCurrentWindow] successfully performed. @30-09-2021 21:34:13.0163 PM
[ReportManager] Successfully created attachment [Browser Action Test Data - CloseCurrentWindow - Actual Value] @30-09-2021 21:34:13.0163 P

################################################################################################################################################
Starting Execution:	[86 out of 144] test cases in the current suite
Test Method:		[testPackage01.Test_SelectedValue.multipleSelect]
################################################################################################################################################
[ReportManager] File Action [GetAbsolutePath] successfully performed. With the following test data [Relative Folder Path: "target/downloadedFiles/"]. @30-09-2021 21:34:13.0174 PM
[ReportManager] Attempting to run remotely on: [Linux-64], [GoogleChrome], [http://localhost:4444/wd/hub], Headless Execution. @30-09-2021 21:34:13.0174 PM
[ReportManager] Successfully Opened [GoogleChrome]. @30-09-2021 21:34:13.0399 PM
[ReportManager] Target URL: [https://yari-demos.prod.mdn.mozit.cloud/en-US/docs/Web/HTML/Element/select/_sample_.Advanced_select_with_multiple_features.html] @30-09-2021 21:34:13.0410 PM
[ReportManager] Initial URL: [data:,] @30-09-2021 21:34:13.0454 PM
[ReportManager] Browser Action [NavigateToURL] successfully performed. With the following test data [https://yari-demos.prod.mdn.mozit.cloud/en-US/docs/Web/HTML/Element/select/_sample_.Advanced_select_with_multiple_features.html]. @30-09-2021 21:34:13.0770 PM
[ReportManager] Element Action [Select] successfully performed. With the following test data [Dog]. @30-09-2021 21:34:14.0013 PM
[ReportManager] Element Action [Select] successfully performed. With the following test data [Cat]. @30-09-2021 21:34:14.0260 PM
[ReportManager] Element Action [GetSelectedText] successfully performed. With the following test data [DogCat]. @30-09-2021 21:34:14.0421 PM
[ReportManager] DogCat @30-09-2021 21:34:14.0421 PM
[ReportManager] Element Action [GetSelectedText] successfully performed. With the following test data [DogCat]. @30-09-2021 21:34:14.0548 PM
[ReportManager] Loaded Shared OpenCV @30-09-2021 21:34:14.0671 PM
[ReportManager] Assertion [ValidateElementAttribute] PASSED. Expected [Value Should be 'DogCat' for the 'selectedText' attribute, element locator 'By.tagName: select'] and Actual [DogCat]. Comparison Type [EQUALS]. Validation Type [POSITIVE]. @30-09-2021 21:34:14.0751 PM
[ReportManager] Successfully created attachment [Screenshot - 1633037654671_multipleSelect_ValidateElementAttribute_passed] @30-09-2021 21:34:14.0752 PM
[ReportManager] Browser Action [CloseCurrentWindow] successfully performed. @30-09-2021 21:34:14.0849 PM
[ReportManager] Successfully created attachment [Browser Action Test Data - CloseCurrentWindow - Actual Value] @30-09-2021 21:34:14.0850 P

################################################################################################################################################
Starting Execution:	[87 out of 144] test cases in the current suite
Test Method:		[testPackage01.Test_SelectedValue.simpleSelect]
################################################################################################################################################
[ReportManager] File Action [GetAbsolutePath] successfully performed. With the following test data [Relative Folder Path: "target/downloadedFiles/"]. @30-09-2021 21:34:14.0867 PM
[ReportManager] Attempting to run remotely on: [Linux-64], [GoogleChrome], [http://localhost:4444/wd/hub], Headless Execution. @30-09-2021 21:34:14.0867 PM
[ReportManager] Successfully Opened [GoogleChrome]. @30-09-2021 21:34:15.0081 PM
[ReportManager] Target URL: [https://yari-demos.prod.mdn.mozit.cloud/en-US/docs/Web/HTML/Element/select/_sample_.Basic_select.html] @30-09-2021 21:34:15.0103 PM
[ReportManager] Initial URL: [data:,] @30-09-2021 21:34:15.0144 PM
[ReportManager] Browser Action [NavigateToURL] successfully performed. With the following test data [https://yari-demos.prod.mdn.mozit.cloud/en-US/docs/Web/HTML/Element/select/_sample_.Basic_select.html]. @30-09-2021 21:34:15.0371 PM
[ReportManager] Element Action [Select] successfully performed. With the following test data [Third Value]. @30-09-2021 21:34:15.0699 PM
[ReportManager] Element Action [GetSelectedText] successfully performed. With the following test data [Third Value]. @30-09-2021 21:34:15.0804 PM
[ReportManager] Third Value @30-09-2021 21:34:15.0804 PM
[ReportManager] Element Action [GetSelectedText] successfully performed. With the following test data [Third Value]. @30-09-2021 21:34:15.0919 PM
[ReportManager] Loaded Shared OpenCV @30-09-2021 21:34:16.0031 PM
[ReportManager] Assertion [ValidateElementAttribute] PASSED. Expected [Value Should be 'Third Value' for the 'selectedText' attribute, element locator 'By.tagName: select'] and Actual [Third Value]. Comparison Type [EQUALS]. Validation Type [POSITIVE]. @30-09-2021 21:34:16.0095 PM
[ReportManager] Successfully created attachment [Screenshot - 1633037656031_simpleSelect_ValidateElementAttribute_passed] @30-09-2021 21:34:16.0096 PM
[ReportManager] Browser Action [CloseCurrentWindow] successfully performed. @30-09-2021 21:34:16.0182 PM
[ReportManager] Successfully created attachment [Browser Action Test Data - CloseCurrentWindow - Actual Value] @30-09-2021 21:34:16.0182 P
[ReportManager] File Action [GetAbsolutePath] successfully performed. With the following test data [Relative Folder Path: "target/downloadedFiles/"]. @30-09-2021 21:34:16.0184 PM
[ReportManager] Attempting to run remotely on: [Linux-64], [GoogleChrome], [http://localhost:4444/wd/hub], Headless Execution. @30-09-2021 21:34:16.0185 PM
[ReportManager] Successfully Opened [GoogleChrome]. @30-09-2021 21:34:16.0403 P

################################################################################################################################################
Starting Execution:	[88 out of 144] test cases in the current suite
Test Method:		[testPackage01.Test_IsElementClickable.testIsElementClickable]
################################################################################################################################################
[ReportManager] Target URL: [https://the-internet.herokuapp.com/] @30-09-2021 21:34:16.0429 PM
[ReportManager] Initial URL: [data:,] @30-09-2021 21:34:16.0477 PM
[ReportManager] Browser Action [NavigateToURL] successfully performed. With the following test data [https://the-internet.herokuapp.com/]. @30-09-2021 21:34:17.0639 PM
[ReportManager] Element Action [IsElementClickable] successfully performed. @30-09-2021 21:34:17.0797 PM
[ReportManager] Assertion [ValidateTrue] PASSED. Expected [TRUE] and Actual [TRUE]. Validation Type [POSITIVE]. @30-09-2021 21:34:17.0797 P
[ReportManager] Browser Action [CloseCurrentWindow] successfully performed. @30-09-2021 21:34:17.0905 PM
[ReportManager] Successfully created attachment [Browser Action Test Data - CloseCurrentWindow - Actual Value] @30-09-2021 21:34:17.0906 P
[ReportManager] File Action [GetAbsolutePath] successfully performed. With the following test data [Relative Folder Path: "target/downloadedFiles/"]. @30-09-2021 21:34:17.0908 PM
[ReportManager] Attempting to run remotely on: [Linux-64], [GoogleChrome], [http://localhost:4444/wd/hub], Headless Execution. @30-09-2021 21:34:17.0908 PM
[ReportManager] Successfully Opened [GoogleChrome]. @30-09-2021 21:34:18.0120 P

################################################################################################################################################
Starting Execution:	[89 out of 144] test cases in the current suite
Test Method:		[testPackage01.Test_clipboardActions.typeTextAndCopyPaste]
################################################################################################################################################
[ReportManager] Target URL: [https://www.google.com/ncr], and after redirection: [https://www.google.com] @30-09-2021 21:34:18.0140 PM
[ReportManager] Initial URL: [data:,] @30-09-2021 21:34:18.0203 PM
[ReportManager] Browser Action [NavigateToURL] successfully performed. With the following test data [https://www.google.com/ncr]. @30-09-2021 21:34:19.0077 PM
[ReportManager] Element Action [Type] successfully performed. With the following test data [FIRST]. @30-09-2021 21:34:19.0417 PM
[ReportManager] Element Action [ClipboardActions] successfully performed. With the following test data [select all]. @30-09-2021 21:34:19.0481 PM
[ReportManager] Element Action [ClipboardActions] successfully performed. With the following test data [copy]. @30-09-2021 21:34:19.0540 PM
[ReportManager] Element Action [ClipboardActions] successfully performed. With the following test data [unselect]. @30-09-2021 21:34:19.0618 PM
[ReportManager] Element Action [ClipboardActions] successfully performed. With the following test data [paste]. @30-09-2021 21:34:19.0678 PM
[ReportManager] Element Action [ClipboardActions] successfully performed. With the following test data [select all]. @30-09-2021 21:34:19.0726 PM
[ReportManager] Element Action [Type] successfully performed. @30-09-2021 21:34:19.0956 PM
[ReportManager] Element Action [ClipboardActions] successfully performed. With the following test data [cut]. @30-09-2021 21:34:19.0957 PM
[ReportManager] Element Action [ClipboardActions] successfully performed. With the following test data [paste]. @30-09-2021 21:34:20.0056 PM
[ReportManager] Element Action [ClipboardActions] successfully performed. With the following test data [paste]. @30-09-2021 21:34:20.0117 P
[ReportManager] Browser Action [CloseCurrentWindow] successfully performed. @30-09-2021 21:34:20.0291 PM
[ReportManager] Successfully created attachment [Browser Action Test Data - CloseCurrentWindow - Actual Value] @30-09-2021 21:34:20.0292 P
[ReportManager] File Action [GetAbsolutePath] successfully performed. With the following test data [Relative Folder Path: "target/downloadedFiles/"]. @30-09-2021 21:34:20.0294 PM
[ReportManager] Attempting to run remotely on: [Linux-64], [GoogleChrome], [http://localhost:4444/wd/hub], Headless Execution. @30-09-2021 21:34:20.0294 PM
[ReportManager] Successfully Opened [GoogleChrome]. @30-09-2021 21:34:20.0545 P

################################################################################################################################################
Starting Execution:	[90 out of 144] test cases in the current suite
Test Method:		[testPackage01.Test_dynamicLoading.dynamicLoading_elementIsHidden]
################################################################################################################################################
[ReportManager] Target URL: [https://the-internet.herokuapp.com/dynamic_loading/1] @30-09-2021 21:34:20.0558 PM
[ReportManager] Initial URL: [data:,] @30-09-2021 21:34:20.0598 PM
[ReportManager] Browser Action [NavigateToURL] successfully performed. With the following test data [https://the-internet.herokuapp.com/dynamic_loading/1]. @30-09-2021 21:34:21.0757 PM
[ReportManager] Element Action [Click] successfully performed. With the following test data [Start]. @30-09-2021 21:34:22.0081 PM
[ReportManager] Element Action [GetText] successfully performed. With the following test data [
    Hello World!
  ]. @30-09-2021 21:34:22.0186 PM
[ReportManager] Loaded Shared OpenCV @30-09-2021 21:34:22.0344 PM
[ReportManager] Assertion [ValidateElementAttribute] PASSED. Expected [Value Should be 'Hello World!' for the 'text' attribute, element locator 'By.id: finish'] and Actual [
    Hello World!
  ]. Comparison Type [CONTAINS]. Validation Type [POSITIVE]. @30-09-2021 21:34:22.0417 PM
[ReportManager] Successfully created attachment [Screenshot - 1633037662343_dynamicLoading_elementIsHidden_ValidateElementAttribute_passed] @30-09-2021 21:34:22.0421 P
[ReportManager] Browser Action [CloseCurrentWindow] successfully performed. @30-09-2021 21:34:22.0525 PM
[ReportManager] Successfully created attachment [Browser Action Test Data - CloseCurrentWindow - Actual Value] @30-09-2021 21:34:22.0525 P
[ReportManager] File Action [GetAbsolutePath] successfully performed. With the following test data [Relative Folder Path: "target/downloadedFiles/"]. @30-09-2021 21:34:22.0528 PM
[ReportManager] Attempting to run remotely on: [Linux-64], [GoogleChrome], [http://localhost:4444/wd/hub], Headless Execution. @30-09-2021 21:34:22.0528 PM
[ReportManager] Successfully Opened [GoogleChrome]. @30-09-2021 21:34:22.0746 P

################################################################################################################################################
Starting Execution:	[91 out of 144] test cases in the current suite
Test Method:		[testPackage01.Test_dynamicLoading.dynamicLoading_elementIsRendered]
################################################################################################################################################
[ReportManager] Target URL: [https://the-internet.herokuapp.com/dynamic_loading/2] @30-09-2021 21:34:22.0762 PM
[ReportManager] Initial URL: [data:,] @30-09-2021 21:34:22.0803 PM
[ReportManager] Browser Action [NavigateToURL] successfully performed. With the following test data [https://the-internet.herokuapp.com/dynamic_loading/2]. @30-09-2021 21:34:23.0920 PM
[ReportManager] Element Action [Click] successfully performed. With the following test data [Start]. @30-09-2021 21:34:24.0239 PM
[ReportManager] Element Action [GetText] successfully performed. With the following test data [Hello World!]. @30-09-2021 21:34:29.0412 PM
[ReportManager] Loaded Shared OpenCV @30-09-2021 21:34:29.0558 PM
[ReportManager] Assertion [ValidateElementAttribute] PASSED. Expected [Value Should be 'Hello World!' for the 'text' attribute, element locator 'By.id: finish'] and Actual [Hello World!]. Comparison Type [CONTAINS]. Validation Type [POSITIVE]. @30-09-2021 21:34:29.0632 PM
[ReportManager] Successfully created attachment [Screenshot - 1633037669558_dynamicLoading_elementIsRendered_ValidateElementAttribute_passed] @30-09-2021 21:34:29.0633 P
[ReportManager] Browser Action [CloseCurrentWindow] successfully performed. @30-09-2021 21:34:29.0731 PM
[ReportManager] Successfully created attachment [Browser Action Test Data - CloseCurrentWindow - Actual Value] @30-09-2021 21:34:29.0731 P

################################################################################################################################################
Starting Execution:	[92 out of 144] test cases in the current suite
Test Method:		[testPackage01.Test_JsonCompareWithSpecialCharacters.specialCharacters]
################################################################################################################################################
[ReportManager] File Action [GetAbsolutePath] successfully performed. With the following test data [Relative Folder Path: "src/test/resources/TestJsonFiles/specialCharacters.json"]. @30-09-2021 21:34:29.0739 PM
[ReportManager] File Action [ReadFromFile] successfully performed. With the following test data [File Path: "/home/runner/work/SHAFT_ENGINE/SHAFT_ENGINE/src/test/resources/TestJsonFiles/specialCharacters.json"]. @30-09-2021 21:34:29.0746 PM
[ReportManager] Successfully created attachment [File Action Actual Result - Command Log] @30-09-2021 21:34:29.0746 PM
[ReportManager] Comparing the provided API response with the file at this path "src/test/resources/TestJsonFiles/specialCharacters.json", comparison type "EQUALS" @30-09-2021 21:34:29.0747 PM
[ReportManager] API Action [CompareJSON] successfully performed. With the following test data [src/test/resources/TestJsonFiles/specialCharacters.json]. @30-09-2021 21:34:29.0763 PM
[ReportManager] File Action [GetAbsolutePath] successfully performed. With the following test data [Relative Folder Path: "src/test/resources/TestJsonFiles/specialCharacters.json"]. @30-09-2021 21:34:29.0763 PM
[ReportManager] File Action [ReadFromFile] successfully performed. With the following test data [File Path: "/home/runner/work/SHAFT_ENGINE/SHAFT_ENGINE/src/test/resources/TestJsonFiles/specialCharacters.json"]. @30-09-2021 21:34:29.0763 PM
[ReportManager] Verification [ValidateJSONFileContent] PASSED. Expected [Response data should match the JSON File in this path 'src/test/resources/TestJsonFiles/specialCharacters.json'] and Actual [TRUE]. Comparison Type [EQUALS]. Validation Type [POSITIVE]. @30-09-2021 21:34:29.0768 PM
[ReportManager] Successfully created attachment [Validation Test Data - Expected JSON Value] @30-09-2021 21:34:29.0768 PM
[ReportManager] Successfully created attachment [Validation Test Data - Actual JSON Value] @30-09-2021 21:34:29.0769 P

################################################################################################################################################
Starting Execution:	[93 out of 144] test cases in the current suite
Test Method:		[testPackage01.Test_JsonCompareWithSpecialCharacters.specialCharacters_assertion]
################################################################################################################################################
[ReportManager] File Action [GetAbsolutePath] successfully performed. With the following test data [Relative Folder Path: "src/test/resources/TestJsonFiles/specialCharacters.json"]. @30-09-2021 21:34:29.0772 PM
[ReportManager] File Action [ReadFromFile] successfully performed. With the following test data [File Path: "/home/runner/work/SHAFT_ENGINE/SHAFT_ENGINE/src/test/resources/TestJsonFiles/specialCharacters.json"]. @30-09-2021 21:34:29.0773 PM
[ReportManager] Successfully created attachment [File Action Actual Result - Command Log] @30-09-2021 21:34:29.0773 PM
[ReportManager] Comparing the provided API response with the file at this path "src/test/resources/TestJsonFiles/specialCharacters.json", comparison type "CONTAINS" @30-09-2021 21:34:29.0773 PM
[ReportManager] API Action [CompareJSON] successfully performed. With the following test data [src/test/resources/TestJsonFiles/specialCharacters.json]. @30-09-2021 21:34:29.0782 PM
[ReportManager] File Action [GetAbsolutePath] successfully performed. With the following test data [Relative Folder Path: "src/test/resources/TestJsonFiles/specialCharacters.json"]. @30-09-2021 21:34:29.0782 PM
[ReportManager] File Action [ReadFromFile] successfully performed. With the following test data [File Path: "/home/runner/work/SHAFT_ENGINE/SHAFT_ENGINE/src/test/resources/TestJsonFiles/specialCharacters.json"]. @30-09-2021 21:34:29.0782 PM
[ReportManager] Assertion Passed: trying out the log message @30-09-2021 21:34:29.0787 PM
[ReportManager] Successfully created attachment [Validation Test Data - Expected JSON Value] @30-09-2021 21:34:29.0787 PM
[ReportManager] Successfully created attachment [Validation Test Data - Actual JSON Value] @30-09-2021 21:34:29.0788 PM
[ReportManager] Assertion [ValidateJSONFileContent] PASSED. Expected [Response data should match the JSON File in this path 'src/test/resources/TestJsonFiles/specialCharacters.json'] and Actual [TRUE]. Comparison Type [CONTAINS]. Validation Type [POSITIVE]. @30-09-2021 21:34:29.0788 P
[ReportManager] File Action [GetAbsolutePath] successfully performed. With the following test data [Relative Folder Path: "target/downloadedFiles/"]. @30-09-2021 21:34:29.0791 PM
[ReportManager] Attempting to run remotely on: [Linux-64], [GoogleChrome], [http://localhost:4444/wd/hub], Headless Execution. @30-09-2021 21:34:29.0791 PM
[ReportManager] Successfully Opened [GoogleChrome]. @30-09-2021 21:34:30.0102 P

################################################################################################################################################
Starting Execution:	[94 out of 144] test cases in the current suite
Test Method:		[testPackage01.Test_uploadFile.uploadFile_invisibleUploadInput]
################################################################################################################################################
[ReportManager] Target URL: [https://fineuploader.com/demos.html#gallery-view] @30-09-2021 21:34:30.0120 PM
[ReportManager] Initial URL: [data:,] @30-09-2021 21:34:30.0167 PM
[ReportManager] Browser Action [NavigateToURL] successfully performed. With the following test data [https://fineuploader.com/demos.html#gallery-view]. @30-09-2021 21:34:32.0393 PM
[ReportManager] File Action [GetAbsolutePath] successfully performed. With the following test data [Relative File Path: "src/main/resources/images/shaft.png"]. @30-09-2021 21:34:32.0393 PM
[ReportManager] Successfully created attachment [File Action Actual Result - Command Log] @30-09-2021 21:34:32.0393 PM
[ReportManager] Element Action [TypeFileLocationForUpload] successfully performed. With the following test data [/home/runner/work/SHAFT_ENGINE/SHAFT_ENGINE/src/main/resources/images/shaft.png]. @30-09-2021 21:34:32.0599 PM
[ReportManager] Attempting to getAttribute [src] from elementLocator [By.xpath: //div[@id='fine-uploader-gallery']//div[@class='qq-thumbnail-wrapper']/img]. @30-09-2021 21:34:32.0608 PM
[ReportManager] Element Action [GetAttribute] successfully performed. @30-09-2021 21:34:32.0707 PM
[ReportManager] Successfully created attachment [Element Action Test Data - GetAttribute - Actual Value] @30-09-2021 21:34:32.0708 PM
[ReportManager] Loaded Shared OpenCV @30-09-2021 21:34:32.0848 PM
[ReportManager] Assertion [ValidateElementAttribute] PASSED. Expected and Actual values are attached. Comparison Type [CONTAINS]. Validation Type [POSITIVE]. @30-09-2021 21:34:32.0935 PM
[ReportManager] Successfully created attachment [Validation Test Data - Expected Value] @30-09-2021 21:34:32.0936 PM
[ReportManager] Successfully created attachment [Validation Test Data - Actual Value] @30-09-2021 21:34:32.0936 PM
[ReportManager] Successfully created attachment [Screenshot - 1633037672848_uploadFile_invisibleUploadInput_ValidateElementAttribute_passed] @30-09-2021 21:34:32.0937 P
[ReportManager] Browser Action [CloseCurrentWindow] successfully performed. @30-09-2021 21:34:33.0071 PM
[ReportManager] Successfully created attachment [Browser Action Test Data - CloseCurrentWindow - Actual Value] @30-09-2021 21:34:33.0072 P
[ReportManager] File Action [GetAbsolutePath] successfully performed. With the following test data [Relative Folder Path: "target/downloadedFiles/"]. @30-09-2021 21:34:33.0075 PM
[ReportManager] Attempting to run remotely on: [Linux-64], [GoogleChrome], [http://localhost:4444/wd/hub], Headless Execution. @30-09-2021 21:34:33.0075 PM
[ReportManager] Successfully Opened [GoogleChrome]. @30-09-2021 21:34:33.0290 P

################################################################################################################################################
Starting Execution:	[95 out of 144] test cases in the current suite
Test Method:		[testPackage01.Test_uploadFile.uploadFile_visibleUploadInput]
################################################################################################################################################
[ReportManager] Target URL: [http://demo.guru99.com/test/upload/] @30-09-2021 21:34:33.0303 PM
[ReportManager] Initial URL: [data:,] @30-09-2021 21:34:33.0347 PM
[ReportManager] Browser Action [NavigateToURL] successfully performed. With the following test data [http://demo.guru99.com/test/upload/]. @30-09-2021 21:34:34.0468 PM
[ReportManager] File Action [GetAbsolutePath] successfully performed. With the following test data [Relative File Path: "src/main/resources/images/shaft.png"]. @30-09-2021 21:34:34.0469 PM
[ReportManager] Successfully created attachment [File Action Actual Result - Command Log] @30-09-2021 21:34:34.0469 PM
[ReportManager] Element Action [TypeFileLocationForUpload] successfully performed. With the following test data [/home/runner/work/SHAFT_ENGINE/SHAFT_ENGINE/src/main/resources/images/shaft.png]. @30-09-2021 21:34:34.0642 PM
[ReportManager] Element Action [Click] successfully performed. With the following test data [on]. @30-09-2021 21:34:34.0971 PM
[ReportManager] Element Action [Click] successfully performed. With the following test data [Submit File]. @30-09-2021 21:34:35.0311 PM
[ReportManager] Element Action [GetText] successfully performed. With the following test data [1 file
has been successfully uploaded.]. @30-09-2021 21:34:35.0951 PM
[ReportManager] Loaded Shared OpenCV @30-09-2021 21:34:36.0095 PM
[ReportManager] Assertion [ValidateElementAttribute] PASSED. Expected [Value Should be '1 file' for the 'Text' attribute, element locator 'By.id: res'] and Actual [1 file
has been successfully uploaded.]. Comparison Type [CONTAINS]. Validation Type [POSITIVE]. @30-09-2021 21:34:36.0176 PM
[ReportManager] Successfully created attachment [Screenshot - 1633037676095_uploadFile_visibleUploadInput_ValidateElementAttribute_passed] @30-09-2021 21:34:36.0177 P
[ReportManager] Browser Action [CloseCurrentWindow] successfully performed. @30-09-2021 21:34:36.0290 PM
[ReportManager] Successfully created attachment [Browser Action Test Data - CloseCurrentWindow - Actual Value] @30-09-2021 21:34:36.0291 P
[ReportManager] File Action [GetAbsolutePath] successfully performed. With the following test data [Relative Folder Path: "target/downloadedFiles/"]. @30-09-2021 21:34:36.0293 PM
[ReportManager] Attempting to run remotely on: [Linux-64], [GoogleChrome], [http://localhost:4444/wd/hub], Headless Execution. @30-09-2021 21:34:36.0293 PM
[ReportManager] Successfully Opened [GoogleChrome]. @30-09-2021 21:34:36.0504 P

################################################################################################################################################
Starting Execution:	[96 out of 144] test cases in the current suite
Test Method:		[testPackage01.Test_assertEquals.test_assertElementAttribute]
################################################################################################################################################
[ReportManager] Target URL: [https://www.google.com/ncr], and after redirection: [https://www.google.com] @30-09-2021 21:34:36.0516 PM
[ReportManager] Initial URL: [data:,] @30-09-2021 21:34:36.0565 PM
[ReportManager] Browser Action [NavigateToURL] successfully performed. With the following test data [https://www.google.com/ncr]. @30-09-2021 21:34:37.0390 PM
[ReportManager] Element Action [Type] successfully performed. With the following test data [INC_004010050:Another SCHEDULER with the same name [Duplicate Job Name] already exists.]. @30-09-2021 21:34:38.0101 PM
[ReportManager] Element Action [GetText] successfully performed. With the following test data [INC_004010050:Another SCHEDULER with the same name [Duplicate Job Name] already exists.]. @30-09-2021 21:34:38.0195 PM
[ReportManager] Loaded Shared OpenCV @30-09-2021 21:34:38.0327 PM
[ReportManager] Assertion [ValidateElementAttribute] PASSED. Expected [Value Should be 'INC_004010050:Another SCHEDULER with the same name \[Duplicate Job Name\] already exists.' for the 'text' attribute, element locator 'By.name: q'] and Actual [INC_004010050:Another SCHEDULER with the same name [Duplicate Job Name] already exists.]. Comparison Type [MATCHES]. Validation Type [POSITIVE]. @30-09-2021 21:34:38.0400 PM
[ReportManager] Successfully created attachment [Screenshot - 1633037678327_test_assertElementAttribute_ValidateElementAttribute_passed] @30-09-2021 21:34:38.0401 P
[ReportManager] Browser Action [CloseCurrentWindow] successfully performed. @30-09-2021 21:34:38.0527 PM
[ReportManager] Successfully created attachment [Browser Action Test Data - CloseCurrentWindow - Actual Value] @30-09-2021 21:34:38.0528 P

################################################################################################################################################
Starting Execution:	[97 out of 144] test cases in the current suite
Test Method:		[testPackage01.Test_NewValidationHelper.f1]
################################################################################################################################################
[ReportManager] Assertion Passed: Checking valid user data @30-09-2021 21:34:38.0533 PM
[ReportManager] Successfully created attachment [Validation Test Data - Expected Value] @30-09-2021 21:34:38.0534 PM
[ReportManager] Successfully created attachment [Validation Test Data - Actual Value] @30-09-2021 21:34:38.0534 PM
[ReportManager] Assertion [ValidateEquals] PASSED. Expected and Actual values are attached. Comparison Type [EQUALS]. Validation Type [POSITIVE]. @30-09-2021 21:34:38.0534 P
[ReportManager] File Action [GetAbsolutePath] successfully performed. With the following test data [Relative Folder Path: "target/downloadedFiles/"]. @30-09-2021 21:34:38.0541 PM
[ReportManager] Attempting to run remotely on: [Linux-64], [GoogleChrome], [http://localhost:4444/wd/hub], Headless Execution. @30-09-2021 21:34:38.0541 PM
[ReportManager] Successfully Opened [GoogleChrome]. @30-09-2021 21:34:38.0766 PM
[ReportManager] Target URL: [https://the-internet.herokuapp.com/] @30-09-2021 21:34:38.0776 PM
[ReportManager] Initial URL: [data:,] @30-09-2021 21:34:38.0820 PM
[ReportManager] Browser Action [NavigateToURL] successfully performed. With the following test data [https://the-internet.herokuapp.com/]. @30-09-2021 21:34:39.0942 P

################################################################################################################################################
Starting Execution:	[98 out of 144] test cases in the current suite
Test Method:		[testPackage01.Test_NewValidationHelper.f10]
################################################################################################################################################
[ReportManager] Assertion [ValidateElementExists] FAILED. Expected [Element Should Exist, locator 'By.tagName: div'] and Actual [Element Exists but is not unique]. Comparison Type [EQUALS]. Validation Type [POSITIVE]. @30-09-2021 21:34:40.0179 PM
[ReportManager] Successfully created attachment [Screenshot - 1633037680117_f10_ValidateElementExists_failed] @30-09-2021 21:34:40.0180 P
[ReportManager] Successfully Closed All Drivers. @30-09-2021 21:34:40.0256 P
[ReportManager] File Action [GetAbsolutePath] successfully performed. With the following test data [Relative Folder Path: "target/downloadedFiles/"]. @30-09-2021 21:34:40.0259 PM
[ReportManager] Attempting to run remotely on: [Linux-64], [GoogleChrome], [http://localhost:4444/wd/hub], Headless Execution. @30-09-2021 21:34:40.0259 PM
[ReportManager] Successfully Opened [GoogleChrome]. @30-09-2021 21:34:40.0500 PM
[ReportManager] Target URL: [https://the-internet.herokuapp.com/] @30-09-2021 21:34:40.0527 PM
[ReportManager] Initial URL: [data:,] @30-09-2021 21:34:40.0604 PM
[ReportManager] Browser Action [NavigateToURL] successfully performed. With the following test data [https://the-internet.herokuapp.com/]. @30-09-2021 21:34:41.0730 P

################################################################################################################################################
Starting Execution:	[99 out of 144] test cases in the current suite
Test Method:		[testPackage01.Test_NewValidationHelper.f11]
################################################################################################################################################
[ReportManager] Assertion Passed: Checking that false tag doesn't exist @30-09-2021 21:34:52.0149 PM
[ReportManager] Successfully created attachment [Screenshot - 1633037692088_f11_ValidateElementExists_passed] @30-09-2021 21:34:52.0150 PM
[ReportManager] Assertion [ValidateElementExists] PASSED. Expected [Element Should not Exist, locator 'By.tagName: h3'] and Actual [Element Doesn't Exists]. Comparison Type [EQUALS]. Validation Type [NEGATIVE]. @30-09-2021 21:34:52.0150 P
[ReportManager] Successfully Closed All Drivers. @30-09-2021 21:34:52.0220 P
[ReportManager] File Action [GetAbsolutePath] successfully performed. With the following test data [Relative Folder Path: "target/downloadedFiles/"]. @30-09-2021 21:34:52.0225 PM
[ReportManager] Attempting to run remotely on: [Linux-64], [GoogleChrome], [http://localhost:4444/wd/hub], Headless Execution. @30-09-2021 21:34:52.0225 PM
[ReportManager] Successfully Opened [GoogleChrome]. @30-09-2021 21:34:52.0428 PM
[ReportManager] Target URL: [https://the-internet.herokuapp.com/] @30-09-2021 21:34:52.0438 PM
[ReportManager] Initial URL: [data:,] @30-09-2021 21:34:52.0480 PM
[ReportManager] Browser Action [NavigateToURL] successfully performed. With the following test data [https://the-internet.herokuapp.com/]. @30-09-2021 21:34:53.0619 P

################################################################################################################################################
Starting Execution:	[100 out of 144] test cases in the current suite
Test Method:		[testPackage01.Test_NewValidationHelper.f12]
################################################################################################################################################
[ReportManager] Loaded Shared OpenCV @30-09-2021 21:34:53.0818 PM
[ReportManager] Assertion [ValidateElementExists] FAILED. Expected [Element Should not Exist, locator 'By.tagName: h1'] and Actual [Element Exists]. Comparison Type [EQUALS]. Validation Type [NEGATIVE]. @30-09-2021 21:34:53.0903 PM
[ReportManager] Successfully created attachment [Screenshot - 1633037693818_f12_ValidateElementExists_failed] @30-09-2021 21:34:53.0904 P
[ReportManager] Successfully Closed All Drivers. @30-09-2021 21:34:53.0978 P
[ReportManager] File Action [GetAbsolutePath] successfully performed. With the following test data [Relative Folder Path: "target/downloadedFiles/"]. @30-09-2021 21:34:53.0981 PM
[ReportManager] Attempting to run remotely on: [Linux-64], [GoogleChrome], [http://localhost:4444/wd/hub], Headless Execution. @30-09-2021 21:34:53.0981 PM
[ReportManager] Successfully Opened [GoogleChrome]. @30-09-2021 21:34:54.0200 PM
[ReportManager] Target URL: [https://the-internet.herokuapp.com/] @30-09-2021 21:34:54.0210 PM
[ReportManager] Initial URL: [data:,] @30-09-2021 21:34:54.0251 PM
[ReportManager] Browser Action [NavigateToURL] successfully performed. With the following test data [https://the-internet.herokuapp.com/]. @30-09-2021 21:34:55.0391 P

################################################################################################################################################
Starting Execution:	[101 out of 144] test cases in the current suite
Test Method:		[testPackage01.Test_NewValidationHelper.f13]
################################################################################################################################################
[ReportManager] Assertion [ValidateElementExists] FAILED. Expected [Element Should not Exist, locator 'By.tagName: div'] and Actual [Element Exists but is not unique]. Comparison Type [EQUALS]. Validation Type [NEGATIVE]. @30-09-2021 21:34:55.0648 PM
[ReportManager] Successfully created attachment [Screenshot - 1633037695584_f13_ValidateElementExists_failed] @30-09-2021 21:34:55.0648 P
[ReportManager] Successfully Closed All Drivers. @30-09-2021 21:34:55.0724 P
[ReportManager] File Action [GetAbsolutePath] successfully performed. With the following test data [Relative Folder Path: "target/downloadedFiles/"]. @30-09-2021 21:34:55.0726 PM
[ReportManager] Attempting to run remotely on: [Linux-64], [GoogleChrome], [http://localhost:4444/wd/hub], Headless Execution. @30-09-2021 21:34:55.0727 PM
[ReportManager] Successfully Opened [GoogleChrome]. @30-09-2021 21:34:55.0941 PM
[ReportManager] Target URL: [https://the-internet.herokuapp.com/] @30-09-2021 21:34:55.0957 PM
[ReportManager] Initial URL: [data:,] @30-09-2021 21:34:55.0997 PM
[ReportManager] Browser Action [NavigateToURL] successfully performed. With the following test data [https://the-internet.herokuapp.com/]. @30-09-2021 21:34:57.0170 P

################################################################################################################################################
Starting Execution:	[102 out of 144] test cases in the current suite
Test Method:		[testPackage01.Test_NewValidationHelper.f14]
################################################################################################################################################
[ReportManager] Element Action [GetText] successfully performed. With the following test data [Welcome to the-internet]. @30-09-2021 21:34:57.0263 PM
[ReportManager] Loaded Shared OpenCV @30-09-2021 21:34:57.0399 PM
[ReportManager] Assertion Passed: Asserting that the header text is correct @30-09-2021 21:34:57.0488 PM
[ReportManager] Successfully created attachment [Screenshot - 1633037697399_f14_ValidateElementAttribute_passed] @30-09-2021 21:34:57.0489 PM
[ReportManager] Assertion [ValidateElementAttribute] PASSED. Expected [Value Should be 'Welcome to the-internet' for the 'text' attribute, element locator 'By.tagName: h1'] and Actual [Welcome to the-internet]. Comparison Type [EQUALS]. Validation Type [POSITIVE]. @30-09-2021 21:34:57.0489 P
[ReportManager] Successfully Closed All Drivers. @30-09-2021 21:34:57.0566 P
[ReportManager] File Action [GetAbsolutePath] successfully performed. With the following test data [Relative Folder Path: "target/downloadedFiles/"]. @30-09-2021 21:34:57.0568 PM
[ReportManager] Attempting to run remotely on: [Linux-64], [GoogleChrome], [http://localhost:4444/wd/hub], Headless Execution. @30-09-2021 21:34:57.0569 PM
[ReportManager] Successfully Opened [GoogleChrome]. @30-09-2021 21:34:57.0769 PM
[ReportManager] Target URL: [https://the-internet.herokuapp.com/] @30-09-2021 21:34:57.0779 PM
[ReportManager] Initial URL: [data:,] @30-09-2021 21:34:57.0817 PM
[ReportManager] Browser Action [NavigateToURL] successfully performed. With the following test data [https://the-internet.herokuapp.com/]. @30-09-2021 21:34:58.0952 P

################################################################################################################################################
Starting Execution:	[103 out of 144] test cases in the current suite
Test Method:		[testPackage01.Test_NewValidationHelper.f15]
################################################################################################################################################
[ReportManager] Element Action [GetText] successfully performed. With the following test data [Welcome to the-internet]. @30-09-2021 21:34:59.0041 PM
[ReportManager] Loaded Shared OpenCV @30-09-2021 21:34:59.0184 PM
[ReportManager] Assertion [ValidateElementAttribute] FAILED. Expected [Value Should not be 'Welcome' for the 'text' attribute, element locator 'By.tagName: h1'] and Actual [Welcome to the-internet]. Comparison Type [CONTAINS]. Validation Type [NEGATIVE]. @30-09-2021 21:34:59.0262 PM
[ReportManager] Successfully created attachment [Screenshot - 1633037699184_f15_ValidateElementAttribute_failed] @30-09-2021 21:34:59.0263 P
[ReportManager] Successfully Closed All Drivers. @30-09-2021 21:34:59.0338 P
[ReportManager] File Action [GetAbsolutePath] successfully performed. With the following test data [Relative Folder Path: "target/downloadedFiles/"]. @30-09-2021 21:34:59.0340 PM
[ReportManager] Attempting to run remotely on: [Linux-64], [GoogleChrome], [http://localhost:4444/wd/hub], Headless Execution. @30-09-2021 21:34:59.0340 PM
[ReportManager] Successfully Opened [GoogleChrome]. @30-09-2021 21:34:59.0545 PM
[ReportManager] Target URL: [https://the-internet.herokuapp.com/] @30-09-2021 21:34:59.0556 PM
[ReportManager] Initial URL: [data:,] @30-09-2021 21:34:59.0595 PM
[ReportManager] Browser Action [NavigateToURL] successfully performed. With the following test data [https://the-internet.herokuapp.com/]. @30-09-2021 21:35:00.0744 P

################################################################################################################################################
Starting Execution:	[104 out of 144] test cases in the current suite
Test Method:		[testPackage01.Test_NewValidationHelper.f16]
################################################################################################################################################
[ReportManager] Element Action [IdentifyUniqueElement] failed. With the following test data [zero elements found matching this locator "By.tagName: h3".]. @30-09-2021 21:35:26.0351 PM
[ReportManager] Successfully created attachment [Screenshot - 1633037726282_f16_IdentifyUniqueElement_failed] @30-09-2021 21:35:26.0352 PM
[ReportManager] Assertion [ValidateElementAttribute] FAILED. Expected [Value Should not be 'Welcome' for the 'text' attribute, element locator 'By.tagName: h3'] and Actual [Failed to read the desired element attribute]. Comparison Type [CONTAINS]. Validation Type [NEGATIVE]. @30-09-2021 21:35:26.0352 P
[ReportManager] Successfully Closed All Drivers. @30-09-2021 21:35:26.0435 P
[ReportManager] File Action [GetAbsolutePath] successfully performed. With the following test data [Relative Folder Path: "target/downloadedFiles/"]. @30-09-2021 21:35:26.0438 PM
[ReportManager] Attempting to run remotely on: [Linux-64], [GoogleChrome], [http://localhost:4444/wd/hub], Headless Execution. @30-09-2021 21:35:26.0438 PM
[ReportManager] Successfully Opened [GoogleChrome]. @30-09-2021 21:35:26.0659 PM
[ReportManager] Target URL: [https://the-internet.herokuapp.com/] @30-09-2021 21:35:26.0669 PM
[ReportManager] Initial URL: [data:,] @30-09-2021 21:35:26.0706 PM
[ReportManager] Browser Action [NavigateToURL] successfully performed. With the following test data [https://the-internet.herokuapp.com/]. @30-09-2021 21:35:27.0841 P

################################################################################################################################################
Starting Execution:	[105 out of 144] test cases in the current suite
Test Method:		[testPackage01.Test_NewValidationHelper.f17]
################################################################################################################################################
[ReportManager] Attempting to getAttribute [text2] from elementLocator [By.tagName: h1]. @30-09-2021 21:35:27.0846 PM
[ReportManager] Element Action [GetAttribute] successfully performed. @30-09-2021 21:35:27.0922 PM
[ReportManager] Loaded Shared OpenCV @30-09-2021 21:35:28.0066 PM
[ReportManager] Assertion [ValidateElementAttribute] PASSED. Expected [Value Should not be 'Welcome' for the 'text2' attribute, element locator 'By.tagName: h1'] and Actual [null]. Comparison Type [CONTAINS]. Validation Type [NEGATIVE]. @30-09-2021 21:35:28.0144 PM
[ReportManager] Successfully created attachment [Screenshot - 1633037728065_f17_ValidateElementAttribute_passed] @30-09-2021 21:35:28.0145 P
[ReportManager] Successfully Closed All Drivers. @30-09-2021 21:35:28.0233 P
[ReportManager] File Action [GetAbsolutePath] successfully performed. With the following test data [Relative Folder Path: "target/downloadedFiles/"]. @30-09-2021 21:35:28.0235 PM
[ReportManager] Attempting to run remotely on: [Linux-64], [GoogleChrome], [http://localhost:4444/wd/hub], Headless Execution. @30-09-2021 21:35:28.0235 PM
[ReportManager] Successfully Opened [GoogleChrome]. @30-09-2021 21:35:28.0442 PM
[ReportManager] Target URL: [https://the-internet.herokuapp.com/] @30-09-2021 21:35:28.0452 PM
[ReportManager] Initial URL: [data:,] @30-09-2021 21:35:28.0498 PM
[ReportManager] Browser Action [NavigateToURL] successfully performed. With the following test data [https://the-internet.herokuapp.com/]. @30-09-2021 21:35:29.0623 P

################################################################################################################################################
Starting Execution:	[106 out of 144] test cases in the current suite
Test Method:		[testPackage01.Test_NewValidationHelper.f18]
################################################################################################################################################
[ReportManager] Element Action [GetText] successfully performed. With the following test data [Welcome to the-internet]. @30-09-2021 21:35:29.0723 PM
[ReportManager] Loaded Shared OpenCV @30-09-2021 21:35:29.0866 PM
[ReportManager] Assertion [ValidateElementAttribute] PASSED. Expected [Value Should not be 'no' for the 'text' attribute, element locator 'By.tagName: h1'] and Actual [Welcome to the-internet]. Comparison Type [CONTAINS]. Validation Type [NEGATIVE]. @30-09-2021 21:35:29.0964 PM
[ReportManager] Successfully created attachment [Screenshot - 1633037729866_f18_ValidateElementAttribute_passed] @30-09-2021 21:35:29.0965 P
[ReportManager] Successfully Closed All Drivers. @30-09-2021 21:35:30.0044 P
[ReportManager] File Action [GetAbsolutePath] successfully performed. With the following test data [Relative Folder Path: "target/downloadedFiles/"]. @30-09-2021 21:35:30.0046 PM
[ReportManager] Attempting to run remotely on: [Linux-64], [GoogleChrome], [http://localhost:4444/wd/hub], Headless Execution. @30-09-2021 21:35:30.0046 PM
[ReportManager] Successfully Opened [GoogleChrome]. @30-09-2021 21:35:30.0270 PM
[ReportManager] Target URL: [https://the-internet.herokuapp.com/] @30-09-2021 21:35:30.0281 PM
[ReportManager] Initial URL: [data:,] @30-09-2021 21:35:30.0320 PM
[ReportManager] Browser Action [NavigateToURL] successfully performed. With the following test data [https://the-internet.herokuapp.com/]. @30-09-2021 21:35:31.0444 P

################################################################################################################################################
Starting Execution:	[107 out of 144] test cases in the current suite
Test Method:		[testPackage01.Test_NewValidationHelper.f19]
################################################################################################################################################
[ReportManager] Element Action [GetTagName] successfully performed. With the following test data [h1]. @30-09-2021 21:35:31.0524 PM
[ReportManager] Loaded Shared OpenCV @30-09-2021 21:35:31.0668 PM
[ReportManager] Assertion [ValidateElementAttribute] PASSED. Expected [Value Should be 'h' for the 'tagname' attribute, element locator 'By.tagName: h1'] and Actual [h1]. Comparison Type [CONTAINS]. Validation Type [POSITIVE]. @30-09-2021 21:35:31.0754 PM
[ReportManager] Successfully created attachment [Screenshot - 1633037731667_f19_ValidateElementAttribute_passed] @30-09-2021 21:35:31.0755 P
[ReportManager] Successfully Closed All Drivers. @30-09-2021 21:35:31.0835 P

################################################################################################################################################
Starting Execution:	[108 out of 144] test cases in the current suite
Test Method:		[testPackage01.Test_NewValidationHelper.f2]
################################################################################################################################################
[ReportManager] Assertion Failed: Checking valid user data @30-09-2021 21:35:31.0842 PM
[ReportManager] Assertion [ValidateEquals] FAILED. Expected [1] and Actual [2]. Comparison Type [EQUALS]. Validation Type [POSITIVE]. @30-09-2021 21:35:31.0842 P
[ReportManager] File Action [GetAbsolutePath] successfully performed. With the following test data [Relative Folder Path: "target/downloadedFiles/"]. @30-09-2021 21:35:31.0849 PM
[ReportManager] Attempting to run remotely on: [Linux-64], [GoogleChrome], [http://localhost:4444/wd/hub], Headless Execution. @30-09-2021 21:35:31.0849 PM
[ReportManager] Successfully Opened [GoogleChrome]. @30-09-2021 21:35:32.0062 PM
[ReportManager] Target URL: [https://the-internet.herokuapp.com/] @30-09-2021 21:35:32.0075 PM
[ReportManager] Initial URL: [data:,] @30-09-2021 21:35:32.0124 PM
[ReportManager] Browser Action [NavigateToURL] successfully performed. With the following test data [https://the-internet.herokuapp.com/]. @30-09-2021 21:35:33.0247 P

################################################################################################################################################
Starting Execution:	[109 out of 144] test cases in the current suite
Test Method:		[testPackage01.Test_NewValidationHelper.f20]
################################################################################################################################################
[ReportManager] Element Action [GetSize] successfully performed. With the following test data [(755, 61)]. @30-09-2021 21:35:33.0334 PM
[ReportManager] Loaded Shared OpenCV @30-09-2021 21:35:33.0465 PM
[ReportManager] Assertion [ValidateElementAttribute] PASSED. Expected [Value Should not be 'a' for the 'size' attribute, element locator 'By.tagName: h1'] and Actual [(755, 61)]. Comparison Type [CONTAINS]. Validation Type [NEGATIVE]. @30-09-2021 21:35:33.0543 PM
[ReportManager] Successfully created attachment [Screenshot - 1633037733465_f20_ValidateElementAttribute_passed] @30-09-2021 21:35:33.0544 P
[ReportManager] Successfully Closed All Drivers. @30-09-2021 21:35:33.0620 P
[ReportManager] File Action [GetAbsolutePath] successfully performed. With the following test data [Relative Folder Path: "target/downloadedFiles/"]. @30-09-2021 21:35:33.0622 PM
[ReportManager] Attempting to run remotely on: [Linux-64], [GoogleChrome], [http://localhost:4444/wd/hub], Headless Execution. @30-09-2021 21:35:33.0623 PM
[ReportManager] Successfully Opened [GoogleChrome]. @30-09-2021 21:35:33.0855 PM
[ReportManager] Target URL: [https://the-internet.herokuapp.com/] @30-09-2021 21:35:33.0864 PM
[ReportManager] Initial URL: [data:,] @30-09-2021 21:35:33.0903 PM
[ReportManager] Browser Action [NavigateToURL] successfully performed. With the following test data [https://the-internet.herokuapp.com/]. @30-09-2021 21:35:35.0147 P

################################################################################################################################################
Starting Execution:	[110 out of 144] test cases in the current suite
Test Method:		[testPackage01.Test_NewValidationHelper.f21]
################################################################################################################################################
[ReportManager] Element Action [IdentifyUniqueElement] failed. With the following test data [zero elements found matching this locator "By.tagName: h3".]. @30-09-2021 21:36:00.0737 PM
[ReportManager] Successfully created attachment [Screenshot - 1633037760666_f21_IdentifyUniqueElement_failed] @30-09-2021 21:36:00.0737 PM
[ReportManager] Assertion [ValidateElementAttribute] FAILED. Expected [Value Should be 'Welcome' for the 'text' attribute, element locator 'By.tagName: h3'] and Actual [Failed to read the desired element attribute]. Comparison Type [CONTAINS]. Validation Type [POSITIVE]. @30-09-2021 21:36:00.0738 P
[ReportManager] Successfully Closed All Drivers. @30-09-2021 21:36:00.0813 P
[ReportManager] File Action [GetAbsolutePath] successfully performed. With the following test data [Relative Folder Path: "target/downloadedFiles/"]. @30-09-2021 21:36:00.0815 PM
[ReportManager] Attempting to run remotely on: [Linux-64], [GoogleChrome], [http://localhost:4444/wd/hub], Headless Execution. @30-09-2021 21:36:00.0815 PM
[ReportManager] Successfully Opened [GoogleChrome]. @30-09-2021 21:36:01.0071 PM
[ReportManager] Target URL: [https://the-internet.herokuapp.com/] @30-09-2021 21:36:01.0082 PM
[ReportManager] Initial URL: [data:,] @30-09-2021 21:36:01.0124 PM
[ReportManager] Browser Action [NavigateToURL] successfully performed. With the following test data [https://the-internet.herokuapp.com/]. @30-09-2021 21:36:02.0236 P

################################################################################################################################################
Starting Execution:	[111 out of 144] test cases in the current suite
Test Method:		[testPackage01.Test_NewValidationHelper.f22]
################################################################################################################################################
[ReportManager] Element Action [GetText] successfully performed. With the following test data [Welcome to the-internet]. @30-09-2021 21:36:02.0327 PM
[ReportManager] Loaded Shared OpenCV @30-09-2021 21:36:02.0465 PM
[ReportManager] Assertion [ValidateElementAttribute] FAILED. Expected [Value Should be 'yyy' for the 'text' attribute, element locator 'By.tagName: h1'] and Actual [Welcome to the-internet]. Comparison Type [CONTAINS]. Validation Type [POSITIVE]. @30-09-2021 21:36:02.0551 PM
[ReportManager] Successfully created attachment [Screenshot - 1633037762465_f22_ValidateElementAttribute_failed] @30-09-2021 21:36:02.0552 P
[ReportManager] Successfully Closed All Drivers. @30-09-2021 21:36:02.0630 P

################################################################################################################################################
Starting Execution:	[112 out of 144] test cases in the current suite
Test Method:		[testPackage01.Test_NewValidationHelper.f23]
################################################################################################################################################
[ReportManager] Assertion Passed: confirming that the actual is greater than or equal to the expected @30-09-2021 21:36:02.0634 PM
[ReportManager] Assertion [ValidateComparativeRelation] PASSED. Expected [1] and Actual [1]. Comparison Type [GREATER_THAN_OR_EQUALS]. Validation Type [POSITIVE]. @30-09-2021 21:36:02.0634 P

################################################################################################################################################
Starting Execution:	[113 out of 144] test cases in the current suite
Test Method:		[testPackage01.Test_NewValidationHelper.f24]
################################################################################################################################################
[ReportManager] Assertion [ValidateComparativeRelation] PASSED. Expected [1] and Actual [10]. Comparison Type [GREATER_THAN_OR_EQUALS]. Validation Type [POSITIVE]. @30-09-2021 21:36:02.0637 P

################################################################################################################################################
Starting Execution:	[114 out of 144] test cases in the current suite
Test Method:		[testPackage01.Test_NewValidationHelper.f25]
################################################################################################################################################
[ReportManager] Assertion [ValidateComparativeRelation] PASSED. Expected [1] and Actual [1]. Comparison Type [EQUALS]. Validation Type [POSITIVE]. @30-09-2021 21:36:02.0640 P

################################################################################################################################################
Starting Execution:	[115 out of 144] test cases in the current suite
Test Method:		[testPackage01.Test_NewValidationHelper.f26]
################################################################################################################################################
[ReportManager] Assertion [ValidateComparativeRelation] PASSED. Expected [1] and Actual [5]. Comparison Type [GREATER_THAN]. Validation Type [POSITIVE]. @30-09-2021 21:36:02.0643 P

################################################################################################################################################
Starting Execution:	[116 out of 144] test cases in the current suite
Test Method:		[testPackage01.Test_NewValidationHelper.f27]
################################################################################################################################################
[ReportManager] Assertion [ValidateComparativeRelation] PASSED. Expected [11] and Actual [5]. Comparison Type [LESS_THAN]. Validation Type [POSITIVE]. @30-09-2021 21:36:02.0645 P

################################################################################################################################################
Starting Execution:	[117 out of 144] test cases in the current suite
Test Method:		[testPackage01.Test_NewValidationHelper.f28]
################################################################################################################################################
[ReportManager] Assertion [ValidateComparativeRelation] PASSED. Expected [11] and Actual [5]. Comparison Type [LESS_THAN_OR_EQUALS]. Validation Type [POSITIVE]. @30-09-2021 21:36:02.0647 P

################################################################################################################################################
Starting Execution:	[118 out of 144] test cases in the current suite
Test Method:		[testPackage01.Test_NewValidationHelper.f29]
################################################################################################################################################
[ReportManager] Assertion [ValidateComparativeRelation] PASSED. Expected [11] and Actual [11]. Comparison Type [LESS_THAN_OR_EQUALS]. Validation Type [POSITIVE]. @30-09-2021 21:36:02.0649 P

################################################################################################################################################
Starting Execution:	[119 out of 144] test cases in the current suite
Test Method:		[testPackage01.Test_NewValidationHelper.f3]
################################################################################################################################################
[ReportManager] Assertion [ValidateEquals] PASSED. Expected [1] and Actual [2]. Comparison Type [EQUALS]. Validation Type [NEGATIVE]. @30-09-2021 21:36:02.0651 P

################################################################################################################################################
Starting Execution:	[120 out of 144] test cases in the current suite
Test Method:		[testPackage01.Test_NewValidationHelper.f30]
################################################################################################################################################
[ReportManager] Assertion [ValidateComparativeRelation] FAILED. Expected [-9] and Actual [11]. Comparison Type [LESS_THAN_OR_EQUALS]. Validation Type [POSITIVE]. @30-09-2021 21:36:02.0653 P

################################################################################################################################################
Starting Execution:	[121 out of 144] test cases in the current suite
Test Method:		[testPackage01.Test_NewValidationHelper.f31]
################################################################################################################################################
[ReportManager] Assertion [ValidateTrue] PASSED. Expected [TRUE] and Actual [TRUE]. Validation Type [POSITIVE]. @30-09-2021 21:36:02.0655 P

################################################################################################################################################
Starting Execution:	[122 out of 144] test cases in the current suite
Test Method:		[testPackage01.Test_NewValidationHelper.f32]
################################################################################################################################################
[ReportManager] Assertion [ValidateTrue] PASSED. Expected [FALSE] and Actual [FALSE]. Validation Type [NEGATIVE]. @30-09-2021 21:36:02.0657 P

################################################################################################################################################
Starting Execution:	[123 out of 144] test cases in the current suite
Test Method:		[testPackage01.Test_NewValidationHelper.f33]
################################################################################################################################################
[ReportManager] Assertion [ValidateTrue] FAILED. Expected [FALSE] and Actual [TRUE]. Validation Type [NEGATIVE]. @30-09-2021 21:36:02.0659 P

################################################################################################################################################
Starting Execution:	[124 out of 144] test cases in the current suite
Test Method:		[testPackage01.Test_NewValidationHelper.f34]
################################################################################################################################################
[ReportManager] Assertion [ValidateTrue] FAILED. Expected [TRUE] and Actual [FALSE]. Validation Type [POSITIVE]. @30-09-2021 21:36:02.0661 P

################################################################################################################################################
Starting Execution:	[125 out of 144] test cases in the current suite
Test Method:		[testPackage01.Test_NewValidationHelper.f35]
################################################################################################################################################
[ReportManager] File Action [DoesFileExist] successfully performed. With the following test data [File Path: "pom.xml"]. @30-09-2021 21:36:02.0663 PM
[ReportManager] Assertion [ValidateFileExists] PASSED. Expected [File 'pom.xml' should exist, after up to '1' retries] and Actual [File exists]. Validation Type [POSITIVE]. @30-09-2021 21:36:02.0663 P

################################################################################################################################################
Starting Execution:	[126 out of 144] test cases in the current suite
Test Method:		[testPackage01.Test_NewValidationHelper.f36]
################################################################################################################################################
[ReportManager] File Action [DoesFileExist] successfully performed. With the following test data [File Path: "src/test/java/testPackage01/Test_NewValidationHelper.java"]. @30-09-2021 21:36:02.0665 PM
[ReportManager] Assertion [ValidateFileExists] PASSED. Expected [File 'src/test/java/testPackage01/Test_NewValidationHelper.java' should exist, after up to '1' retries] and Actual [File exists]. Validation Type [POSITIVE]. @30-09-2021 21:36:02.0665 P

################################################################################################################################################
Starting Execution:	[127 out of 144] test cases in the current suite
Test Method:		[testPackage01.Test_NewValidationHelper.f37]
################################################################################################################################################
[ReportManager] File Action [DoesFileExist] successfully performed. With the following test data [File Path: "pom.xml"]. @30-09-2021 21:36:02.0667 PM
[ReportManager] Assertion Failed: confirming that the file does't exist after 5 retries @30-09-2021 21:36:02.0668 PM
[ReportManager] Assertion [ValidateFileExists] FAILED. Expected [File 'pom.xml' should not exist, after up to '5' retries] and Actual [File exists]. Validation Type [NEGATIVE]. @30-09-2021 21:36:02.0668 P

################################################################################################################################################
Starting Execution:	[128 out of 144] test cases in the current suite
Test Method:		[testPackage01.Test_NewValidationHelper.f3_1]
################################################################################################################################################
[ReportManager] Assertion Passed: Checking valid user data @30-09-2021 21:36:02.0670 PM
[ReportManager] Assertion [ValidateEquals] PASSED. Expected [null] and Actual [null]. Comparison Type [EQUALS]. Validation Type [POSITIVE]. @30-09-2021 21:36:02.0670 P

################################################################################################################################################
Starting Execution:	[129 out of 144] test cases in the current suite
Test Method:		[testPackage01.Test_NewValidationHelper.f4]
################################################################################################################################################
[ReportManager] Assertion [ValidateEquals] PASSED. Expected [1] and Actual [123]. Comparison Type [CONTAINS]. Validation Type [POSITIVE]. @30-09-2021 21:36:02.0672 P

################################################################################################################################################
Starting Execution:	[130 out of 144] test cases in the current suite
Test Method:		[testPackage01.Test_NewValidationHelper.f5]
################################################################################################################################################
[ReportManager] Assertion [ValidateNull] PASSED. Expected [NULL] and Actual [1]. Comparison Type [EQUALS]. Validation Type [NEGATIVE]. @30-09-2021 21:36:02.0674 P

################################################################################################################################################
Starting Execution:	[131 out of 144] test cases in the current suite
Test Method:		[testPackage01.Test_NewValidationHelper.f6]
################################################################################################################################################
[ReportManager] Assertion Failed: Making sure that null string is not equal to null object @30-09-2021 21:36:02.0675 PM
[ReportManager] Assertion [ValidateNull] FAILED. Expected [NULL] and Actual [NULL]. Comparison Type [EQUALS]. Validation Type [POSITIVE]. @30-09-2021 21:36:02.0676 P

################################################################################################################################################
Starting Execution:	[132 out of 144] test cases in the current suite
Test Method:		[testPackage01.Test_NewValidationHelper.f6_1]
################################################################################################################################################
[ReportManager] Assertion [ValidateNull] FAILED. Expected [NULL] and Actual [NULL]. Comparison Type [EQUALS]. Validation Type [NEGATIVE]. @30-09-2021 21:36:02.0678 P

################################################################################################################################################
Starting Execution:	[133 out of 144] test cases in the current suite
Test Method:		[testPackage01.Test_NewValidationHelper.f6_2]
################################################################################################################################################
[ReportManager] Assertion Failed: Making sure that null string is not equal to null object @30-09-2021 21:36:02.0680 PM
[ReportManager] Assertion [ValidateNull] FAILED. Expected [NULL] and Actual [not null]. Comparison Type [EQUALS]. Validation Type [POSITIVE]. @30-09-2021 21:36:02.0680 P

################################################################################################################################################
Starting Execution:	[134 out of 144] test cases in the current suite
Test Method:		[testPackage01.Test_NewValidationHelper.f7]
################################################################################################################################################
[ReportManager] Assertion [ValidateNull] PASSED. Expected [NULL] and Actual [NULL]. Comparison Type [EQUALS]. Validation Type [POSITIVE]. @30-09-2021 21:36:02.0682 P
[ReportManager] File Action [GetAbsolutePath] successfully performed. With the following test data [Relative Folder Path: "target/downloadedFiles/"]. @30-09-2021 21:36:02.0683 PM
[ReportManager] Attempting to run remotely on: [Linux-64], [GoogleChrome], [http://localhost:4444/wd/hub], Headless Execution. @30-09-2021 21:36:02.0683 PM
[ReportManager] Successfully Opened [GoogleChrome]. @30-09-2021 21:36:02.0899 PM
[ReportManager] Target URL: [https://the-internet.herokuapp.com/] @30-09-2021 21:36:02.0919 PM
[ReportManager] Initial URL: [data:,] @30-09-2021 21:36:02.0958 PM
[ReportManager] Browser Action [NavigateToURL] successfully performed. With the following test data [https://the-internet.herokuapp.com/]. @30-09-2021 21:36:04.0068 P

################################################################################################################################################
Starting Execution:	[135 out of 144] test cases in the current suite
Test Method:		[testPackage01.Test_NewValidationHelper.f8]
################################################################################################################################################
[ReportManager] Loaded Shared OpenCV @30-09-2021 21:36:04.0265 PM
[ReportManager] Assertion [ValidateElementExists] PASSED. Expected [Element Should Exist, locator 'By.tagName: h1'] and Actual [Element Exists]. Comparison Type [EQUALS]. Validation Type [POSITIVE]. @30-09-2021 21:36:04.0351 PM
[ReportManager] Successfully created attachment [Screenshot - 1633037764265_f8_ValidateElementExists_passed] @30-09-2021 21:36:04.0352 P
[ReportManager] Successfully Closed All Drivers. @30-09-2021 21:36:04.0429 P
[ReportManager] File Action [GetAbsolutePath] successfully performed. With the following test data [Relative Folder Path: "target/downloadedFiles/"]. @30-09-2021 21:36:04.0431 PM
[ReportManager] Attempting to run remotely on: [Linux-64], [GoogleChrome], [http://localhost:4444/wd/hub], Headless Execution. @30-09-2021 21:36:04.0432 PM
[ReportManager] Successfully Opened [GoogleChrome]. @30-09-2021 21:36:04.0631 PM
[ReportManager] Target URL: [https://the-internet.herokuapp.com/] @30-09-2021 21:36:04.0643 PM
[ReportManager] Initial URL: [data:,] @30-09-2021 21:36:04.0682 PM
[ReportManager] Browser Action [NavigateToURL] successfully performed. With the following test data [https://the-internet.herokuapp.com/]. @30-09-2021 21:36:05.0808 P

################################################################################################################################################
Starting Execution:	[136 out of 144] test cases in the current suite
Test Method:		[testPackage01.Test_NewValidationHelper.f9]
################################################################################################################################################
[ReportManager] Assertion [ValidateElementExists] FAILED. Expected [Element Should Exist, locator 'By.tagName: h3'] and Actual [Element Doesn't Exists]. Comparison Type [EQUALS]. Validation Type [POSITIVE]. @30-09-2021 21:36:36.0508 PM
[ReportManager] Successfully created attachment [Screenshot - 1633037796446_f9_ValidateElementExists_failed] @30-09-2021 21:36:36.0509 P
[ReportManager] Successfully Closed All Drivers. @30-09-2021 21:36:36.0585 P

################################################################################################################################################
Starting Execution:	[137 out of 144] test cases in the current suite
Test Method:		[testPackage01.Test_NewValidationHelper.forceFail]
################################################################################################################################################
[ReportManager] Assertion [ValidateFail] FAILED. Successfully force failed the test. @30-09-2021 21:36:36.0591 P

################################################################################################################################################
Starting Execution:	[138 out of 144] test cases in the current suite
Test Method:		[testPackage01.Test_NewValidationHelper.forceFail2]
################################################################################################################################################
[ReportManager] Assertion Failed: Custom Message @30-09-2021 21:36:36.0593 PM
[ReportManager] Assertion [ValidateFail] FAILED. Successfully force failed the test. @30-09-2021 21:36:36.0593 P

################################################################################################################################################
Starting Execution:	[139 out of 144] test cases in the current suite
Test Method:		[testPackage01.Test_sendGraphqlRequest.sendGraphqlRequestUsingMutationAndVariables]
################################################################################################################################################
[ReportManager] GraphQl Request is being Performed with the Following Parameters [Service URL: https://api.spacex.land/graphql | Request Body: {"variables":"{\"name\": \"sherlock holmes\",\"rocket\": \"221B Baker Street\"}","query":"mutation ($name: String, $rocket: String) {\n  insert_users(objects: {name: $name, rocket: $rocket}) {\n    returning {\n      name\n      rocket\n    }\n  }\n}"}] @30-09-2021 21:36:36.0597 PM
[ReportManager] Response status code: [200], status line: [HTTP/1.1 200 OK] @30-09-2021 21:36:37.0121 PM
[ReportManager] Assertion Passed: Evaluating the actual response status code against the expected one... @30-09-2021 21:36:37.0121 PM
[ReportManager] Assertion [ValidateEquals] PASSED. Expected [200] and Actual [200]. Comparison Type [EQUALS]. Validation Type [POSITIVE]. @30-09-2021 21:36:37.0121 PM
[ReportManager] API Action [PerformRequest] successfully performed. With the following test data [Request Type: "POST" | Target Status Code: "200" | Service URL: "https://api.spacex.land/graphql" | Content Type: "application/json" | Response Time: "438ms"]. @30-09-2021 21:36:37.0133 PM
[ReportManager] Successfully created attachment [API Request - Specifications] @30-09-2021 21:36:37.0134 PM
[ReportManager] Successfully created attachment [API Request - JSON Body] @30-09-2021 21:36:37.0134 PM
[ReportManager] Successfully created attachment [API Response - JSON Body] @30-09-2021 21:36:37.0134 PM
[ReportManager] API Action [GetResponseJSONValue] successfully performed. With the following test data [data.insert_users.returning[0].name]. @30-09-2021 21:36:37.0208 PM
[ReportManager] Assertion [ValidateEquals] PASSED. Expected [sherlock holmes] and Actual [sherlock holmes]. Comparison Type [EQUALS]. Validation Type [POSITIVE]. @30-09-2021 21:36:37.0208 P

################################################################################################################################################
Starting Execution:	[140 out of 144] test cases in the current suite
Test Method:		[testPackage01.Test_sendGraphqlRequest.sendGraphqlRequestUsingQuery]
################################################################################################################################################
[ReportManager] GraphQl Request is being Performed with the Following Parameters [Service URL: https://api.spacex.land/graphql | Request Body: {"query":"{company {ceo}}"}] @30-09-2021 21:36:37.0211 PM
[ReportManager] Response status code: [200], status line: [HTTP/1.1 200 OK] @30-09-2021 21:36:37.0525 PM
[ReportManager] Assertion Passed: Evaluating the actual response status code against the expected one... @30-09-2021 21:36:37.0525 PM
[ReportManager] Assertion [ValidateEquals] PASSED. Expected [200] and Actual [200]. Comparison Type [EQUALS]. Validation Type [POSITIVE]. @30-09-2021 21:36:37.0525 PM
[ReportManager] API Action [PerformRequest] successfully performed. With the following test data [Request Type: "POST" | Target Status Code: "200" | Service URL: "https://api.spacex.land/graphql" | Content Type: "application/json" | Response Time: "307ms"]. @30-09-2021 21:36:37.0536 PM
[ReportManager] Successfully created attachment [API Request - Specifications] @30-09-2021 21:36:37.0537 PM
[ReportManager] Successfully created attachment [API Request - JSON Body] @30-09-2021 21:36:37.0537 PM
[ReportManager] Successfully created attachment [API Response - JSON Body] @30-09-2021 21:36:37.0537 PM
[ReportManager] API Action [GetResponseJSONValue] successfully performed. With the following test data [data.company.ceo]. @30-09-2021 21:36:37.0548 PM
[ReportManager] Assertion [ValidateEquals] PASSED. Expected [Elon Musk] and Actual [Elon Musk]. Comparison Type [EQUALS]. Validation Type [POSITIVE]. @30-09-2021 21:36:37.0548 P

################################################################################################################################################
Starting Execution:	[141 out of 144] test cases in the current suite
Test Method:		[testPackage01.Test_chainableElementActions.chainElementActions]
################################################################################################################################################
[ReportManager] File Action [GetAbsolutePath] successfully performed. With the following test data [Relative Folder Path: "target/downloadedFiles/"]. @30-09-2021 21:36:37.0557 PM
[ReportManager] Attempting to run remotely on: [Linux-64], [GoogleChrome], [http://localhost:4444/wd/hub], Headless Execution. @30-09-2021 21:36:37.0557 PM
[ReportManager] Successfully Opened [GoogleChrome]. @30-09-2021 21:36:37.0764 PM
[ReportManager] Target URL: [https://www.google.com/ncr], and after redirection: [https://www.google.com] @30-09-2021 21:36:37.0774 PM
[ReportManager] Initial URL: [data:,] @30-09-2021 21:36:37.0814 PM
[ReportManager] Browser Action [NavigateToURL] successfully performed. With the following test data [https://www.google.com/ncr]. @30-09-2021 21:36:38.0707 PM
[ReportManager] Element Action [Type] successfully performed. With the following test data [chained type 1]. @30-09-2021 21:36:39.0048 PM
[ReportManager] Element Action [Type] successfully performed. With the following test data [chained type 2]. @30-09-2021 21:36:39.0390 PM
[ReportManager] Element Action [TypeAppend] successfully performed. With the following test data [345]. @30-09-2021 21:36:39.0486 PM
[ReportManager] Element Action [GetText] successfully performed. With the following test data [chained type 2345]. @30-09-2021 21:36:39.0601 PM
[ReportManager] Loaded Shared OpenCV @30-09-2021 21:36:39.0756 PM
[ReportManager] Assertion [ValidateElementAttribute] PASSED. Expected [Value Should be 'chained type 2345' for the 'text' attribute, element locator 'By.name: q'] and Actual [chained type 2345]. Comparison Type [EQUALS]. Validation Type [POSITIVE]. @30-09-2021 21:36:39.0828 PM
[ReportManager] Successfully created attachment [Screenshot - 1633037799756_chainElementActions_ValidateElementAttribute_passed] @30-09-2021 21:36:39.0829 PM
[ReportManager] Browser Action [CloseCurrentWindow] successfully performed. @30-09-2021 21:36:39.0948 PM
[ReportManager] Successfully created attachment [Browser Action Test Data - CloseCurrentWindow - Actual Value] @30-09-2021 21:36:39.0949 P

################################################################################################################################################
Starting Execution:	[142 out of 144] test cases in the current suite
Test Method:		[testPackage01.Test_SkipDueToIssue.doNotSkip]
################################################################################################################################################
[ReportManager] This should not be skipped. @30-09-2021 21:36:39.0959 P

################################################################################################################################################
Starting Execution:	[143 out of 144] test cases in the current suite
Test Method:		[testPackage01.Test_SkipDueToIssue.skip]
################################################################################################################################################
[ReportManager] This should be skipped. @30-09-2021 21:36:39.0965 P

################################################################################################################################################
Starting Execution:	[144 out of 144] test cases in the current suite
Test Method:		[testPackage01.Test_SkipDueToIssue.skip2]
################################################################################################################################################
[ReportManager] This should be skipped. @30-09-2021 21:36:39.0970 P

################################################################################################################################################
Test Closure Activities
################################################################################################################################################
[ReportManager] Successfully created attachment [SHAFT Engine Logs - Execution log] @30-09-2021 21:36:40.0000 PM

################################################################################################################################################
This test run was powered by SHAFT Engine Version: [SHAFT Engine v5.3.20210902]
SHAFT Engine is licensed under the MIT License: [https://github.com/MohabMohie/SHAFT_ENGINE/blob/master/LICENSE].
################################################################################################################################################