################################################################################################################################################
Detected SHAFT Engine Version: [SHAFT Engine v6.1.20220113]
################################################################################################################################################
[ReportManager] File Action [GetAbsolutePath] successfully performed. With the following test data [Relative Folder Path: "target/downloadedFiles/"]. @02-02-2022 01:51:47.0106 AM
[ReportManager] Attempting to run locally on: [Mac-64], [Safari], Headless Execution. @02-02-2022 01:51:47.0121 AM
[ReportManager] An Exception Occured with this Message: Could not start a new session. Possible causes are invalid address of the remote server or browser start-up failure.. @02-02-2022 01:51:48.0387 AM
[ReportManager] Successfully created attachment [Exception Stack Trace - org.openqa.selenium.SessionNotCreatedException] @02-02-2022 01:51:48.0491 AM
[ReportManager] Driver Factory Action [createNewLocalDriverInstanceForSafari] failed. With the following test data [Failed to create a session on DESKTOP_SAFARI]. @02-02-2022 01:51:48.0493 A

################################################################################################################################################
Starting Execution:	[1 out of 162] test cases in the current suite
Test Method:		[unitTests.tests_element_elementActions.waitForElementToBePresent_false_expectedToFail]
###############################################################################################################################################



################################################################################################################################################
Starting Execution:	[2 out of 162] test cases in the current suite
Test Method:		[unitTests.tests_element_elementActions.waitForElementToBePresent_false_expectedToPass]
###############################################################################################################################################



################################################################################################################################################
Starting Execution:	[3 out of 162] test cases in the current suite
Test Method:		[unitTests.tests_element_elementActions.waitForElementToBePresent_moreThanOneElement_expectedToFail]
###############################################################################################################################################



################################################################################################################################################
Starting Execution:	[4 out of 162] test cases in the current suite
Test Method:		[unitTests.tests_element_elementActions.waitForElementToBePresent_true_expectedToFail]
###############################################################################################################################################



################################################################################################################################################
Starting Execution:	[5 out of 162] test cases in the current suite
Test Method:		[unitTests.tests_element_elementActions.waitForElementToBePresent_true_expectedToPass]
###############################################################################################################################################

[ReportManager] File Action [GetAbsolutePath] successfully performed. With the following test data [Relative Folder Path: "target/downloadedFiles/"]. @02-02-2022 01:51:49.0240 AM
[ReportManager] Attempting to run locally on: [Mac-64], [Safari], Headless Execution. @02-02-2022 01:51:49.0241 AM
[ReportManager] An Exception Occured with this Message: Could not start a new session. Possible causes are invalid address of the remote server or browser start-up failure.. @02-02-2022 01:51:49.0281 AM
[ReportManager] Successfully created attachment [Exception Stack Trace - org.openqa.selenium.SessionNotCreatedException] @02-02-2022 01:51:49.0282 AM
[ReportManager] Driver Factory Action [createNewLocalDriverInstanceForSafari] failed. With the following test data [Failed to create a session on DESKTOP_SAFARI]. @02-02-2022 01:51:49.0282 A

################################################################################################################################################
Starting Execution:	[6 out of 162] test cases in the current suite
Test Method:		[unitTests.tests_browserActions.fullScreenWindow]
###############################################################################################################################################



################################################################################################################################################
Starting Execution:	[7 out of 162] test cases in the current suite
Test Method:		[unitTests.tests_browserActions.getCurrentURL]
###############################################################################################################################################



################################################################################################################################################
Starting Execution:	[8 out of 162] test cases in the current suite
Test Method:		[unitTests.tests_browserActions.getCurrentWindowTitle]
###############################################################################################################################################



################################################################################################################################################
Starting Execution:	[9 out of 162] test cases in the current suite
Test Method:		[unitTests.tests_browserActions.getPageSource]
###############################################################################################################################################



################################################################################################################################################
Starting Execution:	[10 out of 162] test cases in the current suite
Test Method:		[unitTests.tests_browserActions.getWindowHandle]
###############################################################################################################################################



################################################################################################################################################
Starting Execution:	[11 out of 162] test cases in the current suite
Test Method:		[unitTests.tests_browserActions.getWindowPosition]
###############################################################################################################################################



################################################################################################################################################
Starting Execution:	[12 out of 162] test cases in the current suite
Test Method:		[unitTests.tests_browserActions.getWindowSize]
###############################################################################################################################################



################################################################################################################################################
Starting Execution:	[13 out of 162] test cases in the current suite
Test Method:		[unitTests.tests_browserActions.maximizeWindow]
###############################################################################################################################################



################################################################################################################################################
Starting Execution:	[14 out of 162] test cases in the current suite
Test Method:		[unitTests.tests_browserActions.navigateBack]
###############################################################################################################################################



################################################################################################################################################
Starting Execution:	[15 out of 162] test cases in the current suite
Test Method:		[unitTests.tests_browserActions.navigateForward]
###############################################################################################################################################



################################################################################################################################################
Starting Execution:	[16 out of 162] test cases in the current suite
Test Method:		[unitTests.tests_browserActions.navigateToURL]
###############################################################################################################################################



################################################################################################################################################
Starting Execution:	[17 out of 162] test cases in the current suite
Test Method:		[unitTests.tests_browserActions.navigateToURLWithRedirection]
###############################################################################################################################################



################################################################################################################################################
Starting Execution:	[18 out of 162] test cases in the current suite
Test Method:		[unitTests.tests_browserActions.refreshCurrentPage]
###############################################################################################################################################



################################################################################################################################################
Starting Execution:	[19 out of 162] test cases in the current suite
Test Method:		[unitTests.tests_browserActions.setWindowSize]
###############################################################################################################################################

[ReportManager] Successfully loaded the following test data file [src/test/resources/testDataFiles/testSuite01/TestData.xlsx]. @02-02-2022 01:51:50.0635 AM
[ReportManager] Successfully created attachment [Test Data - Excel] @02-02-2022 01:51:50.0636 A

################################################################################################################################################
Starting Execution:	[20 out of 162] test cases in the current suite
Test Method:		[unitTests.tests_io_excelFileManager.getCellData_rowName_expectedToPass]
################################################################################################################################################
[ReportManager] testRowData. @02-02-2022 01:51:50.0650 A

################################################################################################################################################
Starting Execution:	[21 out of 162] test cases in the current suite
Test Method:		[unitTests.tests_validations_assertions.assertComparativeRelation_greaterThanOrEquals_false_equals_expectedToFail]
################################################################################################################################################
[ReportManager] Assertion [ValidateComparativeRelation] FAILED. Expected [1] and Actual [1]. Comparison Type [GREATER_THAN_OR_EQUALS]. Validation Type [NEGATIVE]. @02-02-2022 01:51:50.0666 A

################################################################################################################################################
Starting Execution:	[22 out of 162] test cases in the current suite
Test Method:		[unitTests.tests_validations_assertions.assertComparativeRelation_greaterThanOrEquals_false_equals_expectedToPass]
################################################################################################################################################
[ReportManager] Assertion [ValidateComparativeRelation] PASSED. Expected [2] and Actual [1]. Comparison Type [GREATER_THAN_OR_EQUALS]. Validation Type [NEGATIVE]. @02-02-2022 01:51:50.0671 A

################################################################################################################################################
Starting Execution:	[23 out of 162] test cases in the current suite
Test Method:		[unitTests.tests_validations_assertions.assertComparativeRelation_greaterThanOrEquals_false_greaterThan_expectedToFail]
################################################################################################################################################
[ReportManager] Assertion [ValidateComparativeRelation] FAILED. Expected [1] and Actual [2]. Comparison Type [GREATER_THAN_OR_EQUALS]. Validation Type [NEGATIVE]. @02-02-2022 01:51:50.0676 A

################################################################################################################################################
Starting Execution:	[24 out of 162] test cases in the current suite
Test Method:		[unitTests.tests_validations_assertions.assertComparativeRelation_greaterThanOrEquals_false_greaterThan_expectedToPass]
################################################################################################################################################
[ReportManager] Assertion [ValidateComparativeRelation] PASSED. Expected [2] and Actual [1]. Comparison Type [GREATER_THAN_OR_EQUALS]. Validation Type [NEGATIVE]. @02-02-2022 01:51:50.0680 A

################################################################################################################################################
Starting Execution:	[25 out of 162] test cases in the current suite
Test Method:		[unitTests.tests_validations_assertions.assertComparativeRelation_greaterThanOrEquals_true_equals_expectedToFail]
################################################################################################################################################
[ReportManager] Assertion [ValidateComparativeRelation] FAILED. Expected [1] and Actual [0]. Comparison Type [GREATER_THAN_OR_EQUALS]. Validation Type [POSITIVE]. @02-02-2022 01:51:50.0686 A

################################################################################################################################################
Starting Execution:	[26 out of 162] test cases in the current suite
Test Method:		[unitTests.tests_validations_assertions.assertComparativeRelation_greaterThanOrEquals_true_equals_expectedToPass]
################################################################################################################################################
[ReportManager] Assertion [ValidateComparativeRelation] PASSED. Expected [1] and Actual [1]. Comparison Type [GREATER_THAN_OR_EQUALS]. Validation Type [POSITIVE]. @02-02-2022 01:51:50.0690 A

################################################################################################################################################
Starting Execution:	[27 out of 162] test cases in the current suite
Test Method:		[unitTests.tests_validations_assertions.assertComparativeRelation_greaterThanOrEquals_true_greaterThan_expectedToFail]
################################################################################################################################################
[ReportManager] Assertion [ValidateComparativeRelation] FAILED. Expected [2] and Actual [1]. Comparison Type [GREATER_THAN_OR_EQUALS]. Validation Type [POSITIVE]. @02-02-2022 01:51:50.0695 A

################################################################################################################################################
Starting Execution:	[28 out of 162] test cases in the current suite
Test Method:		[unitTests.tests_validations_assertions.assertComparativeRelation_greaterThanOrEquals_true_greaterThan_expectedToPass]
################################################################################################################################################
[ReportManager] Assertion [ValidateComparativeRelation] PASSED. Expected [1] and Actual [2]. Comparison Type [GREATER_THAN_OR_EQUALS]. Validation Type [POSITIVE]. @02-02-2022 01:51:50.0699 A
[ReportManager] File Action [GetAbsolutePath] successfully performed. With the following test data [Relative Folder Path: "target/downloadedFiles/"]. @02-02-2022 01:51:50.0711 AM
[ReportManager] Attempting to run locally on: [Mac-64], [Safari], Headless Execution. @02-02-2022 01:51:50.0711 AM
[ReportManager] Successfully Opened Safari. @02-02-2022 01:51:54.0571 AM
[ReportManager] Initial window size: (800, 600) @02-02-2022 01:51:54.0591 AM
[ReportManager] Window size after SWD Maximize: (1176, 802) @02-02-2022 01:51:54.0631 AM
[ReportManager] Browser Action [MaximizeWindow] successfully performed. With the following test data [New screen size is now: (1176, 802)]. @02-02-2022 01:51:54.0632 AM
[ReportManager] Target URL: [https://www.google.com/ncr], and after redirection: [www.google.com] @02-02-2022 01:51:54.0638 AM
[ReportManager] Initial URL: [] @02-02-2022 01:51:54.0714 AM
[ReportManager] Browser Action [NavigateToURL] successfully performed. With the following test data [https://www.google.com/ncr]. @02-02-2022 01:51:56.0289 A

################################################################################################################################################
Starting Execution:	[29 out of 162] test cases in the current suite
Test Method:		[unitTests.tests_validations_assertions.assertElementAttribute_false_caseInsensitiveComparison_expectedToFail]
################################################################################################################################################
[ReportManager] Element Action [Type] successfully performed. With the following test data [AUTOMATION]. @02-02-2022 01:51:57.0702 AM
[ReportManager] Element Action [GetText] successfully performed. With the following test data [AUTOMATION]. @02-02-2022 01:51:57.0807 AM
[ReportManager] Assertion [ValidateElementAttribute] FAILED. Expected [Value Should not be 'AutomaTion' for the 'text' attribute, element locator 'By.name: q'] and Actual [AUTOMATION]. Comparison Type [CASE_INSENSITIVE]. Validation Type [NEGATIVE]. @02-02-2022 01:52:00.0937 AM
[ReportManager] Successfully created attachment [Screenshot - 1643766719108_assertElementAttribute_false_caseInsensitiveComparison_expectedToFail_ValidateElementAttribute_failed] @02-02-2022 01:52:00.0959 A
[ReportManager] Browser Action [CloseCurrentWindow] successfully performed. @02-02-2022 01:52:01.0332 AM
[ReportManager] Successfully created attachment [Browser Action Test Data - CloseCurrentWindow - Actual Value] @02-02-2022 01:52:01.0334 A
[ReportManager] File Action [GetAbsolutePath] successfully performed. With the following test data [Relative Folder Path: "target/downloadedFiles/"]. @02-02-2022 01:52:01.0341 AM
[ReportManager] Attempting to run locally on: [Mac-64], [Safari], Headless Execution. @02-02-2022 01:52:01.0341 AM
[ReportManager] An Exception Occured with this Message: Could not start a new session. Possible causes are invalid address of the remote server or browser start-up failure.. @02-02-2022 01:52:01.0624 AM
[ReportManager] Successfully created attachment [Exception Stack Trace - org.openqa.selenium.SessionNotCreatedException] @02-02-2022 01:52:01.0625 AM
[ReportManager] Driver Factory Action [createNewLocalDriverInstanceForSafari] failed. With the following test data [Failed to create a session on DESKTOP_SAFARI]. @02-02-2022 01:52:01.0625 A

################################################################################################################################################
Starting Execution:	[30 out of 162] test cases in the current suite
Test Method:		[unitTests.tests_validations_assertions.assertElementAttribute_false_caseInsensitiveComparison_expectedToPass]
###############################################################################################################################################



################################################################################################################################################
Starting Execution:	[31 out of 162] test cases in the current suite
Test Method:		[unitTests.tests_validations_assertions.assertElementAttribute_false_containsComparison_expectedToFail]
###############################################################################################################################################



################################################################################################################################################
Starting Execution:	[32 out of 162] test cases in the current suite
Test Method:		[unitTests.tests_validations_assertions.assertElementAttribute_false_containsComparison_expectedToPass]
###############################################################################################################################################



################################################################################################################################################
Starting Execution:	[33 out of 162] test cases in the current suite
Test Method:		[unitTests.tests_validations_assertions.assertElementAttribute_false_literalComparison_expectedToFail]
###############################################################################################################################################



################################################################################################################################################
Starting Execution:	[34 out of 162] test cases in the current suite
Test Method:		[unitTests.tests_validations_assertions.assertElementAttribute_false_literalComparison_expectedToPass]
###############################################################################################################################################



################################################################################################################################################
Starting Execution:	[35 out of 162] test cases in the current suite
Test Method:		[unitTests.tests_validations_assertions.assertElementAttribute_false_regexComparison_expectedToFail]
###############################################################################################################################################



################################################################################################################################################
Starting Execution:	[36 out of 162] test cases in the current suite
Test Method:		[unitTests.tests_validations_assertions.assertElementAttribute_false_regexComparison_expectedToPass]
###############################################################################################################################################



################################################################################################################################################
Starting Execution:	[37 out of 162] test cases in the current suite
Test Method:		[unitTests.tests_validations_assertions.assertElementAttribute_true_caseInsensitiveComparison_expectedToFail]
###############################################################################################################################################



################################################################################################################################################
Starting Execution:	[38 out of 162] test cases in the current suite
Test Method:		[unitTests.tests_validations_assertions.assertElementAttribute_true_caseInsensitiveComparison_expectedToPass]
###############################################################################################################################################



################################################################################################################################################
Starting Execution:	[39 out of 162] test cases in the current suite
Test Method:		[unitTests.tests_validations_assertions.assertElementAttribute_true_containsComparison_expectedToFail]
###############################################################################################################################################



################################################################################################################################################
Starting Execution:	[40 out of 162] test cases in the current suite
Test Method:		[unitTests.tests_validations_assertions.assertElementAttribute_true_containsComparison_expectedToPass]
###############################################################################################################################################



################################################################################################################################################
Starting Execution:	[41 out of 162] test cases in the current suite
Test Method:		[unitTests.tests_validations_assertions.assertElementAttribute_true_literalComparison_expectedToFail]
###############################################################################################################################################



################################################################################################################################################
Starting Execution:	[42 out of 162] test cases in the current suite
Test Method:		[unitTests.tests_validations_assertions.assertElementAttribute_true_literalComparison_expectedToPass]
###############################################################################################################################################



################################################################################################################################################
Starting Execution:	[43 out of 162] test cases in the current suite
Test Method:		[unitTests.tests_validations_assertions.assertElementAttribute_true_regexComparison_expectedToFail]
###############################################################################################################################################



################################################################################################################################################
Starting Execution:	[44 out of 162] test cases in the current suite
Test Method:		[unitTests.tests_validations_assertions.assertElementAttribute_true_regexComparison_expectedToPass]
###############################################################################################################################################



################################################################################################################################################
Starting Execution:	[45 out of 162] test cases in the current suite
Test Method:		[unitTests.tests_validations_assertions.assertElementAttribute_type_true_literalComparison_expectedToPass]
###############################################################################################################################################



################################################################################################################################################
Starting Execution:	[46 out of 162] test cases in the current suite
Test Method:		[unitTests.tests_validations_assertions.assertElementExists_false_expectedToFail]
###############################################################################################################################################



################################################################################################################################################
Starting Execution:	[47 out of 162] test cases in the current suite
Test Method:		[unitTests.tests_validations_assertions.assertElementExists_false_expectedToPass]
###############################################################################################################################################



################################################################################################################################################
Starting Execution:	[48 out of 162] test cases in the current suite
Test Method:		[unitTests.tests_validations_assertions.assertElementExists_false_multipleElementsFound_expectedToFail]
###############################################################################################################################################



################################################################################################################################################
Starting Execution:	[49 out of 162] test cases in the current suite
Test Method:		[unitTests.tests_validations_assertions.assertElementExists_true_expectedToFail]
###############################################################################################################################################



################################################################################################################################################
Starting Execution:	[50 out of 162] test cases in the current suite
Test Method:		[unitTests.tests_validations_assertions.assertElementExists_true_expectedToPass]
###############################################################################################################################################



################################################################################################################################################
Starting Execution:	[51 out of 162] test cases in the current suite
Test Method:		[unitTests.tests_validations_assertions.assertElementExists_true_multipleElementsFound_expectedToFail]
###############################################################################################################################################


################################################################################################################################################
Starting Execution:	[52 out of 162] test cases in the current suite
Test Method:		[unitTests.tests_validations_assertions.assertEquals_false_expectedToFail]
###############################################################################################################################################

################################################################################################################################################
Starting Execution:	[53 out of 162] test cases in the current suite
Test Method:		[unitTests.tests_validations_assertions.assertEquals_false_expectedToPass]
###############################################################################################################################################

################################################################################################################################################
Starting Execution:	[54 out of 162] test cases in the current suite
Test Method:		[unitTests.tests_validations_assertions.assertEquals_longCharacters]
###############################################################################################################################################

################################################################################################################################################
Starting Execution:	[55 out of 162] test cases in the current suite
Test Method:		[unitTests.tests_validations_assertions.assertEquals_longCharacters_Discreet]
###############################################################################################################################################

################################################################################################################################################
Starting Execution:	[56 out of 162] test cases in the current suite
Test Method:		[unitTests.tests_validations_assertions.assertEquals_true_expectedToFail]
###############################################################################################################################################

################################################################################################################################################
Starting Execution:	[57 out of 162] test cases in the current suite
Test Method:		[unitTests.tests_validations_assertions.assertEquals_true_expectedToPass]
Test Description:	[Assert that assertEquals works as expected when the two values are equal.]
###############################################################################################################################################

################################################################################################################################################
Starting Execution:	[58 out of 162] test cases in the current suite
Test Method:		[unitTests.tests_validations_assertions.assertEquals_true_expectedToPass__]
###############################################################################################################################################

################################################################################################################################################
Starting Execution:	[59 out of 162] test cases in the current suite
Test Method:		[unitTests.tests_validations_assertions.assertFileExists_false_expectedToFail]
###############################################################################################################################################

################################################################################################################################################
Starting Execution:	[60 out of 162] test cases in the current suite
Test Method:		[unitTests.tests_validations_assertions.assertFileExists_false_expectedToPass]
###############################################################################################################################################

################################################################################################################################################
Starting Execution:	[61 out of 162] test cases in the current suite
Test Method:		[unitTests.tests_validations_assertions.assertFileExists_true_expectedToFail]
###############################################################################################################################################

################################################################################################################################################
Starting Execution:	[62 out of 162] test cases in the current suite
Test Method:		[unitTests.tests_validations_assertions.assertFileExists_true_expectedToPass]
###############################################################################################################################################

################################################################################################################################################
Starting Execution:	[63 out of 162] test cases in the current suite
Test Method:		[unitTests.tests_validations_assertions.assertNull_false_expectedToFail]
###############################################################################################################################################

################################################################################################################################################
Starting Execution:	[64 out of 162] test cases in the current suite
Test Method:		[unitTests.tests_validations_assertions.assertNull_false_expectedToPass]
###############################################################################################################################################

################################################################################################################################################
Starting Execution:	[65 out of 162] test cases in the current suite
Test Method:		[unitTests.tests_validations_assertions.assertNull_true_expectedToFail]
###############################################################################################################################################

################################################################################################################################################
Starting Execution:	[66 out of 162] test cases in the current suite
Test Method:		[unitTests.tests_validations_assertions.assertNull_true_expectedToPass]
###############################################################################################################################################

################################################################################################################################################
Starting Execution:	[67 out of 162] test cases in the current suite
Test Method:		[unitTests.tests_restActions.getPostsAndAssertBodyForSpecificTitle]
################################################################################################################################################
[ReportManager] Response status code: [200], status line: [HTTP/1.1 200 OK] @02-02-2022 01:52:06.0622 AM
[ReportManager] Assertion Passed: Evaluating the actual response status code against the expected one... @02-02-2022 01:52:06.0630 AM
[ReportManager] Assertion [ValidateComparativeRelation] PASSED. Expected [200] and Actual [200]. Comparison Type [EQUALS]. Validation Type [POSITIVE]. @02-02-2022 01:52:06.0630 AM
[ReportManager] API Action [PerformRequest] successfully performed. With the following test data [Request Type: "GET" | Target Status Code: "200" | Service URL: "https://jsonplaceholder.typicode.com/posts" | Content Type: "*/*" | Response Time: "804ms"]. @02-02-2022 01:52:07.0657 AM
[ReportManager] Successfully created attachment [API Request - Specifications] @02-02-2022 01:52:07.0658 AM
[ReportManager] Successfully created attachment [API Response - JSON Body] @02-02-2022 01:52:07.0910 AM
[ReportManager] API Action [GetResponseJSONValueAsList] successfully performed. @02-02-2022 01:52:07.0942 AM
[ReportManager] API Action [GetResponseJSONValue] successfully performed. With the following test data [title]. @02-02-2022 01:52:07.0964 AM
[ReportManager] API Action [GetResponseJSONValue] successfully performed. With the following test data [title]. @02-02-2022 01:52:07.0980 AM
[ReportManager] API Action [GetResponseJSONValue] successfully performed. With the following test data [body]. @02-02-2022 01:52:07.0996 AM
[ReportManager] Assertion [ValidateEquals] PASSED. Expected [qui neque nisi nulla] and Actual [est rerum tempore vitae
sequi sint nihil reprehenderit dolor beatae ea dolores neque
fugiat blanditiis voluptate porro vel nihil molestiae ut reiciendis
qui aperiam non debitis possimus qui neque nisi nulla]. Comparison Type [CONTAINS]. Validation Type [POSITIVE]. @02-02-2022 01:52:07.0996 AM
[ReportManager] API Action [GetResponseJSONValue] successfully performed. With the following test data [title]. @02-02-2022 01:52:08.0011 AM
[ReportManager] API Action [GetResponseJSONValue] successfully performed. With the following test data [title]. @02-02-2022 01:52:08.0026 AM
[ReportManager] API Action [GetResponseJSONValue] successfully performed. With the following test data [title]. @02-02-2022 01:52:08.0042 AM
[ReportManager] API Action [GetResponseJSONValue] successfully performed. With the following test data [title]. @02-02-2022 01:52:08.0059 AM
[ReportManager] API Action [GetResponseJSONValue] successfully performed. With the following test data [title]. @02-02-2022 01:52:08.0075 AM
[ReportManager] API Action [GetResponseJSONValue] successfully performed. With the following test data [title]. @02-02-2022 01:52:08.0090 AM
[ReportManager] API Action [GetResponseJSONValue] successfully performed. With the following test data [title]. @02-02-2022 01:52:08.0103 AM
[ReportManager] API Action [GetResponseJSONValue] successfully performed. With the following test data [title]. @02-02-2022 01:52:08.0118 AM
[ReportManager] API Action [GetResponseJSONValue] successfully performed. With the following test data [title]. @02-02-2022 01:52:08.0131 AM
[ReportManager] API Action [GetResponseJSONValue] successfully performed. With the following test data [title]. @02-02-2022 01:52:08.0146 AM
[ReportManager] API Action [GetResponseJSONValue] successfully performed. With the following test data [title]. @02-02-2022 01:52:08.0162 AM
[ReportManager] API Action [GetResponseJSONValue] successfully performed. With the following test data [title]. @02-02-2022 01:52:08.0178 AM
[ReportManager] API Action [GetResponseJSONValue] successfully performed. With the following test data [title]. @02-02-2022 01:52:08.0192 AM
[ReportManager] API Action [GetResponseJSONValue] successfully performed. With the following test data [title]. @02-02-2022 01:52:08.0206 AM
[ReportManager] API Action [GetResponseJSONValue] successfully performed. With the following test data [title]. @02-02-2022 01:52:08.0221 AM
[ReportManager] API Action [GetResponseJSONValue] successfully performed. With the following test data [title]. @02-02-2022 01:52:08.0239 AM
[ReportManager] API Action [GetResponseJSONValue] successfully performed. With the following test data [title]. @02-02-2022 01:52:08.0256 AM
[ReportManager] API Action [GetResponseJSONValue] successfully performed. With the following test data [title]. @02-02-2022 01:52:08.0270 AM
[ReportManager] API Action [GetResponseJSONValue] successfully performed. With the following test data [title]. @02-02-2022 01:52:08.0285 AM
[ReportManager] API Action [GetResponseJSONValue] successfully performed. With the following test data [title]. @02-02-2022 01:52:08.0305 AM
[ReportManager] API Action [GetResponseJSONValue] successfully performed. With the following test data [title]. @02-02-2022 01:52:08.0320 AM
[ReportManager] API Action [GetResponseJSONValue] successfully performed. With the following test data [title]. @02-02-2022 01:52:08.0332 AM
[ReportManager] API Action [GetResponseJSONValue] successfully performed. With the following test data [title]. @02-02-2022 01:52:08.0345 AM
[ReportManager] API Action [GetResponseJSONValue] successfully performed. With the following test data [title]. @02-02-2022 01:52:08.0357 AM
[ReportManager] API Action [GetResponseJSONValue] successfully performed. With the following test data [title]. @02-02-2022 01:52:08.0369 AM
[ReportManager] API Action [GetResponseJSONValue] successfully performed. With the following test data [title]. @02-02-2022 01:52:08.0387 AM
[ReportManager] API Action [GetResponseJSONValue] successfully performed. With the following test data [title]. @02-02-2022 01:52:08.0401 AM
[ReportManager] API Action [GetResponseJSONValue] successfully performed. With the following test data [title]. @02-02-2022 01:52:08.0443 AM
[ReportManager] API Action [GetResponseJSONValue] successfully performed. With the following test data [title]. @02-02-2022 01:52:08.0497 AM
[ReportManager] API Action [GetResponseJSONValue] successfully performed. With the following test data [title]. @02-02-2022 01:52:08.0526 AM
[ReportManager] API Action [GetResponseJSONValue] successfully performed. With the following test data [title]. @02-02-2022 01:52:08.0539 AM
[ReportManager] API Action [GetResponseJSONValue] successfully performed. With the following test data [title]. @02-02-2022 01:52:08.0554 AM
[ReportManager] API Action [GetResponseJSONValue] successfully performed. With the following test data [title]. @02-02-2022 01:52:08.0567 AM
[ReportManager] API Action [GetResponseJSONValue] successfully performed. With the following test data [title]. @02-02-2022 01:52:08.0580 AM
[ReportManager] API Action [GetResponseJSONValue] successfully performed. With the following test data [title]. @02-02-2022 01:52:08.0593 AM
[ReportManager] API Action [GetResponseJSONValue] successfully performed. With the following test data [title]. @02-02-2022 01:52:08.0606 AM
[ReportManager] API Action [GetResponseJSONValue] successfully performed. With the following test data [title]. @02-02-2022 01:52:08.0619 AM
[ReportManager] API Action [GetResponseJSONValue] successfully performed. With the following test data [title]. @02-02-2022 01:52:08.0632 AM
[ReportManager] API Action [GetResponseJSONValue] successfully performed. With the following test data [title]. @02-02-2022 01:52:08.0647 AM
[ReportManager] API Action [GetResponseJSONValue] successfully performed. With the following test data [title]. @02-02-2022 01:52:08.0662 AM
[ReportManager] API Action [GetResponseJSONValue] successfully performed. With the following test data [title]. @02-02-2022 01:52:08.0674 AM
[ReportManager] API Action [GetResponseJSONValue] successfully performed. With the following test data [title]. @02-02-2022 01:52:08.0686 AM
[ReportManager] API Action [GetResponseJSONValue] successfully performed. With the following test data [title]. @02-02-2022 01:52:08.0699 AM
[ReportManager] API Action [GetResponseJSONValue] successfully performed. With the following test data [title]. @02-02-2022 01:52:08.0711 AM
[ReportManager] API Action [GetResponseJSONValue] successfully performed. With the following test data [title]. @02-02-2022 01:52:08.0724 AM
[ReportManager] API Action [GetResponseJSONValue] successfully performed. With the following test data [title]. @02-02-2022 01:52:08.0737 AM
[ReportManager] API Action [GetResponseJSONValue] successfully performed. With the following test data [title]. @02-02-2022 01:52:08.0749 AM
[ReportManager] API Action [GetResponseJSONValue] successfully performed. With the following test data [title]. @02-02-2022 01:52:08.0762 AM
[ReportManager] API Action [GetResponseJSONValue] successfully performed. With the following test data [title]. @02-02-2022 01:52:08.0775 AM
[ReportManager] API Action [GetResponseJSONValue] successfully performed. With the following test data [title]. @02-02-2022 01:52:08.0789 AM
[ReportManager] API Action [GetResponseJSONValue] successfully performed. With the following test data [title]. @02-02-2022 01:52:08.0803 AM
[ReportManager] API Action [GetResponseJSONValue] successfully performed. With the following test data [title]. @02-02-2022 01:52:08.0817 AM
[ReportManager] API Action [GetResponseJSONValue] successfully performed. With the following test data [title]. @02-02-2022 01:52:08.0829 AM
[ReportManager] API Action [GetResponseJSONValue] successfully performed. With the following test data [title]. @02-02-2022 01:52:08.0841 AM
[ReportManager] API Action [GetResponseJSONValue] successfully performed. With the following test data [title]. @02-02-2022 01:52:08.0855 AM
[ReportManager] API Action [GetResponseJSONValue] successfully performed. With the following test data [title]. @02-02-2022 01:52:08.0868 AM
[ReportManager] API Action [GetResponseJSONValue] successfully performed. With the following test data [title]. @02-02-2022 01:52:08.0880 AM
[ReportManager] API Action [GetResponseJSONValue] successfully performed. With the following test data [title]. @02-02-2022 01:52:08.0893 AM
[ReportManager] API Action [GetResponseJSONValue] successfully performed. With the following test data [title]. @02-02-2022 01:52:08.0905 AM
[ReportManager] API Action [GetResponseJSONValue] successfully performed. With the following test data [title]. @02-02-2022 01:52:08.0940 AM
[ReportManager] API Action [GetResponseJSONValue] successfully performed. With the following test data [title]. @02-02-2022 01:52:08.0952 AM
[ReportManager] API Action [GetResponseJSONValue] successfully performed. With the following test data [title]. @02-02-2022 01:52:08.0965 AM
[ReportManager] API Action [GetResponseJSONValue] successfully performed. With the following test data [title]. @02-02-2022 01:52:08.0978 AM
[ReportManager] API Action [GetResponseJSONValue] successfully performed. With the following test data [title]. @02-02-2022 01:52:08.0990 AM
[ReportManager] API Action [GetResponseJSONValue] successfully performed. With the following test data [title]. @02-02-2022 01:52:09.0002 AM
[ReportManager] API Action [GetResponseJSONValue] successfully performed. With the following test data [title]. @02-02-2022 01:52:09.0014 AM
[ReportManager] API Action [GetResponseJSONValue] successfully performed. With the following test data [title]. @02-02-2022 01:52:09.0026 AM
[ReportManager] API Action [GetResponseJSONValue] successfully performed. With the following test data [title]. @02-02-2022 01:52:09.0038 AM
[ReportManager] API Action [GetResponseJSONValue] successfully performed. With the following test data [title]. @02-02-2022 01:52:09.0051 AM
[ReportManager] API Action [GetResponseJSONValue] successfully performed. With the following test data [title]. @02-02-2022 01:52:09.0065 AM
[ReportManager] API Action [GetResponseJSONValue] successfully performed. With the following test data [title]. @02-02-2022 01:52:09.0078 AM
[ReportManager] API Action [GetResponseJSONValue] successfully performed. With the following test data [title]. @02-02-2022 01:52:09.0092 AM
[ReportManager] API Action [GetResponseJSONValue] successfully performed. With the following test data [title]. @02-02-2022 01:52:09.0111 AM
[ReportManager] API Action [GetResponseJSONValue] successfully performed. With the following test data [title]. @02-02-2022 01:52:09.0125 AM
[ReportManager] API Action [GetResponseJSONValue] successfully performed. With the following test data [title]. @02-02-2022 01:52:09.0137 AM
[ReportManager] API Action [GetResponseJSONValue] successfully performed. With the following test data [title]. @02-02-2022 01:52:09.0149 AM
[ReportManager] API Action [GetResponseJSONValue] successfully performed. With the following test data [title]. @02-02-2022 01:52:09.0162 AM
[ReportManager] API Action [GetResponseJSONValue] successfully performed. With the following test data [title]. @02-02-2022 01:52:09.0197 AM
[ReportManager] API Action [GetResponseJSONValue] successfully performed. With the following test data [title]. @02-02-2022 01:52:09.0211 AM
[ReportManager] API Action [GetResponseJSONValue] successfully performed. With the following test data [title]. @02-02-2022 01:52:09.0223 AM
[ReportManager] API Action [GetResponseJSONValue] successfully performed. With the following test data [title]. @02-02-2022 01:52:09.0236 AM
[ReportManager] API Action [GetResponseJSONValue] successfully performed. With the following test data [title]. @02-02-2022 01:52:09.0249 AM
[ReportManager] API Action [GetResponseJSONValue] successfully performed. With the following test data [title]. @02-02-2022 01:52:09.0262 AM
[ReportManager] API Action [GetResponseJSONValue] successfully performed. With the following test data [title]. @02-02-2022 01:52:09.0275 AM
[ReportManager] API Action [GetResponseJSONValue] successfully performed. With the following test data [title]. @02-02-2022 01:52:09.0287 AM
[ReportManager] API Action [GetResponseJSONValue] successfully performed. With the following test data [title]. @02-02-2022 01:52:09.0300 AM
[ReportManager] API Action [GetResponseJSONValue] successfully performed. With the following test data [title]. @02-02-2022 01:52:09.0312 AM
[ReportManager] API Action [GetResponseJSONValue] successfully performed. With the following test data [title]. @02-02-2022 01:52:09.0325 AM
[ReportManager] API Action [GetResponseJSONValue] successfully performed. With the following test data [title]. @02-02-2022 01:52:09.0338 AM
[ReportManager] API Action [GetResponseJSONValue] successfully performed. With the following test data [title]. @02-02-2022 01:52:09.0352 AM
[ReportManager] API Action [GetResponseJSONValue] successfully performed. With the following test data [title]. @02-02-2022 01:52:09.0363 AM
[ReportManager] API Action [GetResponseJSONValue] successfully performed. With the following test data [title]. @02-02-2022 01:52:09.0375 AM
[ReportManager] API Action [GetResponseJSONValue] successfully performed. With the following test data [title]. @02-02-2022 01:52:09.0387 AM
[ReportManager] API Action [GetResponseJSONValue] successfully performed. With the following test data [title]. @02-02-2022 01:52:09.0398 AM
[ReportManager] API Action [GetResponseJSONValue] successfully performed. With the following test data [title]. @02-02-2022 01:52:09.0410 AM
[ReportManager] API Action [GetResponseJSONValue] successfully performed. With the following test data [title]. @02-02-2022 01:52:09.0422 AM
[ReportManager] API Action [GetResponseJSONValue] successfully performed. With the following test data [title]. @02-02-2022 01:52:09.0434 AM
[ReportManager] API Action [GetResponseJSONValue] successfully performed. With the following test data [title]. @02-02-2022 01:52:09.0446 A

################################################################################################################################################
Starting Execution:	[68 out of 162] test cases in the current suite
Test Method:		[unitTests.tests_restActions.validateUserEmail]
################################################################################################################################################
[ReportManager] Response status code: [200], status line: [HTTP/1.1 200 OK] @02-02-2022 01:52:09.0525 AM
[ReportManager] Assertion Passed: Evaluating the actual response status code against the expected one... @02-02-2022 01:52:09.0526 AM
[ReportManager] Assertion [ValidateComparativeRelation] PASSED. Expected [200] and Actual [200]. Comparison Type [EQUALS]. Validation Type [POSITIVE]. @02-02-2022 01:52:09.0526 AM
[ReportManager] API Action [PerformRequest] successfully performed. With the following test data [Request Type: "GET" | Target Status Code: "200" | Service URL: "https://jsonplaceholder.typicode.com/users" | Content Type: "*/*" | Response Time: "69ms"]. @02-02-2022 01:52:09.0550 AM
[ReportManager] Successfully created attachment [API Request - Specifications] @02-02-2022 01:52:09.0550 AM
[ReportManager] Successfully created attachment [API Response - JSON Body] @02-02-2022 01:52:09.0551 AM
[ReportManager] Assertion [ValidateEquals] PASSED. Expected and Actual values are attached. Comparison Type [CONTAINS]. Validation Type [POSITIVE]. @02-02-2022 01:52:09.0552 AM
[ReportManager] Successfully created attachment [Validation Test Data - Expected Value] @02-02-2022 01:52:09.0552 AM
[ReportManager] Successfully created attachment [Validation Test Data - Actual Value] @02-02-2022 01:52:09.0555 AM
[ReportManager] API Action [GetResponseJSONValueAsList] successfully performed. With the following test data [$]. @02-02-2022 01:52:09.0565 AM
[ReportManager] API Action [GetResponseJSONValue] successfully performed. With the following test data [name]. @02-02-2022 01:52:09.0578 AM
[ReportManager] API Action [GetResponseJSONValue] successfully performed. With the following test data [email]. @02-02-2022 01:52:09.0590 AM
[ReportManager] Assertion [ValidateEquals] PASSED. Expected [Sincere@april.biz] and Actual [Sincere@april.biz]. Comparison Type [EQUALS]. Validation Type [POSITIVE]. @02-02-2022 01:52:09.0591 AM
[ReportManager] API Action [GetResponseJSONValue] successfully performed. With the following test data [name]. @02-02-2022 01:52:09.0603 AM
[ReportManager] API Action [GetResponseJSONValue] successfully performed. With the following test data [name]. @02-02-2022 01:52:09.0617 AM
[ReportManager] API Action [GetResponseJSONValue] successfully performed. With the following test data [name]. @02-02-2022 01:52:09.0629 AM
[ReportManager] API Action [GetResponseJSONValue] successfully performed. With the following test data [name]. @02-02-2022 01:52:09.0641 AM
[ReportManager] API Action [GetResponseJSONValue] successfully performed. With the following test data [name]. @02-02-2022 01:52:09.0653 AM
[ReportManager] API Action [GetResponseJSONValue] successfully performed. With the following test data [name]. @02-02-2022 01:52:09.0664 AM
[ReportManager] API Action [GetResponseJSONValue] successfully performed. With the following test data [name]. @02-02-2022 01:52:09.0677 AM
[ReportManager] API Action [GetResponseJSONValue] successfully performed. With the following test data [name]. @02-02-2022 01:52:09.0690 AM
[ReportManager] API Action [GetResponseJSONValue] successfully performed. With the following test data [name]. @02-02-2022 01:52:09.0703 A
[ReportManager] File Action [GetAbsolutePath] successfully performed. With the following test data [Relative Folder Path: "target/downloadedFiles/"]. @02-02-2022 01:52:09.0706 AM
[ReportManager] Attempting to run locally on: [Mac-64], [Safari], Headless Execution. @02-02-2022 01:52:09.0707 AM
[ReportManager] Successfully Opened Safari. @02-02-2022 01:52:10.0651 AM
[ReportManager] Initial window size: (800, 600) @02-02-2022 01:52:10.0678 AM
[ReportManager] Window size after SWD Maximize: (1176, 803) @02-02-2022 01:52:10.0720 AM
[ReportManager] Browser Action [MaximizeWindow] successfully performed. With the following test data [New screen size is now: (1176, 803)]. @02-02-2022 01:52:10.0721 A

################################################################################################################################################
Starting Execution:	[69 out of 162] test cases in the current suite
Test Method:		[testPackage01.Test_uploadFile.uploadFile_invisibleUploadInput]
################################################################################################################################################
[ReportManager] Target URL: [https://fineuploader.com/demos.html#gallery-view] @02-02-2022 01:52:10.0723 AM
[ReportManager] Initial URL: [] @02-02-2022 01:52:10.0800 AM
[ReportManager] Browser Action [NavigateToURL] successfully performed. With the following test data [https://fineuploader.com/demos.html#gallery-view]. @02-02-2022 01:52:12.0723 AM
[ReportManager] File Action [GetAbsolutePath] successfully performed. With the following test data [Relative File Path: "src/main/resources/images/shaft.png"]. @02-02-2022 01:52:12.0723 AM
[ReportManager] Successfully created attachment [File Action Actual Result - Command Log] @02-02-2022 01:52:12.0724 AM
[ReportManager] Element Action [TypeFileLocationForUpload] successfully performed. With the following test data [/Users/runner/work/SHAFT_ENGINE/SHAFT_ENGINE/src/main/resources/images/shaft.png]. @02-02-2022 01:52:12.0778 AM
[ReportManager] Attempting to getAttribute [src] from elementLocator [By.xpath: //div[@id='fine-uploader-gallery']//div[@class='qq-thumbnail-wrapper']/img]. @02-02-2022 01:52:12.0781 AM
[ReportManager] Element Action [GetAttribute] successfully performed. @02-02-2022 01:52:12.0892 AM
[ReportManager] Successfully created attachment [Element Action Test Data - GetAttribute - Actual Value] @02-02-2022 01:52:12.0894 AM
[ReportManager] Assertion Passed: Then I Assert that the element found by [By.xpath: //div[@id='fine-uploader-gallery']//div[@class='qq-thumbnail-wrapper']/img] attribute [src] contains [data:image/png;base64]. @02-02-2022 01:52:13.0147 AM
[ReportManager] Successfully created attachment [Validation Test Data - Expected Value] @02-02-2022 01:52:13.0148 AM
[ReportManager] Successfully created attachment [Validation Test Data - Actual Value] @02-02-2022 01:52:13.0148 AM
[ReportManager] Successfully created attachment [Screenshot - 1643766733047_uploadFile_invisibleUploadInput_ValidateElementAttribute_passed] @02-02-2022 01:52:13.0150 AM
[ReportManager] Assertion [ValidateElementAttribute] PASSED. Expected and Actual values are attached. Comparison Type [CONTAINS]. Validation Type [POSITIVE]. @02-02-2022 01:52:13.0150 A
[ReportManager] Browser Action [CloseCurrentWindow] successfully performed. @02-02-2022 01:52:13.0511 AM
[ReportManager] Successfully created attachment [Browser Action Test Data - CloseCurrentWindow - Actual Value] @02-02-2022 01:52:13.0512 A
[ReportManager] File Action [GetAbsolutePath] successfully performed. With the following test data [Relative Folder Path: "target/downloadedFiles/"]. @02-02-2022 01:52:13.0516 AM
[ReportManager] Attempting to run locally on: [Mac-64], [Safari], Headless Execution. @02-02-2022 01:52:13.0516 AM
[ReportManager] An Exception Occured with this Message: Could not start a new session. Possible causes are invalid address of the remote server or browser start-up failure.. @02-02-2022 01:52:13.0645 AM
[ReportManager] Successfully created attachment [Exception Stack Trace - org.openqa.selenium.SessionNotCreatedException] @02-02-2022 01:52:13.0645 AM
[ReportManager] Driver Factory Action [createNewLocalDriverInstanceForSafari] failed. With the following test data [Failed to create a session on DESKTOP_SAFARI]. @02-02-2022 01:52:13.0646 A

################################################################################################################################################
Starting Execution:	[70 out of 162] test cases in the current suite
Test Method:		[testPackage01.Test_uploadFile.uploadFile_visibleUploadInput]
###############################################################################################################################################


################################################################################################################################################
Starting Execution:	[71 out of 162] test cases in the current suite
Test Method:		[testPackage01.Test_AssertApiResponseEquals.assertApiResponseEquals_expectedToPass]
################################################################################################################################################
[ReportManager] Response status code: [200], status line: [HTTP/1.1 200 OK] @02-02-2022 01:52:13.0744 AM
[ReportManager] Assertion Passed: Evaluating the actual response status code against the expected one... @02-02-2022 01:52:13.0744 AM
[ReportManager] Assertion [ValidateComparativeRelation] PASSED. Expected [200] and Actual [200]. Comparison Type [EQUALS]. Validation Type [POSITIVE]. @02-02-2022 01:52:13.0744 AM
[ReportManager] API Action [PerformRequest] successfully performed. With the following test data [Request Type: "GET" | Target Status Code: "200" | Service URL: "https://jsonplaceholder.typicode.com/users" | Content Type: "*/*" | Response Time: "84ms"]. @02-02-2022 01:52:13.0766 AM
[ReportManager] Successfully created attachment [API Request - Specifications] @02-02-2022 01:52:13.0767 AM
[ReportManager] Successfully created attachment [API Response - JSON Body] @02-02-2022 01:52:13.0768 AM
[ReportManager] API Action [GetResponseJSONValueAsList] successfully performed. With the following test data [$]. @02-02-2022 01:52:13.0775 AM
[ReportManager] API Action [GetResponseJSONValue] successfully performed. With the following test data [name]. @02-02-2022 01:52:13.0787 AM
[ReportManager] API Action [GetResponseJSONValue] successfully performed. With the following test data [email]. @02-02-2022 01:52:13.0801 AM
[ReportManager] Verification [ValidateEquals] PASSED. Expected [Sincere@april.biz] and Actual [Sincere@april.biz]. Comparison Type [EQUALS]. Validation Type [POSITIVE]. @02-02-2022 01:52:13.0802 AM
[ReportManager] API Action [GetResponseJSONValue] successfully performed. With the following test data [username]. @02-02-2022 01:52:13.0814 AM
[ReportManager] Assertion [ValidateEquals] PASSED. Expected [Bret] and Actual [Bret]. Comparison Type [EQUALS]. Validation Type [POSITIVE]. @02-02-2022 01:52:13.0815 AM
[ReportManager] API Action [GetResponseJSONValue] successfully performed. With the following test data [name]. @02-02-2022 01:52:13.0826 AM
[ReportManager] API Action [GetResponseJSONValue] successfully performed. With the following test data [name]. @02-02-2022 01:52:13.0836 AM
[ReportManager] API Action [GetResponseJSONValue] successfully performed. With the following test data [name]. @02-02-2022 01:52:13.0849 AM
[ReportManager] API Action [GetResponseJSONValue] successfully performed. With the following test data [name]. @02-02-2022 01:52:13.0863 AM
[ReportManager] API Action [GetResponseJSONValue] successfully performed. With the following test data [name]. @02-02-2022 01:52:13.0876 AM
[ReportManager] API Action [GetResponseJSONValue] successfully performed. With the following test data [name]. @02-02-2022 01:52:13.0889 AM
[ReportManager] API Action [GetResponseJSONValue] successfully performed. With the following test data [name]. @02-02-2022 01:52:13.0900 AM
[ReportManager] API Action [GetResponseJSONValue] successfully performed. With the following test data [name]. @02-02-2022 01:52:13.0911 AM
[ReportManager] API Action [GetResponseJSONValue] successfully performed. With the following test data [name]. @02-02-2022 01:52:13.0929 A
[ReportManager] File Action [GetAbsolutePath] successfully performed. With the following test data [Relative Folder Path: "target/downloadedFiles/"]. @02-02-2022 01:52:13.0937 AM
[ReportManager] Attempting to run locally on: [Mac-64], [Safari], Headless Execution. @02-02-2022 01:52:13.0937 AM
[ReportManager] Successfully Opened Safari. @02-02-2022 01:52:14.0837 AM
[ReportManager] Initial window size: (800, 600) @02-02-2022 01:52:14.0860 AM
[ReportManager] Window size after SWD Maximize: (1176, 803) @02-02-2022 01:52:14.0895 AM
[ReportManager] Browser Action [MaximizeWindow] successfully performed. With the following test data [New screen size is now: (1176, 803)]. @02-02-2022 01:52:14.0895 AM
[ReportManager] Target URL: [http://the-internet.herokuapp.com/javascript_alerts] @02-02-2022 01:52:14.0895 AM
[ReportManager] Initial URL: [] @02-02-2022 01:52:14.0977 AM
[ReportManager] Browser Action [NavigateToURL] successfully performed. With the following test data [http://the-internet.herokuapp.com/javascript_alerts]. @02-02-2022 01:52:16.0618 A

################################################################################################################################################
Starting Execution:	[72 out of 162] test cases in the current suite
Test Method:		[testPackage01.TestJSPromptBox.dismissAlert]
################################################################################################################################################
[ReportManager] Element Action [Click] successfully performed. With the following test data [By.xpath: //button[contains(text(),'Click for JS Prompt')]]. @02-02-2022 01:52:16.0976 AM
[ReportManager] Alert is present @02-02-2022 01:52:17.0001 AM
[ReportManager] Element Action [DismissAlert] successfully performed. @02-02-2022 01:52:17.0026 A

################################################################################################################################################
Starting Execution:	[73 out of 162] test cases in the current suite
Test Method:		[testPackage01.TestJSPromptBox.assertOnCancelAlertResultText]
################################################################################################################################################
[ReportManager] Element Action [GetText] successfully performed. With the following test data [You entered: null]. @02-02-2022 01:52:17.0114 AM
[ReportManager] Assertion Passed: Then I Assert that the element found by [By.id: result] attribute [TEXT] is equal to [You entered: null]. @02-02-2022 01:52:17.0288 AM
[ReportManager] Successfully created attachment [Screenshot - 1643766737218_assertOnCancelAlertResultText_ValidateElementAttribute_passed] @02-02-2022 01:52:17.0290 AM
[ReportManager] Assertion [ValidateElementAttribute] PASSED. Expected [Value Should be 'You entered: null' for the 'text' attribute, element locator 'By.id: result'] and Actual [You entered: null]. Comparison Type [EQUALS]. Validation Type [POSITIVE]. @02-02-2022 01:52:17.0290 A

################################################################################################################################################
Starting Execution:	[74 out of 162] test cases in the current suite
Test Method:		[testPackage01.TestJSPromptBox.getAlertText]
################################################################################################################################################
[ReportManager] Element Action [Click] successfully performed. With the following test data [By.xpath: //button[contains(text(),'Click for JS Prompt')]]. @02-02-2022 01:52:17.0563 AM
[ReportManager] Alert is present @02-02-2022 01:52:17.0584 AM
[ReportManager] Alert Text is: [I am a JS prompt] @02-02-2022 01:52:17.0602 AM
[ReportManager] Element Action [GetAlertText] successfully performed. @02-02-2022 01:52:17.0603 AM
[ReportManager] Alert text is: [I am a JS prompt] @02-02-2022 01:52:17.0603 AM
[ReportManager] Alert is present @02-02-2022 01:52:17.0611 AM
[ReportManager] Alert Text is: [I am a JS prompt] @02-02-2022 01:52:17.0628 AM
[ReportManager] Element Action [GetAlertText] successfully performed. @02-02-2022 01:52:17.0629 AM
[ReportManager] Assertion Passed: Then I Assert that [I am a JS prompt] is equal to [I am a JS prompt]. @02-02-2022 01:52:17.0629 AM
[ReportManager] Assertion [ValidateEquals] PASSED. Expected [I am a JS prompt] and Actual [I am a JS prompt]. Comparison Type [EQUALS]. Validation Type [POSITIVE]. @02-02-2022 01:52:17.0629 A

################################################################################################################################################
Starting Execution:	[75 out of 162] test cases in the current suite
Test Method:		[testPackage01.TestJSPromptBox.acceptPromptAlertWithoutTypingTextMessage]
################################################################################################################################################
[ReportManager] Alert is not present @02-02-2022 01:52:47.0971 AM
[ReportManager] Element Action [WaitForAlertToBePresent] failed. @02-02-2022 01:52:48.0135 AM
[ReportManager] Successfully created attachment [Screenshot - 1643766767996_acceptPromptAlertWithoutTypingTextMessage_WaitForAlertToBePresent_failed] @02-02-2022 01:52:48.0137 A

################################################################################################################################################
Starting Execution:	[76 out of 162] test cases in the current suite
Test Method:		[testPackage01.TestJSPromptBox.assertOnConfirmPromptAlertWithoutTypingTextMessageResultText]
###############################################################################################################################################

################################################################################################################################################
Starting Execution:	[77 out of 162] test cases in the current suite
Test Method:		[testPackage01.TestJSPromptBox.acceptPromptAlertWithTextMessage]
###############################################################################################################################################

################################################################################################################################################
Starting Execution:	[78 out of 162] test cases in the current suite
Test Method:		[testPackage01.TestJSPromptBox.assertOnConfirmPromptAlertWithTextMessageResultText]
###############################################################################################################################################
[ReportManager] Browser Action [CloseCurrentWindow] successfully performed. @02-02-2022 01:52:48.0350 AM
[ReportManager] Successfully created attachment [Browser Action Test Data - CloseCurrentWindow - Actual Value] @02-02-2022 01:52:48.0356 A

################################################################################################################################################
Starting Execution:	[79 out of 162] test cases in the current suite
Test Method:		[testPackage01.Test_testData.f]
################################################################################################################################################
[ReportManager] Successfully loaded the following test data file [src/test/resources/testDataFiles/testSuite01/TestData.xlsx]. @02-02-2022 01:52:48.0462 AM
[ReportManager] Successfully created attachment [Test Data - Excel] @02-02-2022 01:52:48.0463 AM
[ReportManager] Last Column Number is: [3]. Zero-based. @02-02-2022 01:52:48.0464 A

################################################################################################################################################
Starting Execution:	[80 out of 162] test cases in the current suite
Test Method:		[testPackage01.Test_PDF.testPDF1]
################################################################################################################################################
[ReportManager] File Action [DoesFileExist] successfully performed. With the following test data [File Path: "src/test/resources/testDataFiles/sample.pdf"]. @02-02-2022 01:52:48.0475 AM
[ReportManager] File Action [GetAbsolutePath] successfully performed. With the following test data [Relative Folder Path: "src/test/resources/testDataFiles/sample.pdf"]. @02-02-2022 01:52:48.0477 AM
[ReportManager] Assertion Passed: Checking to see that the pdf file contains [A Simple PDF File] @02-02-2022 01:52:54.0075 AM
[ReportManager] Successfully created attachment [Validation Test Data - Expected Value] @02-02-2022 01:52:54.0076 AM
[ReportManager] Successfully created attachment [Validation Test Data - Actual Value] @02-02-2022 01:52:54.0077 AM
[ReportManager] Assertion [ValidateEquals] PASSED. Expected and Actual values are attached. Comparison Type [CONTAINS]. Validation Type [POSITIVE]. @02-02-2022 01:52:54.0077 A

################################################################################################################################################
Starting Execution:	[81 out of 162] test cases in the current suite
Test Method:		[testPackage01.Test_PDF.testPDF2]
################################################################################################################################################
[ReportManager] File Action [DoesFileExist] successfully performed. With the following test data [File Path: "src/test/resources/testDataFiles/sample.pdf"]. @02-02-2022 01:52:54.0083 AM
[ReportManager] File Action [GetAbsolutePath] successfully performed. With the following test data [Relative Folder Path: "src/test/resources/testDataFiles/sample.pdf"]. @02-02-2022 01:52:54.0084 AM
[ReportManager] Assertion Passed: Checking to see that the pdf file contains [A Simple PDF File] @02-02-2022 01:52:54.0099 AM
[ReportManager] Successfully created attachment [Validation Test Data - Expected Value] @02-02-2022 01:52:54.0100 AM
[ReportManager] Successfully created attachment [Validation Test Data - Actual Value] @02-02-2022 01:52:54.0101 AM
[ReportManager] Assertion [ValidateEquals] PASSED. Expected and Actual values are attached. Comparison Type [CONTAINS]. Validation Type [POSITIVE]. @02-02-2022 01:52:54.0101 A
[ReportManager] File Action [GetAbsolutePath] successfully performed. With the following test data [Relative Folder Path: "target/downloadedFiles/"]. @02-02-2022 01:52:54.0104 AM
[ReportManager] Attempting to run locally on: [Mac-64], [Safari], Headless Execution. @02-02-2022 01:52:54.0105 AM
[ReportManager] Successfully Opened Safari. @02-02-2022 01:52:55.0075 AM
[ReportManager] Initial window size: (800, 600) @02-02-2022 01:52:55.0094 AM
[ReportManager] Window size after SWD Maximize: (1176, 803) @02-02-2022 01:52:55.0128 AM
[ReportManager] Browser Action [MaximizeWindow] successfully performed. With the following test data [New screen size is now: (1176, 803)]. @02-02-2022 01:52:55.0138 A

################################################################################################################################################
Starting Execution:	[82 out of 162] test cases in the current suite
Test Method:		[testPackage01.Test_ShadowDOM.shadowdom]
################################################################################################################################################
[ReportManager] Target URL: [https://mdn.github.io/web-components-examples/popup-info-box-web-component/] @02-02-2022 01:52:55.0144 AM
[ReportManager] Initial URL: [] @02-02-2022 01:52:55.0188 AM
[ReportManager] Browser Action [NavigateToURL] successfully performed. With the following test data [https://mdn.github.io/web-components-examples/popup-info-box-web-component/]. @02-02-2022 01:52:55.0635 AM
[ReportManager] Element Action [Type] successfully performed. With the following test data [Typing into SHADOW DOM...]. @02-02-2022 01:52:56.0058 AM
[ReportManager] Element Action [GetText] successfully performed. With the following test data [Typing into SHADOW DOM...]. @02-02-2022 01:52:56.0139 AM
[ReportManager] Assertion [ValidateElementAttribute] PASSED. Expected [Value Should be 'Typing into SHADOW DOM...' for the 'Text' attribute, element locator 'By.id: cvc'] and Actual [Typing into SHADOW DOM...]. Comparison Type [EQUALS]. Validation Type [POSITIVE]. @02-02-2022 01:52:56.0352 AM
[ReportManager] Successfully created attachment [Screenshot - 1643766776232_shadowdom_ValidateElementAttribute_passed] @02-02-2022 01:52:56.0353 A
[ReportManager] Browser Action [CloseCurrentWindow] successfully performed. @02-02-2022 01:52:56.0665 AM
[ReportManager] Successfully created attachment [Browser Action Test Data - CloseCurrentWindow - Actual Value] @02-02-2022 01:52:56.0666 A
[ReportManager] File Action [GetAbsolutePath] successfully performed. With the following test data [Relative Folder Path: "target/downloadedFiles/"]. @02-02-2022 01:52:56.0668 AM
[ReportManager] Attempting to run locally on: [Mac-64], [Safari], Headless Execution. @02-02-2022 01:52:56.0668 AM
[ReportManager] Successfully Opened Safari. @02-02-2022 01:52:57.0544 AM
[ReportManager] Initial window size: (800, 600) @02-02-2022 01:52:57.0563 AM
[ReportManager] Window size after SWD Maximize: (1176, 803) @02-02-2022 01:52:57.0591 AM
[ReportManager] Browser Action [MaximizeWindow] successfully performed. With the following test data [New screen size is now: (1176, 803)]. @02-02-2022 01:52:57.0591 A

################################################################################################################################################
Starting Execution:	[83 out of 162] test cases in the current suite
Test Method:		[testPackage01.Test_clipboardActions.typeTextAndCopyPaste]
################################################################################################################################################
[ReportManager] Target URL: [https://www.google.com/ncr], and after redirection: [https://www.google.com] @02-02-2022 01:52:57.0594 AM
[ReportManager] Initial URL: [] @02-02-2022 01:52:57.0657 AM
[ReportManager] Browser Action [NavigateToURL] successfully performed. With the following test data [https://www.google.com/ncr]. @02-02-2022 01:52:59.0741 AM
[ReportManager] Element Action [Type] successfully performed. With the following test data [FIRST]. @02-02-2022 01:53:00.0325 A
[ReportManager] Browser Action [CloseCurrentWindow] successfully performed. @02-02-2022 01:53:00.0499 AM
[ReportManager] Successfully created attachment [Browser Action Test Data - CloseCurrentWindow - Actual Value] @02-02-2022 01:53:00.0502 A
[ReportManager] File Action [GetAbsolutePath] successfully performed. With the following test data [Relative Folder Path: "target/downloadedFiles/"]. @02-02-2022 01:53:00.0505 AM
[ReportManager] Attempting to run locally on: [Mac-64], [Safari], Headless Execution. @02-02-2022 01:53:00.0505 AM
[ReportManager] Successfully Opened Safari. @02-02-2022 01:53:01.0364 AM
[ReportManager] Initial window size: (800, 600) @02-02-2022 01:53:01.0387 AM
[ReportManager] Window size after SWD Maximize: (1176, 803) @02-02-2022 01:53:01.0416 AM
[ReportManager] Browser Action [MaximizeWindow] successfully performed. With the following test data [New screen size is now: (1176, 803)]. @02-02-2022 01:53:01.0416 AM
[ReportManager] Target URL: [http://the-internet.herokuapp.com/javascript_alerts] @02-02-2022 01:53:01.0416 AM
[ReportManager] Initial URL: [] @02-02-2022 01:53:01.0464 AM
[ReportManager] Browser Action [NavigateToURL] successfully performed. With the following test data [http://the-internet.herokuapp.com/javascript_alerts]. @02-02-2022 01:53:03.0037 A

################################################################################################################################################
Starting Execution:	[84 out of 162] test cases in the current suite
Test Method:		[testPackage01.TestJSAlertBox.getJSAlertText]
################################################################################################################################################
[ReportManager] Element Action [Click] successfully performed. With the following test data [By.xpath: //button[contains(text(),'Click for JS Alert')]]. @02-02-2022 01:53:03.0264 AM
[ReportManager] Alert is present @02-02-2022 01:53:03.0286 AM
[ReportManager] Alert Text is: [I am a JS Alert] @02-02-2022 01:53:03.0299 AM
[ReportManager] Element Action [GetAlertText] successfully performed. @02-02-2022 01:53:03.0300 AM
[ReportManager] Alert text is: [I am a JS Alert] @02-02-2022 01:53:03.0300 AM
[ReportManager] Alert is present @02-02-2022 01:53:03.0309 AM
[ReportManager] Alert Text is: [I am a JS Alert] @02-02-2022 01:53:03.0323 AM
[ReportManager] Element Action [GetAlertText] successfully performed. @02-02-2022 01:53:03.0324 AM
[ReportManager] Assertion Passed: Then I Assert that [I am a JS Alert] is equal to [I am a JS Alert]. @02-02-2022 01:53:03.0324 AM
[ReportManager] Assertion [ValidateEquals] PASSED. Expected [I am a JS Alert] and Actual [I am a JS Alert]. Comparison Type [EQUALS]. Validation Type [POSITIVE]. @02-02-2022 01:53:03.0325 A

################################################################################################################################################
Starting Execution:	[85 out of 162] test cases in the current suite
Test Method:		[testPackage01.TestJSAlertBox.acceptAlert]
################################################################################################################################################
[ReportManager] Alert is not present @02-02-2022 01:53:33.0728 AM
[ReportManager] Element Action [WaitForAlertToBePresent] failed. @02-02-2022 01:53:33.0879 AM
[ReportManager] Successfully created attachment [Screenshot - 1643766813778_acceptAlert_WaitForAlertToBePresent_failed] @02-02-2022 01:53:33.0880 A

################################################################################################################################################
Starting Execution:	[86 out of 162] test cases in the current suite
Test Method:		[testPackage01.TestJSAlertBox.assertOnConfirmAlertResultText]
###############################################################################################################################################
[ReportManager] Browser Action [CloseCurrentWindow] successfully performed. @02-02-2022 01:53:34.0243 AM
[ReportManager] Successfully created attachment [Browser Action Test Data - CloseCurrentWindow - Actual Value] @02-02-2022 01:53:34.0243 A

################################################################################################################################################
Starting Execution:	[87 out of 162] test cases in the current suite
Test Method:		[testPackage01.Test_checkJDKShellFilesGenerated.testJDKGeneratedSuccessfully]
################################################################################################################################################
[ReportManager] Configuring JDK @02-02-2022 01:53:34.0245 AM
[ReportManager] File Action [GetAbsolutePath] successfully performed. With the following test data [Relative File Path: "generateJdkMac.sh"]. @02-02-2022 01:53:34.0246 AM
[ReportManager] File Action [WriteToFile] successfully performed. With the following test data [Target File Path: "/Users/runner/work/SHAFT_ENGINE/SHAFT_ENGINE/generateJdkMac.sh"]. @02-02-2022 01:53:34.0246 AM
[ReportManager] Attempting to perform the following command locally. Command: [chmod u+x generateJdk.sh] @02-02-2022 01:53:34.0246 AM
[ReportManager] Terminal Action [PerformTerminalCommands] successfully performed. With the following test data [Host Name: "localHost" | Command: "chmod u+x generateJdk.sh" | Exit Status: "1"]. @02-02-2022 01:53:34.0252 AM
[ReportManager] Successfully created attachment [Terminal Action Actual Result - Command Log] @02-02-2022 01:53:34.0253 AM
[ReportManager] Assertion Passed: Then I Assert that [[#!/bin/bash, export JAVA_HOME=$(/usr/libexec/java_home), export PATH=$JAVA_HOME/bin:$PATH, source ~/.zshenv, echo $JAVA_HOME, echo $PATH, exec bash]] contains [JAVA_HOME=$(/usr/libexec/java_home)]. @02-02-2022 01:53:34.0253 AM
[ReportManager] Assertion [ValidateEquals] PASSED. Expected [JAVA_HOME=$(/usr/libexec/java_home)] and Actual [[#!/bin/bash, export JAVA_HOME=$(/usr/libexec/java_home), export PATH=$JAVA_HOME/bin:$PATH, source ~/.zshenv, echo $JAVA_HOME, echo $PATH, exec bash]]. Comparison Type [CONTAINS]. Validation Type [POSITIVE]. @02-02-2022 01:53:34.0253 A
[ReportManager] File Action [GetAbsolutePath] successfully performed. With the following test data [Relative Folder Path: "target/downloadedFiles/"]. @02-02-2022 01:53:34.0255 AM
[ReportManager] Attempting to run locally on: [Mac-64], [Safari], Headless Execution. @02-02-2022 01:53:34.0255 AM
[ReportManager] Successfully Opened Safari. @02-02-2022 01:53:35.0110 AM
[ReportManager] Initial window size: (800, 600) @02-02-2022 01:53:35.0132 AM
[ReportManager] Window size after SWD Maximize: (1176, 803) @02-02-2022 01:53:35.0155 AM
[ReportManager] Browser Action [MaximizeWindow] successfully performed. With the following test data [New screen size is now: (1176, 803)]. @02-02-2022 01:53:35.0156 AM
[ReportManager] Target URL: [http://the-internet.herokuapp.com/javascript_alerts] @02-02-2022 01:53:35.0156 AM
[ReportManager] Initial URL: [] @02-02-2022 01:53:35.0219 AM
[ReportManager] Browser Action [NavigateToURL] successfully performed. With the following test data [http://the-internet.herokuapp.com/javascript_alerts]. @02-02-2022 01:53:36.0296 A

################################################################################################################################################
Starting Execution:	[88 out of 162] test cases in the current suite
Test Method:		[testPackage01.TestJSConfirmBox.dismissAlert]
################################################################################################################################################
[ReportManager] Element Action [Click] successfully performed. With the following test data [By.xpath: //button[contains(text(),'Click for JS Confirm')]]. @02-02-2022 01:53:36.0609 AM
[ReportManager] Alert is present @02-02-2022 01:53:36.0634 AM
[ReportManager] Element Action [DismissAlert] successfully performed. @02-02-2022 01:53:36.0655 A

################################################################################################################################################
Starting Execution:	[89 out of 162] test cases in the current suite
Test Method:		[testPackage01.TestJSConfirmBox.assertOnCancelAlertResultText]
################################################################################################################################################
[ReportManager] Element Action [GetText] successfully performed. With the following test data [You clicked: Cancel]. @02-02-2022 01:53:36.0726 AM
[ReportManager] Assertion Passed: Then I Assert that the element found by [By.id: result] attribute [TEXT] is equal to [You clicked: Cancel]. @02-02-2022 01:53:36.0916 AM
[ReportManager] Successfully created attachment [Screenshot - 1643766816820_assertOnCancelAlertResultText_ValidateElementAttribute_passed] @02-02-2022 01:53:36.0917 AM
[ReportManager] Assertion [ValidateElementAttribute] PASSED. Expected [Value Should be 'You clicked: Cancel' for the 'text' attribute, element locator 'By.id: result'] and Actual [You clicked: Cancel]. Comparison Type [EQUALS]. Validation Type [POSITIVE]. @02-02-2022 01:53:36.0917 A

################################################################################################################################################
Starting Execution:	[90 out of 162] test cases in the current suite
Test Method:		[testPackage01.TestJSConfirmBox.getAlertText]
################################################################################################################################################
[ReportManager] Element Action [Click] successfully performed. With the following test data [By.xpath: //button[contains(text(),'Click for JS Confirm')]]. @02-02-2022 01:53:37.0154 AM
[ReportManager] Alert is present @02-02-2022 01:53:37.0162 AM
[ReportManager] Alert Text is: [I am a JS Confirm] @02-02-2022 01:53:37.0176 AM
[ReportManager] Element Action [GetAlertText] successfully performed. @02-02-2022 01:53:37.0177 AM
[ReportManager] Alert text is: [I am a JS Confirm] @02-02-2022 01:53:37.0177 AM
[ReportManager] Alert is present @02-02-2022 01:53:37.0193 AM
[ReportManager] Alert Text is: [I am a JS Confirm] @02-02-2022 01:53:37.0200 AM
[ReportManager] Element Action [GetAlertText] successfully performed. @02-02-2022 01:53:37.0201 AM
[ReportManager] Assertion Passed: Then I Assert that [I am a JS Confirm] is equal to [I am a JS Confirm]. @02-02-2022 01:53:37.0201 AM
[ReportManager] Assertion [ValidateEquals] PASSED. Expected [I am a JS Confirm] and Actual [I am a JS Confirm]. Comparison Type [EQUALS]. Validation Type [POSITIVE]. @02-02-2022 01:53:37.0201 A

################################################################################################################################################
Starting Execution:	[91 out of 162] test cases in the current suite
Test Method:		[testPackage01.TestJSConfirmBox.acceptAlert]
################################################################################################################################################
[ReportManager] Alert is not present @02-02-2022 01:54:07.0674 AM
[ReportManager] Element Action [WaitForAlertToBePresent] failed. @02-02-2022 01:54:07.0935 AM
[ReportManager] Successfully created attachment [Screenshot - 1643766847697_acceptAlert_WaitForAlertToBePresent_failed] @02-02-2022 01:54:07.0976 A

################################################################################################################################################
Starting Execution:	[92 out of 162] test cases in the current suite
Test Method:		[testPackage01.TestJSConfirmBox.assertOnConfirmAlertResultText]
###############################################################################################################################################
[ReportManager] Browser Action [CloseCurrentWindow] successfully performed. @02-02-2022 01:54:08.0599 AM
[ReportManager] Successfully created attachment [Browser Action Test Data - CloseCurrentWindow - Actual Value] @02-02-2022 01:54:08.0640 A

################################################################################################################################################
Starting Execution:	[93 out of 162] test cases in the current suite
Test Method:		[testPackage01.Test_NewValidationHelper.f1]
################################################################################################################################################
[ReportManager] Assertion Passed: Checking valid user data @02-02-2022 01:54:08.0684 AM
[ReportManager] Successfully created attachment [Validation Test Data - Expected Value] @02-02-2022 01:54:08.0684 AM
[ReportManager] Successfully created attachment [Validation Test Data - Actual Value] @02-02-2022 01:54:08.0685 AM
[ReportManager] Assertion [ValidateEquals] PASSED. Expected and Actual values are attached. Comparison Type [EQUALS]. Validation Type [POSITIVE]. @02-02-2022 01:54:08.0685 A
[ReportManager] File Action [GetAbsolutePath] successfully performed. With the following test data [Relative Folder Path: "target/downloadedFiles/"]. @02-02-2022 01:54:08.0687 AM
[ReportManager] Attempting to run locally on: [Mac-64], [Safari], Headless Execution. @02-02-2022 01:54:08.0687 AM
[ReportManager] Successfully Opened Safari. @02-02-2022 01:54:11.0028 AM
[ReportManager] Initial window size: (800, 600) @02-02-2022 01:54:11.0042 AM
[ReportManager] Window size after SWD Maximize: (1176, 803) @02-02-2022 01:54:11.0061 AM
[ReportManager] Browser Action [MaximizeWindow] successfully performed. With the following test data [New screen size is now: (1176, 803)]. @02-02-2022 01:54:11.0061 AM
[ReportManager] Target URL: [https://the-internet.herokuapp.com/] @02-02-2022 01:54:11.0061 AM
[ReportManager] Initial URL: [] @02-02-2022 01:54:11.0126 AM
[ReportManager] Browser Action [NavigateToURL] successfully performed. With the following test data [https://the-internet.herokuapp.com/]. @02-02-2022 01:54:12.0573 A

################################################################################################################################################
Starting Execution:	[94 out of 162] test cases in the current suite
Test Method:		[testPackage01.Test_NewValidationHelper.f10]
################################################################################################################################################
[ReportManager] Assertion [ValidateElementExists] FAILED. Expected [Element Should Exist, locator 'By.tagName: div'] and Actual [Element Exists but is not unique]. Comparison Type [EQUALS]. Validation Type [POSITIVE]. @02-02-2022 01:54:12.0810 AM
[ReportManager] Successfully created attachment [Screenshot - 1643766852738_f10_ValidateElementExists_failed] @02-02-2022 01:54:12.0812 A
[ReportManager] Successfully Closed All Drivers. @02-02-2022 01:54:13.0013 A
[ReportManager] File Action [GetAbsolutePath] successfully performed. With the following test data [Relative Folder Path: "target/downloadedFiles/"]. @02-02-2022 01:54:13.0138 AM
[ReportManager] Attempting to run locally on: [Mac-64], [Safari], Headless Execution. @02-02-2022 01:54:13.0138 AM
[ReportManager] Successfully Opened Safari. @02-02-2022 01:54:14.0076 AM
[ReportManager] Initial window size: (800, 600) @02-02-2022 01:54:14.0084 AM
[ReportManager] Window size after SWD Maximize: (1176, 803) @02-02-2022 01:54:14.0099 AM
[ReportManager] Browser Action [MaximizeWindow] successfully performed. With the following test data [New screen size is now: (1176, 803)]. @02-02-2022 01:54:14.0100 AM
[ReportManager] Target URL: [https://the-internet.herokuapp.com/] @02-02-2022 01:54:14.0100 AM
[ReportManager] Initial URL: [] @02-02-2022 01:54:14.0162 AM
[ReportManager] Browser Action [NavigateToURL] successfully performed. With the following test data [https://the-internet.herokuapp.com/]. @02-02-2022 01:54:15.0492 A

################################################################################################################################################
Starting Execution:	[95 out of 162] test cases in the current suite
Test Method:		[testPackage01.Test_NewValidationHelper.f11]
################################################################################################################################################
[ReportManager] org.openqa.selenium.TimeoutException:
Expected condition failed: waiting for com.shaft.gui.element.ElementActionsHelper$$Lambda$856/0x000000080121e000@734bb821 (tried for 5 second(s) with 1000 milliseconds interval)
org.openqa.selenium.support.ui.FluentWait.timeoutException(FluentWait.java:263)
org.openqa.selenium.support.ui.FluentWait.until(FluentWait.java:231)
com.shaft.gui.element.ElementActionsHelper.waitForElementPresence(ElementActionsHelper.java:89)
com.shaft.gui.element.ElementActionsHelper.waitForElementPresence(ElementActionsHelper.java:37)
com.shaft.gui.element.WebDriverElementActions.getMatchingElementsCount(WebDriverElementActions.java:1481)
com.shaft.gui.element.WebDriverElementActions.getElementsCount(WebDriverElementActions.java:561)
com.shaft.gui.element.ElementActions.getElementsCount(ElementActions.java:269)
com.shaft.validation.ValidationsHelper.validateElementExists(ValidationsHelper.java:149)
com.shaft.validation.Assertions.assertElementExists(Assertions.java:118)
testPackage01.Test_NewValidationHelper.f11(Test_NewValidationHelper.java:137)
java.base/jdk.internal.reflect.NativeMethodAccessorImpl.invoke0(Native Method)
java.base/jdk.internal.reflect.NativeMethodAccessorImpl.invoke(NativeMethodAccessorImpl.java:77)
java.base/jdk.internal.reflect.DelegatingMethodAccessorImpl.invoke(DelegatingMethodAccessorImpl.java:43)
java.base/java.lang.reflect.Method.invoke(Method.java:568)
org.testng.internal.invokers.MethodInvocationHelper.invokeMethod(MethodInvocationHelper.java:135)
org.testng.internal.invokers.TestInvoker.invokeMethod(TestInvoker.java:673)
org.testng.internal.invokers.TestInvoker.invokeTestMethod(TestInvoker.java:220)
org.testng.internal.invokers.MethodRunner.runInSequence(MethodRunner.java:50)
org.testng.internal.invokers.TestInvoker$MethodInvocationAgent.invoke(TestInvoker.java:945)
org.testng.internal.invokers.TestInvoker.invokeTestMethods(TestInvoker.java:193)
org.testng.internal.invokers.TestMethodWorker.invokeTestMethods(TestMethodWorker.java:146)
org.testng.internal.invokers.TestMethodWorker.run(TestMethodWorker.java:128)
java.base/java.util.ArrayList.forEach(ArrayList.java:1511)
org.testng.TestRunner.privateRun(TestRunner.java:808)
org.testng.TestRunner.run(TestRunner.java:603)
org.testng.SuiteRunner.runTest(SuiteRunner.java:429)
org.testng.SuiteRunner.runSequentially(SuiteRunner.java:423)
org.testng.SuiteRunner.privateRun(SuiteRunner.java:383)
org.testng.SuiteRunner.run(SuiteRunner.java:326)
org.testng.SuiteRunnerWorker.runSuite(SuiteRunnerWorker.java:52)
org.testng.SuiteRunnerWorker.run(SuiteRunnerWorker.java:95)
org.testng.TestNG.runSuitesSequentially(TestNG.java:1249)
org.testng.TestNG.runSuitesLocally(TestNG.java:1169)
org.testng.TestNG.runSuites(TestNG.java:1092)
org.testng.TestNG.run(TestNG.java:1060)
org.apache.maven.surefire.testng.TestNGExecutor.run(TestNGExecutor.java:136)
org.apache.maven.surefire.testng.TestNGDirectoryTestSuite.executeMulti(TestNGDirectoryTestSuite.java:193)
org.apache.maven.surefire.testng.TestNGDirectoryTestSuite.execute(TestNGDirectoryTestSuite.java:94)
org.apache.maven.surefire.testng.TestNGProvider.invoke(TestNGProvider.java:145)
org.apache.maven.surefire.booter.ForkedBooter.runSuitesInProcess(ForkedBooter.java:428)
org.apache.maven.surefire.booter.ForkedBooter.execute(ForkedBooter.java:162)
org.apache.maven.surefire.booter.ForkedBooter.run(ForkedBooter.java:562)
org.apache.maven.surefire.booter.ForkedBooter.main(ForkedBooter.java:548)

Caused by: org.openqa.selenium.NoSuchElementException:
For documentation on this error, please visit: https://selenium.dev/exceptions/#no_such_element
Build info: version: '4.1.2', revision: '9a5a329c5a'
System info: host: 'Mac-1643766540891.local', ip: '10.212.9.115', os.name: 'Mac OS X', os.arch: 'x86_64', os.version: '11.6.2', java.version: '17.0.2'
Driver info: org.openqa.selenium.safari.SafariDriver
Command: [44379B52-C047-4EBB-9C45-602A9D3619B0, findElement {using=tag name, value=h3}]
Capabilities {acceptInsecureCerts: false, browserName: Safari, browserVersion: 15.2, goog:loggingPrefs: {browser: ALL, client: ALL, driver: ALL, performance: ALL, profiler: ALL, server: ALL}, javascriptEnabled: true, pageLoadStrategy: normal, platform: MAC, platformName: MAC, safari:automaticInspection: false, safari:automaticProfiling: false, safari:diagnose: false, safari:platformBuildVersion: 20G314, safari:platformVersion: 11.6.2, safari:useSimulator: false, setWindowRect: true, strictFileInteractability: false, timeouts: {pageLoad: 30000, script: 30000}, webkit:WebRTC: {DisableICECandidateFiltering: false, DisableInsecureMediaCapture: false}}
Session ID: 44379B52-C047-4EBB-9C45-602A9D3619B0
java.base/jdk.internal.reflect.NativeConstructorAccessorImpl.newInstance0(Native Method)
java.base/jdk.internal.reflect.NativeConstructorAccessorImpl.newInstance(NativeConstructorAccessorImpl.java:77)
java.base/jdk.internal.reflect.DelegatingConstructorAccessorImpl.newInstance(DelegatingConstructorAccessorImpl.java:45)
java.base/java.lang.reflect.Constructor.newInstanceWithCaller(Constructor.java:499)
java.base/java.lang.reflect.Constructor.newInstance(Constructor.java:480)
org.openqa.selenium.remote.codec.w3c.W3CHttpResponseCodec.createException(W3CHttpResponseCodec.java:200)
org.openqa.selenium.remote.codec.w3c.W3CHttpResponseCodec.decode(W3CHttpResponseCodec.java:133)
org.openqa.selenium.remote.codec.w3c.W3CHttpResponseCodec.decode(W3CHttpResponseCodec.java:53)
org.openqa.selenium.remote.HttpCommandExecutor.execute(HttpCommandExecutor.java:184)
org.openqa.selenium.remote.service.DriverCommandExecutor.invokeExecute(DriverCommandExecutor.java:167)
org.openqa.selenium.remote.service.DriverCommandExecutor.execute(DriverCommandExecutor.java:142)
org.openqa.selenium.remote.RemoteWebDriver.execute(RemoteWebDriver.java:558)
org.openqa.selenium.remote.ElementLocation$ElementFinder$2.findElement(ElementLocation.java:162)
org.openqa.selenium.remote.ElementLocation.findElement(ElementLocation.java:60)
org.openqa.selenium.remote.RemoteWebDriver.findElement(RemoteWebDriver.java:382)
org.openqa.selenium.remote.RemoteWebDriver.findElement(RemoteWebDriver.java:374)
com.shaft.gui.element.ElementActionsHelper.lambda$waitForElementPresence$0(ElementActionsHelper.java:92)
org.openqa.selenium.support.ui.FluentWait.until(FluentWait.java:208)
com.shaft.gui.element.ElementActionsHelper.waitForElementPresence(ElementActionsHelper.java:89)
com.shaft.gui.element.ElementActionsHelper.waitForElementPresence(ElementActionsHelper.java:37)
com.shaft.gui.element.WebDriverElementActions.getMatchingElementsCount(WebDriverElementActions.java:1481)
com.shaft.gui.element.WebDriverElementActions.getElementsCount(WebDriverElementActions.java:561)
com.shaft.gui.element.ElementActions.getElementsCount(ElementActions.java:269)
com.shaft.validation.ValidationsHelper.validateElementExists(ValidationsHelper.java:149)
com.shaft.validation.Assertions.assertElementExists(Assertions.java:118)
testPackage01.Test_NewValidationHelper.f11(Test_NewValidationHelper.java:137)
java.base/jdk.internal.reflect.NativeMethodAccessorImpl.invoke0(Native Method)
java.base/jdk.internal.reflect.NativeMethodAccessorImpl.invoke(NativeMethodAccessorImpl.java:77)
java.base/jdk.internal.reflect.DelegatingMethodAccessorImpl.invoke(DelegatingMethodAccessorImpl.java:43)
java.base/java.lang.reflect.Method.invoke(Method.java:568)
org.testng.internal.invokers.MethodInvocationHelper.invokeMethod(MethodInvocationHelper.java:135)
org.testng.internal.invokers.TestInvoker.invokeMethod(TestInvoker.java:673)
org.testng.internal.invokers.TestInvoker.invokeTestMethod(TestInvoker.java:220)
org.testng.internal.invokers.MethodRunner.runInSequence(MethodRunner.java:50)
org.testng.internal.invokers.TestInvoker$MethodInvocationAgent.invoke(TestInvoker.java:945)
org.testng.internal.invokers.TestInvoker.invokeTestMethods(TestInvoker.java:193)
org.testng.internal.invokers.TestMethodWorker.invokeTestMethods(TestMethodWorker.java:146)
org.testng.internal.invokers.TestMethodWorker.run(TestMethodWorker.java:128)
java.base/java.util.ArrayList.forEach(ArrayList.java:1511)
org.testng.TestRunner.privateRun(TestRunner.java:808)
org.testng.TestRunner.run(TestRunner.java:603)
org.testng.SuiteRunner.runTest(SuiteRunner.java:429)
org.testng.SuiteRunner.runSequentially(SuiteRunner.java:423)
org.testng.SuiteRunner.privateRun(SuiteRunner.java:383)
org.testng.SuiteRunner.run(SuiteRunner.java:326)
org.testng.SuiteRunnerWorker.runSuite(SuiteRunnerWorker.java:52)
org.testng.SuiteRunnerWorker.run(SuiteRunnerWorker.java:95)
org.testng.TestNG.runSuitesSequentially(TestNG.java:1249)
org.testng.TestNG.runSuitesLocally(TestNG.java:1169)
org.testng.TestNG.runSuites(TestNG.java:1092)
org.testng.TestNG.run(TestNG.java:1060)
org.apache.maven.surefire.testng.TestNGExecutor.run(TestNGExecutor.java:136)
org.apache.maven.surefire.testng.TestNGDirectoryTestSuite.executeMulti(TestNGDirectoryTestSuite.java:193)
org.apache.maven.surefire.testng.TestNGDirectoryTestSuite.execute(TestNGDirectoryTestSuite.java:94)
org.apache.maven.surefire.testng.TestNGProvider.invoke(TestNGProvider.java:145)
org.apache.maven.surefire.booter.ForkedBooter.runSuitesInProcess(ForkedBooter.java:428)
org.apache.maven.surefire.booter.ForkedBooter.execute(ForkedBooter.java:162)
org.apache.maven.surefire.booter.ForkedBooter.run(ForkedBooter.java:562)
org.apache.maven.surefire.booter.ForkedBooter.main(ForkedBooter.java:548) @02-02-2022 01:54:20.0742 AM
[ReportManager] org.openqa.selenium.TimeoutException:
Expected condition failed: waiting for com.shaft.gui.element.ElementActionsHelper$$Lambda$856/0x000000080121e000@c139ed3 (tried for 5 second(s) with 1000 milliseconds interval)
org.openqa.selenium.support.ui.FluentWait.timeoutException(FluentWait.java:263)
org.openqa.selenium.support.ui.FluentWait.until(FluentWait.java:231)
com.shaft.gui.element.ElementActionsHelper.waitForElementPresence(ElementActionsHelper.java:89)
com.shaft.gui.element.ElementActionsHelper.waitForElementPresence(ElementActionsHelper.java:37)
com.shaft.gui.element.WebDriverElementActions.getMatchingElementsCount(WebDriverElementActions.java:1481)
com.shaft.gui.element.WebDriverElementActions.getElementsCount(WebDriverElementActions.java:561)
com.shaft.gui.element.ElementActions.getElementsCount(ElementActions.java:269)
com.shaft.gui.image.ScreenshotManager.internalCaptureScreenShot(ScreenshotManager.java:385)
com.shaft.gui.image.ScreenshotManager.captureScreenShot(ScreenshotManager.java:141)
com.shaft.validation.ValidationsHelper.reportValidationState(ValidationsHelper.java:823)
com.shaft.validation.ValidationsHelper.pass(ValidationsHelper.java:564)
com.shaft.validation.ValidationsHelper.validateElementExists(ValidationsHelper.java:166)
com.shaft.validation.Assertions.assertElementExists(Assertions.java:118)
testPackage01.Test_NewValidationHelper.f11(Test_NewValidationHelper.java:137)
java.base/jdk.internal.reflect.NativeMethodAccessorImpl.invoke0(Native Method)
java.base/jdk.internal.reflect.NativeMethodAccessorImpl.invoke(NativeMethodAccessorImpl.java:77)
java.base/jdk.internal.reflect.DelegatingMethodAccessorImpl.invoke(DelegatingMethodAccessorImpl.java:43)
java.base/java.lang.reflect.Method.invoke(Method.java:568)
org.testng.internal.invokers.MethodInvocationHelper.invokeMethod(MethodInvocationHelper.java:135)
org.testng.internal.invokers.TestInvoker.invokeMethod(TestInvoker.java:673)
org.testng.internal.invokers.TestInvoker.invokeTestMethod(TestInvoker.java:220)
org.testng.internal.invokers.MethodRunner.runInSequence(MethodRunner.java:50)
org.testng.internal.invokers.TestInvoker$MethodInvocationAgent.invoke(TestInvoker.java:945)
org.testng.internal.invokers.TestInvoker.invokeTestMethods(TestInvoker.java:193)
org.testng.internal.invokers.TestMethodWorker.invokeTestMethods(TestMethodWorker.java:146)
org.testng.internal.invokers.TestMethodWorker.run(TestMethodWorker.java:128)
java.base/java.util.ArrayList.forEach(ArrayList.java:1511)
org.testng.TestRunner.privateRun(TestRunner.java:808)
org.testng.TestRunner.run(TestRunner.java:603)
org.testng.SuiteRunner.runTest(SuiteRunner.java:429)
org.testng.SuiteRunner.runSequentially(SuiteRunner.java:423)
org.testng.SuiteRunner.privateRun(SuiteRunner.java:383)
org.testng.SuiteRunner.run(SuiteRunner.java:326)
org.testng.SuiteRunnerWorker.runSuite(SuiteRunnerWorker.java:52)
org.testng.SuiteRunnerWorker.run(SuiteRunnerWorker.java:95)
org.testng.TestNG.runSuitesSequentially(TestNG.java:1249)
org.testng.TestNG.runSuitesLocally(TestNG.java:1169)
org.testng.TestNG.runSuites(TestNG.java:1092)
org.testng.TestNG.run(TestNG.java:1060)
org.apache.maven.surefire.testng.TestNGExecutor.run(TestNGExecutor.java:136)
org.apache.maven.surefire.testng.TestNGDirectoryTestSuite.executeMulti(TestNGDirectoryTestSuite.java:193)
org.apache.maven.surefire.testng.TestNGDirectoryTestSuite.execute(TestNGDirectoryTestSuite.java:94)
org.apache.maven.surefire.testng.TestNGProvider.invoke(TestNGProvider.java:145)
org.apache.maven.surefire.booter.ForkedBooter.runSuitesInProcess(ForkedBooter.java:428)
org.apache.maven.surefire.booter.ForkedBooter.execute(ForkedBooter.java:162)
org.apache.maven.surefire.booter.ForkedBooter.run(ForkedBooter.java:562)
org.apache.maven.surefire.booter.ForkedBooter.main(ForkedBooter.java:548)

Caused by: org.openqa.selenium.NoSuchElementException:
For documentation on this error, please visit: https://selenium.dev/exceptions/#no_such_element
Build info: version: '4.1.2', revision: '9a5a329c5a'
System info: host: 'Mac-1643766540891.local', ip: '10.212.9.115', os.name: 'Mac OS X', os.arch: 'x86_64', os.version: '11.6.2', java.version: '17.0.2'
Driver info: org.openqa.selenium.safari.SafariDriver
Command: [44379B52-C047-4EBB-9C45-602A9D3619B0, findElement {using=tag name, value=h3}]
Capabilities {acceptInsecureCerts: false, browserName: Safari, browserVersion: 15.2, goog:loggingPrefs: {browser: ALL, client: ALL, driver: ALL, performance: ALL, profiler: ALL, server: ALL}, javascriptEnabled: true, pageLoadStrategy: normal, platform: MAC, platformName: MAC, safari:automaticInspection: false, safari:automaticProfiling: false, safari:diagnose: false, safari:platformBuildVersion: 20G314, safari:platformVersion: 11.6.2, safari:useSimulator: false, setWindowRect: true, strictFileInteractability: false, timeouts: {pageLoad: 30000, script: 30000}, webkit:WebRTC: {DisableICECandidateFiltering: false, DisableInsecureMediaCapture: false}}
Session ID: 44379B52-C047-4EBB-9C45-602A9D3619B0
java.base/jdk.internal.reflect.NativeConstructorAccessorImpl.newInstance0(Native Method)
java.base/jdk.internal.reflect.NativeConstructorAccessorImpl.newInstance(NativeConstructorAccessorImpl.java:77)
java.base/jdk.internal.reflect.DelegatingConstructorAccessorImpl.newInstance(DelegatingConstructorAccessorImpl.java:45)
java.base/java.lang.reflect.Constructor.newInstanceWithCaller(Constructor.java:499)
java.base/java.lang.reflect.Constructor.newInstance(Constructor.java:480)
org.openqa.selenium.remote.codec.w3c.W3CHttpResponseCodec.createException(W3CHttpResponseCodec.java:200)
org.openqa.selenium.remote.codec.w3c.W3CHttpResponseCodec.decode(W3CHttpResponseCodec.java:133)
org.openqa.selenium.remote.codec.w3c.W3CHttpResponseCodec.decode(W3CHttpResponseCodec.java:53)
org.openqa.selenium.remote.HttpCommandExecutor.execute(HttpCommandExecutor.java:184)
org.openqa.selenium.remote.service.DriverCommandExecutor.invokeExecute(DriverCommandExecutor.java:167)
org.openqa.selenium.remote.service.DriverCommandExecutor.execute(DriverCommandExecutor.java:142)
org.openqa.selenium.remote.RemoteWebDriver.execute(RemoteWebDriver.java:558)
org.openqa.selenium.remote.ElementLocation$ElementFinder$2.findElement(ElementLocation.java:162)
org.openqa.selenium.remote.ElementLocation.findElement(ElementLocation.java:60)
org.openqa.selenium.remote.RemoteWebDriver.findElement(RemoteWebDriver.java:382)
org.openqa.selenium.remote.RemoteWebDriver.findElement(RemoteWebDriver.java:374)
com.shaft.gui.element.ElementActionsHelper.lambda$waitForElementPresence$0(ElementActionsHelper.java:92)
org.openqa.selenium.support.ui.FluentWait.until(FluentWait.java:208)
com.shaft.gui.element.ElementActionsHelper.waitForElementPresence(ElementActionsHelper.java:89)
com.shaft.gui.element.ElementActionsHelper.waitForElementPresence(ElementActionsHelper.java:37)
com.shaft.gui.element.WebDriverElementActions.getMatchingElementsCount(WebDriverElementActions.java:1481)
com.shaft.gui.element.WebDriverElementActions.getElementsCount(WebDriverElementActions.java:561)
com.shaft.gui.element.ElementActions.getElementsCount(ElementActions.java:269)
com.shaft.gui.image.ScreenshotManager.internalCaptureScreenShot(ScreenshotManager.java:385)
com.shaft.gui.image.ScreenshotManager.captureScreenShot(ScreenshotManager.java:141)
com.shaft.validation.ValidationsHelper.reportValidationState(ValidationsHelper.java:823)
com.shaft.validation.ValidationsHelper.pass(ValidationsHelper.java:564)
com.shaft.validation.ValidationsHelper.validateElementExists(ValidationsHelper.java:166)
com.shaft.validation.Assertions.assertElementExists(Assertions.java:118)
testPackage01.Test_NewValidationHelper.f11(Test_NewValidationHelper.java:137)
java.base/jdk.internal.reflect.NativeMethodAccessorImpl.invoke0(Native Method)
java.base/jdk.internal.reflect.NativeMethodAccessorImpl.invoke(NativeMethodAccessorImpl.java:77)
java.base/jdk.internal.reflect.DelegatingMethodAccessorImpl.invoke(DelegatingMethodAccessorImpl.java:43)
java.base/java.lang.reflect.Method.invoke(Method.java:568)
org.testng.internal.invokers.MethodInvocationHelper.invokeMethod(MethodInvocationHelper.java:135)
org.testng.internal.invokers.TestInvoker.invokeMethod(TestInvoker.java:673)
org.testng.internal.invokers.TestInvoker.invokeTestMethod(TestInvoker.java:220)
org.testng.internal.invokers.MethodRunner.runInSequence(MethodRunner.java:50)
org.testng.internal.invokers.TestInvoker$MethodInvocationAgent.invoke(TestInvoker.java:945)
org.testng.internal.invokers.TestInvoker.invokeTestMethods(TestInvoker.java:193)
org.testng.internal.invokers.TestMethodWorker.invokeTestMethods(TestMethodWorker.java:146)
org.testng.internal.invokers.TestMethodWorker.run(TestMethodWorker.java:128)
java.base/java.util.ArrayList.forEach(ArrayList.java:1511)
org.testng.TestRunner.privateRun(TestRunner.java:808)
org.testng.TestRunner.run(TestRunner.java:603)
org.testng.SuiteRunner.runTest(SuiteRunner.java:429)
org.testng.SuiteRunner.runSequentially(SuiteRunner.java:423)
org.testng.SuiteRunner.privateRun(SuiteRunner.java:383)
org.testng.SuiteRunner.run(SuiteRunner.java:326)
org.testng.SuiteRunnerWorker.runSuite(SuiteRunnerWorker.java:52)
org.testng.SuiteRunnerWorker.run(SuiteRunnerWorker.java:95)
org.testng.TestNG.runSuitesSequentially(TestNG.java:1249)
org.testng.TestNG.runSuitesLocally(TestNG.java:1169)
org.testng.TestNG.runSuites(TestNG.java:1092)
org.testng.TestNG.run(TestNG.java:1060)
org.apache.maven.surefire.testng.TestNGExecutor.run(TestNGExecutor.java:136)
org.apache.maven.surefire.testng.TestNGDirectoryTestSuite.executeMulti(TestNGDirectoryTestSuite.java:193)
org.apache.maven.surefire.testng.TestNGDirectoryTestSuite.execute(TestNGDirectoryTestSuite.java:94)
org.apache.maven.surefire.testng.TestNGProvider.invoke(TestNGProvider.java:145)
org.apache.maven.surefire.booter.ForkedBooter.runSuitesInProcess(ForkedBooter.java:428)
org.apache.maven.surefire.booter.ForkedBooter.execute(ForkedBooter.java:162)
org.apache.maven.surefire.booter.ForkedBooter.run(ForkedBooter.java:562)
org.apache.maven.surefire.booter.ForkedBooter.main(ForkedBooter.java:548) @02-02-2022 01:54:25.0990 AM
[ReportManager] Assertion Passed: Checking that false tag doesn't exist @02-02-2022 01:54:26.0177 AM
[ReportManager] Successfully created attachment [Screenshot - 1643766866016_f11_ValidateElementExists_passed] @02-02-2022 01:54:26.0259 AM
[ReportManager] Assertion [ValidateElementExists] PASSED. Expected [Element Should not Exist, locator 'By.tagName: h3'] and Actual [Element Doesn't Exists]. Comparison Type [EQUALS]. Validation Type [NEGATIVE]. @02-02-2022 01:54:26.0259 A
[ReportManager] Successfully Closed All Drivers. @02-02-2022 01:54:26.0544 A
[ReportManager] File Action [GetAbsolutePath] successfully performed. With the following test data [Relative Folder Path: "target/downloadedFiles/"]. @02-02-2022 01:54:26.0668 AM
[ReportManager] Attempting to run locally on: [Mac-64], [Safari], Headless Execution. @02-02-2022 01:54:26.0668 AM
[ReportManager] Successfully Opened Safari. @02-02-2022 01:54:27.0649 AM
[ReportManager] Initial window size: (800, 600) @02-02-2022 01:54:27.0680 AM
[ReportManager] Window size after SWD Maximize: (1176, 803) @02-02-2022 01:54:27.0711 AM
[ReportManager] Browser Action [MaximizeWindow] successfully performed. With the following test data [New screen size is now: (1176, 803)]. @02-02-2022 01:54:27.0711 AM
[ReportManager] Target URL: [https://the-internet.herokuapp.com/] @02-02-2022 01:54:27.0711 AM
[ReportManager] Initial URL: [] @02-02-2022 01:54:27.0787 AM
[ReportManager] Browser Action [NavigateToURL] successfully performed. With the following test data [https://the-internet.herokuapp.com/]. @02-02-2022 01:54:29.0216 A

################################################################################################################################################
Starting Execution:	[96 out of 162] test cases in the current suite
Test Method:		[testPackage01.Test_NewValidationHelper.f12]
################################################################################################################################################
[ReportManager] Assertion [ValidateElementExists] FAILED. Expected [Element Should not Exist, locator 'By.tagName: h1'] and Actual [Element Exists]. Comparison Type [EQUALS]. Validation Type [NEGATIVE]. @02-02-2022 01:54:29.0805 AM
[ReportManager] Successfully created attachment [Screenshot - 1643766869585_f12_ValidateElementExists_failed] @02-02-2022 01:54:29.0806 A
[ReportManager] Successfully Closed All Drivers. @02-02-2022 01:54:29.0983 A
[ReportManager] File Action [GetAbsolutePath] successfully performed. With the following test data [Relative Folder Path: "target/downloadedFiles/"]. @02-02-2022 01:54:30.0109 AM
[ReportManager] Attempting to run locally on: [Mac-64], [Safari], Headless Execution. @02-02-2022 01:54:30.0109 AM
[ReportManager] Successfully Opened Safari. @02-02-2022 01:54:31.0006 AM
[ReportManager] Initial window size: (800, 600) @02-02-2022 01:54:31.0039 AM
[ReportManager] Window size after SWD Maximize: (1176, 803) @02-02-2022 01:54:31.0083 AM
[ReportManager] Browser Action [MaximizeWindow] successfully performed. With the following test data [New screen size is now: (1176, 803)]. @02-02-2022 01:54:31.0083 AM
[ReportManager] Target URL: [https://the-internet.herokuapp.com/] @02-02-2022 01:54:31.0083 AM
[ReportManager] Initial URL: [] @02-02-2022 01:54:31.0198 AM
[ReportManager] Browser Action [NavigateToURL] successfully performed. With the following test data [https://the-internet.herokuapp.com/]. @02-02-2022 01:54:32.0441 A

################################################################################################################################################
Starting Execution:	[97 out of 162] test cases in the current suite
Test Method:		[testPackage01.Test_NewValidationHelper.f13]
################################################################################################################################################
[ReportManager] Assertion [ValidateElementExists] FAILED. Expected [Element Should not Exist, locator 'By.tagName: div'] and Actual [Element Exists but is not unique]. Comparison Type [EQUALS]. Validation Type [NEGATIVE]. @02-02-2022 01:54:33.0185 AM
[ReportManager] Successfully created attachment [Screenshot - 1643766872817_f13_ValidateElementExists_failed] @02-02-2022 01:54:33.0309 A
[ReportManager] Successfully Closed All Drivers. @02-02-2022 01:54:33.0647 A
[ReportManager] File Action [GetAbsolutePath] successfully performed. With the following test data [Relative Folder Path: "target/downloadedFiles/"]. @02-02-2022 01:54:33.0771 AM
[ReportManager] Attempting to run locally on: [Mac-64], [Safari], Headless Execution. @02-02-2022 01:54:33.0771 AM
[ReportManager] Successfully Opened Safari. @02-02-2022 01:54:34.0660 AM
[ReportManager] Initial window size: (800, 600) @02-02-2022 01:54:34.0674 AM
[ReportManager] Window size after SWD Maximize: (1176, 803) @02-02-2022 01:54:34.0689 AM
[ReportManager] Browser Action [MaximizeWindow] successfully performed. With the following test data [New screen size is now: (1176, 803)]. @02-02-2022 01:54:34.0690 AM
[ReportManager] Target URL: [https://the-internet.herokuapp.com/] @02-02-2022 01:54:34.0690 AM
[ReportManager] Initial URL: [] @02-02-2022 01:54:34.0749 AM
[ReportManager] Browser Action [NavigateToURL] successfully performed. With the following test data [https://the-internet.herokuapp.com/]. @02-02-2022 01:54:35.0995 A

################################################################################################################################################
Starting Execution:	[98 out of 162] test cases in the current suite
Test Method:		[testPackage01.Test_NewValidationHelper.f14]
################################################################################################################################################
[ReportManager] Element Action [GetText] successfully performed. With the following test data [Welcome to the-internet]. @02-02-2022 01:54:36.0266 AM
[ReportManager] Assertion Passed: Asserting that the header text is correct @02-02-2022 01:54:36.0596 AM
[ReportManager] Successfully created attachment [Screenshot - 1643766876400_f14_ValidateElementAttribute_passed] @02-02-2022 01:54:36.0679 AM
[ReportManager] Assertion [ValidateElementAttribute] PASSED. Expected [Value Should be 'Welcome to the-internet' for the 'text' attribute, element locator 'By.tagName: h1'] and Actual [Welcome to the-internet]. Comparison Type [EQUALS]. Validation Type [POSITIVE]. @02-02-2022 01:54:36.0679 A
[ReportManager] Successfully Closed All Drivers. @02-02-2022 01:54:37.0043 A
[ReportManager] File Action [GetAbsolutePath] successfully performed. With the following test data [Relative Folder Path: "target/downloadedFiles/"]. @02-02-2022 01:54:37.0167 AM
[ReportManager] Attempting to run locally on: [Mac-64], [Safari], Headless Execution. @02-02-2022 01:54:37.0167 AM
[ReportManager] Successfully Opened Safari. @02-02-2022 01:54:38.0009 AM
[ReportManager] Initial window size: (800, 600) @02-02-2022 01:54:38.0019 AM
[ReportManager] Window size after SWD Maximize: (1176, 803) @02-02-2022 01:54:38.0049 AM
[ReportManager] Browser Action [MaximizeWindow] successfully performed. With the following test data [New screen size is now: (1176, 803)]. @02-02-2022 01:54:38.0049 AM
[ReportManager] Target URL: [https://the-internet.herokuapp.com/] @02-02-2022 01:54:38.0049 AM
[ReportManager] Initial URL: [] @02-02-2022 01:54:38.0097 AM
[ReportManager] Browser Action [NavigateToURL] successfully performed. With the following test data [https://the-internet.herokuapp.com/]. @02-02-2022 01:54:39.0270 A

################################################################################################################################################
Starting Execution:	[99 out of 162] test cases in the current suite
Test Method:		[testPackage01.Test_NewValidationHelper.f15]
################################################################################################################################################
[ReportManager] Element Action [GetText] successfully performed. With the following test data [Welcome to the-internet]. @02-02-2022 01:54:39.0436 AM
[ReportManager] Assertion [ValidateElementAttribute] FAILED. Expected [Value Should not be 'Welcome' for the 'text' attribute, element locator 'By.tagName: h1'] and Actual [Welcome to the-internet]. Comparison Type [CONTAINS]. Validation Type [NEGATIVE]. @02-02-2022 01:54:39.0649 AM
[ReportManager] Successfully created attachment [Screenshot - 1643766879569_f15_ValidateElementAttribute_failed] @02-02-2022 01:54:39.0650 A
[ReportManager] Successfully Closed All Drivers. @02-02-2022 01:54:39.0838 A
[ReportManager] File Action [GetAbsolutePath] successfully performed. With the following test data [Relative Folder Path: "target/downloadedFiles/"]. @02-02-2022 01:54:39.0841 AM
[ReportManager] Attempting to run locally on: [Mac-64], [Safari], Headless Execution. @02-02-2022 01:54:39.0841 AM
[ReportManager] Successfully Opened Safari. @02-02-2022 01:54:40.0722 AM
[ReportManager] Initial window size: (800, 600) @02-02-2022 01:54:40.0746 AM
[ReportManager] Window size after SWD Maximize: (1176, 803) @02-02-2022 01:54:40.0765 AM
[ReportManager] Browser Action [MaximizeWindow] successfully performed. With the following test data [New screen size is now: (1176, 803)]. @02-02-2022 01:54:40.0765 AM
[ReportManager] Target URL: [https://the-internet.herokuapp.com/] @02-02-2022 01:54:40.0765 AM
[ReportManager] Initial URL: [] @02-02-2022 01:54:40.0825 AM
[ReportManager] Browser Action [NavigateToURL] successfully performed. With the following test data [https://the-internet.herokuapp.com/]. @02-02-2022 01:54:42.0213 A

################################################################################################################################################
Starting Execution:	[100 out of 162] test cases in the current suite
Test Method:		[testPackage01.Test_NewValidationHelper.f16]
################################################################################################################################################
[ReportManager] org.openqa.selenium.TimeoutException:
Expected condition failed: waiting for com.shaft.gui.element.ElementActionsHelper$$Lambda$856/0x000000080121e000@1642ae82 (tried for 25 second(s) with 1000 milliseconds interval)
org.openqa.selenium.support.ui.FluentWait.timeoutException(FluentWait.java:263)
org.openqa.selenium.support.ui.FluentWait.until(FluentWait.java:231)
com.shaft.gui.element.ElementActionsHelper.waitForElementPresence(ElementActionsHelper.java:89)
com.shaft.gui.element.ElementActionsHelper.waitForElementPresence(ElementActionsHelper.java:41)
com.shaft.gui.element.WebDriverElementActions.getMatchingElementsCount(WebDriverElementActions.java:1483)
com.shaft.gui.element.WebDriverElementActions.identifyUniqueElement(WebDriverElementActions.java:1531)
com.shaft.gui.element.WebDriverElementActions.identifyUniqueElement(WebDriverElementActions.java:1325)
com.shaft.gui.element.WebDriverElementActions.getText(WebDriverElementActions.java:660)
com.shaft.gui.element.ElementActions.getText(ElementActions.java:319)
com.shaft.validation.ValidationsHelper.validateElementAttribute(ValidationsHelper.java:237)
com.shaft.validation.Assertions.assertElementAttribute(Assertions.java:201)
testPackage01.Test_NewValidationHelper.f16(Test_NewValidationHelper.java:181)
java.base/jdk.internal.reflect.NativeMethodAccessorImpl.invoke0(Native Method)
java.base/jdk.internal.reflect.NativeMethodAccessorImpl.invoke(NativeMethodAccessorImpl.java:77)
java.base/jdk.internal.reflect.DelegatingMethodAccessorImpl.invoke(DelegatingMethodAccessorImpl.java:43)
java.base/java.lang.reflect.Method.invoke(Method.java:568)
org.testng.internal.invokers.MethodInvocationHelper.invokeMethod(MethodInvocationHelper.java:135)
org.testng.internal.invokers.TestInvoker.invokeMethod(TestInvoker.java:673)
org.testng.internal.invokers.TestInvoker.invokeTestMethod(TestInvoker.java:220)
org.testng.internal.invokers.MethodRunner.runInSequence(MethodRunner.java:50)
org.testng.internal.invokers.TestInvoker$MethodInvocationAgent.invoke(TestInvoker.java:945)
org.testng.internal.invokers.TestInvoker.invokeTestMethods(TestInvoker.java:193)
org.testng.internal.invokers.TestMethodWorker.invokeTestMethods(TestMethodWorker.java:146)
org.testng.internal.invokers.TestMethodWorker.run(TestMethodWorker.java:128)
java.base/java.util.ArrayList.forEach(ArrayList.java:1511)
org.testng.TestRunner.privateRun(TestRunner.java:808)
org.testng.TestRunner.run(TestRunner.java:603)
org.testng.SuiteRunner.runTest(SuiteRunner.java:429)
org.testng.SuiteRunner.runSequentially(SuiteRunner.java:423)
org.testng.SuiteRunner.privateRun(SuiteRunner.java:383)
org.testng.SuiteRunner.run(SuiteRunner.java:326)
org.testng.SuiteRunnerWorker.runSuite(SuiteRunnerWorker.java:52)
org.testng.SuiteRunnerWorker.run(SuiteRunnerWorker.java:95)
org.testng.TestNG.runSuitesSequentially(TestNG.java:1249)
org.testng.TestNG.runSuitesLocally(TestNG.java:1169)
org.testng.TestNG.runSuites(TestNG.java:1092)
org.testng.TestNG.run(TestNG.java:1060)
org.apache.maven.surefire.testng.TestNGExecutor.run(TestNGExecutor.java:136)
org.apache.maven.surefire.testng.TestNGDirectoryTestSuite.executeMulti(TestNGDirectoryTestSuite.java:193)
org.apache.maven.surefire.testng.TestNGDirectoryTestSuite.execute(TestNGDirectoryTestSuite.java:94)
org.apache.maven.surefire.testng.TestNGProvider.invoke(TestNGProvider.java:145)
org.apache.maven.surefire.booter.ForkedBooter.runSuitesInProcess(ForkedBooter.java:428)
org.apache.maven.surefire.booter.ForkedBooter.execute(ForkedBooter.java:162)
org.apache.maven.surefire.booter.ForkedBooter.run(ForkedBooter.java:562)
org.apache.maven.surefire.booter.ForkedBooter.main(ForkedBooter.java:548)

Caused by: org.openqa.selenium.NoSuchElementException:
For documentation on this error, please visit: https://selenium.dev/exceptions/#no_such_element
Build info: version: '4.1.2', revision: '9a5a329c5a'
System info: host: 'Mac-1643766540891.local', ip: '10.212.9.115', os.name: 'Mac OS X', os.arch: 'x86_64', os.version: '11.6.2', java.version: '17.0.2'
Driver info: org.openqa.selenium.safari.SafariDriver
Command: [6AC2EF6C-D9EB-4CDE-9CA1-2053DAB73F16, findElement {using=tag name, value=h3}]
Capabilities {acceptInsecureCerts: false, browserName: Safari, browserVersion: 15.2, goog:loggingPrefs: {browser: ALL, client: ALL, driver: ALL, performance: ALL, profiler: ALL, server: ALL}, javascriptEnabled: true, pageLoadStrategy: normal, platform: MAC, platformName: MAC, safari:automaticInspection: false, safari:automaticProfiling: false, safari:diagnose: false, safari:platformBuildVersion: 20G314, safari:platformVersion: 11.6.2, safari:useSimulator: false, setWindowRect: true, strictFileInteractability: false, timeouts: {pageLoad: 30000, script: 30000}, webkit:WebRTC: {DisableICECandidateFiltering: false, DisableInsecureMediaCapture: false}}
Session ID: 6AC2EF6C-D9EB-4CDE-9CA1-2053DAB73F16
jdk.internal.reflect.GeneratedConstructorAccessor58.newInstance(Unknown Source)
java.base/jdk.internal.reflect.DelegatingConstructorAccessorImpl.newInstance(DelegatingConstructorAccessorImpl.java:45)
java.base/java.lang.reflect.Constructor.newInstanceWithCaller(Constructor.java:499)
java.base/java.lang.reflect.Constructor.newInstance(Constructor.java:480)
org.openqa.selenium.remote.codec.w3c.W3CHttpResponseCodec.createException(W3CHttpResponseCodec.java:200)
org.openqa.selenium.remote.codec.w3c.W3CHttpResponseCodec.decode(W3CHttpResponseCodec.java:133)
org.openqa.selenium.remote.codec.w3c.W3CHttpResponseCodec.decode(W3CHttpResponseCodec.java:53)
org.openqa.selenium.remote.HttpCommandExecutor.execute(HttpCommandExecutor.java:184)
org.openqa.selenium.remote.service.DriverCommandExecutor.invokeExecute(DriverCommandExecutor.java:167)
org.openqa.selenium.remote.service.DriverCommandExecutor.execute(DriverCommandExecutor.java:142)
org.openqa.selenium.remote.RemoteWebDriver.execute(RemoteWebDriver.java:558)
org.openqa.selenium.remote.ElementLocation$ElementFinder$2.findElement(ElementLocation.java:162)
org.openqa.selenium.remote.ElementLocation.findElement(ElementLocation.java:60)
org.openqa.selenium.remote.RemoteWebDriver.findElement(RemoteWebDriver.java:382)
org.openqa.selenium.remote.RemoteWebDriver.findElement(RemoteWebDriver.java:374)
com.shaft.gui.element.ElementActionsHelper.lambda$waitForElementPresence$0(ElementActionsHelper.java:92)
org.openqa.selenium.support.ui.FluentWait.until(FluentWait.java:208)
com.shaft.gui.element.ElementActionsHelper.waitForElementPresence(ElementActionsHelper.java:89)
com.shaft.gui.element.ElementActionsHelper.waitForElementPresence(ElementActionsHelper.java:41)
com.shaft.gui.element.WebDriverElementActions.getMatchingElementsCount(WebDriverElementActions.java:1483)
com.shaft.gui.element.WebDriverElementActions.identifyUniqueElement(WebDriverElementActions.java:1531)
com.shaft.gui.element.WebDriverElementActions.identifyUniqueElement(WebDriverElementActions.java:1325)
com.shaft.gui.element.WebDriverElementActions.getText(WebDriverElementActions.java:660)
com.shaft.gui.element.ElementActions.getText(ElementActions.java:319)
com.shaft.validation.ValidationsHelper.validateElementAttribute(ValidationsHelper.java:237)
com.shaft.validation.Assertions.assertElementAttribute(Assertions.java:201)
testPackage01.Test_NewValidationHelper.f16(Test_NewValidationHelper.java:181)
java.base/jdk.internal.reflect.NativeMethodAccessorImpl.invoke0(Native Method)
java.base/jdk.internal.reflect.NativeMethodAccessorImpl.invoke(NativeMethodAccessorImpl.java:77)
java.base/jdk.internal.reflect.DelegatingMethodAccessorImpl.invoke(DelegatingMethodAccessorImpl.java:43)
java.base/java.lang.reflect.Method.invoke(Method.java:568)
org.testng.internal.invokers.MethodInvocationHelper.invokeMethod(MethodInvocationHelper.java:135)
org.testng.internal.invokers.TestInvoker.invokeMethod(TestInvoker.java:673)
org.testng.internal.invokers.TestInvoker.invokeTestMethod(TestInvoker.java:220)
org.testng.internal.invokers.MethodRunner.runInSequence(MethodRunner.java:50)
org.testng.internal.invokers.TestInvoker$MethodInvocationAgent.invoke(TestInvoker.java:945)
org.testng.internal.invokers.TestInvoker.invokeTestMethods(TestInvoker.java:193)
org.testng.internal.invokers.TestMethodWorker.invokeTestMethods(TestMethodWorker.java:146)
org.testng.internal.invokers.TestMethodWorker.run(TestMethodWorker.java:128)
java.base/java.util.ArrayList.forEach(ArrayList.java:1511)
org.testng.TestRunner.privateRun(TestRunner.java:808)
org.testng.TestRunner.run(TestRunner.java:603)
org.testng.SuiteRunner.runTest(SuiteRunner.java:429)
org.testng.SuiteRunner.runSequentially(SuiteRunner.java:423)
org.testng.SuiteRunner.privateRun(SuiteRunner.java:383)
org.testng.SuiteRunner.run(SuiteRunner.java:326)
org.testng.SuiteRunnerWorker.runSuite(SuiteRunnerWorker.java:52)
org.testng.SuiteRunnerWorker.run(SuiteRunnerWorker.java:95)
org.testng.TestNG.runSuitesSequentially(TestNG.java:1249)
org.testng.TestNG.runSuitesLocally(TestNG.java:1169)
org.testng.TestNG.runSuites(TestNG.java:1092)
org.testng.TestNG.run(TestNG.java:1060)
org.apache.maven.surefire.testng.TestNGExecutor.run(TestNGExecutor.java:136)
org.apache.maven.surefire.testng.TestNGDirectoryTestSuite.executeMulti(TestNGDirectoryTestSuite.java:193)
org.apache.maven.surefire.testng.TestNGDirectoryTestSuite.execute(TestNGDirectoryTestSuite.java:94)
org.apache.maven.surefire.testng.TestNGProvider.invoke(TestNGProvider.java:145)
org.apache.maven.surefire.booter.ForkedBooter.runSuitesInProcess(ForkedBooter.java:428)
org.apache.maven.surefire.booter.ForkedBooter.execute(ForkedBooter.java:162)
org.apache.maven.surefire.booter.ForkedBooter.run(ForkedBooter.java:562)
org.apache.maven.surefire.booter.ForkedBooter.main(ForkedBooter.java:548) @02-02-2022 01:55:07.0688 AM
[ReportManager] Element Action [IdentifyUniqueElement] failed. With the following test data [zero elements found matching this locator "By.tagName: h3".]. @02-02-2022 01:55:07.0921 AM
[ReportManager] Successfully created attachment [Screenshot - 1643766907715_f16_IdentifyUniqueElement_failed] @02-02-2022 01:55:08.0003 AM
[ReportManager] Assertion [ValidateElementAttribute] FAILED. Expected [Value Should not be 'Welcome' for the 'text' attribute, element locator 'By.tagName: h3'] and Actual [Failed to read the desired element attribute]. Comparison Type [CONTAINS]. Validation Type [NEGATIVE]. @02-02-2022 01:55:08.0004 A
[ReportManager] Successfully Closed All Drivers. @02-02-2022 01:55:08.0370 A
[ReportManager] File Action [GetAbsolutePath] successfully performed. With the following test data [Relative Folder Path: "target/downloadedFiles/"]. @02-02-2022 01:55:08.0497 AM
[ReportManager] Attempting to run locally on: [Mac-64], [Safari], Headless Execution. @02-02-2022 01:55:08.0497 AM
[ReportManager] An Exception Occured with this Message: Could not start a new session. Possible causes are invalid address of the remote server or browser start-up failure.. @02-02-2022 01:55:08.0636 AM
[ReportManager] Successfully created attachment [Exception Stack Trace - org.openqa.selenium.SessionNotCreatedException] @02-02-2022 01:55:08.0682 AM
[ReportManager] Driver Factory Action [createNewLocalDriverInstanceForSafari] failed. With the following test data [Failed to create a session on DESKTOP_SAFARI]. @02-02-2022 01:55:08.0689 A

################################################################################################################################################
Starting Execution:	[101 out of 162] test cases in the current suite
Test Method:		[testPackage01.Test_NewValidationHelper.f17]
###############################################################################################################################################



################################################################################################################################################
Starting Execution:	[102 out of 162] test cases in the current suite
Test Method:		[testPackage01.Test_NewValidationHelper.f18]
###############################################################################################################################################


################################################################################################################################################
Starting Execution:	[103 out of 162] test cases in the current suite
Test Method:		[testPackage01.Test_NewValidationHelper.f2]
###############################################################################################################################################


################################################################################################################################################
Starting Execution:	[104 out of 162] test cases in the current suite
Test Method:		[testPackage01.Test_NewValidationHelper.f20]
###############################################################################################################################################



################################################################################################################################################
Starting Execution:	[105 out of 162] test cases in the current suite
Test Method:		[testPackage01.Test_NewValidationHelper.f21]
###############################################################################################################################################



################################################################################################################################################
Starting Execution:	[106 out of 162] test cases in the current suite
Test Method:		[testPackage01.Test_NewValidationHelper.f22]
###############################################################################################################################################


################################################################################################################################################
Starting Execution:	[107 out of 162] test cases in the current suite
Test Method:		[testPackage01.Test_NewValidationHelper.f23]
###############################################################################################################################################

################################################################################################################################################
Starting Execution:	[108 out of 162] test cases in the current suite
Test Method:		[testPackage01.Test_NewValidationHelper.f24]
###############################################################################################################################################

################################################################################################################################################
Starting Execution:	[109 out of 162] test cases in the current suite
Test Method:		[testPackage01.Test_NewValidationHelper.f25]
###############################################################################################################################################

################################################################################################################################################
Starting Execution:	[110 out of 162] test cases in the current suite
Test Method:		[testPackage01.Test_NewValidationHelper.f26]
###############################################################################################################################################

################################################################################################################################################
Starting Execution:	[111 out of 162] test cases in the current suite
Test Method:		[testPackage01.Test_NewValidationHelper.f27]
###############################################################################################################################################

################################################################################################################################################
Starting Execution:	[112 out of 162] test cases in the current suite
Test Method:		[testPackage01.Test_NewValidationHelper.f28]
###############################################################################################################################################

################################################################################################################################################
Starting Execution:	[113 out of 162] test cases in the current suite
Test Method:		[testPackage01.Test_NewValidationHelper.f29]
###############################################################################################################################################

################################################################################################################################################
Starting Execution:	[114 out of 162] test cases in the current suite
Test Method:		[testPackage01.Test_NewValidationHelper.f3]
###############################################################################################################################################

################################################################################################################################################
Starting Execution:	[115 out of 162] test cases in the current suite
Test Method:		[testPackage01.Test_NewValidationHelper.f30]
###############################################################################################################################################

################################################################################################################################################
Starting Execution:	[116 out of 162] test cases in the current suite
Test Method:		[testPackage01.Test_NewValidationHelper.f31]
###############################################################################################################################################

################################################################################################################################################
Starting Execution:	[117 out of 162] test cases in the current suite
Test Method:		[testPackage01.Test_NewValidationHelper.f32]
###############################################################################################################################################

################################################################################################################################################
Starting Execution:	[118 out of 162] test cases in the current suite
Test Method:		[testPackage01.Test_NewValidationHelper.f33]
###############################################################################################################################################

################################################################################################################################################
Starting Execution:	[119 out of 162] test cases in the current suite
Test Method:		[testPackage01.Test_NewValidationHelper.f34]
###############################################################################################################################################

################################################################################################################################################
Starting Execution:	[120 out of 162] test cases in the current suite
Test Method:		[testPackage01.Test_NewValidationHelper.f35]
###############################################################################################################################################

################################################################################################################################################
Starting Execution:	[121 out of 162] test cases in the current suite
Test Method:		[testPackage01.Test_NewValidationHelper.f36]
###############################################################################################################################################

################################################################################################################################################
Starting Execution:	[122 out of 162] test cases in the current suite
Test Method:		[testPackage01.Test_NewValidationHelper.f37]
###############################################################################################################################################

################################################################################################################################################
Starting Execution:	[123 out of 162] test cases in the current suite
Test Method:		[testPackage01.Test_NewValidationHelper.f3_1]
###############################################################################################################################################

################################################################################################################################################
Starting Execution:	[124 out of 162] test cases in the current suite
Test Method:		[testPackage01.Test_NewValidationHelper.f4]
###############################################################################################################################################

################################################################################################################################################
Starting Execution:	[125 out of 162] test cases in the current suite
Test Method:		[testPackage01.Test_NewValidationHelper.f5]
###############################################################################################################################################

################################################################################################################################################
Starting Execution:	[126 out of 162] test cases in the current suite
Test Method:		[testPackage01.Test_NewValidationHelper.f6]
###############################################################################################################################################

################################################################################################################################################
Starting Execution:	[127 out of 162] test cases in the current suite
Test Method:		[testPackage01.Test_NewValidationHelper.f6_1]
###############################################################################################################################################

################################################################################################################################################
Starting Execution:	[128 out of 162] test cases in the current suite
Test Method:		[testPackage01.Test_NewValidationHelper.f6_2]
###############################################################################################################################################

################################################################################################################################################
Starting Execution:	[129 out of 162] test cases in the current suite
Test Method:		[testPackage01.Test_NewValidationHelper.f7]
###############################################################################################################################################


################################################################################################################################################
Starting Execution:	[130 out of 162] test cases in the current suite
Test Method:		[testPackage01.Test_NewValidationHelper.f8]
###############################################################################################################################################



################################################################################################################################################
Starting Execution:	[131 out of 162] test cases in the current suite
Test Method:		[testPackage01.Test_NewValidationHelper.f9]
###############################################################################################################################################


################################################################################################################################################
Starting Execution:	[132 out of 162] test cases in the current suite
Test Method:		[testPackage01.Test_NewValidationHelper.forceFail]
###############################################################################################################################################

################################################################################################################################################
Starting Execution:	[133 out of 162] test cases in the current suite
Test Method:		[testPackage01.Test_NewValidationHelper.forceFail2]
###############################################################################################################################################

################################################################################################################################################
Starting Execution:	[134 out of 162] test cases in the current suite
Test Method:		[testPackage01.Test_JsonActions.f]
###############################################################################################################################################

################################################################################################################################################
Starting Execution:	[135 out of 162] test cases in the current suite
Test Method:		[testPackage01.Test_JsonActions.f2]
###############################################################################################################################################

################################################################################################################################################
Starting Execution:	[136 out of 162] test cases in the current suite
Test Method:		[testPackage01.Test_sendGraphqlRequest.sendGraphqlRequestUsingMutationAndVariables]
################################################################################################################################################
[ReportManager] GraphQl Request is being Performed with the Following Parameters [Service URL: https://api.spacex.land/graphql | Request Body: {"variables":"{\"name\": \"sherlock holmes\",\"rocket\": \"221B Baker Street\"}","query":"mutation ($name: String, $rocket: String) {\n  insert_users(objects: {name: $name, rocket: $rocket}) {\n    returning {\n      name\n      rocket\n    }\n  }\n}"}] @02-02-2022 01:55:14.0189 AM
[ReportManager] Response status code: [200], status line: [HTTP/1.1 200 OK] @02-02-2022 01:55:15.0242 AM
[ReportManager] Assertion Passed: Evaluating the actual response status code against the expected one... @02-02-2022 01:55:15.0243 AM
[ReportManager] Assertion [ValidateComparativeRelation] PASSED. Expected [200] and Actual [200]. Comparison Type [EQUALS]. Validation Type [POSITIVE]. @02-02-2022 01:55:15.0243 AM
[ReportManager] API Action [PerformRequest] successfully performed. With the following test data [Request Type: "POST" | Target Status Code: "200" | Service URL: "https://api.spacex.land/graphql" | Content Type: "application/json" | Response Time: "649ms"]. @02-02-2022 01:55:15.0275 AM
[ReportManager] Successfully created attachment [API Request - Specifications] @02-02-2022 01:55:15.0356 AM
[ReportManager] Successfully created attachment [API Request - JSON Body] @02-02-2022 01:55:15.0398 AM
[ReportManager] Successfully created attachment [API Response - JSON Body] @02-02-2022 01:55:15.0480 AM
[ReportManager] API Action [GetResponseJSONValue] successfully performed. With the following test data [data.insert_users.returning[0].name]. @02-02-2022 01:55:16.0665 AM
[ReportManager] Assertion [ValidateEquals] PASSED. Expected [sherlock holmes] and Actual [sherlock holmes]. Comparison Type [EQUALS]. Validation Type [POSITIVE]. @02-02-2022 01:55:16.0665 A

################################################################################################################################################
Starting Execution:	[137 out of 162] test cases in the current suite
Test Method:		[testPackage01.Test_sendGraphqlRequest.sendGraphqlRequestUsingQuery]
################################################################################################################################################
[ReportManager] GraphQl Request is being Performed with the Following Parameters [Service URL: https://api.spacex.land/graphql | Request Body: {"query":"{company {ceo}}"}] @02-02-2022 01:55:16.0790 AM
[ReportManager] Response status code: [200], status line: [HTTP/1.1 200 OK] @02-02-2022 01:55:17.0091 AM
[ReportManager] Assertion Passed: Evaluating the actual response status code against the expected one... @02-02-2022 01:55:17.0091 AM
[ReportManager] Assertion [ValidateComparativeRelation] PASSED. Expected [200] and Actual [200]. Comparison Type [EQUALS]. Validation Type [POSITIVE]. @02-02-2022 01:55:17.0092 AM
[ReportManager] API Action [PerformRequest] successfully performed. With the following test data [Request Type: "POST" | Target Status Code: "200" | Service URL: "https://api.spacex.land/graphql" | Content Type: "application/json" | Response Time: "295ms"]. @02-02-2022 01:55:17.0105 AM
[ReportManager] Successfully created attachment [API Request - Specifications] @02-02-2022 01:55:17.0150 AM
[ReportManager] Successfully created attachment [API Request - JSON Body] @02-02-2022 01:55:17.0232 AM
[ReportManager] Successfully created attachment [API Response - JSON Body] @02-02-2022 01:55:17.0273 AM
[ReportManager] API Action [GetResponseJSONValue] successfully performed. With the following test data [data.company.ceo]. @02-02-2022 01:55:17.0286 AM
[ReportManager] Assertion [ValidateEquals] PASSED. Expected [Elon Musk] and Actual [Elon Musk]. Comparison Type [EQUALS]. Validation Type [POSITIVE]. @02-02-2022 01:55:17.0286 A

################################################################################################################################################
Starting Execution:	[138 out of 162] test cases in the current suite
Test Method:		[testPackage01.Test_MatchJsonSchema.checkAPI_ResponseSchema]
################################################################################################################################################
[ReportManager] Response status code: [200], status line: [HTTP/1.1 200 OK] @02-02-2022 01:55:17.0545 AM
[ReportManager] Assertion Passed: Evaluating the actual response status code against the expected one... @02-02-2022 01:55:17.0545 AM
[ReportManager] Assertion [ValidateComparativeRelation] PASSED. Expected [200] and Actual [200]. Comparison Type [EQUALS]. Validation Type [POSITIVE]. @02-02-2022 01:55:17.0546 AM
[ReportManager] API Action [PerformRequest] successfully performed. With the following test data [Request Type: "GET" | Target Status Code: "200" | Service URL: "http://api.zippopotam.us/us/90210" | Content Type: "*/*" | Response Time: "127ms"]. @02-02-2022 01:55:17.0560 AM
[ReportManager] Successfully created attachment [API Request - Specifications] @02-02-2022 01:55:17.0601 AM
[ReportManager] Successfully created attachment [API Response - JSON Body] @02-02-2022 01:55:17.0683 AM
[ReportManager] File Action [GetAbsolutePath] successfully performed. With the following test data [Relative Folder Path: "src/test/resources/testDataFiles/schema.json"]. @02-02-2022 01:55:17.0684 AM
[ReportManager] File Action [GetAbsolutePath] successfully performed. With the following test data [Relative Folder Path: "/Users/runner/work/SHAFT_ENGINE/SHAFT_ENGINE/src/test/resources/testDataFiles/schema.json"]. @02-02-2022 01:55:39.0832 AM
[ReportManager] File Action [ReadFromFile] successfully performed. With the following test data [File Path: "/Users/runner/work/SHAFT_ENGINE/SHAFT_ENGINE/src/test/resources/testDataFiles/schema.json"]. @02-02-2022 01:55:39.0833 AM
[ReportManager] Assertion Passed: Then I Assert that the API response schema matches that in this file [src/test/resources/testDataFiles/schema.json]. @02-02-2022 01:55:39.0834 AM
[ReportManager] Successfully created attachment [Validation Test Data - Expected JSON Value] @02-02-2022 01:55:39.0916 AM
[ReportManager] Successfully created attachment [Validation Test Data - Actual JSON Value] @02-02-2022 01:55:39.0957 AM
[ReportManager] Assertion [ValidateResponseFileSchema] PASSED. Expected [Response data should match the JSON File in this path '/Users/runner/work/SHAFT_ENGINE/SHAFT_ENGINE/src/test/resources/testDataFiles/schema.json'] and Actual [TRUE]. Comparison Type [EQUALS]. Validation Type [POSITIVE]. @02-02-2022 01:55:39.0957 A
[ReportManager] File Action [GetAbsolutePath] successfully performed. With the following test data [Relative Folder Path: "target/downloadedFiles/"]. @02-02-2022 01:55:40.0082 AM
[ReportManager] Attempting to run locally on: [Mac-64], [Safari], Headless Execution. @02-02-2022 01:55:40.0082 AM
[ReportManager] Successfully Opened Safari. @02-02-2022 01:55:40.0982 AM
[ReportManager] Initial window size: (800, 600) @02-02-2022 01:55:41.0021 AM
[ReportManager] Window size after SWD Maximize: (1176, 803) @02-02-2022 01:55:41.0049 AM
[ReportManager] Browser Action [MaximizeWindow] successfully performed. With the following test data [New screen size is now: (1176, 803)]. @02-02-2022 01:55:41.0050 A

################################################################################################################################################
Starting Execution:	[139 out of 162] test cases in the current suite
Test Method:		[testPackage01.Test_dragAndDrop.dragAndDropJquery]
################################################################################################################################################
[ReportManager] Target URL: [https://jqueryui.com/resources/demos/droppable/default.html] @02-02-2022 01:55:41.0175 AM
[ReportManager] Initial URL: [] @02-02-2022 01:55:41.0212 AM
[ReportManager] Browser Action [NavigateToURL] successfully performed. With the following test data [https://jqueryui.com/resources/demos/droppable/default.html]. @02-02-2022 01:55:41.0850 AM
[ReportManager] Element Action [GetText] successfully performed. With the following test data [
	Drop here
]. @02-02-2022 01:55:41.0901 AM
[ReportManager] Element Action [DragAndDrop] successfully performed. With the following test data [Start point: (8, 18), End point: (8, 18)]. @02-02-2022 01:55:43.0076 AM
[ReportManager] Element Action [GetText] successfully performed. With the following test data [
	Dropped!
]. @02-02-2022 01:55:43.0115 AM
[ReportManager] Assertion Passed: Checking to see if the text has changed after performing drag and drop @02-02-2022 01:55:43.0115 AM
[ReportManager] Assertion [ValidateEquals] PASSED. Expected [
	Drop here
] and Actual [
	Dropped!
]. Comparison Type [EQUALS]. Validation Type [NEGATIVE]. @02-02-2022 01:55:43.0115 A
[ReportManager] Browser Action [CloseCurrentWindow] successfully performed. @02-02-2022 01:55:43.0421 AM
[ReportManager] Successfully created attachment [Browser Action Test Data - CloseCurrentWindow - Actual Value] @02-02-2022 01:55:43.0463 A
[ReportManager] File Action [GetAbsolutePath] successfully performed. With the following test data [Relative Folder Path: "target/downloadedFiles/"]. @02-02-2022 01:55:43.0588 AM
[ReportManager] Attempting to run locally on: [Mac-64], [Safari], Headless Execution. @02-02-2022 01:55:43.0588 AM
[ReportManager] Successfully Opened Safari. @02-02-2022 01:55:44.0446 AM
[ReportManager] Initial window size: (800, 600) @02-02-2022 01:55:44.0454 AM
[ReportManager] Window size after SWD Maximize: (1176, 803) @02-02-2022 01:55:44.0482 AM
[ReportManager] Browser Action [MaximizeWindow] successfully performed. With the following test data [New screen size is now: (1176, 803)]. @02-02-2022 01:55:44.0482 A

################################################################################################################################################
Starting Execution:	[140 out of 162] test cases in the current suite
Test Method:		[testPackage01.Test_dragAndDrop.dragAndDrop]
Test Description:	[TC001 - Test Drag and Drop function.]
################################################################################################################################################
[ReportManager] Target URL: [http://the-internet.herokuapp.com/drag_and_drop] @02-02-2022 01:55:44.0608 AM
[ReportManager] Initial URL: [] @02-02-2022 01:55:44.0638 AM
[ReportManager] Browser Action [NavigateToURL] successfully performed. With the following test data [http://the-internet.herokuapp.com/drag_and_drop]. @02-02-2022 01:55:45.0715 AM
[ReportManager] Attempting Drag and Drop @02-02-2022 01:55:45.0715 AM
[ReportManager] Element Action [DragAndDrop] successfully performed. With the following test data [Start point: (120, 89), End point: (335, 89)]. @02-02-2022 01:55:46.0360 A
[ReportManager] Browser Action [CloseCurrentWindow] successfully performed. @02-02-2022 01:55:46.0921 AM
[ReportManager] Successfully created attachment [Browser Action Test Data - CloseCurrentWindow - Actual Value] @02-02-2022 01:55:46.0962 A
[ReportManager] File Action [GetAbsolutePath] successfully performed. With the following test data [Relative Folder Path: "target/downloadedFiles/"]. @02-02-2022 01:55:47.0091 AM
[ReportManager] Attempting to run locally on: [Mac-64], [Safari], Headless Execution. @02-02-2022 01:55:47.0091 AM
[ReportManager] Successfully Opened Safari. @02-02-2022 01:55:47.0924 AM
[ReportManager] Initial window size: (800, 600) @02-02-2022 01:55:47.0947 AM
[ReportManager] Window size after SWD Maximize: (1176, 803) @02-02-2022 01:55:47.0961 AM
[ReportManager] Browser Action [MaximizeWindow] successfully performed. With the following test data [New screen size is now: (1176, 803)]. @02-02-2022 01:55:47.0961 A

################################################################################################################################################
Starting Execution:	[141 out of 162] test cases in the current suite
Test Method:		[testPackage01.Test_dragAndDrop.dragAndDropByOffset]
Test Description:	[TC002 - Test Drag and Drop by offset function.]
################################################################################################################################################
[ReportManager] Target URL: [https://jqueryui.com/resources/demos/draggable/default.html] @02-02-2022 01:55:48.0091 AM
[ReportManager] Initial URL: [] @02-02-2022 01:55:48.0125 AM
[ReportManager] Browser Action [NavigateToURL] successfully performed. With the following test data [https://jqueryui.com/resources/demos/draggable/default.html]. @02-02-2022 01:55:48.0643 AM
[ReportManager] Element Action [DragAndDropByOffset] successfully performed. With the following test data [Start point: (8, 8), End point: (108, 58)]. @02-02-2022 01:55:49.0440 A
[ReportManager] Browser Action [CloseCurrentWindow] successfully performed. @02-02-2022 01:55:49.0977 AM
[ReportManager] Successfully created attachment [Browser Action Test Data - CloseCurrentWindow - Actual Value] @02-02-2022 01:55:50.0018 A
[ReportManager] Successfully loaded the following test data file [src/test/resources/testDataFiles/testSuite01/TestData.xlsx]. @02-02-2022 01:55:50.0195 AM
[ReportManager] Successfully created attachment [Test Data - Excel] @02-02-2022 01:55:50.0236 AM
[ReportManager] File Action [GetAbsolutePath] successfully performed. With the following test data [Relative Folder Path: "target/downloadedFiles/"]. @02-02-2022 01:55:50.0236 AM
[ReportManager] Attempting to run locally on: [Mac-64], [Safari], Headless Execution. @02-02-2022 01:55:50.0237 AM
[ReportManager] Successfully Opened Safari. @02-02-2022 01:55:51.0109 AM
[ReportManager] Initial window size: (800, 600) @02-02-2022 01:55:51.0122 AM
[ReportManager] Window size after SWD Maximize: (1176, 803) @02-02-2022 01:55:51.0206 AM
[ReportManager] Browser Action [MaximizeWindow] successfully performed. With the following test data [New screen size is now: (1176, 803)]. @02-02-2022 01:55:51.0206 A

################################################################################################################################################
Starting Execution:	[142 out of 162] test cases in the current suite
Test Method:		[testPackage01.Test_google.navigateToURLandVerifyGoogleLogoIsDisplayed]
Test Description:	[TC001 - Navigate to URL and Verify Google Logo is Displayed]
################################################################################################################################################
[ReportManager] Target URL: [https://www.google.com/ncr], and after redirection: [https://www.google.com] @02-02-2022 01:55:51.0250 AM
[ReportManager] Initial URL: [] @02-02-2022 01:55:51.0326 AM
[ReportManager] Browser Action [NavigateToURL] successfully performed. With the following test data [https://www.google.com/ncr]. @02-02-2022 01:55:53.0735 AM
[ReportManager] Assertion Passed: Then I Assert that the element found by [By.xpath: //*[@id='hplogo' or @alt='Google']] exists. @02-02-2022 01:55:54.0170 AM
[ReportManager] Successfully created attachment [Screenshot - 1643766953972_navigateToURLandVerifyGoogleLogoIsDisplayed_ValidateElementExists_passed] @02-02-2022 01:55:54.0256 AM
[ReportManager] Assertion [ValidateElementExists] PASSED. Expected [Element Should Exist, locator 'By.xpath: //*[@id='hplogo' or @alt='Google']'] and Actual [Element Exists]. Comparison Type [EQUALS]. Validation Type [POSITIVE]. @02-02-2022 01:55:54.0256 A

################################################################################################################################################
Starting Execution:	[143 out of 162] test cases in the current suite
Test Method:		[testPackage01.Test_google.searchForQueryandAssertResultsNumDisplayed]
Test Description:	[TC002 - Search for Query and Assert that the number of results is displayed]
################################################################################################################################################
[ReportManager] Element Action [Type] successfully performed. With the following test data [SHAFT_Engine]. @02-02-2022 01:55:54.0706 AM
[ReportManager] Element Action [KeyPress] successfully performed. With the following test data [Enter]. @02-02-2022 01:55:54.0765 AM
[ReportManager] Element Action [GetText] successfully performed. With the following test data [About 793,000 results (0.92 seconds)Quick SettingsSee all settingsPrivacySearch historyYour data in SearchUsing SearchExplicit results filterLearn more about SafeSearchHide explicit resultsLanguagesEnglishAdvanced searchAppearanceLight themeDark themeDevice defaultSupportSearch help]. @02-02-2022 01:55:56.0410 AM
[ReportManager] Assertion Passed: Then I Assert that the element found by [By.id: appbar] text does not equal []. @02-02-2022 01:55:57.0011 AM
[ReportManager] Successfully created attachment [Screenshot - 1643766956831_searchForQueryandAssertResultsNumDisplayed_ValidateElementAttribute_passed] @02-02-2022 01:55:57.0095 AM
[ReportManager] Assertion [ValidateElementAttribute] PASSED. Expected [Value Should not be '' for the 'text' attribute, element locator 'By.id: appbar'] and Actual [About 793,000 results (0.92 seconds)Quick SettingsSee all settingsPrivacySearch historyYour data in SearchUsing SearchExplicit results filterLearn more about SafeSearchHide explicit resultsLanguagesEnglishAdvanced searchAppearanceLight themeDark themeDevice defaultSupportSearch help]. Comparison Type [EQUALS]. Validation Type [NEGATIVE]. @02-02-2022 01:55:57.0095 A

################################################################################################################################################
Starting Execution:	[144 out of 162] test cases in the current suite
Test Method:		[testPackage01.Test_google.clickNextThrice]
Test Description:	[TC003 - Clicks the next button to make sure that the framework can scroll element into view before clicking it]
################################################################################################################################################
[ReportManager] Element Action [Click] successfully performed. With the following test data [By.xpath: //span[text()='Next']]. @02-02-2022 01:55:57.0422 A
[ReportManager] Successfully Closed All Drivers. @02-02-2022 01:55:57.0830 A
[ReportManager] File Action [GetAbsolutePath] successfully performed. With the following test data [Relative Folder Path: "target/downloadedFiles/"]. @02-02-2022 01:55:57.0873 AM
[ReportManager] Attempting to run locally on: [Mac-64], [Safari], Headless Execution. @02-02-2022 01:55:57.0873 AM
[ReportManager] Successfully Opened Safari. @02-02-2022 01:55:58.0704 AM
[ReportManager] Initial window size: (800, 600) @02-02-2022 01:55:58.0729 AM
[ReportManager] Window size after SWD Maximize: (1176, 803) @02-02-2022 01:55:58.0746 AM
[ReportManager] Browser Action [MaximizeWindow] successfully performed. With the following test data [New screen size is now: (1176, 803)]. @02-02-2022 01:55:58.0747 A

################################################################################################################################################
Starting Execution:	[145 out of 162] test cases in the current suite
Test Method:		[testPackage01.Test_chainableElementActions.chainElementActions]
################################################################################################################################################
[ReportManager] Target URL: [https://www.google.com/ncr], and after redirection: [https://www.google.com] @02-02-2022 01:55:58.0871 AM
[ReportManager] Initial URL: [] @02-02-2022 01:55:58.0902 AM
[ReportManager] Browser Action [NavigateToURL] successfully performed. With the following test data [https://www.google.com/ncr]. @02-02-2022 01:56:00.0905 AM
[ReportManager] Element Action [Type] successfully performed. With the following test data [chained type 1]. @02-02-2022 01:56:01.0393 AM
[ReportManager] Element Action [Type] successfully performed. With the following test data [chained type 2]. @02-02-2022 01:56:01.0709 AM
[ReportManager] Element Action [TypeAppend] successfully performed. With the following test data [345]. @02-02-2022 01:56:01.0822 AM
[ReportManager] Element Action [GetText] successfully performed. With the following test data [chained type 2345]. @02-02-2022 01:56:01.0920 AM
[ReportManager] Assertion Passed: Then I Assert that the element found by [By.name: q] text is equal to [chained type 2345]. @02-02-2022 01:56:02.0293 AM
[ReportManager] Successfully created attachment [Screenshot - 1643766962070_chainElementActions_ValidateElementAttribute_passed] @02-02-2022 01:56:02.0385 AM
[ReportManager] Assertion [ValidateElementAttribute] PASSED. Expected [Value Should be 'chained type 2345' for the 'text' attribute, element locator 'By.name: q'] and Actual [chained type 2345]. Comparison Type [EQUALS]. Validation Type [POSITIVE]. @02-02-2022 01:56:02.0385 A
[ReportManager] Successfully Closed All Drivers. @02-02-2022 01:56:02.0920 A
[ReportManager] File Action [GetAbsolutePath] successfully performed. With the following test data [Relative Folder Path: "target/downloadedFiles/"]. @02-02-2022 01:56:03.0045 AM
[ReportManager] Attempting to run locally on: [Mac-64], [Safari], Headless Execution. @02-02-2022 01:56:03.0045 AM
[ReportManager] Successfully Opened Safari. @02-02-2022 01:56:03.0904 AM
[ReportManager] Initial window size: (800, 600) @02-02-2022 01:56:03.0943 AM
[ReportManager] Window size after SWD Maximize: (1176, 803) @02-02-2022 01:56:03.0995 AM
[ReportManager] Browser Action [MaximizeWindow] successfully performed. With the following test data [New screen size is now: (1176, 803)]. @02-02-2022 01:56:03.0995 A

################################################################################################################################################
Starting Execution:	[146 out of 162] test cases in the current suite
Test Method:		[testPackage01.Test_RelativeLocators.relativeLocatorsTest1]
################################################################################################################################################
[ReportManager] Target URL: [https://duckduckgo.com/] @02-02-2022 01:56:04.0166 AM
[ReportManager] Initial URL: [] @02-02-2022 01:56:04.0204 AM
[ReportManager] Browser Action [NavigateToURL] successfully performed. With the following test data [https://duckduckgo.com/]. @02-02-2022 01:56:05.0379 AM
[ReportManager] Element Action [Type] successfully performed. With the following test data [SHAFT_Engine]. @02-02-2022 01:56:05.0655 AM
[ReportManager] Element Action [KeyPress] successfully performed. With the following test data [ENTER]. @02-02-2022 01:56:05.0735 AM
[ReportManager] Element Action [GetText] successfully performed. With the following test data [GitHub - MohabMohie/SHAFT_ENGINE: SHAFT_ENGINE is a Test ...]. @02-02-2022 01:56:07.0529 AM
[ReportManager] Assertion Passed: Then I Assert that the element found by [Relative Locator: {root={xpath=//a[@class='result__a js-result-title-link']}, filters=[{kind=below, args=[{xpath=//input[@name='q']}]}]}] text does not equal []. @02-02-2022 01:56:07.0973 AM
[ReportManager] Successfully created attachment [Screenshot - 1643766967744_relativeLocatorsTest1_ValidateElementAttribute_passed] @02-02-2022 01:56:08.0099 AM
[ReportManager] Assertion [ValidateElementAttribute] PASSED. Expected [Value Should not be '' for the 'text' attribute, element locator '[unknown locator]'] and Actual [GitHub - MohabMohie/SHAFT_ENGINE: SHAFT_ENGINE is a Test ...]. Comparison Type [EQUALS]. Validation Type [NEGATIVE]. @02-02-2022 01:56:08.0099 A
[ReportManager] Browser Action [CloseCurrentWindow] successfully performed. @02-02-2022 01:56:08.0618 AM
[ReportManager] Successfully created attachment [Browser Action Test Data - CloseCurrentWindow - Actual Value] @02-02-2022 01:56:08.0726 A

################################################################################################################################################
Starting Execution:	[147 out of 162] test cases in the current suite
Test Method:		[testPackage01.Test_JsonCompareWithSpecialCharacters.specialCharacters]
################################################################################################################################################
[ReportManager] File Action [GetAbsolutePath] successfully performed. With the following test data [Relative Folder Path: "src/test/resources/testDataFiles/specialCharacters.json"]. @02-02-2022 01:56:08.0972 AM
[ReportManager] File Action [ReadFromFile] successfully performed. With the following test data [File Path: "/Users/runner/work/SHAFT_ENGINE/SHAFT_ENGINE/src/test/resources/testDataFiles/specialCharacters.json"]. @02-02-2022 01:56:08.0973 AM
[ReportManager] Successfully created attachment [File Action Actual Result - Command Log] @02-02-2022 01:56:09.0092 AM
[ReportManager] Comparing the provided API response with the file at this path "src/test/resources/testDataFiles/specialCharacters.json", comparison type "EQUALS" @02-02-2022 01:56:09.0095 AM
[ReportManager] API Action [CompareJSON] successfully performed. With the following test data [src/test/resources/testDataFiles/specialCharacters.json]. @02-02-2022 01:56:09.0103 AM
[ReportManager] File Action [GetAbsolutePath] successfully performed. With the following test data [Relative Folder Path: "src/test/resources/testDataFiles/specialCharacters.json"]. @02-02-2022 01:56:09.0104 AM
[ReportManager] File Action [ReadFromFile] successfully performed. With the following test data [File Path: "/Users/runner/work/SHAFT_ENGINE/SHAFT_ENGINE/src/test/resources/testDataFiles/specialCharacters.json"]. @02-02-2022 01:56:09.0104 AM
[ReportManager] Verification [ValidateJSONFileContent] PASSED. Expected [Response data should match the JSON File in this path 'src/test/resources/testDataFiles/specialCharacters.json'] and Actual [TRUE]. Comparison Type [EQUALS]. Validation Type [POSITIVE]. @02-02-2022 01:56:09.0110 AM
[ReportManager] Successfully created attachment [Validation Test Data - Expected JSON Value] @02-02-2022 01:56:09.0213 AM
[ReportManager] Successfully created attachment [Validation Test Data - Actual JSON Value] @02-02-2022 01:56:09.0334 A

################################################################################################################################################
Starting Execution:	[148 out of 162] test cases in the current suite
Test Method:		[testPackage01.Test_JsonCompareWithSpecialCharacters.specialCharacters_assertion]
################################################################################################################################################
[ReportManager] File Action [GetAbsolutePath] successfully performed. With the following test data [Relative Folder Path: "src/test/resources/testDataFiles/specialCharacters.json"]. @02-02-2022 01:56:09.0620 AM
[ReportManager] File Action [ReadFromFile] successfully performed. With the following test data [File Path: "/Users/runner/work/SHAFT_ENGINE/SHAFT_ENGINE/src/test/resources/testDataFiles/specialCharacters.json"]. @02-02-2022 01:56:09.0621 AM
[ReportManager] Successfully created attachment [File Action Actual Result - Command Log] @02-02-2022 01:56:09.0737 AM
[ReportManager] Comparing the provided API response with the file at this path "src/test/resources/testDataFiles/specialCharacters.json", comparison type "CONTAINS" @02-02-2022 01:56:09.0738 AM
[ReportManager] API Action [CompareJSON] successfully performed. With the following test data [src/test/resources/testDataFiles/specialCharacters.json]. @02-02-2022 01:56:09.0747 AM
[ReportManager] File Action [GetAbsolutePath] successfully performed. With the following test data [Relative Folder Path: "src/test/resources/testDataFiles/specialCharacters.json"]. @02-02-2022 01:56:09.0747 AM
[ReportManager] File Action [ReadFromFile] successfully performed. With the following test data [File Path: "/Users/runner/work/SHAFT_ENGINE/SHAFT_ENGINE/src/test/resources/testDataFiles/specialCharacters.json"]. @02-02-2022 01:56:09.0748 AM
[ReportManager] Assertion Passed: trying out the log message @02-02-2022 01:56:09.0752 AM
[ReportManager] Successfully created attachment [Validation Test Data - Expected JSON Value] @02-02-2022 01:56:09.0862 AM
[ReportManager] Successfully created attachment [Validation Test Data - Actual JSON Value] @02-02-2022 01:56:09.0983 AM
[ReportManager] Assertion [ValidateJSONFileContent] PASSED. Expected [Response data should match the JSON File in this path 'src/test/resources/testDataFiles/specialCharacters.json'] and Actual [TRUE]. Comparison Type [CONTAINS]. Validation Type [POSITIVE]. @02-02-2022 01:56:09.0983 A

################################################################################################################################################
Starting Execution:	[149 out of 162] test cases in the current suite
Test Method:		[testPackage01.Test_SkipDueToIssue.doNotSkip]
################################################################################################################################################
[ReportManager] This should not be skipped. @02-02-2022 01:56:10.0229 A

################################################################################################################################################
Starting Execution:	[150 out of 162] test cases in the current suite
Test Method:		[testPackage01.Test_SkipDueToIssue.skip]
################################################################################################################################################
[ReportManager] This should be skipped. @02-02-2022 01:56:10.0480 A

################################################################################################################################################
Starting Execution:	[151 out of 162] test cases in the current suite
Test Method:		[testPackage01.Test_SkipDueToIssue.skip2]
################################################################################################################################################
[ReportManager] This should be skipped. @02-02-2022 01:56:10.0721 A

################################################################################################################################################
Starting Execution:	[152 out of 162] test cases in the current suite
Test Method:		[testPackage01.Test_JSONFileManager.readStringFromJson]
################################################################################################################################################
[ReportManager] File Action [GetAbsolutePath] successfully performed. With the following test data [Relative Folder Path: "src/test/resources/testDataFiles/simpleJSON.json"]. @02-02-2022 01:56:11.0093 AM
[ReportManager] Successfully loaded the following test data file [src/test/resources/testDataFiles/simpleJSON.json]. @02-02-2022 01:56:11.0094 AM
[ReportManager] Successfully created attachment [Test Data - JSON] @02-02-2022 01:56:11.0214 AM
[ReportManager] File Action [GetAbsolutePath] successfully performed. With the following test data [Relative Folder Path: "src/test/resources/testDataFiles/simpleJSON.json"]. @02-02-2022 01:56:11.0215 AM
[ReportManager] Assertion [ValidateEquals] PASSED. Expected [Mohab Mohie] and Actual [Mohab Mohie]. Comparison Type [EQUALS]. Validation Type [POSITIVE]. @02-02-2022 01:56:11.0351 A
[ReportManager] File Action [GetAbsolutePath] successfully performed. With the following test data [Relative Folder Path: "target/downloadedFiles/"]. @02-02-2022 01:56:11.0582 AM
[ReportManager] Attempting to run locally on: [Mac-64], [Safari], Headless Execution. @02-02-2022 01:56:11.0582 AM
[ReportManager] Successfully Opened Safari. @02-02-2022 01:56:12.0444 AM
[ReportManager] Initial window size: (800, 600) @02-02-2022 01:56:12.0463 AM
[ReportManager] Window size after SWD Maximize: (1176, 803) @02-02-2022 01:56:12.0500 AM
[ReportManager] Browser Action [MaximizeWindow] successfully performed. With the following test data [New screen size is now: (1176, 803)]. @02-02-2022 01:56:12.0500 A

################################################################################################################################################
Starting Execution:	[153 out of 162] test cases in the current suite
Test Method:		[testPackage01.Test_assertEquals.test_assertElementAttribute]
################################################################################################################################################
[ReportManager] Target URL: [https://www.google.com/ncr], and after redirection: [https://www.google.com] @02-02-2022 01:56:12.0566 AM
[ReportManager] Initial URL: [] @02-02-2022 01:56:12.0602 AM
[ReportManager] Browser Action [NavigateToURL] successfully performed. With the following test data [https://www.google.com/ncr]. @02-02-2022 01:56:14.0394 AM
[ReportManager] Element Action [Type] successfully performed. With the following test data [INC_004010050:Another SCHEDULER with the same name [Duplicate Job Name] already exists.]. @02-02-2022 01:56:16.0298 AM
[ReportManager] Element Action [GetText] successfully performed. With the following test data [INC_004010050:Another SCHEDULER with the same name [Duplicate Job Name] already exists.]. @02-02-2022 01:56:16.0396 AM
[ReportManager] Assertion [ValidateElementAttribute] PASSED. Expected [Value Should be 'INC_004010050:Another SCHEDULER with the same name \[Duplicate Job Name\] already exists.' for the 'text' attribute, element locator 'By.name: q'] and Actual [INC_004010050:Another SCHEDULER with the same name [Duplicate Job Name] already exists.]. Comparison Type [MATCHES]. Validation Type [POSITIVE]. @02-02-2022 01:56:16.0746 AM
[ReportManager] Successfully created attachment [Screenshot - 1643766976547_test_assertElementAttribute_ValidateElementAttribute_passed] @02-02-2022 01:56:16.0830 A
[ReportManager] Browser Action [CloseCurrentWindow] successfully performed. @02-02-2022 01:56:17.0169 AM
[ReportManager] Successfully created attachment [Browser Action Test Data - CloseCurrentWindow - Actual Value] @02-02-2022 01:56:17.0210 A
[ReportManager] File Action [GetAbsolutePath] successfully performed. With the following test data [Relative Folder Path: "target/downloadedFiles/"]. @02-02-2022 01:56:17.0293 AM
[ReportManager] Attempting to run locally on: [Mac-64], [Safari], Headless Execution. @02-02-2022 01:56:17.0293 AM
[ReportManager] Successfully Opened Safari. @02-02-2022 01:56:18.0154 AM
[ReportManager] Initial window size: (800, 600) @02-02-2022 01:56:18.0182 AM
[ReportManager] Window size after SWD Maximize: (1176, 803) @02-02-2022 01:56:18.0205 AM
[ReportManager] Browser Action [MaximizeWindow] successfully performed. With the following test data [New screen size is now: (1176, 803)]. @02-02-2022 01:56:18.0206 A

################################################################################################################################################
Starting Execution:	[154 out of 162] test cases in the current suite
Test Method:		[testPackage01.Test_IsElementClickable.testIsElementClickable]
################################################################################################################################################
[ReportManager] Target URL: [https://the-internet.herokuapp.com/] @02-02-2022 01:56:18.0333 AM
[ReportManager] Initial URL: [] @02-02-2022 01:56:18.0370 AM
[ReportManager] Browser Action [NavigateToURL] successfully performed. With the following test data [https://the-internet.herokuapp.com/]. @02-02-2022 01:56:19.0581 AM
[ReportManager] Element Action [IsElementClickable] successfully performed. @02-02-2022 01:56:19.0700 AM
[ReportManager] Assertion [ValidateTrue] PASSED. Expected [TRUE] and Actual [TRUE]. Validation Type [POSITIVE]. @02-02-2022 01:56:19.0700 A
[ReportManager] Browser Action [CloseCurrentWindow] successfully performed. @02-02-2022 01:56:20.0262 AM
[ReportManager] Successfully created attachment [Browser Action Test Data - CloseCurrentWindow - Actual Value] @02-02-2022 01:56:20.0303 A
[ReportManager] Successfully loaded the following test data file [src/test/resources/testDataFiles/testSuite01/TestData.xlsx]. @02-02-2022 01:56:20.0463 AM
[ReportManager] Successfully created attachment [Test Data - Excel] @02-02-2022 01:56:20.0545 AM
[ReportManager] Attempting to run using Playwright locally on: [Mac-64], [Safari], Headless Execution. @02-02-2022 01:57:51.0250 AM
[ReportManager] File Action [GetAbsolutePath] successfully performed. With the following test data [Relative Folder Path: "target/downloadedFiles/"]. @02-02-2022 01:57:51.0251 AM
[ReportManager] Initial window size: (1280, 720) @02-02-2022 01:57:56.0809 AM
[ReportManager] Window size after Toolkit: com.microsoft.playwright.options.ViewportSize@2ecf57c9 @02-02-2022 01:57:56.0818 AM
[ReportManager] Browser Action [MaximizeWindow] successfully performed. With the following test data [New screen size is now: (1920, 1080)]. @02-02-2022 01:57:56.0819 A

################################################################################################################################################
Starting Execution:	[155 out of 162] test cases in the current suite
Test Method:		[testPackage01.Test_google_playwright.navigateToURLandVerifyGoogleLogoIsDisplayed]
Test Description:	[TC001 - Navigate to URL and Verify Google Logo is Displayed]
################################################################################################################################################
[ReportManager] Target URL: [https://www.google.com/ncr], and after redirection: [https://www.google.com] @02-02-2022 01:57:56.0822 AM
[ReportManager] Initial URL: [about:blank] @02-02-2022 01:57:57.0413 AM
[ReportManager] Browser Action [NavigateToURL] successfully performed. With the following test data [https://www.google.com/ncr]. @02-02-2022 01:58:00.0142 AM
[ReportManager] Assertion [ValidateElementExists] PASSED. Expected [Element Should Exist, locator 'xpath=//*[@id='hplogo' or @alt='Google']'] and Actual [Element Exists]. Comparison Type [EQUALS]. Validation Type [POSITIVE]. @02-02-2022 01:58:00.0418 AM
[ReportManager] Successfully created attachment [Screenshot - 1643767080297_navigateToURLandVerifyGoogleLogoIsDisplayed_ValidateElementExists_passed] @02-02-2022 01:58:00.0420 A

################################################################################################################################################
Starting Execution:	[156 out of 162] test cases in the current suite
Test Method:		[testPackage01.Test_google_playwright.searchForQueryandAssertResultsNumDisplayed]
Test Description:	[TC002 - Search for Query and Assert that the number of results is displayed]
################################################################################################################################################
[ReportManager] Element Action [Type] successfully performed. With the following test data [SHAFT_Engine]. @02-02-2022 01:58:00.0710 AM
[ReportManager] Element Action [KeyPress] successfully performed. With the following test data [Enter]. @02-02-2022 01:58:00.0743 AM
[ReportManager] Element Action [GetText] successfully performed. With the following test data [About 793,000 results (0.83 seconds)
]. @02-02-2022 01:58:02.0391 AM
[ReportManager] Assertion [ValidateElementAttribute] PASSED. Expected [Value Should not be '' for the 'text' attribute, element locator 'xpath=//div[@id='appbar']'] and Actual [About 793,000 results (0.83 seconds)
]. Comparison Type [EQUALS]. Validation Type [NEGATIVE]. @02-02-2022 01:58:03.0810 AM
[ReportManager] Successfully created attachment [Screenshot - 1643767083676_searchForQueryandAssertResultsNumDisplayed_ValidateElementAttribute_passed] @02-02-2022 01:58:03.0812 A

################################################################################################################################################
Starting Execution:	[157 out of 162] test cases in the current suite
Test Method:		[testPackage01.Test_google_playwright.clickNextThrice]
Test Description:	[TC003 - Clicks the next button to make sure that the framework can scroll element into view before clicking it]
################################################################################################################################################
[ReportManager] Element Action [Click] successfully performed. With the following test data [Next]. @02-02-2022 01:58:04.0722 A
[ReportManager] Failed to find video recording. @02-02-2022 01:58:04.0724 AM
[ReportManager] Successfully Closed PlayWright Driver. @02-02-2022 01:58:04.0771 A
[ReportManager] File Action [GetAbsolutePath] successfully performed. With the following test data [Relative Folder Path: "target/downloadedFiles/"]. @02-02-2022 01:58:04.0773 AM
[ReportManager] Attempting to run locally on: [Mac-64], [Safari], Headless Execution. @02-02-2022 01:58:04.0773 AM
[ReportManager] Successfully Opened Safari. @02-02-2022 01:58:05.0718 AM
[ReportManager] Initial window size: (800, 600) @02-02-2022 01:58:05.0725 AM
[ReportManager] Window size after SWD Maximize: (1176, 803) @02-02-2022 01:58:05.0804 AM
[ReportManager] Browser Action [MaximizeWindow] successfully performed. With the following test data [New screen size is now: (1176, 803)]. @02-02-2022 01:58:05.0804 A

################################################################################################################################################
Starting Execution:	[158 out of 162] test cases in the current suite
Test Method:		[testPackage01.Test_verifyEquals.test_assertElementAttribute]
################################################################################################################################################
[ReportManager] Target URL: [https://www.google.com/ncr], and after redirection: [https://www.google.com] @02-02-2022 01:58:05.0806 AM
[ReportManager] Initial URL: [] @02-02-2022 01:58:05.0850 AM
[ReportManager] Browser Action [NavigateToURL] successfully performed. With the following test data [https://www.google.com/ncr]. @02-02-2022 01:58:07.0237 AM
[ReportManager] Element Action [Type] successfully performed. With the following test data [INC_004010050:Another SCHEDULER with the same name [Duplicate Job Name] already exists.]. @02-02-2022 01:58:09.0420 AM
[ReportManager] Element Action [GetText] successfully performed. With the following test data [INC_004010050:Another SCHEDULER with the same name [Duplicate Job Name] already exists.]. @02-02-2022 01:58:09.0508 AM
[ReportManager] Verification [ValidateElementAttribute] PASSED. Expected [Value Should be 'INC_004010050:Another SCHEDULER with the same name \[Duplicate Job Name\] already exists.' for the 'text' attribute, element locator 'By.name: q'] and Actual [INC_004010050:Another SCHEDULER with the same name [Duplicate Job Name] already exists.]. Comparison Type [MATCHES]. Validation Type [POSITIVE]. @02-02-2022 01:58:09.0682 AM
[ReportManager] Successfully created attachment [Screenshot - 1643767089611_test_assertElementAttribute_ValidateElementAttribute_passed] @02-02-2022 01:58:09.0684 A
[ReportManager] Browser Action [CloseCurrentWindow] successfully performed. @02-02-2022 01:58:10.0118 AM
[ReportManager] Successfully created attachment [Browser Action Test Data - CloseCurrentWindow - Actual Value] @02-02-2022 01:58:10.0158 A

################################################################################################################################################
Starting Execution:	[159 out of 162] test cases in the current suite
Test Method:		[testPackage01.Test_SelectedValue.multipleSelect]
################################################################################################################################################
[ReportManager] File Action [GetAbsolutePath] successfully performed. With the following test data [Relative Folder Path: "target/downloadedFiles/"]. @02-02-2022 01:58:10.0162 AM
[ReportManager] Attempting to run locally on: [Mac-64], [GoogleChrome], Headless Execution. @02-02-2022 01:58:10.0163 AM
[ReportManager] Identifying OS/Driver combination and selecting the correct driver version automatically. Please note that if a new driver executable will be downloaded it may take some time... @02-02-2022 01:58:10.0163 AM
[ReportManager] Successfully Opened Google Chrome. @02-02-2022 01:58:13.0136 AM
[ReportManager] Initial window size: (1920, 1080) @02-02-2022 01:58:13.0141 AM
[ReportManager] Window size after SWD Maximize: (1920, 1080) @02-02-2022 01:58:13.0257 AM
[ReportManager] Window size after Toolkit: (1920, 1080) @02-02-2022 01:58:13.0673 AM
[ReportManager] Browser Action [MaximizeWindow] successfully performed. With the following test data [New screen size is now: (1920, 1080)]. @02-02-2022 01:58:13.0676 AM
[ReportManager] Target URL: [https://yari-demos.prod.mdn.mozit.cloud/en-US/docs/Web/HTML/Element/select/_sample_.Advanced_select_with_multiple_features.html] @02-02-2022 01:58:13.0676 AM
[ReportManager] Initial URL: [data:,] @02-02-2022 01:58:13.0709 AM
[ReportManager] Browser Action [NavigateToURL] successfully performed. With the following test data [https://yari-demos.prod.mdn.mozit.cloud/en-US/docs/Web/HTML/Element/select/_sample_.Advanced_select_with_multiple_features.html]. @02-02-2022 01:58:14.0130 AM
[ReportManager] Element Action [Select] successfully performed. With the following test data [Dog]. @02-02-2022 01:58:14.0347 AM
[ReportManager] Element Action [Select] successfully performed. With the following test data [Cat]. @02-02-2022 01:58:14.0510 AM
[ReportManager] Element Action [GetSelectedText] successfully performed. With the following test data [DogCat]. @02-02-2022 01:58:14.0616 AM
[ReportManager] DogCat @02-02-2022 01:58:14.0616 AM
[ReportManager] Element Action [GetSelectedText] successfully performed. With the following test data [DogCat]. @02-02-2022 01:58:14.0709 AM
[ReportManager] Assertion [ValidateElementAttribute] PASSED. Expected [Value Should be 'DogCat' for the 'selectedText' attribute, element locator 'By.tagName: select'] and Actual [DogCat]. Comparison Type [EQUALS]. Validation Type [POSITIVE]. @02-02-2022 01:58:15.0284 AM
[ReportManager] Successfully created attachment [Screenshot - 1643767095174_multipleSelect_ValidateElementAttribute_passed] @02-02-2022 01:58:15.0285 AM
[ReportManager] Browser Action [CloseCurrentWindow] successfully performed. @02-02-2022 01:58:15.0623 AM
[ReportManager] Successfully created attachment [Browser Action Test Data - CloseCurrentWindow - Actual Value] @02-02-2022 01:58:15.0623 A

################################################################################################################################################
Starting Execution:	[160 out of 162] test cases in the current suite
Test Method:		[testPackage01.Test_SelectedValue.simpleSelect]
################################################################################################################################################
[ReportManager] File Action [GetAbsolutePath] successfully performed. With the following test data [Relative Folder Path: "target/downloadedFiles/"]. @02-02-2022 01:58:15.0634 AM
[ReportManager] Attempting to run locally on: [Mac-64], [GoogleChrome], Headless Execution. @02-02-2022 01:58:15.0634 AM
[ReportManager] Identifying OS/Driver combination and selecting the correct driver version automatically. Please note that if a new driver executable will be downloaded it may take some time... @02-02-2022 01:58:15.0634 AM
[ReportManager] Successfully Opened Google Chrome. @02-02-2022 01:58:16.0130 AM
[ReportManager] Initial window size: (1920, 1080) @02-02-2022 01:58:16.0133 AM
[ReportManager] Window size after SWD Maximize: (1920, 1080) @02-02-2022 01:58:16.0349 AM
[ReportManager] Window size after Toolkit: (1920, 1080) @02-02-2022 01:58:16.0889 AM
[ReportManager] Browser Action [MaximizeWindow] successfully performed. With the following test data [New screen size is now: (1920, 1080)]. @02-02-2022 01:58:16.0892 AM
[ReportManager] Target URL: [https://yari-demos.prod.mdn.mozit.cloud/en-US/docs/Web/HTML/Element/select/_sample_.Basic_select.html] @02-02-2022 01:58:16.0892 AM
[ReportManager] Initial URL: [data:,] @02-02-2022 01:58:16.0924 AM
[ReportManager] Browser Action [NavigateToURL] successfully performed. With the following test data [https://yari-demos.prod.mdn.mozit.cloud/en-US/docs/Web/HTML/Element/select/_sample_.Basic_select.html]. @02-02-2022 01:58:17.0144 AM
[ReportManager] Element Action [Select] successfully performed. With the following test data [Third Value]. @02-02-2022 01:58:17.0430 AM
[ReportManager] Element Action [GetSelectedText] successfully performed. With the following test data [Third Value]. @02-02-2022 01:58:17.0519 AM
[ReportManager] Third Value @02-02-2022 01:58:17.0519 AM
[ReportManager] Element Action [GetSelectedText] successfully performed. With the following test data [Third Value]. @02-02-2022 01:58:17.0594 AM
[ReportManager] Assertion [ValidateElementAttribute] PASSED. Expected [Value Should be 'Third Value' for the 'selectedText' attribute, element locator 'By.tagName: select'] and Actual [Third Value]. Comparison Type [EQUALS]. Validation Type [POSITIVE]. @02-02-2022 01:58:18.0161 AM
[ReportManager] Successfully created attachment [Screenshot - 1643767098056_simpleSelect_ValidateElementAttribute_passed] @02-02-2022 01:58:18.0162 AM
[ReportManager] Browser Action [CloseCurrentWindow] successfully performed. @02-02-2022 01:58:18.0538 AM
[ReportManager] Successfully created attachment [Browser Action Test Data - CloseCurrentWindow - Actual Value] @02-02-2022 01:58:18.0539 A
[ReportManager] File Action [GetAbsolutePath] successfully performed. With the following test data [Relative Folder Path: "target/downloadedFiles/"]. @02-02-2022 01:58:18.0541 AM
[ReportManager] Attempting to run locally on: [Mac-64], [Safari], Headless Execution. @02-02-2022 01:58:18.0541 AM
[ReportManager] Successfully Opened Safari. @02-02-2022 01:58:19.0393 AM
[ReportManager] Initial window size: (800, 600) @02-02-2022 01:58:19.0427 AM
[ReportManager] Window size after SWD Maximize: (1176, 803) @02-02-2022 01:58:19.0457 AM
[ReportManager] Browser Action [MaximizeWindow] successfully performed. With the following test data [New screen size is now: (1176, 803)]. @02-02-2022 01:58:19.0457 A

################################################################################################################################################
Starting Execution:	[161 out of 162] test cases in the current suite
Test Method:		[testPackage01.Test_dynamicLoading.dynamicLoading_elementIsHidden]
################################################################################################################################################
[ReportManager] Target URL: [https://the-internet.herokuapp.com/dynamic_loading/1] @02-02-2022 01:58:19.0460 AM
[ReportManager] Initial URL: [] @02-02-2022 01:58:19.0528 AM
[ReportManager] Browser Action [NavigateToURL] successfully performed. With the following test data [https://the-internet.herokuapp.com/dynamic_loading/1]. @02-02-2022 01:58:20.0846 AM
[ReportManager] Element Action [Click] successfully performed. With the following test data [By.xpath: //button[text()='Start']]. @02-02-2022 01:58:21.0131 AM
[ReportManager] Element Action [GetText] successfully performed. With the following test data [
    Hello World!
  ]. @02-02-2022 01:58:21.0190 A
[ReportManager] Browser Action [CloseCurrentWindow] successfully performed. @02-02-2022 01:58:21.0436 AM
[ReportManager] Successfully created attachment [Browser Action Test Data - CloseCurrentWindow - Actual Value] @02-02-2022 01:58:21.0437 A
[ReportManager] File Action [GetAbsolutePath] successfully performed. With the following test data [Relative Folder Path: "target/downloadedFiles/"]. @02-02-2022 01:58:21.0439 AM
[ReportManager] Attempting to run locally on: [Mac-64], [Safari], Headless Execution. @02-02-2022 01:58:21.0439 AM
[ReportManager] Successfully Opened Safari. @02-02-2022 01:58:22.0454 AM
[ReportManager] Initial window size: (800, 600) @02-02-2022 01:58:22.0465 AM
[ReportManager] Window size after SWD Maximize: (1176, 803) @02-02-2022 01:58:22.0515 AM
[ReportManager] Browser Action [MaximizeWindow] successfully performed. With the following test data [New screen size is now: (1176, 803)]. @02-02-2022 01:58:22.0515 A

################################################################################################################################################
Starting Execution:	[162 out of 162] test cases in the current suite
Test Method:		[testPackage01.Test_dynamicLoading.dynamicLoading_elementIsRendered]
################################################################################################################################################
[ReportManager] Target URL: [https://the-internet.herokuapp.com/dynamic_loading/2] @02-02-2022 01:58:22.0519 AM
[ReportManager] Initial URL: [] @02-02-2022 01:58:22.0565 AM
[ReportManager] Browser Action [NavigateToURL] successfully performed. With the following test data [https://the-internet.herokuapp.com/dynamic_loading/2]. @02-02-2022 01:58:23.0756 AM
[ReportManager] Element Action [Click] successfully performed. With the following test data [By.xpath: //button[text()='Start']]. @02-02-2022 01:58:24.0004 AM
[ReportManager] Element Action [GetText] successfully performed. With the following test data [Hello World!]. @02-02-2022 01:58:29.0569 AM
[ReportManager] Assertion [ValidateElementAttribute] PASSED. Expected [Value Should be 'Hello World!' for the 'text' attribute, element locator 'By.id: finish'] and Actual [Hello World!]. Comparison Type [CONTAINS]. Validation Type [POSITIVE]. @02-02-2022 01:58:29.0723 AM
[ReportManager] Successfully created attachment [Screenshot - 1643767109663_dynamicLoading_elementIsRendered_ValidateElementAttribute_passed] @02-02-2022 01:58:29.0724 A
[ReportManager] Browser Action [CloseCurrentWindow] successfully performed. @02-02-2022 01:58:30.0135 AM
[ReportManager] Successfully created attachment [Browser Action Test Data - CloseCurrentWindow - Actual Value] @02-02-2022 01:58:30.0136 A
[ReportManager] Successfully created attachment [SHAFT Engine Logs - Execution log] @02-02-2022 01:58:30.0175 AM

################################################################################################################################################
This test run was powered by SHAFT Engine Version: [SHAFT Engine v6.1.20220113]
SHAFT Engine is licensed under the MIT License: [https://github.com/MohabMohie/SHAFT_ENGINE/blob/master/LICENSE].
################################################################################################################################################