################################################################################################################################################
Detected SHAFT Engine Version: [SHAFT Engine v5.3.20210902]
################################################################################################################################################

################################################################################################################################################
Starting Execution:	[1 out of 144] test cases in the current suite
Test Method:		[unitTests.tests_validations_assertions.assertComparativeRelation_greaterThanOrEquals_false_equals_expectedToFail]
################################################################################################################################################
[ReportManager] Assertion [ValidateComparativeRelation] FAILED. Expected [1] and Actual [1]. Comparison Type [GREATER_THAN_OR_EQUALS]. Validation Type [NEGATIVE]. @04-10-2021 01:58:36.0281 A

################################################################################################################################################
Starting Execution:	[2 out of 144] test cases in the current suite
Test Method:		[unitTests.tests_validations_assertions.assertComparativeRelation_greaterThanOrEquals_false_equals_expectedToPass]
################################################################################################################################################
[ReportManager] Assertion [ValidateComparativeRelation] PASSED. Expected [2] and Actual [1]. Comparison Type [GREATER_THAN_OR_EQUALS]. Validation Type [NEGATIVE]. @04-10-2021 01:58:36.0415 A

################################################################################################################################################
Starting Execution:	[3 out of 144] test cases in the current suite
Test Method:		[unitTests.tests_validations_assertions.assertComparativeRelation_greaterThanOrEquals_false_greaterThan_expectedToFail]
################################################################################################################################################
[ReportManager] Assertion [ValidateComparativeRelation] FAILED. Expected [1] and Actual [2]. Comparison Type [GREATER_THAN_OR_EQUALS]. Validation Type [NEGATIVE]. @04-10-2021 01:58:36.0423 A

################################################################################################################################################
Starting Execution:	[4 out of 144] test cases in the current suite
Test Method:		[unitTests.tests_validations_assertions.assertComparativeRelation_greaterThanOrEquals_false_greaterThan_expectedToPass]
################################################################################################################################################
[ReportManager] Assertion [ValidateComparativeRelation] PASSED. Expected [2] and Actual [1]. Comparison Type [GREATER_THAN_OR_EQUALS]. Validation Type [NEGATIVE]. @04-10-2021 01:58:36.0435 A

################################################################################################################################################
Starting Execution:	[5 out of 144] test cases in the current suite
Test Method:		[unitTests.tests_validations_assertions.assertComparativeRelation_greaterThanOrEquals_true_equals_expectedToFail]
################################################################################################################################################
[ReportManager] Assertion [ValidateComparativeRelation] FAILED. Expected [1] and Actual [0]. Comparison Type [GREATER_THAN_OR_EQUALS]. Validation Type [POSITIVE]. @04-10-2021 01:58:36.0443 A

################################################################################################################################################
Starting Execution:	[6 out of 144] test cases in the current suite
Test Method:		[unitTests.tests_validations_assertions.assertComparativeRelation_greaterThanOrEquals_true_equals_expectedToPass]
################################################################################################################################################
[ReportManager] Assertion [ValidateComparativeRelation] PASSED. Expected [1] and Actual [1]. Comparison Type [GREATER_THAN_OR_EQUALS]. Validation Type [POSITIVE]. @04-10-2021 01:58:36.0448 A

################################################################################################################################################
Starting Execution:	[7 out of 144] test cases in the current suite
Test Method:		[unitTests.tests_validations_assertions.assertComparativeRelation_greaterThanOrEquals_true_greaterThan_expectedToFail]
################################################################################################################################################
[ReportManager] Assertion [ValidateComparativeRelation] FAILED. Expected [2] and Actual [1]. Comparison Type [GREATER_THAN_OR_EQUALS]. Validation Type [POSITIVE]. @04-10-2021 01:58:36.0453 A

################################################################################################################################################
Starting Execution:	[8 out of 144] test cases in the current suite
Test Method:		[unitTests.tests_validations_assertions.assertComparativeRelation_greaterThanOrEquals_true_greaterThan_expectedToPass]
################################################################################################################################################
[ReportManager] Assertion [ValidateComparativeRelation] PASSED. Expected [1] and Actual [2]. Comparison Type [GREATER_THAN_OR_EQUALS]. Validation Type [POSITIVE]. @04-10-2021 01:58:36.0464 A
[ReportManager] File Action [GetAbsolutePath] successfully performed. With the following test data [Relative Folder Path: "target/downloadedFiles/"]. @04-10-2021 01:58:36.0483 AM
[ReportManager] Attempting to run remotely on: [Linux-64], [GoogleChrome], [http://localhost:4444/wd/hub], Headless Execution. @04-10-2021 01:58:36.0515 AM
[ReportManager] Successfully Opened [GoogleChrome]. @04-10-2021 01:58:38.0465 AM
[ReportManager] Target URL: [https://www.google.com/ncr], and after redirection: [www.google.com] @04-10-2021 01:58:38.0522 AM
[ReportManager] Initial URL: [data:,] @04-10-2021 01:58:38.0632 AM
[ReportManager] Browser Action [NavigateToURL] successfully performed. With the following test data [https://www.google.com/ncr]. @04-10-2021 01:58:39.0971 A

################################################################################################################################################
Starting Execution:	[9 out of 144] test cases in the current suite
Test Method:		[unitTests.tests_validations_assertions.assertElementAttribute_false_caseInsensitiveComparison_expectedToFail]
################################################################################################################################################
[ReportManager] Element Action [Type] successfully performed. With the following test data [AUTOMATION]. @04-10-2021 01:58:40.0556 AM
[ReportManager] Element Action [GetText] successfully performed. With the following test data [AUTOMATION]. @04-10-2021 01:58:40.0720 AM
[ReportManager] Loaded Shared OpenCV @04-10-2021 01:58:41.0526 AM
[ReportManager] Assertion [ValidateElementAttribute] FAILED. Expected [Value Should not be 'AutomaTion' for the 'text' attribute, element locator 'By.name: q'] and Actual [AUTOMATION]. Comparison Type [CASE_INSENSITIVE]. Validation Type [NEGATIVE]. @04-10-2021 01:58:41.0855 AM
[ReportManager] Successfully created attachment [Screenshot - 1633312720989_assertElementAttribute_false_caseInsensitiveComparison_expectedToFail_ValidateElementAttribute_failed] @04-10-2021 01:58:41.0874 A
[ReportManager] Browser Action [CloseCurrentWindow] successfully performed. @04-10-2021 01:58:42.0046 AM
[ReportManager] Successfully created attachment [Browser Action Test Data - CloseCurrentWindow - Actual Value] @04-10-2021 01:58:42.0058 A
[ReportManager] File Action [GetAbsolutePath] successfully performed. With the following test data [Relative Folder Path: "target/downloadedFiles/"]. @04-10-2021 01:58:42.0080 AM
[ReportManager] Attempting to run remotely on: [Linux-64], [GoogleChrome], [http://localhost:4444/wd/hub], Headless Execution. @04-10-2021 01:58:42.0080 AM
[ReportManager] Successfully Opened [GoogleChrome]. @04-10-2021 01:58:42.0376 AM
[ReportManager] Target URL: [https://www.google.com/ncr], and after redirection: [www.google.com] @04-10-2021 01:58:42.0402 AM
[ReportManager] Initial URL: [data:,] @04-10-2021 01:58:42.0484 AM
[ReportManager] Browser Action [NavigateToURL] successfully performed. With the following test data [https://www.google.com/ncr]. @04-10-2021 01:58:43.0462 A

################################################################################################################################################
Starting Execution:	[10 out of 144] test cases in the current suite
Test Method:		[unitTests.tests_validations_assertions.assertElementAttribute_false_caseInsensitiveComparison_expectedToPass]
################################################################################################################################################
[ReportManager] Element Action [Type] successfully performed. With the following test data [AUTOMATION]. @04-10-2021 01:58:43.0949 AM
[ReportManager] Element Action [GetText] successfully performed. With the following test data [AUTOMATION]. @04-10-2021 01:58:44.0118 AM
[ReportManager] Loaded Shared OpenCV @04-10-2021 01:58:44.0372 AM
[ReportManager] Assertion [ValidateElementAttribute] PASSED. Expected [Value Should not be 'AutomaTion123' for the 'text' attribute, element locator 'By.name: q'] and Actual [AUTOMATION]. Comparison Type [CASE_INSENSITIVE]. Validation Type [NEGATIVE]. @04-10-2021 01:58:44.0524 AM
[ReportManager] Successfully created attachment [Screenshot - 1633312724372_assertElementAttribute_false_caseInsensitiveComparison_expectedToPass_ValidateElementAttribute_passed] @04-10-2021 01:58:44.0527 A
[ReportManager] Browser Action [CloseCurrentWindow] successfully performed. @04-10-2021 01:58:44.0684 AM
[ReportManager] Successfully created attachment [Browser Action Test Data - CloseCurrentWindow - Actual Value] @04-10-2021 01:58:44.0685 A
[ReportManager] File Action [GetAbsolutePath] successfully performed. With the following test data [Relative Folder Path: "target/downloadedFiles/"]. @04-10-2021 01:58:44.0696 AM
[ReportManager] Attempting to run remotely on: [Linux-64], [GoogleChrome], [http://localhost:4444/wd/hub], Headless Execution. @04-10-2021 01:58:44.0697 AM
[ReportManager] Successfully Opened [GoogleChrome]. @04-10-2021 01:58:44.0951 AM
[ReportManager] Target URL: [https://www.google.com/ncr], and after redirection: [www.google.com] @04-10-2021 01:58:44.0988 AM
[ReportManager] Initial URL: [data:,] @04-10-2021 01:58:45.0057 AM
[ReportManager] Browser Action [NavigateToURL] successfully performed. With the following test data [https://www.google.com/ncr]. @04-10-2021 01:58:45.0982 A

################################################################################################################################################
Starting Execution:	[11 out of 144] test cases in the current suite
Test Method:		[unitTests.tests_validations_assertions.assertElementAttribute_false_containsComparison_expectedToFail]
################################################################################################################################################
[ReportManager] Element Action [Type] successfully performed. With the following test data [Automation123]. @04-10-2021 01:58:46.0445 AM
[ReportManager] Element Action [GetText] successfully performed. With the following test data [Automation123]. @04-10-2021 01:58:46.0589 AM
[ReportManager] Loaded Shared OpenCV @04-10-2021 01:58:46.0814 AM
[ReportManager] Assertion [ValidateElementAttribute] FAILED. Expected [Value Should not be 'Automation' for the 'text' attribute, element locator 'By.name: q'] and Actual [Automation123]. Comparison Type [CONTAINS]. Validation Type [NEGATIVE]. @04-10-2021 01:58:46.0905 AM
[ReportManager] Successfully created attachment [Screenshot - 1633312726814_assertElementAttribute_false_containsComparison_expectedToFail_ValidateElementAttribute_failed] @04-10-2021 01:58:46.0907 A
[ReportManager] Browser Action [CloseCurrentWindow] successfully performed. @04-10-2021 01:58:47.0079 AM
[ReportManager] Successfully created attachment [Browser Action Test Data - CloseCurrentWindow - Actual Value] @04-10-2021 01:58:47.0080 A
[ReportManager] File Action [GetAbsolutePath] successfully performed. With the following test data [Relative Folder Path: "target/downloadedFiles/"]. @04-10-2021 01:58:47.0087 AM
[ReportManager] Attempting to run remotely on: [Linux-64], [GoogleChrome], [http://localhost:4444/wd/hub], Headless Execution. @04-10-2021 01:58:47.0088 AM
[ReportManager] Successfully Opened [GoogleChrome]. @04-10-2021 01:58:47.0364 AM
[ReportManager] Target URL: [https://www.google.com/ncr], and after redirection: [www.google.com] @04-10-2021 01:58:47.0401 AM
[ReportManager] Initial URL: [data:,] @04-10-2021 01:58:47.0454 AM
[ReportManager] Browser Action [NavigateToURL] successfully performed. With the following test data [https://www.google.com/ncr]. @04-10-2021 01:58:48.0435 A

################################################################################################################################################
Starting Execution:	[12 out of 144] test cases in the current suite
Test Method:		[unitTests.tests_validations_assertions.assertElementAttribute_false_containsComparison_expectedToPass]
################################################################################################################################################
[ReportManager] Element Action [Type] successfully performed. With the following test data [Automation123]. @04-10-2021 01:58:48.0876 AM
[ReportManager] Element Action [GetText] successfully performed. With the following test data [Automation123]. @04-10-2021 01:58:49.0013 AM
[ReportManager] Loaded Shared OpenCV @04-10-2021 01:58:49.0227 AM
[ReportManager] Assertion [ValidateElementAttribute] PASSED. Expected [Value Should not be 'Automation1234' for the 'text' attribute, element locator 'By.name: q'] and Actual [Automation123]. Comparison Type [CONTAINS]. Validation Type [NEGATIVE]. @04-10-2021 01:58:49.0317 AM
[ReportManager] Successfully created attachment [Screenshot - 1633312729227_assertElementAttribute_false_containsComparison_expectedToPass_ValidateElementAttribute_passed] @04-10-2021 01:58:49.0319 A
[ReportManager] Browser Action [CloseCurrentWindow] successfully performed. @04-10-2021 01:58:49.0478 AM
[ReportManager] Successfully created attachment [Browser Action Test Data - CloseCurrentWindow - Actual Value] @04-10-2021 01:58:49.0479 A
[ReportManager] File Action [GetAbsolutePath] successfully performed. With the following test data [Relative Folder Path: "target/downloadedFiles/"]. @04-10-2021 01:58:49.0489 AM
[ReportManager] Attempting to run remotely on: [Linux-64], [GoogleChrome], [http://localhost:4444/wd/hub], Headless Execution. @04-10-2021 01:58:49.0489 AM
[ReportManager] Successfully Opened [GoogleChrome]. @04-10-2021 01:58:49.0762 AM
[ReportManager] Target URL: [https://www.google.com/ncr], and after redirection: [www.google.com] @04-10-2021 01:58:49.0790 AM
[ReportManager] Initial URL: [data:,] @04-10-2021 01:58:49.0851 AM
[ReportManager] Browser Action [NavigateToURL] successfully performed. With the following test data [https://www.google.com/ncr]. @04-10-2021 01:58:50.0765 A

################################################################################################################################################
Starting Execution:	[13 out of 144] test cases in the current suite
Test Method:		[unitTests.tests_validations_assertions.assertElementAttribute_false_literalComparison_expectedToFail]
################################################################################################################################################
[ReportManager] Element Action [Type] successfully performed. With the following test data [Automation!@#$%^&*()_+{}[]\';/.,]. @04-10-2021 01:58:51.0373 AM
[ReportManager] Element Action [GetText] successfully performed. With the following test data [Automation!@#$%^&*()_+{}[]\';/.,]. @04-10-2021 01:58:51.0515 AM
[ReportManager] Loaded Shared OpenCV @04-10-2021 01:58:51.0748 AM
[ReportManager] Assertion [ValidateElementAttribute] PASSED. Expected [Value Should not be 'Automation!@#$%^&*()_+{}[]\\';/.,' for the 'text' attribute, element locator 'By.name: q'] and Actual [Automation!@#$%^&*()_+{}[]\';/.,]. Comparison Type [EQUALS]. Validation Type [NEGATIVE]. @04-10-2021 01:58:51.0841 AM
[ReportManager] Successfully created attachment [Screenshot - 1633312731748_assertElementAttribute_false_literalComparison_expectedToFail_ValidateElementAttribute_passed] @04-10-2021 01:58:51.0843 A
[ReportManager] Browser Action [CloseCurrentWindow] successfully performed. @04-10-2021 01:58:52.0004 AM
[ReportManager] Successfully created attachment [Browser Action Test Data - CloseCurrentWindow - Actual Value] @04-10-2021 01:58:52.0005 A
[ReportManager] File Action [GetAbsolutePath] successfully performed. With the following test data [Relative Folder Path: "target/downloadedFiles/"]. @04-10-2021 01:58:52.0008 AM
[ReportManager] Attempting to run remotely on: [Linux-64], [GoogleChrome], [http://localhost:4444/wd/hub], Headless Execution. @04-10-2021 01:58:52.0009 AM
[ReportManager] Successfully Opened [GoogleChrome]. @04-10-2021 01:58:52.0280 AM
[ReportManager] Target URL: [https://www.google.com/ncr], and after redirection: [www.google.com] @04-10-2021 01:58:52.0323 AM
[ReportManager] Initial URL: [data:,] @04-10-2021 01:58:52.0385 AM
[ReportManager] Browser Action [NavigateToURL] successfully performed. With the following test data [https://www.google.com/ncr]. @04-10-2021 01:58:53.0353 A

################################################################################################################################################
Starting Execution:	[14 out of 144] test cases in the current suite
Test Method:		[unitTests.tests_validations_assertions.assertElementAttribute_false_literalComparison_expectedToPass]
################################################################################################################################################
[ReportManager] Element Action [Type] successfully performed. With the following test data [Automation!@#$%^&*()_+{}[]\';/.,]. @04-10-2021 01:58:53.0910 AM
[ReportManager] Element Action [GetText] successfully performed. With the following test data [Automation!@#$%^&*()_+{}[]\';/.,]. @04-10-2021 01:58:54.0034 AM
[ReportManager] Loaded Shared OpenCV @04-10-2021 01:58:54.0248 AM
[ReportManager] Assertion [ValidateElementAttribute] PASSED. Expected [Value Should not be 'Automation' for the 'text' attribute, element locator 'By.name: q'] and Actual [Automation!@#$%^&*()_+{}[]\';/.,]. Comparison Type [EQUALS]. Validation Type [NEGATIVE]. @04-10-2021 01:58:54.0343 AM
[ReportManager] Successfully created attachment [Screenshot - 1633312734248_assertElementAttribute_false_literalComparison_expectedToPass_ValidateElementAttribute_passed] @04-10-2021 01:58:54.0344 A
[ReportManager] Browser Action [CloseCurrentWindow] successfully performed. @04-10-2021 01:58:54.0503 AM
[ReportManager] Successfully created attachment [Browser Action Test Data - CloseCurrentWindow - Actual Value] @04-10-2021 01:58:54.0513 A
[ReportManager] File Action [GetAbsolutePath] successfully performed. With the following test data [Relative Folder Path: "target/downloadedFiles/"]. @04-10-2021 01:58:54.0520 AM
[ReportManager] Attempting to run remotely on: [Linux-64], [GoogleChrome], [http://localhost:4444/wd/hub], Headless Execution. @04-10-2021 01:58:54.0523 AM
[ReportManager] Successfully Opened [GoogleChrome]. @04-10-2021 01:58:54.0815 AM
[ReportManager] Target URL: [https://www.google.com/ncr], and after redirection: [www.google.com] @04-10-2021 01:58:54.0848 AM
[ReportManager] Initial URL: [data:,] @04-10-2021 01:58:54.0903 AM
[ReportManager] Browser Action [NavigateToURL] successfully performed. With the following test data [https://www.google.com/ncr]. @04-10-2021 01:58:55.0853 A

################################################################################################################################################
Starting Execution:	[15 out of 144] test cases in the current suite
Test Method:		[unitTests.tests_validations_assertions.assertElementAttribute_false_regexComparison_expectedToFail]
################################################################################################################################################
[ReportManager] Element Action [Type] successfully performed. With the following test data [Automation123]. @04-10-2021 01:58:56.0290 AM
[ReportManager] Element Action [GetText] successfully performed. With the following test data [Automation123]. @04-10-2021 01:58:56.0414 AM
[ReportManager] Loaded Shared OpenCV @04-10-2021 01:58:56.0622 AM
[ReportManager] Assertion [ValidateElementAttribute] FAILED. Expected [Value Should not be 'Automation.*' for the 'text' attribute, element locator 'By.name: q'] and Actual [Automation123]. Comparison Type [MATCHES]. Validation Type [NEGATIVE]. @04-10-2021 01:58:56.0714 AM
[ReportManager] Successfully created attachment [Screenshot - 1633312736622_assertElementAttribute_false_regexComparison_expectedToFail_ValidateElementAttribute_failed] @04-10-2021 01:58:56.0715 A
[ReportManager] Browser Action [CloseCurrentWindow] successfully performed. @04-10-2021 01:58:56.0855 AM
[ReportManager] Successfully created attachment [Browser Action Test Data - CloseCurrentWindow - Actual Value] @04-10-2021 01:58:56.0856 A
[ReportManager] File Action [GetAbsolutePath] successfully performed. With the following test data [Relative Folder Path: "target/downloadedFiles/"]. @04-10-2021 01:58:56.0864 AM
[ReportManager] Attempting to run remotely on: [Linux-64], [GoogleChrome], [http://localhost:4444/wd/hub], Headless Execution. @04-10-2021 01:58:56.0865 AM
[ReportManager] Successfully Opened [GoogleChrome]. @04-10-2021 01:58:57.0131 AM
[ReportManager] Target URL: [https://www.google.com/ncr], and after redirection: [www.google.com] @04-10-2021 01:58:57.0149 AM
[ReportManager] Initial URL: [data:,] @04-10-2021 01:58:57.0210 AM
[ReportManager] Browser Action [NavigateToURL] successfully performed. With the following test data [https://www.google.com/ncr]. @04-10-2021 01:58:58.0142 A

################################################################################################################################################
Starting Execution:	[16 out of 144] test cases in the current suite
Test Method:		[unitTests.tests_validations_assertions.assertElementAttribute_false_regexComparison_expectedToPass]
################################################################################################################################################
[ReportManager] Element Action [Type] successfully performed. With the following test data [Automation123]. @04-10-2021 01:58:58.0593 AM
[ReportManager] Element Action [GetText] successfully performed. With the following test data [Automation123]. @04-10-2021 01:58:58.0701 AM
[ReportManager] Loaded Shared OpenCV @04-10-2021 01:58:58.0924 AM
[ReportManager] Assertion [ValidateElementAttribute] PASSED. Expected [Value Should not be 'Automation' for the 'text' attribute, element locator 'By.name: q'] and Actual [Automation123]. Comparison Type [MATCHES]. Validation Type [NEGATIVE]. @04-10-2021 01:58:59.0013 AM
[ReportManager] Successfully created attachment [Screenshot - 1633312738924_assertElementAttribute_false_regexComparison_expectedToPass_ValidateElementAttribute_passed] @04-10-2021 01:58:59.0014 A
[ReportManager] Browser Action [CloseCurrentWindow] successfully performed. @04-10-2021 01:58:59.0175 AM
[ReportManager] Successfully created attachment [Browser Action Test Data - CloseCurrentWindow - Actual Value] @04-10-2021 01:58:59.0176 A
[ReportManager] File Action [GetAbsolutePath] successfully performed. With the following test data [Relative Folder Path: "target/downloadedFiles/"]. @04-10-2021 01:58:59.0187 AM
[ReportManager] Attempting to run remotely on: [Linux-64], [GoogleChrome], [http://localhost:4444/wd/hub], Headless Execution. @04-10-2021 01:58:59.0188 AM
[ReportManager] Successfully Opened [GoogleChrome]. @04-10-2021 01:58:59.0443 AM
[ReportManager] Target URL: [https://www.google.com/ncr], and after redirection: [www.google.com] @04-10-2021 01:58:59.0456 AM
[ReportManager] Initial URL: [data:,] @04-10-2021 01:58:59.0521 AM
[ReportManager] Browser Action [NavigateToURL] successfully performed. With the following test data [https://www.google.com/ncr]. @04-10-2021 01:59:00.0421 A

################################################################################################################################################
Starting Execution:	[17 out of 144] test cases in the current suite
Test Method:		[unitTests.tests_validations_assertions.assertElementAttribute_true_caseInsensitiveComparison_expectedToFail]
################################################################################################################################################
[ReportManager] Element Action [Type] successfully performed. With the following test data [AUTOMATION]. @04-10-2021 01:59:00.0833 AM
[ReportManager] Element Action [GetText] successfully performed. With the following test data [AUTOMATION]. @04-10-2021 01:59:00.0957 AM
[ReportManager] Loaded Shared OpenCV @04-10-2021 01:59:01.0161 AM
[ReportManager] Assertion [ValidateElementAttribute] FAILED. Expected [Value Should be 'AutomaTion123' for the 'text' attribute, element locator 'By.name: q'] and Actual [AUTOMATION]. Comparison Type [CASE_INSENSITIVE]. Validation Type [POSITIVE]. @04-10-2021 01:59:01.0249 AM
[ReportManager] Successfully created attachment [Screenshot - 1633312741161_assertElementAttribute_true_caseInsensitiveComparison_expectedToFail_ValidateElementAttribute_failed] @04-10-2021 01:59:01.0251 A
[ReportManager] Browser Action [CloseCurrentWindow] successfully performed. @04-10-2021 01:59:01.0400 AM
[ReportManager] Successfully created attachment [Browser Action Test Data - CloseCurrentWindow - Actual Value] @04-10-2021 01:59:01.0401 A
[ReportManager] File Action [GetAbsolutePath] successfully performed. With the following test data [Relative Folder Path: "target/downloadedFiles/"]. @04-10-2021 01:59:01.0406 AM
[ReportManager] Attempting to run remotely on: [Linux-64], [GoogleChrome], [http://localhost:4444/wd/hub], Headless Execution. @04-10-2021 01:59:01.0406 AM
[ReportManager] Successfully Opened [GoogleChrome]. @04-10-2021 01:59:01.0657 AM
[ReportManager] Target URL: [https://www.google.com/ncr], and after redirection: [www.google.com] @04-10-2021 01:59:01.0684 AM
[ReportManager] Initial URL: [data:,] @04-10-2021 01:59:01.0737 AM
[ReportManager] Browser Action [NavigateToURL] successfully performed. With the following test data [https://www.google.com/ncr]. @04-10-2021 01:59:02.0654 A

################################################################################################################################################
Starting Execution:	[18 out of 144] test cases in the current suite
Test Method:		[unitTests.tests_validations_assertions.assertElementAttribute_true_caseInsensitiveComparison_expectedToPass]
################################################################################################################################################
[ReportManager] Element Action [Type] successfully performed. With the following test data [AUTOMATION]. @04-10-2021 01:59:03.0090 AM
[ReportManager] Element Action [GetText] successfully performed. With the following test data [AUTOMATION]. @04-10-2021 01:59:03.0191 AM
[ReportManager] Loaded Shared OpenCV @04-10-2021 01:59:03.0407 AM
[ReportManager] Assertion [ValidateElementAttribute] PASSED. Expected [Value Should be 'AutomaTion' for the 'text' attribute, element locator 'By.name: q'] and Actual [AUTOMATION]. Comparison Type [CASE_INSENSITIVE]. Validation Type [POSITIVE]. @04-10-2021 01:59:03.0517 AM
[ReportManager] Successfully created attachment [Screenshot - 1633312743407_assertElementAttribute_true_caseInsensitiveComparison_expectedToPass_ValidateElementAttribute_passed] @04-10-2021 01:59:03.0519 A
[ReportManager] Browser Action [CloseCurrentWindow] successfully performed. @04-10-2021 01:59:03.0658 AM
[ReportManager] Successfully created attachment [Browser Action Test Data - CloseCurrentWindow - Actual Value] @04-10-2021 01:59:03.0659 A
[ReportManager] File Action [GetAbsolutePath] successfully performed. With the following test data [Relative Folder Path: "target/downloadedFiles/"]. @04-10-2021 01:59:03.0662 AM
[ReportManager] Attempting to run remotely on: [Linux-64], [GoogleChrome], [http://localhost:4444/wd/hub], Headless Execution. @04-10-2021 01:59:03.0663 AM
[ReportManager] Successfully Opened [GoogleChrome]. @04-10-2021 01:59:03.0899 AM
[ReportManager] Target URL: [https://www.google.com/ncr], and after redirection: [www.google.com] @04-10-2021 01:59:03.0911 AM
[ReportManager] Initial URL: [data:,] @04-10-2021 01:59:03.0972 AM
[ReportManager] Browser Action [NavigateToURL] successfully performed. With the following test data [https://www.google.com/ncr]. @04-10-2021 01:59:04.0874 A

################################################################################################################################################
Starting Execution:	[19 out of 144] test cases in the current suite
Test Method:		[unitTests.tests_validations_assertions.assertElementAttribute_true_containsComparison_expectedToFail]
################################################################################################################################################
[ReportManager] Element Action [Type] successfully performed. With the following test data [Automation123]. @04-10-2021 01:59:05.0299 AM
[ReportManager] Element Action [GetText] successfully performed. With the following test data [Automation123]. @04-10-2021 01:59:05.0436 AM
[ReportManager] Loaded Shared OpenCV @04-10-2021 01:59:05.0650 AM
[ReportManager] Assertion [ValidateElementAttribute] FAILED. Expected [Value Should be 'Automation1234' for the 'text' attribute, element locator 'By.name: q'] and Actual [Automation123]. Comparison Type [CONTAINS]. Validation Type [POSITIVE]. @04-10-2021 01:59:05.0731 AM
[ReportManager] Successfully created attachment [Screenshot - 1633312745650_assertElementAttribute_true_containsComparison_expectedToFail_ValidateElementAttribute_failed] @04-10-2021 01:59:05.0733 A
[ReportManager] Browser Action [CloseCurrentWindow] successfully performed. @04-10-2021 01:59:05.0885 AM
[ReportManager] Successfully created attachment [Browser Action Test Data - CloseCurrentWindow - Actual Value] @04-10-2021 01:59:05.0886 A
[ReportManager] File Action [GetAbsolutePath] successfully performed. With the following test data [Relative Folder Path: "target/downloadedFiles/"]. @04-10-2021 01:59:05.0898 AM
[ReportManager] Attempting to run remotely on: [Linux-64], [GoogleChrome], [http://localhost:4444/wd/hub], Headless Execution. @04-10-2021 01:59:05.0898 AM
[ReportManager] Successfully Opened [GoogleChrome]. @04-10-2021 01:59:06.0236 AM
[ReportManager] Target URL: [https://www.google.com/ncr], and after redirection: [www.google.com] @04-10-2021 01:59:06.0253 AM
[ReportManager] Initial URL: [data:,] @04-10-2021 01:59:06.0301 AM
[ReportManager] Browser Action [NavigateToURL] successfully performed. With the following test data [https://www.google.com/ncr]. @04-10-2021 01:59:07.0207 A

################################################################################################################################################
Starting Execution:	[20 out of 144] test cases in the current suite
Test Method:		[unitTests.tests_validations_assertions.assertElementAttribute_true_containsComparison_expectedToPass]
################################################################################################################################################
[ReportManager] Element Action [Type] successfully performed. With the following test data [Automation123]. @04-10-2021 01:59:07.0628 AM
[ReportManager] Element Action [GetText] successfully performed. With the following test data [Automation123]. @04-10-2021 01:59:07.0731 AM
[ReportManager] Loaded Shared OpenCV @04-10-2021 01:59:07.0922 AM
[ReportManager] Assertion [ValidateElementAttribute] PASSED. Expected [Value Should be 'Automation' for the 'text' attribute, element locator 'By.name: q'] and Actual [Automation123]. Comparison Type [CONTAINS]. Validation Type [POSITIVE]. @04-10-2021 01:59:08.0003 AM
[ReportManager] Successfully created attachment [Screenshot - 1633312747922_assertElementAttribute_true_containsComparison_expectedToPass_ValidateElementAttribute_passed] @04-10-2021 01:59:08.0004 A
[ReportManager] Browser Action [CloseCurrentWindow] successfully performed. @04-10-2021 01:59:08.0128 AM
[ReportManager] Successfully created attachment [Browser Action Test Data - CloseCurrentWindow - Actual Value] @04-10-2021 01:59:08.0129 A
[ReportManager] File Action [GetAbsolutePath] successfully performed. With the following test data [Relative Folder Path: "target/downloadedFiles/"]. @04-10-2021 01:59:08.0131 AM
[ReportManager] Attempting to run remotely on: [Linux-64], [GoogleChrome], [http://localhost:4444/wd/hub], Headless Execution. @04-10-2021 01:59:08.0132 AM
[ReportManager] Successfully Opened [GoogleChrome]. @04-10-2021 01:59:08.0433 AM
[ReportManager] Target URL: [https://www.google.com/ncr], and after redirection: [www.google.com] @04-10-2021 01:59:08.0444 AM
[ReportManager] Initial URL: [data:,] @04-10-2021 01:59:08.0495 AM
[ReportManager] Browser Action [NavigateToURL] successfully performed. With the following test data [https://www.google.com/ncr]. @04-10-2021 01:59:09.0380 A

################################################################################################################################################
Starting Execution:	[21 out of 144] test cases in the current suite
Test Method:		[unitTests.tests_validations_assertions.assertElementAttribute_true_literalComparison_expectedToFail]
################################################################################################################################################
[ReportManager] Element Action [Type] successfully performed. With the following test data [Automation!@#$%^&*()_+{}[]\';/.,]. @04-10-2021 01:59:09.0923 AM
[ReportManager] Element Action [GetText] successfully performed. With the following test data [Automation!@#$%^&*()_+{}[]\';/.,]. @04-10-2021 01:59:10.0041 AM
[ReportManager] Loaded Shared OpenCV @04-10-2021 01:59:10.0273 AM
[ReportManager] Assertion [ValidateElementAttribute] FAILED. Expected [Value Should be 'Automation' for the 'text' attribute, element locator 'By.name: q'] and Actual [Automation!@#$%^&*()_+{}[]\';/.,]. Comparison Type [EQUALS]. Validation Type [POSITIVE]. @04-10-2021 01:59:10.0406 AM
[ReportManager] Successfully created attachment [Screenshot - 1633312750271_assertElementAttribute_true_literalComparison_expectedToFail_ValidateElementAttribute_failed] @04-10-2021 01:59:10.0407 A
[ReportManager] Browser Action [CloseCurrentWindow] successfully performed. @04-10-2021 01:59:10.0536 AM
[ReportManager] Successfully created attachment [Browser Action Test Data - CloseCurrentWindow - Actual Value] @04-10-2021 01:59:10.0538 A
[ReportManager] File Action [GetAbsolutePath] successfully performed. With the following test data [Relative Folder Path: "target/downloadedFiles/"]. @04-10-2021 01:59:10.0541 AM
[ReportManager] Attempting to run remotely on: [Linux-64], [GoogleChrome], [http://localhost:4444/wd/hub], Headless Execution. @04-10-2021 01:59:10.0541 AM
[ReportManager] Successfully Opened [GoogleChrome]. @04-10-2021 01:59:10.0840 AM
[ReportManager] Target URL: [https://www.google.com/ncr], and after redirection: [www.google.com] @04-10-2021 01:59:10.0859 AM
[ReportManager] Initial URL: [data:,] @04-10-2021 01:59:10.0910 AM
[ReportManager] Browser Action [NavigateToURL] successfully performed. With the following test data [https://www.google.com/ncr]. @04-10-2021 01:59:11.0807 A

################################################################################################################################################
Starting Execution:	[22 out of 144] test cases in the current suite
Test Method:		[unitTests.tests_validations_assertions.assertElementAttribute_true_literalComparison_expectedToPass]
################################################################################################################################################
[ReportManager] Element Action [Type] successfully performed. With the following test data [Automation!@#$%^&*()_+{}[]\';/.,]. @04-10-2021 01:59:12.0342 AM
[ReportManager] Element Action [GetText] successfully performed. With the following test data [Automation!@#$%^&*()_+{}[]\';/.,]. @04-10-2021 01:59:12.0464 AM
[ReportManager] Loaded Shared OpenCV @04-10-2021 01:59:12.0664 AM
[ReportManager] Assertion [ValidateElementAttribute] PASSED. Expected [Value Should be 'Automation!@#$%^&*()_+{}[]\';/.,' for the 'text' attribute, element locator 'By.name: q'] and Actual [Automation!@#$%^&*()_+{}[]\';/.,]. Comparison Type [EQUALS]. Validation Type [POSITIVE]. @04-10-2021 01:59:12.0755 AM
[ReportManager] Successfully created attachment [Screenshot - 1633312752664_assertElementAttribute_true_literalComparison_expectedToPass_ValidateElementAttribute_passed] @04-10-2021 01:59:12.0756 A
[ReportManager] Browser Action [CloseCurrentWindow] successfully performed. @04-10-2021 01:59:12.0890 AM
[ReportManager] Successfully created attachment [Browser Action Test Data - CloseCurrentWindow - Actual Value] @04-10-2021 01:59:12.0891 A
[ReportManager] File Action [GetAbsolutePath] successfully performed. With the following test data [Relative Folder Path: "target/downloadedFiles/"]. @04-10-2021 01:59:12.0893 AM
[ReportManager] Attempting to run remotely on: [Linux-64], [GoogleChrome], [http://localhost:4444/wd/hub], Headless Execution. @04-10-2021 01:59:12.0894 AM
[ReportManager] Successfully Opened [GoogleChrome]. @04-10-2021 01:59:13.0128 AM
[ReportManager] Target URL: [https://www.google.com/ncr], and after redirection: [www.google.com] @04-10-2021 01:59:13.0141 AM
[ReportManager] Initial URL: [data:,] @04-10-2021 01:59:13.0190 AM
[ReportManager] Browser Action [NavigateToURL] successfully performed. With the following test data [https://www.google.com/ncr]. @04-10-2021 01:59:14.0080 A

################################################################################################################################################
Starting Execution:	[23 out of 144] test cases in the current suite
Test Method:		[unitTests.tests_validations_assertions.assertElementAttribute_true_regexComparison_expectedToFail]
################################################################################################################################################
[ReportManager] Element Action [Type] successfully performed. With the following test data [Automation123]. @04-10-2021 01:59:14.0454 AM
[ReportManager] Element Action [GetText] successfully performed. With the following test data [Automation123]. @04-10-2021 01:59:14.0583 AM
[ReportManager] Loaded Shared OpenCV @04-10-2021 01:59:14.0773 AM
[ReportManager] Assertion [ValidateElementAttribute] FAILED. Expected [Value Should be 'Automation' for the 'text' attribute, element locator 'By.name: q'] and Actual [Automation123]. Comparison Type [MATCHES]. Validation Type [POSITIVE]. @04-10-2021 01:59:14.0853 AM
[ReportManager] Successfully created attachment [Screenshot - 1633312754773_assertElementAttribute_true_regexComparison_expectedToFail_ValidateElementAttribute_failed] @04-10-2021 01:59:14.0855 A
[ReportManager] Browser Action [CloseCurrentWindow] successfully performed. @04-10-2021 01:59:14.0996 AM
[ReportManager] Successfully created attachment [Browser Action Test Data - CloseCurrentWindow - Actual Value] @04-10-2021 01:59:14.0997 A
[ReportManager] File Action [GetAbsolutePath] successfully performed. With the following test data [Relative Folder Path: "target/downloadedFiles/"]. @04-10-2021 01:59:15.0001 AM
[ReportManager] Attempting to run remotely on: [Linux-64], [GoogleChrome], [http://localhost:4444/wd/hub], Headless Execution. @04-10-2021 01:59:15.0001 AM
[ReportManager] Successfully Opened [GoogleChrome]. @04-10-2021 01:59:15.0237 AM
[ReportManager] Target URL: [https://www.google.com/ncr], and after redirection: [www.google.com] @04-10-2021 01:59:15.0250 AM
[ReportManager] Initial URL: [data:,] @04-10-2021 01:59:15.0304 AM
[ReportManager] Browser Action [NavigateToURL] successfully performed. With the following test data [https://www.google.com/ncr]. @04-10-2021 01:59:16.0209 A

################################################################################################################################################
Starting Execution:	[24 out of 144] test cases in the current suite
Test Method:		[unitTests.tests_validations_assertions.assertElementAttribute_true_regexComparison_expectedToPass]
################################################################################################################################################
[ReportManager] Element Action [Type] successfully performed. With the following test data [Automation123]. @04-10-2021 01:59:16.0558 AM
[ReportManager] Element Action [GetText] successfully performed. With the following test data [Automation123]. @04-10-2021 01:59:16.0661 AM
[ReportManager] Loaded Shared OpenCV @04-10-2021 01:59:16.0850 AM
[ReportManager] Assertion [ValidateElementAttribute] PASSED. Expected [Value Should be 'Automation.*' for the 'text' attribute, element locator 'By.name: q'] and Actual [Automation123]. Comparison Type [MATCHES]. Validation Type [POSITIVE]. @04-10-2021 01:59:16.0933 AM
[ReportManager] Successfully created attachment [Screenshot - 1633312756849_assertElementAttribute_true_regexComparison_expectedToPass_ValidateElementAttribute_passed] @04-10-2021 01:59:16.0934 A
[ReportManager] Browser Action [CloseCurrentWindow] successfully performed. @04-10-2021 01:59:17.0066 AM
[ReportManager] Successfully created attachment [Browser Action Test Data - CloseCurrentWindow - Actual Value] @04-10-2021 01:59:17.0067 A
[ReportManager] File Action [GetAbsolutePath] successfully performed. With the following test data [Relative Folder Path: "target/downloadedFiles/"]. @04-10-2021 01:59:17.0071 AM
[ReportManager] Attempting to run remotely on: [Linux-64], [GoogleChrome], [http://localhost:4444/wd/hub], Headless Execution. @04-10-2021 01:59:17.0071 AM
[ReportManager] Successfully Opened [GoogleChrome]. @04-10-2021 01:59:17.0309 AM
[ReportManager] Target URL: [https://www.google.com/ncr], and after redirection: [www.google.com] @04-10-2021 01:59:17.0323 AM
[ReportManager] Initial URL: [data:,] @04-10-2021 01:59:17.0369 AM
[ReportManager] Browser Action [NavigateToURL] successfully performed. With the following test data [https://www.google.com/ncr]. @04-10-2021 01:59:18.0237 A

################################################################################################################################################
Starting Execution:	[25 out of 144] test cases in the current suite
Test Method:		[unitTests.tests_validations_assertions.assertElementAttribute_type_true_literalComparison_expectedToPass]
################################################################################################################################################
[ReportManager] Element Action [Type] successfully performed. With the following test data [Automation!@#$%^&*()_+{}[]\';/.,]. @04-10-2021 01:59:18.0751 AM
[ReportManager] Element Action [GetText] successfully performed. With the following test data [Automation!@#$%^&*()_+{}[]\';/.,]. @04-10-2021 01:59:18.0845 AM
[ReportManager] Loaded Shared OpenCV @04-10-2021 01:59:19.0058 AM
[ReportManager] Assertion [ValidateElementAttribute] PASSED. Expected [Value Should be 'Automation!@#$%^&*()_+{}[]\';/.,' for the 'text' attribute, element locator 'By.name: q'] and Actual [Automation!@#$%^&*()_+{}[]\';/.,]. Comparison Type [EQUALS]. Validation Type [POSITIVE]. @04-10-2021 01:59:19.0157 AM
[ReportManager] Successfully created attachment [Screenshot - 1633312759057_assertElementAttribute_type_true_literalComparison_expectedToPass_ValidateElementAttribute_passed] @04-10-2021 01:59:19.0159 A
[ReportManager] Browser Action [CloseCurrentWindow] successfully performed. @04-10-2021 01:59:19.0294 AM
[ReportManager] Successfully created attachment [Browser Action Test Data - CloseCurrentWindow - Actual Value] @04-10-2021 01:59:19.0294 A
[ReportManager] File Action [GetAbsolutePath] successfully performed. With the following test data [Relative Folder Path: "target/downloadedFiles/"]. @04-10-2021 01:59:19.0297 AM
[ReportManager] Attempting to run remotely on: [Linux-64], [GoogleChrome], [http://localhost:4444/wd/hub], Headless Execution. @04-10-2021 01:59:19.0301 AM
[ReportManager] Successfully Opened [GoogleChrome]. @04-10-2021 01:59:19.0532 AM
[ReportManager] Target URL: [https://www.google.com/ncr], and after redirection: [www.google.com] @04-10-2021 01:59:19.0557 AM
[ReportManager] Initial URL: [data:,] @04-10-2021 01:59:19.0626 AM
[ReportManager] Browser Action [NavigateToURL] successfully performed. With the following test data [https://www.google.com/ncr]. @04-10-2021 01:59:20.0620 A

################################################################################################################################################
Starting Execution:	[26 out of 144] test cases in the current suite
Test Method:		[unitTests.tests_validations_assertions.assertElementExists_false_expectedToFail]
################################################################################################################################################
[ReportManager] Loaded Shared OpenCV @04-10-2021 01:59:20.0923 AM
[ReportManager] Assertion [ValidateElementExists] FAILED. Expected [Element Should not Exist, locator 'By.id: hplogo'] and Actual [Element Exists]. Comparison Type [EQUALS]. Validation Type [NEGATIVE]. @04-10-2021 01:59:21.0005 AM
[ReportManager] Successfully created attachment [Screenshot - 1633312760923_assertElementExists_false_expectedToFail_ValidateElementExists_failed] @04-10-2021 01:59:21.0007 A
[ReportManager] Browser Action [CloseCurrentWindow] successfully performed. @04-10-2021 01:59:21.0138 AM
[ReportManager] Successfully created attachment [Browser Action Test Data - CloseCurrentWindow - Actual Value] @04-10-2021 01:59:21.0140 A
[ReportManager] File Action [GetAbsolutePath] successfully performed. With the following test data [Relative Folder Path: "target/downloadedFiles/"]. @04-10-2021 01:59:21.0143 AM
[ReportManager] Attempting to run remotely on: [Linux-64], [GoogleChrome], [http://localhost:4444/wd/hub], Headless Execution. @04-10-2021 01:59:21.0143 AM
[ReportManager] Successfully Opened [GoogleChrome]. @04-10-2021 01:59:21.0461 AM
[ReportManager] Target URL: [https://www.google.com/ncr], and after redirection: [www.google.com] @04-10-2021 01:59:21.0471 AM
[ReportManager] Initial URL: [data:,] @04-10-2021 01:59:21.0521 AM
[ReportManager] Browser Action [NavigateToURL] successfully performed. With the following test data [https://www.google.com/ncr]. @04-10-2021 01:59:22.0434 A

################################################################################################################################################
Starting Execution:	[27 out of 144] test cases in the current suite
Test Method:		[unitTests.tests_validations_assertions.assertElementExists_false_expectedToPass]
################################################################################################################################################
[ReportManager] Assertion [ValidateElementExists] PASSED. Expected [Element Should not Exist, locator 'By.id: fakeElement'] and Actual [Element Doesn't Exists]. Comparison Type [EQUALS]. Validation Type [NEGATIVE]. @04-10-2021 01:59:32.0929 AM
[ReportManager] Successfully created attachment [Screenshot - 1633312772835_assertElementExists_false_expectedToPass_ValidateElementExists_passed] @04-10-2021 01:59:32.0930 A
[ReportManager] Browser Action [CloseCurrentWindow] successfully performed. @04-10-2021 01:59:33.0061 AM
[ReportManager] Successfully created attachment [Browser Action Test Data - CloseCurrentWindow - Actual Value] @04-10-2021 01:59:33.0062 A
[ReportManager] File Action [GetAbsolutePath] successfully performed. With the following test data [Relative Folder Path: "target/downloadedFiles/"]. @04-10-2021 01:59:33.0066 AM
[ReportManager] Attempting to run remotely on: [Linux-64], [GoogleChrome], [http://localhost:4444/wd/hub], Headless Execution. @04-10-2021 01:59:33.0066 AM
[ReportManager] Successfully Opened [GoogleChrome]. @04-10-2021 01:59:33.0279 AM
[ReportManager] Target URL: [https://www.google.com/ncr], and after redirection: [www.google.com] @04-10-2021 01:59:33.0292 AM
[ReportManager] Initial URL: [data:,] @04-10-2021 01:59:33.0348 AM
[ReportManager] Browser Action [NavigateToURL] successfully performed. With the following test data [https://www.google.com/ncr]. @04-10-2021 01:59:34.0199 A

################################################################################################################################################
Starting Execution:	[28 out of 144] test cases in the current suite
Test Method:		[unitTests.tests_validations_assertions.assertElementExists_false_multipleElementsFound_expectedToFail]
################################################################################################################################################
[ReportManager] Assertion [ValidateElementExists] FAILED. Expected [Element Should not Exist, locator 'By.xpath: //div'] and Actual [Element Exists but is not unique]. Comparison Type [EQUALS]. Validation Type [NEGATIVE]. @04-10-2021 01:59:34.0537 AM
[ReportManager] Successfully created attachment [Screenshot - 1633312774459_assertElementExists_false_multipleElementsFound_expectedToFail_ValidateElementExists_failed] @04-10-2021 01:59:34.0538 A
[ReportManager] Browser Action [CloseCurrentWindow] successfully performed. @04-10-2021 01:59:34.0691 AM
[ReportManager] Successfully created attachment [Browser Action Test Data - CloseCurrentWindow - Actual Value] @04-10-2021 01:59:34.0692 A
[ReportManager] File Action [GetAbsolutePath] successfully performed. With the following test data [Relative Folder Path: "target/downloadedFiles/"]. @04-10-2021 01:59:34.0695 AM
[ReportManager] Attempting to run remotely on: [Linux-64], [GoogleChrome], [http://localhost:4444/wd/hub], Headless Execution. @04-10-2021 01:59:34.0695 AM
[ReportManager] Successfully Opened [GoogleChrome]. @04-10-2021 01:59:34.0938 AM
[ReportManager] Target URL: [https://www.google.com/ncr], and after redirection: [www.google.com] @04-10-2021 01:59:34.0955 AM
[ReportManager] Initial URL: [data:,] @04-10-2021 01:59:35.0011 AM
[ReportManager] Browser Action [NavigateToURL] successfully performed. With the following test data [https://www.google.com/ncr]. @04-10-2021 01:59:35.0890 A

################################################################################################################################################
Starting Execution:	[29 out of 144] test cases in the current suite
Test Method:		[unitTests.tests_validations_assertions.assertElementExists_true_expectedToFail]
################################################################################################################################################
[ReportManager] Assertion [ValidateElementExists] FAILED. Expected [Element Should Exist, locator 'By.id: fakeElement'] and Actual [Element Doesn't Exists]. Comparison Type [EQUALS]. Validation Type [POSITIVE]. @04-10-2021 02:00:06.0670 AM
[ReportManager] Successfully created attachment [Screenshot - 1633312806594_assertElementExists_true_expectedToFail_ValidateElementExists_failed] @04-10-2021 02:00:06.0671 A
[ReportManager] Browser Action [CloseCurrentWindow] successfully performed. @04-10-2021 02:00:06.0801 AM
[ReportManager] Successfully created attachment [Browser Action Test Data - CloseCurrentWindow - Actual Value] @04-10-2021 02:00:06.0802 A
[ReportManager] File Action [GetAbsolutePath] successfully performed. With the following test data [Relative Folder Path: "target/downloadedFiles/"]. @04-10-2021 02:00:06.0807 AM
[ReportManager] Attempting to run remotely on: [Linux-64], [GoogleChrome], [http://localhost:4444/wd/hub], Headless Execution. @04-10-2021 02:00:06.0807 AM
[ReportManager] Successfully Opened [GoogleChrome]. @04-10-2021 02:00:07.0029 AM
[ReportManager] Target URL: [https://www.google.com/ncr], and after redirection: [www.google.com] @04-10-2021 02:00:07.0040 AM
[ReportManager] Initial URL: [data:,] @04-10-2021 02:00:07.0095 AM
[ReportManager] Browser Action [NavigateToURL] successfully performed. With the following test data [https://www.google.com/ncr]. @04-10-2021 02:00:08.0033 A

################################################################################################################################################
Starting Execution:	[30 out of 144] test cases in the current suite
Test Method:		[unitTests.tests_validations_assertions.assertElementExists_true_expectedToPass]
################################################################################################################################################
[ReportManager] Loaded Shared OpenCV @04-10-2021 02:00:08.0278 AM
[ReportManager] Assertion [ValidateElementExists] PASSED. Expected [Element Should Exist, locator 'By.xpath: //*[@id='hplogo' or @alt='Google']'] and Actual [Element Exists]. Comparison Type [EQUALS]. Validation Type [POSITIVE]. @04-10-2021 02:00:08.0381 AM
[ReportManager] Successfully created attachment [Screenshot - 1633312808278_assertElementExists_true_expectedToPass_ValidateElementExists_passed] @04-10-2021 02:00:08.0382 A
[ReportManager] Browser Action [CloseCurrentWindow] successfully performed. @04-10-2021 02:00:08.0519 AM
[ReportManager] Successfully created attachment [Browser Action Test Data - CloseCurrentWindow - Actual Value] @04-10-2021 02:00:08.0520 A
[ReportManager] File Action [GetAbsolutePath] successfully performed. With the following test data [Relative Folder Path: "target/downloadedFiles/"]. @04-10-2021 02:00:08.0522 AM
[ReportManager] Attempting to run remotely on: [Linux-64], [GoogleChrome], [http://localhost:4444/wd/hub], Headless Execution. @04-10-2021 02:00:08.0523 AM
[ReportManager] Successfully Opened [GoogleChrome]. @04-10-2021 02:00:08.0754 AM
[ReportManager] Target URL: [https://www.google.com/ncr], and after redirection: [www.google.com] @04-10-2021 02:00:08.0769 AM
[ReportManager] Initial URL: [data:,] @04-10-2021 02:00:08.0830 AM
[ReportManager] Browser Action [NavigateToURL] successfully performed. With the following test data [https://www.google.com/ncr]. @04-10-2021 02:00:09.0738 A

################################################################################################################################################
Starting Execution:	[31 out of 144] test cases in the current suite
Test Method:		[unitTests.tests_validations_assertions.assertElementExists_true_multipleElementsFound_expectedToFail]
################################################################################################################################################
[ReportManager] Assertion [ValidateElementExists] FAILED. Expected [Element Should Exist, locator 'By.xpath: //div'] and Actual [Element Exists but is not unique]. Comparison Type [EQUALS]. Validation Type [POSITIVE]. @04-10-2021 02:00:10.0045 AM
[ReportManager] Successfully created attachment [Screenshot - 1633312809976_assertElementExists_true_multipleElementsFound_expectedToFail_ValidateElementExists_failed] @04-10-2021 02:00:10.0046 A
[ReportManager] Browser Action [CloseCurrentWindow] successfully performed. @04-10-2021 02:00:10.0178 AM
[ReportManager] Successfully created attachment [Browser Action Test Data - CloseCurrentWindow - Actual Value] @04-10-2021 02:00:10.0179 A

################################################################################################################################################
Starting Execution:	[32 out of 144] test cases in the current suite
Test Method:		[unitTests.tests_validations_assertions.assertEquals_false_expectedToFail]
################################################################################################################################################
[ReportManager] Assertion [ValidateEquals] FAILED. Expected [1] and Actual [1]. Comparison Type [EQUALS]. Validation Type [NEGATIVE]. @04-10-2021 02:00:10.0186 A

################################################################################################################################################
Starting Execution:	[33 out of 144] test cases in the current suite
Test Method:		[unitTests.tests_validations_assertions.assertEquals_false_expectedToPass]
################################################################################################################################################
[ReportManager] Assertion [ValidateEquals] PASSED. Expected [1] and Actual [2]. Comparison Type [EQUALS]. Validation Type [NEGATIVE]. @04-10-2021 02:00:10.0194 A

################################################################################################################################################
Starting Execution:	[34 out of 144] test cases in the current suite
Test Method:		[unitTests.tests_validations_assertions.assertEquals_longCharacters]
################################################################################################################################################
[ReportManager] Verification [ValidateEquals] PASSED. Expected and Actual values are attached. Comparison Type [EQUALS]. Validation Type [POSITIVE]. @04-10-2021 02:00:10.0202 AM
[ReportManager] Successfully created attachment [Validation Test Data - Expected Value] @04-10-2021 02:00:10.0202 AM
[ReportManager] Successfully created attachment [Validation Test Data - Actual Value] @04-10-2021 02:00:10.0202 AM
[ReportManager] Assertion [ValidateEquals] PASSED. Expected and Actual values are attached. Comparison Type [EQUALS]. Validation Type [POSITIVE]. @04-10-2021 02:00:10.0202 AM
[ReportManager] Successfully created attachment [Validation Test Data - Expected Value] @04-10-2021 02:00:10.0203 AM
[ReportManager] Successfully created attachment [Validation Test Data - Actual Value] @04-10-2021 02:00:10.0206 A

################################################################################################################################################
Starting Execution:	[35 out of 144] test cases in the current suite
Test Method:		[unitTests.tests_validations_assertions.assertEquals_longCharacters_Discreet]
################################################################################################################################################
[ReportManager] Assertion [ValidateEquals] PASSED. Expected [1LH5pROcDBjjQk0t0mCr0lXuzQu9lcGj28kY8R1H81X67eVAQJgWQhILiRWVPUgZ6uCtK5cnBkF55Jr9vYngjGO1Iyf0Mktv6lruDlL9T8MAUPcUZJGHZtji6nIeadujDSNmWMj5d6C8zlFqw0CRqBU0hO5adIasHgBSNoLotAjce3NGXoDwAlp3rYreeV16VIyZXROQY] and Actual [1LH5pROcDBjjQk0t0mCr0lXuzQu9lcGj28kY8R1H81X67eVAQJgWQhILiRWVPUgZ6uCtK5cnBkF55Jr9vYngjGO1Iyf0Mktv6lruDlL9T8MAUPcUZJGHZtji6nIeadujDSNmWMj5d6C8zlFqw0CRqBU0hO5adIasHgBSNoLotAjce3NGXoDwAlp3rYreeV16VIyZXROQY]. Comparison Type [EQUALS]. Validation Type [POSITIVE]. @04-10-2021 02:00:10.0213 A

################################################################################################################################################
Starting Execution:	[36 out of 144] test cases in the current suite
Test Method:		[unitTests.tests_validations_assertions.assertEquals_true_expectedToFail]
################################################################################################################################################
[ReportManager] Assertion [ValidateEquals] FAILED. Expected [1] and Actual [2]. Comparison Type [EQUALS]. Validation Type [POSITIVE]. @04-10-2021 02:00:10.0221 A

################################################################################################################################################
Starting Execution:	[37 out of 144] test cases in the current suite
Test Method:		[unitTests.tests_validations_assertions.assertEquals_true_expectedToPass]
Test Description:	[Assert that assertEquals works as expected when the two values are equal.]
################################################################################################################################################
[ReportManager] Verification [ValidateEquals] PASSED. Expected [1] and Actual [1]. Comparison Type [EQUALS]. Validation Type [POSITIVE]. @04-10-2021 02:00:10.0233 AM
[ReportManager] Assertion [ValidateEquals] PASSED. Expected [1] and Actual [1]. Comparison Type [EQUALS]. Validation Type [POSITIVE]. @04-10-2021 02:00:10.0234 A

################################################################################################################################################
Starting Execution:	[38 out of 144] test cases in the current suite
Test Method:		[unitTests.tests_validations_assertions.assertEquals_true_expectedToPass__]
################################################################################################################################################
[ReportManager] Assertion [ValidateEquals] PASSED. Expected [1] and Actual [1]. Comparison Type [EQUALS]. Validation Type [POSITIVE]. @04-10-2021 02:00:10.0239 A

################################################################################################################################################
Starting Execution:	[39 out of 144] test cases in the current suite
Test Method:		[unitTests.tests_validations_assertions.assertFileExists_false_expectedToFail]
################################################################################################################################################
[ReportManager] File Action [DoesFileExist] successfully performed. With the following test data [File Path: "src/main/java/com/shaft/gui/element/ElementActions.java"]. @04-10-2021 02:00:10.0244 AM
[ReportManager] Assertion [ValidateFileExists] FAILED. Expected [File 'src/main/java/com/shaft/gui/element/ElementActions.java' should not exist, after up to '1' retries] and Actual [File exists]. Validation Type [NEGATIVE]. @04-10-2021 02:00:10.0249 A

################################################################################################################################################
Starting Execution:	[40 out of 144] test cases in the current suite
Test Method:		[unitTests.tests_validations_assertions.assertFileExists_false_expectedToPass]
################################################################################################################################################
[ReportManager] File Action [DoesFileExist] successfully performed. With the following test data [File Path: "src/main/java/com/shaft/gui/element/ElementActions.java_fail"]. @04-10-2021 02:00:10.0754 AM
[ReportManager] Assertion [ValidateFileExists] PASSED. Expected [File 'src/main/java/com/shaft/gui/element/ElementActions.java_fail' should not exist, after up to '1' retries] and Actual [File does not exist]. Validation Type [NEGATIVE]. @04-10-2021 02:00:10.0755 A

################################################################################################################################################
Starting Execution:	[41 out of 144] test cases in the current suite
Test Method:		[unitTests.tests_validations_assertions.assertFileExists_true_expectedToFail]
################################################################################################################################################
[ReportManager] File Action [DoesFileExist] successfully performed. With the following test data [File Path: "src/main/java/com/shaft/gui/element/ElementActions.java_fail"]. @04-10-2021 02:00:11.0259 AM
[ReportManager] Assertion [ValidateFileExists] FAILED. Expected [File 'src/main/java/com/shaft/gui/element/ElementActions.java_fail' should exist, after up to '1' retries] and Actual [File does not exist]. Validation Type [POSITIVE]. @04-10-2021 02:00:11.0260 A

################################################################################################################################################
Starting Execution:	[42 out of 144] test cases in the current suite
Test Method:		[unitTests.tests_validations_assertions.assertFileExists_true_expectedToPass]
################################################################################################################################################
[ReportManager] File Action [DoesFileExist] successfully performed. With the following test data [File Path: "src/main/java/com/shaft/gui/element/ElementActions.java"]. @04-10-2021 02:00:11.0265 AM
[ReportManager] Assertion [ValidateFileExists] PASSED. Expected [File 'src/main/java/com/shaft/gui/element/ElementActions.java' should exist, after up to '1' retries] and Actual [File exists]. Validation Type [POSITIVE]. @04-10-2021 02:00:11.0265 A

################################################################################################################################################
Starting Execution:	[43 out of 144] test cases in the current suite
Test Method:		[unitTests.tests_validations_assertions.assertNull_false_expectedToFail]
################################################################################################################################################
[ReportManager] Assertion [ValidateNull] FAILED. Expected [NULL] and Actual [NULL]. Comparison Type [EQUALS]. Validation Type [NEGATIVE]. @04-10-2021 02:00:11.0270 A

################################################################################################################################################
Starting Execution:	[44 out of 144] test cases in the current suite
Test Method:		[unitTests.tests_validations_assertions.assertNull_false_expectedToPass]
################################################################################################################################################
[ReportManager] Assertion [ValidateNull] PASSED. Expected [NULL] and Actual [1]. Comparison Type [EQUALS]. Validation Type [NEGATIVE]. @04-10-2021 02:00:11.0275 A

################################################################################################################################################
Starting Execution:	[45 out of 144] test cases in the current suite
Test Method:		[unitTests.tests_validations_assertions.assertNull_true_expectedToFail]
################################################################################################################################################
[ReportManager] Assertion [ValidateNull] FAILED. Expected [NULL] and Actual [1]. Comparison Type [EQUALS]. Validation Type [POSITIVE]. @04-10-2021 02:00:11.0278 A

################################################################################################################################################
Starting Execution:	[46 out of 144] test cases in the current suite
Test Method:		[unitTests.tests_validations_assertions.assertNull_true_expectedToPass]
################################################################################################################################################
[ReportManager] Assertion [ValidateNull] PASSED. Expected [NULL] and Actual [NULL]. Comparison Type [EQUALS]. Validation Type [POSITIVE]. @04-10-2021 02:00:11.0281 A

################################################################################################################################################
Starting Execution:	[47 out of 144] test cases in the current suite
Test Method:		[unitTests.tests_restActions.getPostsAndAssertBodyForSpecificTitle]
################################################################################################################################################
[ReportManager] Response status code: [200], status line: [HTTP/1.1 200 OK] @04-10-2021 02:00:13.0533 AM
[ReportManager] Assertion Passed: Evaluating the actual response status code against the expected one... @04-10-2021 02:00:13.0533 AM
[ReportManager] Assertion [ValidateEquals] PASSED. Expected [200] and Actual [200]. Comparison Type [EQUALS]. Validation Type [POSITIVE]. @04-10-2021 02:00:13.0533 AM
[ReportManager] API Action [PerformRequest] successfully performed. With the following test data [Request Type: "GET" | Target Status Code: "200" | Service URL: "https://jsonplaceholder.typicode.com/posts" | Content Type: "*/*" | Response Time: "907ms"]. @04-10-2021 02:00:14.0851 AM
[ReportManager] Successfully created attachment [API Request - Specifications] @04-10-2021 02:00:14.0852 AM
[ReportManager] Successfully created attachment [API Response - JSON Body] @04-10-2021 02:00:15.0250 AM
[ReportManager] API Action [GetResponseJSONValueAsList] successfully performed. @04-10-2021 02:00:15.0291 AM
[ReportManager] API Action [GetResponseJSONValue] successfully performed. With the following test data [title]. @04-10-2021 02:00:15.0316 AM
[ReportManager] API Action [GetResponseJSONValue] successfully performed. With the following test data [title]. @04-10-2021 02:00:15.0345 AM
[ReportManager] API Action [GetResponseJSONValue] successfully performed. With the following test data [body]. @04-10-2021 02:00:15.0372 AM
[ReportManager] Assertion [ValidateEquals] PASSED. Expected [qui neque nisi nulla] and Actual [est rerum tempore vitae
sequi sint nihil reprehenderit dolor beatae ea dolores neque
fugiat blanditiis voluptate porro vel nihil molestiae ut reiciendis
qui aperiam non debitis possimus qui neque nisi nulla]. Comparison Type [CONTAINS]. Validation Type [POSITIVE]. @04-10-2021 02:00:15.0373 AM
[ReportManager] API Action [GetResponseJSONValue] successfully performed. With the following test data [title]. @04-10-2021 02:00:15.0388 AM
[ReportManager] API Action [GetResponseJSONValue] successfully performed. With the following test data [title]. @04-10-2021 02:00:15.0402 AM
[ReportManager] API Action [GetResponseJSONValue] successfully performed. With the following test data [title]. @04-10-2021 02:00:15.0420 AM
[ReportManager] API Action [GetResponseJSONValue] successfully performed. With the following test data [title]. @04-10-2021 02:00:15.0438 AM
[ReportManager] API Action [GetResponseJSONValue] successfully performed. With the following test data [title]. @04-10-2021 02:00:15.0455 AM
[ReportManager] API Action [GetResponseJSONValue] successfully performed. With the following test data [title]. @04-10-2021 02:00:15.0476 AM
[ReportManager] API Action [GetResponseJSONValue] successfully performed. With the following test data [title]. @04-10-2021 02:00:15.0496 AM
[ReportManager] API Action [GetResponseJSONValue] successfully performed. With the following test data [title]. @04-10-2021 02:00:15.0515 AM
[ReportManager] API Action [GetResponseJSONValue] successfully performed. With the following test data [title]. @04-10-2021 02:00:15.0531 AM
[ReportManager] API Action [GetResponseJSONValue] successfully performed. With the following test data [title]. @04-10-2021 02:00:15.0546 AM
[ReportManager] API Action [GetResponseJSONValue] successfully performed. With the following test data [title]. @04-10-2021 02:00:15.0573 AM
[ReportManager] API Action [GetResponseJSONValue] successfully performed. With the following test data [title]. @04-10-2021 02:00:15.0607 AM
[ReportManager] API Action [GetResponseJSONValue] successfully performed. With the following test data [title]. @04-10-2021 02:00:15.0621 AM
[ReportManager] API Action [GetResponseJSONValue] successfully performed. With the following test data [title]. @04-10-2021 02:00:15.0637 AM
[ReportManager] API Action [GetResponseJSONValue] successfully performed. With the following test data [title]. @04-10-2021 02:00:15.0671 AM
[ReportManager] API Action [GetResponseJSONValue] successfully performed. With the following test data [title]. @04-10-2021 02:00:15.0688 AM
[ReportManager] API Action [GetResponseJSONValue] successfully performed. With the following test data [title]. @04-10-2021 02:00:15.0704 AM
[ReportManager] API Action [GetResponseJSONValue] successfully performed. With the following test data [title]. @04-10-2021 02:00:15.0719 AM
[ReportManager] API Action [GetResponseJSONValue] successfully performed. With the following test data [title]. @04-10-2021 02:00:15.0731 AM
[ReportManager] API Action [GetResponseJSONValue] successfully performed. With the following test data [title]. @04-10-2021 02:00:15.0748 AM
[ReportManager] API Action [GetResponseJSONValue] successfully performed. With the following test data [title]. @04-10-2021 02:00:15.0763 AM
[ReportManager] API Action [GetResponseJSONValue] successfully performed. With the following test data [title]. @04-10-2021 02:00:15.0785 AM
[ReportManager] API Action [GetResponseJSONValue] successfully performed. With the following test data [title]. @04-10-2021 02:00:15.0799 AM
[ReportManager] API Action [GetResponseJSONValue] successfully performed. With the following test data [title]. @04-10-2021 02:00:15.0813 AM
[ReportManager] API Action [GetResponseJSONValue] successfully performed. With the following test data [title]. @04-10-2021 02:00:15.0828 AM
[ReportManager] API Action [GetResponseJSONValue] successfully performed. With the following test data [title]. @04-10-2021 02:00:15.0840 AM
[ReportManager] API Action [GetResponseJSONValue] successfully performed. With the following test data [title]. @04-10-2021 02:00:15.0864 AM
[ReportManager] API Action [GetResponseJSONValue] successfully performed. With the following test data [title]. @04-10-2021 02:00:15.0880 AM
[ReportManager] API Action [GetResponseJSONValue] successfully performed. With the following test data [title]. @04-10-2021 02:00:15.0893 AM
[ReportManager] API Action [GetResponseJSONValue] successfully performed. With the following test data [title]. @04-10-2021 02:00:15.0905 AM
[ReportManager] API Action [GetResponseJSONValue] successfully performed. With the following test data [title]. @04-10-2021 02:00:15.0918 AM
[ReportManager] API Action [GetResponseJSONValue] successfully performed. With the following test data [title]. @04-10-2021 02:00:15.0932 AM
[ReportManager] API Action [GetResponseJSONValue] successfully performed. With the following test data [title]. @04-10-2021 02:00:15.0950 AM
[ReportManager] API Action [GetResponseJSONValue] successfully performed. With the following test data [title]. @04-10-2021 02:00:15.0961 AM
[ReportManager] API Action [GetResponseJSONValue] successfully performed. With the following test data [title]. @04-10-2021 02:00:15.0973 AM
[ReportManager] API Action [GetResponseJSONValue] successfully performed. With the following test data [title]. @04-10-2021 02:00:15.0984 AM
[ReportManager] API Action [GetResponseJSONValue] successfully performed. With the following test data [title]. @04-10-2021 02:00:15.0994 AM
[ReportManager] API Action [GetResponseJSONValue] successfully performed. With the following test data [title]. @04-10-2021 02:00:16.0008 AM
[ReportManager] API Action [GetResponseJSONValue] successfully performed. With the following test data [title]. @04-10-2021 02:00:16.0028 AM
[ReportManager] API Action [GetResponseJSONValue] successfully performed. With the following test data [title]. @04-10-2021 02:00:16.0039 AM
[ReportManager] API Action [GetResponseJSONValue] successfully performed. With the following test data [title]. @04-10-2021 02:00:16.0048 AM
[ReportManager] API Action [GetResponseJSONValue] successfully performed. With the following test data [title]. @04-10-2021 02:00:16.0065 AM
[ReportManager] API Action [GetResponseJSONValue] successfully performed. With the following test data [title]. @04-10-2021 02:00:16.0075 AM
[ReportManager] API Action [GetResponseJSONValue] successfully performed. With the following test data [title]. @04-10-2021 02:00:16.0094 AM
[ReportManager] API Action [GetResponseJSONValue] successfully performed. With the following test data [title]. @04-10-2021 02:00:16.0105 AM
[ReportManager] API Action [GetResponseJSONValue] successfully performed. With the following test data [title]. @04-10-2021 02:00:16.0121 AM
[ReportManager] API Action [GetResponseJSONValue] successfully performed. With the following test data [title]. @04-10-2021 02:00:16.0135 AM
[ReportManager] API Action [GetResponseJSONValue] successfully performed. With the following test data [title]. @04-10-2021 02:00:16.0152 AM
[ReportManager] API Action [GetResponseJSONValue] successfully performed. With the following test data [title]. @04-10-2021 02:00:16.0164 AM
[ReportManager] API Action [GetResponseJSONValue] successfully performed. With the following test data [title]. @04-10-2021 02:00:16.0174 AM
[ReportManager] API Action [GetResponseJSONValue] successfully performed. With the following test data [title]. @04-10-2021 02:00:16.0187 AM
[ReportManager] API Action [GetResponseJSONValue] successfully performed. With the following test data [title]. @04-10-2021 02:00:16.0200 AM
[ReportManager] API Action [GetResponseJSONValue] successfully performed. With the following test data [title]. @04-10-2021 02:00:16.0215 AM
[ReportManager] API Action [GetResponseJSONValue] successfully performed. With the following test data [title]. @04-10-2021 02:00:16.0226 AM
[ReportManager] API Action [GetResponseJSONValue] successfully performed. With the following test data [title]. @04-10-2021 02:00:16.0238 AM
[ReportManager] API Action [GetResponseJSONValue] successfully performed. With the following test data [title]. @04-10-2021 02:00:16.0256 AM
[ReportManager] API Action [GetResponseJSONValue] successfully performed. With the following test data [title]. @04-10-2021 02:00:16.0269 AM
[ReportManager] API Action [GetResponseJSONValue] successfully performed. With the following test data [title]. @04-10-2021 02:00:16.0282 AM
[ReportManager] API Action [GetResponseJSONValue] successfully performed. With the following test data [title]. @04-10-2021 02:00:16.0304 AM
[ReportManager] API Action [GetResponseJSONValue] successfully performed. With the following test data [title]. @04-10-2021 02:00:16.0405 AM
[ReportManager] API Action [GetResponseJSONValue] successfully performed. With the following test data [title]. @04-10-2021 02:00:16.0423 AM
[ReportManager] API Action [GetResponseJSONValue] successfully performed. With the following test data [title]. @04-10-2021 02:00:16.0432 AM
[ReportManager] API Action [GetResponseJSONValue] successfully performed. With the following test data [title]. @04-10-2021 02:00:16.0443 AM
[ReportManager] API Action [GetResponseJSONValue] successfully performed. With the following test data [title]. @04-10-2021 02:00:16.0475 AM
[ReportManager] API Action [GetResponseJSONValue] successfully performed. With the following test data [title]. @04-10-2021 02:00:16.0487 AM
[ReportManager] API Action [GetResponseJSONValue] successfully performed. With the following test data [title]. @04-10-2021 02:00:16.0500 AM
[ReportManager] API Action [GetResponseJSONValue] successfully performed. With the following test data [title]. @04-10-2021 02:00:16.0510 AM
[ReportManager] API Action [GetResponseJSONValue] successfully performed. With the following test data [title]. @04-10-2021 02:00:16.0520 AM
[ReportManager] API Action [GetResponseJSONValue] successfully performed. With the following test data [title]. @04-10-2021 02:00:16.0529 AM
[ReportManager] API Action [GetResponseJSONValue] successfully performed. With the following test data [title]. @04-10-2021 02:00:16.0543 AM
[ReportManager] API Action [GetResponseJSONValue] successfully performed. With the following test data [title]. @04-10-2021 02:00:16.0553 AM
[ReportManager] API Action [GetResponseJSONValue] successfully performed. With the following test data [title]. @04-10-2021 02:00:16.0568 AM
[ReportManager] API Action [GetResponseJSONValue] successfully performed. With the following test data [title]. @04-10-2021 02:00:16.0592 AM
[ReportManager] API Action [GetResponseJSONValue] successfully performed. With the following test data [title]. @04-10-2021 02:00:16.0603 AM
[ReportManager] API Action [GetResponseJSONValue] successfully performed. With the following test data [title]. @04-10-2021 02:00:16.0614 AM
[ReportManager] API Action [GetResponseJSONValue] successfully performed. With the following test data [title]. @04-10-2021 02:00:16.0626 AM
[ReportManager] API Action [GetResponseJSONValue] successfully performed. With the following test data [title]. @04-10-2021 02:00:16.0642 AM
[ReportManager] API Action [GetResponseJSONValue] successfully performed. With the following test data [title]. @04-10-2021 02:00:16.0654 AM
[ReportManager] API Action [GetResponseJSONValue] successfully performed. With the following test data [title]. @04-10-2021 02:00:16.0666 AM
[ReportManager] API Action [GetResponseJSONValue] successfully performed. With the following test data [title]. @04-10-2021 02:00:16.0678 AM
[ReportManager] API Action [GetResponseJSONValue] successfully performed. With the following test data [title]. @04-10-2021 02:00:16.0692 AM
[ReportManager] API Action [GetResponseJSONValue] successfully performed. With the following test data [title]. @04-10-2021 02:00:16.0715 AM
[ReportManager] API Action [GetResponseJSONValue] successfully performed. With the following test data [title]. @04-10-2021 02:00:16.0725 AM
[ReportManager] API Action [GetResponseJSONValue] successfully performed. With the following test data [title]. @04-10-2021 02:00:16.0740 AM
[ReportManager] API Action [GetResponseJSONValue] successfully performed. With the following test data [title]. @04-10-2021 02:00:16.0755 AM
[ReportManager] API Action [GetResponseJSONValue] successfully performed. With the following test data [title]. @04-10-2021 02:00:16.0769 AM
[ReportManager] API Action [GetResponseJSONValue] successfully performed. With the following test data [title]. @04-10-2021 02:00:16.0778 AM
[ReportManager] API Action [GetResponseJSONValue] successfully performed. With the following test data [title]. @04-10-2021 02:00:16.0788 AM
[ReportManager] API Action [GetResponseJSONValue] successfully performed. With the following test data [title]. @04-10-2021 02:00:16.0801 AM
[ReportManager] API Action [GetResponseJSONValue] successfully performed. With the following test data [title]. @04-10-2021 02:00:16.0811 AM
[ReportManager] API Action [GetResponseJSONValue] successfully performed. With the following test data [title]. @04-10-2021 02:00:16.0822 AM
[ReportManager] API Action [GetResponseJSONValue] successfully performed. With the following test data [title]. @04-10-2021 02:00:16.0846 AM
[ReportManager] API Action [GetResponseJSONValue] successfully performed. With the following test data [title]. @04-10-2021 02:00:16.0858 AM
[ReportManager] API Action [GetResponseJSONValue] successfully performed. With the following test data [title]. @04-10-2021 02:00:16.0867 AM
[ReportManager] API Action [GetResponseJSONValue] successfully performed. With the following test data [title]. @04-10-2021 02:00:16.0879 AM
[ReportManager] API Action [GetResponseJSONValue] successfully performed. With the following test data [title]. @04-10-2021 02:00:16.0890 AM
[ReportManager] API Action [GetResponseJSONValue] successfully performed. With the following test data [title]. @04-10-2021 02:00:16.0898 AM
[ReportManager] API Action [GetResponseJSONValue] successfully performed. With the following test data [title]. @04-10-2021 02:00:16.0906 A

################################################################################################################################################
Starting Execution:	[48 out of 144] test cases in the current suite
Test Method:		[unitTests.tests_restActions.validateUserEmail]
################################################################################################################################################
[ReportManager] Response status code: [200], status line: [HTTP/1.1 200 OK] @04-10-2021 02:00:17.0011 AM
[ReportManager] Assertion Passed: Evaluating the actual response status code against the expected one... @04-10-2021 02:00:17.0011 AM
[ReportManager] Assertion [ValidateEquals] PASSED. Expected [200] and Actual [200]. Comparison Type [EQUALS]. Validation Type [POSITIVE]. @04-10-2021 02:00:17.0011 AM
[ReportManager] API Action [PerformRequest] successfully performed. With the following test data [Request Type: "GET" | Target Status Code: "200" | Service URL: "https://jsonplaceholder.typicode.com/users" | Content Type: "*/*" | Response Time: "76ms"]. @04-10-2021 02:00:17.0032 AM
[ReportManager] Successfully created attachment [API Request - Specifications] @04-10-2021 02:00:17.0033 AM
[ReportManager] Successfully created attachment [API Response - JSON Body] @04-10-2021 02:00:17.0033 AM
[ReportManager] Assertion [ValidateEquals] PASSED. Expected and Actual values are attached. Comparison Type [CONTAINS]. Validation Type [POSITIVE]. @04-10-2021 02:00:17.0034 AM
[ReportManager] Successfully created attachment [Validation Test Data - Expected Value] @04-10-2021 02:00:17.0034 AM
[ReportManager] Successfully created attachment [Validation Test Data - Actual Value] @04-10-2021 02:00:17.0034 AM
[ReportManager] API Action [GetResponseJSONValueAsList] successfully performed. With the following test data [$]. @04-10-2021 02:00:17.0039 AM
[ReportManager] API Action [GetResponseJSONValue] successfully performed. With the following test data [name]. @04-10-2021 02:00:17.0049 AM
[ReportManager] API Action [GetResponseJSONValue] successfully performed. With the following test data [email]. @04-10-2021 02:00:17.0059 AM
[ReportManager] Assertion [ValidateEquals] PASSED. Expected [Sincere@april.biz] and Actual [Sincere@april.biz]. Comparison Type [EQUALS]. Validation Type [POSITIVE]. @04-10-2021 02:00:17.0061 AM
[ReportManager] API Action [GetResponseJSONValue] successfully performed. With the following test data [name]. @04-10-2021 02:00:17.0072 AM
[ReportManager] API Action [GetResponseJSONValue] successfully performed. With the following test data [name]. @04-10-2021 02:00:17.0083 AM
[ReportManager] API Action [GetResponseJSONValue] successfully performed. With the following test data [name]. @04-10-2021 02:00:17.0093 AM
[ReportManager] API Action [GetResponseJSONValue] successfully performed. With the following test data [name]. @04-10-2021 02:00:17.0102 AM
[ReportManager] API Action [GetResponseJSONValue] successfully performed. With the following test data [name]. @04-10-2021 02:00:17.0112 AM
[ReportManager] API Action [GetResponseJSONValue] successfully performed. With the following test data [name]. @04-10-2021 02:00:17.0121 AM
[ReportManager] API Action [GetResponseJSONValue] successfully performed. With the following test data [name]. @04-10-2021 02:00:17.0130 AM
[ReportManager] API Action [GetResponseJSONValue] successfully performed. With the following test data [name]. @04-10-2021 02:00:17.0138 AM
[ReportManager] API Action [GetResponseJSONValue] successfully performed. With the following test data [name]. @04-10-2021 02:00:17.0150 A
[ReportManager] File Action [GetAbsolutePath] successfully performed. With the following test data [Relative Folder Path: "target/downloadedFiles/"]. @04-10-2021 02:00:17.0160 AM
[ReportManager] Attempting to run remotely on: [Linux-64], [GoogleChrome], [http://localhost:4444/wd/hub], Headless Execution. @04-10-2021 02:00:17.0161 AM
[ReportManager] Successfully Opened [GoogleChrome]. @04-10-2021 02:00:17.0531 A

################################################################################################################################################
Starting Execution:	[49 out of 144] test cases in the current suite
Test Method:		[unitTests.tests_element_elementActions.waitForElementToBePresent_false_expectedToFail]
################################################################################################################################################
[ReportManager] Target URL: [https://www.google.com/ncr], and after redirection: [www.google.com] @04-10-2021 02:00:17.0559 AM
[ReportManager] Initial URL: [data:,] @04-10-2021 02:00:17.0609 AM
[ReportManager] Browser Action [NavigateToURL] successfully performed. With the following test data [https://www.google.com/ncr]. @04-10-2021 02:00:18.0501 AM
[ReportManager] Waiting for element to be present; elementLocator [By.xpath: //*[@id='hplogo' or @alt='Google']], numberOfTries[1], stateOfPresence[false]... @04-10-2021 02:00:18.0505 AM
[ReportManager] Element Action [WaitForElementToBePresent] failed. With the following test data [waited for the element's state of presence to be (false). Element locator (By.xpath: //*[@id='hplogo' or @alt='Google'])]. @04-10-2021 02:00:18.0822 AM
[ReportManager] Successfully created attachment [Screenshot - 1633312818742_waitForElementToBePresent_false_expectedToFail_WaitForElementToBePresent_failed] @04-10-2021 02:00:18.0825 A
[ReportManager] Browser Action [CloseCurrentWindow] successfully performed. @04-10-2021 02:00:18.0957 AM
[ReportManager] Successfully created attachment [Browser Action Test Data - CloseCurrentWindow - Actual Value] @04-10-2021 02:00:18.0958 A
[ReportManager] File Action [GetAbsolutePath] successfully performed. With the following test data [Relative Folder Path: "target/downloadedFiles/"]. @04-10-2021 02:00:18.0964 AM
[ReportManager] Attempting to run remotely on: [Linux-64], [GoogleChrome], [http://localhost:4444/wd/hub], Headless Execution. @04-10-2021 02:00:18.0965 AM
[ReportManager] Successfully Opened [GoogleChrome]. @04-10-2021 02:00:19.0169 A

################################################################################################################################################
Starting Execution:	[50 out of 144] test cases in the current suite
Test Method:		[unitTests.tests_element_elementActions.waitForElementToBePresent_false_expectedToPass]
################################################################################################################################################
[ReportManager] Target URL: [https://www.google.com/ncr], and after redirection: [www.google.com] @04-10-2021 02:00:19.0182 AM
[ReportManager] Initial URL: [data:,] @04-10-2021 02:00:19.0229 AM
[ReportManager] Browser Action [NavigateToURL] successfully performed. With the following test data [https://www.google.com/ncr]. @04-10-2021 02:00:20.0096 AM
[ReportManager] Waiting for element to be present; elementLocator [By.id: bla], numberOfTries[1], stateOfPresence[false]... @04-10-2021 02:00:20.0096 AM
[ReportManager] Element Action [WaitForElementToBePresent] successfully performed. With the following test data [waited for the element's state of presence to be (false). Element locator (By.id: bla)]. @04-10-2021 02:00:25.0227 A
[ReportManager] Browser Action [CloseCurrentWindow] successfully performed. @04-10-2021 02:00:25.0362 AM
[ReportManager] Successfully created attachment [Browser Action Test Data - CloseCurrentWindow - Actual Value] @04-10-2021 02:00:25.0363 A
[ReportManager] File Action [GetAbsolutePath] successfully performed. With the following test data [Relative Folder Path: "target/downloadedFiles/"]. @04-10-2021 02:00:25.0365 AM
[ReportManager] Attempting to run remotely on: [Linux-64], [GoogleChrome], [http://localhost:4444/wd/hub], Headless Execution. @04-10-2021 02:00:25.0365 AM
[ReportManager] Successfully Opened [GoogleChrome]. @04-10-2021 02:00:25.0668 A

################################################################################################################################################
Starting Execution:	[51 out of 144] test cases in the current suite
Test Method:		[unitTests.tests_element_elementActions.waitForElementToBePresent_moreThanOneElement_expectedToFail]
################################################################################################################################################
[ReportManager] Target URL: [https://www.google.com/ncr], and after redirection: [www.google.com] @04-10-2021 02:00:25.0681 AM
[ReportManager] Initial URL: [data:,] @04-10-2021 02:00:25.0741 AM
[ReportManager] Browser Action [NavigateToURL] successfully performed. With the following test data [https://www.google.com/ncr]. @04-10-2021 02:00:26.0611 AM
[ReportManager] Waiting for element to be present; elementLocator [By.xpath: //*], numberOfTries[1], stateOfPresence[false]... @04-10-2021 02:00:26.0611 AM
[ReportManager] Element Action [WaitForElementToBePresent] failed. With the following test data [waited for the element's state of presence to be (false). Element locator (By.xpath: //*)]. @04-10-2021 02:00:26.0884 AM
[ReportManager] Successfully created attachment [Screenshot - 1633312826809_waitForElementToBePresent_moreThanOneElement_expectedToFail_WaitForElementToBePresent_failed] @04-10-2021 02:00:26.0886 A
[ReportManager] Browser Action [CloseCurrentWindow] successfully performed. @04-10-2021 02:00:27.0012 AM
[ReportManager] Successfully created attachment [Browser Action Test Data - CloseCurrentWindow - Actual Value] @04-10-2021 02:00:27.0013 A
[ReportManager] File Action [GetAbsolutePath] successfully performed. With the following test data [Relative Folder Path: "target/downloadedFiles/"]. @04-10-2021 02:00:27.0017 AM
[ReportManager] Attempting to run remotely on: [Linux-64], [GoogleChrome], [http://localhost:4444/wd/hub], Headless Execution. @04-10-2021 02:00:27.0017 AM
[ReportManager] Successfully Opened [GoogleChrome]. @04-10-2021 02:00:27.0281 A

################################################################################################################################################
Starting Execution:	[52 out of 144] test cases in the current suite
Test Method:		[unitTests.tests_element_elementActions.waitForElementToBePresent_true_expectedToFail]
################################################################################################################################################
[ReportManager] Target URL: [https://www.google.com/ncr], and after redirection: [www.google.com] @04-10-2021 02:00:27.0294 AM
[ReportManager] Initial URL: [data:,] @04-10-2021 02:00:27.0343 AM
[ReportManager] Browser Action [NavigateToURL] successfully performed. With the following test data [https://www.google.com/ncr]. @04-10-2021 02:00:28.0241 AM
[ReportManager] Waiting for element to be present; elementLocator [By.id: bla], numberOfTries[1], stateOfPresence[true]... @04-10-2021 02:00:28.0242 AM
[ReportManager] Element Action [WaitForElementToBePresent] failed. With the following test data [waited for the element's state of presence to be (true). Element locator (By.id: bla)]. @04-10-2021 02:00:33.0563 AM
[ReportManager] Successfully created attachment [Screenshot - 1633312833491_waitForElementToBePresent_true_expectedToFail_WaitForElementToBePresent_failed] @04-10-2021 02:00:33.0565 A
[ReportManager] Browser Action [CloseCurrentWindow] successfully performed. @04-10-2021 02:00:33.0693 AM
[ReportManager] Successfully created attachment [Browser Action Test Data - CloseCurrentWindow - Actual Value] @04-10-2021 02:00:33.0695 A
[ReportManager] File Action [GetAbsolutePath] successfully performed. With the following test data [Relative Folder Path: "target/downloadedFiles/"]. @04-10-2021 02:00:33.0699 AM
[ReportManager] Attempting to run remotely on: [Linux-64], [GoogleChrome], [http://localhost:4444/wd/hub], Headless Execution. @04-10-2021 02:00:33.0699 AM
[ReportManager] Successfully Opened [GoogleChrome]. @04-10-2021 02:00:33.0927 A

################################################################################################################################################
Starting Execution:	[53 out of 144] test cases in the current suite
Test Method:		[unitTests.tests_element_elementActions.waitForElementToBePresent_true_expectedToPass]
################################################################################################################################################
[ReportManager] Target URL: [https://www.google.com/ncr], and after redirection: [www.google.com] @04-10-2021 02:00:33.0949 AM
[ReportManager] Initial URL: [data:,] @04-10-2021 02:00:33.0997 AM
[ReportManager] Browser Action [NavigateToURL] successfully performed. With the following test data [https://www.google.com/ncr]. @04-10-2021 02:00:34.0841 AM
[ReportManager] Waiting for element to be present; elementLocator [By.xpath: //*[@id='hplogo' or @alt='Google']], numberOfTries[1], stateOfPresence[true]... @04-10-2021 02:00:34.0842 AM
[ReportManager] Element Action [WaitForElementToBePresent] successfully performed. With the following test data [waited for the element's state of presence to be (true). Element locator (By.xpath: //*[@id='hplogo' or @alt='Google'])]. @04-10-2021 02:00:34.0909 AM
[ReportManager] File Action [DoesFileExist] successfully performed. With the following test data [File Path: "src/test/resources/DynamicObjectRepository/unitTests_tests_element_elementActions_waitForElementToBePresent_true_expectedToPass_By_xpath_id_hplogo_or_alt_Google.png"]. @04-10-2021 02:00:34.0914 AM
[ReportManager] File Action [DoesFileExist] successfully performed. With the following test data [File Path: "src/test/resources/DynamicObjectRepository/unitTests_tests_element_elementActions_waitForElementToBePresent_true_expectedToPass_By_xpath_id_hplogo_or_alt_Google.png"]. @04-10-2021 02:00:35.0145 AM
[ReportManager] Passing the test and saving a reference image @04-10-2021 02:00:35.0146 AM
[ReportManager] File Action [GetAbsolutePath] successfully performed. With the following test data [Relative File Path: "src/test/resources/DynamicObjectRepository/unitTests_tests_element_elementActions_waitForElementToBePresent_true_expectedToPass_By_xpath_id_hplogo_or_alt_Google.png"]. @04-10-2021 02:00:35.0146 AM
[ReportManager] File Action [WriteToFile] successfully performed. With the following test data [Target File Path: "/home/runner/work/SHAFT_ENGINE/SHAFT_ENGINE/src/test/resources/DynamicObjectRepository/unitTests_tests_element_elementActions_waitForElementToBePresent_true_expectedToPass_By_xpath_id_hplogo_or_alt_Google.png"]. @04-10-2021 02:00:35.0155 AM
[ReportManager] Assertion Passed: Using Visual AI; OpenCV @04-10-2021 02:00:35.0155 AM
[ReportManager] Successfully created attachment [Validation Test Data - Actual Screenshot] @04-10-2021 02:00:35.0156 AM
[ReportManager] Assertion [ValidateElementMatches] PASSED. Expected [Element should match the reference screenshot] and Actual [TRUE]. Comparison Type [EXACT_OPENCV]. Validation Type [POSITIVE]. @04-10-2021 02:00:35.0156 A
[ReportManager] Browser Action [CloseCurrentWindow] successfully performed. @04-10-2021 02:00:35.0294 AM
[ReportManager] Successfully created attachment [Browser Action Test Data - CloseCurrentWindow - Actual Value] @04-10-2021 02:00:35.0294 A
[ReportManager] File Action [GetAbsolutePath] successfully performed. With the following test data [Relative Folder Path: "target/downloadedFiles/"]. @04-10-2021 02:00:35.0300 AM
[ReportManager] Attempting to run remotely on: [Linux-64], [GoogleChrome], [http://localhost:4444/wd/hub], Headless Execution. @04-10-2021 02:00:35.0300 AM
[ReportManager] Successfully Opened [GoogleChrome]. @04-10-2021 02:00:35.0585 AM
[ReportManager] Target URL: [https://duckduckgo.com] @04-10-2021 02:00:35.0596 AM
[ReportManager] Initial URL: [data:,] @04-10-2021 02:00:35.0658 AM
[ReportManager] Browser Action [NavigateToURL] successfully performed. With the following test data [https://duckduckgo.com]. @04-10-2021 02:00:36.0309 A

################################################################################################################################################
Starting Execution:	[54 out of 144] test cases in the current suite
Test Method:		[unitTests.tests_browserActions.fullScreenWindow]
################################################################################################################################################
[ReportManager] Initial Windows Size: 800x600 @04-10-2021 02:00:36.0329 AM
[ReportManager] Initial window size: (800, 600) @04-10-2021 02:00:36.0332 AM
[ReportManager] Window size after Toolkit: (1920, 1080) @04-10-2021 02:00:36.0556 AM
[ReportManager] Browser Action [MaximizeWindow] successfully performed. With the following test data [New screen size is now: (1920, 1080)]. @04-10-2021 02:00:36.0560 AM
[ReportManager] Current Windows Size after fullScreen: 1920x1080 @04-10-2021 02:00:36.0565 AM
[ReportManager] Browser Action [FullScreenWindow] successfully performed. @04-10-2021 02:00:36.0582 AM
[ReportManager] Successfully created attachment [Browser Action Test Data - FullScreenWindow - Actual Value] @04-10-2021 02:00:36.0584 A
[ReportManager] Target URL: [https://duckduckgo.com] @04-10-2021 02:00:36.0587 AM
[ReportManager] Initial URL: [https://duckduckgo.com] @04-10-2021 02:00:36.0650 AM
[ReportManager] Browser Action [NavigateToURL] successfully performed. With the following test data [https://duckduckgo.com]. @04-10-2021 02:00:37.0042 AM
[ReportManager] Browser Action [CloseCurrentWindow] successfully performed. @04-10-2021 02:00:37.0147 AM
[ReportManager] Successfully created attachment [Browser Action Test Data - CloseCurrentWindow - Actual Value] @04-10-2021 02:00:37.0151 A
[ReportManager] File Action [GetAbsolutePath] successfully performed. With the following test data [Relative Folder Path: "target/downloadedFiles/"]. @04-10-2021 02:00:37.0158 AM
[ReportManager] Attempting to run remotely on: [Linux-64], [GoogleChrome], [http://localhost:4444/wd/hub], Headless Execution. @04-10-2021 02:00:37.0159 AM
[ReportManager] Successfully Opened [GoogleChrome]. @04-10-2021 02:00:37.0395 AM
[ReportManager] Target URL: [https://duckduckgo.com] @04-10-2021 02:00:37.0406 AM
[ReportManager] Initial URL: [data:,] @04-10-2021 02:00:37.0445 AM
[ReportManager] Browser Action [NavigateToURL] successfully performed. With the following test data [https://duckduckgo.com]. @04-10-2021 02:00:38.0027 A

################################################################################################################################################
Starting Execution:	[55 out of 144] test cases in the current suite
Test Method:		[unitTests.tests_browserActions.getCurrentURL]
################################################################################################################################################
[ReportManager] Browser Action [GetCurrentURL] successfully performed. With the following test data [https://duckduckgo.com/]. @04-10-2021 02:00:38.0080 A
[ReportManager] Target URL: [https://duckduckgo.com] @04-10-2021 02:00:38.0082 AM
[ReportManager] Initial URL: [https://duckduckgo.com] @04-10-2021 02:00:38.0147 AM
[ReportManager] Browser Action [NavigateToURL] successfully performed. With the following test data [https://duckduckgo.com]. @04-10-2021 02:00:38.0555 AM
[ReportManager] Browser Action [CloseCurrentWindow] successfully performed. @04-10-2021 02:00:38.0674 AM
[ReportManager] Successfully created attachment [Browser Action Test Data - CloseCurrentWindow - Actual Value] @04-10-2021 02:00:38.0675 A
[ReportManager] File Action [GetAbsolutePath] successfully performed. With the following test data [Relative Folder Path: "target/downloadedFiles/"]. @04-10-2021 02:00:38.0678 AM
[ReportManager] Attempting to run remotely on: [Linux-64], [GoogleChrome], [http://localhost:4444/wd/hub], Headless Execution. @04-10-2021 02:00:38.0678 AM
[ReportManager] Successfully Opened [GoogleChrome]. @04-10-2021 02:00:38.0916 AM
[ReportManager] Target URL: [https://duckduckgo.com] @04-10-2021 02:00:38.0929 AM
[ReportManager] Initial URL: [data:,] @04-10-2021 02:00:39.0007 AM
[ReportManager] Browser Action [NavigateToURL] successfully performed. With the following test data [https://duckduckgo.com]. @04-10-2021 02:00:39.0750 A

################################################################################################################################################
Starting Execution:	[56 out of 144] test cases in the current suite
Test Method:		[unitTests.tests_browserActions.getCurrentWindowTitle]
################################################################################################################################################
[ReportManager] Browser Action [GetCurrentWindowTitle] successfully performed. With the following test data [DuckDuckGo  Privacy, simplified.]. @04-10-2021 02:00:39.0798 A
[ReportManager] Target URL: [https://duckduckgo.com] @04-10-2021 02:00:39.0805 AM
[ReportManager] Initial URL: [https://duckduckgo.com] @04-10-2021 02:00:39.0876 AM
[ReportManager] Browser Action [NavigateToURL] successfully performed. With the following test data [https://duckduckgo.com]. @04-10-2021 02:00:40.0296 AM
[ReportManager] Browser Action [CloseCurrentWindow] successfully performed. @04-10-2021 02:00:40.0415 AM
[ReportManager] Successfully created attachment [Browser Action Test Data - CloseCurrentWindow - Actual Value] @04-10-2021 02:00:40.0416 A
[ReportManager] File Action [GetAbsolutePath] successfully performed. With the following test data [Relative Folder Path: "target/downloadedFiles/"]. @04-10-2021 02:00:40.0419 AM
[ReportManager] Attempting to run remotely on: [Linux-64], [GoogleChrome], [http://localhost:4444/wd/hub], Headless Execution. @04-10-2021 02:00:40.0420 AM
[ReportManager] Successfully Opened [GoogleChrome]. @04-10-2021 02:00:40.0861 AM
[ReportManager] Target URL: [https://duckduckgo.com] @04-10-2021 02:00:40.0884 AM
[ReportManager] Initial URL: [data:,] @04-10-2021 02:00:40.0927 AM
[ReportManager] Browser Action [NavigateToURL] successfully performed. With the following test data [https://duckduckgo.com]. @04-10-2021 02:00:41.0708 A

################################################################################################################################################
Starting Execution:	[57 out of 144] test cases in the current suite
Test Method:		[unitTests.tests_browserActions.getPageSource]
################################################################################################################################################
[ReportManager] Browser Action [GetPageSource] successfully performed. @04-10-2021 02:00:41.0763 AM
[ReportManager] Successfully created attachment [Browser Action Test Data - GetPageSource - Actual Value] @04-10-2021 02:00:41.0764 A
[ReportManager] Target URL: [https://duckduckgo.com] @04-10-2021 02:00:41.0770 AM
[ReportManager] Initial URL: [https://duckduckgo.com] @04-10-2021 02:00:41.0879 AM
[ReportManager] Browser Action [NavigateToURL] successfully performed. With the following test data [https://duckduckgo.com]. @04-10-2021 02:00:42.0250 AM
[ReportManager] Browser Action [CloseCurrentWindow] successfully performed. @04-10-2021 02:00:42.0358 AM
[ReportManager] Successfully created attachment [Browser Action Test Data - CloseCurrentWindow - Actual Value] @04-10-2021 02:00:42.0359 A
[ReportManager] File Action [GetAbsolutePath] successfully performed. With the following test data [Relative Folder Path: "target/downloadedFiles/"]. @04-10-2021 02:00:42.0364 AM
[ReportManager] Attempting to run remotely on: [Linux-64], [GoogleChrome], [http://localhost:4444/wd/hub], Headless Execution. @04-10-2021 02:00:42.0364 AM
[ReportManager] Successfully Opened [GoogleChrome]. @04-10-2021 02:00:42.0600 AM
[ReportManager] Target URL: [https://duckduckgo.com] @04-10-2021 02:00:42.0615 AM
[ReportManager] Initial URL: [data:,] @04-10-2021 02:00:42.0659 AM
[ReportManager] Browser Action [NavigateToURL] successfully performed. With the following test data [https://duckduckgo.com]. @04-10-2021 02:00:43.0224 A

################################################################################################################################################
Starting Execution:	[58 out of 144] test cases in the current suite
Test Method:		[unitTests.tests_browserActions.getWindowHandle]
################################################################################################################################################
[ReportManager] Browser Action [GetWindowHandle] successfully performed. With the following test data [CDwindow-C1352738AD93A6CAA37B1C167E2536D4]. @04-10-2021 02:00:43.0262 A
[ReportManager] Target URL: [https://duckduckgo.com] @04-10-2021 02:00:43.0265 AM
[ReportManager] Initial URL: [https://duckduckgo.com] @04-10-2021 02:00:43.0321 AM
[ReportManager] Browser Action [NavigateToURL] successfully performed. With the following test data [https://duckduckgo.com]. @04-10-2021 02:00:43.0689 AM
[ReportManager] Browser Action [CloseCurrentWindow] successfully performed. @04-10-2021 02:00:43.0794 AM
[ReportManager] Successfully created attachment [Browser Action Test Data - CloseCurrentWindow - Actual Value] @04-10-2021 02:00:43.0795 A
[ReportManager] File Action [GetAbsolutePath] successfully performed. With the following test data [Relative Folder Path: "target/downloadedFiles/"]. @04-10-2021 02:00:43.0799 AM
[ReportManager] Attempting to run remotely on: [Linux-64], [GoogleChrome], [http://localhost:4444/wd/hub], Headless Execution. @04-10-2021 02:00:43.0799 AM
[ReportManager] Successfully Opened [GoogleChrome]. @04-10-2021 02:00:44.0023 AM
[ReportManager] Target URL: [https://duckduckgo.com] @04-10-2021 02:00:44.0033 AM
[ReportManager] Initial URL: [data:,] @04-10-2021 02:00:44.0080 AM
[ReportManager] Browser Action [NavigateToURL] successfully performed. With the following test data [https://duckduckgo.com]. @04-10-2021 02:00:44.0663 A

################################################################################################################################################
Starting Execution:	[59 out of 144] test cases in the current suite
Test Method:		[unitTests.tests_browserActions.getWindowPosition]
################################################################################################################################################
[ReportManager] Browser Action [GetWindowPosition] successfully performed. With the following test data [(0, 0)]. @04-10-2021 02:00:44.0704 A
[ReportManager] Target URL: [https://duckduckgo.com] @04-10-2021 02:00:44.0707 AM
[ReportManager] Initial URL: [https://duckduckgo.com] @04-10-2021 02:00:44.0766 AM
[ReportManager] Browser Action [NavigateToURL] successfully performed. With the following test data [https://duckduckgo.com]. @04-10-2021 02:00:45.0132 AM
[ReportManager] Browser Action [CloseCurrentWindow] successfully performed. @04-10-2021 02:00:45.0241 AM
[ReportManager] Successfully created attachment [Browser Action Test Data - CloseCurrentWindow - Actual Value] @04-10-2021 02:00:45.0242 A
[ReportManager] File Action [GetAbsolutePath] successfully performed. With the following test data [Relative Folder Path: "target/downloadedFiles/"]. @04-10-2021 02:00:45.0245 AM
[ReportManager] Attempting to run remotely on: [Linux-64], [GoogleChrome], [http://localhost:4444/wd/hub], Headless Execution. @04-10-2021 02:00:45.0246 AM
[ReportManager] Successfully Opened [GoogleChrome]. @04-10-2021 02:00:45.0526 AM
[ReportManager] Target URL: [https://duckduckgo.com] @04-10-2021 02:00:45.0537 AM
[ReportManager] Initial URL: [data:,] @04-10-2021 02:00:45.0577 AM
[ReportManager] Browser Action [NavigateToURL] successfully performed. With the following test data [https://duckduckgo.com]. @04-10-2021 02:00:46.0135 A

################################################################################################################################################
Starting Execution:	[60 out of 144] test cases in the current suite
Test Method:		[unitTests.tests_browserActions.getWindowSize]
################################################################################################################################################
[ReportManager] Browser Action [GetWindowSize] successfully performed. With the following test data [(800, 600)]. @04-10-2021 02:00:46.0182 A
[ReportManager] Target URL: [https://duckduckgo.com] @04-10-2021 02:00:46.0190 AM
[ReportManager] Initial URL: [https://duckduckgo.com] @04-10-2021 02:00:46.0245 AM
[ReportManager] Browser Action [NavigateToURL] successfully performed. With the following test data [https://duckduckgo.com]. @04-10-2021 02:00:46.0602 AM
[ReportManager] Browser Action [CloseCurrentWindow] successfully performed. @04-10-2021 02:00:46.0711 AM
[ReportManager] Successfully created attachment [Browser Action Test Data - CloseCurrentWindow - Actual Value] @04-10-2021 02:00:46.0712 A
[ReportManager] File Action [GetAbsolutePath] successfully performed. With the following test data [Relative Folder Path: "target/downloadedFiles/"]. @04-10-2021 02:00:46.0715 AM
[ReportManager] Attempting to run remotely on: [Linux-64], [GoogleChrome], [http://localhost:4444/wd/hub], Headless Execution. @04-10-2021 02:00:46.0715 AM
[ReportManager] Successfully Opened [GoogleChrome]. @04-10-2021 02:00:46.0948 AM
[ReportManager] Target URL: [https://duckduckgo.com] @04-10-2021 02:00:46.0962 AM
[ReportManager] Initial URL: [data:,] @04-10-2021 02:00:47.0011 AM
[ReportManager] Browser Action [NavigateToURL] successfully performed. With the following test data [https://duckduckgo.com]. @04-10-2021 02:00:47.0602 A

################################################################################################################################################
Starting Execution:	[61 out of 144] test cases in the current suite
Test Method:		[unitTests.tests_browserActions.maximizeWindow]
################################################################################################################################################
[ReportManager] Initial window size: (800, 600) @04-10-2021 02:00:47.0611 AM
[ReportManager] Window size after Toolkit: (1920, 1080) @04-10-2021 02:00:47.0831 AM
[ReportManager] Browser Action [MaximizeWindow] successfully performed. With the following test data [New screen size is now: (1920, 1080)]. @04-10-2021 02:00:47.0835 A
[ReportManager] Target URL: [https://duckduckgo.com] @04-10-2021 02:00:47.0838 AM
[ReportManager] Initial URL: [https://duckduckgo.com] @04-10-2021 02:00:47.0905 AM
[ReportManager] Browser Action [NavigateToURL] successfully performed. With the following test data [https://duckduckgo.com]. @04-10-2021 02:00:48.0241 AM
[ReportManager] Browser Action [CloseCurrentWindow] successfully performed. @04-10-2021 02:00:48.0356 AM
[ReportManager] Successfully created attachment [Browser Action Test Data - CloseCurrentWindow - Actual Value] @04-10-2021 02:00:48.0356 A
[ReportManager] File Action [GetAbsolutePath] successfully performed. With the following test data [Relative Folder Path: "target/downloadedFiles/"]. @04-10-2021 02:00:48.0360 AM
[ReportManager] Attempting to run remotely on: [Linux-64], [GoogleChrome], [http://localhost:4444/wd/hub], Headless Execution. @04-10-2021 02:00:48.0360 AM
[ReportManager] Successfully Opened [GoogleChrome]. @04-10-2021 02:00:48.0578 AM
[ReportManager] Target URL: [https://duckduckgo.com] @04-10-2021 02:00:48.0592 AM
[ReportManager] Initial URL: [data:,] @04-10-2021 02:00:48.0641 AM
[ReportManager] Browser Action [NavigateToURL] successfully performed. With the following test data [https://duckduckgo.com]. @04-10-2021 02:00:49.0204 A

################################################################################################################################################
Starting Execution:	[62 out of 144] test cases in the current suite
Test Method:		[unitTests.tests_browserActions.navigateBack]
################################################################################################################################################
[ReportManager] Target URL: [https://www.google.com/ncr], and after redirection: [https://www.google.com] @04-10-2021 02:00:49.0210 AM
[ReportManager] Initial URL: [https://duckduckgo.com] @04-10-2021 02:00:49.0277 AM
[ReportManager] Browser Action [NavigateToURL] successfully performed. With the following test data [https://www.google.com/ncr]. @04-10-2021 02:00:50.0156 AM
[ReportManager] Browser Action [NavigateBack] successfully performed. With the following test data [https://duckduckgo.com/]. @04-10-2021 02:00:50.0550 AM
[ReportManager] Browser Action [GetCurrentURL] successfully performed. With the following test data [https://duckduckgo.com/]. @04-10-2021 02:00:50.0583 AM
[ReportManager] Assertion Passed: Confirming that navigating back was successful @04-10-2021 02:00:50.0716 AM
[ReportManager] Successfully created attachment [Screenshot - 1633312850651_navigateBack_ValidateBrowserAttribute_passed] @04-10-2021 02:00:50.0717 AM
[ReportManager] Assertion [ValidateBrowserAttribute] PASSED. Expected [Value Should be 'https://duckduckgo.com' for the 'CurrentUrl' attribute] and Actual [https://duckduckgo.com/]. Comparison Type [CONTAINS]. Validation Type [POSITIVE]. @04-10-2021 02:00:50.0717 A
[ReportManager] Target URL: [https://duckduckgo.com] @04-10-2021 02:00:50.0721 AM
[ReportManager] Initial URL: [https://duckduckgo.com] @04-10-2021 02:00:50.0781 AM
[ReportManager] Browser Action [NavigateToURL] successfully performed. With the following test data [https://duckduckgo.com]. @04-10-2021 02:00:51.0131 AM
[ReportManager] Browser Action [CloseCurrentWindow] successfully performed. @04-10-2021 02:00:51.0227 AM
[ReportManager] Successfully created attachment [Browser Action Test Data - CloseCurrentWindow - Actual Value] @04-10-2021 02:00:51.0227 A
[ReportManager] File Action [GetAbsolutePath] successfully performed. With the following test data [Relative Folder Path: "target/downloadedFiles/"]. @04-10-2021 02:00:51.0232 AM
[ReportManager] Attempting to run remotely on: [Linux-64], [GoogleChrome], [http://localhost:4444/wd/hub], Headless Execution. @04-10-2021 02:00:51.0236 AM
[ReportManager] Successfully Opened [GoogleChrome]. @04-10-2021 02:00:51.0440 AM
[ReportManager] Target URL: [https://duckduckgo.com] @04-10-2021 02:00:51.0451 AM
[ReportManager] Initial URL: [data:,] @04-10-2021 02:00:51.0496 AM
[ReportManager] Browser Action [NavigateToURL] successfully performed. With the following test data [https://duckduckgo.com]. @04-10-2021 02:00:52.0060 A

################################################################################################################################################
Starting Execution:	[63 out of 144] test cases in the current suite
Test Method:		[unitTests.tests_browserActions.navigateForward]
################################################################################################################################################
[ReportManager] Target URL: [https://www.google.com/ncr], and after redirection: [https://www.google.com] @04-10-2021 02:00:52.0068 AM
[ReportManager] Initial URL: [https://duckduckgo.com] @04-10-2021 02:00:52.0124 AM
[ReportManager] Browser Action [NavigateToURL] successfully performed. With the following test data [https://www.google.com/ncr]. @04-10-2021 02:00:52.0971 AM
[ReportManager] Browser Action [NavigateBack] successfully performed. With the following test data [https://duckduckgo.com/]. @04-10-2021 02:00:53.0388 AM
[ReportManager] Browser Action [NavigateForward] successfully performed. With the following test data [https://www.google.com/]. @04-10-2021 02:00:53.0836 A
[ReportManager] Target URL: [https://duckduckgo.com] @04-10-2021 02:00:53.0839 AM
[ReportManager] Initial URL: [https://www.google.com] @04-10-2021 02:00:53.0925 AM
[ReportManager] Browser Action [NavigateToURL] successfully performed. With the following test data [https://duckduckgo.com]. @04-10-2021 02:00:54.0387 AM
[ReportManager] Browser Action [CloseCurrentWindow] successfully performed. @04-10-2021 02:00:54.0482 AM
[ReportManager] Successfully created attachment [Browser Action Test Data - CloseCurrentWindow - Actual Value] @04-10-2021 02:00:54.0482 A
[ReportManager] File Action [GetAbsolutePath] successfully performed. With the following test data [Relative Folder Path: "target/downloadedFiles/"]. @04-10-2021 02:00:54.0485 AM
[ReportManager] Attempting to run remotely on: [Linux-64], [GoogleChrome], [http://localhost:4444/wd/hub], Headless Execution. @04-10-2021 02:00:54.0485 AM
[ReportManager] Successfully Opened [GoogleChrome]. @04-10-2021 02:00:54.0758 AM
[ReportManager] Target URL: [https://duckduckgo.com] @04-10-2021 02:00:54.0768 AM
[ReportManager] Initial URL: [data:,] @04-10-2021 02:00:54.0807 AM
[ReportManager] Browser Action [NavigateToURL] successfully performed. With the following test data [https://duckduckgo.com]. @04-10-2021 02:00:55.0354 A

################################################################################################################################################
Starting Execution:	[64 out of 144] test cases in the current suite
Test Method:		[unitTests.tests_browserActions.navigateToURL]
################################################################################################################################################
[ReportManager] Target URL: [https://duckduckgo.com] @04-10-2021 02:00:55.0358 AM
[ReportManager] Initial URL: [https://duckduckgo.com] @04-10-2021 02:00:55.0432 AM
[ReportManager] Browser Action [NavigateToURL] successfully performed. With the following test data [https://duckduckgo.com]. @04-10-2021 02:00:55.0763 A
[ReportManager] Target URL: [https://duckduckgo.com] @04-10-2021 02:00:55.0766 AM
[ReportManager] Initial URL: [https://duckduckgo.com] @04-10-2021 02:00:55.0818 AM
[ReportManager] Browser Action [NavigateToURL] successfully performed. With the following test data [https://duckduckgo.com]. @04-10-2021 02:00:56.0140 AM
[ReportManager] Browser Action [CloseCurrentWindow] successfully performed. @04-10-2021 02:00:56.0253 AM
[ReportManager] Successfully created attachment [Browser Action Test Data - CloseCurrentWindow - Actual Value] @04-10-2021 02:00:56.0253 A
[ReportManager] File Action [GetAbsolutePath] successfully performed. With the following test data [Relative Folder Path: "target/downloadedFiles/"]. @04-10-2021 02:00:56.0255 AM
[ReportManager] Attempting to run remotely on: [Linux-64], [GoogleChrome], [http://localhost:4444/wd/hub], Headless Execution. @04-10-2021 02:00:56.0256 AM
[ReportManager] Successfully Opened [GoogleChrome]. @04-10-2021 02:00:56.0468 AM
[ReportManager] Target URL: [https://duckduckgo.com] @04-10-2021 02:00:56.0479 AM
[ReportManager] Initial URL: [data:,] @04-10-2021 02:00:56.0520 AM
[ReportManager] Browser Action [NavigateToURL] successfully performed. With the following test data [https://duckduckgo.com]. @04-10-2021 02:00:57.0062 A

################################################################################################################################################
Starting Execution:	[65 out of 144] test cases in the current suite
Test Method:		[unitTests.tests_browserActions.navigateToURLWithRedirection]
################################################################################################################################################
[ReportManager] Target URL: [https://www.google.com/ncr], and after redirection: [https://www.google.com] @04-10-2021 02:00:57.0065 AM
[ReportManager] Initial URL: [https://duckduckgo.com] @04-10-2021 02:00:57.0122 AM
[ReportManager] Browser Action [NavigateToURL] successfully performed. With the following test data [https://www.google.com/ncr]. @04-10-2021 02:00:57.0948 A
[ReportManager] Target URL: [https://duckduckgo.com] @04-10-2021 02:00:57.0951 AM
[ReportManager] Initial URL: [https://www.google.com] @04-10-2021 02:00:58.0026 AM
[ReportManager] Browser Action [NavigateToURL] successfully performed. With the following test data [https://duckduckgo.com]. @04-10-2021 02:00:58.0530 AM
[ReportManager] Browser Action [CloseCurrentWindow] successfully performed. @04-10-2021 02:00:58.0631 AM
[ReportManager] Successfully created attachment [Browser Action Test Data - CloseCurrentWindow - Actual Value] @04-10-2021 02:00:58.0639 A
[ReportManager] File Action [GetAbsolutePath] successfully performed. With the following test data [Relative Folder Path: "target/downloadedFiles/"]. @04-10-2021 02:00:58.0641 AM
[ReportManager] Attempting to run remotely on: [Linux-64], [GoogleChrome], [http://localhost:4444/wd/hub], Headless Execution. @04-10-2021 02:00:58.0642 AM
[ReportManager] Successfully Opened [GoogleChrome]. @04-10-2021 02:00:58.0883 AM
[ReportManager] Target URL: [https://duckduckgo.com] @04-10-2021 02:00:58.0894 AM
[ReportManager] Initial URL: [data:,] @04-10-2021 02:00:58.0937 AM
[ReportManager] Browser Action [NavigateToURL] successfully performed. With the following test data [https://duckduckgo.com]. @04-10-2021 02:00:59.0512 A

################################################################################################################################################
Starting Execution:	[66 out of 144] test cases in the current suite
Test Method:		[unitTests.tests_browserActions.refreshCurrentPage]
################################################################################################################################################
[ReportManager] Browser Action [RefreshCurrentPage] successfully performed. @04-10-2021 02:00:59.0731 AM
[ReportManager] Successfully created attachment [Browser Action Test Data - RefreshCurrentPage - Actual Value] @04-10-2021 02:00:59.0732 A
[ReportManager] Target URL: [https://duckduckgo.com] @04-10-2021 02:00:59.0735 AM
[ReportManager] Initial URL: [https://duckduckgo.com] @04-10-2021 02:00:59.0802 AM
[ReportManager] Browser Action [NavigateToURL] successfully performed. With the following test data [https://duckduckgo.com]. @04-10-2021 02:01:00.0145 AM
[ReportManager] Browser Action [CloseCurrentWindow] successfully performed. @04-10-2021 02:01:00.0254 AM
[ReportManager] Successfully created attachment [Browser Action Test Data - CloseCurrentWindow - Actual Value] @04-10-2021 02:01:00.0255 A
[ReportManager] File Action [GetAbsolutePath] successfully performed. With the following test data [Relative Folder Path: "target/downloadedFiles/"]. @04-10-2021 02:01:00.0257 AM
[ReportManager] Attempting to run remotely on: [Linux-64], [GoogleChrome], [http://localhost:4444/wd/hub], Headless Execution. @04-10-2021 02:01:00.0257 AM
[ReportManager] Successfully Opened [GoogleChrome]. @04-10-2021 02:01:00.0476 AM
[ReportManager] Target URL: [https://duckduckgo.com] @04-10-2021 02:01:00.0486 AM
[ReportManager] Initial URL: [data:,] @04-10-2021 02:01:00.0534 AM
[ReportManager] Browser Action [NavigateToURL] successfully performed. With the following test data [https://duckduckgo.com]. @04-10-2021 02:01:01.0107 A

################################################################################################################################################
Starting Execution:	[67 out of 144] test cases in the current suite
Test Method:		[unitTests.tests_browserActions.setWindowSize]
################################################################################################################################################
[ReportManager] Initial window size: (800, 600) @04-10-2021 02:01:01.0122 AM
[ReportManager] Window size after SWD: (1280, 720) @04-10-2021 02:01:01.0346 AM
[ReportManager] Browser Action [SetWindowSize] successfully performed. With the following test data [New screen size is now: (1280, 720)]. @04-10-2021 02:01:01.0347 A
[ReportManager] Target URL: [https://duckduckgo.com] @04-10-2021 02:01:01.0351 AM
[ReportManager] Initial URL: [https://duckduckgo.com] @04-10-2021 02:01:01.0421 AM
[ReportManager] Browser Action [NavigateToURL] successfully performed. With the following test data [https://duckduckgo.com]. @04-10-2021 02:01:01.0806 AM
[ReportManager] Browser Action [CloseCurrentWindow] successfully performed. @04-10-2021 02:01:01.0910 AM
[ReportManager] Successfully created attachment [Browser Action Test Data - CloseCurrentWindow - Actual Value] @04-10-2021 02:01:01.0910 A
[ReportManager] Successfully loaded the following test data file [src/test/resources/TestDataFiles/testSuite01/TestData.xlsx]. @04-10-2021 02:01:02.0829 AM
[ReportManager] Successfully created attachment [Test Data - Excel] @04-10-2021 02:01:02.0831 A

################################################################################################################################################
Starting Execution:	[68 out of 144] test cases in the current suite
Test Method:		[unitTests.tests_io_excelFileManager.getCellData_rowName_expectedToPass]
################################################################################################################################################
[ReportManager] testRowData. @04-10-2021 02:01:02.0851 A
[ReportManager] Successfully loaded the following test data file [src/test/resources/TestDataFiles/testSuite01/TestData.xlsx]. @04-10-2021 02:01:02.0904 AM
[ReportManager] Successfully created attachment [Test Data - Excel] @04-10-2021 02:01:02.0905 AM
[ReportManager] File Action [GetAbsolutePath] successfully performed. With the following test data [Relative Folder Path: "target/downloadedFiles/"]. @04-10-2021 02:01:02.0905 AM
[ReportManager] Attempting to run remotely on: [Linux-64], [GoogleChrome], [http://localhost:4444/wd/hub], Headless Execution. @04-10-2021 02:01:02.0905 AM
[ReportManager] Successfully Opened [GoogleChrome]. @04-10-2021 02:01:03.0126 A

################################################################################################################################################
Starting Execution:	[69 out of 144] test cases in the current suite
Test Method:		[testPackage01.Test_google.navigateToURLandVerifyGoogleLogoIsDisplayed]
Test Description:	[TC001 - Navigate to URL and Verify Google Logo is Displayed]
################################################################################################################################################
[ReportManager] Target URL: [https://www.google.com/ncr], and after redirection: [https://www.google.com] @04-10-2021 02:01:03.0141 AM
[ReportManager] Initial URL: [data:,] @04-10-2021 02:01:03.0196 AM
[ReportManager] Browser Action [NavigateToURL] successfully performed. With the following test data [https://www.google.com/ncr]. @04-10-2021 02:01:04.0054 AM
[ReportManager] Loaded Shared OpenCV @04-10-2021 02:01:04.0291 AM
[ReportManager] Assertion [ValidateElementExists] PASSED. Expected [Element Should Exist, locator 'By.xpath: //*[@id='hplogo' or @alt='Google']'] and Actual [Element Exists]. Comparison Type [EQUALS]. Validation Type [POSITIVE]. @04-10-2021 02:01:04.0372 AM
[ReportManager] Successfully created attachment [Screenshot - 1633312864291_navigateToURLandVerifyGoogleLogoIsDisplayed_ValidateElementExists_passed] @04-10-2021 02:01:04.0373 A

################################################################################################################################################
Starting Execution:	[70 out of 144] test cases in the current suite
Test Method:		[testPackage01.Test_google.searchForQueryandAssertResultsNumDisplayed]
Test Description:	[TC002 - Search for Query and Assert that the number of results is displayed]
################################################################################################################################################
[ReportManager] Element Action [Type] successfully performed. With the following test data [SHAFT_Engine]. @04-10-2021 02:01:04.0760 AM
[ReportManager] Element Action [KeyPress] successfully performed. With the following test data [Enter]. @04-10-2021 02:01:06.0497 AM
[ReportManager] Element Action [GetText] successfully performed. With the following test data [About 979,000 results (0.91 seconds) ]. @04-10-2021 02:01:06.0590 AM
[ReportManager] Loaded Shared OpenCV @04-10-2021 02:01:06.0792 AM
[ReportManager] Assertion [ValidateElementAttribute] PASSED. Expected [Value Should not be '' for the 'Text' attribute, element locator 'By.id: appbar'] and Actual [About 979,000 results (0.91 seconds) ]. Comparison Type [EQUALS]. Validation Type [NEGATIVE]. @04-10-2021 02:01:06.0890 AM
[ReportManager] Successfully created attachment [Screenshot - 1633312866791_searchForQueryandAssertResultsNumDisplayed_ValidateElementAttribute_passed] @04-10-2021 02:01:06.0892 A

################################################################################################################################################
Starting Execution:	[71 out of 144] test cases in the current suite
Test Method:		[testPackage01.Test_google.clickNextThrice]
Test Description:	[TC003 - Clicks the next button to make sure that the framework can scroll element into view before clicking it]
################################################################################################################################################
[ReportManager] Element Action [Click] successfully performed. With the following test data [Next]. @04-10-2021 02:01:08.0493 A
[ReportManager] Browser Action [CloseCurrentWindow] successfully performed. @04-10-2021 02:01:08.0816 AM
[ReportManager] Successfully created attachment [Browser Action Test Data - CloseCurrentWindow - Actual Value] @04-10-2021 02:01:08.0819 A

################################################################################################################################################
Starting Execution:	[72 out of 144] test cases in the current suite
Test Method:		[testPackage01.Test_testData.f]
################################################################################################################################################
[ReportManager] Successfully loaded the following test data file [src/test/resources/TestDataFiles/testSuite01/TestData.xlsx]. @04-10-2021 02:01:08.0871 AM
[ReportManager] Successfully created attachment [Test Data - Excel] @04-10-2021 02:01:08.0871 AM
[ReportManager] Last Column Number is: [3]. Zero-based. @04-10-2021 02:01:08.0872 A

################################################################################################################################################
Starting Execution:	[73 out of 144] test cases in the current suite
Test Method:		[testPackage01.Test_PDF.testPDF_Downloaded]
################################################################################################################################################
[ReportManager] File Action [DoesFileExist] successfully performed. With the following test data [File Path: "src/test/resources/TestDataFiles/sample.pdf"]. @04-10-2021 02:01:08.0879 AM
[ReportManager] File Action [GetAbsolutePath] successfully performed. With the following test data [Relative File Path: "src/test/resources/TestDataFiles/sample.pdf"]. @04-10-2021 02:01:08.0880 AM
[ReportManager] Assertion [ValidateTrue] PASSED. Expected [TRUE] and Actual [TRUE]. Validation Type [POSITIVE]. @04-10-2021 02:01:09.0264 A

################################################################################################################################################
Starting Execution:	[74 out of 144] test cases in the current suite
Test Method:		[testPackage01.Test_JSONFileManager.readStringFromJson]
################################################################################################################################################
[ReportManager] Successfully loaded the following test data file [src/test/resources/TestDataFiles/simpleJSON.json]. @04-10-2021 02:01:09.0271 AM
[ReportManager] Successfully created attachment [Test Data - JSON] @04-10-2021 02:01:09.0272 AM
[ReportManager] Assertion [ValidateEquals] PASSED. Expected [Mohab Mohie] and Actual [Mohab Mohie]. Comparison Type [EQUALS]. Validation Type [POSITIVE]. @04-10-2021 02:01:09.0295 A
[ReportManager] File Action [GetAbsolutePath] successfully performed. With the following test data [Relative Folder Path: "target/downloadedFiles/"]. @04-10-2021 02:01:09.0300 AM
[ReportManager] Attempting to run remotely on: [Linux-64], [GoogleChrome], [http://localhost:4444/wd/hub], Headless Execution. @04-10-2021 02:01:09.0300 AM
[ReportManager] Successfully Opened [GoogleChrome]. @04-10-2021 02:01:09.0652 A

################################################################################################################################################
Starting Execution:	[75 out of 144] test cases in the current suite
Test Method:		[testPackage01.Test_dragAndDrop.dragAndDropJquery]
################################################################################################################################################
[ReportManager] Target URL: [https://jqueryui.com/resources/demos/droppable/default.html] @04-10-2021 02:01:09.0680 AM
[ReportManager] Initial URL: [data:,] @04-10-2021 02:01:09.0722 AM
[ReportManager] Browser Action [NavigateToURL] successfully performed. With the following test data [https://jqueryui.com/resources/demos/droppable/default.html]. @04-10-2021 02:01:10.0103 AM
[ReportManager] Element Action [GetText] successfully performed. With the following test data [Drop here]. @04-10-2021 02:01:10.0189 AM
[ReportManager] Element Action [DragAndDrop] successfully performed. With the following test data [Start point: (8, 18), End point: (8, 18)]. @04-10-2021 02:01:11.0546 AM
[ReportManager] Element Action [GetText] successfully performed. With the following test data [Dropped!]. @04-10-2021 02:01:11.0623 AM
[ReportManager] Assertion Passed: Checking to see if the text has changed after performing drag and drop @04-10-2021 02:01:11.0623 AM
[ReportManager] Assertion [ValidateEquals] PASSED. Expected [Drop here] and Actual [Dropped!]. Comparison Type [EQUALS]. Validation Type [NEGATIVE]. @04-10-2021 02:01:11.0624 A
[ReportManager] Browser Action [CloseCurrentWindow] successfully performed. @04-10-2021 02:01:11.0727 AM
[ReportManager] Successfully created attachment [Browser Action Test Data - CloseCurrentWindow - Actual Value] @04-10-2021 02:01:11.0727 A
[ReportManager] File Action [GetAbsolutePath] successfully performed. With the following test data [Relative Folder Path: "target/downloadedFiles/"]. @04-10-2021 02:01:11.0729 AM
[ReportManager] Attempting to run remotely on: [Linux-64], [GoogleChrome], [http://localhost:4444/wd/hub], Headless Execution. @04-10-2021 02:01:11.0729 AM
[ReportManager] Successfully Opened [GoogleChrome]. @04-10-2021 02:01:11.0947 A

################################################################################################################################################
Starting Execution:	[76 out of 144] test cases in the current suite
Test Method:		[testPackage01.Test_dragAndDrop.dragAndDrop]
Test Description:	[TC001 - Test Drag and Drop function.]
################################################################################################################################################
[ReportManager] Target URL: [http://the-internet.herokuapp.com/drag_and_drop] @04-10-2021 02:01:11.0967 AM
[ReportManager] Initial URL: [data:,] @04-10-2021 02:01:12.0011 AM
[ReportManager] Browser Action [NavigateToURL] successfully performed. With the following test data [http://the-internet.herokuapp.com/drag_and_drop]. @04-10-2021 02:01:12.0410 AM
[ReportManager] Attempting Drag and Drop @04-10-2021 02:01:12.0411 AM
[ReportManager] Element Action [DragAndDrop] successfully performed. With the following test data [Start point: (32, 90), End point: (247, 90)]. @04-10-2021 02:01:13.0621 A
[ReportManager] Browser Action [CloseCurrentWindow] successfully performed. @04-10-2021 02:01:13.0716 AM
[ReportManager] Successfully created attachment [Browser Action Test Data - CloseCurrentWindow - Actual Value] @04-10-2021 02:01:13.0716 A
[ReportManager] File Action [GetAbsolutePath] successfully performed. With the following test data [Relative Folder Path: "target/downloadedFiles/"]. @04-10-2021 02:01:13.0718 AM
[ReportManager] Attempting to run remotely on: [Linux-64], [GoogleChrome], [http://localhost:4444/wd/hub], Headless Execution. @04-10-2021 02:01:13.0718 AM
[ReportManager] Successfully Opened [GoogleChrome]. @04-10-2021 02:01:13.0944 A

################################################################################################################################################
Starting Execution:	[77 out of 144] test cases in the current suite
Test Method:		[testPackage01.Test_dragAndDrop.dragAndDropByOffset]
Test Description:	[TC002 - Test Drag and Drop by offset function.]
################################################################################################################################################
[ReportManager] Target URL: [https://jqueryui.com/resources/demos/draggable/default.html] @04-10-2021 02:01:13.0960 AM
[ReportManager] Initial URL: [data:,] @04-10-2021 02:01:14.0018 AM
[ReportManager] Browser Action [NavigateToURL] successfully performed. With the following test data [https://jqueryui.com/resources/demos/draggable/default.html]. @04-10-2021 02:01:14.0377 AM
[ReportManager] Element Action [DragAndDropByOffset] successfully performed. With the following test data [Start point: (8, 8), End point: (108, 58)]. @04-10-2021 02:01:14.0546 A
[ReportManager] Browser Action [CloseCurrentWindow] successfully performed. @04-10-2021 02:01:14.0638 AM
[ReportManager] Successfully created attachment [Browser Action Test Data - CloseCurrentWindow - Actual Value] @04-10-2021 02:01:14.0639 A
[ReportManager] File Action [GetAbsolutePath] successfully performed. With the following test data [Relative Folder Path: "target/downloadedFiles/"]. @04-10-2021 02:01:14.0641 AM
[ReportManager] Attempting to run remotely on: [Linux-64], [GoogleChrome], [http://localhost:4444/wd/hub], Headless Execution. @04-10-2021 02:01:14.0641 AM
[ReportManager] Successfully Opened [GoogleChrome]. @04-10-2021 02:01:14.0838 A

################################################################################################################################################
Starting Execution:	[78 out of 144] test cases in the current suite
Test Method:		[testPackage01.Test_verifyEquals.test_assertElementAttribute]
################################################################################################################################################
[ReportManager] Target URL: [https://www.google.com/ncr], and after redirection: [https://www.google.com] @04-10-2021 02:01:14.0856 AM
[ReportManager] Initial URL: [data:,] @04-10-2021 02:01:14.0898 AM
[ReportManager] Browser Action [NavigateToURL] successfully performed. With the following test data [https://www.google.com/ncr]. @04-10-2021 02:01:15.0747 AM
[ReportManager] Element Action [Type] successfully performed. With the following test data [INC_004010050:Another SCHEDULER with the same name [Duplicate Job Name] already exists.]. @04-10-2021 02:01:16.0512 AM
[ReportManager] Element Action [GetText] successfully performed. With the following test data [INC_004010050:Another SCHEDULER with the same name [Duplicate Job Name] already exists.]. @04-10-2021 02:01:16.0606 AM
[ReportManager] Loaded Shared OpenCV @04-10-2021 02:01:16.0791 AM
[ReportManager] Verification [ValidateElementAttribute] PASSED. Expected [Value Should be 'INC_004010050:Another SCHEDULER with the same name \[Duplicate Job Name\] already exists.' for the 'text' attribute, element locator 'By.name: q'] and Actual [INC_004010050:Another SCHEDULER with the same name [Duplicate Job Name] already exists.]. Comparison Type [MATCHES]. Validation Type [POSITIVE]. @04-10-2021 02:01:16.0898 AM
[ReportManager] Successfully created attachment [Screenshot - 1633312876791_test_assertElementAttribute_ValidateElementAttribute_passed] @04-10-2021 02:01:16.0899 A
[ReportManager] Browser Action [CloseCurrentWindow] successfully performed. @04-10-2021 02:01:17.0054 AM
[ReportManager] Successfully created attachment [Browser Action Test Data - CloseCurrentWindow - Actual Value] @04-10-2021 02:01:17.0055 A
[ReportManager] Successfully loaded the following test data file [src/test/resources/TestDataFiles/testSuite01/TestData.xlsx]. @04-10-2021 02:01:17.0095 AM
[ReportManager] Successfully created attachment [Test Data - Excel] @04-10-2021 02:01:17.0096 AM
[ReportManager] Attempting to run using Playwright locally on: [Linux-64], [GoogleChrome], Headless Execution. @04-10-2021 02:01:32.0867 AM
[ReportManager] File Action [GetAbsolutePath] successfully performed. With the following test data [Relative Folder Path: "target/downloadedFiles/"]. @04-10-2021 02:01:32.0868 AM
[ReportManager] Initial window size: (1280, 720) @04-10-2021 02:01:33.0206 AM
[ReportManager] Window size after Toolkit: com.microsoft.playwright.options.ViewportSize@27759fbe @04-10-2021 02:01:33.0212 AM
[ReportManager] Browser Action [MaximizeWindow] successfully performed. With the following test data [New screen size is now: (1920, 1080)]. @04-10-2021 02:01:33.0215 A

################################################################################################################################################
Starting Execution:	[79 out of 144] test cases in the current suite
Test Method:		[testPackage01.Test_google_playwright.navigateToURLandVerifyGoogleLogoIsDisplayed]
Test Description:	[TC001 - Navigate to URL and Verify Google Logo is Displayed]
################################################################################################################################################
[ReportManager] Target URL: [https://www.google.com/ncr], and after redirection: [https://www.google.com] @04-10-2021 02:01:33.0222 AM
[ReportManager] Initial URL: [about:blank] @04-10-2021 02:01:33.0693 AM
[ReportManager] Browser Action [NavigateToURL] successfully performed. With the following test data [https://www.google.com/ncr]. @04-10-2021 02:01:34.0950 AM
[ReportManager] Loaded Shared OpenCV @04-10-2021 02:01:35.0223 AM
[ReportManager] Assertion [ValidateElementExists] PASSED. Expected [Element Should Exist, locator 'xpath=//*[@id='hplogo' or @alt='Google']'] and Actual [Element Exists]. Comparison Type [EQUALS]. Validation Type [POSITIVE]. @04-10-2021 02:01:35.0453 AM
[ReportManager] Successfully created attachment [Screenshot - 1633312895219_navigateToURLandVerifyGoogleLogoIsDisplayed_ValidateElementExists_passed] @04-10-2021 02:01:35.0454 A

################################################################################################################################################
Starting Execution:	[80 out of 144] test cases in the current suite
Test Method:		[testPackage01.Test_google_playwright.searchForQueryandAssertResultsNumDisplayed]
Test Description:	[TC002 - Search for Query and Assert that the number of results is displayed]
################################################################################################################################################
[ReportManager] Element Action [Type] successfully performed. With the following test data [SHAFT_Engine]. @04-10-2021 02:01:35.0808 AM
[ReportManager] Element Action [KeyPress] successfully performed. With the following test data [Enter]. @04-10-2021 02:01:35.0854 AM
[ReportManager] Element Action [GetText] successfully performed. With the following test data [About 4,060,000 results (0.92 seconds)]. @04-10-2021 02:01:37.0056 AM
[ReportManager] Loaded Shared OpenCV @04-10-2021 02:01:38.0458 AM
[ReportManager] Assertion [ValidateElementAttribute] PASSED. Expected [Value Should not be '' for the 'text' attribute, element locator 'xpath=//div[@id='appbar']'] and Actual [About 4,060,000 results (0.92 seconds)]. Comparison Type [EQUALS]. Validation Type [NEGATIVE]. @04-10-2021 02:01:38.0712 AM
[ReportManager] Successfully created attachment [Screenshot - 1633312898456_searchForQueryandAssertResultsNumDisplayed_ValidateElementAttribute_passed] @04-10-2021 02:01:38.0716 A

################################################################################################################################################
Starting Execution:	[81 out of 144] test cases in the current suite
Test Method:		[testPackage01.Test_google_playwright.clickNextThrice]
Test Description:	[TC003 - Clicks the next button to make sure that the framework can scroll element into view before clicking it]
################################################################################################################################################
[ReportManager] Element Action [Click] successfully performed. With the following test data [Next]. @04-10-2021 02:01:39.0015 A
[ReportManager] Failed to find video recording. @04-10-2021 02:01:39.0018 AM
[ReportManager] Successfully Closed PlayWright Driver. @04-10-2021 02:01:39.0077 A

################################################################################################################################################
Starting Execution:	[82 out of 144] test cases in the current suite
Test Method:		[testPackage01.Test_JsonActions.f]
###############################################################################################################################################

################################################################################################################################################
Starting Execution:	[83 out of 144] test cases in the current suite
Test Method:		[testPackage01.Test_JsonActions.f2]
###############################################################################################################################################

################################################################################################################################################
Starting Execution:	[84 out of 144] test cases in the current suite
Test Method:		[testPackage01.Test_AssertApiResponseEquals.assertApiResponseEquals_expectedToPass]
################################################################################################################################################
[ReportManager] Response status code: [200], status line: [HTTP/1.1 200 OK] @04-10-2021 02:01:39.0210 AM
[ReportManager] Assertion Passed: Evaluating the actual response status code against the expected one... @04-10-2021 02:01:39.0210 AM
[ReportManager] Assertion [ValidateEquals] PASSED. Expected [200] and Actual [200]. Comparison Type [EQUALS]. Validation Type [POSITIVE]. @04-10-2021 02:01:39.0211 AM
[ReportManager] API Action [PerformRequest] successfully performed. With the following test data [Request Type: "GET" | Target Status Code: "200" | Service URL: "https://jsonplaceholder.typicode.com/users" | Content Type: "*/*" | Response Time: "83ms"]. @04-10-2021 02:01:39.0232 AM
[ReportManager] Successfully created attachment [API Request - Specifications] @04-10-2021 02:01:39.0232 AM
[ReportManager] Successfully created attachment [API Response - JSON Body] @04-10-2021 02:01:39.0232 AM
[ReportManager] API Action [GetResponseJSONValueAsList] successfully performed. With the following test data [$]. @04-10-2021 02:01:39.0237 AM
[ReportManager] API Action [GetResponseJSONValue] successfully performed. With the following test data [name]. @04-10-2021 02:01:39.0247 AM
[ReportManager] API Action [GetResponseJSONValue] successfully performed. With the following test data [email]. @04-10-2021 02:01:39.0256 AM
[ReportManager] Verification [ValidateEquals] PASSED. Expected [Sincere@april.biz] and Actual [Sincere@april.biz]. Comparison Type [EQUALS]. Validation Type [POSITIVE]. @04-10-2021 02:01:39.0257 AM
[ReportManager] API Action [GetResponseJSONValue] successfully performed. With the following test data [username]. @04-10-2021 02:01:39.0265 AM
[ReportManager] Assertion [ValidateEquals] PASSED. Expected [Bret] and Actual [Bret]. Comparison Type [EQUALS]. Validation Type [POSITIVE]. @04-10-2021 02:01:39.0265 AM
[ReportManager] API Action [GetResponseJSONValue] successfully performed. With the following test data [name]. @04-10-2021 02:01:39.0275 AM
[ReportManager] API Action [GetResponseJSONValue] successfully performed. With the following test data [name]. @04-10-2021 02:01:39.0283 AM
[ReportManager] API Action [GetResponseJSONValue] successfully performed. With the following test data [name]. @04-10-2021 02:01:39.0292 AM
[ReportManager] API Action [GetResponseJSONValue] successfully performed. With the following test data [name]. @04-10-2021 02:01:39.0302 AM
[ReportManager] API Action [GetResponseJSONValue] successfully performed. With the following test data [name]. @04-10-2021 02:01:39.0310 AM
[ReportManager] API Action [GetResponseJSONValue] successfully performed. With the following test data [name]. @04-10-2021 02:01:39.0318 AM
[ReportManager] API Action [GetResponseJSONValue] successfully performed. With the following test data [name]. @04-10-2021 02:01:39.0325 AM
[ReportManager] API Action [GetResponseJSONValue] successfully performed. With the following test data [name]. @04-10-2021 02:01:39.0333 AM
[ReportManager] API Action [GetResponseJSONValue] successfully performed. With the following test data [name]. @04-10-2021 02:01:39.0357 A
[ReportManager] File Action [GetAbsolutePath] successfully performed. With the following test data [Relative Folder Path: "target/downloadedFiles/"]. @04-10-2021 02:01:39.0369 AM
[ReportManager] Attempting to run remotely on: [Linux-64], [GoogleChrome], [http://localhost:4444/wd/hub], Headless Execution. @04-10-2021 02:01:39.0370 AM
[ReportManager] Successfully Opened [GoogleChrome]. @04-10-2021 02:01:39.0623 A

################################################################################################################################################
Starting Execution:	[85 out of 144] test cases in the current suite
Test Method:		[testPackage01.Test_ShadowDOM.shadowdom]
################################################################################################################################################
[ReportManager] Target URL: [https://mdn.github.io/web-components-examples/popup-info-box-web-component/] @04-10-2021 02:01:39.0637 AM
[ReportManager] Initial URL: [data:,] @04-10-2021 02:01:39.0679 AM
[ReportManager] Browser Action [NavigateToURL] successfully performed. With the following test data [https://mdn.github.io/web-components-examples/popup-info-box-web-component/]. @04-10-2021 02:01:39.0911 AM
[ReportManager] Element Action [Type] successfully performed. With the following test data [Typing into SHADOW DOM...]. @04-10-2021 02:01:40.0217 AM
[ReportManager] Element Action [GetText] successfully performed. With the following test data [Typing into SHADOW DOM...]. @04-10-2021 02:01:40.0334 AM
[ReportManager] Loaded Shared OpenCV @04-10-2021 02:01:40.0483 AM
[ReportManager] Assertion [ValidateElementAttribute] PASSED. Expected [Value Should be 'Typing into SHADOW DOM...' for the 'Text' attribute, element locator 'By.id: cvc'] and Actual [Typing into SHADOW DOM...]. Comparison Type [EQUALS]. Validation Type [POSITIVE]. @04-10-2021 02:01:40.0552 AM
[ReportManager] Successfully created attachment [Screenshot - 1633312900483_shadowdom_ValidateElementAttribute_passed] @04-10-2021 02:01:40.0553 A
[ReportManager] Browser Action [CloseCurrentWindow] successfully performed. @04-10-2021 02:01:40.0642 AM
[ReportManager] Successfully created attachment [Browser Action Test Data - CloseCurrentWindow - Actual Value] @04-10-2021 02:01:40.0642 A

################################################################################################################################################
Starting Execution:	[86 out of 144] test cases in the current suite
Test Method:		[testPackage01.Test_SelectedValue.multipleSelect]
################################################################################################################################################
[ReportManager] File Action [GetAbsolutePath] successfully performed. With the following test data [Relative Folder Path: "target/downloadedFiles/"]. @04-10-2021 02:01:40.0652 AM
[ReportManager] Attempting to run remotely on: [Linux-64], [GoogleChrome], [http://localhost:4444/wd/hub], Headless Execution. @04-10-2021 02:01:40.0652 AM
[ReportManager] Successfully Opened [GoogleChrome]. @04-10-2021 02:01:40.0891 AM
[ReportManager] Target URL: [https://yari-demos.prod.mdn.mozit.cloud/en-US/docs/Web/HTML/Element/select/_sample_.Advanced_select_with_multiple_features.html] @04-10-2021 02:01:40.0915 AM
[ReportManager] Initial URL: [data:,] @04-10-2021 02:01:40.0958 AM
[ReportManager] Browser Action [NavigateToURL] successfully performed. With the following test data [https://yari-demos.prod.mdn.mozit.cloud/en-US/docs/Web/HTML/Element/select/_sample_.Advanced_select_with_multiple_features.html]. @04-10-2021 02:01:41.0376 AM
[ReportManager] Element Action [Select] successfully performed. With the following test data [Dog]. @04-10-2021 02:01:41.0621 AM
[ReportManager] Element Action [Select] successfully performed. With the following test data [Cat]. @04-10-2021 02:01:41.0863 AM
[ReportManager] Element Action [GetSelectedText] successfully performed. With the following test data [DogCat]. @04-10-2021 02:01:42.0005 AM
[ReportManager] DogCat @04-10-2021 02:01:42.0006 AM
[ReportManager] Element Action [GetSelectedText] successfully performed. With the following test data [DogCat]. @04-10-2021 02:01:42.0133 AM
[ReportManager] Loaded Shared OpenCV @04-10-2021 02:01:42.0271 AM
[ReportManager] Assertion [ValidateElementAttribute] PASSED. Expected [Value Should be 'DogCat' for the 'selectedText' attribute, element locator 'By.tagName: select'] and Actual [DogCat]. Comparison Type [EQUALS]. Validation Type [POSITIVE]. @04-10-2021 02:01:42.0339 AM
[ReportManager] Successfully created attachment [Screenshot - 1633312902270_multipleSelect_ValidateElementAttribute_passed] @04-10-2021 02:01:42.0339 AM
[ReportManager] Browser Action [CloseCurrentWindow] successfully performed. @04-10-2021 02:01:42.0427 AM
[ReportManager] Successfully created attachment [Browser Action Test Data - CloseCurrentWindow - Actual Value] @04-10-2021 02:01:42.0427 A

################################################################################################################################################
Starting Execution:	[87 out of 144] test cases in the current suite
Test Method:		[testPackage01.Test_SelectedValue.simpleSelect]
################################################################################################################################################
[ReportManager] File Action [GetAbsolutePath] successfully performed. With the following test data [Relative Folder Path: "target/downloadedFiles/"]. @04-10-2021 02:01:42.0431 AM
[ReportManager] Attempting to run remotely on: [Linux-64], [GoogleChrome], [http://localhost:4444/wd/hub], Headless Execution. @04-10-2021 02:01:42.0431 AM
[ReportManager] Successfully Opened [GoogleChrome]. @04-10-2021 02:01:42.0650 AM
[ReportManager] Target URL: [https://yari-demos.prod.mdn.mozit.cloud/en-US/docs/Web/HTML/Element/select/_sample_.Basic_select.html] @04-10-2021 02:01:42.0667 AM
[ReportManager] Initial URL: [data:,] @04-10-2021 02:01:42.0725 AM
[ReportManager] Browser Action [NavigateToURL] successfully performed. With the following test data [https://yari-demos.prod.mdn.mozit.cloud/en-US/docs/Web/HTML/Element/select/_sample_.Basic_select.html]. @04-10-2021 02:01:43.0257 AM
[ReportManager] Element Action [Select] successfully performed. With the following test data [Third Value]. @04-10-2021 02:01:43.0563 AM
[ReportManager] Element Action [GetSelectedText] successfully performed. With the following test data [Third Value]. @04-10-2021 02:01:43.0690 AM
[ReportManager] Third Value @04-10-2021 02:01:43.0690 AM
[ReportManager] Element Action [GetSelectedText] successfully performed. With the following test data [Third Value]. @04-10-2021 02:01:43.0783 AM
[ReportManager] Loaded Shared OpenCV @04-10-2021 02:01:43.0903 AM
[ReportManager] Assertion [ValidateElementAttribute] PASSED. Expected [Value Should be 'Third Value' for the 'selectedText' attribute, element locator 'By.tagName: select'] and Actual [Third Value]. Comparison Type [EQUALS]. Validation Type [POSITIVE]. @04-10-2021 02:01:43.0975 AM
[ReportManager] Successfully created attachment [Screenshot - 1633312903903_simpleSelect_ValidateElementAttribute_passed] @04-10-2021 02:01:43.0975 AM
[ReportManager] Browser Action [CloseCurrentWindow] successfully performed. @04-10-2021 02:01:44.0074 AM
[ReportManager] Successfully created attachment [Browser Action Test Data - CloseCurrentWindow - Actual Value] @04-10-2021 02:01:44.0074 A
[ReportManager] File Action [GetAbsolutePath] successfully performed. With the following test data [Relative Folder Path: "target/downloadedFiles/"]. @04-10-2021 02:01:44.0077 AM
[ReportManager] Attempting to run remotely on: [Linux-64], [GoogleChrome], [http://localhost:4444/wd/hub], Headless Execution. @04-10-2021 02:01:44.0078 AM
[ReportManager] Successfully Opened [GoogleChrome]. @04-10-2021 02:01:44.0301 A

################################################################################################################################################
Starting Execution:	[88 out of 144] test cases in the current suite
Test Method:		[testPackage01.Test_IsElementClickable.testIsElementClickable]
################################################################################################################################################
[ReportManager] Target URL: [https://the-internet.herokuapp.com/] @04-10-2021 02:01:44.0326 AM
[ReportManager] Initial URL: [data:,] @04-10-2021 02:01:44.0369 AM
[ReportManager] Browser Action [NavigateToURL] successfully performed. With the following test data [https://the-internet.herokuapp.com/]. @04-10-2021 02:01:44.0770 AM
[ReportManager] Element Action [IsElementClickable] successfully performed. @04-10-2021 02:01:44.0924 AM
[ReportManager] Assertion [ValidateTrue] PASSED. Expected [TRUE] and Actual [TRUE]. Validation Type [POSITIVE]. @04-10-2021 02:01:44.0925 A
[ReportManager] Browser Action [CloseCurrentWindow] successfully performed. @04-10-2021 02:01:45.0026 AM
[ReportManager] Successfully created attachment [Browser Action Test Data - CloseCurrentWindow - Actual Value] @04-10-2021 02:01:45.0027 A
[ReportManager] File Action [GetAbsolutePath] successfully performed. With the following test data [Relative Folder Path: "target/downloadedFiles/"]. @04-10-2021 02:01:45.0029 AM
[ReportManager] Attempting to run remotely on: [Linux-64], [GoogleChrome], [http://localhost:4444/wd/hub], Headless Execution. @04-10-2021 02:01:45.0029 AM
[ReportManager] Successfully Opened [GoogleChrome]. @04-10-2021 02:01:45.0270 A

################################################################################################################################################
Starting Execution:	[89 out of 144] test cases in the current suite
Test Method:		[testPackage01.Test_clipboardActions.typeTextAndCopyPaste]
################################################################################################################################################
[ReportManager] Target URL: [https://www.google.com/ncr], and after redirection: [https://www.google.com] @04-10-2021 02:01:45.0291 AM
[ReportManager] Initial URL: [data:,] @04-10-2021 02:01:45.0350 AM
[ReportManager] Browser Action [NavigateToURL] successfully performed. With the following test data [https://www.google.com/ncr]. @04-10-2021 02:01:46.0583 AM
[ReportManager] Element Action [Type] successfully performed. With the following test data [FIRST]. @04-10-2021 02:01:46.0945 AM
[ReportManager] Element Action [ClipboardActions] successfully performed. With the following test data [select all]. @04-10-2021 02:01:47.0010 AM
[ReportManager] Element Action [ClipboardActions] successfully performed. With the following test data [copy]. @04-10-2021 02:01:47.0061 AM
[ReportManager] Element Action [ClipboardActions] successfully performed. With the following test data [unselect]. @04-10-2021 02:01:47.0145 AM
[ReportManager] Element Action [ClipboardActions] successfully performed. With the following test data [paste]. @04-10-2021 02:01:47.0230 AM
[ReportManager] Element Action [ClipboardActions] successfully performed. With the following test data [select all]. @04-10-2021 02:01:47.0278 AM
[ReportManager] Element Action [Type] successfully performed. @04-10-2021 02:01:47.0515 AM
[ReportManager] Element Action [ClipboardActions] successfully performed. With the following test data [cut]. @04-10-2021 02:01:47.0515 AM
[ReportManager] Element Action [ClipboardActions] successfully performed. With the following test data [paste]. @04-10-2021 02:01:47.0591 AM
[ReportManager] Element Action [ClipboardActions] successfully performed. With the following test data [paste]. @04-10-2021 02:01:47.0694 A
[ReportManager] Browser Action [CloseCurrentWindow] successfully performed. @04-10-2021 02:01:47.0859 AM
[ReportManager] Successfully created attachment [Browser Action Test Data - CloseCurrentWindow - Actual Value] @04-10-2021 02:01:47.0860 A
[ReportManager] File Action [GetAbsolutePath] successfully performed. With the following test data [Relative Folder Path: "target/downloadedFiles/"]. @04-10-2021 02:01:47.0862 AM
[ReportManager] Attempting to run remotely on: [Linux-64], [GoogleChrome], [http://localhost:4444/wd/hub], Headless Execution. @04-10-2021 02:01:47.0862 AM
[ReportManager] Successfully Opened [GoogleChrome]. @04-10-2021 02:01:48.0143 A

################################################################################################################################################
Starting Execution:	[90 out of 144] test cases in the current suite
Test Method:		[testPackage01.Test_dynamicLoading.dynamicLoading_elementIsHidden]
################################################################################################################################################
[ReportManager] Target URL: [https://the-internet.herokuapp.com/dynamic_loading/1] @04-10-2021 02:01:48.0159 AM
[ReportManager] Initial URL: [data:,] @04-10-2021 02:01:48.0197 AM
[ReportManager] Browser Action [NavigateToURL] successfully performed. With the following test data [https://the-internet.herokuapp.com/dynamic_loading/1]. @04-10-2021 02:01:48.0583 AM
[ReportManager] Element Action [Click] successfully performed. With the following test data [Start]. @04-10-2021 02:01:48.0910 AM
[ReportManager] Element Action [GetText] successfully performed. With the following test data [
    Hello World!
  ]. @04-10-2021 02:01:49.0010 AM
[ReportManager] Loaded Shared OpenCV @04-10-2021 02:01:49.0170 AM
[ReportManager] Assertion [ValidateElementAttribute] PASSED. Expected [Value Should be 'Hello World!' for the 'text' attribute, element locator 'By.id: finish'] and Actual [
    Hello World!
  ]. Comparison Type [CONTAINS]. Validation Type [POSITIVE]. @04-10-2021 02:01:49.0283 AM
[ReportManager] Successfully created attachment [Screenshot - 1633312909170_dynamicLoading_elementIsHidden_ValidateElementAttribute_passed] @04-10-2021 02:01:49.0284 A
[ReportManager] Browser Action [CloseCurrentWindow] successfully performed. @04-10-2021 02:01:49.0382 AM
[ReportManager] Successfully created attachment [Browser Action Test Data - CloseCurrentWindow - Actual Value] @04-10-2021 02:01:49.0382 A
[ReportManager] File Action [GetAbsolutePath] successfully performed. With the following test data [Relative Folder Path: "target/downloadedFiles/"]. @04-10-2021 02:01:49.0383 AM
[ReportManager] Attempting to run remotely on: [Linux-64], [GoogleChrome], [http://localhost:4444/wd/hub], Headless Execution. @04-10-2021 02:01:49.0384 AM
[ReportManager] Successfully Opened [GoogleChrome]. @04-10-2021 02:01:49.0616 A

################################################################################################################################################
Starting Execution:	[91 out of 144] test cases in the current suite
Test Method:		[testPackage01.Test_dynamicLoading.dynamicLoading_elementIsRendered]
################################################################################################################################################
[ReportManager] Target URL: [https://the-internet.herokuapp.com/dynamic_loading/2] @04-10-2021 02:01:49.0629 AM
[ReportManager] Initial URL: [data:,] @04-10-2021 02:01:49.0687 AM
[ReportManager] Browser Action [NavigateToURL] successfully performed. With the following test data [https://the-internet.herokuapp.com/dynamic_loading/2]. @04-10-2021 02:01:50.0085 AM
[ReportManager] Element Action [Click] successfully performed. With the following test data [Start]. @04-10-2021 02:01:50.0413 AM
[ReportManager] Element Action [GetText] successfully performed. With the following test data [Hello World!]. @04-10-2021 02:01:55.0591 AM
[ReportManager] Loaded Shared OpenCV @04-10-2021 02:01:55.0743 AM
[ReportManager] Assertion [ValidateElementAttribute] PASSED. Expected [Value Should be 'Hello World!' for the 'text' attribute, element locator 'By.id: finish'] and Actual [Hello World!]. Comparison Type [CONTAINS]. Validation Type [POSITIVE]. @04-10-2021 02:01:55.0810 AM
[ReportManager] Successfully created attachment [Screenshot - 1633312915743_dynamicLoading_elementIsRendered_ValidateElementAttribute_passed] @04-10-2021 02:01:55.0811 A
[ReportManager] Browser Action [CloseCurrentWindow] successfully performed. @04-10-2021 02:01:55.0918 AM
[ReportManager] Successfully created attachment [Browser Action Test Data - CloseCurrentWindow - Actual Value] @04-10-2021 02:01:55.0919 A

################################################################################################################################################
Starting Execution:	[92 out of 144] test cases in the current suite
Test Method:		[testPackage01.Test_JsonCompareWithSpecialCharacters.specialCharacters]
################################################################################################################################################
[ReportManager] File Action [GetAbsolutePath] successfully performed. With the following test data [Relative Folder Path: "src/test/resources/TestJsonFiles/specialCharacters.json"]. @04-10-2021 02:01:55.0925 AM
[ReportManager] File Action [ReadFromFile] successfully performed. With the following test data [File Path: "/home/runner/work/SHAFT_ENGINE/SHAFT_ENGINE/src/test/resources/TestJsonFiles/specialCharacters.json"]. @04-10-2021 02:01:55.0932 AM
[ReportManager] Successfully created attachment [File Action Actual Result - Command Log] @04-10-2021 02:01:55.0933 AM
[ReportManager] Comparing the provided API response with the file at this path "src/test/resources/TestJsonFiles/specialCharacters.json", comparison type "EQUALS" @04-10-2021 02:01:55.0933 AM
[ReportManager] API Action [CompareJSON] successfully performed. With the following test data [src/test/resources/TestJsonFiles/specialCharacters.json]. @04-10-2021 02:01:55.0941 AM
[ReportManager] File Action [GetAbsolutePath] successfully performed. With the following test data [Relative Folder Path: "src/test/resources/TestJsonFiles/specialCharacters.json"]. @04-10-2021 02:01:55.0941 AM
[ReportManager] File Action [ReadFromFile] successfully performed. With the following test data [File Path: "/home/runner/work/SHAFT_ENGINE/SHAFT_ENGINE/src/test/resources/TestJsonFiles/specialCharacters.json"]. @04-10-2021 02:01:55.0941 AM
[ReportManager] Verification [ValidateJSONFileContent] PASSED. Expected [Response data should match the JSON File in this path 'src/test/resources/TestJsonFiles/specialCharacters.json'] and Actual [TRUE]. Comparison Type [EQUALS]. Validation Type [POSITIVE]. @04-10-2021 02:01:55.0945 AM
[ReportManager] Successfully created attachment [Validation Test Data - Expected JSON Value] @04-10-2021 02:01:55.0945 AM
[ReportManager] Successfully created attachment [Validation Test Data - Actual JSON Value] @04-10-2021 02:01:55.0946 A

################################################################################################################################################
Starting Execution:	[93 out of 144] test cases in the current suite
Test Method:		[testPackage01.Test_JsonCompareWithSpecialCharacters.specialCharacters_assertion]
################################################################################################################################################
[ReportManager] File Action [GetAbsolutePath] successfully performed. With the following test data [Relative Folder Path: "src/test/resources/TestJsonFiles/specialCharacters.json"]. @04-10-2021 02:01:55.0948 AM
[ReportManager] File Action [ReadFromFile] successfully performed. With the following test data [File Path: "/home/runner/work/SHAFT_ENGINE/SHAFT_ENGINE/src/test/resources/TestJsonFiles/specialCharacters.json"]. @04-10-2021 02:01:55.0948 AM
[ReportManager] Successfully created attachment [File Action Actual Result - Command Log] @04-10-2021 02:01:55.0949 AM
[ReportManager] Comparing the provided API response with the file at this path "src/test/resources/TestJsonFiles/specialCharacters.json", comparison type "CONTAINS" @04-10-2021 02:01:55.0949 AM
[ReportManager] API Action [CompareJSON] successfully performed. With the following test data [src/test/resources/TestJsonFiles/specialCharacters.json]. @04-10-2021 02:01:55.0957 AM
[ReportManager] File Action [GetAbsolutePath] successfully performed. With the following test data [Relative Folder Path: "src/test/resources/TestJsonFiles/specialCharacters.json"]. @04-10-2021 02:01:55.0957 AM
[ReportManager] File Action [ReadFromFile] successfully performed. With the following test data [File Path: "/home/runner/work/SHAFT_ENGINE/SHAFT_ENGINE/src/test/resources/TestJsonFiles/specialCharacters.json"]. @04-10-2021 02:01:55.0957 AM
[ReportManager] Assertion Passed: trying out the log message @04-10-2021 02:01:55.0960 AM
[ReportManager] Successfully created attachment [Validation Test Data - Expected JSON Value] @04-10-2021 02:01:55.0961 AM
[ReportManager] Successfully created attachment [Validation Test Data - Actual JSON Value] @04-10-2021 02:01:55.0961 AM
[ReportManager] Assertion [ValidateJSONFileContent] PASSED. Expected [Response data should match the JSON File in this path 'src/test/resources/TestJsonFiles/specialCharacters.json'] and Actual [TRUE]. Comparison Type [CONTAINS]. Validation Type [POSITIVE]. @04-10-2021 02:01:55.0962 A
[ReportManager] File Action [GetAbsolutePath] successfully performed. With the following test data [Relative Folder Path: "target/downloadedFiles/"]. @04-10-2021 02:01:55.0965 AM
[ReportManager] Attempting to run remotely on: [Linux-64], [GoogleChrome], [http://localhost:4444/wd/hub], Headless Execution. @04-10-2021 02:01:55.0965 AM
[ReportManager] Successfully Opened [GoogleChrome]. @04-10-2021 02:01:56.0190 A

################################################################################################################################################
Starting Execution:	[94 out of 144] test cases in the current suite
Test Method:		[testPackage01.Test_uploadFile.uploadFile_invisibleUploadInput]
################################################################################################################################################
[ReportManager] Target URL: [https://fineuploader.com/demos.html#gallery-view] @04-10-2021 02:01:56.0209 AM
[ReportManager] Initial URL: [data:,] @04-10-2021 02:01:56.0251 AM
[ReportManager] Browser Action [NavigateToURL] successfully performed. With the following test data [https://fineuploader.com/demos.html#gallery-view]. @04-10-2021 02:01:57.0852 AM
[ReportManager] File Action [GetAbsolutePath] successfully performed. With the following test data [Relative File Path: "src/main/resources/images/shaft.png"]. @04-10-2021 02:01:57.0853 AM
[ReportManager] Successfully created attachment [File Action Actual Result - Command Log] @04-10-2021 02:01:57.0853 AM
[ReportManager] Element Action [TypeFileLocationForUpload] successfully performed. With the following test data [/home/runner/work/SHAFT_ENGINE/SHAFT_ENGINE/src/main/resources/images/shaft.png]. @04-10-2021 02:01:58.0070 AM
[ReportManager] Attempting to getAttribute [src] from elementLocator [By.xpath: //div[@id='fine-uploader-gallery']//div[@class='qq-thumbnail-wrapper']/img]. @04-10-2021 02:01:58.0071 AM
[ReportManager] Element Action [GetAttribute] successfully performed. @04-10-2021 02:01:58.0176 AM
[ReportManager] Successfully created attachment [Element Action Test Data - GetAttribute - Actual Value] @04-10-2021 02:01:58.0176 AM
[ReportManager] Loaded Shared OpenCV @04-10-2021 02:01:58.0321 AM
[ReportManager] Assertion [ValidateElementAttribute] PASSED. Expected and Actual values are attached. Comparison Type [CONTAINS]. Validation Type [POSITIVE]. @04-10-2021 02:01:58.0401 AM
[ReportManager] Successfully created attachment [Validation Test Data - Expected Value] @04-10-2021 02:01:58.0401 AM
[ReportManager] Successfully created attachment [Validation Test Data - Actual Value] @04-10-2021 02:01:58.0401 AM
[ReportManager] Successfully created attachment [Screenshot - 1633312918321_uploadFile_invisibleUploadInput_ValidateElementAttribute_passed] @04-10-2021 02:01:58.0402 A
[ReportManager] Browser Action [CloseCurrentWindow] successfully performed. @04-10-2021 02:01:58.0533 AM
[ReportManager] Successfully created attachment [Browser Action Test Data - CloseCurrentWindow - Actual Value] @04-10-2021 02:01:58.0534 A
[ReportManager] File Action [GetAbsolutePath] successfully performed. With the following test data [Relative Folder Path: "target/downloadedFiles/"]. @04-10-2021 02:01:58.0538 AM
[ReportManager] Attempting to run remotely on: [Linux-64], [GoogleChrome], [http://localhost:4444/wd/hub], Headless Execution. @04-10-2021 02:01:58.0538 AM
[ReportManager] Successfully Opened [GoogleChrome]. @04-10-2021 02:01:58.0758 A

################################################################################################################################################
Starting Execution:	[95 out of 144] test cases in the current suite
Test Method:		[testPackage01.Test_uploadFile.uploadFile_visibleUploadInput]
################################################################################################################################################
[ReportManager] Target URL: [http://demo.guru99.com/test/upload/] @04-10-2021 02:01:58.0770 AM
[ReportManager] Initial URL: [data:,] @04-10-2021 02:01:58.0815 AM
[ReportManager] Browser Action [NavigateToURL] successfully performed. With the following test data [http://demo.guru99.com/test/upload/]. @04-10-2021 02:01:59.0777 AM
[ReportManager] File Action [GetAbsolutePath] successfully performed. With the following test data [Relative File Path: "src/main/resources/images/shaft.png"]. @04-10-2021 02:01:59.0777 AM
[ReportManager] Successfully created attachment [File Action Actual Result - Command Log] @04-10-2021 02:01:59.0777 AM
[ReportManager] Element Action [TypeFileLocationForUpload] successfully performed. With the following test data [/home/runner/work/SHAFT_ENGINE/SHAFT_ENGINE/src/main/resources/images/shaft.png]. @04-10-2021 02:01:59.0933 AM
[ReportManager] Element Action [Click] successfully performed. With the following test data [on]. @04-10-2021 02:02:00.0303 AM
[ReportManager] Element Action [Click] successfully performed. With the following test data [Submit File]. @04-10-2021 02:02:00.0628 AM
[ReportManager] Element Action [GetText] successfully performed. With the following test data [1 file
has been successfully uploaded.]. @04-10-2021 02:02:01.0270 AM
[ReportManager] Loaded Shared OpenCV @04-10-2021 02:02:01.0416 AM
[ReportManager] Assertion [ValidateElementAttribute] PASSED. Expected [Value Should be '1 file' for the 'Text' attribute, element locator 'By.id: res'] and Actual [1 file
has been successfully uploaded.]. Comparison Type [CONTAINS]. Validation Type [POSITIVE]. @04-10-2021 02:02:01.0498 AM
[ReportManager] Successfully created attachment [Screenshot - 1633312921416_uploadFile_visibleUploadInput_ValidateElementAttribute_passed] @04-10-2021 02:02:01.0498 A
[ReportManager] Browser Action [CloseCurrentWindow] successfully performed. @04-10-2021 02:02:01.0619 AM
[ReportManager] Successfully created attachment [Browser Action Test Data - CloseCurrentWindow - Actual Value] @04-10-2021 02:02:01.0620 A
[ReportManager] File Action [GetAbsolutePath] successfully performed. With the following test data [Relative Folder Path: "target/downloadedFiles/"]. @04-10-2021 02:02:01.0622 AM
[ReportManager] Attempting to run remotely on: [Linux-64], [GoogleChrome], [http://localhost:4444/wd/hub], Headless Execution. @04-10-2021 02:02:01.0622 AM
[ReportManager] Successfully Opened [GoogleChrome]. @04-10-2021 02:02:01.0833 A

################################################################################################################################################
Starting Execution:	[96 out of 144] test cases in the current suite
Test Method:		[testPackage01.Test_assertEquals.test_assertElementAttribute]
################################################################################################################################################
[ReportManager] Target URL: [https://www.google.com/ncr], and after redirection: [https://www.google.com] @04-10-2021 02:02:01.0858 AM
[ReportManager] Initial URL: [data:,] @04-10-2021 02:02:01.0922 AM
[ReportManager] Browser Action [NavigateToURL] successfully performed. With the following test data [https://www.google.com/ncr]. @04-10-2021 02:02:03.0084 AM
[ReportManager] Element Action [Type] successfully performed. With the following test data [INC_004010050:Another SCHEDULER with the same name [Duplicate Job Name] already exists.]. @04-10-2021 02:02:03.0849 AM
[ReportManager] Element Action [GetText] successfully performed. With the following test data [INC_004010050:Another SCHEDULER with the same name [Duplicate Job Name] already exists.]. @04-10-2021 02:02:03.0945 AM
[ReportManager] Loaded Shared OpenCV @04-10-2021 02:02:04.0141 AM
[ReportManager] Assertion [ValidateElementAttribute] PASSED. Expected [Value Should be 'INC_004010050:Another SCHEDULER with the same name \[Duplicate Job Name\] already exists.' for the 'text' attribute, element locator 'By.name: q'] and Actual [INC_004010050:Another SCHEDULER with the same name [Duplicate Job Name] already exists.]. Comparison Type [MATCHES]. Validation Type [POSITIVE]. @04-10-2021 02:02:04.0230 AM
[ReportManager] Successfully created attachment [Screenshot - 1633312924141_test_assertElementAttribute_ValidateElementAttribute_passed] @04-10-2021 02:02:04.0231 A
[ReportManager] Browser Action [CloseCurrentWindow] successfully performed. @04-10-2021 02:02:04.0354 AM
[ReportManager] Successfully created attachment [Browser Action Test Data - CloseCurrentWindow - Actual Value] @04-10-2021 02:02:04.0355 A

################################################################################################################################################
Starting Execution:	[97 out of 144] test cases in the current suite
Test Method:		[testPackage01.Test_NewValidationHelper.f1]
################################################################################################################################################
[ReportManager] Assertion Passed: Checking valid user data @04-10-2021 02:02:04.0361 AM
[ReportManager] Successfully created attachment [Validation Test Data - Expected Value] @04-10-2021 02:02:04.0361 AM
[ReportManager] Successfully created attachment [Validation Test Data - Actual Value] @04-10-2021 02:02:04.0361 AM
[ReportManager] Assertion [ValidateEquals] PASSED. Expected and Actual values are attached. Comparison Type [EQUALS]. Validation Type [POSITIVE]. @04-10-2021 02:02:04.0361 A
[ReportManager] File Action [GetAbsolutePath] successfully performed. With the following test data [Relative Folder Path: "target/downloadedFiles/"]. @04-10-2021 02:02:04.0368 AM
[ReportManager] Attempting to run remotely on: [Linux-64], [GoogleChrome], [http://localhost:4444/wd/hub], Headless Execution. @04-10-2021 02:02:04.0368 AM
[ReportManager] Successfully Opened [GoogleChrome]. @04-10-2021 02:02:04.0634 AM
[ReportManager] Target URL: [https://the-internet.herokuapp.com/] @04-10-2021 02:02:04.0644 AM
[ReportManager] Initial URL: [data:,] @04-10-2021 02:02:04.0682 AM
[ReportManager] Browser Action [NavigateToURL] successfully performed. With the following test data [https://the-internet.herokuapp.com/]. @04-10-2021 02:02:05.0137 A

################################################################################################################################################
Starting Execution:	[98 out of 144] test cases in the current suite
Test Method:		[testPackage01.Test_NewValidationHelper.f10]
################################################################################################################################################
[ReportManager] Assertion [ValidateElementExists] FAILED. Expected [Element Should Exist, locator 'By.tagName: div'] and Actual [Element Exists but is not unique]. Comparison Type [EQUALS]. Validation Type [POSITIVE]. @04-10-2021 02:02:05.0392 AM
[ReportManager] Successfully created attachment [Screenshot - 1633312925329_f10_ValidateElementExists_failed] @04-10-2021 02:02:05.0393 A
[ReportManager] Successfully Closed All Drivers. @04-10-2021 02:02:05.0475 A
[ReportManager] File Action [GetAbsolutePath] successfully performed. With the following test data [Relative Folder Path: "target/downloadedFiles/"]. @04-10-2021 02:02:05.0478 AM
[ReportManager] Attempting to run remotely on: [Linux-64], [GoogleChrome], [http://localhost:4444/wd/hub], Headless Execution. @04-10-2021 02:02:05.0478 AM
[ReportManager] Successfully Opened [GoogleChrome]. @04-10-2021 02:02:05.0724 AM
[ReportManager] Target URL: [https://the-internet.herokuapp.com/] @04-10-2021 02:02:05.0735 AM
[ReportManager] Initial URL: [data:,] @04-10-2021 02:02:05.0780 AM
[ReportManager] Browser Action [NavigateToURL] successfully performed. With the following test data [https://the-internet.herokuapp.com/]. @04-10-2021 02:02:06.0160 A

################################################################################################################################################
Starting Execution:	[99 out of 144] test cases in the current suite
Test Method:		[testPackage01.Test_NewValidationHelper.f11]
################################################################################################################################################
[ReportManager] Assertion Passed: Checking that false tag doesn't exist @04-10-2021 02:02:16.0580 AM
[ReportManager] Successfully created attachment [Screenshot - 1633312936499_f11_ValidateElementExists_passed] @04-10-2021 02:02:16.0580 AM
[ReportManager] Assertion [ValidateElementExists] PASSED. Expected [Element Should not Exist, locator 'By.tagName: h3'] and Actual [Element Doesn't Exists]. Comparison Type [EQUALS]. Validation Type [NEGATIVE]. @04-10-2021 02:02:16.0581 A
[ReportManager] Successfully Closed All Drivers. @04-10-2021 02:02:16.0662 A
[ReportManager] File Action [GetAbsolutePath] successfully performed. With the following test data [Relative Folder Path: "target/downloadedFiles/"]. @04-10-2021 02:02:16.0666 AM
[ReportManager] Attempting to run remotely on: [Linux-64], [GoogleChrome], [http://localhost:4444/wd/hub], Headless Execution. @04-10-2021 02:02:16.0666 AM
[ReportManager] Successfully Opened [GoogleChrome]. @04-10-2021 02:02:16.0875 AM
[ReportManager] Target URL: [https://the-internet.herokuapp.com/] @04-10-2021 02:02:16.0891 AM
[ReportManager] Initial URL: [data:,] @04-10-2021 02:02:16.0930 AM
[ReportManager] Browser Action [NavigateToURL] successfully performed. With the following test data [https://the-internet.herokuapp.com/]. @04-10-2021 02:02:17.0327 A

################################################################################################################################################
Starting Execution:	[100 out of 144] test cases in the current suite
Test Method:		[testPackage01.Test_NewValidationHelper.f12]
################################################################################################################################################
[ReportManager] Loaded Shared OpenCV @04-10-2021 02:02:17.0559 AM
[ReportManager] Assertion [ValidateElementExists] FAILED. Expected [Element Should not Exist, locator 'By.tagName: h1'] and Actual [Element Exists]. Comparison Type [EQUALS]. Validation Type [NEGATIVE]. @04-10-2021 02:02:17.0655 AM
[ReportManager] Successfully created attachment [Screenshot - 1633312937559_f12_ValidateElementExists_failed] @04-10-2021 02:02:17.0656 A
[ReportManager] Successfully Closed All Drivers. @04-10-2021 02:02:17.0735 A
[ReportManager] File Action [GetAbsolutePath] successfully performed. With the following test data [Relative Folder Path: "target/downloadedFiles/"]. @04-10-2021 02:02:17.0737 AM
[ReportManager] Attempting to run remotely on: [Linux-64], [GoogleChrome], [http://localhost:4444/wd/hub], Headless Execution. @04-10-2021 02:02:17.0737 AM
[ReportManager] Successfully Opened [GoogleChrome]. @04-10-2021 02:02:17.0968 AM
[ReportManager] Target URL: [https://the-internet.herokuapp.com/] @04-10-2021 02:02:17.0977 AM
[ReportManager] Initial URL: [data:,] @04-10-2021 02:02:18.0026 AM
[ReportManager] Browser Action [NavigateToURL] successfully performed. With the following test data [https://the-internet.herokuapp.com/]. @04-10-2021 02:02:18.0432 A

################################################################################################################################################
Starting Execution:	[101 out of 144] test cases in the current suite
Test Method:		[testPackage01.Test_NewValidationHelper.f13]
################################################################################################################################################
[ReportManager] Assertion [ValidateElementExists] FAILED. Expected [Element Should not Exist, locator 'By.tagName: div'] and Actual [Element Exists but is not unique]. Comparison Type [EQUALS]. Validation Type [NEGATIVE]. @04-10-2021 02:02:18.0676 AM
[ReportManager] Successfully created attachment [Screenshot - 1633312938606_f13_ValidateElementExists_failed] @04-10-2021 02:02:18.0677 A
[ReportManager] Successfully Closed All Drivers. @04-10-2021 02:02:18.0755 A
[ReportManager] File Action [GetAbsolutePath] successfully performed. With the following test data [Relative Folder Path: "target/downloadedFiles/"]. @04-10-2021 02:02:18.0757 AM
[ReportManager] Attempting to run remotely on: [Linux-64], [GoogleChrome], [http://localhost:4444/wd/hub], Headless Execution. @04-10-2021 02:02:18.0757 AM
[ReportManager] Successfully Opened [GoogleChrome]. @04-10-2021 02:02:18.0992 AM
[ReportManager] Target URL: [https://the-internet.herokuapp.com/] @04-10-2021 02:02:19.0009 AM
[ReportManager] Initial URL: [data:,] @04-10-2021 02:02:19.0052 AM
[ReportManager] Browser Action [NavigateToURL] successfully performed. With the following test data [https://the-internet.herokuapp.com/]. @04-10-2021 02:02:19.0421 A

################################################################################################################################################
Starting Execution:	[102 out of 144] test cases in the current suite
Test Method:		[testPackage01.Test_NewValidationHelper.f14]
################################################################################################################################################
[ReportManager] Element Action [GetText] successfully performed. With the following test data [Welcome to the-internet]. @04-10-2021 02:02:19.0509 AM
[ReportManager] Loaded Shared OpenCV @04-10-2021 02:02:19.0675 AM
[ReportManager] Assertion Passed: Asserting that the header text is correct @04-10-2021 02:02:19.0755 AM
[ReportManager] Successfully created attachment [Screenshot - 1633312939675_f14_ValidateElementAttribute_passed] @04-10-2021 02:02:19.0757 AM
[ReportManager] Assertion [ValidateElementAttribute] PASSED. Expected [Value Should be 'Welcome to the-internet' for the 'text' attribute, element locator 'By.tagName: h1'] and Actual [Welcome to the-internet]. Comparison Type [EQUALS]. Validation Type [POSITIVE]. @04-10-2021 02:02:19.0757 A
[ReportManager] Successfully Closed All Drivers. @04-10-2021 02:02:19.0836 A
[ReportManager] File Action [GetAbsolutePath] successfully performed. With the following test data [Relative Folder Path: "target/downloadedFiles/"]. @04-10-2021 02:02:19.0839 AM
[ReportManager] Attempting to run remotely on: [Linux-64], [GoogleChrome], [http://localhost:4444/wd/hub], Headless Execution. @04-10-2021 02:02:19.0839 AM
[ReportManager] Successfully Opened [GoogleChrome]. @04-10-2021 02:02:20.0050 AM
[ReportManager] Target URL: [https://the-internet.herokuapp.com/] @04-10-2021 02:02:20.0063 AM
[ReportManager] Initial URL: [data:,] @04-10-2021 02:02:20.0103 AM
[ReportManager] Browser Action [NavigateToURL] successfully performed. With the following test data [https://the-internet.herokuapp.com/]. @04-10-2021 02:02:20.0503 A

################################################################################################################################################
Starting Execution:	[103 out of 144] test cases in the current suite
Test Method:		[testPackage01.Test_NewValidationHelper.f15]
################################################################################################################################################
[ReportManager] Element Action [GetText] successfully performed. With the following test data [Welcome to the-internet]. @04-10-2021 02:02:20.0585 AM
[ReportManager] Loaded Shared OpenCV @04-10-2021 02:02:20.0725 AM
[ReportManager] Assertion [ValidateElementAttribute] FAILED. Expected [Value Should not be 'Welcome' for the 'text' attribute, element locator 'By.tagName: h1'] and Actual [Welcome to the-internet]. Comparison Type [CONTAINS]. Validation Type [NEGATIVE]. @04-10-2021 02:02:20.0800 AM
[ReportManager] Successfully created attachment [Screenshot - 1633312940725_f15_ValidateElementAttribute_failed] @04-10-2021 02:02:20.0802 A
[ReportManager] Successfully Closed All Drivers. @04-10-2021 02:02:20.0874 A
[ReportManager] File Action [GetAbsolutePath] successfully performed. With the following test data [Relative Folder Path: "target/downloadedFiles/"]. @04-10-2021 02:02:20.0876 AM
[ReportManager] Attempting to run remotely on: [Linux-64], [GoogleChrome], [http://localhost:4444/wd/hub], Headless Execution. @04-10-2021 02:02:20.0876 AM
[ReportManager] Successfully Opened [GoogleChrome]. @04-10-2021 02:02:21.0099 AM
[ReportManager] Target URL: [https://the-internet.herokuapp.com/] @04-10-2021 02:02:21.0110 AM
[ReportManager] Initial URL: [data:,] @04-10-2021 02:02:21.0150 AM
[ReportManager] Browser Action [NavigateToURL] successfully performed. With the following test data [https://the-internet.herokuapp.com/]. @04-10-2021 02:02:21.0593 A

################################################################################################################################################
Starting Execution:	[104 out of 144] test cases in the current suite
Test Method:		[testPackage01.Test_NewValidationHelper.f16]
################################################################################################################################################
[ReportManager] Element Action [IdentifyUniqueElement] failed. With the following test data [zero elements found matching this locator "By.tagName: h3".]. @04-10-2021 02:02:47.0225 AM
[ReportManager] Successfully created attachment [Screenshot - 1633312967155_f16_IdentifyUniqueElement_failed] @04-10-2021 02:02:47.0225 AM
[ReportManager] Assertion [ValidateElementAttribute] FAILED. Expected [Value Should not be 'Welcome' for the 'text' attribute, element locator 'By.tagName: h3'] and Actual [Failed to read the desired element attribute]. Comparison Type [CONTAINS]. Validation Type [NEGATIVE]. @04-10-2021 02:02:47.0226 A
[ReportManager] Successfully Closed All Drivers. @04-10-2021 02:02:47.0307 A
[ReportManager] File Action [GetAbsolutePath] successfully performed. With the following test data [Relative Folder Path: "target/downloadedFiles/"]. @04-10-2021 02:02:47.0310 AM
[ReportManager] Attempting to run remotely on: [Linux-64], [GoogleChrome], [http://localhost:4444/wd/hub], Headless Execution. @04-10-2021 02:02:47.0310 AM
[ReportManager] Successfully Opened [GoogleChrome]. @04-10-2021 02:02:47.0532 AM
[ReportManager] Target URL: [https://the-internet.herokuapp.com/] @04-10-2021 02:02:47.0543 AM
[ReportManager] Initial URL: [data:,] @04-10-2021 02:02:47.0583 AM
[ReportManager] Browser Action [NavigateToURL] successfully performed. With the following test data [https://the-internet.herokuapp.com/]. @04-10-2021 02:02:47.0991 A

################################################################################################################################################
Starting Execution:	[105 out of 144] test cases in the current suite
Test Method:		[testPackage01.Test_NewValidationHelper.f17]
################################################################################################################################################
[ReportManager] Attempting to getAttribute [text2] from elementLocator [By.tagName: h1]. @04-10-2021 02:02:47.0999 AM
[ReportManager] Element Action [GetAttribute] successfully performed. @04-10-2021 02:02:48.0079 AM
[ReportManager] Loaded Shared OpenCV @04-10-2021 02:02:48.0223 AM
[ReportManager] Assertion [ValidateElementAttribute] PASSED. Expected [Value Should not be 'Welcome' for the 'text2' attribute, element locator 'By.tagName: h1'] and Actual [null]. Comparison Type [CONTAINS]. Validation Type [NEGATIVE]. @04-10-2021 02:02:48.0304 AM
[ReportManager] Successfully created attachment [Screenshot - 1633312968223_f17_ValidateElementAttribute_passed] @04-10-2021 02:02:48.0305 A
[ReportManager] Successfully Closed All Drivers. @04-10-2021 02:02:48.0385 A
[ReportManager] File Action [GetAbsolutePath] successfully performed. With the following test data [Relative Folder Path: "target/downloadedFiles/"]. @04-10-2021 02:02:48.0388 AM
[ReportManager] Attempting to run remotely on: [Linux-64], [GoogleChrome], [http://localhost:4444/wd/hub], Headless Execution. @04-10-2021 02:02:48.0388 AM
[ReportManager] Successfully Opened [GoogleChrome]. @04-10-2021 02:02:48.0601 AM
[ReportManager] Target URL: [https://the-internet.herokuapp.com/] @04-10-2021 02:02:48.0612 AM
[ReportManager] Initial URL: [data:,] @04-10-2021 02:02:48.0661 AM
[ReportManager] Browser Action [NavigateToURL] successfully performed. With the following test data [https://the-internet.herokuapp.com/]. @04-10-2021 02:02:49.0057 A

################################################################################################################################################
Starting Execution:	[106 out of 144] test cases in the current suite
Test Method:		[testPackage01.Test_NewValidationHelper.f18]
################################################################################################################################################
[ReportManager] Element Action [GetText] successfully performed. With the following test data [Welcome to the-internet]. @04-10-2021 02:02:49.0156 AM
[ReportManager] Loaded Shared OpenCV @04-10-2021 02:02:49.0307 AM
[ReportManager] Assertion [ValidateElementAttribute] PASSED. Expected [Value Should not be 'no' for the 'text' attribute, element locator 'By.tagName: h1'] and Actual [Welcome to the-internet]. Comparison Type [CONTAINS]. Validation Type [NEGATIVE]. @04-10-2021 02:02:49.0390 AM
[ReportManager] Successfully created attachment [Screenshot - 1633312969307_f18_ValidateElementAttribute_passed] @04-10-2021 02:02:49.0392 A
[ReportManager] Successfully Closed All Drivers. @04-10-2021 02:02:49.0472 A
[ReportManager] File Action [GetAbsolutePath] successfully performed. With the following test data [Relative Folder Path: "target/downloadedFiles/"]. @04-10-2021 02:02:49.0474 AM
[ReportManager] Attempting to run remotely on: [Linux-64], [GoogleChrome], [http://localhost:4444/wd/hub], Headless Execution. @04-10-2021 02:02:49.0474 AM
[ReportManager] Successfully Opened [GoogleChrome]. @04-10-2021 02:02:49.0715 AM
[ReportManager] Target URL: [https://the-internet.herokuapp.com/] @04-10-2021 02:02:49.0732 AM
[ReportManager] Initial URL: [data:,] @04-10-2021 02:02:49.0774 AM
[ReportManager] Browser Action [NavigateToURL] successfully performed. With the following test data [https://the-internet.herokuapp.com/]. @04-10-2021 02:02:50.0156 A

################################################################################################################################################
Starting Execution:	[107 out of 144] test cases in the current suite
Test Method:		[testPackage01.Test_NewValidationHelper.f19]
################################################################################################################################################
[ReportManager] Element Action [GetTagName] successfully performed. With the following test data [h1]. @04-10-2021 02:02:50.0239 AM
[ReportManager] Loaded Shared OpenCV @04-10-2021 02:02:50.0392 AM
[ReportManager] Assertion [ValidateElementAttribute] PASSED. Expected [Value Should be 'h' for the 'tagname' attribute, element locator 'By.tagName: h1'] and Actual [h1]. Comparison Type [CONTAINS]. Validation Type [POSITIVE]. @04-10-2021 02:02:50.0483 AM
[ReportManager] Successfully created attachment [Screenshot - 1633312970392_f19_ValidateElementAttribute_passed] @04-10-2021 02:02:50.0485 A
[ReportManager] Successfully Closed All Drivers. @04-10-2021 02:02:50.0558 A

################################################################################################################################################
Starting Execution:	[108 out of 144] test cases in the current suite
Test Method:		[testPackage01.Test_NewValidationHelper.f2]
################################################################################################################################################
[ReportManager] Assertion Failed: Checking valid user data @04-10-2021 02:02:50.0561 AM
[ReportManager] Assertion [ValidateEquals] FAILED. Expected [1] and Actual [2]. Comparison Type [EQUALS]. Validation Type [POSITIVE]. @04-10-2021 02:02:50.0561 A
[ReportManager] File Action [GetAbsolutePath] successfully performed. With the following test data [Relative Folder Path: "target/downloadedFiles/"]. @04-10-2021 02:02:50.0565 AM
[ReportManager] Attempting to run remotely on: [Linux-64], [GoogleChrome], [http://localhost:4444/wd/hub], Headless Execution. @04-10-2021 02:02:50.0565 AM
[ReportManager] Successfully Opened [GoogleChrome]. @04-10-2021 02:02:50.0790 AM
[ReportManager] Target URL: [https://the-internet.herokuapp.com/] @04-10-2021 02:02:50.0800 AM
[ReportManager] Initial URL: [data:,] @04-10-2021 02:02:50.0848 AM
[ReportManager] Browser Action [NavigateToURL] successfully performed. With the following test data [https://the-internet.herokuapp.com/]. @04-10-2021 02:02:51.0267 A

################################################################################################################################################
Starting Execution:	[109 out of 144] test cases in the current suite
Test Method:		[testPackage01.Test_NewValidationHelper.f20]
################################################################################################################################################
[ReportManager] Element Action [GetSize] successfully performed. With the following test data [(755, 61)]. @04-10-2021 02:02:51.0343 AM
[ReportManager] Loaded Shared OpenCV @04-10-2021 02:02:51.0507 AM
[ReportManager] Assertion [ValidateElementAttribute] PASSED. Expected [Value Should not be 'a' for the 'size' attribute, element locator 'By.tagName: h1'] and Actual [(755, 61)]. Comparison Type [CONTAINS]. Validation Type [NEGATIVE]. @04-10-2021 02:02:51.0598 AM
[ReportManager] Successfully created attachment [Screenshot - 1633312971507_f20_ValidateElementAttribute_passed] @04-10-2021 02:02:51.0600 A
[ReportManager] Successfully Closed All Drivers. @04-10-2021 02:02:51.0679 A
[ReportManager] File Action [GetAbsolutePath] successfully performed. With the following test data [Relative Folder Path: "target/downloadedFiles/"]. @04-10-2021 02:02:51.0684 AM
[ReportManager] Attempting to run remotely on: [Linux-64], [GoogleChrome], [http://localhost:4444/wd/hub], Headless Execution. @04-10-2021 02:02:51.0684 AM
[ReportManager] Successfully Opened [GoogleChrome]. @04-10-2021 02:02:51.0905 AM
[ReportManager] Target URL: [https://the-internet.herokuapp.com/] @04-10-2021 02:02:51.0915 AM
[ReportManager] Initial URL: [data:,] @04-10-2021 02:02:51.0955 AM
[ReportManager] Browser Action [NavigateToURL] successfully performed. With the following test data [https://the-internet.herokuapp.com/]. @04-10-2021 02:02:52.0360 A

################################################################################################################################################
Starting Execution:	[110 out of 144] test cases in the current suite
Test Method:		[testPackage01.Test_NewValidationHelper.f21]
################################################################################################################################################
[ReportManager] Element Action [IdentifyUniqueElement] failed. With the following test data [zero elements found matching this locator "By.tagName: h3".]. @04-10-2021 02:03:17.0963 AM
[ReportManager] Successfully created attachment [Screenshot - 1633312997894_f21_IdentifyUniqueElement_failed] @04-10-2021 02:03:17.0963 AM
[ReportManager] Assertion [ValidateElementAttribute] FAILED. Expected [Value Should be 'Welcome' for the 'text' attribute, element locator 'By.tagName: h3'] and Actual [Failed to read the desired element attribute]. Comparison Type [CONTAINS]. Validation Type [POSITIVE]. @04-10-2021 02:03:17.0964 A
[ReportManager] Successfully Closed All Drivers. @04-10-2021 02:03:18.0044 A
[ReportManager] File Action [GetAbsolutePath] successfully performed. With the following test data [Relative Folder Path: "target/downloadedFiles/"]. @04-10-2021 02:03:18.0046 AM
[ReportManager] Attempting to run remotely on: [Linux-64], [GoogleChrome], [http://localhost:4444/wd/hub], Headless Execution. @04-10-2021 02:03:18.0047 AM
[ReportManager] Successfully Opened [GoogleChrome]. @04-10-2021 02:03:18.0247 AM
[ReportManager] Target URL: [https://the-internet.herokuapp.com/] @04-10-2021 02:03:18.0257 AM
[ReportManager] Initial URL: [data:,] @04-10-2021 02:03:18.0301 AM
[ReportManager] Browser Action [NavigateToURL] successfully performed. With the following test data [https://the-internet.herokuapp.com/]. @04-10-2021 02:03:18.0684 A

################################################################################################################################################
Starting Execution:	[111 out of 144] test cases in the current suite
Test Method:		[testPackage01.Test_NewValidationHelper.f22]
################################################################################################################################################
[ReportManager] Element Action [GetText] successfully performed. With the following test data [Welcome to the-internet]. @04-10-2021 02:03:18.0771 AM
[ReportManager] Loaded Shared OpenCV @04-10-2021 02:03:18.0909 AM
[ReportManager] Assertion [ValidateElementAttribute] FAILED. Expected [Value Should be 'yyy' for the 'text' attribute, element locator 'By.tagName: h1'] and Actual [Welcome to the-internet]. Comparison Type [CONTAINS]. Validation Type [POSITIVE]. @04-10-2021 02:03:18.0994 AM
[ReportManager] Successfully created attachment [Screenshot - 1633312998909_f22_ValidateElementAttribute_failed] @04-10-2021 02:03:18.0995 A
[ReportManager] Successfully Closed All Drivers. @04-10-2021 02:03:19.0069 A

################################################################################################################################################
Starting Execution:	[112 out of 144] test cases in the current suite
Test Method:		[testPackage01.Test_NewValidationHelper.f23]
################################################################################################################################################
[ReportManager] Assertion Passed: confirming that the actual is greater than or equal to the expected @04-10-2021 02:03:19.0072 AM
[ReportManager] Assertion [ValidateComparativeRelation] PASSED. Expected [1] and Actual [1]. Comparison Type [GREATER_THAN_OR_EQUALS]. Validation Type [POSITIVE]. @04-10-2021 02:03:19.0072 A

################################################################################################################################################
Starting Execution:	[113 out of 144] test cases in the current suite
Test Method:		[testPackage01.Test_NewValidationHelper.f24]
################################################################################################################################################
[ReportManager] Assertion [ValidateComparativeRelation] PASSED. Expected [1] and Actual [10]. Comparison Type [GREATER_THAN_OR_EQUALS]. Validation Type [POSITIVE]. @04-10-2021 02:03:19.0074 A

################################################################################################################################################
Starting Execution:	[114 out of 144] test cases in the current suite
Test Method:		[testPackage01.Test_NewValidationHelper.f25]
################################################################################################################################################
[ReportManager] Assertion [ValidateComparativeRelation] PASSED. Expected [1] and Actual [1]. Comparison Type [EQUALS]. Validation Type [POSITIVE]. @04-10-2021 02:03:19.0076 A

################################################################################################################################################
Starting Execution:	[115 out of 144] test cases in the current suite
Test Method:		[testPackage01.Test_NewValidationHelper.f26]
################################################################################################################################################
[ReportManager] Assertion [ValidateComparativeRelation] PASSED. Expected [1] and Actual [5]. Comparison Type [GREATER_THAN]. Validation Type [POSITIVE]. @04-10-2021 02:03:19.0079 A

################################################################################################################################################
Starting Execution:	[116 out of 144] test cases in the current suite
Test Method:		[testPackage01.Test_NewValidationHelper.f27]
################################################################################################################################################
[ReportManager] Assertion [ValidateComparativeRelation] PASSED. Expected [11] and Actual [5]. Comparison Type [LESS_THAN]. Validation Type [POSITIVE]. @04-10-2021 02:03:19.0081 A

################################################################################################################################################
Starting Execution:	[117 out of 144] test cases in the current suite
Test Method:		[testPackage01.Test_NewValidationHelper.f28]
################################################################################################################################################
[ReportManager] Assertion [ValidateComparativeRelation] PASSED. Expected [11] and Actual [5]. Comparison Type [LESS_THAN_OR_EQUALS]. Validation Type [POSITIVE]. @04-10-2021 02:03:19.0083 A

################################################################################################################################################
Starting Execution:	[118 out of 144] test cases in the current suite
Test Method:		[testPackage01.Test_NewValidationHelper.f29]
################################################################################################################################################
[ReportManager] Assertion [ValidateComparativeRelation] PASSED. Expected [11] and Actual [11]. Comparison Type [LESS_THAN_OR_EQUALS]. Validation Type [POSITIVE]. @04-10-2021 02:03:19.0085 A

################################################################################################################################################
Starting Execution:	[119 out of 144] test cases in the current suite
Test Method:		[testPackage01.Test_NewValidationHelper.f3]
################################################################################################################################################
[ReportManager] Assertion [ValidateEquals] PASSED. Expected [1] and Actual [2]. Comparison Type [EQUALS]. Validation Type [NEGATIVE]. @04-10-2021 02:03:19.0088 A

################################################################################################################################################
Starting Execution:	[120 out of 144] test cases in the current suite
Test Method:		[testPackage01.Test_NewValidationHelper.f30]
################################################################################################################################################
[ReportManager] Assertion [ValidateComparativeRelation] FAILED. Expected [-9] and Actual [11]. Comparison Type [LESS_THAN_OR_EQUALS]. Validation Type [POSITIVE]. @04-10-2021 02:03:19.0091 A

################################################################################################################################################
Starting Execution:	[121 out of 144] test cases in the current suite
Test Method:		[testPackage01.Test_NewValidationHelper.f31]
################################################################################################################################################
[ReportManager] Assertion [ValidateTrue] PASSED. Expected [TRUE] and Actual [TRUE]. Validation Type [POSITIVE]. @04-10-2021 02:03:19.0094 A

################################################################################################################################################
Starting Execution:	[122 out of 144] test cases in the current suite
Test Method:		[testPackage01.Test_NewValidationHelper.f32]
################################################################################################################################################
[ReportManager] Assertion [ValidateTrue] PASSED. Expected [FALSE] and Actual [FALSE]. Validation Type [NEGATIVE]. @04-10-2021 02:03:19.0096 A

################################################################################################################################################
Starting Execution:	[123 out of 144] test cases in the current suite
Test Method:		[testPackage01.Test_NewValidationHelper.f33]
################################################################################################################################################
[ReportManager] Assertion [ValidateTrue] FAILED. Expected [FALSE] and Actual [TRUE]. Validation Type [NEGATIVE]. @04-10-2021 02:03:19.0099 A

################################################################################################################################################
Starting Execution:	[124 out of 144] test cases in the current suite
Test Method:		[testPackage01.Test_NewValidationHelper.f34]
################################################################################################################################################
[ReportManager] Assertion [ValidateTrue] FAILED. Expected [TRUE] and Actual [FALSE]. Validation Type [POSITIVE]. @04-10-2021 02:03:19.0101 A

################################################################################################################################################
Starting Execution:	[125 out of 144] test cases in the current suite
Test Method:		[testPackage01.Test_NewValidationHelper.f35]
################################################################################################################################################
[ReportManager] File Action [DoesFileExist] successfully performed. With the following test data [File Path: "pom.xml"]. @04-10-2021 02:03:19.0103 AM
[ReportManager] Assertion [ValidateFileExists] PASSED. Expected [File 'pom.xml' should exist, after up to '1' retries] and Actual [File exists]. Validation Type [POSITIVE]. @04-10-2021 02:03:19.0103 A

################################################################################################################################################
Starting Execution:	[126 out of 144] test cases in the current suite
Test Method:		[testPackage01.Test_NewValidationHelper.f36]
################################################################################################################################################
[ReportManager] File Action [DoesFileExist] successfully performed. With the following test data [File Path: "src/test/java/testPackage01/Test_NewValidationHelper.java"]. @04-10-2021 02:03:19.0107 AM
[ReportManager] Assertion [ValidateFileExists] PASSED. Expected [File 'src/test/java/testPackage01/Test_NewValidationHelper.java' should exist, after up to '1' retries] and Actual [File exists]. Validation Type [POSITIVE]. @04-10-2021 02:03:19.0107 A

################################################################################################################################################
Starting Execution:	[127 out of 144] test cases in the current suite
Test Method:		[testPackage01.Test_NewValidationHelper.f37]
################################################################################################################################################
[ReportManager] File Action [DoesFileExist] successfully performed. With the following test data [File Path: "pom.xml"]. @04-10-2021 02:03:19.0110 AM
[ReportManager] Assertion Failed: confirming that the file does't exist after 5 retries @04-10-2021 02:03:19.0111 AM
[ReportManager] Assertion [ValidateFileExists] FAILED. Expected [File 'pom.xml' should not exist, after up to '5' retries] and Actual [File exists]. Validation Type [NEGATIVE]. @04-10-2021 02:03:19.0111 A

################################################################################################################################################
Starting Execution:	[128 out of 144] test cases in the current suite
Test Method:		[testPackage01.Test_NewValidationHelper.f3_1]
################################################################################################################################################
[ReportManager] Assertion Passed: Checking valid user data @04-10-2021 02:03:19.0114 AM
[ReportManager] Assertion [ValidateEquals] PASSED. Expected [null] and Actual [null]. Comparison Type [EQUALS]. Validation Type [POSITIVE]. @04-10-2021 02:03:19.0114 A

################################################################################################################################################
Starting Execution:	[129 out of 144] test cases in the current suite
Test Method:		[testPackage01.Test_NewValidationHelper.f4]
################################################################################################################################################
[ReportManager] Assertion [ValidateEquals] PASSED. Expected [1] and Actual [123]. Comparison Type [CONTAINS]. Validation Type [POSITIVE]. @04-10-2021 02:03:19.0117 A

################################################################################################################################################
Starting Execution:	[130 out of 144] test cases in the current suite
Test Method:		[testPackage01.Test_NewValidationHelper.f5]
################################################################################################################################################
[ReportManager] Assertion [ValidateNull] PASSED. Expected [NULL] and Actual [1]. Comparison Type [EQUALS]. Validation Type [NEGATIVE]. @04-10-2021 02:03:19.0119 A

################################################################################################################################################
Starting Execution:	[131 out of 144] test cases in the current suite
Test Method:		[testPackage01.Test_NewValidationHelper.f6]
################################################################################################################################################
[ReportManager] Assertion Failed: Making sure that null string is not equal to null object @04-10-2021 02:03:19.0121 AM
[ReportManager] Assertion [ValidateNull] FAILED. Expected [NULL] and Actual [NULL]. Comparison Type [EQUALS]. Validation Type [POSITIVE]. @04-10-2021 02:03:19.0121 A

################################################################################################################################################
Starting Execution:	[132 out of 144] test cases in the current suite
Test Method:		[testPackage01.Test_NewValidationHelper.f6_1]
################################################################################################################################################
[ReportManager] Assertion [ValidateNull] FAILED. Expected [NULL] and Actual [NULL]. Comparison Type [EQUALS]. Validation Type [NEGATIVE]. @04-10-2021 02:03:19.0124 A

################################################################################################################################################
Starting Execution:	[133 out of 144] test cases in the current suite
Test Method:		[testPackage01.Test_NewValidationHelper.f6_2]
################################################################################################################################################
[ReportManager] Assertion Failed: Making sure that null string is not equal to null object @04-10-2021 02:03:19.0126 AM
[ReportManager] Assertion [ValidateNull] FAILED. Expected [NULL] and Actual [not null]. Comparison Type [EQUALS]. Validation Type [POSITIVE]. @04-10-2021 02:03:19.0126 A

################################################################################################################################################
Starting Execution:	[134 out of 144] test cases in the current suite
Test Method:		[testPackage01.Test_NewValidationHelper.f7]
################################################################################################################################################
[ReportManager] Assertion [ValidateNull] PASSED. Expected [NULL] and Actual [NULL]. Comparison Type [EQUALS]. Validation Type [POSITIVE]. @04-10-2021 02:03:19.0128 A
[ReportManager] File Action [GetAbsolutePath] successfully performed. With the following test data [Relative Folder Path: "target/downloadedFiles/"]. @04-10-2021 02:03:19.0129 AM
[ReportManager] Attempting to run remotely on: [Linux-64], [GoogleChrome], [http://localhost:4444/wd/hub], Headless Execution. @04-10-2021 02:03:19.0129 AM
[ReportManager] Successfully Opened [GoogleChrome]. @04-10-2021 02:03:19.0355 AM
[ReportManager] Target URL: [https://the-internet.herokuapp.com/] @04-10-2021 02:03:19.0365 AM
[ReportManager] Initial URL: [data:,] @04-10-2021 02:03:19.0410 AM
[ReportManager] Browser Action [NavigateToURL] successfully performed. With the following test data [https://the-internet.herokuapp.com/]. @04-10-2021 02:03:19.0815 A

################################################################################################################################################
Starting Execution:	[135 out of 144] test cases in the current suite
Test Method:		[testPackage01.Test_NewValidationHelper.f8]
################################################################################################################################################
[ReportManager] Loaded Shared OpenCV @04-10-2021 02:03:20.0022 AM
[ReportManager] Assertion [ValidateElementExists] PASSED. Expected [Element Should Exist, locator 'By.tagName: h1'] and Actual [Element Exists]. Comparison Type [EQUALS]. Validation Type [POSITIVE]. @04-10-2021 02:03:20.0115 AM
[ReportManager] Successfully created attachment [Screenshot - 1633313000022_f8_ValidateElementExists_passed] @04-10-2021 02:03:20.0116 A
[ReportManager] Successfully Closed All Drivers. @04-10-2021 02:03:20.0189 A
[ReportManager] File Action [GetAbsolutePath] successfully performed. With the following test data [Relative Folder Path: "target/downloadedFiles/"]. @04-10-2021 02:03:20.0192 AM
[ReportManager] Attempting to run remotely on: [Linux-64], [GoogleChrome], [http://localhost:4444/wd/hub], Headless Execution. @04-10-2021 02:03:20.0192 AM
[ReportManager] Successfully Opened [GoogleChrome]. @04-10-2021 02:03:20.0395 AM
[ReportManager] Target URL: [https://the-internet.herokuapp.com/] @04-10-2021 02:03:20.0406 AM
[ReportManager] Initial URL: [data:,] @04-10-2021 02:03:20.0446 AM
[ReportManager] Browser Action [NavigateToURL] successfully performed. With the following test data [https://the-internet.herokuapp.com/]. @04-10-2021 02:03:20.0846 A

################################################################################################################################################
Starting Execution:	[136 out of 144] test cases in the current suite
Test Method:		[testPackage01.Test_NewValidationHelper.f9]
################################################################################################################################################
[ReportManager] Assertion [ValidateElementExists] FAILED. Expected [Element Should Exist, locator 'By.tagName: h3'] and Actual [Element Doesn't Exists]. Comparison Type [EQUALS]. Validation Type [POSITIVE]. @04-10-2021 02:03:51.0591 AM
[ReportManager] Successfully created attachment [Screenshot - 1633313031520_f9_ValidateElementExists_failed] @04-10-2021 02:03:51.0592 A
[ReportManager] Successfully Closed All Drivers. @04-10-2021 02:03:51.0668 A

################################################################################################################################################
Starting Execution:	[137 out of 144] test cases in the current suite
Test Method:		[testPackage01.Test_NewValidationHelper.forceFail]
################################################################################################################################################
[ReportManager] Assertion [ValidateFail] FAILED. Successfully force failed the test. @04-10-2021 02:03:51.0672 A

################################################################################################################################################
Starting Execution:	[138 out of 144] test cases in the current suite
Test Method:		[testPackage01.Test_NewValidationHelper.forceFail2]
################################################################################################################################################
[ReportManager] Assertion Failed: Custom Message @04-10-2021 02:03:51.0675 AM
[ReportManager] Assertion [ValidateFail] FAILED. Successfully force failed the test. @04-10-2021 02:03:51.0675 A

################################################################################################################################################
Starting Execution:	[139 out of 144] test cases in the current suite
Test Method:		[testPackage01.Test_sendGraphqlRequest.sendGraphqlRequestUsingMutationAndVariables]
################################################################################################################################################
[ReportManager] GraphQl Request is being Performed with the Following Parameters [Service URL: https://api.spacex.land/graphql | Request Body: {"variables":"{\"name\": \"sherlock holmes\",\"rocket\": \"221B Baker Street\"}","query":"mutation ($name: String, $rocket: String) {\n  insert_users(objects: {name: $name, rocket: $rocket}) {\n    returning {\n      name\n      rocket\n    }\n  }\n}"}] @04-10-2021 02:03:51.0679 AM
[ReportManager] Response status code: [200], status line: [HTTP/1.1 200 OK] @04-10-2021 02:03:52.0095 AM
[ReportManager] Assertion Passed: Evaluating the actual response status code against the expected one... @04-10-2021 02:03:52.0095 AM
[ReportManager] Assertion [ValidateEquals] PASSED. Expected [200] and Actual [200]. Comparison Type [EQUALS]. Validation Type [POSITIVE]. @04-10-2021 02:03:52.0095 AM
[ReportManager] API Action [PerformRequest] successfully performed. With the following test data [Request Type: "POST" | Target Status Code: "200" | Service URL: "https://api.spacex.land/graphql" | Content Type: "application/json" | Response Time: "325ms"]. @04-10-2021 02:03:52.0109 AM
[ReportManager] Successfully created attachment [API Request - Specifications] @04-10-2021 02:03:52.0110 AM
[ReportManager] Successfully created attachment [API Request - JSON Body] @04-10-2021 02:03:52.0110 AM
[ReportManager] Successfully created attachment [API Response - JSON Body] @04-10-2021 02:03:52.0110 AM
[ReportManager] API Action [GetResponseJSONValue] successfully performed. With the following test data [data.insert_users.returning[0].name]. @04-10-2021 02:03:52.0168 AM
[ReportManager] Assertion [ValidateEquals] PASSED. Expected [sherlock holmes] and Actual [sherlock holmes]. Comparison Type [EQUALS]. Validation Type [POSITIVE]. @04-10-2021 02:03:52.0169 A

################################################################################################################################################
Starting Execution:	[140 out of 144] test cases in the current suite
Test Method:		[testPackage01.Test_sendGraphqlRequest.sendGraphqlRequestUsingQuery]
################################################################################################################################################
[ReportManager] GraphQl Request is being Performed with the Following Parameters [Service URL: https://api.spacex.land/graphql | Request Body: {"query":"{company {ceo}}"}] @04-10-2021 02:03:52.0174 AM
[ReportManager] Response status code: [200], status line: [HTTP/1.1 200 OK] @04-10-2021 02:03:52.0265 AM
[ReportManager] Assertion Passed: Evaluating the actual response status code against the expected one... @04-10-2021 02:03:52.0265 AM
[ReportManager] Assertion [ValidateEquals] PASSED. Expected [200] and Actual [200]. Comparison Type [EQUALS]. Validation Type [POSITIVE]. @04-10-2021 02:03:52.0266 AM
[ReportManager] API Action [PerformRequest] successfully performed. With the following test data [Request Type: "POST" | Target Status Code: "200" | Service URL: "https://api.spacex.land/graphql" | Content Type: "application/json" | Response Time: "86ms"]. @04-10-2021 02:03:52.0278 AM
[ReportManager] Successfully created attachment [API Request - Specifications] @04-10-2021 02:03:52.0278 AM
[ReportManager] Successfully created attachment [API Request - JSON Body] @04-10-2021 02:03:52.0279 AM
[ReportManager] Successfully created attachment [API Response - JSON Body] @04-10-2021 02:03:52.0279 AM
[ReportManager] API Action [GetResponseJSONValue] successfully performed. With the following test data [data.company.ceo]. @04-10-2021 02:03:52.0292 AM
[ReportManager] Assertion [ValidateEquals] PASSED. Expected [Elon Musk] and Actual [Elon Musk]. Comparison Type [EQUALS]. Validation Type [POSITIVE]. @04-10-2021 02:03:52.0293 A

################################################################################################################################################
Starting Execution:	[141 out of 144] test cases in the current suite
Test Method:		[testPackage01.Test_chainableElementActions.chainElementActions]
################################################################################################################################################
[ReportManager] File Action [GetAbsolutePath] successfully performed. With the following test data [Relative Folder Path: "target/downloadedFiles/"]. @04-10-2021 02:03:52.0300 AM
[ReportManager] Attempting to run remotely on: [Linux-64], [GoogleChrome], [http://localhost:4444/wd/hub], Headless Execution. @04-10-2021 02:03:52.0300 AM
[ReportManager] Successfully Opened [GoogleChrome]. @04-10-2021 02:03:52.0548 AM
[ReportManager] Target URL: [https://www.google.com/ncr], and after redirection: [https://www.google.com] @04-10-2021 02:03:52.0559 AM
[ReportManager] Initial URL: [data:,] @04-10-2021 02:03:52.0601 AM
[ReportManager] Browser Action [NavigateToURL] successfully performed. With the following test data [https://www.google.com/ncr]. @04-10-2021 02:03:53.0478 AM
[ReportManager] Element Action [Type] successfully performed. With the following test data [chained type 1]. @04-10-2021 02:03:53.0863 AM
[ReportManager] Element Action [Type] successfully performed. With the following test data [chained type 2]. @04-10-2021 02:03:54.0240 AM
[ReportManager] Element Action [TypeAppend] successfully performed. With the following test data [345]. @04-10-2021 02:03:54.0338 AM
[ReportManager] Element Action [GetText] successfully performed. With the following test data [chained type 2345]. @04-10-2021 02:03:54.0454 AM
[ReportManager] Loaded Shared OpenCV @04-10-2021 02:03:54.0635 AM
[ReportManager] Assertion [ValidateElementAttribute] PASSED. Expected [Value Should be 'chained type 2345' for the 'text' attribute, element locator 'By.name: q'] and Actual [chained type 2345]. Comparison Type [EQUALS]. Validation Type [POSITIVE]. @04-10-2021 02:03:54.0739 AM
[ReportManager] Successfully created attachment [Screenshot - 1633313034635_chainElementActions_ValidateElementAttribute_passed] @04-10-2021 02:03:54.0741 AM
[ReportManager] Browser Action [CloseCurrentWindow] successfully performed. @04-10-2021 02:03:54.0861 AM
[ReportManager] Successfully created attachment [Browser Action Test Data - CloseCurrentWindow - Actual Value] @04-10-2021 02:03:54.0862 A

################################################################################################################################################
Starting Execution:	[142 out of 144] test cases in the current suite
Test Method:		[testPackage01.Test_SkipDueToIssue.doNotSkip]
################################################################################################################################################
[ReportManager] This should not be skipped. @04-10-2021 02:03:54.0866 A

################################################################################################################################################
Starting Execution:	[143 out of 144] test cases in the current suite
Test Method:		[testPackage01.Test_SkipDueToIssue.skip]
################################################################################################################################################
[ReportManager] This should be skipped. @04-10-2021 02:03:54.0882 A

################################################################################################################################################
Starting Execution:	[144 out of 144] test cases in the current suite
Test Method:		[testPackage01.Test_SkipDueToIssue.skip2]
################################################################################################################################################
[ReportManager] This should be skipped. @04-10-2021 02:03:54.0886 A

################################################################################################################################################
Test Closure Activities
################################################################################################################################################
[ReportManager] Successfully created attachment [SHAFT Engine Logs - Execution log] @04-10-2021 02:03:54.0922 AM

################################################################################################################################################
This test run was powered by SHAFT Engine Version: [SHAFT Engine v5.3.20210902]
SHAFT Engine is licensed under the MIT License: [https://github.com/MohabMohie/SHAFT_ENGINE/blob/master/LICENSE].
################################################################################################################################################