################################################################################################################################################
Detected SHAFT Engine Version: [SHAFT Engine v5.4.20211114-BETA]
################################################################################################################################################
[ReportManager] File Action [GetAbsolutePath] successfully performed. With the following test data [Relative Folder Path: "target/downloadedFiles/"]. @13-11-2021 22:46:45.0808 PM
[ReportManager] Attempting to run locally on: [Mac-64], [Safari], Headless Execution. @13-11-2021 22:46:45.0823 PM
[ReportManager] Successfully Opened Safari. @13-11-2021 22:46:50.0088 PM
[ReportManager] Initial window size: (800, 600) @13-11-2021 22:46:50.0110 PM
[ReportManager] Window size after SWD Maximize: (1176, 810) @13-11-2021 22:46:50.0138 PM
[ReportManager] Browser Action [MaximizeWindow] successfully performed. With the following test data [New screen size is now: (1176, 810)]. @13-11-2021 22:46:50.0157 P

################################################################################################################################################
Starting Execution:	[1 out of 146] test cases in the current suite
Test Method:		[unitTests.tests_element_elementActions.waitForElementToBePresent_false_expectedToFail]
################################################################################################################################################
[ReportManager] Target URL: [https://www.google.com/ncr], and after redirection: [www.google.com] @13-11-2021 22:46:50.0296 PM
[ReportManager] Initial URL: [] @13-11-2021 22:46:50.0360 PM
[ReportManager] Browser Action [NavigateToURL] successfully performed. With the following test data [https://www.google.com/ncr]. @13-11-2021 22:46:51.0459 PM
[ReportManager] Waiting for element to be present; elementLocator [By.xpath: //*[@id='hplogo' or @alt='Google']], numberOfTries[1], stateOfPresence[false]... @13-11-2021 22:46:51.0474 PM
[ReportManager] Element Action [WaitForElementToBePresent] failed. With the following test data [waited for the element's state of presence to be (false). Element locator (By.xpath: //*[@id='hplogo' or @alt='Google'])]. @13-11-2021 22:46:53.0963 PM
[ReportManager] Successfully created attachment [Screenshot - 1636843611617_waitForElementToBePresent_false_expectedToFail_WaitForElementToBePresent_failed] @13-11-2021 22:46:53.0980 P
[ReportManager] Browser Action [CloseCurrentWindow] successfully performed. @13-11-2021 22:46:54.0312 PM
[ReportManager] Successfully created attachment [Browser Action Test Data - CloseCurrentWindow - Actual Value] @13-11-2021 22:46:54.0315 P
[ReportManager] File Action [GetAbsolutePath] successfully performed. With the following test data [Relative Folder Path: "target/downloadedFiles/"]. @13-11-2021 22:46:54.0328 PM
[ReportManager] Attempting to run locally on: [Mac-64], [Safari], Headless Execution. @13-11-2021 22:46:54.0329 PM
[ReportManager] Successfully Opened Safari. @13-11-2021 22:46:55.0169 PM
[ReportManager] Initial window size: (800, 600) @13-11-2021 22:46:55.0177 PM
[ReportManager] Window size after SWD Maximize: (1176, 811) @13-11-2021 22:46:55.0207 PM
[ReportManager] Browser Action [MaximizeWindow] successfully performed. With the following test data [New screen size is now: (1176, 811)]. @13-11-2021 22:46:55.0208 P

################################################################################################################################################
Starting Execution:	[2 out of 146] test cases in the current suite
Test Method:		[unitTests.tests_element_elementActions.waitForElementToBePresent_false_expectedToPass]
################################################################################################################################################
[ReportManager] Target URL: [https://www.google.com/ncr], and after redirection: [www.google.com] @13-11-2021 22:46:55.0214 PM
[ReportManager] Initial URL: [] @13-11-2021 22:46:55.0277 PM
[ReportManager] Browser Action [NavigateToURL] successfully performed. With the following test data [https://www.google.com/ncr]. @13-11-2021 22:46:56.0102 PM
[ReportManager] Waiting for element to be present; elementLocator [By.id: bla], numberOfTries[1], stateOfPresence[false]... @13-11-2021 22:46:56.0109 P
[ReportManager] Browser Action [CloseCurrentWindow] successfully performed. @13-11-2021 22:46:56.0305 PM
[ReportManager] Successfully created attachment [Browser Action Test Data - CloseCurrentWindow - Actual Value] @13-11-2021 22:46:56.0306 P
[ReportManager] File Action [GetAbsolutePath] successfully performed. With the following test data [Relative Folder Path: "target/downloadedFiles/"]. @13-11-2021 22:46:56.0312 PM
[ReportManager] Attempting to run locally on: [Mac-64], [Safari], Headless Execution. @13-11-2021 22:46:56.0312 PM
[ReportManager] Successfully Opened Safari. @13-11-2021 22:46:57.0123 PM
[ReportManager] Initial window size: (800, 600) @13-11-2021 22:46:57.0129 PM
[ReportManager] Window size after SWD Maximize: (1176, 811) @13-11-2021 22:46:57.0142 PM
[ReportManager] Browser Action [MaximizeWindow] successfully performed. With the following test data [New screen size is now: (1176, 811)]. @13-11-2021 22:46:57.0150 P

################################################################################################################################################
Starting Execution:	[3 out of 146] test cases in the current suite
Test Method:		[unitTests.tests_element_elementActions.waitForElementToBePresent_moreThanOneElement_expectedToFail]
################################################################################################################################################
[ReportManager] Target URL: [https://www.google.com/ncr], and after redirection: [www.google.com] @13-11-2021 22:46:57.0156 PM
[ReportManager] Initial URL: [] @13-11-2021 22:46:57.0235 PM
[ReportManager] Browser Action [NavigateToURL] successfully performed. With the following test data [https://www.google.com/ncr]. @13-11-2021 22:46:58.0589 PM
[ReportManager] Waiting for element to be present; elementLocator [By.xpath: //*], numberOfTries[1], stateOfPresence[false]... @13-11-2021 22:46:58.0589 PM
[ReportManager] Element Action [WaitForElementToBePresent] failed. With the following test data [waited for the element's state of presence to be (false). Element locator (By.xpath: //*)]. @13-11-2021 22:46:58.0773 PM
[ReportManager] Successfully created attachment [Screenshot - 1636843618644_waitForElementToBePresent_moreThanOneElement_expectedToFail_WaitForElementToBePresent_failed] @13-11-2021 22:46:58.0777 P
[ReportManager] Browser Action [CloseCurrentWindow] successfully performed. @13-11-2021 22:46:59.0101 PM
[ReportManager] Successfully created attachment [Browser Action Test Data - CloseCurrentWindow - Actual Value] @13-11-2021 22:46:59.0102 P
[ReportManager] File Action [GetAbsolutePath] successfully performed. With the following test data [Relative Folder Path: "target/downloadedFiles/"]. @13-11-2021 22:46:59.0108 PM
[ReportManager] Attempting to run locally on: [Mac-64], [Safari], Headless Execution. @13-11-2021 22:46:59.0109 PM
[ReportManager] Successfully Opened Safari. @13-11-2021 22:46:59.0986 PM
[ReportManager] Initial window size: (800, 600) @13-11-2021 22:47:00.0038 PM
[ReportManager] Window size after SWD Maximize: (1176, 811) @13-11-2021 22:47:00.0100 PM
[ReportManager] Browser Action [MaximizeWindow] successfully performed. With the following test data [New screen size is now: (1176, 811)]. @13-11-2021 22:47:00.0100 P

################################################################################################################################################
Starting Execution:	[4 out of 146] test cases in the current suite
Test Method:		[unitTests.tests_element_elementActions.waitForElementToBePresent_true_expectedToFail]
################################################################################################################################################
[ReportManager] Target URL: [https://www.google.com/ncr], and after redirection: [www.google.com] @13-11-2021 22:47:00.0103 PM
[ReportManager] Initial URL: [] @13-11-2021 22:47:00.0166 PM
[ReportManager] Browser Action [NavigateToURL] successfully performed. With the following test data [https://www.google.com/ncr]. @13-11-2021 22:47:01.0393 PM
[ReportManager] Waiting for element to be present; elementLocator [By.id: bla], numberOfTries[1], stateOfPresence[true]... @13-11-2021 22:47:01.0394 P
[ReportManager] Browser Action [CloseCurrentWindow] successfully performed. @13-11-2021 22:47:01.0738 PM
[ReportManager] Successfully created attachment [Browser Action Test Data - CloseCurrentWindow - Actual Value] @13-11-2021 22:47:01.0739 P
[ReportManager] File Action [GetAbsolutePath] successfully performed. With the following test data [Relative Folder Path: "target/downloadedFiles/"]. @13-11-2021 22:47:01.0746 PM
[ReportManager] Attempting to run locally on: [Mac-64], [Safari], Headless Execution. @13-11-2021 22:47:01.0746 PM
[ReportManager] Successfully Opened Safari. @13-11-2021 22:47:02.0601 PM
[ReportManager] Initial window size: (800, 600) @13-11-2021 22:47:02.0611 PM
[ReportManager] Window size after SWD Maximize: (1176, 811) @13-11-2021 22:47:02.0624 PM
[ReportManager] Browser Action [MaximizeWindow] successfully performed. With the following test data [New screen size is now: (1176, 811)]. @13-11-2021 22:47:02.0624 P

################################################################################################################################################
Starting Execution:	[5 out of 146] test cases in the current suite
Test Method:		[unitTests.tests_element_elementActions.waitForElementToBePresent_true_expectedToPass]
################################################################################################################################################
[ReportManager] Target URL: [https://www.google.com/ncr], and after redirection: [www.google.com] @13-11-2021 22:47:02.0634 PM
[ReportManager] Initial URL: [] @13-11-2021 22:47:02.0705 PM
[ReportManager] Browser Action [NavigateToURL] successfully performed. With the following test data [https://www.google.com/ncr]. @13-11-2021 22:47:03.0596 PM
[ReportManager] Waiting for element to be present; elementLocator [By.xpath: //*[@id='hplogo' or @alt='Google']], numberOfTries[1], stateOfPresence[true]... @13-11-2021 22:47:03.0597 PM
[ReportManager] Element Action [WaitForElementToBePresent] successfully performed. With the following test data [waited for the element's state of presence to be (true). Element locator (By.xpath: //*[@id='hplogo' or @alt='Google'])]. @13-11-2021 22:47:03.0619 PM
[ReportManager] File Action [DoesFileExist] successfully performed. With the following test data [File Path: "src/main/resources/dynamicObjectRepository/unitTests_tests_element_elementActions_waitForElementToBePresent_true_expectedToPass_By_xpath_id_hplogo_or_alt_Google.png"]. @13-11-2021 22:47:03.0643 PM
[ReportManager] File Action [DoesFileExist] successfully performed. With the following test data [File Path: "src/main/resources/dynamicObjectRepository/unitTests_tests_element_elementActions_waitForElementToBePresent_true_expectedToPass_By_xpath_id_hplogo_or_alt_Google.png"]. @13-11-2021 22:47:03.0697 PM
[ReportManager] Passing the test and saving a reference image @13-11-2021 22:47:03.0697 PM
[ReportManager] File Action [GetAbsolutePath] successfully performed. With the following test data [Relative File Path: "src/main/resources/dynamicObjectRepository/unitTests_tests_element_elementActions_waitForElementToBePresent_true_expectedToPass_By_xpath_id_hplogo_or_alt_Google.png"]. @13-11-2021 22:47:03.0698 PM
[ReportManager] File Action [WriteToFile] successfully performed. With the following test data [Target File Path: "/Users/runner/work/SHAFT_ENGINE/SHAFT_ENGINE/src/main/resources/dynamicObjectRepository/unitTests_tests_element_elementActions_waitForElementToBePresent_true_expectedToPass_By_xpath_id_hplogo_or_alt_Google.png"]. @13-11-2021 22:47:03.0699 PM
[ReportManager] Assertion Passed: Using Visual AI; OpenCV @13-11-2021 22:47:03.0700 PM
[ReportManager] Successfully created attachment [Validation Test Data - Actual Screenshot] @13-11-2021 22:47:03.0701 PM
[ReportManager] Assertion [ValidateElementMatches] PASSED. Expected [Element should match the reference screenshot] and Actual [TRUE]. Comparison Type [EXACT_OPENCV]. Validation Type [POSITIVE]. @13-11-2021 22:47:03.0701 P
[ReportManager] Browser Action [CloseCurrentWindow] successfully performed. @13-11-2021 22:47:04.0110 PM
[ReportManager] Successfully created attachment [Browser Action Test Data - CloseCurrentWindow - Actual Value] @13-11-2021 22:47:04.0111 P
[ReportManager] File Action [GetAbsolutePath] successfully performed. With the following test data [Relative Folder Path: "target/downloadedFiles/"]. @13-11-2021 22:47:04.0115 PM
[ReportManager] Attempting to run locally on: [Mac-64], [Safari], Headless Execution. @13-11-2021 22:47:04.0115 PM
[ReportManager] Successfully Opened Safari. @13-11-2021 22:47:04.0974 PM
[ReportManager] Initial window size: (800, 600) @13-11-2021 22:47:04.0980 PM
[ReportManager] Window size after SWD Maximize: (1176, 811) @13-11-2021 22:47:05.0000 PM
[ReportManager] Browser Action [MaximizeWindow] successfully performed. With the following test data [New screen size is now: (1176, 811)]. @13-11-2021 22:47:05.0001 PM
[ReportManager] Target URL: [https://duckduckgo.com] @13-11-2021 22:47:05.0001 PM
[ReportManager] Initial URL: [] @13-11-2021 22:47:05.0073 PM
[ReportManager] Browser Action [NavigateToURL] successfully performed. With the following test data [https://duckduckgo.com]. @13-11-2021 22:47:05.0872 P

################################################################################################################################################
Starting Execution:	[6 out of 146] test cases in the current suite
Test Method:		[unitTests.tests_browserActions.fullScreenWindow]
################################################################################################################################################
[ReportManager] Initial Windows Size: 1176x811 @13-11-2021 22:47:05.0879 PM
[ReportManager] Current Windows Size after fullScreen: 1176x885 @13-11-2021 22:47:06.0047 PM
[ReportManager] Browser Action [FullScreenWindow] successfully performed. @13-11-2021 22:47:06.0073 PM
[ReportManager] Successfully created attachment [Browser Action Test Data - FullScreenWindow - Actual Value] @13-11-2021 22:47:06.0075 P
[ReportManager] Target URL: [https://duckduckgo.com] @13-11-2021 22:47:06.0079 PM
[ReportManager] Initial URL: [https://duckduckgo.com] @13-11-2021 22:47:06.0143 PM
[ReportManager] Browser Action [NavigateToURL] successfully performed. With the following test data [https://duckduckgo.com]. @13-11-2021 22:47:06.0847 PM
[ReportManager] Browser Action [CloseCurrentWindow] successfully performed. @13-11-2021 22:47:07.0151 PM
[ReportManager] Successfully created attachment [Browser Action Test Data - CloseCurrentWindow - Actual Value] @13-11-2021 22:47:07.0153 P
[ReportManager] File Action [GetAbsolutePath] successfully performed. With the following test data [Relative Folder Path: "target/downloadedFiles/"]. @13-11-2021 22:47:07.0157 PM
[ReportManager] Attempting to run locally on: [Mac-64], [Safari], Headless Execution. @13-11-2021 22:47:07.0157 P

################################################################################################################################################
Starting Execution:	[7 out of 146] test cases in the current suite
Test Method:		[unitTests.tests_browserActions.getCurrentURL]
###############################################################################################################################################



################################################################################################################################################
Starting Execution:	[8 out of 146] test cases in the current suite
Test Method:		[unitTests.tests_browserActions.getCurrentWindowTitle]
###############################################################################################################################################



################################################################################################################################################
Starting Execution:	[9 out of 146] test cases in the current suite
Test Method:		[unitTests.tests_browserActions.getPageSource]
###############################################################################################################################################



################################################################################################################################################
Starting Execution:	[10 out of 146] test cases in the current suite
Test Method:		[unitTests.tests_browserActions.getWindowHandle]
###############################################################################################################################################



################################################################################################################################################
Starting Execution:	[11 out of 146] test cases in the current suite
Test Method:		[unitTests.tests_browserActions.getWindowPosition]
###############################################################################################################################################



################################################################################################################################################
Starting Execution:	[12 out of 146] test cases in the current suite
Test Method:		[unitTests.tests_browserActions.getWindowSize]
###############################################################################################################################################



################################################################################################################################################
Starting Execution:	[13 out of 146] test cases in the current suite
Test Method:		[unitTests.tests_browserActions.maximizeWindow]
###############################################################################################################################################



################################################################################################################################################
Starting Execution:	[14 out of 146] test cases in the current suite
Test Method:		[unitTests.tests_browserActions.navigateBack]
###############################################################################################################################################



################################################################################################################################################
Starting Execution:	[15 out of 146] test cases in the current suite
Test Method:		[unitTests.tests_browserActions.navigateForward]
###############################################################################################################################################



################################################################################################################################################
Starting Execution:	[16 out of 146] test cases in the current suite
Test Method:		[unitTests.tests_browserActions.navigateToURL]
###############################################################################################################################################



################################################################################################################################################
Starting Execution:	[17 out of 146] test cases in the current suite
Test Method:		[unitTests.tests_browserActions.navigateToURLWithRedirection]
###############################################################################################################################################



################################################################################################################################################
Starting Execution:	[18 out of 146] test cases in the current suite
Test Method:		[unitTests.tests_browserActions.refreshCurrentPage]
###############################################################################################################################################



################################################################################################################################################
Starting Execution:	[19 out of 146] test cases in the current suite
Test Method:		[unitTests.tests_browserActions.setWindowSize]
###############################################################################################################################################

[ReportManager] Successfully loaded the following test data file [src/test/resources/TestDataFiles/testSuite01/TestData.xlsx]. @13-11-2021 22:47:08.0353 PM
[ReportManager] Successfully created attachment [Test Data - Excel] @13-11-2021 22:47:08.0354 P

################################################################################################################################################
Starting Execution:	[20 out of 146] test cases in the current suite
Test Method:		[unitTests.tests_io_excelFileManager.getCellData_rowName_expectedToPass]
################################################################################################################################################
[ReportManager] testRowData. @13-11-2021 22:47:08.0374 P

################################################################################################################################################
Starting Execution:	[21 out of 146] test cases in the current suite
Test Method:		[unitTests.tests_validations_assertions.assertComparativeRelation_greaterThanOrEquals_false_equals_expectedToFail]
################################################################################################################################################
[ReportManager] Assertion [ValidateComparativeRelation] FAILED. Expected [1] and Actual [1]. Comparison Type [GREATER_THAN_OR_EQUALS]. Validation Type [NEGATIVE]. @13-11-2021 22:47:08.0383 P

################################################################################################################################################
Starting Execution:	[22 out of 146] test cases in the current suite
Test Method:		[unitTests.tests_validations_assertions.assertComparativeRelation_greaterThanOrEquals_false_equals_expectedToPass]
################################################################################################################################################
[ReportManager] Assertion [ValidateComparativeRelation] PASSED. Expected [2] and Actual [1]. Comparison Type [GREATER_THAN_OR_EQUALS]. Validation Type [NEGATIVE]. @13-11-2021 22:47:08.0389 P

################################################################################################################################################
Starting Execution:	[23 out of 146] test cases in the current suite
Test Method:		[unitTests.tests_validations_assertions.assertComparativeRelation_greaterThanOrEquals_false_greaterThan_expectedToFail]
################################################################################################################################################
[ReportManager] Assertion [ValidateComparativeRelation] FAILED. Expected [1] and Actual [2]. Comparison Type [GREATER_THAN_OR_EQUALS]. Validation Type [NEGATIVE]. @13-11-2021 22:47:08.0393 P

################################################################################################################################################
Starting Execution:	[24 out of 146] test cases in the current suite
Test Method:		[unitTests.tests_validations_assertions.assertComparativeRelation_greaterThanOrEquals_false_greaterThan_expectedToPass]
################################################################################################################################################
[ReportManager] Assertion [ValidateComparativeRelation] PASSED. Expected [2] and Actual [1]. Comparison Type [GREATER_THAN_OR_EQUALS]. Validation Type [NEGATIVE]. @13-11-2021 22:47:08.0410 P

################################################################################################################################################
Starting Execution:	[25 out of 146] test cases in the current suite
Test Method:		[unitTests.tests_validations_assertions.assertComparativeRelation_greaterThanOrEquals_true_equals_expectedToFail]
################################################################################################################################################
[ReportManager] Assertion [ValidateComparativeRelation] FAILED. Expected [1] and Actual [0]. Comparison Type [GREATER_THAN_OR_EQUALS]. Validation Type [POSITIVE]. @13-11-2021 22:47:08.0418 P

################################################################################################################################################
Starting Execution:	[26 out of 146] test cases in the current suite
Test Method:		[unitTests.tests_validations_assertions.assertComparativeRelation_greaterThanOrEquals_true_equals_expectedToPass]
################################################################################################################################################
[ReportManager] Assertion [ValidateComparativeRelation] PASSED. Expected [1] and Actual [1]. Comparison Type [GREATER_THAN_OR_EQUALS]. Validation Type [POSITIVE]. @13-11-2021 22:47:08.0436 P

################################################################################################################################################
Starting Execution:	[27 out of 146] test cases in the current suite
Test Method:		[unitTests.tests_validations_assertions.assertComparativeRelation_greaterThanOrEquals_true_greaterThan_expectedToFail]
################################################################################################################################################
[ReportManager] Assertion [ValidateComparativeRelation] FAILED. Expected [2] and Actual [1]. Comparison Type [GREATER_THAN_OR_EQUALS]. Validation Type [POSITIVE]. @13-11-2021 22:47:08.0442 P

################################################################################################################################################
Starting Execution:	[28 out of 146] test cases in the current suite
Test Method:		[unitTests.tests_validations_assertions.assertComparativeRelation_greaterThanOrEquals_true_greaterThan_expectedToPass]
################################################################################################################################################
[ReportManager] Assertion [ValidateComparativeRelation] PASSED. Expected [1] and Actual [2]. Comparison Type [GREATER_THAN_OR_EQUALS]. Validation Type [POSITIVE]. @13-11-2021 22:47:08.0454 P
[ReportManager] File Action [GetAbsolutePath] successfully performed. With the following test data [Relative Folder Path: "target/downloadedFiles/"]. @13-11-2021 22:47:08.0471 PM
[ReportManager] Attempting to run locally on: [Mac-64], [Safari], Headless Execution. @13-11-2021 22:47:08.0471 PM
[ReportManager] Successfully Opened Safari. @13-11-2021 22:47:09.0251 PM
[ReportManager] Initial window size: (800, 600) @13-11-2021 22:47:09.0271 PM
[ReportManager] Window size after SWD Maximize: (1176, 811) @13-11-2021 22:47:09.0308 PM
[ReportManager] Browser Action [MaximizeWindow] successfully performed. With the following test data [New screen size is now: (1176, 811)]. @13-11-2021 22:47:09.0308 PM
[ReportManager] Target URL: [https://www.google.com/ncr], and after redirection: [www.google.com] @13-11-2021 22:47:09.0308 PM
[ReportManager] Initial URL: [] @13-11-2021 22:47:09.0373 PM
[ReportManager] Browser Action [NavigateToURL] successfully performed. With the following test data [https://www.google.com/ncr]. @13-11-2021 22:47:10.0118 P

################################################################################################################################################
Starting Execution:	[29 out of 146] test cases in the current suite
Test Method:		[unitTests.tests_validations_assertions.assertElementAttribute_false_caseInsensitiveComparison_expectedToFail]
################################################################################################################################################
[ReportManager] Element Action [Type] successfully performed. With the following test data [AUTOMATION]. @13-11-2021 22:47:10.0554 PM
[ReportManager] Element Action [GetText] successfully performed. With the following test data [AUTOMATION]. @13-11-2021 22:47:10.0611 PM
[ReportManager] Loaded Shared OpenCV @13-11-2021 22:47:11.0740 PM
[ReportManager] Assertion [ValidateElementAttribute] FAILED. Expected [Value Should not be 'AutomaTion' for the 'text' attribute, element locator 'By.name: q'] and Actual [AUTOMATION]. Comparison Type [CASE_INSENSITIVE]. Validation Type [NEGATIVE]. @13-11-2021 22:47:12.0132 PM
[ReportManager] Successfully created attachment [Screenshot - 1636843630677_assertElementAttribute_false_caseInsensitiveComparison_expectedToFail_ValidateElementAttribute_failed] @13-11-2021 22:47:12.0142 P
[ReportManager] Browser Action [CloseCurrentWindow] successfully performed. @13-11-2021 22:47:12.0460 PM
[ReportManager] Successfully created attachment [Browser Action Test Data - CloseCurrentWindow - Actual Value] @13-11-2021 22:47:12.0461 P
[ReportManager] File Action [GetAbsolutePath] successfully performed. With the following test data [Relative Folder Path: "target/downloadedFiles/"]. @13-11-2021 22:47:12.0465 PM
[ReportManager] Attempting to run locally on: [Mac-64], [Safari], Headless Execution. @13-11-2021 22:47:12.0466 PM
[ReportManager] Successfully Opened Safari. @13-11-2021 22:47:13.0277 PM
[ReportManager] Initial window size: (800, 600) @13-11-2021 22:47:13.0285 PM
[ReportManager] Window size after SWD Maximize: (1176, 811) @13-11-2021 22:47:13.0311 PM
[ReportManager] Browser Action [MaximizeWindow] successfully performed. With the following test data [New screen size is now: (1176, 811)]. @13-11-2021 22:47:13.0312 PM
[ReportManager] Target URL: [https://www.google.com/ncr], and after redirection: [www.google.com] @13-11-2021 22:47:13.0312 PM
[ReportManager] Initial URL: [] @13-11-2021 22:47:13.0385 PM
[ReportManager] Browser Action [NavigateToURL] successfully performed. With the following test data [https://www.google.com/ncr]. @13-11-2021 22:47:14.0731 P

################################################################################################################################################
Starting Execution:	[30 out of 146] test cases in the current suite
Test Method:		[unitTests.tests_validations_assertions.assertElementAttribute_false_caseInsensitiveComparison_expectedToPass]
################################################################################################################################################
[ReportManager] Element Action [Type] successfully performed. With the following test data [AUTOMATION]. @13-11-2021 22:47:15.0098 PM
[ReportManager] Element Action [GetText] successfully performed. With the following test data [AUTOMATION]. @13-11-2021 22:47:15.0166 PM
[ReportManager] Loaded Shared OpenCV @13-11-2021 22:47:15.0224 PM
[ReportManager] Assertion [ValidateElementAttribute] PASSED. Expected [Value Should not be 'AutomaTion123' for the 'text' attribute, element locator 'By.name: q'] and Actual [AUTOMATION]. Comparison Type [CASE_INSENSITIVE]. Validation Type [NEGATIVE]. @13-11-2021 22:47:15.0344 PM
[ReportManager] Successfully created attachment [Screenshot - 1636843635224_assertElementAttribute_false_caseInsensitiveComparison_expectedToPass_ValidateElementAttribute_passed] @13-11-2021 22:47:15.0345 P
[ReportManager] Browser Action [CloseCurrentWindow] successfully performed. @13-11-2021 22:47:15.0564 PM
[ReportManager] Successfully created attachment [Browser Action Test Data - CloseCurrentWindow - Actual Value] @13-11-2021 22:47:15.0565 P
[ReportManager] File Action [GetAbsolutePath] successfully performed. With the following test data [Relative Folder Path: "target/downloadedFiles/"]. @13-11-2021 22:47:15.0568 PM
[ReportManager] Attempting to run locally on: [Mac-64], [Safari], Headless Execution. @13-11-2021 22:47:15.0568 PM
[ReportManager] Successfully Opened Safari. @13-11-2021 22:47:16.0377 PM
[ReportManager] Initial window size: (800, 600) @13-11-2021 22:47:16.0407 PM
[ReportManager] Window size after SWD Maximize: (1176, 811) @13-11-2021 22:47:16.0422 PM
[ReportManager] Browser Action [MaximizeWindow] successfully performed. With the following test data [New screen size is now: (1176, 811)]. @13-11-2021 22:47:16.0423 PM
[ReportManager] Target URL: [https://www.google.com/ncr], and after redirection: [www.google.com] @13-11-2021 22:47:16.0423 PM
[ReportManager] Initial URL: [] @13-11-2021 22:47:16.0487 PM
[ReportManager] Browser Action [NavigateToURL] successfully performed. With the following test data [https://www.google.com/ncr]. @13-11-2021 22:47:17.0697 P

################################################################################################################################################
Starting Execution:	[31 out of 146] test cases in the current suite
Test Method:		[unitTests.tests_validations_assertions.assertElementAttribute_false_containsComparison_expectedToFail]
################################################################################################################################################
[ReportManager] Element Action [Type] successfully performed. With the following test data [Automation123]. @13-11-2021 22:47:18.0130 PM
[ReportManager] Element Action [GetText] successfully performed. With the following test data [Automation123]. @13-11-2021 22:47:18.0222 PM
[ReportManager] Loaded Shared OpenCV @13-11-2021 22:47:18.0272 PM
[ReportManager] Assertion [ValidateElementAttribute] FAILED. Expected [Value Should not be 'Automation' for the 'text' attribute, element locator 'By.name: q'] and Actual [Automation123]. Comparison Type [CONTAINS]. Validation Type [NEGATIVE]. @13-11-2021 22:47:18.0371 PM
[ReportManager] Successfully created attachment [Screenshot - 1636843638272_assertElementAttribute_false_containsComparison_expectedToFail_ValidateElementAttribute_failed] @13-11-2021 22:47:18.0373 P
[ReportManager] Browser Action [CloseCurrentWindow] successfully performed. @13-11-2021 22:47:18.0492 PM
[ReportManager] Successfully created attachment [Browser Action Test Data - CloseCurrentWindow - Actual Value] @13-11-2021 22:47:18.0493 P
[ReportManager] File Action [GetAbsolutePath] successfully performed. With the following test data [Relative Folder Path: "target/downloadedFiles/"]. @13-11-2021 22:47:18.0496 PM
[ReportManager] Attempting to run locally on: [Mac-64], [Safari], Headless Execution. @13-11-2021 22:47:18.0496 PM
[ReportManager] Successfully Opened Safari. @13-11-2021 22:47:19.0291 PM
[ReportManager] Initial window size: (800, 600) @13-11-2021 22:47:19.0298 PM
[ReportManager] Window size after SWD Maximize: (1176, 811) @13-11-2021 22:47:19.0312 PM
[ReportManager] Browser Action [MaximizeWindow] successfully performed. With the following test data [New screen size is now: (1176, 811)]. @13-11-2021 22:47:19.0312 PM
[ReportManager] Target URL: [https://www.google.com/ncr], and after redirection: [www.google.com] @13-11-2021 22:47:19.0312 PM
[ReportManager] Initial URL: [] @13-11-2021 22:47:19.0370 PM
[ReportManager] Browser Action [NavigateToURL] successfully performed. With the following test data [https://www.google.com/ncr]. @13-11-2021 22:47:20.0103 P

################################################################################################################################################
Starting Execution:	[32 out of 146] test cases in the current suite
Test Method:		[unitTests.tests_validations_assertions.assertElementAttribute_false_containsComparison_expectedToPass]
################################################################################################################################################
[ReportManager] Element Action [Type] successfully performed. With the following test data [Automation123]. @13-11-2021 22:47:20.0619 PM
[ReportManager] Element Action [GetText] successfully performed. With the following test data [Automation123]. @13-11-2021 22:47:20.0664 PM
[ReportManager] Loaded Shared OpenCV @13-11-2021 22:47:20.0714 PM
[ReportManager] Assertion [ValidateElementAttribute] PASSED. Expected [Value Should not be 'Automation1234' for the 'text' attribute, element locator 'By.name: q'] and Actual [Automation123]. Comparison Type [CONTAINS]. Validation Type [NEGATIVE]. @13-11-2021 22:47:20.0812 PM
[ReportManager] Successfully created attachment [Screenshot - 1636843640714_assertElementAttribute_false_containsComparison_expectedToPass_ValidateElementAttribute_passed] @13-11-2021 22:47:20.0813 P
[ReportManager] Browser Action [CloseCurrentWindow] successfully performed. @13-11-2021 22:47:21.0230 PM
[ReportManager] Successfully created attachment [Browser Action Test Data - CloseCurrentWindow - Actual Value] @13-11-2021 22:47:21.0232 P
[ReportManager] File Action [GetAbsolutePath] successfully performed. With the following test data [Relative Folder Path: "target/downloadedFiles/"]. @13-11-2021 22:47:21.0236 PM
[ReportManager] Attempting to run locally on: [Mac-64], [Safari], Headless Execution. @13-11-2021 22:47:21.0236 PM
[ReportManager] Successfully Opened Safari. @13-11-2021 22:47:22.0036 PM
[ReportManager] Initial window size: (800, 600) @13-11-2021 22:47:22.0043 PM
[ReportManager] Window size after SWD Maximize: (1176, 811) @13-11-2021 22:47:22.0055 PM
[ReportManager] Browser Action [MaximizeWindow] successfully performed. With the following test data [New screen size is now: (1176, 811)]. @13-11-2021 22:47:22.0055 PM
[ReportManager] Target URL: [https://www.google.com/ncr], and after redirection: [www.google.com] @13-11-2021 22:47:22.0055 PM
[ReportManager] Initial URL: [] @13-11-2021 22:47:22.0120 PM
[ReportManager] Browser Action [NavigateToURL] successfully performed. With the following test data [https://www.google.com/ncr]. @13-11-2021 22:47:22.0936 P

################################################################################################################################################
Starting Execution:	[33 out of 146] test cases in the current suite
Test Method:		[unitTests.tests_validations_assertions.assertElementAttribute_false_literalComparison_expectedToFail]
################################################################################################################################################
[ReportManager] Element Action [Type] successfully performed. With the following test data [Automation!@#$%^&*()_+{}[]\';/.,]. @13-11-2021 22:47:23.0753 PM
[ReportManager] Element Action [GetText] successfully performed. With the following test data [Automation!@#$%^&*()_+{}[]\';/.,]. @13-11-2021 22:47:23.0803 PM
[ReportManager] Loaded Shared OpenCV @13-11-2021 22:47:23.0853 PM
[ReportManager] Assertion [ValidateElementAttribute] PASSED. Expected [Value Should not be 'Automation!@#$%^&*()_+{}[]\\';/.,' for the 'text' attribute, element locator 'By.name: q'] and Actual [Automation!@#$%^&*()_+{}[]\';/.,]. Comparison Type [EQUALS]. Validation Type [NEGATIVE]. @13-11-2021 22:47:24.0006 PM
[ReportManager] Successfully created attachment [Screenshot - 1636843643853_assertElementAttribute_false_literalComparison_expectedToFail_ValidateElementAttribute_passed] @13-11-2021 22:47:24.0007 P
[ReportManager] Browser Action [CloseCurrentWindow] successfully performed. @13-11-2021 22:47:24.0451 PM
[ReportManager] Successfully created attachment [Browser Action Test Data - CloseCurrentWindow - Actual Value] @13-11-2021 22:47:24.0452 P
[ReportManager] File Action [GetAbsolutePath] successfully performed. With the following test data [Relative Folder Path: "target/downloadedFiles/"]. @13-11-2021 22:47:24.0458 PM
[ReportManager] Attempting to run locally on: [Mac-64], [Safari], Headless Execution. @13-11-2021 22:47:24.0458 PM
[ReportManager] Successfully Opened Safari. @13-11-2021 22:47:25.0249 PM
[ReportManager] Initial window size: (800, 600) @13-11-2021 22:47:25.0271 PM
[ReportManager] Window size after SWD Maximize: (1176, 811) @13-11-2021 22:47:25.0288 PM
[ReportManager] Browser Action [MaximizeWindow] successfully performed. With the following test data [New screen size is now: (1176, 811)]. @13-11-2021 22:47:25.0289 PM
[ReportManager] Target URL: [https://www.google.com/ncr], and after redirection: [www.google.com] @13-11-2021 22:47:25.0289 PM
[ReportManager] Initial URL: [] @13-11-2021 22:47:25.0325 PM
[ReportManager] Browser Action [NavigateToURL] successfully performed. With the following test data [https://www.google.com/ncr]. @13-11-2021 22:47:26.0026 P

################################################################################################################################################
Starting Execution:	[34 out of 146] test cases in the current suite
Test Method:		[unitTests.tests_validations_assertions.assertElementAttribute_false_literalComparison_expectedToPass]
################################################################################################################################################
[ReportManager] Element Action [Type] successfully performed. With the following test data [Automation!@#$%^&*()_+{}[]\';/.,]. @13-11-2021 22:47:27.0057 PM
[ReportManager] Element Action [GetText] successfully performed. With the following test data [Automation!@#$%^&*()_+{}[]\';/.,]. @13-11-2021 22:47:27.0101 PM
[ReportManager] Loaded Shared OpenCV @13-11-2021 22:47:27.0148 PM
[ReportManager] Assertion [ValidateElementAttribute] PASSED. Expected [Value Should not be 'Automation' for the 'text' attribute, element locator 'By.name: q'] and Actual [Automation!@#$%^&*()_+{}[]\';/.,]. Comparison Type [EQUALS]. Validation Type [NEGATIVE]. @13-11-2021 22:47:27.0245 PM
[ReportManager] Successfully created attachment [Screenshot - 1636843647148_assertElementAttribute_false_literalComparison_expectedToPass_ValidateElementAttribute_passed] @13-11-2021 22:47:27.0247 P
[ReportManager] Browser Action [CloseCurrentWindow] successfully performed. @13-11-2021 22:47:27.0676 PM
[ReportManager] Successfully created attachment [Browser Action Test Data - CloseCurrentWindow - Actual Value] @13-11-2021 22:47:27.0677 P
[ReportManager] File Action [GetAbsolutePath] successfully performed. With the following test data [Relative Folder Path: "target/downloadedFiles/"]. @13-11-2021 22:47:27.0681 PM
[ReportManager] Attempting to run locally on: [Mac-64], [Safari], Headless Execution. @13-11-2021 22:47:27.0681 PM
[ReportManager] Successfully Opened Safari. @13-11-2021 22:47:28.0514 PM
[ReportManager] Initial window size: (800, 600) @13-11-2021 22:47:28.0520 PM
[ReportManager] Window size after SWD Maximize: (1176, 811) @13-11-2021 22:47:28.0539 PM
[ReportManager] Browser Action [MaximizeWindow] successfully performed. With the following test data [New screen size is now: (1176, 811)]. @13-11-2021 22:47:28.0539 PM
[ReportManager] Target URL: [https://www.google.com/ncr], and after redirection: [www.google.com] @13-11-2021 22:47:28.0540 PM
[ReportManager] Initial URL: [] @13-11-2021 22:47:28.0614 PM
[ReportManager] Browser Action [NavigateToURL] successfully performed. With the following test data [https://www.google.com/ncr]. @13-11-2021 22:47:29.0498 P

################################################################################################################################################
Starting Execution:	[35 out of 146] test cases in the current suite
Test Method:		[unitTests.tests_validations_assertions.assertElementAttribute_false_regexComparison_expectedToFail]
################################################################################################################################################
[ReportManager] Element Action [Type] successfully performed. With the following test data [Automation123]. @13-11-2021 22:47:29.0972 PM
[ReportManager] Element Action [GetText] successfully performed. With the following test data [Automation123]. @13-11-2021 22:47:30.0028 PM
[ReportManager] Loaded Shared OpenCV @13-11-2021 22:47:30.0076 PM
[ReportManager] Assertion [ValidateElementAttribute] FAILED. Expected [Value Should not be 'Automation.*' for the 'text' attribute, element locator 'By.name: q'] and Actual [Automation123]. Comparison Type [MATCHES]. Validation Type [NEGATIVE]. @13-11-2021 22:47:30.0173 PM
[ReportManager] Successfully created attachment [Screenshot - 1636843650076_assertElementAttribute_false_regexComparison_expectedToFail_ValidateElementAttribute_failed] @13-11-2021 22:47:30.0174 P
[ReportManager] Browser Action [CloseCurrentWindow] successfully performed. @13-11-2021 22:47:30.0434 PM
[ReportManager] Successfully created attachment [Browser Action Test Data - CloseCurrentWindow - Actual Value] @13-11-2021 22:47:30.0435 P
[ReportManager] File Action [GetAbsolutePath] successfully performed. With the following test data [Relative Folder Path: "target/downloadedFiles/"]. @13-11-2021 22:47:30.0438 PM
[ReportManager] Attempting to run locally on: [Mac-64], [Safari], Headless Execution. @13-11-2021 22:47:30.0438 PM
[ReportManager] Successfully Opened Safari. @13-11-2021 22:47:31.0214 PM
[ReportManager] Initial window size: (800, 600) @13-11-2021 22:47:31.0221 PM
[ReportManager] Window size after SWD Maximize: (1176, 811) @13-11-2021 22:47:31.0233 PM
[ReportManager] Browser Action [MaximizeWindow] successfully performed. With the following test data [New screen size is now: (1176, 811)]. @13-11-2021 22:47:31.0233 PM
[ReportManager] Target URL: [https://www.google.com/ncr], and after redirection: [www.google.com] @13-11-2021 22:47:31.0233 PM
[ReportManager] Initial URL: [] @13-11-2021 22:47:31.0271 PM
[ReportManager] Browser Action [NavigateToURL] successfully performed. With the following test data [https://www.google.com/ncr]. @13-11-2021 22:47:32.0478 P

################################################################################################################################################
Starting Execution:	[36 out of 146] test cases in the current suite
Test Method:		[unitTests.tests_validations_assertions.assertElementAttribute_false_regexComparison_expectedToPass]
################################################################################################################################################
[ReportManager] Element Action [Type] successfully performed. With the following test data [Automation123]. @13-11-2021 22:47:33.0004 PM
[ReportManager] Element Action [GetText] successfully performed. With the following test data [Automation123]. @13-11-2021 22:47:33.0053 PM
[ReportManager] Loaded Shared OpenCV @13-11-2021 22:47:33.0102 PM
[ReportManager] Assertion [ValidateElementAttribute] PASSED. Expected [Value Should not be 'Automation' for the 'text' attribute, element locator 'By.name: q'] and Actual [Automation123]. Comparison Type [MATCHES]. Validation Type [NEGATIVE]. @13-11-2021 22:47:33.0195 PM
[ReportManager] Successfully created attachment [Screenshot - 1636843653102_assertElementAttribute_false_regexComparison_expectedToPass_ValidateElementAttribute_passed] @13-11-2021 22:47:33.0196 P
[ReportManager] Browser Action [CloseCurrentWindow] successfully performed. @13-11-2021 22:47:33.0319 PM
[ReportManager] Successfully created attachment [Browser Action Test Data - CloseCurrentWindow - Actual Value] @13-11-2021 22:47:33.0320 P
[ReportManager] File Action [GetAbsolutePath] successfully performed. With the following test data [Relative Folder Path: "target/downloadedFiles/"]. @13-11-2021 22:47:33.0323 PM
[ReportManager] Attempting to run locally on: [Mac-64], [Safari], Headless Execution. @13-11-2021 22:47:33.0323 PM
[ReportManager] Successfully Opened Safari. @13-11-2021 22:47:34.0095 PM
[ReportManager] Initial window size: (800, 600) @13-11-2021 22:47:34.0102 PM
[ReportManager] Window size after SWD Maximize: (1176, 811) @13-11-2021 22:47:34.0116 PM
[ReportManager] Browser Action [MaximizeWindow] successfully performed. With the following test data [New screen size is now: (1176, 811)]. @13-11-2021 22:47:34.0116 PM
[ReportManager] Target URL: [https://www.google.com/ncr], and after redirection: [www.google.com] @13-11-2021 22:47:34.0117 PM
[ReportManager] Initial URL: [] @13-11-2021 22:47:34.0153 PM
[ReportManager] Browser Action [NavigateToURL] successfully performed. With the following test data [https://www.google.com/ncr]. @13-11-2021 22:47:35.0509 P

################################################################################################################################################
Starting Execution:	[37 out of 146] test cases in the current suite
Test Method:		[unitTests.tests_validations_assertions.assertElementAttribute_true_caseInsensitiveComparison_expectedToFail]
################################################################################################################################################
[ReportManager] Element Action [Type] successfully performed. With the following test data [AUTOMATION]. @13-11-2021 22:47:35.0875 PM
[ReportManager] Element Action [GetText] successfully performed. With the following test data [AUTOMATION]. @13-11-2021 22:47:35.0929 PM
[ReportManager] Loaded Shared OpenCV @13-11-2021 22:47:35.0979 PM
[ReportManager] Assertion [ValidateElementAttribute] FAILED. Expected [Value Should be 'AutomaTion123' for the 'text' attribute, element locator 'By.name: q'] and Actual [AUTOMATION]. Comparison Type [CASE_INSENSITIVE]. Validation Type [POSITIVE]. @13-11-2021 22:47:36.0077 PM
[ReportManager] Successfully created attachment [Screenshot - 1636843655978_assertElementAttribute_true_caseInsensitiveComparison_expectedToFail_ValidateElementAttribute_failed] @13-11-2021 22:47:36.0078 P
[ReportManager] Browser Action [CloseCurrentWindow] successfully performed. @13-11-2021 22:47:36.0320 PM
[ReportManager] Successfully created attachment [Browser Action Test Data - CloseCurrentWindow - Actual Value] @13-11-2021 22:47:36.0321 P
[ReportManager] File Action [GetAbsolutePath] successfully performed. With the following test data [Relative Folder Path: "target/downloadedFiles/"]. @13-11-2021 22:47:36.0324 PM
[ReportManager] Attempting to run locally on: [Mac-64], [Safari], Headless Execution. @13-11-2021 22:47:36.0324 PM
[ReportManager] Successfully Opened Safari. @13-11-2021 22:47:37.0135 PM
[ReportManager] Initial window size: (800, 600) @13-11-2021 22:47:37.0142 PM
[ReportManager] Window size after SWD Maximize: (1176, 811) @13-11-2021 22:47:37.0154 PM
[ReportManager] Browser Action [MaximizeWindow] successfully performed. With the following test data [New screen size is now: (1176, 811)]. @13-11-2021 22:47:37.0154 PM
[ReportManager] Target URL: [https://www.google.com/ncr], and after redirection: [www.google.com] @13-11-2021 22:47:37.0154 PM
[ReportManager] Initial URL: [] @13-11-2021 22:47:37.0229 PM
[ReportManager] Browser Action [NavigateToURL] successfully performed. With the following test data [https://www.google.com/ncr]. @13-11-2021 22:47:38.0091 P

################################################################################################################################################
Starting Execution:	[38 out of 146] test cases in the current suite
Test Method:		[unitTests.tests_validations_assertions.assertElementAttribute_true_caseInsensitiveComparison_expectedToPass]
################################################################################################################################################
[ReportManager] Element Action [Type] successfully performed. With the following test data [AUTOMATION]. @13-11-2021 22:47:38.0568 PM
[ReportManager] Element Action [GetText] successfully performed. With the following test data [AUTOMATION]. @13-11-2021 22:47:38.0610 PM
[ReportManager] Loaded Shared OpenCV @13-11-2021 22:47:38.0658 PM
[ReportManager] Assertion [ValidateElementAttribute] PASSED. Expected [Value Should be 'AutomaTion' for the 'text' attribute, element locator 'By.name: q'] and Actual [AUTOMATION]. Comparison Type [CASE_INSENSITIVE]. Validation Type [POSITIVE]. @13-11-2021 22:47:38.0753 PM
[ReportManager] Successfully created attachment [Screenshot - 1636843658658_assertElementAttribute_true_caseInsensitiveComparison_expectedToPass_ValidateElementAttribute_passed] @13-11-2021 22:47:38.0754 P
[ReportManager] Browser Action [CloseCurrentWindow] successfully performed. @13-11-2021 22:47:38.0974 PM
[ReportManager] Successfully created attachment [Browser Action Test Data - CloseCurrentWindow - Actual Value] @13-11-2021 22:47:38.0975 P
[ReportManager] File Action [GetAbsolutePath] successfully performed. With the following test data [Relative Folder Path: "target/downloadedFiles/"]. @13-11-2021 22:47:38.0978 PM
[ReportManager] Attempting to run locally on: [Mac-64], [Safari], Headless Execution. @13-11-2021 22:47:38.0978 PM
[ReportManager] Successfully Opened Safari. @13-11-2021 22:47:39.0800 PM
[ReportManager] Initial window size: (800, 600) @13-11-2021 22:47:39.0822 PM
[ReportManager] Window size after SWD Maximize: (1176, 811) @13-11-2021 22:47:39.0833 PM
[ReportManager] Browser Action [MaximizeWindow] successfully performed. With the following test data [New screen size is now: (1176, 811)]. @13-11-2021 22:47:39.0833 PM
[ReportManager] Target URL: [https://www.google.com/ncr], and after redirection: [www.google.com] @13-11-2021 22:47:39.0833 PM
[ReportManager] Initial URL: [] @13-11-2021 22:47:39.0869 PM
[ReportManager] Browser Action [NavigateToURL] successfully performed. With the following test data [https://www.google.com/ncr]. @13-11-2021 22:47:40.0717 P

################################################################################################################################################
Starting Execution:	[39 out of 146] test cases in the current suite
Test Method:		[unitTests.tests_validations_assertions.assertElementAttribute_true_containsComparison_expectedToFail]
################################################################################################################################################
[ReportManager] Element Action [Type] successfully performed. With the following test data [Automation123]. @13-11-2021 22:47:41.0289 PM
[ReportManager] Element Action [GetText] successfully performed. With the following test data [Automation123]. @13-11-2021 22:47:41.0332 PM
[ReportManager] Loaded Shared OpenCV @13-11-2021 22:47:41.0379 PM
[ReportManager] Assertion [ValidateElementAttribute] FAILED. Expected [Value Should be 'Automation1234' for the 'text' attribute, element locator 'By.name: q'] and Actual [Automation123]. Comparison Type [CONTAINS]. Validation Type [POSITIVE]. @13-11-2021 22:47:41.0473 PM
[ReportManager] Successfully created attachment [Screenshot - 1636843661379_assertElementAttribute_true_containsComparison_expectedToFail_ValidateElementAttribute_failed] @13-11-2021 22:47:41.0475 P
[ReportManager] Browser Action [CloseCurrentWindow] successfully performed. @13-11-2021 22:47:41.0900 PM
[ReportManager] Successfully created attachment [Browser Action Test Data - CloseCurrentWindow - Actual Value] @13-11-2021 22:47:41.0901 P
[ReportManager] File Action [GetAbsolutePath] successfully performed. With the following test data [Relative Folder Path: "target/downloadedFiles/"]. @13-11-2021 22:47:41.0905 PM
[ReportManager] Attempting to run locally on: [Mac-64], [Safari], Headless Execution. @13-11-2021 22:47:41.0905 PM
[ReportManager] Successfully Opened Safari. @13-11-2021 22:47:42.0735 PM
[ReportManager] Initial window size: (800, 600) @13-11-2021 22:47:42.0754 PM
[ReportManager] Window size after SWD Maximize: (1176, 811) @13-11-2021 22:47:42.0771 PM
[ReportManager] Browser Action [MaximizeWindow] successfully performed. With the following test data [New screen size is now: (1176, 811)]. @13-11-2021 22:47:42.0771 PM
[ReportManager] Target URL: [https://www.google.com/ncr], and after redirection: [www.google.com] @13-11-2021 22:47:42.0771 PM
[ReportManager] Initial URL: [] @13-11-2021 22:47:42.0841 PM
[ReportManager] Browser Action [NavigateToURL] successfully performed. With the following test data [https://www.google.com/ncr]. @13-11-2021 22:47:44.0226 P

################################################################################################################################################
Starting Execution:	[40 out of 146] test cases in the current suite
Test Method:		[unitTests.tests_validations_assertions.assertElementAttribute_true_containsComparison_expectedToPass]
################################################################################################################################################
[ReportManager] Element Action [Type] successfully performed. With the following test data [Automation123]. @13-11-2021 22:47:44.0672 PM
[ReportManager] Element Action [GetText] successfully performed. With the following test data [Automation123]. @13-11-2021 22:47:44.0713 PM
[ReportManager] Loaded Shared OpenCV @13-11-2021 22:47:44.0758 PM
[ReportManager] Assertion [ValidateElementAttribute] PASSED. Expected [Value Should be 'Automation' for the 'text' attribute, element locator 'By.name: q'] and Actual [Automation123]. Comparison Type [CONTAINS]. Validation Type [POSITIVE]. @13-11-2021 22:47:44.0852 PM
[ReportManager] Successfully created attachment [Screenshot - 1636843664758_assertElementAttribute_true_containsComparison_expectedToPass_ValidateElementAttribute_passed] @13-11-2021 22:47:44.0854 P
[ReportManager] Browser Action [CloseCurrentWindow] successfully performed. @13-11-2021 22:47:45.0239 PM
[ReportManager] Successfully created attachment [Browser Action Test Data - CloseCurrentWindow - Actual Value] @13-11-2021 22:47:45.0240 P
[ReportManager] File Action [GetAbsolutePath] successfully performed. With the following test data [Relative Folder Path: "target/downloadedFiles/"]. @13-11-2021 22:47:45.0243 PM
[ReportManager] Attempting to run locally on: [Mac-64], [Safari], Headless Execution. @13-11-2021 22:47:45.0243 PM
[ReportManager] Successfully Opened Safari. @13-11-2021 22:47:46.0000 PM
[ReportManager] Initial window size: (800, 600) @13-11-2021 22:47:46.0005 PM
[ReportManager] Window size after SWD Maximize: (1176, 811) @13-11-2021 22:47:46.0027 PM
[ReportManager] Browser Action [MaximizeWindow] successfully performed. With the following test data [New screen size is now: (1176, 811)]. @13-11-2021 22:47:46.0027 PM
[ReportManager] Target URL: [https://www.google.com/ncr], and after redirection: [www.google.com] @13-11-2021 22:47:46.0027 PM
[ReportManager] Initial URL: [] @13-11-2021 22:47:46.0069 PM
[ReportManager] Browser Action [NavigateToURL] successfully performed. With the following test data [https://www.google.com/ncr]. @13-11-2021 22:47:46.0960 P

################################################################################################################################################
Starting Execution:	[41 out of 146] test cases in the current suite
Test Method:		[unitTests.tests_validations_assertions.assertElementAttribute_true_literalComparison_expectedToFail]
################################################################################################################################################
[ReportManager] Element Action [Type] successfully performed. With the following test data [Automation!@#$%^&*()_+{}[]\';/.,]. @13-11-2021 22:47:48.0006 PM
[ReportManager] Element Action [GetText] successfully performed. With the following test data [Automation!@#$%^&*()_+{}[]\';/.,]. @13-11-2021 22:47:48.0053 PM
[ReportManager] Loaded Shared OpenCV @13-11-2021 22:47:48.0099 PM
[ReportManager] Assertion [ValidateElementAttribute] FAILED. Expected [Value Should be 'Automation' for the 'text' attribute, element locator 'By.name: q'] and Actual [Automation!@#$%^&*()_+{}[]\';/.,]. Comparison Type [EQUALS]. Validation Type [POSITIVE]. @13-11-2021 22:47:48.0250 PM
[ReportManager] Successfully created attachment [Screenshot - 1636843668099_assertElementAttribute_true_literalComparison_expectedToFail_ValidateElementAttribute_failed] @13-11-2021 22:47:48.0251 P
[ReportManager] Browser Action [CloseCurrentWindow] successfully performed. @13-11-2021 22:47:48.0671 PM
[ReportManager] Successfully created attachment [Browser Action Test Data - CloseCurrentWindow - Actual Value] @13-11-2021 22:47:48.0671 P
[ReportManager] File Action [GetAbsolutePath] successfully performed. With the following test data [Relative Folder Path: "target/downloadedFiles/"]. @13-11-2021 22:47:48.0674 PM
[ReportManager] Attempting to run locally on: [Mac-64], [Safari], Headless Execution. @13-11-2021 22:47:48.0675 PM
[ReportManager] Successfully Opened Safari. @13-11-2021 22:47:49.0502 PM
[ReportManager] Initial window size: (800, 600) @13-11-2021 22:47:49.0517 PM
[ReportManager] Window size after SWD Maximize: (1176, 811) @13-11-2021 22:47:49.0528 PM
[ReportManager] Browser Action [MaximizeWindow] successfully performed. With the following test data [New screen size is now: (1176, 811)]. @13-11-2021 22:47:49.0528 PM
[ReportManager] Target URL: [https://www.google.com/ncr], and after redirection: [www.google.com] @13-11-2021 22:47:49.0528 PM
[ReportManager] Initial URL: [] @13-11-2021 22:47:49.0568 PM
[ReportManager] Browser Action [NavigateToURL] successfully performed. With the following test data [https://www.google.com/ncr]. @13-11-2021 22:47:50.0963 P

################################################################################################################################################
Starting Execution:	[42 out of 146] test cases in the current suite
Test Method:		[unitTests.tests_validations_assertions.assertElementAttribute_true_literalComparison_expectedToPass]
################################################################################################################################################
[ReportManager] Element Action [Type] successfully performed. With the following test data [Automation!@#$%^&*()_+{}[]\';/.,]. @13-11-2021 22:47:51.0913 PM
[ReportManager] Element Action [GetText] successfully performed. With the following test data [Automation!@#$%^&*()_+{}[]\';/.,]. @13-11-2021 22:47:51.0956 PM
[ReportManager] Loaded Shared OpenCV @13-11-2021 22:47:52.0003 PM
[ReportManager] Assertion [ValidateElementAttribute] PASSED. Expected [Value Should be 'Automation!@#$%^&*()_+{}[]\';/.,' for the 'text' attribute, element locator 'By.name: q'] and Actual [Automation!@#$%^&*()_+{}[]\';/.,]. Comparison Type [EQUALS]. Validation Type [POSITIVE]. @13-11-2021 22:47:52.0154 PM
[ReportManager] Successfully created attachment [Screenshot - 1636843672003_assertElementAttribute_true_literalComparison_expectedToPass_ValidateElementAttribute_passed] @13-11-2021 22:47:52.0156 P
[ReportManager] Browser Action [CloseCurrentWindow] successfully performed. @13-11-2021 22:47:52.0511 PM
[ReportManager] Successfully created attachment [Browser Action Test Data - CloseCurrentWindow - Actual Value] @13-11-2021 22:47:52.0512 P
[ReportManager] File Action [GetAbsolutePath] successfully performed. With the following test data [Relative Folder Path: "target/downloadedFiles/"]. @13-11-2021 22:47:52.0515 PM
[ReportManager] Attempting to run locally on: [Mac-64], [Safari], Headless Execution. @13-11-2021 22:47:52.0515 PM
[ReportManager] Successfully Opened Safari. @13-11-2021 22:47:53.0312 PM
[ReportManager] Initial window size: (800, 600) @13-11-2021 22:47:53.0320 PM
[ReportManager] Window size after SWD Maximize: (1176, 811) @13-11-2021 22:47:53.0341 PM
[ReportManager] Browser Action [MaximizeWindow] successfully performed. With the following test data [New screen size is now: (1176, 811)]. @13-11-2021 22:47:53.0341 PM
[ReportManager] Target URL: [https://www.google.com/ncr], and after redirection: [www.google.com] @13-11-2021 22:47:53.0341 PM
[ReportManager] Initial URL: [] @13-11-2021 22:47:53.0406 PM
[ReportManager] Browser Action [NavigateToURL] successfully performed. With the following test data [https://www.google.com/ncr]. @13-11-2021 22:47:54.0165 P

################################################################################################################################################
Starting Execution:	[43 out of 146] test cases in the current suite
Test Method:		[unitTests.tests_validations_assertions.assertElementAttribute_true_regexComparison_expectedToFail]
################################################################################################################################################
[ReportManager] Element Action [Type] successfully performed. With the following test data [Automation123]. @13-11-2021 22:47:54.0627 PM
[ReportManager] Element Action [GetText] successfully performed. With the following test data [Automation123]. @13-11-2021 22:47:54.0668 PM
[ReportManager] Loaded Shared OpenCV @13-11-2021 22:47:54.0715 PM
[ReportManager] Assertion [ValidateElementAttribute] FAILED. Expected [Value Should be 'Automation' for the 'text' attribute, element locator 'By.name: q'] and Actual [Automation123]. Comparison Type [MATCHES]. Validation Type [POSITIVE]. @13-11-2021 22:47:54.0810 PM
[ReportManager] Successfully created attachment [Screenshot - 1636843674715_assertElementAttribute_true_regexComparison_expectedToFail_ValidateElementAttribute_failed] @13-11-2021 22:47:54.0811 P
[ReportManager] Browser Action [CloseCurrentWindow] successfully performed. @13-11-2021 22:47:55.0221 PM
[ReportManager] Successfully created attachment [Browser Action Test Data - CloseCurrentWindow - Actual Value] @13-11-2021 22:47:55.0222 P
[ReportManager] File Action [GetAbsolutePath] successfully performed. With the following test data [Relative Folder Path: "target/downloadedFiles/"]. @13-11-2021 22:47:55.0225 PM
[ReportManager] Attempting to run locally on: [Mac-64], [Safari], Headless Execution. @13-11-2021 22:47:55.0226 PM
[ReportManager] Successfully Opened Safari. @13-11-2021 22:47:55.0987 PM
[ReportManager] Initial window size: (800, 600) @13-11-2021 22:47:56.0009 PM
[ReportManager] Window size after SWD Maximize: (1176, 811) @13-11-2021 22:47:56.0020 PM
[ReportManager] Browser Action [MaximizeWindow] successfully performed. With the following test data [New screen size is now: (1176, 811)]. @13-11-2021 22:47:56.0021 PM
[ReportManager] Target URL: [https://www.google.com/ncr], and after redirection: [www.google.com] @13-11-2021 22:47:56.0021 PM
[ReportManager] Initial URL: [] @13-11-2021 22:47:56.0104 PM
[ReportManager] Browser Action [NavigateToURL] successfully performed. With the following test data [https://www.google.com/ncr]. @13-11-2021 22:47:57.0428 P

################################################################################################################################################
Starting Execution:	[44 out of 146] test cases in the current suite
Test Method:		[unitTests.tests_validations_assertions.assertElementAttribute_true_regexComparison_expectedToPass]
################################################################################################################################################
[ReportManager] Element Action [Type] successfully performed. With the following test data [Automation123]. @13-11-2021 22:47:57.0898 PM
[ReportManager] Element Action [GetText] successfully performed. With the following test data [Automation123]. @13-11-2021 22:47:57.0941 PM
[ReportManager] Loaded Shared OpenCV @13-11-2021 22:47:57.0986 PM
[ReportManager] Assertion [ValidateElementAttribute] PASSED. Expected [Value Should be 'Automation.*' for the 'text' attribute, element locator 'By.name: q'] and Actual [Automation123]. Comparison Type [MATCHES]. Validation Type [POSITIVE]. @13-11-2021 22:47:58.0081 PM
[ReportManager] Successfully created attachment [Screenshot - 1636843677986_assertElementAttribute_true_regexComparison_expectedToPass_ValidateElementAttribute_passed] @13-11-2021 22:47:58.0082 P
[ReportManager] Browser Action [CloseCurrentWindow] successfully performed. @13-11-2021 22:47:58.0387 PM
[ReportManager] Successfully created attachment [Browser Action Test Data - CloseCurrentWindow - Actual Value] @13-11-2021 22:47:58.0388 P
[ReportManager] File Action [GetAbsolutePath] successfully performed. With the following test data [Relative Folder Path: "target/downloadedFiles/"]. @13-11-2021 22:47:58.0391 PM
[ReportManager] Attempting to run locally on: [Mac-64], [Safari], Headless Execution. @13-11-2021 22:47:58.0391 PM
[ReportManager] Successfully Opened Safari. @13-11-2021 22:47:59.0150 PM
[ReportManager] Initial window size: (800, 600) @13-11-2021 22:47:59.0154 PM
[ReportManager] Window size after SWD Maximize: (1176, 811) @13-11-2021 22:47:59.0165 PM
[ReportManager] Browser Action [MaximizeWindow] successfully performed. With the following test data [New screen size is now: (1176, 811)]. @13-11-2021 22:47:59.0166 PM
[ReportManager] Target URL: [https://www.google.com/ncr], and after redirection: [www.google.com] @13-11-2021 22:47:59.0166 PM
[ReportManager] Initial URL: [] @13-11-2021 22:47:59.0201 PM
[ReportManager] Browser Action [NavigateToURL] successfully performed. With the following test data [https://www.google.com/ncr]. @13-11-2021 22:48:00.0685 P

################################################################################################################################################
Starting Execution:	[45 out of 146] test cases in the current suite
Test Method:		[unitTests.tests_validations_assertions.assertElementAttribute_type_true_literalComparison_expectedToPass]
################################################################################################################################################
[ReportManager] Element Action [Type] successfully performed. With the following test data [Automation!@#$%^&*()_+{}[]\';/.,]. @13-11-2021 22:48:01.0705 PM
[ReportManager] Element Action [GetText] successfully performed. With the following test data [Automation!@#$%^&*()_+{}[]\';/.,]. @13-11-2021 22:48:01.0747 PM
[ReportManager] Loaded Shared OpenCV @13-11-2021 22:48:01.0794 PM
[ReportManager] Assertion [ValidateElementAttribute] PASSED. Expected [Value Should be 'Automation!@#$%^&*()_+{}[]\';/.,' for the 'text' attribute, element locator 'By.name: q'] and Actual [Automation!@#$%^&*()_+{}[]\';/.,]. Comparison Type [EQUALS]. Validation Type [POSITIVE]. @13-11-2021 22:48:01.0889 PM
[ReportManager] Successfully created attachment [Screenshot - 1636843681794_assertElementAttribute_type_true_literalComparison_expectedToPass_ValidateElementAttribute_passed] @13-11-2021 22:48:01.0890 P
[ReportManager] Browser Action [CloseCurrentWindow] successfully performed. @13-11-2021 22:48:02.0320 PM
[ReportManager] Successfully created attachment [Browser Action Test Data - CloseCurrentWindow - Actual Value] @13-11-2021 22:48:02.0321 P
[ReportManager] File Action [GetAbsolutePath] successfully performed. With the following test data [Relative Folder Path: "target/downloadedFiles/"]. @13-11-2021 22:48:02.0324 PM
[ReportManager] Attempting to run locally on: [Mac-64], [Safari], Headless Execution. @13-11-2021 22:48:02.0324 PM
[ReportManager] Successfully Opened Safari. @13-11-2021 22:48:03.0170 PM
[ReportManager] Initial window size: (800, 600) @13-11-2021 22:48:03.0181 PM
[ReportManager] Window size after SWD Maximize: (1176, 811) @13-11-2021 22:48:03.0199 PM
[ReportManager] Browser Action [MaximizeWindow] successfully performed. With the following test data [New screen size is now: (1176, 811)]. @13-11-2021 22:48:03.0199 PM
[ReportManager] Target URL: [https://www.google.com/ncr], and after redirection: [www.google.com] @13-11-2021 22:48:03.0200 PM
[ReportManager] Initial URL: [] @13-11-2021 22:48:03.0272 PM
[ReportManager] Browser Action [NavigateToURL] successfully performed. With the following test data [https://www.google.com/ncr]. @13-11-2021 22:48:04.0039 P

################################################################################################################################################
Starting Execution:	[46 out of 146] test cases in the current suite
Test Method:		[unitTests.tests_validations_assertions.assertElementExists_false_expectedToFail]
###############################################################################################################################################
[ReportManager] Browser Action [CloseCurrentWindow] successfully performed. @13-11-2021 22:48:04.0365 PM
[ReportManager] Successfully created attachment [Browser Action Test Data - CloseCurrentWindow - Actual Value] @13-11-2021 22:48:04.0366 P
[ReportManager] File Action [GetAbsolutePath] successfully performed. With the following test data [Relative Folder Path: "target/downloadedFiles/"]. @13-11-2021 22:48:04.0369 PM
[ReportManager] Attempting to run locally on: [Mac-64], [Safari], Headless Execution. @13-11-2021 22:48:04.0369 PM
[ReportManager] Successfully Opened Safari. @13-11-2021 22:48:05.0135 PM
[ReportManager] Initial window size: (800, 600) @13-11-2021 22:48:05.0154 PM
[ReportManager] Window size after SWD Maximize: (1176, 811) @13-11-2021 22:48:05.0164 PM
[ReportManager] Browser Action [MaximizeWindow] successfully performed. With the following test data [New screen size is now: (1176, 811)]. @13-11-2021 22:48:05.0165 PM
[ReportManager] Target URL: [https://www.google.com/ncr], and after redirection: [www.google.com] @13-11-2021 22:48:05.0165 PM
[ReportManager] Initial URL: [] @13-11-2021 22:48:05.0201 PM
[ReportManager] Browser Action [NavigateToURL] successfully performed. With the following test data [https://www.google.com/ncr]. @13-11-2021 22:48:06.0063 P

################################################################################################################################################
Starting Execution:	[47 out of 146] test cases in the current suite
Test Method:		[unitTests.tests_validations_assertions.assertElementExists_false_expectedToPass]
###############################################################################################################################################
[ReportManager] Browser Action [CloseCurrentWindow] successfully performed. @13-11-2021 22:48:06.0467 PM
[ReportManager] Successfully created attachment [Browser Action Test Data - CloseCurrentWindow - Actual Value] @13-11-2021 22:48:06.0468 P
[ReportManager] File Action [GetAbsolutePath] successfully performed. With the following test data [Relative Folder Path: "target/downloadedFiles/"]. @13-11-2021 22:48:06.0471 PM
[ReportManager] Attempting to run locally on: [Mac-64], [Safari], Headless Execution. @13-11-2021 22:48:06.0471 PM
[ReportManager] Successfully Opened Safari. @13-11-2021 22:48:07.0250 PM
[ReportManager] Initial window size: (800, 600) @13-11-2021 22:48:07.0258 PM
[ReportManager] Window size after SWD Maximize: (1176, 811) @13-11-2021 22:48:07.0269 PM
[ReportManager] Browser Action [MaximizeWindow] successfully performed. With the following test data [New screen size is now: (1176, 811)]. @13-11-2021 22:48:07.0269 PM
[ReportManager] Target URL: [https://www.google.com/ncr], and after redirection: [www.google.com] @13-11-2021 22:48:07.0269 PM
[ReportManager] Initial URL: [] @13-11-2021 22:48:07.0315 PM
[ReportManager] Browser Action [NavigateToURL] successfully performed. With the following test data [https://www.google.com/ncr]. @13-11-2021 22:48:08.0106 P

################################################################################################################################################
Starting Execution:	[48 out of 146] test cases in the current suite
Test Method:		[unitTests.tests_validations_assertions.assertElementExists_false_multipleElementsFound_expectedToFail]
################################################################################################################################################
[ReportManager] Loaded Shared OpenCV @13-11-2021 22:48:08.0213 PM
[ReportManager] Assertion [ValidateElementExists] FAILED. Expected [Element Should not Exist, locator 'By.xpath: //div'] and Actual [Element Exists but is not unique]. Comparison Type [EQUALS]. Validation Type [NEGATIVE]. @13-11-2021 22:48:08.0321 PM
[ReportManager] Successfully created attachment [Screenshot - 1636843688213_assertElementExists_false_multipleElementsFound_expectedToFail_ValidateElementExists_failed] @13-11-2021 22:48:08.0322 P
[ReportManager] Browser Action [CloseCurrentWindow] successfully performed. @13-11-2021 22:48:08.0678 PM
[ReportManager] Successfully created attachment [Browser Action Test Data - CloseCurrentWindow - Actual Value] @13-11-2021 22:48:08.0679 P
[ReportManager] File Action [GetAbsolutePath] successfully performed. With the following test data [Relative Folder Path: "target/downloadedFiles/"]. @13-11-2021 22:48:08.0681 PM
[ReportManager] Attempting to run locally on: [Mac-64], [Safari], Headless Execution. @13-11-2021 22:48:08.0682 PM
[ReportManager] Successfully Opened Safari. @13-11-2021 22:48:09.0454 PM
[ReportManager] Initial window size: (800, 600) @13-11-2021 22:48:09.0466 PM
[ReportManager] Window size after SWD Maximize: (1176, 811) @13-11-2021 22:48:09.0476 PM
[ReportManager] Browser Action [MaximizeWindow] successfully performed. With the following test data [New screen size is now: (1176, 811)]. @13-11-2021 22:48:09.0476 PM
[ReportManager] Target URL: [https://www.google.com/ncr], and after redirection: [www.google.com] @13-11-2021 22:48:09.0476 PM
[ReportManager] Initial URL: [] @13-11-2021 22:48:09.0514 PM
[ReportManager] Browser Action [NavigateToURL] successfully performed. With the following test data [https://www.google.com/ncr]. @13-11-2021 22:48:10.0729 P

################################################################################################################################################
Starting Execution:	[49 out of 146] test cases in the current suite
Test Method:		[unitTests.tests_validations_assertions.assertElementExists_true_expectedToFail]
###############################################################################################################################################
[ReportManager] Browser Action [CloseCurrentWindow] successfully performed. @13-11-2021 22:48:11.0042 PM
[ReportManager] Successfully created attachment [Browser Action Test Data - CloseCurrentWindow - Actual Value] @13-11-2021 22:48:11.0042 P
[ReportManager] File Action [GetAbsolutePath] successfully performed. With the following test data [Relative Folder Path: "target/downloadedFiles/"]. @13-11-2021 22:48:11.0045 PM
[ReportManager] Attempting to run locally on: [Mac-64], [Safari], Headless Execution. @13-11-2021 22:48:11.0045 PM
[ReportManager] Successfully Opened Safari. @13-11-2021 22:48:11.0922 PM
[ReportManager] Initial window size: (800, 600) @13-11-2021 22:48:11.0929 PM
[ReportManager] Window size after SWD Maximize: (1176, 811) @13-11-2021 22:48:11.0953 PM
[ReportManager] Browser Action [MaximizeWindow] successfully performed. With the following test data [New screen size is now: (1176, 811)]. @13-11-2021 22:48:11.0953 PM
[ReportManager] Target URL: [https://www.google.com/ncr], and after redirection: [www.google.com] @13-11-2021 22:48:11.0953 PM
[ReportManager] Initial URL: [] @13-11-2021 22:48:12.0023 PM
[ReportManager] Browser Action [NavigateToURL] successfully performed. With the following test data [https://www.google.com/ncr]. @13-11-2021 22:48:13.0346 P

################################################################################################################################################
Starting Execution:	[50 out of 146] test cases in the current suite
Test Method:		[unitTests.tests_validations_assertions.assertElementExists_true_expectedToPass]
################################################################################################################################################
[ReportManager] Loaded Shared OpenCV @13-11-2021 22:48:13.0406 PM
[ReportManager] Assertion [ValidateElementExists] PASSED. Expected [Element Should Exist, locator 'By.xpath: //*[@id='hplogo' or @alt='Google']'] and Actual [Element Exists]. Comparison Type [EQUALS]. Validation Type [POSITIVE]. @13-11-2021 22:48:13.0510 PM
[ReportManager] Successfully created attachment [Screenshot - 1636843693406_assertElementExists_true_expectedToPass_ValidateElementExists_passed] @13-11-2021 22:48:13.0511 P
[ReportManager] Browser Action [CloseCurrentWindow] successfully performed. @13-11-2021 22:48:13.0762 PM
[ReportManager] Successfully created attachment [Browser Action Test Data - CloseCurrentWindow - Actual Value] @13-11-2021 22:48:13.0763 P
[ReportManager] File Action [GetAbsolutePath] successfully performed. With the following test data [Relative Folder Path: "target/downloadedFiles/"]. @13-11-2021 22:48:13.0766 PM
[ReportManager] Attempting to run locally on: [Mac-64], [Safari], Headless Execution. @13-11-2021 22:48:13.0766 PM
[ReportManager] Successfully Opened Safari. @13-11-2021 22:48:14.0530 PM
[ReportManager] Initial window size: (800, 600) @13-11-2021 22:48:14.0537 PM
[ReportManager] Window size after SWD Maximize: (1176, 811) @13-11-2021 22:48:14.0551 PM
[ReportManager] Browser Action [MaximizeWindow] successfully performed. With the following test data [New screen size is now: (1176, 811)]. @13-11-2021 22:48:14.0551 PM
[ReportManager] Target URL: [https://www.google.com/ncr], and after redirection: [www.google.com] @13-11-2021 22:48:14.0551 PM
[ReportManager] Initial URL: [] @13-11-2021 22:48:14.0635 PM
[ReportManager] Browser Action [NavigateToURL] successfully performed. With the following test data [https://www.google.com/ncr]. @13-11-2021 22:48:15.0503 P

################################################################################################################################################
Starting Execution:	[51 out of 146] test cases in the current suite
Test Method:		[unitTests.tests_validations_assertions.assertElementExists_true_multipleElementsFound_expectedToFail]
################################################################################################################################################
[ReportManager] Loaded Shared OpenCV @13-11-2021 22:48:15.0576 PM
[ReportManager] Assertion [ValidateElementExists] FAILED. Expected [Element Should Exist, locator 'By.xpath: //div'] and Actual [Element Exists but is not unique]. Comparison Type [EQUALS]. Validation Type [POSITIVE]. @13-11-2021 22:48:15.0666 PM
[ReportManager] Successfully created attachment [Screenshot - 1636843695576_assertElementExists_true_multipleElementsFound_expectedToFail_ValidateElementExists_failed] @13-11-2021 22:48:15.0668 P
[ReportManager] Browser Action [CloseCurrentWindow] successfully performed. @13-11-2021 22:48:15.0921 PM
[ReportManager] Successfully created attachment [Browser Action Test Data - CloseCurrentWindow - Actual Value] @13-11-2021 22:48:15.0922 P

################################################################################################################################################
Starting Execution:	[52 out of 146] test cases in the current suite
Test Method:		[unitTests.tests_validations_assertions.assertEquals_false_expectedToFail]
################################################################################################################################################
[ReportManager] Assertion [ValidateEquals] FAILED. Expected [1] and Actual [1]. Comparison Type [EQUALS]. Validation Type [NEGATIVE]. @13-11-2021 22:48:15.0927 P

################################################################################################################################################
Starting Execution:	[53 out of 146] test cases in the current suite
Test Method:		[unitTests.tests_validations_assertions.assertEquals_false_expectedToPass]
################################################################################################################################################
[ReportManager] Assertion [ValidateEquals] PASSED. Expected [1] and Actual [2]. Comparison Type [EQUALS]. Validation Type [NEGATIVE]. @13-11-2021 22:48:15.0931 P

################################################################################################################################################
Starting Execution:	[54 out of 146] test cases in the current suite
Test Method:		[unitTests.tests_validations_assertions.assertEquals_longCharacters]
################################################################################################################################################
[ReportManager] Verification [ValidateEquals] PASSED. Expected and Actual values are attached. Comparison Type [EQUALS]. Validation Type [POSITIVE]. @13-11-2021 22:48:15.0939 PM
[ReportManager] Successfully created attachment [Validation Test Data - Expected Value] @13-11-2021 22:48:15.0940 PM
[ReportManager] Successfully created attachment [Validation Test Data - Actual Value] @13-11-2021 22:48:15.0940 PM
[ReportManager] Assertion [ValidateEquals] PASSED. Expected and Actual values are attached. Comparison Type [EQUALS]. Validation Type [POSITIVE]. @13-11-2021 22:48:15.0940 PM
[ReportManager] Successfully created attachment [Validation Test Data - Expected Value] @13-11-2021 22:48:15.0941 PM
[ReportManager] Successfully created attachment [Validation Test Data - Actual Value] @13-11-2021 22:48:15.0941 P

################################################################################################################################################
Starting Execution:	[55 out of 146] test cases in the current suite
Test Method:		[unitTests.tests_validations_assertions.assertEquals_longCharacters_Discreet]
################################################################################################################################################
[ReportManager] Assertion [ValidateEquals] PASSED. Expected [1LH5pROcDBjjQk0t0mCr0lXuzQu9lcGj28kY8R1H81X67eVAQJgWQhILiRWVPUgZ6uCtK5cnBkF55Jr9vYngjGO1Iyf0Mktv6lruDlL9T8MAUPcUZJGHZtji6nIeadujDSNmWMj5d6C8zlFqw0CRqBU0hO5adIasHgBSNoLotAjce3NGXoDwAlp3rYreeV16VIyZXROQY] and Actual [1LH5pROcDBjjQk0t0mCr0lXuzQu9lcGj28kY8R1H81X67eVAQJgWQhILiRWVPUgZ6uCtK5cnBkF55Jr9vYngjGO1Iyf0Mktv6lruDlL9T8MAUPcUZJGHZtji6nIeadujDSNmWMj5d6C8zlFqw0CRqBU0hO5adIasHgBSNoLotAjce3NGXoDwAlp3rYreeV16VIyZXROQY]. Comparison Type [EQUALS]. Validation Type [POSITIVE]. @13-11-2021 22:48:15.0948 P

################################################################################################################################################
Starting Execution:	[56 out of 146] test cases in the current suite
Test Method:		[unitTests.tests_validations_assertions.assertEquals_true_expectedToFail]
################################################################################################################################################
[ReportManager] Assertion [ValidateEquals] FAILED. Expected [1] and Actual [2]. Comparison Type [EQUALS]. Validation Type [POSITIVE]. @13-11-2021 22:48:15.0951 P

################################################################################################################################################
Starting Execution:	[57 out of 146] test cases in the current suite
Test Method:		[unitTests.tests_validations_assertions.assertEquals_true_expectedToPass]
Test Description:	[Assert that assertEquals works as expected when the two values are equal.]
################################################################################################################################################
[ReportManager] Verification [ValidateEquals] PASSED. Expected [1] and Actual [1]. Comparison Type [EQUALS]. Validation Type [POSITIVE]. @13-11-2021 22:48:15.0969 PM
[ReportManager] Assertion [ValidateEquals] PASSED. Expected [1] and Actual [1]. Comparison Type [EQUALS]. Validation Type [POSITIVE]. @13-11-2021 22:48:15.0969 P

################################################################################################################################################
Starting Execution:	[58 out of 146] test cases in the current suite
Test Method:		[unitTests.tests_validations_assertions.assertEquals_true_expectedToPass__]
################################################################################################################################################
[ReportManager] Assertion [ValidateEquals] PASSED. Expected [1] and Actual [1]. Comparison Type [EQUALS]. Validation Type [POSITIVE]. @13-11-2021 22:48:15.0974 P

################################################################################################################################################
Starting Execution:	[59 out of 146] test cases in the current suite
Test Method:		[unitTests.tests_validations_assertions.assertFileExists_false_expectedToFail]
################################################################################################################################################
[ReportManager] File Action [DoesFileExist] successfully performed. With the following test data [File Path: "src/main/java/com/shaft/gui/element/ElementActions.java"]. @13-11-2021 22:48:15.0980 PM
[ReportManager] Assertion [ValidateFileExists] FAILED. Expected [File 'src/main/java/com/shaft/gui/element/ElementActions.java' should not exist, after up to '1' retries] and Actual [File exists]. Validation Type [NEGATIVE]. @13-11-2021 22:48:15.0997 P

################################################################################################################################################
Starting Execution:	[60 out of 146] test cases in the current suite
Test Method:		[unitTests.tests_validations_assertions.assertFileExists_false_expectedToPass]
################################################################################################################################################
[ReportManager] File Action [DoesFileExist] successfully performed. With the following test data [File Path: "src/main/java/com/shaft/gui/element/ElementActions.java_fail"]. @13-11-2021 22:48:16.0536 PM
[ReportManager] Assertion [ValidateFileExists] PASSED. Expected [File 'src/main/java/com/shaft/gui/element/ElementActions.java_fail' should not exist, after up to '1' retries] and Actual [File does not exist]. Validation Type [NEGATIVE]. @13-11-2021 22:48:16.0536 P

################################################################################################################################################
Starting Execution:	[61 out of 146] test cases in the current suite
Test Method:		[unitTests.tests_validations_assertions.assertFileExists_true_expectedToFail]
################################################################################################################################################
[ReportManager] File Action [DoesFileExist] successfully performed. With the following test data [File Path: "src/main/java/com/shaft/gui/element/ElementActions.java_fail"]. @13-11-2021 22:48:17.0162 PM
[ReportManager] Assertion [ValidateFileExists] FAILED. Expected [File 'src/main/java/com/shaft/gui/element/ElementActions.java_fail' should exist, after up to '1' retries] and Actual [File does not exist]. Validation Type [POSITIVE]. @13-11-2021 22:48:17.0162 P

################################################################################################################################################
Starting Execution:	[62 out of 146] test cases in the current suite
Test Method:		[unitTests.tests_validations_assertions.assertFileExists_true_expectedToPass]
################################################################################################################################################
[ReportManager] File Action [DoesFileExist] successfully performed. With the following test data [File Path: "src/main/java/com/shaft/gui/element/ElementActions.java"]. @13-11-2021 22:48:17.0165 PM
[ReportManager] Assertion [ValidateFileExists] PASSED. Expected [File 'src/main/java/com/shaft/gui/element/ElementActions.java' should exist, after up to '1' retries] and Actual [File exists]. Validation Type [POSITIVE]. @13-11-2021 22:48:17.0166 P

################################################################################################################################################
Starting Execution:	[63 out of 146] test cases in the current suite
Test Method:		[unitTests.tests_validations_assertions.assertNull_false_expectedToFail]
################################################################################################################################################
[ReportManager] Assertion [ValidateNull] FAILED. Expected [NULL] and Actual [NULL]. Comparison Type [EQUALS]. Validation Type [NEGATIVE]. @13-11-2021 22:48:17.0168 P

################################################################################################################################################
Starting Execution:	[64 out of 146] test cases in the current suite
Test Method:		[unitTests.tests_validations_assertions.assertNull_false_expectedToPass]
################################################################################################################################################
[ReportManager] Assertion [ValidateNull] PASSED. Expected [NULL] and Actual [1]. Comparison Type [EQUALS]. Validation Type [NEGATIVE]. @13-11-2021 22:48:17.0170 P

################################################################################################################################################
Starting Execution:	[65 out of 146] test cases in the current suite
Test Method:		[unitTests.tests_validations_assertions.assertNull_true_expectedToFail]
################################################################################################################################################
[ReportManager] Assertion [ValidateNull] FAILED. Expected [NULL] and Actual [1]. Comparison Type [EQUALS]. Validation Type [POSITIVE]. @13-11-2021 22:48:17.0173 P

################################################################################################################################################
Starting Execution:	[66 out of 146] test cases in the current suite
Test Method:		[unitTests.tests_validations_assertions.assertNull_true_expectedToPass]
################################################################################################################################################
[ReportManager] Assertion [ValidateNull] PASSED. Expected [NULL] and Actual [NULL]. Comparison Type [EQUALS]. Validation Type [POSITIVE]. @13-11-2021 22:48:17.0175 P

################################################################################################################################################
Starting Execution:	[67 out of 146] test cases in the current suite
Test Method:		[unitTests.tests_restActions.getPostsAndAssertBodyForSpecificTitle]
################################################################################################################################################
[ReportManager] Response status code: [200], status line: [HTTP/1.1 200 OK] @13-11-2021 22:48:18.0930 PM
[ReportManager] Assertion Passed: Evaluating the actual response status code against the expected one... @13-11-2021 22:48:18.0935 PM
[ReportManager] Assertion [ValidateComparativeRelation] PASSED. Expected [200] and Actual [200]. Comparison Type [EQUALS]. Validation Type [POSITIVE]. @13-11-2021 22:48:18.0935 PM
[ReportManager] API Action [PerformRequest] successfully performed. With the following test data [Request Type: "GET" | Target Status Code: "200" | Service URL: "https://jsonplaceholder.typicode.com/posts" | Content Type: "*/*" | Response Time: "571ms"]. @13-11-2021 22:48:19.0836 PM
[ReportManager] Successfully created attachment [API Request - Specifications] @13-11-2021 22:48:19.0837 PM
[ReportManager] Successfully created attachment [API Response - JSON Body] @13-11-2021 22:48:20.0054 PM
[ReportManager] API Action [GetResponseJSONValueAsList] successfully performed. @13-11-2021 22:48:20.0078 PM
[ReportManager] API Action [GetResponseJSONValue] successfully performed. With the following test data [title]. @13-11-2021 22:48:20.0097 PM
[ReportManager] API Action [GetResponseJSONValue] successfully performed. With the following test data [title]. @13-11-2021 22:48:20.0111 PM
[ReportManager] API Action [GetResponseJSONValue] successfully performed. With the following test data [body]. @13-11-2021 22:48:20.0123 PM
[ReportManager] Assertion [ValidateEquals] PASSED. Expected [qui neque nisi nulla] and Actual [est rerum tempore vitae
sequi sint nihil reprehenderit dolor beatae ea dolores neque
fugiat blanditiis voluptate porro vel nihil molestiae ut reiciendis
qui aperiam non debitis possimus qui neque nisi nulla]. Comparison Type [CONTAINS]. Validation Type [POSITIVE]. @13-11-2021 22:48:20.0123 PM
[ReportManager] API Action [GetResponseJSONValue] successfully performed. With the following test data [title]. @13-11-2021 22:48:20.0136 PM
[ReportManager] API Action [GetResponseJSONValue] successfully performed. With the following test data [title]. @13-11-2021 22:48:20.0147 PM
[ReportManager] API Action [GetResponseJSONValue] successfully performed. With the following test data [title]. @13-11-2021 22:48:20.0158 PM
[ReportManager] API Action [GetResponseJSONValue] successfully performed. With the following test data [title]. @13-11-2021 22:48:20.0169 PM
[ReportManager] API Action [GetResponseJSONValue] successfully performed. With the following test data [title]. @13-11-2021 22:48:20.0181 PM
[ReportManager] API Action [GetResponseJSONValue] successfully performed. With the following test data [title]. @13-11-2021 22:48:20.0192 PM
[ReportManager] API Action [GetResponseJSONValue] successfully performed. With the following test data [title]. @13-11-2021 22:48:20.0204 PM
[ReportManager] API Action [GetResponseJSONValue] successfully performed. With the following test data [title]. @13-11-2021 22:48:20.0216 PM
[ReportManager] API Action [GetResponseJSONValue] successfully performed. With the following test data [title]. @13-11-2021 22:48:20.0227 PM
[ReportManager] API Action [GetResponseJSONValue] successfully performed. With the following test data [title]. @13-11-2021 22:48:20.0238 PM
[ReportManager] API Action [GetResponseJSONValue] successfully performed. With the following test data [title]. @13-11-2021 22:48:20.0251 PM
[ReportManager] API Action [GetResponseJSONValue] successfully performed. With the following test data [title]. @13-11-2021 22:48:20.0264 PM
[ReportManager] API Action [GetResponseJSONValue] successfully performed. With the following test data [title]. @13-11-2021 22:48:20.0275 PM
[ReportManager] API Action [GetResponseJSONValue] successfully performed. With the following test data [title]. @13-11-2021 22:48:20.0287 PM
[ReportManager] API Action [GetResponseJSONValue] successfully performed. With the following test data [title]. @13-11-2021 22:48:20.0299 PM
[ReportManager] API Action [GetResponseJSONValue] successfully performed. With the following test data [title]. @13-11-2021 22:48:20.0310 PM
[ReportManager] API Action [GetResponseJSONValue] successfully performed. With the following test data [title]. @13-11-2021 22:48:20.0321 PM
[ReportManager] API Action [GetResponseJSONValue] successfully performed. With the following test data [title]. @13-11-2021 22:48:20.0332 PM
[ReportManager] API Action [GetResponseJSONValue] successfully performed. With the following test data [title]. @13-11-2021 22:48:20.0343 PM
[ReportManager] API Action [GetResponseJSONValue] successfully performed. With the following test data [title]. @13-11-2021 22:48:20.0354 PM
[ReportManager] API Action [GetResponseJSONValue] successfully performed. With the following test data [title]. @13-11-2021 22:48:20.0366 PM
[ReportManager] API Action [GetResponseJSONValue] successfully performed. With the following test data [title]. @13-11-2021 22:48:20.0377 PM
[ReportManager] API Action [GetResponseJSONValue] successfully performed. With the following test data [title]. @13-11-2021 22:48:20.0388 PM
[ReportManager] API Action [GetResponseJSONValue] successfully performed. With the following test data [title]. @13-11-2021 22:48:20.0398 PM
[ReportManager] API Action [GetResponseJSONValue] successfully performed. With the following test data [title]. @13-11-2021 22:48:20.0410 PM
[ReportManager] API Action [GetResponseJSONValue] successfully performed. With the following test data [title]. @13-11-2021 22:48:20.0420 PM
[ReportManager] API Action [GetResponseJSONValue] successfully performed. With the following test data [title]. @13-11-2021 22:48:20.0431 PM
[ReportManager] API Action [GetResponseJSONValue] successfully performed. With the following test data [title]. @13-11-2021 22:48:20.0441 PM
[ReportManager] API Action [GetResponseJSONValue] successfully performed. With the following test data [title]. @13-11-2021 22:48:20.0451 PM
[ReportManager] API Action [GetResponseJSONValue] successfully performed. With the following test data [title]. @13-11-2021 22:48:20.0475 PM
[ReportManager] API Action [GetResponseJSONValue] successfully performed. With the following test data [title]. @13-11-2021 22:48:20.0485 PM
[ReportManager] API Action [GetResponseJSONValue] successfully performed. With the following test data [title]. @13-11-2021 22:48:20.0494 PM
[ReportManager] API Action [GetResponseJSONValue] successfully performed. With the following test data [title]. @13-11-2021 22:48:20.0504 PM
[ReportManager] API Action [GetResponseJSONValue] successfully performed. With the following test data [title]. @13-11-2021 22:48:20.0514 PM
[ReportManager] API Action [GetResponseJSONValue] successfully performed. With the following test data [title]. @13-11-2021 22:48:20.0524 PM
[ReportManager] API Action [GetResponseJSONValue] successfully performed. With the following test data [title]. @13-11-2021 22:48:20.0534 PM
[ReportManager] API Action [GetResponseJSONValue] successfully performed. With the following test data [title]. @13-11-2021 22:48:20.0545 PM
[ReportManager] API Action [GetResponseJSONValue] successfully performed. With the following test data [title]. @13-11-2021 22:48:20.0554 PM
[ReportManager] API Action [GetResponseJSONValue] successfully performed. With the following test data [title]. @13-11-2021 22:48:20.0564 PM
[ReportManager] API Action [GetResponseJSONValue] successfully performed. With the following test data [title]. @13-11-2021 22:48:20.0574 PM
[ReportManager] API Action [GetResponseJSONValue] successfully performed. With the following test data [title]. @13-11-2021 22:48:20.0584 PM
[ReportManager] API Action [GetResponseJSONValue] successfully performed. With the following test data [title]. @13-11-2021 22:48:20.0594 PM
[ReportManager] API Action [GetResponseJSONValue] successfully performed. With the following test data [title]. @13-11-2021 22:48:20.0607 PM
[ReportManager] API Action [GetResponseJSONValue] successfully performed. With the following test data [title]. @13-11-2021 22:48:20.0620 PM
[ReportManager] API Action [GetResponseJSONValue] successfully performed. With the following test data [title]. @13-11-2021 22:48:20.0631 PM
[ReportManager] API Action [GetResponseJSONValue] successfully performed. With the following test data [title]. @13-11-2021 22:48:20.0641 PM
[ReportManager] API Action [GetResponseJSONValue] successfully performed. With the following test data [title]. @13-11-2021 22:48:20.0651 PM
[ReportManager] API Action [GetResponseJSONValue] successfully performed. With the following test data [title]. @13-11-2021 22:48:20.0661 PM
[ReportManager] API Action [GetResponseJSONValue] successfully performed. With the following test data [title]. @13-11-2021 22:48:20.0670 PM
[ReportManager] API Action [GetResponseJSONValue] successfully performed. With the following test data [title]. @13-11-2021 22:48:20.0680 PM
[ReportManager] API Action [GetResponseJSONValue] successfully performed. With the following test data [title]. @13-11-2021 22:48:20.0690 PM
[ReportManager] API Action [GetResponseJSONValue] successfully performed. With the following test data [title]. @13-11-2021 22:48:20.0699 PM
[ReportManager] API Action [GetResponseJSONValue] successfully performed. With the following test data [title]. @13-11-2021 22:48:20.0709 PM
[ReportManager] API Action [GetResponseJSONValue] successfully performed. With the following test data [title]. @13-11-2021 22:48:20.0719 PM
[ReportManager] API Action [GetResponseJSONValue] successfully performed. With the following test data [title]. @13-11-2021 22:48:20.0729 PM
[ReportManager] API Action [GetResponseJSONValue] successfully performed. With the following test data [title]. @13-11-2021 22:48:20.0738 PM
[ReportManager] API Action [GetResponseJSONValue] successfully performed. With the following test data [title]. @13-11-2021 22:48:20.0748 PM
[ReportManager] API Action [GetResponseJSONValue] successfully performed. With the following test data [title]. @13-11-2021 22:48:20.0758 PM
[ReportManager] API Action [GetResponseJSONValue] successfully performed. With the following test data [title]. @13-11-2021 22:48:20.0768 PM
[ReportManager] API Action [GetResponseJSONValue] successfully performed. With the following test data [title]. @13-11-2021 22:48:20.0793 PM
[ReportManager] API Action [GetResponseJSONValue] successfully performed. With the following test data [title]. @13-11-2021 22:48:20.0803 PM
[ReportManager] API Action [GetResponseJSONValue] successfully performed. With the following test data [title]. @13-11-2021 22:48:20.0812 PM
[ReportManager] API Action [GetResponseJSONValue] successfully performed. With the following test data [title]. @13-11-2021 22:48:20.0822 PM
[ReportManager] API Action [GetResponseJSONValue] successfully performed. With the following test data [title]. @13-11-2021 22:48:20.0832 PM
[ReportManager] API Action [GetResponseJSONValue] successfully performed. With the following test data [title]. @13-11-2021 22:48:20.0842 PM
[ReportManager] API Action [GetResponseJSONValue] successfully performed. With the following test data [title]. @13-11-2021 22:48:20.0852 PM
[ReportManager] API Action [GetResponseJSONValue] successfully performed. With the following test data [title]. @13-11-2021 22:48:20.0863 PM
[ReportManager] API Action [GetResponseJSONValue] successfully performed. With the following test data [title]. @13-11-2021 22:48:20.0873 PM
[ReportManager] API Action [GetResponseJSONValue] successfully performed. With the following test data [title]. @13-11-2021 22:48:20.0882 PM
[ReportManager] API Action [GetResponseJSONValue] successfully performed. With the following test data [title]. @13-11-2021 22:48:20.0892 PM
[ReportManager] API Action [GetResponseJSONValue] successfully performed. With the following test data [title]. @13-11-2021 22:48:20.0901 PM
[ReportManager] API Action [GetResponseJSONValue] successfully performed. With the following test data [title]. @13-11-2021 22:48:20.0912 PM
[ReportManager] API Action [GetResponseJSONValue] successfully performed. With the following test data [title]. @13-11-2021 22:48:20.0921 PM
[ReportManager] API Action [GetResponseJSONValue] successfully performed. With the following test data [title]. @13-11-2021 22:48:20.0931 PM
[ReportManager] API Action [GetResponseJSONValue] successfully performed. With the following test data [title]. @13-11-2021 22:48:20.0941 PM
[ReportManager] API Action [GetResponseJSONValue] successfully performed. With the following test data [title]. @13-11-2021 22:48:20.0950 PM
[ReportManager] API Action [GetResponseJSONValue] successfully performed. With the following test data [title]. @13-11-2021 22:48:20.0960 PM
[ReportManager] API Action [GetResponseJSONValue] successfully performed. With the following test data [title]. @13-11-2021 22:48:20.0970 PM
[ReportManager] API Action [GetResponseJSONValue] successfully performed. With the following test data [title]. @13-11-2021 22:48:20.0979 PM
[ReportManager] API Action [GetResponseJSONValue] successfully performed. With the following test data [title]. @13-11-2021 22:48:20.0989 PM
[ReportManager] API Action [GetResponseJSONValue] successfully performed. With the following test data [title]. @13-11-2021 22:48:20.0999 PM
[ReportManager] API Action [GetResponseJSONValue] successfully performed. With the following test data [title]. @13-11-2021 22:48:21.0009 PM
[ReportManager] API Action [GetResponseJSONValue] successfully performed. With the following test data [title]. @13-11-2021 22:48:21.0018 PM
[ReportManager] API Action [GetResponseJSONValue] successfully performed. With the following test data [title]. @13-11-2021 22:48:21.0028 PM
[ReportManager] API Action [GetResponseJSONValue] successfully performed. With the following test data [title]. @13-11-2021 22:48:21.0038 PM
[ReportManager] API Action [GetResponseJSONValue] successfully performed. With the following test data [title]. @13-11-2021 22:48:21.0047 PM
[ReportManager] API Action [GetResponseJSONValue] successfully performed. With the following test data [title]. @13-11-2021 22:48:21.0057 PM
[ReportManager] API Action [GetResponseJSONValue] successfully performed. With the following test data [title]. @13-11-2021 22:48:21.0066 PM
[ReportManager] API Action [GetResponseJSONValue] successfully performed. With the following test data [title]. @13-11-2021 22:48:21.0076 PM
[ReportManager] API Action [GetResponseJSONValue] successfully performed. With the following test data [title]. @13-11-2021 22:48:21.0085 PM
[ReportManager] API Action [GetResponseJSONValue] successfully performed. With the following test data [title]. @13-11-2021 22:48:21.0094 PM
[ReportManager] API Action [GetResponseJSONValue] successfully performed. With the following test data [title]. @13-11-2021 22:48:21.0104 PM
[ReportManager] API Action [GetResponseJSONValue] successfully performed. With the following test data [title]. @13-11-2021 22:48:21.0113 PM
[ReportManager] API Action [GetResponseJSONValue] successfully performed. With the following test data [title]. @13-11-2021 22:48:21.0123 PM
[ReportManager] API Action [GetResponseJSONValue] successfully performed. With the following test data [title]. @13-11-2021 22:48:21.0132 PM
[ReportManager] API Action [GetResponseJSONValue] successfully performed. With the following test data [title]. @13-11-2021 22:48:21.0142 PM
[ReportManager] API Action [GetResponseJSONValue] successfully performed. With the following test data [title]. @13-11-2021 22:48:21.0151 PM
[ReportManager] API Action [GetResponseJSONValue] successfully performed. With the following test data [title]. @13-11-2021 22:48:21.0161 P

################################################################################################################################################
Starting Execution:	[68 out of 146] test cases in the current suite
Test Method:		[unitTests.tests_restActions.validateUserEmail]
################################################################################################################################################
[ReportManager] Response status code: [200], status line: [HTTP/1.1 200 OK] @13-11-2021 22:48:21.0219 PM
[ReportManager] Assertion Passed: Evaluating the actual response status code against the expected one... @13-11-2021 22:48:21.0219 PM
[ReportManager] Assertion [ValidateComparativeRelation] PASSED. Expected [200] and Actual [200]. Comparison Type [EQUALS]. Validation Type [POSITIVE]. @13-11-2021 22:48:21.0219 PM
[ReportManager] API Action [PerformRequest] successfully performed. With the following test data [Request Type: "GET" | Target Status Code: "200" | Service URL: "https://jsonplaceholder.typicode.com/users" | Content Type: "*/*" | Response Time: "48ms"]. @13-11-2021 22:48:21.0239 PM
[ReportManager] Successfully created attachment [API Request - Specifications] @13-11-2021 22:48:21.0239 PM
[ReportManager] Successfully created attachment [API Response - JSON Body] @13-11-2021 22:48:21.0240 PM
[ReportManager] Assertion [ValidateEquals] PASSED. Expected and Actual values are attached. Comparison Type [CONTAINS]. Validation Type [POSITIVE]. @13-11-2021 22:48:21.0240 PM
[ReportManager] Successfully created attachment [Validation Test Data - Expected Value] @13-11-2021 22:48:21.0241 PM
[ReportManager] Successfully created attachment [Validation Test Data - Actual Value] @13-11-2021 22:48:21.0241 PM
[ReportManager] API Action [GetResponseJSONValueAsList] successfully performed. With the following test data [$]. @13-11-2021 22:48:21.0247 PM
[ReportManager] API Action [GetResponseJSONValue] successfully performed. With the following test data [name]. @13-11-2021 22:48:21.0258 PM
[ReportManager] API Action [GetResponseJSONValue] successfully performed. With the following test data [email]. @13-11-2021 22:48:21.0268 PM
[ReportManager] Assertion [ValidateEquals] PASSED. Expected [Sincere@april.biz] and Actual [Sincere@april.biz]. Comparison Type [EQUALS]. Validation Type [POSITIVE]. @13-11-2021 22:48:21.0268 PM
[ReportManager] API Action [GetResponseJSONValue] successfully performed. With the following test data [name]. @13-11-2021 22:48:21.0278 PM
[ReportManager] API Action [GetResponseJSONValue] successfully performed. With the following test data [name]. @13-11-2021 22:48:21.0288 PM
[ReportManager] API Action [GetResponseJSONValue] successfully performed. With the following test data [name]. @13-11-2021 22:48:21.0299 PM
[ReportManager] API Action [GetResponseJSONValue] successfully performed. With the following test data [name]. @13-11-2021 22:48:21.0309 PM
[ReportManager] API Action [GetResponseJSONValue] successfully performed. With the following test data [name]. @13-11-2021 22:48:21.0319 PM
[ReportManager] API Action [GetResponseJSONValue] successfully performed. With the following test data [name]. @13-11-2021 22:48:21.0329 PM
[ReportManager] API Action [GetResponseJSONValue] successfully performed. With the following test data [name]. @13-11-2021 22:48:21.0338 PM
[ReportManager] API Action [GetResponseJSONValue] successfully performed. With the following test data [name]. @13-11-2021 22:48:21.0348 PM
[ReportManager] API Action [GetResponseJSONValue] successfully performed. With the following test data [name]. @13-11-2021 22:48:21.0358 P
[ReportManager] File Action [GetAbsolutePath] successfully performed. With the following test data [Relative Folder Path: "target/downloadedFiles/"]. @13-11-2021 22:48:21.0360 PM
[ReportManager] Attempting to run locally on: [Mac-64], [Safari], Headless Execution. @13-11-2021 22:48:21.0361 PM
[ReportManager] Successfully Opened Safari. @13-11-2021 22:48:22.0148 PM
[ReportManager] Initial window size: (800, 600) @13-11-2021 22:48:22.0167 PM
[ReportManager] Window size after SWD Maximize: (1176, 811) @13-11-2021 22:48:22.0183 PM
[ReportManager] Browser Action [MaximizeWindow] successfully performed. With the following test data [New screen size is now: (1176, 811)]. @13-11-2021 22:48:22.0183 P

################################################################################################################################################
Starting Execution:	[69 out of 146] test cases in the current suite
Test Method:		[testPackage01.Test_uploadFile.uploadFile_invisibleUploadInput]
################################################################################################################################################
[ReportManager] Target URL: [https://fineuploader.com/demos.html#gallery-view] @13-11-2021 22:48:22.0186 PM
[ReportManager] Initial URL: [] @13-11-2021 22:48:22.0281 PM
[ReportManager] Browser Action [NavigateToURL] successfully performed. With the following test data [https://fineuploader.com/demos.html#gallery-view]. @13-11-2021 22:48:24.0124 PM
[ReportManager] File Action [GetAbsolutePath] successfully performed. With the following test data [Relative File Path: "src/main/resources/images/shaft.png"]. @13-11-2021 22:48:24.0124 PM
[ReportManager] Successfully created attachment [File Action Actual Result - Command Log] @13-11-2021 22:48:24.0125 PM
[ReportManager] Element Action [TypeFileLocationForUpload] successfully performed. With the following test data [/Users/runner/work/SHAFT_ENGINE/SHAFT_ENGINE/src/main/resources/images/shaft.png]. @13-11-2021 22:48:24.0168 PM
[ReportManager] Attempting to getAttribute [src] from elementLocator [By.xpath: //div[@id='fine-uploader-gallery']//div[@class='qq-thumbnail-wrapper']/img]. @13-11-2021 22:48:24.0168 PM
[ReportManager] Element Action [GetAttribute] successfully performed. @13-11-2021 22:48:24.0275 PM
[ReportManager] Successfully created attachment [Element Action Test Data - GetAttribute - Actual Value] @13-11-2021 22:48:24.0276 PM
[ReportManager] Loaded Shared OpenCV @13-11-2021 22:48:24.0363 PM
[ReportManager] Assertion [ValidateElementAttribute] PASSED. Expected and Actual values are attached. Comparison Type [CONTAINS]. Validation Type [POSITIVE]. @13-11-2021 22:48:24.0476 PM
[ReportManager] Successfully created attachment [Validation Test Data - Expected Value] @13-11-2021 22:48:24.0477 PM
[ReportManager] Successfully created attachment [Validation Test Data - Actual Value] @13-11-2021 22:48:24.0477 PM
[ReportManager] Successfully created attachment [Screenshot - 1636843704363_uploadFile_invisibleUploadInput_ValidateElementAttribute_passed] @13-11-2021 22:48:24.0478 P
[ReportManager] Browser Action [CloseCurrentWindow] successfully performed. @13-11-2021 22:48:24.0778 PM
[ReportManager] Successfully created attachment [Browser Action Test Data - CloseCurrentWindow - Actual Value] @13-11-2021 22:48:24.0779 P
[ReportManager] File Action [GetAbsolutePath] successfully performed. With the following test data [Relative Folder Path: "target/downloadedFiles/"]. @13-11-2021 22:48:24.0783 PM
[ReportManager] Attempting to run locally on: [Mac-64], [Safari], Headless Execution. @13-11-2021 22:48:24.0783 PM
[ReportManager] Successfully Opened Safari. @13-11-2021 22:48:25.0636 PM
[ReportManager] Initial window size: (800, 600) @13-11-2021 22:48:25.0657 PM
[ReportManager] Window size after SWD Maximize: (1176, 811) @13-11-2021 22:48:25.0679 PM
[ReportManager] Browser Action [MaximizeWindow] successfully performed. With the following test data [New screen size is now: (1176, 811)]. @13-11-2021 22:48:25.0680 P

################################################################################################################################################
Starting Execution:	[70 out of 146] test cases in the current suite
Test Method:		[testPackage01.Test_uploadFile.uploadFile_visibleUploadInput]
################################################################################################################################################
[ReportManager] Target URL: [http://demo.guru99.com/test/upload/] @13-11-2021 22:48:25.0683 PM
[ReportManager] Initial URL: [] @13-11-2021 22:48:25.0760 PM
[ReportManager] Browser Action [NavigateToURL] successfully performed. With the following test data [http://demo.guru99.com/test/upload/]. @13-11-2021 22:48:26.0999 PM
[ReportManager] File Action [GetAbsolutePath] successfully performed. With the following test data [Relative File Path: "src/main/resources/images/shaft.png"]. @13-11-2021 22:48:27.0000 PM
[ReportManager] Successfully created attachment [File Action Actual Result - Command Log] @13-11-2021 22:48:27.0000 PM
[ReportManager] Element Action [TypeFileLocationForUpload] successfully performed. With the following test data [/Users/runner/work/SHAFT_ENGINE/SHAFT_ENGINE/src/main/resources/images/shaft.png]. @13-11-2021 22:48:27.0049 PM
[ReportManager] Element Action [Click] successfully performed. With the following test data [on]. @13-11-2021 22:48:27.0310 PM
[ReportManager] Element Action [Click] successfully performed. With the following test data [ Submit File]. @13-11-2021 22:48:27.0595 PM
[ReportManager] Element Action [GetText] successfully performed. With the following test data [1 file has been successfully uploaded.]. @13-11-2021 22:48:28.0229 PM
[ReportManager] Loaded Shared OpenCV @13-11-2021 22:48:28.0297 PM
[ReportManager] Assertion [ValidateElementAttribute] PASSED. Expected [Value Should be '1 file' for the 'Text' attribute, element locator 'By.id: res'] and Actual [1 file has been successfully uploaded.]. Comparison Type [CONTAINS]. Validation Type [POSITIVE]. @13-11-2021 22:48:28.0396 PM
[ReportManager] Successfully created attachment [Screenshot - 1636843708297_uploadFile_visibleUploadInput_ValidateElementAttribute_passed] @13-11-2021 22:48:28.0398 P
[ReportManager] Browser Action [CloseCurrentWindow] successfully performed. @13-11-2021 22:48:28.0524 PM
[ReportManager] Successfully created attachment [Browser Action Test Data - CloseCurrentWindow - Actual Value] @13-11-2021 22:48:28.0524 P

################################################################################################################################################
Starting Execution:	[71 out of 146] test cases in the current suite
Test Method:		[testPackage01.Test_AssertApiResponseEquals.assertApiResponseEquals_expectedToPass]
################################################################################################################################################
[ReportManager] Response status code: [200], status line: [HTTP/1.1 200 OK] @13-11-2021 22:48:28.0595 PM
[ReportManager] Assertion Passed: Evaluating the actual response status code against the expected one... @13-11-2021 22:48:28.0595 PM
[ReportManager] Assertion [ValidateComparativeRelation] PASSED. Expected [200] and Actual [200]. Comparison Type [EQUALS]. Validation Type [POSITIVE]. @13-11-2021 22:48:28.0595 PM
[ReportManager] API Action [PerformRequest] successfully performed. With the following test data [Request Type: "GET" | Target Status Code: "200" | Service URL: "https://jsonplaceholder.typicode.com/users" | Content Type: "*/*" | Response Time: "59ms"]. @13-11-2021 22:48:28.0620 PM
[ReportManager] Successfully created attachment [API Request - Specifications] @13-11-2021 22:48:28.0620 PM
[ReportManager] Successfully created attachment [API Response - JSON Body] @13-11-2021 22:48:28.0621 PM
[ReportManager] API Action [GetResponseJSONValueAsList] successfully performed. With the following test data [$]. @13-11-2021 22:48:28.0629 PM
[ReportManager] API Action [GetResponseJSONValue] successfully performed. With the following test data [name]. @13-11-2021 22:48:28.0643 PM
[ReportManager] API Action [GetResponseJSONValue] successfully performed. With the following test data [email]. @13-11-2021 22:48:28.0661 PM
[ReportManager] Verification [ValidateEquals] PASSED. Expected [Sincere@april.biz] and Actual [Sincere@april.biz]. Comparison Type [EQUALS]. Validation Type [POSITIVE]. @13-11-2021 22:48:28.0662 PM
[ReportManager] API Action [GetResponseJSONValue] successfully performed. With the following test data [username]. @13-11-2021 22:48:28.0673 PM
[ReportManager] Assertion [ValidateEquals] PASSED. Expected [Bret] and Actual [Bret]. Comparison Type [EQUALS]. Validation Type [POSITIVE]. @13-11-2021 22:48:28.0674 PM
[ReportManager] API Action [GetResponseJSONValue] successfully performed. With the following test data [name]. @13-11-2021 22:48:28.0685 PM
[ReportManager] API Action [GetResponseJSONValue] successfully performed. With the following test data [name]. @13-11-2021 22:48:28.0696 PM
[ReportManager] API Action [GetResponseJSONValue] successfully performed. With the following test data [name]. @13-11-2021 22:48:28.0706 PM
[ReportManager] API Action [GetResponseJSONValue] successfully performed. With the following test data [name]. @13-11-2021 22:48:28.0718 PM
[ReportManager] API Action [GetResponseJSONValue] successfully performed. With the following test data [name]. @13-11-2021 22:48:28.0730 PM
[ReportManager] API Action [GetResponseJSONValue] successfully performed. With the following test data [name]. @13-11-2021 22:48:28.0741 PM
[ReportManager] API Action [GetResponseJSONValue] successfully performed. With the following test data [name]. @13-11-2021 22:48:28.0754 PM
[ReportManager] API Action [GetResponseJSONValue] successfully performed. With the following test data [name]. @13-11-2021 22:48:28.0766 PM
[ReportManager] API Action [GetResponseJSONValue] successfully performed. With the following test data [name]. @13-11-2021 22:48:28.0779 P

################################################################################################################################################
Starting Execution:	[72 out of 146] test cases in the current suite
Test Method:		[testPackage01.Test_testData.f]
################################################################################################################################################
[ReportManager] Successfully loaded the following test data file [src/test/resources/TestDataFiles/testSuite01/TestData.xlsx]. @13-11-2021 22:48:28.0837 PM
[ReportManager] Successfully created attachment [Test Data - Excel] @13-11-2021 22:48:28.0837 PM
[ReportManager] Last Column Number is: [3]. Zero-based. @13-11-2021 22:48:28.0838 P

################################################################################################################################################
Starting Execution:	[73 out of 146] test cases in the current suite
Test Method:		[testPackage01.Test_PDF.testPDF1]
################################################################################################################################################
[ReportManager] File Action [DoesFileExist] successfully performed. With the following test data [File Path: "src/test/resources/TestDataFiles/sample.pdf"]. @13-11-2021 22:48:28.0846 PM
[ReportManager] File Action [GetAbsolutePath] successfully performed. With the following test data [Relative Folder Path: "src/test/resources/TestDataFiles/sample.pdf"]. @13-11-2021 22:48:28.0848 PM
[ReportManager] Assertion Passed: Checking to see that the pdf file contains [A Simple PDF File] @13-11-2021 22:48:31.0835 PM
[ReportManager] Successfully created attachment [Validation Test Data - Expected Value] @13-11-2021 22:48:31.0836 PM
[ReportManager] Successfully created attachment [Validation Test Data - Actual Value] @13-11-2021 22:48:31.0836 PM
[ReportManager] Assertion [ValidateEquals] PASSED. Expected and Actual values are attached. Comparison Type [CONTAINS]. Validation Type [POSITIVE]. @13-11-2021 22:48:31.0837 P

################################################################################################################################################
Starting Execution:	[74 out of 146] test cases in the current suite
Test Method:		[testPackage01.Test_PDF.testPDF2]
################################################################################################################################################
[ReportManager] File Action [DoesFileExist] successfully performed. With the following test data [File Path: "src/test/resources/TestDataFiles/sample.pdf"]. @13-11-2021 22:48:31.0841 PM
[ReportManager] File Action [GetAbsolutePath] successfully performed. With the following test data [Relative Folder Path: "src/test/resources/TestDataFiles/sample.pdf"]. @13-11-2021 22:48:31.0841 PM
[ReportManager] Assertion Passed: Checking to see that the pdf file contains [A Simple PDF File] @13-11-2021 22:48:31.0864 PM
[ReportManager] Successfully created attachment [Validation Test Data - Expected Value] @13-11-2021 22:48:31.0864 PM
[ReportManager] Successfully created attachment [Validation Test Data - Actual Value] @13-11-2021 22:48:31.0865 PM
[ReportManager] Assertion [ValidateEquals] PASSED. Expected and Actual values are attached. Comparison Type [CONTAINS]. Validation Type [POSITIVE]. @13-11-2021 22:48:31.0865 P
[ReportManager] File Action [GetAbsolutePath] successfully performed. With the following test data [Relative Folder Path: "target/downloadedFiles/"]. @13-11-2021 22:48:31.0867 PM
[ReportManager] Attempting to run locally on: [Mac-64], [Safari], Headless Execution. @13-11-2021 22:48:31.0867 PM
[ReportManager] Successfully Opened Safari. @13-11-2021 22:48:32.0656 PM
[ReportManager] Initial window size: (800, 600) @13-11-2021 22:48:32.0663 PM
[ReportManager] Window size after SWD Maximize: (1176, 811) @13-11-2021 22:48:32.0695 PM
[ReportManager] Browser Action [MaximizeWindow] successfully performed. With the following test data [New screen size is now: (1176, 811)]. @13-11-2021 22:48:32.0695 P

################################################################################################################################################
Starting Execution:	[75 out of 146] test cases in the current suite
Test Method:		[testPackage01.Test_ShadowDOM.shadowdom]
################################################################################################################################################
[ReportManager] Target URL: [https://mdn.github.io/web-components-examples/popup-info-box-web-component/] @13-11-2021 22:48:32.0698 PM
[ReportManager] Initial URL: [] @13-11-2021 22:48:32.0787 PM
[ReportManager] Browser Action [NavigateToURL] successfully performed. With the following test data [https://mdn.github.io/web-components-examples/popup-info-box-web-component/]. @13-11-2021 22:48:33.0225 PM
[ReportManager] Element Action [Type] successfully performed. With the following test data [Typing into SHADOW DOM...]. @13-11-2021 22:48:34.0198 PM
[ReportManager] Element Action [GetText] successfully performed. With the following test data [Typing into SHADOW DOM...]. @13-11-2021 22:48:34.0242 PM
[ReportManager] Loaded Shared OpenCV @13-11-2021 22:48:34.0320 PM
[ReportManager] Assertion [ValidateElementAttribute] PASSED. Expected [Value Should be 'Typing into SHADOW DOM...' for the 'Text' attribute, element locator 'By.id: cvc'] and Actual [Typing into SHADOW DOM...]. Comparison Type [EQUALS]. Validation Type [POSITIVE]. @13-11-2021 22:48:34.0519 PM
[ReportManager] Successfully created attachment [Screenshot - 1636843714320_shadowdom_ValidateElementAttribute_passed] @13-11-2021 22:48:34.0519 P
[ReportManager] Browser Action [CloseCurrentWindow] successfully performed. @13-11-2021 22:48:34.0762 PM
[ReportManager] Successfully created attachment [Browser Action Test Data - CloseCurrentWindow - Actual Value] @13-11-2021 22:48:34.0763 P
[ReportManager] File Action [GetAbsolutePath] successfully performed. With the following test data [Relative Folder Path: "target/downloadedFiles/"]. @13-11-2021 22:48:34.0765 PM
[ReportManager] Attempting to run locally on: [Mac-64], [Safari], Headless Execution. @13-11-2021 22:48:34.0765 PM
[ReportManager] Successfully Opened Safari. @13-11-2021 22:48:35.0546 PM
[ReportManager] Initial window size: (800, 600) @13-11-2021 22:48:35.0621 PM
[ReportManager] Window size after SWD Maximize: (1176, 811) @13-11-2021 22:48:35.0687 PM
[ReportManager] Browser Action [MaximizeWindow] successfully performed. With the following test data [New screen size is now: (1176, 811)]. @13-11-2021 22:48:35.0687 P

################################################################################################################################################
Starting Execution:	[76 out of 146] test cases in the current suite
Test Method:		[testPackage01.Test_clipboardActions.typeTextAndCopyPaste]
################################################################################################################################################
[ReportManager] Target URL: [https://www.google.com/ncr], and after redirection: [https://www.google.com] @13-11-2021 22:48:35.0692 PM
[ReportManager] Initial URL: [] @13-11-2021 22:48:35.0758 PM
[ReportManager] Browser Action [NavigateToURL] successfully performed. With the following test data [https://www.google.com/ncr]. @13-11-2021 22:48:36.0565 PM
[ReportManager] Element Action [Type] successfully performed. With the following test data [FIRST]. @13-11-2021 22:48:36.0929 P
[ReportManager] Browser Action [CloseCurrentWindow] successfully performed. @13-11-2021 22:48:37.0095 PM
[ReportManager] Successfully created attachment [Browser Action Test Data - CloseCurrentWindow - Actual Value] @13-11-2021 22:48:37.0095 P

################################################################################################################################################
Starting Execution:	[77 out of 146] test cases in the current suite
Test Method:		[testPackage01.Test_NewValidationHelper.f1]
################################################################################################################################################
[ReportManager] Assertion Passed: Checking valid user data @13-11-2021 22:48:37.0098 PM
[ReportManager] Successfully created attachment [Validation Test Data - Expected Value] @13-11-2021 22:48:37.0098 PM
[ReportManager] Successfully created attachment [Validation Test Data - Actual Value] @13-11-2021 22:48:37.0099 PM
[ReportManager] Assertion [ValidateEquals] PASSED. Expected and Actual values are attached. Comparison Type [EQUALS]. Validation Type [POSITIVE]. @13-11-2021 22:48:37.0099 P
[ReportManager] File Action [GetAbsolutePath] successfully performed. With the following test data [Relative Folder Path: "target/downloadedFiles/"]. @13-11-2021 22:48:37.0101 PM
[ReportManager] Attempting to run locally on: [Mac-64], [Safari], Headless Execution. @13-11-2021 22:48:37.0101 PM
[ReportManager] Successfully Opened Safari. @13-11-2021 22:48:37.0904 PM
[ReportManager] Initial window size: (800, 600) @13-11-2021 22:48:37.0914 PM
[ReportManager] Window size after SWD Maximize: (1176, 811) @13-11-2021 22:48:37.0932 PM
[ReportManager] Browser Action [MaximizeWindow] successfully performed. With the following test data [New screen size is now: (1176, 811)]. @13-11-2021 22:48:37.0932 PM
[ReportManager] Target URL: [https://the-internet.herokuapp.com/] @13-11-2021 22:48:37.0932 PM
[ReportManager] Initial URL: [] @13-11-2021 22:48:38.0006 PM
[ReportManager] Browser Action [NavigateToURL] successfully performed. With the following test data [https://the-internet.herokuapp.com/]. @13-11-2021 22:48:39.0256 P

################################################################################################################################################
Starting Execution:	[78 out of 146] test cases in the current suite
Test Method:		[testPackage01.Test_NewValidationHelper.f10]
################################################################################################################################################
[ReportManager] Loaded Shared OpenCV @13-11-2021 22:48:39.0339 PM
[ReportManager] Assertion [ValidateElementExists] FAILED. Expected [Element Should Exist, locator 'By.tagName: div'] and Actual [Element Exists but is not unique]. Comparison Type [EQUALS]. Validation Type [POSITIVE]. @13-11-2021 22:48:39.0472 PM
[ReportManager] Successfully created attachment [Screenshot - 1636843719339_f10_ValidateElementExists_failed] @13-11-2021 22:48:39.0474 P



################################################################################################################################################
Starting Execution:	[79 out of 146] test cases in the current suite
Test Method:		[testPackage01.Test_NewValidationHelper.f11]
###############################################################################################################################################



################################################################################################################################################
Starting Execution:	[80 out of 146] test cases in the current suite
Test Method:		[testPackage01.Test_NewValidationHelper.f12]
###############################################################################################################################################



################################################################################################################################################
Starting Execution:	[81 out of 146] test cases in the current suite
Test Method:		[testPackage01.Test_NewValidationHelper.f13]
###############################################################################################################################################



################################################################################################################################################
Starting Execution:	[82 out of 146] test cases in the current suite
Test Method:		[testPackage01.Test_NewValidationHelper.f14]
###############################################################################################################################################



################################################################################################################################################
Starting Execution:	[83 out of 146] test cases in the current suite
Test Method:		[testPackage01.Test_NewValidationHelper.f15]
###############################################################################################################################################



################################################################################################################################################
Starting Execution:	[84 out of 146] test cases in the current suite
Test Method:		[testPackage01.Test_NewValidationHelper.f16]
###############################################################################################################################################



################################################################################################################################################
Starting Execution:	[85 out of 146] test cases in the current suite
Test Method:		[testPackage01.Test_NewValidationHelper.f17]
###############################################################################################################################################



################################################################################################################################################
Starting Execution:	[86 out of 146] test cases in the current suite
Test Method:		[testPackage01.Test_NewValidationHelper.f18]
###############################################################################################################################################


################################################################################################################################################
Starting Execution:	[87 out of 146] test cases in the current suite
Test Method:		[testPackage01.Test_NewValidationHelper.f2]
###############################################################################################################################################


################################################################################################################################################
Starting Execution:	[88 out of 146] test cases in the current suite
Test Method:		[testPackage01.Test_NewValidationHelper.f20]
###############################################################################################################################################



################################################################################################################################################
Starting Execution:	[89 out of 146] test cases in the current suite
Test Method:		[testPackage01.Test_NewValidationHelper.f21]
###############################################################################################################################################



################################################################################################################################################
Starting Execution:	[90 out of 146] test cases in the current suite
Test Method:		[testPackage01.Test_NewValidationHelper.f22]
###############################################################################################################################################


################################################################################################################################################
Starting Execution:	[91 out of 146] test cases in the current suite
Test Method:		[testPackage01.Test_NewValidationHelper.f23]
###############################################################################################################################################

################################################################################################################################################
Starting Execution:	[92 out of 146] test cases in the current suite
Test Method:		[testPackage01.Test_NewValidationHelper.f24]
###############################################################################################################################################

################################################################################################################################################
Starting Execution:	[93 out of 146] test cases in the current suite
Test Method:		[testPackage01.Test_NewValidationHelper.f25]
###############################################################################################################################################

################################################################################################################################################
Starting Execution:	[94 out of 146] test cases in the current suite
Test Method:		[testPackage01.Test_NewValidationHelper.f26]
###############################################################################################################################################

################################################################################################################################################
Starting Execution:	[95 out of 146] test cases in the current suite
Test Method:		[testPackage01.Test_NewValidationHelper.f27]
###############################################################################################################################################

################################################################################################################################################
Starting Execution:	[96 out of 146] test cases in the current suite
Test Method:		[testPackage01.Test_NewValidationHelper.f28]
###############################################################################################################################################

################################################################################################################################################
Starting Execution:	[97 out of 146] test cases in the current suite
Test Method:		[testPackage01.Test_NewValidationHelper.f29]
###############################################################################################################################################

################################################################################################################################################
Starting Execution:	[98 out of 146] test cases in the current suite
Test Method:		[testPackage01.Test_NewValidationHelper.f3]
###############################################################################################################################################

################################################################################################################################################
Starting Execution:	[99 out of 146] test cases in the current suite
Test Method:		[testPackage01.Test_NewValidationHelper.f30]
###############################################################################################################################################

################################################################################################################################################
Starting Execution:	[100 out of 146] test cases in the current suite
Test Method:		[testPackage01.Test_NewValidationHelper.f31]
###############################################################################################################################################

################################################################################################################################################
Starting Execution:	[101 out of 146] test cases in the current suite
Test Method:		[testPackage01.Test_NewValidationHelper.f32]
###############################################################################################################################################

################################################################################################################################################
Starting Execution:	[102 out of 146] test cases in the current suite
Test Method:		[testPackage01.Test_NewValidationHelper.f33]
###############################################################################################################################################

################################################################################################################################################
Starting Execution:	[103 out of 146] test cases in the current suite
Test Method:		[testPackage01.Test_NewValidationHelper.f34]
###############################################################################################################################################

################################################################################################################################################
Starting Execution:	[104 out of 146] test cases in the current suite
Test Method:		[testPackage01.Test_NewValidationHelper.f35]
###############################################################################################################################################

################################################################################################################################################
Starting Execution:	[105 out of 146] test cases in the current suite
Test Method:		[testPackage01.Test_NewValidationHelper.f36]
###############################################################################################################################################

################################################################################################################################################
Starting Execution:	[106 out of 146] test cases in the current suite
Test Method:		[testPackage01.Test_NewValidationHelper.f37]
###############################################################################################################################################

################################################################################################################################################
Starting Execution:	[107 out of 146] test cases in the current suite
Test Method:		[testPackage01.Test_NewValidationHelper.f3_1]
###############################################################################################################################################

################################################################################################################################################
Starting Execution:	[108 out of 146] test cases in the current suite
Test Method:		[testPackage01.Test_NewValidationHelper.f4]
###############################################################################################################################################

################################################################################################################################################
Starting Execution:	[109 out of 146] test cases in the current suite
Test Method:		[testPackage01.Test_NewValidationHelper.f5]
###############################################################################################################################################

################################################################################################################################################
Starting Execution:	[110 out of 146] test cases in the current suite
Test Method:		[testPackage01.Test_NewValidationHelper.f6]
###############################################################################################################################################

################################################################################################################################################
Starting Execution:	[111 out of 146] test cases in the current suite
Test Method:		[testPackage01.Test_NewValidationHelper.f6_1]
###############################################################################################################################################

################################################################################################################################################
Starting Execution:	[112 out of 146] test cases in the current suite
Test Method:		[testPackage01.Test_NewValidationHelper.f6_2]
###############################################################################################################################################

################################################################################################################################################
Starting Execution:	[113 out of 146] test cases in the current suite
Test Method:		[testPackage01.Test_NewValidationHelper.f7]
###############################################################################################################################################


################################################################################################################################################
Starting Execution:	[114 out of 146] test cases in the current suite
Test Method:		[testPackage01.Test_NewValidationHelper.f8]
###############################################################################################################################################



################################################################################################################################################
Starting Execution:	[115 out of 146] test cases in the current suite
Test Method:		[testPackage01.Test_NewValidationHelper.f9]
###############################################################################################################################################


################################################################################################################################################
Starting Execution:	[116 out of 146] test cases in the current suite
Test Method:		[testPackage01.Test_NewValidationHelper.forceFail]
###############################################################################################################################################

################################################################################################################################################
Starting Execution:	[117 out of 146] test cases in the current suite
Test Method:		[testPackage01.Test_NewValidationHelper.forceFail2]
###############################################################################################################################################

################################################################################################################################################
Starting Execution:	[118 out of 146] test cases in the current suite
Test Method:		[testPackage01.Test_JsonActions.f]
###############################################################################################################################################

################################################################################################################################################
Starting Execution:	[119 out of 146] test cases in the current suite
Test Method:		[testPackage01.Test_JsonActions.f2]
###############################################################################################################################################

################################################################################################################################################
Starting Execution:	[120 out of 146] test cases in the current suite
Test Method:		[testPackage01.Test_sendGraphqlRequest.sendGraphqlRequestUsingMutationAndVariables]
################################################################################################################################################
[ReportManager] GraphQl Request is being Performed with the Following Parameters [Service URL: https://api.spacex.land/graphql | Request Body: {"variables":"{\"name\": \"sherlock holmes\",\"rocket\": \"221B Baker Street\"}","query":"mutation ($name: String, $rocket: String) {\n  insert_users(objects: {name: $name, rocket: $rocket}) {\n    returning {\n      name\n      rocket\n    }\n  }\n}"}] @13-11-2021 22:48:39.0903 PM
[ReportManager] Response status code: [200], status line: [HTTP/1.1 200 OK] @13-11-2021 22:48:44.0618 PM
[ReportManager] Assertion Passed: Evaluating the actual response status code against the expected one... @13-11-2021 22:48:44.0618 PM
[ReportManager] Assertion [ValidateComparativeRelation] PASSED. Expected [200] and Actual [200]. Comparison Type [EQUALS]. Validation Type [POSITIVE]. @13-11-2021 22:48:44.0618 PM
[ReportManager] API Action [PerformRequest] successfully performed. With the following test data [Request Type: "POST" | Target Status Code: "200" | Service URL: "https://api.spacex.land/graphql" | Content Type: "application/json" | Response Time: "4574ms"]. @13-11-2021 22:48:44.0644 PM
[ReportManager] Successfully created attachment [API Request - Specifications] @13-11-2021 22:48:44.0645 PM
[ReportManager] Successfully created attachment [API Request - JSON Body] @13-11-2021 22:48:44.0645 PM
[ReportManager] Successfully created attachment [API Response - JSON Body] @13-11-2021 22:48:44.0646 PM
[ReportManager] API Action [GetResponseJSONValue] successfully performed. With the following test data [data.insert_users.returning[0].name]. @13-11-2021 22:48:44.0686 PM
[ReportManager] Assertion [ValidateEquals] PASSED. Expected [sherlock holmes] and Actual [sherlock holmes]. Comparison Type [EQUALS]. Validation Type [POSITIVE]. @13-11-2021 22:48:44.0687 P

################################################################################################################################################
Starting Execution:	[121 out of 146] test cases in the current suite
Test Method:		[testPackage01.Test_sendGraphqlRequest.sendGraphqlRequestUsingQuery]
################################################################################################################################################
[ReportManager] GraphQl Request is being Performed with the Following Parameters [Service URL: https://api.spacex.land/graphql | Request Body: {"query":"{company {ceo}}"}] @13-11-2021 22:48:44.0691 PM
[ReportManager] Response status code: [200], status line: [HTTP/1.1 200 OK] @13-11-2021 22:48:44.0972 PM
[ReportManager] Assertion Passed: Evaluating the actual response status code against the expected one... @13-11-2021 22:48:44.0972 PM
[ReportManager] Assertion [ValidateComparativeRelation] PASSED. Expected [200] and Actual [200]. Comparison Type [EQUALS]. Validation Type [POSITIVE]. @13-11-2021 22:48:44.0973 PM
[ReportManager] API Action [PerformRequest] successfully performed. With the following test data [Request Type: "POST" | Target Status Code: "200" | Service URL: "https://api.spacex.land/graphql" | Content Type: "application/json" | Response Time: "277ms"]. @13-11-2021 22:48:44.0985 PM
[ReportManager] Successfully created attachment [API Request - Specifications] @13-11-2021 22:48:44.0985 PM
[ReportManager] Successfully created attachment [API Request - JSON Body] @13-11-2021 22:48:44.0986 PM
[ReportManager] Successfully created attachment [API Response - JSON Body] @13-11-2021 22:48:44.0986 PM
[ReportManager] API Action [GetResponseJSONValue] successfully performed. With the following test data [data.company.ceo]. @13-11-2021 22:48:44.0999 PM
[ReportManager] Assertion [ValidateEquals] PASSED. Expected [Elon Musk] and Actual [Elon Musk]. Comparison Type [EQUALS]. Validation Type [POSITIVE]. @13-11-2021 22:48:44.0999 P

################################################################################################################################################
Starting Execution:	[122 out of 146] test cases in the current suite
Test Method:		[testPackage01.Test_MatchJsonSchema.checkAPI_ResponseSchema]
################################################################################################################################################
[ReportManager] Response status code: [200], status line: [HTTP/1.1 200 OK] @13-11-2021 22:48:45.0108 PM
[ReportManager] Assertion Passed: Evaluating the actual response status code against the expected one... @13-11-2021 22:48:45.0109 PM
[ReportManager] Assertion [ValidateComparativeRelation] PASSED. Expected [200] and Actual [200]. Comparison Type [EQUALS]. Validation Type [POSITIVE]. @13-11-2021 22:48:45.0109 PM
[ReportManager] API Action [PerformRequest] successfully performed. With the following test data [Request Type: "GET" | Target Status Code: "200" | Service URL: "http://api.zippopotam.us/us/90210" | Content Type: "*/*" | Response Time: "98ms"]. @13-11-2021 22:48:45.0122 PM
[ReportManager] Successfully created attachment [API Request - Specifications] @13-11-2021 22:48:45.0122 PM
[ReportManager] Successfully created attachment [API Response - JSON Body] @13-11-2021 22:48:45.0123 PM
[ReportManager] File Action [GetAbsolutePath] successfully performed. With the following test data [Relative Folder Path: "src/test/resources/testDataFiles/schema.json"]. @13-11-2021 22:48:45.0125 PM
[ReportManager] File Action [GetAbsolutePath] successfully performed. With the following test data [Relative Folder Path: "/Users/runner/work/SHAFT_ENGINE/SHAFT_ENGINE/src/test/resources/testDataFiles/schema.json"]. @13-11-2021 22:48:45.0699 PM
[ReportManager] File Action [ReadFromFile] successfully performed. With the following test data [File Path: "/Users/runner/work/SHAFT_ENGINE/SHAFT_ENGINE/src/test/resources/testDataFiles/schema.json"]. @13-11-2021 22:48:45.0700 PM
[ReportManager] Assertion Passed: Then I Assert that the API response schema matches that in this file [src/test/resources/testDataFiles/schema.json]. @13-11-2021 22:48:45.0701 PM
[ReportManager] Successfully created attachment [Validation Test Data - Expected JSON Value] @13-11-2021 22:48:45.0702 PM
[ReportManager] Successfully created attachment [Validation Test Data - Actual JSON Value] @13-11-2021 22:48:45.0702 PM
[ReportManager] Assertion [ValidateResponseFileSchema] PASSED. Expected [Response data should match the JSON File in this path '/Users/runner/work/SHAFT_ENGINE/SHAFT_ENGINE/src/test/resources/testDataFiles/schema.json'] and Actual [TRUE]. Comparison Type [EQUALS]. Validation Type [POSITIVE]. @13-11-2021 22:48:45.0702 P
[ReportManager] File Action [GetAbsolutePath] successfully performed. With the following test data [Relative Folder Path: "target/downloadedFiles/"]. @13-11-2021 22:48:45.0704 PM
[ReportManager] Attempting to run locally on: [Mac-64], [Safari], Headless Execution. @13-11-2021 22:48:45.0705 PM
[ReportManager] Successfully Opened Safari. @13-11-2021 22:48:46.0477 PM
[ReportManager] Initial window size: (800, 600) @13-11-2021 22:48:46.0494 PM
[ReportManager] Window size after SWD Maximize: (1176, 811) @13-11-2021 22:48:46.0540 PM
[ReportManager] Browser Action [MaximizeWindow] successfully performed. With the following test data [New screen size is now: (1176, 811)]. @13-11-2021 22:48:46.0542 P

################################################################################################################################################
Starting Execution:	[123 out of 146] test cases in the current suite
Test Method:		[testPackage01.Test_dragAndDrop.dragAndDropJquery]
################################################################################################################################################
[ReportManager] Target URL: [https://jqueryui.com/resources/demos/droppable/default.html] @13-11-2021 22:48:46.0546 PM
[ReportManager] Initial URL: [] @13-11-2021 22:48:46.0634 PM
[ReportManager] Browser Action [NavigateToURL] successfully performed. With the following test data [https://jqueryui.com/resources/demos/droppable/default.html]. @13-11-2021 22:48:47.0148 PM
[ReportManager] Element Action [GetText] successfully performed. With the following test data [
	Drop here
]. @13-11-2021 22:48:47.0183 PM
[ReportManager] Element Action [DragAndDrop] successfully performed. With the following test data [Start point: (8, 18), End point: (8, 18)]. @13-11-2021 22:48:48.0225 PM
[ReportManager] Element Action [GetText] successfully performed. With the following test data [
	Dropped!
]. @13-11-2021 22:48:48.0248 PM
[ReportManager] Assertion Passed: Checking to see if the text has changed after performing drag and drop @13-11-2021 22:48:48.0249 PM
[ReportManager] Assertion [ValidateEquals] PASSED. Expected [
	Drop here
] and Actual [
	Dropped!
]. Comparison Type [EQUALS]. Validation Type [NEGATIVE]. @13-11-2021 22:48:48.0249 P
[ReportManager] Browser Action [CloseCurrentWindow] successfully performed. @13-11-2021 22:48:48.0333 PM
[ReportManager] Successfully created attachment [Browser Action Test Data - CloseCurrentWindow - Actual Value] @13-11-2021 22:48:48.0333 P
[ReportManager] File Action [GetAbsolutePath] successfully performed. With the following test data [Relative Folder Path: "target/downloadedFiles/"]. @13-11-2021 22:48:48.0335 PM
[ReportManager] Attempting to run locally on: [Mac-64], [Safari], Headless Execution. @13-11-2021 22:48:48.0335 PM
[ReportManager] Successfully Opened Safari. @13-11-2021 22:48:49.0110 PM
[ReportManager] Initial window size: (800, 600) @13-11-2021 22:48:49.0169 PM
[ReportManager] Window size after SWD Maximize: (1176, 811) @13-11-2021 22:48:49.0235 PM
[ReportManager] Browser Action [MaximizeWindow] successfully performed. With the following test data [New screen size is now: (1176, 811)]. @13-11-2021 22:48:49.0235 P

################################################################################################################################################
Starting Execution:	[124 out of 146] test cases in the current suite
Test Method:		[testPackage01.Test_dragAndDrop.dragAndDrop]
Test Description:	[TC001 - Test Drag and Drop function.]
################################################################################################################################################
[ReportManager] Target URL: [http://the-internet.herokuapp.com/drag_and_drop] @13-11-2021 22:48:49.0237 PM
[ReportManager] Initial URL: [] @13-11-2021 22:48:49.0294 PM
[ReportManager] Browser Action [NavigateToURL] successfully performed. With the following test data [http://the-internet.herokuapp.com/drag_and_drop]. @13-11-2021 22:48:50.0491 PM
[ReportManager] Attempting Drag and Drop @13-11-2021 22:48:50.0491 PM
[ReportManager] Element Action [DragAndDrop] successfully performed. With the following test data [Start point: (120, 89), End point: (335, 89)]. @13-11-2021 22:48:51.0122 P
[ReportManager] Browser Action [CloseCurrentWindow] successfully performed. @13-11-2021 22:48:51.0418 PM
[ReportManager] Successfully created attachment [Browser Action Test Data - CloseCurrentWindow - Actual Value] @13-11-2021 22:48:51.0419 P
[ReportManager] File Action [GetAbsolutePath] successfully performed. With the following test data [Relative Folder Path: "target/downloadedFiles/"]. @13-11-2021 22:48:51.0421 PM
[ReportManager] Attempting to run locally on: [Mac-64], [Safari], Headless Execution. @13-11-2021 22:48:51.0421 PM
[ReportManager] Successfully Opened Safari. @13-11-2021 22:48:52.0238 PM
[ReportManager] Initial window size: (800, 600) @13-11-2021 22:48:52.0244 PM
[ReportManager] Window size after SWD Maximize: (1176, 811) @13-11-2021 22:48:52.0261 PM
[ReportManager] Browser Action [MaximizeWindow] successfully performed. With the following test data [New screen size is now: (1176, 811)]. @13-11-2021 22:48:52.0262 P

################################################################################################################################################
Starting Execution:	[125 out of 146] test cases in the current suite
Test Method:		[testPackage01.Test_dragAndDrop.dragAndDropByOffset]
Test Description:	[TC002 - Test Drag and Drop by offset function.]
################################################################################################################################################
[ReportManager] Target URL: [https://jqueryui.com/resources/demos/draggable/default.html] @13-11-2021 22:48:52.0265 PM
[ReportManager] Initial URL: [] @13-11-2021 22:48:52.0340 PM
[ReportManager] Browser Action [NavigateToURL] successfully performed. With the following test data [https://jqueryui.com/resources/demos/draggable/default.html]. @13-11-2021 22:48:52.0759 PM
[ReportManager] Element Action [DragAndDropByOffset] successfully performed. With the following test data [Start point: (8, 8), End point: (108, 58)]. @13-11-2021 22:48:53.0529 P
[ReportManager] Browser Action [CloseCurrentWindow] successfully performed. @13-11-2021 22:48:53.0859 PM
[ReportManager] Successfully created attachment [Browser Action Test Data - CloseCurrentWindow - Actual Value] @13-11-2021 22:48:53.0859 P
[ReportManager] Successfully loaded the following test data file [src/test/resources/TestDataFiles/testSuite01/TestData.xlsx]. @13-11-2021 22:48:53.0888 PM
[ReportManager] Successfully created attachment [Test Data - Excel] @13-11-2021 22:48:53.0888 PM
[ReportManager] File Action [GetAbsolutePath] successfully performed. With the following test data [Relative Folder Path: "target/downloadedFiles/"]. @13-11-2021 22:48:53.0889 PM
[ReportManager] Attempting to run locally on: [Mac-64], [Safari], Headless Execution. @13-11-2021 22:48:53.0889 PM
[ReportManager] Successfully Opened Safari. @13-11-2021 22:48:54.0664 PM
[ReportManager] Initial window size: (800, 600) @13-11-2021 22:48:54.0683 PM
[ReportManager] Window size after SWD Maximize: (1176, 811) @13-11-2021 22:48:54.0696 PM
[ReportManager] Browser Action [MaximizeWindow] successfully performed. With the following test data [New screen size is now: (1176, 811)]. @13-11-2021 22:48:54.0696 P

################################################################################################################################################
Starting Execution:	[126 out of 146] test cases in the current suite
Test Method:		[testPackage01.Test_google.navigateToURLandVerifyGoogleLogoIsDisplayed]
Test Description:	[TC001 - Navigate to URL and Verify Google Logo is Displayed]
################################################################################################################################################
[ReportManager] Target URL: [https://www.google.com/ncr], and after redirection: [https://www.google.com] @13-11-2021 22:48:54.0698 PM
[ReportManager] Initial URL: [] @13-11-2021 22:48:54.0735 PM
[ReportManager] Browser Action [NavigateToURL] successfully performed. With the following test data [https://www.google.com/ncr]. @13-11-2021 22:48:55.0505 PM
[ReportManager] Loaded Shared OpenCV @13-11-2021 22:48:55.0564 PM
[ReportManager] Assertion Passed: Then I Assert that the element found by [By.xpath: //*[@id='hplogo' or @alt='Google']] exists. @13-11-2021 22:48:55.0717 PM
[ReportManager] Successfully created attachment [Screenshot - 1636843735563_navigateToURLandVerifyGoogleLogoIsDisplayed_ValidateElementExists_passed] @13-11-2021 22:48:55.0718 PM
[ReportManager] Assertion [ValidateElementExists] PASSED. Expected [Element Should Exist, locator 'By.xpath: //*[@id='hplogo' or @alt='Google']'] and Actual [Element Exists]. Comparison Type [EQUALS]. Validation Type [POSITIVE]. @13-11-2021 22:48:55.0718 P

################################################################################################################################################
Starting Execution:	[127 out of 146] test cases in the current suite
Test Method:		[testPackage01.Test_google.searchForQueryandAssertResultsNumDisplayed]
Test Description:	[TC002 - Search for Query and Assert that the number of results is displayed]
################################################################################################################################################
[ReportManager] Element Action [Type] successfully performed. With the following test data [SHAFT_Engine]. @13-11-2021 22:48:56.0255 PM
[ReportManager] Element Action [KeyPress] successfully performed. With the following test data [Enter]. @13-11-2021 22:48:56.0291 P

################################################################################################################################################
Starting Execution:	[128 out of 146] test cases in the current suite
Test Method:		[testPackage01.Test_google.clickNextThrice]
Test Description:	[TC003 - Clicks the next button to make sure that the framework can scroll element into view before clicking it]
###############################################################################################################################################
[ReportManager] Browser Action [CloseCurrentWindow] successfully performed. @13-11-2021 22:48:56.0428 PM
[ReportManager] Successfully created attachment [Browser Action Test Data - CloseCurrentWindow - Actual Value] @13-11-2021 22:48:56.0429 P

################################################################################################################################################
Starting Execution:	[129 out of 146] test cases in the current suite
Test Method:		[testPackage01.Test_chainableElementActions.chainElementActions]
################################################################################################################################################
[ReportManager] File Action [GetAbsolutePath] successfully performed. With the following test data [Relative Folder Path: "target/downloadedFiles/"]. @13-11-2021 22:48:56.0431 PM
[ReportManager] Attempting to run locally on: [Mac-64], [GoogleChrome], Headless Execution. @13-11-2021 22:48:56.0432 PM
[ReportManager] Identifying OS/Driver combination and selecting the correct driver version automatically. Please note that if a new driver executable will be downloaded it may take some time... @13-11-2021 22:48:56.0432 PM
[ReportManager] Successfully Opened Google Chrome. @13-11-2021 22:48:59.0400 PM
[ReportManager] Initial window size: (1920, 1080) @13-11-2021 22:48:59.0404 PM
[ReportManager] Window size after SWD Maximize: (1920, 1080) @13-11-2021 22:48:59.0579 PM
[ReportManager] Window size after Toolkit: (1920, 1080) @13-11-2021 22:49:00.0091 PM
[ReportManager] Browser Action [MaximizeWindow] successfully performed. With the following test data [New screen size is now: (1920, 1080)]. @13-11-2021 22:49:00.0094 PM
[ReportManager] Target URL: [https://www.google.com/ncr], and after redirection: [https://www.google.com] @13-11-2021 22:49:00.0094 PM
[ReportManager] Initial URL: [data:,] @13-11-2021 22:49:00.0122 PM
[ReportManager] Browser Action [NavigateToURL] successfully performed. With the following test data [https://www.google.com/ncr]. @13-11-2021 22:49:00.0915 PM
[ReportManager] Element Action [Type] successfully performed. With the following test data [chained type 1]. @13-11-2021 22:49:01.0278 PM
[ReportManager] Element Action [Type] successfully performed. With the following test data [chained type 2]. @13-11-2021 22:49:01.0507 PM
[ReportManager] Element Action [TypeAppend] successfully performed. With the following test data [345]. @13-11-2021 22:49:01.0571 PM
[ReportManager] Element Action [GetText] successfully performed. With the following test data [chained type 2345]. @13-11-2021 22:49:01.0641 PM
[ReportManager] Loaded Shared OpenCV @13-11-2021 22:49:01.0914 PM
[ReportManager] Assertion [ValidateElementAttribute] PASSED. Expected [Value Should be 'chained type 2345' for the 'text' attribute, element locator 'By.name: q'] and Actual [chained type 2345]. Comparison Type [EQUALS]. Validation Type [POSITIVE]. @13-11-2021 22:49:02.0092 PM
[ReportManager] Successfully created attachment [Screenshot - 1636843741914_chainElementActions_ValidateElementAttribute_passed] @13-11-2021 22:49:02.0093 PM
[ReportManager] Browser Action [CloseCurrentWindow] successfully performed. @13-11-2021 22:49:02.0253 PM
[ReportManager] Successfully created attachment [Browser Action Test Data - CloseCurrentWindow - Actual Value] @13-11-2021 22:49:02.0254 P
[ReportManager] File Action [GetAbsolutePath] successfully performed. With the following test data [Relative Folder Path: "target/downloadedFiles/"]. @13-11-2021 22:49:02.0258 PM
[ReportManager] Attempting to run locally on: [Mac-64], [Safari], Headless Execution. @13-11-2021 22:49:02.0258 PM
[ReportManager] Successfully Opened Safari. @13-11-2021 22:49:03.0024 PM
[ReportManager] Initial window size: (800, 600) @13-11-2021 22:49:03.0029 PM
[ReportManager] Window size after SWD Maximize: (1176, 811) @13-11-2021 22:49:03.0051 PM
[ReportManager] Browser Action [MaximizeWindow] successfully performed. With the following test data [New screen size is now: (1176, 811)]. @13-11-2021 22:49:03.0051 P

################################################################################################################################################
Starting Execution:	[130 out of 146] test cases in the current suite
Test Method:		[testPackage01.Test_RelativeLocators.relativeLocatorsTest1]
################################################################################################################################################
[ReportManager] Target URL: [https://duckduckgo.com/] @13-11-2021 22:49:03.0055 PM
[ReportManager] Initial URL: [] @13-11-2021 22:49:03.0090 PM
[ReportManager] Browser Action [NavigateToURL] successfully performed. With the following test data [https://duckduckgo.com/]. @13-11-2021 22:49:03.0752 PM
[ReportManager] Element Action [Type] successfully performed. With the following test data [SHAFT_Engine]. @13-11-2021 22:49:04.0079 PM
[ReportManager] Element Action [KeyPress] successfully performed. With the following test data [ENTER]. @13-11-2021 22:49:04.0119 P
[ReportManager] Browser Action [CloseCurrentWindow] successfully performed. @13-11-2021 22:49:04.0393 PM
[ReportManager] Successfully created attachment [Browser Action Test Data - CloseCurrentWindow - Actual Value] @13-11-2021 22:49:04.0394 P

################################################################################################################################################
Starting Execution:	[131 out of 146] test cases in the current suite
Test Method:		[testPackage01.Test_JsonCompareWithSpecialCharacters.specialCharacters]
################################################################################################################################################
[ReportManager] File Action [GetAbsolutePath] successfully performed. With the following test data [Relative Folder Path: "src/test/resources/testDataFiles/specialCharacters.json"]. @13-11-2021 22:49:04.0398 PM
[ReportManager] File Action [ReadFromFile] successfully performed. With the following test data [File Path: "/Users/runner/work/SHAFT_ENGINE/SHAFT_ENGINE/src/test/resources/testDataFiles/specialCharacters.json"]. @13-11-2021 22:49:04.0399 PM
[ReportManager] Successfully created attachment [File Action Actual Result - Command Log] @13-11-2021 22:49:04.0399 PM
[ReportManager] Comparing the provided API response with the file at this path "src/test/resources/testDataFiles/specialCharacters.json", comparison type "EQUALS" @13-11-2021 22:49:04.0400 PM
[ReportManager] API Action [CompareJSON] successfully performed. With the following test data [src/test/resources/testDataFiles/specialCharacters.json]. @13-11-2021 22:49:04.0406 PM
[ReportManager] File Action [GetAbsolutePath] successfully performed. With the following test data [Relative Folder Path: "src/test/resources/testDataFiles/specialCharacters.json"]. @13-11-2021 22:49:04.0406 PM
[ReportManager] File Action [ReadFromFile] successfully performed. With the following test data [File Path: "/Users/runner/work/SHAFT_ENGINE/SHAFT_ENGINE/src/test/resources/testDataFiles/specialCharacters.json"]. @13-11-2021 22:49:04.0407 PM
[ReportManager] Verification [ValidateJSONFileContent] PASSED. Expected [Response data should match the JSON File in this path 'src/test/resources/testDataFiles/specialCharacters.json'] and Actual [TRUE]. Comparison Type [EQUALS]. Validation Type [POSITIVE]. @13-11-2021 22:49:04.0412 PM
[ReportManager] Successfully created attachment [Validation Test Data - Expected JSON Value] @13-11-2021 22:49:04.0413 PM
[ReportManager] Successfully created attachment [Validation Test Data - Actual JSON Value] @13-11-2021 22:49:04.0414 P

################################################################################################################################################
Starting Execution:	[132 out of 146] test cases in the current suite
Test Method:		[testPackage01.Test_JsonCompareWithSpecialCharacters.specialCharacters_assertion]
################################################################################################################################################
[ReportManager] File Action [GetAbsolutePath] successfully performed. With the following test data [Relative Folder Path: "src/test/resources/testDataFiles/specialCharacters.json"]. @13-11-2021 22:49:04.0416 PM
[ReportManager] File Action [ReadFromFile] successfully performed. With the following test data [File Path: "/Users/runner/work/SHAFT_ENGINE/SHAFT_ENGINE/src/test/resources/testDataFiles/specialCharacters.json"]. @13-11-2021 22:49:04.0417 PM
[ReportManager] Successfully created attachment [File Action Actual Result - Command Log] @13-11-2021 22:49:04.0417 PM
[ReportManager] Comparing the provided API response with the file at this path "src/test/resources/testDataFiles/specialCharacters.json", comparison type "CONTAINS" @13-11-2021 22:49:04.0418 PM
[ReportManager] API Action [CompareJSON] successfully performed. With the following test data [src/test/resources/testDataFiles/specialCharacters.json]. @13-11-2021 22:49:04.0429 PM
[ReportManager] File Action [GetAbsolutePath] successfully performed. With the following test data [Relative Folder Path: "src/test/resources/testDataFiles/specialCharacters.json"]. @13-11-2021 22:49:04.0430 PM
[ReportManager] File Action [ReadFromFile] successfully performed. With the following test data [File Path: "/Users/runner/work/SHAFT_ENGINE/SHAFT_ENGINE/src/test/resources/testDataFiles/specialCharacters.json"]. @13-11-2021 22:49:04.0430 PM
[ReportManager] Assertion Passed: trying out the log message @13-11-2021 22:49:04.0433 PM
[ReportManager] Successfully created attachment [Validation Test Data - Expected JSON Value] @13-11-2021 22:49:04.0434 PM
[ReportManager] Successfully created attachment [Validation Test Data - Actual JSON Value] @13-11-2021 22:49:04.0434 PM
[ReportManager] Assertion [ValidateJSONFileContent] PASSED. Expected [Response data should match the JSON File in this path 'src/test/resources/testDataFiles/specialCharacters.json'] and Actual [TRUE]. Comparison Type [CONTAINS]. Validation Type [POSITIVE]. @13-11-2021 22:49:04.0434 P

################################################################################################################################################
Starting Execution:	[133 out of 146] test cases in the current suite
Test Method:		[testPackage01.Test_SkipDueToIssue.doNotSkip]
################################################################################################################################################
[ReportManager] This should not be skipped. @13-11-2021 22:49:04.0438 P

################################################################################################################################################
Starting Execution:	[134 out of 146] test cases in the current suite
Test Method:		[testPackage01.Test_SkipDueToIssue.skip]
################################################################################################################################################
[ReportManager] This should be skipped. @13-11-2021 22:49:04.0444 P

################################################################################################################################################
Starting Execution:	[135 out of 146] test cases in the current suite
Test Method:		[testPackage01.Test_SkipDueToIssue.skip2]
################################################################################################################################################
[ReportManager] This should be skipped. @13-11-2021 22:49:04.0449 P

################################################################################################################################################
Starting Execution:	[136 out of 146] test cases in the current suite
Test Method:		[testPackage01.Test_JSONFileManager.readStringFromJson]
################################################################################################################################################
[ReportManager] File Action [GetAbsolutePath] successfully performed. With the following test data [Relative Folder Path: "src/test/resources/testDataFiles/simpleJSON.json"]. @13-11-2021 22:49:04.0453 PM
[ReportManager] Successfully loaded the following test data file [src/test/resources/testDataFiles/simpleJSON.json]. @13-11-2021 22:49:04.0453 PM
[ReportManager] Successfully created attachment [Test Data - JSON] @13-11-2021 22:49:04.0455 PM
[ReportManager] File Action [GetAbsolutePath] successfully performed. With the following test data [Relative Folder Path: "src/test/resources/testDataFiles/simpleJSON.json"]. @13-11-2021 22:49:04.0455 PM
[ReportManager] Assertion [ValidateEquals] PASSED. Expected [Mohab Mohie] and Actual [Mohab Mohie]. Comparison Type [EQUALS]. Validation Type [POSITIVE]. @13-11-2021 22:49:04.0467 P
[ReportManager] File Action [GetAbsolutePath] successfully performed. With the following test data [Relative Folder Path: "target/downloadedFiles/"]. @13-11-2021 22:49:04.0470 PM
[ReportManager] Attempting to run locally on: [Mac-64], [Safari], Headless Execution. @13-11-2021 22:49:04.0470 PM
[ReportManager] Successfully Opened Safari. @13-11-2021 22:49:05.0253 PM
[ReportManager] Initial window size: (800, 600) @13-11-2021 22:49:05.0260 PM
[ReportManager] Window size after SWD Maximize: (1176, 811) @13-11-2021 22:49:05.0270 PM
[ReportManager] Browser Action [MaximizeWindow] successfully performed. With the following test data [New screen size is now: (1176, 811)]. @13-11-2021 22:49:05.0270 P

################################################################################################################################################
Starting Execution:	[137 out of 146] test cases in the current suite
Test Method:		[testPackage01.Test_assertEquals.test_assertElementAttribute]
################################################################################################################################################
[ReportManager] Target URL: [https://www.google.com/ncr], and after redirection: [https://www.google.com] @13-11-2021 22:49:05.0272 PM
[ReportManager] Initial URL: [] @13-11-2021 22:49:05.0372 PM
[ReportManager] Browser Action [NavigateToURL] successfully performed. With the following test data [https://www.google.com/ncr]. @13-11-2021 22:49:06.0835 PM
[ReportManager] Element Action [Type] successfully performed. With the following test data [INC_004010050:Another SCHEDULER with the same name [Duplicate Job Name] already exists.]. @13-11-2021 22:49:09.0678 PM
[ReportManager] Element Action [GetText] successfully performed. With the following test data [INC_004010050:Another SCHEDULER with the same name [Duplicate Job Name] already exists.]. @13-11-2021 22:49:09.0718 PM
[ReportManager] Loaded Shared OpenCV @13-11-2021 22:49:09.0761 PM
[ReportManager] Assertion [ValidateElementAttribute] PASSED. Expected [Value Should be 'INC_004010050:Another SCHEDULER with the same name \[Duplicate Job Name\] already exists.' for the 'text' attribute, element locator 'By.name: q'] and Actual [INC_004010050:Another SCHEDULER with the same name [Duplicate Job Name] already exists.]. Comparison Type [MATCHES]. Validation Type [POSITIVE]. @13-11-2021 22:49:09.0902 PM
[ReportManager] Successfully created attachment [Screenshot - 1636843749761_test_assertElementAttribute_ValidateElementAttribute_passed] @13-11-2021 22:49:09.0903 P
[ReportManager] Browser Action [CloseCurrentWindow] successfully performed. @13-11-2021 22:49:10.0198 PM
[ReportManager] Successfully created attachment [Browser Action Test Data - CloseCurrentWindow - Actual Value] @13-11-2021 22:49:10.0198 P
[ReportManager] File Action [GetAbsolutePath] successfully performed. With the following test data [Relative Folder Path: "target/downloadedFiles/"]. @13-11-2021 22:49:10.0200 PM
[ReportManager] Attempting to run locally on: [Mac-64], [Safari], Headless Execution. @13-11-2021 22:49:10.0200 PM
[ReportManager] Successfully Opened Safari. @13-11-2021 22:49:10.0982 PM
[ReportManager] Initial window size: (800, 600) @13-11-2021 22:49:10.0994 PM
[ReportManager] Window size after SWD Maximize: (1176, 811) @13-11-2021 22:49:11.0004 PM
[ReportManager] Browser Action [MaximizeWindow] successfully performed. With the following test data [New screen size is now: (1176, 811)]. @13-11-2021 22:49:11.0005 P

################################################################################################################################################
Starting Execution:	[138 out of 146] test cases in the current suite
Test Method:		[testPackage01.Test_IsElementClickable.testIsElementClickable]
################################################################################################################################################
[ReportManager] Target URL: [https://the-internet.herokuapp.com/] @13-11-2021 22:49:11.0009 PM
[ReportManager] Initial URL: [] @13-11-2021 22:49:11.0052 PM
[ReportManager] Browser Action [NavigateToURL] successfully performed. With the following test data [https://the-internet.herokuapp.com/]. @13-11-2021 22:49:12.0257 PM
[ReportManager] Element Action [IsElementClickable] successfully performed. @13-11-2021 22:49:12.0305 PM
[ReportManager] Assertion [ValidateTrue] PASSED. Expected [TRUE] and Actual [TRUE]. Validation Type [POSITIVE]. @13-11-2021 22:49:12.0305 P
[ReportManager] Browser Action [CloseCurrentWindow] successfully performed. @13-11-2021 22:49:12.0724 PM
[ReportManager] Successfully created attachment [Browser Action Test Data - CloseCurrentWindow - Actual Value] @13-11-2021 22:49:12.0725 P
[ReportManager] Successfully loaded the following test data file [src/test/resources/TestDataFiles/testSuite01/TestData.xlsx]. @13-11-2021 22:49:12.0757 PM
[ReportManager] Successfully created attachment [Test Data - Excel] @13-11-2021 22:49:12.0758 PM
[ReportManager] Attempting to run using Playwright locally on: [Mac-64], [Safari], Headless Execution. @13-11-2021 22:49:41.0800 PM
[ReportManager] File Action [GetAbsolutePath] successfully performed. With the following test data [Relative Folder Path: "target/downloadedFiles/"]. @13-11-2021 22:49:41.0801 PM
[ReportManager] Initial window size: (1280, 720) @13-11-2021 22:49:47.0895 PM
[ReportManager] Window size after Toolkit: com.microsoft.playwright.options.ViewportSize@2b934213 @13-11-2021 22:49:47.0903 PM
[ReportManager] Browser Action [MaximizeWindow] successfully performed. With the following test data [New screen size is now: (1920, 1080)]. @13-11-2021 22:49:47.0904 P

################################################################################################################################################
Starting Execution:	[139 out of 146] test cases in the current suite
Test Method:		[testPackage01.Test_google_playwright.navigateToURLandVerifyGoogleLogoIsDisplayed]
Test Description:	[TC001 - Navigate to URL and Verify Google Logo is Displayed]
################################################################################################################################################
[ReportManager] Target URL: [https://www.google.com/ncr], and after redirection: [https://www.google.com] @13-11-2021 22:49:47.0908 PM
[ReportManager] Initial URL: [about:blank] @13-11-2021 22:49:48.0371 PM
[ReportManager] Browser Action [NavigateToURL] successfully performed. With the following test data [https://www.google.com/ncr]. @13-11-2021 22:49:49.0837 PM
[ReportManager] Loaded Shared OpenCV @13-11-2021 22:49:49.0916 PM
[ReportManager] Assertion [ValidateElementExists] PASSED. Expected [Element Should Exist, locator 'xpath=//*[@id='hplogo' or @alt='Google']'] and Actual [Element Exists]. Comparison Type [EQUALS]. Validation Type [POSITIVE]. @13-11-2021 22:49:50.0121 PM
[ReportManager] Successfully created attachment [Screenshot - 1636843789912_navigateToURLandVerifyGoogleLogoIsDisplayed_ValidateElementExists_passed] @13-11-2021 22:49:50.0122 P

################################################################################################################################################
Starting Execution:	[140 out of 146] test cases in the current suite
Test Method:		[testPackage01.Test_google_playwright.searchForQueryandAssertResultsNumDisplayed]
Test Description:	[TC002 - Search for Query and Assert that the number of results is displayed]
################################################################################################################################################
[ReportManager] Element Action [Type] successfully performed. With the following test data [SHAFT_Engine]. @13-11-2021 22:49:50.0280 PM
[ReportManager] Element Action [KeyPress] successfully performed. With the following test data [Enter]. @13-11-2021 22:49:50.0375 PM
[ReportManager] Element Action [GetText] successfully performed. With the following test data [About 812,000 results (0.69 seconds)
]. @13-11-2021 22:49:51.0707 PM
[ReportManager] Loaded Shared OpenCV @13-11-2021 22:49:53.0207 PM
[ReportManager] Assertion [ValidateElementAttribute] PASSED. Expected [Value Should not be '' for the 'text' attribute, element locator 'xpath=//div[@id='appbar']'] and Actual [About 812,000 results (0.69 seconds)
]. Comparison Type [EQUALS]. Validation Type [NEGATIVE]. @13-11-2021 22:49:53.0471 PM
[ReportManager] Successfully created attachment [Screenshot - 1636843793206_searchForQueryandAssertResultsNumDisplayed_ValidateElementAttribute_passed] @13-11-2021 22:49:53.0473 P

################################################################################################################################################
Starting Execution:	[141 out of 146] test cases in the current suite
Test Method:		[testPackage01.Test_google_playwright.clickNextThrice]
Test Description:	[TC003 - Clicks the next button to make sure that the framework can scroll element into view before clicking it]
################################################################################################################################################
[ReportManager] Element Action [Click] successfully performed. With the following test data [Next]. @13-11-2021 22:49:53.0766 P
[ReportManager] Failed to find video recording. @13-11-2021 22:49:53.0770 PM
[ReportManager] Successfully Closed PlayWright Driver. @13-11-2021 22:49:53.0810 P
[ReportManager] File Action [GetAbsolutePath] successfully performed. With the following test data [Relative Folder Path: "target/downloadedFiles/"]. @13-11-2021 22:49:53.0816 PM
[ReportManager] Attempting to run locally on: [Mac-64], [Safari], Headless Execution. @13-11-2021 22:49:53.0816 PM
[ReportManager] Successfully Opened Safari. @13-11-2021 22:49:55.0058 PM
[ReportManager] Initial window size: (800, 600) @13-11-2021 22:49:55.0066 PM
[ReportManager] Window size after SWD Maximize: (1176, 811) @13-11-2021 22:49:55.0095 PM
[ReportManager] Browser Action [MaximizeWindow] successfully performed. With the following test data [New screen size is now: (1176, 811)]. @13-11-2021 22:49:55.0095 P

################################################################################################################################################
Starting Execution:	[142 out of 146] test cases in the current suite
Test Method:		[testPackage01.Test_verifyEquals.test_assertElementAttribute]
################################################################################################################################################
[ReportManager] Target URL: [https://www.google.com/ncr], and after redirection: [https://www.google.com] @13-11-2021 22:49:55.0098 PM
[ReportManager] Initial URL: [] @13-11-2021 22:49:55.0138 PM
[ReportManager] Browser Action [NavigateToURL] successfully performed. With the following test data [https://www.google.com/ncr]. @13-11-2021 22:49:56.0582 PM
[ReportManager] Element Action [Type] successfully performed. With the following test data [INC_004010050:Another SCHEDULER with the same name [Duplicate Job Name] already exists.]. @13-11-2021 22:49:59.0260 PM
[ReportManager] Element Action [GetText] successfully performed. With the following test data [INC_004010050:Another SCHEDULER with the same name [Duplicate Job Name] already exists.]. @13-11-2021 22:49:59.0300 PM
[ReportManager] Loaded Shared OpenCV @13-11-2021 22:49:59.0341 PM
[ReportManager] Verification [ValidateElementAttribute] PASSED. Expected [Value Should be 'INC_004010050:Another SCHEDULER with the same name \[Duplicate Job Name\] already exists.' for the 'text' attribute, element locator 'By.name: q'] and Actual [INC_004010050:Another SCHEDULER with the same name [Duplicate Job Name] already exists.]. Comparison Type [MATCHES]. Validation Type [POSITIVE]. @13-11-2021 22:49:59.0433 PM
[ReportManager] Successfully created attachment [Screenshot - 1636843799341_test_assertElementAttribute_ValidateElementAttribute_passed] @13-11-2021 22:49:59.0434 P
[ReportManager] Browser Action [CloseCurrentWindow] successfully performed. @13-11-2021 22:49:59.0728 PM
[ReportManager] Successfully created attachment [Browser Action Test Data - CloseCurrentWindow - Actual Value] @13-11-2021 22:49:59.0729 P

################################################################################################################################################
Starting Execution:	[143 out of 146] test cases in the current suite
Test Method:		[testPackage01.Test_SelectedValue.multipleSelect]
################################################################################################################################################
[ReportManager] File Action [GetAbsolutePath] successfully performed. With the following test data [Relative Folder Path: "target/downloadedFiles/"]. @13-11-2021 22:49:59.0732 PM
[ReportManager] Attempting to run locally on: [Mac-64], [GoogleChrome], Headless Execution. @13-11-2021 22:49:59.0732 PM
[ReportManager] Identifying OS/Driver combination and selecting the correct driver version automatically. Please note that if a new driver executable will be downloaded it may take some time... @13-11-2021 22:49:59.0732 PM
[ReportManager] Successfully Opened Google Chrome. @13-11-2021 22:50:00.0373 PM
[ReportManager] Initial window size: (1920, 1080) @13-11-2021 22:50:00.0376 PM
[ReportManager] Window size after SWD Maximize: (1920, 1080) @13-11-2021 22:50:00.0570 PM
[ReportManager] Window size after Toolkit: (1920, 1080) @13-11-2021 22:50:00.0900 PM
[ReportManager] Browser Action [MaximizeWindow] successfully performed. With the following test data [New screen size is now: (1920, 1080)]. @13-11-2021 22:50:00.0903 PM
[ReportManager] Target URL: [https://yari-demos.prod.mdn.mozit.cloud/en-US/docs/Web/HTML/Element/select/_sample_.Advanced_select_with_multiple_features.html] @13-11-2021 22:50:00.0903 PM
[ReportManager] Initial URL: [data:,] @13-11-2021 22:50:00.0934 PM
[ReportManager] Browser Action [NavigateToURL] successfully performed. With the following test data [https://yari-demos.prod.mdn.mozit.cloud/en-US/docs/Web/HTML/Element/select/_sample_.Advanced_select_with_multiple_features.html]. @13-11-2021 22:50:01.0248 PM
[ReportManager] Element Action [Select] successfully performed. With the following test data [Dog]. @13-11-2021 22:50:01.0436 PM
[ReportManager] Element Action [Select] successfully performed. With the following test data [Cat]. @13-11-2021 22:50:01.0586 PM
[ReportManager] Element Action [GetSelectedText] successfully performed. With the following test data [DogCat]. @13-11-2021 22:50:01.0678 PM
[ReportManager] DogCat @13-11-2021 22:50:01.0679 PM
[ReportManager] Element Action [GetSelectedText] successfully performed. With the following test data [DogCat]. @13-11-2021 22:50:01.0755 PM
[ReportManager] Loaded Shared OpenCV @13-11-2021 22:50:02.0006 PM
[ReportManager] Assertion [ValidateElementAttribute] PASSED. Expected [Value Should be 'DogCat' for the 'selectedText' attribute, element locator 'By.tagName: select'] and Actual [DogCat]. Comparison Type [EQUALS]. Validation Type [POSITIVE]. @13-11-2021 22:50:02.0174 PM
[ReportManager] Successfully created attachment [Screenshot - 1636843802006_multipleSelect_ValidateElementAttribute_passed] @13-11-2021 22:50:02.0175 PM
[ReportManager] Browser Action [CloseCurrentWindow] successfully performed. @13-11-2021 22:50:02.0398 PM
[ReportManager] Successfully created attachment [Browser Action Test Data - CloseCurrentWindow - Actual Value] @13-11-2021 22:50:02.0398 P

################################################################################################################################################
Starting Execution:	[144 out of 146] test cases in the current suite
Test Method:		[testPackage01.Test_SelectedValue.simpleSelect]
################################################################################################################################################
[ReportManager] File Action [GetAbsolutePath] successfully performed. With the following test data [Relative Folder Path: "target/downloadedFiles/"]. @13-11-2021 22:50:02.0401 PM
[ReportManager] Attempting to run locally on: [Mac-64], [GoogleChrome], Headless Execution. @13-11-2021 22:50:02.0401 PM
[ReportManager] Identifying OS/Driver combination and selecting the correct driver version automatically. Please note that if a new driver executable will be downloaded it may take some time... @13-11-2021 22:50:02.0401 PM
[ReportManager] Successfully Opened Google Chrome. @13-11-2021 22:50:02.0869 PM
[ReportManager] Initial window size: (1920, 1080) @13-11-2021 22:50:02.0872 PM
[ReportManager] Window size after SWD Maximize: (1920, 1080) @13-11-2021 22:50:02.0994 PM
[ReportManager] Window size after Toolkit: (1920, 1080) @13-11-2021 22:50:03.0360 PM
[ReportManager] Browser Action [MaximizeWindow] successfully performed. With the following test data [New screen size is now: (1920, 1080)]. @13-11-2021 22:50:03.0363 PM
[ReportManager] Target URL: [https://yari-demos.prod.mdn.mozit.cloud/en-US/docs/Web/HTML/Element/select/_sample_.Basic_select.html] @13-11-2021 22:50:03.0363 PM
[ReportManager] Initial URL: [data:,] @13-11-2021 22:50:03.0387 PM
[ReportManager] Browser Action [NavigateToURL] successfully performed. With the following test data [https://yari-demos.prod.mdn.mozit.cloud/en-US/docs/Web/HTML/Element/select/_sample_.Basic_select.html]. @13-11-2021 22:50:03.0576 PM
[ReportManager] Element Action [Select] successfully performed. With the following test data [Third Value]. @13-11-2021 22:50:03.0836 PM
[ReportManager] Element Action [GetSelectedText] successfully performed. With the following test data [Third Value]. @13-11-2021 22:50:03.0905 PM
[ReportManager] Third Value @13-11-2021 22:50:03.0905 PM
[ReportManager] Element Action [GetSelectedText] successfully performed. With the following test data [Third Value]. @13-11-2021 22:50:03.0969 PM
[ReportManager] Loaded Shared OpenCV @13-11-2021 22:50:04.0276 PM
[ReportManager] Assertion [ValidateElementAttribute] PASSED. Expected [Value Should be 'Third Value' for the 'selectedText' attribute, element locator 'By.tagName: select'] and Actual [Third Value]. Comparison Type [EQUALS]. Validation Type [POSITIVE]. @13-11-2021 22:50:04.0441 PM
[ReportManager] Successfully created attachment [Screenshot - 1636843804276_simpleSelect_ValidateElementAttribute_passed] @13-11-2021 22:50:04.0442 PM
[ReportManager] Browser Action [CloseCurrentWindow] successfully performed. @13-11-2021 22:50:04.0531 PM
[ReportManager] Successfully created attachment [Browser Action Test Data - CloseCurrentWindow - Actual Value] @13-11-2021 22:50:04.0531 P
[ReportManager] File Action [GetAbsolutePath] successfully performed. With the following test data [Relative Folder Path: "target/downloadedFiles/"]. @13-11-2021 22:50:04.0533 PM
[ReportManager] Attempting to run locally on: [Mac-64], [Safari], Headless Execution. @13-11-2021 22:50:04.0533 PM
[ReportManager] Successfully Opened Safari. @13-11-2021 22:50:05.0307 PM
[ReportManager] Initial window size: (800, 600) @13-11-2021 22:50:05.0330 PM
[ReportManager] Window size after SWD Maximize: (1176, 811) @13-11-2021 22:50:05.0376 PM
[ReportManager] Browser Action [MaximizeWindow] successfully performed. With the following test data [New screen size is now: (1176, 811)]. @13-11-2021 22:50:05.0377 P

################################################################################################################################################
Starting Execution:	[145 out of 146] test cases in the current suite
Test Method:		[testPackage01.Test_dynamicLoading.dynamicLoading_elementIsHidden]
################################################################################################################################################
[ReportManager] Target URL: [https://the-internet.herokuapp.com/dynamic_loading/1] @13-11-2021 22:50:05.0382 PM
[ReportManager] Initial URL: [] @13-11-2021 22:50:05.0467 PM
[ReportManager] Browser Action [NavigateToURL] successfully performed. With the following test data [https://the-internet.herokuapp.com/dynamic_loading/1]. @13-11-2021 22:50:06.0651 PM
[ReportManager] Element Action [Click] successfully performed. With the following test data [Start]. @13-11-2021 22:50:06.0900 PM
[ReportManager] Element Action [GetText] successfully performed. With the following test data [
    Hello World!
  ]. @13-11-2021 22:50:06.0927 P
[ReportManager] Browser Action [CloseCurrentWindow] successfully performed. @13-11-2021 22:50:07.0355 PM
[ReportManager] Successfully created attachment [Browser Action Test Data - CloseCurrentWindow - Actual Value] @13-11-2021 22:50:07.0356 P
[ReportManager] File Action [GetAbsolutePath] successfully performed. With the following test data [Relative Folder Path: "target/downloadedFiles/"]. @13-11-2021 22:50:07.0357 PM
[ReportManager] Attempting to run locally on: [Mac-64], [Safari], Headless Execution. @13-11-2021 22:50:07.0357 PM
[ReportManager] Successfully Opened Safari. @13-11-2021 22:50:08.0206 PM
[ReportManager] Initial window size: (800, 600) @13-11-2021 22:50:08.0225 PM
[ReportManager] Window size after SWD Maximize: (1176, 811) @13-11-2021 22:50:08.0242 PM
[ReportManager] Browser Action [MaximizeWindow] successfully performed. With the following test data [New screen size is now: (1176, 811)]. @13-11-2021 22:50:08.0242 P

################################################################################################################################################
Starting Execution:	[146 out of 146] test cases in the current suite
Test Method:		[testPackage01.Test_dynamicLoading.dynamicLoading_elementIsRendered]
################################################################################################################################################
[ReportManager] Target URL: [https://the-internet.herokuapp.com/dynamic_loading/2] @13-11-2021 22:50:08.0245 PM
[ReportManager] Initial URL: [] @13-11-2021 22:50:08.0289 PM
[ReportManager] Browser Action [NavigateToURL] successfully performed. With the following test data [https://the-internet.herokuapp.com/dynamic_loading/2]. @13-11-2021 22:50:09.0479 PM
[ReportManager] Element Action [Click] successfully performed. With the following test data [Start]. @13-11-2021 22:50:09.0728 P
[ReportManager] Browser Action [CloseCurrentWindow] successfully performed. @13-11-2021 22:50:10.0185 PM
[ReportManager] Successfully created attachment [Browser Action Test Data - CloseCurrentWindow - Actual Value] @13-11-2021 22:50:10.0185 P
[ReportManager] Successfully created attachment [SHAFT Engine Logs - Execution log] @13-11-2021 22:50:10.0213 PM

################################################################################################################################################
This test run was powered by SHAFT Engine Version: [SHAFT Engine v5.4.20211114-BETA]
SHAFT Engine is licensed under the MIT License: [https://github.com/MohabMohie/SHAFT_ENGINE/blob/master/LICENSE].
################################################################################################################################################