################################################################################################################################################
Detected SHAFT Engine Version: [SHAFT Engine v5.4.20211202-BETA]
################################################################################################################################################
[ReportManager] File Action [GetAbsolutePath] successfully performed. With the following test data [Relative Folder Path: "target/downloadedFiles/"]. @18-12-2021 01:59:54.0976 AM
[ReportManager] Attempting to run locally on: [Mac-64], [Safari], Headless Execution. @18-12-2021 01:59:54.0991 AM
[ReportManager] Successfully Opened Safari. @18-12-2021 02:00:01.0416 AM
[ReportManager] Initial window size: (800, 600) @18-12-2021 02:00:01.0439 AM
[ReportManager] Window size after SWD Maximize: (1176, 802) @18-12-2021 02:00:01.0477 AM
[ReportManager] Browser Action [MaximizeWindow] successfully performed. With the following test data [New screen size is now: (1176, 802)]. @18-12-2021 02:00:01.0486 A

################################################################################################################################################
Starting Execution:	[1 out of 146] test cases in the current suite
Test Method:		[unitTests.tests_element_elementActions.waitForElementToBePresent_false_expectedToFail]
################################################################################################################################################
[ReportManager] Target URL: [https://www.google.com/ncr], and after redirection: [www.google.com] @18-12-2021 02:00:01.0643 AM
[ReportManager] Initial URL: [] @18-12-2021 02:00:01.0730 AM
[ReportManager] Browser Action [NavigateToURL] successfully performed. With the following test data [https://www.google.com/ncr]. @18-12-2021 02:00:04.0947 AM
[ReportManager] Waiting for element to be present; elementLocator [By.xpath: //*[@id='hplogo' or @alt='Google']], numberOfTries[1], stateOfPresence[false]... @18-12-2021 02:00:04.0959 AM
[ReportManager] Element Action [WaitForElementToBePresent] failed. With the following test data [waited for the element's state of presence to be (false). Element locator (By.xpath: //*[@id='hplogo' or @alt='Google'])]. @18-12-2021 02:00:07.0710 AM
[ReportManager] Successfully created attachment [Screenshot - 1639792805299_waitForElementToBePresent_false_expectedToFail_WaitForElementToBePresent_failed] @18-12-2021 02:00:07.0730 A
[ReportManager] Browser Action [CloseCurrentWindow] successfully performed. @18-12-2021 02:00:08.0201 AM
[ReportManager] Successfully created attachment [Browser Action Test Data - CloseCurrentWindow - Actual Value] @18-12-2021 02:00:08.0203 A
[ReportManager] File Action [GetAbsolutePath] successfully performed. With the following test data [Relative Folder Path: "target/downloadedFiles/"]. @18-12-2021 02:00:08.0217 AM
[ReportManager] Attempting to run locally on: [Mac-64], [Safari], Headless Execution. @18-12-2021 02:00:08.0217 AM
[ReportManager] Successfully Opened Safari. @18-12-2021 02:00:09.0191 AM
[ReportManager] Initial window size: (800, 600) @18-12-2021 02:00:09.0222 AM
[ReportManager] Window size after SWD Maximize: (1176, 803) @18-12-2021 02:00:09.0255 AM
[ReportManager] Browser Action [MaximizeWindow] successfully performed. With the following test data [New screen size is now: (1176, 803)]. @18-12-2021 02:00:09.0256 A

################################################################################################################################################
Starting Execution:	[2 out of 146] test cases in the current suite
Test Method:		[unitTests.tests_element_elementActions.waitForElementToBePresent_false_expectedToPass]
################################################################################################################################################
[ReportManager] Target URL: [https://www.google.com/ncr], and after redirection: [www.google.com] @18-12-2021 02:00:09.0261 AM
[ReportManager] Initial URL: [] @18-12-2021 02:00:09.0315 AM
[ReportManager] Browser Action [NavigateToURL] successfully performed. With the following test data [https://www.google.com/ncr]. @18-12-2021 02:00:11.0583 AM
[ReportManager] Waiting for element to be present; elementLocator [By.id: bla], numberOfTries[1], stateOfPresence[false]... @18-12-2021 02:00:11.0583 AM
[ReportManager] org.openqa.selenium.TimeoutException:
Expected condition failed: waiting for com.shaft.gui.element.ElementActionsHelper$$Lambda$625/0x00000008011375a8@4c1fed69 (tried for 5 second(s) with 1000 milliseconds interval)
org.openqa.selenium.support.ui.FluentWait.timeoutException(FluentWait.java:263)
org.openqa.selenium.support.ui.FluentWait.until(FluentWait.java:231)
com.shaft.gui.element.ElementActionsHelper.waitForElementPresence(ElementActionsHelper.java:63)
com.shaft.gui.element.ElementActionsHelper.waitForElementPresence(ElementActionsHelper.java:37)
com.shaft.gui.element.WebDriverElementActions.getMatchingElementsCount(WebDriverElementActions.java:1468)
com.shaft.gui.element.WebDriverElementActions.waitForElementToBePresent(WebDriverElementActions.java:1293)
com.shaft.gui.element.ElementActions.waitForElementToBePresent(ElementActions.java:622)
unitTests.tests_element_elementActions.waitForElementToBePresent_false_expectedToPass(tests_element_elementActions.java:48)
java.base/jdk.internal.reflect.NativeMethodAccessorImpl.invoke0(Native Method)
java.base/jdk.internal.reflect.NativeMethodAccessorImpl.invoke(NativeMethodAccessorImpl.java:77)
java.base/jdk.internal.reflect.DelegatingMethodAccessorImpl.invoke(DelegatingMethodAccessorImpl.java:43)
java.base/java.lang.reflect.Method.invoke(Method.java:568)
org.testng.internal.MethodInvocationHelper.invokeMethod(MethodInvocationHelper.java:133)
org.testng.internal.TestInvoker.invokeMethod(TestInvoker.java:598)
org.testng.internal.TestInvoker.invokeTestMethod(TestInvoker.java:173)
org.testng.internal.MethodRunner.runInSequence(MethodRunner.java:46)
org.testng.internal.TestInvoker$MethodInvocationAgent.invoke(TestInvoker.java:824)
org.testng.internal.TestInvoker.invokeTestMethods(TestInvoker.java:146)
org.testng.internal.TestMethodWorker.invokeTestMethods(TestMethodWorker.java:146)
org.testng.internal.TestMethodWorker.run(TestMethodWorker.java:128)
java.base/java.util.ArrayList.forEach(ArrayList.java:1511)
org.testng.TestRunner.privateRun(TestRunner.java:794)
org.testng.TestRunner.run(TestRunner.java:596)
org.testng.SuiteRunner.runTest(SuiteRunner.java:377)
org.testng.SuiteRunner.runSequentially(SuiteRunner.java:371)
org.testng.SuiteRunner.privateRun(SuiteRunner.java:332)
org.testng.SuiteRunner.run(SuiteRunner.java:276)
org.testng.SuiteRunnerWorker.runSuite(SuiteRunnerWorker.java:53)
org.testng.SuiteRunnerWorker.run(SuiteRunnerWorker.java:96)
org.testng.TestNG.runSuitesSequentially(TestNG.java:1212)
org.testng.TestNG.runSuitesLocally(TestNG.java:1134)
org.testng.TestNG.runSuites(TestNG.java:1063)
org.testng.TestNG.run(TestNG.java:1031)
org.apache.maven.surefire.testng.TestNGExecutor.run(TestNGExecutor.java:136)
org.apache.maven.surefire.testng.TestNGDirectoryTestSuite.executeMulti(TestNGDirectoryTestSuite.java:193)
org.apache.maven.surefire.testng.TestNGDirectoryTestSuite.execute(TestNGDirectoryTestSuite.java:94)
org.apache.maven.surefire.testng.TestNGProvider.invoke(TestNGProvider.java:145)
org.apache.maven.surefire.booter.ForkedBooter.runSuitesInProcess(ForkedBooter.java:428)
org.apache.maven.surefire.booter.ForkedBooter.execute(ForkedBooter.java:162)
org.apache.maven.surefire.booter.ForkedBooter.run(ForkedBooter.java:562)
org.apache.maven.surefire.booter.ForkedBooter.main(ForkedBooter.java:548)

Caused by: org.openqa.selenium.NoSuchElementException:
For documentation on this error, please visit: https://selenium.dev/exceptions/#no_such_element
Build info: version: '4.1.0', revision: '87802e897b'
System info: host: 'Mac-1639792334896.local', ip: '10.212.6.193', os.name: 'Mac OS X', os.arch: 'x86_64', os.version: '11.5', java.version: '17.0.1'
Driver info: org.openqa.selenium.safari.SafariDriver
Command: [681155FF-4D82-4BFC-A948-A507F647B430, findElement {using=id, value=bla}]
Capabilities {acceptInsecureCerts: false, browserName: Safari, browserVersion: 15.1, goog:loggingPrefs: {browser: ALL, client: ALL, driver: ALL, performance: ALL, profiler: ALL, server: ALL}, javascriptEnabled: true, pageLoadStrategy: normal, platform: MAC, platformName: MAC, safari:automaticInspection: false, safari:automaticProfiling: false, safari:diagnose: false, safari:platformBuildVersion: 20G224, safari:platformVersion: 11.6.1, safari:useSimulator: false, setWindowRect: true, strictFileInteractability: false, timeouts: {pageLoad: 30000, script: 30000}, webkit:WebRTC: {DisableICECandidateFiltering: false, DisableInsecureMediaCapture: false}}
Session ID: 681155FF-4D82-4BFC-A948-A507F647B430
java.base/jdk.internal.reflect.NativeConstructorAccessorImpl.newInstance0(Native Method)
java.base/jdk.internal.reflect.NativeConstructorAccessorImpl.newInstance(NativeConstructorAccessorImpl.java:77)
java.base/jdk.internal.reflect.DelegatingConstructorAccessorImpl.newInstance(DelegatingConstructorAccessorImpl.java:45)
java.base/java.lang.reflect.Constructor.newInstanceWithCaller(Constructor.java:499)
java.base/java.lang.reflect.Constructor.newInstance(Constructor.java:480)
org.openqa.selenium.remote.codec.w3c.W3CHttpResponseCodec.createException(W3CHttpResponseCodec.java:200)
org.openqa.selenium.remote.codec.w3c.W3CHttpResponseCodec.decode(W3CHttpResponseCodec.java:133)
org.openqa.selenium.remote.codec.w3c.W3CHttpResponseCodec.decode(W3CHttpResponseCodec.java:53)
org.openqa.selenium.remote.HttpCommandExecutor.execute(HttpCommandExecutor.java:184)
org.openqa.selenium.remote.service.DriverCommandExecutor.invokeExecute(DriverCommandExecutor.java:164)
org.openqa.selenium.remote.service.DriverCommandExecutor.execute(DriverCommandExecutor.java:139)
org.openqa.selenium.remote.RemoteWebDriver.execute(RemoteWebDriver.java:559)
org.openqa.selenium.remote.ElementLocation$ElementFinder$2.findElement(ElementLocation.java:162)
org.openqa.selenium.remote.ElementLocation.findElement(ElementLocation.java:60)
org.openqa.selenium.remote.RemoteWebDriver.findElement(RemoteWebDriver.java:383)
org.openqa.selenium.remote.RemoteWebDriver.findElement(RemoteWebDriver.java:375)
com.shaft.gui.element.ElementActionsHelper.lambda$waitForElementPresence$0(ElementActionsHelper.java:66)
org.openqa.selenium.support.ui.FluentWait.until(FluentWait.java:208)
com.shaft.gui.element.ElementActionsHelper.waitForElementPresence(ElementActionsHelper.java:63)
com.shaft.gui.element.ElementActionsHelper.waitForElementPresence(ElementActionsHelper.java:37)
com.shaft.gui.element.WebDriverElementActions.getMatchingElementsCount(WebDriverElementActions.java:1468)
com.shaft.gui.element.WebDriverElementActions.waitForElementToBePresent(WebDriverElementActions.java:1293)
com.shaft.gui.element.ElementActions.waitForElementToBePresent(ElementActions.java:622)
unitTests.tests_element_elementActions.waitForElementToBePresent_false_expectedToPass(tests_element_elementActions.java:48)
java.base/jdk.internal.reflect.NativeMethodAccessorImpl.invoke0(Native Method)
java.base/jdk.internal.reflect.NativeMethodAccessorImpl.invoke(NativeMethodAccessorImpl.java:77)
java.base/jdk.internal.reflect.DelegatingMethodAccessorImpl.invoke(DelegatingMethodAccessorImpl.java:43)
java.base/java.lang.reflect.Method.invoke(Method.java:568)
org.testng.internal.MethodInvocationHelper.invokeMethod(MethodInvocationHelper.java:133)
org.testng.internal.TestInvoker.invokeMethod(TestInvoker.java:598)
org.testng.internal.TestInvoker.invokeTestMethod(TestInvoker.java:173)
org.testng.internal.MethodRunner.runInSequence(MethodRunner.java:46)
org.testng.internal.TestInvoker$MethodInvocationAgent.invoke(TestInvoker.java:824)
org.testng.internal.TestInvoker.invokeTestMethods(TestInvoker.java:146)
org.testng.internal.TestMethodWorker.invokeTestMethods(TestMethodWorker.java:146)
org.testng.internal.TestMethodWorker.run(TestMethodWorker.java:128)
java.base/java.util.ArrayList.forEach(ArrayList.java:1511)
org.testng.TestRunner.privateRun(TestRunner.java:794)
org.testng.TestRunner.run(TestRunner.java:596)
org.testng.SuiteRunner.runTest(SuiteRunner.java:377)
org.testng.SuiteRunner.runSequentially(SuiteRunner.java:371)
org.testng.SuiteRunner.privateRun(SuiteRunner.java:332)
org.testng.SuiteRunner.run(SuiteRunner.java:276)
org.testng.SuiteRunnerWorker.runSuite(SuiteRunnerWorker.java:53)
org.testng.SuiteRunnerWorker.run(SuiteRunnerWorker.java:96)
org.testng.TestNG.runSuitesSequentially(TestNG.java:1212)
org.testng.TestNG.runSuitesLocally(TestNG.java:1134)
org.testng.TestNG.runSuites(TestNG.java:1063)
org.testng.TestNG.run(TestNG.java:1031)
org.apache.maven.surefire.testng.TestNGExecutor.run(TestNGExecutor.java:136)
org.apache.maven.surefire.testng.TestNGDirectoryTestSuite.executeMulti(TestNGDirectoryTestSuite.java:193)
org.apache.maven.surefire.testng.TestNGDirectoryTestSuite.execute(TestNGDirectoryTestSuite.java:94)
org.apache.maven.surefire.testng.TestNGProvider.invoke(TestNGProvider.java:145)
org.apache.maven.surefire.booter.ForkedBooter.runSuitesInProcess(ForkedBooter.java:428)
org.apache.maven.surefire.booter.ForkedBooter.execute(ForkedBooter.java:162)
org.apache.maven.surefire.booter.ForkedBooter.run(ForkedBooter.java:562)
org.apache.maven.surefire.booter.ForkedBooter.main(ForkedBooter.java:548) @18-12-2021 02:00:17.0104 AM
[ReportManager] Element Action [WaitForElementToBePresent] successfully performed. With the following test data [waited for the element's state of presence to be (false). Element locator (By.id: bla)]. @18-12-2021 02:00:17.0107 A
[ReportManager] Browser Action [CloseCurrentWindow] successfully performed. @18-12-2021 02:00:17.0466 AM
[ReportManager] Successfully created attachment [Browser Action Test Data - CloseCurrentWindow - Actual Value] @18-12-2021 02:00:17.0467 A
[ReportManager] File Action [GetAbsolutePath] successfully performed. With the following test data [Relative Folder Path: "target/downloadedFiles/"]. @18-12-2021 02:00:17.0475 AM
[ReportManager] Attempting to run locally on: [Mac-64], [Safari], Headless Execution. @18-12-2021 02:00:17.0475 AM
[ReportManager] Successfully Opened Safari. @18-12-2021 02:00:18.0326 AM
[ReportManager] Initial window size: (800, 600) @18-12-2021 02:00:18.0347 AM
[ReportManager] Window size after SWD Maximize: (1176, 803) @18-12-2021 02:00:18.0378 AM
[ReportManager] Browser Action [MaximizeWindow] successfully performed. With the following test data [New screen size is now: (1176, 803)]. @18-12-2021 02:00:18.0378 A

################################################################################################################################################
Starting Execution:	[3 out of 146] test cases in the current suite
Test Method:		[unitTests.tests_element_elementActions.waitForElementToBePresent_moreThanOneElement_expectedToFail]
################################################################################################################################################
[ReportManager] Target URL: [https://www.google.com/ncr], and after redirection: [www.google.com] @18-12-2021 02:00:18.0384 AM
[ReportManager] Initial URL: [] @18-12-2021 02:00:18.0435 AM
[ReportManager] Browser Action [NavigateToURL] successfully performed. With the following test data [https://www.google.com/ncr]. @18-12-2021 02:00:20.0767 AM
[ReportManager] Waiting for element to be present; elementLocator [By.xpath: //*], numberOfTries[1], stateOfPresence[false]... @18-12-2021 02:00:20.0767 AM
[ReportManager] Element Action [WaitForElementToBePresent] failed. With the following test data [waited for the element's state of presence to be (false). Element locator (By.xpath: //*)]. @18-12-2021 02:00:20.0970 AM
[ReportManager] Successfully created attachment [Screenshot - 1639792820847_waitForElementToBePresent_moreThanOneElement_expectedToFail_WaitForElementToBePresent_failed] @18-12-2021 02:00:20.0974 A
[ReportManager] Browser Action [CloseCurrentWindow] successfully performed. @18-12-2021 02:00:21.0419 AM
[ReportManager] Successfully created attachment [Browser Action Test Data - CloseCurrentWindow - Actual Value] @18-12-2021 02:00:21.0430 A
[ReportManager] File Action [GetAbsolutePath] successfully performed. With the following test data [Relative Folder Path: "target/downloadedFiles/"]. @18-12-2021 02:00:21.0436 AM
[ReportManager] Attempting to run locally on: [Mac-64], [Safari], Headless Execution. @18-12-2021 02:00:21.0436 AM
[ReportManager] Successfully Opened Safari. @18-12-2021 02:00:22.0312 AM
[ReportManager] Initial window size: (800, 600) @18-12-2021 02:00:22.0335 AM
[ReportManager] Window size after SWD Maximize: (1176, 803) @18-12-2021 02:00:22.0396 AM
[ReportManager] Browser Action [MaximizeWindow] successfully performed. With the following test data [New screen size is now: (1176, 803)]. @18-12-2021 02:00:22.0396 A

################################################################################################################################################
Starting Execution:	[4 out of 146] test cases in the current suite
Test Method:		[unitTests.tests_element_elementActions.waitForElementToBePresent_true_expectedToFail]
################################################################################################################################################
[ReportManager] Target URL: [https://www.google.com/ncr], and after redirection: [www.google.com] @18-12-2021 02:00:22.0439 AM
[ReportManager] Initial URL: [] @18-12-2021 02:00:22.0506 AM
[ReportManager] Browser Action [NavigateToURL] successfully performed. With the following test data [https://www.google.com/ncr]. @18-12-2021 02:00:24.0246 AM
[ReportManager] Waiting for element to be present; elementLocator [By.id: bla], numberOfTries[1], stateOfPresence[true]... @18-12-2021 02:00:24.0246 AM
[ReportManager] org.openqa.selenium.TimeoutException:
Expected condition failed: waiting for com.shaft.gui.element.ElementActionsHelper$$Lambda$625/0x00000008011375a8@3bf306d3 (tried for 5 second(s) with 1000 milliseconds interval)
org.openqa.selenium.support.ui.FluentWait.timeoutException(FluentWait.java:263)
org.openqa.selenium.support.ui.FluentWait.until(FluentWait.java:231)
com.shaft.gui.element.ElementActionsHelper.waitForElementPresence(ElementActionsHelper.java:63)
com.shaft.gui.element.ElementActionsHelper.waitForElementPresence(ElementActionsHelper.java:37)
com.shaft.gui.element.WebDriverElementActions.getMatchingElementsCount(WebDriverElementActions.java:1468)
com.shaft.gui.element.WebDriverElementActions.waitForElementToBePresent(WebDriverElementActions.java:1293)
com.shaft.gui.element.ElementActions.waitForElementToBePresent(ElementActions.java:622)
unitTests.tests_element_elementActions.waitForElementToBePresent_true_expectedToFail(tests_element_elementActions.java:39)
java.base/jdk.internal.reflect.NativeMethodAccessorImpl.invoke0(Native Method)
java.base/jdk.internal.reflect.NativeMethodAccessorImpl.invoke(NativeMethodAccessorImpl.java:77)
java.base/jdk.internal.reflect.DelegatingMethodAccessorImpl.invoke(DelegatingMethodAccessorImpl.java:43)
java.base/java.lang.reflect.Method.invoke(Method.java:568)
org.testng.internal.MethodInvocationHelper.invokeMethod(MethodInvocationHelper.java:133)
org.testng.internal.TestInvoker.invokeMethod(TestInvoker.java:598)
org.testng.internal.TestInvoker.invokeTestMethod(TestInvoker.java:173)
org.testng.internal.MethodRunner.runInSequence(MethodRunner.java:46)
org.testng.internal.TestInvoker$MethodInvocationAgent.invoke(TestInvoker.java:824)
org.testng.internal.TestInvoker.invokeTestMethods(TestInvoker.java:146)
org.testng.internal.TestMethodWorker.invokeTestMethods(TestMethodWorker.java:146)
org.testng.internal.TestMethodWorker.run(TestMethodWorker.java:128)
java.base/java.util.ArrayList.forEach(ArrayList.java:1511)
org.testng.TestRunner.privateRun(TestRunner.java:794)
org.testng.TestRunner.run(TestRunner.java:596)
org.testng.SuiteRunner.runTest(SuiteRunner.java:377)
org.testng.SuiteRunner.runSequentially(SuiteRunner.java:371)
org.testng.SuiteRunner.privateRun(SuiteRunner.java:332)
org.testng.SuiteRunner.run(SuiteRunner.java:276)
org.testng.SuiteRunnerWorker.runSuite(SuiteRunnerWorker.java:53)
org.testng.SuiteRunnerWorker.run(SuiteRunnerWorker.java:96)
org.testng.TestNG.runSuitesSequentially(TestNG.java:1212)
org.testng.TestNG.runSuitesLocally(TestNG.java:1134)
org.testng.TestNG.runSuites(TestNG.java:1063)
org.testng.TestNG.run(TestNG.java:1031)
org.apache.maven.surefire.testng.TestNGExecutor.run(TestNGExecutor.java:136)
org.apache.maven.surefire.testng.TestNGDirectoryTestSuite.executeMulti(TestNGDirectoryTestSuite.java:193)
org.apache.maven.surefire.testng.TestNGDirectoryTestSuite.execute(TestNGDirectoryTestSuite.java:94)
org.apache.maven.surefire.testng.TestNGProvider.invoke(TestNGProvider.java:145)
org.apache.maven.surefire.booter.ForkedBooter.runSuitesInProcess(ForkedBooter.java:428)
org.apache.maven.surefire.booter.ForkedBooter.execute(ForkedBooter.java:162)
org.apache.maven.surefire.booter.ForkedBooter.run(ForkedBooter.java:562)
org.apache.maven.surefire.booter.ForkedBooter.main(ForkedBooter.java:548)

Caused by: org.openqa.selenium.NoSuchElementException:
For documentation on this error, please visit: https://selenium.dev/exceptions/#no_such_element
Build info: version: '4.1.0', revision: '87802e897b'
System info: host: 'Mac-1639792334896.local', ip: '10.212.6.193', os.name: 'Mac OS X', os.arch: 'x86_64', os.version: '11.5', java.version: '17.0.1'
Driver info: org.openqa.selenium.safari.SafariDriver
Command: [D6FE2BE1-631C-4AA0-B1C4-22C55A7FE35D, findElement {using=id, value=bla}]
Capabilities {acceptInsecureCerts: false, browserName: Safari, browserVersion: 15.1, goog:loggingPrefs: {browser: ALL, client: ALL, driver: ALL, performance: ALL, profiler: ALL, server: ALL}, javascriptEnabled: true, pageLoadStrategy: normal, platform: MAC, platformName: MAC, safari:automaticInspection: false, safari:automaticProfiling: false, safari:diagnose: false, safari:platformBuildVersion: 20G224, safari:platformVersion: 11.6.1, safari:useSimulator: false, setWindowRect: true, strictFileInteractability: false, timeouts: {pageLoad: 30000, script: 30000}, webkit:WebRTC: {DisableICECandidateFiltering: false, DisableInsecureMediaCapture: false}}
Session ID: D6FE2BE1-631C-4AA0-B1C4-22C55A7FE35D
java.base/jdk.internal.reflect.NativeConstructorAccessorImpl.newInstance0(Native Method)
java.base/jdk.internal.reflect.NativeConstructorAccessorImpl.newInstance(NativeConstructorAccessorImpl.java:77)
java.base/jdk.internal.reflect.DelegatingConstructorAccessorImpl.newInstance(DelegatingConstructorAccessorImpl.java:45)
java.base/java.lang.reflect.Constructor.newInstanceWithCaller(Constructor.java:499)
java.base/java.lang.reflect.Constructor.newInstance(Constructor.java:480)
org.openqa.selenium.remote.codec.w3c.W3CHttpResponseCodec.createException(W3CHttpResponseCodec.java:200)
org.openqa.selenium.remote.codec.w3c.W3CHttpResponseCodec.decode(W3CHttpResponseCodec.java:133)
org.openqa.selenium.remote.codec.w3c.W3CHttpResponseCodec.decode(W3CHttpResponseCodec.java:53)
org.openqa.selenium.remote.HttpCommandExecutor.execute(HttpCommandExecutor.java:184)
org.openqa.selenium.remote.service.DriverCommandExecutor.invokeExecute(DriverCommandExecutor.java:164)
org.openqa.selenium.remote.service.DriverCommandExecutor.execute(DriverCommandExecutor.java:139)
org.openqa.selenium.remote.RemoteWebDriver.execute(RemoteWebDriver.java:559)
org.openqa.selenium.remote.ElementLocation$ElementFinder$2.findElement(ElementLocation.java:162)
org.openqa.selenium.remote.ElementLocation.findElement(ElementLocation.java:60)
org.openqa.selenium.remote.RemoteWebDriver.findElement(RemoteWebDriver.java:383)
org.openqa.selenium.remote.RemoteWebDriver.findElement(RemoteWebDriver.java:375)
com.shaft.gui.element.ElementActionsHelper.lambda$waitForElementPresence$0(ElementActionsHelper.java:66)
org.openqa.selenium.support.ui.FluentWait.until(FluentWait.java:208)
com.shaft.gui.element.ElementActionsHelper.waitForElementPresence(ElementActionsHelper.java:63)
com.shaft.gui.element.ElementActionsHelper.waitForElementPresence(ElementActionsHelper.java:37)
com.shaft.gui.element.WebDriverElementActions.getMatchingElementsCount(WebDriverElementActions.java:1468)
com.shaft.gui.element.WebDriverElementActions.waitForElementToBePresent(WebDriverElementActions.java:1293)
com.shaft.gui.element.ElementActions.waitForElementToBePresent(ElementActions.java:622)
unitTests.tests_element_elementActions.waitForElementToBePresent_true_expectedToFail(tests_element_elementActions.java:39)
java.base/jdk.internal.reflect.NativeMethodAccessorImpl.invoke0(Native Method)
java.base/jdk.internal.reflect.NativeMethodAccessorImpl.invoke(NativeMethodAccessorImpl.java:77)
java.base/jdk.internal.reflect.DelegatingMethodAccessorImpl.invoke(DelegatingMethodAccessorImpl.java:43)
java.base/java.lang.reflect.Method.invoke(Method.java:568)
org.testng.internal.MethodInvocationHelper.invokeMethod(MethodInvocationHelper.java:133)
org.testng.internal.TestInvoker.invokeMethod(TestInvoker.java:598)
org.testng.internal.TestInvoker.invokeTestMethod(TestInvoker.java:173)
org.testng.internal.MethodRunner.runInSequence(MethodRunner.java:46)
org.testng.internal.TestInvoker$MethodInvocationAgent.invoke(TestInvoker.java:824)
org.testng.internal.TestInvoker.invokeTestMethods(TestInvoker.java:146)
org.testng.internal.TestMethodWorker.invokeTestMethods(TestMethodWorker.java:146)
org.testng.internal.TestMethodWorker.run(TestMethodWorker.java:128)
java.base/java.util.ArrayList.forEach(ArrayList.java:1511)
org.testng.TestRunner.privateRun(TestRunner.java:794)
org.testng.TestRunner.run(TestRunner.java:596)
org.testng.SuiteRunner.runTest(SuiteRunner.java:377)
org.testng.SuiteRunner.runSequentially(SuiteRunner.java:371)
org.testng.SuiteRunner.privateRun(SuiteRunner.java:332)
org.testng.SuiteRunner.run(SuiteRunner.java:276)
org.testng.SuiteRunnerWorker.runSuite(SuiteRunnerWorker.java:53)
org.testng.SuiteRunnerWorker.run(SuiteRunnerWorker.java:96)
org.testng.TestNG.runSuitesSequentially(TestNG.java:1212)
org.testng.TestNG.runSuitesLocally(TestNG.java:1134)
org.testng.TestNG.runSuites(TestNG.java:1063)
org.testng.TestNG.run(TestNG.java:1031)
org.apache.maven.surefire.testng.TestNGExecutor.run(TestNGExecutor.java:136)
org.apache.maven.surefire.testng.TestNGDirectoryTestSuite.executeMulti(TestNGDirectoryTestSuite.java:193)
org.apache.maven.surefire.testng.TestNGDirectoryTestSuite.execute(TestNGDirectoryTestSuite.java:94)
org.apache.maven.surefire.testng.TestNGProvider.invoke(TestNGProvider.java:145)
org.apache.maven.surefire.booter.ForkedBooter.runSuitesInProcess(ForkedBooter.java:428)
org.apache.maven.surefire.booter.ForkedBooter.execute(ForkedBooter.java:162)
org.apache.maven.surefire.booter.ForkedBooter.run(ForkedBooter.java:562)
org.apache.maven.surefire.booter.ForkedBooter.main(ForkedBooter.java:548) @18-12-2021 02:00:29.0702 AM
[ReportManager] Element Action [WaitForElementToBePresent] failed. With the following test data [waited for the element's state of presence to be (true). Element locator (By.id: bla)]. @18-12-2021 02:00:29.0833 AM
[ReportManager] Successfully created attachment [Screenshot - 1639792829737_waitForElementToBePresent_true_expectedToFail_WaitForElementToBePresent_failed] @18-12-2021 02:00:29.0835 A
[ReportManager] Browser Action [CloseCurrentWindow] successfully performed. @18-12-2021 02:00:30.0095 AM
[ReportManager] Successfully created attachment [Browser Action Test Data - CloseCurrentWindow - Actual Value] @18-12-2021 02:00:30.0096 A
[ReportManager] File Action [GetAbsolutePath] successfully performed. With the following test data [Relative Folder Path: "target/downloadedFiles/"]. @18-12-2021 02:00:30.0100 AM
[ReportManager] Attempting to run locally on: [Mac-64], [Safari], Headless Execution. @18-12-2021 02:00:30.0100 AM
[ReportManager] Successfully Opened Safari. @18-12-2021 02:00:30.0954 AM
[ReportManager] Initial window size: (800, 600) @18-12-2021 02:00:30.0974 AM
[ReportManager] Window size after SWD Maximize: (1176, 803) @18-12-2021 02:00:30.0993 AM
[ReportManager] Browser Action [MaximizeWindow] successfully performed. With the following test data [New screen size is now: (1176, 803)]. @18-12-2021 02:00:30.0993 A

################################################################################################################################################
Starting Execution:	[5 out of 146] test cases in the current suite
Test Method:		[unitTests.tests_element_elementActions.waitForElementToBePresent_true_expectedToPass]
################################################################################################################################################
[ReportManager] Target URL: [https://www.google.com/ncr], and after redirection: [www.google.com] @18-12-2021 02:00:31.0080 AM
[ReportManager] Initial URL: [] @18-12-2021 02:00:31.0118 AM
[ReportManager] Browser Action [NavigateToURL] successfully performed. With the following test data [https://www.google.com/ncr]. @18-12-2021 02:00:33.0470 AM
[ReportManager] Waiting for element to be present; elementLocator [By.xpath: //*[@id='hplogo' or @alt='Google']], numberOfTries[1], stateOfPresence[true]... @18-12-2021 02:00:33.0470 AM
[ReportManager] Element Action [WaitForElementToBePresent] successfully performed. With the following test data [waited for the element's state of presence to be (true). Element locator (By.xpath: //*[@id='hplogo' or @alt='Google'])]. @18-12-2021 02:00:33.0498 AM
[ReportManager] File Action [DoesFileExist] successfully performed. With the following test data [File Path: "src/main/resources/dynamicObjectRepository/unitTests_tests_element_elementActions_waitForElementToBePresent_true_expectedToPass_By_xpath_id_hplogo_or_alt_Google.png"]. @18-12-2021 02:00:33.0514 AM
[ReportManager] File Action [DoesFileExist] successfully performed. With the following test data [File Path: "src/main/resources/dynamicObjectRepository/unitTests_tests_element_elementActions_waitForElementToBePresent_true_expectedToPass_By_xpath_id_hplogo_or_alt_Google.png"]. @18-12-2021 02:00:33.0599 AM
[ReportManager] Passing the test and saving a reference image @18-12-2021 02:00:33.0599 AM
[ReportManager] File Action [GetAbsolutePath] successfully performed. With the following test data [Relative File Path: "src/main/resources/dynamicObjectRepository/unitTests_tests_element_elementActions_waitForElementToBePresent_true_expectedToPass_By_xpath_id_hplogo_or_alt_Google.png"]. @18-12-2021 02:00:33.0599 AM
[ReportManager] File Action [WriteToFile] successfully performed. With the following test data [Target File Path: "/Users/runner/work/SHAFT_ENGINE/SHAFT_ENGINE/src/main/resources/dynamicObjectRepository/unitTests_tests_element_elementActions_waitForElementToBePresent_true_expectedToPass_By_xpath_id_hplogo_or_alt_Google.png"]. @18-12-2021 02:00:33.0605 AM
[ReportManager] Assertion Passed: Using Visual AI; OpenCV @18-12-2021 02:00:33.0607 AM
[ReportManager] Successfully created attachment [Validation Test Data - Actual Screenshot] @18-12-2021 02:00:33.0608 AM
[ReportManager] Assertion [ValidateElementMatches] PASSED. Expected [Element should match the reference screenshot] and Actual [TRUE]. Comparison Type [EXACT_OPENCV]. Validation Type [POSITIVE]. @18-12-2021 02:00:33.0608 A
[ReportManager] Browser Action [CloseCurrentWindow] successfully performed. @18-12-2021 02:00:33.0996 AM
[ReportManager] Successfully created attachment [Browser Action Test Data - CloseCurrentWindow - Actual Value] @18-12-2021 02:00:33.0997 A
[ReportManager] File Action [GetAbsolutePath] successfully performed. With the following test data [Relative Folder Path: "target/downloadedFiles/"]. @18-12-2021 02:00:34.0002 AM
[ReportManager] Attempting to run locally on: [Mac-64], [Safari], Headless Execution. @18-12-2021 02:00:34.0002 AM
[ReportManager] Successfully Opened Safari. @18-12-2021 02:00:34.0942 AM
[ReportManager] Initial window size: (800, 600) @18-12-2021 02:00:34.0954 AM
[ReportManager] Window size after SWD Maximize: (1176, 803) @18-12-2021 02:00:35.0006 AM
[ReportManager] Browser Action [MaximizeWindow] successfully performed. With the following test data [New screen size is now: (1176, 803)]. @18-12-2021 02:00:35.0006 AM
[ReportManager] Target URL: [https://duckduckgo.com] @18-12-2021 02:00:35.0007 AM
[ReportManager] Initial URL: [] @18-12-2021 02:00:35.0162 AM
[ReportManager] Browser Action [NavigateToURL] successfully performed. With the following test data [https://duckduckgo.com]. @18-12-2021 02:00:35.0941 A

################################################################################################################################################
Starting Execution:	[6 out of 146] test cases in the current suite
Test Method:		[unitTests.tests_browserActions.fullScreenWindow]
################################################################################################################################################
[ReportManager] Initial Windows Size: 1176x803 @18-12-2021 02:00:35.0958 AM
[ReportManager] Current Windows Size after fullScreen: 1176x885 @18-12-2021 02:00:36.0218 AM
[ReportManager] Browser Action [FullScreenWindow] successfully performed. @18-12-2021 02:00:36.0246 AM
[ReportManager] Successfully created attachment [Browser Action Test Data - FullScreenWindow - Actual Value] @18-12-2021 02:00:36.0248 A
[ReportManager] Target URL: [https://duckduckgo.com] @18-12-2021 02:00:36.0251 AM
[ReportManager] Initial URL: [https://duckduckgo.com] @18-12-2021 02:00:36.0345 AM
[ReportManager] Browser Action [NavigateToURL] successfully performed. With the following test data [https://duckduckgo.com]. @18-12-2021 02:00:36.0965 AM
[ReportManager] Browser Action [CloseCurrentWindow] successfully performed. @18-12-2021 02:00:37.0304 AM
[ReportManager] Successfully created attachment [Browser Action Test Data - CloseCurrentWindow - Actual Value] @18-12-2021 02:00:37.0306 A
[ReportManager] File Action [GetAbsolutePath] successfully performed. With the following test data [Relative Folder Path: "target/downloadedFiles/"]. @18-12-2021 02:00:37.0313 AM
[ReportManager] Attempting to run locally on: [Mac-64], [Safari], Headless Execution. @18-12-2021 02:00:37.0313 AM
[ReportManager] Successfully Opened Safari. @18-12-2021 02:00:38.0156 AM
[ReportManager] Initial window size: (800, 600) @18-12-2021 02:00:38.0174 AM
[ReportManager] Window size after SWD Maximize: (1176, 803) @18-12-2021 02:00:38.0189 AM
[ReportManager] Browser Action [MaximizeWindow] successfully performed. With the following test data [New screen size is now: (1176, 803)]. @18-12-2021 02:00:38.0190 AM
[ReportManager] Target URL: [https://duckduckgo.com] @18-12-2021 02:00:38.0190 AM
[ReportManager] Initial URL: [] @18-12-2021 02:00:38.0244 AM
[ReportManager] Browser Action [NavigateToURL] successfully performed. With the following test data [https://duckduckgo.com]. @18-12-2021 02:00:38.0875 A

################################################################################################################################################
Starting Execution:	[7 out of 146] test cases in the current suite
Test Method:		[unitTests.tests_browserActions.getCurrentURL]
################################################################################################################################################
[ReportManager] Browser Action [GetCurrentURL] successfully performed. With the following test data [https://duckduckgo.com/]. @18-12-2021 02:00:38.0935 A
[ReportManager] Target URL: [https://duckduckgo.com] @18-12-2021 02:00:38.0938 AM
[ReportManager] Initial URL: [https://duckduckgo.com] @18-12-2021 02:00:38.0975 AM
[ReportManager] Browser Action [NavigateToURL] successfully performed. With the following test data [https://duckduckgo.com]. @18-12-2021 02:00:39.0282 AM
[ReportManager] Browser Action [CloseCurrentWindow] successfully performed. @18-12-2021 02:00:39.0617 AM
[ReportManager] Successfully created attachment [Browser Action Test Data - CloseCurrentWindow - Actual Value] @18-12-2021 02:00:39.0618 A
[ReportManager] File Action [GetAbsolutePath] successfully performed. With the following test data [Relative Folder Path: "target/downloadedFiles/"]. @18-12-2021 02:00:39.0621 AM
[ReportManager] Attempting to run locally on: [Mac-64], [Safari], Headless Execution. @18-12-2021 02:00:39.0621 AM
[ReportManager] Successfully Opened Safari. @18-12-2021 02:00:40.0456 AM
[ReportManager] Initial window size: (800, 600) @18-12-2021 02:00:40.0470 AM
[ReportManager] Window size after SWD Maximize: (1176, 803) @18-12-2021 02:00:40.0487 AM
[ReportManager] Browser Action [MaximizeWindow] successfully performed. With the following test data [New screen size is now: (1176, 803)]. @18-12-2021 02:00:40.0488 AM
[ReportManager] Target URL: [https://duckduckgo.com] @18-12-2021 02:00:40.0488 AM
[ReportManager] Initial URL: [] @18-12-2021 02:00:40.0542 AM
[ReportManager] Browser Action [NavigateToURL] successfully performed. With the following test data [https://duckduckgo.com]. @18-12-2021 02:00:41.0193 A

################################################################################################################################################
Starting Execution:	[8 out of 146] test cases in the current suite
Test Method:		[unitTests.tests_browserActions.getCurrentWindowTitle]
################################################################################################################################################
[ReportManager] Browser Action [GetCurrentWindowTitle] successfully performed. With the following test data [DuckDuckGo â€” Privacy, simplified.]. @18-12-2021 02:00:41.0248 A
[ReportManager] Target URL: [https://duckduckgo.com] @18-12-2021 02:00:41.0250 AM
[ReportManager] Initial URL: [https://duckduckgo.com] @18-12-2021 02:00:41.0294 AM
[ReportManager] Browser Action [NavigateToURL] successfully performed. With the following test data [https://duckduckgo.com]. @18-12-2021 02:00:41.0578 AM
[ReportManager] Browser Action [CloseCurrentWindow] successfully performed. @18-12-2021 02:00:42.0004 AM
[ReportManager] Successfully created attachment [Browser Action Test Data - CloseCurrentWindow - Actual Value] @18-12-2021 02:00:42.0005 A
[ReportManager] File Action [GetAbsolutePath] successfully performed. With the following test data [Relative Folder Path: "target/downloadedFiles/"]. @18-12-2021 02:00:42.0012 AM
[ReportManager] Attempting to run locally on: [Mac-64], [Safari], Headless Execution. @18-12-2021 02:00:42.0012 AM
[ReportManager] Successfully Opened Safari. @18-12-2021 02:00:42.0949 AM
[ReportManager] Initial window size: (800, 600) @18-12-2021 02:00:42.0974 AM
[ReportManager] Window size after SWD Maximize: (1176, 803) @18-12-2021 02:00:43.0011 AM
[ReportManager] Browser Action [MaximizeWindow] successfully performed. With the following test data [New screen size is now: (1176, 803)]. @18-12-2021 02:00:43.0012 AM
[ReportManager] Target URL: [https://duckduckgo.com] @18-12-2021 02:00:43.0012 AM
[ReportManager] Initial URL: [] @18-12-2021 02:00:43.0066 AM
[ReportManager] Browser Action [NavigateToURL] successfully performed. With the following test data [https://duckduckgo.com]. @18-12-2021 02:00:43.0834 A

################################################################################################################################################
Starting Execution:	[9 out of 146] test cases in the current suite
Test Method:		[unitTests.tests_browserActions.getPageSource]
################################################################################################################################################
[ReportManager] Browser Action [GetPageSource] successfully performed. @18-12-2021 02:00:43.0887 AM
[ReportManager] Successfully created attachment [Browser Action Test Data - GetPageSource - Actual Value] @18-12-2021 02:00:43.0888 A
[ReportManager] Target URL: [https://duckduckgo.com] @18-12-2021 02:00:43.0891 AM
[ReportManager] Initial URL: [https://duckduckgo.com] @18-12-2021 02:00:43.0930 AM
[ReportManager] Browser Action [NavigateToURL] successfully performed. With the following test data [https://duckduckgo.com]. @18-12-2021 02:00:44.0329 AM
[ReportManager] Browser Action [CloseCurrentWindow] successfully performed. @18-12-2021 02:00:44.0780 AM
[ReportManager] Successfully created attachment [Browser Action Test Data - CloseCurrentWindow - Actual Value] @18-12-2021 02:00:44.0780 A
[ReportManager] File Action [GetAbsolutePath] successfully performed. With the following test data [Relative Folder Path: "target/downloadedFiles/"]. @18-12-2021 02:00:44.0784 AM
[ReportManager] Attempting to run locally on: [Mac-64], [Safari], Headless Execution. @18-12-2021 02:00:44.0784 AM
[ReportManager] Successfully Opened Safari. @18-12-2021 02:00:45.0921 AM
[ReportManager] Initial window size: (800, 600) @18-12-2021 02:00:46.0145 AM
[ReportManager] Window size after SWD Maximize: (1176, 803) @18-12-2021 02:00:46.0242 AM
[ReportManager] Browser Action [MaximizeWindow] successfully performed. With the following test data [New screen size is now: (1176, 803)]. @18-12-2021 02:00:46.0243 AM
[ReportManager] Target URL: [https://duckduckgo.com] @18-12-2021 02:00:46.0243 AM
[ReportManager] Initial URL: [] @18-12-2021 02:00:46.0315 AM
[ReportManager] Browser Action [NavigateToURL] successfully performed. With the following test data [https://duckduckgo.com]. @18-12-2021 02:00:47.0385 A

################################################################################################################################################
Starting Execution:	[10 out of 146] test cases in the current suite
Test Method:		[unitTests.tests_browserActions.getWindowHandle]
################################################################################################################################################
[ReportManager] Browser Action [GetWindowHandle] successfully performed. With the following test data [page-EF65B345-96D9-48FB-B35C-21955C601C03]. @18-12-2021 02:00:47.0710 A
[ReportManager] Target URL: [https://duckduckgo.com] @18-12-2021 02:00:47.0975 AM
[ReportManager] Initial URL: [https://duckduckgo.com] @18-12-2021 02:00:48.0036 AM
[ReportManager] Browser Action [NavigateToURL] successfully performed. With the following test data [https://duckduckgo.com]. @18-12-2021 02:00:49.0273 AM
[ReportManager] Browser Action [CloseCurrentWindow] successfully performed. @18-12-2021 02:00:49.0630 AM
[ReportManager] Successfully created attachment [Browser Action Test Data - CloseCurrentWindow - Actual Value] @18-12-2021 02:00:49.0671 A
[ReportManager] File Action [GetAbsolutePath] successfully performed. With the following test data [Relative Folder Path: "target/downloadedFiles/"]. @18-12-2021 02:00:49.0797 AM
[ReportManager] Attempting to run locally on: [Mac-64], [Safari], Headless Execution. @18-12-2021 02:00:49.0797 AM
[ReportManager] Successfully Opened Safari. @18-12-2021 02:00:50.0669 AM
[ReportManager] Initial window size: (800, 600) @18-12-2021 02:00:50.0693 AM
[ReportManager] Window size after SWD Maximize: (1176, 803) @18-12-2021 02:00:50.0707 AM
[ReportManager] Browser Action [MaximizeWindow] successfully performed. With the following test data [New screen size is now: (1176, 803)]. @18-12-2021 02:00:50.0708 AM
[ReportManager] Target URL: [https://duckduckgo.com] @18-12-2021 02:00:50.0708 AM
[ReportManager] Initial URL: [] @18-12-2021 02:00:50.0771 AM
[ReportManager] Browser Action [NavigateToURL] successfully performed. With the following test data [https://duckduckgo.com]. @18-12-2021 02:00:51.0784 A

################################################################################################################################################
Starting Execution:	[11 out of 146] test cases in the current suite
Test Method:		[unitTests.tests_browserActions.getWindowPosition]
################################################################################################################################################
[ReportManager] Browser Action [GetWindowPosition] successfully performed. With the following test data [(0, 25)]. @18-12-2021 02:00:51.0810 A
[ReportManager] Target URL: [https://duckduckgo.com] @18-12-2021 02:00:51.0812 AM
[ReportManager] Initial URL: [https://duckduckgo.com] @18-12-2021 02:00:51.0844 AM
[ReportManager] Browser Action [NavigateToURL] successfully performed. With the following test data [https://duckduckgo.com]. @18-12-2021 02:00:52.0180 AM
[ReportManager] Browser Action [CloseCurrentWindow] successfully performed. @18-12-2021 02:00:52.0576 AM
[ReportManager] Successfully created attachment [Browser Action Test Data - CloseCurrentWindow - Actual Value] @18-12-2021 02:00:52.0577 A
[ReportManager] File Action [GetAbsolutePath] successfully performed. With the following test data [Relative Folder Path: "target/downloadedFiles/"]. @18-12-2021 02:00:52.0580 AM
[ReportManager] Attempting to run locally on: [Mac-64], [Safari], Headless Execution. @18-12-2021 02:00:52.0580 AM
[ReportManager] Successfully Opened Safari. @18-12-2021 02:00:53.0384 AM
[ReportManager] Initial window size: (800, 600) @18-12-2021 02:00:53.0409 AM
[ReportManager] Window size after SWD Maximize: (1176, 803) @18-12-2021 02:00:53.0428 AM
[ReportManager] Browser Action [MaximizeWindow] successfully performed. With the following test data [New screen size is now: (1176, 803)]. @18-12-2021 02:00:53.0428 AM
[ReportManager] Target URL: [https://duckduckgo.com] @18-12-2021 02:00:53.0428 AM
[ReportManager] Initial URL: [] @18-12-2021 02:00:53.0479 AM
[ReportManager] Browser Action [NavigateToURL] successfully performed. With the following test data [https://duckduckgo.com]. @18-12-2021 02:00:54.0085 A

################################################################################################################################################
Starting Execution:	[12 out of 146] test cases in the current suite
Test Method:		[unitTests.tests_browserActions.getWindowSize]
################################################################################################################################################
[ReportManager] Browser Action [GetWindowSize] successfully performed. With the following test data [(1176, 803)]. @18-12-2021 02:00:54.0178 A
[ReportManager] Target URL: [https://duckduckgo.com] @18-12-2021 02:00:54.0180 AM
[ReportManager] Initial URL: [https://duckduckgo.com] @18-12-2021 02:00:54.0208 AM
[ReportManager] Browser Action [NavigateToURL] successfully performed. With the following test data [https://duckduckgo.com]. @18-12-2021 02:00:54.0498 AM
[ReportManager] Browser Action [CloseCurrentWindow] successfully performed. @18-12-2021 02:00:54.0702 AM
[ReportManager] Successfully created attachment [Browser Action Test Data - CloseCurrentWindow - Actual Value] @18-12-2021 02:00:54.0703 A
[ReportManager] File Action [GetAbsolutePath] successfully performed. With the following test data [Relative Folder Path: "target/downloadedFiles/"]. @18-12-2021 02:00:54.0706 AM
[ReportManager] Attempting to run locally on: [Mac-64], [Safari], Headless Execution. @18-12-2021 02:00:54.0706 AM
[ReportManager] Successfully Opened Safari. @18-12-2021 02:00:55.0507 AM
[ReportManager] Initial window size: (800, 600) @18-12-2021 02:00:55.0532 AM
[ReportManager] Window size after SWD Maximize: (1176, 803) @18-12-2021 02:00:55.0548 AM
[ReportManager] Browser Action [MaximizeWindow] successfully performed. With the following test data [New screen size is now: (1176, 803)]. @18-12-2021 02:00:55.0549 AM
[ReportManager] Target URL: [https://duckduckgo.com] @18-12-2021 02:00:55.0549 AM
[ReportManager] Initial URL: [] @18-12-2021 02:00:55.0601 AM
[ReportManager] Browser Action [NavigateToURL] successfully performed. With the following test data [https://duckduckgo.com]. @18-12-2021 02:00:56.0188 A

################################################################################################################################################
Starting Execution:	[13 out of 146] test cases in the current suite
Test Method:		[unitTests.tests_browserActions.maximizeWindow]
################################################################################################################################################
[ReportManager] Initial window size: (1176, 803) @18-12-2021 02:00:56.0198 AM
[ReportManager] Window size after SWD Maximize: (1176, 803) @18-12-2021 02:00:56.0205 AM
[ReportManager] Window size after Toolkit: (1920, 1080) @18-12-2021 02:00:56.0250 AM
[ReportManager] Browser Action [MaximizeWindow] successfully performed. With the following test data [New screen size is now: (1920, 1080)]. @18-12-2021 02:00:56.0253 A
[ReportManager] Target URL: [https://duckduckgo.com] @18-12-2021 02:00:56.0332 AM
[ReportManager] Initial URL: [https://duckduckgo.com] @18-12-2021 02:00:56.0364 AM
[ReportManager] Browser Action [NavigateToURL] successfully performed. With the following test data [https://duckduckgo.com]. @18-12-2021 02:00:56.0708 AM
[ReportManager] Browser Action [CloseCurrentWindow] successfully performed. @18-12-2021 02:00:57.0073 AM
[ReportManager] Successfully created attachment [Browser Action Test Data - CloseCurrentWindow - Actual Value] @18-12-2021 02:00:57.0073 A
[ReportManager] File Action [GetAbsolutePath] successfully performed. With the following test data [Relative Folder Path: "target/downloadedFiles/"]. @18-12-2021 02:00:57.0077 AM
[ReportManager] Attempting to run locally on: [Mac-64], [Safari], Headless Execution. @18-12-2021 02:00:57.0077 AM
[ReportManager] An Exception Occured with this Message: Could not start a new session. Possible causes are invalid address of the remote server or browser start-up failure.. @18-12-2021 02:00:57.0215 AM
[ReportManager] Successfully created attachment [Exception Stack Trace - org.openqa.selenium.SessionNotCreatedException] @18-12-2021 02:00:57.0215 AM
[ReportManager] Driver Factory Action [createNewLocalDriverInstanceForSafari] failed. With the following test data [Failed to create a session on DESKTOP_SAFARI]. @18-12-2021 02:00:57.0216 A

################################################################################################################################################
Starting Execution:	[14 out of 146] test cases in the current suite
Test Method:		[unitTests.tests_browserActions.navigateBack]
###############################################################################################################################################



################################################################################################################################################
Starting Execution:	[15 out of 146] test cases in the current suite
Test Method:		[unitTests.tests_browserActions.navigateForward]
###############################################################################################################################################



################################################################################################################################################
Starting Execution:	[16 out of 146] test cases in the current suite
Test Method:		[unitTests.tests_browserActions.navigateToURL]
###############################################################################################################################################



################################################################################################################################################
Starting Execution:	[17 out of 146] test cases in the current suite
Test Method:		[unitTests.tests_browserActions.navigateToURLWithRedirection]
###############################################################################################################################################



################################################################################################################################################
Starting Execution:	[18 out of 146] test cases in the current suite
Test Method:		[unitTests.tests_browserActions.refreshCurrentPage]
###############################################################################################################################################



################################################################################################################################################
Starting Execution:	[19 out of 146] test cases in the current suite
Test Method:		[unitTests.tests_browserActions.setWindowSize]
###############################################################################################################################################

[ReportManager] Successfully loaded the following test data file [src/test/resources/testDataFiles/testSuite01/TestData.xlsx]. @18-12-2021 02:00:59.0154 AM
[ReportManager] Successfully created attachment [Test Data - Excel] @18-12-2021 02:00:59.0155 A

################################################################################################################################################
Starting Execution:	[20 out of 146] test cases in the current suite
Test Method:		[unitTests.tests_io_excelFileManager.getCellData_rowName_expectedToPass]
################################################################################################################################################
[ReportManager] testRowData. @18-12-2021 02:00:59.0180 A

################################################################################################################################################
Starting Execution:	[21 out of 146] test cases in the current suite
Test Method:		[unitTests.tests_validations_assertions.assertComparativeRelation_greaterThanOrEquals_false_equals_expectedToFail]
################################################################################################################################################
[ReportManager] Assertion [ValidateComparativeRelation] FAILED. Expected [1] and Actual [1]. Comparison Type [GREATER_THAN_OR_EQUALS]. Validation Type [NEGATIVE]. @18-12-2021 02:00:59.0189 A

################################################################################################################################################
Starting Execution:	[22 out of 146] test cases in the current suite
Test Method:		[unitTests.tests_validations_assertions.assertComparativeRelation_greaterThanOrEquals_false_equals_expectedToPass]
################################################################################################################################################
[ReportManager] Assertion [ValidateComparativeRelation] PASSED. Expected [2] and Actual [1]. Comparison Type [GREATER_THAN_OR_EQUALS]. Validation Type [NEGATIVE]. @18-12-2021 02:00:59.0197 A

################################################################################################################################################
Starting Execution:	[23 out of 146] test cases in the current suite
Test Method:		[unitTests.tests_validations_assertions.assertComparativeRelation_greaterThanOrEquals_false_greaterThan_expectedToFail]
################################################################################################################################################
[ReportManager] Assertion [ValidateComparativeRelation] FAILED. Expected [1] and Actual [2]. Comparison Type [GREATER_THAN_OR_EQUALS]. Validation Type [NEGATIVE]. @18-12-2021 02:00:59.0209 A

################################################################################################################################################
Starting Execution:	[24 out of 146] test cases in the current suite
Test Method:		[unitTests.tests_validations_assertions.assertComparativeRelation_greaterThanOrEquals_false_greaterThan_expectedToPass]
################################################################################################################################################
[ReportManager] Assertion [ValidateComparativeRelation] PASSED. Expected [2] and Actual [1]. Comparison Type [GREATER_THAN_OR_EQUALS]. Validation Type [NEGATIVE]. @18-12-2021 02:00:59.0219 A

################################################################################################################################################
Starting Execution:	[25 out of 146] test cases in the current suite
Test Method:		[unitTests.tests_validations_assertions.assertComparativeRelation_greaterThanOrEquals_true_equals_expectedToFail]
################################################################################################################################################
[ReportManager] Assertion [ValidateComparativeRelation] FAILED. Expected [1] and Actual [0]. Comparison Type [GREATER_THAN_OR_EQUALS]. Validation Type [POSITIVE]. @18-12-2021 02:00:59.0225 A

################################################################################################################################################
Starting Execution:	[26 out of 146] test cases in the current suite
Test Method:		[unitTests.tests_validations_assertions.assertComparativeRelation_greaterThanOrEquals_true_equals_expectedToPass]
################################################################################################################################################
[ReportManager] Assertion [ValidateComparativeRelation] PASSED. Expected [1] and Actual [1]. Comparison Type [GREATER_THAN_OR_EQUALS]. Validation Type [POSITIVE]. @18-12-2021 02:00:59.0232 A

################################################################################################################################################
Starting Execution:	[27 out of 146] test cases in the current suite
Test Method:		[unitTests.tests_validations_assertions.assertComparativeRelation_greaterThanOrEquals_true_greaterThan_expectedToFail]
################################################################################################################################################
[ReportManager] Assertion [ValidateComparativeRelation] FAILED. Expected [2] and Actual [1]. Comparison Type [GREATER_THAN_OR_EQUALS]. Validation Type [POSITIVE]. @18-12-2021 02:00:59.0237 A

################################################################################################################################################
Starting Execution:	[28 out of 146] test cases in the current suite
Test Method:		[unitTests.tests_validations_assertions.assertComparativeRelation_greaterThanOrEquals_true_greaterThan_expectedToPass]
################################################################################################################################################
[ReportManager] Assertion [ValidateComparativeRelation] PASSED. Expected [1] and Actual [2]. Comparison Type [GREATER_THAN_OR_EQUALS]. Validation Type [POSITIVE]. @18-12-2021 02:00:59.0292 A
[ReportManager] File Action [GetAbsolutePath] successfully performed. With the following test data [Relative Folder Path: "target/downloadedFiles/"]. @18-12-2021 02:00:59.0296 AM
[ReportManager] Attempting to run locally on: [Mac-64], [Safari], Headless Execution. @18-12-2021 02:00:59.0296 AM
[ReportManager] Successfully Opened Safari. @18-12-2021 02:01:00.0291 AM
[ReportManager] Initial window size: (800, 600) @18-12-2021 02:01:00.0316 AM
[ReportManager] Window size after SWD Maximize: (1176, 803) @18-12-2021 02:01:00.0399 AM
[ReportManager] Browser Action [MaximizeWindow] successfully performed. With the following test data [New screen size is now: (1176, 803)]. @18-12-2021 02:01:00.0400 AM
[ReportManager] Target URL: [https://www.google.com/ncr], and after redirection: [www.google.com] @18-12-2021 02:01:00.0400 AM
[ReportManager] Initial URL: [] @18-12-2021 02:01:00.0461 AM
[ReportManager] Browser Action [NavigateToURL] successfully performed. With the following test data [https://www.google.com/ncr]. @18-12-2021 02:01:02.0714 A

################################################################################################################################################
Starting Execution:	[29 out of 146] test cases in the current suite
Test Method:		[unitTests.tests_validations_assertions.assertElementAttribute_false_caseInsensitiveComparison_expectedToFail]
################################################################################################################################################
[ReportManager] Element Action [Type] successfully performed. With the following test data [AUTOMATION]. @18-12-2021 02:01:02.0938 AM
[ReportManager] Element Action [GetText] successfully performed. With the following test data [AUTOMATION]. @18-12-2021 02:01:03.0008 AM
[ReportManager] Loaded Shared OpenCV @18-12-2021 02:01:04.0434 AM
[ReportManager] Assertion [ValidateElementAttribute] FAILED. Expected [Value Should not be 'AutomaTion' for the 'text' attribute, element locator 'By.name: q'] and Actual [AUTOMATION]. Comparison Type [CASE_INSENSITIVE]. Validation Type [NEGATIVE]. @18-12-2021 02:01:04.0776 AM
[ReportManager] Successfully created attachment [Screenshot - 1639792863122_assertElementAttribute_false_caseInsensitiveComparison_expectedToFail_ValidateElementAttribute_failed] @18-12-2021 02:01:04.0779 A
[ReportManager] Browser Action [CloseCurrentWindow] successfully performed. @18-12-2021 02:01:05.0203 AM
[ReportManager] Successfully created attachment [Browser Action Test Data - CloseCurrentWindow - Actual Value] @18-12-2021 02:01:05.0204 A
[ReportManager] File Action [GetAbsolutePath] successfully performed. With the following test data [Relative Folder Path: "target/downloadedFiles/"]. @18-12-2021 02:01:05.0207 AM
[ReportManager] Attempting to run locally on: [Mac-64], [Safari], Headless Execution. @18-12-2021 02:01:05.0208 AM
[ReportManager] Successfully Opened Safari. @18-12-2021 02:01:06.0046 AM
[ReportManager] Initial window size: (800, 600) @18-12-2021 02:01:06.0054 AM
[ReportManager] Window size after SWD Maximize: (1176, 803) @18-12-2021 02:01:06.0082 AM
[ReportManager] Browser Action [MaximizeWindow] successfully performed. With the following test data [New screen size is now: (1176, 803)]. @18-12-2021 02:01:06.0082 AM
[ReportManager] Target URL: [https://www.google.com/ncr], and after redirection: [www.google.com] @18-12-2021 02:01:06.0083 AM
[ReportManager] Initial URL: [] @18-12-2021 02:01:06.0128 AM
[ReportManager] Browser Action [NavigateToURL] successfully performed. With the following test data [https://www.google.com/ncr]. @18-12-2021 02:01:08.0370 A

################################################################################################################################################
Starting Execution:	[30 out of 146] test cases in the current suite
Test Method:		[unitTests.tests_validations_assertions.assertElementAttribute_false_caseInsensitiveComparison_expectedToPass]
################################################################################################################################################
[ReportManager] Element Action [Type] successfully performed. With the following test data [AUTOMATION]. @18-12-2021 02:01:08.0580 AM
[ReportManager] Element Action [GetText] successfully performed. With the following test data [AUTOMATION]. @18-12-2021 02:01:08.0638 AM
[ReportManager] Loaded Shared OpenCV @18-12-2021 02:01:08.0707 AM
[ReportManager] Assertion [ValidateElementAttribute] PASSED. Expected [Value Should not be 'AutomaTion123' for the 'text' attribute, element locator 'By.name: q'] and Actual [AUTOMATION]. Comparison Type [CASE_INSENSITIVE]. Validation Type [NEGATIVE]. @18-12-2021 02:01:08.0932 AM
[ReportManager] Successfully created attachment [Screenshot - 1639792868706_assertElementAttribute_false_caseInsensitiveComparison_expectedToPass_ValidateElementAttribute_passed] @18-12-2021 02:01:08.0935 A
[ReportManager] Browser Action [CloseCurrentWindow] successfully performed. @18-12-2021 02:01:09.0326 AM
[ReportManager] Successfully created attachment [Browser Action Test Data - CloseCurrentWindow - Actual Value] @18-12-2021 02:01:09.0327 A
[ReportManager] File Action [GetAbsolutePath] successfully performed. With the following test data [Relative Folder Path: "target/downloadedFiles/"]. @18-12-2021 02:01:09.0331 AM
[ReportManager] Attempting to run locally on: [Mac-64], [Safari], Headless Execution. @18-12-2021 02:01:09.0331 AM
[ReportManager] An Exception Occured with this Message: Could not start a new session. Possible causes are invalid address of the remote server or browser start-up failure.. @18-12-2021 02:01:09.0380 AM
[ReportManager] Successfully created attachment [Exception Stack Trace - org.openqa.selenium.SessionNotCreatedException] @18-12-2021 02:01:09.0381 AM
[ReportManager] Driver Factory Action [createNewLocalDriverInstanceForSafari] failed. With the following test data [Failed to create a session on DESKTOP_SAFARI]. @18-12-2021 02:01:09.0382 A

################################################################################################################################################
Starting Execution:	[31 out of 146] test cases in the current suite
Test Method:		[unitTests.tests_validations_assertions.assertElementAttribute_false_containsComparison_expectedToFail]
###############################################################################################################################################



################################################################################################################################################
Starting Execution:	[32 out of 146] test cases in the current suite
Test Method:		[unitTests.tests_validations_assertions.assertElementAttribute_false_containsComparison_expectedToPass]
###############################################################################################################################################



################################################################################################################################################
Starting Execution:	[33 out of 146] test cases in the current suite
Test Method:		[unitTests.tests_validations_assertions.assertElementAttribute_false_literalComparison_expectedToFail]
###############################################################################################################################################



################################################################################################################################################
Starting Execution:	[34 out of 146] test cases in the current suite
Test Method:		[unitTests.tests_validations_assertions.assertElementAttribute_false_literalComparison_expectedToPass]
###############################################################################################################################################



################################################################################################################################################
Starting Execution:	[35 out of 146] test cases in the current suite
Test Method:		[unitTests.tests_validations_assertions.assertElementAttribute_false_regexComparison_expectedToFail]
###############################################################################################################################################



################################################################################################################################################
Starting Execution:	[36 out of 146] test cases in the current suite
Test Method:		[unitTests.tests_validations_assertions.assertElementAttribute_false_regexComparison_expectedToPass]
###############################################################################################################################################



################################################################################################################################################
Starting Execution:	[37 out of 146] test cases in the current suite
Test Method:		[unitTests.tests_validations_assertions.assertElementAttribute_true_caseInsensitiveComparison_expectedToFail]
###############################################################################################################################################



################################################################################################################################################
Starting Execution:	[38 out of 146] test cases in the current suite
Test Method:		[unitTests.tests_validations_assertions.assertElementAttribute_true_caseInsensitiveComparison_expectedToPass]
###############################################################################################################################################



################################################################################################################################################
Starting Execution:	[39 out of 146] test cases in the current suite
Test Method:		[unitTests.tests_validations_assertions.assertElementAttribute_true_containsComparison_expectedToFail]
###############################################################################################################################################



################################################################################################################################################
Starting Execution:	[40 out of 146] test cases in the current suite
Test Method:		[unitTests.tests_validations_assertions.assertElementAttribute_true_containsComparison_expectedToPass]
###############################################################################################################################################



################################################################################################################################################
Starting Execution:	[41 out of 146] test cases in the current suite
Test Method:		[unitTests.tests_validations_assertions.assertElementAttribute_true_literalComparison_expectedToFail]
###############################################################################################################################################



################################################################################################################################################
Starting Execution:	[42 out of 146] test cases in the current suite
Test Method:		[unitTests.tests_validations_assertions.assertElementAttribute_true_literalComparison_expectedToPass]
###############################################################################################################################################



################################################################################################################################################
Starting Execution:	[43 out of 146] test cases in the current suite
Test Method:		[unitTests.tests_validations_assertions.assertElementAttribute_true_regexComparison_expectedToFail]
###############################################################################################################################################



################################################################################################################################################
Starting Execution:	[44 out of 146] test cases in the current suite
Test Method:		[unitTests.tests_validations_assertions.assertElementAttribute_true_regexComparison_expectedToPass]
###############################################################################################################################################



################################################################################################################################################
Starting Execution:	[45 out of 146] test cases in the current suite
Test Method:		[unitTests.tests_validations_assertions.assertElementAttribute_type_true_literalComparison_expectedToPass]
###############################################################################################################################################



################################################################################################################################################
Starting Execution:	[46 out of 146] test cases in the current suite
Test Method:		[unitTests.tests_validations_assertions.assertElementExists_false_expectedToFail]
###############################################################################################################################################



################################################################################################################################################
Starting Execution:	[47 out of 146] test cases in the current suite
Test Method:		[unitTests.tests_validations_assertions.assertElementExists_false_expectedToPass]
###############################################################################################################################################



################################################################################################################################################
Starting Execution:	[48 out of 146] test cases in the current suite
Test Method:		[unitTests.tests_validations_assertions.assertElementExists_false_multipleElementsFound_expectedToFail]
###############################################################################################################################################



################################################################################################################################################
Starting Execution:	[49 out of 146] test cases in the current suite
Test Method:		[unitTests.tests_validations_assertions.assertElementExists_true_expectedToFail]
###############################################################################################################################################



################################################################################################################################################
Starting Execution:	[50 out of 146] test cases in the current suite
Test Method:		[unitTests.tests_validations_assertions.assertElementExists_true_expectedToPass]
###############################################################################################################################################



################################################################################################################################################
Starting Execution:	[51 out of 146] test cases in the current suite
Test Method:		[unitTests.tests_validations_assertions.assertElementExists_true_multipleElementsFound_expectedToFail]
###############################################################################################################################################


################################################################################################################################################
Starting Execution:	[52 out of 146] test cases in the current suite
Test Method:		[unitTests.tests_validations_assertions.assertEquals_false_expectedToFail]
###############################################################################################################################################

################################################################################################################################################
Starting Execution:	[53 out of 146] test cases in the current suite
Test Method:		[unitTests.tests_validations_assertions.assertEquals_false_expectedToPass]
###############################################################################################################################################

################################################################################################################################################
Starting Execution:	[54 out of 146] test cases in the current suite
Test Method:		[unitTests.tests_validations_assertions.assertEquals_longCharacters]
###############################################################################################################################################

################################################################################################################################################
Starting Execution:	[55 out of 146] test cases in the current suite
Test Method:		[unitTests.tests_validations_assertions.assertEquals_longCharacters_Discreet]
###############################################################################################################################################

################################################################################################################################################
Starting Execution:	[56 out of 146] test cases in the current suite
Test Method:		[unitTests.tests_validations_assertions.assertEquals_true_expectedToFail]
###############################################################################################################################################

################################################################################################################################################
Starting Execution:	[57 out of 146] test cases in the current suite
Test Method:		[unitTests.tests_validations_assertions.assertEquals_true_expectedToPass]
Test Description:	[Assert that assertEquals works as expected when the two values are equal.]
###############################################################################################################################################

################################################################################################################################################
Starting Execution:	[58 out of 146] test cases in the current suite
Test Method:		[unitTests.tests_validations_assertions.assertEquals_true_expectedToPass__]
###############################################################################################################################################

################################################################################################################################################
Starting Execution:	[59 out of 146] test cases in the current suite
Test Method:		[unitTests.tests_validations_assertions.assertFileExists_false_expectedToFail]
###############################################################################################################################################

################################################################################################################################################
Starting Execution:	[60 out of 146] test cases in the current suite
Test Method:		[unitTests.tests_validations_assertions.assertFileExists_false_expectedToPass]
###############################################################################################################################################

################################################################################################################################################
Starting Execution:	[61 out of 146] test cases in the current suite
Test Method:		[unitTests.tests_validations_assertions.assertFileExists_true_expectedToFail]
###############################################################################################################################################

################################################################################################################################################
Starting Execution:	[62 out of 146] test cases in the current suite
Test Method:		[unitTests.tests_validations_assertions.assertFileExists_true_expectedToPass]
###############################################################################################################################################

################################################################################################################################################
Starting Execution:	[63 out of 146] test cases in the current suite
Test Method:		[unitTests.tests_validations_assertions.assertNull_false_expectedToFail]
###############################################################################################################################################

################################################################################################################################################
Starting Execution:	[64 out of 146] test cases in the current suite
Test Method:		[unitTests.tests_validations_assertions.assertNull_false_expectedToPass]
###############################################################################################################################################

################################################################################################################################################
Starting Execution:	[65 out of 146] test cases in the current suite
Test Method:		[unitTests.tests_validations_assertions.assertNull_true_expectedToFail]
###############################################################################################################################################

################################################################################################################################################
Starting Execution:	[66 out of 146] test cases in the current suite
Test Method:		[unitTests.tests_validations_assertions.assertNull_true_expectedToPass]
###############################################################################################################################################

################################################################################################################################################
Starting Execution:	[67 out of 146] test cases in the current suite
Test Method:		[unitTests.tests_restActions.getPostsAndAssertBodyForSpecificTitle]
################################################################################################################################################
[ReportManager] Response status code: [200], status line: [HTTP/1.1 200 OK] @18-12-2021 02:01:12.0394 AM
[ReportManager] Assertion Passed: Evaluating the actual response status code against the expected one... @18-12-2021 02:01:12.0400 AM
[ReportManager] Assertion [ValidateComparativeRelation] PASSED. Expected [200] and Actual [200]. Comparison Type [EQUALS]. Validation Type [POSITIVE]. @18-12-2021 02:01:12.0400 AM
[ReportManager] API Action [PerformRequest] successfully performed. With the following test data [Request Type: "GET" | Target Status Code: "200" | Service URL: "https://jsonplaceholder.typicode.com/posts" | Content Type: "*/*" | Response Time: "962ms"]. @18-12-2021 02:01:13.0443 AM
[ReportManager] Successfully created attachment [API Request - Specifications] @18-12-2021 02:01:13.0444 AM
[ReportManager] Successfully created attachment [API Response - JSON Body] @18-12-2021 02:01:13.0673 AM
[ReportManager] API Action [GetResponseJSONValueAsList] successfully performed. @18-12-2021 02:01:13.0700 AM
[ReportManager] API Action [GetResponseJSONValue] successfully performed. With the following test data [title]. @18-12-2021 02:01:13.0723 AM
[ReportManager] API Action [GetResponseJSONValue] successfully performed. With the following test data [title]. @18-12-2021 02:01:13.0739 AM
[ReportManager] API Action [GetResponseJSONValue] successfully performed. With the following test data [body]. @18-12-2021 02:01:13.0753 AM
[ReportManager] Assertion [ValidateEquals] PASSED. Expected [qui neque nisi nulla] and Actual [est rerum tempore vitae
sequi sint nihil reprehenderit dolor beatae ea dolores neque
fugiat blanditiis voluptate porro vel nihil molestiae ut reiciendis
qui aperiam non debitis possimus qui neque nisi nulla]. Comparison Type [CONTAINS]. Validation Type [POSITIVE]. @18-12-2021 02:01:13.0754 AM
[ReportManager] API Action [GetResponseJSONValue] successfully performed. With the following test data [title]. @18-12-2021 02:01:13.0767 AM
[ReportManager] API Action [GetResponseJSONValue] successfully performed. With the following test data [title]. @18-12-2021 02:01:13.0781 AM
[ReportManager] API Action [GetResponseJSONValue] successfully performed. With the following test data [title]. @18-12-2021 02:01:13.0798 AM
[ReportManager] API Action [GetResponseJSONValue] successfully performed. With the following test data [title]. @18-12-2021 02:01:13.0811 AM
[ReportManager] API Action [GetResponseJSONValue] successfully performed. With the following test data [title]. @18-12-2021 02:01:13.0825 AM
[ReportManager] API Action [GetResponseJSONValue] successfully performed. With the following test data [title]. @18-12-2021 02:01:13.0839 AM
[ReportManager] API Action [GetResponseJSONValue] successfully performed. With the following test data [title]. @18-12-2021 02:01:13.0852 AM
[ReportManager] API Action [GetResponseJSONValue] successfully performed. With the following test data [title]. @18-12-2021 02:01:13.0864 AM
[ReportManager] API Action [GetResponseJSONValue] successfully performed. With the following test data [title]. @18-12-2021 02:01:13.0878 AM
[ReportManager] API Action [GetResponseJSONValue] successfully performed. With the following test data [title]. @18-12-2021 02:01:13.0891 AM
[ReportManager] API Action [GetResponseJSONValue] successfully performed. With the following test data [title]. @18-12-2021 02:01:13.0906 AM
[ReportManager] API Action [GetResponseJSONValue] successfully performed. With the following test data [title]. @18-12-2021 02:01:13.0921 AM
[ReportManager] API Action [GetResponseJSONValue] successfully performed. With the following test data [title]. @18-12-2021 02:01:13.0934 AM
[ReportManager] API Action [GetResponseJSONValue] successfully performed. With the following test data [title]. @18-12-2021 02:01:13.0948 AM
[ReportManager] API Action [GetResponseJSONValue] successfully performed. With the following test data [title]. @18-12-2021 02:01:13.0960 AM
[ReportManager] API Action [GetResponseJSONValue] successfully performed. With the following test data [title]. @18-12-2021 02:01:13.0974 AM
[ReportManager] API Action [GetResponseJSONValue] successfully performed. With the following test data [title]. @18-12-2021 02:01:13.0987 AM
[ReportManager] API Action [GetResponseJSONValue] successfully performed. With the following test data [title]. @18-12-2021 02:01:14.0000 AM
[ReportManager] API Action [GetResponseJSONValue] successfully performed. With the following test data [title]. @18-12-2021 02:01:14.0012 AM
[ReportManager] API Action [GetResponseJSONValue] successfully performed. With the following test data [title]. @18-12-2021 02:01:14.0026 AM
[ReportManager] API Action [GetResponseJSONValue] successfully performed. With the following test data [title]. @18-12-2021 02:01:14.0038 AM
[ReportManager] API Action [GetResponseJSONValue] successfully performed. With the following test data [title]. @18-12-2021 02:01:14.0050 AM
[ReportManager] API Action [GetResponseJSONValue] successfully performed. With the following test data [title]. @18-12-2021 02:01:14.0062 AM
[ReportManager] API Action [GetResponseJSONValue] successfully performed. With the following test data [title]. @18-12-2021 02:01:14.0074 AM
[ReportManager] API Action [GetResponseJSONValue] successfully performed. With the following test data [title]. @18-12-2021 02:01:14.0087 AM
[ReportManager] API Action [GetResponseJSONValue] successfully performed. With the following test data [title]. @18-12-2021 02:01:14.0099 AM
[ReportManager] API Action [GetResponseJSONValue] successfully performed. With the following test data [title]. @18-12-2021 02:01:14.0127 AM
[ReportManager] API Action [GetResponseJSONValue] successfully performed. With the following test data [title]. @18-12-2021 02:01:14.0139 AM
[ReportManager] API Action [GetResponseJSONValue] successfully performed. With the following test data [title]. @18-12-2021 02:01:14.0150 AM
[ReportManager] API Action [GetResponseJSONValue] successfully performed. With the following test data [title]. @18-12-2021 02:01:14.0162 AM
[ReportManager] API Action [GetResponseJSONValue] successfully performed. With the following test data [title]. @18-12-2021 02:01:14.0172 AM
[ReportManager] API Action [GetResponseJSONValue] successfully performed. With the following test data [title]. @18-12-2021 02:01:14.0184 AM
[ReportManager] API Action [GetResponseJSONValue] successfully performed. With the following test data [title]. @18-12-2021 02:01:14.0195 AM
[ReportManager] API Action [GetResponseJSONValue] successfully performed. With the following test data [title]. @18-12-2021 02:01:14.0208 AM
[ReportManager] API Action [GetResponseJSONValue] successfully performed. With the following test data [title]. @18-12-2021 02:01:14.0219 AM
[ReportManager] API Action [GetResponseJSONValue] successfully performed. With the following test data [title]. @18-12-2021 02:01:14.0230 AM
[ReportManager] API Action [GetResponseJSONValue] successfully performed. With the following test data [title]. @18-12-2021 02:01:14.0250 AM
[ReportManager] API Action [GetResponseJSONValue] successfully performed. With the following test data [title]. @18-12-2021 02:01:14.0262 AM
[ReportManager] API Action [GetResponseJSONValue] successfully performed. With the following test data [title]. @18-12-2021 02:01:14.0272 AM
[ReportManager] API Action [GetResponseJSONValue] successfully performed. With the following test data [title]. @18-12-2021 02:01:14.0284 AM
[ReportManager] API Action [GetResponseJSONValue] successfully performed. With the following test data [title]. @18-12-2021 02:01:14.0295 AM
[ReportManager] API Action [GetResponseJSONValue] successfully performed. With the following test data [title]. @18-12-2021 02:01:14.0306 AM
[ReportManager] API Action [GetResponseJSONValue] successfully performed. With the following test data [title]. @18-12-2021 02:01:14.0317 AM
[ReportManager] API Action [GetResponseJSONValue] successfully performed. With the following test data [title]. @18-12-2021 02:01:14.0329 AM
[ReportManager] API Action [GetResponseJSONValue] successfully performed. With the following test data [title]. @18-12-2021 02:01:14.0340 AM
[ReportManager] API Action [GetResponseJSONValue] successfully performed. With the following test data [title]. @18-12-2021 02:01:14.0351 AM
[ReportManager] API Action [GetResponseJSONValue] successfully performed. With the following test data [title]. @18-12-2021 02:01:14.0362 AM
[ReportManager] API Action [GetResponseJSONValue] successfully performed. With the following test data [title]. @18-12-2021 02:01:14.0373 AM
[ReportManager] API Action [GetResponseJSONValue] successfully performed. With the following test data [title]. @18-12-2021 02:01:14.0385 AM
[ReportManager] API Action [GetResponseJSONValue] successfully performed. With the following test data [title]. @18-12-2021 02:01:14.0397 AM
[ReportManager] API Action [GetResponseJSONValue] successfully performed. With the following test data [title]. @18-12-2021 02:01:14.0409 AM
[ReportManager] API Action [GetResponseJSONValue] successfully performed. With the following test data [title]. @18-12-2021 02:01:14.0421 AM
[ReportManager] API Action [GetResponseJSONValue] successfully performed. With the following test data [title]. @18-12-2021 02:01:14.0432 AM
[ReportManager] API Action [GetResponseJSONValue] successfully performed. With the following test data [title]. @18-12-2021 02:01:14.0444 AM
[ReportManager] API Action [GetResponseJSONValue] successfully performed. With the following test data [title]. @18-12-2021 02:01:14.0456 AM
[ReportManager] API Action [GetResponseJSONValue] successfully performed. With the following test data [title]. @18-12-2021 02:01:14.0468 AM
[ReportManager] API Action [GetResponseJSONValue] successfully performed. With the following test data [title]. @18-12-2021 02:01:14.0480 AM
[ReportManager] API Action [GetResponseJSONValue] successfully performed. With the following test data [title]. @18-12-2021 02:01:14.0492 AM
[ReportManager] API Action [GetResponseJSONValue] successfully performed. With the following test data [title]. @18-12-2021 02:01:14.0505 AM
[ReportManager] API Action [GetResponseJSONValue] successfully performed. With the following test data [title]. @18-12-2021 02:01:14.0557 AM
[ReportManager] API Action [GetResponseJSONValue] successfully performed. With the following test data [title]. @18-12-2021 02:01:14.0576 AM
[ReportManager] API Action [GetResponseJSONValue] successfully performed. With the following test data [title]. @18-12-2021 02:01:14.0590 AM
[ReportManager] API Action [GetResponseJSONValue] successfully performed. With the following test data [title]. @18-12-2021 02:01:14.0614 AM
[ReportManager] API Action [GetResponseJSONValue] successfully performed. With the following test data [title]. @18-12-2021 02:01:14.0630 AM
[ReportManager] API Action [GetResponseJSONValue] successfully performed. With the following test data [title]. @18-12-2021 02:01:14.0641 AM
[ReportManager] API Action [GetResponseJSONValue] successfully performed. With the following test data [title]. @18-12-2021 02:01:14.0655 AM
[ReportManager] API Action [GetResponseJSONValue] successfully performed. With the following test data [title]. @18-12-2021 02:01:14.0667 AM
[ReportManager] API Action [GetResponseJSONValue] successfully performed. With the following test data [title]. @18-12-2021 02:01:14.0677 AM
[ReportManager] API Action [GetResponseJSONValue] successfully performed. With the following test data [title]. @18-12-2021 02:01:14.0687 AM
[ReportManager] API Action [GetResponseJSONValue] successfully performed. With the following test data [title]. @18-12-2021 02:01:14.0698 AM
[ReportManager] API Action [GetResponseJSONValue] successfully performed. With the following test data [title]. @18-12-2021 02:01:14.0709 AM
[ReportManager] API Action [GetResponseJSONValue] successfully performed. With the following test data [title]. @18-12-2021 02:01:14.0720 AM
[ReportManager] API Action [GetResponseJSONValue] successfully performed. With the following test data [title]. @18-12-2021 02:01:14.0730 AM
[ReportManager] API Action [GetResponseJSONValue] successfully performed. With the following test data [title]. @18-12-2021 02:01:14.0741 AM
[ReportManager] API Action [GetResponseJSONValue] successfully performed. With the following test data [title]. @18-12-2021 02:01:14.0752 AM
[ReportManager] API Action [GetResponseJSONValue] successfully performed. With the following test data [title]. @18-12-2021 02:01:14.0763 AM
[ReportManager] API Action [GetResponseJSONValue] successfully performed. With the following test data [title]. @18-12-2021 02:01:14.0774 AM
[ReportManager] API Action [GetResponseJSONValue] successfully performed. With the following test data [title]. @18-12-2021 02:01:14.0784 AM
[ReportManager] API Action [GetResponseJSONValue] successfully performed. With the following test data [title]. @18-12-2021 02:01:14.0796 AM
[ReportManager] API Action [GetResponseJSONValue] successfully performed. With the following test data [title]. @18-12-2021 02:01:14.0807 AM
[ReportManager] API Action [GetResponseJSONValue] successfully performed. With the following test data [title]. @18-12-2021 02:01:14.0817 AM
[ReportManager] API Action [GetResponseJSONValue] successfully performed. With the following test data [title]. @18-12-2021 02:01:14.0828 AM
[ReportManager] API Action [GetResponseJSONValue] successfully performed. With the following test data [title]. @18-12-2021 02:01:14.0838 AM
[ReportManager] API Action [GetResponseJSONValue] successfully performed. With the following test data [title]. @18-12-2021 02:01:14.0849 AM
[ReportManager] API Action [GetResponseJSONValue] successfully performed. With the following test data [title]. @18-12-2021 02:01:14.0861 AM
[ReportManager] API Action [GetResponseJSONValue] successfully performed. With the following test data [title]. @18-12-2021 02:01:14.0870 AM
[ReportManager] API Action [GetResponseJSONValue] successfully performed. With the following test data [title]. @18-12-2021 02:01:14.0880 AM
[ReportManager] API Action [GetResponseJSONValue] successfully performed. With the following test data [title]. @18-12-2021 02:01:14.0890 AM
[ReportManager] API Action [GetResponseJSONValue] successfully performed. With the following test data [title]. @18-12-2021 02:01:14.0900 AM
[ReportManager] API Action [GetResponseJSONValue] successfully performed. With the following test data [title]. @18-12-2021 02:01:14.0910 AM
[ReportManager] API Action [GetResponseJSONValue] successfully performed. With the following test data [title]. @18-12-2021 02:01:14.0920 AM
[ReportManager] API Action [GetResponseJSONValue] successfully performed. With the following test data [title]. @18-12-2021 02:01:14.0929 AM
[ReportManager] API Action [GetResponseJSONValue] successfully performed. With the following test data [title]. @18-12-2021 02:01:14.0940 AM
[ReportManager] API Action [GetResponseJSONValue] successfully performed. With the following test data [title]. @18-12-2021 02:01:14.0949 AM
[ReportManager] API Action [GetResponseJSONValue] successfully performed. With the following test data [title]. @18-12-2021 02:01:14.0958 AM
[ReportManager] API Action [GetResponseJSONValue] successfully performed. With the following test data [title]. @18-12-2021 02:01:14.0967 AM
[ReportManager] API Action [GetResponseJSONValue] successfully performed. With the following test data [title]. @18-12-2021 02:01:14.0977 AM
[ReportManager] API Action [GetResponseJSONValue] successfully performed. With the following test data [title]. @18-12-2021 02:01:14.0986 A

################################################################################################################################################
Starting Execution:	[68 out of 146] test cases in the current suite
Test Method:		[unitTests.tests_restActions.validateUserEmail]
################################################################################################################################################
[ReportManager] Response status code: [200], status line: [HTTP/1.1 200 OK] @18-12-2021 02:01:15.0064 AM
[ReportManager] Assertion Passed: Evaluating the actual response status code against the expected one... @18-12-2021 02:01:15.0065 AM
[ReportManager] Assertion [ValidateComparativeRelation] PASSED. Expected [200] and Actual [200]. Comparison Type [EQUALS]. Validation Type [POSITIVE]. @18-12-2021 02:01:15.0065 AM
[ReportManager] API Action [PerformRequest] successfully performed. With the following test data [Request Type: "GET" | Target Status Code: "200" | Service URL: "https://jsonplaceholder.typicode.com/users" | Content Type: "*/*" | Response Time: "67ms"]. @18-12-2021 02:01:15.0087 AM
[ReportManager] Successfully created attachment [API Request - Specifications] @18-12-2021 02:01:15.0088 AM
[ReportManager] Successfully created attachment [API Response - JSON Body] @18-12-2021 02:01:15.0089 AM
[ReportManager] Assertion [ValidateEquals] PASSED. Expected and Actual values are attached. Comparison Type [CONTAINS]. Validation Type [POSITIVE]. @18-12-2021 02:01:15.0089 AM
[ReportManager] Successfully created attachment [Validation Test Data - Expected Value] @18-12-2021 02:01:15.0089 AM
[ReportManager] Successfully created attachment [Validation Test Data - Actual Value] @18-12-2021 02:01:15.0090 AM
[ReportManager] API Action [GetResponseJSONValueAsList] successfully performed. With the following test data [$]. @18-12-2021 02:01:15.0097 AM
[ReportManager] API Action [GetResponseJSONValue] successfully performed. With the following test data [name]. @18-12-2021 02:01:15.0109 AM
[ReportManager] API Action [GetResponseJSONValue] successfully performed. With the following test data [email]. @18-12-2021 02:01:15.0119 AM
[ReportManager] Assertion [ValidateEquals] PASSED. Expected [Sincere@april.biz] and Actual [Sincere@april.biz]. Comparison Type [EQUALS]. Validation Type [POSITIVE]. @18-12-2021 02:01:15.0120 AM
[ReportManager] API Action [GetResponseJSONValue] successfully performed. With the following test data [name]. @18-12-2021 02:01:15.0130 AM
[ReportManager] API Action [GetResponseJSONValue] successfully performed. With the following test data [name]. @18-12-2021 02:01:15.0141 AM
[ReportManager] API Action [GetResponseJSONValue] successfully performed. With the following test data [name]. @18-12-2021 02:01:15.0152 AM
[ReportManager] API Action [GetResponseJSONValue] successfully performed. With the following test data [name]. @18-12-2021 02:01:15.0163 AM
[ReportManager] API Action [GetResponseJSONValue] successfully performed. With the following test data [name]. @18-12-2021 02:01:15.0173 AM
[ReportManager] API Action [GetResponseJSONValue] successfully performed. With the following test data [name]. @18-12-2021 02:01:15.0183 AM
[ReportManager] API Action [GetResponseJSONValue] successfully performed. With the following test data [name]. @18-12-2021 02:01:15.0193 AM
[ReportManager] API Action [GetResponseJSONValue] successfully performed. With the following test data [name]. @18-12-2021 02:01:15.0204 AM
[ReportManager] API Action [GetResponseJSONValue] successfully performed. With the following test data [name]. @18-12-2021 02:01:15.0215 A
[ReportManager] File Action [GetAbsolutePath] successfully performed. With the following test data [Relative Folder Path: "target/downloadedFiles/"]. @18-12-2021 02:01:15.0218 AM
[ReportManager] Attempting to run locally on: [Mac-64], [Safari], Headless Execution. @18-12-2021 02:01:15.0218 AM
[ReportManager] Successfully Opened Safari. @18-12-2021 02:01:16.0066 AM
[ReportManager] Initial window size: (800, 600) @18-12-2021 02:01:16.0092 AM
[ReportManager] Window size after SWD Maximize: (1176, 803) @18-12-2021 02:01:16.0120 AM
[ReportManager] Browser Action [MaximizeWindow] successfully performed. With the following test data [New screen size is now: (1176, 803)]. @18-12-2021 02:01:16.0120 A

################################################################################################################################################
Starting Execution:	[69 out of 146] test cases in the current suite
Test Method:		[testPackage01.Test_uploadFile.uploadFile_invisibleUploadInput]
################################################################################################################################################
[ReportManager] Target URL: [https://fineuploader.com/demos.html#gallery-view] @18-12-2021 02:01:18.0005 AM
[ReportManager] Initial URL: [] @18-12-2021 02:01:18.0045 AM
[ReportManager] Browser Action [NavigateToURL] successfully performed. With the following test data [https://fineuploader.com/demos.html#gallery-view]. @18-12-2021 02:01:19.0964 AM
[ReportManager] File Action [GetAbsolutePath] successfully performed. With the following test data [Relative File Path: "src/main/resources/images/shaft.png"]. @18-12-2021 02:01:19.0964 AM
[ReportManager] Successfully created attachment [File Action Actual Result - Command Log] @18-12-2021 02:01:19.0965 AM
[ReportManager] Element Action [TypeFileLocationForUpload] successfully performed. With the following test data [/Users/runner/work/SHAFT_ENGINE/SHAFT_ENGINE/src/main/resources/images/shaft.png]. @18-12-2021 02:01:20.0015 AM
[ReportManager] Attempting to getAttribute [src] from elementLocator [By.xpath: //div[@id='fine-uploader-gallery']//div[@class='qq-thumbnail-wrapper']/img]. @18-12-2021 02:01:20.0017 AM
[ReportManager] Element Action [GetAttribute] successfully performed. @18-12-2021 02:01:20.0214 AM
[ReportManager] Successfully created attachment [Element Action Test Data - GetAttribute - Actual Value] @18-12-2021 02:01:20.0215 AM
[ReportManager] Loaded Shared OpenCV @18-12-2021 02:01:20.0295 AM
[ReportManager] Assertion Passed: Then I Assert that the element found by [By.xpath: //div[@id='fine-uploader-gallery']//div[@class='qq-thumbnail-wrapper']/img] attribute [src] contains [data:image/png;base64]. @18-12-2021 02:01:20.0423 AM
[ReportManager] Successfully created attachment [Validation Test Data - Expected Value] @18-12-2021 02:01:20.0423 AM
[ReportManager] Successfully created attachment [Validation Test Data - Actual Value] @18-12-2021 02:01:20.0424 AM
[ReportManager] Successfully created attachment [Screenshot - 1639792880295_uploadFile_invisibleUploadInput_ValidateElementAttribute_passed] @18-12-2021 02:01:20.0425 AM
[ReportManager] Assertion [ValidateElementAttribute] PASSED. Expected and Actual values are attached. Comparison Type [CONTAINS]. Validation Type [POSITIVE]. @18-12-2021 02:01:20.0425 A
[ReportManager] Browser Action [CloseCurrentWindow] successfully performed. @18-12-2021 02:01:20.0678 AM
[ReportManager] Successfully created attachment [Browser Action Test Data - CloseCurrentWindow - Actual Value] @18-12-2021 02:01:22.0208 A
[ReportManager] File Action [GetAbsolutePath] successfully performed. With the following test data [Relative Folder Path: "target/downloadedFiles/"]. @18-12-2021 02:01:22.0219 AM
[ReportManager] Attempting to run locally on: [Mac-64], [Safari], Headless Execution. @18-12-2021 02:01:22.0219 AM
[ReportManager] Successfully Opened Safari. @18-12-2021 02:01:23.0255 AM
[ReportManager] Initial window size: (800, 600) @18-12-2021 02:01:23.0270 AM
[ReportManager] Window size after SWD Maximize: (1176, 803) @18-12-2021 02:01:23.0289 AM
[ReportManager] Browser Action [MaximizeWindow] successfully performed. With the following test data [New screen size is now: (1176, 803)]. @18-12-2021 02:01:23.0290 A

################################################################################################################################################
Starting Execution:	[70 out of 146] test cases in the current suite
Test Method:		[testPackage01.Test_uploadFile.uploadFile_visibleUploadInput]
################################################################################################################################################
[ReportManager] Target URL: [http://demo.guru99.com/test/upload/] @18-12-2021 02:01:23.0300 AM
[ReportManager] Initial URL: [] @18-12-2021 02:01:23.0413 AM
[ReportManager] Browser Action [NavigateToURL] successfully performed. With the following test data [http://demo.guru99.com/test/upload/]. @18-12-2021 02:01:25.0401 AM
[ReportManager] File Action [GetAbsolutePath] successfully performed. With the following test data [Relative Folder Path: "src/main/resources/images/shaft.png"]. @18-12-2021 02:01:25.0401 AM
[ReportManager] Element Action [TypeFileLocationForUpload] successfully performed. With the following test data [/Users/runner/work/SHAFT_ENGINE/SHAFT_ENGINE/src/main/resources/images/shaft.png]. @18-12-2021 02:01:25.0462 AM
[ReportManager] Element Action [Click] successfully performed. With the following test data [By.id: terms]. @18-12-2021 02:01:25.0666 AM
[ReportManager] Element Action [Click] successfully performed. With the following test data [By.id: submitbutton]. @18-12-2021 02:01:25.0894 AM
[ReportManager] Element Action [GetText] successfully performed. With the following test data [1 file has been successfully uploaded.]. @18-12-2021 02:01:33.0982 AM
[ReportManager] Loaded Shared OpenCV @18-12-2021 02:01:34.0058 AM
[ReportManager] Assertion Passed: Then I Assert that the element found by [By.id: res] attribute [Text] contains [1 file]. @18-12-2021 02:01:35.0910 AM
[ReportManager] Successfully created attachment [Screenshot - 1639792894058_uploadFile_visibleUploadInput_ValidateElementAttribute_passed] @18-12-2021 02:01:35.0911 AM
[ReportManager] Assertion [ValidateElementAttribute] PASSED. Expected [Value Should be '1 file' for the 'Text' attribute, element locator 'By.id: res'] and Actual [1 file has been successfully uploaded.]. Comparison Type [CONTAINS]. Validation Type [POSITIVE]. @18-12-2021 02:01:35.0911 A
[ReportManager] Browser Action [CloseCurrentWindow] successfully performed. @18-12-2021 02:01:36.0230 AM
[ReportManager] Successfully created attachment [Browser Action Test Data - CloseCurrentWindow - Actual Value] @18-12-2021 02:01:36.0231 A

################################################################################################################################################
Starting Execution:	[71 out of 146] test cases in the current suite
Test Method:		[testPackage01.Test_AssertApiResponseEquals.assertApiResponseEquals_expectedToPass]
################################################################################################################################################
[ReportManager] Response status code: [200], status line: [HTTP/1.1 200 OK] @18-12-2021 02:01:36.0304 AM
[ReportManager] Assertion Passed: Evaluating the actual response status code against the expected one... @18-12-2021 02:01:36.0305 AM
[ReportManager] Assertion [ValidateComparativeRelation] PASSED. Expected [200] and Actual [200]. Comparison Type [EQUALS]. Validation Type [POSITIVE]. @18-12-2021 02:01:36.0305 AM
[ReportManager] API Action [PerformRequest] successfully performed. With the following test data [Request Type: "GET" | Target Status Code: "200" | Service URL: "https://jsonplaceholder.typicode.com/users" | Content Type: "*/*" | Response Time: "64ms"]. @18-12-2021 02:01:36.0325 AM
[ReportManager] Successfully created attachment [API Request - Specifications] @18-12-2021 02:01:36.0326 AM
[ReportManager] Successfully created attachment [API Response - JSON Body] @18-12-2021 02:01:36.0326 AM
[ReportManager] API Action [GetResponseJSONValueAsList] successfully performed. With the following test data [$]. @18-12-2021 02:01:36.0332 AM
[ReportManager] API Action [GetResponseJSONValue] successfully performed. With the following test data [name]. @18-12-2021 02:01:36.0343 AM
[ReportManager] API Action [GetResponseJSONValue] successfully performed. With the following test data [email]. @18-12-2021 02:01:36.0355 AM
[ReportManager] Verification [ValidateEquals] PASSED. Expected [Sincere@april.biz] and Actual [Sincere@april.biz]. Comparison Type [EQUALS]. Validation Type [POSITIVE]. @18-12-2021 02:01:36.0355 AM
[ReportManager] API Action [GetResponseJSONValue] successfully performed. With the following test data [username]. @18-12-2021 02:01:36.0365 AM
[ReportManager] Assertion [ValidateEquals] PASSED. Expected [Bret] and Actual [Bret]. Comparison Type [EQUALS]. Validation Type [POSITIVE]. @18-12-2021 02:01:36.0365 AM
[ReportManager] API Action [GetResponseJSONValue] successfully performed. With the following test data [name]. @18-12-2021 02:01:36.0374 AM
[ReportManager] API Action [GetResponseJSONValue] successfully performed. With the following test data [name]. @18-12-2021 02:01:36.0384 AM
[ReportManager] API Action [GetResponseJSONValue] successfully performed. With the following test data [name]. @18-12-2021 02:01:36.0393 AM
[ReportManager] API Action [GetResponseJSONValue] successfully performed. With the following test data [name]. @18-12-2021 02:01:36.0403 AM
[ReportManager] API Action [GetResponseJSONValue] successfully performed. With the following test data [name]. @18-12-2021 02:01:36.0420 AM
[ReportManager] API Action [GetResponseJSONValue] successfully performed. With the following test data [name]. @18-12-2021 02:01:36.0430 AM
[ReportManager] API Action [GetResponseJSONValue] successfully performed. With the following test data [name]. @18-12-2021 02:01:36.0440 AM
[ReportManager] API Action [GetResponseJSONValue] successfully performed. With the following test data [name]. @18-12-2021 02:01:36.0449 AM
[ReportManager] API Action [GetResponseJSONValue] successfully performed. With the following test data [name]. @18-12-2021 02:01:36.0460 A

################################################################################################################################################
Starting Execution:	[72 out of 146] test cases in the current suite
Test Method:		[testPackage01.Test_testData.f]
################################################################################################################################################
[ReportManager] Successfully loaded the following test data file [src/test/resources/testDataFiles/testSuite01/TestData.xlsx]. @18-12-2021 02:01:36.0493 AM
[ReportManager] Successfully created attachment [Test Data - Excel] @18-12-2021 02:01:36.0494 AM
[ReportManager] Last Column Number is: [3]. Zero-based. @18-12-2021 02:01:36.0494 A

################################################################################################################################################
Starting Execution:	[73 out of 146] test cases in the current suite
Test Method:		[testPackage01.Test_PDF.testPDF1]
################################################################################################################################################
[ReportManager] File Action [DoesFileExist] successfully performed. With the following test data [File Path: "src/test/resources/testDataFiles/sample.pdf"]. @18-12-2021 02:01:36.0505 AM
[ReportManager] File Action [GetAbsolutePath] successfully performed. With the following test data [Relative Folder Path: "src/test/resources/testDataFiles/sample.pdf"]. @18-12-2021 02:01:36.0507 AM
[ReportManager] Assertion Passed: Checking to see that the pdf file contains [A Simple PDF File] @18-12-2021 02:01:40.0549 AM
[ReportManager] Successfully created attachment [Validation Test Data - Expected Value] @18-12-2021 02:01:40.0549 AM
[ReportManager] Successfully created attachment [Validation Test Data - Actual Value] @18-12-2021 02:01:40.0550 AM
[ReportManager] Assertion [ValidateEquals] PASSED. Expected and Actual values are attached. Comparison Type [CONTAINS]. Validation Type [POSITIVE]. @18-12-2021 02:01:40.0550 A

################################################################################################################################################
Starting Execution:	[74 out of 146] test cases in the current suite
Test Method:		[testPackage01.Test_PDF.testPDF2]
################################################################################################################################################
[ReportManager] File Action [DoesFileExist] successfully performed. With the following test data [File Path: "src/test/resources/testDataFiles/sample.pdf"]. @18-12-2021 02:01:40.0555 AM
[ReportManager] File Action [GetAbsolutePath] successfully performed. With the following test data [Relative Folder Path: "src/test/resources/testDataFiles/sample.pdf"]. @18-12-2021 02:01:40.0555 AM
[ReportManager] Assertion Passed: Checking to see that the pdf file contains [A Simple PDF File] @18-12-2021 02:01:40.0570 AM
[ReportManager] Successfully created attachment [Validation Test Data - Expected Value] @18-12-2021 02:01:40.0571 AM
[ReportManager] Successfully created attachment [Validation Test Data - Actual Value] @18-12-2021 02:01:40.0572 AM
[ReportManager] Assertion [ValidateEquals] PASSED. Expected and Actual values are attached. Comparison Type [CONTAINS]. Validation Type [POSITIVE]. @18-12-2021 02:01:40.0572 A
[ReportManager] File Action [GetAbsolutePath] successfully performed. With the following test data [Relative Folder Path: "target/downloadedFiles/"]. @18-12-2021 02:01:40.0575 AM
[ReportManager] Attempting to run locally on: [Mac-64], [Safari], Headless Execution. @18-12-2021 02:01:40.0575 AM
[ReportManager] Successfully Opened Safari. @18-12-2021 02:01:41.0436 AM
[ReportManager] Initial window size: (800, 600) @18-12-2021 02:01:41.0459 AM
[ReportManager] Window size after SWD Maximize: (1176, 803) @18-12-2021 02:01:41.0480 AM
[ReportManager] Browser Action [MaximizeWindow] successfully performed. With the following test data [New screen size is now: (1176, 803)]. @18-12-2021 02:01:41.0481 A

################################################################################################################################################
Starting Execution:	[75 out of 146] test cases in the current suite
Test Method:		[testPackage01.Test_ShadowDOM.shadowdom]
################################################################################################################################################
[ReportManager] Target URL: [https://mdn.github.io/web-components-examples/popup-info-box-web-component/] @18-12-2021 02:01:42.0888 AM
[ReportManager] Initial URL: [] @18-12-2021 02:01:42.0918 AM
[ReportManager] Browser Action [NavigateToURL] successfully performed. With the following test data [https://mdn.github.io/web-components-examples/popup-info-box-web-component/]. @18-12-2021 02:01:43.0453 AM
[ReportManager] Element Action [Type] successfully performed. With the following test data [Typing into SHADOW DOM...]. @18-12-2021 02:01:44.0126 AM
[ReportManager] Element Action [GetText] successfully performed. With the following test data [Typing into SHADOW DOM...]. @18-12-2021 02:01:44.0193 AM
[ReportManager] Loaded Shared OpenCV @18-12-2021 02:01:44.0250 AM
[ReportManager] Assertion [ValidateElementAttribute] PASSED. Expected [Value Should be 'Typing into SHADOW DOM...' for the 'Text' attribute, element locator 'By.id: cvc'] and Actual [Typing into SHADOW DOM...]. Comparison Type [EQUALS]. Validation Type [POSITIVE]. @18-12-2021 02:01:44.0515 AM
[ReportManager] Successfully created attachment [Screenshot - 1639792904250_shadowdom_ValidateElementAttribute_passed] @18-12-2021 02:01:44.0516 A
[ReportManager] Browser Action [CloseCurrentWindow] successfully performed. @18-12-2021 02:01:44.0848 AM
[ReportManager] Successfully created attachment [Browser Action Test Data - CloseCurrentWindow - Actual Value] @18-12-2021 02:01:44.0848 A
[ReportManager] File Action [GetAbsolutePath] successfully performed. With the following test data [Relative Folder Path: "target/downloadedFiles/"]. @18-12-2021 02:01:44.0850 AM
[ReportManager] Attempting to run locally on: [Mac-64], [Safari], Headless Execution. @18-12-2021 02:01:44.0850 AM
[ReportManager] Successfully Opened Safari. @18-12-2021 02:01:45.0728 AM
[ReportManager] Initial window size: (800, 600) @18-12-2021 02:01:45.0744 AM
[ReportManager] Window size after SWD Maximize: (1176, 803) @18-12-2021 02:01:45.0778 AM
[ReportManager] Browser Action [MaximizeWindow] successfully performed. With the following test data [New screen size is now: (1176, 803)]. @18-12-2021 02:01:45.0778 A

################################################################################################################################################
Starting Execution:	[76 out of 146] test cases in the current suite
Test Method:		[testPackage01.Test_clipboardActions.typeTextAndCopyPaste]
################################################################################################################################################
[ReportManager] Target URL: [https://www.google.com/ncr], and after redirection: [https://www.google.com] @18-12-2021 02:01:46.0754 AM
[ReportManager] Initial URL: [] @18-12-2021 02:01:46.0792 AM
[ReportManager] Browser Action [NavigateToURL] successfully performed. With the following test data [https://www.google.com/ncr]. @18-12-2021 02:01:49.0157 AM
[ReportManager] Element Action [Type] successfully performed. With the following test data [FIRST]. @18-12-2021 02:01:49.0351 A
[ReportManager] Browser Action [CloseCurrentWindow] successfully performed. @18-12-2021 02:01:49.0816 AM
[ReportManager] Successfully created attachment [Browser Action Test Data - CloseCurrentWindow - Actual Value] @18-12-2021 02:01:49.0817 A

################################################################################################################################################
Starting Execution:	[77 out of 146] test cases in the current suite
Test Method:		[testPackage01.Test_NewValidationHelper.f1]
################################################################################################################################################
[ReportManager] Assertion Passed: Checking valid user data @18-12-2021 02:01:49.0821 AM
[ReportManager] Successfully created attachment [Validation Test Data - Expected Value] @18-12-2021 02:01:49.0821 AM
[ReportManager] Successfully created attachment [Validation Test Data - Actual Value] @18-12-2021 02:01:49.0822 AM
[ReportManager] Assertion [ValidateEquals] PASSED. Expected and Actual values are attached. Comparison Type [EQUALS]. Validation Type [POSITIVE]. @18-12-2021 02:01:49.0822 A
[ReportManager] File Action [GetAbsolutePath] successfully performed. With the following test data [Relative Folder Path: "target/downloadedFiles/"]. @18-12-2021 02:01:49.0824 AM
[ReportManager] Attempting to run locally on: [Mac-64], [Safari], Headless Execution. @18-12-2021 02:01:49.0825 AM
[ReportManager] An Exception Occured with this Message: Could not start a new session. Possible causes are invalid address of the remote server or browser start-up failure.. @18-12-2021 02:01:49.0903 AM
[ReportManager] Successfully created attachment [Exception Stack Trace - org.openqa.selenium.SessionNotCreatedException] @18-12-2021 02:01:49.0904 AM
[ReportManager] Driver Factory Action [createNewLocalDriverInstanceForSafari] failed. With the following test data [Failed to create a session on DESKTOP_SAFARI]. @18-12-2021 02:01:49.0904 A

################################################################################################################################################
Starting Execution:	[78 out of 146] test cases in the current suite
Test Method:		[testPackage01.Test_NewValidationHelper.f10]
###############################################################################################################################################



################################################################################################################################################
Starting Execution:	[79 out of 146] test cases in the current suite
Test Method:		[testPackage01.Test_NewValidationHelper.f11]
###############################################################################################################################################



################################################################################################################################################
Starting Execution:	[80 out of 146] test cases in the current suite
Test Method:		[testPackage01.Test_NewValidationHelper.f12]
###############################################################################################################################################



################################################################################################################################################
Starting Execution:	[81 out of 146] test cases in the current suite
Test Method:		[testPackage01.Test_NewValidationHelper.f13]
###############################################################################################################################################



################################################################################################################################################
Starting Execution:	[82 out of 146] test cases in the current suite
Test Method:		[testPackage01.Test_NewValidationHelper.f14]
###############################################################################################################################################



################################################################################################################################################
Starting Execution:	[83 out of 146] test cases in the current suite
Test Method:		[testPackage01.Test_NewValidationHelper.f15]
###############################################################################################################################################



################################################################################################################################################
Starting Execution:	[84 out of 146] test cases in the current suite
Test Method:		[testPackage01.Test_NewValidationHelper.f16]
###############################################################################################################################################



################################################################################################################################################
Starting Execution:	[85 out of 146] test cases in the current suite
Test Method:		[testPackage01.Test_NewValidationHelper.f17]
###############################################################################################################################################



################################################################################################################################################
Starting Execution:	[86 out of 146] test cases in the current suite
Test Method:		[testPackage01.Test_NewValidationHelper.f18]
###############################################################################################################################################


################################################################################################################################################
Starting Execution:	[87 out of 146] test cases in the current suite
Test Method:		[testPackage01.Test_NewValidationHelper.f2]
###############################################################################################################################################


################################################################################################################################################
Starting Execution:	[88 out of 146] test cases in the current suite
Test Method:		[testPackage01.Test_NewValidationHelper.f20]
###############################################################################################################################################



################################################################################################################################################
Starting Execution:	[89 out of 146] test cases in the current suite
Test Method:		[testPackage01.Test_NewValidationHelper.f21]
###############################################################################################################################################



################################################################################################################################################
Starting Execution:	[90 out of 146] test cases in the current suite
Test Method:		[testPackage01.Test_NewValidationHelper.f22]
###############################################################################################################################################


################################################################################################################################################
Starting Execution:	[91 out of 146] test cases in the current suite
Test Method:		[testPackage01.Test_NewValidationHelper.f23]
###############################################################################################################################################

################################################################################################################################################
Starting Execution:	[92 out of 146] test cases in the current suite
Test Method:		[testPackage01.Test_NewValidationHelper.f24]
###############################################################################################################################################

################################################################################################################################################
Starting Execution:	[93 out of 146] test cases in the current suite
Test Method:		[testPackage01.Test_NewValidationHelper.f25]
###############################################################################################################################################

################################################################################################################################################
Starting Execution:	[94 out of 146] test cases in the current suite
Test Method:		[testPackage01.Test_NewValidationHelper.f26]
###############################################################################################################################################

################################################################################################################################################
Starting Execution:	[95 out of 146] test cases in the current suite
Test Method:		[testPackage01.Test_NewValidationHelper.f27]
###############################################################################################################################################

################################################################################################################################################
Starting Execution:	[96 out of 146] test cases in the current suite
Test Method:		[testPackage01.Test_NewValidationHelper.f28]
###############################################################################################################################################

################################################################################################################################################
Starting Execution:	[97 out of 146] test cases in the current suite
Test Method:		[testPackage01.Test_NewValidationHelper.f29]
###############################################################################################################################################

################################################################################################################################################
Starting Execution:	[98 out of 146] test cases in the current suite
Test Method:		[testPackage01.Test_NewValidationHelper.f3]
###############################################################################################################################################

################################################################################################################################################
Starting Execution:	[99 out of 146] test cases in the current suite
Test Method:		[testPackage01.Test_NewValidationHelper.f30]
###############################################################################################################################################

################################################################################################################################################
Starting Execution:	[100 out of 146] test cases in the current suite
Test Method:		[testPackage01.Test_NewValidationHelper.f31]
###############################################################################################################################################

################################################################################################################################################
Starting Execution:	[101 out of 146] test cases in the current suite
Test Method:		[testPackage01.Test_NewValidationHelper.f32]
###############################################################################################################################################

################################################################################################################################################
Starting Execution:	[102 out of 146] test cases in the current suite
Test Method:		[testPackage01.Test_NewValidationHelper.f33]
###############################################################################################################################################

################################################################################################################################################
Starting Execution:	[103 out of 146] test cases in the current suite
Test Method:		[testPackage01.Test_NewValidationHelper.f34]
###############################################################################################################################################

################################################################################################################################################
Starting Execution:	[104 out of 146] test cases in the current suite
Test Method:		[testPackage01.Test_NewValidationHelper.f35]
###############################################################################################################################################

################################################################################################################################################
Starting Execution:	[105 out of 146] test cases in the current suite
Test Method:		[testPackage01.Test_NewValidationHelper.f36]
###############################################################################################################################################

################################################################################################################################################
Starting Execution:	[106 out of 146] test cases in the current suite
Test Method:		[testPackage01.Test_NewValidationHelper.f37]
###############################################################################################################################################

################################################################################################################################################
Starting Execution:	[107 out of 146] test cases in the current suite
Test Method:		[testPackage01.Test_NewValidationHelper.f3_1]
###############################################################################################################################################

################################################################################################################################################
Starting Execution:	[108 out of 146] test cases in the current suite
Test Method:		[testPackage01.Test_NewValidationHelper.f4]
###############################################################################################################################################

################################################################################################################################################
Starting Execution:	[109 out of 146] test cases in the current suite
Test Method:		[testPackage01.Test_NewValidationHelper.f5]
###############################################################################################################################################

################################################################################################################################################
Starting Execution:	[110 out of 146] test cases in the current suite
Test Method:		[testPackage01.Test_NewValidationHelper.f6]
###############################################################################################################################################

################################################################################################################################################
Starting Execution:	[111 out of 146] test cases in the current suite
Test Method:		[testPackage01.Test_NewValidationHelper.f6_1]
###############################################################################################################################################

################################################################################################################################################
Starting Execution:	[112 out of 146] test cases in the current suite
Test Method:		[testPackage01.Test_NewValidationHelper.f6_2]
###############################################################################################################################################

################################################################################################################################################
Starting Execution:	[113 out of 146] test cases in the current suite
Test Method:		[testPackage01.Test_NewValidationHelper.f7]
###############################################################################################################################################


################################################################################################################################################
Starting Execution:	[114 out of 146] test cases in the current suite
Test Method:		[testPackage01.Test_NewValidationHelper.f8]
###############################################################################################################################################



################################################################################################################################################
Starting Execution:	[115 out of 146] test cases in the current suite
Test Method:		[testPackage01.Test_NewValidationHelper.f9]
###############################################################################################################################################


################################################################################################################################################
Starting Execution:	[116 out of 146] test cases in the current suite
Test Method:		[testPackage01.Test_NewValidationHelper.forceFail]
###############################################################################################################################################

################################################################################################################################################
Starting Execution:	[117 out of 146] test cases in the current suite
Test Method:		[testPackage01.Test_NewValidationHelper.forceFail2]
###############################################################################################################################################

################################################################################################################################################
Starting Execution:	[118 out of 146] test cases in the current suite
Test Method:		[testPackage01.Test_JsonActions.f]
###############################################################################################################################################

################################################################################################################################################
Starting Execution:	[119 out of 146] test cases in the current suite
Test Method:		[testPackage01.Test_JsonActions.f2]
###############################################################################################################################################

################################################################################################################################################
Starting Execution:	[120 out of 146] test cases in the current suite
Test Method:		[testPackage01.Test_sendGraphqlRequest.sendGraphqlRequestUsingMutationAndVariables]
################################################################################################################################################
[ReportManager] GraphQl Request is being Performed with the Following Parameters [Service URL: https://api.spacex.land/graphql | Request Body: {"variables":"{\"name\": \"sherlock holmes\",\"rocket\": \"221B Baker Street\"}","query":"mutation ($name: String, $rocket: String) {\n  insert_users(objects: {name: $name, rocket: $rocket}) {\n    returning {\n      name\n      rocket\n    }\n  }\n}"}] @18-12-2021 02:01:50.0440 AM
[ReportManager] Response status code: [200], status line: [HTTP/1.1 200 OK] @18-12-2021 02:01:55.0731 AM
[ReportManager] Assertion Passed: Evaluating the actual response status code against the expected one... @18-12-2021 02:01:55.0731 AM
[ReportManager] Assertion [ValidateComparativeRelation] PASSED. Expected [200] and Actual [200]. Comparison Type [EQUALS]. Validation Type [POSITIVE]. @18-12-2021 02:01:55.0732 AM
[ReportManager] API Action [PerformRequest] successfully performed. With the following test data [Request Type: "POST" | Target Status Code: "200" | Service URL: "https://api.spacex.land/graphql" | Content Type: "application/json" | Response Time: "5196ms"]. @18-12-2021 02:01:55.0762 AM
[ReportManager] Successfully created attachment [API Request - Specifications] @18-12-2021 02:01:55.0762 AM
[ReportManager] Successfully created attachment [API Request - JSON Body] @18-12-2021 02:01:55.0763 AM
[ReportManager] Successfully created attachment [API Response - JSON Body] @18-12-2021 02:01:55.0764 AM
[ReportManager] API Action [GetResponseJSONValue] successfully performed. With the following test data [data.insert_users.returning[0].name]. @18-12-2021 02:01:55.0817 AM
[ReportManager] Assertion [ValidateEquals] PASSED. Expected [sherlock holmes] and Actual [sherlock holmes]. Comparison Type [EQUALS]. Validation Type [POSITIVE]. @18-12-2021 02:01:55.0818 A

################################################################################################################################################
Starting Execution:	[121 out of 146] test cases in the current suite
Test Method:		[testPackage01.Test_sendGraphqlRequest.sendGraphqlRequestUsingQuery]
################################################################################################################################################
[ReportManager] GraphQl Request is being Performed with the Following Parameters [Service URL: https://api.spacex.land/graphql | Request Body: {"query":"{company {ceo}}"}] @18-12-2021 02:01:55.0823 AM
[ReportManager] Response status code: [200], status line: [HTTP/1.1 200 OK] @18-12-2021 02:01:56.0098 AM
[ReportManager] Assertion Passed: Evaluating the actual response status code against the expected one... @18-12-2021 02:01:56.0098 AM
[ReportManager] Assertion [ValidateComparativeRelation] PASSED. Expected [200] and Actual [200]. Comparison Type [EQUALS]. Validation Type [POSITIVE]. @18-12-2021 02:01:56.0098 AM
[ReportManager] API Action [PerformRequest] successfully performed. With the following test data [Request Type: "POST" | Target Status Code: "200" | Service URL: "https://api.spacex.land/graphql" | Content Type: "application/json" | Response Time: "269ms"]. @18-12-2021 02:01:56.0112 AM
[ReportManager] Successfully created attachment [API Request - Specifications] @18-12-2021 02:01:56.0113 AM
[ReportManager] Successfully created attachment [API Request - JSON Body] @18-12-2021 02:01:56.0113 AM
[ReportManager] Successfully created attachment [API Response - JSON Body] @18-12-2021 02:01:56.0114 AM
[ReportManager] API Action [GetResponseJSONValue] successfully performed. With the following test data [data.company.ceo]. @18-12-2021 02:01:56.0163 AM
[ReportManager] Assertion [ValidateEquals] PASSED. Expected [Elon Musk] and Actual [Elon Musk]. Comparison Type [EQUALS]. Validation Type [POSITIVE]. @18-12-2021 02:01:56.0163 A

################################################################################################################################################
Starting Execution:	[122 out of 146] test cases in the current suite
Test Method:		[testPackage01.Test_MatchJsonSchema.checkAPI_ResponseSchema]
################################################################################################################################################
[ReportManager] Response status code: [200], status line: [HTTP/1.1 200 OK] @18-12-2021 02:01:56.0282 AM
[ReportManager] Assertion Passed: Evaluating the actual response status code against the expected one... @18-12-2021 02:01:56.0282 AM
[ReportManager] Assertion [ValidateComparativeRelation] PASSED. Expected [200] and Actual [200]. Comparison Type [EQUALS]. Validation Type [POSITIVE]. @18-12-2021 02:01:56.0282 AM
[ReportManager] API Action [PerformRequest] successfully performed. With the following test data [Request Type: "GET" | Target Status Code: "200" | Service URL: "http://api.zippopotam.us/us/90210" | Content Type: "*/*" | Response Time: "111ms"]. @18-12-2021 02:01:56.0294 AM
[ReportManager] Successfully created attachment [API Request - Specifications] @18-12-2021 02:01:56.0294 AM
[ReportManager] Successfully created attachment [API Response - JSON Body] @18-12-2021 02:01:56.0295 AM
[ReportManager] File Action [GetAbsolutePath] successfully performed. With the following test data [Relative Folder Path: "src/test/resources/testDataFiles/schema.json"]. @18-12-2021 02:01:56.0296 AM
[ReportManager] File Action [GetAbsolutePath] successfully performed. With the following test data [Relative Folder Path: "/Users/runner/work/SHAFT_ENGINE/SHAFT_ENGINE/src/test/resources/testDataFiles/schema.json"]. @18-12-2021 02:01:57.0137 AM
[ReportManager] File Action [ReadFromFile] successfully performed. With the following test data [File Path: "/Users/runner/work/SHAFT_ENGINE/SHAFT_ENGINE/src/test/resources/testDataFiles/schema.json"]. @18-12-2021 02:01:57.0137 AM
[ReportManager] Assertion Passed: Then I Assert that the API response schema matches that in this file [src/test/resources/testDataFiles/schema.json]. @18-12-2021 02:01:57.0139 AM
[ReportManager] Successfully created attachment [Validation Test Data - Expected JSON Value] @18-12-2021 02:01:57.0140 AM
[ReportManager] Successfully created attachment [Validation Test Data - Actual JSON Value] @18-12-2021 02:01:57.0141 AM
[ReportManager] Assertion [ValidateResponseFileSchema] PASSED. Expected [Response data should match the JSON File in this path '/Users/runner/work/SHAFT_ENGINE/SHAFT_ENGINE/src/test/resources/testDataFiles/schema.json'] and Actual [TRUE]. Comparison Type [EQUALS]. Validation Type [POSITIVE]. @18-12-2021 02:01:57.0141 A
[ReportManager] File Action [GetAbsolutePath] successfully performed. With the following test data [Relative Folder Path: "target/downloadedFiles/"]. @18-12-2021 02:01:57.0145 AM
[ReportManager] Attempting to run locally on: [Mac-64], [Safari], Headless Execution. @18-12-2021 02:01:57.0145 AM
[ReportManager] Successfully Opened Safari. @18-12-2021 02:01:58.0013 AM
[ReportManager] Initial window size: (800, 600) @18-12-2021 02:01:58.0018 AM
[ReportManager] Window size after SWD Maximize: (1176, 803) @18-12-2021 02:01:58.0048 AM
[ReportManager] Browser Action [MaximizeWindow] successfully performed. With the following test data [New screen size is now: (1176, 803)]. @18-12-2021 02:01:58.0048 A

################################################################################################################################################
Starting Execution:	[123 out of 146] test cases in the current suite
Test Method:		[testPackage01.Test_dragAndDrop.dragAndDropJquery]
################################################################################################################################################
[ReportManager] Target URL: [https://jqueryui.com/resources/demos/droppable/default.html] @18-12-2021 02:01:58.0050 AM
[ReportManager] Initial URL: [] @18-12-2021 02:01:58.0235 AM
[ReportManager] Browser Action [NavigateToURL] successfully performed. With the following test data [https://jqueryui.com/resources/demos/droppable/default.html]. @18-12-2021 02:01:58.0777 AM
[ReportManager] Element Action [GetText] successfully performed. With the following test data [
	Drop here
]. @18-12-2021 02:01:58.0831 AM
[ReportManager] Element Action [DragAndDrop] successfully performed. With the following test data [Start point: (8, 18), End point: (8, 18)]. @18-12-2021 02:01:59.0892 AM
[ReportManager] Element Action [GetText] successfully performed. With the following test data [
	Dropped!
]. @18-12-2021 02:01:59.0925 AM
[ReportManager] Assertion Passed: Checking to see if the text has changed after performing drag and drop @18-12-2021 02:01:59.0926 AM
[ReportManager] Assertion [ValidateEquals] PASSED. Expected [
	Drop here
] and Actual [
	Dropped!
]. Comparison Type [EQUALS]. Validation Type [NEGATIVE]. @18-12-2021 02:01:59.0926 A
[ReportManager] Browser Action [CloseCurrentWindow] successfully performed. @18-12-2021 02:02:00.0327 AM
[ReportManager] Successfully created attachment [Browser Action Test Data - CloseCurrentWindow - Actual Value] @18-12-2021 02:02:00.0328 A
[ReportManager] File Action [GetAbsolutePath] successfully performed. With the following test data [Relative Folder Path: "target/downloadedFiles/"]. @18-12-2021 02:02:00.0330 AM
[ReportManager] Attempting to run locally on: [Mac-64], [Safari], Headless Execution. @18-12-2021 02:02:00.0330 AM
[ReportManager] Successfully Opened Safari. @18-12-2021 02:02:01.0155 AM
[ReportManager] Initial window size: (800, 600) @18-12-2021 02:02:01.0184 AM
[ReportManager] Window size after SWD Maximize: (1176, 803) @18-12-2021 02:02:01.0236 AM
[ReportManager] Browser Action [MaximizeWindow] successfully performed. With the following test data [New screen size is now: (1176, 803)]. @18-12-2021 02:02:01.0236 A

################################################################################################################################################
Starting Execution:	[124 out of 146] test cases in the current suite
Test Method:		[testPackage01.Test_dragAndDrop.dragAndDrop]
Test Description:	[TC001 - Test Drag and Drop function.]
################################################################################################################################################
[ReportManager] Target URL: [http://the-internet.herokuapp.com/drag_and_drop] @18-12-2021 02:02:06.0510 AM
[ReportManager] Initial URL: [] @18-12-2021 02:02:06.0539 AM
[ReportManager] Browser Action [NavigateToURL] successfully performed. With the following test data [http://the-internet.herokuapp.com/drag_and_drop]. @18-12-2021 02:02:08.0622 AM
[ReportManager] Attempting Drag and Drop @18-12-2021 02:02:08.0623 AM
[ReportManager] Element Action [DragAndDrop] successfully performed. With the following test data [Start point: (120, 89), End point: (335, 89)]. @18-12-2021 02:02:09.0337 A
[ReportManager] Browser Action [CloseCurrentWindow] successfully performed. @18-12-2021 02:02:09.0627 AM
[ReportManager] Successfully created attachment [Browser Action Test Data - CloseCurrentWindow - Actual Value] @18-12-2021 02:02:09.0668 A
[ReportManager] File Action [GetAbsolutePath] successfully performed. With the following test data [Relative Folder Path: "target/downloadedFiles/"]. @18-12-2021 02:02:09.0670 AM
[ReportManager] Attempting to run locally on: [Mac-64], [Safari], Headless Execution. @18-12-2021 02:02:09.0671 AM
[ReportManager] Successfully Opened Safari. @18-12-2021 02:02:10.0490 AM
[ReportManager] Initial window size: (800, 600) @18-12-2021 02:02:10.0510 AM
[ReportManager] Window size after SWD Maximize: (1176, 803) @18-12-2021 02:02:10.0524 AM
[ReportManager] Browser Action [MaximizeWindow] successfully performed. With the following test data [New screen size is now: (1176, 803)]. @18-12-2021 02:02:10.0524 A

################################################################################################################################################
Starting Execution:	[125 out of 146] test cases in the current suite
Test Method:		[testPackage01.Test_dragAndDrop.dragAndDropByOffset]
Test Description:	[TC002 - Test Drag and Drop by offset function.]
################################################################################################################################################
[ReportManager] Target URL: [https://jqueryui.com/resources/demos/draggable/default.html] @18-12-2021 02:02:10.0571 AM
[ReportManager] Initial URL: [] @18-12-2021 02:02:10.0602 AM
[ReportManager] Browser Action [NavigateToURL] successfully performed. With the following test data [https://jqueryui.com/resources/demos/draggable/default.html]. @18-12-2021 02:02:11.0211 AM
[ReportManager] Element Action [DragAndDropByOffset] successfully performed. With the following test data [Start point: (8, 8), End point: (108, 58)]. @18-12-2021 02:02:12.0022 A
[ReportManager] Browser Action [CloseCurrentWindow] successfully performed. @18-12-2021 02:02:12.0318 AM
[ReportManager] Successfully created attachment [Browser Action Test Data - CloseCurrentWindow - Actual Value] @18-12-2021 02:02:12.0318 A
[ReportManager] Successfully loaded the following test data file [src/test/resources/testDataFiles/testSuite01/TestData.xlsx]. @18-12-2021 02:02:12.0352 AM
[ReportManager] Successfully created attachment [Test Data - Excel] @18-12-2021 02:02:12.0353 AM
[ReportManager] File Action [GetAbsolutePath] successfully performed. With the following test data [Relative Folder Path: "target/downloadedFiles/"]. @18-12-2021 02:02:12.0353 AM
[ReportManager] Attempting to run locally on: [Mac-64], [Safari], Headless Execution. @18-12-2021 02:02:12.0353 AM
[ReportManager] Successfully Opened Safari. @18-12-2021 02:02:13.0185 AM
[ReportManager] Initial window size: (800, 600) @18-12-2021 02:02:13.0207 AM
[ReportManager] Window size after SWD Maximize: (1176, 803) @18-12-2021 02:02:13.0222 AM
[ReportManager] Browser Action [MaximizeWindow] successfully performed. With the following test data [New screen size is now: (1176, 803)]. @18-12-2021 02:02:13.0222 A

################################################################################################################################################
Starting Execution:	[126 out of 146] test cases in the current suite
Test Method:		[testPackage01.Test_google.navigateToURLandVerifyGoogleLogoIsDisplayed]
Test Description:	[TC001 - Navigate to URL and Verify Google Logo is Displayed]
################################################################################################################################################
[ReportManager] Target URL: [https://www.google.com/ncr], and after redirection: [https://www.google.com] @18-12-2021 02:02:13.0228 AM
[ReportManager] Initial URL: [] @18-12-2021 02:02:13.0282 AM
[ReportManager] Browser Action [NavigateToURL] successfully performed. With the following test data [https://www.google.com/ncr]. @18-12-2021 02:02:15.0007 AM
[ReportManager] Loaded Shared OpenCV @18-12-2021 02:02:15.0100 AM
[ReportManager] Assertion Passed: Then I Assert that the element found by [By.xpath: //*[@id='hplogo' or @alt='Google']] exists. @18-12-2021 02:02:21.0908 AM
[ReportManager] Successfully created attachment [Screenshot - 1639792935100_navigateToURLandVerifyGoogleLogoIsDisplayed_ValidateElementExists_passed] @18-12-2021 02:02:21.0911 AM
[ReportManager] Assertion [ValidateElementExists] PASSED. Expected [Element Should Exist, locator 'By.xpath: //*[@id='hplogo' or @alt='Google']'] and Actual [Element Exists]. Comparison Type [EQUALS]. Validation Type [POSITIVE]. @18-12-2021 02:02:21.0911 A

################################################################################################################################################
Starting Execution:	[127 out of 146] test cases in the current suite
Test Method:		[testPackage01.Test_google.searchForQueryandAssertResultsNumDisplayed]
Test Description:	[TC002 - Search for Query and Assert that the number of results is displayed]
################################################################################################################################################
[ReportManager] Element Action [Type] successfully performed. With the following test data [SHAFT_Engine]. @18-12-2021 02:02:22.0142 AM
[ReportManager] Element Action [KeyPress] successfully performed. With the following test data [Enter]. @18-12-2021 02:02:22.0198 AM
[ReportManager] Element Action [GetText] successfully performed. With the following test data [About 813,000 results (0.64 seconds)Â ]. @18-12-2021 02:02:23.0275 AM
[ReportManager] Loaded Shared OpenCV @18-12-2021 02:02:24.0094 AM
[ReportManager] Assertion Passed: Then I Assert that the element found by [By.id: appbar] text does not equal []. @18-12-2021 02:02:24.0226 AM
[ReportManager] Successfully created attachment [Screenshot - 1639792944094_searchForQueryandAssertResultsNumDisplayed_ValidateElementAttribute_passed] @18-12-2021 02:02:24.0229 AM
[ReportManager] Assertion [ValidateElementAttribute] PASSED. Expected [Value Should not be '' for the 'text' attribute, element locator 'By.id: appbar'] and Actual [About 813,000 results (0.64 seconds)Â ]. Comparison Type [EQUALS]. Validation Type [NEGATIVE]. @18-12-2021 02:02:24.0229 A

################################################################################################################################################
Starting Execution:	[128 out of 146] test cases in the current suite
Test Method:		[testPackage01.Test_google.clickNextThrice]
Test Description:	[TC003 - Clicks the next button to make sure that the framework can scroll element into view before clicking it]
################################################################################################################################################
[ReportManager] Element Action [Click] successfully performed. With the following test data [By.xpath: //span[text()='Next']]. @18-12-2021 02:02:24.0535 A
[ReportManager] Successfully Closed All Drivers. @18-12-2021 02:02:24.0645 A
[ReportManager] File Action [GetAbsolutePath] successfully performed. With the following test data [Relative Folder Path: "target/downloadedFiles/"]. @18-12-2021 02:02:24.0647 AM
[ReportManager] Attempting to run locally on: [Mac-64], [Safari], Headless Execution. @18-12-2021 02:02:24.0647 AM
[ReportManager] Successfully Opened Safari. @18-12-2021 02:02:25.0474 AM
[ReportManager] Initial window size: (800, 600) @18-12-2021 02:02:25.0506 AM
[ReportManager] Window size after SWD Maximize: (1176, 803) @18-12-2021 02:02:25.0527 AM
[ReportManager] Browser Action [MaximizeWindow] successfully performed. With the following test data [New screen size is now: (1176, 803)]. @18-12-2021 02:02:25.0527 A

################################################################################################################################################
Starting Execution:	[129 out of 146] test cases in the current suite
Test Method:		[testPackage01.Test_chainableElementActions.chainElementActions]
################################################################################################################################################
[ReportManager] Target URL: [https://www.google.com/ncr], and after redirection: [https://www.google.com] @18-12-2021 02:02:25.0530 AM
[ReportManager] Initial URL: [] @18-12-2021 02:02:25.0588 AM
[ReportManager] Browser Action [NavigateToURL] successfully performed. With the following test data [https://www.google.com/ncr]. @18-12-2021 02:02:27.0294 AM
[ReportManager] Element Action [Type] successfully performed. With the following test data [chained type 1]. @18-12-2021 02:02:27.0520 AM
[ReportManager] Element Action [Type] successfully performed. With the following test data [chained type 2]. @18-12-2021 02:02:27.0709 AM
[ReportManager] Element Action [TypeAppend] successfully performed. With the following test data [345]. @18-12-2021 02:02:27.0773 AM
[ReportManager] Element Action [GetText] successfully performed. With the following test data [chained type 2345]. @18-12-2021 02:02:27.0835 AM
[ReportManager] Loaded Shared OpenCV @18-12-2021 02:02:27.0902 AM
[ReportManager] Assertion Passed: Then I Assert that the element found by [By.name: q] text is equal to [chained type 2345]. @18-12-2021 02:02:28.0035 AM
[ReportManager] Successfully created attachment [Screenshot - 1639792947901_chainElementActions_ValidateElementAttribute_passed] @18-12-2021 02:02:28.0038 AM
[ReportManager] Assertion [ValidateElementAttribute] PASSED. Expected [Value Should be 'chained type 2345' for the 'text' attribute, element locator 'By.name: q'] and Actual [chained type 2345]. Comparison Type [EQUALS]. Validation Type [POSITIVE]. @18-12-2021 02:02:28.0038 A
[ReportManager] Successfully Closed All Drivers. @18-12-2021 02:02:28.0301 A
[ReportManager] File Action [GetAbsolutePath] successfully performed. With the following test data [Relative Folder Path: "target/downloadedFiles/"]. @18-12-2021 02:02:28.0303 AM
[ReportManager] Attempting to run locally on: [Mac-64], [Safari], Headless Execution. @18-12-2021 02:02:28.0304 AM
[ReportManager] Successfully Opened Safari. @18-12-2021 02:02:29.0194 AM
[ReportManager] Initial window size: (800, 600) @18-12-2021 02:02:29.0211 AM
[ReportManager] Window size after SWD Maximize: (1176, 803) @18-12-2021 02:02:29.0243 AM
[ReportManager] Browser Action [MaximizeWindow] successfully performed. With the following test data [New screen size is now: (1176, 803)]. @18-12-2021 02:02:29.0243 A

################################################################################################################################################
Starting Execution:	[130 out of 146] test cases in the current suite
Test Method:		[testPackage01.Test_RelativeLocators.relativeLocatorsTest1]
################################################################################################################################################
[ReportManager] Target URL: [https://duckduckgo.com/] @18-12-2021 02:02:29.0248 AM
[ReportManager] Initial URL: [] @18-12-2021 02:02:29.0312 AM
[ReportManager] Browser Action [NavigateToURL] successfully performed. With the following test data [https://duckduckgo.com/]. @18-12-2021 02:02:30.0191 AM
[ReportManager] Element Action [Type] successfully performed. With the following test data [SHAFT_Engine]. @18-12-2021 02:02:30.0665 AM
[ReportManager] Element Action [KeyPress] successfully performed. With the following test data [ENTER]. @18-12-2021 02:02:31.0451 AM
[ReportManager] Element Action [GetText] successfully performed. With the following test data [GitHub - MohabMohie/SHAFT_ENGINE: SHAFT_ENGINE is a Test ...]. @18-12-2021 02:02:32.0825 AM
[ReportManager] Loaded Shared OpenCV @18-12-2021 02:02:32.0970 AM
[ReportManager] Assertion Passed: Then I Assert that the element found by [Relative Locator: {root={xpath=//a[@class='result__a js-result-title-link']}, filters=[{kind=below, args=[{xpath=//input[@name='q']}]}]}] text does not equal []. @18-12-2021 02:02:33.0117 AM
[ReportManager] Successfully created attachment [Screenshot - 1639792952969_relativeLocatorsTest1_ValidateElementAttribute_passed] @18-12-2021 02:02:33.0123 AM
[ReportManager] Assertion [ValidateElementAttribute] PASSED. Expected [Value Should not be '' for the 'text' attribute, element locator '[unknown locator]'] and Actual [GitHub - MohabMohie/SHAFT_ENGINE: SHAFT_ENGINE is a Test ...]. Comparison Type [EQUALS]. Validation Type [NEGATIVE]. @18-12-2021 02:02:33.0123 A
[ReportManager] Browser Action [CloseCurrentWindow] successfully performed. @18-12-2021 02:02:33.0243 AM
[ReportManager] Successfully created attachment [Browser Action Test Data - CloseCurrentWindow - Actual Value] @18-12-2021 02:02:33.0244 A

################################################################################################################################################
Starting Execution:	[131 out of 146] test cases in the current suite
Test Method:		[testPackage01.Test_JsonCompareWithSpecialCharacters.specialCharacters]
################################################################################################################################################
[ReportManager] File Action [GetAbsolutePath] successfully performed. With the following test data [Relative Folder Path: "src/test/resources/testDataFiles/specialCharacters.json"]. @18-12-2021 02:02:33.0249 AM
[ReportManager] File Action [ReadFromFile] successfully performed. With the following test data [File Path: "/Users/runner/work/SHAFT_ENGINE/SHAFT_ENGINE/src/test/resources/testDataFiles/specialCharacters.json"]. @18-12-2021 02:02:33.0250 AM
[ReportManager] Successfully created attachment [File Action Actual Result - Command Log] @18-12-2021 02:02:33.0250 AM
[ReportManager] Comparing the provided API response with the file at this path "src/test/resources/testDataFiles/specialCharacters.json", comparison type "EQUALS" @18-12-2021 02:02:33.0252 AM
[ReportManager] API Action [CompareJSON] successfully performed. With the following test data [src/test/resources/testDataFiles/specialCharacters.json]. @18-12-2021 02:02:33.0261 AM
[ReportManager] File Action [GetAbsolutePath] successfully performed. With the following test data [Relative Folder Path: "src/test/resources/testDataFiles/specialCharacters.json"]. @18-12-2021 02:02:33.0261 AM
[ReportManager] File Action [ReadFromFile] successfully performed. With the following test data [File Path: "/Users/runner/work/SHAFT_ENGINE/SHAFT_ENGINE/src/test/resources/testDataFiles/specialCharacters.json"]. @18-12-2021 02:02:33.0261 AM
[ReportManager] Verification [ValidateJSONFileContent] PASSED. Expected [Response data should match the JSON File in this path 'src/test/resources/testDataFiles/specialCharacters.json'] and Actual [TRUE]. Comparison Type [EQUALS]. Validation Type [POSITIVE]. @18-12-2021 02:02:33.0266 AM
[ReportManager] Successfully created attachment [Validation Test Data - Expected JSON Value] @18-12-2021 02:02:33.0267 AM
[ReportManager] Successfully created attachment [Validation Test Data - Actual JSON Value] @18-12-2021 02:02:33.0267 A

################################################################################################################################################
Starting Execution:	[132 out of 146] test cases in the current suite
Test Method:		[testPackage01.Test_JsonCompareWithSpecialCharacters.specialCharacters_assertion]
################################################################################################################################################
[ReportManager] File Action [GetAbsolutePath] successfully performed. With the following test data [Relative Folder Path: "src/test/resources/testDataFiles/specialCharacters.json"]. @18-12-2021 02:02:33.0271 AM
[ReportManager] File Action [ReadFromFile] successfully performed. With the following test data [File Path: "/Users/runner/work/SHAFT_ENGINE/SHAFT_ENGINE/src/test/resources/testDataFiles/specialCharacters.json"]. @18-12-2021 02:02:33.0271 AM
[ReportManager] Successfully created attachment [File Action Actual Result - Command Log] @18-12-2021 02:02:33.0272 AM
[ReportManager] Comparing the provided API response with the file at this path "src/test/resources/testDataFiles/specialCharacters.json", comparison type "CONTAINS" @18-12-2021 02:02:33.0272 AM
[ReportManager] API Action [CompareJSON] successfully performed. With the following test data [src/test/resources/testDataFiles/specialCharacters.json]. @18-12-2021 02:02:33.0282 AM
[ReportManager] File Action [GetAbsolutePath] successfully performed. With the following test data [Relative Folder Path: "src/test/resources/testDataFiles/specialCharacters.json"]. @18-12-2021 02:02:33.0282 AM
[ReportManager] File Action [ReadFromFile] successfully performed. With the following test data [File Path: "/Users/runner/work/SHAFT_ENGINE/SHAFT_ENGINE/src/test/resources/testDataFiles/specialCharacters.json"]. @18-12-2021 02:02:33.0283 AM
[ReportManager] Assertion Passed: trying out the log message @18-12-2021 02:02:33.0287 AM
[ReportManager] Successfully created attachment [Validation Test Data - Expected JSON Value] @18-12-2021 02:02:33.0288 AM
[ReportManager] Successfully created attachment [Validation Test Data - Actual JSON Value] @18-12-2021 02:02:33.0288 AM
[ReportManager] Assertion [ValidateJSONFileContent] PASSED. Expected [Response data should match the JSON File in this path 'src/test/resources/testDataFiles/specialCharacters.json'] and Actual [TRUE]. Comparison Type [CONTAINS]. Validation Type [POSITIVE]. @18-12-2021 02:02:33.0288 A

################################################################################################################################################
Starting Execution:	[133 out of 146] test cases in the current suite
Test Method:		[testPackage01.Test_SkipDueToIssue.doNotSkip]
################################################################################################################################################
[ReportManager] This should not be skipped. @18-12-2021 02:02:33.0292 A

################################################################################################################################################
Starting Execution:	[134 out of 146] test cases in the current suite
Test Method:		[testPackage01.Test_SkipDueToIssue.skip]
################################################################################################################################################
[ReportManager] This should be skipped. @18-12-2021 02:02:33.0298 A

################################################################################################################################################
Starting Execution:	[135 out of 146] test cases in the current suite
Test Method:		[testPackage01.Test_SkipDueToIssue.skip2]
################################################################################################################################################
[ReportManager] This should be skipped. @18-12-2021 02:02:33.0304 A

################################################################################################################################################
Starting Execution:	[136 out of 146] test cases in the current suite
Test Method:		[testPackage01.Test_JSONFileManager.readStringFromJson]
################################################################################################################################################
[ReportManager] File Action [GetAbsolutePath] successfully performed. With the following test data [Relative Folder Path: "src/test/resources/testDataFiles/simpleJSON.json"]. @18-12-2021 02:02:33.0309 AM
[ReportManager] Successfully loaded the following test data file [src/test/resources/testDataFiles/simpleJSON.json]. @18-12-2021 02:02:33.0309 AM
[ReportManager] Successfully created attachment [Test Data - JSON] @18-12-2021 02:02:33.0310 AM
[ReportManager] File Action [GetAbsolutePath] successfully performed. With the following test data [Relative Folder Path: "src/test/resources/testDataFiles/simpleJSON.json"]. @18-12-2021 02:02:33.0311 AM
[ReportManager] Assertion [ValidateEquals] PASSED. Expected [Mohab Mohie] and Actual [Mohab Mohie]. Comparison Type [EQUALS]. Validation Type [POSITIVE]. @18-12-2021 02:02:33.0326 A
[ReportManager] File Action [GetAbsolutePath] successfully performed. With the following test data [Relative Folder Path: "target/downloadedFiles/"]. @18-12-2021 02:02:33.0328 AM
[ReportManager] Attempting to run locally on: [Mac-64], [Safari], Headless Execution. @18-12-2021 02:02:33.0329 AM
[ReportManager] An Exception Occured with this Message: Could not start a new session. Possible causes are invalid address of the remote server or browser start-up failure.. @18-12-2021 02:02:33.0577 AM
[ReportManager] Successfully created attachment [Exception Stack Trace - org.openqa.selenium.SessionNotCreatedException] @18-12-2021 02:02:33.0619 AM
[ReportManager] Driver Factory Action [createNewLocalDriverInstanceForSafari] failed. With the following test data [Failed to create a session on DESKTOP_SAFARI]. @18-12-2021 02:02:33.0619 A

################################################################################################################################################
Starting Execution:	[137 out of 146] test cases in the current suite
Test Method:		[testPackage01.Test_assertEquals.test_assertElementAttribute]
###############################################################################################################################################

[ReportManager] File Action [GetAbsolutePath] successfully performed. With the following test data [Relative Folder Path: "target/downloadedFiles/"]. @18-12-2021 02:02:33.0875 AM
[ReportManager] Attempting to run locally on: [Mac-64], [Safari], Headless Execution. @18-12-2021 02:02:33.0876 AM
[ReportManager] Successfully Opened Safari. @18-12-2021 02:02:34.0718 AM
[ReportManager] Initial window size: (800, 600) @18-12-2021 02:02:34.0743 AM
[ReportManager] Window size after SWD Maximize: (1176, 803) @18-12-2021 02:02:34.0758 AM
[ReportManager] Browser Action [MaximizeWindow] successfully performed. With the following test data [New screen size is now: (1176, 803)]. @18-12-2021 02:02:34.0758 A

################################################################################################################################################
Starting Execution:	[138 out of 146] test cases in the current suite
Test Method:		[testPackage01.Test_IsElementClickable.testIsElementClickable]
################################################################################################################################################
[ReportManager] Target URL: [https://the-internet.herokuapp.com/] @18-12-2021 02:02:34.0805 AM
[ReportManager] Initial URL: [] @18-12-2021 02:02:34.0834 AM
[ReportManager] Browser Action [NavigateToURL] successfully performed. With the following test data [https://the-internet.herokuapp.com/]. @18-12-2021 02:02:35.0931 AM
[ReportManager] Element Action [IsElementClickable] successfully performed. @18-12-2021 02:02:35.0993 AM
[ReportManager] Assertion [ValidateTrue] PASSED. Expected [TRUE] and Actual [TRUE]. Validation Type [POSITIVE]. @18-12-2021 02:02:35.0994 A
[ReportManager] Browser Action [CloseCurrentWindow] successfully performed. @18-12-2021 02:02:36.0395 AM
[ReportManager] Successfully created attachment [Browser Action Test Data - CloseCurrentWindow - Actual Value] @18-12-2021 02:02:36.0396 A
[ReportManager] Successfully loaded the following test data file [src/test/resources/testDataFiles/testSuite01/TestData.xlsx]. @18-12-2021 02:02:36.0426 AM
[ReportManager] Successfully created attachment [Test Data - Excel] @18-12-2021 02:02:36.0427 AM
[ReportManager] Attempting to run using Playwright locally on: [Mac-64], [Safari], Headless Execution. @18-12-2021 02:02:59.0545 AM
[ReportManager] File Action [GetAbsolutePath] successfully performed. With the following test data [Relative Folder Path: "target/downloadedFiles/"]. @18-12-2021 02:02:59.0547 AM
[ReportManager] Initial window size: (1280, 720) @18-12-2021 02:03:04.0385 AM
[ReportManager] Window size after Toolkit: com.microsoft.playwright.options.ViewportSize@1a5f16cd @18-12-2021 02:03:04.0394 AM
[ReportManager] Browser Action [MaximizeWindow] successfully performed. With the following test data [New screen size is now: (1920, 1080)]. @18-12-2021 02:03:04.0395 A

################################################################################################################################################
Starting Execution:	[139 out of 146] test cases in the current suite
Test Method:		[testPackage01.Test_google_playwright.navigateToURLandVerifyGoogleLogoIsDisplayed]
Test Description:	[TC001 - Navigate to URL and Verify Google Logo is Displayed]
################################################################################################################################################
[ReportManager] Target URL: [https://www.google.com/ncr], and after redirection: [https://www.google.com] @18-12-2021 02:03:04.0398 AM
[ReportManager] Initial URL: [about:blank] @18-12-2021 02:03:04.0966 AM
[ReportManager] Browser Action [NavigateToURL] successfully performed. With the following test data [https://www.google.com/ncr]. @18-12-2021 02:03:08.0161 AM
[ReportManager] Loaded Shared OpenCV @18-12-2021 02:03:08.0268 AM
[ReportManager] Assertion [ValidateElementExists] PASSED. Expected [Element Should Exist, locator 'xpath=//*[@id='hplogo' or @alt='Google']'] and Actual [Element Exists]. Comparison Type [EQUALS]. Validation Type [POSITIVE]. @18-12-2021 02:03:08.0456 AM
[ReportManager] Successfully created attachment [Screenshot - 1639792988265_navigateToURLandVerifyGoogleLogoIsDisplayed_ValidateElementExists_passed] @18-12-2021 02:03:08.0458 A

################################################################################################################################################
Starting Execution:	[140 out of 146] test cases in the current suite
Test Method:		[testPackage01.Test_google_playwright.searchForQueryandAssertResultsNumDisplayed]
Test Description:	[TC002 - Search for Query and Assert that the number of results is displayed]
################################################################################################################################################
[ReportManager] Element Action [Type] successfully performed. With the following test data [SHAFT_Engine]. @18-12-2021 02:03:08.0667 AM
[ReportManager] Element Action [KeyPress] successfully performed. With the following test data [Enter]. @18-12-2021 02:03:08.0698 AM
[ReportManager] Element Action [GetText] successfully performed. With the following test data [About 813,000 results (0.58 seconds)Â 
]. @18-12-2021 02:03:09.0626 AM
[ReportManager] Loaded Shared OpenCV @18-12-2021 02:03:11.0778 AM
[ReportManager] Assertion [ValidateElementAttribute] PASSED. Expected [Value Should not be '' for the 'text' attribute, element locator 'xpath=//div[@id='appbar']'] and Actual [About 813,000 results (0.58 seconds)Â 
]. Comparison Type [EQUALS]. Validation Type [NEGATIVE]. @18-12-2021 02:03:11.0995 AM
[ReportManager] Successfully created attachment [Screenshot - 1639792991776_searchForQueryandAssertResultsNumDisplayed_ValidateElementAttribute_passed] @18-12-2021 02:03:11.0997 A

################################################################################################################################################
Starting Execution:	[141 out of 146] test cases in the current suite
Test Method:		[testPackage01.Test_google_playwright.clickNextThrice]
Test Description:	[TC003 - Clicks the next button to make sure that the framework can scroll element into view before clicking it]
################################################################################################################################################
[ReportManager] Element Action [Click] successfully performed. With the following test data [Next]. @18-12-2021 02:03:12.0407 A
[ReportManager] Failed to find video recording. @18-12-2021 02:03:12.0410 AM
[ReportManager] Successfully Closed PlayWright Driver. @18-12-2021 02:03:12.0462 A
[ReportManager] File Action [GetAbsolutePath] successfully performed. With the following test data [Relative Folder Path: "target/downloadedFiles/"]. @18-12-2021 02:03:12.0463 AM
[ReportManager] Attempting to run locally on: [Mac-64], [Safari], Headless Execution. @18-12-2021 02:03:12.0464 AM
[ReportManager] Successfully Opened Safari. @18-12-2021 02:03:13.0406 AM
[ReportManager] Initial window size: (800, 600) @18-12-2021 02:03:13.0426 AM
[ReportManager] Window size after SWD Maximize: (1176, 803) @18-12-2021 02:03:13.0448 AM
[ReportManager] Browser Action [MaximizeWindow] successfully performed. With the following test data [New screen size is now: (1176, 803)]. @18-12-2021 02:03:13.0448 A

################################################################################################################################################
Starting Execution:	[142 out of 146] test cases in the current suite
Test Method:		[testPackage01.Test_verifyEquals.test_assertElementAttribute]
################################################################################################################################################
[ReportManager] Target URL: [https://www.google.com/ncr], and after redirection: [https://www.google.com] @18-12-2021 02:03:13.0451 AM
[ReportManager] Initial URL: [] @18-12-2021 02:03:13.0528 AM
[ReportManager] Browser Action [NavigateToURL] successfully performed. With the following test data [https://www.google.com/ncr]. @18-12-2021 02:03:15.0699 AM
[ReportManager] Element Action [Type] successfully performed. With the following test data [INC_004010050:Another SCHEDULER with the same name [Duplicate Job Name] already exists.]. @18-12-2021 02:03:16.0559 AM
[ReportManager] Element Action [GetText] successfully performed. With the following test data [INC_004010050:Another SCHEDULER with the same name [Duplicate Job Name] already exists.]. @18-12-2021 02:03:16.0611 AM
[ReportManager] Loaded Shared OpenCV @18-12-2021 02:03:16.0675 AM
[ReportManager] Verification [ValidateElementAttribute] PASSED. Expected [Value Should be 'INC_004010050:Another SCHEDULER with the same name \[Duplicate Job Name\] already exists.' for the 'text' attribute, element locator 'By.name: q'] and Actual [INC_004010050:Another SCHEDULER with the same name [Duplicate Job Name] already exists.]. Comparison Type [MATCHES]. Validation Type [POSITIVE]. @18-12-2021 02:03:17.0110 AM
[ReportManager] Successfully created attachment [Screenshot - 1639792996675_test_assertElementAttribute_ValidateElementAttribute_passed] @18-12-2021 02:03:17.0112 A
[ReportManager] Browser Action [CloseCurrentWindow] successfully performed. @18-12-2021 02:03:17.0406 AM
[ReportManager] Successfully created attachment [Browser Action Test Data - CloseCurrentWindow - Actual Value] @18-12-2021 02:03:17.0407 A

################################################################################################################################################
Starting Execution:	[143 out of 146] test cases in the current suite
Test Method:		[testPackage01.Test_SelectedValue.multipleSelect]
################################################################################################################################################
[ReportManager] File Action [GetAbsolutePath] successfully performed. With the following test data [Relative Folder Path: "target/downloadedFiles/"]. @18-12-2021 02:03:17.0411 AM
[ReportManager] Attempting to run locally on: [Mac-64], [GoogleChrome], Headless Execution. @18-12-2021 02:03:17.0413 AM
[ReportManager] Identifying OS/Driver combination and selecting the correct driver version automatically. Please note that if a new driver executable will be downloaded it may take some time... @18-12-2021 02:03:17.0413 AM
[ReportManager] Successfully Opened Google Chrome. @18-12-2021 02:03:20.0923 AM
[ReportManager] Initial window size: (1920, 1080) @18-12-2021 02:03:20.0928 AM
[ReportManager] Window size after SWD Maximize: (1920, 1080) @18-12-2021 02:03:21.0178 AM
[ReportManager] Window size after Toolkit: (1920, 1080) @18-12-2021 02:03:21.0698 AM
[ReportManager] Browser Action [MaximizeWindow] successfully performed. With the following test data [New screen size is now: (1920, 1080)]. @18-12-2021 02:03:21.0701 AM
[ReportManager] Target URL: [https://yari-demos.prod.mdn.mozit.cloud/en-US/docs/Web/HTML/Element/select/_sample_.Advanced_select_with_multiple_features.html] @18-12-2021 02:03:21.0701 AM
[ReportManager] Initial URL: [data:,] @18-12-2021 02:03:21.0733 AM
[ReportManager] Browser Action [NavigateToURL] successfully performed. With the following test data [https://yari-demos.prod.mdn.mozit.cloud/en-US/docs/Web/HTML/Element/select/_sample_.Advanced_select_with_multiple_features.html]. @18-12-2021 02:03:22.0122 AM
[ReportManager] Element Action [Select] successfully performed. With the following test data [Dog]. @18-12-2021 02:03:22.0340 AM
[ReportManager] Element Action [Select] successfully performed. With the following test data [Cat]. @18-12-2021 02:03:22.0501 AM
[ReportManager] Element Action [GetSelectedText] successfully performed. With the following test data [DogCat]. @18-12-2021 02:03:22.0618 AM
[ReportManager] DogCat @18-12-2021 02:03:22.0618 AM
[ReportManager] Element Action [GetSelectedText] successfully performed. With the following test data [DogCat]. @18-12-2021 02:03:22.0715 AM
[ReportManager] Loaded Shared OpenCV @18-12-2021 02:03:23.0127 AM
[ReportManager] Assertion [ValidateElementAttribute] PASSED. Expected [Value Should be 'DogCat' for the 'selectedText' attribute, element locator 'By.tagName: select'] and Actual [DogCat]. Comparison Type [EQUALS]. Validation Type [POSITIVE]. @18-12-2021 02:03:23.0300 AM
[ReportManager] Successfully created attachment [Screenshot - 1639793003127_multipleSelect_ValidateElementAttribute_passed] @18-12-2021 02:03:23.0301 AM
[ReportManager] Browser Action [CloseCurrentWindow] successfully performed. @18-12-2021 02:03:23.0552 AM
[ReportManager] Successfully created attachment [Browser Action Test Data - CloseCurrentWindow - Actual Value] @18-12-2021 02:03:23.0553 A

################################################################################################################################################
Starting Execution:	[144 out of 146] test cases in the current suite
Test Method:		[testPackage01.Test_SelectedValue.simpleSelect]
################################################################################################################################################
[ReportManager] File Action [GetAbsolutePath] successfully performed. With the following test data [Relative Folder Path: "target/downloadedFiles/"]. @18-12-2021 02:03:23.0557 AM
[ReportManager] Attempting to run locally on: [Mac-64], [GoogleChrome], Headless Execution. @18-12-2021 02:03:23.0558 AM
[ReportManager] Identifying OS/Driver combination and selecting the correct driver version automatically. Please note that if a new driver executable will be downloaded it may take some time... @18-12-2021 02:03:23.0558 AM
[ReportManager] Successfully Opened Google Chrome. @18-12-2021 02:03:24.0089 AM
[ReportManager] Initial window size: (1920, 1080) @18-12-2021 02:03:24.0095 AM
[ReportManager] Window size after SWD Maximize: (1920, 1080) @18-12-2021 02:03:24.0204 AM
[ReportManager] Window size after Toolkit: (1920, 1080) @18-12-2021 02:03:24.0778 AM
[ReportManager] Browser Action [MaximizeWindow] successfully performed. With the following test data [New screen size is now: (1920, 1080)]. @18-12-2021 02:03:24.0781 AM
[ReportManager] Target URL: [https://yari-demos.prod.mdn.mozit.cloud/en-US/docs/Web/HTML/Element/select/_sample_.Basic_select.html] @18-12-2021 02:03:24.0781 AM
[ReportManager] Initial URL: [data:,] @18-12-2021 02:03:24.0811 AM
[ReportManager] Browser Action [NavigateToURL] successfully performed. With the following test data [https://yari-demos.prod.mdn.mozit.cloud/en-US/docs/Web/HTML/Element/select/_sample_.Basic_select.html]. @18-12-2021 02:03:25.0021 AM
[ReportManager] Element Action [Select] successfully performed. With the following test data [Third Value]. @18-12-2021 02:03:25.0285 AM
[ReportManager] Element Action [GetSelectedText] successfully performed. With the following test data [Third Value]. @18-12-2021 02:03:25.0365 AM
[ReportManager] Third Value @18-12-2021 02:03:25.0366 AM
[ReportManager] Element Action [GetSelectedText] successfully performed. With the following test data [Third Value]. @18-12-2021 02:03:25.0429 AM
[ReportManager] Loaded Shared OpenCV @18-12-2021 02:03:25.0765 AM
[ReportManager] Assertion [ValidateElementAttribute] PASSED. Expected [Value Should be 'Third Value' for the 'selectedText' attribute, element locator 'By.tagName: select'] and Actual [Third Value]. Comparison Type [EQUALS]. Validation Type [POSITIVE]. @18-12-2021 02:03:25.0930 AM
[ReportManager] Successfully created attachment [Screenshot - 1639793005765_simpleSelect_ValidateElementAttribute_passed] @18-12-2021 02:03:25.0931 AM
[ReportManager] Browser Action [CloseCurrentWindow] successfully performed. @18-12-2021 02:03:26.0066 AM
[ReportManager] Successfully created attachment [Browser Action Test Data - CloseCurrentWindow - Actual Value] @18-12-2021 02:03:26.0066 A
[ReportManager] File Action [GetAbsolutePath] successfully performed. With the following test data [Relative Folder Path: "target/downloadedFiles/"]. @18-12-2021 02:03:26.0069 AM
[ReportManager] Attempting to run locally on: [Mac-64], [Safari], Headless Execution. @18-12-2021 02:03:26.0069 AM
[ReportManager] Successfully Opened Safari. @18-12-2021 02:03:26.0918 AM
[ReportManager] Initial window size: (800, 600) @18-12-2021 02:03:26.0944 AM
[ReportManager] Window size after SWD Maximize: (1176, 803) @18-12-2021 02:03:26.0959 AM
[ReportManager] Browser Action [MaximizeWindow] successfully performed. With the following test data [New screen size is now: (1176, 803)]. @18-12-2021 02:03:26.0959 A

################################################################################################################################################
Starting Execution:	[145 out of 146] test cases in the current suite
Test Method:		[testPackage01.Test_dynamicLoading.dynamicLoading_elementIsHidden]
################################################################################################################################################
[ReportManager] Target URL: [https://the-internet.herokuapp.com/dynamic_loading/1] @18-12-2021 02:03:26.0962 AM
[ReportManager] Initial URL: [] @18-12-2021 02:03:27.0023 AM
[ReportManager] Browser Action [NavigateToURL] successfully performed. With the following test data [https://the-internet.herokuapp.com/dynamic_loading/1]. @18-12-2021 02:03:28.0126 AM
[ReportManager] Element Action [Click] successfully performed. With the following test data [By.xpath: //button[text()='Start']]. @18-12-2021 02:03:28.0392 AM
[ReportManager] Element Action [GetText] successfully performed. With the following test data [
    Hello World!
  ]. @18-12-2021 02:03:28.0433 A
[ReportManager] Browser Action [CloseCurrentWindow] successfully performed. @18-12-2021 02:03:28.0869 AM
[ReportManager] Successfully created attachment [Browser Action Test Data - CloseCurrentWindow - Actual Value] @18-12-2021 02:03:28.0870 A
[ReportManager] File Action [GetAbsolutePath] successfully performed. With the following test data [Relative Folder Path: "target/downloadedFiles/"]. @18-12-2021 02:03:28.0871 AM
[ReportManager] Attempting to run locally on: [Mac-64], [Safari], Headless Execution. @18-12-2021 02:03:28.0872 AM
[ReportManager] Successfully Opened Safari. @18-12-2021 02:03:29.0725 AM
[ReportManager] Initial window size: (800, 600) @18-12-2021 02:03:29.0767 AM
[ReportManager] Window size after SWD Maximize: (1176, 803) @18-12-2021 02:03:29.0813 AM
[ReportManager] Browser Action [MaximizeWindow] successfully performed. With the following test data [New screen size is now: (1176, 803)]. @18-12-2021 02:03:29.0813 A

################################################################################################################################################
Starting Execution:	[146 out of 146] test cases in the current suite
Test Method:		[testPackage01.Test_dynamicLoading.dynamicLoading_elementIsRendered]
################################################################################################################################################
[ReportManager] Target URL: [https://the-internet.herokuapp.com/dynamic_loading/2] @18-12-2021 02:03:29.0818 AM
[ReportManager] Initial URL: [] @18-12-2021 02:03:29.0887 AM
[ReportManager] Browser Action [NavigateToURL] successfully performed. With the following test data [https://the-internet.herokuapp.com/dynamic_loading/2]. @18-12-2021 02:03:31.0063 AM
[ReportManager] Element Action [Click] successfully performed. With the following test data [By.xpath: //button[text()='Start']]. @18-12-2021 02:03:31.0290 AM
[ReportManager] Element Action [GetText] successfully performed. With the following test data [Hello World!]. @18-12-2021 02:03:36.0972 AM
[ReportManager] Loaded Shared OpenCV @18-12-2021 02:03:37.0033 AM
[ReportManager] Assertion [ValidateElementAttribute] PASSED. Expected [Value Should be 'Hello World!' for the 'text' attribute, element locator 'By.id: finish'] and Actual [Hello World!]. Comparison Type [CONTAINS]. Validation Type [POSITIVE]. @18-12-2021 02:03:37.0118 AM
[ReportManager] Successfully created attachment [Screenshot - 1639793017033_dynamicLoading_elementIsRendered_ValidateElementAttribute_passed] @18-12-2021 02:03:37.0119 A
[ReportManager] Browser Action [CloseCurrentWindow] successfully performed. @18-12-2021 02:03:37.0396 AM
[ReportManager] Successfully created attachment [Browser Action Test Data - CloseCurrentWindow - Actual Value] @18-12-2021 02:03:37.0396 A
[ReportManager] Successfully created attachment [SHAFT Engine Logs - Execution log] @18-12-2021 02:03:37.0428 AM

################################################################################################################################################
This test run was powered by SHAFT Engine Version: [SHAFT Engine v5.4.20211202-BETA]
SHAFT Engine is licensed under the MIT License: [https://github.com/MohabMohie/SHAFT_ENGINE/blob/master/LICENSE].
################################################################################################################################################