################################################################################################################################################
Detected SHAFT Engine Version: [SHAFT Engine v6.1.20220113]
################################################################################################################################################
[ReportManager] File Action [GetAbsolutePath] successfully performed. With the following test data [Relative Folder Path: "target/downloadedFiles/"]. @25-01-2022 12:55:10.0541 PM
[ReportManager] Attempting to run locally on: [Mac-64], [Safari], Headless Execution. @25-01-2022 12:55:10.0556 PM
[ReportManager] Successfully Opened Safari. @25-01-2022 12:55:16.0510 PM
[ReportManager] Initial window size: (800, 600) @25-01-2022 12:55:16.0529 PM
[ReportManager] Window size after SWD Maximize: (1176, 802) @25-01-2022 12:55:16.0571 PM
[ReportManager] Browser Action [MaximizeWindow] successfully performed. With the following test data [New screen size is now: (1176, 802)]. @25-01-2022 12:55:16.0578 P

################################################################################################################################################
Starting Execution:	[1 out of 162] test cases in the current suite
Test Method:		[unitTests.tests_element_elementActions.waitForElementToBePresent_false_expectedToFail]
################################################################################################################################################
[ReportManager] Target URL: [https://www.google.com/ncr], and after redirection: [www.google.com] @25-01-2022 12:55:16.0774 PM
[ReportManager] Initial URL: [] @25-01-2022 12:55:16.0849 PM
[ReportManager] Browser Action [NavigateToURL] successfully performed. With the following test data [https://www.google.com/ncr]. @25-01-2022 12:55:18.0947 PM
[ReportManager] Waiting for element to be present; elementLocator [By.xpath: //*[@id='hplogo' or @alt='Google']], numberOfTries[1], stateOfPresence[false]... @25-01-2022 12:55:18.0957 PM
[ReportManager] Element Action [WaitForElementToBePresent] failed. With the following test data [waited for the element's state of presence to be (false). Element locator (By.xpath: //*[@id='hplogo' or @alt='Google'])]. @25-01-2022 12:55:24.0988 PM
[ReportManager] Successfully created attachment [Screenshot - 1643115319122_waitForElementToBePresent_false_expectedToFail_WaitForElementToBePresent_failed] @25-01-2022 12:55:24.0999 P
[ReportManager] Browser Action [CloseCurrentWindow] successfully performed. @25-01-2022 12:55:25.0182 PM
[ReportManager] Successfully created attachment [Browser Action Test Data - CloseCurrentWindow - Actual Value] @25-01-2022 12:55:25.0183 P
[ReportManager] File Action [GetAbsolutePath] successfully performed. With the following test data [Relative Folder Path: "target/downloadedFiles/"]. @25-01-2022 12:55:25.0197 PM
[ReportManager] Attempting to run locally on: [Mac-64], [Safari], Headless Execution. @25-01-2022 12:55:25.0197 PM
[ReportManager] Successfully Opened Safari. @25-01-2022 12:55:26.0164 PM
[ReportManager] Initial window size: (800, 600) @25-01-2022 12:55:26.0183 PM
[ReportManager] Window size after SWD Maximize: (1176, 803) @25-01-2022 12:55:26.0204 PM
[ReportManager] Browser Action [MaximizeWindow] successfully performed. With the following test data [New screen size is now: (1176, 803)]. @25-01-2022 12:55:26.0209 P

################################################################################################################################################
Starting Execution:	[2 out of 162] test cases in the current suite
Test Method:		[unitTests.tests_element_elementActions.waitForElementToBePresent_false_expectedToPass]
################################################################################################################################################
[ReportManager] Target URL: [https://www.google.com/ncr], and after redirection: [www.google.com] @25-01-2022 12:55:26.0217 PM
[ReportManager] Initial URL: [] @25-01-2022 12:55:26.0277 PM
[ReportManager] Browser Action [NavigateToURL] successfully performed. With the following test data [https://www.google.com/ncr]. @25-01-2022 12:55:27.0795 PM
[ReportManager] Waiting for element to be present; elementLocator [By.id: bla], numberOfTries[1], stateOfPresence[false]... @25-01-2022 12:55:27.0796 PM
[ReportManager] org.openqa.selenium.TimeoutException:
Expected condition failed: waiting for com.shaft.gui.element.ElementActionsHelper$$Lambda$641/0x000000080112b380@488c6c98 (tried for 5 second(s) with 1000 milliseconds interval)
org.openqa.selenium.support.ui.FluentWait.timeoutException(FluentWait.java:263)
org.openqa.selenium.support.ui.FluentWait.until(FluentWait.java:231)
com.shaft.gui.element.ElementActionsHelper.waitForElementPresence(ElementActionsHelper.java:89)
com.shaft.gui.element.ElementActionsHelper.waitForElementPresence(ElementActionsHelper.java:37)
com.shaft.gui.element.WebDriverElementActions.getMatchingElementsCount(WebDriverElementActions.java:1481)
com.shaft.gui.element.WebDriverElementActions.waitForElementToBePresent(WebDriverElementActions.java:1295)
com.shaft.gui.element.ElementActions.waitForElementToBePresent(ElementActions.java:630)
unitTests.tests_element_elementActions.waitForElementToBePresent_false_expectedToPass(tests_element_elementActions.java:48)
java.base/jdk.internal.reflect.NativeMethodAccessorImpl.invoke0(Native Method)
java.base/jdk.internal.reflect.NativeMethodAccessorImpl.invoke(NativeMethodAccessorImpl.java:77)
java.base/jdk.internal.reflect.DelegatingMethodAccessorImpl.invoke(DelegatingMethodAccessorImpl.java:43)
java.base/java.lang.reflect.Method.invoke(Method.java:568)
org.testng.internal.invokers.MethodInvocationHelper.invokeMethod(MethodInvocationHelper.java:135)
org.testng.internal.invokers.TestInvoker.invokeMethod(TestInvoker.java:673)
org.testng.internal.invokers.TestInvoker.invokeTestMethod(TestInvoker.java:220)
org.testng.internal.invokers.MethodRunner.runInSequence(MethodRunner.java:50)
org.testng.internal.invokers.TestInvoker$MethodInvocationAgent.invoke(TestInvoker.java:945)
org.testng.internal.invokers.TestInvoker.invokeTestMethods(TestInvoker.java:193)
org.testng.internal.invokers.TestMethodWorker.invokeTestMethods(TestMethodWorker.java:146)
org.testng.internal.invokers.TestMethodWorker.run(TestMethodWorker.java:128)
java.base/java.util.ArrayList.forEach(ArrayList.java:1511)
org.testng.TestRunner.privateRun(TestRunner.java:808)
org.testng.TestRunner.run(TestRunner.java:603)
org.testng.SuiteRunner.runTest(SuiteRunner.java:429)
org.testng.SuiteRunner.runSequentially(SuiteRunner.java:423)
org.testng.SuiteRunner.privateRun(SuiteRunner.java:383)
org.testng.SuiteRunner.run(SuiteRunner.java:326)
org.testng.SuiteRunnerWorker.runSuite(SuiteRunnerWorker.java:52)
org.testng.SuiteRunnerWorker.run(SuiteRunnerWorker.java:95)
org.testng.TestNG.runSuitesSequentially(TestNG.java:1249)
org.testng.TestNG.runSuitesLocally(TestNG.java:1169)
org.testng.TestNG.runSuites(TestNG.java:1092)
org.testng.TestNG.run(TestNG.java:1060)
org.apache.maven.surefire.testng.TestNGExecutor.run(TestNGExecutor.java:136)
org.apache.maven.surefire.testng.TestNGDirectoryTestSuite.executeMulti(TestNGDirectoryTestSuite.java:193)
org.apache.maven.surefire.testng.TestNGDirectoryTestSuite.execute(TestNGDirectoryTestSuite.java:94)
org.apache.maven.surefire.testng.TestNGProvider.invoke(TestNGProvider.java:145)
org.apache.maven.surefire.booter.ForkedBooter.runSuitesInProcess(ForkedBooter.java:428)
org.apache.maven.surefire.booter.ForkedBooter.execute(ForkedBooter.java:162)
org.apache.maven.surefire.booter.ForkedBooter.run(ForkedBooter.java:562)
org.apache.maven.surefire.booter.ForkedBooter.main(ForkedBooter.java:548)

Caused by: org.openqa.selenium.NoSuchElementException:
For documentation on this error, please visit: https://selenium.dev/exceptions/#no_such_element
Build info: version: '4.1.1', revision: 'e8fcc2cecf'
System info: host: 'Mac-1643115107754.local', ip: '10.213.7.97', os.name: 'Mac OS X', os.arch: 'x86_64', os.version: '11.6.2', java.version: '17.0.2'
Driver info: org.openqa.selenium.safari.SafariDriver
Command: [BCD2CA95-2314-4A5C-8AE2-CA6B396F6AE3, findElement {using=id, value=bla}]
Capabilities {acceptInsecureCerts: false, browserName: Safari, browserVersion: 15.2, goog:loggingPrefs: {browser: ALL, client: ALL, driver: ALL, performance: ALL, profiler: ALL, server: ALL}, javascriptEnabled: true, pageLoadStrategy: normal, platform: MAC, platformName: MAC, safari:automaticInspection: false, safari:automaticProfiling: false, safari:diagnose: false, safari:platformBuildVersion: 20G314, safari:platformVersion: 11.6.2, safari:useSimulator: false, setWindowRect: true, strictFileInteractability: false, timeouts: {pageLoad: 30000, script: 30000}, webkit:WebRTC: {DisableICECandidateFiltering: false, DisableInsecureMediaCapture: false}}
Session ID: BCD2CA95-2314-4A5C-8AE2-CA6B396F6AE3
java.base/jdk.internal.reflect.NativeConstructorAccessorImpl.newInstance0(Native Method)
java.base/jdk.internal.reflect.NativeConstructorAccessorImpl.newInstance(NativeConstructorAccessorImpl.java:77)
java.base/jdk.internal.reflect.DelegatingConstructorAccessorImpl.newInstance(DelegatingConstructorAccessorImpl.java:45)
java.base/java.lang.reflect.Constructor.newInstanceWithCaller(Constructor.java:499)
java.base/java.lang.reflect.Constructor.newInstance(Constructor.java:480)
org.openqa.selenium.remote.codec.w3c.W3CHttpResponseCodec.createException(W3CHttpResponseCodec.java:200)
org.openqa.selenium.remote.codec.w3c.W3CHttpResponseCodec.decode(W3CHttpResponseCodec.java:133)
org.openqa.selenium.remote.codec.w3c.W3CHttpResponseCodec.decode(W3CHttpResponseCodec.java:53)
org.openqa.selenium.remote.HttpCommandExecutor.execute(HttpCommandExecutor.java:184)
org.openqa.selenium.remote.service.DriverCommandExecutor.invokeExecute(DriverCommandExecutor.java:167)
org.openqa.selenium.remote.service.DriverCommandExecutor.execute(DriverCommandExecutor.java:142)
org.openqa.selenium.remote.RemoteWebDriver.execute(RemoteWebDriver.java:543)
org.openqa.selenium.remote.ElementLocation$ElementFinder$2.findElement(ElementLocation.java:162)
org.openqa.selenium.remote.ElementLocation.findElement(ElementLocation.java:60)
org.openqa.selenium.remote.RemoteWebDriver.findElement(RemoteWebDriver.java:367)
org.openqa.selenium.remote.RemoteWebDriver.findElement(RemoteWebDriver.java:359)
com.shaft.gui.element.ElementActionsHelper.lambda$waitForElementPresence$0(ElementActionsHelper.java:92)
org.openqa.selenium.support.ui.FluentWait.until(FluentWait.java:208)
com.shaft.gui.element.ElementActionsHelper.waitForElementPresence(ElementActionsHelper.java:89)
com.shaft.gui.element.ElementActionsHelper.waitForElementPresence(ElementActionsHelper.java:37)
com.shaft.gui.element.WebDriverElementActions.getMatchingElementsCount(WebDriverElementActions.java:1481)
com.shaft.gui.element.WebDriverElementActions.waitForElementToBePresent(WebDriverElementActions.java:1295)
com.shaft.gui.element.ElementActions.waitForElementToBePresent(ElementActions.java:630)
unitTests.tests_element_elementActions.waitForElementToBePresent_false_expectedToPass(tests_element_elementActions.java:48)
java.base/jdk.internal.reflect.NativeMethodAccessorImpl.invoke0(Native Method)
java.base/jdk.internal.reflect.NativeMethodAccessorImpl.invoke(NativeMethodAccessorImpl.java:77)
java.base/jdk.internal.reflect.DelegatingMethodAccessorImpl.invoke(DelegatingMethodAccessorImpl.java:43)
java.base/java.lang.reflect.Method.invoke(Method.java:568)
org.testng.internal.invokers.MethodInvocationHelper.invokeMethod(MethodInvocationHelper.java:135)
org.testng.internal.invokers.TestInvoker.invokeMethod(TestInvoker.java:673)
org.testng.internal.invokers.TestInvoker.invokeTestMethod(TestInvoker.java:220)
org.testng.internal.invokers.MethodRunner.runInSequence(MethodRunner.java:50)
org.testng.internal.invokers.TestInvoker$MethodInvocationAgent.invoke(TestInvoker.java:945)
org.testng.internal.invokers.TestInvoker.invokeTestMethods(TestInvoker.java:193)
org.testng.internal.invokers.TestMethodWorker.invokeTestMethods(TestMethodWorker.java:146)
org.testng.internal.invokers.TestMethodWorker.run(TestMethodWorker.java:128)
java.base/java.util.ArrayList.forEach(ArrayList.java:1511)
org.testng.TestRunner.privateRun(TestRunner.java:808)
org.testng.TestRunner.run(TestRunner.java:603)
org.testng.SuiteRunner.runTest(SuiteRunner.java:429)
org.testng.SuiteRunner.runSequentially(SuiteRunner.java:423)
org.testng.SuiteRunner.privateRun(SuiteRunner.java:383)
org.testng.SuiteRunner.run(SuiteRunner.java:326)
org.testng.SuiteRunnerWorker.runSuite(SuiteRunnerWorker.java:52)
org.testng.SuiteRunnerWorker.run(SuiteRunnerWorker.java:95)
org.testng.TestNG.runSuitesSequentially(TestNG.java:1249)
org.testng.TestNG.runSuitesLocally(TestNG.java:1169)
org.testng.TestNG.runSuites(TestNG.java:1092)
org.testng.TestNG.run(TestNG.java:1060)
org.apache.maven.surefire.testng.TestNGExecutor.run(TestNGExecutor.java:136)
org.apache.maven.surefire.testng.TestNGDirectoryTestSuite.executeMulti(TestNGDirectoryTestSuite.java:193)
org.apache.maven.surefire.testng.TestNGDirectoryTestSuite.execute(TestNGDirectoryTestSuite.java:94)
org.apache.maven.surefire.testng.TestNGProvider.invoke(TestNGProvider.java:145)
org.apache.maven.surefire.booter.ForkedBooter.runSuitesInProcess(ForkedBooter.java:428)
org.apache.maven.surefire.booter.ForkedBooter.execute(ForkedBooter.java:162)
org.apache.maven.surefire.booter.ForkedBooter.run(ForkedBooter.java:562)
org.apache.maven.surefire.booter.ForkedBooter.main(ForkedBooter.java:548) @25-01-2022 12:55:32.0954 PM
[ReportManager] Element Action [WaitForElementToBePresent] successfully performed. With the following test data [waited for the element's state of presence to be (false). Element locator (By.id: bla)]. @25-01-2022 12:55:32.0955 P
[ReportManager] Browser Action [CloseCurrentWindow] successfully performed. @25-01-2022 12:55:33.0250 PM
[ReportManager] Successfully created attachment [Browser Action Test Data - CloseCurrentWindow - Actual Value] @25-01-2022 12:55:33.0251 P
[ReportManager] File Action [GetAbsolutePath] successfully performed. With the following test data [Relative Folder Path: "target/downloadedFiles/"]. @25-01-2022 12:55:33.0262 PM
[ReportManager] Attempting to run locally on: [Mac-64], [Safari], Headless Execution. @25-01-2022 12:55:33.0262 PM
[ReportManager] Successfully Opened Safari. @25-01-2022 12:55:34.0115 PM
[ReportManager] Initial window size: (800, 600) @25-01-2022 12:55:34.0127 PM
[ReportManager] Window size after SWD Maximize: (1176, 803) @25-01-2022 12:55:34.0163 PM
[ReportManager] Browser Action [MaximizeWindow] successfully performed. With the following test data [New screen size is now: (1176, 803)]. @25-01-2022 12:55:34.0164 P

################################################################################################################################################
Starting Execution:	[3 out of 162] test cases in the current suite
Test Method:		[unitTests.tests_element_elementActions.waitForElementToBePresent_moreThanOneElement_expectedToFail]
################################################################################################################################################
[ReportManager] Target URL: [https://www.google.com/ncr], and after redirection: [www.google.com] @25-01-2022 12:55:34.0169 PM
[ReportManager] Initial URL: [] @25-01-2022 12:55:34.0221 PM
[ReportManager] Browser Action [NavigateToURL] successfully performed. With the following test data [https://www.google.com/ncr]. @25-01-2022 12:55:35.0601 PM
[ReportManager] Waiting for element to be present; elementLocator [By.xpath: //*], numberOfTries[1], stateOfPresence[false]... @25-01-2022 12:55:35.0602 PM
[ReportManager] Element Action [WaitForElementToBePresent] failed. With the following test data [waited for the element's state of presence to be (false). Element locator (By.xpath: //*)]. @25-01-2022 12:55:35.0793 PM
[ReportManager] Successfully created attachment [Screenshot - 1643115335682_waitForElementToBePresent_moreThanOneElement_expectedToFail_WaitForElementToBePresent_failed] @25-01-2022 12:55:35.0797 P
[ReportManager] Browser Action [CloseCurrentWindow] successfully performed. @25-01-2022 12:55:35.0971 PM
[ReportManager] Successfully created attachment [Browser Action Test Data - CloseCurrentWindow - Actual Value] @25-01-2022 12:55:35.0972 P
[ReportManager] File Action [GetAbsolutePath] successfully performed. With the following test data [Relative Folder Path: "target/downloadedFiles/"]. @25-01-2022 12:55:35.0979 PM
[ReportManager] Attempting to run locally on: [Mac-64], [Safari], Headless Execution. @25-01-2022 12:55:35.0980 PM
[ReportManager] Successfully Opened Safari. @25-01-2022 12:55:36.0948 PM
[ReportManager] Initial window size: (800, 600) @25-01-2022 12:55:36.0959 PM
[ReportManager] Window size after SWD Maximize: (1176, 803) @25-01-2022 12:55:36.0991 PM
[ReportManager] Browser Action [MaximizeWindow] successfully performed. With the following test data [New screen size is now: (1176, 803)]. @25-01-2022 12:55:36.0991 P

################################################################################################################################################
Starting Execution:	[4 out of 162] test cases in the current suite
Test Method:		[unitTests.tests_element_elementActions.waitForElementToBePresent_true_expectedToFail]
################################################################################################################################################
[ReportManager] Target URL: [https://www.google.com/ncr], and after redirection: [www.google.com] @25-01-2022 12:55:36.0995 PM
[ReportManager] Initial URL: [] @25-01-2022 12:55:37.0046 PM
[ReportManager] Browser Action [NavigateToURL] successfully performed. With the following test data [https://www.google.com/ncr]. @25-01-2022 12:55:38.0679 PM
[ReportManager] Waiting for element to be present; elementLocator [By.id: bla], numberOfTries[1], stateOfPresence[true]... @25-01-2022 12:55:38.0680 PM
[ReportManager] org.openqa.selenium.TimeoutException:
Expected condition failed: waiting for com.shaft.gui.element.ElementActionsHelper$$Lambda$641/0x000000080112b380@1488d1c (tried for 5 second(s) with 1000 milliseconds interval)
org.openqa.selenium.support.ui.FluentWait.timeoutException(FluentWait.java:263)
org.openqa.selenium.support.ui.FluentWait.until(FluentWait.java:231)
com.shaft.gui.element.ElementActionsHelper.waitForElementPresence(ElementActionsHelper.java:89)
com.shaft.gui.element.ElementActionsHelper.waitForElementPresence(ElementActionsHelper.java:37)
com.shaft.gui.element.WebDriverElementActions.getMatchingElementsCount(WebDriverElementActions.java:1481)
com.shaft.gui.element.WebDriverElementActions.waitForElementToBePresent(WebDriverElementActions.java:1295)
com.shaft.gui.element.ElementActions.waitForElementToBePresent(ElementActions.java:630)
unitTests.tests_element_elementActions.waitForElementToBePresent_true_expectedToFail(tests_element_elementActions.java:39)
java.base/jdk.internal.reflect.NativeMethodAccessorImpl.invoke0(Native Method)
java.base/jdk.internal.reflect.NativeMethodAccessorImpl.invoke(NativeMethodAccessorImpl.java:77)
java.base/jdk.internal.reflect.DelegatingMethodAccessorImpl.invoke(DelegatingMethodAccessorImpl.java:43)
java.base/java.lang.reflect.Method.invoke(Method.java:568)
org.testng.internal.invokers.MethodInvocationHelper.invokeMethod(MethodInvocationHelper.java:135)
org.testng.internal.invokers.TestInvoker.invokeMethod(TestInvoker.java:673)
org.testng.internal.invokers.TestInvoker.invokeTestMethod(TestInvoker.java:220)
org.testng.internal.invokers.MethodRunner.runInSequence(MethodRunner.java:50)
org.testng.internal.invokers.TestInvoker$MethodInvocationAgent.invoke(TestInvoker.java:945)
org.testng.internal.invokers.TestInvoker.invokeTestMethods(TestInvoker.java:193)
org.testng.internal.invokers.TestMethodWorker.invokeTestMethods(TestMethodWorker.java:146)
org.testng.internal.invokers.TestMethodWorker.run(TestMethodWorker.java:128)
java.base/java.util.ArrayList.forEach(ArrayList.java:1511)
org.testng.TestRunner.privateRun(TestRunner.java:808)
org.testng.TestRunner.run(TestRunner.java:603)
org.testng.SuiteRunner.runTest(SuiteRunner.java:429)
org.testng.SuiteRunner.runSequentially(SuiteRunner.java:423)
org.testng.SuiteRunner.privateRun(SuiteRunner.java:383)
org.testng.SuiteRunner.run(SuiteRunner.java:326)
org.testng.SuiteRunnerWorker.runSuite(SuiteRunnerWorker.java:52)
org.testng.SuiteRunnerWorker.run(SuiteRunnerWorker.java:95)
org.testng.TestNG.runSuitesSequentially(TestNG.java:1249)
org.testng.TestNG.runSuitesLocally(TestNG.java:1169)
org.testng.TestNG.runSuites(TestNG.java:1092)
org.testng.TestNG.run(TestNG.java:1060)
org.apache.maven.surefire.testng.TestNGExecutor.run(TestNGExecutor.java:136)
org.apache.maven.surefire.testng.TestNGDirectoryTestSuite.executeMulti(TestNGDirectoryTestSuite.java:193)
org.apache.maven.surefire.testng.TestNGDirectoryTestSuite.execute(TestNGDirectoryTestSuite.java:94)
org.apache.maven.surefire.testng.TestNGProvider.invoke(TestNGProvider.java:145)
org.apache.maven.surefire.booter.ForkedBooter.runSuitesInProcess(ForkedBooter.java:428)
org.apache.maven.surefire.booter.ForkedBooter.execute(ForkedBooter.java:162)
org.apache.maven.surefire.booter.ForkedBooter.run(ForkedBooter.java:562)
org.apache.maven.surefire.booter.ForkedBooter.main(ForkedBooter.java:548)

Caused by: org.openqa.selenium.NoSuchElementException:
For documentation on this error, please visit: https://selenium.dev/exceptions/#no_such_element
Build info: version: '4.1.1', revision: 'e8fcc2cecf'
System info: host: 'Mac-1643115107754.local', ip: '10.213.7.97', os.name: 'Mac OS X', os.arch: 'x86_64', os.version: '11.6.2', java.version: '17.0.2'
Driver info: org.openqa.selenium.safari.SafariDriver
Command: [B7287B2F-0219-480B-AB40-46E44A3C3A1B, findElement {using=id, value=bla}]
Capabilities {acceptInsecureCerts: false, browserName: Safari, browserVersion: 15.2, goog:loggingPrefs: {browser: ALL, client: ALL, driver: ALL, performance: ALL, profiler: ALL, server: ALL}, javascriptEnabled: true, pageLoadStrategy: normal, platform: MAC, platformName: MAC, safari:automaticInspection: false, safari:automaticProfiling: false, safari:diagnose: false, safari:platformBuildVersion: 20G314, safari:platformVersion: 11.6.2, safari:useSimulator: false, setWindowRect: true, strictFileInteractability: false, timeouts: {pageLoad: 30000, script: 30000}, webkit:WebRTC: {DisableICECandidateFiltering: false, DisableInsecureMediaCapture: false}}
Session ID: B7287B2F-0219-480B-AB40-46E44A3C3A1B
java.base/jdk.internal.reflect.NativeConstructorAccessorImpl.newInstance0(Native Method)
java.base/jdk.internal.reflect.NativeConstructorAccessorImpl.newInstance(NativeConstructorAccessorImpl.java:77)
java.base/jdk.internal.reflect.DelegatingConstructorAccessorImpl.newInstance(DelegatingConstructorAccessorImpl.java:45)
java.base/java.lang.reflect.Constructor.newInstanceWithCaller(Constructor.java:499)
java.base/java.lang.reflect.Constructor.newInstance(Constructor.java:480)
org.openqa.selenium.remote.codec.w3c.W3CHttpResponseCodec.createException(W3CHttpResponseCodec.java:200)
org.openqa.selenium.remote.codec.w3c.W3CHttpResponseCodec.decode(W3CHttpResponseCodec.java:133)
org.openqa.selenium.remote.codec.w3c.W3CHttpResponseCodec.decode(W3CHttpResponseCodec.java:53)
org.openqa.selenium.remote.HttpCommandExecutor.execute(HttpCommandExecutor.java:184)
org.openqa.selenium.remote.service.DriverCommandExecutor.invokeExecute(DriverCommandExecutor.java:167)
org.openqa.selenium.remote.service.DriverCommandExecutor.execute(DriverCommandExecutor.java:142)
org.openqa.selenium.remote.RemoteWebDriver.execute(RemoteWebDriver.java:543)
org.openqa.selenium.remote.ElementLocation$ElementFinder$2.findElement(ElementLocation.java:162)
org.openqa.selenium.remote.ElementLocation.findElement(ElementLocation.java:60)
org.openqa.selenium.remote.RemoteWebDriver.findElement(RemoteWebDriver.java:367)
org.openqa.selenium.remote.RemoteWebDriver.findElement(RemoteWebDriver.java:359)
com.shaft.gui.element.ElementActionsHelper.lambda$waitForElementPresence$0(ElementActionsHelper.java:92)
org.openqa.selenium.support.ui.FluentWait.until(FluentWait.java:208)
com.shaft.gui.element.ElementActionsHelper.waitForElementPresence(ElementActionsHelper.java:89)
com.shaft.gui.element.ElementActionsHelper.waitForElementPresence(ElementActionsHelper.java:37)
com.shaft.gui.element.WebDriverElementActions.getMatchingElementsCount(WebDriverElementActions.java:1481)
com.shaft.gui.element.WebDriverElementActions.waitForElementToBePresent(WebDriverElementActions.java:1295)
com.shaft.gui.element.ElementActions.waitForElementToBePresent(ElementActions.java:630)
unitTests.tests_element_elementActions.waitForElementToBePresent_true_expectedToFail(tests_element_elementActions.java:39)
java.base/jdk.internal.reflect.NativeMethodAccessorImpl.invoke0(Native Method)
java.base/jdk.internal.reflect.NativeMethodAccessorImpl.invoke(NativeMethodAccessorImpl.java:77)
java.base/jdk.internal.reflect.DelegatingMethodAccessorImpl.invoke(DelegatingMethodAccessorImpl.java:43)
java.base/java.lang.reflect.Method.invoke(Method.java:568)
org.testng.internal.invokers.MethodInvocationHelper.invokeMethod(MethodInvocationHelper.java:135)
org.testng.internal.invokers.TestInvoker.invokeMethod(TestInvoker.java:673)
org.testng.internal.invokers.TestInvoker.invokeTestMethod(TestInvoker.java:220)
org.testng.internal.invokers.MethodRunner.runInSequence(MethodRunner.java:50)
org.testng.internal.invokers.TestInvoker$MethodInvocationAgent.invoke(TestInvoker.java:945)
org.testng.internal.invokers.TestInvoker.invokeTestMethods(TestInvoker.java:193)
org.testng.internal.invokers.TestMethodWorker.invokeTestMethods(TestMethodWorker.java:146)
org.testng.internal.invokers.TestMethodWorker.run(TestMethodWorker.java:128)
java.base/java.util.ArrayList.forEach(ArrayList.java:1511)
org.testng.TestRunner.privateRun(TestRunner.java:808)
org.testng.TestRunner.run(TestRunner.java:603)
org.testng.SuiteRunner.runTest(SuiteRunner.java:429)
org.testng.SuiteRunner.runSequentially(SuiteRunner.java:423)
org.testng.SuiteRunner.privateRun(SuiteRunner.java:383)
org.testng.SuiteRunner.run(SuiteRunner.java:326)
org.testng.SuiteRunnerWorker.runSuite(SuiteRunnerWorker.java:52)
org.testng.SuiteRunnerWorker.run(SuiteRunnerWorker.java:95)
org.testng.TestNG.runSuitesSequentially(TestNG.java:1249)
org.testng.TestNG.runSuitesLocally(TestNG.java:1169)
org.testng.TestNG.runSuites(TestNG.java:1092)
org.testng.TestNG.run(TestNG.java:1060)
org.apache.maven.surefire.testng.TestNGExecutor.run(TestNGExecutor.java:136)
org.apache.maven.surefire.testng.TestNGDirectoryTestSuite.executeMulti(TestNGDirectoryTestSuite.java:193)
org.apache.maven.surefire.testng.TestNGDirectoryTestSuite.execute(TestNGDirectoryTestSuite.java:94)
org.apache.maven.surefire.testng.TestNGProvider.invoke(TestNGProvider.java:145)
org.apache.maven.surefire.booter.ForkedBooter.runSuitesInProcess(ForkedBooter.java:428)
org.apache.maven.surefire.booter.ForkedBooter.execute(ForkedBooter.java:162)
org.apache.maven.surefire.booter.ForkedBooter.run(ForkedBooter.java:562)
org.apache.maven.surefire.booter.ForkedBooter.main(ForkedBooter.java:548) @25-01-2022 12:55:43.0913 PM
[ReportManager] Element Action [WaitForElementToBePresent] failed. With the following test data [waited for the element's state of presence to be (true). Element locator (By.id: bla)]. @25-01-2022 12:55:44.0022 PM
[ReportManager] Successfully created attachment [Screenshot - 1643115343940_waitForElementToBePresent_true_expectedToFail_WaitForElementToBePresent_failed] @25-01-2022 12:55:44.0026 P
[ReportManager] Browser Action [CloseCurrentWindow] successfully performed. @25-01-2022 12:55:44.0177 PM
[ReportManager] Successfully created attachment [Browser Action Test Data - CloseCurrentWindow - Actual Value] @25-01-2022 12:55:44.0178 P
[ReportManager] File Action [GetAbsolutePath] successfully performed. With the following test data [Relative Folder Path: "target/downloadedFiles/"]. @25-01-2022 12:55:44.0183 PM
[ReportManager] Attempting to run locally on: [Mac-64], [Safari], Headless Execution. @25-01-2022 12:55:44.0183 PM
[ReportManager] Successfully Opened Safari. @25-01-2022 12:55:45.0090 PM
[ReportManager] Initial window size: (800, 600) @25-01-2022 12:55:45.0106 PM
[ReportManager] Window size after SWD Maximize: (1176, 803) @25-01-2022 12:55:45.0131 PM
[ReportManager] Browser Action [MaximizeWindow] successfully performed. With the following test data [New screen size is now: (1176, 803)]. @25-01-2022 12:55:45.0131 P

################################################################################################################################################
Starting Execution:	[5 out of 162] test cases in the current suite
Test Method:		[unitTests.tests_element_elementActions.waitForElementToBePresent_true_expectedToPass]
################################################################################################################################################
[ReportManager] Target URL: [https://www.google.com/ncr], and after redirection: [www.google.com] @25-01-2022 12:55:45.0137 PM
[ReportManager] Initial URL: [] @25-01-2022 12:55:45.0207 PM
[ReportManager] Browser Action [NavigateToURL] successfully performed. With the following test data [https://www.google.com/ncr]. @25-01-2022 12:55:46.0832 PM
[ReportManager] Waiting for element to be present; elementLocator [By.xpath: //*[@id='hplogo' or @alt='Google']], numberOfTries[1], stateOfPresence[true]... @25-01-2022 12:55:46.0833 PM
[ReportManager] Element Action [WaitForElementToBePresent] successfully performed. With the following test data [waited for the element's state of presence to be (true). Element locator (By.xpath: //*[@id='hplogo' or @alt='Google'])]. @25-01-2022 12:55:46.0874 PM
[ReportManager] File Action [DoesFileExist] successfully performed. With the following test data [File Path: "src/main/resources/dynamicObjectRepository/unitTests_tests_element_elementActions_waitForElementToBePresent_true_expectedToPass_By_xpath_id_hplogo_or_alt_Google.png"]. @25-01-2022 12:55:46.0884 PM
[ReportManager] File Action [DoesFileExist] successfully performed. With the following test data [File Path: "src/main/resources/dynamicObjectRepository/unitTests_tests_element_elementActions_waitForElementToBePresent_true_expectedToPass_By_xpath_id_hplogo_or_alt_Google.png"]. @25-01-2022 12:55:46.0973 PM
[ReportManager] Passing the test and saving a reference image @25-01-2022 12:55:46.0973 PM
[ReportManager] File Action [GetAbsolutePath] successfully performed. With the following test data [Relative File Path: "src/main/resources/dynamicObjectRepository/unitTests_tests_element_elementActions_waitForElementToBePresent_true_expectedToPass_By_xpath_id_hplogo_or_alt_Google.png"]. @25-01-2022 12:55:46.0973 PM
[ReportManager] File Action [WriteToFile] successfully performed. With the following test data [Target File Path: "/Users/runner/work/SHAFT_ENGINE/SHAFT_ENGINE/src/main/resources/dynamicObjectRepository/unitTests_tests_element_elementActions_waitForElementToBePresent_true_expectedToPass_By_xpath_id_hplogo_or_alt_Google.png"]. @25-01-2022 12:55:46.0975 PM
[ReportManager] Assertion Passed: Using Visual AI; OpenCV @25-01-2022 12:55:46.0977 PM
[ReportManager] Successfully created attachment [Validation Test Data - Actual Screenshot] @25-01-2022 12:55:46.0978 PM
[ReportManager] Assertion [ValidateElementMatches] PASSED. Expected [Element should match the reference screenshot] and Actual [TRUE]. Comparison Type [EXACT_OPENCV]. Validation Type [POSITIVE]. @25-01-2022 12:55:46.0978 P
[ReportManager] Browser Action [CloseCurrentWindow] successfully performed. @25-01-2022 12:55:47.0166 PM
[ReportManager] Successfully created attachment [Browser Action Test Data - CloseCurrentWindow - Actual Value] @25-01-2022 12:55:47.0168 P
[ReportManager] File Action [GetAbsolutePath] successfully performed. With the following test data [Relative Folder Path: "target/downloadedFiles/"]. @25-01-2022 12:55:47.0173 PM
[ReportManager] Attempting to run locally on: [Mac-64], [Safari], Headless Execution. @25-01-2022 12:55:47.0173 PM
[ReportManager] Successfully Opened Safari. @25-01-2022 12:55:48.0150 PM
[ReportManager] Initial window size: (800, 600) @25-01-2022 12:55:48.0164 PM
[ReportManager] Window size after SWD Maximize: (1176, 803) @25-01-2022 12:55:48.0200 PM
[ReportManager] Browser Action [MaximizeWindow] successfully performed. With the following test data [New screen size is now: (1176, 803)]. @25-01-2022 12:55:48.0201 PM
[ReportManager] Target URL: [https://duckduckgo.com] @25-01-2022 12:55:48.0201 PM
[ReportManager] Initial URL: [] @25-01-2022 12:55:48.0309 PM
[ReportManager] Browser Action [NavigateToURL] successfully performed. With the following test data [https://duckduckgo.com]. @25-01-2022 12:55:49.0200 P

################################################################################################################################################
Starting Execution:	[6 out of 162] test cases in the current suite
Test Method:		[unitTests.tests_browserActions.fullScreenWindow]
################################################################################################################################################
[ReportManager] Initial Windows Size: 1176x803 @25-01-2022 12:55:49.0215 PM
[ReportManager] Current Windows Size after fullScreen: 1176x885 @25-01-2022 12:55:49.0514 PM
[ReportManager] Browser Action [FullScreenWindow] successfully performed. @25-01-2022 12:55:49.0543 PM
[ReportManager] Successfully created attachment [Browser Action Test Data - FullScreenWindow - Actual Value] @25-01-2022 12:55:49.0545 P
[ReportManager] Target URL: [https://duckduckgo.com] @25-01-2022 12:55:49.0550 PM
[ReportManager] Initial URL: [https://duckduckgo.com] @25-01-2022 12:55:49.0635 PM
[ReportManager] Browser Action [NavigateToURL] successfully performed. With the following test data [https://duckduckgo.com]. @25-01-2022 12:55:50.0238 PM
[ReportManager] Browser Action [CloseCurrentWindow] successfully performed. @25-01-2022 12:55:50.0626 PM
[ReportManager] Successfully created attachment [Browser Action Test Data - CloseCurrentWindow - Actual Value] @25-01-2022 12:55:50.0629 P
[ReportManager] File Action [GetAbsolutePath] successfully performed. With the following test data [Relative Folder Path: "target/downloadedFiles/"]. @25-01-2022 12:55:50.0635 PM
[ReportManager] Attempting to run locally on: [Mac-64], [Safari], Headless Execution. @25-01-2022 12:55:50.0635 PM
[ReportManager] Successfully Opened Safari. @25-01-2022 12:55:51.0578 PM
[ReportManager] Initial window size: (800, 600) @25-01-2022 12:55:51.0592 PM
[ReportManager] Window size after SWD Maximize: (1176, 803) @25-01-2022 12:55:51.0624 PM
[ReportManager] Browser Action [MaximizeWindow] successfully performed. With the following test data [New screen size is now: (1176, 803)]. @25-01-2022 12:55:51.0625 PM
[ReportManager] Target URL: [https://duckduckgo.com] @25-01-2022 12:55:51.0625 PM
[ReportManager] Initial URL: [] @25-01-2022 12:55:51.0674 PM
[ReportManager] Browser Action [NavigateToURL] successfully performed. With the following test data [https://duckduckgo.com]. @25-01-2022 12:55:52.0342 P

################################################################################################################################################
Starting Execution:	[7 out of 162] test cases in the current suite
Test Method:		[unitTests.tests_browserActions.getCurrentURL]
################################################################################################################################################
[ReportManager] Browser Action [GetCurrentURL] successfully performed. With the following test data [https://duckduckgo.com/]. @25-01-2022 12:55:52.0384 P
[ReportManager] Target URL: [https://duckduckgo.com] @25-01-2022 12:55:52.0388 PM
[ReportManager] Initial URL: [https://duckduckgo.com] @25-01-2022 12:55:52.0427 PM
[ReportManager] Browser Action [NavigateToURL] successfully performed. With the following test data [https://duckduckgo.com]. @25-01-2022 12:55:52.0746 PM
[ReportManager] Browser Action [CloseCurrentWindow] successfully performed. @25-01-2022 12:55:53.0050 PM
[ReportManager] Successfully created attachment [Browser Action Test Data - CloseCurrentWindow - Actual Value] @25-01-2022 12:55:53.0051 P
[ReportManager] File Action [GetAbsolutePath] successfully performed. With the following test data [Relative Folder Path: "target/downloadedFiles/"]. @25-01-2022 12:55:53.0056 PM
[ReportManager] Attempting to run locally on: [Mac-64], [Safari], Headless Execution. @25-01-2022 12:55:53.0056 PM
[ReportManager] Successfully Opened Safari. @25-01-2022 12:55:54.0018 PM
[ReportManager] Initial window size: (800, 600) @25-01-2022 12:55:54.0037 PM
[ReportManager] Window size after SWD Maximize: (1176, 803) @25-01-2022 12:55:54.0070 PM
[ReportManager] Browser Action [MaximizeWindow] successfully performed. With the following test data [New screen size is now: (1176, 803)]. @25-01-2022 12:55:54.0071 PM
[ReportManager] Target URL: [https://duckduckgo.com] @25-01-2022 12:55:54.0071 PM
[ReportManager] Initial URL: [] @25-01-2022 12:55:54.0126 PM
[ReportManager] Browser Action [NavigateToURL] successfully performed. With the following test data [https://duckduckgo.com]. @25-01-2022 12:55:54.0969 P

################################################################################################################################################
Starting Execution:	[8 out of 162] test cases in the current suite
Test Method:		[unitTests.tests_browserActions.getCurrentWindowTitle]
################################################################################################################################################
[ReportManager] Browser Action [GetCurrentWindowTitle] successfully performed. With the following test data [DuckDuckGo â€” Privacy, simplified.]. @25-01-2022 12:55:54.0999 P
[ReportManager] Target URL: [https://duckduckgo.com] @25-01-2022 12:55:55.0002 PM
[ReportManager] Initial URL: [https://duckduckgo.com] @25-01-2022 12:55:55.0039 PM
[ReportManager] Browser Action [NavigateToURL] successfully performed. With the following test data [https://duckduckgo.com]. @25-01-2022 12:55:55.0405 PM
[ReportManager] Browser Action [CloseCurrentWindow] successfully performed. @25-01-2022 12:55:55.0628 PM
[ReportManager] Successfully created attachment [Browser Action Test Data - CloseCurrentWindow - Actual Value] @25-01-2022 12:55:55.0629 P
[ReportManager] File Action [GetAbsolutePath] successfully performed. With the following test data [Relative Folder Path: "target/downloadedFiles/"]. @25-01-2022 12:55:55.0638 PM
[ReportManager] Attempting to run locally on: [Mac-64], [Safari], Headless Execution. @25-01-2022 12:55:55.0639 PM
[ReportManager] Successfully Opened Safari. @25-01-2022 12:55:56.0483 PM
[ReportManager] Initial window size: (800, 600) @25-01-2022 12:55:56.0554 PM
[ReportManager] Window size after SWD Maximize: (1176, 803) @25-01-2022 12:55:56.0629 PM
[ReportManager] Browser Action [MaximizeWindow] successfully performed. With the following test data [New screen size is now: (1176, 803)]. @25-01-2022 12:55:56.0629 PM
[ReportManager] Target URL: [https://duckduckgo.com] @25-01-2022 12:55:56.0630 PM
[ReportManager] Initial URL: [] @25-01-2022 12:55:56.0678 PM
[ReportManager] Browser Action [NavigateToURL] successfully performed. With the following test data [https://duckduckgo.com]. @25-01-2022 12:55:57.0366 P

################################################################################################################################################
Starting Execution:	[9 out of 162] test cases in the current suite
Test Method:		[unitTests.tests_browserActions.getPageSource]
################################################################################################################################################
[ReportManager] Browser Action [GetPageSource] successfully performed. @25-01-2022 12:55:57.0416 PM
[ReportManager] Successfully created attachment [Browser Action Test Data - GetPageSource - Actual Value] @25-01-2022 12:55:57.0451 P
[ReportManager] Target URL: [https://duckduckgo.com] @25-01-2022 12:55:57.0455 PM
[ReportManager] Initial URL: [https://duckduckgo.com] @25-01-2022 12:55:57.0546 PM
[ReportManager] Browser Action [NavigateToURL] successfully performed. With the following test data [https://duckduckgo.com]. @25-01-2022 12:55:57.0855 PM
[ReportManager] Browser Action [CloseCurrentWindow] successfully performed. @25-01-2022 12:55:58.0193 PM
[ReportManager] Successfully created attachment [Browser Action Test Data - CloseCurrentWindow - Actual Value] @25-01-2022 12:55:58.0193 P
[ReportManager] File Action [GetAbsolutePath] successfully performed. With the following test data [Relative Folder Path: "target/downloadedFiles/"]. @25-01-2022 12:55:58.0197 PM
[ReportManager] Attempting to run locally on: [Mac-64], [Safari], Headless Execution. @25-01-2022 12:55:58.0198 PM
[ReportManager] An Exception Occured with this Message: Could not start a new session. Possible causes are invalid address of the remote server or browser start-up failure.. @25-01-2022 12:55:58.0209 PM
[ReportManager] Successfully created attachment [Exception Stack Trace - org.openqa.selenium.SessionNotCreatedException] @25-01-2022 12:55:58.0210 PM
[ReportManager] Driver Factory Action [createNewLocalDriverInstanceForSafari] failed. With the following test data [Failed to create a session on DESKTOP_SAFARI]. @25-01-2022 12:55:58.0212 P

################################################################################################################################################
Starting Execution:	[10 out of 162] test cases in the current suite
Test Method:		[unitTests.tests_browserActions.getWindowHandle]
###############################################################################################################################################



################################################################################################################################################
Starting Execution:	[11 out of 162] test cases in the current suite
Test Method:		[unitTests.tests_browserActions.getWindowPosition]
###############################################################################################################################################



################################################################################################################################################
Starting Execution:	[12 out of 162] test cases in the current suite
Test Method:		[unitTests.tests_browserActions.getWindowSize]
###############################################################################################################################################



################################################################################################################################################
Starting Execution:	[13 out of 162] test cases in the current suite
Test Method:		[unitTests.tests_browserActions.maximizeWindow]
###############################################################################################################################################



################################################################################################################################################
Starting Execution:	[14 out of 162] test cases in the current suite
Test Method:		[unitTests.tests_browserActions.navigateBack]
###############################################################################################################################################



################################################################################################################################################
Starting Execution:	[15 out of 162] test cases in the current suite
Test Method:		[unitTests.tests_browserActions.navigateForward]
###############################################################################################################################################



################################################################################################################################################
Starting Execution:	[16 out of 162] test cases in the current suite
Test Method:		[unitTests.tests_browserActions.navigateToURL]
###############################################################################################################################################



################################################################################################################################################
Starting Execution:	[17 out of 162] test cases in the current suite
Test Method:		[unitTests.tests_browserActions.navigateToURLWithRedirection]
###############################################################################################################################################



################################################################################################################################################
Starting Execution:	[18 out of 162] test cases in the current suite
Test Method:		[unitTests.tests_browserActions.refreshCurrentPage]
###############################################################################################################################################



################################################################################################################################################
Starting Execution:	[19 out of 162] test cases in the current suite
Test Method:		[unitTests.tests_browserActions.setWindowSize]
###############################################################################################################################################

[ReportManager] Successfully loaded the following test data file [src/test/resources/testDataFiles/testSuite01/TestData.xlsx]. @25-01-2022 12:55:59.0501 PM
[ReportManager] Successfully created attachment [Test Data - Excel] @25-01-2022 12:55:59.0502 P

################################################################################################################################################
Starting Execution:	[20 out of 162] test cases in the current suite
Test Method:		[unitTests.tests_io_excelFileManager.getCellData_rowName_expectedToPass]
################################################################################################################################################
[ReportManager] testRowData. @25-01-2022 12:55:59.0514 P

################################################################################################################################################
Starting Execution:	[21 out of 162] test cases in the current suite
Test Method:		[unitTests.tests_validations_assertions.assertComparativeRelation_greaterThanOrEquals_false_equals_expectedToFail]
################################################################################################################################################
[ReportManager] Assertion [ValidateComparativeRelation] FAILED. Expected [1] and Actual [1]. Comparison Type [GREATER_THAN_OR_EQUALS]. Validation Type [NEGATIVE]. @25-01-2022 12:55:59.0521 P

################################################################################################################################################
Starting Execution:	[22 out of 162] test cases in the current suite
Test Method:		[unitTests.tests_validations_assertions.assertComparativeRelation_greaterThanOrEquals_false_equals_expectedToPass]
################################################################################################################################################
[ReportManager] Assertion [ValidateComparativeRelation] PASSED. Expected [2] and Actual [1]. Comparison Type [GREATER_THAN_OR_EQUALS]. Validation Type [NEGATIVE]. @25-01-2022 12:55:59.0526 P

################################################################################################################################################
Starting Execution:	[23 out of 162] test cases in the current suite
Test Method:		[unitTests.tests_validations_assertions.assertComparativeRelation_greaterThanOrEquals_false_greaterThan_expectedToFail]
################################################################################################################################################
[ReportManager] Assertion [ValidateComparativeRelation] FAILED. Expected [1] and Actual [2]. Comparison Type [GREATER_THAN_OR_EQUALS]. Validation Type [NEGATIVE]. @25-01-2022 12:55:59.0531 P

################################################################################################################################################
Starting Execution:	[24 out of 162] test cases in the current suite
Test Method:		[unitTests.tests_validations_assertions.assertComparativeRelation_greaterThanOrEquals_false_greaterThan_expectedToPass]
################################################################################################################################################
[ReportManager] Assertion [ValidateComparativeRelation] PASSED. Expected [2] and Actual [1]. Comparison Type [GREATER_THAN_OR_EQUALS]. Validation Type [NEGATIVE]. @25-01-2022 12:55:59.0537 P

################################################################################################################################################
Starting Execution:	[25 out of 162] test cases in the current suite
Test Method:		[unitTests.tests_validations_assertions.assertComparativeRelation_greaterThanOrEquals_true_equals_expectedToFail]
################################################################################################################################################
[ReportManager] Assertion [ValidateComparativeRelation] FAILED. Expected [1] and Actual [0]. Comparison Type [GREATER_THAN_OR_EQUALS]. Validation Type [POSITIVE]. @25-01-2022 12:55:59.0542 P

################################################################################################################################################
Starting Execution:	[26 out of 162] test cases in the current suite
Test Method:		[unitTests.tests_validations_assertions.assertComparativeRelation_greaterThanOrEquals_true_equals_expectedToPass]
################################################################################################################################################
[ReportManager] Assertion [ValidateComparativeRelation] PASSED. Expected [1] and Actual [1]. Comparison Type [GREATER_THAN_OR_EQUALS]. Validation Type [POSITIVE]. @25-01-2022 12:55:59.0548 P

################################################################################################################################################
Starting Execution:	[27 out of 162] test cases in the current suite
Test Method:		[unitTests.tests_validations_assertions.assertComparativeRelation_greaterThanOrEquals_true_greaterThan_expectedToFail]
################################################################################################################################################
[ReportManager] Assertion [ValidateComparativeRelation] FAILED. Expected [2] and Actual [1]. Comparison Type [GREATER_THAN_OR_EQUALS]. Validation Type [POSITIVE]. @25-01-2022 12:55:59.0553 P

################################################################################################################################################
Starting Execution:	[28 out of 162] test cases in the current suite
Test Method:		[unitTests.tests_validations_assertions.assertComparativeRelation_greaterThanOrEquals_true_greaterThan_expectedToPass]
################################################################################################################################################
[ReportManager] Assertion [ValidateComparativeRelation] PASSED. Expected [1] and Actual [2]. Comparison Type [GREATER_THAN_OR_EQUALS]. Validation Type [POSITIVE]. @25-01-2022 12:55:59.0559 P
[ReportManager] File Action [GetAbsolutePath] successfully performed. With the following test data [Relative Folder Path: "target/downloadedFiles/"]. @25-01-2022 12:55:59.0563 PM
[ReportManager] Attempting to run locally on: [Mac-64], [Safari], Headless Execution. @25-01-2022 12:55:59.0563 PM
[ReportManager] Successfully Opened Safari. @25-01-2022 12:56:00.0419 PM
[ReportManager] Initial window size: (800, 600) @25-01-2022 12:56:00.0437 PM
[ReportManager] Window size after SWD Maximize: (1176, 803) @25-01-2022 12:56:00.0469 PM
[ReportManager] Browser Action [MaximizeWindow] successfully performed. With the following test data [New screen size is now: (1176, 803)]. @25-01-2022 12:56:00.0470 PM
[ReportManager] Target URL: [https://www.google.com/ncr], and after redirection: [www.google.com] @25-01-2022 12:56:00.0470 PM
[ReportManager] Initial URL: [] @25-01-2022 12:56:00.0523 PM
[ReportManager] Browser Action [NavigateToURL] successfully performed. With the following test data [https://www.google.com/ncr]. @25-01-2022 12:56:02.0166 P

################################################################################################################################################
Starting Execution:	[29 out of 162] test cases in the current suite
Test Method:		[unitTests.tests_validations_assertions.assertElementAttribute_false_caseInsensitiveComparison_expectedToFail]
################################################################################################################################################
[ReportManager] Element Action [Type] successfully performed. With the following test data [AUTOMATION]. @25-01-2022 12:56:02.0519 PM
[ReportManager] Element Action [GetText] successfully performed. With the following test data [AUTOMATION]. @25-01-2022 12:56:02.0600 PM
[ReportManager] Assertion [ValidateElementAttribute] FAILED. Expected [Value Should not be 'AutomaTion' for the 'text' attribute, element locator 'By.name: q'] and Actual [AUTOMATION]. Comparison Type [CASE_INSENSITIVE]. Validation Type [NEGATIVE]. @25-01-2022 12:56:03.0077 PM
[ReportManager] Successfully created attachment [Screenshot - 1643115362961_assertElementAttribute_false_caseInsensitiveComparison_expectedToFail_ValidateElementAttribute_failed] @25-01-2022 12:56:03.0086 P
[ReportManager] Browser Action [CloseCurrentWindow] successfully performed. @25-01-2022 12:56:03.0200 PM
[ReportManager] Successfully created attachment [Browser Action Test Data - CloseCurrentWindow - Actual Value] @25-01-2022 12:56:03.0201 P
[ReportManager] File Action [GetAbsolutePath] successfully performed. With the following test data [Relative Folder Path: "target/downloadedFiles/"]. @25-01-2022 12:56:03.0206 PM
[ReportManager] Attempting to run locally on: [Mac-64], [Safari], Headless Execution. @25-01-2022 12:56:03.0206 PM
[ReportManager] An Exception Occured with this Message: Could not start a new session. Possible causes are invalid address of the remote server or browser start-up failure.. @25-01-2022 12:56:03.0336 PM
[ReportManager] Successfully created attachment [Exception Stack Trace - org.openqa.selenium.SessionNotCreatedException] @25-01-2022 12:56:03.0337 PM
[ReportManager] Driver Factory Action [createNewLocalDriverInstanceForSafari] failed. With the following test data [Failed to create a session on DESKTOP_SAFARI]. @25-01-2022 12:56:03.0337 P

################################################################################################################################################
Starting Execution:	[30 out of 162] test cases in the current suite
Test Method:		[unitTests.tests_validations_assertions.assertElementAttribute_false_caseInsensitiveComparison_expectedToPass]
###############################################################################################################################################



################################################################################################################################################
Starting Execution:	[31 out of 162] test cases in the current suite
Test Method:		[unitTests.tests_validations_assertions.assertElementAttribute_false_containsComparison_expectedToFail]
###############################################################################################################################################



################################################################################################################################################
Starting Execution:	[32 out of 162] test cases in the current suite
Test Method:		[unitTests.tests_validations_assertions.assertElementAttribute_false_containsComparison_expectedToPass]
###############################################################################################################################################



################################################################################################################################################
Starting Execution:	[33 out of 162] test cases in the current suite
Test Method:		[unitTests.tests_validations_assertions.assertElementAttribute_false_literalComparison_expectedToFail]
###############################################################################################################################################



################################################################################################################################################
Starting Execution:	[34 out of 162] test cases in the current suite
Test Method:		[unitTests.tests_validations_assertions.assertElementAttribute_false_literalComparison_expectedToPass]
###############################################################################################################################################



################################################################################################################################################
Starting Execution:	[35 out of 162] test cases in the current suite
Test Method:		[unitTests.tests_validations_assertions.assertElementAttribute_false_regexComparison_expectedToFail]
###############################################################################################################################################



################################################################################################################################################
Starting Execution:	[36 out of 162] test cases in the current suite
Test Method:		[unitTests.tests_validations_assertions.assertElementAttribute_false_regexComparison_expectedToPass]
###############################################################################################################################################



################################################################################################################################################
Starting Execution:	[37 out of 162] test cases in the current suite
Test Method:		[unitTests.tests_validations_assertions.assertElementAttribute_true_caseInsensitiveComparison_expectedToFail]
###############################################################################################################################################



################################################################################################################################################
Starting Execution:	[38 out of 162] test cases in the current suite
Test Method:		[unitTests.tests_validations_assertions.assertElementAttribute_true_caseInsensitiveComparison_expectedToPass]
###############################################################################################################################################



################################################################################################################################################
Starting Execution:	[39 out of 162] test cases in the current suite
Test Method:		[unitTests.tests_validations_assertions.assertElementAttribute_true_containsComparison_expectedToFail]
###############################################################################################################################################



################################################################################################################################################
Starting Execution:	[40 out of 162] test cases in the current suite
Test Method:		[unitTests.tests_validations_assertions.assertElementAttribute_true_containsComparison_expectedToPass]
###############################################################################################################################################



################################################################################################################################################
Starting Execution:	[41 out of 162] test cases in the current suite
Test Method:		[unitTests.tests_validations_assertions.assertElementAttribute_true_literalComparison_expectedToFail]
###############################################################################################################################################



################################################################################################################################################
Starting Execution:	[42 out of 162] test cases in the current suite
Test Method:		[unitTests.tests_validations_assertions.assertElementAttribute_true_literalComparison_expectedToPass]
###############################################################################################################################################



################################################################################################################################################
Starting Execution:	[43 out of 162] test cases in the current suite
Test Method:		[unitTests.tests_validations_assertions.assertElementAttribute_true_regexComparison_expectedToFail]
###############################################################################################################################################



################################################################################################################################################
Starting Execution:	[44 out of 162] test cases in the current suite
Test Method:		[unitTests.tests_validations_assertions.assertElementAttribute_true_regexComparison_expectedToPass]
###############################################################################################################################################



################################################################################################################################################
Starting Execution:	[45 out of 162] test cases in the current suite
Test Method:		[unitTests.tests_validations_assertions.assertElementAttribute_type_true_literalComparison_expectedToPass]
###############################################################################################################################################



################################################################################################################################################
Starting Execution:	[46 out of 162] test cases in the current suite
Test Method:		[unitTests.tests_validations_assertions.assertElementExists_false_expectedToFail]
###############################################################################################################################################



################################################################################################################################################
Starting Execution:	[47 out of 162] test cases in the current suite
Test Method:		[unitTests.tests_validations_assertions.assertElementExists_false_expectedToPass]
###############################################################################################################################################



################################################################################################################################################
Starting Execution:	[48 out of 162] test cases in the current suite
Test Method:		[unitTests.tests_validations_assertions.assertElementExists_false_multipleElementsFound_expectedToFail]
###############################################################################################################################################



################################################################################################################################################
Starting Execution:	[49 out of 162] test cases in the current suite
Test Method:		[unitTests.tests_validations_assertions.assertElementExists_true_expectedToFail]
###############################################################################################################################################



################################################################################################################################################
Starting Execution:	[50 out of 162] test cases in the current suite
Test Method:		[unitTests.tests_validations_assertions.assertElementExists_true_expectedToPass]
###############################################################################################################################################



################################################################################################################################################
Starting Execution:	[51 out of 162] test cases in the current suite
Test Method:		[unitTests.tests_validations_assertions.assertElementExists_true_multipleElementsFound_expectedToFail]
###############################################################################################################################################


################################################################################################################################################
Starting Execution:	[52 out of 162] test cases in the current suite
Test Method:		[unitTests.tests_validations_assertions.assertEquals_false_expectedToFail]
###############################################################################################################################################

################################################################################################################################################
Starting Execution:	[53 out of 162] test cases in the current suite
Test Method:		[unitTests.tests_validations_assertions.assertEquals_false_expectedToPass]
###############################################################################################################################################

################################################################################################################################################
Starting Execution:	[54 out of 162] test cases in the current suite
Test Method:		[unitTests.tests_validations_assertions.assertEquals_longCharacters]
###############################################################################################################################################

################################################################################################################################################
Starting Execution:	[55 out of 162] test cases in the current suite
Test Method:		[unitTests.tests_validations_assertions.assertEquals_longCharacters_Discreet]
###############################################################################################################################################

################################################################################################################################################
Starting Execution:	[56 out of 162] test cases in the current suite
Test Method:		[unitTests.tests_validations_assertions.assertEquals_true_expectedToFail]
###############################################################################################################################################

################################################################################################################################################
Starting Execution:	[57 out of 162] test cases in the current suite
Test Method:		[unitTests.tests_validations_assertions.assertEquals_true_expectedToPass]
Test Description:	[Assert that assertEquals works as expected when the two values are equal.]
###############################################################################################################################################

################################################################################################################################################
Starting Execution:	[58 out of 162] test cases in the current suite
Test Method:		[unitTests.tests_validations_assertions.assertEquals_true_expectedToPass__]
###############################################################################################################################################

################################################################################################################################################
Starting Execution:	[59 out of 162] test cases in the current suite
Test Method:		[unitTests.tests_validations_assertions.assertFileExists_false_expectedToFail]
###############################################################################################################################################

################################################################################################################################################
Starting Execution:	[60 out of 162] test cases in the current suite
Test Method:		[unitTests.tests_validations_assertions.assertFileExists_false_expectedToPass]
###############################################################################################################################################

################################################################################################################################################
Starting Execution:	[61 out of 162] test cases in the current suite
Test Method:		[unitTests.tests_validations_assertions.assertFileExists_true_expectedToFail]
###############################################################################################################################################

################################################################################################################################################
Starting Execution:	[62 out of 162] test cases in the current suite
Test Method:		[unitTests.tests_validations_assertions.assertFileExists_true_expectedToPass]
###############################################################################################################################################

################################################################################################################################################
Starting Execution:	[63 out of 162] test cases in the current suite
Test Method:		[unitTests.tests_validations_assertions.assertNull_false_expectedToFail]
###############################################################################################################################################

################################################################################################################################################
Starting Execution:	[64 out of 162] test cases in the current suite
Test Method:		[unitTests.tests_validations_assertions.assertNull_false_expectedToPass]
###############################################################################################################################################

################################################################################################################################################
Starting Execution:	[65 out of 162] test cases in the current suite
Test Method:		[unitTests.tests_validations_assertions.assertNull_true_expectedToFail]
###############################################################################################################################################

################################################################################################################################################
Starting Execution:	[66 out of 162] test cases in the current suite
Test Method:		[unitTests.tests_validations_assertions.assertNull_true_expectedToPass]
###############################################################################################################################################

################################################################################################################################################
Starting Execution:	[67 out of 162] test cases in the current suite
Test Method:		[unitTests.tests_restActions.getPostsAndAssertBodyForSpecificTitle]
################################################################################################################################################
[ReportManager] Response status code: [200], status line: [HTTP/1.1 200 OK] @25-01-2022 12:56:05.0924 PM
[ReportManager] Assertion Passed: Evaluating the actual response status code against the expected one... @25-01-2022 12:56:05.0930 PM
[ReportManager] Assertion [ValidateComparativeRelation] PASSED. Expected [200] and Actual [200]. Comparison Type [EQUALS]. Validation Type [POSITIVE]. @25-01-2022 12:56:05.0930 PM
[ReportManager] API Action [PerformRequest] successfully performed. With the following test data [Request Type: "GET" | Target Status Code: "200" | Service URL: "https://jsonplaceholder.typicode.com/posts" | Content Type: "*/*" | Response Time: "682ms"]. @25-01-2022 12:56:07.0063 PM
[ReportManager] Successfully created attachment [API Request - Specifications] @25-01-2022 12:56:07.0064 PM
[ReportManager] Successfully created attachment [API Response - JSON Body] @25-01-2022 12:56:07.0349 PM
[ReportManager] API Action [GetResponseJSONValueAsList] successfully performed. @25-01-2022 12:56:07.0376 PM
[ReportManager] API Action [GetResponseJSONValue] successfully performed. With the following test data [title]. @25-01-2022 12:56:07.0401 PM
[ReportManager] API Action [GetResponseJSONValue] successfully performed. With the following test data [title]. @25-01-2022 12:56:07.0416 PM
[ReportManager] API Action [GetResponseJSONValue] successfully performed. With the following test data [body]. @25-01-2022 12:56:07.0431 PM
[ReportManager] Assertion [ValidateEquals] PASSED. Expected [qui neque nisi nulla] and Actual [est rerum tempore vitae
sequi sint nihil reprehenderit dolor beatae ea dolores neque
fugiat blanditiis voluptate porro vel nihil molestiae ut reiciendis
qui aperiam non debitis possimus qui neque nisi nulla]. Comparison Type [CONTAINS]. Validation Type [POSITIVE]. @25-01-2022 12:56:07.0432 PM
[ReportManager] API Action [GetResponseJSONValue] successfully performed. With the following test data [title]. @25-01-2022 12:56:07.0446 PM
[ReportManager] API Action [GetResponseJSONValue] successfully performed. With the following test data [title]. @25-01-2022 12:56:07.0459 PM
[ReportManager] API Action [GetResponseJSONValue] successfully performed. With the following test data [title]. @25-01-2022 12:56:07.0476 PM
[ReportManager] API Action [GetResponseJSONValue] successfully performed. With the following test data [title]. @25-01-2022 12:56:07.0491 PM
[ReportManager] API Action [GetResponseJSONValue] successfully performed. With the following test data [title]. @25-01-2022 12:56:07.0506 PM
[ReportManager] API Action [GetResponseJSONValue] successfully performed. With the following test data [title]. @25-01-2022 12:56:07.0520 PM
[ReportManager] API Action [GetResponseJSONValue] successfully performed. With the following test data [title]. @25-01-2022 12:56:07.0534 PM
[ReportManager] API Action [GetResponseJSONValue] successfully performed. With the following test data [title]. @25-01-2022 12:56:07.0549 PM
[ReportManager] API Action [GetResponseJSONValue] successfully performed. With the following test data [title]. @25-01-2022 12:56:07.0573 PM
[ReportManager] API Action [GetResponseJSONValue] successfully performed. With the following test data [title]. @25-01-2022 12:56:07.0629 PM
[ReportManager] API Action [GetResponseJSONValue] successfully performed. With the following test data [title]. @25-01-2022 12:56:07.0650 PM
[ReportManager] API Action [GetResponseJSONValue] successfully performed. With the following test data [title]. @25-01-2022 12:56:07.0670 PM
[ReportManager] API Action [GetResponseJSONValue] successfully performed. With the following test data [title]. @25-01-2022 12:56:07.0694 PM
[ReportManager] API Action [GetResponseJSONValue] successfully performed. With the following test data [title]. @25-01-2022 12:56:07.0712 PM
[ReportManager] API Action [GetResponseJSONValue] successfully performed. With the following test data [title]. @25-01-2022 12:56:07.0769 PM
[ReportManager] API Action [GetResponseJSONValue] successfully performed. With the following test data [title]. @25-01-2022 12:56:07.0792 PM
[ReportManager] API Action [GetResponseJSONValue] successfully performed. With the following test data [title]. @25-01-2022 12:56:07.0813 PM
[ReportManager] API Action [GetResponseJSONValue] successfully performed. With the following test data [title]. @25-01-2022 12:56:07.0830 PM
[ReportManager] API Action [GetResponseJSONValue] successfully performed. With the following test data [title]. @25-01-2022 12:56:07.0844 PM
[ReportManager] API Action [GetResponseJSONValue] successfully performed. With the following test data [title]. @25-01-2022 12:56:07.0858 PM
[ReportManager] API Action [GetResponseJSONValue] successfully performed. With the following test data [title]. @25-01-2022 12:56:07.0871 PM
[ReportManager] API Action [GetResponseJSONValue] successfully performed. With the following test data [title]. @25-01-2022 12:56:07.0885 PM
[ReportManager] API Action [GetResponseJSONValue] successfully performed. With the following test data [title]. @25-01-2022 12:56:07.0898 PM
[ReportManager] API Action [GetResponseJSONValue] successfully performed. With the following test data [title]. @25-01-2022 12:56:07.0910 PM
[ReportManager] API Action [GetResponseJSONValue] successfully performed. With the following test data [title]. @25-01-2022 12:56:07.0923 PM
[ReportManager] API Action [GetResponseJSONValue] successfully performed. With the following test data [title]. @25-01-2022 12:56:07.0936 PM
[ReportManager] API Action [GetResponseJSONValue] successfully performed. With the following test data [title]. @25-01-2022 12:56:07.0949 PM
[ReportManager] API Action [GetResponseJSONValue] successfully performed. With the following test data [title]. @25-01-2022 12:56:07.0961 PM
[ReportManager] API Action [GetResponseJSONValue] successfully performed. With the following test data [title]. @25-01-2022 12:56:07.0973 PM
[ReportManager] API Action [GetResponseJSONValue] successfully performed. With the following test data [title]. @25-01-2022 12:56:07.0985 PM
[ReportManager] API Action [GetResponseJSONValue] successfully performed. With the following test data [title]. @25-01-2022 12:56:07.0997 PM
[ReportManager] API Action [GetResponseJSONValue] successfully performed. With the following test data [title]. @25-01-2022 12:56:08.0010 PM
[ReportManager] API Action [GetResponseJSONValue] successfully performed. With the following test data [title]. @25-01-2022 12:56:08.0023 PM
[ReportManager] API Action [GetResponseJSONValue] successfully performed. With the following test data [title]. @25-01-2022 12:56:08.0035 PM
[ReportManager] API Action [GetResponseJSONValue] successfully performed. With the following test data [title]. @25-01-2022 12:56:08.0047 PM
[ReportManager] API Action [GetResponseJSONValue] successfully performed. With the following test data [title]. @25-01-2022 12:56:08.0059 PM
[ReportManager] API Action [GetResponseJSONValue] successfully performed. With the following test data [title]. @25-01-2022 12:56:08.0072 PM
[ReportManager] API Action [GetResponseJSONValue] successfully performed. With the following test data [title]. @25-01-2022 12:56:08.0085 PM
[ReportManager] API Action [GetResponseJSONValue] successfully performed. With the following test data [title]. @25-01-2022 12:56:08.0098 PM
[ReportManager] API Action [GetResponseJSONValue] successfully performed. With the following test data [title]. @25-01-2022 12:56:08.0109 PM
[ReportManager] API Action [GetResponseJSONValue] successfully performed. With the following test data [title]. @25-01-2022 12:56:08.0125 PM
[ReportManager] API Action [GetResponseJSONValue] successfully performed. With the following test data [title]. @25-01-2022 12:56:08.0138 PM
[ReportManager] API Action [GetResponseJSONValue] successfully performed. With the following test data [title]. @25-01-2022 12:56:08.0151 PM
[ReportManager] API Action [GetResponseJSONValue] successfully performed. With the following test data [title]. @25-01-2022 12:56:08.0164 PM
[ReportManager] API Action [GetResponseJSONValue] successfully performed. With the following test data [title]. @25-01-2022 12:56:08.0177 PM
[ReportManager] API Action [GetResponseJSONValue] successfully performed. With the following test data [title]. @25-01-2022 12:56:08.0189 PM
[ReportManager] API Action [GetResponseJSONValue] successfully performed. With the following test data [title]. @25-01-2022 12:56:08.0207 PM
[ReportManager] API Action [GetResponseJSONValue] successfully performed. With the following test data [title]. @25-01-2022 12:56:08.0220 PM
[ReportManager] API Action [GetResponseJSONValue] successfully performed. With the following test data [title]. @25-01-2022 12:56:08.0232 PM
[ReportManager] API Action [GetResponseJSONValue] successfully performed. With the following test data [title]. @25-01-2022 12:56:08.0245 PM
[ReportManager] API Action [GetResponseJSONValue] successfully performed. With the following test data [title]. @25-01-2022 12:56:08.0259 PM
[ReportManager] API Action [GetResponseJSONValue] successfully performed. With the following test data [title]. @25-01-2022 12:56:08.0271 PM
[ReportManager] API Action [GetResponseJSONValue] successfully performed. With the following test data [title]. @25-01-2022 12:56:08.0286 PM
[ReportManager] API Action [GetResponseJSONValue] successfully performed. With the following test data [title]. @25-01-2022 12:56:08.0301 PM
[ReportManager] API Action [GetResponseJSONValue] successfully performed. With the following test data [title]. @25-01-2022 12:56:08.0313 PM
[ReportManager] API Action [GetResponseJSONValue] successfully performed. With the following test data [title]. @25-01-2022 12:56:08.0325 PM
[ReportManager] API Action [GetResponseJSONValue] successfully performed. With the following test data [title]. @25-01-2022 12:56:08.0338 PM
[ReportManager] API Action [GetResponseJSONValue] successfully performed. With the following test data [title]. @25-01-2022 12:56:08.0351 PM
[ReportManager] API Action [GetResponseJSONValue] successfully performed. With the following test data [title]. @25-01-2022 12:56:08.0364 PM
[ReportManager] API Action [GetResponseJSONValue] successfully performed. With the following test data [title]. @25-01-2022 12:56:08.0392 PM
[ReportManager] API Action [GetResponseJSONValue] successfully performed. With the following test data [title]. @25-01-2022 12:56:08.0404 PM
[ReportManager] API Action [GetResponseJSONValue] successfully performed. With the following test data [title]. @25-01-2022 12:56:08.0416 PM
[ReportManager] API Action [GetResponseJSONValue] successfully performed. With the following test data [title]. @25-01-2022 12:56:08.0427 PM
[ReportManager] API Action [GetResponseJSONValue] successfully performed. With the following test data [title]. @25-01-2022 12:56:08.0457 PM
[ReportManager] API Action [GetResponseJSONValue] successfully performed. With the following test data [title]. @25-01-2022 12:56:08.0468 PM
[ReportManager] API Action [GetResponseJSONValue] successfully performed. With the following test data [title]. @25-01-2022 12:56:08.0480 PM
[ReportManager] API Action [GetResponseJSONValue] successfully performed. With the following test data [title]. @25-01-2022 12:56:08.0493 PM
[ReportManager] API Action [GetResponseJSONValue] successfully performed. With the following test data [title]. @25-01-2022 12:56:08.0508 PM
[ReportManager] API Action [GetResponseJSONValue] successfully performed. With the following test data [title]. @25-01-2022 12:56:08.0521 PM
[ReportManager] API Action [GetResponseJSONValue] successfully performed. With the following test data [title]. @25-01-2022 12:56:08.0539 PM
[ReportManager] API Action [GetResponseJSONValue] successfully performed. With the following test data [title]. @25-01-2022 12:56:08.0553 PM
[ReportManager] API Action [GetResponseJSONValue] successfully performed. With the following test data [title]. @25-01-2022 12:56:08.0567 PM
[ReportManager] API Action [GetResponseJSONValue] successfully performed. With the following test data [title]. @25-01-2022 12:56:08.0583 PM
[ReportManager] API Action [GetResponseJSONValue] successfully performed. With the following test data [title]. @25-01-2022 12:56:08.0595 PM
[ReportManager] API Action [GetResponseJSONValue] successfully performed. With the following test data [title]. @25-01-2022 12:56:08.0609 PM
[ReportManager] API Action [GetResponseJSONValue] successfully performed. With the following test data [title]. @25-01-2022 12:56:08.0628 PM
[ReportManager] API Action [GetResponseJSONValue] successfully performed. With the following test data [title]. @25-01-2022 12:56:08.0645 PM
[ReportManager] API Action [GetResponseJSONValue] successfully performed. With the following test data [title]. @25-01-2022 12:56:08.0660 PM
[ReportManager] API Action [GetResponseJSONValue] successfully performed. With the following test data [title]. @25-01-2022 12:56:08.0674 PM
[ReportManager] API Action [GetResponseJSONValue] successfully performed. With the following test data [title]. @25-01-2022 12:56:08.0690 PM
[ReportManager] API Action [GetResponseJSONValue] successfully performed. With the following test data [title]. @25-01-2022 12:56:08.0704 PM
[ReportManager] API Action [GetResponseJSONValue] successfully performed. With the following test data [title]. @25-01-2022 12:56:08.0720 PM
[ReportManager] API Action [GetResponseJSONValue] successfully performed. With the following test data [title]. @25-01-2022 12:56:08.0733 PM
[ReportManager] API Action [GetResponseJSONValue] successfully performed. With the following test data [title]. @25-01-2022 12:56:08.0747 PM
[ReportManager] API Action [GetResponseJSONValue] successfully performed. With the following test data [title]. @25-01-2022 12:56:08.0762 PM
[ReportManager] API Action [GetResponseJSONValue] successfully performed. With the following test data [title]. @25-01-2022 12:56:08.0777 PM
[ReportManager] API Action [GetResponseJSONValue] successfully performed. With the following test data [title]. @25-01-2022 12:56:08.0793 PM
[ReportManager] API Action [GetResponseJSONValue] successfully performed. With the following test data [title]. @25-01-2022 12:56:08.0807 PM
[ReportManager] API Action [GetResponseJSONValue] successfully performed. With the following test data [title]. @25-01-2022 12:56:08.0820 PM
[ReportManager] API Action [GetResponseJSONValue] successfully performed. With the following test data [title]. @25-01-2022 12:56:08.0834 PM
[ReportManager] API Action [GetResponseJSONValue] successfully performed. With the following test data [title]. @25-01-2022 12:56:08.0849 PM
[ReportManager] API Action [GetResponseJSONValue] successfully performed. With the following test data [title]. @25-01-2022 12:56:08.0862 PM
[ReportManager] API Action [GetResponseJSONValue] successfully performed. With the following test data [title]. @25-01-2022 12:56:08.0876 PM
[ReportManager] API Action [GetResponseJSONValue] successfully performed. With the following test data [title]. @25-01-2022 12:56:08.0889 PM
[ReportManager] API Action [GetResponseJSONValue] successfully performed. With the following test data [title]. @25-01-2022 12:56:08.0902 PM
[ReportManager] API Action [GetResponseJSONValue] successfully performed. With the following test data [title]. @25-01-2022 12:56:08.0912 PM
[ReportManager] API Action [GetResponseJSONValue] successfully performed. With the following test data [title]. @25-01-2022 12:56:08.0925 PM
[ReportManager] API Action [GetResponseJSONValue] successfully performed. With the following test data [title]. @25-01-2022 12:56:08.0936 P

################################################################################################################################################
Starting Execution:	[68 out of 162] test cases in the current suite
Test Method:		[unitTests.tests_restActions.validateUserEmail]
################################################################################################################################################
[ReportManager] Response status code: [200], status line: [HTTP/1.1 200 OK] @25-01-2022 12:56:08.0992 PM
[ReportManager] Assertion Passed: Evaluating the actual response status code against the expected one... @25-01-2022 12:56:08.0992 PM
[ReportManager] Assertion [ValidateComparativeRelation] PASSED. Expected [200] and Actual [200]. Comparison Type [EQUALS]. Validation Type [POSITIVE]. @25-01-2022 12:56:08.0992 PM
[ReportManager] API Action [PerformRequest] successfully performed. With the following test data [Request Type: "GET" | Target Status Code: "200" | Service URL: "https://jsonplaceholder.typicode.com/users" | Content Type: "*/*" | Response Time: "44ms"]. @25-01-2022 12:56:09.0011 PM
[ReportManager] Successfully created attachment [API Request - Specifications] @25-01-2022 12:56:09.0012 PM
[ReportManager] Successfully created attachment [API Response - JSON Body] @25-01-2022 12:56:09.0013 PM
[ReportManager] Assertion [ValidateEquals] PASSED. Expected and Actual values are attached. Comparison Type [CONTAINS]. Validation Type [POSITIVE]. @25-01-2022 12:56:09.0013 PM
[ReportManager] Successfully created attachment [Validation Test Data - Expected Value] @25-01-2022 12:56:09.0014 PM
[ReportManager] Successfully created attachment [Validation Test Data - Actual Value] @25-01-2022 12:56:09.0014 PM
[ReportManager] API Action [GetResponseJSONValueAsList] successfully performed. With the following test data [$]. @25-01-2022 12:56:09.0020 PM
[ReportManager] API Action [GetResponseJSONValue] successfully performed. With the following test data [name]. @25-01-2022 12:56:09.0032 PM
[ReportManager] API Action [GetResponseJSONValue] successfully performed. With the following test data [email]. @25-01-2022 12:56:09.0043 PM
[ReportManager] Assertion [ValidateEquals] PASSED. Expected [Sincere@april.biz] and Actual [Sincere@april.biz]. Comparison Type [EQUALS]. Validation Type [POSITIVE]. @25-01-2022 12:56:09.0044 PM
[ReportManager] API Action [GetResponseJSONValue] successfully performed. With the following test data [name]. @25-01-2022 12:56:09.0055 PM
[ReportManager] API Action [GetResponseJSONValue] successfully performed. With the following test data [name]. @25-01-2022 12:56:09.0066 PM
[ReportManager] API Action [GetResponseJSONValue] successfully performed. With the following test data [name]. @25-01-2022 12:56:09.0077 PM
[ReportManager] API Action [GetResponseJSONValue] successfully performed. With the following test data [name]. @25-01-2022 12:56:09.0088 PM
[ReportManager] API Action [GetResponseJSONValue] successfully performed. With the following test data [name]. @25-01-2022 12:56:09.0099 PM
[ReportManager] API Action [GetResponseJSONValue] successfully performed. With the following test data [name]. @25-01-2022 12:56:09.0112 PM
[ReportManager] API Action [GetResponseJSONValue] successfully performed. With the following test data [name]. @25-01-2022 12:56:09.0123 PM
[ReportManager] API Action [GetResponseJSONValue] successfully performed. With the following test data [name]. @25-01-2022 12:56:09.0135 PM
[ReportManager] API Action [GetResponseJSONValue] successfully performed. With the following test data [name]. @25-01-2022 12:56:09.0147 P
[ReportManager] File Action [GetAbsolutePath] successfully performed. With the following test data [Relative Folder Path: "target/downloadedFiles/"]. @25-01-2022 12:56:09.0150 PM
[ReportManager] Attempting to run locally on: [Mac-64], [Safari], Headless Execution. @25-01-2022 12:56:09.0150 PM
[ReportManager] Successfully Opened Safari. @25-01-2022 12:56:10.0002 PM
[ReportManager] Initial window size: (800, 600) @25-01-2022 12:56:10.0024 PM
[ReportManager] Window size after SWD Maximize: (1176, 803) @25-01-2022 12:56:10.0059 PM
[ReportManager] Browser Action [MaximizeWindow] successfully performed. With the following test data [New screen size is now: (1176, 803)]. @25-01-2022 12:56:10.0060 P

################################################################################################################################################
Starting Execution:	[69 out of 162] test cases in the current suite
Test Method:		[testPackage01.Test_uploadFile.uploadFile_invisibleUploadInput]
################################################################################################################################################
[ReportManager] Target URL: [https://fineuploader.com/demos.html#gallery-view] @25-01-2022 12:56:10.0063 PM
[ReportManager] Initial URL: [] @25-01-2022 12:56:10.0112 PM
[ReportManager] Browser Action [NavigateToURL] successfully performed. With the following test data [https://fineuploader.com/demos.html#gallery-view]. @25-01-2022 12:56:11.0420 PM
[ReportManager] File Action [GetAbsolutePath] successfully performed. With the following test data [Relative File Path: "src/main/resources/images/shaft.png"]. @25-01-2022 12:56:11.0420 PM
[ReportManager] Successfully created attachment [File Action Actual Result - Command Log] @25-01-2022 12:56:11.0421 PM
[ReportManager] Element Action [TypeFileLocationForUpload] successfully performed. With the following test data [/Users/runner/work/SHAFT_ENGINE/SHAFT_ENGINE/src/main/resources/images/shaft.png]. @25-01-2022 12:56:11.0481 PM
[ReportManager] Attempting to getAttribute [src] from elementLocator [By.xpath: //div[@id='fine-uploader-gallery']//div[@class='qq-thumbnail-wrapper']/img]. @25-01-2022 12:56:11.0483 PM
[ReportManager] Element Action [GetAttribute] successfully performed. @25-01-2022 12:56:11.0635 PM
[ReportManager] Successfully created attachment [Element Action Test Data - GetAttribute - Actual Value] @25-01-2022 12:56:11.0636 PM
[ReportManager] Assertion Passed: Then I Assert that the element found by [By.xpath: //div[@id='fine-uploader-gallery']//div[@class='qq-thumbnail-wrapper']/img] attribute [src] contains [data:image/png;base64]. @25-01-2022 12:56:11.0890 PM
[ReportManager] Successfully created attachment [Validation Test Data - Expected Value] @25-01-2022 12:56:11.0891 PM
[ReportManager] Successfully created attachment [Validation Test Data - Actual Value] @25-01-2022 12:56:11.0891 PM
[ReportManager] Successfully created attachment [Screenshot - 1643115371765_uploadFile_invisibleUploadInput_ValidateElementAttribute_passed] @25-01-2022 12:56:11.0893 PM
[ReportManager] Assertion [ValidateElementAttribute] PASSED. Expected and Actual values are attached. Comparison Type [CONTAINS]. Validation Type [POSITIVE]. @25-01-2022 12:56:11.0893 P
[ReportManager] Browser Action [CloseCurrentWindow] successfully performed. @25-01-2022 12:56:12.0155 PM
[ReportManager] Successfully created attachment [Browser Action Test Data - CloseCurrentWindow - Actual Value] @25-01-2022 12:56:12.0156 P
[ReportManager] File Action [GetAbsolutePath] successfully performed. With the following test data [Relative Folder Path: "target/downloadedFiles/"]. @25-01-2022 12:56:12.0160 PM
[ReportManager] Attempting to run locally on: [Mac-64], [Safari], Headless Execution. @25-01-2022 12:56:12.0161 PM
[ReportManager] Successfully Opened Safari. @25-01-2022 12:56:13.0068 PM
[ReportManager] Initial window size: (800, 600) @25-01-2022 12:56:13.0078 PM
[ReportManager] Window size after SWD Maximize: (1176, 803) @25-01-2022 12:56:13.0104 PM
[ReportManager] Browser Action [MaximizeWindow] successfully performed. With the following test data [New screen size is now: (1176, 803)]. @25-01-2022 12:56:13.0105 P

################################################################################################################################################
Starting Execution:	[70 out of 162] test cases in the current suite
Test Method:		[testPackage01.Test_uploadFile.uploadFile_visibleUploadInput]
################################################################################################################################################
[ReportManager] Target URL: [https://demo.guru99.com/test/upload/] @25-01-2022 12:56:13.0108 PM
[ReportManager] Initial URL: [] @25-01-2022 12:56:13.0178 PM
[ReportManager] Browser Action [NavigateToURL] successfully performed. With the following test data [https://demo.guru99.com/test/upload/]. @25-01-2022 12:56:15.0734 PM
[ReportManager] File Action [GetAbsolutePath] successfully performed. With the following test data [Relative Folder Path: "src/main/resources/images/shaft.png"]. @25-01-2022 12:56:15.0735 PM
[ReportManager] Element Action [TypeFileLocationForUpload] successfully performed. With the following test data [/Users/runner/work/SHAFT_ENGINE/SHAFT_ENGINE/src/main/resources/images/shaft.png]. @25-01-2022 12:56:16.0620 PM
[ReportManager] Element Action [Click] successfully performed. With the following test data [By.id: terms]. @25-01-2022 12:56:16.0881 PM
[ReportManager] Element Action [Click] successfully performed. With the following test data [By.id: submitbutton]. @25-01-2022 12:56:17.0089 PM
[ReportManager] Element Action [GetText] successfully performed. With the following test data [1 file has been successfully uploaded.]. @25-01-2022 12:56:17.0755 PM
[ReportManager] Assertion Passed: Then I Assert that the element found by [By.id: res] attribute [Text] contains [1 file]. @25-01-2022 12:56:17.0951 PM
[ReportManager] Successfully created attachment [Screenshot - 1643115377876_uploadFile_visibleUploadInput_ValidateElementAttribute_passed] @25-01-2022 12:56:17.0952 PM
[ReportManager] Assertion [ValidateElementAttribute] PASSED. Expected [Value Should be '1 file' for the 'Text' attribute, element locator 'By.id: res'] and Actual [1 file has been successfully uploaded.]. Comparison Type [CONTAINS]. Validation Type [POSITIVE]. @25-01-2022 12:56:17.0952 P
[ReportManager] Browser Action [CloseCurrentWindow] successfully performed. @25-01-2022 12:56:18.0250 PM
[ReportManager] Successfully created attachment [Browser Action Test Data - CloseCurrentWindow - Actual Value] @25-01-2022 12:56:18.0251 P

################################################################################################################################################
Starting Execution:	[71 out of 162] test cases in the current suite
Test Method:		[testPackage01.Test_AssertApiResponseEquals.assertApiResponseEquals_expectedToPass]
################################################################################################################################################
[ReportManager] Response status code: [200], status line: [HTTP/1.1 200 OK] @25-01-2022 12:56:18.0296 PM
[ReportManager] Assertion Passed: Evaluating the actual response status code against the expected one... @25-01-2022 12:56:18.0297 PM
[ReportManager] Assertion [ValidateComparativeRelation] PASSED. Expected [200] and Actual [200]. Comparison Type [EQUALS]. Validation Type [POSITIVE]. @25-01-2022 12:56:18.0297 PM
[ReportManager] API Action [PerformRequest] successfully performed. With the following test data [Request Type: "GET" | Target Status Code: "200" | Service URL: "https://jsonplaceholder.typicode.com/users" | Content Type: "*/*" | Response Time: "37ms"]. @25-01-2022 12:56:18.0317 PM
[ReportManager] Successfully created attachment [API Request - Specifications] @25-01-2022 12:56:18.0318 PM
[ReportManager] Successfully created attachment [API Response - JSON Body] @25-01-2022 12:56:18.0319 PM
[ReportManager] API Action [GetResponseJSONValueAsList] successfully performed. With the following test data [$]. @25-01-2022 12:56:18.0324 PM
[ReportManager] API Action [GetResponseJSONValue] successfully performed. With the following test data [name]. @25-01-2022 12:56:18.0336 PM
[ReportManager] API Action [GetResponseJSONValue] successfully performed. With the following test data [email]. @25-01-2022 12:56:18.0350 PM
[ReportManager] Verification [ValidateEquals] PASSED. Expected [Sincere@april.biz] and Actual [Sincere@april.biz]. Comparison Type [EQUALS]. Validation Type [POSITIVE]. @25-01-2022 12:56:18.0350 PM
[ReportManager] API Action [GetResponseJSONValue] successfully performed. With the following test data [username]. @25-01-2022 12:56:18.0362 PM
[ReportManager] Assertion [ValidateEquals] PASSED. Expected [Bret] and Actual [Bret]. Comparison Type [EQUALS]. Validation Type [POSITIVE]. @25-01-2022 12:56:18.0362 PM
[ReportManager] API Action [GetResponseJSONValue] successfully performed. With the following test data [name]. @25-01-2022 12:56:18.0373 PM
[ReportManager] API Action [GetResponseJSONValue] successfully performed. With the following test data [name]. @25-01-2022 12:56:18.0384 PM
[ReportManager] API Action [GetResponseJSONValue] successfully performed. With the following test data [name]. @25-01-2022 12:56:18.0394 PM
[ReportManager] API Action [GetResponseJSONValue] successfully performed. With the following test data [name]. @25-01-2022 12:56:18.0405 PM
[ReportManager] API Action [GetResponseJSONValue] successfully performed. With the following test data [name]. @25-01-2022 12:56:18.0416 PM
[ReportManager] API Action [GetResponseJSONValue] successfully performed. With the following test data [name]. @25-01-2022 12:56:18.0428 PM
[ReportManager] API Action [GetResponseJSONValue] successfully performed. With the following test data [name]. @25-01-2022 12:56:18.0440 PM
[ReportManager] API Action [GetResponseJSONValue] successfully performed. With the following test data [name]. @25-01-2022 12:56:18.0452 PM
[ReportManager] API Action [GetResponseJSONValue] successfully performed. With the following test data [name]. @25-01-2022 12:56:18.0465 P
[ReportManager] File Action [GetAbsolutePath] successfully performed. With the following test data [Relative Folder Path: "target/downloadedFiles/"]. @25-01-2022 12:56:18.0467 PM
[ReportManager] Attempting to run locally on: [Mac-64], [Safari], Headless Execution. @25-01-2022 12:56:18.0467 PM
[ReportManager] Successfully Opened Safari. @25-01-2022 12:56:19.0311 PM
[ReportManager] Initial window size: (800, 600) @25-01-2022 12:56:19.0335 PM
[ReportManager] Window size after SWD Maximize: (1176, 803) @25-01-2022 12:56:19.0363 PM
[ReportManager] Browser Action [MaximizeWindow] successfully performed. With the following test data [New screen size is now: (1176, 803)]. @25-01-2022 12:56:19.0364 PM
[ReportManager] Target URL: [http://the-internet.herokuapp.com/javascript_alerts] @25-01-2022 12:56:19.0364 PM
[ReportManager] Initial URL: [] @25-01-2022 12:56:19.0407 PM
[ReportManager] Browser Action [NavigateToURL] successfully performed. With the following test data [http://the-internet.herokuapp.com/javascript_alerts]. @25-01-2022 12:56:19.0905 P

################################################################################################################################################
Starting Execution:	[72 out of 162] test cases in the current suite
Test Method:		[testPackage01.TestJSPromptBox.dismissAlert]
################################################################################################################################################
[ReportManager] Element Action [Click] successfully performed. With the following test data [By.xpath: //button[contains(text(),'Click for JS Prompt')]]. @25-01-2022 12:56:20.0165 PM
[ReportManager] Alert is present @25-01-2022 12:56:20.0177 PM
[ReportManager] Element Action [DismissAlert] successfully performed. @25-01-2022 12:56:20.0195 P

################################################################################################################################################
Starting Execution:	[73 out of 162] test cases in the current suite
Test Method:		[testPackage01.TestJSPromptBox.assertOnCancelAlertResultText]
################################################################################################################################################
[ReportManager] Element Action [GetText] successfully performed. With the following test data [You entered: null]. @25-01-2022 12:56:20.0261 PM
[ReportManager] Assertion Passed: Then I Assert that the element found by [By.id: result] attribute [TEXT] is equal to [You entered: null]. @25-01-2022 12:56:20.0424 PM
[ReportManager] Successfully created attachment [Screenshot - 1643115380354_assertOnCancelAlertResultText_ValidateElementAttribute_passed] @25-01-2022 12:56:20.0425 PM
[ReportManager] Assertion [ValidateElementAttribute] PASSED. Expected [Value Should be 'You entered: null' for the 'text' attribute, element locator 'By.id: result'] and Actual [You entered: null]. Comparison Type [EQUALS]. Validation Type [POSITIVE]. @25-01-2022 12:56:20.0425 P

################################################################################################################################################
Starting Execution:	[74 out of 162] test cases in the current suite
Test Method:		[testPackage01.TestJSPromptBox.getAlertText]
################################################################################################################################################
[ReportManager] Element Action [Click] successfully performed. With the following test data [By.xpath: //button[contains(text(),'Click for JS Prompt')]]. @25-01-2022 12:56:20.0627 PM
[ReportManager] Alert is present @25-01-2022 12:56:20.0634 PM
[ReportManager] Alert Text is: [I am a JS prompt] @25-01-2022 12:56:20.0641 PM
[ReportManager] Element Action [GetAlertText] successfully performed. @25-01-2022 12:56:20.0641 PM
[ReportManager] Alert text is: [I am a JS prompt] @25-01-2022 12:56:20.0641 PM
[ReportManager] Alert is present @25-01-2022 12:56:20.0662 PM
[ReportManager] Alert Text is: [I am a JS prompt] @25-01-2022 12:56:20.0675 PM
[ReportManager] Element Action [GetAlertText] successfully performed. @25-01-2022 12:56:20.0675 PM
[ReportManager] Assertion Passed: Then I Assert that [I am a JS prompt] is equal to [I am a JS prompt]. @25-01-2022 12:56:20.0676 PM
[ReportManager] Assertion [ValidateEquals] PASSED. Expected [I am a JS prompt] and Actual [I am a JS prompt]. Comparison Type [EQUALS]. Validation Type [POSITIVE]. @25-01-2022 12:56:20.0676 P

################################################################################################################################################
Starting Execution:	[75 out of 162] test cases in the current suite
Test Method:		[testPackage01.TestJSPromptBox.acceptPromptAlertWithoutTypingTextMessage]
################################################################################################################################################
[ReportManager] Alert is not present @25-01-2022 12:56:50.0930 PM
[ReportManager] Element Action [WaitForAlertToBePresent] failed. @25-01-2022 12:56:51.0125 PM
[ReportManager] Successfully created attachment [Screenshot - 1643115410954_acceptPromptAlertWithoutTypingTextMessage_WaitForAlertToBePresent_failed] @25-01-2022 12:56:51.0208 P

################################################################################################################################################
Starting Execution:	[76 out of 162] test cases in the current suite
Test Method:		[testPackage01.TestJSPromptBox.assertOnConfirmPromptAlertWithoutTypingTextMessageResultText]
###############################################################################################################################################

################################################################################################################################################
Starting Execution:	[77 out of 162] test cases in the current suite
Test Method:		[testPackage01.TestJSPromptBox.acceptPromptAlertWithTextMessage]
###############################################################################################################################################

################################################################################################################################################
Starting Execution:	[78 out of 162] test cases in the current suite
Test Method:		[testPackage01.TestJSPromptBox.assertOnConfirmPromptAlertWithTextMessageResultText]
###############################################################################################################################################
[ReportManager] Browser Action [CloseCurrentWindow] successfully performed. @25-01-2022 12:56:52.0128 PM
[ReportManager] Successfully created attachment [Browser Action Test Data - CloseCurrentWindow - Actual Value] @25-01-2022 12:56:52.0209 P

################################################################################################################################################
Starting Execution:	[79 out of 162] test cases in the current suite
Test Method:		[testPackage01.Test_testData.f]
################################################################################################################################################
[ReportManager] Successfully loaded the following test data file [src/test/resources/testDataFiles/testSuite01/TestData.xlsx]. @25-01-2022 12:56:52.0410 PM
[ReportManager] Successfully created attachment [Test Data - Excel] @25-01-2022 12:56:52.0535 PM
[ReportManager] Last Column Number is: [3]. Zero-based. @25-01-2022 12:56:52.0536 P

################################################################################################################################################
Starting Execution:	[80 out of 162] test cases in the current suite
Test Method:		[testPackage01.Test_PDF.testPDF1]
################################################################################################################################################
[ReportManager] File Action [DoesFileExist] successfully performed. With the following test data [File Path: "src/test/resources/testDataFiles/sample.pdf"]. @25-01-2022 12:56:52.0865 PM
[ReportManager] File Action [GetAbsolutePath] successfully performed. With the following test data [Relative Folder Path: "src/test/resources/testDataFiles/sample.pdf"]. @25-01-2022 12:56:52.0867 PM
[ReportManager] Assertion Passed: Checking to see that the pdf file contains [A Simple PDF File] @25-01-2022 12:59:57.0393 PM
[ReportManager] Successfully created attachment [Validation Test Data - Expected Value] @25-01-2022 12:59:57.0435 PM
[ReportManager] Successfully created attachment [Validation Test Data - Actual Value] @25-01-2022 12:59:57.0518 PM
[ReportManager] Assertion [ValidateEquals] PASSED. Expected and Actual values are attached. Comparison Type [CONTAINS]. Validation Type [POSITIVE]. @25-01-2022 12:59:57.0518 P

################################################################################################################################################
Starting Execution:	[81 out of 162] test cases in the current suite
Test Method:		[testPackage01.Test_PDF.testPDF2]
################################################################################################################################################
[ReportManager] File Action [DoesFileExist] successfully performed. With the following test data [File Path: "src/test/resources/testDataFiles/sample.pdf"]. @25-01-2022 12:59:57.0844 PM
[ReportManager] File Action [GetAbsolutePath] successfully performed. With the following test data [Relative Folder Path: "src/test/resources/testDataFiles/sample.pdf"]. @25-01-2022 12:59:57.0844 PM
[ReportManager] Assertion Passed: Checking to see that the pdf file contains [A Simple PDF File] @25-01-2022 12:59:57.0864 PM
[ReportManager] Successfully created attachment [Validation Test Data - Expected Value] @25-01-2022 12:59:57.0905 PM
[ReportManager] Successfully created attachment [Validation Test Data - Actual Value] @25-01-2022 12:59:57.0988 PM
[ReportManager] Assertion [ValidateEquals] PASSED. Expected and Actual values are attached. Comparison Type [CONTAINS]. Validation Type [POSITIVE]. @25-01-2022 12:59:57.0989 P
[ReportManager] File Action [GetAbsolutePath] successfully performed. With the following test data [Relative Folder Path: "target/downloadedFiles/"]. @25-01-2022 12:59:58.0115 PM
[ReportManager] Attempting to run locally on: [Mac-64], [Safari], Headless Execution. @25-01-2022 12:59:58.0116 PM
[ReportManager] Successfully Opened Safari. @25-01-2022 12:59:59.0191 PM
[ReportManager] Initial window size: (800, 600) @25-01-2022 12:59:59.0213 PM
[ReportManager] Window size after SWD Maximize: (1176, 803) @25-01-2022 12:59:59.0230 PM
[ReportManager] Browser Action [MaximizeWindow] successfully performed. With the following test data [New screen size is now: (1176, 803)]. @25-01-2022 12:59:59.0230 P

################################################################################################################################################
Starting Execution:	[82 out of 162] test cases in the current suite
Test Method:		[testPackage01.Test_ShadowDOM.shadowdom]
################################################################################################################################################
[ReportManager] Target URL: [https://mdn.github.io/web-components-examples/popup-info-box-web-component/] @25-01-2022 12:59:59.0356 PM
[ReportManager] Initial URL: [] @25-01-2022 12:59:59.0400 PM
[ReportManager] Browser Action [NavigateToURL] successfully performed. With the following test data [https://mdn.github.io/web-components-examples/popup-info-box-web-component/]. @25-01-2022 12:59:59.0673 PM
[ReportManager] Element Action [Type] successfully performed. With the following test data [Typing into SHADOW DOM...]. @25-01-2022 13:00:00.0169 PM
[ReportManager] Element Action [GetText] successfully performed. With the following test data [Typing into SHADOW DOM...]. @25-01-2022 13:00:00.0269 PM
[ReportManager] Assertion [ValidateElementAttribute] PASSED. Expected [Value Should be 'Typing into SHADOW DOM...' for the 'Text' attribute, element locator 'By.id: cvc'] and Actual [Typing into SHADOW DOM...]. Comparison Type [EQUALS]. Validation Type [POSITIVE]. @25-01-2022 13:00:00.0685 PM
[ReportManager] Successfully created attachment [Screenshot - 1643115600439_shadowdom_ValidateElementAttribute_passed] @25-01-2022 13:00:00.0807 P
[ReportManager] Browser Action [CloseCurrentWindow] successfully performed. @25-01-2022 13:00:01.0482 PM
[ReportManager] Successfully created attachment [Browser Action Test Data - CloseCurrentWindow - Actual Value] @25-01-2022 13:00:01.0523 P
[ReportManager] File Action [GetAbsolutePath] successfully performed. With the following test data [Relative Folder Path: "target/downloadedFiles/"]. @25-01-2022 13:00:01.0649 PM
[ReportManager] Attempting to run locally on: [Mac-64], [Safari], Headless Execution. @25-01-2022 13:00:01.0649 PM
[ReportManager] Successfully Opened Safari. @25-01-2022 13:00:02.0506 PM
[ReportManager] Initial window size: (800, 600) @25-01-2022 13:00:02.0531 PM
[ReportManager] Window size after SWD Maximize: (1176, 803) @25-01-2022 13:00:02.0547 PM
[ReportManager] Browser Action [MaximizeWindow] successfully performed. With the following test data [New screen size is now: (1176, 803)]. @25-01-2022 13:00:02.0548 P

################################################################################################################################################
Starting Execution:	[83 out of 162] test cases in the current suite
Test Method:		[testPackage01.Test_clipboardActions.typeTextAndCopyPaste]
################################################################################################################################################
[ReportManager] Target URL: [https://www.google.com/ncr], and after redirection: [https://www.google.com] @25-01-2022 13:00:02.0592 PM
[ReportManager] Initial URL: [] @25-01-2022 13:00:02.0639 PM
[ReportManager] Browser Action [NavigateToURL] successfully performed. With the following test data [https://www.google.com/ncr]. @25-01-2022 13:00:04.0268 PM
[ReportManager] Element Action [Type] successfully performed. With the following test data [FIRST]. @25-01-2022 13:00:04.0534 P
[ReportManager] Browser Action [CloseCurrentWindow] successfully performed. @25-01-2022 13:00:04.0991 PM
[ReportManager] Successfully created attachment [Browser Action Test Data - CloseCurrentWindow - Actual Value] @25-01-2022 13:00:05.0034 P
[ReportManager] File Action [GetAbsolutePath] successfully performed. With the following test data [Relative Folder Path: "target/downloadedFiles/"]. @25-01-2022 13:00:05.0117 PM
[ReportManager] Attempting to run locally on: [Mac-64], [Safari], Headless Execution. @25-01-2022 13:00:05.0117 PM
[ReportManager] Successfully Opened Safari. @25-01-2022 13:00:05.0972 PM
[ReportManager] Initial window size: (800, 600) @25-01-2022 13:00:05.0984 PM
[ReportManager] Window size after SWD Maximize: (1176, 803) @25-01-2022 13:00:06.0015 PM
[ReportManager] Browser Action [MaximizeWindow] successfully performed. With the following test data [New screen size is now: (1176, 803)]. @25-01-2022 13:00:06.0016 PM
[ReportManager] Target URL: [http://the-internet.herokuapp.com/javascript_alerts] @25-01-2022 13:00:06.0016 PM
[ReportManager] Initial URL: [] @25-01-2022 13:00:06.0063 PM
[ReportManager] Browser Action [NavigateToURL] successfully performed. With the following test data [http://the-internet.herokuapp.com/javascript_alerts]. @25-01-2022 13:00:06.0634 P

################################################################################################################################################
Starting Execution:	[84 out of 162] test cases in the current suite
Test Method:		[testPackage01.TestJSAlertBox.getJSAlertText]
################################################################################################################################################
[ReportManager] Element Action [Click] successfully performed. With the following test data [By.xpath: //button[contains(text(),'Click for JS Alert')]]. @25-01-2022 13:00:06.0909 PM
[ReportManager] Alert is present @25-01-2022 13:00:06.0922 PM
[ReportManager] Alert Text is: [I am a JS Alert] @25-01-2022 13:00:06.0931 PM
[ReportManager] Element Action [GetAlertText] successfully performed. @25-01-2022 13:00:06.0931 PM
[ReportManager] Alert text is: [I am a JS Alert] @25-01-2022 13:00:06.0931 PM
[ReportManager] Alert is present @25-01-2022 13:00:06.0938 PM
[ReportManager] Alert Text is: [I am a JS Alert] @25-01-2022 13:00:06.0944 PM
[ReportManager] Element Action [GetAlertText] successfully performed. @25-01-2022 13:00:06.0944 PM
[ReportManager] Assertion Passed: Then I Assert that [I am a JS Alert] is equal to [I am a JS Alert]. @25-01-2022 13:00:06.0944 PM
[ReportManager] Assertion [ValidateEquals] PASSED. Expected [I am a JS Alert] and Actual [I am a JS Alert]. Comparison Type [EQUALS]. Validation Type [POSITIVE]. @25-01-2022 13:00:06.0944 P

################################################################################################################################################
Starting Execution:	[85 out of 162] test cases in the current suite
Test Method:		[testPackage01.TestJSAlertBox.acceptAlert]
################################################################################################################################################
[ReportManager] Alert is not present @25-01-2022 13:00:37.0270 PM
[ReportManager] Element Action [WaitForAlertToBePresent] failed. @25-01-2022 13:00:37.0470 PM
[ReportManager] Successfully created attachment [Screenshot - 1643115637295_acceptAlert_WaitForAlertToBePresent_failed] @25-01-2022 13:00:37.0553 P

################################################################################################################################################
Starting Execution:	[86 out of 162] test cases in the current suite
Test Method:		[testPackage01.TestJSAlertBox.assertOnConfirmAlertResultText]
###############################################################################################################################################
[ReportManager] Browser Action [CloseCurrentWindow] successfully performed. @25-01-2022 13:00:38.0296 PM
[ReportManager] Successfully created attachment [Browser Action Test Data - CloseCurrentWindow - Actual Value] @25-01-2022 13:00:38.0337 P

################################################################################################################################################
Starting Execution:	[87 out of 162] test cases in the current suite
Test Method:		[testPackage01.Test_checkJDKShellFilesGenerated.testJDKGeneratedSuccessfully]
################################################################################################################################################
[ReportManager] Configuring JDK @25-01-2022 13:00:38.0423 PM
[ReportManager] File Action [GetAbsolutePath] successfully performed. With the following test data [Relative File Path: "generateJdkMac.sh"]. @25-01-2022 13:00:38.0423 PM
[ReportManager] File Action [WriteToFile] successfully performed. With the following test data [Target File Path: "/Users/runner/work/SHAFT_ENGINE/SHAFT_ENGINE/generateJdkMac.sh"]. @25-01-2022 13:00:38.0547 PM
[ReportManager] Attempting to perform the following command locally. Command: [chmod u+x generateJdk.sh] @25-01-2022 13:00:38.0547 PM
[ReportManager] Terminal Action [PerformTerminalCommands] successfully performed. With the following test data [Host Name: "localHost" | Command: "chmod u+x generateJdk.sh" | Exit Status: "1"]. @25-01-2022 13:00:38.0555 PM
[ReportManager] Successfully created attachment [Terminal Action Actual Result - Command Log] @25-01-2022 13:00:38.0673 PM
[ReportManager] Assertion Passed: Then I Assert that [[#!/bin/bash, export JAVA_HOME=$(/usr/libexec/java_home), export PATH=$JAVA_HOME/bin:$PATH, source ~/.zshenv, echo $JAVA_HOME, echo $PATH, exec bash]] contains [JAVA_HOME=$(/usr/libexec/java_home)]. @25-01-2022 13:00:38.0674 PM
[ReportManager] Assertion [ValidateEquals] PASSED. Expected [JAVA_HOME=$(/usr/libexec/java_home)] and Actual [[#!/bin/bash, export JAVA_HOME=$(/usr/libexec/java_home), export PATH=$JAVA_HOME/bin:$PATH, source ~/.zshenv, echo $JAVA_HOME, echo $PATH, exec bash]]. Comparison Type [CONTAINS]. Validation Type [POSITIVE]. @25-01-2022 13:00:38.0674 P
[ReportManager] File Action [GetAbsolutePath] successfully performed. With the following test data [Relative Folder Path: "target/downloadedFiles/"]. @25-01-2022 13:00:38.0799 PM
[ReportManager] Attempting to run locally on: [Mac-64], [Safari], Headless Execution. @25-01-2022 13:00:38.0800 PM
[ReportManager] Successfully Opened Safari. @25-01-2022 13:00:39.0637 PM
[ReportManager] Initial window size: (800, 600) @25-01-2022 13:00:39.0661 PM
[ReportManager] Window size after SWD Maximize: (1176, 803) @25-01-2022 13:00:39.0683 PM
[ReportManager] Browser Action [MaximizeWindow] successfully performed. With the following test data [New screen size is now: (1176, 803)]. @25-01-2022 13:00:39.0684 PM
[ReportManager] Target URL: [http://the-internet.herokuapp.com/javascript_alerts] @25-01-2022 13:00:39.0684 PM
[ReportManager] Initial URL: [] @25-01-2022 13:00:39.0743 PM
[ReportManager] Browser Action [NavigateToURL] successfully performed. With the following test data [http://the-internet.herokuapp.com/javascript_alerts]. @25-01-2022 13:00:40.0227 P

################################################################################################################################################
Starting Execution:	[88 out of 162] test cases in the current suite
Test Method:		[testPackage01.TestJSConfirmBox.dismissAlert]
################################################################################################################################################
[ReportManager] Element Action [Click] successfully performed. With the following test data [By.xpath: //button[contains(text(),'Click for JS Confirm')]]. @25-01-2022 13:00:40.0482 PM
[ReportManager] Alert is present @25-01-2022 13:00:40.0490 PM
[ReportManager] Element Action [DismissAlert] successfully performed. @25-01-2022 13:00:40.0507 P

################################################################################################################################################
Starting Execution:	[89 out of 162] test cases in the current suite
Test Method:		[testPackage01.TestJSConfirmBox.assertOnCancelAlertResultText]
################################################################################################################################################
[ReportManager] Element Action [GetText] successfully performed. With the following test data [You clicked: Cancel]. @25-01-2022 13:00:40.0675 PM
[ReportManager] Assertion Passed: Then I Assert that the element found by [By.id: result] attribute [TEXT] is equal to [You clicked: Cancel]. @25-01-2022 13:00:41.0041 PM
[ReportManager] Successfully created attachment [Screenshot - 1643115640803_assertOnCancelAlertResultText_ValidateElementAttribute_passed] @25-01-2022 13:00:41.0126 PM
[ReportManager] Assertion [ValidateElementAttribute] PASSED. Expected [Value Should be 'You clicked: Cancel' for the 'text' attribute, element locator 'By.id: result'] and Actual [You clicked: Cancel]. Comparison Type [EQUALS]. Validation Type [POSITIVE]. @25-01-2022 13:00:41.0126 P

################################################################################################################################################
Starting Execution:	[90 out of 162] test cases in the current suite
Test Method:		[testPackage01.TestJSConfirmBox.getAlertText]
################################################################################################################################################
[ReportManager] Element Action [Click] successfully performed. With the following test data [By.xpath: //button[contains(text(),'Click for JS Confirm')]]. @25-01-2022 13:00:41.0482 PM
[ReportManager] Alert is present @25-01-2022 13:00:41.0489 PM
[ReportManager] Alert Text is: [I am a JS Confirm] @25-01-2022 13:00:41.0494 PM
[ReportManager] Element Action [GetAlertText] successfully performed. @25-01-2022 13:00:41.0494 PM
[ReportManager] Alert text is: [I am a JS Confirm] @25-01-2022 13:00:41.0495 PM
[ReportManager] Alert is present @25-01-2022 13:00:41.0509 PM
[ReportManager] Alert Text is: [I am a JS Confirm] @25-01-2022 13:00:41.0528 PM
[ReportManager] Element Action [GetAlertText] successfully performed. @25-01-2022 13:00:41.0529 PM
[ReportManager] Assertion Passed: Then I Assert that [I am a JS Confirm] is equal to [I am a JS Confirm]. @25-01-2022 13:00:41.0529 PM
[ReportManager] Assertion [ValidateEquals] PASSED. Expected [I am a JS Confirm] and Actual [I am a JS Confirm]. Comparison Type [EQUALS]. Validation Type [POSITIVE]. @25-01-2022 13:00:41.0529 P

################################################################################################################################################
Starting Execution:	[91 out of 162] test cases in the current suite
Test Method:		[testPackage01.TestJSConfirmBox.acceptAlert]
################################################################################################################################################
[ReportManager] Alert is not present @25-01-2022 13:01:12.0119 PM
[ReportManager] Element Action [WaitForAlertToBePresent] failed. @25-01-2022 13:01:12.0331 PM
[ReportManager] Successfully created attachment [Screenshot - 1643115672144_acceptAlert_WaitForAlertToBePresent_failed] @25-01-2022 13:01:12.0414 P

################################################################################################################################################
Starting Execution:	[92 out of 162] test cases in the current suite
Test Method:		[testPackage01.TestJSConfirmBox.assertOnConfirmAlertResultText]
###############################################################################################################################################
[ReportManager] Browser Action [CloseCurrentWindow] successfully performed. @25-01-2022 13:01:13.0155 PM
[ReportManager] Successfully created attachment [Browser Action Test Data - CloseCurrentWindow - Actual Value] @25-01-2022 13:01:13.0196 P

################################################################################################################################################
Starting Execution:	[93 out of 162] test cases in the current suite
Test Method:		[testPackage01.Test_NewValidationHelper.f1]
################################################################################################################################################
[ReportManager] Assertion Passed: Checking valid user data @25-01-2022 13:01:13.0304 PM
[ReportManager] Successfully created attachment [Validation Test Data - Expected Value] @25-01-2022 13:01:13.0346 PM
[ReportManager] Successfully created attachment [Validation Test Data - Actual Value] @25-01-2022 13:01:13.0428 PM
[ReportManager] Assertion [ValidateEquals] PASSED. Expected and Actual values are attached. Comparison Type [EQUALS]. Validation Type [POSITIVE]. @25-01-2022 13:01:13.0428 P
[ReportManager] File Action [GetAbsolutePath] successfully performed. With the following test data [Relative Folder Path: "target/downloadedFiles/"]. @25-01-2022 13:01:13.0553 PM
[ReportManager] Attempting to run locally on: [Mac-64], [Safari], Headless Execution. @25-01-2022 13:01:13.0554 PM
[ReportManager] Successfully Opened Safari. @25-01-2022 13:01:14.0432 PM
[ReportManager] Initial window size: (800, 600) @25-01-2022 13:01:14.0452 PM
[ReportManager] Window size after SWD Maximize: (1176, 803) @25-01-2022 13:01:14.0481 PM
[ReportManager] Browser Action [MaximizeWindow] successfully performed. With the following test data [New screen size is now: (1176, 803)]. @25-01-2022 13:01:14.0481 PM
[ReportManager] Target URL: [https://the-internet.herokuapp.com/] @25-01-2022 13:01:14.0481 PM
[ReportManager] Initial URL: [] @25-01-2022 13:01:14.0536 PM
[ReportManager] Browser Action [NavigateToURL] successfully performed. With the following test data [https://the-internet.herokuapp.com/]. @25-01-2022 13:01:15.0041 P

################################################################################################################################################
Starting Execution:	[94 out of 162] test cases in the current suite
Test Method:		[testPackage01.Test_NewValidationHelper.f10]
################################################################################################################################################
[ReportManager] Assertion [ValidateElementExists] FAILED. Expected [Element Should Exist, locator 'By.tagName: div'] and Actual [Element Exists but is not unique]. Comparison Type [EQUALS]. Validation Type [POSITIVE]. @25-01-2022 13:01:15.0559 PM
[ReportManager] Successfully created attachment [Screenshot - 1643115675346_f10_ValidateElementExists_failed] @25-01-2022 13:01:15.0643 P
[ReportManager] Successfully Closed All Drivers. @25-01-2022 13:01:16.0038 P
[ReportManager] File Action [GetAbsolutePath] successfully performed. With the following test data [Relative Folder Path: "target/downloadedFiles/"]. @25-01-2022 13:01:16.0163 PM
[ReportManager] Attempting to run locally on: [Mac-64], [Safari], Headless Execution. @25-01-2022 13:01:16.0164 PM
[ReportManager] Successfully Opened Safari. @25-01-2022 13:01:17.0072 PM
[ReportManager] Initial window size: (800, 600) @25-01-2022 13:01:17.0115 PM
[ReportManager] Window size after SWD Maximize: (1176, 803) @25-01-2022 13:01:17.0150 PM
[ReportManager] Browser Action [MaximizeWindow] successfully performed. With the following test data [New screen size is now: (1176, 803)]. @25-01-2022 13:01:17.0151 PM
[ReportManager] Target URL: [https://the-internet.herokuapp.com/] @25-01-2022 13:01:17.0151 PM
[ReportManager] Initial URL: [] @25-01-2022 13:01:17.0221 PM
[ReportManager] Browser Action [NavigateToURL] successfully performed. With the following test data [https://the-internet.herokuapp.com/]. @25-01-2022 13:01:17.0867 P

################################################################################################################################################
Starting Execution:	[95 out of 162] test cases in the current suite
Test Method:		[testPackage01.Test_NewValidationHelper.f11]
################################################################################################################################################
[ReportManager] org.openqa.selenium.TimeoutException:
Expected condition failed: waiting for com.shaft.gui.element.ElementActionsHelper$$Lambda$641/0x000000080112b380@2626020c (tried for 5 second(s) with 1000 milliseconds interval)
org.openqa.selenium.support.ui.FluentWait.timeoutException(FluentWait.java:263)
org.openqa.selenium.support.ui.FluentWait.until(FluentWait.java:231)
com.shaft.gui.element.ElementActionsHelper.waitForElementPresence(ElementActionsHelper.java:89)
com.shaft.gui.element.ElementActionsHelper.waitForElementPresence(ElementActionsHelper.java:37)
com.shaft.gui.element.WebDriverElementActions.getMatchingElementsCount(WebDriverElementActions.java:1481)
com.shaft.gui.element.WebDriverElementActions.getElementsCount(WebDriverElementActions.java:561)
com.shaft.gui.element.ElementActions.getElementsCount(ElementActions.java:269)
com.shaft.validation.ValidationsHelper.validateElementExists(ValidationsHelper.java:149)
com.shaft.validation.Assertions.assertElementExists(Assertions.java:118)
testPackage01.Test_NewValidationHelper.f11(Test_NewValidationHelper.java:137)
java.base/jdk.internal.reflect.NativeMethodAccessorImpl.invoke0(Native Method)
java.base/jdk.internal.reflect.NativeMethodAccessorImpl.invoke(NativeMethodAccessorImpl.java:77)
java.base/jdk.internal.reflect.DelegatingMethodAccessorImpl.invoke(DelegatingMethodAccessorImpl.java:43)
java.base/java.lang.reflect.Method.invoke(Method.java:568)
org.testng.internal.invokers.MethodInvocationHelper.invokeMethod(MethodInvocationHelper.java:135)
org.testng.internal.invokers.TestInvoker.invokeMethod(TestInvoker.java:673)
org.testng.internal.invokers.TestInvoker.invokeTestMethod(TestInvoker.java:220)
org.testng.internal.invokers.MethodRunner.runInSequence(MethodRunner.java:50)
org.testng.internal.invokers.TestInvoker$MethodInvocationAgent.invoke(TestInvoker.java:945)
org.testng.internal.invokers.TestInvoker.invokeTestMethods(TestInvoker.java:193)
org.testng.internal.invokers.TestMethodWorker.invokeTestMethods(TestMethodWorker.java:146)
org.testng.internal.invokers.TestMethodWorker.run(TestMethodWorker.java:128)
java.base/java.util.ArrayList.forEach(ArrayList.java:1511)
org.testng.TestRunner.privateRun(TestRunner.java:808)
org.testng.TestRunner.run(TestRunner.java:603)
org.testng.SuiteRunner.runTest(SuiteRunner.java:429)
org.testng.SuiteRunner.runSequentially(SuiteRunner.java:423)
org.testng.SuiteRunner.privateRun(SuiteRunner.java:383)
org.testng.SuiteRunner.run(SuiteRunner.java:326)
org.testng.SuiteRunnerWorker.runSuite(SuiteRunnerWorker.java:52)
org.testng.SuiteRunnerWorker.run(SuiteRunnerWorker.java:95)
org.testng.TestNG.runSuitesSequentially(TestNG.java:1249)
org.testng.TestNG.runSuitesLocally(TestNG.java:1169)
org.testng.TestNG.runSuites(TestNG.java:1092)
org.testng.TestNG.run(TestNG.java:1060)
org.apache.maven.surefire.testng.TestNGExecutor.run(TestNGExecutor.java:136)
org.apache.maven.surefire.testng.TestNGDirectoryTestSuite.executeMulti(TestNGDirectoryTestSuite.java:193)
org.apache.maven.surefire.testng.TestNGDirectoryTestSuite.execute(TestNGDirectoryTestSuite.java:94)
org.apache.maven.surefire.testng.TestNGProvider.invoke(TestNGProvider.java:145)
org.apache.maven.surefire.booter.ForkedBooter.runSuitesInProcess(ForkedBooter.java:428)
org.apache.maven.surefire.booter.ForkedBooter.execute(ForkedBooter.java:162)
org.apache.maven.surefire.booter.ForkedBooter.run(ForkedBooter.java:562)
org.apache.maven.surefire.booter.ForkedBooter.main(ForkedBooter.java:548)

Caused by: org.openqa.selenium.NoSuchElementException:
For documentation on this error, please visit: https://selenium.dev/exceptions/#no_such_element
Build info: version: '4.1.1', revision: 'e8fcc2cecf'
System info: host: 'Mac-1643115107754.local', ip: '10.213.7.97', os.name: 'Mac OS X', os.arch: 'x86_64', os.version: '11.6.2', java.version: '17.0.2'
Driver info: org.openqa.selenium.safari.SafariDriver
Command: [82B88C1F-D2C0-4E55-A01D-8EA993F7E822, findElement {using=tag name, value=h3}]
Capabilities {acceptInsecureCerts: false, browserName: Safari, browserVersion: 15.2, goog:loggingPrefs: {browser: ALL, client: ALL, driver: ALL, performance: ALL, profiler: ALL, server: ALL}, javascriptEnabled: true, pageLoadStrategy: normal, platform: MAC, platformName: MAC, safari:automaticInspection: false, safari:automaticProfiling: false, safari:diagnose: false, safari:platformBuildVersion: 20G314, safari:platformVersion: 11.6.2, safari:useSimulator: false, setWindowRect: true, strictFileInteractability: false, timeouts: {pageLoad: 30000, script: 30000}, webkit:WebRTC: {DisableICECandidateFiltering: false, DisableInsecureMediaCapture: false}}
Session ID: 82B88C1F-D2C0-4E55-A01D-8EA993F7E822
jdk.internal.reflect.GeneratedConstructorAccessor71.newInstance(Unknown Source)
java.base/jdk.internal.reflect.DelegatingConstructorAccessorImpl.newInstance(DelegatingConstructorAccessorImpl.java:45)
java.base/java.lang.reflect.Constructor.newInstanceWithCaller(Constructor.java:499)
java.base/java.lang.reflect.Constructor.newInstance(Constructor.java:480)
org.openqa.selenium.remote.codec.w3c.W3CHttpResponseCodec.createException(W3CHttpResponseCodec.java:200)
org.openqa.selenium.remote.codec.w3c.W3CHttpResponseCodec.decode(W3CHttpResponseCodec.java:133)
org.openqa.selenium.remote.codec.w3c.W3CHttpResponseCodec.decode(W3CHttpResponseCodec.java:53)
org.openqa.selenium.remote.HttpCommandExecutor.execute(HttpCommandExecutor.java:184)
org.openqa.selenium.remote.service.DriverCommandExecutor.invokeExecute(DriverCommandExecutor.java:167)
org.openqa.selenium.remote.service.DriverCommandExecutor.execute(DriverCommandExecutor.java:142)
org.openqa.selenium.remote.RemoteWebDriver.execute(RemoteWebDriver.java:543)
org.openqa.selenium.remote.ElementLocation$ElementFinder$2.findElement(ElementLocation.java:162)
org.openqa.selenium.remote.ElementLocation.findElement(ElementLocation.java:60)
org.openqa.selenium.remote.RemoteWebDriver.findElement(RemoteWebDriver.java:367)
org.openqa.selenium.remote.RemoteWebDriver.findElement(RemoteWebDriver.java:359)
com.shaft.gui.element.ElementActionsHelper.lambda$waitForElementPresence$0(ElementActionsHelper.java:92)
org.openqa.selenium.support.ui.FluentWait.until(FluentWait.java:208)
com.shaft.gui.element.ElementActionsHelper.waitForElementPresence(ElementActionsHelper.java:89)
com.shaft.gui.element.ElementActionsHelper.waitForElementPresence(ElementActionsHelper.java:37)
com.shaft.gui.element.WebDriverElementActions.getMatchingElementsCount(WebDriverElementActions.java:1481)
com.shaft.gui.element.WebDriverElementActions.getElementsCount(WebDriverElementActions.java:561)
com.shaft.gui.element.ElementActions.getElementsCount(ElementActions.java:269)
com.shaft.validation.ValidationsHelper.validateElementExists(ValidationsHelper.java:149)
com.shaft.validation.Assertions.assertElementExists(Assertions.java:118)
testPackage01.Test_NewValidationHelper.f11(Test_NewValidationHelper.java:137)
java.base/jdk.internal.reflect.NativeMethodAccessorImpl.invoke0(Native Method)
java.base/jdk.internal.reflect.NativeMethodAccessorImpl.invoke(NativeMethodAccessorImpl.java:77)
java.base/jdk.internal.reflect.DelegatingMethodAccessorImpl.invoke(DelegatingMethodAccessorImpl.java:43)
java.base/java.lang.reflect.Method.invoke(Method.java:568)
org.testng.internal.invokers.MethodInvocationHelper.invokeMethod(MethodInvocationHelper.java:135)
org.testng.internal.invokers.TestInvoker.invokeMethod(TestInvoker.java:673)
org.testng.internal.invokers.TestInvoker.invokeTestMethod(TestInvoker.java:220)
org.testng.internal.invokers.MethodRunner.runInSequence(MethodRunner.java:50)
org.testng.internal.invokers.TestInvoker$MethodInvocationAgent.invoke(TestInvoker.java:945)
org.testng.internal.invokers.TestInvoker.invokeTestMethods(TestInvoker.java:193)
org.testng.internal.invokers.TestMethodWorker.invokeTestMethods(TestMethodWorker.java:146)
org.testng.internal.invokers.TestMethodWorker.run(TestMethodWorker.java:128)
java.base/java.util.ArrayList.forEach(ArrayList.java:1511)
org.testng.TestRunner.privateRun(TestRunner.java:808)
org.testng.TestRunner.run(TestRunner.java:603)
org.testng.SuiteRunner.runTest(SuiteRunner.java:429)
org.testng.SuiteRunner.runSequentially(SuiteRunner.java:423)
org.testng.SuiteRunner.privateRun(SuiteRunner.java:383)
org.testng.SuiteRunner.run(SuiteRunner.java:326)
org.testng.SuiteRunnerWorker.runSuite(SuiteRunnerWorker.java:52)
org.testng.SuiteRunnerWorker.run(SuiteRunnerWorker.java:95)
org.testng.TestNG.runSuitesSequentially(TestNG.java:1249)
org.testng.TestNG.runSuitesLocally(TestNG.java:1169)
org.testng.TestNG.runSuites(TestNG.java:1092)
org.testng.TestNG.run(TestNG.java:1060)
org.apache.maven.surefire.testng.TestNGExecutor.run(TestNGExecutor.java:136)
org.apache.maven.surefire.testng.TestNGDirectoryTestSuite.executeMulti(TestNGDirectoryTestSuite.java:193)
org.apache.maven.surefire.testng.TestNGDirectoryTestSuite.execute(TestNGDirectoryTestSuite.java:94)
org.apache.maven.surefire.testng.TestNGProvider.invoke(TestNGProvider.java:145)
org.apache.maven.surefire.booter.ForkedBooter.runSuitesInProcess(ForkedBooter.java:428)
org.apache.maven.surefire.booter.ForkedBooter.execute(ForkedBooter.java:162)
org.apache.maven.surefire.booter.ForkedBooter.run(ForkedBooter.java:562)
org.apache.maven.surefire.booter.ForkedBooter.main(ForkedBooter.java:548) @25-01-2022 13:01:23.0627 PM
[ReportManager] org.openqa.selenium.TimeoutException:
Expected condition failed: waiting for com.shaft.gui.element.ElementActionsHelper$$Lambda$641/0x000000080112b380@42ed2c5d (tried for 5 second(s) with 1000 milliseconds interval)
org.openqa.selenium.support.ui.FluentWait.timeoutException(FluentWait.java:263)
org.openqa.selenium.support.ui.FluentWait.until(FluentWait.java:231)
com.shaft.gui.element.ElementActionsHelper.waitForElementPresence(ElementActionsHelper.java:89)
com.shaft.gui.element.ElementActionsHelper.waitForElementPresence(ElementActionsHelper.java:37)
com.shaft.gui.element.WebDriverElementActions.getMatchingElementsCount(WebDriverElementActions.java:1481)
com.shaft.gui.element.WebDriverElementActions.getElementsCount(WebDriverElementActions.java:561)
com.shaft.gui.element.ElementActions.getElementsCount(ElementActions.java:269)
com.shaft.gui.image.ScreenshotManager.internalCaptureScreenShot(ScreenshotManager.java:385)
com.shaft.gui.image.ScreenshotManager.captureScreenShot(ScreenshotManager.java:141)
com.shaft.validation.ValidationsHelper.reportValidationState(ValidationsHelper.java:823)
com.shaft.validation.ValidationsHelper.pass(ValidationsHelper.java:564)
com.shaft.validation.ValidationsHelper.validateElementExists(ValidationsHelper.java:166)
com.shaft.validation.Assertions.assertElementExists(Assertions.java:118)
testPackage01.Test_NewValidationHelper.f11(Test_NewValidationHelper.java:137)
java.base/jdk.internal.reflect.NativeMethodAccessorImpl.invoke0(Native Method)
java.base/jdk.internal.reflect.NativeMethodAccessorImpl.invoke(NativeMethodAccessorImpl.java:77)
java.base/jdk.internal.reflect.DelegatingMethodAccessorImpl.invoke(DelegatingMethodAccessorImpl.java:43)
java.base/java.lang.reflect.Method.invoke(Method.java:568)
org.testng.internal.invokers.MethodInvocationHelper.invokeMethod(MethodInvocationHelper.java:135)
org.testng.internal.invokers.TestInvoker.invokeMethod(TestInvoker.java:673)
org.testng.internal.invokers.TestInvoker.invokeTestMethod(TestInvoker.java:220)
org.testng.internal.invokers.MethodRunner.runInSequence(MethodRunner.java:50)
org.testng.internal.invokers.TestInvoker$MethodInvocationAgent.invoke(TestInvoker.java:945)
org.testng.internal.invokers.TestInvoker.invokeTestMethods(TestInvoker.java:193)
org.testng.internal.invokers.TestMethodWorker.invokeTestMethods(TestMethodWorker.java:146)
org.testng.internal.invokers.TestMethodWorker.run(TestMethodWorker.java:128)
java.base/java.util.ArrayList.forEach(ArrayList.java:1511)
org.testng.TestRunner.privateRun(TestRunner.java:808)
org.testng.TestRunner.run(TestRunner.java:603)
org.testng.SuiteRunner.runTest(SuiteRunner.java:429)
org.testng.SuiteRunner.runSequentially(SuiteRunner.java:423)
org.testng.SuiteRunner.privateRun(SuiteRunner.java:383)
org.testng.SuiteRunner.run(SuiteRunner.java:326)
org.testng.SuiteRunnerWorker.runSuite(SuiteRunnerWorker.java:52)
org.testng.SuiteRunnerWorker.run(SuiteRunnerWorker.java:95)
org.testng.TestNG.runSuitesSequentially(TestNG.java:1249)
org.testng.TestNG.runSuitesLocally(TestNG.java:1169)
org.testng.TestNG.runSuites(TestNG.java:1092)
org.testng.TestNG.run(TestNG.java:1060)
org.apache.maven.surefire.testng.TestNGExecutor.run(TestNGExecutor.java:136)
org.apache.maven.surefire.testng.TestNGDirectoryTestSuite.executeMulti(TestNGDirectoryTestSuite.java:193)
org.apache.maven.surefire.testng.TestNGDirectoryTestSuite.execute(TestNGDirectoryTestSuite.java:94)
org.apache.maven.surefire.testng.TestNGProvider.invoke(TestNGProvider.java:145)
org.apache.maven.surefire.booter.ForkedBooter.runSuitesInProcess(ForkedBooter.java:428)
org.apache.maven.surefire.booter.ForkedBooter.execute(ForkedBooter.java:162)
org.apache.maven.surefire.booter.ForkedBooter.run(ForkedBooter.java:562)
org.apache.maven.surefire.booter.ForkedBooter.main(ForkedBooter.java:548)

Caused by: org.openqa.selenium.NoSuchElementException:
For documentation on this error, please visit: https://selenium.dev/exceptions/#no_such_element
Build info: version: '4.1.1', revision: 'e8fcc2cecf'
System info: host: 'Mac-1643115107754.local', ip: '10.213.7.97', os.name: 'Mac OS X', os.arch: 'x86_64', os.version: '11.6.2', java.version: '17.0.2'
Driver info: org.openqa.selenium.safari.SafariDriver
Command: [82B88C1F-D2C0-4E55-A01D-8EA993F7E822, findElement {using=tag name, value=h3}]
Capabilities {acceptInsecureCerts: false, browserName: Safari, browserVersion: 15.2, goog:loggingPrefs: {browser: ALL, client: ALL, driver: ALL, performance: ALL, profiler: ALL, server: ALL}, javascriptEnabled: true, pageLoadStrategy: normal, platform: MAC, platformName: MAC, safari:automaticInspection: false, safari:automaticProfiling: false, safari:diagnose: false, safari:platformBuildVersion: 20G314, safari:platformVersion: 11.6.2, safari:useSimulator: false, setWindowRect: true, strictFileInteractability: false, timeouts: {pageLoad: 30000, script: 30000}, webkit:WebRTC: {DisableICECandidateFiltering: false, DisableInsecureMediaCapture: false}}
Session ID: 82B88C1F-D2C0-4E55-A01D-8EA993F7E822
jdk.internal.reflect.GeneratedConstructorAccessor71.newInstance(Unknown Source)
java.base/jdk.internal.reflect.DelegatingConstructorAccessorImpl.newInstance(DelegatingConstructorAccessorImpl.java:45)
java.base/java.lang.reflect.Constructor.newInstanceWithCaller(Constructor.java:499)
java.base/java.lang.reflect.Constructor.newInstance(Constructor.java:480)
org.openqa.selenium.remote.codec.w3c.W3CHttpResponseCodec.createException(W3CHttpResponseCodec.java:200)
org.openqa.selenium.remote.codec.w3c.W3CHttpResponseCodec.decode(W3CHttpResponseCodec.java:133)
org.openqa.selenium.remote.codec.w3c.W3CHttpResponseCodec.decode(W3CHttpResponseCodec.java:53)
org.openqa.selenium.remote.HttpCommandExecutor.execute(HttpCommandExecutor.java:184)
org.openqa.selenium.remote.service.DriverCommandExecutor.invokeExecute(DriverCommandExecutor.java:167)
org.openqa.selenium.remote.service.DriverCommandExecutor.execute(DriverCommandExecutor.java:142)
org.openqa.selenium.remote.RemoteWebDriver.execute(RemoteWebDriver.java:543)
org.openqa.selenium.remote.ElementLocation$ElementFinder$2.findElement(ElementLocation.java:162)
org.openqa.selenium.remote.ElementLocation.findElement(ElementLocation.java:60)
org.openqa.selenium.remote.RemoteWebDriver.findElement(RemoteWebDriver.java:367)
org.openqa.selenium.remote.RemoteWebDriver.findElement(RemoteWebDriver.java:359)
com.shaft.gui.element.ElementActionsHelper.lambda$waitForElementPresence$0(ElementActionsHelper.java:92)
org.openqa.selenium.support.ui.FluentWait.until(FluentWait.java:208)
com.shaft.gui.element.ElementActionsHelper.waitForElementPresence(ElementActionsHelper.java:89)
com.shaft.gui.element.ElementActionsHelper.waitForElementPresence(ElementActionsHelper.java:37)
com.shaft.gui.element.WebDriverElementActions.getMatchingElementsCount(WebDriverElementActions.java:1481)
com.shaft.gui.element.WebDriverElementActions.getElementsCount(WebDriverElementActions.java:561)
com.shaft.gui.element.ElementActions.getElementsCount(ElementActions.java:269)
com.shaft.gui.image.ScreenshotManager.internalCaptureScreenShot(ScreenshotManager.java:385)
com.shaft.gui.image.ScreenshotManager.captureScreenShot(ScreenshotManager.java:141)
com.shaft.validation.ValidationsHelper.reportValidationState(ValidationsHelper.java:823)
com.shaft.validation.ValidationsHelper.pass(ValidationsHelper.java:564)
com.shaft.validation.ValidationsHelper.validateElementExists(ValidationsHelper.java:166)
com.shaft.validation.Assertions.assertElementExists(Assertions.java:118)
testPackage01.Test_NewValidationHelper.f11(Test_NewValidationHelper.java:137)
java.base/jdk.internal.reflect.NativeMethodAccessorImpl.invoke0(Native Method)
java.base/jdk.internal.reflect.NativeMethodAccessorImpl.invoke(NativeMethodAccessorImpl.java:77)
java.base/jdk.internal.reflect.DelegatingMethodAccessorImpl.invoke(DelegatingMethodAccessorImpl.java:43)
java.base/java.lang.reflect.Method.invoke(Method.java:568)
org.testng.internal.invokers.MethodInvocationHelper.invokeMethod(MethodInvocationHelper.java:135)
org.testng.internal.invokers.TestInvoker.invokeMethod(TestInvoker.java:673)
org.testng.internal.invokers.TestInvoker.invokeTestMethod(TestInvoker.java:220)
org.testng.internal.invokers.MethodRunner.runInSequence(MethodRunner.java:50)
org.testng.internal.invokers.TestInvoker$MethodInvocationAgent.invoke(TestInvoker.java:945)
org.testng.internal.invokers.TestInvoker.invokeTestMethods(TestInvoker.java:193)
org.testng.internal.invokers.TestMethodWorker.invokeTestMethods(TestMethodWorker.java:146)
org.testng.internal.invokers.TestMethodWorker.run(TestMethodWorker.java:128)
java.base/java.util.ArrayList.forEach(ArrayList.java:1511)
org.testng.TestRunner.privateRun(TestRunner.java:808)
org.testng.TestRunner.run(TestRunner.java:603)
org.testng.SuiteRunner.runTest(SuiteRunner.java:429)
org.testng.SuiteRunner.runSequentially(SuiteRunner.java:423)
org.testng.SuiteRunner.privateRun(SuiteRunner.java:383)
org.testng.SuiteRunner.run(SuiteRunner.java:326)
org.testng.SuiteRunnerWorker.runSuite(SuiteRunnerWorker.java:52)
org.testng.SuiteRunnerWorker.run(SuiteRunnerWorker.java:95)
org.testng.TestNG.runSuitesSequentially(TestNG.java:1249)
org.testng.TestNG.runSuitesLocally(TestNG.java:1169)
org.testng.TestNG.runSuites(TestNG.java:1092)
org.testng.TestNG.run(TestNG.java:1060)
org.apache.maven.surefire.testng.TestNGExecutor.run(TestNGExecutor.java:136)
org.apache.maven.surefire.testng.TestNGDirectoryTestSuite.executeMulti(TestNGDirectoryTestSuite.java:193)
org.apache.maven.surefire.testng.TestNGDirectoryTestSuite.execute(TestNGDirectoryTestSuite.java:94)
org.apache.maven.surefire.testng.TestNGProvider.invoke(TestNGProvider.java:145)
org.apache.maven.surefire.booter.ForkedBooter.runSuitesInProcess(ForkedBooter.java:428)
org.apache.maven.surefire.booter.ForkedBooter.execute(ForkedBooter.java:162)
org.apache.maven.surefire.booter.ForkedBooter.run(ForkedBooter.java:562)
org.apache.maven.surefire.booter.ForkedBooter.main(ForkedBooter.java:548) @25-01-2022 13:01:29.0077 PM
[ReportManager] Assertion Passed: Checking that false tag doesn't exist @25-01-2022 13:01:29.0280 PM
[ReportManager] Successfully created attachment [Screenshot - 1643115689105_f11_ValidateElementExists_passed] @25-01-2022 13:01:29.0363 PM
[ReportManager] Assertion [ValidateElementExists] PASSED. Expected [Element Should not Exist, locator 'By.tagName: h3'] and Actual [Element Doesn't Exists]. Comparison Type [EQUALS]. Validation Type [NEGATIVE]. @25-01-2022 13:01:29.0363 P
[ReportManager] Successfully Closed All Drivers. @25-01-2022 13:01:29.0735 P
[ReportManager] File Action [GetAbsolutePath] successfully performed. With the following test data [Relative Folder Path: "target/downloadedFiles/"]. @25-01-2022 13:01:29.0862 PM
[ReportManager] Attempting to run locally on: [Mac-64], [Safari], Headless Execution. @25-01-2022 13:01:29.0862 PM
[ReportManager] Successfully Opened Safari. @25-01-2022 13:01:30.0720 PM
[ReportManager] Initial window size: (800, 600) @25-01-2022 13:01:30.0732 PM
[ReportManager] Window size after SWD Maximize: (1176, 803) @25-01-2022 13:01:30.0753 PM
[ReportManager] Browser Action [MaximizeWindow] successfully performed. With the following test data [New screen size is now: (1176, 803)]. @25-01-2022 13:01:30.0753 PM
[ReportManager] Target URL: [https://the-internet.herokuapp.com/] @25-01-2022 13:01:30.0753 PM
[ReportManager] Initial URL: [] @25-01-2022 13:01:30.0817 PM
[ReportManager] Browser Action [NavigateToURL] successfully performed. With the following test data [https://the-internet.herokuapp.com/]. @25-01-2022 13:01:31.0345 P

################################################################################################################################################
Starting Execution:	[96 out of 162] test cases in the current suite
Test Method:		[testPackage01.Test_NewValidationHelper.f12]
################################################################################################################################################
[ReportManager] Assertion [ValidateElementExists] FAILED. Expected [Element Should not Exist, locator 'By.tagName: h1'] and Actual [Element Exists]. Comparison Type [EQUALS]. Validation Type [NEGATIVE]. @25-01-2022 13:01:31.0862 PM
[ReportManager] Successfully created attachment [Screenshot - 1643115691665_f12_ValidateElementExists_failed] @25-01-2022 13:01:31.0947 P
[ReportManager] Successfully Closed All Drivers. @25-01-2022 13:01:32.0189 P
[ReportManager] File Action [GetAbsolutePath] successfully performed. With the following test data [Relative Folder Path: "target/downloadedFiles/"]. @25-01-2022 13:01:32.0313 PM
[ReportManager] Attempting to run locally on: [Mac-64], [Safari], Headless Execution. @25-01-2022 13:01:32.0313 PM
[ReportManager] Successfully Opened Safari. @25-01-2022 13:01:33.0177 PM
[ReportManager] Initial window size: (800, 600) @25-01-2022 13:01:33.0199 PM
[ReportManager] Window size after SWD Maximize: (1176, 803) @25-01-2022 13:01:33.0252 PM
[ReportManager] Browser Action [MaximizeWindow] successfully performed. With the following test data [New screen size is now: (1176, 803)]. @25-01-2022 13:01:33.0253 PM
[ReportManager] Target URL: [https://the-internet.herokuapp.com/] @25-01-2022 13:01:33.0253 PM
[ReportManager] Initial URL: [] @25-01-2022 13:01:33.0302 PM
[ReportManager] Browser Action [NavigateToURL] successfully performed. With the following test data [https://the-internet.herokuapp.com/]. @25-01-2022 13:01:33.0915 P

################################################################################################################################################
Starting Execution:	[97 out of 162] test cases in the current suite
Test Method:		[testPackage01.Test_NewValidationHelper.f13]
################################################################################################################################################
[ReportManager] Assertion [ValidateElementExists] FAILED. Expected [Element Should not Exist, locator 'By.tagName: div'] and Actual [Element Exists but is not unique]. Comparison Type [EQUALS]. Validation Type [NEGATIVE]. @25-01-2022 13:01:34.0424 PM
[ReportManager] Successfully created attachment [Screenshot - 1643115694219_f13_ValidateElementExists_failed] @25-01-2022 13:01:34.0508 P
[ReportManager] Successfully Closed All Drivers. @25-01-2022 13:01:34.0887 P
[ReportManager] File Action [GetAbsolutePath] successfully performed. With the following test data [Relative Folder Path: "target/downloadedFiles/"]. @25-01-2022 13:01:35.0010 PM
[ReportManager] Attempting to run locally on: [Mac-64], [Safari], Headless Execution. @25-01-2022 13:01:35.0010 PM
[ReportManager] An Exception Occured with this Message: Could not start a new session. Possible causes are invalid address of the remote server or browser start-up failure.. @25-01-2022 13:01:35.0127 PM
[ReportManager] Successfully created attachment [Exception Stack Trace - org.openqa.selenium.SessionNotCreatedException] @25-01-2022 13:01:35.0168 PM
[ReportManager] Driver Factory Action [createNewLocalDriverInstanceForSafari] failed. With the following test data [Failed to create a session on DESKTOP_SAFARI]. @25-01-2022 13:01:35.0168 P

################################################################################################################################################
Starting Execution:	[98 out of 162] test cases in the current suite
Test Method:		[testPackage01.Test_NewValidationHelper.f14]
###############################################################################################################################################



################################################################################################################################################
Starting Execution:	[99 out of 162] test cases in the current suite
Test Method:		[testPackage01.Test_NewValidationHelper.f15]
###############################################################################################################################################



################################################################################################################################################
Starting Execution:	[100 out of 162] test cases in the current suite
Test Method:		[testPackage01.Test_NewValidationHelper.f16]
###############################################################################################################################################



################################################################################################################################################
Starting Execution:	[101 out of 162] test cases in the current suite
Test Method:		[testPackage01.Test_NewValidationHelper.f17]
###############################################################################################################################################



################################################################################################################################################
Starting Execution:	[102 out of 162] test cases in the current suite
Test Method:		[testPackage01.Test_NewValidationHelper.f18]
###############################################################################################################################################


################################################################################################################################################
Starting Execution:	[103 out of 162] test cases in the current suite
Test Method:		[testPackage01.Test_NewValidationHelper.f2]
###############################################################################################################################################


################################################################################################################################################
Starting Execution:	[104 out of 162] test cases in the current suite
Test Method:		[testPackage01.Test_NewValidationHelper.f20]
###############################################################################################################################################



################################################################################################################################################
Starting Execution:	[105 out of 162] test cases in the current suite
Test Method:		[testPackage01.Test_NewValidationHelper.f21]
###############################################################################################################################################



################################################################################################################################################
Starting Execution:	[106 out of 162] test cases in the current suite
Test Method:		[testPackage01.Test_NewValidationHelper.f22]
###############################################################################################################################################


################################################################################################################################################
Starting Execution:	[107 out of 162] test cases in the current suite
Test Method:		[testPackage01.Test_NewValidationHelper.f23]
###############################################################################################################################################

################################################################################################################################################
Starting Execution:	[108 out of 162] test cases in the current suite
Test Method:		[testPackage01.Test_NewValidationHelper.f24]
###############################################################################################################################################

################################################################################################################################################
Starting Execution:	[109 out of 162] test cases in the current suite
Test Method:		[testPackage01.Test_NewValidationHelper.f25]
###############################################################################################################################################

################################################################################################################################################
Starting Execution:	[110 out of 162] test cases in the current suite
Test Method:		[testPackage01.Test_NewValidationHelper.f26]
###############################################################################################################################################

################################################################################################################################################
Starting Execution:	[111 out of 162] test cases in the current suite
Test Method:		[testPackage01.Test_NewValidationHelper.f27]
###############################################################################################################################################

################################################################################################################################################
Starting Execution:	[112 out of 162] test cases in the current suite
Test Method:		[testPackage01.Test_NewValidationHelper.f28]
###############################################################################################################################################

################################################################################################################################################
Starting Execution:	[113 out of 162] test cases in the current suite
Test Method:		[testPackage01.Test_NewValidationHelper.f29]
###############################################################################################################################################

################################################################################################################################################
Starting Execution:	[114 out of 162] test cases in the current suite
Test Method:		[testPackage01.Test_NewValidationHelper.f3]
###############################################################################################################################################

################################################################################################################################################
Starting Execution:	[115 out of 162] test cases in the current suite
Test Method:		[testPackage01.Test_NewValidationHelper.f30]
###############################################################################################################################################

################################################################################################################################################
Starting Execution:	[116 out of 162] test cases in the current suite
Test Method:		[testPackage01.Test_NewValidationHelper.f31]
###############################################################################################################################################

################################################################################################################################################
Starting Execution:	[117 out of 162] test cases in the current suite
Test Method:		[testPackage01.Test_NewValidationHelper.f32]
###############################################################################################################################################

################################################################################################################################################
Starting Execution:	[118 out of 162] test cases in the current suite
Test Method:		[testPackage01.Test_NewValidationHelper.f33]
###############################################################################################################################################

################################################################################################################################################
Starting Execution:	[119 out of 162] test cases in the current suite
Test Method:		[testPackage01.Test_NewValidationHelper.f34]
###############################################################################################################################################

################################################################################################################################################
Starting Execution:	[120 out of 162] test cases in the current suite
Test Method:		[testPackage01.Test_NewValidationHelper.f35]
###############################################################################################################################################

################################################################################################################################################
Starting Execution:	[121 out of 162] test cases in the current suite
Test Method:		[testPackage01.Test_NewValidationHelper.f36]
###############################################################################################################################################

################################################################################################################################################
Starting Execution:	[122 out of 162] test cases in the current suite
Test Method:		[testPackage01.Test_NewValidationHelper.f37]
###############################################################################################################################################

################################################################################################################################################
Starting Execution:	[123 out of 162] test cases in the current suite
Test Method:		[testPackage01.Test_NewValidationHelper.f3_1]
###############################################################################################################################################

################################################################################################################################################
Starting Execution:	[124 out of 162] test cases in the current suite
Test Method:		[testPackage01.Test_NewValidationHelper.f4]
###############################################################################################################################################

################################################################################################################################################
Starting Execution:	[125 out of 162] test cases in the current suite
Test Method:		[testPackage01.Test_NewValidationHelper.f5]
###############################################################################################################################################

################################################################################################################################################
Starting Execution:	[126 out of 162] test cases in the current suite
Test Method:		[testPackage01.Test_NewValidationHelper.f6]
###############################################################################################################################################

################################################################################################################################################
Starting Execution:	[127 out of 162] test cases in the current suite
Test Method:		[testPackage01.Test_NewValidationHelper.f6_1]
###############################################################################################################################################

################################################################################################################################################
Starting Execution:	[128 out of 162] test cases in the current suite
Test Method:		[testPackage01.Test_NewValidationHelper.f6_2]
###############################################################################################################################################

################################################################################################################################################
Starting Execution:	[129 out of 162] test cases in the current suite
Test Method:		[testPackage01.Test_NewValidationHelper.f7]
###############################################################################################################################################


################################################################################################################################################
Starting Execution:	[130 out of 162] test cases in the current suite
Test Method:		[testPackage01.Test_NewValidationHelper.f8]
###############################################################################################################################################



################################################################################################################################################
Starting Execution:	[131 out of 162] test cases in the current suite
Test Method:		[testPackage01.Test_NewValidationHelper.f9]
###############################################################################################################################################


################################################################################################################################################
Starting Execution:	[132 out of 162] test cases in the current suite
Test Method:		[testPackage01.Test_NewValidationHelper.forceFail]
###############################################################################################################################################

################################################################################################################################################
Starting Execution:	[133 out of 162] test cases in the current suite
Test Method:		[testPackage01.Test_NewValidationHelper.forceFail2]
###############################################################################################################################################

################################################################################################################################################
Starting Execution:	[134 out of 162] test cases in the current suite
Test Method:		[testPackage01.Test_JsonActions.f]
###############################################################################################################################################

################################################################################################################################################
Starting Execution:	[135 out of 162] test cases in the current suite
Test Method:		[testPackage01.Test_JsonActions.f2]
###############################################################################################################################################

################################################################################################################################################
Starting Execution:	[136 out of 162] test cases in the current suite
Test Method:		[testPackage01.Test_sendGraphqlRequest.sendGraphqlRequestUsingMutationAndVariables]
################################################################################################################################################
[ReportManager] GraphQl Request is being Performed with the Following Parameters [Service URL: https://api.spacex.land/graphql | Request Body: {"variables":"{\"name\": \"sherlock holmes\",\"rocket\": \"221B Baker Street\"}","query":"mutation ($name: String, $rocket: String) {\n  insert_users(objects: {name: $name, rocket: $rocket}) {\n    returning {\n      name\n      rocket\n    }\n  }\n}"}] @25-01-2022 13:01:36.0824 PM
[ReportManager] Response status code: [200], status line: [HTTP/1.1 200 OK] @25-01-2022 13:01:37.0131 PM
[ReportManager] Assertion Passed: Evaluating the actual response status code against the expected one... @25-01-2022 13:01:37.0132 PM
[ReportManager] Assertion [ValidateComparativeRelation] PASSED. Expected [200] and Actual [200]. Comparison Type [EQUALS]. Validation Type [POSITIVE]. @25-01-2022 13:01:37.0132 PM
[ReportManager] API Action [PerformRequest] successfully performed. With the following test data [Request Type: "POST" | Target Status Code: "200" | Service URL: "https://api.spacex.land/graphql" | Content Type: "application/json" | Response Time: "192ms"]. @25-01-2022 13:01:37.0192 PM
[ReportManager] Successfully created attachment [API Request - Specifications] @25-01-2022 13:01:37.0234 PM
[ReportManager] Successfully created attachment [API Request - JSON Body] @25-01-2022 13:01:37.0317 PM
[ReportManager] Successfully created attachment [API Response - JSON Body] @25-01-2022 13:01:37.0393 PM
[ReportManager] API Action [GetResponseJSONValue] successfully performed. With the following test data [data.insert_users.returning[0].name]. @25-01-2022 13:01:37.0556 PM
[ReportManager] Assertion [ValidateEquals] PASSED. Expected [sherlock holmes] and Actual [sherlock holmes]. Comparison Type [EQUALS]. Validation Type [POSITIVE]. @25-01-2022 13:01:37.0556 P

################################################################################################################################################
Starting Execution:	[137 out of 162] test cases in the current suite
Test Method:		[testPackage01.Test_sendGraphqlRequest.sendGraphqlRequestUsingQuery]
################################################################################################################################################
[ReportManager] GraphQl Request is being Performed with the Following Parameters [Service URL: https://api.spacex.land/graphql | Request Body: {"query":"{company {ceo}}"}] @25-01-2022 13:01:37.0686 PM
[ReportManager] Response status code: [200], status line: [HTTP/1.1 200 OK] @25-01-2022 13:01:37.0813 PM
[ReportManager] Assertion Passed: Evaluating the actual response status code against the expected one... @25-01-2022 13:01:37.0813 PM
[ReportManager] Assertion [ValidateComparativeRelation] PASSED. Expected [200] and Actual [200]. Comparison Type [EQUALS]. Validation Type [POSITIVE]. @25-01-2022 13:01:37.0814 PM
[ReportManager] API Action [PerformRequest] successfully performed. With the following test data [Request Type: "POST" | Target Status Code: "200" | Service URL: "https://api.spacex.land/graphql" | Content Type: "application/json" | Response Time: "122ms"]. @25-01-2022 13:01:37.0829 PM
[ReportManager] Successfully created attachment [API Request - Specifications] @25-01-2022 13:01:37.0871 PM
[ReportManager] Successfully created attachment [API Request - JSON Body] @25-01-2022 13:01:37.0955 PM
[ReportManager] Successfully created attachment [API Response - JSON Body] @25-01-2022 13:01:37.0998 PM
[ReportManager] API Action [GetResponseJSONValue] successfully performed. With the following test data [data.company.ceo]. @25-01-2022 13:01:38.0015 PM
[ReportManager] Assertion [ValidateEquals] PASSED. Expected [Elon Musk] and Actual [Elon Musk]. Comparison Type [EQUALS]. Validation Type [POSITIVE]. @25-01-2022 13:01:38.0016 P

################################################################################################################################################
Starting Execution:	[138 out of 162] test cases in the current suite
Test Method:		[testPackage01.Test_MatchJsonSchema.checkAPI_ResponseSchema]
################################################################################################################################################
[ReportManager] Response status code: [200], status line: [HTTP/1.1 200 OK] @25-01-2022 13:01:38.0256 PM
[ReportManager] Assertion Passed: Evaluating the actual response status code against the expected one... @25-01-2022 13:01:38.0256 PM
[ReportManager] Assertion [ValidateComparativeRelation] PASSED. Expected [200] and Actual [200]. Comparison Type [EQUALS]. Validation Type [POSITIVE]. @25-01-2022 13:01:38.0257 PM
[ReportManager] API Action [PerformRequest] successfully performed. With the following test data [Request Type: "GET" | Target Status Code: "200" | Service URL: "http://api.zippopotam.us/us/90210" | Content Type: "*/*" | Response Time: "106ms"]. @25-01-2022 13:01:38.0273 PM
[ReportManager] Successfully created attachment [API Request - Specifications] @25-01-2022 13:01:38.0314 PM
[ReportManager] Successfully created attachment [API Response - JSON Body] @25-01-2022 13:01:38.0398 PM
[ReportManager] File Action [GetAbsolutePath] successfully performed. With the following test data [Relative Folder Path: "src/test/resources/testDataFiles/schema.json"]. @25-01-2022 13:01:38.0400 PM
[ReportManager] File Action [GetAbsolutePath] successfully performed. With the following test data [Relative Folder Path: "/Users/runner/work/SHAFT_ENGINE/SHAFT_ENGINE/src/test/resources/testDataFiles/schema.json"]. @25-01-2022 13:01:39.0254 PM
[ReportManager] File Action [ReadFromFile] successfully performed. With the following test data [File Path: "/Users/runner/work/SHAFT_ENGINE/SHAFT_ENGINE/src/test/resources/testDataFiles/schema.json"]. @25-01-2022 13:01:39.0254 PM
[ReportManager] Assertion Passed: Then I Assert that the API response schema matches that in this file [src/test/resources/testDataFiles/schema.json]. @25-01-2022 13:01:39.0256 PM
[ReportManager] Successfully created attachment [Validation Test Data - Expected JSON Value] @25-01-2022 13:01:39.0298 PM
[ReportManager] Successfully created attachment [Validation Test Data - Actual JSON Value] @25-01-2022 13:01:39.0379 PM
[ReportManager] Assertion [ValidateResponseFileSchema] PASSED. Expected [Response data should match the JSON File in this path '/Users/runner/work/SHAFT_ENGINE/SHAFT_ENGINE/src/test/resources/testDataFiles/schema.json'] and Actual [TRUE]. Comparison Type [EQUALS]. Validation Type [POSITIVE]. @25-01-2022 13:01:39.0379 P
[ReportManager] File Action [GetAbsolutePath] successfully performed. With the following test data [Relative Folder Path: "target/downloadedFiles/"]. @25-01-2022 13:01:39.0506 PM
[ReportManager] Attempting to run locally on: [Mac-64], [Safari], Headless Execution. @25-01-2022 13:01:39.0506 PM
[ReportManager] Successfully Opened Safari. @25-01-2022 13:01:40.0374 PM
[ReportManager] Initial window size: (800, 600) @25-01-2022 13:01:40.0398 PM
[ReportManager] Window size after SWD Maximize: (1176, 803) @25-01-2022 13:01:40.0428 PM
[ReportManager] Browser Action [MaximizeWindow] successfully performed. With the following test data [New screen size is now: (1176, 803)]. @25-01-2022 13:01:40.0432 P

################################################################################################################################################
Starting Execution:	[139 out of 162] test cases in the current suite
Test Method:		[testPackage01.Test_dragAndDrop.dragAndDropJquery]
################################################################################################################################################
[ReportManager] Target URL: [https://jqueryui.com/resources/demos/droppable/default.html] @25-01-2022 13:01:40.0557 PM
[ReportManager] Initial URL: [] @25-01-2022 13:01:40.0590 PM
[ReportManager] Browser Action [NavigateToURL] successfully performed. With the following test data [https://jqueryui.com/resources/demos/droppable/default.html]. @25-01-2022 13:01:40.0995 PM
[ReportManager] Element Action [GetText] successfully performed. With the following test data [
	Drop here
]. @25-01-2022 13:01:41.0076 PM
[ReportManager] Element Action [DragAndDrop] successfully performed. With the following test data [Start point: (8, 18), End point: (8, 18)]. @25-01-2022 13:01:42.0188 PM
[ReportManager] Element Action [GetText] successfully performed. With the following test data [
	Dropped!
]. @25-01-2022 13:01:42.0232 PM
[ReportManager] Assertion Passed: Checking to see if the text has changed after performing drag and drop @25-01-2022 13:01:42.0232 PM
[ReportManager] Assertion [ValidateEquals] PASSED. Expected [
	Drop here
] and Actual [
	Dropped!
]. Comparison Type [EQUALS]. Validation Type [NEGATIVE]. @25-01-2022 13:01:42.0232 P
[ReportManager] Browser Action [CloseCurrentWindow] successfully performed. @25-01-2022 13:01:42.0651 PM
[ReportManager] Successfully created attachment [Browser Action Test Data - CloseCurrentWindow - Actual Value] @25-01-2022 13:01:42.0692 P
[ReportManager] File Action [GetAbsolutePath] successfully performed. With the following test data [Relative Folder Path: "target/downloadedFiles/"]. @25-01-2022 13:01:42.0818 PM
[ReportManager] Attempting to run locally on: [Mac-64], [Safari], Headless Execution. @25-01-2022 13:01:42.0818 PM
[ReportManager] Successfully Opened Safari. @25-01-2022 13:01:43.0706 PM
[ReportManager] Initial window size: (800, 600) @25-01-2022 13:01:43.0731 PM
[ReportManager] Window size after SWD Maximize: (1176, 803) @25-01-2022 13:01:43.0758 PM
[ReportManager] Browser Action [MaximizeWindow] successfully performed. With the following test data [New screen size is now: (1176, 803)]. @25-01-2022 13:01:43.0758 P

################################################################################################################################################
Starting Execution:	[140 out of 162] test cases in the current suite
Test Method:		[testPackage01.Test_dragAndDrop.dragAndDrop]
Test Description:	[TC001 - Test Drag and Drop function.]
################################################################################################################################################
[ReportManager] Target URL: [http://the-internet.herokuapp.com/drag_and_drop] @25-01-2022 13:01:43.0841 PM
[ReportManager] Initial URL: [] @25-01-2022 13:01:43.0874 PM
[ReportManager] Browser Action [NavigateToURL] successfully performed. With the following test data [http://the-internet.herokuapp.com/drag_and_drop]. @25-01-2022 13:01:44.0329 PM
[ReportManager] Attempting Drag and Drop @25-01-2022 13:01:44.0330 PM
[ReportManager] Element Action [DragAndDrop] successfully performed. With the following test data [Start point: (120, 89), End point: (335, 89)]. @25-01-2022 13:01:45.0046 P
[ReportManager] Browser Action [CloseCurrentWindow] successfully performed. @25-01-2022 13:01:45.0367 PM
[ReportManager] Successfully created attachment [Browser Action Test Data - CloseCurrentWindow - Actual Value] @25-01-2022 13:01:45.0408 P
[ReportManager] File Action [GetAbsolutePath] successfully performed. With the following test data [Relative Folder Path: "target/downloadedFiles/"]. @25-01-2022 13:01:45.0411 PM
[ReportManager] Attempting to run locally on: [Mac-64], [Safari], Headless Execution. @25-01-2022 13:01:45.0411 PM
[ReportManager] Successfully Opened Safari. @25-01-2022 13:01:46.0460 PM
[ReportManager] Initial window size: (800, 600) @25-01-2022 13:01:46.0521 PM
[ReportManager] Window size after SWD Maximize: (1176, 803) @25-01-2022 13:01:46.0552 PM
[ReportManager] Browser Action [MaximizeWindow] successfully performed. With the following test data [New screen size is now: (1176, 803)]. @25-01-2022 13:01:46.0554 P

################################################################################################################################################
Starting Execution:	[141 out of 162] test cases in the current suite
Test Method:		[testPackage01.Test_dragAndDrop.dragAndDropByOffset]
Test Description:	[TC002 - Test Drag and Drop by offset function.]
################################################################################################################################################
[ReportManager] Target URL: [https://jqueryui.com/resources/demos/draggable/default.html] @25-01-2022 13:01:46.0680 PM
[ReportManager] Initial URL: [] @25-01-2022 13:01:46.0716 PM
[ReportManager] Browser Action [NavigateToURL] successfully performed. With the following test data [https://jqueryui.com/resources/demos/draggable/default.html]. @25-01-2022 13:01:47.0151 PM
[ReportManager] Element Action [DragAndDropByOffset] successfully performed. With the following test data [Start point: (8, 8), End point: (108, 58)]. @25-01-2022 13:01:47.0931 P
[ReportManager] Browser Action [CloseCurrentWindow] successfully performed. @25-01-2022 13:01:48.0148 PM
[ReportManager] Successfully created attachment [Browser Action Test Data - CloseCurrentWindow - Actual Value] @25-01-2022 13:01:48.0148 P
[ReportManager] Successfully loaded the following test data file [src/test/resources/testDataFiles/testSuite01/TestData.xlsx]. @25-01-2022 13:01:48.0190 PM
[ReportManager] Successfully created attachment [Test Data - Excel] @25-01-2022 13:01:48.0191 PM
[ReportManager] File Action [GetAbsolutePath] successfully performed. With the following test data [Relative Folder Path: "target/downloadedFiles/"]. @25-01-2022 13:01:48.0201 PM
[ReportManager] Attempting to run locally on: [Mac-64], [Safari], Headless Execution. @25-01-2022 13:01:48.0202 PM
[ReportManager] Successfully Opened Safari. @25-01-2022 13:01:49.0341 PM
[ReportManager] Initial window size: (800, 600) @25-01-2022 13:01:49.0345 PM
[ReportManager] Window size after SWD Maximize: (1176, 803) @25-01-2022 13:01:49.0367 PM
[ReportManager] Browser Action [MaximizeWindow] successfully performed. With the following test data [New screen size is now: (1176, 803)]. @25-01-2022 13:01:49.0367 P

################################################################################################################################################
Starting Execution:	[142 out of 162] test cases in the current suite
Test Method:		[testPackage01.Test_google.navigateToURLandVerifyGoogleLogoIsDisplayed]
Test Description:	[TC001 - Navigate to URL and Verify Google Logo is Displayed]
################################################################################################################################################
[ReportManager] Target URL: [https://www.google.com/ncr], and after redirection: [https://www.google.com] @25-01-2022 13:01:49.0371 PM
[ReportManager] Initial URL: [] @25-01-2022 13:01:49.0430 PM
[ReportManager] Browser Action [NavigateToURL] successfully performed. With the following test data [https://www.google.com/ncr]. @25-01-2022 13:01:51.0156 PM
[ReportManager] Assertion Passed: Then I Assert that the element found by [By.xpath: //*[@id='hplogo' or @alt='Google']] exists. @25-01-2022 13:01:51.0355 PM
[ReportManager] Successfully created attachment [Screenshot - 1643115711279_navigateToURLandVerifyGoogleLogoIsDisplayed_ValidateElementExists_passed] @25-01-2022 13:01:51.0357 PM
[ReportManager] Assertion [ValidateElementExists] PASSED. Expected [Element Should Exist, locator 'By.xpath: //*[@id='hplogo' or @alt='Google']'] and Actual [Element Exists]. Comparison Type [EQUALS]. Validation Type [POSITIVE]. @25-01-2022 13:01:51.0357 P

################################################################################################################################################
Starting Execution:	[143 out of 162] test cases in the current suite
Test Method:		[testPackage01.Test_google.searchForQueryandAssertResultsNumDisplayed]
Test Description:	[TC002 - Search for Query and Assert that the number of results is displayed]
################################################################################################################################################
[ReportManager] Element Action [Type] successfully performed. With the following test data [SHAFT_Engine]. @25-01-2022 13:01:51.0820 PM
[ReportManager] Element Action [KeyPress] successfully performed. With the following test data [Enter]. @25-01-2022 13:01:52.0054 PM
[ReportManager] Element Action [GetText] successfully performed. With the following test data [About 657,000 results (0.65 seconds)Â Quick SettingsSee all settingsPrivacySearch historyYour data in SearchUsing SearchExplicit results filterLearn more about SafeSearchHide explicit resultsLanguagesEnglishAdvanced searchAppearanceLight themeDark themeDevice defaultSupportSearch help]. @25-01-2022 13:01:53.0636 PM
[ReportManager] Assertion Passed: Then I Assert that the element found by [By.id: appbar] text does not equal []. @25-01-2022 13:01:54.0770 PM
[ReportManager] Successfully created attachment [Screenshot - 1643115714687_searchForQueryandAssertResultsNumDisplayed_ValidateElementAttribute_passed] @25-01-2022 13:01:54.0772 PM
[ReportManager] Assertion [ValidateElementAttribute] PASSED. Expected [Value Should not be '' for the 'text' attribute, element locator 'By.id: appbar'] and Actual [About 657,000 results (0.65 seconds)Â Quick SettingsSee all settingsPrivacySearch historyYour data in SearchUsing SearchExplicit results filterLearn more about SafeSearchHide explicit resultsLanguagesEnglishAdvanced searchAppearanceLight themeDark themeDevice defaultSupportSearch help]. Comparison Type [EQUALS]. Validation Type [NEGATIVE]. @25-01-2022 13:01:54.0772 P

################################################################################################################################################
Starting Execution:	[144 out of 162] test cases in the current suite
Test Method:		[testPackage01.Test_google.clickNextThrice]
Test Description:	[TC003 - Clicks the next button to make sure that the framework can scroll element into view before clicking it]
################################################################################################################################################
[ReportManager] Element Action [Click] successfully performed. With the following test data [By.xpath: //span[text()='Next']]. @25-01-2022 13:01:55.0079 P
[ReportManager] Successfully Closed All Drivers. @25-01-2022 13:01:55.0490 P
[ReportManager] File Action [GetAbsolutePath] successfully performed. With the following test data [Relative Folder Path: "target/downloadedFiles/"]. @25-01-2022 13:01:55.0492 PM
[ReportManager] Attempting to run locally on: [Mac-64], [Safari], Headless Execution. @25-01-2022 13:01:55.0492 PM
[ReportManager] Successfully Opened Safari. @25-01-2022 13:01:56.0375 PM
[ReportManager] Initial window size: (800, 600) @25-01-2022 13:01:56.0398 PM
[ReportManager] Window size after SWD Maximize: (1176, 803) @25-01-2022 13:01:56.0421 PM
[ReportManager] Browser Action [MaximizeWindow] successfully performed. With the following test data [New screen size is now: (1176, 803)]. @25-01-2022 13:01:56.0422 P

################################################################################################################################################
Starting Execution:	[145 out of 162] test cases in the current suite
Test Method:		[testPackage01.Test_chainableElementActions.chainElementActions]
################################################################################################################################################
[ReportManager] Target URL: [https://www.google.com/ncr], and after redirection: [https://www.google.com] @25-01-2022 13:01:56.0472 PM
[ReportManager] Initial URL: [] @25-01-2022 13:01:56.0510 PM
[ReportManager] Browser Action [NavigateToURL] successfully performed. With the following test data [https://www.google.com/ncr]. @25-01-2022 13:01:58.0182 PM
[ReportManager] Element Action [Type] successfully performed. With the following test data [chained type 1]. @25-01-2022 13:01:58.0690 PM
[ReportManager] Element Action [Type] successfully performed. With the following test data [chained type 2]. @25-01-2022 13:01:58.0987 PM
[ReportManager] Element Action [TypeAppend] successfully performed. With the following test data [345]. @25-01-2022 13:01:59.0084 PM
[ReportManager] Element Action [GetText] successfully performed. With the following test data [chained type 2345]. @25-01-2022 13:01:59.0169 PM
[ReportManager] Assertion Passed: Then I Assert that the element found by [By.name: q] text is equal to [chained type 2345]. @25-01-2022 13:01:59.0408 PM
[ReportManager] Successfully created attachment [Screenshot - 1643115719344_chainElementActions_ValidateElementAttribute_passed] @25-01-2022 13:01:59.0409 PM
[ReportManager] Assertion [ValidateElementAttribute] PASSED. Expected [Value Should be 'chained type 2345' for the 'text' attribute, element locator 'By.name: q'] and Actual [chained type 2345]. Comparison Type [EQUALS]. Validation Type [POSITIVE]. @25-01-2022 13:01:59.0409 P
[ReportManager] Successfully Closed All Drivers. @25-01-2022 13:01:59.0779 P
[ReportManager] File Action [GetAbsolutePath] successfully performed. With the following test data [Relative Folder Path: "target/downloadedFiles/"]. @25-01-2022 13:01:59.0781 PM
[ReportManager] Attempting to run locally on: [Mac-64], [Safari], Headless Execution. @25-01-2022 13:01:59.0781 PM
[ReportManager] Successfully Opened Safari. @25-01-2022 13:02:00.0668 PM
[ReportManager] Initial window size: (800, 600) @25-01-2022 13:02:00.0691 PM
[ReportManager] Window size after SWD Maximize: (1176, 803) @25-01-2022 13:02:00.0722 PM
[ReportManager] Browser Action [MaximizeWindow] successfully performed. With the following test data [New screen size is now: (1176, 803)]. @25-01-2022 13:02:00.0722 P

################################################################################################################################################
Starting Execution:	[146 out of 162] test cases in the current suite
Test Method:		[testPackage01.Test_RelativeLocators.relativeLocatorsTest1]
################################################################################################################################################
[ReportManager] Target URL: [https://duckduckgo.com/] @25-01-2022 13:02:00.0727 PM
[ReportManager] Initial URL: [] @25-01-2022 13:02:00.0775 PM
[ReportManager] Browser Action [NavigateToURL] successfully performed. With the following test data [https://duckduckgo.com/]. @25-01-2022 13:02:01.0590 PM
[ReportManager] Element Action [Type] successfully performed. With the following test data [SHAFT_Engine]. @25-01-2022 13:02:01.0946 PM
[ReportManager] Element Action [KeyPress] successfully performed. With the following test data [ENTER]. @25-01-2022 13:02:02.0014 PM
[ReportManager] Element Action [GetText] successfully performed. With the following test data [GitHub - MohabMohie/SHAFT_ENGINE: SHAFT_ENGINE is a Test ...]. @25-01-2022 13:02:03.0713 PM
[ReportManager] Assertion Passed: Then I Assert that the element found by [Relative Locator: {root={xpath=//a[@class='result__a js-result-title-link']}, filters=[{kind=below, args=[{xpath=//input[@name='q']}]}]}] text does not equal []. @25-01-2022 13:02:03.0998 PM
[ReportManager] Successfully created attachment [Screenshot - 1643115723901_relativeLocatorsTest1_ValidateElementAttribute_passed] @25-01-2022 13:02:04.0001 PM
[ReportManager] Assertion [ValidateElementAttribute] PASSED. Expected [Value Should not be '' for the 'text' attribute, element locator '[unknown locator]'] and Actual [GitHub - MohabMohie/SHAFT_ENGINE: SHAFT_ENGINE is a Test ...]. Comparison Type [EQUALS]. Validation Type [NEGATIVE]. @25-01-2022 13:02:04.0001 P
[ReportManager] Browser Action [CloseCurrentWindow] successfully performed. @25-01-2022 13:02:04.0423 PM
[ReportManager] Successfully created attachment [Browser Action Test Data - CloseCurrentWindow - Actual Value] @25-01-2022 13:02:04.0424 P

################################################################################################################################################
Starting Execution:	[147 out of 162] test cases in the current suite
Test Method:		[testPackage01.Test_JsonCompareWithSpecialCharacters.specialCharacters]
################################################################################################################################################
[ReportManager] File Action [GetAbsolutePath] successfully performed. With the following test data [Relative Folder Path: "src/test/resources/testDataFiles/specialCharacters.json"]. @25-01-2022 13:02:04.0429 PM
[ReportManager] File Action [ReadFromFile] successfully performed. With the following test data [File Path: "/Users/runner/work/SHAFT_ENGINE/SHAFT_ENGINE/src/test/resources/testDataFiles/specialCharacters.json"]. @25-01-2022 13:02:04.0430 PM
[ReportManager] Successfully created attachment [File Action Actual Result - Command Log] @25-01-2022 13:02:04.0431 PM
[ReportManager] Comparing the provided API response with the file at this path "src/test/resources/testDataFiles/specialCharacters.json", comparison type "EQUALS" @25-01-2022 13:02:04.0433 PM
[ReportManager] API Action [CompareJSON] successfully performed. With the following test data [src/test/resources/testDataFiles/specialCharacters.json]. @25-01-2022 13:02:04.0442 PM
[ReportManager] File Action [GetAbsolutePath] successfully performed. With the following test data [Relative Folder Path: "src/test/resources/testDataFiles/specialCharacters.json"]. @25-01-2022 13:02:04.0442 PM
[ReportManager] File Action [ReadFromFile] successfully performed. With the following test data [File Path: "/Users/runner/work/SHAFT_ENGINE/SHAFT_ENGINE/src/test/resources/testDataFiles/specialCharacters.json"]. @25-01-2022 13:02:04.0442 PM
[ReportManager] Verification [ValidateJSONFileContent] PASSED. Expected [Response data should match the JSON File in this path 'src/test/resources/testDataFiles/specialCharacters.json'] and Actual [TRUE]. Comparison Type [EQUALS]. Validation Type [POSITIVE]. @25-01-2022 13:02:04.0447 PM
[ReportManager] Successfully created attachment [Validation Test Data - Expected JSON Value] @25-01-2022 13:02:04.0448 PM
[ReportManager] Successfully created attachment [Validation Test Data - Actual JSON Value] @25-01-2022 13:02:04.0449 P

################################################################################################################################################
Starting Execution:	[148 out of 162] test cases in the current suite
Test Method:		[testPackage01.Test_JsonCompareWithSpecialCharacters.specialCharacters_assertion]
################################################################################################################################################
[ReportManager] File Action [GetAbsolutePath] successfully performed. With the following test data [Relative Folder Path: "src/test/resources/testDataFiles/specialCharacters.json"]. @25-01-2022 13:02:04.0453 PM
[ReportManager] File Action [ReadFromFile] successfully performed. With the following test data [File Path: "/Users/runner/work/SHAFT_ENGINE/SHAFT_ENGINE/src/test/resources/testDataFiles/specialCharacters.json"]. @25-01-2022 13:02:04.0454 PM
[ReportManager] Successfully created attachment [File Action Actual Result - Command Log] @25-01-2022 13:02:04.0454 PM
[ReportManager] Comparing the provided API response with the file at this path "src/test/resources/testDataFiles/specialCharacters.json", comparison type "CONTAINS" @25-01-2022 13:02:04.0455 PM
[ReportManager] API Action [CompareJSON] successfully performed. With the following test data [src/test/resources/testDataFiles/specialCharacters.json]. @25-01-2022 13:02:04.0467 PM
[ReportManager] File Action [GetAbsolutePath] successfully performed. With the following test data [Relative Folder Path: "src/test/resources/testDataFiles/specialCharacters.json"]. @25-01-2022 13:02:04.0467 PM
[ReportManager] File Action [ReadFromFile] successfully performed. With the following test data [File Path: "/Users/runner/work/SHAFT_ENGINE/SHAFT_ENGINE/src/test/resources/testDataFiles/specialCharacters.json"]. @25-01-2022 13:02:04.0468 PM
[ReportManager] Assertion Passed: trying out the log message @25-01-2022 13:02:04.0472 PM
[ReportManager] Successfully created attachment [Validation Test Data - Expected JSON Value] @25-01-2022 13:02:04.0473 PM
[ReportManager] Successfully created attachment [Validation Test Data - Actual JSON Value] @25-01-2022 13:02:04.0473 PM
[ReportManager] Assertion [ValidateJSONFileContent] PASSED. Expected [Response data should match the JSON File in this path 'src/test/resources/testDataFiles/specialCharacters.json'] and Actual [TRUE]. Comparison Type [CONTAINS]. Validation Type [POSITIVE]. @25-01-2022 13:02:04.0473 P

################################################################################################################################################
Starting Execution:	[149 out of 162] test cases in the current suite
Test Method:		[testPackage01.Test_SkipDueToIssue.doNotSkip]
################################################################################################################################################
[ReportManager] This should not be skipped. @25-01-2022 13:02:04.0485 P

################################################################################################################################################
Starting Execution:	[150 out of 162] test cases in the current suite
Test Method:		[testPackage01.Test_SkipDueToIssue.skip]
################################################################################################################################################
[ReportManager] This should be skipped. @25-01-2022 13:02:04.0492 P

################################################################################################################################################
Starting Execution:	[151 out of 162] test cases in the current suite
Test Method:		[testPackage01.Test_SkipDueToIssue.skip2]
################################################################################################################################################
[ReportManager] This should be skipped. @25-01-2022 13:02:04.0497 P

################################################################################################################################################
Starting Execution:	[152 out of 162] test cases in the current suite
Test Method:		[testPackage01.Test_JSONFileManager.readStringFromJson]
################################################################################################################################################
[ReportManager] File Action [GetAbsolutePath] successfully performed. With the following test data [Relative Folder Path: "src/test/resources/testDataFiles/simpleJSON.json"]. @25-01-2022 13:02:04.0502 PM
[ReportManager] Successfully loaded the following test data file [src/test/resources/testDataFiles/simpleJSON.json]. @25-01-2022 13:02:04.0503 PM
[ReportManager] Successfully created attachment [Test Data - JSON] @25-01-2022 13:02:04.0504 PM
[ReportManager] File Action [GetAbsolutePath] successfully performed. With the following test data [Relative Folder Path: "src/test/resources/testDataFiles/simpleJSON.json"]. @25-01-2022 13:02:04.0505 PM
[ReportManager] Assertion [ValidateEquals] PASSED. Expected [Mohab Mohie] and Actual [Mohab Mohie]. Comparison Type [EQUALS]. Validation Type [POSITIVE]. @25-01-2022 13:02:04.0519 P
[ReportManager] File Action [GetAbsolutePath] successfully performed. With the following test data [Relative Folder Path: "target/downloadedFiles/"]. @25-01-2022 13:02:04.0523 PM
[ReportManager] Attempting to run locally on: [Mac-64], [Safari], Headless Execution. @25-01-2022 13:02:04.0523 PM
[ReportManager] Successfully Opened Safari. @25-01-2022 13:02:05.0404 PM
[ReportManager] Initial window size: (800, 600) @25-01-2022 13:02:05.0423 PM
[ReportManager] Window size after SWD Maximize: (1176, 803) @25-01-2022 13:02:05.0456 PM
[ReportManager] Browser Action [MaximizeWindow] successfully performed. With the following test data [New screen size is now: (1176, 803)]. @25-01-2022 13:02:05.0457 P

################################################################################################################################################
Starting Execution:	[153 out of 162] test cases in the current suite
Test Method:		[testPackage01.Test_assertEquals.test_assertElementAttribute]
################################################################################################################################################
[ReportManager] Target URL: [https://www.google.com/ncr], and after redirection: [https://www.google.com] @25-01-2022 13:02:05.0459 PM
[ReportManager] Initial URL: [] @25-01-2022 13:02:05.0509 PM
[ReportManager] Browser Action [NavigateToURL] successfully performed. With the following test data [https://www.google.com/ncr]. @25-01-2022 13:02:07.0148 PM
[ReportManager] Element Action [Type] successfully performed. With the following test data [INC_004010050:Another SCHEDULER with the same name [Duplicate Job Name] already exists.]. @25-01-2022 13:02:08.0099 PM
[ReportManager] Element Action [GetText] successfully performed. With the following test data [INC_004010050:Another SCHEDULER with the same name [Duplicate Job Name] already exists.]. @25-01-2022 13:02:08.0179 PM
[ReportManager] Assertion [ValidateElementAttribute] PASSED. Expected [Value Should be 'INC_004010050:Another SCHEDULER with the same name \[Duplicate Job Name\] already exists.' for the 'text' attribute, element locator 'By.name: q'] and Actual [INC_004010050:Another SCHEDULER with the same name [Duplicate Job Name] already exists.]. Comparison Type [MATCHES]. Validation Type [POSITIVE]. @25-01-2022 13:02:08.0381 PM
[ReportManager] Successfully created attachment [Screenshot - 1643115728267_test_assertElementAttribute_ValidateElementAttribute_passed] @25-01-2022 13:02:08.0382 P
[ReportManager] Browser Action [CloseCurrentWindow] successfully performed. @25-01-2022 13:02:08.0803 PM
[ReportManager] Successfully created attachment [Browser Action Test Data - CloseCurrentWindow - Actual Value] @25-01-2022 13:02:08.0804 P
[ReportManager] File Action [GetAbsolutePath] successfully performed. With the following test data [Relative Folder Path: "target/downloadedFiles/"]. @25-01-2022 13:02:08.0806 PM
[ReportManager] Attempting to run locally on: [Mac-64], [Safari], Headless Execution. @25-01-2022 13:02:08.0806 PM
[ReportManager] Successfully Opened Safari. @25-01-2022 13:02:09.0679 PM
[ReportManager] Initial window size: (800, 600) @25-01-2022 13:02:09.0705 PM
[ReportManager] Window size after SWD Maximize: (1176, 803) @25-01-2022 13:02:09.0802 PM
[ReportManager] Browser Action [MaximizeWindow] successfully performed. With the following test data [New screen size is now: (1176, 803)]. @25-01-2022 13:02:09.0803 P

################################################################################################################################################
Starting Execution:	[154 out of 162] test cases in the current suite
Test Method:		[testPackage01.Test_IsElementClickable.testIsElementClickable]
################################################################################################################################################
[ReportManager] Target URL: [https://the-internet.herokuapp.com/] @25-01-2022 13:02:09.0846 PM
[ReportManager] Initial URL: [] @25-01-2022 13:02:09.0883 PM
[ReportManager] Browser Action [NavigateToURL] successfully performed. With the following test data [https://the-internet.herokuapp.com/]. @25-01-2022 13:02:10.0576 PM
[ReportManager] Element Action [IsElementClickable] successfully performed. @25-01-2022 13:02:10.0644 PM
[ReportManager] Assertion [ValidateTrue] PASSED. Expected [TRUE] and Actual [TRUE]. Validation Type [POSITIVE]. @25-01-2022 13:02:10.0645 P
[ReportManager] Browser Action [CloseCurrentWindow] successfully performed. @25-01-2022 13:02:10.0813 PM
[ReportManager] Successfully created attachment [Browser Action Test Data - CloseCurrentWindow - Actual Value] @25-01-2022 13:02:10.0814 P
[ReportManager] Successfully loaded the following test data file [src/test/resources/testDataFiles/testSuite01/TestData.xlsx]. @25-01-2022 13:02:10.0859 PM
[ReportManager] Successfully created attachment [Test Data - Excel] @25-01-2022 13:02:10.0860 PM
[ReportManager] Attempting to run using Playwright locally on: [Mac-64], [Safari], Headless Execution. @25-01-2022 13:02:44.0649 PM
[ReportManager] File Action [GetAbsolutePath] successfully performed. With the following test data [Relative Folder Path: "target/downloadedFiles/"]. @25-01-2022 13:02:44.0651 PM
[ReportManager] Initial window size: (1280, 720) @25-01-2022 13:02:49.0481 PM
[ReportManager] Window size after Toolkit: com.microsoft.playwright.options.ViewportSize@4a4b3025 @25-01-2022 13:02:49.0492 PM
[ReportManager] Browser Action [MaximizeWindow] successfully performed. With the following test data [New screen size is now: (1920, 1080)]. @25-01-2022 13:02:49.0493 P

################################################################################################################################################
Starting Execution:	[155 out of 162] test cases in the current suite
Test Method:		[testPackage01.Test_google_playwright.navigateToURLandVerifyGoogleLogoIsDisplayed]
Test Description:	[TC001 - Navigate to URL and Verify Google Logo is Displayed]
################################################################################################################################################
[ReportManager] Target URL: [https://www.google.com/ncr], and after redirection: [https://www.google.com] @25-01-2022 13:02:49.0498 PM
[ReportManager] Initial URL: [about:blank] @25-01-2022 13:02:49.0962 PM
[ReportManager] Browser Action [NavigateToURL] successfully performed. With the following test data [https://www.google.com/ncr]. @25-01-2022 13:02:52.0584 PM
[ReportManager] Assertion [ValidateElementExists] PASSED. Expected [Element Should Exist, locator 'xpath=//*[@id='hplogo' or @alt='Google']'] and Actual [Element Exists]. Comparison Type [EQUALS]. Validation Type [POSITIVE]. @25-01-2022 13:02:52.0900 PM
[ReportManager] Successfully created attachment [Screenshot - 1643115772784_navigateToURLandVerifyGoogleLogoIsDisplayed_ValidateElementExists_passed] @25-01-2022 13:02:52.0902 P

################################################################################################################################################
Starting Execution:	[156 out of 162] test cases in the current suite
Test Method:		[testPackage01.Test_google_playwright.searchForQueryandAssertResultsNumDisplayed]
Test Description:	[TC002 - Search for Query and Assert that the number of results is displayed]
################################################################################################################################################
[ReportManager] Element Action [Type] successfully performed. With the following test data [SHAFT_Engine]. @25-01-2022 13:02:53.0110 PM
[ReportManager] Element Action [KeyPress] successfully performed. With the following test data [Enter]. @25-01-2022 13:02:53.0265 PM
[ReportManager] Element Action [GetText] successfully performed. With the following test data [About 832,000 results (0.75 seconds)Â 
]. @25-01-2022 13:02:54.0302 PM
[ReportManager] Assertion [ValidateElementAttribute] PASSED. Expected [Value Should not be '' for the 'text' attribute, element locator 'xpath=//div[@id='appbar']'] and Actual [About 832,000 results (0.75 seconds)Â 
]. Comparison Type [EQUALS]. Validation Type [NEGATIVE]. @25-01-2022 13:02:56.0412 PM
[ReportManager] Successfully created attachment [Screenshot - 1643115776268_searchForQueryandAssertResultsNumDisplayed_ValidateElementAttribute_passed] @25-01-2022 13:02:56.0415 P

################################################################################################################################################
Starting Execution:	[157 out of 162] test cases in the current suite
Test Method:		[testPackage01.Test_google_playwright.clickNextThrice]
Test Description:	[TC003 - Clicks the next button to make sure that the framework can scroll element into view before clicking it]
################################################################################################################################################
[ReportManager] Element Action [Click] successfully performed. With the following test data [Next]. @25-01-2022 13:02:56.0756 P
[ReportManager] Failed to find video recording. @25-01-2022 13:02:56.0759 PM
[ReportManager] Successfully Closed PlayWright Driver. @25-01-2022 13:02:56.0817 P
[ReportManager] File Action [GetAbsolutePath] successfully performed. With the following test data [Relative Folder Path: "target/downloadedFiles/"]. @25-01-2022 13:02:56.0819 PM
[ReportManager] Attempting to run locally on: [Mac-64], [Safari], Headless Execution. @25-01-2022 13:02:56.0819 PM
[ReportManager] An Exception Occured with this Message: Could not start a new session. Possible causes are invalid address of the remote server or browser start-up failure.. @25-01-2022 13:02:57.0269 PM
[ReportManager] Successfully created attachment [Exception Stack Trace - org.openqa.selenium.SessionNotCreatedException] @25-01-2022 13:02:57.0305 PM
[ReportManager] Driver Factory Action [createNewLocalDriverInstanceForSafari] failed. With the following test data [Failed to create a session on DESKTOP_SAFARI]. @25-01-2022 13:02:57.0305 P

################################################################################################################################################
Starting Execution:	[158 out of 162] test cases in the current suite
Test Method:		[testPackage01.Test_verifyEquals.test_assertElementAttribute]
###############################################################################################################################################


################################################################################################################################################
Starting Execution:	[159 out of 162] test cases in the current suite
Test Method:		[testPackage01.Test_SelectedValue.multipleSelect]
################################################################################################################################################
[ReportManager] File Action [GetAbsolutePath] successfully performed. With the following test data [Relative Folder Path: "target/downloadedFiles/"]. @25-01-2022 13:02:57.0363 PM
[ReportManager] Attempting to run locally on: [Mac-64], [GoogleChrome], Headless Execution. @25-01-2022 13:02:57.0364 PM
[ReportManager] Identifying OS/Driver combination and selecting the correct driver version automatically. Please note that if a new driver executable will be downloaded it may take some time... @25-01-2022 13:02:57.0365 PM
[ReportManager] Successfully Opened Google Chrome. @25-01-2022 13:03:01.0307 PM
[ReportManager] Initial window size: (1920, 1080) @25-01-2022 13:03:01.0312 PM
[ReportManager] Window size after SWD Maximize: (1920, 1080) @25-01-2022 13:03:01.0500 PM
[ReportManager] Window size after Toolkit: (1920, 1080) @25-01-2022 13:03:01.0825 PM
[ReportManager] Browser Action [MaximizeWindow] successfully performed. With the following test data [New screen size is now: (1920, 1080)]. @25-01-2022 13:03:01.0830 PM
[ReportManager] Target URL: [https://yari-demos.prod.mdn.mozit.cloud/en-US/docs/Web/HTML/Element/select/_sample_.Advanced_select_with_multiple_features.html] @25-01-2022 13:03:01.0831 PM
[ReportManager] Initial URL: [data:,] @25-01-2022 13:03:01.0870 PM
[ReportManager] Browser Action [NavigateToURL] successfully performed. With the following test data [https://yari-demos.prod.mdn.mozit.cloud/en-US/docs/Web/HTML/Element/select/_sample_.Advanced_select_with_multiple_features.html]. @25-01-2022 13:03:02.0162 PM
[ReportManager] Element Action [Select] successfully performed. With the following test data [Dog]. @25-01-2022 13:03:02.0390 PM
[ReportManager] Element Action [Select] successfully performed. With the following test data [Cat]. @25-01-2022 13:03:02.0574 PM
[ReportManager] Element Action [GetSelectedText] successfully performed. With the following test data [DogCat]. @25-01-2022 13:03:02.0712 PM
[ReportManager] DogCat @25-01-2022 13:03:02.0712 PM
[ReportManager] Element Action [GetSelectedText] successfully performed. With the following test data [DogCat]. @25-01-2022 13:03:02.0854 PM
[ReportManager] Assertion [ValidateElementAttribute] PASSED. Expected [Value Should be 'DogCat' for the 'selectedText' attribute, element locator 'By.tagName: select'] and Actual [DogCat]. Comparison Type [EQUALS]. Validation Type [POSITIVE]. @25-01-2022 13:03:03.0398 PM
[ReportManager] Successfully created attachment [Screenshot - 1643115783288_multipleSelect_ValidateElementAttribute_passed] @25-01-2022 13:03:03.0399 PM
[ReportManager] Browser Action [CloseCurrentWindow] successfully performed. @25-01-2022 13:03:03.0612 PM
[ReportManager] Successfully created attachment [Browser Action Test Data - CloseCurrentWindow - Actual Value] @25-01-2022 13:03:03.0629 P

################################################################################################################################################
Starting Execution:	[160 out of 162] test cases in the current suite
Test Method:		[testPackage01.Test_SelectedValue.simpleSelect]
################################################################################################################################################
[ReportManager] File Action [GetAbsolutePath] successfully performed. With the following test data [Relative Folder Path: "target/downloadedFiles/"]. @25-01-2022 13:03:03.0637 PM
[ReportManager] Attempting to run locally on: [Mac-64], [GoogleChrome], Headless Execution. @25-01-2022 13:03:03.0638 PM
[ReportManager] Identifying OS/Driver combination and selecting the correct driver version automatically. Please note that if a new driver executable will be downloaded it may take some time... @25-01-2022 13:03:03.0638 PM
[ReportManager] Successfully Opened Google Chrome. @25-01-2022 13:03:04.0202 PM
[ReportManager] Initial window size: (1920, 1080) @25-01-2022 13:03:04.0220 PM
[ReportManager] Window size after SWD Maximize: (1920, 1080) @25-01-2022 13:03:04.0330 PM
[ReportManager] Window size after Toolkit: (1920, 1080) @25-01-2022 13:03:04.0914 PM
[ReportManager] Browser Action [MaximizeWindow] successfully performed. With the following test data [New screen size is now: (1920, 1080)]. @25-01-2022 13:03:04.0918 PM
[ReportManager] Target URL: [https://yari-demos.prod.mdn.mozit.cloud/en-US/docs/Web/HTML/Element/select/_sample_.Basic_select.html] @25-01-2022 13:03:04.0918 PM
[ReportManager] Initial URL: [data:,] @25-01-2022 13:03:04.0951 PM
[ReportManager] Browser Action [NavigateToURL] successfully performed. With the following test data [https://yari-demos.prod.mdn.mozit.cloud/en-US/docs/Web/HTML/Element/select/_sample_.Basic_select.html]. @25-01-2022 13:03:05.0175 PM
[ReportManager] Element Action [Select] successfully performed. With the following test data [Third Value]. @25-01-2022 13:03:05.0484 PM
[ReportManager] Element Action [GetSelectedText] successfully performed. With the following test data [Third Value]. @25-01-2022 13:03:05.0560 PM
[ReportManager] Third Value @25-01-2022 13:03:05.0561 PM
[ReportManager] Element Action [GetSelectedText] successfully performed. With the following test data [Third Value]. @25-01-2022 13:03:05.0630 PM
[ReportManager] Assertion [ValidateElementAttribute] PASSED. Expected [Value Should be 'Third Value' for the 'selectedText' attribute, element locator 'By.tagName: select'] and Actual [Third Value]. Comparison Type [EQUALS]. Validation Type [POSITIVE]. @25-01-2022 13:03:06.0248 PM
[ReportManager] Successfully created attachment [Screenshot - 1643115786100_simpleSelect_ValidateElementAttribute_passed] @25-01-2022 13:03:06.0249 PM
[ReportManager] Browser Action [CloseCurrentWindow] successfully performed. @25-01-2022 13:03:06.0465 PM
[ReportManager] Successfully created attachment [Browser Action Test Data - CloseCurrentWindow - Actual Value] @25-01-2022 13:03:06.0466 P
[ReportManager] File Action [GetAbsolutePath] successfully performed. With the following test data [Relative Folder Path: "target/downloadedFiles/"]. @25-01-2022 13:03:06.0468 PM
[ReportManager] Attempting to run locally on: [Mac-64], [Safari], Headless Execution. @25-01-2022 13:03:06.0468 PM
[ReportManager] Successfully Opened Safari. @25-01-2022 13:03:07.0354 PM
[ReportManager] Initial window size: (800, 600) @25-01-2022 13:03:07.0375 PM
[ReportManager] Window size after SWD Maximize: (1176, 803) @25-01-2022 13:03:07.0396 PM
[ReportManager] Browser Action [MaximizeWindow] successfully performed. With the following test data [New screen size is now: (1176, 803)]. @25-01-2022 13:03:07.0396 P

################################################################################################################################################
Starting Execution:	[161 out of 162] test cases in the current suite
Test Method:		[testPackage01.Test_dynamicLoading.dynamicLoading_elementIsHidden]
################################################################################################################################################
[ReportManager] Target URL: [https://the-internet.herokuapp.com/dynamic_loading/1] @25-01-2022 13:03:07.0399 PM
[ReportManager] Initial URL: [] @25-01-2022 13:03:07.0454 PM
[ReportManager] Browser Action [NavigateToURL] successfully performed. With the following test data [https://the-internet.herokuapp.com/dynamic_loading/1]. @25-01-2022 13:03:07.0935 PM
[ReportManager] Element Action [Click] successfully performed. With the following test data [By.xpath: //button[text()='Start']]. @25-01-2022 13:03:08.0138 PM
[ReportManager] Element Action [GetText] successfully performed. With the following test data [
    Hello World!
  ]. @25-01-2022 13:03:08.0194 P
[ReportManager] Browser Action [CloseCurrentWindow] successfully performed. @25-01-2022 13:03:08.0571 PM
[ReportManager] Successfully created attachment [Browser Action Test Data - CloseCurrentWindow - Actual Value] @25-01-2022 13:03:08.0571 P
[ReportManager] File Action [GetAbsolutePath] successfully performed. With the following test data [Relative Folder Path: "target/downloadedFiles/"]. @25-01-2022 13:03:08.0573 PM
[ReportManager] Attempting to run locally on: [Mac-64], [Safari], Headless Execution. @25-01-2022 13:03:08.0573 PM
[ReportManager] Successfully Opened Safari. @25-01-2022 13:03:09.0447 PM
[ReportManager] Initial window size: (800, 600) @25-01-2022 13:03:09.0491 PM
[ReportManager] Window size after SWD Maximize: (1176, 803) @25-01-2022 13:03:09.0526 PM
[ReportManager] Browser Action [MaximizeWindow] successfully performed. With the following test data [New screen size is now: (1176, 803)]. @25-01-2022 13:03:09.0526 P

################################################################################################################################################
Starting Execution:	[162 out of 162] test cases in the current suite
Test Method:		[testPackage01.Test_dynamicLoading.dynamicLoading_elementIsRendered]
################################################################################################################################################
[ReportManager] Target URL: [https://the-internet.herokuapp.com/dynamic_loading/2] @25-01-2022 13:03:09.0540 PM
[ReportManager] Initial URL: [] @25-01-2022 13:03:09.0574 PM
[ReportManager] Browser Action [NavigateToURL] successfully performed. With the following test data [https://the-internet.herokuapp.com/dynamic_loading/2]. @25-01-2022 13:03:10.0044 PM
[ReportManager] Element Action [Click] successfully performed. With the following test data [By.xpath: //button[text()='Start']]. @25-01-2022 13:03:10.0282 PM
[ReportManager] Element Action [GetText] successfully performed. With the following test data [Hello World!]. @25-01-2022 13:03:15.0805 PM
[ReportManager] Assertion [ValidateElementAttribute] PASSED. Expected [Value Should be 'Hello World!' for the 'text' attribute, element locator 'By.id: finish'] and Actual [Hello World!]. Comparison Type [CONTAINS]. Validation Type [POSITIVE]. @25-01-2022 13:03:16.0059 PM
[ReportManager] Successfully created attachment [Screenshot - 1643115795947_dynamicLoading_elementIsRendered_ValidateElementAttribute_passed] @25-01-2022 13:03:16.0060 P
[ReportManager] Browser Action [CloseCurrentWindow] successfully performed. @25-01-2022 13:03:16.0439 PM
[ReportManager] Successfully created attachment [Browser Action Test Data - CloseCurrentWindow - Actual Value] @25-01-2022 13:03:16.0439 P
[ReportManager] Successfully created attachment [SHAFT Engine Logs - Execution log] @25-01-2022 13:03:16.0472 PM

################################################################################################################################################
This test run was powered by SHAFT Engine Version: [SHAFT Engine v6.1.20220113]
SHAFT Engine is licensed under the MIT License: [https://github.com/MohabMohie/SHAFT_ENGINE/blob/master/LICENSE].
################################################################################################################################################