################################################################################################################################################
Detected SHAFT Engine Version: [SHAFT Engine v6.1.20220113]
################################################################################################################################################
[ReportManager] File Action [GetAbsolutePath] successfully performed. With the following test data [Relative Folder Path: "target/downloadedFiles/"]. @11-02-2022 01:57:23.0132 AM
[ReportManager] Attempting to run locally on: [Mac-64], [Safari], Headless Execution. @11-02-2022 01:57:23.0145 AM
[ReportManager] Successfully Opened Safari. @11-02-2022 01:57:29.0272 AM
[ReportManager] Initial window size: (800, 600) @11-02-2022 01:57:29.0301 AM
[ReportManager] Window size after SWD Maximize: (1176, 802) @11-02-2022 01:57:29.0347 AM
[ReportManager] Browser Action [MaximizeWindow] successfully performed. With the following test data [New screen size is now: (1176, 802)]. @11-02-2022 01:57:29.0369 A

################################################################################################################################################
Starting Execution:	[1 out of 165] test cases in the current suite
Test Method:		[unitTests.tests_element_elementActions.waitForElementToBePresent_false_expectedToFail]
################################################################################################################################################
[ReportManager] Target URL: [https://www.google.com/ncr], and after redirection: [www.google.com] @11-02-2022 01:57:29.0571 AM
[ReportManager] Initial URL: [] @11-02-2022 01:57:29.0635 AM
[ReportManager] Browser Action [NavigateToURL] successfully performed. With the following test data [https://www.google.com/ncr]. @11-02-2022 01:57:31.0428 AM
[ReportManager] Waiting for element to be present; elementLocator [By.xpath: //*[@id='hplogo' or @alt='Google']], numberOfTries[1], stateOfPresence[false]... @11-02-2022 01:57:31.0442 AM
[ReportManager] Element Action [WaitForElementToBePresent] failed. With the following test data [waited for the element's state of presence to be (false). Element locator (By.xpath: //*[@id='hplogo' or @alt='Google'])]. @11-02-2022 01:57:34.0805 AM
[ReportManager] Successfully created attachment [Screenshot - 1644544651819_waitForElementToBePresent_false_expectedToFail_WaitForElementToBePresent_failed] @11-02-2022 01:57:34.0819 A
[ReportManager] Browser Action [CloseCurrentWindow] successfully performed. @11-02-2022 01:57:35.0014 AM
[ReportManager] Successfully created attachment [Browser Action Test Data - CloseCurrentWindow - Actual Value] @11-02-2022 01:57:35.0014 A
[ReportManager] File Action [GetAbsolutePath] successfully performed. With the following test data [Relative Folder Path: "target/downloadedFiles/"]. @11-02-2022 01:57:35.0027 AM
[ReportManager] Attempting to run locally on: [Mac-64], [Safari], Headless Execution. @11-02-2022 01:57:35.0028 AM
[ReportManager] Successfully Opened Safari. @11-02-2022 01:57:36.0010 AM
[ReportManager] Initial window size: (800, 600) @11-02-2022 01:57:36.0039 AM
[ReportManager] Window size after SWD Maximize: (1176, 803) @11-02-2022 01:57:36.0056 AM
[ReportManager] Browser Action [MaximizeWindow] successfully performed. With the following test data [New screen size is now: (1176, 803)]. @11-02-2022 01:57:36.0066 A

################################################################################################################################################
Starting Execution:	[2 out of 165] test cases in the current suite
Test Method:		[unitTests.tests_element_elementActions.waitForElementToBePresent_false_expectedToPass]
################################################################################################################################################
[ReportManager] Target URL: [https://www.google.com/ncr], and after redirection: [www.google.com] @11-02-2022 01:57:36.0071 AM
[ReportManager] Initial URL: [] @11-02-2022 01:57:36.0210 AM
[ReportManager] Browser Action [NavigateToURL] successfully performed. With the following test data [https://www.google.com/ncr]. @11-02-2022 01:57:37.0516 AM
[ReportManager] Waiting for element to be present; elementLocator [By.id: bla], numberOfTries[1], stateOfPresence[false]... @11-02-2022 01:57:37.0517 AM
[ReportManager] org.openqa.selenium.TimeoutException:
Expected condition failed: waiting for com.shaft.gui.element.ElementActionsHelper$$Lambda$642/0x000000080114cb60@47f8374 (tried for 5 second(s) with 1000 milliseconds interval)
org.openqa.selenium.support.ui.FluentWait.timeoutException(FluentWait.java:263)
org.openqa.selenium.support.ui.FluentWait.until(FluentWait.java:231)
com.shaft.gui.element.ElementActionsHelper.waitForElementPresence(ElementActionsHelper.java:89)
com.shaft.gui.element.ElementActionsHelper.waitForElementPresence(ElementActionsHelper.java:37)
com.shaft.gui.element.WebDriverElementActions.getMatchingElementsCount(WebDriverElementActions.java:1481)
com.shaft.gui.element.WebDriverElementActions.waitForElementToBePresent(WebDriverElementActions.java:1295)
com.shaft.gui.element.ElementActions.waitForElementToBePresent(ElementActions.java:630)
unitTests.tests_element_elementActions.waitForElementToBePresent_false_expectedToPass(tests_element_elementActions.java:48)
java.base/jdk.internal.reflect.NativeMethodAccessorImpl.invoke0(Native Method)
java.base/jdk.internal.reflect.NativeMethodAccessorImpl.invoke(NativeMethodAccessorImpl.java:77)
java.base/jdk.internal.reflect.DelegatingMethodAccessorImpl.invoke(DelegatingMethodAccessorImpl.java:43)
java.base/java.lang.reflect.Method.invoke(Method.java:568)
org.testng.internal.invokers.MethodInvocationHelper.invokeMethod(MethodInvocationHelper.java:135)
org.testng.internal.invokers.TestInvoker.invokeMethod(TestInvoker.java:673)
org.testng.internal.invokers.TestInvoker.invokeTestMethod(TestInvoker.java:220)
org.testng.internal.invokers.MethodRunner.runInSequence(MethodRunner.java:50)
org.testng.internal.invokers.TestInvoker$MethodInvocationAgent.invoke(TestInvoker.java:945)
org.testng.internal.invokers.TestInvoker.invokeTestMethods(TestInvoker.java:193)
org.testng.internal.invokers.TestMethodWorker.invokeTestMethods(TestMethodWorker.java:146)
org.testng.internal.invokers.TestMethodWorker.run(TestMethodWorker.java:128)
java.base/java.util.ArrayList.forEach(ArrayList.java:1511)
org.testng.TestRunner.privateRun(TestRunner.java:808)
org.testng.TestRunner.run(TestRunner.java:603)
org.testng.SuiteRunner.runTest(SuiteRunner.java:429)
org.testng.SuiteRunner.runSequentially(SuiteRunner.java:423)
org.testng.SuiteRunner.privateRun(SuiteRunner.java:383)
org.testng.SuiteRunner.run(SuiteRunner.java:326)
org.testng.SuiteRunnerWorker.runSuite(SuiteRunnerWorker.java:52)
org.testng.SuiteRunnerWorker.run(SuiteRunnerWorker.java:95)
org.testng.TestNG.runSuitesSequentially(TestNG.java:1249)
org.testng.TestNG.runSuitesLocally(TestNG.java:1169)
org.testng.TestNG.runSuites(TestNG.java:1092)
org.testng.TestNG.run(TestNG.java:1060)
org.apache.maven.surefire.testng.TestNGExecutor.run(TestNGExecutor.java:136)
org.apache.maven.surefire.testng.TestNGDirectoryTestSuite.executeMulti(TestNGDirectoryTestSuite.java:193)
org.apache.maven.surefire.testng.TestNGDirectoryTestSuite.execute(TestNGDirectoryTestSuite.java:94)
org.apache.maven.surefire.testng.TestNGProvider.invoke(TestNGProvider.java:145)
org.apache.maven.surefire.booter.ForkedBooter.runSuitesInProcess(ForkedBooter.java:428)
org.apache.maven.surefire.booter.ForkedBooter.execute(ForkedBooter.java:162)
org.apache.maven.surefire.booter.ForkedBooter.run(ForkedBooter.java:562)
org.apache.maven.surefire.booter.ForkedBooter.main(ForkedBooter.java:548)

Caused by: org.openqa.selenium.NoSuchElementException:
For documentation on this error, please visit: https://selenium.dev/exceptions/#no_such_element
Build info: version: '4.1.2', revision: '9a5a329c5a'
System info: host: 'Mac-1644544172745.local', ip: '10.212.23.52', os.name: 'Mac OS X', os.arch: 'x86_64', os.version: '11.6.3', java.version: '17.0.2'
Driver info: org.openqa.selenium.safari.SafariDriver
Command: [46BFE7ED-B641-4DF6-B5F3-40ED253639AE, findElement {using=id, value=bla}]
Capabilities {acceptInsecureCerts: false, browserName: Safari, browserVersion: 15.3, goog:loggingPrefs: {browser: ALL, client: ALL, driver: ALL, performance: ALL, profiler: ALL, server: ALL}, javascriptEnabled: true, pageLoadStrategy: normal, platform: MAC, platformName: MAC, safari:automaticInspection: false, safari:automaticProfiling: false, safari:diagnose: false, safari:platformBuildVersion: 20G415, safari:platformVersion: 11.6.3, safari:useSimulator: false, setWindowRect: true, strictFileInteractability: false, timeouts: {pageLoad: 30000, script: 30000}, webkit:WebRTC: {DisableICECandidateFiltering: false, DisableInsecureMediaCapture: false}}
Session ID: 46BFE7ED-B641-4DF6-B5F3-40ED253639AE
java.base/jdk.internal.reflect.NativeConstructorAccessorImpl.newInstance0(Native Method)
java.base/jdk.internal.reflect.NativeConstructorAccessorImpl.newInstance(NativeConstructorAccessorImpl.java:77)
java.base/jdk.internal.reflect.DelegatingConstructorAccessorImpl.newInstance(DelegatingConstructorAccessorImpl.java:45)
java.base/java.lang.reflect.Constructor.newInstanceWithCaller(Constructor.java:499)
java.base/java.lang.reflect.Constructor.newInstance(Constructor.java:480)
org.openqa.selenium.remote.codec.w3c.W3CHttpResponseCodec.createException(W3CHttpResponseCodec.java:200)
org.openqa.selenium.remote.codec.w3c.W3CHttpResponseCodec.decode(W3CHttpResponseCodec.java:133)
org.openqa.selenium.remote.codec.w3c.W3CHttpResponseCodec.decode(W3CHttpResponseCodec.java:53)
org.openqa.selenium.remote.HttpCommandExecutor.execute(HttpCommandExecutor.java:184)
org.openqa.selenium.remote.service.DriverCommandExecutor.invokeExecute(DriverCommandExecutor.java:167)
org.openqa.selenium.remote.service.DriverCommandExecutor.execute(DriverCommandExecutor.java:142)
org.openqa.selenium.remote.RemoteWebDriver.execute(RemoteWebDriver.java:558)
org.openqa.selenium.remote.ElementLocation$ElementFinder$2.findElement(ElementLocation.java:162)
org.openqa.selenium.remote.ElementLocation.findElement(ElementLocation.java:60)
org.openqa.selenium.remote.RemoteWebDriver.findElement(RemoteWebDriver.java:382)
org.openqa.selenium.remote.RemoteWebDriver.findElement(RemoteWebDriver.java:374)
com.shaft.gui.element.ElementActionsHelper.lambda$waitForElementPresence$0(ElementActionsHelper.java:92)
org.openqa.selenium.support.ui.FluentWait.until(FluentWait.java:208)
com.shaft.gui.element.ElementActionsHelper.waitForElementPresence(ElementActionsHelper.java:89)
com.shaft.gui.element.ElementActionsHelper.waitForElementPresence(ElementActionsHelper.java:37)
com.shaft.gui.element.WebDriverElementActions.getMatchingElementsCount(WebDriverElementActions.java:1481)
com.shaft.gui.element.WebDriverElementActions.waitForElementToBePresent(WebDriverElementActions.java:1295)
com.shaft.gui.element.ElementActions.waitForElementToBePresent(ElementActions.java:630)
unitTests.tests_element_elementActions.waitForElementToBePresent_false_expectedToPass(tests_element_elementActions.java:48)
java.base/jdk.internal.reflect.NativeMethodAccessorImpl.invoke0(Native Method)
java.base/jdk.internal.reflect.NativeMethodAccessorImpl.invoke(NativeMethodAccessorImpl.java:77)
java.base/jdk.internal.reflect.DelegatingMethodAccessorImpl.invoke(DelegatingMethodAccessorImpl.java:43)
java.base/java.lang.reflect.Method.invoke(Method.java:568)
org.testng.internal.invokers.MethodInvocationHelper.invokeMethod(MethodInvocationHelper.java:135)
org.testng.internal.invokers.TestInvoker.invokeMethod(TestInvoker.java:673)
org.testng.internal.invokers.TestInvoker.invokeTestMethod(TestInvoker.java:220)
org.testng.internal.invokers.MethodRunner.runInSequence(MethodRunner.java:50)
org.testng.internal.invokers.TestInvoker$MethodInvocationAgent.invoke(TestInvoker.java:945)
org.testng.internal.invokers.TestInvoker.invokeTestMethods(TestInvoker.java:193)
org.testng.internal.invokers.TestMethodWorker.invokeTestMethods(TestMethodWorker.java:146)
org.testng.internal.invokers.TestMethodWorker.run(TestMethodWorker.java:128)
java.base/java.util.ArrayList.forEach(ArrayList.java:1511)
org.testng.TestRunner.privateRun(TestRunner.java:808)
org.testng.TestRunner.run(TestRunner.java:603)
org.testng.SuiteRunner.runTest(SuiteRunner.java:429)
org.testng.SuiteRunner.runSequentially(SuiteRunner.java:423)
org.testng.SuiteRunner.privateRun(SuiteRunner.java:383)
org.testng.SuiteRunner.run(SuiteRunner.java:326)
org.testng.SuiteRunnerWorker.runSuite(SuiteRunnerWorker.java:52)
org.testng.SuiteRunnerWorker.run(SuiteRunnerWorker.java:95)
org.testng.TestNG.runSuitesSequentially(TestNG.java:1249)
org.testng.TestNG.runSuitesLocally(TestNG.java:1169)
org.testng.TestNG.runSuites(TestNG.java:1092)
org.testng.TestNG.run(TestNG.java:1060)
org.apache.maven.surefire.testng.TestNGExecutor.run(TestNGExecutor.java:136)
org.apache.maven.surefire.testng.TestNGDirectoryTestSuite.executeMulti(TestNGDirectoryTestSuite.java:193)
org.apache.maven.surefire.testng.TestNGDirectoryTestSuite.execute(TestNGDirectoryTestSuite.java:94)
org.apache.maven.surefire.testng.TestNGProvider.invoke(TestNGProvider.java:145)
org.apache.maven.surefire.booter.ForkedBooter.runSuitesInProcess(ForkedBooter.java:428)
org.apache.maven.surefire.booter.ForkedBooter.execute(ForkedBooter.java:162)
org.apache.maven.surefire.booter.ForkedBooter.run(ForkedBooter.java:562)
org.apache.maven.surefire.booter.ForkedBooter.main(ForkedBooter.java:548) @11-02-2022 01:57:43.0039 AM
[ReportManager] Element Action [WaitForElementToBePresent] successfully performed. With the following test data [waited for the element's state of presence to be (false). Element locator (By.id: bla)]. @11-02-2022 01:57:43.0040 A
[ReportManager] Browser Action [CloseCurrentWindow] successfully performed. @11-02-2022 01:57:43.0396 AM
[ReportManager] Successfully created attachment [Browser Action Test Data - CloseCurrentWindow - Actual Value] @11-02-2022 01:57:43.0397 A
[ReportManager] File Action [GetAbsolutePath] successfully performed. With the following test data [Relative Folder Path: "target/downloadedFiles/"]. @11-02-2022 01:57:43.0403 AM
[ReportManager] Attempting to run locally on: [Mac-64], [Safari], Headless Execution. @11-02-2022 01:57:43.0403 AM
[ReportManager] Successfully Opened Safari. @11-02-2022 01:57:44.0250 AM
[ReportManager] Initial window size: (800, 600) @11-02-2022 01:57:44.0274 AM
[ReportManager] Window size after SWD Maximize: (1176, 803) @11-02-2022 01:57:44.0295 AM
[ReportManager] Browser Action [MaximizeWindow] successfully performed. With the following test data [New screen size is now: (1176, 803)]. @11-02-2022 01:57:44.0295 A

################################################################################################################################################
Starting Execution:	[3 out of 165] test cases in the current suite
Test Method:		[unitTests.tests_element_elementActions.waitForElementToBePresent_moreThanOneElement_expectedToFail]
################################################################################################################################################
[ReportManager] Target URL: [https://www.google.com/ncr], and after redirection: [www.google.com] @11-02-2022 01:57:44.0301 AM
[ReportManager] Initial URL: [] @11-02-2022 01:57:44.0359 AM
[ReportManager] Browser Action [NavigateToURL] successfully performed. With the following test data [https://www.google.com/ncr]. @11-02-2022 01:57:45.0801 AM
[ReportManager] Waiting for element to be present; elementLocator [By.xpath: //*], numberOfTries[1], stateOfPresence[false]... @11-02-2022 01:57:45.0801 AM
[ReportManager] Element Action [WaitForElementToBePresent] failed. With the following test data [waited for the element's state of presence to be (false). Element locator (By.xpath: //*)]. @11-02-2022 01:57:45.0968 AM
[ReportManager] Successfully created attachment [Screenshot - 1644544665868_waitForElementToBePresent_moreThanOneElement_expectedToFail_WaitForElementToBePresent_failed] @11-02-2022 01:57:45.0972 A
[ReportManager] Browser Action [CloseCurrentWindow] successfully performed. @11-02-2022 01:57:46.0407 AM
[ReportManager] Successfully created attachment [Browser Action Test Data - CloseCurrentWindow - Actual Value] @11-02-2022 01:57:46.0408 A
[ReportManager] File Action [GetAbsolutePath] successfully performed. With the following test data [Relative Folder Path: "target/downloadedFiles/"]. @11-02-2022 01:57:46.0414 AM
[ReportManager] Attempting to run locally on: [Mac-64], [Safari], Headless Execution. @11-02-2022 01:57:46.0414 AM
[ReportManager] An Exception Occured with this Message: Could not start a new session. Possible causes are invalid address of the remote server or browser start-up failure.. @11-02-2022 01:57:46.0467 AM
[ReportManager] Successfully created attachment [Exception Stack Trace - org.openqa.selenium.SessionNotCreatedException] @11-02-2022 01:57:46.0468 AM
[ReportManager] Driver Factory Action [createNewLocalDriverInstanceForSafari] failed. With the following test data [Failed to create a session on DESKTOP_SAFARI]. @11-02-2022 01:57:46.0469 A

################################################################################################################################################
Starting Execution:	[4 out of 165] test cases in the current suite
Test Method:		[unitTests.tests_element_elementActions.waitForElementToBePresent_true_expectedToFail]
###############################################################################################################################################



################################################################################################################################################
Starting Execution:	[5 out of 165] test cases in the current suite
Test Method:		[unitTests.tests_element_elementActions.waitForElementToBePresent_true_expectedToPass]
###############################################################################################################################################

[ReportManager] File Action [GetAbsolutePath] successfully performed. With the following test data [Relative Folder Path: "target/downloadedFiles/"]. @11-02-2022 01:57:46.0500 AM
[ReportManager] Attempting to run locally on: [Mac-64], [Safari], Headless Execution. @11-02-2022 01:57:46.0500 AM
[ReportManager] Successfully Opened Safari. @11-02-2022 01:57:47.0399 AM
[ReportManager] Initial window size: (800, 600) @11-02-2022 01:57:47.0423 AM
[ReportManager] Window size after SWD Maximize: (1176, 803) @11-02-2022 01:57:47.0452 AM
[ReportManager] Browser Action [MaximizeWindow] successfully performed. With the following test data [New screen size is now: (1176, 803)]. @11-02-2022 01:57:47.0453 AM
[ReportManager] Target URL: [https://duckduckgo.com] @11-02-2022 01:57:47.0453 AM
[ReportManager] Initial URL: [] @11-02-2022 01:57:47.0499 AM
[ReportManager] Browser Action [NavigateToURL] successfully performed. With the following test data [https://duckduckgo.com]. @11-02-2022 01:57:48.0316 A

################################################################################################################################################
Starting Execution:	[6 out of 165] test cases in the current suite
Test Method:		[unitTests.tests_browserActions.fullScreenWindow]
################################################################################################################################################
[ReportManager] Initial Windows Size: 1176x803 @11-02-2022 01:57:48.0487 AM
[ReportManager] Current Windows Size after fullScreen: 1176x885 @11-02-2022 01:57:48.0732 AM
[ReportManager] Browser Action [FullScreenWindow] successfully performed. @11-02-2022 01:57:48.0753 AM
[ReportManager] Successfully created attachment [Browser Action Test Data - FullScreenWindow - Actual Value] @11-02-2022 01:57:48.0755 A
[ReportManager] Target URL: [https://duckduckgo.com] @11-02-2022 01:57:48.0761 AM
[ReportManager] Initial URL: [https://duckduckgo.com] @11-02-2022 01:57:48.0847 AM
[ReportManager] Browser Action [NavigateToURL] successfully performed. With the following test data [https://duckduckgo.com]. @11-02-2022 01:57:49.0519 AM
[ReportManager] Browser Action [CloseCurrentWindow] successfully performed. @11-02-2022 01:57:49.0942 AM
[ReportManager] Successfully created attachment [Browser Action Test Data - CloseCurrentWindow - Actual Value] @11-02-2022 01:57:49.0944 A
[ReportManager] File Action [GetAbsolutePath] successfully performed. With the following test data [Relative Folder Path: "target/downloadedFiles/"]. @11-02-2022 01:57:49.0948 AM
[ReportManager] Attempting to run locally on: [Mac-64], [Safari], Headless Execution. @11-02-2022 01:57:49.0948 AM
[ReportManager] Successfully Opened Safari. @11-02-2022 01:57:50.0816 AM
[ReportManager] Initial window size: (800, 600) @11-02-2022 01:57:50.0840 AM
[ReportManager] Window size after SWD Maximize: (1176, 803) @11-02-2022 01:57:50.0876 AM
[ReportManager] Browser Action [MaximizeWindow] successfully performed. With the following test data [New screen size is now: (1176, 803)]. @11-02-2022 01:57:50.0876 AM
[ReportManager] Target URL: [https://duckduckgo.com] @11-02-2022 01:57:50.0876 AM
[ReportManager] Initial URL: [] @11-02-2022 01:57:50.0935 AM
[ReportManager] Browser Action [NavigateToURL] successfully performed. With the following test data [https://duckduckgo.com]. @11-02-2022 01:57:51.0693 A

################################################################################################################################################
Starting Execution:	[7 out of 165] test cases in the current suite
Test Method:		[unitTests.tests_browserActions.getCurrentURL]
################################################################################################################################################
[ReportManager] Browser Action [GetCurrentURL] successfully performed. With the following test data [https://duckduckgo.com/]. @11-02-2022 01:57:51.0738 A
[ReportManager] Target URL: [https://duckduckgo.com] @11-02-2022 01:57:51.0741 AM
[ReportManager] Initial URL: [https://duckduckgo.com] @11-02-2022 01:57:51.0779 AM
[ReportManager] Browser Action [NavigateToURL] successfully performed. With the following test data [https://duckduckgo.com]. @11-02-2022 01:57:52.0120 AM
[ReportManager] Browser Action [CloseCurrentWindow] successfully performed. @11-02-2022 01:57:52.0496 AM
[ReportManager] Successfully created attachment [Browser Action Test Data - CloseCurrentWindow - Actual Value] @11-02-2022 01:57:52.0497 A
[ReportManager] File Action [GetAbsolutePath] successfully performed. With the following test data [Relative Folder Path: "target/downloadedFiles/"]. @11-02-2022 01:57:52.0501 AM
[ReportManager] Attempting to run locally on: [Mac-64], [Safari], Headless Execution. @11-02-2022 01:57:52.0501 AM
[ReportManager] Successfully Opened Safari. @11-02-2022 01:57:53.0436 AM
[ReportManager] Initial window size: (800, 600) @11-02-2022 01:57:53.0449 AM
[ReportManager] Window size after SWD Maximize: (1176, 803) @11-02-2022 01:57:53.0482 AM
[ReportManager] Browser Action [MaximizeWindow] successfully performed. With the following test data [New screen size is now: (1176, 803)]. @11-02-2022 01:57:53.0483 AM
[ReportManager] Target URL: [https://duckduckgo.com] @11-02-2022 01:57:53.0484 AM
[ReportManager] Initial URL: [] @11-02-2022 01:57:53.0518 AM
[ReportManager] Browser Action [NavigateToURL] successfully performed. With the following test data [https://duckduckgo.com]. @11-02-2022 01:57:54.0230 A

################################################################################################################################################
Starting Execution:	[8 out of 165] test cases in the current suite
Test Method:		[unitTests.tests_browserActions.getCurrentWindowTitle]
################################################################################################################################################
[ReportManager] Browser Action [GetCurrentWindowTitle] successfully performed. With the following test data [DuckDuckGo â€” Privacy, simplified.]. @11-02-2022 01:57:54.0296 A
[ReportManager] Target URL: [https://duckduckgo.com] @11-02-2022 01:57:54.0299 AM
[ReportManager] Initial URL: [https://duckduckgo.com] @11-02-2022 01:57:54.0348 AM
[ReportManager] Browser Action [NavigateToURL] successfully performed. With the following test data [https://duckduckgo.com]. @11-02-2022 01:57:54.0695 AM
[ReportManager] Browser Action [CloseCurrentWindow] successfully performed. @11-02-2022 01:57:54.0829 AM
[ReportManager] Successfully created attachment [Browser Action Test Data - CloseCurrentWindow - Actual Value] @11-02-2022 01:57:54.0832 A
[ReportManager] File Action [GetAbsolutePath] successfully performed. With the following test data [Relative Folder Path: "target/downloadedFiles/"]. @11-02-2022 01:57:54.0841 AM
[ReportManager] Attempting to run locally on: [Mac-64], [Safari], Headless Execution. @11-02-2022 01:57:54.0841 AM
[ReportManager] Successfully Opened Safari. @11-02-2022 01:57:55.0648 AM
[ReportManager] Initial window size: (800, 600) @11-02-2022 01:57:55.0673 AM
[ReportManager] Window size after SWD Maximize: (1176, 803) @11-02-2022 01:57:55.0689 AM
[ReportManager] Browser Action [MaximizeWindow] successfully performed. With the following test data [New screen size is now: (1176, 803)]. @11-02-2022 01:57:55.0693 AM
[ReportManager] Target URL: [https://duckduckgo.com] @11-02-2022 01:57:55.0693 AM
[ReportManager] Initial URL: [] @11-02-2022 01:57:55.0745 AM
[ReportManager] Browser Action [NavigateToURL] successfully performed. With the following test data [https://duckduckgo.com]. @11-02-2022 01:57:56.0339 A

################################################################################################################################################
Starting Execution:	[9 out of 165] test cases in the current suite
Test Method:		[unitTests.tests_browserActions.getPageSource]
################################################################################################################################################
[ReportManager] Browser Action [GetPageSource] successfully performed. @11-02-2022 01:57:56.0428 AM
[ReportManager] Successfully created attachment [Browser Action Test Data - GetPageSource - Actual Value] @11-02-2022 01:57:56.0429 A
[ReportManager] Target URL: [https://duckduckgo.com] @11-02-2022 01:57:56.0432 AM
[ReportManager] Initial URL: [https://duckduckgo.com] @11-02-2022 01:57:56.0467 AM
[ReportManager] Browser Action [NavigateToURL] successfully performed. With the following test data [https://duckduckgo.com]. @11-02-2022 01:57:56.0761 AM
[ReportManager] Browser Action [CloseCurrentWindow] successfully performed. @11-02-2022 01:57:57.0196 AM
[ReportManager] Successfully created attachment [Browser Action Test Data - CloseCurrentWindow - Actual Value] @11-02-2022 01:57:57.0197 A
[ReportManager] File Action [GetAbsolutePath] successfully performed. With the following test data [Relative Folder Path: "target/downloadedFiles/"]. @11-02-2022 01:57:57.0200 AM
[ReportManager] Attempting to run locally on: [Mac-64], [Safari], Headless Execution. @11-02-2022 01:57:57.0201 AM
[ReportManager] Successfully Opened Safari. @11-02-2022 01:57:58.0020 AM
[ReportManager] Initial window size: (800, 600) @11-02-2022 01:57:58.0042 AM
[ReportManager] Window size after SWD Maximize: (1176, 803) @11-02-2022 01:57:58.0124 AM
[ReportManager] Browser Action [MaximizeWindow] successfully performed. With the following test data [New screen size is now: (1176, 803)]. @11-02-2022 01:57:58.0125 AM
[ReportManager] Target URL: [https://duckduckgo.com] @11-02-2022 01:57:58.0125 AM
[ReportManager] Initial URL: [] @11-02-2022 01:57:58.0179 AM
[ReportManager] Browser Action [NavigateToURL] successfully performed. With the following test data [https://duckduckgo.com]. @11-02-2022 01:57:58.0896 A

################################################################################################################################################
Starting Execution:	[10 out of 165] test cases in the current suite
Test Method:		[unitTests.tests_browserActions.getWindowHandle]
################################################################################################################################################
[ReportManager] Browser Action [GetWindowHandle] successfully performed. With the following test data [page-A259DBCC-0F96-46D7-A5E2-CC3B53905951]. @11-02-2022 01:57:58.0922 A
[ReportManager] Target URL: [https://duckduckgo.com] @11-02-2022 01:57:58.0925 AM
[ReportManager] Initial URL: [https://duckduckgo.com] @11-02-2022 01:57:58.0960 AM
[ReportManager] Browser Action [NavigateToURL] successfully performed. With the following test data [https://duckduckgo.com]. @11-02-2022 01:57:59.0302 AM
[ReportManager] Browser Action [CloseCurrentWindow] successfully performed. @11-02-2022 01:57:59.0482 AM
[ReportManager] Successfully created attachment [Browser Action Test Data - CloseCurrentWindow - Actual Value] @11-02-2022 01:57:59.0483 A
[ReportManager] File Action [GetAbsolutePath] successfully performed. With the following test data [Relative Folder Path: "target/downloadedFiles/"]. @11-02-2022 01:57:59.0486 AM
[ReportManager] Attempting to run locally on: [Mac-64], [Safari], Headless Execution. @11-02-2022 01:57:59.0487 AM
[ReportManager] Successfully Opened Safari. @11-02-2022 01:58:00.0331 AM
[ReportManager] Initial window size: (800, 600) @11-02-2022 01:58:00.0347 AM
[ReportManager] Window size after SWD Maximize: (1176, 803) @11-02-2022 01:58:00.0380 AM
[ReportManager] Browser Action [MaximizeWindow] successfully performed. With the following test data [New screen size is now: (1176, 803)]. @11-02-2022 01:58:00.0380 AM
[ReportManager] Target URL: [https://duckduckgo.com] @11-02-2022 01:58:00.0380 AM
[ReportManager] Initial URL: [] @11-02-2022 01:58:00.0426 AM
[ReportManager] Browser Action [NavigateToURL] successfully performed. With the following test data [https://duckduckgo.com]. @11-02-2022 01:58:01.0191 A

################################################################################################################################################
Starting Execution:	[11 out of 165] test cases in the current suite
Test Method:		[unitTests.tests_browserActions.getWindowPosition]
################################################################################################################################################
[ReportManager] Browser Action [GetWindowPosition] successfully performed. With the following test data [(0, 25)]. @11-02-2022 01:58:01.0218 A
[ReportManager] Target URL: [https://duckduckgo.com] @11-02-2022 01:58:01.0220 AM
[ReportManager] Initial URL: [https://duckduckgo.com] @11-02-2022 01:58:01.0270 AM
[ReportManager] Browser Action [NavigateToURL] successfully performed. With the following test data [https://duckduckgo.com]. @11-02-2022 01:58:01.0593 AM
[ReportManager] Browser Action [CloseCurrentWindow] successfully performed. @11-02-2022 01:58:01.0997 AM
[ReportManager] Successfully created attachment [Browser Action Test Data - CloseCurrentWindow - Actual Value] @11-02-2022 01:58:01.0997 A
[ReportManager] File Action [GetAbsolutePath] successfully performed. With the following test data [Relative Folder Path: "target/downloadedFiles/"]. @11-02-2022 01:58:02.0000 AM
[ReportManager] Attempting to run locally on: [Mac-64], [Safari], Headless Execution. @11-02-2022 01:58:02.0001 AM
[ReportManager] Successfully Opened Safari. @11-02-2022 01:58:03.0000 AM
[ReportManager] Initial window size: (800, 600) @11-02-2022 01:58:03.0020 AM
[ReportManager] Window size after SWD Maximize: (1176, 803) @11-02-2022 01:58:03.0084 AM
[ReportManager] Browser Action [MaximizeWindow] successfully performed. With the following test data [New screen size is now: (1176, 803)]. @11-02-2022 01:58:03.0084 AM
[ReportManager] Target URL: [https://duckduckgo.com] @11-02-2022 01:58:03.0084 AM
[ReportManager] Initial URL: [] @11-02-2022 01:58:03.0125 AM
[ReportManager] Browser Action [NavigateToURL] successfully performed. With the following test data [https://duckduckgo.com]. @11-02-2022 01:58:03.0811 A

################################################################################################################################################
Starting Execution:	[12 out of 165] test cases in the current suite
Test Method:		[unitTests.tests_browserActions.getWindowSize]
################################################################################################################################################
[ReportManager] Browser Action [GetWindowSize] successfully performed. With the following test data [(1176, 803)]. @11-02-2022 01:58:03.0849 A
[ReportManager] Target URL: [https://duckduckgo.com] @11-02-2022 01:58:03.0851 AM
[ReportManager] Initial URL: [https://duckduckgo.com] @11-02-2022 01:58:03.0891 AM
[ReportManager] Browser Action [NavigateToURL] successfully performed. With the following test data [https://duckduckgo.com]. @11-02-2022 01:58:04.0207 AM
[ReportManager] Browser Action [CloseCurrentWindow] successfully performed. @11-02-2022 01:58:04.0553 AM
[ReportManager] Successfully created attachment [Browser Action Test Data - CloseCurrentWindow - Actual Value] @11-02-2022 01:58:04.0554 A
[ReportManager] File Action [GetAbsolutePath] successfully performed. With the following test data [Relative Folder Path: "target/downloadedFiles/"]. @11-02-2022 01:58:04.0557 AM
[ReportManager] Attempting to run locally on: [Mac-64], [Safari], Headless Execution. @11-02-2022 01:58:04.0557 AM
[ReportManager] Successfully Opened Safari. @11-02-2022 01:58:05.0399 AM
[ReportManager] Initial window size: (800, 600) @11-02-2022 01:58:05.0410 AM
[ReportManager] Window size after SWD Maximize: (1176, 803) @11-02-2022 01:58:05.0424 AM
[ReportManager] Browser Action [MaximizeWindow] successfully performed. With the following test data [New screen size is now: (1176, 803)]. @11-02-2022 01:58:05.0425 AM
[ReportManager] Target URL: [https://duckduckgo.com] @11-02-2022 01:58:05.0425 AM
[ReportManager] Initial URL: [] @11-02-2022 01:58:05.0492 AM
[ReportManager] Browser Action [NavigateToURL] successfully performed. With the following test data [https://duckduckgo.com]. @11-02-2022 01:58:06.0106 A

################################################################################################################################################
Starting Execution:	[13 out of 165] test cases in the current suite
Test Method:		[unitTests.tests_browserActions.maximizeWindow]
################################################################################################################################################
[ReportManager] Initial window size: (1176, 803) @11-02-2022 01:58:06.0144 AM
[ReportManager] Window size after SWD Maximize: (1176, 803) @11-02-2022 01:58:06.0181 AM
[ReportManager] Window size after Toolkit: (1920, 1080) @11-02-2022 01:58:06.0242 AM
[ReportManager] Browser Action [MaximizeWindow] successfully performed. With the following test data [New screen size is now: (1920, 1080)]. @11-02-2022 01:58:06.0245 A
[ReportManager] Target URL: [https://duckduckgo.com] @11-02-2022 01:58:06.0248 AM
[ReportManager] Initial URL: [https://duckduckgo.com] @11-02-2022 01:58:06.0305 AM
[ReportManager] Browser Action [NavigateToURL] successfully performed. With the following test data [https://duckduckgo.com]. @11-02-2022 01:58:06.0619 AM
[ReportManager] Browser Action [CloseCurrentWindow] successfully performed. @11-02-2022 01:58:07.0048 AM
[ReportManager] Successfully created attachment [Browser Action Test Data - CloseCurrentWindow - Actual Value] @11-02-2022 01:58:07.0051 A
[ReportManager] File Action [GetAbsolutePath] successfully performed. With the following test data [Relative Folder Path: "target/downloadedFiles/"]. @11-02-2022 01:58:07.0054 AM
[ReportManager] Attempting to run locally on: [Mac-64], [Safari], Headless Execution. @11-02-2022 01:58:07.0055 AM
[ReportManager] Successfully Opened Safari. @11-02-2022 01:58:07.0956 AM
[ReportManager] Initial window size: (800, 600) @11-02-2022 01:58:07.0974 AM
[ReportManager] Window size after SWD Maximize: (1176, 803) @11-02-2022 01:58:08.0003 AM
[ReportManager] Browser Action [MaximizeWindow] successfully performed. With the following test data [New screen size is now: (1176, 803)]. @11-02-2022 01:58:08.0004 AM
[ReportManager] Target URL: [https://duckduckgo.com] @11-02-2022 01:58:08.0004 AM
[ReportManager] Initial URL: [] @11-02-2022 01:58:08.0054 AM
[ReportManager] Browser Action [NavigateToURL] successfully performed. With the following test data [https://duckduckgo.com]. @11-02-2022 01:58:08.0733 A

################################################################################################################################################
Starting Execution:	[14 out of 165] test cases in the current suite
Test Method:		[unitTests.tests_browserActions.navigateBack]
################################################################################################################################################
[ReportManager] Target URL: [https://www.google.com/ncr], and after redirection: [https://www.google.com] @11-02-2022 01:58:08.0737 AM
[ReportManager] Initial URL: [https://duckduckgo.com] @11-02-2022 01:58:08.0774 AM
[ReportManager] Browser Action [NavigateToURL] successfully performed. With the following test data [https://www.google.com/ncr]. @11-02-2022 01:58:09.0977 AM
[ReportManager] Browser Action [NavigateBack] successfully performed. With the following test data [https://duckduckgo.com/]. @11-02-2022 01:58:10.0579 AM
[ReportManager] Browser Action [GetCurrentURL] successfully performed. With the following test data [https://duckduckgo.com/]. @11-02-2022 01:58:10.0658 AM
[ReportManager] Assertion Passed: Confirming that navigating back was successful @11-02-2022 01:58:10.0952 AM
[ReportManager] Successfully created attachment [Screenshot - 1644544690709_navigateBack_ValidateBrowserAttribute_passed] @11-02-2022 01:58:11.0041 AM
[ReportManager] Assertion [ValidateBrowserAttribute] PASSED. Expected [Value Should be 'https://duckduckgo.com' for the 'CurrentUrl' attribute] and Actual [https://duckduckgo.com/]. Comparison Type [CONTAINS]. Validation Type [POSITIVE]. @11-02-2022 01:58:11.0042 A
[ReportManager] Target URL: [https://duckduckgo.com] @11-02-2022 01:58:11.0169 AM
[ReportManager] Initial URL: [https://duckduckgo.com] @11-02-2022 01:58:11.0211 AM
[ReportManager] Browser Action [NavigateToURL] successfully performed. With the following test data [https://duckduckgo.com]. @11-02-2022 01:58:11.0562 AM
[ReportManager] Browser Action [CloseCurrentWindow] successfully performed. @11-02-2022 01:58:11.0754 AM
[ReportManager] Successfully created attachment [Browser Action Test Data - CloseCurrentWindow - Actual Value] @11-02-2022 01:58:11.0796 A
[ReportManager] File Action [GetAbsolutePath] successfully performed. With the following test data [Relative Folder Path: "target/downloadedFiles/"]. @11-02-2022 01:58:11.0928 AM
[ReportManager] Attempting to run locally on: [Mac-64], [Safari], Headless Execution. @11-02-2022 01:58:11.0929 AM
[ReportManager] Successfully Opened Safari. @11-02-2022 01:58:13.0580 AM
[ReportManager] Initial window size: (800, 600) @11-02-2022 01:58:13.0615 AM
[ReportManager] Window size after SWD Maximize: (1176, 803) @11-02-2022 01:58:13.0661 AM
[ReportManager] Browser Action [MaximizeWindow] successfully performed. With the following test data [New screen size is now: (1176, 803)]. @11-02-2022 01:58:13.0662 AM
[ReportManager] Target URL: [https://duckduckgo.com] @11-02-2022 01:58:13.0663 AM
[ReportManager] Initial URL: [] @11-02-2022 01:58:13.0780 AM
[ReportManager] Browser Action [NavigateToURL] successfully performed. With the following test data [https://duckduckgo.com]. @11-02-2022 01:58:15.0542 A

################################################################################################################################################
Starting Execution:	[15 out of 165] test cases in the current suite
Test Method:		[unitTests.tests_browserActions.navigateForward]
################################################################################################################################################
[ReportManager] Target URL: [https://www.google.com/ncr], and after redirection: [https://www.google.com] @11-02-2022 01:58:15.0630 AM
[ReportManager] Initial URL: [https://duckduckgo.com] @11-02-2022 01:58:15.0726 AM
[ReportManager] Browser Action [NavigateToURL] successfully performed. With the following test data [https://www.google.com/ncr]. @11-02-2022 01:58:17.0052 AM
[ReportManager] Browser Action [NavigateBack] successfully performed. With the following test data [https://duckduckgo.com/]. @11-02-2022 01:58:17.0284 AM
[ReportManager] Browser Action [NavigateForward] successfully performed. With the following test data [https://www.google.com/]. @11-02-2022 01:58:17.0453 A
[ReportManager] Target URL: [https://duckduckgo.com] @11-02-2022 01:58:17.0582 AM
[ReportManager] Initial URL: [https://www.google.com] @11-02-2022 01:58:17.0776 AM
[ReportManager] Browser Action [NavigateToURL] successfully performed. With the following test data [https://duckduckgo.com]. @11-02-2022 01:58:18.0281 AM
[ReportManager] Browser Action [CloseCurrentWindow] successfully performed. @11-02-2022 01:58:18.0613 AM
[ReportManager] Successfully created attachment [Browser Action Test Data - CloseCurrentWindow - Actual Value] @11-02-2022 01:58:18.0656 A
[ReportManager] File Action [GetAbsolutePath] successfully performed. With the following test data [Relative Folder Path: "target/downloadedFiles/"]. @11-02-2022 01:58:18.0818 AM
[ReportManager] Attempting to run locally on: [Mac-64], [Safari], Headless Execution. @11-02-2022 01:58:18.0818 AM
[ReportManager] Successfully Opened Safari. @11-02-2022 01:58:20.0032 AM
[ReportManager] Initial window size: (800, 600) @11-02-2022 01:58:20.0054 AM
[ReportManager] Window size after SWD Maximize: (1176, 803) @11-02-2022 01:58:20.0191 AM
[ReportManager] Browser Action [MaximizeWindow] successfully performed. With the following test data [New screen size is now: (1176, 803)]. @11-02-2022 01:58:20.0191 AM
[ReportManager] Target URL: [https://duckduckgo.com] @11-02-2022 01:58:20.0191 AM
[ReportManager] Initial URL: [] @11-02-2022 01:58:20.0279 AM
[ReportManager] Browser Action [NavigateToURL] successfully performed. With the following test data [https://duckduckgo.com]. @11-02-2022 01:58:21.0307 A

################################################################################################################################################
Starting Execution:	[16 out of 165] test cases in the current suite
Test Method:		[unitTests.tests_browserActions.navigateToURL]
################################################################################################################################################
[ReportManager] Target URL: [https://duckduckgo.com] @11-02-2022 01:58:21.0394 AM
[ReportManager] Initial URL: [https://duckduckgo.com] @11-02-2022 01:58:21.0462 AM
[ReportManager] Browser Action [NavigateToURL] successfully performed. With the following test data [https://duckduckgo.com]. @11-02-2022 01:58:21.0797 A
[ReportManager] Target URL: [https://duckduckgo.com] @11-02-2022 01:58:21.0811 AM
[ReportManager] Initial URL: [https://duckduckgo.com] @11-02-2022 01:58:21.0866 AM
[ReportManager] Browser Action [NavigateToURL] successfully performed. With the following test data [https://duckduckgo.com]. @11-02-2022 01:58:22.0186 AM
[ReportManager] Browser Action [CloseCurrentWindow] successfully performed. @11-02-2022 01:58:22.0351 AM
[ReportManager] Successfully created attachment [Browser Action Test Data - CloseCurrentWindow - Actual Value] @11-02-2022 01:58:22.0393 A
[ReportManager] File Action [GetAbsolutePath] successfully performed. With the following test data [Relative Folder Path: "target/downloadedFiles/"]. @11-02-2022 01:58:22.0519 AM
[ReportManager] Attempting to run locally on: [Mac-64], [Safari], Headless Execution. @11-02-2022 01:58:22.0519 AM
[ReportManager] Successfully Opened Safari. @11-02-2022 01:58:23.0374 AM
[ReportManager] Initial window size: (800, 600) @11-02-2022 01:58:23.0398 AM
[ReportManager] Window size after SWD Maximize: (1176, 803) @11-02-2022 01:58:23.0425 AM
[ReportManager] Browser Action [MaximizeWindow] successfully performed. With the following test data [New screen size is now: (1176, 803)]. @11-02-2022 01:58:23.0425 AM
[ReportManager] Target URL: [https://duckduckgo.com] @11-02-2022 01:58:23.0425 AM
[ReportManager] Initial URL: [] @11-02-2022 01:58:23.0499 AM
[ReportManager] Browser Action [NavigateToURL] successfully performed. With the following test data [https://duckduckgo.com]. @11-02-2022 01:58:24.0165 A

################################################################################################################################################
Starting Execution:	[17 out of 165] test cases in the current suite
Test Method:		[unitTests.tests_browserActions.navigateToURLWithRedirection]
################################################################################################################################################
[ReportManager] Target URL: [https://www.google.com/ncr], and after redirection: [https://www.google.com] @11-02-2022 01:58:24.0168 AM
[ReportManager] Initial URL: [https://duckduckgo.com] @11-02-2022 01:58:24.0214 AM
[ReportManager] Browser Action [NavigateToURL] successfully performed. With the following test data [https://www.google.com/ncr]. @11-02-2022 01:58:25.0402 A
[ReportManager] Target URL: [https://duckduckgo.com] @11-02-2022 01:58:25.0405 AM
[ReportManager] Initial URL: [https://www.google.com] @11-02-2022 01:58:25.0440 AM
[ReportManager] Browser Action [NavigateToURL] successfully performed. With the following test data [https://duckduckgo.com]. @11-02-2022 01:58:25.0767 AM
[ReportManager] Browser Action [CloseCurrentWindow] successfully performed. @11-02-2022 01:58:26.0176 AM
[ReportManager] Successfully created attachment [Browser Action Test Data - CloseCurrentWindow - Actual Value] @11-02-2022 01:58:26.0177 A
[ReportManager] File Action [GetAbsolutePath] successfully performed. With the following test data [Relative Folder Path: "target/downloadedFiles/"]. @11-02-2022 01:58:26.0180 AM
[ReportManager] Attempting to run locally on: [Mac-64], [Safari], Headless Execution. @11-02-2022 01:58:26.0180 AM
[ReportManager] Successfully Opened Safari. @11-02-2022 01:58:27.0068 AM
[ReportManager] Initial window size: (800, 600) @11-02-2022 01:58:27.0119 AM
[ReportManager] Window size after SWD Maximize: (1176, 803) @11-02-2022 01:58:27.0196 AM
[ReportManager] Browser Action [MaximizeWindow] successfully performed. With the following test data [New screen size is now: (1176, 803)]. @11-02-2022 01:58:27.0197 AM
[ReportManager] Target URL: [https://duckduckgo.com] @11-02-2022 01:58:27.0197 AM
[ReportManager] Initial URL: [] @11-02-2022 01:58:27.0230 AM
[ReportManager] Browser Action [NavigateToURL] successfully performed. With the following test data [https://duckduckgo.com]. @11-02-2022 01:58:27.0985 A

################################################################################################################################################
Starting Execution:	[18 out of 165] test cases in the current suite
Test Method:		[unitTests.tests_browserActions.refreshCurrentPage]
################################################################################################################################################
[ReportManager] Browser Action [RefreshCurrentPage] successfully performed. @11-02-2022 01:58:28.0237 AM
[ReportManager] Successfully created attachment [Browser Action Test Data - RefreshCurrentPage - Actual Value] @11-02-2022 01:58:28.0239 A
[ReportManager] Target URL: [https://duckduckgo.com] @11-02-2022 01:58:28.0242 AM
[ReportManager] Initial URL: [https://duckduckgo.com] @11-02-2022 01:58:28.0290 AM
[ReportManager] Browser Action [NavigateToURL] successfully performed. With the following test data [https://duckduckgo.com]. @11-02-2022 01:58:28.0636 AM
[ReportManager] Browser Action [CloseCurrentWindow] successfully performed. @11-02-2022 01:58:28.0876 AM
[ReportManager] Successfully created attachment [Browser Action Test Data - CloseCurrentWindow - Actual Value] @11-02-2022 01:58:28.0877 A
[ReportManager] File Action [GetAbsolutePath] successfully performed. With the following test data [Relative Folder Path: "target/downloadedFiles/"]. @11-02-2022 01:58:28.0880 AM
[ReportManager] Attempting to run locally on: [Mac-64], [Safari], Headless Execution. @11-02-2022 01:58:28.0880 AM
[ReportManager] An Exception Occured with this Message: Could not start a new session. Possible causes are invalid address of the remote server or browser start-up failure.. @11-02-2022 01:58:28.0931 AM
[ReportManager] Successfully created attachment [Exception Stack Trace - org.openqa.selenium.SessionNotCreatedException] @11-02-2022 01:58:28.0932 AM
[ReportManager] Driver Factory Action [createNewLocalDriverInstanceForSafari] failed. With the following test data [Failed to create a session on DESKTOP_SAFARI]. @11-02-2022 01:58:28.0932 A

################################################################################################################################################
Starting Execution:	[19 out of 165] test cases in the current suite
Test Method:		[unitTests.tests_browserActions.setWindowSize]
###############################################################################################################################################

[ReportManager] Successfully loaded the following test data file [src/test/resources/testDataFiles/testSuite01/TestData.xlsx]. @11-02-2022 01:58:30.0313 AM
[ReportManager] Successfully created attachment [Test Data - Excel] @11-02-2022 01:58:30.0313 A

################################################################################################################################################
Starting Execution:	[20 out of 165] test cases in the current suite
Test Method:		[unitTests.tests_io_excelFileManager.getCellData_rowName_expectedToPass]
################################################################################################################################################
[ReportManager] testRowData. @11-02-2022 01:58:30.0325 A

################################################################################################################################################
Starting Execution:	[21 out of 165] test cases in the current suite
Test Method:		[unitTests.tests_validations_assertions.assertComparativeRelation_greaterThanOrEquals_false_equals_expectedToFail]
################################################################################################################################################
[ReportManager] Assertion [ValidateComparativeRelation] FAILED. Expected [1] and Actual [1]. Comparison Type [GREATER_THAN_OR_EQUALS]. Validation Type [NEGATIVE]. @11-02-2022 01:58:30.0331 A

################################################################################################################################################
Starting Execution:	[22 out of 165] test cases in the current suite
Test Method:		[unitTests.tests_validations_assertions.assertComparativeRelation_greaterThanOrEquals_false_equals_expectedToPass]
################################################################################################################################################
[ReportManager] Assertion [ValidateComparativeRelation] PASSED. Expected [2] and Actual [1]. Comparison Type [GREATER_THAN_OR_EQUALS]. Validation Type [NEGATIVE]. @11-02-2022 01:58:30.0335 A

################################################################################################################################################
Starting Execution:	[23 out of 165] test cases in the current suite
Test Method:		[unitTests.tests_validations_assertions.assertComparativeRelation_greaterThanOrEquals_false_greaterThan_expectedToFail]
################################################################################################################################################
[ReportManager] Assertion [ValidateComparativeRelation] FAILED. Expected [1] and Actual [2]. Comparison Type [GREATER_THAN_OR_EQUALS]. Validation Type [NEGATIVE]. @11-02-2022 01:58:30.0339 A

################################################################################################################################################
Starting Execution:	[24 out of 165] test cases in the current suite
Test Method:		[unitTests.tests_validations_assertions.assertComparativeRelation_greaterThanOrEquals_false_greaterThan_expectedToPass]
################################################################################################################################################
[ReportManager] Assertion [ValidateComparativeRelation] PASSED. Expected [2] and Actual [1]. Comparison Type [GREATER_THAN_OR_EQUALS]. Validation Type [NEGATIVE]. @11-02-2022 01:58:30.0343 A

################################################################################################################################################
Starting Execution:	[25 out of 165] test cases in the current suite
Test Method:		[unitTests.tests_validations_assertions.assertComparativeRelation_greaterThanOrEquals_true_equals_expectedToFail]
################################################################################################################################################
[ReportManager] Assertion [ValidateComparativeRelation] FAILED. Expected [1] and Actual [0]. Comparison Type [GREATER_THAN_OR_EQUALS]. Validation Type [POSITIVE]. @11-02-2022 01:58:30.0347 A

################################################################################################################################################
Starting Execution:	[26 out of 165] test cases in the current suite
Test Method:		[unitTests.tests_validations_assertions.assertComparativeRelation_greaterThanOrEquals_true_equals_expectedToPass]
################################################################################################################################################
[ReportManager] Assertion [ValidateComparativeRelation] PASSED. Expected [1] and Actual [1]. Comparison Type [GREATER_THAN_OR_EQUALS]. Validation Type [POSITIVE]. @11-02-2022 01:58:30.0350 A

################################################################################################################################################
Starting Execution:	[27 out of 165] test cases in the current suite
Test Method:		[unitTests.tests_validations_assertions.assertComparativeRelation_greaterThanOrEquals_true_greaterThan_expectedToFail]
################################################################################################################################################
[ReportManager] Assertion [ValidateComparativeRelation] FAILED. Expected [2] and Actual [1]. Comparison Type [GREATER_THAN_OR_EQUALS]. Validation Type [POSITIVE]. @11-02-2022 01:58:30.0354 A

################################################################################################################################################
Starting Execution:	[28 out of 165] test cases in the current suite
Test Method:		[unitTests.tests_validations_assertions.assertComparativeRelation_greaterThanOrEquals_true_greaterThan_expectedToPass]
################################################################################################################################################
[ReportManager] Assertion [ValidateComparativeRelation] PASSED. Expected [1] and Actual [2]. Comparison Type [GREATER_THAN_OR_EQUALS]. Validation Type [POSITIVE]. @11-02-2022 01:58:30.0358 A
[ReportManager] File Action [GetAbsolutePath] successfully performed. With the following test data [Relative Folder Path: "target/downloadedFiles/"]. @11-02-2022 01:58:30.0361 AM
[ReportManager] Attempting to run locally on: [Mac-64], [Safari], Headless Execution. @11-02-2022 01:58:30.0361 AM
[ReportManager] An Exception Occured with this Message: Could not start a new session. Possible causes are invalid address of the remote server or browser start-up failure.. @11-02-2022 01:58:30.0567 AM
[ReportManager] Successfully created attachment [Exception Stack Trace - org.openqa.selenium.SessionNotCreatedException] @11-02-2022 01:58:30.0569 AM
[ReportManager] Driver Factory Action [createNewLocalDriverInstanceForSafari] failed. With the following test data [Failed to create a session on DESKTOP_SAFARI]. @11-02-2022 01:58:30.0569 A

################################################################################################################################################
Starting Execution:	[29 out of 165] test cases in the current suite
Test Method:		[unitTests.tests_validations_assertions.assertElementAttribute_false_caseInsensitiveComparison_expectedToFail]
###############################################################################################################################################



################################################################################################################################################
Starting Execution:	[30 out of 165] test cases in the current suite
Test Method:		[unitTests.tests_validations_assertions.assertElementAttribute_false_caseInsensitiveComparison_expectedToPass]
###############################################################################################################################################



################################################################################################################################################
Starting Execution:	[31 out of 165] test cases in the current suite
Test Method:		[unitTests.tests_validations_assertions.assertElementAttribute_false_containsComparison_expectedToFail]
###############################################################################################################################################



################################################################################################################################################
Starting Execution:	[32 out of 165] test cases in the current suite
Test Method:		[unitTests.tests_validations_assertions.assertElementAttribute_false_containsComparison_expectedToPass]
###############################################################################################################################################



################################################################################################################################################
Starting Execution:	[33 out of 165] test cases in the current suite
Test Method:		[unitTests.tests_validations_assertions.assertElementAttribute_false_literalComparison_expectedToFail]
###############################################################################################################################################



################################################################################################################################################
Starting Execution:	[34 out of 165] test cases in the current suite
Test Method:		[unitTests.tests_validations_assertions.assertElementAttribute_false_literalComparison_expectedToPass]
###############################################################################################################################################



################################################################################################################################################
Starting Execution:	[35 out of 165] test cases in the current suite
Test Method:		[unitTests.tests_validations_assertions.assertElementAttribute_false_regexComparison_expectedToFail]
###############################################################################################################################################



################################################################################################################################################
Starting Execution:	[36 out of 165] test cases in the current suite
Test Method:		[unitTests.tests_validations_assertions.assertElementAttribute_false_regexComparison_expectedToPass]
###############################################################################################################################################



################################################################################################################################################
Starting Execution:	[37 out of 165] test cases in the current suite
Test Method:		[unitTests.tests_validations_assertions.assertElementAttribute_true_caseInsensitiveComparison_expectedToFail]
###############################################################################################################################################



################################################################################################################################################
Starting Execution:	[38 out of 165] test cases in the current suite
Test Method:		[unitTests.tests_validations_assertions.assertElementAttribute_true_caseInsensitiveComparison_expectedToPass]
###############################################################################################################################################



################################################################################################################################################
Starting Execution:	[39 out of 165] test cases in the current suite
Test Method:		[unitTests.tests_validations_assertions.assertElementAttribute_true_containsComparison_expectedToFail]
###############################################################################################################################################



################################################################################################################################################
Starting Execution:	[40 out of 165] test cases in the current suite
Test Method:		[unitTests.tests_validations_assertions.assertElementAttribute_true_containsComparison_expectedToPass]
###############################################################################################################################################



################################################################################################################################################
Starting Execution:	[41 out of 165] test cases in the current suite
Test Method:		[unitTests.tests_validations_assertions.assertElementAttribute_true_literalComparison_expectedToFail]
###############################################################################################################################################



################################################################################################################################################
Starting Execution:	[42 out of 165] test cases in the current suite
Test Method:		[unitTests.tests_validations_assertions.assertElementAttribute_true_literalComparison_expectedToPass]
###############################################################################################################################################



################################################################################################################################################
Starting Execution:	[43 out of 165] test cases in the current suite
Test Method:		[unitTests.tests_validations_assertions.assertElementAttribute_true_regexComparison_expectedToFail]
###############################################################################################################################################



################################################################################################################################################
Starting Execution:	[44 out of 165] test cases in the current suite
Test Method:		[unitTests.tests_validations_assertions.assertElementAttribute_true_regexComparison_expectedToPass]
###############################################################################################################################################



################################################################################################################################################
Starting Execution:	[45 out of 165] test cases in the current suite
Test Method:		[unitTests.tests_validations_assertions.assertElementAttribute_type_true_literalComparison_expectedToPass]
###############################################################################################################################################



################################################################################################################################################
Starting Execution:	[46 out of 165] test cases in the current suite
Test Method:		[unitTests.tests_validations_assertions.assertElementExists_false_expectedToFail]
###############################################################################################################################################



################################################################################################################################################
Starting Execution:	[47 out of 165] test cases in the current suite
Test Method:		[unitTests.tests_validations_assertions.assertElementExists_false_expectedToPass]
###############################################################################################################################################



################################################################################################################################################
Starting Execution:	[48 out of 165] test cases in the current suite
Test Method:		[unitTests.tests_validations_assertions.assertElementExists_false_multipleElementsFound_expectedToFail]
###############################################################################################################################################



################################################################################################################################################
Starting Execution:	[49 out of 165] test cases in the current suite
Test Method:		[unitTests.tests_validations_assertions.assertElementExists_true_expectedToFail]
###############################################################################################################################################



################################################################################################################################################
Starting Execution:	[50 out of 165] test cases in the current suite
Test Method:		[unitTests.tests_validations_assertions.assertElementExists_true_expectedToPass]
###############################################################################################################################################



################################################################################################################################################
Starting Execution:	[51 out of 165] test cases in the current suite
Test Method:		[unitTests.tests_validations_assertions.assertElementExists_true_multipleElementsFound_expectedToFail]
###############################################################################################################################################


################################################################################################################################################
Starting Execution:	[52 out of 165] test cases in the current suite
Test Method:		[unitTests.tests_validations_assertions.assertEquals_false_expectedToFail]
###############################################################################################################################################

################################################################################################################################################
Starting Execution:	[53 out of 165] test cases in the current suite
Test Method:		[unitTests.tests_validations_assertions.assertEquals_false_expectedToPass]
###############################################################################################################################################

################################################################################################################################################
Starting Execution:	[54 out of 165] test cases in the current suite
Test Method:		[unitTests.tests_validations_assertions.assertEquals_longCharacters]
###############################################################################################################################################

################################################################################################################################################
Starting Execution:	[55 out of 165] test cases in the current suite
Test Method:		[unitTests.tests_validations_assertions.assertEquals_longCharacters_Discreet]
###############################################################################################################################################

################################################################################################################################################
Starting Execution:	[56 out of 165] test cases in the current suite
Test Method:		[unitTests.tests_validations_assertions.assertEquals_true_expectedToFail]
###############################################################################################################################################

################################################################################################################################################
Starting Execution:	[57 out of 165] test cases in the current suite
Test Method:		[unitTests.tests_validations_assertions.assertEquals_true_expectedToPass]
Test Description:	[Assert that assertEquals works as expected when the two values are equal.]
###############################################################################################################################################

################################################################################################################################################
Starting Execution:	[58 out of 165] test cases in the current suite
Test Method:		[unitTests.tests_validations_assertions.assertEquals_true_expectedToPass__]
###############################################################################################################################################

################################################################################################################################################
Starting Execution:	[59 out of 165] test cases in the current suite
Test Method:		[unitTests.tests_validations_assertions.assertFileExists_false_expectedToFail]
###############################################################################################################################################

################################################################################################################################################
Starting Execution:	[60 out of 165] test cases in the current suite
Test Method:		[unitTests.tests_validations_assertions.assertFileExists_false_expectedToPass]
###############################################################################################################################################

################################################################################################################################################
Starting Execution:	[61 out of 165] test cases in the current suite
Test Method:		[unitTests.tests_validations_assertions.assertFileExists_true_expectedToFail]
###############################################################################################################################################

################################################################################################################################################
Starting Execution:	[62 out of 165] test cases in the current suite
Test Method:		[unitTests.tests_validations_assertions.assertFileExists_true_expectedToPass]
###############################################################################################################################################

################################################################################################################################################
Starting Execution:	[63 out of 165] test cases in the current suite
Test Method:		[unitTests.tests_validations_assertions.assertNull_false_expectedToFail]
###############################################################################################################################################

################################################################################################################################################
Starting Execution:	[64 out of 165] test cases in the current suite
Test Method:		[unitTests.tests_validations_assertions.assertNull_false_expectedToPass]
###############################################################################################################################################

################################################################################################################################################
Starting Execution:	[65 out of 165] test cases in the current suite
Test Method:		[unitTests.tests_validations_assertions.assertNull_true_expectedToFail]
###############################################################################################################################################

################################################################################################################################################
Starting Execution:	[66 out of 165] test cases in the current suite
Test Method:		[unitTests.tests_validations_assertions.assertNull_true_expectedToPass]
###############################################################################################################################################

################################################################################################################################################
Starting Execution:	[67 out of 165] test cases in the current suite
Test Method:		[unitTests.tests_restActions.getPostsAndAssertBodyForSpecificTitle]
################################################################################################################################################
[ReportManager] Response status code: [200], status line: [HTTP/1.1 200 OK] @11-02-2022 01:58:33.0557 AM
[ReportManager] Assertion Passed: Evaluating the actual response status code against the expected one... @11-02-2022 01:58:33.0563 AM
[ReportManager] Assertion [ValidateComparativeRelation] PASSED. Expected [200] and Actual [200]. Comparison Type [EQUALS]. Validation Type [POSITIVE]. @11-02-2022 01:58:33.0563 AM
[ReportManager] API Action [PerformRequest] successfully performed. With the following test data [Request Type: "GET" | Target Status Code: "200" | Service URL: "https://jsonplaceholder.typicode.com/posts" | Content Type: "*/*" | Response Time: "817ms"]. @11-02-2022 01:58:34.0629 AM
[ReportManager] Successfully created attachment [API Request - Specifications] @11-02-2022 01:58:34.0630 AM
[ReportManager] Successfully created attachment [API Response - JSON Body] @11-02-2022 01:58:34.0877 AM
[ReportManager] API Action [GetResponseJSONValueAsList] successfully performed. @11-02-2022 01:58:34.0904 AM
[ReportManager] API Action [GetResponseJSONValue] successfully performed. With the following test data [title]. @11-02-2022 01:58:34.0925 AM
[ReportManager] API Action [GetResponseJSONValue] successfully performed. With the following test data [title]. @11-02-2022 01:58:34.0941 AM
[ReportManager] API Action [GetResponseJSONValue] successfully performed. With the following test data [body]. @11-02-2022 01:58:34.0955 AM
[ReportManager] Assertion [ValidateEquals] PASSED. Expected [qui neque nisi nulla] and Actual [est rerum tempore vitae
sequi sint nihil reprehenderit dolor beatae ea dolores neque
fugiat blanditiis voluptate porro vel nihil molestiae ut reiciendis
qui aperiam non debitis possimus qui neque nisi nulla]. Comparison Type [CONTAINS]. Validation Type [POSITIVE]. @11-02-2022 01:58:34.0956 AM
[ReportManager] API Action [GetResponseJSONValue] successfully performed. With the following test data [title]. @11-02-2022 01:58:34.0971 AM
[ReportManager] API Action [GetResponseJSONValue] successfully performed. With the following test data [title]. @11-02-2022 01:58:34.0984 AM
[ReportManager] API Action [GetResponseJSONValue] successfully performed. With the following test data [title]. @11-02-2022 01:58:34.0998 AM
[ReportManager] API Action [GetResponseJSONValue] successfully performed. With the following test data [title]. @11-02-2022 01:58:35.0012 AM
[ReportManager] API Action [GetResponseJSONValue] successfully performed. With the following test data [title]. @11-02-2022 01:58:35.0025 AM
[ReportManager] API Action [GetResponseJSONValue] successfully performed. With the following test data [title]. @11-02-2022 01:58:35.0039 AM
[ReportManager] API Action [GetResponseJSONValue] successfully performed. With the following test data [title]. @11-02-2022 01:58:35.0053 AM
[ReportManager] API Action [GetResponseJSONValue] successfully performed. With the following test data [title]. @11-02-2022 01:58:35.0065 AM
[ReportManager] API Action [GetResponseJSONValue] successfully performed. With the following test data [title]. @11-02-2022 01:58:35.0078 AM
[ReportManager] API Action [GetResponseJSONValue] successfully performed. With the following test data [title]. @11-02-2022 01:58:35.0091 AM
[ReportManager] API Action [GetResponseJSONValue] successfully performed. With the following test data [title]. @11-02-2022 01:58:35.0107 AM
[ReportManager] API Action [GetResponseJSONValue] successfully performed. With the following test data [title]. @11-02-2022 01:58:35.0123 AM
[ReportManager] API Action [GetResponseJSONValue] successfully performed. With the following test data [title]. @11-02-2022 01:58:35.0137 AM
[ReportManager] API Action [GetResponseJSONValue] successfully performed. With the following test data [title]. @11-02-2022 01:58:35.0151 AM
[ReportManager] API Action [GetResponseJSONValue] successfully performed. With the following test data [title]. @11-02-2022 01:58:35.0164 AM
[ReportManager] API Action [GetResponseJSONValue] successfully performed. With the following test data [title]. @11-02-2022 01:58:35.0176 AM
[ReportManager] API Action [GetResponseJSONValue] successfully performed. With the following test data [title]. @11-02-2022 01:58:35.0192 AM
[ReportManager] API Action [GetResponseJSONValue] successfully performed. With the following test data [title]. @11-02-2022 01:58:35.0207 AM
[ReportManager] API Action [GetResponseJSONValue] successfully performed. With the following test data [title]. @11-02-2022 01:58:35.0220 AM
[ReportManager] API Action [GetResponseJSONValue] successfully performed. With the following test data [title]. @11-02-2022 01:58:35.0232 AM
[ReportManager] API Action [GetResponseJSONValue] successfully performed. With the following test data [title]. @11-02-2022 01:58:35.0244 AM
[ReportManager] API Action [GetResponseJSONValue] successfully performed. With the following test data [title]. @11-02-2022 01:58:35.0257 AM
[ReportManager] API Action [GetResponseJSONValue] successfully performed. With the following test data [title]. @11-02-2022 01:58:35.0269 AM
[ReportManager] API Action [GetResponseJSONValue] successfully performed. With the following test data [title]. @11-02-2022 01:58:35.0282 AM
[ReportManager] API Action [GetResponseJSONValue] successfully performed. With the following test data [title]. @11-02-2022 01:58:35.0297 AM
[ReportManager] API Action [GetResponseJSONValue] successfully performed. With the following test data [title]. @11-02-2022 01:58:35.0310 AM
[ReportManager] API Action [GetResponseJSONValue] successfully performed. With the following test data [title]. @11-02-2022 01:58:35.0325 AM
[ReportManager] API Action [GetResponseJSONValue] successfully performed. With the following test data [title]. @11-02-2022 01:58:35.0337 AM
[ReportManager] API Action [GetResponseJSONValue] successfully performed. With the following test data [title]. @11-02-2022 01:58:35.0351 AM
[ReportManager] API Action [GetResponseJSONValue] successfully performed. With the following test data [title]. @11-02-2022 01:58:35.0363 AM
[ReportManager] API Action [GetResponseJSONValue] successfully performed. With the following test data [title]. @11-02-2022 01:58:35.0375 AM
[ReportManager] API Action [GetResponseJSONValue] successfully performed. With the following test data [title]. @11-02-2022 01:58:35.0387 AM
[ReportManager] API Action [GetResponseJSONValue] successfully performed. With the following test data [title]. @11-02-2022 01:58:35.0399 AM
[ReportManager] API Action [GetResponseJSONValue] successfully performed. With the following test data [title]. @11-02-2022 01:58:35.0411 AM
[ReportManager] API Action [GetResponseJSONValue] successfully performed. With the following test data [title]. @11-02-2022 01:58:35.0423 AM
[ReportManager] API Action [GetResponseJSONValue] successfully performed. With the following test data [title]. @11-02-2022 01:58:35.0434 AM
[ReportManager] API Action [GetResponseJSONValue] successfully performed. With the following test data [title]. @11-02-2022 01:58:35.0445 AM
[ReportManager] API Action [GetResponseJSONValue] successfully performed. With the following test data [title]. @11-02-2022 01:58:35.0457 AM
[ReportManager] API Action [GetResponseJSONValue] successfully performed. With the following test data [title]. @11-02-2022 01:58:35.0470 AM
[ReportManager] API Action [GetResponseJSONValue] successfully performed. With the following test data [title]. @11-02-2022 01:58:35.0482 AM
[ReportManager] API Action [GetResponseJSONValue] successfully performed. With the following test data [title]. @11-02-2022 01:58:35.0494 AM
[ReportManager] API Action [GetResponseJSONValue] successfully performed. With the following test data [title]. @11-02-2022 01:58:35.0506 AM
[ReportManager] API Action [GetResponseJSONValue] successfully performed. With the following test data [title]. @11-02-2022 01:58:35.0518 AM
[ReportManager] API Action [GetResponseJSONValue] successfully performed. With the following test data [title]. @11-02-2022 01:58:35.0530 AM
[ReportManager] API Action [GetResponseJSONValue] successfully performed. With the following test data [title]. @11-02-2022 01:58:35.0541 AM
[ReportManager] API Action [GetResponseJSONValue] successfully performed. With the following test data [title]. @11-02-2022 01:58:35.0553 AM
[ReportManager] API Action [GetResponseJSONValue] successfully performed. With the following test data [title]. @11-02-2022 01:58:35.0565 AM
[ReportManager] API Action [GetResponseJSONValue] successfully performed. With the following test data [title]. @11-02-2022 01:58:35.0579 AM
[ReportManager] API Action [GetResponseJSONValue] successfully performed. With the following test data [title]. @11-02-2022 01:58:35.0590 AM
[ReportManager] API Action [GetResponseJSONValue] successfully performed. With the following test data [title]. @11-02-2022 01:58:35.0601 AM
[ReportManager] API Action [GetResponseJSONValue] successfully performed. With the following test data [title]. @11-02-2022 01:58:35.0612 AM
[ReportManager] API Action [GetResponseJSONValue] successfully performed. With the following test data [title]. @11-02-2022 01:58:35.0623 AM
[ReportManager] API Action [GetResponseJSONValue] successfully performed. With the following test data [title]. @11-02-2022 01:58:35.0634 AM
[ReportManager] API Action [GetResponseJSONValue] successfully performed. With the following test data [title]. @11-02-2022 01:58:35.0645 AM
[ReportManager] API Action [GetResponseJSONValue] successfully performed. With the following test data [title]. @11-02-2022 01:58:35.0679 AM
[ReportManager] API Action [GetResponseJSONValue] successfully performed. With the following test data [title]. @11-02-2022 01:58:35.0693 AM
[ReportManager] API Action [GetResponseJSONValue] successfully performed. With the following test data [title]. @11-02-2022 01:58:35.0707 AM
[ReportManager] API Action [GetResponseJSONValue] successfully performed. With the following test data [title]. @11-02-2022 01:58:35.0720 AM
[ReportManager] API Action [GetResponseJSONValue] successfully performed. With the following test data [title]. @11-02-2022 01:58:35.0742 AM
[ReportManager] API Action [GetResponseJSONValue] successfully performed. With the following test data [title]. @11-02-2022 01:58:35.0778 AM
[ReportManager] API Action [GetResponseJSONValue] successfully performed. With the following test data [title]. @11-02-2022 01:58:35.0791 AM
[ReportManager] API Action [GetResponseJSONValue] successfully performed. With the following test data [title]. @11-02-2022 01:58:35.0809 AM
[ReportManager] API Action [GetResponseJSONValue] successfully performed. With the following test data [title]. @11-02-2022 01:58:35.0850 AM
[ReportManager] API Action [GetResponseJSONValue] successfully performed. With the following test data [title]. @11-02-2022 01:58:35.0872 AM
[ReportManager] API Action [GetResponseJSONValue] successfully performed. With the following test data [title]. @11-02-2022 01:58:35.0887 AM
[ReportManager] API Action [GetResponseJSONValue] successfully performed. With the following test data [title]. @11-02-2022 01:58:35.0903 AM
[ReportManager] API Action [GetResponseJSONValue] successfully performed. With the following test data [title]. @11-02-2022 01:58:35.0917 AM
[ReportManager] API Action [GetResponseJSONValue] successfully performed. With the following test data [title]. @11-02-2022 01:58:35.0932 AM
[ReportManager] API Action [GetResponseJSONValue] successfully performed. With the following test data [title]. @11-02-2022 01:58:35.0947 AM
[ReportManager] API Action [GetResponseJSONValue] successfully performed. With the following test data [title]. @11-02-2022 01:58:35.0964 AM
[ReportManager] API Action [GetResponseJSONValue] successfully performed. With the following test data [title]. @11-02-2022 01:58:35.0983 AM
[ReportManager] API Action [GetResponseJSONValue] successfully performed. With the following test data [title]. @11-02-2022 01:58:36.0006 AM
[ReportManager] API Action [GetResponseJSONValue] successfully performed. With the following test data [title]. @11-02-2022 01:58:36.0033 AM
[ReportManager] API Action [GetResponseJSONValue] successfully performed. With the following test data [title]. @11-02-2022 01:58:36.0053 AM
[ReportManager] API Action [GetResponseJSONValue] successfully performed. With the following test data [title]. @11-02-2022 01:58:36.0071 AM
[ReportManager] API Action [GetResponseJSONValue] successfully performed. With the following test data [title]. @11-02-2022 01:58:36.0094 AM
[ReportManager] API Action [GetResponseJSONValue] successfully performed. With the following test data [title]. @11-02-2022 01:58:36.0113 AM
[ReportManager] API Action [GetResponseJSONValue] successfully performed. With the following test data [title]. @11-02-2022 01:58:36.0129 AM
[ReportManager] API Action [GetResponseJSONValue] successfully performed. With the following test data [title]. @11-02-2022 01:58:36.0143 AM
[ReportManager] API Action [GetResponseJSONValue] successfully performed. With the following test data [title]. @11-02-2022 01:58:36.0163 AM
[ReportManager] API Action [GetResponseJSONValue] successfully performed. With the following test data [title]. @11-02-2022 01:58:36.0182 AM
[ReportManager] API Action [GetResponseJSONValue] successfully performed. With the following test data [title]. @11-02-2022 01:58:36.0209 AM
[ReportManager] API Action [GetResponseJSONValue] successfully performed. With the following test data [title]. @11-02-2022 01:58:36.0225 AM
[ReportManager] API Action [GetResponseJSONValue] successfully performed. With the following test data [title]. @11-02-2022 01:58:36.0241 AM
[ReportManager] API Action [GetResponseJSONValue] successfully performed. With the following test data [title]. @11-02-2022 01:58:36.0259 AM
[ReportManager] API Action [GetResponseJSONValue] successfully performed. With the following test data [title]. @11-02-2022 01:58:36.0279 AM
[ReportManager] API Action [GetResponseJSONValue] successfully performed. With the following test data [title]. @11-02-2022 01:58:36.0300 AM
[ReportManager] API Action [GetResponseJSONValue] successfully performed. With the following test data [title]. @11-02-2022 01:58:36.0317 AM
[ReportManager] API Action [GetResponseJSONValue] successfully performed. With the following test data [title]. @11-02-2022 01:58:36.0332 AM
[ReportManager] API Action [GetResponseJSONValue] successfully performed. With the following test data [title]. @11-02-2022 01:58:36.0347 AM
[ReportManager] API Action [GetResponseJSONValue] successfully performed. With the following test data [title]. @11-02-2022 01:58:36.0375 AM
[ReportManager] API Action [GetResponseJSONValue] successfully performed. With the following test data [title]. @11-02-2022 01:58:36.0432 AM
[ReportManager] API Action [GetResponseJSONValue] successfully performed. With the following test data [title]. @11-02-2022 01:58:36.0462 AM
[ReportManager] API Action [GetResponseJSONValue] successfully performed. With the following test data [title]. @11-02-2022 01:58:36.0477 AM
[ReportManager] API Action [GetResponseJSONValue] successfully performed. With the following test data [title]. @11-02-2022 01:58:36.0491 AM
[ReportManager] API Action [GetResponseJSONValue] successfully performed. With the following test data [title]. @11-02-2022 01:58:36.0505 AM
[ReportManager] API Action [GetResponseJSONValue] successfully performed. With the following test data [title]. @11-02-2022 01:58:36.0519 AM
[ReportManager] API Action [GetResponseJSONValue] successfully performed. With the following test data [title]. @11-02-2022 01:58:36.0533 A

################################################################################################################################################
Starting Execution:	[68 out of 165] test cases in the current suite
Test Method:		[unitTests.tests_restActions.validateUserEmail]
################################################################################################################################################
[ReportManager] Response status code: [200], status line: [HTTP/1.1 200 OK] @11-02-2022 01:58:36.0592 AM
[ReportManager] Assertion Passed: Evaluating the actual response status code against the expected one... @11-02-2022 01:58:36.0593 AM
[ReportManager] Assertion [ValidateComparativeRelation] PASSED. Expected [200] and Actual [200]. Comparison Type [EQUALS]. Validation Type [POSITIVE]. @11-02-2022 01:58:36.0593 AM
[ReportManager] API Action [PerformRequest] successfully performed. With the following test data [Request Type: "GET" | Target Status Code: "200" | Service URL: "https://jsonplaceholder.typicode.com/users" | Content Type: "*/*" | Response Time: "49ms"]. @11-02-2022 01:58:36.0620 AM
[ReportManager] Successfully created attachment [API Request - Specifications] @11-02-2022 01:58:36.0621 AM
[ReportManager] Successfully created attachment [API Response - JSON Body] @11-02-2022 01:58:36.0621 AM
[ReportManager] Assertion [ValidateEquals] PASSED. Expected and Actual values are attached. Comparison Type [CONTAINS]. Validation Type [POSITIVE]. @11-02-2022 01:58:36.0622 AM
[ReportManager] Successfully created attachment [Validation Test Data - Expected Value] @11-02-2022 01:58:36.0622 AM
[ReportManager] Successfully created attachment [Validation Test Data - Actual Value] @11-02-2022 01:58:36.0623 AM
[ReportManager] API Action [GetResponseJSONValueAsList] successfully performed. With the following test data [$]. @11-02-2022 01:58:36.0632 AM
[ReportManager] API Action [GetResponseJSONValue] successfully performed. With the following test data [name]. @11-02-2022 01:58:36.0646 AM
[ReportManager] API Action [GetResponseJSONValue] successfully performed. With the following test data [email]. @11-02-2022 01:58:36.0660 AM
[ReportManager] Assertion [ValidateEquals] PASSED. Expected [Sincere@april.biz] and Actual [Sincere@april.biz]. Comparison Type [EQUALS]. Validation Type [POSITIVE]. @11-02-2022 01:58:36.0660 AM
[ReportManager] API Action [GetResponseJSONValue] successfully performed. With the following test data [name]. @11-02-2022 01:58:36.0674 AM
[ReportManager] API Action [GetResponseJSONValue] successfully performed. With the following test data [name]. @11-02-2022 01:58:36.0689 AM
[ReportManager] API Action [GetResponseJSONValue] successfully performed. With the following test data [name]. @11-02-2022 01:58:36.0704 AM
[ReportManager] API Action [GetResponseJSONValue] successfully performed. With the following test data [name]. @11-02-2022 01:58:36.0719 AM
[ReportManager] API Action [GetResponseJSONValue] successfully performed. With the following test data [name]. @11-02-2022 01:58:36.0736 AM
[ReportManager] API Action [GetResponseJSONValue] successfully performed. With the following test data [name]. @11-02-2022 01:58:36.0752 AM
[ReportManager] API Action [GetResponseJSONValue] successfully performed. With the following test data [name]. @11-02-2022 01:58:36.0769 AM
[ReportManager] API Action [GetResponseJSONValue] successfully performed. With the following test data [name]. @11-02-2022 01:58:36.0787 AM
[ReportManager] API Action [GetResponseJSONValue] successfully performed. With the following test data [name]. @11-02-2022 01:58:36.0803 A
[ReportManager] File Action [GetAbsolutePath] successfully performed. With the following test data [Relative Folder Path: "target/downloadedFiles/"]. @11-02-2022 01:58:36.0807 AM
[ReportManager] Attempting to run locally on: [Mac-64], [Safari], Headless Execution. @11-02-2022 01:58:36.0808 AM
[ReportManager] Successfully Opened Safari. @11-02-2022 01:58:37.0715 AM
[ReportManager] Initial window size: (800, 600) @11-02-2022 01:58:37.0740 AM
[ReportManager] Window size after SWD Maximize: (1176, 803) @11-02-2022 01:58:37.0756 AM
[ReportManager] Browser Action [MaximizeWindow] successfully performed. With the following test data [New screen size is now: (1176, 803)]. @11-02-2022 01:58:37.0757 A

################################################################################################################################################
Starting Execution:	[69 out of 165] test cases in the current suite
Test Method:		[testPackage01.Test_uploadFile.uploadFile_invisibleUploadInput]
################################################################################################################################################
[ReportManager] Target URL: [https://fineuploader.com/demos.html#gallery-view] @11-02-2022 01:58:37.0801 AM
[ReportManager] Initial URL: [] @11-02-2022 01:58:37.0842 AM
[ReportManager] Browser Action [NavigateToURL] successfully performed. With the following test data [https://fineuploader.com/demos.html#gallery-view]. @11-02-2022 01:58:39.0132 AM
[ReportManager] File Action [GetAbsolutePath] successfully performed. With the following test data [Relative File Path: "src/main/resources/images/shaft.png"]. @11-02-2022 01:58:39.0132 AM
[ReportManager] Successfully created attachment [File Action Actual Result - Command Log] @11-02-2022 01:58:39.0133 AM
[ReportManager] Element Action [TypeFileLocationForUpload] successfully performed. With the following test data [/Users/runner/work/SHAFT_ENGINE/SHAFT_ENGINE/src/main/resources/images/shaft.png]. @11-02-2022 01:58:39.0180 AM
[ReportManager] Attempting to getAttribute [src] from elementLocator [By.xpath: //div[@id='fine-uploader-gallery']//div[@class='qq-thumbnail-wrapper']/img]. @11-02-2022 01:58:39.0183 AM
[ReportManager] Element Action [GetAttribute] successfully performed. @11-02-2022 01:58:39.0316 AM
[ReportManager] Successfully created attachment [Element Action Test Data - GetAttribute - Actual Value] @11-02-2022 01:58:39.0317 AM
[ReportManager] Assertion Passed: Then I Assert that the element found by [By.xpath: //div[@id='fine-uploader-gallery']//div[@class='qq-thumbnail-wrapper']/img] attribute [src] contains [data:image/png;base64]. @11-02-2022 01:58:39.0703 AM
[ReportManager] Successfully created attachment [Validation Test Data - Expected Value] @11-02-2022 01:58:39.0704 AM
[ReportManager] Successfully created attachment [Validation Test Data - Actual Value] @11-02-2022 01:58:39.0705 AM
[ReportManager] Successfully created attachment [Screenshot - 1644544719586_uploadFile_invisibleUploadInput_ValidateElementAttribute_passed] @11-02-2022 01:58:39.0712 AM
[ReportManager] Assertion [ValidateElementAttribute] PASSED. Expected and Actual values are attached. Comparison Type [CONTAINS]. Validation Type [POSITIVE]. @11-02-2022 01:58:39.0712 A
[ReportManager] Browser Action [CloseCurrentWindow] successfully performed. @11-02-2022 01:58:40.0120 AM
[ReportManager] Successfully created attachment [Browser Action Test Data - CloseCurrentWindow - Actual Value] @11-02-2022 01:58:40.0121 A
[ReportManager] File Action [GetAbsolutePath] successfully performed. With the following test data [Relative Folder Path: "target/downloadedFiles/"]. @11-02-2022 01:58:40.0125 AM
[ReportManager] Attempting to run locally on: [Mac-64], [Safari], Headless Execution. @11-02-2022 01:58:40.0126 AM
[ReportManager] Successfully Opened Safari. @11-02-2022 01:58:41.0069 AM
[ReportManager] Initial window size: (800, 600) @11-02-2022 01:58:41.0119 AM
[ReportManager] Window size after SWD Maximize: (1176, 803) @11-02-2022 01:58:41.0177 AM
[ReportManager] Browser Action [MaximizeWindow] successfully performed. With the following test data [New screen size is now: (1176, 803)]. @11-02-2022 01:58:41.0179 A

################################################################################################################################################
Starting Execution:	[70 out of 165] test cases in the current suite
Test Method:		[testPackage01.Test_uploadFile.uploadFile_visibleUploadInput]
################################################################################################################################################
[ReportManager] Target URL: [https://demo.guru99.com/test/upload/] @11-02-2022 01:58:41.0182 AM
[ReportManager] Initial URL: [] @11-02-2022 01:58:41.0263 AM
[ReportManager] Browser Action [NavigateToURL] successfully performed. With the following test data [https://demo.guru99.com/test/upload/]. @11-02-2022 01:58:43.0977 AM
[ReportManager] File Action [GetAbsolutePath] successfully performed. With the following test data [Relative Folder Path: "src/main/resources/images/shaft.png"]. @11-02-2022 01:58:43.0977 AM
[ReportManager] Element Action [TypeFileLocationForUpload] successfully performed. With the following test data [/Users/runner/work/SHAFT_ENGINE/SHAFT_ENGINE/src/main/resources/images/shaft.png]. @11-02-2022 01:58:44.0025 AM
[ReportManager] Element Action [Click] successfully performed. With the following test data [By.id: terms]. @11-02-2022 01:58:44.0249 AM
[ReportManager] Element Action [Click] successfully performed. With the following test data [By.id: submitbutton]. @11-02-2022 01:58:44.0448 AM
[ReportManager] Element Action [GetText] successfully performed. With the following test data [1 file has been successfully uploaded.]. @11-02-2022 01:58:45.0169 AM
[ReportManager] Assertion Passed: Then I Assert that the element found by [By.id: res] attribute [Text] contains [1 file]. @11-02-2022 01:58:45.0322 AM
[ReportManager] Successfully created attachment [Screenshot - 1644544725258_uploadFile_visibleUploadInput_ValidateElementAttribute_passed] @11-02-2022 01:58:45.0324 AM
[ReportManager] Assertion [ValidateElementAttribute] PASSED. Expected [Value Should be '1 file' for the 'Text' attribute, element locator 'By.id: res'] and Actual [1 file has been successfully uploaded.]. Comparison Type [CONTAINS]. Validation Type [POSITIVE]. @11-02-2022 01:58:45.0324 A
[ReportManager] Browser Action [CloseCurrentWindow] successfully performed. @11-02-2022 01:58:45.0610 AM
[ReportManager] Successfully created attachment [Browser Action Test Data - CloseCurrentWindow - Actual Value] @11-02-2022 01:58:45.0611 A

################################################################################################################################################
Starting Execution:	[71 out of 165] test cases in the current suite
Test Method:		[testPackage01.Test_AssertApiResponseEquals.assertApiResponseEquals_expectedToPass]
################################################################################################################################################
[ReportManager] Response status code: [200], status line: [HTTP/1.1 200 OK] @11-02-2022 01:58:45.0669 AM
[ReportManager] Assertion Passed: Evaluating the actual response status code against the expected one... @11-02-2022 01:58:45.0670 AM
[ReportManager] Assertion [ValidateComparativeRelation] PASSED. Expected [200] and Actual [200]. Comparison Type [EQUALS]. Validation Type [POSITIVE]. @11-02-2022 01:58:45.0670 AM
[ReportManager] API Action [PerformRequest] successfully performed. With the following test data [Request Type: "GET" | Target Status Code: "200" | Service URL: "https://jsonplaceholder.typicode.com/users" | Content Type: "*/*" | Response Time: "49ms"]. @11-02-2022 01:58:45.0692 AM
[ReportManager] Successfully created attachment [API Request - Specifications] @11-02-2022 01:58:45.0693 AM
[ReportManager] Successfully created attachment [API Response - JSON Body] @11-02-2022 01:58:45.0694 AM
[ReportManager] API Action [GetResponseJSONValueAsList] successfully performed. With the following test data [$]. @11-02-2022 01:58:45.0700 AM
[ReportManager] API Action [GetResponseJSONValue] successfully performed. With the following test data [name]. @11-02-2022 01:58:45.0711 AM
[ReportManager] API Action [GetResponseJSONValue] successfully performed. With the following test data [email]. @11-02-2022 01:58:45.0724 AM
[ReportManager] Verification [ValidateEquals] PASSED. Expected [Sincere@april.biz] and Actual [Sincere@april.biz]. Comparison Type [EQUALS]. Validation Type [POSITIVE]. @11-02-2022 01:58:45.0725 AM
[ReportManager] API Action [GetResponseJSONValue] successfully performed. With the following test data [username]. @11-02-2022 01:58:45.0735 AM
[ReportManager] Assertion [ValidateEquals] PASSED. Expected [Bret] and Actual [Bret]. Comparison Type [EQUALS]. Validation Type [POSITIVE]. @11-02-2022 01:58:45.0736 AM
[ReportManager] API Action [GetResponseJSONValue] successfully performed. With the following test data [name]. @11-02-2022 01:58:45.0747 AM
[ReportManager] API Action [GetResponseJSONValue] successfully performed. With the following test data [name]. @11-02-2022 01:58:45.0757 AM
[ReportManager] API Action [GetResponseJSONValue] successfully performed. With the following test data [name]. @11-02-2022 01:58:45.0768 AM
[ReportManager] API Action [GetResponseJSONValue] successfully performed. With the following test data [name]. @11-02-2022 01:58:45.0778 AM
[ReportManager] API Action [GetResponseJSONValue] successfully performed. With the following test data [name]. @11-02-2022 01:58:45.0789 AM
[ReportManager] API Action [GetResponseJSONValue] successfully performed. With the following test data [name]. @11-02-2022 01:58:45.0800 AM
[ReportManager] API Action [GetResponseJSONValue] successfully performed. With the following test data [name]. @11-02-2022 01:58:45.0811 AM
[ReportManager] API Action [GetResponseJSONValue] successfully performed. With the following test data [name]. @11-02-2022 01:58:45.0822 AM
[ReportManager] API Action [GetResponseJSONValue] successfully performed. With the following test data [name]. @11-02-2022 01:58:45.0832 A
[ReportManager] File Action [GetAbsolutePath] successfully performed. With the following test data [Relative Folder Path: "target/downloadedFiles/"]. @11-02-2022 01:58:45.0835 AM
[ReportManager] Attempting to run locally on: [Mac-64], [Safari], Headless Execution. @11-02-2022 01:58:45.0835 AM
[ReportManager] Successfully Opened Safari. @11-02-2022 01:58:46.0652 AM
[ReportManager] Initial window size: (800, 600) @11-02-2022 01:58:46.0674 AM
[ReportManager] Window size after SWD Maximize: (1176, 803) @11-02-2022 01:58:46.0688 AM
[ReportManager] Browser Action [MaximizeWindow] successfully performed. With the following test data [New screen size is now: (1176, 803)]. @11-02-2022 01:58:46.0688 AM
[ReportManager] Target URL: [http://the-internet.herokuapp.com/javascript_alerts] @11-02-2022 01:58:46.0688 AM
[ReportManager] Initial URL: [] @11-02-2022 01:58:46.0738 AM
[ReportManager] Browser Action [NavigateToURL] successfully performed. With the following test data [http://the-internet.herokuapp.com/javascript_alerts]. @11-02-2022 01:58:47.0149 A

################################################################################################################################################
Starting Execution:	[72 out of 165] test cases in the current suite
Test Method:		[testPackage01.TestJSPromptBox.dismissAlert]
################################################################################################################################################
[ReportManager] Element Action [Click] successfully performed. With the following test data [By.xpath: //button[contains(text(),'Click for JS Prompt')]]. @11-02-2022 01:58:47.0464 AM
[ReportManager] Alert is present @11-02-2022 01:58:47.0481 AM
[ReportManager] Element Action [DismissAlert] successfully performed. @11-02-2022 01:58:47.0501 A

################################################################################################################################################
Starting Execution:	[73 out of 165] test cases in the current suite
Test Method:		[testPackage01.TestJSPromptBox.assertOnCancelAlertResultText]
################################################################################################################################################
[ReportManager] Element Action [GetText] successfully performed. With the following test data [You entered: null]. @11-02-2022 01:58:47.0576 AM
[ReportManager] Assertion Passed: Then I Assert that the element found by [By.id: result] attribute [TEXT] is equal to [You entered: null]. @11-02-2022 01:58:47.0790 AM
[ReportManager] Successfully created attachment [Screenshot - 1644544727685_assertOnCancelAlertResultText_ValidateElementAttribute_passed] @11-02-2022 01:58:47.0791 AM
[ReportManager] Assertion [ValidateElementAttribute] PASSED. Expected [Value Should be 'You entered: null' for the 'text' attribute, element locator 'By.id: result'] and Actual [You entered: null]. Comparison Type [EQUALS]. Validation Type [POSITIVE]. @11-02-2022 01:58:47.0791 A

################################################################################################################################################
Starting Execution:	[74 out of 165] test cases in the current suite
Test Method:		[testPackage01.TestJSPromptBox.getAlertText]
################################################################################################################################################
[ReportManager] Element Action [Click] successfully performed. With the following test data [By.xpath: //button[contains(text(),'Click for JS Prompt')]]. @11-02-2022 01:58:48.0061 AM
[ReportManager] Alert is present @11-02-2022 01:58:48.0133 AM
[ReportManager] Alert Text is: [I am a JS prompt] @11-02-2022 01:58:48.0158 AM
[ReportManager] Element Action [GetAlertText] successfully performed. @11-02-2022 01:58:48.0159 AM
[ReportManager] Alert text is: [I am a JS prompt] @11-02-2022 01:58:48.0159 AM
[ReportManager] Alert is present @11-02-2022 01:58:48.0184 AM
[ReportManager] Alert Text is: [I am a JS prompt] @11-02-2022 01:58:48.0203 AM
[ReportManager] Element Action [GetAlertText] successfully performed. @11-02-2022 01:58:48.0204 AM
[ReportManager] Assertion Passed: Then I Assert that [I am a JS prompt] is equal to [I am a JS prompt]. @11-02-2022 01:58:48.0204 AM
[ReportManager] Assertion [ValidateEquals] PASSED. Expected [I am a JS prompt] and Actual [I am a JS prompt]. Comparison Type [EQUALS]. Validation Type [POSITIVE]. @11-02-2022 01:58:48.0204 A

################################################################################################################################################
Starting Execution:	[75 out of 165] test cases in the current suite
Test Method:		[testPackage01.TestJSPromptBox.acceptPromptAlertWithoutTypingTextMessage]
################################################################################################################################################
[ReportManager] Alert is not present @11-02-2022 01:59:18.0623 AM
[ReportManager] Element Action [WaitForAlertToBePresent] failed. @11-02-2022 01:59:18.0726 AM
[ReportManager] Successfully created attachment [Screenshot - 1644544758646_acceptPromptAlertWithoutTypingTextMessage_WaitForAlertToBePresent_failed] @11-02-2022 01:59:18.0727 A

################################################################################################################################################
Starting Execution:	[76 out of 165] test cases in the current suite
Test Method:		[testPackage01.TestJSPromptBox.assertOnConfirmPromptAlertWithoutTypingTextMessageResultText]
###############################################################################################################################################

################################################################################################################################################
Starting Execution:	[77 out of 165] test cases in the current suite
Test Method:		[testPackage01.TestJSPromptBox.acceptPromptAlertWithTextMessage]
###############################################################################################################################################

################################################################################################################################################
Starting Execution:	[78 out of 165] test cases in the current suite
Test Method:		[testPackage01.TestJSPromptBox.assertOnConfirmPromptAlertWithTextMessageResultText]
###############################################################################################################################################
[ReportManager] Browser Action [CloseCurrentWindow] successfully performed. @11-02-2022 01:59:19.0151 AM
[ReportManager] Successfully created attachment [Browser Action Test Data - CloseCurrentWindow - Actual Value] @11-02-2022 01:59:19.0152 A

################################################################################################################################################
Starting Execution:	[79 out of 165] test cases in the current suite
Test Method:		[testPackage01.Test_testData.f]
################################################################################################################################################
[ReportManager] Successfully loaded the following test data file [src/test/resources/testDataFiles/testSuite01/TestData.xlsx]. @11-02-2022 01:59:19.0187 AM
[ReportManager] Successfully created attachment [Test Data - Excel] @11-02-2022 01:59:19.0188 AM
[ReportManager] Last Column Number is: [3]. Zero-based. @11-02-2022 01:59:19.0189 A

################################################################################################################################################
Starting Execution:	[80 out of 165] test cases in the current suite
Test Method:		[testPackage01.Test_PDF.testPDF1]
################################################################################################################################################
[ReportManager] File Action [DoesFileExist] successfully performed. With the following test data [File Path: "src/test/resources/testDataFiles/sample.pdf"]. @11-02-2022 01:59:19.0195 AM
[ReportManager] File Action [GetAbsolutePath] successfully performed. With the following test data [Relative Folder Path: "src/test/resources/testDataFiles/sample.pdf"]. @11-02-2022 01:59:19.0196 AM
[ReportManager] Assertion Passed: Checking to see that the pdf file contains [A Simple PDF File] @11-02-2022 01:59:23.0869 AM
[ReportManager] Successfully created attachment [Validation Test Data - Expected Value] @11-02-2022 01:59:23.0870 AM
[ReportManager] Successfully created attachment [Validation Test Data - Actual Value] @11-02-2022 01:59:23.0870 AM
[ReportManager] Assertion [ValidateEquals] PASSED. Expected and Actual values are attached. Comparison Type [CONTAINS]. Validation Type [POSITIVE]. @11-02-2022 01:59:23.0870 A

################################################################################################################################################
Starting Execution:	[81 out of 165] test cases in the current suite
Test Method:		[testPackage01.Test_PDF.testPDF2]
################################################################################################################################################
[ReportManager] File Action [DoesFileExist] successfully performed. With the following test data [File Path: "src/test/resources/testDataFiles/sample.pdf"]. @11-02-2022 01:59:23.0876 AM
[ReportManager] File Action [GetAbsolutePath] successfully performed. With the following test data [Relative Folder Path: "src/test/resources/testDataFiles/sample.pdf"]. @11-02-2022 01:59:23.0876 AM
[ReportManager] Assertion Passed: Checking to see that the pdf file contains [A Simple PDF File] @11-02-2022 01:59:23.0889 AM
[ReportManager] Successfully created attachment [Validation Test Data - Expected Value] @11-02-2022 01:59:23.0889 AM
[ReportManager] Successfully created attachment [Validation Test Data - Actual Value] @11-02-2022 01:59:23.0890 AM
[ReportManager] Assertion [ValidateEquals] PASSED. Expected and Actual values are attached. Comparison Type [CONTAINS]. Validation Type [POSITIVE]. @11-02-2022 01:59:23.0890 A
[ReportManager] File Action [GetAbsolutePath] successfully performed. With the following test data [Relative Folder Path: "target/downloadedFiles/"]. @11-02-2022 01:59:23.0893 AM
[ReportManager] Attempting to run locally on: [Mac-64], [Safari], Headless Execution. @11-02-2022 01:59:23.0893 AM
[ReportManager] An Exception Occured with this Message: Could not start a new session. Possible causes are invalid address of the remote server or browser start-up failure.. @11-02-2022 01:59:23.0950 AM
[ReportManager] Successfully created attachment [Exception Stack Trace - org.openqa.selenium.SessionNotCreatedException] @11-02-2022 01:59:23.0992 AM
[ReportManager] Driver Factory Action [createNewLocalDriverInstanceForSafari] failed. With the following test data [Failed to create a session on DESKTOP_SAFARI]. @11-02-2022 01:59:23.0992 A

################################################################################################################################################
Starting Execution:	[82 out of 165] test cases in the current suite
Test Method:		[testPackage01.Test_ShadowDOM.shadowdom]
###############################################################################################################################################

[ReportManager] File Action [GetAbsolutePath] successfully performed. With the following test data [Relative Folder Path: "target/downloadedFiles/"]. @11-02-2022 01:59:24.0329 AM
[ReportManager] Attempting to run locally on: [Mac-64], [Safari], Headless Execution. @11-02-2022 01:59:24.0329 AM
[ReportManager] An Exception Occured with this Message: Could not start a new session. Possible causes are invalid address of the remote server or browser start-up failure.. @11-02-2022 01:59:24.0424 AM
[ReportManager] Successfully created attachment [Exception Stack Trace - org.openqa.selenium.SessionNotCreatedException] @11-02-2022 01:59:24.0455 AM
[ReportManager] Driver Factory Action [createNewLocalDriverInstanceForSafari] failed. With the following test data [Failed to create a session on DESKTOP_SAFARI]. @11-02-2022 01:59:24.0456 A

################################################################################################################################################
Starting Execution:	[83 out of 165] test cases in the current suite
Test Method:		[testPackage01.Test_clipboardActions.typeTextAndCopyPaste]
###############################################################################################################################################

[ReportManager] File Action [GetAbsolutePath] successfully performed. With the following test data [Relative Folder Path: "target/downloadedFiles/"]. @11-02-2022 01:59:24.0464 AM
[ReportManager] Attempting to run locally on: [Mac-64], [Safari], Headless Execution. @11-02-2022 01:59:24.0464 AM
[ReportManager] Successfully Opened Safari. @11-02-2022 01:59:25.0483 AM
[ReportManager] Initial window size: (800, 600) @11-02-2022 01:59:25.0501 AM
[ReportManager] Window size after SWD Maximize: (1176, 803) @11-02-2022 01:59:25.0514 AM
[ReportManager] Browser Action [MaximizeWindow] successfully performed. With the following test data [New screen size is now: (1176, 803)]. @11-02-2022 01:59:25.0515 AM
[ReportManager] Target URL: [http://the-internet.herokuapp.com/javascript_alerts] @11-02-2022 01:59:25.0515 AM
[ReportManager] Initial URL: [] @11-02-2022 01:59:25.0569 AM
[ReportManager] Browser Action [NavigateToURL] successfully performed. With the following test data [http://the-internet.herokuapp.com/javascript_alerts]. @11-02-2022 01:59:25.0984 A

################################################################################################################################################
Starting Execution:	[84 out of 165] test cases in the current suite
Test Method:		[testPackage01.TestJSAlertBox.getJSAlertText]
################################################################################################################################################
[ReportManager] Element Action [Click] successfully performed. With the following test data [By.xpath: //button[contains(text(),'Click for JS Alert')]]. @11-02-2022 01:59:26.0246 AM
[ReportManager] Alert is present @11-02-2022 01:59:26.0252 AM
[ReportManager] Alert Text is: [I am a JS Alert] @11-02-2022 01:59:26.0259 AM
[ReportManager] Element Action [GetAlertText] successfully performed. @11-02-2022 01:59:26.0260 AM
[ReportManager] Alert text is: [I am a JS Alert] @11-02-2022 01:59:26.0260 AM
[ReportManager] Alert is present @11-02-2022 01:59:26.0273 AM
[ReportManager] Alert Text is: [I am a JS Alert] @11-02-2022 01:59:26.0279 AM
[ReportManager] Element Action [GetAlertText] successfully performed. @11-02-2022 01:59:26.0280 AM
[ReportManager] Assertion Passed: Then I Assert that [I am a JS Alert] is equal to [I am a JS Alert]. @11-02-2022 01:59:26.0280 AM
[ReportManager] Assertion [ValidateEquals] PASSED. Expected [I am a JS Alert] and Actual [I am a JS Alert]. Comparison Type [EQUALS]. Validation Type [POSITIVE]. @11-02-2022 01:59:26.0280 A

################################################################################################################################################
Starting Execution:	[85 out of 165] test cases in the current suite
Test Method:		[testPackage01.TestJSAlertBox.acceptAlert]
################################################################################################################################################
[ReportManager] Alert is not present @11-02-2022 01:59:56.0840 AM
[ReportManager] Element Action [WaitForAlertToBePresent] failed. @11-02-2022 01:59:56.0944 AM
[ReportManager] Successfully created attachment [Screenshot - 1644544796865_acceptAlert_WaitForAlertToBePresent_failed] @11-02-2022 01:59:56.0945 A

################################################################################################################################################
Starting Execution:	[86 out of 165] test cases in the current suite
Test Method:		[testPackage01.TestJSAlertBox.assertOnConfirmAlertResultText]
###############################################################################################################################################
[ReportManager] Browser Action [CloseCurrentWindow] successfully performed. @11-02-2022 01:59:57.0275 AM
[ReportManager] Successfully created attachment [Browser Action Test Data - CloseCurrentWindow - Actual Value] @11-02-2022 01:59:57.0275 A

################################################################################################################################################
Starting Execution:	[87 out of 165] test cases in the current suite
Test Method:		[testPackage01.Test_checkJDKShellFilesGenerated.testJDKGeneratedSuccessfully]
################################################################################################################################################
[ReportManager] Configuring JDK @11-02-2022 01:59:57.0278 AM
[ReportManager] File Action [GetAbsolutePath] successfully performed. With the following test data [Relative File Path: "generateJdkMac.sh"]. @11-02-2022 01:59:57.0278 AM
[ReportManager] File Action [WriteToFile] successfully performed. With the following test data [Target File Path: "/Users/runner/work/SHAFT_ENGINE/SHAFT_ENGINE/generateJdkMac.sh"]. @11-02-2022 01:59:57.0278 AM
[ReportManager] Attempting to perform the following command locally. Command: [chmod u+x generateJdk.sh] @11-02-2022 01:59:57.0278 AM
[ReportManager] Terminal Action [PerformTerminalCommands] successfully performed. With the following test data [Host Name: "localHost" | Command: "chmod u+x generateJdk.sh" | Exit Status: "1"]. @11-02-2022 01:59:57.0287 AM
[ReportManager] Successfully created attachment [Terminal Action Actual Result - Command Log] @11-02-2022 01:59:57.0288 AM
[ReportManager] Assertion Passed: Then I Assert that [[#!/bin/bash, export JAVA_HOME=$(/usr/libexec/java_home), export PATH=$JAVA_HOME/bin:$PATH, source ~/.zshenv, echo $JAVA_HOME, echo $PATH, exec bash]] contains [JAVA_HOME=$(/usr/libexec/java_home)]. @11-02-2022 01:59:57.0289 AM
[ReportManager] Assertion [ValidateEquals] PASSED. Expected [JAVA_HOME=$(/usr/libexec/java_home)] and Actual [[#!/bin/bash, export JAVA_HOME=$(/usr/libexec/java_home), export PATH=$JAVA_HOME/bin:$PATH, source ~/.zshenv, echo $JAVA_HOME, echo $PATH, exec bash]]. Comparison Type [CONTAINS]. Validation Type [POSITIVE]. @11-02-2022 01:59:57.0289 A
[ReportManager] File Action [GetAbsolutePath] successfully performed. With the following test data [Relative Folder Path: "target/downloadedFiles/"]. @11-02-2022 01:59:57.0294 AM
[ReportManager] Attempting to run locally on: [Mac-64], [Safari], Headless Execution. @11-02-2022 01:59:57.0294 AM
[ReportManager] Successfully Opened Safari. @11-02-2022 01:59:58.0120 AM
[ReportManager] Initial window size: (800, 600) @11-02-2022 01:59:58.0148 AM
[ReportManager] Window size after SWD Maximize: (1176, 803) @11-02-2022 01:59:58.0175 AM
[ReportManager] Browser Action [MaximizeWindow] successfully performed. With the following test data [New screen size is now: (1176, 803)]. @11-02-2022 01:59:58.0176 AM
[ReportManager] Target URL: [http://the-internet.herokuapp.com/javascript_alerts] @11-02-2022 01:59:58.0176 AM
[ReportManager] Initial URL: [] @11-02-2022 01:59:58.0221 AM
[ReportManager] Browser Action [NavigateToURL] successfully performed. With the following test data [http://the-internet.herokuapp.com/javascript_alerts]. @11-02-2022 01:59:58.0638 A

################################################################################################################################################
Starting Execution:	[88 out of 165] test cases in the current suite
Test Method:		[testPackage01.TestJSConfirmBox.dismissAlert]
################################################################################################################################################
[ReportManager] Element Action [Click] successfully performed. With the following test data [By.xpath: //button[contains(text(),'Click for JS Confirm')]]. @11-02-2022 01:59:58.0844 AM
[ReportManager] Alert is present @11-02-2022 01:59:58.0850 AM
[ReportManager] Element Action [DismissAlert] successfully performed. @11-02-2022 01:59:58.0857 A

################################################################################################################################################
Starting Execution:	[89 out of 165] test cases in the current suite
Test Method:		[testPackage01.TestJSConfirmBox.assertOnCancelAlertResultText]
################################################################################################################################################
[ReportManager] Element Action [GetText] successfully performed. With the following test data [You clicked: Cancel]. @11-02-2022 01:59:58.0930 AM
[ReportManager] Assertion Passed: Then I Assert that the element found by [By.id: result] attribute [TEXT] is equal to [You clicked: Cancel]. @11-02-2022 01:59:59.0110 AM
[ReportManager] Successfully created attachment [Screenshot - 1644544799021_assertOnCancelAlertResultText_ValidateElementAttribute_passed] @11-02-2022 01:59:59.0112 AM
[ReportManager] Assertion [ValidateElementAttribute] PASSED. Expected [Value Should be 'You clicked: Cancel' for the 'text' attribute, element locator 'By.id: result'] and Actual [You clicked: Cancel]. Comparison Type [EQUALS]. Validation Type [POSITIVE]. @11-02-2022 01:59:59.0112 A

################################################################################################################################################
Starting Execution:	[90 out of 165] test cases in the current suite
Test Method:		[testPackage01.TestJSConfirmBox.getAlertText]
################################################################################################################################################
[ReportManager] Element Action [Click] successfully performed. With the following test data [By.xpath: //button[contains(text(),'Click for JS Confirm')]]. @11-02-2022 01:59:59.0312 AM
[ReportManager] Alert is present @11-02-2022 01:59:59.0318 AM
[ReportManager] Alert Text is: [I am a JS Confirm] @11-02-2022 01:59:59.0323 AM
[ReportManager] Element Action [GetAlertText] successfully performed. @11-02-2022 01:59:59.0323 AM
[ReportManager] Alert text is: [I am a JS Confirm] @11-02-2022 01:59:59.0323 AM
[ReportManager] Alert is present @11-02-2022 01:59:59.0336 AM
[ReportManager] Alert Text is: [I am a JS Confirm] @11-02-2022 01:59:59.0350 AM
[ReportManager] Element Action [GetAlertText] successfully performed. @11-02-2022 01:59:59.0350 AM
[ReportManager] Assertion Passed: Then I Assert that [I am a JS Confirm] is equal to [I am a JS Confirm]. @11-02-2022 01:59:59.0351 AM
[ReportManager] Assertion [ValidateEquals] PASSED. Expected [I am a JS Confirm] and Actual [I am a JS Confirm]. Comparison Type [EQUALS]. Validation Type [POSITIVE]. @11-02-2022 01:59:59.0351 A

################################################################################################################################################
Starting Execution:	[91 out of 165] test cases in the current suite
Test Method:		[testPackage01.TestJSConfirmBox.acceptAlert]
################################################################################################################################################
[ReportManager] Alert is not present @11-02-2022 02:00:29.0622 AM
[ReportManager] Element Action [WaitForAlertToBePresent] failed. @11-02-2022 02:00:29.0723 AM
[ReportManager] Successfully created attachment [Screenshot - 1644544829645_acceptAlert_WaitForAlertToBePresent_failed] @11-02-2022 02:00:29.0724 A

################################################################################################################################################
Starting Execution:	[92 out of 165] test cases in the current suite
Test Method:		[testPackage01.TestJSConfirmBox.assertOnConfirmAlertResultText]
###############################################################################################################################################
[ReportManager] Browser Action [CloseCurrentWindow] successfully performed. @11-02-2022 02:00:30.0054 AM
[ReportManager] Successfully created attachment [Browser Action Test Data - CloseCurrentWindow - Actual Value] @11-02-2022 02:00:30.0096 A

################################################################################################################################################
Starting Execution:	[93 out of 165] test cases in the current suite
Test Method:		[testPackage01.Test_NewValidationHelper.f1]
################################################################################################################################################
[ReportManager] Assertion Passed: Checking valid user data @11-02-2022 02:00:30.0099 AM
[ReportManager] Successfully created attachment [Validation Test Data - Expected Value] @11-02-2022 02:00:30.0100 AM
[ReportManager] Successfully created attachment [Validation Test Data - Actual Value] @11-02-2022 02:00:30.0100 AM
[ReportManager] Assertion [ValidateEquals] PASSED. Expected and Actual values are attached. Comparison Type [EQUALS]. Validation Type [POSITIVE]. @11-02-2022 02:00:30.0100 A
[ReportManager] File Action [GetAbsolutePath] successfully performed. With the following test data [Relative Folder Path: "target/downloadedFiles/"]. @11-02-2022 02:00:30.0104 AM
[ReportManager] Attempting to run locally on: [Mac-64], [Safari], Headless Execution. @11-02-2022 02:00:30.0104 AM
[ReportManager] Successfully Opened Safari. @11-02-2022 02:00:30.0922 AM
[ReportManager] Initial window size: (800, 600) @11-02-2022 02:00:30.0943 AM
[ReportManager] Window size after SWD Maximize: (1176, 803) @11-02-2022 02:00:30.0958 AM
[ReportManager] Browser Action [MaximizeWindow] successfully performed. With the following test data [New screen size is now: (1176, 803)]. @11-02-2022 02:00:30.0959 AM
[ReportManager] Target URL: [https://the-internet.herokuapp.com/] @11-02-2022 02:00:30.0959 AM
[ReportManager] Initial URL: [] @11-02-2022 02:00:31.0014 AM
[ReportManager] Browser Action [NavigateToURL] successfully performed. With the following test data [https://the-internet.herokuapp.com/]. @11-02-2022 02:00:31.0472 A

################################################################################################################################################
Starting Execution:	[94 out of 165] test cases in the current suite
Test Method:		[testPackage01.Test_NewValidationHelper.f10]
################################################################################################################################################
[ReportManager] Assertion [ValidateElementExists] FAILED. Expected [Element Should Exist, locator 'By.tagName: div'] and Actual [Element Exists but is not unique]. Comparison Type [EQUALS]. Validation Type [POSITIVE]. @11-02-2022 02:00:31.0703 AM
[ReportManager] Successfully created attachment [Screenshot - 1644544831627_f10_ValidateElementExists_failed] @11-02-2022 02:00:31.0705 A
[ReportManager] Successfully Closed All Drivers. @11-02-2022 02:00:31.0952 A
[ReportManager] File Action [GetAbsolutePath] successfully performed. With the following test data [Relative Folder Path: "target/downloadedFiles/"]. @11-02-2022 02:00:31.0954 AM
[ReportManager] Attempting to run locally on: [Mac-64], [Safari], Headless Execution. @11-02-2022 02:00:31.0954 AM
[ReportManager] Successfully Opened Safari. @11-02-2022 02:00:32.0780 AM
[ReportManager] Initial window size: (800, 600) @11-02-2022 02:00:32.0791 AM
[ReportManager] Window size after SWD Maximize: (1176, 803) @11-02-2022 02:00:32.0813 AM
[ReportManager] Browser Action [MaximizeWindow] successfully performed. With the following test data [New screen size is now: (1176, 803)]. @11-02-2022 02:00:32.0814 AM
[ReportManager] Target URL: [https://the-internet.herokuapp.com/] @11-02-2022 02:00:32.0814 AM
[ReportManager] Initial URL: [] @11-02-2022 02:00:32.0868 AM
[ReportManager] Browser Action [NavigateToURL] successfully performed. With the following test data [https://the-internet.herokuapp.com/]. @11-02-2022 02:00:33.0320 A

################################################################################################################################################
Starting Execution:	[95 out of 165] test cases in the current suite
Test Method:		[testPackage01.Test_NewValidationHelper.f11]
################################################################################################################################################
[ReportManager] org.openqa.selenium.TimeoutException:
Expected condition failed: waiting for com.shaft.gui.element.ElementActionsHelper$$Lambda$642/0x000000080114cb60@2c257485 (tried for 5 second(s) with 1000 milliseconds interval)
org.openqa.selenium.support.ui.FluentWait.timeoutException(FluentWait.java:263)
org.openqa.selenium.support.ui.FluentWait.until(FluentWait.java:231)
com.shaft.gui.element.ElementActionsHelper.waitForElementPresence(ElementActionsHelper.java:89)
com.shaft.gui.element.ElementActionsHelper.waitForElementPresence(ElementActionsHelper.java:37)
com.shaft.gui.element.WebDriverElementActions.getMatchingElementsCount(WebDriverElementActions.java:1481)
com.shaft.gui.element.WebDriverElementActions.getElementsCount(WebDriverElementActions.java:561)
com.shaft.gui.element.ElementActions.getElementsCount(ElementActions.java:269)
com.shaft.validation.ValidationsHelper.validateElementExists(ValidationsHelper.java:149)
com.shaft.validation.Assertions.assertElementExists(Assertions.java:118)
testPackage01.Test_NewValidationHelper.f11(Test_NewValidationHelper.java:137)
java.base/jdk.internal.reflect.NativeMethodAccessorImpl.invoke0(Native Method)
java.base/jdk.internal.reflect.NativeMethodAccessorImpl.invoke(NativeMethodAccessorImpl.java:77)
java.base/jdk.internal.reflect.DelegatingMethodAccessorImpl.invoke(DelegatingMethodAccessorImpl.java:43)
java.base/java.lang.reflect.Method.invoke(Method.java:568)
org.testng.internal.invokers.MethodInvocationHelper.invokeMethod(MethodInvocationHelper.java:135)
org.testng.internal.invokers.TestInvoker.invokeMethod(TestInvoker.java:673)
org.testng.internal.invokers.TestInvoker.invokeTestMethod(TestInvoker.java:220)
org.testng.internal.invokers.MethodRunner.runInSequence(MethodRunner.java:50)
org.testng.internal.invokers.TestInvoker$MethodInvocationAgent.invoke(TestInvoker.java:945)
org.testng.internal.invokers.TestInvoker.invokeTestMethods(TestInvoker.java:193)
org.testng.internal.invokers.TestMethodWorker.invokeTestMethods(TestMethodWorker.java:146)
org.testng.internal.invokers.TestMethodWorker.run(TestMethodWorker.java:128)
java.base/java.util.ArrayList.forEach(ArrayList.java:1511)
org.testng.TestRunner.privateRun(TestRunner.java:808)
org.testng.TestRunner.run(TestRunner.java:603)
org.testng.SuiteRunner.runTest(SuiteRunner.java:429)
org.testng.SuiteRunner.runSequentially(SuiteRunner.java:423)
org.testng.SuiteRunner.privateRun(SuiteRunner.java:383)
org.testng.SuiteRunner.run(SuiteRunner.java:326)
org.testng.SuiteRunnerWorker.runSuite(SuiteRunnerWorker.java:52)
org.testng.SuiteRunnerWorker.run(SuiteRunnerWorker.java:95)
org.testng.TestNG.runSuitesSequentially(TestNG.java:1249)
org.testng.TestNG.runSuitesLocally(TestNG.java:1169)
org.testng.TestNG.runSuites(TestNG.java:1092)
org.testng.TestNG.run(TestNG.java:1060)
org.apache.maven.surefire.testng.TestNGExecutor.run(TestNGExecutor.java:136)
org.apache.maven.surefire.testng.TestNGDirectoryTestSuite.executeMulti(TestNGDirectoryTestSuite.java:193)
org.apache.maven.surefire.testng.TestNGDirectoryTestSuite.execute(TestNGDirectoryTestSuite.java:94)
org.apache.maven.surefire.testng.TestNGProvider.invoke(TestNGProvider.java:145)
org.apache.maven.surefire.booter.ForkedBooter.runSuitesInProcess(ForkedBooter.java:428)
org.apache.maven.surefire.booter.ForkedBooter.execute(ForkedBooter.java:162)
org.apache.maven.surefire.booter.ForkedBooter.run(ForkedBooter.java:562)
org.apache.maven.surefire.booter.ForkedBooter.main(ForkedBooter.java:548)

Caused by: org.openqa.selenium.NoSuchElementException:
For documentation on this error, please visit: https://selenium.dev/exceptions/#no_such_element
Build info: version: '4.1.2', revision: '9a5a329c5a'
System info: host: 'Mac-1644544172745.local', ip: '10.212.23.52', os.name: 'Mac OS X', os.arch: 'x86_64', os.version: '11.6.3', java.version: '17.0.2'
Driver info: org.openqa.selenium.safari.SafariDriver
Command: [53CE9F67-B1F5-4DEF-A7A6-049A9EAF5C4E, findElement {using=tag name, value=h3}]
Capabilities {acceptInsecureCerts: false, browserName: Safari, browserVersion: 15.3, goog:loggingPrefs: {browser: ALL, client: ALL, driver: ALL, performance: ALL, profiler: ALL, server: ALL}, javascriptEnabled: true, pageLoadStrategy: normal, platform: MAC, platformName: MAC, safari:automaticInspection: false, safari:automaticProfiling: false, safari:diagnose: false, safari:platformBuildVersion: 20G415, safari:platformVersion: 11.6.3, safari:useSimulator: false, setWindowRect: true, strictFileInteractability: false, timeouts: {pageLoad: 30000, script: 30000}, webkit:WebRTC: {DisableICECandidateFiltering: false, DisableInsecureMediaCapture: false}}
Session ID: 53CE9F67-B1F5-4DEF-A7A6-049A9EAF5C4E
java.base/jdk.internal.reflect.NativeConstructorAccessorImpl.newInstance0(Native Method)
java.base/jdk.internal.reflect.NativeConstructorAccessorImpl.newInstance(NativeConstructorAccessorImpl.java:77)
java.base/jdk.internal.reflect.DelegatingConstructorAccessorImpl.newInstance(DelegatingConstructorAccessorImpl.java:45)
java.base/java.lang.reflect.Constructor.newInstanceWithCaller(Constructor.java:499)
java.base/java.lang.reflect.Constructor.newInstance(Constructor.java:480)
org.openqa.selenium.remote.codec.w3c.W3CHttpResponseCodec.createException(W3CHttpResponseCodec.java:200)
org.openqa.selenium.remote.codec.w3c.W3CHttpResponseCodec.decode(W3CHttpResponseCodec.java:133)
org.openqa.selenium.remote.codec.w3c.W3CHttpResponseCodec.decode(W3CHttpResponseCodec.java:53)
org.openqa.selenium.remote.HttpCommandExecutor.execute(HttpCommandExecutor.java:184)
org.openqa.selenium.remote.service.DriverCommandExecutor.invokeExecute(DriverCommandExecutor.java:167)
org.openqa.selenium.remote.service.DriverCommandExecutor.execute(DriverCommandExecutor.java:142)
org.openqa.selenium.remote.RemoteWebDriver.execute(RemoteWebDriver.java:558)
org.openqa.selenium.remote.ElementLocation$ElementFinder$2.findElement(ElementLocation.java:162)
org.openqa.selenium.remote.ElementLocation.findElement(ElementLocation.java:60)
org.openqa.selenium.remote.RemoteWebDriver.findElement(RemoteWebDriver.java:382)
org.openqa.selenium.remote.RemoteWebDriver.findElement(RemoteWebDriver.java:374)
com.shaft.gui.element.ElementActionsHelper.lambda$waitForElementPresence$0(ElementActionsHelper.java:92)
org.openqa.selenium.support.ui.FluentWait.until(FluentWait.java:208)
com.shaft.gui.element.ElementActionsHelper.waitForElementPresence(ElementActionsHelper.java:89)
com.shaft.gui.element.ElementActionsHelper.waitForElementPresence(ElementActionsHelper.java:37)
com.shaft.gui.element.WebDriverElementActions.getMatchingElementsCount(WebDriverElementActions.java:1481)
com.shaft.gui.element.WebDriverElementActions.getElementsCount(WebDriverElementActions.java:561)
com.shaft.gui.element.ElementActions.getElementsCount(ElementActions.java:269)
com.shaft.validation.ValidationsHelper.validateElementExists(ValidationsHelper.java:149)
com.shaft.validation.Assertions.assertElementExists(Assertions.java:118)
testPackage01.Test_NewValidationHelper.f11(Test_NewValidationHelper.java:137)
java.base/jdk.internal.reflect.NativeMethodAccessorImpl.invoke0(Native Method)
java.base/jdk.internal.reflect.NativeMethodAccessorImpl.invoke(NativeMethodAccessorImpl.java:77)
java.base/jdk.internal.reflect.DelegatingMethodAccessorImpl.invoke(DelegatingMethodAccessorImpl.java:43)
java.base/java.lang.reflect.Method.invoke(Method.java:568)
org.testng.internal.invokers.MethodInvocationHelper.invokeMethod(MethodInvocationHelper.java:135)
org.testng.internal.invokers.TestInvoker.invokeMethod(TestInvoker.java:673)
org.testng.internal.invokers.TestInvoker.invokeTestMethod(TestInvoker.java:220)
org.testng.internal.invokers.MethodRunner.runInSequence(MethodRunner.java:50)
org.testng.internal.invokers.TestInvoker$MethodInvocationAgent.invoke(TestInvoker.java:945)
org.testng.internal.invokers.TestInvoker.invokeTestMethods(TestInvoker.java:193)
org.testng.internal.invokers.TestMethodWorker.invokeTestMethods(TestMethodWorker.java:146)
org.testng.internal.invokers.TestMethodWorker.run(TestMethodWorker.java:128)
java.base/java.util.ArrayList.forEach(ArrayList.java:1511)
org.testng.TestRunner.privateRun(TestRunner.java:808)
org.testng.TestRunner.run(TestRunner.java:603)
org.testng.SuiteRunner.runTest(SuiteRunner.java:429)
org.testng.SuiteRunner.runSequentially(SuiteRunner.java:423)
org.testng.SuiteRunner.privateRun(SuiteRunner.java:383)
org.testng.SuiteRunner.run(SuiteRunner.java:326)
org.testng.SuiteRunnerWorker.runSuite(SuiteRunnerWorker.java:52)
org.testng.SuiteRunnerWorker.run(SuiteRunnerWorker.java:95)
org.testng.TestNG.runSuitesSequentially(TestNG.java:1249)
org.testng.TestNG.runSuitesLocally(TestNG.java:1169)
org.testng.TestNG.runSuites(TestNG.java:1092)
org.testng.TestNG.run(TestNG.java:1060)
org.apache.maven.surefire.testng.TestNGExecutor.run(TestNGExecutor.java:136)
org.apache.maven.surefire.testng.TestNGDirectoryTestSuite.executeMulti(TestNGDirectoryTestSuite.java:193)
org.apache.maven.surefire.testng.TestNGDirectoryTestSuite.execute(TestNGDirectoryTestSuite.java:94)
org.apache.maven.surefire.testng.TestNGProvider.invoke(TestNGProvider.java:145)
org.apache.maven.surefire.booter.ForkedBooter.runSuitesInProcess(ForkedBooter.java:428)
org.apache.maven.surefire.booter.ForkedBooter.execute(ForkedBooter.java:162)
org.apache.maven.surefire.booter.ForkedBooter.run(ForkedBooter.java:562)
org.apache.maven.surefire.booter.ForkedBooter.main(ForkedBooter.java:548) @11-02-2022 02:00:38.0752 AM
[ReportManager] org.openqa.selenium.TimeoutException:
Expected condition failed: waiting for com.shaft.gui.element.ElementActionsHelper$$Lambda$642/0x000000080114cb60@49844b14 (tried for 5 second(s) with 1000 milliseconds interval)
org.openqa.selenium.support.ui.FluentWait.timeoutException(FluentWait.java:263)
org.openqa.selenium.support.ui.FluentWait.until(FluentWait.java:231)
com.shaft.gui.element.ElementActionsHelper.waitForElementPresence(ElementActionsHelper.java:89)
com.shaft.gui.element.ElementActionsHelper.waitForElementPresence(ElementActionsHelper.java:37)
com.shaft.gui.element.WebDriverElementActions.getMatchingElementsCount(WebDriverElementActions.java:1481)
com.shaft.gui.element.WebDriverElementActions.getElementsCount(WebDriverElementActions.java:561)
com.shaft.gui.element.ElementActions.getElementsCount(ElementActions.java:269)
com.shaft.gui.image.ScreenshotManager.internalCaptureScreenShot(ScreenshotManager.java:385)
com.shaft.gui.image.ScreenshotManager.captureScreenShot(ScreenshotManager.java:141)
com.shaft.validation.ValidationsHelper.reportValidationState(ValidationsHelper.java:823)
com.shaft.validation.ValidationsHelper.pass(ValidationsHelper.java:564)
com.shaft.validation.ValidationsHelper.validateElementExists(ValidationsHelper.java:166)
com.shaft.validation.Assertions.assertElementExists(Assertions.java:118)
testPackage01.Test_NewValidationHelper.f11(Test_NewValidationHelper.java:137)
java.base/jdk.internal.reflect.NativeMethodAccessorImpl.invoke0(Native Method)
java.base/jdk.internal.reflect.NativeMethodAccessorImpl.invoke(NativeMethodAccessorImpl.java:77)
java.base/jdk.internal.reflect.DelegatingMethodAccessorImpl.invoke(DelegatingMethodAccessorImpl.java:43)
java.base/java.lang.reflect.Method.invoke(Method.java:568)
org.testng.internal.invokers.MethodInvocationHelper.invokeMethod(MethodInvocationHelper.java:135)
org.testng.internal.invokers.TestInvoker.invokeMethod(TestInvoker.java:673)
org.testng.internal.invokers.TestInvoker.invokeTestMethod(TestInvoker.java:220)
org.testng.internal.invokers.MethodRunner.runInSequence(MethodRunner.java:50)
org.testng.internal.invokers.TestInvoker$MethodInvocationAgent.invoke(TestInvoker.java:945)
org.testng.internal.invokers.TestInvoker.invokeTestMethods(TestInvoker.java:193)
org.testng.internal.invokers.TestMethodWorker.invokeTestMethods(TestMethodWorker.java:146)
org.testng.internal.invokers.TestMethodWorker.run(TestMethodWorker.java:128)
java.base/java.util.ArrayList.forEach(ArrayList.java:1511)
org.testng.TestRunner.privateRun(TestRunner.java:808)
org.testng.TestRunner.run(TestRunner.java:603)
org.testng.SuiteRunner.runTest(SuiteRunner.java:429)
org.testng.SuiteRunner.runSequentially(SuiteRunner.java:423)
org.testng.SuiteRunner.privateRun(SuiteRunner.java:383)
org.testng.SuiteRunner.run(SuiteRunner.java:326)
org.testng.SuiteRunnerWorker.runSuite(SuiteRunnerWorker.java:52)
org.testng.SuiteRunnerWorker.run(SuiteRunnerWorker.java:95)
org.testng.TestNG.runSuitesSequentially(TestNG.java:1249)
org.testng.TestNG.runSuitesLocally(TestNG.java:1169)
org.testng.TestNG.runSuites(TestNG.java:1092)
org.testng.TestNG.run(TestNG.java:1060)
org.apache.maven.surefire.testng.TestNGExecutor.run(TestNGExecutor.java:136)
org.apache.maven.surefire.testng.TestNGDirectoryTestSuite.executeMulti(TestNGDirectoryTestSuite.java:193)
org.apache.maven.surefire.testng.TestNGDirectoryTestSuite.execute(TestNGDirectoryTestSuite.java:94)
org.apache.maven.surefire.testng.TestNGProvider.invoke(TestNGProvider.java:145)
org.apache.maven.surefire.booter.ForkedBooter.runSuitesInProcess(ForkedBooter.java:428)
org.apache.maven.surefire.booter.ForkedBooter.execute(ForkedBooter.java:162)
org.apache.maven.surefire.booter.ForkedBooter.run(ForkedBooter.java:562)
org.apache.maven.surefire.booter.ForkedBooter.main(ForkedBooter.java:548)

Caused by: org.openqa.selenium.NoSuchElementException:
For documentation on this error, please visit: https://selenium.dev/exceptions/#no_such_element
Build info: version: '4.1.2', revision: '9a5a329c5a'
System info: host: 'Mac-1644544172745.local', ip: '10.212.23.52', os.name: 'Mac OS X', os.arch: 'x86_64', os.version: '11.6.3', java.version: '17.0.2'
Driver info: org.openqa.selenium.safari.SafariDriver
Command: [53CE9F67-B1F5-4DEF-A7A6-049A9EAF5C4E, findElement {using=tag name, value=h3}]
Capabilities {acceptInsecureCerts: false, browserName: Safari, browserVersion: 15.3, goog:loggingPrefs: {browser: ALL, client: ALL, driver: ALL, performance: ALL, profiler: ALL, server: ALL}, javascriptEnabled: true, pageLoadStrategy: normal, platform: MAC, platformName: MAC, safari:automaticInspection: false, safari:automaticProfiling: false, safari:diagnose: false, safari:platformBuildVersion: 20G415, safari:platformVersion: 11.6.3, safari:useSimulator: false, setWindowRect: true, strictFileInteractability: false, timeouts: {pageLoad: 30000, script: 30000}, webkit:WebRTC: {DisableICECandidateFiltering: false, DisableInsecureMediaCapture: false}}
Session ID: 53CE9F67-B1F5-4DEF-A7A6-049A9EAF5C4E
jdk.internal.reflect.GeneratedConstructorAccessor71.newInstance(Unknown Source)
java.base/jdk.internal.reflect.DelegatingConstructorAccessorImpl.newInstance(DelegatingConstructorAccessorImpl.java:45)
java.base/java.lang.reflect.Constructor.newInstanceWithCaller(Constructor.java:499)
java.base/java.lang.reflect.Constructor.newInstance(Constructor.java:480)
org.openqa.selenium.remote.codec.w3c.W3CHttpResponseCodec.createException(W3CHttpResponseCodec.java:200)
org.openqa.selenium.remote.codec.w3c.W3CHttpResponseCodec.decode(W3CHttpResponseCodec.java:133)
org.openqa.selenium.remote.codec.w3c.W3CHttpResponseCodec.decode(W3CHttpResponseCodec.java:53)
org.openqa.selenium.remote.HttpCommandExecutor.execute(HttpCommandExecutor.java:184)
org.openqa.selenium.remote.service.DriverCommandExecutor.invokeExecute(DriverCommandExecutor.java:167)
org.openqa.selenium.remote.service.DriverCommandExecutor.execute(DriverCommandExecutor.java:142)
org.openqa.selenium.remote.RemoteWebDriver.execute(RemoteWebDriver.java:558)
org.openqa.selenium.remote.ElementLocation$ElementFinder$2.findElement(ElementLocation.java:162)
org.openqa.selenium.remote.ElementLocation.findElement(ElementLocation.java:60)
org.openqa.selenium.remote.RemoteWebDriver.findElement(RemoteWebDriver.java:382)
org.openqa.selenium.remote.RemoteWebDriver.findElement(RemoteWebDriver.java:374)
com.shaft.gui.element.ElementActionsHelper.lambda$waitForElementPresence$0(ElementActionsHelper.java:92)
org.openqa.selenium.support.ui.FluentWait.until(FluentWait.java:208)
com.shaft.gui.element.ElementActionsHelper.waitForElementPresence(ElementActionsHelper.java:89)
com.shaft.gui.element.ElementActionsHelper.waitForElementPresence(ElementActionsHelper.java:37)
com.shaft.gui.element.WebDriverElementActions.getMatchingElementsCount(WebDriverElementActions.java:1481)
com.shaft.gui.element.WebDriverElementActions.getElementsCount(WebDriverElementActions.java:561)
com.shaft.gui.element.ElementActions.getElementsCount(ElementActions.java:269)
com.shaft.gui.image.ScreenshotManager.internalCaptureScreenShot(ScreenshotManager.java:385)
com.shaft.gui.image.ScreenshotManager.captureScreenShot(ScreenshotManager.java:141)
com.shaft.validation.ValidationsHelper.reportValidationState(ValidationsHelper.java:823)
com.shaft.validation.ValidationsHelper.pass(ValidationsHelper.java:564)
com.shaft.validation.ValidationsHelper.validateElementExists(ValidationsHelper.java:166)
com.shaft.validation.Assertions.assertElementExists(Assertions.java:118)
testPackage01.Test_NewValidationHelper.f11(Test_NewValidationHelper.java:137)
java.base/jdk.internal.reflect.NativeMethodAccessorImpl.invoke0(Native Method)
java.base/jdk.internal.reflect.NativeMethodAccessorImpl.invoke(NativeMethodAccessorImpl.java:77)
java.base/jdk.internal.reflect.DelegatingMethodAccessorImpl.invoke(DelegatingMethodAccessorImpl.java:43)
java.base/java.lang.reflect.Method.invoke(Method.java:568)
org.testng.internal.invokers.MethodInvocationHelper.invokeMethod(MethodInvocationHelper.java:135)
org.testng.internal.invokers.TestInvoker.invokeMethod(TestInvoker.java:673)
org.testng.internal.invokers.TestInvoker.invokeTestMethod(TestInvoker.java:220)
org.testng.internal.invokers.MethodRunner.runInSequence(MethodRunner.java:50)
org.testng.internal.invokers.TestInvoker$MethodInvocationAgent.invoke(TestInvoker.java:945)
org.testng.internal.invokers.TestInvoker.invokeTestMethods(TestInvoker.java:193)
org.testng.internal.invokers.TestMethodWorker.invokeTestMethods(TestMethodWorker.java:146)
org.testng.internal.invokers.TestMethodWorker.run(TestMethodWorker.java:128)
java.base/java.util.ArrayList.forEach(ArrayList.java:1511)
org.testng.TestRunner.privateRun(TestRunner.java:808)
org.testng.TestRunner.run(TestRunner.java:603)
org.testng.SuiteRunner.runTest(SuiteRunner.java:429)
org.testng.SuiteRunner.runSequentially(SuiteRunner.java:423)
org.testng.SuiteRunner.privateRun(SuiteRunner.java:383)
org.testng.SuiteRunner.run(SuiteRunner.java:326)
org.testng.SuiteRunnerWorker.runSuite(SuiteRunnerWorker.java:52)
org.testng.SuiteRunnerWorker.run(SuiteRunnerWorker.java:95)
org.testng.TestNG.runSuitesSequentially(TestNG.java:1249)
org.testng.TestNG.runSuitesLocally(TestNG.java:1169)
org.testng.TestNG.runSuites(TestNG.java:1092)
org.testng.TestNG.run(TestNG.java:1060)
org.apache.maven.surefire.testng.TestNGExecutor.run(TestNGExecutor.java:136)
org.apache.maven.surefire.testng.TestNGDirectoryTestSuite.executeMulti(TestNGDirectoryTestSuite.java:193)
org.apache.maven.surefire.testng.TestNGDirectoryTestSuite.execute(TestNGDirectoryTestSuite.java:94)
org.apache.maven.surefire.testng.TestNGProvider.invoke(TestNGProvider.java:145)
org.apache.maven.surefire.booter.ForkedBooter.runSuitesInProcess(ForkedBooter.java:428)
org.apache.maven.surefire.booter.ForkedBooter.execute(ForkedBooter.java:162)
org.apache.maven.surefire.booter.ForkedBooter.run(ForkedBooter.java:562)
org.apache.maven.surefire.booter.ForkedBooter.main(ForkedBooter.java:548) @11-02-2022 02:00:44.0123 AM
[ReportManager] Assertion Passed: Checking that false tag doesn't exist @11-02-2022 02:00:44.0226 AM
[ReportManager] Successfully created attachment [Screenshot - 1644544844149_f11_ValidateElementExists_passed] @11-02-2022 02:00:44.0227 AM
[ReportManager] Assertion [ValidateElementExists] PASSED. Expected [Element Should not Exist, locator 'By.tagName: h3'] and Actual [Element Doesn't Exists]. Comparison Type [EQUALS]. Validation Type [NEGATIVE]. @11-02-2022 02:00:44.0227 A
[ReportManager] Successfully Closed All Drivers. @11-02-2022 02:00:44.0492 A
[ReportManager] File Action [GetAbsolutePath] successfully performed. With the following test data [Relative Folder Path: "target/downloadedFiles/"]. @11-02-2022 02:00:44.0496 AM
[ReportManager] Attempting to run locally on: [Mac-64], [Safari], Headless Execution. @11-02-2022 02:00:44.0496 AM
[ReportManager] An Exception Occured with this Message: Could not start a new session. Possible causes are invalid address of the remote server or browser start-up failure.. @11-02-2022 02:00:44.0631 AM
[ReportManager] Successfully created attachment [Exception Stack Trace - org.openqa.selenium.SessionNotCreatedException] @11-02-2022 02:00:44.0631 AM
[ReportManager] Driver Factory Action [createNewLocalDriverInstanceForSafari] failed. With the following test data [Failed to create a session on DESKTOP_SAFARI]. @11-02-2022 02:00:44.0632 A

################################################################################################################################################
Starting Execution:	[96 out of 165] test cases in the current suite
Test Method:		[testPackage01.Test_NewValidationHelper.f12]
###############################################################################################################################################



################################################################################################################################################
Starting Execution:	[97 out of 165] test cases in the current suite
Test Method:		[testPackage01.Test_NewValidationHelper.f13]
###############################################################################################################################################



################################################################################################################################################
Starting Execution:	[98 out of 165] test cases in the current suite
Test Method:		[testPackage01.Test_NewValidationHelper.f14]
###############################################################################################################################################



################################################################################################################################################
Starting Execution:	[99 out of 165] test cases in the current suite
Test Method:		[testPackage01.Test_NewValidationHelper.f15]
###############################################################################################################################################



################################################################################################################################################
Starting Execution:	[100 out of 165] test cases in the current suite
Test Method:		[testPackage01.Test_NewValidationHelper.f16]
###############################################################################################################################################



################################################################################################################################################
Starting Execution:	[101 out of 165] test cases in the current suite
Test Method:		[testPackage01.Test_NewValidationHelper.f17]
###############################################################################################################################################



################################################################################################################################################
Starting Execution:	[102 out of 165] test cases in the current suite
Test Method:		[testPackage01.Test_NewValidationHelper.f18]
###############################################################################################################################################


################################################################################################################################################
Starting Execution:	[103 out of 165] test cases in the current suite
Test Method:		[testPackage01.Test_NewValidationHelper.f2]
###############################################################################################################################################


################################################################################################################################################
Starting Execution:	[104 out of 165] test cases in the current suite
Test Method:		[testPackage01.Test_NewValidationHelper.f20]
###############################################################################################################################################



################################################################################################################################################
Starting Execution:	[105 out of 165] test cases in the current suite
Test Method:		[testPackage01.Test_NewValidationHelper.f21]
###############################################################################################################################################



################################################################################################################################################
Starting Execution:	[106 out of 165] test cases in the current suite
Test Method:		[testPackage01.Test_NewValidationHelper.f22]
###############################################################################################################################################


################################################################################################################################################
Starting Execution:	[107 out of 165] test cases in the current suite
Test Method:		[testPackage01.Test_NewValidationHelper.f23]
###############################################################################################################################################

################################################################################################################################################
Starting Execution:	[108 out of 165] test cases in the current suite
Test Method:		[testPackage01.Test_NewValidationHelper.f24]
###############################################################################################################################################

################################################################################################################################################
Starting Execution:	[109 out of 165] test cases in the current suite
Test Method:		[testPackage01.Test_NewValidationHelper.f25]
###############################################################################################################################################

################################################################################################################################################
Starting Execution:	[110 out of 165] test cases in the current suite
Test Method:		[testPackage01.Test_NewValidationHelper.f26]
###############################################################################################################################################

################################################################################################################################################
Starting Execution:	[111 out of 165] test cases in the current suite
Test Method:		[testPackage01.Test_NewValidationHelper.f27]
###############################################################################################################################################

################################################################################################################################################
Starting Execution:	[112 out of 165] test cases in the current suite
Test Method:		[testPackage01.Test_NewValidationHelper.f28]
###############################################################################################################################################

################################################################################################################################################
Starting Execution:	[113 out of 165] test cases in the current suite
Test Method:		[testPackage01.Test_NewValidationHelper.f29]
###############################################################################################################################################

################################################################################################################################################
Starting Execution:	[114 out of 165] test cases in the current suite
Test Method:		[testPackage01.Test_NewValidationHelper.f3]
###############################################################################################################################################

################################################################################################################################################
Starting Execution:	[115 out of 165] test cases in the current suite
Test Method:		[testPackage01.Test_NewValidationHelper.f30]
###############################################################################################################################################

################################################################################################################################################
Starting Execution:	[116 out of 165] test cases in the current suite
Test Method:		[testPackage01.Test_NewValidationHelper.f31]
###############################################################################################################################################

################################################################################################################################################
Starting Execution:	[117 out of 165] test cases in the current suite
Test Method:		[testPackage01.Test_NewValidationHelper.f32]
###############################################################################################################################################

################################################################################################################################################
Starting Execution:	[118 out of 165] test cases in the current suite
Test Method:		[testPackage01.Test_NewValidationHelper.f33]
###############################################################################################################################################

################################################################################################################################################
Starting Execution:	[119 out of 165] test cases in the current suite
Test Method:		[testPackage01.Test_NewValidationHelper.f34]
###############################################################################################################################################

################################################################################################################################################
Starting Execution:	[120 out of 165] test cases in the current suite
Test Method:		[testPackage01.Test_NewValidationHelper.f35]
###############################################################################################################################################

################################################################################################################################################
Starting Execution:	[121 out of 165] test cases in the current suite
Test Method:		[testPackage01.Test_NewValidationHelper.f36]
###############################################################################################################################################

################################################################################################################################################
Starting Execution:	[122 out of 165] test cases in the current suite
Test Method:		[testPackage01.Test_NewValidationHelper.f37]
###############################################################################################################################################

################################################################################################################################################
Starting Execution:	[123 out of 165] test cases in the current suite
Test Method:		[testPackage01.Test_NewValidationHelper.f3_1]
###############################################################################################################################################

################################################################################################################################################
Starting Execution:	[124 out of 165] test cases in the current suite
Test Method:		[testPackage01.Test_NewValidationHelper.f4]
###############################################################################################################################################

################################################################################################################################################
Starting Execution:	[125 out of 165] test cases in the current suite
Test Method:		[testPackage01.Test_NewValidationHelper.f5]
###############################################################################################################################################

################################################################################################################################################
Starting Execution:	[126 out of 165] test cases in the current suite
Test Method:		[testPackage01.Test_NewValidationHelper.f6]
###############################################################################################################################################

################################################################################################################################################
Starting Execution:	[127 out of 165] test cases in the current suite
Test Method:		[testPackage01.Test_NewValidationHelper.f6_1]
###############################################################################################################################################

################################################################################################################################################
Starting Execution:	[128 out of 165] test cases in the current suite
Test Method:		[testPackage01.Test_NewValidationHelper.f6_2]
###############################################################################################################################################

################################################################################################################################################
Starting Execution:	[129 out of 165] test cases in the current suite
Test Method:		[testPackage01.Test_NewValidationHelper.f7]
###############################################################################################################################################


################################################################################################################################################
Starting Execution:	[130 out of 165] test cases in the current suite
Test Method:		[testPackage01.Test_NewValidationHelper.f8]
###############################################################################################################################################



################################################################################################################################################
Starting Execution:	[131 out of 165] test cases in the current suite
Test Method:		[testPackage01.Test_NewValidationHelper.f9]
###############################################################################################################################################


################################################################################################################################################
Starting Execution:	[132 out of 165] test cases in the current suite
Test Method:		[testPackage01.Test_NewValidationHelper.forceFail]
###############################################################################################################################################

################################################################################################################################################
Starting Execution:	[133 out of 165] test cases in the current suite
Test Method:		[testPackage01.Test_NewValidationHelper.forceFail2]
###############################################################################################################################################

################################################################################################################################################
Starting Execution:	[134 out of 165] test cases in the current suite
Test Method:		[testPackage01.Test_JsonActions.f]
###############################################################################################################################################

################################################################################################################################################
Starting Execution:	[135 out of 165] test cases in the current suite
Test Method:		[testPackage01.Test_JsonActions.f2]
###############################################################################################################################################

################################################################################################################################################
Starting Execution:	[136 out of 165] test cases in the current suite
Test Method:		[testPackage01.Test_sendGraphqlRequest.sendGraphqlRequestUsingMutationAndVariables]
################################################################################################################################################
[ReportManager] GraphQl Request is being Performed with the Following Parameters [Service URL: https://api.spacex.land/graphql | Request Body: {"variables":"{\"name\": \"sherlock holmes\",\"rocket\": \"221B Baker Street\"}","query":"mutation ($name: String, $rocket: String) {\n  insert_users(objects: {name: $name, rocket: $rocket}) {\n    returning {\n      name\n      rocket\n    }\n  }\n}"}] @11-02-2022 02:00:45.0346 AM
[ReportManager] Response status code: [200], status line: [HTTP/1.1 200 OK] @11-02-2022 02:00:52.0013 AM
[ReportManager] Assertion Passed: Evaluating the actual response status code against the expected one... @11-02-2022 02:00:52.0014 AM
[ReportManager] Assertion [ValidateComparativeRelation] PASSED. Expected [200] and Actual [200]. Comparison Type [EQUALS]. Validation Type [POSITIVE]. @11-02-2022 02:00:52.0014 AM
[ReportManager] API Action [PerformRequest] successfully performed. With the following test data [Request Type: "POST" | Target Status Code: "200" | Service URL: "https://api.spacex.land/graphql" | Content Type: "application/json" | Response Time: "6593ms"]. @11-02-2022 02:00:52.0046 AM
[ReportManager] Successfully created attachment [API Request - Specifications] @11-02-2022 02:00:52.0046 AM
[ReportManager] Successfully created attachment [API Request - JSON Body] @11-02-2022 02:00:52.0047 AM
[ReportManager] Successfully created attachment [API Response - JSON Body] @11-02-2022 02:00:52.0048 AM
[ReportManager] API Action [GetResponseJSONValue] successfully performed. With the following test data [data.insert_users.returning[0].name]. @11-02-2022 02:00:52.0093 AM
[ReportManager] Assertion [ValidateEquals] PASSED. Expected [sherlock holmes] and Actual [sherlock holmes]. Comparison Type [EQUALS]. Validation Type [POSITIVE]. @11-02-2022 02:00:52.0094 A

################################################################################################################################################
Starting Execution:	[137 out of 165] test cases in the current suite
Test Method:		[testPackage01.Test_sendGraphqlRequest.sendGraphqlRequestUsingQuery]
################################################################################################################################################
[ReportManager] GraphQl Request is being Performed with the Following Parameters [Service URL: https://api.spacex.land/graphql | Request Body: {"query":"{company {ceo}}"}] @11-02-2022 02:00:52.0098 AM
[ReportManager] Response status code: [200], status line: [HTTP/1.1 200 OK] @11-02-2022 02:00:52.0181 AM
[ReportManager] Assertion Passed: Evaluating the actual response status code against the expected one... @11-02-2022 02:00:52.0181 AM
[ReportManager] Assertion [ValidateComparativeRelation] PASSED. Expected [200] and Actual [200]. Comparison Type [EQUALS]. Validation Type [POSITIVE]. @11-02-2022 02:00:52.0182 AM
[ReportManager] API Action [PerformRequest] successfully performed. With the following test data [Request Type: "POST" | Target Status Code: "200" | Service URL: "https://api.spacex.land/graphql" | Content Type: "application/json" | Response Time: "78ms"]. @11-02-2022 02:00:52.0195 AM
[ReportManager] Successfully created attachment [API Request - Specifications] @11-02-2022 02:00:52.0195 AM
[ReportManager] Successfully created attachment [API Request - JSON Body] @11-02-2022 02:00:52.0196 AM
[ReportManager] Successfully created attachment [API Response - JSON Body] @11-02-2022 02:00:52.0197 AM
[ReportManager] API Action [GetResponseJSONValue] successfully performed. With the following test data [data.company.ceo]. @11-02-2022 02:00:52.0208 AM
[ReportManager] Assertion [ValidateEquals] PASSED. Expected [Elon Musk] and Actual [Elon Musk]. Comparison Type [EQUALS]. Validation Type [POSITIVE]. @11-02-2022 02:00:52.0208 A

################################################################################################################################################
Starting Execution:	[138 out of 165] test cases in the current suite
Test Method:		[testPackage01.Test_MatchJsonSchema.checkAPI_ResponseSchema]
################################################################################################################################################
[ReportManager] Response status code: [200], status line: [HTTP/1.1 200 OK] @11-02-2022 02:00:52.0312 AM
[ReportManager] Assertion Passed: Evaluating the actual response status code against the expected one... @11-02-2022 02:00:52.0312 AM
[ReportManager] Assertion [ValidateComparativeRelation] PASSED. Expected [200] and Actual [200]. Comparison Type [EQUALS]. Validation Type [POSITIVE]. @11-02-2022 02:00:52.0312 AM
[ReportManager] API Action [PerformRequest] successfully performed. With the following test data [Request Type: "GET" | Target Status Code: "200" | Service URL: "http://api.zippopotam.us/us/90210" | Content Type: "*/*" | Response Time: "94ms"]. @11-02-2022 02:00:52.0325 AM
[ReportManager] Successfully created attachment [API Request - Specifications] @11-02-2022 02:00:52.0326 AM
[ReportManager] Successfully created attachment [API Response - JSON Body] @11-02-2022 02:00:52.0326 AM
[ReportManager] File Action [GetAbsolutePath] successfully performed. With the following test data [Relative Folder Path: "src/test/resources/testDataFiles/schema.json"]. @11-02-2022 02:00:52.0327 AM
[ReportManager] File Action [GetAbsolutePath] successfully performed. With the following test data [Relative Folder Path: "/Users/runner/work/SHAFT_ENGINE/SHAFT_ENGINE/src/test/resources/testDataFiles/schema.json"]. @11-02-2022 02:00:53.0606 AM
[ReportManager] File Action [ReadFromFile] successfully performed. With the following test data [File Path: "/Users/runner/work/SHAFT_ENGINE/SHAFT_ENGINE/src/test/resources/testDataFiles/schema.json"]. @11-02-2022 02:00:53.0607 AM
[ReportManager] Assertion Passed: Then I Assert that the API response schema matches that in this file [src/test/resources/testDataFiles/schema.json]. @11-02-2022 02:00:53.0608 AM
[ReportManager] Successfully created attachment [Validation Test Data - Expected JSON Value] @11-02-2022 02:00:53.0649 AM
[ReportManager] Successfully created attachment [Validation Test Data - Actual JSON Value] @11-02-2022 02:00:53.0731 AM
[ReportManager] Assertion [ValidateResponseFileSchema] PASSED. Expected [Response data should match the JSON File in this path '/Users/runner/work/SHAFT_ENGINE/SHAFT_ENGINE/src/test/resources/testDataFiles/schema.json'] and Actual [TRUE]. Comparison Type [EQUALS]. Validation Type [POSITIVE]. @11-02-2022 02:00:53.0731 A
[ReportManager] File Action [GetAbsolutePath] successfully performed. With the following test data [Relative Folder Path: "target/downloadedFiles/"]. @11-02-2022 02:00:53.0857 AM
[ReportManager] Attempting to run locally on: [Mac-64], [Safari], Headless Execution. @11-02-2022 02:00:53.0857 AM
[ReportManager] Successfully Opened Safari. @11-02-2022 02:00:54.0811 AM
[ReportManager] Initial window size: (800, 600) @11-02-2022 02:00:54.0824 AM
[ReportManager] Window size after SWD Maximize: (1176, 803) @11-02-2022 02:00:54.0845 AM
[ReportManager] Browser Action [MaximizeWindow] successfully performed. With the following test data [New screen size is now: (1176, 803)]. @11-02-2022 02:00:54.0846 A

################################################################################################################################################
Starting Execution:	[139 out of 165] test cases in the current suite
Test Method:		[testPackage01.Test_dragAndDrop.dragAndDropJquery]
################################################################################################################################################
[ReportManager] Target URL: [https://jqueryui.com/resources/demos/droppable/default.html] @11-02-2022 02:00:54.0899 AM
[ReportManager] Initial URL: [] @11-02-2022 02:00:54.0938 AM
[ReportManager] Browser Action [NavigateToURL] successfully performed. With the following test data [https://jqueryui.com/resources/demos/droppable/default.html]. @11-02-2022 02:00:55.0278 AM
[ReportManager] Element Action [GetText] successfully performed. With the following test data [
	Drop here
]. @11-02-2022 02:00:55.0354 AM
[ReportManager] Element Action [DragAndDrop] successfully performed. With the following test data [Start point: (8, 18), End point: (8, 18)]. @11-02-2022 02:00:56.0442 AM
[ReportManager] Element Action [GetText] successfully performed. With the following test data [
	Dropped!
]. @11-02-2022 02:00:56.0478 AM
[ReportManager] Assertion Passed: Checking to see if the text has changed after performing drag and drop @11-02-2022 02:00:56.0478 AM
[ReportManager] Assertion [ValidateEquals] PASSED. Expected [
	Drop here
] and Actual [
	Dropped!
]. Comparison Type [EQUALS]. Validation Type [NEGATIVE]. @11-02-2022 02:00:56.0478 A
[ReportManager] Browser Action [CloseCurrentWindow] successfully performed. @11-02-2022 02:00:56.0697 AM
[ReportManager] Successfully created attachment [Browser Action Test Data - CloseCurrentWindow - Actual Value] @11-02-2022 02:00:56.0698 A
[ReportManager] File Action [GetAbsolutePath] successfully performed. With the following test data [Relative Folder Path: "target/downloadedFiles/"]. @11-02-2022 02:00:56.0700 AM
[ReportManager] Attempting to run locally on: [Mac-64], [Safari], Headless Execution. @11-02-2022 02:00:56.0700 AM
[ReportManager] Successfully Opened Safari. @11-02-2022 02:00:57.0535 AM
[ReportManager] Initial window size: (800, 600) @11-02-2022 02:00:57.0556 AM
[ReportManager] Window size after SWD Maximize: (1176, 803) @11-02-2022 02:00:57.0584 AM
[ReportManager] Browser Action [MaximizeWindow] successfully performed. With the following test data [New screen size is now: (1176, 803)]. @11-02-2022 02:00:57.0584 A

################################################################################################################################################
Starting Execution:	[140 out of 165] test cases in the current suite
Test Method:		[testPackage01.Test_dragAndDrop.dragAndDrop]
Test Description:	[TC001 - Test Drag and Drop function.]
################################################################################################################################################
[ReportManager] Target URL: [http://the-internet.herokuapp.com/drag_and_drop] @11-02-2022 02:00:57.0588 AM
[ReportManager] Initial URL: [] @11-02-2022 02:00:57.0645 AM
[ReportManager] Browser Action [NavigateToURL] successfully performed. With the following test data [http://the-internet.herokuapp.com/drag_and_drop]. @11-02-2022 02:00:58.0014 AM
[ReportManager] Attempting Drag and Drop @11-02-2022 02:00:58.0015 AM
[ReportManager] Element Action [DragAndDrop] successfully performed. With the following test data [Start point: (120, 89), End point: (335, 89)]. @11-02-2022 02:00:58.0680 A
[ReportManager] Browser Action [CloseCurrentWindow] successfully performed. @11-02-2022 02:00:59.0007 AM
[ReportManager] Successfully created attachment [Browser Action Test Data - CloseCurrentWindow - Actual Value] @11-02-2022 02:00:59.0008 A
[ReportManager] File Action [GetAbsolutePath] successfully performed. With the following test data [Relative Folder Path: "target/downloadedFiles/"]. @11-02-2022 02:00:59.0010 AM
[ReportManager] Attempting to run locally on: [Mac-64], [Safari], Headless Execution. @11-02-2022 02:00:59.0011 AM
[ReportManager] Successfully Opened Safari. @11-02-2022 02:00:59.0847 AM
[ReportManager] Initial window size: (800, 600) @11-02-2022 02:00:59.0871 AM
[ReportManager] Window size after SWD Maximize: (1176, 803) @11-02-2022 02:00:59.0894 AM
[ReportManager] Browser Action [MaximizeWindow] successfully performed. With the following test data [New screen size is now: (1176, 803)]. @11-02-2022 02:00:59.0894 A

################################################################################################################################################
Starting Execution:	[141 out of 165] test cases in the current suite
Test Method:		[testPackage01.Test_dragAndDrop.dragAndDropByOffset]
Test Description:	[TC002 - Test Drag and Drop by offset function.]
################################################################################################################################################
[ReportManager] Target URL: [https://jqueryui.com/resources/demos/draggable/default.html] @11-02-2022 02:00:59.0899 AM
[ReportManager] Initial URL: [] @11-02-2022 02:00:59.0960 AM
[ReportManager] Browser Action [NavigateToURL] successfully performed. With the following test data [https://jqueryui.com/resources/demos/draggable/default.html]. @11-02-2022 02:01:00.0302 AM
[ReportManager] Element Action [DragAndDropByOffset] successfully performed. With the following test data [Start point: (8, 8), End point: (108, 58)]. @11-02-2022 02:01:01.0088 A
[ReportManager] Browser Action [CloseCurrentWindow] successfully performed. @11-02-2022 02:01:01.0498 AM
[ReportManager] Successfully created attachment [Browser Action Test Data - CloseCurrentWindow - Actual Value] @11-02-2022 02:01:01.0498 A
[ReportManager] Successfully loaded the following test data file [src/test/resources/testDataFiles/testSuite01/TestData.xlsx]. @11-02-2022 02:01:01.0538 AM
[ReportManager] Successfully created attachment [Test Data - Excel] @11-02-2022 02:01:01.0539 AM
[ReportManager] File Action [GetAbsolutePath] successfully performed. With the following test data [Relative Folder Path: "target/downloadedFiles/"]. @11-02-2022 02:01:01.0539 AM
[ReportManager] Attempting to run locally on: [Mac-64], [Safari], Headless Execution. @11-02-2022 02:01:01.0539 AM
[ReportManager] Successfully Opened Safari. @11-02-2022 02:01:02.0432 AM
[ReportManager] Initial window size: (800, 600) @11-02-2022 02:01:02.0458 AM
[ReportManager] Window size after SWD Maximize: (1176, 803) @11-02-2022 02:01:02.0475 AM
[ReportManager] Browser Action [MaximizeWindow] successfully performed. With the following test data [New screen size is now: (1176, 803)]. @11-02-2022 02:01:02.0475 A

################################################################################################################################################
Starting Execution:	[142 out of 165] test cases in the current suite
Test Method:		[testPackage01.Test_google.navigateToURLandVerifyGoogleLogoIsDisplayed]
Test Description:	[TC001 - Navigate to URL and Verify Google Logo is Displayed]
################################################################################################################################################
[ReportManager] Target URL: [https://www.google.com/ncr], and after redirection: [https://www.google.com] @11-02-2022 02:01:02.0479 AM
[ReportManager] Initial URL: [] @11-02-2022 02:01:02.0535 AM
[ReportManager] Browser Action [NavigateToURL] successfully performed. With the following test data [https://www.google.com/ncr]. @11-02-2022 02:01:03.0858 AM
[ReportManager] Assertion Passed: Then I Assert that the element found by [By.xpath: //*[@id='hplogo' or @alt='Google']] exists. @11-02-2022 02:01:04.0055 AM
[ReportManager] Successfully created attachment [Screenshot - 1644544863984_navigateToURLandVerifyGoogleLogoIsDisplayed_ValidateElementExists_passed] @11-02-2022 02:01:04.0056 AM
[ReportManager] Assertion [ValidateElementExists] PASSED. Expected [Element Should Exist, locator 'By.xpath: //*[@id='hplogo' or @alt='Google']'] and Actual [Element Exists]. Comparison Type [EQUALS]. Validation Type [POSITIVE]. @11-02-2022 02:01:04.0056 A

################################################################################################################################################
Starting Execution:	[143 out of 165] test cases in the current suite
Test Method:		[testPackage01.Test_google.searchForQueryandAssertResultsNumDisplayed]
Test Description:	[TC002 - Search for Query and Assert that the number of results is displayed]
################################################################################################################################################
[ReportManager] Element Action [Type] successfully performed. With the following test data [SHAFT_Engine]. @11-02-2022 02:01:04.0478 AM
[ReportManager] Element Action [KeyPress] successfully performed. With the following test data [Enter]. @11-02-2022 02:01:04.0537 AM
[ReportManager] Element Action [GetText] successfully performed. With the following test data [About 742,000 results (0.36 seconds)Â Quick SettingsSee all settingsPrivacySearch historyYour data in SearchUsing SearchExplicit results filterLearn more about SafeSearchHide explicit resultsLanguagesEnglishAdvanced searchAppearanceLight themeDark themeDevice defaultSupportSearch help]. @11-02-2022 02:01:05.0951 AM
[ReportManager] Assertion Passed: Then I Assert that the element found by [By.id: appbar] text does not equal []. @11-02-2022 02:01:06.0141 AM
[ReportManager] Successfully created attachment [Screenshot - 1644544866064_searchForQueryandAssertResultsNumDisplayed_ValidateElementAttribute_passed] @11-02-2022 02:01:06.0143 AM
[ReportManager] Assertion [ValidateElementAttribute] PASSED. Expected [Value Should not be '' for the 'text' attribute, element locator 'By.id: appbar'] and Actual [About 742,000 results (0.36 seconds)Â Quick SettingsSee all settingsPrivacySearch historyYour data in SearchUsing SearchExplicit results filterLearn more about SafeSearchHide explicit resultsLanguagesEnglishAdvanced searchAppearanceLight themeDark themeDevice defaultSupportSearch help]. Comparison Type [EQUALS]. Validation Type [NEGATIVE]. @11-02-2022 02:01:06.0143 A

################################################################################################################################################
Starting Execution:	[144 out of 165] test cases in the current suite
Test Method:		[testPackage01.Test_google.clickNextThrice]
Test Description:	[TC003 - Clicks the next button to make sure that the framework can scroll element into view before clicking it]
################################################################################################################################################
[ReportManager] Element Action [Click] successfully performed. With the following test data [By.xpath: //span[text()='Next']]. @11-02-2022 02:01:06.0340 A
[ReportManager] Successfully Closed All Drivers. @11-02-2022 02:01:06.0575 A
[ReportManager] File Action [GetAbsolutePath] successfully performed. With the following test data [Relative Folder Path: "target/downloadedFiles/"]. @11-02-2022 02:01:06.0577 AM
[ReportManager] Attempting to run locally on: [Mac-64], [Safari], Headless Execution. @11-02-2022 02:01:06.0578 AM
[ReportManager] Successfully Opened Safari. @11-02-2022 02:01:07.0434 AM
[ReportManager] Initial window size: (800, 600) @11-02-2022 02:01:07.0452 AM
[ReportManager] Window size after SWD Maximize: (1176, 803) @11-02-2022 02:01:07.0482 AM
[ReportManager] Browser Action [MaximizeWindow] successfully performed. With the following test data [New screen size is now: (1176, 803)]. @11-02-2022 02:01:07.0482 A

################################################################################################################################################
Starting Execution:	[145 out of 165] test cases in the current suite
Test Method:		[testPackage01.Test_chainableElementActions.chainElementActions]
################################################################################################################################################
[ReportManager] Target URL: [https://www.google.com/ncr], and after redirection: [https://www.google.com] @11-02-2022 02:01:07.0485 AM
[ReportManager] Initial URL: [] @11-02-2022 02:01:07.0536 AM
[ReportManager] Browser Action [NavigateToURL] successfully performed. With the following test data [https://www.google.com/ncr]. @11-02-2022 02:01:08.0831 AM
[ReportManager] Element Action [Type] successfully performed. With the following test data [chained type 1]. @11-02-2022 02:01:09.0199 AM
[ReportManager] Element Action [Type] successfully performed. With the following test data [chained type 2]. @11-02-2022 02:01:09.0426 AM
[ReportManager] Element Action [TypeAppend] successfully performed. With the following test data [345]. @11-02-2022 02:01:09.0507 AM
[ReportManager] Element Action [GetText] successfully performed. With the following test data [chained type 2345]. @11-02-2022 02:01:09.0588 AM
[ReportManager] Assertion Passed: Then I Assert that the element found by [By.name: q] text is equal to [chained type 2345]. @11-02-2022 02:01:09.0742 AM
[ReportManager] Successfully created attachment [Screenshot - 1644544869679_chainElementActions_ValidateElementAttribute_passed] @11-02-2022 02:01:09.0743 AM
[ReportManager] Assertion [ValidateElementAttribute] PASSED. Expected [Value Should be 'chained type 2345' for the 'text' attribute, element locator 'By.name: q'] and Actual [chained type 2345]. Comparison Type [EQUALS]. Validation Type [POSITIVE]. @11-02-2022 02:01:09.0743 A
[ReportManager] Successfully Closed All Drivers. @11-02-2022 02:01:09.0987 A
[ReportManager] File Action [GetAbsolutePath] successfully performed. With the following test data [Relative Folder Path: "target/downloadedFiles/"]. @11-02-2022 02:01:09.0990 AM
[ReportManager] Attempting to run locally on: [Mac-64], [Safari], Headless Execution. @11-02-2022 02:01:09.0990 AM
[ReportManager] Successfully Opened Safari. @11-02-2022 02:01:10.0863 AM
[ReportManager] Initial window size: (800, 600) @11-02-2022 02:01:10.0878 AM
[ReportManager] Window size after SWD Maximize: (1176, 803) @11-02-2022 02:01:10.0909 AM
[ReportManager] Browser Action [MaximizeWindow] successfully performed. With the following test data [New screen size is now: (1176, 803)]. @11-02-2022 02:01:10.0910 A

################################################################################################################################################
Starting Execution:	[146 out of 165] test cases in the current suite
Test Method:		[testPackage01.Test_RelativeLocators.relativeLocatorsTest1]
################################################################################################################################################
[ReportManager] Target URL: [https://duckduckgo.com/] @11-02-2022 02:01:10.0915 AM
[ReportManager] Initial URL: [] @11-02-2022 02:01:10.0958 AM
[ReportManager] Browser Action [NavigateToURL] successfully performed. With the following test data [https://duckduckgo.com/]. @11-02-2022 02:01:11.0700 AM
[ReportManager] Element Action [Type] successfully performed. With the following test data [SHAFT_Engine]. @11-02-2022 02:01:11.0982 AM
[ReportManager] Element Action [KeyPress] successfully performed. With the following test data [ENTER]. @11-02-2022 02:01:12.0050 AM
[ReportManager] Element Action [GetText] successfully performed. With the following test data [GitHub - MohabMohie/SHAFT_ENGINE: SHAFT_ENGINE is a Test ...]. @11-02-2022 02:01:13.0481 AM
[ReportManager] Assertion Passed: Then I Assert that the element found by [Relative Locator: {root={xpath=//a[@class='result__a js-result-title-link']}, filters=[{kind=below, args=[{xpath=//input[@name='q']}]}]}] text does not equal []. @11-02-2022 02:01:13.0758 AM
[ReportManager] Successfully created attachment [Screenshot - 1644544873660_relativeLocatorsTest1_ValidateElementAttribute_passed] @11-02-2022 02:01:13.0761 AM
[ReportManager] Assertion [ValidateElementAttribute] PASSED. Expected [Value Should not be '' for the 'text' attribute, element locator '[unknown locator]'] and Actual [GitHub - MohabMohie/SHAFT_ENGINE: SHAFT_ENGINE is a Test ...]. Comparison Type [EQUALS]. Validation Type [NEGATIVE]. @11-02-2022 02:01:13.0761 A
[ReportManager] Browser Action [CloseCurrentWindow] successfully performed. @11-02-2022 02:01:14.0211 AM
[ReportManager] Successfully created attachment [Browser Action Test Data - CloseCurrentWindow - Actual Value] @11-02-2022 02:01:14.0212 A

################################################################################################################################################
Starting Execution:	[147 out of 165] test cases in the current suite
Test Method:		[testPackage01.Test_JsonCompareWithSpecialCharacters.specialCharacters]
################################################################################################################################################
[ReportManager] File Action [GetAbsolutePath] successfully performed. With the following test data [Relative Folder Path: "src/test/resources/testDataFiles/specialCharacters.json"]. @11-02-2022 02:01:14.0219 AM
[ReportManager] File Action [ReadFromFile] successfully performed. With the following test data [File Path: "/Users/runner/work/SHAFT_ENGINE/SHAFT_ENGINE/src/test/resources/testDataFiles/specialCharacters.json"]. @11-02-2022 02:01:14.0219 AM
[ReportManager] Successfully created attachment [File Action Actual Result - Command Log] @11-02-2022 02:01:14.0220 AM
[ReportManager] Comparing the provided API response with the file at this path "src/test/resources/testDataFiles/specialCharacters.json", comparison type "EQUALS" @11-02-2022 02:01:14.0223 AM
[ReportManager] API Action [CompareJSON] successfully performed. With the following test data [src/test/resources/testDataFiles/specialCharacters.json]. @11-02-2022 02:01:14.0230 AM
[ReportManager] File Action [GetAbsolutePath] successfully performed. With the following test data [Relative Folder Path: "src/test/resources/testDataFiles/specialCharacters.json"]. @11-02-2022 02:01:14.0230 AM
[ReportManager] File Action [ReadFromFile] successfully performed. With the following test data [File Path: "/Users/runner/work/SHAFT_ENGINE/SHAFT_ENGINE/src/test/resources/testDataFiles/specialCharacters.json"]. @11-02-2022 02:01:14.0230 AM
[ReportManager] Verification [ValidateJSONFileContent] PASSED. Expected [Response data should match the JSON File in this path 'src/test/resources/testDataFiles/specialCharacters.json'] and Actual [TRUE]. Comparison Type [EQUALS]. Validation Type [POSITIVE]. @11-02-2022 02:01:14.0235 AM
[ReportManager] Successfully created attachment [Validation Test Data - Expected JSON Value] @11-02-2022 02:01:14.0236 AM
[ReportManager] Successfully created attachment [Validation Test Data - Actual JSON Value] @11-02-2022 02:01:14.0237 A

################################################################################################################################################
Starting Execution:	[148 out of 165] test cases in the current suite
Test Method:		[testPackage01.Test_JsonCompareWithSpecialCharacters.specialCharacters_assertion]
################################################################################################################################################
[ReportManager] File Action [GetAbsolutePath] successfully performed. With the following test data [Relative Folder Path: "src/test/resources/testDataFiles/specialCharacters.json"]. @11-02-2022 02:01:14.0241 AM
[ReportManager] File Action [ReadFromFile] successfully performed. With the following test data [File Path: "/Users/runner/work/SHAFT_ENGINE/SHAFT_ENGINE/src/test/resources/testDataFiles/specialCharacters.json"]. @11-02-2022 02:01:14.0241 AM
[ReportManager] Successfully created attachment [File Action Actual Result - Command Log] @11-02-2022 02:01:14.0242 AM
[ReportManager] Comparing the provided API response with the file at this path "src/test/resources/testDataFiles/specialCharacters.json", comparison type "CONTAINS" @11-02-2022 02:01:14.0250 AM
[ReportManager] API Action [CompareJSON] successfully performed. With the following test data [src/test/resources/testDataFiles/specialCharacters.json]. @11-02-2022 02:01:14.0259 AM
[ReportManager] File Action [GetAbsolutePath] successfully performed. With the following test data [Relative Folder Path: "src/test/resources/testDataFiles/specialCharacters.json"]. @11-02-2022 02:01:14.0260 AM
[ReportManager] File Action [ReadFromFile] successfully performed. With the following test data [File Path: "/Users/runner/work/SHAFT_ENGINE/SHAFT_ENGINE/src/test/resources/testDataFiles/specialCharacters.json"]. @11-02-2022 02:01:14.0261 AM
[ReportManager] Assertion Passed: trying out the log message @11-02-2022 02:01:14.0267 AM
[ReportManager] Successfully created attachment [Validation Test Data - Expected JSON Value] @11-02-2022 02:01:14.0268 AM
[ReportManager] Successfully created attachment [Validation Test Data - Actual JSON Value] @11-02-2022 02:01:14.0269 AM
[ReportManager] Assertion [ValidateJSONFileContent] PASSED. Expected [Response data should match the JSON File in this path 'src/test/resources/testDataFiles/specialCharacters.json'] and Actual [TRUE]. Comparison Type [CONTAINS]. Validation Type [POSITIVE]. @11-02-2022 02:01:14.0269 A

################################################################################################################################################
Starting Execution:	[149 out of 165] test cases in the current suite
Test Method:		[testPackage01.Test_SkipDueToIssue.doNotSkip]
################################################################################################################################################
[ReportManager] This should not be skipped. @11-02-2022 02:01:14.0273 A

################################################################################################################################################
Starting Execution:	[150 out of 165] test cases in the current suite
Test Method:		[testPackage01.Test_SkipDueToIssue.skip]
################################################################################################################################################
[ReportManager] This should be skipped. @11-02-2022 02:01:14.0280 A

################################################################################################################################################
Starting Execution:	[151 out of 165] test cases in the current suite
Test Method:		[testPackage01.Test_SkipDueToIssue.skip2]
################################################################################################################################################
[ReportManager] This should be skipped. @11-02-2022 02:01:14.0287 A

################################################################################################################################################
Starting Execution:	[152 out of 165] test cases in the current suite
Test Method:		[testPackage01.Test_JSONFileManager.readStringFromJson]
################################################################################################################################################
[ReportManager] File Action [GetAbsolutePath] successfully performed. With the following test data [Relative Folder Path: "src/test/resources/testDataFiles/simpleJSON.json"]. @11-02-2022 02:01:14.0293 AM
[ReportManager] Successfully loaded the following test data file [src/test/resources/testDataFiles/simpleJSON.json]. @11-02-2022 02:01:14.0294 AM
[ReportManager] Successfully created attachment [Test Data - JSON] @11-02-2022 02:01:14.0298 AM
[ReportManager] File Action [GetAbsolutePath] successfully performed. With the following test data [Relative Folder Path: "src/test/resources/testDataFiles/simpleJSON.json"]. @11-02-2022 02:01:14.0299 AM
[ReportManager] Assertion [ValidateEquals] PASSED. Expected [Mohab Mohie] and Actual [Mohab Mohie]. Comparison Type [EQUALS]. Validation Type [POSITIVE]. @11-02-2022 02:01:14.0313 A
[ReportManager] File Action [GetAbsolutePath] successfully performed. With the following test data [Relative Folder Path: "target/downloadedFiles/"]. @11-02-2022 02:01:14.0316 AM
[ReportManager] Attempting to run locally on: [Mac-64], [Safari], Headless Execution. @11-02-2022 02:01:14.0316 AM
[ReportManager] Successfully Opened Safari. @11-02-2022 02:01:15.0265 AM
[ReportManager] Initial window size: (800, 600) @11-02-2022 02:01:15.0292 AM
[ReportManager] Window size after SWD Maximize: (1176, 803) @11-02-2022 02:01:15.0311 AM
[ReportManager] Browser Action [MaximizeWindow] successfully performed. With the following test data [New screen size is now: (1176, 803)]. @11-02-2022 02:01:15.0311 A

################################################################################################################################################
Starting Execution:	[153 out of 165] test cases in the current suite
Test Method:		[testPackage01.Test_assertEquals.test_assertElementAttribute]
################################################################################################################################################
[ReportManager] Target URL: [https://www.google.com/ncr], and after redirection: [https://www.google.com] @11-02-2022 02:01:15.0353 AM
[ReportManager] Initial URL: [] @11-02-2022 02:01:15.0434 AM
[ReportManager] Browser Action [NavigateToURL] successfully performed. With the following test data [https://www.google.com/ncr]. @11-02-2022 02:01:16.0893 AM
[ReportManager] Element Action [Type] successfully performed. With the following test data [INC_004010050:Another SCHEDULER with the same name [Duplicate Job Name] already exists.]. @11-02-2022 02:01:18.0924 AM
[ReportManager] Element Action [GetText] successfully performed. With the following test data [INC_004010050:Another SCHEDULER with the same name [Duplicate Job Name] already exists.]. @11-02-2022 02:01:18.0972 AM
[ReportManager] Assertion [ValidateElementAttribute] PASSED. Expected [Value Should be 'INC_004010050:Another SCHEDULER with the same name \[Duplicate Job Name\] already exists.' for the 'text' attribute, element locator 'By.name: q'] and Actual [INC_004010050:Another SCHEDULER with the same name [Duplicate Job Name] already exists.]. Comparison Type [MATCHES]. Validation Type [POSITIVE]. @11-02-2022 02:01:19.0106 AM
[ReportManager] Successfully created attachment [Screenshot - 1644544879045_test_assertElementAttribute_ValidateElementAttribute_passed] @11-02-2022 02:01:19.0107 A
[ReportManager] Browser Action [CloseCurrentWindow] successfully performed. @11-02-2022 02:01:19.0508 AM
[ReportManager] Successfully created attachment [Browser Action Test Data - CloseCurrentWindow - Actual Value] @11-02-2022 02:01:19.0508 A
[ReportManager] File Action [GetAbsolutePath] successfully performed. With the following test data [Relative Folder Path: "target/downloadedFiles/"]. @11-02-2022 02:01:19.0510 AM
[ReportManager] Attempting to run locally on: [Mac-64], [Safari], Headless Execution. @11-02-2022 02:01:19.0510 AM
[ReportManager] Successfully Opened Safari. @11-02-2022 02:01:20.0365 AM
[ReportManager] Initial window size: (800, 600) @11-02-2022 02:01:20.0386 AM
[ReportManager] Window size after SWD Maximize: (1176, 803) @11-02-2022 02:01:20.0420 AM
[ReportManager] Browser Action [MaximizeWindow] successfully performed. With the following test data [New screen size is now: (1176, 803)]. @11-02-2022 02:01:20.0420 A

################################################################################################################################################
Starting Execution:	[154 out of 165] test cases in the current suite
Test Method:		[testPackage01.Test_IsElementClickable.testIsElementClickable]
################################################################################################################################################
[ReportManager] Target URL: [https://the-internet.herokuapp.com/] @11-02-2022 02:01:20.0435 AM
[ReportManager] Initial URL: [] @11-02-2022 02:01:20.0467 AM
[ReportManager] Browser Action [NavigateToURL] successfully performed. With the following test data [https://the-internet.herokuapp.com/]. @11-02-2022 02:01:20.0846 AM
[ReportManager] Element Action [IsElementClickable] successfully performed. @11-02-2022 02:01:20.0946 AM
[ReportManager] Assertion [ValidateTrue] PASSED. Expected [TRUE] and Actual [TRUE]. Validation Type [POSITIVE]. @11-02-2022 02:01:20.0946 A
[ReportManager] Browser Action [CloseCurrentWindow] successfully performed. @11-02-2022 02:01:21.0119 AM
[ReportManager] Successfully created attachment [Browser Action Test Data - CloseCurrentWindow - Actual Value] @11-02-2022 02:01:21.0120 A
[ReportManager] Successfully loaded the following test data file [src/test/resources/testDataFiles/testSuite01/TestData.xlsx]. @11-02-2022 02:01:21.0166 AM
[ReportManager] Successfully created attachment [Test Data - Excel] @11-02-2022 02:01:21.0167 AM
[ReportManager] Attempting to run using Playwright locally on: [Mac-64], [Safari], Headless Execution. @11-02-2022 02:01:48.0247 AM
[ReportManager] File Action [GetAbsolutePath] successfully performed. With the following test data [Relative Folder Path: "target/downloadedFiles/"]. @11-02-2022 02:01:48.0248 AM
[ReportManager] Initial window size: (1280, 720) @11-02-2022 02:01:53.0085 AM
[ReportManager] Window size after Toolkit: com.microsoft.playwright.options.ViewportSize@2c358728 @11-02-2022 02:01:53.0095 AM
[ReportManager] Browser Action [MaximizeWindow] successfully performed. With the following test data [New screen size is now: (1920, 1080)]. @11-02-2022 02:01:53.0095 A

################################################################################################################################################
Starting Execution:	[155 out of 165] test cases in the current suite
Test Method:		[testPackage01.Test_google_playwright.navigateToURLandVerifyGoogleLogoIsDisplayed]
Test Description:	[TC001 - Navigate to URL and Verify Google Logo is Displayed]
################################################################################################################################################
[ReportManager] Target URL: [https://www.google.com/ncr], and after redirection: [https://www.google.com] @11-02-2022 02:01:53.0099 AM
[ReportManager] Initial URL: [about:blank] @11-02-2022 02:01:53.0646 AM
[ReportManager] Browser Action [NavigateToURL] successfully performed. With the following test data [https://www.google.com/ncr]. @11-02-2022 02:01:55.0551 AM
[ReportManager] Assertion [ValidateElementExists] PASSED. Expected [Element Should Exist, locator 'xpath=//*[@id='hplogo' or @alt='Google']'] and Actual [Element Exists]. Comparison Type [EQUALS]. Validation Type [POSITIVE]. @11-02-2022 02:01:55.0838 AM
[ReportManager] Successfully created attachment [Screenshot - 1644544915709_navigateToURLandVerifyGoogleLogoIsDisplayed_ValidateElementExists_passed] @11-02-2022 02:01:55.0849 A

################################################################################################################################################
Starting Execution:	[156 out of 165] test cases in the current suite
Test Method:		[testPackage01.Test_google_playwright.searchForQueryandAssertResultsNumDisplayed]
Test Description:	[TC002 - Search for Query and Assert that the number of results is displayed]
################################################################################################################################################
[ReportManager] Element Action [Type] successfully performed. With the following test data [SHAFT_Engine]. @11-02-2022 02:01:56.0324 AM
[ReportManager] Element Action [KeyPress] successfully performed. With the following test data [Enter]. @11-02-2022 02:01:56.0374 AM
[ReportManager] Element Action [GetText] successfully performed. With the following test data [About 742,000 results (0.32 seconds)Â 
]. @11-02-2022 02:01:57.0618 AM
[ReportManager] Assertion [ValidateElementAttribute] PASSED. Expected [Value Should not be '' for the 'text' attribute, element locator 'xpath=//div[@id='appbar']'] and Actual [About 742,000 results (0.32 seconds)Â 
]. Comparison Type [EQUALS]. Validation Type [NEGATIVE]. @11-02-2022 02:01:58.0520 AM
[ReportManager] Successfully created attachment [Screenshot - 1644544918384_searchForQueryandAssertResultsNumDisplayed_ValidateElementAttribute_passed] @11-02-2022 02:01:58.0522 A

################################################################################################################################################
Starting Execution:	[157 out of 165] test cases in the current suite
Test Method:		[testPackage01.Test_google_playwright.clickNextThrice]
Test Description:	[TC003 - Clicks the next button to make sure that the framework can scroll element into view before clicking it]
################################################################################################################################################
[ReportManager] Element Action [Click] successfully performed. With the following test data [Next]. @11-02-2022 02:01:58.0795 A
[ReportManager] Failed to find video recording. @11-02-2022 02:01:58.0797 AM
[ReportManager] Successfully Closed PlayWright Driver. @11-02-2022 02:01:58.0838 A
[ReportManager] File Action [GetAbsolutePath] successfully performed. With the following test data [Relative Folder Path: "target/downloadedFiles/"]. @11-02-2022 02:01:58.0839 AM
[ReportManager] Attempting to run locally on: [Mac-64], [Safari], Headless Execution. @11-02-2022 02:01:58.0839 AM
[ReportManager] Successfully Opened Safari. @11-02-2022 02:02:00.0052 AM
[ReportManager] Initial window size: (800, 600) @11-02-2022 02:02:00.0075 AM
[ReportManager] Window size after SWD Maximize: (1176, 803) @11-02-2022 02:02:00.0087 AM
[ReportManager] Browser Action [MaximizeWindow] successfully performed. With the following test data [New screen size is now: (1176, 803)]. @11-02-2022 02:02:00.0087 A

################################################################################################################################################
Starting Execution:	[158 out of 165] test cases in the current suite
Test Method:		[testPackage01.Test_verifyEquals.test_assertElementAttribute]
################################################################################################################################################
[ReportManager] Target URL: [https://www.google.com/ncr], and after redirection: [https://www.google.com] @11-02-2022 02:02:00.0089 AM
[ReportManager] Initial URL: [] @11-02-2022 02:02:00.0138 AM
[ReportManager] Browser Action [NavigateToURL] successfully performed. With the following test data [https://www.google.com/ncr]. @11-02-2022 02:02:01.0453 AM
[ReportManager] Element Action [Type] successfully performed. With the following test data [INC_004010050:Another SCHEDULER with the same name [Duplicate Job Name] already exists.]. @11-02-2022 02:02:02.0561 AM
[ReportManager] Element Action [GetText] successfully performed. With the following test data [INC_004010050:Another SCHEDULER with the same name [Duplicate Job Name] already exists.]. @11-02-2022 02:02:02.0617 AM
[ReportManager] Verification [ValidateElementAttribute] PASSED. Expected [Value Should be 'INC_004010050:Another SCHEDULER with the same name \[Duplicate Job Name\] already exists.' for the 'text' attribute, element locator 'By.name: q'] and Actual [INC_004010050:Another SCHEDULER with the same name [Duplicate Job Name] already exists.]. Comparison Type [MATCHES]. Validation Type [POSITIVE]. @11-02-2022 02:02:02.0750 AM
[ReportManager] Successfully created attachment [Screenshot - 1644544922690_test_assertElementAttribute_ValidateElementAttribute_passed] @11-02-2022 02:02:02.0751 A
[ReportManager] Browser Action [CloseCurrentWindow] successfully performed. @11-02-2022 02:02:03.0175 AM
[ReportManager] Successfully created attachment [Browser Action Test Data - CloseCurrentWindow - Actual Value] @11-02-2022 02:02:03.0176 A

################################################################################################################################################
Starting Execution:	[159 out of 165] test cases in the current suite
Test Method:		[testPackage01.Test_SelectedValue.multipleSelect]
################################################################################################################################################
[ReportManager] File Action [GetAbsolutePath] successfully performed. With the following test data [Relative Folder Path: "target/downloadedFiles/"]. @11-02-2022 02:02:03.0178 AM
[ReportManager] Attempting to run locally on: [Mac-64], [GoogleChrome], Headless Execution. @11-02-2022 02:02:03.0179 AM
[ReportManager] Identifying OS/Driver combination and selecting the correct driver version automatically. Please note that if a new driver executable will be downloaded it may take some time... @11-02-2022 02:02:03.0180 AM
[ReportManager] Successfully Opened Google Chrome. @11-02-2022 02:02:06.0171 AM
[ReportManager] Initial window size: (1920, 1080) @11-02-2022 02:02:06.0176 AM
[ReportManager] Window size after SWD Maximize: (1920, 1080) @11-02-2022 02:02:06.0362 AM
[ReportManager] Window size after Toolkit: (1920, 1080) @11-02-2022 02:02:06.0831 AM
[ReportManager] Browser Action [MaximizeWindow] successfully performed. With the following test data [New screen size is now: (1920, 1080)]. @11-02-2022 02:02:06.0835 AM
[ReportManager] Target URL: [https://yari-demos.prod.mdn.mozit.cloud/en-US/docs/Web/HTML/Element/select/_sample_.Advanced_select_with_multiple_features.html] @11-02-2022 02:02:06.0836 AM
[ReportManager] Initial URL: [data:,] @11-02-2022 02:02:06.0878 AM
[ReportManager] Browser Action [NavigateToURL] successfully performed. With the following test data [https://yari-demos.prod.mdn.mozit.cloud/en-US/docs/Web/HTML/Element/select/_sample_.Advanced_select_with_multiple_features.html]. @11-02-2022 02:02:07.0149 AM
[ReportManager] Element Action [Select] successfully performed. With the following test data [Dog]. @11-02-2022 02:02:07.0346 AM
[ReportManager] Element Action [Select] successfully performed. With the following test data [Cat]. @11-02-2022 02:02:07.0499 AM
[ReportManager] Element Action [GetSelectedText] successfully performed. With the following test data [DogCat]. @11-02-2022 02:02:07.0593 AM
[ReportManager] DogCat @11-02-2022 02:02:07.0593 AM
[ReportManager] Element Action [GetSelectedText] successfully performed. With the following test data [DogCat]. @11-02-2022 02:02:07.0669 AM
[ReportManager] Assertion [ValidateElementAttribute] PASSED. Expected [Value Should be 'DogCat' for the 'selectedText' attribute, element locator 'By.tagName: select'] and Actual [DogCat]. Comparison Type [EQUALS]. Validation Type [POSITIVE]. @11-02-2022 02:02:08.0219 AM
[ReportManager] Successfully created attachment [Screenshot - 1644544928115_multipleSelect_ValidateElementAttribute_passed] @11-02-2022 02:02:08.0220 AM
[ReportManager] Browser Action [CloseCurrentWindow] successfully performed. @11-02-2022 02:02:08.0451 AM
[ReportManager] Successfully created attachment [Browser Action Test Data - CloseCurrentWindow - Actual Value] @11-02-2022 02:02:08.0452 A

################################################################################################################################################
Starting Execution:	[160 out of 165] test cases in the current suite
Test Method:		[testPackage01.Test_SelectedValue.simpleSelect]
################################################################################################################################################
[ReportManager] File Action [GetAbsolutePath] successfully performed. With the following test data [Relative Folder Path: "target/downloadedFiles/"]. @11-02-2022 02:02:08.0458 AM
[ReportManager] Attempting to run locally on: [Mac-64], [GoogleChrome], Headless Execution. @11-02-2022 02:02:08.0458 AM
[ReportManager] Identifying OS/Driver combination and selecting the correct driver version automatically. Please note that if a new driver executable will be downloaded it may take some time... @11-02-2022 02:02:08.0458 AM
[ReportManager] Successfully Opened Google Chrome. @11-02-2022 02:02:08.0968 AM
[ReportManager] Initial window size: (1920, 1080) @11-02-2022 02:02:08.0978 AM
[ReportManager] Window size after SWD Maximize: (1920, 1080) @11-02-2022 02:02:09.0100 AM
[ReportManager] Window size after Toolkit: (1920, 1080) @11-02-2022 02:02:09.0624 AM
[ReportManager] Browser Action [MaximizeWindow] successfully performed. With the following test data [New screen size is now: (1920, 1080)]. @11-02-2022 02:02:09.0627 AM
[ReportManager] Target URL: [https://yari-demos.prod.mdn.mozit.cloud/en-US/docs/Web/HTML/Element/select/_sample_.Basic_select.html] @11-02-2022 02:02:09.0627 AM
[ReportManager] Initial URL: [data:,] @11-02-2022 02:02:09.0659 AM
[ReportManager] Browser Action [NavigateToURL] successfully performed. With the following test data [https://yari-demos.prod.mdn.mozit.cloud/en-US/docs/Web/HTML/Element/select/_sample_.Basic_select.html]. @11-02-2022 02:02:09.0863 AM
[ReportManager] Element Action [Select] successfully performed. With the following test data [Third Value]. @11-02-2022 02:02:10.0161 AM
[ReportManager] Element Action [GetSelectedText] successfully performed. With the following test data [Third Value]. @11-02-2022 02:02:10.0240 AM
[ReportManager] Third Value @11-02-2022 02:02:10.0240 AM
[ReportManager] Element Action [GetSelectedText] successfully performed. With the following test data [Third Value]. @11-02-2022 02:02:10.0310 AM
[ReportManager] Assertion [ValidateElementAttribute] PASSED. Expected [Value Should be 'Third Value' for the 'selectedText' attribute, element locator 'By.tagName: select'] and Actual [Third Value]. Comparison Type [EQUALS]. Validation Type [POSITIVE]. @11-02-2022 02:02:10.0851 AM
[ReportManager] Successfully created attachment [Screenshot - 1644544930747_simpleSelect_ValidateElementAttribute_passed] @11-02-2022 02:02:10.0851 AM
[ReportManager] Browser Action [CloseCurrentWindow] successfully performed. @11-02-2022 02:02:11.0075 AM
[ReportManager] Successfully created attachment [Browser Action Test Data - CloseCurrentWindow - Actual Value] @11-02-2022 02:02:11.0075 A
[ReportManager] File Action [GetAbsolutePath] successfully performed. With the following test data [Relative Folder Path: "target/downloadedFiles/"]. @11-02-2022 02:02:11.0078 AM
[ReportManager] Attempting to run locally on: [Mac-64], [Safari], Headless Execution. @11-02-2022 02:02:11.0078 AM
[ReportManager] Successfully Opened Safari. @11-02-2022 02:02:11.0920 AM
[ReportManager] Initial window size: (800, 600) @11-02-2022 02:02:11.0945 AM
[ReportManager] Window size after SWD Maximize: (1176, 803) @11-02-2022 02:02:11.0976 AM
[ReportManager] Browser Action [MaximizeWindow] successfully performed. With the following test data [New screen size is now: (1176, 803)]. @11-02-2022 02:02:11.0976 A

################################################################################################################################################
Starting Execution:	[161 out of 165] test cases in the current suite
Test Method:		[testPackage01.Test_dynamicLoading.dynamicLoading_elementIsHidden]
################################################################################################################################################
[ReportManager] Target URL: [https://the-internet.herokuapp.com/dynamic_loading/1] @11-02-2022 02:02:12.0018 AM
[ReportManager] Initial URL: [] @11-02-2022 02:02:12.0048 AM
[ReportManager] Browser Action [NavigateToURL] successfully performed. With the following test data [https://the-internet.herokuapp.com/dynamic_loading/1]. @11-02-2022 02:02:12.0555 AM
[ReportManager] Element Action [Click] successfully performed. With the following test data [By.xpath: //button[text()='Start']]. @11-02-2022 02:02:12.0770 AM
[ReportManager] Element Action [GetText] successfully performed. With the following test data [
    Hello World!
  ]. @11-02-2022 02:02:12.0827 A
[ReportManager] Browser Action [CloseCurrentWindow] successfully performed. @11-02-2022 02:02:13.0120 AM
[ReportManager] Successfully created attachment [Browser Action Test Data - CloseCurrentWindow - Actual Value] @11-02-2022 02:02:13.0120 A
[ReportManager] File Action [GetAbsolutePath] successfully performed. With the following test data [Relative Folder Path: "target/downloadedFiles/"]. @11-02-2022 02:02:13.0123 AM
[ReportManager] Attempting to run locally on: [Mac-64], [Safari], Headless Execution. @11-02-2022 02:02:13.0123 AM
[ReportManager] An Exception Occured with this Message: Could not start a new session. Possible causes are invalid address of the remote server or browser start-up failure.. @11-02-2022 02:02:13.0272 AM
[ReportManager] Successfully created attachment [Exception Stack Trace - org.openqa.selenium.SessionNotCreatedException] @11-02-2022 02:02:13.0272 AM
[ReportManager] Driver Factory Action [createNewLocalDriverInstanceForSafari] failed. With the following test data [Failed to create a session on DESKTOP_SAFARI]. @11-02-2022 02:02:13.0272 A

################################################################################################################################################
Starting Execution:	[162 out of 165] test cases in the current suite
Test Method:		[testPackage01.Test_dynamicLoading.dynamicLoading_elementIsRendered]
###############################################################################################################################################


################################################################################################################################################
Starting Execution:	[163 out of 165] test cases in the current suite
Test Method:		[dsl.testDsl.testButton]
################################################################################################################################################
[ReportManager] File Action [GetAbsolutePath] successfully performed. With the following test data [Relative Folder Path: "target/downloadedFiles/"]. @11-02-2022 02:02:13.0284 AM
[ReportManager] Attempting to run locally on: [Mac-64], [Safari], Headless Execution. @11-02-2022 02:02:13.0285 AM
[ReportManager] Successfully Opened Safari. @11-02-2022 02:02:14.0263 AM
[ReportManager] Initial window size: (800, 600) @11-02-2022 02:02:14.0289 AM
[ReportManager] Window size after SWD Maximize: (1176, 803) @11-02-2022 02:02:14.0315 AM
[ReportManager] Browser Action [MaximizeWindow] successfully performed. With the following test data [New screen size is now: (1176, 803)]. @11-02-2022 02:02:14.0316 AM
[ReportManager] Target URL: [http://the-internet.herokuapp.com/] @11-02-2022 02:02:14.0316 AM
[ReportManager] Initial URL: [] @11-02-2022 02:02:14.0354 AM
[ReportManager] Browser Action [NavigateToURL] successfully performed. With the following test data [http://the-internet.herokuapp.com/]. @11-02-2022 02:02:14.0937 AM
[ReportManager] Element Action [Click] successfully performed. With the following test data [By.linkText: Add/Remove Elements]. @11-02-2022 02:02:15.0177 AM
[ReportManager] Element Action [GetText] successfully performed. With the following test data [Add Element]. @11-02-2022 02:02:15.0242 AM
[ReportManager] org.openqa.selenium.TimeoutException:
Expected condition failed: waiting for com.shaft.gui.element.ElementActionsHelper$$Lambda$642/0x000000080114cb60@3f0cc2d9 (tried for 5 second(s) with 1000 milliseconds interval)
org.openqa.selenium.support.ui.FluentWait.timeoutException(FluentWait.java:263)
org.openqa.selenium.support.ui.FluentWait.until(FluentWait.java:231)
com.shaft.gui.element.ElementActionsHelper.waitForElementPresence(ElementActionsHelper.java:89)
com.shaft.gui.element.ElementActionsHelper.waitForElementPresence(ElementActionsHelper.java:37)
com.shaft.gui.element.WebDriverElementActions.getMatchingElementsCount(WebDriverElementActions.java:1481)
com.shaft.gui.element.WebDriverElementActions.getElementsCount(WebDriverElementActions.java:561)
com.shaft.gui.element.ElementActions.getElementsCount(ElementActions.java:269)
com.shaft.gui.image.ScreenshotManager.internalCaptureScreenShot(ScreenshotManager.java:385)
com.shaft.gui.image.ScreenshotManager.captureScreenShot(ScreenshotManager.java:141)
com.shaft.validation.ValidationsHelper.reportValidationState(ValidationsHelper.java:823)
com.shaft.validation.ValidationsHelper.pass(ValidationsHelper.java:564)
com.shaft.validation.ValidationsHelper.validateEquals(ValidationsHelper.java:67)
com.shaft.validation.ValidationsExecutor.perform(ValidationsExecutor.java:143)
com.shaft.dsl.gui.Label.shouldHaveText(Label.java:16)
dsl.testDsl.testButton(testDsl.java:29)
java.base/jdk.internal.reflect.NativeMethodAccessorImpl.invoke0(Native Method)
java.base/jdk.internal.reflect.NativeMethodAccessorImpl.invoke(NativeMethodAccessorImpl.java:77)
java.base/jdk.internal.reflect.DelegatingMethodAccessorImpl.invoke(DelegatingMethodAccessorImpl.java:43)
java.base/java.lang.reflect.Method.invoke(Method.java:568)
org.testng.internal.invokers.MethodInvocationHelper.invokeMethod(MethodInvocationHelper.java:135)
org.testng.internal.invokers.TestInvoker.invokeMethod(TestInvoker.java:673)
org.testng.internal.invokers.TestInvoker.invokeTestMethod(TestInvoker.java:220)
org.testng.internal.invokers.MethodRunner.runInSequence(MethodRunner.java:50)
org.testng.internal.invokers.TestInvoker$MethodInvocationAgent.invoke(TestInvoker.java:945)
org.testng.internal.invokers.TestInvoker.invokeTestMethods(TestInvoker.java:193)
org.testng.internal.invokers.TestMethodWorker.invokeTestMethods(TestMethodWorker.java:146)
org.testng.internal.invokers.TestMethodWorker.run(TestMethodWorker.java:128)
java.base/java.util.ArrayList.forEach(ArrayList.java:1511)
org.testng.TestRunner.privateRun(TestRunner.java:808)
org.testng.TestRunner.run(TestRunner.java:603)
org.testng.SuiteRunner.runTest(SuiteRunner.java:429)
org.testng.SuiteRunner.runSequentially(SuiteRunner.java:423)
org.testng.SuiteRunner.privateRun(SuiteRunner.java:383)
org.testng.SuiteRunner.run(SuiteRunner.java:326)
org.testng.SuiteRunnerWorker.runSuite(SuiteRunnerWorker.java:52)
org.testng.SuiteRunnerWorker.run(SuiteRunnerWorker.java:95)
org.testng.TestNG.runSuitesSequentially(TestNG.java:1249)
org.testng.TestNG.runSuitesLocally(TestNG.java:1169)
org.testng.TestNG.runSuites(TestNG.java:1092)
org.testng.TestNG.run(TestNG.java:1060)
org.apache.maven.surefire.testng.TestNGExecutor.run(TestNGExecutor.java:136)
org.apache.maven.surefire.testng.TestNGDirectoryTestSuite.executeMulti(TestNGDirectoryTestSuite.java:193)
org.apache.maven.surefire.testng.TestNGDirectoryTestSuite.execute(TestNGDirectoryTestSuite.java:94)
org.apache.maven.surefire.testng.TestNGProvider.invoke(TestNGProvider.java:145)
org.apache.maven.surefire.booter.ForkedBooter.runSuitesInProcess(ForkedBooter.java:428)
org.apache.maven.surefire.booter.ForkedBooter.execute(ForkedBooter.java:162)
org.apache.maven.surefire.booter.ForkedBooter.run(ForkedBooter.java:562)
org.apache.maven.surefire.booter.ForkedBooter.main(ForkedBooter.java:548)

Caused by: org.openqa.selenium.NoSuchSessionException:
Session ID is null. Using WebDriver after calling quit()?
Build info: version: '4.1.2', revision: '9a5a329c5a'
System info: host: 'Mac-1644544172745.local', ip: '10.212.23.52', os.name: 'Mac OS X', os.arch: 'x86_64', os.version: '11.6.3', java.version: '17.0.2'
Driver info: org.openqa.selenium.safari.SafariDriver
Command: [null, findElement {using=id, value=finish}]
Capabilities {acceptInsecureCerts: false, browserName: Safari, browserVersion: 15.3, goog:loggingPrefs: {browser: ALL, client: ALL, driver: ALL, performance: ALL, profiler: ALL, server: ALL}, javascriptEnabled: true, pageLoadStrategy: normal, platform: MAC, platformName: MAC, safari:automaticInspection: false, safari:automaticProfiling: false, safari:diagnose: false, safari:platformBuildVersion: 20G415, safari:platformVersion: 11.6.3, safari:useSimulator: false, setWindowRect: true, strictFileInteractability: false, timeouts: {pageLoad: 30000, script: 30000}, webkit:WebRTC: {DisableICECandidateFiltering: false, DisableInsecureMediaCapture: false}}
org.openqa.selenium.remote.HttpCommandExecutor.execute(HttpCommandExecutor.java:145)
org.openqa.selenium.remote.service.DriverCommandExecutor.invokeExecute(DriverCommandExecutor.java:167)
org.openqa.selenium.remote.service.DriverCommandExecutor.execute(DriverCommandExecutor.java:142)
org.openqa.selenium.remote.RemoteWebDriver.execute(RemoteWebDriver.java:558)
org.openqa.selenium.remote.ElementLocation$ElementFinder$2.findElement(ElementLocation.java:162)
org.openqa.selenium.remote.ElementLocation.findElement(ElementLocation.java:60)
org.openqa.selenium.remote.RemoteWebDriver.findElement(RemoteWebDriver.java:382)
org.openqa.selenium.remote.RemoteWebDriver.findElement(RemoteWebDriver.java:374)
com.shaft.gui.element.ElementActionsHelper.lambda$waitForElementPresence$0(ElementActionsHelper.java:92)
org.openqa.selenium.support.ui.FluentWait.until(FluentWait.java:208)
com.shaft.gui.element.ElementActionsHelper.waitForElementPresence(ElementActionsHelper.java:89)
com.shaft.gui.element.ElementActionsHelper.waitForElementPresence(ElementActionsHelper.java:37)
com.shaft.gui.element.WebDriverElementActions.getMatchingElementsCount(WebDriverElementActions.java:1481)
com.shaft.gui.element.WebDriverElementActions.getElementsCount(WebDriverElementActions.java:561)
com.shaft.gui.element.ElementActions.getElementsCount(ElementActions.java:269)
com.shaft.gui.image.ScreenshotManager.internalCaptureScreenShot(ScreenshotManager.java:385)
com.shaft.gui.image.ScreenshotManager.captureScreenShot(ScreenshotManager.java:141)
com.shaft.validation.ValidationsHelper.reportValidationState(ValidationsHelper.java:823)
com.shaft.validation.ValidationsHelper.pass(ValidationsHelper.java:564)
com.shaft.validation.ValidationsHelper.validateEquals(ValidationsHelper.java:67)
com.shaft.validation.ValidationsExecutor.perform(ValidationsExecutor.java:143)
com.shaft.dsl.gui.Label.shouldHaveText(Label.java:16)
dsl.testDsl.testButton(testDsl.java:29)
java.base/jdk.internal.reflect.NativeMethodAccessorImpl.invoke0(Native Method)
java.base/jdk.internal.reflect.NativeMethodAccessorImpl.invoke(NativeMethodAccessorImpl.java:77)
java.base/jdk.internal.reflect.DelegatingMethodAccessorImpl.invoke(DelegatingMethodAccessorImpl.java:43)
java.base/java.lang.reflect.Method.invoke(Method.java:568)
org.testng.internal.invokers.MethodInvocationHelper.invokeMethod(MethodInvocationHelper.java:135)
org.testng.internal.invokers.TestInvoker.invokeMethod(TestInvoker.java:673)
org.testng.internal.invokers.TestInvoker.invokeTestMethod(TestInvoker.java:220)
org.testng.internal.invokers.MethodRunner.runInSequence(MethodRunner.java:50)
org.testng.internal.invokers.TestInvoker$MethodInvocationAgent.invoke(TestInvoker.java:945)
org.testng.internal.invokers.TestInvoker.invokeTestMethods(TestInvoker.java:193)
org.testng.internal.invokers.TestMethodWorker.invokeTestMethods(TestMethodWorker.java:146)
org.testng.internal.invokers.TestMethodWorker.run(TestMethodWorker.java:128)
java.base/java.util.ArrayList.forEach(ArrayList.java:1511)
org.testng.TestRunner.privateRun(TestRunner.java:808)
org.testng.TestRunner.run(TestRunner.java:603)
org.testng.SuiteRunner.runTest(SuiteRunner.java:429)
org.testng.SuiteRunner.runSequentially(SuiteRunner.java:423)
org.testng.SuiteRunner.privateRun(SuiteRunner.java:383)
org.testng.SuiteRunner.run(SuiteRunner.java:326)
org.testng.SuiteRunnerWorker.runSuite(SuiteRunnerWorker.java:52)
org.testng.SuiteRunnerWorker.run(SuiteRunnerWorker.java:95)
org.testng.TestNG.runSuitesSequentially(TestNG.java:1249)
org.testng.TestNG.runSuitesLocally(TestNG.java:1169)
org.testng.TestNG.runSuites(TestNG.java:1092)
org.testng.TestNG.run(TestNG.java:1060)
org.apache.maven.surefire.testng.TestNGExecutor.run(TestNGExecutor.java:136)
org.apache.maven.surefire.testng.TestNGDirectoryTestSuite.executeMulti(TestNGDirectoryTestSuite.java:193)
org.apache.maven.surefire.testng.TestNGDirectoryTestSuite.execute(TestNGDirectoryTestSuite.java:94)
org.apache.maven.surefire.testng.TestNGProvider.invoke(TestNGProvider.java:145)
org.apache.maven.surefire.booter.ForkedBooter.runSuitesInProcess(ForkedBooter.java:428)
org.apache.maven.surefire.booter.ForkedBooter.execute(ForkedBooter.java:162)
org.apache.maven.surefire.booter.ForkedBooter.run(ForkedBooter.java:562)
org.apache.maven.surefire.booter.ForkedBooter.main(ForkedBooter.java:548) @11-02-2022 02:02:20.0713 AM
[ReportManager] An Exception Occured with this Message: Session ID is null. Using WebDriver after calling quit()?. @11-02-2022 02:02:20.0714 AM
[ReportManager] Successfully created attachment [Exception Stack Trace - org.openqa.selenium.NoSuchSessionException] @11-02-2022 02:02:20.0715 AM
[ReportManager] Assertion Passed: Then I Assert that [Add Element] is equal to [Add Element]. @11-02-2022 02:02:20.0715 AM
[ReportManager] Assertion [ValidateEquals] PASSED. Expected [Add Element] and Actual [Add Element]. Comparison Type [EQUALS]. Validation Type [POSITIVE]. @11-02-2022 02:02:20.0715 AM
[ReportManager] Element Action [Click] successfully performed. With the following test data [By.xpath: //button[text()='Add Element']]. @11-02-2022 02:02:20.0887 AM
[ReportManager] Attempting to getAttribute [disabled] from elementLocator [By.xpath: //button[text()='Add Element']]. @11-02-2022 02:02:20.0887 AM
[ReportManager] Element Action [GetAttribute] successfully performed. @11-02-2022 02:02:20.0937 AM
[ReportManager] Element Action [GetText] successfully performed. With the following test data [Delete]. @11-02-2022 02:02:20.0979 AM
[ReportManager] Assertion Passed: Then I Assert that [Delete] is equal to [Delete]. @11-02-2022 02:02:20.0979 AM
[ReportManager] Assertion [ValidateEquals] PASSED. Expected [Delete] and Actual [Delete]. Comparison Type [EQUALS]. Validation Type [POSITIVE]. @11-02-2022 02:02:20.0980 A

################################################################################################################################################
Starting Execution:	[164 out of 165] test cases in the current suite
Test Method:		[dsl.testDsl.testCheckBox]
################################################################################################################################################
[ReportManager] File Action [GetAbsolutePath] successfully performed. With the following test data [Relative Folder Path: "target/downloadedFiles/"]. @11-02-2022 02:02:21.0373 AM
[ReportManager] Attempting to run locally on: [Mac-64], [Safari], Headless Execution. @11-02-2022 02:02:21.0374 AM
[ReportManager] Successfully Opened Safari. @11-02-2022 02:02:22.0247 AM
[ReportManager] Initial window size: (800, 600) @11-02-2022 02:02:22.0276 AM
[ReportManager] Window size after SWD Maximize: (1176, 803) @11-02-2022 02:02:22.0293 AM
[ReportManager] Browser Action [MaximizeWindow] successfully performed. With the following test data [New screen size is now: (1176, 803)]. @11-02-2022 02:02:22.0294 AM
[ReportManager] Target URL: [http://the-internet.herokuapp.com/] @11-02-2022 02:02:22.0294 AM
[ReportManager] Initial URL: [] @11-02-2022 02:02:22.0363 AM
[ReportManager] Browser Action [NavigateToURL] successfully performed. With the following test data [http://the-internet.herokuapp.com/]. @11-02-2022 02:02:22.0838 AM
[ReportManager] Element Action [Click] successfully performed. With the following test data [By.linkText: Checkboxes]. @11-02-2022 02:02:23.0040 AM
[ReportManager] Element Action [Click] successfully performed. With the following test data [By.xpath: (//INPUT[@type='checkbox'])[1]]. @11-02-2022 02:02:23.0326 AM
[ReportManager] Element Action [Click] successfully performed. With the following test data [By.xpath: (//INPUT[@type='checkbox'])[2]]. @11-02-2022 02:02:23.0508 A

################################################################################################################################################
Starting Execution:	[165 out of 165] test cases in the current suite
Test Method:		[dsl.testDsl.testLabel]
################################################################################################################################################
[ReportManager] File Action [GetAbsolutePath] successfully performed. With the following test data [Relative Folder Path: "target/downloadedFiles/"]. @11-02-2022 02:02:23.0910 AM
[ReportManager] Attempting to run locally on: [Mac-64], [Safari], Headless Execution. @11-02-2022 02:02:23.0910 AM
[ReportManager] Successfully Opened Safari. @11-02-2022 02:02:24.0780 AM
[ReportManager] Initial window size: (800, 600) @11-02-2022 02:02:24.0799 AM
[ReportManager] Window size after SWD Maximize: (1176, 803) @11-02-2022 02:02:24.0825 AM
[ReportManager] Browser Action [MaximizeWindow] successfully performed. With the following test data [New screen size is now: (1176, 803)]. @11-02-2022 02:02:24.0825 AM
[ReportManager] Element Action [GetText] successfully performed. With the following test data [Welcome to the-internet]. @11-02-2022 02:02:25.0437 AM
[ReportManager] Assertion Passed: Then I Assert that [Welcome to the-internet] is equal to [Welcome to the-internet]. @11-02-2022 02:02:25.0437 AM
[ReportManager] Assertion [ValidateEquals] PASSED. Expected [Welcome to the-internet] and Actual [Welcome to the-internet]. Comparison Type [EQUALS]. Validation Type [POSITIVE]. @11-02-2022 02:02:25.0437 A
[ReportManager] Successfully created attachment [SHAFT Engine Logs - Execution log] @11-02-2022 02:02:25.0756 AM

################################################################################################################################################
This test run was powered by SHAFT Engine Version: [SHAFT Engine v6.1.20220113]
SHAFT Engine is licensed under the MIT License: [https://github.com/MohabMohie/SHAFT_ENGINE/blob/master/LICENSE].
################################################################################################################################################