################################################################################################################################################
Detected SHAFT Engine Version: [SHAFT Engine v6.1.20220113]
################################################################################################################################################
[ReportManager] File Action [GetAbsolutePath] successfully performed. With the following test data [Relative Folder Path: "target/downloadedFiles/"]. @23-02-2022 16:28:10.0902 PM
[ReportManager] Attempting to run locally on: [Mac-64], [Safari], Headless Execution. @23-02-2022 16:28:10.0921 PM
[ReportManager] Successfully Opened Safari. @23-02-2022 16:28:17.0542 PM
[ReportManager] Initial window size: (800, 600) @23-02-2022 16:28:17.0562 PM
[ReportManager] Window size after SWD Maximize: (1176, 802) @23-02-2022 16:28:17.0614 PM
[ReportManager] Browser Action [MaximizeWindow] successfully performed. With the following test data [New screen size is now: (1176, 802)]. @23-02-2022 16:28:17.0623 P

################################################################################################################################################
Starting Execution:	[1 out of 165] test cases in the current suite
Test Method:		[unitTests.tests_element_elementActions.waitForElementToBePresent_false_expectedToFail]
################################################################################################################################################
[ReportManager] Target URL: [https://www.google.com/ncr], and after redirection: [www.google.com] @23-02-2022 16:28:17.0778 PM
[ReportManager] Initial URL: [] @23-02-2022 16:28:17.0843 PM
[ReportManager] Browser Action [NavigateToURL] successfully performed. With the following test data [https://www.google.com/ncr]. @23-02-2022 16:28:20.0341 PM
[ReportManager] Waiting for element to be present; elementLocator [By.xpath: //*[@id='hplogo' or @alt='Google']], numberOfTries[1], stateOfPresence[false]... @23-02-2022 16:28:20.0350 PM
[ReportManager] Element Action [WaitForElementToBePresent] failed. With the following test data [waited for the element's state of presence to be (false). Element locator (By.xpath: //*[@id='hplogo' or @alt='Google'])]. @23-02-2022 16:28:24.0404 PM
[ReportManager] Successfully created attachment [Screenshot - 1645633700591_waitForElementToBePresent_false_expectedToFail_WaitForElementToBePresent_failed] @23-02-2022 16:28:24.0417 P
[ReportManager] Browser Action [CloseCurrentWindow] successfully performed. @23-02-2022 16:28:24.0591 PM
[ReportManager] Successfully created attachment [Browser Action Test Data - CloseCurrentWindow - Actual Value] @23-02-2022 16:28:24.0592 P
[ReportManager] File Action [GetAbsolutePath] successfully performed. With the following test data [Relative Folder Path: "target/downloadedFiles/"]. @23-02-2022 16:28:24.0607 PM
[ReportManager] Attempting to run locally on: [Mac-64], [Safari], Headless Execution. @23-02-2022 16:28:24.0608 PM
[ReportManager] Successfully Opened Safari. @23-02-2022 16:28:25.0705 PM
[ReportManager] Initial window size: (800, 600) @23-02-2022 16:28:25.0716 PM
[ReportManager] Window size after SWD Maximize: (1176, 803) @23-02-2022 16:28:25.0771 PM
[ReportManager] Browser Action [MaximizeWindow] successfully performed. With the following test data [New screen size is now: (1176, 803)]. @23-02-2022 16:28:25.0771 P

################################################################################################################################################
Starting Execution:	[2 out of 165] test cases in the current suite
Test Method:		[unitTests.tests_element_elementActions.waitForElementToBePresent_false_expectedToPass]
################################################################################################################################################
[ReportManager] Target URL: [https://www.google.com/ncr], and after redirection: [www.google.com] @23-02-2022 16:28:25.0777 PM
[ReportManager] Initial URL: [] @23-02-2022 16:28:25.0874 PM
[ReportManager] Browser Action [NavigateToURL] successfully performed. With the following test data [https://www.google.com/ncr]. @23-02-2022 16:28:27.0647 PM
[ReportManager] Waiting for element to be present; elementLocator [By.id: bla], numberOfTries[1], stateOfPresence[false]... @23-02-2022 16:28:27.0647 PM
[ReportManager] org.openqa.selenium.TimeoutException:
Expected condition failed: waiting for com.shaft.gui.element.ElementActionsHelper$$Lambda$640/0x000000080114ace8@53cb9b1 (tried for 5 second(s) with 1000 milliseconds interval)
org.openqa.selenium.support.ui.FluentWait.timeoutException(FluentWait.java:263)
org.openqa.selenium.support.ui.FluentWait.until(FluentWait.java:231)
com.shaft.gui.element.ElementActionsHelper.waitForElementPresence(ElementActionsHelper.java:89)
com.shaft.gui.element.ElementActionsHelper.waitForElementPresence(ElementActionsHelper.java:37)
com.shaft.gui.element.WebDriverElementActions.getMatchingElementsCount(WebDriverElementActions.java:1481)
com.shaft.gui.element.WebDriverElementActions.waitForElementToBePresent(WebDriverElementActions.java:1295)
com.shaft.gui.element.ElementActions.waitForElementToBePresent(ElementActions.java:630)
unitTests.tests_element_elementActions.waitForElementToBePresent_false_expectedToPass(tests_element_elementActions.java:48)
java.base/jdk.internal.reflect.NativeMethodAccessorImpl.invoke0(Native Method)
java.base/jdk.internal.reflect.NativeMethodAccessorImpl.invoke(NativeMethodAccessorImpl.java:77)
java.base/jdk.internal.reflect.DelegatingMethodAccessorImpl.invoke(DelegatingMethodAccessorImpl.java:43)
java.base/java.lang.reflect.Method.invoke(Method.java:568)
org.testng.internal.invokers.MethodInvocationHelper.invokeMethod(MethodInvocationHelper.java:135)
org.testng.internal.invokers.TestInvoker.invokeMethod(TestInvoker.java:673)
org.testng.internal.invokers.TestInvoker.invokeTestMethod(TestInvoker.java:220)
org.testng.internal.invokers.MethodRunner.runInSequence(MethodRunner.java:50)
org.testng.internal.invokers.TestInvoker$MethodInvocationAgent.invoke(TestInvoker.java:945)
org.testng.internal.invokers.TestInvoker.invokeTestMethods(TestInvoker.java:193)
org.testng.internal.invokers.TestMethodWorker.invokeTestMethods(TestMethodWorker.java:146)
org.testng.internal.invokers.TestMethodWorker.run(TestMethodWorker.java:128)
java.base/java.util.ArrayList.forEach(ArrayList.java:1511)
org.testng.TestRunner.privateRun(TestRunner.java:808)
org.testng.TestRunner.run(TestRunner.java:603)
org.testng.SuiteRunner.runTest(SuiteRunner.java:429)
org.testng.SuiteRunner.runSequentially(SuiteRunner.java:423)
org.testng.SuiteRunner.privateRun(SuiteRunner.java:383)
org.testng.SuiteRunner.run(SuiteRunner.java:326)
org.testng.SuiteRunnerWorker.runSuite(SuiteRunnerWorker.java:52)
org.testng.SuiteRunnerWorker.run(SuiteRunnerWorker.java:95)
org.testng.TestNG.runSuitesSequentially(TestNG.java:1249)
org.testng.TestNG.runSuitesLocally(TestNG.java:1169)
org.testng.TestNG.runSuites(TestNG.java:1092)
org.testng.TestNG.run(TestNG.java:1060)
org.apache.maven.surefire.testng.TestNGExecutor.run(TestNGExecutor.java:136)
org.apache.maven.surefire.testng.TestNGDirectoryTestSuite.executeMulti(TestNGDirectoryTestSuite.java:193)
org.apache.maven.surefire.testng.TestNGDirectoryTestSuite.execute(TestNGDirectoryTestSuite.java:94)
org.apache.maven.surefire.testng.TestNGProvider.invoke(TestNGProvider.java:145)
org.apache.maven.surefire.booter.ForkedBooter.runSuitesInProcess(ForkedBooter.java:428)
org.apache.maven.surefire.booter.ForkedBooter.execute(ForkedBooter.java:162)
org.apache.maven.surefire.booter.ForkedBooter.run(ForkedBooter.java:562)
org.apache.maven.surefire.booter.ForkedBooter.main(ForkedBooter.java:548)

Caused by: org.openqa.selenium.NoSuchElementException:
For documentation on this error, please visit: https://selenium.dev/exceptions/#no_such_element
Build info: version: '4.1.2', revision: '9a5a329c5a'
System info: host: 'Mac-1645633576324.local', ip: '10.212.26.64', os.name: 'Mac OS X', os.arch: 'x86_64', os.version: '11.6.3', java.version: '17.0.2'
Driver info: org.openqa.selenium.safari.SafariDriver
Command: [B57B8974-DDF2-4067-83CC-9516C931E3A9, findElement {using=id, value=bla}]
Capabilities {acceptInsecureCerts: false, browserName: Safari, browserVersion: 15.3, goog:loggingPrefs: {browser: ALL, client: ALL, driver: ALL, performance: ALL, profiler: ALL, server: ALL}, javascriptEnabled: true, pageLoadStrategy: normal, platform: MAC, platformName: MAC, safari:automaticInspection: false, safari:automaticProfiling: false, safari:diagnose: false, safari:platformBuildVersion: 20G415, safari:platformVersion: 11.6.3, safari:useSimulator: false, setWindowRect: true, strictFileInteractability: false, timeouts: {pageLoad: 30000, script: 30000}, webkit:WebRTC: {DisableICECandidateFiltering: false, DisableInsecureMediaCapture: false}}
Session ID: B57B8974-DDF2-4067-83CC-9516C931E3A9
java.base/jdk.internal.reflect.NativeConstructorAccessorImpl.newInstance0(Native Method)
java.base/jdk.internal.reflect.NativeConstructorAccessorImpl.newInstance(NativeConstructorAccessorImpl.java:77)
java.base/jdk.internal.reflect.DelegatingConstructorAccessorImpl.newInstance(DelegatingConstructorAccessorImpl.java:45)
java.base/java.lang.reflect.Constructor.newInstanceWithCaller(Constructor.java:499)
java.base/java.lang.reflect.Constructor.newInstance(Constructor.java:480)
org.openqa.selenium.remote.codec.w3c.W3CHttpResponseCodec.createException(W3CHttpResponseCodec.java:200)
org.openqa.selenium.remote.codec.w3c.W3CHttpResponseCodec.decode(W3CHttpResponseCodec.java:133)
org.openqa.selenium.remote.codec.w3c.W3CHttpResponseCodec.decode(W3CHttpResponseCodec.java:53)
org.openqa.selenium.remote.HttpCommandExecutor.execute(HttpCommandExecutor.java:184)
org.openqa.selenium.remote.service.DriverCommandExecutor.invokeExecute(DriverCommandExecutor.java:167)
org.openqa.selenium.remote.service.DriverCommandExecutor.execute(DriverCommandExecutor.java:142)
org.openqa.selenium.remote.RemoteWebDriver.execute(RemoteWebDriver.java:558)
org.openqa.selenium.remote.ElementLocation$ElementFinder$2.findElement(ElementLocation.java:162)
org.openqa.selenium.remote.ElementLocation.findElement(ElementLocation.java:60)
org.openqa.selenium.remote.RemoteWebDriver.findElement(RemoteWebDriver.java:382)
org.openqa.selenium.remote.RemoteWebDriver.findElement(RemoteWebDriver.java:374)
com.shaft.gui.element.ElementActionsHelper.lambda$waitForElementPresence$0(ElementActionsHelper.java:92)
org.openqa.selenium.support.ui.FluentWait.until(FluentWait.java:208)
com.shaft.gui.element.ElementActionsHelper.waitForElementPresence(ElementActionsHelper.java:89)
com.shaft.gui.element.ElementActionsHelper.waitForElementPresence(ElementActionsHelper.java:37)
com.shaft.gui.element.WebDriverElementActions.getMatchingElementsCount(WebDriverElementActions.java:1481)
com.shaft.gui.element.WebDriverElementActions.waitForElementToBePresent(WebDriverElementActions.java:1295)
com.shaft.gui.element.ElementActions.waitForElementToBePresent(ElementActions.java:630)
unitTests.tests_element_elementActions.waitForElementToBePresent_false_expectedToPass(tests_element_elementActions.java:48)
java.base/jdk.internal.reflect.NativeMethodAccessorImpl.invoke0(Native Method)
java.base/jdk.internal.reflect.NativeMethodAccessorImpl.invoke(NativeMethodAccessorImpl.java:77)
java.base/jdk.internal.reflect.DelegatingMethodAccessorImpl.invoke(DelegatingMethodAccessorImpl.java:43)
java.base/java.lang.reflect.Method.invoke(Method.java:568)
org.testng.internal.invokers.MethodInvocationHelper.invokeMethod(MethodInvocationHelper.java:135)
org.testng.internal.invokers.TestInvoker.invokeMethod(TestInvoker.java:673)
org.testng.internal.invokers.TestInvoker.invokeTestMethod(TestInvoker.java:220)
org.testng.internal.invokers.MethodRunner.runInSequence(MethodRunner.java:50)
org.testng.internal.invokers.TestInvoker$MethodInvocationAgent.invoke(TestInvoker.java:945)
org.testng.internal.invokers.TestInvoker.invokeTestMethods(TestInvoker.java:193)
org.testng.internal.invokers.TestMethodWorker.invokeTestMethods(TestMethodWorker.java:146)
org.testng.internal.invokers.TestMethodWorker.run(TestMethodWorker.java:128)
java.base/java.util.ArrayList.forEach(ArrayList.java:1511)
org.testng.TestRunner.privateRun(TestRunner.java:808)
org.testng.TestRunner.run(TestRunner.java:603)
org.testng.SuiteRunner.runTest(SuiteRunner.java:429)
org.testng.SuiteRunner.runSequentially(SuiteRunner.java:423)
org.testng.SuiteRunner.privateRun(SuiteRunner.java:383)
org.testng.SuiteRunner.run(SuiteRunner.java:326)
org.testng.SuiteRunnerWorker.runSuite(SuiteRunnerWorker.java:52)
org.testng.SuiteRunnerWorker.run(SuiteRunnerWorker.java:95)
org.testng.TestNG.runSuitesSequentially(TestNG.java:1249)
org.testng.TestNG.runSuitesLocally(TestNG.java:1169)
org.testng.TestNG.runSuites(TestNG.java:1092)
org.testng.TestNG.run(TestNG.java:1060)
org.apache.maven.surefire.testng.TestNGExecutor.run(TestNGExecutor.java:136)
org.apache.maven.surefire.testng.TestNGDirectoryTestSuite.executeMulti(TestNGDirectoryTestSuite.java:193)
org.apache.maven.surefire.testng.TestNGDirectoryTestSuite.execute(TestNGDirectoryTestSuite.java:94)
org.apache.maven.surefire.testng.TestNGProvider.invoke(TestNGProvider.java:145)
org.apache.maven.surefire.booter.ForkedBooter.runSuitesInProcess(ForkedBooter.java:428)
org.apache.maven.surefire.booter.ForkedBooter.execute(ForkedBooter.java:162)
org.apache.maven.surefire.booter.ForkedBooter.run(ForkedBooter.java:562)
org.apache.maven.surefire.booter.ForkedBooter.main(ForkedBooter.java:548) @23-02-2022 16:28:32.0909 PM
[ReportManager] Element Action [WaitForElementToBePresent] successfully performed. With the following test data [waited for the element's state of presence to be (false). Element locator (By.id: bla)]. @23-02-2022 16:28:32.0910 P
[ReportManager] Browser Action [CloseCurrentWindow] successfully performed. @23-02-2022 16:28:33.0071 PM
[ReportManager] Successfully created attachment [Browser Action Test Data - CloseCurrentWindow - Actual Value] @23-02-2022 16:28:33.0072 P
[ReportManager] File Action [GetAbsolutePath] successfully performed. With the following test data [Relative Folder Path: "target/downloadedFiles/"]. @23-02-2022 16:28:33.0080 PM
[ReportManager] Attempting to run locally on: [Mac-64], [Safari], Headless Execution. @23-02-2022 16:28:33.0080 PM
[ReportManager] Successfully Opened Safari. @23-02-2022 16:28:33.0987 PM
[ReportManager] Initial window size: (800, 600) @23-02-2022 16:28:34.0009 PM
[ReportManager] Window size after SWD Maximize: (1176, 803) @23-02-2022 16:28:34.0080 PM
[ReportManager] Browser Action [MaximizeWindow] successfully performed. With the following test data [New screen size is now: (1176, 803)]. @23-02-2022 16:28:34.0081 P

################################################################################################################################################
Starting Execution:	[3 out of 165] test cases in the current suite
Test Method:		[unitTests.tests_element_elementActions.waitForElementToBePresent_moreThanOneElement_expectedToFail]
################################################################################################################################################
[ReportManager] Target URL: [https://www.google.com/ncr], and after redirection: [www.google.com] @23-02-2022 16:28:34.0127 PM
[ReportManager] Initial URL: [] @23-02-2022 16:28:34.0197 PM
[ReportManager] Browser Action [NavigateToURL] successfully performed. With the following test data [https://www.google.com/ncr]. @23-02-2022 16:28:36.0723 PM
[ReportManager] Waiting for element to be present; elementLocator [By.xpath: //*], numberOfTries[1], stateOfPresence[false]... @23-02-2022 16:28:36.0723 PM
[ReportManager] Element Action [WaitForElementToBePresent] failed. With the following test data [waited for the element's state of presence to be (false). Element locator (By.xpath: //*)]. @23-02-2022 16:28:36.0950 PM
[ReportManager] Successfully created attachment [Screenshot - 1645633716811_waitForElementToBePresent_moreThanOneElement_expectedToFail_WaitForElementToBePresent_failed] @23-02-2022 16:28:36.0954 P
[ReportManager] Browser Action [CloseCurrentWindow] successfully performed. @23-02-2022 16:28:37.0288 PM
[ReportManager] Successfully created attachment [Browser Action Test Data - CloseCurrentWindow - Actual Value] @23-02-2022 16:28:37.0289 P
[ReportManager] File Action [GetAbsolutePath] successfully performed. With the following test data [Relative Folder Path: "target/downloadedFiles/"]. @23-02-2022 16:28:37.0296 PM
[ReportManager] Attempting to run locally on: [Mac-64], [Safari], Headless Execution. @23-02-2022 16:28:37.0296 PM
[ReportManager] Successfully Opened Safari. @23-02-2022 16:28:38.0206 PM
[ReportManager] Initial window size: (800, 600) @23-02-2022 16:28:38.0226 PM
[ReportManager] Window size after SWD Maximize: (1176, 803) @23-02-2022 16:28:38.0247 PM
[ReportManager] Browser Action [MaximizeWindow] successfully performed. With the following test data [New screen size is now: (1176, 803)]. @23-02-2022 16:28:38.0247 P

################################################################################################################################################
Starting Execution:	[4 out of 165] test cases in the current suite
Test Method:		[unitTests.tests_element_elementActions.waitForElementToBePresent_true_expectedToFail]
################################################################################################################################################
[ReportManager] Target URL: [https://www.google.com/ncr], and after redirection: [www.google.com] @23-02-2022 16:28:38.0296 PM
[ReportManager] Initial URL: [] @23-02-2022 16:28:38.0390 PM
[ReportManager] Browser Action [NavigateToURL] successfully performed. With the following test data [https://www.google.com/ncr]. @23-02-2022 16:28:39.0823 PM
[ReportManager] Waiting for element to be present; elementLocator [By.id: bla], numberOfTries[1], stateOfPresence[true]... @23-02-2022 16:28:39.0824 PM
[ReportManager] org.openqa.selenium.TimeoutException:
Expected condition failed: waiting for com.shaft.gui.element.ElementActionsHelper$$Lambda$640/0x000000080114ace8@f461c9c (tried for 5 second(s) with 1000 milliseconds interval)
org.openqa.selenium.support.ui.FluentWait.timeoutException(FluentWait.java:263)
org.openqa.selenium.support.ui.FluentWait.until(FluentWait.java:231)
com.shaft.gui.element.ElementActionsHelper.waitForElementPresence(ElementActionsHelper.java:89)
com.shaft.gui.element.ElementActionsHelper.waitForElementPresence(ElementActionsHelper.java:37)
com.shaft.gui.element.WebDriverElementActions.getMatchingElementsCount(WebDriverElementActions.java:1481)
com.shaft.gui.element.WebDriverElementActions.waitForElementToBePresent(WebDriverElementActions.java:1295)
com.shaft.gui.element.ElementActions.waitForElementToBePresent(ElementActions.java:630)
unitTests.tests_element_elementActions.waitForElementToBePresent_true_expectedToFail(tests_element_elementActions.java:39)
java.base/jdk.internal.reflect.NativeMethodAccessorImpl.invoke0(Native Method)
java.base/jdk.internal.reflect.NativeMethodAccessorImpl.invoke(NativeMethodAccessorImpl.java:77)
java.base/jdk.internal.reflect.DelegatingMethodAccessorImpl.invoke(DelegatingMethodAccessorImpl.java:43)
java.base/java.lang.reflect.Method.invoke(Method.java:568)
org.testng.internal.invokers.MethodInvocationHelper.invokeMethod(MethodInvocationHelper.java:135)
org.testng.internal.invokers.TestInvoker.invokeMethod(TestInvoker.java:673)
org.testng.internal.invokers.TestInvoker.invokeTestMethod(TestInvoker.java:220)
org.testng.internal.invokers.MethodRunner.runInSequence(MethodRunner.java:50)
org.testng.internal.invokers.TestInvoker$MethodInvocationAgent.invoke(TestInvoker.java:945)
org.testng.internal.invokers.TestInvoker.invokeTestMethods(TestInvoker.java:193)
org.testng.internal.invokers.TestMethodWorker.invokeTestMethods(TestMethodWorker.java:146)
org.testng.internal.invokers.TestMethodWorker.run(TestMethodWorker.java:128)
java.base/java.util.ArrayList.forEach(ArrayList.java:1511)
org.testng.TestRunner.privateRun(TestRunner.java:808)
org.testng.TestRunner.run(TestRunner.java:603)
org.testng.SuiteRunner.runTest(SuiteRunner.java:429)
org.testng.SuiteRunner.runSequentially(SuiteRunner.java:423)
org.testng.SuiteRunner.privateRun(SuiteRunner.java:383)
org.testng.SuiteRunner.run(SuiteRunner.java:326)
org.testng.SuiteRunnerWorker.runSuite(SuiteRunnerWorker.java:52)
org.testng.SuiteRunnerWorker.run(SuiteRunnerWorker.java:95)
org.testng.TestNG.runSuitesSequentially(TestNG.java:1249)
org.testng.TestNG.runSuitesLocally(TestNG.java:1169)
org.testng.TestNG.runSuites(TestNG.java:1092)
org.testng.TestNG.run(TestNG.java:1060)
org.apache.maven.surefire.testng.TestNGExecutor.run(TestNGExecutor.java:136)
org.apache.maven.surefire.testng.TestNGDirectoryTestSuite.executeMulti(TestNGDirectoryTestSuite.java:193)
org.apache.maven.surefire.testng.TestNGDirectoryTestSuite.execute(TestNGDirectoryTestSuite.java:94)
org.apache.maven.surefire.testng.TestNGProvider.invoke(TestNGProvider.java:145)
org.apache.maven.surefire.booter.ForkedBooter.runSuitesInProcess(ForkedBooter.java:428)
org.apache.maven.surefire.booter.ForkedBooter.execute(ForkedBooter.java:162)
org.apache.maven.surefire.booter.ForkedBooter.run(ForkedBooter.java:562)
org.apache.maven.surefire.booter.ForkedBooter.main(ForkedBooter.java:548)

Caused by: org.openqa.selenium.NoSuchElementException:
For documentation on this error, please visit: https://selenium.dev/exceptions/#no_such_element
Build info: version: '4.1.2', revision: '9a5a329c5a'
System info: host: 'Mac-1645633576324.local', ip: '10.212.26.64', os.name: 'Mac OS X', os.arch: 'x86_64', os.version: '11.6.3', java.version: '17.0.2'
Driver info: org.openqa.selenium.safari.SafariDriver
Command: [C5B9BA67-D8B0-4859-BE9E-DEFD5C8FB4B6, findElement {using=id, value=bla}]
Capabilities {acceptInsecureCerts: false, browserName: Safari, browserVersion: 15.3, goog:loggingPrefs: {browser: ALL, client: ALL, driver: ALL, performance: ALL, profiler: ALL, server: ALL}, javascriptEnabled: true, pageLoadStrategy: normal, platform: MAC, platformName: MAC, safari:automaticInspection: false, safari:automaticProfiling: false, safari:diagnose: false, safari:platformBuildVersion: 20G415, safari:platformVersion: 11.6.3, safari:useSimulator: false, setWindowRect: true, strictFileInteractability: false, timeouts: {pageLoad: 30000, script: 30000}, webkit:WebRTC: {DisableICECandidateFiltering: false, DisableInsecureMediaCapture: false}}
Session ID: C5B9BA67-D8B0-4859-BE9E-DEFD5C8FB4B6
java.base/jdk.internal.reflect.NativeConstructorAccessorImpl.newInstance0(Native Method)
java.base/jdk.internal.reflect.NativeConstructorAccessorImpl.newInstance(NativeConstructorAccessorImpl.java:77)
java.base/jdk.internal.reflect.DelegatingConstructorAccessorImpl.newInstance(DelegatingConstructorAccessorImpl.java:45)
java.base/java.lang.reflect.Constructor.newInstanceWithCaller(Constructor.java:499)
java.base/java.lang.reflect.Constructor.newInstance(Constructor.java:480)
org.openqa.selenium.remote.codec.w3c.W3CHttpResponseCodec.createException(W3CHttpResponseCodec.java:200)
org.openqa.selenium.remote.codec.w3c.W3CHttpResponseCodec.decode(W3CHttpResponseCodec.java:133)
org.openqa.selenium.remote.codec.w3c.W3CHttpResponseCodec.decode(W3CHttpResponseCodec.java:53)
org.openqa.selenium.remote.HttpCommandExecutor.execute(HttpCommandExecutor.java:184)
org.openqa.selenium.remote.service.DriverCommandExecutor.invokeExecute(DriverCommandExecutor.java:167)
org.openqa.selenium.remote.service.DriverCommandExecutor.execute(DriverCommandExecutor.java:142)
org.openqa.selenium.remote.RemoteWebDriver.execute(RemoteWebDriver.java:558)
org.openqa.selenium.remote.ElementLocation$ElementFinder$2.findElement(ElementLocation.java:162)
org.openqa.selenium.remote.ElementLocation.findElement(ElementLocation.java:60)
org.openqa.selenium.remote.RemoteWebDriver.findElement(RemoteWebDriver.java:382)
org.openqa.selenium.remote.RemoteWebDriver.findElement(RemoteWebDriver.java:374)
com.shaft.gui.element.ElementActionsHelper.lambda$waitForElementPresence$0(ElementActionsHelper.java:92)
org.openqa.selenium.support.ui.FluentWait.until(FluentWait.java:208)
com.shaft.gui.element.ElementActionsHelper.waitForElementPresence(ElementActionsHelper.java:89)
com.shaft.gui.element.ElementActionsHelper.waitForElementPresence(ElementActionsHelper.java:37)
com.shaft.gui.element.WebDriverElementActions.getMatchingElementsCount(WebDriverElementActions.java:1481)
com.shaft.gui.element.WebDriverElementActions.waitForElementToBePresent(WebDriverElementActions.java:1295)
com.shaft.gui.element.ElementActions.waitForElementToBePresent(ElementActions.java:630)
unitTests.tests_element_elementActions.waitForElementToBePresent_true_expectedToFail(tests_element_elementActions.java:39)
java.base/jdk.internal.reflect.NativeMethodAccessorImpl.invoke0(Native Method)
java.base/jdk.internal.reflect.NativeMethodAccessorImpl.invoke(NativeMethodAccessorImpl.java:77)
java.base/jdk.internal.reflect.DelegatingMethodAccessorImpl.invoke(DelegatingMethodAccessorImpl.java:43)
java.base/java.lang.reflect.Method.invoke(Method.java:568)
org.testng.internal.invokers.MethodInvocationHelper.invokeMethod(MethodInvocationHelper.java:135)
org.testng.internal.invokers.TestInvoker.invokeMethod(TestInvoker.java:673)
org.testng.internal.invokers.TestInvoker.invokeTestMethod(TestInvoker.java:220)
org.testng.internal.invokers.MethodRunner.runInSequence(MethodRunner.java:50)
org.testng.internal.invokers.TestInvoker$MethodInvocationAgent.invoke(TestInvoker.java:945)
org.testng.internal.invokers.TestInvoker.invokeTestMethods(TestInvoker.java:193)
org.testng.internal.invokers.TestMethodWorker.invokeTestMethods(TestMethodWorker.java:146)
org.testng.internal.invokers.TestMethodWorker.run(TestMethodWorker.java:128)
java.base/java.util.ArrayList.forEach(ArrayList.java:1511)
org.testng.TestRunner.privateRun(TestRunner.java:808)
org.testng.TestRunner.run(TestRunner.java:603)
org.testng.SuiteRunner.runTest(SuiteRunner.java:429)
org.testng.SuiteRunner.runSequentially(SuiteRunner.java:423)
org.testng.SuiteRunner.privateRun(SuiteRunner.java:383)
org.testng.SuiteRunner.run(SuiteRunner.java:326)
org.testng.SuiteRunnerWorker.runSuite(SuiteRunnerWorker.java:52)
org.testng.SuiteRunnerWorker.run(SuiteRunnerWorker.java:95)
org.testng.TestNG.runSuitesSequentially(TestNG.java:1249)
org.testng.TestNG.runSuitesLocally(TestNG.java:1169)
org.testng.TestNG.runSuites(TestNG.java:1092)
org.testng.TestNG.run(TestNG.java:1060)
org.apache.maven.surefire.testng.TestNGExecutor.run(TestNGExecutor.java:136)
org.apache.maven.surefire.testng.TestNGDirectoryTestSuite.executeMulti(TestNGDirectoryTestSuite.java:193)
org.apache.maven.surefire.testng.TestNGDirectoryTestSuite.execute(TestNGDirectoryTestSuite.java:94)
org.apache.maven.surefire.testng.TestNGProvider.invoke(TestNGProvider.java:145)
org.apache.maven.surefire.booter.ForkedBooter.runSuitesInProcess(ForkedBooter.java:428)
org.apache.maven.surefire.booter.ForkedBooter.execute(ForkedBooter.java:162)
org.apache.maven.surefire.booter.ForkedBooter.run(ForkedBooter.java:562)
org.apache.maven.surefire.booter.ForkedBooter.main(ForkedBooter.java:548) @23-02-2022 16:28:45.0167 PM
[ReportManager] Element Action [WaitForElementToBePresent] failed. With the following test data [waited for the element's state of presence to be (true). Element locator (By.id: bla)]. @23-02-2022 16:28:45.0296 PM
[ReportManager] Successfully created attachment [Screenshot - 1645633725200_waitForElementToBePresent_true_expectedToFail_WaitForElementToBePresent_failed] @23-02-2022 16:28:45.0299 P
[ReportManager] Browser Action [CloseCurrentWindow] successfully performed. @23-02-2022 16:28:45.0636 PM
[ReportManager] Successfully created attachment [Browser Action Test Data - CloseCurrentWindow - Actual Value] @23-02-2022 16:28:45.0637 P
[ReportManager] File Action [GetAbsolutePath] successfully performed. With the following test data [Relative Folder Path: "target/downloadedFiles/"]. @23-02-2022 16:28:45.0641 PM
[ReportManager] Attempting to run locally on: [Mac-64], [Safari], Headless Execution. @23-02-2022 16:28:45.0642 PM
[ReportManager] Successfully Opened Safari. @23-02-2022 16:28:46.0493 PM
[ReportManager] Initial window size: (800, 600) @23-02-2022 16:28:46.0513 PM
[ReportManager] Window size after SWD Maximize: (1176, 803) @23-02-2022 16:28:46.0545 PM
[ReportManager] Browser Action [MaximizeWindow] successfully performed. With the following test data [New screen size is now: (1176, 803)]. @23-02-2022 16:28:46.0546 P

################################################################################################################################################
Starting Execution:	[5 out of 165] test cases in the current suite
Test Method:		[unitTests.tests_element_elementActions.waitForElementToBePresent_true_expectedToPass]
################################################################################################################################################
[ReportManager] Target URL: [https://www.google.com/ncr], and after redirection: [www.google.com] @23-02-2022 16:28:46.0561 PM
[ReportManager] Initial URL: [] @23-02-2022 16:28:46.0613 PM
[ReportManager] Browser Action [NavigateToURL] successfully performed. With the following test data [https://www.google.com/ncr]. @23-02-2022 16:28:48.0013 PM
[ReportManager] Waiting for element to be present; elementLocator [By.xpath: //*[@id='hplogo' or @alt='Google']], numberOfTries[1], stateOfPresence[true]... @23-02-2022 16:28:48.0013 PM
[ReportManager] Element Action [WaitForElementToBePresent] successfully performed. With the following test data [waited for the element's state of presence to be (true). Element locator (By.xpath: //*[@id='hplogo' or @alt='Google'])]. @23-02-2022 16:28:48.0047 PM
[ReportManager] File Action [DoesFileExist] successfully performed. With the following test data [File Path: "src/main/resources/dynamicObjectRepository/unitTests_tests_element_elementActions_waitForElementToBePresent_true_expectedToPass_By_xpath_id_hplogo_or_alt_Google.png"]. @23-02-2022 16:28:48.0057 PM
[ReportManager] File Action [DoesFileExist] successfully performed. With the following test data [File Path: "src/main/resources/dynamicObjectRepository/unitTests_tests_element_elementActions_waitForElementToBePresent_true_expectedToPass_By_xpath_id_hplogo_or_alt_Google.png"]. @23-02-2022 16:28:48.0144 PM
[ReportManager] Passing the test and saving a reference image @23-02-2022 16:28:48.0144 PM
[ReportManager] File Action [GetAbsolutePath] successfully performed. With the following test data [Relative File Path: "src/main/resources/dynamicObjectRepository/unitTests_tests_element_elementActions_waitForElementToBePresent_true_expectedToPass_By_xpath_id_hplogo_or_alt_Google.png"]. @23-02-2022 16:28:48.0144 PM
[ReportManager] File Action [WriteToFile] successfully performed. With the following test data [Target File Path: "/Users/runner/work/SHAFT_ENGINE/SHAFT_ENGINE/src/main/resources/dynamicObjectRepository/unitTests_tests_element_elementActions_waitForElementToBePresent_true_expectedToPass_By_xpath_id_hplogo_or_alt_Google.png"]. @23-02-2022 16:28:48.0145 PM
[ReportManager] Assertion Passed: Using Visual AI; OpenCV @23-02-2022 16:28:48.0148 PM
[ReportManager] Successfully created attachment [Validation Test Data - Actual Screenshot] @23-02-2022 16:28:48.0149 PM
[ReportManager] Assertion [ValidateElementMatches] PASSED. Expected [Element should match the reference screenshot] and Actual [TRUE]. Comparison Type [EXACT_OPENCV]. Validation Type [POSITIVE]. @23-02-2022 16:28:48.0149 P
[ReportManager] Browser Action [CloseCurrentWindow] successfully performed. @23-02-2022 16:28:48.0514 PM
[ReportManager] Successfully created attachment [Browser Action Test Data - CloseCurrentWindow - Actual Value] @23-02-2022 16:28:48.0515 P
[ReportManager] File Action [GetAbsolutePath] successfully performed. With the following test data [Relative Folder Path: "target/downloadedFiles/"]. @23-02-2022 16:28:48.0520 PM
[ReportManager] Attempting to run locally on: [Mac-64], [Safari], Headless Execution. @23-02-2022 16:28:48.0521 PM
[ReportManager] Successfully Opened Safari. @23-02-2022 16:28:49.0464 PM
[ReportManager] Initial window size: (800, 600) @23-02-2022 16:28:49.0499 PM
[ReportManager] Window size after SWD Maximize: (1176, 803) @23-02-2022 16:28:49.0546 PM
[ReportManager] Browser Action [MaximizeWindow] successfully performed. With the following test data [New screen size is now: (1176, 803)]. @23-02-2022 16:28:49.0546 PM
[ReportManager] Target URL: [https://duckduckgo.com] @23-02-2022 16:28:49.0547 PM
[ReportManager] Initial URL: [] @23-02-2022 16:28:49.0643 PM
[ReportManager] Browser Action [NavigateToURL] successfully performed. With the following test data [https://duckduckgo.com]. @23-02-2022 16:28:50.0678 P

################################################################################################################################################
Starting Execution:	[6 out of 165] test cases in the current suite
Test Method:		[unitTests.tests_browserActions.fullScreenWindow]
################################################################################################################################################
[ReportManager] Initial Windows Size: 1176x803 @23-02-2022 16:28:50.0698 PM
[ReportManager] Current Windows Size after fullScreen: 1176x885 @23-02-2022 16:28:51.0193 PM
[ReportManager] Browser Action [FullScreenWindow] successfully performed. @23-02-2022 16:28:51.0205 PM
[ReportManager] Successfully created attachment [Browser Action Test Data - FullScreenWindow - Actual Value] @23-02-2022 16:28:51.0210 P
[ReportManager] Target URL: [https://duckduckgo.com] @23-02-2022 16:28:51.0223 PM
[ReportManager] Initial URL: [https://duckduckgo.com] @23-02-2022 16:28:51.0375 PM
[ReportManager] Browser Action [NavigateToURL] successfully performed. With the following test data [https://duckduckgo.com]. @23-02-2022 16:28:52.0855 PM
[ReportManager] Browser Action [CloseCurrentWindow] successfully performed. @23-02-2022 16:28:53.0128 PM
[ReportManager] Successfully created attachment [Browser Action Test Data - CloseCurrentWindow - Actual Value] @23-02-2022 16:28:53.0131 P
[ReportManager] File Action [GetAbsolutePath] successfully performed. With the following test data [Relative Folder Path: "target/downloadedFiles/"]. @23-02-2022 16:28:53.0135 PM
[ReportManager] Attempting to run locally on: [Mac-64], [Safari], Headless Execution. @23-02-2022 16:28:53.0135 PM
[ReportManager] An Exception Occured with this Message: Could not start a new session. Possible causes are invalid address of the remote server or browser start-up failure.. @23-02-2022 16:28:53.0311 PM
[ReportManager] Successfully created attachment [Exception Stack Trace - org.openqa.selenium.SessionNotCreatedException] @23-02-2022 16:28:53.0312 PM
[ReportManager] Driver Factory Action [createNewLocalDriverInstanceForSafari] failed. With the following test data [Failed to create a session on DESKTOP_SAFARI]. @23-02-2022 16:28:53.0312 P

################################################################################################################################################
Starting Execution:	[7 out of 165] test cases in the current suite
Test Method:		[unitTests.tests_browserActions.getCurrentURL]
###############################################################################################################################################



################################################################################################################################################
Starting Execution:	[8 out of 165] test cases in the current suite
Test Method:		[unitTests.tests_browserActions.getCurrentWindowTitle]
###############################################################################################################################################



################################################################################################################################################
Starting Execution:	[9 out of 165] test cases in the current suite
Test Method:		[unitTests.tests_browserActions.getPageSource]
###############################################################################################################################################



################################################################################################################################################
Starting Execution:	[10 out of 165] test cases in the current suite
Test Method:		[unitTests.tests_browserActions.getWindowHandle]
###############################################################################################################################################



################################################################################################################################################
Starting Execution:	[11 out of 165] test cases in the current suite
Test Method:		[unitTests.tests_browserActions.getWindowPosition]
###############################################################################################################################################



################################################################################################################################################
Starting Execution:	[12 out of 165] test cases in the current suite
Test Method:		[unitTests.tests_browserActions.getWindowSize]
###############################################################################################################################################



################################################################################################################################################
Starting Execution:	[13 out of 165] test cases in the current suite
Test Method:		[unitTests.tests_browserActions.maximizeWindow]
###############################################################################################################################################



################################################################################################################################################
Starting Execution:	[14 out of 165] test cases in the current suite
Test Method:		[unitTests.tests_browserActions.navigateBack]
###############################################################################################################################################



################################################################################################################################################
Starting Execution:	[15 out of 165] test cases in the current suite
Test Method:		[unitTests.tests_browserActions.navigateForward]
###############################################################################################################################################



################################################################################################################################################
Starting Execution:	[16 out of 165] test cases in the current suite
Test Method:		[unitTests.tests_browserActions.navigateToURL]
###############################################################################################################################################



################################################################################################################################################
Starting Execution:	[17 out of 165] test cases in the current suite
Test Method:		[unitTests.tests_browserActions.navigateToURLWithRedirection]
###############################################################################################################################################



################################################################################################################################################
Starting Execution:	[18 out of 165] test cases in the current suite
Test Method:		[unitTests.tests_browserActions.refreshCurrentPage]
###############################################################################################################################################



################################################################################################################################################
Starting Execution:	[19 out of 165] test cases in the current suite
Test Method:		[unitTests.tests_browserActions.setWindowSize]
###############################################################################################################################################

[ReportManager] Successfully loaded the following test data file [src/test/resources/testDataFiles/testSuite01/TestData.xlsx]. @23-02-2022 16:28:54.0716 PM
[ReportManager] Successfully created attachment [Test Data - Excel] @23-02-2022 16:28:54.0717 P

################################################################################################################################################
Starting Execution:	[20 out of 165] test cases in the current suite
Test Method:		[unitTests.tests_io_excelFileManager.getCellData_rowName_expectedToPass]
################################################################################################################################################
[ReportManager] testRowData. @23-02-2022 16:28:54.0731 P

################################################################################################################################################
Starting Execution:	[21 out of 165] test cases in the current suite
Test Method:		[unitTests.tests_validations_assertions.assertComparativeRelation_greaterThanOrEquals_false_equals_expectedToFail]
################################################################################################################################################
[ReportManager] Assertion [ValidateComparativeRelation] FAILED. Expected [1] and Actual [1]. Comparison Type [GREATER_THAN_OR_EQUALS]. Validation Type [NEGATIVE]. @23-02-2022 16:28:54.0738 P

################################################################################################################################################
Starting Execution:	[22 out of 165] test cases in the current suite
Test Method:		[unitTests.tests_validations_assertions.assertComparativeRelation_greaterThanOrEquals_false_equals_expectedToPass]
################################################################################################################################################
[ReportManager] Assertion [ValidateComparativeRelation] PASSED. Expected [2] and Actual [1]. Comparison Type [GREATER_THAN_OR_EQUALS]. Validation Type [NEGATIVE]. @23-02-2022 16:28:54.0743 P

################################################################################################################################################
Starting Execution:	[23 out of 165] test cases in the current suite
Test Method:		[unitTests.tests_validations_assertions.assertComparativeRelation_greaterThanOrEquals_false_greaterThan_expectedToFail]
################################################################################################################################################
[ReportManager] Assertion [ValidateComparativeRelation] FAILED. Expected [1] and Actual [2]. Comparison Type [GREATER_THAN_OR_EQUALS]. Validation Type [NEGATIVE]. @23-02-2022 16:28:54.0747 P

################################################################################################################################################
Starting Execution:	[24 out of 165] test cases in the current suite
Test Method:		[unitTests.tests_validations_assertions.assertComparativeRelation_greaterThanOrEquals_false_greaterThan_expectedToPass]
################################################################################################################################################
[ReportManager] Assertion [ValidateComparativeRelation] PASSED. Expected [2] and Actual [1]. Comparison Type [GREATER_THAN_OR_EQUALS]. Validation Type [NEGATIVE]. @23-02-2022 16:28:54.0752 P

################################################################################################################################################
Starting Execution:	[25 out of 165] test cases in the current suite
Test Method:		[unitTests.tests_validations_assertions.assertComparativeRelation_greaterThanOrEquals_true_equals_expectedToFail]
################################################################################################################################################
[ReportManager] Assertion [ValidateComparativeRelation] FAILED. Expected [1] and Actual [0]. Comparison Type [GREATER_THAN_OR_EQUALS]. Validation Type [POSITIVE]. @23-02-2022 16:28:54.0757 P

################################################################################################################################################
Starting Execution:	[26 out of 165] test cases in the current suite
Test Method:		[unitTests.tests_validations_assertions.assertComparativeRelation_greaterThanOrEquals_true_equals_expectedToPass]
################################################################################################################################################
[ReportManager] Assertion [ValidateComparativeRelation] PASSED. Expected [1] and Actual [1]. Comparison Type [GREATER_THAN_OR_EQUALS]. Validation Type [POSITIVE]. @23-02-2022 16:28:54.0763 P

################################################################################################################################################
Starting Execution:	[27 out of 165] test cases in the current suite
Test Method:		[unitTests.tests_validations_assertions.assertComparativeRelation_greaterThanOrEquals_true_greaterThan_expectedToFail]
################################################################################################################################################
[ReportManager] Assertion [ValidateComparativeRelation] FAILED. Expected [2] and Actual [1]. Comparison Type [GREATER_THAN_OR_EQUALS]. Validation Type [POSITIVE]. @23-02-2022 16:28:54.0768 P

################################################################################################################################################
Starting Execution:	[28 out of 165] test cases in the current suite
Test Method:		[unitTests.tests_validations_assertions.assertComparativeRelation_greaterThanOrEquals_true_greaterThan_expectedToPass]
################################################################################################################################################
[ReportManager] Assertion [ValidateComparativeRelation] PASSED. Expected [1] and Actual [2]. Comparison Type [GREATER_THAN_OR_EQUALS]. Validation Type [POSITIVE]. @23-02-2022 16:28:54.0773 P
[ReportManager] File Action [GetAbsolutePath] successfully performed. With the following test data [Relative Folder Path: "target/downloadedFiles/"]. @23-02-2022 16:28:54.0777 PM
[ReportManager] Attempting to run locally on: [Mac-64], [Safari], Headless Execution. @23-02-2022 16:28:54.0777 PM
[ReportManager] Successfully Opened Safari. @23-02-2022 16:28:55.0594 PM
[ReportManager] Initial window size: (800, 600) @23-02-2022 16:28:55.0615 PM
[ReportManager] Window size after SWD Maximize: (1176, 803) @23-02-2022 16:28:55.0646 PM
[ReportManager] Browser Action [MaximizeWindow] successfully performed. With the following test data [New screen size is now: (1176, 803)]. @23-02-2022 16:28:55.0647 PM
[ReportManager] Target URL: [https://www.google.com/ncr], and after redirection: [www.google.com] @23-02-2022 16:28:55.0647 PM
[ReportManager] Initial URL: [] @23-02-2022 16:28:55.0696 PM
[ReportManager] Browser Action [NavigateToURL] successfully performed. With the following test data [https://www.google.com/ncr]. @23-02-2022 16:28:57.0058 P

################################################################################################################################################
Starting Execution:	[29 out of 165] test cases in the current suite
Test Method:		[unitTests.tests_validations_assertions.assertElementAttribute_false_caseInsensitiveComparison_expectedToFail]
################################################################################################################################################
[ReportManager] Element Action [Type] successfully performed. With the following test data [AUTOMATION]. @23-02-2022 16:28:57.0421 PM
[ReportManager] Element Action [GetText] successfully performed. With the following test data [AUTOMATION]. @23-02-2022 16:28:57.0523 PM
[ReportManager] Assertion [ValidateElementAttribute] FAILED. Expected [Value Should not be 'AutomaTion' for the 'text' attribute, element locator 'By.name: q'] and Actual [AUTOMATION]. Comparison Type [CASE_INSENSITIVE]. Validation Type [NEGATIVE]. @23-02-2022 16:28:57.0872 PM
[ReportManager] Successfully created attachment [Screenshot - 1645633737772_assertElementAttribute_false_caseInsensitiveComparison_expectedToFail_ValidateElementAttribute_failed] @23-02-2022 16:28:57.0876 P
[ReportManager] Browser Action [CloseCurrentWindow] successfully performed. @23-02-2022 16:28:58.0232 PM
[ReportManager] Successfully created attachment [Browser Action Test Data - CloseCurrentWindow - Actual Value] @23-02-2022 16:28:58.0233 P
[ReportManager] File Action [GetAbsolutePath] successfully performed. With the following test data [Relative Folder Path: "target/downloadedFiles/"]. @23-02-2022 16:28:58.0238 PM
[ReportManager] Attempting to run locally on: [Mac-64], [Safari], Headless Execution. @23-02-2022 16:28:58.0239 PM
[ReportManager] Successfully Opened Safari. @23-02-2022 16:28:59.0082 PM
[ReportManager] Initial window size: (800, 600) @23-02-2022 16:28:59.0116 PM
[ReportManager] Window size after SWD Maximize: (1176, 803) @23-02-2022 16:28:59.0142 PM
[ReportManager] Browser Action [MaximizeWindow] successfully performed. With the following test data [New screen size is now: (1176, 803)]. @23-02-2022 16:28:59.0142 PM
[ReportManager] Target URL: [https://www.google.com/ncr], and after redirection: [www.google.com] @23-02-2022 16:28:59.0143 PM
[ReportManager] Initial URL: [] @23-02-2022 16:28:59.0213 PM
[ReportManager] Browser Action [NavigateToURL] successfully performed. With the following test data [https://www.google.com/ncr]. @23-02-2022 16:29:00.0578 P

################################################################################################################################################
Starting Execution:	[30 out of 165] test cases in the current suite
Test Method:		[unitTests.tests_validations_assertions.assertElementAttribute_false_caseInsensitiveComparison_expectedToPass]
################################################################################################################################################
[ReportManager] Element Action [Type] successfully performed. With the following test data [AUTOMATION]. @23-02-2022 16:29:01.0241 PM
[ReportManager] Element Action [GetText] successfully performed. With the following test data [AUTOMATION]. @23-02-2022 16:29:01.0325 PM
[ReportManager] Assertion [ValidateElementAttribute] PASSED. Expected [Value Should not be 'AutomaTion123' for the 'text' attribute, element locator 'By.name: q'] and Actual [AUTOMATION]. Comparison Type [CASE_INSENSITIVE]. Validation Type [NEGATIVE]. @23-02-2022 16:29:01.0562 PM
[ReportManager] Successfully created attachment [Screenshot - 1645633741438_assertElementAttribute_false_caseInsensitiveComparison_expectedToPass_ValidateElementAttribute_passed] @23-02-2022 16:29:01.0563 P
[ReportManager] Browser Action [CloseCurrentWindow] successfully performed. @23-02-2022 16:29:01.0901 PM
[ReportManager] Successfully created attachment [Browser Action Test Data - CloseCurrentWindow - Actual Value] @23-02-2022 16:29:01.0902 P
[ReportManager] File Action [GetAbsolutePath] successfully performed. With the following test data [Relative Folder Path: "target/downloadedFiles/"]. @23-02-2022 16:29:01.0906 PM
[ReportManager] Attempting to run locally on: [Mac-64], [Safari], Headless Execution. @23-02-2022 16:29:01.0906 PM
[ReportManager] Successfully Opened Safari. @23-02-2022 16:29:02.0797 PM
[ReportManager] Initial window size: (800, 600) @23-02-2022 16:29:02.0826 PM
[ReportManager] Window size after SWD Maximize: (1176, 803) @23-02-2022 16:29:02.0856 PM
[ReportManager] Browser Action [MaximizeWindow] successfully performed. With the following test data [New screen size is now: (1176, 803)]. @23-02-2022 16:29:02.0857 PM
[ReportManager] Target URL: [https://www.google.com/ncr], and after redirection: [www.google.com] @23-02-2022 16:29:02.0857 PM
[ReportManager] Initial URL: [] @23-02-2022 16:29:03.0061 PM
[ReportManager] Browser Action [NavigateToURL] successfully performed. With the following test data [https://www.google.com/ncr]. @23-02-2022 16:29:04.0605 P

################################################################################################################################################
Starting Execution:	[31 out of 165] test cases in the current suite
Test Method:		[unitTests.tests_validations_assertions.assertElementAttribute_false_containsComparison_expectedToFail]
################################################################################################################################################
[ReportManager] Element Action [Type] successfully performed. With the following test data [Automation123]. @23-02-2022 16:29:05.0523 PM
[ReportManager] Element Action [GetText] successfully performed. With the following test data [Automation123]. @23-02-2022 16:29:05.0633 PM
[ReportManager] Assertion [ValidateElementAttribute] FAILED. Expected [Value Should not be 'Automation' for the 'text' attribute, element locator 'By.name: q'] and Actual [Automation123]. Comparison Type [CONTAINS]. Validation Type [NEGATIVE]. @23-02-2022 16:29:05.0870 PM
[ReportManager] Successfully created attachment [Screenshot - 1645633745751_assertElementAttribute_false_containsComparison_expectedToFail_ValidateElementAttribute_failed] @23-02-2022 16:29:05.0872 P
[ReportManager] Browser Action [CloseCurrentWindow] successfully performed. @23-02-2022 16:29:06.0241 PM
[ReportManager] Successfully created attachment [Browser Action Test Data - CloseCurrentWindow - Actual Value] @23-02-2022 16:29:06.0242 P
[ReportManager] File Action [GetAbsolutePath] successfully performed. With the following test data [Relative Folder Path: "target/downloadedFiles/"]. @23-02-2022 16:29:06.0246 PM
[ReportManager] Attempting to run locally on: [Mac-64], [Safari], Headless Execution. @23-02-2022 16:29:06.0246 PM
[ReportManager] Successfully Opened Safari. @23-02-2022 16:29:07.0099 PM
[ReportManager] Initial window size: (800, 600) @23-02-2022 16:29:07.0133 PM
[ReportManager] Window size after SWD Maximize: (1176, 803) @23-02-2022 16:29:07.0150 PM
[ReportManager] Browser Action [MaximizeWindow] successfully performed. With the following test data [New screen size is now: (1176, 803)]. @23-02-2022 16:29:07.0151 PM
[ReportManager] Target URL: [https://www.google.com/ncr], and after redirection: [www.google.com] @23-02-2022 16:29:07.0151 PM
[ReportManager] Initial URL: [] @23-02-2022 16:29:07.0229 PM
[ReportManager] Browser Action [NavigateToURL] successfully performed. With the following test data [https://www.google.com/ncr]. @23-02-2022 16:29:08.0645 P

################################################################################################################################################
Starting Execution:	[32 out of 165] test cases in the current suite
Test Method:		[unitTests.tests_validations_assertions.assertElementAttribute_false_containsComparison_expectedToPass]
################################################################################################################################################
[ReportManager] Element Action [Type] successfully performed. With the following test data [Automation123]. @23-02-2022 16:29:09.0013 PM
[ReportManager] Element Action [GetText] successfully performed. With the following test data [Automation123]. @23-02-2022 16:29:09.0116 PM
[ReportManager] Assertion [ValidateElementAttribute] PASSED. Expected [Value Should not be 'Automation1234' for the 'text' attribute, element locator 'By.name: q'] and Actual [Automation123]. Comparison Type [CONTAINS]. Validation Type [NEGATIVE]. @23-02-2022 16:29:09.0289 PM
[ReportManager] Successfully created attachment [Screenshot - 1645633749219_assertElementAttribute_false_containsComparison_expectedToPass_ValidateElementAttribute_passed] @23-02-2022 16:29:09.0290 P
[ReportManager] Browser Action [CloseCurrentWindow] successfully performed. @23-02-2022 16:29:09.0660 PM
[ReportManager] Successfully created attachment [Browser Action Test Data - CloseCurrentWindow - Actual Value] @23-02-2022 16:29:09.0661 P
[ReportManager] File Action [GetAbsolutePath] successfully performed. With the following test data [Relative Folder Path: "target/downloadedFiles/"]. @23-02-2022 16:29:09.0665 PM
[ReportManager] Attempting to run locally on: [Mac-64], [Safari], Headless Execution. @23-02-2022 16:29:09.0665 PM
[ReportManager] Successfully Opened Safari. @23-02-2022 16:29:10.0512 PM
[ReportManager] Initial window size: (800, 600) @23-02-2022 16:29:10.0546 PM
[ReportManager] Window size after SWD Maximize: (1176, 803) @23-02-2022 16:29:10.0573 PM
[ReportManager] Browser Action [MaximizeWindow] successfully performed. With the following test data [New screen size is now: (1176, 803)]. @23-02-2022 16:29:10.0574 PM
[ReportManager] Target URL: [https://www.google.com/ncr], and after redirection: [www.google.com] @23-02-2022 16:29:10.0574 PM
[ReportManager] Initial URL: [] @23-02-2022 16:29:10.0622 PM
[ReportManager] Browser Action [NavigateToURL] successfully performed. With the following test data [https://www.google.com/ncr]. @23-02-2022 16:29:11.0934 P

################################################################################################################################################
Starting Execution:	[33 out of 165] test cases in the current suite
Test Method:		[unitTests.tests_validations_assertions.assertElementAttribute_false_literalComparison_expectedToFail]
################################################################################################################################################
[ReportManager] Element Action [Type] successfully performed. With the following test data [Automation!@#$%^&*()_+{}[]\';/.,]. @23-02-2022 16:29:12.0459 PM
[ReportManager] Element Action [GetText] successfully performed. With the following test data [Automation!@#$%^&*()_+{}[]\';/.,]. @23-02-2022 16:29:12.0538 PM
[ReportManager] Assertion [ValidateElementAttribute] PASSED. Expected [Value Should not be 'Automation!@#$%^&*()_+{}[]\\';/.,' for the 'text' attribute, element locator 'By.name: q'] and Actual [Automation!@#$%^&*()_+{}[]\';/.,]. Comparison Type [EQUALS]. Validation Type [NEGATIVE]. @23-02-2022 16:29:12.0717 PM
[ReportManager] Successfully created attachment [Screenshot - 1645633752646_assertElementAttribute_false_literalComparison_expectedToFail_ValidateElementAttribute_passed] @23-02-2022 16:29:12.0719 P
[ReportManager] Browser Action [CloseCurrentWindow] successfully performed. @23-02-2022 16:29:13.0083 PM
[ReportManager] Successfully created attachment [Browser Action Test Data - CloseCurrentWindow - Actual Value] @23-02-2022 16:29:13.0084 P
[ReportManager] File Action [GetAbsolutePath] successfully performed. With the following test data [Relative Folder Path: "target/downloadedFiles/"]. @23-02-2022 16:29:13.0088 PM
[ReportManager] Attempting to run locally on: [Mac-64], [Safari], Headless Execution. @23-02-2022 16:29:13.0088 PM
[ReportManager] Successfully Opened Safari. @23-02-2022 16:29:13.0928 PM
[ReportManager] Initial window size: (800, 600) @23-02-2022 16:29:13.0964 PM
[ReportManager] Window size after SWD Maximize: (1176, 803) @23-02-2022 16:29:13.0981 PM
[ReportManager] Browser Action [MaximizeWindow] successfully performed. With the following test data [New screen size is now: (1176, 803)]. @23-02-2022 16:29:13.0981 PM
[ReportManager] Target URL: [https://www.google.com/ncr], and after redirection: [www.google.com] @23-02-2022 16:29:13.0981 PM
[ReportManager] Initial URL: [] @23-02-2022 16:29:14.0040 PM
[ReportManager] Browser Action [NavigateToURL] successfully performed. With the following test data [https://www.google.com/ncr]. @23-02-2022 16:29:15.0402 P

################################################################################################################################################
Starting Execution:	[34 out of 165] test cases in the current suite
Test Method:		[unitTests.tests_validations_assertions.assertElementAttribute_false_literalComparison_expectedToPass]
################################################################################################################################################
[ReportManager] Element Action [Type] successfully performed. With the following test data [Automation!@#$%^&*()_+{}[]\';/.,]. @23-02-2022 16:29:16.0452 PM
[ReportManager] Element Action [GetText] successfully performed. With the following test data [Automation!@#$%^&*()_+{}[]\';/.,]. @23-02-2022 16:29:16.0544 PM
[ReportManager] Assertion [ValidateElementAttribute] PASSED. Expected [Value Should not be 'Automation' for the 'text' attribute, element locator 'By.name: q'] and Actual [Automation!@#$%^&*()_+{}[]\';/.,]. Comparison Type [EQUALS]. Validation Type [NEGATIVE]. @23-02-2022 16:29:16.0734 PM
[ReportManager] Successfully created attachment [Screenshot - 1645633756653_assertElementAttribute_false_literalComparison_expectedToPass_ValidateElementAttribute_passed] @23-02-2022 16:29:16.0735 P
[ReportManager] Browser Action [CloseCurrentWindow] successfully performed. @23-02-2022 16:29:17.0036 PM
[ReportManager] Successfully created attachment [Browser Action Test Data - CloseCurrentWindow - Actual Value] @23-02-2022 16:29:17.0037 P
[ReportManager] File Action [GetAbsolutePath] successfully performed. With the following test data [Relative Folder Path: "target/downloadedFiles/"]. @23-02-2022 16:29:17.0040 PM
[ReportManager] Attempting to run locally on: [Mac-64], [Safari], Headless Execution. @23-02-2022 16:29:17.0040 PM
[ReportManager] Successfully Opened Safari. @23-02-2022 16:29:17.0859 PM
[ReportManager] Initial window size: (800, 600) @23-02-2022 16:29:17.0883 PM
[ReportManager] Window size after SWD Maximize: (1176, 803) @23-02-2022 16:29:17.0905 PM
[ReportManager] Browser Action [MaximizeWindow] successfully performed. With the following test data [New screen size is now: (1176, 803)]. @23-02-2022 16:29:17.0905 PM
[ReportManager] Target URL: [https://www.google.com/ncr], and after redirection: [www.google.com] @23-02-2022 16:29:17.0905 PM
[ReportManager] Initial URL: [] @23-02-2022 16:29:17.0970 PM
[ReportManager] Browser Action [NavigateToURL] successfully performed. With the following test data [https://www.google.com/ncr]. @23-02-2022 16:29:19.0360 P

################################################################################################################################################
Starting Execution:	[35 out of 165] test cases in the current suite
Test Method:		[unitTests.tests_validations_assertions.assertElementAttribute_false_regexComparison_expectedToFail]
################################################################################################################################################
[ReportManager] Element Action [Type] successfully performed. With the following test data [Automation123]. @23-02-2022 16:29:19.0716 PM
[ReportManager] Element Action [GetText] successfully performed. With the following test data [Automation123]. @23-02-2022 16:29:19.0795 PM
[ReportManager] Assertion [ValidateElementAttribute] FAILED. Expected [Value Should not be 'Automation.*' for the 'text' attribute, element locator 'By.name: q'] and Actual [Automation123]. Comparison Type [MATCHES]. Validation Type [NEGATIVE]. @23-02-2022 16:29:19.0966 PM
[ReportManager] Successfully created attachment [Screenshot - 1645633759891_assertElementAttribute_false_regexComparison_expectedToFail_ValidateElementAttribute_failed] @23-02-2022 16:29:19.0967 P
[ReportManager] Browser Action [CloseCurrentWindow] successfully performed. @23-02-2022 16:29:20.0285 PM
[ReportManager] Successfully created attachment [Browser Action Test Data - CloseCurrentWindow - Actual Value] @23-02-2022 16:29:20.0285 P
[ReportManager] File Action [GetAbsolutePath] successfully performed. With the following test data [Relative Folder Path: "target/downloadedFiles/"]. @23-02-2022 16:29:20.0289 PM
[ReportManager] Attempting to run locally on: [Mac-64], [Safari], Headless Execution. @23-02-2022 16:29:20.0289 PM
[ReportManager] Successfully Opened Safari. @23-02-2022 16:29:21.0114 PM
[ReportManager] Initial window size: (800, 600) @23-02-2022 16:29:21.0149 PM
[ReportManager] Window size after SWD Maximize: (1176, 803) @23-02-2022 16:29:21.0178 PM
[ReportManager] Browser Action [MaximizeWindow] successfully performed. With the following test data [New screen size is now: (1176, 803)]. @23-02-2022 16:29:21.0179 PM
[ReportManager] Target URL: [https://www.google.com/ncr], and after redirection: [www.google.com] @23-02-2022 16:29:21.0179 PM
[ReportManager] Initial URL: [] @23-02-2022 16:29:21.0222 PM
[ReportManager] Browser Action [NavigateToURL] successfully performed. With the following test data [https://www.google.com/ncr]. @23-02-2022 16:29:22.0563 P

################################################################################################################################################
Starting Execution:	[36 out of 165] test cases in the current suite
Test Method:		[unitTests.tests_validations_assertions.assertElementAttribute_false_regexComparison_expectedToPass]
################################################################################################################################################
[ReportManager] Element Action [Type] successfully performed. With the following test data [Automation123]. @23-02-2022 16:29:22.0931 PM
[ReportManager] Element Action [GetText] successfully performed. With the following test data [Automation123]. @23-02-2022 16:29:23.0022 PM
[ReportManager] Assertion [ValidateElementAttribute] PASSED. Expected [Value Should not be 'Automation' for the 'text' attribute, element locator 'By.name: q'] and Actual [Automation123]. Comparison Type [MATCHES]. Validation Type [NEGATIVE]. @23-02-2022 16:29:23.0195 PM
[ReportManager] Successfully created attachment [Screenshot - 1645633763121_assertElementAttribute_false_regexComparison_expectedToPass_ValidateElementAttribute_passed] @23-02-2022 16:29:23.0197 P
[ReportManager] Browser Action [CloseCurrentWindow] successfully performed. @23-02-2022 16:29:23.0551 PM
[ReportManager] Successfully created attachment [Browser Action Test Data - CloseCurrentWindow - Actual Value] @23-02-2022 16:29:23.0553 P
[ReportManager] File Action [GetAbsolutePath] successfully performed. With the following test data [Relative Folder Path: "target/downloadedFiles/"]. @23-02-2022 16:29:23.0556 PM
[ReportManager] Attempting to run locally on: [Mac-64], [Safari], Headless Execution. @23-02-2022 16:29:23.0556 PM
[ReportManager] Successfully Opened Safari. @23-02-2022 16:29:24.0363 PM
[ReportManager] Initial window size: (800, 600) @23-02-2022 16:29:24.0399 PM
[ReportManager] Window size after SWD Maximize: (1176, 803) @23-02-2022 16:29:24.0414 PM
[ReportManager] Browser Action [MaximizeWindow] successfully performed. With the following test data [New screen size is now: (1176, 803)]. @23-02-2022 16:29:24.0414 PM
[ReportManager] Target URL: [https://www.google.com/ncr], and after redirection: [www.google.com] @23-02-2022 16:29:24.0414 PM
[ReportManager] Initial URL: [] @23-02-2022 16:29:24.0475 PM
[ReportManager] Browser Action [NavigateToURL] successfully performed. With the following test data [https://www.google.com/ncr]. @23-02-2022 16:29:25.0877 P

################################################################################################################################################
Starting Execution:	[37 out of 165] test cases in the current suite
Test Method:		[unitTests.tests_validations_assertions.assertElementAttribute_true_caseInsensitiveComparison_expectedToFail]
################################################################################################################################################
[ReportManager] Element Action [Type] successfully performed. With the following test data [AUTOMATION]. @23-02-2022 16:29:26.0192 PM
[ReportManager] Element Action [GetText] successfully performed. With the following test data [AUTOMATION]. @23-02-2022 16:29:26.0295 PM
[ReportManager] Assertion [ValidateElementAttribute] FAILED. Expected [Value Should be 'AutomaTion123' for the 'text' attribute, element locator 'By.name: q'] and Actual [AUTOMATION]. Comparison Type [CASE_INSENSITIVE]. Validation Type [POSITIVE]. @23-02-2022 16:29:26.0477 PM
[ReportManager] Successfully created attachment [Screenshot - 1645633766405_assertElementAttribute_true_caseInsensitiveComparison_expectedToFail_ValidateElementAttribute_failed] @23-02-2022 16:29:26.0478 P
[ReportManager] Browser Action [CloseCurrentWindow] successfully performed. @23-02-2022 16:29:26.0826 PM
[ReportManager] Successfully created attachment [Browser Action Test Data - CloseCurrentWindow - Actual Value] @23-02-2022 16:29:26.0826 P
[ReportManager] File Action [GetAbsolutePath] successfully performed. With the following test data [Relative Folder Path: "target/downloadedFiles/"]. @23-02-2022 16:29:26.0830 PM
[ReportManager] Attempting to run locally on: [Mac-64], [Safari], Headless Execution. @23-02-2022 16:29:26.0830 PM
[ReportManager] Successfully Opened Safari. @23-02-2022 16:29:27.0647 PM
[ReportManager] Initial window size: (800, 600) @23-02-2022 16:29:27.0695 PM
[ReportManager] Window size after SWD Maximize: (1176, 803) @23-02-2022 16:29:27.0720 PM
[ReportManager] Browser Action [MaximizeWindow] successfully performed. With the following test data [New screen size is now: (1176, 803)]. @23-02-2022 16:29:27.0720 PM
[ReportManager] Target URL: [https://www.google.com/ncr], and after redirection: [www.google.com] @23-02-2022 16:29:27.0721 PM
[ReportManager] Initial URL: [] @23-02-2022 16:29:27.0818 PM
[ReportManager] Browser Action [NavigateToURL] successfully performed. With the following test data [https://www.google.com/ncr]. @23-02-2022 16:29:29.0180 P

################################################################################################################################################
Starting Execution:	[38 out of 165] test cases in the current suite
Test Method:		[unitTests.tests_validations_assertions.assertElementAttribute_true_caseInsensitiveComparison_expectedToPass]
################################################################################################################################################
[ReportManager] Element Action [Type] successfully performed. With the following test data [AUTOMATION]. @23-02-2022 16:29:29.0723 PM
[ReportManager] Element Action [GetText] successfully performed. With the following test data [AUTOMATION]. @23-02-2022 16:29:29.0801 PM
[ReportManager] Assertion [ValidateElementAttribute] PASSED. Expected [Value Should be 'AutomaTion' for the 'text' attribute, element locator 'By.name: q'] and Actual [AUTOMATION]. Comparison Type [CASE_INSENSITIVE]. Validation Type [POSITIVE]. @23-02-2022 16:29:29.0977 PM
[ReportManager] Successfully created attachment [Screenshot - 1645633769907_assertElementAttribute_true_caseInsensitiveComparison_expectedToPass_ValidateElementAttribute_passed] @23-02-2022 16:29:29.0978 P
[ReportManager] Browser Action [CloseCurrentWindow] successfully performed. @23-02-2022 16:29:30.0350 PM
[ReportManager] Successfully created attachment [Browser Action Test Data - CloseCurrentWindow - Actual Value] @23-02-2022 16:29:30.0351 P
[ReportManager] File Action [GetAbsolutePath] successfully performed. With the following test data [Relative Folder Path: "target/downloadedFiles/"]. @23-02-2022 16:29:30.0355 PM
[ReportManager] Attempting to run locally on: [Mac-64], [Safari], Headless Execution. @23-02-2022 16:29:30.0355 PM
[ReportManager] Successfully Opened Safari. @23-02-2022 16:29:31.0218 PM
[ReportManager] Initial window size: (800, 600) @23-02-2022 16:29:31.0251 PM
[ReportManager] Window size after SWD Maximize: (1176, 803) @23-02-2022 16:29:31.0280 PM
[ReportManager] Browser Action [MaximizeWindow] successfully performed. With the following test data [New screen size is now: (1176, 803)]. @23-02-2022 16:29:31.0280 PM
[ReportManager] Target URL: [https://www.google.com/ncr], and after redirection: [www.google.com] @23-02-2022 16:29:31.0280 PM
[ReportManager] Initial URL: [] @23-02-2022 16:29:31.0320 PM
[ReportManager] Browser Action [NavigateToURL] successfully performed. With the following test data [https://www.google.com/ncr]. @23-02-2022 16:29:32.0644 P

################################################################################################################################################
Starting Execution:	[39 out of 165] test cases in the current suite
Test Method:		[unitTests.tests_validations_assertions.assertElementAttribute_true_containsComparison_expectedToFail]
################################################################################################################################################
[ReportManager] Element Action [Type] successfully performed. With the following test data [Automation123]. @23-02-2022 16:29:32.0984 PM
[ReportManager] Element Action [GetText] successfully performed. With the following test data [Automation123]. @23-02-2022 16:29:33.0067 PM
[ReportManager] Assertion [ValidateElementAttribute] FAILED. Expected [Value Should be 'Automation1234' for the 'text' attribute, element locator 'By.name: q'] and Actual [Automation123]. Comparison Type [CONTAINS]. Validation Type [POSITIVE]. @23-02-2022 16:29:33.0290 PM
[ReportManager] Successfully created attachment [Screenshot - 1645633773168_assertElementAttribute_true_containsComparison_expectedToFail_ValidateElementAttribute_failed] @23-02-2022 16:29:33.0291 P
[ReportManager] Browser Action [CloseCurrentWindow] successfully performed. @23-02-2022 16:29:33.0585 PM
[ReportManager] Successfully created attachment [Browser Action Test Data - CloseCurrentWindow - Actual Value] @23-02-2022 16:29:33.0585 P
[ReportManager] File Action [GetAbsolutePath] successfully performed. With the following test data [Relative Folder Path: "target/downloadedFiles/"]. @23-02-2022 16:29:33.0589 PM
[ReportManager] Attempting to run locally on: [Mac-64], [Safari], Headless Execution. @23-02-2022 16:29:33.0589 PM
[ReportManager] Successfully Opened Safari. @23-02-2022 16:29:34.0435 PM
[ReportManager] Initial window size: (800, 600) @23-02-2022 16:29:34.0469 PM
[ReportManager] Window size after SWD Maximize: (1176, 803) @23-02-2022 16:29:34.0483 PM
[ReportManager] Browser Action [MaximizeWindow] successfully performed. With the following test data [New screen size is now: (1176, 803)]. @23-02-2022 16:29:34.0484 PM
[ReportManager] Target URL: [https://www.google.com/ncr], and after redirection: [www.google.com] @23-02-2022 16:29:34.0484 PM
[ReportManager] Initial URL: [] @23-02-2022 16:29:34.0534 PM
[ReportManager] Browser Action [NavigateToURL] successfully performed. With the following test data [https://www.google.com/ncr]. @23-02-2022 16:29:36.0021 P

################################################################################################################################################
Starting Execution:	[40 out of 165] test cases in the current suite
Test Method:		[unitTests.tests_validations_assertions.assertElementAttribute_true_containsComparison_expectedToPass]
################################################################################################################################################
[ReportManager] Element Action [Type] successfully performed. With the following test data [Automation123]. @23-02-2022 16:29:36.0324 PM
[ReportManager] Element Action [GetText] successfully performed. With the following test data [Automation123]. @23-02-2022 16:29:36.0444 PM
[ReportManager] Assertion [ValidateElementAttribute] PASSED. Expected [Value Should be 'Automation' for the 'text' attribute, element locator 'By.name: q'] and Actual [Automation123]. Comparison Type [CONTAINS]. Validation Type [POSITIVE]. @23-02-2022 16:29:36.0608 PM
[ReportManager] Successfully created attachment [Screenshot - 1645633776541_assertElementAttribute_true_containsComparison_expectedToPass_ValidateElementAttribute_passed] @23-02-2022 16:29:36.0610 P
[ReportManager] Browser Action [CloseCurrentWindow] successfully performed. @23-02-2022 16:29:36.0940 PM
[ReportManager] Successfully created attachment [Browser Action Test Data - CloseCurrentWindow - Actual Value] @23-02-2022 16:29:36.0940 P
[ReportManager] File Action [GetAbsolutePath] successfully performed. With the following test data [Relative Folder Path: "target/downloadedFiles/"]. @23-02-2022 16:29:36.0943 PM
[ReportManager] Attempting to run locally on: [Mac-64], [Safari], Headless Execution. @23-02-2022 16:29:36.0944 PM
[ReportManager] Successfully Opened Safari. @23-02-2022 16:29:37.0777 PM
[ReportManager] Initial window size: (800, 600) @23-02-2022 16:29:37.0798 PM
[ReportManager] Window size after SWD Maximize: (1176, 803) @23-02-2022 16:29:37.0814 PM
[ReportManager] Browser Action [MaximizeWindow] successfully performed. With the following test data [New screen size is now: (1176, 803)]. @23-02-2022 16:29:37.0814 PM
[ReportManager] Target URL: [https://www.google.com/ncr], and after redirection: [www.google.com] @23-02-2022 16:29:37.0814 PM
[ReportManager] Initial URL: [] @23-02-2022 16:29:37.0869 PM
[ReportManager] Browser Action [NavigateToURL] successfully performed. With the following test data [https://www.google.com/ncr]. @23-02-2022 16:29:39.0356 P

################################################################################################################################################
Starting Execution:	[41 out of 165] test cases in the current suite
Test Method:		[unitTests.tests_validations_assertions.assertElementAttribute_true_literalComparison_expectedToFail]
################################################################################################################################################
[ReportManager] Element Action [Type] successfully performed. With the following test data [Automation!@#$%^&*()_+{}[]\';/.,]. @23-02-2022 16:29:40.0464 PM
[ReportManager] Element Action [GetText] successfully performed. With the following test data [Automation!@#$%^&*()_+{}[]\';/.,]. @23-02-2022 16:29:40.0548 PM
[ReportManager] Assertion [ValidateElementAttribute] FAILED. Expected [Value Should be 'Automation' for the 'text' attribute, element locator 'By.name: q'] and Actual [Automation!@#$%^&*()_+{}[]\';/.,]. Comparison Type [EQUALS]. Validation Type [POSITIVE]. @23-02-2022 16:29:40.0789 PM
[ReportManager] Successfully created attachment [Screenshot - 1645633780670_assertElementAttribute_true_literalComparison_expectedToFail_ValidateElementAttribute_failed] @23-02-2022 16:29:40.0791 P
[ReportManager] Browser Action [CloseCurrentWindow] successfully performed. @23-02-2022 16:29:41.0083 PM
[ReportManager] Successfully created attachment [Browser Action Test Data - CloseCurrentWindow - Actual Value] @23-02-2022 16:29:41.0083 P
[ReportManager] File Action [GetAbsolutePath] successfully performed. With the following test data [Relative Folder Path: "target/downloadedFiles/"]. @23-02-2022 16:29:41.0087 PM
[ReportManager] Attempting to run locally on: [Mac-64], [Safari], Headless Execution. @23-02-2022 16:29:41.0088 PM
[ReportManager] Successfully Opened Safari. @23-02-2022 16:29:41.0900 PM
[ReportManager] Initial window size: (800, 600) @23-02-2022 16:29:41.0931 PM
[ReportManager] Window size after SWD Maximize: (1176, 803) @23-02-2022 16:29:41.0947 PM
[ReportManager] Browser Action [MaximizeWindow] successfully performed. With the following test data [New screen size is now: (1176, 803)]. @23-02-2022 16:29:41.0947 PM
[ReportManager] Target URL: [https://www.google.com/ncr], and after redirection: [www.google.com] @23-02-2022 16:29:41.0948 PM
[ReportManager] Initial URL: [] @23-02-2022 16:29:42.0004 PM
[ReportManager] Browser Action [NavigateToURL] successfully performed. With the following test data [https://www.google.com/ncr]. @23-02-2022 16:29:43.0334 P

################################################################################################################################################
Starting Execution:	[42 out of 165] test cases in the current suite
Test Method:		[unitTests.tests_validations_assertions.assertElementAttribute_true_literalComparison_expectedToPass]
################################################################################################################################################
[ReportManager] Element Action [Type] successfully performed. With the following test data [Automation!@#$%^&*()_+{}[]\';/.,]. @23-02-2022 16:29:44.0329 PM
[ReportManager] Element Action [GetText] successfully performed. With the following test data [Automation!@#$%^&*()_+{}[]\';/.,]. @23-02-2022 16:29:44.0402 PM
[ReportManager] Assertion [ValidateElementAttribute] PASSED. Expected [Value Should be 'Automation!@#$%^&*()_+{}[]\';/.,' for the 'text' attribute, element locator 'By.name: q'] and Actual [Automation!@#$%^&*()_+{}[]\';/.,]. Comparison Type [EQUALS]. Validation Type [POSITIVE]. @23-02-2022 16:29:44.0591 PM
[ReportManager] Successfully created attachment [Screenshot - 1645633784515_assertElementAttribute_true_literalComparison_expectedToPass_ValidateElementAttribute_passed] @23-02-2022 16:29:44.0593 P
[ReportManager] Browser Action [CloseCurrentWindow] successfully performed. @23-02-2022 16:29:44.0953 PM
[ReportManager] Successfully created attachment [Browser Action Test Data - CloseCurrentWindow - Actual Value] @23-02-2022 16:29:44.0954 P
[ReportManager] File Action [GetAbsolutePath] successfully performed. With the following test data [Relative Folder Path: "target/downloadedFiles/"]. @23-02-2022 16:29:44.0958 PM
[ReportManager] Attempting to run locally on: [Mac-64], [Safari], Headless Execution. @23-02-2022 16:29:44.0958 PM
[ReportManager] Successfully Opened Safari. @23-02-2022 16:29:45.0812 PM
[ReportManager] Initial window size: (800, 600) @23-02-2022 16:29:45.0836 PM
[ReportManager] Window size after SWD Maximize: (1176, 803) @23-02-2022 16:29:45.0874 PM
[ReportManager] Browser Action [MaximizeWindow] successfully performed. With the following test data [New screen size is now: (1176, 803)]. @23-02-2022 16:29:45.0875 PM
[ReportManager] Target URL: [https://www.google.com/ncr], and after redirection: [www.google.com] @23-02-2022 16:29:45.0875 PM
[ReportManager] Initial URL: [] @23-02-2022 16:29:45.0936 PM
[ReportManager] Browser Action [NavigateToURL] successfully performed. With the following test data [https://www.google.com/ncr]. @23-02-2022 16:29:47.0321 P

################################################################################################################################################
Starting Execution:	[43 out of 165] test cases in the current suite
Test Method:		[unitTests.tests_validations_assertions.assertElementAttribute_true_regexComparison_expectedToFail]
################################################################################################################################################
[ReportManager] Element Action [Type] successfully performed. With the following test data [Automation123]. @23-02-2022 16:29:47.0673 PM
[ReportManager] Element Action [GetText] successfully performed. With the following test data [Automation123]. @23-02-2022 16:29:47.0738 PM
[ReportManager] Assertion [ValidateElementAttribute] FAILED. Expected [Value Should be 'Automation' for the 'text' attribute, element locator 'By.name: q'] and Actual [Automation123]. Comparison Type [MATCHES]. Validation Type [POSITIVE]. @23-02-2022 16:29:47.0907 PM
[ReportManager] Successfully created attachment [Screenshot - 1645633787839_assertElementAttribute_true_regexComparison_expectedToFail_ValidateElementAttribute_failed] @23-02-2022 16:29:47.0909 P
[ReportManager] Browser Action [CloseCurrentWindow] successfully performed. @23-02-2022 16:29:48.0069 PM
[ReportManager] Successfully created attachment [Browser Action Test Data - CloseCurrentWindow - Actual Value] @23-02-2022 16:29:48.0070 P
[ReportManager] File Action [GetAbsolutePath] successfully performed. With the following test data [Relative Folder Path: "target/downloadedFiles/"]. @23-02-2022 16:29:48.0074 PM
[ReportManager] Attempting to run locally on: [Mac-64], [Safari], Headless Execution. @23-02-2022 16:29:48.0074 PM
[ReportManager] Successfully Opened Safari. @23-02-2022 16:29:48.0929 PM
[ReportManager] Initial window size: (800, 600) @23-02-2022 16:29:48.0946 PM
[ReportManager] Window size after SWD Maximize: (1176, 803) @23-02-2022 16:29:48.0980 PM
[ReportManager] Browser Action [MaximizeWindow] successfully performed. With the following test data [New screen size is now: (1176, 803)]. @23-02-2022 16:29:48.0980 PM
[ReportManager] Target URL: [https://www.google.com/ncr], and after redirection: [www.google.com] @23-02-2022 16:29:48.0980 PM
[ReportManager] Initial URL: [] @23-02-2022 16:29:49.0047 PM
[ReportManager] Browser Action [NavigateToURL] successfully performed. With the following test data [https://www.google.com/ncr]. @23-02-2022 16:29:50.0465 P

################################################################################################################################################
Starting Execution:	[44 out of 165] test cases in the current suite
Test Method:		[unitTests.tests_validations_assertions.assertElementAttribute_true_regexComparison_expectedToPass]
################################################################################################################################################
[ReportManager] Element Action [Type] successfully performed. With the following test data [Automation123]. @23-02-2022 16:29:50.0928 PM
[ReportManager] Element Action [GetText] successfully performed. With the following test data [Automation123]. @23-02-2022 16:29:50.0996 PM
[ReportManager] Assertion [ValidateElementAttribute] PASSED. Expected [Value Should be 'Automation.*' for the 'text' attribute, element locator 'By.name: q'] and Actual [Automation123]. Comparison Type [MATCHES]. Validation Type [POSITIVE]. @23-02-2022 16:29:51.0166 PM
[ReportManager] Successfully created attachment [Screenshot - 1645633791096_assertElementAttribute_true_regexComparison_expectedToPass_ValidateElementAttribute_passed] @23-02-2022 16:29:51.0167 P
[ReportManager] Browser Action [CloseCurrentWindow] successfully performed. @23-02-2022 16:29:51.0459 PM
[ReportManager] Successfully created attachment [Browser Action Test Data - CloseCurrentWindow - Actual Value] @23-02-2022 16:29:51.0459 P
[ReportManager] File Action [GetAbsolutePath] successfully performed. With the following test data [Relative Folder Path: "target/downloadedFiles/"]. @23-02-2022 16:29:51.0463 PM
[ReportManager] Attempting to run locally on: [Mac-64], [Safari], Headless Execution. @23-02-2022 16:29:51.0464 PM
[ReportManager] An Exception Occured with this Message: Could not start a new session. Possible causes are invalid address of the remote server or browser start-up failure.. @23-02-2022 16:29:51.0550 PM
[ReportManager] Successfully created attachment [Exception Stack Trace - org.openqa.selenium.SessionNotCreatedException] @23-02-2022 16:29:51.0551 PM
[ReportManager] Driver Factory Action [createNewLocalDriverInstanceForSafari] failed. With the following test data [Failed to create a session on DESKTOP_SAFARI]. @23-02-2022 16:29:51.0551 P

################################################################################################################################################
Starting Execution:	[45 out of 165] test cases in the current suite
Test Method:		[unitTests.tests_validations_assertions.assertElementAttribute_type_true_literalComparison_expectedToPass]
###############################################################################################################################################



################################################################################################################################################
Starting Execution:	[46 out of 165] test cases in the current suite
Test Method:		[unitTests.tests_validations_assertions.assertElementExists_false_expectedToFail]
###############################################################################################################################################



################################################################################################################################################
Starting Execution:	[47 out of 165] test cases in the current suite
Test Method:		[unitTests.tests_validations_assertions.assertElementExists_false_expectedToPass]
###############################################################################################################################################



################################################################################################################################################
Starting Execution:	[48 out of 165] test cases in the current suite
Test Method:		[unitTests.tests_validations_assertions.assertElementExists_false_multipleElementsFound_expectedToFail]
###############################################################################################################################################



################################################################################################################################################
Starting Execution:	[49 out of 165] test cases in the current suite
Test Method:		[unitTests.tests_validations_assertions.assertElementExists_true_expectedToFail]
###############################################################################################################################################



################################################################################################################################################
Starting Execution:	[50 out of 165] test cases in the current suite
Test Method:		[unitTests.tests_validations_assertions.assertElementExists_true_expectedToPass]
###############################################################################################################################################



################################################################################################################################################
Starting Execution:	[51 out of 165] test cases in the current suite
Test Method:		[unitTests.tests_validations_assertions.assertElementExists_true_multipleElementsFound_expectedToFail]
###############################################################################################################################################


################################################################################################################################################
Starting Execution:	[52 out of 165] test cases in the current suite
Test Method:		[unitTests.tests_validations_assertions.assertEquals_false_expectedToFail]
###############################################################################################################################################

################################################################################################################################################
Starting Execution:	[53 out of 165] test cases in the current suite
Test Method:		[unitTests.tests_validations_assertions.assertEquals_false_expectedToPass]
###############################################################################################################################################

################################################################################################################################################
Starting Execution:	[54 out of 165] test cases in the current suite
Test Method:		[unitTests.tests_validations_assertions.assertEquals_longCharacters]
###############################################################################################################################################

################################################################################################################################################
Starting Execution:	[55 out of 165] test cases in the current suite
Test Method:		[unitTests.tests_validations_assertions.assertEquals_longCharacters_Discreet]
###############################################################################################################################################

################################################################################################################################################
Starting Execution:	[56 out of 165] test cases in the current suite
Test Method:		[unitTests.tests_validations_assertions.assertEquals_true_expectedToFail]
###############################################################################################################################################

################################################################################################################################################
Starting Execution:	[57 out of 165] test cases in the current suite
Test Method:		[unitTests.tests_validations_assertions.assertEquals_true_expectedToPass]
Test Description:	[Assert that assertEquals works as expected when the two values are equal.]
###############################################################################################################################################

################################################################################################################################################
Starting Execution:	[58 out of 165] test cases in the current suite
Test Method:		[unitTests.tests_validations_assertions.assertEquals_true_expectedToPass__]
###############################################################################################################################################

################################################################################################################################################
Starting Execution:	[59 out of 165] test cases in the current suite
Test Method:		[unitTests.tests_validations_assertions.assertFileExists_false_expectedToFail]
###############################################################################################################################################

################################################################################################################################################
Starting Execution:	[60 out of 165] test cases in the current suite
Test Method:		[unitTests.tests_validations_assertions.assertFileExists_false_expectedToPass]
###############################################################################################################################################

################################################################################################################################################
Starting Execution:	[61 out of 165] test cases in the current suite
Test Method:		[unitTests.tests_validations_assertions.assertFileExists_true_expectedToFail]
###############################################################################################################################################

################################################################################################################################################
Starting Execution:	[62 out of 165] test cases in the current suite
Test Method:		[unitTests.tests_validations_assertions.assertFileExists_true_expectedToPass]
###############################################################################################################################################

################################################################################################################################################
Starting Execution:	[63 out of 165] test cases in the current suite
Test Method:		[unitTests.tests_validations_assertions.assertNull_false_expectedToFail]
###############################################################################################################################################

################################################################################################################################################
Starting Execution:	[64 out of 165] test cases in the current suite
Test Method:		[unitTests.tests_validations_assertions.assertNull_false_expectedToPass]
###############################################################################################################################################

################################################################################################################################################
Starting Execution:	[65 out of 165] test cases in the current suite
Test Method:		[unitTests.tests_validations_assertions.assertNull_true_expectedToFail]
###############################################################################################################################################

################################################################################################################################################
Starting Execution:	[66 out of 165] test cases in the current suite
Test Method:		[unitTests.tests_validations_assertions.assertNull_true_expectedToPass]
###############################################################################################################################################

################################################################################################################################################
Starting Execution:	[67 out of 165] test cases in the current suite
Test Method:		[unitTests.tests_restActions.getPostsAndAssertBodyForSpecificTitle]
################################################################################################################################################
[ReportManager] Response status code: [200], status line: [HTTP/1.1 200 OK] @23-02-2022 16:29:53.0914 PM
[ReportManager] Assertion Passed: Evaluating the actual response status code against the expected one... @23-02-2022 16:29:53.0920 PM
[ReportManager] Assertion [ValidateComparativeRelation] PASSED. Expected [200] and Actual [200]. Comparison Type [EQUALS]. Validation Type [POSITIVE]. @23-02-2022 16:29:53.0920 PM
[ReportManager] API Action [PerformRequest] successfully performed. With the following test data [Request Type: "GET" | Target Status Code: "200" | Service URL: "https://jsonplaceholder.typicode.com/posts" | Content Type: "*/*" | Response Time: "712ms"]. @23-02-2022 16:29:55.0297 PM
[ReportManager] Successfully created attachment [API Request - Specifications] @23-02-2022 16:29:55.0298 PM
[ReportManager] Successfully created attachment [API Response - JSON Body] @23-02-2022 16:29:55.0591 PM
[ReportManager] API Action [GetResponseJSONValueAsList] successfully performed. @23-02-2022 16:29:55.0617 PM
[ReportManager] API Action [GetResponseJSONValue] successfully performed. With the following test data [title]. @23-02-2022 16:29:55.0637 PM
[ReportManager] API Action [GetResponseJSONValue] successfully performed. With the following test data [title]. @23-02-2022 16:29:55.0654 PM
[ReportManager] API Action [GetResponseJSONValue] successfully performed. With the following test data [body]. @23-02-2022 16:29:55.0668 PM
[ReportManager] Assertion [ValidateEquals] PASSED. Expected [qui neque nisi nulla] and Actual [est rerum tempore vitae
sequi sint nihil reprehenderit dolor beatae ea dolores neque
fugiat blanditiis voluptate porro vel nihil molestiae ut reiciendis
qui aperiam non debitis possimus qui neque nisi nulla]. Comparison Type [CONTAINS]. Validation Type [POSITIVE]. @23-02-2022 16:29:55.0668 PM
[ReportManager] API Action [GetResponseJSONValue] successfully performed. With the following test data [title]. @23-02-2022 16:29:55.0681 PM
[ReportManager] API Action [GetResponseJSONValue] successfully performed. With the following test data [title]. @23-02-2022 16:29:55.0698 PM
[ReportManager] API Action [GetResponseJSONValue] successfully performed. With the following test data [title]. @23-02-2022 16:29:55.0712 PM
[ReportManager] API Action [GetResponseJSONValue] successfully performed. With the following test data [title]. @23-02-2022 16:29:55.0727 PM
[ReportManager] API Action [GetResponseJSONValue] successfully performed. With the following test data [title]. @23-02-2022 16:29:55.0741 PM
[ReportManager] API Action [GetResponseJSONValue] successfully performed. With the following test data [title]. @23-02-2022 16:29:55.0756 PM
[ReportManager] API Action [GetResponseJSONValue] successfully performed. With the following test data [title]. @23-02-2022 16:29:55.0770 PM
[ReportManager] API Action [GetResponseJSONValue] successfully performed. With the following test data [title]. @23-02-2022 16:29:55.0784 PM
[ReportManager] API Action [GetResponseJSONValue] successfully performed. With the following test data [title]. @23-02-2022 16:29:55.0798 PM
[ReportManager] API Action [GetResponseJSONValue] successfully performed. With the following test data [title]. @23-02-2022 16:29:55.0813 PM
[ReportManager] API Action [GetResponseJSONValue] successfully performed. With the following test data [title]. @23-02-2022 16:29:55.0829 PM
[ReportManager] API Action [GetResponseJSONValue] successfully performed. With the following test data [title]. @23-02-2022 16:29:55.0846 PM
[ReportManager] API Action [GetResponseJSONValue] successfully performed. With the following test data [title]. @23-02-2022 16:29:55.0860 PM
[ReportManager] API Action [GetResponseJSONValue] successfully performed. With the following test data [title]. @23-02-2022 16:29:55.0875 PM
[ReportManager] API Action [GetResponseJSONValue] successfully performed. With the following test data [title]. @23-02-2022 16:29:55.0888 PM
[ReportManager] API Action [GetResponseJSONValue] successfully performed. With the following test data [title]. @23-02-2022 16:29:55.0902 PM
[ReportManager] API Action [GetResponseJSONValue] successfully performed. With the following test data [title]. @23-02-2022 16:29:55.0916 PM
[ReportManager] API Action [GetResponseJSONValue] successfully performed. With the following test data [title]. @23-02-2022 16:29:55.0932 PM
[ReportManager] API Action [GetResponseJSONValue] successfully performed. With the following test data [title]. @23-02-2022 16:29:55.0946 PM
[ReportManager] API Action [GetResponseJSONValue] successfully performed. With the following test data [title]. @23-02-2022 16:29:55.0960 PM
[ReportManager] API Action [GetResponseJSONValue] successfully performed. With the following test data [title]. @23-02-2022 16:29:55.0974 PM
[ReportManager] API Action [GetResponseJSONValue] successfully performed. With the following test data [title]. @23-02-2022 16:29:55.0987 PM
[ReportManager] API Action [GetResponseJSONValue] successfully performed. With the following test data [title]. @23-02-2022 16:29:56.0000 PM
[ReportManager] API Action [GetResponseJSONValue] successfully performed. With the following test data [title]. @23-02-2022 16:29:56.0014 PM
[ReportManager] API Action [GetResponseJSONValue] successfully performed. With the following test data [title]. @23-02-2022 16:29:56.0028 PM
[ReportManager] API Action [GetResponseJSONValue] successfully performed. With the following test data [title]. @23-02-2022 16:29:56.0041 PM
[ReportManager] API Action [GetResponseJSONValue] successfully performed. With the following test data [title]. @23-02-2022 16:29:56.0057 PM
[ReportManager] API Action [GetResponseJSONValue] successfully performed. With the following test data [title]. @23-02-2022 16:29:56.0073 PM
[ReportManager] API Action [GetResponseJSONValue] successfully performed. With the following test data [title]. @23-02-2022 16:29:56.0086 PM
[ReportManager] API Action [GetResponseJSONValue] successfully performed. With the following test data [title]. @23-02-2022 16:29:56.0101 PM
[ReportManager] API Action [GetResponseJSONValue] successfully performed. With the following test data [title]. @23-02-2022 16:29:56.0114 PM
[ReportManager] API Action [GetResponseJSONValue] successfully performed. With the following test data [title]. @23-02-2022 16:29:56.0127 PM
[ReportManager] API Action [GetResponseJSONValue] successfully performed. With the following test data [title]. @23-02-2022 16:29:56.0140 PM
[ReportManager] API Action [GetResponseJSONValue] successfully performed. With the following test data [title]. @23-02-2022 16:29:56.0155 PM
[ReportManager] API Action [GetResponseJSONValue] successfully performed. With the following test data [title]. @23-02-2022 16:29:56.0167 PM
[ReportManager] API Action [GetResponseJSONValue] successfully performed. With the following test data [title]. @23-02-2022 16:29:56.0195 PM
[ReportManager] API Action [GetResponseJSONValue] successfully performed. With the following test data [title]. @23-02-2022 16:29:56.0208 PM
[ReportManager] API Action [GetResponseJSONValue] successfully performed. With the following test data [title]. @23-02-2022 16:29:56.0221 PM
[ReportManager] API Action [GetResponseJSONValue] successfully performed. With the following test data [title]. @23-02-2022 16:29:56.0233 PM
[ReportManager] API Action [GetResponseJSONValue] successfully performed. With the following test data [title]. @23-02-2022 16:29:56.0247 PM
[ReportManager] API Action [GetResponseJSONValue] successfully performed. With the following test data [title]. @23-02-2022 16:29:56.0262 PM
[ReportManager] API Action [GetResponseJSONValue] successfully performed. With the following test data [title]. @23-02-2022 16:29:56.0274 PM
[ReportManager] API Action [GetResponseJSONValue] successfully performed. With the following test data [title]. @23-02-2022 16:29:56.0290 PM
[ReportManager] API Action [GetResponseJSONValue] successfully performed. With the following test data [title]. @23-02-2022 16:29:56.0304 PM
[ReportManager] API Action [GetResponseJSONValue] successfully performed. With the following test data [title]. @23-02-2022 16:29:56.0316 PM
[ReportManager] API Action [GetResponseJSONValue] successfully performed. With the following test data [title]. @23-02-2022 16:29:56.0329 PM
[ReportManager] API Action [GetResponseJSONValue] successfully performed. With the following test data [title]. @23-02-2022 16:29:56.0343 PM
[ReportManager] API Action [GetResponseJSONValue] successfully performed. With the following test data [title]. @23-02-2022 16:29:56.0359 PM
[ReportManager] API Action [GetResponseJSONValue] successfully performed. With the following test data [title]. @23-02-2022 16:29:56.0375 PM
[ReportManager] API Action [GetResponseJSONValue] successfully performed. With the following test data [title]. @23-02-2022 16:29:56.0388 PM
[ReportManager] API Action [GetResponseJSONValue] successfully performed. With the following test data [title]. @23-02-2022 16:29:56.0401 PM
[ReportManager] API Action [GetResponseJSONValue] successfully performed. With the following test data [title]. @23-02-2022 16:29:56.0414 PM
[ReportManager] API Action [GetResponseJSONValue] successfully performed. With the following test data [title]. @23-02-2022 16:29:56.0428 PM
[ReportManager] API Action [GetResponseJSONValue] successfully performed. With the following test data [title]. @23-02-2022 16:29:56.0440 PM
[ReportManager] API Action [GetResponseJSONValue] successfully performed. With the following test data [title]. @23-02-2022 16:29:56.0453 PM
[ReportManager] API Action [GetResponseJSONValue] successfully performed. With the following test data [title]. @23-02-2022 16:29:56.0467 PM
[ReportManager] API Action [GetResponseJSONValue] successfully performed. With the following test data [title]. @23-02-2022 16:29:56.0481 PM
[ReportManager] API Action [GetResponseJSONValue] successfully performed. With the following test data [title]. @23-02-2022 16:29:56.0494 PM
[ReportManager] API Action [GetResponseJSONValue] successfully performed. With the following test data [title]. @23-02-2022 16:29:56.0506 PM
[ReportManager] API Action [GetResponseJSONValue] successfully performed. With the following test data [title]. @23-02-2022 16:29:56.0537 PM
[ReportManager] API Action [GetResponseJSONValue] successfully performed. With the following test data [title]. @23-02-2022 16:29:56.0550 PM
[ReportManager] API Action [GetResponseJSONValue] successfully performed. With the following test data [title]. @23-02-2022 16:29:56.0563 PM
[ReportManager] API Action [GetResponseJSONValue] successfully performed. With the following test data [title]. @23-02-2022 16:29:56.0576 PM
[ReportManager] API Action [GetResponseJSONValue] successfully performed. With the following test data [title]. @23-02-2022 16:29:56.0589 PM
[ReportManager] API Action [GetResponseJSONValue] successfully performed. With the following test data [title]. @23-02-2022 16:29:56.0602 PM
[ReportManager] API Action [GetResponseJSONValue] successfully performed. With the following test data [title]. @23-02-2022 16:29:56.0614 PM
[ReportManager] API Action [GetResponseJSONValue] successfully performed. With the following test data [title]. @23-02-2022 16:29:56.0627 PM
[ReportManager] API Action [GetResponseJSONValue] successfully performed. With the following test data [title]. @23-02-2022 16:29:56.0639 PM
[ReportManager] API Action [GetResponseJSONValue] successfully performed. With the following test data [title]. @23-02-2022 16:29:56.0654 PM
[ReportManager] API Action [GetResponseJSONValue] successfully performed. With the following test data [title]. @23-02-2022 16:29:56.0667 PM
[ReportManager] API Action [GetResponseJSONValue] successfully performed. With the following test data [title]. @23-02-2022 16:29:56.0682 PM
[ReportManager] API Action [GetResponseJSONValue] successfully performed. With the following test data [title]. @23-02-2022 16:29:56.0696 PM
[ReportManager] API Action [GetResponseJSONValue] successfully performed. With the following test data [title]. @23-02-2022 16:29:56.0709 PM
[ReportManager] API Action [GetResponseJSONValue] successfully performed. With the following test data [title]. @23-02-2022 16:29:56.0722 PM
[ReportManager] API Action [GetResponseJSONValue] successfully performed. With the following test data [title]. @23-02-2022 16:29:56.0735 PM
[ReportManager] API Action [GetResponseJSONValue] successfully performed. With the following test data [title]. @23-02-2022 16:29:56.0749 PM
[ReportManager] API Action [GetResponseJSONValue] successfully performed. With the following test data [title]. @23-02-2022 16:29:56.0762 PM
[ReportManager] API Action [GetResponseJSONValue] successfully performed. With the following test data [title]. @23-02-2022 16:29:56.0776 PM
[ReportManager] API Action [GetResponseJSONValue] successfully performed. With the following test data [title]. @23-02-2022 16:29:56.0788 PM
[ReportManager] API Action [GetResponseJSONValue] successfully performed. With the following test data [title]. @23-02-2022 16:29:56.0803 PM
[ReportManager] API Action [GetResponseJSONValue] successfully performed. With the following test data [title]. @23-02-2022 16:29:56.0816 PM
[ReportManager] API Action [GetResponseJSONValue] successfully performed. With the following test data [title]. @23-02-2022 16:29:56.0835 PM
[ReportManager] API Action [GetResponseJSONValue] successfully performed. With the following test data [title]. @23-02-2022 16:29:56.0848 PM
[ReportManager] API Action [GetResponseJSONValue] successfully performed. With the following test data [title]. @23-02-2022 16:29:56.0864 PM
[ReportManager] API Action [GetResponseJSONValue] successfully performed. With the following test data [title]. @23-02-2022 16:29:56.0877 PM
[ReportManager] API Action [GetResponseJSONValue] successfully performed. With the following test data [title]. @23-02-2022 16:29:56.0891 PM
[ReportManager] API Action [GetResponseJSONValue] successfully performed. With the following test data [title]. @23-02-2022 16:29:56.0904 PM
[ReportManager] API Action [GetResponseJSONValue] successfully performed. With the following test data [title]. @23-02-2022 16:29:56.0917 PM
[ReportManager] API Action [GetResponseJSONValue] successfully performed. With the following test data [title]. @23-02-2022 16:29:56.0931 PM
[ReportManager] API Action [GetResponseJSONValue] successfully performed. With the following test data [title]. @23-02-2022 16:29:56.0945 PM
[ReportManager] API Action [GetResponseJSONValue] successfully performed. With the following test data [title]. @23-02-2022 16:29:56.0960 PM
[ReportManager] API Action [GetResponseJSONValue] successfully performed. With the following test data [title]. @23-02-2022 16:29:56.0973 PM
[ReportManager] API Action [GetResponseJSONValue] successfully performed. With the following test data [title]. @23-02-2022 16:29:56.0986 PM
[ReportManager] API Action [GetResponseJSONValue] successfully performed. With the following test data [title]. @23-02-2022 16:29:56.0999 PM
[ReportManager] API Action [GetResponseJSONValue] successfully performed. With the following test data [title]. @23-02-2022 16:29:57.0011 PM
[ReportManager] API Action [GetResponseJSONValue] successfully performed. With the following test data [title]. @23-02-2022 16:29:57.0025 PM
[ReportManager] API Action [GetResponseJSONValue] successfully performed. With the following test data [title]. @23-02-2022 16:29:57.0037 PM
[ReportManager] API Action [GetResponseJSONValue] successfully performed. With the following test data [title]. @23-02-2022 16:29:57.0049 P

################################################################################################################################################
Starting Execution:	[68 out of 165] test cases in the current suite
Test Method:		[unitTests.tests_restActions.validateUserEmail]
################################################################################################################################################
[ReportManager] Response status code: [200], status line: [HTTP/1.1 200 OK] @23-02-2022 16:29:57.0103 PM
[ReportManager] Assertion Passed: Evaluating the actual response status code against the expected one... @23-02-2022 16:29:57.0103 PM
[ReportManager] Assertion [ValidateComparativeRelation] PASSED. Expected [200] and Actual [200]. Comparison Type [EQUALS]. Validation Type [POSITIVE]. @23-02-2022 16:29:57.0103 PM
[ReportManager] API Action [PerformRequest] successfully performed. With the following test data [Request Type: "GET" | Target Status Code: "200" | Service URL: "https://jsonplaceholder.typicode.com/users" | Content Type: "*/*" | Response Time: "43ms"]. @23-02-2022 16:29:57.0124 PM
[ReportManager] Successfully created attachment [API Request - Specifications] @23-02-2022 16:29:57.0125 PM
[ReportManager] Successfully created attachment [API Response - JSON Body] @23-02-2022 16:29:57.0126 PM
[ReportManager] Assertion [ValidateEquals] PASSED. Expected and Actual values are attached. Comparison Type [CONTAINS]. Validation Type [POSITIVE]. @23-02-2022 16:29:57.0126 PM
[ReportManager] Successfully created attachment [Validation Test Data - Expected Value] @23-02-2022 16:29:57.0127 PM
[ReportManager] Successfully created attachment [Validation Test Data - Actual Value] @23-02-2022 16:29:57.0127 PM
[ReportManager] API Action [GetResponseJSONValueAsList] successfully performed. With the following test data [$]. @23-02-2022 16:29:57.0134 PM
[ReportManager] API Action [GetResponseJSONValue] successfully performed. With the following test data [name]. @23-02-2022 16:29:57.0152 PM
[ReportManager] API Action [GetResponseJSONValue] successfully performed. With the following test data [email]. @23-02-2022 16:29:57.0221 PM
[ReportManager] Assertion [ValidateEquals] PASSED. Expected [Sincere@april.biz] and Actual [Sincere@april.biz]. Comparison Type [EQUALS]. Validation Type [POSITIVE]. @23-02-2022 16:29:57.0222 PM
[ReportManager] API Action [GetResponseJSONValue] successfully performed. With the following test data [name]. @23-02-2022 16:29:57.0233 PM
[ReportManager] API Action [GetResponseJSONValue] successfully performed. With the following test data [name]. @23-02-2022 16:29:57.0245 PM
[ReportManager] API Action [GetResponseJSONValue] successfully performed. With the following test data [name]. @23-02-2022 16:29:57.0256 PM
[ReportManager] API Action [GetResponseJSONValue] successfully performed. With the following test data [name]. @23-02-2022 16:29:57.0268 PM
[ReportManager] API Action [GetResponseJSONValue] successfully performed. With the following test data [name]. @23-02-2022 16:29:57.0281 PM
[ReportManager] API Action [GetResponseJSONValue] successfully performed. With the following test data [name]. @23-02-2022 16:29:57.0293 PM
[ReportManager] API Action [GetResponseJSONValue] successfully performed. With the following test data [name]. @23-02-2022 16:29:57.0305 PM
[ReportManager] API Action [GetResponseJSONValue] successfully performed. With the following test data [name]. @23-02-2022 16:29:57.0318 PM
[ReportManager] API Action [GetResponseJSONValue] successfully performed. With the following test data [name]. @23-02-2022 16:29:57.0330 P
[ReportManager] File Action [GetAbsolutePath] successfully performed. With the following test data [Relative Folder Path: "target/downloadedFiles/"]. @23-02-2022 16:29:57.0334 PM
[ReportManager] Attempting to run locally on: [Mac-64], [Safari], Headless Execution. @23-02-2022 16:29:57.0334 PM
[ReportManager] Successfully Opened Safari. @23-02-2022 16:29:58.0213 PM
[ReportManager] Initial window size: (800, 600) @23-02-2022 16:29:58.0226 PM
[ReportManager] Window size after SWD Maximize: (1176, 803) @23-02-2022 16:29:58.0243 PM
[ReportManager] Browser Action [MaximizeWindow] successfully performed. With the following test data [New screen size is now: (1176, 803)]. @23-02-2022 16:29:58.0244 P

################################################################################################################################################
Starting Execution:	[69 out of 165] test cases in the current suite
Test Method:		[testPackage01.Test_uploadFile.uploadFile_invisibleUploadInput]
################################################################################################################################################
[ReportManager] Target URL: [https://fineuploader.com/demos.html#gallery-view] @23-02-2022 16:29:58.0272 PM
[ReportManager] Initial URL: [] @23-02-2022 16:29:58.0321 PM
[ReportManager] Browser Action [NavigateToURL] successfully performed. With the following test data [https://fineuploader.com/demos.html#gallery-view]. @23-02-2022 16:29:59.0633 PM
[ReportManager] File Action [GetAbsolutePath] successfully performed. With the following test data [Relative File Path: "src/main/resources/images/shaft.png"]. @23-02-2022 16:29:59.0634 PM
[ReportManager] Successfully created attachment [File Action Actual Result - Command Log] @23-02-2022 16:29:59.0634 PM
[ReportManager] Element Action [TypeFileLocationForUpload] successfully performed. With the following test data [/Users/runner/work/SHAFT_ENGINE/SHAFT_ENGINE/src/main/resources/images/shaft.png]. @23-02-2022 16:29:59.0692 PM
[ReportManager] Attempting to getAttribute [src] from elementLocator [By.xpath: //div[@id='fine-uploader-gallery']//div[@class='qq-thumbnail-wrapper']/img]. @23-02-2022 16:29:59.0696 PM
[ReportManager] Element Action [GetAttribute] successfully performed. @23-02-2022 16:29:59.0810 PM
[ReportManager] Successfully created attachment [Element Action Test Data - GetAttribute - Actual Value] @23-02-2022 16:29:59.0812 PM
[ReportManager] Assertion Passed: Then I Assert that the element found by [By.xpath: //div[@id='fine-uploader-gallery']//div[@class='qq-thumbnail-wrapper']/img] attribute [src] contains [data:image/png;base64]. @23-02-2022 16:30:00.0014 PM
[ReportManager] Successfully created attachment [Validation Test Data - Expected Value] @23-02-2022 16:30:00.0015 PM
[ReportManager] Successfully created attachment [Validation Test Data - Actual Value] @23-02-2022 16:30:00.0015 PM
[ReportManager] Successfully created attachment [Screenshot - 1645633799935_uploadFile_invisibleUploadInput_ValidateElementAttribute_passed] @23-02-2022 16:30:00.0020 PM
[ReportManager] Assertion [ValidateElementAttribute] PASSED. Expected and Actual values are attached. Comparison Type [CONTAINS]. Validation Type [POSITIVE]. @23-02-2022 16:30:00.0020 P
[ReportManager] Browser Action [CloseCurrentWindow] successfully performed. @23-02-2022 16:30:00.0366 PM
[ReportManager] Successfully created attachment [Browser Action Test Data - CloseCurrentWindow - Actual Value] @23-02-2022 16:30:00.0366 P
[ReportManager] File Action [GetAbsolutePath] successfully performed. With the following test data [Relative Folder Path: "target/downloadedFiles/"]. @23-02-2022 16:30:00.0370 PM
[ReportManager] Attempting to run locally on: [Mac-64], [Safari], Headless Execution. @23-02-2022 16:30:00.0370 PM
[ReportManager] Successfully Opened Safari. @23-02-2022 16:30:01.0197 PM
[ReportManager] Initial window size: (800, 600) @23-02-2022 16:30:01.0232 PM
[ReportManager] Window size after SWD Maximize: (1176, 803) @23-02-2022 16:30:01.0247 PM
[ReportManager] Browser Action [MaximizeWindow] successfully performed. With the following test data [New screen size is now: (1176, 803)]. @23-02-2022 16:30:01.0248 P

################################################################################################################################################
Starting Execution:	[70 out of 165] test cases in the current suite
Test Method:		[testPackage01.Test_uploadFile.uploadFile_visibleUploadInput]
################################################################################################################################################
[ReportManager] Target URL: [https://demo.guru99.com/test/upload/] @23-02-2022 16:30:01.0250 PM
[ReportManager] Initial URL: [] @23-02-2022 16:30:01.0301 PM
[ReportManager] Browser Action [NavigateToURL] successfully performed. With the following test data [https://demo.guru99.com/test/upload/]. @23-02-2022 16:30:03.0248 PM
[ReportManager] File Action [GetAbsolutePath] successfully performed. With the following test data [Relative Folder Path: "src/main/resources/images/shaft.png"]. @23-02-2022 16:30:03.0249 PM
[ReportManager] Element Action [TypeFileLocationForUpload] successfully performed. With the following test data [/Users/runner/work/SHAFT_ENGINE/SHAFT_ENGINE/src/main/resources/images/shaft.png]. @23-02-2022 16:30:03.0388 PM
[ReportManager] Element Action [Click] successfully performed. With the following test data [By.id: terms]. @23-02-2022 16:30:04.0586 PM
[ReportManager] Element Action [Click] successfully performed. With the following test data [By.id: submitbutton]. @23-02-2022 16:30:04.0789 PM
[ReportManager] Element Action [GetText] successfully performed. With the following test data [1 file has been successfully uploaded.]. @23-02-2022 16:30:05.0447 PM
[ReportManager] Assertion Passed: Then I Assert that the element found by [By.id: res] attribute [Text] contains [1 file]. @23-02-2022 16:30:05.0616 PM
[ReportManager] Successfully created attachment [Screenshot - 1645633805550_uploadFile_visibleUploadInput_ValidateElementAttribute_passed] @23-02-2022 16:30:05.0618 PM
[ReportManager] Assertion [ValidateElementAttribute] PASSED. Expected [Value Should be '1 file' for the 'Text' attribute, element locator 'By.id: res'] and Actual [1 file has been successfully uploaded.]. Comparison Type [CONTAINS]. Validation Type [POSITIVE]. @23-02-2022 16:30:05.0618 P
[ReportManager] Browser Action [CloseCurrentWindow] successfully performed. @23-02-2022 16:30:05.0957 PM
[ReportManager] Successfully created attachment [Browser Action Test Data - CloseCurrentWindow - Actual Value] @23-02-2022 16:30:05.0958 P

################################################################################################################################################
Starting Execution:	[71 out of 165] test cases in the current suite
Test Method:		[testPackage01.Test_AssertApiResponseEquals.assertApiResponseEquals_expectedToPass]
################################################################################################################################################
[ReportManager] Response status code: [200], status line: [HTTP/1.1 200 OK] @23-02-2022 16:30:06.0025 PM
[ReportManager] Assertion Passed: Evaluating the actual response status code against the expected one... @23-02-2022 16:30:06.0025 PM
[ReportManager] Assertion [ValidateComparativeRelation] PASSED. Expected [200] and Actual [200]. Comparison Type [EQUALS]. Validation Type [POSITIVE]. @23-02-2022 16:30:06.0025 PM
[ReportManager] API Action [PerformRequest] successfully performed. With the following test data [Request Type: "GET" | Target Status Code: "200" | Service URL: "https://jsonplaceholder.typicode.com/users" | Content Type: "*/*" | Response Time: "59ms"]. @23-02-2022 16:30:06.0047 PM
[ReportManager] Successfully created attachment [API Request - Specifications] @23-02-2022 16:30:06.0048 PM
[ReportManager] Successfully created attachment [API Response - JSON Body] @23-02-2022 16:30:06.0049 PM
[ReportManager] API Action [GetResponseJSONValueAsList] successfully performed. With the following test data [$]. @23-02-2022 16:30:06.0055 PM
[ReportManager] API Action [GetResponseJSONValue] successfully performed. With the following test data [name]. @23-02-2022 16:30:06.0067 PM
[ReportManager] API Action [GetResponseJSONValue] successfully performed. With the following test data [email]. @23-02-2022 16:30:06.0081 PM
[ReportManager] Verification [ValidateEquals] PASSED. Expected [Sincere@april.biz] and Actual [Sincere@april.biz]. Comparison Type [EQUALS]. Validation Type [POSITIVE]. @23-02-2022 16:30:06.0082 PM
[ReportManager] API Action [GetResponseJSONValue] successfully performed. With the following test data [username]. @23-02-2022 16:30:06.0093 PM
[ReportManager] Assertion [ValidateEquals] PASSED. Expected [Bret] and Actual [Bret]. Comparison Type [EQUALS]. Validation Type [POSITIVE]. @23-02-2022 16:30:06.0093 PM
[ReportManager] API Action [GetResponseJSONValue] successfully performed. With the following test data [name]. @23-02-2022 16:30:06.0105 PM
[ReportManager] API Action [GetResponseJSONValue] successfully performed. With the following test data [name]. @23-02-2022 16:30:06.0116 PM
[ReportManager] API Action [GetResponseJSONValue] successfully performed. With the following test data [name]. @23-02-2022 16:30:06.0127 PM
[ReportManager] API Action [GetResponseJSONValue] successfully performed. With the following test data [name]. @23-02-2022 16:30:06.0138 PM
[ReportManager] API Action [GetResponseJSONValue] successfully performed. With the following test data [name]. @23-02-2022 16:30:06.0149 PM
[ReportManager] API Action [GetResponseJSONValue] successfully performed. With the following test data [name]. @23-02-2022 16:30:06.0159 PM
[ReportManager] API Action [GetResponseJSONValue] successfully performed. With the following test data [name]. @23-02-2022 16:30:06.0170 PM
[ReportManager] API Action [GetResponseJSONValue] successfully performed. With the following test data [name]. @23-02-2022 16:30:06.0184 PM
[ReportManager] API Action [GetResponseJSONValue] successfully performed. With the following test data [name]. @23-02-2022 16:30:06.0197 P
[ReportManager] File Action [GetAbsolutePath] successfully performed. With the following test data [Relative Folder Path: "target/downloadedFiles/"]. @23-02-2022 16:30:06.0200 PM
[ReportManager] Attempting to run locally on: [Mac-64], [Safari], Headless Execution. @23-02-2022 16:30:06.0200 PM
[ReportManager] Successfully Opened Safari. @23-02-2022 16:30:07.0064 PM
[ReportManager] Initial window size: (800, 600) @23-02-2022 16:30:07.0099 PM
[ReportManager] Window size after SWD Maximize: (1176, 803) @23-02-2022 16:30:07.0115 PM
[ReportManager] Browser Action [MaximizeWindow] successfully performed. With the following test data [New screen size is now: (1176, 803)]. @23-02-2022 16:30:07.0115 PM
[ReportManager] Target URL: [http://the-internet.herokuapp.com/javascript_alerts] @23-02-2022 16:30:07.0115 PM
[ReportManager] Initial URL: [] @23-02-2022 16:30:07.0173 PM
[ReportManager] Browser Action [NavigateToURL] successfully performed. With the following test data [http://the-internet.herokuapp.com/javascript_alerts]. @23-02-2022 16:30:07.0631 P

################################################################################################################################################
Starting Execution:	[72 out of 165] test cases in the current suite
Test Method:		[testPackage01.TestJSPromptBox.dismissAlert]
################################################################################################################################################
[ReportManager] Element Action [Click] successfully performed. With the following test data [By.xpath: //button[contains(text(),'Click for JS Prompt')]]. @23-02-2022 16:30:08.0041 PM
[ReportManager] Alert is present @23-02-2022 16:30:08.0051 PM
[ReportManager] Element Action [DismissAlert] successfully performed. @23-02-2022 16:30:08.0074 P

################################################################################################################################################
Starting Execution:	[73 out of 165] test cases in the current suite
Test Method:		[testPackage01.TestJSPromptBox.assertOnCancelAlertResultText]
################################################################################################################################################
[ReportManager] Element Action [GetText] successfully performed. With the following test data [You entered: null]. @23-02-2022 16:30:08.0261 PM
[ReportManager] Assertion Passed: Then I Assert that the element found by [By.id: result] attribute [TEXT] is equal to [You entered: null]. @23-02-2022 16:30:08.0413 PM
[ReportManager] Successfully created attachment [Screenshot - 1645633808349_assertOnCancelAlertResultText_ValidateElementAttribute_passed] @23-02-2022 16:30:08.0414 PM
[ReportManager] Assertion [ValidateElementAttribute] PASSED. Expected [Value Should be 'You entered: null' for the 'text' attribute, element locator 'By.id: result'] and Actual [You entered: null]. Comparison Type [EQUALS]. Validation Type [POSITIVE]. @23-02-2022 16:30:08.0414 P

################################################################################################################################################
Starting Execution:	[74 out of 165] test cases in the current suite
Test Method:		[testPackage01.TestJSPromptBox.getAlertText]
################################################################################################################################################
[ReportManager] Element Action [Click] successfully performed. With the following test data [By.xpath: //button[contains(text(),'Click for JS Prompt')]]. @23-02-2022 16:30:08.0612 PM
[ReportManager] Alert is present @23-02-2022 16:30:08.0621 PM
[ReportManager] Alert Text is: [I am a JS prompt] @23-02-2022 16:30:08.0648 PM
[ReportManager] Element Action [GetAlertText] successfully performed. @23-02-2022 16:30:08.0649 PM
[ReportManager] Alert text is: [I am a JS prompt] @23-02-2022 16:30:08.0649 PM
[ReportManager] Alert is present @23-02-2022 16:30:08.0658 PM
[ReportManager] Alert Text is: [I am a JS prompt] @23-02-2022 16:30:08.0793 PM
[ReportManager] Element Action [GetAlertText] successfully performed. @23-02-2022 16:30:08.0794 PM
[ReportManager] Assertion Passed: Then I Assert that [I am a JS prompt] is equal to [I am a JS prompt]. @23-02-2022 16:30:08.0794 PM
[ReportManager] Assertion [ValidateEquals] PASSED. Expected [I am a JS prompt] and Actual [I am a JS prompt]. Comparison Type [EQUALS]. Validation Type [POSITIVE]. @23-02-2022 16:30:08.0794 P

################################################################################################################################################
Starting Execution:	[75 out of 165] test cases in the current suite
Test Method:		[testPackage01.TestJSPromptBox.acceptPromptAlertWithoutTypingTextMessage]
################################################################################################################################################
[ReportManager] Alert is not present @23-02-2022 16:30:39.0036 PM
[ReportManager] Element Action [WaitForAlertToBePresent] failed. @23-02-2022 16:30:39.0150 PM
[ReportManager] Successfully created attachment [Screenshot - 1645633839059_acceptPromptAlertWithoutTypingTextMessage_WaitForAlertToBePresent_failed] @23-02-2022 16:30:39.0151 P

################################################################################################################################################
Starting Execution:	[76 out of 165] test cases in the current suite
Test Method:		[testPackage01.TestJSPromptBox.assertOnConfirmPromptAlertWithoutTypingTextMessageResultText]
###############################################################################################################################################

################################################################################################################################################
Starting Execution:	[77 out of 165] test cases in the current suite
Test Method:		[testPackage01.TestJSPromptBox.acceptPromptAlertWithTextMessage]
###############################################################################################################################################

################################################################################################################################################
Starting Execution:	[78 out of 165] test cases in the current suite
Test Method:		[testPackage01.TestJSPromptBox.assertOnConfirmPromptAlertWithTextMessageResultText]
###############################################################################################################################################
[ReportManager] Browser Action [CloseCurrentWindow] successfully performed. @23-02-2022 16:30:39.0532 PM
[ReportManager] Successfully created attachment [Browser Action Test Data - CloseCurrentWindow - Actual Value] @23-02-2022 16:30:39.0533 P

################################################################################################################################################
Starting Execution:	[79 out of 165] test cases in the current suite
Test Method:		[testPackage01.Test_testData.f]
################################################################################################################################################
[ReportManager] Successfully loaded the following test data file [src/test/resources/testDataFiles/testSuite01/TestData.xlsx]. @23-02-2022 16:30:39.0575 PM
[ReportManager] Successfully created attachment [Test Data - Excel] @23-02-2022 16:30:39.0576 PM
[ReportManager] Last Column Number is: [3]. Zero-based. @23-02-2022 16:30:39.0577 P

################################################################################################################################################
Starting Execution:	[80 out of 165] test cases in the current suite
Test Method:		[testPackage01.Test_PDF.testPDF1]
################################################################################################################################################
[ReportManager] File Action [DoesFileExist] successfully performed. With the following test data [File Path: "src/test/resources/testDataFiles/sample.pdf"]. @23-02-2022 16:30:39.0585 PM
[ReportManager] File Action [GetAbsolutePath] successfully performed. With the following test data [Relative Folder Path: "src/test/resources/testDataFiles/sample.pdf"]. @23-02-2022 16:30:39.0586 PM
[ReportManager] Assertion Passed: Checking to see that the pdf file contains [A Simple PDF File] @23-02-2022 16:30:45.0565 PM
[ReportManager] Successfully created attachment [Validation Test Data - Expected Value] @23-02-2022 16:30:45.0566 PM
[ReportManager] Successfully created attachment [Validation Test Data - Actual Value] @23-02-2022 16:30:45.0566 PM
[ReportManager] Assertion [ValidateEquals] PASSED. Expected and Actual values are attached. Comparison Type [CONTAINS]. Validation Type [POSITIVE]. @23-02-2022 16:30:45.0566 P

################################################################################################################################################
Starting Execution:	[81 out of 165] test cases in the current suite
Test Method:		[testPackage01.Test_PDF.testPDF2]
################################################################################################################################################
[ReportManager] File Action [DoesFileExist] successfully performed. With the following test data [File Path: "src/test/resources/testDataFiles/sample.pdf"]. @23-02-2022 16:30:45.0573 PM
[ReportManager] File Action [GetAbsolutePath] successfully performed. With the following test data [Relative Folder Path: "src/test/resources/testDataFiles/sample.pdf"]. @23-02-2022 16:30:45.0573 PM
[ReportManager] Assertion Passed: Checking to see that the pdf file contains [A Simple PDF File] @23-02-2022 16:30:45.0588 PM
[ReportManager] Successfully created attachment [Validation Test Data - Expected Value] @23-02-2022 16:30:45.0588 PM
[ReportManager] Successfully created attachment [Validation Test Data - Actual Value] @23-02-2022 16:30:45.0589 PM
[ReportManager] Assertion [ValidateEquals] PASSED. Expected and Actual values are attached. Comparison Type [CONTAINS]. Validation Type [POSITIVE]. @23-02-2022 16:30:45.0589 P
[ReportManager] File Action [GetAbsolutePath] successfully performed. With the following test data [Relative Folder Path: "target/downloadedFiles/"]. @23-02-2022 16:30:45.0591 PM
[ReportManager] Attempting to run locally on: [Mac-64], [Safari], Headless Execution. @23-02-2022 16:30:45.0592 PM
[ReportManager] An Exception Occured with this Message: Could not start a new session. Possible causes are invalid address of the remote server or browser start-up failure.. @23-02-2022 16:30:46.0243 PM
[ReportManager] Successfully created attachment [Exception Stack Trace - org.openqa.selenium.SessionNotCreatedException] @23-02-2022 16:30:46.0325 PM
[ReportManager] Driver Factory Action [createNewLocalDriverInstanceForSafari] failed. With the following test data [Failed to create a session on DESKTOP_SAFARI]. @23-02-2022 16:30:46.0325 P

################################################################################################################################################
Starting Execution:	[82 out of 165] test cases in the current suite
Test Method:		[testPackage01.Test_ShadowDOM.shadowdom]
###############################################################################################################################################

[ReportManager] File Action [GetAbsolutePath] successfully performed. With the following test data [Relative Folder Path: "target/downloadedFiles/"]. @23-02-2022 16:30:46.0336 PM
[ReportManager] Attempting to run locally on: [Mac-64], [Safari], Headless Execution. @23-02-2022 16:30:46.0337 PM
[ReportManager] Successfully Opened Safari. @23-02-2022 16:30:47.0275 PM
[ReportManager] Initial window size: (800, 600) @23-02-2022 16:30:47.0302 PM
[ReportManager] Window size after SWD Maximize: (1176, 803) @23-02-2022 16:30:47.0340 PM
[ReportManager] Browser Action [MaximizeWindow] successfully performed. With the following test data [New screen size is now: (1176, 803)]. @23-02-2022 16:30:47.0341 P

################################################################################################################################################
Starting Execution:	[83 out of 165] test cases in the current suite
Test Method:		[testPackage01.Test_clipboardActions.typeTextAndCopyPaste]
################################################################################################################################################
[ReportManager] Target URL: [https://www.google.com/ncr], and after redirection: [https://www.google.com] @23-02-2022 16:30:47.0344 PM
[ReportManager] Initial URL: [] @23-02-2022 16:30:47.0402 PM
[ReportManager] Browser Action [NavigateToURL] successfully performed. With the following test data [https://www.google.com/ncr]. @23-02-2022 16:30:48.0816 PM
[ReportManager] Element Action [Type] successfully performed. With the following test data [FIRST]. @23-02-2022 16:30:49.0293 P
[ReportManager] Browser Action [CloseCurrentWindow] successfully performed. @23-02-2022 16:30:49.0474 PM
[ReportManager] Successfully created attachment [Browser Action Test Data - CloseCurrentWindow - Actual Value] @23-02-2022 16:30:49.0476 P
[ReportManager] File Action [GetAbsolutePath] successfully performed. With the following test data [Relative Folder Path: "target/downloadedFiles/"]. @23-02-2022 16:30:49.0477 PM
[ReportManager] Attempting to run locally on: [Mac-64], [Safari], Headless Execution. @23-02-2022 16:30:49.0478 PM
[ReportManager] Successfully Opened Safari. @23-02-2022 16:30:50.0331 PM
[ReportManager] Initial window size: (800, 600) @23-02-2022 16:30:50.0384 PM
[ReportManager] Window size after SWD Maximize: (1176, 803) @23-02-2022 16:30:50.0416 PM
[ReportManager] Browser Action [MaximizeWindow] successfully performed. With the following test data [New screen size is now: (1176, 803)]. @23-02-2022 16:30:50.0416 PM
[ReportManager] Target URL: [http://the-internet.herokuapp.com/javascript_alerts] @23-02-2022 16:30:50.0416 PM
[ReportManager] Initial URL: [] @23-02-2022 16:30:50.0475 PM
[ReportManager] Browser Action [NavigateToURL] successfully performed. With the following test data [http://the-internet.herokuapp.com/javascript_alerts]. @23-02-2022 16:30:51.0085 P

################################################################################################################################################
Starting Execution:	[84 out of 165] test cases in the current suite
Test Method:		[testPackage01.TestJSAlertBox.getJSAlertText]
################################################################################################################################################
[ReportManager] Element Action [Click] successfully performed. With the following test data [By.xpath: //button[contains(text(),'Click for JS Alert')]]. @23-02-2022 16:30:51.0351 PM
[ReportManager] Alert is present @23-02-2022 16:30:51.0367 PM
[ReportManager] Alert Text is: [I am a JS Alert] @23-02-2022 16:30:51.0381 PM
[ReportManager] Element Action [GetAlertText] successfully performed. @23-02-2022 16:30:51.0382 PM
[ReportManager] Alert text is: [I am a JS Alert] @23-02-2022 16:30:51.0382 PM
[ReportManager] Alert is present @23-02-2022 16:30:51.0389 PM
[ReportManager] Alert Text is: [I am a JS Alert] @23-02-2022 16:30:51.0398 PM
[ReportManager] Element Action [GetAlertText] successfully performed. @23-02-2022 16:30:51.0398 PM
[ReportManager] Assertion Passed: Then I Assert that [I am a JS Alert] is equal to [I am a JS Alert]. @23-02-2022 16:30:51.0399 PM
[ReportManager] Assertion [ValidateEquals] PASSED. Expected [I am a JS Alert] and Actual [I am a JS Alert]. Comparison Type [EQUALS]. Validation Type [POSITIVE]. @23-02-2022 16:30:51.0399 P

################################################################################################################################################
Starting Execution:	[85 out of 165] test cases in the current suite
Test Method:		[testPackage01.TestJSAlertBox.acceptAlert]
################################################################################################################################################
[ReportManager] Alert is not present @23-02-2022 16:31:21.0574 PM
[ReportManager] Element Action [WaitForAlertToBePresent] failed. @23-02-2022 16:31:21.0829 PM
[ReportManager] Successfully created attachment [Screenshot - 1645633881597_acceptAlert_WaitForAlertToBePresent_failed] @23-02-2022 16:31:21.0830 P

################################################################################################################################################
Starting Execution:	[86 out of 165] test cases in the current suite
Test Method:		[testPackage01.TestJSAlertBox.assertOnConfirmAlertResultText]
###############################################################################################################################################
[ReportManager] Browser Action [CloseCurrentWindow] successfully performed. @23-02-2022 16:31:22.0075 PM
[ReportManager] Successfully created attachment [Browser Action Test Data - CloseCurrentWindow - Actual Value] @23-02-2022 16:31:22.0116 P

################################################################################################################################################
Starting Execution:	[87 out of 165] test cases in the current suite
Test Method:		[testPackage01.Test_checkJDKShellFilesGenerated.testJDKGeneratedSuccessfully]
################################################################################################################################################
[ReportManager] Configuring JDK @23-02-2022 16:31:22.0160 PM
[ReportManager] File Action [GetAbsolutePath] successfully performed. With the following test data [Relative File Path: "generateJdkMac.sh"]. @23-02-2022 16:31:22.0160 PM
[ReportManager] File Action [WriteToFile] successfully performed. With the following test data [Target File Path: "/Users/runner/work/SHAFT_ENGINE/SHAFT_ENGINE/generateJdkMac.sh"]. @23-02-2022 16:31:22.0161 PM
[ReportManager] Attempting to perform the following command locally. Command: [chmod u+x generateJdk.sh] @23-02-2022 16:31:22.0161 PM
[ReportManager] Terminal Action [PerformTerminalCommands] successfully performed. With the following test data [Host Name: "localHost" | Command: "chmod u+x generateJdk.sh" | Exit Status: "1"]. @23-02-2022 16:31:22.0174 PM
[ReportManager] Successfully created attachment [Terminal Action Actual Result - Command Log] @23-02-2022 16:31:22.0175 PM
[ReportManager] Assertion Passed: Then I Assert that [[#!/bin/bash, export JAVA_HOME=$(/usr/libexec/java_home), export PATH=$JAVA_HOME/bin:$PATH, source ~/.zshenv, echo $JAVA_HOME, echo $PATH, exec bash]] contains [JAVA_HOME=$(/usr/libexec/java_home)]. @23-02-2022 16:31:22.0175 PM
[ReportManager] Assertion [ValidateEquals] PASSED. Expected [JAVA_HOME=$(/usr/libexec/java_home)] and Actual [[#!/bin/bash, export JAVA_HOME=$(/usr/libexec/java_home), export PATH=$JAVA_HOME/bin:$PATH, source ~/.zshenv, echo $JAVA_HOME, echo $PATH, exec bash]]. Comparison Type [CONTAINS]. Validation Type [POSITIVE]. @23-02-2022 16:31:22.0175 P
[ReportManager] File Action [GetAbsolutePath] successfully performed. With the following test data [Relative Folder Path: "target/downloadedFiles/"]. @23-02-2022 16:31:22.0178 PM
[ReportManager] Attempting to run locally on: [Mac-64], [Safari], Headless Execution. @23-02-2022 16:31:22.0178 PM
[ReportManager] Successfully Opened Safari. @23-02-2022 16:31:23.0175 PM
[ReportManager] Initial window size: (800, 600) @23-02-2022 16:31:23.0217 PM
[ReportManager] Window size after SWD Maximize: (1176, 803) @23-02-2022 16:31:23.0245 PM
[ReportManager] Browser Action [MaximizeWindow] successfully performed. With the following test data [New screen size is now: (1176, 803)]. @23-02-2022 16:31:23.0246 PM
[ReportManager] Target URL: [http://the-internet.herokuapp.com/javascript_alerts] @23-02-2022 16:31:23.0246 PM
[ReportManager] Initial URL: [] @23-02-2022 16:31:23.0316 PM
[ReportManager] Browser Action [NavigateToURL] successfully performed. With the following test data [http://the-internet.herokuapp.com/javascript_alerts]. @23-02-2022 16:31:23.0863 P

################################################################################################################################################
Starting Execution:	[88 out of 165] test cases in the current suite
Test Method:		[testPackage01.TestJSConfirmBox.dismissAlert]
################################################################################################################################################
[ReportManager] Element Action [Click] successfully performed. With the following test data [By.xpath: //button[contains(text(),'Click for JS Confirm')]]. @23-02-2022 16:31:24.0117 PM
[ReportManager] Alert is present @23-02-2022 16:31:24.0134 PM
[ReportManager] Element Action [DismissAlert] successfully performed. @23-02-2022 16:31:24.0142 P

################################################################################################################################################
Starting Execution:	[89 out of 165] test cases in the current suite
Test Method:		[testPackage01.TestJSConfirmBox.assertOnCancelAlertResultText]
################################################################################################################################################
[ReportManager] Element Action [GetText] successfully performed. With the following test data [You clicked: Cancel]. @23-02-2022 16:31:24.0410 PM
[ReportManager] Assertion Passed: Then I Assert that the element found by [By.id: result] attribute [TEXT] is equal to [You clicked: Cancel]. @23-02-2022 16:31:24.0784 PM
[ReportManager] Successfully created attachment [Screenshot - 1645633884589_assertOnCancelAlertResultText_ValidateElementAttribute_passed] @23-02-2022 16:31:24.0866 PM
[ReportManager] Assertion [ValidateElementAttribute] PASSED. Expected [Value Should be 'You clicked: Cancel' for the 'text' attribute, element locator 'By.id: result'] and Actual [You clicked: Cancel]. Comparison Type [EQUALS]. Validation Type [POSITIVE]. @23-02-2022 16:31:24.0866 P

################################################################################################################################################
Starting Execution:	[90 out of 165] test cases in the current suite
Test Method:		[testPackage01.TestJSConfirmBox.getAlertText]
################################################################################################################################################
[ReportManager] Element Action [Click] successfully performed. With the following test data [By.xpath: //button[contains(text(),'Click for JS Confirm')]]. @23-02-2022 16:31:25.0246 PM
[ReportManager] Alert is present @23-02-2022 16:31:25.0271 PM
[ReportManager] Alert Text is: [I am a JS Confirm] @23-02-2022 16:31:25.0290 PM
[ReportManager] Element Action [GetAlertText] successfully performed. @23-02-2022 16:31:25.0290 PM
[ReportManager] Alert text is: [I am a JS Confirm] @23-02-2022 16:31:25.0291 PM
[ReportManager] Alert is present @23-02-2022 16:31:25.0307 PM
[ReportManager] Alert Text is: [I am a JS Confirm] @23-02-2022 16:31:25.0316 PM
[ReportManager] Element Action [GetAlertText] successfully performed. @23-02-2022 16:31:25.0317 PM
[ReportManager] Assertion Passed: Then I Assert that [I am a JS Confirm] is equal to [I am a JS Confirm]. @23-02-2022 16:31:25.0317 PM
[ReportManager] Assertion [ValidateEquals] PASSED. Expected [I am a JS Confirm] and Actual [I am a JS Confirm]. Comparison Type [EQUALS]. Validation Type [POSITIVE]. @23-02-2022 16:31:25.0317 P

################################################################################################################################################
Starting Execution:	[91 out of 165] test cases in the current suite
Test Method:		[testPackage01.TestJSConfirmBox.acceptAlert]
################################################################################################################################################
[ReportManager] Alert is not present @23-02-2022 16:31:55.0786 PM
[ReportManager] Element Action [WaitForAlertToBePresent] failed. @23-02-2022 16:31:55.0994 PM
[ReportManager] Successfully created attachment [Screenshot - 1645633915811_acceptAlert_WaitForAlertToBePresent_failed] @23-02-2022 16:31:56.0116 P

################################################################################################################################################
Starting Execution:	[92 out of 165] test cases in the current suite
Test Method:		[testPackage01.TestJSConfirmBox.assertOnConfirmAlertResultText]
###############################################################################################################################################
[ReportManager] Browser Action [CloseCurrentWindow] successfully performed. @23-02-2022 16:31:56.0749 PM
[ReportManager] Successfully created attachment [Browser Action Test Data - CloseCurrentWindow - Actual Value] @23-02-2022 16:31:56.0790 P

################################################################################################################################################
Starting Execution:	[93 out of 165] test cases in the current suite
Test Method:		[testPackage01.Test_NewValidationHelper.f1]
################################################################################################################################################
[ReportManager] Assertion Passed: Checking valid user data @23-02-2022 16:31:56.0876 PM
[ReportManager] Successfully created attachment [Validation Test Data - Expected Value] @23-02-2022 16:31:56.0918 PM
[ReportManager] Successfully created attachment [Validation Test Data - Actual Value] @23-02-2022 16:31:57.0001 PM
[ReportManager] Assertion [ValidateEquals] PASSED. Expected and Actual values are attached. Comparison Type [EQUALS]. Validation Type [POSITIVE]. @23-02-2022 16:31:57.0001 P
[ReportManager] File Action [GetAbsolutePath] successfully performed. With the following test data [Relative Folder Path: "target/downloadedFiles/"]. @23-02-2022 16:31:57.0127 PM
[ReportManager] Attempting to run locally on: [Mac-64], [Safari], Headless Execution. @23-02-2022 16:31:57.0127 PM
[ReportManager] Successfully Opened Safari. @23-02-2022 16:31:58.0019 PM
[ReportManager] Initial window size: (800, 600) @23-02-2022 16:31:58.0045 PM
[ReportManager] Window size after SWD Maximize: (1176, 803) @23-02-2022 16:31:58.0081 PM
[ReportManager] Browser Action [MaximizeWindow] successfully performed. With the following test data [New screen size is now: (1176, 803)]. @23-02-2022 16:31:58.0081 PM
[ReportManager] Target URL: [https://the-internet.herokuapp.com/] @23-02-2022 16:31:58.0081 PM
[ReportManager] Initial URL: [] @23-02-2022 16:31:58.0131 PM
[ReportManager] Browser Action [NavigateToURL] successfully performed. With the following test data [https://the-internet.herokuapp.com/]. @23-02-2022 16:31:58.0653 P

################################################################################################################################################
Starting Execution:	[94 out of 165] test cases in the current suite
Test Method:		[testPackage01.Test_NewValidationHelper.f10]
################################################################################################################################################
[ReportManager] Assertion [ValidateElementExists] FAILED. Expected [Element Should Exist, locator 'By.tagName: div'] and Actual [Element Exists but is not unique]. Comparison Type [EQUALS]. Validation Type [POSITIVE]. @23-02-2022 16:31:59.0280 PM
[ReportManager] Successfully created attachment [Screenshot - 1645633919061_f10_ValidateElementExists_failed] @23-02-2022 16:31:59.0364 P
[ReportManager] Successfully Closed All Drivers. @23-02-2022 16:31:59.0812 P
[ReportManager] File Action [GetAbsolutePath] successfully performed. With the following test data [Relative Folder Path: "target/downloadedFiles/"]. @23-02-2022 16:31:59.0936 PM
[ReportManager] Attempting to run locally on: [Mac-64], [Safari], Headless Execution. @23-02-2022 16:31:59.0937 PM
[ReportManager] An Exception Occured with this Message: Could not start a new session. Possible causes are invalid address of the remote server or browser start-up failure.. @23-02-2022 16:32:00.0167 PM
[ReportManager] Successfully created attachment [Exception Stack Trace - org.openqa.selenium.SessionNotCreatedException] @23-02-2022 16:32:00.0208 PM
[ReportManager] Driver Factory Action [createNewLocalDriverInstanceForSafari] failed. With the following test data [Failed to create a session on DESKTOP_SAFARI]. @23-02-2022 16:32:00.0209 P

################################################################################################################################################
Starting Execution:	[95 out of 165] test cases in the current suite
Test Method:		[testPackage01.Test_NewValidationHelper.f11]
###############################################################################################################################################



################################################################################################################################################
Starting Execution:	[96 out of 165] test cases in the current suite
Test Method:		[testPackage01.Test_NewValidationHelper.f12]
###############################################################################################################################################



################################################################################################################################################
Starting Execution:	[97 out of 165] test cases in the current suite
Test Method:		[testPackage01.Test_NewValidationHelper.f13]
###############################################################################################################################################



################################################################################################################################################
Starting Execution:	[98 out of 165] test cases in the current suite
Test Method:		[testPackage01.Test_NewValidationHelper.f14]
###############################################################################################################################################



################################################################################################################################################
Starting Execution:	[99 out of 165] test cases in the current suite
Test Method:		[testPackage01.Test_NewValidationHelper.f15]
###############################################################################################################################################



################################################################################################################################################
Starting Execution:	[100 out of 165] test cases in the current suite
Test Method:		[testPackage01.Test_NewValidationHelper.f16]
###############################################################################################################################################



################################################################################################################################################
Starting Execution:	[101 out of 165] test cases in the current suite
Test Method:		[testPackage01.Test_NewValidationHelper.f17]
###############################################################################################################################################



################################################################################################################################################
Starting Execution:	[102 out of 165] test cases in the current suite
Test Method:		[testPackage01.Test_NewValidationHelper.f18]
###############################################################################################################################################


################################################################################################################################################
Starting Execution:	[103 out of 165] test cases in the current suite
Test Method:		[testPackage01.Test_NewValidationHelper.f2]
###############################################################################################################################################


################################################################################################################################################
Starting Execution:	[104 out of 165] test cases in the current suite
Test Method:		[testPackage01.Test_NewValidationHelper.f20]
###############################################################################################################################################



################################################################################################################################################
Starting Execution:	[105 out of 165] test cases in the current suite
Test Method:		[testPackage01.Test_NewValidationHelper.f21]
###############################################################################################################################################



################################################################################################################################################
Starting Execution:	[106 out of 165] test cases in the current suite
Test Method:		[testPackage01.Test_NewValidationHelper.f22]
###############################################################################################################################################


################################################################################################################################################
Starting Execution:	[107 out of 165] test cases in the current suite
Test Method:		[testPackage01.Test_NewValidationHelper.f23]
###############################################################################################################################################

################################################################################################################################################
Starting Execution:	[108 out of 165] test cases in the current suite
Test Method:		[testPackage01.Test_NewValidationHelper.f24]
###############################################################################################################################################

################################################################################################################################################
Starting Execution:	[109 out of 165] test cases in the current suite
Test Method:		[testPackage01.Test_NewValidationHelper.f25]
###############################################################################################################################################

################################################################################################################################################
Starting Execution:	[110 out of 165] test cases in the current suite
Test Method:		[testPackage01.Test_NewValidationHelper.f26]
###############################################################################################################################################

################################################################################################################################################
Starting Execution:	[111 out of 165] test cases in the current suite
Test Method:		[testPackage01.Test_NewValidationHelper.f27]
###############################################################################################################################################

################################################################################################################################################
Starting Execution:	[112 out of 165] test cases in the current suite
Test Method:		[testPackage01.Test_NewValidationHelper.f28]
###############################################################################################################################################

################################################################################################################################################
Starting Execution:	[113 out of 165] test cases in the current suite
Test Method:		[testPackage01.Test_NewValidationHelper.f29]
###############################################################################################################################################

################################################################################################################################################
Starting Execution:	[114 out of 165] test cases in the current suite
Test Method:		[testPackage01.Test_NewValidationHelper.f3]
###############################################################################################################################################

################################################################################################################################################
Starting Execution:	[115 out of 165] test cases in the current suite
Test Method:		[testPackage01.Test_NewValidationHelper.f30]
###############################################################################################################################################

################################################################################################################################################
Starting Execution:	[116 out of 165] test cases in the current suite
Test Method:		[testPackage01.Test_NewValidationHelper.f31]
###############################################################################################################################################

################################################################################################################################################
Starting Execution:	[117 out of 165] test cases in the current suite
Test Method:		[testPackage01.Test_NewValidationHelper.f32]
###############################################################################################################################################

################################################################################################################################################
Starting Execution:	[118 out of 165] test cases in the current suite
Test Method:		[testPackage01.Test_NewValidationHelper.f33]
###############################################################################################################################################

################################################################################################################################################
Starting Execution:	[119 out of 165] test cases in the current suite
Test Method:		[testPackage01.Test_NewValidationHelper.f34]
###############################################################################################################################################

################################################################################################################################################
Starting Execution:	[120 out of 165] test cases in the current suite
Test Method:		[testPackage01.Test_NewValidationHelper.f35]
###############################################################################################################################################

################################################################################################################################################
Starting Execution:	[121 out of 165] test cases in the current suite
Test Method:		[testPackage01.Test_NewValidationHelper.f36]
###############################################################################################################################################

################################################################################################################################################
Starting Execution:	[122 out of 165] test cases in the current suite
Test Method:		[testPackage01.Test_NewValidationHelper.f37]
###############################################################################################################################################

################################################################################################################################################
Starting Execution:	[123 out of 165] test cases in the current suite
Test Method:		[testPackage01.Test_NewValidationHelper.f3_1]
###############################################################################################################################################

################################################################################################################################################
Starting Execution:	[124 out of 165] test cases in the current suite
Test Method:		[testPackage01.Test_NewValidationHelper.f4]
###############################################################################################################################################

################################################################################################################################################
Starting Execution:	[125 out of 165] test cases in the current suite
Test Method:		[testPackage01.Test_NewValidationHelper.f5]
###############################################################################################################################################

################################################################################################################################################
Starting Execution:	[126 out of 165] test cases in the current suite
Test Method:		[testPackage01.Test_NewValidationHelper.f6]
###############################################################################################################################################

################################################################################################################################################
Starting Execution:	[127 out of 165] test cases in the current suite
Test Method:		[testPackage01.Test_NewValidationHelper.f6_1]
###############################################################################################################################################

################################################################################################################################################
Starting Execution:	[128 out of 165] test cases in the current suite
Test Method:		[testPackage01.Test_NewValidationHelper.f6_2]
###############################################################################################################################################

################################################################################################################################################
Starting Execution:	[129 out of 165] test cases in the current suite
Test Method:		[testPackage01.Test_NewValidationHelper.f7]
###############################################################################################################################################


################################################################################################################################################
Starting Execution:	[130 out of 165] test cases in the current suite
Test Method:		[testPackage01.Test_NewValidationHelper.f8]
###############################################################################################################################################



################################################################################################################################################
Starting Execution:	[131 out of 165] test cases in the current suite
Test Method:		[testPackage01.Test_NewValidationHelper.f9]
###############################################################################################################################################


################################################################################################################################################
Starting Execution:	[132 out of 165] test cases in the current suite
Test Method:		[testPackage01.Test_NewValidationHelper.forceFail]
###############################################################################################################################################

################################################################################################################################################
Starting Execution:	[133 out of 165] test cases in the current suite
Test Method:		[testPackage01.Test_NewValidationHelper.forceFail2]
###############################################################################################################################################

################################################################################################################################################
Starting Execution:	[134 out of 165] test cases in the current suite
Test Method:		[testPackage01.Test_JsonActions.f]
###############################################################################################################################################

################################################################################################################################################
Starting Execution:	[135 out of 165] test cases in the current suite
Test Method:		[testPackage01.Test_JsonActions.f2]
###############################################################################################################################################

################################################################################################################################################
Starting Execution:	[136 out of 165] test cases in the current suite
Test Method:		[testPackage01.Test_sendGraphqlRequest.sendGraphqlRequestUsingMutationAndVariables]
################################################################################################################################################
[ReportManager] GraphQl Request is being Performed with the Following Parameters [Service URL: https://api.spacex.land/graphql | Request Body: {"variables":"{\"name\": \"sherlock holmes\",\"rocket\": \"221B Baker Street\"}","query":"mutation ($name: String, $rocket: String) {\n  insert_users(objects: {name: $name, rocket: $rocket}) {\n    returning {\n      name\n      rocket\n    }\n  }\n}"}] @23-02-2022 16:32:02.0663 PM
[ReportManager] Response status code: [200], status line: [HTTP/1.1 200 OK] @23-02-2022 16:32:03.0367 PM
[ReportManager] Assertion Passed: Evaluating the actual response status code against the expected one... @23-02-2022 16:32:03.0368 PM
[ReportManager] Assertion [ValidateComparativeRelation] PASSED. Expected [200] and Actual [200]. Comparison Type [EQUALS]. Validation Type [POSITIVE]. @23-02-2022 16:32:03.0368 PM
[ReportManager] API Action [PerformRequest] successfully performed. With the following test data [Request Type: "POST" | Target Status Code: "200" | Service URL: "https://api.spacex.land/graphql" | Content Type: "application/json" | Response Time: "379ms"]. @23-02-2022 16:32:03.0500 PM
[ReportManager] Successfully created attachment [API Request - Specifications] @23-02-2022 16:32:03.0581 PM
[ReportManager] Successfully created attachment [API Request - JSON Body] @23-02-2022 16:32:03.0623 PM
[ReportManager] Successfully created attachment [API Response - JSON Body] @23-02-2022 16:32:03.0706 PM
[ReportManager] API Action [GetResponseJSONValue] successfully performed. With the following test data [data.insert_users.returning[0].name]. @23-02-2022 16:32:04.0924 PM
[ReportManager] Assertion [ValidateEquals] PASSED. Expected [sherlock holmes] and Actual [sherlock holmes]. Comparison Type [EQUALS]. Validation Type [POSITIVE]. @23-02-2022 16:32:04.0925 P

################################################################################################################################################
Starting Execution:	[137 out of 165] test cases in the current suite
Test Method:		[testPackage01.Test_sendGraphqlRequest.sendGraphqlRequestUsingQuery]
################################################################################################################################################
[ReportManager] GraphQl Request is being Performed with the Following Parameters [Service URL: https://api.spacex.land/graphql | Request Body: {"query":"{company {ceo}}"}] @23-02-2022 16:32:05.0051 PM
[ReportManager] Response status code: [200], status line: [HTTP/1.1 200 OK] @23-02-2022 16:32:05.0125 PM
[ReportManager] Assertion Passed: Evaluating the actual response status code against the expected one... @23-02-2022 16:32:05.0126 PM
[ReportManager] Assertion [ValidateComparativeRelation] PASSED. Expected [200] and Actual [200]. Comparison Type [EQUALS]. Validation Type [POSITIVE]. @23-02-2022 16:32:05.0126 PM
[ReportManager] API Action [PerformRequest] successfully performed. With the following test data [Request Type: "POST" | Target Status Code: "200" | Service URL: "https://api.spacex.land/graphql" | Content Type: "application/json" | Response Time: "69ms"]. @23-02-2022 16:32:05.0141 PM
[ReportManager] Successfully created attachment [API Request - Specifications] @23-02-2022 16:32:05.0183 PM
[ReportManager] Successfully created attachment [API Request - JSON Body] @23-02-2022 16:32:05.0265 PM
[ReportManager] Successfully created attachment [API Response - JSON Body] @23-02-2022 16:32:05.0307 PM
[ReportManager] API Action [GetResponseJSONValue] successfully performed. With the following test data [data.company.ceo]. @23-02-2022 16:32:05.0320 PM
[ReportManager] Assertion [ValidateEquals] PASSED. Expected [Elon Musk] and Actual [Elon Musk]. Comparison Type [EQUALS]. Validation Type [POSITIVE]. @23-02-2022 16:32:05.0320 P

################################################################################################################################################
Starting Execution:	[138 out of 165] test cases in the current suite
Test Method:		[testPackage01.Test_MatchJsonSchema.checkAPI_ResponseSchema]
################################################################################################################################################
[ReportManager] Response status code: [200], status line: [HTTP/1.1 200 OK] @23-02-2022 16:32:05.0567 PM
[ReportManager] Assertion Passed: Evaluating the actual response status code against the expected one... @23-02-2022 16:32:05.0568 PM
[ReportManager] Assertion [ValidateComparativeRelation] PASSED. Expected [200] and Actual [200]. Comparison Type [EQUALS]. Validation Type [POSITIVE]. @23-02-2022 16:32:05.0568 PM
[ReportManager] API Action [PerformRequest] successfully performed. With the following test data [Request Type: "GET" | Target Status Code: "200" | Service URL: "http://api.zippopotam.us/us/90210" | Content Type: "*/*" | Response Time: "116ms"]. @23-02-2022 16:32:05.0584 PM
[ReportManager] Successfully created attachment [API Request - Specifications] @23-02-2022 16:32:05.0625 PM
[ReportManager] Successfully created attachment [API Response - JSON Body] @23-02-2022 16:32:05.0707 PM
[ReportManager] File Action [GetAbsolutePath] successfully performed. With the following test data [Relative Folder Path: "src/test/resources/testDataFiles/schema.json"]. @23-02-2022 16:32:05.0708 PM
[ReportManager] File Action [GetAbsolutePath] successfully performed. With the following test data [Relative Folder Path: "/Users/runner/work/SHAFT_ENGINE/SHAFT_ENGINE/src/test/resources/testDataFiles/schema.json"]. @23-02-2022 16:32:26.0299 PM
[ReportManager] File Action [ReadFromFile] successfully performed. With the following test data [File Path: "/Users/runner/work/SHAFT_ENGINE/SHAFT_ENGINE/src/test/resources/testDataFiles/schema.json"]. @23-02-2022 16:32:26.0299 PM
[ReportManager] Assertion Passed: Then I Assert that the API response schema matches that in this file [src/test/resources/testDataFiles/schema.json]. @23-02-2022 16:32:26.0301 PM
[ReportManager] Successfully created attachment [Validation Test Data - Expected JSON Value] @23-02-2022 16:32:26.0343 PM
[ReportManager] Successfully created attachment [Validation Test Data - Actual JSON Value] @23-02-2022 16:32:26.0383 PM
[ReportManager] Assertion [ValidateResponseFileSchema] PASSED. Expected [Response data should match the JSON File in this path '/Users/runner/work/SHAFT_ENGINE/SHAFT_ENGINE/src/test/resources/testDataFiles/schema.json'] and Actual [TRUE]. Comparison Type [EQUALS]. Validation Type [POSITIVE]. @23-02-2022 16:32:26.0383 P
[ReportManager] File Action [GetAbsolutePath] successfully performed. With the following test data [Relative Folder Path: "target/downloadedFiles/"]. @23-02-2022 16:32:26.0386 PM
[ReportManager] Attempting to run locally on: [Mac-64], [Safari], Headless Execution. @23-02-2022 16:32:26.0387 PM
[ReportManager] Successfully Opened Safari. @23-02-2022 16:32:27.0348 PM
[ReportManager] Initial window size: (800, 600) @23-02-2022 16:32:27.0387 PM
[ReportManager] Window size after SWD Maximize: (1176, 803) @23-02-2022 16:32:27.0414 PM
[ReportManager] Browser Action [MaximizeWindow] successfully performed. With the following test data [New screen size is now: (1176, 803)]. @23-02-2022 16:32:27.0414 P

################################################################################################################################################
Starting Execution:	[139 out of 165] test cases in the current suite
Test Method:		[testPackage01.Test_dragAndDrop.dragAndDropJquery]
################################################################################################################################################
[ReportManager] Target URL: [https://jqueryui.com/resources/demos/droppable/default.html] @23-02-2022 16:32:27.0485 PM
[ReportManager] Initial URL: [] @23-02-2022 16:32:27.0531 PM
[ReportManager] Browser Action [NavigateToURL] successfully performed. With the following test data [https://jqueryui.com/resources/demos/droppable/default.html]. @23-02-2022 16:32:28.0082 PM
[ReportManager] Element Action [GetText] successfully performed. With the following test data [
	Drop here
]. @23-02-2022 16:32:28.0141 PM
[ReportManager] Element Action [DragAndDrop] successfully performed. With the following test data [Start point: (8, 18), End point: (8, 18)]. @23-02-2022 16:32:29.0232 PM
[ReportManager] Element Action [GetText] successfully performed. With the following test data [
	Dropped!
]. @23-02-2022 16:32:29.0271 PM
[ReportManager] Assertion Passed: Checking to see if the text has changed after performing drag and drop @23-02-2022 16:32:29.0272 PM
[ReportManager] Assertion [ValidateEquals] PASSED. Expected [
	Drop here
] and Actual [
	Dropped!
]. Comparison Type [EQUALS]. Validation Type [NEGATIVE]. @23-02-2022 16:32:29.0272 P
[ReportManager] Browser Action [CloseCurrentWindow] successfully performed. @23-02-2022 16:32:29.0840 PM
[ReportManager] Successfully created attachment [Browser Action Test Data - CloseCurrentWindow - Actual Value] @23-02-2022 16:32:29.0882 P
[ReportManager] File Action [GetAbsolutePath] successfully performed. With the following test data [Relative Folder Path: "target/downloadedFiles/"]. @23-02-2022 16:32:30.0006 PM
[ReportManager] Attempting to run locally on: [Mac-64], [Safari], Headless Execution. @23-02-2022 16:32:30.0006 PM
[ReportManager] Successfully Opened Safari. @23-02-2022 16:32:30.0863 PM
[ReportManager] Initial window size: (800, 600) @23-02-2022 16:32:30.0926 PM
[ReportManager] Window size after SWD Maximize: (1176, 803) @23-02-2022 16:32:30.0950 PM
[ReportManager] Browser Action [MaximizeWindow] successfully performed. With the following test data [New screen size is now: (1176, 803)]. @23-02-2022 16:32:30.0951 P

################################################################################################################################################
Starting Execution:	[140 out of 165] test cases in the current suite
Test Method:		[testPackage01.Test_dragAndDrop.dragAndDrop]
Test Description:	[TC001 - Test Drag and Drop function.]
################################################################################################################################################
[ReportManager] Target URL: [http://the-internet.herokuapp.com/drag_and_drop] @23-02-2022 16:32:31.0255 PM
[ReportManager] Initial URL: [] @23-02-2022 16:32:31.0286 PM
[ReportManager] Browser Action [NavigateToURL] successfully performed. With the following test data [http://the-internet.herokuapp.com/drag_and_drop]. @23-02-2022 16:32:31.0868 PM
[ReportManager] Attempting Drag and Drop @23-02-2022 16:32:31.0868 PM
[ReportManager] Element Action [DragAndDrop] successfully performed. With the following test data [Start point: (120, 89), End point: (335, 89)]. @23-02-2022 16:32:32.0584 P
[ReportManager] Browser Action [CloseCurrentWindow] successfully performed. @23-02-2022 16:32:33.0036 PM
[ReportManager] Successfully created attachment [Browser Action Test Data - CloseCurrentWindow - Actual Value] @23-02-2022 16:32:33.0077 P
[ReportManager] File Action [GetAbsolutePath] successfully performed. With the following test data [Relative Folder Path: "target/downloadedFiles/"]. @23-02-2022 16:32:33.0164 PM
[ReportManager] Attempting to run locally on: [Mac-64], [Safari], Headless Execution. @23-02-2022 16:32:33.0164 PM
[ReportManager] Successfully Opened Safari. @23-02-2022 16:32:34.0058 PM
[ReportManager] Initial window size: (800, 600) @23-02-2022 16:32:34.0106 PM
[ReportManager] Window size after SWD Maximize: (1176, 803) @23-02-2022 16:32:34.0152 PM
[ReportManager] Browser Action [MaximizeWindow] successfully performed. With the following test data [New screen size is now: (1176, 803)]. @23-02-2022 16:32:34.0152 P

################################################################################################################################################
Starting Execution:	[141 out of 165] test cases in the current suite
Test Method:		[testPackage01.Test_dragAndDrop.dragAndDropByOffset]
Test Description:	[TC002 - Test Drag and Drop by offset function.]
################################################################################################################################################
[ReportManager] Target URL: [https://jqueryui.com/resources/demos/draggable/default.html] @23-02-2022 16:32:34.0278 PM
[ReportManager] Initial URL: [] @23-02-2022 16:32:34.0317 PM
[ReportManager] Browser Action [NavigateToURL] successfully performed. With the following test data [https://jqueryui.com/resources/demos/draggable/default.html]. @23-02-2022 16:32:34.0659 PM
[ReportManager] Element Action [DragAndDropByOffset] successfully performed. With the following test data [Start point: (8, 8), End point: (108, 58)]. @23-02-2022 16:32:35.0462 P
[ReportManager] Browser Action [CloseCurrentWindow] successfully performed. @23-02-2022 16:32:35.0933 PM
[ReportManager] Successfully created attachment [Browser Action Test Data - CloseCurrentWindow - Actual Value] @23-02-2022 16:32:35.0975 P
[ReportManager] Successfully loaded the following test data file [src/test/resources/testDataFiles/testSuite01/TestData.xlsx]. @23-02-2022 16:32:36.0138 PM
[ReportManager] Successfully created attachment [Test Data - Excel] @23-02-2022 16:32:36.0180 PM
[ReportManager] File Action [GetAbsolutePath] successfully performed. With the following test data [Relative Folder Path: "target/downloadedFiles/"]. @23-02-2022 16:32:36.0180 PM
[ReportManager] Attempting to run locally on: [Mac-64], [Safari], Headless Execution. @23-02-2022 16:32:36.0181 PM
[ReportManager] Successfully Opened Safari. @23-02-2022 16:32:37.0078 PM
[ReportManager] Initial window size: (800, 600) @23-02-2022 16:32:37.0117 PM
[ReportManager] Window size after SWD Maximize: (1176, 803) @23-02-2022 16:32:37.0147 PM
[ReportManager] Browser Action [MaximizeWindow] successfully performed. With the following test data [New screen size is now: (1176, 803)]. @23-02-2022 16:32:37.0148 P

################################################################################################################################################
Starting Execution:	[142 out of 165] test cases in the current suite
Test Method:		[testPackage01.Test_google.navigateToURLandVerifyGoogleLogoIsDisplayed]
Test Description:	[TC001 - Navigate to URL and Verify Google Logo is Displayed]
################################################################################################################################################
[ReportManager] Target URL: [https://www.google.com/ncr], and after redirection: [https://www.google.com] @23-02-2022 16:32:37.0193 PM
[ReportManager] Initial URL: [] @23-02-2022 16:32:37.0268 PM
[ReportManager] Browser Action [NavigateToURL] successfully performed. With the following test data [https://www.google.com/ncr]. @23-02-2022 16:32:39.0813 PM
[ReportManager] Assertion Passed: Then I Assert that the element found by [By.xpath: //*[@id='hplogo' or @alt='Google']] exists. @23-02-2022 16:32:40.0101 PM
[ReportManager] Successfully created attachment [Screenshot - 1645633959944_navigateToURLandVerifyGoogleLogoIsDisplayed_ValidateElementExists_passed] @23-02-2022 16:32:40.0195 PM
[ReportManager] Assertion [ValidateElementExists] PASSED. Expected [Element Should Exist, locator 'By.xpath: //*[@id='hplogo' or @alt='Google']'] and Actual [Element Exists]. Comparison Type [EQUALS]. Validation Type [POSITIVE]. @23-02-2022 16:32:40.0195 P

################################################################################################################################################
Starting Execution:	[143 out of 165] test cases in the current suite
Test Method:		[testPackage01.Test_google.searchForQueryandAssertResultsNumDisplayed]
Test Description:	[TC002 - Search for Query and Assert that the number of results is displayed]
################################################################################################################################################
[ReportManager] Element Action [Type] successfully performed. With the following test data [SHAFT_Engine]. @23-02-2022 16:32:40.0714 PM
[ReportManager] Element Action [KeyPress] successfully performed. With the following test data [Enter]. @23-02-2022 16:32:40.0775 PM
[ReportManager] Element Action [GetText] successfully performed. With the following test data [About 810,000 results (0.40 seconds)Quick SettingsSee all settingsPrivacySearch historyYour data in SearchUsing SearchExplicit results filterLearn more about SafeSearchHide explicit resultsLanguagesEnglishAdvanced searchAppearanceLight themeDark themeDevice defaultSupportSearch help]. @23-02-2022 16:32:42.0105 PM
[ReportManager] Assertion Passed: Then I Assert that the element found by [By.id: appbar] text does not equal []. @23-02-2022 16:32:42.0541 PM
[ReportManager] Successfully created attachment [Screenshot - 1645633962320_searchForQueryandAssertResultsNumDisplayed_ValidateElementAttribute_passed] @23-02-2022 16:32:42.0625 PM
[ReportManager] Assertion [ValidateElementAttribute] PASSED. Expected [Value Should not be '' for the 'text' attribute, element locator 'By.id: appbar'] and Actual [About 810,000 results (0.40 seconds)Quick SettingsSee all settingsPrivacySearch historyYour data in SearchUsing SearchExplicit results filterLearn more about SafeSearchHide explicit resultsLanguagesEnglishAdvanced searchAppearanceLight themeDark themeDevice defaultSupportSearch help]. Comparison Type [EQUALS]. Validation Type [NEGATIVE]. @23-02-2022 16:32:42.0625 P

################################################################################################################################################
Starting Execution:	[144 out of 165] test cases in the current suite
Test Method:		[testPackage01.Test_google.clickNextThrice]
Test Description:	[TC003 - Clicks the next button to make sure that the framework can scroll element into view before clicking it]
################################################################################################################################################
[ReportManager] Element Action [Click] successfully performed. With the following test data [By.xpath: //span[text()='Next']]. @23-02-2022 16:32:42.0982 P
[ReportManager] Successfully Closed All Drivers. @23-02-2022 16:32:43.0413 P
[ReportManager] File Action [GetAbsolutePath] successfully performed. With the following test data [Relative Folder Path: "target/downloadedFiles/"]. @23-02-2022 16:32:43.0456 PM
[ReportManager] Attempting to run locally on: [Mac-64], [Safari], Headless Execution. @23-02-2022 16:32:43.0456 PM
[ReportManager] Successfully Opened Safari. @23-02-2022 16:32:44.0325 PM
[ReportManager] Initial window size: (800, 600) @23-02-2022 16:32:44.0349 PM
[ReportManager] Window size after SWD Maximize: (1176, 803) @23-02-2022 16:32:44.0384 PM
[ReportManager] Browser Action [MaximizeWindow] successfully performed. With the following test data [New screen size is now: (1176, 803)]. @23-02-2022 16:32:44.0394 P

################################################################################################################################################
Starting Execution:	[145 out of 165] test cases in the current suite
Test Method:		[testPackage01.Test_chainableElementActions.chainElementActions]
################################################################################################################################################
[ReportManager] Target URL: [https://www.google.com/ncr], and after redirection: [https://www.google.com] @23-02-2022 16:32:44.0522 PM
[ReportManager] Initial URL: [] @23-02-2022 16:32:44.0557 PM
[ReportManager] Browser Action [NavigateToURL] successfully performed. With the following test data [https://www.google.com/ncr]. @23-02-2022 16:32:46.0054 PM
[ReportManager] Element Action [Type] successfully performed. With the following test data [chained type 1]. @23-02-2022 16:32:47.0031 PM
[ReportManager] Element Action [Type] successfully performed. With the following test data [chained type 2]. @23-02-2022 16:32:47.0822 PM
[ReportManager] Element Action [TypeAppend] successfully performed. With the following test data [345]. @23-02-2022 16:32:47.0948 PM
[ReportManager] Element Action [GetText] successfully performed. With the following test data [chained type 2345]. @23-02-2022 16:32:48.0041 PM
[ReportManager] Assertion Passed: Then I Assert that the element found by [By.name: q] text is equal to [chained type 2345]. @23-02-2022 16:32:48.0364 PM
[ReportManager] Successfully created attachment [Screenshot - 1645633968172_chainElementActions_ValidateElementAttribute_passed] @23-02-2022 16:32:48.0447 PM
[ReportManager] Assertion [ValidateElementAttribute] PASSED. Expected [Value Should be 'chained type 2345' for the 'text' attribute, element locator 'By.name: q'] and Actual [chained type 2345]. Comparison Type [EQUALS]. Validation Type [POSITIVE]. @23-02-2022 16:32:48.0447 P
[ReportManager] Successfully Closed All Drivers. @23-02-2022 16:32:48.0791 P
[ReportManager] File Action [GetAbsolutePath] successfully performed. With the following test data [Relative Folder Path: "target/downloadedFiles/"]. @23-02-2022 16:32:48.0875 PM
[ReportManager] Attempting to run locally on: [Mac-64], [Safari], Headless Execution. @23-02-2022 16:32:48.0875 PM
[ReportManager] Successfully Opened Safari. @23-02-2022 16:32:49.0750 PM
[ReportManager] Initial window size: (800, 600) @23-02-2022 16:32:49.0783 PM
[ReportManager] Window size after SWD Maximize: (1176, 803) @23-02-2022 16:32:49.0815 PM
[ReportManager] Browser Action [MaximizeWindow] successfully performed. With the following test data [New screen size is now: (1176, 803)]. @23-02-2022 16:32:49.0816 P

################################################################################################################################################
Starting Execution:	[146 out of 165] test cases in the current suite
Test Method:		[testPackage01.Test_RelativeLocators.relativeLocatorsTest1]
################################################################################################################################################
[ReportManager] Target URL: [https://duckduckgo.com/] @23-02-2022 16:32:49.0999 PM
[ReportManager] Initial URL: [] @23-02-2022 16:32:50.0037 PM
[ReportManager] Browser Action [NavigateToURL] successfully performed. With the following test data [https://duckduckgo.com/]. @23-02-2022 16:32:50.0830 PM
[ReportManager] Element Action [Type] successfully performed. With the following test data [SHAFT_Engine]. @23-02-2022 16:32:51.0144 PM
[ReportManager] Element Action [KeyPress] successfully performed. With the following test data [ENTER]. @23-02-2022 16:32:51.0232 PM
[ReportManager] Element Action [GetText] successfully performed. With the following test data [GitHub - MohabMohie/SHAFT_ENGINE: SHAFT_ENGINE is a Test ...]. @23-02-2022 16:32:52.0727 PM
[ReportManager] Assertion Passed: Then I Assert that the element found by [Relative Locator: {root={xpath=//a[@class='result__a js-result-title-link']}, filters=[{kind=below, args=[{xpath=//input[@name='q']}]}]}] text does not equal []. @23-02-2022 16:32:53.0193 PM
[ReportManager] Successfully created attachment [Screenshot - 1645633972962_relativeLocatorsTest1_ValidateElementAttribute_passed] @23-02-2022 16:32:53.0280 PM
[ReportManager] Assertion [ValidateElementAttribute] PASSED. Expected [Value Should not be '' for the 'text' attribute, element locator '[unknown locator]'] and Actual [GitHub - MohabMohie/SHAFT_ENGINE: SHAFT_ENGINE is a Test ...]. Comparison Type [EQUALS]. Validation Type [NEGATIVE]. @23-02-2022 16:32:53.0280 P
[ReportManager] Browser Action [CloseCurrentWindow] successfully performed. @23-02-2022 16:32:53.0630 PM
[ReportManager] Successfully created attachment [Browser Action Test Data - CloseCurrentWindow - Actual Value] @23-02-2022 16:32:53.0672 P

################################################################################################################################################
Starting Execution:	[147 out of 165] test cases in the current suite
Test Method:		[testPackage01.Test_JsonCompareWithSpecialCharacters.specialCharacters]
################################################################################################################################################
[ReportManager] File Action [GetAbsolutePath] successfully performed. With the following test data [Relative Folder Path: "src/test/resources/testDataFiles/specialCharacters.json"]. @23-02-2022 16:32:53.0802 PM
[ReportManager] File Action [ReadFromFile] successfully performed. With the following test data [File Path: "/Users/runner/work/SHAFT_ENGINE/SHAFT_ENGINE/src/test/resources/testDataFiles/specialCharacters.json"]. @23-02-2022 16:32:53.0802 PM
[ReportManager] Successfully created attachment [File Action Actual Result - Command Log] @23-02-2022 16:32:53.0884 PM
[ReportManager] Comparing the provided API response with the file at this path "src/test/resources/testDataFiles/specialCharacters.json", comparison type "EQUALS" @23-02-2022 16:32:53.0887 PM
[ReportManager] API Action [CompareJSON] successfully performed. With the following test data [src/test/resources/testDataFiles/specialCharacters.json]. @23-02-2022 16:32:53.0897 PM
[ReportManager] File Action [GetAbsolutePath] successfully performed. With the following test data [Relative Folder Path: "src/test/resources/testDataFiles/specialCharacters.json"]. @23-02-2022 16:32:53.0898 PM
[ReportManager] File Action [ReadFromFile] successfully performed. With the following test data [File Path: "/Users/runner/work/SHAFT_ENGINE/SHAFT_ENGINE/src/test/resources/testDataFiles/specialCharacters.json"]. @23-02-2022 16:32:53.0898 PM
[ReportManager] Verification [ValidateJSONFileContent] PASSED. Expected [Response data should match the JSON File in this path 'src/test/resources/testDataFiles/specialCharacters.json'] and Actual [TRUE]. Comparison Type [EQUALS]. Validation Type [POSITIVE]. @23-02-2022 16:32:53.0904 PM
[ReportManager] Successfully created attachment [Validation Test Data - Expected JSON Value] @23-02-2022 16:32:53.0986 PM
[ReportManager] Successfully created attachment [Validation Test Data - Actual JSON Value] @23-02-2022 16:32:54.0028 P

################################################################################################################################################
Starting Execution:	[148 out of 165] test cases in the current suite
Test Method:		[testPackage01.Test_JsonCompareWithSpecialCharacters.specialCharacters_assertion]
################################################################################################################################################
[ReportManager] File Action [GetAbsolutePath] successfully performed. With the following test data [Relative Folder Path: "src/test/resources/testDataFiles/specialCharacters.json"]. @23-02-2022 16:32:54.0154 PM
[ReportManager] File Action [ReadFromFile] successfully performed. With the following test data [File Path: "/Users/runner/work/SHAFT_ENGINE/SHAFT_ENGINE/src/test/resources/testDataFiles/specialCharacters.json"]. @23-02-2022 16:32:54.0155 PM
[ReportManager] Successfully created attachment [File Action Actual Result - Command Log] @23-02-2022 16:32:54.0238 PM
[ReportManager] Comparing the provided API response with the file at this path "src/test/resources/testDataFiles/specialCharacters.json", comparison type "CONTAINS" @23-02-2022 16:32:54.0238 PM
[ReportManager] API Action [CompareJSON] successfully performed. With the following test data [src/test/resources/testDataFiles/specialCharacters.json]. @23-02-2022 16:32:54.0250 PM
[ReportManager] File Action [GetAbsolutePath] successfully performed. With the following test data [Relative Folder Path: "src/test/resources/testDataFiles/specialCharacters.json"]. @23-02-2022 16:32:54.0250 PM
[ReportManager] File Action [ReadFromFile] successfully performed. With the following test data [File Path: "/Users/runner/work/SHAFT_ENGINE/SHAFT_ENGINE/src/test/resources/testDataFiles/specialCharacters.json"]. @23-02-2022 16:32:54.0251 PM
[ReportManager] Assertion Passed: trying out the log message @23-02-2022 16:32:54.0255 PM
[ReportManager] Successfully created attachment [Validation Test Data - Expected JSON Value] @23-02-2022 16:32:54.0338 PM
[ReportManager] Successfully created attachment [Validation Test Data - Actual JSON Value] @23-02-2022 16:32:54.0381 PM
[ReportManager] Assertion [ValidateJSONFileContent] PASSED. Expected [Response data should match the JSON File in this path 'src/test/resources/testDataFiles/specialCharacters.json'] and Actual [TRUE]. Comparison Type [CONTAINS]. Validation Type [POSITIVE]. @23-02-2022 16:32:54.0381 P

################################################################################################################################################
Starting Execution:	[149 out of 165] test cases in the current suite
Test Method:		[testPackage01.Test_SkipDueToIssue.doNotSkip]
################################################################################################################################################
[ReportManager] This should not be skipped. @23-02-2022 16:32:54.0508 P

################################################################################################################################################
Starting Execution:	[150 out of 165] test cases in the current suite
Test Method:		[testPackage01.Test_SkipDueToIssue.skip]
################################################################################################################################################
[ReportManager] This should be skipped. @23-02-2022 16:32:54.0638 P

################################################################################################################################################
Starting Execution:	[151 out of 165] test cases in the current suite
Test Method:		[testPackage01.Test_SkipDueToIssue.skip2]
################################################################################################################################################
[ReportManager] This should be skipped. @23-02-2022 16:32:54.0767 P

################################################################################################################################################
Starting Execution:	[152 out of 165] test cases in the current suite
Test Method:		[testPackage01.Test_JSONFileManager.readStringFromJson]
################################################################################################################################################
[ReportManager] File Action [GetAbsolutePath] successfully performed. With the following test data [Relative Folder Path: "src/test/resources/testDataFiles/simpleJSON.json"]. @23-02-2022 16:32:55.0146 PM
[ReportManager] Successfully loaded the following test data file [src/test/resources/testDataFiles/simpleJSON.json]. @23-02-2022 16:32:55.0147 PM
[ReportManager] Successfully created attachment [Test Data - JSON] @23-02-2022 16:32:55.0229 PM
[ReportManager] File Action [GetAbsolutePath] successfully performed. With the following test data [Relative Folder Path: "src/test/resources/testDataFiles/simpleJSON.json"]. @23-02-2022 16:32:55.0230 PM
[ReportManager] Assertion [ValidateEquals] PASSED. Expected [Mohab Mohie] and Actual [Mohab Mohie]. Comparison Type [EQUALS]. Validation Type [POSITIVE]. @23-02-2022 16:32:55.0286 P
[ReportManager] File Action [GetAbsolutePath] successfully performed. With the following test data [Relative Folder Path: "target/downloadedFiles/"]. @23-02-2022 16:32:55.0411 PM
[ReportManager] Attempting to run locally on: [Mac-64], [Safari], Headless Execution. @23-02-2022 16:32:55.0412 PM
[ReportManager] Successfully Opened Safari. @23-02-2022 16:32:56.0380 PM
[ReportManager] Initial window size: (800, 600) @23-02-2022 16:32:56.0396 PM
[ReportManager] Window size after SWD Maximize: (1176, 803) @23-02-2022 16:32:56.0413 PM
[ReportManager] Browser Action [MaximizeWindow] successfully performed. With the following test data [New screen size is now: (1176, 803)]. @23-02-2022 16:32:56.0414 P

################################################################################################################################################
Starting Execution:	[153 out of 165] test cases in the current suite
Test Method:		[testPackage01.Test_assertEquals.test_assertElementAttribute]
################################################################################################################################################
[ReportManager] Target URL: [https://www.google.com/ncr], and after redirection: [https://www.google.com] @23-02-2022 16:32:56.0468 PM
[ReportManager] Initial URL: [] @23-02-2022 16:32:56.0546 PM
[ReportManager] Browser Action [NavigateToURL] successfully performed. With the following test data [https://www.google.com/ncr]. @23-02-2022 16:32:58.0032 PM
[ReportManager] Element Action [Type] successfully performed. With the following test data [INC_004010050:Another SCHEDULER with the same name [Duplicate Job Name] already exists.]. @23-02-2022 16:33:02.0026 PM
[ReportManager] Element Action [GetText] successfully performed. With the following test data [INC_004010050:Another SCHEDULER with the same name [Duplicate Job Name] already exists.]. @23-02-2022 16:33:02.0093 PM
[ReportManager] Assertion [ValidateElementAttribute] PASSED. Expected [Value Should be 'INC_004010050:Another SCHEDULER with the same name \[Duplicate Job Name\] already exists.' for the 'text' attribute, element locator 'By.name: q'] and Actual [INC_004010050:Another SCHEDULER with the same name [Duplicate Job Name] already exists.]. Comparison Type [MATCHES]. Validation Type [POSITIVE]. @23-02-2022 16:33:02.0414 PM
[ReportManager] Successfully created attachment [Screenshot - 1645633982223_test_assertElementAttribute_ValidateElementAttribute_passed] @23-02-2022 16:33:02.0497 P
[ReportManager] Browser Action [CloseCurrentWindow] successfully performed. @23-02-2022 16:33:03.0039 PM
[ReportManager] Successfully created attachment [Browser Action Test Data - CloseCurrentWindow - Actual Value] @23-02-2022 16:33:03.0080 P
[ReportManager] File Action [GetAbsolutePath] successfully performed. With the following test data [Relative Folder Path: "target/downloadedFiles/"]. @23-02-2022 16:33:03.0163 PM
[ReportManager] Attempting to run locally on: [Mac-64], [Safari], Headless Execution. @23-02-2022 16:33:03.0163 PM
[ReportManager] Successfully Opened Safari. @23-02-2022 16:33:04.0051 PM
[ReportManager] Initial window size: (800, 600) @23-02-2022 16:33:04.0072 PM
[ReportManager] Window size after SWD Maximize: (1176, 803) @23-02-2022 16:33:04.0103 PM
[ReportManager] Browser Action [MaximizeWindow] successfully performed. With the following test data [New screen size is now: (1176, 803)]. @23-02-2022 16:33:04.0104 P

################################################################################################################################################
Starting Execution:	[154 out of 165] test cases in the current suite
Test Method:		[testPackage01.Test_IsElementClickable.testIsElementClickable]
################################################################################################################################################
[ReportManager] Target URL: [https://the-internet.herokuapp.com/] @23-02-2022 16:33:04.0231 PM
[ReportManager] Initial URL: [] @23-02-2022 16:33:04.0266 PM
[ReportManager] Browser Action [NavigateToURL] successfully performed. With the following test data [https://the-internet.herokuapp.com/]. @23-02-2022 16:33:04.0682 PM
[ReportManager] Element Action [IsElementClickable] successfully performed. @23-02-2022 16:33:04.0814 PM
[ReportManager] Assertion [ValidateTrue] PASSED. Expected [TRUE] and Actual [TRUE]. Validation Type [POSITIVE]. @23-02-2022 16:33:04.0814 P
[ReportManager] Browser Action [CloseCurrentWindow] successfully performed. @23-02-2022 16:33:05.0369 PM
[ReportManager] Successfully created attachment [Browser Action Test Data - CloseCurrentWindow - Actual Value] @23-02-2022 16:33:05.0411 P
[ReportManager] Successfully loaded the following test data file [src/test/resources/testDataFiles/testSuite01/TestData.xlsx]. @23-02-2022 16:33:05.0685 PM
[ReportManager] Successfully created attachment [Test Data - Excel] @23-02-2022 16:33:05.0726 PM
[ReportManager] Attempting to run using Playwright locally on: [Mac-64], [Safari], Headless Execution. @23-02-2022 16:34:55.0070 PM
[ReportManager] File Action [GetAbsolutePath] successfully performed. With the following test data [Relative Folder Path: "target/downloadedFiles/"]. @23-02-2022 16:34:55.0072 PM
[ReportManager] Initial window size: (1280, 720) @23-02-2022 16:34:59.0992 PM
[ReportManager] Window size after Toolkit: com.microsoft.playwright.options.ViewportSize@5197c3d7 @23-02-2022 16:35:00.0002 PM
[ReportManager] Browser Action [MaximizeWindow] successfully performed. With the following test data [New screen size is now: (1920, 1080)]. @23-02-2022 16:35:00.0002 P

################################################################################################################################################
Starting Execution:	[155 out of 165] test cases in the current suite
Test Method:		[testPackage01.Test_google_playwright.navigateToURLandVerifyGoogleLogoIsDisplayed]
Test Description:	[TC001 - Navigate to URL and Verify Google Logo is Displayed]
################################################################################################################################################
[ReportManager] Target URL: [https://www.google.com/ncr], and after redirection: [https://www.google.com] @23-02-2022 16:35:00.0193 PM
[ReportManager] Initial URL: [about:blank] @23-02-2022 16:35:00.0553 PM
[ReportManager] Browser Action [NavigateToURL] successfully performed. With the following test data [https://www.google.com/ncr]. @23-02-2022 16:35:03.0039 PM
[ReportManager] Assertion [ValidateElementExists] PASSED. Expected [Element Should Exist, locator 'xpath=//*[@id='hplogo' or @alt='Google']'] and Actual [Element Exists]. Comparison Type [EQUALS]. Validation Type [POSITIVE]. @23-02-2022 16:35:03.0347 PM
[ReportManager] Successfully created attachment [Screenshot - 1645634103217_navigateToURLandVerifyGoogleLogoIsDisplayed_ValidateElementExists_passed] @23-02-2022 16:35:03.0348 P

################################################################################################################################################
Starting Execution:	[156 out of 165] test cases in the current suite
Test Method:		[testPackage01.Test_google_playwright.searchForQueryandAssertResultsNumDisplayed]
Test Description:	[TC002 - Search for Query and Assert that the number of results is displayed]
################################################################################################################################################
[ReportManager] Element Action [Type] successfully performed. With the following test data [SHAFT_Engine]. @23-02-2022 16:35:03.0865 PM
[ReportManager] Element Action [KeyPress] successfully performed. With the following test data [Enter]. @23-02-2022 16:35:03.0900 PM
[ReportManager] Element Action [GetText] successfully performed. With the following test data [About 810,000 results (0.39 seconds)
]. @23-02-2022 16:35:05.0412 PM
[ReportManager] Assertion [ValidateElementAttribute] PASSED. Expected [Value Should not be '' for the 'text' attribute, element locator 'xpath=//div[@id='appbar']'] and Actual [About 810,000 results (0.39 seconds)
]. Comparison Type [EQUALS]. Validation Type [NEGATIVE]. @23-02-2022 16:35:06.0301 PM
[ReportManager] Successfully created attachment [Screenshot - 1645634106128_searchForQueryandAssertResultsNumDisplayed_ValidateElementAttribute_passed] @23-02-2022 16:35:06.0303 P

################################################################################################################################################
Starting Execution:	[157 out of 165] test cases in the current suite
Test Method:		[testPackage01.Test_google_playwright.clickNextThrice]
Test Description:	[TC003 - Clicks the next button to make sure that the framework can scroll element into view before clicking it]
################################################################################################################################################
[ReportManager] Element Action [Click] successfully performed. With the following test data [Next]. @23-02-2022 16:35:06.0559 P
[ReportManager] Failed to find video recording. @23-02-2022 16:35:06.0561 PM
[ReportManager] Successfully Closed PlayWright Driver. @23-02-2022 16:35:06.0610 P
[ReportManager] File Action [GetAbsolutePath] successfully performed. With the following test data [Relative Folder Path: "target/downloadedFiles/"]. @23-02-2022 16:35:06.0611 PM
[ReportManager] Attempting to run locally on: [Mac-64], [Safari], Headless Execution. @23-02-2022 16:35:06.0611 PM
[ReportManager] Successfully Opened Safari. @23-02-2022 16:35:07.0972 PM
[ReportManager] Initial window size: (800, 600) @23-02-2022 16:35:08.0136 PM
[ReportManager] Window size after SWD Maximize: (1176, 803) @23-02-2022 16:35:08.0152 PM
[ReportManager] Browser Action [MaximizeWindow] successfully performed. With the following test data [New screen size is now: (1176, 803)]. @23-02-2022 16:35:08.0153 P

################################################################################################################################################
Starting Execution:	[158 out of 165] test cases in the current suite
Test Method:		[testPackage01.Test_verifyEquals.test_assertElementAttribute]
################################################################################################################################################
[ReportManager] Target URL: [https://www.google.com/ncr], and after redirection: [https://www.google.com] @23-02-2022 16:35:08.0159 PM
[ReportManager] Initial URL: [] @23-02-2022 16:35:08.0679 PM
[ReportManager] Browser Action [NavigateToURL] successfully performed. With the following test data [https://www.google.com/ncr]. @23-02-2022 16:35:10.0414 PM
[ReportManager] Element Action [Type] successfully performed. With the following test data [INC_004010050:Another SCHEDULER with the same name [Duplicate Job Name] already exists.]. @23-02-2022 16:35:29.0086 PM
[ReportManager] Element Action [GetText] successfully performed. With the following test data [INC_004010050:Another SCHEDULER with the same name [Duplicate Job Name] already exists.]. @23-02-2022 16:35:29.0302 PM
[ReportManager] Verification [ValidateElementAttribute] PASSED. Expected [Value Should be 'INC_004010050:Another SCHEDULER with the same name \[Duplicate Job Name\] already exists.' for the 'text' attribute, element locator 'By.name: q'] and Actual [INC_004010050:Another SCHEDULER with the same name [Duplicate Job Name] already exists.]. Comparison Type [MATCHES]. Validation Type [POSITIVE]. @23-02-2022 16:35:30.0913 PM
[ReportManager] Successfully created attachment [Screenshot - 1645634129719_test_assertElementAttribute_ValidateElementAttribute_passed] @23-02-2022 16:35:30.0997 P
[ReportManager] Browser Action [CloseCurrentWindow] successfully performed. @23-02-2022 16:35:31.0437 PM
[ReportManager] Successfully created attachment [Browser Action Test Data - CloseCurrentWindow - Actual Value] @23-02-2022 16:35:31.0523 P

################################################################################################################################################
Starting Execution:	[159 out of 165] test cases in the current suite
Test Method:		[testPackage01.Test_SelectedValue.multipleSelect]
################################################################################################################################################
[ReportManager] File Action [GetAbsolutePath] successfully performed. With the following test data [Relative Folder Path: "target/downloadedFiles/"]. @23-02-2022 16:35:31.0614 PM
[ReportManager] Attempting to run locally on: [Mac-64], [GoogleChrome], Headless Execution. @23-02-2022 16:35:31.0619 PM
[ReportManager] Identifying OS/Driver combination and selecting the correct driver version automatically. Please note that if a new driver executable will be downloaded it may take some time... @23-02-2022 16:35:31.0620 PM
[ReportManager] Successfully Opened Google Chrome. @23-02-2022 16:35:37.0551 PM
[ReportManager] Initial window size: (1920, 1080) @23-02-2022 16:35:37.0556 PM
[ReportManager] Window size after SWD Maximize: (1920, 1080) @23-02-2022 16:35:37.0712 PM
[ReportManager] Window size after Toolkit: (1920, 1080) @23-02-2022 16:35:38.0269 PM
[ReportManager] Browser Action [MaximizeWindow] successfully performed. With the following test data [New screen size is now: (1920, 1080)]. @23-02-2022 16:35:38.0272 PM
[ReportManager] Target URL: [https://yari-demos.prod.mdn.mozit.cloud/en-US/docs/Web/HTML/Element/select/_sample_.Advanced_select_with_multiple_features.html] @23-02-2022 16:35:38.0273 PM
[ReportManager] Initial URL: [data:,] @23-02-2022 16:35:38.0308 PM
[ReportManager] Browser Action [NavigateToURL] successfully performed. With the following test data [https://yari-demos.prod.mdn.mozit.cloud/en-US/docs/Web/HTML/Element/select/_sample_.Advanced_select_with_multiple_features.html]. @23-02-2022 16:35:38.0755 PM
[ReportManager] Element Action [Select] successfully performed. With the following test data [Dog]. @23-02-2022 16:35:38.0980 PM
[ReportManager] Element Action [Select] successfully performed. With the following test data [Cat]. @23-02-2022 16:35:39.0172 PM
[ReportManager] Element Action [GetSelectedText] successfully performed. With the following test data [DogCat]. @23-02-2022 16:35:39.0279 PM
[ReportManager] DogCat @23-02-2022 16:35:39.0280 PM
[ReportManager] Element Action [GetSelectedText] successfully performed. With the following test data [DogCat]. @23-02-2022 16:35:39.0380 PM
[ReportManager] Assertion [ValidateElementAttribute] PASSED. Expected [Value Should be 'DogCat' for the 'selectedText' attribute, element locator 'By.tagName: select'] and Actual [DogCat]. Comparison Type [EQUALS]. Validation Type [POSITIVE]. @23-02-2022 16:35:39.0928 PM
[ReportManager] Successfully created attachment [Screenshot - 1645634139821_multipleSelect_ValidateElementAttribute_passed] @23-02-2022 16:35:39.0929 PM
[ReportManager] Browser Action [CloseCurrentWindow] successfully performed. @23-02-2022 16:35:40.0256 PM
[ReportManager] Successfully created attachment [Browser Action Test Data - CloseCurrentWindow - Actual Value] @23-02-2022 16:35:40.0257 P

################################################################################################################################################
Starting Execution:	[160 out of 165] test cases in the current suite
Test Method:		[testPackage01.Test_SelectedValue.simpleSelect]
################################################################################################################################################
[ReportManager] File Action [GetAbsolutePath] successfully performed. With the following test data [Relative Folder Path: "target/downloadedFiles/"]. @23-02-2022 16:35:40.0262 PM
[ReportManager] Attempting to run locally on: [Mac-64], [GoogleChrome], Headless Execution. @23-02-2022 16:35:40.0262 PM
[ReportManager] Identifying OS/Driver combination and selecting the correct driver version automatically. Please note that if a new driver executable will be downloaded it may take some time... @23-02-2022 16:35:40.0262 PM
[ReportManager] Successfully Opened Google Chrome. @23-02-2022 16:35:40.0841 PM
[ReportManager] Initial window size: (1920, 1080) @23-02-2022 16:35:40.0845 PM
[ReportManager] Window size after SWD Maximize: (1920, 1080) @23-02-2022 16:35:41.0024 PM
[ReportManager] Window size after Toolkit: (1920, 1080) @23-02-2022 16:35:41.0557 PM
[ReportManager] Browser Action [MaximizeWindow] successfully performed. With the following test data [New screen size is now: (1920, 1080)]. @23-02-2022 16:35:41.0560 PM
[ReportManager] Target URL: [https://yari-demos.prod.mdn.mozit.cloud/en-US/docs/Web/HTML/Element/select/_sample_.Basic_select.html] @23-02-2022 16:35:41.0560 PM
[ReportManager] Initial URL: [data:,] @23-02-2022 16:35:41.0592 PM
[ReportManager] Browser Action [NavigateToURL] successfully performed. With the following test data [https://yari-demos.prod.mdn.mozit.cloud/en-US/docs/Web/HTML/Element/select/_sample_.Basic_select.html]. @23-02-2022 16:35:41.0874 PM
[ReportManager] Element Action [Select] successfully performed. With the following test data [Third Value]. @23-02-2022 16:35:42.0137 PM
[ReportManager] Element Action [GetSelectedText] successfully performed. With the following test data [Third Value]. @23-02-2022 16:35:42.0215 PM
[ReportManager] Third Value @23-02-2022 16:35:42.0215 PM
[ReportManager] Element Action [GetSelectedText] successfully performed. With the following test data [Third Value]. @23-02-2022 16:35:42.0288 PM
[ReportManager] Assertion [ValidateElementAttribute] PASSED. Expected [Value Should be 'Third Value' for the 'selectedText' attribute, element locator 'By.tagName: select'] and Actual [Third Value]. Comparison Type [EQUALS]. Validation Type [POSITIVE]. @23-02-2022 16:35:42.0723 PM
[ReportManager] Successfully created attachment [Screenshot - 1645634142615_simpleSelect_ValidateElementAttribute_passed] @23-02-2022 16:35:42.0724 PM
[ReportManager] Browser Action [CloseCurrentWindow] successfully performed. @23-02-2022 16:35:42.0923 PM
[ReportManager] Successfully created attachment [Browser Action Test Data - CloseCurrentWindow - Actual Value] @23-02-2022 16:35:42.0923 P
[ReportManager] File Action [GetAbsolutePath] successfully performed. With the following test data [Relative Folder Path: "target/downloadedFiles/"]. @23-02-2022 16:35:42.0926 PM
[ReportManager] Attempting to run locally on: [Mac-64], [Safari], Headless Execution. @23-02-2022 16:35:42.0926 PM
[ReportManager] Successfully Opened Safari. @23-02-2022 16:35:44.0240 PM
[ReportManager] Initial window size: (800, 600) @23-02-2022 16:35:44.0282 PM
[ReportManager] Window size after SWD Maximize: (1176, 803) @23-02-2022 16:35:44.0311 PM
[ReportManager] Browser Action [MaximizeWindow] successfully performed. With the following test data [New screen size is now: (1176, 803)]. @23-02-2022 16:35:44.0311 P

################################################################################################################################################
Starting Execution:	[161 out of 165] test cases in the current suite
Test Method:		[testPackage01.Test_dynamicLoading.dynamicLoading_elementIsHidden]
################################################################################################################################################
[ReportManager] Target URL: [https://the-internet.herokuapp.com/dynamic_loading/1] @23-02-2022 16:35:44.0314 PM
[ReportManager] Initial URL: [] @23-02-2022 16:35:44.0410 PM
[ReportManager] Browser Action [NavigateToURL] successfully performed. With the following test data [https://the-internet.herokuapp.com/dynamic_loading/1]. @23-02-2022 16:35:44.0929 PM
[ReportManager] Element Action [Click] successfully performed. With the following test data [By.xpath: //button[text()='Start']]. @23-02-2022 16:35:45.0146 PM
[ReportManager] Element Action [GetText] successfully performed. With the following test data [
    Hello World!
  ]. @23-02-2022 16:35:45.0189 P
[ReportManager] Browser Action [CloseCurrentWindow] successfully performed. @23-02-2022 16:35:45.0474 PM
[ReportManager] Successfully created attachment [Browser Action Test Data - CloseCurrentWindow - Actual Value] @23-02-2022 16:35:45.0475 P
[ReportManager] File Action [GetAbsolutePath] successfully performed. With the following test data [Relative Folder Path: "target/downloadedFiles/"]. @23-02-2022 16:35:45.0477 PM
[ReportManager] Attempting to run locally on: [Mac-64], [Safari], Headless Execution. @23-02-2022 16:35:45.0477 PM
[ReportManager] Successfully Opened Safari. @23-02-2022 16:35:46.0341 PM
[ReportManager] Initial window size: (800, 600) @23-02-2022 16:35:46.0365 PM
[ReportManager] Window size after SWD Maximize: (1176, 803) @23-02-2022 16:35:46.0414 PM
[ReportManager] Browser Action [MaximizeWindow] successfully performed. With the following test data [New screen size is now: (1176, 803)]. @23-02-2022 16:35:46.0414 P

################################################################################################################################################
Starting Execution:	[162 out of 165] test cases in the current suite
Test Method:		[testPackage01.Test_dynamicLoading.dynamicLoading_elementIsRendered]
################################################################################################################################################
[ReportManager] Target URL: [https://the-internet.herokuapp.com/dynamic_loading/2] @23-02-2022 16:35:46.0424 PM
[ReportManager] Initial URL: [] @23-02-2022 16:35:46.0460 PM
[ReportManager] Browser Action [NavigateToURL] successfully performed. With the following test data [https://the-internet.herokuapp.com/dynamic_loading/2]. @23-02-2022 16:35:46.0878 PM
[ReportManager] Element Action [Click] successfully performed. With the following test data [By.xpath: //button[text()='Start']]. @23-02-2022 16:35:47.0108 PM
[ReportManager] Element Action [GetText] successfully performed. With the following test data [Hello World!]. @23-02-2022 16:35:52.0731 PM
[ReportManager] Assertion [ValidateElementAttribute] PASSED. Expected [Value Should be 'Hello World!' for the 'text' attribute, element locator 'By.id: finish'] and Actual [Hello World!]. Comparison Type [CONTAINS]. Validation Type [POSITIVE]. @23-02-2022 16:35:52.0895 PM
[ReportManager] Successfully created attachment [Screenshot - 1645634152828_dynamicLoading_elementIsRendered_ValidateElementAttribute_passed] @23-02-2022 16:35:52.0896 P
[ReportManager] Browser Action [CloseCurrentWindow] successfully performed. @23-02-2022 16:35:53.0281 PM
[ReportManager] Successfully created attachment [Browser Action Test Data - CloseCurrentWindow - Actual Value] @23-02-2022 16:35:53.0282 P

################################################################################################################################################
Starting Execution:	[163 out of 165] test cases in the current suite
Test Method:		[dsl.testDsl.testButton]
################################################################################################################################################
[ReportManager] File Action [GetAbsolutePath] successfully performed. With the following test data [Relative Folder Path: "target/downloadedFiles/"]. @23-02-2022 16:35:53.0286 PM
[ReportManager] Attempting to run locally on: [Mac-64], [Safari], Headless Execution. @23-02-2022 16:35:53.0286 PM
[ReportManager] An Exception Occured with this Message: Could not start a new session. Possible causes are invalid address of the remote server or browser start-up failure.. @23-02-2022 16:35:53.0845 PM
[ReportManager] Successfully created attachment [Exception Stack Trace - org.openqa.selenium.SessionNotCreatedException] @23-02-2022 16:35:53.0845 PM
[ReportManager] Driver Factory Action [createNewLocalDriverInstanceForSafari] failed. With the following test data [Failed to create a session on DESKTOP_SAFARI]. @23-02-2022 16:35:53.0846 P

################################################################################################################################################
Starting Execution:	[164 out of 165] test cases in the current suite
Test Method:		[dsl.testDsl.testCheckBox]
################################################################################################################################################
[ReportManager] File Action [GetAbsolutePath] successfully performed. With the following test data [Relative Folder Path: "target/downloadedFiles/"]. @23-02-2022 16:35:53.0849 PM
[ReportManager] Attempting to run locally on: [Mac-64], [Safari], Headless Execution. @23-02-2022 16:35:53.0849 PM
[ReportManager] Successfully Opened Safari. @23-02-2022 16:35:54.0886 PM
[ReportManager] Initial window size: (800, 600) @23-02-2022 16:35:54.0909 PM
[ReportManager] Window size after SWD Maximize: (1176, 803) @23-02-2022 16:35:54.0940 PM
[ReportManager] Browser Action [MaximizeWindow] successfully performed. With the following test data [New screen size is now: (1176, 803)]. @23-02-2022 16:35:54.0941 PM
[ReportManager] Target URL: [http://the-internet.herokuapp.com/] @23-02-2022 16:35:54.0941 PM
[ReportManager] Initial URL: [] @23-02-2022 16:35:54.0980 PM
[ReportManager] Browser Action [NavigateToURL] successfully performed. With the following test data [http://the-internet.herokuapp.com/]. @23-02-2022 16:35:55.0382 PM
[ReportManager] Element Action [Click] successfully performed. With the following test data [By.linkText: Checkboxes]. @23-02-2022 16:35:55.0624 PM
[ReportManager] Element Action [Click] successfully performed. With the following test data [By.xpath: (//INPUT[@type='checkbox'])[1]]. @23-02-2022 16:35:55.0977 PM
[ReportManager] Element Action [Click] successfully performed. With the following test data [By.xpath: (//INPUT[@type='checkbox'])[2]]. @23-02-2022 16:35:56.0189 P

################################################################################################################################################
Starting Execution:	[165 out of 165] test cases in the current suite
Test Method:		[dsl.testDsl.testLabel]
################################################################################################################################################
[ReportManager] File Action [GetAbsolutePath] successfully performed. With the following test data [Relative Folder Path: "target/downloadedFiles/"]. @23-02-2022 16:35:56.0365 PM
[ReportManager] Attempting to run locally on: [Mac-64], [Safari], Headless Execution. @23-02-2022 16:35:56.0366 PM
[ReportManager] Successfully Opened Safari. @23-02-2022 16:35:57.0275 PM
[ReportManager] Initial window size: (800, 600) @23-02-2022 16:35:57.0305 PM
[ReportManager] Window size after SWD Maximize: (1176, 803) @23-02-2022 16:35:57.0339 PM
[ReportManager] Browser Action [MaximizeWindow] successfully performed. With the following test data [New screen size is now: (1176, 803)]. @23-02-2022 16:35:57.0339 PM
[ReportManager] Element Action [GetText] successfully performed. With the following test data [Welcome to the-internet]. @23-02-2022 16:35:57.0986 PM
[ReportManager] Assertion Passed: Then I Assert that [Welcome to the-internet] is equal to [Welcome to the-internet]. @23-02-2022 16:35:57.0986 PM
[ReportManager] Assertion [ValidateEquals] PASSED. Expected [Welcome to the-internet] and Actual [Welcome to the-internet]. Comparison Type [EQUALS]. Validation Type [POSITIVE]. @23-02-2022 16:35:57.0986 P
[ReportManager] Successfully created attachment [SHAFT Engine Logs - Execution log] @23-02-2022 16:35:58.0420 PM

################################################################################################################################################
This test run was powered by SHAFT Engine Version: [SHAFT Engine v6.1.20220113]
SHAFT Engine is licensed under the MIT License: [https://github.com/MohabMohie/SHAFT_ENGINE/blob/master/LICENSE].
################################################################################################################################################