################################################################################################################################################
Detected SHAFT Engine Version: [SHAFT Engine v6.1.20220113]
################################################################################################################################################
[ReportManager] File Action [GetAbsolutePath] successfully performed. With the following test data [Relative Folder Path: "target/downloadedFiles/"]. @03-03-2022 02:10:12.0307 AM
[ReportManager] Attempting to run locally on: [Mac-64], [Safari], Headless Execution. @03-03-2022 02:10:12.0323 AM
[ReportManager] Successfully Opened Safari. @03-03-2022 02:10:19.0381 AM
[ReportManager] Initial window size: (800, 600) @03-03-2022 02:10:19.0414 AM
[ReportManager] Window size after SWD Maximize: (1176, 802) @03-03-2022 02:10:19.0458 AM
[ReportManager] Browser Action [MaximizeWindow] successfully performed. With the following test data [New screen size is now: (1176, 802)]. @03-03-2022 02:10:19.0466 A

################################################################################################################################################
Starting Execution:	[1 out of 165] test cases in the current suite
Test Method:		[unitTests.tests_element_elementActions.waitForElementToBePresent_false_expectedToFail]
################################################################################################################################################
[ReportManager] Target URL: [https://www.google.com/ncr], and after redirection: [www.google.com] @03-03-2022 02:10:19.0675 AM
[ReportManager] Initial URL: [] @03-03-2022 02:10:19.0749 AM
[ReportManager] Browser Action [NavigateToURL] successfully performed. With the following test data [https://www.google.com/ncr]. @03-03-2022 02:10:22.0120 AM
[ReportManager] Waiting for element to be present; elementLocator [By.xpath: //*[@id='hplogo' or @alt='Google']], numberOfTries[1], stateOfPresence[false]... @03-03-2022 02:10:22.0132 AM
[ReportManager] Element Action [WaitForElementToBePresent] failed. With the following test data [waited for the element's state of presence to be (false). Element locator (By.xpath: //*[@id='hplogo' or @alt='Google'])]. @03-03-2022 02:10:26.0072 AM
[ReportManager] Successfully created attachment [Screenshot - 1646273422289_waitForElementToBePresent_false_expectedToFail_WaitForElementToBePresent_failed] @03-03-2022 02:10:26.0088 A
[ReportManager] Browser Action [CloseCurrentWindow] successfully performed. @03-03-2022 02:10:26.0366 AM
[ReportManager] Successfully created attachment [Browser Action Test Data - CloseCurrentWindow - Actual Value] @03-03-2022 02:10:26.0367 A
[ReportManager] File Action [GetAbsolutePath] successfully performed. With the following test data [Relative Folder Path: "target/downloadedFiles/"]. @03-03-2022 02:10:26.0381 AM
[ReportManager] Attempting to run locally on: [Mac-64], [Safari], Headless Execution. @03-03-2022 02:10:26.0381 AM
[ReportManager] An Exception Occured with this Message: Could not start a new session. Possible causes are invalid address of the remote server or browser start-up failure.. @03-03-2022 02:10:26.0577 AM
[ReportManager] Successfully created attachment [Exception Stack Trace - org.openqa.selenium.SessionNotCreatedException] @03-03-2022 02:10:26.0578 AM
[ReportManager] Driver Factory Action [createNewLocalDriverInstanceForSafari] failed. With the following test data [Failed to create a session on DESKTOP_SAFARI]. @03-03-2022 02:10:26.0580 A

################################################################################################################################################
Starting Execution:	[2 out of 165] test cases in the current suite
Test Method:		[unitTests.tests_element_elementActions.waitForElementToBePresent_false_expectedToPass]
###############################################################################################################################################



################################################################################################################################################
Starting Execution:	[3 out of 165] test cases in the current suite
Test Method:		[unitTests.tests_element_elementActions.waitForElementToBePresent_moreThanOneElement_expectedToFail]
###############################################################################################################################################



################################################################################################################################################
Starting Execution:	[4 out of 165] test cases in the current suite
Test Method:		[unitTests.tests_element_elementActions.waitForElementToBePresent_true_expectedToFail]
###############################################################################################################################################



################################################################################################################################################
Starting Execution:	[5 out of 165] test cases in the current suite
Test Method:		[unitTests.tests_element_elementActions.waitForElementToBePresent_true_expectedToPass]
###############################################################################################################################################

[ReportManager] File Action [GetAbsolutePath] successfully performed. With the following test data [Relative Folder Path: "target/downloadedFiles/"]. @03-03-2022 02:10:26.0734 AM
[ReportManager] Attempting to run locally on: [Mac-64], [Safari], Headless Execution. @03-03-2022 02:10:26.0735 AM
[ReportManager] Successfully Opened Safari. @03-03-2022 02:10:27.0862 AM
[ReportManager] Initial window size: (800, 600) @03-03-2022 02:10:27.0878 AM
[ReportManager] Window size after SWD Maximize: (1176, 803) @03-03-2022 02:10:27.0981 AM
[ReportManager] Browser Action [MaximizeWindow] successfully performed. With the following test data [New screen size is now: (1176, 803)]. @03-03-2022 02:10:27.0981 AM
[ReportManager] Target URL: [https://duckduckgo.com] @03-03-2022 02:10:27.0982 AM
[ReportManager] Initial URL: [] @03-03-2022 02:10:28.0051 AM
[ReportManager] Browser Action [NavigateToURL] successfully performed. With the following test data [https://duckduckgo.com]. @03-03-2022 02:10:29.0307 A

################################################################################################################################################
Starting Execution:	[6 out of 165] test cases in the current suite
Test Method:		[unitTests.tests_browserActions.fullScreenWindow]
################################################################################################################################################
[ReportManager] Initial Windows Size: 1176x803 @03-03-2022 02:10:29.0331 AM
[ReportManager] Current Windows Size after fullScreen: 1176x885 @03-03-2022 02:10:29.0712 AM
[ReportManager] Browser Action [FullScreenWindow] successfully performed. @03-03-2022 02:10:29.0756 AM
[ReportManager] Successfully created attachment [Browser Action Test Data - FullScreenWindow - Actual Value] @03-03-2022 02:10:29.0758 A
[ReportManager] Target URL: [https://duckduckgo.com] @03-03-2022 02:10:29.0777 AM
[ReportManager] Initial URL: [https://duckduckgo.com] @03-03-2022 02:10:30.0012 AM
[ReportManager] Browser Action [NavigateToURL] successfully performed. With the following test data [https://duckduckgo.com]. @03-03-2022 02:10:30.0761 AM
[ReportManager] Browser Action [CloseCurrentWindow] successfully performed. @03-03-2022 02:10:30.0935 AM
[ReportManager] Successfully created attachment [Browser Action Test Data - CloseCurrentWindow - Actual Value] @03-03-2022 02:10:30.0937 A
[ReportManager] File Action [GetAbsolutePath] successfully performed. With the following test data [Relative Folder Path: "target/downloadedFiles/"]. @03-03-2022 02:10:30.0945 AM
[ReportManager] Attempting to run locally on: [Mac-64], [Safari], Headless Execution. @03-03-2022 02:10:30.0946 AM
[ReportManager] Successfully Opened Safari. @03-03-2022 02:10:31.0923 AM
[ReportManager] Initial window size: (800, 600) @03-03-2022 02:10:31.0963 AM
[ReportManager] Window size after SWD Maximize: (1176, 803) @03-03-2022 02:10:31.0991 AM
[ReportManager] Browser Action [MaximizeWindow] successfully performed. With the following test data [New screen size is now: (1176, 803)]. @03-03-2022 02:10:31.0992 AM
[ReportManager] Target URL: [https://duckduckgo.com] @03-03-2022 02:10:31.0992 AM
[ReportManager] Initial URL: [] @03-03-2022 02:10:32.0067 AM
[ReportManager] Browser Action [NavigateToURL] successfully performed. With the following test data [https://duckduckgo.com]. @03-03-2022 02:10:33.0411 A

################################################################################################################################################
Starting Execution:	[7 out of 165] test cases in the current suite
Test Method:		[unitTests.tests_browserActions.getCurrentURL]
################################################################################################################################################
[ReportManager] Browser Action [GetCurrentURL] successfully performed. With the following test data [https://duckduckgo.com/]. @03-03-2022 02:10:33.0443 A
[ReportManager] Target URL: [https://duckduckgo.com] @03-03-2022 02:10:33.0446 AM
[ReportManager] Initial URL: [https://duckduckgo.com] @03-03-2022 02:10:33.0522 AM
[ReportManager] Browser Action [NavigateToURL] successfully performed. With the following test data [https://duckduckgo.com]. @03-03-2022 02:10:34.0164 AM
[ReportManager] Browser Action [CloseCurrentWindow] successfully performed. @03-03-2022 02:10:34.0613 AM
[ReportManager] Successfully created attachment [Browser Action Test Data - CloseCurrentWindow - Actual Value] @03-03-2022 02:10:34.0615 A
[ReportManager] File Action [GetAbsolutePath] successfully performed. With the following test data [Relative Folder Path: "target/downloadedFiles/"]. @03-03-2022 02:10:34.0619 AM
[ReportManager] Attempting to run locally on: [Mac-64], [Safari], Headless Execution. @03-03-2022 02:10:34.0620 AM
[ReportManager] Successfully Opened Safari. @03-03-2022 02:10:35.0613 AM
[ReportManager] Initial window size: (800, 600) @03-03-2022 02:10:35.0626 AM
[ReportManager] Window size after SWD Maximize: (1176, 803) @03-03-2022 02:10:35.0659 AM
[ReportManager] Browser Action [MaximizeWindow] successfully performed. With the following test data [New screen size is now: (1176, 803)]. @03-03-2022 02:10:35.0660 AM
[ReportManager] Target URL: [https://duckduckgo.com] @03-03-2022 02:10:35.0660 AM
[ReportManager] Initial URL: [] @03-03-2022 02:10:35.0856 AM
[ReportManager] Browser Action [NavigateToURL] successfully performed. With the following test data [https://duckduckgo.com]. @03-03-2022 02:10:36.0967 A

################################################################################################################################################
Starting Execution:	[8 out of 165] test cases in the current suite
Test Method:		[unitTests.tests_browserActions.getCurrentWindowTitle]
################################################################################################################################################
[ReportManager] Browser Action [GetCurrentWindowTitle] successfully performed. With the following test data [DuckDuckGo â€” Privacy, simplified.]. @03-03-2022 02:10:37.0070 A
[ReportManager] Target URL: [https://duckduckgo.com] @03-03-2022 02:10:37.0074 AM
[ReportManager] Initial URL: [https://duckduckgo.com] @03-03-2022 02:10:37.0116 AM
[ReportManager] Browser Action [NavigateToURL] successfully performed. With the following test data [https://duckduckgo.com]. @03-03-2022 02:10:37.0776 AM
[ReportManager] Browser Action [CloseCurrentWindow] successfully performed. @03-03-2022 02:10:38.0278 AM
[ReportManager] Successfully created attachment [Browser Action Test Data - CloseCurrentWindow - Actual Value] @03-03-2022 02:10:38.0279 A
[ReportManager] File Action [GetAbsolutePath] successfully performed. With the following test data [Relative Folder Path: "target/downloadedFiles/"]. @03-03-2022 02:10:38.0288 AM
[ReportManager] Attempting to run locally on: [Mac-64], [Safari], Headless Execution. @03-03-2022 02:10:38.0289 AM
[ReportManager] Successfully Opened Safari. @03-03-2022 02:10:39.0332 AM
[ReportManager] Initial window size: (800, 600) @03-03-2022 02:10:39.0338 AM
[ReportManager] Window size after SWD Maximize: (1176, 803) @03-03-2022 02:10:39.0360 AM
[ReportManager] Browser Action [MaximizeWindow] successfully performed. With the following test data [New screen size is now: (1176, 803)]. @03-03-2022 02:10:39.0361 AM
[ReportManager] Target URL: [https://duckduckgo.com] @03-03-2022 02:10:39.0361 AM
[ReportManager] Initial URL: [] @03-03-2022 02:10:39.0439 AM
[ReportManager] Browser Action [NavigateToURL] successfully performed. With the following test data [https://duckduckgo.com]. @03-03-2022 02:10:40.0368 A

################################################################################################################################################
Starting Execution:	[9 out of 165] test cases in the current suite
Test Method:		[unitTests.tests_browserActions.getPageSource]
################################################################################################################################################
[ReportManager] Browser Action [GetPageSource] successfully performed. @03-03-2022 02:10:40.0437 AM
[ReportManager] Successfully created attachment [Browser Action Test Data - GetPageSource - Actual Value] @03-03-2022 02:10:40.0438 A
[ReportManager] Target URL: [https://duckduckgo.com] @03-03-2022 02:10:40.0443 AM
[ReportManager] Initial URL: [https://duckduckgo.com] @03-03-2022 02:10:40.0481 AM
[ReportManager] Browser Action [NavigateToURL] successfully performed. With the following test data [https://duckduckgo.com]. @03-03-2022 02:10:40.0933 AM
[ReportManager] Browser Action [CloseCurrentWindow] successfully performed. @03-03-2022 02:10:41.0369 AM
[ReportManager] Successfully created attachment [Browser Action Test Data - CloseCurrentWindow - Actual Value] @03-03-2022 02:10:41.0370 A
[ReportManager] File Action [GetAbsolutePath] successfully performed. With the following test data [Relative Folder Path: "target/downloadedFiles/"]. @03-03-2022 02:10:41.0374 AM
[ReportManager] Attempting to run locally on: [Mac-64], [Safari], Headless Execution. @03-03-2022 02:10:41.0374 AM
[ReportManager] Successfully Opened Safari. @03-03-2022 02:10:42.0377 AM
[ReportManager] Initial window size: (800, 600) @03-03-2022 02:10:42.0422 AM
[ReportManager] Window size after SWD Maximize: (1176, 803) @03-03-2022 02:10:42.0480 AM
[ReportManager] Browser Action [MaximizeWindow] successfully performed. With the following test data [New screen size is now: (1176, 803)]. @03-03-2022 02:10:42.0480 AM
[ReportManager] Target URL: [https://duckduckgo.com] @03-03-2022 02:10:42.0481 AM
[ReportManager] Initial URL: [] @03-03-2022 02:10:42.0539 AM
[ReportManager] Browser Action [NavigateToURL] successfully performed. With the following test data [https://duckduckgo.com]. @03-03-2022 02:10:43.0502 A

################################################################################################################################################
Starting Execution:	[10 out of 165] test cases in the current suite
Test Method:		[unitTests.tests_browserActions.getWindowHandle]
################################################################################################################################################
[ReportManager] Browser Action [GetWindowHandle] successfully performed. With the following test data [page-3DEB0E60-FBDE-47D4-8AC1-E9254B7EDDB1]. @03-03-2022 02:10:43.0573 A
[ReportManager] Target URL: [https://duckduckgo.com] @03-03-2022 02:10:43.0578 AM
[ReportManager] Initial URL: [https://duckduckgo.com] @03-03-2022 02:10:43.0621 AM
[ReportManager] Browser Action [NavigateToURL] successfully performed. With the following test data [https://duckduckgo.com]. @03-03-2022 02:10:44.0156 AM
[ReportManager] Browser Action [CloseCurrentWindow] successfully performed. @03-03-2022 02:10:44.0535 AM
[ReportManager] Successfully created attachment [Browser Action Test Data - CloseCurrentWindow - Actual Value] @03-03-2022 02:10:44.0536 A
[ReportManager] File Action [GetAbsolutePath] successfully performed. With the following test data [Relative Folder Path: "target/downloadedFiles/"]. @03-03-2022 02:10:44.0540 AM
[ReportManager] Attempting to run locally on: [Mac-64], [Safari], Headless Execution. @03-03-2022 02:10:44.0540 AM
[ReportManager] Successfully Opened Safari. @03-03-2022 02:10:45.0537 AM
[ReportManager] Initial window size: (800, 600) @03-03-2022 02:10:45.0561 AM
[ReportManager] Window size after SWD Maximize: (1176, 803) @03-03-2022 02:10:45.0581 AM
[ReportManager] Browser Action [MaximizeWindow] successfully performed. With the following test data [New screen size is now: (1176, 803)]. @03-03-2022 02:10:45.0581 AM
[ReportManager] Target URL: [https://duckduckgo.com] @03-03-2022 02:10:45.0581 AM
[ReportManager] Initial URL: [] @03-03-2022 02:10:45.0650 AM
[ReportManager] Browser Action [NavigateToURL] successfully performed. With the following test data [https://duckduckgo.com]. @03-03-2022 02:10:46.0673 A

################################################################################################################################################
Starting Execution:	[11 out of 165] test cases in the current suite
Test Method:		[unitTests.tests_browserActions.getWindowPosition]
################################################################################################################################################
[ReportManager] Browser Action [GetWindowPosition] successfully performed. With the following test data [(0, 25)]. @03-03-2022 02:10:46.0726 A
[ReportManager] Target URL: [https://duckduckgo.com] @03-03-2022 02:10:46.0730 AM
[ReportManager] Initial URL: [https://duckduckgo.com] @03-03-2022 02:10:46.0771 AM
[ReportManager] Browser Action [NavigateToURL] successfully performed. With the following test data [https://duckduckgo.com]. @03-03-2022 02:10:47.0253 AM
[ReportManager] Browser Action [CloseCurrentWindow] successfully performed. @03-03-2022 02:10:47.0704 AM
[ReportManager] Successfully created attachment [Browser Action Test Data - CloseCurrentWindow - Actual Value] @03-03-2022 02:10:47.0705 A
[ReportManager] File Action [GetAbsolutePath] successfully performed. With the following test data [Relative Folder Path: "target/downloadedFiles/"]. @03-03-2022 02:10:47.0708 AM
[ReportManager] Attempting to run locally on: [Mac-64], [Safari], Headless Execution. @03-03-2022 02:10:47.0709 AM
[ReportManager] Successfully Opened Safari. @03-03-2022 02:10:48.0758 AM
[ReportManager] Initial window size: (800, 600) @03-03-2022 02:10:48.0816 AM
[ReportManager] Window size after SWD Maximize: (1176, 803) @03-03-2022 02:10:48.0914 AM
[ReportManager] Browser Action [MaximizeWindow] successfully performed. With the following test data [New screen size is now: (1176, 803)]. @03-03-2022 02:10:48.0915 AM
[ReportManager] Target URL: [https://duckduckgo.com] @03-03-2022 02:10:48.0915 AM
[ReportManager] Initial URL: [] @03-03-2022 02:10:49.0029 AM
[ReportManager] Browser Action [NavigateToURL] successfully performed. With the following test data [https://duckduckgo.com]. @03-03-2022 02:10:50.0141 A

################################################################################################################################################
Starting Execution:	[12 out of 165] test cases in the current suite
Test Method:		[unitTests.tests_browserActions.getWindowSize]
################################################################################################################################################
[ReportManager] Browser Action [GetWindowSize] successfully performed. With the following test data [(1176, 803)]. @03-03-2022 02:10:50.0176 A
[ReportManager] Target URL: [https://duckduckgo.com] @03-03-2022 02:10:50.0179 AM
[ReportManager] Initial URL: [https://duckduckgo.com] @03-03-2022 02:10:50.0234 AM
[ReportManager] Browser Action [NavigateToURL] successfully performed. With the following test data [https://duckduckgo.com]. @03-03-2022 02:10:50.0727 AM
[ReportManager] Browser Action [CloseCurrentWindow] successfully performed. @03-03-2022 02:10:51.0191 AM
[ReportManager] Successfully created attachment [Browser Action Test Data - CloseCurrentWindow - Actual Value] @03-03-2022 02:10:51.0192 A
[ReportManager] File Action [GetAbsolutePath] successfully performed. With the following test data [Relative Folder Path: "target/downloadedFiles/"]. @03-03-2022 02:10:51.0195 AM
[ReportManager] Attempting to run locally on: [Mac-64], [Safari], Headless Execution. @03-03-2022 02:10:51.0196 AM
[ReportManager] Successfully Opened Safari. @03-03-2022 02:10:52.0146 AM
[ReportManager] Initial window size: (800, 600) @03-03-2022 02:10:52.0200 AM
[ReportManager] Window size after SWD Maximize: (1176, 803) @03-03-2022 02:10:52.0270 AM
[ReportManager] Browser Action [MaximizeWindow] successfully performed. With the following test data [New screen size is now: (1176, 803)]. @03-03-2022 02:10:52.0271 AM
[ReportManager] Target URL: [https://duckduckgo.com] @03-03-2022 02:10:52.0272 AM
[ReportManager] Initial URL: [] @03-03-2022 02:10:52.0319 AM
[ReportManager] Browser Action [NavigateToURL] successfully performed. With the following test data [https://duckduckgo.com]. @03-03-2022 02:10:53.0445 A

################################################################################################################################################
Starting Execution:	[13 out of 165] test cases in the current suite
Test Method:		[unitTests.tests_browserActions.maximizeWindow]
################################################################################################################################################
[ReportManager] Initial window size: (1176, 803) @03-03-2022 02:10:53.0484 AM
[ReportManager] Window size after SWD Maximize: (1176, 803) @03-03-2022 02:10:53.0502 AM
[ReportManager] Window size after Toolkit: (1920, 1080) @03-03-2022 02:10:53.0543 AM
[ReportManager] Browser Action [MaximizeWindow] successfully performed. With the following test data [New screen size is now: (1920, 1080)]. @03-03-2022 02:10:53.0550 A
[ReportManager] Target URL: [https://duckduckgo.com] @03-03-2022 02:10:53.0554 AM
[ReportManager] Initial URL: [https://duckduckgo.com] @03-03-2022 02:10:53.0611 AM
[ReportManager] Browser Action [NavigateToURL] successfully performed. With the following test data [https://duckduckgo.com]. @03-03-2022 02:10:54.0084 AM
[ReportManager] Browser Action [CloseCurrentWindow] successfully performed. @03-03-2022 02:10:54.0482 AM
[ReportManager] Successfully created attachment [Browser Action Test Data - CloseCurrentWindow - Actual Value] @03-03-2022 02:10:54.0483 A
[ReportManager] File Action [GetAbsolutePath] successfully performed. With the following test data [Relative Folder Path: "target/downloadedFiles/"]. @03-03-2022 02:10:54.0486 AM
[ReportManager] Attempting to run locally on: [Mac-64], [Safari], Headless Execution. @03-03-2022 02:10:54.0487 AM
[ReportManager] Successfully Opened Safari. @03-03-2022 02:10:55.0334 AM
[ReportManager] Initial window size: (800, 600) @03-03-2022 02:10:55.0359 AM
[ReportManager] Window size after SWD Maximize: (1176, 803) @03-03-2022 02:10:55.0377 AM
[ReportManager] Browser Action [MaximizeWindow] successfully performed. With the following test data [New screen size is now: (1176, 803)]. @03-03-2022 02:10:55.0378 AM
[ReportManager] Target URL: [https://duckduckgo.com] @03-03-2022 02:10:55.0378 AM
[ReportManager] Initial URL: [] @03-03-2022 02:10:55.0442 AM
[ReportManager] Browser Action [NavigateToURL] successfully performed. With the following test data [https://duckduckgo.com]. @03-03-2022 02:10:56.0246 A

################################################################################################################################################
Starting Execution:	[14 out of 165] test cases in the current suite
Test Method:		[unitTests.tests_browserActions.navigateBack]
################################################################################################################################################
[ReportManager] Target URL: [https://www.google.com/ncr], and after redirection: [https://www.google.com] @03-03-2022 02:10:56.0250 AM
[ReportManager] Initial URL: [https://duckduckgo.com] @03-03-2022 02:10:56.0397 AM
[ReportManager] Browser Action [NavigateToURL] successfully performed. With the following test data [https://www.google.com/ncr]. @03-03-2022 02:10:58.0223 AM
[ReportManager] Browser Action [NavigateBack] successfully performed. With the following test data [https://duckduckgo.com/]. @03-03-2022 02:10:58.0532 AM
[ReportManager] Browser Action [GetCurrentURL] successfully performed. With the following test data [https://duckduckgo.com/]. @03-03-2022 02:10:58.0569 AM
[ReportManager] Assertion Passed: Confirming that navigating back was successful @03-03-2022 02:10:58.0738 AM
[ReportManager] Successfully created attachment [Screenshot - 1646273458615_navigateBack_ValidateBrowserAttribute_passed] @03-03-2022 02:10:58.0743 AM
[ReportManager] Assertion [ValidateBrowserAttribute] PASSED. Expected [Value Should be 'https://duckduckgo.com' for the 'CurrentUrl' attribute] and Actual [https://duckduckgo.com/]. Comparison Type [CONTAINS]. Validation Type [POSITIVE]. @03-03-2022 02:10:58.0744 A
[ReportManager] Target URL: [https://duckduckgo.com] @03-03-2022 02:10:58.0748 AM
[ReportManager] Initial URL: [https://duckduckgo.com] @03-03-2022 02:10:58.0799 AM
[ReportManager] Browser Action [NavigateToURL] successfully performed. With the following test data [https://duckduckgo.com]. @03-03-2022 02:10:59.0223 AM
[ReportManager] Browser Action [CloseCurrentWindow] successfully performed. @03-03-2022 02:10:59.0453 AM
[ReportManager] Successfully created attachment [Browser Action Test Data - CloseCurrentWindow - Actual Value] @03-03-2022 02:10:59.0454 A
[ReportManager] File Action [GetAbsolutePath] successfully performed. With the following test data [Relative Folder Path: "target/downloadedFiles/"]. @03-03-2022 02:10:59.0457 AM
[ReportManager] Attempting to run locally on: [Mac-64], [Safari], Headless Execution. @03-03-2022 02:10:59.0458 AM
[ReportManager] Successfully Opened Safari. @03-03-2022 02:11:00.0351 AM
[ReportManager] Initial window size: (800, 600) @03-03-2022 02:11:00.0394 AM
[ReportManager] Window size after SWD Maximize: (1176, 803) @03-03-2022 02:11:00.0424 AM
[ReportManager] Browser Action [MaximizeWindow] successfully performed. With the following test data [New screen size is now: (1176, 803)]. @03-03-2022 02:11:00.0424 AM
[ReportManager] Target URL: [https://duckduckgo.com] @03-03-2022 02:11:00.0424 AM
[ReportManager] Initial URL: [] @03-03-2022 02:11:00.0478 AM
[ReportManager] Browser Action [NavigateToURL] successfully performed. With the following test data [https://duckduckgo.com]. @03-03-2022 02:11:01.0572 A

################################################################################################################################################
Starting Execution:	[15 out of 165] test cases in the current suite
Test Method:		[unitTests.tests_browserActions.navigateForward]
################################################################################################################################################
[ReportManager] Target URL: [https://www.google.com/ncr], and after redirection: [https://www.google.com] @03-03-2022 02:11:01.0583 AM
[ReportManager] Initial URL: [https://duckduckgo.com] @03-03-2022 02:11:01.0674 AM
[ReportManager] Browser Action [NavigateToURL] successfully performed. With the following test data [https://www.google.com/ncr]. @03-03-2022 02:11:03.0428 AM
[ReportManager] Browser Action [NavigateBack] successfully performed. With the following test data [https://duckduckgo.com/]. @03-03-2022 02:11:03.0725 AM
[ReportManager] Browser Action [NavigateForward] successfully performed. With the following test data [https://www.google.com/]. @03-03-2022 02:11:04.0026 A
[ReportManager] Target URL: [https://duckduckgo.com] @03-03-2022 02:11:04.0033 AM
[ReportManager] Initial URL: [https://www.google.com] @03-03-2022 02:11:04.0076 AM
[ReportManager] Browser Action [NavigateToURL] successfully performed. With the following test data [https://duckduckgo.com]. @03-03-2022 02:11:04.0639 AM
[ReportManager] Browser Action [CloseCurrentWindow] successfully performed. @03-03-2022 02:11:05.0230 AM
[ReportManager] Successfully created attachment [Browser Action Test Data - CloseCurrentWindow - Actual Value] @03-03-2022 02:11:05.0231 A
[ReportManager] File Action [GetAbsolutePath] successfully performed. With the following test data [Relative Folder Path: "target/downloadedFiles/"]. @03-03-2022 02:11:05.0234 AM
[ReportManager] Attempting to run locally on: [Mac-64], [Safari], Headless Execution. @03-03-2022 02:11:05.0234 AM
[ReportManager] Successfully Opened Safari. @03-03-2022 02:11:06.0189 AM
[ReportManager] Initial window size: (800, 600) @03-03-2022 02:11:06.0222 AM
[ReportManager] Window size after SWD Maximize: (1176, 803) @03-03-2022 02:11:06.0344 AM
[ReportManager] Browser Action [MaximizeWindow] successfully performed. With the following test data [New screen size is now: (1176, 803)]. @03-03-2022 02:11:06.0345 AM
[ReportManager] Target URL: [https://duckduckgo.com] @03-03-2022 02:11:06.0345 AM
[ReportManager] Initial URL: [] @03-03-2022 02:11:06.0486 AM
[ReportManager] Browser Action [NavigateToURL] successfully performed. With the following test data [https://duckduckgo.com]. @03-03-2022 02:11:07.0655 A

################################################################################################################################################
Starting Execution:	[16 out of 165] test cases in the current suite
Test Method:		[unitTests.tests_browserActions.navigateToURL]
################################################################################################################################################
[ReportManager] Target URL: [https://duckduckgo.com] @03-03-2022 02:11:07.0660 AM
[ReportManager] Initial URL: [https://duckduckgo.com] @03-03-2022 02:11:07.0755 AM
[ReportManager] Browser Action [NavigateToURL] successfully performed. With the following test data [https://duckduckgo.com]. @03-03-2022 02:11:08.0306 A
[ReportManager] Target URL: [https://duckduckgo.com] @03-03-2022 02:11:08.0310 AM
[ReportManager] Initial URL: [https://duckduckgo.com] @03-03-2022 02:11:08.0464 AM
[ReportManager] Browser Action [NavigateToURL] successfully performed. With the following test data [https://duckduckgo.com]. @03-03-2022 02:11:08.0877 AM
[ReportManager] Browser Action [CloseCurrentWindow] successfully performed. @03-03-2022 02:11:09.0355 AM
[ReportManager] Successfully created attachment [Browser Action Test Data - CloseCurrentWindow - Actual Value] @03-03-2022 02:11:09.0356 A
[ReportManager] File Action [GetAbsolutePath] successfully performed. With the following test data [Relative Folder Path: "target/downloadedFiles/"]. @03-03-2022 02:11:09.0359 AM
[ReportManager] Attempting to run locally on: [Mac-64], [Safari], Headless Execution. @03-03-2022 02:11:09.0360 AM
[ReportManager] Successfully Opened Safari. @03-03-2022 02:11:10.0322 AM
[ReportManager] Initial window size: (800, 600) @03-03-2022 02:11:10.0333 AM
[ReportManager] Window size after SWD Maximize: (1176, 803) @03-03-2022 02:11:10.0356 AM
[ReportManager] Browser Action [MaximizeWindow] successfully performed. With the following test data [New screen size is now: (1176, 803)]. @03-03-2022 02:11:10.0357 AM
[ReportManager] Target URL: [https://duckduckgo.com] @03-03-2022 02:11:10.0357 AM
[ReportManager] Initial URL: [] @03-03-2022 02:11:10.0454 AM
[ReportManager] Browser Action [NavigateToURL] successfully performed. With the following test data [https://duckduckgo.com]. @03-03-2022 02:11:11.0468 A

################################################################################################################################################
Starting Execution:	[17 out of 165] test cases in the current suite
Test Method:		[unitTests.tests_browserActions.navigateToURLWithRedirection]
################################################################################################################################################
[ReportManager] Target URL: [https://www.google.com/ncr], and after redirection: [https://www.google.com] @03-03-2022 02:11:11.0472 AM
[ReportManager] Initial URL: [https://duckduckgo.com] @03-03-2022 02:11:11.0540 AM
[ReportManager] Browser Action [NavigateToURL] successfully performed. With the following test data [https://www.google.com/ncr]. @03-03-2022 02:11:13.0327 A
[ReportManager] Target URL: [https://duckduckgo.com] @03-03-2022 02:11:13.0329 AM
[ReportManager] Initial URL: [https://www.google.com] @03-03-2022 02:11:13.0411 AM
[ReportManager] Browser Action [NavigateToURL] successfully performed. With the following test data [https://duckduckgo.com]. @03-03-2022 02:11:13.0800 AM
[ReportManager] Browser Action [CloseCurrentWindow] successfully performed. @03-03-2022 02:11:14.0413 AM
[ReportManager] Successfully created attachment [Browser Action Test Data - CloseCurrentWindow - Actual Value] @03-03-2022 02:11:14.0413 A
[ReportManager] File Action [GetAbsolutePath] successfully performed. With the following test data [Relative Folder Path: "target/downloadedFiles/"]. @03-03-2022 02:11:14.0417 AM
[ReportManager] Attempting to run locally on: [Mac-64], [Safari], Headless Execution. @03-03-2022 02:11:14.0417 AM
[ReportManager] Successfully Opened Safari. @03-03-2022 02:11:15.0383 AM
[ReportManager] Initial window size: (800, 600) @03-03-2022 02:11:15.0439 AM
[ReportManager] Window size after SWD Maximize: (1176, 803) @03-03-2022 02:11:15.0555 AM
[ReportManager] Browser Action [MaximizeWindow] successfully performed. With the following test data [New screen size is now: (1176, 803)]. @03-03-2022 02:11:15.0556 AM
[ReportManager] Target URL: [https://duckduckgo.com] @03-03-2022 02:11:15.0556 AM
[ReportManager] Initial URL: [] @03-03-2022 02:11:15.0597 AM
[ReportManager] Browser Action [NavigateToURL] successfully performed. With the following test data [https://duckduckgo.com]. @03-03-2022 02:11:16.0504 A

################################################################################################################################################
Starting Execution:	[18 out of 165] test cases in the current suite
Test Method:		[unitTests.tests_browserActions.refreshCurrentPage]
################################################################################################################################################
[ReportManager] Browser Action [RefreshCurrentPage] successfully performed. @03-03-2022 02:11:16.0861 AM
[ReportManager] Successfully created attachment [Browser Action Test Data - RefreshCurrentPage - Actual Value] @03-03-2022 02:11:16.0862 A
[ReportManager] Target URL: [https://duckduckgo.com] @03-03-2022 02:11:16.0865 AM
[ReportManager] Initial URL: [https://duckduckgo.com] @03-03-2022 02:11:16.0920 AM
[ReportManager] Browser Action [NavigateToURL] successfully performed. With the following test data [https://duckduckgo.com]. @03-03-2022 02:11:17.0403 AM
[ReportManager] Browser Action [CloseCurrentWindow] successfully performed. @03-03-2022 02:11:17.0872 AM
[ReportManager] Successfully created attachment [Browser Action Test Data - CloseCurrentWindow - Actual Value] @03-03-2022 02:11:17.0873 A
[ReportManager] File Action [GetAbsolutePath] successfully performed. With the following test data [Relative Folder Path: "target/downloadedFiles/"]. @03-03-2022 02:11:17.0876 AM
[ReportManager] Attempting to run locally on: [Mac-64], [Safari], Headless Execution. @03-03-2022 02:11:17.0876 AM
[ReportManager] Successfully Opened Safari. @03-03-2022 02:11:18.0778 AM
[ReportManager] Initial window size: (800, 600) @03-03-2022 02:11:18.0819 AM
[ReportManager] Window size after SWD Maximize: (1176, 803) @03-03-2022 02:11:18.0874 AM
[ReportManager] Browser Action [MaximizeWindow] successfully performed. With the following test data [New screen size is now: (1176, 803)]. @03-03-2022 02:11:18.0883 AM
[ReportManager] Target URL: [https://duckduckgo.com] @03-03-2022 02:11:18.0883 AM
[ReportManager] Initial URL: [] @03-03-2022 02:11:18.0963 AM
[ReportManager] Browser Action [NavigateToURL] successfully performed. With the following test data [https://duckduckgo.com]. @03-03-2022 02:11:19.0785 A

################################################################################################################################################
Starting Execution:	[19 out of 165] test cases in the current suite
Test Method:		[unitTests.tests_browserActions.setWindowSize]
################################################################################################################################################
[ReportManager] Initial window size: (1176, 803) @03-03-2022 02:11:19.0795 AM
[ReportManager] Window size after SWD: (1280, 720) @03-03-2022 02:11:19.0983 AM
[ReportManager] Browser Action [SetWindowSize] successfully performed. With the following test data [New screen size is now: (1280, 720)]. @03-03-2022 02:11:19.0984 A
[ReportManager] Target URL: [https://duckduckgo.com] @03-03-2022 02:11:19.0987 AM
[ReportManager] Initial URL: [https://duckduckgo.com] @03-03-2022 02:11:20.0027 AM
[ReportManager] Browser Action [NavigateToURL] successfully performed. With the following test data [https://duckduckgo.com]. @03-03-2022 02:11:20.0412 AM
[ReportManager] Browser Action [CloseCurrentWindow] successfully performed. @03-03-2022 02:11:20.0629 AM
[ReportManager] Successfully created attachment [Browser Action Test Data - CloseCurrentWindow - Actual Value] @03-03-2022 02:11:20.0630 A
[ReportManager] Successfully loaded the following test data file [src/test/resources/testDataFiles/testSuite01/TestData.xlsx]. @03-03-2022 02:11:22.0304 AM
[ReportManager] Successfully created attachment [Test Data - Excel] @03-03-2022 02:11:22.0305 A

################################################################################################################################################
Starting Execution:	[20 out of 165] test cases in the current suite
Test Method:		[unitTests.tests_io_excelFileManager.getCellData_rowName_expectedToPass]
################################################################################################################################################
[ReportManager] testRowData. @03-03-2022 02:11:22.0334 A

################################################################################################################################################
Starting Execution:	[21 out of 165] test cases in the current suite
Test Method:		[unitTests.tests_validations_assertions.assertComparativeRelation_greaterThanOrEquals_false_equals_expectedToFail]
################################################################################################################################################
[ReportManager] Assertion [ValidateComparativeRelation] FAILED. Expected [1] and Actual [1]. Comparison Type [GREATER_THAN_OR_EQUALS]. Validation Type [NEGATIVE]. @03-03-2022 02:11:22.0341 A

################################################################################################################################################
Starting Execution:	[22 out of 165] test cases in the current suite
Test Method:		[unitTests.tests_validations_assertions.assertComparativeRelation_greaterThanOrEquals_false_equals_expectedToPass]
################################################################################################################################################
[ReportManager] Assertion [ValidateComparativeRelation] PASSED. Expected [2] and Actual [1]. Comparison Type [GREATER_THAN_OR_EQUALS]. Validation Type [NEGATIVE]. @03-03-2022 02:11:22.0346 A

################################################################################################################################################
Starting Execution:	[23 out of 165] test cases in the current suite
Test Method:		[unitTests.tests_validations_assertions.assertComparativeRelation_greaterThanOrEquals_false_greaterThan_expectedToFail]
################################################################################################################################################
[ReportManager] Assertion [ValidateComparativeRelation] FAILED. Expected [1] and Actual [2]. Comparison Type [GREATER_THAN_OR_EQUALS]. Validation Type [NEGATIVE]. @03-03-2022 02:11:22.0351 A

################################################################################################################################################
Starting Execution:	[24 out of 165] test cases in the current suite
Test Method:		[unitTests.tests_validations_assertions.assertComparativeRelation_greaterThanOrEquals_false_greaterThan_expectedToPass]
################################################################################################################################################
[ReportManager] Assertion [ValidateComparativeRelation] PASSED. Expected [2] and Actual [1]. Comparison Type [GREATER_THAN_OR_EQUALS]. Validation Type [NEGATIVE]. @03-03-2022 02:11:22.0356 A

################################################################################################################################################
Starting Execution:	[25 out of 165] test cases in the current suite
Test Method:		[unitTests.tests_validations_assertions.assertComparativeRelation_greaterThanOrEquals_true_equals_expectedToFail]
################################################################################################################################################
[ReportManager] Assertion [ValidateComparativeRelation] FAILED. Expected [1] and Actual [0]. Comparison Type [GREATER_THAN_OR_EQUALS]. Validation Type [POSITIVE]. @03-03-2022 02:11:22.0361 A

################################################################################################################################################
Starting Execution:	[26 out of 165] test cases in the current suite
Test Method:		[unitTests.tests_validations_assertions.assertComparativeRelation_greaterThanOrEquals_true_equals_expectedToPass]
################################################################################################################################################
[ReportManager] Assertion [ValidateComparativeRelation] PASSED. Expected [1] and Actual [1]. Comparison Type [GREATER_THAN_OR_EQUALS]. Validation Type [POSITIVE]. @03-03-2022 02:11:22.0366 A

################################################################################################################################################
Starting Execution:	[27 out of 165] test cases in the current suite
Test Method:		[unitTests.tests_validations_assertions.assertComparativeRelation_greaterThanOrEquals_true_greaterThan_expectedToFail]
################################################################################################################################################
[ReportManager] Assertion [ValidateComparativeRelation] FAILED. Expected [2] and Actual [1]. Comparison Type [GREATER_THAN_OR_EQUALS]. Validation Type [POSITIVE]. @03-03-2022 02:11:22.0373 A

################################################################################################################################################
Starting Execution:	[28 out of 165] test cases in the current suite
Test Method:		[unitTests.tests_validations_assertions.assertComparativeRelation_greaterThanOrEquals_true_greaterThan_expectedToPass]
################################################################################################################################################
[ReportManager] Assertion [ValidateComparativeRelation] PASSED. Expected [1] and Actual [2]. Comparison Type [GREATER_THAN_OR_EQUALS]. Validation Type [POSITIVE]. @03-03-2022 02:11:22.0379 A
[ReportManager] File Action [GetAbsolutePath] successfully performed. With the following test data [Relative Folder Path: "target/downloadedFiles/"]. @03-03-2022 02:11:22.0389 AM
[ReportManager] Attempting to run locally on: [Mac-64], [Safari], Headless Execution. @03-03-2022 02:11:22.0389 AM
[ReportManager] Successfully Opened Safari. @03-03-2022 02:11:23.0481 AM
[ReportManager] Initial window size: (800, 600) @03-03-2022 02:11:23.0534 AM
[ReportManager] Window size after SWD Maximize: (1176, 803) @03-03-2022 02:11:23.0597 AM
[ReportManager] Browser Action [MaximizeWindow] successfully performed. With the following test data [New screen size is now: (1176, 803)]. @03-03-2022 02:11:23.0598 AM
[ReportManager] Target URL: [https://www.google.com/ncr], and after redirection: [www.google.com] @03-03-2022 02:11:23.0598 AM
[ReportManager] Initial URL: [] @03-03-2022 02:11:23.0658 AM
[ReportManager] Browser Action [NavigateToURL] successfully performed. With the following test data [https://www.google.com/ncr]. @03-03-2022 02:11:25.0385 A

################################################################################################################################################
Starting Execution:	[29 out of 165] test cases in the current suite
Test Method:		[unitTests.tests_validations_assertions.assertElementAttribute_false_caseInsensitiveComparison_expectedToFail]
################################################################################################################################################
[ReportManager] Element Action [Type] successfully performed. With the following test data [AUTOMATION]. @03-03-2022 02:11:25.0954 AM
[ReportManager] Element Action [GetText] successfully performed. With the following test data [AUTOMATION]. @03-03-2022 02:11:26.0132 AM
[ReportManager] Assertion [ValidateElementAttribute] FAILED. Expected [Value Should not be 'AutomaTion' for the 'text' attribute, element locator 'By.name: q'] and Actual [AUTOMATION]. Comparison Type [CASE_INSENSITIVE]. Validation Type [NEGATIVE]. @03-03-2022 02:11:26.0667 AM
[ReportManager] Successfully created attachment [Screenshot - 1646273486527_assertElementAttribute_false_caseInsensitiveComparison_expectedToFail_ValidateElementAttribute_failed] @03-03-2022 02:11:26.0673 A
[ReportManager] Browser Action [CloseCurrentWindow] successfully performed. @03-03-2022 02:11:27.0141 AM
[ReportManager] Successfully created attachment [Browser Action Test Data - CloseCurrentWindow - Actual Value] @03-03-2022 02:11:27.0142 A
[ReportManager] File Action [GetAbsolutePath] successfully performed. With the following test data [Relative Folder Path: "target/downloadedFiles/"]. @03-03-2022 02:11:27.0147 AM
[ReportManager] Attempting to run locally on: [Mac-64], [Safari], Headless Execution. @03-03-2022 02:11:27.0147 AM
[ReportManager] Successfully Opened Safari. @03-03-2022 02:11:28.0184 AM
[ReportManager] Initial window size: (800, 600) @03-03-2022 02:11:28.0213 AM
[ReportManager] Window size after SWD Maximize: (1176, 803) @03-03-2022 02:11:28.0228 AM
[ReportManager] Browser Action [MaximizeWindow] successfully performed. With the following test data [New screen size is now: (1176, 803)]. @03-03-2022 02:11:28.0228 AM
[ReportManager] Target URL: [https://www.google.com/ncr], and after redirection: [www.google.com] @03-03-2022 02:11:28.0228 AM
[ReportManager] Initial URL: [] @03-03-2022 02:11:28.0289 AM
[ReportManager] Browser Action [NavigateToURL] successfully performed. With the following test data [https://www.google.com/ncr]. @03-03-2022 02:11:30.0044 A

################################################################################################################################################
Starting Execution:	[30 out of 165] test cases in the current suite
Test Method:		[unitTests.tests_validations_assertions.assertElementAttribute_false_caseInsensitiveComparison_expectedToPass]
################################################################################################################################################
[ReportManager] Element Action [Type] successfully performed. With the following test data [AUTOMATION]. @03-03-2022 02:11:30.0522 AM
[ReportManager] Element Action [GetText] successfully performed. With the following test data [AUTOMATION]. @03-03-2022 02:11:30.0611 AM
[ReportManager] Assertion [ValidateElementAttribute] PASSED. Expected [Value Should not be 'AutomaTion123' for the 'text' attribute, element locator 'By.name: q'] and Actual [AUTOMATION]. Comparison Type [CASE_INSENSITIVE]. Validation Type [NEGATIVE]. @03-03-2022 02:11:31.0111 AM
[ReportManager] Successfully created attachment [Screenshot - 1646273491008_assertElementAttribute_false_caseInsensitiveComparison_expectedToPass_ValidateElementAttribute_passed] @03-03-2022 02:11:31.0124 A
[ReportManager] Browser Action [CloseCurrentWindow] successfully performed. @03-03-2022 02:11:31.0561 AM
[ReportManager] Successfully created attachment [Browser Action Test Data - CloseCurrentWindow - Actual Value] @03-03-2022 02:11:31.0563 A
[ReportManager] File Action [GetAbsolutePath] successfully performed. With the following test data [Relative Folder Path: "target/downloadedFiles/"]. @03-03-2022 02:11:31.0567 AM
[ReportManager] Attempting to run locally on: [Mac-64], [Safari], Headless Execution. @03-03-2022 02:11:31.0567 AM
[ReportManager] Successfully Opened Safari. @03-03-2022 02:11:32.0491 AM
[ReportManager] Initial window size: (800, 600) @03-03-2022 02:11:32.0504 AM
[ReportManager] Window size after SWD Maximize: (1176, 803) @03-03-2022 02:11:32.0520 AM
[ReportManager] Browser Action [MaximizeWindow] successfully performed. With the following test data [New screen size is now: (1176, 803)]. @03-03-2022 02:11:32.0520 AM
[ReportManager] Target URL: [https://www.google.com/ncr], and after redirection: [www.google.com] @03-03-2022 02:11:32.0520 AM
[ReportManager] Initial URL: [] @03-03-2022 02:11:32.0587 AM
[ReportManager] Browser Action [NavigateToURL] successfully performed. With the following test data [https://www.google.com/ncr]. @03-03-2022 02:11:34.0399 A

################################################################################################################################################
Starting Execution:	[31 out of 165] test cases in the current suite
Test Method:		[unitTests.tests_validations_assertions.assertElementAttribute_false_containsComparison_expectedToFail]
################################################################################################################################################
[ReportManager] Element Action [Type] successfully performed. With the following test data [Automation123]. @03-03-2022 02:11:34.0898 AM
[ReportManager] Element Action [GetText] successfully performed. With the following test data [Automation123]. @03-03-2022 02:11:34.0971 AM
[ReportManager] Assertion [ValidateElementAttribute] FAILED. Expected [Value Should not be 'Automation' for the 'text' attribute, element locator 'By.name: q'] and Actual [Automation123]. Comparison Type [CONTAINS]. Validation Type [NEGATIVE]. @03-03-2022 02:11:35.0265 AM
[ReportManager] Successfully created attachment [Screenshot - 1646273495187_assertElementAttribute_false_containsComparison_expectedToFail_ValidateElementAttribute_failed] @03-03-2022 02:11:35.0266 A
[ReportManager] Browser Action [CloseCurrentWindow] successfully performed. @03-03-2022 02:11:35.0511 AM
[ReportManager] Successfully created attachment [Browser Action Test Data - CloseCurrentWindow - Actual Value] @03-03-2022 02:11:35.0512 A
[ReportManager] File Action [GetAbsolutePath] successfully performed. With the following test data [Relative Folder Path: "target/downloadedFiles/"]. @03-03-2022 02:11:35.0516 AM
[ReportManager] Attempting to run locally on: [Mac-64], [Safari], Headless Execution. @03-03-2022 02:11:35.0517 AM
[ReportManager] Successfully Opened Safari. @03-03-2022 02:11:36.0423 AM
[ReportManager] Initial window size: (800, 600) @03-03-2022 02:11:36.0444 AM
[ReportManager] Window size after SWD Maximize: (1176, 803) @03-03-2022 02:11:36.0460 AM
[ReportManager] Browser Action [MaximizeWindow] successfully performed. With the following test data [New screen size is now: (1176, 803)]. @03-03-2022 02:11:36.0461 AM
[ReportManager] Target URL: [https://www.google.com/ncr], and after redirection: [www.google.com] @03-03-2022 02:11:36.0461 AM
[ReportManager] Initial URL: [] @03-03-2022 02:11:36.0526 AM
[ReportManager] Browser Action [NavigateToURL] successfully performed. With the following test data [https://www.google.com/ncr]. @03-03-2022 02:11:38.0112 A

################################################################################################################################################
Starting Execution:	[32 out of 165] test cases in the current suite
Test Method:		[unitTests.tests_validations_assertions.assertElementAttribute_false_containsComparison_expectedToPass]
################################################################################################################################################
[ReportManager] Element Action [Type] successfully performed. With the following test data [Automation123]. @03-03-2022 02:11:38.0511 AM
[ReportManager] Element Action [GetText] successfully performed. With the following test data [Automation123]. @03-03-2022 02:11:38.0595 AM
[ReportManager] Assertion [ValidateElementAttribute] PASSED. Expected [Value Should not be 'Automation1234' for the 'text' attribute, element locator 'By.name: q'] and Actual [Automation123]. Comparison Type [CONTAINS]. Validation Type [NEGATIVE]. @03-03-2022 02:11:38.0774 AM
[ReportManager] Successfully created attachment [Screenshot - 1646273498695_assertElementAttribute_false_containsComparison_expectedToPass_ValidateElementAttribute_passed] @03-03-2022 02:11:38.0775 A
[ReportManager] Browser Action [CloseCurrentWindow] successfully performed. @03-03-2022 02:11:39.0006 AM
[ReportManager] Successfully created attachment [Browser Action Test Data - CloseCurrentWindow - Actual Value] @03-03-2022 02:11:39.0007 A
[ReportManager] File Action [GetAbsolutePath] successfully performed. With the following test data [Relative Folder Path: "target/downloadedFiles/"]. @03-03-2022 02:11:39.0010 AM
[ReportManager] Attempting to run locally on: [Mac-64], [Safari], Headless Execution. @03-03-2022 02:11:39.0011 AM
[ReportManager] Successfully Opened Safari. @03-03-2022 02:11:39.0872 AM
[ReportManager] Initial window size: (800, 600) @03-03-2022 02:11:39.0891 AM
[ReportManager] Window size after SWD Maximize: (1176, 803) @03-03-2022 02:11:39.0923 AM
[ReportManager] Browser Action [MaximizeWindow] successfully performed. With the following test data [New screen size is now: (1176, 803)]. @03-03-2022 02:11:39.0924 AM
[ReportManager] Target URL: [https://www.google.com/ncr], and after redirection: [www.google.com] @03-03-2022 02:11:39.0924 AM
[ReportManager] Initial URL: [] @03-03-2022 02:11:39.0969 AM
[ReportManager] Browser Action [NavigateToURL] successfully performed. With the following test data [https://www.google.com/ncr]. @03-03-2022 02:11:41.0612 A

################################################################################################################################################
Starting Execution:	[33 out of 165] test cases in the current suite
Test Method:		[unitTests.tests_validations_assertions.assertElementAttribute_false_literalComparison_expectedToFail]
################################################################################################################################################
[ReportManager] Element Action [Type] successfully performed. With the following test data [Automation!@#$%^&*()_+{}[]\';/.,]. @03-03-2022 02:11:42.0340 AM
[ReportManager] Element Action [GetText] successfully performed. With the following test data [Automation!@#$%^&*()_+{}[]\';/.,]. @03-03-2022 02:11:42.0436 AM
[ReportManager] Assertion [ValidateElementAttribute] PASSED. Expected [Value Should not be 'Automation!@#$%^&*()_+{}[]\\';/.,' for the 'text' attribute, element locator 'By.name: q'] and Actual [Automation!@#$%^&*()_+{}[]\';/.,]. Comparison Type [EQUALS]. Validation Type [NEGATIVE]. @03-03-2022 02:11:42.0677 AM
[ReportManager] Successfully created attachment [Screenshot - 1646273502558_assertElementAttribute_false_literalComparison_expectedToFail_ValidateElementAttribute_passed] @03-03-2022 02:11:42.0679 A
[ReportManager] Browser Action [CloseCurrentWindow] successfully performed. @03-03-2022 02:11:43.0104 AM
[ReportManager] Successfully created attachment [Browser Action Test Data - CloseCurrentWindow - Actual Value] @03-03-2022 02:11:43.0106 A
[ReportManager] File Action [GetAbsolutePath] successfully performed. With the following test data [Relative Folder Path: "target/downloadedFiles/"]. @03-03-2022 02:11:43.0110 AM
[ReportManager] Attempting to run locally on: [Mac-64], [Safari], Headless Execution. @03-03-2022 02:11:43.0110 AM
[ReportManager] Successfully Opened Safari. @03-03-2022 02:11:44.0054 AM
[ReportManager] Initial window size: (800, 600) @03-03-2022 02:11:44.0123 AM
[ReportManager] Window size after SWD Maximize: (1176, 803) @03-03-2022 02:11:44.0186 AM
[ReportManager] Browser Action [MaximizeWindow] successfully performed. With the following test data [New screen size is now: (1176, 803)]. @03-03-2022 02:11:44.0187 AM
[ReportManager] Target URL: [https://www.google.com/ncr], and after redirection: [www.google.com] @03-03-2022 02:11:44.0187 AM
[ReportManager] Initial URL: [] @03-03-2022 02:11:44.0266 AM
[ReportManager] Browser Action [NavigateToURL] successfully performed. With the following test data [https://www.google.com/ncr]. @03-03-2022 02:11:45.0899 A

################################################################################################################################################
Starting Execution:	[34 out of 165] test cases in the current suite
Test Method:		[unitTests.tests_validations_assertions.assertElementAttribute_false_literalComparison_expectedToPass]
################################################################################################################################################
[ReportManager] Element Action [Type] successfully performed. With the following test data [Automation!@#$%^&*()_+{}[]\';/.,]. @03-03-2022 02:11:47.0096 AM
[ReportManager] Element Action [GetText] successfully performed. With the following test data [Automation!@#$%^&*()_+{}[]\';/.,]. @03-03-2022 02:11:47.0181 AM
[ReportManager] Assertion [ValidateElementAttribute] PASSED. Expected [Value Should not be 'Automation' for the 'text' attribute, element locator 'By.name: q'] and Actual [Automation!@#$%^&*()_+{}[]\';/.,]. Comparison Type [EQUALS]. Validation Type [NEGATIVE]. @03-03-2022 02:11:47.0419 AM
[ReportManager] Successfully created attachment [Screenshot - 1646273507298_assertElementAttribute_false_literalComparison_expectedToPass_ValidateElementAttribute_passed] @03-03-2022 02:11:47.0421 A
[ReportManager] Browser Action [CloseCurrentWindow] successfully performed. @03-03-2022 02:11:47.0703 AM
[ReportManager] Successfully created attachment [Browser Action Test Data - CloseCurrentWindow - Actual Value] @03-03-2022 02:11:47.0705 A
[ReportManager] File Action [GetAbsolutePath] successfully performed. With the following test data [Relative Folder Path: "target/downloadedFiles/"]. @03-03-2022 02:11:47.0710 AM
[ReportManager] Attempting to run locally on: [Mac-64], [Safari], Headless Execution. @03-03-2022 02:11:47.0710 AM
[ReportManager] Successfully Opened Safari. @03-03-2022 02:11:48.0653 AM
[ReportManager] Initial window size: (800, 600) @03-03-2022 02:11:48.0724 AM
[ReportManager] Window size after SWD Maximize: (1176, 803) @03-03-2022 02:11:48.0773 AM
[ReportManager] Browser Action [MaximizeWindow] successfully performed. With the following test data [New screen size is now: (1176, 803)]. @03-03-2022 02:11:48.0773 AM
[ReportManager] Target URL: [https://www.google.com/ncr], and after redirection: [www.google.com] @03-03-2022 02:11:48.0773 AM
[ReportManager] Initial URL: [] @03-03-2022 02:11:48.0819 AM
[ReportManager] Browser Action [NavigateToURL] successfully performed. With the following test data [https://www.google.com/ncr]. @03-03-2022 02:11:50.0594 A

################################################################################################################################################
Starting Execution:	[35 out of 165] test cases in the current suite
Test Method:		[unitTests.tests_validations_assertions.assertElementAttribute_false_regexComparison_expectedToFail]
################################################################################################################################################
[ReportManager] Element Action [Type] successfully performed. With the following test data [Automation123]. @03-03-2022 02:11:51.0278 AM
[ReportManager] Element Action [GetText] successfully performed. With the following test data [Automation123]. @03-03-2022 02:11:51.0352 AM
[ReportManager] Assertion [ValidateElementAttribute] FAILED. Expected [Value Should not be 'Automation.*' for the 'text' attribute, element locator 'By.name: q'] and Actual [Automation123]. Comparison Type [MATCHES]. Validation Type [NEGATIVE]. @03-03-2022 02:11:51.0607 AM
[ReportManager] Successfully created attachment [Screenshot - 1646273511531_assertElementAttribute_false_regexComparison_expectedToFail_ValidateElementAttribute_failed] @03-03-2022 02:11:51.0609 A
[ReportManager] Browser Action [CloseCurrentWindow] successfully performed. @03-03-2022 02:11:52.0043 AM
[ReportManager] Successfully created attachment [Browser Action Test Data - CloseCurrentWindow - Actual Value] @03-03-2022 02:11:52.0044 A
[ReportManager] File Action [GetAbsolutePath] successfully performed. With the following test data [Relative Folder Path: "target/downloadedFiles/"]. @03-03-2022 02:11:52.0049 AM
[ReportManager] Attempting to run locally on: [Mac-64], [Safari], Headless Execution. @03-03-2022 02:11:52.0049 AM
[ReportManager] Successfully Opened Safari. @03-03-2022 02:11:52.0971 AM
[ReportManager] Initial window size: (800, 600) @03-03-2022 02:11:53.0006 AM
[ReportManager] Window size after SWD Maximize: (1176, 803) @03-03-2022 02:11:53.0044 AM
[ReportManager] Browser Action [MaximizeWindow] successfully performed. With the following test data [New screen size is now: (1176, 803)]. @03-03-2022 02:11:53.0045 AM
[ReportManager] Target URL: [https://www.google.com/ncr], and after redirection: [www.google.com] @03-03-2022 02:11:53.0045 AM
[ReportManager] Initial URL: [] @03-03-2022 02:11:53.0095 AM
[ReportManager] Browser Action [NavigateToURL] successfully performed. With the following test data [https://www.google.com/ncr]. @03-03-2022 02:11:54.0969 A

################################################################################################################################################
Starting Execution:	[36 out of 165] test cases in the current suite
Test Method:		[unitTests.tests_validations_assertions.assertElementAttribute_false_regexComparison_expectedToPass]
################################################################################################################################################
[ReportManager] Element Action [Type] successfully performed. With the following test data [Automation123]. @03-03-2022 02:11:55.0453 AM
[ReportManager] Element Action [GetText] successfully performed. With the following test data [Automation123]. @03-03-2022 02:11:55.0520 AM
[ReportManager] Assertion [ValidateElementAttribute] PASSED. Expected [Value Should not be 'Automation' for the 'text' attribute, element locator 'By.name: q'] and Actual [Automation123]. Comparison Type [MATCHES]. Validation Type [NEGATIVE]. @03-03-2022 02:11:55.0951 AM
[ReportManager] Successfully created attachment [Screenshot - 1646273515875_assertElementAttribute_false_regexComparison_expectedToPass_ValidateElementAttribute_passed] @03-03-2022 02:11:55.0953 A
[ReportManager] Browser Action [CloseCurrentWindow] successfully performed. @03-03-2022 02:11:56.0372 AM
[ReportManager] Successfully created attachment [Browser Action Test Data - CloseCurrentWindow - Actual Value] @03-03-2022 02:11:56.0373 A
[ReportManager] File Action [GetAbsolutePath] successfully performed. With the following test data [Relative Folder Path: "target/downloadedFiles/"]. @03-03-2022 02:11:56.0377 AM
[ReportManager] Attempting to run locally on: [Mac-64], [Safari], Headless Execution. @03-03-2022 02:11:56.0377 AM
[ReportManager] Successfully Opened Safari. @03-03-2022 02:11:57.0259 AM
[ReportManager] Initial window size: (800, 600) @03-03-2022 02:11:57.0310 AM
[ReportManager] Window size after SWD Maximize: (1176, 803) @03-03-2022 02:11:57.0409 AM
[ReportManager] Browser Action [MaximizeWindow] successfully performed. With the following test data [New screen size is now: (1176, 803)]. @03-03-2022 02:11:57.0409 AM
[ReportManager] Target URL: [https://www.google.com/ncr], and after redirection: [www.google.com] @03-03-2022 02:11:57.0409 AM
[ReportManager] Initial URL: [] @03-03-2022 02:11:57.0447 AM
[ReportManager] Browser Action [NavigateToURL] successfully performed. With the following test data [https://www.google.com/ncr]. @03-03-2022 02:11:59.0121 A

################################################################################################################################################
Starting Execution:	[37 out of 165] test cases in the current suite
Test Method:		[unitTests.tests_validations_assertions.assertElementAttribute_true_caseInsensitiveComparison_expectedToFail]
################################################################################################################################################
[ReportManager] Element Action [Type] successfully performed. With the following test data [AUTOMATION]. @03-03-2022 02:11:59.0757 AM
[ReportManager] Element Action [GetText] successfully performed. With the following test data [AUTOMATION]. @03-03-2022 02:11:59.0851 AM
[ReportManager] Assertion [ValidateElementAttribute] FAILED. Expected [Value Should be 'AutomaTion123' for the 'text' attribute, element locator 'By.name: q'] and Actual [AUTOMATION]. Comparison Type [CASE_INSENSITIVE]. Validation Type [POSITIVE]. @03-03-2022 02:12:00.0057 AM
[ReportManager] Successfully created attachment [Screenshot - 1646273519953_assertElementAttribute_true_caseInsensitiveComparison_expectedToFail_ValidateElementAttribute_failed] @03-03-2022 02:12:00.0059 A
[ReportManager] Browser Action [CloseCurrentWindow] successfully performed. @03-03-2022 02:12:00.0480 AM
[ReportManager] Successfully created attachment [Browser Action Test Data - CloseCurrentWindow - Actual Value] @03-03-2022 02:12:00.0480 A
[ReportManager] File Action [GetAbsolutePath] successfully performed. With the following test data [Relative Folder Path: "target/downloadedFiles/"]. @03-03-2022 02:12:00.0484 AM
[ReportManager] Attempting to run locally on: [Mac-64], [Safari], Headless Execution. @03-03-2022 02:12:00.0484 AM
[ReportManager] Successfully Opened Safari. @03-03-2022 02:12:01.0399 AM
[ReportManager] Initial window size: (800, 600) @03-03-2022 02:12:01.0477 AM
[ReportManager] Window size after SWD Maximize: (1176, 803) @03-03-2022 02:12:01.0554 AM
[ReportManager] Browser Action [MaximizeWindow] successfully performed. With the following test data [New screen size is now: (1176, 803)]. @03-03-2022 02:12:01.0555 AM
[ReportManager] Target URL: [https://www.google.com/ncr], and after redirection: [www.google.com] @03-03-2022 02:12:01.0555 AM
[ReportManager] Initial URL: [] @03-03-2022 02:12:01.0593 AM
[ReportManager] Browser Action [NavigateToURL] successfully performed. With the following test data [https://www.google.com/ncr]. @03-03-2022 02:12:03.0245 A

################################################################################################################################################
Starting Execution:	[38 out of 165] test cases in the current suite
Test Method:		[unitTests.tests_validations_assertions.assertElementAttribute_true_caseInsensitiveComparison_expectedToPass]
################################################################################################################################################
[ReportManager] Element Action [Type] successfully performed. With the following test data [AUTOMATION]. @03-03-2022 02:12:03.0736 AM
[ReportManager] Element Action [GetText] successfully performed. With the following test data [AUTOMATION]. @03-03-2022 02:12:03.0832 AM
[ReportManager] Assertion [ValidateElementAttribute] PASSED. Expected [Value Should be 'AutomaTion' for the 'text' attribute, element locator 'By.name: q'] and Actual [AUTOMATION]. Comparison Type [CASE_INSENSITIVE]. Validation Type [POSITIVE]. @03-03-2022 02:12:04.0041 AM
[ReportManager] Successfully created attachment [Screenshot - 1646273523964_assertElementAttribute_true_caseInsensitiveComparison_expectedToPass_ValidateElementAttribute_passed] @03-03-2022 02:12:04.0044 A
[ReportManager] Browser Action [CloseCurrentWindow] successfully performed. @03-03-2022 02:12:04.0480 AM
[ReportManager] Successfully created attachment [Browser Action Test Data - CloseCurrentWindow - Actual Value] @03-03-2022 02:12:04.0480 A
[ReportManager] File Action [GetAbsolutePath] successfully performed. With the following test data [Relative Folder Path: "target/downloadedFiles/"]. @03-03-2022 02:12:04.0484 AM
[ReportManager] Attempting to run locally on: [Mac-64], [Safari], Headless Execution. @03-03-2022 02:12:04.0484 AM
[ReportManager] An Exception Occured with this Message: Could not start a new session. Possible causes are invalid address of the remote server or browser start-up failure.. @03-03-2022 02:12:04.0878 AM
[ReportManager] Successfully created attachment [Exception Stack Trace - org.openqa.selenium.SessionNotCreatedException] @03-03-2022 02:12:04.0879 AM
[ReportManager] Driver Factory Action [createNewLocalDriverInstanceForSafari] failed. With the following test data [Failed to create a session on DESKTOP_SAFARI]. @03-03-2022 02:12:04.0879 A

################################################################################################################################################
Starting Execution:	[39 out of 165] test cases in the current suite
Test Method:		[unitTests.tests_validations_assertions.assertElementAttribute_true_containsComparison_expectedToFail]
###############################################################################################################################################



################################################################################################################################################
Starting Execution:	[40 out of 165] test cases in the current suite
Test Method:		[unitTests.tests_validations_assertions.assertElementAttribute_true_containsComparison_expectedToPass]
###############################################################################################################################################



################################################################################################################################################
Starting Execution:	[41 out of 165] test cases in the current suite
Test Method:		[unitTests.tests_validations_assertions.assertElementAttribute_true_literalComparison_expectedToFail]
###############################################################################################################################################



################################################################################################################################################
Starting Execution:	[42 out of 165] test cases in the current suite
Test Method:		[unitTests.tests_validations_assertions.assertElementAttribute_true_literalComparison_expectedToPass]
###############################################################################################################################################



################################################################################################################################################
Starting Execution:	[43 out of 165] test cases in the current suite
Test Method:		[unitTests.tests_validations_assertions.assertElementAttribute_true_regexComparison_expectedToFail]
###############################################################################################################################################



################################################################################################################################################
Starting Execution:	[44 out of 165] test cases in the current suite
Test Method:		[unitTests.tests_validations_assertions.assertElementAttribute_true_regexComparison_expectedToPass]
###############################################################################################################################################



################################################################################################################################################
Starting Execution:	[45 out of 165] test cases in the current suite
Test Method:		[unitTests.tests_validations_assertions.assertElementAttribute_type_true_literalComparison_expectedToPass]
###############################################################################################################################################



################################################################################################################################################
Starting Execution:	[46 out of 165] test cases in the current suite
Test Method:		[unitTests.tests_validations_assertions.assertElementExists_false_expectedToFail]
###############################################################################################################################################



################################################################################################################################################
Starting Execution:	[47 out of 165] test cases in the current suite
Test Method:		[unitTests.tests_validations_assertions.assertElementExists_false_expectedToPass]
###############################################################################################################################################



################################################################################################################################################
Starting Execution:	[48 out of 165] test cases in the current suite
Test Method:		[unitTests.tests_validations_assertions.assertElementExists_false_multipleElementsFound_expectedToFail]
###############################################################################################################################################



################################################################################################################################################
Starting Execution:	[49 out of 165] test cases in the current suite
Test Method:		[unitTests.tests_validations_assertions.assertElementExists_true_expectedToFail]
###############################################################################################################################################



################################################################################################################################################
Starting Execution:	[50 out of 165] test cases in the current suite
Test Method:		[unitTests.tests_validations_assertions.assertElementExists_true_expectedToPass]
###############################################################################################################################################



################################################################################################################################################
Starting Execution:	[51 out of 165] test cases in the current suite
Test Method:		[unitTests.tests_validations_assertions.assertElementExists_true_multipleElementsFound_expectedToFail]
###############################################################################################################################################


################################################################################################################################################
Starting Execution:	[52 out of 165] test cases in the current suite
Test Method:		[unitTests.tests_validations_assertions.assertEquals_false_expectedToFail]
###############################################################################################################################################

################################################################################################################################################
Starting Execution:	[53 out of 165] test cases in the current suite
Test Method:		[unitTests.tests_validations_assertions.assertEquals_false_expectedToPass]
###############################################################################################################################################

################################################################################################################################################
Starting Execution:	[54 out of 165] test cases in the current suite
Test Method:		[unitTests.tests_validations_assertions.assertEquals_longCharacters]
###############################################################################################################################################

################################################################################################################################################
Starting Execution:	[55 out of 165] test cases in the current suite
Test Method:		[unitTests.tests_validations_assertions.assertEquals_longCharacters_Discreet]
###############################################################################################################################################

################################################################################################################################################
Starting Execution:	[56 out of 165] test cases in the current suite
Test Method:		[unitTests.tests_validations_assertions.assertEquals_true_expectedToFail]
###############################################################################################################################################

################################################################################################################################################
Starting Execution:	[57 out of 165] test cases in the current suite
Test Method:		[unitTests.tests_validations_assertions.assertEquals_true_expectedToPass]
Test Description:	[Assert that assertEquals works as expected when the two values are equal.]
###############################################################################################################################################

################################################################################################################################################
Starting Execution:	[58 out of 165] test cases in the current suite
Test Method:		[unitTests.tests_validations_assertions.assertEquals_true_expectedToPass__]
###############################################################################################################################################

################################################################################################################################################
Starting Execution:	[59 out of 165] test cases in the current suite
Test Method:		[unitTests.tests_validations_assertions.assertFileExists_false_expectedToFail]
###############################################################################################################################################

################################################################################################################################################
Starting Execution:	[60 out of 165] test cases in the current suite
Test Method:		[unitTests.tests_validations_assertions.assertFileExists_false_expectedToPass]
###############################################################################################################################################

################################################################################################################################################
Starting Execution:	[61 out of 165] test cases in the current suite
Test Method:		[unitTests.tests_validations_assertions.assertFileExists_true_expectedToFail]
###############################################################################################################################################

################################################################################################################################################
Starting Execution:	[62 out of 165] test cases in the current suite
Test Method:		[unitTests.tests_validations_assertions.assertFileExists_true_expectedToPass]
###############################################################################################################################################

################################################################################################################################################
Starting Execution:	[63 out of 165] test cases in the current suite
Test Method:		[unitTests.tests_validations_assertions.assertNull_false_expectedToFail]
###############################################################################################################################################

################################################################################################################################################
Starting Execution:	[64 out of 165] test cases in the current suite
Test Method:		[unitTests.tests_validations_assertions.assertNull_false_expectedToPass]
###############################################################################################################################################

################################################################################################################################################
Starting Execution:	[65 out of 165] test cases in the current suite
Test Method:		[unitTests.tests_validations_assertions.assertNull_true_expectedToFail]
###############################################################################################################################################

################################################################################################################################################
Starting Execution:	[66 out of 165] test cases in the current suite
Test Method:		[unitTests.tests_validations_assertions.assertNull_true_expectedToPass]
###############################################################################################################################################

################################################################################################################################################
Starting Execution:	[67 out of 165] test cases in the current suite
Test Method:		[unitTests.tests_restActions.getPostsAndAssertBodyForSpecificTitle]
################################################################################################################################################
[ReportManager] Response status code: [200], status line: [HTTP/1.1 200 OK] @03-03-2022 02:12:10.0960 AM
[ReportManager] Assertion Passed: Evaluating the actual response status code against the expected one... @03-03-2022 02:12:10.0968 AM
[ReportManager] Assertion [ValidateComparativeRelation] PASSED. Expected [200] and Actual [200]. Comparison Type [EQUALS]. Validation Type [POSITIVE]. @03-03-2022 02:12:10.0968 AM
[ReportManager] API Action [PerformRequest] successfully performed. With the following test data [Request Type: "GET" | Target Status Code: "200" | Service URL: "https://jsonplaceholder.typicode.com/posts" | Content Type: "*/*" | Response Time: "1440ms"]. @03-03-2022 02:12:13.0397 AM
[ReportManager] Successfully created attachment [API Request - Specifications] @03-03-2022 02:12:13.0397 AM
[ReportManager] Successfully created attachment [API Response - JSON Body] @03-03-2022 02:12:13.0805 AM
[ReportManager] API Action [GetResponseJSONValueAsList] successfully performed. @03-03-2022 02:12:13.0831 AM
[ReportManager] API Action [GetResponseJSONValue] successfully performed. With the following test data [title]. @03-03-2022 02:12:13.0971 AM
[ReportManager] API Action [GetResponseJSONValue] successfully performed. With the following test data [title]. @03-03-2022 02:12:14.0053 AM
[ReportManager] API Action [GetResponseJSONValue] successfully performed. With the following test data [body]. @03-03-2022 02:12:14.0077 AM
[ReportManager] Assertion [ValidateEquals] PASSED. Expected [qui neque nisi nulla] and Actual [est rerum tempore vitae
sequi sint nihil reprehenderit dolor beatae ea dolores neque
fugiat blanditiis voluptate porro vel nihil molestiae ut reiciendis
qui aperiam non debitis possimus qui neque nisi nulla]. Comparison Type [CONTAINS]. Validation Type [POSITIVE]. @03-03-2022 02:12:14.0078 AM
[ReportManager] API Action [GetResponseJSONValue] successfully performed. With the following test data [title]. @03-03-2022 02:12:14.0101 AM
[ReportManager] API Action [GetResponseJSONValue] successfully performed. With the following test data [title]. @03-03-2022 02:12:14.0204 AM
[ReportManager] API Action [GetResponseJSONValue] successfully performed. With the following test data [title]. @03-03-2022 02:12:14.0218 AM
[ReportManager] API Action [GetResponseJSONValue] successfully performed. With the following test data [title]. @03-03-2022 02:12:14.0236 AM
[ReportManager] API Action [GetResponseJSONValue] successfully performed. With the following test data [title]. @03-03-2022 02:12:14.0251 AM
[ReportManager] API Action [GetResponseJSONValue] successfully performed. With the following test data [title]. @03-03-2022 02:12:14.0267 AM
[ReportManager] API Action [GetResponseJSONValue] successfully performed. With the following test data [title]. @03-03-2022 02:12:14.0282 AM
[ReportManager] API Action [GetResponseJSONValue] successfully performed. With the following test data [title]. @03-03-2022 02:12:14.0297 AM
[ReportManager] API Action [GetResponseJSONValue] successfully performed. With the following test data [title]. @03-03-2022 02:12:14.0311 AM
[ReportManager] API Action [GetResponseJSONValue] successfully performed. With the following test data [title]. @03-03-2022 02:12:14.0327 AM
[ReportManager] API Action [GetResponseJSONValue] successfully performed. With the following test data [title]. @03-03-2022 02:12:14.0343 AM
[ReportManager] API Action [GetResponseJSONValue] successfully performed. With the following test data [title]. @03-03-2022 02:12:14.0360 AM
[ReportManager] API Action [GetResponseJSONValue] successfully performed. With the following test data [title]. @03-03-2022 02:12:14.0374 AM
[ReportManager] API Action [GetResponseJSONValue] successfully performed. With the following test data [title]. @03-03-2022 02:12:14.0389 AM
[ReportManager] API Action [GetResponseJSONValue] successfully performed. With the following test data [title]. @03-03-2022 02:12:14.0404 AM
[ReportManager] API Action [GetResponseJSONValue] successfully performed. With the following test data [title]. @03-03-2022 02:12:14.0418 AM
[ReportManager] API Action [GetResponseJSONValue] successfully performed. With the following test data [title]. @03-03-2022 02:12:14.0432 AM
[ReportManager] API Action [GetResponseJSONValue] successfully performed. With the following test data [title]. @03-03-2022 02:12:14.0449 AM
[ReportManager] API Action [GetResponseJSONValue] successfully performed. With the following test data [title]. @03-03-2022 02:12:14.0465 AM
[ReportManager] API Action [GetResponseJSONValue] successfully performed. With the following test data [title]. @03-03-2022 02:12:14.0483 AM
[ReportManager] API Action [GetResponseJSONValue] successfully performed. With the following test data [title]. @03-03-2022 02:12:14.0499 AM
[ReportManager] API Action [GetResponseJSONValue] successfully performed. With the following test data [title]. @03-03-2022 02:12:14.0513 AM
[ReportManager] API Action [GetResponseJSONValue] successfully performed. With the following test data [title]. @03-03-2022 02:12:14.0554 AM
[ReportManager] API Action [GetResponseJSONValue] successfully performed. With the following test data [title]. @03-03-2022 02:12:14.0581 AM
[ReportManager] API Action [GetResponseJSONValue] successfully performed. With the following test data [title]. @03-03-2022 02:12:14.0594 AM
[ReportManager] API Action [GetResponseJSONValue] successfully performed. With the following test data [title]. @03-03-2022 02:12:14.0615 AM
[ReportManager] API Action [GetResponseJSONValue] successfully performed. With the following test data [title]. @03-03-2022 02:12:14.0645 AM
[ReportManager] API Action [GetResponseJSONValue] successfully performed. With the following test data [title]. @03-03-2022 02:12:14.0690 AM
[ReportManager] API Action [GetResponseJSONValue] successfully performed. With the following test data [title]. @03-03-2022 02:12:14.0711 AM
[ReportManager] API Action [GetResponseJSONValue] successfully performed. With the following test data [title]. @03-03-2022 02:12:14.0739 AM
[ReportManager] API Action [GetResponseJSONValue] successfully performed. With the following test data [title]. @03-03-2022 02:12:14.0785 AM
[ReportManager] API Action [GetResponseJSONValue] successfully performed. With the following test data [title]. @03-03-2022 02:12:14.0847 AM
[ReportManager] API Action [GetResponseJSONValue] successfully performed. With the following test data [title]. @03-03-2022 02:12:14.0868 AM
[ReportManager] API Action [GetResponseJSONValue] successfully performed. With the following test data [title]. @03-03-2022 02:12:14.0890 AM
[ReportManager] API Action [GetResponseJSONValue] successfully performed. With the following test data [title]. @03-03-2022 02:12:14.0919 AM
[ReportManager] API Action [GetResponseJSONValue] successfully performed. With the following test data [title]. @03-03-2022 02:12:14.0950 AM
[ReportManager] API Action [GetResponseJSONValue] successfully performed. With the following test data [title]. @03-03-2022 02:12:15.0004 AM
[ReportManager] API Action [GetResponseJSONValue] successfully performed. With the following test data [title]. @03-03-2022 02:12:15.0032 AM
[ReportManager] API Action [GetResponseJSONValue] successfully performed. With the following test data [title]. @03-03-2022 02:12:15.0061 AM
[ReportManager] API Action [GetResponseJSONValue] successfully performed. With the following test data [title]. @03-03-2022 02:12:15.0081 AM
[ReportManager] API Action [GetResponseJSONValue] successfully performed. With the following test data [title]. @03-03-2022 02:12:15.0113 AM
[ReportManager] API Action [GetResponseJSONValue] successfully performed. With the following test data [title]. @03-03-2022 02:12:15.0144 AM
[ReportManager] API Action [GetResponseJSONValue] successfully performed. With the following test data [title]. @03-03-2022 02:12:15.0163 AM
[ReportManager] API Action [GetResponseJSONValue] successfully performed. With the following test data [title]. @03-03-2022 02:12:15.0184 AM
[ReportManager] API Action [GetResponseJSONValue] successfully performed. With the following test data [title]. @03-03-2022 02:12:15.0201 AM
[ReportManager] API Action [GetResponseJSONValue] successfully performed. With the following test data [title]. @03-03-2022 02:12:15.0351 AM
[ReportManager] API Action [GetResponseJSONValue] successfully performed. With the following test data [title]. @03-03-2022 02:12:15.0370 AM
[ReportManager] API Action [GetResponseJSONValue] successfully performed. With the following test data [title]. @03-03-2022 02:12:15.0413 AM
[ReportManager] API Action [GetResponseJSONValue] successfully performed. With the following test data [title]. @03-03-2022 02:12:15.0463 AM
[ReportManager] API Action [GetResponseJSONValue] successfully performed. With the following test data [title]. @03-03-2022 02:12:15.0478 AM
[ReportManager] API Action [GetResponseJSONValue] successfully performed. With the following test data [title]. @03-03-2022 02:12:15.0492 AM
[ReportManager] API Action [GetResponseJSONValue] successfully performed. With the following test data [title]. @03-03-2022 02:12:15.0506 AM
[ReportManager] API Action [GetResponseJSONValue] successfully performed. With the following test data [title]. @03-03-2022 02:12:15.0520 AM
[ReportManager] API Action [GetResponseJSONValue] successfully performed. With the following test data [title]. @03-03-2022 02:12:15.0540 AM
[ReportManager] API Action [GetResponseJSONValue] successfully performed. With the following test data [title]. @03-03-2022 02:12:15.0554 AM
[ReportManager] API Action [GetResponseJSONValue] successfully performed. With the following test data [title]. @03-03-2022 02:12:15.0717 AM
[ReportManager] API Action [GetResponseJSONValue] successfully performed. With the following test data [title]. @03-03-2022 02:12:15.0733 AM
[ReportManager] API Action [GetResponseJSONValue] successfully performed. With the following test data [title]. @03-03-2022 02:12:15.0842 AM
[ReportManager] API Action [GetResponseJSONValue] successfully performed. With the following test data [title]. @03-03-2022 02:12:15.0857 AM
[ReportManager] API Action [GetResponseJSONValue] successfully performed. With the following test data [title]. @03-03-2022 02:12:15.0946 AM
[ReportManager] API Action [GetResponseJSONValue] successfully performed. With the following test data [title]. @03-03-2022 02:12:15.0973 AM
[ReportManager] API Action [GetResponseJSONValue] successfully performed. With the following test data [title]. @03-03-2022 02:12:15.0989 AM
[ReportManager] API Action [GetResponseJSONValue] successfully performed. With the following test data [title]. @03-03-2022 02:12:16.0061 AM
[ReportManager] API Action [GetResponseJSONValue] successfully performed. With the following test data [title]. @03-03-2022 02:12:16.0086 AM
[ReportManager] API Action [GetResponseJSONValue] successfully performed. With the following test data [title]. @03-03-2022 02:12:16.0117 AM
[ReportManager] API Action [GetResponseJSONValue] successfully performed. With the following test data [title]. @03-03-2022 02:12:16.0145 AM
[ReportManager] API Action [GetResponseJSONValue] successfully performed. With the following test data [title]. @03-03-2022 02:12:16.0170 AM
[ReportManager] API Action [GetResponseJSONValue] successfully performed. With the following test data [title]. @03-03-2022 02:12:16.0203 AM
[ReportManager] API Action [GetResponseJSONValue] successfully performed. With the following test data [title]. @03-03-2022 02:12:16.0227 AM
[ReportManager] API Action [GetResponseJSONValue] successfully performed. With the following test data [title]. @03-03-2022 02:12:16.0245 AM
[ReportManager] API Action [GetResponseJSONValue] successfully performed. With the following test data [title]. @03-03-2022 02:12:16.0264 AM
[ReportManager] API Action [GetResponseJSONValue] successfully performed. With the following test data [title]. @03-03-2022 02:12:16.0318 AM
[ReportManager] API Action [GetResponseJSONValue] successfully performed. With the following test data [title]. @03-03-2022 02:12:16.0348 AM
[ReportManager] API Action [GetResponseJSONValue] successfully performed. With the following test data [title]. @03-03-2022 02:12:16.0413 AM
[ReportManager] API Action [GetResponseJSONValue] successfully performed. With the following test data [title]. @03-03-2022 02:12:16.0449 AM
[ReportManager] API Action [GetResponseJSONValue] successfully performed. With the following test data [title]. @03-03-2022 02:12:16.0478 AM
[ReportManager] API Action [GetResponseJSONValue] successfully performed. With the following test data [title]. @03-03-2022 02:12:16.0529 AM
[ReportManager] API Action [GetResponseJSONValue] successfully performed. With the following test data [title]. @03-03-2022 02:12:16.0563 AM
[ReportManager] API Action [GetResponseJSONValue] successfully performed. With the following test data [title]. @03-03-2022 02:12:16.0603 AM
[ReportManager] API Action [GetResponseJSONValue] successfully performed. With the following test data [title]. @03-03-2022 02:12:16.0617 AM
[ReportManager] API Action [GetResponseJSONValue] successfully performed. With the following test data [title]. @03-03-2022 02:12:16.0642 AM
[ReportManager] API Action [GetResponseJSONValue] successfully performed. With the following test data [title]. @03-03-2022 02:12:16.0682 AM
[ReportManager] API Action [GetResponseJSONValue] successfully performed. With the following test data [title]. @03-03-2022 02:12:16.0704 AM
[ReportManager] API Action [GetResponseJSONValue] successfully performed. With the following test data [title]. @03-03-2022 02:12:16.0741 AM
[ReportManager] API Action [GetResponseJSONValue] successfully performed. With the following test data [title]. @03-03-2022 02:12:16.0781 AM
[ReportManager] API Action [GetResponseJSONValue] successfully performed. With the following test data [title]. @03-03-2022 02:12:16.0806 AM
[ReportManager] API Action [GetResponseJSONValue] successfully performed. With the following test data [title]. @03-03-2022 02:12:16.0853 AM
[ReportManager] API Action [GetResponseJSONValue] successfully performed. With the following test data [title]. @03-03-2022 02:12:16.0904 AM
[ReportManager] API Action [GetResponseJSONValue] successfully performed. With the following test data [title]. @03-03-2022 02:12:16.0929 AM
[ReportManager] API Action [GetResponseJSONValue] successfully performed. With the following test data [title]. @03-03-2022 02:12:16.0968 AM
[ReportManager] API Action [GetResponseJSONValue] successfully performed. With the following test data [title]. @03-03-2022 02:12:16.0990 AM
[ReportManager] API Action [GetResponseJSONValue] successfully performed. With the following test data [title]. @03-03-2022 02:12:17.0054 AM
[ReportManager] API Action [GetResponseJSONValue] successfully performed. With the following test data [title]. @03-03-2022 02:12:17.0082 AM
[ReportManager] API Action [GetResponseJSONValue] successfully performed. With the following test data [title]. @03-03-2022 02:12:17.0119 AM
[ReportManager] API Action [GetResponseJSONValue] successfully performed. With the following test data [title]. @03-03-2022 02:12:17.0139 AM
[ReportManager] API Action [GetResponseJSONValue] successfully performed. With the following test data [title]. @03-03-2022 02:12:17.0160 AM
[ReportManager] API Action [GetResponseJSONValue] successfully performed. With the following test data [title]. @03-03-2022 02:12:17.0200 AM
[ReportManager] API Action [GetResponseJSONValue] successfully performed. With the following test data [title]. @03-03-2022 02:12:17.0229 A

################################################################################################################################################
Starting Execution:	[68 out of 165] test cases in the current suite
Test Method:		[unitTests.tests_restActions.validateUserEmail]
################################################################################################################################################
[ReportManager] Response status code: [200], status line: [HTTP/1.1 200 OK] @03-03-2022 02:12:17.0489 AM
[ReportManager] Assertion Passed: Evaluating the actual response status code against the expected one... @03-03-2022 02:12:17.0489 AM
[ReportManager] Assertion [ValidateComparativeRelation] PASSED. Expected [200] and Actual [200]. Comparison Type [EQUALS]. Validation Type [POSITIVE]. @03-03-2022 02:12:17.0489 AM
[ReportManager] API Action [PerformRequest] successfully performed. With the following test data [Request Type: "GET" | Target Status Code: "200" | Service URL: "https://jsonplaceholder.typicode.com/users" | Content Type: "*/*" | Response Time: "77ms"]. @03-03-2022 02:12:17.0512 AM
[ReportManager] Successfully created attachment [API Request - Specifications] @03-03-2022 02:12:17.0513 AM
[ReportManager] Successfully created attachment [API Response - JSON Body] @03-03-2022 02:12:17.0514 AM
[ReportManager] Assertion [ValidateEquals] PASSED. Expected and Actual values are attached. Comparison Type [CONTAINS]. Validation Type [POSITIVE]. @03-03-2022 02:12:17.0515 AM
[ReportManager] Successfully created attachment [Validation Test Data - Expected Value] @03-03-2022 02:12:17.0515 AM
[ReportManager] Successfully created attachment [Validation Test Data - Actual Value] @03-03-2022 02:12:17.0516 AM
[ReportManager] API Action [GetResponseJSONValueAsList] successfully performed. With the following test data [$]. @03-03-2022 02:12:17.0522 AM
[ReportManager] API Action [GetResponseJSONValue] successfully performed. With the following test data [name]. @03-03-2022 02:12:17.0542 AM
[ReportManager] API Action [GetResponseJSONValue] successfully performed. With the following test data [email]. @03-03-2022 02:12:17.0563 AM
[ReportManager] Assertion [ValidateEquals] PASSED. Expected [Sincere@april.biz] and Actual [Sincere@april.biz]. Comparison Type [EQUALS]. Validation Type [POSITIVE]. @03-03-2022 02:12:17.0563 AM
[ReportManager] API Action [GetResponseJSONValue] successfully performed. With the following test data [name]. @03-03-2022 02:12:17.0583 AM
[ReportManager] API Action [GetResponseJSONValue] successfully performed. With the following test data [name]. @03-03-2022 02:12:17.0726 AM
[ReportManager] API Action [GetResponseJSONValue] successfully performed. With the following test data [name]. @03-03-2022 02:12:17.0739 AM
[ReportManager] API Action [GetResponseJSONValue] successfully performed. With the following test data [name]. @03-03-2022 02:12:17.0766 AM
[ReportManager] API Action [GetResponseJSONValue] successfully performed. With the following test data [name]. @03-03-2022 02:12:17.0801 AM
[ReportManager] API Action [GetResponseJSONValue] successfully performed. With the following test data [name]. @03-03-2022 02:12:17.0825 AM
[ReportManager] API Action [GetResponseJSONValue] successfully performed. With the following test data [name]. @03-03-2022 02:12:17.0977 AM
[ReportManager] API Action [GetResponseJSONValue] successfully performed. With the following test data [name]. @03-03-2022 02:12:17.0991 AM
[ReportManager] API Action [GetResponseJSONValue] successfully performed. With the following test data [name]. @03-03-2022 02:12:18.0007 A
[ReportManager] File Action [GetAbsolutePath] successfully performed. With the following test data [Relative Folder Path: "target/downloadedFiles/"]. @03-03-2022 02:12:18.0242 AM
[ReportManager] Attempting to run locally on: [Mac-64], [Safari], Headless Execution. @03-03-2022 02:12:18.0243 AM
[ReportManager] Successfully Opened Safari. @03-03-2022 02:12:19.0545 AM
[ReportManager] Initial window size: (800, 600) @03-03-2022 02:12:19.0550 AM
[ReportManager] Window size after SWD Maximize: (1176, 803) @03-03-2022 02:12:19.0587 AM
[ReportManager] Browser Action [MaximizeWindow] successfully performed. With the following test data [New screen size is now: (1176, 803)]. @03-03-2022 02:12:19.0587 A

################################################################################################################################################
Starting Execution:	[69 out of 165] test cases in the current suite
Test Method:		[testPackage01.Test_uploadFile.uploadFile_invisibleUploadInput]
################################################################################################################################################
[ReportManager] Target URL: [https://fineuploader.com/demos.html#gallery-view] @03-03-2022 02:12:19.0590 AM
[ReportManager] Initial URL: [] @03-03-2022 02:12:19.0657 AM
[ReportManager] Browser Action [NavigateToURL] successfully performed. With the following test data [https://fineuploader.com/demos.html#gallery-view]. @03-03-2022 02:12:21.0660 AM
[ReportManager] File Action [GetAbsolutePath] successfully performed. With the following test data [Relative File Path: "src/main/resources/images/shaft.png"]. @03-03-2022 02:12:21.0661 AM
[ReportManager] Successfully created attachment [File Action Actual Result - Command Log] @03-03-2022 02:12:21.0661 AM
[ReportManager] Element Action [TypeFileLocationForUpload] successfully performed. With the following test data [/Users/runner/work/SHAFT_ENGINE/SHAFT_ENGINE/src/main/resources/images/shaft.png]. @03-03-2022 02:12:21.0715 AM
[ReportManager] Attempting to getAttribute [src] from elementLocator [By.xpath: //div[@id='fine-uploader-gallery']//div[@class='qq-thumbnail-wrapper']/img]. @03-03-2022 02:12:21.0718 AM
[ReportManager] Element Action [GetAttribute] successfully performed. @03-03-2022 02:12:22.0005 AM
[ReportManager] Successfully created attachment [Element Action Test Data - GetAttribute - Actual Value] @03-03-2022 02:12:22.0006 AM
[ReportManager] Assertion Passed: Then I Assert that the element found by [By.xpath: //div[@id='fine-uploader-gallery']//div[@class='qq-thumbnail-wrapper']/img] attribute [src] contains [data:image/png;base64]. @03-03-2022 02:12:22.0370 AM
[ReportManager] Successfully created attachment [Validation Test Data - Expected Value] @03-03-2022 02:12:22.0372 AM
[ReportManager] Successfully created attachment [Validation Test Data - Actual Value] @03-03-2022 02:12:22.0372 AM
[ReportManager] Successfully created attachment [Screenshot - 1646273542117_uploadFile_invisibleUploadInput_ValidateElementAttribute_passed] @03-03-2022 02:12:22.0379 AM
[ReportManager] Assertion [ValidateElementAttribute] PASSED. Expected and Actual values are attached. Comparison Type [CONTAINS]. Validation Type [POSITIVE]. @03-03-2022 02:12:22.0379 A
[ReportManager] Browser Action [CloseCurrentWindow] successfully performed. @03-03-2022 02:12:22.0932 AM
[ReportManager] Successfully created attachment [Browser Action Test Data - CloseCurrentWindow - Actual Value] @03-03-2022 02:12:22.0933 A
[ReportManager] File Action [GetAbsolutePath] successfully performed. With the following test data [Relative Folder Path: "target/downloadedFiles/"]. @03-03-2022 02:12:22.0937 AM
[ReportManager] Attempting to run locally on: [Mac-64], [Safari], Headless Execution. @03-03-2022 02:12:22.0937 AM
[ReportManager] Successfully Opened Safari. @03-03-2022 02:12:23.0956 AM
[ReportManager] Initial window size: (800, 600) @03-03-2022 02:12:23.0989 AM
[ReportManager] Window size after SWD Maximize: (1176, 803) @03-03-2022 02:12:24.0018 AM
[ReportManager] Browser Action [MaximizeWindow] successfully performed. With the following test data [New screen size is now: (1176, 803)]. @03-03-2022 02:12:24.0019 A

################################################################################################################################################
Starting Execution:	[70 out of 165] test cases in the current suite
Test Method:		[testPackage01.Test_uploadFile.uploadFile_visibleUploadInput]
################################################################################################################################################
[ReportManager] Target URL: [https://demo.guru99.com/test/upload/] @03-03-2022 02:12:24.0022 AM
[ReportManager] Initial URL: [] @03-03-2022 02:12:24.0083 AM
[ReportManager] Browser Action [NavigateToURL] successfully performed. With the following test data [https://demo.guru99.com/test/upload/]. @03-03-2022 02:12:26.0739 AM
[ReportManager] File Action [GetAbsolutePath] successfully performed. With the following test data [Relative Folder Path: "src/main/resources/images/shaft.png"]. @03-03-2022 02:12:26.0739 AM
[ReportManager] Element Action [TypeFileLocationForUpload] successfully performed. With the following test data [/Users/runner/work/SHAFT_ENGINE/SHAFT_ENGINE/src/main/resources/images/shaft.png]. @03-03-2022 02:12:28.0103 AM
[ReportManager] Element Action [Click] successfully performed. With the following test data [By.id: terms]. @03-03-2022 02:12:28.0944 AM
[ReportManager] Element Action [Click] successfully performed. With the following test data [By.id: submitbutton]. @03-03-2022 02:12:29.0223 AM
[ReportManager] Element Action [GetText] successfully performed. With the following test data [1 file has been successfully uploaded.]. @03-03-2022 02:12:30.0015 AM
[ReportManager] Assertion Passed: Then I Assert that the element found by [By.id: res] attribute [Text] contains [1 file]. @03-03-2022 02:12:30.0288 AM
[ReportManager] Successfully created attachment [Screenshot - 1646273550222_uploadFile_visibleUploadInput_ValidateElementAttribute_passed] @03-03-2022 02:12:30.0290 AM
[ReportManager] Assertion [ValidateElementAttribute] PASSED. Expected [Value Should be '1 file' for the 'Text' attribute, element locator 'By.id: res'] and Actual [1 file has been successfully uploaded.]. Comparison Type [CONTAINS]. Validation Type [POSITIVE]. @03-03-2022 02:12:30.0290 A
[ReportManager] Browser Action [CloseCurrentWindow] successfully performed. @03-03-2022 02:12:30.0743 AM
[ReportManager] Successfully created attachment [Browser Action Test Data - CloseCurrentWindow - Actual Value] @03-03-2022 02:12:30.0744 A

################################################################################################################################################
Starting Execution:	[71 out of 165] test cases in the current suite
Test Method:		[testPackage01.Test_AssertApiResponseEquals.assertApiResponseEquals_expectedToPass]
################################################################################################################################################
[ReportManager] Response status code: [200], status line: [HTTP/1.1 200 OK] @03-03-2022 02:12:30.0867 AM
[ReportManager] Assertion Passed: Evaluating the actual response status code against the expected one... @03-03-2022 02:12:30.0867 AM
[ReportManager] Assertion [ValidateComparativeRelation] PASSED. Expected [200] and Actual [200]. Comparison Type [EQUALS]. Validation Type [POSITIVE]. @03-03-2022 02:12:30.0867 AM
[ReportManager] API Action [PerformRequest] successfully performed. With the following test data [Request Type: "GET" | Target Status Code: "200" | Service URL: "https://jsonplaceholder.typicode.com/users" | Content Type: "*/*" | Response Time: "113ms"]. @03-03-2022 02:12:30.0893 AM
[ReportManager] Successfully created attachment [API Request - Specifications] @03-03-2022 02:12:30.0894 AM
[ReportManager] Successfully created attachment [API Response - JSON Body] @03-03-2022 02:12:30.0895 AM
[ReportManager] API Action [GetResponseJSONValueAsList] successfully performed. With the following test data [$]. @03-03-2022 02:12:30.0907 AM
[ReportManager] API Action [GetResponseJSONValue] successfully performed. With the following test data [name]. @03-03-2022 02:12:31.0011 AM
[ReportManager] API Action [GetResponseJSONValue] successfully performed. With the following test data [email]. @03-03-2022 02:12:31.0060 AM
[ReportManager] Verification [ValidateEquals] PASSED. Expected [Sincere@april.biz] and Actual [Sincere@april.biz]. Comparison Type [EQUALS]. Validation Type [POSITIVE]. @03-03-2022 02:12:31.0060 AM
[ReportManager] API Action [GetResponseJSONValue] successfully performed. With the following test data [username]. @03-03-2022 02:12:31.0083 AM
[ReportManager] Assertion [ValidateEquals] PASSED. Expected [Bret] and Actual [Bret]. Comparison Type [EQUALS]. Validation Type [POSITIVE]. @03-03-2022 02:12:31.0084 AM
[ReportManager] API Action [GetResponseJSONValue] successfully performed. With the following test data [name]. @03-03-2022 02:12:31.0105 AM
[ReportManager] API Action [GetResponseJSONValue] successfully performed. With the following test data [name]. @03-03-2022 02:12:31.0137 AM
[ReportManager] API Action [GetResponseJSONValue] successfully performed. With the following test data [name]. @03-03-2022 02:12:31.0161 AM
[ReportManager] API Action [GetResponseJSONValue] successfully performed. With the following test data [name]. @03-03-2022 02:12:31.0189 AM
[ReportManager] API Action [GetResponseJSONValue] successfully performed. With the following test data [name]. @03-03-2022 02:12:31.0244 AM
[ReportManager] API Action [GetResponseJSONValue] successfully performed. With the following test data [name]. @03-03-2022 02:12:31.0388 AM
[ReportManager] API Action [GetResponseJSONValue] successfully performed. With the following test data [name]. @03-03-2022 02:12:31.0404 AM
[ReportManager] API Action [GetResponseJSONValue] successfully performed. With the following test data [name]. @03-03-2022 02:12:31.0429 AM
[ReportManager] API Action [GetResponseJSONValue] successfully performed. With the following test data [name]. @03-03-2022 02:12:31.0480 A
[ReportManager] File Action [GetAbsolutePath] successfully performed. With the following test data [Relative Folder Path: "target/downloadedFiles/"]. @03-03-2022 02:12:31.0483 AM
[ReportManager] Attempting to run locally on: [Mac-64], [Safari], Headless Execution. @03-03-2022 02:12:31.0484 AM
[ReportManager] Successfully Opened Safari. @03-03-2022 02:12:32.0538 AM
[ReportManager] Initial window size: (800, 600) @03-03-2022 02:12:32.0580 AM
[ReportManager] Window size after SWD Maximize: (1176, 803) @03-03-2022 02:12:32.0619 AM
[ReportManager] Browser Action [MaximizeWindow] successfully performed. With the following test data [New screen size is now: (1176, 803)]. @03-03-2022 02:12:32.0620 AM
[ReportManager] Target URL: [http://the-internet.herokuapp.com/javascript_alerts] @03-03-2022 02:12:32.0620 AM
[ReportManager] Initial URL: [] @03-03-2022 02:12:32.0669 AM
[ReportManager] Browser Action [NavigateToURL] successfully performed. With the following test data [http://the-internet.herokuapp.com/javascript_alerts]. @03-03-2022 02:12:33.0470 A

################################################################################################################################################
Starting Execution:	[72 out of 165] test cases in the current suite
Test Method:		[testPackage01.TestJSPromptBox.dismissAlert]
################################################################################################################################################
[ReportManager] Element Action [Click] successfully performed. With the following test data [By.xpath: //button[contains(text(),'Click for JS Prompt')]]. @03-03-2022 02:12:33.0796 AM
[ReportManager] Alert is present @03-03-2022 02:12:33.0812 AM
[ReportManager] Element Action [DismissAlert] successfully performed. @03-03-2022 02:12:33.0827 A

################################################################################################################################################
Starting Execution:	[73 out of 165] test cases in the current suite
Test Method:		[testPackage01.TestJSPromptBox.assertOnCancelAlertResultText]
################################################################################################################################################
[ReportManager] Element Action [GetText] successfully performed. With the following test data [You entered: null]. @03-03-2022 02:12:33.0909 AM
[ReportManager] Assertion Passed: Then I Assert that the element found by [By.id: result] attribute [TEXT] is equal to [You entered: null]. @03-03-2022 02:12:34.0088 AM
[ReportManager] Successfully created attachment [Screenshot - 1646273554013_assertOnCancelAlertResultText_ValidateElementAttribute_passed] @03-03-2022 02:12:34.0090 AM
[ReportManager] Assertion [ValidateElementAttribute] PASSED. Expected [Value Should be 'You entered: null' for the 'text' attribute, element locator 'By.id: result'] and Actual [You entered: null]. Comparison Type [EQUALS]. Validation Type [POSITIVE]. @03-03-2022 02:12:34.0090 A

################################################################################################################################################
Starting Execution:	[74 out of 165] test cases in the current suite
Test Method:		[testPackage01.TestJSPromptBox.getAlertText]
################################################################################################################################################
[ReportManager] Element Action [Click] successfully performed. With the following test data [By.xpath: //button[contains(text(),'Click for JS Prompt')]]. @03-03-2022 02:12:34.0533 AM
[ReportManager] Alert is present @03-03-2022 02:12:34.0655 AM
[ReportManager] Alert Text is: [I am a JS prompt] @03-03-2022 02:12:34.0684 AM
[ReportManager] Element Action [GetAlertText] successfully performed. @03-03-2022 02:12:34.0685 AM
[ReportManager] Alert text is: [I am a JS prompt] @03-03-2022 02:12:34.0685 AM
[ReportManager] Alert is present @03-03-2022 02:12:34.0696 AM
[ReportManager] Alert Text is: [I am a JS prompt] @03-03-2022 02:12:34.0701 AM
[ReportManager] Element Action [GetAlertText] successfully performed. @03-03-2022 02:12:34.0702 AM
[ReportManager] Assertion Passed: Then I Assert that [I am a JS prompt] is equal to [I am a JS prompt]. @03-03-2022 02:12:34.0702 AM
[ReportManager] Assertion [ValidateEquals] PASSED. Expected [I am a JS prompt] and Actual [I am a JS prompt]. Comparison Type [EQUALS]. Validation Type [POSITIVE]. @03-03-2022 02:12:34.0702 A

################################################################################################################################################
Starting Execution:	[75 out of 165] test cases in the current suite
Test Method:		[testPackage01.TestJSPromptBox.acceptPromptAlertWithoutTypingTextMessage]
################################################################################################################################################
[ReportManager] Alert is not present @03-03-2022 02:13:05.0003 AM
[ReportManager] Element Action [WaitForAlertToBePresent] failed. @03-03-2022 02:13:05.0105 AM
[ReportManager] Successfully created attachment [Screenshot - 1646273585028_acceptPromptAlertWithoutTypingTextMessage_WaitForAlertToBePresent_failed] @03-03-2022 02:13:05.0106 A

################################################################################################################################################
Starting Execution:	[76 out of 165] test cases in the current suite
Test Method:		[testPackage01.TestJSPromptBox.assertOnConfirmPromptAlertWithoutTypingTextMessageResultText]
###############################################################################################################################################

################################################################################################################################################
Starting Execution:	[77 out of 165] test cases in the current suite
Test Method:		[testPackage01.TestJSPromptBox.acceptPromptAlertWithTextMessage]
###############################################################################################################################################

################################################################################################################################################
Starting Execution:	[78 out of 165] test cases in the current suite
Test Method:		[testPackage01.TestJSPromptBox.assertOnConfirmPromptAlertWithTextMessageResultText]
###############################################################################################################################################
[ReportManager] Browser Action [CloseCurrentWindow] successfully performed. @03-03-2022 02:13:05.0540 AM
[ReportManager] Successfully created attachment [Browser Action Test Data - CloseCurrentWindow - Actual Value] @03-03-2022 02:13:05.0540 A

################################################################################################################################################
Starting Execution:	[79 out of 165] test cases in the current suite
Test Method:		[testPackage01.Test_testData.f]
################################################################################################################################################
[ReportManager] Successfully loaded the following test data file [src/test/resources/testDataFiles/testSuite01/TestData.xlsx]. @03-03-2022 02:13:05.0580 AM
[ReportManager] Successfully created attachment [Test Data - Excel] @03-03-2022 02:13:05.0581 AM
[ReportManager] Last Column Number is: [3]. Zero-based. @03-03-2022 02:13:05.0582 A

################################################################################################################################################
Starting Execution:	[80 out of 165] test cases in the current suite
Test Method:		[testPackage01.Test_PDF.testPDF1]
################################################################################################################################################
[ReportManager] File Action [DoesFileExist] successfully performed. With the following test data [File Path: "src/test/resources/testDataFiles/sample.pdf"]. @03-03-2022 02:13:05.0589 AM
[ReportManager] File Action [GetAbsolutePath] successfully performed. With the following test data [Relative Folder Path: "src/test/resources/testDataFiles/sample.pdf"]. @03-03-2022 02:13:05.0590 AM
[ReportManager] Assertion Passed: Checking to see that the pdf file contains [A Simple PDF File] @03-03-2022 02:13:10.0883 AM
[ReportManager] Successfully created attachment [Validation Test Data - Expected Value] @03-03-2022 02:13:10.0883 AM
[ReportManager] Successfully created attachment [Validation Test Data - Actual Value] @03-03-2022 02:13:10.0884 AM
[ReportManager] Assertion [ValidateEquals] PASSED. Expected and Actual values are attached. Comparison Type [CONTAINS]. Validation Type [POSITIVE]. @03-03-2022 02:13:10.0884 A

################################################################################################################################################
Starting Execution:	[81 out of 165] test cases in the current suite
Test Method:		[testPackage01.Test_PDF.testPDF2]
################################################################################################################################################
[ReportManager] File Action [DoesFileExist] successfully performed. With the following test data [File Path: "src/test/resources/testDataFiles/sample.pdf"]. @03-03-2022 02:13:10.0891 AM
[ReportManager] File Action [GetAbsolutePath] successfully performed. With the following test data [Relative Folder Path: "src/test/resources/testDataFiles/sample.pdf"]. @03-03-2022 02:13:10.0891 AM
[ReportManager] Assertion Passed: Checking to see that the pdf file contains [A Simple PDF File] @03-03-2022 02:13:10.0908 AM
[ReportManager] Successfully created attachment [Validation Test Data - Expected Value] @03-03-2022 02:13:10.0909 AM
[ReportManager] Successfully created attachment [Validation Test Data - Actual Value] @03-03-2022 02:13:10.0910 AM
[ReportManager] Assertion [ValidateEquals] PASSED. Expected and Actual values are attached. Comparison Type [CONTAINS]. Validation Type [POSITIVE]. @03-03-2022 02:13:10.0910 A
[ReportManager] File Action [GetAbsolutePath] successfully performed. With the following test data [Relative Folder Path: "target/downloadedFiles/"]. @03-03-2022 02:13:10.0913 AM
[ReportManager] Attempting to run locally on: [Mac-64], [Safari], Headless Execution. @03-03-2022 02:13:10.0914 AM
[ReportManager] Successfully Opened Safari. @03-03-2022 02:13:12.0650 AM
[ReportManager] Initial window size: (800, 600) @03-03-2022 02:13:12.0687 AM
[ReportManager] Window size after SWD Maximize: (1176, 803) @03-03-2022 02:13:12.0719 AM
[ReportManager] Browser Action [MaximizeWindow] successfully performed. With the following test data [New screen size is now: (1176, 803)]. @03-03-2022 02:13:12.0720 A

################################################################################################################################################
Starting Execution:	[82 out of 165] test cases in the current suite
Test Method:		[testPackage01.Test_ShadowDOM.shadowdom]
################################################################################################################################################
[ReportManager] Target URL: [https://mdn.github.io/web-components-examples/popup-info-box-web-component/] @03-03-2022 02:13:12.0723 AM
[ReportManager] Initial URL: [] @03-03-2022 02:13:12.0771 AM
[ReportManager] Browser Action [NavigateToURL] successfully performed. With the following test data [https://mdn.github.io/web-components-examples/popup-info-box-web-component/]. @03-03-2022 02:13:13.0192 AM
[ReportManager] Element Action [Type] successfully performed. With the following test data [Typing into SHADOW DOM...]. @03-03-2022 02:13:13.0669 AM
[ReportManager] Element Action [GetText] successfully performed. With the following test data [Typing into SHADOW DOM...]. @03-03-2022 02:13:13.0783 AM
[ReportManager] Assertion [ValidateElementAttribute] PASSED. Expected [Value Should be 'Typing into SHADOW DOM...' for the 'Text' attribute, element locator 'By.id: cvc'] and Actual [Typing into SHADOW DOM...]. Comparison Type [EQUALS]. Validation Type [POSITIVE]. @03-03-2022 02:13:13.0983 AM
[ReportManager] Successfully created attachment [Screenshot - 1646273593905_shadowdom_ValidateElementAttribute_passed] @03-03-2022 02:13:13.0984 A
[ReportManager] Browser Action [CloseCurrentWindow] successfully performed. @03-03-2022 02:13:14.0386 AM
[ReportManager] Successfully created attachment [Browser Action Test Data - CloseCurrentWindow - Actual Value] @03-03-2022 02:13:14.0386 A
[ReportManager] File Action [GetAbsolutePath] successfully performed. With the following test data [Relative Folder Path: "target/downloadedFiles/"]. @03-03-2022 02:13:14.0389 AM
[ReportManager] Attempting to run locally on: [Mac-64], [Safari], Headless Execution. @03-03-2022 02:13:14.0389 AM
[ReportManager] Successfully Opened Safari. @03-03-2022 02:13:15.0254 AM
[ReportManager] Initial window size: (800, 600) @03-03-2022 02:13:15.0279 AM
[ReportManager] Window size after SWD Maximize: (1176, 803) @03-03-2022 02:13:15.0294 AM
[ReportManager] Browser Action [MaximizeWindow] successfully performed. With the following test data [New screen size is now: (1176, 803)]. @03-03-2022 02:13:15.0294 A

################################################################################################################################################
Starting Execution:	[83 out of 165] test cases in the current suite
Test Method:		[testPackage01.Test_clipboardActions.typeTextAndCopyPaste]
################################################################################################################################################
[ReportManager] Target URL: [https://www.google.com/ncr], and after redirection: [https://www.google.com] @03-03-2022 02:13:15.0298 AM
[ReportManager] Initial URL: [] @03-03-2022 02:13:15.0365 AM
[ReportManager] Browser Action [NavigateToURL] successfully performed. With the following test data [https://www.google.com/ncr]. @03-03-2022 02:13:16.0995 AM
[ReportManager] Element Action [Type] successfully performed. With the following test data [FIRST]. @03-03-2022 02:13:17.0412 A
[ReportManager] Browser Action [CloseCurrentWindow] successfully performed. @03-03-2022 02:13:17.0884 AM
[ReportManager] Successfully created attachment [Browser Action Test Data - CloseCurrentWindow - Actual Value] @03-03-2022 02:13:17.0886 A
[ReportManager] File Action [GetAbsolutePath] successfully performed. With the following test data [Relative Folder Path: "target/downloadedFiles/"]. @03-03-2022 02:13:17.0888 AM
[ReportManager] Attempting to run locally on: [Mac-64], [Safari], Headless Execution. @03-03-2022 02:13:17.0889 AM
[ReportManager] Successfully Opened Safari. @03-03-2022 02:13:18.0722 AM
[ReportManager] Initial window size: (800, 600) @03-03-2022 02:13:18.0747 AM
[ReportManager] Window size after SWD Maximize: (1176, 803) @03-03-2022 02:13:18.0762 AM
[ReportManager] Browser Action [MaximizeWindow] successfully performed. With the following test data [New screen size is now: (1176, 803)]. @03-03-2022 02:13:18.0763 AM
[ReportManager] Target URL: [http://the-internet.herokuapp.com/javascript_alerts] @03-03-2022 02:13:18.0763 AM
[ReportManager] Initial URL: [] @03-03-2022 02:13:18.0823 AM
[ReportManager] Browser Action [NavigateToURL] successfully performed. With the following test data [http://the-internet.herokuapp.com/javascript_alerts]. @03-03-2022 02:13:19.0494 A

################################################################################################################################################
Starting Execution:	[84 out of 165] test cases in the current suite
Test Method:		[testPackage01.TestJSAlertBox.getJSAlertText]
################################################################################################################################################
[ReportManager] Element Action [Click] successfully performed. With the following test data [By.xpath: //button[contains(text(),'Click for JS Alert')]]. @03-03-2022 02:13:19.0795 AM
[ReportManager] Alert is present @03-03-2022 02:13:19.0812 AM
[ReportManager] Alert Text is: [I am a JS Alert] @03-03-2022 02:13:19.0822 AM
[ReportManager] Element Action [GetAlertText] successfully performed. @03-03-2022 02:13:19.0823 AM
[ReportManager] Alert text is: [I am a JS Alert] @03-03-2022 02:13:19.0824 AM
[ReportManager] Alert is present @03-03-2022 02:13:19.0831 AM
[ReportManager] Alert Text is: [I am a JS Alert] @03-03-2022 02:13:19.0839 AM
[ReportManager] Element Action [GetAlertText] successfully performed. @03-03-2022 02:13:19.0839 AM
[ReportManager] Assertion Passed: Then I Assert that [I am a JS Alert] is equal to [I am a JS Alert]. @03-03-2022 02:13:19.0839 AM
[ReportManager] Assertion [ValidateEquals] PASSED. Expected [I am a JS Alert] and Actual [I am a JS Alert]. Comparison Type [EQUALS]. Validation Type [POSITIVE]. @03-03-2022 02:13:19.0839 A

################################################################################################################################################
Starting Execution:	[85 out of 165] test cases in the current suite
Test Method:		[testPackage01.TestJSAlertBox.acceptAlert]
################################################################################################################################################
[ReportManager] Alert is not present @03-03-2022 02:13:50.0109 AM
[ReportManager] Element Action [WaitForAlertToBePresent] failed. @03-03-2022 02:13:50.0229 AM
[ReportManager] Successfully created attachment [Screenshot - 1646273630133_acceptAlert_WaitForAlertToBePresent_failed] @03-03-2022 02:13:50.0230 A

################################################################################################################################################
Starting Execution:	[86 out of 165] test cases in the current suite
Test Method:		[testPackage01.TestJSAlertBox.assertOnConfirmAlertResultText]
###############################################################################################################################################
[ReportManager] Browser Action [CloseCurrentWindow] successfully performed. @03-03-2022 02:13:50.0616 AM
[ReportManager] Successfully created attachment [Browser Action Test Data - CloseCurrentWindow - Actual Value] @03-03-2022 02:13:50.0616 A

################################################################################################################################################
Starting Execution:	[87 out of 165] test cases in the current suite
Test Method:		[testPackage01.Test_checkJDKShellFilesGenerated.testJDKGeneratedSuccessfully]
################################################################################################################################################
[ReportManager] Configuring JDK @03-03-2022 02:13:50.0620 AM
[ReportManager] File Action [GetAbsolutePath] successfully performed. With the following test data [Relative File Path: "generateJdkMac.sh"]. @03-03-2022 02:13:50.0620 AM
[ReportManager] File Action [WriteToFile] successfully performed. With the following test data [Target File Path: "/Users/runner/work/SHAFT_ENGINE/SHAFT_ENGINE/generateJdkMac.sh"]. @03-03-2022 02:13:50.0622 AM
[ReportManager] Attempting to perform the following command locally. Command: [chmod u+x generateJdk.sh] @03-03-2022 02:13:50.0622 AM
[ReportManager] Terminal Action [PerformTerminalCommands] successfully performed. With the following test data [Host Name: "localHost" | Command: "chmod u+x generateJdk.sh" | Exit Status: "1"]. @03-03-2022 02:13:50.0789 AM
[ReportManager] Successfully created attachment [Terminal Action Actual Result - Command Log] @03-03-2022 02:13:50.0789 AM
[ReportManager] Assertion Passed: Then I Assert that [[#!/bin/bash, export JAVA_HOME=$(/usr/libexec/java_home), export PATH=$JAVA_HOME/bin:$PATH, source ~/.zshenv, echo $JAVA_HOME, echo $PATH, exec bash]] contains [JAVA_HOME=$(/usr/libexec/java_home)]. @03-03-2022 02:13:50.0790 AM
[ReportManager] Assertion [ValidateEquals] PASSED. Expected [JAVA_HOME=$(/usr/libexec/java_home)] and Actual [[#!/bin/bash, export JAVA_HOME=$(/usr/libexec/java_home), export PATH=$JAVA_HOME/bin:$PATH, source ~/.zshenv, echo $JAVA_HOME, echo $PATH, exec bash]]. Comparison Type [CONTAINS]. Validation Type [POSITIVE]. @03-03-2022 02:13:50.0790 A
[ReportManager] File Action [GetAbsolutePath] successfully performed. With the following test data [Relative Folder Path: "target/downloadedFiles/"]. @03-03-2022 02:13:50.0792 AM
[ReportManager] Attempting to run locally on: [Mac-64], [Safari], Headless Execution. @03-03-2022 02:13:50.0793 AM
[ReportManager] Successfully Opened Safari. @03-03-2022 02:13:52.0028 AM
[ReportManager] Initial window size: (800, 600) @03-03-2022 02:13:52.0078 AM
[ReportManager] Window size after SWD Maximize: (1176, 803) @03-03-2022 02:13:52.0118 AM
[ReportManager] Browser Action [MaximizeWindow] successfully performed. With the following test data [New screen size is now: (1176, 803)]. @03-03-2022 02:13:52.0119 AM
[ReportManager] Target URL: [http://the-internet.herokuapp.com/javascript_alerts] @03-03-2022 02:13:52.0119 AM
[ReportManager] Initial URL: [] @03-03-2022 02:13:52.0190 AM
[ReportManager] Browser Action [NavigateToURL] successfully performed. With the following test data [http://the-internet.herokuapp.com/javascript_alerts]. @03-03-2022 02:13:52.0718 A

################################################################################################################################################
Starting Execution:	[88 out of 165] test cases in the current suite
Test Method:		[testPackage01.TestJSConfirmBox.dismissAlert]
################################################################################################################################################
[ReportManager] Element Action [Click] successfully performed. With the following test data [By.xpath: //button[contains(text(),'Click for JS Confirm')]]. @03-03-2022 02:13:52.0981 AM
[ReportManager] Alert is present @03-03-2022 02:13:52.0987 AM
[ReportManager] Element Action [DismissAlert] successfully performed. @03-03-2022 02:13:52.0994 A

################################################################################################################################################
Starting Execution:	[89 out of 165] test cases in the current suite
Test Method:		[testPackage01.TestJSConfirmBox.assertOnCancelAlertResultText]
################################################################################################################################################
[ReportManager] Element Action [GetText] successfully performed. With the following test data [You clicked: Cancel]. @03-03-2022 02:13:53.0053 AM
[ReportManager] Assertion Passed: Then I Assert that the element found by [By.id: result] attribute [TEXT] is equal to [You clicked: Cancel]. @03-03-2022 02:13:53.0247 AM
[ReportManager] Successfully created attachment [Screenshot - 1646273633168_assertOnCancelAlertResultText_ValidateElementAttribute_passed] @03-03-2022 02:13:53.0249 AM
[ReportManager] Assertion [ValidateElementAttribute] PASSED. Expected [Value Should be 'You clicked: Cancel' for the 'text' attribute, element locator 'By.id: result'] and Actual [You clicked: Cancel]. Comparison Type [EQUALS]. Validation Type [POSITIVE]. @03-03-2022 02:13:53.0249 A

################################################################################################################################################
Starting Execution:	[90 out of 165] test cases in the current suite
Test Method:		[testPackage01.TestJSConfirmBox.getAlertText]
################################################################################################################################################
[ReportManager] Element Action [Click] successfully performed. With the following test data [By.xpath: //button[contains(text(),'Click for JS Confirm')]]. @03-03-2022 02:13:53.0441 AM
[ReportManager] Alert is present @03-03-2022 02:13:53.0449 AM
[ReportManager] Alert Text is: [I am a JS Confirm] @03-03-2022 02:13:53.0465 AM
[ReportManager] Element Action [GetAlertText] successfully performed. @03-03-2022 02:13:53.0466 AM
[ReportManager] Alert text is: [I am a JS Confirm] @03-03-2022 02:13:53.0466 AM
[ReportManager] Alert is present @03-03-2022 02:13:53.0507 AM
[ReportManager] Alert Text is: [I am a JS Confirm] @03-03-2022 02:13:53.0537 AM
[ReportManager] Element Action [GetAlertText] successfully performed. @03-03-2022 02:13:53.0538 AM
[ReportManager] Assertion Passed: Then I Assert that [I am a JS Confirm] is equal to [I am a JS Confirm]. @03-03-2022 02:13:53.0538 AM
[ReportManager] Assertion [ValidateEquals] PASSED. Expected [I am a JS Confirm] and Actual [I am a JS Confirm]. Comparison Type [EQUALS]. Validation Type [POSITIVE]. @03-03-2022 02:13:53.0538 A

################################################################################################################################################
Starting Execution:	[91 out of 165] test cases in the current suite
Test Method:		[testPackage01.TestJSConfirmBox.acceptAlert]
################################################################################################################################################
[ReportManager] Alert is not present @03-03-2022 02:14:23.0661 AM
[ReportManager] Element Action [WaitForAlertToBePresent] failed. @03-03-2022 02:14:23.0782 AM
[ReportManager] Successfully created attachment [Screenshot - 1646273663688_acceptAlert_WaitForAlertToBePresent_failed] @03-03-2022 02:14:23.0783 A

################################################################################################################################################
Starting Execution:	[92 out of 165] test cases in the current suite
Test Method:		[testPackage01.TestJSConfirmBox.assertOnConfirmAlertResultText]
###############################################################################################################################################
[ReportManager] Browser Action [CloseCurrentWindow] successfully performed. @03-03-2022 02:14:24.0355 AM
[ReportManager] Successfully created attachment [Browser Action Test Data - CloseCurrentWindow - Actual Value] @03-03-2022 02:14:24.0356 A

################################################################################################################################################
Starting Execution:	[93 out of 165] test cases in the current suite
Test Method:		[testPackage01.Test_NewValidationHelper.f1]
################################################################################################################################################
[ReportManager] Assertion Passed: Checking valid user data @03-03-2022 02:14:24.0360 AM
[ReportManager] Successfully created attachment [Validation Test Data - Expected Value] @03-03-2022 02:14:24.0360 AM
[ReportManager] Successfully created attachment [Validation Test Data - Actual Value] @03-03-2022 02:14:24.0361 AM
[ReportManager] Assertion [ValidateEquals] PASSED. Expected and Actual values are attached. Comparison Type [EQUALS]. Validation Type [POSITIVE]. @03-03-2022 02:14:24.0361 A
[ReportManager] File Action [GetAbsolutePath] successfully performed. With the following test data [Relative Folder Path: "target/downloadedFiles/"]. @03-03-2022 02:14:24.0365 AM
[ReportManager] Attempting to run locally on: [Mac-64], [Safari], Headless Execution. @03-03-2022 02:14:24.0365 AM
[ReportManager] An Exception Occured with this Message: Could not start a new session. Possible causes are invalid address of the remote server or browser start-up failure.. @03-03-2022 02:14:24.0974 AM
[ReportManager] Successfully created attachment [Exception Stack Trace - org.openqa.selenium.SessionNotCreatedException] @03-03-2022 02:14:24.0975 AM
[ReportManager] Driver Factory Action [createNewLocalDriverInstanceForSafari] failed. With the following test data [Failed to create a session on DESKTOP_SAFARI]. @03-03-2022 02:14:24.0975 A

################################################################################################################################################
Starting Execution:	[94 out of 165] test cases in the current suite
Test Method:		[testPackage01.Test_NewValidationHelper.f10]
###############################################################################################################################################



################################################################################################################################################
Starting Execution:	[95 out of 165] test cases in the current suite
Test Method:		[testPackage01.Test_NewValidationHelper.f11]
###############################################################################################################################################



################################################################################################################################################
Starting Execution:	[96 out of 165] test cases in the current suite
Test Method:		[testPackage01.Test_NewValidationHelper.f12]
###############################################################################################################################################



################################################################################################################################################
Starting Execution:	[97 out of 165] test cases in the current suite
Test Method:		[testPackage01.Test_NewValidationHelper.f13]
###############################################################################################################################################



################################################################################################################################################
Starting Execution:	[98 out of 165] test cases in the current suite
Test Method:		[testPackage01.Test_NewValidationHelper.f14]
###############################################################################################################################################



################################################################################################################################################
Starting Execution:	[99 out of 165] test cases in the current suite
Test Method:		[testPackage01.Test_NewValidationHelper.f15]
###############################################################################################################################################



################################################################################################################################################
Starting Execution:	[100 out of 165] test cases in the current suite
Test Method:		[testPackage01.Test_NewValidationHelper.f16]
###############################################################################################################################################



################################################################################################################################################
Starting Execution:	[101 out of 165] test cases in the current suite
Test Method:		[testPackage01.Test_NewValidationHelper.f17]
###############################################################################################################################################



################################################################################################################################################
Starting Execution:	[102 out of 165] test cases in the current suite
Test Method:		[testPackage01.Test_NewValidationHelper.f18]
###############################################################################################################################################


################################################################################################################################################
Starting Execution:	[103 out of 165] test cases in the current suite
Test Method:		[testPackage01.Test_NewValidationHelper.f2]
###############################################################################################################################################


################################################################################################################################################
Starting Execution:	[104 out of 165] test cases in the current suite
Test Method:		[testPackage01.Test_NewValidationHelper.f20]
###############################################################################################################################################



################################################################################################################################################
Starting Execution:	[105 out of 165] test cases in the current suite
Test Method:		[testPackage01.Test_NewValidationHelper.f21]
###############################################################################################################################################



################################################################################################################################################
Starting Execution:	[106 out of 165] test cases in the current suite
Test Method:		[testPackage01.Test_NewValidationHelper.f22]
###############################################################################################################################################


################################################################################################################################################
Starting Execution:	[107 out of 165] test cases in the current suite
Test Method:		[testPackage01.Test_NewValidationHelper.f23]
###############################################################################################################################################

################################################################################################################################################
Starting Execution:	[108 out of 165] test cases in the current suite
Test Method:		[testPackage01.Test_NewValidationHelper.f24]
###############################################################################################################################################

################################################################################################################################################
Starting Execution:	[109 out of 165] test cases in the current suite
Test Method:		[testPackage01.Test_NewValidationHelper.f25]
###############################################################################################################################################

################################################################################################################################################
Starting Execution:	[110 out of 165] test cases in the current suite
Test Method:		[testPackage01.Test_NewValidationHelper.f26]
###############################################################################################################################################

################################################################################################################################################
Starting Execution:	[111 out of 165] test cases in the current suite
Test Method:		[testPackage01.Test_NewValidationHelper.f27]
###############################################################################################################################################

################################################################################################################################################
Starting Execution:	[112 out of 165] test cases in the current suite
Test Method:		[testPackage01.Test_NewValidationHelper.f28]
###############################################################################################################################################

################################################################################################################################################
Starting Execution:	[113 out of 165] test cases in the current suite
Test Method:		[testPackage01.Test_NewValidationHelper.f29]
###############################################################################################################################################

################################################################################################################################################
Starting Execution:	[114 out of 165] test cases in the current suite
Test Method:		[testPackage01.Test_NewValidationHelper.f3]
###############################################################################################################################################

################################################################################################################################################
Starting Execution:	[115 out of 165] test cases in the current suite
Test Method:		[testPackage01.Test_NewValidationHelper.f30]
###############################################################################################################################################

################################################################################################################################################
Starting Execution:	[116 out of 165] test cases in the current suite
Test Method:		[testPackage01.Test_NewValidationHelper.f31]
###############################################################################################################################################

################################################################################################################################################
Starting Execution:	[117 out of 165] test cases in the current suite
Test Method:		[testPackage01.Test_NewValidationHelper.f32]
###############################################################################################################################################

################################################################################################################################################
Starting Execution:	[118 out of 165] test cases in the current suite
Test Method:		[testPackage01.Test_NewValidationHelper.f33]
###############################################################################################################################################

################################################################################################################################################
Starting Execution:	[119 out of 165] test cases in the current suite
Test Method:		[testPackage01.Test_NewValidationHelper.f34]
###############################################################################################################################################

################################################################################################################################################
Starting Execution:	[120 out of 165] test cases in the current suite
Test Method:		[testPackage01.Test_NewValidationHelper.f35]
###############################################################################################################################################

################################################################################################################################################
Starting Execution:	[121 out of 165] test cases in the current suite
Test Method:		[testPackage01.Test_NewValidationHelper.f36]
###############################################################################################################################################

################################################################################################################################################
Starting Execution:	[122 out of 165] test cases in the current suite
Test Method:		[testPackage01.Test_NewValidationHelper.f37]
###############################################################################################################################################

################################################################################################################################################
Starting Execution:	[123 out of 165] test cases in the current suite
Test Method:		[testPackage01.Test_NewValidationHelper.f3_1]
###############################################################################################################################################

################################################################################################################################################
Starting Execution:	[124 out of 165] test cases in the current suite
Test Method:		[testPackage01.Test_NewValidationHelper.f4]
###############################################################################################################################################

################################################################################################################################################
Starting Execution:	[125 out of 165] test cases in the current suite
Test Method:		[testPackage01.Test_NewValidationHelper.f5]
###############################################################################################################################################

################################################################################################################################################
Starting Execution:	[126 out of 165] test cases in the current suite
Test Method:		[testPackage01.Test_NewValidationHelper.f6]
###############################################################################################################################################

################################################################################################################################################
Starting Execution:	[127 out of 165] test cases in the current suite
Test Method:		[testPackage01.Test_NewValidationHelper.f6_1]
###############################################################################################################################################

################################################################################################################################################
Starting Execution:	[128 out of 165] test cases in the current suite
Test Method:		[testPackage01.Test_NewValidationHelper.f6_2]
###############################################################################################################################################

################################################################################################################################################
Starting Execution:	[129 out of 165] test cases in the current suite
Test Method:		[testPackage01.Test_NewValidationHelper.f7]
###############################################################################################################################################


################################################################################################################################################
Starting Execution:	[130 out of 165] test cases in the current suite
Test Method:		[testPackage01.Test_NewValidationHelper.f8]
###############################################################################################################################################



################################################################################################################################################
Starting Execution:	[131 out of 165] test cases in the current suite
Test Method:		[testPackage01.Test_NewValidationHelper.f9]
###############################################################################################################################################


################################################################################################################################################
Starting Execution:	[132 out of 165] test cases in the current suite
Test Method:		[testPackage01.Test_NewValidationHelper.forceFail]
###############################################################################################################################################

################################################################################################################################################
Starting Execution:	[133 out of 165] test cases in the current suite
Test Method:		[testPackage01.Test_NewValidationHelper.forceFail2]
###############################################################################################################################################

################################################################################################################################################
Starting Execution:	[134 out of 165] test cases in the current suite
Test Method:		[testPackage01.Test_JsonActions.f]
###############################################################################################################################################

################################################################################################################################################
Starting Execution:	[135 out of 165] test cases in the current suite
Test Method:		[testPackage01.Test_JsonActions.f2]
###############################################################################################################################################

################################################################################################################################################
Starting Execution:	[136 out of 165] test cases in the current suite
Test Method:		[testPackage01.Test_sendGraphqlRequest.sendGraphqlRequestUsingMutationAndVariables]
################################################################################################################################################
[ReportManager] GraphQl Request is being Performed with the Following Parameters [Service URL: https://api.spacex.land/graphql | Request Body: {"variables":"{\"name\": \"sherlock holmes\",\"rocket\": \"221B Baker Street\"}","query":"mutation ($name: String, $rocket: String) {\n  insert_users(objects: {name: $name, rocket: $rocket}) {\n    returning {\n      name\n      rocket\n    }\n  }\n}"}] @03-03-2022 02:14:25.0900 AM
[ReportManager] Response status code: [200], status line: [HTTP/1.1 200 OK] @03-03-2022 02:14:26.0310 AM
[ReportManager] Assertion Passed: Evaluating the actual response status code against the expected one... @03-03-2022 02:14:26.0310 AM
[ReportManager] Assertion [ValidateComparativeRelation] PASSED. Expected [200] and Actual [200]. Comparison Type [EQUALS]. Validation Type [POSITIVE]. @03-03-2022 02:14:26.0310 AM
[ReportManager] API Action [PerformRequest] successfully performed. With the following test data [Request Type: "POST" | Target Status Code: "200" | Service URL: "https://api.spacex.land/graphql" | Content Type: "application/json" | Response Time: "300ms"]. @03-03-2022 02:14:26.0343 AM
[ReportManager] Successfully created attachment [API Request - Specifications] @03-03-2022 02:14:26.0343 AM
[ReportManager] Successfully created attachment [API Request - JSON Body] @03-03-2022 02:14:26.0344 AM
[ReportManager] Successfully created attachment [API Response - JSON Body] @03-03-2022 02:14:26.0345 AM
[ReportManager] API Action [GetResponseJSONValue] successfully performed. With the following test data [data.insert_users.returning[0].name]. @03-03-2022 02:14:26.0400 AM
[ReportManager] Assertion [ValidateEquals] PASSED. Expected [sherlock holmes] and Actual [sherlock holmes]. Comparison Type [EQUALS]. Validation Type [POSITIVE]. @03-03-2022 02:14:26.0401 A

################################################################################################################################################
Starting Execution:	[137 out of 165] test cases in the current suite
Test Method:		[testPackage01.Test_sendGraphqlRequest.sendGraphqlRequestUsingQuery]
################################################################################################################################################
[ReportManager] GraphQl Request is being Performed with the Following Parameters [Service URL: https://api.spacex.land/graphql | Request Body: {"query":"{company {ceo}}"}] @03-03-2022 02:14:26.0404 AM
[ReportManager] Response status code: [200], status line: [HTTP/1.1 200 OK] @03-03-2022 02:14:26.0582 AM
[ReportManager] Assertion Passed: Evaluating the actual response status code against the expected one... @03-03-2022 02:14:26.0582 AM
[ReportManager] Assertion [ValidateComparativeRelation] PASSED. Expected [200] and Actual [200]. Comparison Type [EQUALS]. Validation Type [POSITIVE]. @03-03-2022 02:14:26.0582 AM
[ReportManager] API Action [PerformRequest] successfully performed. With the following test data [Request Type: "POST" | Target Status Code: "200" | Service URL: "https://api.spacex.land/graphql" | Content Type: "application/json" | Response Time: "173ms"]. @03-03-2022 02:14:26.0608 AM
[ReportManager] Successfully created attachment [API Request - Specifications] @03-03-2022 02:14:26.0608 AM
[ReportManager] Successfully created attachment [API Request - JSON Body] @03-03-2022 02:14:26.0609 AM
[ReportManager] Successfully created attachment [API Response - JSON Body] @03-03-2022 02:14:26.0610 AM
[ReportManager] API Action [GetResponseJSONValue] successfully performed. With the following test data [data.company.ceo]. @03-03-2022 02:14:26.0631 AM
[ReportManager] Assertion [ValidateEquals] PASSED. Expected [Elon Musk] and Actual [Elon Musk]. Comparison Type [EQUALS]. Validation Type [POSITIVE]. @03-03-2022 02:14:26.0631 A

################################################################################################################################################
Starting Execution:	[138 out of 165] test cases in the current suite
Test Method:		[testPackage01.Test_MatchJsonSchema.checkAPI_ResponseSchema]
################################################################################################################################################
[ReportManager] Response status code: [200], status line: [HTTP/1.1 200 OK] @03-03-2022 02:14:26.0746 AM
[ReportManager] Assertion Passed: Evaluating the actual response status code against the expected one... @03-03-2022 02:14:26.0746 AM
[ReportManager] Assertion [ValidateComparativeRelation] PASSED. Expected [200] and Actual [200]. Comparison Type [EQUALS]. Validation Type [POSITIVE]. @03-03-2022 02:14:26.0746 AM
[ReportManager] API Action [PerformRequest] successfully performed. With the following test data [Request Type: "GET" | Target Status Code: "200" | Service URL: "http://api.zippopotam.us/us/90210" | Content Type: "*/*" | Response Time: "95ms"]. @03-03-2022 02:14:26.0760 AM
[ReportManager] Successfully created attachment [API Request - Specifications] @03-03-2022 02:14:26.0761 AM
[ReportManager] Successfully created attachment [API Response - JSON Body] @03-03-2022 02:14:26.0761 AM
[ReportManager] File Action [GetAbsolutePath] successfully performed. With the following test data [Relative Folder Path: "src/test/resources/testDataFiles/schema.json"]. @03-03-2022 02:14:26.0763 AM
[ReportManager] File Action [GetAbsolutePath] successfully performed. With the following test data [Relative Folder Path: "/Users/runner/work/SHAFT_ENGINE/SHAFT_ENGINE/src/test/resources/testDataFiles/schema.json"]. @03-03-2022 02:14:27.0684 AM
[ReportManager] File Action [ReadFromFile] successfully performed. With the following test data [File Path: "/Users/runner/work/SHAFT_ENGINE/SHAFT_ENGINE/src/test/resources/testDataFiles/schema.json"]. @03-03-2022 02:14:27.0684 AM
[ReportManager] Assertion Passed: Then I Assert that the API response schema matches that in this file [src/test/resources/testDataFiles/schema.json]. @03-03-2022 02:14:27.0686 AM
[ReportManager] Successfully created attachment [Validation Test Data - Expected JSON Value] @03-03-2022 02:14:27.0687 AM
[ReportManager] Successfully created attachment [Validation Test Data - Actual JSON Value] @03-03-2022 02:14:27.0687 AM
[ReportManager] Assertion [ValidateResponseFileSchema] PASSED. Expected [Response data should match the JSON File in this path '/Users/runner/work/SHAFT_ENGINE/SHAFT_ENGINE/src/test/resources/testDataFiles/schema.json'] and Actual [TRUE]. Comparison Type [EQUALS]. Validation Type [POSITIVE]. @03-03-2022 02:14:27.0687 A
[ReportManager] File Action [GetAbsolutePath] successfully performed. With the following test data [Relative Folder Path: "target/downloadedFiles/"]. @03-03-2022 02:14:27.0690 AM
[ReportManager] Attempting to run locally on: [Mac-64], [Safari], Headless Execution. @03-03-2022 02:14:27.0691 AM
[ReportManager] Successfully Opened Safari. @03-03-2022 02:14:28.0577 AM
[ReportManager] Initial window size: (800, 600) @03-03-2022 02:14:28.0636 AM
[ReportManager] Window size after SWD Maximize: (1176, 803) @03-03-2022 02:14:28.0673 AM
[ReportManager] Browser Action [MaximizeWindow] successfully performed. With the following test data [New screen size is now: (1176, 803)]. @03-03-2022 02:14:28.0674 A

################################################################################################################################################
Starting Execution:	[139 out of 165] test cases in the current suite
Test Method:		[testPackage01.Test_dragAndDrop.dragAndDropJquery]
################################################################################################################################################
[ReportManager] Target URL: [https://jqueryui.com/resources/demos/droppable/default.html] @03-03-2022 02:14:28.0677 AM
[ReportManager] Initial URL: [] @03-03-2022 02:14:28.0735 AM
[ReportManager] Browser Action [NavigateToURL] successfully performed. With the following test data [https://jqueryui.com/resources/demos/droppable/default.html]. @03-03-2022 02:14:29.0194 AM
[ReportManager] Element Action [GetText] successfully performed. With the following test data [
	Drop here
]. @03-03-2022 02:14:29.0248 AM
[ReportManager] Element Action [DragAndDrop] successfully performed. With the following test data [Start point: (8, 18), End point: (8, 18)]. @03-03-2022 02:14:30.0415 AM
[ReportManager] Element Action [GetText] successfully performed. With the following test data [
	Dropped!
]. @03-03-2022 02:14:30.0461 AM
[ReportManager] Assertion Passed: Checking to see if the text has changed after performing drag and drop @03-03-2022 02:14:30.0462 AM
[ReportManager] Assertion [ValidateEquals] PASSED. Expected [
	Drop here
] and Actual [
	Dropped!
]. Comparison Type [EQUALS]. Validation Type [NEGATIVE]. @03-03-2022 02:14:30.0462 A
[ReportManager] Browser Action [CloseCurrentWindow] successfully performed. @03-03-2022 02:14:30.0856 AM
[ReportManager] Successfully created attachment [Browser Action Test Data - CloseCurrentWindow - Actual Value] @03-03-2022 02:14:30.0857 A
[ReportManager] File Action [GetAbsolutePath] successfully performed. With the following test data [Relative Folder Path: "target/downloadedFiles/"]. @03-03-2022 02:14:30.0859 AM
[ReportManager] Attempting to run locally on: [Mac-64], [Safari], Headless Execution. @03-03-2022 02:14:30.0859 AM
[ReportManager] Successfully Opened Safari. @03-03-2022 02:14:31.0907 AM
[ReportManager] Initial window size: (800, 600) @03-03-2022 02:14:31.0920 AM
[ReportManager] Window size after SWD Maximize: (1176, 803) @03-03-2022 02:14:31.0951 AM
[ReportManager] Browser Action [MaximizeWindow] successfully performed. With the following test data [New screen size is now: (1176, 803)]. @03-03-2022 02:14:31.0951 A

################################################################################################################################################
Starting Execution:	[140 out of 165] test cases in the current suite
Test Method:		[testPackage01.Test_dragAndDrop.dragAndDrop]
Test Description:	[TC001 - Test Drag and Drop function.]
################################################################################################################################################
[ReportManager] Target URL: [http://the-internet.herokuapp.com/drag_and_drop] @03-03-2022 02:14:31.0955 AM
[ReportManager] Initial URL: [] @03-03-2022 02:14:32.0009 AM
[ReportManager] Browser Action [NavigateToURL] successfully performed. With the following test data [http://the-internet.herokuapp.com/drag_and_drop]. @03-03-2022 02:14:32.0500 AM
[ReportManager] Attempting Drag and Drop @03-03-2022 02:14:32.0501 AM
[ReportManager] Element Action [DragAndDrop] successfully performed. With the following test data [Start point: (120, 89), End point: (335, 89)]. @03-03-2022 02:14:33.0461 A
[ReportManager] Browser Action [CloseCurrentWindow] successfully performed. @03-03-2022 02:14:33.0856 AM
[ReportManager] Successfully created attachment [Browser Action Test Data - CloseCurrentWindow - Actual Value] @03-03-2022 02:14:33.0857 A
[ReportManager] File Action [GetAbsolutePath] successfully performed. With the following test data [Relative Folder Path: "target/downloadedFiles/"]. @03-03-2022 02:14:33.0860 AM
[ReportManager] Attempting to run locally on: [Mac-64], [Safari], Headless Execution. @03-03-2022 02:14:33.0860 AM
[ReportManager] Successfully Opened Safari. @03-03-2022 02:14:34.0786 AM
[ReportManager] Initial window size: (800, 600) @03-03-2022 02:14:34.0798 AM
[ReportManager] Window size after SWD Maximize: (1176, 803) @03-03-2022 02:14:34.0859 AM
[ReportManager] Browser Action [MaximizeWindow] successfully performed. With the following test data [New screen size is now: (1176, 803)]. @03-03-2022 02:14:34.0859 A

################################################################################################################################################
Starting Execution:	[141 out of 165] test cases in the current suite
Test Method:		[testPackage01.Test_dragAndDrop.dragAndDropByOffset]
Test Description:	[TC002 - Test Drag and Drop by offset function.]
################################################################################################################################################
[ReportManager] Target URL: [https://jqueryui.com/resources/demos/draggable/default.html] @03-03-2022 02:14:34.0862 AM
[ReportManager] Initial URL: [] @03-03-2022 02:14:34.0910 AM
[ReportManager] Browser Action [NavigateToURL] successfully performed. With the following test data [https://jqueryui.com/resources/demos/draggable/default.html]. @03-03-2022 02:14:35.0341 AM
[ReportManager] Element Action [DragAndDropByOffset] successfully performed. With the following test data [Start point: (8, 8), End point: (108, 58)]. @03-03-2022 02:14:36.0115 A
[ReportManager] Browser Action [CloseCurrentWindow] successfully performed. @03-03-2022 02:14:36.0514 AM
[ReportManager] Successfully created attachment [Browser Action Test Data - CloseCurrentWindow - Actual Value] @03-03-2022 02:14:36.0515 A
[ReportManager] Successfully loaded the following test data file [src/test/resources/testDataFiles/testSuite01/TestData.xlsx]. @03-03-2022 02:14:36.0552 AM
[ReportManager] Successfully created attachment [Test Data - Excel] @03-03-2022 02:14:36.0552 AM
[ReportManager] File Action [GetAbsolutePath] successfully performed. With the following test data [Relative Folder Path: "target/downloadedFiles/"]. @03-03-2022 02:14:36.0553 AM
[ReportManager] Attempting to run locally on: [Mac-64], [Safari], Headless Execution. @03-03-2022 02:14:36.0553 AM
[ReportManager] Successfully Opened Safari. @03-03-2022 02:14:37.0621 AM
[ReportManager] Initial window size: (800, 600) @03-03-2022 02:14:37.0654 AM
[ReportManager] Window size after SWD Maximize: (1176, 803) @03-03-2022 02:14:37.0691 AM
[ReportManager] Browser Action [MaximizeWindow] successfully performed. With the following test data [New screen size is now: (1176, 803)]. @03-03-2022 02:14:37.0692 A

################################################################################################################################################
Starting Execution:	[142 out of 165] test cases in the current suite
Test Method:		[testPackage01.Test_google.navigateToURLandVerifyGoogleLogoIsDisplayed]
Test Description:	[TC001 - Navigate to URL and Verify Google Logo is Displayed]
################################################################################################################################################
[ReportManager] Target URL: [https://www.google.com/ncr], and after redirection: [https://www.google.com] @03-03-2022 02:14:37.0697 AM
[ReportManager] Initial URL: [] @03-03-2022 02:14:37.0769 AM
[ReportManager] Browser Action [NavigateToURL] successfully performed. With the following test data [https://www.google.com/ncr]. @03-03-2022 02:14:39.0472 AM
[ReportManager] Assertion Passed: Then I Assert that the element found by [By.xpath: //*[@id='hplogo' or @alt='Google']] exists. @03-03-2022 02:14:39.0690 AM
[ReportManager] Successfully created attachment [Screenshot - 1646273679608_navigateToURLandVerifyGoogleLogoIsDisplayed_ValidateElementExists_passed] @03-03-2022 02:14:39.0693 AM
[ReportManager] Assertion [ValidateElementExists] PASSED. Expected [Element Should Exist, locator 'By.xpath: //*[@id='hplogo' or @alt='Google']'] and Actual [Element Exists]. Comparison Type [EQUALS]. Validation Type [POSITIVE]. @03-03-2022 02:14:39.0693 A

################################################################################################################################################
Starting Execution:	[143 out of 165] test cases in the current suite
Test Method:		[testPackage01.Test_google.searchForQueryandAssertResultsNumDisplayed]
Test Description:	[TC002 - Search for Query and Assert that the number of results is displayed]
################################################################################################################################################
[ReportManager] Element Action [Type] successfully performed. With the following test data [SHAFT_Engine]. @03-03-2022 02:14:40.0491 AM
[ReportManager] Element Action [KeyPress] successfully performed. With the following test data [Enter]. @03-03-2022 02:14:40.0568 AM
[ReportManager] Element Action [GetText] successfully performed. With the following test data [About 665,000 results (0.54 seconds)Â Quick SettingsSee all settingsPrivacySearch historyYour data in SearchUsing SearchExplicit results filterLearn more about SafeSearchHide explicit resultsLanguagesEnglishAdvanced searchAppearanceLight themeDark themeDevice defaultSupportSearch help]. @03-03-2022 02:14:42.0295 AM
[ReportManager] Assertion Passed: Then I Assert that the element found by [By.id: appbar] text does not equal []. @03-03-2022 02:14:43.0496 AM
[ReportManager] Successfully created attachment [Screenshot - 1646273683398_searchForQueryandAssertResultsNumDisplayed_ValidateElementAttribute_passed] @03-03-2022 02:14:43.0500 AM
[ReportManager] Assertion [ValidateElementAttribute] PASSED. Expected [Value Should not be '' for the 'text' attribute, element locator 'By.id: appbar'] and Actual [About 665,000 results (0.54 seconds)Â Quick SettingsSee all settingsPrivacySearch historyYour data in SearchUsing SearchExplicit results filterLearn more about SafeSearchHide explicit resultsLanguagesEnglishAdvanced searchAppearanceLight themeDark themeDevice defaultSupportSearch help]. Comparison Type [EQUALS]. Validation Type [NEGATIVE]. @03-03-2022 02:14:43.0500 A

################################################################################################################################################
Starting Execution:	[144 out of 165] test cases in the current suite
Test Method:		[testPackage01.Test_google.clickNextThrice]
Test Description:	[TC003 - Clicks the next button to make sure that the framework can scroll element into view before clicking it]
################################################################################################################################################
[ReportManager] Element Action [Click] successfully performed. With the following test data [By.xpath: //span[text()='Next']]. @03-03-2022 02:14:43.0757 A
[ReportManager] Successfully Closed All Drivers. @03-03-2022 02:14:43.0982 A
[ReportManager] File Action [GetAbsolutePath] successfully performed. With the following test data [Relative Folder Path: "target/downloadedFiles/"]. @03-03-2022 02:14:43.0984 AM
[ReportManager] Attempting to run locally on: [Mac-64], [Safari], Headless Execution. @03-03-2022 02:14:43.0985 AM
[ReportManager] Successfully Opened Safari. @03-03-2022 02:14:44.0856 AM
[ReportManager] Initial window size: (800, 600) @03-03-2022 02:14:44.0881 AM
[ReportManager] Window size after SWD Maximize: (1176, 803) @03-03-2022 02:14:44.0915 AM
[ReportManager] Browser Action [MaximizeWindow] successfully performed. With the following test data [New screen size is now: (1176, 803)]. @03-03-2022 02:14:44.0915 A

################################################################################################################################################
Starting Execution:	[145 out of 165] test cases in the current suite
Test Method:		[testPackage01.Test_chainableElementActions.chainElementActions]
################################################################################################################################################
[ReportManager] Target URL: [https://www.google.com/ncr], and after redirection: [https://www.google.com] @03-03-2022 02:14:44.0919 AM
[ReportManager] Initial URL: [] @03-03-2022 02:14:44.0962 AM
[ReportManager] Browser Action [NavigateToURL] successfully performed. With the following test data [https://www.google.com/ncr]. @03-03-2022 02:14:46.0513 AM
[ReportManager] Element Action [Type] successfully performed. With the following test data [chained type 1]. @03-03-2022 02:14:47.0084 AM
[ReportManager] Element Action [Type] successfully performed. With the following test data [chained type 2]. @03-03-2022 02:14:47.0566 AM
[ReportManager] Element Action [TypeAppend] successfully performed. With the following test data [345]. @03-03-2022 02:14:47.0650 AM
[ReportManager] Element Action [GetText] successfully performed. With the following test data [chained type 2345]. @03-03-2022 02:14:47.0747 AM
[ReportManager] Assertion Passed: Then I Assert that the element found by [By.name: q] text is equal to [chained type 2345]. @03-03-2022 02:14:47.0942 AM
[ReportManager] Successfully created attachment [Screenshot - 1646273687844_chainElementActions_ValidateElementAttribute_passed] @03-03-2022 02:14:47.0943 AM
[ReportManager] Assertion [ValidateElementAttribute] PASSED. Expected [Value Should be 'chained type 2345' for the 'text' attribute, element locator 'By.name: q'] and Actual [chained type 2345]. Comparison Type [EQUALS]. Validation Type [POSITIVE]. @03-03-2022 02:14:47.0944 A
[ReportManager] Successfully Closed All Drivers. @03-03-2022 02:14:48.0357 A
[ReportManager] File Action [GetAbsolutePath] successfully performed. With the following test data [Relative Folder Path: "target/downloadedFiles/"]. @03-03-2022 02:14:48.0360 AM
[ReportManager] Attempting to run locally on: [Mac-64], [Safari], Headless Execution. @03-03-2022 02:14:48.0360 AM
[ReportManager] An Exception Occured with this Message: Could not start a new session. Possible causes are invalid address of the remote server or browser start-up failure.. @03-03-2022 02:14:48.0427 AM
[ReportManager] Successfully created attachment [Exception Stack Trace - org.openqa.selenium.SessionNotCreatedException] @03-03-2022 02:14:48.0428 AM
[ReportManager] Driver Factory Action [createNewLocalDriverInstanceForSafari] failed. With the following test data [Failed to create a session on DESKTOP_SAFARI]. @03-03-2022 02:14:48.0428 A

################################################################################################################################################
Starting Execution:	[146 out of 165] test cases in the current suite
Test Method:		[testPackage01.Test_RelativeLocators.relativeLocatorsTest1]
###############################################################################################################################################


################################################################################################################################################
Starting Execution:	[147 out of 165] test cases in the current suite
Test Method:		[testPackage01.Test_JsonCompareWithSpecialCharacters.specialCharacters]
################################################################################################################################################
[ReportManager] File Action [GetAbsolutePath] successfully performed. With the following test data [Relative Folder Path: "src/test/resources/testDataFiles/specialCharacters.json"]. @03-03-2022 02:14:48.0443 AM
[ReportManager] File Action [ReadFromFile] successfully performed. With the following test data [File Path: "/Users/runner/work/SHAFT_ENGINE/SHAFT_ENGINE/src/test/resources/testDataFiles/specialCharacters.json"]. @03-03-2022 02:14:48.0444 AM
[ReportManager] Successfully created attachment [File Action Actual Result - Command Log] @03-03-2022 02:14:48.0444 AM
[ReportManager] Comparing the provided API response with the file at this path "src/test/resources/testDataFiles/specialCharacters.json", comparison type "EQUALS" @03-03-2022 02:14:48.0447 AM
[ReportManager] API Action [CompareJSON] successfully performed. With the following test data [src/test/resources/testDataFiles/specialCharacters.json]. @03-03-2022 02:14:48.0469 AM
[ReportManager] File Action [GetAbsolutePath] successfully performed. With the following test data [Relative Folder Path: "src/test/resources/testDataFiles/specialCharacters.json"]. @03-03-2022 02:14:48.0469 AM
[ReportManager] File Action [ReadFromFile] successfully performed. With the following test data [File Path: "/Users/runner/work/SHAFT_ENGINE/SHAFT_ENGINE/src/test/resources/testDataFiles/specialCharacters.json"]. @03-03-2022 02:14:48.0470 AM
[ReportManager] Verification [ValidateJSONFileContent] PASSED. Expected [Response data should match the JSON File in this path 'src/test/resources/testDataFiles/specialCharacters.json'] and Actual [TRUE]. Comparison Type [EQUALS]. Validation Type [POSITIVE]. @03-03-2022 02:14:48.0491 AM
[ReportManager] Successfully created attachment [Validation Test Data - Expected JSON Value] @03-03-2022 02:14:48.0492 AM
[ReportManager] Successfully created attachment [Validation Test Data - Actual JSON Value] @03-03-2022 02:14:48.0493 A

################################################################################################################################################
Starting Execution:	[148 out of 165] test cases in the current suite
Test Method:		[testPackage01.Test_JsonCompareWithSpecialCharacters.specialCharacters_assertion]
################################################################################################################################################
[ReportManager] File Action [GetAbsolutePath] successfully performed. With the following test data [Relative Folder Path: "src/test/resources/testDataFiles/specialCharacters.json"]. @03-03-2022 02:14:48.0499 AM
[ReportManager] File Action [ReadFromFile] successfully performed. With the following test data [File Path: "/Users/runner/work/SHAFT_ENGINE/SHAFT_ENGINE/src/test/resources/testDataFiles/specialCharacters.json"]. @03-03-2022 02:14:48.0500 AM
[ReportManager] Successfully created attachment [File Action Actual Result - Command Log] @03-03-2022 02:14:48.0500 AM
[ReportManager] Comparing the provided API response with the file at this path "src/test/resources/testDataFiles/specialCharacters.json", comparison type "CONTAINS" @03-03-2022 02:14:48.0501 AM
[ReportManager] API Action [CompareJSON] successfully performed. With the following test data [src/test/resources/testDataFiles/specialCharacters.json]. @03-03-2022 02:14:48.0517 AM
[ReportManager] File Action [GetAbsolutePath] successfully performed. With the following test data [Relative Folder Path: "src/test/resources/testDataFiles/specialCharacters.json"]. @03-03-2022 02:14:48.0517 AM
[ReportManager] File Action [ReadFromFile] successfully performed. With the following test data [File Path: "/Users/runner/work/SHAFT_ENGINE/SHAFT_ENGINE/src/test/resources/testDataFiles/specialCharacters.json"]. @03-03-2022 02:14:48.0517 AM
[ReportManager] Assertion Passed: trying out the log message @03-03-2022 02:14:48.0523 AM
[ReportManager] Successfully created attachment [Validation Test Data - Expected JSON Value] @03-03-2022 02:14:48.0524 AM
[ReportManager] Successfully created attachment [Validation Test Data - Actual JSON Value] @03-03-2022 02:14:48.0534 AM
[ReportManager] Assertion [ValidateJSONFileContent] PASSED. Expected [Response data should match the JSON File in this path 'src/test/resources/testDataFiles/specialCharacters.json'] and Actual [TRUE]. Comparison Type [CONTAINS]. Validation Type [POSITIVE]. @03-03-2022 02:14:48.0534 A

################################################################################################################################################
Starting Execution:	[149 out of 165] test cases in the current suite
Test Method:		[testPackage01.Test_SkipDueToIssue.doNotSkip]
################################################################################################################################################
[ReportManager] This should not be skipped. @03-03-2022 02:14:48.0567 A

################################################################################################################################################
Starting Execution:	[150 out of 165] test cases in the current suite
Test Method:		[testPackage01.Test_SkipDueToIssue.skip]
################################################################################################################################################
[ReportManager] This should be skipped. @03-03-2022 02:14:48.0627 A

################################################################################################################################################
Starting Execution:	[151 out of 165] test cases in the current suite
Test Method:		[testPackage01.Test_SkipDueToIssue.skip2]
################################################################################################################################################
[ReportManager] This should be skipped. @03-03-2022 02:14:48.0636 A

################################################################################################################################################
Starting Execution:	[152 out of 165] test cases in the current suite
Test Method:		[testPackage01.Test_JSONFileManager.readStringFromJson]
################################################################################################################################################
[ReportManager] File Action [GetAbsolutePath] successfully performed. With the following test data [Relative Folder Path: "src/test/resources/testDataFiles/simpleJSON.json"]. @03-03-2022 02:14:48.0659 AM
[ReportManager] Successfully loaded the following test data file [src/test/resources/testDataFiles/simpleJSON.json]. @03-03-2022 02:14:48.0659 AM
[ReportManager] Successfully created attachment [Test Data - JSON] @03-03-2022 02:14:48.0662 AM
[ReportManager] File Action [GetAbsolutePath] successfully performed. With the following test data [Relative Folder Path: "src/test/resources/testDataFiles/simpleJSON.json"]. @03-03-2022 02:14:48.0664 AM
[ReportManager] Assertion [ValidateEquals] PASSED. Expected [Mohab Mohie] and Actual [Mohab Mohie]. Comparison Type [EQUALS]. Validation Type [POSITIVE]. @03-03-2022 02:14:48.0685 A
[ReportManager] File Action [GetAbsolutePath] successfully performed. With the following test data [Relative Folder Path: "target/downloadedFiles/"]. @03-03-2022 02:14:48.0690 AM
[ReportManager] Attempting to run locally on: [Mac-64], [Safari], Headless Execution. @03-03-2022 02:14:48.0690 AM
[ReportManager] Successfully Opened Safari. @03-03-2022 02:14:49.0817 AM
[ReportManager] Initial window size: (800, 600) @03-03-2022 02:14:49.0828 AM
[ReportManager] Window size after SWD Maximize: (1176, 803) @03-03-2022 02:14:49.0847 AM
[ReportManager] Browser Action [MaximizeWindow] successfully performed. With the following test data [New screen size is now: (1176, 803)]. @03-03-2022 02:14:49.0847 A

################################################################################################################################################
Starting Execution:	[153 out of 165] test cases in the current suite
Test Method:		[testPackage01.Test_assertEquals.test_assertElementAttribute]
################################################################################################################################################
[ReportManager] Target URL: [https://www.google.com/ncr], and after redirection: [https://www.google.com] @03-03-2022 02:14:49.0852 AM
[ReportManager] Initial URL: [] @03-03-2022 02:14:49.0937 AM
[ReportManager] Browser Action [NavigateToURL] successfully performed. With the following test data [https://www.google.com/ncr]. @03-03-2022 02:14:51.0689 AM
[ReportManager] Element Action [Type] successfully performed. With the following test data [INC_004010050:Another SCHEDULER with the same name [Duplicate Job Name] already exists.]. @03-03-2022 02:14:54.0270 AM
[ReportManager] Element Action [GetText] successfully performed. With the following test data [INC_004010050:Another SCHEDULER with the same name [Duplicate Job Name] already exists.]. @03-03-2022 02:14:54.0404 AM
[ReportManager] Assertion [ValidateElementAttribute] PASSED. Expected [Value Should be 'INC_004010050:Another SCHEDULER with the same name \[Duplicate Job Name\] already exists.' for the 'text' attribute, element locator 'By.name: q'] and Actual [INC_004010050:Another SCHEDULER with the same name [Duplicate Job Name] already exists.]. Comparison Type [MATCHES]. Validation Type [POSITIVE]. @03-03-2022 02:14:54.0578 AM
[ReportManager] Successfully created attachment [Screenshot - 1646273694494_test_assertElementAttribute_ValidateElementAttribute_passed] @03-03-2022 02:14:54.0581 A
[ReportManager] Browser Action [CloseCurrentWindow] successfully performed. @03-03-2022 02:14:54.0867 AM
[ReportManager] Successfully created attachment [Browser Action Test Data - CloseCurrentWindow - Actual Value] @03-03-2022 02:14:54.0868 A
[ReportManager] File Action [GetAbsolutePath] successfully performed. With the following test data [Relative Folder Path: "target/downloadedFiles/"]. @03-03-2022 02:14:54.0870 AM
[ReportManager] Attempting to run locally on: [Mac-64], [Safari], Headless Execution. @03-03-2022 02:14:54.0871 AM
[ReportManager] Successfully Opened Safari. @03-03-2022 02:14:55.0817 AM
[ReportManager] Initial window size: (800, 600) @03-03-2022 02:14:55.0821 AM
[ReportManager] Window size after SWD Maximize: (1176, 803) @03-03-2022 02:14:55.0856 AM
[ReportManager] Browser Action [MaximizeWindow] successfully performed. With the following test data [New screen size is now: (1176, 803)]. @03-03-2022 02:14:55.0856 A

################################################################################################################################################
Starting Execution:	[154 out of 165] test cases in the current suite
Test Method:		[testPackage01.Test_IsElementClickable.testIsElementClickable]
################################################################################################################################################
[ReportManager] Target URL: [https://the-internet.herokuapp.com/] @03-03-2022 02:14:55.0861 AM
[ReportManager] Initial URL: [] @03-03-2022 02:14:55.0923 AM
[ReportManager] Browser Action [NavigateToURL] successfully performed. With the following test data [https://the-internet.herokuapp.com/]. @03-03-2022 02:14:56.0713 AM
[ReportManager] Element Action [IsElementClickable] successfully performed. @03-03-2022 02:14:56.0799 AM
[ReportManager] Assertion [ValidateTrue] PASSED. Expected [TRUE] and Actual [TRUE]. Validation Type [POSITIVE]. @03-03-2022 02:14:56.0800 A
[ReportManager] Browser Action [CloseCurrentWindow] successfully performed. @03-03-2022 02:14:57.0222 AM
[ReportManager] Successfully created attachment [Browser Action Test Data - CloseCurrentWindow - Actual Value] @03-03-2022 02:14:57.0223 A
[ReportManager] Successfully loaded the following test data file [src/test/resources/testDataFiles/testSuite01/TestData.xlsx]. @03-03-2022 02:14:57.0302 AM
[ReportManager] Successfully created attachment [Test Data - Excel] @03-03-2022 02:14:57.0303 AM
[ReportManager] Attempting to run using Playwright locally on: [Mac-64], [Safari], Headless Execution. @03-03-2022 02:15:45.0686 AM
[ReportManager] File Action [GetAbsolutePath] successfully performed. With the following test data [Relative Folder Path: "target/downloadedFiles/"]. @03-03-2022 02:15:45.0687 AM
[ReportManager] Initial window size: (1280, 720) @03-03-2022 02:15:51.0552 AM
[ReportManager] Window size after Toolkit: com.microsoft.playwright.options.ViewportSize@5db0a579 @03-03-2022 02:15:51.0563 AM
[ReportManager] Browser Action [MaximizeWindow] successfully performed. With the following test data [New screen size is now: (1920, 1080)]. @03-03-2022 02:15:51.0564 A

################################################################################################################################################
Starting Execution:	[155 out of 165] test cases in the current suite
Test Method:		[testPackage01.Test_google_playwright.navigateToURLandVerifyGoogleLogoIsDisplayed]
Test Description:	[TC001 - Navigate to URL and Verify Google Logo is Displayed]
################################################################################################################################################
[ReportManager] Target URL: [https://www.google.com/ncr], and after redirection: [https://www.google.com] @03-03-2022 02:15:51.0569 AM
[ReportManager] Initial URL: [about:blank] @03-03-2022 02:15:52.0147 AM
[ReportManager] Browser Action [NavigateToURL] successfully performed. With the following test data [https://www.google.com/ncr]. @03-03-2022 02:15:54.0724 AM
[ReportManager] Assertion [ValidateElementExists] PASSED. Expected [Element Should Exist, locator 'xpath=//*[@id='hplogo' or @alt='Google']'] and Actual [Element Exists]. Comparison Type [EQUALS]. Validation Type [POSITIVE]. @03-03-2022 02:15:55.0079 AM
[ReportManager] Successfully created attachment [Screenshot - 1646273754894_navigateToURLandVerifyGoogleLogoIsDisplayed_ValidateElementExists_passed] @03-03-2022 02:15:55.0080 A

################################################################################################################################################
Starting Execution:	[156 out of 165] test cases in the current suite
Test Method:		[testPackage01.Test_google_playwright.searchForQueryandAssertResultsNumDisplayed]
Test Description:	[TC002 - Search for Query and Assert that the number of results is displayed]
################################################################################################################################################
[ReportManager] Element Action [Type] successfully performed. With the following test data [SHAFT_Engine]. @03-03-2022 02:15:55.0546 AM
[ReportManager] Element Action [KeyPress] successfully performed. With the following test data [Enter]. @03-03-2022 02:15:55.0583 AM
[ReportManager] Element Action [GetText] successfully performed. With the following test data [About 689,000 results (0.53 seconds)Â 
]. @03-03-2022 02:15:57.0417 AM
[ReportManager] Assertion [ValidateElementAttribute] PASSED. Expected [Value Should not be '' for the 'text' attribute, element locator 'xpath=//div[@id='appbar']'] and Actual [About 689,000 results (0.53 seconds)Â 
]. Comparison Type [EQUALS]. Validation Type [NEGATIVE]. @03-03-2022 02:15:58.0666 AM
[ReportManager] Successfully created attachment [Screenshot - 1646273758416_searchForQueryandAssertResultsNumDisplayed_ValidateElementAttribute_passed] @03-03-2022 02:15:58.0669 A

################################################################################################################################################
Starting Execution:	[157 out of 165] test cases in the current suite
Test Method:		[testPackage01.Test_google_playwright.clickNextThrice]
Test Description:	[TC003 - Clicks the next button to make sure that the framework can scroll element into view before clicking it]
################################################################################################################################################
[ReportManager] Element Action [Click] successfully performed. With the following test data [Next]. @03-03-2022 02:15:59.0032 A
[ReportManager] Failed to find video recording. @03-03-2022 02:15:59.0040 AM
[ReportManager] Successfully Closed PlayWright Driver. @03-03-2022 02:15:59.0095 A
[ReportManager] File Action [GetAbsolutePath] successfully performed. With the following test data [Relative Folder Path: "target/downloadedFiles/"]. @03-03-2022 02:15:59.0096 AM
[ReportManager] Attempting to run locally on: [Mac-64], [Safari], Headless Execution. @03-03-2022 02:15:59.0097 AM
[ReportManager] Successfully Opened Safari. @03-03-2022 02:16:00.0407 AM
[ReportManager] Initial window size: (800, 600) @03-03-2022 02:16:00.0495 AM
[ReportManager] Window size after SWD Maximize: (1176, 803) @03-03-2022 02:16:00.0615 AM
[ReportManager] Browser Action [MaximizeWindow] successfully performed. With the following test data [New screen size is now: (1176, 803)]. @03-03-2022 02:16:00.0616 A

################################################################################################################################################
Starting Execution:	[158 out of 165] test cases in the current suite
Test Method:		[testPackage01.Test_verifyEquals.test_assertElementAttribute]
################################################################################################################################################
[ReportManager] Target URL: [https://www.google.com/ncr], and after redirection: [https://www.google.com] @03-03-2022 02:16:00.0618 AM
[ReportManager] Initial URL: [] @03-03-2022 02:16:00.0677 AM
[ReportManager] Browser Action [NavigateToURL] successfully performed. With the following test data [https://www.google.com/ncr]. @03-03-2022 02:16:02.0300 AM
[ReportManager] Element Action [Type] successfully performed. With the following test data [INC_004010050:Another SCHEDULER with the same name [Duplicate Job Name] already exists.]. @03-03-2022 02:16:04.0434 AM
[ReportManager] Element Action [GetText] successfully performed. With the following test data [INC_004010050:Another SCHEDULER with the same name [Duplicate Job Name] already exists.]. @03-03-2022 02:16:04.0494 AM
[ReportManager] Verification [ValidateElementAttribute] PASSED. Expected [Value Should be 'INC_004010050:Another SCHEDULER with the same name \[Duplicate Job Name\] already exists.' for the 'text' attribute, element locator 'By.name: q'] and Actual [INC_004010050:Another SCHEDULER with the same name [Duplicate Job Name] already exists.]. Comparison Type [MATCHES]. Validation Type [POSITIVE]. @03-03-2022 02:16:04.0758 AM
[ReportManager] Successfully created attachment [Screenshot - 1646273764669_test_assertElementAttribute_ValidateElementAttribute_passed] @03-03-2022 02:16:04.0767 A
[ReportManager] Browser Action [CloseCurrentWindow] successfully performed. @03-03-2022 02:16:05.0153 AM
[ReportManager] Successfully created attachment [Browser Action Test Data - CloseCurrentWindow - Actual Value] @03-03-2022 02:16:05.0154 A

################################################################################################################################################
Starting Execution:	[159 out of 165] test cases in the current suite
Test Method:		[testPackage01.Test_SelectedValue.multipleSelect]
################################################################################################################################################
[ReportManager] File Action [GetAbsolutePath] successfully performed. With the following test data [Relative Folder Path: "target/downloadedFiles/"]. @03-03-2022 02:16:05.0158 AM
[ReportManager] Attempting to run locally on: [Mac-64], [GoogleChrome], Headless Execution. @03-03-2022 02:16:05.0159 AM
[ReportManager] Identifying OS/Driver combination and selecting the correct driver version automatically. Please note that if a new driver executable will be downloaded it may take some time... @03-03-2022 02:16:05.0160 AM
[ReportManager] Successfully Opened Google Chrome. @03-03-2022 02:16:09.0081 AM
[ReportManager] Initial window size: (1920, 1080) @03-03-2022 02:16:09.0104 AM
[ReportManager] Window size after SWD Maximize: (1920, 1080) @03-03-2022 02:16:09.0337 AM
[ReportManager] Window size after Toolkit: (1920, 1080) @03-03-2022 02:16:10.0014 AM
[ReportManager] Browser Action [MaximizeWindow] successfully performed. With the following test data [New screen size is now: (1920, 1080)]. @03-03-2022 02:16:10.0017 AM
[ReportManager] Target URL: [https://yari-demos.prod.mdn.mozit.cloud/en-US/docs/Web/HTML/Element/select/_sample_.Advanced_select_with_multiple_features.html] @03-03-2022 02:16:10.0017 AM
[ReportManager] Initial URL: [data:,] @03-03-2022 02:16:10.0050 AM
[ReportManager] Browser Action [NavigateToURL] successfully performed. With the following test data [https://yari-demos.prod.mdn.mozit.cloud/en-US/docs/Web/HTML/Element/select/_sample_.Advanced_select_with_multiple_features.html]. @03-03-2022 02:16:10.0460 AM
[ReportManager] Element Action [Select] successfully performed. With the following test data [Dog]. @03-03-2022 02:16:10.0685 AM
[ReportManager] Element Action [Select] successfully performed. With the following test data [Cat]. @03-03-2022 02:16:10.0891 AM
[ReportManager] Element Action [GetSelectedText] successfully performed. With the following test data [DogCat]. @03-03-2022 02:16:11.0021 AM
[ReportManager] DogCat @03-03-2022 02:16:11.0021 AM
[ReportManager] Element Action [GetSelectedText] successfully performed. With the following test data [DogCat]. @03-03-2022 02:16:11.0117 AM
[ReportManager] Assertion [ValidateElementAttribute] PASSED. Expected [Value Should be 'DogCat' for the 'selectedText' attribute, element locator 'By.tagName: select'] and Actual [DogCat]. Comparison Type [EQUALS]. Validation Type [POSITIVE]. @03-03-2022 02:16:11.0671 AM
[ReportManager] Successfully created attachment [Screenshot - 1646273771545_multipleSelect_ValidateElementAttribute_passed] @03-03-2022 02:16:11.0671 AM
[ReportManager] Browser Action [CloseCurrentWindow] successfully performed. @03-03-2022 02:16:12.0009 AM
[ReportManager] Successfully created attachment [Browser Action Test Data - CloseCurrentWindow - Actual Value] @03-03-2022 02:16:12.0010 A

################################################################################################################################################
Starting Execution:	[160 out of 165] test cases in the current suite
Test Method:		[testPackage01.Test_SelectedValue.simpleSelect]
################################################################################################################################################
[ReportManager] File Action [GetAbsolutePath] successfully performed. With the following test data [Relative Folder Path: "target/downloadedFiles/"]. @03-03-2022 02:16:12.0017 AM
[ReportManager] Attempting to run locally on: [Mac-64], [GoogleChrome], Headless Execution. @03-03-2022 02:16:12.0017 AM
[ReportManager] Identifying OS/Driver combination and selecting the correct driver version automatically. Please note that if a new driver executable will be downloaded it may take some time... @03-03-2022 02:16:12.0018 AM
[ReportManager] Successfully Opened Google Chrome. @03-03-2022 02:16:12.0926 AM
[ReportManager] Initial window size: (1920, 1080) @03-03-2022 02:16:12.0930 AM
[ReportManager] Window size after SWD Maximize: (1920, 1080) @03-03-2022 02:16:13.0163 AM
[ReportManager] Window size after Toolkit: (1920, 1080) @03-03-2022 02:16:13.0732 AM
[ReportManager] Browser Action [MaximizeWindow] successfully performed. With the following test data [New screen size is now: (1920, 1080)]. @03-03-2022 02:16:13.0735 AM
[ReportManager] Target URL: [https://yari-demos.prod.mdn.mozit.cloud/en-US/docs/Web/HTML/Element/select/_sample_.Basic_select.html] @03-03-2022 02:16:13.0735 AM
[ReportManager] Initial URL: [data:,] @03-03-2022 02:16:13.0766 AM
[ReportManager] Browser Action [NavigateToURL] successfully performed. With the following test data [https://yari-demos.prod.mdn.mozit.cloud/en-US/docs/Web/HTML/Element/select/_sample_.Basic_select.html]. @03-03-2022 02:16:14.0122 AM
[ReportManager] Element Action [Select] successfully performed. With the following test data [Third Value]. @03-03-2022 02:16:14.0412 AM
[ReportManager] Element Action [GetSelectedText] successfully performed. With the following test data [Third Value]. @03-03-2022 02:16:14.0517 AM
[ReportManager] Third Value @03-03-2022 02:16:14.0517 AM
[ReportManager] Element Action [GetSelectedText] successfully performed. With the following test data [Third Value]. @03-03-2022 02:16:14.0598 AM
[ReportManager] Assertion [ValidateElementAttribute] PASSED. Expected [Value Should be 'Third Value' for the 'selectedText' attribute, element locator 'By.tagName: select'] and Actual [Third Value]. Comparison Type [EQUALS]. Validation Type [POSITIVE]. @03-03-2022 02:16:15.0174 AM
[ReportManager] Successfully created attachment [Screenshot - 1646273775036_simpleSelect_ValidateElementAttribute_passed] @03-03-2022 02:16:15.0175 AM
[ReportManager] Browser Action [CloseCurrentWindow] successfully performed. @03-03-2022 02:16:15.0528 AM
[ReportManager] Successfully created attachment [Browser Action Test Data - CloseCurrentWindow - Actual Value] @03-03-2022 02:16:15.0529 A
[ReportManager] File Action [GetAbsolutePath] successfully performed. With the following test data [Relative Folder Path: "target/downloadedFiles/"]. @03-03-2022 02:16:15.0535 AM
[ReportManager] Attempting to run locally on: [Mac-64], [Safari], Headless Execution. @03-03-2022 02:16:15.0536 AM
[ReportManager] Successfully Opened Safari. @03-03-2022 02:16:16.0882 AM
[ReportManager] Initial window size: (800, 600) @03-03-2022 02:16:16.0938 AM
[ReportManager] Window size after SWD Maximize: (1176, 803) @03-03-2022 02:16:16.0963 AM
[ReportManager] Browser Action [MaximizeWindow] successfully performed. With the following test data [New screen size is now: (1176, 803)]. @03-03-2022 02:16:16.0963 A

################################################################################################################################################
Starting Execution:	[161 out of 165] test cases in the current suite
Test Method:		[testPackage01.Test_dynamicLoading.dynamicLoading_elementIsHidden]
################################################################################################################################################
[ReportManager] Target URL: [https://the-internet.herokuapp.com/dynamic_loading/1] @03-03-2022 02:16:16.0967 AM
[ReportManager] Initial URL: [] @03-03-2022 02:16:17.0049 AM
[ReportManager] Browser Action [NavigateToURL] successfully performed. With the following test data [https://the-internet.herokuapp.com/dynamic_loading/1]. @03-03-2022 02:16:17.0639 AM
[ReportManager] Element Action [Click] successfully performed. With the following test data [By.xpath: //button[text()='Start']]. @03-03-2022 02:16:17.0859 AM
[ReportManager] Element Action [GetText] successfully performed. With the following test data [
    Hello World!
  ]. @03-03-2022 02:16:17.0910 A
[ReportManager] Browser Action [CloseCurrentWindow] successfully performed. @03-03-2022 02:16:18.0311 AM
[ReportManager] Successfully created attachment [Browser Action Test Data - CloseCurrentWindow - Actual Value] @03-03-2022 02:16:18.0311 A
[ReportManager] File Action [GetAbsolutePath] successfully performed. With the following test data [Relative Folder Path: "target/downloadedFiles/"]. @03-03-2022 02:16:18.0314 AM
[ReportManager] Attempting to run locally on: [Mac-64], [Safari], Headless Execution. @03-03-2022 02:16:18.0314 AM
[ReportManager] Successfully Opened Safari. @03-03-2022 02:16:19.0225 AM
[ReportManager] Initial window size: (800, 600) @03-03-2022 02:16:19.0255 AM
[ReportManager] Window size after SWD Maximize: (1176, 803) @03-03-2022 02:16:19.0288 AM
[ReportManager] Browser Action [MaximizeWindow] successfully performed. With the following test data [New screen size is now: (1176, 803)]. @03-03-2022 02:16:19.0289 A

################################################################################################################################################
Starting Execution:	[162 out of 165] test cases in the current suite
Test Method:		[testPackage01.Test_dynamicLoading.dynamicLoading_elementIsRendered]
################################################################################################################################################
[ReportManager] Target URL: [https://the-internet.herokuapp.com/dynamic_loading/2] @03-03-2022 02:16:19.0302 AM
[ReportManager] Initial URL: [] @03-03-2022 02:16:19.0355 AM
[ReportManager] Browser Action [NavigateToURL] successfully performed. With the following test data [https://the-internet.herokuapp.com/dynamic_loading/2]. @03-03-2022 02:16:19.0933 AM
[ReportManager] Element Action [Click] successfully performed. With the following test data [By.xpath: //button[text()='Start']]. @03-03-2022 02:16:20.0213 AM
[ReportManager] Element Action [GetText] successfully performed. With the following test data [Hello World!]. @03-03-2022 02:16:25.0605 AM
[ReportManager] Assertion [ValidateElementAttribute] PASSED. Expected [Value Should be 'Hello World!' for the 'text' attribute, element locator 'By.id: finish'] and Actual [Hello World!]. Comparison Type [CONTAINS]. Validation Type [POSITIVE]. @03-03-2022 02:16:25.0755 AM
[ReportManager] Successfully created attachment [Screenshot - 1646273785692_dynamicLoading_elementIsRendered_ValidateElementAttribute_passed] @03-03-2022 02:16:25.0756 A
[ReportManager] Browser Action [CloseCurrentWindow] successfully performed. @03-03-2022 02:16:26.0167 AM
[ReportManager] Successfully created attachment [Browser Action Test Data - CloseCurrentWindow - Actual Value] @03-03-2022 02:16:26.0168 A

################################################################################################################################################
Starting Execution:	[163 out of 165] test cases in the current suite
Test Method:		[dsl.testDsl.testButton]
################################################################################################################################################
[ReportManager] File Action [GetAbsolutePath] successfully performed. With the following test data [Relative Folder Path: "target/downloadedFiles/"]. @03-03-2022 02:16:26.0389 AM
[ReportManager] Attempting to run locally on: [Mac-64], [Safari], Headless Execution. @03-03-2022 02:16:26.0389 AM
[ReportManager] Successfully Opened Safari. @03-03-2022 02:16:27.0267 AM
[ReportManager] Initial window size: (800, 600) @03-03-2022 02:16:27.0288 AM
[ReportManager] Window size after SWD Maximize: (1176, 803) @03-03-2022 02:16:27.0348 AM
[ReportManager] Browser Action [MaximizeWindow] successfully performed. With the following test data [New screen size is now: (1176, 803)]. @03-03-2022 02:16:27.0349 AM
[ReportManager] Target URL: [http://the-internet.herokuapp.com/] @03-03-2022 02:16:27.0349 AM
[ReportManager] Initial URL: [] @03-03-2022 02:16:27.0392 AM
[ReportManager] Browser Action [NavigateToURL] successfully performed. With the following test data [http://the-internet.herokuapp.com/]. @03-03-2022 02:16:27.0953 AM
[ReportManager] Element Action [Click] successfully performed. With the following test data [By.linkText: Add/Remove Elements]. @03-03-2022 02:16:28.0149 AM
[ReportManager] Element Action [GetText] successfully performed. With the following test data [Add Element]. @03-03-2022 02:16:28.0280 AM
[ReportManager] Assertion Passed: Then I Assert that [Add Element] is equal to [Add Element]. @03-03-2022 02:16:28.0281 AM
[ReportManager] Assertion [ValidateEquals] PASSED. Expected [Add Element] and Actual [Add Element]. Comparison Type [EQUALS]. Validation Type [POSITIVE]. @03-03-2022 02:16:28.0281 AM
[ReportManager] Element Action [Click] successfully performed. With the following test data [By.xpath: //button[text()='Add Element']]. @03-03-2022 02:16:28.0557 AM
[ReportManager] Attempting to getAttribute [disabled] from elementLocator [By.xpath: //button[text()='Add Element']]. @03-03-2022 02:16:28.0557 AM
[ReportManager] Element Action [GetAttribute] successfully performed. @03-03-2022 02:16:28.0619 AM
[ReportManager] Element Action [GetText] successfully performed. With the following test data [Delete]. @03-03-2022 02:16:28.0660 AM
[ReportManager] Assertion Passed: Then I Assert that [Delete] is equal to [Delete]. @03-03-2022 02:16:28.0660 AM
[ReportManager] Assertion [ValidateEquals] PASSED. Expected [Delete] and Actual [Delete]. Comparison Type [EQUALS]. Validation Type [POSITIVE]. @03-03-2022 02:16:28.0660 A

################################################################################################################################################
Starting Execution:	[164 out of 165] test cases in the current suite
Test Method:		[dsl.testDsl.testCheckBox]
################################################################################################################################################
[ReportManager] File Action [GetAbsolutePath] successfully performed. With the following test data [Relative Folder Path: "target/downloadedFiles/"]. @03-03-2022 02:16:28.0860 AM
[ReportManager] Attempting to run locally on: [Mac-64], [Safari], Headless Execution. @03-03-2022 02:16:28.0860 AM
[ReportManager] Successfully Opened Safari. @03-03-2022 02:16:29.0786 AM
[ReportManager] Initial window size: (800, 600) @03-03-2022 02:16:29.0796 AM
[ReportManager] Window size after SWD Maximize: (1176, 803) @03-03-2022 02:16:29.0823 AM
[ReportManager] Browser Action [MaximizeWindow] successfully performed. With the following test data [New screen size is now: (1176, 803)]. @03-03-2022 02:16:29.0823 AM
[ReportManager] Target URL: [http://the-internet.herokuapp.com/] @03-03-2022 02:16:29.0823 AM
[ReportManager] Initial URL: [] @03-03-2022 02:16:29.0888 AM
[ReportManager] Browser Action [NavigateToURL] successfully performed. With the following test data [http://the-internet.herokuapp.com/]. @03-03-2022 02:16:30.0416 AM
[ReportManager] Element Action [Click] successfully performed. With the following test data [By.linkText: Checkboxes]. @03-03-2022 02:16:30.0692 AM
[ReportManager] Element Action [Click] successfully performed. With the following test data [By.xpath: (//INPUT[@type='checkbox'])[1]]. @03-03-2022 02:16:32.0028 AM
[ReportManager] Element Action [Click] successfully performed. With the following test data [By.xpath: (//INPUT[@type='checkbox'])[2]]. @03-03-2022 02:16:32.0210 A

################################################################################################################################################
Starting Execution:	[165 out of 165] test cases in the current suite
Test Method:		[dsl.testDsl.testLabel]
################################################################################################################################################
[ReportManager] File Action [GetAbsolutePath] successfully performed. With the following test data [Relative Folder Path: "target/downloadedFiles/"]. @03-03-2022 02:16:32.0581 AM
[ReportManager] Attempting to run locally on: [Mac-64], [Safari], Headless Execution. @03-03-2022 02:16:32.0581 AM
[ReportManager] Successfully Opened Safari. @03-03-2022 02:16:33.0516 AM
[ReportManager] Initial window size: (800, 600) @03-03-2022 02:16:33.0521 AM
[ReportManager] Window size after SWD Maximize: (1176, 803) @03-03-2022 02:16:33.0556 AM
[ReportManager] Browser Action [MaximizeWindow] successfully performed. With the following test data [New screen size is now: (1176, 803)]. @03-03-2022 02:16:33.0557 AM
[ReportManager] Element Action [GetText] successfully performed. With the following test data [Welcome to the-internet]. @03-03-2022 02:16:34.0167 AM
[ReportManager] Assertion Passed: Then I Assert that [Welcome to the-internet] is equal to [Welcome to the-internet]. @03-03-2022 02:16:34.0168 AM
[ReportManager] Assertion [ValidateEquals] PASSED. Expected [Welcome to the-internet] and Actual [Welcome to the-internet]. Comparison Type [EQUALS]. Validation Type [POSITIVE]. @03-03-2022 02:16:34.0168 A
[ReportManager] Successfully created attachment [SHAFT Engine Logs - Execution log] @03-03-2022 02:16:34.0648 AM

################################################################################################################################################
This test run was powered by SHAFT Engine Version: [SHAFT Engine v6.1.20220113]
SHAFT Engine is licensed under the MIT License: [https://github.com/MohabMohie/SHAFT_ENGINE/blob/master/LICENSE].
################################################################################################################################################