################################################################################################################################################
Detected SHAFT Engine Version: [SHAFT Engine v6.1.20220113]
################################################################################################################################################
[ReportManager] File Action [GetAbsolutePath] successfully performed. With the following test data [Relative Folder Path: "target/downloadedFiles/"]. @10-03-2022 02:12:39.0176 AM
[ReportManager] Attempting to run locally on: [Mac-64], [Safari], Headless Execution. @10-03-2022 02:12:39.0191 AM
[ReportManager] Successfully Opened Safari. @10-03-2022 02:12:44.0916 AM
[ReportManager] Initial window size: (800, 600) @10-03-2022 02:12:44.0938 AM
[ReportManager] Window size after SWD Maximize: (1176, 802) @10-03-2022 02:12:45.0054 AM
[ReportManager] Browser Action [MaximizeWindow] successfully performed. With the following test data [New screen size is now: (1176, 802)]. @10-03-2022 02:12:45.0063 A

################################################################################################################################################
Starting Execution:	[1 out of 165] test cases in the current suite
Test Method:		[unitTests.tests_element_elementActions.waitForElementToBePresent_false_expectedToFail]
################################################################################################################################################
[ReportManager] Target URL: [https://www.google.com/ncr], and after redirection: [www.google.com] @10-03-2022 02:12:45.0344 AM
[ReportManager] Initial URL: [] @10-03-2022 02:12:45.0417 AM
[ReportManager] Browser Action [NavigateToURL] successfully performed. With the following test data [https://www.google.com/ncr]. @10-03-2022 02:12:49.0539 AM
[ReportManager] Waiting for element to be present; elementLocator [By.xpath: //*[@id='hplogo' or @alt='Google']], numberOfTries[1], stateOfPresence[false]... @10-03-2022 02:12:49.0553 AM
[ReportManager] Element Action [WaitForElementToBePresent] failed. With the following test data [waited for the element's state of presence to be (false). Element locator (By.xpath: //*[@id='hplogo' or @alt='Google'])]. @10-03-2022 02:12:51.0747 AM
[ReportManager] Successfully created attachment [Screenshot - 1646878369924_waitForElementToBePresent_false_expectedToFail_WaitForElementToBePresent_failed] @10-03-2022 02:12:51.0779 A
[ReportManager] Browser Action [CloseCurrentWindow] successfully performed. @10-03-2022 02:12:52.0265 AM
[ReportManager] Successfully created attachment [Browser Action Test Data - CloseCurrentWindow - Actual Value] @10-03-2022 02:12:52.0302 A
[ReportManager] File Action [GetAbsolutePath] successfully performed. With the following test data [Relative Folder Path: "target/downloadedFiles/"]. @10-03-2022 02:12:52.0316 AM
[ReportManager] Attempting to run locally on: [Mac-64], [Safari], Headless Execution. @10-03-2022 02:12:52.0317 AM
[ReportManager] Successfully Opened Safari. @10-03-2022 02:12:53.0276 AM
[ReportManager] Initial window size: (800, 600) @10-03-2022 02:12:53.0309 AM
[ReportManager] Window size after SWD Maximize: (1176, 803) @10-03-2022 02:12:53.0498 AM
[ReportManager] Browser Action [MaximizeWindow] successfully performed. With the following test data [New screen size is now: (1176, 803)]. @10-03-2022 02:12:53.0498 A

################################################################################################################################################
Starting Execution:	[2 out of 165] test cases in the current suite
Test Method:		[unitTests.tests_element_elementActions.waitForElementToBePresent_false_expectedToPass]
################################################################################################################################################
[ReportManager] Target URL: [https://www.google.com/ncr], and after redirection: [www.google.com] @10-03-2022 02:12:53.0504 AM
[ReportManager] Initial URL: [] @10-03-2022 02:12:53.0562 AM
[ReportManager] Browser Action [NavigateToURL] successfully performed. With the following test data [https://www.google.com/ncr]. @10-03-2022 02:12:56.0502 AM
[ReportManager] Waiting for element to be present; elementLocator [By.id: bla], numberOfTries[1], stateOfPresence[false]... @10-03-2022 02:12:56.0503 AM
[ReportManager] org.openqa.selenium.TimeoutException:
Expected condition failed: waiting for com.shaft.gui.element.ElementActionsHelper$$Lambda$641/0x000000080114a5f0@5cef5fc9 (tried for 5 second(s) with 1000 milliseconds interval)
org.openqa.selenium.support.ui.FluentWait.timeoutException(FluentWait.java:263)
org.openqa.selenium.support.ui.FluentWait.until(FluentWait.java:231)
com.shaft.gui.element.ElementActionsHelper.waitForElementPresence(ElementActionsHelper.java:89)
com.shaft.gui.element.ElementActionsHelper.waitForElementPresence(ElementActionsHelper.java:37)
com.shaft.gui.element.WebDriverElementActions.getMatchingElementsCount(WebDriverElementActions.java:1481)
com.shaft.gui.element.WebDriverElementActions.waitForElementToBePresent(WebDriverElementActions.java:1295)
com.shaft.gui.element.ElementActions.waitForElementToBePresent(ElementActions.java:630)
unitTests.tests_element_elementActions.waitForElementToBePresent_false_expectedToPass(tests_element_elementActions.java:64)
java.base/jdk.internal.reflect.NativeMethodAccessorImpl.invoke0(Native Method)
java.base/jdk.internal.reflect.NativeMethodAccessorImpl.invoke(NativeMethodAccessorImpl.java:77)
java.base/jdk.internal.reflect.DelegatingMethodAccessorImpl.invoke(DelegatingMethodAccessorImpl.java:43)
java.base/java.lang.reflect.Method.invoke(Method.java:568)
org.testng.internal.invokers.MethodInvocationHelper.invokeMethod(MethodInvocationHelper.java:135)
org.testng.internal.invokers.TestInvoker.invokeMethod(TestInvoker.java:673)
org.testng.internal.invokers.TestInvoker.invokeTestMethod(TestInvoker.java:220)
org.testng.internal.invokers.MethodRunner.runInSequence(MethodRunner.java:50)
org.testng.internal.invokers.TestInvoker$MethodInvocationAgent.invoke(TestInvoker.java:945)
org.testng.internal.invokers.TestInvoker.invokeTestMethods(TestInvoker.java:193)
org.testng.internal.invokers.TestMethodWorker.invokeTestMethods(TestMethodWorker.java:146)
org.testng.internal.invokers.TestMethodWorker.run(TestMethodWorker.java:128)
java.base/java.util.ArrayList.forEach(ArrayList.java:1511)
org.testng.TestRunner.privateRun(TestRunner.java:808)
org.testng.TestRunner.run(TestRunner.java:603)
org.testng.SuiteRunner.runTest(SuiteRunner.java:429)
org.testng.SuiteRunner.runSequentially(SuiteRunner.java:423)
org.testng.SuiteRunner.privateRun(SuiteRunner.java:383)
org.testng.SuiteRunner.run(SuiteRunner.java:326)
org.testng.SuiteRunnerWorker.runSuite(SuiteRunnerWorker.java:52)
org.testng.SuiteRunnerWorker.run(SuiteRunnerWorker.java:95)
org.testng.TestNG.runSuitesSequentially(TestNG.java:1249)
org.testng.TestNG.runSuitesLocally(TestNG.java:1169)
org.testng.TestNG.runSuites(TestNG.java:1092)
org.testng.TestNG.run(TestNG.java:1060)
org.apache.maven.surefire.testng.TestNGExecutor.run(TestNGExecutor.java:136)
org.apache.maven.surefire.testng.TestNGDirectoryTestSuite.executeMulti(TestNGDirectoryTestSuite.java:193)
org.apache.maven.surefire.testng.TestNGDirectoryTestSuite.execute(TestNGDirectoryTestSuite.java:94)
org.apache.maven.surefire.testng.TestNGProvider.invoke(TestNGProvider.java:145)
org.apache.maven.surefire.booter.ForkedBooter.runSuitesInProcess(ForkedBooter.java:428)
org.apache.maven.surefire.booter.ForkedBooter.execute(ForkedBooter.java:162)
org.apache.maven.surefire.booter.ForkedBooter.run(ForkedBooter.java:562)
org.apache.maven.surefire.booter.ForkedBooter.main(ForkedBooter.java:548)

Caused by: org.openqa.selenium.NoSuchElementException:
For documentation on this error, please visit: https://selenium.dev/exceptions/#no_such_element
Build info: version: '4.1.2', revision: '9a5a329c5a'
System info: host: 'Mac-1646878219171.local', ip: '10.212.11.203', os.name: 'Mac OS X', os.arch: 'x86_64', os.version: '11.6.4', java.version: '17.0.2'
Driver info: org.openqa.selenium.safari.SafariDriver
Command: [A599401E-10E3-4397-A186-DCE93D3A864C, findElement {using=id, value=bla}]
Capabilities {acceptInsecureCerts: false, browserName: Safari, browserVersion: 15.3, goog:loggingPrefs: {browser: ALL, client: ALL, driver: ALL, performance: ALL, profiler: ALL, server: ALL}, javascriptEnabled: true, pageLoadStrategy: normal, platform: MAC, platformName: MAC, safari:automaticInspection: false, safari:automaticProfiling: false, safari:diagnose: false, safari:platformBuildVersion: 20G417, safari:platformVersion: 11.6.4, safari:useSimulator: false, setWindowRect: true, strictFileInteractability: false, timeouts: {pageLoad: 30000, script: 30000}, webkit:WebRTC: {DisableICECandidateFiltering: false, DisableInsecureMediaCapture: false}}
Session ID: A599401E-10E3-4397-A186-DCE93D3A864C
java.base/jdk.internal.reflect.NativeConstructorAccessorImpl.newInstance0(Native Method)
java.base/jdk.internal.reflect.NativeConstructorAccessorImpl.newInstance(NativeConstructorAccessorImpl.java:77)
java.base/jdk.internal.reflect.DelegatingConstructorAccessorImpl.newInstance(DelegatingConstructorAccessorImpl.java:45)
java.base/java.lang.reflect.Constructor.newInstanceWithCaller(Constructor.java:499)
java.base/java.lang.reflect.Constructor.newInstance(Constructor.java:480)
org.openqa.selenium.remote.codec.w3c.W3CHttpResponseCodec.createException(W3CHttpResponseCodec.java:200)
org.openqa.selenium.remote.codec.w3c.W3CHttpResponseCodec.decode(W3CHttpResponseCodec.java:133)
org.openqa.selenium.remote.codec.w3c.W3CHttpResponseCodec.decode(W3CHttpResponseCodec.java:53)
org.openqa.selenium.remote.HttpCommandExecutor.execute(HttpCommandExecutor.java:184)
org.openqa.selenium.remote.service.DriverCommandExecutor.invokeExecute(DriverCommandExecutor.java:167)
org.openqa.selenium.remote.service.DriverCommandExecutor.execute(DriverCommandExecutor.java:142)
org.openqa.selenium.remote.RemoteWebDriver.execute(RemoteWebDriver.java:558)
org.openqa.selenium.remote.ElementLocation$ElementFinder$2.findElement(ElementLocation.java:162)
org.openqa.selenium.remote.ElementLocation.findElement(ElementLocation.java:60)
org.openqa.selenium.remote.RemoteWebDriver.findElement(RemoteWebDriver.java:382)
org.openqa.selenium.remote.RemoteWebDriver.findElement(RemoteWebDriver.java:374)
com.shaft.gui.element.ElementActionsHelper.lambda$waitForElementPresence$0(ElementActionsHelper.java:92)
org.openqa.selenium.support.ui.FluentWait.until(FluentWait.java:208)
com.shaft.gui.element.ElementActionsHelper.waitForElementPresence(ElementActionsHelper.java:89)
com.shaft.gui.element.ElementActionsHelper.waitForElementPresence(ElementActionsHelper.java:37)
com.shaft.gui.element.WebDriverElementActions.getMatchingElementsCount(WebDriverElementActions.java:1481)
com.shaft.gui.element.WebDriverElementActions.waitForElementToBePresent(WebDriverElementActions.java:1295)
com.shaft.gui.element.ElementActions.waitForElementToBePresent(ElementActions.java:630)
unitTests.tests_element_elementActions.waitForElementToBePresent_false_expectedToPass(tests_element_elementActions.java:64)
java.base/jdk.internal.reflect.NativeMethodAccessorImpl.invoke0(Native Method)
java.base/jdk.internal.reflect.NativeMethodAccessorImpl.invoke(NativeMethodAccessorImpl.java:77)
java.base/jdk.internal.reflect.DelegatingMethodAccessorImpl.invoke(DelegatingMethodAccessorImpl.java:43)
java.base/java.lang.reflect.Method.invoke(Method.java:568)
org.testng.internal.invokers.MethodInvocationHelper.invokeMethod(MethodInvocationHelper.java:135)
org.testng.internal.invokers.TestInvoker.invokeMethod(TestInvoker.java:673)
org.testng.internal.invokers.TestInvoker.invokeTestMethod(TestInvoker.java:220)
org.testng.internal.invokers.MethodRunner.runInSequence(MethodRunner.java:50)
org.testng.internal.invokers.TestInvoker$MethodInvocationAgent.invoke(TestInvoker.java:945)
org.testng.internal.invokers.TestInvoker.invokeTestMethods(TestInvoker.java:193)
org.testng.internal.invokers.TestMethodWorker.invokeTestMethods(TestMethodWorker.java:146)
org.testng.internal.invokers.TestMethodWorker.run(TestMethodWorker.java:128)
java.base/java.util.ArrayList.forEach(ArrayList.java:1511)
org.testng.TestRunner.privateRun(TestRunner.java:808)
org.testng.TestRunner.run(TestRunner.java:603)
org.testng.SuiteRunner.runTest(SuiteRunner.java:429)
org.testng.SuiteRunner.runSequentially(SuiteRunner.java:423)
org.testng.SuiteRunner.privateRun(SuiteRunner.java:383)
org.testng.SuiteRunner.run(SuiteRunner.java:326)
org.testng.SuiteRunnerWorker.runSuite(SuiteRunnerWorker.java:52)
org.testng.SuiteRunnerWorker.run(SuiteRunnerWorker.java:95)
org.testng.TestNG.runSuitesSequentially(TestNG.java:1249)
org.testng.TestNG.runSuitesLocally(TestNG.java:1169)
org.testng.TestNG.runSuites(TestNG.java:1092)
org.testng.TestNG.run(TestNG.java:1060)
org.apache.maven.surefire.testng.TestNGExecutor.run(TestNGExecutor.java:136)
org.apache.maven.surefire.testng.TestNGDirectoryTestSuite.executeMulti(TestNGDirectoryTestSuite.java:193)
org.apache.maven.surefire.testng.TestNGDirectoryTestSuite.execute(TestNGDirectoryTestSuite.java:94)
org.apache.maven.surefire.testng.TestNGProvider.invoke(TestNGProvider.java:145)
org.apache.maven.surefire.booter.ForkedBooter.runSuitesInProcess(ForkedBooter.java:428)
org.apache.maven.surefire.booter.ForkedBooter.execute(ForkedBooter.java:162)
org.apache.maven.surefire.booter.ForkedBooter.run(ForkedBooter.java:562)
org.apache.maven.surefire.booter.ForkedBooter.main(ForkedBooter.java:548) @10-03-2022 02:13:01.0688 AM
[ReportManager] Element Action [WaitForElementToBePresent] successfully performed. With the following test data [waited for the element's state of presence to be (false). Element locator (By.id: bla)]. @10-03-2022 02:13:01.0689 A
[ReportManager] Browser Action [CloseCurrentWindow] successfully performed. @10-03-2022 02:13:01.0988 AM
[ReportManager] Successfully created attachment [Browser Action Test Data - CloseCurrentWindow - Actual Value] @10-03-2022 02:13:01.0990 A
[ReportManager] File Action [GetAbsolutePath] successfully performed. With the following test data [Relative Folder Path: "target/downloadedFiles/"]. @10-03-2022 02:13:01.0998 AM
[ReportManager] Attempting to run locally on: [Mac-64], [Safari], Headless Execution. @10-03-2022 02:13:01.0999 AM
[ReportManager] Successfully Opened Safari. @10-03-2022 02:13:02.0898 AM
[ReportManager] Initial window size: (800, 600) @10-03-2022 02:13:02.0933 AM
[ReportManager] Window size after SWD Maximize: (1176, 803) @10-03-2022 02:13:02.0966 AM
[ReportManager] Browser Action [MaximizeWindow] successfully performed. With the following test data [New screen size is now: (1176, 803)]. @10-03-2022 02:13:02.0967 A

################################################################################################################################################
Starting Execution:	[3 out of 165] test cases in the current suite
Test Method:		[unitTests.tests_element_elementActions.waitForElementToBePresent_moreThanOneElement_expectedToFail]
################################################################################################################################################
[ReportManager] Target URL: [https://www.google.com/ncr], and after redirection: [www.google.com] @10-03-2022 02:13:02.0985 AM
[ReportManager] Initial URL: [] @10-03-2022 02:13:03.0053 AM
[ReportManager] Browser Action [NavigateToURL] successfully performed. With the following test data [https://www.google.com/ncr]. @10-03-2022 02:13:05.0886 AM
[ReportManager] Waiting for element to be present; elementLocator [By.xpath: //*], numberOfTries[1], stateOfPresence[false]... @10-03-2022 02:13:05.0887 AM
[ReportManager] Element Action [WaitForElementToBePresent] failed. With the following test data [waited for the element's state of presence to be (false). Element locator (By.xpath: //*)]. @10-03-2022 02:13:06.0202 AM
[ReportManager] Successfully created attachment [Screenshot - 1646878385963_waitForElementToBePresent_moreThanOneElement_expectedToFail_WaitForElementToBePresent_failed] @10-03-2022 02:13:06.0208 A
[ReportManager] Browser Action [CloseCurrentWindow] successfully performed. @10-03-2022 02:13:06.0379 AM
[ReportManager] Successfully created attachment [Browser Action Test Data - CloseCurrentWindow - Actual Value] @10-03-2022 02:13:06.0380 A
[ReportManager] File Action [GetAbsolutePath] successfully performed. With the following test data [Relative Folder Path: "target/downloadedFiles/"]. @10-03-2022 02:13:06.0385 AM
[ReportManager] Attempting to run locally on: [Mac-64], [Safari], Headless Execution. @10-03-2022 02:13:06.0386 AM
[ReportManager] Successfully Opened Safari. @10-03-2022 02:13:07.0302 AM
[ReportManager] Initial window size: (800, 600) @10-03-2022 02:13:07.0332 AM
[ReportManager] Window size after SWD Maximize: (1176, 803) @10-03-2022 02:13:07.0362 AM
[ReportManager] Browser Action [MaximizeWindow] successfully performed. With the following test data [New screen size is now: (1176, 803)]. @10-03-2022 02:13:07.0362 A

################################################################################################################################################
Starting Execution:	[4 out of 165] test cases in the current suite
Test Method:		[unitTests.tests_element_elementActions.waitForElementToBePresent_true_expectedToFail]
################################################################################################################################################
[ReportManager] Target URL: [https://www.google.com/ncr], and after redirection: [www.google.com] @10-03-2022 02:13:07.0365 AM
[ReportManager] Initial URL: [] @10-03-2022 02:13:07.0407 AM
[ReportManager] Browser Action [NavigateToURL] successfully performed. With the following test data [https://www.google.com/ncr]. @10-03-2022 02:13:10.0665 AM
[ReportManager] Waiting for element to be present; elementLocator [By.id: bla], numberOfTries[1], stateOfPresence[true]... @10-03-2022 02:13:10.0665 AM
[ReportManager] org.openqa.selenium.TimeoutException:
Expected condition failed: waiting for com.shaft.gui.element.ElementActionsHelper$$Lambda$641/0x000000080114a5f0@31d791c0 (tried for 5 second(s) with 1000 milliseconds interval)
org.openqa.selenium.support.ui.FluentWait.timeoutException(FluentWait.java:263)
org.openqa.selenium.support.ui.FluentWait.until(FluentWait.java:231)
com.shaft.gui.element.ElementActionsHelper.waitForElementPresence(ElementActionsHelper.java:89)
com.shaft.gui.element.ElementActionsHelper.waitForElementPresence(ElementActionsHelper.java:37)
com.shaft.gui.element.WebDriverElementActions.getMatchingElementsCount(WebDriverElementActions.java:1481)
com.shaft.gui.element.WebDriverElementActions.waitForElementToBePresent(WebDriverElementActions.java:1295)
com.shaft.gui.element.ElementActions.waitForElementToBePresent(ElementActions.java:630)
unitTests.tests_element_elementActions.waitForElementToBePresent_true_expectedToFail(tests_element_elementActions.java:55)
java.base/jdk.internal.reflect.NativeMethodAccessorImpl.invoke0(Native Method)
java.base/jdk.internal.reflect.NativeMethodAccessorImpl.invoke(NativeMethodAccessorImpl.java:77)
java.base/jdk.internal.reflect.DelegatingMethodAccessorImpl.invoke(DelegatingMethodAccessorImpl.java:43)
java.base/java.lang.reflect.Method.invoke(Method.java:568)
org.testng.internal.invokers.MethodInvocationHelper.invokeMethod(MethodInvocationHelper.java:135)
org.testng.internal.invokers.TestInvoker.invokeMethod(TestInvoker.java:673)
org.testng.internal.invokers.TestInvoker.invokeTestMethod(TestInvoker.java:220)
org.testng.internal.invokers.MethodRunner.runInSequence(MethodRunner.java:50)
org.testng.internal.invokers.TestInvoker$MethodInvocationAgent.invoke(TestInvoker.java:945)
org.testng.internal.invokers.TestInvoker.invokeTestMethods(TestInvoker.java:193)
org.testng.internal.invokers.TestMethodWorker.invokeTestMethods(TestMethodWorker.java:146)
org.testng.internal.invokers.TestMethodWorker.run(TestMethodWorker.java:128)
java.base/java.util.ArrayList.forEach(ArrayList.java:1511)
org.testng.TestRunner.privateRun(TestRunner.java:808)
org.testng.TestRunner.run(TestRunner.java:603)
org.testng.SuiteRunner.runTest(SuiteRunner.java:429)
org.testng.SuiteRunner.runSequentially(SuiteRunner.java:423)
org.testng.SuiteRunner.privateRun(SuiteRunner.java:383)
org.testng.SuiteRunner.run(SuiteRunner.java:326)
org.testng.SuiteRunnerWorker.runSuite(SuiteRunnerWorker.java:52)
org.testng.SuiteRunnerWorker.run(SuiteRunnerWorker.java:95)
org.testng.TestNG.runSuitesSequentially(TestNG.java:1249)
org.testng.TestNG.runSuitesLocally(TestNG.java:1169)
org.testng.TestNG.runSuites(TestNG.java:1092)
org.testng.TestNG.run(TestNG.java:1060)
org.apache.maven.surefire.testng.TestNGExecutor.run(TestNGExecutor.java:136)
org.apache.maven.surefire.testng.TestNGDirectoryTestSuite.executeMulti(TestNGDirectoryTestSuite.java:193)
org.apache.maven.surefire.testng.TestNGDirectoryTestSuite.execute(TestNGDirectoryTestSuite.java:94)
org.apache.maven.surefire.testng.TestNGProvider.invoke(TestNGProvider.java:145)
org.apache.maven.surefire.booter.ForkedBooter.runSuitesInProcess(ForkedBooter.java:428)
org.apache.maven.surefire.booter.ForkedBooter.execute(ForkedBooter.java:162)
org.apache.maven.surefire.booter.ForkedBooter.run(ForkedBooter.java:562)
org.apache.maven.surefire.booter.ForkedBooter.main(ForkedBooter.java:548)

Caused by: org.openqa.selenium.NoSuchElementException:
For documentation on this error, please visit: https://selenium.dev/exceptions/#no_such_element
Build info: version: '4.1.2', revision: '9a5a329c5a'
System info: host: 'Mac-1646878219171.local', ip: '10.212.11.203', os.name: 'Mac OS X', os.arch: 'x86_64', os.version: '11.6.4', java.version: '17.0.2'
Driver info: org.openqa.selenium.safari.SafariDriver
Command: [2EBE7920-8380-42E5-A69D-9FEAFF83B898, findElement {using=id, value=bla}]
Capabilities {acceptInsecureCerts: false, browserName: Safari, browserVersion: 15.3, goog:loggingPrefs: {browser: ALL, client: ALL, driver: ALL, performance: ALL, profiler: ALL, server: ALL}, javascriptEnabled: true, pageLoadStrategy: normal, platform: MAC, platformName: MAC, safari:automaticInspection: false, safari:automaticProfiling: false, safari:diagnose: false, safari:platformBuildVersion: 20G417, safari:platformVersion: 11.6.4, safari:useSimulator: false, setWindowRect: true, strictFileInteractability: false, timeouts: {pageLoad: 30000, script: 30000}, webkit:WebRTC: {DisableICECandidateFiltering: false, DisableInsecureMediaCapture: false}}
Session ID: 2EBE7920-8380-42E5-A69D-9FEAFF83B898
java.base/jdk.internal.reflect.NativeConstructorAccessorImpl.newInstance0(Native Method)
java.base/jdk.internal.reflect.NativeConstructorAccessorImpl.newInstance(NativeConstructorAccessorImpl.java:77)
java.base/jdk.internal.reflect.DelegatingConstructorAccessorImpl.newInstance(DelegatingConstructorAccessorImpl.java:45)
java.base/java.lang.reflect.Constructor.newInstanceWithCaller(Constructor.java:499)
java.base/java.lang.reflect.Constructor.newInstance(Constructor.java:480)
org.openqa.selenium.remote.codec.w3c.W3CHttpResponseCodec.createException(W3CHttpResponseCodec.java:200)
org.openqa.selenium.remote.codec.w3c.W3CHttpResponseCodec.decode(W3CHttpResponseCodec.java:133)
org.openqa.selenium.remote.codec.w3c.W3CHttpResponseCodec.decode(W3CHttpResponseCodec.java:53)
org.openqa.selenium.remote.HttpCommandExecutor.execute(HttpCommandExecutor.java:184)
org.openqa.selenium.remote.service.DriverCommandExecutor.invokeExecute(DriverCommandExecutor.java:167)
org.openqa.selenium.remote.service.DriverCommandExecutor.execute(DriverCommandExecutor.java:142)
org.openqa.selenium.remote.RemoteWebDriver.execute(RemoteWebDriver.java:558)
org.openqa.selenium.remote.ElementLocation$ElementFinder$2.findElement(ElementLocation.java:162)
org.openqa.selenium.remote.ElementLocation.findElement(ElementLocation.java:60)
org.openqa.selenium.remote.RemoteWebDriver.findElement(RemoteWebDriver.java:382)
org.openqa.selenium.remote.RemoteWebDriver.findElement(RemoteWebDriver.java:374)
com.shaft.gui.element.ElementActionsHelper.lambda$waitForElementPresence$0(ElementActionsHelper.java:92)
org.openqa.selenium.support.ui.FluentWait.until(FluentWait.java:208)
com.shaft.gui.element.ElementActionsHelper.waitForElementPresence(ElementActionsHelper.java:89)
com.shaft.gui.element.ElementActionsHelper.waitForElementPresence(ElementActionsHelper.java:37)
com.shaft.gui.element.WebDriverElementActions.getMatchingElementsCount(WebDriverElementActions.java:1481)
com.shaft.gui.element.WebDriverElementActions.waitForElementToBePresent(WebDriverElementActions.java:1295)
com.shaft.gui.element.ElementActions.waitForElementToBePresent(ElementActions.java:630)
unitTests.tests_element_elementActions.waitForElementToBePresent_true_expectedToFail(tests_element_elementActions.java:55)
java.base/jdk.internal.reflect.NativeMethodAccessorImpl.invoke0(Native Method)
java.base/jdk.internal.reflect.NativeMethodAccessorImpl.invoke(NativeMethodAccessorImpl.java:77)
java.base/jdk.internal.reflect.DelegatingMethodAccessorImpl.invoke(DelegatingMethodAccessorImpl.java:43)
java.base/java.lang.reflect.Method.invoke(Method.java:568)
org.testng.internal.invokers.MethodInvocationHelper.invokeMethod(MethodInvocationHelper.java:135)
org.testng.internal.invokers.TestInvoker.invokeMethod(TestInvoker.java:673)
org.testng.internal.invokers.TestInvoker.invokeTestMethod(TestInvoker.java:220)
org.testng.internal.invokers.MethodRunner.runInSequence(MethodRunner.java:50)
org.testng.internal.invokers.TestInvoker$MethodInvocationAgent.invoke(TestInvoker.java:945)
org.testng.internal.invokers.TestInvoker.invokeTestMethods(TestInvoker.java:193)
org.testng.internal.invokers.TestMethodWorker.invokeTestMethods(TestMethodWorker.java:146)
org.testng.internal.invokers.TestMethodWorker.run(TestMethodWorker.java:128)
java.base/java.util.ArrayList.forEach(ArrayList.java:1511)
org.testng.TestRunner.privateRun(TestRunner.java:808)
org.testng.TestRunner.run(TestRunner.java:603)
org.testng.SuiteRunner.runTest(SuiteRunner.java:429)
org.testng.SuiteRunner.runSequentially(SuiteRunner.java:423)
org.testng.SuiteRunner.privateRun(SuiteRunner.java:383)
org.testng.SuiteRunner.run(SuiteRunner.java:326)
org.testng.SuiteRunnerWorker.runSuite(SuiteRunnerWorker.java:52)
org.testng.SuiteRunnerWorker.run(SuiteRunnerWorker.java:95)
org.testng.TestNG.runSuitesSequentially(TestNG.java:1249)
org.testng.TestNG.runSuitesLocally(TestNG.java:1169)
org.testng.TestNG.runSuites(TestNG.java:1092)
org.testng.TestNG.run(TestNG.java:1060)
org.apache.maven.surefire.testng.TestNGExecutor.run(TestNGExecutor.java:136)
org.apache.maven.surefire.testng.TestNGDirectoryTestSuite.executeMulti(TestNGDirectoryTestSuite.java:193)
org.apache.maven.surefire.testng.TestNGDirectoryTestSuite.execute(TestNGDirectoryTestSuite.java:94)
org.apache.maven.surefire.testng.TestNGProvider.invoke(TestNGProvider.java:145)
org.apache.maven.surefire.booter.ForkedBooter.runSuitesInProcess(ForkedBooter.java:428)
org.apache.maven.surefire.booter.ForkedBooter.execute(ForkedBooter.java:162)
org.apache.maven.surefire.booter.ForkedBooter.run(ForkedBooter.java:562)
org.apache.maven.surefire.booter.ForkedBooter.main(ForkedBooter.java:548) @10-03-2022 02:13:15.0905 AM
[ReportManager] Element Action [WaitForElementToBePresent] failed. With the following test data [waited for the element's state of presence to be (true). Element locator (By.id: bla)]. @10-03-2022 02:13:16.0032 AM
[ReportManager] Successfully created attachment [Screenshot - 1646878395938_waitForElementToBePresent_true_expectedToFail_WaitForElementToBePresent_failed] @10-03-2022 02:13:16.0040 A
[ReportManager] Browser Action [CloseCurrentWindow] successfully performed. @10-03-2022 02:13:16.0148 AM
[ReportManager] Successfully created attachment [Browser Action Test Data - CloseCurrentWindow - Actual Value] @10-03-2022 02:13:16.0150 A
[ReportManager] File Action [GetAbsolutePath] successfully performed. With the following test data [Relative Folder Path: "target/downloadedFiles/"]. @10-03-2022 02:13:16.0157 AM
[ReportManager] Attempting to run locally on: [Mac-64], [Safari], Headless Execution. @10-03-2022 02:13:16.0157 AM
[ReportManager] Successfully Opened Safari. @10-03-2022 02:13:17.0016 AM
[ReportManager] Initial window size: (800, 600) @10-03-2022 02:13:17.0050 AM
[ReportManager] Window size after SWD Maximize: (1176, 803) @10-03-2022 02:13:17.0077 AM
[ReportManager] Browser Action [MaximizeWindow] successfully performed. With the following test data [New screen size is now: (1176, 803)]. @10-03-2022 02:13:17.0077 A

################################################################################################################################################
Starting Execution:	[5 out of 165] test cases in the current suite
Test Method:		[unitTests.tests_element_elementActions.waitForElementToBePresent_true_expectedToPass]
################################################################################################################################################
[ReportManager] Target URL: [https://www.google.com/ncr], and after redirection: [www.google.com] @10-03-2022 02:13:17.0083 AM
[ReportManager] Initial URL: [] @10-03-2022 02:13:17.0164 AM
[ReportManager] Browser Action [NavigateToURL] successfully performed. With the following test data [https://www.google.com/ncr]. @10-03-2022 02:13:20.0060 AM
[ReportManager] Waiting for element to be present; elementLocator [By.xpath: //*[@id='hplogo' or @alt='Google']], numberOfTries[1], stateOfPresence[true]... @10-03-2022 02:13:20.0061 AM
[ReportManager] Element Action [WaitForElementToBePresent] successfully performed. With the following test data [waited for the element's state of presence to be (true). Element locator (By.xpath: //*[@id='hplogo' or @alt='Google'])]. @10-03-2022 02:13:20.0094 AM
[ReportManager] File Action [DoesFileExist] successfully performed. With the following test data [File Path: "src/main/resources/dynamicObjectRepository/unitTests_tests_element_elementActions_waitForElementToBePresent_true_expectedToPass_By_xpath_id_hplogo_or_alt_Google.png"]. @10-03-2022 02:13:20.0104 AM
[ReportManager] File Action [DoesFileExist] successfully performed. With the following test data [File Path: "src/main/resources/dynamicObjectRepository/unitTests_tests_element_elementActions_waitForElementToBePresent_true_expectedToPass_By_xpath_id_hplogo_or_alt_Google.png"]. @10-03-2022 02:13:20.0232 AM
[ReportManager] Passing the test and saving a reference image @10-03-2022 02:13:20.0232 AM
[ReportManager] File Action [GetAbsolutePath] successfully performed. With the following test data [Relative File Path: "src/main/resources/dynamicObjectRepository/unitTests_tests_element_elementActions_waitForElementToBePresent_true_expectedToPass_By_xpath_id_hplogo_or_alt_Google.png"]. @10-03-2022 02:13:20.0233 AM
[ReportManager] File Action [WriteToFile] successfully performed. With the following test data [Target File Path: "/Users/runner/work/SHAFT_ENGINE/SHAFT_ENGINE/src/main/resources/dynamicObjectRepository/unitTests_tests_element_elementActions_waitForElementToBePresent_true_expectedToPass_By_xpath_id_hplogo_or_alt_Google.png"]. @10-03-2022 02:13:20.0234 AM
[ReportManager] Assertion Passed: Using Visual AI; OpenCV @10-03-2022 02:13:20.0237 AM
[ReportManager] Successfully created attachment [Validation Test Data - Actual Screenshot] @10-03-2022 02:13:20.0238 AM
[ReportManager] Assertion [ValidateElementMatches] PASSED. Expected [Element should match the reference screenshot] and Actual [TRUE]. Comparison Type [EXACT_OPENCV]. Validation Type [POSITIVE]. @10-03-2022 02:13:20.0238 A
[ReportManager] Browser Action [CloseCurrentWindow] successfully performed. @10-03-2022 02:13:20.0548 AM
[ReportManager] Successfully created attachment [Browser Action Test Data - CloseCurrentWindow - Actual Value] @10-03-2022 02:13:20.0549 A
[ReportManager] File Action [GetAbsolutePath] successfully performed. With the following test data [Relative Folder Path: "target/downloadedFiles/"]. @10-03-2022 02:13:20.0553 AM
[ReportManager] Attempting to run locally on: [Mac-64], [Safari], Headless Execution. @10-03-2022 02:13:20.0554 AM
[ReportManager] Successfully Opened Safari. @10-03-2022 02:13:21.0432 AM
[ReportManager] Initial window size: (800, 600) @10-03-2022 02:13:21.0465 AM
[ReportManager] Window size after SWD Maximize: (1176, 803) @10-03-2022 02:13:21.0495 AM
[ReportManager] Browser Action [MaximizeWindow] successfully performed. With the following test data [New screen size is now: (1176, 803)]. @10-03-2022 02:13:21.0496 AM
[ReportManager] Target URL: [https://duckduckgo.com] @10-03-2022 02:13:21.0496 AM
[ReportManager] Initial URL: [] @10-03-2022 02:13:21.0557 AM
[ReportManager] Browser Action [NavigateToURL] successfully performed. With the following test data [https://duckduckgo.com]. @10-03-2022 02:13:22.0360 A

################################################################################################################################################
Starting Execution:	[6 out of 165] test cases in the current suite
Test Method:		[unitTests.tests_browserActions.fullScreenWindow]
################################################################################################################################################
[ReportManager] Initial Windows Size: 1176x803 @10-03-2022 02:13:22.0375 AM
[ReportManager] Current Windows Size after fullScreen: 1176x885 @10-03-2022 02:13:22.0831 AM
[ReportManager] Browser Action [FullScreenWindow] successfully performed. @10-03-2022 02:13:22.0862 AM
[ReportManager] Successfully created attachment [Browser Action Test Data - FullScreenWindow - Actual Value] @10-03-2022 02:13:22.0864 A
[ReportManager] Target URL: [https://duckduckgo.com] @10-03-2022 02:13:22.0869 AM
[ReportManager] Initial URL: [https://duckduckgo.com] @10-03-2022 02:13:22.0936 AM
[ReportManager] Browser Action [NavigateToURL] successfully performed. With the following test data [https://duckduckgo.com]. @10-03-2022 02:13:24.0001 AM
[ReportManager] Browser Action [CloseCurrentWindow] successfully performed. @10-03-2022 02:13:24.0379 AM
[ReportManager] Successfully created attachment [Browser Action Test Data - CloseCurrentWindow - Actual Value] @10-03-2022 02:13:24.0383 A
[ReportManager] File Action [GetAbsolutePath] successfully performed. With the following test data [Relative Folder Path: "target/downloadedFiles/"]. @10-03-2022 02:13:24.0387 AM
[ReportManager] Attempting to run locally on: [Mac-64], [Safari], Headless Execution. @10-03-2022 02:13:24.0387 AM
[ReportManager] Successfully Opened Safari. @10-03-2022 02:13:25.0263 AM
[ReportManager] Initial window size: (800, 600) @10-03-2022 02:13:25.0295 AM
[ReportManager] Window size after SWD Maximize: (1176, 803) @10-03-2022 02:13:25.0334 AM
[ReportManager] Browser Action [MaximizeWindow] successfully performed. With the following test data [New screen size is now: (1176, 803)]. @10-03-2022 02:13:25.0334 AM
[ReportManager] Target URL: [https://duckduckgo.com] @10-03-2022 02:13:25.0334 AM
[ReportManager] Initial URL: [] @10-03-2022 02:13:25.0404 AM
[ReportManager] Browser Action [NavigateToURL] successfully performed. With the following test data [https://duckduckgo.com]. @10-03-2022 02:13:26.0116 A

################################################################################################################################################
Starting Execution:	[7 out of 165] test cases in the current suite
Test Method:		[unitTests.tests_browserActions.getCurrentURL]
################################################################################################################################################
[ReportManager] Browser Action [GetCurrentURL] successfully performed. With the following test data [https://duckduckgo.com/]. @10-03-2022 02:13:26.0144 A
[ReportManager] Target URL: [https://duckduckgo.com] @10-03-2022 02:13:26.0147 AM
[ReportManager] Initial URL: [https://duckduckgo.com] @10-03-2022 02:13:26.0183 AM
[ReportManager] Browser Action [NavigateToURL] successfully performed. With the following test data [https://duckduckgo.com]. @10-03-2022 02:13:26.0540 AM
[ReportManager] Browser Action [CloseCurrentWindow] successfully performed. @10-03-2022 02:13:26.0876 AM
[ReportManager] Successfully created attachment [Browser Action Test Data - CloseCurrentWindow - Actual Value] @10-03-2022 02:13:26.0877 A
[ReportManager] File Action [GetAbsolutePath] successfully performed. With the following test data [Relative Folder Path: "target/downloadedFiles/"]. @10-03-2022 02:13:26.0881 AM
[ReportManager] Attempting to run locally on: [Mac-64], [Safari], Headless Execution. @10-03-2022 02:13:26.0881 AM
[ReportManager] Successfully Opened Safari. @10-03-2022 02:13:27.0718 AM
[ReportManager] Initial window size: (800, 600) @10-03-2022 02:13:27.0749 AM
[ReportManager] Window size after SWD Maximize: (1176, 803) @10-03-2022 02:13:27.0767 AM
[ReportManager] Browser Action [MaximizeWindow] successfully performed. With the following test data [New screen size is now: (1176, 803)]. @10-03-2022 02:13:27.0768 AM
[ReportManager] Target URL: [https://duckduckgo.com] @10-03-2022 02:13:27.0768 AM
[ReportManager] Initial URL: [] @10-03-2022 02:13:27.0826 AM
[ReportManager] Browser Action [NavigateToURL] successfully performed. With the following test data [https://duckduckgo.com]. @10-03-2022 02:13:28.0540 A

################################################################################################################################################
Starting Execution:	[8 out of 165] test cases in the current suite
Test Method:		[unitTests.tests_browserActions.getCurrentWindowTitle]
################################################################################################################################################
[ReportManager] Browser Action [GetCurrentWindowTitle] successfully performed. With the following test data [DuckDuckGo â€” Privacy, simplified.]. @10-03-2022 02:13:28.0573 A
[ReportManager] Target URL: [https://duckduckgo.com] @10-03-2022 02:13:28.0576 AM
[ReportManager] Initial URL: [https://duckduckgo.com] @10-03-2022 02:13:28.0615 AM
[ReportManager] Browser Action [NavigateToURL] successfully performed. With the following test data [https://duckduckgo.com]. @10-03-2022 02:13:28.0945 AM
[ReportManager] Browser Action [CloseCurrentWindow] successfully performed. @10-03-2022 02:13:29.0304 AM
[ReportManager] Successfully created attachment [Browser Action Test Data - CloseCurrentWindow - Actual Value] @10-03-2022 02:13:29.0305 A
[ReportManager] File Action [GetAbsolutePath] successfully performed. With the following test data [Relative Folder Path: "target/downloadedFiles/"]. @10-03-2022 02:13:29.0312 AM
[ReportManager] Attempting to run locally on: [Mac-64], [Safari], Headless Execution. @10-03-2022 02:13:29.0312 AM
[ReportManager] Successfully Opened Safari. @10-03-2022 02:13:30.0166 AM
[ReportManager] Initial window size: (800, 600) @10-03-2022 02:13:30.0215 AM
[ReportManager] Window size after SWD Maximize: (1176, 803) @10-03-2022 02:13:30.0244 AM
[ReportManager] Browser Action [MaximizeWindow] successfully performed. With the following test data [New screen size is now: (1176, 803)]. @10-03-2022 02:13:30.0246 AM
[ReportManager] Target URL: [https://duckduckgo.com] @10-03-2022 02:13:30.0247 AM
[ReportManager] Initial URL: [] @10-03-2022 02:13:30.0334 AM
[ReportManager] Browser Action [NavigateToURL] successfully performed. With the following test data [https://duckduckgo.com]. @10-03-2022 02:13:31.0190 A

################################################################################################################################################
Starting Execution:	[9 out of 165] test cases in the current suite
Test Method:		[unitTests.tests_browserActions.getPageSource]
################################################################################################################################################
[ReportManager] Browser Action [GetPageSource] successfully performed. @10-03-2022 02:13:31.0221 AM
[ReportManager] Successfully created attachment [Browser Action Test Data - GetPageSource - Actual Value] @10-03-2022 02:13:31.0222 A
[ReportManager] Target URL: [https://duckduckgo.com] @10-03-2022 02:13:31.0225 AM
[ReportManager] Initial URL: [https://duckduckgo.com] @10-03-2022 02:13:31.0260 AM
[ReportManager] Browser Action [NavigateToURL] successfully performed. With the following test data [https://duckduckgo.com]. @10-03-2022 02:13:31.0652 AM
[ReportManager] Browser Action [CloseCurrentWindow] successfully performed. @10-03-2022 02:13:31.0846 AM
[ReportManager] Successfully created attachment [Browser Action Test Data - CloseCurrentWindow - Actual Value] @10-03-2022 02:13:31.0846 A
[ReportManager] File Action [GetAbsolutePath] successfully performed. With the following test data [Relative Folder Path: "target/downloadedFiles/"]. @10-03-2022 02:13:31.0850 AM
[ReportManager] Attempting to run locally on: [Mac-64], [Safari], Headless Execution. @10-03-2022 02:13:31.0851 AM
[ReportManager] Successfully Opened Safari. @10-03-2022 02:13:32.0718 AM
[ReportManager] Initial window size: (800, 600) @10-03-2022 02:13:32.0743 AM
[ReportManager] Window size after SWD Maximize: (1176, 803) @10-03-2022 02:13:32.0768 AM
[ReportManager] Browser Action [MaximizeWindow] successfully performed. With the following test data [New screen size is now: (1176, 803)]. @10-03-2022 02:13:32.0768 AM
[ReportManager] Target URL: [https://duckduckgo.com] @10-03-2022 02:13:32.0768 AM
[ReportManager] Initial URL: [] @10-03-2022 02:13:32.0831 AM
[ReportManager] Browser Action [NavigateToURL] successfully performed. With the following test data [https://duckduckgo.com]. @10-03-2022 02:13:33.0608 A

################################################################################################################################################
Starting Execution:	[10 out of 165] test cases in the current suite
Test Method:		[unitTests.tests_browserActions.getWindowHandle]
################################################################################################################################################
[ReportManager] Browser Action [GetWindowHandle] successfully performed. With the following test data [page-30122005-8BCB-492F-9C3A-E4BF47823CC2]. @10-03-2022 02:13:33.0681 A
[ReportManager] Target URL: [https://duckduckgo.com] @10-03-2022 02:13:33.0684 AM
[ReportManager] Initial URL: [https://duckduckgo.com] @10-03-2022 02:13:33.0728 AM
[ReportManager] Browser Action [NavigateToURL] successfully performed. With the following test data [https://duckduckgo.com]. @10-03-2022 02:13:34.0093 AM
[ReportManager] Browser Action [CloseCurrentWindow] successfully performed. @10-03-2022 02:13:34.0250 AM
[ReportManager] Successfully created attachment [Browser Action Test Data - CloseCurrentWindow - Actual Value] @10-03-2022 02:13:34.0251 A
[ReportManager] File Action [GetAbsolutePath] successfully performed. With the following test data [Relative Folder Path: "target/downloadedFiles/"]. @10-03-2022 02:13:34.0255 AM
[ReportManager] Attempting to run locally on: [Mac-64], [Safari], Headless Execution. @10-03-2022 02:13:34.0255 AM
[ReportManager] Successfully Opened Safari. @10-03-2022 02:13:35.0103 AM
[ReportManager] Initial window size: (800, 600) @10-03-2022 02:13:35.0133 AM
[ReportManager] Window size after SWD Maximize: (1176, 803) @10-03-2022 02:13:35.0163 AM
[ReportManager] Browser Action [MaximizeWindow] successfully performed. With the following test data [New screen size is now: (1176, 803)]. @10-03-2022 02:13:35.0163 AM
[ReportManager] Target URL: [https://duckduckgo.com] @10-03-2022 02:13:35.0163 AM
[ReportManager] Initial URL: [] @10-03-2022 02:13:35.0211 AM
[ReportManager] Browser Action [NavigateToURL] successfully performed. With the following test data [https://duckduckgo.com]. @10-03-2022 02:13:35.0932 A

################################################################################################################################################
Starting Execution:	[11 out of 165] test cases in the current suite
Test Method:		[unitTests.tests_browserActions.getWindowPosition]
################################################################################################################################################
[ReportManager] Browser Action [GetWindowPosition] successfully performed. With the following test data [(0, 25)]. @10-03-2022 02:13:35.0962 A
[ReportManager] Target URL: [https://duckduckgo.com] @10-03-2022 02:13:35.0965 AM
[ReportManager] Initial URL: [https://duckduckgo.com] @10-03-2022 02:13:36.0012 AM
[ReportManager] Browser Action [NavigateToURL] successfully performed. With the following test data [https://duckduckgo.com]. @10-03-2022 02:13:36.0479 AM
[ReportManager] Browser Action [CloseCurrentWindow] successfully performed. @10-03-2022 02:13:36.0634 AM
[ReportManager] Successfully created attachment [Browser Action Test Data - CloseCurrentWindow - Actual Value] @10-03-2022 02:13:36.0635 A
[ReportManager] File Action [GetAbsolutePath] successfully performed. With the following test data [Relative Folder Path: "target/downloadedFiles/"]. @10-03-2022 02:13:36.0638 AM
[ReportManager] Attempting to run locally on: [Mac-64], [Safari], Headless Execution. @10-03-2022 02:13:36.0638 AM
[ReportManager] Successfully Opened Safari. @10-03-2022 02:13:37.0628 AM
[ReportManager] Initial window size: (800, 600) @10-03-2022 02:13:37.0645 AM
[ReportManager] Window size after SWD Maximize: (1176, 803) @10-03-2022 02:13:37.0668 AM
[ReportManager] Browser Action [MaximizeWindow] successfully performed. With the following test data [New screen size is now: (1176, 803)]. @10-03-2022 02:13:37.0669 AM
[ReportManager] Target URL: [https://duckduckgo.com] @10-03-2022 02:13:37.0669 AM
[ReportManager] Initial URL: [] @10-03-2022 02:13:37.0751 AM
[ReportManager] Browser Action [NavigateToURL] successfully performed. With the following test data [https://duckduckgo.com]. @10-03-2022 02:13:38.0703 A

################################################################################################################################################
Starting Execution:	[12 out of 165] test cases in the current suite
Test Method:		[unitTests.tests_browserActions.getWindowSize]
################################################################################################################################################
[ReportManager] Browser Action [GetWindowSize] successfully performed. With the following test data [(1176, 803)]. @10-03-2022 02:13:38.0739 A
[ReportManager] Target URL: [https://duckduckgo.com] @10-03-2022 02:13:38.0742 AM
[ReportManager] Initial URL: [https://duckduckgo.com] @10-03-2022 02:13:38.0781 AM
[ReportManager] Browser Action [NavigateToURL] successfully performed. With the following test data [https://duckduckgo.com]. @10-03-2022 02:13:39.0194 AM
[ReportManager] Browser Action [CloseCurrentWindow] successfully performed. @10-03-2022 02:13:39.0542 AM
[ReportManager] Successfully created attachment [Browser Action Test Data - CloseCurrentWindow - Actual Value] @10-03-2022 02:13:39.0543 A
[ReportManager] File Action [GetAbsolutePath] successfully performed. With the following test data [Relative Folder Path: "target/downloadedFiles/"]. @10-03-2022 02:13:39.0546 AM
[ReportManager] Attempting to run locally on: [Mac-64], [Safari], Headless Execution. @10-03-2022 02:13:39.0547 AM
[ReportManager] Successfully Opened Safari. @10-03-2022 02:13:40.0362 AM
[ReportManager] Initial window size: (800, 600) @10-03-2022 02:13:40.0390 AM
[ReportManager] Window size after SWD Maximize: (1176, 803) @10-03-2022 02:13:40.0425 AM
[ReportManager] Browser Action [MaximizeWindow] successfully performed. With the following test data [New screen size is now: (1176, 803)]. @10-03-2022 02:13:40.0426 AM
[ReportManager] Target URL: [https://duckduckgo.com] @10-03-2022 02:13:40.0426 AM
[ReportManager] Initial URL: [] @10-03-2022 02:13:40.0471 AM
[ReportManager] Browser Action [NavigateToURL] successfully performed. With the following test data [https://duckduckgo.com]. @10-03-2022 02:13:41.0160 A

################################################################################################################################################
Starting Execution:	[13 out of 165] test cases in the current suite
Test Method:		[unitTests.tests_browserActions.maximizeWindow]
################################################################################################################################################
[ReportManager] Initial window size: (1176, 803) @10-03-2022 02:13:41.0174 AM
[ReportManager] Window size after SWD Maximize: (1176, 803) @10-03-2022 02:13:41.0214 AM
[ReportManager] Window size after Toolkit: (1920, 1080) @10-03-2022 02:13:41.0274 AM
[ReportManager] Browser Action [MaximizeWindow] successfully performed. With the following test data [New screen size is now: (1920, 1080)]. @10-03-2022 02:13:41.0303 A
[ReportManager] Target URL: [https://duckduckgo.com] @10-03-2022 02:13:41.0308 AM
[ReportManager] Initial URL: [https://duckduckgo.com] @10-03-2022 02:13:41.0338 AM
[ReportManager] Browser Action [NavigateToURL] successfully performed. With the following test data [https://duckduckgo.com]. @10-03-2022 02:13:41.0689 AM
[ReportManager] Browser Action [CloseCurrentWindow] successfully performed. @10-03-2022 02:13:41.0862 AM
[ReportManager] Successfully created attachment [Browser Action Test Data - CloseCurrentWindow - Actual Value] @10-03-2022 02:13:41.0863 A
[ReportManager] File Action [GetAbsolutePath] successfully performed. With the following test data [Relative Folder Path: "target/downloadedFiles/"]. @10-03-2022 02:13:41.0866 AM
[ReportManager] Attempting to run locally on: [Mac-64], [Safari], Headless Execution. @10-03-2022 02:13:41.0866 AM
[ReportManager] An Exception Occured with this Message: Could not start a new session. Possible causes are invalid address of the remote server or browser start-up failure.. @10-03-2022 02:13:41.0956 AM
[ReportManager] Successfully created attachment [Exception Stack Trace - org.openqa.selenium.SessionNotCreatedException] @10-03-2022 02:13:41.0956 AM
[ReportManager] Driver Factory Action [createNewLocalDriverInstanceForSafari] failed. With the following test data [Failed to create a session on DESKTOP_SAFARI]. @10-03-2022 02:13:41.0957 A

################################################################################################################################################
Starting Execution:	[14 out of 165] test cases in the current suite
Test Method:		[unitTests.tests_browserActions.navigateBack]
###############################################################################################################################################



################################################################################################################################################
Starting Execution:	[15 out of 165] test cases in the current suite
Test Method:		[unitTests.tests_browserActions.navigateForward]
###############################################################################################################################################



################################################################################################################################################
Starting Execution:	[16 out of 165] test cases in the current suite
Test Method:		[unitTests.tests_browserActions.navigateToURL]
###############################################################################################################################################



################################################################################################################################################
Starting Execution:	[17 out of 165] test cases in the current suite
Test Method:		[unitTests.tests_browserActions.navigateToURLWithRedirection]
###############################################################################################################################################



################################################################################################################################################
Starting Execution:	[18 out of 165] test cases in the current suite
Test Method:		[unitTests.tests_browserActions.refreshCurrentPage]
###############################################################################################################################################



################################################################################################################################################
Starting Execution:	[19 out of 165] test cases in the current suite
Test Method:		[unitTests.tests_browserActions.setWindowSize]
###############################################################################################################################################

[ReportManager] Successfully loaded the following test data file [src/test/resources/testDataFiles/testSuite01/TestData.xlsx]. @10-03-2022 02:13:43.0276 AM
[ReportManager] Successfully created attachment [Test Data - Excel] @10-03-2022 02:13:43.0277 A

################################################################################################################################################
Starting Execution:	[20 out of 165] test cases in the current suite
Test Method:		[unitTests.tests_io_excelFileManager.getCellData_rowName_expectedToPass]
################################################################################################################################################
[ReportManager] testRowData. @10-03-2022 02:13:43.0290 A

################################################################################################################################################
Starting Execution:	[21 out of 165] test cases in the current suite
Test Method:		[unitTests.tests_validations_assertions.assertComparativeRelation_greaterThanOrEquals_false_equals_expectedToFail]
################################################################################################################################################
[ReportManager] Assertion [ValidateComparativeRelation] FAILED. Expected [1] and Actual [1]. Comparison Type [GREATER_THAN_OR_EQUALS]. Validation Type [NEGATIVE]. @10-03-2022 02:13:43.0299 A

################################################################################################################################################
Starting Execution:	[22 out of 165] test cases in the current suite
Test Method:		[unitTests.tests_validations_assertions.assertComparativeRelation_greaterThanOrEquals_false_equals_expectedToPass]
################################################################################################################################################
[ReportManager] Assertion [ValidateComparativeRelation] PASSED. Expected [2] and Actual [1]. Comparison Type [GREATER_THAN_OR_EQUALS]. Validation Type [NEGATIVE]. @10-03-2022 02:13:43.0304 A

################################################################################################################################################
Starting Execution:	[23 out of 165] test cases in the current suite
Test Method:		[unitTests.tests_validations_assertions.assertComparativeRelation_greaterThanOrEquals_false_greaterThan_expectedToFail]
################################################################################################################################################
[ReportManager] Assertion [ValidateComparativeRelation] FAILED. Expected [1] and Actual [2]. Comparison Type [GREATER_THAN_OR_EQUALS]. Validation Type [NEGATIVE]. @10-03-2022 02:13:43.0307 A

################################################################################################################################################
Starting Execution:	[24 out of 165] test cases in the current suite
Test Method:		[unitTests.tests_validations_assertions.assertComparativeRelation_greaterThanOrEquals_false_greaterThan_expectedToPass]
################################################################################################################################################
[ReportManager] Assertion [ValidateComparativeRelation] PASSED. Expected [2] and Actual [1]. Comparison Type [GREATER_THAN_OR_EQUALS]. Validation Type [NEGATIVE]. @10-03-2022 02:13:43.0311 A

################################################################################################################################################
Starting Execution:	[25 out of 165] test cases in the current suite
Test Method:		[unitTests.tests_validations_assertions.assertComparativeRelation_greaterThanOrEquals_true_equals_expectedToFail]
################################################################################################################################################
[ReportManager] Assertion [ValidateComparativeRelation] FAILED. Expected [1] and Actual [0]. Comparison Type [GREATER_THAN_OR_EQUALS]. Validation Type [POSITIVE]. @10-03-2022 02:13:43.0315 A

################################################################################################################################################
Starting Execution:	[26 out of 165] test cases in the current suite
Test Method:		[unitTests.tests_validations_assertions.assertComparativeRelation_greaterThanOrEquals_true_equals_expectedToPass]
################################################################################################################################################
[ReportManager] Assertion [ValidateComparativeRelation] PASSED. Expected [1] and Actual [1]. Comparison Type [GREATER_THAN_OR_EQUALS]. Validation Type [POSITIVE]. @10-03-2022 02:13:43.0319 A

################################################################################################################################################
Starting Execution:	[27 out of 165] test cases in the current suite
Test Method:		[unitTests.tests_validations_assertions.assertComparativeRelation_greaterThanOrEquals_true_greaterThan_expectedToFail]
################################################################################################################################################
[ReportManager] Assertion [ValidateComparativeRelation] FAILED. Expected [2] and Actual [1]. Comparison Type [GREATER_THAN_OR_EQUALS]. Validation Type [POSITIVE]. @10-03-2022 02:13:43.0328 A

################################################################################################################################################
Starting Execution:	[28 out of 165] test cases in the current suite
Test Method:		[unitTests.tests_validations_assertions.assertComparativeRelation_greaterThanOrEquals_true_greaterThan_expectedToPass]
################################################################################################################################################
[ReportManager] Assertion [ValidateComparativeRelation] PASSED. Expected [1] and Actual [2]. Comparison Type [GREATER_THAN_OR_EQUALS]. Validation Type [POSITIVE]. @10-03-2022 02:13:43.0333 A
[ReportManager] File Action [GetAbsolutePath] successfully performed. With the following test data [Relative Folder Path: "target/downloadedFiles/"]. @10-03-2022 02:13:43.0337 AM
[ReportManager] Attempting to run locally on: [Mac-64], [Safari], Headless Execution. @10-03-2022 02:13:43.0337 AM
[ReportManager] Successfully Opened Safari. @10-03-2022 02:13:44.0182 AM
[ReportManager] Initial window size: (800, 600) @10-03-2022 02:13:44.0220 AM
[ReportManager] Window size after SWD Maximize: (1176, 803) @10-03-2022 02:13:44.0237 AM
[ReportManager] Browser Action [MaximizeWindow] successfully performed. With the following test data [New screen size is now: (1176, 803)]. @10-03-2022 02:13:44.0237 AM
[ReportManager] Target URL: [https://www.google.com/ncr], and after redirection: [www.google.com] @10-03-2022 02:13:44.0238 AM
[ReportManager] Initial URL: [] @10-03-2022 02:13:44.0292 AM
[ReportManager] Browser Action [NavigateToURL] successfully performed. With the following test data [https://www.google.com/ncr]. @10-03-2022 02:13:47.0347 A

################################################################################################################################################
Starting Execution:	[29 out of 165] test cases in the current suite
Test Method:		[unitTests.tests_validations_assertions.assertElementAttribute_false_caseInsensitiveComparison_expectedToFail]
################################################################################################################################################
[ReportManager] Element Action [Type] successfully performed. With the following test data [AUTOMATION]. @10-03-2022 02:13:47.0756 AM
[ReportManager] Element Action [GetText] successfully performed. With the following test data [AUTOMATION]. @10-03-2022 02:13:47.0815 AM
[ReportManager] Assertion [ValidateElementAttribute] FAILED. Expected [Value Should not be 'AutomaTion' for the 'text' attribute, element locator 'By.name: q'] and Actual [AUTOMATION]. Comparison Type [CASE_INSENSITIVE]. Validation Type [NEGATIVE]. @10-03-2022 02:13:48.0385 AM
[ReportManager] Successfully created attachment [Screenshot - 1646878428192_assertElementAttribute_false_caseInsensitiveComparison_expectedToFail_ValidateElementAttribute_failed] @10-03-2022 02:13:48.0390 A
[ReportManager] Browser Action [CloseCurrentWindow] successfully performed. @10-03-2022 02:13:48.0749 AM
[ReportManager] Successfully created attachment [Browser Action Test Data - CloseCurrentWindow - Actual Value] @10-03-2022 02:13:48.0749 A
[ReportManager] File Action [GetAbsolutePath] successfully performed. With the following test data [Relative Folder Path: "target/downloadedFiles/"]. @10-03-2022 02:13:48.0753 AM
[ReportManager] Attempting to run locally on: [Mac-64], [Safari], Headless Execution. @10-03-2022 02:13:48.0754 AM
[ReportManager] Successfully Opened Safari. @10-03-2022 02:13:49.0585 AM
[ReportManager] Initial window size: (800, 600) @10-03-2022 02:13:49.0624 AM
[ReportManager] Window size after SWD Maximize: (1176, 803) @10-03-2022 02:13:49.0664 AM
[ReportManager] Browser Action [MaximizeWindow] successfully performed. With the following test data [New screen size is now: (1176, 803)]. @10-03-2022 02:13:49.0664 AM
[ReportManager] Target URL: [https://www.google.com/ncr], and after redirection: [www.google.com] @10-03-2022 02:13:49.0664 AM
[ReportManager] Initial URL: [] @10-03-2022 02:13:49.0714 AM
[ReportManager] Browser Action [NavigateToURL] successfully performed. With the following test data [https://www.google.com/ncr]. @10-03-2022 02:13:52.0474 A

################################################################################################################################################
Starting Execution:	[30 out of 165] test cases in the current suite
Test Method:		[unitTests.tests_validations_assertions.assertElementAttribute_false_caseInsensitiveComparison_expectedToPass]
################################################################################################################################################
[ReportManager] Element Action [Type] successfully performed. With the following test data [AUTOMATION]. @10-03-2022 02:13:52.0728 AM
[ReportManager] Element Action [GetText] successfully performed. With the following test data [AUTOMATION]. @10-03-2022 02:13:53.0058 AM
[ReportManager] Assertion [ValidateElementAttribute] PASSED. Expected [Value Should not be 'AutomaTion123' for the 'text' attribute, element locator 'By.name: q'] and Actual [AUTOMATION]. Comparison Type [CASE_INSENSITIVE]. Validation Type [NEGATIVE]. @10-03-2022 02:13:53.0261 AM
[ReportManager] Successfully created attachment [Screenshot - 1646878433177_assertElementAttribute_false_caseInsensitiveComparison_expectedToPass_ValidateElementAttribute_passed] @10-03-2022 02:13:53.0263 A
[ReportManager] Browser Action [CloseCurrentWindow] successfully performed. @10-03-2022 02:13:53.0575 AM
[ReportManager] Successfully created attachment [Browser Action Test Data - CloseCurrentWindow - Actual Value] @10-03-2022 02:13:53.0576 A
[ReportManager] File Action [GetAbsolutePath] successfully performed. With the following test data [Relative Folder Path: "target/downloadedFiles/"]. @10-03-2022 02:13:53.0580 AM
[ReportManager] Attempting to run locally on: [Mac-64], [Safari], Headless Execution. @10-03-2022 02:13:53.0581 AM
[ReportManager] Successfully Opened Safari. @10-03-2022 02:13:54.0439 AM
[ReportManager] Initial window size: (800, 600) @10-03-2022 02:13:54.0469 AM
[ReportManager] Window size after SWD Maximize: (1176, 803) @10-03-2022 02:13:54.0503 AM
[ReportManager] Browser Action [MaximizeWindow] successfully performed. With the following test data [New screen size is now: (1176, 803)]. @10-03-2022 02:13:54.0503 AM
[ReportManager] Target URL: [https://www.google.com/ncr], and after redirection: [www.google.com] @10-03-2022 02:13:54.0503 AM
[ReportManager] Initial URL: [] @10-03-2022 02:13:54.0571 AM
[ReportManager] Browser Action [NavigateToURL] successfully performed. With the following test data [https://www.google.com/ncr]. @10-03-2022 02:13:57.0272 A

################################################################################################################################################
Starting Execution:	[31 out of 165] test cases in the current suite
Test Method:		[unitTests.tests_validations_assertions.assertElementAttribute_false_containsComparison_expectedToFail]
################################################################################################################################################
[ReportManager] Element Action [Type] successfully performed. With the following test data [Automation123]. @10-03-2022 02:13:57.0531 AM
[ReportManager] Element Action [GetText] successfully performed. With the following test data [Automation123]. @10-03-2022 02:13:57.0600 AM
[ReportManager] Assertion [ValidateElementAttribute] FAILED. Expected [Value Should not be 'Automation' for the 'text' attribute, element locator 'By.name: q'] and Actual [Automation123]. Comparison Type [CONTAINS]. Validation Type [NEGATIVE]. @10-03-2022 02:13:57.0941 AM
[ReportManager] Successfully created attachment [Screenshot - 1646878437852_assertElementAttribute_false_containsComparison_expectedToFail_ValidateElementAttribute_failed] @10-03-2022 02:13:57.0943 A
[ReportManager] Browser Action [CloseCurrentWindow] successfully performed. @10-03-2022 02:13:58.0129 AM
[ReportManager] Successfully created attachment [Browser Action Test Data - CloseCurrentWindow - Actual Value] @10-03-2022 02:13:58.0130 A
[ReportManager] File Action [GetAbsolutePath] successfully performed. With the following test data [Relative Folder Path: "target/downloadedFiles/"]. @10-03-2022 02:13:58.0135 AM
[ReportManager] Attempting to run locally on: [Mac-64], [Safari], Headless Execution. @10-03-2022 02:13:58.0136 AM
[ReportManager] Successfully Opened Safari. @10-03-2022 02:13:59.0002 AM
[ReportManager] Initial window size: (800, 600) @10-03-2022 02:13:59.0020 AM
[ReportManager] Window size after SWD Maximize: (1176, 803) @10-03-2022 02:13:59.0063 AM
[ReportManager] Browser Action [MaximizeWindow] successfully performed. With the following test data [New screen size is now: (1176, 803)]. @10-03-2022 02:13:59.0063 AM
[ReportManager] Target URL: [https://www.google.com/ncr], and after redirection: [www.google.com] @10-03-2022 02:13:59.0063 AM
[ReportManager] Initial URL: [] @10-03-2022 02:13:59.0178 AM
[ReportManager] Browser Action [NavigateToURL] successfully performed. With the following test data [https://www.google.com/ncr]. @10-03-2022 02:14:02.0194 A

################################################################################################################################################
Starting Execution:	[32 out of 165] test cases in the current suite
Test Method:		[unitTests.tests_validations_assertions.assertElementAttribute_false_containsComparison_expectedToPass]
################################################################################################################################################
[ReportManager] Element Action [Type] successfully performed. With the following test data [Automation123]. @10-03-2022 02:14:02.0592 AM
[ReportManager] Element Action [GetText] successfully performed. With the following test data [Automation123]. @10-03-2022 02:14:02.0708 AM
[ReportManager] Assertion [ValidateElementAttribute] PASSED. Expected [Value Should not be 'Automation1234' for the 'text' attribute, element locator 'By.name: q'] and Actual [Automation123]. Comparison Type [CONTAINS]. Validation Type [NEGATIVE]. @10-03-2022 02:14:02.0920 AM
[ReportManager] Successfully created attachment [Screenshot - 1646878442840_assertElementAttribute_false_containsComparison_expectedToPass_ValidateElementAttribute_passed] @10-03-2022 02:14:02.0923 A
[ReportManager] Browser Action [CloseCurrentWindow] successfully performed. @10-03-2022 02:14:03.0251 AM
[ReportManager] Successfully created attachment [Browser Action Test Data - CloseCurrentWindow - Actual Value] @10-03-2022 02:14:03.0252 A
[ReportManager] File Action [GetAbsolutePath] successfully performed. With the following test data [Relative Folder Path: "target/downloadedFiles/"]. @10-03-2022 02:14:03.0256 AM
[ReportManager] Attempting to run locally on: [Mac-64], [Safari], Headless Execution. @10-03-2022 02:14:03.0256 AM
[ReportManager] Successfully Opened Safari. @10-03-2022 02:14:04.0086 AM
[ReportManager] Initial window size: (800, 600) @10-03-2022 02:14:04.0103 AM
[ReportManager] Window size after SWD Maximize: (1176, 803) @10-03-2022 02:14:04.0137 AM
[ReportManager] Browser Action [MaximizeWindow] successfully performed. With the following test data [New screen size is now: (1176, 803)]. @10-03-2022 02:14:04.0137 AM
[ReportManager] Target URL: [https://www.google.com/ncr], and after redirection: [www.google.com] @10-03-2022 02:14:04.0138 AM
[ReportManager] Initial URL: [] @10-03-2022 02:14:04.0188 AM
[ReportManager] Browser Action [NavigateToURL] successfully performed. With the following test data [https://www.google.com/ncr]. @10-03-2022 02:14:07.0087 A

################################################################################################################################################
Starting Execution:	[33 out of 165] test cases in the current suite
Test Method:		[unitTests.tests_validations_assertions.assertElementAttribute_false_literalComparison_expectedToFail]
################################################################################################################################################
[ReportManager] Element Action [Type] successfully performed. With the following test data [Automation!@#$%^&*()_+{}[]\';/.,]. @10-03-2022 02:14:07.0730 AM
[ReportManager] Element Action [GetText] successfully performed. With the following test data [Automation!@#$%^&*()_+{}[]\';/.,]. @10-03-2022 02:14:07.0893 AM
[ReportManager] Assertion [ValidateElementAttribute] PASSED. Expected [Value Should not be 'Automation!@#$%^&*()_+{}[]\\';/.,' for the 'text' attribute, element locator 'By.name: q'] and Actual [Automation!@#$%^&*()_+{}[]\';/.,]. Comparison Type [EQUALS]. Validation Type [NEGATIVE]. @10-03-2022 02:14:08.0191 AM
[ReportManager] Successfully created attachment [Screenshot - 1646878448065_assertElementAttribute_false_literalComparison_expectedToFail_ValidateElementAttribute_passed] @10-03-2022 02:14:08.0192 A
[ReportManager] Browser Action [CloseCurrentWindow] successfully performed. @10-03-2022 02:14:08.0552 AM
[ReportManager] Successfully created attachment [Browser Action Test Data - CloseCurrentWindow - Actual Value] @10-03-2022 02:14:08.0553 A
[ReportManager] File Action [GetAbsolutePath] successfully performed. With the following test data [Relative Folder Path: "target/downloadedFiles/"]. @10-03-2022 02:14:08.0557 AM
[ReportManager] Attempting to run locally on: [Mac-64], [Safari], Headless Execution. @10-03-2022 02:14:08.0557 AM
[ReportManager] An Exception Occured with this Message: Could not start a new session. Possible causes are invalid address of the remote server or browser start-up failure.. @10-03-2022 02:14:08.0589 AM
[ReportManager] Successfully created attachment [Exception Stack Trace - org.openqa.selenium.SessionNotCreatedException] @10-03-2022 02:14:08.0592 AM
[ReportManager] Driver Factory Action [createNewLocalDriverInstanceForSafari] failed. With the following test data [Failed to create a session on DESKTOP_SAFARI]. @10-03-2022 02:14:08.0593 A

################################################################################################################################################
Starting Execution:	[34 out of 165] test cases in the current suite
Test Method:		[unitTests.tests_validations_assertions.assertElementAttribute_false_literalComparison_expectedToPass]
###############################################################################################################################################



################################################################################################################################################
Starting Execution:	[35 out of 165] test cases in the current suite
Test Method:		[unitTests.tests_validations_assertions.assertElementAttribute_false_regexComparison_expectedToFail]
###############################################################################################################################################



################################################################################################################################################
Starting Execution:	[36 out of 165] test cases in the current suite
Test Method:		[unitTests.tests_validations_assertions.assertElementAttribute_false_regexComparison_expectedToPass]
###############################################################################################################################################



################################################################################################################################################
Starting Execution:	[37 out of 165] test cases in the current suite
Test Method:		[unitTests.tests_validations_assertions.assertElementAttribute_true_caseInsensitiveComparison_expectedToFail]
###############################################################################################################################################



################################################################################################################################################
Starting Execution:	[38 out of 165] test cases in the current suite
Test Method:		[unitTests.tests_validations_assertions.assertElementAttribute_true_caseInsensitiveComparison_expectedToPass]
###############################################################################################################################################



################################################################################################################################################
Starting Execution:	[39 out of 165] test cases in the current suite
Test Method:		[unitTests.tests_validations_assertions.assertElementAttribute_true_containsComparison_expectedToFail]
###############################################################################################################################################



################################################################################################################################################
Starting Execution:	[40 out of 165] test cases in the current suite
Test Method:		[unitTests.tests_validations_assertions.assertElementAttribute_true_containsComparison_expectedToPass]
###############################################################################################################################################



################################################################################################################################################
Starting Execution:	[41 out of 165] test cases in the current suite
Test Method:		[unitTests.tests_validations_assertions.assertElementAttribute_true_literalComparison_expectedToFail]
###############################################################################################################################################



################################################################################################################################################
Starting Execution:	[42 out of 165] test cases in the current suite
Test Method:		[unitTests.tests_validations_assertions.assertElementAttribute_true_literalComparison_expectedToPass]
###############################################################################################################################################



################################################################################################################################################
Starting Execution:	[43 out of 165] test cases in the current suite
Test Method:		[unitTests.tests_validations_assertions.assertElementAttribute_true_regexComparison_expectedToFail]
###############################################################################################################################################



################################################################################################################################################
Starting Execution:	[44 out of 165] test cases in the current suite
Test Method:		[unitTests.tests_validations_assertions.assertElementAttribute_true_regexComparison_expectedToPass]
###############################################################################################################################################



################################################################################################################################################
Starting Execution:	[45 out of 165] test cases in the current suite
Test Method:		[unitTests.tests_validations_assertions.assertElementAttribute_type_true_literalComparison_expectedToPass]
###############################################################################################################################################



################################################################################################################################################
Starting Execution:	[46 out of 165] test cases in the current suite
Test Method:		[unitTests.tests_validations_assertions.assertElementExists_false_expectedToFail]
###############################################################################################################################################



################################################################################################################################################
Starting Execution:	[47 out of 165] test cases in the current suite
Test Method:		[unitTests.tests_validations_assertions.assertElementExists_false_expectedToPass]
###############################################################################################################################################



################################################################################################################################################
Starting Execution:	[48 out of 165] test cases in the current suite
Test Method:		[unitTests.tests_validations_assertions.assertElementExists_false_multipleElementsFound_expectedToFail]
###############################################################################################################################################



################################################################################################################################################
Starting Execution:	[49 out of 165] test cases in the current suite
Test Method:		[unitTests.tests_validations_assertions.assertElementExists_true_expectedToFail]
###############################################################################################################################################



################################################################################################################################################
Starting Execution:	[50 out of 165] test cases in the current suite
Test Method:		[unitTests.tests_validations_assertions.assertElementExists_true_expectedToPass]
###############################################################################################################################################



################################################################################################################################################
Starting Execution:	[51 out of 165] test cases in the current suite
Test Method:		[unitTests.tests_validations_assertions.assertElementExists_true_multipleElementsFound_expectedToFail]
###############################################################################################################################################


################################################################################################################################################
Starting Execution:	[52 out of 165] test cases in the current suite
Test Method:		[unitTests.tests_validations_assertions.assertEquals_false_expectedToFail]
###############################################################################################################################################

################################################################################################################################################
Starting Execution:	[53 out of 165] test cases in the current suite
Test Method:		[unitTests.tests_validations_assertions.assertEquals_false_expectedToPass]
###############################################################################################################################################

################################################################################################################################################
Starting Execution:	[54 out of 165] test cases in the current suite
Test Method:		[unitTests.tests_validations_assertions.assertEquals_longCharacters]
###############################################################################################################################################

################################################################################################################################################
Starting Execution:	[55 out of 165] test cases in the current suite
Test Method:		[unitTests.tests_validations_assertions.assertEquals_longCharacters_Discreet]
###############################################################################################################################################

################################################################################################################################################
Starting Execution:	[56 out of 165] test cases in the current suite
Test Method:		[unitTests.tests_validations_assertions.assertEquals_true_expectedToFail]
###############################################################################################################################################

################################################################################################################################################
Starting Execution:	[57 out of 165] test cases in the current suite
Test Method:		[unitTests.tests_validations_assertions.assertEquals_true_expectedToPass]
Test Description:	[Assert that assertEquals works as expected when the two values are equal.]
###############################################################################################################################################

################################################################################################################################################
Starting Execution:	[58 out of 165] test cases in the current suite
Test Method:		[unitTests.tests_validations_assertions.assertEquals_true_expectedToPass__]
###############################################################################################################################################

################################################################################################################################################
Starting Execution:	[59 out of 165] test cases in the current suite
Test Method:		[unitTests.tests_validations_assertions.assertFileExists_false_expectedToFail]
###############################################################################################################################################

################################################################################################################################################
Starting Execution:	[60 out of 165] test cases in the current suite
Test Method:		[unitTests.tests_validations_assertions.assertFileExists_false_expectedToPass]
###############################################################################################################################################

################################################################################################################################################
Starting Execution:	[61 out of 165] test cases in the current suite
Test Method:		[unitTests.tests_validations_assertions.assertFileExists_true_expectedToFail]
###############################################################################################################################################

################################################################################################################################################
Starting Execution:	[62 out of 165] test cases in the current suite
Test Method:		[unitTests.tests_validations_assertions.assertFileExists_true_expectedToPass]
###############################################################################################################################################

################################################################################################################################################
Starting Execution:	[63 out of 165] test cases in the current suite
Test Method:		[unitTests.tests_validations_assertions.assertNull_false_expectedToFail]
###############################################################################################################################################

################################################################################################################################################
Starting Execution:	[64 out of 165] test cases in the current suite
Test Method:		[unitTests.tests_validations_assertions.assertNull_false_expectedToPass]
###############################################################################################################################################

################################################################################################################################################
Starting Execution:	[65 out of 165] test cases in the current suite
Test Method:		[unitTests.tests_validations_assertions.assertNull_true_expectedToFail]
###############################################################################################################################################

################################################################################################################################################
Starting Execution:	[66 out of 165] test cases in the current suite
Test Method:		[unitTests.tests_validations_assertions.assertNull_true_expectedToPass]
###############################################################################################################################################

################################################################################################################################################
Starting Execution:	[67 out of 165] test cases in the current suite
Test Method:		[unitTests.tests_restActions.getPostsAndAssertBodyForSpecificTitle]
################################################################################################################################################
[ReportManager] Response status code: [200], status line: [HTTP/1.1 200 OK] @10-03-2022 02:14:11.0513 AM
[ReportManager] Assertion Passed: Evaluating the actual response status code against the expected one... @10-03-2022 02:14:11.0514 AM
[ReportManager] Assertion [ValidateComparativeRelation] PASSED. Expected [200] and Actual [200]. Comparison Type [EQUALS]. Validation Type [POSITIVE]. @10-03-2022 02:14:11.0514 AM
[ReportManager] API Action [PerformRequest] successfully performed. With the following test data [Request Type: "GET" | Target Status Code: "200" | Service URL: "https://jsonplaceholder.typicode.com/posts" | Content Type: "*/*" | Response Time: "692ms"]. @10-03-2022 02:14:12.0604 AM
[ReportManager] Successfully created attachment [API Request - Specifications] @10-03-2022 02:14:12.0605 AM
[ReportManager] Successfully created attachment [API Response - JSON Body] @10-03-2022 02:14:12.0857 AM
[ReportManager] API Action [GetResponseJSONValueAsList] successfully performed. @10-03-2022 02:14:12.0888 AM
[ReportManager] API Action [GetResponseJSONValue] successfully performed. With the following test data [title]. @10-03-2022 02:14:12.0914 AM
[ReportManager] API Action [GetResponseJSONValue] successfully performed. With the following test data [title]. @10-03-2022 02:14:12.0931 AM
[ReportManager] API Action [GetResponseJSONValue] successfully performed. With the following test data [body]. @10-03-2022 02:14:12.0948 AM
[ReportManager] Assertion [ValidateEquals] PASSED. Expected [qui neque nisi nulla] and Actual [est rerum tempore vitae
sequi sint nihil reprehenderit dolor beatae ea dolores neque
fugiat blanditiis voluptate porro vel nihil molestiae ut reiciendis
qui aperiam non debitis possimus qui neque nisi nulla]. Comparison Type [CONTAINS]. Validation Type [POSITIVE]. @10-03-2022 02:14:12.0948 AM
[ReportManager] API Action [GetResponseJSONValue] successfully performed. With the following test data [title]. @10-03-2022 02:14:12.0966 AM
[ReportManager] API Action [GetResponseJSONValue] successfully performed. With the following test data [title]. @10-03-2022 02:14:12.0981 AM
[ReportManager] API Action [GetResponseJSONValue] successfully performed. With the following test data [title]. @10-03-2022 02:14:12.0996 AM
[ReportManager] API Action [GetResponseJSONValue] successfully performed. With the following test data [title]. @10-03-2022 02:14:13.0014 AM
[ReportManager] API Action [GetResponseJSONValue] successfully performed. With the following test data [title]. @10-03-2022 02:14:13.0029 AM
[ReportManager] API Action [GetResponseJSONValue] successfully performed. With the following test data [title]. @10-03-2022 02:14:13.0044 AM
[ReportManager] API Action [GetResponseJSONValue] successfully performed. With the following test data [title]. @10-03-2022 02:14:13.0060 AM
[ReportManager] API Action [GetResponseJSONValue] successfully performed. With the following test data [title]. @10-03-2022 02:14:13.0074 AM
[ReportManager] API Action [GetResponseJSONValue] successfully performed. With the following test data [title]. @10-03-2022 02:14:13.0088 AM
[ReportManager] API Action [GetResponseJSONValue] successfully performed. With the following test data [title]. @10-03-2022 02:14:13.0103 AM
[ReportManager] API Action [GetResponseJSONValue] successfully performed. With the following test data [title]. @10-03-2022 02:14:13.0119 AM
[ReportManager] API Action [GetResponseJSONValue] successfully performed. With the following test data [title]. @10-03-2022 02:14:13.0135 AM
[ReportManager] API Action [GetResponseJSONValue] successfully performed. With the following test data [title]. @10-03-2022 02:14:13.0149 AM
[ReportManager] API Action [GetResponseJSONValue] successfully performed. With the following test data [title]. @10-03-2022 02:14:13.0162 AM
[ReportManager] API Action [GetResponseJSONValue] successfully performed. With the following test data [title]. @10-03-2022 02:14:13.0179 AM
[ReportManager] API Action [GetResponseJSONValue] successfully performed. With the following test data [title]. @10-03-2022 02:14:13.0193 AM
[ReportManager] API Action [GetResponseJSONValue] successfully performed. With the following test data [title]. @10-03-2022 02:14:13.0207 AM
[ReportManager] API Action [GetResponseJSONValue] successfully performed. With the following test data [title]. @10-03-2022 02:14:13.0222 AM
[ReportManager] API Action [GetResponseJSONValue] successfully performed. With the following test data [title]. @10-03-2022 02:14:13.0238 AM
[ReportManager] API Action [GetResponseJSONValue] successfully performed. With the following test data [title]. @10-03-2022 02:14:13.0256 AM
[ReportManager] API Action [GetResponseJSONValue] successfully performed. With the following test data [title]. @10-03-2022 02:14:13.0285 AM
[ReportManager] API Action [GetResponseJSONValue] successfully performed. With the following test data [title]. @10-03-2022 02:14:13.0299 AM
[ReportManager] API Action [GetResponseJSONValue] successfully performed. With the following test data [title]. @10-03-2022 02:14:13.0315 AM
[ReportManager] API Action [GetResponseJSONValue] successfully performed. With the following test data [title]. @10-03-2022 02:14:13.0331 AM
[ReportManager] API Action [GetResponseJSONValue] successfully performed. With the following test data [title]. @10-03-2022 02:14:13.0347 AM
[ReportManager] API Action [GetResponseJSONValue] successfully performed. With the following test data [title]. @10-03-2022 02:14:13.0363 AM
[ReportManager] API Action [GetResponseJSONValue] successfully performed. With the following test data [title]. @10-03-2022 02:14:13.0379 AM
[ReportManager] API Action [GetResponseJSONValue] successfully performed. With the following test data [title]. @10-03-2022 02:14:13.0397 AM
[ReportManager] API Action [GetResponseJSONValue] successfully performed. With the following test data [title]. @10-03-2022 02:14:13.0415 AM
[ReportManager] API Action [GetResponseJSONValue] successfully performed. With the following test data [title]. @10-03-2022 02:14:13.0429 AM
[ReportManager] API Action [GetResponseJSONValue] successfully performed. With the following test data [title]. @10-03-2022 02:14:13.0443 AM
[ReportManager] API Action [GetResponseJSONValue] successfully performed. With the following test data [title]. @10-03-2022 02:14:13.0457 AM
[ReportManager] API Action [GetResponseJSONValue] successfully performed. With the following test data [title]. @10-03-2022 02:14:13.0470 AM
[ReportManager] API Action [GetResponseJSONValue] successfully performed. With the following test data [title]. @10-03-2022 02:14:13.0485 AM
[ReportManager] API Action [GetResponseJSONValue] successfully performed. With the following test data [title]. @10-03-2022 02:14:13.0497 AM
[ReportManager] API Action [GetResponseJSONValue] successfully performed. With the following test data [title]. @10-03-2022 02:14:13.0510 AM
[ReportManager] API Action [GetResponseJSONValue] successfully performed. With the following test data [title]. @10-03-2022 02:14:13.0522 AM
[ReportManager] API Action [GetResponseJSONValue] successfully performed. With the following test data [title]. @10-03-2022 02:14:13.0534 AM
[ReportManager] API Action [GetResponseJSONValue] successfully performed. With the following test data [title]. @10-03-2022 02:14:13.0546 AM
[ReportManager] API Action [GetResponseJSONValue] successfully performed. With the following test data [title]. @10-03-2022 02:14:13.0558 AM
[ReportManager] API Action [GetResponseJSONValue] successfully performed. With the following test data [title]. @10-03-2022 02:14:13.0571 AM
[ReportManager] API Action [GetResponseJSONValue] successfully performed. With the following test data [title]. @10-03-2022 02:14:13.0584 AM
[ReportManager] API Action [GetResponseJSONValue] successfully performed. With the following test data [title]. @10-03-2022 02:14:13.0598 AM
[ReportManager] API Action [GetResponseJSONValue] successfully performed. With the following test data [title]. @10-03-2022 02:14:13.0611 AM
[ReportManager] API Action [GetResponseJSONValue] successfully performed. With the following test data [title]. @10-03-2022 02:14:13.0625 AM
[ReportManager] API Action [GetResponseJSONValue] successfully performed. With the following test data [title]. @10-03-2022 02:14:13.0639 AM
[ReportManager] API Action [GetResponseJSONValue] successfully performed. With the following test data [title]. @10-03-2022 02:14:13.0652 AM
[ReportManager] API Action [GetResponseJSONValue] successfully performed. With the following test data [title]. @10-03-2022 02:14:13.0666 AM
[ReportManager] API Action [GetResponseJSONValue] successfully performed. With the following test data [title]. @10-03-2022 02:14:13.0680 AM
[ReportManager] API Action [GetResponseJSONValue] successfully performed. With the following test data [title]. @10-03-2022 02:14:13.0698 AM
[ReportManager] API Action [GetResponseJSONValue] successfully performed. With the following test data [title]. @10-03-2022 02:14:13.0711 AM
[ReportManager] API Action [GetResponseJSONValue] successfully performed. With the following test data [title]. @10-03-2022 02:14:13.0724 AM
[ReportManager] API Action [GetResponseJSONValue] successfully performed. With the following test data [title]. @10-03-2022 02:14:13.0737 AM
[ReportManager] API Action [GetResponseJSONValue] successfully performed. With the following test data [title]. @10-03-2022 02:14:13.0750 AM
[ReportManager] API Action [GetResponseJSONValue] successfully performed. With the following test data [title]. @10-03-2022 02:14:13.0764 AM
[ReportManager] API Action [GetResponseJSONValue] successfully performed. With the following test data [title]. @10-03-2022 02:14:13.0777 AM
[ReportManager] API Action [GetResponseJSONValue] successfully performed. With the following test data [title]. @10-03-2022 02:14:13.0790 AM
[ReportManager] API Action [GetResponseJSONValue] successfully performed. With the following test data [title]. @10-03-2022 02:14:13.0801 AM
[ReportManager] API Action [GetResponseJSONValue] successfully performed. With the following test data [title]. @10-03-2022 02:14:13.0814 AM
[ReportManager] API Action [GetResponseJSONValue] successfully performed. With the following test data [title]. @10-03-2022 02:14:13.0843 AM
[ReportManager] API Action [GetResponseJSONValue] successfully performed. With the following test data [title]. @10-03-2022 02:14:13.0857 AM
[ReportManager] API Action [GetResponseJSONValue] successfully performed. With the following test data [title]. @10-03-2022 02:14:13.0868 AM
[ReportManager] API Action [GetResponseJSONValue] successfully performed. With the following test data [title]. @10-03-2022 02:14:13.0880 AM
[ReportManager] API Action [GetResponseJSONValue] successfully performed. With the following test data [title]. @10-03-2022 02:14:13.0893 AM
[ReportManager] API Action [GetResponseJSONValue] successfully performed. With the following test data [title]. @10-03-2022 02:14:13.0905 AM
[ReportManager] API Action [GetResponseJSONValue] successfully performed. With the following test data [title]. @10-03-2022 02:14:13.0918 AM
[ReportManager] API Action [GetResponseJSONValue] successfully performed. With the following test data [title]. @10-03-2022 02:14:13.0931 AM
[ReportManager] API Action [GetResponseJSONValue] successfully performed. With the following test data [title]. @10-03-2022 02:14:13.0944 AM
[ReportManager] API Action [GetResponseJSONValue] successfully performed. With the following test data [title]. @10-03-2022 02:14:13.0957 AM
[ReportManager] API Action [GetResponseJSONValue] successfully performed. With the following test data [title]. @10-03-2022 02:14:13.0970 AM
[ReportManager] API Action [GetResponseJSONValue] successfully performed. With the following test data [title]. @10-03-2022 02:14:13.0983 AM
[ReportManager] API Action [GetResponseJSONValue] successfully performed. With the following test data [title]. @10-03-2022 02:14:13.0996 AM
[ReportManager] API Action [GetResponseJSONValue] successfully performed. With the following test data [title]. @10-03-2022 02:14:14.0008 AM
[ReportManager] API Action [GetResponseJSONValue] successfully performed. With the following test data [title]. @10-03-2022 02:14:14.0021 AM
[ReportManager] API Action [GetResponseJSONValue] successfully performed. With the following test data [title]. @10-03-2022 02:14:14.0034 AM
[ReportManager] API Action [GetResponseJSONValue] successfully performed. With the following test data [title]. @10-03-2022 02:14:14.0047 AM
[ReportManager] API Action [GetResponseJSONValue] successfully performed. With the following test data [title]. @10-03-2022 02:14:14.0061 AM
[ReportManager] API Action [GetResponseJSONValue] successfully performed. With the following test data [title]. @10-03-2022 02:14:14.0075 AM
[ReportManager] API Action [GetResponseJSONValue] successfully performed. With the following test data [title]. @10-03-2022 02:14:14.0089 AM
[ReportManager] API Action [GetResponseJSONValue] successfully performed. With the following test data [title]. @10-03-2022 02:14:14.0106 AM
[ReportManager] API Action [GetResponseJSONValue] successfully performed. With the following test data [title]. @10-03-2022 02:14:14.0123 AM
[ReportManager] API Action [GetResponseJSONValue] successfully performed. With the following test data [title]. @10-03-2022 02:14:14.0139 AM
[ReportManager] API Action [GetResponseJSONValue] successfully performed. With the following test data [title]. @10-03-2022 02:14:14.0152 AM
[ReportManager] API Action [GetResponseJSONValue] successfully performed. With the following test data [title]. @10-03-2022 02:14:14.0164 AM
[ReportManager] API Action [GetResponseJSONValue] successfully performed. With the following test data [title]. @10-03-2022 02:14:14.0174 AM
[ReportManager] API Action [GetResponseJSONValue] successfully performed. With the following test data [title]. @10-03-2022 02:14:14.0185 AM
[ReportManager] API Action [GetResponseJSONValue] successfully performed. With the following test data [title]. @10-03-2022 02:14:14.0196 AM
[ReportManager] API Action [GetResponseJSONValue] successfully performed. With the following test data [title]. @10-03-2022 02:14:14.0207 AM
[ReportManager] API Action [GetResponseJSONValue] successfully performed. With the following test data [title]. @10-03-2022 02:14:14.0218 AM
[ReportManager] API Action [GetResponseJSONValue] successfully performed. With the following test data [title]. @10-03-2022 02:14:14.0229 AM
[ReportManager] API Action [GetResponseJSONValue] successfully performed. With the following test data [title]. @10-03-2022 02:14:14.0241 AM
[ReportManager] API Action [GetResponseJSONValue] successfully performed. With the following test data [title]. @10-03-2022 02:14:14.0253 AM
[ReportManager] API Action [GetResponseJSONValue] successfully performed. With the following test data [title]. @10-03-2022 02:14:14.0266 AM
[ReportManager] API Action [GetResponseJSONValue] successfully performed. With the following test data [title]. @10-03-2022 02:14:14.0277 AM
[ReportManager] API Action [GetResponseJSONValue] successfully performed. With the following test data [title]. @10-03-2022 02:14:14.0287 AM
[ReportManager] API Action [GetResponseJSONValue] successfully performed. With the following test data [title]. @10-03-2022 02:14:14.0298 AM
[ReportManager] API Action [GetResponseJSONValue] successfully performed. With the following test data [title]. @10-03-2022 02:14:14.0308 AM
[ReportManager] API Action [GetResponseJSONValue] successfully performed. With the following test data [title]. @10-03-2022 02:14:14.0320 A

################################################################################################################################################
Starting Execution:	[68 out of 165] test cases in the current suite
Test Method:		[unitTests.tests_restActions.validateUserEmail]
################################################################################################################################################
[ReportManager] Response status code: [200], status line: [HTTP/1.1 200 OK] @10-03-2022 02:14:14.0382 AM
[ReportManager] Assertion Passed: Evaluating the actual response status code against the expected one... @10-03-2022 02:14:14.0382 AM
[ReportManager] Assertion [ValidateComparativeRelation] PASSED. Expected [200] and Actual [200]. Comparison Type [EQUALS]. Validation Type [POSITIVE]. @10-03-2022 02:14:14.0382 AM
[ReportManager] API Action [PerformRequest] successfully performed. With the following test data [Request Type: "GET" | Target Status Code: "200" | Service URL: "https://jsonplaceholder.typicode.com/users" | Content Type: "*/*" | Response Time: "51ms"]. @10-03-2022 02:14:14.0403 AM
[ReportManager] Successfully created attachment [API Request - Specifications] @10-03-2022 02:14:14.0404 AM
[ReportManager] Successfully created attachment [API Response - JSON Body] @10-03-2022 02:14:14.0405 AM
[ReportManager] Assertion [ValidateEquals] PASSED. Expected and Actual values are attached. Comparison Type [CONTAINS]. Validation Type [POSITIVE]. @10-03-2022 02:14:14.0405 AM
[ReportManager] Successfully created attachment [Validation Test Data - Expected Value] @10-03-2022 02:14:14.0406 AM
[ReportManager] Successfully created attachment [Validation Test Data - Actual Value] @10-03-2022 02:14:14.0406 AM
[ReportManager] API Action [GetResponseJSONValueAsList] successfully performed. With the following test data [$]. @10-03-2022 02:14:14.0412 AM
[ReportManager] API Action [GetResponseJSONValue] successfully performed. With the following test data [name]. @10-03-2022 02:14:14.0424 AM
[ReportManager] API Action [GetResponseJSONValue] successfully performed. With the following test data [email]. @10-03-2022 02:14:14.0435 AM
[ReportManager] Assertion [ValidateEquals] PASSED. Expected [Sincere@april.biz] and Actual [Sincere@april.biz]. Comparison Type [EQUALS]. Validation Type [POSITIVE]. @10-03-2022 02:14:14.0435 AM
[ReportManager] API Action [GetResponseJSONValue] successfully performed. With the following test data [name]. @10-03-2022 02:14:14.0447 AM
[ReportManager] API Action [GetResponseJSONValue] successfully performed. With the following test data [name]. @10-03-2022 02:14:14.0459 AM
[ReportManager] API Action [GetResponseJSONValue] successfully performed. With the following test data [name]. @10-03-2022 02:14:14.0470 AM
[ReportManager] API Action [GetResponseJSONValue] successfully performed. With the following test data [name]. @10-03-2022 02:14:14.0495 AM
[ReportManager] API Action [GetResponseJSONValue] successfully performed. With the following test data [name]. @10-03-2022 02:14:14.0507 AM
[ReportManager] API Action [GetResponseJSONValue] successfully performed. With the following test data [name]. @10-03-2022 02:14:14.0522 AM
[ReportManager] API Action [GetResponseJSONValue] successfully performed. With the following test data [name]. @10-03-2022 02:14:14.0535 AM
[ReportManager] API Action [GetResponseJSONValue] successfully performed. With the following test data [name]. @10-03-2022 02:14:14.0555 AM
[ReportManager] API Action [GetResponseJSONValue] successfully performed. With the following test data [name]. @10-03-2022 02:14:14.0571 A
[ReportManager] File Action [GetAbsolutePath] successfully performed. With the following test data [Relative Folder Path: "target/downloadedFiles/"]. @10-03-2022 02:14:14.0577 AM
[ReportManager] Attempting to run locally on: [Mac-64], [Safari], Headless Execution. @10-03-2022 02:14:14.0577 AM
[ReportManager] Successfully Opened Safari. @10-03-2022 02:14:15.0420 AM
[ReportManager] Initial window size: (800, 600) @10-03-2022 02:14:15.0467 AM
[ReportManager] Window size after SWD Maximize: (1176, 803) @10-03-2022 02:14:15.0529 AM
[ReportManager] Browser Action [MaximizeWindow] successfully performed. With the following test data [New screen size is now: (1176, 803)]. @10-03-2022 02:14:15.0530 A

################################################################################################################################################
Starting Execution:	[69 out of 165] test cases in the current suite
Test Method:		[testPackage01.Test_uploadFile.uploadFile_invisibleUploadInput]
################################################################################################################################################
[ReportManager] Target URL: [https://fineuploader.com/demos.html#gallery-view] @10-03-2022 02:14:15.0533 AM
[ReportManager] Initial URL: [] @10-03-2022 02:14:15.0610 AM
[ReportManager] Browser Action [NavigateToURL] successfully performed. With the following test data [https://fineuploader.com/demos.html#gallery-view]. @10-03-2022 02:14:18.0380 AM
[ReportManager] File Action [GetAbsolutePath] successfully performed. With the following test data [Relative File Path: "src/main/resources/images/shaft.png"]. @10-03-2022 02:14:18.0380 AM
[ReportManager] Successfully created attachment [File Action Actual Result - Command Log] @10-03-2022 02:14:18.0381 AM
[ReportManager] Element Action [TypeFileLocationForUpload] successfully performed. With the following test data [/Users/runner/work/SHAFT_ENGINE/SHAFT_ENGINE/src/main/resources/images/shaft.png]. @10-03-2022 02:14:18.0435 AM
[ReportManager] Attempting to getAttribute [src] from elementLocator [By.xpath: //div[@id='fine-uploader-gallery']//div[@class='qq-thumbnail-wrapper']/img]. @10-03-2022 02:14:18.0437 AM
[ReportManager] Element Action [GetAttribute] successfully performed. @10-03-2022 02:14:18.0552 AM
[ReportManager] Successfully created attachment [Element Action Test Data - GetAttribute - Actual Value] @10-03-2022 02:14:18.0554 AM
[ReportManager] Assertion Passed: Then I Assert that the element found by [By.xpath: //div[@id='fine-uploader-gallery']//div[@class='qq-thumbnail-wrapper']/img] attribute [src] contains [data:image/png;base64]. @10-03-2022 02:14:18.0784 AM
[ReportManager] Successfully created attachment [Validation Test Data - Expected Value] @10-03-2022 02:14:18.0785 AM
[ReportManager] Successfully created attachment [Validation Test Data - Actual Value] @10-03-2022 02:14:18.0785 AM
[ReportManager] Successfully created attachment [Screenshot - 1646878458697_uploadFile_invisibleUploadInput_ValidateElementAttribute_passed] @10-03-2022 02:14:18.0787 AM
[ReportManager] Assertion [ValidateElementAttribute] PASSED. Expected and Actual values are attached. Comparison Type [CONTAINS]. Validation Type [POSITIVE]. @10-03-2022 02:14:18.0787 A
[ReportManager] Browser Action [CloseCurrentWindow] successfully performed. @10-03-2022 02:14:18.0953 AM
[ReportManager] Successfully created attachment [Browser Action Test Data - CloseCurrentWindow - Actual Value] @10-03-2022 02:14:18.0955 A
[ReportManager] File Action [GetAbsolutePath] successfully performed. With the following test data [Relative Folder Path: "target/downloadedFiles/"]. @10-03-2022 02:14:18.0959 AM
[ReportManager] Attempting to run locally on: [Mac-64], [Safari], Headless Execution. @10-03-2022 02:14:18.0959 AM
[ReportManager] Successfully Opened Safari. @10-03-2022 02:14:19.0829 AM
[ReportManager] Initial window size: (800, 600) @10-03-2022 02:14:19.0868 AM
[ReportManager] Window size after SWD Maximize: (1176, 803) @10-03-2022 02:14:19.0900 AM
[ReportManager] Browser Action [MaximizeWindow] successfully performed. With the following test data [New screen size is now: (1176, 803)]. @10-03-2022 02:14:19.0900 A

################################################################################################################################################
Starting Execution:	[70 out of 165] test cases in the current suite
Test Method:		[testPackage01.Test_uploadFile.uploadFile_visibleUploadInput]
################################################################################################################################################
[ReportManager] Target URL: [https://demo.guru99.com/test/upload/] @10-03-2022 02:14:19.0904 AM
[ReportManager] Initial URL: [] @10-03-2022 02:14:20.0009 AM
[ReportManager] Browser Action [NavigateToURL] successfully performed. With the following test data [https://demo.guru99.com/test/upload/]. @10-03-2022 02:14:22.0249 AM
[ReportManager] File Action [GetAbsolutePath] successfully performed. With the following test data [Relative Folder Path: "src/main/resources/images/shaft.png"]. @10-03-2022 02:14:22.0249 AM
[ReportManager] Element Action [TypeFileLocationForUpload] successfully performed. With the following test data [/Users/runner/work/SHAFT_ENGINE/SHAFT_ENGINE/src/main/resources/images/shaft.png]. @10-03-2022 02:14:22.0324 AM
[ReportManager] Element Action [Click] successfully performed. With the following test data [By.id: terms]. @10-03-2022 02:14:22.0639 AM
[ReportManager] Element Action [Click] successfully performed. With the following test data [By.id: submitbutton]. @10-03-2022 02:14:23.0018 AM
[ReportManager] Element Action [GetText] successfully performed. With the following test data [1 file has been successfully uploaded.]. @10-03-2022 02:14:24.0390 AM
[ReportManager] Assertion Passed: Then I Assert that the element found by [By.id: res] attribute [Text] contains [1 file]. @10-03-2022 02:14:24.0776 AM
[ReportManager] Successfully created attachment [Screenshot - 1646878464700_uploadFile_visibleUploadInput_ValidateElementAttribute_passed] @10-03-2022 02:14:24.0777 AM
[ReportManager] Assertion [ValidateElementAttribute] PASSED. Expected [Value Should be '1 file' for the 'Text' attribute, element locator 'By.id: res'] and Actual [1 file has been successfully uploaded.]. Comparison Type [CONTAINS]. Validation Type [POSITIVE]. @10-03-2022 02:14:24.0777 A
[ReportManager] Browser Action [CloseCurrentWindow] successfully performed. @10-03-2022 02:14:24.0935 AM
[ReportManager] Successfully created attachment [Browser Action Test Data - CloseCurrentWindow - Actual Value] @10-03-2022 02:14:24.0975 A

################################################################################################################################################
Starting Execution:	[71 out of 165] test cases in the current suite
Test Method:		[testPackage01.Test_AssertApiResponseEquals.assertApiResponseEquals_expectedToPass]
################################################################################################################################################
[ReportManager] Response status code: [200], status line: [HTTP/1.1 200 OK] @10-03-2022 02:14:25.0036 AM
[ReportManager] Assertion Passed: Evaluating the actual response status code against the expected one... @10-03-2022 02:14:25.0036 AM
[ReportManager] Assertion [ValidateComparativeRelation] PASSED. Expected [200] and Actual [200]. Comparison Type [EQUALS]. Validation Type [POSITIVE]. @10-03-2022 02:14:25.0037 AM
[ReportManager] API Action [PerformRequest] successfully performed. With the following test data [Request Type: "GET" | Target Status Code: "200" | Service URL: "https://jsonplaceholder.typicode.com/users" | Content Type: "*/*" | Response Time: "52ms"]. @10-03-2022 02:14:25.0061 AM
[ReportManager] Successfully created attachment [API Request - Specifications] @10-03-2022 02:14:25.0062 AM
[ReportManager] Successfully created attachment [API Response - JSON Body] @10-03-2022 02:14:25.0063 AM
[ReportManager] API Action [GetResponseJSONValueAsList] successfully performed. With the following test data [$]. @10-03-2022 02:14:25.0072 AM
[ReportManager] API Action [GetResponseJSONValue] successfully performed. With the following test data [name]. @10-03-2022 02:14:25.0086 AM
[ReportManager] API Action [GetResponseJSONValue] successfully performed. With the following test data [email]. @10-03-2022 02:14:25.0103 AM
[ReportManager] Verification [ValidateEquals] PASSED. Expected [Sincere@april.biz] and Actual [Sincere@april.biz]. Comparison Type [EQUALS]. Validation Type [POSITIVE]. @10-03-2022 02:14:25.0103 AM
[ReportManager] API Action [GetResponseJSONValue] successfully performed. With the following test data [username]. @10-03-2022 02:14:25.0117 AM
[ReportManager] Assertion [ValidateEquals] PASSED. Expected [Bret] and Actual [Bret]. Comparison Type [EQUALS]. Validation Type [POSITIVE]. @10-03-2022 02:14:25.0118 AM
[ReportManager] API Action [GetResponseJSONValue] successfully performed. With the following test data [name]. @10-03-2022 02:14:25.0131 AM
[ReportManager] API Action [GetResponseJSONValue] successfully performed. With the following test data [name]. @10-03-2022 02:14:25.0147 AM
[ReportManager] API Action [GetResponseJSONValue] successfully performed. With the following test data [name]. @10-03-2022 02:14:25.0165 AM
[ReportManager] API Action [GetResponseJSONValue] successfully performed. With the following test data [name]. @10-03-2022 02:14:25.0178 AM
[ReportManager] API Action [GetResponseJSONValue] successfully performed. With the following test data [name]. @10-03-2022 02:14:25.0191 AM
[ReportManager] API Action [GetResponseJSONValue] successfully performed. With the following test data [name]. @10-03-2022 02:14:25.0205 AM
[ReportManager] API Action [GetResponseJSONValue] successfully performed. With the following test data [name]. @10-03-2022 02:14:25.0218 AM
[ReportManager] API Action [GetResponseJSONValue] successfully performed. With the following test data [name]. @10-03-2022 02:14:25.0232 AM
[ReportManager] API Action [GetResponseJSONValue] successfully performed. With the following test data [name]. @10-03-2022 02:14:25.0244 A
[ReportManager] File Action [GetAbsolutePath] successfully performed. With the following test data [Relative Folder Path: "target/downloadedFiles/"]. @10-03-2022 02:14:25.0247 AM
[ReportManager] Attempting to run locally on: [Mac-64], [Safari], Headless Execution. @10-03-2022 02:14:25.0247 AM
[ReportManager] An Exception Occured with this Message: Could not start a new session. Possible causes are invalid address of the remote server or browser start-up failure.. @10-03-2022 02:14:25.0446 AM
[ReportManager] Successfully created attachment [Exception Stack Trace - org.openqa.selenium.SessionNotCreatedException] @10-03-2022 02:14:25.0447 AM
[ReportManager] Driver Factory Action [createNewLocalDriverInstanceForSafari] failed. With the following test data [Failed to create a session on DESKTOP_SAFARI]. @10-03-2022 02:14:25.0448 A

################################################################################################################################################
Starting Execution:	[72 out of 165] test cases in the current suite
Test Method:		[testPackage01.TestJSPromptBox.dismissAlert]
###############################################################################################################################################

################################################################################################################################################
Starting Execution:	[73 out of 165] test cases in the current suite
Test Method:		[testPackage01.TestJSPromptBox.assertOnCancelAlertResultText]
###############################################################################################################################################

################################################################################################################################################
Starting Execution:	[74 out of 165] test cases in the current suite
Test Method:		[testPackage01.TestJSPromptBox.getAlertText]
###############################################################################################################################################

################################################################################################################################################
Starting Execution:	[75 out of 165] test cases in the current suite
Test Method:		[testPackage01.TestJSPromptBox.acceptPromptAlertWithoutTypingTextMessage]
###############################################################################################################################################

################################################################################################################################################
Starting Execution:	[76 out of 165] test cases in the current suite
Test Method:		[testPackage01.TestJSPromptBox.assertOnConfirmPromptAlertWithoutTypingTextMessageResultText]
###############################################################################################################################################

################################################################################################################################################
Starting Execution:	[77 out of 165] test cases in the current suite
Test Method:		[testPackage01.TestJSPromptBox.acceptPromptAlertWithTextMessage]
###############################################################################################################################################

################################################################################################################################################
Starting Execution:	[78 out of 165] test cases in the current suite
Test Method:		[testPackage01.TestJSPromptBox.assertOnConfirmPromptAlertWithTextMessageResultText]
###############################################################################################################################################


################################################################################################################################################
Starting Execution:	[79 out of 165] test cases in the current suite
Test Method:		[testPackage01.Test_testData.f]
################################################################################################################################################
[ReportManager] Successfully loaded the following test data file [src/test/resources/testDataFiles/testSuite01/TestData.xlsx]. @10-03-2022 02:14:25.0638 AM
[ReportManager] Successfully created attachment [Test Data - Excel] @10-03-2022 02:14:25.0639 AM
[ReportManager] Last Column Number is: [3]. Zero-based. @10-03-2022 02:14:25.0640 A

################################################################################################################################################
Starting Execution:	[80 out of 165] test cases in the current suite
Test Method:		[testPackage01.Test_PDF.testPDF1]
################################################################################################################################################
[ReportManager] File Action [DoesFileExist] successfully performed. With the following test data [File Path: "src/test/resources/testDataFiles/sample.pdf"]. @10-03-2022 02:14:25.0648 AM
[ReportManager] File Action [GetAbsolutePath] successfully performed. With the following test data [Relative Folder Path: "src/test/resources/testDataFiles/sample.pdf"]. @10-03-2022 02:14:25.0649 AM
[ReportManager] Assertion Passed: Checking to see that the pdf file contains [A Simple PDF File] @10-03-2022 02:14:30.0717 AM
[ReportManager] Successfully created attachment [Validation Test Data - Expected Value] @10-03-2022 02:14:30.0718 AM
[ReportManager] Successfully created attachment [Validation Test Data - Actual Value] @10-03-2022 02:14:30.0719 AM
[ReportManager] Assertion [ValidateEquals] PASSED. Expected and Actual values are attached. Comparison Type [CONTAINS]. Validation Type [POSITIVE]. @10-03-2022 02:14:30.0719 A

################################################################################################################################################
Starting Execution:	[81 out of 165] test cases in the current suite
Test Method:		[testPackage01.Test_PDF.testPDF2]
################################################################################################################################################
[ReportManager] File Action [DoesFileExist] successfully performed. With the following test data [File Path: "src/test/resources/testDataFiles/sample.pdf"]. @10-03-2022 02:14:30.0769 AM
[ReportManager] File Action [GetAbsolutePath] successfully performed. With the following test data [Relative Folder Path: "src/test/resources/testDataFiles/sample.pdf"]. @10-03-2022 02:14:30.0769 AM
[ReportManager] Assertion Passed: Checking to see that the pdf file contains [A Simple PDF File] @10-03-2022 02:14:30.0789 AM
[ReportManager] Successfully created attachment [Validation Test Data - Expected Value] @10-03-2022 02:14:30.0791 AM
[ReportManager] Successfully created attachment [Validation Test Data - Actual Value] @10-03-2022 02:14:30.0791 AM
[ReportManager] Assertion [ValidateEquals] PASSED. Expected and Actual values are attached. Comparison Type [CONTAINS]. Validation Type [POSITIVE]. @10-03-2022 02:14:30.0791 A
[ReportManager] File Action [GetAbsolutePath] successfully performed. With the following test data [Relative Folder Path: "target/downloadedFiles/"]. @10-03-2022 02:14:30.0795 AM
[ReportManager] Attempting to run locally on: [Mac-64], [Safari], Headless Execution. @10-03-2022 02:14:30.0795 AM
[ReportManager] An Exception Occured with this Message: Could not start a new session. Possible causes are invalid address of the remote server or browser start-up failure.. @10-03-2022 02:14:31.0299 AM
[ReportManager] Successfully created attachment [Exception Stack Trace - org.openqa.selenium.SessionNotCreatedException] @10-03-2022 02:14:31.0340 AM
[ReportManager] Driver Factory Action [createNewLocalDriverInstanceForSafari] failed. With the following test data [Failed to create a session on DESKTOP_SAFARI]. @10-03-2022 02:14:31.0340 A

################################################################################################################################################
Starting Execution:	[82 out of 165] test cases in the current suite
Test Method:		[testPackage01.Test_ShadowDOM.shadowdom]
###############################################################################################################################################

[ReportManager] File Action [GetAbsolutePath] successfully performed. With the following test data [Relative Folder Path: "target/downloadedFiles/"]. @10-03-2022 02:14:31.0351 AM
[ReportManager] Attempting to run locally on: [Mac-64], [Safari], Headless Execution. @10-03-2022 02:14:31.0351 AM
[ReportManager] Successfully Opened Safari. @10-03-2022 02:14:32.0280 AM
[ReportManager] Initial window size: (800, 600) @10-03-2022 02:14:32.0299 AM
[ReportManager] Window size after SWD Maximize: (1176, 803) @10-03-2022 02:14:32.0336 AM
[ReportManager] Browser Action [MaximizeWindow] successfully performed. With the following test data [New screen size is now: (1176, 803)]. @10-03-2022 02:14:32.0336 A

################################################################################################################################################
Starting Execution:	[83 out of 165] test cases in the current suite
Test Method:		[testPackage01.Test_clipboardActions.typeTextAndCopyPaste]
################################################################################################################################################
[ReportManager] Target URL: [https://www.google.com/ncr], and after redirection: [https://www.google.com] @10-03-2022 02:14:32.0338 AM
[ReportManager] Initial URL: [] @10-03-2022 02:14:32.0453 AM
[ReportManager] Browser Action [NavigateToURL] successfully performed. With the following test data [https://www.google.com/ncr]. @10-03-2022 02:14:35.0505 AM
[ReportManager] Element Action [Type] successfully performed. With the following test data [FIRST]. @10-03-2022 02:14:35.0847 A
[ReportManager] Browser Action [CloseCurrentWindow] successfully performed. @10-03-2022 02:14:36.0474 AM
[ReportManager] Successfully created attachment [Browser Action Test Data - CloseCurrentWindow - Actual Value] @10-03-2022 02:14:36.0475 A
[ReportManager] File Action [GetAbsolutePath] successfully performed. With the following test data [Relative Folder Path: "target/downloadedFiles/"]. @10-03-2022 02:14:36.0477 AM
[ReportManager] Attempting to run locally on: [Mac-64], [Safari], Headless Execution. @10-03-2022 02:14:36.0477 AM
[ReportManager] Successfully Opened Safari. @10-03-2022 02:14:37.0312 AM
[ReportManager] Initial window size: (800, 600) @10-03-2022 02:14:37.0356 AM
[ReportManager] Window size after SWD Maximize: (1176, 803) @10-03-2022 02:14:37.0402 AM
[ReportManager] Browser Action [MaximizeWindow] successfully performed. With the following test data [New screen size is now: (1176, 803)]. @10-03-2022 02:14:37.0403 AM
[ReportManager] Target URL: [http://the-internet.herokuapp.com/javascript_alerts] @10-03-2022 02:14:37.0403 AM
[ReportManager] Initial URL: [] @10-03-2022 02:14:37.0475 AM
[ReportManager] Browser Action [NavigateToURL] successfully performed. With the following test data [http://the-internet.herokuapp.com/javascript_alerts]. @10-03-2022 02:14:38.0549 A

################################################################################################################################################
Starting Execution:	[84 out of 165] test cases in the current suite
Test Method:		[testPackage01.TestJSAlertBox.getJSAlertText]
################################################################################################################################################
[ReportManager] Element Action [Click] successfully performed. With the following test data [By.xpath: //button[contains(text(),'Click for JS Alert')]]. @10-03-2022 02:14:38.0769 AM
[ReportManager] Alert is present @10-03-2022 02:14:38.0839 AM
[ReportManager] Alert Text is: [I am a JS Alert] @10-03-2022 02:14:38.0857 AM
[ReportManager] Element Action [GetAlertText] successfully performed. @10-03-2022 02:14:38.0857 AM
[ReportManager] Alert text is: [I am a JS Alert] @10-03-2022 02:14:38.0858 AM
[ReportManager] Alert is present @10-03-2022 02:14:38.0887 AM
[ReportManager] Alert Text is: [I am a JS Alert] @10-03-2022 02:14:38.0895 AM
[ReportManager] Element Action [GetAlertText] successfully performed. @10-03-2022 02:14:38.0895 AM
[ReportManager] Assertion Passed: Then I Assert that [I am a JS Alert] is equal to [I am a JS Alert]. @10-03-2022 02:14:38.0896 AM
[ReportManager] Assertion [ValidateEquals] PASSED. Expected [I am a JS Alert] and Actual [I am a JS Alert]. Comparison Type [EQUALS]. Validation Type [POSITIVE]. @10-03-2022 02:14:38.0896 A

################################################################################################################################################
Starting Execution:	[85 out of 165] test cases in the current suite
Test Method:		[testPackage01.TestJSAlertBox.acceptAlert]
################################################################################################################################################
[ReportManager] Alert is not present @10-03-2022 02:15:09.0237 AM
[ReportManager] Element Action [WaitForAlertToBePresent] failed. @10-03-2022 02:15:09.0563 AM
[ReportManager] Successfully created attachment [Screenshot - 1646878509261_acceptAlert_WaitForAlertToBePresent_failed] @10-03-2022 02:15:09.0685 A

################################################################################################################################################
Starting Execution:	[86 out of 165] test cases in the current suite
Test Method:		[testPackage01.TestJSAlertBox.assertOnConfirmAlertResultText]
###############################################################################################################################################
[ReportManager] Browser Action [CloseCurrentWindow] successfully performed. @10-03-2022 02:15:10.0454 AM
[ReportManager] Successfully created attachment [Browser Action Test Data - CloseCurrentWindow - Actual Value] @10-03-2022 02:15:10.0495 A

################################################################################################################################################
Starting Execution:	[87 out of 165] test cases in the current suite
Test Method:		[testPackage01.Test_checkJDKShellFilesGenerated.testJDKGeneratedSuccessfully]
################################################################################################################################################
[ReportManager] Configuring JDK @10-03-2022 02:15:10.0582 AM
[ReportManager] File Action [GetAbsolutePath] successfully performed. With the following test data [Relative File Path: "generateJdkMac.sh"]. @10-03-2022 02:15:10.0582 AM
[ReportManager] File Action [WriteToFile] successfully performed. With the following test data [Target File Path: "/Users/runner/work/SHAFT_ENGINE/SHAFT_ENGINE/generateJdkMac.sh"]. @10-03-2022 02:15:10.0704 AM
[ReportManager] Attempting to perform the following command locally. Command: [chmod u+x generateJdk.sh] @10-03-2022 02:15:10.0704 AM
[ReportManager] Terminal Action [PerformTerminalCommands] successfully performed. With the following test data [Host Name: "localHost" | Command: "chmod u+x generateJdk.sh" | Exit Status: "1"]. @10-03-2022 02:15:10.0793 AM
[ReportManager] Successfully created attachment [Terminal Action Actual Result - Command Log] @10-03-2022 02:15:10.0834 AM
[ReportManager] Assertion Passed: Then I Assert that [[#!/bin/bash, export JAVA_HOME=$(/usr/libexec/java_home), export PATH=$JAVA_HOME/bin:$PATH, source ~/.zshenv, echo $JAVA_HOME, echo $PATH, exec bash]] contains [JAVA_HOME=$(/usr/libexec/java_home)]. @10-03-2022 02:15:10.0835 AM
[ReportManager] Assertion [ValidateEquals] PASSED. Expected [JAVA_HOME=$(/usr/libexec/java_home)] and Actual [[#!/bin/bash, export JAVA_HOME=$(/usr/libexec/java_home), export PATH=$JAVA_HOME/bin:$PATH, source ~/.zshenv, echo $JAVA_HOME, echo $PATH, exec bash]]. Comparison Type [CONTAINS]. Validation Type [POSITIVE]. @10-03-2022 02:15:10.0835 A
[ReportManager] File Action [GetAbsolutePath] successfully performed. With the following test data [Relative Folder Path: "target/downloadedFiles/"]. @10-03-2022 02:15:11.0001 AM
[ReportManager] Attempting to run locally on: [Mac-64], [Safari], Headless Execution. @10-03-2022 02:15:11.0001 AM
[ReportManager] Successfully Opened Safari. @10-03-2022 02:15:12.0797 AM
[ReportManager] Initial window size: (800, 600) @10-03-2022 02:15:12.0823 AM
[ReportManager] Window size after SWD Maximize: (1176, 803) @10-03-2022 02:15:12.0840 AM
[ReportManager] Browser Action [MaximizeWindow] successfully performed. With the following test data [New screen size is now: (1176, 803)]. @10-03-2022 02:15:12.0840 AM
[ReportManager] Target URL: [http://the-internet.herokuapp.com/javascript_alerts] @10-03-2022 02:15:12.0840 AM
[ReportManager] Initial URL: [] @10-03-2022 02:15:12.0902 AM
[ReportManager] Browser Action [NavigateToURL] successfully performed. With the following test data [http://the-internet.herokuapp.com/javascript_alerts]. @10-03-2022 02:15:14.0068 A

################################################################################################################################################
Starting Execution:	[88 out of 165] test cases in the current suite
Test Method:		[testPackage01.TestJSConfirmBox.dismissAlert]
################################################################################################################################################
[ReportManager] Element Action [Click] successfully performed. With the following test data [By.xpath: //button[contains(text(),'Click for JS Confirm')]]. @10-03-2022 02:15:14.0327 AM
[ReportManager] Alert is present @10-03-2022 02:15:14.0334 AM
[ReportManager] Element Action [DismissAlert] successfully performed. @10-03-2022 02:15:14.0360 A

################################################################################################################################################
Starting Execution:	[89 out of 165] test cases in the current suite
Test Method:		[testPackage01.TestJSConfirmBox.assertOnCancelAlertResultText]
################################################################################################################################################
[ReportManager] Element Action [GetText] successfully performed. With the following test data [You clicked: Cancel]. @10-03-2022 02:15:14.0614 AM
[ReportManager] Assertion Passed: Then I Assert that the element found by [By.id: result] attribute [TEXT] is equal to [You clicked: Cancel]. @10-03-2022 02:15:15.0136 AM
[ReportManager] Successfully created attachment [Screenshot - 1646878514769_assertOnCancelAlertResultText_ValidateElementAttribute_passed] @10-03-2022 02:15:15.0257 AM
[ReportManager] Assertion [ValidateElementAttribute] PASSED. Expected [Value Should be 'You clicked: Cancel' for the 'text' attribute, element locator 'By.id: result'] and Actual [You clicked: Cancel]. Comparison Type [EQUALS]. Validation Type [POSITIVE]. @10-03-2022 02:15:15.0257 A

################################################################################################################################################
Starting Execution:	[90 out of 165] test cases in the current suite
Test Method:		[testPackage01.TestJSConfirmBox.getAlertText]
################################################################################################################################################
[ReportManager] Element Action [Click] successfully performed. With the following test data [By.xpath: //button[contains(text(),'Click for JS Confirm')]]. @10-03-2022 02:15:15.0733 AM
[ReportManager] Alert is present @10-03-2022 02:15:15.0785 AM
[ReportManager] Alert Text is: [I am a JS Confirm] @10-03-2022 02:15:15.0807 AM
[ReportManager] Element Action [GetAlertText] successfully performed. @10-03-2022 02:15:15.0807 AM
[ReportManager] Alert text is: [I am a JS Confirm] @10-03-2022 02:15:15.0808 AM
[ReportManager] Alert is present @10-03-2022 02:15:15.0816 AM
[ReportManager] Alert Text is: [I am a JS Confirm] @10-03-2022 02:15:15.0825 AM
[ReportManager] Element Action [GetAlertText] successfully performed. @10-03-2022 02:15:15.0826 AM
[ReportManager] Assertion Passed: Then I Assert that [I am a JS Confirm] is equal to [I am a JS Confirm]. @10-03-2022 02:15:15.0826 AM
[ReportManager] Assertion [ValidateEquals] PASSED. Expected [I am a JS Confirm] and Actual [I am a JS Confirm]. Comparison Type [EQUALS]. Validation Type [POSITIVE]. @10-03-2022 02:15:15.0826 A

################################################################################################################################################
Starting Execution:	[91 out of 165] test cases in the current suite
Test Method:		[testPackage01.TestJSConfirmBox.acceptAlert]
################################################################################################################################################
[ReportManager] Alert is not present @10-03-2022 02:15:46.0422 AM
[ReportManager] Element Action [WaitForAlertToBePresent] failed. @10-03-2022 02:15:46.0624 AM
[ReportManager] Successfully created attachment [Screenshot - 1646878546445_acceptAlert_WaitForAlertToBePresent_failed] @10-03-2022 02:15:46.0706 A

################################################################################################################################################
Starting Execution:	[92 out of 165] test cases in the current suite
Test Method:		[testPackage01.TestJSConfirmBox.assertOnConfirmAlertResultText]
###############################################################################################################################################
[ReportManager] Browser Action [CloseCurrentWindow] successfully performed. @10-03-2022 02:15:47.0449 AM
[ReportManager] Successfully created attachment [Browser Action Test Data - CloseCurrentWindow - Actual Value] @10-03-2022 02:15:47.0490 A

################################################################################################################################################
Starting Execution:	[93 out of 165] test cases in the current suite
Test Method:		[testPackage01.Test_NewValidationHelper.f1]
################################################################################################################################################
[ReportManager] Assertion Passed: Checking valid user data @10-03-2022 02:15:47.0576 AM
[ReportManager] Successfully created attachment [Validation Test Data - Expected Value] @10-03-2022 02:15:47.0660 AM
[ReportManager] Successfully created attachment [Validation Test Data - Actual Value] @10-03-2022 02:15:47.0702 AM
[ReportManager] Assertion [ValidateEquals] PASSED. Expected and Actual values are attached. Comparison Type [EQUALS]. Validation Type [POSITIVE]. @10-03-2022 02:15:47.0702 A
[ReportManager] File Action [GetAbsolutePath] successfully performed. With the following test data [Relative Folder Path: "target/downloadedFiles/"]. @10-03-2022 02:15:47.0829 AM
[ReportManager] Attempting to run locally on: [Mac-64], [Safari], Headless Execution. @10-03-2022 02:15:47.0829 AM
[ReportManager] Successfully Opened Safari. @10-03-2022 02:15:48.0747 AM
[ReportManager] Initial window size: (800, 600) @10-03-2022 02:15:48.0782 AM
[ReportManager] Window size after SWD Maximize: (1176, 803) @10-03-2022 02:15:48.0798 AM
[ReportManager] Browser Action [MaximizeWindow] successfully performed. With the following test data [New screen size is now: (1176, 803)]. @10-03-2022 02:15:48.0799 AM
[ReportManager] Target URL: [https://the-internet.herokuapp.com/] @10-03-2022 02:15:48.0799 AM
[ReportManager] Initial URL: [] @10-03-2022 02:15:48.0863 AM
[ReportManager] Browser Action [NavigateToURL] successfully performed. With the following test data [https://the-internet.herokuapp.com/]. @10-03-2022 02:15:50.0213 A

################################################################################################################################################
Starting Execution:	[94 out of 165] test cases in the current suite
Test Method:		[testPackage01.Test_NewValidationHelper.f10]
################################################################################################################################################
[ReportManager] Assertion [ValidateElementExists] FAILED. Expected [Element Should Exist, locator 'By.tagName: div'] and Actual [Element Exists but is not unique]. Comparison Type [EQUALS]. Validation Type [POSITIVE]. @10-03-2022 02:15:50.0664 AM
[ReportManager] Successfully created attachment [Screenshot - 1646878550511_f10_ValidateElementExists_failed] @10-03-2022 02:15:50.0667 A
[ReportManager] Successfully Closed All Drivers. @10-03-2022 02:15:50.0981 A
[ReportManager] File Action [GetAbsolutePath] successfully performed. With the following test data [Relative Folder Path: "target/downloadedFiles/"]. @10-03-2022 02:15:51.0008 AM
[ReportManager] Attempting to run locally on: [Mac-64], [Safari], Headless Execution. @10-03-2022 02:15:51.0009 AM
[ReportManager] Successfully Opened Safari. @10-03-2022 02:15:51.0912 AM
[ReportManager] Initial window size: (800, 600) @10-03-2022 02:15:51.0956 AM
[ReportManager] Window size after SWD Maximize: (1176, 803) @10-03-2022 02:15:52.0049 AM
[ReportManager] Browser Action [MaximizeWindow] successfully performed. With the following test data [New screen size is now: (1176, 803)]. @10-03-2022 02:15:52.0050 AM
[ReportManager] Target URL: [https://the-internet.herokuapp.com/] @10-03-2022 02:15:52.0050 AM
[ReportManager] Initial URL: [] @10-03-2022 02:15:52.0109 AM
[ReportManager] Browser Action [NavigateToURL] successfully performed. With the following test data [https://the-internet.herokuapp.com/]. @10-03-2022 02:15:53.0398 A

################################################################################################################################################
Starting Execution:	[95 out of 165] test cases in the current suite
Test Method:		[testPackage01.Test_NewValidationHelper.f11]
################################################################################################################################################
[ReportManager] org.openqa.selenium.TimeoutException:
Expected condition failed: waiting for com.shaft.gui.element.ElementActionsHelper$$Lambda$641/0x000000080114a5f0@269e7adb (tried for 5 second(s) with 1000 milliseconds interval)
org.openqa.selenium.support.ui.FluentWait.timeoutException(FluentWait.java:263)
org.openqa.selenium.support.ui.FluentWait.until(FluentWait.java:231)
com.shaft.gui.element.ElementActionsHelper.waitForElementPresence(ElementActionsHelper.java:89)
com.shaft.gui.element.ElementActionsHelper.waitForElementPresence(ElementActionsHelper.java:37)
com.shaft.gui.element.WebDriverElementActions.getMatchingElementsCount(WebDriverElementActions.java:1481)
com.shaft.gui.element.WebDriverElementActions.getElementsCount(WebDriverElementActions.java:561)
com.shaft.gui.element.ElementActions.getElementsCount(ElementActions.java:269)
com.shaft.validation.ValidationsHelper.validateElementExists(ValidationsHelper.java:149)
com.shaft.validation.Assertions.assertElementExists(Assertions.java:118)
testPackage01.Test_NewValidationHelper.f11(Test_NewValidationHelper.java:137)
java.base/jdk.internal.reflect.NativeMethodAccessorImpl.invoke0(Native Method)
java.base/jdk.internal.reflect.NativeMethodAccessorImpl.invoke(NativeMethodAccessorImpl.java:77)
java.base/jdk.internal.reflect.DelegatingMethodAccessorImpl.invoke(DelegatingMethodAccessorImpl.java:43)
java.base/java.lang.reflect.Method.invoke(Method.java:568)
org.testng.internal.invokers.MethodInvocationHelper.invokeMethod(MethodInvocationHelper.java:135)
org.testng.internal.invokers.TestInvoker.invokeMethod(TestInvoker.java:673)
org.testng.internal.invokers.TestInvoker.invokeTestMethod(TestInvoker.java:220)
org.testng.internal.invokers.MethodRunner.runInSequence(MethodRunner.java:50)
org.testng.internal.invokers.TestInvoker$MethodInvocationAgent.invoke(TestInvoker.java:945)
org.testng.internal.invokers.TestInvoker.invokeTestMethods(TestInvoker.java:193)
org.testng.internal.invokers.TestMethodWorker.invokeTestMethods(TestMethodWorker.java:146)
org.testng.internal.invokers.TestMethodWorker.run(TestMethodWorker.java:128)
java.base/java.util.ArrayList.forEach(ArrayList.java:1511)
org.testng.TestRunner.privateRun(TestRunner.java:808)
org.testng.TestRunner.run(TestRunner.java:603)
org.testng.SuiteRunner.runTest(SuiteRunner.java:429)
org.testng.SuiteRunner.runSequentially(SuiteRunner.java:423)
org.testng.SuiteRunner.privateRun(SuiteRunner.java:383)
org.testng.SuiteRunner.run(SuiteRunner.java:326)
org.testng.SuiteRunnerWorker.runSuite(SuiteRunnerWorker.java:52)
org.testng.SuiteRunnerWorker.run(SuiteRunnerWorker.java:95)
org.testng.TestNG.runSuitesSequentially(TestNG.java:1249)
org.testng.TestNG.runSuitesLocally(TestNG.java:1169)
org.testng.TestNG.runSuites(TestNG.java:1092)
org.testng.TestNG.run(TestNG.java:1060)
org.apache.maven.surefire.testng.TestNGExecutor.run(TestNGExecutor.java:136)
org.apache.maven.surefire.testng.TestNGDirectoryTestSuite.executeMulti(TestNGDirectoryTestSuite.java:193)
org.apache.maven.surefire.testng.TestNGDirectoryTestSuite.execute(TestNGDirectoryTestSuite.java:94)
org.apache.maven.surefire.testng.TestNGProvider.invoke(TestNGProvider.java:145)
org.apache.maven.surefire.booter.ForkedBooter.runSuitesInProcess(ForkedBooter.java:428)
org.apache.maven.surefire.booter.ForkedBooter.execute(ForkedBooter.java:162)
org.apache.maven.surefire.booter.ForkedBooter.run(ForkedBooter.java:562)
org.apache.maven.surefire.booter.ForkedBooter.main(ForkedBooter.java:548)

Caused by: org.openqa.selenium.NoSuchElementException:
For documentation on this error, please visit: https://selenium.dev/exceptions/#no_such_element
Build info: version: '4.1.2', revision: '9a5a329c5a'
System info: host: 'Mac-1646878219171.local', ip: '10.212.11.203', os.name: 'Mac OS X', os.arch: 'x86_64', os.version: '11.6.4', java.version: '17.0.2'
Driver info: org.openqa.selenium.safari.SafariDriver
Command: [61E05D75-158A-4C68-9225-F62D7DBA402D, findElement {using=tag name, value=h3}]
Capabilities {acceptInsecureCerts: false, browserName: Safari, browserVersion: 15.3, goog:loggingPrefs: {browser: ALL, client: ALL, driver: ALL, performance: ALL, profiler: ALL, server: ALL}, javascriptEnabled: true, pageLoadStrategy: normal, platform: MAC, platformName: MAC, safari:automaticInspection: false, safari:automaticProfiling: false, safari:diagnose: false, safari:platformBuildVersion: 20G417, safari:platformVersion: 11.6.4, safari:useSimulator: false, setWindowRect: true, strictFileInteractability: false, timeouts: {pageLoad: 30000, script: 30000}, webkit:WebRTC: {DisableICECandidateFiltering: false, DisableInsecureMediaCapture: false}}
Session ID: 61E05D75-158A-4C68-9225-F62D7DBA402D
jdk.internal.reflect.GeneratedConstructorAccessor71.newInstance(Unknown Source)
java.base/jdk.internal.reflect.DelegatingConstructorAccessorImpl.newInstance(DelegatingConstructorAccessorImpl.java:45)
java.base/java.lang.reflect.Constructor.newInstanceWithCaller(Constructor.java:499)
java.base/java.lang.reflect.Constructor.newInstance(Constructor.java:480)
org.openqa.selenium.remote.codec.w3c.W3CHttpResponseCodec.createException(W3CHttpResponseCodec.java:200)
org.openqa.selenium.remote.codec.w3c.W3CHttpResponseCodec.decode(W3CHttpResponseCodec.java:133)
org.openqa.selenium.remote.codec.w3c.W3CHttpResponseCodec.decode(W3CHttpResponseCodec.java:53)
org.openqa.selenium.remote.HttpCommandExecutor.execute(HttpCommandExecutor.java:184)
org.openqa.selenium.remote.service.DriverCommandExecutor.invokeExecute(DriverCommandExecutor.java:167)
org.openqa.selenium.remote.service.DriverCommandExecutor.execute(DriverCommandExecutor.java:142)
org.openqa.selenium.remote.RemoteWebDriver.execute(RemoteWebDriver.java:558)
org.openqa.selenium.remote.ElementLocation$ElementFinder$2.findElement(ElementLocation.java:162)
org.openqa.selenium.remote.ElementLocation.findElement(ElementLocation.java:60)
org.openqa.selenium.remote.RemoteWebDriver.findElement(RemoteWebDriver.java:382)
org.openqa.selenium.remote.RemoteWebDriver.findElement(RemoteWebDriver.java:374)
com.shaft.gui.element.ElementActionsHelper.lambda$waitForElementPresence$0(ElementActionsHelper.java:92)
org.openqa.selenium.support.ui.FluentWait.until(FluentWait.java:208)
com.shaft.gui.element.ElementActionsHelper.waitForElementPresence(ElementActionsHelper.java:89)
com.shaft.gui.element.ElementActionsHelper.waitForElementPresence(ElementActionsHelper.java:37)
com.shaft.gui.element.WebDriverElementActions.getMatchingElementsCount(WebDriverElementActions.java:1481)
com.shaft.gui.element.WebDriverElementActions.getElementsCount(WebDriverElementActions.java:561)
com.shaft.gui.element.ElementActions.getElementsCount(ElementActions.java:269)
com.shaft.validation.ValidationsHelper.validateElementExists(ValidationsHelper.java:149)
com.shaft.validation.Assertions.assertElementExists(Assertions.java:118)
testPackage01.Test_NewValidationHelper.f11(Test_NewValidationHelper.java:137)
java.base/jdk.internal.reflect.NativeMethodAccessorImpl.invoke0(Native Method)
java.base/jdk.internal.reflect.NativeMethodAccessorImpl.invoke(NativeMethodAccessorImpl.java:77)
java.base/jdk.internal.reflect.DelegatingMethodAccessorImpl.invoke(DelegatingMethodAccessorImpl.java:43)
java.base/java.lang.reflect.Method.invoke(Method.java:568)
org.testng.internal.invokers.MethodInvocationHelper.invokeMethod(MethodInvocationHelper.java:135)
org.testng.internal.invokers.TestInvoker.invokeMethod(TestInvoker.java:673)
org.testng.internal.invokers.TestInvoker.invokeTestMethod(TestInvoker.java:220)
org.testng.internal.invokers.MethodRunner.runInSequence(MethodRunner.java:50)
org.testng.internal.invokers.TestInvoker$MethodInvocationAgent.invoke(TestInvoker.java:945)
org.testng.internal.invokers.TestInvoker.invokeTestMethods(TestInvoker.java:193)
org.testng.internal.invokers.TestMethodWorker.invokeTestMethods(TestMethodWorker.java:146)
org.testng.internal.invokers.TestMethodWorker.run(TestMethodWorker.java:128)
java.base/java.util.ArrayList.forEach(ArrayList.java:1511)
org.testng.TestRunner.privateRun(TestRunner.java:808)
org.testng.TestRunner.run(TestRunner.java:603)
org.testng.SuiteRunner.runTest(SuiteRunner.java:429)
org.testng.SuiteRunner.runSequentially(SuiteRunner.java:423)
org.testng.SuiteRunner.privateRun(SuiteRunner.java:383)
org.testng.SuiteRunner.run(SuiteRunner.java:326)
org.testng.SuiteRunnerWorker.runSuite(SuiteRunnerWorker.java:52)
org.testng.SuiteRunnerWorker.run(SuiteRunnerWorker.java:95)
org.testng.TestNG.runSuitesSequentially(TestNG.java:1249)
org.testng.TestNG.runSuitesLocally(TestNG.java:1169)
org.testng.TestNG.runSuites(TestNG.java:1092)
org.testng.TestNG.run(TestNG.java:1060)
org.apache.maven.surefire.testng.TestNGExecutor.run(TestNGExecutor.java:136)
org.apache.maven.surefire.testng.TestNGDirectoryTestSuite.executeMulti(TestNGDirectoryTestSuite.java:193)
org.apache.maven.surefire.testng.TestNGDirectoryTestSuite.execute(TestNGDirectoryTestSuite.java:94)
org.apache.maven.surefire.testng.TestNGProvider.invoke(TestNGProvider.java:145)
org.apache.maven.surefire.booter.ForkedBooter.runSuitesInProcess(ForkedBooter.java:428)
org.apache.maven.surefire.booter.ForkedBooter.execute(ForkedBooter.java:162)
org.apache.maven.surefire.booter.ForkedBooter.run(ForkedBooter.java:562)
org.apache.maven.surefire.booter.ForkedBooter.main(ForkedBooter.java:548) @10-03-2022 02:15:58.0983 AM
[ReportManager] org.openqa.selenium.TimeoutException:
Expected condition failed: waiting for com.shaft.gui.element.ElementActionsHelper$$Lambda$641/0x000000080114a5f0@506e1d0f (tried for 5 second(s) with 1000 milliseconds interval)
org.openqa.selenium.support.ui.FluentWait.timeoutException(FluentWait.java:263)
org.openqa.selenium.support.ui.FluentWait.until(FluentWait.java:231)
com.shaft.gui.element.ElementActionsHelper.waitForElementPresence(ElementActionsHelper.java:89)
com.shaft.gui.element.ElementActionsHelper.waitForElementPresence(ElementActionsHelper.java:37)
com.shaft.gui.element.WebDriverElementActions.getMatchingElementsCount(WebDriverElementActions.java:1481)
com.shaft.gui.element.WebDriverElementActions.getElementsCount(WebDriverElementActions.java:561)
com.shaft.gui.element.ElementActions.getElementsCount(ElementActions.java:269)
com.shaft.gui.image.ScreenshotManager.internalCaptureScreenShot(ScreenshotManager.java:386)
com.shaft.gui.image.ScreenshotManager.captureScreenShot(ScreenshotManager.java:142)
com.shaft.validation.ValidationsHelper.reportValidationState(ValidationsHelper.java:823)
com.shaft.validation.ValidationsHelper.pass(ValidationsHelper.java:564)
com.shaft.validation.ValidationsHelper.validateElementExists(ValidationsHelper.java:166)
com.shaft.validation.Assertions.assertElementExists(Assertions.java:118)
testPackage01.Test_NewValidationHelper.f11(Test_NewValidationHelper.java:137)
java.base/jdk.internal.reflect.NativeMethodAccessorImpl.invoke0(Native Method)
java.base/jdk.internal.reflect.NativeMethodAccessorImpl.invoke(NativeMethodAccessorImpl.java:77)
java.base/jdk.internal.reflect.DelegatingMethodAccessorImpl.invoke(DelegatingMethodAccessorImpl.java:43)
java.base/java.lang.reflect.Method.invoke(Method.java:568)
org.testng.internal.invokers.MethodInvocationHelper.invokeMethod(MethodInvocationHelper.java:135)
org.testng.internal.invokers.TestInvoker.invokeMethod(TestInvoker.java:673)
org.testng.internal.invokers.TestInvoker.invokeTestMethod(TestInvoker.java:220)
org.testng.internal.invokers.MethodRunner.runInSequence(MethodRunner.java:50)
org.testng.internal.invokers.TestInvoker$MethodInvocationAgent.invoke(TestInvoker.java:945)
org.testng.internal.invokers.TestInvoker.invokeTestMethods(TestInvoker.java:193)
org.testng.internal.invokers.TestMethodWorker.invokeTestMethods(TestMethodWorker.java:146)
org.testng.internal.invokers.TestMethodWorker.run(TestMethodWorker.java:128)
java.base/java.util.ArrayList.forEach(ArrayList.java:1511)
org.testng.TestRunner.privateRun(TestRunner.java:808)
org.testng.TestRunner.run(TestRunner.java:603)
org.testng.SuiteRunner.runTest(SuiteRunner.java:429)
org.testng.SuiteRunner.runSequentially(SuiteRunner.java:423)
org.testng.SuiteRunner.privateRun(SuiteRunner.java:383)
org.testng.SuiteRunner.run(SuiteRunner.java:326)
org.testng.SuiteRunnerWorker.runSuite(SuiteRunnerWorker.java:52)
org.testng.SuiteRunnerWorker.run(SuiteRunnerWorker.java:95)
org.testng.TestNG.runSuitesSequentially(TestNG.java:1249)
org.testng.TestNG.runSuitesLocally(TestNG.java:1169)
org.testng.TestNG.runSuites(TestNG.java:1092)
org.testng.TestNG.run(TestNG.java:1060)
org.apache.maven.surefire.testng.TestNGExecutor.run(TestNGExecutor.java:136)
org.apache.maven.surefire.testng.TestNGDirectoryTestSuite.executeMulti(TestNGDirectoryTestSuite.java:193)
org.apache.maven.surefire.testng.TestNGDirectoryTestSuite.execute(TestNGDirectoryTestSuite.java:94)
org.apache.maven.surefire.testng.TestNGProvider.invoke(TestNGProvider.java:145)
org.apache.maven.surefire.booter.ForkedBooter.runSuitesInProcess(ForkedBooter.java:428)
org.apache.maven.surefire.booter.ForkedBooter.execute(ForkedBooter.java:162)
org.apache.maven.surefire.booter.ForkedBooter.run(ForkedBooter.java:562)
org.apache.maven.surefire.booter.ForkedBooter.main(ForkedBooter.java:548)

Caused by: org.openqa.selenium.NoSuchElementException:
For documentation on this error, please visit: https://selenium.dev/exceptions/#no_such_element
Build info: version: '4.1.2', revision: '9a5a329c5a'
System info: host: 'Mac-1646878219171.local', ip: '10.212.11.203', os.name: 'Mac OS X', os.arch: 'x86_64', os.version: '11.6.4', java.version: '17.0.2'
Driver info: org.openqa.selenium.safari.SafariDriver
Command: [61E05D75-158A-4C68-9225-F62D7DBA402D, findElement {using=tag name, value=h3}]
Capabilities {acceptInsecureCerts: false, browserName: Safari, browserVersion: 15.3, goog:loggingPrefs: {browser: ALL, client: ALL, driver: ALL, performance: ALL, profiler: ALL, server: ALL}, javascriptEnabled: true, pageLoadStrategy: normal, platform: MAC, platformName: MAC, safari:automaticInspection: false, safari:automaticProfiling: false, safari:diagnose: false, safari:platformBuildVersion: 20G417, safari:platformVersion: 11.6.4, safari:useSimulator: false, setWindowRect: true, strictFileInteractability: false, timeouts: {pageLoad: 30000, script: 30000}, webkit:WebRTC: {DisableICECandidateFiltering: false, DisableInsecureMediaCapture: false}}
Session ID: 61E05D75-158A-4C68-9225-F62D7DBA402D
jdk.internal.reflect.GeneratedConstructorAccessor71.newInstance(Unknown Source)
java.base/jdk.internal.reflect.DelegatingConstructorAccessorImpl.newInstance(DelegatingConstructorAccessorImpl.java:45)
java.base/java.lang.reflect.Constructor.newInstanceWithCaller(Constructor.java:499)
java.base/java.lang.reflect.Constructor.newInstance(Constructor.java:480)
org.openqa.selenium.remote.codec.w3c.W3CHttpResponseCodec.createException(W3CHttpResponseCodec.java:200)
org.openqa.selenium.remote.codec.w3c.W3CHttpResponseCodec.decode(W3CHttpResponseCodec.java:133)
org.openqa.selenium.remote.codec.w3c.W3CHttpResponseCodec.decode(W3CHttpResponseCodec.java:53)
org.openqa.selenium.remote.HttpCommandExecutor.execute(HttpCommandExecutor.java:184)
org.openqa.selenium.remote.service.DriverCommandExecutor.invokeExecute(DriverCommandExecutor.java:167)
org.openqa.selenium.remote.service.DriverCommandExecutor.execute(DriverCommandExecutor.java:142)
org.openqa.selenium.remote.RemoteWebDriver.execute(RemoteWebDriver.java:558)
org.openqa.selenium.remote.ElementLocation$ElementFinder$2.findElement(ElementLocation.java:162)
org.openqa.selenium.remote.ElementLocation.findElement(ElementLocation.java:60)
org.openqa.selenium.remote.RemoteWebDriver.findElement(RemoteWebDriver.java:382)
org.openqa.selenium.remote.RemoteWebDriver.findElement(RemoteWebDriver.java:374)
com.shaft.gui.element.ElementActionsHelper.lambda$waitForElementPresence$0(ElementActionsHelper.java:92)
org.openqa.selenium.support.ui.FluentWait.until(FluentWait.java:208)
com.shaft.gui.element.ElementActionsHelper.waitForElementPresence(ElementActionsHelper.java:89)
com.shaft.gui.element.ElementActionsHelper.waitForElementPresence(ElementActionsHelper.java:37)
com.shaft.gui.element.WebDriverElementActions.getMatchingElementsCount(WebDriverElementActions.java:1481)
com.shaft.gui.element.WebDriverElementActions.getElementsCount(WebDriverElementActions.java:561)
com.shaft.gui.element.ElementActions.getElementsCount(ElementActions.java:269)
com.shaft.gui.image.ScreenshotManager.internalCaptureScreenShot(ScreenshotManager.java:386)
com.shaft.gui.image.ScreenshotManager.captureScreenShot(ScreenshotManager.java:142)
com.shaft.validation.ValidationsHelper.reportValidationState(ValidationsHelper.java:823)
com.shaft.validation.ValidationsHelper.pass(ValidationsHelper.java:564)
com.shaft.validation.ValidationsHelper.validateElementExists(ValidationsHelper.java:166)
com.shaft.validation.Assertions.assertElementExists(Assertions.java:118)
testPackage01.Test_NewValidationHelper.f11(Test_NewValidationHelper.java:137)
java.base/jdk.internal.reflect.NativeMethodAccessorImpl.invoke0(Native Method)
java.base/jdk.internal.reflect.NativeMethodAccessorImpl.invoke(NativeMethodAccessorImpl.java:77)
java.base/jdk.internal.reflect.DelegatingMethodAccessorImpl.invoke(DelegatingMethodAccessorImpl.java:43)
java.base/java.lang.reflect.Method.invoke(Method.java:568)
org.testng.internal.invokers.MethodInvocationHelper.invokeMethod(MethodInvocationHelper.java:135)
org.testng.internal.invokers.TestInvoker.invokeMethod(TestInvoker.java:673)
org.testng.internal.invokers.TestInvoker.invokeTestMethod(TestInvoker.java:220)
org.testng.internal.invokers.MethodRunner.runInSequence(MethodRunner.java:50)
org.testng.internal.invokers.TestInvoker$MethodInvocationAgent.invoke(TestInvoker.java:945)
org.testng.internal.invokers.TestInvoker.invokeTestMethods(TestInvoker.java:193)
org.testng.internal.invokers.TestMethodWorker.invokeTestMethods(TestMethodWorker.java:146)
org.testng.internal.invokers.TestMethodWorker.run(TestMethodWorker.java:128)
java.base/java.util.ArrayList.forEach(ArrayList.java:1511)
org.testng.TestRunner.privateRun(TestRunner.java:808)
org.testng.TestRunner.run(TestRunner.java:603)
org.testng.SuiteRunner.runTest(SuiteRunner.java:429)
org.testng.SuiteRunner.runSequentially(SuiteRunner.java:423)
org.testng.SuiteRunner.privateRun(SuiteRunner.java:383)
org.testng.SuiteRunner.run(SuiteRunner.java:326)
org.testng.SuiteRunnerWorker.runSuite(SuiteRunnerWorker.java:52)
org.testng.SuiteRunnerWorker.run(SuiteRunnerWorker.java:95)
org.testng.TestNG.runSuitesSequentially(TestNG.java:1249)
org.testng.TestNG.runSuitesLocally(TestNG.java:1169)
org.testng.TestNG.runSuites(TestNG.java:1092)
org.testng.TestNG.run(TestNG.java:1060)
org.apache.maven.surefire.testng.TestNGExecutor.run(TestNGExecutor.java:136)
org.apache.maven.surefire.testng.TestNGDirectoryTestSuite.executeMulti(TestNGDirectoryTestSuite.java:193)
org.apache.maven.surefire.testng.TestNGDirectoryTestSuite.execute(TestNGDirectoryTestSuite.java:94)
org.apache.maven.surefire.testng.TestNGProvider.invoke(TestNGProvider.java:145)
org.apache.maven.surefire.booter.ForkedBooter.runSuitesInProcess(ForkedBooter.java:428)
org.apache.maven.surefire.booter.ForkedBooter.execute(ForkedBooter.java:162)
org.apache.maven.surefire.booter.ForkedBooter.run(ForkedBooter.java:562)
org.apache.maven.surefire.booter.ForkedBooter.main(ForkedBooter.java:548) @10-03-2022 02:16:04.0528 AM
[ReportManager] Assertion Passed: Checking that false tag doesn't exist @10-03-2022 02:16:04.0717 AM
[ReportManager] Successfully created attachment [Screenshot - 1646878564554_f11_ValidateElementExists_passed] @10-03-2022 02:16:04.0799 AM
[ReportManager] Assertion [ValidateElementExists] PASSED. Expected [Element Should not Exist, locator 'By.tagName: h3'] and Actual [Element Doesn't Exists]. Comparison Type [EQUALS]. Validation Type [NEGATIVE]. @10-03-2022 02:16:04.0799 A
[ReportManager] Successfully Closed All Drivers. @10-03-2022 02:16:05.0226 A
[ReportManager] File Action [GetAbsolutePath] successfully performed. With the following test data [Relative Folder Path: "target/downloadedFiles/"]. @10-03-2022 02:16:05.0310 AM
[ReportManager] Attempting to run locally on: [Mac-64], [Safari], Headless Execution. @10-03-2022 02:16:05.0310 AM
[ReportManager] Successfully Opened Safari. @10-03-2022 02:16:06.0244 AM
[ReportManager] Initial window size: (800, 600) @10-03-2022 02:16:06.0260 AM
[ReportManager] Window size after SWD Maximize: (1176, 803) @10-03-2022 02:16:06.0331 AM
[ReportManager] Browser Action [MaximizeWindow] successfully performed. With the following test data [New screen size is now: (1176, 803)]. @10-03-2022 02:16:06.0331 AM
[ReportManager] Target URL: [https://the-internet.herokuapp.com/] @10-03-2022 02:16:06.0331 AM
[ReportManager] Initial URL: [] @10-03-2022 02:16:06.0398 AM
[ReportManager] Browser Action [NavigateToURL] successfully performed. With the following test data [https://the-internet.herokuapp.com/]. @10-03-2022 02:16:07.0835 A

################################################################################################################################################
Starting Execution:	[96 out of 165] test cases in the current suite
Test Method:		[testPackage01.Test_NewValidationHelper.f12]
################################################################################################################################################
[ReportManager] Assertion [ValidateElementExists] FAILED. Expected [Element Should not Exist, locator 'By.tagName: h1'] and Actual [Element Exists]. Comparison Type [EQUALS]. Validation Type [NEGATIVE]. @10-03-2022 02:16:08.0292 AM
[ReportManager] Successfully created attachment [Screenshot - 1646878568145_f12_ValidateElementExists_failed] @10-03-2022 02:16:08.0378 A
[ReportManager] Successfully Closed All Drivers. @10-03-2022 02:16:08.0707 A
[ReportManager] File Action [GetAbsolutePath] successfully performed. With the following test data [Relative Folder Path: "target/downloadedFiles/"]. @10-03-2022 02:16:08.0710 AM
[ReportManager] Attempting to run locally on: [Mac-64], [Safari], Headless Execution. @10-03-2022 02:16:08.0711 AM
[ReportManager] An Exception Occured with this Message: Could not start a new session. Possible causes are invalid address of the remote server or browser start-up failure.. @10-03-2022 02:16:08.0753 AM
[ReportManager] Successfully created attachment [Exception Stack Trace - org.openqa.selenium.SessionNotCreatedException] @10-03-2022 02:16:08.0754 AM
[ReportManager] Driver Factory Action [createNewLocalDriverInstanceForSafari] failed. With the following test data [Failed to create a session on DESKTOP_SAFARI]. @10-03-2022 02:16:08.0754 A

################################################################################################################################################
Starting Execution:	[97 out of 165] test cases in the current suite
Test Method:		[testPackage01.Test_NewValidationHelper.f13]
###############################################################################################################################################



################################################################################################################################################
Starting Execution:	[98 out of 165] test cases in the current suite
Test Method:		[testPackage01.Test_NewValidationHelper.f14]
###############################################################################################################################################



################################################################################################################################################
Starting Execution:	[99 out of 165] test cases in the current suite
Test Method:		[testPackage01.Test_NewValidationHelper.f15]
###############################################################################################################################################



################################################################################################################################################
Starting Execution:	[100 out of 165] test cases in the current suite
Test Method:		[testPackage01.Test_NewValidationHelper.f16]
###############################################################################################################################################



################################################################################################################################################
Starting Execution:	[101 out of 165] test cases in the current suite
Test Method:		[testPackage01.Test_NewValidationHelper.f17]
###############################################################################################################################################



################################################################################################################################################
Starting Execution:	[102 out of 165] test cases in the current suite
Test Method:		[testPackage01.Test_NewValidationHelper.f18]
###############################################################################################################################################


################################################################################################################################################
Starting Execution:	[103 out of 165] test cases in the current suite
Test Method:		[testPackage01.Test_NewValidationHelper.f2]
###############################################################################################################################################


################################################################################################################################################
Starting Execution:	[104 out of 165] test cases in the current suite
Test Method:		[testPackage01.Test_NewValidationHelper.f20]
###############################################################################################################################################



################################################################################################################################################
Starting Execution:	[105 out of 165] test cases in the current suite
Test Method:		[testPackage01.Test_NewValidationHelper.f21]
###############################################################################################################################################



################################################################################################################################################
Starting Execution:	[106 out of 165] test cases in the current suite
Test Method:		[testPackage01.Test_NewValidationHelper.f22]
###############################################################################################################################################


################################################################################################################################################
Starting Execution:	[107 out of 165] test cases in the current suite
Test Method:		[testPackage01.Test_NewValidationHelper.f23]
###############################################################################################################################################

################################################################################################################################################
Starting Execution:	[108 out of 165] test cases in the current suite
Test Method:		[testPackage01.Test_NewValidationHelper.f24]
###############################################################################################################################################

################################################################################################################################################
Starting Execution:	[109 out of 165] test cases in the current suite
Test Method:		[testPackage01.Test_NewValidationHelper.f25]
###############################################################################################################################################

################################################################################################################################################
Starting Execution:	[110 out of 165] test cases in the current suite
Test Method:		[testPackage01.Test_NewValidationHelper.f26]
###############################################################################################################################################

################################################################################################################################################
Starting Execution:	[111 out of 165] test cases in the current suite
Test Method:		[testPackage01.Test_NewValidationHelper.f27]
###############################################################################################################################################

################################################################################################################################################
Starting Execution:	[112 out of 165] test cases in the current suite
Test Method:		[testPackage01.Test_NewValidationHelper.f28]
###############################################################################################################################################

################################################################################################################################################
Starting Execution:	[113 out of 165] test cases in the current suite
Test Method:		[testPackage01.Test_NewValidationHelper.f29]
###############################################################################################################################################

################################################################################################################################################
Starting Execution:	[114 out of 165] test cases in the current suite
Test Method:		[testPackage01.Test_NewValidationHelper.f3]
###############################################################################################################################################

################################################################################################################################################
Starting Execution:	[115 out of 165] test cases in the current suite
Test Method:		[testPackage01.Test_NewValidationHelper.f30]
###############################################################################################################################################

################################################################################################################################################
Starting Execution:	[116 out of 165] test cases in the current suite
Test Method:		[testPackage01.Test_NewValidationHelper.f31]
###############################################################################################################################################

################################################################################################################################################
Starting Execution:	[117 out of 165] test cases in the current suite
Test Method:		[testPackage01.Test_NewValidationHelper.f32]
###############################################################################################################################################

################################################################################################################################################
Starting Execution:	[118 out of 165] test cases in the current suite
Test Method:		[testPackage01.Test_NewValidationHelper.f33]
###############################################################################################################################################

################################################################################################################################################
Starting Execution:	[119 out of 165] test cases in the current suite
Test Method:		[testPackage01.Test_NewValidationHelper.f34]
###############################################################################################################################################

################################################################################################################################################
Starting Execution:	[120 out of 165] test cases in the current suite
Test Method:		[testPackage01.Test_NewValidationHelper.f35]
###############################################################################################################################################

################################################################################################################################################
Starting Execution:	[121 out of 165] test cases in the current suite
Test Method:		[testPackage01.Test_NewValidationHelper.f36]
###############################################################################################################################################

################################################################################################################################################
Starting Execution:	[122 out of 165] test cases in the current suite
Test Method:		[testPackage01.Test_NewValidationHelper.f37]
###############################################################################################################################################

################################################################################################################################################
Starting Execution:	[123 out of 165] test cases in the current suite
Test Method:		[testPackage01.Test_NewValidationHelper.f3_1]
###############################################################################################################################################

################################################################################################################################################
Starting Execution:	[124 out of 165] test cases in the current suite
Test Method:		[testPackage01.Test_NewValidationHelper.f4]
###############################################################################################################################################

################################################################################################################################################
Starting Execution:	[125 out of 165] test cases in the current suite
Test Method:		[testPackage01.Test_NewValidationHelper.f5]
###############################################################################################################################################

################################################################################################################################################
Starting Execution:	[126 out of 165] test cases in the current suite
Test Method:		[testPackage01.Test_NewValidationHelper.f6]
###############################################################################################################################################

################################################################################################################################################
Starting Execution:	[127 out of 165] test cases in the current suite
Test Method:		[testPackage01.Test_NewValidationHelper.f6_1]
###############################################################################################################################################

################################################################################################################################################
Starting Execution:	[128 out of 165] test cases in the current suite
Test Method:		[testPackage01.Test_NewValidationHelper.f6_2]
###############################################################################################################################################

################################################################################################################################################
Starting Execution:	[129 out of 165] test cases in the current suite
Test Method:		[testPackage01.Test_NewValidationHelper.f7]
###############################################################################################################################################


################################################################################################################################################
Starting Execution:	[130 out of 165] test cases in the current suite
Test Method:		[testPackage01.Test_NewValidationHelper.f8]
###############################################################################################################################################



################################################################################################################################################
Starting Execution:	[131 out of 165] test cases in the current suite
Test Method:		[testPackage01.Test_NewValidationHelper.f9]
###############################################################################################################################################


################################################################################################################################################
Starting Execution:	[132 out of 165] test cases in the current suite
Test Method:		[testPackage01.Test_NewValidationHelper.forceFail]
###############################################################################################################################################

################################################################################################################################################
Starting Execution:	[133 out of 165] test cases in the current suite
Test Method:		[testPackage01.Test_NewValidationHelper.forceFail2]
###############################################################################################################################################

################################################################################################################################################
Starting Execution:	[134 out of 165] test cases in the current suite
Test Method:		[testPackage01.Test_JsonActions.f]
###############################################################################################################################################

################################################################################################################################################
Starting Execution:	[135 out of 165] test cases in the current suite
Test Method:		[testPackage01.Test_JsonActions.f2]
###############################################################################################################################################

################################################################################################################################################
Starting Execution:	[136 out of 165] test cases in the current suite
Test Method:		[testPackage01.Test_sendGraphqlRequest.sendGraphqlRequestUsingMutationAndVariables]
################################################################################################################################################
[ReportManager] GraphQl Request is being Performed with the Following Parameters [Service URL: https://api.spacex.land/graphql | Request Body: {"variables":"{\"name\": \"sherlock holmes\",\"rocket\": \"221B Baker Street\"}","query":"mutation ($name: String, $rocket: String) {\n  insert_users(objects: {name: $name, rocket: $rocket}) {\n    returning {\n      name\n      rocket\n    }\n  }\n}"}] @10-03-2022 02:16:10.0309 AM
[ReportManager] Response status code: [200], status line: [HTTP/1.1 200 OK] @10-03-2022 02:16:11.0243 AM
[ReportManager] Assertion Passed: Evaluating the actual response status code against the expected one... @10-03-2022 02:16:11.0243 AM
[ReportManager] Assertion [ValidateComparativeRelation] PASSED. Expected [200] and Actual [200]. Comparison Type [EQUALS]. Validation Type [POSITIVE]. @10-03-2022 02:16:11.0243 AM
[ReportManager] API Action [PerformRequest] successfully performed. With the following test data [Request Type: "POST" | Target Status Code: "200" | Service URL: "https://api.spacex.land/graphql" | Content Type: "application/json" | Response Time: "671ms"]. @10-03-2022 02:16:11.0280 AM
[ReportManager] Successfully created attachment [API Request - Specifications] @10-03-2022 02:16:11.0363 AM
[ReportManager] Successfully created attachment [API Request - JSON Body] @10-03-2022 02:16:11.0404 AM
[ReportManager] Successfully created attachment [API Response - JSON Body] @10-03-2022 02:16:11.0528 AM
[ReportManager] API Action [GetResponseJSONValue] successfully performed. With the following test data [data.insert_users.returning[0].name]. @10-03-2022 02:16:11.0934 AM
[ReportManager] Assertion [ValidateEquals] PASSED. Expected [sherlock holmes] and Actual [sherlock holmes]. Comparison Type [EQUALS]. Validation Type [POSITIVE]. @10-03-2022 02:16:11.0935 A

################################################################################################################################################
Starting Execution:	[137 out of 165] test cases in the current suite
Test Method:		[testPackage01.Test_sendGraphqlRequest.sendGraphqlRequestUsingQuery]
################################################################################################################################################
[ReportManager] GraphQl Request is being Performed with the Following Parameters [Service URL: https://api.spacex.land/graphql | Request Body: {"query":"{company {ceo}}"}] @10-03-2022 02:16:12.0060 AM
[ReportManager] Response status code: [200], status line: [HTTP/1.1 200 OK] @10-03-2022 02:16:12.0372 AM
[ReportManager] Assertion Passed: Evaluating the actual response status code against the expected one... @10-03-2022 02:16:12.0372 AM
[ReportManager] Assertion [ValidateComparativeRelation] PASSED. Expected [200] and Actual [200]. Comparison Type [EQUALS]. Validation Type [POSITIVE]. @10-03-2022 02:16:12.0372 AM
[ReportManager] API Action [PerformRequest] successfully performed. With the following test data [Request Type: "POST" | Target Status Code: "200" | Service URL: "https://api.spacex.land/graphql" | Content Type: "application/json" | Response Time: "307ms"]. @10-03-2022 02:16:12.0386 AM
[ReportManager] Successfully created attachment [API Request - Specifications] @10-03-2022 02:16:12.0506 AM
[ReportManager] Successfully created attachment [API Request - JSON Body] @10-03-2022 02:16:12.0548 AM
[ReportManager] Successfully created attachment [API Response - JSON Body] @10-03-2022 02:16:12.0630 AM
[ReportManager] API Action [GetResponseJSONValue] successfully performed. With the following test data [data.company.ceo]. @10-03-2022 02:16:12.0643 AM
[ReportManager] Assertion [ValidateEquals] PASSED. Expected [Elon Musk] and Actual [Elon Musk]. Comparison Type [EQUALS]. Validation Type [POSITIVE]. @10-03-2022 02:16:12.0643 A

################################################################################################################################################
Starting Execution:	[138 out of 165] test cases in the current suite
Test Method:		[testPackage01.Test_MatchJsonSchema.checkAPI_ResponseSchema]
################################################################################################################################################
[ReportManager] Response status code: [200], status line: [HTTP/1.1 200 OK] @10-03-2022 02:16:12.0890 AM
[ReportManager] Assertion Passed: Evaluating the actual response status code against the expected one... @10-03-2022 02:16:12.0891 AM
[ReportManager] Assertion [ValidateComparativeRelation] PASSED. Expected [200] and Actual [200]. Comparison Type [EQUALS]. Validation Type [POSITIVE]. @10-03-2022 02:16:12.0891 AM
[ReportManager] API Action [PerformRequest] successfully performed. With the following test data [Request Type: "GET" | Target Status Code: "200" | Service URL: "http://api.zippopotam.us/us/90210" | Content Type: "*/*" | Response Time: "116ms"]. @10-03-2022 02:16:12.0914 AM
[ReportManager] Successfully created attachment [API Request - Specifications] @10-03-2022 02:16:12.0955 AM
[ReportManager] Successfully created attachment [API Response - JSON Body] @10-03-2022 02:16:13.0039 AM
[ReportManager] File Action [GetAbsolutePath] successfully performed. With the following test data [Relative Folder Path: "src/test/resources/testDataFiles/schema.json"]. @10-03-2022 02:16:13.0041 AM
[ReportManager] File Action [GetAbsolutePath] successfully performed. With the following test data [Relative Folder Path: "/Users/runner/work/SHAFT_ENGINE/SHAFT_ENGINE/src/test/resources/testDataFiles/schema.json"]. @10-03-2022 02:16:40.0608 AM
[ReportManager] File Action [ReadFromFile] successfully performed. With the following test data [File Path: "/Users/runner/work/SHAFT_ENGINE/SHAFT_ENGINE/src/test/resources/testDataFiles/schema.json"]. @10-03-2022 02:16:40.0609 AM
[ReportManager] Assertion Passed: Then I Assert that the API response schema matches that in this file [src/test/resources/testDataFiles/schema.json]. @10-03-2022 02:16:40.0610 AM
[ReportManager] Successfully created attachment [Validation Test Data - Expected JSON Value] @10-03-2022 02:16:40.0692 AM
[ReportManager] Successfully created attachment [Validation Test Data - Actual JSON Value] @10-03-2022 02:16:40.0733 AM
[ReportManager] Assertion [ValidateResponseFileSchema] PASSED. Expected [Response data should match the JSON File in this path '/Users/runner/work/SHAFT_ENGINE/SHAFT_ENGINE/src/test/resources/testDataFiles/schema.json'] and Actual [TRUE]. Comparison Type [EQUALS]. Validation Type [POSITIVE]. @10-03-2022 02:16:40.0733 A
[ReportManager] File Action [GetAbsolutePath] successfully performed. With the following test data [Relative Folder Path: "target/downloadedFiles/"]. @10-03-2022 02:16:40.0858 AM
[ReportManager] Attempting to run locally on: [Mac-64], [Safari], Headless Execution. @10-03-2022 02:16:40.0859 AM
[ReportManager] Successfully Opened Safari. @10-03-2022 02:16:41.0716 AM
[ReportManager] Initial window size: (800, 600) @10-03-2022 02:16:41.0752 AM
[ReportManager] Window size after SWD Maximize: (1176, 803) @10-03-2022 02:16:41.0785 AM
[ReportManager] Browser Action [MaximizeWindow] successfully performed. With the following test data [New screen size is now: (1176, 803)]. @10-03-2022 02:16:41.0785 A

################################################################################################################################################
Starting Execution:	[139 out of 165] test cases in the current suite
Test Method:		[testPackage01.Test_dragAndDrop.dragAndDropJquery]
################################################################################################################################################
[ReportManager] Target URL: [https://jqueryui.com/resources/demos/droppable/default.html] @10-03-2022 02:16:41.0911 AM
[ReportManager] Initial URL: [] @10-03-2022 02:16:41.0945 AM
[ReportManager] Browser Action [NavigateToURL] successfully performed. With the following test data [https://jqueryui.com/resources/demos/droppable/default.html]. @10-03-2022 02:16:42.0572 AM
[ReportManager] Element Action [GetText] successfully performed. With the following test data [
	Drop here
]. @10-03-2022 02:16:42.0613 AM
[ReportManager] Element Action [DragAndDrop] successfully performed. With the following test data [Start point: (8, 18), End point: (8, 18)]. @10-03-2022 02:16:43.0681 AM
[ReportManager] Element Action [GetText] successfully performed. With the following test data [
	Dropped!
]. @10-03-2022 02:16:43.0714 AM
[ReportManager] Assertion Passed: Checking to see if the text has changed after performing drag and drop @10-03-2022 02:16:43.0714 AM
[ReportManager] Assertion [ValidateEquals] PASSED. Expected [
	Drop here
] and Actual [
	Dropped!
]. Comparison Type [EQUALS]. Validation Type [NEGATIVE]. @10-03-2022 02:16:43.0715 A
[ReportManager] Browser Action [CloseCurrentWindow] successfully performed. @10-03-2022 02:16:44.0073 AM
[ReportManager] Successfully created attachment [Browser Action Test Data - CloseCurrentWindow - Actual Value] @10-03-2022 02:16:44.0115 A
[ReportManager] File Action [GetAbsolutePath] successfully performed. With the following test data [Relative Folder Path: "target/downloadedFiles/"]. @10-03-2022 02:16:44.0239 AM
[ReportManager] Attempting to run locally on: [Mac-64], [Safari], Headless Execution. @10-03-2022 02:16:44.0240 AM
[ReportManager] Successfully Opened Safari. @10-03-2022 02:16:45.0433 AM
[ReportManager] Initial window size: (800, 600) @10-03-2022 02:16:45.0508 AM
[ReportManager] Window size after SWD Maximize: (1176, 803) @10-03-2022 02:16:45.0554 AM
[ReportManager] Browser Action [MaximizeWindow] successfully performed. With the following test data [New screen size is now: (1176, 803)]. @10-03-2022 02:16:45.0555 A

################################################################################################################################################
Starting Execution:	[140 out of 165] test cases in the current suite
Test Method:		[testPackage01.Test_dragAndDrop.dragAndDrop]
Test Description:	[TC001 - Test Drag and Drop function.]
################################################################################################################################################
[ReportManager] Target URL: [http://the-internet.herokuapp.com/drag_and_drop] @10-03-2022 02:16:45.0680 AM
[ReportManager] Initial URL: [] @10-03-2022 02:16:45.0719 AM
[ReportManager] Browser Action [NavigateToURL] successfully performed. With the following test data [http://the-internet.herokuapp.com/drag_and_drop]. @10-03-2022 02:16:47.0005 AM
[ReportManager] Attempting Drag and Drop @10-03-2022 02:16:47.0006 AM
[ReportManager] Element Action [DragAndDrop] successfully performed. With the following test data [Start point: (120, 89), End point: (335, 89)]. @10-03-2022 02:16:47.0636 A
[ReportManager] Browser Action [CloseCurrentWindow] successfully performed. @10-03-2022 02:16:48.0148 AM
[ReportManager] Successfully created attachment [Browser Action Test Data - CloseCurrentWindow - Actual Value] @10-03-2022 02:16:48.0190 A
[ReportManager] File Action [GetAbsolutePath] successfully performed. With the following test data [Relative Folder Path: "target/downloadedFiles/"]. @10-03-2022 02:16:48.0316 AM
[ReportManager] Attempting to run locally on: [Mac-64], [Safari], Headless Execution. @10-03-2022 02:16:48.0316 AM
[ReportManager] Successfully Opened Safari. @10-03-2022 02:16:49.0304 AM
[ReportManager] Initial window size: (800, 600) @10-03-2022 02:16:49.0354 AM
[ReportManager] Window size after SWD Maximize: (1176, 803) @10-03-2022 02:16:49.0423 AM
[ReportManager] Browser Action [MaximizeWindow] successfully performed. With the following test data [New screen size is now: (1176, 803)]. @10-03-2022 02:16:49.0423 A

################################################################################################################################################
Starting Execution:	[141 out of 165] test cases in the current suite
Test Method:		[testPackage01.Test_dragAndDrop.dragAndDropByOffset]
Test Description:	[TC002 - Test Drag and Drop by offset function.]
################################################################################################################################################
[ReportManager] Target URL: [https://jqueryui.com/resources/demos/draggable/default.html] @10-03-2022 02:16:49.0551 AM
[ReportManager] Initial URL: [] @10-03-2022 02:16:49.0583 AM
[ReportManager] Browser Action [NavigateToURL] successfully performed. With the following test data [https://jqueryui.com/resources/demos/draggable/default.html]. @10-03-2022 02:16:50.0259 AM
[ReportManager] Element Action [DragAndDropByOffset] successfully performed. With the following test data [Start point: (8, 8), End point: (108, 58)]. @10-03-2022 02:16:51.0026 A
[ReportManager] Browser Action [CloseCurrentWindow] successfully performed. @10-03-2022 02:16:51.0590 AM
[ReportManager] Successfully created attachment [Browser Action Test Data - CloseCurrentWindow - Actual Value] @10-03-2022 02:16:51.0632 A
[ReportManager] Successfully loaded the following test data file [src/test/resources/testDataFiles/testSuite01/TestData.xlsx]. @10-03-2022 02:16:51.0794 AM
[ReportManager] Successfully created attachment [Test Data - Excel] @10-03-2022 02:16:51.0877 AM
[ReportManager] File Action [GetAbsolutePath] successfully performed. With the following test data [Relative Folder Path: "target/downloadedFiles/"]. @10-03-2022 02:16:51.0877 AM
[ReportManager] Attempting to run locally on: [Mac-64], [Safari], Headless Execution. @10-03-2022 02:16:51.0877 AM
[ReportManager] Successfully Opened Safari. @10-03-2022 02:16:52.0896 AM
[ReportManager] Initial window size: (800, 600) @10-03-2022 02:16:52.0920 AM
[ReportManager] Window size after SWD Maximize: (1176, 803) @10-03-2022 02:16:52.0939 AM
[ReportManager] Browser Action [MaximizeWindow] successfully performed. With the following test data [New screen size is now: (1176, 803)]. @10-03-2022 02:16:52.0939 A

################################################################################################################################################
Starting Execution:	[142 out of 165] test cases in the current suite
Test Method:		[testPackage01.Test_google.navigateToURLandVerifyGoogleLogoIsDisplayed]
Test Description:	[TC001 - Navigate to URL and Verify Google Logo is Displayed]
################################################################################################################################################
[ReportManager] Target URL: [https://www.google.com/ncr], and after redirection: [https://www.google.com] @10-03-2022 02:16:52.0983 AM
[ReportManager] Initial URL: [] @10-03-2022 02:16:53.0023 AM
[ReportManager] Browser Action [NavigateToURL] successfully performed. With the following test data [https://www.google.com/ncr]. @10-03-2022 02:16:55.0975 AM
[ReportManager] Assertion Passed: Then I Assert that the element found by [By.xpath: //*[@id='hplogo' or @alt='Google']] exists. @10-03-2022 02:16:56.0522 AM
[ReportManager] Successfully created attachment [Screenshot - 1646878616209_navigateToURLandVerifyGoogleLogoIsDisplayed_ValidateElementExists_passed] @10-03-2022 02:16:56.0605 AM
[ReportManager] Assertion [ValidateElementExists] PASSED. Expected [Element Should Exist, locator 'By.xpath: //*[@id='hplogo' or @alt='Google']'] and Actual [Element Exists]. Comparison Type [EQUALS]. Validation Type [POSITIVE]. @10-03-2022 02:16:56.0605 A

################################################################################################################################################
Starting Execution:	[143 out of 165] test cases in the current suite
Test Method:		[testPackage01.Test_google.searchForQueryandAssertResultsNumDisplayed]
Test Description:	[TC002 - Search for Query and Assert that the number of results is displayed]
################################################################################################################################################
[ReportManager] Element Action [Type] successfully performed. With the following test data [SHAFT_Engine]. @10-03-2022 02:16:57.0066 AM
[ReportManager] Element Action [KeyPress] successfully performed. With the following test data [Enter]. @10-03-2022 02:16:57.0122 AM
[ReportManager] Element Action [GetText] successfully performed. With the following test data [About 796,000 results (0.47 seconds)Â Quick SettingsSee all settingsPrivacySearch historyYour data in SearchUsing SearchExplicit results filterLearn more about SafeSearchHide explicit resultsLanguagesEnglishAdvanced searchAppearanceLight themeDark themeDevice defaultSupportSearch help]. @10-03-2022 02:16:58.0707 AM
[ReportManager] Assertion Passed: Then I Assert that the element found by [By.id: appbar] text does not equal []. @10-03-2022 02:16:59.0083 AM
[ReportManager] Successfully created attachment [Screenshot - 1646878618862_searchForQueryandAssertResultsNumDisplayed_ValidateElementAttribute_passed] @10-03-2022 02:16:59.0169 AM
[ReportManager] Assertion [ValidateElementAttribute] PASSED. Expected [Value Should not be '' for the 'text' attribute, element locator 'By.id: appbar'] and Actual [About 796,000 results (0.47 seconds)Â Quick SettingsSee all settingsPrivacySearch historyYour data in SearchUsing SearchExplicit results filterLearn more about SafeSearchHide explicit resultsLanguagesEnglishAdvanced searchAppearanceLight themeDark themeDevice defaultSupportSearch help]. Comparison Type [EQUALS]. Validation Type [NEGATIVE]. @10-03-2022 02:16:59.0169 A

################################################################################################################################################
Starting Execution:	[144 out of 165] test cases in the current suite
Test Method:		[testPackage01.Test_google.clickNextThrice]
Test Description:	[TC003 - Clicks the next button to make sure that the framework can scroll element into view before clicking it]
################################################################################################################################################
[ReportManager] Element Action [Click] successfully performed. With the following test data [By.xpath: //span[text()='Next']]. @10-03-2022 02:16:59.0630 A
[ReportManager] Successfully Closed All Drivers. @10-03-2022 02:17:00.0045 A
[ReportManager] File Action [GetAbsolutePath] successfully performed. With the following test data [Relative Folder Path: "target/downloadedFiles/"]. @10-03-2022 02:17:00.0087 AM
[ReportManager] Attempting to run locally on: [Mac-64], [Safari], Headless Execution. @10-03-2022 02:17:00.0087 AM
[ReportManager] Successfully Opened Safari. @10-03-2022 02:17:00.0943 AM
[ReportManager] Initial window size: (800, 600) @10-03-2022 02:17:00.0981 AM
[ReportManager] Window size after SWD Maximize: (1176, 803) @10-03-2022 02:17:00.0995 AM
[ReportManager] Browser Action [MaximizeWindow] successfully performed. With the following test data [New screen size is now: (1176, 803)]. @10-03-2022 02:17:00.0996 A

################################################################################################################################################
Starting Execution:	[145 out of 165] test cases in the current suite
Test Method:		[testPackage01.Test_chainableElementActions.chainElementActions]
################################################################################################################################################
[ReportManager] Target URL: [https://www.google.com/ncr], and after redirection: [https://www.google.com] @10-03-2022 02:17:01.0134 AM
[ReportManager] Initial URL: [] @10-03-2022 02:17:01.0167 AM
[ReportManager] Browser Action [NavigateToURL] successfully performed. With the following test data [https://www.google.com/ncr]. @10-03-2022 02:17:04.0114 AM
[ReportManager] Element Action [Type] successfully performed. With the following test data [chained type 1]. @10-03-2022 02:17:04.0472 AM
[ReportManager] Element Action [Type] successfully performed. With the following test data [chained type 2]. @10-03-2022 02:17:04.0922 AM
[ReportManager] Element Action [TypeAppend] successfully performed. With the following test data [345]. @10-03-2022 02:17:04.0988 AM
[ReportManager] Element Action [GetText] successfully performed. With the following test data [chained type 2345]. @10-03-2022 02:17:05.0049 AM
[ReportManager] Assertion Passed: Then I Assert that the element found by [By.name: q] text is equal to [chained type 2345]. @10-03-2022 02:17:05.0394 AM
[ReportManager] Successfully created attachment [Screenshot - 1646878625196_chainElementActions_ValidateElementAttribute_passed] @10-03-2022 02:17:05.0477 AM
[ReportManager] Assertion [ValidateElementAttribute] PASSED. Expected [Value Should be 'chained type 2345' for the 'text' attribute, element locator 'By.name: q'] and Actual [chained type 2345]. Comparison Type [EQUALS]. Validation Type [POSITIVE]. @10-03-2022 02:17:05.0477 A
[ReportManager] Successfully Closed All Drivers. @10-03-2022 02:17:05.0848 A
[ReportManager] File Action [GetAbsolutePath] successfully performed. With the following test data [Relative Folder Path: "target/downloadedFiles/"]. @10-03-2022 02:17:05.0975 AM
[ReportManager] Attempting to run locally on: [Mac-64], [Safari], Headless Execution. @10-03-2022 02:17:05.0975 AM
[ReportManager] Successfully Opened Safari. @10-03-2022 02:17:06.0845 AM
[ReportManager] Initial window size: (800, 600) @10-03-2022 02:17:06.0885 AM
[ReportManager] Window size after SWD Maximize: (1176, 803) @10-03-2022 02:17:06.0923 AM
[ReportManager] Browser Action [MaximizeWindow] successfully performed. With the following test data [New screen size is now: (1176, 803)]. @10-03-2022 02:17:06.0923 A

################################################################################################################################################
Starting Execution:	[146 out of 165] test cases in the current suite
Test Method:		[testPackage01.Test_RelativeLocators.relativeLocatorsTest1]
################################################################################################################################################
[ReportManager] Target URL: [https://duckduckgo.com/] @10-03-2022 02:17:07.0093 AM
[ReportManager] Initial URL: [] @10-03-2022 02:17:07.0122 AM
[ReportManager] Browser Action [NavigateToURL] successfully performed. With the following test data [https://duckduckgo.com/]. @10-03-2022 02:17:07.0786 AM
[ReportManager] Element Action [Type] successfully performed. With the following test data [SHAFT_Engine]. @10-03-2022 02:17:08.0049 AM
[ReportManager] Element Action [KeyPress] successfully performed. With the following test data [ENTER]. @10-03-2022 02:17:08.0125 AM
[ReportManager] Element Action [GetText] successfully performed. With the following test data [GitHub - MohabMohie/SHAFT_ENGINE: SHAFT_ENGINE is a Test ...]. @10-03-2022 02:17:09.0568 AM
[ReportManager] Assertion Passed: Then I Assert that the element found by [Relative Locator: {root={xpath=//a[@class='result__a js-result-title-link']}, filters=[{kind=below, args=[{xpath=//input[@name='q']}]}]}] text does not equal []. @10-03-2022 02:17:10.0028 AM
[ReportManager] Successfully created attachment [Screenshot - 1646878629798_relativeLocatorsTest1_ValidateElementAttribute_passed] @10-03-2022 02:17:10.0137 AM
[ReportManager] Assertion [ValidateElementAttribute] PASSED. Expected [Value Should not be '' for the 'text' attribute, element locator '[unknown locator]'] and Actual [GitHub - MohabMohie/SHAFT_ENGINE: SHAFT_ENGINE is a Test ...]. Comparison Type [EQUALS]. Validation Type [NEGATIVE]. @10-03-2022 02:17:10.0137 A
[ReportManager] Browser Action [CloseCurrentWindow] successfully performed. @10-03-2022 02:17:10.0647 AM
[ReportManager] Successfully created attachment [Browser Action Test Data - CloseCurrentWindow - Actual Value] @10-03-2022 02:17:10.0689 A

################################################################################################################################################
Starting Execution:	[147 out of 165] test cases in the current suite
Test Method:		[testPackage01.Test_JsonCompareWithSpecialCharacters.specialCharacters]
################################################################################################################################################
[ReportManager] File Action [GetAbsolutePath] successfully performed. With the following test data [Relative Folder Path: "src/test/resources/testDataFiles/specialCharacters.json"]. @10-03-2022 02:17:10.0820 AM
[ReportManager] File Action [ReadFromFile] successfully performed. With the following test data [File Path: "/Users/runner/work/SHAFT_ENGINE/SHAFT_ENGINE/src/test/resources/testDataFiles/specialCharacters.json"]. @10-03-2022 02:17:10.0820 AM
[ReportManager] Successfully created attachment [File Action Actual Result - Command Log] @10-03-2022 02:17:10.0904 AM
[ReportManager] Comparing the provided API response with the file at this path "src/test/resources/testDataFiles/specialCharacters.json", comparison type "EQUALS" @10-03-2022 02:17:10.0906 AM
[ReportManager] API Action [CompareJSON] successfully performed. With the following test data [src/test/resources/testDataFiles/specialCharacters.json]. @10-03-2022 02:17:10.0913 AM
[ReportManager] File Action [GetAbsolutePath] successfully performed. With the following test data [Relative Folder Path: "src/test/resources/testDataFiles/specialCharacters.json"]. @10-03-2022 02:17:10.0914 AM
[ReportManager] File Action [ReadFromFile] successfully performed. With the following test data [File Path: "/Users/runner/work/SHAFT_ENGINE/SHAFT_ENGINE/src/test/resources/testDataFiles/specialCharacters.json"]. @10-03-2022 02:17:10.0914 AM
[ReportManager] Verification [ValidateJSONFileContent] PASSED. Expected [Response data should match the JSON File in this path 'src/test/resources/testDataFiles/specialCharacters.json'] and Actual [TRUE]. Comparison Type [EQUALS]. Validation Type [POSITIVE]. @10-03-2022 02:17:10.0918 AM
[ReportManager] Successfully created attachment [Validation Test Data - Expected JSON Value] @10-03-2022 02:17:11.0001 AM
[ReportManager] Successfully created attachment [Validation Test Data - Actual JSON Value] @10-03-2022 02:17:11.0043 A

################################################################################################################################################
Starting Execution:	[148 out of 165] test cases in the current suite
Test Method:		[testPackage01.Test_JsonCompareWithSpecialCharacters.specialCharacters_assertion]
################################################################################################################################################
[ReportManager] File Action [GetAbsolutePath] successfully performed. With the following test data [Relative Folder Path: "src/test/resources/testDataFiles/specialCharacters.json"]. @10-03-2022 02:17:11.0170 AM
[ReportManager] File Action [ReadFromFile] successfully performed. With the following test data [File Path: "/Users/runner/work/SHAFT_ENGINE/SHAFT_ENGINE/src/test/resources/testDataFiles/specialCharacters.json"]. @10-03-2022 02:17:11.0171 AM
[ReportManager] Successfully created attachment [File Action Actual Result - Command Log] @10-03-2022 02:17:11.0252 AM
[ReportManager] Comparing the provided API response with the file at this path "src/test/resources/testDataFiles/specialCharacters.json", comparison type "CONTAINS" @10-03-2022 02:17:11.0252 AM
[ReportManager] API Action [CompareJSON] successfully performed. With the following test data [src/test/resources/testDataFiles/specialCharacters.json]. @10-03-2022 02:17:11.0262 AM
[ReportManager] File Action [GetAbsolutePath] successfully performed. With the following test data [Relative Folder Path: "src/test/resources/testDataFiles/specialCharacters.json"]. @10-03-2022 02:17:11.0262 AM
[ReportManager] File Action [ReadFromFile] successfully performed. With the following test data [File Path: "/Users/runner/work/SHAFT_ENGINE/SHAFT_ENGINE/src/test/resources/testDataFiles/specialCharacters.json"]. @10-03-2022 02:17:11.0262 AM
[ReportManager] Assertion Passed: trying out the log message @10-03-2022 02:17:11.0266 AM
[ReportManager] Successfully created attachment [Validation Test Data - Expected JSON Value] @10-03-2022 02:17:11.0348 AM
[ReportManager] Successfully created attachment [Validation Test Data - Actual JSON Value] @10-03-2022 02:17:11.0390 AM
[ReportManager] Assertion [ValidateJSONFileContent] PASSED. Expected [Response data should match the JSON File in this path 'src/test/resources/testDataFiles/specialCharacters.json'] and Actual [TRUE]. Comparison Type [CONTAINS]. Validation Type [POSITIVE]. @10-03-2022 02:17:11.0390 A

################################################################################################################################################
Starting Execution:	[149 out of 165] test cases in the current suite
Test Method:		[testPackage01.Test_SkipDueToIssue.doNotSkip]
################################################################################################################################################
[ReportManager] This should not be skipped. @10-03-2022 02:17:11.0559 A

################################################################################################################################################
Starting Execution:	[150 out of 165] test cases in the current suite
Test Method:		[testPackage01.Test_SkipDueToIssue.skip]
################################################################################################################################################
[ReportManager] This should be skipped. @10-03-2022 02:17:11.0687 A

################################################################################################################################################
Starting Execution:	[151 out of 165] test cases in the current suite
Test Method:		[testPackage01.Test_SkipDueToIssue.skip2]
################################################################################################################################################
[ReportManager] This should be skipped. @10-03-2022 02:17:11.0816 A

################################################################################################################################################
Starting Execution:	[152 out of 165] test cases in the current suite
Test Method:		[testPackage01.Test_JSONFileManager.readStringFromJson]
################################################################################################################################################
[ReportManager] File Action [GetAbsolutePath] successfully performed. With the following test data [Relative Folder Path: "src/test/resources/testDataFiles/simpleJSON.json"]. @10-03-2022 02:17:12.0029 AM
[ReportManager] Successfully loaded the following test data file [src/test/resources/testDataFiles/simpleJSON.json]. @10-03-2022 02:17:12.0029 AM
[ReportManager] Successfully created attachment [Test Data - JSON] @10-03-2022 02:17:12.0114 AM
[ReportManager] File Action [GetAbsolutePath] successfully performed. With the following test data [Relative Folder Path: "src/test/resources/testDataFiles/simpleJSON.json"]. @10-03-2022 02:17:12.0115 AM
[ReportManager] Assertion [ValidateEquals] PASSED. Expected [Mohab Mohie] and Actual [Mohab Mohie]. Comparison Type [EQUALS]. Validation Type [POSITIVE]. @10-03-2022 02:17:12.0170 A
[ReportManager] File Action [GetAbsolutePath] successfully performed. With the following test data [Relative Folder Path: "target/downloadedFiles/"]. @10-03-2022 02:17:12.0294 AM
[ReportManager] Attempting to run locally on: [Mac-64], [Safari], Headless Execution. @10-03-2022 02:17:12.0295 AM
[ReportManager] Successfully Opened Safari. @10-03-2022 02:17:13.0214 AM
[ReportManager] Initial window size: (800, 600) @10-03-2022 02:17:13.0221 AM
[ReportManager] Window size after SWD Maximize: (1176, 803) @10-03-2022 02:17:13.0238 AM
[ReportManager] Browser Action [MaximizeWindow] successfully performed. With the following test data [New screen size is now: (1176, 803)]. @10-03-2022 02:17:13.0239 A

################################################################################################################################################
Starting Execution:	[153 out of 165] test cases in the current suite
Test Method:		[testPackage01.Test_assertEquals.test_assertElementAttribute]
################################################################################################################################################
[ReportManager] Target URL: [https://www.google.com/ncr], and after redirection: [https://www.google.com] @10-03-2022 02:17:13.0285 AM
[ReportManager] Initial URL: [] @10-03-2022 02:17:13.0337 AM
[ReportManager] Browser Action [NavigateToURL] successfully performed. With the following test data [https://www.google.com/ncr]. @10-03-2022 02:17:16.0351 AM
[ReportManager] Element Action [Type] successfully performed. With the following test data [INC_004010050:Another SCHEDULER with the same name [Duplicate Job Name] already exists.]. @10-03-2022 02:17:17.0258 AM
[ReportManager] Element Action [GetText] successfully performed. With the following test data [INC_004010050:Another SCHEDULER with the same name [Duplicate Job Name] already exists.]. @10-03-2022 02:17:17.0340 AM
[ReportManager] Assertion [ValidateElementAttribute] PASSED. Expected [Value Should be 'INC_004010050:Another SCHEDULER with the same name \[Duplicate Job Name\] already exists.' for the 'text' attribute, element locator 'By.name: q'] and Actual [INC_004010050:Another SCHEDULER with the same name [Duplicate Job Name] already exists.]. Comparison Type [MATCHES]. Validation Type [POSITIVE]. @10-03-2022 02:17:17.0725 AM
[ReportManager] Successfully created attachment [Screenshot - 1646878637530_test_assertElementAttribute_ValidateElementAttribute_passed] @10-03-2022 02:17:17.0810 A
[ReportManager] Browser Action [CloseCurrentWindow] successfully performed. @10-03-2022 02:17:18.0335 AM
[ReportManager] Successfully created attachment [Browser Action Test Data - CloseCurrentWindow - Actual Value] @10-03-2022 02:17:18.0376 A
[ReportManager] File Action [GetAbsolutePath] successfully performed. With the following test data [Relative Folder Path: "target/downloadedFiles/"]. @10-03-2022 02:17:18.0460 AM
[ReportManager] Attempting to run locally on: [Mac-64], [Safari], Headless Execution. @10-03-2022 02:17:18.0460 AM
[ReportManager] Successfully Opened Safari. @10-03-2022 02:17:19.0377 AM
[ReportManager] Initial window size: (800, 600) @10-03-2022 02:17:19.0398 AM
[ReportManager] Window size after SWD Maximize: (1176, 803) @10-03-2022 02:17:19.0431 AM
[ReportManager] Browser Action [MaximizeWindow] successfully performed. With the following test data [New screen size is now: (1176, 803)]. @10-03-2022 02:17:19.0432 A

################################################################################################################################################
Starting Execution:	[154 out of 165] test cases in the current suite
Test Method:		[testPackage01.Test_IsElementClickable.testIsElementClickable]
################################################################################################################################################
[ReportManager] Target URL: [https://the-internet.herokuapp.com/] @10-03-2022 02:17:19.0560 AM
[ReportManager] Initial URL: [] @10-03-2022 02:17:19.0595 AM
[ReportManager] Browser Action [NavigateToURL] successfully performed. With the following test data [https://the-internet.herokuapp.com/]. @10-03-2022 02:17:20.0856 AM
[ReportManager] Element Action [IsElementClickable] successfully performed. @10-03-2022 02:17:20.0970 AM
[ReportManager] Assertion [ValidateTrue] PASSED. Expected [TRUE] and Actual [TRUE]. Validation Type [POSITIVE]. @10-03-2022 02:17:20.0970 A
[ReportManager] Browser Action [CloseCurrentWindow] successfully performed. @10-03-2022 02:17:21.0461 AM
[ReportManager] Successfully created attachment [Browser Action Test Data - CloseCurrentWindow - Actual Value] @10-03-2022 02:17:21.0503 A
[ReportManager] Successfully loaded the following test data file [src/test/resources/testDataFiles/testSuite01/TestData.xlsx]. @10-03-2022 02:17:21.0675 AM
[ReportManager] Successfully created attachment [Test Data - Excel] @10-03-2022 02:17:21.0717 AM
[ReportManager] Attempting to run using Playwright locally on: [Mac-64], [Safari], Headless Execution. @10-03-2022 02:18:55.0878 AM
[ReportManager] File Action [GetAbsolutePath] successfully performed. With the following test data [Relative Folder Path: "target/downloadedFiles/"]. @10-03-2022 02:18:55.0879 AM
[ReportManager] Initial window size: (1280, 720) @10-03-2022 02:19:01.0281 AM
[ReportManager] Window size after Toolkit: com.microsoft.playwright.options.ViewportSize@400882d9 @10-03-2022 02:19:01.0291 AM
[ReportManager] Browser Action [MaximizeWindow] successfully performed. With the following test data [New screen size is now: (1920, 1080)]. @10-03-2022 02:19:01.0291 A

################################################################################################################################################
Starting Execution:	[155 out of 165] test cases in the current suite
Test Method:		[testPackage01.Test_google_playwright.navigateToURLandVerifyGoogleLogoIsDisplayed]
Test Description:	[TC001 - Navigate to URL and Verify Google Logo is Displayed]
################################################################################################################################################
[ReportManager] Target URL: [https://www.google.com/ncr], and after redirection: [https://www.google.com] @10-03-2022 02:19:01.0297 AM
[ReportManager] Initial URL: [about:blank] @10-03-2022 02:19:01.0751 AM
[ReportManager] Browser Action [NavigateToURL] successfully performed. With the following test data [https://www.google.com/ncr]. @10-03-2022 02:19:05.0669 AM
[ReportManager] Assertion [ValidateElementExists] PASSED. Expected [Element Should Exist, locator 'xpath=//*[@id='hplogo' or @alt='Google']'] and Actual [Element Exists]. Comparison Type [EQUALS]. Validation Type [POSITIVE]. @10-03-2022 02:19:05.0949 AM
[ReportManager] Successfully created attachment [Screenshot - 1646878745833_navigateToURLandVerifyGoogleLogoIsDisplayed_ValidateElementExists_passed] @10-03-2022 02:19:05.0950 A

################################################################################################################################################
Starting Execution:	[156 out of 165] test cases in the current suite
Test Method:		[testPackage01.Test_google_playwright.searchForQueryandAssertResultsNumDisplayed]
Test Description:	[TC002 - Search for Query and Assert that the number of results is displayed]
################################################################################################################################################
[ReportManager] Element Action [Type] successfully performed. With the following test data [SHAFT_Engine]. @10-03-2022 02:19:06.0137 AM
[ReportManager] Element Action [KeyPress] successfully performed. With the following test data [Enter]. @10-03-2022 02:19:06.0171 AM
[ReportManager] Element Action [GetText] successfully performed. With the following test data [About 796,000 results (0.37 seconds)Â 
]. @10-03-2022 02:19:06.0922 AM
[ReportManager] Assertion [ValidateElementAttribute] PASSED. Expected [Value Should not be '' for the 'text' attribute, element locator 'xpath=//div[@id='appbar']'] and Actual [About 796,000 results (0.37 seconds)Â 
]. Comparison Type [EQUALS]. Validation Type [NEGATIVE]. @10-03-2022 02:19:09.0488 AM
[ReportManager] Successfully created attachment [Screenshot - 1646878749342_searchForQueryandAssertResultsNumDisplayed_ValidateElementAttribute_passed] @10-03-2022 02:19:09.0491 A

################################################################################################################################################
Starting Execution:	[157 out of 165] test cases in the current suite
Test Method:		[testPackage01.Test_google_playwright.clickNextThrice]
Test Description:	[TC003 - Clicks the next button to make sure that the framework can scroll element into view before clicking it]
################################################################################################################################################
[ReportManager] Element Action [Click] successfully performed. With the following test data [Next]. @10-03-2022 02:19:10.0127 A
[ReportManager] Failed to find video recording. @10-03-2022 02:19:10.0130 AM
[ReportManager] Successfully Closed PlayWright Driver. @10-03-2022 02:19:10.0177 A
[ReportManager] File Action [GetAbsolutePath] successfully performed. With the following test data [Relative Folder Path: "target/downloadedFiles/"]. @10-03-2022 02:19:10.0179 AM
[ReportManager] Attempting to run locally on: [Mac-64], [Safari], Headless Execution. @10-03-2022 02:19:10.0179 AM
[ReportManager] Successfully Opened Safari. @10-03-2022 02:19:11.0623 AM
[ReportManager] Initial window size: (800, 600) @10-03-2022 02:19:11.0756 AM
[ReportManager] Window size after SWD Maximize: (1176, 803) @10-03-2022 02:19:11.0788 AM
[ReportManager] Browser Action [MaximizeWindow] successfully performed. With the following test data [New screen size is now: (1176, 803)]. @10-03-2022 02:19:11.0788 A

################################################################################################################################################
Starting Execution:	[158 out of 165] test cases in the current suite
Test Method:		[testPackage01.Test_verifyEquals.test_assertElementAttribute]
################################################################################################################################################
[ReportManager] Target URL: [https://www.google.com/ncr], and after redirection: [https://www.google.com] @10-03-2022 02:19:11.0790 AM
[ReportManager] Initial URL: [] @10-03-2022 02:19:11.0838 AM
[ReportManager] Browser Action [NavigateToURL] successfully performed. With the following test data [https://www.google.com/ncr]. @10-03-2022 02:19:15.0200 AM
[ReportManager] Element Action [Type] successfully performed. With the following test data [INC_004010050:Another SCHEDULER with the same name [Duplicate Job Name] already exists.]. @10-03-2022 02:19:16.0939 AM
[ReportManager] Element Action [GetText] successfully performed. With the following test data [INC_004010050:Another SCHEDULER with the same name [Duplicate Job Name] already exists.]. @10-03-2022 02:19:17.0078 AM
[ReportManager] Verification [ValidateElementAttribute] PASSED. Expected [Value Should be 'INC_004010050:Another SCHEDULER with the same name \[Duplicate Job Name\] already exists.' for the 'text' attribute, element locator 'By.name: q'] and Actual [INC_004010050:Another SCHEDULER with the same name [Duplicate Job Name] already exists.]. Comparison Type [MATCHES]. Validation Type [POSITIVE]. @10-03-2022 02:19:17.0371 AM
[ReportManager] Successfully created attachment [Screenshot - 1646878757285_test_assertElementAttribute_ValidateElementAttribute_passed] @10-03-2022 02:19:17.0373 A
[ReportManager] Browser Action [CloseCurrentWindow] successfully performed. @10-03-2022 02:19:17.0749 AM
[ReportManager] Successfully created attachment [Browser Action Test Data - CloseCurrentWindow - Actual Value] @10-03-2022 02:19:17.0750 A

################################################################################################################################################
Starting Execution:	[159 out of 165] test cases in the current suite
Test Method:		[testPackage01.Test_SelectedValue.multipleSelect]
################################################################################################################################################
[ReportManager] File Action [GetAbsolutePath] successfully performed. With the following test data [Relative Folder Path: "target/downloadedFiles/"]. @10-03-2022 02:19:17.0755 AM
[ReportManager] Attempting to run locally on: [Mac-64], [GoogleChrome], Headless Execution. @10-03-2022 02:19:17.0757 AM
[ReportManager] Identifying OS/Driver combination and selecting the correct driver version automatically. Please note that if a new driver executable will be downloaded it may take some time... @10-03-2022 02:19:17.0757 AM
[ReportManager] Successfully Opened Google Chrome. @10-03-2022 02:19:21.0397 AM
[ReportManager] Initial window size: (1920, 1080) @10-03-2022 02:19:21.0402 AM
[ReportManager] Window size after SWD Maximize: (1920, 1080) @10-03-2022 02:19:21.0608 AM
[ReportManager] Window size after Toolkit: (1920, 1080) @10-03-2022 02:19:22.0098 AM
[ReportManager] Browser Action [MaximizeWindow] successfully performed. With the following test data [New screen size is now: (1920, 1080)]. @10-03-2022 02:19:22.0102 AM
[ReportManager] Target URL: [https://yari-demos.prod.mdn.mozit.cloud/en-US/docs/Web/HTML/Element/select/_sample_.Advanced_select_with_multiple_features.html] @10-03-2022 02:19:22.0102 AM
[ReportManager] Initial URL: [data:,] @10-03-2022 02:19:22.0130 AM
[ReportManager] Browser Action [NavigateToURL] successfully performed. With the following test data [https://yari-demos.prod.mdn.mozit.cloud/en-US/docs/Web/HTML/Element/select/_sample_.Advanced_select_with_multiple_features.html]. @10-03-2022 02:19:22.0376 AM
[ReportManager] Element Action [Select] successfully performed. With the following test data [Dog]. @10-03-2022 02:19:22.0580 AM
[ReportManager] Element Action [Select] successfully performed. With the following test data [Cat]. @10-03-2022 02:19:22.0742 AM
[ReportManager] Element Action [GetSelectedText] successfully performed. With the following test data [DogCat]. @10-03-2022 02:19:22.0845 AM
[ReportManager] DogCat @10-03-2022 02:19:22.0845 AM
[ReportManager] Element Action [GetSelectedText] successfully performed. With the following test data [DogCat]. @10-03-2022 02:19:22.0941 AM
[ReportManager] Assertion [ValidateElementAttribute] PASSED. Expected [Value Should be 'DogCat' for the 'selectedText' attribute, element locator 'By.tagName: select'] and Actual [DogCat]. Comparison Type [EQUALS]. Validation Type [POSITIVE]. @10-03-2022 02:19:23.0490 AM
[ReportManager] Successfully created attachment [Screenshot - 1646878763385_multipleSelect_ValidateElementAttribute_passed] @10-03-2022 02:19:23.0491 AM
[ReportManager] Browser Action [CloseCurrentWindow] successfully performed. @10-03-2022 02:19:23.0727 AM
[ReportManager] Successfully created attachment [Browser Action Test Data - CloseCurrentWindow - Actual Value] @10-03-2022 02:19:23.0727 A

################################################################################################################################################
Starting Execution:	[160 out of 165] test cases in the current suite
Test Method:		[testPackage01.Test_SelectedValue.simpleSelect]
################################################################################################################################################
[ReportManager] File Action [GetAbsolutePath] successfully performed. With the following test data [Relative Folder Path: "target/downloadedFiles/"]. @10-03-2022 02:19:23.0734 AM
[ReportManager] Attempting to run locally on: [Mac-64], [GoogleChrome], Headless Execution. @10-03-2022 02:19:23.0734 AM
[ReportManager] Identifying OS/Driver combination and selecting the correct driver version automatically. Please note that if a new driver executable will be downloaded it may take some time... @10-03-2022 02:19:23.0734 AM
[ReportManager] Successfully Opened Google Chrome. @10-03-2022 02:19:24.0269 AM
[ReportManager] Initial window size: (1920, 1080) @10-03-2022 02:19:24.0272 AM
[ReportManager] Window size after SWD Maximize: (1920, 1080) @10-03-2022 02:19:24.0398 AM
[ReportManager] Window size after Toolkit: (1920, 1080) @10-03-2022 02:19:24.0923 AM
[ReportManager] Browser Action [MaximizeWindow] successfully performed. With the following test data [New screen size is now: (1920, 1080)]. @10-03-2022 02:19:24.0925 AM
[ReportManager] Target URL: [https://yari-demos.prod.mdn.mozit.cloud/en-US/docs/Web/HTML/Element/select/_sample_.Basic_select.html] @10-03-2022 02:19:24.0926 AM
[ReportManager] Initial URL: [data:,] @10-03-2022 02:19:24.0957 AM
[ReportManager] Browser Action [NavigateToURL] successfully performed. With the following test data [https://yari-demos.prod.mdn.mozit.cloud/en-US/docs/Web/HTML/Element/select/_sample_.Basic_select.html]. @10-03-2022 02:19:25.0190 AM
[ReportManager] Element Action [Select] successfully performed. With the following test data [Third Value]. @10-03-2022 02:19:25.0471 AM
[ReportManager] Element Action [GetSelectedText] successfully performed. With the following test data [Third Value]. @10-03-2022 02:19:25.0547 AM
[ReportManager] Third Value @10-03-2022 02:19:25.0547 AM
[ReportManager] Element Action [GetSelectedText] successfully performed. With the following test data [Third Value]. @10-03-2022 02:19:25.0615 AM
[ReportManager] Assertion [ValidateElementAttribute] PASSED. Expected [Value Should be 'Third Value' for the 'selectedText' attribute, element locator 'By.tagName: select'] and Actual [Third Value]. Comparison Type [EQUALS]. Validation Type [POSITIVE]. @10-03-2022 02:19:26.0219 AM
[ReportManager] Successfully created attachment [Screenshot - 1646878766115_simpleSelect_ValidateElementAttribute_passed] @10-03-2022 02:19:26.0219 AM
[ReportManager] Browser Action [CloseCurrentWindow] successfully performed. @10-03-2022 02:19:26.0414 AM
[ReportManager] Successfully created attachment [Browser Action Test Data - CloseCurrentWindow - Actual Value] @10-03-2022 02:19:26.0415 A
[ReportManager] File Action [GetAbsolutePath] successfully performed. With the following test data [Relative Folder Path: "target/downloadedFiles/"]. @10-03-2022 02:19:26.0417 AM
[ReportManager] Attempting to run locally on: [Mac-64], [Safari], Headless Execution. @10-03-2022 02:19:26.0418 AM
[ReportManager] Successfully Opened Safari. @10-03-2022 02:19:27.0612 AM
[ReportManager] Initial window size: (800, 600) @10-03-2022 02:19:27.0652 AM
[ReportManager] Window size after SWD Maximize: (1176, 803) @10-03-2022 02:19:27.0695 AM
[ReportManager] Browser Action [MaximizeWindow] successfully performed. With the following test data [New screen size is now: (1176, 803)]. @10-03-2022 02:19:27.0695 A

################################################################################################################################################
Starting Execution:	[161 out of 165] test cases in the current suite
Test Method:		[testPackage01.Test_dynamicLoading.dynamicLoading_elementIsHidden]
################################################################################################################################################
[ReportManager] Target URL: [https://the-internet.herokuapp.com/dynamic_loading/1] @10-03-2022 02:19:27.0698 AM
[ReportManager] Initial URL: [] @10-03-2022 02:19:27.0770 AM
[ReportManager] Browser Action [NavigateToURL] successfully performed. With the following test data [https://the-internet.herokuapp.com/dynamic_loading/1]. @10-03-2022 02:19:28.0951 AM
[ReportManager] Element Action [Click] successfully performed. With the following test data [By.xpath: //button[text()='Start']]. @10-03-2022 02:19:29.0163 AM
[ReportManager] Element Action [GetText] successfully performed. With the following test data [
    Hello World!
  ]. @10-03-2022 02:19:29.0198 A
[ReportManager] Browser Action [CloseCurrentWindow] successfully performed. @10-03-2022 02:19:29.0649 AM
[ReportManager] Successfully created attachment [Browser Action Test Data - CloseCurrentWindow - Actual Value] @10-03-2022 02:19:29.0650 A
[ReportManager] File Action [GetAbsolutePath] successfully performed. With the following test data [Relative Folder Path: "target/downloadedFiles/"]. @10-03-2022 02:19:29.0652 AM
[ReportManager] Attempting to run locally on: [Mac-64], [Safari], Headless Execution. @10-03-2022 02:19:29.0652 AM
[ReportManager] Successfully Opened Safari. @10-03-2022 02:19:30.0514 AM
[ReportManager] Initial window size: (800, 600) @10-03-2022 02:19:30.0545 AM
[ReportManager] Window size after SWD Maximize: (1176, 803) @10-03-2022 02:19:30.0563 AM
[ReportManager] Browser Action [MaximizeWindow] successfully performed. With the following test data [New screen size is now: (1176, 803)]. @10-03-2022 02:19:30.0564 A

################################################################################################################################################
Starting Execution:	[162 out of 165] test cases in the current suite
Test Method:		[testPackage01.Test_dynamicLoading.dynamicLoading_elementIsRendered]
################################################################################################################################################
[ReportManager] Target URL: [https://the-internet.herokuapp.com/dynamic_loading/2] @10-03-2022 02:19:30.0573 AM
[ReportManager] Initial URL: [] @10-03-2022 02:19:30.0628 AM
[ReportManager] Browser Action [NavigateToURL] successfully performed. With the following test data [https://the-internet.herokuapp.com/dynamic_loading/2]. @10-03-2022 02:19:31.0907 AM
[ReportManager] Element Action [Click] successfully performed. With the following test data [By.xpath: //button[text()='Start']]. @10-03-2022 02:19:32.0149 AM
[ReportManager] Element Action [GetText] successfully performed. With the following test data [Hello World!]. @10-03-2022 02:19:37.0449 AM
[ReportManager] Assertion [ValidateElementAttribute] PASSED. Expected [Value Should be 'Hello World!' for the 'text' attribute, element locator 'By.id: finish'] and Actual [Hello World!]. Comparison Type [CONTAINS]. Validation Type [POSITIVE]. @10-03-2022 02:19:38.0055 AM
[ReportManager] Successfully created attachment [Screenshot - 1646878777856_dynamicLoading_elementIsRendered_ValidateElementAttribute_passed] @10-03-2022 02:19:38.0137 A
[ReportManager] Browser Action [CloseCurrentWindow] successfully performed. @10-03-2022 02:19:38.0599 AM
[ReportManager] Successfully created attachment [Browser Action Test Data - CloseCurrentWindow - Actual Value] @10-03-2022 02:19:38.0809 A

################################################################################################################################################
Starting Execution:	[163 out of 165] test cases in the current suite
Test Method:		[dsl.testDsl.testButton]
################################################################################################################################################
[ReportManager] File Action [GetAbsolutePath] successfully performed. With the following test data [Relative Folder Path: "target/downloadedFiles/"]. @10-03-2022 02:19:39.0136 AM
[ReportManager] Attempting to run locally on: [Mac-64], [Safari], Headless Execution. @10-03-2022 02:19:39.0136 AM
[ReportManager] Successfully Opened Safari. @10-03-2022 02:19:40.0934 AM
[ReportManager] Initial window size: (800, 600) @10-03-2022 02:19:40.0963 AM
[ReportManager] Window size after SWD Maximize: (1176, 803) @10-03-2022 02:19:41.0129 AM
[ReportManager] Browser Action [MaximizeWindow] successfully performed. With the following test data [New screen size is now: (1176, 803)]. @10-03-2022 02:19:41.0130 AM
[ReportManager] Target URL: [http://the-internet.herokuapp.com/] @10-03-2022 02:19:41.0130 AM
[ReportManager] Initial URL: [] @10-03-2022 02:19:41.0187 AM
[ReportManager] Browser Action [NavigateToURL] successfully performed. With the following test data [http://the-internet.herokuapp.com/]. @10-03-2022 02:19:42.0646 AM
[ReportManager] Element Action [Click] successfully performed. With the following test data [By.linkText: Add/Remove Elements]. @10-03-2022 02:19:43.0126 AM
[ReportManager] Element Action [GetText] successfully performed. With the following test data [Add Element]. @10-03-2022 02:19:44.0036 AM
[ReportManager] Assertion Passed: Then I Assert that [Add Element] is equal to [Add Element]. @10-03-2022 02:19:44.0036 AM
[ReportManager] Assertion [ValidateEquals] PASSED. Expected [Add Element] and Actual [Add Element]. Comparison Type [EQUALS]. Validation Type [POSITIVE]. @10-03-2022 02:19:44.0036 AM
[ReportManager] Element Action [Click] successfully performed. With the following test data [By.xpath: //button[text()='Add Element']]. @10-03-2022 02:19:44.0343 AM
[ReportManager] Attempting to getAttribute [disabled] from elementLocator [By.xpath: //button[text()='Add Element']]. @10-03-2022 02:19:44.0343 AM
[ReportManager] Element Action [GetAttribute] successfully performed. @10-03-2022 02:19:44.0467 AM
[ReportManager] Element Action [GetText] successfully performed. With the following test data [Delete]. @10-03-2022 02:19:44.0644 AM
[ReportManager] Assertion Passed: Then I Assert that [Delete] is equal to [Delete]. @10-03-2022 02:19:44.0644 AM
[ReportManager] Assertion [ValidateEquals] PASSED. Expected [Delete] and Actual [Delete]. Comparison Type [EQUALS]. Validation Type [POSITIVE]. @10-03-2022 02:19:44.0644 A

################################################################################################################################################
Starting Execution:	[164 out of 165] test cases in the current suite
Test Method:		[dsl.testDsl.testCheckBox]
################################################################################################################################################
[ReportManager] File Action [GetAbsolutePath] successfully performed. With the following test data [Relative Folder Path: "target/downloadedFiles/"]. @10-03-2022 02:19:45.0300 AM
[ReportManager] Attempting to run locally on: [Mac-64], [Safari], Headless Execution. @10-03-2022 02:19:45.0300 AM
[ReportManager] An Exception Occured with this Message: Could not start a new session. Possible causes are invalid address of the remote server or browser start-up failure.. @10-03-2022 02:19:46.0089 AM
[ReportManager] Successfully created attachment [Exception Stack Trace - org.openqa.selenium.SessionNotCreatedException] @10-03-2022 02:19:46.0289 AM
[ReportManager] Driver Factory Action [createNewLocalDriverInstanceForSafari] failed. With the following test data [Failed to create a session on DESKTOP_SAFARI]. @10-03-2022 02:19:46.0289 A

################################################################################################################################################
Starting Execution:	[165 out of 165] test cases in the current suite
Test Method:		[dsl.testDsl.testLabel]
################################################################################################################################################
[ReportManager] File Action [GetAbsolutePath] successfully performed. With the following test data [Relative Folder Path: "target/downloadedFiles/"]. @10-03-2022 02:19:46.0586 AM
[ReportManager] Attempting to run locally on: [Mac-64], [Safari], Headless Execution. @10-03-2022 02:19:46.0586 AM
[ReportManager] Successfully Opened Safari. @10-03-2022 02:19:47.0716 AM
[ReportManager] Initial window size: (800, 600) @10-03-2022 02:19:47.0745 AM
[ReportManager] Window size after SWD Maximize: (1176, 803) @10-03-2022 02:19:47.0803 AM
[ReportManager] Browser Action [MaximizeWindow] successfully performed. With the following test data [New screen size is now: (1176, 803)]. @10-03-2022 02:19:47.0804 AM
[ReportManager] Element Action [GetText] successfully performed. With the following test data [Welcome to the-internet]. @10-03-2022 02:19:49.0311 AM
[ReportManager] Assertion Passed: Then I Assert that [Welcome to the-internet] is equal to [Welcome to the-internet]. @10-03-2022 02:19:49.0311 AM
[ReportManager] Assertion [ValidateEquals] PASSED. Expected [Welcome to the-internet] and Actual [Welcome to the-internet]. Comparison Type [EQUALS]. Validation Type [POSITIVE]. @10-03-2022 02:19:49.0311 A
[ReportManager] Successfully created attachment [SHAFT Engine Logs - Execution log] @10-03-2022 02:19:49.0966 AM

################################################################################################################################################
This test run was powered by SHAFT Engine Version: [SHAFT Engine v6.1.20220113]
SHAFT Engine is licensed under the MIT License: [https://github.com/MohabMohie/SHAFT_ENGINE/blob/master/LICENSE].
################################################################################################################################################