################################################################################################################################################
Detected SHAFT Engine Version: [SHAFT Engine v5.4.20211025-BETA]
################################################################################################################################################
[ReportManager] File Action [GetAbsolutePath] successfully performed. With the following test data [Relative Folder Path: "target/downloadedFiles/"]. @28-10-2021 09:56:23.0588 AM
[ReportManager] Attempting to run locally on: [Mac-64], [Safari], Headless Execution. @28-10-2021 09:56:23.0609 AM
[ReportManager] Successfully Opened Safari. @28-10-2021 09:56:28.0889 AM
[ReportManager] Initial window size: (800, 600) @28-10-2021 09:56:28.0979 AM
[ReportManager] Window size after SWD Maximize: (1176, 810) @28-10-2021 09:56:29.0010 AM
[ReportManager] Browser Action [MaximizeWindow] successfully performed. With the following test data [New screen size is now: (1176, 810)]. @28-10-2021 09:56:29.0015 A

################################################################################################################################################
Starting Execution:	[1 out of 143] test cases in the current suite
Test Method:		[unitTests.tests_element_elementActions.waitForElementToBePresent_false_expectedToFail]
################################################################################################################################################
[ReportManager] Target URL: [https://www.google.com/ncr], and after redirection: [www.google.com] @28-10-2021 09:56:29.0333 AM
[ReportManager] Initial URL: [] @28-10-2021 09:56:29.0466 AM
[ReportManager] Browser Action [NavigateToURL] successfully performed. With the following test data [https://www.google.com/ncr]. @28-10-2021 09:56:30.0606 AM
[ReportManager] Waiting for element to be present; elementLocator [By.xpath: //*[@id='hplogo' or @alt='Google']], numberOfTries[1], stateOfPresence[false]... @28-10-2021 09:56:30.0649 AM
[ReportManager] Element Action [WaitForElementToBePresent] failed. With the following test data [waited for the element's state of presence to be (false). Element locator (By.xpath: //*[@id='hplogo' or @alt='Google'])]. @28-10-2021 09:56:33.0138 AM
[ReportManager] Successfully created attachment [Screenshot - 1635414990837_waitForElementToBePresent_false_expectedToFail_WaitForElementToBePresent_failed] @28-10-2021 09:56:33.0149 A
[ReportManager] Browser Action [CloseCurrentWindow] successfully performed. @28-10-2021 09:56:33.0247 AM
[ReportManager] Successfully created attachment [Browser Action Test Data - CloseCurrentWindow - Actual Value] @28-10-2021 09:56:33.0254 A
[ReportManager] File Action [GetAbsolutePath] successfully performed. With the following test data [Relative Folder Path: "target/downloadedFiles/"]. @28-10-2021 09:56:33.0276 AM
[ReportManager] Attempting to run locally on: [Mac-64], [Safari], Headless Execution. @28-10-2021 09:56:33.0277 AM
[ReportManager] Successfully Opened Safari. @28-10-2021 09:56:34.0150 AM
[ReportManager] Initial window size: (800, 600) @28-10-2021 09:56:34.0172 AM
[ReportManager] Window size after SWD Maximize: (1176, 811) @28-10-2021 09:56:34.0206 AM
[ReportManager] Browser Action [MaximizeWindow] successfully performed. With the following test data [New screen size is now: (1176, 811)]. @28-10-2021 09:56:34.0207 A

################################################################################################################################################
Starting Execution:	[2 out of 143] test cases in the current suite
Test Method:		[unitTests.tests_element_elementActions.waitForElementToBePresent_false_expectedToPass]
################################################################################################################################################
[ReportManager] Target URL: [https://www.google.com/ncr], and after redirection: [www.google.com] @28-10-2021 09:56:34.0214 AM
[ReportManager] Initial URL: [] @28-10-2021 09:56:34.0261 AM
[ReportManager] Browser Action [NavigateToURL] successfully performed. With the following test data [https://www.google.com/ncr]. @28-10-2021 09:56:35.0131 AM
[ReportManager] Waiting for element to be present; elementLocator [By.id: bla], numberOfTries[1], stateOfPresence[false]... @28-10-2021 09:56:35.0131 A
[ReportManager] Browser Action [CloseCurrentWindow] successfully performed. @28-10-2021 09:56:35.0288 AM
[ReportManager] Successfully created attachment [Browser Action Test Data - CloseCurrentWindow - Actual Value] @28-10-2021 09:56:35.0289 A
[ReportManager] File Action [GetAbsolutePath] successfully performed. With the following test data [Relative Folder Path: "target/downloadedFiles/"]. @28-10-2021 09:56:35.0294 AM
[ReportManager] Attempting to run locally on: [Mac-64], [Safari], Headless Execution. @28-10-2021 09:56:35.0295 AM
[ReportManager] Successfully Opened Safari. @28-10-2021 09:56:36.0125 AM
[ReportManager] Initial window size: (800, 600) @28-10-2021 09:56:36.0132 AM
[ReportManager] Window size after SWD Maximize: (1176, 811) @28-10-2021 09:56:36.0155 AM
[ReportManager] Browser Action [MaximizeWindow] successfully performed. With the following test data [New screen size is now: (1176, 811)]. @28-10-2021 09:56:36.0156 A

################################################################################################################################################
Starting Execution:	[3 out of 143] test cases in the current suite
Test Method:		[unitTests.tests_element_elementActions.waitForElementToBePresent_moreThanOneElement_expectedToFail]
################################################################################################################################################
[ReportManager] Target URL: [https://www.google.com/ncr], and after redirection: [www.google.com] @28-10-2021 09:56:36.0159 AM
[ReportManager] Initial URL: [] @28-10-2021 09:56:36.0226 AM
[ReportManager] Browser Action [NavigateToURL] successfully performed. With the following test data [https://www.google.com/ncr]. @28-10-2021 09:56:37.0000 AM
[ReportManager] Waiting for element to be present; elementLocator [By.xpath: //*], numberOfTries[1], stateOfPresence[false]... @28-10-2021 09:56:37.0000 AM
[ReportManager] Element Action [WaitForElementToBePresent] failed. With the following test data [waited for the element's state of presence to be (false). Element locator (By.xpath: //*)]. @28-10-2021 09:56:37.0182 AM
[ReportManager] Successfully created attachment [Screenshot - 1635414997079_waitForElementToBePresent_moreThanOneElement_expectedToFail_WaitForElementToBePresent_failed] @28-10-2021 09:56:37.0186 A
[ReportManager] Browser Action [CloseCurrentWindow] successfully performed. @28-10-2021 09:56:37.0273 AM
[ReportManager] Successfully created attachment [Browser Action Test Data - CloseCurrentWindow - Actual Value] @28-10-2021 09:56:37.0274 A
[ReportManager] File Action [GetAbsolutePath] successfully performed. With the following test data [Relative Folder Path: "target/downloadedFiles/"]. @28-10-2021 09:56:37.0281 AM
[ReportManager] Attempting to run locally on: [Mac-64], [Safari], Headless Execution. @28-10-2021 09:56:37.0281 AM
[ReportManager] Successfully Opened Safari. @28-10-2021 09:56:38.0116 AM
[ReportManager] Initial window size: (800, 600) @28-10-2021 09:56:38.0135 AM
[ReportManager] Window size after SWD Maximize: (1176, 811) @28-10-2021 09:56:38.0151 AM
[ReportManager] Browser Action [MaximizeWindow] successfully performed. With the following test data [New screen size is now: (1176, 811)]. @28-10-2021 09:56:38.0152 A

################################################################################################################################################
Starting Execution:	[4 out of 143] test cases in the current suite
Test Method:		[unitTests.tests_element_elementActions.waitForElementToBePresent_true_expectedToFail]
################################################################################################################################################
[ReportManager] Target URL: [https://www.google.com/ncr], and after redirection: [www.google.com] @28-10-2021 09:56:38.0168 AM
[ReportManager] Initial URL: [] @28-10-2021 09:56:38.0237 AM
[ReportManager] Browser Action [NavigateToURL] successfully performed. With the following test data [https://www.google.com/ncr]. @28-10-2021 09:56:39.0551 AM
[ReportManager] Waiting for element to be present; elementLocator [By.id: bla], numberOfTries[1], stateOfPresence[true]... @28-10-2021 09:56:39.0551 A
[ReportManager] Browser Action [CloseCurrentWindow] successfully performed. @28-10-2021 09:56:39.0667 AM
[ReportManager] Successfully created attachment [Browser Action Test Data - CloseCurrentWindow - Actual Value] @28-10-2021 09:56:39.0668 A
[ReportManager] File Action [GetAbsolutePath] successfully performed. With the following test data [Relative Folder Path: "target/downloadedFiles/"]. @28-10-2021 09:56:39.0672 AM
[ReportManager] Attempting to run locally on: [Mac-64], [Safari], Headless Execution. @28-10-2021 09:56:39.0673 AM
[ReportManager] Successfully Opened Safari. @28-10-2021 09:56:40.0654 AM
[ReportManager] Initial window size: (800, 600) @28-10-2021 09:56:40.0667 AM
[ReportManager] Window size after SWD Maximize: (1176, 811) @28-10-2021 09:56:40.0684 AM
[ReportManager] Browser Action [MaximizeWindow] successfully performed. With the following test data [New screen size is now: (1176, 811)]. @28-10-2021 09:56:40.0685 A

################################################################################################################################################
Starting Execution:	[5 out of 143] test cases in the current suite
Test Method:		[unitTests.tests_element_elementActions.waitForElementToBePresent_true_expectedToPass]
################################################################################################################################################
[ReportManager] Target URL: [https://www.google.com/ncr], and after redirection: [www.google.com] @28-10-2021 09:56:40.0702 AM
[ReportManager] Initial URL: [] @28-10-2021 09:56:40.0752 AM
[ReportManager] Browser Action [NavigateToURL] successfully performed. With the following test data [https://www.google.com/ncr]. @28-10-2021 09:56:41.0451 AM
[ReportManager] Waiting for element to be present; elementLocator [By.xpath: //*[@id='hplogo' or @alt='Google']], numberOfTries[1], stateOfPresence[true]... @28-10-2021 09:56:41.0451 AM
[ReportManager] Element Action [WaitForElementToBePresent] successfully performed. With the following test data [waited for the element's state of presence to be (true). Element locator (By.xpath: //*[@id='hplogo' or @alt='Google'])]. @28-10-2021 09:56:41.0483 AM
[ReportManager] File Action [DoesFileExist] successfully performed. With the following test data [File Path: "src/test/resources/DynamicObjectRepository/unitTests_tests_element_elementActions_waitForElementToBePresent_true_expectedToPass_By_xpath_id_hplogo_or_alt_Google.png"]. @28-10-2021 09:56:41.0523 AM
[ReportManager] File Action [DoesFileExist] successfully performed. With the following test data [File Path: "src/test/resources/DynamicObjectRepository/unitTests_tests_element_elementActions_waitForElementToBePresent_true_expectedToPass_By_xpath_id_hplogo_or_alt_Google.png"]. @28-10-2021 09:56:41.0612 AM
[ReportManager] Passing the test and saving a reference image @28-10-2021 09:56:41.0612 AM
[ReportManager] File Action [GetAbsolutePath] successfully performed. With the following test data [Relative File Path: "src/test/resources/DynamicObjectRepository/unitTests_tests_element_elementActions_waitForElementToBePresent_true_expectedToPass_By_xpath_id_hplogo_or_alt_Google.png"]. @28-10-2021 09:56:41.0613 AM
[ReportManager] File Action [WriteToFile] successfully performed. With the following test data [Target File Path: "/Users/runner/work/SHAFT_ENGINE/SHAFT_ENGINE/src/test/resources/DynamicObjectRepository/unitTests_tests_element_elementActions_waitForElementToBePresent_true_expectedToPass_By_xpath_id_hplogo_or_alt_Google.png"]. @28-10-2021 09:56:41.0615 AM
[ReportManager] Assertion Passed: Using Visual AI; OpenCV @28-10-2021 09:56:41.0617 AM
[ReportManager] Successfully created attachment [Validation Test Data - Actual Screenshot] @28-10-2021 09:56:41.0618 AM
[ReportManager] Assertion [ValidateElementMatches] PASSED. Expected [Element should match the reference screenshot] and Actual [TRUE]. Comparison Type [EXACT_OPENCV]. Validation Type [POSITIVE]. @28-10-2021 09:56:41.0618 A
[ReportManager] Browser Action [CloseCurrentWindow] successfully performed. @28-10-2021 09:56:41.0813 AM
[ReportManager] Successfully created attachment [Browser Action Test Data - CloseCurrentWindow - Actual Value] @28-10-2021 09:56:41.0814 A
[ReportManager] File Action [GetAbsolutePath] successfully performed. With the following test data [Relative Folder Path: "target/downloadedFiles/"]. @28-10-2021 09:56:41.0819 AM
[ReportManager] Attempting to run locally on: [Mac-64], [Safari], Headless Execution. @28-10-2021 09:56:41.0819 AM
[ReportManager] Successfully Opened Safari. @28-10-2021 09:56:42.0654 AM
[ReportManager] Initial window size: (800, 600) @28-10-2021 09:56:42.0665 AM
[ReportManager] Window size after SWD Maximize: (1176, 811) @28-10-2021 09:56:42.0695 AM
[ReportManager] Browser Action [MaximizeWindow] successfully performed. With the following test data [New screen size is now: (1176, 811)]. @28-10-2021 09:56:42.0695 AM
[ReportManager] Target URL: [https://duckduckgo.com] @28-10-2021 09:56:42.0696 AM
[ReportManager] Initial URL: [] @28-10-2021 09:56:42.0745 AM
[ReportManager] Browser Action [NavigateToURL] successfully performed. With the following test data [https://duckduckgo.com]. @28-10-2021 09:56:43.0532 A

################################################################################################################################################
Starting Execution:	[6 out of 143] test cases in the current suite
Test Method:		[unitTests.tests_browserActions.fullScreenWindow]
################################################################################################################################################
[ReportManager] Initial Windows Size: 1176x811 @28-10-2021 09:56:43.0541 AM
[ReportManager] Current Windows Size after fullScreen: 1176x885 @28-10-2021 09:56:43.0780 AM
[ReportManager] Browser Action [FullScreenWindow] successfully performed. @28-10-2021 09:56:43.0797 AM
[ReportManager] Successfully created attachment [Browser Action Test Data - FullScreenWindow - Actual Value] @28-10-2021 09:56:43.0799 A
[ReportManager] Target URL: [https://duckduckgo.com] @28-10-2021 09:56:43.0803 AM
[ReportManager] Initial URL: [https://duckduckgo.com] @28-10-2021 09:56:43.0892 AM
[ReportManager] Browser Action [NavigateToURL] successfully performed. With the following test data [https://duckduckgo.com]. @28-10-2021 09:56:44.0361 AM
[ReportManager] Browser Action [CloseCurrentWindow] successfully performed. @28-10-2021 09:56:44.0480 AM
[ReportManager] Successfully created attachment [Browser Action Test Data - CloseCurrentWindow - Actual Value] @28-10-2021 09:56:44.0483 A
[ReportManager] File Action [GetAbsolutePath] successfully performed. With the following test data [Relative Folder Path: "target/downloadedFiles/"]. @28-10-2021 09:56:44.0486 AM
[ReportManager] Attempting to run locally on: [Mac-64], [Safari], Headless Execution. @28-10-2021 09:56:44.0487 AM
[ReportManager] Successfully Opened Safari. @28-10-2021 09:56:45.0096 AM
[ReportManager] Initial window size: (800, 600) @28-10-2021 09:56:45.0107 AM
[ReportManager] Window size after SWD Maximize: (1176, 811) @28-10-2021 09:56:45.0132 AM
[ReportManager] Browser Action [MaximizeWindow] successfully performed. With the following test data [New screen size is now: (1176, 811)]. @28-10-2021 09:56:45.0132 AM
[ReportManager] Target URL: [https://duckduckgo.com] @28-10-2021 09:56:45.0132 AM
[ReportManager] Initial URL: [] @28-10-2021 09:56:45.0189 AM
[ReportManager] Browser Action [NavigateToURL] successfully performed. With the following test data [https://duckduckgo.com]. @28-10-2021 09:56:45.0863 A

################################################################################################################################################
Starting Execution:	[7 out of 143] test cases in the current suite
Test Method:		[unitTests.tests_browserActions.getCurrentURL]
################################################################################################################################################
[ReportManager] Browser Action [GetCurrentURL] successfully performed. With the following test data [https://duckduckgo.com/]. @28-10-2021 09:56:45.0887 A
[ReportManager] Target URL: [https://duckduckgo.com] @28-10-2021 09:56:45.0890 AM
[ReportManager] Initial URL: [https://duckduckgo.com] @28-10-2021 09:56:45.0921 AM
[ReportManager] Browser Action [NavigateToURL] successfully performed. With the following test data [https://duckduckgo.com]. @28-10-2021 09:56:46.0234 AM
[ReportManager] Browser Action [CloseCurrentWindow] successfully performed. @28-10-2021 09:56:46.0335 AM
[ReportManager] Successfully created attachment [Browser Action Test Data - CloseCurrentWindow - Actual Value] @28-10-2021 09:56:46.0336 A
[ReportManager] File Action [GetAbsolutePath] successfully performed. With the following test data [Relative Folder Path: "target/downloadedFiles/"]. @28-10-2021 09:56:46.0340 AM
[ReportManager] Attempting to run locally on: [Mac-64], [Safari], Headless Execution. @28-10-2021 09:56:46.0340 AM
[ReportManager] Successfully Opened Safari. @28-10-2021 09:56:47.0121 AM
[ReportManager] Initial window size: (800, 600) @28-10-2021 09:56:47.0131 AM
[ReportManager] Window size after SWD Maximize: (1176, 811) @28-10-2021 09:56:47.0154 AM
[ReportManager] Browser Action [MaximizeWindow] successfully performed. With the following test data [New screen size is now: (1176, 811)]. @28-10-2021 09:56:47.0154 AM
[ReportManager] Target URL: [https://duckduckgo.com] @28-10-2021 09:56:47.0154 AM
[ReportManager] Initial URL: [] @28-10-2021 09:56:47.0212 AM
[ReportManager] Browser Action [NavigateToURL] successfully performed. With the following test data [https://duckduckgo.com]. @28-10-2021 09:56:47.0868 A

################################################################################################################################################
Starting Execution:	[8 out of 143] test cases in the current suite
Test Method:		[unitTests.tests_browserActions.getCurrentWindowTitle]
################################################################################################################################################
[ReportManager] Browser Action [GetCurrentWindowTitle] successfully performed. With the following test data [DuckDuckGo â€” Privacy, simplified.]. @28-10-2021 09:56:47.0899 A
[ReportManager] Target URL: [https://duckduckgo.com] @28-10-2021 09:56:47.0902 AM
[ReportManager] Initial URL: [https://duckduckgo.com] @28-10-2021 09:56:47.0931 AM
[ReportManager] Browser Action [NavigateToURL] successfully performed. With the following test data [https://duckduckgo.com]. @28-10-2021 09:56:48.0245 AM
[ReportManager] Browser Action [CloseCurrentWindow] successfully performed. @28-10-2021 09:56:48.0392 AM
[ReportManager] Successfully created attachment [Browser Action Test Data - CloseCurrentWindow - Actual Value] @28-10-2021 09:56:48.0392 A
[ReportManager] File Action [GetAbsolutePath] successfully performed. With the following test data [Relative Folder Path: "target/downloadedFiles/"]. @28-10-2021 09:56:48.0399 AM
[ReportManager] Attempting to run locally on: [Mac-64], [Safari], Headless Execution. @28-10-2021 09:56:48.0399 AM
[ReportManager] Successfully Opened Safari. @28-10-2021 09:56:49.0218 AM
[ReportManager] Initial window size: (800, 600) @28-10-2021 09:56:49.0251 AM
[ReportManager] Window size after SWD Maximize: (1176, 811) @28-10-2021 09:56:49.0286 AM
[ReportManager] Browser Action [MaximizeWindow] successfully performed. With the following test data [New screen size is now: (1176, 811)]. @28-10-2021 09:56:49.0286 AM
[ReportManager] Target URL: [https://duckduckgo.com] @28-10-2021 09:56:49.0287 AM
[ReportManager] Initial URL: [] @28-10-2021 09:56:49.0339 AM
[ReportManager] Browser Action [NavigateToURL] successfully performed. With the following test data [https://duckduckgo.com]. @28-10-2021 09:56:50.0028 A

################################################################################################################################################
Starting Execution:	[9 out of 143] test cases in the current suite
Test Method:		[unitTests.tests_browserActions.getPageSource]
################################################################################################################################################
[ReportManager] Browser Action [GetPageSource] successfully performed. @28-10-2021 09:56:50.0065 AM
[ReportManager] Successfully created attachment [Browser Action Test Data - GetPageSource - Actual Value] @28-10-2021 09:56:50.0066 A
[ReportManager] Target URL: [https://duckduckgo.com] @28-10-2021 09:56:50.0069 AM
[ReportManager] Initial URL: [https://duckduckgo.com] @28-10-2021 09:56:50.0112 AM
[ReportManager] Browser Action [NavigateToURL] successfully performed. With the following test data [https://duckduckgo.com]. @28-10-2021 09:56:50.0472 AM
[ReportManager] Browser Action [CloseCurrentWindow] successfully performed. @28-10-2021 09:56:50.0513 AM
[ReportManager] Successfully created attachment [Browser Action Test Data - CloseCurrentWindow - Actual Value] @28-10-2021 09:56:50.0514 A
[ReportManager] File Action [GetAbsolutePath] successfully performed. With the following test data [Relative Folder Path: "target/downloadedFiles/"]. @28-10-2021 09:56:50.0533 AM
[ReportManager] Attempting to run locally on: [Mac-64], [Safari], Headless Execution. @28-10-2021 09:56:50.0533 AM
[ReportManager] Successfully Opened Safari. @28-10-2021 09:56:51.0370 AM
[ReportManager] Initial window size: (800, 600) @28-10-2021 09:56:51.0405 AM
[ReportManager] Window size after SWD Maximize: (1176, 811) @28-10-2021 09:56:51.0438 AM
[ReportManager] Browser Action [MaximizeWindow] successfully performed. With the following test data [New screen size is now: (1176, 811)]. @28-10-2021 09:56:51.0438 AM
[ReportManager] Target URL: [https://duckduckgo.com] @28-10-2021 09:56:51.0439 AM
[ReportManager] Initial URL: [] @28-10-2021 09:56:51.0478 AM
[ReportManager] Browser Action [NavigateToURL] successfully performed. With the following test data [https://duckduckgo.com]. @28-10-2021 09:56:52.0122 A

################################################################################################################################################
Starting Execution:	[10 out of 143] test cases in the current suite
Test Method:		[unitTests.tests_browserActions.getWindowHandle]
################################################################################################################################################
[ReportManager] Browser Action [GetWindowHandle] successfully performed. With the following test data [page-D3676FFC-8EC1-40FE-A10E-9C84CC91CD3A]. @28-10-2021 09:56:52.0150 A
[ReportManager] Target URL: [https://duckduckgo.com] @28-10-2021 09:56:52.0152 AM
[ReportManager] Initial URL: [https://duckduckgo.com] @28-10-2021 09:56:52.0181 AM
[ReportManager] Browser Action [NavigateToURL] successfully performed. With the following test data [https://duckduckgo.com]. @28-10-2021 09:56:52.0476 AM
[ReportManager] Browser Action [CloseCurrentWindow] successfully performed. @28-10-2021 09:56:52.0565 AM
[ReportManager] Successfully created attachment [Browser Action Test Data - CloseCurrentWindow - Actual Value] @28-10-2021 09:56:52.0565 A
[ReportManager] File Action [GetAbsolutePath] successfully performed. With the following test data [Relative Folder Path: "target/downloadedFiles/"]. @28-10-2021 09:56:52.0568 AM
[ReportManager] Attempting to run locally on: [Mac-64], [Safari], Headless Execution. @28-10-2021 09:56:52.0569 AM
[ReportManager] Successfully Opened Safari. @28-10-2021 09:56:53.0357 AM
[ReportManager] Initial window size: (800, 600) @28-10-2021 09:56:53.0363 AM
[ReportManager] Window size after SWD Maximize: (1176, 811) @28-10-2021 09:56:53.0402 AM
[ReportManager] Browser Action [MaximizeWindow] successfully performed. With the following test data [New screen size is now: (1176, 811)]. @28-10-2021 09:56:53.0403 AM
[ReportManager] Target URL: [https://duckduckgo.com] @28-10-2021 09:56:53.0403 AM
[ReportManager] Initial URL: [] @28-10-2021 09:56:53.0461 AM
[ReportManager] Browser Action [NavigateToURL] successfully performed. With the following test data [https://duckduckgo.com]. @28-10-2021 09:56:54.0095 A

################################################################################################################################################
Starting Execution:	[11 out of 143] test cases in the current suite
Test Method:		[unitTests.tests_browserActions.getWindowPosition]
################################################################################################################################################
[ReportManager] Browser Action [GetWindowPosition] successfully performed. With the following test data [(0, 23)]. @28-10-2021 09:56:54.0130 A
[ReportManager] Target URL: [https://duckduckgo.com] @28-10-2021 09:56:54.0132 AM
[ReportManager] Initial URL: [https://duckduckgo.com] @28-10-2021 09:56:54.0164 AM
[ReportManager] Browser Action [NavigateToURL] successfully performed. With the following test data [https://duckduckgo.com]. @28-10-2021 09:56:54.0467 AM
[ReportManager] Browser Action [CloseCurrentWindow] successfully performed. @28-10-2021 09:56:54.0560 AM
[ReportManager] Successfully created attachment [Browser Action Test Data - CloseCurrentWindow - Actual Value] @28-10-2021 09:56:54.0560 A
[ReportManager] File Action [GetAbsolutePath] successfully performed. With the following test data [Relative Folder Path: "target/downloadedFiles/"]. @28-10-2021 09:56:54.0563 AM
[ReportManager] Attempting to run locally on: [Mac-64], [Safari], Headless Execution. @28-10-2021 09:56:54.0563 AM
[ReportManager] Successfully Opened Safari. @28-10-2021 09:56:55.0402 AM
[ReportManager] Initial window size: (800, 600) @28-10-2021 09:56:55.0429 AM
[ReportManager] Window size after SWD Maximize: (1176, 811) @28-10-2021 09:56:55.0455 AM
[ReportManager] Browser Action [MaximizeWindow] successfully performed. With the following test data [New screen size is now: (1176, 811)]. @28-10-2021 09:56:55.0455 AM
[ReportManager] Target URL: [https://duckduckgo.com] @28-10-2021 09:56:55.0456 AM
[ReportManager] Initial URL: [] @28-10-2021 09:56:55.0500 AM
[ReportManager] Browser Action [NavigateToURL] successfully performed. With the following test data [https://duckduckgo.com]. @28-10-2021 09:56:56.0157 A

################################################################################################################################################
Starting Execution:	[12 out of 143] test cases in the current suite
Test Method:		[unitTests.tests_browserActions.getWindowSize]
################################################################################################################################################
[ReportManager] Browser Action [GetWindowSize] successfully performed. With the following test data [(1176, 811)]. @28-10-2021 09:56:56.0219 A
[ReportManager] Target URL: [https://duckduckgo.com] @28-10-2021 09:56:56.0221 AM
[ReportManager] Initial URL: [https://duckduckgo.com] @28-10-2021 09:56:56.0271 AM
[ReportManager] Browser Action [NavigateToURL] successfully performed. With the following test data [https://duckduckgo.com]. @28-10-2021 09:56:56.0582 AM
[ReportManager] Browser Action [CloseCurrentWindow] successfully performed. @28-10-2021 09:56:56.0675 AM
[ReportManager] Successfully created attachment [Browser Action Test Data - CloseCurrentWindow - Actual Value] @28-10-2021 09:56:56.0676 A
[ReportManager] File Action [GetAbsolutePath] successfully performed. With the following test data [Relative Folder Path: "target/downloadedFiles/"]. @28-10-2021 09:56:56.0679 AM
[ReportManager] Attempting to run locally on: [Mac-64], [Safari], Headless Execution. @28-10-2021 09:56:56.0679 A

################################################################################################################################################
Starting Execution:	[13 out of 143] test cases in the current suite
Test Method:		[unitTests.tests_browserActions.maximizeWindow]
###############################################################################################################################################



################################################################################################################################################
Starting Execution:	[14 out of 143] test cases in the current suite
Test Method:		[unitTests.tests_browserActions.navigateBack]
###############################################################################################################################################



################################################################################################################################################
Starting Execution:	[15 out of 143] test cases in the current suite
Test Method:		[unitTests.tests_browserActions.navigateForward]
###############################################################################################################################################



################################################################################################################################################
Starting Execution:	[16 out of 143] test cases in the current suite
Test Method:		[unitTests.tests_browserActions.navigateToURL]
###############################################################################################################################################



################################################################################################################################################
Starting Execution:	[17 out of 143] test cases in the current suite
Test Method:		[unitTests.tests_browserActions.navigateToURLWithRedirection]
###############################################################################################################################################



################################################################################################################################################
Starting Execution:	[18 out of 143] test cases in the current suite
Test Method:		[unitTests.tests_browserActions.refreshCurrentPage]
###############################################################################################################################################



################################################################################################################################################
Starting Execution:	[19 out of 143] test cases in the current suite
Test Method:		[unitTests.tests_browserActions.setWindowSize]
###############################################################################################################################################

[ReportManager] Successfully loaded the following test data file [src/test/resources/TestDataFiles/testSuite01/TestData.xlsx]. @28-10-2021 09:56:58.0068 AM
[ReportManager] Successfully created attachment [Test Data - Excel] @28-10-2021 09:56:58.0069 A

################################################################################################################################################
Starting Execution:	[20 out of 143] test cases in the current suite
Test Method:		[unitTests.tests_io_excelFileManager.getCellData_rowName_expectedToPass]
################################################################################################################################################
[ReportManager] testRowData. @28-10-2021 09:56:58.0083 A

################################################################################################################################################
Starting Execution:	[21 out of 143] test cases in the current suite
Test Method:		[unitTests.tests_validations_assertions.assertComparativeRelation_greaterThanOrEquals_false_equals_expectedToFail]
################################################################################################################################################
[ReportManager] Assertion [ValidateComparativeRelation] FAILED. Expected [1] and Actual [1]. Comparison Type [GREATER_THAN_OR_EQUALS]. Validation Type [NEGATIVE]. @28-10-2021 09:56:58.0093 A

################################################################################################################################################
Starting Execution:	[22 out of 143] test cases in the current suite
Test Method:		[unitTests.tests_validations_assertions.assertComparativeRelation_greaterThanOrEquals_false_equals_expectedToPass]
################################################################################################################################################
[ReportManager] Assertion [ValidateComparativeRelation] PASSED. Expected [2] and Actual [1]. Comparison Type [GREATER_THAN_OR_EQUALS]. Validation Type [NEGATIVE]. @28-10-2021 09:56:58.0098 A

################################################################################################################################################
Starting Execution:	[23 out of 143] test cases in the current suite
Test Method:		[unitTests.tests_validations_assertions.assertComparativeRelation_greaterThanOrEquals_false_greaterThan_expectedToFail]
################################################################################################################################################
[ReportManager] Assertion [ValidateComparativeRelation] FAILED. Expected [1] and Actual [2]. Comparison Type [GREATER_THAN_OR_EQUALS]. Validation Type [NEGATIVE]. @28-10-2021 09:56:58.0103 A

################################################################################################################################################
Starting Execution:	[24 out of 143] test cases in the current suite
Test Method:		[unitTests.tests_validations_assertions.assertComparativeRelation_greaterThanOrEquals_false_greaterThan_expectedToPass]
################################################################################################################################################
[ReportManager] Assertion [ValidateComparativeRelation] PASSED. Expected [2] and Actual [1]. Comparison Type [GREATER_THAN_OR_EQUALS]. Validation Type [NEGATIVE]. @28-10-2021 09:56:58.0107 A

################################################################################################################################################
Starting Execution:	[25 out of 143] test cases in the current suite
Test Method:		[unitTests.tests_validations_assertions.assertComparativeRelation_greaterThanOrEquals_true_equals_expectedToFail]
################################################################################################################################################
[ReportManager] Assertion [ValidateComparativeRelation] FAILED. Expected [1] and Actual [0]. Comparison Type [GREATER_THAN_OR_EQUALS]. Validation Type [POSITIVE]. @28-10-2021 09:56:58.0111 A

################################################################################################################################################
Starting Execution:	[26 out of 143] test cases in the current suite
Test Method:		[unitTests.tests_validations_assertions.assertComparativeRelation_greaterThanOrEquals_true_equals_expectedToPass]
################################################################################################################################################
[ReportManager] Assertion [ValidateComparativeRelation] PASSED. Expected [1] and Actual [1]. Comparison Type [GREATER_THAN_OR_EQUALS]. Validation Type [POSITIVE]. @28-10-2021 09:56:58.0115 A

################################################################################################################################################
Starting Execution:	[27 out of 143] test cases in the current suite
Test Method:		[unitTests.tests_validations_assertions.assertComparativeRelation_greaterThanOrEquals_true_greaterThan_expectedToFail]
################################################################################################################################################
[ReportManager] Assertion [ValidateComparativeRelation] FAILED. Expected [2] and Actual [1]. Comparison Type [GREATER_THAN_OR_EQUALS]. Validation Type [POSITIVE]. @28-10-2021 09:56:58.0119 A

################################################################################################################################################
Starting Execution:	[28 out of 143] test cases in the current suite
Test Method:		[unitTests.tests_validations_assertions.assertComparativeRelation_greaterThanOrEquals_true_greaterThan_expectedToPass]
################################################################################################################################################
[ReportManager] Assertion [ValidateComparativeRelation] PASSED. Expected [1] and Actual [2]. Comparison Type [GREATER_THAN_OR_EQUALS]. Validation Type [POSITIVE]. @28-10-2021 09:56:58.0123 A
[ReportManager] File Action [GetAbsolutePath] successfully performed. With the following test data [Relative Folder Path: "target/downloadedFiles/"]. @28-10-2021 09:56:58.0127 AM
[ReportManager] Attempting to run locally on: [Mac-64], [Safari], Headless Execution. @28-10-2021 09:56:58.0127 AM
[ReportManager] Successfully Opened Safari. @28-10-2021 09:56:58.0933 AM
[ReportManager] Initial window size: (800, 600) @28-10-2021 09:56:58.0942 AM
[ReportManager] Window size after SWD Maximize: (1176, 811) @28-10-2021 09:56:58.0963 AM
[ReportManager] Browser Action [MaximizeWindow] successfully performed. With the following test data [New screen size is now: (1176, 811)]. @28-10-2021 09:56:58.0964 AM
[ReportManager] Target URL: [https://www.google.com/ncr], and after redirection: [www.google.com] @28-10-2021 09:56:58.0964 AM
[ReportManager] Initial URL: [] @28-10-2021 09:56:59.0002 AM
[ReportManager] Browser Action [NavigateToURL] successfully performed. With the following test data [https://www.google.com/ncr]. @28-10-2021 09:56:59.0818 A

################################################################################################################################################
Starting Execution:	[29 out of 143] test cases in the current suite
Test Method:		[unitTests.tests_validations_assertions.assertElementAttribute_false_caseInsensitiveComparison_expectedToFail]
################################################################################################################################################
[ReportManager] Element Action [Type] successfully performed. With the following test data [AUTOMATION]. @28-10-2021 09:57:00.0140 AM
[ReportManager] Element Action [GetText] successfully performed. With the following test data [AUTOMATION]. @28-10-2021 09:57:00.0191 AM
[ReportManager] Loaded Shared OpenCV @28-10-2021 09:57:01.0283 AM
[ReportManager] Assertion [ValidateElementAttribute] FAILED. Expected [Value Should not be 'AutomaTion' for the 'text' attribute, element locator 'By.name: q'] and Actual [AUTOMATION]. Comparison Type [CASE_INSENSITIVE]. Validation Type [NEGATIVE]. @28-10-2021 09:57:01.0605 AM
[ReportManager] Successfully created attachment [Screenshot - 1635415020257_assertElementAttribute_false_caseInsensitiveComparison_expectedToFail_ValidateElementAttribute_failed] @28-10-2021 09:57:01.0613 A
[ReportManager] Browser Action [CloseCurrentWindow] successfully performed. @28-10-2021 09:57:01.0711 AM
[ReportManager] Successfully created attachment [Browser Action Test Data - CloseCurrentWindow - Actual Value] @28-10-2021 09:57:01.0712 A
[ReportManager] File Action [GetAbsolutePath] successfully performed. With the following test data [Relative Folder Path: "target/downloadedFiles/"]. @28-10-2021 09:57:01.0715 AM
[ReportManager] Attempting to run locally on: [Mac-64], [Safari], Headless Execution. @28-10-2021 09:57:01.0715 AM
[ReportManager] Successfully Opened Safari. @28-10-2021 09:57:02.0504 AM
[ReportManager] Initial window size: (800, 600) @28-10-2021 09:57:02.0513 AM
[ReportManager] Window size after SWD Maximize: (1176, 811) @28-10-2021 09:57:02.0539 AM
[ReportManager] Browser Action [MaximizeWindow] successfully performed. With the following test data [New screen size is now: (1176, 811)]. @28-10-2021 09:57:02.0540 AM
[ReportManager] Target URL: [https://www.google.com/ncr], and after redirection: [www.google.com] @28-10-2021 09:57:02.0540 AM
[ReportManager] Initial URL: [] @28-10-2021 09:57:02.0591 AM
[ReportManager] Browser Action [NavigateToURL] successfully performed. With the following test data [https://www.google.com/ncr]. @28-10-2021 09:57:03.0379 A

################################################################################################################################################
Starting Execution:	[30 out of 143] test cases in the current suite
Test Method:		[unitTests.tests_validations_assertions.assertElementAttribute_false_caseInsensitiveComparison_expectedToPass]
################################################################################################################################################
[ReportManager] Element Action [Type] successfully performed. With the following test data [AUTOMATION]. @28-10-2021 09:57:03.0780 AM
[ReportManager] Element Action [GetText] successfully performed. With the following test data [AUTOMATION]. @28-10-2021 09:57:03.0835 AM
[ReportManager] Loaded Shared OpenCV @28-10-2021 09:57:03.0888 AM
[ReportManager] Assertion [ValidateElementAttribute] PASSED. Expected [Value Should not be 'AutomaTion123' for the 'text' attribute, element locator 'By.name: q'] and Actual [AUTOMATION]. Comparison Type [CASE_INSENSITIVE]. Validation Type [NEGATIVE]. @28-10-2021 09:57:03.0992 AM
[ReportManager] Successfully created attachment [Screenshot - 1635415023888_assertElementAttribute_false_caseInsensitiveComparison_expectedToPass_ValidateElementAttribute_passed] @28-10-2021 09:57:03.0994 A
[ReportManager] Browser Action [CloseCurrentWindow] successfully performed. @28-10-2021 09:57:04.0112 AM
[ReportManager] Successfully created attachment [Browser Action Test Data - CloseCurrentWindow - Actual Value] @28-10-2021 09:57:04.0113 A
[ReportManager] File Action [GetAbsolutePath] successfully performed. With the following test data [Relative Folder Path: "target/downloadedFiles/"]. @28-10-2021 09:57:04.0117 AM
[ReportManager] Attempting to run locally on: [Mac-64], [Safari], Headless Execution. @28-10-2021 09:57:04.0117 AM
[ReportManager] Successfully Opened Safari. @28-10-2021 09:57:04.0905 AM
[ReportManager] Initial window size: (800, 600) @28-10-2021 09:57:04.0942 AM
[ReportManager] Window size after SWD Maximize: (1176, 811) @28-10-2021 09:57:04.0978 AM
[ReportManager] Browser Action [MaximizeWindow] successfully performed. With the following test data [New screen size is now: (1176, 811)]. @28-10-2021 09:57:04.0979 AM
[ReportManager] Target URL: [https://www.google.com/ncr], and after redirection: [www.google.com] @28-10-2021 09:57:04.0979 AM
[ReportManager] Initial URL: [] @28-10-2021 09:57:05.0018 AM
[ReportManager] Browser Action [NavigateToURL] successfully performed. With the following test data [https://www.google.com/ncr]. @28-10-2021 09:57:05.0745 A

################################################################################################################################################
Starting Execution:	[31 out of 143] test cases in the current suite
Test Method:		[unitTests.tests_validations_assertions.assertElementAttribute_false_containsComparison_expectedToFail]
################################################################################################################################################
[ReportManager] Element Action [Type] successfully performed. With the following test data [Automation123]. @28-10-2021 09:57:06.0233 AM
[ReportManager] Element Action [GetText] successfully performed. With the following test data [Automation123]. @28-10-2021 09:57:06.0283 AM
[ReportManager] Loaded Shared OpenCV @28-10-2021 09:57:06.0334 AM
[ReportManager] Assertion [ValidateElementAttribute] FAILED. Expected [Value Should not be 'Automation' for the 'text' attribute, element locator 'By.name: q'] and Actual [Automation123]. Comparison Type [CONTAINS]. Validation Type [NEGATIVE]. @28-10-2021 09:57:06.0432 AM
[ReportManager] Successfully created attachment [Screenshot - 1635415026333_assertElementAttribute_false_containsComparison_expectedToFail_ValidateElementAttribute_failed] @28-10-2021 09:57:06.0434 A
[ReportManager] Browser Action [CloseCurrentWindow] successfully performed. @28-10-2021 09:57:06.0565 AM
[ReportManager] Successfully created attachment [Browser Action Test Data - CloseCurrentWindow - Actual Value] @28-10-2021 09:57:06.0567 A
[ReportManager] File Action [GetAbsolutePath] successfully performed. With the following test data [Relative Folder Path: "target/downloadedFiles/"]. @28-10-2021 09:57:06.0570 AM
[ReportManager] Attempting to run locally on: [Mac-64], [Safari], Headless Execution. @28-10-2021 09:57:06.0570 AM
[ReportManager] Successfully Opened Safari. @28-10-2021 09:57:07.0351 AM
[ReportManager] Initial window size: (800, 600) @28-10-2021 09:57:07.0363 AM
[ReportManager] Window size after SWD Maximize: (1176, 811) @28-10-2021 09:57:07.0386 AM
[ReportManager] Browser Action [MaximizeWindow] successfully performed. With the following test data [New screen size is now: (1176, 811)]. @28-10-2021 09:57:07.0387 AM
[ReportManager] Target URL: [https://www.google.com/ncr], and after redirection: [www.google.com] @28-10-2021 09:57:07.0387 AM
[ReportManager] Initial URL: [] @28-10-2021 09:57:07.0447 AM
[ReportManager] Browser Action [NavigateToURL] successfully performed. With the following test data [https://www.google.com/ncr]. @28-10-2021 09:57:08.0174 A

################################################################################################################################################
Starting Execution:	[32 out of 143] test cases in the current suite
Test Method:		[unitTests.tests_validations_assertions.assertElementAttribute_false_containsComparison_expectedToPass]
################################################################################################################################################
[ReportManager] Element Action [Type] successfully performed. With the following test data [Automation123]. @28-10-2021 09:57:08.0652 AM
[ReportManager] Element Action [GetText] successfully performed. With the following test data [Automation123]. @28-10-2021 09:57:08.0699 AM
[ReportManager] Loaded Shared OpenCV @28-10-2021 09:57:08.0746 AM
[ReportManager] Assertion [ValidateElementAttribute] PASSED. Expected [Value Should not be 'Automation1234' for the 'text' attribute, element locator 'By.name: q'] and Actual [Automation123]. Comparison Type [CONTAINS]. Validation Type [NEGATIVE]. @28-10-2021 09:57:08.0838 AM
[ReportManager] Successfully created attachment [Screenshot - 1635415028746_assertElementAttribute_false_containsComparison_expectedToPass_ValidateElementAttribute_passed] @28-10-2021 09:57:08.0839 A
[ReportManager] Browser Action [CloseCurrentWindow] successfully performed. @28-10-2021 09:57:08.0898 AM
[ReportManager] Successfully created attachment [Browser Action Test Data - CloseCurrentWindow - Actual Value] @28-10-2021 09:57:08.0899 A
[ReportManager] File Action [GetAbsolutePath] successfully performed. With the following test data [Relative Folder Path: "target/downloadedFiles/"]. @28-10-2021 09:57:08.0903 AM
[ReportManager] Attempting to run locally on: [Mac-64], [Safari], Headless Execution. @28-10-2021 09:57:08.0903 AM
[ReportManager] Successfully Opened Safari. @28-10-2021 09:57:09.0668 AM
[ReportManager] Initial window size: (800, 600) @28-10-2021 09:57:09.0674 AM
[ReportManager] Window size after SWD Maximize: (1176, 811) @28-10-2021 09:57:09.0685 AM
[ReportManager] Browser Action [MaximizeWindow] successfully performed. With the following test data [New screen size is now: (1176, 811)]. @28-10-2021 09:57:09.0686 AM
[ReportManager] Target URL: [https://www.google.com/ncr], and after redirection: [www.google.com] @28-10-2021 09:57:09.0686 AM
[ReportManager] Initial URL: [] @28-10-2021 09:57:09.0751 AM
[ReportManager] Browser Action [NavigateToURL] successfully performed. With the following test data [https://www.google.com/ncr]. @28-10-2021 09:57:11.0082 A

################################################################################################################################################
Starting Execution:	[33 out of 143] test cases in the current suite
Test Method:		[unitTests.tests_validations_assertions.assertElementAttribute_false_literalComparison_expectedToFail]
################################################################################################################################################
[ReportManager] Element Action [Type] successfully performed. With the following test data [Automation!@#$%^&*()_+{}[]\';/.,]. @28-10-2021 09:57:11.0986 AM
[ReportManager] Element Action [GetText] successfully performed. With the following test data [Automation!@#$%^&*()_+{}[]\';/.,]. @28-10-2021 09:57:12.0055 AM
[ReportManager] Loaded Shared OpenCV @28-10-2021 09:57:12.0111 AM
[ReportManager] Assertion [ValidateElementAttribute] PASSED. Expected [Value Should not be 'Automation!@#$%^&*()_+{}[]\\';/.,' for the 'text' attribute, element locator 'By.name: q'] and Actual [Automation!@#$%^&*()_+{}[]\';/.,]. Comparison Type [EQUALS]. Validation Type [NEGATIVE]. @28-10-2021 09:57:12.0263 AM
[ReportManager] Successfully created attachment [Screenshot - 1635415032111_assertElementAttribute_false_literalComparison_expectedToFail_ValidateElementAttribute_passed] @28-10-2021 09:57:12.0264 A
[ReportManager] Browser Action [CloseCurrentWindow] successfully performed. @28-10-2021 09:57:12.0358 AM
[ReportManager] Successfully created attachment [Browser Action Test Data - CloseCurrentWindow - Actual Value] @28-10-2021 09:57:12.0359 A
[ReportManager] File Action [GetAbsolutePath] successfully performed. With the following test data [Relative Folder Path: "target/downloadedFiles/"]. @28-10-2021 09:57:12.0364 AM
[ReportManager] Attempting to run locally on: [Mac-64], [Safari], Headless Execution. @28-10-2021 09:57:12.0364 AM
[ReportManager] Successfully Opened Safari. @28-10-2021 09:57:13.0149 AM
[ReportManager] Initial window size: (800, 600) @28-10-2021 09:57:13.0166 AM
[ReportManager] Window size after SWD Maximize: (1176, 811) @28-10-2021 09:57:13.0182 AM
[ReportManager] Browser Action [MaximizeWindow] successfully performed. With the following test data [New screen size is now: (1176, 811)]. @28-10-2021 09:57:13.0183 AM
[ReportManager] Target URL: [https://www.google.com/ncr], and after redirection: [www.google.com] @28-10-2021 09:57:13.0184 AM
[ReportManager] Initial URL: [] @28-10-2021 09:57:13.0278 AM
[ReportManager] Browser Action [NavigateToURL] successfully performed. With the following test data [https://www.google.com/ncr]. @28-10-2021 09:57:14.0012 A

################################################################################################################################################
Starting Execution:	[34 out of 143] test cases in the current suite
Test Method:		[unitTests.tests_validations_assertions.assertElementAttribute_false_literalComparison_expectedToPass]
################################################################################################################################################
[ReportManager] Element Action [Type] successfully performed. With the following test data [Automation!@#$%^&*()_+{}[]\';/.,]. @28-10-2021 09:57:15.0121 AM
[ReportManager] Element Action [GetText] successfully performed. With the following test data [Automation!@#$%^&*()_+{}[]\';/.,]. @28-10-2021 09:57:15.0173 AM
[ReportManager] Loaded Shared OpenCV @28-10-2021 09:57:15.0225 AM
[ReportManager] Assertion [ValidateElementAttribute] PASSED. Expected [Value Should not be 'Automation' for the 'text' attribute, element locator 'By.name: q'] and Actual [Automation!@#$%^&*()_+{}[]\';/.,]. Comparison Type [EQUALS]. Validation Type [NEGATIVE]. @28-10-2021 09:57:15.0322 AM
[ReportManager] Successfully created attachment [Screenshot - 1635415035225_assertElementAttribute_false_literalComparison_expectedToPass_ValidateElementAttribute_passed] @28-10-2021 09:57:15.0323 A
[ReportManager] Browser Action [CloseCurrentWindow] successfully performed. @28-10-2021 09:57:15.0500 AM
[ReportManager] Successfully created attachment [Browser Action Test Data - CloseCurrentWindow - Actual Value] @28-10-2021 09:57:15.0501 A
[ReportManager] File Action [GetAbsolutePath] successfully performed. With the following test data [Relative Folder Path: "target/downloadedFiles/"]. @28-10-2021 09:57:15.0504 AM
[ReportManager] Attempting to run locally on: [Mac-64], [Safari], Headless Execution. @28-10-2021 09:57:15.0505 AM
[ReportManager] Successfully Opened Safari. @28-10-2021 09:57:16.0272 AM
[ReportManager] Initial window size: (800, 600) @28-10-2021 09:57:16.0278 AM
[ReportManager] Window size after SWD Maximize: (1176, 811) @28-10-2021 09:57:16.0300 AM
[ReportManager] Browser Action [MaximizeWindow] successfully performed. With the following test data [New screen size is now: (1176, 811)]. @28-10-2021 09:57:16.0301 AM
[ReportManager] Target URL: [https://www.google.com/ncr], and after redirection: [www.google.com] @28-10-2021 09:57:16.0301 AM
[ReportManager] Initial URL: [] @28-10-2021 09:57:16.0376 AM
[ReportManager] Browser Action [NavigateToURL] successfully performed. With the following test data [https://www.google.com/ncr]. @28-10-2021 09:57:17.0085 A

################################################################################################################################################
Starting Execution:	[35 out of 143] test cases in the current suite
Test Method:		[unitTests.tests_validations_assertions.assertElementAttribute_false_regexComparison_expectedToFail]
################################################################################################################################################
[ReportManager] Element Action [Type] successfully performed. With the following test data [Automation123]. @28-10-2021 09:57:17.0549 AM
[ReportManager] Element Action [GetText] successfully performed. With the following test data [Automation123]. @28-10-2021 09:57:17.0595 AM
[ReportManager] Loaded Shared OpenCV @28-10-2021 09:57:17.0647 AM
[ReportManager] Assertion [ValidateElementAttribute] FAILED. Expected [Value Should not be 'Automation.*' for the 'text' attribute, element locator 'By.name: q'] and Actual [Automation123]. Comparison Type [MATCHES]. Validation Type [NEGATIVE]. @28-10-2021 09:57:17.0744 AM
[ReportManager] Successfully created attachment [Screenshot - 1635415037647_assertElementAttribute_false_regexComparison_expectedToFail_ValidateElementAttribute_failed] @28-10-2021 09:57:17.0745 A
[ReportManager] Browser Action [CloseCurrentWindow] successfully performed. @28-10-2021 09:57:17.0790 AM
[ReportManager] Successfully created attachment [Browser Action Test Data - CloseCurrentWindow - Actual Value] @28-10-2021 09:57:17.0791 A
[ReportManager] File Action [GetAbsolutePath] successfully performed. With the following test data [Relative Folder Path: "target/downloadedFiles/"]. @28-10-2021 09:57:17.0800 AM
[ReportManager] Attempting to run locally on: [Mac-64], [Safari], Headless Execution. @28-10-2021 09:57:17.0801 AM
[ReportManager] Successfully Opened Safari. @28-10-2021 09:57:18.0602 AM
[ReportManager] Initial window size: (800, 600) @28-10-2021 09:57:18.0606 AM
[ReportManager] Window size after SWD Maximize: (1176, 811) @28-10-2021 09:57:18.0654 AM
[ReportManager] Browser Action [MaximizeWindow] successfully performed. With the following test data [New screen size is now: (1176, 811)]. @28-10-2021 09:57:18.0655 AM
[ReportManager] Target URL: [https://www.google.com/ncr], and after redirection: [www.google.com] @28-10-2021 09:57:18.0655 AM
[ReportManager] Initial URL: [] @28-10-2021 09:57:18.0688 AM
[ReportManager] Browser Action [NavigateToURL] successfully performed. With the following test data [https://www.google.com/ncr]. @28-10-2021 09:57:19.0456 A

################################################################################################################################################
Starting Execution:	[36 out of 143] test cases in the current suite
Test Method:		[unitTests.tests_validations_assertions.assertElementAttribute_false_regexComparison_expectedToPass]
################################################################################################################################################
[ReportManager] Element Action [Type] successfully performed. With the following test data [Automation123]. @28-10-2021 09:57:19.0937 AM
[ReportManager] Element Action [GetText] successfully performed. With the following test data [Automation123]. @28-10-2021 09:57:19.0981 AM
[ReportManager] Loaded Shared OpenCV @28-10-2021 09:57:20.0030 AM
[ReportManager] Assertion [ValidateElementAttribute] PASSED. Expected [Value Should not be 'Automation' for the 'text' attribute, element locator 'By.name: q'] and Actual [Automation123]. Comparison Type [MATCHES]. Validation Type [NEGATIVE]. @28-10-2021 09:57:20.0124 AM
[ReportManager] Successfully created attachment [Screenshot - 1635415040030_assertElementAttribute_false_regexComparison_expectedToPass_ValidateElementAttribute_passed] @28-10-2021 09:57:20.0125 A
[ReportManager] Browser Action [CloseCurrentWindow] successfully performed. @28-10-2021 09:57:20.0266 AM
[ReportManager] Successfully created attachment [Browser Action Test Data - CloseCurrentWindow - Actual Value] @28-10-2021 09:57:20.0267 A
[ReportManager] File Action [GetAbsolutePath] successfully performed. With the following test data [Relative Folder Path: "target/downloadedFiles/"]. @28-10-2021 09:57:20.0271 AM
[ReportManager] Attempting to run locally on: [Mac-64], [Safari], Headless Execution. @28-10-2021 09:57:20.0271 AM
[ReportManager] Successfully Opened Safari. @28-10-2021 09:57:21.0114 AM
[ReportManager] Initial window size: (800, 600) @28-10-2021 09:57:21.0136 AM
[ReportManager] Window size after SWD Maximize: (1176, 811) @28-10-2021 09:57:21.0151 AM
[ReportManager] Browser Action [MaximizeWindow] successfully performed. With the following test data [New screen size is now: (1176, 811)]. @28-10-2021 09:57:21.0152 AM
[ReportManager] Target URL: [https://www.google.com/ncr], and after redirection: [www.google.com] @28-10-2021 09:57:21.0152 AM
[ReportManager] Initial URL: [] @28-10-2021 09:57:21.0235 AM
[ReportManager] Browser Action [NavigateToURL] successfully performed. With the following test data [https://www.google.com/ncr]. @28-10-2021 09:57:22.0527 A

################################################################################################################################################
Starting Execution:	[37 out of 143] test cases in the current suite
Test Method:		[unitTests.tests_validations_assertions.assertElementAttribute_true_caseInsensitiveComparison_expectedToFail]
################################################################################################################################################
[ReportManager] Element Action [Type] successfully performed. With the following test data [AUTOMATION]. @28-10-2021 09:57:23.0014 AM
[ReportManager] Element Action [GetText] successfully performed. With the following test data [AUTOMATION]. @28-10-2021 09:57:23.0067 AM
[ReportManager] Loaded Shared OpenCV @28-10-2021 09:57:23.0127 AM
[ReportManager] Assertion [ValidateElementAttribute] FAILED. Expected [Value Should be 'AutomaTion123' for the 'text' attribute, element locator 'By.name: q'] and Actual [AUTOMATION]. Comparison Type [CASE_INSENSITIVE]. Validation Type [POSITIVE]. @28-10-2021 09:57:23.0271 AM
[ReportManager] Successfully created attachment [Screenshot - 1635415043127_assertElementAttribute_true_caseInsensitiveComparison_expectedToFail_ValidateElementAttribute_failed] @28-10-2021 09:57:23.0272 A
[ReportManager] Browser Action [CloseCurrentWindow] successfully performed. @28-10-2021 09:57:23.0396 AM
[ReportManager] Successfully created attachment [Browser Action Test Data - CloseCurrentWindow - Actual Value] @28-10-2021 09:57:23.0397 A
[ReportManager] File Action [GetAbsolutePath] successfully performed. With the following test data [Relative Folder Path: "target/downloadedFiles/"]. @28-10-2021 09:57:23.0403 AM
[ReportManager] Attempting to run locally on: [Mac-64], [Safari], Headless Execution. @28-10-2021 09:57:23.0403 AM
[ReportManager] Successfully Opened Safari. @28-10-2021 09:57:24.0281 AM
[ReportManager] Initial window size: (800, 600) @28-10-2021 09:57:24.0307 AM
[ReportManager] Window size after SWD Maximize: (1176, 811) @28-10-2021 09:57:24.0321 AM
[ReportManager] Browser Action [MaximizeWindow] successfully performed. With the following test data [New screen size is now: (1176, 811)]. @28-10-2021 09:57:24.0321 AM
[ReportManager] Target URL: [https://www.google.com/ncr], and after redirection: [www.google.com] @28-10-2021 09:57:24.0322 AM
[ReportManager] Initial URL: [] @28-10-2021 09:57:24.0411 AM
[ReportManager] Browser Action [NavigateToURL] successfully performed. With the following test data [https://www.google.com/ncr]. @28-10-2021 09:57:25.0269 A

################################################################################################################################################
Starting Execution:	[38 out of 143] test cases in the current suite
Test Method:		[unitTests.tests_validations_assertions.assertElementAttribute_true_caseInsensitiveComparison_expectedToPass]
################################################################################################################################################
[ReportManager] Element Action [Type] successfully performed. With the following test data [AUTOMATION]. @28-10-2021 09:57:25.0702 AM
[ReportManager] Element Action [GetText] successfully performed. With the following test data [AUTOMATION]. @28-10-2021 09:57:25.0753 AM
[ReportManager] Loaded Shared OpenCV @28-10-2021 09:57:25.0813 AM
[ReportManager] Assertion [ValidateElementAttribute] PASSED. Expected [Value Should be 'AutomaTion' for the 'text' attribute, element locator 'By.name: q'] and Actual [AUTOMATION]. Comparison Type [CASE_INSENSITIVE]. Validation Type [POSITIVE]. @28-10-2021 09:57:25.0929 AM
[ReportManager] Successfully created attachment [Screenshot - 1635415045813_assertElementAttribute_true_caseInsensitiveComparison_expectedToPass_ValidateElementAttribute_passed] @28-10-2021 09:57:25.0931 A
[ReportManager] Browser Action [CloseCurrentWindow] successfully performed. @28-10-2021 09:57:26.0053 AM
[ReportManager] Successfully created attachment [Browser Action Test Data - CloseCurrentWindow - Actual Value] @28-10-2021 09:57:26.0054 A
[ReportManager] File Action [GetAbsolutePath] successfully performed. With the following test data [Relative Folder Path: "target/downloadedFiles/"]. @28-10-2021 09:57:26.0057 AM
[ReportManager] Attempting to run locally on: [Mac-64], [Safari], Headless Execution. @28-10-2021 09:57:26.0057 AM
[ReportManager] Successfully Opened Safari. @28-10-2021 09:57:26.0843 AM
[ReportManager] Initial window size: (800, 600) @28-10-2021 09:57:26.0851 AM
[ReportManager] Window size after SWD Maximize: (1176, 811) @28-10-2021 09:57:26.0909 AM
[ReportManager] Browser Action [MaximizeWindow] successfully performed. With the following test data [New screen size is now: (1176, 811)]. @28-10-2021 09:57:26.0909 AM
[ReportManager] Target URL: [https://www.google.com/ncr], and after redirection: [www.google.com] @28-10-2021 09:57:26.0909 AM
[ReportManager] Initial URL: [] @28-10-2021 09:57:26.0972 AM
[ReportManager] Browser Action [NavigateToURL] successfully performed. With the following test data [https://www.google.com/ncr]. @28-10-2021 09:57:27.0786 A

################################################################################################################################################
Starting Execution:	[39 out of 143] test cases in the current suite
Test Method:		[unitTests.tests_validations_assertions.assertElementAttribute_true_containsComparison_expectedToFail]
################################################################################################################################################
[ReportManager] Element Action [Type] successfully performed. With the following test data [Automation123]. @28-10-2021 09:57:28.0196 AM
[ReportManager] Element Action [GetText] successfully performed. With the following test data [Automation123]. @28-10-2021 09:57:28.0247 AM
[ReportManager] Loaded Shared OpenCV @28-10-2021 09:57:28.0300 AM
[ReportManager] Assertion [ValidateElementAttribute] FAILED. Expected [Value Should be 'Automation1234' for the 'text' attribute, element locator 'By.name: q'] and Actual [Automation123]. Comparison Type [CONTAINS]. Validation Type [POSITIVE]. @28-10-2021 09:57:28.0401 AM
[ReportManager] Successfully created attachment [Screenshot - 1635415048300_assertElementAttribute_true_containsComparison_expectedToFail_ValidateElementAttribute_failed] @28-10-2021 09:57:28.0403 A
[ReportManager] Browser Action [CloseCurrentWindow] successfully performed. @28-10-2021 09:57:28.0499 AM
[ReportManager] Successfully created attachment [Browser Action Test Data - CloseCurrentWindow - Actual Value] @28-10-2021 09:57:28.0500 A
[ReportManager] File Action [GetAbsolutePath] successfully performed. With the following test data [Relative Folder Path: "target/downloadedFiles/"]. @28-10-2021 09:57:28.0504 AM
[ReportManager] Attempting to run locally on: [Mac-64], [Safari], Headless Execution. @28-10-2021 09:57:28.0505 AM
[ReportManager] Successfully Opened Safari. @28-10-2021 09:57:29.0327 AM
[ReportManager] Initial window size: (800, 600) @28-10-2021 09:57:29.0332 AM
[ReportManager] Window size after SWD Maximize: (1176, 811) @28-10-2021 09:57:29.0353 AM
[ReportManager] Browser Action [MaximizeWindow] successfully performed. With the following test data [New screen size is now: (1176, 811)]. @28-10-2021 09:57:29.0353 AM
[ReportManager] Target URL: [https://www.google.com/ncr], and after redirection: [www.google.com] @28-10-2021 09:57:29.0354 AM
[ReportManager] Initial URL: [] @28-10-2021 09:57:29.0410 AM
[ReportManager] Browser Action [NavigateToURL] successfully performed. With the following test data [https://www.google.com/ncr]. @28-10-2021 09:57:30.0218 A

################################################################################################################################################
Starting Execution:	[40 out of 143] test cases in the current suite
Test Method:		[unitTests.tests_validations_assertions.assertElementAttribute_true_containsComparison_expectedToPass]
################################################################################################################################################
[ReportManager] Element Action [Type] successfully performed. With the following test data [Automation123]. @28-10-2021 09:57:30.0740 AM
[ReportManager] Element Action [GetText] successfully performed. With the following test data [Automation123]. @28-10-2021 09:57:30.0792 AM
[ReportManager] Loaded Shared OpenCV @28-10-2021 09:57:30.0842 AM
[ReportManager] Assertion [ValidateElementAttribute] PASSED. Expected [Value Should be 'Automation' for the 'text' attribute, element locator 'By.name: q'] and Actual [Automation123]. Comparison Type [CONTAINS]. Validation Type [POSITIVE]. @28-10-2021 09:57:30.0937 AM
[ReportManager] Successfully created attachment [Screenshot - 1635415050842_assertElementAttribute_true_containsComparison_expectedToPass_ValidateElementAttribute_passed] @28-10-2021 09:57:30.0938 A
[ReportManager] Browser Action [CloseCurrentWindow] successfully performed. @28-10-2021 09:57:31.0113 AM
[ReportManager] Successfully created attachment [Browser Action Test Data - CloseCurrentWindow - Actual Value] @28-10-2021 09:57:31.0113 A
[ReportManager] File Action [GetAbsolutePath] successfully performed. With the following test data [Relative Folder Path: "target/downloadedFiles/"]. @28-10-2021 09:57:31.0116 AM
[ReportManager] Attempting to run locally on: [Mac-64], [Safari], Headless Execution. @28-10-2021 09:57:31.0117 AM
[ReportManager] Successfully Opened Safari. @28-10-2021 09:57:31.0866 AM
[ReportManager] Initial window size: (800, 600) @28-10-2021 09:57:31.0883 AM
[ReportManager] Window size after SWD Maximize: (1176, 811) @28-10-2021 09:57:31.0895 AM
[ReportManager] Browser Action [MaximizeWindow] successfully performed. With the following test data [New screen size is now: (1176, 811)]. @28-10-2021 09:57:31.0896 AM
[ReportManager] Target URL: [https://www.google.com/ncr], and after redirection: [www.google.com] @28-10-2021 09:57:31.0898 AM
[ReportManager] Initial URL: [] @28-10-2021 09:57:31.0961 AM
[ReportManager] Browser Action [NavigateToURL] successfully performed. With the following test data [https://www.google.com/ncr]. @28-10-2021 09:57:33.0181 A

################################################################################################################################################
Starting Execution:	[41 out of 143] test cases in the current suite
Test Method:		[unitTests.tests_validations_assertions.assertElementAttribute_true_literalComparison_expectedToFail]
################################################################################################################################################
[ReportManager] Element Action [Type] successfully performed. With the following test data [Automation!@#$%^&*()_+{}[]\';/.,]. @28-10-2021 09:57:34.0208 AM
[ReportManager] Element Action [GetText] successfully performed. With the following test data [Automation!@#$%^&*()_+{}[]\';/.,]. @28-10-2021 09:57:34.0254 AM
[ReportManager] Loaded Shared OpenCV @28-10-2021 09:57:34.0302 AM
[ReportManager] Assertion [ValidateElementAttribute] FAILED. Expected [Value Should be 'Automation' for the 'text' attribute, element locator 'By.name: q'] and Actual [Automation!@#$%^&*()_+{}[]\';/.,]. Comparison Type [EQUALS]. Validation Type [POSITIVE]. @28-10-2021 09:57:34.0397 AM
[ReportManager] Successfully created attachment [Screenshot - 1635415054302_assertElementAttribute_true_literalComparison_expectedToFail_ValidateElementAttribute_failed] @28-10-2021 09:57:34.0399 A
[ReportManager] Browser Action [CloseCurrentWindow] successfully performed. @28-10-2021 09:57:34.0567 AM
[ReportManager] Successfully created attachment [Browser Action Test Data - CloseCurrentWindow - Actual Value] @28-10-2021 09:57:34.0567 A
[ReportManager] File Action [GetAbsolutePath] successfully performed. With the following test data [Relative Folder Path: "target/downloadedFiles/"]. @28-10-2021 09:57:34.0570 AM
[ReportManager] Attempting to run locally on: [Mac-64], [Safari], Headless Execution. @28-10-2021 09:57:34.0571 AM
[ReportManager] Successfully Opened Safari. @28-10-2021 09:57:35.0369 AM
[ReportManager] Initial window size: (800, 600) @28-10-2021 09:57:35.0384 AM
[ReportManager] Window size after SWD Maximize: (1176, 811) @28-10-2021 09:57:35.0395 AM
[ReportManager] Browser Action [MaximizeWindow] successfully performed. With the following test data [New screen size is now: (1176, 811)]. @28-10-2021 09:57:35.0395 AM
[ReportManager] Target URL: [https://www.google.com/ncr], and after redirection: [www.google.com] @28-10-2021 09:57:35.0395 AM
[ReportManager] Initial URL: [] @28-10-2021 09:57:35.0443 AM
[ReportManager] Browser Action [NavigateToURL] successfully performed. With the following test data [https://www.google.com/ncr]. @28-10-2021 09:57:36.0625 A

################################################################################################################################################
Starting Execution:	[42 out of 143] test cases in the current suite
Test Method:		[unitTests.tests_validations_assertions.assertElementAttribute_true_literalComparison_expectedToPass]
################################################################################################################################################
[ReportManager] Element Action [Type] successfully performed. With the following test data [Automation!@#$%^&*()_+{}[]\';/.,]. @28-10-2021 09:57:37.0599 AM
[ReportManager] Element Action [GetText] successfully performed. With the following test data [Automation!@#$%^&*()_+{}[]\';/.,]. @28-10-2021 09:57:37.0641 AM
[ReportManager] Loaded Shared OpenCV @28-10-2021 09:57:37.0691 AM
[ReportManager] Assertion [ValidateElementAttribute] PASSED. Expected [Value Should be 'Automation!@#$%^&*()_+{}[]\';/.,' for the 'text' attribute, element locator 'By.name: q'] and Actual [Automation!@#$%^&*()_+{}[]\';/.,]. Comparison Type [EQUALS]. Validation Type [POSITIVE]. @28-10-2021 09:57:37.0787 AM
[ReportManager] Successfully created attachment [Screenshot - 1635415057690_assertElementAttribute_true_literalComparison_expectedToPass_ValidateElementAttribute_passed] @28-10-2021 09:57:37.0789 A
[ReportManager] Browser Action [CloseCurrentWindow] successfully performed. @28-10-2021 09:57:37.0850 AM
[ReportManager] Successfully created attachment [Browser Action Test Data - CloseCurrentWindow - Actual Value] @28-10-2021 09:57:37.0851 A
[ReportManager] File Action [GetAbsolutePath] successfully performed. With the following test data [Relative Folder Path: "target/downloadedFiles/"]. @28-10-2021 09:57:37.0854 AM
[ReportManager] Attempting to run locally on: [Mac-64], [Safari], Headless Execution. @28-10-2021 09:57:37.0854 AM
[ReportManager] Successfully Opened Safari. @28-10-2021 09:57:38.0672 AM
[ReportManager] Initial window size: (800, 600) @28-10-2021 09:57:38.0679 AM
[ReportManager] Window size after SWD Maximize: (1176, 811) @28-10-2021 09:57:38.0698 AM
[ReportManager] Browser Action [MaximizeWindow] successfully performed. With the following test data [New screen size is now: (1176, 811)]. @28-10-2021 09:57:38.0698 AM
[ReportManager] Target URL: [https://www.google.com/ncr], and after redirection: [www.google.com] @28-10-2021 09:57:38.0698 AM
[ReportManager] Initial URL: [] @28-10-2021 09:57:38.0766 AM
[ReportManager] Browser Action [NavigateToURL] successfully performed. With the following test data [https://www.google.com/ncr]. @28-10-2021 09:57:39.0545 A

################################################################################################################################################
Starting Execution:	[43 out of 143] test cases in the current suite
Test Method:		[unitTests.tests_validations_assertions.assertElementAttribute_true_regexComparison_expectedToFail]
################################################################################################################################################
[ReportManager] Element Action [Type] successfully performed. With the following test data [Automation123]. @28-10-2021 09:57:40.0067 AM
[ReportManager] Element Action [GetText] successfully performed. With the following test data [Automation123]. @28-10-2021 09:57:40.0120 AM
[ReportManager] Loaded Shared OpenCV @28-10-2021 09:57:40.0176 AM
[ReportManager] Assertion [ValidateElementAttribute] FAILED. Expected [Value Should be 'Automation' for the 'text' attribute, element locator 'By.name: q'] and Actual [Automation123]. Comparison Type [MATCHES]. Validation Type [POSITIVE]. @28-10-2021 09:57:40.0282 AM
[ReportManager] Successfully created attachment [Screenshot - 1635415060175_assertElementAttribute_true_regexComparison_expectedToFail_ValidateElementAttribute_failed] @28-10-2021 09:57:40.0284 A
[ReportManager] Browser Action [CloseCurrentWindow] successfully performed. @28-10-2021 09:57:40.0338 AM
[ReportManager] Successfully created attachment [Browser Action Test Data - CloseCurrentWindow - Actual Value] @28-10-2021 09:57:40.0339 A
[ReportManager] File Action [GetAbsolutePath] successfully performed. With the following test data [Relative Folder Path: "target/downloadedFiles/"]. @28-10-2021 09:57:40.0347 AM
[ReportManager] Attempting to run locally on: [Mac-64], [Safari], Headless Execution. @28-10-2021 09:57:40.0347 AM
[ReportManager] Successfully Opened Safari. @28-10-2021 09:57:41.0164 AM
[ReportManager] Initial window size: (800, 600) @28-10-2021 09:57:41.0184 AM
[ReportManager] Window size after SWD Maximize: (1176, 811) @28-10-2021 09:57:41.0203 AM
[ReportManager] Browser Action [MaximizeWindow] successfully performed. With the following test data [New screen size is now: (1176, 811)]. @28-10-2021 09:57:41.0203 AM
[ReportManager] Target URL: [https://www.google.com/ncr], and after redirection: [www.google.com] @28-10-2021 09:57:41.0204 AM
[ReportManager] Initial URL: [] @28-10-2021 09:57:41.0267 AM
[ReportManager] Browser Action [NavigateToURL] successfully performed. With the following test data [https://www.google.com/ncr]. @28-10-2021 09:57:42.0542 A

################################################################################################################################################
Starting Execution:	[44 out of 143] test cases in the current suite
Test Method:		[unitTests.tests_validations_assertions.assertElementAttribute_true_regexComparison_expectedToPass]
################################################################################################################################################
[ReportManager] Element Action [Type] successfully performed. With the following test data [Automation123]. @28-10-2021 09:57:42.0965 AM
[ReportManager] Element Action [GetText] successfully performed. With the following test data [Automation123]. @28-10-2021 09:57:43.0021 AM
[ReportManager] Loaded Shared OpenCV @28-10-2021 09:57:43.0070 AM
[ReportManager] Assertion [ValidateElementAttribute] PASSED. Expected [Value Should be 'Automation.*' for the 'text' attribute, element locator 'By.name: q'] and Actual [Automation123]. Comparison Type [MATCHES]. Validation Type [POSITIVE]. @28-10-2021 09:57:43.0168 AM
[ReportManager] Successfully created attachment [Screenshot - 1635415063070_assertElementAttribute_true_regexComparison_expectedToPass_ValidateElementAttribute_passed] @28-10-2021 09:57:43.0169 A
[ReportManager] Browser Action [CloseCurrentWindow] successfully performed. @28-10-2021 09:57:43.0329 AM
[ReportManager] Successfully created attachment [Browser Action Test Data - CloseCurrentWindow - Actual Value] @28-10-2021 09:57:43.0330 A
[ReportManager] File Action [GetAbsolutePath] successfully performed. With the following test data [Relative Folder Path: "target/downloadedFiles/"]. @28-10-2021 09:57:43.0333 AM
[ReportManager] Attempting to run locally on: [Mac-64], [Safari], Headless Execution. @28-10-2021 09:57:43.0333 AM
[ReportManager] Successfully Opened Safari. @28-10-2021 09:57:44.0146 AM
[ReportManager] Initial window size: (800, 600) @28-10-2021 09:57:44.0157 AM
[ReportManager] Window size after SWD Maximize: (1176, 811) @28-10-2021 09:57:44.0171 AM
[ReportManager] Browser Action [MaximizeWindow] successfully performed. With the following test data [New screen size is now: (1176, 811)]. @28-10-2021 09:57:44.0174 AM
[ReportManager] Target URL: [https://www.google.com/ncr], and after redirection: [www.google.com] @28-10-2021 09:57:44.0174 AM
[ReportManager] Initial URL: [] @28-10-2021 09:57:44.0255 AM
[ReportManager] Browser Action [NavigateToURL] successfully performed. With the following test data [https://www.google.com/ncr]. @28-10-2021 09:57:45.0068 A

################################################################################################################################################
Starting Execution:	[45 out of 143] test cases in the current suite
Test Method:		[unitTests.tests_validations_assertions.assertElementAttribute_type_true_literalComparison_expectedToPass]
################################################################################################################################################
[ReportManager] Element Action [Type] successfully performed. With the following test data [Automation!@#$%^&*()_+{}[]\';/.,]. @28-10-2021 09:57:45.0986 AM
[ReportManager] Element Action [GetText] successfully performed. With the following test data [Automation!@#$%^&*()_+{}[]\';/.,]. @28-10-2021 09:57:46.0039 AM
[ReportManager] Loaded Shared OpenCV @28-10-2021 09:57:46.0089 AM
[ReportManager] Assertion [ValidateElementAttribute] PASSED. Expected [Value Should be 'Automation!@#$%^&*()_+{}[]\';/.,' for the 'text' attribute, element locator 'By.name: q'] and Actual [Automation!@#$%^&*()_+{}[]\';/.,]. Comparison Type [EQUALS]. Validation Type [POSITIVE]. @28-10-2021 09:57:46.0184 AM
[ReportManager] Successfully created attachment [Screenshot - 1635415066089_assertElementAttribute_type_true_literalComparison_expectedToPass_ValidateElementAttribute_passed] @28-10-2021 09:57:46.0185 A
[ReportManager] Browser Action [CloseCurrentWindow] successfully performed. @28-10-2021 09:57:46.0303 AM
[ReportManager] Successfully created attachment [Browser Action Test Data - CloseCurrentWindow - Actual Value] @28-10-2021 09:57:46.0304 A
[ReportManager] File Action [GetAbsolutePath] successfully performed. With the following test data [Relative Folder Path: "target/downloadedFiles/"]. @28-10-2021 09:57:46.0307 AM
[ReportManager] Attempting to run locally on: [Mac-64], [Safari], Headless Execution. @28-10-2021 09:57:46.0307 A

################################################################################################################################################
Starting Execution:	[46 out of 143] test cases in the current suite
Test Method:		[unitTests.tests_validations_assertions.assertElementExists_false_expectedToFail]
###############################################################################################################################################



################################################################################################################################################
Starting Execution:	[47 out of 143] test cases in the current suite
Test Method:		[unitTests.tests_validations_assertions.assertElementExists_false_expectedToPass]
###############################################################################################################################################



################################################################################################################################################
Starting Execution:	[48 out of 143] test cases in the current suite
Test Method:		[unitTests.tests_validations_assertions.assertElementExists_false_multipleElementsFound_expectedToFail]
###############################################################################################################################################



################################################################################################################################################
Starting Execution:	[49 out of 143] test cases in the current suite
Test Method:		[unitTests.tests_validations_assertions.assertElementExists_true_expectedToFail]
###############################################################################################################################################



################################################################################################################################################
Starting Execution:	[50 out of 143] test cases in the current suite
Test Method:		[unitTests.tests_validations_assertions.assertElementExists_true_expectedToPass]
###############################################################################################################################################



################################################################################################################################################
Starting Execution:	[51 out of 143] test cases in the current suite
Test Method:		[unitTests.tests_validations_assertions.assertElementExists_true_multipleElementsFound_expectedToFail]
###############################################################################################################################################


################################################################################################################################################
Starting Execution:	[52 out of 143] test cases in the current suite
Test Method:		[unitTests.tests_validations_assertions.assertEquals_false_expectedToFail]
###############################################################################################################################################

################################################################################################################################################
Starting Execution:	[53 out of 143] test cases in the current suite
Test Method:		[unitTests.tests_validations_assertions.assertEquals_false_expectedToPass]
###############################################################################################################################################

################################################################################################################################################
Starting Execution:	[54 out of 143] test cases in the current suite
Test Method:		[unitTests.tests_validations_assertions.assertEquals_longCharacters]
###############################################################################################################################################

################################################################################################################################################
Starting Execution:	[55 out of 143] test cases in the current suite
Test Method:		[unitTests.tests_validations_assertions.assertEquals_longCharacters_Discreet]
###############################################################################################################################################

################################################################################################################################################
Starting Execution:	[56 out of 143] test cases in the current suite
Test Method:		[unitTests.tests_validations_assertions.assertEquals_true_expectedToFail]
###############################################################################################################################################

################################################################################################################################################
Starting Execution:	[57 out of 143] test cases in the current suite
Test Method:		[unitTests.tests_validations_assertions.assertEquals_true_expectedToPass]
Test Description:	[Assert that assertEquals works as expected when the two values are equal.]
###############################################################################################################################################

################################################################################################################################################
Starting Execution:	[58 out of 143] test cases in the current suite
Test Method:		[unitTests.tests_validations_assertions.assertEquals_true_expectedToPass__]
###############################################################################################################################################

################################################################################################################################################
Starting Execution:	[59 out of 143] test cases in the current suite
Test Method:		[unitTests.tests_validations_assertions.assertFileExists_false_expectedToFail]
###############################################################################################################################################

################################################################################################################################################
Starting Execution:	[60 out of 143] test cases in the current suite
Test Method:		[unitTests.tests_validations_assertions.assertFileExists_false_expectedToPass]
###############################################################################################################################################

################################################################################################################################################
Starting Execution:	[61 out of 143] test cases in the current suite
Test Method:		[unitTests.tests_validations_assertions.assertFileExists_true_expectedToFail]
###############################################################################################################################################

################################################################################################################################################
Starting Execution:	[62 out of 143] test cases in the current suite
Test Method:		[unitTests.tests_validations_assertions.assertFileExists_true_expectedToPass]
###############################################################################################################################################

################################################################################################################################################
Starting Execution:	[63 out of 143] test cases in the current suite
Test Method:		[unitTests.tests_validations_assertions.assertNull_false_expectedToFail]
###############################################################################################################################################

################################################################################################################################################
Starting Execution:	[64 out of 143] test cases in the current suite
Test Method:		[unitTests.tests_validations_assertions.assertNull_false_expectedToPass]
###############################################################################################################################################

################################################################################################################################################
Starting Execution:	[65 out of 143] test cases in the current suite
Test Method:		[unitTests.tests_validations_assertions.assertNull_true_expectedToFail]
###############################################################################################################################################

################################################################################################################################################
Starting Execution:	[66 out of 143] test cases in the current suite
Test Method:		[unitTests.tests_validations_assertions.assertNull_true_expectedToPass]
###############################################################################################################################################

################################################################################################################################################
Starting Execution:	[67 out of 143] test cases in the current suite
Test Method:		[unitTests.tests_restActions.getPostsAndAssertBodyForSpecificTitle]
################################################################################################################################################
[ReportManager] Response status code: [200], status line: [HTTP/1.1 200 OK] @28-10-2021 09:57:48.0822 AM
[ReportManager] Assertion Passed: Evaluating the actual response status code against the expected one... @28-10-2021 09:57:48.0822 AM
[ReportManager] Assertion [ValidateEquals] PASSED. Expected [200] and Actual [200]. Comparison Type [EQUALS]. Validation Type [POSITIVE]. @28-10-2021 09:57:48.0822 AM
[ReportManager] API Action [PerformRequest] successfully performed. With the following test data [Request Type: "GET" | Target Status Code: "200" | Service URL: "https://jsonplaceholder.typicode.com/posts" | Content Type: "*/*" | Response Time: "656ms"]. @28-10-2021 09:57:49.0900 AM
[ReportManager] Successfully created attachment [API Request - Specifications] @28-10-2021 09:57:49.0901 AM
[ReportManager] Successfully created attachment [API Response - JSON Body] @28-10-2021 09:57:50.0184 AM
[ReportManager] API Action [GetResponseJSONValueAsList] successfully performed. @28-10-2021 09:57:50.0213 AM
[ReportManager] API Action [GetResponseJSONValue] successfully performed. With the following test data [title]. @28-10-2021 09:57:50.0239 AM
[ReportManager] API Action [GetResponseJSONValue] successfully performed. With the following test data [title]. @28-10-2021 09:57:50.0255 AM
[ReportManager] API Action [GetResponseJSONValue] successfully performed. With the following test data [body]. @28-10-2021 09:57:50.0272 AM
[ReportManager] Assertion [ValidateEquals] PASSED. Expected [qui neque nisi nulla] and Actual [est rerum tempore vitae
sequi sint nihil reprehenderit dolor beatae ea dolores neque
fugiat blanditiis voluptate porro vel nihil molestiae ut reiciendis
qui aperiam non debitis possimus qui neque nisi nulla]. Comparison Type [CONTAINS]. Validation Type [POSITIVE]. @28-10-2021 09:57:50.0272 AM
[ReportManager] API Action [GetResponseJSONValue] successfully performed. With the following test data [title]. @28-10-2021 09:57:50.0287 AM
[ReportManager] API Action [GetResponseJSONValue] successfully performed. With the following test data [title]. @28-10-2021 09:57:50.0302 AM
[ReportManager] API Action [GetResponseJSONValue] successfully performed. With the following test data [title]. @28-10-2021 09:57:50.0316 AM
[ReportManager] API Action [GetResponseJSONValue] successfully performed. With the following test data [title]. @28-10-2021 09:57:50.0330 AM
[ReportManager] API Action [GetResponseJSONValue] successfully performed. With the following test data [title]. @28-10-2021 09:57:50.0343 AM
[ReportManager] API Action [GetResponseJSONValue] successfully performed. With the following test data [title]. @28-10-2021 09:57:50.0357 AM
[ReportManager] API Action [GetResponseJSONValue] successfully performed. With the following test data [title]. @28-10-2021 09:57:50.0371 AM
[ReportManager] API Action [GetResponseJSONValue] successfully performed. With the following test data [title]. @28-10-2021 09:57:50.0384 AM
[ReportManager] API Action [GetResponseJSONValue] successfully performed. With the following test data [title]. @28-10-2021 09:57:50.0397 AM
[ReportManager] API Action [GetResponseJSONValue] successfully performed. With the following test data [title]. @28-10-2021 09:57:50.0411 AM
[ReportManager] API Action [GetResponseJSONValue] successfully performed. With the following test data [title]. @28-10-2021 09:57:50.0425 AM
[ReportManager] API Action [GetResponseJSONValue] successfully performed. With the following test data [title]. @28-10-2021 09:57:50.0440 AM
[ReportManager] API Action [GetResponseJSONValue] successfully performed. With the following test data [title]. @28-10-2021 09:57:50.0453 AM
[ReportManager] API Action [GetResponseJSONValue] successfully performed. With the following test data [title]. @28-10-2021 09:57:50.0467 AM
[ReportManager] API Action [GetResponseJSONValue] successfully performed. With the following test data [title]. @28-10-2021 09:57:50.0481 AM
[ReportManager] API Action [GetResponseJSONValue] successfully performed. With the following test data [title]. @28-10-2021 09:57:50.0499 AM
[ReportManager] API Action [GetResponseJSONValue] successfully performed. With the following test data [title]. @28-10-2021 09:57:50.0513 AM
[ReportManager] API Action [GetResponseJSONValue] successfully performed. With the following test data [title]. @28-10-2021 09:57:50.0527 AM
[ReportManager] API Action [GetResponseJSONValue] successfully performed. With the following test data [title]. @28-10-2021 09:57:50.0539 AM
[ReportManager] API Action [GetResponseJSONValue] successfully performed. With the following test data [title]. @28-10-2021 09:57:50.0553 AM
[ReportManager] API Action [GetResponseJSONValue] successfully performed. With the following test data [title]. @28-10-2021 09:57:50.0566 AM
[ReportManager] API Action [GetResponseJSONValue] successfully performed. With the following test data [title]. @28-10-2021 09:57:50.0579 AM
[ReportManager] API Action [GetResponseJSONValue] successfully performed. With the following test data [title]. @28-10-2021 09:57:50.0591 AM
[ReportManager] API Action [GetResponseJSONValue] successfully performed. With the following test data [title]. @28-10-2021 09:57:50.0605 AM
[ReportManager] API Action [GetResponseJSONValue] successfully performed. With the following test data [title]. @28-10-2021 09:57:50.0617 AM
[ReportManager] API Action [GetResponseJSONValue] successfully performed. With the following test data [title]. @28-10-2021 09:57:50.0630 AM
[ReportManager] API Action [GetResponseJSONValue] successfully performed. With the following test data [title]. @28-10-2021 09:57:50.0642 AM
[ReportManager] API Action [GetResponseJSONValue] successfully performed. With the following test data [title]. @28-10-2021 09:57:50.0656 AM
[ReportManager] API Action [GetResponseJSONValue] successfully performed. With the following test data [title]. @28-10-2021 09:57:50.0684 AM
[ReportManager] API Action [GetResponseJSONValue] successfully performed. With the following test data [title]. @28-10-2021 09:57:50.0696 AM
[ReportManager] API Action [GetResponseJSONValue] successfully performed. With the following test data [title]. @28-10-2021 09:57:50.0708 AM
[ReportManager] API Action [GetResponseJSONValue] successfully performed. With the following test data [title]. @28-10-2021 09:57:50.0720 AM
[ReportManager] API Action [GetResponseJSONValue] successfully performed. With the following test data [title]. @28-10-2021 09:57:50.0733 AM
[ReportManager] API Action [GetResponseJSONValue] successfully performed. With the following test data [title]. @28-10-2021 09:57:50.0745 AM
[ReportManager] API Action [GetResponseJSONValue] successfully performed. With the following test data [title]. @28-10-2021 09:57:50.0756 AM
[ReportManager] API Action [GetResponseJSONValue] successfully performed. With the following test data [title]. @28-10-2021 09:57:50.0768 AM
[ReportManager] API Action [GetResponseJSONValue] successfully performed. With the following test data [title]. @28-10-2021 09:57:50.0781 AM
[ReportManager] API Action [GetResponseJSONValue] successfully performed. With the following test data [title]. @28-10-2021 09:57:50.0793 AM
[ReportManager] API Action [GetResponseJSONValue] successfully performed. With the following test data [title]. @28-10-2021 09:57:50.0805 AM
[ReportManager] API Action [GetResponseJSONValue] successfully performed. With the following test data [title]. @28-10-2021 09:57:50.0817 AM
[ReportManager] API Action [GetResponseJSONValue] successfully performed. With the following test data [title]. @28-10-2021 09:57:50.0829 AM
[ReportManager] API Action [GetResponseJSONValue] successfully performed. With the following test data [title]. @28-10-2021 09:57:50.0840 AM
[ReportManager] API Action [GetResponseJSONValue] successfully performed. With the following test data [title]. @28-10-2021 09:57:50.0852 AM
[ReportManager] API Action [GetResponseJSONValue] successfully performed. With the following test data [title]. @28-10-2021 09:57:50.0864 AM
[ReportManager] API Action [GetResponseJSONValue] successfully performed. With the following test data [title]. @28-10-2021 09:57:50.0876 AM
[ReportManager] API Action [GetResponseJSONValue] successfully performed. With the following test data [title]. @28-10-2021 09:57:50.0887 AM
[ReportManager] API Action [GetResponseJSONValue] successfully performed. With the following test data [title]. @28-10-2021 09:57:50.0899 AM
[ReportManager] API Action [GetResponseJSONValue] successfully performed. With the following test data [title]. @28-10-2021 09:57:50.0910 AM
[ReportManager] API Action [GetResponseJSONValue] successfully performed. With the following test data [title]. @28-10-2021 09:57:50.0921 AM
[ReportManager] API Action [GetResponseJSONValue] successfully performed. With the following test data [title]. @28-10-2021 09:57:50.0932 AM
[ReportManager] API Action [GetResponseJSONValue] successfully performed. With the following test data [title]. @28-10-2021 09:57:50.0943 AM
[ReportManager] API Action [GetResponseJSONValue] successfully performed. With the following test data [title]. @28-10-2021 09:57:50.0954 AM
[ReportManager] API Action [GetResponseJSONValue] successfully performed. With the following test data [title]. @28-10-2021 09:57:50.0966 AM
[ReportManager] API Action [GetResponseJSONValue] successfully performed. With the following test data [title]. @28-10-2021 09:57:50.0977 AM
[ReportManager] API Action [GetResponseJSONValue] successfully performed. With the following test data [title]. @28-10-2021 09:57:50.0989 AM
[ReportManager] API Action [GetResponseJSONValue] successfully performed. With the following test data [title]. @28-10-2021 09:57:51.0001 AM
[ReportManager] API Action [GetResponseJSONValue] successfully performed. With the following test data [title]. @28-10-2021 09:57:51.0014 AM
[ReportManager] API Action [GetResponseJSONValue] successfully performed. With the following test data [title]. @28-10-2021 09:57:51.0026 AM
[ReportManager] API Action [GetResponseJSONValue] successfully performed. With the following test data [title]. @28-10-2021 09:57:51.0042 AM
[ReportManager] API Action [GetResponseJSONValue] successfully performed. With the following test data [title]. @28-10-2021 09:57:51.0082 AM
[ReportManager] API Action [GetResponseJSONValue] successfully performed. With the following test data [title]. @28-10-2021 09:57:51.0100 AM
[ReportManager] API Action [GetResponseJSONValue] successfully performed. With the following test data [title]. @28-10-2021 09:57:51.0115 AM
[ReportManager] API Action [GetResponseJSONValue] successfully performed. With the following test data [title]. @28-10-2021 09:57:51.0128 AM
[ReportManager] API Action [GetResponseJSONValue] successfully performed. With the following test data [title]. @28-10-2021 09:57:51.0142 AM
[ReportManager] API Action [GetResponseJSONValue] successfully performed. With the following test data [title]. @28-10-2021 09:57:51.0154 AM
[ReportManager] API Action [GetResponseJSONValue] successfully performed. With the following test data [title]. @28-10-2021 09:57:51.0165 AM
[ReportManager] API Action [GetResponseJSONValue] successfully performed. With the following test data [title]. @28-10-2021 09:57:51.0177 AM
[ReportManager] API Action [GetResponseJSONValue] successfully performed. With the following test data [title]. @28-10-2021 09:57:51.0190 AM
[ReportManager] API Action [GetResponseJSONValue] successfully performed. With the following test data [title]. @28-10-2021 09:57:51.0201 AM
[ReportManager] API Action [GetResponseJSONValue] successfully performed. With the following test data [title]. @28-10-2021 09:57:51.0214 AM
[ReportManager] API Action [GetResponseJSONValue] successfully performed. With the following test data [title]. @28-10-2021 09:57:51.0225 AM
[ReportManager] API Action [GetResponseJSONValue] successfully performed. With the following test data [title]. @28-10-2021 09:57:51.0240 AM
[ReportManager] API Action [GetResponseJSONValue] successfully performed. With the following test data [title]. @28-10-2021 09:57:51.0253 AM
[ReportManager] API Action [GetResponseJSONValue] successfully performed. With the following test data [title]. @28-10-2021 09:57:51.0265 AM
[ReportManager] API Action [GetResponseJSONValue] successfully performed. With the following test data [title]. @28-10-2021 09:57:51.0276 AM
[ReportManager] API Action [GetResponseJSONValue] successfully performed. With the following test data [title]. @28-10-2021 09:57:51.0287 AM
[ReportManager] API Action [GetResponseJSONValue] successfully performed. With the following test data [title]. @28-10-2021 09:57:51.0299 AM
[ReportManager] API Action [GetResponseJSONValue] successfully performed. With the following test data [title]. @28-10-2021 09:57:51.0310 AM
[ReportManager] API Action [GetResponseJSONValue] successfully performed. With the following test data [title]. @28-10-2021 09:57:51.0321 AM
[ReportManager] API Action [GetResponseJSONValue] successfully performed. With the following test data [title]. @28-10-2021 09:57:51.0334 AM
[ReportManager] API Action [GetResponseJSONValue] successfully performed. With the following test data [title]. @28-10-2021 09:57:51.0345 AM
[ReportManager] API Action [GetResponseJSONValue] successfully performed. With the following test data [title]. @28-10-2021 09:57:51.0356 AM
[ReportManager] API Action [GetResponseJSONValue] successfully performed. With the following test data [title]. @28-10-2021 09:57:51.0367 AM
[ReportManager] API Action [GetResponseJSONValue] successfully performed. With the following test data [title]. @28-10-2021 09:57:51.0378 AM
[ReportManager] API Action [GetResponseJSONValue] successfully performed. With the following test data [title]. @28-10-2021 09:57:51.0389 AM
[ReportManager] API Action [GetResponseJSONValue] successfully performed. With the following test data [title]. @28-10-2021 09:57:51.0400 AM
[ReportManager] API Action [GetResponseJSONValue] successfully performed. With the following test data [title]. @28-10-2021 09:57:51.0410 AM
[ReportManager] API Action [GetResponseJSONValue] successfully performed. With the following test data [title]. @28-10-2021 09:57:51.0421 AM
[ReportManager] API Action [GetResponseJSONValue] successfully performed. With the following test data [title]. @28-10-2021 09:57:51.0432 AM
[ReportManager] API Action [GetResponseJSONValue] successfully performed. With the following test data [title]. @28-10-2021 09:57:51.0443 AM
[ReportManager] API Action [GetResponseJSONValue] successfully performed. With the following test data [title]. @28-10-2021 09:57:51.0455 AM
[ReportManager] API Action [GetResponseJSONValue] successfully performed. With the following test data [title]. @28-10-2021 09:57:51.0466 AM
[ReportManager] API Action [GetResponseJSONValue] successfully performed. With the following test data [title]. @28-10-2021 09:57:51.0477 AM
[ReportManager] API Action [GetResponseJSONValue] successfully performed. With the following test data [title]. @28-10-2021 09:57:51.0489 AM
[ReportManager] API Action [GetResponseJSONValue] successfully performed. With the following test data [title]. @28-10-2021 09:57:51.0501 AM
[ReportManager] API Action [GetResponseJSONValue] successfully performed. With the following test data [title]. @28-10-2021 09:57:51.0511 AM
[ReportManager] API Action [GetResponseJSONValue] successfully performed. With the following test data [title]. @28-10-2021 09:57:51.0523 AM
[ReportManager] API Action [GetResponseJSONValue] successfully performed. With the following test data [title]. @28-10-2021 09:57:51.0534 A

################################################################################################################################################
Starting Execution:	[68 out of 143] test cases in the current suite
Test Method:		[unitTests.tests_restActions.validateUserEmail]
################################################################################################################################################
[ReportManager] Response status code: [200], status line: [HTTP/1.1 200 OK] @28-10-2021 09:57:51.0593 AM
[ReportManager] Assertion Passed: Evaluating the actual response status code against the expected one... @28-10-2021 09:57:51.0593 AM
[ReportManager] Assertion [ValidateEquals] PASSED. Expected [200] and Actual [200]. Comparison Type [EQUALS]. Validation Type [POSITIVE]. @28-10-2021 09:57:51.0593 AM
[ReportManager] API Action [PerformRequest] successfully performed. With the following test data [Request Type: "GET" | Target Status Code: "200" | Service URL: "https://jsonplaceholder.typicode.com/users" | Content Type: "*/*" | Response Time: "47ms"]. @28-10-2021 09:57:51.0615 AM
[ReportManager] Successfully created attachment [API Request - Specifications] @28-10-2021 09:57:51.0615 AM
[ReportManager] Successfully created attachment [API Response - JSON Body] @28-10-2021 09:57:51.0616 AM
[ReportManager] Assertion [ValidateEquals] PASSED. Expected and Actual values are attached. Comparison Type [CONTAINS]. Validation Type [POSITIVE]. @28-10-2021 09:57:51.0617 AM
[ReportManager] Successfully created attachment [Validation Test Data - Expected Value] @28-10-2021 09:57:51.0617 AM
[ReportManager] Successfully created attachment [Validation Test Data - Actual Value] @28-10-2021 09:57:51.0617 AM
[ReportManager] API Action [GetResponseJSONValueAsList] successfully performed. With the following test data [$]. @28-10-2021 09:57:51.0625 AM
[ReportManager] API Action [GetResponseJSONValue] successfully performed. With the following test data [name]. @28-10-2021 09:57:51.0637 AM
[ReportManager] API Action [GetResponseJSONValue] successfully performed. With the following test data [email]. @28-10-2021 09:57:51.0648 AM
[ReportManager] Assertion [ValidateEquals] PASSED. Expected [Sincere@april.biz] and Actual [Sincere@april.biz]. Comparison Type [EQUALS]. Validation Type [POSITIVE]. @28-10-2021 09:57:51.0648 AM
[ReportManager] API Action [GetResponseJSONValue] successfully performed. With the following test data [name]. @28-10-2021 09:57:51.0660 AM
[ReportManager] API Action [GetResponseJSONValue] successfully performed. With the following test data [name]. @28-10-2021 09:57:51.0671 AM
[ReportManager] API Action [GetResponseJSONValue] successfully performed. With the following test data [name]. @28-10-2021 09:57:51.0682 AM
[ReportManager] API Action [GetResponseJSONValue] successfully performed. With the following test data [name]. @28-10-2021 09:57:51.0694 AM
[ReportManager] API Action [GetResponseJSONValue] successfully performed. With the following test data [name]. @28-10-2021 09:57:51.0705 AM
[ReportManager] API Action [GetResponseJSONValue] successfully performed. With the following test data [name]. @28-10-2021 09:57:51.0716 AM
[ReportManager] API Action [GetResponseJSONValue] successfully performed. With the following test data [name]. @28-10-2021 09:57:51.0728 AM
[ReportManager] API Action [GetResponseJSONValue] successfully performed. With the following test data [name]. @28-10-2021 09:57:51.0739 AM
[ReportManager] API Action [GetResponseJSONValue] successfully performed. With the following test data [name]. @28-10-2021 09:57:51.0749 A
[ReportManager] File Action [GetAbsolutePath] successfully performed. With the following test data [Relative Folder Path: "target/downloadedFiles/"]. @28-10-2021 09:57:51.0752 AM
[ReportManager] Attempting to run locally on: [Mac-64], [Safari], Headless Execution. @28-10-2021 09:57:51.0753 AM
[ReportManager] Successfully Opened Safari. @28-10-2021 09:57:52.0524 AM
[ReportManager] Initial window size: (800, 600) @28-10-2021 09:57:52.0540 AM
[ReportManager] Window size after SWD Maximize: (1176, 811) @28-10-2021 09:57:52.0553 AM
[ReportManager] Browser Action [MaximizeWindow] successfully performed. With the following test data [New screen size is now: (1176, 811)]. @28-10-2021 09:57:52.0554 A

################################################################################################################################################
Starting Execution:	[69 out of 143] test cases in the current suite
Test Method:		[testPackage01.Test_uploadFile.uploadFile_invisibleUploadInput]
################################################################################################################################################
[ReportManager] Target URL: [https://fineuploader.com/demos.html#gallery-view] @28-10-2021 09:57:52.0562 AM
[ReportManager] Initial URL: [] @28-10-2021 09:57:52.0634 AM
[ReportManager] Browser Action [NavigateToURL] successfully performed. With the following test data [https://fineuploader.com/demos.html#gallery-view]. @28-10-2021 09:57:53.0897 AM
[ReportManager] File Action [GetAbsolutePath] successfully performed. With the following test data [Relative File Path: "src/main/resources/images/shaft.png"]. @28-10-2021 09:57:53.0898 AM
[ReportManager] Successfully created attachment [File Action Actual Result - Command Log] @28-10-2021 09:57:53.0898 A
[ReportManager] Browser Action [CloseCurrentWindow] successfully performed. @28-10-2021 09:57:54.0243 AM
[ReportManager] Successfully created attachment [Browser Action Test Data - CloseCurrentWindow - Actual Value] @28-10-2021 09:57:54.0244 A
[ReportManager] File Action [GetAbsolutePath] successfully performed. With the following test data [Relative Folder Path: "target/downloadedFiles/"]. @28-10-2021 09:57:54.0248 AM
[ReportManager] Attempting to run locally on: [Mac-64], [Safari], Headless Execution. @28-10-2021 09:57:54.0248 AM
[ReportManager] Successfully Opened Safari. @28-10-2021 09:57:55.0072 AM
[ReportManager] Initial window size: (800, 600) @28-10-2021 09:57:55.0081 AM
[ReportManager] Window size after SWD Maximize: (1176, 811) @28-10-2021 09:57:55.0121 AM
[ReportManager] Browser Action [MaximizeWindow] successfully performed. With the following test data [New screen size is now: (1176, 811)]. @28-10-2021 09:57:55.0121 A

################################################################################################################################################
Starting Execution:	[70 out of 143] test cases in the current suite
Test Method:		[testPackage01.Test_uploadFile.uploadFile_visibleUploadInput]
################################################################################################################################################
[ReportManager] Target URL: [http://demo.guru99.com/test/upload/] @28-10-2021 09:57:55.0145 AM
[ReportManager] Initial URL: [] @28-10-2021 09:57:55.0283 AM
[ReportManager] Browser Action [NavigateToURL] successfully performed. With the following test data [http://demo.guru99.com/test/upload/]. @28-10-2021 09:57:56.0619 AM
[ReportManager] File Action [GetAbsolutePath] successfully performed. With the following test data [Relative File Path: "src/main/resources/images/shaft.png"]. @28-10-2021 09:57:56.0620 AM
[ReportManager] Successfully created attachment [File Action Actual Result - Command Log] @28-10-2021 09:57:56.0620 AM
[ReportManager] Element Action [TypeFileLocationForUpload] successfully performed. With the following test data [/Users/runner/work/SHAFT_ENGINE/SHAFT_ENGINE/src/main/resources/images/shaft.png]. @28-10-2021 09:57:56.0671 AM
[ReportManager] Element Action [Click] successfully performed. With the following test data [on]. @28-10-2021 09:57:56.0960 AM
[ReportManager] Element Action [Click] successfully performed. With the following test data [ Submit File]. @28-10-2021 09:57:57.0275 AM
[ReportManager] Element Action [GetText] successfully performed. With the following test data [1 file has been successfully uploaded.]. @28-10-2021 09:57:57.0868 AM
[ReportManager] Loaded Shared OpenCV @28-10-2021 09:57:57.0926 AM
[ReportManager] Assertion [ValidateElementAttribute] PASSED. Expected [Value Should be '1 file' for the 'Text' attribute, element locator 'By.id: res'] and Actual [1 file has been successfully uploaded.]. Comparison Type [CONTAINS]. Validation Type [POSITIVE]. @28-10-2021 09:57:58.0016 AM
[ReportManager] Successfully created attachment [Screenshot - 1635415077926_uploadFile_visibleUploadInput_ValidateElementAttribute_passed] @28-10-2021 09:57:58.0017 A
[ReportManager] Browser Action [CloseCurrentWindow] successfully performed. @28-10-2021 09:57:58.0209 AM
[ReportManager] Successfully created attachment [Browser Action Test Data - CloseCurrentWindow - Actual Value] @28-10-2021 09:57:58.0210 A

################################################################################################################################################
Starting Execution:	[71 out of 143] test cases in the current suite
Test Method:		[testPackage01.Test_AssertApiResponseEquals.assertApiResponseEquals_expectedToPass]
################################################################################################################################################
[ReportManager] Response status code: [200], status line: [HTTP/1.1 200 OK] @28-10-2021 09:57:58.0281 AM
[ReportManager] Assertion Passed: Evaluating the actual response status code against the expected one... @28-10-2021 09:57:58.0282 AM
[ReportManager] Assertion [ValidateEquals] PASSED. Expected [200] and Actual [200]. Comparison Type [EQUALS]. Validation Type [POSITIVE]. @28-10-2021 09:57:58.0282 AM
[ReportManager] API Action [PerformRequest] successfully performed. With the following test data [Request Type: "GET" | Target Status Code: "200" | Service URL: "https://jsonplaceholder.typicode.com/users" | Content Type: "*/*" | Response Time: "61ms"]. @28-10-2021 09:57:58.0318 AM
[ReportManager] Successfully created attachment [API Request - Specifications] @28-10-2021 09:57:58.0319 AM
[ReportManager] Successfully created attachment [API Response - JSON Body] @28-10-2021 09:57:58.0319 AM
[ReportManager] API Action [GetResponseJSONValueAsList] successfully performed. With the following test data [$]. @28-10-2021 09:57:58.0327 AM
[ReportManager] API Action [GetResponseJSONValue] successfully performed. With the following test data [name]. @28-10-2021 09:57:58.0340 AM
[ReportManager] API Action [GetResponseJSONValue] successfully performed. With the following test data [email]. @28-10-2021 09:57:58.0351 AM
[ReportManager] Verification [ValidateEquals] PASSED. Expected [Sincere@april.biz] and Actual [Sincere@april.biz]. Comparison Type [EQUALS]. Validation Type [POSITIVE]. @28-10-2021 09:57:58.0351 AM
[ReportManager] API Action [GetResponseJSONValue] successfully performed. With the following test data [username]. @28-10-2021 09:57:58.0364 AM
[ReportManager] Assertion [ValidateEquals] PASSED. Expected [Bret] and Actual [Bret]. Comparison Type [EQUALS]. Validation Type [POSITIVE]. @28-10-2021 09:57:58.0365 AM
[ReportManager] API Action [GetResponseJSONValue] successfully performed. With the following test data [name]. @28-10-2021 09:57:58.0377 AM
[ReportManager] API Action [GetResponseJSONValue] successfully performed. With the following test data [name]. @28-10-2021 09:57:58.0389 AM
[ReportManager] API Action [GetResponseJSONValue] successfully performed. With the following test data [name]. @28-10-2021 09:57:58.0401 AM
[ReportManager] API Action [GetResponseJSONValue] successfully performed. With the following test data [name]. @28-10-2021 09:57:58.0413 AM
[ReportManager] API Action [GetResponseJSONValue] successfully performed. With the following test data [name]. @28-10-2021 09:57:58.0425 AM
[ReportManager] API Action [GetResponseJSONValue] successfully performed. With the following test data [name]. @28-10-2021 09:57:58.0439 AM
[ReportManager] API Action [GetResponseJSONValue] successfully performed. With the following test data [name]. @28-10-2021 09:57:58.0453 AM
[ReportManager] API Action [GetResponseJSONValue] successfully performed. With the following test data [name]. @28-10-2021 09:57:58.0468 AM
[ReportManager] API Action [GetResponseJSONValue] successfully performed. With the following test data [name]. @28-10-2021 09:57:58.0484 A

################################################################################################################################################
Starting Execution:	[72 out of 143] test cases in the current suite
Test Method:		[testPackage01.Test_testData.f]
################################################################################################################################################
[ReportManager] Successfully loaded the following test data file [src/test/resources/TestDataFiles/testSuite01/TestData.xlsx]. @28-10-2021 09:57:58.0529 AM
[ReportManager] Successfully created attachment [Test Data - Excel] @28-10-2021 09:57:58.0533 AM
[ReportManager] Last Column Number is: [3]. Zero-based. @28-10-2021 09:57:58.0534 A

################################################################################################################################################
Starting Execution:	[73 out of 143] test cases in the current suite
Test Method:		[testPackage01.Test_PDF.testPDF_Downloaded]
################################################################################################################################################
[ReportManager] File Action [DoesFileExist] successfully performed. With the following test data [File Path: "src/test/resources/TestDataFiles/sample.pdf"]. @28-10-2021 09:57:58.0544 AM
[ReportManager] File Action [GetAbsolutePath] successfully performed. With the following test data [Relative File Path: "src/test/resources/TestDataFiles/sample.pdf"]. @28-10-2021 09:57:58.0544 AM
[ReportManager] Assertion [ValidateTrue] PASSED. Expected [TRUE] and Actual [TRUE]. Validation Type [POSITIVE]. @28-10-2021 09:58:02.0345 A
[ReportManager] File Action [GetAbsolutePath] successfully performed. With the following test data [Relative Folder Path: "target/downloadedFiles/"]. @28-10-2021 09:58:02.0348 AM
[ReportManager] Attempting to run locally on: [Mac-64], [Safari], Headless Execution. @28-10-2021 09:58:02.0348 AM
[ReportManager] Successfully Opened Safari. @28-10-2021 09:58:03.0160 AM
[ReportManager] Initial window size: (800, 600) @28-10-2021 09:58:03.0167 AM
[ReportManager] Window size after SWD Maximize: (1176, 811) @28-10-2021 09:58:03.0189 AM
[ReportManager] Browser Action [MaximizeWindow] successfully performed. With the following test data [New screen size is now: (1176, 811)]. @28-10-2021 09:58:03.0189 A

################################################################################################################################################
Starting Execution:	[74 out of 143] test cases in the current suite
Test Method:		[testPackage01.Test_ShadowDOM.shadowdom]
################################################################################################################################################
[ReportManager] Target URL: [https://mdn.github.io/web-components-examples/popup-info-box-web-component/] @28-10-2021 09:58:03.0192 AM
[ReportManager] Initial URL: [] @28-10-2021 09:58:03.0278 AM
[ReportManager] Browser Action [NavigateToURL] successfully performed. With the following test data [https://mdn.github.io/web-components-examples/popup-info-box-web-component/]. @28-10-2021 09:58:03.0559 AM
[ReportManager] Element Action [Type] successfully performed. With the following test data [Typing into SHADOW DOM...]. @28-10-2021 09:58:04.0519 AM
[ReportManager] Element Action [GetText] successfully performed. With the following test data [Typing into SHADOW DOM...]. @28-10-2021 09:58:04.0572 AM
[ReportManager] Loaded Shared OpenCV @28-10-2021 09:58:04.0629 AM
[ReportManager] Assertion [ValidateElementAttribute] PASSED. Expected [Value Should be 'Typing into SHADOW DOM...' for the 'Text' attribute, element locator 'By.id: cvc'] and Actual [Typing into SHADOW DOM...]. Comparison Type [EQUALS]. Validation Type [POSITIVE]. @28-10-2021 09:58:04.0783 AM
[ReportManager] Successfully created attachment [Screenshot - 1635415084629_shadowdom_ValidateElementAttribute_passed] @28-10-2021 09:58:04.0784 A
[ReportManager] Browser Action [CloseCurrentWindow] successfully performed. @28-10-2021 09:58:04.0905 AM
[ReportManager] Successfully created attachment [Browser Action Test Data - CloseCurrentWindow - Actual Value] @28-10-2021 09:58:04.0905 A
[ReportManager] File Action [GetAbsolutePath] successfully performed. With the following test data [Relative Folder Path: "target/downloadedFiles/"]. @28-10-2021 09:58:04.0907 AM
[ReportManager] Attempting to run locally on: [Mac-64], [Safari], Headless Execution. @28-10-2021 09:58:04.0907 AM
[ReportManager] Successfully Opened Safari. @28-10-2021 09:58:05.0680 AM
[ReportManager] Initial window size: (800, 600) @28-10-2021 09:58:05.0703 AM
[ReportManager] Window size after SWD Maximize: (1176, 811) @28-10-2021 09:58:05.0717 AM
[ReportManager] Browser Action [MaximizeWindow] successfully performed. With the following test data [New screen size is now: (1176, 811)]. @28-10-2021 09:58:05.0718 A

################################################################################################################################################
Starting Execution:	[75 out of 143] test cases in the current suite
Test Method:		[testPackage01.Test_clipboardActions.typeTextAndCopyPaste]
################################################################################################################################################
[ReportManager] Target URL: [https://www.google.com/ncr], and after redirection: [https://www.google.com] @28-10-2021 09:58:05.0721 AM
[ReportManager] Initial URL: [] @28-10-2021 09:58:05.0791 AM
[ReportManager] Browser Action [NavigateToURL] successfully performed. With the following test data [https://www.google.com/ncr]. @28-10-2021 09:58:07.0056 AM
[ReportManager] Element Action [Type] successfully performed. With the following test data [FIRST]. @28-10-2021 09:58:07.0378 A
[ReportManager] Browser Action [CloseCurrentWindow] successfully performed. @28-10-2021 09:58:07.0518 AM
[ReportManager] Successfully created attachment [Browser Action Test Data - CloseCurrentWindow - Actual Value] @28-10-2021 09:58:07.0519 A

################################################################################################################################################
Starting Execution:	[76 out of 143] test cases in the current suite
Test Method:		[testPackage01.Test_NewValidationHelper.f1]
################################################################################################################################################
[ReportManager] Assertion Passed: Checking valid user data @28-10-2021 09:58:07.0522 AM
[ReportManager] Successfully created attachment [Validation Test Data - Expected Value] @28-10-2021 09:58:07.0522 AM
[ReportManager] Successfully created attachment [Validation Test Data - Actual Value] @28-10-2021 09:58:07.0523 AM
[ReportManager] Assertion [ValidateEquals] PASSED. Expected and Actual values are attached. Comparison Type [EQUALS]. Validation Type [POSITIVE]. @28-10-2021 09:58:07.0523 A
[ReportManager] File Action [GetAbsolutePath] successfully performed. With the following test data [Relative Folder Path: "target/downloadedFiles/"]. @28-10-2021 09:58:07.0526 AM
[ReportManager] Attempting to run locally on: [Mac-64], [Safari], Headless Execution. @28-10-2021 09:58:07.0526 AM
[ReportManager] Successfully Opened Safari. @28-10-2021 09:58:08.0326 AM
[ReportManager] Initial window size: (800, 600) @28-10-2021 09:58:08.0331 AM
[ReportManager] Window size after SWD Maximize: (1176, 811) @28-10-2021 09:58:08.0355 AM
[ReportManager] Browser Action [MaximizeWindow] successfully performed. With the following test data [New screen size is now: (1176, 811)]. @28-10-2021 09:58:08.0355 AM
[ReportManager] Target URL: [https://the-internet.herokuapp.com/] @28-10-2021 09:58:08.0356 AM
[ReportManager] Initial URL: [] @28-10-2021 09:58:08.0413 AM
[ReportManager] Browser Action [NavigateToURL] successfully performed. With the following test data [https://the-internet.herokuapp.com/]. @28-10-2021 09:58:08.0919 A

################################################################################################################################################
Starting Execution:	[77 out of 143] test cases in the current suite
Test Method:		[testPackage01.Test_NewValidationHelper.f10]
################################################################################################################################################
[ReportManager] Assertion [ValidateElementExists] FAILED. Expected [Element Should Exist, locator 'By.tagName: div'] and Actual [Element Exists but is not unique]. Comparison Type [EQUALS]. Validation Type [POSITIVE]. @28-10-2021 09:58:09.0100 AM
[ReportManager] Successfully created attachment [Screenshot - 1635415089011_f10_ValidateElementExists_failed] @28-10-2021 09:58:09.0102 A



################################################################################################################################################
Starting Execution:	[78 out of 143] test cases in the current suite
Test Method:		[testPackage01.Test_NewValidationHelper.f11]
###############################################################################################################################################



################################################################################################################################################
Starting Execution:	[79 out of 143] test cases in the current suite
Test Method:		[testPackage01.Test_NewValidationHelper.f12]
###############################################################################################################################################



################################################################################################################################################
Starting Execution:	[80 out of 143] test cases in the current suite
Test Method:		[testPackage01.Test_NewValidationHelper.f13]
###############################################################################################################################################



################################################################################################################################################
Starting Execution:	[81 out of 143] test cases in the current suite
Test Method:		[testPackage01.Test_NewValidationHelper.f14]
###############################################################################################################################################



################################################################################################################################################
Starting Execution:	[82 out of 143] test cases in the current suite
Test Method:		[testPackage01.Test_NewValidationHelper.f15]
###############################################################################################################################################



################################################################################################################################################
Starting Execution:	[83 out of 143] test cases in the current suite
Test Method:		[testPackage01.Test_NewValidationHelper.f16]
###############################################################################################################################################



################################################################################################################################################
Starting Execution:	[84 out of 143] test cases in the current suite
Test Method:		[testPackage01.Test_NewValidationHelper.f17]
###############################################################################################################################################



################################################################################################################################################
Starting Execution:	[85 out of 143] test cases in the current suite
Test Method:		[testPackage01.Test_NewValidationHelper.f18]
###############################################################################################################################################


################################################################################################################################################
Starting Execution:	[86 out of 143] test cases in the current suite
Test Method:		[testPackage01.Test_NewValidationHelper.f2]
###############################################################################################################################################


################################################################################################################################################
Starting Execution:	[87 out of 143] test cases in the current suite
Test Method:		[testPackage01.Test_NewValidationHelper.f20]
###############################################################################################################################################



################################################################################################################################################
Starting Execution:	[88 out of 143] test cases in the current suite
Test Method:		[testPackage01.Test_NewValidationHelper.f21]
###############################################################################################################################################



################################################################################################################################################
Starting Execution:	[89 out of 143] test cases in the current suite
Test Method:		[testPackage01.Test_NewValidationHelper.f22]
###############################################################################################################################################


################################################################################################################################################
Starting Execution:	[90 out of 143] test cases in the current suite
Test Method:		[testPackage01.Test_NewValidationHelper.f23]
###############################################################################################################################################

################################################################################################################################################
Starting Execution:	[91 out of 143] test cases in the current suite
Test Method:		[testPackage01.Test_NewValidationHelper.f24]
###############################################################################################################################################

################################################################################################################################################
Starting Execution:	[92 out of 143] test cases in the current suite
Test Method:		[testPackage01.Test_NewValidationHelper.f25]
###############################################################################################################################################

################################################################################################################################################
Starting Execution:	[93 out of 143] test cases in the current suite
Test Method:		[testPackage01.Test_NewValidationHelper.f26]
###############################################################################################################################################

################################################################################################################################################
Starting Execution:	[94 out of 143] test cases in the current suite
Test Method:		[testPackage01.Test_NewValidationHelper.f27]
###############################################################################################################################################

################################################################################################################################################
Starting Execution:	[95 out of 143] test cases in the current suite
Test Method:		[testPackage01.Test_NewValidationHelper.f28]
###############################################################################################################################################

################################################################################################################################################
Starting Execution:	[96 out of 143] test cases in the current suite
Test Method:		[testPackage01.Test_NewValidationHelper.f29]
###############################################################################################################################################

################################################################################################################################################
Starting Execution:	[97 out of 143] test cases in the current suite
Test Method:		[testPackage01.Test_NewValidationHelper.f3]
###############################################################################################################################################

################################################################################################################################################
Starting Execution:	[98 out of 143] test cases in the current suite
Test Method:		[testPackage01.Test_NewValidationHelper.f30]
###############################################################################################################################################

################################################################################################################################################
Starting Execution:	[99 out of 143] test cases in the current suite
Test Method:		[testPackage01.Test_NewValidationHelper.f31]
###############################################################################################################################################

################################################################################################################################################
Starting Execution:	[100 out of 143] test cases in the current suite
Test Method:		[testPackage01.Test_NewValidationHelper.f32]
###############################################################################################################################################

################################################################################################################################################
Starting Execution:	[101 out of 143] test cases in the current suite
Test Method:		[testPackage01.Test_NewValidationHelper.f33]
###############################################################################################################################################

################################################################################################################################################
Starting Execution:	[102 out of 143] test cases in the current suite
Test Method:		[testPackage01.Test_NewValidationHelper.f34]
###############################################################################################################################################

################################################################################################################################################
Starting Execution:	[103 out of 143] test cases in the current suite
Test Method:		[testPackage01.Test_NewValidationHelper.f35]
###############################################################################################################################################

################################################################################################################################################
Starting Execution:	[104 out of 143] test cases in the current suite
Test Method:		[testPackage01.Test_NewValidationHelper.f36]
###############################################################################################################################################

################################################################################################################################################
Starting Execution:	[105 out of 143] test cases in the current suite
Test Method:		[testPackage01.Test_NewValidationHelper.f37]
###############################################################################################################################################

################################################################################################################################################
Starting Execution:	[106 out of 143] test cases in the current suite
Test Method:		[testPackage01.Test_NewValidationHelper.f3_1]
###############################################################################################################################################

################################################################################################################################################
Starting Execution:	[107 out of 143] test cases in the current suite
Test Method:		[testPackage01.Test_NewValidationHelper.f4]
###############################################################################################################################################

################################################################################################################################################
Starting Execution:	[108 out of 143] test cases in the current suite
Test Method:		[testPackage01.Test_NewValidationHelper.f5]
###############################################################################################################################################

################################################################################################################################################
Starting Execution:	[109 out of 143] test cases in the current suite
Test Method:		[testPackage01.Test_NewValidationHelper.f6]
###############################################################################################################################################

################################################################################################################################################
Starting Execution:	[110 out of 143] test cases in the current suite
Test Method:		[testPackage01.Test_NewValidationHelper.f6_1]
###############################################################################################################################################

################################################################################################################################################
Starting Execution:	[111 out of 143] test cases in the current suite
Test Method:		[testPackage01.Test_NewValidationHelper.f6_2]
###############################################################################################################################################

################################################################################################################################################
Starting Execution:	[112 out of 143] test cases in the current suite
Test Method:		[testPackage01.Test_NewValidationHelper.f7]
###############################################################################################################################################


################################################################################################################################################
Starting Execution:	[113 out of 143] test cases in the current suite
Test Method:		[testPackage01.Test_NewValidationHelper.f8]
###############################################################################################################################################



################################################################################################################################################
Starting Execution:	[114 out of 143] test cases in the current suite
Test Method:		[testPackage01.Test_NewValidationHelper.f9]
###############################################################################################################################################


################################################################################################################################################
Starting Execution:	[115 out of 143] test cases in the current suite
Test Method:		[testPackage01.Test_NewValidationHelper.forceFail]
###############################################################################################################################################

################################################################################################################################################
Starting Execution:	[116 out of 143] test cases in the current suite
Test Method:		[testPackage01.Test_NewValidationHelper.forceFail2]
###############################################################################################################################################

################################################################################################################################################
Starting Execution:	[117 out of 143] test cases in the current suite
Test Method:		[testPackage01.Test_JsonActions.f]
###############################################################################################################################################

################################################################################################################################################
Starting Execution:	[118 out of 143] test cases in the current suite
Test Method:		[testPackage01.Test_JsonActions.f2]
###############################################################################################################################################

################################################################################################################################################
Starting Execution:	[119 out of 143] test cases in the current suite
Test Method:		[testPackage01.Test_sendGraphqlRequest.sendGraphqlRequestUsingMutationAndVariables]
################################################################################################################################################
[ReportManager] GraphQl Request is being Performed with the Following Parameters [Service URL: https://api.spacex.land/graphql | Request Body: {"variables":"{\"name\": \"sherlock holmes\",\"rocket\": \"221B Baker Street\"}","query":"mutation ($name: String, $rocket: String) {\n  insert_users(objects: {name: $name, rocket: $rocket}) {\n    returning {\n      name\n      rocket\n    }\n  }\n}"}] @28-10-2021 09:58:09.0372 AM
[ReportManager] Response status code: [200], status line: [HTTP/1.1 200 OK] @28-10-2021 09:58:09.0647 AM
[ReportManager] Assertion Passed: Evaluating the actual response status code against the expected one... @28-10-2021 09:58:09.0647 AM
[ReportManager] Assertion [ValidateEquals] PASSED. Expected [200] and Actual [200]. Comparison Type [EQUALS]. Validation Type [POSITIVE]. @28-10-2021 09:58:09.0647 AM
[ReportManager] API Action [PerformRequest] successfully performed. With the following test data [Request Type: "POST" | Target Status Code: "200" | Service URL: "https://api.spacex.land/graphql" | Content Type: "application/json" | Response Time: "184ms"]. @28-10-2021 09:58:09.0681 AM
[ReportManager] Successfully created attachment [API Request - Specifications] @28-10-2021 09:58:09.0682 AM
[ReportManager] Successfully created attachment [API Request - JSON Body] @28-10-2021 09:58:09.0682 AM
[ReportManager] Successfully created attachment [API Response - JSON Body] @28-10-2021 09:58:09.0683 AM
[ReportManager] API Action [GetResponseJSONValue] successfully performed. With the following test data [data.insert_users.returning[0].name]. @28-10-2021 09:58:09.0745 AM
[ReportManager] Assertion [ValidateEquals] PASSED. Expected [sherlock holmes] and Actual [sherlock holmes]. Comparison Type [EQUALS]. Validation Type [POSITIVE]. @28-10-2021 09:58:09.0745 A

################################################################################################################################################
Starting Execution:	[120 out of 143] test cases in the current suite
Test Method:		[testPackage01.Test_sendGraphqlRequest.sendGraphqlRequestUsingQuery]
################################################################################################################################################
[ReportManager] GraphQl Request is being Performed with the Following Parameters [Service URL: https://api.spacex.land/graphql | Request Body: {"query":"{company {ceo}}"}] @28-10-2021 09:58:09.0770 AM
[ReportManager] Response status code: [200], status line: [HTTP/1.1 200 OK] @28-10-2021 09:58:09.0909 AM
[ReportManager] Assertion Passed: Evaluating the actual response status code against the expected one... @28-10-2021 09:58:09.0909 AM
[ReportManager] Assertion [ValidateEquals] PASSED. Expected [200] and Actual [200]. Comparison Type [EQUALS]. Validation Type [POSITIVE]. @28-10-2021 09:58:09.0909 AM
[ReportManager] API Action [PerformRequest] successfully performed. With the following test data [Request Type: "POST" | Target Status Code: "200" | Service URL: "https://api.spacex.land/graphql" | Content Type: "application/json" | Response Time: "129ms"]. @28-10-2021 09:58:09.0922 AM
[ReportManager] Successfully created attachment [API Request - Specifications] @28-10-2021 09:58:09.0922 AM
[ReportManager] Successfully created attachment [API Request - JSON Body] @28-10-2021 09:58:09.0923 AM
[ReportManager] Successfully created attachment [API Response - JSON Body] @28-10-2021 09:58:09.0923 AM
[ReportManager] API Action [GetResponseJSONValue] successfully performed. With the following test data [data.company.ceo]. @28-10-2021 09:58:09.0936 AM
[ReportManager] Assertion [ValidateEquals] PASSED. Expected [Elon Musk] and Actual [Elon Musk]. Comparison Type [EQUALS]. Validation Type [POSITIVE]. @28-10-2021 09:58:09.0937 A
[ReportManager] File Action [GetAbsolutePath] successfully performed. With the following test data [Relative Folder Path: "target/downloadedFiles/"]. @28-10-2021 09:58:09.0940 AM
[ReportManager] Attempting to run locally on: [Mac-64], [Safari], Headless Execution. @28-10-2021 09:58:09.0940 AM
[ReportManager] Successfully Opened Safari. @28-10-2021 09:58:10.0723 AM
[ReportManager] Initial window size: (800, 600) @28-10-2021 09:58:10.0729 AM
[ReportManager] Window size after SWD Maximize: (1176, 811) @28-10-2021 09:58:10.0756 AM
[ReportManager] Browser Action [MaximizeWindow] successfully performed. With the following test data [New screen size is now: (1176, 811)]. @28-10-2021 09:58:10.0757 A

################################################################################################################################################
Starting Execution:	[121 out of 143] test cases in the current suite
Test Method:		[testPackage01.Test_dragAndDrop.dragAndDropJquery]
################################################################################################################################################
[ReportManager] Target URL: [https://jqueryui.com/resources/demos/droppable/default.html] @28-10-2021 09:58:10.0761 AM
[ReportManager] Initial URL: [] @28-10-2021 09:58:10.0846 AM
[ReportManager] Browser Action [NavigateToURL] successfully performed. With the following test data [https://jqueryui.com/resources/demos/droppable/default.html]. @28-10-2021 09:58:11.0229 AM
[ReportManager] Element Action [GetText] successfully performed. With the following test data [
	Drop here
]. @28-10-2021 09:58:11.0265 AM
[ReportManager] Element Action [DragAndDrop] successfully performed. With the following test data [Start point: (8, 18), End point: (8, 18)]. @28-10-2021 09:58:12.0307 AM
[ReportManager] Element Action [GetText] successfully performed. With the following test data [
	Dropped!
]. @28-10-2021 09:58:12.0337 AM
[ReportManager] Assertion Passed: Checking to see if the text has changed after performing drag and drop @28-10-2021 09:58:12.0337 AM
[ReportManager] Assertion [ValidateEquals] PASSED. Expected [
	Drop here
] and Actual [
	Dropped!
]. Comparison Type [EQUALS]. Validation Type [NEGATIVE]. @28-10-2021 09:58:12.0337 A
[ReportManager] Browser Action [CloseCurrentWindow] successfully performed. @28-10-2021 09:58:12.0474 AM
[ReportManager] Successfully created attachment [Browser Action Test Data - CloseCurrentWindow - Actual Value] @28-10-2021 09:58:12.0475 A
[ReportManager] File Action [GetAbsolutePath] successfully performed. With the following test data [Relative Folder Path: "target/downloadedFiles/"]. @28-10-2021 09:58:12.0477 AM
[ReportManager] Attempting to run locally on: [Mac-64], [Safari], Headless Execution. @28-10-2021 09:58:12.0477 AM
[ReportManager] Successfully Opened Safari. @28-10-2021 09:58:13.0297 AM
[ReportManager] Initial window size: (800, 600) @28-10-2021 09:58:13.0315 AM
[ReportManager] Window size after SWD Maximize: (1176, 811) @28-10-2021 09:58:13.0326 AM
[ReportManager] Browser Action [MaximizeWindow] successfully performed. With the following test data [New screen size is now: (1176, 811)]. @28-10-2021 09:58:13.0326 A

################################################################################################################################################
Starting Execution:	[122 out of 143] test cases in the current suite
Test Method:		[testPackage01.Test_dragAndDrop.dragAndDrop]
Test Description:	[TC001 - Test Drag and Drop function.]
################################################################################################################################################
[ReportManager] Target URL: [http://the-internet.herokuapp.com/drag_and_drop] @28-10-2021 09:58:13.0329 AM
[ReportManager] Initial URL: [] @28-10-2021 09:58:13.0390 AM
[ReportManager] Browser Action [NavigateToURL] successfully performed. With the following test data [http://the-internet.herokuapp.com/drag_and_drop]. @28-10-2021 09:58:14.0058 AM
[ReportManager] Attempting Drag and Drop @28-10-2021 09:58:14.0059 AM
[ReportManager] Element Action [DragAndDrop] successfully performed. With the following test data [Start point: (120, 89), End point: (335, 89)]. @28-10-2021 09:58:14.0708 A
[ReportManager] Browser Action [CloseCurrentWindow] successfully performed. @28-10-2021 09:58:14.0824 AM
[ReportManager] Successfully created attachment [Browser Action Test Data - CloseCurrentWindow - Actual Value] @28-10-2021 09:58:14.0824 A
[ReportManager] File Action [GetAbsolutePath] successfully performed. With the following test data [Relative Folder Path: "target/downloadedFiles/"]. @28-10-2021 09:58:14.0827 AM
[ReportManager] Attempting to run locally on: [Mac-64], [Safari], Headless Execution. @28-10-2021 09:58:14.0827 AM
[ReportManager] Successfully Opened Safari. @28-10-2021 09:58:15.0649 AM
[ReportManager] Initial window size: (800, 600) @28-10-2021 09:58:15.0664 AM
[ReportManager] Window size after SWD Maximize: (1176, 811) @28-10-2021 09:58:15.0675 AM
[ReportManager] Browser Action [MaximizeWindow] successfully performed. With the following test data [New screen size is now: (1176, 811)]. @28-10-2021 09:58:15.0676 A

################################################################################################################################################
Starting Execution:	[123 out of 143] test cases in the current suite
Test Method:		[testPackage01.Test_dragAndDrop.dragAndDropByOffset]
Test Description:	[TC002 - Test Drag and Drop by offset function.]
################################################################################################################################################
[ReportManager] Target URL: [https://jqueryui.com/resources/demos/draggable/default.html] @28-10-2021 09:58:15.0682 AM
[ReportManager] Initial URL: [] @28-10-2021 09:58:15.0743 AM
[ReportManager] Browser Action [NavigateToURL] successfully performed. With the following test data [https://jqueryui.com/resources/demos/draggable/default.html]. @28-10-2021 09:58:16.0030 AM
[ReportManager] Element Action [DragAndDropByOffset] successfully performed. With the following test data [Start point: (8, 8), End point: (108, 58)]. @28-10-2021 09:58:16.0810 A
[ReportManager] Browser Action [CloseCurrentWindow] successfully performed. @28-10-2021 09:58:16.0949 AM
[ReportManager] Successfully created attachment [Browser Action Test Data - CloseCurrentWindow - Actual Value] @28-10-2021 09:58:16.0950 A
[ReportManager] Successfully loaded the following test data file [src/test/resources/TestDataFiles/testSuite01/TestData.xlsx]. @28-10-2021 09:58:16.0996 AM
[ReportManager] Successfully created attachment [Test Data - Excel] @28-10-2021 09:58:16.0997 AM
[ReportManager] File Action [GetAbsolutePath] successfully performed. With the following test data [Relative Folder Path: "target/downloadedFiles/"]. @28-10-2021 09:58:16.0997 AM
[ReportManager] Attempting to run locally on: [Mac-64], [Safari], Headless Execution. @28-10-2021 09:58:16.0997 AM
[ReportManager] Successfully Opened Safari. @28-10-2021 09:58:17.0800 AM
[ReportManager] Initial window size: (800, 600) @28-10-2021 09:58:17.0814 AM
[ReportManager] Window size after SWD Maximize: (1176, 811) @28-10-2021 09:58:17.0846 AM
[ReportManager] Browser Action [MaximizeWindow] successfully performed. With the following test data [New screen size is now: (1176, 811)]. @28-10-2021 09:58:17.0846 A

################################################################################################################################################
Starting Execution:	[124 out of 143] test cases in the current suite
Test Method:		[testPackage01.Test_google.navigateToURLandVerifyGoogleLogoIsDisplayed]
Test Description:	[TC001 - Navigate to URL and Verify Google Logo is Displayed]
################################################################################################################################################
[ReportManager] Target URL: [https://www.google.com/ncr], and after redirection: [https://www.google.com] @28-10-2021 09:58:17.0850 AM
[ReportManager] Initial URL: [] @28-10-2021 09:58:17.0928 AM
[ReportManager] Browser Action [NavigateToURL] successfully performed. With the following test data [https://www.google.com/ncr]. @28-10-2021 09:58:19.0090 AM
[ReportManager] Loaded Shared OpenCV @28-10-2021 09:58:19.0150 AM
[ReportManager] Assertion [ValidateElementExists] PASSED. Expected [Element Should Exist, locator 'By.xpath: //*[@id='hplogo' or @alt='Google']'] and Actual [Element Exists]. Comparison Type [EQUALS]. Validation Type [POSITIVE]. @28-10-2021 09:58:19.0294 AM
[ReportManager] Successfully created attachment [Screenshot - 1635415099150_navigateToURLandVerifyGoogleLogoIsDisplayed_ValidateElementExists_passed] @28-10-2021 09:58:19.0295 A

################################################################################################################################################
Starting Execution:	[125 out of 143] test cases in the current suite
Test Method:		[testPackage01.Test_google.searchForQueryandAssertResultsNumDisplayed]
Test Description:	[TC002 - Search for Query and Assert that the number of results is displayed]
################################################################################################################################################
[ReportManager] Element Action [Type] successfully performed. With the following test data [SHAFT_Engine]. @28-10-2021 09:58:19.0760 AM
[ReportManager] Element Action [KeyPress] successfully performed. With the following test data [Enter]. @28-10-2021 09:58:19.0804 A

################################################################################################################################################
Starting Execution:	[126 out of 143] test cases in the current suite
Test Method:		[testPackage01.Test_google.clickNextThrice]
Test Description:	[TC003 - Clicks the next button to make sure that the framework can scroll element into view before clicking it]
###############################################################################################################################################
[ReportManager] Browser Action [CloseCurrentWindow] successfully performed. @28-10-2021 09:58:19.0966 AM
[ReportManager] Successfully created attachment [Browser Action Test Data - CloseCurrentWindow - Actual Value] @28-10-2021 09:58:19.0967 A

################################################################################################################################################
Starting Execution:	[127 out of 143] test cases in the current suite
Test Method:		[testPackage01.Test_chainableElementActions.chainElementActions]
################################################################################################################################################
[ReportManager] File Action [GetAbsolutePath] successfully performed. With the following test data [Relative Folder Path: "target/downloadedFiles/"]. @28-10-2021 09:58:19.0969 AM
[ReportManager] Attempting to run locally on: [Mac-64], [GoogleChrome], Headless Execution. @28-10-2021 09:58:19.0974 AM
[ReportManager] Identifying OS/Driver combination and selecting the correct driver version automatically. Please note that if a new driver executable will be downloaded it may take some time... @28-10-2021 09:58:19.0974 AM
[ReportManager] Successfully Opened Google Chrome. @28-10-2021 09:58:22.0874 AM
[ReportManager] Initial window size: (1920, 1080) @28-10-2021 09:58:22.0878 AM
[ReportManager] Window size after SWD Maximize: (1920, 1080) @28-10-2021 09:58:23.0036 AM
[ReportManager] Window size after Toolkit: (1920, 1080) @28-10-2021 09:58:23.0480 AM
[ReportManager] Browser Action [MaximizeWindow] successfully performed. With the following test data [New screen size is now: (1920, 1080)]. @28-10-2021 09:58:23.0483 AM
[ReportManager] Target URL: [https://www.google.com/ncr], and after redirection: [https://www.google.com] @28-10-2021 09:58:23.0484 AM
[ReportManager] Initial URL: [data:,] @28-10-2021 09:58:23.0513 AM
[ReportManager] Browser Action [NavigateToURL] successfully performed. With the following test data [https://www.google.com/ncr]. @28-10-2021 09:58:24.0351 AM
[ReportManager] Element Action [Type] successfully performed. With the following test data [chained type 1]. @28-10-2021 09:58:24.0831 AM
[ReportManager] Element Action [Type] successfully performed. With the following test data [chained type 2]. @28-10-2021 09:58:25.0219 AM
[ReportManager] Element Action [TypeAppend] successfully performed. With the following test data [345]. @28-10-2021 09:58:25.0327 AM
[ReportManager] Element Action [GetText] successfully performed. With the following test data [chained type 2345]. @28-10-2021 09:58:25.0417 AM
[ReportManager] Loaded Shared OpenCV @28-10-2021 09:58:25.0801 AM
[ReportManager] Assertion [ValidateElementAttribute] PASSED. Expected [Value Should be 'chained type 2345' for the 'text' attribute, element locator 'By.name: q'] and Actual [chained type 2345]. Comparison Type [EQUALS]. Validation Type [POSITIVE]. @28-10-2021 09:58:26.0039 AM
[ReportManager] Successfully created attachment [Screenshot - 1635415105801_chainElementActions_ValidateElementAttribute_passed] @28-10-2021 09:58:26.0062 AM
[ReportManager] Browser Action [CloseCurrentWindow] successfully performed. @28-10-2021 09:58:26.0178 AM
[ReportManager] Successfully created attachment [Browser Action Test Data - CloseCurrentWindow - Actual Value] @28-10-2021 09:58:26.0191 A

################################################################################################################################################
Starting Execution:	[128 out of 143] test cases in the current suite
Test Method:		[testPackage01.Test_JsonCompareWithSpecialCharacters.specialCharacters]
################################################################################################################################################
[ReportManager] File Action [GetAbsolutePath] successfully performed. With the following test data [Relative Folder Path: "src/test/resources/TestJsonFiles/specialCharacters.json"]. @28-10-2021 09:58:26.0404 AM
[ReportManager] File Action [ReadFromFile] successfully performed. With the following test data [File Path: "/Users/runner/work/SHAFT_ENGINE/SHAFT_ENGINE/src/test/resources/TestJsonFiles/specialCharacters.json"]. @28-10-2021 09:58:26.0409 AM
[ReportManager] Successfully created attachment [File Action Actual Result - Command Log] @28-10-2021 09:58:26.0417 AM
[ReportManager] Comparing the provided API response with the file at this path "src/test/resources/TestJsonFiles/specialCharacters.json", comparison type "EQUALS" @28-10-2021 09:58:26.0419 AM
[ReportManager] API Action [CompareJSON] successfully performed. With the following test data [src/test/resources/TestJsonFiles/specialCharacters.json]. @28-10-2021 09:58:26.0428 AM
[ReportManager] File Action [GetAbsolutePath] successfully performed. With the following test data [Relative Folder Path: "src/test/resources/TestJsonFiles/specialCharacters.json"]. @28-10-2021 09:58:26.0429 AM
[ReportManager] File Action [ReadFromFile] successfully performed. With the following test data [File Path: "/Users/runner/work/SHAFT_ENGINE/SHAFT_ENGINE/src/test/resources/TestJsonFiles/specialCharacters.json"]. @28-10-2021 09:58:26.0429 AM
[ReportManager] Verification [ValidateJSONFileContent] PASSED. Expected [Response data should match the JSON File in this path 'src/test/resources/TestJsonFiles/specialCharacters.json'] and Actual [TRUE]. Comparison Type [EQUALS]. Validation Type [POSITIVE]. @28-10-2021 09:58:26.0436 AM
[ReportManager] Successfully created attachment [Validation Test Data - Expected JSON Value] @28-10-2021 09:58:26.0451 AM
[ReportManager] Successfully created attachment [Validation Test Data - Actual JSON Value] @28-10-2021 09:58:26.0468 A

################################################################################################################################################
Starting Execution:	[129 out of 143] test cases in the current suite
Test Method:		[testPackage01.Test_JsonCompareWithSpecialCharacters.specialCharacters_assertion]
################################################################################################################################################
[ReportManager] File Action [GetAbsolutePath] successfully performed. With the following test data [Relative Folder Path: "src/test/resources/TestJsonFiles/specialCharacters.json"]. @28-10-2021 09:58:26.0521 AM
[ReportManager] File Action [ReadFromFile] successfully performed. With the following test data [File Path: "/Users/runner/work/SHAFT_ENGINE/SHAFT_ENGINE/src/test/resources/TestJsonFiles/specialCharacters.json"]. @28-10-2021 09:58:26.0522 AM
[ReportManager] Successfully created attachment [File Action Actual Result - Command Log] @28-10-2021 09:58:26.0538 AM
[ReportManager] Comparing the provided API response with the file at this path "src/test/resources/TestJsonFiles/specialCharacters.json", comparison type "CONTAINS" @28-10-2021 09:58:26.0538 AM
[ReportManager] API Action [CompareJSON] successfully performed. With the following test data [src/test/resources/TestJsonFiles/specialCharacters.json]. @28-10-2021 09:58:26.0550 AM
[ReportManager] File Action [GetAbsolutePath] successfully performed. With the following test data [Relative Folder Path: "src/test/resources/TestJsonFiles/specialCharacters.json"]. @28-10-2021 09:58:26.0551 AM
[ReportManager] File Action [ReadFromFile] successfully performed. With the following test data [File Path: "/Users/runner/work/SHAFT_ENGINE/SHAFT_ENGINE/src/test/resources/TestJsonFiles/specialCharacters.json"]. @28-10-2021 09:58:26.0551 AM
[ReportManager] Assertion Passed: trying out the log message @28-10-2021 09:58:26.0555 AM
[ReportManager] Successfully created attachment [Validation Test Data - Expected JSON Value] @28-10-2021 09:58:26.0572 AM
[ReportManager] Successfully created attachment [Validation Test Data - Actual JSON Value] @28-10-2021 09:58:26.0588 AM
[ReportManager] Assertion [ValidateJSONFileContent] PASSED. Expected [Response data should match the JSON File in this path 'src/test/resources/TestJsonFiles/specialCharacters.json'] and Actual [TRUE]. Comparison Type [CONTAINS]. Validation Type [POSITIVE]. @28-10-2021 09:58:26.0588 A

################################################################################################################################################
Starting Execution:	[130 out of 143] test cases in the current suite
Test Method:		[testPackage01.Test_SkipDueToIssue.doNotSkip]
################################################################################################################################################
[ReportManager] This should not be skipped. @28-10-2021 09:58:26.0634 A

################################################################################################################################################
Starting Execution:	[131 out of 143] test cases in the current suite
Test Method:		[testPackage01.Test_SkipDueToIssue.skip]
################################################################################################################################################
[ReportManager] This should be skipped. @28-10-2021 09:58:26.0676 A

################################################################################################################################################
Starting Execution:	[132 out of 143] test cases in the current suite
Test Method:		[testPackage01.Test_SkipDueToIssue.skip2]
################################################################################################################################################
[ReportManager] This should be skipped. @28-10-2021 09:58:26.0705 A

################################################################################################################################################
Starting Execution:	[133 out of 143] test cases in the current suite
Test Method:		[testPackage01.Test_JSONFileManager.readStringFromJson]
################################################################################################################################################
[ReportManager] Successfully loaded the following test data file [src/test/resources/TestDataFiles/simpleJSON.json]. @28-10-2021 09:58:26.0740 AM
[ReportManager] Successfully created attachment [Test Data - JSON] @28-10-2021 09:58:26.0753 AM
[ReportManager] Assertion [ValidateEquals] PASSED. Expected [Mohab Mohie] and Actual [Mohab Mohie]. Comparison Type [EQUALS]. Validation Type [POSITIVE]. @28-10-2021 09:58:26.0769 A
[ReportManager] File Action [GetAbsolutePath] successfully performed. With the following test data [Relative Folder Path: "target/downloadedFiles/"]. @28-10-2021 09:58:26.0803 AM
[ReportManager] Attempting to run locally on: [Mac-64], [Safari], Headless Execution. @28-10-2021 09:58:26.0804 AM
[ReportManager] Successfully Opened Safari. @28-10-2021 09:58:27.0637 AM
[ReportManager] Initial window size: (800, 600) @28-10-2021 09:58:27.0672 AM
[ReportManager] Window size after SWD Maximize: (1176, 811) @28-10-2021 09:58:27.0715 AM
[ReportManager] Browser Action [MaximizeWindow] successfully performed. With the following test data [New screen size is now: (1176, 811)]. @28-10-2021 09:58:27.0715 A

################################################################################################################################################
Starting Execution:	[134 out of 143] test cases in the current suite
Test Method:		[testPackage01.Test_assertEquals.test_assertElementAttribute]
################################################################################################################################################
[ReportManager] Target URL: [https://www.google.com/ncr], and after redirection: [https://www.google.com] @28-10-2021 09:58:27.0730 AM
[ReportManager] Initial URL: [] @28-10-2021 09:58:27.0769 AM
[ReportManager] Browser Action [NavigateToURL] successfully performed. With the following test data [https://www.google.com/ncr]. @28-10-2021 09:58:29.0001 AM
[ReportManager] Element Action [Type] successfully performed. With the following test data [INC_004010050:Another SCHEDULER with the same name [Duplicate Job Name] already exists.]. @28-10-2021 09:58:31.0347 AM
[ReportManager] Element Action [GetText] successfully performed. With the following test data [INC_004010050:Another SCHEDULER with the same name [Duplicate Job Name] already exists.]. @28-10-2021 09:58:31.0397 AM
[ReportManager] Loaded Shared OpenCV @28-10-2021 09:58:31.0447 AM
[ReportManager] Assertion [ValidateElementAttribute] PASSED. Expected [Value Should be 'INC_004010050:Another SCHEDULER with the same name \[Duplicate Job Name\] already exists.' for the 'text' attribute, element locator 'By.name: q'] and Actual [INC_004010050:Another SCHEDULER with the same name [Duplicate Job Name] already exists.]. Comparison Type [MATCHES]. Validation Type [POSITIVE]. @28-10-2021 09:58:31.0555 AM
[ReportManager] Successfully created attachment [Screenshot - 1635415111447_test_assertElementAttribute_ValidateElementAttribute_passed] @28-10-2021 09:58:31.0562 A
[ReportManager] Browser Action [CloseCurrentWindow] successfully performed. @28-10-2021 09:58:31.0738 AM
[ReportManager] Successfully created attachment [Browser Action Test Data - CloseCurrentWindow - Actual Value] @28-10-2021 09:58:31.0745 A
[ReportManager] File Action [GetAbsolutePath] successfully performed. With the following test data [Relative Folder Path: "target/downloadedFiles/"]. @28-10-2021 09:58:31.0759 AM
[ReportManager] Attempting to run locally on: [Mac-64], [Safari], Headless Execution. @28-10-2021 09:58:31.0759 AM
[ReportManager] Successfully Opened Safari. @28-10-2021 09:58:32.0574 AM
[ReportManager] Initial window size: (800, 600) @28-10-2021 09:58:32.0687 AM
[ReportManager] Window size after SWD Maximize: (1176, 811) @28-10-2021 09:58:32.0703 AM
[ReportManager] Browser Action [MaximizeWindow] successfully performed. With the following test data [New screen size is now: (1176, 811)]. @28-10-2021 09:58:32.0703 A

################################################################################################################################################
Starting Execution:	[135 out of 143] test cases in the current suite
Test Method:		[testPackage01.Test_IsElementClickable.testIsElementClickable]
################################################################################################################################################
[ReportManager] Target URL: [https://the-internet.herokuapp.com/] @28-10-2021 09:58:32.0735 AM
[ReportManager] Initial URL: [] @28-10-2021 09:58:32.0793 AM
[ReportManager] Browser Action [NavigateToURL] successfully performed. With the following test data [https://the-internet.herokuapp.com/]. @28-10-2021 09:58:33.0423 AM
[ReportManager] Element Action [IsElementClickable] successfully performed. @28-10-2021 09:58:33.0485 AM
[ReportManager] Assertion [ValidateTrue] PASSED. Expected [TRUE] and Actual [TRUE]. Validation Type [POSITIVE]. @28-10-2021 09:58:33.0485 A
[ReportManager] Browser Action [CloseCurrentWindow] successfully performed. @28-10-2021 09:58:33.0626 AM
[ReportManager] Successfully created attachment [Browser Action Test Data - CloseCurrentWindow - Actual Value] @28-10-2021 09:58:33.0633 A
[ReportManager] Successfully loaded the following test data file [src/test/resources/TestDataFiles/testSuite01/TestData.xlsx]. @28-10-2021 09:58:33.0683 AM
[ReportManager] Successfully created attachment [Test Data - Excel] @28-10-2021 09:58:33.0689 AM
[ReportManager] Attempting to run using Playwright locally on: [Mac-64], [Safari], Headless Execution. @28-10-2021 09:59:25.0016 AM
[ReportManager] File Action [GetAbsolutePath] successfully performed. With the following test data [Relative Folder Path: "target/downloadedFiles/"]. @28-10-2021 09:59:25.0017 AM
[ReportManager] Initial window size: (1280, 720) @28-10-2021 09:59:31.0705 AM
[ReportManager] Window size after Toolkit: com.microsoft.playwright.options.ViewportSize@291ddf3a @28-10-2021 09:59:31.0714 AM
[ReportManager] Browser Action [MaximizeWindow] successfully performed. With the following test data [New screen size is now: (1920, 1080)]. @28-10-2021 09:59:31.0715 A

################################################################################################################################################
Starting Execution:	[136 out of 143] test cases in the current suite
Test Method:		[testPackage01.Test_google_playwright.navigateToURLandVerifyGoogleLogoIsDisplayed]
Test Description:	[TC001 - Navigate to URL and Verify Google Logo is Displayed]
################################################################################################################################################
[ReportManager] Target URL: [https://www.google.com/ncr], and after redirection: [https://www.google.com] @28-10-2021 09:59:31.0724 AM
[ReportManager] Initial URL: [about:blank] @28-10-2021 09:59:32.0226 AM
[ReportManager] Browser Action [NavigateToURL] successfully performed. With the following test data [https://www.google.com/ncr]. @28-10-2021 09:59:33.0661 AM
[ReportManager] Loaded Shared OpenCV @28-10-2021 09:59:33.0770 AM
[ReportManager] Assertion [ValidateElementExists] PASSED. Expected [Element Should Exist, locator 'xpath=//*[@id='hplogo' or @alt='Google']'] and Actual [Element Exists]. Comparison Type [EQUALS]. Validation Type [POSITIVE]. @28-10-2021 09:59:33.0971 AM
[ReportManager] Successfully created attachment [Screenshot - 1635415173766_navigateToURLandVerifyGoogleLogoIsDisplayed_ValidateElementExists_passed] @28-10-2021 09:59:33.0982 A

################################################################################################################################################
Starting Execution:	[137 out of 143] test cases in the current suite
Test Method:		[testPackage01.Test_google_playwright.searchForQueryandAssertResultsNumDisplayed]
Test Description:	[TC002 - Search for Query and Assert that the number of results is displayed]
################################################################################################################################################
[ReportManager] Element Action [Type] successfully performed. With the following test data [SHAFT_Engine]. @28-10-2021 09:59:34.0270 AM
[ReportManager] Element Action [KeyPress] successfully performed. With the following test data [Enter]. @28-10-2021 09:59:34.0306 AM
[ReportManager] Element Action [GetText] successfully performed. With the following test data [About 964,000 results (0.52 seconds)Â 
]. @28-10-2021 09:59:35.0727 AM
[ReportManager] Loaded Shared OpenCV @28-10-2021 09:59:36.0252 AM
[ReportManager] Assertion [ValidateElementAttribute] PASSED. Expected [Value Should not be '' for the 'text' attribute, element locator 'xpath=//div[@id='appbar']'] and Actual [About 964,000 results (0.52 seconds)Â 
]. Comparison Type [EQUALS]. Validation Type [NEGATIVE]. @28-10-2021 09:59:36.0480 AM
[ReportManager] Successfully created attachment [Screenshot - 1635415176250_searchForQueryandAssertResultsNumDisplayed_ValidateElementAttribute_passed] @28-10-2021 09:59:36.0495 A

################################################################################################################################################
Starting Execution:	[138 out of 143] test cases in the current suite
Test Method:		[testPackage01.Test_google_playwright.clickNextThrice]
Test Description:	[TC003 - Clicks the next button to make sure that the framework can scroll element into view before clicking it]
################################################################################################################################################
[ReportManager] Element Action [Click] successfully performed. With the following test data [Next]. @28-10-2021 09:59:36.0800 A
[ReportManager] Failed to find video recording. @28-10-2021 09:59:36.0828 AM
[ReportManager] Successfully Closed PlayWright Driver. @28-10-2021 09:59:36.0870 A
[ReportManager] File Action [GetAbsolutePath] successfully performed. With the following test data [Relative Folder Path: "target/downloadedFiles/"]. @28-10-2021 09:59:36.0877 AM
[ReportManager] Attempting to run locally on: [Mac-64], [Safari], Headless Execution. @28-10-2021 09:59:36.0877 AM
[ReportManager] Successfully Opened Safari. @28-10-2021 09:59:37.0693 AM
[ReportManager] Initial window size: (800, 600) @28-10-2021 09:59:37.0703 AM
[ReportManager] Window size after SWD Maximize: (1176, 811) @28-10-2021 09:59:37.0733 AM
[ReportManager] Browser Action [MaximizeWindow] successfully performed. With the following test data [New screen size is now: (1176, 811)]. @28-10-2021 09:59:37.0733 A

################################################################################################################################################
Starting Execution:	[139 out of 143] test cases in the current suite
Test Method:		[testPackage01.Test_verifyEquals.test_assertElementAttribute]
################################################################################################################################################
[ReportManager] Target URL: [https://www.google.com/ncr], and after redirection: [https://www.google.com] @28-10-2021 09:59:37.0759 AM
[ReportManager] Initial URL: [] @28-10-2021 09:59:37.0888 AM
[ReportManager] Browser Action [NavigateToURL] successfully performed. With the following test data [https://www.google.com/ncr]. @28-10-2021 09:59:38.0782 AM
[ReportManager] Element Action [Type] successfully performed. With the following test data [INC_004010050:Another SCHEDULER with the same name [Duplicate Job Name] already exists.]. @28-10-2021 09:59:41.0194 AM
[ReportManager] Element Action [GetText] successfully performed. With the following test data [INC_004010050:Another SCHEDULER with the same name [Duplicate Job Name] already exists.]. @28-10-2021 09:59:41.0253 AM
[ReportManager] Loaded Shared OpenCV @28-10-2021 09:59:41.0299 AM
[ReportManager] Verification [ValidateElementAttribute] PASSED. Expected [Value Should be 'INC_004010050:Another SCHEDULER with the same name \[Duplicate Job Name\] already exists.' for the 'text' attribute, element locator 'By.name: q'] and Actual [INC_004010050:Another SCHEDULER with the same name [Duplicate Job Name] already exists.]. Comparison Type [MATCHES]. Validation Type [POSITIVE]. @28-10-2021 09:59:41.0419 AM
[ReportManager] Successfully created attachment [Screenshot - 1635415181299_test_assertElementAttribute_ValidateElementAttribute_passed] @28-10-2021 09:59:41.0431 A
[ReportManager] Browser Action [CloseCurrentWindow] successfully performed. @28-10-2021 09:59:41.0690 AM
[ReportManager] Successfully created attachment [Browser Action Test Data - CloseCurrentWindow - Actual Value] @28-10-2021 09:59:41.0697 A

################################################################################################################################################
Starting Execution:	[140 out of 143] test cases in the current suite
Test Method:		[testPackage01.Test_SelectedValue.multipleSelect]
################################################################################################################################################
[ReportManager] File Action [GetAbsolutePath] successfully performed. With the following test data [Relative Folder Path: "target/downloadedFiles/"]. @28-10-2021 09:59:41.0705 AM
[ReportManager] Attempting to run locally on: [Mac-64], [GoogleChrome], Headless Execution. @28-10-2021 09:59:41.0705 AM
[ReportManager] Identifying OS/Driver combination and selecting the correct driver version automatically. Please note that if a new driver executable will be downloaded it may take some time... @28-10-2021 09:59:41.0706 AM
[ReportManager] Successfully Opened Google Chrome. @28-10-2021 09:59:42.0318 AM
[ReportManager] Initial window size: (1920, 1080) @28-10-2021 09:59:42.0322 AM
[ReportManager] Window size after SWD Maximize: (1920, 1080) @28-10-2021 09:59:42.0434 AM
[ReportManager] Window size after Toolkit: (1920, 1080) @28-10-2021 09:59:42.0974 AM
[ReportManager] Browser Action [MaximizeWindow] successfully performed. With the following test data [New screen size is now: (1920, 1080)]. @28-10-2021 09:59:42.0977 AM
[ReportManager] Target URL: [https://yari-demos.prod.mdn.mozit.cloud/en-US/docs/Web/HTML/Element/select/_sample_.Advanced_select_with_multiple_features.html] @28-10-2021 09:59:42.0977 AM
[ReportManager] Initial URL: [data:,] @28-10-2021 09:59:43.0008 AM
[ReportManager] Browser Action [NavigateToURL] successfully performed. With the following test data [https://yari-demos.prod.mdn.mozit.cloud/en-US/docs/Web/HTML/Element/select/_sample_.Advanced_select_with_multiple_features.html]. @28-10-2021 09:59:43.0296 AM
[ReportManager] Element Action [Select] successfully performed. With the following test data [Dog]. @28-10-2021 09:59:43.0481 AM
[ReportManager] Element Action [Select] successfully performed. With the following test data [Cat]. @28-10-2021 09:59:43.0635 AM
[ReportManager] Element Action [GetSelectedText] successfully performed. With the following test data [DogCat]. @28-10-2021 09:59:43.0739 AM
[ReportManager] DogCat @28-10-2021 09:59:43.0739 AM
[ReportManager] Element Action [GetSelectedText] successfully performed. With the following test data [DogCat]. @28-10-2021 09:59:43.0816 AM
[ReportManager] Loaded Shared OpenCV @28-10-2021 09:59:44.0213 AM
[ReportManager] Assertion [ValidateElementAttribute] PASSED. Expected [Value Should be 'DogCat' for the 'selectedText' attribute, element locator 'By.tagName: select'] and Actual [DogCat]. Comparison Type [EQUALS]. Validation Type [POSITIVE]. @28-10-2021 09:59:44.0402 AM
[ReportManager] Successfully created attachment [Screenshot - 1635415184213_multipleSelect_ValidateElementAttribute_passed] @28-10-2021 09:59:44.0414 AM
[ReportManager] Browser Action [CloseCurrentWindow] successfully performed. @28-10-2021 09:59:44.0517 AM
[ReportManager] Successfully created attachment [Browser Action Test Data - CloseCurrentWindow - Actual Value] @28-10-2021 09:59:44.0523 A

################################################################################################################################################
Starting Execution:	[141 out of 143] test cases in the current suite
Test Method:		[testPackage01.Test_SelectedValue.simpleSelect]
################################################################################################################################################
[ReportManager] File Action [GetAbsolutePath] successfully performed. With the following test data [Relative Folder Path: "target/downloadedFiles/"]. @28-10-2021 09:59:44.0548 AM
[ReportManager] Attempting to run locally on: [Mac-64], [GoogleChrome], Headless Execution. @28-10-2021 09:59:44.0548 AM
[ReportManager] Identifying OS/Driver combination and selecting the correct driver version automatically. Please note that if a new driver executable will be downloaded it may take some time... @28-10-2021 09:59:44.0549 AM
[ReportManager] Successfully Opened Google Chrome. @28-10-2021 09:59:44.0988 AM
[ReportManager] Initial window size: (1920, 1080) @28-10-2021 09:59:44.0992 AM
[ReportManager] Window size after SWD Maximize: (1920, 1080) @28-10-2021 09:59:45.0161 AM
[ReportManager] Window size after Toolkit: (1920, 1080) @28-10-2021 09:59:45.0578 AM
[ReportManager] Browser Action [MaximizeWindow] successfully performed. With the following test data [New screen size is now: (1920, 1080)]. @28-10-2021 09:59:45.0582 AM
[ReportManager] Target URL: [https://yari-demos.prod.mdn.mozit.cloud/en-US/docs/Web/HTML/Element/select/_sample_.Basic_select.html] @28-10-2021 09:59:45.0582 AM
[ReportManager] Initial URL: [data:,] @28-10-2021 09:59:45.0616 AM
[ReportManager] Browser Action [NavigateToURL] successfully performed. With the following test data [https://yari-demos.prod.mdn.mozit.cloud/en-US/docs/Web/HTML/Element/select/_sample_.Basic_select.html]. @28-10-2021 09:59:45.0874 AM
[ReportManager] Element Action [Select] successfully performed. With the following test data [Third Value]. @28-10-2021 09:59:46.0112 AM
[ReportManager] Element Action [GetSelectedText] successfully performed. With the following test data [Third Value]. @28-10-2021 09:59:46.0180 AM
[ReportManager] Third Value @28-10-2021 09:59:46.0180 AM
[ReportManager] Element Action [GetSelectedText] successfully performed. With the following test data [Third Value]. @28-10-2021 09:59:46.0238 AM
[ReportManager] Loaded Shared OpenCV @28-10-2021 09:59:46.0556 AM
[ReportManager] Assertion [ValidateElementAttribute] PASSED. Expected [Value Should be 'Third Value' for the 'selectedText' attribute, element locator 'By.tagName: select'] and Actual [Third Value]. Comparison Type [EQUALS]. Validation Type [POSITIVE]. @28-10-2021 09:59:46.0739 AM
[ReportManager] Successfully created attachment [Screenshot - 1635415186556_simpleSelect_ValidateElementAttribute_passed] @28-10-2021 09:59:46.0750 AM
[ReportManager] Browser Action [CloseCurrentWindow] successfully performed. @28-10-2021 09:59:46.0990 AM
[ReportManager] Successfully created attachment [Browser Action Test Data - CloseCurrentWindow - Actual Value] @28-10-2021 09:59:46.0996 A
[ReportManager] File Action [GetAbsolutePath] successfully performed. With the following test data [Relative Folder Path: "target/downloadedFiles/"]. @28-10-2021 09:59:47.0017 AM
[ReportManager] Attempting to run locally on: [Mac-64], [Safari], Headless Execution. @28-10-2021 09:59:47.0017 AM
[ReportManager] Successfully Opened Safari. @28-10-2021 09:59:47.0802 AM
[ReportManager] Initial window size: (800, 600) @28-10-2021 09:59:47.0807 AM
[ReportManager] Window size after SWD Maximize: (1176, 811) @28-10-2021 09:59:47.0819 AM
[ReportManager] Browser Action [MaximizeWindow] successfully performed. With the following test data [New screen size is now: (1176, 811)]. @28-10-2021 09:59:47.0820 A

################################################################################################################################################
Starting Execution:	[142 out of 143] test cases in the current suite
Test Method:		[testPackage01.Test_dynamicLoading.dynamicLoading_elementIsHidden]
################################################################################################################################################
[ReportManager] Target URL: [https://the-internet.herokuapp.com/dynamic_loading/1] @28-10-2021 09:59:47.0841 AM
[ReportManager] Initial URL: [] @28-10-2021 09:59:47.0897 AM
[ReportManager] Browser Action [NavigateToURL] successfully performed. With the following test data [https://the-internet.herokuapp.com/dynamic_loading/1]. @28-10-2021 09:59:48.0391 AM
[ReportManager] Element Action [Click] successfully performed. With the following test data [Start]. @28-10-2021 09:59:48.0683 AM
[ReportManager] Element Action [GetText] successfully performed. With the following test data [
    Hello World!
  ]. @28-10-2021 09:59:48.0718 A
[ReportManager] Browser Action [CloseCurrentWindow] successfully performed. @28-10-2021 09:59:48.0918 AM
[ReportManager] Successfully created attachment [Browser Action Test Data - CloseCurrentWindow - Actual Value] @28-10-2021 09:59:48.0927 A
[ReportManager] File Action [GetAbsolutePath] successfully performed. With the following test data [Relative Folder Path: "target/downloadedFiles/"]. @28-10-2021 09:59:48.0948 AM
[ReportManager] Attempting to run locally on: [Mac-64], [Safari], Headless Execution. @28-10-2021 09:59:48.0948 AM
[ReportManager] Successfully Opened Safari. @28-10-2021 09:59:49.0789 AM
[ReportManager] Initial window size: (800, 600) @28-10-2021 09:59:49.0795 AM
[ReportManager] Window size after SWD Maximize: (1176, 811) @28-10-2021 09:59:49.0821 AM
[ReportManager] Browser Action [MaximizeWindow] successfully performed. With the following test data [New screen size is now: (1176, 811)]. @28-10-2021 09:59:49.0822 A

################################################################################################################################################
Starting Execution:	[143 out of 143] test cases in the current suite
Test Method:		[testPackage01.Test_dynamicLoading.dynamicLoading_elementIsRendered]
################################################################################################################################################
[ReportManager] Target URL: [https://the-internet.herokuapp.com/dynamic_loading/2] @28-10-2021 09:59:49.0853 AM
[ReportManager] Initial URL: [] @28-10-2021 09:59:50.0086 AM
[ReportManager] Browser Action [NavigateToURL] successfully performed. With the following test data [https://the-internet.herokuapp.com/dynamic_loading/2]. @28-10-2021 09:59:50.0713 AM
[ReportManager] Element Action [Click] successfully performed. With the following test data [Start]. @28-10-2021 09:59:51.0028 A
[ReportManager] Browser Action [CloseCurrentWindow] successfully performed. @28-10-2021 09:59:51.0319 AM
[ReportManager] Successfully created attachment [Browser Action Test Data - CloseCurrentWindow - Actual Value] @28-10-2021 09:59:51.0326 A

################################################################################################################################################
Test Closure Activities
################################################################################################################################################
[ReportManager] Successfully created attachment [SHAFT Engine Logs - Execution log] @28-10-2021 09:59:51.0595 AM

################################################################################################################################################
This test run was powered by SHAFT Engine Version: [SHAFT Engine v5.4.20211025-BETA]
SHAFT Engine is licensed under the MIT License: [https://github.com/MohabMohie/SHAFT_ENGINE/blob/master/LICENSE].
################################################################################################################################################