################################################################################################################################################
Detected SHAFT Engine Version: [SHAFT Engine v5.3.20210902]
################################################################################################################################################

################################################################################################################################################
Starting Execution:	[1 out of 143] test cases in the current suite
Test Method:		[unitTests.tests_validations_assertions.assertComparativeRelation_greaterThanOrEquals_false_equals_expectedToFail]
################################################################################################################################################
[ReportManager] Assertion [ValidateComparativeRelation] FAILED. Expected [1] and Actual [1]. Comparison Type [GREATER_THAN_OR_EQUALS]. Validation Type [NEGATIVE]. @22-09-2021 14:15:20.0404 P

################################################################################################################################################
Starting Execution:	[2 out of 143] test cases in the current suite
Test Method:		[unitTests.tests_validations_assertions.assertComparativeRelation_greaterThanOrEquals_false_equals_expectedToPass]
################################################################################################################################################
[ReportManager] Assertion [ValidateComparativeRelation] PASSED. Expected [2] and Actual [1]. Comparison Type [GREATER_THAN_OR_EQUALS]. Validation Type [NEGATIVE]. @22-09-2021 14:15:20.0505 P

################################################################################################################################################
Starting Execution:	[3 out of 143] test cases in the current suite
Test Method:		[unitTests.tests_validations_assertions.assertComparativeRelation_greaterThanOrEquals_false_greaterThan_expectedToFail]
################################################################################################################################################
[ReportManager] Assertion [ValidateComparativeRelation] FAILED. Expected [1] and Actual [2]. Comparison Type [GREATER_THAN_OR_EQUALS]. Validation Type [NEGATIVE]. @22-09-2021 14:15:20.0509 P

################################################################################################################################################
Starting Execution:	[4 out of 143] test cases in the current suite
Test Method:		[unitTests.tests_validations_assertions.assertComparativeRelation_greaterThanOrEquals_false_greaterThan_expectedToPass]
################################################################################################################################################
[ReportManager] Assertion [ValidateComparativeRelation] PASSED. Expected [2] and Actual [1]. Comparison Type [GREATER_THAN_OR_EQUALS]. Validation Type [NEGATIVE]. @22-09-2021 14:15:20.0514 P

################################################################################################################################################
Starting Execution:	[5 out of 143] test cases in the current suite
Test Method:		[unitTests.tests_validations_assertions.assertComparativeRelation_greaterThanOrEquals_true_equals_expectedToFail]
################################################################################################################################################
[ReportManager] Assertion [ValidateComparativeRelation] FAILED. Expected [1] and Actual [0]. Comparison Type [GREATER_THAN_OR_EQUALS]. Validation Type [POSITIVE]. @22-09-2021 14:15:20.0519 P

################################################################################################################################################
Starting Execution:	[6 out of 143] test cases in the current suite
Test Method:		[unitTests.tests_validations_assertions.assertComparativeRelation_greaterThanOrEquals_true_equals_expectedToPass]
################################################################################################################################################
[ReportManager] Assertion [ValidateComparativeRelation] PASSED. Expected [1] and Actual [1]. Comparison Type [GREATER_THAN_OR_EQUALS]. Validation Type [POSITIVE]. @22-09-2021 14:15:20.0524 P

################################################################################################################################################
Starting Execution:	[7 out of 143] test cases in the current suite
Test Method:		[unitTests.tests_validations_assertions.assertComparativeRelation_greaterThanOrEquals_true_greaterThan_expectedToFail]
################################################################################################################################################
[ReportManager] Assertion [ValidateComparativeRelation] FAILED. Expected [2] and Actual [1]. Comparison Type [GREATER_THAN_OR_EQUALS]. Validation Type [POSITIVE]. @22-09-2021 14:15:20.0529 P

################################################################################################################################################
Starting Execution:	[8 out of 143] test cases in the current suite
Test Method:		[unitTests.tests_validations_assertions.assertComparativeRelation_greaterThanOrEquals_true_greaterThan_expectedToPass]
################################################################################################################################################
[ReportManager] Assertion [ValidateComparativeRelation] PASSED. Expected [1] and Actual [2]. Comparison Type [GREATER_THAN_OR_EQUALS]. Validation Type [POSITIVE]. @22-09-2021 14:15:20.0533 P
[ReportManager] File Action [GetAbsolutePath] successfully performed. With the following test data [Relative Folder Path: "target/downloadedFiles/"]. @22-09-2021 14:15:20.0543 PM
[ReportManager] Attempting to run remotely on: [Linux-64], [GoogleChrome], [http://localhost:4444/wd/hub], Headless Execution. @22-09-2021 14:15:20.0576 PM
[ReportManager] Successfully Opened [GoogleChrome]. @22-09-2021 14:15:22.0156 PM
[ReportManager] Target URL: [https://www.google.com/ncr], and after redirection: [www.google.com] @22-09-2021 14:15:22.0223 PM
[ReportManager] Initial URL: [data:,] @22-09-2021 14:15:22.0335 PM
[ReportManager] Browser Action [NavigateToURL] successfully performed. With the following test data [https://www.google.com/ncr]. @22-09-2021 14:15:23.0620 P

################################################################################################################################################
Starting Execution:	[9 out of 143] test cases in the current suite
Test Method:		[unitTests.tests_validations_assertions.assertElementAttribute_false_caseInsensitiveComparison_expectedToFail]
################################################################################################################################################
[ReportManager] Element Action [Type] successfully performed. With the following test data [AUTOMATION]. @22-09-2021 14:15:24.0166 PM
[ReportManager] Element Action [GetText] successfully performed. With the following test data [AUTOMATION]. @22-09-2021 14:15:24.0300 PM
[ReportManager] Loaded Shared OpenCV @22-09-2021 14:15:24.0975 PM
[ReportManager] Assertion [ValidateElementAttribute] FAILED. Expected [Value Should not be 'AutomaTion' for the 'text' attribute, element locator 'By.name: q'] and Actual [AUTOMATION]. Comparison Type [CASE_INSENSITIVE]. Validation Type [NEGATIVE]. @22-09-2021 14:15:25.0247 PM
[ReportManager] Successfully created attachment [Screenshot - 1632320124535_assertElementAttribute_false_caseInsensitiveComparison_expectedToFail_ValidateElementAttribute_failed] @22-09-2021 14:15:25.0263 P
[ReportManager] Browser Action [CloseCurrentWindow] successfully performed. @22-09-2021 14:15:25.0417 PM
[ReportManager] Successfully created attachment [Browser Action Test Data - CloseCurrentWindow - Actual Value] @22-09-2021 14:15:25.0426 P
[ReportManager] File Action [GetAbsolutePath] successfully performed. With the following test data [Relative Folder Path: "target/downloadedFiles/"]. @22-09-2021 14:15:25.0439 PM
[ReportManager] Attempting to run remotely on: [Linux-64], [GoogleChrome], [http://localhost:4444/wd/hub], Headless Execution. @22-09-2021 14:15:25.0439 PM
[ReportManager] Successfully Opened [GoogleChrome]. @22-09-2021 14:15:25.0705 PM
[ReportManager] Target URL: [https://www.google.com/ncr], and after redirection: [www.google.com] @22-09-2021 14:15:25.0736 PM
[ReportManager] Initial URL: [data:,] @22-09-2021 14:15:25.0809 PM
[ReportManager] Browser Action [NavigateToURL] successfully performed. With the following test data [https://www.google.com/ncr]. @22-09-2021 14:15:26.0874 P

################################################################################################################################################
Starting Execution:	[10 out of 143] test cases in the current suite
Test Method:		[unitTests.tests_validations_assertions.assertElementAttribute_false_caseInsensitiveComparison_expectedToPass]
################################################################################################################################################
[ReportManager] Element Action [Type] successfully performed. With the following test data [AUTOMATION]. @22-09-2021 14:15:27.0289 PM
[ReportManager] Element Action [GetText] successfully performed. With the following test data [AUTOMATION]. @22-09-2021 14:15:27.0437 PM
[ReportManager] Loaded Shared OpenCV @22-09-2021 14:15:27.0625 PM
[ReportManager] Assertion [ValidateElementAttribute] PASSED. Expected [Value Should not be 'AutomaTion123' for the 'text' attribute, element locator 'By.name: q'] and Actual [AUTOMATION]. Comparison Type [CASE_INSENSITIVE]. Validation Type [NEGATIVE]. @22-09-2021 14:15:27.0743 PM
[ReportManager] Successfully created attachment [Screenshot - 1632320127625_assertElementAttribute_false_caseInsensitiveComparison_expectedToPass_ValidateElementAttribute_passed] @22-09-2021 14:15:27.0746 P
[ReportManager] Browser Action [CloseCurrentWindow] successfully performed. @22-09-2021 14:15:27.0882 PM
[ReportManager] Successfully created attachment [Browser Action Test Data - CloseCurrentWindow - Actual Value] @22-09-2021 14:15:27.0883 P
[ReportManager] File Action [GetAbsolutePath] successfully performed. With the following test data [Relative Folder Path: "target/downloadedFiles/"]. @22-09-2021 14:15:27.0893 PM
[ReportManager] Attempting to run remotely on: [Linux-64], [GoogleChrome], [http://localhost:4444/wd/hub], Headless Execution. @22-09-2021 14:15:27.0893 PM
[ReportManager] Successfully Opened [GoogleChrome]. @22-09-2021 14:15:28.0150 PM
[ReportManager] Target URL: [https://www.google.com/ncr], and after redirection: [www.google.com] @22-09-2021 14:15:28.0165 PM
[ReportManager] Initial URL: [data:,] @22-09-2021 14:15:28.0216 PM
[ReportManager] Browser Action [NavigateToURL] successfully performed. With the following test data [https://www.google.com/ncr]. @22-09-2021 14:15:29.0133 P

################################################################################################################################################
Starting Execution:	[11 out of 143] test cases in the current suite
Test Method:		[unitTests.tests_validations_assertions.assertElementAttribute_false_containsComparison_expectedToFail]
################################################################################################################################################
[ReportManager] Element Action [Type] successfully performed. With the following test data [Automation123]. @22-09-2021 14:15:29.0542 PM
[ReportManager] Element Action [GetText] successfully performed. With the following test data [Automation123]. @22-09-2021 14:15:29.0665 PM
[ReportManager] Loaded Shared OpenCV @22-09-2021 14:15:29.0874 PM
[ReportManager] Assertion [ValidateElementAttribute] FAILED. Expected [Value Should not be 'Automation' for the 'text' attribute, element locator 'By.name: q'] and Actual [Automation123]. Comparison Type [CONTAINS]. Validation Type [NEGATIVE]. @22-09-2021 14:15:29.0947 PM
[ReportManager] Successfully created attachment [Screenshot - 1632320129873_assertElementAttribute_false_containsComparison_expectedToFail_ValidateElementAttribute_failed] @22-09-2021 14:15:29.0949 P
[ReportManager] Browser Action [CloseCurrentWindow] successfully performed. @22-09-2021 14:15:30.0101 PM
[ReportManager] Successfully created attachment [Browser Action Test Data - CloseCurrentWindow - Actual Value] @22-09-2021 14:15:30.0102 P
[ReportManager] File Action [GetAbsolutePath] successfully performed. With the following test data [Relative Folder Path: "target/downloadedFiles/"]. @22-09-2021 14:15:30.0108 PM
[ReportManager] Attempting to run remotely on: [Linux-64], [GoogleChrome], [http://localhost:4444/wd/hub], Headless Execution. @22-09-2021 14:15:30.0109 PM
[ReportManager] Successfully Opened [GoogleChrome]. @22-09-2021 14:15:30.0322 PM
[ReportManager] Target URL: [https://www.google.com/ncr], and after redirection: [www.google.com] @22-09-2021 14:15:30.0350 PM
[ReportManager] Initial URL: [data:,] @22-09-2021 14:15:30.0408 PM
[ReportManager] Browser Action [NavigateToURL] successfully performed. With the following test data [https://www.google.com/ncr]. @22-09-2021 14:15:31.0247 P

################################################################################################################################################
Starting Execution:	[12 out of 143] test cases in the current suite
Test Method:		[unitTests.tests_validations_assertions.assertElementAttribute_false_containsComparison_expectedToPass]
################################################################################################################################################
[ReportManager] Element Action [Type] successfully performed. With the following test data [Automation123]. @22-09-2021 14:15:31.0631 PM
[ReportManager] Element Action [GetText] successfully performed. With the following test data [Automation123]. @22-09-2021 14:15:31.0757 PM
[ReportManager] Loaded Shared OpenCV @22-09-2021 14:15:31.0911 PM
[ReportManager] Assertion [ValidateElementAttribute] PASSED. Expected [Value Should not be 'Automation1234' for the 'text' attribute, element locator 'By.name: q'] and Actual [Automation123]. Comparison Type [CONTAINS]. Validation Type [NEGATIVE]. @22-09-2021 14:15:31.0980 PM
[ReportManager] Successfully created attachment [Screenshot - 1632320131911_assertElementAttribute_false_containsComparison_expectedToPass_ValidateElementAttribute_passed] @22-09-2021 14:15:31.0983 P
[ReportManager] Browser Action [CloseCurrentWindow] successfully performed. @22-09-2021 14:15:32.0108 PM
[ReportManager] Successfully created attachment [Browser Action Test Data - CloseCurrentWindow - Actual Value] @22-09-2021 14:15:32.0109 P
[ReportManager] File Action [GetAbsolutePath] successfully performed. With the following test data [Relative Folder Path: "target/downloadedFiles/"]. @22-09-2021 14:15:32.0113 PM
[ReportManager] Attempting to run remotely on: [Linux-64], [GoogleChrome], [http://localhost:4444/wd/hub], Headless Execution. @22-09-2021 14:15:32.0113 PM
[ReportManager] Successfully Opened [GoogleChrome]. @22-09-2021 14:15:32.0335 PM
[ReportManager] Target URL: [https://www.google.com/ncr], and after redirection: [www.google.com] @22-09-2021 14:15:32.0348 PM
[ReportManager] Initial URL: [data:,] @22-09-2021 14:15:32.0403 PM
[ReportManager] Browser Action [NavigateToURL] successfully performed. With the following test data [https://www.google.com/ncr]. @22-09-2021 14:15:33.0260 P

################################################################################################################################################
Starting Execution:	[13 out of 143] test cases in the current suite
Test Method:		[unitTests.tests_validations_assertions.assertElementAttribute_false_literalComparison_expectedToFail]
################################################################################################################################################
[ReportManager] Element Action [Type] successfully performed. With the following test data [Automation!@#$%^&*()_+{}[]\';/.,]. @22-09-2021 14:15:33.0792 PM
[ReportManager] Element Action [GetText] successfully performed. With the following test data [Automation!@#$%^&*()_+{}[]\';/.,]. @22-09-2021 14:15:33.0910 PM
[ReportManager] Loaded Shared OpenCV @22-09-2021 14:15:34.0092 PM
[ReportManager] Assertion [ValidateElementAttribute] PASSED. Expected [Value Should not be 'Automation!@#$%^&*()_+{}[]\\';/.,' for the 'text' attribute, element locator 'By.name: q'] and Actual [Automation!@#$%^&*()_+{}[]\';/.,]. Comparison Type [EQUALS]. Validation Type [NEGATIVE]. @22-09-2021 14:15:34.0164 PM
[ReportManager] Successfully created attachment [Screenshot - 1632320134092_assertElementAttribute_false_literalComparison_expectedToFail_ValidateElementAttribute_passed] @22-09-2021 14:15:34.0165 P
[ReportManager] Browser Action [CloseCurrentWindow] successfully performed. @22-09-2021 14:15:34.0314 PM
[ReportManager] Successfully created attachment [Browser Action Test Data - CloseCurrentWindow - Actual Value] @22-09-2021 14:15:34.0316 P
[ReportManager] File Action [GetAbsolutePath] successfully performed. With the following test data [Relative Folder Path: "target/downloadedFiles/"]. @22-09-2021 14:15:34.0321 PM
[ReportManager] Attempting to run remotely on: [Linux-64], [GoogleChrome], [http://localhost:4444/wd/hub], Headless Execution. @22-09-2021 14:15:34.0321 PM
[ReportManager] Successfully Opened [GoogleChrome]. @22-09-2021 14:15:34.0564 PM
[ReportManager] Target URL: [https://www.google.com/ncr], and after redirection: [www.google.com] @22-09-2021 14:15:34.0580 PM
[ReportManager] Initial URL: [data:,] @22-09-2021 14:15:34.0626 PM
[ReportManager] Browser Action [NavigateToURL] successfully performed. With the following test data [https://www.google.com/ncr]. @22-09-2021 14:15:35.0512 P

################################################################################################################################################
Starting Execution:	[14 out of 143] test cases in the current suite
Test Method:		[unitTests.tests_validations_assertions.assertElementAttribute_false_literalComparison_expectedToPass]
################################################################################################################################################
[ReportManager] Element Action [Type] successfully performed. With the following test data [Automation!@#$%^&*()_+{}[]\';/.,]. @22-09-2021 14:15:35.0996 PM
[ReportManager] Element Action [GetText] successfully performed. With the following test data [Automation!@#$%^&*()_+{}[]\';/.,]. @22-09-2021 14:15:36.0092 PM
[ReportManager] Loaded Shared OpenCV @22-09-2021 14:15:36.0276 PM
[ReportManager] Assertion [ValidateElementAttribute] PASSED. Expected [Value Should not be 'Automation' for the 'text' attribute, element locator 'By.name: q'] and Actual [Automation!@#$%^&*()_+{}[]\';/.,]. Comparison Type [EQUALS]. Validation Type [NEGATIVE]. @22-09-2021 14:15:36.0349 PM
[ReportManager] Successfully created attachment [Screenshot - 1632320136275_assertElementAttribute_false_literalComparison_expectedToPass_ValidateElementAttribute_passed] @22-09-2021 14:15:36.0350 P
[ReportManager] Browser Action [CloseCurrentWindow] successfully performed. @22-09-2021 14:15:36.0473 PM
[ReportManager] Successfully created attachment [Browser Action Test Data - CloseCurrentWindow - Actual Value] @22-09-2021 14:15:36.0474 P
[ReportManager] File Action [GetAbsolutePath] successfully performed. With the following test data [Relative Folder Path: "target/downloadedFiles/"]. @22-09-2021 14:15:36.0485 PM
[ReportManager] Attempting to run remotely on: [Linux-64], [GoogleChrome], [http://localhost:4444/wd/hub], Headless Execution. @22-09-2021 14:15:36.0485 PM
[ReportManager] Successfully Opened [GoogleChrome]. @22-09-2021 14:15:36.0689 PM
[ReportManager] Target URL: [https://www.google.com/ncr], and after redirection: [www.google.com] @22-09-2021 14:15:36.0700 PM
[ReportManager] Initial URL: [data:,] @22-09-2021 14:15:36.0751 PM
[ReportManager] Browser Action [NavigateToURL] successfully performed. With the following test data [https://www.google.com/ncr]. @22-09-2021 14:15:37.0621 P

################################################################################################################################################
Starting Execution:	[15 out of 143] test cases in the current suite
Test Method:		[unitTests.tests_validations_assertions.assertElementAttribute_false_regexComparison_expectedToFail]
################################################################################################################################################
[ReportManager] Element Action [Type] successfully performed. With the following test data [Automation123]. @22-09-2021 14:15:37.0987 PM
[ReportManager] Element Action [GetText] successfully performed. With the following test data [Automation123]. @22-09-2021 14:15:38.0093 PM
[ReportManager] Loaded Shared OpenCV @22-09-2021 14:15:38.0272 PM
[ReportManager] Assertion [ValidateElementAttribute] FAILED. Expected [Value Should not be 'Automation.*' for the 'text' attribute, element locator 'By.name: q'] and Actual [Automation123]. Comparison Type [MATCHES]. Validation Type [NEGATIVE]. @22-09-2021 14:15:38.0349 PM
[ReportManager] Successfully created attachment [Screenshot - 1632320138272_assertElementAttribute_false_regexComparison_expectedToFail_ValidateElementAttribute_failed] @22-09-2021 14:15:38.0350 P
[ReportManager] Browser Action [CloseCurrentWindow] successfully performed. @22-09-2021 14:15:38.0486 PM
[ReportManager] Successfully created attachment [Browser Action Test Data - CloseCurrentWindow - Actual Value] @22-09-2021 14:15:38.0487 P
[ReportManager] File Action [GetAbsolutePath] successfully performed. With the following test data [Relative Folder Path: "target/downloadedFiles/"]. @22-09-2021 14:15:38.0491 PM
[ReportManager] Attempting to run remotely on: [Linux-64], [GoogleChrome], [http://localhost:4444/wd/hub], Headless Execution. @22-09-2021 14:15:38.0491 PM
[ReportManager] Successfully Opened [GoogleChrome]. @22-09-2021 14:15:38.0690 PM
[ReportManager] Target URL: [https://www.google.com/ncr], and after redirection: [www.google.com] @22-09-2021 14:15:38.0705 PM
[ReportManager] Initial URL: [data:,] @22-09-2021 14:15:38.0745 PM
[ReportManager] Browser Action [NavigateToURL] successfully performed. With the following test data [https://www.google.com/ncr]. @22-09-2021 14:15:39.0642 P

################################################################################################################################################
Starting Execution:	[16 out of 143] test cases in the current suite
Test Method:		[unitTests.tests_validations_assertions.assertElementAttribute_false_regexComparison_expectedToPass]
################################################################################################################################################
[ReportManager] Element Action [Type] successfully performed. With the following test data [Automation123]. @22-09-2021 14:15:39.0992 PM
[ReportManager] Element Action [GetText] successfully performed. With the following test data [Automation123]. @22-09-2021 14:15:40.0104 PM
[ReportManager] Loaded Shared OpenCV @22-09-2021 14:15:40.0253 PM
[ReportManager] Assertion [ValidateElementAttribute] PASSED. Expected [Value Should not be 'Automation' for the 'text' attribute, element locator 'By.name: q'] and Actual [Automation123]. Comparison Type [MATCHES]. Validation Type [NEGATIVE]. @22-09-2021 14:15:40.0320 PM
[ReportManager] Successfully created attachment [Screenshot - 1632320140253_assertElementAttribute_false_regexComparison_expectedToPass_ValidateElementAttribute_passed] @22-09-2021 14:15:40.0321 P
[ReportManager] Browser Action [CloseCurrentWindow] successfully performed. @22-09-2021 14:15:40.0451 PM
[ReportManager] Successfully created attachment [Browser Action Test Data - CloseCurrentWindow - Actual Value] @22-09-2021 14:15:40.0452 P
[ReportManager] File Action [GetAbsolutePath] successfully performed. With the following test data [Relative Folder Path: "target/downloadedFiles/"]. @22-09-2021 14:15:40.0460 PM
[ReportManager] Attempting to run remotely on: [Linux-64], [GoogleChrome], [http://localhost:4444/wd/hub], Headless Execution. @22-09-2021 14:15:40.0461 PM
[ReportManager] Successfully Opened [GoogleChrome]. @22-09-2021 14:15:40.0727 PM
[ReportManager] Target URL: [https://www.google.com/ncr], and after redirection: [www.google.com] @22-09-2021 14:15:40.0739 PM
[ReportManager] Initial URL: [data:,] @22-09-2021 14:15:40.0793 PM
[ReportManager] Browser Action [NavigateToURL] successfully performed. With the following test data [https://www.google.com/ncr]. @22-09-2021 14:15:41.0638 P

################################################################################################################################################
Starting Execution:	[17 out of 143] test cases in the current suite
Test Method:		[unitTests.tests_validations_assertions.assertElementAttribute_true_caseInsensitiveComparison_expectedToFail]
################################################################################################################################################
[ReportManager] Element Action [Type] successfully performed. With the following test data [AUTOMATION]. @22-09-2021 14:15:42.0003 PM
[ReportManager] Element Action [GetText] successfully performed. With the following test data [AUTOMATION]. @22-09-2021 14:15:42.0104 PM
[ReportManager] Loaded Shared OpenCV @22-09-2021 14:15:42.0270 PM
[ReportManager] Assertion [ValidateElementAttribute] FAILED. Expected [Value Should be 'AutomaTion123' for the 'text' attribute, element locator 'By.name: q'] and Actual [AUTOMATION]. Comparison Type [CASE_INSENSITIVE]. Validation Type [POSITIVE]. @22-09-2021 14:15:42.0339 PM
[ReportManager] Successfully created attachment [Screenshot - 1632320142270_assertElementAttribute_true_caseInsensitiveComparison_expectedToFail_ValidateElementAttribute_failed] @22-09-2021 14:15:42.0340 P
[ReportManager] Browser Action [CloseCurrentWindow] successfully performed. @22-09-2021 14:15:42.0475 PM
[ReportManager] Successfully created attachment [Browser Action Test Data - CloseCurrentWindow - Actual Value] @22-09-2021 14:15:42.0476 P
[ReportManager] File Action [GetAbsolutePath] successfully performed. With the following test data [Relative Folder Path: "target/downloadedFiles/"]. @22-09-2021 14:15:42.0481 PM
[ReportManager] Attempting to run remotely on: [Linux-64], [GoogleChrome], [http://localhost:4444/wd/hub], Headless Execution. @22-09-2021 14:15:42.0481 PM
[ReportManager] Successfully Opened [GoogleChrome]. @22-09-2021 14:15:42.0673 PM
[ReportManager] Target URL: [https://www.google.com/ncr], and after redirection: [www.google.com] @22-09-2021 14:15:42.0685 PM
[ReportManager] Initial URL: [data:,] @22-09-2021 14:15:42.0727 PM
[ReportManager] Browser Action [NavigateToURL] successfully performed. With the following test data [https://www.google.com/ncr]. @22-09-2021 14:15:43.0608 P

################################################################################################################################################
Starting Execution:	[18 out of 143] test cases in the current suite
Test Method:		[unitTests.tests_validations_assertions.assertElementAttribute_true_caseInsensitiveComparison_expectedToPass]
################################################################################################################################################
[ReportManager] Element Action [Type] successfully performed. With the following test data [AUTOMATION]. @22-09-2021 14:15:43.0990 PM
[ReportManager] Element Action [GetText] successfully performed. With the following test data [AUTOMATION]. @22-09-2021 14:15:44.0090 PM
[ReportManager] Loaded Shared OpenCV @22-09-2021 14:15:44.0244 PM
[ReportManager] Assertion [ValidateElementAttribute] PASSED. Expected [Value Should be 'AutomaTion' for the 'text' attribute, element locator 'By.name: q'] and Actual [AUTOMATION]. Comparison Type [CASE_INSENSITIVE]. Validation Type [POSITIVE]. @22-09-2021 14:15:44.0316 PM
[ReportManager] Successfully created attachment [Screenshot - 1632320144244_assertElementAttribute_true_caseInsensitiveComparison_expectedToPass_ValidateElementAttribute_passed] @22-09-2021 14:15:44.0317 P
[ReportManager] Browser Action [CloseCurrentWindow] successfully performed. @22-09-2021 14:15:44.0444 PM
[ReportManager] Successfully created attachment [Browser Action Test Data - CloseCurrentWindow - Actual Value] @22-09-2021 14:15:44.0445 P
[ReportManager] File Action [GetAbsolutePath] successfully performed. With the following test data [Relative Folder Path: "target/downloadedFiles/"]. @22-09-2021 14:15:44.0453 PM
[ReportManager] Attempting to run remotely on: [Linux-64], [GoogleChrome], [http://localhost:4444/wd/hub], Headless Execution. @22-09-2021 14:15:44.0453 PM
[ReportManager] Successfully Opened [GoogleChrome]. @22-09-2021 14:15:44.0687 PM
[ReportManager] Target URL: [https://www.google.com/ncr], and after redirection: [www.google.com] @22-09-2021 14:15:44.0698 PM
[ReportManager] Initial URL: [data:,] @22-09-2021 14:15:44.0741 PM
[ReportManager] Browser Action [NavigateToURL] successfully performed. With the following test data [https://www.google.com/ncr]. @22-09-2021 14:15:45.0550 P

################################################################################################################################################
Starting Execution:	[19 out of 143] test cases in the current suite
Test Method:		[unitTests.tests_validations_assertions.assertElementAttribute_true_containsComparison_expectedToFail]
################################################################################################################################################
[ReportManager] Element Action [Type] successfully performed. With the following test data [Automation123]. @22-09-2021 14:15:45.0887 PM
[ReportManager] Element Action [GetText] successfully performed. With the following test data [Automation123]. @22-09-2021 14:15:45.0996 PM
[ReportManager] Loaded Shared OpenCV @22-09-2021 14:15:46.0184 PM
[ReportManager] Assertion [ValidateElementAttribute] FAILED. Expected [Value Should be 'Automation1234' for the 'text' attribute, element locator 'By.name: q'] and Actual [Automation123]. Comparison Type [CONTAINS]. Validation Type [POSITIVE]. @22-09-2021 14:15:46.0250 PM
[ReportManager] Successfully created attachment [Screenshot - 1632320146184_assertElementAttribute_true_containsComparison_expectedToFail_ValidateElementAttribute_failed] @22-09-2021 14:15:46.0251 P
[ReportManager] Browser Action [CloseCurrentWindow] successfully performed. @22-09-2021 14:15:46.0383 PM
[ReportManager] Successfully created attachment [Browser Action Test Data - CloseCurrentWindow - Actual Value] @22-09-2021 14:15:46.0384 P
[ReportManager] File Action [GetAbsolutePath] successfully performed. With the following test data [Relative Folder Path: "target/downloadedFiles/"]. @22-09-2021 14:15:46.0386 PM
[ReportManager] Attempting to run remotely on: [Linux-64], [GoogleChrome], [http://localhost:4444/wd/hub], Headless Execution. @22-09-2021 14:15:46.0386 PM
[ReportManager] Successfully Opened [GoogleChrome]. @22-09-2021 14:15:46.0648 PM
[ReportManager] Target URL: [https://www.google.com/ncr], and after redirection: [www.google.com] @22-09-2021 14:15:46.0658 PM
[ReportManager] Initial URL: [data:,] @22-09-2021 14:15:46.0705 PM
[ReportManager] Browser Action [NavigateToURL] successfully performed. With the following test data [https://www.google.com/ncr]. @22-09-2021 14:15:47.0514 P

################################################################################################################################################
Starting Execution:	[20 out of 143] test cases in the current suite
Test Method:		[unitTests.tests_validations_assertions.assertElementAttribute_true_containsComparison_expectedToPass]
################################################################################################################################################
[ReportManager] Element Action [Type] successfully performed. With the following test data [Automation123]. @22-09-2021 14:15:47.0894 PM
[ReportManager] Element Action [GetText] successfully performed. With the following test data [Automation123]. @22-09-2021 14:15:48.0003 PM
[ReportManager] Loaded Shared OpenCV @22-09-2021 14:15:48.0166 PM
[ReportManager] Assertion [ValidateElementAttribute] PASSED. Expected [Value Should be 'Automation' for the 'text' attribute, element locator 'By.name: q'] and Actual [Automation123]. Comparison Type [CONTAINS]. Validation Type [POSITIVE]. @22-09-2021 14:15:48.0231 PM
[ReportManager] Successfully created attachment [Screenshot - 1632320148165_assertElementAttribute_true_containsComparison_expectedToPass_ValidateElementAttribute_passed] @22-09-2021 14:15:48.0232 P
[ReportManager] Browser Action [CloseCurrentWindow] successfully performed. @22-09-2021 14:15:48.0362 PM
[ReportManager] Successfully created attachment [Browser Action Test Data - CloseCurrentWindow - Actual Value] @22-09-2021 14:15:48.0363 P
[ReportManager] File Action [GetAbsolutePath] successfully performed. With the following test data [Relative Folder Path: "target/downloadedFiles/"]. @22-09-2021 14:15:48.0374 PM
[ReportManager] Attempting to run remotely on: [Linux-64], [GoogleChrome], [http://localhost:4444/wd/hub], Headless Execution. @22-09-2021 14:15:48.0374 PM
[ReportManager] Successfully Opened [GoogleChrome]. @22-09-2021 14:15:48.0628 PM
[ReportManager] Target URL: [https://www.google.com/ncr], and after redirection: [www.google.com] @22-09-2021 14:15:48.0644 PM
[ReportManager] Initial URL: [data:,] @22-09-2021 14:15:48.0683 PM
[ReportManager] Browser Action [NavigateToURL] successfully performed. With the following test data [https://www.google.com/ncr]. @22-09-2021 14:15:49.0534 P

################################################################################################################################################
Starting Execution:	[21 out of 143] test cases in the current suite
Test Method:		[unitTests.tests_validations_assertions.assertElementAttribute_true_literalComparison_expectedToFail]
################################################################################################################################################
[ReportManager] Element Action [Type] successfully performed. With the following test data [Automation!@#$%^&*()_+{}[]\';/.,]. @22-09-2021 14:15:50.0020 PM
[ReportManager] Element Action [GetText] successfully performed. With the following test data [Automation!@#$%^&*()_+{}[]\';/.,]. @22-09-2021 14:15:50.0119 PM
[ReportManager] Loaded Shared OpenCV @22-09-2021 14:15:50.0314 PM
[ReportManager] Assertion [ValidateElementAttribute] FAILED. Expected [Value Should be 'Automation' for the 'text' attribute, element locator 'By.name: q'] and Actual [Automation!@#$%^&*()_+{}[]\';/.,]. Comparison Type [EQUALS]. Validation Type [POSITIVE]. @22-09-2021 14:15:50.0389 PM
[ReportManager] Successfully created attachment [Screenshot - 1632320150314_assertElementAttribute_true_literalComparison_expectedToFail_ValidateElementAttribute_failed] @22-09-2021 14:15:50.0390 P
[ReportManager] Browser Action [CloseCurrentWindow] successfully performed. @22-09-2021 14:15:50.0516 PM
[ReportManager] Successfully created attachment [Browser Action Test Data - CloseCurrentWindow - Actual Value] @22-09-2021 14:15:50.0517 P
[ReportManager] File Action [GetAbsolutePath] successfully performed. With the following test data [Relative Folder Path: "target/downloadedFiles/"]. @22-09-2021 14:15:50.0520 PM
[ReportManager] Attempting to run remotely on: [Linux-64], [GoogleChrome], [http://localhost:4444/wd/hub], Headless Execution. @22-09-2021 14:15:50.0520 PM
[ReportManager] Successfully Opened [GoogleChrome]. @22-09-2021 14:15:50.0748 PM
[ReportManager] Target URL: [https://www.google.com/ncr], and after redirection: [www.google.com] @22-09-2021 14:15:50.0772 PM
[ReportManager] Initial URL: [data:,] @22-09-2021 14:15:50.0817 PM
[ReportManager] Browser Action [NavigateToURL] successfully performed. With the following test data [https://www.google.com/ncr]. @22-09-2021 14:15:51.0697 P

################################################################################################################################################
Starting Execution:	[22 out of 143] test cases in the current suite
Test Method:		[unitTests.tests_validations_assertions.assertElementAttribute_true_literalComparison_expectedToPass]
################################################################################################################################################
[ReportManager] Element Action [Type] successfully performed. With the following test data [Automation!@#$%^&*()_+{}[]\';/.,]. @22-09-2021 14:15:52.0196 PM
[ReportManager] Element Action [GetText] successfully performed. With the following test data [Automation!@#$%^&*()_+{}[]\';/.,]. @22-09-2021 14:15:52.0308 PM
[ReportManager] Loaded Shared OpenCV @22-09-2021 14:15:52.0487 PM
[ReportManager] Assertion [ValidateElementAttribute] PASSED. Expected [Value Should be 'Automation!@#$%^&*()_+{}[]\';/.,' for the 'text' attribute, element locator 'By.name: q'] and Actual [Automation!@#$%^&*()_+{}[]\';/.,]. Comparison Type [EQUALS]. Validation Type [POSITIVE]. @22-09-2021 14:15:52.0561 PM
[ReportManager] Successfully created attachment [Screenshot - 1632320152487_assertElementAttribute_true_literalComparison_expectedToPass_ValidateElementAttribute_passed] @22-09-2021 14:15:52.0562 P
[ReportManager] Browser Action [CloseCurrentWindow] successfully performed. @22-09-2021 14:15:52.0688 PM
[ReportManager] Successfully created attachment [Browser Action Test Data - CloseCurrentWindow - Actual Value] @22-09-2021 14:15:52.0689 P
[ReportManager] File Action [GetAbsolutePath] successfully performed. With the following test data [Relative Folder Path: "target/downloadedFiles/"]. @22-09-2021 14:15:52.0692 PM
[ReportManager] Attempting to run remotely on: [Linux-64], [GoogleChrome], [http://localhost:4444/wd/hub], Headless Execution. @22-09-2021 14:15:52.0692 PM
[ReportManager] Successfully Opened [GoogleChrome]. @22-09-2021 14:15:52.0891 PM
[ReportManager] Target URL: [https://www.google.com/ncr], and after redirection: [www.google.com] @22-09-2021 14:15:52.0902 PM
[ReportManager] Initial URL: [data:,] @22-09-2021 14:15:52.0943 PM
[ReportManager] Browser Action [NavigateToURL] successfully performed. With the following test data [https://www.google.com/ncr]. @22-09-2021 14:15:53.0769 P

################################################################################################################################################
Starting Execution:	[23 out of 143] test cases in the current suite
Test Method:		[unitTests.tests_validations_assertions.assertElementAttribute_true_regexComparison_expectedToFail]
################################################################################################################################################
[ReportManager] Element Action [Type] successfully performed. With the following test data [Automation123]. @22-09-2021 14:15:54.0136 PM
[ReportManager] Element Action [GetText] successfully performed. With the following test data [Automation123]. @22-09-2021 14:15:54.0238 PM
[ReportManager] Loaded Shared OpenCV @22-09-2021 14:15:54.0428 PM
[ReportManager] Assertion [ValidateElementAttribute] FAILED. Expected [Value Should be 'Automation' for the 'text' attribute, element locator 'By.name: q'] and Actual [Automation123]. Comparison Type [MATCHES]. Validation Type [POSITIVE]. @22-09-2021 14:15:54.0495 PM
[ReportManager] Successfully created attachment [Screenshot - 1632320154428_assertElementAttribute_true_regexComparison_expectedToFail_ValidateElementAttribute_failed] @22-09-2021 14:15:54.0497 P
[ReportManager] Browser Action [CloseCurrentWindow] successfully performed. @22-09-2021 14:15:54.0620 PM
[ReportManager] Successfully created attachment [Browser Action Test Data - CloseCurrentWindow - Actual Value] @22-09-2021 14:15:54.0621 P
[ReportManager] File Action [GetAbsolutePath] successfully performed. With the following test data [Relative Folder Path: "target/downloadedFiles/"]. @22-09-2021 14:15:54.0624 PM
[ReportManager] Attempting to run remotely on: [Linux-64], [GoogleChrome], [http://localhost:4444/wd/hub], Headless Execution. @22-09-2021 14:15:54.0625 PM
[ReportManager] Successfully Opened [GoogleChrome]. @22-09-2021 14:15:54.0824 PM
[ReportManager] Target URL: [https://www.google.com/ncr], and after redirection: [www.google.com] @22-09-2021 14:15:54.0835 PM
[ReportManager] Initial URL: [data:,] @22-09-2021 14:15:54.0888 PM
[ReportManager] Browser Action [NavigateToURL] successfully performed. With the following test data [https://www.google.com/ncr]. @22-09-2021 14:15:55.0881 P

################################################################################################################################################
Starting Execution:	[24 out of 143] test cases in the current suite
Test Method:		[unitTests.tests_validations_assertions.assertElementAttribute_true_regexComparison_expectedToPass]
################################################################################################################################################
[ReportManager] Element Action [Type] successfully performed. With the following test data [Automation123]. @22-09-2021 14:15:56.0245 PM
[ReportManager] Element Action [GetText] successfully performed. With the following test data [Automation123]. @22-09-2021 14:15:56.0349 PM
[ReportManager] Loaded Shared OpenCV @22-09-2021 14:15:56.0500 PM
[ReportManager] Assertion [ValidateElementAttribute] PASSED. Expected [Value Should be 'Automation.*' for the 'text' attribute, element locator 'By.name: q'] and Actual [Automation123]. Comparison Type [MATCHES]. Validation Type [POSITIVE]. @22-09-2021 14:15:56.0569 PM
[ReportManager] Successfully created attachment [Screenshot - 1632320156500_assertElementAttribute_true_regexComparison_expectedToPass_ValidateElementAttribute_passed] @22-09-2021 14:15:56.0570 P
[ReportManager] Browser Action [CloseCurrentWindow] successfully performed. @22-09-2021 14:15:56.0705 PM
[ReportManager] Successfully created attachment [Browser Action Test Data - CloseCurrentWindow - Actual Value] @22-09-2021 14:15:56.0706 P
[ReportManager] File Action [GetAbsolutePath] successfully performed. With the following test data [Relative Folder Path: "target/downloadedFiles/"]. @22-09-2021 14:15:56.0711 PM
[ReportManager] Attempting to run remotely on: [Linux-64], [GoogleChrome], [http://localhost:4444/wd/hub], Headless Execution. @22-09-2021 14:15:56.0711 PM
[ReportManager] Successfully Opened [GoogleChrome]. @22-09-2021 14:15:56.0901 PM
[ReportManager] Target URL: [https://www.google.com/ncr], and after redirection: [www.google.com] @22-09-2021 14:15:56.0913 PM
[ReportManager] Initial URL: [data:,] @22-09-2021 14:15:56.0965 PM
[ReportManager] Browser Action [NavigateToURL] successfully performed. With the following test data [https://www.google.com/ncr]. @22-09-2021 14:15:57.0783 P

################################################################################################################################################
Starting Execution:	[25 out of 143] test cases in the current suite
Test Method:		[unitTests.tests_validations_assertions.assertElementAttribute_type_true_literalComparison_expectedToPass]
################################################################################################################################################
[ReportManager] Element Action [Type] successfully performed. With the following test data [Automation!@#$%^&*()_+{}[]\';/.,]. @22-09-2021 14:15:58.0300 PM
[ReportManager] Element Action [GetText] successfully performed. With the following test data [Automation!@#$%^&*()_+{}[]\';/.,]. @22-09-2021 14:15:58.0406 PM
[ReportManager] Loaded Shared OpenCV @22-09-2021 14:15:58.0573 PM
[ReportManager] Assertion [ValidateElementAttribute] PASSED. Expected [Value Should be 'Automation!@#$%^&*()_+{}[]\';/.,' for the 'text' attribute, element locator 'By.name: q'] and Actual [Automation!@#$%^&*()_+{}[]\';/.,]. Comparison Type [EQUALS]. Validation Type [POSITIVE]. @22-09-2021 14:15:58.0651 PM
[ReportManager] Successfully created attachment [Screenshot - 1632320158573_assertElementAttribute_type_true_literalComparison_expectedToPass_ValidateElementAttribute_passed] @22-09-2021 14:15:58.0652 P
[ReportManager] Browser Action [CloseCurrentWindow] successfully performed. @22-09-2021 14:15:58.0780 PM
[ReportManager] Successfully created attachment [Browser Action Test Data - CloseCurrentWindow - Actual Value] @22-09-2021 14:15:58.0781 P
[ReportManager] File Action [GetAbsolutePath] successfully performed. With the following test data [Relative Folder Path: "target/downloadedFiles/"]. @22-09-2021 14:15:58.0788 PM
[ReportManager] Attempting to run remotely on: [Linux-64], [GoogleChrome], [http://localhost:4444/wd/hub], Headless Execution. @22-09-2021 14:15:58.0792 PM
[ReportManager] Successfully Opened [GoogleChrome]. @22-09-2021 14:15:59.0019 PM
[ReportManager] Target URL: [https://www.google.com/ncr], and after redirection: [www.google.com] @22-09-2021 14:15:59.0030 PM
[ReportManager] Initial URL: [data:,] @22-09-2021 14:15:59.0079 PM
[ReportManager] Browser Action [NavigateToURL] successfully performed. With the following test data [https://www.google.com/ncr]. @22-09-2021 14:15:59.0897 P

################################################################################################################################################
Starting Execution:	[26 out of 143] test cases in the current suite
Test Method:		[unitTests.tests_validations_assertions.assertElementExists_false_expectedToFail]
################################################################################################################################################
[ReportManager] Loaded Shared OpenCV @22-09-2021 14:16:00.0099 PM
[ReportManager] Assertion [ValidateElementExists] FAILED. Expected [Element Should not Exist, locator 'By.id: hplogo'] and Actual [Element Exists]. Comparison Type [EQUALS]. Validation Type [NEGATIVE]. @22-09-2021 14:16:00.0170 PM
[ReportManager] Successfully created attachment [Screenshot - 1632320160099_assertElementExists_false_expectedToFail_ValidateElementExists_failed] @22-09-2021 14:16:00.0172 P
[ReportManager] Browser Action [CloseCurrentWindow] successfully performed. @22-09-2021 14:16:00.0296 PM
[ReportManager] Successfully created attachment [Browser Action Test Data - CloseCurrentWindow - Actual Value] @22-09-2021 14:16:00.0297 P
[ReportManager] File Action [GetAbsolutePath] successfully performed. With the following test data [Relative Folder Path: "target/downloadedFiles/"]. @22-09-2021 14:16:00.0299 PM
[ReportManager] Attempting to run remotely on: [Linux-64], [GoogleChrome], [http://localhost:4444/wd/hub], Headless Execution. @22-09-2021 14:16:00.0299 PM
[ReportManager] Successfully Opened [GoogleChrome]. @22-09-2021 14:16:00.0500 PM
[ReportManager] Target URL: [https://www.google.com/ncr], and after redirection: [www.google.com] @22-09-2021 14:16:00.0510 PM
[ReportManager] Initial URL: [data:,] @22-09-2021 14:16:00.0546 PM
[ReportManager] Browser Action [NavigateToURL] successfully performed. With the following test data [https://www.google.com/ncr]. @22-09-2021 14:16:01.0399 P

################################################################################################################################################
Starting Execution:	[27 out of 143] test cases in the current suite
Test Method:		[unitTests.tests_validations_assertions.assertElementExists_false_expectedToPass]
################################################################################################################################################
[ReportManager] Assertion [ValidateElementExists] PASSED. Expected [Element Should not Exist, locator 'By.id: fakeElement'] and Actual [Element Doesn't Exists]. Comparison Type [EQUALS]. Validation Type [NEGATIVE]. @22-09-2021 14:16:11.0782 PM
[ReportManager] Successfully created attachment [Screenshot - 1632320171711_assertElementExists_false_expectedToPass_ValidateElementExists_passed] @22-09-2021 14:16:11.0783 P
[ReportManager] Browser Action [CloseCurrentWindow] successfully performed. @22-09-2021 14:16:11.0921 PM
[ReportManager] Successfully created attachment [Browser Action Test Data - CloseCurrentWindow - Actual Value] @22-09-2021 14:16:11.0922 P
[ReportManager] File Action [GetAbsolutePath] successfully performed. With the following test data [Relative Folder Path: "target/downloadedFiles/"]. @22-09-2021 14:16:11.0926 PM
[ReportManager] Attempting to run remotely on: [Linux-64], [GoogleChrome], [http://localhost:4444/wd/hub], Headless Execution. @22-09-2021 14:16:11.0926 PM
[ReportManager] Successfully Opened [GoogleChrome]. @22-09-2021 14:16:12.0126 PM
[ReportManager] Target URL: [https://www.google.com/ncr], and after redirection: [www.google.com] @22-09-2021 14:16:12.0138 PM
[ReportManager] Initial URL: [data:,] @22-09-2021 14:16:12.0175 PM
[ReportManager] Browser Action [NavigateToURL] successfully performed. With the following test data [https://www.google.com/ncr]. @22-09-2021 14:16:12.0970 P

################################################################################################################################################
Starting Execution:	[28 out of 143] test cases in the current suite
Test Method:		[unitTests.tests_validations_assertions.assertElementExists_false_multipleElementsFound_expectedToFail]
################################################################################################################################################
[ReportManager] Assertion [ValidateElementExists] FAILED. Expected [Element Should not Exist, locator 'By.xpath: //div'] and Actual [Element Exists but is not unique]. Comparison Type [EQUALS]. Validation Type [NEGATIVE]. @22-09-2021 14:16:13.0231 PM
[ReportManager] Successfully created attachment [Screenshot - 1632320173178_assertElementExists_false_multipleElementsFound_expectedToFail_ValidateElementExists_failed] @22-09-2021 14:16:13.0232 P
[ReportManager] Browser Action [CloseCurrentWindow] successfully performed. @22-09-2021 14:16:13.0363 PM
[ReportManager] Successfully created attachment [Browser Action Test Data - CloseCurrentWindow - Actual Value] @22-09-2021 14:16:13.0364 P
[ReportManager] File Action [GetAbsolutePath] successfully performed. With the following test data [Relative Folder Path: "target/downloadedFiles/"]. @22-09-2021 14:16:13.0367 PM
[ReportManager] Attempting to run remotely on: [Linux-64], [GoogleChrome], [http://localhost:4444/wd/hub], Headless Execution. @22-09-2021 14:16:13.0367 PM
[ReportManager] Successfully Opened [GoogleChrome]. @22-09-2021 14:16:13.0568 PM
[ReportManager] Target URL: [https://www.google.com/ncr], and after redirection: [www.google.com] @22-09-2021 14:16:13.0589 PM
[ReportManager] Initial URL: [data:,] @22-09-2021 14:16:13.0629 PM
[ReportManager] Browser Action [NavigateToURL] successfully performed. With the following test data [https://www.google.com/ncr]. @22-09-2021 14:16:14.0444 P

################################################################################################################################################
Starting Execution:	[29 out of 143] test cases in the current suite
Test Method:		[unitTests.tests_validations_assertions.assertElementExists_true_expectedToFail]
################################################################################################################################################
[ReportManager] Assertion [ValidateElementExists] FAILED. Expected [Element Should Exist, locator 'By.id: fakeElement'] and Actual [Element Doesn't Exists]. Comparison Type [EQUALS]. Validation Type [POSITIVE]. @22-09-2021 14:16:45.0109 PM
[ReportManager] Successfully created attachment [Screenshot - 1632320205055_assertElementExists_true_expectedToFail_ValidateElementExists_failed] @22-09-2021 14:16:45.0110 P
[ReportManager] Browser Action [CloseCurrentWindow] successfully performed. @22-09-2021 14:16:45.0225 PM
[ReportManager] Successfully created attachment [Browser Action Test Data - CloseCurrentWindow - Actual Value] @22-09-2021 14:16:45.0226 P
[ReportManager] File Action [GetAbsolutePath] successfully performed. With the following test data [Relative Folder Path: "target/downloadedFiles/"]. @22-09-2021 14:16:45.0229 PM
[ReportManager] Attempting to run remotely on: [Linux-64], [GoogleChrome], [http://localhost:4444/wd/hub], Headless Execution. @22-09-2021 14:16:45.0229 PM
[ReportManager] Successfully Opened [GoogleChrome]. @22-09-2021 14:16:45.0449 PM
[ReportManager] Target URL: [https://www.google.com/ncr], and after redirection: [www.google.com] @22-09-2021 14:16:45.0459 PM
[ReportManager] Initial URL: [data:,] @22-09-2021 14:16:45.0496 PM
[ReportManager] Browser Action [NavigateToURL] successfully performed. With the following test data [https://www.google.com/ncr]. @22-09-2021 14:16:46.0301 P

################################################################################################################################################
Starting Execution:	[30 out of 143] test cases in the current suite
Test Method:		[unitTests.tests_validations_assertions.assertElementExists_true_expectedToPass]
################################################################################################################################################
[ReportManager] Loaded Shared OpenCV @22-09-2021 14:16:46.0509 PM
[ReportManager] Assertion [ValidateElementExists] PASSED. Expected [Element Should Exist, locator 'By.xpath: //*[@id='hplogo' or @alt='Google']'] and Actual [Element Exists]. Comparison Type [EQUALS]. Validation Type [POSITIVE]. @22-09-2021 14:16:46.0575 PM
[ReportManager] Successfully created attachment [Screenshot - 1632320206509_assertElementExists_true_expectedToPass_ValidateElementExists_passed] @22-09-2021 14:16:46.0576 P
[ReportManager] Browser Action [CloseCurrentWindow] successfully performed. @22-09-2021 14:16:46.0693 PM
[ReportManager] Successfully created attachment [Browser Action Test Data - CloseCurrentWindow - Actual Value] @22-09-2021 14:16:46.0694 P
[ReportManager] File Action [GetAbsolutePath] successfully performed. With the following test data [Relative Folder Path: "target/downloadedFiles/"]. @22-09-2021 14:16:46.0697 PM
[ReportManager] Attempting to run remotely on: [Linux-64], [GoogleChrome], [http://localhost:4444/wd/hub], Headless Execution. @22-09-2021 14:16:46.0697 PM
[ReportManager] Successfully Opened [GoogleChrome]. @22-09-2021 14:16:46.0902 PM
[ReportManager] Target URL: [https://www.google.com/ncr], and after redirection: [www.google.com] @22-09-2021 14:16:46.0912 PM
[ReportManager] Initial URL: [data:,] @22-09-2021 14:16:46.0948 PM
[ReportManager] Browser Action [NavigateToURL] successfully performed. With the following test data [https://www.google.com/ncr]. @22-09-2021 14:16:47.0764 P

################################################################################################################################################
Starting Execution:	[31 out of 143] test cases in the current suite
Test Method:		[unitTests.tests_validations_assertions.assertElementExists_true_multipleElementsFound_expectedToFail]
################################################################################################################################################
[ReportManager] Assertion [ValidateElementExists] FAILED. Expected [Element Should Exist, locator 'By.xpath: //div'] and Actual [Element Exists but is not unique]. Comparison Type [EQUALS]. Validation Type [POSITIVE]. @22-09-2021 14:16:48.0046 PM
[ReportManager] Successfully created attachment [Screenshot - 1632320207987_assertElementExists_true_multipleElementsFound_expectedToFail_ValidateElementExists_failed] @22-09-2021 14:16:48.0047 P
[ReportManager] Browser Action [CloseCurrentWindow] successfully performed. @22-09-2021 14:16:48.0173 PM
[ReportManager] Successfully created attachment [Browser Action Test Data - CloseCurrentWindow - Actual Value] @22-09-2021 14:16:48.0174 P

################################################################################################################################################
Starting Execution:	[32 out of 143] test cases in the current suite
Test Method:		[unitTests.tests_validations_assertions.assertEquals_false_expectedToFail]
################################################################################################################################################
[ReportManager] Assertion [ValidateEquals] FAILED. Expected [1] and Actual [1]. Comparison Type [EQUALS]. Validation Type [NEGATIVE]. @22-09-2021 14:16:48.0179 P

################################################################################################################################################
Starting Execution:	[33 out of 143] test cases in the current suite
Test Method:		[unitTests.tests_validations_assertions.assertEquals_false_expectedToPass]
################################################################################################################################################
[ReportManager] Assertion [ValidateEquals] PASSED. Expected [1] and Actual [2]. Comparison Type [EQUALS]. Validation Type [NEGATIVE]. @22-09-2021 14:16:48.0183 P

################################################################################################################################################
Starting Execution:	[34 out of 143] test cases in the current suite
Test Method:		[unitTests.tests_validations_assertions.assertEquals_longCharacters]
################################################################################################################################################
[ReportManager] Verification [ValidateEquals] PASSED. Expected and Actual values are attached. Comparison Type [EQUALS]. Validation Type [POSITIVE]. @22-09-2021 14:16:48.0189 PM
[ReportManager] Successfully created attachment [Validation Test Data - Expected Value] @22-09-2021 14:16:48.0189 PM
[ReportManager] Successfully created attachment [Validation Test Data - Actual Value] @22-09-2021 14:16:48.0189 PM
[ReportManager] Assertion [ValidateEquals] PASSED. Expected and Actual values are attached. Comparison Type [EQUALS]. Validation Type [POSITIVE]. @22-09-2021 14:16:48.0190 PM
[ReportManager] Successfully created attachment [Validation Test Data - Expected Value] @22-09-2021 14:16:48.0190 PM
[ReportManager] Successfully created attachment [Validation Test Data - Actual Value] @22-09-2021 14:16:48.0190 P

################################################################################################################################################
Starting Execution:	[35 out of 143] test cases in the current suite
Test Method:		[unitTests.tests_validations_assertions.assertEquals_longCharacters_Discreet]
################################################################################################################################################
[ReportManager] Assertion [ValidateEquals] PASSED. Expected [1LH5pROcDBjjQk0t0mCr0lXuzQu9lcGj28kY8R1H81X67eVAQJgWQhILiRWVPUgZ6uCtK5cnBkF55Jr9vYngjGO1Iyf0Mktv6lruDlL9T8MAUPcUZJGHZtji6nIeadujDSNmWMj5d6C8zlFqw0CRqBU0hO5adIasHgBSNoLotAjce3NGXoDwAlp3rYreeV16VIyZXROQY] and Actual [1LH5pROcDBjjQk0t0mCr0lXuzQu9lcGj28kY8R1H81X67eVAQJgWQhILiRWVPUgZ6uCtK5cnBkF55Jr9vYngjGO1Iyf0Mktv6lruDlL9T8MAUPcUZJGHZtji6nIeadujDSNmWMj5d6C8zlFqw0CRqBU0hO5adIasHgBSNoLotAjce3NGXoDwAlp3rYreeV16VIyZXROQY]. Comparison Type [EQUALS]. Validation Type [POSITIVE]. @22-09-2021 14:16:48.0193 P

################################################################################################################################################
Starting Execution:	[36 out of 143] test cases in the current suite
Test Method:		[unitTests.tests_validations_assertions.assertEquals_true_expectedToFail]
################################################################################################################################################
[ReportManager] Assertion [ValidateEquals] FAILED. Expected [1] and Actual [2]. Comparison Type [EQUALS]. Validation Type [POSITIVE]. @22-09-2021 14:16:48.0202 P

################################################################################################################################################
Starting Execution:	[37 out of 143] test cases in the current suite
Test Method:		[unitTests.tests_validations_assertions.assertEquals_true_expectedToPass]
Test Description:	[Assert that assertEquals works as expected when the two values are equal.]
################################################################################################################################################
[ReportManager] Verification [ValidateEquals] PASSED. Expected [1] and Actual [1]. Comparison Type [EQUALS]. Validation Type [POSITIVE]. @22-09-2021 14:16:48.0209 PM
[ReportManager] Assertion [ValidateEquals] PASSED. Expected [1] and Actual [1]. Comparison Type [EQUALS]. Validation Type [POSITIVE]. @22-09-2021 14:16:48.0210 P

################################################################################################################################################
Starting Execution:	[38 out of 143] test cases in the current suite
Test Method:		[unitTests.tests_validations_assertions.assertEquals_true_expectedToPass__]
################################################################################################################################################
[ReportManager] Assertion [ValidateEquals] PASSED. Expected [1] and Actual [1]. Comparison Type [EQUALS]. Validation Type [POSITIVE]. @22-09-2021 14:16:48.0214 P

################################################################################################################################################
Starting Execution:	[39 out of 143] test cases in the current suite
Test Method:		[unitTests.tests_validations_assertions.assertFileExists_false_expectedToFail]
################################################################################################################################################
[ReportManager] File Action [DoesFileExist] successfully performed. With the following test data [File Path: "src/main/java/com/shaft/gui/element/ElementActions.java"]. @22-09-2021 14:16:48.0217 PM
[ReportManager] Assertion [ValidateFileExists] FAILED. Expected [File 'src/main/java/com/shaft/gui/element/ElementActions.java' should not exist, after up to '1' retries] and Actual [File exists]. Validation Type [NEGATIVE]. @22-09-2021 14:16:48.0222 P

################################################################################################################################################
Starting Execution:	[40 out of 143] test cases in the current suite
Test Method:		[unitTests.tests_validations_assertions.assertFileExists_false_expectedToPass]
################################################################################################################################################
[ReportManager] File Action [DoesFileExist] successfully performed. With the following test data [File Path: "src/main/java/com/shaft/gui/element/ElementActions.java_fail"]. @22-09-2021 14:16:48.0725 PM
[ReportManager] Assertion [ValidateFileExists] PASSED. Expected [File 'src/main/java/com/shaft/gui/element/ElementActions.java_fail' should not exist, after up to '1' retries] and Actual [File does not exist]. Validation Type [NEGATIVE]. @22-09-2021 14:16:48.0725 P

################################################################################################################################################
Starting Execution:	[41 out of 143] test cases in the current suite
Test Method:		[unitTests.tests_validations_assertions.assertFileExists_true_expectedToFail]
################################################################################################################################################
[ReportManager] File Action [DoesFileExist] successfully performed. With the following test data [File Path: "src/main/java/com/shaft/gui/element/ElementActions.java_fail"]. @22-09-2021 14:16:49.0229 PM
[ReportManager] Assertion [ValidateFileExists] FAILED. Expected [File 'src/main/java/com/shaft/gui/element/ElementActions.java_fail' should exist, after up to '1' retries] and Actual [File does not exist]. Validation Type [POSITIVE]. @22-09-2021 14:16:49.0229 P

################################################################################################################################################
Starting Execution:	[42 out of 143] test cases in the current suite
Test Method:		[unitTests.tests_validations_assertions.assertFileExists_true_expectedToPass]
################################################################################################################################################
[ReportManager] File Action [DoesFileExist] successfully performed. With the following test data [File Path: "src/main/java/com/shaft/gui/element/ElementActions.java"]. @22-09-2021 14:16:49.0234 PM
[ReportManager] Assertion [ValidateFileExists] PASSED. Expected [File 'src/main/java/com/shaft/gui/element/ElementActions.java' should exist, after up to '1' retries] and Actual [File exists]. Validation Type [POSITIVE]. @22-09-2021 14:16:49.0234 P

################################################################################################################################################
Starting Execution:	[43 out of 143] test cases in the current suite
Test Method:		[unitTests.tests_validations_assertions.assertNull_false_expectedToFail]
################################################################################################################################################
[ReportManager] Assertion [ValidateNull] FAILED. Expected [NULL] and Actual [NULL]. Comparison Type [EQUALS]. Validation Type [NEGATIVE]. @22-09-2021 14:16:49.0237 P

################################################################################################################################################
Starting Execution:	[44 out of 143] test cases in the current suite
Test Method:		[unitTests.tests_validations_assertions.assertNull_false_expectedToPass]
################################################################################################################################################
[ReportManager] Assertion [ValidateNull] PASSED. Expected [NULL] and Actual [1]. Comparison Type [EQUALS]. Validation Type [NEGATIVE]. @22-09-2021 14:16:49.0243 P

################################################################################################################################################
Starting Execution:	[45 out of 143] test cases in the current suite
Test Method:		[unitTests.tests_validations_assertions.assertNull_true_expectedToFail]
################################################################################################################################################
[ReportManager] Assertion [ValidateNull] FAILED. Expected [NULL] and Actual [1]. Comparison Type [EQUALS]. Validation Type [POSITIVE]. @22-09-2021 14:16:49.0247 P

################################################################################################################################################
Starting Execution:	[46 out of 143] test cases in the current suite
Test Method:		[unitTests.tests_validations_assertions.assertNull_true_expectedToPass]
################################################################################################################################################
[ReportManager] Assertion [ValidateNull] PASSED. Expected [NULL] and Actual [NULL]. Comparison Type [EQUALS]. Validation Type [POSITIVE]. @22-09-2021 14:16:49.0249 P

################################################################################################################################################
Starting Execution:	[47 out of 143] test cases in the current suite
Test Method:		[unitTests.tests_restActions.getPostsAndAssertBodyForSpecificTitle]
################################################################################################################################################
[ReportManager] Response status code: [200], status line: [HTTP/1.1 200 OK] @22-09-2021 14:16:51.0385 PM
[ReportManager] Assertion Passed: Evaluating the actual response status code against the expected one... @22-09-2021 14:16:51.0385 PM
[ReportManager] Assertion [ValidateEquals] PASSED. Expected [200] and Actual [200]. Comparison Type [EQUALS]. Validation Type [POSITIVE]. @22-09-2021 14:16:51.0385 PM
[ReportManager] API Action [PerformRequest] successfully performed. With the following test data [Request Type: "GET" | Target Status Code: "200" | Service URL: "https://jsonplaceholder.typicode.com/posts" | Content Type: "*/*" | Response Time: "817ms"]. @22-09-2021 14:16:52.0573 PM
[ReportManager] Successfully created attachment [API Request - Specifications] @22-09-2021 14:16:52.0573 PM
[ReportManager] Successfully created attachment [API Response - JSON Body] @22-09-2021 14:16:52.0842 PM
[ReportManager] API Action [GetResponseJSONValueAsList] successfully performed. @22-09-2021 14:16:52.0893 PM
[ReportManager] API Action [GetResponseJSONValue] successfully performed. With the following test data [title]. @22-09-2021 14:16:52.0935 PM
[ReportManager] API Action [GetResponseJSONValue] successfully performed. With the following test data [title]. @22-09-2021 14:16:52.0968 PM
[ReportManager] API Action [GetResponseJSONValue] successfully performed. With the following test data [body]. @22-09-2021 14:16:52.0989 PM
[ReportManager] Assertion [ValidateEquals] PASSED. Expected [qui neque nisi nulla] and Actual [est rerum tempore vitae
sequi sint nihil reprehenderit dolor beatae ea dolores neque
fugiat blanditiis voluptate porro vel nihil molestiae ut reiciendis
qui aperiam non debitis possimus qui neque nisi nulla]. Comparison Type [CONTAINS]. Validation Type [POSITIVE]. @22-09-2021 14:16:52.0989 PM
[ReportManager] API Action [GetResponseJSONValue] successfully performed. With the following test data [title]. @22-09-2021 14:16:53.0003 PM
[ReportManager] API Action [GetResponseJSONValue] successfully performed. With the following test data [title]. @22-09-2021 14:16:53.0017 PM
[ReportManager] API Action [GetResponseJSONValue] successfully performed. With the following test data [title]. @22-09-2021 14:16:53.0035 PM
[ReportManager] API Action [GetResponseJSONValue] successfully performed. With the following test data [title]. @22-09-2021 14:16:53.0049 PM
[ReportManager] API Action [GetResponseJSONValue] successfully performed. With the following test data [title]. @22-09-2021 14:16:53.0064 PM
[ReportManager] API Action [GetResponseJSONValue] successfully performed. With the following test data [title]. @22-09-2021 14:16:53.0081 PM
[ReportManager] API Action [GetResponseJSONValue] successfully performed. With the following test data [title]. @22-09-2021 14:16:53.0095 PM
[ReportManager] API Action [GetResponseJSONValue] successfully performed. With the following test data [title]. @22-09-2021 14:16:53.0110 PM
[ReportManager] API Action [GetResponseJSONValue] successfully performed. With the following test data [title]. @22-09-2021 14:16:53.0126 PM
[ReportManager] API Action [GetResponseJSONValue] successfully performed. With the following test data [title]. @22-09-2021 14:16:53.0139 PM
[ReportManager] API Action [GetResponseJSONValue] successfully performed. With the following test data [title]. @22-09-2021 14:16:53.0163 PM
[ReportManager] API Action [GetResponseJSONValue] successfully performed. With the following test data [title]. @22-09-2021 14:16:53.0202 PM
[ReportManager] API Action [GetResponseJSONValue] successfully performed. With the following test data [title]. @22-09-2021 14:16:53.0214 PM
[ReportManager] API Action [GetResponseJSONValue] successfully performed. With the following test data [title]. @22-09-2021 14:16:53.0231 PM
[ReportManager] API Action [GetResponseJSONValue] successfully performed. With the following test data [title]. @22-09-2021 14:16:53.0251 PM
[ReportManager] API Action [GetResponseJSONValue] successfully performed. With the following test data [title]. @22-09-2021 14:16:53.0266 PM
[ReportManager] API Action [GetResponseJSONValue] successfully performed. With the following test data [title]. @22-09-2021 14:16:53.0279 PM
[ReportManager] API Action [GetResponseJSONValue] successfully performed. With the following test data [title]. @22-09-2021 14:16:53.0292 PM
[ReportManager] API Action [GetResponseJSONValue] successfully performed. With the following test data [title]. @22-09-2021 14:16:53.0301 PM
[ReportManager] API Action [GetResponseJSONValue] successfully performed. With the following test data [title]. @22-09-2021 14:16:53.0319 PM
[ReportManager] API Action [GetResponseJSONValue] successfully performed. With the following test data [title]. @22-09-2021 14:16:53.0331 PM
[ReportManager] API Action [GetResponseJSONValue] successfully performed. With the following test data [title]. @22-09-2021 14:16:53.0348 PM
[ReportManager] API Action [GetResponseJSONValue] successfully performed. With the following test data [title]. @22-09-2021 14:16:53.0357 PM
[ReportManager] API Action [GetResponseJSONValue] successfully performed. With the following test data [title]. @22-09-2021 14:16:53.0367 PM
[ReportManager] API Action [GetResponseJSONValue] successfully performed. With the following test data [title]. @22-09-2021 14:16:53.0380 PM
[ReportManager] API Action [GetResponseJSONValue] successfully performed. With the following test data [title]. @22-09-2021 14:16:53.0389 PM
[ReportManager] API Action [GetResponseJSONValue] successfully performed. With the following test data [title]. @22-09-2021 14:16:53.0405 PM
[ReportManager] API Action [GetResponseJSONValue] successfully performed. With the following test data [title]. @22-09-2021 14:16:53.0422 PM
[ReportManager] API Action [GetResponseJSONValue] successfully performed. With the following test data [title]. @22-09-2021 14:16:53.0433 PM
[ReportManager] API Action [GetResponseJSONValue] successfully performed. With the following test data [title]. @22-09-2021 14:16:53.0442 PM
[ReportManager] API Action [GetResponseJSONValue] successfully performed. With the following test data [title]. @22-09-2021 14:16:53.0451 PM
[ReportManager] API Action [GetResponseJSONValue] successfully performed. With the following test data [title]. @22-09-2021 14:16:53.0460 PM
[ReportManager] API Action [GetResponseJSONValue] successfully performed. With the following test data [title]. @22-09-2021 14:16:53.0475 PM
[ReportManager] API Action [GetResponseJSONValue] successfully performed. With the following test data [title]. @22-09-2021 14:16:53.0484 PM
[ReportManager] API Action [GetResponseJSONValue] successfully performed. With the following test data [title]. @22-09-2021 14:16:53.0495 PM
[ReportManager] API Action [GetResponseJSONValue] successfully performed. With the following test data [title]. @22-09-2021 14:16:53.0505 PM
[ReportManager] API Action [GetResponseJSONValue] successfully performed. With the following test data [title]. @22-09-2021 14:16:53.0515 PM
[ReportManager] API Action [GetResponseJSONValue] successfully performed. With the following test data [title]. @22-09-2021 14:16:53.0525 PM
[ReportManager] API Action [GetResponseJSONValue] successfully performed. With the following test data [title]. @22-09-2021 14:16:53.0549 PM
[ReportManager] API Action [GetResponseJSONValue] successfully performed. With the following test data [title]. @22-09-2021 14:16:53.0559 PM
[ReportManager] API Action [GetResponseJSONValue] successfully performed. With the following test data [title]. @22-09-2021 14:16:53.0568 PM
[ReportManager] API Action [GetResponseJSONValue] successfully performed. With the following test data [title]. @22-09-2021 14:16:53.0579 PM
[ReportManager] API Action [GetResponseJSONValue] successfully performed. With the following test data [title]. @22-09-2021 14:16:53.0588 PM
[ReportManager] API Action [GetResponseJSONValue] successfully performed. With the following test data [title]. @22-09-2021 14:16:53.0603 PM
[ReportManager] API Action [GetResponseJSONValue] successfully performed. With the following test data [title]. @22-09-2021 14:16:53.0613 PM
[ReportManager] API Action [GetResponseJSONValue] successfully performed. With the following test data [title]. @22-09-2021 14:16:53.0624 PM
[ReportManager] API Action [GetResponseJSONValue] successfully performed. With the following test data [title]. @22-09-2021 14:16:53.0636 PM
[ReportManager] API Action [GetResponseJSONValue] successfully performed. With the following test data [title]. @22-09-2021 14:16:53.0651 PM
[ReportManager] API Action [GetResponseJSONValue] successfully performed. With the following test data [title]. @22-09-2021 14:16:53.0661 PM
[ReportManager] API Action [GetResponseJSONValue] successfully performed. With the following test data [title]. @22-09-2021 14:16:53.0670 PM
[ReportManager] API Action [GetResponseJSONValue] successfully performed. With the following test data [title]. @22-09-2021 14:16:53.0680 PM
[ReportManager] API Action [GetResponseJSONValue] successfully performed. With the following test data [title]. @22-09-2021 14:16:53.0691 PM
[ReportManager] API Action [GetResponseJSONValue] successfully performed. With the following test data [title]. @22-09-2021 14:16:53.0702 PM
[ReportManager] API Action [GetResponseJSONValue] successfully performed. With the following test data [title]. @22-09-2021 14:16:53.0710 PM
[ReportManager] API Action [GetResponseJSONValue] successfully performed. With the following test data [title]. @22-09-2021 14:16:53.0718 PM
[ReportManager] API Action [GetResponseJSONValue] successfully performed. With the following test data [title]. @22-09-2021 14:16:53.0726 PM
[ReportManager] API Action [GetResponseJSONValue] successfully performed. With the following test data [title]. @22-09-2021 14:16:53.0742 PM
[ReportManager] API Action [GetResponseJSONValue] successfully performed. With the following test data [title]. @22-09-2021 14:16:53.0753 PM
[ReportManager] API Action [GetResponseJSONValue] successfully performed. With the following test data [title]. @22-09-2021 14:16:53.0770 PM
[ReportManager] API Action [GetResponseJSONValue] successfully performed. With the following test data [title]. @22-09-2021 14:16:53.0817 PM
[ReportManager] API Action [GetResponseJSONValue] successfully performed. With the following test data [title]. @22-09-2021 14:16:53.0827 PM
[ReportManager] API Action [GetResponseJSONValue] successfully performed. With the following test data [title]. @22-09-2021 14:16:53.0839 PM
[ReportManager] API Action [GetResponseJSONValue] successfully performed. With the following test data [title]. @22-09-2021 14:16:53.0848 PM
[ReportManager] API Action [GetResponseJSONValue] successfully performed. With the following test data [title]. @22-09-2021 14:16:53.0856 PM
[ReportManager] API Action [GetResponseJSONValue] successfully performed. With the following test data [title]. @22-09-2021 14:16:53.0866 PM
[ReportManager] API Action [GetResponseJSONValue] successfully performed. With the following test data [title]. @22-09-2021 14:16:53.0877 PM
[ReportManager] API Action [GetResponseJSONValue] successfully performed. With the following test data [title]. @22-09-2021 14:16:53.0885 PM
[ReportManager] API Action [GetResponseJSONValue] successfully performed. With the following test data [title]. @22-09-2021 14:16:53.0893 PM
[ReportManager] API Action [GetResponseJSONValue] successfully performed. With the following test data [title]. @22-09-2021 14:16:53.0901 PM
[ReportManager] API Action [GetResponseJSONValue] successfully performed. With the following test data [title]. @22-09-2021 14:16:53.0911 PM
[ReportManager] API Action [GetResponseJSONValue] successfully performed. With the following test data [title]. @22-09-2021 14:16:53.0918 PM
[ReportManager] API Action [GetResponseJSONValue] successfully performed. With the following test data [title]. @22-09-2021 14:16:53.0929 PM
[ReportManager] API Action [GetResponseJSONValue] successfully performed. With the following test data [title]. @22-09-2021 14:16:53.0944 PM
[ReportManager] API Action [GetResponseJSONValue] successfully performed. With the following test data [title]. @22-09-2021 14:16:53.0950 PM
[ReportManager] API Action [GetResponseJSONValue] successfully performed. With the following test data [title]. @22-09-2021 14:16:53.0957 PM
[ReportManager] API Action [GetResponseJSONValue] successfully performed. With the following test data [title]. @22-09-2021 14:16:53.0978 PM
[ReportManager] API Action [GetResponseJSONValue] successfully performed. With the following test data [title]. @22-09-2021 14:16:53.0986 PM
[ReportManager] API Action [GetResponseJSONValue] successfully performed. With the following test data [title]. @22-09-2021 14:16:53.0993 PM
[ReportManager] API Action [GetResponseJSONValue] successfully performed. With the following test data [title]. @22-09-2021 14:16:53.0999 PM
[ReportManager] API Action [GetResponseJSONValue] successfully performed. With the following test data [title]. @22-09-2021 14:16:54.0007 PM
[ReportManager] API Action [GetResponseJSONValue] successfully performed. With the following test data [title]. @22-09-2021 14:16:54.0025 PM
[ReportManager] API Action [GetResponseJSONValue] successfully performed. With the following test data [title]. @22-09-2021 14:16:54.0036 PM
[ReportManager] API Action [GetResponseJSONValue] successfully performed. With the following test data [title]. @22-09-2021 14:16:54.0054 PM
[ReportManager] API Action [GetResponseJSONValue] successfully performed. With the following test data [title]. @22-09-2021 14:16:54.0069 PM
[ReportManager] API Action [GetResponseJSONValue] successfully performed. With the following test data [title]. @22-09-2021 14:16:54.0078 PM
[ReportManager] API Action [GetResponseJSONValue] successfully performed. With the following test data [title]. @22-09-2021 14:16:54.0102 PM
[ReportManager] API Action [GetResponseJSONValue] successfully performed. With the following test data [title]. @22-09-2021 14:16:54.0117 PM
[ReportManager] API Action [GetResponseJSONValue] successfully performed. With the following test data [title]. @22-09-2021 14:16:54.0132 PM
[ReportManager] API Action [GetResponseJSONValue] successfully performed. With the following test data [title]. @22-09-2021 14:16:54.0145 PM
[ReportManager] API Action [GetResponseJSONValue] successfully performed. With the following test data [title]. @22-09-2021 14:16:54.0152 PM
[ReportManager] API Action [GetResponseJSONValue] successfully performed. With the following test data [title]. @22-09-2021 14:16:54.0160 PM
[ReportManager] API Action [GetResponseJSONValue] successfully performed. With the following test data [title]. @22-09-2021 14:16:54.0167 PM
[ReportManager] API Action [GetResponseJSONValue] successfully performed. With the following test data [title]. @22-09-2021 14:16:54.0175 PM
[ReportManager] API Action [GetResponseJSONValue] successfully performed. With the following test data [title]. @22-09-2021 14:16:54.0182 PM
[ReportManager] API Action [GetResponseJSONValue] successfully performed. With the following test data [title]. @22-09-2021 14:16:54.0190 PM
[ReportManager] API Action [GetResponseJSONValue] successfully performed. With the following test data [title]. @22-09-2021 14:16:54.0196 PM
[ReportManager] API Action [GetResponseJSONValue] successfully performed. With the following test data [title]. @22-09-2021 14:16:54.0212 PM
[ReportManager] API Action [GetResponseJSONValue] successfully performed. With the following test data [title]. @22-09-2021 14:16:54.0219 P

################################################################################################################################################
Starting Execution:	[48 out of 143] test cases in the current suite
Test Method:		[unitTests.tests_restActions.validateUserEmail]
################################################################################################################################################
[ReportManager] Response status code: [200], status line: [HTTP/1.1 200 OK] @22-09-2021 14:16:54.0340 PM
[ReportManager] Assertion Passed: Evaluating the actual response status code against the expected one... @22-09-2021 14:16:54.0340 PM
[ReportManager] Assertion [ValidateEquals] PASSED. Expected [200] and Actual [200]. Comparison Type [EQUALS]. Validation Type [POSITIVE]. @22-09-2021 14:16:54.0340 PM
[ReportManager] API Action [PerformRequest] successfully performed. With the following test data [Request Type: "GET" | Target Status Code: "200" | Service URL: "https://jsonplaceholder.typicode.com/users" | Content Type: "*/*" | Response Time: "68ms"]. @22-09-2021 14:16:54.0368 PM
[ReportManager] Successfully created attachment [API Request - Specifications] @22-09-2021 14:16:54.0368 PM
[ReportManager] Successfully created attachment [API Response - JSON Body] @22-09-2021 14:16:54.0369 PM
[ReportManager] Assertion [ValidateEquals] PASSED. Expected and Actual values are attached. Comparison Type [CONTAINS]. Validation Type [POSITIVE]. @22-09-2021 14:16:54.0369 PM
[ReportManager] Successfully created attachment [Validation Test Data - Expected Value] @22-09-2021 14:16:54.0369 PM
[ReportManager] Successfully created attachment [Validation Test Data - Actual Value] @22-09-2021 14:16:54.0369 PM
[ReportManager] API Action [GetResponseJSONValueAsList] successfully performed. With the following test data [$]. @22-09-2021 14:16:54.0373 PM
[ReportManager] API Action [GetResponseJSONValue] successfully performed. With the following test data [name]. @22-09-2021 14:16:54.0382 PM
[ReportManager] API Action [GetResponseJSONValue] successfully performed. With the following test data [email]. @22-09-2021 14:16:54.0390 PM
[ReportManager] Assertion [ValidateEquals] PASSED. Expected [Sincere@april.biz] and Actual [Sincere@april.biz]. Comparison Type [EQUALS]. Validation Type [POSITIVE]. @22-09-2021 14:16:54.0390 PM
[ReportManager] API Action [GetResponseJSONValue] successfully performed. With the following test data [name]. @22-09-2021 14:16:54.0398 PM
[ReportManager] API Action [GetResponseJSONValue] successfully performed. With the following test data [name]. @22-09-2021 14:16:54.0404 PM
[ReportManager] API Action [GetResponseJSONValue] successfully performed. With the following test data [name]. @22-09-2021 14:16:54.0411 PM
[ReportManager] API Action [GetResponseJSONValue] successfully performed. With the following test data [name]. @22-09-2021 14:16:54.0418 PM
[ReportManager] API Action [GetResponseJSONValue] successfully performed. With the following test data [name]. @22-09-2021 14:16:54.0425 PM
[ReportManager] API Action [GetResponseJSONValue] successfully performed. With the following test data [name]. @22-09-2021 14:16:54.0432 PM
[ReportManager] API Action [GetResponseJSONValue] successfully performed. With the following test data [name]. @22-09-2021 14:16:54.0441 PM
[ReportManager] API Action [GetResponseJSONValue] successfully performed. With the following test data [name]. @22-09-2021 14:16:54.0449 PM
[ReportManager] API Action [GetResponseJSONValue] successfully performed. With the following test data [name]. @22-09-2021 14:16:54.0455 P
[ReportManager] File Action [GetAbsolutePath] successfully performed. With the following test data [Relative Folder Path: "target/downloadedFiles/"]. @22-09-2021 14:16:54.0464 PM
[ReportManager] Attempting to run remotely on: [Linux-64], [GoogleChrome], [http://localhost:4444/wd/hub], Headless Execution. @22-09-2021 14:16:54.0464 PM
[ReportManager] Successfully Opened [GoogleChrome]. @22-09-2021 14:16:54.0671 P

################################################################################################################################################
Starting Execution:	[49 out of 143] test cases in the current suite
Test Method:		[unitTests.tests_element_elementActions.waitForElementToBePresent_false_expectedToFail]
################################################################################################################################################
[ReportManager] Target URL: [https://www.google.com/ncr], and after redirection: [www.google.com] @22-09-2021 14:16:54.0688 PM
[ReportManager] Initial URL: [data:,] @22-09-2021 14:16:54.0727 PM
[ReportManager] Browser Action [NavigateToURL] successfully performed. With the following test data [https://www.google.com/ncr]. @22-09-2021 14:16:55.0582 PM
[ReportManager] Waiting for element to be present; elementLocator [By.xpath: //*[@id='hplogo' or @alt='Google']], numberOfTries[1], stateOfPresence[false]... @22-09-2021 14:16:55.0587 PM
[ReportManager] Element Action [WaitForElementToBePresent] failed. With the following test data [waited for the element's state of presence to be (false). Element locator (By.xpath: //*[@id='hplogo' or @alt='Google'])]. @22-09-2021 14:16:55.0839 PM
[ReportManager] Successfully created attachment [Screenshot - 1632320215772_waitForElementToBePresent_false_expectedToFail_WaitForElementToBePresent_failed] @22-09-2021 14:16:55.0839 P
[ReportManager] Browser Action [CloseCurrentWindow] successfully performed. @22-09-2021 14:16:55.0969 PM
[ReportManager] Successfully created attachment [Browser Action Test Data - CloseCurrentWindow - Actual Value] @22-09-2021 14:16:55.0970 P
[ReportManager] File Action [GetAbsolutePath] successfully performed. With the following test data [Relative Folder Path: "target/downloadedFiles/"]. @22-09-2021 14:16:55.0972 PM
[ReportManager] Attempting to run remotely on: [Linux-64], [GoogleChrome], [http://localhost:4444/wd/hub], Headless Execution. @22-09-2021 14:16:55.0973 PM
[ReportManager] Successfully Opened [GoogleChrome]. @22-09-2021 14:16:56.0177 P

################################################################################################################################################
Starting Execution:	[50 out of 143] test cases in the current suite
Test Method:		[unitTests.tests_element_elementActions.waitForElementToBePresent_false_expectedToPass]
################################################################################################################################################
[ReportManager] Target URL: [https://www.google.com/ncr], and after redirection: [www.google.com] @22-09-2021 14:16:56.0197 PM
[ReportManager] Initial URL: [data:,] @22-09-2021 14:16:56.0231 PM
[ReportManager] Browser Action [NavigateToURL] successfully performed. With the following test data [https://www.google.com/ncr]. @22-09-2021 14:16:57.0061 PM
[ReportManager] Waiting for element to be present; elementLocator [By.id: bla], numberOfTries[1], stateOfPresence[false]... @22-09-2021 14:16:57.0061 PM
[ReportManager] Element Action [WaitForElementToBePresent] successfully performed. With the following test data [waited for the element's state of presence to be (false). Element locator (By.id: bla)]. @22-09-2021 14:17:02.0176 P
[ReportManager] Browser Action [CloseCurrentWindow] successfully performed. @22-09-2021 14:17:02.0293 PM
[ReportManager] Successfully created attachment [Browser Action Test Data - CloseCurrentWindow - Actual Value] @22-09-2021 14:17:02.0294 P
[ReportManager] File Action [GetAbsolutePath] successfully performed. With the following test data [Relative Folder Path: "target/downloadedFiles/"]. @22-09-2021 14:17:02.0296 PM
[ReportManager] Attempting to run remotely on: [Linux-64], [GoogleChrome], [http://localhost:4444/wd/hub], Headless Execution. @22-09-2021 14:17:02.0296 PM
[ReportManager] Successfully Opened [GoogleChrome]. @22-09-2021 14:17:02.0501 P

################################################################################################################################################
Starting Execution:	[51 out of 143] test cases in the current suite
Test Method:		[unitTests.tests_element_elementActions.waitForElementToBePresent_moreThanOneElement_expectedToFail]
################################################################################################################################################
[ReportManager] Target URL: [https://www.google.com/ncr], and after redirection: [www.google.com] @22-09-2021 14:17:02.0525 PM
[ReportManager] Initial URL: [data:,] @22-09-2021 14:17:02.0565 PM
[ReportManager] Browser Action [NavigateToURL] successfully performed. With the following test data [https://www.google.com/ncr]. @22-09-2021 14:17:03.0417 PM
[ReportManager] Waiting for element to be present; elementLocator [By.xpath: //*], numberOfTries[1], stateOfPresence[false]... @22-09-2021 14:17:03.0417 PM
[ReportManager] Element Action [WaitForElementToBePresent] failed. With the following test data [waited for the element's state of presence to be (false). Element locator (By.xpath: //*)]. @22-09-2021 14:17:03.0682 PM
[ReportManager] Successfully created attachment [Screenshot - 1632320223609_waitForElementToBePresent_moreThanOneElement_expectedToFail_WaitForElementToBePresent_failed] @22-09-2021 14:17:03.0682 P
[ReportManager] Browser Action [CloseCurrentWindow] successfully performed. @22-09-2021 14:17:03.0800 PM
[ReportManager] Successfully created attachment [Browser Action Test Data - CloseCurrentWindow - Actual Value] @22-09-2021 14:17:03.0801 P
[ReportManager] File Action [GetAbsolutePath] successfully performed. With the following test data [Relative Folder Path: "target/downloadedFiles/"]. @22-09-2021 14:17:03.0803 PM
[ReportManager] Attempting to run remotely on: [Linux-64], [GoogleChrome], [http://localhost:4444/wd/hub], Headless Execution. @22-09-2021 14:17:03.0803 PM
[ReportManager] Successfully Opened [GoogleChrome]. @22-09-2021 14:17:04.0005 P

################################################################################################################################################
Starting Execution:	[52 out of 143] test cases in the current suite
Test Method:		[unitTests.tests_element_elementActions.waitForElementToBePresent_true_expectedToFail]
################################################################################################################################################
[ReportManager] Target URL: [https://www.google.com/ncr], and after redirection: [www.google.com] @22-09-2021 14:17:04.0023 PM
[ReportManager] Initial URL: [data:,] @22-09-2021 14:17:04.0076 PM
[ReportManager] Browser Action [NavigateToURL] successfully performed. With the following test data [https://www.google.com/ncr]. @22-09-2021 14:17:04.0869 PM
[ReportManager] Waiting for element to be present; elementLocator [By.id: bla], numberOfTries[1], stateOfPresence[true]... @22-09-2021 14:17:04.0869 PM
[ReportManager] Element Action [WaitForElementToBePresent] failed. With the following test data [waited for the element's state of presence to be (true). Element locator (By.id: bla)]. @22-09-2021 14:17:10.0121 PM
[ReportManager] Successfully created attachment [Screenshot - 1632320230069_waitForElementToBePresent_true_expectedToFail_WaitForElementToBePresent_failed] @22-09-2021 14:17:10.0122 P
[ReportManager] Browser Action [CloseCurrentWindow] successfully performed. @22-09-2021 14:17:10.0250 PM
[ReportManager] Successfully created attachment [Browser Action Test Data - CloseCurrentWindow - Actual Value] @22-09-2021 14:17:10.0252 P
[ReportManager] File Action [GetAbsolutePath] successfully performed. With the following test data [Relative Folder Path: "target/downloadedFiles/"]. @22-09-2021 14:17:10.0255 PM
[ReportManager] Attempting to run remotely on: [Linux-64], [GoogleChrome], [http://localhost:4444/wd/hub], Headless Execution. @22-09-2021 14:17:10.0255 PM
[ReportManager] Successfully Opened [GoogleChrome]. @22-09-2021 14:17:10.0465 P

################################################################################################################################################
Starting Execution:	[53 out of 143] test cases in the current suite
Test Method:		[unitTests.tests_element_elementActions.waitForElementToBePresent_true_expectedToPass]
################################################################################################################################################
[ReportManager] Target URL: [https://www.google.com/ncr], and after redirection: [www.google.com] @22-09-2021 14:17:10.0478 PM
[ReportManager] Initial URL: [data:,] @22-09-2021 14:17:10.0525 PM
[ReportManager] Browser Action [NavigateToURL] successfully performed. With the following test data [https://www.google.com/ncr]. @22-09-2021 14:17:11.0320 PM
[ReportManager] Waiting for element to be present; elementLocator [By.xpath: //*[@id='hplogo' or @alt='Google']], numberOfTries[1], stateOfPresence[true]... @22-09-2021 14:17:11.0320 PM
[ReportManager] Element Action [WaitForElementToBePresent] successfully performed. With the following test data [waited for the element's state of presence to be (true). Element locator (By.xpath: //*[@id='hplogo' or @alt='Google'])]. @22-09-2021 14:17:11.0371 PM
[ReportManager] File Action [DoesFileExist] successfully performed. With the following test data [File Path: "src/test/resources/DynamicObjectRepository/unitTests_tests_element_elementActions_waitForElementToBePresent_true_expectedToPass_By_xpath_id_hplogo_or_alt_Google.png"]. @22-09-2021 14:17:11.0374 PM
[ReportManager] File Action [DoesFileExist] successfully performed. With the following test data [File Path: "src/test/resources/DynamicObjectRepository/unitTests_tests_element_elementActions_waitForElementToBePresent_true_expectedToPass_By_xpath_id_hplogo_or_alt_Google.png"]. @22-09-2021 14:17:11.0559 PM
[ReportManager] Passing the test and saving a reference image @22-09-2021 14:17:11.0559 PM
[ReportManager] File Action [GetAbsolutePath] successfully performed. With the following test data [Relative File Path: "src/test/resources/DynamicObjectRepository/unitTests_tests_element_elementActions_waitForElementToBePresent_true_expectedToPass_By_xpath_id_hplogo_or_alt_Google.png"]. @22-09-2021 14:17:11.0560 PM
[ReportManager] File Action [WriteToFile] successfully performed. With the following test data [Target File Path: "/home/runner/work/SHAFT_ENGINE/SHAFT_ENGINE/src/test/resources/DynamicObjectRepository/unitTests_tests_element_elementActions_waitForElementToBePresent_true_expectedToPass_By_xpath_id_hplogo_or_alt_Google.png"]. @22-09-2021 14:17:11.0563 PM
[ReportManager] Assertion Passed: Using Visual AI; OpenCV @22-09-2021 14:17:11.0566 PM
[ReportManager] Successfully created attachment [Validation Test Data - Actual Screenshot] @22-09-2021 14:17:11.0567 PM
[ReportManager] Assertion [ValidateElementMatches] PASSED. Expected [Element should match the reference screenshot] and Actual [TRUE]. Comparison Type [EXACT_OPENCV]. Validation Type [POSITIVE]. @22-09-2021 14:17:11.0567 P
[ReportManager] Browser Action [CloseCurrentWindow] successfully performed. @22-09-2021 14:17:11.0692 PM
[ReportManager] Successfully created attachment [Browser Action Test Data - CloseCurrentWindow - Actual Value] @22-09-2021 14:17:11.0692 P
[ReportManager] File Action [GetAbsolutePath] successfully performed. With the following test data [Relative Folder Path: "target/downloadedFiles/"]. @22-09-2021 14:17:11.0695 PM
[ReportManager] Attempting to run remotely on: [Linux-64], [GoogleChrome], [http://localhost:4444/wd/hub], Headless Execution. @22-09-2021 14:17:11.0696 PM
[ReportManager] Successfully Opened [GoogleChrome]. @22-09-2021 14:17:11.0890 PM
[ReportManager] Target URL: [https://duckduckgo.com] @22-09-2021 14:17:11.0900 PM
[ReportManager] Initial URL: [data:,] @22-09-2021 14:17:11.0954 PM
[ReportManager] Browser Action [NavigateToURL] successfully performed. With the following test data [https://duckduckgo.com]. @22-09-2021 14:17:12.0482 P

################################################################################################################################################
Starting Execution:	[54 out of 143] test cases in the current suite
Test Method:		[unitTests.tests_browserActions.fullScreenWindow]
################################################################################################################################################
[ReportManager] Initial Windows Size: 800x600 @22-09-2021 14:17:12.0494 PM
[ReportManager] Initial window size: (800, 600) @22-09-2021 14:17:12.0497 PM
[ReportManager] Window size after Toolkit: (1920, 1080) @22-09-2021 14:17:12.0725 PM
[ReportManager] Browser Action [MaximizeWindow] successfully performed. With the following test data [New screen size is now: (1920, 1080)]. @22-09-2021 14:17:12.0727 PM
[ReportManager] Current Windows Size after fullScreen: 1920x1080 @22-09-2021 14:17:12.0733 PM
[ReportManager] Browser Action [FullScreenWindow] successfully performed. @22-09-2021 14:17:12.0748 PM
[ReportManager] Successfully created attachment [Browser Action Test Data - FullScreenWindow - Actual Value] @22-09-2021 14:17:12.0750 P
[ReportManager] Target URL: [https://duckduckgo.com] @22-09-2021 14:17:12.0753 PM
[ReportManager] Initial URL: [https://duckduckgo.com] @22-09-2021 14:17:12.0805 PM
[ReportManager] Browser Action [NavigateToURL] successfully performed. With the following test data [https://duckduckgo.com]. @22-09-2021 14:17:13.0107 PM
[ReportManager] Browser Action [CloseCurrentWindow] successfully performed. @22-09-2021 14:17:13.0207 PM
[ReportManager] Successfully created attachment [Browser Action Test Data - CloseCurrentWindow - Actual Value] @22-09-2021 14:17:13.0208 P
[ReportManager] File Action [GetAbsolutePath] successfully performed. With the following test data [Relative Folder Path: "target/downloadedFiles/"]. @22-09-2021 14:17:13.0210 PM
[ReportManager] Attempting to run remotely on: [Linux-64], [GoogleChrome], [http://localhost:4444/wd/hub], Headless Execution. @22-09-2021 14:17:13.0210 PM
[ReportManager] Successfully Opened [GoogleChrome]. @22-09-2021 14:17:13.0421 PM
[ReportManager] Target URL: [https://duckduckgo.com] @22-09-2021 14:17:13.0433 PM
[ReportManager] Initial URL: [data:,] @22-09-2021 14:17:13.0472 PM
[ReportManager] Browser Action [NavigateToURL] successfully performed. With the following test data [https://duckduckgo.com]. @22-09-2021 14:17:13.0954 P

################################################################################################################################################
Starting Execution:	[55 out of 143] test cases in the current suite
Test Method:		[unitTests.tests_browserActions.getCurrentURL]
################################################################################################################################################
[ReportManager] Browser Action [GetCurrentURL] successfully performed. With the following test data [https://duckduckgo.com/]. @22-09-2021 14:17:13.0992 P
[ReportManager] Target URL: [https://duckduckgo.com] @22-09-2021 14:17:13.0995 PM
[ReportManager] Initial URL: [https://duckduckgo.com] @22-09-2021 14:17:14.0051 PM
[ReportManager] Browser Action [NavigateToURL] successfully performed. With the following test data [https://duckduckgo.com]. @22-09-2021 14:17:14.0385 PM
[ReportManager] Browser Action [CloseCurrentWindow] successfully performed. @22-09-2021 14:17:14.0489 PM
[ReportManager] Successfully created attachment [Browser Action Test Data - CloseCurrentWindow - Actual Value] @22-09-2021 14:17:14.0490 P
[ReportManager] File Action [GetAbsolutePath] successfully performed. With the following test data [Relative Folder Path: "target/downloadedFiles/"]. @22-09-2021 14:17:14.0491 PM
[ReportManager] Attempting to run remotely on: [Linux-64], [GoogleChrome], [http://localhost:4444/wd/hub], Headless Execution. @22-09-2021 14:17:14.0492 PM
[ReportManager] Successfully Opened [GoogleChrome]. @22-09-2021 14:17:14.0707 PM
[ReportManager] Target URL: [https://duckduckgo.com] @22-09-2021 14:17:14.0725 PM
[ReportManager] Initial URL: [data:,] @22-09-2021 14:17:14.0783 PM
[ReportManager] Browser Action [NavigateToURL] successfully performed. With the following test data [https://duckduckgo.com]. @22-09-2021 14:17:15.0278 P

################################################################################################################################################
Starting Execution:	[56 out of 143] test cases in the current suite
Test Method:		[unitTests.tests_browserActions.getCurrentWindowTitle]
################################################################################################################################################
[ReportManager] Browser Action [GetCurrentWindowTitle] successfully performed. With the following test data [DuckDuckGo  Privacy, simplified.]. @22-09-2021 14:17:15.0323 P
[ReportManager] Target URL: [https://duckduckgo.com] @22-09-2021 14:17:15.0326 PM
[ReportManager] Initial URL: [https://duckduckgo.com] @22-09-2021 14:17:15.0386 PM
[ReportManager] Browser Action [NavigateToURL] successfully performed. With the following test data [https://duckduckgo.com]. @22-09-2021 14:17:15.0691 PM
[ReportManager] Browser Action [CloseCurrentWindow] successfully performed. @22-09-2021 14:17:15.0861 PM
[ReportManager] Successfully created attachment [Browser Action Test Data - CloseCurrentWindow - Actual Value] @22-09-2021 14:17:15.0861 P
[ReportManager] File Action [GetAbsolutePath] successfully performed. With the following test data [Relative Folder Path: "target/downloadedFiles/"]. @22-09-2021 14:17:15.0864 PM
[ReportManager] Attempting to run remotely on: [Linux-64], [GoogleChrome], [http://localhost:4444/wd/hub], Headless Execution. @22-09-2021 14:17:15.0865 PM
[ReportManager] Successfully Opened [GoogleChrome]. @22-09-2021 14:17:16.0200 PM
[ReportManager] Target URL: [https://duckduckgo.com] @22-09-2021 14:17:16.0229 PM
[ReportManager] Initial URL: [data:,] @22-09-2021 14:17:16.0267 PM
[ReportManager] Browser Action [NavigateToURL] successfully performed. With the following test data [https://duckduckgo.com]. @22-09-2021 14:17:17.0045 P

################################################################################################################################################
Starting Execution:	[57 out of 143] test cases in the current suite
Test Method:		[unitTests.tests_browserActions.getPageSource]
################################################################################################################################################
[ReportManager] Browser Action [GetPageSource] successfully performed. @22-09-2021 14:17:17.0094 PM
[ReportManager] Successfully created attachment [Browser Action Test Data - GetPageSource - Actual Value] @22-09-2021 14:17:17.0103 P
[ReportManager] Target URL: [https://duckduckgo.com] @22-09-2021 14:17:17.0106 PM
[ReportManager] Initial URL: [https://duckduckgo.com] @22-09-2021 14:17:17.0156 PM
[ReportManager] Browser Action [NavigateToURL] successfully performed. With the following test data [https://duckduckgo.com]. @22-09-2021 14:17:17.0565 PM
[ReportManager] Browser Action [CloseCurrentWindow] successfully performed. @22-09-2021 14:17:17.0663 PM
[ReportManager] Successfully created attachment [Browser Action Test Data - CloseCurrentWindow - Actual Value] @22-09-2021 14:17:17.0664 P
[ReportManager] File Action [GetAbsolutePath] successfully performed. With the following test data [Relative Folder Path: "target/downloadedFiles/"]. @22-09-2021 14:17:17.0670 PM
[ReportManager] Attempting to run remotely on: [Linux-64], [GoogleChrome], [http://localhost:4444/wd/hub], Headless Execution. @22-09-2021 14:17:17.0670 PM
[ReportManager] Successfully Opened [GoogleChrome]. @22-09-2021 14:17:18.0033 PM
[ReportManager] Target URL: [https://duckduckgo.com] @22-09-2021 14:17:18.0045 PM
[ReportManager] Initial URL: [data:,] @22-09-2021 14:17:18.0085 PM
[ReportManager] Browser Action [NavigateToURL] successfully performed. With the following test data [https://duckduckgo.com]. @22-09-2021 14:17:18.0542 P

################################################################################################################################################
Starting Execution:	[58 out of 143] test cases in the current suite
Test Method:		[unitTests.tests_browserActions.getWindowHandle]
################################################################################################################################################
[ReportManager] Browser Action [GetWindowHandle] successfully performed. With the following test data [CDwindow-6D7B4B297C45B57309FF634E1EFFB9DB]. @22-09-2021 14:17:18.0577 P
[ReportManager] Target URL: [https://duckduckgo.com] @22-09-2021 14:17:18.0580 PM
[ReportManager] Initial URL: [https://duckduckgo.com] @22-09-2021 14:17:18.0630 PM
[ReportManager] Browser Action [NavigateToURL] successfully performed. With the following test data [https://duckduckgo.com]. @22-09-2021 14:17:18.0910 PM
[ReportManager] Browser Action [CloseCurrentWindow] successfully performed. @22-09-2021 14:17:19.0007 PM
[ReportManager] Successfully created attachment [Browser Action Test Data - CloseCurrentWindow - Actual Value] @22-09-2021 14:17:19.0007 P
[ReportManager] File Action [GetAbsolutePath] successfully performed. With the following test data [Relative Folder Path: "target/downloadedFiles/"]. @22-09-2021 14:17:19.0009 PM
[ReportManager] Attempting to run remotely on: [Linux-64], [GoogleChrome], [http://localhost:4444/wd/hub], Headless Execution. @22-09-2021 14:17:19.0009 PM
[ReportManager] Successfully Opened [GoogleChrome]. @22-09-2021 14:17:19.0215 PM
[ReportManager] Target URL: [https://duckduckgo.com] @22-09-2021 14:17:19.0229 PM
[ReportManager] Initial URL: [data:,] @22-09-2021 14:17:19.0263 PM
[ReportManager] Browser Action [NavigateToURL] successfully performed. With the following test data [https://duckduckgo.com]. @22-09-2021 14:17:19.0715 P

################################################################################################################################################
Starting Execution:	[59 out of 143] test cases in the current suite
Test Method:		[unitTests.tests_browserActions.getWindowPosition]
################################################################################################################################################
[ReportManager] Browser Action [GetWindowPosition] successfully performed. With the following test data [(0, 0)]. @22-09-2021 14:17:19.0744 P
[ReportManager] Target URL: [https://duckduckgo.com] @22-09-2021 14:17:19.0745 PM
[ReportManager] Initial URL: [https://duckduckgo.com] @22-09-2021 14:17:19.0792 PM
[ReportManager] Browser Action [NavigateToURL] successfully performed. With the following test data [https://duckduckgo.com]. @22-09-2021 14:17:20.0093 PM
[ReportManager] Browser Action [CloseCurrentWindow] successfully performed. @22-09-2021 14:17:20.0196 PM
[ReportManager] Successfully created attachment [Browser Action Test Data - CloseCurrentWindow - Actual Value] @22-09-2021 14:17:20.0196 P
[ReportManager] File Action [GetAbsolutePath] successfully performed. With the following test data [Relative Folder Path: "target/downloadedFiles/"]. @22-09-2021 14:17:20.0200 PM
[ReportManager] Attempting to run remotely on: [Linux-64], [GoogleChrome], [http://localhost:4444/wd/hub], Headless Execution. @22-09-2021 14:17:20.0200 PM
[ReportManager] Successfully Opened [GoogleChrome]. @22-09-2021 14:17:20.0412 PM
[ReportManager] Target URL: [https://duckduckgo.com] @22-09-2021 14:17:20.0428 PM
[ReportManager] Initial URL: [data:,] @22-09-2021 14:17:20.0464 PM
[ReportManager] Browser Action [NavigateToURL] successfully performed. With the following test data [https://duckduckgo.com]. @22-09-2021 14:17:20.0924 P

################################################################################################################################################
Starting Execution:	[60 out of 143] test cases in the current suite
Test Method:		[unitTests.tests_browserActions.getWindowSize]
################################################################################################################################################
[ReportManager] Browser Action [GetWindowSize] successfully performed. With the following test data [(800, 600)]. @22-09-2021 14:17:20.0956 P
[ReportManager] Target URL: [https://duckduckgo.com] @22-09-2021 14:17:20.0958 PM
[ReportManager] Initial URL: [https://duckduckgo.com] @22-09-2021 14:17:21.0025 PM
[ReportManager] Browser Action [NavigateToURL] successfully performed. With the following test data [https://duckduckgo.com]. @22-09-2021 14:17:21.0293 PM
[ReportManager] Browser Action [CloseCurrentWindow] successfully performed. @22-09-2021 14:17:21.0392 PM
[ReportManager] Successfully created attachment [Browser Action Test Data - CloseCurrentWindow - Actual Value] @22-09-2021 14:17:21.0393 P
[ReportManager] File Action [GetAbsolutePath] successfully performed. With the following test data [Relative Folder Path: "target/downloadedFiles/"]. @22-09-2021 14:17:21.0395 PM
[ReportManager] Attempting to run remotely on: [Linux-64], [GoogleChrome], [http://localhost:4444/wd/hub], Headless Execution. @22-09-2021 14:17:21.0395 PM
[ReportManager] Successfully Opened [GoogleChrome]. @22-09-2021 14:17:21.0583 PM
[ReportManager] Target URL: [https://duckduckgo.com] @22-09-2021 14:17:21.0597 PM
[ReportManager] Initial URL: [data:,] @22-09-2021 14:17:21.0640 PM
[ReportManager] Browser Action [NavigateToURL] successfully performed. With the following test data [https://duckduckgo.com]. @22-09-2021 14:17:22.0087 P

################################################################################################################################################
Starting Execution:	[61 out of 143] test cases in the current suite
Test Method:		[unitTests.tests_browserActions.maximizeWindow]
################################################################################################################################################
[ReportManager] Initial window size: (800, 600) @22-09-2021 14:17:22.0095 PM
[ReportManager] Window size after Toolkit: (1920, 1080) @22-09-2021 14:17:22.0311 PM
[ReportManager] Browser Action [MaximizeWindow] successfully performed. With the following test data [New screen size is now: (1920, 1080)]. @22-09-2021 14:17:22.0313 P
[ReportManager] Target URL: [https://duckduckgo.com] @22-09-2021 14:17:22.0316 PM
[ReportManager] Initial URL: [https://duckduckgo.com] @22-09-2021 14:17:22.0381 PM
[ReportManager] Browser Action [NavigateToURL] successfully performed. With the following test data [https://duckduckgo.com]. @22-09-2021 14:17:22.0680 PM
[ReportManager] Browser Action [CloseCurrentWindow] successfully performed. @22-09-2021 14:17:22.0776 PM
[ReportManager] Successfully created attachment [Browser Action Test Data - CloseCurrentWindow - Actual Value] @22-09-2021 14:17:22.0780 P
[ReportManager] File Action [GetAbsolutePath] successfully performed. With the following test data [Relative Folder Path: "target/downloadedFiles/"]. @22-09-2021 14:17:22.0782 PM
[ReportManager] Attempting to run remotely on: [Linux-64], [GoogleChrome], [http://localhost:4444/wd/hub], Headless Execution. @22-09-2021 14:17:22.0782 PM
[ReportManager] Successfully Opened [GoogleChrome]. @22-09-2021 14:17:22.0985 PM
[ReportManager] Target URL: [https://duckduckgo.com] @22-09-2021 14:17:22.0998 PM
[ReportManager] Initial URL: [data:,] @22-09-2021 14:17:23.0046 PM
[ReportManager] Browser Action [NavigateToURL] successfully performed. With the following test data [https://duckduckgo.com]. @22-09-2021 14:17:23.0520 P

################################################################################################################################################
Starting Execution:	[62 out of 143] test cases in the current suite
Test Method:		[unitTests.tests_browserActions.navigateBack]
################################################################################################################################################
[ReportManager] Target URL: [https://www.google.com/ncr], and after redirection: [https://www.google.com] @22-09-2021 14:17:23.0526 PM
[ReportManager] Initial URL: [https://duckduckgo.com] @22-09-2021 14:17:23.0578 PM
[ReportManager] Browser Action [NavigateToURL] successfully performed. With the following test data [https://www.google.com/ncr]. @22-09-2021 14:17:24.0356 PM
[ReportManager] Browser Action [NavigateBack] successfully performed. With the following test data [https://duckduckgo.com/]. @22-09-2021 14:17:24.0690 PM
[ReportManager] Browser Action [GetCurrentURL] successfully performed. With the following test data [https://duckduckgo.com/]. @22-09-2021 14:17:24.0718 PM
[ReportManager] Assertion Passed: Confirming that navigating back was successful @22-09-2021 14:17:24.0846 PM
[ReportManager] Successfully created attachment [Screenshot - 1632320244797_navigateBack_ValidateBrowserAttribute_passed] @22-09-2021 14:17:24.0847 PM
[ReportManager] Assertion [ValidateBrowserAttribute] PASSED. Expected [Value Should be 'https://duckduckgo.com' for the 'CurrentUrl' attribute] and Actual [https://duckduckgo.com/]. Comparison Type [CONTAINS]. Validation Type [POSITIVE]. @22-09-2021 14:17:24.0847 P
[ReportManager] Target URL: [https://duckduckgo.com] @22-09-2021 14:17:24.0848 PM
[ReportManager] Initial URL: [https://duckduckgo.com] @22-09-2021 14:17:24.0906 PM
[ReportManager] Browser Action [NavigateToURL] successfully performed. With the following test data [https://duckduckgo.com]. @22-09-2021 14:17:25.0213 PM
[ReportManager] Browser Action [CloseCurrentWindow] successfully performed. @22-09-2021 14:17:25.0309 PM
[ReportManager] Successfully created attachment [Browser Action Test Data - CloseCurrentWindow - Actual Value] @22-09-2021 14:17:25.0309 P
[ReportManager] File Action [GetAbsolutePath] successfully performed. With the following test data [Relative Folder Path: "target/downloadedFiles/"]. @22-09-2021 14:17:25.0312 PM
[ReportManager] Attempting to run remotely on: [Linux-64], [GoogleChrome], [http://localhost:4444/wd/hub], Headless Execution. @22-09-2021 14:17:25.0312 PM
[ReportManager] Successfully Opened [GoogleChrome]. @22-09-2021 14:17:25.0517 PM
[ReportManager] Target URL: [https://duckduckgo.com] @22-09-2021 14:17:25.0527 PM
[ReportManager] Initial URL: [data:,] @22-09-2021 14:17:25.0572 PM
[ReportManager] Browser Action [NavigateToURL] successfully performed. With the following test data [https://duckduckgo.com]. @22-09-2021 14:17:26.0100 P

################################################################################################################################################
Starting Execution:	[63 out of 143] test cases in the current suite
Test Method:		[unitTests.tests_browserActions.navigateForward]
################################################################################################################################################
[ReportManager] Target URL: [https://www.google.com/ncr], and after redirection: [https://www.google.com] @22-09-2021 14:17:26.0102 PM
[ReportManager] Initial URL: [https://duckduckgo.com] @22-09-2021 14:17:26.0158 PM
[ReportManager] Browser Action [NavigateToURL] successfully performed. With the following test data [https://www.google.com/ncr]. @22-09-2021 14:17:27.0025 PM
[ReportManager] Browser Action [NavigateBack] successfully performed. With the following test data [https://duckduckgo.com/]. @22-09-2021 14:17:27.0398 PM
[ReportManager] Browser Action [NavigateForward] successfully performed. With the following test data [https://www.google.com/]. @22-09-2021 14:17:27.0807 P
[ReportManager] Target URL: [https://duckduckgo.com] @22-09-2021 14:17:27.0812 PM
[ReportManager] Initial URL: [https://www.google.com] @22-09-2021 14:17:27.0881 PM
[ReportManager] Browser Action [NavigateToURL] successfully performed. With the following test data [https://duckduckgo.com]. @22-09-2021 14:17:28.0316 PM
[ReportManager] Browser Action [CloseCurrentWindow] successfully performed. @22-09-2021 14:17:28.0410 PM
[ReportManager] Successfully created attachment [Browser Action Test Data - CloseCurrentWindow - Actual Value] @22-09-2021 14:17:28.0410 P
[ReportManager] File Action [GetAbsolutePath] successfully performed. With the following test data [Relative Folder Path: "target/downloadedFiles/"]. @22-09-2021 14:17:28.0412 PM
[ReportManager] Attempting to run remotely on: [Linux-64], [GoogleChrome], [http://localhost:4444/wd/hub], Headless Execution. @22-09-2021 14:17:28.0412 PM
[ReportManager] Successfully Opened [GoogleChrome]. @22-09-2021 14:17:28.0606 PM
[ReportManager] Target URL: [https://duckduckgo.com] @22-09-2021 14:17:28.0615 PM
[ReportManager] Initial URL: [data:,] @22-09-2021 14:17:28.0650 PM
[ReportManager] Browser Action [NavigateToURL] successfully performed. With the following test data [https://duckduckgo.com]. @22-09-2021 14:17:29.0111 P

################################################################################################################################################
Starting Execution:	[64 out of 143] test cases in the current suite
Test Method:		[unitTests.tests_browserActions.navigateToURL]
################################################################################################################################################
[ReportManager] Target URL: [https://duckduckgo.com] @22-09-2021 14:17:29.0117 PM
[ReportManager] Initial URL: [https://duckduckgo.com] @22-09-2021 14:17:29.0169 PM
[ReportManager] Browser Action [NavigateToURL] successfully performed. With the following test data [https://duckduckgo.com]. @22-09-2021 14:17:29.0458 P
[ReportManager] Target URL: [https://duckduckgo.com] @22-09-2021 14:17:29.0462 PM
[ReportManager] Initial URL: [https://duckduckgo.com] @22-09-2021 14:17:29.0524 PM
[ReportManager] Browser Action [NavigateToURL] successfully performed. With the following test data [https://duckduckgo.com]. @22-09-2021 14:17:29.0816 PM
[ReportManager] Browser Action [CloseCurrentWindow] successfully performed. @22-09-2021 14:17:29.0920 PM
[ReportManager] Successfully created attachment [Browser Action Test Data - CloseCurrentWindow - Actual Value] @22-09-2021 14:17:29.0920 P
[ReportManager] File Action [GetAbsolutePath] successfully performed. With the following test data [Relative Folder Path: "target/downloadedFiles/"]. @22-09-2021 14:17:29.0923 PM
[ReportManager] Attempting to run remotely on: [Linux-64], [GoogleChrome], [http://localhost:4444/wd/hub], Headless Execution. @22-09-2021 14:17:29.0923 PM
[ReportManager] Successfully Opened [GoogleChrome]. @22-09-2021 14:17:30.0108 PM
[ReportManager] Target URL: [https://duckduckgo.com] @22-09-2021 14:17:30.0118 PM
[ReportManager] Initial URL: [data:,] @22-09-2021 14:17:30.0156 PM
[ReportManager] Browser Action [NavigateToURL] successfully performed. With the following test data [https://duckduckgo.com]. @22-09-2021 14:17:30.0668 P

################################################################################################################################################
Starting Execution:	[65 out of 143] test cases in the current suite
Test Method:		[unitTests.tests_browserActions.navigateToURLWithRedirection]
################################################################################################################################################
[ReportManager] Target URL: [https://www.google.com/ncr], and after redirection: [https://www.google.com] @22-09-2021 14:17:30.0672 PM
[ReportManager] Initial URL: [https://duckduckgo.com] @22-09-2021 14:17:30.0729 PM
[ReportManager] Browser Action [NavigateToURL] successfully performed. With the following test data [https://www.google.com/ncr]. @22-09-2021 14:17:31.0570 P
[ReportManager] Target URL: [https://duckduckgo.com] @22-09-2021 14:17:31.0572 PM
[ReportManager] Initial URL: [https://www.google.com] @22-09-2021 14:17:31.0685 PM
[ReportManager] Browser Action [NavigateToURL] successfully performed. With the following test data [https://duckduckgo.com]. @22-09-2021 14:17:32.0149 PM
[ReportManager] Browser Action [CloseCurrentWindow] successfully performed. @22-09-2021 14:17:32.0244 PM
[ReportManager] Successfully created attachment [Browser Action Test Data - CloseCurrentWindow - Actual Value] @22-09-2021 14:17:32.0245 P
[ReportManager] File Action [GetAbsolutePath] successfully performed. With the following test data [Relative Folder Path: "target/downloadedFiles/"]. @22-09-2021 14:17:32.0247 PM
[ReportManager] Attempting to run remotely on: [Linux-64], [GoogleChrome], [http://localhost:4444/wd/hub], Headless Execution. @22-09-2021 14:17:32.0247 PM
[ReportManager] Successfully Opened [GoogleChrome]. @22-09-2021 14:17:32.0467 PM
[ReportManager] Target URL: [https://duckduckgo.com] @22-09-2021 14:17:32.0476 PM
[ReportManager] Initial URL: [data:,] @22-09-2021 14:17:32.0514 PM
[ReportManager] Browser Action [NavigateToURL] successfully performed. With the following test data [https://duckduckgo.com]. @22-09-2021 14:17:32.0979 P

################################################################################################################################################
Starting Execution:	[66 out of 143] test cases in the current suite
Test Method:		[unitTests.tests_browserActions.refreshCurrentPage]
################################################################################################################################################
[ReportManager] Browser Action [RefreshCurrentPage] successfully performed. @22-09-2021 14:17:33.0195 PM
[ReportManager] Successfully created attachment [Browser Action Test Data - RefreshCurrentPage - Actual Value] @22-09-2021 14:17:33.0196 P
[ReportManager] Target URL: [https://duckduckgo.com] @22-09-2021 14:17:33.0199 PM
[ReportManager] Initial URL: [https://duckduckgo.com] @22-09-2021 14:17:33.0271 PM
[ReportManager] Browser Action [NavigateToURL] successfully performed. With the following test data [https://duckduckgo.com]. @22-09-2021 14:17:33.0555 PM
[ReportManager] Browser Action [CloseCurrentWindow] successfully performed. @22-09-2021 14:17:33.0656 PM
[ReportManager] Successfully created attachment [Browser Action Test Data - CloseCurrentWindow - Actual Value] @22-09-2021 14:17:33.0657 P
[ReportManager] File Action [GetAbsolutePath] successfully performed. With the following test data [Relative Folder Path: "target/downloadedFiles/"]. @22-09-2021 14:17:33.0659 PM
[ReportManager] Attempting to run remotely on: [Linux-64], [GoogleChrome], [http://localhost:4444/wd/hub], Headless Execution. @22-09-2021 14:17:33.0659 PM
[ReportManager] Successfully Opened [GoogleChrome]. @22-09-2021 14:17:33.0841 PM
[ReportManager] Target URL: [https://duckduckgo.com] @22-09-2021 14:17:33.0850 PM
[ReportManager] Initial URL: [data:,] @22-09-2021 14:17:33.0886 PM
[ReportManager] Browser Action [NavigateToURL] successfully performed. With the following test data [https://duckduckgo.com]. @22-09-2021 14:17:34.0341 P

################################################################################################################################################
Starting Execution:	[67 out of 143] test cases in the current suite
Test Method:		[unitTests.tests_browserActions.setWindowSize]
################################################################################################################################################
[ReportManager] Initial window size: (800, 600) @22-09-2021 14:17:34.0351 PM
[ReportManager] Window size after SWD: (1280, 720) @22-09-2021 14:17:34.0568 PM
[ReportManager] Browser Action [SetWindowSize] successfully performed. With the following test data [New screen size is now: (1280, 720)]. @22-09-2021 14:17:34.0568 P
[ReportManager] Target URL: [https://duckduckgo.com] @22-09-2021 14:17:34.0578 PM
[ReportManager] Initial URL: [https://duckduckgo.com] @22-09-2021 14:17:34.0639 PM
[ReportManager] Browser Action [NavigateToURL] successfully performed. With the following test data [https://duckduckgo.com]. @22-09-2021 14:17:34.0937 PM
[ReportManager] Browser Action [CloseCurrentWindow] successfully performed. @22-09-2021 14:17:35.0043 PM
[ReportManager] Successfully created attachment [Browser Action Test Data - CloseCurrentWindow - Actual Value] @22-09-2021 14:17:35.0044 P
[ReportManager] Successfully loaded the following test data file [src/test/resources/TestDataFiles/testSuite01/TestData.xlsx]. @22-09-2021 14:17:35.0877 PM
[ReportManager] Successfully created attachment [Test Data - Excel] @22-09-2021 14:17:35.0878 P

################################################################################################################################################
Starting Execution:	[68 out of 143] test cases in the current suite
Test Method:		[unitTests.tests_io_excelFileManager.getCellData_rowName_expectedToPass]
################################################################################################################################################
[ReportManager] testRowData. @22-09-2021 14:17:35.0897 P
[ReportManager] Successfully loaded the following test data file [src/test/resources/TestDataFiles/testSuite01/TestData.xlsx]. @22-09-2021 14:17:35.0961 PM
[ReportManager] Successfully created attachment [Test Data - Excel] @22-09-2021 14:17:35.0961 PM
[ReportManager] File Action [GetAbsolutePath] successfully performed. With the following test data [Relative Folder Path: "target/downloadedFiles/"]. @22-09-2021 14:17:35.0961 PM
[ReportManager] Attempting to run remotely on: [Linux-64], [GoogleChrome], [http://localhost:4444/wd/hub], Headless Execution. @22-09-2021 14:17:35.0961 PM
[ReportManager] Successfully Opened [GoogleChrome]. @22-09-2021 14:17:36.0257 P

################################################################################################################################################
Starting Execution:	[69 out of 143] test cases in the current suite
Test Method:		[testPackage01.Test_google.navigateToURLandVerifyGoogleLogoIsDisplayed]
Test Description:	[TC001 - Navigate to URL and Verify Google Logo is Displayed]
################################################################################################################################################
[ReportManager] Target URL: [https://www.google.com/ncr], and after redirection: [https://www.google.com] @22-09-2021 14:17:36.0272 PM
[ReportManager] Initial URL: [data:,] @22-09-2021 14:17:36.0320 PM
[ReportManager] Browser Action [NavigateToURL] successfully performed. With the following test data [https://www.google.com/ncr]. @22-09-2021 14:17:37.0128 PM
[ReportManager] Loaded Shared OpenCV @22-09-2021 14:17:37.0321 PM
[ReportManager] Assertion [ValidateElementExists] PASSED. Expected [Element Should Exist, locator 'By.xpath: //*[@id='hplogo' or @alt='Google']'] and Actual [Element Exists]. Comparison Type [EQUALS]. Validation Type [POSITIVE]. @22-09-2021 14:17:37.0391 PM
[ReportManager] Successfully created attachment [Screenshot - 1632320257321_navigateToURLandVerifyGoogleLogoIsDisplayed_ValidateElementExists_passed] @22-09-2021 14:17:37.0393 P

################################################################################################################################################
Starting Execution:	[70 out of 143] test cases in the current suite
Test Method:		[testPackage01.Test_google.searchForQueryandAssertResultsNumDisplayed]
Test Description:	[TC002 - Search for Query and Assert that the number of results is displayed]
################################################################################################################################################
[ReportManager] Element Action [Type] successfully performed. With the following test data [SHAFT_Engine]. @22-09-2021 14:17:37.0744 PM
[ReportManager] Element Action [KeyPress] successfully performed. With the following test data [Enter]. @22-09-2021 14:17:39.0262 PM
[ReportManager] Element Action [GetText] successfully performed. With the following test data [About 1,030,000 results (0.81 seconds) ]. @22-09-2021 14:17:39.0343 PM
[ReportManager] Loaded Shared OpenCV @22-09-2021 14:17:39.0503 PM
[ReportManager] Assertion [ValidateElementAttribute] PASSED. Expected [Value Should not be '' for the 'Text' attribute, element locator 'By.id: appbar'] and Actual [About 1,030,000 results (0.81 seconds) ]. Comparison Type [EQUALS]. Validation Type [NEGATIVE]. @22-09-2021 14:17:39.0577 PM
[ReportManager] Successfully created attachment [Screenshot - 1632320259503_searchForQueryandAssertResultsNumDisplayed_ValidateElementAttribute_passed] @22-09-2021 14:17:39.0579 P

################################################################################################################################################
Starting Execution:	[71 out of 143] test cases in the current suite
Test Method:		[testPackage01.Test_google.clickNextThrice]
Test Description:	[TC003 - Clicks the next button to make sure that the framework can scroll element into view before clicking it]
################################################################################################################################################
[ReportManager] Element Action [Click] successfully performed. With the following test data [Next]. @22-09-2021 14:17:41.0157 P
[ReportManager] Browser Action [CloseCurrentWindow] successfully performed. @22-09-2021 14:17:41.0478 PM
[ReportManager] Successfully created attachment [Browser Action Test Data - CloseCurrentWindow - Actual Value] @22-09-2021 14:17:41.0485 P

################################################################################################################################################
Starting Execution:	[72 out of 143] test cases in the current suite
Test Method:		[testPackage01.Test_testData.f]
################################################################################################################################################
[ReportManager] Successfully loaded the following test data file [src/test/resources/TestDataFiles/testSuite01/TestData.xlsx]. @22-09-2021 14:17:41.0519 PM
[ReportManager] Successfully created attachment [Test Data - Excel] @22-09-2021 14:17:41.0519 PM
[ReportManager] Last Column Number is: [3]. Zero-based. @22-09-2021 14:17:41.0520 P

################################################################################################################################################
Starting Execution:	[73 out of 143] test cases in the current suite
Test Method:		[testPackage01.Test_JSONFileManager.readStringFromJson]
################################################################################################################################################
[ReportManager] Successfully loaded the following test data file [src/test/resources/TestDataFiles/simpleJSON.json]. @22-09-2021 14:17:41.0525 PM
[ReportManager] Successfully created attachment [Test Data - JSON] @22-09-2021 14:17:41.0526 PM
[ReportManager] Assertion [ValidateEquals] PASSED. Expected [Mohab Mohie] and Actual [Mohab Mohie]. Comparison Type [EQUALS]. Validation Type [POSITIVE]. @22-09-2021 14:17:41.0538 P
[ReportManager] File Action [GetAbsolutePath] successfully performed. With the following test data [Relative Folder Path: "target/downloadedFiles/"]. @22-09-2021 14:17:41.0542 PM
[ReportManager] Attempting to run remotely on: [Linux-64], [GoogleChrome], [http://localhost:4444/wd/hub], Headless Execution. @22-09-2021 14:17:41.0542 PM
[ReportManager] Successfully Opened [GoogleChrome]. @22-09-2021 14:17:41.0744 P

################################################################################################################################################
Starting Execution:	[74 out of 143] test cases in the current suite
Test Method:		[testPackage01.Test_dragAndDrop.dragAndDropJquery]
################################################################################################################################################
[ReportManager] Target URL: [https://jqueryui.com/resources/demos/droppable/default.html] @22-09-2021 14:17:41.0764 PM
[ReportManager] Initial URL: [data:,] @22-09-2021 14:17:41.0811 PM
[ReportManager] Browser Action [NavigateToURL] successfully performed. With the following test data [https://jqueryui.com/resources/demos/droppable/default.html]. @22-09-2021 14:17:42.0398 PM
[ReportManager] Element Action [GetText] successfully performed. With the following test data [Drop here]. @22-09-2021 14:17:42.0468 PM
[ReportManager] Element Action [DragAndDrop] successfully performed. With the following test data [Start point: (8, 18), End point: (8, 18)]. @22-09-2021 14:17:43.0784 PM
[ReportManager] Element Action [GetText] successfully performed. With the following test data [Dropped!]. @22-09-2021 14:17:43.0839 PM
[ReportManager] Assertion Passed: Checking to see if the text has changed after performing drag and drop @22-09-2021 14:17:43.0840 PM
[ReportManager] Assertion [ValidateEquals] PASSED. Expected [Drop here] and Actual [Dropped!]. Comparison Type [EQUALS]. Validation Type [NEGATIVE]. @22-09-2021 14:17:43.0840 P
[ReportManager] Browser Action [CloseCurrentWindow] successfully performed. @22-09-2021 14:17:43.0935 PM
[ReportManager] Successfully created attachment [Browser Action Test Data - CloseCurrentWindow - Actual Value] @22-09-2021 14:17:43.0936 P
[ReportManager] File Action [GetAbsolutePath] successfully performed. With the following test data [Relative Folder Path: "target/downloadedFiles/"]. @22-09-2021 14:17:43.0938 PM
[ReportManager] Attempting to run remotely on: [Linux-64], [GoogleChrome], [http://localhost:4444/wd/hub], Headless Execution. @22-09-2021 14:17:43.0938 PM
[ReportManager] Successfully Opened [GoogleChrome]. @22-09-2021 14:17:44.0123 P

################################################################################################################################################
Starting Execution:	[75 out of 143] test cases in the current suite
Test Method:		[testPackage01.Test_dragAndDrop.dragAndDrop]
Test Description:	[TC001 - Test Drag and Drop function.]
################################################################################################################################################
[ReportManager] Target URL: [http://the-internet.herokuapp.com/drag_and_drop] @22-09-2021 14:17:44.0137 PM
[ReportManager] Initial URL: [data:,] @22-09-2021 14:17:44.0173 PM
[ReportManager] Browser Action [NavigateToURL] successfully performed. With the following test data [http://the-internet.herokuapp.com/drag_and_drop]. @22-09-2021 14:17:45.0075 PM
[ReportManager] Attempting Drag and Drop @22-09-2021 14:17:45.0075 PM
[ReportManager] Element Action [DragAndDrop] successfully performed. With the following test data [Start point: (32, 89), End point: (247, 89)]. @22-09-2021 14:17:46.0247 P
[ReportManager] Browser Action [CloseCurrentWindow] successfully performed. @22-09-2021 14:17:46.0339 PM
[ReportManager] Successfully created attachment [Browser Action Test Data - CloseCurrentWindow - Actual Value] @22-09-2021 14:17:46.0339 P
[ReportManager] File Action [GetAbsolutePath] successfully performed. With the following test data [Relative Folder Path: "target/downloadedFiles/"]. @22-09-2021 14:17:46.0341 PM
[ReportManager] Attempting to run remotely on: [Linux-64], [GoogleChrome], [http://localhost:4444/wd/hub], Headless Execution. @22-09-2021 14:17:46.0341 PM
[ReportManager] Successfully Opened [GoogleChrome]. @22-09-2021 14:17:46.0528 P

################################################################################################################################################
Starting Execution:	[76 out of 143] test cases in the current suite
Test Method:		[testPackage01.Test_dragAndDrop.dragAndDropByOffset]
Test Description:	[TC002 - Test Drag and Drop by offset function.]
################################################################################################################################################
[ReportManager] Target URL: [https://jqueryui.com/resources/demos/draggable/default.html] @22-09-2021 14:17:46.0548 PM
[ReportManager] Initial URL: [data:,] @22-09-2021 14:17:46.0584 PM
[ReportManager] Browser Action [NavigateToURL] successfully performed. With the following test data [https://jqueryui.com/resources/demos/draggable/default.html]. @22-09-2021 14:17:47.0170 PM
[ReportManager] Element Action [DragAndDropByOffset] successfully performed. With the following test data [Start point: (8, 8), End point: (108, 58)]. @22-09-2021 14:17:47.0331 P
[ReportManager] Browser Action [CloseCurrentWindow] successfully performed. @22-09-2021 14:17:47.0429 PM
[ReportManager] Successfully created attachment [Browser Action Test Data - CloseCurrentWindow - Actual Value] @22-09-2021 14:17:47.0429 P
[ReportManager] File Action [GetAbsolutePath] successfully performed. With the following test data [Relative Folder Path: "target/downloadedFiles/"]. @22-09-2021 14:17:47.0431 PM
[ReportManager] Attempting to run remotely on: [Linux-64], [GoogleChrome], [http://localhost:4444/wd/hub], Headless Execution. @22-09-2021 14:17:47.0431 PM
[ReportManager] Successfully Opened [GoogleChrome]. @22-09-2021 14:17:47.0639 P

################################################################################################################################################
Starting Execution:	[77 out of 143] test cases in the current suite
Test Method:		[testPackage01.Test_verifyEquals.test_assertElementAttribute]
################################################################################################################################################
[ReportManager] Target URL: [https://www.google.com/ncr], and after redirection: [https://www.google.com] @22-09-2021 14:17:47.0658 PM
[ReportManager] Initial URL: [data:,] @22-09-2021 14:17:47.0694 PM
[ReportManager] Browser Action [NavigateToURL] successfully performed. With the following test data [https://www.google.com/ncr]. @22-09-2021 14:17:48.0468 PM
[ReportManager] Element Action [Type] successfully performed. With the following test data [INC_004010050:Another SCHEDULER with the same name [Duplicate Job Name] already exists.]. @22-09-2021 14:17:49.0132 PM
[ReportManager] Element Action [GetText] successfully performed. With the following test data [INC_004010050:Another SCHEDULER with the same name [Duplicate Job Name] already exists.]. @22-09-2021 14:17:49.0217 PM
[ReportManager] Loaded Shared OpenCV @22-09-2021 14:17:49.0358 PM
[ReportManager] Verification [ValidateElementAttribute] PASSED. Expected [Value Should be 'INC_004010050:Another SCHEDULER with the same name \[Duplicate Job Name\] already exists.' for the 'text' attribute, element locator 'By.name: q'] and Actual [INC_004010050:Another SCHEDULER with the same name [Duplicate Job Name] already exists.]. Comparison Type [MATCHES]. Validation Type [POSITIVE]. @22-09-2021 14:17:49.0420 PM
[ReportManager] Successfully created attachment [Screenshot - 1632320269358_test_assertElementAttribute_ValidateElementAttribute_passed] @22-09-2021 14:17:49.0421 P
[ReportManager] Browser Action [CloseCurrentWindow] successfully performed. @22-09-2021 14:17:49.0540 PM
[ReportManager] Successfully created attachment [Browser Action Test Data - CloseCurrentWindow - Actual Value] @22-09-2021 14:17:49.0541 P
[ReportManager] Successfully loaded the following test data file [src/test/resources/TestDataFiles/testSuite01/TestData.xlsx]. @22-09-2021 14:17:49.0574 PM
[ReportManager] Successfully created attachment [Test Data - Excel] @22-09-2021 14:17:49.0574 PM
[ReportManager] Attempting to run using Playwright locally on: [Linux-64], [GoogleChrome], Headless Execution. @22-09-2021 14:18:03.0126 PM
[ReportManager] File Action [GetAbsolutePath] successfully performed. With the following test data [Relative Folder Path: "target/downloadedFiles/"]. @22-09-2021 14:18:03.0127 PM
[ReportManager] Initial window size: (1280, 720) @22-09-2021 14:18:03.0468 PM
[ReportManager] Window size after Toolkit: com.microsoft.playwright.options.ViewportSize@7c625a1d @22-09-2021 14:18:03.0472 PM
[ReportManager] Browser Action [MaximizeWindow] successfully performed. With the following test data [New screen size is now: (1920, 1080)]. @22-09-2021 14:18:03.0482 P

################################################################################################################################################
Starting Execution:	[78 out of 143] test cases in the current suite
Test Method:		[testPackage01.Test_google_playwright.navigateToURLandVerifyGoogleLogoIsDisplayed]
Test Description:	[TC001 - Navigate to URL and Verify Google Logo is Displayed]
################################################################################################################################################
[ReportManager] Target URL: [https://www.google.com/ncr], and after redirection: [https://www.google.com] @22-09-2021 14:18:03.0488 PM
[ReportManager] Initial URL: [about:blank] @22-09-2021 14:18:03.0941 PM
[ReportManager] Browser Action [NavigateToURL] successfully performed. With the following test data [https://www.google.com/ncr]. @22-09-2021 14:18:05.0145 PM
[ReportManager] Loaded Shared OpenCV @22-09-2021 14:18:05.0376 PM
[ReportManager] Assertion [ValidateElementExists] PASSED. Expected [Element Should Exist, locator 'xpath=//*[@id='hplogo' or @alt='Google']'] and Actual [Element Exists]. Comparison Type [EQUALS]. Validation Type [POSITIVE]. @22-09-2021 14:18:05.0556 PM
[ReportManager] Successfully created attachment [Screenshot - 1632320285371_navigateToURLandVerifyGoogleLogoIsDisplayed_ValidateElementExists_passed] @22-09-2021 14:18:05.0558 P

################################################################################################################################################
Starting Execution:	[79 out of 143] test cases in the current suite
Test Method:		[testPackage01.Test_google_playwright.searchForQueryandAssertResultsNumDisplayed]
Test Description:	[TC002 - Search for Query and Assert that the number of results is displayed]
################################################################################################################################################
[ReportManager] Element Action [Type] successfully performed. With the following test data [SHAFT_Engine]. @22-09-2021 14:18:05.0859 PM
[ReportManager] Element Action [KeyPress] successfully performed. With the following test data [Enter]. @22-09-2021 14:18:05.0898 PM
[ReportManager] Element Action [GetText] successfully performed. With the following test data [About 1,030,000 results (0.80 seconds)]. @22-09-2021 14:18:06.0911 PM
[ReportManager] Loaded Shared OpenCV @22-09-2021 14:18:08.0284 PM
[ReportManager] Assertion [ValidateElementAttribute] PASSED. Expected [Value Should not be '' for the 'text' attribute, element locator 'xpath=//div[@id='appbar']'] and Actual [About 1,030,000 results (0.80 seconds)]. Comparison Type [EQUALS]. Validation Type [NEGATIVE]. @22-09-2021 14:18:08.0534 PM
[ReportManager] Successfully created attachment [Screenshot - 1632320288283_searchForQueryandAssertResultsNumDisplayed_ValidateElementAttribute_passed] @22-09-2021 14:18:08.0555 P

################################################################################################################################################
Starting Execution:	[80 out of 143] test cases in the current suite
Test Method:		[testPackage01.Test_google_playwright.clickNextThrice]
Test Description:	[TC003 - Clicks the next button to make sure that the framework can scroll element into view before clicking it]
################################################################################################################################################
[ReportManager] Element Action [Click] successfully performed. With the following test data [Next]. @22-09-2021 14:18:08.0799 P
[ReportManager] Failed to find video recording. @22-09-2021 14:18:08.0802 PM
[ReportManager] Successfully Closed PlayWright Driver. @22-09-2021 14:18:08.0857 P

################################################################################################################################################
Starting Execution:	[81 out of 143] test cases in the current suite
Test Method:		[testPackage01.Test_JsonActions.f]
###############################################################################################################################################

################################################################################################################################################
Starting Execution:	[82 out of 143] test cases in the current suite
Test Method:		[testPackage01.Test_JsonActions.f2]
###############################################################################################################################################

################################################################################################################################################
Starting Execution:	[83 out of 143] test cases in the current suite
Test Method:		[testPackage01.Test_AssertApiResponseEquals.assertApiResponseEquals_expectedToPass]
################################################################################################################################################
[ReportManager] Response status code: [200], status line: [HTTP/1.1 200 OK] @22-09-2021 14:18:08.0933 PM
[ReportManager] Assertion Passed: Evaluating the actual response status code against the expected one... @22-09-2021 14:18:08.0933 PM
[ReportManager] Assertion [ValidateEquals] PASSED. Expected [200] and Actual [200]. Comparison Type [EQUALS]. Validation Type [POSITIVE]. @22-09-2021 14:18:08.0934 PM
[ReportManager] API Action [PerformRequest] successfully performed. With the following test data [Request Type: "GET" | Target Status Code: "200" | Service URL: "https://jsonplaceholder.typicode.com/users" | Content Type: "*/*" | Response Time: "46ms"]. @22-09-2021 14:18:08.0956 PM
[ReportManager] Successfully created attachment [API Request - Specifications] @22-09-2021 14:18:08.0956 PM
[ReportManager] Successfully created attachment [API Response - JSON Body] @22-09-2021 14:18:08.0956 PM
[ReportManager] API Action [GetResponseJSONValueAsList] successfully performed. With the following test data [$]. @22-09-2021 14:18:08.0960 PM
[ReportManager] API Action [GetResponseJSONValue] successfully performed. With the following test data [name]. @22-09-2021 14:18:08.0969 PM
[ReportManager] API Action [GetResponseJSONValue] successfully performed. With the following test data [email]. @22-09-2021 14:18:08.0976 PM
[ReportManager] Verification [ValidateEquals] PASSED. Expected [Sincere@april.biz] and Actual [Sincere@april.biz]. Comparison Type [EQUALS]. Validation Type [POSITIVE]. @22-09-2021 14:18:08.0976 PM
[ReportManager] API Action [GetResponseJSONValue] successfully performed. With the following test data [username]. @22-09-2021 14:18:08.0984 PM
[ReportManager] Assertion [ValidateEquals] PASSED. Expected [Bret] and Actual [Bret]. Comparison Type [EQUALS]. Validation Type [POSITIVE]. @22-09-2021 14:18:08.0984 PM
[ReportManager] API Action [GetResponseJSONValue] successfully performed. With the following test data [name]. @22-09-2021 14:18:08.0992 PM
[ReportManager] API Action [GetResponseJSONValue] successfully performed. With the following test data [name]. @22-09-2021 14:18:09.0000 PM
[ReportManager] API Action [GetResponseJSONValue] successfully performed. With the following test data [name]. @22-09-2021 14:18:09.0008 PM
[ReportManager] API Action [GetResponseJSONValue] successfully performed. With the following test data [name]. @22-09-2021 14:18:09.0016 PM
[ReportManager] API Action [GetResponseJSONValue] successfully performed. With the following test data [name]. @22-09-2021 14:18:09.0023 PM
[ReportManager] API Action [GetResponseJSONValue] successfully performed. With the following test data [name]. @22-09-2021 14:18:09.0031 PM
[ReportManager] API Action [GetResponseJSONValue] successfully performed. With the following test data [name]. @22-09-2021 14:18:09.0040 PM
[ReportManager] API Action [GetResponseJSONValue] successfully performed. With the following test data [name]. @22-09-2021 14:18:09.0048 PM
[ReportManager] API Action [GetResponseJSONValue] successfully performed. With the following test data [name]. @22-09-2021 14:18:09.0081 P
[ReportManager] File Action [GetAbsolutePath] successfully performed. With the following test data [Relative Folder Path: "target/downloadedFiles/"]. @22-09-2021 14:18:09.0092 PM
[ReportManager] Attempting to run remotely on: [Linux-64], [GoogleChrome], [http://localhost:4444/wd/hub], Headless Execution. @22-09-2021 14:18:09.0092 PM
[ReportManager] Successfully Opened [GoogleChrome]. @22-09-2021 14:18:09.0371 P

################################################################################################################################################
Starting Execution:	[84 out of 143] test cases in the current suite
Test Method:		[testPackage01.Test_ShadowDOM.shadowdom]
################################################################################################################################################
[ReportManager] Target URL: [https://mdn.github.io/web-components-examples/popup-info-box-web-component/] @22-09-2021 14:18:09.0383 PM
[ReportManager] Initial URL: [data:,] @22-09-2021 14:18:09.0424 PM
[ReportManager] Browser Action [NavigateToURL] successfully performed. With the following test data [https://mdn.github.io/web-components-examples/popup-info-box-web-component/]. @22-09-2021 14:18:10.0025 PM
[ReportManager] Element Action [Type] successfully performed. With the following test data [Typing into SHADOW DOM...]. @22-09-2021 14:18:10.0296 PM
[ReportManager] Element Action [GetText] successfully performed. With the following test data [Typing into SHADOW DOM...]. @22-09-2021 14:18:10.0404 PM
[ReportManager] Loaded Shared OpenCV @22-09-2021 14:18:10.0519 PM
[ReportManager] Assertion [ValidateElementAttribute] PASSED. Expected [Value Should be 'Typing into SHADOW DOM...' for the 'Text' attribute, element locator 'By.id: cvc'] and Actual [Typing into SHADOW DOM...]. Comparison Type [EQUALS]. Validation Type [POSITIVE]. @22-09-2021 14:18:10.0583 PM
[ReportManager] Successfully created attachment [Screenshot - 1632320290519_shadowdom_ValidateElementAttribute_passed] @22-09-2021 14:18:10.0584 P
[ReportManager] Browser Action [CloseCurrentWindow] successfully performed. @22-09-2021 14:18:10.0675 PM
[ReportManager] Successfully created attachment [Browser Action Test Data - CloseCurrentWindow - Actual Value] @22-09-2021 14:18:10.0675 P

################################################################################################################################################
Starting Execution:	[85 out of 143] test cases in the current suite
Test Method:		[testPackage01.Test_SelectedValue.multipleSelect]
################################################################################################################################################
[ReportManager] File Action [GetAbsolutePath] successfully performed. With the following test data [Relative Folder Path: "target/downloadedFiles/"]. @22-09-2021 14:18:10.0679 PM
[ReportManager] Attempting to run remotely on: [Linux-64], [GoogleChrome], [http://localhost:4444/wd/hub], Headless Execution. @22-09-2021 14:18:10.0679 PM
[ReportManager] Successfully Opened [GoogleChrome]. @22-09-2021 14:18:10.0889 PM
[ReportManager] Target URL: [https://yari-demos.prod.mdn.mozit.cloud/en-US/docs/Web/HTML/Element/select/_sample_.Advanced_select_with_multiple_features.html] @22-09-2021 14:18:10.0900 PM
[ReportManager] Initial URL: [data:,] @22-09-2021 14:18:10.0942 PM
[ReportManager] Browser Action [NavigateToURL] successfully performed. With the following test data [https://yari-demos.prod.mdn.mozit.cloud/en-US/docs/Web/HTML/Element/select/_sample_.Advanced_select_with_multiple_features.html]. @22-09-2021 14:18:11.0284 PM
[ReportManager] Element Action [Select] successfully performed. With the following test data [Dog]. @22-09-2021 14:18:11.0508 PM
[ReportManager] Element Action [Select] successfully performed. With the following test data [Cat]. @22-09-2021 14:18:11.0710 PM
[ReportManager] Element Action [GetSelectedText] successfully performed. With the following test data [DogCat]. @22-09-2021 14:18:11.0860 PM
[ReportManager] DogCat @22-09-2021 14:18:11.0860 PM
[ReportManager] Element Action [GetSelectedText] successfully performed. With the following test data [DogCat]. @22-09-2021 14:18:11.0982 PM
[ReportManager] Loaded Shared OpenCV @22-09-2021 14:18:12.0121 PM
[ReportManager] Assertion [ValidateElementAttribute] PASSED. Expected [Value Should be 'DogCat' for the 'selectedText' attribute, element locator 'By.tagName: select'] and Actual [DogCat]. Comparison Type [EQUALS]. Validation Type [POSITIVE]. @22-09-2021 14:18:12.0186 PM
[ReportManager] Successfully created attachment [Screenshot - 1632320292121_multipleSelect_ValidateElementAttribute_passed] @22-09-2021 14:18:12.0187 PM
[ReportManager] Browser Action [CloseCurrentWindow] successfully performed. @22-09-2021 14:18:12.0280 PM
[ReportManager] Successfully created attachment [Browser Action Test Data - CloseCurrentWindow - Actual Value] @22-09-2021 14:18:12.0281 P

################################################################################################################################################
Starting Execution:	[86 out of 143] test cases in the current suite
Test Method:		[testPackage01.Test_SelectedValue.simpleSelect]
################################################################################################################################################
[ReportManager] File Action [GetAbsolutePath] successfully performed. With the following test data [Relative Folder Path: "target/downloadedFiles/"]. @22-09-2021 14:18:12.0286 PM
[ReportManager] Attempting to run remotely on: [Linux-64], [GoogleChrome], [http://localhost:4444/wd/hub], Headless Execution. @22-09-2021 14:18:12.0286 PM
[ReportManager] Successfully Opened [GoogleChrome]. @22-09-2021 14:18:12.0504 PM
[ReportManager] Target URL: [https://yari-demos.prod.mdn.mozit.cloud/en-US/docs/Web/HTML/Element/select/_sample_.Basic_select.html] @22-09-2021 14:18:12.0520 PM
[ReportManager] Initial URL: [data:,] @22-09-2021 14:18:12.0586 PM
[ReportManager] Browser Action [NavigateToURL] successfully performed. With the following test data [https://yari-demos.prod.mdn.mozit.cloud/en-US/docs/Web/HTML/Element/select/_sample_.Basic_select.html]. @22-09-2021 14:18:12.0807 PM
[ReportManager] Element Action [Select] successfully performed. With the following test data [Third Value]. @22-09-2021 14:18:13.0145 PM
[ReportManager] Element Action [GetSelectedText] successfully performed. With the following test data [Third Value]. @22-09-2021 14:18:13.0263 PM
[ReportManager] Third Value @22-09-2021 14:18:13.0263 PM
[ReportManager] Element Action [GetSelectedText] successfully performed. With the following test data [Third Value]. @22-09-2021 14:18:13.0367 PM
[ReportManager] Loaded Shared OpenCV @22-09-2021 14:18:13.0482 PM
[ReportManager] Assertion [ValidateElementAttribute] PASSED. Expected [Value Should be 'Third Value' for the 'selectedText' attribute, element locator 'By.tagName: select'] and Actual [Third Value]. Comparison Type [EQUALS]. Validation Type [POSITIVE]. @22-09-2021 14:18:13.0546 PM
[ReportManager] Successfully created attachment [Screenshot - 1632320293482_simpleSelect_ValidateElementAttribute_passed] @22-09-2021 14:18:13.0546 PM
[ReportManager] Browser Action [CloseCurrentWindow] successfully performed. @22-09-2021 14:18:13.0631 PM
[ReportManager] Successfully created attachment [Browser Action Test Data - CloseCurrentWindow - Actual Value] @22-09-2021 14:18:13.0631 P
[ReportManager] File Action [GetAbsolutePath] successfully performed. With the following test data [Relative Folder Path: "target/downloadedFiles/"]. @22-09-2021 14:18:13.0637 PM
[ReportManager] Attempting to run remotely on: [Linux-64], [GoogleChrome], [http://localhost:4444/wd/hub], Headless Execution. @22-09-2021 14:18:13.0637 PM
[ReportManager] Successfully Opened [GoogleChrome]. @22-09-2021 14:18:13.0845 P

################################################################################################################################################
Starting Execution:	[87 out of 143] test cases in the current suite
Test Method:		[testPackage01.Test_IsElementClickable.testIsElementClickable]
################################################################################################################################################
[ReportManager] Target URL: [https://the-internet.herokuapp.com/] @22-09-2021 14:18:13.0865 PM
[ReportManager] Initial URL: [data:,] @22-09-2021 14:18:13.0917 PM
[ReportManager] Browser Action [NavigateToURL] successfully performed. With the following test data [https://the-internet.herokuapp.com/]. @22-09-2021 14:18:15.0048 PM
[ReportManager] Element Action [IsElementClickable] successfully performed. @22-09-2021 14:18:15.0174 PM
[ReportManager] Assertion [ValidateTrue] PASSED. Expected [TRUE] and Actual [TRUE]. Validation Type [POSITIVE]. @22-09-2021 14:18:15.0174 P
[ReportManager] Browser Action [CloseCurrentWindow] successfully performed. @22-09-2021 14:18:15.0263 PM
[ReportManager] Successfully created attachment [Browser Action Test Data - CloseCurrentWindow - Actual Value] @22-09-2021 14:18:15.0263 P
[ReportManager] File Action [GetAbsolutePath] successfully performed. With the following test data [Relative Folder Path: "target/downloadedFiles/"]. @22-09-2021 14:18:15.0265 PM
[ReportManager] Attempting to run remotely on: [Linux-64], [GoogleChrome], [http://localhost:4444/wd/hub], Headless Execution. @22-09-2021 14:18:15.0265 PM
[ReportManager] Successfully Opened [GoogleChrome]. @22-09-2021 14:18:15.0450 P

################################################################################################################################################
Starting Execution:	[88 out of 143] test cases in the current suite
Test Method:		[testPackage01.Test_clipboardActions.typeTextAndCopyPaste]
################################################################################################################################################
[ReportManager] Target URL: [https://www.google.com/ncr], and after redirection: [https://www.google.com] @22-09-2021 14:18:15.0475 PM
[ReportManager] Initial URL: [data:,] @22-09-2021 14:18:15.0517 PM
[ReportManager] Browser Action [NavigateToURL] successfully performed. With the following test data [https://www.google.com/ncr]. @22-09-2021 14:18:16.0339 PM
[ReportManager] Element Action [Type] successfully performed. With the following test data [FIRST]. @22-09-2021 14:18:16.0634 PM
[ReportManager] Element Action [ClipboardActions] successfully performed. With the following test data [select all]. @22-09-2021 14:18:16.0685 PM
[ReportManager] Element Action [ClipboardActions] successfully performed. With the following test data [copy]. @22-09-2021 14:18:16.0731 PM
[ReportManager] Element Action [ClipboardActions] successfully performed. With the following test data [unselect]. @22-09-2021 14:18:16.0785 PM
[ReportManager] Element Action [ClipboardActions] successfully performed. With the following test data [paste]. @22-09-2021 14:18:16.0869 PM
[ReportManager] Element Action [ClipboardActions] successfully performed. With the following test data [select all]. @22-09-2021 14:18:16.0914 PM
[ReportManager] Element Action [Type] successfully performed. @22-09-2021 14:18:17.0115 PM
[ReportManager] Element Action [ClipboardActions] successfully performed. With the following test data [cut]. @22-09-2021 14:18:17.0115 PM
[ReportManager] Element Action [ClipboardActions] successfully performed. With the following test data [paste]. @22-09-2021 14:18:17.0181 PM
[ReportManager] Element Action [ClipboardActions] successfully performed. With the following test data [paste]. @22-09-2021 14:18:17.0257 P
[ReportManager] Browser Action [CloseCurrentWindow] successfully performed. @22-09-2021 14:18:17.0398 PM
[ReportManager] Successfully created attachment [Browser Action Test Data - CloseCurrentWindow - Actual Value] @22-09-2021 14:18:17.0399 P
[ReportManager] File Action [GetAbsolutePath] successfully performed. With the following test data [Relative Folder Path: "target/downloadedFiles/"]. @22-09-2021 14:18:17.0400 PM
[ReportManager] Attempting to run remotely on: [Linux-64], [GoogleChrome], [http://localhost:4444/wd/hub], Headless Execution. @22-09-2021 14:18:17.0400 PM
[ReportManager] Successfully Opened [GoogleChrome]. @22-09-2021 14:18:17.0601 P

################################################################################################################################################
Starting Execution:	[89 out of 143] test cases in the current suite
Test Method:		[testPackage01.Test_dynamicLoading.dynamicLoading_elementIsHidden]
################################################################################################################################################
[ReportManager] Target URL: [https://the-internet.herokuapp.com/dynamic_loading/1] @22-09-2021 14:18:17.0615 PM
[ReportManager] Initial URL: [data:,] @22-09-2021 14:18:17.0651 PM
[ReportManager] Browser Action [NavigateToURL] successfully performed. With the following test data [https://the-internet.herokuapp.com/dynamic_loading/1]. @22-09-2021 14:18:18.0787 PM
[ReportManager] Element Action [Click] successfully performed. With the following test data [Start]. @22-09-2021 14:18:19.0065 PM
[ReportManager] Element Action [GetText] successfully performed. With the following test data [
    Hello World!
  ]. @22-09-2021 14:18:19.0154 PM
[ReportManager] Loaded Shared OpenCV @22-09-2021 14:18:19.0289 PM
[ReportManager] Assertion [ValidateElementAttribute] PASSED. Expected [Value Should be 'Hello World!' for the 'text' attribute, element locator 'By.id: finish'] and Actual [
    Hello World!
  ]. Comparison Type [CONTAINS]. Validation Type [POSITIVE]. @22-09-2021 14:18:19.0350 PM
[ReportManager] Successfully created attachment [Screenshot - 1632320299289_dynamicLoading_elementIsHidden_ValidateElementAttribute_passed] @22-09-2021 14:18:19.0351 P
[ReportManager] Browser Action [CloseCurrentWindow] successfully performed. @22-09-2021 14:18:19.0439 PM
[ReportManager] Successfully created attachment [Browser Action Test Data - CloseCurrentWindow - Actual Value] @22-09-2021 14:18:19.0443 P
[ReportManager] File Action [GetAbsolutePath] successfully performed. With the following test data [Relative Folder Path: "target/downloadedFiles/"]. @22-09-2021 14:18:19.0448 PM
[ReportManager] Attempting to run remotely on: [Linux-64], [GoogleChrome], [http://localhost:4444/wd/hub], Headless Execution. @22-09-2021 14:18:19.0449 PM
[ReportManager] Successfully Opened [GoogleChrome]. @22-09-2021 14:18:19.0624 P

################################################################################################################################################
Starting Execution:	[90 out of 143] test cases in the current suite
Test Method:		[testPackage01.Test_dynamicLoading.dynamicLoading_elementIsRendered]
################################################################################################################################################
[ReportManager] Target URL: [https://the-internet.herokuapp.com/dynamic_loading/2] @22-09-2021 14:18:19.0645 PM
[ReportManager] Initial URL: [data:,] @22-09-2021 14:18:19.0696 PM
[ReportManager] Browser Action [NavigateToURL] successfully performed. With the following test data [https://the-internet.herokuapp.com/dynamic_loading/2]. @22-09-2021 14:18:20.0883 PM
[ReportManager] Element Action [Click] successfully performed. With the following test data [Start]. @22-09-2021 14:18:21.0144 PM
[ReportManager] Element Action [GetText] successfully performed. With the following test data [Hello World!]. @22-09-2021 14:18:26.0286 PM
[ReportManager] Loaded Shared OpenCV @22-09-2021 14:18:26.0411 PM
[ReportManager] Assertion [ValidateElementAttribute] PASSED. Expected [Value Should be 'Hello World!' for the 'text' attribute, element locator 'By.id: finish'] and Actual [Hello World!]. Comparison Type [CONTAINS]. Validation Type [POSITIVE]. @22-09-2021 14:18:26.0477 PM
[ReportManager] Successfully created attachment [Screenshot - 1632320306410_dynamicLoading_elementIsRendered_ValidateElementAttribute_passed] @22-09-2021 14:18:26.0478 P
[ReportManager] Browser Action [CloseCurrentWindow] successfully performed. @22-09-2021 14:18:26.0571 PM
[ReportManager] Successfully created attachment [Browser Action Test Data - CloseCurrentWindow - Actual Value] @22-09-2021 14:18:26.0571 P

################################################################################################################################################
Starting Execution:	[91 out of 143] test cases in the current suite
Test Method:		[testPackage01.Test_JsonCompareWithSpecialCharacters.specialCharacters]
################################################################################################################################################
[ReportManager] File Action [GetAbsolutePath] successfully performed. With the following test data [Relative Folder Path: "src/test/resources/TestJsonFiles/specialCharacters.json"]. @22-09-2021 14:18:26.0576 PM
[ReportManager] File Action [ReadFromFile] successfully performed. With the following test data [File Path: "/home/runner/work/SHAFT_ENGINE/SHAFT_ENGINE/src/test/resources/TestJsonFiles/specialCharacters.json"]. @22-09-2021 14:18:26.0586 PM
[ReportManager] Successfully created attachment [File Action Actual Result - Command Log] @22-09-2021 14:18:26.0586 PM
[ReportManager] Comparing the provided API response with the file at this path "src/test/resources/TestJsonFiles/specialCharacters.json", comparison type "EQUALS" @22-09-2021 14:18:26.0587 PM
[ReportManager] API Action [CompareJSON] successfully performed. With the following test data [src/test/resources/TestJsonFiles/specialCharacters.json]. @22-09-2021 14:18:26.0599 PM
[ReportManager] File Action [GetAbsolutePath] successfully performed. With the following test data [Relative Folder Path: "src/test/resources/TestJsonFiles/specialCharacters.json"]. @22-09-2021 14:18:26.0599 PM
[ReportManager] File Action [ReadFromFile] successfully performed. With the following test data [File Path: "/home/runner/work/SHAFT_ENGINE/SHAFT_ENGINE/src/test/resources/TestJsonFiles/specialCharacters.json"]. @22-09-2021 14:18:26.0599 PM
[ReportManager] Verification [ValidateJSONFileContent] PASSED. Expected [Response data should match the JSON File in this path 'src/test/resources/TestJsonFiles/specialCharacters.json'] and Actual [TRUE]. Comparison Type [EQUALS]. Validation Type [POSITIVE]. @22-09-2021 14:18:26.0604 PM
[ReportManager] Successfully created attachment [Validation Test Data - Expected JSON Value] @22-09-2021 14:18:26.0604 PM
[ReportManager] Successfully created attachment [Validation Test Data - Actual JSON Value] @22-09-2021 14:18:26.0605 P

################################################################################################################################################
Starting Execution:	[92 out of 143] test cases in the current suite
Test Method:		[testPackage01.Test_JsonCompareWithSpecialCharacters.specialCharacters_assertion]
################################################################################################################################################
[ReportManager] File Action [GetAbsolutePath] successfully performed. With the following test data [Relative Folder Path: "src/test/resources/TestJsonFiles/specialCharacters.json"]. @22-09-2021 14:18:26.0611 PM
[ReportManager] File Action [ReadFromFile] successfully performed. With the following test data [File Path: "/home/runner/work/SHAFT_ENGINE/SHAFT_ENGINE/src/test/resources/TestJsonFiles/specialCharacters.json"]. @22-09-2021 14:18:26.0611 PM
[ReportManager] Successfully created attachment [File Action Actual Result - Command Log] @22-09-2021 14:18:26.0612 PM
[ReportManager] Comparing the provided API response with the file at this path "src/test/resources/TestJsonFiles/specialCharacters.json", comparison type "CONTAINS" @22-09-2021 14:18:26.0612 PM
[ReportManager] API Action [CompareJSON] successfully performed. With the following test data [src/test/resources/TestJsonFiles/specialCharacters.json]. @22-09-2021 14:18:26.0628 PM
[ReportManager] File Action [GetAbsolutePath] successfully performed. With the following test data [Relative Folder Path: "src/test/resources/TestJsonFiles/specialCharacters.json"]. @22-09-2021 14:18:26.0628 PM
[ReportManager] File Action [ReadFromFile] successfully performed. With the following test data [File Path: "/home/runner/work/SHAFT_ENGINE/SHAFT_ENGINE/src/test/resources/TestJsonFiles/specialCharacters.json"]. @22-09-2021 14:18:26.0629 PM
[ReportManager] Assertion Passed: trying out the log message @22-09-2021 14:18:26.0635 PM
[ReportManager] Successfully created attachment [Validation Test Data - Expected JSON Value] @22-09-2021 14:18:26.0635 PM
[ReportManager] Successfully created attachment [Validation Test Data - Actual JSON Value] @22-09-2021 14:18:26.0636 PM
[ReportManager] Assertion [ValidateJSONFileContent] PASSED. Expected [Response data should match the JSON File in this path 'src/test/resources/TestJsonFiles/specialCharacters.json'] and Actual [TRUE]. Comparison Type [CONTAINS]. Validation Type [POSITIVE]. @22-09-2021 14:18:26.0636 P
[ReportManager] File Action [GetAbsolutePath] successfully performed. With the following test data [Relative Folder Path: "target/downloadedFiles/"]. @22-09-2021 14:18:26.0640 PM
[ReportManager] Attempting to run remotely on: [Linux-64], [GoogleChrome], [http://localhost:4444/wd/hub], Headless Execution. @22-09-2021 14:18:26.0641 PM
[ReportManager] Successfully Opened [GoogleChrome]. @22-09-2021 14:18:26.0905 P

################################################################################################################################################
Starting Execution:	[93 out of 143] test cases in the current suite
Test Method:		[testPackage01.Test_uploadFile.uploadFile_invisibleUploadInput]
################################################################################################################################################
[ReportManager] Target URL: [https://fineuploader.com/demos.html#gallery-view] @22-09-2021 14:18:26.0920 PM
[ReportManager] Initial URL: [data:,] @22-09-2021 14:18:26.0963 PM
[ReportManager] Browser Action [NavigateToURL] successfully performed. With the following test data [https://fineuploader.com/demos.html#gallery-view]. @22-09-2021 14:18:29.0175 PM
[ReportManager] File Action [GetAbsolutePath] successfully performed. With the following test data [Relative File Path: "src/main/resources/images/shaft.png"]. @22-09-2021 14:18:29.0176 PM
[ReportManager] Successfully created attachment [File Action Actual Result - Command Log] @22-09-2021 14:18:29.0176 PM
[ReportManager] Element Action [TypeFileLocationForUpload] successfully performed. With the following test data [/home/runner/work/SHAFT_ENGINE/SHAFT_ENGINE/src/main/resources/images/shaft.png]. @22-09-2021 14:18:29.0357 PM
[ReportManager] Attempting to getAttribute [src] from elementLocator [By.xpath: //div[@id='fine-uploader-gallery']//div[@class='qq-thumbnail-wrapper']/img]. @22-09-2021 14:18:29.0357 PM
[ReportManager] Element Action [GetAttribute] successfully performed. @22-09-2021 14:18:29.0471 PM
[ReportManager] Successfully created attachment [Element Action Test Data - GetAttribute - Actual Value] @22-09-2021 14:18:29.0472 PM
[ReportManager] Loaded Shared OpenCV @22-09-2021 14:18:29.0600 PM
[ReportManager] Assertion [ValidateElementAttribute] PASSED. Expected and Actual values are attached. Comparison Type [CONTAINS]. Validation Type [POSITIVE]. @22-09-2021 14:18:29.0671 PM
[ReportManager] Successfully created attachment [Validation Test Data - Expected Value] @22-09-2021 14:18:29.0672 PM
[ReportManager] Successfully created attachment [Validation Test Data - Actual Value] @22-09-2021 14:18:29.0672 PM
[ReportManager] Successfully created attachment [Screenshot - 1632320309599_uploadFile_invisibleUploadInput_ValidateElementAttribute_passed] @22-09-2021 14:18:29.0673 P
[ReportManager] Browser Action [CloseCurrentWindow] successfully performed. @22-09-2021 14:18:29.0809 PM
[ReportManager] Successfully created attachment [Browser Action Test Data - CloseCurrentWindow - Actual Value] @22-09-2021 14:18:29.0809 P
[ReportManager] File Action [GetAbsolutePath] successfully performed. With the following test data [Relative Folder Path: "target/downloadedFiles/"]. @22-09-2021 14:18:29.0813 PM
[ReportManager] Attempting to run remotely on: [Linux-64], [GoogleChrome], [http://localhost:4444/wd/hub], Headless Execution. @22-09-2021 14:18:29.0814 PM
[ReportManager] Successfully Opened [GoogleChrome]. @22-09-2021 14:18:30.0007 P

################################################################################################################################################
Starting Execution:	[94 out of 143] test cases in the current suite
Test Method:		[testPackage01.Test_uploadFile.uploadFile_visibleUploadInput]
################################################################################################################################################
[ReportManager] Target URL: [http://demo.guru99.com/test/upload/] @22-09-2021 14:18:30.0036 PM
[ReportManager] Initial URL: [data:,] @22-09-2021 14:18:30.0086 PM
[ReportManager] Browser Action [NavigateToURL] successfully performed. With the following test data [http://demo.guru99.com/test/upload/]. @22-09-2021 14:18:31.0252 PM
[ReportManager] File Action [GetAbsolutePath] successfully performed. With the following test data [Relative File Path: "src/main/resources/images/shaft.png"]. @22-09-2021 14:18:31.0253 PM
[ReportManager] Successfully created attachment [File Action Actual Result - Command Log] @22-09-2021 14:18:31.0253 PM
[ReportManager] Element Action [TypeFileLocationForUpload] successfully performed. With the following test data [/home/runner/work/SHAFT_ENGINE/SHAFT_ENGINE/src/main/resources/images/shaft.png]. @22-09-2021 14:18:31.0400 PM
[ReportManager] Element Action [Click] successfully performed. With the following test data [on]. @22-09-2021 14:18:31.0679 PM
[ReportManager] Element Action [Click] successfully performed. With the following test data [Submit File]. @22-09-2021 14:18:31.0932 PM
[ReportManager] Element Action [GetText] successfully performed. With the following test data [1 file
has been successfully uploaded.]. @22-09-2021 14:18:32.0542 PM
[ReportManager] Loaded Shared OpenCV @22-09-2021 14:18:32.0675 PM
[ReportManager] Assertion [ValidateElementAttribute] PASSED. Expected [Value Should be '1 file' for the 'Text' attribute, element locator 'By.id: res'] and Actual [1 file
has been successfully uploaded.]. Comparison Type [CONTAINS]. Validation Type [POSITIVE]. @22-09-2021 14:18:32.0733 PM
[ReportManager] Successfully created attachment [Screenshot - 1632320312675_uploadFile_visibleUploadInput_ValidateElementAttribute_passed] @22-09-2021 14:18:32.0734 P
[ReportManager] Browser Action [CloseCurrentWindow] successfully performed. @22-09-2021 14:18:32.0841 PM
[ReportManager] Successfully created attachment [Browser Action Test Data - CloseCurrentWindow - Actual Value] @22-09-2021 14:18:32.0841 P
[ReportManager] File Action [GetAbsolutePath] successfully performed. With the following test data [Relative Folder Path: "target/downloadedFiles/"]. @22-09-2021 14:18:32.0843 PM
[ReportManager] Attempting to run remotely on: [Linux-64], [GoogleChrome], [http://localhost:4444/wd/hub], Headless Execution. @22-09-2021 14:18:32.0843 PM
[ReportManager] Successfully Opened [GoogleChrome]. @22-09-2021 14:18:33.0053 P

################################################################################################################################################
Starting Execution:	[95 out of 143] test cases in the current suite
Test Method:		[testPackage01.Test_assertEquals.test_assertElementAttribute]
################################################################################################################################################
[ReportManager] Target URL: [https://www.google.com/ncr], and after redirection: [https://www.google.com] @22-09-2021 14:18:33.0081 PM
[ReportManager] Initial URL: [data:,] @22-09-2021 14:18:33.0135 PM
[ReportManager] Browser Action [NavigateToURL] successfully performed. With the following test data [https://www.google.com/ncr]. @22-09-2021 14:18:33.0922 PM
[ReportManager] Element Action [Type] successfully performed. With the following test data [INC_004010050:Another SCHEDULER with the same name [Duplicate Job Name] already exists.]. @22-09-2021 14:18:34.0640 PM
[ReportManager] Element Action [GetText] successfully performed. With the following test data [INC_004010050:Another SCHEDULER with the same name [Duplicate Job Name] already exists.]. @22-09-2021 14:18:34.0716 PM
[ReportManager] Loaded Shared OpenCV @22-09-2021 14:18:34.0858 PM
[ReportManager] Assertion [ValidateElementAttribute] PASSED. Expected [Value Should be 'INC_004010050:Another SCHEDULER with the same name \[Duplicate Job Name\] already exists.' for the 'text' attribute, element locator 'By.name: q'] and Actual [INC_004010050:Another SCHEDULER with the same name [Duplicate Job Name] already exists.]. Comparison Type [MATCHES]. Validation Type [POSITIVE]. @22-09-2021 14:18:34.0928 PM
[ReportManager] Successfully created attachment [Screenshot - 1632320314858_test_assertElementAttribute_ValidateElementAttribute_passed] @22-09-2021 14:18:34.0929 P
[ReportManager] Browser Action [CloseCurrentWindow] successfully performed. @22-09-2021 14:18:35.0059 PM
[ReportManager] Successfully created attachment [Browser Action Test Data - CloseCurrentWindow - Actual Value] @22-09-2021 14:18:35.0060 P

################################################################################################################################################
Starting Execution:	[96 out of 143] test cases in the current suite
Test Method:		[testPackage01.Test_NewValidationHelper.f1]
################################################################################################################################################
[ReportManager] Assertion Passed: Checking valid user data @22-09-2021 14:18:35.0064 PM
[ReportManager] Successfully created attachment [Validation Test Data - Expected Value] @22-09-2021 14:18:35.0064 PM
[ReportManager] Successfully created attachment [Validation Test Data - Actual Value] @22-09-2021 14:18:35.0064 PM
[ReportManager] Assertion [ValidateEquals] PASSED. Expected and Actual values are attached. Comparison Type [EQUALS]. Validation Type [POSITIVE]. @22-09-2021 14:18:35.0064 P
[ReportManager] File Action [GetAbsolutePath] successfully performed. With the following test data [Relative Folder Path: "target/downloadedFiles/"]. @22-09-2021 14:18:35.0066 PM
[ReportManager] Attempting to run remotely on: [Linux-64], [GoogleChrome], [http://localhost:4444/wd/hub], Headless Execution. @22-09-2021 14:18:35.0066 PM
[ReportManager] Successfully Opened [GoogleChrome]. @22-09-2021 14:18:35.0260 PM
[ReportManager] Target URL: [https://the-internet.herokuapp.com/] @22-09-2021 14:18:35.0269 PM
[ReportManager] Initial URL: [data:,] @22-09-2021 14:18:35.0322 PM
[ReportManager] Browser Action [NavigateToURL] successfully performed. With the following test data [https://the-internet.herokuapp.com/]. @22-09-2021 14:18:36.0494 P

################################################################################################################################################
Starting Execution:	[97 out of 143] test cases in the current suite
Test Method:		[testPackage01.Test_NewValidationHelper.f10]
################################################################################################################################################
[ReportManager] Assertion [ValidateElementExists] FAILED. Expected [Element Should Exist, locator 'By.tagName: div'] and Actual [Element Exists but is not unique]. Comparison Type [EQUALS]. Validation Type [POSITIVE]. @22-09-2021 14:18:36.0714 PM
[ReportManager] Successfully created attachment [Screenshot - 1632320316663_f10_ValidateElementExists_failed] @22-09-2021 14:18:36.0715 P
[ReportManager] Successfully Closed All Drivers. @22-09-2021 14:18:36.0789 P
[ReportManager] File Action [GetAbsolutePath] successfully performed. With the following test data [Relative Folder Path: "target/downloadedFiles/"]. @22-09-2021 14:18:36.0791 PM
[ReportManager] Attempting to run remotely on: [Linux-64], [GoogleChrome], [http://localhost:4444/wd/hub], Headless Execution. @22-09-2021 14:18:36.0792 PM
[ReportManager] Successfully Opened [GoogleChrome]. @22-09-2021 14:18:36.0981 PM
[ReportManager] Target URL: [https://the-internet.herokuapp.com/] @22-09-2021 14:18:36.0993 PM
[ReportManager] Initial URL: [data:,] @22-09-2021 14:18:37.0036 PM
[ReportManager] Browser Action [NavigateToURL] successfully performed. With the following test data [https://the-internet.herokuapp.com/]. @22-09-2021 14:18:38.0164 P

################################################################################################################################################
Starting Execution:	[98 out of 143] test cases in the current suite
Test Method:		[testPackage01.Test_NewValidationHelper.f11]
################################################################################################################################################
[ReportManager] Assertion Passed: Checking that false tag doesn't exist @22-09-2021 14:18:48.0501 PM
[ReportManager] Successfully created attachment [Screenshot - 1632320328445_f11_ValidateElementExists_passed] @22-09-2021 14:18:48.0502 PM
[ReportManager] Assertion [ValidateElementExists] PASSED. Expected [Element Should not Exist, locator 'By.tagName: h3'] and Actual [Element Doesn't Exists]. Comparison Type [EQUALS]. Validation Type [NEGATIVE]. @22-09-2021 14:18:48.0502 P
[ReportManager] Successfully Closed All Drivers. @22-09-2021 14:18:48.0577 P
[ReportManager] File Action [GetAbsolutePath] successfully performed. With the following test data [Relative Folder Path: "target/downloadedFiles/"]. @22-09-2021 14:18:48.0579 PM
[ReportManager] Attempting to run remotely on: [Linux-64], [GoogleChrome], [http://localhost:4444/wd/hub], Headless Execution. @22-09-2021 14:18:48.0579 PM
[ReportManager] Successfully Opened [GoogleChrome]. @22-09-2021 14:18:48.0766 PM
[ReportManager] Target URL: [https://the-internet.herokuapp.com/] @22-09-2021 14:18:48.0782 PM
[ReportManager] Initial URL: [data:,] @22-09-2021 14:18:48.0823 PM
[ReportManager] Browser Action [NavigateToURL] successfully performed. With the following test data [https://the-internet.herokuapp.com/]. @22-09-2021 14:18:50.0015 P

################################################################################################################################################
Starting Execution:	[99 out of 143] test cases in the current suite
Test Method:		[testPackage01.Test_NewValidationHelper.f12]
################################################################################################################################################
[ReportManager] Loaded Shared OpenCV @22-09-2021 14:18:50.0217 PM
[ReportManager] Assertion [ValidateElementExists] FAILED. Expected [Element Should not Exist, locator 'By.tagName: h1'] and Actual [Element Exists]. Comparison Type [EQUALS]. Validation Type [NEGATIVE]. @22-09-2021 14:18:50.0280 PM
[ReportManager] Successfully created attachment [Screenshot - 1632320330217_f12_ValidateElementExists_failed] @22-09-2021 14:18:50.0281 P
[ReportManager] Successfully Closed All Drivers. @22-09-2021 14:18:50.0357 P
[ReportManager] File Action [GetAbsolutePath] successfully performed. With the following test data [Relative Folder Path: "target/downloadedFiles/"]. @22-09-2021 14:18:50.0359 PM
[ReportManager] Attempting to run remotely on: [Linux-64], [GoogleChrome], [http://localhost:4444/wd/hub], Headless Execution. @22-09-2021 14:18:50.0359 PM
[ReportManager] Successfully Opened [GoogleChrome]. @22-09-2021 14:18:50.0539 PM
[ReportManager] Target URL: [https://the-internet.herokuapp.com/] @22-09-2021 14:18:50.0548 PM
[ReportManager] Initial URL: [data:,] @22-09-2021 14:18:50.0585 PM
[ReportManager] Browser Action [NavigateToURL] successfully performed. With the following test data [https://the-internet.herokuapp.com/]. @22-09-2021 14:18:51.0765 P

################################################################################################################################################
Starting Execution:	[100 out of 143] test cases in the current suite
Test Method:		[testPackage01.Test_NewValidationHelper.f13]
################################################################################################################################################
[ReportManager] Assertion [ValidateElementExists] FAILED. Expected [Element Should not Exist, locator 'By.tagName: div'] and Actual [Element Exists but is not unique]. Comparison Type [EQUALS]. Validation Type [NEGATIVE]. @22-09-2021 14:18:51.0983 PM
[ReportManager] Successfully created attachment [Screenshot - 1632320331929_f13_ValidateElementExists_failed] @22-09-2021 14:18:51.0983 P
[ReportManager] Successfully Closed All Drivers. @22-09-2021 14:18:52.0052 P
[ReportManager] File Action [GetAbsolutePath] successfully performed. With the following test data [Relative Folder Path: "target/downloadedFiles/"]. @22-09-2021 14:18:52.0054 PM
[ReportManager] Attempting to run remotely on: [Linux-64], [GoogleChrome], [http://localhost:4444/wd/hub], Headless Execution. @22-09-2021 14:18:52.0054 PM
[ReportManager] Successfully Opened [GoogleChrome]. @22-09-2021 14:18:52.0225 PM
[ReportManager] Target URL: [https://the-internet.herokuapp.com/] @22-09-2021 14:18:52.0237 PM
[ReportManager] Initial URL: [data:,] @22-09-2021 14:18:52.0278 PM
[ReportManager] Browser Action [NavigateToURL] successfully performed. With the following test data [https://the-internet.herokuapp.com/]. @22-09-2021 14:18:53.0398 P

################################################################################################################################################
Starting Execution:	[101 out of 143] test cases in the current suite
Test Method:		[testPackage01.Test_NewValidationHelper.f14]
################################################################################################################################################
[ReportManager] Element Action [GetText] successfully performed. With the following test data [Welcome to the-internet]. @22-09-2021 14:18:53.0481 PM
[ReportManager] Loaded Shared OpenCV @22-09-2021 14:18:53.0612 PM
[ReportManager] Assertion Passed: Asserting that the header text is correct @22-09-2021 14:18:53.0683 PM
[ReportManager] Successfully created attachment [Screenshot - 1632320333612_f14_ValidateElementAttribute_passed] @22-09-2021 14:18:53.0685 PM
[ReportManager] Assertion [ValidateElementAttribute] PASSED. Expected [Value Should be 'Welcome to the-internet' for the 'text' attribute, element locator 'By.tagName: h1'] and Actual [Welcome to the-internet]. Comparison Type [EQUALS]. Validation Type [POSITIVE]. @22-09-2021 14:18:53.0685 P
[ReportManager] Successfully Closed All Drivers. @22-09-2021 14:18:53.0759 P
[ReportManager] File Action [GetAbsolutePath] successfully performed. With the following test data [Relative Folder Path: "target/downloadedFiles/"]. @22-09-2021 14:18:53.0760 PM
[ReportManager] Attempting to run remotely on: [Linux-64], [GoogleChrome], [http://localhost:4444/wd/hub], Headless Execution. @22-09-2021 14:18:53.0761 PM
[ReportManager] Successfully Opened [GoogleChrome]. @22-09-2021 14:18:53.0938 PM
[ReportManager] Target URL: [https://the-internet.herokuapp.com/] @22-09-2021 14:18:53.0949 PM
[ReportManager] Initial URL: [data:,] @22-09-2021 14:18:53.0994 PM
[ReportManager] Browser Action [NavigateToURL] successfully performed. With the following test data [https://the-internet.herokuapp.com/]. @22-09-2021 14:18:55.0177 P

################################################################################################################################################
Starting Execution:	[102 out of 143] test cases in the current suite
Test Method:		[testPackage01.Test_NewValidationHelper.f15]
################################################################################################################################################
[ReportManager] Element Action [GetText] successfully performed. With the following test data [Welcome to the-internet]. @22-09-2021 14:18:55.0255 PM
[ReportManager] Loaded Shared OpenCV @22-09-2021 14:18:55.0398 PM
[ReportManager] Assertion [ValidateElementAttribute] FAILED. Expected [Value Should not be 'Welcome' for the 'text' attribute, element locator 'By.tagName: h1'] and Actual [Welcome to the-internet]. Comparison Type [CONTAINS]. Validation Type [NEGATIVE]. @22-09-2021 14:18:55.0471 PM
[ReportManager] Successfully created attachment [Screenshot - 1632320335398_f15_ValidateElementAttribute_failed] @22-09-2021 14:18:55.0473 P
[ReportManager] Successfully Closed All Drivers. @22-09-2021 14:18:55.0547 P
[ReportManager] File Action [GetAbsolutePath] successfully performed. With the following test data [Relative Folder Path: "target/downloadedFiles/"]. @22-09-2021 14:18:55.0549 PM
[ReportManager] Attempting to run remotely on: [Linux-64], [GoogleChrome], [http://localhost:4444/wd/hub], Headless Execution. @22-09-2021 14:18:55.0549 PM
[ReportManager] Successfully Opened [GoogleChrome]. @22-09-2021 14:18:55.0744 PM
[ReportManager] Target URL: [https://the-internet.herokuapp.com/] @22-09-2021 14:18:55.0761 PM
[ReportManager] Initial URL: [data:,] @22-09-2021 14:18:55.0802 PM
[ReportManager] Browser Action [NavigateToURL] successfully performed. With the following test data [https://the-internet.herokuapp.com/]. @22-09-2021 14:18:56.0976 P

################################################################################################################################################
Starting Execution:	[103 out of 143] test cases in the current suite
Test Method:		[testPackage01.Test_NewValidationHelper.f16]
################################################################################################################################################
[ReportManager] Element Action [IdentifyUniqueElement] failed. With the following test data [zero elements found matching this locator "By.tagName: h3".]. @22-09-2021 14:19:22.0488 PM
[ReportManager] Successfully created attachment [Screenshot - 1632320362433_f16_IdentifyUniqueElement_failed] @22-09-2021 14:19:22.0489 PM
[ReportManager] Assertion [ValidateElementAttribute] FAILED. Expected [Value Should not be 'Welcome' for the 'text' attribute, element locator 'By.tagName: h3'] and Actual [Failed to read the desired element attribute]. Comparison Type [CONTAINS]. Validation Type [NEGATIVE]. @22-09-2021 14:19:22.0489 P
[ReportManager] Successfully Closed All Drivers. @22-09-2021 14:19:22.0561 P
[ReportManager] File Action [GetAbsolutePath] successfully performed. With the following test data [Relative Folder Path: "target/downloadedFiles/"]. @22-09-2021 14:19:22.0566 PM
[ReportManager] Attempting to run remotely on: [Linux-64], [GoogleChrome], [http://localhost:4444/wd/hub], Headless Execution. @22-09-2021 14:19:22.0566 PM
[ReportManager] Successfully Opened [GoogleChrome]. @22-09-2021 14:19:22.0755 PM
[ReportManager] Target URL: [https://the-internet.herokuapp.com/] @22-09-2021 14:19:22.0764 PM
[ReportManager] Initial URL: [data:,] @22-09-2021 14:19:22.0800 PM
[ReportManager] Browser Action [NavigateToURL] successfully performed. With the following test data [https://the-internet.herokuapp.com/]. @22-09-2021 14:19:23.0952 P

################################################################################################################################################
Starting Execution:	[104 out of 143] test cases in the current suite
Test Method:		[testPackage01.Test_NewValidationHelper.f17]
################################################################################################################################################
[ReportManager] Attempting to getAttribute [text2] from elementLocator [By.tagName: h1]. @22-09-2021 14:19:23.0957 PM
[ReportManager] Element Action [GetAttribute] successfully performed. @22-09-2021 14:19:24.0028 PM
[ReportManager] Loaded Shared OpenCV @22-09-2021 14:19:24.0166 PM
[ReportManager] Assertion [ValidateElementAttribute] PASSED. Expected [Value Should not be 'Welcome' for the 'text2' attribute, element locator 'By.tagName: h1'] and Actual [null]. Comparison Type [CONTAINS]. Validation Type [NEGATIVE]. @22-09-2021 14:19:24.0234 PM
[ReportManager] Successfully created attachment [Screenshot - 1632320364166_f17_ValidateElementAttribute_passed] @22-09-2021 14:19:24.0235 P
[ReportManager] Successfully Closed All Drivers. @22-09-2021 14:19:24.0308 P
[ReportManager] File Action [GetAbsolutePath] successfully performed. With the following test data [Relative Folder Path: "target/downloadedFiles/"]. @22-09-2021 14:19:24.0310 PM
[ReportManager] Attempting to run remotely on: [Linux-64], [GoogleChrome], [http://localhost:4444/wd/hub], Headless Execution. @22-09-2021 14:19:24.0310 PM
[ReportManager] Successfully Opened [GoogleChrome]. @22-09-2021 14:19:24.0514 PM
[ReportManager] Target URL: [https://the-internet.herokuapp.com/] @22-09-2021 14:19:24.0528 PM
[ReportManager] Initial URL: [data:,] @22-09-2021 14:19:24.0567 PM
[ReportManager] Browser Action [NavigateToURL] successfully performed. With the following test data [https://the-internet.herokuapp.com/]. @22-09-2021 14:19:25.0773 P

################################################################################################################################################
Starting Execution:	[105 out of 143] test cases in the current suite
Test Method:		[testPackage01.Test_NewValidationHelper.f18]
################################################################################################################################################
[ReportManager] Element Action [GetText] successfully performed. With the following test data [Welcome to the-internet]. @22-09-2021 14:19:25.0869 PM
[ReportManager] Loaded Shared OpenCV @22-09-2021 14:19:25.0996 PM
[ReportManager] Assertion [ValidateElementAttribute] PASSED. Expected [Value Should not be 'no' for the 'text' attribute, element locator 'By.tagName: h1'] and Actual [Welcome to the-internet]. Comparison Type [CONTAINS]. Validation Type [NEGATIVE]. @22-09-2021 14:19:26.0071 PM
[ReportManager] Successfully created attachment [Screenshot - 1632320365996_f18_ValidateElementAttribute_passed] @22-09-2021 14:19:26.0072 P
[ReportManager] Successfully Closed All Drivers. @22-09-2021 14:19:26.0147 P
[ReportManager] File Action [GetAbsolutePath] successfully performed. With the following test data [Relative Folder Path: "target/downloadedFiles/"]. @22-09-2021 14:19:26.0152 PM
[ReportManager] Attempting to run remotely on: [Linux-64], [GoogleChrome], [http://localhost:4444/wd/hub], Headless Execution. @22-09-2021 14:19:26.0152 PM
[ReportManager] Successfully Opened [GoogleChrome]. @22-09-2021 14:19:26.0344 PM
[ReportManager] Target URL: [https://the-internet.herokuapp.com/] @22-09-2021 14:19:26.0354 PM
[ReportManager] Initial URL: [data:,] @22-09-2021 14:19:26.0389 PM
[ReportManager] Browser Action [NavigateToURL] successfully performed. With the following test data [https://the-internet.herokuapp.com/]. @22-09-2021 14:19:27.0540 P

################################################################################################################################################
Starting Execution:	[106 out of 143] test cases in the current suite
Test Method:		[testPackage01.Test_NewValidationHelper.f19]
################################################################################################################################################
[ReportManager] Element Action [GetTagName] successfully performed. With the following test data [h1]. @22-09-2021 14:19:27.0626 PM
[ReportManager] Loaded Shared OpenCV @22-09-2021 14:19:27.0776 PM
[ReportManager] Assertion [ValidateElementAttribute] PASSED. Expected [Value Should be 'h' for the 'tagname' attribute, element locator 'By.tagName: h1'] and Actual [h1]. Comparison Type [CONTAINS]. Validation Type [POSITIVE]. @22-09-2021 14:19:27.0857 PM
[ReportManager] Successfully created attachment [Screenshot - 1632320367776_f19_ValidateElementAttribute_passed] @22-09-2021 14:19:27.0858 P
[ReportManager] Successfully Closed All Drivers. @22-09-2021 14:19:27.0940 P

################################################################################################################################################
Starting Execution:	[107 out of 143] test cases in the current suite
Test Method:		[testPackage01.Test_NewValidationHelper.f2]
################################################################################################################################################
[ReportManager] Assertion Failed: Checking valid user data @22-09-2021 14:19:27.0951 PM
[ReportManager] Assertion [ValidateEquals] FAILED. Expected [1] and Actual [2]. Comparison Type [EQUALS]. Validation Type [POSITIVE]. @22-09-2021 14:19:27.0952 P
[ReportManager] File Action [GetAbsolutePath] successfully performed. With the following test data [Relative Folder Path: "target/downloadedFiles/"]. @22-09-2021 14:19:27.0958 PM
[ReportManager] Attempting to run remotely on: [Linux-64], [GoogleChrome], [http://localhost:4444/wd/hub], Headless Execution. @22-09-2021 14:19:27.0958 PM
[ReportManager] Successfully Opened [GoogleChrome]. @22-09-2021 14:19:28.0198 PM
[ReportManager] Target URL: [https://the-internet.herokuapp.com/] @22-09-2021 14:19:28.0207 PM
[ReportManager] Initial URL: [data:,] @22-09-2021 14:19:28.0247 PM
[ReportManager] Browser Action [NavigateToURL] successfully performed. With the following test data [https://the-internet.herokuapp.com/]. @22-09-2021 14:19:29.0381 P

################################################################################################################################################
Starting Execution:	[108 out of 143] test cases in the current suite
Test Method:		[testPackage01.Test_NewValidationHelper.f20]
################################################################################################################################################
[ReportManager] Element Action [GetSize] successfully performed. With the following test data [(755, 61)]. @22-09-2021 14:19:29.0452 PM
[ReportManager] Loaded Shared OpenCV @22-09-2021 14:19:29.0598 PM
[ReportManager] Assertion [ValidateElementAttribute] PASSED. Expected [Value Should not be 'a' for the 'size' attribute, element locator 'By.tagName: h1'] and Actual [(755, 61)]. Comparison Type [CONTAINS]. Validation Type [NEGATIVE]. @22-09-2021 14:19:29.0665 PM
[ReportManager] Successfully created attachment [Screenshot - 1632320369598_f20_ValidateElementAttribute_passed] @22-09-2021 14:19:29.0670 P
[ReportManager] Successfully Closed All Drivers. @22-09-2021 14:19:29.0740 P
[ReportManager] File Action [GetAbsolutePath] successfully performed. With the following test data [Relative Folder Path: "target/downloadedFiles/"]. @22-09-2021 14:19:29.0741 PM
[ReportManager] Attempting to run remotely on: [Linux-64], [GoogleChrome], [http://localhost:4444/wd/hub], Headless Execution. @22-09-2021 14:19:29.0742 PM
[ReportManager] Successfully Opened [GoogleChrome]. @22-09-2021 14:19:29.0935 PM
[ReportManager] Target URL: [https://the-internet.herokuapp.com/] @22-09-2021 14:19:29.0944 PM
[ReportManager] Initial URL: [data:,] @22-09-2021 14:19:29.0979 PM
[ReportManager] Browser Action [NavigateToURL] successfully performed. With the following test data [https://the-internet.herokuapp.com/]. @22-09-2021 14:19:31.0109 P

################################################################################################################################################
Starting Execution:	[109 out of 143] test cases in the current suite
Test Method:		[testPackage01.Test_NewValidationHelper.f21]
################################################################################################################################################
[ReportManager] Element Action [IdentifyUniqueElement] failed. With the following test data [zero elements found matching this locator "By.tagName: h3".]. @22-09-2021 14:19:56.0615 PM
[ReportManager] Successfully created attachment [Screenshot - 1632320396563_f21_IdentifyUniqueElement_failed] @22-09-2021 14:19:56.0616 PM
[ReportManager] Assertion [ValidateElementAttribute] FAILED. Expected [Value Should be 'Welcome' for the 'text' attribute, element locator 'By.tagName: h3'] and Actual [Failed to read the desired element attribute]. Comparison Type [CONTAINS]. Validation Type [POSITIVE]. @22-09-2021 14:19:56.0617 P
[ReportManager] Successfully Closed All Drivers. @22-09-2021 14:19:56.0690 P
[ReportManager] File Action [GetAbsolutePath] successfully performed. With the following test data [Relative Folder Path: "target/downloadedFiles/"]. @22-09-2021 14:19:56.0692 PM
[ReportManager] Attempting to run remotely on: [Linux-64], [GoogleChrome], [http://localhost:4444/wd/hub], Headless Execution. @22-09-2021 14:19:56.0692 PM
[ReportManager] Successfully Opened [GoogleChrome]. @22-09-2021 14:19:56.0869 PM
[ReportManager] Target URL: [https://the-internet.herokuapp.com/] @22-09-2021 14:19:56.0879 PM
[ReportManager] Initial URL: [data:,] @22-09-2021 14:19:56.0914 PM
[ReportManager] Browser Action [NavigateToURL] successfully performed. With the following test data [https://the-internet.herokuapp.com/]. @22-09-2021 14:19:58.0072 P

################################################################################################################################################
Starting Execution:	[110 out of 143] test cases in the current suite
Test Method:		[testPackage01.Test_NewValidationHelper.f22]
################################################################################################################################################
[ReportManager] Element Action [GetText] successfully performed. With the following test data [Welcome to the-internet]. @22-09-2021 14:19:58.0143 PM
[ReportManager] Loaded Shared OpenCV @22-09-2021 14:19:58.0262 PM
[ReportManager] Assertion [ValidateElementAttribute] FAILED. Expected [Value Should be 'yyy' for the 'text' attribute, element locator 'By.tagName: h1'] and Actual [Welcome to the-internet]. Comparison Type [CONTAINS]. Validation Type [POSITIVE]. @22-09-2021 14:19:58.0345 PM
[ReportManager] Successfully created attachment [Screenshot - 1632320398261_f22_ValidateElementAttribute_failed] @22-09-2021 14:19:58.0346 P
[ReportManager] Successfully Closed All Drivers. @22-09-2021 14:19:58.0423 P

################################################################################################################################################
Starting Execution:	[111 out of 143] test cases in the current suite
Test Method:		[testPackage01.Test_NewValidationHelper.f23]
################################################################################################################################################
[ReportManager] Assertion Passed: confirming that the actual is greater than or equal to the expected @22-09-2021 14:19:58.0426 PM
[ReportManager] Assertion [ValidateComparativeRelation] PASSED. Expected [1] and Actual [1]. Comparison Type [GREATER_THAN_OR_EQUALS]. Validation Type [POSITIVE]. @22-09-2021 14:19:58.0426 P

################################################################################################################################################
Starting Execution:	[112 out of 143] test cases in the current suite
Test Method:		[testPackage01.Test_NewValidationHelper.f24]
################################################################################################################################################
[ReportManager] Assertion [ValidateComparativeRelation] PASSED. Expected [1] and Actual [10]. Comparison Type [GREATER_THAN_OR_EQUALS]. Validation Type [POSITIVE]. @22-09-2021 14:19:58.0427 P

################################################################################################################################################
Starting Execution:	[113 out of 143] test cases in the current suite
Test Method:		[testPackage01.Test_NewValidationHelper.f25]
################################################################################################################################################
[ReportManager] Assertion [ValidateComparativeRelation] PASSED. Expected [1] and Actual [1]. Comparison Type [EQUALS]. Validation Type [POSITIVE]. @22-09-2021 14:19:58.0430 P

################################################################################################################################################
Starting Execution:	[114 out of 143] test cases in the current suite
Test Method:		[testPackage01.Test_NewValidationHelper.f26]
################################################################################################################################################
[ReportManager] Assertion [ValidateComparativeRelation] PASSED. Expected [1] and Actual [5]. Comparison Type [GREATER_THAN]. Validation Type [POSITIVE]. @22-09-2021 14:19:58.0432 P

################################################################################################################################################
Starting Execution:	[115 out of 143] test cases in the current suite
Test Method:		[testPackage01.Test_NewValidationHelper.f27]
################################################################################################################################################
[ReportManager] Assertion [ValidateComparativeRelation] PASSED. Expected [11] and Actual [5]. Comparison Type [LESS_THAN]. Validation Type [POSITIVE]. @22-09-2021 14:19:58.0436 P

################################################################################################################################################
Starting Execution:	[116 out of 143] test cases in the current suite
Test Method:		[testPackage01.Test_NewValidationHelper.f28]
################################################################################################################################################
[ReportManager] Assertion [ValidateComparativeRelation] PASSED. Expected [11] and Actual [5]. Comparison Type [LESS_THAN_OR_EQUALS]. Validation Type [POSITIVE]. @22-09-2021 14:19:58.0439 P

################################################################################################################################################
Starting Execution:	[117 out of 143] test cases in the current suite
Test Method:		[testPackage01.Test_NewValidationHelper.f29]
################################################################################################################################################
[ReportManager] Assertion [ValidateComparativeRelation] PASSED. Expected [11] and Actual [11]. Comparison Type [LESS_THAN_OR_EQUALS]. Validation Type [POSITIVE]. @22-09-2021 14:19:58.0443 P

################################################################################################################################################
Starting Execution:	[118 out of 143] test cases in the current suite
Test Method:		[testPackage01.Test_NewValidationHelper.f3]
################################################################################################################################################
[ReportManager] Assertion [ValidateEquals] PASSED. Expected [1] and Actual [2]. Comparison Type [EQUALS]. Validation Type [NEGATIVE]. @22-09-2021 14:19:58.0447 P

################################################################################################################################################
Starting Execution:	[119 out of 143] test cases in the current suite
Test Method:		[testPackage01.Test_NewValidationHelper.f30]
################################################################################################################################################
[ReportManager] Assertion [ValidateComparativeRelation] FAILED. Expected [-9] and Actual [11]. Comparison Type [LESS_THAN_OR_EQUALS]. Validation Type [POSITIVE]. @22-09-2021 14:19:58.0450 P

################################################################################################################################################
Starting Execution:	[120 out of 143] test cases in the current suite
Test Method:		[testPackage01.Test_NewValidationHelper.f31]
################################################################################################################################################
[ReportManager] Assertion [ValidateTrue] PASSED. Expected [TRUE] and Actual [TRUE]. Validation Type [POSITIVE]. @22-09-2021 14:19:58.0452 P

################################################################################################################################################
Starting Execution:	[121 out of 143] test cases in the current suite
Test Method:		[testPackage01.Test_NewValidationHelper.f32]
################################################################################################################################################
[ReportManager] Assertion [ValidateTrue] PASSED. Expected [FALSE] and Actual [FALSE]. Validation Type [NEGATIVE]. @22-09-2021 14:19:58.0454 P

################################################################################################################################################
Starting Execution:	[122 out of 143] test cases in the current suite
Test Method:		[testPackage01.Test_NewValidationHelper.f33]
################################################################################################################################################
[ReportManager] Assertion [ValidateTrue] FAILED. Expected [FALSE] and Actual [TRUE]. Validation Type [NEGATIVE]. @22-09-2021 14:19:58.0456 P

################################################################################################################################################
Starting Execution:	[123 out of 143] test cases in the current suite
Test Method:		[testPackage01.Test_NewValidationHelper.f34]
################################################################################################################################################
[ReportManager] Assertion [ValidateTrue] FAILED. Expected [TRUE] and Actual [FALSE]. Validation Type [POSITIVE]. @22-09-2021 14:19:58.0459 P

################################################################################################################################################
Starting Execution:	[124 out of 143] test cases in the current suite
Test Method:		[testPackage01.Test_NewValidationHelper.f35]
################################################################################################################################################
[ReportManager] File Action [DoesFileExist] successfully performed. With the following test data [File Path: "pom.xml"]. @22-09-2021 14:19:58.0464 PM
[ReportManager] Assertion [ValidateFileExists] PASSED. Expected [File 'pom.xml' should exist, after up to '1' retries] and Actual [File exists]. Validation Type [POSITIVE]. @22-09-2021 14:19:58.0464 P

################################################################################################################################################
Starting Execution:	[125 out of 143] test cases in the current suite
Test Method:		[testPackage01.Test_NewValidationHelper.f36]
################################################################################################################################################
[ReportManager] File Action [DoesFileExist] successfully performed. With the following test data [File Path: "src/test/java/testPackage01/Test_NewValidationHelper.java"]. @22-09-2021 14:19:58.0467 PM
[ReportManager] Assertion [ValidateFileExists] PASSED. Expected [File 'src/test/java/testPackage01/Test_NewValidationHelper.java' should exist, after up to '1' retries] and Actual [File exists]. Validation Type [POSITIVE]. @22-09-2021 14:19:58.0468 P

################################################################################################################################################
Starting Execution:	[126 out of 143] test cases in the current suite
Test Method:		[testPackage01.Test_NewValidationHelper.f37]
################################################################################################################################################
[ReportManager] File Action [DoesFileExist] successfully performed. With the following test data [File Path: "pom.xml"]. @22-09-2021 14:19:58.0471 PM
[ReportManager] Assertion Failed: confirming that the file does't exist after 5 retries @22-09-2021 14:19:58.0473 PM
[ReportManager] Assertion [ValidateFileExists] FAILED. Expected [File 'pom.xml' should not exist, after up to '5' retries] and Actual [File exists]. Validation Type [NEGATIVE]. @22-09-2021 14:19:58.0473 P

################################################################################################################################################
Starting Execution:	[127 out of 143] test cases in the current suite
Test Method:		[testPackage01.Test_NewValidationHelper.f3_1]
################################################################################################################################################
[ReportManager] Assertion Passed: Checking valid user data @22-09-2021 14:19:58.0476 PM
[ReportManager] Assertion [ValidateEquals] PASSED. Expected [null] and Actual [null]. Comparison Type [EQUALS]. Validation Type [POSITIVE]. @22-09-2021 14:19:58.0476 P

################################################################################################################################################
Starting Execution:	[128 out of 143] test cases in the current suite
Test Method:		[testPackage01.Test_NewValidationHelper.f4]
################################################################################################################################################
[ReportManager] Assertion [ValidateEquals] PASSED. Expected [1] and Actual [123]. Comparison Type [CONTAINS]. Validation Type [POSITIVE]. @22-09-2021 14:19:58.0483 P

################################################################################################################################################
Starting Execution:	[129 out of 143] test cases in the current suite
Test Method:		[testPackage01.Test_NewValidationHelper.f5]
################################################################################################################################################
[ReportManager] Assertion [ValidateNull] PASSED. Expected [NULL] and Actual [1]. Comparison Type [EQUALS]. Validation Type [NEGATIVE]. @22-09-2021 14:19:58.0487 P

################################################################################################################################################
Starting Execution:	[130 out of 143] test cases in the current suite
Test Method:		[testPackage01.Test_NewValidationHelper.f6]
################################################################################################################################################
[ReportManager] Assertion Failed: Making sure that null string is not equal to null object @22-09-2021 14:19:58.0490 PM
[ReportManager] Assertion [ValidateNull] FAILED. Expected [NULL] and Actual [NULL]. Comparison Type [EQUALS]. Validation Type [POSITIVE]. @22-09-2021 14:19:58.0490 P

################################################################################################################################################
Starting Execution:	[131 out of 143] test cases in the current suite
Test Method:		[testPackage01.Test_NewValidationHelper.f6_1]
################################################################################################################################################
[ReportManager] Assertion [ValidateNull] FAILED. Expected [NULL] and Actual [NULL]. Comparison Type [EQUALS]. Validation Type [NEGATIVE]. @22-09-2021 14:19:58.0493 P

################################################################################################################################################
Starting Execution:	[132 out of 143] test cases in the current suite
Test Method:		[testPackage01.Test_NewValidationHelper.f6_2]
################################################################################################################################################
[ReportManager] Assertion Failed: Making sure that null string is not equal to null object @22-09-2021 14:19:58.0495 PM
[ReportManager] Assertion [ValidateNull] FAILED. Expected [NULL] and Actual [not null]. Comparison Type [EQUALS]. Validation Type [POSITIVE]. @22-09-2021 14:19:58.0495 P

################################################################################################################################################
Starting Execution:	[133 out of 143] test cases in the current suite
Test Method:		[testPackage01.Test_NewValidationHelper.f7]
################################################################################################################################################
[ReportManager] Assertion [ValidateNull] PASSED. Expected [NULL] and Actual [NULL]. Comparison Type [EQUALS]. Validation Type [POSITIVE]. @22-09-2021 14:19:58.0498 P
[ReportManager] File Action [GetAbsolutePath] successfully performed. With the following test data [Relative Folder Path: "target/downloadedFiles/"]. @22-09-2021 14:19:58.0499 PM
[ReportManager] Attempting to run remotely on: [Linux-64], [GoogleChrome], [http://localhost:4444/wd/hub], Headless Execution. @22-09-2021 14:19:58.0500 PM
[ReportManager] Successfully Opened [GoogleChrome]. @22-09-2021 14:19:58.0681 PM
[ReportManager] Target URL: [https://the-internet.herokuapp.com/] @22-09-2021 14:19:58.0692 PM
[ReportManager] Initial URL: [data:,] @22-09-2021 14:19:58.0730 PM
[ReportManager] Browser Action [NavigateToURL] successfully performed. With the following test data [https://the-internet.herokuapp.com/]. @22-09-2021 14:19:59.0854 P

################################################################################################################################################
Starting Execution:	[134 out of 143] test cases in the current suite
Test Method:		[testPackage01.Test_NewValidationHelper.f8]
################################################################################################################################################
[ReportManager] Loaded Shared OpenCV @22-09-2021 14:20:00.0028 PM
[ReportManager] Assertion [ValidateElementExists] PASSED. Expected [Element Should Exist, locator 'By.tagName: h1'] and Actual [Element Exists]. Comparison Type [EQUALS]. Validation Type [POSITIVE]. @22-09-2021 14:20:00.0095 PM
[ReportManager] Successfully created attachment [Screenshot - 1632320400028_f8_ValidateElementExists_passed] @22-09-2021 14:20:00.0096 P
[ReportManager] Successfully Closed All Drivers. @22-09-2021 14:20:00.0169 P
[ReportManager] File Action [GetAbsolutePath] successfully performed. With the following test data [Relative Folder Path: "target/downloadedFiles/"]. @22-09-2021 14:20:00.0171 PM
[ReportManager] Attempting to run remotely on: [Linux-64], [GoogleChrome], [http://localhost:4444/wd/hub], Headless Execution. @22-09-2021 14:20:00.0171 PM
[ReportManager] Successfully Opened [GoogleChrome]. @22-09-2021 14:20:00.0350 PM
[ReportManager] Target URL: [https://the-internet.herokuapp.com/] @22-09-2021 14:20:00.0360 PM
[ReportManager] Initial URL: [data:,] @22-09-2021 14:20:00.0403 PM
[ReportManager] Browser Action [NavigateToURL] successfully performed. With the following test data [https://the-internet.herokuapp.com/]. @22-09-2021 14:20:01.0563 P

################################################################################################################################################
Starting Execution:	[135 out of 143] test cases in the current suite
Test Method:		[testPackage01.Test_NewValidationHelper.f9]
################################################################################################################################################
[ReportManager] Assertion [ValidateElementExists] FAILED. Expected [Element Should Exist, locator 'By.tagName: h3'] and Actual [Element Doesn't Exists]. Comparison Type [EQUALS]. Validation Type [POSITIVE]. @22-09-2021 14:20:32.0183 PM
[ReportManager] Successfully created attachment [Screenshot - 1632320432128_f9_ValidateElementExists_failed] @22-09-2021 14:20:32.0184 P
[ReportManager] Successfully Closed All Drivers. @22-09-2021 14:20:32.0257 P

################################################################################################################################################
Starting Execution:	[136 out of 143] test cases in the current suite
Test Method:		[testPackage01.Test_NewValidationHelper.forceFail]
################################################################################################################################################
[ReportManager] Assertion [ValidateFail] FAILED. Successfully force failed the test. @22-09-2021 14:20:32.0260 P

################################################################################################################################################
Starting Execution:	[137 out of 143] test cases in the current suite
Test Method:		[testPackage01.Test_NewValidationHelper.forceFail2]
################################################################################################################################################
[ReportManager] Assertion Failed: Custom Message @22-09-2021 14:20:32.0264 PM
[ReportManager] Assertion [ValidateFail] FAILED. Successfully force failed the test. @22-09-2021 14:20:32.0264 P

################################################################################################################################################
Starting Execution:	[138 out of 143] test cases in the current suite
Test Method:		[testPackage01.Test_sendGraphqlRequest.sendGraphqlRequestUsingMutationAndVariables]
################################################################################################################################################
[ReportManager] GraphQl Request is being Performed with the Following Parameters [Service URL: https://api.spacex.land/graphql | Request Body: {"variables":"{\"name\": \"sherlock holmes\",\"rocket\": \"221B Baker Street\"}","query":"mutation ($name: String, $rocket: String) {\n  insert_users(objects: {name: $name, rocket: $rocket}) {\n    returning {\n      name\n      rocket\n    }\n  }\n}"}] @22-09-2021 14:20:32.0266 PM
[ReportManager] Response status code: [200], status line: [HTTP/1.1 200 OK] @22-09-2021 14:20:32.0893 PM
[ReportManager] Assertion Passed: Evaluating the actual response status code against the expected one... @22-09-2021 14:20:32.0893 PM
[ReportManager] Assertion [ValidateEquals] PASSED. Expected [200] and Actual [200]. Comparison Type [EQUALS]. Validation Type [POSITIVE]. @22-09-2021 14:20:32.0893 PM
[ReportManager] API Action [PerformRequest] successfully performed. With the following test data [Request Type: "POST" | Target Status Code: "200" | Service URL: "https://api.spacex.land/graphql" | Content Type: "application/json" | Response Time: "497ms"]. @22-09-2021 14:20:32.0905 PM
[ReportManager] Successfully created attachment [API Request - Specifications] @22-09-2021 14:20:32.0905 PM
[ReportManager] Successfully created attachment [API Request - JSON Body] @22-09-2021 14:20:32.0905 PM
[ReportManager] Successfully created attachment [API Response - JSON Body] @22-09-2021 14:20:32.0906 PM
[ReportManager] API Action [GetResponseJSONValue] successfully performed. With the following test data [data.insert_users.returning[0].name]. @22-09-2021 14:20:32.0939 PM
[ReportManager] Assertion [ValidateEquals] PASSED. Expected [sherlock holmes] and Actual [sherlock holmes]. Comparison Type [EQUALS]. Validation Type [POSITIVE]. @22-09-2021 14:20:32.0939 P

################################################################################################################################################
Starting Execution:	[139 out of 143] test cases in the current suite
Test Method:		[testPackage01.Test_sendGraphqlRequest.sendGraphqlRequestUsingQuery]
################################################################################################################################################
[ReportManager] GraphQl Request is being Performed with the Following Parameters [Service URL: https://api.spacex.land/graphql | Request Body: {"query":"{company {ceo}}"}] @22-09-2021 14:20:32.0943 PM
[ReportManager] Response status code: [200], status line: [HTTP/1.1 200 OK] @22-09-2021 14:20:33.0232 PM
[ReportManager] Assertion Passed: Evaluating the actual response status code against the expected one... @22-09-2021 14:20:33.0232 PM
[ReportManager] Assertion [ValidateEquals] PASSED. Expected [200] and Actual [200]. Comparison Type [EQUALS]. Validation Type [POSITIVE]. @22-09-2021 14:20:33.0232 PM
[ReportManager] API Action [PerformRequest] successfully performed. With the following test data [Request Type: "POST" | Target Status Code: "200" | Service URL: "https://api.spacex.land/graphql" | Content Type: "application/json" | Response Time: "285ms"]. @22-09-2021 14:20:33.0242 PM
[ReportManager] Successfully created attachment [API Request - Specifications] @22-09-2021 14:20:33.0243 PM
[ReportManager] Successfully created attachment [API Request - JSON Body] @22-09-2021 14:20:33.0243 PM
[ReportManager] Successfully created attachment [API Response - JSON Body] @22-09-2021 14:20:33.0243 PM
[ReportManager] API Action [GetResponseJSONValue] successfully performed. With the following test data [data.company.ceo]. @22-09-2021 14:20:33.0252 PM
[ReportManager] Assertion [ValidateEquals] PASSED. Expected [Elon Musk] and Actual [Elon Musk]. Comparison Type [EQUALS]. Validation Type [POSITIVE]. @22-09-2021 14:20:33.0252 P

################################################################################################################################################
Starting Execution:	[140 out of 143] test cases in the current suite
Test Method:		[testPackage01.Test_chainableElementActions.chainElementActions]
################################################################################################################################################
[ReportManager] File Action [GetAbsolutePath] successfully performed. With the following test data [Relative Folder Path: "target/downloadedFiles/"]. @22-09-2021 14:20:33.0255 PM
[ReportManager] Attempting to run remotely on: [Linux-64], [GoogleChrome], [http://localhost:4444/wd/hub], Headless Execution. @22-09-2021 14:20:33.0255 PM
[ReportManager] Successfully Opened [GoogleChrome]. @22-09-2021 14:20:33.0499 PM
[ReportManager] Target URL: [https://www.google.com/ncr], and after redirection: [https://www.google.com] @22-09-2021 14:20:33.0509 PM
[ReportManager] Initial URL: [data:,] @22-09-2021 14:20:33.0544 PM
[ReportManager] Browser Action [NavigateToURL] successfully performed. With the following test data [https://www.google.com/ncr]. @22-09-2021 14:20:34.0463 PM
[ReportManager] Element Action [Type] successfully performed. With the following test data [chained type 1]. @22-09-2021 14:20:34.0776 PM
[ReportManager] Element Action [Type] successfully performed. With the following test data [chained type 2]. @22-09-2021 14:20:35.0057 PM
[ReportManager] Element Action [TypeAppend] successfully performed. With the following test data [345]. @22-09-2021 14:20:35.0144 PM
[ReportManager] Element Action [GetText] successfully performed. With the following test data [chained type 2345]. @22-09-2021 14:20:35.0239 PM
[ReportManager] Loaded Shared OpenCV @22-09-2021 14:20:35.0373 PM
[ReportManager] Assertion [ValidateElementAttribute] PASSED. Expected [Value Should be 'chained type 2345' for the 'text' attribute, element locator 'By.name: q'] and Actual [chained type 2345]. Comparison Type [EQUALS]. Validation Type [POSITIVE]. @22-09-2021 14:20:35.0439 PM
[ReportManager] Successfully created attachment [Screenshot - 1632320435373_chainElementActions_ValidateElementAttribute_passed] @22-09-2021 14:20:35.0440 PM
[ReportManager] Browser Action [CloseCurrentWindow] successfully performed. @22-09-2021 14:20:35.0552 PM
[ReportManager] Successfully created attachment [Browser Action Test Data - CloseCurrentWindow - Actual Value] @22-09-2021 14:20:35.0553 P

################################################################################################################################################
Starting Execution:	[141 out of 143] test cases in the current suite
Test Method:		[testPackage01.Test_SkipDueToIssue.doNotSkip]
################################################################################################################################################
[ReportManager] This should not be skipped. @22-09-2021 14:20:35.0556 P

################################################################################################################################################
Starting Execution:	[142 out of 143] test cases in the current suite
Test Method:		[testPackage01.Test_SkipDueToIssue.skip]
################################################################################################################################################
[ReportManager] This should be skipped. @22-09-2021 14:20:35.0561 P

################################################################################################################################################
Starting Execution:	[143 out of 143] test cases in the current suite
Test Method:		[testPackage01.Test_SkipDueToIssue.skip2]
################################################################################################################################################
[ReportManager] This should be skipped. @22-09-2021 14:20:35.0567 P

################################################################################################################################################
Test Closure Activities
################################################################################################################################################
[ReportManager] Successfully created attachment [SHAFT Engine Logs - Execution log] @22-09-2021 14:20:35.0595 PM

################################################################################################################################################
This test run was powered by SHAFT Engine Version: [SHAFT Engine v5.3.20210902]
SHAFT Engine is licensed under the MIT License: [https://github.com/MohabMohie/SHAFT_ENGINE/blob/master/LICENSE].
################################################################################################################################################