################################################################################################################################################
Detected SHAFT Engine Version: [SHAFT Engine v5.4.20211104-BETA]
################################################################################################################################################
[ReportManager] File Action [GetAbsolutePath] successfully performed. With the following test data [Relative Folder Path: "target/downloadedFiles/"]. @13-11-2021 01:47:20.0392 AM
[ReportManager] Attempting to run locally on: [Mac-64], [Safari], Headless Execution. @13-11-2021 01:47:20.0429 AM
[ReportManager] Successfully Opened Safari. @13-11-2021 01:47:26.0184 AM
[ReportManager] Initial window size: (800, 600) @13-11-2021 01:47:26.0237 AM
[ReportManager] Window size after SWD Maximize: (1176, 810) @13-11-2021 01:47:26.0282 AM
[ReportManager] Browser Action [MaximizeWindow] successfully performed. With the following test data [New screen size is now: (1176, 810)]. @13-11-2021 01:47:26.0290 A

################################################################################################################################################
Starting Execution:	[1 out of 146] test cases in the current suite
Test Method:		[unitTests.tests_element_elementActions.waitForElementToBePresent_false_expectedToFail]
################################################################################################################################################
[ReportManager] Target URL: [https://www.google.com/ncr], and after redirection: [www.google.com] @13-11-2021 01:47:26.0436 AM
[ReportManager] Initial URL: [] @13-11-2021 01:47:26.0572 AM
[ReportManager] Browser Action [NavigateToURL] successfully performed. With the following test data [https://www.google.com/ncr]. @13-11-2021 01:47:28.0040 AM
[ReportManager] Waiting for element to be present; elementLocator [By.xpath: //*[@id='hplogo' or @alt='Google']], numberOfTries[1], stateOfPresence[false]... @13-11-2021 01:47:28.0051 AM
[ReportManager] Element Action [WaitForElementToBePresent] failed. With the following test data [waited for the element's state of presence to be (false). Element locator (By.xpath: //*[@id='hplogo' or @alt='Google'])]. @13-11-2021 01:47:31.0214 AM
[ReportManager] Successfully created attachment [Screenshot - 1636768048158_waitForElementToBePresent_false_expectedToFail_WaitForElementToBePresent_failed] @13-11-2021 01:47:31.0241 A
[ReportManager] Browser Action [CloseCurrentWindow] successfully performed. @13-11-2021 01:47:31.0417 AM
[ReportManager] Successfully created attachment [Browser Action Test Data - CloseCurrentWindow - Actual Value] @13-11-2021 01:47:31.0419 A
[ReportManager] File Action [GetAbsolutePath] successfully performed. With the following test data [Relative Folder Path: "target/downloadedFiles/"]. @13-11-2021 01:47:31.0434 AM
[ReportManager] Attempting to run locally on: [Mac-64], [Safari], Headless Execution. @13-11-2021 01:47:31.0435 AM
[ReportManager] Successfully Opened Safari. @13-11-2021 01:47:32.0477 AM
[ReportManager] Initial window size: (800, 600) @13-11-2021 01:47:32.0497 AM
[ReportManager] Window size after SWD Maximize: (1176, 811) @13-11-2021 01:47:32.0551 AM
[ReportManager] Browser Action [MaximizeWindow] successfully performed. With the following test data [New screen size is now: (1176, 811)]. @13-11-2021 01:47:32.0551 A

################################################################################################################################################
Starting Execution:	[2 out of 146] test cases in the current suite
Test Method:		[unitTests.tests_element_elementActions.waitForElementToBePresent_false_expectedToPass]
################################################################################################################################################
[ReportManager] Target URL: [https://www.google.com/ncr], and after redirection: [www.google.com] @13-11-2021 01:47:32.0559 AM
[ReportManager] Initial URL: [] @13-11-2021 01:47:32.0708 AM
[ReportManager] Browser Action [NavigateToURL] successfully performed. With the following test data [https://www.google.com/ncr]. @13-11-2021 01:47:34.0035 AM
[ReportManager] Waiting for element to be present; elementLocator [By.id: bla], numberOfTries[1], stateOfPresence[false]... @13-11-2021 01:47:34.0036 A
[ReportManager] Browser Action [CloseCurrentWindow] successfully performed. @13-11-2021 01:47:34.0527 AM
[ReportManager] Successfully created attachment [Browser Action Test Data - CloseCurrentWindow - Actual Value] @13-11-2021 01:47:34.0528 A
[ReportManager] File Action [GetAbsolutePath] successfully performed. With the following test data [Relative Folder Path: "target/downloadedFiles/"]. @13-11-2021 01:47:34.0535 AM
[ReportManager] Attempting to run locally on: [Mac-64], [Safari], Headless Execution. @13-11-2021 01:47:34.0536 AM
[ReportManager] Successfully Opened Safari. @13-11-2021 01:47:35.0637 AM
[ReportManager] Initial window size: (800, 600) @13-11-2021 01:47:35.0658 AM
[ReportManager] Window size after SWD Maximize: (1176, 811) @13-11-2021 01:47:35.0678 AM
[ReportManager] Browser Action [MaximizeWindow] successfully performed. With the following test data [New screen size is now: (1176, 811)]. @13-11-2021 01:47:35.0679 A

################################################################################################################################################
Starting Execution:	[3 out of 146] test cases in the current suite
Test Method:		[unitTests.tests_element_elementActions.waitForElementToBePresent_moreThanOneElement_expectedToFail]
################################################################################################################################################
[ReportManager] Target URL: [https://www.google.com/ncr], and after redirection: [www.google.com] @13-11-2021 01:47:35.0698 AM
[ReportManager] Initial URL: [] @13-11-2021 01:47:35.0783 AM
[ReportManager] Browser Action [NavigateToURL] successfully performed. With the following test data [https://www.google.com/ncr]. @13-11-2021 01:47:37.0215 AM
[ReportManager] Waiting for element to be present; elementLocator [By.xpath: //*], numberOfTries[1], stateOfPresence[false]... @13-11-2021 01:47:37.0216 AM
[ReportManager] Element Action [WaitForElementToBePresent] failed. With the following test data [waited for the element's state of presence to be (false). Element locator (By.xpath: //*)]. @13-11-2021 01:47:37.0478 AM
[ReportManager] Successfully created attachment [Screenshot - 1636768057334_waitForElementToBePresent_moreThanOneElement_expectedToFail_WaitForElementToBePresent_failed] @13-11-2021 01:47:37.0488 A
[ReportManager] Browser Action [CloseCurrentWindow] successfully performed. @13-11-2021 01:47:37.0865 AM
[ReportManager] Successfully created attachment [Browser Action Test Data - CloseCurrentWindow - Actual Value] @13-11-2021 01:47:37.0866 A
[ReportManager] File Action [GetAbsolutePath] successfully performed. With the following test data [Relative Folder Path: "target/downloadedFiles/"]. @13-11-2021 01:47:37.0881 AM
[ReportManager] Attempting to run locally on: [Mac-64], [Safari], Headless Execution. @13-11-2021 01:47:37.0882 AM
[ReportManager] Successfully Opened Safari. @13-11-2021 01:47:38.0863 AM
[ReportManager] Initial window size: (800, 600) @13-11-2021 01:47:38.0914 AM
[ReportManager] Window size after SWD Maximize: (1176, 811) @13-11-2021 01:47:38.0962 AM
[ReportManager] Browser Action [MaximizeWindow] successfully performed. With the following test data [New screen size is now: (1176, 811)]. @13-11-2021 01:47:38.0963 A

################################################################################################################################################
Starting Execution:	[4 out of 146] test cases in the current suite
Test Method:		[unitTests.tests_element_elementActions.waitForElementToBePresent_true_expectedToFail]
################################################################################################################################################
[ReportManager] Target URL: [https://www.google.com/ncr], and after redirection: [www.google.com] @13-11-2021 01:47:38.0971 AM
[ReportManager] Initial URL: [] @13-11-2021 01:47:39.0025 AM
[ReportManager] Browser Action [NavigateToURL] successfully performed. With the following test data [https://www.google.com/ncr]. @13-11-2021 01:47:40.0876 AM
[ReportManager] Waiting for element to be present; elementLocator [By.id: bla], numberOfTries[1], stateOfPresence[true]... @13-11-2021 01:47:40.0876 A
[ReportManager] Browser Action [CloseCurrentWindow] successfully performed. @13-11-2021 01:47:41.0361 AM
[ReportManager] Successfully created attachment [Browser Action Test Data - CloseCurrentWindow - Actual Value] @13-11-2021 01:47:41.0362 A
[ReportManager] File Action [GetAbsolutePath] successfully performed. With the following test data [Relative Folder Path: "target/downloadedFiles/"]. @13-11-2021 01:47:41.0367 AM
[ReportManager] Attempting to run locally on: [Mac-64], [Safari], Headless Execution. @13-11-2021 01:47:41.0367 AM
[ReportManager] Successfully Opened Safari. @13-11-2021 01:47:42.0456 AM
[ReportManager] Initial window size: (800, 600) @13-11-2021 01:47:42.0467 AM
[ReportManager] Window size after SWD Maximize: (1176, 811) @13-11-2021 01:47:42.0497 AM
[ReportManager] Browser Action [MaximizeWindow] successfully performed. With the following test data [New screen size is now: (1176, 811)]. @13-11-2021 01:47:42.0498 A

################################################################################################################################################
Starting Execution:	[5 out of 146] test cases in the current suite
Test Method:		[unitTests.tests_element_elementActions.waitForElementToBePresent_true_expectedToPass]
################################################################################################################################################
[ReportManager] Target URL: [https://www.google.com/ncr], and after redirection: [www.google.com] @13-11-2021 01:47:42.0501 AM
[ReportManager] Initial URL: [] @13-11-2021 01:47:42.0568 AM
[ReportManager] Browser Action [NavigateToURL] successfully performed. With the following test data [https://www.google.com/ncr]. @13-11-2021 01:47:43.0839 AM
[ReportManager] Waiting for element to be present; elementLocator [By.xpath: //*[@id='hplogo' or @alt='Google']], numberOfTries[1], stateOfPresence[true]... @13-11-2021 01:47:43.0840 AM
[ReportManager] Element Action [WaitForElementToBePresent] successfully performed. With the following test data [waited for the element's state of presence to be (true). Element locator (By.xpath: //*[@id='hplogo' or @alt='Google'])]. @13-11-2021 01:47:43.0988 AM
[ReportManager] File Action [DoesFileExist] successfully performed. With the following test data [File Path: "src/main/resources/dynamicObjectRepository/unitTests_tests_element_elementActions_waitForElementToBePresent_true_expectedToPass_By_xpath_id_hplogo_or_alt_Google.png"]. @13-11-2021 01:47:44.0014 AM
[ReportManager] File Action [DoesFileExist] successfully performed. With the following test data [File Path: "src/main/resources/dynamicObjectRepository/unitTests_tests_element_elementActions_waitForElementToBePresent_true_expectedToPass_By_xpath_id_hplogo_or_alt_Google.png"]. @13-11-2021 01:47:44.0405 AM
[ReportManager] Passing the test and saving a reference image @13-11-2021 01:47:44.0405 AM
[ReportManager] File Action [GetAbsolutePath] successfully performed. With the following test data [Relative File Path: "src/main/resources/dynamicObjectRepository/unitTests_tests_element_elementActions_waitForElementToBePresent_true_expectedToPass_By_xpath_id_hplogo_or_alt_Google.png"]. @13-11-2021 01:47:44.0406 AM
[ReportManager] File Action [WriteToFile] successfully performed. With the following test data [Target File Path: "/Users/runner/work/SHAFT_ENGINE/SHAFT_ENGINE/src/main/resources/dynamicObjectRepository/unitTests_tests_element_elementActions_waitForElementToBePresent_true_expectedToPass_By_xpath_id_hplogo_or_alt_Google.png"]. @13-11-2021 01:47:44.0416 AM
[ReportManager] Assertion Passed: Using Visual AI; OpenCV @13-11-2021 01:47:44.0419 AM
[ReportManager] Successfully created attachment [Validation Test Data - Actual Screenshot] @13-11-2021 01:47:44.0420 AM
[ReportManager] Assertion [ValidateElementMatches] PASSED. Expected [Element should match the reference screenshot] and Actual [TRUE]. Comparison Type [EXACT_OPENCV]. Validation Type [POSITIVE]. @13-11-2021 01:47:44.0420 A
[ReportManager] Browser Action [CloseCurrentWindow] successfully performed. @13-11-2021 01:47:44.0865 AM
[ReportManager] Successfully created attachment [Browser Action Test Data - CloseCurrentWindow - Actual Value] @13-11-2021 01:47:44.0866 A
[ReportManager] File Action [GetAbsolutePath] successfully performed. With the following test data [Relative Folder Path: "target/downloadedFiles/"]. @13-11-2021 01:47:44.0870 AM
[ReportManager] Attempting to run locally on: [Mac-64], [Safari], Headless Execution. @13-11-2021 01:47:44.0871 AM
[ReportManager] Successfully Opened Safari. @13-11-2021 01:47:45.0876 AM
[ReportManager] Initial window size: (800, 600) @13-11-2021 01:47:45.0897 AM
[ReportManager] Window size after SWD Maximize: (1176, 811) @13-11-2021 01:47:45.0915 AM
[ReportManager] Browser Action [MaximizeWindow] successfully performed. With the following test data [New screen size is now: (1176, 811)]. @13-11-2021 01:47:45.0916 AM
[ReportManager] Target URL: [https://duckduckgo.com] @13-11-2021 01:47:45.0917 AM
[ReportManager] Initial URL: [] @13-11-2021 01:47:45.0992 AM
[ReportManager] Browser Action [NavigateToURL] successfully performed. With the following test data [https://duckduckgo.com]. @13-11-2021 01:47:47.0030 A

################################################################################################################################################
Starting Execution:	[6 out of 146] test cases in the current suite
Test Method:		[unitTests.tests_browserActions.fullScreenWindow]
################################################################################################################################################
[ReportManager] Initial Windows Size: 1176x811 @13-11-2021 01:47:47.0040 AM
[ReportManager] Current Windows Size after fullScreen: 1176x885 @13-11-2021 01:47:47.0242 AM
[ReportManager] Browser Action [FullScreenWindow] successfully performed. @13-11-2021 01:47:47.0264 AM
[ReportManager] Successfully created attachment [Browser Action Test Data - FullScreenWindow - Actual Value] @13-11-2021 01:47:47.0267 A
[ReportManager] Target URL: [https://duckduckgo.com] @13-11-2021 01:47:47.0271 AM
[ReportManager] Initial URL: [https://duckduckgo.com] @13-11-2021 01:47:47.0342 AM
[ReportManager] Browser Action [NavigateToURL] successfully performed. With the following test data [https://duckduckgo.com]. @13-11-2021 01:47:48.0182 AM
[ReportManager] Browser Action [CloseCurrentWindow] successfully performed. @13-11-2021 01:47:48.0400 AM
[ReportManager] Successfully created attachment [Browser Action Test Data - CloseCurrentWindow - Actual Value] @13-11-2021 01:47:48.0403 A
[ReportManager] File Action [GetAbsolutePath] successfully performed. With the following test data [Relative Folder Path: "target/downloadedFiles/"]. @13-11-2021 01:47:48.0408 AM
[ReportManager] Attempting to run locally on: [Mac-64], [Safari], Headless Execution. @13-11-2021 01:47:48.0409 AM
[ReportManager] Successfully Opened Safari. @13-11-2021 01:47:49.0242 AM
[ReportManager] Initial window size: (800, 600) @13-11-2021 01:47:49.0367 AM
[ReportManager] Window size after SWD Maximize: (1176, 811) @13-11-2021 01:47:49.0392 AM
[ReportManager] Browser Action [MaximizeWindow] successfully performed. With the following test data [New screen size is now: (1176, 811)]. @13-11-2021 01:47:49.0393 AM
[ReportManager] Target URL: [https://duckduckgo.com] @13-11-2021 01:47:49.0394 AM
[ReportManager] Initial URL: [] @13-11-2021 01:47:49.0447 AM
[ReportManager] Browser Action [NavigateToURL] successfully performed. With the following test data [https://duckduckgo.com]. @13-11-2021 01:47:50.0295 A

################################################################################################################################################
Starting Execution:	[7 out of 146] test cases in the current suite
Test Method:		[unitTests.tests_browserActions.getCurrentURL]
################################################################################################################################################
[ReportManager] Browser Action [GetCurrentURL] successfully performed. With the following test data [https://duckduckgo.com/]. @13-11-2021 01:47:50.0324 A
[ReportManager] Target URL: [https://duckduckgo.com] @13-11-2021 01:47:50.0327 AM
[ReportManager] Initial URL: [https://duckduckgo.com] @13-11-2021 01:47:50.0365 AM
[ReportManager] Browser Action [NavigateToURL] successfully performed. With the following test data [https://duckduckgo.com]. @13-11-2021 01:47:50.0988 AM
[ReportManager] Browser Action [CloseCurrentWindow] successfully performed. @13-11-2021 01:47:51.0384 AM
[ReportManager] Successfully created attachment [Browser Action Test Data - CloseCurrentWindow - Actual Value] @13-11-2021 01:47:51.0386 A
[ReportManager] File Action [GetAbsolutePath] successfully performed. With the following test data [Relative Folder Path: "target/downloadedFiles/"]. @13-11-2021 01:47:51.0392 AM
[ReportManager] Attempting to run locally on: [Mac-64], [Safari], Headless Execution. @13-11-2021 01:47:51.0392 AM
[ReportManager] Successfully Opened Safari. @13-11-2021 01:47:52.0356 AM
[ReportManager] Initial window size: (800, 600) @13-11-2021 01:47:52.0383 AM
[ReportManager] Window size after SWD Maximize: (1176, 811) @13-11-2021 01:47:52.0410 AM
[ReportManager] Browser Action [MaximizeWindow] successfully performed. With the following test data [New screen size is now: (1176, 811)]. @13-11-2021 01:47:52.0411 AM
[ReportManager] Target URL: [https://duckduckgo.com] @13-11-2021 01:47:52.0411 AM
[ReportManager] Initial URL: [] @13-11-2021 01:47:52.0463 AM
[ReportManager] Browser Action [NavigateToURL] successfully performed. With the following test data [https://duckduckgo.com]. @13-11-2021 01:47:53.0554 A

################################################################################################################################################
Starting Execution:	[8 out of 146] test cases in the current suite
Test Method:		[unitTests.tests_browserActions.getCurrentWindowTitle]
################################################################################################################################################
[ReportManager] Browser Action [GetCurrentWindowTitle] successfully performed. With the following test data [DuckDuckGo â€” Privacy, simplified.]. @13-11-2021 01:47:53.0604 A
[ReportManager] Target URL: [https://duckduckgo.com] @13-11-2021 01:47:53.0607 AM
[ReportManager] Initial URL: [https://duckduckgo.com] @13-11-2021 01:47:53.0648 AM
[ReportManager] Browser Action [NavigateToURL] successfully performed. With the following test data [https://duckduckgo.com]. @13-11-2021 01:47:54.0223 AM
[ReportManager] Browser Action [CloseCurrentWindow] successfully performed. @13-11-2021 01:47:54.0587 AM
[ReportManager] Successfully created attachment [Browser Action Test Data - CloseCurrentWindow - Actual Value] @13-11-2021 01:47:54.0588 A
[ReportManager] File Action [GetAbsolutePath] successfully performed. With the following test data [Relative Folder Path: "target/downloadedFiles/"]. @13-11-2021 01:47:54.0600 AM
[ReportManager] Attempting to run locally on: [Mac-64], [Safari], Headless Execution. @13-11-2021 01:47:54.0600 AM
[ReportManager] Successfully Opened Safari. @13-11-2021 01:47:55.0617 AM
[ReportManager] Initial window size: (800, 600) @13-11-2021 01:47:55.0627 AM
[ReportManager] Window size after SWD Maximize: (1176, 811) @13-11-2021 01:47:55.0654 AM
[ReportManager] Browser Action [MaximizeWindow] successfully performed. With the following test data [New screen size is now: (1176, 811)]. @13-11-2021 01:47:55.0655 AM
[ReportManager] Target URL: [https://duckduckgo.com] @13-11-2021 01:47:55.0656 AM
[ReportManager] Initial URL: [] @13-11-2021 01:47:55.0723 AM
[ReportManager] Browser Action [NavigateToURL] successfully performed. With the following test data [https://duckduckgo.com]. @13-11-2021 01:47:56.0675 A

################################################################################################################################################
Starting Execution:	[9 out of 146] test cases in the current suite
Test Method:		[unitTests.tests_browserActions.getPageSource]
################################################################################################################################################
[ReportManager] Browser Action [GetPageSource] successfully performed. @13-11-2021 01:47:56.0711 AM
[ReportManager] Successfully created attachment [Browser Action Test Data - GetPageSource - Actual Value] @13-11-2021 01:47:56.0712 A
[ReportManager] Target URL: [https://duckduckgo.com] @13-11-2021 01:47:56.0715 AM
[ReportManager] Initial URL: [https://duckduckgo.com] @13-11-2021 01:47:56.0749 AM
[ReportManager] Browser Action [NavigateToURL] successfully performed. With the following test data [https://duckduckgo.com]. @13-11-2021 01:47:57.0220 AM
[ReportManager] Browser Action [CloseCurrentWindow] successfully performed. @13-11-2021 01:47:57.0720 AM
[ReportManager] Successfully created attachment [Browser Action Test Data - CloseCurrentWindow - Actual Value] @13-11-2021 01:47:57.0721 A
[ReportManager] File Action [GetAbsolutePath] successfully performed. With the following test data [Relative Folder Path: "target/downloadedFiles/"]. @13-11-2021 01:47:57.0725 AM
[ReportManager] Attempting to run locally on: [Mac-64], [Safari], Headless Execution. @13-11-2021 01:47:57.0725 AM
[ReportManager] Successfully Opened Safari. @13-11-2021 01:47:58.0867 AM
[ReportManager] Initial window size: (800, 600) @13-11-2021 01:47:58.0921 AM
[ReportManager] Window size after SWD Maximize: (1176, 811) @13-11-2021 01:47:58.0973 AM
[ReportManager] Browser Action [MaximizeWindow] successfully performed. With the following test data [New screen size is now: (1176, 811)]. @13-11-2021 01:47:58.0974 AM
[ReportManager] Target URL: [https://duckduckgo.com] @13-11-2021 01:47:58.0975 AM
[ReportManager] Initial URL: [] @13-11-2021 01:47:59.0018 AM
[ReportManager] Browser Action [NavigateToURL] successfully performed. With the following test data [https://duckduckgo.com]. @13-11-2021 01:47:59.0825 A

################################################################################################################################################
Starting Execution:	[10 out of 146] test cases in the current suite
Test Method:		[unitTests.tests_browserActions.getWindowHandle]
################################################################################################################################################
[ReportManager] Browser Action [GetWindowHandle] successfully performed. With the following test data [page-D5ABD805-841E-444C-87A2-7240FF15867F]. @13-11-2021 01:47:59.0977 A
[ReportManager] Target URL: [https://duckduckgo.com] @13-11-2021 01:47:59.0981 AM
[ReportManager] Initial URL: [https://duckduckgo.com] @13-11-2021 01:48:00.0152 AM
[ReportManager] Browser Action [NavigateToURL] successfully performed. With the following test data [https://duckduckgo.com]. @13-11-2021 01:48:00.0663 AM
[ReportManager] Browser Action [CloseCurrentWindow] successfully performed. @13-11-2021 01:48:01.0096 AM
[ReportManager] Successfully created attachment [Browser Action Test Data - CloseCurrentWindow - Actual Value] @13-11-2021 01:48:01.0097 A
[ReportManager] File Action [GetAbsolutePath] successfully performed. With the following test data [Relative Folder Path: "target/downloadedFiles/"]. @13-11-2021 01:48:01.0101 AM
[ReportManager] Attempting to run locally on: [Mac-64], [Safari], Headless Execution. @13-11-2021 01:48:01.0101 AM
[ReportManager] Successfully Opened Safari. @13-11-2021 01:48:01.0891 AM
[ReportManager] Initial window size: (800, 600) @13-11-2021 01:48:01.0912 AM
[ReportManager] Window size after SWD Maximize: (1176, 811) @13-11-2021 01:48:01.0943 AM
[ReportManager] Browser Action [MaximizeWindow] successfully performed. With the following test data [New screen size is now: (1176, 811)]. @13-11-2021 01:48:01.0943 AM
[ReportManager] Target URL: [https://duckduckgo.com] @13-11-2021 01:48:01.0943 AM
[ReportManager] Initial URL: [] @13-11-2021 01:48:02.0021 AM
[ReportManager] Browser Action [NavigateToURL] successfully performed. With the following test data [https://duckduckgo.com]. @13-11-2021 01:48:02.0817 A

################################################################################################################################################
Starting Execution:	[11 out of 146] test cases in the current suite
Test Method:		[unitTests.tests_browserActions.getWindowPosition]
################################################################################################################################################
[ReportManager] Browser Action [GetWindowPosition] successfully performed. With the following test data [(0, 23)]. @13-11-2021 01:48:02.0845 A
[ReportManager] Target URL: [https://duckduckgo.com] @13-11-2021 01:48:02.0849 AM
[ReportManager] Initial URL: [https://duckduckgo.com] @13-11-2021 01:48:02.0882 AM
[ReportManager] Browser Action [NavigateToURL] successfully performed. With the following test data [https://duckduckgo.com]. @13-11-2021 01:48:03.0310 AM
[ReportManager] Browser Action [CloseCurrentWindow] successfully performed. @13-11-2021 01:48:03.0532 AM
[ReportManager] Successfully created attachment [Browser Action Test Data - CloseCurrentWindow - Actual Value] @13-11-2021 01:48:03.0532 A
[ReportManager] File Action [GetAbsolutePath] successfully performed. With the following test data [Relative Folder Path: "target/downloadedFiles/"]. @13-11-2021 01:48:03.0536 AM
[ReportManager] Attempting to run locally on: [Mac-64], [Safari], Headless Execution. @13-11-2021 01:48:03.0536 AM
[ReportManager] Successfully Opened Safari. @13-11-2021 01:48:04.0426 AM
[ReportManager] Initial window size: (800, 600) @13-11-2021 01:48:04.0469 AM
[ReportManager] Window size after SWD Maximize: (1176, 811) @13-11-2021 01:48:04.0531 AM
[ReportManager] Browser Action [MaximizeWindow] successfully performed. With the following test data [New screen size is now: (1176, 811)]. @13-11-2021 01:48:04.0532 AM
[ReportManager] Target URL: [https://duckduckgo.com] @13-11-2021 01:48:04.0532 AM
[ReportManager] Initial URL: [] @13-11-2021 01:48:04.0604 AM
[ReportManager] Browser Action [NavigateToURL] successfully performed. With the following test data [https://duckduckgo.com]. @13-11-2021 01:48:05.0638 A

################################################################################################################################################
Starting Execution:	[12 out of 146] test cases in the current suite
Test Method:		[unitTests.tests_browserActions.getWindowSize]
################################################################################################################################################
[ReportManager] Browser Action [GetWindowSize] successfully performed. With the following test data [(1176, 811)]. @13-11-2021 01:48:05.0712 A
[ReportManager] Target URL: [https://duckduckgo.com] @13-11-2021 01:48:05.0716 AM
[ReportManager] Initial URL: [https://duckduckgo.com] @13-11-2021 01:48:05.0794 AM
[ReportManager] Browser Action [NavigateToURL] successfully performed. With the following test data [https://duckduckgo.com]. @13-11-2021 01:48:06.0209 AM
[ReportManager] Browser Action [CloseCurrentWindow] successfully performed. @13-11-2021 01:48:06.0834 AM
[ReportManager] Successfully created attachment [Browser Action Test Data - CloseCurrentWindow - Actual Value] @13-11-2021 01:48:06.0835 A
[ReportManager] File Action [GetAbsolutePath] successfully performed. With the following test data [Relative Folder Path: "target/downloadedFiles/"]. @13-11-2021 01:48:06.0839 AM
[ReportManager] Attempting to run locally on: [Mac-64], [Safari], Headless Execution. @13-11-2021 01:48:06.0839 AM
[ReportManager] Successfully Opened Safari. @13-11-2021 01:48:07.0881 AM
[ReportManager] Initial window size: (800, 600) @13-11-2021 01:48:07.0891 AM
[ReportManager] Window size after SWD Maximize: (1176, 811) @13-11-2021 01:48:07.0911 AM
[ReportManager] Browser Action [MaximizeWindow] successfully performed. With the following test data [New screen size is now: (1176, 811)]. @13-11-2021 01:48:07.0911 AM
[ReportManager] Target URL: [https://duckduckgo.com] @13-11-2021 01:48:07.0911 AM
[ReportManager] Initial URL: [] @13-11-2021 01:48:07.0980 AM
[ReportManager] Browser Action [NavigateToURL] successfully performed. With the following test data [https://duckduckgo.com]. @13-11-2021 01:48:08.0950 A

################################################################################################################################################
Starting Execution:	[13 out of 146] test cases in the current suite
Test Method:		[unitTests.tests_browserActions.maximizeWindow]
################################################################################################################################################
[ReportManager] Initial window size: (1176, 811) @13-11-2021 01:48:08.0959 AM
[ReportManager] Window size after SWD Maximize: (1176, 811) @13-11-2021 01:48:08.0974 AM
[ReportManager] Window size after Toolkit: (1920, 1080) @13-11-2021 01:48:09.0042 AM
[ReportManager] Browser Action [MaximizeWindow] successfully performed. With the following test data [New screen size is now: (1920, 1080)]. @13-11-2021 01:48:09.0048 A
[ReportManager] Target URL: [https://duckduckgo.com] @13-11-2021 01:48:09.0050 AM
[ReportManager] Initial URL: [https://duckduckgo.com] @13-11-2021 01:48:09.0094 AM
[ReportManager] Browser Action [NavigateToURL] successfully performed. With the following test data [https://duckduckgo.com]. @13-11-2021 01:48:09.0786 AM
[ReportManager] Browser Action [CloseCurrentWindow] successfully performed. @13-11-2021 01:48:10.0185 AM
[ReportManager] Successfully created attachment [Browser Action Test Data - CloseCurrentWindow - Actual Value] @13-11-2021 01:48:10.0186 A
[ReportManager] File Action [GetAbsolutePath] successfully performed. With the following test data [Relative Folder Path: "target/downloadedFiles/"]. @13-11-2021 01:48:10.0188 AM
[ReportManager] Attempting to run locally on: [Mac-64], [Safari], Headless Execution. @13-11-2021 01:48:10.0189 AM
[ReportManager] Successfully Opened Safari. @13-11-2021 01:48:11.0027 AM
[ReportManager] Initial window size: (800, 600) @13-11-2021 01:48:11.0045 AM
[ReportManager] Window size after SWD Maximize: (1176, 811) @13-11-2021 01:48:11.0118 AM
[ReportManager] Browser Action [MaximizeWindow] successfully performed. With the following test data [New screen size is now: (1176, 811)]. @13-11-2021 01:48:11.0118 AM
[ReportManager] Target URL: [https://duckduckgo.com] @13-11-2021 01:48:11.0118 AM
[ReportManager] Initial URL: [] @13-11-2021 01:48:11.0156 AM
[ReportManager] Browser Action [NavigateToURL] successfully performed. With the following test data [https://duckduckgo.com]. @13-11-2021 01:48:11.0920 A

################################################################################################################################################
Starting Execution:	[14 out of 146] test cases in the current suite
Test Method:		[unitTests.tests_browserActions.navigateBack]
################################################################################################################################################
[ReportManager] Target URL: [https://www.google.com/ncr], and after redirection: [https://www.google.com] @13-11-2021 01:48:11.0925 AM
[ReportManager] Initial URL: [https://duckduckgo.com] @13-11-2021 01:48:11.0987 AM
[ReportManager] Browser Action [NavigateToURL] successfully performed. With the following test data [https://www.google.com/ncr]. @13-11-2021 01:48:13.0764 AM
[ReportManager] Browser Action [NavigateBack] successfully performed. With the following test data [https://duckduckgo.com/]. @13-11-2021 01:48:13.0905 AM
[ReportManager] Browser Action [GetCurrentURL] successfully performed. With the following test data [https://duckduckgo.com/]. @13-11-2021 01:48:13.0936 AM
[ReportManager] Assertion Passed: Confirming that navigating back was successful @13-11-2021 01:48:14.0100 AM
[ReportManager] Successfully created attachment [Screenshot - 1636768093968_navigateBack_ValidateBrowserAttribute_passed] @13-11-2021 01:48:14.0102 AM
[ReportManager] Assertion [ValidateBrowserAttribute] PASSED. Expected [Value Should be 'https://duckduckgo.com' for the 'CurrentUrl' attribute] and Actual [https://duckduckgo.com/]. Comparison Type [CONTAINS]. Validation Type [POSITIVE]. @13-11-2021 01:48:14.0102 A
[ReportManager] Target URL: [https://duckduckgo.com] @13-11-2021 01:48:14.0105 AM
[ReportManager] Initial URL: [https://duckduckgo.com] @13-11-2021 01:48:14.0140 AM
[ReportManager] Browser Action [NavigateToURL] successfully performed. With the following test data [https://duckduckgo.com]. @13-11-2021 01:48:14.0548 AM
[ReportManager] Browser Action [CloseCurrentWindow] successfully performed. @13-11-2021 01:48:14.0958 AM
[ReportManager] Successfully created attachment [Browser Action Test Data - CloseCurrentWindow - Actual Value] @13-11-2021 01:48:14.0961 A
[ReportManager] File Action [GetAbsolutePath] successfully performed. With the following test data [Relative Folder Path: "target/downloadedFiles/"]. @13-11-2021 01:48:14.0964 AM
[ReportManager] Attempting to run locally on: [Mac-64], [Safari], Headless Execution. @13-11-2021 01:48:14.0964 AM
[ReportManager] Successfully Opened Safari. @13-11-2021 01:48:15.0777 AM
[ReportManager] Initial window size: (800, 600) @13-11-2021 01:48:15.0807 AM
[ReportManager] Window size after SWD Maximize: (1176, 811) @13-11-2021 01:48:15.0825 AM
[ReportManager] Browser Action [MaximizeWindow] successfully performed. With the following test data [New screen size is now: (1176, 811)]. @13-11-2021 01:48:15.0826 AM
[ReportManager] Target URL: [https://duckduckgo.com] @13-11-2021 01:48:15.0826 AM
[ReportManager] Initial URL: [] @13-11-2021 01:48:15.0980 AM
[ReportManager] Browser Action [NavigateToURL] successfully performed. With the following test data [https://duckduckgo.com]. @13-11-2021 01:48:16.0986 A

################################################################################################################################################
Starting Execution:	[15 out of 146] test cases in the current suite
Test Method:		[unitTests.tests_browserActions.navigateForward]
################################################################################################################################################
[ReportManager] Target URL: [https://www.google.com/ncr], and after redirection: [https://www.google.com] @13-11-2021 01:48:16.0991 AM
[ReportManager] Initial URL: [https://duckduckgo.com] @13-11-2021 01:48:17.0199 AM
[ReportManager] Browser Action [NavigateToURL] successfully performed. With the following test data [https://www.google.com/ncr]. @13-11-2021 01:48:19.0159 AM
[ReportManager] Browser Action [NavigateBack] successfully performed. With the following test data [https://duckduckgo.com/]. @13-11-2021 01:48:19.0306 AM
[ReportManager] Browser Action [NavigateForward] successfully performed. With the following test data [https://www.google.com/]. @13-11-2021 01:48:19.0404 A
[ReportManager] Target URL: [https://duckduckgo.com] @13-11-2021 01:48:19.0406 AM
[ReportManager] Initial URL: [https://www.google.com] @13-11-2021 01:48:19.0435 AM
[ReportManager] Browser Action [NavigateToURL] successfully performed. With the following test data [https://duckduckgo.com]. @13-11-2021 01:48:19.0856 AM
[ReportManager] Browser Action [CloseCurrentWindow] successfully performed. @13-11-2021 01:48:20.0232 AM
[ReportManager] Successfully created attachment [Browser Action Test Data - CloseCurrentWindow - Actual Value] @13-11-2021 01:48:20.0232 A
[ReportManager] File Action [GetAbsolutePath] successfully performed. With the following test data [Relative Folder Path: "target/downloadedFiles/"]. @13-11-2021 01:48:20.0235 AM
[ReportManager] Attempting to run locally on: [Mac-64], [Safari], Headless Execution. @13-11-2021 01:48:20.0236 AM
[ReportManager] Successfully Opened Safari. @13-11-2021 01:48:21.0101 AM
[ReportManager] Initial window size: (800, 600) @13-11-2021 01:48:21.0108 AM
[ReportManager] Window size after SWD Maximize: (1176, 811) @13-11-2021 01:48:21.0131 AM
[ReportManager] Browser Action [MaximizeWindow] successfully performed. With the following test data [New screen size is now: (1176, 811)]. @13-11-2021 01:48:21.0132 AM
[ReportManager] Target URL: [https://duckduckgo.com] @13-11-2021 01:48:21.0132 AM
[ReportManager] Initial URL: [] @13-11-2021 01:48:21.0272 AM
[ReportManager] Browser Action [NavigateToURL] successfully performed. With the following test data [https://duckduckgo.com]. @13-11-2021 01:48:22.0441 A

################################################################################################################################################
Starting Execution:	[16 out of 146] test cases in the current suite
Test Method:		[unitTests.tests_browserActions.navigateToURL]
################################################################################################################################################
[ReportManager] Target URL: [https://duckduckgo.com] @13-11-2021 01:48:22.0446 AM
[ReportManager] Initial URL: [https://duckduckgo.com] @13-11-2021 01:48:22.0544 AM
[ReportManager] Browser Action [NavigateToURL] successfully performed. With the following test data [https://duckduckgo.com]. @13-11-2021 01:48:22.0993 A
[ReportManager] Target URL: [https://duckduckgo.com] @13-11-2021 01:48:23.0001 AM
[ReportManager] Initial URL: [https://duckduckgo.com] @13-11-2021 01:48:23.0034 AM
[ReportManager] Browser Action [NavigateToURL] successfully performed. With the following test data [https://duckduckgo.com]. @13-11-2021 01:48:23.0515 AM
[ReportManager] Browser Action [CloseCurrentWindow] successfully performed. @13-11-2021 01:48:23.0828 AM
[ReportManager] Successfully created attachment [Browser Action Test Data - CloseCurrentWindow - Actual Value] @13-11-2021 01:48:23.0829 A
[ReportManager] File Action [GetAbsolutePath] successfully performed. With the following test data [Relative Folder Path: "target/downloadedFiles/"]. @13-11-2021 01:48:23.0832 AM
[ReportManager] Attempting to run locally on: [Mac-64], [Safari], Headless Execution. @13-11-2021 01:48:23.0832 AM
[ReportManager] Successfully Opened Safari. @13-11-2021 01:48:24.0683 AM
[ReportManager] Initial window size: (800, 600) @13-11-2021 01:48:24.0691 AM
[ReportManager] Window size after SWD Maximize: (1176, 811) @13-11-2021 01:48:24.0713 AM
[ReportManager] Browser Action [MaximizeWindow] successfully performed. With the following test data [New screen size is now: (1176, 811)]. @13-11-2021 01:48:24.0714 AM
[ReportManager] Target URL: [https://duckduckgo.com] @13-11-2021 01:48:24.0714 AM
[ReportManager] Initial URL: [] @13-11-2021 01:48:24.0805 AM
[ReportManager] Browser Action [NavigateToURL] successfully performed. With the following test data [https://duckduckgo.com]. @13-11-2021 01:48:25.0895 A

################################################################################################################################################
Starting Execution:	[17 out of 146] test cases in the current suite
Test Method:		[unitTests.tests_browserActions.navigateToURLWithRedirection]
################################################################################################################################################
[ReportManager] Target URL: [https://www.google.com/ncr], and after redirection: [https://www.google.com] @13-11-2021 01:48:25.0898 AM
[ReportManager] Initial URL: [https://duckduckgo.com] @13-11-2021 01:48:25.0971 AM
[ReportManager] Browser Action [NavigateToURL] successfully performed. With the following test data [https://www.google.com/ncr]. @13-11-2021 01:48:27.0265 A
[ReportManager] Target URL: [https://duckduckgo.com] @13-11-2021 01:48:27.0267 AM
[ReportManager] Initial URL: [https://www.google.com] @13-11-2021 01:48:27.0304 AM
[ReportManager] Browser Action [NavigateToURL] successfully performed. With the following test data [https://duckduckgo.com]. @13-11-2021 01:48:27.0802 AM
[ReportManager] Browser Action [CloseCurrentWindow] successfully performed. @13-11-2021 01:48:28.0128 AM
[ReportManager] Successfully created attachment [Browser Action Test Data - CloseCurrentWindow - Actual Value] @13-11-2021 01:48:28.0129 A
[ReportManager] File Action [GetAbsolutePath] successfully performed. With the following test data [Relative Folder Path: "target/downloadedFiles/"]. @13-11-2021 01:48:28.0132 AM
[ReportManager] Attempting to run locally on: [Mac-64], [Safari], Headless Execution. @13-11-2021 01:48:28.0132 AM
[ReportManager] Successfully Opened Safari. @13-11-2021 01:48:28.0943 AM
[ReportManager] Initial window size: (800, 600) @13-11-2021 01:48:28.0957 AM
[ReportManager] Window size after SWD Maximize: (1176, 811) @13-11-2021 01:48:28.0973 AM
[ReportManager] Browser Action [MaximizeWindow] successfully performed. With the following test data [New screen size is now: (1176, 811)]. @13-11-2021 01:48:28.0973 AM
[ReportManager] Target URL: [https://duckduckgo.com] @13-11-2021 01:48:28.0974 AM
[ReportManager] Initial URL: [] @13-11-2021 01:48:29.0123 AM
[ReportManager] Browser Action [NavigateToURL] successfully performed. With the following test data [https://duckduckgo.com]. @13-11-2021 01:48:30.0022 A

################################################################################################################################################
Starting Execution:	[18 out of 146] test cases in the current suite
Test Method:		[unitTests.tests_browserActions.refreshCurrentPage]
################################################################################################################################################
[ReportManager] Browser Action [RefreshCurrentPage] successfully performed. @13-11-2021 01:48:30.0386 AM
[ReportManager] Successfully created attachment [Browser Action Test Data - RefreshCurrentPage - Actual Value] @13-11-2021 01:48:30.0388 A
[ReportManager] Target URL: [https://duckduckgo.com] @13-11-2021 01:48:30.0391 AM
[ReportManager] Initial URL: [https://duckduckgo.com] @13-11-2021 01:48:30.0430 AM
[ReportManager] Browser Action [NavigateToURL] successfully performed. With the following test data [https://duckduckgo.com]. @13-11-2021 01:48:30.0944 AM
[ReportManager] Browser Action [CloseCurrentWindow] successfully performed. @13-11-2021 01:48:31.0298 AM
[ReportManager] Successfully created attachment [Browser Action Test Data - CloseCurrentWindow - Actual Value] @13-11-2021 01:48:31.0298 A
[ReportManager] File Action [GetAbsolutePath] successfully performed. With the following test data [Relative Folder Path: "target/downloadedFiles/"]. @13-11-2021 01:48:31.0301 AM
[ReportManager] Attempting to run locally on: [Mac-64], [Safari], Headless Execution. @13-11-2021 01:48:31.0302 AM
[ReportManager] Successfully Opened Safari. @13-11-2021 01:48:32.0232 AM
[ReportManager] Initial window size: (800, 600) @13-11-2021 01:48:32.0243 AM
[ReportManager] Window size after SWD Maximize: (1176, 811) @13-11-2021 01:48:32.0279 AM
[ReportManager] Browser Action [MaximizeWindow] successfully performed. With the following test data [New screen size is now: (1176, 811)]. @13-11-2021 01:48:32.0280 AM
[ReportManager] Target URL: [https://duckduckgo.com] @13-11-2021 01:48:32.0280 AM
[ReportManager] Initial URL: [] @13-11-2021 01:48:32.0347 AM
[ReportManager] Browser Action [NavigateToURL] successfully performed. With the following test data [https://duckduckgo.com]. @13-11-2021 01:48:33.0322 A

################################################################################################################################################
Starting Execution:	[19 out of 146] test cases in the current suite
Test Method:		[unitTests.tests_browserActions.setWindowSize]
################################################################################################################################################
[ReportManager] Initial window size: (1176, 811) @13-11-2021 01:48:33.0345 AM
[ReportManager] Window size after SWD: (1280, 720) @13-11-2021 01:48:33.0390 AM
[ReportManager] Browser Action [SetWindowSize] successfully performed. With the following test data [New screen size is now: (1280, 720)]. @13-11-2021 01:48:33.0391 A
[ReportManager] Target URL: [https://duckduckgo.com] @13-11-2021 01:48:33.0394 AM
[ReportManager] Initial URL: [https://duckduckgo.com] @13-11-2021 01:48:33.0439 AM
[ReportManager] Browser Action [NavigateToURL] successfully performed. With the following test data [https://duckduckgo.com]. @13-11-2021 01:48:33.0828 AM
[ReportManager] Browser Action [CloseCurrentWindow] successfully performed. @13-11-2021 01:48:34.0266 AM
[ReportManager] Successfully created attachment [Browser Action Test Data - CloseCurrentWindow - Actual Value] @13-11-2021 01:48:34.0267 A
[ReportManager] Successfully loaded the following test data file [src/test/resources/TestDataFiles/testSuite01/TestData.xlsx]. @13-11-2021 01:48:35.0733 AM
[ReportManager] Successfully created attachment [Test Data - Excel] @13-11-2021 01:48:35.0734 A

################################################################################################################################################
Starting Execution:	[20 out of 146] test cases in the current suite
Test Method:		[unitTests.tests_io_excelFileManager.getCellData_rowName_expectedToPass]
################################################################################################################################################
[ReportManager] testRowData. @13-11-2021 01:48:35.0755 A

################################################################################################################################################
Starting Execution:	[21 out of 146] test cases in the current suite
Test Method:		[unitTests.tests_validations_assertions.assertComparativeRelation_greaterThanOrEquals_false_equals_expectedToFail]
################################################################################################################################################
[ReportManager] Assertion [ValidateComparativeRelation] FAILED. Expected [1] and Actual [1]. Comparison Type [GREATER_THAN_OR_EQUALS]. Validation Type [NEGATIVE]. @13-11-2021 01:48:35.0762 A

################################################################################################################################################
Starting Execution:	[22 out of 146] test cases in the current suite
Test Method:		[unitTests.tests_validations_assertions.assertComparativeRelation_greaterThanOrEquals_false_equals_expectedToPass]
################################################################################################################################################
[ReportManager] Assertion [ValidateComparativeRelation] PASSED. Expected [2] and Actual [1]. Comparison Type [GREATER_THAN_OR_EQUALS]. Validation Type [NEGATIVE]. @13-11-2021 01:48:35.0766 A

################################################################################################################################################
Starting Execution:	[23 out of 146] test cases in the current suite
Test Method:		[unitTests.tests_validations_assertions.assertComparativeRelation_greaterThanOrEquals_false_greaterThan_expectedToFail]
################################################################################################################################################
[ReportManager] Assertion [ValidateComparativeRelation] FAILED. Expected [1] and Actual [2]. Comparison Type [GREATER_THAN_OR_EQUALS]. Validation Type [NEGATIVE]. @13-11-2021 01:48:35.0779 A

################################################################################################################################################
Starting Execution:	[24 out of 146] test cases in the current suite
Test Method:		[unitTests.tests_validations_assertions.assertComparativeRelation_greaterThanOrEquals_false_greaterThan_expectedToPass]
################################################################################################################################################
[ReportManager] Assertion [ValidateComparativeRelation] PASSED. Expected [2] and Actual [1]. Comparison Type [GREATER_THAN_OR_EQUALS]. Validation Type [NEGATIVE]. @13-11-2021 01:48:35.0786 A

################################################################################################################################################
Starting Execution:	[25 out of 146] test cases in the current suite
Test Method:		[unitTests.tests_validations_assertions.assertComparativeRelation_greaterThanOrEquals_true_equals_expectedToFail]
################################################################################################################################################
[ReportManager] Assertion [ValidateComparativeRelation] FAILED. Expected [1] and Actual [0]. Comparison Type [GREATER_THAN_OR_EQUALS]. Validation Type [POSITIVE]. @13-11-2021 01:48:35.0791 A

################################################################################################################################################
Starting Execution:	[26 out of 146] test cases in the current suite
Test Method:		[unitTests.tests_validations_assertions.assertComparativeRelation_greaterThanOrEquals_true_equals_expectedToPass]
################################################################################################################################################
[ReportManager] Assertion [ValidateComparativeRelation] PASSED. Expected [1] and Actual [1]. Comparison Type [GREATER_THAN_OR_EQUALS]. Validation Type [POSITIVE]. @13-11-2021 01:48:35.0795 A

################################################################################################################################################
Starting Execution:	[27 out of 146] test cases in the current suite
Test Method:		[unitTests.tests_validations_assertions.assertComparativeRelation_greaterThanOrEquals_true_greaterThan_expectedToFail]
################################################################################################################################################
[ReportManager] Assertion [ValidateComparativeRelation] FAILED. Expected [2] and Actual [1]. Comparison Type [GREATER_THAN_OR_EQUALS]. Validation Type [POSITIVE]. @13-11-2021 01:48:35.0800 A

################################################################################################################################################
Starting Execution:	[28 out of 146] test cases in the current suite
Test Method:		[unitTests.tests_validations_assertions.assertComparativeRelation_greaterThanOrEquals_true_greaterThan_expectedToPass]
################################################################################################################################################
[ReportManager] Assertion [ValidateComparativeRelation] PASSED. Expected [1] and Actual [2]. Comparison Type [GREATER_THAN_OR_EQUALS]. Validation Type [POSITIVE]. @13-11-2021 01:48:35.0873 A
[ReportManager] File Action [GetAbsolutePath] successfully performed. With the following test data [Relative Folder Path: "target/downloadedFiles/"]. @13-11-2021 01:48:35.0878 AM
[ReportManager] Attempting to run locally on: [Mac-64], [Safari], Headless Execution. @13-11-2021 01:48:35.0879 AM
[ReportManager] Successfully Opened Safari. @13-11-2021 01:48:36.0870 AM
[ReportManager] Initial window size: (800, 600) @13-11-2021 01:48:36.0894 AM
[ReportManager] Window size after SWD Maximize: (1176, 811) @13-11-2021 01:48:36.0911 AM
[ReportManager] Browser Action [MaximizeWindow] successfully performed. With the following test data [New screen size is now: (1176, 811)]. @13-11-2021 01:48:36.0912 AM
[ReportManager] Target URL: [https://www.google.com/ncr], and after redirection: [www.google.com] @13-11-2021 01:48:36.0912 AM
[ReportManager] Initial URL: [] @13-11-2021 01:48:36.0985 AM
[ReportManager] Browser Action [NavigateToURL] successfully performed. With the following test data [https://www.google.com/ncr]. @13-11-2021 01:48:38.0219 A

################################################################################################################################################
Starting Execution:	[29 out of 146] test cases in the current suite
Test Method:		[unitTests.tests_validations_assertions.assertElementAttribute_false_caseInsensitiveComparison_expectedToFail]
################################################################################################################################################
[ReportManager] Element Action [Type] successfully performed. With the following test data [AUTOMATION]. @13-11-2021 01:48:38.0872 AM
[ReportManager] Element Action [GetText] successfully performed. With the following test data [AUTOMATION]. @13-11-2021 01:48:38.0933 AM
[ReportManager] Loaded Shared OpenCV @13-11-2021 01:48:40.0417 AM
[ReportManager] Assertion [ValidateElementAttribute] FAILED. Expected [Value Should not be 'AutomaTion' for the 'text' attribute, element locator 'By.name: q'] and Actual [AUTOMATION]. Comparison Type [CASE_INSENSITIVE]. Validation Type [NEGATIVE]. @13-11-2021 01:48:40.0800 AM
[ReportManager] Successfully created attachment [Screenshot - 1636768119017_assertElementAttribute_false_caseInsensitiveComparison_expectedToFail_ValidateElementAttribute_failed] @13-11-2021 01:48:40.0804 A
[ReportManager] Browser Action [CloseCurrentWindow] successfully performed. @13-11-2021 01:48:41.0195 AM
[ReportManager] Successfully created attachment [Browser Action Test Data - CloseCurrentWindow - Actual Value] @13-11-2021 01:48:41.0196 A
[ReportManager] File Action [GetAbsolutePath] successfully performed. With the following test data [Relative Folder Path: "target/downloadedFiles/"]. @13-11-2021 01:48:41.0201 AM
[ReportManager] Attempting to run locally on: [Mac-64], [Safari], Headless Execution. @13-11-2021 01:48:41.0201 AM
[ReportManager] Successfully Opened Safari. @13-11-2021 01:48:42.0043 AM
[ReportManager] Initial window size: (800, 600) @13-11-2021 01:48:42.0066 AM
[ReportManager] Window size after SWD Maximize: (1176, 811) @13-11-2021 01:48:42.0080 AM
[ReportManager] Browser Action [MaximizeWindow] successfully performed. With the following test data [New screen size is now: (1176, 811)]. @13-11-2021 01:48:42.0080 AM
[ReportManager] Target URL: [https://www.google.com/ncr], and after redirection: [www.google.com] @13-11-2021 01:48:42.0080 AM
[ReportManager] Initial URL: [] @13-11-2021 01:48:42.0136 AM
[ReportManager] Browser Action [NavigateToURL] successfully performed. With the following test data [https://www.google.com/ncr]. @13-11-2021 01:48:43.0771 A

################################################################################################################################################
Starting Execution:	[30 out of 146] test cases in the current suite
Test Method:		[unitTests.tests_validations_assertions.assertElementAttribute_false_caseInsensitiveComparison_expectedToPass]
################################################################################################################################################
[ReportManager] Element Action [Type] successfully performed. With the following test data [AUTOMATION]. @13-11-2021 01:48:44.0497 AM
[ReportManager] Element Action [GetText] successfully performed. With the following test data [AUTOMATION]. @13-11-2021 01:48:44.0677 AM
[ReportManager] Loaded Shared OpenCV @13-11-2021 01:48:44.0809 AM
[ReportManager] Assertion [ValidateElementAttribute] PASSED. Expected [Value Should not be 'AutomaTion123' for the 'text' attribute, element locator 'By.name: q'] and Actual [AUTOMATION]. Comparison Type [CASE_INSENSITIVE]. Validation Type [NEGATIVE]. @13-11-2021 01:48:45.0023 AM
[ReportManager] Successfully created attachment [Screenshot - 1636768124809_assertElementAttribute_false_caseInsensitiveComparison_expectedToPass_ValidateElementAttribute_passed] @13-11-2021 01:48:45.0028 A
[ReportManager] Browser Action [CloseCurrentWindow] successfully performed. @13-11-2021 01:48:45.0584 AM
[ReportManager] Successfully created attachment [Browser Action Test Data - CloseCurrentWindow - Actual Value] @13-11-2021 01:48:45.0585 A
[ReportManager] File Action [GetAbsolutePath] successfully performed. With the following test data [Relative Folder Path: "target/downloadedFiles/"]. @13-11-2021 01:48:45.0591 AM
[ReportManager] Attempting to run locally on: [Mac-64], [Safari], Headless Execution. @13-11-2021 01:48:45.0592 AM
[ReportManager] Successfully Opened Safari. @13-11-2021 01:48:46.0518 AM
[ReportManager] Initial window size: (800, 600) @13-11-2021 01:48:46.0538 AM
[ReportManager] Window size after SWD Maximize: (1176, 811) @13-11-2021 01:48:46.0584 AM
[ReportManager] Browser Action [MaximizeWindow] successfully performed. With the following test data [New screen size is now: (1176, 811)]. @13-11-2021 01:48:46.0589 AM
[ReportManager] Target URL: [https://www.google.com/ncr], and after redirection: [www.google.com] @13-11-2021 01:48:46.0590 AM
[ReportManager] Initial URL: [] @13-11-2021 01:48:46.0634 AM
[ReportManager] Browser Action [NavigateToURL] successfully performed. With the following test data [https://www.google.com/ncr]. @13-11-2021 01:48:47.0684 A

################################################################################################################################################
Starting Execution:	[31 out of 146] test cases in the current suite
Test Method:		[unitTests.tests_validations_assertions.assertElementAttribute_false_containsComparison_expectedToFail]
################################################################################################################################################
[ReportManager] Element Action [Type] successfully performed. With the following test data [Automation123]. @13-11-2021 01:48:48.0544 AM
[ReportManager] Element Action [GetText] successfully performed. With the following test data [Automation123]. @13-11-2021 01:48:48.0607 AM
[ReportManager] Loaded Shared OpenCV @13-11-2021 01:48:48.0685 AM
[ReportManager] Assertion [ValidateElementAttribute] FAILED. Expected [Value Should not be 'Automation' for the 'text' attribute, element locator 'By.name: q'] and Actual [Automation123]. Comparison Type [CONTAINS]. Validation Type [NEGATIVE]. @13-11-2021 01:48:48.0836 AM
[ReportManager] Successfully created attachment [Screenshot - 1636768128685_assertElementAttribute_false_containsComparison_expectedToFail_ValidateElementAttribute_failed] @13-11-2021 01:48:48.0838 A
[ReportManager] Browser Action [CloseCurrentWindow] successfully performed. @13-11-2021 01:48:49.0177 AM
[ReportManager] Successfully created attachment [Browser Action Test Data - CloseCurrentWindow - Actual Value] @13-11-2021 01:48:49.0184 A
[ReportManager] File Action [GetAbsolutePath] successfully performed. With the following test data [Relative Folder Path: "target/downloadedFiles/"]. @13-11-2021 01:48:49.0198 AM
[ReportManager] Attempting to run locally on: [Mac-64], [Safari], Headless Execution. @13-11-2021 01:48:49.0198 AM
[ReportManager] Successfully Opened Safari. @13-11-2021 01:48:50.0187 AM
[ReportManager] Initial window size: (800, 600) @13-11-2021 01:48:50.0209 AM
[ReportManager] Window size after SWD Maximize: (1176, 811) @13-11-2021 01:48:50.0224 AM
[ReportManager] Browser Action [MaximizeWindow] successfully performed. With the following test data [New screen size is now: (1176, 811)]. @13-11-2021 01:48:50.0224 AM
[ReportManager] Target URL: [https://www.google.com/ncr], and after redirection: [www.google.com] @13-11-2021 01:48:50.0225 AM
[ReportManager] Initial URL: [] @13-11-2021 01:48:50.0280 AM
[ReportManager] Browser Action [NavigateToURL] successfully performed. With the following test data [https://www.google.com/ncr]. @13-11-2021 01:48:51.0794 A

################################################################################################################################################
Starting Execution:	[32 out of 146] test cases in the current suite
Test Method:		[unitTests.tests_validations_assertions.assertElementAttribute_false_containsComparison_expectedToPass]
################################################################################################################################################
[ReportManager] Element Action [Type] successfully performed. With the following test data [Automation123]. @13-11-2021 01:48:52.0676 AM
[ReportManager] Element Action [GetText] successfully performed. With the following test data [Automation123]. @13-11-2021 01:48:52.0748 AM
[ReportManager] Loaded Shared OpenCV @13-11-2021 01:48:52.0847 AM
[ReportManager] Assertion [ValidateElementAttribute] PASSED. Expected [Value Should not be 'Automation1234' for the 'text' attribute, element locator 'By.name: q'] and Actual [Automation123]. Comparison Type [CONTAINS]. Validation Type [NEGATIVE]. @13-11-2021 01:48:53.0022 AM
[ReportManager] Successfully created attachment [Screenshot - 1636768132847_assertElementAttribute_false_containsComparison_expectedToPass_ValidateElementAttribute_passed] @13-11-2021 01:48:53.0024 A
[ReportManager] Browser Action [CloseCurrentWindow] successfully performed. @13-11-2021 01:48:53.0380 AM
[ReportManager] Successfully created attachment [Browser Action Test Data - CloseCurrentWindow - Actual Value] @13-11-2021 01:48:53.0383 A
[ReportManager] File Action [GetAbsolutePath] successfully performed. With the following test data [Relative Folder Path: "target/downloadedFiles/"]. @13-11-2021 01:48:53.0388 AM
[ReportManager] Attempting to run locally on: [Mac-64], [Safari], Headless Execution. @13-11-2021 01:48:53.0389 AM
[ReportManager] Successfully Opened Safari. @13-11-2021 01:48:54.0210 AM
[ReportManager] Initial window size: (800, 600) @13-11-2021 01:48:54.0230 AM
[ReportManager] Window size after SWD Maximize: (1176, 811) @13-11-2021 01:48:54.0242 AM
[ReportManager] Browser Action [MaximizeWindow] successfully performed. With the following test data [New screen size is now: (1176, 811)]. @13-11-2021 01:48:54.0243 AM
[ReportManager] Target URL: [https://www.google.com/ncr], and after redirection: [www.google.com] @13-11-2021 01:48:54.0243 AM
[ReportManager] Initial URL: [] @13-11-2021 01:48:54.0441 AM
[ReportManager] Browser Action [NavigateToURL] successfully performed. With the following test data [https://www.google.com/ncr]. @13-11-2021 01:48:55.0287 A

################################################################################################################################################
Starting Execution:	[33 out of 146] test cases in the current suite
Test Method:		[unitTests.tests_validations_assertions.assertElementAttribute_false_literalComparison_expectedToFail]
################################################################################################################################################
[ReportManager] Element Action [Type] successfully performed. With the following test data [Automation!@#$%^&*()_+{}[]\';/.,]. @13-11-2021 01:48:56.0462 AM
[ReportManager] Element Action [GetText] successfully performed. With the following test data [Automation!@#$%^&*()_+{}[]\';/.,]. @13-11-2021 01:48:56.0523 AM
[ReportManager] Loaded Shared OpenCV @13-11-2021 01:48:56.0596 AM
[ReportManager] Assertion [ValidateElementAttribute] PASSED. Expected [Value Should not be 'Automation!@#$%^&*()_+{}[]\\';/.,' for the 'text' attribute, element locator 'By.name: q'] and Actual [Automation!@#$%^&*()_+{}[]\';/.,]. Comparison Type [EQUALS]. Validation Type [NEGATIVE]. @13-11-2021 01:48:56.0715 AM
[ReportManager] Successfully created attachment [Screenshot - 1636768136596_assertElementAttribute_false_literalComparison_expectedToFail_ValidateElementAttribute_passed] @13-11-2021 01:48:56.0717 A
[ReportManager] Browser Action [CloseCurrentWindow] successfully performed. @13-11-2021 01:48:56.0972 AM
[ReportManager] Successfully created attachment [Browser Action Test Data - CloseCurrentWindow - Actual Value] @13-11-2021 01:48:56.0973 A
[ReportManager] File Action [GetAbsolutePath] successfully performed. With the following test data [Relative Folder Path: "target/downloadedFiles/"]. @13-11-2021 01:48:56.0980 AM
[ReportManager] Attempting to run locally on: [Mac-64], [Safari], Headless Execution. @13-11-2021 01:48:56.0980 AM
[ReportManager] Successfully Opened Safari. @13-11-2021 01:48:57.0791 AM
[ReportManager] Initial window size: (800, 600) @13-11-2021 01:48:57.0812 AM
[ReportManager] Window size after SWD Maximize: (1176, 811) @13-11-2021 01:48:57.0842 AM
[ReportManager] Browser Action [MaximizeWindow] successfully performed. With the following test data [New screen size is now: (1176, 811)]. @13-11-2021 01:48:57.0843 AM
[ReportManager] Target URL: [https://www.google.com/ncr], and after redirection: [www.google.com] @13-11-2021 01:48:57.0843 AM
[ReportManager] Initial URL: [] @13-11-2021 01:48:57.0909 AM
[ReportManager] Browser Action [NavigateToURL] successfully performed. With the following test data [https://www.google.com/ncr]. @13-11-2021 01:48:59.0610 A

################################################################################################################################################
Starting Execution:	[34 out of 146] test cases in the current suite
Test Method:		[unitTests.tests_validations_assertions.assertElementAttribute_false_literalComparison_expectedToPass]
################################################################################################################################################
[ReportManager] Element Action [Type] successfully performed. With the following test data [Automation!@#$%^&*()_+{}[]\';/.,]. @13-11-2021 01:49:01.0076 AM
[ReportManager] Element Action [GetText] successfully performed. With the following test data [Automation!@#$%^&*()_+{}[]\';/.,]. @13-11-2021 01:49:01.0135 AM
[ReportManager] Loaded Shared OpenCV @13-11-2021 01:49:01.0214 AM
[ReportManager] Assertion [ValidateElementAttribute] PASSED. Expected [Value Should not be 'Automation' for the 'text' attribute, element locator 'By.name: q'] and Actual [Automation!@#$%^&*()_+{}[]\';/.,]. Comparison Type [EQUALS]. Validation Type [NEGATIVE]. @13-11-2021 01:49:01.0341 AM
[ReportManager] Successfully created attachment [Screenshot - 1636768141214_assertElementAttribute_false_literalComparison_expectedToPass_ValidateElementAttribute_passed] @13-11-2021 01:49:01.0348 A
[ReportManager] Browser Action [CloseCurrentWindow] successfully performed. @13-11-2021 01:49:01.0588 AM
[ReportManager] Successfully created attachment [Browser Action Test Data - CloseCurrentWindow - Actual Value] @13-11-2021 01:49:01.0589 A
[ReportManager] File Action [GetAbsolutePath] successfully performed. With the following test data [Relative Folder Path: "target/downloadedFiles/"]. @13-11-2021 01:49:01.0593 AM
[ReportManager] Attempting to run locally on: [Mac-64], [Safari], Headless Execution. @13-11-2021 01:49:01.0593 AM
[ReportManager] Successfully Opened Safari. @13-11-2021 01:49:02.0514 AM
[ReportManager] Initial window size: (800, 600) @13-11-2021 01:49:02.0521 AM
[ReportManager] Window size after SWD Maximize: (1176, 811) @13-11-2021 01:49:02.0543 AM
[ReportManager] Browser Action [MaximizeWindow] successfully performed. With the following test data [New screen size is now: (1176, 811)]. @13-11-2021 01:49:02.0543 AM
[ReportManager] Target URL: [https://www.google.com/ncr], and after redirection: [www.google.com] @13-11-2021 01:49:02.0543 AM
[ReportManager] Initial URL: [] @13-11-2021 01:49:02.0634 AM
[ReportManager] Browser Action [NavigateToURL] successfully performed. With the following test data [https://www.google.com/ncr]. @13-11-2021 01:49:03.0890 A

################################################################################################################################################
Starting Execution:	[35 out of 146] test cases in the current suite
Test Method:		[unitTests.tests_validations_assertions.assertElementAttribute_false_regexComparison_expectedToFail]
################################################################################################################################################
[ReportManager] Element Action [Type] successfully performed. With the following test data [Automation123]. @13-11-2021 01:49:04.0505 AM
[ReportManager] Element Action [GetText] successfully performed. With the following test data [Automation123]. @13-11-2021 01:49:04.0556 AM
[ReportManager] Loaded Shared OpenCV @13-11-2021 01:49:04.0627 AM
[ReportManager] Assertion [ValidateElementAttribute] FAILED. Expected [Value Should not be 'Automation.*' for the 'text' attribute, element locator 'By.name: q'] and Actual [Automation123]. Comparison Type [MATCHES]. Validation Type [NEGATIVE]. @13-11-2021 01:49:04.0809 AM
[ReportManager] Successfully created attachment [Screenshot - 1636768144627_assertElementAttribute_false_regexComparison_expectedToFail_ValidateElementAttribute_failed] @13-11-2021 01:49:04.0821 A
[ReportManager] Browser Action [CloseCurrentWindow] successfully performed. @13-11-2021 01:49:05.0396 AM
[ReportManager] Successfully created attachment [Browser Action Test Data - CloseCurrentWindow - Actual Value] @13-11-2021 01:49:05.0397 A
[ReportManager] File Action [GetAbsolutePath] successfully performed. With the following test data [Relative Folder Path: "target/downloadedFiles/"]. @13-11-2021 01:49:05.0400 AM
[ReportManager] Attempting to run locally on: [Mac-64], [Safari], Headless Execution. @13-11-2021 01:49:05.0400 AM
[ReportManager] Successfully Opened Safari. @13-11-2021 01:49:06.0444 AM
[ReportManager] Initial window size: (800, 600) @13-11-2021 01:49:06.0500 AM
[ReportManager] Window size after SWD Maximize: (1176, 811) @13-11-2021 01:49:06.0546 AM
[ReportManager] Browser Action [MaximizeWindow] successfully performed. With the following test data [New screen size is now: (1176, 811)]. @13-11-2021 01:49:06.0547 AM
[ReportManager] Target URL: [https://www.google.com/ncr], and after redirection: [www.google.com] @13-11-2021 01:49:06.0547 AM
[ReportManager] Initial URL: [] @13-11-2021 01:49:06.0716 AM
[ReportManager] Browser Action [NavigateToURL] successfully performed. With the following test data [https://www.google.com/ncr]. @13-11-2021 01:49:08.0085 A

################################################################################################################################################
Starting Execution:	[36 out of 146] test cases in the current suite
Test Method:		[unitTests.tests_validations_assertions.assertElementAttribute_false_regexComparison_expectedToPass]
################################################################################################################################################
[ReportManager] Element Action [Type] successfully performed. With the following test data [Automation123]. @13-11-2021 01:49:09.0282 AM
[ReportManager] Element Action [GetText] successfully performed. With the following test data [Automation123]. @13-11-2021 01:49:09.0519 AM
[ReportManager] Loaded Shared OpenCV @13-11-2021 01:49:09.0605 AM
[ReportManager] Assertion [ValidateElementAttribute] PASSED. Expected [Value Should not be 'Automation' for the 'text' attribute, element locator 'By.name: q'] and Actual [Automation123]. Comparison Type [MATCHES]. Validation Type [NEGATIVE]. @13-11-2021 01:49:09.0771 AM
[ReportManager] Successfully created attachment [Screenshot - 1636768149605_assertElementAttribute_false_regexComparison_expectedToPass_ValidateElementAttribute_passed] @13-11-2021 01:49:09.0773 A
[ReportManager] Browser Action [CloseCurrentWindow] successfully performed. @13-11-2021 01:49:10.0178 AM
[ReportManager] Successfully created attachment [Browser Action Test Data - CloseCurrentWindow - Actual Value] @13-11-2021 01:49:10.0179 A
[ReportManager] File Action [GetAbsolutePath] successfully performed. With the following test data [Relative Folder Path: "target/downloadedFiles/"]. @13-11-2021 01:49:10.0184 AM
[ReportManager] Attempting to run locally on: [Mac-64], [Safari], Headless Execution. @13-11-2021 01:49:10.0185 AM
[ReportManager] Successfully Opened Safari. @13-11-2021 01:49:11.0371 AM
[ReportManager] Initial window size: (800, 600) @13-11-2021 01:49:11.0414 AM
[ReportManager] Window size after SWD Maximize: (1176, 811) @13-11-2021 01:49:11.0488 AM
[ReportManager] Browser Action [MaximizeWindow] successfully performed. With the following test data [New screen size is now: (1176, 811)]. @13-11-2021 01:49:11.0488 AM
[ReportManager] Target URL: [https://www.google.com/ncr], and after redirection: [www.google.com] @13-11-2021 01:49:11.0488 AM
[ReportManager] Initial URL: [] @13-11-2021 01:49:11.0647 AM
[ReportManager] Browser Action [NavigateToURL] successfully performed. With the following test data [https://www.google.com/ncr]. @13-11-2021 01:49:13.0365 A

################################################################################################################################################
Starting Execution:	[37 out of 146] test cases in the current suite
Test Method:		[unitTests.tests_validations_assertions.assertElementAttribute_true_caseInsensitiveComparison_expectedToFail]
################################################################################################################################################
[ReportManager] Element Action [Type] successfully performed. With the following test data [AUTOMATION]. @13-11-2021 01:49:13.0919 AM
[ReportManager] Element Action [GetText] successfully performed. With the following test data [AUTOMATION]. @13-11-2021 01:49:13.0979 AM
[ReportManager] Loaded Shared OpenCV @13-11-2021 01:49:14.0089 AM
[ReportManager] Assertion [ValidateElementAttribute] FAILED. Expected [Value Should be 'AutomaTion123' for the 'text' attribute, element locator 'By.name: q'] and Actual [AUTOMATION]. Comparison Type [CASE_INSENSITIVE]. Validation Type [POSITIVE]. @13-11-2021 01:49:14.0330 AM
[ReportManager] Successfully created attachment [Screenshot - 1636768154089_assertElementAttribute_true_caseInsensitiveComparison_expectedToFail_ValidateElementAttribute_failed] @13-11-2021 01:49:14.0333 A
[ReportManager] Browser Action [CloseCurrentWindow] successfully performed. @13-11-2021 01:49:14.0617 AM
[ReportManager] Successfully created attachment [Browser Action Test Data - CloseCurrentWindow - Actual Value] @13-11-2021 01:49:14.0618 A
[ReportManager] File Action [GetAbsolutePath] successfully performed. With the following test data [Relative Folder Path: "target/downloadedFiles/"]. @13-11-2021 01:49:14.0622 AM
[ReportManager] Attempting to run locally on: [Mac-64], [Safari], Headless Execution. @13-11-2021 01:49:14.0623 AM
[ReportManager] Successfully Opened Safari. @13-11-2021 01:49:15.0592 AM
[ReportManager] Initial window size: (800, 600) @13-11-2021 01:49:15.0626 AM
[ReportManager] Window size after SWD Maximize: (1176, 811) @13-11-2021 01:49:15.0643 AM
[ReportManager] Browser Action [MaximizeWindow] successfully performed. With the following test data [New screen size is now: (1176, 811)]. @13-11-2021 01:49:15.0644 AM
[ReportManager] Target URL: [https://www.google.com/ncr], and after redirection: [www.google.com] @13-11-2021 01:49:15.0644 AM
[ReportManager] Initial URL: [] @13-11-2021 01:49:15.0697 AM
[ReportManager] Browser Action [NavigateToURL] successfully performed. With the following test data [https://www.google.com/ncr]. @13-11-2021 01:49:17.0316 A

################################################################################################################################################
Starting Execution:	[38 out of 146] test cases in the current suite
Test Method:		[unitTests.tests_validations_assertions.assertElementAttribute_true_caseInsensitiveComparison_expectedToPass]
################################################################################################################################################
[ReportManager] Element Action [Type] successfully performed. With the following test data [AUTOMATION]. @13-11-2021 01:49:18.0399 AM
[ReportManager] Element Action [GetText] successfully performed. With the following test data [AUTOMATION]. @13-11-2021 01:49:18.0467 AM
[ReportManager] Loaded Shared OpenCV @13-11-2021 01:49:18.0573 AM
[ReportManager] Assertion [ValidateElementAttribute] PASSED. Expected [Value Should be 'AutomaTion' for the 'text' attribute, element locator 'By.name: q'] and Actual [AUTOMATION]. Comparison Type [CASE_INSENSITIVE]. Validation Type [POSITIVE]. @13-11-2021 01:49:18.0753 AM
[ReportManager] Successfully created attachment [Screenshot - 1636768158573_assertElementAttribute_true_caseInsensitiveComparison_expectedToPass_ValidateElementAttribute_passed] @13-11-2021 01:49:18.0765 A
[ReportManager] Browser Action [CloseCurrentWindow] successfully performed. @13-11-2021 01:49:19.0230 AM
[ReportManager] Successfully created attachment [Browser Action Test Data - CloseCurrentWindow - Actual Value] @13-11-2021 01:49:19.0231 A
[ReportManager] File Action [GetAbsolutePath] successfully performed. With the following test data [Relative Folder Path: "target/downloadedFiles/"]. @13-11-2021 01:49:19.0237 AM
[ReportManager] Attempting to run locally on: [Mac-64], [Safari], Headless Execution. @13-11-2021 01:49:19.0237 AM
[ReportManager] Successfully Opened Safari. @13-11-2021 01:49:20.0407 AM
[ReportManager] Initial window size: (800, 600) @13-11-2021 01:49:20.0427 AM
[ReportManager] Window size after SWD Maximize: (1176, 811) @13-11-2021 01:49:20.0444 AM
[ReportManager] Browser Action [MaximizeWindow] successfully performed. With the following test data [New screen size is now: (1176, 811)]. @13-11-2021 01:49:20.0445 AM
[ReportManager] Target URL: [https://www.google.com/ncr], and after redirection: [www.google.com] @13-11-2021 01:49:20.0445 AM
[ReportManager] Initial URL: [] @13-11-2021 01:49:20.0607 AM
[ReportManager] Browser Action [NavigateToURL] successfully performed. With the following test data [https://www.google.com/ncr]. @13-11-2021 01:49:22.0393 A

################################################################################################################################################
Starting Execution:	[39 out of 146] test cases in the current suite
Test Method:		[unitTests.tests_validations_assertions.assertElementAttribute_true_containsComparison_expectedToFail]
################################################################################################################################################
[ReportManager] Element Action [Type] successfully performed. With the following test data [Automation123]. @13-11-2021 01:49:23.0605 AM
[ReportManager] Element Action [GetText] successfully performed. With the following test data [Automation123]. @13-11-2021 01:49:23.0724 AM
[ReportManager] Loaded Shared OpenCV @13-11-2021 01:49:23.0818 AM
[ReportManager] Assertion [ValidateElementAttribute] FAILED. Expected [Value Should be 'Automation1234' for the 'text' attribute, element locator 'By.name: q'] and Actual [Automation123]. Comparison Type [CONTAINS]. Validation Type [POSITIVE]. @13-11-2021 01:49:23.0999 AM
[ReportManager] Successfully created attachment [Screenshot - 1636768163818_assertElementAttribute_true_containsComparison_expectedToFail_ValidateElementAttribute_failed] @13-11-2021 01:49:24.0001 A
[ReportManager] Browser Action [CloseCurrentWindow] successfully performed. @13-11-2021 01:49:24.0181 AM
[ReportManager] Successfully created attachment [Browser Action Test Data - CloseCurrentWindow - Actual Value] @13-11-2021 01:49:24.0182 A
[ReportManager] File Action [GetAbsolutePath] successfully performed. With the following test data [Relative Folder Path: "target/downloadedFiles/"]. @13-11-2021 01:49:24.0185 AM
[ReportManager] Attempting to run locally on: [Mac-64], [Safari], Headless Execution. @13-11-2021 01:49:24.0186 AM
[ReportManager] Successfully Opened Safari. @13-11-2021 01:49:25.0120 AM
[ReportManager] Initial window size: (800, 600) @13-11-2021 01:49:25.0184 AM
[ReportManager] Window size after SWD Maximize: (1176, 811) @13-11-2021 01:49:25.0249 AM
[ReportManager] Browser Action [MaximizeWindow] successfully performed. With the following test data [New screen size is now: (1176, 811)]. @13-11-2021 01:49:25.0249 AM
[ReportManager] Target URL: [https://www.google.com/ncr], and after redirection: [www.google.com] @13-11-2021 01:49:25.0250 AM
[ReportManager] Initial URL: [] @13-11-2021 01:49:25.0294 AM
[ReportManager] Browser Action [NavigateToURL] successfully performed. With the following test data [https://www.google.com/ncr]. @13-11-2021 01:49:27.0091 A

################################################################################################################################################
Starting Execution:	[40 out of 146] test cases in the current suite
Test Method:		[unitTests.tests_validations_assertions.assertElementAttribute_true_containsComparison_expectedToPass]
################################################################################################################################################
[ReportManager] Element Action [Type] successfully performed. With the following test data [Automation123]. @13-11-2021 01:49:27.0893 AM
[ReportManager] Element Action [GetText] successfully performed. With the following test data [Automation123]. @13-11-2021 01:49:28.0102 AM
[ReportManager] Loaded Shared OpenCV @13-11-2021 01:49:28.0343 AM
[ReportManager] Assertion [ValidateElementAttribute] PASSED. Expected [Value Should be 'Automation' for the 'text' attribute, element locator 'By.name: q'] and Actual [Automation123]. Comparison Type [CONTAINS]. Validation Type [POSITIVE]. @13-11-2021 01:49:28.0486 AM
[ReportManager] Successfully created attachment [Screenshot - 1636768168343_assertElementAttribute_true_containsComparison_expectedToPass_ValidateElementAttribute_passed] @13-11-2021 01:49:28.0489 A
[ReportManager] Browser Action [CloseCurrentWindow] successfully performed. @13-11-2021 01:49:29.0083 AM
[ReportManager] Successfully created attachment [Browser Action Test Data - CloseCurrentWindow - Actual Value] @13-11-2021 01:49:29.0084 A
[ReportManager] File Action [GetAbsolutePath] successfully performed. With the following test data [Relative Folder Path: "target/downloadedFiles/"]. @13-11-2021 01:49:29.0091 AM
[ReportManager] Attempting to run locally on: [Mac-64], [Safari], Headless Execution. @13-11-2021 01:49:29.0092 AM
[ReportManager] Successfully Opened Safari. @13-11-2021 01:49:30.0279 AM
[ReportManager] Initial window size: (800, 600) @13-11-2021 01:49:30.0302 AM
[ReportManager] Window size after SWD Maximize: (1176, 811) @13-11-2021 01:49:30.0338 AM
[ReportManager] Browser Action [MaximizeWindow] successfully performed. With the following test data [New screen size is now: (1176, 811)]. @13-11-2021 01:49:30.0339 AM
[ReportManager] Target URL: [https://www.google.com/ncr], and after redirection: [www.google.com] @13-11-2021 01:49:30.0339 AM
[ReportManager] Initial URL: [] @13-11-2021 01:49:30.0480 AM
[ReportManager] Browser Action [NavigateToURL] successfully performed. With the following test data [https://www.google.com/ncr]. @13-11-2021 01:49:31.0841 A

################################################################################################################################################
Starting Execution:	[41 out of 146] test cases in the current suite
Test Method:		[unitTests.tests_validations_assertions.assertElementAttribute_true_literalComparison_expectedToFail]
################################################################################################################################################
[ReportManager] Element Action [Type] successfully performed. With the following test data [Automation!@#$%^&*()_+{}[]\';/.,]. @13-11-2021 01:49:33.0543 AM
[ReportManager] Element Action [GetText] successfully performed. With the following test data [Automation!@#$%^&*()_+{}[]\';/.,]. @13-11-2021 01:49:33.0658 AM
[ReportManager] Loaded Shared OpenCV @13-11-2021 01:49:34.0562 AM
[ReportManager] Assertion [ValidateElementAttribute] FAILED. Expected [Value Should be 'Automation' for the 'text' attribute, element locator 'By.name: q'] and Actual [Automation!@#$%^&*()_+{}[]\';/.,]. Comparison Type [EQUALS]. Validation Type [POSITIVE]. @13-11-2021 01:49:34.0763 AM
[ReportManager] Successfully created attachment [Screenshot - 1636768174562_assertElementAttribute_true_literalComparison_expectedToFail_ValidateElementAttribute_failed] @13-11-2021 01:49:34.0765 A
[ReportManager] Browser Action [CloseCurrentWindow] successfully performed. @13-11-2021 01:49:35.0088 AM
[ReportManager] Successfully created attachment [Browser Action Test Data - CloseCurrentWindow - Actual Value] @13-11-2021 01:49:35.0089 A
[ReportManager] File Action [GetAbsolutePath] successfully performed. With the following test data [Relative Folder Path: "target/downloadedFiles/"]. @13-11-2021 01:49:35.0095 AM
[ReportManager] Attempting to run locally on: [Mac-64], [Safari], Headless Execution. @13-11-2021 01:49:35.0096 AM
[ReportManager] Successfully Opened Safari. @13-11-2021 01:49:36.0078 AM
[ReportManager] Initial window size: (800, 600) @13-11-2021 01:49:36.0392 AM
[ReportManager] Window size after SWD Maximize: (1176, 811) @13-11-2021 01:49:36.0445 AM
[ReportManager] Browser Action [MaximizeWindow] successfully performed. With the following test data [New screen size is now: (1176, 811)]. @13-11-2021 01:49:36.0445 AM
[ReportManager] Target URL: [https://www.google.com/ncr], and after redirection: [www.google.com] @13-11-2021 01:49:36.0445 AM
[ReportManager] Initial URL: [] @13-11-2021 01:49:36.0480 AM
[ReportManager] Browser Action [NavigateToURL] successfully performed. With the following test data [https://www.google.com/ncr]. @13-11-2021 01:49:38.0057 A

################################################################################################################################################
Starting Execution:	[42 out of 146] test cases in the current suite
Test Method:		[unitTests.tests_validations_assertions.assertElementAttribute_true_literalComparison_expectedToPass]
################################################################################################################################################
[ReportManager] Element Action [Type] successfully performed. With the following test data [Automation!@#$%^&*()_+{}[]\';/.,]. @13-11-2021 01:49:39.0475 AM
[ReportManager] Element Action [GetText] successfully performed. With the following test data [Automation!@#$%^&*()_+{}[]\';/.,]. @13-11-2021 01:49:39.0529 AM
[ReportManager] Loaded Shared OpenCV @13-11-2021 01:49:39.0600 AM
[ReportManager] Assertion [ValidateElementAttribute] PASSED. Expected [Value Should be 'Automation!@#$%^&*()_+{}[]\';/.,' for the 'text' attribute, element locator 'By.name: q'] and Actual [Automation!@#$%^&*()_+{}[]\';/.,]. Comparison Type [EQUALS]. Validation Type [POSITIVE]. @13-11-2021 01:49:39.0800 AM
[ReportManager] Successfully created attachment [Screenshot - 1636768179600_assertElementAttribute_true_literalComparison_expectedToPass_ValidateElementAttribute_passed] @13-11-2021 01:49:39.0802 A
[ReportManager] Browser Action [CloseCurrentWindow] successfully performed. @13-11-2021 01:49:39.0860 AM
[ReportManager] Successfully created attachment [Browser Action Test Data - CloseCurrentWindow - Actual Value] @13-11-2021 01:49:39.0861 A
[ReportManager] File Action [GetAbsolutePath] successfully performed. With the following test data [Relative Folder Path: "target/downloadedFiles/"]. @13-11-2021 01:49:39.0866 AM
[ReportManager] Attempting to run locally on: [Mac-64], [Safari], Headless Execution. @13-11-2021 01:49:39.0869 AM
[ReportManager] Successfully Opened Safari. @13-11-2021 01:49:40.0708 AM
[ReportManager] Initial window size: (800, 600) @13-11-2021 01:49:40.0744 AM
[ReportManager] Window size after SWD Maximize: (1176, 811) @13-11-2021 01:49:40.0779 AM
[ReportManager] Browser Action [MaximizeWindow] successfully performed. With the following test data [New screen size is now: (1176, 811)]. @13-11-2021 01:49:40.0780 AM
[ReportManager] Target URL: [https://www.google.com/ncr], and after redirection: [www.google.com] @13-11-2021 01:49:40.0780 AM
[ReportManager] Initial URL: [] @13-11-2021 01:49:40.0891 AM
[ReportManager] Browser Action [NavigateToURL] successfully performed. With the following test data [https://www.google.com/ncr]. @13-11-2021 01:49:42.0279 A

################################################################################################################################################
Starting Execution:	[43 out of 146] test cases in the current suite
Test Method:		[unitTests.tests_validations_assertions.assertElementAttribute_true_regexComparison_expectedToFail]
################################################################################################################################################
[ReportManager] Element Action [Type] successfully performed. With the following test data [Automation123]. @13-11-2021 01:49:42.0835 AM
[ReportManager] Element Action [GetText] successfully performed. With the following test data [Automation123]. @13-11-2021 01:49:42.0889 AM
[ReportManager] Loaded Shared OpenCV @13-11-2021 01:49:43.0063 AM
[ReportManager] Assertion [ValidateElementAttribute] FAILED. Expected [Value Should be 'Automation' for the 'text' attribute, element locator 'By.name: q'] and Actual [Automation123]. Comparison Type [MATCHES]. Validation Type [POSITIVE]. @13-11-2021 01:49:43.0199 AM
[ReportManager] Successfully created attachment [Screenshot - 1636768183063_assertElementAttribute_true_regexComparison_expectedToFail_ValidateElementAttribute_failed] @13-11-2021 01:49:43.0202 A
[ReportManager] Browser Action [CloseCurrentWindow] successfully performed. @13-11-2021 01:49:43.0633 AM
[ReportManager] Successfully created attachment [Browser Action Test Data - CloseCurrentWindow - Actual Value] @13-11-2021 01:49:43.0634 A
[ReportManager] File Action [GetAbsolutePath] successfully performed. With the following test data [Relative Folder Path: "target/downloadedFiles/"]. @13-11-2021 01:49:43.0638 AM
[ReportManager] Attempting to run locally on: [Mac-64], [Safari], Headless Execution. @13-11-2021 01:49:43.0638 AM
[ReportManager] Successfully Opened Safari. @13-11-2021 01:49:44.0481 AM
[ReportManager] Initial window size: (800, 600) @13-11-2021 01:49:44.0492 AM
[ReportManager] Window size after SWD Maximize: (1176, 811) @13-11-2021 01:49:44.0515 AM
[ReportManager] Browser Action [MaximizeWindow] successfully performed. With the following test data [New screen size is now: (1176, 811)]. @13-11-2021 01:49:44.0516 AM
[ReportManager] Target URL: [https://www.google.com/ncr], and after redirection: [www.google.com] @13-11-2021 01:49:44.0516 AM
[ReportManager] Initial URL: [] @13-11-2021 01:49:44.0592 AM
[ReportManager] Browser Action [NavigateToURL] successfully performed. With the following test data [https://www.google.com/ncr]. @13-11-2021 01:49:45.0700 A

################################################################################################################################################
Starting Execution:	[44 out of 146] test cases in the current suite
Test Method:		[unitTests.tests_validations_assertions.assertElementAttribute_true_regexComparison_expectedToPass]
################################################################################################################################################
[ReportManager] Element Action [Type] successfully performed. With the following test data [Automation123]. @13-11-2021 01:49:46.0855 AM
[ReportManager] Element Action [GetText] successfully performed. With the following test data [Automation123]. @13-11-2021 01:49:47.0116 AM
[ReportManager] Loaded Shared OpenCV @13-11-2021 01:49:47.0189 AM
[ReportManager] Assertion [ValidateElementAttribute] PASSED. Expected [Value Should be 'Automation.*' for the 'text' attribute, element locator 'By.name: q'] and Actual [Automation123]. Comparison Type [MATCHES]. Validation Type [POSITIVE]. @13-11-2021 01:49:47.0318 AM
[ReportManager] Successfully created attachment [Screenshot - 1636768187189_assertElementAttribute_true_regexComparison_expectedToPass_ValidateElementAttribute_passed] @13-11-2021 01:49:47.0320 A
[ReportManager] Browser Action [CloseCurrentWindow] successfully performed. @13-11-2021 01:49:47.0909 AM
[ReportManager] Successfully created attachment [Browser Action Test Data - CloseCurrentWindow - Actual Value] @13-11-2021 01:49:47.0910 A
[ReportManager] File Action [GetAbsolutePath] successfully performed. With the following test data [Relative Folder Path: "target/downloadedFiles/"]. @13-11-2021 01:49:47.0914 AM
[ReportManager] Attempting to run locally on: [Mac-64], [Safari], Headless Execution. @13-11-2021 01:49:47.0914 AM
[ReportManager] Successfully Opened Safari. @13-11-2021 01:49:48.0893 AM
[ReportManager] Initial window size: (800, 600) @13-11-2021 01:49:48.0918 AM
[ReportManager] Window size after SWD Maximize: (1176, 811) @13-11-2021 01:49:48.0962 AM
[ReportManager] Browser Action [MaximizeWindow] successfully performed. With the following test data [New screen size is now: (1176, 811)]. @13-11-2021 01:49:48.0964 AM
[ReportManager] Target URL: [https://www.google.com/ncr], and after redirection: [www.google.com] @13-11-2021 01:49:48.0964 AM
[ReportManager] Initial URL: [] @13-11-2021 01:49:49.0021 AM
[ReportManager] Browser Action [NavigateToURL] successfully performed. With the following test data [https://www.google.com/ncr]. @13-11-2021 01:49:50.0572 A

################################################################################################################################################
Starting Execution:	[45 out of 146] test cases in the current suite
Test Method:		[unitTests.tests_validations_assertions.assertElementAttribute_type_true_literalComparison_expectedToPass]
################################################################################################################################################
[ReportManager] Element Action [Type] successfully performed. With the following test data [Automation!@#$%^&*()_+{}[]\';/.,]. @13-11-2021 01:49:51.0931 AM
[ReportManager] Element Action [GetText] successfully performed. With the following test data [Automation!@#$%^&*()_+{}[]\';/.,]. @13-11-2021 01:49:52.0047 AM
[ReportManager] Loaded Shared OpenCV @13-11-2021 01:49:52.0144 AM
[ReportManager] Assertion [ValidateElementAttribute] PASSED. Expected [Value Should be 'Automation!@#$%^&*()_+{}[]\';/.,' for the 'text' attribute, element locator 'By.name: q'] and Actual [Automation!@#$%^&*()_+{}[]\';/.,]. Comparison Type [EQUALS]. Validation Type [POSITIVE]. @13-11-2021 01:49:52.0254 AM
[ReportManager] Successfully created attachment [Screenshot - 1636768192143_assertElementAttribute_type_true_literalComparison_expectedToPass_ValidateElementAttribute_passed] @13-11-2021 01:49:52.0256 A
[ReportManager] Browser Action [CloseCurrentWindow] successfully performed. @13-11-2021 01:49:52.0594 AM
[ReportManager] Successfully created attachment [Browser Action Test Data - CloseCurrentWindow - Actual Value] @13-11-2021 01:49:52.0594 A
[ReportManager] File Action [GetAbsolutePath] successfully performed. With the following test data [Relative Folder Path: "target/downloadedFiles/"]. @13-11-2021 01:49:52.0598 AM
[ReportManager] Attempting to run locally on: [Mac-64], [Safari], Headless Execution. @13-11-2021 01:49:52.0599 AM
[ReportManager] Successfully Opened Safari. @13-11-2021 01:49:53.0640 AM
[ReportManager] Initial window size: (800, 600) @13-11-2021 01:49:53.0647 AM
[ReportManager] Window size after SWD Maximize: (1176, 811) @13-11-2021 01:49:53.0681 AM
[ReportManager] Browser Action [MaximizeWindow] successfully performed. With the following test data [New screen size is now: (1176, 811)]. @13-11-2021 01:49:53.0686 AM
[ReportManager] Target URL: [https://www.google.com/ncr], and after redirection: [www.google.com] @13-11-2021 01:49:53.0686 AM
[ReportManager] Initial URL: [] @13-11-2021 01:49:53.0752 AM
[ReportManager] Browser Action [NavigateToURL] successfully performed. With the following test data [https://www.google.com/ncr]. @13-11-2021 01:49:55.0568 A

################################################################################################################################################
Starting Execution:	[46 out of 146] test cases in the current suite
Test Method:		[unitTests.tests_validations_assertions.assertElementExists_false_expectedToFail]
################################################################################################################################################
[ReportManager] Loaded Shared OpenCV @13-11-2021 01:49:55.0661 AM
[ReportManager] Assertion [ValidateElementExists] FAILED. Expected [Element Should not Exist, locator 'By.id: hplogo'] and Actual [Element Exists]. Comparison Type [EQUALS]. Validation Type [NEGATIVE]. @13-11-2021 01:49:55.0888 AM
[ReportManager] Successfully created attachment [Screenshot - 1636768195661_assertElementExists_false_expectedToFail_ValidateElementExists_failed] @13-11-2021 01:49:55.0890 A
[ReportManager] Browser Action [CloseCurrentWindow] successfully performed. @13-11-2021 01:49:56.0315 AM
[ReportManager] Successfully created attachment [Browser Action Test Data - CloseCurrentWindow - Actual Value] @13-11-2021 01:49:56.0316 A
[ReportManager] File Action [GetAbsolutePath] successfully performed. With the following test data [Relative Folder Path: "target/downloadedFiles/"]. @13-11-2021 01:49:56.0321 AM
[ReportManager] Attempting to run locally on: [Mac-64], [Safari], Headless Execution. @13-11-2021 01:49:56.0322 AM
[ReportManager] Successfully Opened Safari. @13-11-2021 01:49:57.0158 AM
[ReportManager] Initial window size: (800, 600) @13-11-2021 01:49:57.0185 AM
[ReportManager] Window size after SWD Maximize: (1176, 811) @13-11-2021 01:49:57.0220 AM
[ReportManager] Browser Action [MaximizeWindow] successfully performed. With the following test data [New screen size is now: (1176, 811)]. @13-11-2021 01:49:57.0220 AM
[ReportManager] Target URL: [https://www.google.com/ncr], and after redirection: [www.google.com] @13-11-2021 01:49:57.0220 AM
[ReportManager] Initial URL: [] @13-11-2021 01:49:57.0309 AM
[ReportManager] Browser Action [NavigateToURL] successfully performed. With the following test data [https://www.google.com/ncr]. @13-11-2021 01:49:58.0910 A

################################################################################################################################################
Starting Execution:	[47 out of 146] test cases in the current suite
Test Method:		[unitTests.tests_validations_assertions.assertElementExists_false_expectedToPass]
###############################################################################################################################################
[ReportManager] Browser Action [CloseCurrentWindow] successfully performed. @13-11-2021 01:49:59.0228 AM
[ReportManager] Successfully created attachment [Browser Action Test Data - CloseCurrentWindow - Actual Value] @13-11-2021 01:49:59.0229 A
[ReportManager] File Action [GetAbsolutePath] successfully performed. With the following test data [Relative Folder Path: "target/downloadedFiles/"]. @13-11-2021 01:49:59.0233 AM
[ReportManager] Attempting to run locally on: [Mac-64], [Safari], Headless Execution. @13-11-2021 01:49:59.0233 AM
[ReportManager] Successfully Opened Safari. @13-11-2021 01:50:00.0263 AM
[ReportManager] Initial window size: (800, 600) @13-11-2021 01:50:00.0275 AM
[ReportManager] Window size after SWD Maximize: (1176, 811) @13-11-2021 01:50:00.0298 AM
[ReportManager] Browser Action [MaximizeWindow] successfully performed. With the following test data [New screen size is now: (1176, 811)]. @13-11-2021 01:50:00.0299 AM
[ReportManager] Target URL: [https://www.google.com/ncr], and after redirection: [www.google.com] @13-11-2021 01:50:00.0299 AM
[ReportManager] Initial URL: [] @13-11-2021 01:50:00.0403 AM
[ReportManager] Browser Action [NavigateToURL] successfully performed. With the following test data [https://www.google.com/ncr]. @13-11-2021 01:50:01.0642 A

################################################################################################################################################
Starting Execution:	[48 out of 146] test cases in the current suite
Test Method:		[unitTests.tests_validations_assertions.assertElementExists_false_multipleElementsFound_expectedToFail]
################################################################################################################################################
[ReportManager] Loaded Shared OpenCV @13-11-2021 01:50:01.0752 AM
[ReportManager] Assertion [ValidateElementExists] FAILED. Expected [Element Should not Exist, locator 'By.xpath: //div'] and Actual [Element Exists but is not unique]. Comparison Type [EQUALS]. Validation Type [NEGATIVE]. @13-11-2021 01:50:01.0871 AM
[ReportManager] Successfully created attachment [Screenshot - 1636768201752_assertElementExists_false_multipleElementsFound_expectedToFail_ValidateElementExists_failed] @13-11-2021 01:50:01.0873 A
[ReportManager] Browser Action [CloseCurrentWindow] successfully performed. @13-11-2021 01:50:02.0215 AM
[ReportManager] Successfully created attachment [Browser Action Test Data - CloseCurrentWindow - Actual Value] @13-11-2021 01:50:02.0216 A
[ReportManager] File Action [GetAbsolutePath] successfully performed. With the following test data [Relative Folder Path: "target/downloadedFiles/"]. @13-11-2021 01:50:02.0221 AM
[ReportManager] Attempting to run locally on: [Mac-64], [Safari], Headless Execution. @13-11-2021 01:50:02.0221 AM
[ReportManager] Successfully Opened Safari. @13-11-2021 01:50:03.0093 AM
[ReportManager] Initial window size: (800, 600) @13-11-2021 01:50:03.0105 AM
[ReportManager] Window size after SWD Maximize: (1176, 811) @13-11-2021 01:50:03.0126 AM
[ReportManager] Browser Action [MaximizeWindow] successfully performed. With the following test data [New screen size is now: (1176, 811)]. @13-11-2021 01:50:03.0126 AM
[ReportManager] Target URL: [https://www.google.com/ncr], and after redirection: [www.google.com] @13-11-2021 01:50:03.0126 AM
[ReportManager] Initial URL: [] @13-11-2021 01:50:03.0167 AM
[ReportManager] Browser Action [NavigateToURL] successfully performed. With the following test data [https://www.google.com/ncr]. @13-11-2021 01:50:04.0569 A

################################################################################################################################################
Starting Execution:	[49 out of 146] test cases in the current suite
Test Method:		[unitTests.tests_validations_assertions.assertElementExists_true_expectedToFail]
###############################################################################################################################################
[ReportManager] Browser Action [CloseCurrentWindow] successfully performed. @13-11-2021 01:50:04.0956 AM
[ReportManager] Successfully created attachment [Browser Action Test Data - CloseCurrentWindow - Actual Value] @13-11-2021 01:50:04.0957 A
[ReportManager] File Action [GetAbsolutePath] successfully performed. With the following test data [Relative Folder Path: "target/downloadedFiles/"]. @13-11-2021 01:50:04.0960 AM
[ReportManager] Attempting to run locally on: [Mac-64], [Safari], Headless Execution. @13-11-2021 01:50:04.0960 AM
[ReportManager] Successfully Opened Safari. @13-11-2021 01:50:05.0872 AM
[ReportManager] Initial window size: (800, 600) @13-11-2021 01:50:05.0879 AM
[ReportManager] Window size after SWD Maximize: (1176, 811) @13-11-2021 01:50:05.0905 AM
[ReportManager] Browser Action [MaximizeWindow] successfully performed. With the following test data [New screen size is now: (1176, 811)]. @13-11-2021 01:50:05.0906 AM
[ReportManager] Target URL: [https://www.google.com/ncr], and after redirection: [www.google.com] @13-11-2021 01:50:05.0906 AM
[ReportManager] Initial URL: [] @13-11-2021 01:50:05.0962 AM
[ReportManager] Browser Action [NavigateToURL] successfully performed. With the following test data [https://www.google.com/ncr]. @13-11-2021 01:50:07.0602 A

################################################################################################################################################
Starting Execution:	[50 out of 146] test cases in the current suite
Test Method:		[unitTests.tests_validations_assertions.assertElementExists_true_expectedToPass]
################################################################################################################################################
[ReportManager] Loaded Shared OpenCV @13-11-2021 01:50:07.0704 AM
[ReportManager] Assertion [ValidateElementExists] PASSED. Expected [Element Should Exist, locator 'By.xpath: //*[@id='hplogo' or @alt='Google']'] and Actual [Element Exists]. Comparison Type [EQUALS]. Validation Type [POSITIVE]. @13-11-2021 01:50:07.0889 AM
[ReportManager] Successfully created attachment [Screenshot - 1636768207704_assertElementExists_true_expectedToPass_ValidateElementExists_passed] @13-11-2021 01:50:07.0892 A
[ReportManager] Browser Action [CloseCurrentWindow] successfully performed. @13-11-2021 01:50:07.0956 AM
[ReportManager] Successfully created attachment [Browser Action Test Data - CloseCurrentWindow - Actual Value] @13-11-2021 01:50:07.0957 A
[ReportManager] File Action [GetAbsolutePath] successfully performed. With the following test data [Relative Folder Path: "target/downloadedFiles/"]. @13-11-2021 01:50:07.0961 AM
[ReportManager] Attempting to run locally on: [Mac-64], [Safari], Headless Execution. @13-11-2021 01:50:07.0962 AM
[ReportManager] Successfully Opened Safari. @13-11-2021 01:50:09.0112 AM
[ReportManager] Initial window size: (800, 600) @13-11-2021 01:50:09.0118 AM
[ReportManager] Window size after SWD Maximize: (1176, 811) @13-11-2021 01:50:09.0144 AM
[ReportManager] Browser Action [MaximizeWindow] successfully performed. With the following test data [New screen size is now: (1176, 811)]. @13-11-2021 01:50:09.0145 AM
[ReportManager] Target URL: [https://www.google.com/ncr], and after redirection: [www.google.com] @13-11-2021 01:50:09.0145 AM
[ReportManager] Initial URL: [] @13-11-2021 01:50:09.0234 AM
[ReportManager] Browser Action [NavigateToURL] successfully performed. With the following test data [https://www.google.com/ncr]. @13-11-2021 01:50:10.0522 A

################################################################################################################################################
Starting Execution:	[51 out of 146] test cases in the current suite
Test Method:		[unitTests.tests_validations_assertions.assertElementExists_true_multipleElementsFound_expectedToFail]
################################################################################################################################################
[ReportManager] Loaded Shared OpenCV @13-11-2021 01:50:10.0712 AM
[ReportManager] Assertion [ValidateElementExists] FAILED. Expected [Element Should Exist, locator 'By.xpath: //div'] and Actual [Element Exists but is not unique]. Comparison Type [EQUALS]. Validation Type [POSITIVE]. @13-11-2021 01:50:10.0913 AM
[ReportManager] Successfully created attachment [Screenshot - 1636768210712_assertElementExists_true_multipleElementsFound_expectedToFail_ValidateElementExists_failed] @13-11-2021 01:50:10.0915 A
[ReportManager] Browser Action [CloseCurrentWindow] successfully performed. @13-11-2021 01:50:11.0278 AM
[ReportManager] Successfully created attachment [Browser Action Test Data - CloseCurrentWindow - Actual Value] @13-11-2021 01:50:11.0279 A

################################################################################################################################################
Starting Execution:	[52 out of 146] test cases in the current suite
Test Method:		[unitTests.tests_validations_assertions.assertEquals_false_expectedToFail]
################################################################################################################################################
[ReportManager] Assertion [ValidateEquals] FAILED. Expected [1] and Actual [1]. Comparison Type [EQUALS]. Validation Type [NEGATIVE]. @13-11-2021 01:50:11.0285 A

################################################################################################################################################
Starting Execution:	[53 out of 146] test cases in the current suite
Test Method:		[unitTests.tests_validations_assertions.assertEquals_false_expectedToPass]
################################################################################################################################################
[ReportManager] Assertion [ValidateEquals] PASSED. Expected [1] and Actual [2]. Comparison Type [EQUALS]. Validation Type [NEGATIVE]. @13-11-2021 01:50:11.0291 A

################################################################################################################################################
Starting Execution:	[54 out of 146] test cases in the current suite
Test Method:		[unitTests.tests_validations_assertions.assertEquals_longCharacters]
################################################################################################################################################
[ReportManager] Verification [ValidateEquals] PASSED. Expected and Actual values are attached. Comparison Type [EQUALS]. Validation Type [POSITIVE]. @13-11-2021 01:50:11.0300 AM
[ReportManager] Successfully created attachment [Validation Test Data - Expected Value] @13-11-2021 01:50:11.0300 AM
[ReportManager] Successfully created attachment [Validation Test Data - Actual Value] @13-11-2021 01:50:11.0301 AM
[ReportManager] Assertion [ValidateEquals] PASSED. Expected and Actual values are attached. Comparison Type [EQUALS]. Validation Type [POSITIVE]. @13-11-2021 01:50:11.0301 AM
[ReportManager] Successfully created attachment [Validation Test Data - Expected Value] @13-11-2021 01:50:11.0302 AM
[ReportManager] Successfully created attachment [Validation Test Data - Actual Value] @13-11-2021 01:50:11.0302 A

################################################################################################################################################
Starting Execution:	[55 out of 146] test cases in the current suite
Test Method:		[unitTests.tests_validations_assertions.assertEquals_longCharacters_Discreet]
################################################################################################################################################
[ReportManager] Assertion [ValidateEquals] PASSED. Expected [1LH5pROcDBjjQk0t0mCr0lXuzQu9lcGj28kY8R1H81X67eVAQJgWQhILiRWVPUgZ6uCtK5cnBkF55Jr9vYngjGO1Iyf0Mktv6lruDlL9T8MAUPcUZJGHZtji6nIeadujDSNmWMj5d6C8zlFqw0CRqBU0hO5adIasHgBSNoLotAjce3NGXoDwAlp3rYreeV16VIyZXROQY] and Actual [1LH5pROcDBjjQk0t0mCr0lXuzQu9lcGj28kY8R1H81X67eVAQJgWQhILiRWVPUgZ6uCtK5cnBkF55Jr9vYngjGO1Iyf0Mktv6lruDlL9T8MAUPcUZJGHZtji6nIeadujDSNmWMj5d6C8zlFqw0CRqBU0hO5adIasHgBSNoLotAjce3NGXoDwAlp3rYreeV16VIyZXROQY]. Comparison Type [EQUALS]. Validation Type [POSITIVE]. @13-11-2021 01:50:11.0307 A

################################################################################################################################################
Starting Execution:	[56 out of 146] test cases in the current suite
Test Method:		[unitTests.tests_validations_assertions.assertEquals_true_expectedToFail]
################################################################################################################################################
[ReportManager] Assertion [ValidateEquals] FAILED. Expected [1] and Actual [2]. Comparison Type [EQUALS]. Validation Type [POSITIVE]. @13-11-2021 01:50:11.0312 A

################################################################################################################################################
Starting Execution:	[57 out of 146] test cases in the current suite
Test Method:		[unitTests.tests_validations_assertions.assertEquals_true_expectedToPass]
Test Description:	[Assert that assertEquals works as expected when the two values are equal.]
################################################################################################################################################
[ReportManager] Verification [ValidateEquals] PASSED. Expected [1] and Actual [1]. Comparison Type [EQUALS]. Validation Type [POSITIVE]. @13-11-2021 01:50:11.0321 AM
[ReportManager] Assertion [ValidateEquals] PASSED. Expected [1] and Actual [1]. Comparison Type [EQUALS]. Validation Type [POSITIVE]. @13-11-2021 01:50:11.0322 A

################################################################################################################################################
Starting Execution:	[58 out of 146] test cases in the current suite
Test Method:		[unitTests.tests_validations_assertions.assertEquals_true_expectedToPass__]
################################################################################################################################################
[ReportManager] Assertion [ValidateEquals] PASSED. Expected [1] and Actual [1]. Comparison Type [EQUALS]. Validation Type [POSITIVE]. @13-11-2021 01:50:11.0327 A

################################################################################################################################################
Starting Execution:	[59 out of 146] test cases in the current suite
Test Method:		[unitTests.tests_validations_assertions.assertFileExists_false_expectedToFail]
################################################################################################################################################
[ReportManager] File Action [DoesFileExist] successfully performed. With the following test data [File Path: "src/main/java/com/shaft/gui/element/ElementActions.java"]. @13-11-2021 01:50:11.0331 AM
[ReportManager] Assertion [ValidateFileExists] FAILED. Expected [File 'src/main/java/com/shaft/gui/element/ElementActions.java' should not exist, after up to '1' retries] and Actual [File exists]. Validation Type [NEGATIVE]. @13-11-2021 01:50:11.0339 A

################################################################################################################################################
Starting Execution:	[60 out of 146] test cases in the current suite
Test Method:		[unitTests.tests_validations_assertions.assertFileExists_false_expectedToPass]
################################################################################################################################################
[ReportManager] File Action [DoesFileExist] successfully performed. With the following test data [File Path: "src/main/java/com/shaft/gui/element/ElementActions.java_fail"]. @13-11-2021 01:50:11.0848 AM
[ReportManager] Assertion [ValidateFileExists] PASSED. Expected [File 'src/main/java/com/shaft/gui/element/ElementActions.java_fail' should not exist, after up to '1' retries] and Actual [File does not exist]. Validation Type [NEGATIVE]. @13-11-2021 01:50:11.0848 A

################################################################################################################################################
Starting Execution:	[61 out of 146] test cases in the current suite
Test Method:		[unitTests.tests_validations_assertions.assertFileExists_true_expectedToFail]
################################################################################################################################################
[ReportManager] File Action [DoesFileExist] successfully performed. With the following test data [File Path: "src/main/java/com/shaft/gui/element/ElementActions.java_fail"]. @13-11-2021 01:50:12.0355 AM
[ReportManager] Assertion [ValidateFileExists] FAILED. Expected [File 'src/main/java/com/shaft/gui/element/ElementActions.java_fail' should exist, after up to '1' retries] and Actual [File does not exist]. Validation Type [POSITIVE]. @13-11-2021 01:50:12.0356 A

################################################################################################################################################
Starting Execution:	[62 out of 146] test cases in the current suite
Test Method:		[unitTests.tests_validations_assertions.assertFileExists_true_expectedToPass]
################################################################################################################################################
[ReportManager] File Action [DoesFileExist] successfully performed. With the following test data [File Path: "src/main/java/com/shaft/gui/element/ElementActions.java"]. @13-11-2021 01:50:12.0360 AM
[ReportManager] Assertion [ValidateFileExists] PASSED. Expected [File 'src/main/java/com/shaft/gui/element/ElementActions.java' should exist, after up to '1' retries] and Actual [File exists]. Validation Type [POSITIVE]. @13-11-2021 01:50:12.0360 A

################################################################################################################################################
Starting Execution:	[63 out of 146] test cases in the current suite
Test Method:		[unitTests.tests_validations_assertions.assertNull_false_expectedToFail]
################################################################################################################################################
[ReportManager] Assertion [ValidateNull] FAILED. Expected [NULL] and Actual [NULL]. Comparison Type [EQUALS]. Validation Type [NEGATIVE]. @13-11-2021 01:50:12.0364 A

################################################################################################################################################
Starting Execution:	[64 out of 146] test cases in the current suite
Test Method:		[unitTests.tests_validations_assertions.assertNull_false_expectedToPass]
################################################################################################################################################
[ReportManager] Assertion [ValidateNull] PASSED. Expected [NULL] and Actual [1]. Comparison Type [EQUALS]. Validation Type [NEGATIVE]. @13-11-2021 01:50:12.0368 A

################################################################################################################################################
Starting Execution:	[65 out of 146] test cases in the current suite
Test Method:		[unitTests.tests_validations_assertions.assertNull_true_expectedToFail]
################################################################################################################################################
[ReportManager] Assertion [ValidateNull] FAILED. Expected [NULL] and Actual [1]. Comparison Type [EQUALS]. Validation Type [POSITIVE]. @13-11-2021 01:50:12.0372 A

################################################################################################################################################
Starting Execution:	[66 out of 146] test cases in the current suite
Test Method:		[unitTests.tests_validations_assertions.assertNull_true_expectedToPass]
################################################################################################################################################
[ReportManager] Assertion [ValidateNull] PASSED. Expected [NULL] and Actual [NULL]. Comparison Type [EQUALS]. Validation Type [POSITIVE]. @13-11-2021 01:50:12.0375 A

################################################################################################################################################
Starting Execution:	[67 out of 146] test cases in the current suite
Test Method:		[unitTests.tests_restActions.getPostsAndAssertBodyForSpecificTitle]
################################################################################################################################################
[ReportManager] Response status code: [200], status line: [HTTP/1.1 200 OK] @13-11-2021 01:50:16.0782 AM
[ReportManager] Assertion Passed: Evaluating the actual response status code against the expected one... @13-11-2021 01:50:16.0788 AM
[ReportManager] Assertion [ValidateComparativeRelation] PASSED. Expected [200] and Actual [200]. Comparison Type [EQUALS]. Validation Type [POSITIVE]. @13-11-2021 01:50:16.0788 AM
[ReportManager] API Action [PerformRequest] successfully performed. With the following test data [Request Type: "GET" | Target Status Code: "200" | Service URL: "https://jsonplaceholder.typicode.com/posts" | Content Type: "*/*" | Response Time: "1538ms"]. @13-11-2021 01:50:19.0581 AM
[ReportManager] Successfully created attachment [API Request - Specifications] @13-11-2021 01:50:19.0582 AM
[ReportManager] Successfully created attachment [API Response - JSON Body] @13-11-2021 01:50:20.0252 AM
[ReportManager] API Action [GetResponseJSONValueAsList] successfully performed. @13-11-2021 01:50:20.0321 AM
[ReportManager] API Action [GetResponseJSONValue] successfully performed. With the following test data [title]. @13-11-2021 01:50:20.0360 AM
[ReportManager] API Action [GetResponseJSONValue] successfully performed. With the following test data [title]. @13-11-2021 01:50:20.0399 AM
[ReportManager] API Action [GetResponseJSONValue] successfully performed. With the following test data [body]. @13-11-2021 01:50:20.0438 AM
[ReportManager] Assertion [ValidateEquals] PASSED. Expected [qui neque nisi nulla] and Actual [est rerum tempore vitae
sequi sint nihil reprehenderit dolor beatae ea dolores neque
fugiat blanditiis voluptate porro vel nihil molestiae ut reiciendis
qui aperiam non debitis possimus qui neque nisi nulla]. Comparison Type [CONTAINS]. Validation Type [POSITIVE]. @13-11-2021 01:50:20.0439 AM
[ReportManager] API Action [GetResponseJSONValue] successfully performed. With the following test data [title]. @13-11-2021 01:50:20.0473 AM
[ReportManager] API Action [GetResponseJSONValue] successfully performed. With the following test data [title]. @13-11-2021 01:50:20.0505 AM
[ReportManager] API Action [GetResponseJSONValue] successfully performed. With the following test data [title]. @13-11-2021 01:50:20.0569 AM
[ReportManager] API Action [GetResponseJSONValue] successfully performed. With the following test data [title]. @13-11-2021 01:50:20.0607 AM
[ReportManager] API Action [GetResponseJSONValue] successfully performed. With the following test data [title]. @13-11-2021 01:50:20.0642 AM
[ReportManager] API Action [GetResponseJSONValue] successfully performed. With the following test data [title]. @13-11-2021 01:50:20.0664 AM
[ReportManager] API Action [GetResponseJSONValue] successfully performed. With the following test data [title]. @13-11-2021 01:50:20.0702 AM
[ReportManager] API Action [GetResponseJSONValue] successfully performed. With the following test data [title]. @13-11-2021 01:50:20.0736 AM
[ReportManager] API Action [GetResponseJSONValue] successfully performed. With the following test data [title]. @13-11-2021 01:50:20.0760 AM
[ReportManager] API Action [GetResponseJSONValue] successfully performed. With the following test data [title]. @13-11-2021 01:50:20.0788 AM
[ReportManager] API Action [GetResponseJSONValue] successfully performed. With the following test data [title]. @13-11-2021 01:50:20.0811 AM
[ReportManager] API Action [GetResponseJSONValue] successfully performed. With the following test data [title]. @13-11-2021 01:50:20.0830 AM
[ReportManager] API Action [GetResponseJSONValue] successfully performed. With the following test data [title]. @13-11-2021 01:50:20.0850 AM
[ReportManager] API Action [GetResponseJSONValue] successfully performed. With the following test data [title]. @13-11-2021 01:50:20.0868 AM
[ReportManager] API Action [GetResponseJSONValue] successfully performed. With the following test data [title]. @13-11-2021 01:50:20.0894 AM
[ReportManager] API Action [GetResponseJSONValue] successfully performed. With the following test data [title]. @13-11-2021 01:50:20.0913 AM
[ReportManager] API Action [GetResponseJSONValue] successfully performed. With the following test data [title]. @13-11-2021 01:50:20.0937 AM
[ReportManager] API Action [GetResponseJSONValue] successfully performed. With the following test data [title]. @13-11-2021 01:50:20.0973 AM
[ReportManager] API Action [GetResponseJSONValue] successfully performed. With the following test data [title]. @13-11-2021 01:50:20.0991 AM
[ReportManager] API Action [GetResponseJSONValue] successfully performed. With the following test data [title]. @13-11-2021 01:50:21.0014 AM
[ReportManager] API Action [GetResponseJSONValue] successfully performed. With the following test data [title]. @13-11-2021 01:50:21.0039 AM
[ReportManager] API Action [GetResponseJSONValue] successfully performed. With the following test data [title]. @13-11-2021 01:50:21.0059 AM
[ReportManager] API Action [GetResponseJSONValue] successfully performed. With the following test data [title]. @13-11-2021 01:50:21.0073 AM
[ReportManager] API Action [GetResponseJSONValue] successfully performed. With the following test data [title]. @13-11-2021 01:50:21.0120 AM
[ReportManager] API Action [GetResponseJSONValue] successfully performed. With the following test data [title]. @13-11-2021 01:50:21.0137 AM
[ReportManager] API Action [GetResponseJSONValue] successfully performed. With the following test data [title]. @13-11-2021 01:50:21.0151 AM
[ReportManager] API Action [GetResponseJSONValue] successfully performed. With the following test data [title]. @13-11-2021 01:50:21.0170 AM
[ReportManager] API Action [GetResponseJSONValue] successfully performed. With the following test data [title]. @13-11-2021 01:50:21.0185 AM
[ReportManager] API Action [GetResponseJSONValue] successfully performed. With the following test data [title]. @13-11-2021 01:50:21.0342 AM
[ReportManager] API Action [GetResponseJSONValue] successfully performed. With the following test data [title]. @13-11-2021 01:50:21.0371 AM
[ReportManager] API Action [GetResponseJSONValue] successfully performed. With the following test data [title]. @13-11-2021 01:50:21.0462 AM
[ReportManager] API Action [GetResponseJSONValue] successfully performed. With the following test data [title]. @13-11-2021 01:50:21.0478 AM
[ReportManager] API Action [GetResponseJSONValue] successfully performed. With the following test data [title]. @13-11-2021 01:50:21.0570 AM
[ReportManager] API Action [GetResponseJSONValue] successfully performed. With the following test data [title]. @13-11-2021 01:50:21.0588 AM
[ReportManager] API Action [GetResponseJSONValue] successfully performed. With the following test data [title]. @13-11-2021 01:50:21.0623 AM
[ReportManager] API Action [GetResponseJSONValue] successfully performed. With the following test data [title]. @13-11-2021 01:50:21.0644 AM
[ReportManager] API Action [GetResponseJSONValue] successfully performed. With the following test data [title]. @13-11-2021 01:50:21.0672 AM
[ReportManager] API Action [GetResponseJSONValue] successfully performed. With the following test data [title]. @13-11-2021 01:50:21.0695 AM
[ReportManager] API Action [GetResponseJSONValue] successfully performed. With the following test data [title]. @13-11-2021 01:50:21.0736 AM
[ReportManager] API Action [GetResponseJSONValue] successfully performed. With the following test data [title]. @13-11-2021 01:50:21.0757 AM
[ReportManager] API Action [GetResponseJSONValue] successfully performed. With the following test data [title]. @13-11-2021 01:50:21.0780 AM
[ReportManager] API Action [GetResponseJSONValue] successfully performed. With the following test data [title]. @13-11-2021 01:50:21.0798 AM
[ReportManager] API Action [GetResponseJSONValue] successfully performed. With the following test data [title]. @13-11-2021 01:50:21.0812 AM
[ReportManager] API Action [GetResponseJSONValue] successfully performed. With the following test data [title]. @13-11-2021 01:50:21.0827 AM
[ReportManager] API Action [GetResponseJSONValue] successfully performed. With the following test data [title]. @13-11-2021 01:50:21.0839 AM
[ReportManager] API Action [GetResponseJSONValue] successfully performed. With the following test data [title]. @13-11-2021 01:50:21.0852 AM
[ReportManager] API Action [GetResponseJSONValue] successfully performed. With the following test data [title]. @13-11-2021 01:50:21.0866 AM
[ReportManager] API Action [GetResponseJSONValue] successfully performed. With the following test data [title]. @13-11-2021 01:50:21.0887 AM
[ReportManager] API Action [GetResponseJSONValue] successfully performed. With the following test data [title]. @13-11-2021 01:50:21.0908 AM
[ReportManager] API Action [GetResponseJSONValue] successfully performed. With the following test data [title]. @13-11-2021 01:50:22.0073 AM
[ReportManager] API Action [GetResponseJSONValue] successfully performed. With the following test data [title]. @13-11-2021 01:50:22.0088 AM
[ReportManager] API Action [GetResponseJSONValue] successfully performed. With the following test data [title]. @13-11-2021 01:50:22.0102 AM
[ReportManager] API Action [GetResponseJSONValue] successfully performed. With the following test data [title]. @13-11-2021 01:50:22.0114 AM
[ReportManager] API Action [GetResponseJSONValue] successfully performed. With the following test data [title]. @13-11-2021 01:50:22.0127 AM
[ReportManager] API Action [GetResponseJSONValue] successfully performed. With the following test data [title]. @13-11-2021 01:50:22.0143 AM
[ReportManager] API Action [GetResponseJSONValue] successfully performed. With the following test data [title]. @13-11-2021 01:50:22.0156 AM
[ReportManager] API Action [GetResponseJSONValue] successfully performed. With the following test data [title]. @13-11-2021 01:50:22.0170 AM
[ReportManager] API Action [GetResponseJSONValue] successfully performed. With the following test data [title]. @13-11-2021 01:50:22.0209 AM
[ReportManager] API Action [GetResponseJSONValue] successfully performed. With the following test data [title]. @13-11-2021 01:50:22.0222 AM
[ReportManager] API Action [GetResponseJSONValue] successfully performed. With the following test data [title]. @13-11-2021 01:50:22.0326 AM
[ReportManager] API Action [GetResponseJSONValue] successfully performed. With the following test data [title]. @13-11-2021 01:50:22.0343 AM
[ReportManager] API Action [GetResponseJSONValue] successfully performed. With the following test data [title]. @13-11-2021 01:50:22.0357 AM
[ReportManager] API Action [GetResponseJSONValue] successfully performed. With the following test data [title]. @13-11-2021 01:50:22.0368 AM
[ReportManager] API Action [GetResponseJSONValue] successfully performed. With the following test data [title]. @13-11-2021 01:50:22.0415 AM
[ReportManager] API Action [GetResponseJSONValue] successfully performed. With the following test data [title]. @13-11-2021 01:50:22.0443 AM
[ReportManager] API Action [GetResponseJSONValue] successfully performed. With the following test data [title]. @13-11-2021 01:50:22.0470 AM
[ReportManager] API Action [GetResponseJSONValue] successfully performed. With the following test data [title]. @13-11-2021 01:50:22.0483 AM
[ReportManager] API Action [GetResponseJSONValue] successfully performed. With the following test data [title]. @13-11-2021 01:50:22.0500 AM
[ReportManager] API Action [GetResponseJSONValue] successfully performed. With the following test data [title]. @13-11-2021 01:50:22.0532 AM
[ReportManager] API Action [GetResponseJSONValue] successfully performed. With the following test data [title]. @13-11-2021 01:50:22.0547 AM
[ReportManager] API Action [GetResponseJSONValue] successfully performed. With the following test data [title]. @13-11-2021 01:50:22.0606 AM
[ReportManager] API Action [GetResponseJSONValue] successfully performed. With the following test data [title]. @13-11-2021 01:50:22.0643 AM
[ReportManager] API Action [GetResponseJSONValue] successfully performed. With the following test data [title]. @13-11-2021 01:50:22.0663 AM
[ReportManager] API Action [GetResponseJSONValue] successfully performed. With the following test data [title]. @13-11-2021 01:50:22.0687 AM
[ReportManager] API Action [GetResponseJSONValue] successfully performed. With the following test data [title]. @13-11-2021 01:50:22.0702 AM
[ReportManager] API Action [GetResponseJSONValue] successfully performed. With the following test data [title]. @13-11-2021 01:50:22.0714 AM
[ReportManager] API Action [GetResponseJSONValue] successfully performed. With the following test data [title]. @13-11-2021 01:50:22.0726 AM
[ReportManager] API Action [GetResponseJSONValue] successfully performed. With the following test data [title]. @13-11-2021 01:50:22.0741 AM
[ReportManager] API Action [GetResponseJSONValue] successfully performed. With the following test data [title]. @13-11-2021 01:50:22.0754 AM
[ReportManager] API Action [GetResponseJSONValue] successfully performed. With the following test data [title]. @13-11-2021 01:50:22.0767 AM
[ReportManager] API Action [GetResponseJSONValue] successfully performed. With the following test data [title]. @13-11-2021 01:50:22.0790 AM
[ReportManager] API Action [GetResponseJSONValue] successfully performed. With the following test data [title]. @13-11-2021 01:50:22.0836 AM
[ReportManager] API Action [GetResponseJSONValue] successfully performed. With the following test data [title]. @13-11-2021 01:50:22.0864 AM
[ReportManager] API Action [GetResponseJSONValue] successfully performed. With the following test data [title]. @13-11-2021 01:50:22.0882 AM
[ReportManager] API Action [GetResponseJSONValue] successfully performed. With the following test data [title]. @13-11-2021 01:50:22.0921 AM
[ReportManager] API Action [GetResponseJSONValue] successfully performed. With the following test data [title]. @13-11-2021 01:50:22.0940 AM
[ReportManager] API Action [GetResponseJSONValue] successfully performed. With the following test data [title]. @13-11-2021 01:50:22.0953 AM
[ReportManager] API Action [GetResponseJSONValue] successfully performed. With the following test data [title]. @13-11-2021 01:50:22.0964 AM
[ReportManager] API Action [GetResponseJSONValue] successfully performed. With the following test data [title]. @13-11-2021 01:50:22.0978 AM
[ReportManager] API Action [GetResponseJSONValue] successfully performed. With the following test data [title]. @13-11-2021 01:50:22.0992 AM
[ReportManager] API Action [GetResponseJSONValue] successfully performed. With the following test data [title]. @13-11-2021 01:50:23.0017 AM
[ReportManager] API Action [GetResponseJSONValue] successfully performed. With the following test data [title]. @13-11-2021 01:50:23.0071 AM
[ReportManager] API Action [GetResponseJSONValue] successfully performed. With the following test data [title]. @13-11-2021 01:50:23.0084 AM
[ReportManager] API Action [GetResponseJSONValue] successfully performed. With the following test data [title]. @13-11-2021 01:50:23.0098 AM
[ReportManager] API Action [GetResponseJSONValue] successfully performed. With the following test data [title]. @13-11-2021 01:50:23.0121 AM
[ReportManager] API Action [GetResponseJSONValue] successfully performed. With the following test data [title]. @13-11-2021 01:50:23.0144 AM
[ReportManager] API Action [GetResponseJSONValue] successfully performed. With the following test data [title]. @13-11-2021 01:50:23.0178 AM
[ReportManager] API Action [GetResponseJSONValue] successfully performed. With the following test data [title]. @13-11-2021 01:50:23.0196 A

################################################################################################################################################
Starting Execution:	[68 out of 146] test cases in the current suite
Test Method:		[unitTests.tests_restActions.validateUserEmail]
################################################################################################################################################
[ReportManager] Response status code: [200], status line: [HTTP/1.1 200 OK] @13-11-2021 01:50:23.0286 AM
[ReportManager] Assertion Passed: Evaluating the actual response status code against the expected one... @13-11-2021 01:50:23.0286 AM
[ReportManager] Assertion [ValidateComparativeRelation] PASSED. Expected [200] and Actual [200]. Comparison Type [EQUALS]. Validation Type [POSITIVE]. @13-11-2021 01:50:23.0286 AM
[ReportManager] API Action [PerformRequest] successfully performed. With the following test data [Request Type: "GET" | Target Status Code: "200" | Service URL: "https://jsonplaceholder.typicode.com/users" | Content Type: "*/*" | Response Time: "77ms"]. @13-11-2021 01:50:23.0314 AM
[ReportManager] Successfully created attachment [API Request - Specifications] @13-11-2021 01:50:23.0315 AM
[ReportManager] Successfully created attachment [API Response - JSON Body] @13-11-2021 01:50:23.0315 AM
[ReportManager] Assertion [ValidateEquals] PASSED. Expected and Actual values are attached. Comparison Type [CONTAINS]. Validation Type [POSITIVE]. @13-11-2021 01:50:23.0316 AM
[ReportManager] Successfully created attachment [Validation Test Data - Expected Value] @13-11-2021 01:50:23.0316 AM
[ReportManager] Successfully created attachment [Validation Test Data - Actual Value] @13-11-2021 01:50:23.0317 AM
[ReportManager] API Action [GetResponseJSONValueAsList] successfully performed. With the following test data [$]. @13-11-2021 01:50:23.0331 AM
[ReportManager] API Action [GetResponseJSONValue] successfully performed. With the following test data [name]. @13-11-2021 01:50:23.0345 AM
[ReportManager] API Action [GetResponseJSONValue] successfully performed. With the following test data [email]. @13-11-2021 01:50:23.0360 AM
[ReportManager] Assertion [ValidateEquals] PASSED. Expected [Sincere@april.biz] and Actual [Sincere@april.biz]. Comparison Type [EQUALS]. Validation Type [POSITIVE]. @13-11-2021 01:50:23.0360 AM
[ReportManager] API Action [GetResponseJSONValue] successfully performed. With the following test data [name]. @13-11-2021 01:50:23.0373 AM
[ReportManager] API Action [GetResponseJSONValue] successfully performed. With the following test data [name]. @13-11-2021 01:50:23.0389 AM
[ReportManager] API Action [GetResponseJSONValue] successfully performed. With the following test data [name]. @13-11-2021 01:50:23.0401 AM
[ReportManager] API Action [GetResponseJSONValue] successfully performed. With the following test data [name]. @13-11-2021 01:50:23.0419 AM
[ReportManager] API Action [GetResponseJSONValue] successfully performed. With the following test data [name]. @13-11-2021 01:50:23.0447 AM
[ReportManager] API Action [GetResponseJSONValue] successfully performed. With the following test data [name]. @13-11-2021 01:50:23.0459 AM
[ReportManager] API Action [GetResponseJSONValue] successfully performed. With the following test data [name]. @13-11-2021 01:50:23.0471 AM
[ReportManager] API Action [GetResponseJSONValue] successfully performed. With the following test data [name]. @13-11-2021 01:50:23.0495 AM
[ReportManager] API Action [GetResponseJSONValue] successfully performed. With the following test data [name]. @13-11-2021 01:50:23.0515 A
[ReportManager] File Action [GetAbsolutePath] successfully performed. With the following test data [Relative Folder Path: "target/downloadedFiles/"]. @13-11-2021 01:50:23.0519 AM
[ReportManager] Attempting to run locally on: [Mac-64], [Safari], Headless Execution. @13-11-2021 01:50:23.0519 AM
[ReportManager] Successfully Opened Safari. @13-11-2021 01:50:24.0557 AM
[ReportManager] Initial window size: (800, 600) @13-11-2021 01:50:24.0586 AM
[ReportManager] Window size after SWD Maximize: (1176, 811) @13-11-2021 01:50:24.0615 AM
[ReportManager] Browser Action [MaximizeWindow] successfully performed. With the following test data [New screen size is now: (1176, 811)]. @13-11-2021 01:50:24.0615 A

################################################################################################################################################
Starting Execution:	[69 out of 146] test cases in the current suite
Test Method:		[testPackage01.Test_uploadFile.uploadFile_invisibleUploadInput]
################################################################################################################################################
[ReportManager] Target URL: [https://fineuploader.com/demos.html#gallery-view] @13-11-2021 01:50:24.0619 AM
[ReportManager] Initial URL: [] @13-11-2021 01:50:24.0691 AM
[ReportManager] Browser Action [NavigateToURL] successfully performed. With the following test data [https://fineuploader.com/demos.html#gallery-view]. @13-11-2021 01:50:26.0836 AM
[ReportManager] File Action [GetAbsolutePath] successfully performed. With the following test data [Relative File Path: "src/main/resources/images/shaft.png"]. @13-11-2021 01:50:26.0836 AM
[ReportManager] Successfully created attachment [File Action Actual Result - Command Log] @13-11-2021 01:50:26.0837 AM
[ReportManager] Element Action [TypeFileLocationForUpload] successfully performed. With the following test data [/Users/runner/work/SHAFT_ENGINE/SHAFT_ENGINE/src/main/resources/images/shaft.png]. @13-11-2021 01:50:26.0908 AM
[ReportManager] Attempting to getAttribute [src] from elementLocator [By.xpath: //div[@id='fine-uploader-gallery']//div[@class='qq-thumbnail-wrapper']/img]. @13-11-2021 01:50:26.0909 AM
[ReportManager] Element Action [GetAttribute] successfully performed. @13-11-2021 01:50:27.0072 AM
[ReportManager] Successfully created attachment [Element Action Test Data - GetAttribute - Actual Value] @13-11-2021 01:50:27.0073 AM
[ReportManager] Loaded Shared OpenCV @13-11-2021 01:50:27.0145 AM
[ReportManager] Assertion [ValidateElementAttribute] PASSED. Expected and Actual values are attached. Comparison Type [CONTAINS]. Validation Type [POSITIVE]. @13-11-2021 01:50:27.0268 AM
[ReportManager] Successfully created attachment [Validation Test Data - Expected Value] @13-11-2021 01:50:27.0269 AM
[ReportManager] Successfully created attachment [Validation Test Data - Actual Value] @13-11-2021 01:50:27.0269 AM
[ReportManager] Successfully created attachment [Screenshot - 1636768227145_uploadFile_invisibleUploadInput_ValidateElementAttribute_passed] @13-11-2021 01:50:27.0271 A
[ReportManager] Browser Action [CloseCurrentWindow] successfully performed. @13-11-2021 01:50:27.0686 AM
[ReportManager] Successfully created attachment [Browser Action Test Data - CloseCurrentWindow - Actual Value] @13-11-2021 01:50:27.0687 A
[ReportManager] File Action [GetAbsolutePath] successfully performed. With the following test data [Relative Folder Path: "target/downloadedFiles/"]. @13-11-2021 01:50:27.0692 AM
[ReportManager] Attempting to run locally on: [Mac-64], [Safari], Headless Execution. @13-11-2021 01:50:27.0692 AM
[ReportManager] Successfully Opened Safari. @13-11-2021 01:50:28.0732 AM
[ReportManager] Initial window size: (800, 600) @13-11-2021 01:50:28.0741 AM
[ReportManager] Window size after SWD Maximize: (1176, 811) @13-11-2021 01:50:28.0761 AM
[ReportManager] Browser Action [MaximizeWindow] successfully performed. With the following test data [New screen size is now: (1176, 811)]. @13-11-2021 01:50:28.0762 A

################################################################################################################################################
Starting Execution:	[70 out of 146] test cases in the current suite
Test Method:		[testPackage01.Test_uploadFile.uploadFile_visibleUploadInput]
################################################################################################################################################
[ReportManager] Target URL: [http://demo.guru99.com/test/upload/] @13-11-2021 01:50:28.0767 AM
[ReportManager] Initial URL: [] @13-11-2021 01:50:28.0917 AM
[ReportManager] Browser Action [NavigateToURL] successfully performed. With the following test data [http://demo.guru99.com/test/upload/]. @13-11-2021 01:50:30.0164 AM
[ReportManager] File Action [GetAbsolutePath] successfully performed. With the following test data [Relative File Path: "src/main/resources/images/shaft.png"]. @13-11-2021 01:50:30.0165 AM
[ReportManager] Successfully created attachment [File Action Actual Result - Command Log] @13-11-2021 01:50:30.0166 AM
[ReportManager] Element Action [TypeFileLocationForUpload] successfully performed. With the following test data [/Users/runner/work/SHAFT_ENGINE/SHAFT_ENGINE/src/main/resources/images/shaft.png]. @13-11-2021 01:50:30.0279 AM
[ReportManager] Element Action [Click] successfully performed. With the following test data [on]. @13-11-2021 01:50:30.0808 AM
[ReportManager] Element Action [Click] successfully performed. With the following test data [ Submit File]. @13-11-2021 01:50:33.0251 AM
[ReportManager] Element Action [GetText] successfully performed. With the following test data [1 file has been successfully uploaded.]. @13-11-2021 01:50:33.0851 AM
[ReportManager] Loaded Shared OpenCV @13-11-2021 01:50:33.0918 AM
[ReportManager] Assertion [ValidateElementAttribute] PASSED. Expected [Value Should be '1 file' for the 'Text' attribute, element locator 'By.id: res'] and Actual [1 file has been successfully uploaded.]. Comparison Type [CONTAINS]. Validation Type [POSITIVE]. @13-11-2021 01:50:34.0031 AM
[ReportManager] Successfully created attachment [Screenshot - 1636768233918_uploadFile_visibleUploadInput_ValidateElementAttribute_passed] @13-11-2021 01:50:34.0033 A
[ReportManager] Browser Action [CloseCurrentWindow] successfully performed. @13-11-2021 01:50:34.0343 AM
[ReportManager] Successfully created attachment [Browser Action Test Data - CloseCurrentWindow - Actual Value] @13-11-2021 01:50:34.0343 A

################################################################################################################################################
Starting Execution:	[71 out of 146] test cases in the current suite
Test Method:		[testPackage01.Test_AssertApiResponseEquals.assertApiResponseEquals_expectedToPass]
################################################################################################################################################
[ReportManager] Response status code: [200], status line: [HTTP/1.1 200 OK] @13-11-2021 01:50:34.0407 AM
[ReportManager] Assertion Passed: Evaluating the actual response status code against the expected one... @13-11-2021 01:50:34.0407 AM
[ReportManager] Assertion [ValidateComparativeRelation] PASSED. Expected [200] and Actual [200]. Comparison Type [EQUALS]. Validation Type [POSITIVE]. @13-11-2021 01:50:34.0407 AM
[ReportManager] API Action [PerformRequest] successfully performed. With the following test data [Request Type: "GET" | Target Status Code: "200" | Service URL: "https://jsonplaceholder.typicode.com/users" | Content Type: "*/*" | Response Time: "52ms"]. @13-11-2021 01:50:34.0432 AM
[ReportManager] Successfully created attachment [API Request - Specifications] @13-11-2021 01:50:34.0432 AM
[ReportManager] Successfully created attachment [API Response - JSON Body] @13-11-2021 01:50:34.0433 AM
[ReportManager] API Action [GetResponseJSONValueAsList] successfully performed. With the following test data [$]. @13-11-2021 01:50:34.0445 AM
[ReportManager] API Action [GetResponseJSONValue] successfully performed. With the following test data [name]. @13-11-2021 01:50:34.0470 AM
[ReportManager] API Action [GetResponseJSONValue] successfully performed. With the following test data [email]. @13-11-2021 01:50:34.0486 AM
[ReportManager] Verification [ValidateEquals] PASSED. Expected [Sincere@april.biz] and Actual [Sincere@april.biz]. Comparison Type [EQUALS]. Validation Type [POSITIVE]. @13-11-2021 01:50:34.0486 AM
[ReportManager] API Action [GetResponseJSONValue] successfully performed. With the following test data [username]. @13-11-2021 01:50:34.0507 AM
[ReportManager] Assertion [ValidateEquals] PASSED. Expected [Bret] and Actual [Bret]. Comparison Type [EQUALS]. Validation Type [POSITIVE]. @13-11-2021 01:50:34.0508 AM
[ReportManager] API Action [GetResponseJSONValue] successfully performed. With the following test data [name]. @13-11-2021 01:50:34.0524 AM
[ReportManager] API Action [GetResponseJSONValue] successfully performed. With the following test data [name]. @13-11-2021 01:50:34.0541 AM
[ReportManager] API Action [GetResponseJSONValue] successfully performed. With the following test data [name]. @13-11-2021 01:50:34.0574 AM
[ReportManager] API Action [GetResponseJSONValue] successfully performed. With the following test data [name]. @13-11-2021 01:50:34.0729 AM
[ReportManager] API Action [GetResponseJSONValue] successfully performed. With the following test data [name]. @13-11-2021 01:50:34.0742 AM
[ReportManager] API Action [GetResponseJSONValue] successfully performed. With the following test data [name]. @13-11-2021 01:50:34.0775 AM
[ReportManager] API Action [GetResponseJSONValue] successfully performed. With the following test data [name]. @13-11-2021 01:50:34.0800 AM
[ReportManager] API Action [GetResponseJSONValue] successfully performed. With the following test data [name]. @13-11-2021 01:50:34.0965 AM
[ReportManager] API Action [GetResponseJSONValue] successfully performed. With the following test data [name]. @13-11-2021 01:50:34.0983 A

################################################################################################################################################
Starting Execution:	[72 out of 146] test cases in the current suite
Test Method:		[testPackage01.Test_testData.f]
################################################################################################################################################
[ReportManager] Successfully loaded the following test data file [src/test/resources/TestDataFiles/testSuite01/TestData.xlsx]. @13-11-2021 01:50:35.0101 AM
[ReportManager] Successfully created attachment [Test Data - Excel] @13-11-2021 01:50:35.0102 AM
[ReportManager] Last Column Number is: [3]. Zero-based. @13-11-2021 01:50:35.0103 A

################################################################################################################################################
Starting Execution:	[73 out of 146] test cases in the current suite
Test Method:		[testPackage01.Test_PDF.testPDF1]
################################################################################################################################################
[ReportManager] File Action [DoesFileExist] successfully performed. With the following test data [File Path: "src/test/resources/TestDataFiles/sample.pdf"]. @13-11-2021 01:50:35.0112 AM
[ReportManager] File Action [GetAbsolutePath] successfully performed. With the following test data [Relative Folder Path: "src/test/resources/TestDataFiles/sample.pdf"]. @13-11-2021 01:50:35.0113 AM
[ReportManager] Assertion Passed: Checking to see that the pdf file contains [A Simple PDF File] @13-11-2021 01:50:39.0978 AM
[ReportManager] Successfully created attachment [Validation Test Data - Expected Value] @13-11-2021 01:50:39.0979 AM
[ReportManager] Successfully created attachment [Validation Test Data - Actual Value] @13-11-2021 01:50:39.0979 AM
[ReportManager] Assertion [ValidateEquals] PASSED. Expected and Actual values are attached. Comparison Type [CONTAINS]. Validation Type [POSITIVE]. @13-11-2021 01:50:39.0979 A

################################################################################################################################################
Starting Execution:	[74 out of 146] test cases in the current suite
Test Method:		[testPackage01.Test_PDF.testPDF2]
################################################################################################################################################
[ReportManager] File Action [DoesFileExist] successfully performed. With the following test data [File Path: "src/test/resources/TestDataFiles/sample.pdf"]. @13-11-2021 01:50:40.0001 AM
[ReportManager] File Action [GetAbsolutePath] successfully performed. With the following test data [Relative Folder Path: "src/test/resources/TestDataFiles/sample.pdf"]. @13-11-2021 01:50:40.0001 AM
[ReportManager] Assertion Passed: Checking to see that the pdf file contains [A Simple PDF File] @13-11-2021 01:50:40.0029 AM
[ReportManager] Successfully created attachment [Validation Test Data - Expected Value] @13-11-2021 01:50:40.0030 AM
[ReportManager] Successfully created attachment [Validation Test Data - Actual Value] @13-11-2021 01:50:40.0031 AM
[ReportManager] Assertion [ValidateEquals] PASSED. Expected and Actual values are attached. Comparison Type [CONTAINS]. Validation Type [POSITIVE]. @13-11-2021 01:50:40.0031 A
[ReportManager] File Action [GetAbsolutePath] successfully performed. With the following test data [Relative Folder Path: "target/downloadedFiles/"]. @13-11-2021 01:50:40.0035 AM
[ReportManager] Attempting to run locally on: [Mac-64], [Safari], Headless Execution. @13-11-2021 01:50:40.0036 AM
[ReportManager] Successfully Opened Safari. @13-11-2021 01:50:41.0346 AM
[ReportManager] Initial window size: (800, 600) @13-11-2021 01:50:41.0399 AM
[ReportManager] Window size after SWD Maximize: (1176, 811) @13-11-2021 01:50:41.0430 AM
[ReportManager] Browser Action [MaximizeWindow] successfully performed. With the following test data [New screen size is now: (1176, 811)]. @13-11-2021 01:50:41.0431 A

################################################################################################################################################
Starting Execution:	[75 out of 146] test cases in the current suite
Test Method:		[testPackage01.Test_ShadowDOM.shadowdom]
################################################################################################################################################
[ReportManager] Target URL: [https://mdn.github.io/web-components-examples/popup-info-box-web-component/] @13-11-2021 01:50:41.0434 AM
[ReportManager] Initial URL: [] @13-11-2021 01:50:41.0516 AM
[ReportManager] Browser Action [NavigateToURL] successfully performed. With the following test data [https://mdn.github.io/web-components-examples/popup-info-box-web-component/]. @13-11-2021 01:50:41.0945 AM
[ReportManager] Element Action [Type] successfully performed. With the following test data [Typing into SHADOW DOM...]. @13-11-2021 01:50:43.0062 AM
[ReportManager] Element Action [GetText] successfully performed. With the following test data [Typing into SHADOW DOM...]. @13-11-2021 01:50:43.0171 AM
[ReportManager] Loaded Shared OpenCV @13-11-2021 01:50:43.0245 AM
[ReportManager] Assertion [ValidateElementAttribute] PASSED. Expected [Value Should be 'Typing into SHADOW DOM...' for the 'Text' attribute, element locator 'By.id: cvc'] and Actual [Typing into SHADOW DOM...]. Comparison Type [EQUALS]. Validation Type [POSITIVE]. @13-11-2021 01:50:43.0428 AM
[ReportManager] Successfully created attachment [Screenshot - 1636768243244_shadowdom_ValidateElementAttribute_passed] @13-11-2021 01:50:43.0429 A
[ReportManager] Browser Action [CloseCurrentWindow] successfully performed. @13-11-2021 01:50:43.0773 AM
[ReportManager] Successfully created attachment [Browser Action Test Data - CloseCurrentWindow - Actual Value] @13-11-2021 01:50:43.0774 A
[ReportManager] File Action [GetAbsolutePath] successfully performed. With the following test data [Relative Folder Path: "target/downloadedFiles/"]. @13-11-2021 01:50:43.0776 AM
[ReportManager] Attempting to run locally on: [Mac-64], [Safari], Headless Execution. @13-11-2021 01:50:43.0776 AM
[ReportManager] Successfully Opened Safari. @13-11-2021 01:50:44.0658 AM
[ReportManager] Initial window size: (800, 600) @13-11-2021 01:50:44.0672 AM
[ReportManager] Window size after SWD Maximize: (1176, 811) @13-11-2021 01:50:44.0773 AM
[ReportManager] Browser Action [MaximizeWindow] successfully performed. With the following test data [New screen size is now: (1176, 811)]. @13-11-2021 01:50:44.0774 A

################################################################################################################################################
Starting Execution:	[76 out of 146] test cases in the current suite
Test Method:		[testPackage01.Test_clipboardActions.typeTextAndCopyPaste]
################################################################################################################################################
[ReportManager] Target URL: [https://www.google.com/ncr], and after redirection: [https://www.google.com] @13-11-2021 01:50:44.0776 AM
[ReportManager] Initial URL: [] @13-11-2021 01:50:44.0813 AM
[ReportManager] Browser Action [NavigateToURL] successfully performed. With the following test data [https://www.google.com/ncr]. @13-11-2021 01:50:46.0385 AM
[ReportManager] Element Action [Type] successfully performed. With the following test data [FIRST]. @13-11-2021 01:50:46.0960 A
[ReportManager] Browser Action [CloseCurrentWindow] successfully performed. @13-11-2021 01:50:47.0419 AM
[ReportManager] Successfully created attachment [Browser Action Test Data - CloseCurrentWindow - Actual Value] @13-11-2021 01:50:47.0420 A

################################################################################################################################################
Starting Execution:	[77 out of 146] test cases in the current suite
Test Method:		[testPackage01.Test_NewValidationHelper.f1]
################################################################################################################################################
[ReportManager] Assertion Passed: Checking valid user data @13-11-2021 01:50:47.0423 AM
[ReportManager] Successfully created attachment [Validation Test Data - Expected Value] @13-11-2021 01:50:47.0424 AM
[ReportManager] Successfully created attachment [Validation Test Data - Actual Value] @13-11-2021 01:50:47.0424 AM
[ReportManager] Assertion [ValidateEquals] PASSED. Expected and Actual values are attached. Comparison Type [EQUALS]. Validation Type [POSITIVE]. @13-11-2021 01:50:47.0425 A
[ReportManager] File Action [GetAbsolutePath] successfully performed. With the following test data [Relative Folder Path: "target/downloadedFiles/"]. @13-11-2021 01:50:47.0427 AM
[ReportManager] Attempting to run locally on: [Mac-64], [Safari], Headless Execution. @13-11-2021 01:50:47.0427 AM
[ReportManager] Successfully Opened Safari. @13-11-2021 01:50:48.0207 AM
[ReportManager] Initial window size: (800, 600) @13-11-2021 01:50:48.0231 AM
[ReportManager] Window size after SWD Maximize: (1176, 811) @13-11-2021 01:50:48.0243 AM
[ReportManager] Browser Action [MaximizeWindow] successfully performed. With the following test data [New screen size is now: (1176, 811)]. @13-11-2021 01:50:48.0243 AM
[ReportManager] Target URL: [https://the-internet.herokuapp.com/] @13-11-2021 01:50:48.0243 AM
[ReportManager] Initial URL: [] @13-11-2021 01:50:48.0299 AM
[ReportManager] Browser Action [NavigateToURL] successfully performed. With the following test data [https://the-internet.herokuapp.com/]. @13-11-2021 01:50:48.0873 A

################################################################################################################################################
Starting Execution:	[78 out of 146] test cases in the current suite
Test Method:		[testPackage01.Test_NewValidationHelper.f10]
################################################################################################################################################
[ReportManager] Loaded Shared OpenCV @13-11-2021 01:50:49.0136 AM
[ReportManager] Assertion [ValidateElementExists] FAILED. Expected [Element Should Exist, locator 'By.tagName: div'] and Actual [Element Exists but is not unique]. Comparison Type [EQUALS]. Validation Type [POSITIVE]. @13-11-2021 01:50:49.0269 AM
[ReportManager] Successfully created attachment [Screenshot - 1636768249136_f10_ValidateElementExists_failed] @13-11-2021 01:50:49.0277 A



################################################################################################################################################
Starting Execution:	[79 out of 146] test cases in the current suite
Test Method:		[testPackage01.Test_NewValidationHelper.f11]
###############################################################################################################################################



################################################################################################################################################
Starting Execution:	[80 out of 146] test cases in the current suite
Test Method:		[testPackage01.Test_NewValidationHelper.f12]
###############################################################################################################################################



################################################################################################################################################
Starting Execution:	[81 out of 146] test cases in the current suite
Test Method:		[testPackage01.Test_NewValidationHelper.f13]
###############################################################################################################################################



################################################################################################################################################
Starting Execution:	[82 out of 146] test cases in the current suite
Test Method:		[testPackage01.Test_NewValidationHelper.f14]
###############################################################################################################################################



################################################################################################################################################
Starting Execution:	[83 out of 146] test cases in the current suite
Test Method:		[testPackage01.Test_NewValidationHelper.f15]
###############################################################################################################################################



################################################################################################################################################
Starting Execution:	[84 out of 146] test cases in the current suite
Test Method:		[testPackage01.Test_NewValidationHelper.f16]
###############################################################################################################################################



################################################################################################################################################
Starting Execution:	[85 out of 146] test cases in the current suite
Test Method:		[testPackage01.Test_NewValidationHelper.f17]
###############################################################################################################################################



################################################################################################################################################
Starting Execution:	[86 out of 146] test cases in the current suite
Test Method:		[testPackage01.Test_NewValidationHelper.f18]
###############################################################################################################################################


################################################################################################################################################
Starting Execution:	[87 out of 146] test cases in the current suite
Test Method:		[testPackage01.Test_NewValidationHelper.f2]
###############################################################################################################################################


################################################################################################################################################
Starting Execution:	[88 out of 146] test cases in the current suite
Test Method:		[testPackage01.Test_NewValidationHelper.f20]
###############################################################################################################################################



################################################################################################################################################
Starting Execution:	[89 out of 146] test cases in the current suite
Test Method:		[testPackage01.Test_NewValidationHelper.f21]
###############################################################################################################################################



################################################################################################################################################
Starting Execution:	[90 out of 146] test cases in the current suite
Test Method:		[testPackage01.Test_NewValidationHelper.f22]
###############################################################################################################################################


################################################################################################################################################
Starting Execution:	[91 out of 146] test cases in the current suite
Test Method:		[testPackage01.Test_NewValidationHelper.f23]
###############################################################################################################################################

################################################################################################################################################
Starting Execution:	[92 out of 146] test cases in the current suite
Test Method:		[testPackage01.Test_NewValidationHelper.f24]
###############################################################################################################################################

################################################################################################################################################
Starting Execution:	[93 out of 146] test cases in the current suite
Test Method:		[testPackage01.Test_NewValidationHelper.f25]
###############################################################################################################################################

################################################################################################################################################
Starting Execution:	[94 out of 146] test cases in the current suite
Test Method:		[testPackage01.Test_NewValidationHelper.f26]
###############################################################################################################################################

################################################################################################################################################
Starting Execution:	[95 out of 146] test cases in the current suite
Test Method:		[testPackage01.Test_NewValidationHelper.f27]
###############################################################################################################################################

################################################################################################################################################
Starting Execution:	[96 out of 146] test cases in the current suite
Test Method:		[testPackage01.Test_NewValidationHelper.f28]
###############################################################################################################################################

################################################################################################################################################
Starting Execution:	[97 out of 146] test cases in the current suite
Test Method:		[testPackage01.Test_NewValidationHelper.f29]
###############################################################################################################################################

################################################################################################################################################
Starting Execution:	[98 out of 146] test cases in the current suite
Test Method:		[testPackage01.Test_NewValidationHelper.f3]
###############################################################################################################################################

################################################################################################################################################
Starting Execution:	[99 out of 146] test cases in the current suite
Test Method:		[testPackage01.Test_NewValidationHelper.f30]
###############################################################################################################################################

################################################################################################################################################
Starting Execution:	[100 out of 146] test cases in the current suite
Test Method:		[testPackage01.Test_NewValidationHelper.f31]
###############################################################################################################################################

################################################################################################################################################
Starting Execution:	[101 out of 146] test cases in the current suite
Test Method:		[testPackage01.Test_NewValidationHelper.f32]
###############################################################################################################################################

################################################################################################################################################
Starting Execution:	[102 out of 146] test cases in the current suite
Test Method:		[testPackage01.Test_NewValidationHelper.f33]
###############################################################################################################################################

################################################################################################################################################
Starting Execution:	[103 out of 146] test cases in the current suite
Test Method:		[testPackage01.Test_NewValidationHelper.f34]
###############################################################################################################################################

################################################################################################################################################
Starting Execution:	[104 out of 146] test cases in the current suite
Test Method:		[testPackage01.Test_NewValidationHelper.f35]
###############################################################################################################################################

################################################################################################################################################
Starting Execution:	[105 out of 146] test cases in the current suite
Test Method:		[testPackage01.Test_NewValidationHelper.f36]
###############################################################################################################################################

################################################################################################################################################
Starting Execution:	[106 out of 146] test cases in the current suite
Test Method:		[testPackage01.Test_NewValidationHelper.f37]
###############################################################################################################################################

################################################################################################################################################
Starting Execution:	[107 out of 146] test cases in the current suite
Test Method:		[testPackage01.Test_NewValidationHelper.f3_1]
###############################################################################################################################################

################################################################################################################################################
Starting Execution:	[108 out of 146] test cases in the current suite
Test Method:		[testPackage01.Test_NewValidationHelper.f4]
###############################################################################################################################################

################################################################################################################################################
Starting Execution:	[109 out of 146] test cases in the current suite
Test Method:		[testPackage01.Test_NewValidationHelper.f5]
###############################################################################################################################################

################################################################################################################################################
Starting Execution:	[110 out of 146] test cases in the current suite
Test Method:		[testPackage01.Test_NewValidationHelper.f6]
###############################################################################################################################################

################################################################################################################################################
Starting Execution:	[111 out of 146] test cases in the current suite
Test Method:		[testPackage01.Test_NewValidationHelper.f6_1]
###############################################################################################################################################

################################################################################################################################################
Starting Execution:	[112 out of 146] test cases in the current suite
Test Method:		[testPackage01.Test_NewValidationHelper.f6_2]
###############################################################################################################################################

################################################################################################################################################
Starting Execution:	[113 out of 146] test cases in the current suite
Test Method:		[testPackage01.Test_NewValidationHelper.f7]
###############################################################################################################################################


################################################################################################################################################
Starting Execution:	[114 out of 146] test cases in the current suite
Test Method:		[testPackage01.Test_NewValidationHelper.f8]
###############################################################################################################################################



################################################################################################################################################
Starting Execution:	[115 out of 146] test cases in the current suite
Test Method:		[testPackage01.Test_NewValidationHelper.f9]
###############################################################################################################################################


################################################################################################################################################
Starting Execution:	[116 out of 146] test cases in the current suite
Test Method:		[testPackage01.Test_NewValidationHelper.forceFail]
###############################################################################################################################################

################################################################################################################################################
Starting Execution:	[117 out of 146] test cases in the current suite
Test Method:		[testPackage01.Test_NewValidationHelper.forceFail2]
###############################################################################################################################################

################################################################################################################################################
Starting Execution:	[118 out of 146] test cases in the current suite
Test Method:		[testPackage01.Test_JsonActions.f]
###############################################################################################################################################

################################################################################################################################################
Starting Execution:	[119 out of 146] test cases in the current suite
Test Method:		[testPackage01.Test_JsonActions.f2]
###############################################################################################################################################

################################################################################################################################################
Starting Execution:	[120 out of 146] test cases in the current suite
Test Method:		[testPackage01.Test_sendGraphqlRequest.sendGraphqlRequestUsingMutationAndVariables]
################################################################################################################################################
[ReportManager] GraphQl Request is being Performed with the Following Parameters [Service URL: https://api.spacex.land/graphql | Request Body: {"variables":"{\"name\": \"sherlock holmes\",\"rocket\": \"221B Baker Street\"}","query":"mutation ($name: String, $rocket: String) {\n  insert_users(objects: {name: $name, rocket: $rocket}) {\n    returning {\n      name\n      rocket\n    }\n  }\n}"}] @13-11-2021 01:50:50.0046 AM
[ReportManager] Response status code: [200], status line: [HTTP/1.1 200 OK] @13-11-2021 01:50:56.0067 AM
[ReportManager] Assertion Passed: Evaluating the actual response status code against the expected one... @13-11-2021 01:50:56.0068 AM
[ReportManager] Assertion [ValidateComparativeRelation] PASSED. Expected [200] and Actual [200]. Comparison Type [EQUALS]. Validation Type [POSITIVE]. @13-11-2021 01:50:56.0068 AM
[ReportManager] API Action [PerformRequest] successfully performed. With the following test data [Request Type: "POST" | Target Status Code: "200" | Service URL: "https://api.spacex.land/graphql" | Content Type: "application/json" | Response Time: "5745ms"]. @13-11-2021 01:50:56.0110 AM
[ReportManager] Successfully created attachment [API Request - Specifications] @13-11-2021 01:50:56.0111 AM
[ReportManager] Successfully created attachment [API Request - JSON Body] @13-11-2021 01:50:56.0111 AM
[ReportManager] Successfully created attachment [API Response - JSON Body] @13-11-2021 01:50:56.0112 AM
[ReportManager] API Action [GetResponseJSONValue] successfully performed. With the following test data [data.insert_users.returning[0].name]. @13-11-2021 01:50:56.0178 AM
[ReportManager] Assertion [ValidateEquals] PASSED. Expected [sherlock holmes] and Actual [sherlock holmes]. Comparison Type [EQUALS]. Validation Type [POSITIVE]. @13-11-2021 01:50:56.0179 A

################################################################################################################################################
Starting Execution:	[121 out of 146] test cases in the current suite
Test Method:		[testPackage01.Test_sendGraphqlRequest.sendGraphqlRequestUsingQuery]
################################################################################################################################################
[ReportManager] GraphQl Request is being Performed with the Following Parameters [Service URL: https://api.spacex.land/graphql | Request Body: {"query":"{company {ceo}}"}] @13-11-2021 01:50:56.0183 AM
[ReportManager] Response status code: [200], status line: [HTTP/1.1 200 OK] @13-11-2021 01:50:56.0326 AM
[ReportManager] Assertion Passed: Evaluating the actual response status code against the expected one... @13-11-2021 01:50:56.0326 AM
[ReportManager] Assertion [ValidateComparativeRelation] PASSED. Expected [200] and Actual [200]. Comparison Type [EQUALS]. Validation Type [POSITIVE]. @13-11-2021 01:50:56.0326 AM
[ReportManager] API Action [PerformRequest] successfully performed. With the following test data [Request Type: "POST" | Target Status Code: "200" | Service URL: "https://api.spacex.land/graphql" | Content Type: "application/json" | Response Time: "135ms"]. @13-11-2021 01:50:56.0342 AM
[ReportManager] Successfully created attachment [API Request - Specifications] @13-11-2021 01:50:56.0343 AM
[ReportManager] Successfully created attachment [API Request - JSON Body] @13-11-2021 01:50:56.0344 AM
[ReportManager] Successfully created attachment [API Response - JSON Body] @13-11-2021 01:50:56.0345 AM
[ReportManager] API Action [GetResponseJSONValue] successfully performed. With the following test data [data.company.ceo]. @13-11-2021 01:50:56.0361 AM
[ReportManager] Assertion [ValidateEquals] PASSED. Expected [Elon Musk] and Actual [Elon Musk]. Comparison Type [EQUALS]. Validation Type [POSITIVE]. @13-11-2021 01:50:56.0361 A

################################################################################################################################################
Starting Execution:	[122 out of 146] test cases in the current suite
Test Method:		[testPackage01.Test_MatchJsonSchema.checkAPI_ResponseSchema]
################################################################################################################################################
[ReportManager] Response status code: [200], status line: [HTTP/1.1 200 OK] @13-11-2021 01:50:56.0513 AM
[ReportManager] Assertion Passed: Evaluating the actual response status code against the expected one... @13-11-2021 01:50:56.0513 AM
[ReportManager] Assertion [ValidateComparativeRelation] PASSED. Expected [200] and Actual [200]. Comparison Type [EQUALS]. Validation Type [POSITIVE]. @13-11-2021 01:50:56.0513 AM
[ReportManager] API Action [PerformRequest] successfully performed. With the following test data [Request Type: "GET" | Target Status Code: "200" | Service URL: "http://api.zippopotam.us/us/90210" | Content Type: "*/*" | Response Time: "115ms"]. @13-11-2021 01:50:56.0572 AM
[ReportManager] Successfully created attachment [API Request - Specifications] @13-11-2021 01:50:56.0573 AM
[ReportManager] Successfully created attachment [API Response - JSON Body] @13-11-2021 01:50:56.0574 AM
[ReportManager] File Action [GetAbsolutePath] successfully performed. With the following test data [Relative Folder Path: "src/test/resources/testDataFiles/schema.json"]. @13-11-2021 01:50:56.0577 AM
[ReportManager] File Action [GetAbsolutePath] successfully performed. With the following test data [Relative Folder Path: "/Users/runner/work/SHAFT_ENGINE/SHAFT_ENGINE/src/test/resources/testDataFiles/schema.json"]. @13-11-2021 01:50:58.0016 AM
[ReportManager] File Action [ReadFromFile] successfully performed. With the following test data [File Path: "/Users/runner/work/SHAFT_ENGINE/SHAFT_ENGINE/src/test/resources/testDataFiles/schema.json"]. @13-11-2021 01:50:58.0017 AM
[ReportManager] Assertion Passed: Then I Assert that the API response schema matches that in this file [src/test/resources/testDataFiles/schema.json]. @13-11-2021 01:50:58.0018 AM
[ReportManager] Successfully created attachment [Validation Test Data - Expected JSON Value] @13-11-2021 01:50:58.0019 AM
[ReportManager] Successfully created attachment [Validation Test Data - Actual JSON Value] @13-11-2021 01:50:58.0019 AM
[ReportManager] Assertion [ValidateResponseFileSchema] PASSED. Expected [Response data should match the JSON File in this path '/Users/runner/work/SHAFT_ENGINE/SHAFT_ENGINE/src/test/resources/testDataFiles/schema.json'] and Actual [TRUE]. Comparison Type [EQUALS]. Validation Type [POSITIVE]. @13-11-2021 01:50:58.0019 A
[ReportManager] File Action [GetAbsolutePath] successfully performed. With the following test data [Relative Folder Path: "target/downloadedFiles/"]. @13-11-2021 01:50:58.0023 AM
[ReportManager] Attempting to run locally on: [Mac-64], [Safari], Headless Execution. @13-11-2021 01:50:58.0023 AM
[ReportManager] Successfully Opened Safari. @13-11-2021 01:50:58.0918 AM
[ReportManager] Initial window size: (800, 600) @13-11-2021 01:50:58.0962 AM
[ReportManager] Window size after SWD Maximize: (1176, 811) @13-11-2021 01:50:59.0012 AM
[ReportManager] Browser Action [MaximizeWindow] successfully performed. With the following test data [New screen size is now: (1176, 811)]. @13-11-2021 01:50:59.0013 A

################################################################################################################################################
Starting Execution:	[123 out of 146] test cases in the current suite
Test Method:		[testPackage01.Test_dragAndDrop.dragAndDropJquery]
################################################################################################################################################
[ReportManager] Target URL: [https://jqueryui.com/resources/demos/droppable/default.html] @13-11-2021 01:50:59.0025 AM
[ReportManager] Initial URL: [] @13-11-2021 01:50:59.0090 AM
[ReportManager] Browser Action [NavigateToURL] successfully performed. With the following test data [https://jqueryui.com/resources/demos/droppable/default.html]. @13-11-2021 01:50:59.0496 AM
[ReportManager] Element Action [GetText] successfully performed. With the following test data [
	Drop here
]. @13-11-2021 01:50:59.0535 AM
[ReportManager] Element Action [DragAndDrop] successfully performed. With the following test data [Start point: (8, 18), End point: (8, 18)]. @13-11-2021 01:51:00.0952 AM
[ReportManager] Element Action [GetText] successfully performed. With the following test data [
	Dropped!
]. @13-11-2021 01:51:00.0986 AM
[ReportManager] Assertion Passed: Checking to see if the text has changed after performing drag and drop @13-11-2021 01:51:00.0986 AM
[ReportManager] Assertion [ValidateEquals] PASSED. Expected [
	Drop here
] and Actual [
	Dropped!
]. Comparison Type [EQUALS]. Validation Type [NEGATIVE]. @13-11-2021 01:51:00.0986 A
[ReportManager] Browser Action [CloseCurrentWindow] successfully performed. @13-11-2021 01:51:01.0346 AM
[ReportManager] Successfully created attachment [Browser Action Test Data - CloseCurrentWindow - Actual Value] @13-11-2021 01:51:01.0347 A
[ReportManager] File Action [GetAbsolutePath] successfully performed. With the following test data [Relative Folder Path: "target/downloadedFiles/"]. @13-11-2021 01:51:01.0349 AM
[ReportManager] Attempting to run locally on: [Mac-64], [Safari], Headless Execution. @13-11-2021 01:51:01.0349 AM
[ReportManager] Successfully Opened Safari. @13-11-2021 01:51:02.0222 AM
[ReportManager] Initial window size: (800, 600) @13-11-2021 01:51:02.0246 AM
[ReportManager] Window size after SWD Maximize: (1176, 811) @13-11-2021 01:51:02.0343 AM
[ReportManager] Browser Action [MaximizeWindow] successfully performed. With the following test data [New screen size is now: (1176, 811)]. @13-11-2021 01:51:02.0343 A

################################################################################################################################################
Starting Execution:	[124 out of 146] test cases in the current suite
Test Method:		[testPackage01.Test_dragAndDrop.dragAndDrop]
Test Description:	[TC001 - Test Drag and Drop function.]
################################################################################################################################################
[ReportManager] Target URL: [http://the-internet.herokuapp.com/drag_and_drop] @13-11-2021 01:51:02.0347 AM
[ReportManager] Initial URL: [] @13-11-2021 01:51:02.0384 AM
[ReportManager] Browser Action [NavigateToURL] successfully performed. With the following test data [http://the-internet.herokuapp.com/drag_and_drop]. @13-11-2021 01:51:02.0970 AM
[ReportManager] Attempting Drag and Drop @13-11-2021 01:51:02.0971 AM
[ReportManager] Element Action [DragAndDrop] successfully performed. With the following test data [Start point: (120, 89), End point: (335, 89)]. @13-11-2021 01:51:03.0841 A
[ReportManager] Browser Action [CloseCurrentWindow] successfully performed. @13-11-2021 01:51:04.0235 AM
[ReportManager] Successfully created attachment [Browser Action Test Data - CloseCurrentWindow - Actual Value] @13-11-2021 01:51:04.0236 A
[ReportManager] File Action [GetAbsolutePath] successfully performed. With the following test data [Relative Folder Path: "target/downloadedFiles/"]. @13-11-2021 01:51:04.0238 AM
[ReportManager] Attempting to run locally on: [Mac-64], [Safari], Headless Execution. @13-11-2021 01:51:04.0238 AM
[ReportManager] Successfully Opened Safari. @13-11-2021 01:51:05.0068 AM
[ReportManager] Initial window size: (800, 600) @13-11-2021 01:51:05.0123 AM
[ReportManager] Window size after SWD Maximize: (1176, 811) @13-11-2021 01:51:05.0208 AM
[ReportManager] Browser Action [MaximizeWindow] successfully performed. With the following test data [New screen size is now: (1176, 811)]. @13-11-2021 01:51:05.0209 A

################################################################################################################################################
Starting Execution:	[125 out of 146] test cases in the current suite
Test Method:		[testPackage01.Test_dragAndDrop.dragAndDropByOffset]
Test Description:	[TC002 - Test Drag and Drop by offset function.]
################################################################################################################################################
[ReportManager] Target URL: [https://jqueryui.com/resources/demos/draggable/default.html] @13-11-2021 01:51:05.0212 AM
[ReportManager] Initial URL: [] @13-11-2021 01:51:05.0290 AM
[ReportManager] Browser Action [NavigateToURL] successfully performed. With the following test data [https://jqueryui.com/resources/demos/draggable/default.html]. @13-11-2021 01:51:05.0768 AM
[ReportManager] Element Action [DragAndDropByOffset] successfully performed. With the following test data [Start point: (8, 8), End point: (108, 58)]. @13-11-2021 01:51:06.0586 A
[ReportManager] Browser Action [CloseCurrentWindow] successfully performed. @13-11-2021 01:51:06.0879 AM
[ReportManager] Successfully created attachment [Browser Action Test Data - CloseCurrentWindow - Actual Value] @13-11-2021 01:51:06.0880 A
[ReportManager] Successfully loaded the following test data file [src/test/resources/TestDataFiles/testSuite01/TestData.xlsx]. @13-11-2021 01:51:06.0923 AM
[ReportManager] Successfully created attachment [Test Data - Excel] @13-11-2021 01:51:06.0924 AM
[ReportManager] File Action [GetAbsolutePath] successfully performed. With the following test data [Relative Folder Path: "target/downloadedFiles/"]. @13-11-2021 01:51:06.0924 AM
[ReportManager] Attempting to run locally on: [Mac-64], [Safari], Headless Execution. @13-11-2021 01:51:06.0924 A

################################################################################################################################################
Starting Execution:	[126 out of 146] test cases in the current suite
Test Method:		[testPackage01.Test_google.navigateToURLandVerifyGoogleLogoIsDisplayed]
Test Description:	[TC001 - Navigate to URL and Verify Google Logo is Displayed]
###############################################################################################################################################

################################################################################################################################################
Starting Execution:	[127 out of 146] test cases in the current suite
Test Method:		[testPackage01.Test_google.searchForQueryandAssertResultsNumDisplayed]
Test Description:	[TC002 - Search for Query and Assert that the number of results is displayed]
###############################################################################################################################################

################################################################################################################################################
Starting Execution:	[128 out of 146] test cases in the current suite
Test Method:		[testPackage01.Test_google.clickNextThrice]
Test Description:	[TC003 - Clicks the next button to make sure that the framework can scroll element into view before clicking it]
###############################################################################################################################################


################################################################################################################################################
Starting Execution:	[129 out of 146] test cases in the current suite
Test Method:		[testPackage01.Test_chainableElementActions.chainElementActions]
################################################################################################################################################
[ReportManager] File Action [GetAbsolutePath] successfully performed. With the following test data [Relative Folder Path: "target/downloadedFiles/"]. @13-11-2021 01:51:06.0980 AM
[ReportManager] Attempting to run locally on: [Mac-64], [GoogleChrome], Headless Execution. @13-11-2021 01:51:06.0982 AM
[ReportManager] Identifying OS/Driver combination and selecting the correct driver version automatically. Please note that if a new driver executable will be downloaded it may take some time... @13-11-2021 01:51:06.0982 AM
[ReportManager] Successfully Opened Google Chrome. @13-11-2021 01:51:10.0942 AM
[ReportManager] Initial window size: (1920, 1080) @13-11-2021 01:51:10.0959 AM
[ReportManager] Window size after SWD Maximize: (1920, 1080) @13-11-2021 01:51:11.0161 AM
[ReportManager] Window size after Toolkit: (1920, 1080) @13-11-2021 01:51:11.0757 AM
[ReportManager] Browser Action [MaximizeWindow] successfully performed. With the following test data [New screen size is now: (1920, 1080)]. @13-11-2021 01:51:11.0762 AM
[ReportManager] Target URL: [https://www.google.com/ncr], and after redirection: [https://www.google.com] @13-11-2021 01:51:11.0763 AM
[ReportManager] Initial URL: [data:,] @13-11-2021 01:51:11.0808 AM
[ReportManager] Browser Action [NavigateToURL] successfully performed. With the following test data [https://www.google.com/ncr]. @13-11-2021 01:51:12.0792 AM
[ReportManager] Element Action [Type] successfully performed. With the following test data [chained type 1]. @13-11-2021 01:51:13.0386 AM
[ReportManager] Element Action [Type] successfully performed. With the following test data [chained type 2]. @13-11-2021 01:51:13.0764 AM
[ReportManager] Element Action [TypeAppend] successfully performed. With the following test data [345]. @13-11-2021 01:51:13.0859 AM
[ReportManager] Element Action [GetText] successfully performed. With the following test data [chained type 2345]. @13-11-2021 01:51:13.0987 AM
[ReportManager] Loaded Shared OpenCV @13-11-2021 01:51:14.0307 AM
[ReportManager] Assertion [ValidateElementAttribute] PASSED. Expected [Value Should be 'chained type 2345' for the 'text' attribute, element locator 'By.name: q'] and Actual [chained type 2345]. Comparison Type [EQUALS]. Validation Type [POSITIVE]. @13-11-2021 01:51:14.0573 AM
[ReportManager] Successfully created attachment [Screenshot - 1636768274307_chainElementActions_ValidateElementAttribute_passed] @13-11-2021 01:51:14.0575 AM
[ReportManager] Browser Action [CloseCurrentWindow] successfully performed. @13-11-2021 01:51:14.0712 AM
[ReportManager] Successfully created attachment [Browser Action Test Data - CloseCurrentWindow - Actual Value] @13-11-2021 01:51:14.0713 A
[ReportManager] File Action [GetAbsolutePath] successfully performed. With the following test data [Relative Folder Path: "target/downloadedFiles/"]. @13-11-2021 01:51:14.0722 AM
[ReportManager] Attempting to run locally on: [Mac-64], [Safari], Headless Execution. @13-11-2021 01:51:14.0722 AM
[ReportManager] Successfully Opened Safari. @13-11-2021 01:51:15.0555 AM
[ReportManager] Initial window size: (800, 600) @13-11-2021 01:51:15.0730 AM
[ReportManager] Window size after SWD Maximize: (1176, 811) @13-11-2021 01:51:15.0772 AM
[ReportManager] Browser Action [MaximizeWindow] successfully performed. With the following test data [New screen size is now: (1176, 811)]. @13-11-2021 01:51:15.0772 A

################################################################################################################################################
Starting Execution:	[130 out of 146] test cases in the current suite
Test Method:		[testPackage01.Test_RelativeLocators.relativeLocatorsTest1]
################################################################################################################################################
[ReportManager] Target URL: [https://duckduckgo.com/] @13-11-2021 01:51:15.0776 AM
[ReportManager] Initial URL: [] @13-11-2021 01:51:15.0818 AM
[ReportManager] Browser Action [NavigateToURL] successfully performed. With the following test data [https://duckduckgo.com/]. @13-11-2021 01:51:16.0644 AM
[ReportManager] Element Action [Type] successfully performed. With the following test data [SHAFT_Engine]. @13-11-2021 01:51:17.0137 AM
[ReportManager] Element Action [KeyPress] successfully performed. With the following test data [ENTER]. @13-11-2021 01:51:17.0201 A
[ReportManager] Browser Action [CloseCurrentWindow] successfully performed. @13-11-2021 01:51:18.0883 AM
[ReportManager] Successfully created attachment [Browser Action Test Data - CloseCurrentWindow - Actual Value] @13-11-2021 01:51:18.0884 A

################################################################################################################################################
Starting Execution:	[131 out of 146] test cases in the current suite
Test Method:		[testPackage01.Test_JsonCompareWithSpecialCharacters.specialCharacters]
################################################################################################################################################
[ReportManager] File Action [GetAbsolutePath] successfully performed. With the following test data [Relative Folder Path: "src/test/resources/testDataFiles/specialCharacters.json"]. @13-11-2021 01:51:18.0889 AM
[ReportManager] File Action [ReadFromFile] successfully performed. With the following test data [File Path: "/Users/runner/work/SHAFT_ENGINE/SHAFT_ENGINE/src/test/resources/testDataFiles/specialCharacters.json"]. @13-11-2021 01:51:18.0890 AM
[ReportManager] Successfully created attachment [File Action Actual Result - Command Log] @13-11-2021 01:51:18.0891 AM
[ReportManager] Comparing the provided API response with the file at this path "src/test/resources/testDataFiles/specialCharacters.json", comparison type "EQUALS" @13-11-2021 01:51:18.0891 AM
[ReportManager] API Action [CompareJSON] successfully performed. With the following test data [src/test/resources/testDataFiles/specialCharacters.json]. @13-11-2021 01:51:18.0898 AM
[ReportManager] File Action [GetAbsolutePath] successfully performed. With the following test data [Relative Folder Path: "src/test/resources/testDataFiles/specialCharacters.json"]. @13-11-2021 01:51:18.0899 AM
[ReportManager] File Action [ReadFromFile] successfully performed. With the following test data [File Path: "/Users/runner/work/SHAFT_ENGINE/SHAFT_ENGINE/src/test/resources/testDataFiles/specialCharacters.json"]. @13-11-2021 01:51:18.0899 AM
[ReportManager] Verification [ValidateJSONFileContent] PASSED. Expected [Response data should match the JSON File in this path 'src/test/resources/testDataFiles/specialCharacters.json'] and Actual [TRUE]. Comparison Type [EQUALS]. Validation Type [POSITIVE]. @13-11-2021 01:51:18.0903 AM
[ReportManager] Successfully created attachment [Validation Test Data - Expected JSON Value] @13-11-2021 01:51:18.0904 AM
[ReportManager] Successfully created attachment [Validation Test Data - Actual JSON Value] @13-11-2021 01:51:18.0905 A

################################################################################################################################################
Starting Execution:	[132 out of 146] test cases in the current suite
Test Method:		[testPackage01.Test_JsonCompareWithSpecialCharacters.specialCharacters_assertion]
################################################################################################################################################
[ReportManager] File Action [GetAbsolutePath] successfully performed. With the following test data [Relative Folder Path: "src/test/resources/testDataFiles/specialCharacters.json"]. @13-11-2021 01:51:18.0908 AM
[ReportManager] File Action [ReadFromFile] successfully performed. With the following test data [File Path: "/Users/runner/work/SHAFT_ENGINE/SHAFT_ENGINE/src/test/resources/testDataFiles/specialCharacters.json"]. @13-11-2021 01:51:18.0909 AM
[ReportManager] Successfully created attachment [File Action Actual Result - Command Log] @13-11-2021 01:51:18.0909 AM
[ReportManager] Comparing the provided API response with the file at this path "src/test/resources/testDataFiles/specialCharacters.json", comparison type "CONTAINS" @13-11-2021 01:51:18.0909 AM
[ReportManager] API Action [CompareJSON] successfully performed. With the following test data [src/test/resources/testDataFiles/specialCharacters.json]. @13-11-2021 01:51:18.0918 AM
[ReportManager] File Action [GetAbsolutePath] successfully performed. With the following test data [Relative Folder Path: "src/test/resources/testDataFiles/specialCharacters.json"]. @13-11-2021 01:51:18.0918 AM
[ReportManager] File Action [ReadFromFile] successfully performed. With the following test data [File Path: "/Users/runner/work/SHAFT_ENGINE/SHAFT_ENGINE/src/test/resources/testDataFiles/specialCharacters.json"]. @13-11-2021 01:51:18.0919 AM
[ReportManager] Assertion Passed: trying out the log message @13-11-2021 01:51:18.0923 AM
[ReportManager] Successfully created attachment [Validation Test Data - Expected JSON Value] @13-11-2021 01:51:18.0924 AM
[ReportManager] Successfully created attachment [Validation Test Data - Actual JSON Value] @13-11-2021 01:51:18.0924 AM
[ReportManager] Assertion [ValidateJSONFileContent] PASSED. Expected [Response data should match the JSON File in this path 'src/test/resources/testDataFiles/specialCharacters.json'] and Actual [TRUE]. Comparison Type [CONTAINS]. Validation Type [POSITIVE]. @13-11-2021 01:51:18.0924 A

################################################################################################################################################
Starting Execution:	[133 out of 146] test cases in the current suite
Test Method:		[testPackage01.Test_SkipDueToIssue.doNotSkip]
################################################################################################################################################
[ReportManager] This should not be skipped. @13-11-2021 01:51:18.0928 A

################################################################################################################################################
Starting Execution:	[134 out of 146] test cases in the current suite
Test Method:		[testPackage01.Test_SkipDueToIssue.skip]
################################################################################################################################################
[ReportManager] This should be skipped. @13-11-2021 01:51:18.0935 A

################################################################################################################################################
Starting Execution:	[135 out of 146] test cases in the current suite
Test Method:		[testPackage01.Test_SkipDueToIssue.skip2]
################################################################################################################################################
[ReportManager] This should be skipped. @13-11-2021 01:51:18.0940 A

################################################################################################################################################
Starting Execution:	[136 out of 146] test cases in the current suite
Test Method:		[testPackage01.Test_JSONFileManager.readStringFromJson]
################################################################################################################################################
[ReportManager] File Action [GetAbsolutePath] successfully performed. With the following test data [Relative Folder Path: "src/test/resources/testDataFiles/simpleJSON.json"]. @13-11-2021 01:51:18.0945 AM
[ReportManager] Successfully loaded the following test data file [src/test/resources/testDataFiles/simpleJSON.json]. @13-11-2021 01:51:18.0946 AM
[ReportManager] Successfully created attachment [Test Data - JSON] @13-11-2021 01:51:18.0946 AM
[ReportManager] File Action [GetAbsolutePath] successfully performed. With the following test data [Relative Folder Path: "src/test/resources/testDataFiles/simpleJSON.json"]. @13-11-2021 01:51:18.0948 AM
[ReportManager] Assertion [ValidateEquals] PASSED. Expected [Mohab Mohie] and Actual [Mohab Mohie]. Comparison Type [EQUALS]. Validation Type [POSITIVE]. @13-11-2021 01:51:18.0961 A
[ReportManager] File Action [GetAbsolutePath] successfully performed. With the following test data [Relative Folder Path: "target/downloadedFiles/"]. @13-11-2021 01:51:18.0964 AM
[ReportManager] Attempting to run locally on: [Mac-64], [Safari], Headless Execution. @13-11-2021 01:51:18.0964 AM
[ReportManager] Successfully Opened Safari. @13-11-2021 01:51:19.0794 AM
[ReportManager] Initial window size: (800, 600) @13-11-2021 01:51:19.0800 AM
[ReportManager] Window size after SWD Maximize: (1176, 811) @13-11-2021 01:51:19.0812 AM
[ReportManager] Browser Action [MaximizeWindow] successfully performed. With the following test data [New screen size is now: (1176, 811)]. @13-11-2021 01:51:19.0812 A

################################################################################################################################################
Starting Execution:	[137 out of 146] test cases in the current suite
Test Method:		[testPackage01.Test_assertEquals.test_assertElementAttribute]
################################################################################################################################################
[ReportManager] Target URL: [https://www.google.com/ncr], and after redirection: [https://www.google.com] @13-11-2021 01:51:19.0820 AM
[ReportManager] Initial URL: [] @13-11-2021 01:51:19.0865 AM
[ReportManager] Browser Action [NavigateToURL] successfully performed. With the following test data [https://www.google.com/ncr]. @13-11-2021 01:51:20.0954 AM
[ReportManager] Element Action [Type] successfully performed. With the following test data [INC_004010050:Another SCHEDULER with the same name [Duplicate Job Name] already exists.]. @13-11-2021 01:51:23.0466 AM
[ReportManager] Element Action [GetText] successfully performed. With the following test data [INC_004010050:Another SCHEDULER with the same name [Duplicate Job Name] already exists.]. @13-11-2021 01:51:23.0520 AM
[ReportManager] Loaded Shared OpenCV @13-11-2021 01:51:23.0584 AM
[ReportManager] Assertion [ValidateElementAttribute] PASSED. Expected [Value Should be 'INC_004010050:Another SCHEDULER with the same name \[Duplicate Job Name\] already exists.' for the 'text' attribute, element locator 'By.name: q'] and Actual [INC_004010050:Another SCHEDULER with the same name [Duplicate Job Name] already exists.]. Comparison Type [MATCHES]. Validation Type [POSITIVE]. @13-11-2021 01:51:23.0696 AM
[ReportManager] Successfully created attachment [Screenshot - 1636768283584_test_assertElementAttribute_ValidateElementAttribute_passed] @13-11-2021 01:51:23.0698 A
[ReportManager] Browser Action [CloseCurrentWindow] successfully performed. @13-11-2021 01:51:23.0941 AM
[ReportManager] Successfully created attachment [Browser Action Test Data - CloseCurrentWindow - Actual Value] @13-11-2021 01:51:23.0942 A
[ReportManager] File Action [GetAbsolutePath] successfully performed. With the following test data [Relative Folder Path: "target/downloadedFiles/"]. @13-11-2021 01:51:23.0945 AM
[ReportManager] Attempting to run locally on: [Mac-64], [Safari], Headless Execution. @13-11-2021 01:51:23.0945 AM
[ReportManager] Successfully Opened Safari. @13-11-2021 01:51:24.0931 AM
[ReportManager] Initial window size: (800, 600) @13-11-2021 01:51:24.0942 AM
[ReportManager] Window size after SWD Maximize: (1176, 811) @13-11-2021 01:51:24.0972 AM
[ReportManager] Browser Action [MaximizeWindow] successfully performed. With the following test data [New screen size is now: (1176, 811)]. @13-11-2021 01:51:24.0973 A

################################################################################################################################################
Starting Execution:	[138 out of 146] test cases in the current suite
Test Method:		[testPackage01.Test_IsElementClickable.testIsElementClickable]
################################################################################################################################################
[ReportManager] Target URL: [https://the-internet.herokuapp.com/] @13-11-2021 01:51:25.0142 AM
[ReportManager] Initial URL: [] @13-11-2021 01:51:25.0203 AM
[ReportManager] Browser Action [NavigateToURL] successfully performed. With the following test data [https://the-internet.herokuapp.com/]. @13-11-2021 01:51:25.0875 AM
[ReportManager] Element Action [IsElementClickable] successfully performed. @13-11-2021 01:51:25.0958 AM
[ReportManager] Assertion [ValidateTrue] PASSED. Expected [TRUE] and Actual [TRUE]. Validation Type [POSITIVE]. @13-11-2021 01:51:25.0958 A
[ReportManager] Browser Action [CloseCurrentWindow] successfully performed. @13-11-2021 01:51:26.0289 AM
[ReportManager] Successfully created attachment [Browser Action Test Data - CloseCurrentWindow - Actual Value] @13-11-2021 01:51:26.0290 A
[ReportManager] Successfully loaded the following test data file [src/test/resources/TestDataFiles/testSuite01/TestData.xlsx]. @13-11-2021 01:51:26.0338 AM
[ReportManager] Successfully created attachment [Test Data - Excel] @13-11-2021 01:51:26.0340 AM
[ReportManager] Attempting to run using Playwright locally on: [Mac-64], [Safari], Headless Execution. @13-11-2021 01:51:55.0878 AM
[ReportManager] File Action [GetAbsolutePath] successfully performed. With the following test data [Relative Folder Path: "target/downloadedFiles/"]. @13-11-2021 01:51:55.0880 AM
[ReportManager] Initial window size: (1280, 720) @13-11-2021 01:52:04.0647 AM
[ReportManager] Window size after Toolkit: com.microsoft.playwright.options.ViewportSize@2fc4c4a0 @13-11-2021 01:52:04.0660 AM
[ReportManager] Browser Action [MaximizeWindow] successfully performed. With the following test data [New screen size is now: (1920, 1080)]. @13-11-2021 01:52:04.0661 A

################################################################################################################################################
Starting Execution:	[139 out of 146] test cases in the current suite
Test Method:		[testPackage01.Test_google_playwright.navigateToURLandVerifyGoogleLogoIsDisplayed]
Test Description:	[TC001 - Navigate to URL and Verify Google Logo is Displayed]
################################################################################################################################################
[ReportManager] Target URL: [https://www.google.com/ncr], and after redirection: [https://www.google.com] @13-11-2021 01:52:04.0666 AM
[ReportManager] Initial URL: [about:blank] @13-11-2021 01:52:05.0211 AM
[ReportManager] Browser Action [NavigateToURL] successfully performed. With the following test data [https://www.google.com/ncr]. @13-11-2021 01:52:06.0871 AM
[ReportManager] Loaded Shared OpenCV @13-11-2021 01:52:06.0980 AM
[ReportManager] Assertion [ValidateElementExists] PASSED. Expected [Element Should Exist, locator 'xpath=//*[@id='hplogo' or @alt='Google']'] and Actual [Element Exists]. Comparison Type [EQUALS]. Validation Type [POSITIVE]. @13-11-2021 01:52:07.0200 AM
[ReportManager] Successfully created attachment [Screenshot - 1636768326976_navigateToURLandVerifyGoogleLogoIsDisplayed_ValidateElementExists_passed] @13-11-2021 01:52:07.0204 A

################################################################################################################################################
Starting Execution:	[140 out of 146] test cases in the current suite
Test Method:		[testPackage01.Test_google_playwright.searchForQueryandAssertResultsNumDisplayed]
Test Description:	[TC002 - Search for Query and Assert that the number of results is displayed]
################################################################################################################################################
[ReportManager] Element Action [Type] successfully performed. With the following test data [SHAFT_Engine]. @13-11-2021 01:52:07.0493 AM
[ReportManager] Element Action [KeyPress] successfully performed. With the following test data [Enter]. @13-11-2021 01:52:07.0598 AM
[ReportManager] Element Action [GetMatchingElementsCount] failed. @13-11-2021 01:52:12.0923 AM
[ReportManager] Successfully created attachment [Screenshot - 1636768332767_searchForQueryandAssertResultsNumDisplayed_GetMatchingElementsCount_failed] @13-11-2021 01:52:12.0924 AM
[ReportManager] Assertion [ValidateElementAttribute] FAILED. Expected [Value Should not be '' for the 'text' attribute, element locator 'xpath=//div[@id='appbar']'] and Actual [Failed to read the desired element attribute]. Comparison Type [EQUALS]. Validation Type [NEGATIVE]. @13-11-2021 01:52:12.0925 A

################################################################################################################################################
Starting Execution:	[141 out of 146] test cases in the current suite
Test Method:		[testPackage01.Test_google_playwright.clickNextThrice]
Test Description:	[TC003 - Clicks the next button to make sure that the framework can scroll element into view before clicking it]
###############################################################################################################################################
[ReportManager] Failed to find video recording. @13-11-2021 01:52:12.0935 AM
[ReportManager] Successfully Closed PlayWright Driver. @13-11-2021 01:52:13.0002 A
[ReportManager] File Action [GetAbsolutePath] successfully performed. With the following test data [Relative Folder Path: "target/downloadedFiles/"]. @13-11-2021 01:52:13.0049 AM
[ReportManager] Attempting to run locally on: [Mac-64], [Safari], Headless Execution. @13-11-2021 01:52:13.0053 AM
[ReportManager] Successfully Opened Safari. @13-11-2021 01:52:14.0112 AM
[ReportManager] Initial window size: (800, 600) @13-11-2021 01:52:14.0171 AM
[ReportManager] Window size after SWD Maximize: (1176, 811) @13-11-2021 01:52:14.0295 AM
[ReportManager] Browser Action [MaximizeWindow] successfully performed. With the following test data [New screen size is now: (1176, 811)]. @13-11-2021 01:52:14.0295 A

################################################################################################################################################
Starting Execution:	[142 out of 146] test cases in the current suite
Test Method:		[testPackage01.Test_verifyEquals.test_assertElementAttribute]
################################################################################################################################################
[ReportManager] Target URL: [https://www.google.com/ncr], and after redirection: [https://www.google.com] @13-11-2021 01:52:14.0299 AM
[ReportManager] Initial URL: [] @13-11-2021 01:52:14.0381 AM
[ReportManager] Browser Action [NavigateToURL] successfully performed. With the following test data [https://www.google.com/ncr]. @13-11-2021 01:52:15.0806 AM
[ReportManager] Element Action [Type] successfully performed. With the following test data [INC_004010050:Another SCHEDULER with the same name [Duplicate Job Name] already exists.]. @13-11-2021 01:52:18.0502 AM
[ReportManager] Element Action [GetText] successfully performed. With the following test data [INC_004010050:Another SCHEDULER with the same name [Duplicate Job Name] already exists.]. @13-11-2021 01:52:18.0649 AM
[ReportManager] Loaded Shared OpenCV @13-11-2021 01:52:18.0944 AM
[ReportManager] Verification [ValidateElementAttribute] PASSED. Expected [Value Should be 'INC_004010050:Another SCHEDULER with the same name \[Duplicate Job Name\] already exists.' for the 'text' attribute, element locator 'By.name: q'] and Actual [INC_004010050:Another SCHEDULER with the same name [Duplicate Job Name] already exists.]. Comparison Type [MATCHES]. Validation Type [POSITIVE]. @13-11-2021 01:52:19.0095 AM
[ReportManager] Successfully created attachment [Screenshot - 1636768338944_test_assertElementAttribute_ValidateElementAttribute_passed] @13-11-2021 01:52:19.0097 A
[ReportManager] Browser Action [CloseCurrentWindow] successfully performed. @13-11-2021 01:52:19.0545 AM
[ReportManager] Successfully created attachment [Browser Action Test Data - CloseCurrentWindow - Actual Value] @13-11-2021 01:52:19.0545 A

################################################################################################################################################
Starting Execution:	[143 out of 146] test cases in the current suite
Test Method:		[testPackage01.Test_SelectedValue.multipleSelect]
################################################################################################################################################
[ReportManager] File Action [GetAbsolutePath] successfully performed. With the following test data [Relative Folder Path: "target/downloadedFiles/"]. @13-11-2021 01:52:19.0550 AM
[ReportManager] Attempting to run locally on: [Mac-64], [GoogleChrome], Headless Execution. @13-11-2021 01:52:19.0551 AM
[ReportManager] Identifying OS/Driver combination and selecting the correct driver version automatically. Please note that if a new driver executable will be downloaded it may take some time... @13-11-2021 01:52:19.0551 AM
[ReportManager] Successfully Opened Google Chrome. @13-11-2021 01:52:20.0276 AM
[ReportManager] Initial window size: (1920, 1080) @13-11-2021 01:52:20.0280 AM
[ReportManager] Window size after SWD Maximize: (1920, 1080) @13-11-2021 01:52:20.0441 AM
[ReportManager] Window size after Toolkit: (1920, 1080) @13-11-2021 01:52:20.0983 AM
[ReportManager] Browser Action [MaximizeWindow] successfully performed. With the following test data [New screen size is now: (1920, 1080)]. @13-11-2021 01:52:20.0987 AM
[ReportManager] Target URL: [https://yari-demos.prod.mdn.mozit.cloud/en-US/docs/Web/HTML/Element/select/_sample_.Advanced_select_with_multiple_features.html] @13-11-2021 01:52:20.0987 AM
[ReportManager] Initial URL: [data:,] @13-11-2021 01:52:21.0018 AM
[ReportManager] Browser Action [NavigateToURL] successfully performed. With the following test data [https://yari-demos.prod.mdn.mozit.cloud/en-US/docs/Web/HTML/Element/select/_sample_.Advanced_select_with_multiple_features.html]. @13-11-2021 01:52:21.0305 AM
[ReportManager] Element Action [Select] successfully performed. With the following test data [Dog]. @13-11-2021 01:52:21.0558 AM
[ReportManager] Element Action [Select] successfully performed. With the following test data [Cat]. @13-11-2021 01:52:21.0742 AM
[ReportManager] Element Action [GetSelectedText] successfully performed. With the following test data [DogCat]. @13-11-2021 01:52:21.0843 AM
[ReportManager] DogCat @13-11-2021 01:52:21.0843 AM
[ReportManager] Element Action [GetSelectedText] successfully performed. With the following test data [DogCat]. @13-11-2021 01:52:21.0934 AM
[ReportManager] Loaded Shared OpenCV @13-11-2021 01:52:22.0352 AM
[ReportManager] Assertion [ValidateElementAttribute] PASSED. Expected [Value Should be 'DogCat' for the 'selectedText' attribute, element locator 'By.tagName: select'] and Actual [DogCat]. Comparison Type [EQUALS]. Validation Type [POSITIVE]. @13-11-2021 01:52:22.0577 AM
[ReportManager] Successfully created attachment [Screenshot - 1636768342352_multipleSelect_ValidateElementAttribute_passed] @13-11-2021 01:52:22.0579 AM
[ReportManager] Browser Action [CloseCurrentWindow] successfully performed. @13-11-2021 01:52:22.0766 AM
[ReportManager] Successfully created attachment [Browser Action Test Data - CloseCurrentWindow - Actual Value] @13-11-2021 01:52:22.0767 A

################################################################################################################################################
Starting Execution:	[144 out of 146] test cases in the current suite
Test Method:		[testPackage01.Test_SelectedValue.simpleSelect]
################################################################################################################################################
[ReportManager] File Action [GetAbsolutePath] successfully performed. With the following test data [Relative Folder Path: "target/downloadedFiles/"]. @13-11-2021 01:52:22.0775 AM
[ReportManager] Attempting to run locally on: [Mac-64], [GoogleChrome], Headless Execution. @13-11-2021 01:52:22.0776 AM
[ReportManager] Identifying OS/Driver combination and selecting the correct driver version automatically. Please note that if a new driver executable will be downloaded it may take some time... @13-11-2021 01:52:22.0776 AM
[ReportManager] Successfully Opened Google Chrome. @13-11-2021 01:52:23.0301 AM
[ReportManager] Initial window size: (1920, 1080) @13-11-2021 01:52:23.0305 AM
[ReportManager] Window size after SWD Maximize: (1920, 1080) @13-11-2021 01:52:23.0447 AM
[ReportManager] Window size after Toolkit: (1920, 1080) @13-11-2021 01:52:23.0761 AM
[ReportManager] Browser Action [MaximizeWindow] successfully performed. With the following test data [New screen size is now: (1920, 1080)]. @13-11-2021 01:52:23.0764 AM
[ReportManager] Target URL: [https://yari-demos.prod.mdn.mozit.cloud/en-US/docs/Web/HTML/Element/select/_sample_.Basic_select.html] @13-11-2021 01:52:23.0765 AM
[ReportManager] Initial URL: [data:,] @13-11-2021 01:52:23.0795 AM
[ReportManager] Browser Action [NavigateToURL] successfully performed. With the following test data [https://yari-demos.prod.mdn.mozit.cloud/en-US/docs/Web/HTML/Element/select/_sample_.Basic_select.html]. @13-11-2021 01:52:24.0048 AM
[ReportManager] Element Action [Select] successfully performed. With the following test data [Third Value]. @13-11-2021 01:52:24.0320 AM
[ReportManager] Element Action [GetSelectedText] successfully performed. With the following test data [Third Value]. @13-11-2021 01:52:24.0390 AM
[ReportManager] Third Value @13-11-2021 01:52:24.0391 AM
[ReportManager] Element Action [GetSelectedText] successfully performed. With the following test data [Third Value]. @13-11-2021 01:52:24.0458 AM
[ReportManager] Loaded Shared OpenCV @13-11-2021 01:52:24.0831 AM
[ReportManager] Assertion [ValidateElementAttribute] PASSED. Expected [Value Should be 'Third Value' for the 'selectedText' attribute, element locator 'By.tagName: select'] and Actual [Third Value]. Comparison Type [EQUALS]. Validation Type [POSITIVE]. @13-11-2021 01:52:25.0040 AM
[ReportManager] Successfully created attachment [Screenshot - 1636768344831_simpleSelect_ValidateElementAttribute_passed] @13-11-2021 01:52:25.0041 AM
[ReportManager] Browser Action [CloseCurrentWindow] successfully performed. @13-11-2021 01:52:25.0318 AM
[ReportManager] Successfully created attachment [Browser Action Test Data - CloseCurrentWindow - Actual Value] @13-11-2021 01:52:25.0319 A
[ReportManager] File Action [GetAbsolutePath] successfully performed. With the following test data [Relative Folder Path: "target/downloadedFiles/"]. @13-11-2021 01:52:25.0322 AM
[ReportManager] Attempting to run locally on: [Mac-64], [Safari], Headless Execution. @13-11-2021 01:52:25.0322 AM
[ReportManager] Successfully Opened Safari. @13-11-2021 01:52:26.0439 AM
[ReportManager] Initial window size: (800, 600) @13-11-2021 01:52:26.0473 AM
[ReportManager] Window size after SWD Maximize: (1176, 811) @13-11-2021 01:52:26.0536 AM
[ReportManager] Browser Action [MaximizeWindow] successfully performed. With the following test data [New screen size is now: (1176, 811)]. @13-11-2021 01:52:26.0537 A

################################################################################################################################################
Starting Execution:	[145 out of 146] test cases in the current suite
Test Method:		[testPackage01.Test_dynamicLoading.dynamicLoading_elementIsHidden]
################################################################################################################################################
[ReportManager] Target URL: [https://the-internet.herokuapp.com/dynamic_loading/1] @13-11-2021 01:52:26.0541 AM
[ReportManager] Initial URL: [] @13-11-2021 01:52:26.0605 AM
[ReportManager] Browser Action [NavigateToURL] successfully performed. With the following test data [https://the-internet.herokuapp.com/dynamic_loading/1]. @13-11-2021 01:52:27.0418 AM
[ReportManager] Element Action [Click] successfully performed. With the following test data [Start]. @13-11-2021 01:52:28.0001 AM
[ReportManager] Element Action [GetText] successfully performed. With the following test data [
    Hello World!
  ]. @13-11-2021 01:52:28.0046 A
[ReportManager] Browser Action [CloseCurrentWindow] successfully performed. @13-11-2021 01:52:28.0542 AM
[ReportManager] Successfully created attachment [Browser Action Test Data - CloseCurrentWindow - Actual Value] @13-11-2021 01:52:28.0543 A
[ReportManager] File Action [GetAbsolutePath] successfully performed. With the following test data [Relative Folder Path: "target/downloadedFiles/"]. @13-11-2021 01:52:28.0545 AM
[ReportManager] Attempting to run locally on: [Mac-64], [Safari], Headless Execution. @13-11-2021 01:52:28.0545 AM
[ReportManager] Successfully Opened Safari. @13-11-2021 01:52:29.0479 AM
[ReportManager] Initial window size: (800, 600) @13-11-2021 01:52:29.0571 AM
[ReportManager] Window size after SWD Maximize: (1176, 811) @13-11-2021 01:52:29.0699 AM
[ReportManager] Browser Action [MaximizeWindow] successfully performed. With the following test data [New screen size is now: (1176, 811)]. @13-11-2021 01:52:29.0699 A

################################################################################################################################################
Starting Execution:	[146 out of 146] test cases in the current suite
Test Method:		[testPackage01.Test_dynamicLoading.dynamicLoading_elementIsRendered]
################################################################################################################################################
[ReportManager] Target URL: [https://the-internet.herokuapp.com/dynamic_loading/2] @13-11-2021 01:52:29.0703 AM
[ReportManager] Initial URL: [] @13-11-2021 01:52:29.0748 AM
[ReportManager] Browser Action [NavigateToURL] successfully performed. With the following test data [https://the-internet.herokuapp.com/dynamic_loading/2]. @13-11-2021 01:52:30.0506 AM
[ReportManager] Element Action [Click] successfully performed. With the following test data [Start]. @13-11-2021 01:52:30.0917 A
[ReportManager] Browser Action [CloseCurrentWindow] successfully performed. @13-11-2021 01:52:31.0277 AM
[ReportManager] Successfully created attachment [Browser Action Test Data - CloseCurrentWindow - Actual Value] @13-11-2021 01:52:31.0278 A
[ReportManager] Successfully created attachment [SHAFT Engine Logs - Execution log] @13-11-2021 01:52:31.0313 AM

################################################################################################################################################
This test run was powered by SHAFT Engine Version: [SHAFT Engine v5.4.20211104-BETA]
SHAFT Engine is licensed under the MIT License: [https://github.com/MohabMohie/SHAFT_ENGINE/blob/master/LICENSE].
################################################################################################################################################