################################################################################################################################################
Detected SHAFT Engine Version: [SHAFT Engine v5.4.20211202-BETA]
################################################################################################################################################
[ReportManager] File Action [GetAbsolutePath] successfully performed. With the following test data [Relative Folder Path: "target/downloadedFiles/"]. @14-12-2021 01:56:26.0484 AM
[ReportManager] Attempting to run locally on: [Mac-64], [Safari], Headless Execution. @14-12-2021 01:56:26.0503 AM
[ReportManager] Successfully Opened Safari. @14-12-2021 01:56:31.0955 AM
[ReportManager] Initial window size: (800, 600) @14-12-2021 01:56:31.0973 AM
[ReportManager] Window size after SWD Maximize: (1176, 802) @14-12-2021 01:56:32.0014 AM
[ReportManager] Browser Action [MaximizeWindow] successfully performed. With the following test data [New screen size is now: (1176, 802)]. @14-12-2021 01:56:32.0022 A

################################################################################################################################################
Starting Execution:	[1 out of 146] test cases in the current suite
Test Method:		[unitTests.tests_element_elementActions.waitForElementToBePresent_false_expectedToFail]
################################################################################################################################################
[ReportManager] Target URL: [https://www.google.com/ncr], and after redirection: [www.google.com] @14-12-2021 01:56:32.0227 AM
[ReportManager] Initial URL: [] @14-12-2021 01:56:32.0288 AM
[ReportManager] Browser Action [NavigateToURL] successfully performed. With the following test data [https://www.google.com/ncr]. @14-12-2021 01:56:36.0309 AM
[ReportManager] Waiting for element to be present; elementLocator [By.xpath: //*[@id='hplogo' or @alt='Google']], numberOfTries[1], stateOfPresence[false]... @14-12-2021 01:56:36.0320 AM
[ReportManager] Element Action [WaitForElementToBePresent] failed. With the following test data [waited for the element's state of presence to be (false). Element locator (By.xpath: //*[@id='hplogo' or @alt='Google'])]. @14-12-2021 01:56:38.0638 AM
[ReportManager] Successfully created attachment [Screenshot - 1639446996726_waitForElementToBePresent_false_expectedToFail_WaitForElementToBePresent_failed] @14-12-2021 01:56:38.0652 A
[ReportManager] Browser Action [CloseCurrentWindow] successfully performed. @14-12-2021 01:56:39.0233 AM
[ReportManager] Successfully created attachment [Browser Action Test Data - CloseCurrentWindow - Actual Value] @14-12-2021 01:56:39.0241 A
[ReportManager] File Action [GetAbsolutePath] successfully performed. With the following test data [Relative Folder Path: "target/downloadedFiles/"]. @14-12-2021 01:56:39.0265 AM
[ReportManager] Attempting to run locally on: [Mac-64], [Safari], Headless Execution. @14-12-2021 01:56:39.0266 AM
[ReportManager] Successfully Opened Safari. @14-12-2021 01:56:40.0148 AM
[ReportManager] Initial window size: (800, 600) @14-12-2021 01:56:40.0170 AM
[ReportManager] Window size after SWD Maximize: (1176, 803) @14-12-2021 01:56:40.0208 AM
[ReportManager] Browser Action [MaximizeWindow] successfully performed. With the following test data [New screen size is now: (1176, 803)]. @14-12-2021 01:56:40.0209 A

################################################################################################################################################
Starting Execution:	[2 out of 146] test cases in the current suite
Test Method:		[unitTests.tests_element_elementActions.waitForElementToBePresent_false_expectedToPass]
################################################################################################################################################
[ReportManager] Target URL: [https://www.google.com/ncr], and after redirection: [www.google.com] @14-12-2021 01:56:40.0214 AM
[ReportManager] Initial URL: [] @14-12-2021 01:56:40.0338 AM
[ReportManager] Browser Action [NavigateToURL] successfully performed. With the following test data [https://www.google.com/ncr]. @14-12-2021 01:56:42.0545 AM
[ReportManager] Waiting for element to be present; elementLocator [By.id: bla], numberOfTries[1], stateOfPresence[false]... @14-12-2021 01:56:42.0546 AM
[ReportManager] org.openqa.selenium.TimeoutException:
Expected condition failed: waiting for com.shaft.gui.element.ElementActionsHelper$$Lambda$625/0x000000080113ece8@2bf0bb93 (tried for 5 second(s) with 1000 milliseconds interval)
org.openqa.selenium.support.ui.FluentWait.timeoutException(FluentWait.java:263)
org.openqa.selenium.support.ui.FluentWait.until(FluentWait.java:231)
com.shaft.gui.element.ElementActionsHelper.waitForElementPresence(ElementActionsHelper.java:63)
com.shaft.gui.element.ElementActionsHelper.waitForElementPresence(ElementActionsHelper.java:37)
com.shaft.gui.element.WebDriverElementActions.getMatchingElementsCount(WebDriverElementActions.java:1468)
com.shaft.gui.element.WebDriverElementActions.waitForElementToBePresent(WebDriverElementActions.java:1293)
com.shaft.gui.element.ElementActions.waitForElementToBePresent(ElementActions.java:622)
unitTests.tests_element_elementActions.waitForElementToBePresent_false_expectedToPass(tests_element_elementActions.java:48)
java.base/jdk.internal.reflect.NativeMethodAccessorImpl.invoke0(Native Method)
java.base/jdk.internal.reflect.NativeMethodAccessorImpl.invoke(NativeMethodAccessorImpl.java:77)
java.base/jdk.internal.reflect.DelegatingMethodAccessorImpl.invoke(DelegatingMethodAccessorImpl.java:43)
java.base/java.lang.reflect.Method.invoke(Method.java:568)
org.testng.internal.MethodInvocationHelper.invokeMethod(MethodInvocationHelper.java:133)
org.testng.internal.TestInvoker.invokeMethod(TestInvoker.java:598)
org.testng.internal.TestInvoker.invokeTestMethod(TestInvoker.java:173)
org.testng.internal.MethodRunner.runInSequence(MethodRunner.java:46)
org.testng.internal.TestInvoker$MethodInvocationAgent.invoke(TestInvoker.java:824)
org.testng.internal.TestInvoker.invokeTestMethods(TestInvoker.java:146)
org.testng.internal.TestMethodWorker.invokeTestMethods(TestMethodWorker.java:146)
org.testng.internal.TestMethodWorker.run(TestMethodWorker.java:128)
java.base/java.util.ArrayList.forEach(ArrayList.java:1511)
org.testng.TestRunner.privateRun(TestRunner.java:794)
org.testng.TestRunner.run(TestRunner.java:596)
org.testng.SuiteRunner.runTest(SuiteRunner.java:377)
org.testng.SuiteRunner.runSequentially(SuiteRunner.java:371)
org.testng.SuiteRunner.privateRun(SuiteRunner.java:332)
org.testng.SuiteRunner.run(SuiteRunner.java:276)
org.testng.SuiteRunnerWorker.runSuite(SuiteRunnerWorker.java:53)
org.testng.SuiteRunnerWorker.run(SuiteRunnerWorker.java:96)
org.testng.TestNG.runSuitesSequentially(TestNG.java:1212)
org.testng.TestNG.runSuitesLocally(TestNG.java:1134)
org.testng.TestNG.runSuites(TestNG.java:1063)
org.testng.TestNG.run(TestNG.java:1031)
org.apache.maven.surefire.testng.TestNGExecutor.run(TestNGExecutor.java:136)
org.apache.maven.surefire.testng.TestNGDirectoryTestSuite.executeMulti(TestNGDirectoryTestSuite.java:193)
org.apache.maven.surefire.testng.TestNGDirectoryTestSuite.execute(TestNGDirectoryTestSuite.java:94)
org.apache.maven.surefire.testng.TestNGProvider.invoke(TestNGProvider.java:145)
org.apache.maven.surefire.booter.ForkedBooter.runSuitesInProcess(ForkedBooter.java:428)
org.apache.maven.surefire.booter.ForkedBooter.execute(ForkedBooter.java:162)
org.apache.maven.surefire.booter.ForkedBooter.run(ForkedBooter.java:562)
org.apache.maven.surefire.booter.ForkedBooter.main(ForkedBooter.java:548)

Caused by: org.openqa.selenium.NoSuchElementException:
For documentation on this error, please visit: https://selenium.dev/exceptions/#no_such_element
Build info: version: '4.1.0', revision: '87802e897b'
System info: host: 'Mac-1639446869065.local', ip: '10.212.6.119', os.name: 'Mac OS X', os.arch: 'x86_64', os.version: '11.5', java.version: '17.0.1'
Driver info: org.openqa.selenium.safari.SafariDriver
Command: [F842E21E-B421-4595-B83F-A356EBBAAFAC, findElement {using=id, value=bla}]
Capabilities {acceptInsecureCerts: false, browserName: Safari, browserVersion: 15.1, goog:loggingPrefs: {browser: ALL, client: ALL, driver: ALL, performance: ALL, profiler: ALL, server: ALL}, javascriptEnabled: true, pageLoadStrategy: normal, platform: MAC, platformName: MAC, safari:automaticInspection: false, safari:automaticProfiling: false, safari:diagnose: false, safari:platformBuildVersion: 20G224, safari:platformVersion: 11.6.1, safari:useSimulator: false, setWindowRect: true, strictFileInteractability: false, timeouts: {pageLoad: 30000, script: 30000}, webkit:WebRTC: {DisableICECandidateFiltering: false, DisableInsecureMediaCapture: false}}
Session ID: F842E21E-B421-4595-B83F-A356EBBAAFAC
java.base/jdk.internal.reflect.NativeConstructorAccessorImpl.newInstance0(Native Method)
java.base/jdk.internal.reflect.NativeConstructorAccessorImpl.newInstance(NativeConstructorAccessorImpl.java:77)
java.base/jdk.internal.reflect.DelegatingConstructorAccessorImpl.newInstance(DelegatingConstructorAccessorImpl.java:45)
java.base/java.lang.reflect.Constructor.newInstanceWithCaller(Constructor.java:499)
java.base/java.lang.reflect.Constructor.newInstance(Constructor.java:480)
org.openqa.selenium.remote.codec.w3c.W3CHttpResponseCodec.createException(W3CHttpResponseCodec.java:200)
org.openqa.selenium.remote.codec.w3c.W3CHttpResponseCodec.decode(W3CHttpResponseCodec.java:133)
org.openqa.selenium.remote.codec.w3c.W3CHttpResponseCodec.decode(W3CHttpResponseCodec.java:53)
org.openqa.selenium.remote.HttpCommandExecutor.execute(HttpCommandExecutor.java:184)
org.openqa.selenium.remote.service.DriverCommandExecutor.invokeExecute(DriverCommandExecutor.java:164)
org.openqa.selenium.remote.service.DriverCommandExecutor.execute(DriverCommandExecutor.java:139)
org.openqa.selenium.remote.RemoteWebDriver.execute(RemoteWebDriver.java:559)
org.openqa.selenium.remote.ElementLocation$ElementFinder$2.findElement(ElementLocation.java:162)
org.openqa.selenium.remote.ElementLocation.findElement(ElementLocation.java:60)
org.openqa.selenium.remote.RemoteWebDriver.findElement(RemoteWebDriver.java:383)
org.openqa.selenium.remote.RemoteWebDriver.findElement(RemoteWebDriver.java:375)
com.shaft.gui.element.ElementActionsHelper.lambda$waitForElementPresence$0(ElementActionsHelper.java:66)
org.openqa.selenium.support.ui.FluentWait.until(FluentWait.java:208)
com.shaft.gui.element.ElementActionsHelper.waitForElementPresence(ElementActionsHelper.java:63)
com.shaft.gui.element.ElementActionsHelper.waitForElementPresence(ElementActionsHelper.java:37)
com.shaft.gui.element.WebDriverElementActions.getMatchingElementsCount(WebDriverElementActions.java:1468)
com.shaft.gui.element.WebDriverElementActions.waitForElementToBePresent(WebDriverElementActions.java:1293)
com.shaft.gui.element.ElementActions.waitForElementToBePresent(ElementActions.java:622)
unitTests.tests_element_elementActions.waitForElementToBePresent_false_expectedToPass(tests_element_elementActions.java:48)
java.base/jdk.internal.reflect.NativeMethodAccessorImpl.invoke0(Native Method)
java.base/jdk.internal.reflect.NativeMethodAccessorImpl.invoke(NativeMethodAccessorImpl.java:77)
java.base/jdk.internal.reflect.DelegatingMethodAccessorImpl.invoke(DelegatingMethodAccessorImpl.java:43)
java.base/java.lang.reflect.Method.invoke(Method.java:568)
org.testng.internal.MethodInvocationHelper.invokeMethod(MethodInvocationHelper.java:133)
org.testng.internal.TestInvoker.invokeMethod(TestInvoker.java:598)
org.testng.internal.TestInvoker.invokeTestMethod(TestInvoker.java:173)
org.testng.internal.MethodRunner.runInSequence(MethodRunner.java:46)
org.testng.internal.TestInvoker$MethodInvocationAgent.invoke(TestInvoker.java:824)
org.testng.internal.TestInvoker.invokeTestMethods(TestInvoker.java:146)
org.testng.internal.TestMethodWorker.invokeTestMethods(TestMethodWorker.java:146)
org.testng.internal.TestMethodWorker.run(TestMethodWorker.java:128)
java.base/java.util.ArrayList.forEach(ArrayList.java:1511)
org.testng.TestRunner.privateRun(TestRunner.java:794)
org.testng.TestRunner.run(TestRunner.java:596)
org.testng.SuiteRunner.runTest(SuiteRunner.java:377)
org.testng.SuiteRunner.runSequentially(SuiteRunner.java:371)
org.testng.SuiteRunner.privateRun(SuiteRunner.java:332)
org.testng.SuiteRunner.run(SuiteRunner.java:276)
org.testng.SuiteRunnerWorker.runSuite(SuiteRunnerWorker.java:53)
org.testng.SuiteRunnerWorker.run(SuiteRunnerWorker.java:96)
org.testng.TestNG.runSuitesSequentially(TestNG.java:1212)
org.testng.TestNG.runSuitesLocally(TestNG.java:1134)
org.testng.TestNG.runSuites(TestNG.java:1063)
org.testng.TestNG.run(TestNG.java:1031)
org.apache.maven.surefire.testng.TestNGExecutor.run(TestNGExecutor.java:136)
org.apache.maven.surefire.testng.TestNGDirectoryTestSuite.executeMulti(TestNGDirectoryTestSuite.java:193)
org.apache.maven.surefire.testng.TestNGDirectoryTestSuite.execute(TestNGDirectoryTestSuite.java:94)
org.apache.maven.surefire.testng.TestNGProvider.invoke(TestNGProvider.java:145)
org.apache.maven.surefire.booter.ForkedBooter.runSuitesInProcess(ForkedBooter.java:428)
org.apache.maven.surefire.booter.ForkedBooter.execute(ForkedBooter.java:162)
org.apache.maven.surefire.booter.ForkedBooter.run(ForkedBooter.java:562)
org.apache.maven.surefire.booter.ForkedBooter.main(ForkedBooter.java:548) @14-12-2021 01:56:47.0901 AM
[ReportManager] Element Action [WaitForElementToBePresent] successfully performed. With the following test data [waited for the element's state of presence to be (false). Element locator (By.id: bla)]. @14-12-2021 01:56:47.0903 A
[ReportManager] Browser Action [CloseCurrentWindow] successfully performed. @14-12-2021 01:56:48.0321 AM
[ReportManager] Successfully created attachment [Browser Action Test Data - CloseCurrentWindow - Actual Value] @14-12-2021 01:56:48.0323 A
[ReportManager] File Action [GetAbsolutePath] successfully performed. With the following test data [Relative Folder Path: "target/downloadedFiles/"]. @14-12-2021 01:56:48.0338 AM
[ReportManager] Attempting to run locally on: [Mac-64], [Safari], Headless Execution. @14-12-2021 01:56:48.0338 AM
[ReportManager] Successfully Opened Safari. @14-12-2021 01:56:49.0265 AM
[ReportManager] Initial window size: (800, 600) @14-12-2021 01:56:49.0289 AM
[ReportManager] Window size after SWD Maximize: (1176, 803) @14-12-2021 01:56:49.0322 AM
[ReportManager] Browser Action [MaximizeWindow] successfully performed. With the following test data [New screen size is now: (1176, 803)]. @14-12-2021 01:56:49.0323 A

################################################################################################################################################
Starting Execution:	[3 out of 146] test cases in the current suite
Test Method:		[unitTests.tests_element_elementActions.waitForElementToBePresent_moreThanOneElement_expectedToFail]
################################################################################################################################################
[ReportManager] Target URL: [https://www.google.com/ncr], and after redirection: [www.google.com] @14-12-2021 01:56:49.0327 AM
[ReportManager] Initial URL: [] @14-12-2021 01:56:49.0381 AM
[ReportManager] Browser Action [NavigateToURL] successfully performed. With the following test data [https://www.google.com/ncr]. @14-12-2021 01:56:51.0473 AM
[ReportManager] Waiting for element to be present; elementLocator [By.xpath: //*], numberOfTries[1], stateOfPresence[false]... @14-12-2021 01:56:51.0473 AM
[ReportManager] Element Action [WaitForElementToBePresent] failed. With the following test data [waited for the element's state of presence to be (false). Element locator (By.xpath: //*)]. @14-12-2021 01:56:51.0647 AM
[ReportManager] Successfully created attachment [Screenshot - 1639447011549_waitForElementToBePresent_moreThanOneElement_expectedToFail_WaitForElementToBePresent_failed] @14-12-2021 01:56:51.0653 A
[ReportManager] Browser Action [CloseCurrentWindow] successfully performed. @14-12-2021 01:56:51.0901 AM
[ReportManager] Successfully created attachment [Browser Action Test Data - CloseCurrentWindow - Actual Value] @14-12-2021 01:56:51.0904 A
[ReportManager] File Action [GetAbsolutePath] successfully performed. With the following test data [Relative Folder Path: "target/downloadedFiles/"]. @14-12-2021 01:56:51.0912 AM
[ReportManager] Attempting to run locally on: [Mac-64], [Safari], Headless Execution. @14-12-2021 01:56:51.0913 AM
[ReportManager] Successfully Opened Safari. @14-12-2021 01:56:52.0766 AM
[ReportManager] Initial window size: (800, 600) @14-12-2021 01:56:52.0785 AM
[ReportManager] Window size after SWD Maximize: (1176, 803) @14-12-2021 01:56:52.0801 AM
[ReportManager] Browser Action [MaximizeWindow] successfully performed. With the following test data [New screen size is now: (1176, 803)]. @14-12-2021 01:56:52.0802 A

################################################################################################################################################
Starting Execution:	[4 out of 146] test cases in the current suite
Test Method:		[unitTests.tests_element_elementActions.waitForElementToBePresent_true_expectedToFail]
################################################################################################################################################
[ReportManager] Target URL: [https://www.google.com/ncr], and after redirection: [www.google.com] @14-12-2021 01:56:52.0805 AM
[ReportManager] Initial URL: [] @14-12-2021 01:56:52.0911 AM
[ReportManager] Browser Action [NavigateToURL] successfully performed. With the following test data [https://www.google.com/ncr]. @14-12-2021 01:56:55.0006 AM
[ReportManager] Waiting for element to be present; elementLocator [By.id: bla], numberOfTries[1], stateOfPresence[true]... @14-12-2021 01:56:55.0006 AM
[ReportManager] org.openqa.selenium.TimeoutException:
Expected condition failed: waiting for com.shaft.gui.element.ElementActionsHelper$$Lambda$625/0x000000080113ece8@cda988 (tried for 5 second(s) with 1000 milliseconds interval)
org.openqa.selenium.support.ui.FluentWait.timeoutException(FluentWait.java:263)
org.openqa.selenium.support.ui.FluentWait.until(FluentWait.java:231)
com.shaft.gui.element.ElementActionsHelper.waitForElementPresence(ElementActionsHelper.java:63)
com.shaft.gui.element.ElementActionsHelper.waitForElementPresence(ElementActionsHelper.java:37)
com.shaft.gui.element.WebDriverElementActions.getMatchingElementsCount(WebDriverElementActions.java:1468)
com.shaft.gui.element.WebDriverElementActions.waitForElementToBePresent(WebDriverElementActions.java:1293)
com.shaft.gui.element.ElementActions.waitForElementToBePresent(ElementActions.java:622)
unitTests.tests_element_elementActions.waitForElementToBePresent_true_expectedToFail(tests_element_elementActions.java:39)
java.base/jdk.internal.reflect.NativeMethodAccessorImpl.invoke0(Native Method)
java.base/jdk.internal.reflect.NativeMethodAccessorImpl.invoke(NativeMethodAccessorImpl.java:77)
java.base/jdk.internal.reflect.DelegatingMethodAccessorImpl.invoke(DelegatingMethodAccessorImpl.java:43)
java.base/java.lang.reflect.Method.invoke(Method.java:568)
org.testng.internal.MethodInvocationHelper.invokeMethod(MethodInvocationHelper.java:133)
org.testng.internal.TestInvoker.invokeMethod(TestInvoker.java:598)
org.testng.internal.TestInvoker.invokeTestMethod(TestInvoker.java:173)
org.testng.internal.MethodRunner.runInSequence(MethodRunner.java:46)
org.testng.internal.TestInvoker$MethodInvocationAgent.invoke(TestInvoker.java:824)
org.testng.internal.TestInvoker.invokeTestMethods(TestInvoker.java:146)
org.testng.internal.TestMethodWorker.invokeTestMethods(TestMethodWorker.java:146)
org.testng.internal.TestMethodWorker.run(TestMethodWorker.java:128)
java.base/java.util.ArrayList.forEach(ArrayList.java:1511)
org.testng.TestRunner.privateRun(TestRunner.java:794)
org.testng.TestRunner.run(TestRunner.java:596)
org.testng.SuiteRunner.runTest(SuiteRunner.java:377)
org.testng.SuiteRunner.runSequentially(SuiteRunner.java:371)
org.testng.SuiteRunner.privateRun(SuiteRunner.java:332)
org.testng.SuiteRunner.run(SuiteRunner.java:276)
org.testng.SuiteRunnerWorker.runSuite(SuiteRunnerWorker.java:53)
org.testng.SuiteRunnerWorker.run(SuiteRunnerWorker.java:96)
org.testng.TestNG.runSuitesSequentially(TestNG.java:1212)
org.testng.TestNG.runSuitesLocally(TestNG.java:1134)
org.testng.TestNG.runSuites(TestNG.java:1063)
org.testng.TestNG.run(TestNG.java:1031)
org.apache.maven.surefire.testng.TestNGExecutor.run(TestNGExecutor.java:136)
org.apache.maven.surefire.testng.TestNGDirectoryTestSuite.executeMulti(TestNGDirectoryTestSuite.java:193)
org.apache.maven.surefire.testng.TestNGDirectoryTestSuite.execute(TestNGDirectoryTestSuite.java:94)
org.apache.maven.surefire.testng.TestNGProvider.invoke(TestNGProvider.java:145)
org.apache.maven.surefire.booter.ForkedBooter.runSuitesInProcess(ForkedBooter.java:428)
org.apache.maven.surefire.booter.ForkedBooter.execute(ForkedBooter.java:162)
org.apache.maven.surefire.booter.ForkedBooter.run(ForkedBooter.java:562)
org.apache.maven.surefire.booter.ForkedBooter.main(ForkedBooter.java:548)

Caused by: org.openqa.selenium.NoSuchElementException:
For documentation on this error, please visit: https://selenium.dev/exceptions/#no_such_element
Build info: version: '4.1.0', revision: '87802e897b'
System info: host: 'Mac-1639446869065.local', ip: '10.212.6.119', os.name: 'Mac OS X', os.arch: 'x86_64', os.version: '11.5', java.version: '17.0.1'
Driver info: org.openqa.selenium.safari.SafariDriver
Command: [1623B284-4655-45A7-ADE9-2B5142DB773D, findElement {using=id, value=bla}]
Capabilities {acceptInsecureCerts: false, browserName: Safari, browserVersion: 15.1, goog:loggingPrefs: {browser: ALL, client: ALL, driver: ALL, performance: ALL, profiler: ALL, server: ALL}, javascriptEnabled: true, pageLoadStrategy: normal, platform: MAC, platformName: MAC, safari:automaticInspection: false, safari:automaticProfiling: false, safari:diagnose: false, safari:platformBuildVersion: 20G224, safari:platformVersion: 11.6.1, safari:useSimulator: false, setWindowRect: true, strictFileInteractability: false, timeouts: {pageLoad: 30000, script: 30000}, webkit:WebRTC: {DisableICECandidateFiltering: false, DisableInsecureMediaCapture: false}}
Session ID: 1623B284-4655-45A7-ADE9-2B5142DB773D
java.base/jdk.internal.reflect.NativeConstructorAccessorImpl.newInstance0(Native Method)
java.base/jdk.internal.reflect.NativeConstructorAccessorImpl.newInstance(NativeConstructorAccessorImpl.java:77)
java.base/jdk.internal.reflect.DelegatingConstructorAccessorImpl.newInstance(DelegatingConstructorAccessorImpl.java:45)
java.base/java.lang.reflect.Constructor.newInstanceWithCaller(Constructor.java:499)
java.base/java.lang.reflect.Constructor.newInstance(Constructor.java:480)
org.openqa.selenium.remote.codec.w3c.W3CHttpResponseCodec.createException(W3CHttpResponseCodec.java:200)
org.openqa.selenium.remote.codec.w3c.W3CHttpResponseCodec.decode(W3CHttpResponseCodec.java:133)
org.openqa.selenium.remote.codec.w3c.W3CHttpResponseCodec.decode(W3CHttpResponseCodec.java:53)
org.openqa.selenium.remote.HttpCommandExecutor.execute(HttpCommandExecutor.java:184)
org.openqa.selenium.remote.service.DriverCommandExecutor.invokeExecute(DriverCommandExecutor.java:164)
org.openqa.selenium.remote.service.DriverCommandExecutor.execute(DriverCommandExecutor.java:139)
org.openqa.selenium.remote.RemoteWebDriver.execute(RemoteWebDriver.java:559)
org.openqa.selenium.remote.ElementLocation$ElementFinder$2.findElement(ElementLocation.java:162)
org.openqa.selenium.remote.ElementLocation.findElement(ElementLocation.java:60)
org.openqa.selenium.remote.RemoteWebDriver.findElement(RemoteWebDriver.java:383)
org.openqa.selenium.remote.RemoteWebDriver.findElement(RemoteWebDriver.java:375)
com.shaft.gui.element.ElementActionsHelper.lambda$waitForElementPresence$0(ElementActionsHelper.java:66)
org.openqa.selenium.support.ui.FluentWait.until(FluentWait.java:208)
com.shaft.gui.element.ElementActionsHelper.waitForElementPresence(ElementActionsHelper.java:63)
com.shaft.gui.element.ElementActionsHelper.waitForElementPresence(ElementActionsHelper.java:37)
com.shaft.gui.element.WebDriverElementActions.getMatchingElementsCount(WebDriverElementActions.java:1468)
com.shaft.gui.element.WebDriverElementActions.waitForElementToBePresent(WebDriverElementActions.java:1293)
com.shaft.gui.element.ElementActions.waitForElementToBePresent(ElementActions.java:622)
unitTests.tests_element_elementActions.waitForElementToBePresent_true_expectedToFail(tests_element_elementActions.java:39)
java.base/jdk.internal.reflect.NativeMethodAccessorImpl.invoke0(Native Method)
java.base/jdk.internal.reflect.NativeMethodAccessorImpl.invoke(NativeMethodAccessorImpl.java:77)
java.base/jdk.internal.reflect.DelegatingMethodAccessorImpl.invoke(DelegatingMethodAccessorImpl.java:43)
java.base/java.lang.reflect.Method.invoke(Method.java:568)
org.testng.internal.MethodInvocationHelper.invokeMethod(MethodInvocationHelper.java:133)
org.testng.internal.TestInvoker.invokeMethod(TestInvoker.java:598)
org.testng.internal.TestInvoker.invokeTestMethod(TestInvoker.java:173)
org.testng.internal.MethodRunner.runInSequence(MethodRunner.java:46)
org.testng.internal.TestInvoker$MethodInvocationAgent.invoke(TestInvoker.java:824)
org.testng.internal.TestInvoker.invokeTestMethods(TestInvoker.java:146)
org.testng.internal.TestMethodWorker.invokeTestMethods(TestMethodWorker.java:146)
org.testng.internal.TestMethodWorker.run(TestMethodWorker.java:128)
java.base/java.util.ArrayList.forEach(ArrayList.java:1511)
org.testng.TestRunner.privateRun(TestRunner.java:794)
org.testng.TestRunner.run(TestRunner.java:596)
org.testng.SuiteRunner.runTest(SuiteRunner.java:377)
org.testng.SuiteRunner.runSequentially(SuiteRunner.java:371)
org.testng.SuiteRunner.privateRun(SuiteRunner.java:332)
org.testng.SuiteRunner.run(SuiteRunner.java:276)
org.testng.SuiteRunnerWorker.runSuite(SuiteRunnerWorker.java:53)
org.testng.SuiteRunnerWorker.run(SuiteRunnerWorker.java:96)
org.testng.TestNG.runSuitesSequentially(TestNG.java:1212)
org.testng.TestNG.runSuitesLocally(TestNG.java:1134)
org.testng.TestNG.runSuites(TestNG.java:1063)
org.testng.TestNG.run(TestNG.java:1031)
org.apache.maven.surefire.testng.TestNGExecutor.run(TestNGExecutor.java:136)
org.apache.maven.surefire.testng.TestNGDirectoryTestSuite.executeMulti(TestNGDirectoryTestSuite.java:193)
org.apache.maven.surefire.testng.TestNGDirectoryTestSuite.execute(TestNGDirectoryTestSuite.java:94)
org.apache.maven.surefire.testng.TestNGProvider.invoke(TestNGProvider.java:145)
org.apache.maven.surefire.booter.ForkedBooter.runSuitesInProcess(ForkedBooter.java:428)
org.apache.maven.surefire.booter.ForkedBooter.execute(ForkedBooter.java:162)
org.apache.maven.surefire.booter.ForkedBooter.run(ForkedBooter.java:562)
org.apache.maven.surefire.booter.ForkedBooter.main(ForkedBooter.java:548) @14-12-2021 01:57:00.0153 AM
[ReportManager] Element Action [WaitForElementToBePresent] failed. With the following test data [waited for the element's state of presence to be (true). Element locator (By.id: bla)]. @14-12-2021 01:57:00.0277 AM
[ReportManager] Successfully created attachment [Screenshot - 1639447020185_waitForElementToBePresent_true_expectedToFail_WaitForElementToBePresent_failed] @14-12-2021 01:57:00.0281 A
[ReportManager] Browser Action [CloseCurrentWindow] successfully performed. @14-12-2021 01:57:00.0707 AM
[ReportManager] Successfully created attachment [Browser Action Test Data - CloseCurrentWindow - Actual Value] @14-12-2021 01:57:00.0710 A
[ReportManager] File Action [GetAbsolutePath] successfully performed. With the following test data [Relative Folder Path: "target/downloadedFiles/"]. @14-12-2021 01:57:00.0718 AM
[ReportManager] Attempting to run locally on: [Mac-64], [Safari], Headless Execution. @14-12-2021 01:57:00.0719 AM
[ReportManager] Successfully Opened Safari. @14-12-2021 01:57:01.0598 AM
[ReportManager] Initial window size: (800, 600) @14-12-2021 01:57:01.0615 AM
[ReportManager] Window size after SWD Maximize: (1176, 803) @14-12-2021 01:57:01.0635 AM
[ReportManager] Browser Action [MaximizeWindow] successfully performed. With the following test data [New screen size is now: (1176, 803)]. @14-12-2021 01:57:01.0636 A

################################################################################################################################################
Starting Execution:	[5 out of 146] test cases in the current suite
Test Method:		[unitTests.tests_element_elementActions.waitForElementToBePresent_true_expectedToPass]
################################################################################################################################################
[ReportManager] Target URL: [https://www.google.com/ncr], and after redirection: [www.google.com] @14-12-2021 01:57:01.0651 AM
[ReportManager] Initial URL: [] @14-12-2021 01:57:01.0711 AM
[ReportManager] Browser Action [NavigateToURL] successfully performed. With the following test data [https://www.google.com/ncr]. @14-12-2021 01:57:03.0661 AM
[ReportManager] Waiting for element to be present; elementLocator [By.xpath: //*[@id='hplogo' or @alt='Google']], numberOfTries[1], stateOfPresence[true]... @14-12-2021 01:57:03.0661 AM
[ReportManager] Element Action [WaitForElementToBePresent] successfully performed. With the following test data [waited for the element's state of presence to be (true). Element locator (By.xpath: //*[@id='hplogo' or @alt='Google'])]. @14-12-2021 01:57:03.0698 AM
[ReportManager] File Action [DoesFileExist] successfully performed. With the following test data [File Path: "src/main/resources/dynamicObjectRepository/unitTests_tests_element_elementActions_waitForElementToBePresent_true_expectedToPass_By_xpath_id_hplogo_or_alt_Google.png"]. @14-12-2021 01:57:03.0718 AM
[ReportManager] File Action [DoesFileExist] successfully performed. With the following test data [File Path: "src/main/resources/dynamicObjectRepository/unitTests_tests_element_elementActions_waitForElementToBePresent_true_expectedToPass_By_xpath_id_hplogo_or_alt_Google.png"]. @14-12-2021 01:57:03.0804 AM
[ReportManager] Passing the test and saving a reference image @14-12-2021 01:57:03.0805 AM
[ReportManager] File Action [GetAbsolutePath] successfully performed. With the following test data [Relative File Path: "src/main/resources/dynamicObjectRepository/unitTests_tests_element_elementActions_waitForElementToBePresent_true_expectedToPass_By_xpath_id_hplogo_or_alt_Google.png"]. @14-12-2021 01:57:03.0805 AM
[ReportManager] File Action [WriteToFile] successfully performed. With the following test data [Target File Path: "/Users/runner/work/SHAFT_ENGINE/SHAFT_ENGINE/src/main/resources/dynamicObjectRepository/unitTests_tests_element_elementActions_waitForElementToBePresent_true_expectedToPass_By_xpath_id_hplogo_or_alt_Google.png"]. @14-12-2021 01:57:03.0808 AM
[ReportManager] Assertion Passed: Using Visual AI; OpenCV @14-12-2021 01:57:03.0810 AM
[ReportManager] Successfully created attachment [Validation Test Data - Actual Screenshot] @14-12-2021 01:57:03.0811 AM
[ReportManager] Assertion [ValidateElementMatches] PASSED. Expected [Element should match the reference screenshot] and Actual [TRUE]. Comparison Type [EXACT_OPENCV]. Validation Type [POSITIVE]. @14-12-2021 01:57:03.0811 A
[ReportManager] Browser Action [CloseCurrentWindow] successfully performed. @14-12-2021 01:57:04.0144 AM
[ReportManager] Successfully created attachment [Browser Action Test Data - CloseCurrentWindow - Actual Value] @14-12-2021 01:57:04.0188 A
[ReportManager] File Action [GetAbsolutePath] successfully performed. With the following test data [Relative Folder Path: "target/downloadedFiles/"]. @14-12-2021 01:57:04.0200 AM
[ReportManager] Attempting to run locally on: [Mac-64], [Safari], Headless Execution. @14-12-2021 01:57:04.0200 AM
[ReportManager] Successfully Opened Safari. @14-12-2021 01:57:05.0116 AM
[ReportManager] Initial window size: (800, 600) @14-12-2021 01:57:05.0138 AM
[ReportManager] Window size after SWD Maximize: (1176, 803) @14-12-2021 01:57:05.0168 AM
[ReportManager] Browser Action [MaximizeWindow] successfully performed. With the following test data [New screen size is now: (1176, 803)]. @14-12-2021 01:57:05.0168 AM
[ReportManager] Target URL: [https://duckduckgo.com] @14-12-2021 01:57:05.0169 AM
[ReportManager] Initial URL: [] @14-12-2021 01:57:05.0220 AM
[ReportManager] Browser Action [NavigateToURL] successfully performed. With the following test data [https://duckduckgo.com]. @14-12-2021 01:57:06.0028 A

################################################################################################################################################
Starting Execution:	[6 out of 146] test cases in the current suite
Test Method:		[unitTests.tests_browserActions.fullScreenWindow]
################################################################################################################################################
[ReportManager] Initial Windows Size: 1176x803 @14-12-2021 01:57:06.0042 AM
[ReportManager] Current Windows Size after fullScreen: 1176x885 @14-12-2021 01:57:06.0281 AM
[ReportManager] Browser Action [FullScreenWindow] successfully performed. @14-12-2021 01:57:06.0311 AM
[ReportManager] Successfully created attachment [Browser Action Test Data - FullScreenWindow - Actual Value] @14-12-2021 01:57:06.0313 A
[ReportManager] Target URL: [https://duckduckgo.com] @14-12-2021 01:57:06.0317 AM
[ReportManager] Initial URL: [https://duckduckgo.com] @14-12-2021 01:57:06.0407 AM
[ReportManager] Browser Action [NavigateToURL] successfully performed. With the following test data [https://duckduckgo.com]. @14-12-2021 01:57:07.0058 AM
[ReportManager] Browser Action [CloseCurrentWindow] successfully performed. @14-12-2021 01:57:07.0406 AM
[ReportManager] Successfully created attachment [Browser Action Test Data - CloseCurrentWindow - Actual Value] @14-12-2021 01:57:07.0407 A
[ReportManager] File Action [GetAbsolutePath] successfully performed. With the following test data [Relative Folder Path: "target/downloadedFiles/"]. @14-12-2021 01:57:07.0411 AM
[ReportManager] Attempting to run locally on: [Mac-64], [Safari], Headless Execution. @14-12-2021 01:57:07.0411 AM
[ReportManager] Successfully Opened Safari. @14-12-2021 01:57:08.0283 AM
[ReportManager] Initial window size: (800, 600) @14-12-2021 01:57:08.0296 AM
[ReportManager] Window size after SWD Maximize: (1176, 803) @14-12-2021 01:57:08.0327 AM
[ReportManager] Browser Action [MaximizeWindow] successfully performed. With the following test data [New screen size is now: (1176, 803)]. @14-12-2021 01:57:08.0327 AM
[ReportManager] Target URL: [https://duckduckgo.com] @14-12-2021 01:57:08.0327 AM
[ReportManager] Initial URL: [] @14-12-2021 01:57:08.0391 AM
[ReportManager] Browser Action [NavigateToURL] successfully performed. With the following test data [https://duckduckgo.com]. @14-12-2021 01:57:09.0309 A

################################################################################################################################################
Starting Execution:	[7 out of 146] test cases in the current suite
Test Method:		[unitTests.tests_browserActions.getCurrentURL]
################################################################################################################################################
[ReportManager] Browser Action [GetCurrentURL] successfully performed. With the following test data [https://duckduckgo.com/]. @14-12-2021 01:57:09.0342 A
[ReportManager] Target URL: [https://duckduckgo.com] @14-12-2021 01:57:09.0344 AM
[ReportManager] Initial URL: [https://duckduckgo.com] @14-12-2021 01:57:09.0396 AM
[ReportManager] Browser Action [NavigateToURL] successfully performed. With the following test data [https://duckduckgo.com]. @14-12-2021 01:57:09.0721 AM
[ReportManager] Browser Action [CloseCurrentWindow] successfully performed. @14-12-2021 01:57:09.0869 AM
[ReportManager] Successfully created attachment [Browser Action Test Data - CloseCurrentWindow - Actual Value] @14-12-2021 01:57:09.0870 A
[ReportManager] File Action [GetAbsolutePath] successfully performed. With the following test data [Relative Folder Path: "target/downloadedFiles/"]. @14-12-2021 01:57:09.0873 AM
[ReportManager] Attempting to run locally on: [Mac-64], [Safari], Headless Execution. @14-12-2021 01:57:09.0873 AM
[ReportManager] Successfully Opened Safari. @14-12-2021 01:57:10.0764 AM
[ReportManager] Initial window size: (800, 600) @14-12-2021 01:57:10.0807 AM
[ReportManager] Window size after SWD Maximize: (1176, 803) @14-12-2021 01:57:10.0830 AM
[ReportManager] Browser Action [MaximizeWindow] successfully performed. With the following test data [New screen size is now: (1176, 803)]. @14-12-2021 01:57:10.0831 AM
[ReportManager] Target URL: [https://duckduckgo.com] @14-12-2021 01:57:10.0831 AM
[ReportManager] Initial URL: [] @14-12-2021 01:57:10.0892 AM
[ReportManager] Browser Action [NavigateToURL] successfully performed. With the following test data [https://duckduckgo.com]. @14-12-2021 01:57:11.0648 A

################################################################################################################################################
Starting Execution:	[8 out of 146] test cases in the current suite
Test Method:		[unitTests.tests_browserActions.getCurrentWindowTitle]
################################################################################################################################################
[ReportManager] Browser Action [GetCurrentWindowTitle] successfully performed. With the following test data [DuckDuckGo â€” Privacy, simplified.]. @14-12-2021 01:57:11.0686 A
[ReportManager] Target URL: [https://duckduckgo.com] @14-12-2021 01:57:11.0692 AM
[ReportManager] Initial URL: [https://duckduckgo.com] @14-12-2021 01:57:11.0730 AM
[ReportManager] Browser Action [NavigateToURL] successfully performed. With the following test data [https://duckduckgo.com]. @14-12-2021 01:57:12.0050 AM
[ReportManager] Browser Action [CloseCurrentWindow] successfully performed. @14-12-2021 01:57:12.0363 AM
[ReportManager] Successfully created attachment [Browser Action Test Data - CloseCurrentWindow - Actual Value] @14-12-2021 01:57:12.0364 A
[ReportManager] File Action [GetAbsolutePath] successfully performed. With the following test data [Relative Folder Path: "target/downloadedFiles/"]. @14-12-2021 01:57:12.0371 AM
[ReportManager] Attempting to run locally on: [Mac-64], [Safari], Headless Execution. @14-12-2021 01:57:12.0371 AM
[ReportManager] Successfully Opened Safari. @14-12-2021 01:57:13.0206 AM
[ReportManager] Initial window size: (800, 600) @14-12-2021 01:57:13.0220 AM
[ReportManager] Window size after SWD Maximize: (1176, 803) @14-12-2021 01:57:13.0262 AM
[ReportManager] Browser Action [MaximizeWindow] successfully performed. With the following test data [New screen size is now: (1176, 803)]. @14-12-2021 01:57:13.0263 AM
[ReportManager] Target URL: [https://duckduckgo.com] @14-12-2021 01:57:13.0263 AM
[ReportManager] Initial URL: [] @14-12-2021 01:57:13.0319 AM
[ReportManager] Browser Action [NavigateToURL] successfully performed. With the following test data [https://duckduckgo.com]. @14-12-2021 01:57:14.0095 A

################################################################################################################################################
Starting Execution:	[9 out of 146] test cases in the current suite
Test Method:		[unitTests.tests_browserActions.getPageSource]
################################################################################################################################################
[ReportManager] Browser Action [GetPageSource] successfully performed. @14-12-2021 01:57:14.0141 AM
[ReportManager] Successfully created attachment [Browser Action Test Data - GetPageSource - Actual Value] @14-12-2021 01:57:14.0142 A
[ReportManager] Target URL: [https://duckduckgo.com] @14-12-2021 01:57:14.0145 AM
[ReportManager] Initial URL: [https://duckduckgo.com] @14-12-2021 01:57:14.0177 AM
[ReportManager] Browser Action [NavigateToURL] successfully performed. With the following test data [https://duckduckgo.com]. @14-12-2021 01:57:14.0460 AM
[ReportManager] Browser Action [CloseCurrentWindow] successfully performed. @14-12-2021 01:57:14.0824 AM
[ReportManager] Successfully created attachment [Browser Action Test Data - CloseCurrentWindow - Actual Value] @14-12-2021 01:57:14.0824 A
[ReportManager] File Action [GetAbsolutePath] successfully performed. With the following test data [Relative Folder Path: "target/downloadedFiles/"]. @14-12-2021 01:57:14.0827 AM
[ReportManager] Attempting to run locally on: [Mac-64], [Safari], Headless Execution. @14-12-2021 01:57:14.0828 AM
[ReportManager] Successfully Opened Safari. @14-12-2021 01:57:15.0728 AM
[ReportManager] Initial window size: (800, 600) @14-12-2021 01:57:15.0742 AM
[ReportManager] Window size after SWD Maximize: (1176, 803) @14-12-2021 01:57:15.0770 AM
[ReportManager] Browser Action [MaximizeWindow] successfully performed. With the following test data [New screen size is now: (1176, 803)]. @14-12-2021 01:57:15.0770 AM
[ReportManager] Target URL: [https://duckduckgo.com] @14-12-2021 01:57:15.0770 AM
[ReportManager] Initial URL: [] @14-12-2021 01:57:15.0835 AM
[ReportManager] Browser Action [NavigateToURL] successfully performed. With the following test data [https://duckduckgo.com]. @14-12-2021 01:57:16.0617 A

################################################################################################################################################
Starting Execution:	[10 out of 146] test cases in the current suite
Test Method:		[unitTests.tests_browserActions.getWindowHandle]
################################################################################################################################################
[ReportManager] Browser Action [GetWindowHandle] successfully performed. With the following test data [page-F233EA0B-82AD-47CE-A0CC-9C23D892DEDB]. @14-12-2021 01:57:16.0667 A
[ReportManager] Target URL: [https://duckduckgo.com] @14-12-2021 01:57:16.0669 AM
[ReportManager] Initial URL: [https://duckduckgo.com] @14-12-2021 01:57:16.0705 AM
[ReportManager] Browser Action [NavigateToURL] successfully performed. With the following test data [https://duckduckgo.com]. @14-12-2021 01:57:17.0032 AM
[ReportManager] Browser Action [CloseCurrentWindow] successfully performed. @14-12-2021 01:57:17.0217 AM
[ReportManager] Successfully created attachment [Browser Action Test Data - CloseCurrentWindow - Actual Value] @14-12-2021 01:57:17.0217 A
[ReportManager] File Action [GetAbsolutePath] successfully performed. With the following test data [Relative Folder Path: "target/downloadedFiles/"]. @14-12-2021 01:57:17.0220 AM
[ReportManager] Attempting to run locally on: [Mac-64], [Safari], Headless Execution. @14-12-2021 01:57:17.0221 AM
[ReportManager] An Exception Occured with this Message: Could not start a new session. Possible causes are invalid address of the remote server or browser start-up failure.. @14-12-2021 01:57:17.0400 AM
[ReportManager] Successfully created attachment [Exception Stack Trace - org.openqa.selenium.SessionNotCreatedException] @14-12-2021 01:57:17.0400 AM
[ReportManager] Driver Factory Action [createNewLocalDriverInstanceForSafari] failed. With the following test data [Failed to create a session on DESKTOP_SAFARI]. @14-12-2021 01:57:17.0401 A

################################################################################################################################################
Starting Execution:	[11 out of 146] test cases in the current suite
Test Method:		[unitTests.tests_browserActions.getWindowPosition]
###############################################################################################################################################



################################################################################################################################################
Starting Execution:	[12 out of 146] test cases in the current suite
Test Method:		[unitTests.tests_browserActions.getWindowSize]
###############################################################################################################################################



################################################################################################################################################
Starting Execution:	[13 out of 146] test cases in the current suite
Test Method:		[unitTests.tests_browserActions.maximizeWindow]
###############################################################################################################################################



################################################################################################################################################
Starting Execution:	[14 out of 146] test cases in the current suite
Test Method:		[unitTests.tests_browserActions.navigateBack]
###############################################################################################################################################



################################################################################################################################################
Starting Execution:	[15 out of 146] test cases in the current suite
Test Method:		[unitTests.tests_browserActions.navigateForward]
###############################################################################################################################################



################################################################################################################################################
Starting Execution:	[16 out of 146] test cases in the current suite
Test Method:		[unitTests.tests_browserActions.navigateToURL]
###############################################################################################################################################



################################################################################################################################################
Starting Execution:	[17 out of 146] test cases in the current suite
Test Method:		[unitTests.tests_browserActions.navigateToURLWithRedirection]
###############################################################################################################################################



################################################################################################################################################
Starting Execution:	[18 out of 146] test cases in the current suite
Test Method:		[unitTests.tests_browserActions.refreshCurrentPage]
###############################################################################################################################################



################################################################################################################################################
Starting Execution:	[19 out of 146] test cases in the current suite
Test Method:		[unitTests.tests_browserActions.setWindowSize]
###############################################################################################################################################

[ReportManager] Successfully loaded the following test data file [src/test/resources/testDataFiles/testSuite01/TestData.xlsx]. @14-12-2021 01:57:18.0988 AM
[ReportManager] Successfully created attachment [Test Data - Excel] @14-12-2021 01:57:18.0989 A

################################################################################################################################################
Starting Execution:	[20 out of 146] test cases in the current suite
Test Method:		[unitTests.tests_io_excelFileManager.getCellData_rowName_expectedToPass]
################################################################################################################################################
[ReportManager] testRowData. @14-12-2021 01:57:19.0005 A

################################################################################################################################################
Starting Execution:	[21 out of 146] test cases in the current suite
Test Method:		[unitTests.tests_validations_assertions.assertComparativeRelation_greaterThanOrEquals_false_equals_expectedToFail]
################################################################################################################################################
[ReportManager] Assertion [ValidateComparativeRelation] FAILED. Expected [1] and Actual [1]. Comparison Type [GREATER_THAN_OR_EQUALS]. Validation Type [NEGATIVE]. @14-12-2021 01:57:19.0014 A

################################################################################################################################################
Starting Execution:	[22 out of 146] test cases in the current suite
Test Method:		[unitTests.tests_validations_assertions.assertComparativeRelation_greaterThanOrEquals_false_equals_expectedToPass]
################################################################################################################################################
[ReportManager] Assertion [ValidateComparativeRelation] PASSED. Expected [2] and Actual [1]. Comparison Type [GREATER_THAN_OR_EQUALS]. Validation Type [NEGATIVE]. @14-12-2021 01:57:19.0019 A

################################################################################################################################################
Starting Execution:	[23 out of 146] test cases in the current suite
Test Method:		[unitTests.tests_validations_assertions.assertComparativeRelation_greaterThanOrEquals_false_greaterThan_expectedToFail]
################################################################################################################################################
[ReportManager] Assertion [ValidateComparativeRelation] FAILED. Expected [1] and Actual [2]. Comparison Type [GREATER_THAN_OR_EQUALS]. Validation Type [NEGATIVE]. @14-12-2021 01:57:19.0023 A

################################################################################################################################################
Starting Execution:	[24 out of 146] test cases in the current suite
Test Method:		[unitTests.tests_validations_assertions.assertComparativeRelation_greaterThanOrEquals_false_greaterThan_expectedToPass]
################################################################################################################################################
[ReportManager] Assertion [ValidateComparativeRelation] PASSED. Expected [2] and Actual [1]. Comparison Type [GREATER_THAN_OR_EQUALS]. Validation Type [NEGATIVE]. @14-12-2021 01:57:19.0028 A

################################################################################################################################################
Starting Execution:	[25 out of 146] test cases in the current suite
Test Method:		[unitTests.tests_validations_assertions.assertComparativeRelation_greaterThanOrEquals_true_equals_expectedToFail]
################################################################################################################################################
[ReportManager] Assertion [ValidateComparativeRelation] FAILED. Expected [1] and Actual [0]. Comparison Type [GREATER_THAN_OR_EQUALS]. Validation Type [POSITIVE]. @14-12-2021 01:57:19.0042 A

################################################################################################################################################
Starting Execution:	[26 out of 146] test cases in the current suite
Test Method:		[unitTests.tests_validations_assertions.assertComparativeRelation_greaterThanOrEquals_true_equals_expectedToPass]
################################################################################################################################################
[ReportManager] Assertion [ValidateComparativeRelation] PASSED. Expected [1] and Actual [1]. Comparison Type [GREATER_THAN_OR_EQUALS]. Validation Type [POSITIVE]. @14-12-2021 01:57:19.0047 A

################################################################################################################################################
Starting Execution:	[27 out of 146] test cases in the current suite
Test Method:		[unitTests.tests_validations_assertions.assertComparativeRelation_greaterThanOrEquals_true_greaterThan_expectedToFail]
################################################################################################################################################
[ReportManager] Assertion [ValidateComparativeRelation] FAILED. Expected [2] and Actual [1]. Comparison Type [GREATER_THAN_OR_EQUALS]. Validation Type [POSITIVE]. @14-12-2021 01:57:19.0053 A

################################################################################################################################################
Starting Execution:	[28 out of 146] test cases in the current suite
Test Method:		[unitTests.tests_validations_assertions.assertComparativeRelation_greaterThanOrEquals_true_greaterThan_expectedToPass]
################################################################################################################################################
[ReportManager] Assertion [ValidateComparativeRelation] PASSED. Expected [1] and Actual [2]. Comparison Type [GREATER_THAN_OR_EQUALS]. Validation Type [POSITIVE]. @14-12-2021 01:57:19.0060 A
[ReportManager] File Action [GetAbsolutePath] successfully performed. With the following test data [Relative Folder Path: "target/downloadedFiles/"]. @14-12-2021 01:57:19.0063 AM
[ReportManager] Attempting to run locally on: [Mac-64], [Safari], Headless Execution. @14-12-2021 01:57:19.0064 AM
[ReportManager] Successfully Opened Safari. @14-12-2021 01:57:20.0022 AM
[ReportManager] Initial window size: (800, 600) @14-12-2021 01:57:20.0110 AM
[ReportManager] Window size after SWD Maximize: (1176, 803) @14-12-2021 01:57:20.0182 AM
[ReportManager] Browser Action [MaximizeWindow] successfully performed. With the following test data [New screen size is now: (1176, 803)]. @14-12-2021 01:57:20.0183 AM
[ReportManager] Target URL: [https://www.google.com/ncr], and after redirection: [www.google.com] @14-12-2021 01:57:20.0183 AM
[ReportManager] Initial URL: [] @14-12-2021 01:57:20.0274 AM
[ReportManager] Browser Action [NavigateToURL] successfully performed. With the following test data [https://www.google.com/ncr]. @14-12-2021 01:57:22.0370 A

################################################################################################################################################
Starting Execution:	[29 out of 146] test cases in the current suite
Test Method:		[unitTests.tests_validations_assertions.assertElementAttribute_false_caseInsensitiveComparison_expectedToFail]
################################################################################################################################################
[ReportManager] Element Action [Type] successfully performed. With the following test data [AUTOMATION]. @14-12-2021 01:57:22.0621 AM
[ReportManager] Element Action [GetText] successfully performed. With the following test data [AUTOMATION]. @14-12-2021 01:57:22.0688 AM
[ReportManager] Loaded Shared OpenCV @14-12-2021 01:57:24.0001 AM
[ReportManager] Assertion [ValidateElementAttribute] FAILED. Expected [Value Should not be 'AutomaTion' for the 'text' attribute, element locator 'By.name: q'] and Actual [AUTOMATION]. Comparison Type [CASE_INSENSITIVE]. Validation Type [NEGATIVE]. @14-12-2021 01:57:24.0323 AM
[ReportManager] Successfully created attachment [Screenshot - 1639447042760_assertElementAttribute_false_caseInsensitiveComparison_expectedToFail_ValidateElementAttribute_failed] @14-12-2021 01:57:24.0325 A
[ReportManager] Browser Action [CloseCurrentWindow] successfully performed. @14-12-2021 01:57:24.0493 AM
[ReportManager] Successfully created attachment [Browser Action Test Data - CloseCurrentWindow - Actual Value] @14-12-2021 01:57:24.0495 A
[ReportManager] File Action [GetAbsolutePath] successfully performed. With the following test data [Relative Folder Path: "target/downloadedFiles/"]. @14-12-2021 01:57:24.0508 AM
[ReportManager] Attempting to run locally on: [Mac-64], [Safari], Headless Execution. @14-12-2021 01:57:24.0510 AM
[ReportManager] Successfully Opened Safari. @14-12-2021 01:57:25.0405 AM
[ReportManager] Initial window size: (800, 600) @14-12-2021 01:57:25.0429 AM
[ReportManager] Window size after SWD Maximize: (1176, 803) @14-12-2021 01:57:25.0460 AM
[ReportManager] Browser Action [MaximizeWindow] successfully performed. With the following test data [New screen size is now: (1176, 803)]. @14-12-2021 01:57:25.0460 AM
[ReportManager] Target URL: [https://www.google.com/ncr], and after redirection: [www.google.com] @14-12-2021 01:57:25.0460 AM
[ReportManager] Initial URL: [] @14-12-2021 01:57:25.0511 AM
[ReportManager] Browser Action [NavigateToURL] successfully performed. With the following test data [https://www.google.com/ncr]. @14-12-2021 01:57:27.0585 A

################################################################################################################################################
Starting Execution:	[30 out of 146] test cases in the current suite
Test Method:		[unitTests.tests_validations_assertions.assertElementAttribute_false_caseInsensitiveComparison_expectedToPass]
################################################################################################################################################
[ReportManager] Element Action [Type] successfully performed. With the following test data [AUTOMATION]. @14-12-2021 01:57:27.0876 AM
[ReportManager] Element Action [GetText] successfully performed. With the following test data [AUTOMATION]. @14-12-2021 01:57:27.0948 AM
[ReportManager] Loaded Shared OpenCV @14-12-2021 01:57:28.0104 AM
[ReportManager] Assertion [ValidateElementAttribute] PASSED. Expected [Value Should not be 'AutomaTion123' for the 'text' attribute, element locator 'By.name: q'] and Actual [AUTOMATION]. Comparison Type [CASE_INSENSITIVE]. Validation Type [NEGATIVE]. @14-12-2021 01:57:28.0246 AM
[ReportManager] Successfully created attachment [Screenshot - 1639447048103_assertElementAttribute_false_caseInsensitiveComparison_expectedToPass_ValidateElementAttribute_passed] @14-12-2021 01:57:28.0247 A
[ReportManager] Browser Action [CloseCurrentWindow] successfully performed. @14-12-2021 01:57:28.0614 AM
[ReportManager] Successfully created attachment [Browser Action Test Data - CloseCurrentWindow - Actual Value] @14-12-2021 01:57:28.0616 A
[ReportManager] File Action [GetAbsolutePath] successfully performed. With the following test data [Relative Folder Path: "target/downloadedFiles/"]. @14-12-2021 01:57:28.0624 AM
[ReportManager] Attempting to run locally on: [Mac-64], [Safari], Headless Execution. @14-12-2021 01:57:28.0624 AM
[ReportManager] Successfully Opened Safari. @14-12-2021 01:57:29.0464 AM
[ReportManager] Initial window size: (800, 600) @14-12-2021 01:57:29.0475 AM
[ReportManager] Window size after SWD Maximize: (1176, 803) @14-12-2021 01:57:29.0497 AM
[ReportManager] Browser Action [MaximizeWindow] successfully performed. With the following test data [New screen size is now: (1176, 803)]. @14-12-2021 01:57:29.0497 AM
[ReportManager] Target URL: [https://www.google.com/ncr], and after redirection: [www.google.com] @14-12-2021 01:57:29.0497 AM
[ReportManager] Initial URL: [] @14-12-2021 01:57:29.0567 AM
[ReportManager] Browser Action [NavigateToURL] successfully performed. With the following test data [https://www.google.com/ncr]. @14-12-2021 01:57:31.0576 A

################################################################################################################################################
Starting Execution:	[31 out of 146] test cases in the current suite
Test Method:		[unitTests.tests_validations_assertions.assertElementAttribute_false_containsComparison_expectedToFail]
################################################################################################################################################
[ReportManager] Element Action [Type] successfully performed. With the following test data [Automation123]. @14-12-2021 01:57:31.0876 AM
[ReportManager] Element Action [GetText] successfully performed. With the following test data [Automation123]. @14-12-2021 01:57:31.0948 AM
[ReportManager] Loaded Shared OpenCV @14-12-2021 01:57:32.0104 AM
[ReportManager] Assertion [ValidateElementAttribute] FAILED. Expected [Value Should not be 'Automation' for the 'text' attribute, element locator 'By.name: q'] and Actual [Automation123]. Comparison Type [CONTAINS]. Validation Type [NEGATIVE]. @14-12-2021 01:57:32.0213 AM
[ReportManager] Successfully created attachment [Screenshot - 1639447052104_assertElementAttribute_false_containsComparison_expectedToFail_ValidateElementAttribute_failed] @14-12-2021 01:57:32.0216 A
[ReportManager] Browser Action [CloseCurrentWindow] successfully performed. @14-12-2021 01:57:32.0322 AM
[ReportManager] Successfully created attachment [Browser Action Test Data - CloseCurrentWindow - Actual Value] @14-12-2021 01:57:32.0338 A
[ReportManager] File Action [GetAbsolutePath] successfully performed. With the following test data [Relative Folder Path: "target/downloadedFiles/"]. @14-12-2021 01:57:32.0360 AM
[ReportManager] Attempting to run locally on: [Mac-64], [Safari], Headless Execution. @14-12-2021 01:57:32.0360 AM
[ReportManager] Successfully Opened Safari. @14-12-2021 01:57:33.0207 AM
[ReportManager] Initial window size: (800, 600) @14-12-2021 01:57:33.0219 AM
[ReportManager] Window size after SWD Maximize: (1176, 803) @14-12-2021 01:57:33.0236 AM
[ReportManager] Browser Action [MaximizeWindow] successfully performed. With the following test data [New screen size is now: (1176, 803)]. @14-12-2021 01:57:33.0237 AM
[ReportManager] Target URL: [https://www.google.com/ncr], and after redirection: [www.google.com] @14-12-2021 01:57:33.0237 AM
[ReportManager] Initial URL: [] @14-12-2021 01:57:33.0297 AM
[ReportManager] Browser Action [NavigateToURL] successfully performed. With the following test data [https://www.google.com/ncr]. @14-12-2021 01:57:35.0518 A

################################################################################################################################################
Starting Execution:	[32 out of 146] test cases in the current suite
Test Method:		[unitTests.tests_validations_assertions.assertElementAttribute_false_containsComparison_expectedToPass]
################################################################################################################################################
[ReportManager] Element Action [Type] successfully performed. With the following test data [Automation123]. @14-12-2021 01:57:35.0820 AM
[ReportManager] Element Action [GetText] successfully performed. With the following test data [Automation123]. @14-12-2021 01:57:35.0913 AM
[ReportManager] Loaded Shared OpenCV @14-12-2021 01:57:36.0088 AM
[ReportManager] Assertion [ValidateElementAttribute] PASSED. Expected [Value Should not be 'Automation1234' for the 'text' attribute, element locator 'By.name: q'] and Actual [Automation123]. Comparison Type [CONTAINS]. Validation Type [NEGATIVE]. @14-12-2021 01:57:36.0215 AM
[ReportManager] Successfully created attachment [Screenshot - 1639447056088_assertElementAttribute_false_containsComparison_expectedToPass_ValidateElementAttribute_passed] @14-12-2021 01:57:36.0217 A
[ReportManager] Browser Action [CloseCurrentWindow] successfully performed. @14-12-2021 01:57:36.0570 AM
[ReportManager] Successfully created attachment [Browser Action Test Data - CloseCurrentWindow - Actual Value] @14-12-2021 01:57:36.0573 A
[ReportManager] File Action [GetAbsolutePath] successfully performed. With the following test data [Relative Folder Path: "target/downloadedFiles/"]. @14-12-2021 01:57:36.0581 AM
[ReportManager] Attempting to run locally on: [Mac-64], [Safari], Headless Execution. @14-12-2021 01:57:36.0581 AM
[ReportManager] Successfully Opened Safari. @14-12-2021 01:57:37.0455 AM
[ReportManager] Initial window size: (800, 600) @14-12-2021 01:57:37.0468 AM
[ReportManager] Window size after SWD Maximize: (1176, 803) @14-12-2021 01:57:37.0495 AM
[ReportManager] Browser Action [MaximizeWindow] successfully performed. With the following test data [New screen size is now: (1176, 803)]. @14-12-2021 01:57:37.0496 AM
[ReportManager] Target URL: [https://www.google.com/ncr], and after redirection: [www.google.com] @14-12-2021 01:57:37.0496 AM
[ReportManager] Initial URL: [] @14-12-2021 01:57:37.0556 AM
[ReportManager] Browser Action [NavigateToURL] successfully performed. With the following test data [https://www.google.com/ncr]. @14-12-2021 01:57:39.0566 A

################################################################################################################################################
Starting Execution:	[33 out of 146] test cases in the current suite
Test Method:		[unitTests.tests_validations_assertions.assertElementAttribute_false_literalComparison_expectedToFail]
################################################################################################################################################
[ReportManager] Element Action [Type] successfully performed. With the following test data [Automation!@#$%^&*()_+{}[]\';/.,]. @14-12-2021 01:57:39.0929 AM
[ReportManager] Element Action [GetText] successfully performed. With the following test data [Automation!@#$%^&*()_+{}[]\';/.,]. @14-12-2021 01:57:39.0989 AM
[ReportManager] Loaded Shared OpenCV @14-12-2021 01:57:40.0053 AM
[ReportManager] Assertion [ValidateElementAttribute] PASSED. Expected [Value Should not be 'Automation!@#$%^&*()_+{}[]\\';/.,' for the 'text' attribute, element locator 'By.name: q'] and Actual [Automation!@#$%^&*()_+{}[]\';/.,]. Comparison Type [EQUALS]. Validation Type [NEGATIVE]. @14-12-2021 01:57:40.0175 AM
[ReportManager] Successfully created attachment [Screenshot - 1639447060053_assertElementAttribute_false_literalComparison_expectedToFail_ValidateElementAttribute_passed] @14-12-2021 01:57:40.0177 A
[ReportManager] Browser Action [CloseCurrentWindow] successfully performed. @14-12-2021 01:57:40.0582 AM
[ReportManager] Successfully created attachment [Browser Action Test Data - CloseCurrentWindow - Actual Value] @14-12-2021 01:57:40.0585 A
[ReportManager] File Action [GetAbsolutePath] successfully performed. With the following test data [Relative Folder Path: "target/downloadedFiles/"]. @14-12-2021 01:57:40.0592 AM
[ReportManager] Attempting to run locally on: [Mac-64], [Safari], Headless Execution. @14-12-2021 01:57:40.0592 AM
[ReportManager] Successfully Opened Safari. @14-12-2021 01:57:41.0485 AM
[ReportManager] Initial window size: (800, 600) @14-12-2021 01:57:41.0507 AM
[ReportManager] Window size after SWD Maximize: (1176, 803) @14-12-2021 01:57:41.0561 AM
[ReportManager] Browser Action [MaximizeWindow] successfully performed. With the following test data [New screen size is now: (1176, 803)]. @14-12-2021 01:57:41.0562 AM
[ReportManager] Target URL: [https://www.google.com/ncr], and after redirection: [www.google.com] @14-12-2021 01:57:41.0562 AM
[ReportManager] Initial URL: [] @14-12-2021 01:57:41.0625 AM
[ReportManager] Browser Action [NavigateToURL] successfully performed. With the following test data [https://www.google.com/ncr]. @14-12-2021 01:57:43.0909 A

################################################################################################################################################
Starting Execution:	[34 out of 146] test cases in the current suite
Test Method:		[unitTests.tests_validations_assertions.assertElementAttribute_false_literalComparison_expectedToPass]
################################################################################################################################################
[ReportManager] Element Action [Type] successfully performed. With the following test data [Automation!@#$%^&*()_+{}[]\';/.,]. @14-12-2021 01:57:44.0299 AM
[ReportManager] Element Action [GetText] successfully performed. With the following test data [Automation!@#$%^&*()_+{}[]\';/.,]. @14-12-2021 01:57:44.0364 AM
[ReportManager] Loaded Shared OpenCV @14-12-2021 01:57:44.0425 AM
[ReportManager] Assertion [ValidateElementAttribute] PASSED. Expected [Value Should not be 'Automation' for the 'text' attribute, element locator 'By.name: q'] and Actual [Automation!@#$%^&*()_+{}[]\';/.,]. Comparison Type [EQUALS]. Validation Type [NEGATIVE]. @14-12-2021 01:57:44.0544 AM
[ReportManager] Successfully created attachment [Screenshot - 1639447064425_assertElementAttribute_false_literalComparison_expectedToPass_ValidateElementAttribute_passed] @14-12-2021 01:57:44.0546 A
[ReportManager] Browser Action [CloseCurrentWindow] successfully performed. @14-12-2021 01:57:44.0946 AM
[ReportManager] Successfully created attachment [Browser Action Test Data - CloseCurrentWindow - Actual Value] @14-12-2021 01:57:44.0948 A
[ReportManager] File Action [GetAbsolutePath] successfully performed. With the following test data [Relative Folder Path: "target/downloadedFiles/"]. @14-12-2021 01:57:44.0956 AM
[ReportManager] Attempting to run locally on: [Mac-64], [Safari], Headless Execution. @14-12-2021 01:57:44.0956 AM
[ReportManager] Successfully Opened Safari. @14-12-2021 01:57:45.0790 AM
[ReportManager] Initial window size: (800, 600) @14-12-2021 01:57:45.0808 AM
[ReportManager] Window size after SWD Maximize: (1176, 803) @14-12-2021 01:57:45.0839 AM
[ReportManager] Browser Action [MaximizeWindow] successfully performed. With the following test data [New screen size is now: (1176, 803)]. @14-12-2021 01:57:45.0840 AM
[ReportManager] Target URL: [https://www.google.com/ncr], and after redirection: [www.google.com] @14-12-2021 01:57:45.0840 AM
[ReportManager] Initial URL: [] @14-12-2021 01:57:45.0890 AM
[ReportManager] Browser Action [NavigateToURL] successfully performed. With the following test data [https://www.google.com/ncr]. @14-12-2021 01:57:47.0817 A

################################################################################################################################################
Starting Execution:	[35 out of 146] test cases in the current suite
Test Method:		[unitTests.tests_validations_assertions.assertElementAttribute_false_regexComparison_expectedToFail]
################################################################################################################################################
[ReportManager] Element Action [Type] successfully performed. With the following test data [Automation123]. @14-12-2021 01:57:48.0041 AM
[ReportManager] Element Action [GetText] successfully performed. With the following test data [Automation123]. @14-12-2021 01:57:48.0105 AM
[ReportManager] Loaded Shared OpenCV @14-12-2021 01:57:48.0169 AM
[ReportManager] Assertion [ValidateElementAttribute] FAILED. Expected [Value Should not be 'Automation.*' for the 'text' attribute, element locator 'By.name: q'] and Actual [Automation123]. Comparison Type [MATCHES]. Validation Type [NEGATIVE]. @14-12-2021 01:57:48.0286 AM
[ReportManager] Successfully created attachment [Screenshot - 1639447068169_assertElementAttribute_false_regexComparison_expectedToFail_ValidateElementAttribute_failed] @14-12-2021 01:57:48.0288 A
[ReportManager] Browser Action [CloseCurrentWindow] successfully performed. @14-12-2021 01:57:48.0474 AM
[ReportManager] Successfully created attachment [Browser Action Test Data - CloseCurrentWindow - Actual Value] @14-12-2021 01:57:48.0476 A
[ReportManager] File Action [GetAbsolutePath] successfully performed. With the following test data [Relative Folder Path: "target/downloadedFiles/"]. @14-12-2021 01:57:48.0482 AM
[ReportManager] Attempting to run locally on: [Mac-64], [Safari], Headless Execution. @14-12-2021 01:57:48.0482 AM
[ReportManager] Successfully Opened Safari. @14-12-2021 01:57:49.0304 AM
[ReportManager] Initial window size: (800, 600) @14-12-2021 01:57:49.0317 AM
[ReportManager] Window size after SWD Maximize: (1176, 803) @14-12-2021 01:57:49.0332 AM
[ReportManager] Browser Action [MaximizeWindow] successfully performed. With the following test data [New screen size is now: (1176, 803)]. @14-12-2021 01:57:49.0333 AM
[ReportManager] Target URL: [https://www.google.com/ncr], and after redirection: [www.google.com] @14-12-2021 01:57:49.0333 AM
[ReportManager] Initial URL: [] @14-12-2021 01:57:49.0385 AM
[ReportManager] Browser Action [NavigateToURL] successfully performed. With the following test data [https://www.google.com/ncr]. @14-12-2021 01:57:51.0321 A

################################################################################################################################################
Starting Execution:	[36 out of 146] test cases in the current suite
Test Method:		[unitTests.tests_validations_assertions.assertElementAttribute_false_regexComparison_expectedToPass]
################################################################################################################################################
[ReportManager] Element Action [Type] successfully performed. With the following test data [Automation123]. @14-12-2021 01:57:51.0538 AM
[ReportManager] Element Action [GetText] successfully performed. With the following test data [Automation123]. @14-12-2021 01:57:51.0611 AM
[ReportManager] Loaded Shared OpenCV @14-12-2021 01:57:51.0667 AM
[ReportManager] Assertion [ValidateElementAttribute] PASSED. Expected [Value Should not be 'Automation' for the 'text' attribute, element locator 'By.name: q'] and Actual [Automation123]. Comparison Type [MATCHES]. Validation Type [NEGATIVE]. @14-12-2021 01:57:51.0802 AM
[ReportManager] Successfully created attachment [Screenshot - 1639447071667_assertElementAttribute_false_regexComparison_expectedToPass_ValidateElementAttribute_passed] @14-12-2021 01:57:51.0803 A
[ReportManager] Browser Action [CloseCurrentWindow] successfully performed. @14-12-2021 01:57:52.0134 AM
[ReportManager] Successfully created attachment [Browser Action Test Data - CloseCurrentWindow - Actual Value] @14-12-2021 01:57:52.0136 A
[ReportManager] File Action [GetAbsolutePath] successfully performed. With the following test data [Relative Folder Path: "target/downloadedFiles/"]. @14-12-2021 01:57:52.0143 AM
[ReportManager] Attempting to run locally on: [Mac-64], [Safari], Headless Execution. @14-12-2021 01:57:52.0143 AM
[ReportManager] An Exception Occured with this Message: Could not start a new session. Possible causes are invalid address of the remote server or browser start-up failure.. @14-12-2021 01:57:52.0330 AM
[ReportManager] Successfully created attachment [Exception Stack Trace - org.openqa.selenium.SessionNotCreatedException] @14-12-2021 01:57:52.0331 AM
[ReportManager] Driver Factory Action [createNewLocalDriverInstanceForSafari] failed. With the following test data [Failed to create a session on DESKTOP_SAFARI]. @14-12-2021 01:57:52.0331 A

################################################################################################################################################
Starting Execution:	[37 out of 146] test cases in the current suite
Test Method:		[unitTests.tests_validations_assertions.assertElementAttribute_true_caseInsensitiveComparison_expectedToFail]
###############################################################################################################################################



################################################################################################################################################
Starting Execution:	[38 out of 146] test cases in the current suite
Test Method:		[unitTests.tests_validations_assertions.assertElementAttribute_true_caseInsensitiveComparison_expectedToPass]
###############################################################################################################################################



################################################################################################################################################
Starting Execution:	[39 out of 146] test cases in the current suite
Test Method:		[unitTests.tests_validations_assertions.assertElementAttribute_true_containsComparison_expectedToFail]
###############################################################################################################################################



################################################################################################################################################
Starting Execution:	[40 out of 146] test cases in the current suite
Test Method:		[unitTests.tests_validations_assertions.assertElementAttribute_true_containsComparison_expectedToPass]
###############################################################################################################################################



################################################################################################################################################
Starting Execution:	[41 out of 146] test cases in the current suite
Test Method:		[unitTests.tests_validations_assertions.assertElementAttribute_true_literalComparison_expectedToFail]
###############################################################################################################################################



################################################################################################################################################
Starting Execution:	[42 out of 146] test cases in the current suite
Test Method:		[unitTests.tests_validations_assertions.assertElementAttribute_true_literalComparison_expectedToPass]
###############################################################################################################################################



################################################################################################################################################
Starting Execution:	[43 out of 146] test cases in the current suite
Test Method:		[unitTests.tests_validations_assertions.assertElementAttribute_true_regexComparison_expectedToFail]
###############################################################################################################################################



################################################################################################################################################
Starting Execution:	[44 out of 146] test cases in the current suite
Test Method:		[unitTests.tests_validations_assertions.assertElementAttribute_true_regexComparison_expectedToPass]
###############################################################################################################################################



################################################################################################################################################
Starting Execution:	[45 out of 146] test cases in the current suite
Test Method:		[unitTests.tests_validations_assertions.assertElementAttribute_type_true_literalComparison_expectedToPass]
###############################################################################################################################################



################################################################################################################################################
Starting Execution:	[46 out of 146] test cases in the current suite
Test Method:		[unitTests.tests_validations_assertions.assertElementExists_false_expectedToFail]
###############################################################################################################################################



################################################################################################################################################
Starting Execution:	[47 out of 146] test cases in the current suite
Test Method:		[unitTests.tests_validations_assertions.assertElementExists_false_expectedToPass]
###############################################################################################################################################



################################################################################################################################################
Starting Execution:	[48 out of 146] test cases in the current suite
Test Method:		[unitTests.tests_validations_assertions.assertElementExists_false_multipleElementsFound_expectedToFail]
###############################################################################################################################################



################################################################################################################################################
Starting Execution:	[49 out of 146] test cases in the current suite
Test Method:		[unitTests.tests_validations_assertions.assertElementExists_true_expectedToFail]
###############################################################################################################################################



################################################################################################################################################
Starting Execution:	[50 out of 146] test cases in the current suite
Test Method:		[unitTests.tests_validations_assertions.assertElementExists_true_expectedToPass]
###############################################################################################################################################



################################################################################################################################################
Starting Execution:	[51 out of 146] test cases in the current suite
Test Method:		[unitTests.tests_validations_assertions.assertElementExists_true_multipleElementsFound_expectedToFail]
###############################################################################################################################################


################################################################################################################################################
Starting Execution:	[52 out of 146] test cases in the current suite
Test Method:		[unitTests.tests_validations_assertions.assertEquals_false_expectedToFail]
###############################################################################################################################################

################################################################################################################################################
Starting Execution:	[53 out of 146] test cases in the current suite
Test Method:		[unitTests.tests_validations_assertions.assertEquals_false_expectedToPass]
###############################################################################################################################################

################################################################################################################################################
Starting Execution:	[54 out of 146] test cases in the current suite
Test Method:		[unitTests.tests_validations_assertions.assertEquals_longCharacters]
###############################################################################################################################################

################################################################################################################################################
Starting Execution:	[55 out of 146] test cases in the current suite
Test Method:		[unitTests.tests_validations_assertions.assertEquals_longCharacters_Discreet]
###############################################################################################################################################

################################################################################################################################################
Starting Execution:	[56 out of 146] test cases in the current suite
Test Method:		[unitTests.tests_validations_assertions.assertEquals_true_expectedToFail]
###############################################################################################################################################

################################################################################################################################################
Starting Execution:	[57 out of 146] test cases in the current suite
Test Method:		[unitTests.tests_validations_assertions.assertEquals_true_expectedToPass]
Test Description:	[Assert that assertEquals works as expected when the two values are equal.]
###############################################################################################################################################

################################################################################################################################################
Starting Execution:	[58 out of 146] test cases in the current suite
Test Method:		[unitTests.tests_validations_assertions.assertEquals_true_expectedToPass__]
###############################################################################################################################################

################################################################################################################################################
Starting Execution:	[59 out of 146] test cases in the current suite
Test Method:		[unitTests.tests_validations_assertions.assertFileExists_false_expectedToFail]
###############################################################################################################################################

################################################################################################################################################
Starting Execution:	[60 out of 146] test cases in the current suite
Test Method:		[unitTests.tests_validations_assertions.assertFileExists_false_expectedToPass]
###############################################################################################################################################

################################################################################################################################################
Starting Execution:	[61 out of 146] test cases in the current suite
Test Method:		[unitTests.tests_validations_assertions.assertFileExists_true_expectedToFail]
###############################################################################################################################################

################################################################################################################################################
Starting Execution:	[62 out of 146] test cases in the current suite
Test Method:		[unitTests.tests_validations_assertions.assertFileExists_true_expectedToPass]
###############################################################################################################################################

################################################################################################################################################
Starting Execution:	[63 out of 146] test cases in the current suite
Test Method:		[unitTests.tests_validations_assertions.assertNull_false_expectedToFail]
###############################################################################################################################################

################################################################################################################################################
Starting Execution:	[64 out of 146] test cases in the current suite
Test Method:		[unitTests.tests_validations_assertions.assertNull_false_expectedToPass]
###############################################################################################################################################

################################################################################################################################################
Starting Execution:	[65 out of 146] test cases in the current suite
Test Method:		[unitTests.tests_validations_assertions.assertNull_true_expectedToFail]
###############################################################################################################################################

################################################################################################################################################
Starting Execution:	[66 out of 146] test cases in the current suite
Test Method:		[unitTests.tests_validations_assertions.assertNull_true_expectedToPass]
###############################################################################################################################################

################################################################################################################################################
Starting Execution:	[67 out of 146] test cases in the current suite
Test Method:		[unitTests.tests_restActions.getPostsAndAssertBodyForSpecificTitle]
################################################################################################################################################
[ReportManager] Response status code: [200], status line: [HTTP/1.1 200 OK] @14-12-2021 01:57:54.0893 AM
[ReportManager] Assertion Passed: Evaluating the actual response status code against the expected one... @14-12-2021 01:57:54.0901 AM
[ReportManager] Assertion [ValidateComparativeRelation] PASSED. Expected [200] and Actual [200]. Comparison Type [EQUALS]. Validation Type [POSITIVE]. @14-12-2021 01:57:54.0901 AM
[ReportManager] API Action [PerformRequest] successfully performed. With the following test data [Request Type: "GET" | Target Status Code: "200" | Service URL: "https://jsonplaceholder.typicode.com/posts" | Content Type: "*/*" | Response Time: "868ms"]. @14-12-2021 01:57:56.0012 AM
[ReportManager] Successfully created attachment [API Request - Specifications] @14-12-2021 01:57:56.0013 AM
[ReportManager] Successfully created attachment [API Response - JSON Body] @14-12-2021 01:57:56.0286 AM
[ReportManager] API Action [GetResponseJSONValueAsList] successfully performed. @14-12-2021 01:57:56.0312 AM
[ReportManager] API Action [GetResponseJSONValue] successfully performed. With the following test data [title]. @14-12-2021 01:57:56.0336 AM
[ReportManager] API Action [GetResponseJSONValue] successfully performed. With the following test data [title]. @14-12-2021 01:57:56.0351 AM
[ReportManager] API Action [GetResponseJSONValue] successfully performed. With the following test data [body]. @14-12-2021 01:57:56.0365 AM
[ReportManager] Assertion [ValidateEquals] PASSED. Expected [qui neque nisi nulla] and Actual [est rerum tempore vitae
sequi sint nihil reprehenderit dolor beatae ea dolores neque
fugiat blanditiis voluptate porro vel nihil molestiae ut reiciendis
qui aperiam non debitis possimus qui neque nisi nulla]. Comparison Type [CONTAINS]. Validation Type [POSITIVE]. @14-12-2021 01:57:56.0365 AM
[ReportManager] API Action [GetResponseJSONValue] successfully performed. With the following test data [title]. @14-12-2021 01:57:56.0378 AM
[ReportManager] API Action [GetResponseJSONValue] successfully performed. With the following test data [title]. @14-12-2021 01:57:56.0392 AM
[ReportManager] API Action [GetResponseJSONValue] successfully performed. With the following test data [title]. @14-12-2021 01:57:56.0407 AM
[ReportManager] API Action [GetResponseJSONValue] successfully performed. With the following test data [title]. @14-12-2021 01:57:56.0421 AM
[ReportManager] API Action [GetResponseJSONValue] successfully performed. With the following test data [title]. @14-12-2021 01:57:56.0437 AM
[ReportManager] API Action [GetResponseJSONValue] successfully performed. With the following test data [title]. @14-12-2021 01:57:56.0452 AM
[ReportManager] API Action [GetResponseJSONValue] successfully performed. With the following test data [title]. @14-12-2021 01:57:56.0466 AM
[ReportManager] API Action [GetResponseJSONValue] successfully performed. With the following test data [title]. @14-12-2021 01:57:56.0480 AM
[ReportManager] API Action [GetResponseJSONValue] successfully performed. With the following test data [title]. @14-12-2021 01:57:56.0494 AM
[ReportManager] API Action [GetResponseJSONValue] successfully performed. With the following test data [title]. @14-12-2021 01:57:56.0508 AM
[ReportManager] API Action [GetResponseJSONValue] successfully performed. With the following test data [title]. @14-12-2021 01:57:56.0522 AM
[ReportManager] API Action [GetResponseJSONValue] successfully performed. With the following test data [title]. @14-12-2021 01:57:56.0539 AM
[ReportManager] API Action [GetResponseJSONValue] successfully performed. With the following test data [title]. @14-12-2021 01:57:56.0552 AM
[ReportManager] API Action [GetResponseJSONValue] successfully performed. With the following test data [title]. @14-12-2021 01:57:56.0564 AM
[ReportManager] API Action [GetResponseJSONValue] successfully performed. With the following test data [title]. @14-12-2021 01:57:56.0577 AM
[ReportManager] API Action [GetResponseJSONValue] successfully performed. With the following test data [title]. @14-12-2021 01:57:56.0590 AM
[ReportManager] API Action [GetResponseJSONValue] successfully performed. With the following test data [title]. @14-12-2021 01:57:56.0602 AM
[ReportManager] API Action [GetResponseJSONValue] successfully performed. With the following test data [title]. @14-12-2021 01:57:56.0615 AM
[ReportManager] API Action [GetResponseJSONValue] successfully performed. With the following test data [title]. @14-12-2021 01:57:56.0628 AM
[ReportManager] API Action [GetResponseJSONValue] successfully performed. With the following test data [title]. @14-12-2021 01:57:56.0641 AM
[ReportManager] API Action [GetResponseJSONValue] successfully performed. With the following test data [title]. @14-12-2021 01:57:56.0655 AM
[ReportManager] API Action [GetResponseJSONValue] successfully performed. With the following test data [title]. @14-12-2021 01:57:56.0670 AM
[ReportManager] API Action [GetResponseJSONValue] successfully performed. With the following test data [title]. @14-12-2021 01:57:56.0684 AM
[ReportManager] API Action [GetResponseJSONValue] successfully performed. With the following test data [title]. @14-12-2021 01:57:56.0699 AM
[ReportManager] API Action [GetResponseJSONValue] successfully performed. With the following test data [title]. @14-12-2021 01:57:56.0712 AM
[ReportManager] API Action [GetResponseJSONValue] successfully performed. With the following test data [title]. @14-12-2021 01:57:56.0726 AM
[ReportManager] API Action [GetResponseJSONValue] successfully performed. With the following test data [title]. @14-12-2021 01:57:56.0739 AM
[ReportManager] API Action [GetResponseJSONValue] successfully performed. With the following test data [title]. @14-12-2021 01:57:56.0753 AM
[ReportManager] API Action [GetResponseJSONValue] successfully performed. With the following test data [title]. @14-12-2021 01:57:56.0766 AM
[ReportManager] API Action [GetResponseJSONValue] successfully performed. With the following test data [title]. @14-12-2021 01:57:56.0778 AM
[ReportManager] API Action [GetResponseJSONValue] successfully performed. With the following test data [title]. @14-12-2021 01:57:56.0792 AM
[ReportManager] API Action [GetResponseJSONValue] successfully performed. With the following test data [title]. @14-12-2021 01:57:56.0805 AM
[ReportManager] API Action [GetResponseJSONValue] successfully performed. With the following test data [title]. @14-12-2021 01:57:56.0818 AM
[ReportManager] API Action [GetResponseJSONValue] successfully performed. With the following test data [title]. @14-12-2021 01:57:56.0832 AM
[ReportManager] API Action [GetResponseJSONValue] successfully performed. With the following test data [title]. @14-12-2021 01:57:56.0846 AM
[ReportManager] API Action [GetResponseJSONValue] successfully performed. With the following test data [title]. @14-12-2021 01:57:56.0858 AM
[ReportManager] API Action [GetResponseJSONValue] successfully performed. With the following test data [title]. @14-12-2021 01:57:56.0870 AM
[ReportManager] API Action [GetResponseJSONValue] successfully performed. With the following test data [title]. @14-12-2021 01:57:56.0881 AM
[ReportManager] API Action [GetResponseJSONValue] successfully performed. With the following test data [title]. @14-12-2021 01:57:56.0893 AM
[ReportManager] API Action [GetResponseJSONValue] successfully performed. With the following test data [title]. @14-12-2021 01:57:56.0904 AM
[ReportManager] API Action [GetResponseJSONValue] successfully performed. With the following test data [title]. @14-12-2021 01:57:56.0915 AM
[ReportManager] API Action [GetResponseJSONValue] successfully performed. With the following test data [title]. @14-12-2021 01:57:56.0926 AM
[ReportManager] API Action [GetResponseJSONValue] successfully performed. With the following test data [title]. @14-12-2021 01:57:56.0938 AM
[ReportManager] API Action [GetResponseJSONValue] successfully performed. With the following test data [title]. @14-12-2021 01:57:56.0950 AM
[ReportManager] API Action [GetResponseJSONValue] successfully performed. With the following test data [title]. @14-12-2021 01:57:56.0962 AM
[ReportManager] API Action [GetResponseJSONValue] successfully performed. With the following test data [title]. @14-12-2021 01:57:56.0974 AM
[ReportManager] API Action [GetResponseJSONValue] successfully performed. With the following test data [title]. @14-12-2021 01:57:56.0986 AM
[ReportManager] API Action [GetResponseJSONValue] successfully performed. With the following test data [title]. @14-12-2021 01:57:56.0997 AM
[ReportManager] API Action [GetResponseJSONValue] successfully performed. With the following test data [title]. @14-12-2021 01:57:57.0009 AM
[ReportManager] API Action [GetResponseJSONValue] successfully performed. With the following test data [title]. @14-12-2021 01:57:57.0021 AM
[ReportManager] API Action [GetResponseJSONValue] successfully performed. With the following test data [title]. @14-12-2021 01:57:57.0033 AM
[ReportManager] API Action [GetResponseJSONValue] successfully performed. With the following test data [title]. @14-12-2021 01:57:57.0045 AM
[ReportManager] API Action [GetResponseJSONValue] successfully performed. With the following test data [title]. @14-12-2021 01:57:57.0058 AM
[ReportManager] API Action [GetResponseJSONValue] successfully performed. With the following test data [title]. @14-12-2021 01:57:57.0069 AM
[ReportManager] API Action [GetResponseJSONValue] successfully performed. With the following test data [title]. @14-12-2021 01:57:57.0081 AM
[ReportManager] API Action [GetResponseJSONValue] successfully performed. With the following test data [title]. @14-12-2021 01:57:57.0093 AM
[ReportManager] API Action [GetResponseJSONValue] successfully performed. With the following test data [title]. @14-12-2021 01:57:57.0104 AM
[ReportManager] API Action [GetResponseJSONValue] successfully performed. With the following test data [title]. @14-12-2021 01:57:57.0116 AM
[ReportManager] API Action [GetResponseJSONValue] successfully performed. With the following test data [title]. @14-12-2021 01:57:57.0128 AM
[ReportManager] API Action [GetResponseJSONValue] successfully performed. With the following test data [title]. @14-12-2021 01:57:57.0156 AM
[ReportManager] API Action [GetResponseJSONValue] successfully performed. With the following test data [title]. @14-12-2021 01:57:57.0167 AM
[ReportManager] API Action [GetResponseJSONValue] successfully performed. With the following test data [title]. @14-12-2021 01:57:57.0178 AM
[ReportManager] API Action [GetResponseJSONValue] successfully performed. With the following test data [title]. @14-12-2021 01:57:57.0189 AM
[ReportManager] API Action [GetResponseJSONValue] successfully performed. With the following test data [title]. @14-12-2021 01:57:57.0201 AM
[ReportManager] API Action [GetResponseJSONValue] successfully performed. With the following test data [title]. @14-12-2021 01:57:57.0211 AM
[ReportManager] API Action [GetResponseJSONValue] successfully performed. With the following test data [title]. @14-12-2021 01:57:57.0222 AM
[ReportManager] API Action [GetResponseJSONValue] successfully performed. With the following test data [title]. @14-12-2021 01:57:57.0233 AM
[ReportManager] API Action [GetResponseJSONValue] successfully performed. With the following test data [title]. @14-12-2021 01:57:57.0244 AM
[ReportManager] API Action [GetResponseJSONValue] successfully performed. With the following test data [title]. @14-12-2021 01:57:57.0256 AM
[ReportManager] API Action [GetResponseJSONValue] successfully performed. With the following test data [title]. @14-12-2021 01:57:57.0269 AM
[ReportManager] API Action [GetResponseJSONValue] successfully performed. With the following test data [title]. @14-12-2021 01:57:57.0279 AM
[ReportManager] API Action [GetResponseJSONValue] successfully performed. With the following test data [title]. @14-12-2021 01:57:57.0290 AM
[ReportManager] API Action [GetResponseJSONValue] successfully performed. With the following test data [title]. @14-12-2021 01:57:57.0301 AM
[ReportManager] API Action [GetResponseJSONValue] successfully performed. With the following test data [title]. @14-12-2021 01:57:57.0312 AM
[ReportManager] API Action [GetResponseJSONValue] successfully performed. With the following test data [title]. @14-12-2021 01:57:57.0322 AM
[ReportManager] API Action [GetResponseJSONValue] successfully performed. With the following test data [title]. @14-12-2021 01:57:57.0334 AM
[ReportManager] API Action [GetResponseJSONValue] successfully performed. With the following test data [title]. @14-12-2021 01:57:57.0345 AM
[ReportManager] API Action [GetResponseJSONValue] successfully performed. With the following test data [title]. @14-12-2021 01:57:57.0356 AM
[ReportManager] API Action [GetResponseJSONValue] successfully performed. With the following test data [title]. @14-12-2021 01:57:57.0367 AM
[ReportManager] API Action [GetResponseJSONValue] successfully performed. With the following test data [title]. @14-12-2021 01:57:57.0379 AM
[ReportManager] API Action [GetResponseJSONValue] successfully performed. With the following test data [title]. @14-12-2021 01:57:57.0390 AM
[ReportManager] API Action [GetResponseJSONValue] successfully performed. With the following test data [title]. @14-12-2021 01:57:57.0402 AM
[ReportManager] API Action [GetResponseJSONValue] successfully performed. With the following test data [title]. @14-12-2021 01:57:57.0412 AM
[ReportManager] API Action [GetResponseJSONValue] successfully performed. With the following test data [title]. @14-12-2021 01:57:57.0423 AM
[ReportManager] API Action [GetResponseJSONValue] successfully performed. With the following test data [title]. @14-12-2021 01:57:57.0435 AM
[ReportManager] API Action [GetResponseJSONValue] successfully performed. With the following test data [title]. @14-12-2021 01:57:57.0445 AM
[ReportManager] API Action [GetResponseJSONValue] successfully performed. With the following test data [title]. @14-12-2021 01:57:57.0457 AM
[ReportManager] API Action [GetResponseJSONValue] successfully performed. With the following test data [title]. @14-12-2021 01:57:57.0467 AM
[ReportManager] API Action [GetResponseJSONValue] successfully performed. With the following test data [title]. @14-12-2021 01:57:57.0479 AM
[ReportManager] API Action [GetResponseJSONValue] successfully performed. With the following test data [title]. @14-12-2021 01:57:57.0489 AM
[ReportManager] API Action [GetResponseJSONValue] successfully performed. With the following test data [title]. @14-12-2021 01:57:57.0500 AM
[ReportManager] API Action [GetResponseJSONValue] successfully performed. With the following test data [title]. @14-12-2021 01:57:57.0510 AM
[ReportManager] API Action [GetResponseJSONValue] successfully performed. With the following test data [title]. @14-12-2021 01:57:57.0521 AM
[ReportManager] API Action [GetResponseJSONValue] successfully performed. With the following test data [title]. @14-12-2021 01:57:57.0533 AM
[ReportManager] API Action [GetResponseJSONValue] successfully performed. With the following test data [title]. @14-12-2021 01:57:57.0543 AM
[ReportManager] API Action [GetResponseJSONValue] successfully performed. With the following test data [title]. @14-12-2021 01:57:57.0554 AM
[ReportManager] API Action [GetResponseJSONValue] successfully performed. With the following test data [title]. @14-12-2021 01:57:57.0565 AM
[ReportManager] API Action [GetResponseJSONValue] successfully performed. With the following test data [title]. @14-12-2021 01:57:57.0576 A

################################################################################################################################################
Starting Execution:	[68 out of 146] test cases in the current suite
Test Method:		[unitTests.tests_restActions.validateUserEmail]
################################################################################################################################################
[ReportManager] Response status code: [200], status line: [HTTP/1.1 200 OK] @14-12-2021 01:57:57.0664 AM
[ReportManager] Assertion Passed: Evaluating the actual response status code against the expected one... @14-12-2021 01:57:57.0665 AM
[ReportManager] Assertion [ValidateComparativeRelation] PASSED. Expected [200] and Actual [200]. Comparison Type [EQUALS]. Validation Type [POSITIVE]. @14-12-2021 01:57:57.0665 AM
[ReportManager] API Action [PerformRequest] successfully performed. With the following test data [Request Type: "GET" | Target Status Code: "200" | Service URL: "https://jsonplaceholder.typicode.com/users" | Content Type: "*/*" | Response Time: "77ms"]. @14-12-2021 01:57:57.0684 AM
[ReportManager] Successfully created attachment [API Request - Specifications] @14-12-2021 01:57:57.0685 AM
[ReportManager] Successfully created attachment [API Response - JSON Body] @14-12-2021 01:57:57.0686 AM
[ReportManager] Assertion [ValidateEquals] PASSED. Expected and Actual values are attached. Comparison Type [CONTAINS]. Validation Type [POSITIVE]. @14-12-2021 01:57:57.0686 AM
[ReportManager] Successfully created attachment [Validation Test Data - Expected Value] @14-12-2021 01:57:57.0687 AM
[ReportManager] Successfully created attachment [Validation Test Data - Actual Value] @14-12-2021 01:57:57.0687 AM
[ReportManager] API Action [GetResponseJSONValueAsList] successfully performed. With the following test data [$]. @14-12-2021 01:57:57.0693 AM
[ReportManager] API Action [GetResponseJSONValue] successfully performed. With the following test data [name]. @14-12-2021 01:57:57.0705 AM
[ReportManager] API Action [GetResponseJSONValue] successfully performed. With the following test data [email]. @14-12-2021 01:57:57.0715 AM
[ReportManager] Assertion [ValidateEquals] PASSED. Expected [Sincere@april.biz] and Actual [Sincere@april.biz]. Comparison Type [EQUALS]. Validation Type [POSITIVE]. @14-12-2021 01:57:57.0715 AM
[ReportManager] API Action [GetResponseJSONValue] successfully performed. With the following test data [name]. @14-12-2021 01:57:57.0727 AM
[ReportManager] API Action [GetResponseJSONValue] successfully performed. With the following test data [name]. @14-12-2021 01:57:57.0737 AM
[ReportManager] API Action [GetResponseJSONValue] successfully performed. With the following test data [name]. @14-12-2021 01:57:57.0748 AM
[ReportManager] API Action [GetResponseJSONValue] successfully performed. With the following test data [name]. @14-12-2021 01:57:57.0759 AM
[ReportManager] API Action [GetResponseJSONValue] successfully performed. With the following test data [name]. @14-12-2021 01:57:57.0769 AM
[ReportManager] API Action [GetResponseJSONValue] successfully performed. With the following test data [name]. @14-12-2021 01:57:57.0780 AM
[ReportManager] API Action [GetResponseJSONValue] successfully performed. With the following test data [name]. @14-12-2021 01:57:57.0790 AM
[ReportManager] API Action [GetResponseJSONValue] successfully performed. With the following test data [name]. @14-12-2021 01:57:57.0802 AM
[ReportManager] API Action [GetResponseJSONValue] successfully performed. With the following test data [name]. @14-12-2021 01:57:57.0813 A
[ReportManager] File Action [GetAbsolutePath] successfully performed. With the following test data [Relative Folder Path: "target/downloadedFiles/"]. @14-12-2021 01:57:57.0816 AM
[ReportManager] Attempting to run locally on: [Mac-64], [Safari], Headless Execution. @14-12-2021 01:57:57.0816 AM
[ReportManager] Successfully Opened Safari. @14-12-2021 01:57:58.0649 AM
[ReportManager] Initial window size: (800, 600) @14-12-2021 01:57:58.0675 AM
[ReportManager] Window size after SWD Maximize: (1176, 803) @14-12-2021 01:57:58.0704 AM
[ReportManager] Browser Action [MaximizeWindow] successfully performed. With the following test data [New screen size is now: (1176, 803)]. @14-12-2021 01:57:58.0704 A

################################################################################################################################################
Starting Execution:	[69 out of 146] test cases in the current suite
Test Method:		[testPackage01.Test_uploadFile.uploadFile_invisibleUploadInput]
################################################################################################################################################
[ReportManager] Target URL: [https://fineuploader.com/demos.html#gallery-view] @14-12-2021 01:57:58.0707 AM
[ReportManager] Initial URL: [] @14-12-2021 01:57:58.0789 AM
[ReportManager] Browser Action [NavigateToURL] successfully performed. With the following test data [https://fineuploader.com/demos.html#gallery-view]. @14-12-2021 01:58:00.0663 AM
[ReportManager] File Action [GetAbsolutePath] successfully performed. With the following test data [Relative File Path: "src/main/resources/images/shaft.png"]. @14-12-2021 01:58:00.0663 AM
[ReportManager] Successfully created attachment [File Action Actual Result - Command Log] @14-12-2021 01:58:00.0664 AM
[ReportManager] Element Action [TypeFileLocationForUpload] successfully performed. With the following test data [/Users/runner/work/SHAFT_ENGINE/SHAFT_ENGINE/src/main/resources/images/shaft.png]. @14-12-2021 01:58:00.0727 AM
[ReportManager] Attempting to getAttribute [src] from elementLocator [By.xpath: //div[@id='fine-uploader-gallery']//div[@class='qq-thumbnail-wrapper']/img]. @14-12-2021 01:58:00.0730 AM
[ReportManager] Element Action [GetAttribute] successfully performed. @14-12-2021 01:58:00.0810 AM
[ReportManager] Successfully created attachment [Element Action Test Data - GetAttribute - Actual Value] @14-12-2021 01:58:00.0811 AM
[ReportManager] Loaded Shared OpenCV @14-12-2021 01:58:00.0898 AM
[ReportManager] Assertion Passed: Then I Assert that the element found by [By.xpath: //div[@id='fine-uploader-gallery']//div[@class='qq-thumbnail-wrapper']/img] attribute [src] contains [data:image/png;base64]. @14-12-2021 01:58:01.0023 AM
[ReportManager] Successfully created attachment [Validation Test Data - Expected Value] @14-12-2021 01:58:01.0024 AM
[ReportManager] Successfully created attachment [Validation Test Data - Actual Value] @14-12-2021 01:58:01.0024 AM
[ReportManager] Successfully created attachment [Screenshot - 1639447080898_uploadFile_invisibleUploadInput_ValidateElementAttribute_passed] @14-12-2021 01:58:01.0026 AM
[ReportManager] Assertion [ValidateElementAttribute] PASSED. Expected and Actual values are attached. Comparison Type [CONTAINS]. Validation Type [POSITIVE]. @14-12-2021 01:58:01.0026 A
[ReportManager] Browser Action [CloseCurrentWindow] successfully performed. @14-12-2021 01:58:01.0385 AM
[ReportManager] Successfully created attachment [Browser Action Test Data - CloseCurrentWindow - Actual Value] @14-12-2021 01:58:01.0385 A
[ReportManager] File Action [GetAbsolutePath] successfully performed. With the following test data [Relative Folder Path: "target/downloadedFiles/"]. @14-12-2021 01:58:01.0392 AM
[ReportManager] Attempting to run locally on: [Mac-64], [Safari], Headless Execution. @14-12-2021 01:58:01.0392 AM
[ReportManager] Successfully Opened Safari. @14-12-2021 01:58:02.0237 AM
[ReportManager] Initial window size: (800, 600) @14-12-2021 01:58:02.0262 AM
[ReportManager] Window size after SWD Maximize: (1176, 803) @14-12-2021 01:58:02.0303 AM
[ReportManager] Browser Action [MaximizeWindow] successfully performed. With the following test data [New screen size is now: (1176, 803)]. @14-12-2021 01:58:02.0303 A

################################################################################################################################################
Starting Execution:	[70 out of 146] test cases in the current suite
Test Method:		[testPackage01.Test_uploadFile.uploadFile_visibleUploadInput]
################################################################################################################################################
[ReportManager] Target URL: [http://demo.guru99.com/test/upload/] @14-12-2021 01:58:02.0306 AM
[ReportManager] Initial URL: [] @14-12-2021 01:58:02.0370 AM
[ReportManager] Browser Action [NavigateToURL] successfully performed. With the following test data [http://demo.guru99.com/test/upload/]. @14-12-2021 01:58:04.0284 AM
[ReportManager] File Action [GetAbsolutePath] successfully performed. With the following test data [Relative Folder Path: "src/main/resources/images/shaft.png"]. @14-12-2021 01:58:04.0284 AM
[ReportManager] Element Action [TypeFileLocationForUpload] successfully performed. With the following test data [/Users/runner/work/SHAFT_ENGINE/SHAFT_ENGINE/src/main/resources/images/shaft.png]. @14-12-2021 01:58:04.0345 AM
[ReportManager] Element Action [Click] successfully performed. With the following test data [By.id: terms]. @14-12-2021 01:58:04.0571 AM
[ReportManager] Element Action [Click] successfully performed. With the following test data [By.id: submitbutton]. @14-12-2021 01:58:04.0862 AM
[ReportManager] Element Action [GetText] successfully performed. With the following test data [1 file has been successfully uploaded.]. @14-12-2021 01:58:05.0555 AM
[ReportManager] Loaded Shared OpenCV @14-12-2021 01:58:05.0662 AM
[ReportManager] Assertion Passed: Then I Assert that the element found by [By.id: res] attribute [Text] contains [1 file]. @14-12-2021 01:58:05.0757 AM
[ReportManager] Successfully created attachment [Screenshot - 1639447085662_uploadFile_visibleUploadInput_ValidateElementAttribute_passed] @14-12-2021 01:58:05.0758 AM
[ReportManager] Assertion [ValidateElementAttribute] PASSED. Expected [Value Should be '1 file' for the 'Text' attribute, element locator 'By.id: res'] and Actual [1 file has been successfully uploaded.]. Comparison Type [CONTAINS]. Validation Type [POSITIVE]. @14-12-2021 01:58:05.0758 A
[ReportManager] Browser Action [CloseCurrentWindow] successfully performed. @14-12-2021 01:58:05.0858 AM
[ReportManager] Successfully created attachment [Browser Action Test Data - CloseCurrentWindow - Actual Value] @14-12-2021 01:58:05.0858 A

################################################################################################################################################
Starting Execution:	[71 out of 146] test cases in the current suite
Test Method:		[testPackage01.Test_AssertApiResponseEquals.assertApiResponseEquals_expectedToPass]
################################################################################################################################################
[ReportManager] Response status code: [200], status line: [HTTP/1.1 200 OK] @14-12-2021 01:58:05.0943 AM
[ReportManager] Assertion Passed: Evaluating the actual response status code against the expected one... @14-12-2021 01:58:05.0944 AM
[ReportManager] Assertion [ValidateComparativeRelation] PASSED. Expected [200] and Actual [200]. Comparison Type [EQUALS]. Validation Type [POSITIVE]. @14-12-2021 01:58:05.0944 AM
[ReportManager] API Action [PerformRequest] successfully performed. With the following test data [Request Type: "GET" | Target Status Code: "200" | Service URL: "https://jsonplaceholder.typicode.com/users" | Content Type: "*/*" | Response Time: "73ms"]. @14-12-2021 01:58:05.0967 AM
[ReportManager] Successfully created attachment [API Request - Specifications] @14-12-2021 01:58:05.0968 AM
[ReportManager] Successfully created attachment [API Response - JSON Body] @14-12-2021 01:58:05.0968 AM
[ReportManager] API Action [GetResponseJSONValueAsList] successfully performed. With the following test data [$]. @14-12-2021 01:58:05.0976 AM
[ReportManager] API Action [GetResponseJSONValue] successfully performed. With the following test data [name]. @14-12-2021 01:58:05.0990 AM
[ReportManager] API Action [GetResponseJSONValue] successfully performed. With the following test data [email]. @14-12-2021 01:58:06.0007 AM
[ReportManager] Verification [ValidateEquals] PASSED. Expected [Sincere@april.biz] and Actual [Sincere@april.biz]. Comparison Type [EQUALS]. Validation Type [POSITIVE]. @14-12-2021 01:58:06.0009 AM
[ReportManager] API Action [GetResponseJSONValue] successfully performed. With the following test data [username]. @14-12-2021 01:58:06.0023 AM
[ReportManager] Assertion [ValidateEquals] PASSED. Expected [Bret] and Actual [Bret]. Comparison Type [EQUALS]. Validation Type [POSITIVE]. @14-12-2021 01:58:06.0023 AM
[ReportManager] API Action [GetResponseJSONValue] successfully performed. With the following test data [name]. @14-12-2021 01:58:06.0035 AM
[ReportManager] API Action [GetResponseJSONValue] successfully performed. With the following test data [name]. @14-12-2021 01:58:06.0048 AM
[ReportManager] API Action [GetResponseJSONValue] successfully performed. With the following test data [name]. @14-12-2021 01:58:06.0062 AM
[ReportManager] API Action [GetResponseJSONValue] successfully performed. With the following test data [name]. @14-12-2021 01:58:06.0076 AM
[ReportManager] API Action [GetResponseJSONValue] successfully performed. With the following test data [name]. @14-12-2021 01:58:06.0088 AM
[ReportManager] API Action [GetResponseJSONValue] successfully performed. With the following test data [name]. @14-12-2021 01:58:06.0102 AM
[ReportManager] API Action [GetResponseJSONValue] successfully performed. With the following test data [name]. @14-12-2021 01:58:06.0116 AM
[ReportManager] API Action [GetResponseJSONValue] successfully performed. With the following test data [name]. @14-12-2021 01:58:06.0129 AM
[ReportManager] API Action [GetResponseJSONValue] successfully performed. With the following test data [name]. @14-12-2021 01:58:06.0145 A

################################################################################################################################################
Starting Execution:	[72 out of 146] test cases in the current suite
Test Method:		[testPackage01.Test_testData.f]
################################################################################################################################################
[ReportManager] Successfully loaded the following test data file [src/test/resources/testDataFiles/testSuite01/TestData.xlsx]. @14-12-2021 01:58:06.0208 AM
[ReportManager] Successfully created attachment [Test Data - Excel] @14-12-2021 01:58:06.0209 AM
[ReportManager] Last Column Number is: [3]. Zero-based. @14-12-2021 01:58:06.0210 A

################################################################################################################################################
Starting Execution:	[73 out of 146] test cases in the current suite
Test Method:		[testPackage01.Test_PDF.testPDF1]
################################################################################################################################################
[ReportManager] File Action [DoesFileExist] successfully performed. With the following test data [File Path: "src/test/resources/testDataFiles/sample.pdf"]. @14-12-2021 01:58:06.0220 AM
[ReportManager] File Action [GetAbsolutePath] successfully performed. With the following test data [Relative Folder Path: "src/test/resources/testDataFiles/sample.pdf"]. @14-12-2021 01:58:06.0236 AM
[ReportManager] Assertion Passed: Checking to see that the pdf file contains [A Simple PDF File] @14-12-2021 01:58:10.0344 AM
[ReportManager] Successfully created attachment [Validation Test Data - Expected Value] @14-12-2021 01:58:10.0345 AM
[ReportManager] Successfully created attachment [Validation Test Data - Actual Value] @14-12-2021 01:58:10.0346 AM
[ReportManager] Assertion [ValidateEquals] PASSED. Expected and Actual values are attached. Comparison Type [CONTAINS]. Validation Type [POSITIVE]. @14-12-2021 01:58:10.0346 A

################################################################################################################################################
Starting Execution:	[74 out of 146] test cases in the current suite
Test Method:		[testPackage01.Test_PDF.testPDF2]
################################################################################################################################################
[ReportManager] File Action [DoesFileExist] successfully performed. With the following test data [File Path: "src/test/resources/testDataFiles/sample.pdf"]. @14-12-2021 01:58:10.0352 AM
[ReportManager] File Action [GetAbsolutePath] successfully performed. With the following test data [Relative Folder Path: "src/test/resources/testDataFiles/sample.pdf"]. @14-12-2021 01:58:10.0352 AM
[ReportManager] Assertion Passed: Checking to see that the pdf file contains [A Simple PDF File] @14-12-2021 01:58:10.0369 AM
[ReportManager] Successfully created attachment [Validation Test Data - Expected Value] @14-12-2021 01:58:10.0369 AM
[ReportManager] Successfully created attachment [Validation Test Data - Actual Value] @14-12-2021 01:58:10.0370 AM
[ReportManager] Assertion [ValidateEquals] PASSED. Expected and Actual values are attached. Comparison Type [CONTAINS]. Validation Type [POSITIVE]. @14-12-2021 01:58:10.0370 A
[ReportManager] File Action [GetAbsolutePath] successfully performed. With the following test data [Relative Folder Path: "target/downloadedFiles/"]. @14-12-2021 01:58:10.0373 AM
[ReportManager] Attempting to run locally on: [Mac-64], [Safari], Headless Execution. @14-12-2021 01:58:10.0373 AM
[ReportManager] An Exception Occured with this Message: Could not start a new session. Possible causes are invalid address of the remote server or browser start-up failure.. @14-12-2021 01:58:10.0642 AM
[ReportManager] Successfully created attachment [Exception Stack Trace - org.openqa.selenium.SessionNotCreatedException] @14-12-2021 01:58:10.0642 AM
[ReportManager] Driver Factory Action [createNewLocalDriverInstanceForSafari] failed. With the following test data [Failed to create a session on DESKTOP_SAFARI]. @14-12-2021 01:58:10.0643 A

################################################################################################################################################
Starting Execution:	[75 out of 146] test cases in the current suite
Test Method:		[testPackage01.Test_ShadowDOM.shadowdom]
###############################################################################################################################################

[ReportManager] File Action [GetAbsolutePath] successfully performed. With the following test data [Relative Folder Path: "target/downloadedFiles/"]. @14-12-2021 01:58:10.0651 AM
[ReportManager] Attempting to run locally on: [Mac-64], [Safari], Headless Execution. @14-12-2021 01:58:10.0651 AM
[ReportManager] Successfully Opened Safari. @14-12-2021 01:58:11.0503 AM
[ReportManager] Initial window size: (800, 600) @14-12-2021 01:58:11.0531 AM
[ReportManager] Window size after SWD Maximize: (1176, 803) @14-12-2021 01:58:11.0564 AM
[ReportManager] Browser Action [MaximizeWindow] successfully performed. With the following test data [New screen size is now: (1176, 803)]. @14-12-2021 01:58:11.0564 A

################################################################################################################################################
Starting Execution:	[76 out of 146] test cases in the current suite
Test Method:		[testPackage01.Test_clipboardActions.typeTextAndCopyPaste]
################################################################################################################################################
[ReportManager] Target URL: [https://www.google.com/ncr], and after redirection: [https://www.google.com] @14-12-2021 01:58:11.0568 AM
[ReportManager] Initial URL: [] @14-12-2021 01:58:11.0634 AM
[ReportManager] Browser Action [NavigateToURL] successfully performed. With the following test data [https://www.google.com/ncr]. @14-12-2021 01:58:13.0620 AM
[ReportManager] Element Action [Type] successfully performed. With the following test data [FIRST]. @14-12-2021 01:58:13.0807 A
[ReportManager] Browser Action [CloseCurrentWindow] successfully performed. @14-12-2021 01:58:14.0268 AM
[ReportManager] Successfully created attachment [Browser Action Test Data - CloseCurrentWindow - Actual Value] @14-12-2021 01:58:14.0271 A

################################################################################################################################################
Starting Execution:	[77 out of 146] test cases in the current suite
Test Method:		[testPackage01.Test_NewValidationHelper.f1]
################################################################################################################################################
[ReportManager] Assertion Passed: Checking valid user data @14-12-2021 01:58:14.0275 AM
[ReportManager] Successfully created attachment [Validation Test Data - Expected Value] @14-12-2021 01:58:14.0276 AM
[ReportManager] Successfully created attachment [Validation Test Data - Actual Value] @14-12-2021 01:58:14.0276 AM
[ReportManager] Assertion [ValidateEquals] PASSED. Expected and Actual values are attached. Comparison Type [EQUALS]. Validation Type [POSITIVE]. @14-12-2021 01:58:14.0277 A
[ReportManager] File Action [GetAbsolutePath] successfully performed. With the following test data [Relative Folder Path: "target/downloadedFiles/"]. @14-12-2021 01:58:14.0279 AM
[ReportManager] Attempting to run locally on: [Mac-64], [Safari], Headless Execution. @14-12-2021 01:58:14.0280 AM
[ReportManager] Successfully Opened Safari. @14-12-2021 01:58:15.0098 AM
[ReportManager] Initial window size: (800, 600) @14-12-2021 01:58:15.0118 AM
[ReportManager] Window size after SWD Maximize: (1176, 803) @14-12-2021 01:58:15.0134 AM
[ReportManager] Browser Action [MaximizeWindow] successfully performed. With the following test data [New screen size is now: (1176, 803)]. @14-12-2021 01:58:15.0135 AM
[ReportManager] Target URL: [https://the-internet.herokuapp.com/] @14-12-2021 01:58:15.0135 AM
[ReportManager] Initial URL: [] @14-12-2021 01:58:15.0189 AM
[ReportManager] Browser Action [NavigateToURL] successfully performed. With the following test data [https://the-internet.herokuapp.com/]. @14-12-2021 01:58:16.0332 A

################################################################################################################################################
Starting Execution:	[78 out of 146] test cases in the current suite
Test Method:		[testPackage01.Test_NewValidationHelper.f10]
################################################################################################################################################
[ReportManager] Loaded Shared OpenCV @14-12-2021 01:58:16.0459 AM
[ReportManager] Assertion [ValidateElementExists] FAILED. Expected [Element Should Exist, locator 'By.tagName: div'] and Actual [Element Exists but is not unique]. Comparison Type [EQUALS]. Validation Type [POSITIVE]. @14-12-2021 01:58:16.0590 AM
[ReportManager] Successfully created attachment [Screenshot - 1639447096459_f10_ValidateElementExists_failed] @14-12-2021 01:58:16.0594 A
[ReportManager] Successfully Closed All Drivers. @14-12-2021 01:58:16.0727 A
[ReportManager] File Action [GetAbsolutePath] successfully performed. With the following test data [Relative Folder Path: "target/downloadedFiles/"]. @14-12-2021 01:58:16.0730 AM
[ReportManager] Attempting to run locally on: [Mac-64], [Safari], Headless Execution. @14-12-2021 01:58:16.0730 AM
[ReportManager] Successfully Opened Safari. @14-12-2021 01:58:17.0601 AM
[ReportManager] Initial window size: (800, 600) @14-12-2021 01:58:17.0619 AM
[ReportManager] Window size after SWD Maximize: (1176, 803) @14-12-2021 01:58:17.0640 AM
[ReportManager] Browser Action [MaximizeWindow] successfully performed. With the following test data [New screen size is now: (1176, 803)]. @14-12-2021 01:58:17.0641 AM
[ReportManager] Target URL: [https://the-internet.herokuapp.com/] @14-12-2021 01:58:17.0641 AM
[ReportManager] Initial URL: [] @14-12-2021 01:58:17.0715 AM
[ReportManager] Browser Action [NavigateToURL] successfully performed. With the following test data [https://the-internet.herokuapp.com/]. @14-12-2021 01:58:18.0853 A

################################################################################################################################################
Starting Execution:	[79 out of 146] test cases in the current suite
Test Method:		[testPackage01.Test_NewValidationHelper.f11]
################################################################################################################################################
[ReportManager] org.openqa.selenium.TimeoutException:
Expected condition failed: waiting for com.shaft.gui.element.ElementActionsHelper$$Lambda$625/0x000000080113ece8@15215b21 (tried for 5 second(s) with 1000 milliseconds interval)
org.openqa.selenium.support.ui.FluentWait.timeoutException(FluentWait.java:263)
org.openqa.selenium.support.ui.FluentWait.until(FluentWait.java:231)
com.shaft.gui.element.ElementActionsHelper.waitForElementPresence(ElementActionsHelper.java:63)
com.shaft.gui.element.ElementActionsHelper.waitForElementPresence(ElementActionsHelper.java:37)
com.shaft.gui.element.WebDriverElementActions.getMatchingElementsCount(WebDriverElementActions.java:1468)
com.shaft.gui.element.WebDriverElementActions.getElementsCount(WebDriverElementActions.java:559)
com.shaft.gui.element.ElementActions.getElementsCount(ElementActions.java:261)
com.shaft.validation.ValidationsHelper.validateElementExists(ValidationsHelper.java:149)
com.shaft.validation.Assertions.assertElementExists(Assertions.java:118)
testPackage01.Test_NewValidationHelper.f11(Test_NewValidationHelper.java:137)
java.base/jdk.internal.reflect.NativeMethodAccessorImpl.invoke0(Native Method)
java.base/jdk.internal.reflect.NativeMethodAccessorImpl.invoke(NativeMethodAccessorImpl.java:77)
java.base/jdk.internal.reflect.DelegatingMethodAccessorImpl.invoke(DelegatingMethodAccessorImpl.java:43)
java.base/java.lang.reflect.Method.invoke(Method.java:568)
org.testng.internal.MethodInvocationHelper.invokeMethod(MethodInvocationHelper.java:133)
org.testng.internal.TestInvoker.invokeMethod(TestInvoker.java:598)
org.testng.internal.TestInvoker.invokeTestMethod(TestInvoker.java:173)
org.testng.internal.MethodRunner.runInSequence(MethodRunner.java:46)
org.testng.internal.TestInvoker$MethodInvocationAgent.invoke(TestInvoker.java:824)
org.testng.internal.TestInvoker.invokeTestMethods(TestInvoker.java:146)
org.testng.internal.TestMethodWorker.invokeTestMethods(TestMethodWorker.java:146)
org.testng.internal.TestMethodWorker.run(TestMethodWorker.java:128)
java.base/java.util.ArrayList.forEach(ArrayList.java:1511)
org.testng.TestRunner.privateRun(TestRunner.java:794)
org.testng.TestRunner.run(TestRunner.java:596)
org.testng.SuiteRunner.runTest(SuiteRunner.java:377)
org.testng.SuiteRunner.runSequentially(SuiteRunner.java:371)
org.testng.SuiteRunner.privateRun(SuiteRunner.java:332)
org.testng.SuiteRunner.run(SuiteRunner.java:276)
org.testng.SuiteRunnerWorker.runSuite(SuiteRunnerWorker.java:53)
org.testng.SuiteRunnerWorker.run(SuiteRunnerWorker.java:96)
org.testng.TestNG.runSuitesSequentially(TestNG.java:1212)
org.testng.TestNG.runSuitesLocally(TestNG.java:1134)
org.testng.TestNG.runSuites(TestNG.java:1063)
org.testng.TestNG.run(TestNG.java:1031)
org.apache.maven.surefire.testng.TestNGExecutor.run(TestNGExecutor.java:136)
org.apache.maven.surefire.testng.TestNGDirectoryTestSuite.executeMulti(TestNGDirectoryTestSuite.java:193)
org.apache.maven.surefire.testng.TestNGDirectoryTestSuite.execute(TestNGDirectoryTestSuite.java:94)
org.apache.maven.surefire.testng.TestNGProvider.invoke(TestNGProvider.java:145)
org.apache.maven.surefire.booter.ForkedBooter.runSuitesInProcess(ForkedBooter.java:428)
org.apache.maven.surefire.booter.ForkedBooter.execute(ForkedBooter.java:162)
org.apache.maven.surefire.booter.ForkedBooter.run(ForkedBooter.java:562)
org.apache.maven.surefire.booter.ForkedBooter.main(ForkedBooter.java:548)

Caused by: org.openqa.selenium.NoSuchElementException:
For documentation on this error, please visit: https://selenium.dev/exceptions/#no_such_element
Build info: version: '4.1.0', revision: '87802e897b'
System info: host: 'Mac-1639446869065.local', ip: '10.212.6.119', os.name: 'Mac OS X', os.arch: 'x86_64', os.version: '11.5', java.version: '17.0.1'
Driver info: org.openqa.selenium.safari.SafariDriver
Command: [8A6F82C2-7548-4F7A-A723-B9D21AE2CC16, findElement {using=tag name, value=h3}]
Capabilities {acceptInsecureCerts: false, browserName: Safari, browserVersion: 15.1, goog:loggingPrefs: {browser: ALL, client: ALL, driver: ALL, performance: ALL, profiler: ALL, server: ALL}, javascriptEnabled: true, pageLoadStrategy: normal, platform: MAC, platformName: MAC, safari:automaticInspection: false, safari:automaticProfiling: false, safari:diagnose: false, safari:platformBuildVersion: 20G224, safari:platformVersion: 11.6.1, safari:useSimulator: false, setWindowRect: true, strictFileInteractability: false, timeouts: {pageLoad: 30000, script: 30000}, webkit:WebRTC: {DisableICECandidateFiltering: false, DisableInsecureMediaCapture: false}}
Session ID: 8A6F82C2-7548-4F7A-A723-B9D21AE2CC16
jdk.internal.reflect.GeneratedConstructorAccessor70.newInstance(Unknown Source)
java.base/jdk.internal.reflect.DelegatingConstructorAccessorImpl.newInstance(DelegatingConstructorAccessorImpl.java:45)
java.base/java.lang.reflect.Constructor.newInstanceWithCaller(Constructor.java:499)
java.base/java.lang.reflect.Constructor.newInstance(Constructor.java:480)
org.openqa.selenium.remote.codec.w3c.W3CHttpResponseCodec.createException(W3CHttpResponseCodec.java:200)
org.openqa.selenium.remote.codec.w3c.W3CHttpResponseCodec.decode(W3CHttpResponseCodec.java:133)
org.openqa.selenium.remote.codec.w3c.W3CHttpResponseCodec.decode(W3CHttpResponseCodec.java:53)
org.openqa.selenium.remote.HttpCommandExecutor.execute(HttpCommandExecutor.java:184)
org.openqa.selenium.remote.service.DriverCommandExecutor.invokeExecute(DriverCommandExecutor.java:164)
org.openqa.selenium.remote.service.DriverCommandExecutor.execute(DriverCommandExecutor.java:139)
org.openqa.selenium.remote.RemoteWebDriver.execute(RemoteWebDriver.java:559)
org.openqa.selenium.remote.ElementLocation$ElementFinder$2.findElement(ElementLocation.java:162)
org.openqa.selenium.remote.ElementLocation.findElement(ElementLocation.java:60)
org.openqa.selenium.remote.RemoteWebDriver.findElement(RemoteWebDriver.java:383)
org.openqa.selenium.remote.RemoteWebDriver.findElement(RemoteWebDriver.java:375)
com.shaft.gui.element.ElementActionsHelper.lambda$waitForElementPresence$0(ElementActionsHelper.java:66)
org.openqa.selenium.support.ui.FluentWait.until(FluentWait.java:208)
com.shaft.gui.element.ElementActionsHelper.waitForElementPresence(ElementActionsHelper.java:63)
com.shaft.gui.element.ElementActionsHelper.waitForElementPresence(ElementActionsHelper.java:37)
com.shaft.gui.element.WebDriverElementActions.getMatchingElementsCount(WebDriverElementActions.java:1468)
com.shaft.gui.element.WebDriverElementActions.getElementsCount(WebDriverElementActions.java:559)
com.shaft.gui.element.ElementActions.getElementsCount(ElementActions.java:261)
com.shaft.validation.ValidationsHelper.validateElementExists(ValidationsHelper.java:149)
com.shaft.validation.Assertions.assertElementExists(Assertions.java:118)
testPackage01.Test_NewValidationHelper.f11(Test_NewValidationHelper.java:137)
java.base/jdk.internal.reflect.NativeMethodAccessorImpl.invoke0(Native Method)
java.base/jdk.internal.reflect.NativeMethodAccessorImpl.invoke(NativeMethodAccessorImpl.java:77)
java.base/jdk.internal.reflect.DelegatingMethodAccessorImpl.invoke(DelegatingMethodAccessorImpl.java:43)
java.base/java.lang.reflect.Method.invoke(Method.java:568)
org.testng.internal.MethodInvocationHelper.invokeMethod(MethodInvocationHelper.java:133)
org.testng.internal.TestInvoker.invokeMethod(TestInvoker.java:598)
org.testng.internal.TestInvoker.invokeTestMethod(TestInvoker.java:173)
org.testng.internal.MethodRunner.runInSequence(MethodRunner.java:46)
org.testng.internal.TestInvoker$MethodInvocationAgent.invoke(TestInvoker.java:824)
org.testng.internal.TestInvoker.invokeTestMethods(TestInvoker.java:146)
org.testng.internal.TestMethodWorker.invokeTestMethods(TestMethodWorker.java:146)
org.testng.internal.TestMethodWorker.run(TestMethodWorker.java:128)
java.base/java.util.ArrayList.forEach(ArrayList.java:1511)
org.testng.TestRunner.privateRun(TestRunner.java:794)
org.testng.TestRunner.run(TestRunner.java:596)
org.testng.SuiteRunner.runTest(SuiteRunner.java:377)
org.testng.SuiteRunner.runSequentially(SuiteRunner.java:371)
org.testng.SuiteRunner.privateRun(SuiteRunner.java:332)
org.testng.SuiteRunner.run(SuiteRunner.java:276)
org.testng.SuiteRunnerWorker.runSuite(SuiteRunnerWorker.java:53)
org.testng.SuiteRunnerWorker.run(SuiteRunnerWorker.java:96)
org.testng.TestNG.runSuitesSequentially(TestNG.java:1212)
org.testng.TestNG.runSuitesLocally(TestNG.java:1134)
org.testng.TestNG.runSuites(TestNG.java:1063)
org.testng.TestNG.run(TestNG.java:1031)
org.apache.maven.surefire.testng.TestNGExecutor.run(TestNGExecutor.java:136)
org.apache.maven.surefire.testng.TestNGDirectoryTestSuite.executeMulti(TestNGDirectoryTestSuite.java:193)
org.apache.maven.surefire.testng.TestNGDirectoryTestSuite.execute(TestNGDirectoryTestSuite.java:94)
org.apache.maven.surefire.testng.TestNGProvider.invoke(TestNGProvider.java:145)
org.apache.maven.surefire.booter.ForkedBooter.runSuitesInProcess(ForkedBooter.java:428)
org.apache.maven.surefire.booter.ForkedBooter.execute(ForkedBooter.java:162)
org.apache.maven.surefire.booter.ForkedBooter.run(ForkedBooter.java:562)
org.apache.maven.surefire.booter.ForkedBooter.main(ForkedBooter.java:548) @14-12-2021 01:58:24.0213 AM
[ReportManager] org.openqa.selenium.TimeoutException:
Expected condition failed: waiting for com.shaft.gui.element.ElementActionsHelper$$Lambda$625/0x000000080113ece8@655377bf (tried for 5 second(s) with 1000 milliseconds interval)
org.openqa.selenium.support.ui.FluentWait.timeoutException(FluentWait.java:263)
org.openqa.selenium.support.ui.FluentWait.until(FluentWait.java:231)
com.shaft.gui.element.ElementActionsHelper.waitForElementPresence(ElementActionsHelper.java:63)
com.shaft.gui.element.ElementActionsHelper.waitForElementPresence(ElementActionsHelper.java:37)
com.shaft.gui.element.WebDriverElementActions.getMatchingElementsCount(WebDriverElementActions.java:1468)
com.shaft.gui.element.WebDriverElementActions.getElementsCount(WebDriverElementActions.java:559)
com.shaft.gui.element.ElementActions.getElementsCount(ElementActions.java:261)
com.shaft.gui.image.ScreenshotManager.internalCaptureScreenShot(ScreenshotManager.java:394)
com.shaft.gui.image.ScreenshotManager.captureScreenShot(ScreenshotManager.java:141)
com.shaft.validation.ValidationsHelper.reportValidationState(ValidationsHelper.java:823)
com.shaft.validation.ValidationsHelper.pass(ValidationsHelper.java:564)
com.shaft.validation.ValidationsHelper.validateElementExists(ValidationsHelper.java:166)
com.shaft.validation.Assertions.assertElementExists(Assertions.java:118)
testPackage01.Test_NewValidationHelper.f11(Test_NewValidationHelper.java:137)
java.base/jdk.internal.reflect.NativeMethodAccessorImpl.invoke0(Native Method)
java.base/jdk.internal.reflect.NativeMethodAccessorImpl.invoke(NativeMethodAccessorImpl.java:77)
java.base/jdk.internal.reflect.DelegatingMethodAccessorImpl.invoke(DelegatingMethodAccessorImpl.java:43)
java.base/java.lang.reflect.Method.invoke(Method.java:568)
org.testng.internal.MethodInvocationHelper.invokeMethod(MethodInvocationHelper.java:133)
org.testng.internal.TestInvoker.invokeMethod(TestInvoker.java:598)
org.testng.internal.TestInvoker.invokeTestMethod(TestInvoker.java:173)
org.testng.internal.MethodRunner.runInSequence(MethodRunner.java:46)
org.testng.internal.TestInvoker$MethodInvocationAgent.invoke(TestInvoker.java:824)
org.testng.internal.TestInvoker.invokeTestMethods(TestInvoker.java:146)
org.testng.internal.TestMethodWorker.invokeTestMethods(TestMethodWorker.java:146)
org.testng.internal.TestMethodWorker.run(TestMethodWorker.java:128)
java.base/java.util.ArrayList.forEach(ArrayList.java:1511)
org.testng.TestRunner.privateRun(TestRunner.java:794)
org.testng.TestRunner.run(TestRunner.java:596)
org.testng.SuiteRunner.runTest(SuiteRunner.java:377)
org.testng.SuiteRunner.runSequentially(SuiteRunner.java:371)
org.testng.SuiteRunner.privateRun(SuiteRunner.java:332)
org.testng.SuiteRunner.run(SuiteRunner.java:276)
org.testng.SuiteRunnerWorker.runSuite(SuiteRunnerWorker.java:53)
org.testng.SuiteRunnerWorker.run(SuiteRunnerWorker.java:96)
org.testng.TestNG.runSuitesSequentially(TestNG.java:1212)
org.testng.TestNG.runSuitesLocally(TestNG.java:1134)
org.testng.TestNG.runSuites(TestNG.java:1063)
org.testng.TestNG.run(TestNG.java:1031)
org.apache.maven.surefire.testng.TestNGExecutor.run(TestNGExecutor.java:136)
org.apache.maven.surefire.testng.TestNGDirectoryTestSuite.executeMulti(TestNGDirectoryTestSuite.java:193)
org.apache.maven.surefire.testng.TestNGDirectoryTestSuite.execute(TestNGDirectoryTestSuite.java:94)
org.apache.maven.surefire.testng.TestNGProvider.invoke(TestNGProvider.java:145)
org.apache.maven.surefire.booter.ForkedBooter.runSuitesInProcess(ForkedBooter.java:428)
org.apache.maven.surefire.booter.ForkedBooter.execute(ForkedBooter.java:162)
org.apache.maven.surefire.booter.ForkedBooter.run(ForkedBooter.java:562)
org.apache.maven.surefire.booter.ForkedBooter.main(ForkedBooter.java:548)

Caused by: org.openqa.selenium.NoSuchElementException:
For documentation on this error, please visit: https://selenium.dev/exceptions/#no_such_element
Build info: version: '4.1.0', revision: '87802e897b'
System info: host: 'Mac-1639446869065.local', ip: '10.212.6.119', os.name: 'Mac OS X', os.arch: 'x86_64', os.version: '11.5', java.version: '17.0.1'
Driver info: org.openqa.selenium.safari.SafariDriver
Command: [8A6F82C2-7548-4F7A-A723-B9D21AE2CC16, findElement {using=tag name, value=h3}]
Capabilities {acceptInsecureCerts: false, browserName: Safari, browserVersion: 15.1, goog:loggingPrefs: {browser: ALL, client: ALL, driver: ALL, performance: ALL, profiler: ALL, server: ALL}, javascriptEnabled: true, pageLoadStrategy: normal, platform: MAC, platformName: MAC, safari:automaticInspection: false, safari:automaticProfiling: false, safari:diagnose: false, safari:platformBuildVersion: 20G224, safari:platformVersion: 11.6.1, safari:useSimulator: false, setWindowRect: true, strictFileInteractability: false, timeouts: {pageLoad: 30000, script: 30000}, webkit:WebRTC: {DisableICECandidateFiltering: false, DisableInsecureMediaCapture: false}}
Session ID: 8A6F82C2-7548-4F7A-A723-B9D21AE2CC16
jdk.internal.reflect.GeneratedConstructorAccessor70.newInstance(Unknown Source)
java.base/jdk.internal.reflect.DelegatingConstructorAccessorImpl.newInstance(DelegatingConstructorAccessorImpl.java:45)
java.base/java.lang.reflect.Constructor.newInstanceWithCaller(Constructor.java:499)
java.base/java.lang.reflect.Constructor.newInstance(Constructor.java:480)
org.openqa.selenium.remote.codec.w3c.W3CHttpResponseCodec.createException(W3CHttpResponseCodec.java:200)
org.openqa.selenium.remote.codec.w3c.W3CHttpResponseCodec.decode(W3CHttpResponseCodec.java:133)
org.openqa.selenium.remote.codec.w3c.W3CHttpResponseCodec.decode(W3CHttpResponseCodec.java:53)
org.openqa.selenium.remote.HttpCommandExecutor.execute(HttpCommandExecutor.java:184)
org.openqa.selenium.remote.service.DriverCommandExecutor.invokeExecute(DriverCommandExecutor.java:164)
org.openqa.selenium.remote.service.DriverCommandExecutor.execute(DriverCommandExecutor.java:139)
org.openqa.selenium.remote.RemoteWebDriver.execute(RemoteWebDriver.java:559)
org.openqa.selenium.remote.ElementLocation$ElementFinder$2.findElement(ElementLocation.java:162)
org.openqa.selenium.remote.ElementLocation.findElement(ElementLocation.java:60)
org.openqa.selenium.remote.RemoteWebDriver.findElement(RemoteWebDriver.java:383)
org.openqa.selenium.remote.RemoteWebDriver.findElement(RemoteWebDriver.java:375)
com.shaft.gui.element.ElementActionsHelper.lambda$waitForElementPresence$0(ElementActionsHelper.java:66)
org.openqa.selenium.support.ui.FluentWait.until(FluentWait.java:208)
com.shaft.gui.element.ElementActionsHelper.waitForElementPresence(ElementActionsHelper.java:63)
com.shaft.gui.element.ElementActionsHelper.waitForElementPresence(ElementActionsHelper.java:37)
com.shaft.gui.element.WebDriverElementActions.getMatchingElementsCount(WebDriverElementActions.java:1468)
com.shaft.gui.element.WebDriverElementActions.getElementsCount(WebDriverElementActions.java:559)
com.shaft.gui.element.ElementActions.getElementsCount(ElementActions.java:261)
com.shaft.gui.image.ScreenshotManager.internalCaptureScreenShot(ScreenshotManager.java:394)
com.shaft.gui.image.ScreenshotManager.captureScreenShot(ScreenshotManager.java:141)
com.shaft.validation.ValidationsHelper.reportValidationState(ValidationsHelper.java:823)
com.shaft.validation.ValidationsHelper.pass(ValidationsHelper.java:564)
com.shaft.validation.ValidationsHelper.validateElementExists(ValidationsHelper.java:166)
com.shaft.validation.Assertions.assertElementExists(Assertions.java:118)
testPackage01.Test_NewValidationHelper.f11(Test_NewValidationHelper.java:137)
java.base/jdk.internal.reflect.NativeMethodAccessorImpl.invoke0(Native Method)
java.base/jdk.internal.reflect.NativeMethodAccessorImpl.invoke(NativeMethodAccessorImpl.java:77)
java.base/jdk.internal.reflect.DelegatingMethodAccessorImpl.invoke(DelegatingMethodAccessorImpl.java:43)
java.base/java.lang.reflect.Method.invoke(Method.java:568)
org.testng.internal.MethodInvocationHelper.invokeMethod(MethodInvocationHelper.java:133)
org.testng.internal.TestInvoker.invokeMethod(TestInvoker.java:598)
org.testng.internal.TestInvoker.invokeTestMethod(TestInvoker.java:173)
org.testng.internal.MethodRunner.runInSequence(MethodRunner.java:46)
org.testng.internal.TestInvoker$MethodInvocationAgent.invoke(TestInvoker.java:824)
org.testng.internal.TestInvoker.invokeTestMethods(TestInvoker.java:146)
org.testng.internal.TestMethodWorker.invokeTestMethods(TestMethodWorker.java:146)
org.testng.internal.TestMethodWorker.run(TestMethodWorker.java:128)
java.base/java.util.ArrayList.forEach(ArrayList.java:1511)
org.testng.TestRunner.privateRun(TestRunner.java:794)
org.testng.TestRunner.run(TestRunner.java:596)
org.testng.SuiteRunner.runTest(SuiteRunner.java:377)
org.testng.SuiteRunner.runSequentially(SuiteRunner.java:371)
org.testng.SuiteRunner.privateRun(SuiteRunner.java:332)
org.testng.SuiteRunner.run(SuiteRunner.java:276)
org.testng.SuiteRunnerWorker.runSuite(SuiteRunnerWorker.java:53)
org.testng.SuiteRunnerWorker.run(SuiteRunnerWorker.java:96)
org.testng.TestNG.runSuitesSequentially(TestNG.java:1212)
org.testng.TestNG.runSuitesLocally(TestNG.java:1134)
org.testng.TestNG.runSuites(TestNG.java:1063)
org.testng.TestNG.run(TestNG.java:1031)
org.apache.maven.surefire.testng.TestNGExecutor.run(TestNGExecutor.java:136)
org.apache.maven.surefire.testng.TestNGDirectoryTestSuite.executeMulti(TestNGDirectoryTestSuite.java:193)
org.apache.maven.surefire.testng.TestNGDirectoryTestSuite.execute(TestNGDirectoryTestSuite.java:94)
org.apache.maven.surefire.testng.TestNGProvider.invoke(TestNGProvider.java:145)
org.apache.maven.surefire.booter.ForkedBooter.runSuitesInProcess(ForkedBooter.java:428)
org.apache.maven.surefire.booter.ForkedBooter.execute(ForkedBooter.java:162)
org.apache.maven.surefire.booter.ForkedBooter.run(ForkedBooter.java:562)
org.apache.maven.surefire.booter.ForkedBooter.main(ForkedBooter.java:548) @14-12-2021 01:58:29.0463 AM
[ReportManager] Assertion Passed: Checking that false tag doesn't exist @14-12-2021 01:58:29.0717 AM
[ReportManager] Successfully created attachment [Screenshot - 1639447109492_f11_ValidateElementExists_passed] @14-12-2021 01:58:29.0800 AM
[ReportManager] Assertion [ValidateElementExists] PASSED. Expected [Element Should not Exist, locator 'By.tagName: h3'] and Actual [Element Doesn't Exists]. Comparison Type [EQUALS]. Validation Type [NEGATIVE]. @14-12-2021 01:58:29.0800 A
[ReportManager] Successfully Closed All Drivers. @14-12-2021 01:58:30.0118 A
[ReportManager] File Action [GetAbsolutePath] successfully performed. With the following test data [Relative Folder Path: "target/downloadedFiles/"]. @14-12-2021 01:58:30.0244 AM
[ReportManager] Attempting to run locally on: [Mac-64], [Safari], Headless Execution. @14-12-2021 01:58:30.0244 AM
[ReportManager] Successfully Opened Safari. @14-12-2021 01:58:31.0155 AM
[ReportManager] Initial window size: (800, 600) @14-12-2021 01:58:31.0165 AM
[ReportManager] Window size after SWD Maximize: (1176, 803) @14-12-2021 01:58:31.0202 AM
[ReportManager] Browser Action [MaximizeWindow] successfully performed. With the following test data [New screen size is now: (1176, 803)]. @14-12-2021 01:58:31.0202 AM
[ReportManager] Target URL: [https://the-internet.herokuapp.com/] @14-12-2021 01:58:31.0203 AM
[ReportManager] Initial URL: [] @14-12-2021 01:58:31.0249 AM
[ReportManager] Browser Action [NavigateToURL] successfully performed. With the following test data [https://the-internet.herokuapp.com/]. @14-12-2021 01:58:32.0349 A

################################################################################################################################################
Starting Execution:	[80 out of 146] test cases in the current suite
Test Method:		[testPackage01.Test_NewValidationHelper.f12]
################################################################################################################################################
[ReportManager] Loaded Shared OpenCV @14-12-2021 01:58:32.0607 AM
[ReportManager] Assertion [ValidateElementExists] FAILED. Expected [Element Should not Exist, locator 'By.tagName: h1'] and Actual [Element Exists]. Comparison Type [EQUALS]. Validation Type [NEGATIVE]. @14-12-2021 01:58:33.0021 AM
[ReportManager] Successfully created attachment [Screenshot - 1639447112607_f12_ValidateElementExists_failed] @14-12-2021 01:58:33.0064 A
[ReportManager] Successfully Closed All Drivers. @14-12-2021 01:58:33.0420 A
[ReportManager] File Action [GetAbsolutePath] successfully performed. With the following test data [Relative Folder Path: "target/downloadedFiles/"]. @14-12-2021 01:58:33.0544 AM
[ReportManager] Attempting to run locally on: [Mac-64], [Safari], Headless Execution. @14-12-2021 01:58:33.0544 AM
[ReportManager] Successfully Opened Safari. @14-12-2021 01:58:34.0419 AM
[ReportManager] Initial window size: (800, 600) @14-12-2021 01:58:34.0441 AM
[ReportManager] Window size after SWD Maximize: (1176, 803) @14-12-2021 01:58:34.0473 AM
[ReportManager] Browser Action [MaximizeWindow] successfully performed. With the following test data [New screen size is now: (1176, 803)]. @14-12-2021 01:58:34.0473 AM
[ReportManager] Target URL: [https://the-internet.herokuapp.com/] @14-12-2021 01:58:34.0473 AM
[ReportManager] Initial URL: [] @14-12-2021 01:58:34.0522 AM
[ReportManager] Browser Action [NavigateToURL] successfully performed. With the following test data [https://the-internet.herokuapp.com/]. @14-12-2021 01:58:35.0754 A

################################################################################################################################################
Starting Execution:	[81 out of 146] test cases in the current suite
Test Method:		[testPackage01.Test_NewValidationHelper.f13]
################################################################################################################################################
[ReportManager] Loaded Shared OpenCV @14-12-2021 01:58:36.0020 AM
[ReportManager] Assertion [ValidateElementExists] FAILED. Expected [Element Should not Exist, locator 'By.tagName: div'] and Actual [Element Exists but is not unique]. Comparison Type [EQUALS]. Validation Type [NEGATIVE]. @14-12-2021 01:58:36.0298 AM
[ReportManager] Successfully created attachment [Screenshot - 1639447116020_f13_ValidateElementExists_failed] @14-12-2021 01:58:36.0382 A
[ReportManager] Successfully Closed All Drivers. @14-12-2021 01:58:36.0866 A
[ReportManager] File Action [GetAbsolutePath] successfully performed. With the following test data [Relative Folder Path: "target/downloadedFiles/"]. @14-12-2021 01:58:37.0134 AM
[ReportManager] Attempting to run locally on: [Mac-64], [Safari], Headless Execution. @14-12-2021 01:58:37.0135 AM
[ReportManager] An Exception Occured with this Message: Could not start a new session. Possible causes are invalid address of the remote server or browser start-up failure.. @14-12-2021 01:58:37.0370 AM
[ReportManager] Successfully created attachment [Exception Stack Trace - org.openqa.selenium.SessionNotCreatedException] @14-12-2021 01:58:37.0412 AM
[ReportManager] Driver Factory Action [createNewLocalDriverInstanceForSafari] failed. With the following test data [Failed to create a session on DESKTOP_SAFARI]. @14-12-2021 01:58:37.0412 A

################################################################################################################################################
Starting Execution:	[82 out of 146] test cases in the current suite
Test Method:		[testPackage01.Test_NewValidationHelper.f14]
###############################################################################################################################################



################################################################################################################################################
Starting Execution:	[83 out of 146] test cases in the current suite
Test Method:		[testPackage01.Test_NewValidationHelper.f15]
###############################################################################################################################################



################################################################################################################################################
Starting Execution:	[84 out of 146] test cases in the current suite
Test Method:		[testPackage01.Test_NewValidationHelper.f16]
###############################################################################################################################################



################################################################################################################################################
Starting Execution:	[85 out of 146] test cases in the current suite
Test Method:		[testPackage01.Test_NewValidationHelper.f17]
###############################################################################################################################################



################################################################################################################################################
Starting Execution:	[86 out of 146] test cases in the current suite
Test Method:		[testPackage01.Test_NewValidationHelper.f18]
###############################################################################################################################################


################################################################################################################################################
Starting Execution:	[87 out of 146] test cases in the current suite
Test Method:		[testPackage01.Test_NewValidationHelper.f2]
###############################################################################################################################################


################################################################################################################################################
Starting Execution:	[88 out of 146] test cases in the current suite
Test Method:		[testPackage01.Test_NewValidationHelper.f20]
###############################################################################################################################################



################################################################################################################################################
Starting Execution:	[89 out of 146] test cases in the current suite
Test Method:		[testPackage01.Test_NewValidationHelper.f21]
###############################################################################################################################################



################################################################################################################################################
Starting Execution:	[90 out of 146] test cases in the current suite
Test Method:		[testPackage01.Test_NewValidationHelper.f22]
###############################################################################################################################################


################################################################################################################################################
Starting Execution:	[91 out of 146] test cases in the current suite
Test Method:		[testPackage01.Test_NewValidationHelper.f23]
###############################################################################################################################################

################################################################################################################################################
Starting Execution:	[92 out of 146] test cases in the current suite
Test Method:		[testPackage01.Test_NewValidationHelper.f24]
###############################################################################################################################################

################################################################################################################################################
Starting Execution:	[93 out of 146] test cases in the current suite
Test Method:		[testPackage01.Test_NewValidationHelper.f25]
###############################################################################################################################################

################################################################################################################################################
Starting Execution:	[94 out of 146] test cases in the current suite
Test Method:		[testPackage01.Test_NewValidationHelper.f26]
###############################################################################################################################################

################################################################################################################################################
Starting Execution:	[95 out of 146] test cases in the current suite
Test Method:		[testPackage01.Test_NewValidationHelper.f27]
###############################################################################################################################################

################################################################################################################################################
Starting Execution:	[96 out of 146] test cases in the current suite
Test Method:		[testPackage01.Test_NewValidationHelper.f28]
###############################################################################################################################################

################################################################################################################################################
Starting Execution:	[97 out of 146] test cases in the current suite
Test Method:		[testPackage01.Test_NewValidationHelper.f29]
###############################################################################################################################################

################################################################################################################################################
Starting Execution:	[98 out of 146] test cases in the current suite
Test Method:		[testPackage01.Test_NewValidationHelper.f3]
###############################################################################################################################################

################################################################################################################################################
Starting Execution:	[99 out of 146] test cases in the current suite
Test Method:		[testPackage01.Test_NewValidationHelper.f30]
###############################################################################################################################################

################################################################################################################################################
Starting Execution:	[100 out of 146] test cases in the current suite
Test Method:		[testPackage01.Test_NewValidationHelper.f31]
###############################################################################################################################################

################################################################################################################################################
Starting Execution:	[101 out of 146] test cases in the current suite
Test Method:		[testPackage01.Test_NewValidationHelper.f32]
###############################################################################################################################################

################################################################################################################################################
Starting Execution:	[102 out of 146] test cases in the current suite
Test Method:		[testPackage01.Test_NewValidationHelper.f33]
###############################################################################################################################################

################################################################################################################################################
Starting Execution:	[103 out of 146] test cases in the current suite
Test Method:		[testPackage01.Test_NewValidationHelper.f34]
###############################################################################################################################################

################################################################################################################################################
Starting Execution:	[104 out of 146] test cases in the current suite
Test Method:		[testPackage01.Test_NewValidationHelper.f35]
###############################################################################################################################################

################################################################################################################################################
Starting Execution:	[105 out of 146] test cases in the current suite
Test Method:		[testPackage01.Test_NewValidationHelper.f36]
###############################################################################################################################################

################################################################################################################################################
Starting Execution:	[106 out of 146] test cases in the current suite
Test Method:		[testPackage01.Test_NewValidationHelper.f37]
###############################################################################################################################################

################################################################################################################################################
Starting Execution:	[107 out of 146] test cases in the current suite
Test Method:		[testPackage01.Test_NewValidationHelper.f3_1]
###############################################################################################################################################

################################################################################################################################################
Starting Execution:	[108 out of 146] test cases in the current suite
Test Method:		[testPackage01.Test_NewValidationHelper.f4]
###############################################################################################################################################

################################################################################################################################################
Starting Execution:	[109 out of 146] test cases in the current suite
Test Method:		[testPackage01.Test_NewValidationHelper.f5]
###############################################################################################################################################

################################################################################################################################################
Starting Execution:	[110 out of 146] test cases in the current suite
Test Method:		[testPackage01.Test_NewValidationHelper.f6]
###############################################################################################################################################

################################################################################################################################################
Starting Execution:	[111 out of 146] test cases in the current suite
Test Method:		[testPackage01.Test_NewValidationHelper.f6_1]
###############################################################################################################################################

################################################################################################################################################
Starting Execution:	[112 out of 146] test cases in the current suite
Test Method:		[testPackage01.Test_NewValidationHelper.f6_2]
###############################################################################################################################################

################################################################################################################################################
Starting Execution:	[113 out of 146] test cases in the current suite
Test Method:		[testPackage01.Test_NewValidationHelper.f7]
###############################################################################################################################################


################################################################################################################################################
Starting Execution:	[114 out of 146] test cases in the current suite
Test Method:		[testPackage01.Test_NewValidationHelper.f8]
###############################################################################################################################################



################################################################################################################################################
Starting Execution:	[115 out of 146] test cases in the current suite
Test Method:		[testPackage01.Test_NewValidationHelper.f9]
###############################################################################################################################################


################################################################################################################################################
Starting Execution:	[116 out of 146] test cases in the current suite
Test Method:		[testPackage01.Test_NewValidationHelper.forceFail]
###############################################################################################################################################

################################################################################################################################################
Starting Execution:	[117 out of 146] test cases in the current suite
Test Method:		[testPackage01.Test_NewValidationHelper.forceFail2]
###############################################################################################################################################

################################################################################################################################################
Starting Execution:	[118 out of 146] test cases in the current suite
Test Method:		[testPackage01.Test_JsonActions.f]
###############################################################################################################################################

################################################################################################################################################
Starting Execution:	[119 out of 146] test cases in the current suite
Test Method:		[testPackage01.Test_JsonActions.f2]
###############################################################################################################################################

################################################################################################################################################
Starting Execution:	[120 out of 146] test cases in the current suite
Test Method:		[testPackage01.Test_sendGraphqlRequest.sendGraphqlRequestUsingMutationAndVariables]
################################################################################################################################################
[ReportManager] GraphQl Request is being Performed with the Following Parameters [Service URL: https://api.spacex.land/graphql | Request Body: {"variables":"{\"name\": \"sherlock holmes\",\"rocket\": \"221B Baker Street\"}","query":"mutation ($name: String, $rocket: String) {\n  insert_users(objects: {name: $name, rocket: $rocket}) {\n    returning {\n      name\n      rocket\n    }\n  }\n}"}] @14-12-2021 01:58:42.0432 AM
[ReportManager] Response status code: [200], status line: [HTTP/1.1 200 OK] @14-12-2021 01:58:48.0085 AM
[ReportManager] Assertion Passed: Evaluating the actual response status code against the expected one... @14-12-2021 01:58:48.0085 AM
[ReportManager] Assertion [ValidateComparativeRelation] PASSED. Expected [200] and Actual [200]. Comparison Type [EQUALS]. Validation Type [POSITIVE]. @14-12-2021 01:58:48.0085 AM
[ReportManager] API Action [PerformRequest] successfully performed. With the following test data [Request Type: "POST" | Target Status Code: "200" | Service URL: "https://api.spacex.land/graphql" | Content Type: "application/json" | Response Time: "5556ms"]. @14-12-2021 01:58:48.0125 AM
[ReportManager] Successfully created attachment [API Request - Specifications] @14-12-2021 01:58:48.0207 AM
[ReportManager] Successfully created attachment [API Request - JSON Body] @14-12-2021 01:58:48.0248 AM
[ReportManager] Successfully created attachment [API Response - JSON Body] @14-12-2021 01:58:48.0330 AM
[ReportManager] API Action [GetResponseJSONValue] successfully performed. With the following test data [data.insert_users.returning[0].name]. @14-12-2021 01:58:48.0380 AM
[ReportManager] Assertion [ValidateEquals] PASSED. Expected [sherlock holmes] and Actual [sherlock holmes]. Comparison Type [EQUALS]. Validation Type [POSITIVE]. @14-12-2021 01:58:48.0381 A

################################################################################################################################################
Starting Execution:	[121 out of 146] test cases in the current suite
Test Method:		[testPackage01.Test_sendGraphqlRequest.sendGraphqlRequestUsingQuery]
################################################################################################################################################
[ReportManager] GraphQl Request is being Performed with the Following Parameters [Service URL: https://api.spacex.land/graphql | Request Body: {"query":"{company {ceo}}"}] @14-12-2021 01:58:48.0508 AM
[ReportManager] Response status code: [200], status line: [HTTP/1.1 200 OK] @14-12-2021 01:58:48.0793 AM
[ReportManager] Assertion Passed: Evaluating the actual response status code against the expected one... @14-12-2021 01:58:48.0793 AM
[ReportManager] Assertion [ValidateComparativeRelation] PASSED. Expected [200] and Actual [200]. Comparison Type [EQUALS]. Validation Type [POSITIVE]. @14-12-2021 01:58:48.0793 AM
[ReportManager] API Action [PerformRequest] successfully performed. With the following test data [Request Type: "POST" | Target Status Code: "200" | Service URL: "https://api.spacex.land/graphql" | Content Type: "application/json" | Response Time: "281ms"]. @14-12-2021 01:58:48.0807 AM
[ReportManager] Successfully created attachment [API Request - Specifications] @14-12-2021 01:58:48.0889 AM
[ReportManager] Successfully created attachment [API Request - JSON Body] @14-12-2021 01:58:48.0930 AM
[ReportManager] Successfully created attachment [API Response - JSON Body] @14-12-2021 01:58:49.0013 AM
[ReportManager] API Action [GetResponseJSONValue] successfully performed. With the following test data [data.company.ceo]. @14-12-2021 01:58:49.0026 AM
[ReportManager] Assertion [ValidateEquals] PASSED. Expected [Elon Musk] and Actual [Elon Musk]. Comparison Type [EQUALS]. Validation Type [POSITIVE]. @14-12-2021 01:58:49.0027 A

################################################################################################################################################
Starting Execution:	[122 out of 146] test cases in the current suite
Test Method:		[testPackage01.Test_MatchJsonSchema.checkAPI_ResponseSchema]
################################################################################################################################################
[ReportManager] Response status code: [200], status line: [HTTP/1.1 200 OK] @14-12-2021 01:58:49.0270 AM
[ReportManager] Assertion Passed: Evaluating the actual response status code against the expected one... @14-12-2021 01:58:49.0271 AM
[ReportManager] Assertion [ValidateComparativeRelation] PASSED. Expected [200] and Actual [200]. Comparison Type [EQUALS]. Validation Type [POSITIVE]. @14-12-2021 01:58:49.0271 AM
[ReportManager] API Action [PerformRequest] successfully performed. With the following test data [Request Type: "GET" | Target Status Code: "200" | Service URL: "http://api.zippopotam.us/us/90210" | Content Type: "*/*" | Response Time: "111ms"]. @14-12-2021 01:58:49.0284 AM
[ReportManager] Successfully created attachment [API Request - Specifications] @14-12-2021 01:58:49.0325 AM
[ReportManager] Successfully created attachment [API Response - JSON Body] @14-12-2021 01:58:49.0407 AM
[ReportManager] File Action [GetAbsolutePath] successfully performed. With the following test data [Relative Folder Path: "src/test/resources/testDataFiles/schema.json"]. @14-12-2021 01:58:49.0409 AM
[ReportManager] File Action [GetAbsolutePath] successfully performed. With the following test data [Relative Folder Path: "/Users/runner/work/SHAFT_ENGINE/SHAFT_ENGINE/src/test/resources/testDataFiles/schema.json"]. @14-12-2021 01:58:50.0087 AM
[ReportManager] File Action [ReadFromFile] successfully performed. With the following test data [File Path: "/Users/runner/work/SHAFT_ENGINE/SHAFT_ENGINE/src/test/resources/testDataFiles/schema.json"]. @14-12-2021 01:58:50.0087 AM
[ReportManager] Assertion Passed: Then I Assert that the API response schema matches that in this file [src/test/resources/testDataFiles/schema.json]. @14-12-2021 01:58:50.0088 AM
[ReportManager] Successfully created attachment [Validation Test Data - Expected JSON Value] @14-12-2021 01:58:50.0133 AM
[ReportManager] Successfully created attachment [Validation Test Data - Actual JSON Value] @14-12-2021 01:58:50.0215 AM
[ReportManager] Assertion [ValidateResponseFileSchema] PASSED. Expected [Response data should match the JSON File in this path '/Users/runner/work/SHAFT_ENGINE/SHAFT_ENGINE/src/test/resources/testDataFiles/schema.json'] and Actual [TRUE]. Comparison Type [EQUALS]. Validation Type [POSITIVE]. @14-12-2021 01:58:50.0215 A
[ReportManager] File Action [GetAbsolutePath] successfully performed. With the following test data [Relative Folder Path: "target/downloadedFiles/"]. @14-12-2021 01:58:50.0340 AM
[ReportManager] Attempting to run locally on: [Mac-64], [Safari], Headless Execution. @14-12-2021 01:58:50.0340 AM
[ReportManager] Successfully Opened Safari. @14-12-2021 01:58:51.0187 AM
[ReportManager] Initial window size: (800, 600) @14-12-2021 01:58:51.0211 AM
[ReportManager] Window size after SWD Maximize: (1176, 803) @14-12-2021 01:58:51.0237 AM
[ReportManager] Browser Action [MaximizeWindow] successfully performed. With the following test data [New screen size is now: (1176, 803)]. @14-12-2021 01:58:51.0237 A

################################################################################################################################################
Starting Execution:	[123 out of 146] test cases in the current suite
Test Method:		[testPackage01.Test_dragAndDrop.dragAndDropJquery]
################################################################################################################################################
[ReportManager] Target URL: [https://jqueryui.com/resources/demos/droppable/default.html] @14-12-2021 01:58:51.0362 AM
[ReportManager] Initial URL: [] @14-12-2021 01:58:51.0408 AM
[ReportManager] Browser Action [NavigateToURL] successfully performed. With the following test data [https://jqueryui.com/resources/demos/droppable/default.html]. @14-12-2021 01:58:52.0049 AM
[ReportManager] Element Action [GetText] successfully performed. With the following test data [
	Drop here
]. @14-12-2021 01:58:52.0115 AM
[ReportManager] Element Action [DragAndDrop] successfully performed. With the following test data [Start point: (8, 18), End point: (8, 18)]. @14-12-2021 01:58:53.0194 AM
[ReportManager] Element Action [GetText] successfully performed. With the following test data [
	Dropped!
]. @14-12-2021 01:58:53.0233 AM
[ReportManager] Assertion Passed: Checking to see if the text has changed after performing drag and drop @14-12-2021 01:58:53.0233 AM
[ReportManager] Assertion [ValidateEquals] PASSED. Expected [
	Drop here
] and Actual [
	Dropped!
]. Comparison Type [EQUALS]. Validation Type [NEGATIVE]. @14-12-2021 01:58:53.0233 A
[ReportManager] Browser Action [CloseCurrentWindow] successfully performed. @14-12-2021 01:58:53.0702 AM
[ReportManager] Successfully created attachment [Browser Action Test Data - CloseCurrentWindow - Actual Value] @14-12-2021 01:58:53.0743 A
[ReportManager] File Action [GetAbsolutePath] successfully performed. With the following test data [Relative Folder Path: "target/downloadedFiles/"]. @14-12-2021 01:58:53.0867 AM
[ReportManager] Attempting to run locally on: [Mac-64], [Safari], Headless Execution. @14-12-2021 01:58:53.0867 AM
[ReportManager] Successfully Opened Safari. @14-12-2021 01:58:54.0721 AM
[ReportManager] Initial window size: (800, 600) @14-12-2021 01:58:54.0745 AM
[ReportManager] Window size after SWD Maximize: (1176, 803) @14-12-2021 01:58:54.0769 AM
[ReportManager] Browser Action [MaximizeWindow] successfully performed. With the following test data [New screen size is now: (1176, 803)]. @14-12-2021 01:58:54.0770 A

################################################################################################################################################
Starting Execution:	[124 out of 146] test cases in the current suite
Test Method:		[testPackage01.Test_dragAndDrop.dragAndDrop]
Test Description:	[TC001 - Test Drag and Drop function.]
################################################################################################################################################
[ReportManager] Target URL: [http://the-internet.herokuapp.com/drag_and_drop] @14-12-2021 01:58:54.0906 AM
[ReportManager] Initial URL: [] @14-12-2021 01:58:54.0937 AM
[ReportManager] Browser Action [NavigateToURL] successfully performed. With the following test data [http://the-internet.herokuapp.com/drag_and_drop]. @14-12-2021 01:58:56.0478 AM
[ReportManager] Attempting Drag and Drop @14-12-2021 01:58:56.0479 AM
[ReportManager] Element Action [DragAndDrop] successfully performed. With the following test data [Start point: (120, 89), End point: (335, 89)]. @14-12-2021 01:58:57.0153 A
[ReportManager] Browser Action [CloseCurrentWindow] successfully performed. @14-12-2021 01:58:57.0627 AM
[ReportManager] Successfully created attachment [Browser Action Test Data - CloseCurrentWindow - Actual Value] @14-12-2021 01:58:57.0668 A
[ReportManager] File Action [GetAbsolutePath] successfully performed. With the following test data [Relative Folder Path: "target/downloadedFiles/"]. @14-12-2021 01:58:57.0792 AM
[ReportManager] Attempting to run locally on: [Mac-64], [Safari], Headless Execution. @14-12-2021 01:58:57.0793 AM
[ReportManager] Successfully Opened Safari. @14-12-2021 01:58:58.0675 AM
[ReportManager] Initial window size: (800, 600) @14-12-2021 01:58:58.0696 AM
[ReportManager] Window size after SWD Maximize: (1176, 803) @14-12-2021 01:58:58.0712 AM
[ReportManager] Browser Action [MaximizeWindow] successfully performed. With the following test data [New screen size is now: (1176, 803)]. @14-12-2021 01:58:58.0712 A

################################################################################################################################################
Starting Execution:	[125 out of 146] test cases in the current suite
Test Method:		[testPackage01.Test_dragAndDrop.dragAndDropByOffset]
Test Description:	[TC002 - Test Drag and Drop by offset function.]
################################################################################################################################################
[ReportManager] Target URL: [https://jqueryui.com/resources/demos/draggable/default.html] @14-12-2021 01:58:58.0838 AM
[ReportManager] Initial URL: [] @14-12-2021 01:58:58.0873 AM
[ReportManager] Browser Action [NavigateToURL] successfully performed. With the following test data [https://jqueryui.com/resources/demos/draggable/default.html]. @14-12-2021 01:58:59.0782 AM
[ReportManager] Element Action [DragAndDropByOffset] successfully performed. With the following test data [Start point: (8, 8), End point: (108, 58)]. @14-12-2021 01:59:00.0552 A
[ReportManager] Browser Action [CloseCurrentWindow] successfully performed. @14-12-2021 01:59:00.0860 AM
[ReportManager] Successfully created attachment [Browser Action Test Data - CloseCurrentWindow - Actual Value] @14-12-2021 01:59:00.0894 A
[ReportManager] Successfully loaded the following test data file [src/test/resources/testDataFiles/testSuite01/TestData.xlsx]. @14-12-2021 01:59:00.0932 AM
[ReportManager] Successfully created attachment [Test Data - Excel] @14-12-2021 01:59:00.0972 AM
[ReportManager] File Action [GetAbsolutePath] successfully performed. With the following test data [Relative Folder Path: "target/downloadedFiles/"]. @14-12-2021 01:59:00.0972 AM
[ReportManager] Attempting to run locally on: [Mac-64], [Safari], Headless Execution. @14-12-2021 01:59:00.0973 AM
[ReportManager] Successfully Opened Safari. @14-12-2021 01:59:01.0860 AM
[ReportManager] Initial window size: (800, 600) @14-12-2021 01:59:01.0875 AM
[ReportManager] Window size after SWD Maximize: (1176, 803) @14-12-2021 01:59:01.0902 AM
[ReportManager] Browser Action [MaximizeWindow] successfully performed. With the following test data [New screen size is now: (1176, 803)]. @14-12-2021 01:59:01.0902 A

################################################################################################################################################
Starting Execution:	[126 out of 146] test cases in the current suite
Test Method:		[testPackage01.Test_google.navigateToURLandVerifyGoogleLogoIsDisplayed]
Test Description:	[TC001 - Navigate to URL and Verify Google Logo is Displayed]
################################################################################################################################################
[ReportManager] Target URL: [https://www.google.com/ncr], and after redirection: [https://www.google.com] @14-12-2021 01:59:02.0093 AM
[ReportManager] Initial URL: [] @14-12-2021 01:59:02.0126 AM
[ReportManager] Browser Action [NavigateToURL] successfully performed. With the following test data [https://www.google.com/ncr]. @14-12-2021 01:59:04.0435 AM
[ReportManager] Loaded Shared OpenCV @14-12-2021 01:59:04.0551 AM
[ReportManager] Assertion Passed: Then I Assert that the element found by [By.xpath: //*[@id='hplogo' or @alt='Google']] exists. @14-12-2021 01:59:04.0851 AM
[ReportManager] Successfully created attachment [Screenshot - 1639447144551_navigateToURLandVerifyGoogleLogoIsDisplayed_ValidateElementExists_passed] @14-12-2021 01:59:04.0933 AM
[ReportManager] Assertion [ValidateElementExists] PASSED. Expected [Element Should Exist, locator 'By.xpath: //*[@id='hplogo' or @alt='Google']'] and Actual [Element Exists]. Comparison Type [EQUALS]. Validation Type [POSITIVE]. @14-12-2021 01:59:04.0933 A

################################################################################################################################################
Starting Execution:	[127 out of 146] test cases in the current suite
Test Method:		[testPackage01.Test_google.searchForQueryandAssertResultsNumDisplayed]
Test Description:	[TC002 - Search for Query and Assert that the number of results is displayed]
################################################################################################################################################
[ReportManager] Element Action [Type] successfully performed. With the following test data [SHAFT_Engine]. @14-12-2021 01:59:05.0338 AM
[ReportManager] Element Action [KeyPress] successfully performed. With the following test data [Enter]. @14-12-2021 01:59:05.0413 AM
[ReportManager] Element Action [GetText] successfully performed. With the following test data [About 804,000 results (0.56 seconds)Â ]. @14-12-2021 01:59:06.0890 AM
[ReportManager] Loaded Shared OpenCV @14-12-2021 01:59:08.0180 AM
[ReportManager] Assertion Passed: Then I Assert that the element found by [By.id: appbar] text does not equal []. @14-12-2021 01:59:08.0373 AM
[ReportManager] Successfully created attachment [Screenshot - 1639447148180_searchForQueryandAssertResultsNumDisplayed_ValidateElementAttribute_passed] @14-12-2021 01:59:08.0415 AM
[ReportManager] Assertion [ValidateElementAttribute] PASSED. Expected [Value Should not be '' for the 'text' attribute, element locator 'By.id: appbar'] and Actual [About 804,000 results (0.56 seconds)Â ]. Comparison Type [EQUALS]. Validation Type [NEGATIVE]. @14-12-2021 01:59:08.0415 A

################################################################################################################################################
Starting Execution:	[128 out of 146] test cases in the current suite
Test Method:		[testPackage01.Test_google.clickNextThrice]
Test Description:	[TC003 - Clicks the next button to make sure that the framework can scroll element into view before clicking it]
################################################################################################################################################
[ReportManager] Element Action [Click] successfully performed. With the following test data [By.xpath: //span[text()='Next']]. @14-12-2021 01:59:08.0629 A
[ReportManager] Successfully Closed All Drivers. @14-12-2021 01:59:09.0079 A
[ReportManager] File Action [GetAbsolutePath] successfully performed. With the following test data [Relative Folder Path: "target/downloadedFiles/"]. @14-12-2021 01:59:09.0121 AM
[ReportManager] Attempting to run locally on: [Mac-64], [Safari], Headless Execution. @14-12-2021 01:59:09.0122 AM
[ReportManager] Successfully Opened Safari. @14-12-2021 01:59:10.0042 AM
[ReportManager] Initial window size: (800, 600) @14-12-2021 01:59:10.0074 AM
[ReportManager] Window size after SWD Maximize: (1176, 803) @14-12-2021 01:59:10.0178 AM
[ReportManager] Browser Action [MaximizeWindow] successfully performed. With the following test data [New screen size is now: (1176, 803)]. @14-12-2021 01:59:10.0178 A

################################################################################################################################################
Starting Execution:	[129 out of 146] test cases in the current suite
Test Method:		[testPackage01.Test_chainableElementActions.chainElementActions]
################################################################################################################################################
[ReportManager] Target URL: [https://www.google.com/ncr], and after redirection: [https://www.google.com] @14-12-2021 01:59:10.0507 AM
[ReportManager] Initial URL: [] @14-12-2021 01:59:10.0540 AM
[ReportManager] Browser Action [NavigateToURL] successfully performed. With the following test data [https://www.google.com/ncr]. @14-12-2021 01:59:12.0919 AM
[ReportManager] Element Action [Type] successfully performed. With the following test data [chained type 1]. @14-12-2021 01:59:13.0171 AM
[ReportManager] Element Action [Type] successfully performed. With the following test data [chained type 2]. @14-12-2021 01:59:13.0558 AM
[ReportManager] Element Action [TypeAppend] successfully performed. With the following test data [345]. @14-12-2021 01:59:13.0618 AM
[ReportManager] Element Action [GetText] successfully performed. With the following test data [chained type 2345]. @14-12-2021 01:59:13.0686 AM
[ReportManager] Loaded Shared OpenCV @14-12-2021 01:59:13.0752 AM
[ReportManager] Assertion Passed: Then I Assert that the element found by [By.name: q] text is equal to [chained type 2345]. @14-12-2021 01:59:14.0144 AM
[ReportManager] Successfully created attachment [Screenshot - 1639447153752_chainElementActions_ValidateElementAttribute_passed] @14-12-2021 01:59:14.0227 AM
[ReportManager] Assertion [ValidateElementAttribute] PASSED. Expected [Value Should be 'chained type 2345' for the 'text' attribute, element locator 'By.name: q'] and Actual [chained type 2345]. Comparison Type [EQUALS]. Validation Type [POSITIVE]. @14-12-2021 01:59:14.0227 A
[ReportManager] Successfully Closed All Drivers. @14-12-2021 01:59:14.0702 A
[ReportManager] File Action [GetAbsolutePath] successfully performed. With the following test data [Relative Folder Path: "target/downloadedFiles/"]. @14-12-2021 01:59:14.0789 AM
[ReportManager] Attempting to run locally on: [Mac-64], [Safari], Headless Execution. @14-12-2021 01:59:14.0790 AM
[ReportManager] Successfully Opened Safari. @14-12-2021 01:59:15.0890 AM
[ReportManager] Initial window size: (800, 600) @14-12-2021 01:59:15.0903 AM
[ReportManager] Window size after SWD Maximize: (1176, 803) @14-12-2021 01:59:15.0943 AM
[ReportManager] Browser Action [MaximizeWindow] successfully performed. With the following test data [New screen size is now: (1176, 803)]. @14-12-2021 01:59:15.0943 A

################################################################################################################################################
Starting Execution:	[130 out of 146] test cases in the current suite
Test Method:		[testPackage01.Test_RelativeLocators.relativeLocatorsTest1]
################################################################################################################################################
[ReportManager] Target URL: [https://duckduckgo.com/] @14-12-2021 01:59:16.0154 AM
[ReportManager] Initial URL: [] @14-12-2021 01:59:16.0278 AM
[ReportManager] Browser Action [NavigateToURL] successfully performed. With the following test data [https://duckduckgo.com/]. @14-12-2021 01:59:17.0176 AM
[ReportManager] Element Action [Type] successfully performed. With the following test data [SHAFT_Engine]. @14-12-2021 01:59:17.0404 AM
[ReportManager] Element Action [KeyPress] successfully performed. With the following test data [ENTER]. @14-12-2021 01:59:17.0473 AM
[ReportManager] Element Action [GetText] successfully performed. With the following test data [GitHub - MohabMohie/SHAFT_ENGINE: SHAFT_ENGINE is a Test ...]. @14-12-2021 01:59:19.0037 AM
[ReportManager] Loaded Shared OpenCV @14-12-2021 01:59:19.0187 AM
[ReportManager] Assertion Passed: Then I Assert that the element found by [Relative Locator: {root={xpath=//a[@class='result__a js-result-title-link']}, filters=[{kind=below, args=[{xpath=//input[@name='q']}]}]}] text does not equal []. @14-12-2021 01:59:19.0492 AM
[ReportManager] Successfully created attachment [Screenshot - 1639447159187_relativeLocatorsTest1_ValidateElementAttribute_passed] @14-12-2021 01:59:19.0582 AM
[ReportManager] Assertion [ValidateElementAttribute] PASSED. Expected [Value Should not be '' for the 'text' attribute, element locator '[unknown locator]'] and Actual [GitHub - MohabMohie/SHAFT_ENGINE: SHAFT_ENGINE is a Test ...]. Comparison Type [EQUALS]. Validation Type [NEGATIVE]. @14-12-2021 01:59:19.0582 A
[ReportManager] Browser Action [CloseCurrentWindow] successfully performed. @14-12-2021 01:59:19.0826 AM
[ReportManager] Successfully created attachment [Browser Action Test Data - CloseCurrentWindow - Actual Value] @14-12-2021 01:59:19.0909 A

################################################################################################################################################
Starting Execution:	[131 out of 146] test cases in the current suite
Test Method:		[testPackage01.Test_JsonCompareWithSpecialCharacters.specialCharacters]
################################################################################################################################################
[ReportManager] File Action [GetAbsolutePath] successfully performed. With the following test data [Relative Folder Path: "src/test/resources/testDataFiles/specialCharacters.json"]. @14-12-2021 01:59:20.0037 AM
[ReportManager] File Action [ReadFromFile] successfully performed. With the following test data [File Path: "/Users/runner/work/SHAFT_ENGINE/SHAFT_ENGINE/src/test/resources/testDataFiles/specialCharacters.json"]. @14-12-2021 01:59:20.0037 AM
[ReportManager] Successfully created attachment [File Action Actual Result - Command Log] @14-12-2021 01:59:20.0119 AM
[ReportManager] Comparing the provided API response with the file at this path "src/test/resources/testDataFiles/specialCharacters.json", comparison type "EQUALS" @14-12-2021 01:59:20.0121 AM
[ReportManager] API Action [CompareJSON] successfully performed. With the following test data [src/test/resources/testDataFiles/specialCharacters.json]. @14-12-2021 01:59:20.0129 AM
[ReportManager] File Action [GetAbsolutePath] successfully performed. With the following test data [Relative Folder Path: "src/test/resources/testDataFiles/specialCharacters.json"]. @14-12-2021 01:59:20.0129 AM
[ReportManager] File Action [ReadFromFile] successfully performed. With the following test data [File Path: "/Users/runner/work/SHAFT_ENGINE/SHAFT_ENGINE/src/test/resources/testDataFiles/specialCharacters.json"]. @14-12-2021 01:59:20.0129 AM
[ReportManager] Verification [ValidateJSONFileContent] PASSED. Expected [Response data should match the JSON File in this path 'src/test/resources/testDataFiles/specialCharacters.json'] and Actual [TRUE]. Comparison Type [EQUALS]. Validation Type [POSITIVE]. @14-12-2021 01:59:20.0136 AM
[ReportManager] Successfully created attachment [Validation Test Data - Expected JSON Value] @14-12-2021 01:59:20.0218 AM
[ReportManager] Successfully created attachment [Validation Test Data - Actual JSON Value] @14-12-2021 01:59:20.0300 A

################################################################################################################################################
Starting Execution:	[132 out of 146] test cases in the current suite
Test Method:		[testPackage01.Test_JsonCompareWithSpecialCharacters.specialCharacters_assertion]
################################################################################################################################################
[ReportManager] File Action [GetAbsolutePath] successfully performed. With the following test data [Relative Folder Path: "src/test/resources/testDataFiles/specialCharacters.json"]. @14-12-2021 01:59:20.0426 AM
[ReportManager] File Action [ReadFromFile] successfully performed. With the following test data [File Path: "/Users/runner/work/SHAFT_ENGINE/SHAFT_ENGINE/src/test/resources/testDataFiles/specialCharacters.json"]. @14-12-2021 01:59:20.0426 AM
[ReportManager] Successfully created attachment [File Action Actual Result - Command Log] @14-12-2021 01:59:20.0508 AM
[ReportManager] Comparing the provided API response with the file at this path "src/test/resources/testDataFiles/specialCharacters.json", comparison type "CONTAINS" @14-12-2021 01:59:20.0509 AM
[ReportManager] API Action [CompareJSON] successfully performed. With the following test data [src/test/resources/testDataFiles/specialCharacters.json]. @14-12-2021 01:59:20.0522 AM
[ReportManager] File Action [GetAbsolutePath] successfully performed. With the following test data [Relative Folder Path: "src/test/resources/testDataFiles/specialCharacters.json"]. @14-12-2021 01:59:20.0522 AM
[ReportManager] File Action [ReadFromFile] successfully performed. With the following test data [File Path: "/Users/runner/work/SHAFT_ENGINE/SHAFT_ENGINE/src/test/resources/testDataFiles/specialCharacters.json"]. @14-12-2021 01:59:20.0523 AM
[ReportManager] Assertion Passed: trying out the log message @14-12-2021 01:59:20.0527 AM
[ReportManager] Successfully created attachment [Validation Test Data - Expected JSON Value] @14-12-2021 01:59:20.0529 AM
[ReportManager] Successfully created attachment [Validation Test Data - Actual JSON Value] @14-12-2021 01:59:20.0529 AM
[ReportManager] Assertion [ValidateJSONFileContent] PASSED. Expected [Response data should match the JSON File in this path 'src/test/resources/testDataFiles/specialCharacters.json'] and Actual [TRUE]. Comparison Type [CONTAINS]. Validation Type [POSITIVE]. @14-12-2021 01:59:20.0530 A

################################################################################################################################################
Starting Execution:	[133 out of 146] test cases in the current suite
Test Method:		[testPackage01.Test_SkipDueToIssue.doNotSkip]
################################################################################################################################################
[ReportManager] This should not be skipped. @14-12-2021 01:59:20.0533 A

################################################################################################################################################
Starting Execution:	[134 out of 146] test cases in the current suite
Test Method:		[testPackage01.Test_SkipDueToIssue.skip]
################################################################################################################################################
[ReportManager] This should be skipped. @14-12-2021 01:59:20.0623 A

################################################################################################################################################
Starting Execution:	[135 out of 146] test cases in the current suite
Test Method:		[testPackage01.Test_SkipDueToIssue.skip2]
################################################################################################################################################
[ReportManager] This should be skipped. @14-12-2021 01:59:20.0792 A

################################################################################################################################################
Starting Execution:	[136 out of 146] test cases in the current suite
Test Method:		[testPackage01.Test_JSONFileManager.readStringFromJson]
################################################################################################################################################
[ReportManager] File Action [GetAbsolutePath] successfully performed. With the following test data [Relative Folder Path: "src/test/resources/testDataFiles/simpleJSON.json"]. @14-12-2021 01:59:20.0918 AM
[ReportManager] Successfully loaded the following test data file [src/test/resources/testDataFiles/simpleJSON.json]. @14-12-2021 01:59:20.0941 AM
[ReportManager] Successfully created attachment [Test Data - JSON] @14-12-2021 01:59:21.0022 AM
[ReportManager] File Action [GetAbsolutePath] successfully performed. With the following test data [Relative Folder Path: "src/test/resources/testDataFiles/simpleJSON.json"]. @14-12-2021 01:59:21.0024 AM
[ReportManager] Assertion [ValidateEquals] PASSED. Expected [Mohab Mohie] and Actual [Mohab Mohie]. Comparison Type [EQUALS]. Validation Type [POSITIVE]. @14-12-2021 01:59:21.0036 A
[ReportManager] File Action [GetAbsolutePath] successfully performed. With the following test data [Relative Folder Path: "target/downloadedFiles/"]. @14-12-2021 01:59:21.0162 AM
[ReportManager] Attempting to run locally on: [Mac-64], [Safari], Headless Execution. @14-12-2021 01:59:21.0162 AM
[ReportManager] An Exception Occured with this Message: Could not start a new session. Possible causes are invalid address of the remote server or browser start-up failure.. @14-12-2021 01:59:21.0311 AM
[ReportManager] Successfully created attachment [Exception Stack Trace - org.openqa.selenium.SessionNotCreatedException] @14-12-2021 01:59:21.0393 AM
[ReportManager] Driver Factory Action [createNewLocalDriverInstanceForSafari] failed. With the following test data [Failed to create a session on DESKTOP_SAFARI]. @14-12-2021 01:59:21.0393 A

################################################################################################################################################
Starting Execution:	[137 out of 146] test cases in the current suite
Test Method:		[testPackage01.Test_assertEquals.test_assertElementAttribute]
###############################################################################################################################################

[ReportManager] File Action [GetAbsolutePath] successfully performed. With the following test data [Relative Folder Path: "target/downloadedFiles/"]. @14-12-2021 01:59:21.0920 AM
[ReportManager] Attempting to run locally on: [Mac-64], [Safari], Headless Execution. @14-12-2021 01:59:21.0920 AM
[ReportManager] Successfully Opened Safari. @14-12-2021 01:59:23.0434 AM
[ReportManager] Initial window size: (800, 600) @14-12-2021 01:59:23.0460 AM
[ReportManager] Window size after SWD Maximize: (1176, 803) @14-12-2021 01:59:23.0474 AM
[ReportManager] Browser Action [MaximizeWindow] successfully performed. With the following test data [New screen size is now: (1176, 803)]. @14-12-2021 01:59:23.0475 A

################################################################################################################################################
Starting Execution:	[138 out of 146] test cases in the current suite
Test Method:		[testPackage01.Test_IsElementClickable.testIsElementClickable]
################################################################################################################################################
[ReportManager] Target URL: [https://the-internet.herokuapp.com/] @14-12-2021 01:59:23.0601 AM
[ReportManager] Initial URL: [] @14-12-2021 01:59:23.0631 AM
[ReportManager] Browser Action [NavigateToURL] successfully performed. With the following test data [https://the-internet.herokuapp.com/]. @14-12-2021 01:59:25.0374 AM
[ReportManager] Element Action [IsElementClickable] successfully performed. @14-12-2021 01:59:25.0473 AM
[ReportManager] Assertion [ValidateTrue] PASSED. Expected [TRUE] and Actual [TRUE]. Validation Type [POSITIVE]. @14-12-2021 01:59:25.0474 A
[ReportManager] Browser Action [CloseCurrentWindow] successfully performed. @14-12-2021 01:59:26.0080 AM
[ReportManager] Successfully created attachment [Browser Action Test Data - CloseCurrentWindow - Actual Value] @14-12-2021 01:59:26.0121 A
[ReportManager] Successfully loaded the following test data file [src/test/resources/testDataFiles/testSuite01/TestData.xlsx]. @14-12-2021 01:59:26.0275 AM
[ReportManager] Successfully created attachment [Test Data - Excel] @14-12-2021 01:59:26.0356 AM
[ReportManager] Attempting to run using Playwright locally on: [Mac-64], [Safari], Headless Execution. @14-12-2021 02:01:50.0645 AM
[ReportManager] File Action [GetAbsolutePath] successfully performed. With the following test data [Relative Folder Path: "target/downloadedFiles/"]. @14-12-2021 02:01:50.0646 AM
[ReportManager] Initial window size: (1280, 720) @14-12-2021 02:01:55.0934 AM
[ReportManager] Window size after Toolkit: com.microsoft.playwright.options.ViewportSize@5411c5c9 @14-12-2021 02:01:55.0945 AM
[ReportManager] Browser Action [MaximizeWindow] successfully performed. With the following test data [New screen size is now: (1920, 1080)]. @14-12-2021 02:01:55.0946 A

################################################################################################################################################
Starting Execution:	[139 out of 146] test cases in the current suite
Test Method:		[testPackage01.Test_google_playwright.navigateToURLandVerifyGoogleLogoIsDisplayed]
Test Description:	[TC001 - Navigate to URL and Verify Google Logo is Displayed]
################################################################################################################################################
[ReportManager] Target URL: [https://www.google.com/ncr], and after redirection: [https://www.google.com] @14-12-2021 02:01:56.0087 AM
[ReportManager] Initial URL: [about:blank] @14-12-2021 02:01:56.0430 AM
[ReportManager] Browser Action [NavigateToURL] successfully performed. With the following test data [https://www.google.com/ncr]. @14-12-2021 02:01:59.0957 AM
[ReportManager] Loaded Shared OpenCV @14-12-2021 02:02:00.0088 AM
[ReportManager] Assertion [ValidateElementExists] PASSED. Expected [Element Should Exist, locator 'xpath=//*[@id='hplogo' or @alt='Google']'] and Actual [Element Exists]. Comparison Type [EQUALS]. Validation Type [POSITIVE]. @14-12-2021 02:02:00.0278 AM
[ReportManager] Successfully created attachment [Screenshot - 1639447320084_navigateToURLandVerifyGoogleLogoIsDisplayed_ValidateElementExists_passed] @14-12-2021 02:02:00.0279 A

################################################################################################################################################
Starting Execution:	[140 out of 146] test cases in the current suite
Test Method:		[testPackage01.Test_google_playwright.searchForQueryandAssertResultsNumDisplayed]
Test Description:	[TC002 - Search for Query and Assert that the number of results is displayed]
################################################################################################################################################
[ReportManager] Element Action [Type] successfully performed. With the following test data [SHAFT_Engine]. @14-12-2021 02:02:00.0449 AM
[ReportManager] Element Action [KeyPress] successfully performed. With the following test data [Enter]. @14-12-2021 02:02:00.0485 AM
[ReportManager] Element Action [GetText] successfully performed. With the following test data [About 804,000 results (0.60 seconds)Â 
]. @14-12-2021 02:02:01.0427 AM
[ReportManager] Loaded Shared OpenCV @14-12-2021 02:02:04.0066 AM
[ReportManager] Assertion [ValidateElementAttribute] PASSED. Expected [Value Should not be '' for the 'text' attribute, element locator 'xpath=//div[@id='appbar']'] and Actual [About 804,000 results (0.60 seconds)Â 
]. Comparison Type [EQUALS]. Validation Type [NEGATIVE]. @14-12-2021 02:02:04.0268 AM
[ReportManager] Successfully created attachment [Screenshot - 1639447324064_searchForQueryandAssertResultsNumDisplayed_ValidateElementAttribute_passed] @14-12-2021 02:02:04.0270 A

################################################################################################################################################
Starting Execution:	[141 out of 146] test cases in the current suite
Test Method:		[testPackage01.Test_google_playwright.clickNextThrice]
Test Description:	[TC003 - Clicks the next button to make sure that the framework can scroll element into view before clicking it]
################################################################################################################################################
[ReportManager] Element Action [Click] successfully performed. With the following test data [Next]. @14-12-2021 02:02:04.0724 A
[ReportManager] Failed to find video recording. @14-12-2021 02:02:04.0730 AM
[ReportManager] Successfully Closed PlayWright Driver. @14-12-2021 02:02:04.0799 A
[ReportManager] File Action [GetAbsolutePath] successfully performed. With the following test data [Relative Folder Path: "target/downloadedFiles/"]. @14-12-2021 02:02:04.0801 AM
[ReportManager] Attempting to run locally on: [Mac-64], [Safari], Headless Execution. @14-12-2021 02:02:04.0802 AM
[ReportManager] An Exception Occured with this Message: Could not start a new session. Possible causes are invalid address of the remote server or browser start-up failure.. @14-12-2021 02:02:05.0026 AM
[ReportManager] Successfully created attachment [Exception Stack Trace - org.openqa.selenium.SessionNotCreatedException] @14-12-2021 02:02:05.0028 AM
[ReportManager] Driver Factory Action [createNewLocalDriverInstanceForSafari] failed. With the following test data [Failed to create a session on DESKTOP_SAFARI]. @14-12-2021 02:02:05.0028 A

################################################################################################################################################
Starting Execution:	[142 out of 146] test cases in the current suite
Test Method:		[testPackage01.Test_verifyEquals.test_assertElementAttribute]
###############################################################################################################################################


################################################################################################################################################
Starting Execution:	[143 out of 146] test cases in the current suite
Test Method:		[testPackage01.Test_SelectedValue.multipleSelect]
################################################################################################################################################
[ReportManager] File Action [GetAbsolutePath] successfully performed. With the following test data [Relative Folder Path: "target/downloadedFiles/"]. @14-12-2021 02:02:05.0042 AM
[ReportManager] Attempting to run locally on: [Mac-64], [GoogleChrome], Headless Execution. @14-12-2021 02:02:05.0044 AM
[ReportManager] Identifying OS/Driver combination and selecting the correct driver version automatically. Please note that if a new driver executable will be downloaded it may take some time... @14-12-2021 02:02:05.0044 AM
[ReportManager] Successfully Opened Google Chrome. @14-12-2021 02:02:09.0369 AM
[ReportManager] Initial window size: (1920, 1080) @14-12-2021 02:02:09.0373 AM
[ReportManager] Window size after SWD Maximize: (1920, 1080) @14-12-2021 02:02:09.0490 AM
[ReportManager] Window size after Toolkit: (1920, 1080) @14-12-2021 02:02:09.0956 AM
[ReportManager] Browser Action [MaximizeWindow] successfully performed. With the following test data [New screen size is now: (1920, 1080)]. @14-12-2021 02:02:09.0961 AM
[ReportManager] Target URL: [https://yari-demos.prod.mdn.mozit.cloud/en-US/docs/Web/HTML/Element/select/_sample_.Advanced_select_with_multiple_features.html] @14-12-2021 02:02:09.0961 AM
[ReportManager] Initial URL: [data:,] @14-12-2021 02:02:09.0997 AM
[ReportManager] Browser Action [NavigateToURL] successfully performed. With the following test data [https://yari-demos.prod.mdn.mozit.cloud/en-US/docs/Web/HTML/Element/select/_sample_.Advanced_select_with_multiple_features.html]. @14-12-2021 02:02:10.0471 AM
[ReportManager] Element Action [Select] successfully performed. With the following test data [Dog]. @14-12-2021 02:02:10.0700 AM
[ReportManager] Element Action [Select] successfully performed. With the following test data [Cat]. @14-12-2021 02:02:10.0871 AM
[ReportManager] Element Action [GetSelectedText] successfully performed. With the following test data [DogCat]. @14-12-2021 02:02:10.0982 AM
[ReportManager] DogCat @14-12-2021 02:02:10.0983 AM
[ReportManager] Element Action [GetSelectedText] successfully performed. With the following test data [DogCat]. @14-12-2021 02:02:11.0085 AM
[ReportManager] Loaded Shared OpenCV @14-12-2021 02:02:11.0480 AM
[ReportManager] Assertion [ValidateElementAttribute] PASSED. Expected [Value Should be 'DogCat' for the 'selectedText' attribute, element locator 'By.tagName: select'] and Actual [DogCat]. Comparison Type [EQUALS]. Validation Type [POSITIVE]. @14-12-2021 02:02:11.0655 AM
[ReportManager] Successfully created attachment [Screenshot - 1639447331480_multipleSelect_ValidateElementAttribute_passed] @14-12-2021 02:02:11.0656 AM
[ReportManager] Browser Action [CloseCurrentWindow] successfully performed. @14-12-2021 02:02:11.0794 AM
[ReportManager] Successfully created attachment [Browser Action Test Data - CloseCurrentWindow - Actual Value] @14-12-2021 02:02:11.0795 A

################################################################################################################################################
Starting Execution:	[144 out of 146] test cases in the current suite
Test Method:		[testPackage01.Test_SelectedValue.simpleSelect]
################################################################################################################################################
[ReportManager] File Action [GetAbsolutePath] successfully performed. With the following test data [Relative Folder Path: "target/downloadedFiles/"]. @14-12-2021 02:02:11.0800 AM
[ReportManager] Attempting to run locally on: [Mac-64], [GoogleChrome], Headless Execution. @14-12-2021 02:02:11.0800 AM
[ReportManager] Identifying OS/Driver combination and selecting the correct driver version automatically. Please note that if a new driver executable will be downloaded it may take some time... @14-12-2021 02:02:11.0800 AM
[ReportManager] Successfully Opened Google Chrome. @14-12-2021 02:02:12.0349 AM
[ReportManager] Initial window size: (1920, 1080) @14-12-2021 02:02:12.0353 AM
[ReportManager] Window size after SWD Maximize: (1920, 1080) @14-12-2021 02:02:12.0484 AM
[ReportManager] Window size after Toolkit: (1920, 1080) @14-12-2021 02:02:13.0095 AM
[ReportManager] Browser Action [MaximizeWindow] successfully performed. With the following test data [New screen size is now: (1920, 1080)]. @14-12-2021 02:02:13.0098 AM
[ReportManager] Target URL: [https://yari-demos.prod.mdn.mozit.cloud/en-US/docs/Web/HTML/Element/select/_sample_.Basic_select.html] @14-12-2021 02:02:13.0099 AM
[ReportManager] Initial URL: [data:,] @14-12-2021 02:02:13.0130 AM
[ReportManager] Browser Action [NavigateToURL] successfully performed. With the following test data [https://yari-demos.prod.mdn.mozit.cloud/en-US/docs/Web/HTML/Element/select/_sample_.Basic_select.html]. @14-12-2021 02:02:13.0362 AM
[ReportManager] Element Action [Select] successfully performed. With the following test data [Third Value]. @14-12-2021 02:02:13.0639 AM
[ReportManager] Element Action [GetSelectedText] successfully performed. With the following test data [Third Value]. @14-12-2021 02:02:13.0718 AM
[ReportManager] Third Value @14-12-2021 02:02:13.0719 AM
[ReportManager] Element Action [GetSelectedText] successfully performed. With the following test data [Third Value]. @14-12-2021 02:02:13.0789 AM
[ReportManager] Loaded Shared OpenCV @14-12-2021 02:02:14.0180 AM
[ReportManager] Assertion [ValidateElementAttribute] PASSED. Expected [Value Should be 'Third Value' for the 'selectedText' attribute, element locator 'By.tagName: select'] and Actual [Third Value]. Comparison Type [EQUALS]. Validation Type [POSITIVE]. @14-12-2021 02:02:14.0394 AM
[ReportManager] Successfully created attachment [Screenshot - 1639447334180_simpleSelect_ValidateElementAttribute_passed] @14-12-2021 02:02:14.0395 AM
[ReportManager] Browser Action [CloseCurrentWindow] successfully performed. @14-12-2021 02:02:14.0582 AM
[ReportManager] Successfully created attachment [Browser Action Test Data - CloseCurrentWindow - Actual Value] @14-12-2021 02:02:14.0584 A
[ReportManager] File Action [GetAbsolutePath] successfully performed. With the following test data [Relative Folder Path: "target/downloadedFiles/"]. @14-12-2021 02:02:14.0587 AM
[ReportManager] Attempting to run locally on: [Mac-64], [Safari], Headless Execution. @14-12-2021 02:02:14.0587 AM
[ReportManager] An Exception Occured with this Message: Could not start a new session. Possible causes are invalid address of the remote server or browser start-up failure.. @14-12-2021 02:02:14.0650 AM
[ReportManager] Successfully created attachment [Exception Stack Trace - org.openqa.selenium.SessionNotCreatedException] @14-12-2021 02:02:14.0651 AM
[ReportManager] Driver Factory Action [createNewLocalDriverInstanceForSafari] failed. With the following test data [Failed to create a session on DESKTOP_SAFARI]. @14-12-2021 02:02:14.0651 A

################################################################################################################################################
Starting Execution:	[145 out of 146] test cases in the current suite
Test Method:		[testPackage01.Test_dynamicLoading.dynamicLoading_elementIsHidden]
###############################################################################################################################################



################################################################################################################################################
Starting Execution:	[146 out of 146] test cases in the current suite
Test Method:		[testPackage01.Test_dynamicLoading.dynamicLoading_elementIsRendered]
###############################################################################################################################################

[ReportManager] Successfully created attachment [SHAFT Engine Logs - Execution log] @14-12-2021 02:02:14.0694 AM

################################################################################################################################################
This test run was powered by SHAFT Engine Version: [SHAFT Engine v5.4.20211202-BETA]
SHAFT Engine is licensed under the MIT License: [https://github.com/MohabMohie/SHAFT_ENGINE/blob/master/LICENSE].
################################################################################################################################################