################################################################################################################################################
Detected SHAFT Engine Version: [SHAFT Engine v5.4.20211104-BETA]
################################################################################################################################################
[ReportManager] File Action [GetAbsolutePath] successfully performed. With the following test data [Relative Folder Path: "target/downloadedFiles/"]. @12-11-2021 01:50:29.0248 AM
[ReportManager] Attempting to run locally on: [Mac-64], [Safari], Headless Execution. @12-11-2021 01:50:29.0264 AM
[ReportManager] Successfully Opened Safari. @12-11-2021 01:50:34.0375 AM
[ReportManager] Initial window size: (800, 600) @12-11-2021 01:50:34.0413 AM
[ReportManager] Window size after SWD Maximize: (1176, 810) @12-11-2021 01:50:34.0465 AM
[ReportManager] Browser Action [MaximizeWindow] successfully performed. With the following test data [New screen size is now: (1176, 810)]. @12-11-2021 01:50:34.0475 A

################################################################################################################################################
Starting Execution:	[1 out of 146] test cases in the current suite
Test Method:		[unitTests.tests_element_elementActions.waitForElementToBePresent_false_expectedToFail]
################################################################################################################################################
[ReportManager] Target URL: [https://www.google.com/ncr], and after redirection: [www.google.com] @12-11-2021 01:50:34.0739 AM
[ReportManager] Initial URL: [] @12-11-2021 01:50:34.0818 AM
[ReportManager] Browser Action [NavigateToURL] successfully performed. With the following test data [https://www.google.com/ncr]. @12-11-2021 01:50:36.0280 AM
[ReportManager] Waiting for element to be present; elementLocator [By.xpath: //*[@id='hplogo' or @alt='Google']], numberOfTries[1], stateOfPresence[false]... @12-11-2021 01:50:36.0298 AM
[ReportManager] Element Action [WaitForElementToBePresent] failed. With the following test data [waited for the element's state of presence to be (false). Element locator (By.xpath: //*[@id='hplogo' or @alt='Google'])]. @12-11-2021 01:50:39.0337 AM
[ReportManager] Successfully created attachment [Screenshot - 1636681836467_waitForElementToBePresent_false_expectedToFail_WaitForElementToBePresent_failed] @12-11-2021 01:50:39.0365 A
[ReportManager] Browser Action [CloseCurrentWindow] successfully performed. @12-11-2021 01:50:39.0492 AM
[ReportManager] Successfully created attachment [Browser Action Test Data - CloseCurrentWindow - Actual Value] @12-11-2021 01:50:39.0494 A
[ReportManager] File Action [GetAbsolutePath] successfully performed. With the following test data [Relative Folder Path: "target/downloadedFiles/"]. @12-11-2021 01:50:39.0508 AM
[ReportManager] Attempting to run locally on: [Mac-64], [Safari], Headless Execution. @12-11-2021 01:50:39.0509 AM
[ReportManager] Successfully Opened Safari. @12-11-2021 01:50:40.0510 AM
[ReportManager] Initial window size: (800, 600) @12-11-2021 01:50:40.0602 AM
[ReportManager] Window size after SWD Maximize: (1176, 811) @12-11-2021 01:50:40.0623 AM
[ReportManager] Browser Action [MaximizeWindow] successfully performed. With the following test data [New screen size is now: (1176, 811)]. @12-11-2021 01:50:40.0630 A

################################################################################################################################################
Starting Execution:	[2 out of 146] test cases in the current suite
Test Method:		[unitTests.tests_element_elementActions.waitForElementToBePresent_false_expectedToPass]
################################################################################################################################################
[ReportManager] Target URL: [https://www.google.com/ncr], and after redirection: [www.google.com] @12-11-2021 01:50:40.0641 AM
[ReportManager] Initial URL: [] @12-11-2021 01:50:40.0846 AM
[ReportManager] Browser Action [NavigateToURL] successfully performed. With the following test data [https://www.google.com/ncr]. @12-11-2021 01:50:42.0332 AM
[ReportManager] Waiting for element to be present; elementLocator [By.id: bla], numberOfTries[1], stateOfPresence[false]... @12-11-2021 01:50:42.0333 A
[ReportManager] Browser Action [CloseCurrentWindow] successfully performed. @12-11-2021 01:50:42.0765 AM
[ReportManager] Successfully created attachment [Browser Action Test Data - CloseCurrentWindow - Actual Value] @12-11-2021 01:50:42.0766 A
[ReportManager] File Action [GetAbsolutePath] successfully performed. With the following test data [Relative Folder Path: "target/downloadedFiles/"]. @12-11-2021 01:50:42.0773 AM
[ReportManager] Attempting to run locally on: [Mac-64], [Safari], Headless Execution. @12-11-2021 01:50:42.0773 AM
[ReportManager] Successfully Opened Safari. @12-11-2021 01:50:43.0722 AM
[ReportManager] Initial window size: (800, 600) @12-11-2021 01:50:43.0745 AM
[ReportManager] Window size after SWD Maximize: (1176, 811) @12-11-2021 01:50:43.0807 AM
[ReportManager] Browser Action [MaximizeWindow] successfully performed. With the following test data [New screen size is now: (1176, 811)]. @12-11-2021 01:50:43.0807 A

################################################################################################################################################
Starting Execution:	[3 out of 146] test cases in the current suite
Test Method:		[unitTests.tests_element_elementActions.waitForElementToBePresent_moreThanOneElement_expectedToFail]
################################################################################################################################################
[ReportManager] Target URL: [https://www.google.com/ncr], and after redirection: [www.google.com] @12-11-2021 01:50:43.0811 AM
[ReportManager] Initial URL: [] @12-11-2021 01:50:43.0860 AM
[ReportManager] Browser Action [NavigateToURL] successfully performed. With the following test data [https://www.google.com/ncr]. @12-11-2021 01:50:44.0735 AM
[ReportManager] Waiting for element to be present; elementLocator [By.xpath: //*], numberOfTries[1], stateOfPresence[false]... @12-11-2021 01:50:44.0735 AM
[ReportManager] Element Action [WaitForElementToBePresent] failed. With the following test data [waited for the element's state of presence to be (false). Element locator (By.xpath: //*)]. @12-11-2021 01:50:44.0960 AM
[ReportManager] Successfully created attachment [Screenshot - 1636681844832_waitForElementToBePresent_moreThanOneElement_expectedToFail_WaitForElementToBePresent_failed] @12-11-2021 01:50:44.0970 A
[ReportManager] Browser Action [CloseCurrentWindow] successfully performed. @12-11-2021 01:50:45.0239 AM
[ReportManager] Successfully created attachment [Browser Action Test Data - CloseCurrentWindow - Actual Value] @12-11-2021 01:50:45.0241 A
[ReportManager] File Action [GetAbsolutePath] successfully performed. With the following test data [Relative Folder Path: "target/downloadedFiles/"]. @12-11-2021 01:50:45.0248 AM
[ReportManager] Attempting to run locally on: [Mac-64], [Safari], Headless Execution. @12-11-2021 01:50:45.0248 AM
[ReportManager] Successfully Opened Safari. @12-11-2021 01:50:46.0166 AM
[ReportManager] Initial window size: (800, 600) @12-11-2021 01:50:46.0176 AM
[ReportManager] Window size after SWD Maximize: (1176, 811) @12-11-2021 01:50:46.0223 AM
[ReportManager] Browser Action [MaximizeWindow] successfully performed. With the following test data [New screen size is now: (1176, 811)]. @12-11-2021 01:50:46.0223 A

################################################################################################################################################
Starting Execution:	[4 out of 146] test cases in the current suite
Test Method:		[unitTests.tests_element_elementActions.waitForElementToBePresent_true_expectedToFail]
################################################################################################################################################
[ReportManager] Target URL: [https://www.google.com/ncr], and after redirection: [www.google.com] @12-11-2021 01:50:46.0239 AM
[ReportManager] Initial URL: [] @12-11-2021 01:50:46.0361 AM
[ReportManager] Browser Action [NavigateToURL] successfully performed. With the following test data [https://www.google.com/ncr]. @12-11-2021 01:50:47.0460 AM
[ReportManager] Waiting for element to be present; elementLocator [By.id: bla], numberOfTries[1], stateOfPresence[true]... @12-11-2021 01:50:47.0460 A
[ReportManager] Browser Action [CloseCurrentWindow] successfully performed. @12-11-2021 01:50:47.0867 AM
[ReportManager] Successfully created attachment [Browser Action Test Data - CloseCurrentWindow - Actual Value] @12-11-2021 01:50:47.0868 A
[ReportManager] File Action [GetAbsolutePath] successfully performed. With the following test data [Relative Folder Path: "target/downloadedFiles/"]. @12-11-2021 01:50:47.0873 AM
[ReportManager] Attempting to run locally on: [Mac-64], [Safari], Headless Execution. @12-11-2021 01:50:47.0873 AM
[ReportManager] Successfully Opened Safari. @12-11-2021 01:50:48.0904 AM
[ReportManager] Initial window size: (800, 600) @12-11-2021 01:50:48.0915 AM
[ReportManager] Window size after SWD Maximize: (1176, 811) @12-11-2021 01:50:48.0933 AM
[ReportManager] Browser Action [MaximizeWindow] successfully performed. With the following test data [New screen size is now: (1176, 811)]. @12-11-2021 01:50:48.0933 A

################################################################################################################################################
Starting Execution:	[5 out of 146] test cases in the current suite
Test Method:		[unitTests.tests_element_elementActions.waitForElementToBePresent_true_expectedToPass]
################################################################################################################################################
[ReportManager] Target URL: [https://www.google.com/ncr], and after redirection: [www.google.com] @12-11-2021 01:50:48.0937 AM
[ReportManager] Initial URL: [] @12-11-2021 01:50:48.0990 AM
[ReportManager] Browser Action [NavigateToURL] successfully performed. With the following test data [https://www.google.com/ncr]. @12-11-2021 01:50:50.0338 AM
[ReportManager] Waiting for element to be present; elementLocator [By.xpath: //*[@id='hplogo' or @alt='Google']], numberOfTries[1], stateOfPresence[true]... @12-11-2021 01:50:50.0338 AM
[ReportManager] Element Action [WaitForElementToBePresent] successfully performed. With the following test data [waited for the element's state of presence to be (true). Element locator (By.xpath: //*[@id='hplogo' or @alt='Google'])]. @12-11-2021 01:50:50.0365 AM
[ReportManager] File Action [DoesFileExist] successfully performed. With the following test data [File Path: "src/main/resources/dynamicObjectRepository/unitTests_tests_element_elementActions_waitForElementToBePresent_true_expectedToPass_By_xpath_id_hplogo_or_alt_Google.png"]. @12-11-2021 01:50:50.0385 AM
[ReportManager] File Action [DoesFileExist] successfully performed. With the following test data [File Path: "src/main/resources/dynamicObjectRepository/unitTests_tests_element_elementActions_waitForElementToBePresent_true_expectedToPass_By_xpath_id_hplogo_or_alt_Google.png"]. @12-11-2021 01:50:50.0468 AM
[ReportManager] Passing the test and saving a reference image @12-11-2021 01:50:50.0468 AM
[ReportManager] File Action [GetAbsolutePath] successfully performed. With the following test data [Relative File Path: "src/main/resources/dynamicObjectRepository/unitTests_tests_element_elementActions_waitForElementToBePresent_true_expectedToPass_By_xpath_id_hplogo_or_alt_Google.png"]. @12-11-2021 01:50:50.0468 AM
[ReportManager] File Action [WriteToFile] successfully performed. With the following test data [Target File Path: "/Users/runner/work/SHAFT_ENGINE/SHAFT_ENGINE/src/main/resources/dynamicObjectRepository/unitTests_tests_element_elementActions_waitForElementToBePresent_true_expectedToPass_By_xpath_id_hplogo_or_alt_Google.png"]. @12-11-2021 01:50:50.0479 AM
[ReportManager] Assertion Passed: Using Visual AI; OpenCV @12-11-2021 01:50:50.0482 AM
[ReportManager] Successfully created attachment [Validation Test Data - Actual Screenshot] @12-11-2021 01:50:50.0484 AM
[ReportManager] Assertion [ValidateElementMatches] PASSED. Expected [Element should match the reference screenshot] and Actual [TRUE]. Comparison Type [EXACT_OPENCV]. Validation Type [POSITIVE]. @12-11-2021 01:50:50.0484 A
[ReportManager] Browser Action [CloseCurrentWindow] successfully performed. @12-11-2021 01:50:50.0993 AM
[ReportManager] Successfully created attachment [Browser Action Test Data - CloseCurrentWindow - Actual Value] @12-11-2021 01:50:50.0993 A
[ReportManager] File Action [GetAbsolutePath] successfully performed. With the following test data [Relative Folder Path: "target/downloadedFiles/"]. @12-11-2021 01:50:50.0998 AM
[ReportManager] Attempting to run locally on: [Mac-64], [Safari], Headless Execution. @12-11-2021 01:50:50.0998 AM
[ReportManager] Successfully Opened Safari. @12-11-2021 01:50:52.0196 AM
[ReportManager] Initial window size: (800, 600) @12-11-2021 01:50:52.0205 AM
[ReportManager] Window size after SWD Maximize: (1176, 811) @12-11-2021 01:50:52.0223 AM
[ReportManager] Browser Action [MaximizeWindow] successfully performed. With the following test data [New screen size is now: (1176, 811)]. @12-11-2021 01:50:52.0223 AM
[ReportManager] Target URL: [https://duckduckgo.com] @12-11-2021 01:50:52.0224 AM
[ReportManager] Initial URL: [] @12-11-2021 01:50:52.0297 AM
[ReportManager] Browser Action [NavigateToURL] successfully performed. With the following test data [https://duckduckgo.com]. @12-11-2021 01:50:53.0436 A

################################################################################################################################################
Starting Execution:	[6 out of 146] test cases in the current suite
Test Method:		[unitTests.tests_browserActions.fullScreenWindow]
################################################################################################################################################
[ReportManager] Initial Windows Size: 1176x811 @12-11-2021 01:50:53.0445 AM
[ReportManager] Current Windows Size after fullScreen: 1176x885 @12-11-2021 01:50:53.0639 AM
[ReportManager] Browser Action [FullScreenWindow] successfully performed. @12-11-2021 01:50:53.0667 AM
[ReportManager] Successfully created attachment [Browser Action Test Data - FullScreenWindow - Actual Value] @12-11-2021 01:50:53.0669 A
[ReportManager] Target URL: [https://duckduckgo.com] @12-11-2021 01:50:53.0686 AM
[ReportManager] Initial URL: [https://duckduckgo.com] @12-11-2021 01:50:53.0738 AM
[ReportManager] Browser Action [NavigateToURL] successfully performed. With the following test data [https://duckduckgo.com]. @12-11-2021 01:50:54.0523 AM
[ReportManager] Browser Action [CloseCurrentWindow] successfully performed. @12-11-2021 01:50:55.0121 AM
[ReportManager] Successfully created attachment [Browser Action Test Data - CloseCurrentWindow - Actual Value] @12-11-2021 01:50:55.0124 A
[ReportManager] File Action [GetAbsolutePath] successfully performed. With the following test data [Relative Folder Path: "target/downloadedFiles/"]. @12-11-2021 01:50:55.0130 AM
[ReportManager] Attempting to run locally on: [Mac-64], [Safari], Headless Execution. @12-11-2021 01:50:55.0130 AM
[ReportManager] Successfully Opened Safari. @12-11-2021 01:50:56.0078 AM
[ReportManager] Initial window size: (800, 600) @12-11-2021 01:50:56.0112 AM
[ReportManager] Window size after SWD Maximize: (1176, 811) @12-11-2021 01:50:56.0160 AM
[ReportManager] Browser Action [MaximizeWindow] successfully performed. With the following test data [New screen size is now: (1176, 811)]. @12-11-2021 01:50:56.0161 AM
[ReportManager] Target URL: [https://duckduckgo.com] @12-11-2021 01:50:56.0161 AM
[ReportManager] Initial URL: [] @12-11-2021 01:50:56.0247 AM
[ReportManager] Browser Action [NavigateToURL] successfully performed. With the following test data [https://duckduckgo.com]. @12-11-2021 01:50:57.0256 A

################################################################################################################################################
Starting Execution:	[7 out of 146] test cases in the current suite
Test Method:		[unitTests.tests_browserActions.getCurrentURL]
################################################################################################################################################
[ReportManager] Browser Action [GetCurrentURL] successfully performed. With the following test data [https://duckduckgo.com/]. @12-11-2021 01:50:57.0287 A
[ReportManager] Target URL: [https://duckduckgo.com] @12-11-2021 01:50:57.0290 AM
[ReportManager] Initial URL: [https://duckduckgo.com] @12-11-2021 01:50:57.0331 AM
[ReportManager] Browser Action [NavigateToURL] successfully performed. With the following test data [https://duckduckgo.com]. @12-11-2021 01:50:57.0768 AM
[ReportManager] Browser Action [CloseCurrentWindow] successfully performed. @12-11-2021 01:50:57.0865 AM
[ReportManager] Successfully created attachment [Browser Action Test Data - CloseCurrentWindow - Actual Value] @12-11-2021 01:50:57.0866 A
[ReportManager] File Action [GetAbsolutePath] successfully performed. With the following test data [Relative Folder Path: "target/downloadedFiles/"]. @12-11-2021 01:50:57.0871 AM
[ReportManager] Attempting to run locally on: [Mac-64], [Safari], Headless Execution. @12-11-2021 01:50:57.0871 AM
[ReportManager] Successfully Opened Safari. @12-11-2021 01:50:58.0720 AM
[ReportManager] Initial window size: (800, 600) @12-11-2021 01:50:58.0739 AM
[ReportManager] Window size after SWD Maximize: (1176, 811) @12-11-2021 01:50:58.0904 AM
[ReportManager] Browser Action [MaximizeWindow] successfully performed. With the following test data [New screen size is now: (1176, 811)]. @12-11-2021 01:50:58.0904 AM
[ReportManager] Target URL: [https://duckduckgo.com] @12-11-2021 01:50:58.0904 AM
[ReportManager] Initial URL: [] @12-11-2021 01:50:58.0953 AM
[ReportManager] Browser Action [NavigateToURL] successfully performed. With the following test data [https://duckduckgo.com]. @12-11-2021 01:50:59.0762 A

################################################################################################################################################
Starting Execution:	[8 out of 146] test cases in the current suite
Test Method:		[unitTests.tests_browserActions.getCurrentWindowTitle]
################################################################################################################################################
[ReportManager] Browser Action [GetCurrentWindowTitle] successfully performed. With the following test data [DuckDuckGo â€” Privacy, simplified.]. @12-11-2021 01:50:59.0789 A
[ReportManager] Target URL: [https://duckduckgo.com] @12-11-2021 01:50:59.0792 AM
[ReportManager] Initial URL: [https://duckduckgo.com] @12-11-2021 01:50:59.0830 AM
[ReportManager] Browser Action [NavigateToURL] successfully performed. With the following test data [https://duckduckgo.com]. @12-11-2021 01:51:00.0250 AM
[ReportManager] Browser Action [CloseCurrentWindow] successfully performed. @12-11-2021 01:51:00.0577 AM
[ReportManager] Successfully created attachment [Browser Action Test Data - CloseCurrentWindow - Actual Value] @12-11-2021 01:51:00.0578 A
[ReportManager] File Action [GetAbsolutePath] successfully performed. With the following test data [Relative Folder Path: "target/downloadedFiles/"]. @12-11-2021 01:51:00.0586 AM
[ReportManager] Attempting to run locally on: [Mac-64], [Safari], Headless Execution. @12-11-2021 01:51:00.0588 AM
[ReportManager] Successfully Opened Safari. @12-11-2021 01:51:01.0524 AM
[ReportManager] Initial window size: (800, 600) @12-11-2021 01:51:01.0588 AM
[ReportManager] Window size after SWD Maximize: (1176, 811) @12-11-2021 01:51:01.0643 AM
[ReportManager] Browser Action [MaximizeWindow] successfully performed. With the following test data [New screen size is now: (1176, 811)]. @12-11-2021 01:51:01.0644 AM
[ReportManager] Target URL: [https://duckduckgo.com] @12-11-2021 01:51:01.0644 AM
[ReportManager] Initial URL: [] @12-11-2021 01:51:01.0687 AM
[ReportManager] Browser Action [NavigateToURL] successfully performed. With the following test data [https://duckduckgo.com]. @12-11-2021 01:51:02.0528 A

################################################################################################################################################
Starting Execution:	[9 out of 146] test cases in the current suite
Test Method:		[unitTests.tests_browserActions.getPageSource]
################################################################################################################################################
[ReportManager] Browser Action [GetPageSource] successfully performed. @12-11-2021 01:51:02.0561 AM
[ReportManager] Successfully created attachment [Browser Action Test Data - GetPageSource - Actual Value] @12-11-2021 01:51:02.0562 A
[ReportManager] Target URL: [https://duckduckgo.com] @12-11-2021 01:51:02.0564 AM
[ReportManager] Initial URL: [https://duckduckgo.com] @12-11-2021 01:51:02.0625 AM
[ReportManager] Browser Action [NavigateToURL] successfully performed. With the following test data [https://duckduckgo.com]. @12-11-2021 01:51:03.0084 AM
[ReportManager] Browser Action [CloseCurrentWindow] successfully performed. @12-11-2021 01:51:03.0391 AM
[ReportManager] Successfully created attachment [Browser Action Test Data - CloseCurrentWindow - Actual Value] @12-11-2021 01:51:03.0392 A
[ReportManager] File Action [GetAbsolutePath] successfully performed. With the following test data [Relative Folder Path: "target/downloadedFiles/"]. @12-11-2021 01:51:03.0414 AM
[ReportManager] Attempting to run locally on: [Mac-64], [Safari], Headless Execution. @12-11-2021 01:51:03.0414 AM
[ReportManager] Successfully Opened Safari. @12-11-2021 01:51:04.0259 AM
[ReportManager] Initial window size: (800, 600) @12-11-2021 01:51:04.0273 AM
[ReportManager] Window size after SWD Maximize: (1176, 811) @12-11-2021 01:51:04.0305 AM
[ReportManager] Browser Action [MaximizeWindow] successfully performed. With the following test data [New screen size is now: (1176, 811)]. @12-11-2021 01:51:04.0306 AM
[ReportManager] Target URL: [https://duckduckgo.com] @12-11-2021 01:51:04.0306 AM
[ReportManager] Initial URL: [] @12-11-2021 01:51:04.0402 AM
[ReportManager] Browser Action [NavigateToURL] successfully performed. With the following test data [https://duckduckgo.com]. @12-11-2021 01:51:05.0203 A

################################################################################################################################################
Starting Execution:	[10 out of 146] test cases in the current suite
Test Method:		[unitTests.tests_browserActions.getWindowHandle]
################################################################################################################################################
[ReportManager] Browser Action [GetWindowHandle] successfully performed. With the following test data [page-9A9AD9F6-484C-45F3-9D81-E1BC54B951B4]. @12-11-2021 01:51:05.0227 A
[ReportManager] Target URL: [https://duckduckgo.com] @12-11-2021 01:51:05.0229 AM
[ReportManager] Initial URL: [https://duckduckgo.com] @12-11-2021 01:51:05.0275 AM
[ReportManager] Browser Action [NavigateToURL] successfully performed. With the following test data [https://duckduckgo.com]. @12-11-2021 01:51:05.0683 AM
[ReportManager] Browser Action [CloseCurrentWindow] successfully performed. @12-11-2021 01:51:05.0974 AM
[ReportManager] Successfully created attachment [Browser Action Test Data - CloseCurrentWindow - Actual Value] @12-11-2021 01:51:05.0975 A
[ReportManager] File Action [GetAbsolutePath] successfully performed. With the following test data [Relative Folder Path: "target/downloadedFiles/"]. @12-11-2021 01:51:05.0979 AM
[ReportManager] Attempting to run locally on: [Mac-64], [Safari], Headless Execution. @12-11-2021 01:51:05.0979 AM
[ReportManager] Successfully Opened Safari. @12-11-2021 01:51:06.0926 AM
[ReportManager] Initial window size: (800, 600) @12-11-2021 01:51:06.0969 AM
[ReportManager] Window size after SWD Maximize: (1176, 811) @12-11-2021 01:51:06.0986 AM
[ReportManager] Browser Action [MaximizeWindow] successfully performed. With the following test data [New screen size is now: (1176, 811)]. @12-11-2021 01:51:06.0987 AM
[ReportManager] Target URL: [https://duckduckgo.com] @12-11-2021 01:51:06.0987 AM
[ReportManager] Initial URL: [] @12-11-2021 01:51:07.0140 AM
[ReportManager] Browser Action [NavigateToURL] successfully performed. With the following test data [https://duckduckgo.com]. @12-11-2021 01:51:07.0913 A

################################################################################################################################################
Starting Execution:	[11 out of 146] test cases in the current suite
Test Method:		[unitTests.tests_browserActions.getWindowPosition]
################################################################################################################################################
[ReportManager] Browser Action [GetWindowPosition] successfully performed. With the following test data [(0, 23)]. @12-11-2021 01:51:07.0937 A
[ReportManager] Target URL: [https://duckduckgo.com] @12-11-2021 01:51:07.0940 AM
[ReportManager] Initial URL: [https://duckduckgo.com] @12-11-2021 01:51:07.0977 AM
[ReportManager] Browser Action [NavigateToURL] successfully performed. With the following test data [https://duckduckgo.com]. @12-11-2021 01:51:08.0455 AM
[ReportManager] Browser Action [CloseCurrentWindow] successfully performed. @12-11-2021 01:51:08.0961 AM
[ReportManager] Successfully created attachment [Browser Action Test Data - CloseCurrentWindow - Actual Value] @12-11-2021 01:51:08.0962 A
[ReportManager] File Action [GetAbsolutePath] successfully performed. With the following test data [Relative Folder Path: "target/downloadedFiles/"]. @12-11-2021 01:51:08.0965 AM
[ReportManager] Attempting to run locally on: [Mac-64], [Safari], Headless Execution. @12-11-2021 01:51:08.0965 AM
[ReportManager] Successfully Opened Safari. @12-11-2021 01:51:09.0822 AM
[ReportManager] Initial window size: (800, 600) @12-11-2021 01:51:09.0837 AM
[ReportManager] Window size after SWD Maximize: (1176, 811) @12-11-2021 01:51:09.0903 AM
[ReportManager] Browser Action [MaximizeWindow] successfully performed. With the following test data [New screen size is now: (1176, 811)]. @12-11-2021 01:51:09.0904 AM
[ReportManager] Target URL: [https://duckduckgo.com] @12-11-2021 01:51:09.0904 AM
[ReportManager] Initial URL: [] @12-11-2021 01:51:09.0965 AM
[ReportManager] Browser Action [NavigateToURL] successfully performed. With the following test data [https://duckduckgo.com]. @12-11-2021 01:51:10.0775 A

################################################################################################################################################
Starting Execution:	[12 out of 146] test cases in the current suite
Test Method:		[unitTests.tests_browserActions.getWindowSize]
################################################################################################################################################
[ReportManager] Browser Action [GetWindowSize] successfully performed. With the following test data [(1176, 811)]. @12-11-2021 01:51:10.0804 A
[ReportManager] Target URL: [https://duckduckgo.com] @12-11-2021 01:51:10.0807 AM
[ReportManager] Initial URL: [https://duckduckgo.com] @12-11-2021 01:51:10.0847 AM
[ReportManager] Browser Action [NavigateToURL] successfully performed. With the following test data [https://duckduckgo.com]. @12-11-2021 01:51:11.0462 AM
[ReportManager] Browser Action [CloseCurrentWindow] successfully performed. @12-11-2021 01:51:11.0793 AM
[ReportManager] Successfully created attachment [Browser Action Test Data - CloseCurrentWindow - Actual Value] @12-11-2021 01:51:11.0794 A
[ReportManager] File Action [GetAbsolutePath] successfully performed. With the following test data [Relative Folder Path: "target/downloadedFiles/"]. @12-11-2021 01:51:11.0798 AM
[ReportManager] Attempting to run locally on: [Mac-64], [Safari], Headless Execution. @12-11-2021 01:51:11.0798 AM
[ReportManager] Successfully Opened Safari. @12-11-2021 01:51:12.0644 AM
[ReportManager] Initial window size: (800, 600) @12-11-2021 01:51:12.0689 AM
[ReportManager] Window size after SWD Maximize: (1176, 811) @12-11-2021 01:51:12.0707 AM
[ReportManager] Browser Action [MaximizeWindow] successfully performed. With the following test data [New screen size is now: (1176, 811)]. @12-11-2021 01:51:12.0717 AM
[ReportManager] Target URL: [https://duckduckgo.com] @12-11-2021 01:51:12.0717 AM
[ReportManager] Initial URL: [] @12-11-2021 01:51:12.0777 AM
[ReportManager] Browser Action [NavigateToURL] successfully performed. With the following test data [https://duckduckgo.com]. @12-11-2021 01:51:13.0732 A

################################################################################################################################################
Starting Execution:	[13 out of 146] test cases in the current suite
Test Method:		[unitTests.tests_browserActions.maximizeWindow]
################################################################################################################################################
[ReportManager] Initial window size: (1176, 811) @12-11-2021 01:51:13.0751 AM
[ReportManager] Window size after SWD Maximize: (1176, 811) @12-11-2021 01:51:13.0762 AM
[ReportManager] Window size after Toolkit: (1920, 1080) @12-11-2021 01:51:13.0835 AM
[ReportManager] Browser Action [MaximizeWindow] successfully performed. With the following test data [New screen size is now: (1920, 1080)]. @12-11-2021 01:51:13.0839 A
[ReportManager] Target URL: [https://duckduckgo.com] @12-11-2021 01:51:13.0854 AM
[ReportManager] Initial URL: [https://duckduckgo.com] @12-11-2021 01:51:13.0908 AM
[ReportManager] Browser Action [NavigateToURL] successfully performed. With the following test data [https://duckduckgo.com]. @12-11-2021 01:51:14.0388 AM
[ReportManager] Browser Action [CloseCurrentWindow] successfully performed. @12-11-2021 01:51:14.0801 AM
[ReportManager] Successfully created attachment [Browser Action Test Data - CloseCurrentWindow - Actual Value] @12-11-2021 01:51:14.0802 A
[ReportManager] File Action [GetAbsolutePath] successfully performed. With the following test data [Relative Folder Path: "target/downloadedFiles/"]. @12-11-2021 01:51:14.0806 AM
[ReportManager] Attempting to run locally on: [Mac-64], [Safari], Headless Execution. @12-11-2021 01:51:14.0806 AM
[ReportManager] Successfully Opened Safari. @12-11-2021 01:51:15.0651 AM
[ReportManager] Initial window size: (800, 600) @12-11-2021 01:51:15.0674 AM
[ReportManager] Window size after SWD Maximize: (1176, 811) @12-11-2021 01:51:15.0686 AM
[ReportManager] Browser Action [MaximizeWindow] successfully performed. With the following test data [New screen size is now: (1176, 811)]. @12-11-2021 01:51:15.0686 AM
[ReportManager] Target URL: [https://duckduckgo.com] @12-11-2021 01:51:15.0687 AM
[ReportManager] Initial URL: [] @12-11-2021 01:51:15.0741 AM
[ReportManager] Browser Action [NavigateToURL] successfully performed. With the following test data [https://duckduckgo.com]. @12-11-2021 01:51:16.0481 A

################################################################################################################################################
Starting Execution:	[14 out of 146] test cases in the current suite
Test Method:		[unitTests.tests_browserActions.navigateBack]
################################################################################################################################################
[ReportManager] Target URL: [https://www.google.com/ncr], and after redirection: [https://www.google.com] @12-11-2021 01:51:16.0486 AM
[ReportManager] Initial URL: [https://duckduckgo.com] @12-11-2021 01:51:16.0518 AM
[ReportManager] Browser Action [NavigateToURL] successfully performed. With the following test data [https://www.google.com/ncr]. @12-11-2021 01:51:17.0808 AM
[ReportManager] Browser Action [NavigateBack] successfully performed. With the following test data [https://duckduckgo.com/]. @12-11-2021 01:51:17.0993 AM
[ReportManager] Browser Action [GetCurrentURL] successfully performed. With the following test data [https://duckduckgo.com/]. @12-11-2021 01:51:18.0016 AM
[ReportManager] Assertion Passed: Confirming that navigating back was successful @12-11-2021 01:51:18.0147 AM
[ReportManager] Successfully created attachment [Screenshot - 1636681878049_navigateBack_ValidateBrowserAttribute_passed] @12-11-2021 01:51:18.0148 AM
[ReportManager] Assertion [ValidateBrowserAttribute] PASSED. Expected [Value Should be 'https://duckduckgo.com' for the 'CurrentUrl' attribute] and Actual [https://duckduckgo.com/]. Comparison Type [CONTAINS]. Validation Type [POSITIVE]. @12-11-2021 01:51:18.0148 A
[ReportManager] Target URL: [https://duckduckgo.com] @12-11-2021 01:51:18.0150 AM
[ReportManager] Initial URL: [https://duckduckgo.com] @12-11-2021 01:51:18.0188 AM
[ReportManager] Browser Action [NavigateToURL] successfully performed. With the following test data [https://duckduckgo.com]. @12-11-2021 01:51:18.0551 AM
[ReportManager] Browser Action [CloseCurrentWindow] successfully performed. @12-11-2021 01:51:18.0861 AM
[ReportManager] Successfully created attachment [Browser Action Test Data - CloseCurrentWindow - Actual Value] @12-11-2021 01:51:18.0862 A
[ReportManager] File Action [GetAbsolutePath] successfully performed. With the following test data [Relative Folder Path: "target/downloadedFiles/"]. @12-11-2021 01:51:18.0865 AM
[ReportManager] Attempting to run locally on: [Mac-64], [Safari], Headless Execution. @12-11-2021 01:51:18.0865 AM
[ReportManager] Successfully Opened Safari. @12-11-2021 01:51:19.0711 AM
[ReportManager] Initial window size: (800, 600) @12-11-2021 01:51:19.0735 AM
[ReportManager] Window size after SWD Maximize: (1176, 811) @12-11-2021 01:51:19.0751 AM
[ReportManager] Browser Action [MaximizeWindow] successfully performed. With the following test data [New screen size is now: (1176, 811)]. @12-11-2021 01:51:19.0751 AM
[ReportManager] Target URL: [https://duckduckgo.com] @12-11-2021 01:51:19.0752 AM
[ReportManager] Initial URL: [] @12-11-2021 01:51:19.0832 AM
[ReportManager] Browser Action [NavigateToURL] successfully performed. With the following test data [https://duckduckgo.com]. @12-11-2021 01:51:20.0551 A

################################################################################################################################################
Starting Execution:	[15 out of 146] test cases in the current suite
Test Method:		[unitTests.tests_browserActions.navigateForward]
################################################################################################################################################
[ReportManager] Target URL: [https://www.google.com/ncr], and after redirection: [https://www.google.com] @12-11-2021 01:51:20.0554 AM
[ReportManager] Initial URL: [https://duckduckgo.com] @12-11-2021 01:51:20.0598 AM
[ReportManager] Browser Action [NavigateToURL] successfully performed. With the following test data [https://www.google.com/ncr]. @12-11-2021 01:51:21.0867 AM
[ReportManager] Browser Action [NavigateBack] successfully performed. With the following test data [https://duckduckgo.com/]. @12-11-2021 01:51:22.0001 AM
[ReportManager] Browser Action [NavigateForward] successfully performed. With the following test data [https://www.google.com/]. @12-11-2021 01:51:22.0208 A
[ReportManager] Target URL: [https://duckduckgo.com] @12-11-2021 01:51:22.0210 AM
[ReportManager] Initial URL: [https://www.google.com] @12-11-2021 01:51:22.0242 AM
[ReportManager] Browser Action [NavigateToURL] successfully performed. With the following test data [https://duckduckgo.com]. @12-11-2021 01:51:22.0559 AM
[ReportManager] Browser Action [CloseCurrentWindow] successfully performed. @12-11-2021 01:51:22.0729 AM
[ReportManager] Successfully created attachment [Browser Action Test Data - CloseCurrentWindow - Actual Value] @12-11-2021 01:51:22.0729 A
[ReportManager] File Action [GetAbsolutePath] successfully performed. With the following test data [Relative Folder Path: "target/downloadedFiles/"]. @12-11-2021 01:51:22.0732 AM
[ReportManager] Attempting to run locally on: [Mac-64], [Safari], Headless Execution. @12-11-2021 01:51:22.0732 AM
[ReportManager] Successfully Opened Safari. @12-11-2021 01:51:23.0681 AM
[ReportManager] Initial window size: (800, 600) @12-11-2021 01:51:23.0699 AM
[ReportManager] Window size after SWD Maximize: (1176, 811) @12-11-2021 01:51:23.0716 AM
[ReportManager] Browser Action [MaximizeWindow] successfully performed. With the following test data [New screen size is now: (1176, 811)]. @12-11-2021 01:51:23.0716 AM
[ReportManager] Target URL: [https://duckduckgo.com] @12-11-2021 01:51:23.0716 AM
[ReportManager] Initial URL: [] @12-11-2021 01:51:23.0945 AM
[ReportManager] Browser Action [NavigateToURL] successfully performed. With the following test data [https://duckduckgo.com]. @12-11-2021 01:51:24.0887 A

################################################################################################################################################
Starting Execution:	[16 out of 146] test cases in the current suite
Test Method:		[unitTests.tests_browserActions.navigateToURL]
################################################################################################################################################
[ReportManager] Target URL: [https://duckduckgo.com] @12-11-2021 01:51:24.0893 AM
[ReportManager] Initial URL: [https://duckduckgo.com] @12-11-2021 01:51:24.0963 AM
[ReportManager] Browser Action [NavigateToURL] successfully performed. With the following test data [https://duckduckgo.com]. @12-11-2021 01:51:25.0316 A
[ReportManager] Target URL: [https://duckduckgo.com] @12-11-2021 01:51:25.0323 AM
[ReportManager] Initial URL: [https://duckduckgo.com] @12-11-2021 01:51:25.0355 AM
[ReportManager] Browser Action [NavigateToURL] successfully performed. With the following test data [https://duckduckgo.com]. @12-11-2021 01:51:25.0740 AM
[ReportManager] Browser Action [CloseCurrentWindow] successfully performed. @12-11-2021 01:51:26.0068 AM
[ReportManager] Successfully created attachment [Browser Action Test Data - CloseCurrentWindow - Actual Value] @12-11-2021 01:51:26.0069 A
[ReportManager] File Action [GetAbsolutePath] successfully performed. With the following test data [Relative Folder Path: "target/downloadedFiles/"]. @12-11-2021 01:51:26.0072 AM
[ReportManager] Attempting to run locally on: [Mac-64], [Safari], Headless Execution. @12-11-2021 01:51:26.0072 AM
[ReportManager] Successfully Opened Safari. @12-11-2021 01:51:26.0886 AM
[ReportManager] Initial window size: (800, 600) @12-11-2021 01:51:26.0910 AM
[ReportManager] Window size after SWD Maximize: (1176, 811) @12-11-2021 01:51:26.0939 AM
[ReportManager] Browser Action [MaximizeWindow] successfully performed. With the following test data [New screen size is now: (1176, 811)]. @12-11-2021 01:51:26.0940 AM
[ReportManager] Target URL: [https://duckduckgo.com] @12-11-2021 01:51:26.0940 AM
[ReportManager] Initial URL: [] @12-11-2021 01:51:27.0001 AM
[ReportManager] Browser Action [NavigateToURL] successfully performed. With the following test data [https://duckduckgo.com]. @12-11-2021 01:51:27.0689 A

################################################################################################################################################
Starting Execution:	[17 out of 146] test cases in the current suite
Test Method:		[unitTests.tests_browserActions.navigateToURLWithRedirection]
################################################################################################################################################
[ReportManager] Target URL: [https://www.google.com/ncr], and after redirection: [https://www.google.com] @12-11-2021 01:51:27.0693 AM
[ReportManager] Initial URL: [https://duckduckgo.com] @12-11-2021 01:51:27.0726 AM
[ReportManager] Browser Action [NavigateToURL] successfully performed. With the following test data [https://www.google.com/ncr]. @12-11-2021 01:51:28.0716 A
[ReportManager] Target URL: [https://duckduckgo.com] @12-11-2021 01:51:28.0719 AM
[ReportManager] Initial URL: [https://www.google.com] @12-11-2021 01:51:28.0751 AM
[ReportManager] Browser Action [NavigateToURL] successfully performed. With the following test data [https://duckduckgo.com]. @12-11-2021 01:51:29.0180 AM
[ReportManager] Browser Action [CloseCurrentWindow] successfully performed. @12-11-2021 01:51:29.0567 AM
[ReportManager] Successfully created attachment [Browser Action Test Data - CloseCurrentWindow - Actual Value] @12-11-2021 01:51:29.0567 A
[ReportManager] File Action [GetAbsolutePath] successfully performed. With the following test data [Relative Folder Path: "target/downloadedFiles/"]. @12-11-2021 01:51:29.0573 AM
[ReportManager] Attempting to run locally on: [Mac-64], [Safari], Headless Execution. @12-11-2021 01:51:29.0574 AM
[ReportManager] Successfully Opened Safari. @12-11-2021 01:51:30.0472 AM
[ReportManager] Initial window size: (800, 600) @12-11-2021 01:51:30.0491 AM
[ReportManager] Window size after SWD Maximize: (1176, 811) @12-11-2021 01:51:30.0506 AM
[ReportManager] Browser Action [MaximizeWindow] successfully performed. With the following test data [New screen size is now: (1176, 811)]. @12-11-2021 01:51:30.0507 AM
[ReportManager] Target URL: [https://duckduckgo.com] @12-11-2021 01:51:30.0517 AM
[ReportManager] Initial URL: [] @12-11-2021 01:51:30.0582 AM
[ReportManager] Browser Action [NavigateToURL] successfully performed. With the following test data [https://duckduckgo.com]. @12-11-2021 01:51:31.0299 A

################################################################################################################################################
Starting Execution:	[18 out of 146] test cases in the current suite
Test Method:		[unitTests.tests_browserActions.refreshCurrentPage]
################################################################################################################################################
[ReportManager] Browser Action [RefreshCurrentPage] successfully performed. @12-11-2021 01:51:31.0576 AM
[ReportManager] Successfully created attachment [Browser Action Test Data - RefreshCurrentPage - Actual Value] @12-11-2021 01:51:31.0576 A
[ReportManager] Target URL: [https://duckduckgo.com] @12-11-2021 01:51:31.0579 AM
[ReportManager] Initial URL: [https://duckduckgo.com] @12-11-2021 01:51:31.0612 AM
[ReportManager] Browser Action [NavigateToURL] successfully performed. With the following test data [https://duckduckgo.com]. @12-11-2021 01:51:31.0987 AM
[ReportManager] Browser Action [CloseCurrentWindow] successfully performed. @12-11-2021 01:51:32.0335 AM
[ReportManager] Successfully created attachment [Browser Action Test Data - CloseCurrentWindow - Actual Value] @12-11-2021 01:51:32.0336 A
[ReportManager] File Action [GetAbsolutePath] successfully performed. With the following test data [Relative Folder Path: "target/downloadedFiles/"]. @12-11-2021 01:51:32.0364 AM
[ReportManager] Attempting to run locally on: [Mac-64], [Safari], Headless Execution. @12-11-2021 01:51:32.0364 AM
[ReportManager] Successfully Opened Safari. @12-11-2021 01:51:33.0381 AM
[ReportManager] Initial window size: (800, 600) @12-11-2021 01:51:33.0390 AM
[ReportManager] Window size after SWD Maximize: (1176, 811) @12-11-2021 01:51:33.0407 AM
[ReportManager] Browser Action [MaximizeWindow] successfully performed. With the following test data [New screen size is now: (1176, 811)]. @12-11-2021 01:51:33.0412 AM
[ReportManager] Target URL: [https://duckduckgo.com] @12-11-2021 01:51:33.0413 AM
[ReportManager] Initial URL: [] @12-11-2021 01:51:33.0463 AM
[ReportManager] Browser Action [NavigateToURL] successfully performed. With the following test data [https://duckduckgo.com]. @12-11-2021 01:51:34.0259 A

################################################################################################################################################
Starting Execution:	[19 out of 146] test cases in the current suite
Test Method:		[unitTests.tests_browserActions.setWindowSize]
################################################################################################################################################
[ReportManager] Initial window size: (1176, 811) @12-11-2021 01:51:34.0266 AM
[ReportManager] Window size after SWD: (1280, 720) @12-11-2021 01:51:34.0285 AM
[ReportManager] Browser Action [SetWindowSize] successfully performed. With the following test data [New screen size is now: (1280, 720)]. @12-11-2021 01:51:34.0285 A
[ReportManager] Target URL: [https://duckduckgo.com] @12-11-2021 01:51:34.0288 AM
[ReportManager] Initial URL: [https://duckduckgo.com] @12-11-2021 01:51:34.0516 AM
[ReportManager] Browser Action [NavigateToURL] successfully performed. With the following test data [https://duckduckgo.com]. @12-11-2021 01:51:34.0891 AM
[ReportManager] Browser Action [CloseCurrentWindow] successfully performed. @12-11-2021 01:51:35.0225 AM
[ReportManager] Successfully created attachment [Browser Action Test Data - CloseCurrentWindow - Actual Value] @12-11-2021 01:51:35.0226 A
[ReportManager] Successfully loaded the following test data file [src/test/resources/TestDataFiles/testSuite01/TestData.xlsx]. @12-11-2021 01:51:36.0422 AM
[ReportManager] Successfully created attachment [Test Data - Excel] @12-11-2021 01:51:36.0422 A

################################################################################################################################################
Starting Execution:	[20 out of 146] test cases in the current suite
Test Method:		[unitTests.tests_io_excelFileManager.getCellData_rowName_expectedToPass]
################################################################################################################################################
[ReportManager] testRowData. @12-11-2021 01:51:36.0439 A

################################################################################################################################################
Starting Execution:	[21 out of 146] test cases in the current suite
Test Method:		[unitTests.tests_validations_assertions.assertComparativeRelation_greaterThanOrEquals_false_equals_expectedToFail]
################################################################################################################################################
[ReportManager] Assertion [ValidateComparativeRelation] FAILED. Expected [1] and Actual [1]. Comparison Type [GREATER_THAN_OR_EQUALS]. Validation Type [NEGATIVE]. @12-11-2021 01:51:36.0446 A

################################################################################################################################################
Starting Execution:	[22 out of 146] test cases in the current suite
Test Method:		[unitTests.tests_validations_assertions.assertComparativeRelation_greaterThanOrEquals_false_equals_expectedToPass]
################################################################################################################################################
[ReportManager] Assertion [ValidateComparativeRelation] PASSED. Expected [2] and Actual [1]. Comparison Type [GREATER_THAN_OR_EQUALS]. Validation Type [NEGATIVE]. @12-11-2021 01:51:36.0451 A

################################################################################################################################################
Starting Execution:	[23 out of 146] test cases in the current suite
Test Method:		[unitTests.tests_validations_assertions.assertComparativeRelation_greaterThanOrEquals_false_greaterThan_expectedToFail]
################################################################################################################################################
[ReportManager] Assertion [ValidateComparativeRelation] FAILED. Expected [1] and Actual [2]. Comparison Type [GREATER_THAN_OR_EQUALS]. Validation Type [NEGATIVE]. @12-11-2021 01:51:36.0456 A

################################################################################################################################################
Starting Execution:	[24 out of 146] test cases in the current suite
Test Method:		[unitTests.tests_validations_assertions.assertComparativeRelation_greaterThanOrEquals_false_greaterThan_expectedToPass]
################################################################################################################################################
[ReportManager] Assertion [ValidateComparativeRelation] PASSED. Expected [2] and Actual [1]. Comparison Type [GREATER_THAN_OR_EQUALS]. Validation Type [NEGATIVE]. @12-11-2021 01:51:36.0461 A

################################################################################################################################################
Starting Execution:	[25 out of 146] test cases in the current suite
Test Method:		[unitTests.tests_validations_assertions.assertComparativeRelation_greaterThanOrEquals_true_equals_expectedToFail]
################################################################################################################################################
[ReportManager] Assertion [ValidateComparativeRelation] FAILED. Expected [1] and Actual [0]. Comparison Type [GREATER_THAN_OR_EQUALS]. Validation Type [POSITIVE]. @12-11-2021 01:51:36.0466 A

################################################################################################################################################
Starting Execution:	[26 out of 146] test cases in the current suite
Test Method:		[unitTests.tests_validations_assertions.assertComparativeRelation_greaterThanOrEquals_true_equals_expectedToPass]
################################################################################################################################################
[ReportManager] Assertion [ValidateComparativeRelation] PASSED. Expected [1] and Actual [1]. Comparison Type [GREATER_THAN_OR_EQUALS]. Validation Type [POSITIVE]. @12-11-2021 01:51:36.0470 A

################################################################################################################################################
Starting Execution:	[27 out of 146] test cases in the current suite
Test Method:		[unitTests.tests_validations_assertions.assertComparativeRelation_greaterThanOrEquals_true_greaterThan_expectedToFail]
################################################################################################################################################
[ReportManager] Assertion [ValidateComparativeRelation] FAILED. Expected [2] and Actual [1]. Comparison Type [GREATER_THAN_OR_EQUALS]. Validation Type [POSITIVE]. @12-11-2021 01:51:36.0475 A

################################################################################################################################################
Starting Execution:	[28 out of 146] test cases in the current suite
Test Method:		[unitTests.tests_validations_assertions.assertComparativeRelation_greaterThanOrEquals_true_greaterThan_expectedToPass]
################################################################################################################################################
[ReportManager] Assertion [ValidateComparativeRelation] PASSED. Expected [1] and Actual [2]. Comparison Type [GREATER_THAN_OR_EQUALS]. Validation Type [POSITIVE]. @12-11-2021 01:51:36.0480 A
[ReportManager] File Action [GetAbsolutePath] successfully performed. With the following test data [Relative Folder Path: "target/downloadedFiles/"]. @12-11-2021 01:51:36.0484 AM
[ReportManager] Attempting to run locally on: [Mac-64], [Safari], Headless Execution. @12-11-2021 01:51:36.0484 AM
[ReportManager] Successfully Opened Safari. @12-11-2021 01:51:37.0287 AM
[ReportManager] Initial window size: (800, 600) @12-11-2021 01:51:37.0303 AM
[ReportManager] Window size after SWD Maximize: (1176, 811) @12-11-2021 01:51:37.0322 AM
[ReportManager] Browser Action [MaximizeWindow] successfully performed. With the following test data [New screen size is now: (1176, 811)]. @12-11-2021 01:51:37.0322 AM
[ReportManager] Target URL: [https://www.google.com/ncr], and after redirection: [www.google.com] @12-11-2021 01:51:37.0323 AM
[ReportManager] Initial URL: [] @12-11-2021 01:51:37.0453 AM
[ReportManager] Browser Action [NavigateToURL] successfully performed. With the following test data [https://www.google.com/ncr]. @12-11-2021 01:51:38.0495 A

################################################################################################################################################
Starting Execution:	[29 out of 146] test cases in the current suite
Test Method:		[unitTests.tests_validations_assertions.assertElementAttribute_false_caseInsensitiveComparison_expectedToFail]
################################################################################################################################################
[ReportManager] Element Action [Type] successfully performed. With the following test data [AUTOMATION]. @12-11-2021 01:51:39.0161 AM
[ReportManager] Element Action [GetText] successfully performed. With the following test data [AUTOMATION]. @12-11-2021 01:51:39.0282 AM
[ReportManager] Loaded Shared OpenCV @12-11-2021 01:51:40.0535 AM
[ReportManager] Assertion [ValidateElementAttribute] FAILED. Expected [Value Should not be 'AutomaTion' for the 'text' attribute, element locator 'By.name: q'] and Actual [AUTOMATION]. Comparison Type [CASE_INSENSITIVE]. Validation Type [NEGATIVE]. @12-11-2021 01:51:41.0002 AM
[ReportManager] Successfully created attachment [Screenshot - 1636681899407_assertElementAttribute_false_caseInsensitiveComparison_expectedToFail_ValidateElementAttribute_failed] @12-11-2021 01:51:41.0051 A
[ReportManager] Browser Action [CloseCurrentWindow] successfully performed. @12-11-2021 01:51:41.0355 AM
[ReportManager] Successfully created attachment [Browser Action Test Data - CloseCurrentWindow - Actual Value] @12-11-2021 01:51:41.0356 A
[ReportManager] File Action [GetAbsolutePath] successfully performed. With the following test data [Relative Folder Path: "target/downloadedFiles/"]. @12-11-2021 01:51:41.0360 AM
[ReportManager] Attempting to run locally on: [Mac-64], [Safari], Headless Execution. @12-11-2021 01:51:41.0360 AM
[ReportManager] Successfully Opened Safari. @12-11-2021 01:51:42.0151 AM
[ReportManager] Initial window size: (800, 600) @12-11-2021 01:51:42.0156 AM
[ReportManager] Window size after SWD Maximize: (1176, 811) @12-11-2021 01:51:42.0177 AM
[ReportManager] Browser Action [MaximizeWindow] successfully performed. With the following test data [New screen size is now: (1176, 811)]. @12-11-2021 01:51:42.0178 AM
[ReportManager] Target URL: [https://www.google.com/ncr], and after redirection: [www.google.com] @12-11-2021 01:51:42.0178 AM
[ReportManager] Initial URL: [] @12-11-2021 01:51:42.0238 AM
[ReportManager] Browser Action [NavigateToURL] successfully performed. With the following test data [https://www.google.com/ncr]. @12-11-2021 01:51:43.0749 A

################################################################################################################################################
Starting Execution:	[30 out of 146] test cases in the current suite
Test Method:		[unitTests.tests_validations_assertions.assertElementAttribute_false_caseInsensitiveComparison_expectedToPass]
################################################################################################################################################
[ReportManager] Element Action [Type] successfully performed. With the following test data [AUTOMATION]. @12-11-2021 01:51:44.0272 AM
[ReportManager] Element Action [GetText] successfully performed. With the following test data [AUTOMATION]. @12-11-2021 01:51:44.0365 AM
[ReportManager] Loaded Shared OpenCV @12-11-2021 01:51:44.0456 AM
[ReportManager] Assertion [ValidateElementAttribute] PASSED. Expected [Value Should not be 'AutomaTion123' for the 'text' attribute, element locator 'By.name: q'] and Actual [AUTOMATION]. Comparison Type [CASE_INSENSITIVE]. Validation Type [NEGATIVE]. @12-11-2021 01:51:44.0591 AM
[ReportManager] Successfully created attachment [Screenshot - 1636681904456_assertElementAttribute_false_caseInsensitiveComparison_expectedToPass_ValidateElementAttribute_passed] @12-11-2021 01:51:44.0594 A
[ReportManager] Browser Action [CloseCurrentWindow] successfully performed. @12-11-2021 01:51:44.0925 AM
[ReportManager] Successfully created attachment [Browser Action Test Data - CloseCurrentWindow - Actual Value] @12-11-2021 01:51:44.0926 A
[ReportManager] File Action [GetAbsolutePath] successfully performed. With the following test data [Relative Folder Path: "target/downloadedFiles/"]. @12-11-2021 01:51:44.0930 AM
[ReportManager] Attempting to run locally on: [Mac-64], [Safari], Headless Execution. @12-11-2021 01:51:44.0930 AM
[ReportManager] Successfully Opened Safari. @12-11-2021 01:51:45.0718 AM
[ReportManager] Initial window size: (800, 600) @12-11-2021 01:51:45.0748 AM
[ReportManager] Window size after SWD Maximize: (1176, 811) @12-11-2021 01:51:45.0776 AM
[ReportManager] Browser Action [MaximizeWindow] successfully performed. With the following test data [New screen size is now: (1176, 811)]. @12-11-2021 01:51:45.0776 AM
[ReportManager] Target URL: [https://www.google.com/ncr], and after redirection: [www.google.com] @12-11-2021 01:51:45.0776 AM
[ReportManager] Initial URL: [] @12-11-2021 01:51:45.0848 AM
[ReportManager] Browser Action [NavigateToURL] successfully performed. With the following test data [https://www.google.com/ncr]. @12-11-2021 01:51:46.0776 A

################################################################################################################################################
Starting Execution:	[31 out of 146] test cases in the current suite
Test Method:		[unitTests.tests_validations_assertions.assertElementAttribute_false_containsComparison_expectedToFail]
################################################################################################################################################
[ReportManager] Element Action [Type] successfully performed. With the following test data [Automation123]. @12-11-2021 01:51:47.0299 AM
[ReportManager] Element Action [GetText] successfully performed. With the following test data [Automation123]. @12-11-2021 01:51:47.0374 AM
[ReportManager] Loaded Shared OpenCV @12-11-2021 01:51:47.0464 AM
[ReportManager] Assertion [ValidateElementAttribute] FAILED. Expected [Value Should not be 'Automation' for the 'text' attribute, element locator 'By.name: q'] and Actual [Automation123]. Comparison Type [CONTAINS]. Validation Type [NEGATIVE]. @12-11-2021 01:51:47.0621 AM
[ReportManager] Successfully created attachment [Screenshot - 1636681907464_assertElementAttribute_false_containsComparison_expectedToFail_ValidateElementAttribute_failed] @12-11-2021 01:51:47.0623 A
[ReportManager] Browser Action [CloseCurrentWindow] successfully performed. @12-11-2021 01:51:48.0001 AM
[ReportManager] Successfully created attachment [Browser Action Test Data - CloseCurrentWindow - Actual Value] @12-11-2021 01:51:48.0003 A
[ReportManager] File Action [GetAbsolutePath] successfully performed. With the following test data [Relative Folder Path: "target/downloadedFiles/"]. @12-11-2021 01:51:48.0007 AM
[ReportManager] Attempting to run locally on: [Mac-64], [Safari], Headless Execution. @12-11-2021 01:51:48.0008 AM
[ReportManager] Successfully Opened Safari. @12-11-2021 01:51:48.0887 AM
[ReportManager] Initial window size: (800, 600) @12-11-2021 01:51:48.0903 AM
[ReportManager] Window size after SWD Maximize: (1176, 811) @12-11-2021 01:51:48.0921 AM
[ReportManager] Browser Action [MaximizeWindow] successfully performed. With the following test data [New screen size is now: (1176, 811)]. @12-11-2021 01:51:48.0921 AM
[ReportManager] Target URL: [https://www.google.com/ncr], and after redirection: [www.google.com] @12-11-2021 01:51:48.0921 AM
[ReportManager] Initial URL: [] @12-11-2021 01:51:48.0999 AM
[ReportManager] Browser Action [NavigateToURL] successfully performed. With the following test data [https://www.google.com/ncr]. @12-11-2021 01:51:49.0877 A

################################################################################################################################################
Starting Execution:	[32 out of 146] test cases in the current suite
Test Method:		[unitTests.tests_validations_assertions.assertElementAttribute_false_containsComparison_expectedToPass]
################################################################################################################################################
[ReportManager] Element Action [Type] successfully performed. With the following test data [Automation123]. @12-11-2021 01:51:50.0485 AM
[ReportManager] Element Action [GetText] successfully performed. With the following test data [Automation123]. @12-11-2021 01:51:50.0553 AM
[ReportManager] Loaded Shared OpenCV @12-11-2021 01:51:50.0612 AM
[ReportManager] Assertion [ValidateElementAttribute] PASSED. Expected [Value Should not be 'Automation1234' for the 'text' attribute, element locator 'By.name: q'] and Actual [Automation123]. Comparison Type [CONTAINS]. Validation Type [NEGATIVE]. @12-11-2021 01:51:50.0867 AM
[ReportManager] Successfully created attachment [Screenshot - 1636681910612_assertElementAttribute_false_containsComparison_expectedToPass_ValidateElementAttribute_passed] @12-11-2021 01:51:50.0869 A
[ReportManager] Browser Action [CloseCurrentWindow] successfully performed. @12-11-2021 01:51:51.0138 AM
[ReportManager] Successfully created attachment [Browser Action Test Data - CloseCurrentWindow - Actual Value] @12-11-2021 01:51:51.0139 A
[ReportManager] File Action [GetAbsolutePath] successfully performed. With the following test data [Relative Folder Path: "target/downloadedFiles/"]. @12-11-2021 01:51:51.0145 AM
[ReportManager] Attempting to run locally on: [Mac-64], [Safari], Headless Execution. @12-11-2021 01:51:51.0145 A

################################################################################################################################################
Starting Execution:	[33 out of 146] test cases in the current suite
Test Method:		[unitTests.tests_validations_assertions.assertElementAttribute_false_literalComparison_expectedToFail]
###############################################################################################################################################



################################################################################################################################################
Starting Execution:	[34 out of 146] test cases in the current suite
Test Method:		[unitTests.tests_validations_assertions.assertElementAttribute_false_literalComparison_expectedToPass]
###############################################################################################################################################



################################################################################################################################################
Starting Execution:	[35 out of 146] test cases in the current suite
Test Method:		[unitTests.tests_validations_assertions.assertElementAttribute_false_regexComparison_expectedToFail]
###############################################################################################################################################



################################################################################################################################################
Starting Execution:	[36 out of 146] test cases in the current suite
Test Method:		[unitTests.tests_validations_assertions.assertElementAttribute_false_regexComparison_expectedToPass]
###############################################################################################################################################



################################################################################################################################################
Starting Execution:	[37 out of 146] test cases in the current suite
Test Method:		[unitTests.tests_validations_assertions.assertElementAttribute_true_caseInsensitiveComparison_expectedToFail]
###############################################################################################################################################



################################################################################################################################################
Starting Execution:	[38 out of 146] test cases in the current suite
Test Method:		[unitTests.tests_validations_assertions.assertElementAttribute_true_caseInsensitiveComparison_expectedToPass]
###############################################################################################################################################



################################################################################################################################################
Starting Execution:	[39 out of 146] test cases in the current suite
Test Method:		[unitTests.tests_validations_assertions.assertElementAttribute_true_containsComparison_expectedToFail]
###############################################################################################################################################



################################################################################################################################################
Starting Execution:	[40 out of 146] test cases in the current suite
Test Method:		[unitTests.tests_validations_assertions.assertElementAttribute_true_containsComparison_expectedToPass]
###############################################################################################################################################



################################################################################################################################################
Starting Execution:	[41 out of 146] test cases in the current suite
Test Method:		[unitTests.tests_validations_assertions.assertElementAttribute_true_literalComparison_expectedToFail]
###############################################################################################################################################



################################################################################################################################################
Starting Execution:	[42 out of 146] test cases in the current suite
Test Method:		[unitTests.tests_validations_assertions.assertElementAttribute_true_literalComparison_expectedToPass]
###############################################################################################################################################



################################################################################################################################################
Starting Execution:	[43 out of 146] test cases in the current suite
Test Method:		[unitTests.tests_validations_assertions.assertElementAttribute_true_regexComparison_expectedToFail]
###############################################################################################################################################



################################################################################################################################################
Starting Execution:	[44 out of 146] test cases in the current suite
Test Method:		[unitTests.tests_validations_assertions.assertElementAttribute_true_regexComparison_expectedToPass]
###############################################################################################################################################



################################################################################################################################################
Starting Execution:	[45 out of 146] test cases in the current suite
Test Method:		[unitTests.tests_validations_assertions.assertElementAttribute_type_true_literalComparison_expectedToPass]
###############################################################################################################################################



################################################################################################################################################
Starting Execution:	[46 out of 146] test cases in the current suite
Test Method:		[unitTests.tests_validations_assertions.assertElementExists_false_expectedToFail]
###############################################################################################################################################



################################################################################################################################################
Starting Execution:	[47 out of 146] test cases in the current suite
Test Method:		[unitTests.tests_validations_assertions.assertElementExists_false_expectedToPass]
###############################################################################################################################################



################################################################################################################################################
Starting Execution:	[48 out of 146] test cases in the current suite
Test Method:		[unitTests.tests_validations_assertions.assertElementExists_false_multipleElementsFound_expectedToFail]
###############################################################################################################################################



################################################################################################################################################
Starting Execution:	[49 out of 146] test cases in the current suite
Test Method:		[unitTests.tests_validations_assertions.assertElementExists_true_expectedToFail]
###############################################################################################################################################



################################################################################################################################################
Starting Execution:	[50 out of 146] test cases in the current suite
Test Method:		[unitTests.tests_validations_assertions.assertElementExists_true_expectedToPass]
###############################################################################################################################################



################################################################################################################################################
Starting Execution:	[51 out of 146] test cases in the current suite
Test Method:		[unitTests.tests_validations_assertions.assertElementExists_true_multipleElementsFound_expectedToFail]
###############################################################################################################################################


################################################################################################################################################
Starting Execution:	[52 out of 146] test cases in the current suite
Test Method:		[unitTests.tests_validations_assertions.assertEquals_false_expectedToFail]
###############################################################################################################################################

################################################################################################################################################
Starting Execution:	[53 out of 146] test cases in the current suite
Test Method:		[unitTests.tests_validations_assertions.assertEquals_false_expectedToPass]
###############################################################################################################################################

################################################################################################################################################
Starting Execution:	[54 out of 146] test cases in the current suite
Test Method:		[unitTests.tests_validations_assertions.assertEquals_longCharacters]
###############################################################################################################################################

################################################################################################################################################
Starting Execution:	[55 out of 146] test cases in the current suite
Test Method:		[unitTests.tests_validations_assertions.assertEquals_longCharacters_Discreet]
###############################################################################################################################################

################################################################################################################################################
Starting Execution:	[56 out of 146] test cases in the current suite
Test Method:		[unitTests.tests_validations_assertions.assertEquals_true_expectedToFail]
###############################################################################################################################################

################################################################################################################################################
Starting Execution:	[57 out of 146] test cases in the current suite
Test Method:		[unitTests.tests_validations_assertions.assertEquals_true_expectedToPass]
Test Description:	[Assert that assertEquals works as expected when the two values are equal.]
###############################################################################################################################################

################################################################################################################################################
Starting Execution:	[58 out of 146] test cases in the current suite
Test Method:		[unitTests.tests_validations_assertions.assertEquals_true_expectedToPass__]
###############################################################################################################################################

################################################################################################################################################
Starting Execution:	[59 out of 146] test cases in the current suite
Test Method:		[unitTests.tests_validations_assertions.assertFileExists_false_expectedToFail]
###############################################################################################################################################

################################################################################################################################################
Starting Execution:	[60 out of 146] test cases in the current suite
Test Method:		[unitTests.tests_validations_assertions.assertFileExists_false_expectedToPass]
###############################################################################################################################################

################################################################################################################################################
Starting Execution:	[61 out of 146] test cases in the current suite
Test Method:		[unitTests.tests_validations_assertions.assertFileExists_true_expectedToFail]
###############################################################################################################################################

################################################################################################################################################
Starting Execution:	[62 out of 146] test cases in the current suite
Test Method:		[unitTests.tests_validations_assertions.assertFileExists_true_expectedToPass]
###############################################################################################################################################

################################################################################################################################################
Starting Execution:	[63 out of 146] test cases in the current suite
Test Method:		[unitTests.tests_validations_assertions.assertNull_false_expectedToFail]
###############################################################################################################################################

################################################################################################################################################
Starting Execution:	[64 out of 146] test cases in the current suite
Test Method:		[unitTests.tests_validations_assertions.assertNull_false_expectedToPass]
###############################################################################################################################################

################################################################################################################################################
Starting Execution:	[65 out of 146] test cases in the current suite
Test Method:		[unitTests.tests_validations_assertions.assertNull_true_expectedToFail]
###############################################################################################################################################

################################################################################################################################################
Starting Execution:	[66 out of 146] test cases in the current suite
Test Method:		[unitTests.tests_validations_assertions.assertNull_true_expectedToPass]
###############################################################################################################################################

################################################################################################################################################
Starting Execution:	[67 out of 146] test cases in the current suite
Test Method:		[unitTests.tests_restActions.getPostsAndAssertBodyForSpecificTitle]
################################################################################################################################################
[ReportManager] Response status code: [200], status line: [HTTP/1.1 200 OK] @12-11-2021 01:51:54.0500 AM
[ReportManager] Assertion Passed: Evaluating the actual response status code against the expected one... @12-11-2021 01:51:54.0505 AM
[ReportManager] Assertion [ValidateComparativeRelation] PASSED. Expected [200] and Actual [200]. Comparison Type [EQUALS]. Validation Type [POSITIVE]. @12-11-2021 01:51:54.0505 AM
[ReportManager] API Action [PerformRequest] successfully performed. With the following test data [Request Type: "GET" | Target Status Code: "200" | Service URL: "https://jsonplaceholder.typicode.com/posts" | Content Type: "*/*" | Response Time: "767ms"]. @12-11-2021 01:51:56.0306 AM
[ReportManager] Successfully created attachment [API Request - Specifications] @12-11-2021 01:51:56.0312 AM
[ReportManager] Successfully created attachment [API Response - JSON Body] @12-11-2021 01:51:56.0617 AM
[ReportManager] API Action [GetResponseJSONValueAsList] successfully performed. @12-11-2021 01:51:56.0648 AM
[ReportManager] API Action [GetResponseJSONValue] successfully performed. With the following test data [title]. @12-11-2021 01:51:56.0670 AM
[ReportManager] API Action [GetResponseJSONValue] successfully performed. With the following test data [title]. @12-11-2021 01:51:56.0685 AM
[ReportManager] API Action [GetResponseJSONValue] successfully performed. With the following test data [body]. @12-11-2021 01:51:56.0698 AM
[ReportManager] Assertion [ValidateEquals] PASSED. Expected [qui neque nisi nulla] and Actual [est rerum tempore vitae
sequi sint nihil reprehenderit dolor beatae ea dolores neque
fugiat blanditiis voluptate porro vel nihil molestiae ut reiciendis
qui aperiam non debitis possimus qui neque nisi nulla]. Comparison Type [CONTAINS]. Validation Type [POSITIVE]. @12-11-2021 01:51:56.0699 AM
[ReportManager] API Action [GetResponseJSONValue] successfully performed. With the following test data [title]. @12-11-2021 01:51:56.0712 AM
[ReportManager] API Action [GetResponseJSONValue] successfully performed. With the following test data [title]. @12-11-2021 01:51:56.0725 AM
[ReportManager] API Action [GetResponseJSONValue] successfully performed. With the following test data [title]. @12-11-2021 01:51:56.0738 AM
[ReportManager] API Action [GetResponseJSONValue] successfully performed. With the following test data [title]. @12-11-2021 01:51:56.0751 AM
[ReportManager] API Action [GetResponseJSONValue] successfully performed. With the following test data [title]. @12-11-2021 01:51:56.0767 AM
[ReportManager] API Action [GetResponseJSONValue] successfully performed. With the following test data [title]. @12-11-2021 01:51:56.0782 AM
[ReportManager] API Action [GetResponseJSONValue] successfully performed. With the following test data [title]. @12-11-2021 01:51:56.0797 AM
[ReportManager] API Action [GetResponseJSONValue] successfully performed. With the following test data [title]. @12-11-2021 01:51:56.0811 AM
[ReportManager] API Action [GetResponseJSONValue] successfully performed. With the following test data [title]. @12-11-2021 01:51:56.0828 AM
[ReportManager] API Action [GetResponseJSONValue] successfully performed. With the following test data [title]. @12-11-2021 01:51:56.0843 AM
[ReportManager] API Action [GetResponseJSONValue] successfully performed. With the following test data [title]. @12-11-2021 01:51:56.0858 AM
[ReportManager] API Action [GetResponseJSONValue] successfully performed. With the following test data [title]. @12-11-2021 01:51:56.0874 AM
[ReportManager] API Action [GetResponseJSONValue] successfully performed. With the following test data [title]. @12-11-2021 01:51:56.0888 AM
[ReportManager] API Action [GetResponseJSONValue] successfully performed. With the following test data [title]. @12-11-2021 01:51:56.0900 AM
[ReportManager] API Action [GetResponseJSONValue] successfully performed. With the following test data [title]. @12-11-2021 01:51:56.0913 AM
[ReportManager] API Action [GetResponseJSONValue] successfully performed. With the following test data [title]. @12-11-2021 01:51:56.0926 AM
[ReportManager] API Action [GetResponseJSONValue] successfully performed. With the following test data [title]. @12-11-2021 01:51:56.0939 AM
[ReportManager] API Action [GetResponseJSONValue] successfully performed. With the following test data [title]. @12-11-2021 01:51:56.0954 AM
[ReportManager] API Action [GetResponseJSONValue] successfully performed. With the following test data [title]. @12-11-2021 01:51:56.0967 AM
[ReportManager] API Action [GetResponseJSONValue] successfully performed. With the following test data [title]. @12-11-2021 01:51:56.0981 AM
[ReportManager] API Action [GetResponseJSONValue] successfully performed. With the following test data [title]. @12-11-2021 01:51:56.0994 AM
[ReportManager] API Action [GetResponseJSONValue] successfully performed. With the following test data [title]. @12-11-2021 01:51:57.0008 AM
[ReportManager] API Action [GetResponseJSONValue] successfully performed. With the following test data [title]. @12-11-2021 01:51:57.0022 AM
[ReportManager] API Action [GetResponseJSONValue] successfully performed. With the following test data [title]. @12-11-2021 01:51:57.0033 AM
[ReportManager] API Action [GetResponseJSONValue] successfully performed. With the following test data [title]. @12-11-2021 01:51:57.0046 AM
[ReportManager] API Action [GetResponseJSONValue] successfully performed. With the following test data [title]. @12-11-2021 01:51:57.0258 AM
[ReportManager] API Action [GetResponseJSONValue] successfully performed. With the following test data [title]. @12-11-2021 01:51:57.0279 AM
[ReportManager] API Action [GetResponseJSONValue] successfully performed. With the following test data [title]. @12-11-2021 01:51:57.0291 AM
[ReportManager] API Action [GetResponseJSONValue] successfully performed. With the following test data [title]. @12-11-2021 01:51:57.0303 AM
[ReportManager] API Action [GetResponseJSONValue] successfully performed. With the following test data [title]. @12-11-2021 01:51:57.0315 AM
[ReportManager] API Action [GetResponseJSONValue] successfully performed. With the following test data [title]. @12-11-2021 01:51:57.0327 AM
[ReportManager] API Action [GetResponseJSONValue] successfully performed. With the following test data [title]. @12-11-2021 01:51:57.0356 AM
[ReportManager] API Action [GetResponseJSONValue] successfully performed. With the following test data [title]. @12-11-2021 01:51:57.0379 AM
[ReportManager] API Action [GetResponseJSONValue] successfully performed. With the following test data [title]. @12-11-2021 01:51:57.0398 AM
[ReportManager] API Action [GetResponseJSONValue] successfully performed. With the following test data [title]. @12-11-2021 01:51:57.0410 AM
[ReportManager] API Action [GetResponseJSONValue] successfully performed. With the following test data [title]. @12-11-2021 01:51:57.0422 AM
[ReportManager] API Action [GetResponseJSONValue] successfully performed. With the following test data [title]. @12-11-2021 01:51:57.0437 AM
[ReportManager] API Action [GetResponseJSONValue] successfully performed. With the following test data [title]. @12-11-2021 01:51:57.0451 AM
[ReportManager] API Action [GetResponseJSONValue] successfully performed. With the following test data [title]. @12-11-2021 01:51:57.0465 AM
[ReportManager] API Action [GetResponseJSONValue] successfully performed. With the following test data [title]. @12-11-2021 01:51:57.0499 AM
[ReportManager] API Action [GetResponseJSONValue] successfully performed. With the following test data [title]. @12-11-2021 01:51:57.0520 AM
[ReportManager] API Action [GetResponseJSONValue] successfully performed. With the following test data [title]. @12-11-2021 01:51:57.0533 AM
[ReportManager] API Action [GetResponseJSONValue] successfully performed. With the following test data [title]. @12-11-2021 01:51:57.0555 AM
[ReportManager] API Action [GetResponseJSONValue] successfully performed. With the following test data [title]. @12-11-2021 01:51:57.0600 AM
[ReportManager] API Action [GetResponseJSONValue] successfully performed. With the following test data [title]. @12-11-2021 01:51:57.0633 AM
[ReportManager] API Action [GetResponseJSONValue] successfully performed. With the following test data [title]. @12-11-2021 01:51:57.0651 AM
[ReportManager] API Action [GetResponseJSONValue] successfully performed. With the following test data [title]. @12-11-2021 01:51:57.0663 AM
[ReportManager] API Action [GetResponseJSONValue] successfully performed. With the following test data [title]. @12-11-2021 01:51:57.0676 AM
[ReportManager] API Action [GetResponseJSONValue] successfully performed. With the following test data [title]. @12-11-2021 01:51:57.0689 AM
[ReportManager] API Action [GetResponseJSONValue] successfully performed. With the following test data [title]. @12-11-2021 01:51:57.0709 AM
[ReportManager] API Action [GetResponseJSONValue] successfully performed. With the following test data [title]. @12-11-2021 01:51:57.0743 AM
[ReportManager] API Action [GetResponseJSONValue] successfully performed. With the following test data [title]. @12-11-2021 01:51:57.0763 AM
[ReportManager] API Action [GetResponseJSONValue] successfully performed. With the following test data [title]. @12-11-2021 01:51:57.0775 AM
[ReportManager] API Action [GetResponseJSONValue] successfully performed. With the following test data [title]. @12-11-2021 01:51:57.0787 AM
[ReportManager] API Action [GetResponseJSONValue] successfully performed. With the following test data [title]. @12-11-2021 01:51:57.0799 AM
[ReportManager] API Action [GetResponseJSONValue] successfully performed. With the following test data [title]. @12-11-2021 01:51:57.0809 AM
[ReportManager] API Action [GetResponseJSONValue] successfully performed. With the following test data [title]. @12-11-2021 01:51:57.0821 AM
[ReportManager] API Action [GetResponseJSONValue] successfully performed. With the following test data [title]. @12-11-2021 01:51:57.0832 AM
[ReportManager] API Action [GetResponseJSONValue] successfully performed. With the following test data [title]. @12-11-2021 01:51:57.0845 AM
[ReportManager] API Action [GetResponseJSONValue] successfully performed. With the following test data [title]. @12-11-2021 01:51:57.0874 AM
[ReportManager] API Action [GetResponseJSONValue] successfully performed. With the following test data [title]. @12-11-2021 01:51:57.0886 AM
[ReportManager] API Action [GetResponseJSONValue] successfully performed. With the following test data [title]. @12-11-2021 01:51:57.0897 AM
[ReportManager] API Action [GetResponseJSONValue] successfully performed. With the following test data [title]. @12-11-2021 01:51:57.0908 AM
[ReportManager] API Action [GetResponseJSONValue] successfully performed. With the following test data [title]. @12-11-2021 01:51:57.0922 AM
[ReportManager] API Action [GetResponseJSONValue] successfully performed. With the following test data [title]. @12-11-2021 01:51:57.0933 AM
[ReportManager] API Action [GetResponseJSONValue] successfully performed. With the following test data [title]. @12-11-2021 01:51:57.0944 AM
[ReportManager] API Action [GetResponseJSONValue] successfully performed. With the following test data [title]. @12-11-2021 01:51:57.0955 AM
[ReportManager] API Action [GetResponseJSONValue] successfully performed. With the following test data [title]. @12-11-2021 01:51:57.0965 AM
[ReportManager] API Action [GetResponseJSONValue] successfully performed. With the following test data [title]. @12-11-2021 01:51:57.0976 AM
[ReportManager] API Action [GetResponseJSONValue] successfully performed. With the following test data [title]. @12-11-2021 01:51:57.0987 AM
[ReportManager] API Action [GetResponseJSONValue] successfully performed. With the following test data [title]. @12-11-2021 01:51:57.0998 AM
[ReportManager] API Action [GetResponseJSONValue] successfully performed. With the following test data [title]. @12-11-2021 01:51:58.0010 AM
[ReportManager] API Action [GetResponseJSONValue] successfully performed. With the following test data [title]. @12-11-2021 01:51:58.0021 AM
[ReportManager] API Action [GetResponseJSONValue] successfully performed. With the following test data [title]. @12-11-2021 01:51:58.0033 AM
[ReportManager] API Action [GetResponseJSONValue] successfully performed. With the following test data [title]. @12-11-2021 01:51:58.0044 AM
[ReportManager] API Action [GetResponseJSONValue] successfully performed. With the following test data [title]. @12-11-2021 01:51:58.0055 AM
[ReportManager] API Action [GetResponseJSONValue] successfully performed. With the following test data [title]. @12-11-2021 01:51:58.0067 AM
[ReportManager] API Action [GetResponseJSONValue] successfully performed. With the following test data [title]. @12-11-2021 01:51:58.0078 AM
[ReportManager] API Action [GetResponseJSONValue] successfully performed. With the following test data [title]. @12-11-2021 01:51:58.0089 AM
[ReportManager] API Action [GetResponseJSONValue] successfully performed. With the following test data [title]. @12-11-2021 01:51:58.0101 AM
[ReportManager] API Action [GetResponseJSONValue] successfully performed. With the following test data [title]. @12-11-2021 01:51:58.0111 AM
[ReportManager] API Action [GetResponseJSONValue] successfully performed. With the following test data [title]. @12-11-2021 01:51:58.0206 AM
[ReportManager] API Action [GetResponseJSONValue] successfully performed. With the following test data [title]. @12-11-2021 01:51:58.0219 AM
[ReportManager] API Action [GetResponseJSONValue] successfully performed. With the following test data [title]. @12-11-2021 01:51:58.0230 AM
[ReportManager] API Action [GetResponseJSONValue] successfully performed. With the following test data [title]. @12-11-2021 01:51:58.0249 AM
[ReportManager] API Action [GetResponseJSONValue] successfully performed. With the following test data [title]. @12-11-2021 01:51:58.0277 AM
[ReportManager] API Action [GetResponseJSONValue] successfully performed. With the following test data [title]. @12-11-2021 01:51:58.0297 AM
[ReportManager] API Action [GetResponseJSONValue] successfully performed. With the following test data [title]. @12-11-2021 01:51:58.0311 AM
[ReportManager] API Action [GetResponseJSONValue] successfully performed. With the following test data [title]. @12-11-2021 01:51:58.0326 AM
[ReportManager] API Action [GetResponseJSONValue] successfully performed. With the following test data [title]. @12-11-2021 01:51:58.0342 AM
[ReportManager] API Action [GetResponseJSONValue] successfully performed. With the following test data [title]. @12-11-2021 01:51:58.0363 AM
[ReportManager] API Action [GetResponseJSONValue] successfully performed. With the following test data [title]. @12-11-2021 01:51:58.0395 AM
[ReportManager] API Action [GetResponseJSONValue] successfully performed. With the following test data [title]. @12-11-2021 01:51:58.0409 AM
[ReportManager] API Action [GetResponseJSONValue] successfully performed. With the following test data [title]. @12-11-2021 01:51:58.0422 AM
[ReportManager] API Action [GetResponseJSONValue] successfully performed. With the following test data [title]. @12-11-2021 01:51:58.0433 AM
[ReportManager] API Action [GetResponseJSONValue] successfully performed. With the following test data [title]. @12-11-2021 01:51:58.0447 AM
[ReportManager] API Action [GetResponseJSONValue] successfully performed. With the following test data [title]. @12-11-2021 01:51:58.0461 AM
[ReportManager] API Action [GetResponseJSONValue] successfully performed. With the following test data [title]. @12-11-2021 01:51:58.0524 A

################################################################################################################################################
Starting Execution:	[68 out of 146] test cases in the current suite
Test Method:		[unitTests.tests_restActions.validateUserEmail]
################################################################################################################################################
[ReportManager] Response status code: [200], status line: [HTTP/1.1 200 OK] @12-11-2021 01:51:58.0647 AM
[ReportManager] Assertion Passed: Evaluating the actual response status code against the expected one... @12-11-2021 01:51:58.0647 AM
[ReportManager] Assertion [ValidateComparativeRelation] PASSED. Expected [200] and Actual [200]. Comparison Type [EQUALS]. Validation Type [POSITIVE]. @12-11-2021 01:51:58.0647 AM
[ReportManager] API Action [PerformRequest] successfully performed. With the following test data [Request Type: "GET" | Target Status Code: "200" | Service URL: "https://jsonplaceholder.typicode.com/users" | Content Type: "*/*" | Response Time: "112ms"]. @12-11-2021 01:51:58.0669 AM
[ReportManager] Successfully created attachment [API Request - Specifications] @12-11-2021 01:51:58.0669 AM
[ReportManager] Successfully created attachment [API Response - JSON Body] @12-11-2021 01:51:58.0670 AM
[ReportManager] Assertion [ValidateEquals] PASSED. Expected and Actual values are attached. Comparison Type [CONTAINS]. Validation Type [POSITIVE]. @12-11-2021 01:51:58.0671 AM
[ReportManager] Successfully created attachment [Validation Test Data - Expected Value] @12-11-2021 01:51:58.0671 AM
[ReportManager] Successfully created attachment [Validation Test Data - Actual Value] @12-11-2021 01:51:58.0672 AM
[ReportManager] API Action [GetResponseJSONValueAsList] successfully performed. With the following test data [$]. @12-11-2021 01:51:58.0678 AM
[ReportManager] API Action [GetResponseJSONValue] successfully performed. With the following test data [name]. @12-11-2021 01:51:58.0690 AM
[ReportManager] API Action [GetResponseJSONValue] successfully performed. With the following test data [email]. @12-11-2021 01:51:58.0701 AM
[ReportManager] Assertion [ValidateEquals] PASSED. Expected [Sincere@april.biz] and Actual [Sincere@april.biz]. Comparison Type [EQUALS]. Validation Type [POSITIVE]. @12-11-2021 01:51:58.0702 AM
[ReportManager] API Action [GetResponseJSONValue] successfully performed. With the following test data [name]. @12-11-2021 01:51:58.0713 AM
[ReportManager] API Action [GetResponseJSONValue] successfully performed. With the following test data [name]. @12-11-2021 01:51:58.0724 AM
[ReportManager] API Action [GetResponseJSONValue] successfully performed. With the following test data [name]. @12-11-2021 01:51:58.0735 AM
[ReportManager] API Action [GetResponseJSONValue] successfully performed. With the following test data [name]. @12-11-2021 01:51:58.0747 AM
[ReportManager] API Action [GetResponseJSONValue] successfully performed. With the following test data [name]. @12-11-2021 01:51:58.0758 AM
[ReportManager] API Action [GetResponseJSONValue] successfully performed. With the following test data [name]. @12-11-2021 01:51:58.0769 AM
[ReportManager] API Action [GetResponseJSONValue] successfully performed. With the following test data [name]. @12-11-2021 01:51:58.0780 AM
[ReportManager] API Action [GetResponseJSONValue] successfully performed. With the following test data [name]. @12-11-2021 01:51:58.0792 AM
[ReportManager] API Action [GetResponseJSONValue] successfully performed. With the following test data [name]. @12-11-2021 01:51:58.0803 A
[ReportManager] File Action [GetAbsolutePath] successfully performed. With the following test data [Relative Folder Path: "target/downloadedFiles/"]. @12-11-2021 01:51:58.0806 AM
[ReportManager] Attempting to run locally on: [Mac-64], [Safari], Headless Execution. @12-11-2021 01:51:58.0806 AM
[ReportManager] Successfully Opened Safari. @12-11-2021 01:51:59.0654 AM
[ReportManager] Initial window size: (800, 600) @12-11-2021 01:51:59.0668 AM
[ReportManager] Window size after SWD Maximize: (1176, 811) @12-11-2021 01:51:59.0822 AM
[ReportManager] Browser Action [MaximizeWindow] successfully performed. With the following test data [New screen size is now: (1176, 811)]. @12-11-2021 01:51:59.0823 A

################################################################################################################################################
Starting Execution:	[69 out of 146] test cases in the current suite
Test Method:		[testPackage01.Test_uploadFile.uploadFile_invisibleUploadInput]
################################################################################################################################################
[ReportManager] Target URL: [https://fineuploader.com/demos.html#gallery-view] @12-11-2021 01:51:59.0826 AM
[ReportManager] Initial URL: [] @12-11-2021 01:51:59.0873 AM
[ReportManager] Browser Action [NavigateToURL] successfully performed. With the following test data [https://fineuploader.com/demos.html#gallery-view]. @12-11-2021 01:52:01.0840 AM
[ReportManager] File Action [GetAbsolutePath] successfully performed. With the following test data [Relative File Path: "src/main/resources/images/shaft.png"]. @12-11-2021 01:52:01.0841 AM
[ReportManager] Successfully created attachment [File Action Actual Result - Command Log] @12-11-2021 01:52:01.0842 AM
[ReportManager] Element Action [TypeFileLocationForUpload] successfully performed. With the following test data [/Users/runner/work/SHAFT_ENGINE/SHAFT_ENGINE/src/main/resources/images/shaft.png]. @12-11-2021 01:52:01.0885 AM
[ReportManager] Attempting to getAttribute [src] from elementLocator [By.xpath: //div[@id='fine-uploader-gallery']//div[@class='qq-thumbnail-wrapper']/img]. @12-11-2021 01:52:01.0886 AM
[ReportManager] Element Action [GetAttribute] successfully performed. @12-11-2021 01:52:02.0283 AM
[ReportManager] Successfully created attachment [Element Action Test Data - GetAttribute - Actual Value] @12-11-2021 01:52:02.0284 AM
[ReportManager] Loaded Shared OpenCV @12-11-2021 01:52:02.0429 AM
[ReportManager] Assertion [ValidateElementAttribute] PASSED. Expected and Actual values are attached. Comparison Type [CONTAINS]. Validation Type [POSITIVE]. @12-11-2021 01:52:02.0556 AM
[ReportManager] Successfully created attachment [Validation Test Data - Expected Value] @12-11-2021 01:52:02.0557 AM
[ReportManager] Successfully created attachment [Validation Test Data - Actual Value] @12-11-2021 01:52:02.0557 AM
[ReportManager] Successfully created attachment [Screenshot - 1636681922429_uploadFile_invisibleUploadInput_ValidateElementAttribute_passed] @12-11-2021 01:52:02.0558 A
[ReportManager] Browser Action [CloseCurrentWindow] successfully performed. @12-11-2021 01:52:02.0814 AM
[ReportManager] Successfully created attachment [Browser Action Test Data - CloseCurrentWindow - Actual Value] @12-11-2021 01:52:02.0815 A
[ReportManager] File Action [GetAbsolutePath] successfully performed. With the following test data [Relative Folder Path: "target/downloadedFiles/"]. @12-11-2021 01:52:02.0826 AM
[ReportManager] Attempting to run locally on: [Mac-64], [Safari], Headless Execution. @12-11-2021 01:52:02.0826 AM
[ReportManager] Successfully Opened Safari. @12-11-2021 01:52:03.0745 AM
[ReportManager] Initial window size: (800, 600) @12-11-2021 01:52:03.0770 AM
[ReportManager] Window size after SWD Maximize: (1176, 811) @12-11-2021 01:52:03.0863 AM
[ReportManager] Browser Action [MaximizeWindow] successfully performed. With the following test data [New screen size is now: (1176, 811)]. @12-11-2021 01:52:03.0864 A

################################################################################################################################################
Starting Execution:	[70 out of 146] test cases in the current suite
Test Method:		[testPackage01.Test_uploadFile.uploadFile_visibleUploadInput]
################################################################################################################################################
[ReportManager] Target URL: [http://demo.guru99.com/test/upload/] @12-11-2021 01:52:03.0867 AM
[ReportManager] Initial URL: [] @12-11-2021 01:52:03.0959 AM
[ReportManager] Browser Action [NavigateToURL] successfully performed. With the following test data [http://demo.guru99.com/test/upload/]. @12-11-2021 01:52:04.0981 AM
[ReportManager] File Action [GetAbsolutePath] successfully performed. With the following test data [Relative File Path: "src/main/resources/images/shaft.png"]. @12-11-2021 01:52:04.0982 AM
[ReportManager] Successfully created attachment [File Action Actual Result - Command Log] @12-11-2021 01:52:04.0982 AM
[ReportManager] Element Action [TypeFileLocationForUpload] successfully performed. With the following test data [/Users/runner/work/SHAFT_ENGINE/SHAFT_ENGINE/src/main/resources/images/shaft.png]. @12-11-2021 01:52:05.0040 AM
[ReportManager] Element Action [Click] successfully performed. With the following test data [on]. @12-11-2021 01:52:05.0579 AM
[ReportManager] Element Action [Click] successfully performed. With the following test data [ Submit File]. @12-11-2021 01:52:06.0247 AM
[ReportManager] Element Action [GetText] successfully performed. With the following test data [1 file has been successfully uploaded.]. @12-11-2021 01:52:06.0987 AM
[ReportManager] Loaded Shared OpenCV @12-11-2021 01:52:07.0048 AM
[ReportManager] Assertion [ValidateElementAttribute] PASSED. Expected [Value Should be '1 file' for the 'Text' attribute, element locator 'By.id: res'] and Actual [1 file has been successfully uploaded.]. Comparison Type [CONTAINS]. Validation Type [POSITIVE]. @12-11-2021 01:52:07.0158 AM
[ReportManager] Successfully created attachment [Screenshot - 1636681927048_uploadFile_visibleUploadInput_ValidateElementAttribute_passed] @12-11-2021 01:52:07.0159 A
[ReportManager] Browser Action [CloseCurrentWindow] successfully performed. @12-11-2021 01:52:07.0596 AM
[ReportManager] Successfully created attachment [Browser Action Test Data - CloseCurrentWindow - Actual Value] @12-11-2021 01:52:07.0597 A

################################################################################################################################################
Starting Execution:	[71 out of 146] test cases in the current suite
Test Method:		[testPackage01.Test_AssertApiResponseEquals.assertApiResponseEquals_expectedToPass]
################################################################################################################################################
[ReportManager] Response status code: [200], status line: [HTTP/1.1 200 OK] @12-11-2021 01:52:07.0685 AM
[ReportManager] Assertion Passed: Evaluating the actual response status code against the expected one... @12-11-2021 01:52:07.0686 AM
[ReportManager] Assertion [ValidateComparativeRelation] PASSED. Expected [200] and Actual [200]. Comparison Type [EQUALS]. Validation Type [POSITIVE]. @12-11-2021 01:52:07.0686 AM
[ReportManager] API Action [PerformRequest] successfully performed. With the following test data [Request Type: "GET" | Target Status Code: "200" | Service URL: "https://jsonplaceholder.typicode.com/users" | Content Type: "*/*" | Response Time: "80ms"]. @12-11-2021 01:52:07.0713 AM
[ReportManager] Successfully created attachment [API Request - Specifications] @12-11-2021 01:52:07.0713 AM
[ReportManager] Successfully created attachment [API Response - JSON Body] @12-11-2021 01:52:07.0714 AM
[ReportManager] API Action [GetResponseJSONValueAsList] successfully performed. With the following test data [$]. @12-11-2021 01:52:07.0722 AM
[ReportManager] API Action [GetResponseJSONValue] successfully performed. With the following test data [name]. @12-11-2021 01:52:07.0735 AM
[ReportManager] API Action [GetResponseJSONValue] successfully performed. With the following test data [email]. @12-11-2021 01:52:07.0750 AM
[ReportManager] Verification [ValidateEquals] PASSED. Expected [Sincere@april.biz] and Actual [Sincere@april.biz]. Comparison Type [EQUALS]. Validation Type [POSITIVE]. @12-11-2021 01:52:07.0750 AM
[ReportManager] API Action [GetResponseJSONValue] successfully performed. With the following test data [username]. @12-11-2021 01:52:07.0762 AM
[ReportManager] Assertion [ValidateEquals] PASSED. Expected [Bret] and Actual [Bret]. Comparison Type [EQUALS]. Validation Type [POSITIVE]. @12-11-2021 01:52:07.0763 AM
[ReportManager] API Action [GetResponseJSONValue] successfully performed. With the following test data [name]. @12-11-2021 01:52:07.0774 AM
[ReportManager] API Action [GetResponseJSONValue] successfully performed. With the following test data [name]. @12-11-2021 01:52:07.0785 AM
[ReportManager] API Action [GetResponseJSONValue] successfully performed. With the following test data [name]. @12-11-2021 01:52:07.0797 AM
[ReportManager] API Action [GetResponseJSONValue] successfully performed. With the following test data [name]. @12-11-2021 01:52:07.0809 AM
[ReportManager] API Action [GetResponseJSONValue] successfully performed. With the following test data [name]. @12-11-2021 01:52:07.0821 AM
[ReportManager] API Action [GetResponseJSONValue] successfully performed. With the following test data [name]. @12-11-2021 01:52:07.0835 AM
[ReportManager] API Action [GetResponseJSONValue] successfully performed. With the following test data [name]. @12-11-2021 01:52:07.0848 AM
[ReportManager] API Action [GetResponseJSONValue] successfully performed. With the following test data [name]. @12-11-2021 01:52:07.0861 AM
[ReportManager] API Action [GetResponseJSONValue] successfully performed. With the following test data [name]. @12-11-2021 01:52:07.0874 A

################################################################################################################################################
Starting Execution:	[72 out of 146] test cases in the current suite
Test Method:		[testPackage01.Test_testData.f]
################################################################################################################################################
[ReportManager] Successfully loaded the following test data file [src/test/resources/TestDataFiles/testSuite01/TestData.xlsx]. @12-11-2021 01:52:07.0912 AM
[ReportManager] Successfully created attachment [Test Data - Excel] @12-11-2021 01:52:07.0913 AM
[ReportManager] Last Column Number is: [3]. Zero-based. @12-11-2021 01:52:07.0914 A

################################################################################################################################################
Starting Execution:	[73 out of 146] test cases in the current suite
Test Method:		[testPackage01.Test_PDF.testPDF1]
################################################################################################################################################
[ReportManager] File Action [DoesFileExist] successfully performed. With the following test data [File Path: "src/test/resources/TestDataFiles/sample.pdf"]. @12-11-2021 01:52:07.0922 AM
[ReportManager] File Action [GetAbsolutePath] successfully performed. With the following test data [Relative Folder Path: "src/test/resources/TestDataFiles/sample.pdf"]. @12-11-2021 01:52:07.0923 AM
[ReportManager] Assertion Passed: Checking to see that the pdf file contains [A Simple PDF File] @12-11-2021 01:52:12.0202 AM
[ReportManager] Successfully created attachment [Validation Test Data - Expected Value] @12-11-2021 01:52:12.0207 AM
[ReportManager] Successfully created attachment [Validation Test Data - Actual Value] @12-11-2021 01:52:12.0219 AM
[ReportManager] Assertion [ValidateEquals] PASSED. Expected and Actual values are attached. Comparison Type [CONTAINS]. Validation Type [POSITIVE]. @12-11-2021 01:52:12.0219 A

################################################################################################################################################
Starting Execution:	[74 out of 146] test cases in the current suite
Test Method:		[testPackage01.Test_PDF.testPDF2]
################################################################################################################################################
[ReportManager] File Action [DoesFileExist] successfully performed. With the following test data [File Path: "src/test/resources/TestDataFiles/sample.pdf"]. @12-11-2021 01:52:12.0242 AM
[ReportManager] File Action [GetAbsolutePath] successfully performed. With the following test data [Relative Folder Path: "src/test/resources/TestDataFiles/sample.pdf"]. @12-11-2021 01:52:12.0242 AM
[ReportManager] Assertion Passed: Checking to see that the pdf file contains [A Simple PDF File] @12-11-2021 01:52:12.0261 AM
[ReportManager] Successfully created attachment [Validation Test Data - Expected Value] @12-11-2021 01:52:12.0267 AM
[ReportManager] Successfully created attachment [Validation Test Data - Actual Value] @12-11-2021 01:52:12.0279 AM
[ReportManager] Assertion [ValidateEquals] PASSED. Expected and Actual values are attached. Comparison Type [CONTAINS]. Validation Type [POSITIVE]. @12-11-2021 01:52:12.0280 A
[ReportManager] File Action [GetAbsolutePath] successfully performed. With the following test data [Relative Folder Path: "target/downloadedFiles/"]. @12-11-2021 01:52:12.0302 AM
[ReportManager] Attempting to run locally on: [Mac-64], [Safari], Headless Execution. @12-11-2021 01:52:12.0302 AM
[ReportManager] Successfully Opened Safari. @12-11-2021 01:52:13.0566 AM
[ReportManager] Initial window size: (800, 600) @12-11-2021 01:52:13.0622 AM
[ReportManager] Window size after SWD Maximize: (1176, 811) @12-11-2021 01:52:13.0693 AM
[ReportManager] Browser Action [MaximizeWindow] successfully performed. With the following test data [New screen size is now: (1176, 811)]. @12-11-2021 01:52:13.0693 A

################################################################################################################################################
Starting Execution:	[75 out of 146] test cases in the current suite
Test Method:		[testPackage01.Test_ShadowDOM.shadowdom]
################################################################################################################################################
[ReportManager] Target URL: [https://mdn.github.io/web-components-examples/popup-info-box-web-component/] @12-11-2021 01:52:13.0712 AM
[ReportManager] Initial URL: [] @12-11-2021 01:52:13.0760 AM
[ReportManager] Browser Action [NavigateToURL] successfully performed. With the following test data [https://mdn.github.io/web-components-examples/popup-info-box-web-component/]. @12-11-2021 01:52:14.0226 AM
[ReportManager] Element Action [Type] successfully performed. With the following test data [Typing into SHADOW DOM...]. @12-11-2021 01:52:15.0351 AM
[ReportManager] Element Action [GetText] successfully performed. With the following test data [Typing into SHADOW DOM...]. @12-11-2021 01:52:15.0414 AM
[ReportManager] Loaded Shared OpenCV @12-11-2021 01:52:15.0478 AM
[ReportManager] Assertion [ValidateElementAttribute] PASSED. Expected [Value Should be 'Typing into SHADOW DOM...' for the 'Text' attribute, element locator 'By.id: cvc'] and Actual [Typing into SHADOW DOM...]. Comparison Type [EQUALS]. Validation Type [POSITIVE]. @12-11-2021 01:52:15.0619 AM
[ReportManager] Successfully created attachment [Screenshot - 1636681935478_shadowdom_ValidateElementAttribute_passed] @12-11-2021 01:52:15.0631 A
[ReportManager] Browser Action [CloseCurrentWindow] successfully performed. @12-11-2021 01:52:16.0032 AM
[ReportManager] Successfully created attachment [Browser Action Test Data - CloseCurrentWindow - Actual Value] @12-11-2021 01:52:16.0038 A
[ReportManager] File Action [GetAbsolutePath] successfully performed. With the following test data [Relative Folder Path: "target/downloadedFiles/"]. @12-11-2021 01:52:16.0056 AM
[ReportManager] Attempting to run locally on: [Mac-64], [Safari], Headless Execution. @12-11-2021 01:52:16.0057 AM
[ReportManager] Successfully Opened Safari. @12-11-2021 01:52:17.0005 AM
[ReportManager] Initial window size: (800, 600) @12-11-2021 01:52:17.0025 AM
[ReportManager] Window size after SWD Maximize: (1176, 811) @12-11-2021 01:52:17.0040 AM
[ReportManager] Browser Action [MaximizeWindow] successfully performed. With the following test data [New screen size is now: (1176, 811)]. @12-11-2021 01:52:17.0040 A

################################################################################################################################################
Starting Execution:	[76 out of 146] test cases in the current suite
Test Method:		[testPackage01.Test_clipboardActions.typeTextAndCopyPaste]
################################################################################################################################################
[ReportManager] Target URL: [https://www.google.com/ncr], and after redirection: [https://www.google.com] @12-11-2021 01:52:17.0050 AM
[ReportManager] Initial URL: [] @12-11-2021 01:52:17.0106 AM
[ReportManager] Browser Action [NavigateToURL] successfully performed. With the following test data [https://www.google.com/ncr]. @12-11-2021 01:52:18.0544 AM
[ReportManager] Element Action [Type] successfully performed. With the following test data [FIRST]. @12-11-2021 01:52:19.0123 A
[ReportManager] Browser Action [CloseCurrentWindow] successfully performed. @12-11-2021 01:52:19.0628 AM
[ReportManager] Successfully created attachment [Browser Action Test Data - CloseCurrentWindow - Actual Value] @12-11-2021 01:52:19.0634 A

################################################################################################################################################
Starting Execution:	[77 out of 146] test cases in the current suite
Test Method:		[testPackage01.Test_NewValidationHelper.f1]
################################################################################################################################################
[ReportManager] Assertion Passed: Checking valid user data @12-11-2021 01:52:19.0653 AM
[ReportManager] Successfully created attachment [Validation Test Data - Expected Value] @12-11-2021 01:52:19.0665 AM
[ReportManager] Successfully created attachment [Validation Test Data - Actual Value] @12-11-2021 01:52:19.0672 AM
[ReportManager] Assertion [ValidateEquals] PASSED. Expected and Actual values are attached. Comparison Type [EQUALS]. Validation Type [POSITIVE]. @12-11-2021 01:52:19.0672 A
[ReportManager] File Action [GetAbsolutePath] successfully performed. With the following test data [Relative Folder Path: "target/downloadedFiles/"]. @12-11-2021 01:52:19.0693 AM
[ReportManager] Attempting to run locally on: [Mac-64], [Safari], Headless Execution. @12-11-2021 01:52:19.0693 AM
[ReportManager] Successfully Opened Safari. @12-11-2021 01:52:20.0668 AM
[ReportManager] Initial window size: (800, 600) @12-11-2021 01:52:20.0735 AM
[ReportManager] Window size after SWD Maximize: (1176, 811) @12-11-2021 01:52:20.0782 AM
[ReportManager] Browser Action [MaximizeWindow] successfully performed. With the following test data [New screen size is now: (1176, 811)]. @12-11-2021 01:52:20.0782 AM
[ReportManager] Target URL: [https://the-internet.herokuapp.com/] @12-11-2021 01:52:20.0783 AM
[ReportManager] Initial URL: [] @12-11-2021 01:52:20.0839 AM
[ReportManager] Browser Action [NavigateToURL] successfully performed. With the following test data [https://the-internet.herokuapp.com/]. @12-11-2021 01:52:21.0605 A

################################################################################################################################################
Starting Execution:	[78 out of 146] test cases in the current suite
Test Method:		[testPackage01.Test_NewValidationHelper.f10]
################################################################################################################################################
[ReportManager] Loaded Shared OpenCV @12-11-2021 01:52:21.0742 AM
[ReportManager] Assertion [ValidateElementExists] FAILED. Expected [Element Should Exist, locator 'By.tagName: div'] and Actual [Element Exists but is not unique]. Comparison Type [EQUALS]. Validation Type [POSITIVE]. @12-11-2021 01:52:21.0876 AM
[ReportManager] Successfully created attachment [Screenshot - 1636681941742_f10_ValidateElementExists_failed] @12-11-2021 01:52:21.0884 A



################################################################################################################################################
Starting Execution:	[79 out of 146] test cases in the current suite
Test Method:		[testPackage01.Test_NewValidationHelper.f11]
###############################################################################################################################################



################################################################################################################################################
Starting Execution:	[80 out of 146] test cases in the current suite
Test Method:		[testPackage01.Test_NewValidationHelper.f12]
###############################################################################################################################################



################################################################################################################################################
Starting Execution:	[81 out of 146] test cases in the current suite
Test Method:		[testPackage01.Test_NewValidationHelper.f13]
###############################################################################################################################################



################################################################################################################################################
Starting Execution:	[82 out of 146] test cases in the current suite
Test Method:		[testPackage01.Test_NewValidationHelper.f14]
###############################################################################################################################################



################################################################################################################################################
Starting Execution:	[83 out of 146] test cases in the current suite
Test Method:		[testPackage01.Test_NewValidationHelper.f15]
###############################################################################################################################################



################################################################################################################################################
Starting Execution:	[84 out of 146] test cases in the current suite
Test Method:		[testPackage01.Test_NewValidationHelper.f16]
###############################################################################################################################################



################################################################################################################################################
Starting Execution:	[85 out of 146] test cases in the current suite
Test Method:		[testPackage01.Test_NewValidationHelper.f17]
###############################################################################################################################################



################################################################################################################################################
Starting Execution:	[86 out of 146] test cases in the current suite
Test Method:		[testPackage01.Test_NewValidationHelper.f18]
###############################################################################################################################################


################################################################################################################################################
Starting Execution:	[87 out of 146] test cases in the current suite
Test Method:		[testPackage01.Test_NewValidationHelper.f2]
###############################################################################################################################################


################################################################################################################################################
Starting Execution:	[88 out of 146] test cases in the current suite
Test Method:		[testPackage01.Test_NewValidationHelper.f20]
###############################################################################################################################################



################################################################################################################################################
Starting Execution:	[89 out of 146] test cases in the current suite
Test Method:		[testPackage01.Test_NewValidationHelper.f21]
###############################################################################################################################################



################################################################################################################################################
Starting Execution:	[90 out of 146] test cases in the current suite
Test Method:		[testPackage01.Test_NewValidationHelper.f22]
###############################################################################################################################################


################################################################################################################################################
Starting Execution:	[91 out of 146] test cases in the current suite
Test Method:		[testPackage01.Test_NewValidationHelper.f23]
###############################################################################################################################################

################################################################################################################################################
Starting Execution:	[92 out of 146] test cases in the current suite
Test Method:		[testPackage01.Test_NewValidationHelper.f24]
###############################################################################################################################################

################################################################################################################################################
Starting Execution:	[93 out of 146] test cases in the current suite
Test Method:		[testPackage01.Test_NewValidationHelper.f25]
###############################################################################################################################################

################################################################################################################################################
Starting Execution:	[94 out of 146] test cases in the current suite
Test Method:		[testPackage01.Test_NewValidationHelper.f26]
###############################################################################################################################################

################################################################################################################################################
Starting Execution:	[95 out of 146] test cases in the current suite
Test Method:		[testPackage01.Test_NewValidationHelper.f27]
###############################################################################################################################################

################################################################################################################################################
Starting Execution:	[96 out of 146] test cases in the current suite
Test Method:		[testPackage01.Test_NewValidationHelper.f28]
###############################################################################################################################################

################################################################################################################################################
Starting Execution:	[97 out of 146] test cases in the current suite
Test Method:		[testPackage01.Test_NewValidationHelper.f29]
###############################################################################################################################################

################################################################################################################################################
Starting Execution:	[98 out of 146] test cases in the current suite
Test Method:		[testPackage01.Test_NewValidationHelper.f3]
###############################################################################################################################################

################################################################################################################################################
Starting Execution:	[99 out of 146] test cases in the current suite
Test Method:		[testPackage01.Test_NewValidationHelper.f30]
###############################################################################################################################################

################################################################################################################################################
Starting Execution:	[100 out of 146] test cases in the current suite
Test Method:		[testPackage01.Test_NewValidationHelper.f31]
###############################################################################################################################################

################################################################################################################################################
Starting Execution:	[101 out of 146] test cases in the current suite
Test Method:		[testPackage01.Test_NewValidationHelper.f32]
###############################################################################################################################################

################################################################################################################################################
Starting Execution:	[102 out of 146] test cases in the current suite
Test Method:		[testPackage01.Test_NewValidationHelper.f33]
###############################################################################################################################################

################################################################################################################################################
Starting Execution:	[103 out of 146] test cases in the current suite
Test Method:		[testPackage01.Test_NewValidationHelper.f34]
###############################################################################################################################################

################################################################################################################################################
Starting Execution:	[104 out of 146] test cases in the current suite
Test Method:		[testPackage01.Test_NewValidationHelper.f35]
###############################################################################################################################################

################################################################################################################################################
Starting Execution:	[105 out of 146] test cases in the current suite
Test Method:		[testPackage01.Test_NewValidationHelper.f36]
###############################################################################################################################################

################################################################################################################################################
Starting Execution:	[106 out of 146] test cases in the current suite
Test Method:		[testPackage01.Test_NewValidationHelper.f37]
###############################################################################################################################################

################################################################################################################################################
Starting Execution:	[107 out of 146] test cases in the current suite
Test Method:		[testPackage01.Test_NewValidationHelper.f3_1]
###############################################################################################################################################

################################################################################################################################################
Starting Execution:	[108 out of 146] test cases in the current suite
Test Method:		[testPackage01.Test_NewValidationHelper.f4]
###############################################################################################################################################

################################################################################################################################################
Starting Execution:	[109 out of 146] test cases in the current suite
Test Method:		[testPackage01.Test_NewValidationHelper.f5]
###############################################################################################################################################

################################################################################################################################################
Starting Execution:	[110 out of 146] test cases in the current suite
Test Method:		[testPackage01.Test_NewValidationHelper.f6]
###############################################################################################################################################

################################################################################################################################################
Starting Execution:	[111 out of 146] test cases in the current suite
Test Method:		[testPackage01.Test_NewValidationHelper.f6_1]
###############################################################################################################################################

################################################################################################################################################
Starting Execution:	[112 out of 146] test cases in the current suite
Test Method:		[testPackage01.Test_NewValidationHelper.f6_2]
###############################################################################################################################################

################################################################################################################################################
Starting Execution:	[113 out of 146] test cases in the current suite
Test Method:		[testPackage01.Test_NewValidationHelper.f7]
###############################################################################################################################################


################################################################################################################################################
Starting Execution:	[114 out of 146] test cases in the current suite
Test Method:		[testPackage01.Test_NewValidationHelper.f8]
###############################################################################################################################################



################################################################################################################################################
Starting Execution:	[115 out of 146] test cases in the current suite
Test Method:		[testPackage01.Test_NewValidationHelper.f9]
###############################################################################################################################################


################################################################################################################################################
Starting Execution:	[116 out of 146] test cases in the current suite
Test Method:		[testPackage01.Test_NewValidationHelper.forceFail]
###############################################################################################################################################

################################################################################################################################################
Starting Execution:	[117 out of 146] test cases in the current suite
Test Method:		[testPackage01.Test_NewValidationHelper.forceFail2]
###############################################################################################################################################

################################################################################################################################################
Starting Execution:	[118 out of 146] test cases in the current suite
Test Method:		[testPackage01.Test_JsonActions.f]
###############################################################################################################################################

################################################################################################################################################
Starting Execution:	[119 out of 146] test cases in the current suite
Test Method:		[testPackage01.Test_JsonActions.f2]
###############################################################################################################################################

################################################################################################################################################
Starting Execution:	[120 out of 146] test cases in the current suite
Test Method:		[testPackage01.Test_sendGraphqlRequest.sendGraphqlRequestUsingMutationAndVariables]
################################################################################################################################################
[ReportManager] GraphQl Request is being Performed with the Following Parameters [Service URL: https://api.spacex.land/graphql | Request Body: {"variables":"{\"name\": \"sherlock holmes\",\"rocket\": \"221B Baker Street\"}","query":"mutation ($name: String, $rocket: String) {\n  insert_users(objects: {name: $name, rocket: $rocket}) {\n    returning {\n      name\n      rocket\n    }\n  }\n}"}] @12-11-2021 01:52:22.0362 AM
[ReportManager] Response status code: [200], status line: [HTTP/1.1 200 OK] @12-11-2021 01:52:25.0836 AM
[ReportManager] Assertion Passed: Evaluating the actual response status code against the expected one... @12-11-2021 01:52:25.0836 AM
[ReportManager] Assertion [ValidateComparativeRelation] PASSED. Expected [200] and Actual [200]. Comparison Type [EQUALS]. Validation Type [POSITIVE]. @12-11-2021 01:52:25.0836 AM
[ReportManager] API Action [PerformRequest] successfully performed. With the following test data [Request Type: "POST" | Target Status Code: "200" | Service URL: "https://api.spacex.land/graphql" | Content Type: "application/json" | Response Time: "3376ms"]. @12-11-2021 01:52:25.0921 AM
[ReportManager] Successfully created attachment [API Request - Specifications] @12-11-2021 01:52:25.0928 AM
[ReportManager] Successfully created attachment [API Request - JSON Body] @12-11-2021 01:52:25.0941 AM
[ReportManager] Successfully created attachment [API Response - JSON Body] @12-11-2021 01:52:25.0951 AM
[ReportManager] API Action [GetResponseJSONValue] successfully performed. With the following test data [data.insert_users.returning[0].name]. @12-11-2021 01:52:26.0002 AM
[ReportManager] Assertion [ValidateEquals] PASSED. Expected [sherlock holmes] and Actual [sherlock holmes]. Comparison Type [EQUALS]. Validation Type [POSITIVE]. @12-11-2021 01:52:26.0002 A

################################################################################################################################################
Starting Execution:	[121 out of 146] test cases in the current suite
Test Method:		[testPackage01.Test_sendGraphqlRequest.sendGraphqlRequestUsingQuery]
################################################################################################################################################
[ReportManager] GraphQl Request is being Performed with the Following Parameters [Service URL: https://api.spacex.land/graphql | Request Body: {"query":"{company {ceo}}"}] @12-11-2021 01:52:26.0020 AM
[ReportManager] Response status code: [200], status line: [HTTP/1.1 200 OK] @12-11-2021 01:52:26.0139 AM
[ReportManager] Assertion Passed: Evaluating the actual response status code against the expected one... @12-11-2021 01:52:26.0140 AM
[ReportManager] Assertion [ValidateComparativeRelation] PASSED. Expected [200] and Actual [200]. Comparison Type [EQUALS]. Validation Type [POSITIVE]. @12-11-2021 01:52:26.0140 AM
[ReportManager] API Action [PerformRequest] successfully performed. With the following test data [Request Type: "POST" | Target Status Code: "200" | Service URL: "https://api.spacex.land/graphql" | Content Type: "application/json" | Response Time: "114ms"]. @12-11-2021 01:52:26.0161 AM
[ReportManager] Successfully created attachment [API Request - Specifications] @12-11-2021 01:52:26.0167 AM
[ReportManager] Successfully created attachment [API Request - JSON Body] @12-11-2021 01:52:26.0180 AM
[ReportManager] Successfully created attachment [API Response - JSON Body] @12-11-2021 01:52:26.0186 AM
[ReportManager] API Action [GetResponseJSONValue] successfully performed. With the following test data [data.company.ceo]. @12-11-2021 01:52:26.0199 AM
[ReportManager] Assertion [ValidateEquals] PASSED. Expected [Elon Musk] and Actual [Elon Musk]. Comparison Type [EQUALS]. Validation Type [POSITIVE]. @12-11-2021 01:52:26.0199 A

################################################################################################################################################
Starting Execution:	[122 out of 146] test cases in the current suite
Test Method:		[testPackage01.Test_MatchJsonSchema.checkAPI_ResponseSchema]
################################################################################################################################################
[ReportManager] Response status code: [200], status line: [HTTP/1.1 200 OK] @12-11-2021 01:52:26.0338 AM
[ReportManager] Assertion Passed: Evaluating the actual response status code against the expected one... @12-11-2021 01:52:26.0338 AM
[ReportManager] Assertion [ValidateComparativeRelation] PASSED. Expected [200] and Actual [200]. Comparison Type [EQUALS]. Validation Type [POSITIVE]. @12-11-2021 01:52:26.0338 AM
[ReportManager] API Action [PerformRequest] successfully performed. With the following test data [Request Type: "GET" | Target Status Code: "200" | Service URL: "http://api.zippopotam.us/us/90210" | Content Type: "*/*" | Response Time: "107ms"]. @12-11-2021 01:52:26.0356 AM
[ReportManager] Successfully created attachment [API Request - Specifications] @12-11-2021 01:52:26.0363 AM
[ReportManager] Successfully created attachment [API Response - JSON Body] @12-11-2021 01:52:26.0376 AM
[ReportManager] File Action [GetAbsolutePath] successfully performed. With the following test data [Relative Folder Path: "src/test/resources/testDataFiles/schema.json"]. @12-11-2021 01:52:26.0377 AM
[ReportManager] File Action [GetAbsolutePath] successfully performed. With the following test data [Relative Folder Path: "/Users/runner/work/SHAFT_ENGINE/SHAFT_ENGINE/src/test/resources/testDataFiles/schema.json"]. @12-11-2021 01:52:27.0291 AM
[ReportManager] File Action [ReadFromFile] successfully performed. With the following test data [File Path: "/Users/runner/work/SHAFT_ENGINE/SHAFT_ENGINE/src/test/resources/testDataFiles/schema.json"]. @12-11-2021 01:52:27.0291 AM
[ReportManager] Assertion Passed: Then I Assert that the API response schema matches that in this file [src/test/resources/testDataFiles/schema.json]. @12-11-2021 01:52:27.0292 AM
[ReportManager] Successfully created attachment [Validation Test Data - Expected JSON Value] @12-11-2021 01:52:27.0301 AM
[ReportManager] Successfully created attachment [Validation Test Data - Actual JSON Value] @12-11-2021 01:52:27.0311 AM
[ReportManager] Assertion [ValidateResponseFileSchema] PASSED. Expected [Response data should match the JSON File in this path '/Users/runner/work/SHAFT_ENGINE/SHAFT_ENGINE/src/test/resources/testDataFiles/schema.json'] and Actual [TRUE]. Comparison Type [EQUALS]. Validation Type [POSITIVE]. @12-11-2021 01:52:27.0311 A
[ReportManager] File Action [GetAbsolutePath] successfully performed. With the following test data [Relative Folder Path: "target/downloadedFiles/"]. @12-11-2021 01:52:27.0331 AM
[ReportManager] Attempting to run locally on: [Mac-64], [Safari], Headless Execution. @12-11-2021 01:52:27.0331 AM
[ReportManager] Successfully Opened Safari. @12-11-2021 01:52:28.0187 AM
[ReportManager] Initial window size: (800, 600) @12-11-2021 01:52:28.0243 AM
[ReportManager] Window size after SWD Maximize: (1176, 811) @12-11-2021 01:52:28.0311 AM
[ReportManager] Browser Action [MaximizeWindow] successfully performed. With the following test data [New screen size is now: (1176, 811)]. @12-11-2021 01:52:28.0311 A

################################################################################################################################################
Starting Execution:	[123 out of 146] test cases in the current suite
Test Method:		[testPackage01.Test_dragAndDrop.dragAndDropJquery]
################################################################################################################################################
[ReportManager] Target URL: [https://jqueryui.com/resources/demos/droppable/default.html] @12-11-2021 01:52:28.0332 AM
[ReportManager] Initial URL: [] @12-11-2021 01:52:28.0389 AM
[ReportManager] Browser Action [NavigateToURL] successfully performed. With the following test data [https://jqueryui.com/resources/demos/droppable/default.html]. @12-11-2021 01:52:28.0852 AM
[ReportManager] Element Action [GetText] successfully performed. With the following test data [
	Drop here
]. @12-11-2021 01:52:28.0893 AM
[ReportManager] Element Action [DragAndDrop] successfully performed. With the following test data [Start point: (8, 18), End point: (8, 18)]. @12-11-2021 01:52:30.0056 AM
[ReportManager] Element Action [GetText] successfully performed. With the following test data [
	Dropped!
]. @12-11-2021 01:52:30.0094 AM
[ReportManager] Assertion Passed: Checking to see if the text has changed after performing drag and drop @12-11-2021 01:52:30.0094 AM
[ReportManager] Assertion [ValidateEquals] PASSED. Expected [
	Drop here
] and Actual [
	Dropped!
]. Comparison Type [EQUALS]. Validation Type [NEGATIVE]. @12-11-2021 01:52:30.0095 A
[ReportManager] Browser Action [CloseCurrentWindow] successfully performed. @12-11-2021 01:52:30.0337 AM
[ReportManager] Successfully created attachment [Browser Action Test Data - CloseCurrentWindow - Actual Value] @12-11-2021 01:52:30.0343 A
[ReportManager] File Action [GetAbsolutePath] successfully performed. With the following test data [Relative Folder Path: "target/downloadedFiles/"]. @12-11-2021 01:52:30.0362 AM
[ReportManager] Attempting to run locally on: [Mac-64], [Safari], Headless Execution. @12-11-2021 01:52:30.0362 AM
[ReportManager] Successfully Opened Safari. @12-11-2021 01:52:31.0204 AM
[ReportManager] Initial window size: (800, 600) @12-11-2021 01:52:31.0223 AM
[ReportManager] Window size after SWD Maximize: (1176, 811) @12-11-2021 01:52:31.0256 AM
[ReportManager] Browser Action [MaximizeWindow] successfully performed. With the following test data [New screen size is now: (1176, 811)]. @12-11-2021 01:52:31.0257 A

################################################################################################################################################
Starting Execution:	[124 out of 146] test cases in the current suite
Test Method:		[testPackage01.Test_dragAndDrop.dragAndDrop]
Test Description:	[TC001 - Test Drag and Drop function.]
################################################################################################################################################
[ReportManager] Target URL: [http://the-internet.herokuapp.com/drag_and_drop] @12-11-2021 01:52:32.0418 AM
[ReportManager] Initial URL: [] @12-11-2021 01:52:32.0462 AM
[ReportManager] Browser Action [NavigateToURL] successfully performed. With the following test data [http://the-internet.herokuapp.com/drag_and_drop]. @12-11-2021 01:52:32.0916 AM
[ReportManager] Attempting Drag and Drop @12-11-2021 01:52:32.0916 AM
[ReportManager] Element Action [DragAndDrop] successfully performed. With the following test data [Start point: (120, 89), End point: (335, 89)]. @12-11-2021 01:52:33.0623 A
[ReportManager] Browser Action [CloseCurrentWindow] successfully performed. @12-11-2021 01:52:33.0943 AM
[ReportManager] Successfully created attachment [Browser Action Test Data - CloseCurrentWindow - Actual Value] @12-11-2021 01:52:33.0949 A
[ReportManager] File Action [GetAbsolutePath] successfully performed. With the following test data [Relative Folder Path: "target/downloadedFiles/"]. @12-11-2021 01:52:33.0968 AM
[ReportManager] Attempting to run locally on: [Mac-64], [Safari], Headless Execution. @12-11-2021 01:52:33.0968 AM
[ReportManager] Successfully Opened Safari. @12-11-2021 01:52:34.0786 AM
[ReportManager] Initial window size: (800, 600) @12-11-2021 01:52:34.0811 AM
[ReportManager] Window size after SWD Maximize: (1176, 811) @12-11-2021 01:52:34.0853 AM
[ReportManager] Browser Action [MaximizeWindow] successfully performed. With the following test data [New screen size is now: (1176, 811)]. @12-11-2021 01:52:34.0854 A

################################################################################################################################################
Starting Execution:	[125 out of 146] test cases in the current suite
Test Method:		[testPackage01.Test_dragAndDrop.dragAndDropByOffset]
Test Description:	[TC002 - Test Drag and Drop by offset function.]
################################################################################################################################################
[ReportManager] Target URL: [https://jqueryui.com/resources/demos/draggable/default.html] @12-11-2021 01:52:34.0879 AM
[ReportManager] Initial URL: [] @12-11-2021 01:52:34.0926 AM
[ReportManager] Browser Action [NavigateToURL] successfully performed. With the following test data [https://jqueryui.com/resources/demos/draggable/default.html]. @12-11-2021 01:52:35.0350 AM
[ReportManager] Element Action [DragAndDropByOffset] successfully performed. With the following test data [Start point: (8, 8), End point: (108, 58)]. @12-11-2021 01:52:36.0116 A
[ReportManager] Browser Action [CloseCurrentWindow] successfully performed. @12-11-2021 01:52:36.0475 AM
[ReportManager] Successfully created attachment [Browser Action Test Data - CloseCurrentWindow - Actual Value] @12-11-2021 01:52:36.0481 A
[ReportManager] Successfully loaded the following test data file [src/test/resources/TestDataFiles/testSuite01/TestData.xlsx]. @12-11-2021 01:52:36.0538 AM
[ReportManager] Successfully created attachment [Test Data - Excel] @12-11-2021 01:52:36.0544 AM
[ReportManager] File Action [GetAbsolutePath] successfully performed. With the following test data [Relative Folder Path: "target/downloadedFiles/"]. @12-11-2021 01:52:36.0545 AM
[ReportManager] Attempting to run locally on: [Mac-64], [Safari], Headless Execution. @12-11-2021 01:52:36.0545 A

################################################################################################################################################
Starting Execution:	[126 out of 146] test cases in the current suite
Test Method:		[testPackage01.Test_google.navigateToURLandVerifyGoogleLogoIsDisplayed]
Test Description:	[TC001 - Navigate to URL and Verify Google Logo is Displayed]
###############################################################################################################################################

################################################################################################################################################
Starting Execution:	[127 out of 146] test cases in the current suite
Test Method:		[testPackage01.Test_google.searchForQueryandAssertResultsNumDisplayed]
Test Description:	[TC002 - Search for Query and Assert that the number of results is displayed]
###############################################################################################################################################

################################################################################################################################################
Starting Execution:	[128 out of 146] test cases in the current suite
Test Method:		[testPackage01.Test_google.clickNextThrice]
Test Description:	[TC003 - Clicks the next button to make sure that the framework can scroll element into view before clicking it]
###############################################################################################################################################


################################################################################################################################################
Starting Execution:	[129 out of 146] test cases in the current suite
Test Method:		[testPackage01.Test_chainableElementActions.chainElementActions]
################################################################################################################################################
[ReportManager] File Action [GetAbsolutePath] successfully performed. With the following test data [Relative Folder Path: "target/downloadedFiles/"]. @12-11-2021 01:52:36.0730 AM
[ReportManager] Attempting to run locally on: [Mac-64], [GoogleChrome], Headless Execution. @12-11-2021 01:52:36.0733 AM
[ReportManager] Identifying OS/Driver combination and selecting the correct driver version automatically. Please note that if a new driver executable will be downloaded it may take some time... @12-11-2021 01:52:36.0733 AM
[ReportManager] Successfully Opened Google Chrome. @12-11-2021 01:52:41.0111 AM
[ReportManager] Initial window size: (1920, 1080) @12-11-2021 01:52:41.0115 AM
[ReportManager] Window size after SWD Maximize: (1920, 1080) @12-11-2021 01:52:41.0223 AM
[ReportManager] Window size after Toolkit: (1920, 1080) @12-11-2021 01:52:41.0745 AM
[ReportManager] Browser Action [MaximizeWindow] successfully performed. With the following test data [New screen size is now: (1920, 1080)]. @12-11-2021 01:52:41.0755 AM
[ReportManager] Target URL: [https://www.google.com/ncr], and after redirection: [https://www.google.com] @12-11-2021 01:52:41.0756 AM
[ReportManager] Initial URL: [data:,] @12-11-2021 01:52:41.0792 AM
[ReportManager] Browser Action [NavigateToURL] successfully performed. With the following test data [https://www.google.com/ncr]. @12-11-2021 01:52:44.0029 AM
[ReportManager] Element Action [Type] successfully performed. With the following test data [chained type 1]. @12-11-2021 01:52:44.0580 AM
[ReportManager] Element Action [Type] successfully performed. With the following test data [chained type 2]. @12-11-2021 01:52:44.0937 AM
[ReportManager] Element Action [TypeAppend] successfully performed. With the following test data [345]. @12-11-2021 01:52:45.0014 AM
[ReportManager] Element Action [GetText] successfully performed. With the following test data [chained type 2345]. @12-11-2021 01:52:45.0105 AM
[ReportManager] Loaded Shared OpenCV @12-11-2021 01:52:45.0473 AM
[ReportManager] Assertion [ValidateElementAttribute] PASSED. Expected [Value Should be 'chained type 2345' for the 'text' attribute, element locator 'By.name: q'] and Actual [chained type 2345]. Comparison Type [EQUALS]. Validation Type [POSITIVE]. @12-11-2021 01:52:45.0705 AM
[ReportManager] Successfully created attachment [Screenshot - 1636681965473_chainElementActions_ValidateElementAttribute_passed] @12-11-2021 01:52:45.0722 AM
[ReportManager] Browser Action [CloseCurrentWindow] successfully performed. @12-11-2021 01:52:45.0842 AM
[ReportManager] Successfully created attachment [Browser Action Test Data - CloseCurrentWindow - Actual Value] @12-11-2021 01:52:45.0856 A
[ReportManager] File Action [GetAbsolutePath] successfully performed. With the following test data [Relative Folder Path: "target/downloadedFiles/"]. @12-11-2021 01:52:45.0890 AM
[ReportManager] Attempting to run locally on: [Mac-64], [Safari], Headless Execution. @12-11-2021 01:52:45.0890 AM
[ReportManager] Successfully Opened Safari. @12-11-2021 01:52:46.0773 AM
[ReportManager] Initial window size: (800, 600) @12-11-2021 01:52:46.0788 AM
[ReportManager] Window size after SWD Maximize: (1176, 811) @12-11-2021 01:52:46.0834 AM
[ReportManager] Browser Action [MaximizeWindow] successfully performed. With the following test data [New screen size is now: (1176, 811)]. @12-11-2021 01:52:46.0834 A

################################################################################################################################################
Starting Execution:	[130 out of 146] test cases in the current suite
Test Method:		[testPackage01.Test_RelativeLocators.relativeLocatorsTest1]
################################################################################################################################################
[ReportManager] Target URL: [https://duckduckgo.com/] @12-11-2021 01:52:46.0884 AM
[ReportManager] Initial URL: [] @12-11-2021 01:52:46.0926 AM
[ReportManager] Browser Action [NavigateToURL] successfully performed. With the following test data [https://duckduckgo.com/]. @12-11-2021 01:52:47.0743 AM
[ReportManager] Element Action [Type] successfully performed. With the following test data [SHAFT_Engine]. @12-11-2021 01:52:48.0140 AM
[ReportManager] Element Action [KeyPress] successfully performed. With the following test data [ENTER]. @12-11-2021 01:52:48.0221 A
[ReportManager] Browser Action [CloseCurrentWindow] successfully performed. @12-11-2021 01:52:50.0352 AM
[ReportManager] Successfully created attachment [Browser Action Test Data - CloseCurrentWindow - Actual Value] @12-11-2021 01:52:50.0388 A

################################################################################################################################################
Starting Execution:	[131 out of 146] test cases in the current suite
Test Method:		[testPackage01.Test_JsonCompareWithSpecialCharacters.specialCharacters]
################################################################################################################################################
[ReportManager] File Action [GetAbsolutePath] successfully performed. With the following test data [Relative Folder Path: "src/test/resources/testDataFiles/specialCharacters.json"]. @12-11-2021 01:52:50.0416 AM
[ReportManager] File Action [ReadFromFile] successfully performed. With the following test data [File Path: "/Users/runner/work/SHAFT_ENGINE/SHAFT_ENGINE/src/test/resources/testDataFiles/specialCharacters.json"]. @12-11-2021 01:52:50.0417 AM
[ReportManager] Successfully created attachment [File Action Actual Result - Command Log] @12-11-2021 01:52:50.0417 AM
[ReportManager] Comparing the provided API response with the file at this path "src/test/resources/testDataFiles/specialCharacters.json", comparison type "EQUALS" @12-11-2021 01:52:50.0419 AM
[ReportManager] API Action [CompareJSON] successfully performed. With the following test data [src/test/resources/testDataFiles/specialCharacters.json]. @12-11-2021 01:52:50.0427 AM
[ReportManager] File Action [GetAbsolutePath] successfully performed. With the following test data [Relative Folder Path: "src/test/resources/testDataFiles/specialCharacters.json"]. @12-11-2021 01:52:50.0428 AM
[ReportManager] File Action [ReadFromFile] successfully performed. With the following test data [File Path: "/Users/runner/work/SHAFT_ENGINE/SHAFT_ENGINE/src/test/resources/testDataFiles/specialCharacters.json"]. @12-11-2021 01:52:50.0428 AM
[ReportManager] Verification [ValidateJSONFileContent] PASSED. Expected [Response data should match the JSON File in this path 'src/test/resources/testDataFiles/specialCharacters.json'] and Actual [TRUE]. Comparison Type [EQUALS]. Validation Type [POSITIVE]. @12-11-2021 01:52:50.0435 AM
[ReportManager] Successfully created attachment [Validation Test Data - Expected JSON Value] @12-11-2021 01:52:50.0448 AM
[ReportManager] Successfully created attachment [Validation Test Data - Actual JSON Value] @12-11-2021 01:52:50.0464 A

################################################################################################################################################
Starting Execution:	[132 out of 146] test cases in the current suite
Test Method:		[testPackage01.Test_JsonCompareWithSpecialCharacters.specialCharacters_assertion]
################################################################################################################################################
[ReportManager] File Action [GetAbsolutePath] successfully performed. With the following test data [Relative Folder Path: "src/test/resources/testDataFiles/specialCharacters.json"]. @12-11-2021 01:52:50.0499 AM
[ReportManager] File Action [ReadFromFile] successfully performed. With the following test data [File Path: "/Users/runner/work/SHAFT_ENGINE/SHAFT_ENGINE/src/test/resources/testDataFiles/specialCharacters.json"]. @12-11-2021 01:52:50.0499 AM
[ReportManager] Successfully created attachment [File Action Actual Result - Command Log] @12-11-2021 01:52:50.0512 AM
[ReportManager] Comparing the provided API response with the file at this path "src/test/resources/testDataFiles/specialCharacters.json", comparison type "CONTAINS" @12-11-2021 01:52:50.0512 AM
[ReportManager] API Action [CompareJSON] successfully performed. With the following test data [src/test/resources/testDataFiles/specialCharacters.json]. @12-11-2021 01:52:50.0527 AM
[ReportManager] File Action [GetAbsolutePath] successfully performed. With the following test data [Relative Folder Path: "src/test/resources/testDataFiles/specialCharacters.json"]. @12-11-2021 01:52:50.0527 AM
[ReportManager] File Action [ReadFromFile] successfully performed. With the following test data [File Path: "/Users/runner/work/SHAFT_ENGINE/SHAFT_ENGINE/src/test/resources/testDataFiles/specialCharacters.json"]. @12-11-2021 01:52:50.0527 AM
[ReportManager] Assertion Passed: trying out the log message @12-11-2021 01:52:50.0533 AM
[ReportManager] Successfully created attachment [Validation Test Data - Expected JSON Value] @12-11-2021 01:52:50.0546 AM
[ReportManager] Successfully created attachment [Validation Test Data - Actual JSON Value] @12-11-2021 01:52:50.0562 AM
[ReportManager] Assertion [ValidateJSONFileContent] PASSED. Expected [Response data should match the JSON File in this path 'src/test/resources/testDataFiles/specialCharacters.json'] and Actual [TRUE]. Comparison Type [CONTAINS]. Validation Type [POSITIVE]. @12-11-2021 01:52:50.0562 A

################################################################################################################################################
Starting Execution:	[133 out of 146] test cases in the current suite
Test Method:		[testPackage01.Test_SkipDueToIssue.doNotSkip]
################################################################################################################################################
[ReportManager] This should not be skipped. @12-11-2021 01:52:50.0597 A

################################################################################################################################################
Starting Execution:	[134 out of 146] test cases in the current suite
Test Method:		[testPackage01.Test_SkipDueToIssue.skip]
################################################################################################################################################
[ReportManager] This should be skipped. @12-11-2021 01:52:50.0643 A

################################################################################################################################################
Starting Execution:	[135 out of 146] test cases in the current suite
Test Method:		[testPackage01.Test_SkipDueToIssue.skip2]
################################################################################################################################################
[ReportManager] This should be skipped. @12-11-2021 01:52:50.0679 A

################################################################################################################################################
Starting Execution:	[136 out of 146] test cases in the current suite
Test Method:		[testPackage01.Test_JSONFileManager.readStringFromJson]
################################################################################################################################################
[ReportManager] File Action [GetAbsolutePath] successfully performed. With the following test data [Relative Folder Path: "src/test/resources/testDataFiles/simpleJSON.json"]. @12-11-2021 01:52:50.0714 AM
[ReportManager] Successfully loaded the following test data file [src/test/resources/testDataFiles/simpleJSON.json]. @12-11-2021 01:52:50.0714 AM
[ReportManager] Successfully created attachment [Test Data - JSON] @12-11-2021 01:52:50.0724 AM
[ReportManager] File Action [GetAbsolutePath] successfully performed. With the following test data [Relative Folder Path: "src/test/resources/testDataFiles/simpleJSON.json"]. @12-11-2021 01:52:50.0726 AM
[ReportManager] Assertion [ValidateEquals] PASSED. Expected [Mohab Mohie] and Actual [Mohab Mohie]. Comparison Type [EQUALS]. Validation Type [POSITIVE]. @12-11-2021 01:52:50.0747 A
[ReportManager] File Action [GetAbsolutePath] successfully performed. With the following test data [Relative Folder Path: "target/downloadedFiles/"]. @12-11-2021 01:52:50.0775 AM
[ReportManager] Attempting to run locally on: [Mac-64], [Safari], Headless Execution. @12-11-2021 01:52:50.0776 AM
[ReportManager] Successfully Opened Safari. @12-11-2021 01:52:51.0615 AM
[ReportManager] Initial window size: (800, 600) @12-11-2021 01:52:51.0645 AM
[ReportManager] Window size after SWD Maximize: (1176, 811) @12-11-2021 01:52:51.0687 AM
[ReportManager] Browser Action [MaximizeWindow] successfully performed. With the following test data [New screen size is now: (1176, 811)]. @12-11-2021 01:52:51.0688 A

################################################################################################################################################
Starting Execution:	[137 out of 146] test cases in the current suite
Test Method:		[testPackage01.Test_assertEquals.test_assertElementAttribute]
################################################################################################################################################
[ReportManager] Target URL: [https://www.google.com/ncr], and after redirection: [https://www.google.com] @12-11-2021 01:52:51.0708 AM
[ReportManager] Initial URL: [] @12-11-2021 01:52:51.0744 AM
[ReportManager] Browser Action [NavigateToURL] successfully performed. With the following test data [https://www.google.com/ncr]. @12-11-2021 01:52:53.0175 AM
[ReportManager] Element Action [Type] successfully performed. With the following test data [INC_004010050:Another SCHEDULER with the same name [Duplicate Job Name] already exists.]. @12-11-2021 01:52:55.0798 AM
[ReportManager] Element Action [GetText] successfully performed. With the following test data [INC_004010050:Another SCHEDULER with the same name [Duplicate Job Name] already exists.]. @12-11-2021 01:52:55.0903 AM
[ReportManager] Loaded Shared OpenCV @12-11-2021 01:52:55.0968 AM
[ReportManager] Assertion [ValidateElementAttribute] PASSED. Expected [Value Should be 'INC_004010050:Another SCHEDULER with the same name \[Duplicate Job Name\] already exists.' for the 'text' attribute, element locator 'By.name: q'] and Actual [INC_004010050:Another SCHEDULER with the same name [Duplicate Job Name] already exists.]. Comparison Type [MATCHES]. Validation Type [POSITIVE]. @12-11-2021 01:52:56.0088 AM
[ReportManager] Successfully created attachment [Screenshot - 1636681975968_test_assertElementAttribute_ValidateElementAttribute_passed] @12-11-2021 01:52:56.0089 A
[ReportManager] Browser Action [CloseCurrentWindow] successfully performed. @12-11-2021 01:52:56.0267 AM
[ReportManager] Successfully created attachment [Browser Action Test Data - CloseCurrentWindow - Actual Value] @12-11-2021 01:52:56.0273 A
[ReportManager] File Action [GetAbsolutePath] successfully performed. With the following test data [Relative Folder Path: "target/downloadedFiles/"]. @12-11-2021 01:52:56.0280 AM
[ReportManager] Attempting to run locally on: [Mac-64], [Safari], Headless Execution. @12-11-2021 01:52:56.0281 AM
[ReportManager] Successfully Opened Safari. @12-11-2021 01:52:57.0156 AM
[ReportManager] Initial window size: (800, 600) @12-11-2021 01:52:57.0189 AM
[ReportManager] Window size after SWD Maximize: (1176, 811) @12-11-2021 01:52:57.0237 AM
[ReportManager] Browser Action [MaximizeWindow] successfully performed. With the following test data [New screen size is now: (1176, 811)]. @12-11-2021 01:52:57.0237 A

################################################################################################################################################
Starting Execution:	[138 out of 146] test cases in the current suite
Test Method:		[testPackage01.Test_IsElementClickable.testIsElementClickable]
################################################################################################################################################
[ReportManager] Target URL: [https://the-internet.herokuapp.com/] @12-11-2021 01:52:57.0257 AM
[ReportManager] Initial URL: [] @12-11-2021 01:52:57.0292 AM
[ReportManager] Browser Action [NavigateToURL] successfully performed. With the following test data [https://the-internet.herokuapp.com/]. @12-11-2021 01:52:57.0870 AM
[ReportManager] Element Action [IsElementClickable] successfully performed. @12-11-2021 01:52:57.0958 AM
[ReportManager] Assertion [ValidateTrue] PASSED. Expected [TRUE] and Actual [TRUE]. Validation Type [POSITIVE]. @12-11-2021 01:52:57.0958 A
[ReportManager] Browser Action [CloseCurrentWindow] successfully performed. @12-11-2021 01:52:58.0275 AM
[ReportManager] Successfully created attachment [Browser Action Test Data - CloseCurrentWindow - Actual Value] @12-11-2021 01:52:58.0278 A
[ReportManager] Successfully loaded the following test data file [src/test/resources/TestDataFiles/testSuite01/TestData.xlsx]. @12-11-2021 01:52:58.0327 AM
[ReportManager] Successfully created attachment [Test Data - Excel] @12-11-2021 01:52:58.0332 AM
[ReportManager] Attempting to run using Playwright locally on: [Mac-64], [Safari], Headless Execution. @12-11-2021 01:54:08.0962 AM
[ReportManager] File Action [GetAbsolutePath] successfully performed. With the following test data [Relative Folder Path: "target/downloadedFiles/"]. @12-11-2021 01:54:08.0963 AM
[ReportManager] Initial window size: (1280, 720) @12-11-2021 01:54:16.0427 AM
[ReportManager] Window size after Toolkit: com.microsoft.playwright.options.ViewportSize@3899f856 @12-11-2021 01:54:16.0438 AM
[ReportManager] Browser Action [MaximizeWindow] successfully performed. With the following test data [New screen size is now: (1920, 1080)]. @12-11-2021 01:54:16.0439 A

################################################################################################################################################
Starting Execution:	[139 out of 146] test cases in the current suite
Test Method:		[testPackage01.Test_google_playwright.navigateToURLandVerifyGoogleLogoIsDisplayed]
Test Description:	[TC001 - Navigate to URL and Verify Google Logo is Displayed]
################################################################################################################################################
[ReportManager] Target URL: [https://www.google.com/ncr], and after redirection: [https://www.google.com] @12-11-2021 01:54:16.0449 AM
[ReportManager] Initial URL: [about:blank] @12-11-2021 01:54:16.0889 AM
[ReportManager] Browser Action [NavigateToURL] successfully performed. With the following test data [https://www.google.com/ncr]. @12-11-2021 01:54:18.0521 AM
[ReportManager] Loaded Shared OpenCV @12-11-2021 01:54:18.0639 AM
[ReportManager] Assertion [ValidateElementExists] PASSED. Expected [Element Should Exist, locator 'xpath=//*[@id='hplogo' or @alt='Google']'] and Actual [Element Exists]. Comparison Type [EQUALS]. Validation Type [POSITIVE]. @12-11-2021 01:54:18.0944 AM
[ReportManager] Successfully created attachment [Screenshot - 1636682058635_navigateToURLandVerifyGoogleLogoIsDisplayed_ValidateElementExists_passed] @12-11-2021 01:54:18.0958 A

################################################################################################################################################
Starting Execution:	[140 out of 146] test cases in the current suite
Test Method:		[testPackage01.Test_google_playwright.searchForQueryandAssertResultsNumDisplayed]
Test Description:	[TC002 - Search for Query and Assert that the number of results is displayed]
################################################################################################################################################
[ReportManager] Element Action [Type] successfully performed. With the following test data [SHAFT_Engine]. @12-11-2021 01:54:19.0303 AM
[ReportManager] Element Action [KeyPress] successfully performed. With the following test data [Enter]. @12-11-2021 01:54:19.0346 AM
[ReportManager] Element Action [GetText] successfully performed. With the following test data [About 787,000 results (0.79 seconds)Â 
]. @12-11-2021 01:54:21.0414 AM
[ReportManager] Loaded Shared OpenCV @12-11-2021 01:54:21.0983 AM
[ReportManager] Assertion [ValidateElementAttribute] PASSED. Expected [Value Should not be '' for the 'text' attribute, element locator 'xpath=//div[@id='appbar']'] and Actual [About 787,000 results (0.79 seconds)Â 
]. Comparison Type [EQUALS]. Validation Type [NEGATIVE]. @12-11-2021 01:54:22.0293 AM
[ReportManager] Successfully created attachment [Screenshot - 1636682061981_searchForQueryandAssertResultsNumDisplayed_ValidateElementAttribute_passed] @12-11-2021 01:54:22.0309 A

################################################################################################################################################
Starting Execution:	[141 out of 146] test cases in the current suite
Test Method:		[testPackage01.Test_google_playwright.clickNextThrice]
Test Description:	[TC003 - Clicks the next button to make sure that the framework can scroll element into view before clicking it]
################################################################################################################################################
[ReportManager] Element Action [Click] successfully performed. With the following test data [Next]. @12-11-2021 01:54:22.0732 A
[ReportManager] Failed to find video recording. @12-11-2021 01:54:22.0757 AM
[ReportManager] Successfully Closed PlayWright Driver. @12-11-2021 01:54:22.0855 A
[ReportManager] File Action [GetAbsolutePath] successfully performed. With the following test data [Relative Folder Path: "target/downloadedFiles/"]. @12-11-2021 01:54:22.0863 AM
[ReportManager] Attempting to run locally on: [Mac-64], [Safari], Headless Execution. @12-11-2021 01:54:22.0863 AM
[ReportManager] Successfully Opened Safari. @12-11-2021 01:54:23.0759 AM
[ReportManager] Initial window size: (800, 600) @12-11-2021 01:54:23.0767 AM
[ReportManager] Window size after SWD Maximize: (1176, 811) @12-11-2021 01:54:23.0845 AM
[ReportManager] Browser Action [MaximizeWindow] successfully performed. With the following test data [New screen size is now: (1176, 811)]. @12-11-2021 01:54:23.0847 A

################################################################################################################################################
Starting Execution:	[142 out of 146] test cases in the current suite
Test Method:		[testPackage01.Test_verifyEquals.test_assertElementAttribute]
################################################################################################################################################
[ReportManager] Target URL: [https://www.google.com/ncr], and after redirection: [https://www.google.com] @12-11-2021 01:54:23.0856 AM
[ReportManager] Initial URL: [] @12-11-2021 01:54:23.0954 AM
[ReportManager] Browser Action [NavigateToURL] successfully performed. With the following test data [https://www.google.com/ncr]. @12-11-2021 01:54:25.0075 AM
[ReportManager] Element Action [Type] successfully performed. With the following test data [INC_004010050:Another SCHEDULER with the same name [Duplicate Job Name] already exists.]. @12-11-2021 01:54:27.0753 AM
[ReportManager] Element Action [GetText] successfully performed. With the following test data [INC_004010050:Another SCHEDULER with the same name [Duplicate Job Name] already exists.]. @12-11-2021 01:54:27.0809 AM
[ReportManager] Loaded Shared OpenCV @12-11-2021 01:54:27.0879 AM
[ReportManager] Verification [ValidateElementAttribute] PASSED. Expected [Value Should be 'INC_004010050:Another SCHEDULER with the same name \[Duplicate Job Name\] already exists.' for the 'text' attribute, element locator 'By.name: q'] and Actual [INC_004010050:Another SCHEDULER with the same name [Duplicate Job Name] already exists.]. Comparison Type [MATCHES]. Validation Type [POSITIVE]. @12-11-2021 01:54:28.0007 AM
[ReportManager] Successfully created attachment [Screenshot - 1636682067879_test_assertElementAttribute_ValidateElementAttribute_passed] @12-11-2021 01:54:28.0015 A
[ReportManager] Browser Action [CloseCurrentWindow] successfully performed. @12-11-2021 01:54:28.0335 AM
[ReportManager] Successfully created attachment [Browser Action Test Data - CloseCurrentWindow - Actual Value] @12-11-2021 01:54:28.0342 A

################################################################################################################################################
Starting Execution:	[143 out of 146] test cases in the current suite
Test Method:		[testPackage01.Test_SelectedValue.multipleSelect]
################################################################################################################################################
[ReportManager] File Action [GetAbsolutePath] successfully performed. With the following test data [Relative Folder Path: "target/downloadedFiles/"]. @12-11-2021 01:54:28.0358 AM
[ReportManager] Attempting to run locally on: [Mac-64], [GoogleChrome], Headless Execution. @12-11-2021 01:54:28.0358 AM
[ReportManager] Identifying OS/Driver combination and selecting the correct driver version automatically. Please note that if a new driver executable will be downloaded it may take some time... @12-11-2021 01:54:28.0359 AM
[ReportManager] Successfully Opened Google Chrome. @12-11-2021 01:54:29.0075 AM
[ReportManager] Initial window size: (1920, 1080) @12-11-2021 01:54:29.0090 AM
[ReportManager] Window size after SWD Maximize: (1920, 1080) @12-11-2021 01:54:29.0347 AM
[ReportManager] Window size after Toolkit: (1920, 1080) @12-11-2021 01:54:29.0802 AM
[ReportManager] Browser Action [MaximizeWindow] successfully performed. With the following test data [New screen size is now: (1920, 1080)]. @12-11-2021 01:54:29.0806 AM
[ReportManager] Target URL: [https://yari-demos.prod.mdn.mozit.cloud/en-US/docs/Web/HTML/Element/select/_sample_.Advanced_select_with_multiple_features.html] @12-11-2021 01:54:29.0806 AM
[ReportManager] Initial URL: [data:,] @12-11-2021 01:54:29.0860 AM
[ReportManager] Browser Action [NavigateToURL] successfully performed. With the following test data [https://yari-demos.prod.mdn.mozit.cloud/en-US/docs/Web/HTML/Element/select/_sample_.Advanced_select_with_multiple_features.html]. @12-11-2021 01:54:30.0370 AM
[ReportManager] Element Action [Select] successfully performed. With the following test data [Dog]. @12-11-2021 01:54:30.0609 AM
[ReportManager] Element Action [Select] successfully performed. With the following test data [Cat]. @12-11-2021 01:54:30.0814 AM
[ReportManager] Element Action [GetSelectedText] successfully performed. With the following test data [DogCat]. @12-11-2021 01:54:30.0946 AM
[ReportManager] DogCat @12-11-2021 01:54:30.0947 AM
[ReportManager] Element Action [GetSelectedText] successfully performed. With the following test data [DogCat]. @12-11-2021 01:54:31.0050 AM
[ReportManager] Loaded Shared OpenCV @12-11-2021 01:54:31.0432 AM
[ReportManager] Assertion [ValidateElementAttribute] PASSED. Expected [Value Should be 'DogCat' for the 'selectedText' attribute, element locator 'By.tagName: select'] and Actual [DogCat]. Comparison Type [EQUALS]. Validation Type [POSITIVE]. @12-11-2021 01:54:31.0640 AM
[ReportManager] Successfully created attachment [Screenshot - 1636682071432_multipleSelect_ValidateElementAttribute_passed] @12-11-2021 01:54:31.0652 AM
[ReportManager] Browser Action [CloseCurrentWindow] successfully performed. @12-11-2021 01:54:31.0741 AM
[ReportManager] Successfully created attachment [Browser Action Test Data - CloseCurrentWindow - Actual Value] @12-11-2021 01:54:31.0747 A

################################################################################################################################################
Starting Execution:	[144 out of 146] test cases in the current suite
Test Method:		[testPackage01.Test_SelectedValue.simpleSelect]
################################################################################################################################################
[ReportManager] File Action [GetAbsolutePath] successfully performed. With the following test data [Relative Folder Path: "target/downloadedFiles/"]. @12-11-2021 01:54:31.0766 AM
[ReportManager] Attempting to run locally on: [Mac-64], [GoogleChrome], Headless Execution. @12-11-2021 01:54:31.0766 AM
[ReportManager] Identifying OS/Driver combination and selecting the correct driver version automatically. Please note that if a new driver executable will be downloaded it may take some time... @12-11-2021 01:54:31.0766 AM
[ReportManager] Successfully Opened Google Chrome. @12-11-2021 01:54:32.0309 AM
[ReportManager] Initial window size: (1920, 1080) @12-11-2021 01:54:32.0314 AM
[ReportManager] Window size after SWD Maximize: (1920, 1080) @12-11-2021 01:54:32.0421 AM
[ReportManager] Window size after Toolkit: (1920, 1080) @12-11-2021 01:54:32.0851 AM
[ReportManager] Browser Action [MaximizeWindow] successfully performed. With the following test data [New screen size is now: (1920, 1080)]. @12-11-2021 01:54:32.0853 AM
[ReportManager] Target URL: [https://yari-demos.prod.mdn.mozit.cloud/en-US/docs/Web/HTML/Element/select/_sample_.Basic_select.html] @12-11-2021 01:54:32.0853 AM
[ReportManager] Initial URL: [data:,] @12-11-2021 01:54:32.0879 AM
[ReportManager] Browser Action [NavigateToURL] successfully performed. With the following test data [https://yari-demos.prod.mdn.mozit.cloud/en-US/docs/Web/HTML/Element/select/_sample_.Basic_select.html]. @12-11-2021 01:54:33.0150 AM
[ReportManager] Element Action [Select] successfully performed. With the following test data [Third Value]. @12-11-2021 01:54:33.0414 AM
[ReportManager] Element Action [GetSelectedText] successfully performed. With the following test data [Third Value]. @12-11-2021 01:54:33.0490 AM
[ReportManager] Third Value @12-11-2021 01:54:33.0490 AM
[ReportManager] Element Action [GetSelectedText] successfully performed. With the following test data [Third Value]. @12-11-2021 01:54:33.0558 AM
[ReportManager] Loaded Shared OpenCV @12-11-2021 01:54:33.0975 AM
[ReportManager] Assertion [ValidateElementAttribute] PASSED. Expected [Value Should be 'Third Value' for the 'selectedText' attribute, element locator 'By.tagName: select'] and Actual [Third Value]. Comparison Type [EQUALS]. Validation Type [POSITIVE]. @12-11-2021 01:54:34.0216 AM
[ReportManager] Successfully created attachment [Screenshot - 1636682073975_simpleSelect_ValidateElementAttribute_passed] @12-11-2021 01:54:34.0223 AM
[ReportManager] Browser Action [CloseCurrentWindow] successfully performed. @12-11-2021 01:54:34.0452 AM
[ReportManager] Successfully created attachment [Browser Action Test Data - CloseCurrentWindow - Actual Value] @12-11-2021 01:54:34.0459 A
[ReportManager] File Action [GetAbsolutePath] successfully performed. With the following test data [Relative Folder Path: "target/downloadedFiles/"]. @12-11-2021 01:54:34.0481 AM
[ReportManager] Attempting to run locally on: [Mac-64], [Safari], Headless Execution. @12-11-2021 01:54:34.0481 A

################################################################################################################################################
Starting Execution:	[145 out of 146] test cases in the current suite
Test Method:		[testPackage01.Test_dynamicLoading.dynamicLoading_elementIsHidden]
###############################################################################################################################################



################################################################################################################################################
Starting Execution:	[146 out of 146] test cases in the current suite
Test Method:		[testPackage01.Test_dynamicLoading.dynamicLoading_elementIsRendered]
###############################################################################################################################################

[ReportManager] Successfully created attachment [SHAFT Engine Logs - Execution log] @12-11-2021 01:54:34.0907 AM

################################################################################################################################################
This test run was powered by SHAFT Engine Version: [SHAFT Engine v5.4.20211104-BETA]
SHAFT Engine is licensed under the MIT License: [https://github.com/MohabMohie/SHAFT_ENGINE/blob/master/LICENSE].
################################################################################################################################################