################################################################################################################################################
Detected SHAFT Engine Version: [SHAFT Engine v5.4.20211202-BETA]
################################################################################################################################################
[ReportManager] File Action [GetAbsolutePath] successfully performed. With the following test data [Relative Folder Path: "target/downloadedFiles/"]. @01-12-2021 10:26:40.0864 AM
[ReportManager] Attempting to run locally on: [Mac-64], [Safari], Headless Execution. @01-12-2021 10:26:40.0882 AM
[ReportManager] Successfully Opened Safari. @01-12-2021 10:26:47.0575 AM
[ReportManager] Initial window size: (800, 600) @01-12-2021 10:26:47.0700 AM
[ReportManager] Window size after SWD Maximize: (1176, 802) @01-12-2021 10:26:47.0764 AM
[ReportManager] Browser Action [MaximizeWindow] successfully performed. With the following test data [New screen size is now: (1176, 802)]. @01-12-2021 10:26:47.0773 A

################################################################################################################################################
Starting Execution:	[1 out of 146] test cases in the current suite
Test Method:		[unitTests.tests_element_elementActions.waitForElementToBePresent_false_expectedToFail]
################################################################################################################################################
[ReportManager] Target URL: [https://www.google.com/ncr], and after redirection: [www.google.com] @01-12-2021 10:26:47.0927 AM
[ReportManager] Initial URL: [] @01-12-2021 10:26:48.0000 AM
[ReportManager] Browser Action [NavigateToURL] successfully performed. With the following test data [https://www.google.com/ncr]. @01-12-2021 10:26:55.0223 AM
[ReportManager] Waiting for element to be present; elementLocator [By.xpath: //*[@id='hplogo' or @alt='Google']], numberOfTries[1], stateOfPresence[false]... @01-12-2021 10:26:55.0231 AM
[ReportManager] Element Action [WaitForElementToBePresent] failed. With the following test data [waited for the element's state of presence to be (false). Element locator (By.xpath: //*[@id='hplogo' or @alt='Google'])]. @01-12-2021 10:27:00.0493 AM
[ReportManager] Successfully created attachment [Screenshot - 1638354415335_waitForElementToBePresent_false_expectedToFail_WaitForElementToBePresent_failed] @01-12-2021 10:27:00.0506 A
[ReportManager] Browser Action [CloseCurrentWindow] successfully performed. @01-12-2021 10:27:00.0826 AM
[ReportManager] Successfully created attachment [Browser Action Test Data - CloseCurrentWindow - Actual Value] @01-12-2021 10:27:00.0831 A
[ReportManager] File Action [GetAbsolutePath] successfully performed. With the following test data [Relative Folder Path: "target/downloadedFiles/"]. @01-12-2021 10:27:00.0850 AM
[ReportManager] Attempting to run locally on: [Mac-64], [Safari], Headless Execution. @01-12-2021 10:27:00.0850 AM
[ReportManager] Successfully Opened Safari. @01-12-2021 10:27:01.0838 AM
[ReportManager] Initial window size: (800, 600) @01-12-2021 10:27:01.0864 AM
[ReportManager] Window size after SWD Maximize: (1176, 803) @01-12-2021 10:27:01.0924 AM
[ReportManager] Browser Action [MaximizeWindow] successfully performed. With the following test data [New screen size is now: (1176, 803)]. @01-12-2021 10:27:01.0925 A

################################################################################################################################################
Starting Execution:	[2 out of 146] test cases in the current suite
Test Method:		[unitTests.tests_element_elementActions.waitForElementToBePresent_false_expectedToPass]
################################################################################################################################################
[ReportManager] Target URL: [https://www.google.com/ncr], and after redirection: [www.google.com] @01-12-2021 10:27:01.0933 AM
[ReportManager] Initial URL: [] @01-12-2021 10:27:02.0015 AM
[ReportManager] Browser Action [NavigateToURL] successfully performed. With the following test data [https://www.google.com/ncr]. @01-12-2021 10:27:08.0663 AM
[ReportManager] Waiting for element to be present; elementLocator [By.id: bla], numberOfTries[1], stateOfPresence[false]... @01-12-2021 10:27:08.0664 AM
[ReportManager] org.openqa.selenium.TimeoutException:
Expected condition failed: waiting for com.shaft.gui.element.ElementActionsHelper$$Lambda$623/0x0000000801137c28@951461a (tried for 5 second(s) with 1000 milliseconds interval)
org.openqa.selenium.support.ui.FluentWait.timeoutException(FluentWait.java:263)
org.openqa.selenium.support.ui.FluentWait.until(FluentWait.java:231)
com.shaft.gui.element.ElementActionsHelper.waitForElementPresence(ElementActionsHelper.java:63)
com.shaft.gui.element.ElementActionsHelper.waitForElementPresence(ElementActionsHelper.java:37)
com.shaft.gui.element.WebDriverElementActions.getMatchingElementsCount(WebDriverElementActions.java:1468)
com.shaft.gui.element.WebDriverElementActions.waitForElementToBePresent(WebDriverElementActions.java:1293)
com.shaft.gui.element.ElementActions.waitForElementToBePresent(ElementActions.java:622)
unitTests.tests_element_elementActions.waitForElementToBePresent_false_expectedToPass(tests_element_elementActions.java:48)
java.base/jdk.internal.reflect.NativeMethodAccessorImpl.invoke0(Native Method)
java.base/jdk.internal.reflect.NativeMethodAccessorImpl.invoke(NativeMethodAccessorImpl.java:77)
java.base/jdk.internal.reflect.DelegatingMethodAccessorImpl.invoke(DelegatingMethodAccessorImpl.java:43)
java.base/java.lang.reflect.Method.invoke(Method.java:568)
org.testng.internal.MethodInvocationHelper.invokeMethod(MethodInvocationHelper.java:133)
org.testng.internal.TestInvoker.invokeMethod(TestInvoker.java:598)
org.testng.internal.TestInvoker.invokeTestMethod(TestInvoker.java:173)
org.testng.internal.MethodRunner.runInSequence(MethodRunner.java:46)
org.testng.internal.TestInvoker$MethodInvocationAgent.invoke(TestInvoker.java:824)
org.testng.internal.TestInvoker.invokeTestMethods(TestInvoker.java:146)
org.testng.internal.TestMethodWorker.invokeTestMethods(TestMethodWorker.java:146)
org.testng.internal.TestMethodWorker.run(TestMethodWorker.java:128)
java.base/java.util.ArrayList.forEach(ArrayList.java:1511)
org.testng.TestRunner.privateRun(TestRunner.java:794)
org.testng.TestRunner.run(TestRunner.java:596)
org.testng.SuiteRunner.runTest(SuiteRunner.java:377)
org.testng.SuiteRunner.runSequentially(SuiteRunner.java:371)
org.testng.SuiteRunner.privateRun(SuiteRunner.java:332)
org.testng.SuiteRunner.run(SuiteRunner.java:276)
org.testng.SuiteRunnerWorker.runSuite(SuiteRunnerWorker.java:53)
org.testng.SuiteRunnerWorker.run(SuiteRunnerWorker.java:96)
org.testng.TestNG.runSuitesSequentially(TestNG.java:1212)
org.testng.TestNG.runSuitesLocally(TestNG.java:1134)
org.testng.TestNG.runSuites(TestNG.java:1063)
org.testng.TestNG.run(TestNG.java:1031)
org.apache.maven.surefire.testng.TestNGExecutor.run(TestNGExecutor.java:136)
org.apache.maven.surefire.testng.TestNGDirectoryTestSuite.executeMulti(TestNGDirectoryTestSuite.java:193)
org.apache.maven.surefire.testng.TestNGDirectoryTestSuite.execute(TestNGDirectoryTestSuite.java:94)
org.apache.maven.surefire.testng.TestNGProvider.invoke(TestNGProvider.java:145)
org.apache.maven.surefire.booter.ForkedBooter.runSuitesInProcess(ForkedBooter.java:428)
org.apache.maven.surefire.booter.ForkedBooter.execute(ForkedBooter.java:162)
org.apache.maven.surefire.booter.ForkedBooter.run(ForkedBooter.java:562)
org.apache.maven.surefire.booter.ForkedBooter.main(ForkedBooter.java:548)

Caused by: org.openqa.selenium.NoSuchElementException:
For documentation on this error, please visit: https://selenium.dev/exceptions/#no_such_element
Build info: version: '4.1.0', revision: '87802e897b'
System info: host: 'Mac-1638354274763.local', ip: '10.212.9.101', os.name: 'Mac OS X', os.arch: 'x86_64', os.version: '11.5', java.version: '17.0.1'
Driver info: org.openqa.selenium.safari.SafariDriver
Command: [FC6147BB-61C9-4795-B485-60A2DA646AE9, findElement {using=id, value=bla}]
Capabilities {acceptInsecureCerts: false, browserName: Safari, browserVersion: 15.1, goog:loggingPrefs: {browser: ALL, client: ALL, driver: ALL, performance: ALL, profiler: ALL, server: ALL}, javascriptEnabled: true, pageLoadStrategy: normal, platform: MAC, platformName: MAC, safari:automaticInspection: false, safari:automaticProfiling: false, safari:diagnose: false, safari:platformBuildVersion: 20G224, safari:platformVersion: 11.6.1, safari:useSimulator: false, setWindowRect: true, strictFileInteractability: false, timeouts: {pageLoad: 30000, script: 30000}, webkit:WebRTC: {DisableICECandidateFiltering: false, DisableInsecureMediaCapture: false}}
Session ID: FC6147BB-61C9-4795-B485-60A2DA646AE9
java.base/jdk.internal.reflect.NativeConstructorAccessorImpl.newInstance0(Native Method)
java.base/jdk.internal.reflect.NativeConstructorAccessorImpl.newInstance(NativeConstructorAccessorImpl.java:77)
java.base/jdk.internal.reflect.DelegatingConstructorAccessorImpl.newInstance(DelegatingConstructorAccessorImpl.java:45)
java.base/java.lang.reflect.Constructor.newInstanceWithCaller(Constructor.java:499)
java.base/java.lang.reflect.Constructor.newInstance(Constructor.java:480)
org.openqa.selenium.remote.codec.w3c.W3CHttpResponseCodec.createException(W3CHttpResponseCodec.java:200)
org.openqa.selenium.remote.codec.w3c.W3CHttpResponseCodec.decode(W3CHttpResponseCodec.java:133)
org.openqa.selenium.remote.codec.w3c.W3CHttpResponseCodec.decode(W3CHttpResponseCodec.java:53)
org.openqa.selenium.remote.HttpCommandExecutor.execute(HttpCommandExecutor.java:184)
org.openqa.selenium.remote.service.DriverCommandExecutor.invokeExecute(DriverCommandExecutor.java:164)
org.openqa.selenium.remote.service.DriverCommandExecutor.execute(DriverCommandExecutor.java:139)
org.openqa.selenium.remote.RemoteWebDriver.execute(RemoteWebDriver.java:559)
org.openqa.selenium.remote.ElementLocation$ElementFinder$2.findElement(ElementLocation.java:162)
org.openqa.selenium.remote.ElementLocation.findElement(ElementLocation.java:60)
org.openqa.selenium.remote.RemoteWebDriver.findElement(RemoteWebDriver.java:383)
org.openqa.selenium.remote.RemoteWebDriver.findElement(RemoteWebDriver.java:375)
com.shaft.gui.element.ElementActionsHelper.lambda$waitForElementPresence$0(ElementActionsHelper.java:71)
org.openqa.selenium.support.ui.FluentWait.until(FluentWait.java:208)
com.shaft.gui.element.ElementActionsHelper.waitForElementPresence(ElementActionsHelper.java:63)
com.shaft.gui.element.ElementActionsHelper.waitForElementPresence(ElementActionsHelper.java:37)
com.shaft.gui.element.WebDriverElementActions.getMatchingElementsCount(WebDriverElementActions.java:1468)
com.shaft.gui.element.WebDriverElementActions.waitForElementToBePresent(WebDriverElementActions.java:1293)
com.shaft.gui.element.ElementActions.waitForElementToBePresent(ElementActions.java:622)
unitTests.tests_element_elementActions.waitForElementToBePresent_false_expectedToPass(tests_element_elementActions.java:48)
java.base/jdk.internal.reflect.NativeMethodAccessorImpl.invoke0(Native Method)
java.base/jdk.internal.reflect.NativeMethodAccessorImpl.invoke(NativeMethodAccessorImpl.java:77)
java.base/jdk.internal.reflect.DelegatingMethodAccessorImpl.invoke(DelegatingMethodAccessorImpl.java:43)
java.base/java.lang.reflect.Method.invoke(Method.java:568)
org.testng.internal.MethodInvocationHelper.invokeMethod(MethodInvocationHelper.java:133)
org.testng.internal.TestInvoker.invokeMethod(TestInvoker.java:598)
org.testng.internal.TestInvoker.invokeTestMethod(TestInvoker.java:173)
org.testng.internal.MethodRunner.runInSequence(MethodRunner.java:46)
org.testng.internal.TestInvoker$MethodInvocationAgent.invoke(TestInvoker.java:824)
org.testng.internal.TestInvoker.invokeTestMethods(TestInvoker.java:146)
org.testng.internal.TestMethodWorker.invokeTestMethods(TestMethodWorker.java:146)
org.testng.internal.TestMethodWorker.run(TestMethodWorker.java:128)
java.base/java.util.ArrayList.forEach(ArrayList.java:1511)
org.testng.TestRunner.privateRun(TestRunner.java:794)
org.testng.TestRunner.run(TestRunner.java:596)
org.testng.SuiteRunner.runTest(SuiteRunner.java:377)
org.testng.SuiteRunner.runSequentially(SuiteRunner.java:371)
org.testng.SuiteRunner.privateRun(SuiteRunner.java:332)
org.testng.SuiteRunner.run(SuiteRunner.java:276)
org.testng.SuiteRunnerWorker.runSuite(SuiteRunnerWorker.java:53)
org.testng.SuiteRunnerWorker.run(SuiteRunnerWorker.java:96)
org.testng.TestNG.runSuitesSequentially(TestNG.java:1212)
org.testng.TestNG.runSuitesLocally(TestNG.java:1134)
org.testng.TestNG.runSuites(TestNG.java:1063)
org.testng.TestNG.run(TestNG.java:1031)
org.apache.maven.surefire.testng.TestNGExecutor.run(TestNGExecutor.java:136)
org.apache.maven.surefire.testng.TestNGDirectoryTestSuite.executeMulti(TestNGDirectoryTestSuite.java:193)
org.apache.maven.surefire.testng.TestNGDirectoryTestSuite.execute(TestNGDirectoryTestSuite.java:94)
org.apache.maven.surefire.testng.TestNGProvider.invoke(TestNGProvider.java:145)
org.apache.maven.surefire.booter.ForkedBooter.runSuitesInProcess(ForkedBooter.java:428)
org.apache.maven.surefire.booter.ForkedBooter.execute(ForkedBooter.java:162)
org.apache.maven.surefire.booter.ForkedBooter.run(ForkedBooter.java:562)
org.apache.maven.surefire.booter.ForkedBooter.main(ForkedBooter.java:548) @01-12-2021 10:27:13.0957 AM
[ReportManager] Element Action [WaitForElementToBePresent] successfully performed. With the following test data [waited for the element's state of presence to be (false). Element locator (By.id: bla)]. @01-12-2021 10:27:13.0958 A
[ReportManager] Browser Action [CloseCurrentWindow] successfully performed. @01-12-2021 10:27:14.0137 AM
[ReportManager] Successfully created attachment [Browser Action Test Data - CloseCurrentWindow - Actual Value] @01-12-2021 10:27:14.0178 A
[ReportManager] File Action [GetAbsolutePath] successfully performed. With the following test data [Relative Folder Path: "target/downloadedFiles/"]. @01-12-2021 10:27:14.0186 AM
[ReportManager] Attempting to run locally on: [Mac-64], [Safari], Headless Execution. @01-12-2021 10:27:14.0187 AM
[ReportManager] Successfully Opened Safari. @01-12-2021 10:27:15.0023 AM
[ReportManager] Initial window size: (800, 600) @01-12-2021 10:27:15.0057 AM
[ReportManager] Window size after SWD Maximize: (1176, 803) @01-12-2021 10:27:15.0097 AM
[ReportManager] Browser Action [MaximizeWindow] successfully performed. With the following test data [New screen size is now: (1176, 803)]. @01-12-2021 10:27:15.0097 A

################################################################################################################################################
Starting Execution:	[3 out of 146] test cases in the current suite
Test Method:		[unitTests.tests_element_elementActions.waitForElementToBePresent_moreThanOneElement_expectedToFail]
################################################################################################################################################
[ReportManager] Target URL: [https://www.google.com/ncr], and after redirection: [www.google.com] @01-12-2021 10:27:15.0246 AM
[ReportManager] Initial URL: [] @01-12-2021 10:27:15.0291 AM
[ReportManager] Browser Action [NavigateToURL] successfully performed. With the following test data [https://www.google.com/ncr]. @01-12-2021 10:27:17.0994 AM
[ReportManager] Waiting for element to be present; elementLocator [By.xpath: //*], numberOfTries[1], stateOfPresence[false]... @01-12-2021 10:27:17.0994 AM
[ReportManager] Element Action [WaitForElementToBePresent] failed. With the following test data [waited for the element's state of presence to be (false). Element locator (By.xpath: //*)]. @01-12-2021 10:27:18.0201 AM
[ReportManager] Successfully created attachment [Screenshot - 1638354438065_waitForElementToBePresent_moreThanOneElement_expectedToFail_WaitForElementToBePresent_failed] @01-12-2021 10:27:18.0205 A
[ReportManager] Browser Action [CloseCurrentWindow] successfully performed. @01-12-2021 10:27:18.0513 AM
[ReportManager] Successfully created attachment [Browser Action Test Data - CloseCurrentWindow - Actual Value] @01-12-2021 10:27:18.0514 A
[ReportManager] File Action [GetAbsolutePath] successfully performed. With the following test data [Relative Folder Path: "target/downloadedFiles/"]. @01-12-2021 10:27:18.0519 AM
[ReportManager] Attempting to run locally on: [Mac-64], [Safari], Headless Execution. @01-12-2021 10:27:18.0519 AM
[ReportManager] Successfully Opened Safari. @01-12-2021 10:27:19.0478 AM
[ReportManager] Initial window size: (800, 600) @01-12-2021 10:27:19.0487 AM
[ReportManager] Window size after SWD Maximize: (1176, 803) @01-12-2021 10:27:19.0516 AM
[ReportManager] Browser Action [MaximizeWindow] successfully performed. With the following test data [New screen size is now: (1176, 803)]. @01-12-2021 10:27:19.0520 A

################################################################################################################################################
Starting Execution:	[4 out of 146] test cases in the current suite
Test Method:		[unitTests.tests_element_elementActions.waitForElementToBePresent_true_expectedToFail]
################################################################################################################################################
[ReportManager] Target URL: [https://www.google.com/ncr], and after redirection: [www.google.com] @01-12-2021 10:27:19.0557 AM
[ReportManager] Initial URL: [] @01-12-2021 10:27:19.0694 AM
[ReportManager] Browser Action [NavigateToURL] successfully performed. With the following test data [https://www.google.com/ncr]. @01-12-2021 10:27:22.0488 AM
[ReportManager] Waiting for element to be present; elementLocator [By.id: bla], numberOfTries[1], stateOfPresence[true]... @01-12-2021 10:27:22.0488 AM
[ReportManager] org.openqa.selenium.TimeoutException:
Expected condition failed: waiting for com.shaft.gui.element.ElementActionsHelper$$Lambda$623/0x0000000801137c28@648bfebe (tried for 5 second(s) with 1000 milliseconds interval)
org.openqa.selenium.support.ui.FluentWait.timeoutException(FluentWait.java:263)
org.openqa.selenium.support.ui.FluentWait.until(FluentWait.java:231)
com.shaft.gui.element.ElementActionsHelper.waitForElementPresence(ElementActionsHelper.java:63)
com.shaft.gui.element.ElementActionsHelper.waitForElementPresence(ElementActionsHelper.java:37)
com.shaft.gui.element.WebDriverElementActions.getMatchingElementsCount(WebDriverElementActions.java:1468)
com.shaft.gui.element.WebDriverElementActions.waitForElementToBePresent(WebDriverElementActions.java:1293)
com.shaft.gui.element.ElementActions.waitForElementToBePresent(ElementActions.java:622)
unitTests.tests_element_elementActions.waitForElementToBePresent_true_expectedToFail(tests_element_elementActions.java:39)
java.base/jdk.internal.reflect.NativeMethodAccessorImpl.invoke0(Native Method)
java.base/jdk.internal.reflect.NativeMethodAccessorImpl.invoke(NativeMethodAccessorImpl.java:77)
java.base/jdk.internal.reflect.DelegatingMethodAccessorImpl.invoke(DelegatingMethodAccessorImpl.java:43)
java.base/java.lang.reflect.Method.invoke(Method.java:568)
org.testng.internal.MethodInvocationHelper.invokeMethod(MethodInvocationHelper.java:133)
org.testng.internal.TestInvoker.invokeMethod(TestInvoker.java:598)
org.testng.internal.TestInvoker.invokeTestMethod(TestInvoker.java:173)
org.testng.internal.MethodRunner.runInSequence(MethodRunner.java:46)
org.testng.internal.TestInvoker$MethodInvocationAgent.invoke(TestInvoker.java:824)
org.testng.internal.TestInvoker.invokeTestMethods(TestInvoker.java:146)
org.testng.internal.TestMethodWorker.invokeTestMethods(TestMethodWorker.java:146)
org.testng.internal.TestMethodWorker.run(TestMethodWorker.java:128)
java.base/java.util.ArrayList.forEach(ArrayList.java:1511)
org.testng.TestRunner.privateRun(TestRunner.java:794)
org.testng.TestRunner.run(TestRunner.java:596)
org.testng.SuiteRunner.runTest(SuiteRunner.java:377)
org.testng.SuiteRunner.runSequentially(SuiteRunner.java:371)
org.testng.SuiteRunner.privateRun(SuiteRunner.java:332)
org.testng.SuiteRunner.run(SuiteRunner.java:276)
org.testng.SuiteRunnerWorker.runSuite(SuiteRunnerWorker.java:53)
org.testng.SuiteRunnerWorker.run(SuiteRunnerWorker.java:96)
org.testng.TestNG.runSuitesSequentially(TestNG.java:1212)
org.testng.TestNG.runSuitesLocally(TestNG.java:1134)
org.testng.TestNG.runSuites(TestNG.java:1063)
org.testng.TestNG.run(TestNG.java:1031)
org.apache.maven.surefire.testng.TestNGExecutor.run(TestNGExecutor.java:136)
org.apache.maven.surefire.testng.TestNGDirectoryTestSuite.executeMulti(TestNGDirectoryTestSuite.java:193)
org.apache.maven.surefire.testng.TestNGDirectoryTestSuite.execute(TestNGDirectoryTestSuite.java:94)
org.apache.maven.surefire.testng.TestNGProvider.invoke(TestNGProvider.java:145)
org.apache.maven.surefire.booter.ForkedBooter.runSuitesInProcess(ForkedBooter.java:428)
org.apache.maven.surefire.booter.ForkedBooter.execute(ForkedBooter.java:162)
org.apache.maven.surefire.booter.ForkedBooter.run(ForkedBooter.java:562)
org.apache.maven.surefire.booter.ForkedBooter.main(ForkedBooter.java:548)

Caused by: org.openqa.selenium.NoSuchElementException:
For documentation on this error, please visit: https://selenium.dev/exceptions/#no_such_element
Build info: version: '4.1.0', revision: '87802e897b'
System info: host: 'Mac-1638354274763.local', ip: '10.212.9.101', os.name: 'Mac OS X', os.arch: 'x86_64', os.version: '11.5', java.version: '17.0.1'
Driver info: org.openqa.selenium.safari.SafariDriver
Command: [DA140BD0-59B8-4364-ADFF-D3E1F825FA7C, findElement {using=id, value=bla}]
Capabilities {acceptInsecureCerts: false, browserName: Safari, browserVersion: 15.1, goog:loggingPrefs: {browser: ALL, client: ALL, driver: ALL, performance: ALL, profiler: ALL, server: ALL}, javascriptEnabled: true, pageLoadStrategy: normal, platform: MAC, platformName: MAC, safari:automaticInspection: false, safari:automaticProfiling: false, safari:diagnose: false, safari:platformBuildVersion: 20G224, safari:platformVersion: 11.6.1, safari:useSimulator: false, setWindowRect: true, strictFileInteractability: false, timeouts: {pageLoad: 30000, script: 30000}, webkit:WebRTC: {DisableICECandidateFiltering: false, DisableInsecureMediaCapture: false}}
Session ID: DA140BD0-59B8-4364-ADFF-D3E1F825FA7C
java.base/jdk.internal.reflect.NativeConstructorAccessorImpl.newInstance0(Native Method)
java.base/jdk.internal.reflect.NativeConstructorAccessorImpl.newInstance(NativeConstructorAccessorImpl.java:77)
java.base/jdk.internal.reflect.DelegatingConstructorAccessorImpl.newInstance(DelegatingConstructorAccessorImpl.java:45)
java.base/java.lang.reflect.Constructor.newInstanceWithCaller(Constructor.java:499)
java.base/java.lang.reflect.Constructor.newInstance(Constructor.java:480)
org.openqa.selenium.remote.codec.w3c.W3CHttpResponseCodec.createException(W3CHttpResponseCodec.java:200)
org.openqa.selenium.remote.codec.w3c.W3CHttpResponseCodec.decode(W3CHttpResponseCodec.java:133)
org.openqa.selenium.remote.codec.w3c.W3CHttpResponseCodec.decode(W3CHttpResponseCodec.java:53)
org.openqa.selenium.remote.HttpCommandExecutor.execute(HttpCommandExecutor.java:184)
org.openqa.selenium.remote.service.DriverCommandExecutor.invokeExecute(DriverCommandExecutor.java:164)
org.openqa.selenium.remote.service.DriverCommandExecutor.execute(DriverCommandExecutor.java:139)
org.openqa.selenium.remote.RemoteWebDriver.execute(RemoteWebDriver.java:559)
org.openqa.selenium.remote.ElementLocation$ElementFinder$2.findElement(ElementLocation.java:162)
org.openqa.selenium.remote.ElementLocation.findElement(ElementLocation.java:60)
org.openqa.selenium.remote.RemoteWebDriver.findElement(RemoteWebDriver.java:383)
org.openqa.selenium.remote.RemoteWebDriver.findElement(RemoteWebDriver.java:375)
com.shaft.gui.element.ElementActionsHelper.lambda$waitForElementPresence$0(ElementActionsHelper.java:71)
org.openqa.selenium.support.ui.FluentWait.until(FluentWait.java:208)
com.shaft.gui.element.ElementActionsHelper.waitForElementPresence(ElementActionsHelper.java:63)
com.shaft.gui.element.ElementActionsHelper.waitForElementPresence(ElementActionsHelper.java:37)
com.shaft.gui.element.WebDriverElementActions.getMatchingElementsCount(WebDriverElementActions.java:1468)
com.shaft.gui.element.WebDriverElementActions.waitForElementToBePresent(WebDriverElementActions.java:1293)
com.shaft.gui.element.ElementActions.waitForElementToBePresent(ElementActions.java:622)
unitTests.tests_element_elementActions.waitForElementToBePresent_true_expectedToFail(tests_element_elementActions.java:39)
java.base/jdk.internal.reflect.NativeMethodAccessorImpl.invoke0(Native Method)
java.base/jdk.internal.reflect.NativeMethodAccessorImpl.invoke(NativeMethodAccessorImpl.java:77)
java.base/jdk.internal.reflect.DelegatingMethodAccessorImpl.invoke(DelegatingMethodAccessorImpl.java:43)
java.base/java.lang.reflect.Method.invoke(Method.java:568)
org.testng.internal.MethodInvocationHelper.invokeMethod(MethodInvocationHelper.java:133)
org.testng.internal.TestInvoker.invokeMethod(TestInvoker.java:598)
org.testng.internal.TestInvoker.invokeTestMethod(TestInvoker.java:173)
org.testng.internal.MethodRunner.runInSequence(MethodRunner.java:46)
org.testng.internal.TestInvoker$MethodInvocationAgent.invoke(TestInvoker.java:824)
org.testng.internal.TestInvoker.invokeTestMethods(TestInvoker.java:146)
org.testng.internal.TestMethodWorker.invokeTestMethods(TestMethodWorker.java:146)
org.testng.internal.TestMethodWorker.run(TestMethodWorker.java:128)
java.base/java.util.ArrayList.forEach(ArrayList.java:1511)
org.testng.TestRunner.privateRun(TestRunner.java:794)
org.testng.TestRunner.run(TestRunner.java:596)
org.testng.SuiteRunner.runTest(SuiteRunner.java:377)
org.testng.SuiteRunner.runSequentially(SuiteRunner.java:371)
org.testng.SuiteRunner.privateRun(SuiteRunner.java:332)
org.testng.SuiteRunner.run(SuiteRunner.java:276)
org.testng.SuiteRunnerWorker.runSuite(SuiteRunnerWorker.java:53)
org.testng.SuiteRunnerWorker.run(SuiteRunnerWorker.java:96)
org.testng.TestNG.runSuitesSequentially(TestNG.java:1212)
org.testng.TestNG.runSuitesLocally(TestNG.java:1134)
org.testng.TestNG.runSuites(TestNG.java:1063)
org.testng.TestNG.run(TestNG.java:1031)
org.apache.maven.surefire.testng.TestNGExecutor.run(TestNGExecutor.java:136)
org.apache.maven.surefire.testng.TestNGDirectoryTestSuite.executeMulti(TestNGDirectoryTestSuite.java:193)
org.apache.maven.surefire.testng.TestNGDirectoryTestSuite.execute(TestNGDirectoryTestSuite.java:94)
org.apache.maven.surefire.testng.TestNGProvider.invoke(TestNGProvider.java:145)
org.apache.maven.surefire.booter.ForkedBooter.runSuitesInProcess(ForkedBooter.java:428)
org.apache.maven.surefire.booter.ForkedBooter.execute(ForkedBooter.java:162)
org.apache.maven.surefire.booter.ForkedBooter.run(ForkedBooter.java:562)
org.apache.maven.surefire.booter.ForkedBooter.main(ForkedBooter.java:548) @01-12-2021 10:27:27.0714 AM
[ReportManager] Element Action [WaitForElementToBePresent] failed. With the following test data [waited for the element's state of presence to be (true). Element locator (By.id: bla)]. @01-12-2021 10:27:27.0839 AM
[ReportManager] Successfully created attachment [Screenshot - 1638354447746_waitForElementToBePresent_true_expectedToFail_WaitForElementToBePresent_failed] @01-12-2021 10:27:27.0843 A
[ReportManager] Browser Action [CloseCurrentWindow] successfully performed. @01-12-2021 10:27:27.0959 AM
[ReportManager] Successfully created attachment [Browser Action Test Data - CloseCurrentWindow - Actual Value] @01-12-2021 10:27:27.0960 A
[ReportManager] File Action [GetAbsolutePath] successfully performed. With the following test data [Relative Folder Path: "target/downloadedFiles/"]. @01-12-2021 10:27:27.0964 AM
[ReportManager] Attempting to run locally on: [Mac-64], [Safari], Headless Execution. @01-12-2021 10:27:27.0964 AM
[ReportManager] Successfully Opened Safari. @01-12-2021 10:27:28.0824 AM
[ReportManager] Initial window size: (800, 600) @01-12-2021 10:27:28.0843 AM
[ReportManager] Window size after SWD Maximize: (1176, 803) @01-12-2021 10:27:28.0874 AM
[ReportManager] Browser Action [MaximizeWindow] successfully performed. With the following test data [New screen size is now: (1176, 803)]. @01-12-2021 10:27:28.0874 A

################################################################################################################################################
Starting Execution:	[5 out of 146] test cases in the current suite
Test Method:		[unitTests.tests_element_elementActions.waitForElementToBePresent_true_expectedToPass]
################################################################################################################################################
[ReportManager] Target URL: [https://www.google.com/ncr], and after redirection: [www.google.com] @01-12-2021 10:27:28.0879 AM
[ReportManager] Initial URL: [] @01-12-2021 10:27:28.0937 AM
[ReportManager] Browser Action [NavigateToURL] successfully performed. With the following test data [https://www.google.com/ncr]. @01-12-2021 10:27:31.0748 AM
[ReportManager] Waiting for element to be present; elementLocator [By.xpath: //*[@id='hplogo' or @alt='Google']], numberOfTries[1], stateOfPresence[true]... @01-12-2021 10:27:31.0748 AM
[ReportManager] Element Action [WaitForElementToBePresent] successfully performed. With the following test data [waited for the element's state of presence to be (true). Element locator (By.xpath: //*[@id='hplogo' or @alt='Google'])]. @01-12-2021 10:27:31.0776 AM
[ReportManager] File Action [DoesFileExist] successfully performed. With the following test data [File Path: "src/main/resources/dynamicObjectRepository/unitTests_tests_element_elementActions_waitForElementToBePresent_true_expectedToPass_By_xpath_id_hplogo_or_alt_Google.png"]. @01-12-2021 10:27:31.0794 AM
[ReportManager] File Action [DoesFileExist] successfully performed. With the following test data [File Path: "src/main/resources/dynamicObjectRepository/unitTests_tests_element_elementActions_waitForElementToBePresent_true_expectedToPass_By_xpath_id_hplogo_or_alt_Google.png"]. @01-12-2021 10:27:31.0865 AM
[ReportManager] Passing the test and saving a reference image @01-12-2021 10:27:31.0865 AM
[ReportManager] File Action [GetAbsolutePath] successfully performed. With the following test data [Relative File Path: "src/main/resources/dynamicObjectRepository/unitTests_tests_element_elementActions_waitForElementToBePresent_true_expectedToPass_By_xpath_id_hplogo_or_alt_Google.png"]. @01-12-2021 10:27:31.0866 AM
[ReportManager] File Action [WriteToFile] successfully performed. With the following test data [Target File Path: "/Users/runner/work/SHAFT_ENGINE/SHAFT_ENGINE/src/main/resources/dynamicObjectRepository/unitTests_tests_element_elementActions_waitForElementToBePresent_true_expectedToPass_By_xpath_id_hplogo_or_alt_Google.png"]. @01-12-2021 10:27:31.0873 AM
[ReportManager] Assertion Passed: Using Visual AI; OpenCV @01-12-2021 10:27:31.0875 AM
[ReportManager] Successfully created attachment [Validation Test Data - Actual Screenshot] @01-12-2021 10:27:31.0876 AM
[ReportManager] Assertion [ValidateElementMatches] PASSED. Expected [Element should match the reference screenshot] and Actual [TRUE]. Comparison Type [EXACT_OPENCV]. Validation Type [POSITIVE]. @01-12-2021 10:27:31.0877 A
[ReportManager] Browser Action [CloseCurrentWindow] successfully performed. @01-12-2021 10:27:32.0015 AM
[ReportManager] Successfully created attachment [Browser Action Test Data - CloseCurrentWindow - Actual Value] @01-12-2021 10:27:32.0016 A
[ReportManager] File Action [GetAbsolutePath] successfully performed. With the following test data [Relative Folder Path: "target/downloadedFiles/"]. @01-12-2021 10:27:32.0020 AM
[ReportManager] Attempting to run locally on: [Mac-64], [Safari], Headless Execution. @01-12-2021 10:27:32.0021 AM
[ReportManager] Successfully Opened Safari. @01-12-2021 10:27:32.0906 AM
[ReportManager] Initial window size: (800, 600) @01-12-2021 10:27:32.0918 AM
[ReportManager] Window size after SWD Maximize: (1176, 803) @01-12-2021 10:27:32.0946 AM
[ReportManager] Browser Action [MaximizeWindow] successfully performed. With the following test data [New screen size is now: (1176, 803)]. @01-12-2021 10:27:32.0947 AM
[ReportManager] Target URL: [https://duckduckgo.com] @01-12-2021 10:27:32.0948 AM
[ReportManager] Initial URL: [] @01-12-2021 10:27:33.0130 AM
[ReportManager] Browser Action [NavigateToURL] successfully performed. With the following test data [https://duckduckgo.com]. @01-12-2021 10:27:34.0520 A

################################################################################################################################################
Starting Execution:	[6 out of 146] test cases in the current suite
Test Method:		[unitTests.tests_browserActions.fullScreenWindow]
################################################################################################################################################
[ReportManager] Initial Windows Size: 1176x803 @01-12-2021 10:27:34.0532 AM
[ReportManager] Current Windows Size after fullScreen: 1176x885 @01-12-2021 10:27:34.0818 AM
[ReportManager] Browser Action [FullScreenWindow] successfully performed. @01-12-2021 10:27:34.0843 AM
[ReportManager] Successfully created attachment [Browser Action Test Data - FullScreenWindow - Actual Value] @01-12-2021 10:27:34.0857 A
[ReportManager] Target URL: [https://duckduckgo.com] @01-12-2021 10:27:34.0862 AM
[ReportManager] Initial URL: [https://duckduckgo.com] @01-12-2021 10:27:34.0934 AM
[ReportManager] Browser Action [NavigateToURL] successfully performed. With the following test data [https://duckduckgo.com]. @01-12-2021 10:27:35.0631 AM
[ReportManager] Browser Action [CloseCurrentWindow] successfully performed. @01-12-2021 10:27:35.0740 AM
[ReportManager] Successfully created attachment [Browser Action Test Data - CloseCurrentWindow - Actual Value] @01-12-2021 10:27:35.0742 A
[ReportManager] File Action [GetAbsolutePath] successfully performed. With the following test data [Relative Folder Path: "target/downloadedFiles/"]. @01-12-2021 10:27:35.0747 AM
[ReportManager] Attempting to run locally on: [Mac-64], [Safari], Headless Execution. @01-12-2021 10:27:35.0748 AM
[ReportManager] Successfully Opened Safari. @01-12-2021 10:27:36.0657 AM
[ReportManager] Initial window size: (800, 600) @01-12-2021 10:27:36.0681 AM
[ReportManager] Window size after SWD Maximize: (1176, 803) @01-12-2021 10:27:36.0707 AM
[ReportManager] Browser Action [MaximizeWindow] successfully performed. With the following test data [New screen size is now: (1176, 803)]. @01-12-2021 10:27:36.0708 AM
[ReportManager] Target URL: [https://duckduckgo.com] @01-12-2021 10:27:36.0708 AM
[ReportManager] Initial URL: [] @01-12-2021 10:27:36.0750 AM
[ReportManager] Browser Action [NavigateToURL] successfully performed. With the following test data [https://duckduckgo.com]. @01-12-2021 10:27:37.0874 A

################################################################################################################################################
Starting Execution:	[7 out of 146] test cases in the current suite
Test Method:		[unitTests.tests_browserActions.getCurrentURL]
################################################################################################################################################
[ReportManager] Browser Action [GetCurrentURL] successfully performed. With the following test data [https://duckduckgo.com/]. @01-12-2021 10:27:37.0935 A
[ReportManager] Target URL: [https://duckduckgo.com] @01-12-2021 10:27:38.0002 AM
[ReportManager] Initial URL: [https://duckduckgo.com] @01-12-2021 10:27:38.0067 AM
[ReportManager] Browser Action [NavigateToURL] successfully performed. With the following test data [https://duckduckgo.com]. @01-12-2021 10:27:38.0392 AM
[ReportManager] Browser Action [CloseCurrentWindow] successfully performed. @01-12-2021 10:27:38.0528 AM
[ReportManager] Successfully created attachment [Browser Action Test Data - CloseCurrentWindow - Actual Value] @01-12-2021 10:27:38.0529 A
[ReportManager] File Action [GetAbsolutePath] successfully performed. With the following test data [Relative Folder Path: "target/downloadedFiles/"]. @01-12-2021 10:27:38.0533 AM
[ReportManager] Attempting to run locally on: [Mac-64], [Safari], Headless Execution. @01-12-2021 10:27:38.0533 AM
[ReportManager] Successfully Opened Safari. @01-12-2021 10:27:39.0391 AM
[ReportManager] Initial window size: (800, 600) @01-12-2021 10:27:39.0411 AM
[ReportManager] Window size after SWD Maximize: (1176, 803) @01-12-2021 10:27:39.0469 AM
[ReportManager] Browser Action [MaximizeWindow] successfully performed. With the following test data [New screen size is now: (1176, 803)]. @01-12-2021 10:27:39.0470 AM
[ReportManager] Target URL: [https://duckduckgo.com] @01-12-2021 10:27:39.0470 AM
[ReportManager] Initial URL: [] @01-12-2021 10:27:39.0518 AM
[ReportManager] Browser Action [NavigateToURL] successfully performed. With the following test data [https://duckduckgo.com]. @01-12-2021 10:27:41.0800 A

################################################################################################################################################
Starting Execution:	[8 out of 146] test cases in the current suite
Test Method:		[unitTests.tests_browserActions.getCurrentWindowTitle]
################################################################################################################################################
[ReportManager] Browser Action [GetCurrentWindowTitle] successfully performed. With the following test data [DuckDuckGo â€” Privacy, simplified.]. @01-12-2021 10:27:41.0861 A
[ReportManager] Target URL: [https://duckduckgo.com] @01-12-2021 10:27:41.0864 AM
[ReportManager] Initial URL: [https://duckduckgo.com] @01-12-2021 10:27:41.0918 AM
[ReportManager] Browser Action [NavigateToURL] successfully performed. With the following test data [https://duckduckgo.com]. @01-12-2021 10:27:42.0289 AM
[ReportManager] Browser Action [CloseCurrentWindow] successfully performed. @01-12-2021 10:27:42.0644 AM
[ReportManager] Successfully created attachment [Browser Action Test Data - CloseCurrentWindow - Actual Value] @01-12-2021 10:27:42.0645 A
[ReportManager] File Action [GetAbsolutePath] successfully performed. With the following test data [Relative Folder Path: "target/downloadedFiles/"]. @01-12-2021 10:27:42.0652 AM
[ReportManager] Attempting to run locally on: [Mac-64], [Safari], Headless Execution. @01-12-2021 10:27:42.0652 AM
[ReportManager] Successfully Opened Safari. @01-12-2021 10:27:43.0476 AM
[ReportManager] Initial window size: (800, 600) @01-12-2021 10:27:43.0496 AM
[ReportManager] Window size after SWD Maximize: (1176, 803) @01-12-2021 10:27:43.0512 AM
[ReportManager] Browser Action [MaximizeWindow] successfully performed. With the following test data [New screen size is now: (1176, 803)]. @01-12-2021 10:27:43.0512 AM
[ReportManager] Target URL: [https://duckduckgo.com] @01-12-2021 10:27:43.0512 AM
[ReportManager] Initial URL: [] @01-12-2021 10:27:43.0564 AM
[ReportManager] Browser Action [NavigateToURL] successfully performed. With the following test data [https://duckduckgo.com]. @01-12-2021 10:27:44.0631 A

################################################################################################################################################
Starting Execution:	[9 out of 146] test cases in the current suite
Test Method:		[unitTests.tests_browserActions.getPageSource]
################################################################################################################################################
[ReportManager] Browser Action [GetPageSource] successfully performed. @01-12-2021 10:27:44.0663 AM
[ReportManager] Successfully created attachment [Browser Action Test Data - GetPageSource - Actual Value] @01-12-2021 10:27:44.0664 A
[ReportManager] Target URL: [https://duckduckgo.com] @01-12-2021 10:27:44.0667 AM
[ReportManager] Initial URL: [https://duckduckgo.com] @01-12-2021 10:27:44.0722 AM
[ReportManager] Browser Action [NavigateToURL] successfully performed. With the following test data [https://duckduckgo.com]. @01-12-2021 10:27:45.0018 AM
[ReportManager] Browser Action [CloseCurrentWindow] successfully performed. @01-12-2021 10:27:45.0307 AM
[ReportManager] Successfully created attachment [Browser Action Test Data - CloseCurrentWindow - Actual Value] @01-12-2021 10:27:45.0308 A
[ReportManager] File Action [GetAbsolutePath] successfully performed. With the following test data [Relative Folder Path: "target/downloadedFiles/"]. @01-12-2021 10:27:45.0311 AM
[ReportManager] Attempting to run locally on: [Mac-64], [Safari], Headless Execution. @01-12-2021 10:27:45.0312 AM
[ReportManager] Successfully Opened Safari. @01-12-2021 10:27:46.0123 AM
[ReportManager] Initial window size: (800, 600) @01-12-2021 10:27:46.0146 AM
[ReportManager] Window size after SWD Maximize: (1176, 803) @01-12-2021 10:27:46.0174 AM
[ReportManager] Browser Action [MaximizeWindow] successfully performed. With the following test data [New screen size is now: (1176, 803)]. @01-12-2021 10:27:46.0174 AM
[ReportManager] Target URL: [https://duckduckgo.com] @01-12-2021 10:27:46.0174 AM
[ReportManager] Initial URL: [] @01-12-2021 10:27:46.0218 AM
[ReportManager] Browser Action [NavigateToURL] successfully performed. With the following test data [https://duckduckgo.com]. @01-12-2021 10:27:47.0487 A

################################################################################################################################################
Starting Execution:	[10 out of 146] test cases in the current suite
Test Method:		[unitTests.tests_browserActions.getWindowHandle]
################################################################################################################################################
[ReportManager] Browser Action [GetWindowHandle] successfully performed. With the following test data [page-7924DA2B-AA61-4060-8BB4-A3FA084E010F]. @01-12-2021 10:27:47.0551 A
[ReportManager] Target URL: [https://duckduckgo.com] @01-12-2021 10:27:47.0554 AM
[ReportManager] Initial URL: [https://duckduckgo.com] @01-12-2021 10:27:47.0616 AM
[ReportManager] Browser Action [NavigateToURL] successfully performed. With the following test data [https://duckduckgo.com]. @01-12-2021 10:27:47.0992 AM
[ReportManager] Browser Action [CloseCurrentWindow] successfully performed. @01-12-2021 10:27:48.0373 AM
[ReportManager] Successfully created attachment [Browser Action Test Data - CloseCurrentWindow - Actual Value] @01-12-2021 10:27:48.0374 A
[ReportManager] File Action [GetAbsolutePath] successfully performed. With the following test data [Relative Folder Path: "target/downloadedFiles/"]. @01-12-2021 10:27:48.0377 AM
[ReportManager] Attempting to run locally on: [Mac-64], [Safari], Headless Execution. @01-12-2021 10:27:48.0377 AM
[ReportManager] Successfully Opened Safari. @01-12-2021 10:27:49.0191 AM
[ReportManager] Initial window size: (800, 600) @01-12-2021 10:27:49.0214 AM
[ReportManager] Window size after SWD Maximize: (1176, 803) @01-12-2021 10:27:49.0243 AM
[ReportManager] Browser Action [MaximizeWindow] successfully performed. With the following test data [New screen size is now: (1176, 803)]. @01-12-2021 10:27:49.0244 AM
[ReportManager] Target URL: [https://duckduckgo.com] @01-12-2021 10:27:49.0244 AM
[ReportManager] Initial URL: [] @01-12-2021 10:27:49.0291 AM
[ReportManager] Browser Action [NavigateToURL] successfully performed. With the following test data [https://duckduckgo.com]. @01-12-2021 10:27:50.0074 A

################################################################################################################################################
Starting Execution:	[11 out of 146] test cases in the current suite
Test Method:		[unitTests.tests_browserActions.getWindowPosition]
################################################################################################################################################
[ReportManager] Browser Action [GetWindowPosition] successfully performed. With the following test data [(0, 25)]. @01-12-2021 10:27:50.0118 A
[ReportManager] Target URL: [https://duckduckgo.com] @01-12-2021 10:27:50.0121 AM
[ReportManager] Initial URL: [https://duckduckgo.com] @01-12-2021 10:27:50.0189 AM
[ReportManager] Browser Action [NavigateToURL] successfully performed. With the following test data [https://duckduckgo.com]. @01-12-2021 10:27:50.0518 AM
[ReportManager] Browser Action [CloseCurrentWindow] successfully performed. @01-12-2021 10:27:50.0647 AM
[ReportManager] Successfully created attachment [Browser Action Test Data - CloseCurrentWindow - Actual Value] @01-12-2021 10:27:50.0648 A
[ReportManager] File Action [GetAbsolutePath] successfully performed. With the following test data [Relative Folder Path: "target/downloadedFiles/"]. @01-12-2021 10:27:50.0653 AM
[ReportManager] Attempting to run locally on: [Mac-64], [Safari], Headless Execution. @01-12-2021 10:27:50.0654 AM
[ReportManager] Successfully Opened Safari. @01-12-2021 10:27:51.0560 AM
[ReportManager] Initial window size: (800, 600) @01-12-2021 10:27:51.0578 AM
[ReportManager] Window size after SWD Maximize: (1176, 803) @01-12-2021 10:27:51.0608 AM
[ReportManager] Browser Action [MaximizeWindow] successfully performed. With the following test data [New screen size is now: (1176, 803)]. @01-12-2021 10:27:51.0609 AM
[ReportManager] Target URL: [https://duckduckgo.com] @01-12-2021 10:27:51.0609 AM
[ReportManager] Initial URL: [] @01-12-2021 10:27:51.0650 AM
[ReportManager] Browser Action [NavigateToURL] successfully performed. With the following test data [https://duckduckgo.com]. @01-12-2021 10:27:52.0788 A

################################################################################################################################################
Starting Execution:	[12 out of 146] test cases in the current suite
Test Method:		[unitTests.tests_browserActions.getWindowSize]
################################################################################################################################################
[ReportManager] Browser Action [GetWindowSize] successfully performed. With the following test data [(1176, 803)]. @01-12-2021 10:27:52.0858 A
[ReportManager] Target URL: [https://duckduckgo.com] @01-12-2021 10:27:52.0860 AM
[ReportManager] Initial URL: [https://duckduckgo.com] @01-12-2021 10:27:52.0910 AM
[ReportManager] Browser Action [NavigateToURL] successfully performed. With the following test data [https://duckduckgo.com]. @01-12-2021 10:27:53.0266 AM
[ReportManager] Browser Action [CloseCurrentWindow] successfully performed. @01-12-2021 10:27:53.0623 AM
[ReportManager] Successfully created attachment [Browser Action Test Data - CloseCurrentWindow - Actual Value] @01-12-2021 10:27:53.0623 A
[ReportManager] File Action [GetAbsolutePath] successfully performed. With the following test data [Relative Folder Path: "target/downloadedFiles/"]. @01-12-2021 10:27:53.0627 AM
[ReportManager] Attempting to run locally on: [Mac-64], [Safari], Headless Execution. @01-12-2021 10:27:53.0627 AM
[ReportManager] Successfully Opened Safari. @01-12-2021 10:27:54.0495 AM
[ReportManager] Initial window size: (800, 600) @01-12-2021 10:27:54.0513 AM
[ReportManager] Window size after SWD Maximize: (1176, 803) @01-12-2021 10:27:54.0545 AM
[ReportManager] Browser Action [MaximizeWindow] successfully performed. With the following test data [New screen size is now: (1176, 803)]. @01-12-2021 10:27:54.0545 AM
[ReportManager] Target URL: [https://duckduckgo.com] @01-12-2021 10:27:54.0545 AM
[ReportManager] Initial URL: [] @01-12-2021 10:27:54.0588 AM
[ReportManager] Browser Action [NavigateToURL] successfully performed. With the following test data [https://duckduckgo.com]. @01-12-2021 10:27:55.0567 A

################################################################################################################################################
Starting Execution:	[13 out of 146] test cases in the current suite
Test Method:		[unitTests.tests_browserActions.maximizeWindow]
################################################################################################################################################
[ReportManager] Initial window size: (1176, 803) @01-12-2021 10:27:55.0574 AM
[ReportManager] Window size after SWD Maximize: (1176, 803) @01-12-2021 10:27:55.0607 AM
[ReportManager] Window size after Toolkit: (1920, 1080) @01-12-2021 10:27:55.0659 AM
[ReportManager] Browser Action [MaximizeWindow] successfully performed. With the following test data [New screen size is now: (1920, 1080)]. @01-12-2021 10:27:55.0664 A
[ReportManager] Target URL: [https://duckduckgo.com] @01-12-2021 10:27:55.0673 AM
[ReportManager] Initial URL: [https://duckduckgo.com] @01-12-2021 10:27:55.0727 AM
[ReportManager] Browser Action [NavigateToURL] successfully performed. With the following test data [https://duckduckgo.com]. @01-12-2021 10:27:56.0062 AM
[ReportManager] Browser Action [CloseCurrentWindow] successfully performed. @01-12-2021 10:27:56.0403 AM
[ReportManager] Successfully created attachment [Browser Action Test Data - CloseCurrentWindow - Actual Value] @01-12-2021 10:27:56.0404 A
[ReportManager] File Action [GetAbsolutePath] successfully performed. With the following test data [Relative Folder Path: "target/downloadedFiles/"]. @01-12-2021 10:27:56.0408 AM
[ReportManager] Attempting to run locally on: [Mac-64], [Safari], Headless Execution. @01-12-2021 10:27:56.0408 AM
[ReportManager] Successfully Opened Safari. @01-12-2021 10:27:57.0296 AM
[ReportManager] Initial window size: (800, 600) @01-12-2021 10:27:57.0333 AM
[ReportManager] Window size after SWD Maximize: (1176, 803) @01-12-2021 10:27:57.0368 AM
[ReportManager] Browser Action [MaximizeWindow] successfully performed. With the following test data [New screen size is now: (1176, 803)]. @01-12-2021 10:27:57.0368 AM
[ReportManager] Target URL: [https://duckduckgo.com] @01-12-2021 10:27:57.0368 AM
[ReportManager] Initial URL: [] @01-12-2021 10:27:57.0420 AM
[ReportManager] Browser Action [NavigateToURL] successfully performed. With the following test data [https://duckduckgo.com]. @01-12-2021 10:27:58.0444 A

################################################################################################################################################
Starting Execution:	[14 out of 146] test cases in the current suite
Test Method:		[unitTests.tests_browserActions.navigateBack]
################################################################################################################################################
[ReportManager] Target URL: [https://www.google.com/ncr], and after redirection: [https://www.google.com] @01-12-2021 10:27:58.0451 AM
[ReportManager] Initial URL: [https://duckduckgo.com] @01-12-2021 10:27:58.0504 AM
[ReportManager] Browser Action [NavigateToURL] successfully performed. With the following test data [https://www.google.com/ncr]. @01-12-2021 10:28:00.0164 AM
[ReportManager] Browser Action [NavigateBack] successfully performed. With the following test data [https://duckduckgo.com/]. @01-12-2021 10:28:00.0390 AM
[ReportManager] Browser Action [GetCurrentURL] successfully performed. With the following test data [https://duckduckgo.com/]. @01-12-2021 10:28:00.0420 AM
[ReportManager] Assertion Passed: Confirming that navigating back was successful @01-12-2021 10:28:00.0545 AM
[ReportManager] Successfully created attachment [Screenshot - 1638354480452_navigateBack_ValidateBrowserAttribute_passed] @01-12-2021 10:28:00.0546 AM
[ReportManager] Assertion [ValidateBrowserAttribute] PASSED. Expected [Value Should be 'https://duckduckgo.com' for the 'CurrentUrl' attribute] and Actual [https://duckduckgo.com/]. Comparison Type [CONTAINS]. Validation Type [POSITIVE]. @01-12-2021 10:28:00.0546 A
[ReportManager] Target URL: [https://duckduckgo.com] @01-12-2021 10:28:00.0549 AM
[ReportManager] Initial URL: [https://duckduckgo.com] @01-12-2021 10:28:00.0590 AM
[ReportManager] Browser Action [NavigateToURL] successfully performed. With the following test data [https://duckduckgo.com]. @01-12-2021 10:28:00.0966 AM
[ReportManager] Browser Action [CloseCurrentWindow] successfully performed. @01-12-2021 10:28:01.0312 AM
[ReportManager] Successfully created attachment [Browser Action Test Data - CloseCurrentWindow - Actual Value] @01-12-2021 10:28:01.0313 A
[ReportManager] File Action [GetAbsolutePath] successfully performed. With the following test data [Relative Folder Path: "target/downloadedFiles/"]. @01-12-2021 10:28:01.0316 AM
[ReportManager] Attempting to run locally on: [Mac-64], [Safari], Headless Execution. @01-12-2021 10:28:01.0316 AM
[ReportManager] Successfully Opened Safari. @01-12-2021 10:28:02.0140 AM
[ReportManager] Initial window size: (800, 600) @01-12-2021 10:28:02.0149 AM
[ReportManager] Window size after SWD Maximize: (1176, 803) @01-12-2021 10:28:02.0181 AM
[ReportManager] Browser Action [MaximizeWindow] successfully performed. With the following test data [New screen size is now: (1176, 803)]. @01-12-2021 10:28:02.0182 AM
[ReportManager] Target URL: [https://duckduckgo.com] @01-12-2021 10:28:02.0182 AM
[ReportManager] Initial URL: [] @01-12-2021 10:28:02.0227 AM
[ReportManager] Browser Action [NavigateToURL] successfully performed. With the following test data [https://duckduckgo.com]. @01-12-2021 10:28:02.0987 A

################################################################################################################################################
Starting Execution:	[15 out of 146] test cases in the current suite
Test Method:		[unitTests.tests_browserActions.navigateForward]
################################################################################################################################################
[ReportManager] Target URL: [https://www.google.com/ncr], and after redirection: [https://www.google.com] @01-12-2021 10:28:02.0992 AM
[ReportManager] Initial URL: [https://duckduckgo.com] @01-12-2021 10:28:03.0053 AM
[ReportManager] Browser Action [NavigateToURL] successfully performed. With the following test data [https://www.google.com/ncr]. @01-12-2021 10:28:04.0714 AM
[ReportManager] Browser Action [NavigateBack] successfully performed. With the following test data [https://duckduckgo.com/]. @01-12-2021 10:28:04.0961 AM
[ReportManager] Browser Action [NavigateForward] successfully performed. With the following test data [https://www.google.com/]. @01-12-2021 10:28:05.0208 A
[ReportManager] Target URL: [https://duckduckgo.com] @01-12-2021 10:28:05.0212 AM
[ReportManager] Initial URL: [https://www.google.com] @01-12-2021 10:28:05.0250 AM
[ReportManager] Browser Action [NavigateToURL] successfully performed. With the following test data [https://duckduckgo.com]. @01-12-2021 10:28:05.0628 AM
[ReportManager] Browser Action [CloseCurrentWindow] successfully performed. @01-12-2021 10:28:05.0998 AM
[ReportManager] Successfully created attachment [Browser Action Test Data - CloseCurrentWindow - Actual Value] @01-12-2021 10:28:05.0999 A
[ReportManager] File Action [GetAbsolutePath] successfully performed. With the following test data [Relative Folder Path: "target/downloadedFiles/"]. @01-12-2021 10:28:06.0002 AM
[ReportManager] Attempting to run locally on: [Mac-64], [Safari], Headless Execution. @01-12-2021 10:28:06.0002 AM
[ReportManager] Successfully Opened Safari. @01-12-2021 10:28:07.0025 AM
[ReportManager] Initial window size: (800, 600) @01-12-2021 10:28:07.0046 AM
[ReportManager] Window size after SWD Maximize: (1176, 803) @01-12-2021 10:28:07.0212 AM
[ReportManager] Browser Action [MaximizeWindow] successfully performed. With the following test data [New screen size is now: (1176, 803)]. @01-12-2021 10:28:07.0212 AM
[ReportManager] Target URL: [https://duckduckgo.com] @01-12-2021 10:28:07.0212 AM
[ReportManager] Initial URL: [] @01-12-2021 10:28:07.0259 AM
[ReportManager] Browser Action [NavigateToURL] successfully performed. With the following test data [https://duckduckgo.com]. @01-12-2021 10:28:08.0318 A

################################################################################################################################################
Starting Execution:	[16 out of 146] test cases in the current suite
Test Method:		[unitTests.tests_browserActions.navigateToURL]
################################################################################################################################################
[ReportManager] Target URL: [https://duckduckgo.com] @01-12-2021 10:28:08.0371 AM
[ReportManager] Initial URL: [https://duckduckgo.com] @01-12-2021 10:28:08.0420 AM
[ReportManager] Browser Action [NavigateToURL] successfully performed. With the following test data [https://duckduckgo.com]. @01-12-2021 10:28:08.0788 A
[ReportManager] Target URL: [https://duckduckgo.com] @01-12-2021 10:28:08.0837 AM
[ReportManager] Initial URL: [https://duckduckgo.com] @01-12-2021 10:28:08.0889 AM
[ReportManager] Browser Action [NavigateToURL] successfully performed. With the following test data [https://duckduckgo.com]. @01-12-2021 10:28:09.0444 AM
[ReportManager] Browser Action [CloseCurrentWindow] successfully performed. @01-12-2021 10:28:09.0811 AM
[ReportManager] Successfully created attachment [Browser Action Test Data - CloseCurrentWindow - Actual Value] @01-12-2021 10:28:09.0852 A
[ReportManager] File Action [GetAbsolutePath] successfully performed. With the following test data [Relative Folder Path: "target/downloadedFiles/"]. @01-12-2021 10:28:09.0977 AM
[ReportManager] Attempting to run locally on: [Mac-64], [Safari], Headless Execution. @01-12-2021 10:28:09.0977 AM
[ReportManager] Successfully Opened Safari. @01-12-2021 10:28:11.0109 AM
[ReportManager] Initial window size: (800, 600) @01-12-2021 10:28:11.0155 AM
[ReportManager] Window size after SWD Maximize: (1176, 803) @01-12-2021 10:28:11.0196 AM
[ReportManager] Browser Action [MaximizeWindow] successfully performed. With the following test data [New screen size is now: (1176, 803)]. @01-12-2021 10:28:11.0197 AM
[ReportManager] Target URL: [https://duckduckgo.com] @01-12-2021 10:28:11.0197 AM
[ReportManager] Initial URL: [] @01-12-2021 10:28:11.0270 AM
[ReportManager] Browser Action [NavigateToURL] successfully performed. With the following test data [https://duckduckgo.com]. @01-12-2021 10:28:12.0217 A

################################################################################################################################################
Starting Execution:	[17 out of 146] test cases in the current suite
Test Method:		[unitTests.tests_browserActions.navigateToURLWithRedirection]
################################################################################################################################################
[ReportManager] Target URL: [https://www.google.com/ncr], and after redirection: [https://www.google.com] @01-12-2021 10:28:12.0342 AM
[ReportManager] Initial URL: [https://duckduckgo.com] @01-12-2021 10:28:12.0381 AM
[ReportManager] Browser Action [NavigateToURL] successfully performed. With the following test data [https://www.google.com/ncr]. @01-12-2021 10:28:14.0056 A
[ReportManager] Target URL: [https://duckduckgo.com] @01-12-2021 10:28:14.0184 AM
[ReportManager] Initial URL: [https://www.google.com] @01-12-2021 10:28:14.0222 AM
[ReportManager] Browser Action [NavigateToURL] successfully performed. With the following test data [https://duckduckgo.com]. @01-12-2021 10:28:14.0588 AM
[ReportManager] Browser Action [CloseCurrentWindow] successfully performed. @01-12-2021 10:28:14.0893 AM
[ReportManager] Successfully created attachment [Browser Action Test Data - CloseCurrentWindow - Actual Value] @01-12-2021 10:28:14.0935 A
[ReportManager] File Action [GetAbsolutePath] successfully performed. With the following test data [Relative Folder Path: "target/downloadedFiles/"]. @01-12-2021 10:28:15.0100 AM
[ReportManager] Attempting to run locally on: [Mac-64], [Safari], Headless Execution. @01-12-2021 10:28:15.0101 AM
[ReportManager] An Exception Occured with this Message: Could not start a new session. Possible causes are invalid address of the remote server or browser start-up failure.. @01-12-2021 10:28:15.0423 AM
[ReportManager] Successfully created attachment [Exception Stack Trace - org.openqa.selenium.SessionNotCreatedException] @01-12-2021 10:28:15.0522 AM
[ReportManager] Driver Factory Action [createNewLocalDriverInstanceForSafari] failed. With the following test data [Failed to create a session on DESKTOP_SAFARI]. @01-12-2021 10:28:15.0524 A

################################################################################################################################################
Starting Execution:	[18 out of 146] test cases in the current suite
Test Method:		[unitTests.tests_browserActions.refreshCurrentPage]
###############################################################################################################################################



################################################################################################################################################
Starting Execution:	[19 out of 146] test cases in the current suite
Test Method:		[unitTests.tests_browserActions.setWindowSize]
###############################################################################################################################################

[ReportManager] Successfully loaded the following test data file [src/test/resources/testDataFiles/testSuite01/TestData.xlsx]. @01-12-2021 10:28:17.0640 AM
[ReportManager] Successfully created attachment [Test Data - Excel] @01-12-2021 10:28:17.0681 A

################################################################################################################################################
Starting Execution:	[20 out of 146] test cases in the current suite
Test Method:		[unitTests.tests_io_excelFileManager.getCellData_rowName_expectedToPass]
################################################################################################################################################
[ReportManager] testRowData. @01-12-2021 10:28:17.0777 A

################################################################################################################################################
Starting Execution:	[21 out of 146] test cases in the current suite
Test Method:		[unitTests.tests_validations_assertions.assertComparativeRelation_greaterThanOrEquals_false_equals_expectedToFail]
################################################################################################################################################
[ReportManager] Assertion [ValidateComparativeRelation] FAILED. Expected [1] and Actual [1]. Comparison Type [GREATER_THAN_OR_EQUALS]. Validation Type [NEGATIVE]. @01-12-2021 10:28:17.0946 A

################################################################################################################################################
Starting Execution:	[22 out of 146] test cases in the current suite
Test Method:		[unitTests.tests_validations_assertions.assertComparativeRelation_greaterThanOrEquals_false_equals_expectedToPass]
################################################################################################################################################
[ReportManager] Assertion [ValidateComparativeRelation] PASSED. Expected [2] and Actual [1]. Comparison Type [GREATER_THAN_OR_EQUALS]. Validation Type [NEGATIVE]. @01-12-2021 10:28:18.0072 A

################################################################################################################################################
Starting Execution:	[23 out of 146] test cases in the current suite
Test Method:		[unitTests.tests_validations_assertions.assertComparativeRelation_greaterThanOrEquals_false_greaterThan_expectedToFail]
################################################################################################################################################
[ReportManager] Assertion [ValidateComparativeRelation] FAILED. Expected [1] and Actual [2]. Comparison Type [GREATER_THAN_OR_EQUALS]. Validation Type [NEGATIVE]. @01-12-2021 10:28:18.0198 A

################################################################################################################################################
Starting Execution:	[24 out of 146] test cases in the current suite
Test Method:		[unitTests.tests_validations_assertions.assertComparativeRelation_greaterThanOrEquals_false_greaterThan_expectedToPass]
################################################################################################################################################
[ReportManager] Assertion [ValidateComparativeRelation] PASSED. Expected [2] and Actual [1]. Comparison Type [GREATER_THAN_OR_EQUALS]. Validation Type [NEGATIVE]. @01-12-2021 10:28:18.0365 A

################################################################################################################################################
Starting Execution:	[25 out of 146] test cases in the current suite
Test Method:		[unitTests.tests_validations_assertions.assertComparativeRelation_greaterThanOrEquals_true_equals_expectedToFail]
################################################################################################################################################
[ReportManager] Assertion [ValidateComparativeRelation] FAILED. Expected [1] and Actual [0]. Comparison Type [GREATER_THAN_OR_EQUALS]. Validation Type [POSITIVE]. @01-12-2021 10:28:18.0492 A

################################################################################################################################################
Starting Execution:	[26 out of 146] test cases in the current suite
Test Method:		[unitTests.tests_validations_assertions.assertComparativeRelation_greaterThanOrEquals_true_equals_expectedToPass]
################################################################################################################################################
[ReportManager] Assertion [ValidateComparativeRelation] PASSED. Expected [1] and Actual [1]. Comparison Type [GREATER_THAN_OR_EQUALS]. Validation Type [POSITIVE]. @01-12-2021 10:28:18.0619 A

################################################################################################################################################
Starting Execution:	[27 out of 146] test cases in the current suite
Test Method:		[unitTests.tests_validations_assertions.assertComparativeRelation_greaterThanOrEquals_true_greaterThan_expectedToFail]
################################################################################################################################################
[ReportManager] Assertion [ValidateComparativeRelation] FAILED. Expected [2] and Actual [1]. Comparison Type [GREATER_THAN_OR_EQUALS]. Validation Type [POSITIVE]. @01-12-2021 10:28:18.0786 A

################################################################################################################################################
Starting Execution:	[28 out of 146] test cases in the current suite
Test Method:		[unitTests.tests_validations_assertions.assertComparativeRelation_greaterThanOrEquals_true_greaterThan_expectedToPass]
################################################################################################################################################
[ReportManager] Assertion [ValidateComparativeRelation] PASSED. Expected [1] and Actual [2]. Comparison Type [GREATER_THAN_OR_EQUALS]. Validation Type [POSITIVE]. @01-12-2021 10:28:18.0912 A
[ReportManager] File Action [GetAbsolutePath] successfully performed. With the following test data [Relative Folder Path: "target/downloadedFiles/"]. @01-12-2021 10:28:19.0037 AM
[ReportManager] Attempting to run locally on: [Mac-64], [Safari], Headless Execution. @01-12-2021 10:28:19.0038 AM
[ReportManager] Successfully Opened Safari. @01-12-2021 10:28:19.0964 AM
[ReportManager] Initial window size: (800, 600) @01-12-2021 10:28:19.0994 AM
[ReportManager] Window size after SWD Maximize: (1176, 803) @01-12-2021 10:28:20.0023 AM
[ReportManager] Browser Action [MaximizeWindow] successfully performed. With the following test data [New screen size is now: (1176, 803)]. @01-12-2021 10:28:20.0024 AM
[ReportManager] Target URL: [https://www.google.com/ncr], and after redirection: [www.google.com] @01-12-2021 10:28:20.0024 AM
[ReportManager] Initial URL: [] @01-12-2021 10:28:20.0085 AM
[ReportManager] Browser Action [NavigateToURL] successfully performed. With the following test data [https://www.google.com/ncr]. @01-12-2021 10:28:22.0057 A

################################################################################################################################################
Starting Execution:	[29 out of 146] test cases in the current suite
Test Method:		[unitTests.tests_validations_assertions.assertElementAttribute_false_caseInsensitiveComparison_expectedToFail]
################################################################################################################################################
[ReportManager] Element Action [Type] successfully performed. With the following test data [AUTOMATION]. @01-12-2021 10:28:22.0385 AM
[ReportManager] Element Action [GetText] successfully performed. With the following test data [AUTOMATION]. @01-12-2021 10:28:22.0487 AM
[ReportManager] Loaded Shared OpenCV @01-12-2021 10:28:27.0627 AM
[ReportManager] Assertion [ValidateElementAttribute] FAILED. Expected [Value Should not be 'AutomaTion' for the 'text' attribute, element locator 'By.name: q'] and Actual [AUTOMATION]. Comparison Type [CASE_INSENSITIVE]. Validation Type [NEGATIVE]. @01-12-2021 10:28:28.0079 AM
[ReportManager] Successfully created attachment [Screenshot - 1638354502570_assertElementAttribute_false_caseInsensitiveComparison_expectedToFail_ValidateElementAttribute_failed] @01-12-2021 10:28:28.0121 A
[ReportManager] Browser Action [CloseCurrentWindow] successfully performed. @01-12-2021 10:28:28.0548 AM
[ReportManager] Successfully created attachment [Browser Action Test Data - CloseCurrentWindow - Actual Value] @01-12-2021 10:28:28.0593 A
[ReportManager] File Action [GetAbsolutePath] successfully performed. With the following test data [Relative Folder Path: "target/downloadedFiles/"]. @01-12-2021 10:28:28.0764 AM
[ReportManager] Attempting to run locally on: [Mac-64], [Safari], Headless Execution. @01-12-2021 10:28:28.0764 AM
[ReportManager] Successfully Opened Safari. @01-12-2021 10:28:29.0659 AM
[ReportManager] Initial window size: (800, 600) @01-12-2021 10:28:29.0709 AM
[ReportManager] Window size after SWD Maximize: (1176, 803) @01-12-2021 10:28:29.0740 AM
[ReportManager] Browser Action [MaximizeWindow] successfully performed. With the following test data [New screen size is now: (1176, 803)]. @01-12-2021 10:28:29.0741 AM
[ReportManager] Target URL: [https://www.google.com/ncr], and after redirection: [www.google.com] @01-12-2021 10:28:29.0741 AM
[ReportManager] Initial URL: [] @01-12-2021 10:28:29.0794 AM
[ReportManager] Browser Action [NavigateToURL] successfully performed. With the following test data [https://www.google.com/ncr]. @01-12-2021 10:28:31.0690 A

################################################################################################################################################
Starting Execution:	[30 out of 146] test cases in the current suite
Test Method:		[unitTests.tests_validations_assertions.assertElementAttribute_false_caseInsensitiveComparison_expectedToPass]
################################################################################################################################################
[ReportManager] Element Action [Type] successfully performed. With the following test data [AUTOMATION]. @01-12-2021 10:28:31.0962 AM
[ReportManager] Element Action [GetText] successfully performed. With the following test data [AUTOMATION]. @01-12-2021 10:28:32.0043 AM
[ReportManager] Loaded Shared OpenCV @01-12-2021 10:28:32.0109 AM
[ReportManager] Assertion [ValidateElementAttribute] PASSED. Expected [Value Should not be 'AutomaTion123' for the 'text' attribute, element locator 'By.name: q'] and Actual [AUTOMATION]. Comparison Type [CASE_INSENSITIVE]. Validation Type [NEGATIVE]. @01-12-2021 10:28:32.0430 AM
[ReportManager] Successfully created attachment [Screenshot - 1638354512109_assertElementAttribute_false_caseInsensitiveComparison_expectedToPass_ValidateElementAttribute_passed] @01-12-2021 10:28:32.0512 A
[ReportManager] Browser Action [CloseCurrentWindow] successfully performed. @01-12-2021 10:28:32.0938 AM
[ReportManager] Successfully created attachment [Browser Action Test Data - CloseCurrentWindow - Actual Value] @01-12-2021 10:28:32.0940 A
[ReportManager] File Action [GetAbsolutePath] successfully performed. With the following test data [Relative Folder Path: "target/downloadedFiles/"]. @01-12-2021 10:28:32.0946 AM
[ReportManager] Attempting to run locally on: [Mac-64], [Safari], Headless Execution. @01-12-2021 10:28:32.0946 AM
[ReportManager] Successfully Opened Safari. @01-12-2021 10:28:33.0814 AM
[ReportManager] Initial window size: (800, 600) @01-12-2021 10:28:33.0877 AM
[ReportManager] Window size after SWD Maximize: (1176, 803) @01-12-2021 10:28:33.0924 AM
[ReportManager] Browser Action [MaximizeWindow] successfully performed. With the following test data [New screen size is now: (1176, 803)]. @01-12-2021 10:28:33.0924 AM
[ReportManager] Target URL: [https://www.google.com/ncr], and after redirection: [www.google.com] @01-12-2021 10:28:33.0924 AM
[ReportManager] Initial URL: [] @01-12-2021 10:28:33.0991 AM
[ReportManager] Browser Action [NavigateToURL] successfully performed. With the following test data [https://www.google.com/ncr]. @01-12-2021 10:28:36.0321 A

################################################################################################################################################
Starting Execution:	[31 out of 146] test cases in the current suite
Test Method:		[unitTests.tests_validations_assertions.assertElementAttribute_false_containsComparison_expectedToFail]
################################################################################################################################################
[ReportManager] Element Action [Type] successfully performed. With the following test data [Automation123]. @01-12-2021 10:28:36.0625 AM
[ReportManager] Element Action [GetText] successfully performed. With the following test data [Automation123]. @01-12-2021 10:28:36.0716 AM
[ReportManager] Loaded Shared OpenCV @01-12-2021 10:28:36.0793 AM
[ReportManager] Assertion [ValidateElementAttribute] FAILED. Expected [Value Should not be 'Automation' for the 'text' attribute, element locator 'By.name: q'] and Actual [Automation123]. Comparison Type [CONTAINS]. Validation Type [NEGATIVE]. @01-12-2021 10:28:36.0984 AM
[ReportManager] Successfully created attachment [Screenshot - 1638354516793_assertElementAttribute_false_containsComparison_expectedToFail_ValidateElementAttribute_failed] @01-12-2021 10:28:37.0026 A
[ReportManager] Browser Action [CloseCurrentWindow] successfully performed. @01-12-2021 10:28:37.0481 AM
[ReportManager] Successfully created attachment [Browser Action Test Data - CloseCurrentWindow - Actual Value] @01-12-2021 10:28:37.0527 A
[ReportManager] File Action [GetAbsolutePath] successfully performed. With the following test data [Relative Folder Path: "target/downloadedFiles/"]. @01-12-2021 10:28:37.0654 AM
[ReportManager] Attempting to run locally on: [Mac-64], [Safari], Headless Execution. @01-12-2021 10:28:37.0655 AM
[ReportManager] Successfully Opened Safari. @01-12-2021 10:28:38.0707 AM
[ReportManager] Initial window size: (800, 600) @01-12-2021 10:28:38.0717 AM
[ReportManager] Window size after SWD Maximize: (1176, 803) @01-12-2021 10:28:38.0744 AM
[ReportManager] Browser Action [MaximizeWindow] successfully performed. With the following test data [New screen size is now: (1176, 803)]. @01-12-2021 10:28:38.0744 AM
[ReportManager] Target URL: [https://www.google.com/ncr], and after redirection: [www.google.com] @01-12-2021 10:28:38.0744 AM
[ReportManager] Initial URL: [] @01-12-2021 10:28:38.0845 AM
[ReportManager] Browser Action [NavigateToURL] successfully performed. With the following test data [https://www.google.com/ncr]. @01-12-2021 10:28:41.0310 A

################################################################################################################################################
Starting Execution:	[32 out of 146] test cases in the current suite
Test Method:		[unitTests.tests_validations_assertions.assertElementAttribute_false_containsComparison_expectedToPass]
################################################################################################################################################
[ReportManager] Element Action [Type] successfully performed. With the following test data [Automation123]. @01-12-2021 10:28:41.0622 AM
[ReportManager] Element Action [GetText] successfully performed. With the following test data [Automation123]. @01-12-2021 10:28:41.0703 AM
[ReportManager] Loaded Shared OpenCV @01-12-2021 10:28:41.0766 AM
[ReportManager] Assertion [ValidateElementAttribute] PASSED. Expected [Value Should not be 'Automation1234' for the 'text' attribute, element locator 'By.name: q'] and Actual [Automation123]. Comparison Type [CONTAINS]. Validation Type [NEGATIVE]. @01-12-2021 10:28:42.0086 AM
[ReportManager] Successfully created attachment [Screenshot - 1638354521766_assertElementAttribute_false_containsComparison_expectedToPass_ValidateElementAttribute_passed] @01-12-2021 10:28:42.0169 A
[ReportManager] Browser Action [CloseCurrentWindow] successfully performed. @01-12-2021 10:28:42.0606 AM
[ReportManager] Successfully created attachment [Browser Action Test Data - CloseCurrentWindow - Actual Value] @01-12-2021 10:28:42.0648 A
[ReportManager] File Action [GetAbsolutePath] successfully performed. With the following test data [Relative Folder Path: "target/downloadedFiles/"]. @01-12-2021 10:28:42.0775 AM
[ReportManager] Attempting to run locally on: [Mac-64], [Safari], Headless Execution. @01-12-2021 10:28:42.0776 AM
[ReportManager] Successfully Opened Safari. @01-12-2021 10:28:43.0698 AM
[ReportManager] Initial window size: (800, 600) @01-12-2021 10:28:43.0710 AM
[ReportManager] Window size after SWD Maximize: (1176, 803) @01-12-2021 10:28:43.0746 AM
[ReportManager] Browser Action [MaximizeWindow] successfully performed. With the following test data [New screen size is now: (1176, 803)]. @01-12-2021 10:28:43.0746 AM
[ReportManager] Target URL: [https://www.google.com/ncr], and after redirection: [www.google.com] @01-12-2021 10:28:43.0746 AM
[ReportManager] Initial URL: [] @01-12-2021 10:28:43.0800 AM
[ReportManager] Browser Action [NavigateToURL] successfully performed. With the following test data [https://www.google.com/ncr]. @01-12-2021 10:28:45.0708 A

################################################################################################################################################
Starting Execution:	[33 out of 146] test cases in the current suite
Test Method:		[unitTests.tests_validations_assertions.assertElementAttribute_false_literalComparison_expectedToFail]
################################################################################################################################################
[ReportManager] Element Action [Type] successfully performed. With the following test data [Automation!@#$%^&*()_+{}[]\';/.,]. @01-12-2021 10:28:46.0182 AM
[ReportManager] Element Action [GetText] successfully performed. With the following test data [Automation!@#$%^&*()_+{}[]\';/.,]. @01-12-2021 10:28:46.0275 AM
[ReportManager] Loaded Shared OpenCV @01-12-2021 10:28:46.0347 AM
[ReportManager] Assertion [ValidateElementAttribute] PASSED. Expected [Value Should not be 'Automation!@#$%^&*()_+{}[]\\';/.,' for the 'text' attribute, element locator 'By.name: q'] and Actual [Automation!@#$%^&*()_+{}[]\';/.,]. Comparison Type [EQUALS]. Validation Type [NEGATIVE]. @01-12-2021 10:28:46.0766 AM
[ReportManager] Successfully created attachment [Screenshot - 1638354526347_assertElementAttribute_false_literalComparison_expectedToFail_ValidateElementAttribute_passed] @01-12-2021 10:28:46.0888 A
[ReportManager] Browser Action [CloseCurrentWindow] successfully performed. @01-12-2021 10:28:47.0352 AM
[ReportManager] Successfully created attachment [Browser Action Test Data - CloseCurrentWindow - Actual Value] @01-12-2021 10:28:47.0392 A
[ReportManager] File Action [GetAbsolutePath] successfully performed. With the following test data [Relative Folder Path: "target/downloadedFiles/"]. @01-12-2021 10:28:47.0563 AM
[ReportManager] Attempting to run locally on: [Mac-64], [Safari], Headless Execution. @01-12-2021 10:28:47.0563 AM
[ReportManager] An Exception Occured with this Message: Could not start a new session. Possible causes are invalid address of the remote server or browser start-up failure.. @01-12-2021 10:28:47.0952 AM
[ReportManager] Successfully created attachment [Exception Stack Trace - org.openqa.selenium.SessionNotCreatedException] @01-12-2021 10:28:47.0994 AM
[ReportManager] Driver Factory Action [createNewLocalDriverInstanceForSafari] failed. With the following test data [Failed to create a session on DESKTOP_SAFARI]. @01-12-2021 10:28:47.0995 A

################################################################################################################################################
Starting Execution:	[34 out of 146] test cases in the current suite
Test Method:		[unitTests.tests_validations_assertions.assertElementAttribute_false_literalComparison_expectedToPass]
###############################################################################################################################################



################################################################################################################################################
Starting Execution:	[35 out of 146] test cases in the current suite
Test Method:		[unitTests.tests_validations_assertions.assertElementAttribute_false_regexComparison_expectedToFail]
###############################################################################################################################################



################################################################################################################################################
Starting Execution:	[36 out of 146] test cases in the current suite
Test Method:		[unitTests.tests_validations_assertions.assertElementAttribute_false_regexComparison_expectedToPass]
###############################################################################################################################################



################################################################################################################################################
Starting Execution:	[37 out of 146] test cases in the current suite
Test Method:		[unitTests.tests_validations_assertions.assertElementAttribute_true_caseInsensitiveComparison_expectedToFail]
###############################################################################################################################################



################################################################################################################################################
Starting Execution:	[38 out of 146] test cases in the current suite
Test Method:		[unitTests.tests_validations_assertions.assertElementAttribute_true_caseInsensitiveComparison_expectedToPass]
###############################################################################################################################################



################################################################################################################################################
Starting Execution:	[39 out of 146] test cases in the current suite
Test Method:		[unitTests.tests_validations_assertions.assertElementAttribute_true_containsComparison_expectedToFail]
###############################################################################################################################################



################################################################################################################################################
Starting Execution:	[40 out of 146] test cases in the current suite
Test Method:		[unitTests.tests_validations_assertions.assertElementAttribute_true_containsComparison_expectedToPass]
###############################################################################################################################################



################################################################################################################################################
Starting Execution:	[41 out of 146] test cases in the current suite
Test Method:		[unitTests.tests_validations_assertions.assertElementAttribute_true_literalComparison_expectedToFail]
###############################################################################################################################################



################################################################################################################################################
Starting Execution:	[42 out of 146] test cases in the current suite
Test Method:		[unitTests.tests_validations_assertions.assertElementAttribute_true_literalComparison_expectedToPass]
###############################################################################################################################################



################################################################################################################################################
Starting Execution:	[43 out of 146] test cases in the current suite
Test Method:		[unitTests.tests_validations_assertions.assertElementAttribute_true_regexComparison_expectedToFail]
###############################################################################################################################################



################################################################################################################################################
Starting Execution:	[44 out of 146] test cases in the current suite
Test Method:		[unitTests.tests_validations_assertions.assertElementAttribute_true_regexComparison_expectedToPass]
###############################################################################################################################################



################################################################################################################################################
Starting Execution:	[45 out of 146] test cases in the current suite
Test Method:		[unitTests.tests_validations_assertions.assertElementAttribute_type_true_literalComparison_expectedToPass]
###############################################################################################################################################



################################################################################################################################################
Starting Execution:	[46 out of 146] test cases in the current suite
Test Method:		[unitTests.tests_validations_assertions.assertElementExists_false_expectedToFail]
###############################################################################################################################################



################################################################################################################################################
Starting Execution:	[47 out of 146] test cases in the current suite
Test Method:		[unitTests.tests_validations_assertions.assertElementExists_false_expectedToPass]
###############################################################################################################################################



################################################################################################################################################
Starting Execution:	[48 out of 146] test cases in the current suite
Test Method:		[unitTests.tests_validations_assertions.assertElementExists_false_multipleElementsFound_expectedToFail]
###############################################################################################################################################



################################################################################################################################################
Starting Execution:	[49 out of 146] test cases in the current suite
Test Method:		[unitTests.tests_validations_assertions.assertElementExists_true_expectedToFail]
###############################################################################################################################################



################################################################################################################################################
Starting Execution:	[50 out of 146] test cases in the current suite
Test Method:		[unitTests.tests_validations_assertions.assertElementExists_true_expectedToPass]
###############################################################################################################################################



################################################################################################################################################
Starting Execution:	[51 out of 146] test cases in the current suite
Test Method:		[unitTests.tests_validations_assertions.assertElementExists_true_multipleElementsFound_expectedToFail]
###############################################################################################################################################


################################################################################################################################################
Starting Execution:	[52 out of 146] test cases in the current suite
Test Method:		[unitTests.tests_validations_assertions.assertEquals_false_expectedToFail]
###############################################################################################################################################

################################################################################################################################################
Starting Execution:	[53 out of 146] test cases in the current suite
Test Method:		[unitTests.tests_validations_assertions.assertEquals_false_expectedToPass]
###############################################################################################################################################

################################################################################################################################################
Starting Execution:	[54 out of 146] test cases in the current suite
Test Method:		[unitTests.tests_validations_assertions.assertEquals_longCharacters]
###############################################################################################################################################

################################################################################################################################################
Starting Execution:	[55 out of 146] test cases in the current suite
Test Method:		[unitTests.tests_validations_assertions.assertEquals_longCharacters_Discreet]
###############################################################################################################################################

################################################################################################################################################
Starting Execution:	[56 out of 146] test cases in the current suite
Test Method:		[unitTests.tests_validations_assertions.assertEquals_true_expectedToFail]
###############################################################################################################################################

################################################################################################################################################
Starting Execution:	[57 out of 146] test cases in the current suite
Test Method:		[unitTests.tests_validations_assertions.assertEquals_true_expectedToPass]
Test Description:	[Assert that assertEquals works as expected when the two values are equal.]
###############################################################################################################################################

################################################################################################################################################
Starting Execution:	[58 out of 146] test cases in the current suite
Test Method:		[unitTests.tests_validations_assertions.assertEquals_true_expectedToPass__]
###############################################################################################################################################

################################################################################################################################################
Starting Execution:	[59 out of 146] test cases in the current suite
Test Method:		[unitTests.tests_validations_assertions.assertFileExists_false_expectedToFail]
###############################################################################################################################################

################################################################################################################################################
Starting Execution:	[60 out of 146] test cases in the current suite
Test Method:		[unitTests.tests_validations_assertions.assertFileExists_false_expectedToPass]
###############################################################################################################################################

################################################################################################################################################
Starting Execution:	[61 out of 146] test cases in the current suite
Test Method:		[unitTests.tests_validations_assertions.assertFileExists_true_expectedToFail]
###############################################################################################################################################

################################################################################################################################################
Starting Execution:	[62 out of 146] test cases in the current suite
Test Method:		[unitTests.tests_validations_assertions.assertFileExists_true_expectedToPass]
###############################################################################################################################################

################################################################################################################################################
Starting Execution:	[63 out of 146] test cases in the current suite
Test Method:		[unitTests.tests_validations_assertions.assertNull_false_expectedToFail]
###############################################################################################################################################

################################################################################################################################################
Starting Execution:	[64 out of 146] test cases in the current suite
Test Method:		[unitTests.tests_validations_assertions.assertNull_false_expectedToPass]
###############################################################################################################################################

################################################################################################################################################
Starting Execution:	[65 out of 146] test cases in the current suite
Test Method:		[unitTests.tests_validations_assertions.assertNull_true_expectedToFail]
###############################################################################################################################################

################################################################################################################################################
Starting Execution:	[66 out of 146] test cases in the current suite
Test Method:		[unitTests.tests_validations_assertions.assertNull_true_expectedToPass]
###############################################################################################################################################

################################################################################################################################################
Starting Execution:	[67 out of 146] test cases in the current suite
Test Method:		[unitTests.tests_restActions.getPostsAndAssertBodyForSpecificTitle]
################################################################################################################################################
[ReportManager] Response status code: [200], status line: [HTTP/1.1 200 OK] @01-12-2021 10:28:56.0121 AM
[ReportManager] Assertion Passed: Evaluating the actual response status code against the expected one... @01-12-2021 10:28:56.0127 AM
[ReportManager] Assertion [ValidateComparativeRelation] PASSED. Expected [200] and Actual [200]. Comparison Type [EQUALS]. Validation Type [POSITIVE]. @01-12-2021 10:28:56.0127 AM
[ReportManager] API Action [PerformRequest] successfully performed. With the following test data [Request Type: "GET" | Target Status Code: "200" | Service URL: "https://jsonplaceholder.typicode.com/posts" | Content Type: "*/*" | Response Time: "846ms"]. @01-12-2021 10:28:57.0582 AM
[ReportManager] Successfully created attachment [API Request - Specifications] @01-12-2021 10:28:57.0623 AM
[ReportManager] Successfully created attachment [API Response - JSON Body] @01-12-2021 10:28:58.0069 AM
[ReportManager] API Action [GetResponseJSONValueAsList] successfully performed. @01-12-2021 10:28:58.0109 AM
[ReportManager] API Action [GetResponseJSONValue] successfully performed. With the following test data [title]. @01-12-2021 10:28:58.0141 AM
[ReportManager] API Action [GetResponseJSONValue] successfully performed. With the following test data [title]. @01-12-2021 10:28:58.0169 AM
[ReportManager] API Action [GetResponseJSONValue] successfully performed. With the following test data [body]. @01-12-2021 10:28:58.0195 AM
[ReportManager] Assertion [ValidateEquals] PASSED. Expected [qui neque nisi nulla] and Actual [est rerum tempore vitae
sequi sint nihil reprehenderit dolor beatae ea dolores neque
fugiat blanditiis voluptate porro vel nihil molestiae ut reiciendis
qui aperiam non debitis possimus qui neque nisi nulla]. Comparison Type [CONTAINS]. Validation Type [POSITIVE]. @01-12-2021 10:28:58.0196 AM
[ReportManager] API Action [GetResponseJSONValue] successfully performed. With the following test data [title]. @01-12-2021 10:28:58.0231 AM
[ReportManager] API Action [GetResponseJSONValue] successfully performed. With the following test data [title]. @01-12-2021 10:28:58.0264 AM
[ReportManager] API Action [GetResponseJSONValue] successfully performed. With the following test data [title]. @01-12-2021 10:28:58.0288 AM
[ReportManager] API Action [GetResponseJSONValue] successfully performed. With the following test data [title]. @01-12-2021 10:28:58.0313 AM
[ReportManager] API Action [GetResponseJSONValue] successfully performed. With the following test data [title]. @01-12-2021 10:28:58.0338 AM
[ReportManager] API Action [GetResponseJSONValue] successfully performed. With the following test data [title]. @01-12-2021 10:28:58.0360 AM
[ReportManager] API Action [GetResponseJSONValue] successfully performed. With the following test data [title]. @01-12-2021 10:28:58.0384 AM
[ReportManager] API Action [GetResponseJSONValue] successfully performed. With the following test data [title]. @01-12-2021 10:28:58.0410 AM
[ReportManager] API Action [GetResponseJSONValue] successfully performed. With the following test data [title]. @01-12-2021 10:28:58.0434 AM
[ReportManager] API Action [GetResponseJSONValue] successfully performed. With the following test data [title]. @01-12-2021 10:28:58.0452 AM
[ReportManager] API Action [GetResponseJSONValue] successfully performed. With the following test data [title]. @01-12-2021 10:28:58.0482 AM
[ReportManager] API Action [GetResponseJSONValue] successfully performed. With the following test data [title]. @01-12-2021 10:28:58.0506 AM
[ReportManager] API Action [GetResponseJSONValue] successfully performed. With the following test data [title]. @01-12-2021 10:28:58.0554 AM
[ReportManager] API Action [GetResponseJSONValue] successfully performed. With the following test data [title]. @01-12-2021 10:28:58.0597 AM
[ReportManager] API Action [GetResponseJSONValue] successfully performed. With the following test data [title]. @01-12-2021 10:28:58.0616 AM
[ReportManager] API Action [GetResponseJSONValue] successfully performed. With the following test data [title]. @01-12-2021 10:28:58.0635 AM
[ReportManager] API Action [GetResponseJSONValue] successfully performed. With the following test data [title]. @01-12-2021 10:28:58.0657 AM
[ReportManager] API Action [GetResponseJSONValue] successfully performed. With the following test data [title]. @01-12-2021 10:28:58.0680 AM
[ReportManager] API Action [GetResponseJSONValue] successfully performed. With the following test data [title]. @01-12-2021 10:28:58.0702 AM
[ReportManager] API Action [GetResponseJSONValue] successfully performed. With the following test data [title]. @01-12-2021 10:28:58.0722 AM
[ReportManager] API Action [GetResponseJSONValue] successfully performed. With the following test data [title]. @01-12-2021 10:28:58.0745 AM
[ReportManager] API Action [GetResponseJSONValue] successfully performed. With the following test data [title]. @01-12-2021 10:28:58.0788 AM
[ReportManager] API Action [GetResponseJSONValue] successfully performed. With the following test data [title]. @01-12-2021 10:28:58.0802 AM
[ReportManager] API Action [GetResponseJSONValue] successfully performed. With the following test data [title]. @01-12-2021 10:28:58.0818 AM
[ReportManager] API Action [GetResponseJSONValue] successfully performed. With the following test data [title]. @01-12-2021 10:28:58.0834 AM
[ReportManager] API Action [GetResponseJSONValue] successfully performed. With the following test data [title]. @01-12-2021 10:28:58.0848 AM
[ReportManager] API Action [GetResponseJSONValue] successfully performed. With the following test data [title]. @01-12-2021 10:28:58.0862 AM
[ReportManager] API Action [GetResponseJSONValue] successfully performed. With the following test data [title]. @01-12-2021 10:28:58.0877 AM
[ReportManager] API Action [GetResponseJSONValue] successfully performed. With the following test data [title]. @01-12-2021 10:28:58.0892 AM
[ReportManager] API Action [GetResponseJSONValue] successfully performed. With the following test data [title]. @01-12-2021 10:28:58.0905 AM
[ReportManager] API Action [GetResponseJSONValue] successfully performed. With the following test data [title]. @01-12-2021 10:28:58.0922 AM
[ReportManager] API Action [GetResponseJSONValue] successfully performed. With the following test data [title]. @01-12-2021 10:28:58.0945 AM
[ReportManager] API Action [GetResponseJSONValue] successfully performed. With the following test data [title]. @01-12-2021 10:28:58.0959 AM
[ReportManager] API Action [GetResponseJSONValue] successfully performed. With the following test data [title]. @01-12-2021 10:28:58.0971 AM
[ReportManager] API Action [GetResponseJSONValue] successfully performed. With the following test data [title]. @01-12-2021 10:28:58.0985 AM
[ReportManager] API Action [GetResponseJSONValue] successfully performed. With the following test data [title]. @01-12-2021 10:28:59.0000 AM
[ReportManager] API Action [GetResponseJSONValue] successfully performed. With the following test data [title]. @01-12-2021 10:28:59.0014 AM
[ReportManager] API Action [GetResponseJSONValue] successfully performed. With the following test data [title]. @01-12-2021 10:28:59.0029 AM
[ReportManager] API Action [GetResponseJSONValue] successfully performed. With the following test data [title]. @01-12-2021 10:28:59.0042 AM
[ReportManager] API Action [GetResponseJSONValue] successfully performed. With the following test data [title]. @01-12-2021 10:28:59.0055 AM
[ReportManager] API Action [GetResponseJSONValue] successfully performed. With the following test data [title]. @01-12-2021 10:28:59.0069 AM
[ReportManager] API Action [GetResponseJSONValue] successfully performed. With the following test data [title]. @01-12-2021 10:28:59.0080 AM
[ReportManager] API Action [GetResponseJSONValue] successfully performed. With the following test data [title]. @01-12-2021 10:28:59.0091 AM
[ReportManager] API Action [GetResponseJSONValue] successfully performed. With the following test data [title]. @01-12-2021 10:28:59.0110 AM
[ReportManager] API Action [GetResponseJSONValue] successfully performed. With the following test data [title]. @01-12-2021 10:28:59.0124 AM
[ReportManager] API Action [GetResponseJSONValue] successfully performed. With the following test data [title]. @01-12-2021 10:28:59.0136 AM
[ReportManager] API Action [GetResponseJSONValue] successfully performed. With the following test data [title]. @01-12-2021 10:28:59.0149 AM
[ReportManager] API Action [GetResponseJSONValue] successfully performed. With the following test data [title]. @01-12-2021 10:28:59.0166 AM
[ReportManager] API Action [GetResponseJSONValue] successfully performed. With the following test data [title]. @01-12-2021 10:28:59.0179 AM
[ReportManager] API Action [GetResponseJSONValue] successfully performed. With the following test data [title]. @01-12-2021 10:28:59.0192 AM
[ReportManager] API Action [GetResponseJSONValue] successfully performed. With the following test data [title]. @01-12-2021 10:28:59.0205 AM
[ReportManager] API Action [GetResponseJSONValue] successfully performed. With the following test data [title]. @01-12-2021 10:28:59.0219 AM
[ReportManager] API Action [GetResponseJSONValue] successfully performed. With the following test data [title]. @01-12-2021 10:28:59.0234 AM
[ReportManager] API Action [GetResponseJSONValue] successfully performed. With the following test data [title]. @01-12-2021 10:28:59.0246 AM
[ReportManager] API Action [GetResponseJSONValue] successfully performed. With the following test data [title]. @01-12-2021 10:28:59.0260 AM
[ReportManager] API Action [GetResponseJSONValue] successfully performed. With the following test data [title]. @01-12-2021 10:28:59.0273 AM
[ReportManager] API Action [GetResponseJSONValue] successfully performed. With the following test data [title]. @01-12-2021 10:28:59.0284 AM
[ReportManager] API Action [GetResponseJSONValue] successfully performed. With the following test data [title]. @01-12-2021 10:28:59.0298 AM
[ReportManager] API Action [GetResponseJSONValue] successfully performed. With the following test data [title]. @01-12-2021 10:28:59.0313 AM
[ReportManager] API Action [GetResponseJSONValue] successfully performed. With the following test data [title]. @01-12-2021 10:28:59.0348 AM
[ReportManager] API Action [GetResponseJSONValue] successfully performed. With the following test data [title]. @01-12-2021 10:28:59.0360 AM
[ReportManager] API Action [GetResponseJSONValue] successfully performed. With the following test data [title]. @01-12-2021 10:28:59.0374 AM
[ReportManager] API Action [GetResponseJSONValue] successfully performed. With the following test data [title]. @01-12-2021 10:28:59.0387 AM
[ReportManager] API Action [GetResponseJSONValue] successfully performed. With the following test data [title]. @01-12-2021 10:28:59.0400 AM
[ReportManager] API Action [GetResponseJSONValue] successfully performed. With the following test data [title]. @01-12-2021 10:28:59.0413 AM
[ReportManager] API Action [GetResponseJSONValue] successfully performed. With the following test data [title]. @01-12-2021 10:28:59.0425 AM
[ReportManager] API Action [GetResponseJSONValue] successfully performed. With the following test data [title]. @01-12-2021 10:28:59.0436 AM
[ReportManager] API Action [GetResponseJSONValue] successfully performed. With the following test data [title]. @01-12-2021 10:28:59.0449 AM
[ReportManager] API Action [GetResponseJSONValue] successfully performed. With the following test data [title]. @01-12-2021 10:28:59.0462 AM
[ReportManager] API Action [GetResponseJSONValue] successfully performed. With the following test data [title]. @01-12-2021 10:28:59.0478 AM
[ReportManager] API Action [GetResponseJSONValue] successfully performed. With the following test data [title]. @01-12-2021 10:28:59.0491 AM
[ReportManager] API Action [GetResponseJSONValue] successfully performed. With the following test data [title]. @01-12-2021 10:28:59.0507 AM
[ReportManager] API Action [GetResponseJSONValue] successfully performed. With the following test data [title]. @01-12-2021 10:28:59.0523 AM
[ReportManager] API Action [GetResponseJSONValue] successfully performed. With the following test data [title]. @01-12-2021 10:28:59.0536 AM
[ReportManager] API Action [GetResponseJSONValue] successfully performed. With the following test data [title]. @01-12-2021 10:28:59.0548 AM
[ReportManager] API Action [GetResponseJSONValue] successfully performed. With the following test data [title]. @01-12-2021 10:28:59.0560 AM
[ReportManager] API Action [GetResponseJSONValue] successfully performed. With the following test data [title]. @01-12-2021 10:28:59.0575 AM
[ReportManager] API Action [GetResponseJSONValue] successfully performed. With the following test data [title]. @01-12-2021 10:28:59.0589 AM
[ReportManager] API Action [GetResponseJSONValue] successfully performed. With the following test data [title]. @01-12-2021 10:28:59.0602 AM
[ReportManager] API Action [GetResponseJSONValue] successfully performed. With the following test data [title]. @01-12-2021 10:28:59.0614 AM
[ReportManager] API Action [GetResponseJSONValue] successfully performed. With the following test data [title]. @01-12-2021 10:28:59.0627 AM
[ReportManager] API Action [GetResponseJSONValue] successfully performed. With the following test data [title]. @01-12-2021 10:28:59.0646 AM
[ReportManager] API Action [GetResponseJSONValue] successfully performed. With the following test data [title]. @01-12-2021 10:28:59.0662 AM
[ReportManager] API Action [GetResponseJSONValue] successfully performed. With the following test data [title]. @01-12-2021 10:28:59.0677 AM
[ReportManager] API Action [GetResponseJSONValue] successfully performed. With the following test data [title]. @01-12-2021 10:28:59.0692 AM
[ReportManager] API Action [GetResponseJSONValue] successfully performed. With the following test data [title]. @01-12-2021 10:28:59.0708 AM
[ReportManager] API Action [GetResponseJSONValue] successfully performed. With the following test data [title]. @01-12-2021 10:28:59.0723 AM
[ReportManager] API Action [GetResponseJSONValue] successfully performed. With the following test data [title]. @01-12-2021 10:28:59.0735 AM
[ReportManager] API Action [GetResponseJSONValue] successfully performed. With the following test data [title]. @01-12-2021 10:28:59.0749 AM
[ReportManager] API Action [GetResponseJSONValue] successfully performed. With the following test data [title]. @01-12-2021 10:28:59.0761 AM
[ReportManager] API Action [GetResponseJSONValue] successfully performed. With the following test data [title]. @01-12-2021 10:28:59.0777 AM
[ReportManager] API Action [GetResponseJSONValue] successfully performed. With the following test data [title]. @01-12-2021 10:28:59.0792 AM
[ReportManager] API Action [GetResponseJSONValue] successfully performed. With the following test data [title]. @01-12-2021 10:28:59.0804 AM
[ReportManager] API Action [GetResponseJSONValue] successfully performed. With the following test data [title]. @01-12-2021 10:28:59.0816 AM
[ReportManager] API Action [GetResponseJSONValue] successfully performed. With the following test data [title]. @01-12-2021 10:28:59.0827 AM
[ReportManager] API Action [GetResponseJSONValue] successfully performed. With the following test data [title]. @01-12-2021 10:28:59.0839 AM
[ReportManager] API Action [GetResponseJSONValue] successfully performed. With the following test data [title]. @01-12-2021 10:28:59.0852 AM
[ReportManager] API Action [GetResponseJSONValue] successfully performed. With the following test data [title]. @01-12-2021 10:28:59.0864 A

################################################################################################################################################
Starting Execution:	[68 out of 146] test cases in the current suite
Test Method:		[unitTests.tests_restActions.validateUserEmail]
################################################################################################################################################
[ReportManager] Response status code: [200], status line: [HTTP/1.1 200 OK] @01-12-2021 10:29:00.0063 AM
[ReportManager] Assertion Passed: Evaluating the actual response status code against the expected one... @01-12-2021 10:29:00.0064 AM
[ReportManager] Assertion [ValidateComparativeRelation] PASSED. Expected [200] and Actual [200]. Comparison Type [EQUALS]. Validation Type [POSITIVE]. @01-12-2021 10:29:00.0064 AM
[ReportManager] API Action [PerformRequest] successfully performed. With the following test data [Request Type: "GET" | Target Status Code: "200" | Service URL: "https://jsonplaceholder.typicode.com/users" | Content Type: "*/*" | Response Time: "107ms"]. @01-12-2021 10:29:00.0086 AM
[ReportManager] Successfully created attachment [API Request - Specifications] @01-12-2021 10:29:00.0128 AM
[ReportManager] Successfully created attachment [API Response - JSON Body] @01-12-2021 10:29:00.0209 AM
[ReportManager] Assertion [ValidateEquals] PASSED. Expected and Actual values are attached. Comparison Type [CONTAINS]. Validation Type [POSITIVE]. @01-12-2021 10:29:00.0210 AM
[ReportManager] Successfully created attachment [Validation Test Data - Expected Value] @01-12-2021 10:29:00.0292 AM
[ReportManager] Successfully created attachment [Validation Test Data - Actual Value] @01-12-2021 10:29:00.0333 AM
[ReportManager] API Action [GetResponseJSONValueAsList] successfully performed. With the following test data [$]. @01-12-2021 10:29:00.0342 AM
[ReportManager] API Action [GetResponseJSONValue] successfully performed. With the following test data [name]. @01-12-2021 10:29:00.0355 AM
[ReportManager] API Action [GetResponseJSONValue] successfully performed. With the following test data [email]. @01-12-2021 10:29:00.0368 AM
[ReportManager] Assertion [ValidateEquals] PASSED. Expected [Sincere@april.biz] and Actual [Sincere@april.biz]. Comparison Type [EQUALS]. Validation Type [POSITIVE]. @01-12-2021 10:29:00.0368 AM
[ReportManager] API Action [GetResponseJSONValue] successfully performed. With the following test data [name]. @01-12-2021 10:29:00.0382 AM
[ReportManager] API Action [GetResponseJSONValue] successfully performed. With the following test data [name]. @01-12-2021 10:29:00.0397 AM
[ReportManager] API Action [GetResponseJSONValue] successfully performed. With the following test data [name]. @01-12-2021 10:29:00.0409 AM
[ReportManager] API Action [GetResponseJSONValue] successfully performed. With the following test data [name]. @01-12-2021 10:29:00.0425 AM
[ReportManager] API Action [GetResponseJSONValue] successfully performed. With the following test data [name]. @01-12-2021 10:29:00.0438 AM
[ReportManager] API Action [GetResponseJSONValue] successfully performed. With the following test data [name]. @01-12-2021 10:29:00.0450 AM
[ReportManager] API Action [GetResponseJSONValue] successfully performed. With the following test data [name]. @01-12-2021 10:29:00.0464 AM
[ReportManager] API Action [GetResponseJSONValue] successfully performed. With the following test data [name]. @01-12-2021 10:29:00.0479 AM
[ReportManager] API Action [GetResponseJSONValue] successfully performed. With the following test data [name]. @01-12-2021 10:29:00.0494 A
[ReportManager] File Action [GetAbsolutePath] successfully performed. With the following test data [Relative Folder Path: "target/downloadedFiles/"]. @01-12-2021 10:29:00.0619 AM
[ReportManager] Attempting to run locally on: [Mac-64], [Safari], Headless Execution. @01-12-2021 10:29:00.0620 AM
[ReportManager] Successfully Opened Safari. @01-12-2021 10:29:01.0545 AM
[ReportManager] Initial window size: (800, 600) @01-12-2021 10:29:01.0564 AM
[ReportManager] Window size after SWD Maximize: (1176, 803) @01-12-2021 10:29:01.0585 AM
[ReportManager] Browser Action [MaximizeWindow] successfully performed. With the following test data [New screen size is now: (1176, 803)]. @01-12-2021 10:29:01.0585 A

################################################################################################################################################
Starting Execution:	[69 out of 146] test cases in the current suite
Test Method:		[testPackage01.Test_uploadFile.uploadFile_invisibleUploadInput]
################################################################################################################################################
[ReportManager] Target URL: [https://fineuploader.com/demos.html#gallery-view] @01-12-2021 10:29:01.0714 AM
[ReportManager] Initial URL: [] @01-12-2021 10:29:01.0764 AM
[ReportManager] Browser Action [NavigateToURL] successfully performed. With the following test data [https://fineuploader.com/demos.html#gallery-view]. @01-12-2021 10:29:03.0840 AM
[ReportManager] File Action [GetAbsolutePath] successfully performed. With the following test data [Relative File Path: "src/main/resources/images/shaft.png"]. @01-12-2021 10:29:03.0841 AM
[ReportManager] Successfully created attachment [File Action Actual Result - Command Log] @01-12-2021 10:29:03.0883 AM
[ReportManager] Element Action [TypeFileLocationForUpload] successfully performed. With the following test data [/Users/runner/work/SHAFT_ENGINE/SHAFT_ENGINE/src/main/resources/images/shaft.png]. @01-12-2021 10:29:03.0951 AM
[ReportManager] Attempting to getAttribute [src] from elementLocator [By.xpath: //div[@id='fine-uploader-gallery']//div[@class='qq-thumbnail-wrapper']/img]. @01-12-2021 10:29:03.0953 AM
[ReportManager] Element Action [GetAttribute] successfully performed. @01-12-2021 10:29:04.0080 AM
[ReportManager] Successfully created attachment [Element Action Test Data - GetAttribute - Actual Value] @01-12-2021 10:29:04.0083 AM
[ReportManager] Loaded Shared OpenCV @01-12-2021 10:29:04.0198 AM
[ReportManager] Assertion Passed: Then I Assert that the element found by [By.xpath: //div[@id='fine-uploader-gallery']//div[@class='qq-thumbnail-wrapper']/img] attribute [src] contains [data:image/png;base64]. @01-12-2021 10:29:04.0360 AM
[ReportManager] Successfully created attachment [Validation Test Data - Expected Value] @01-12-2021 10:29:04.0361 AM
[ReportManager] Successfully created attachment [Validation Test Data - Actual Value] @01-12-2021 10:29:04.0361 AM
[ReportManager] Successfully created attachment [Screenshot - 1638354544198_uploadFile_invisibleUploadInput_ValidateElementAttribute_passed] @01-12-2021 10:29:04.0363 AM
[ReportManager] Assertion [ValidateElementAttribute] PASSED. Expected and Actual values are attached. Comparison Type [CONTAINS]. Validation Type [POSITIVE]. @01-12-2021 10:29:04.0363 A
[ReportManager] Browser Action [CloseCurrentWindow] successfully performed. @01-12-2021 10:29:04.0706 AM
[ReportManager] Successfully created attachment [Browser Action Test Data - CloseCurrentWindow - Actual Value] @01-12-2021 10:29:04.0737 A
[ReportManager] File Action [GetAbsolutePath] successfully performed. With the following test data [Relative Folder Path: "target/downloadedFiles/"]. @01-12-2021 10:29:04.0742 AM
[ReportManager] Attempting to run locally on: [Mac-64], [Safari], Headless Execution. @01-12-2021 10:29:04.0742 AM
[ReportManager] Successfully Opened Safari. @01-12-2021 10:29:05.0894 AM
[ReportManager] Initial window size: (800, 600) @01-12-2021 10:29:05.0910 AM
[ReportManager] Window size after SWD Maximize: (1176, 803) @01-12-2021 10:29:05.0963 AM
[ReportManager] Browser Action [MaximizeWindow] successfully performed. With the following test data [New screen size is now: (1176, 803)]. @01-12-2021 10:29:05.0963 A

################################################################################################################################################
Starting Execution:	[70 out of 146] test cases in the current suite
Test Method:		[testPackage01.Test_uploadFile.uploadFile_visibleUploadInput]
################################################################################################################################################
[ReportManager] Target URL: [http://demo.guru99.com/test/upload/] @01-12-2021 10:29:06.0090 AM
[ReportManager] Initial URL: [] @01-12-2021 10:29:06.0142 AM
[ReportManager] Browser Action [NavigateToURL] successfully performed. With the following test data [http://demo.guru99.com/test/upload/]. @01-12-2021 10:29:09.0949 AM
[ReportManager] File Action [GetAbsolutePath] successfully performed. With the following test data [Relative Folder Path: "src/main/resources/images/shaft.png"]. @01-12-2021 10:29:09.0949 AM
[ReportManager] Element Action [TypeFileLocationForUpload] successfully performed. With the following test data [/Users/runner/work/SHAFT_ENGINE/SHAFT_ENGINE/src/main/resources/images/shaft.png]. @01-12-2021 10:29:10.0033 AM
[ReportManager] Element Action [Click] successfully performed. With the following test data [By.id: terms]. @01-12-2021 10:29:10.0354 AM
[ReportManager] Element Action [Click] successfully performed. With the following test data [By.id: submitbutton]. @01-12-2021 10:29:10.0740 AM
[ReportManager] Element Action [GetText] successfully performed. With the following test data [1 file has been successfully uploaded.]. @01-12-2021 10:29:11.0329 AM
[ReportManager] Loaded Shared OpenCV @01-12-2021 10:29:11.0394 AM
[ReportManager] Assertion Passed: Then I Assert that the element found by [By.id: res] attribute [Text] contains [1 file]. @01-12-2021 10:29:11.0708 AM
[ReportManager] Successfully created attachment [Screenshot - 1638354551394_uploadFile_visibleUploadInput_ValidateElementAttribute_passed] @01-12-2021 10:29:11.0791 AM
[ReportManager] Assertion [ValidateElementAttribute] PASSED. Expected [Value Should be '1 file' for the 'Text' attribute, element locator 'By.id: res'] and Actual [1 file has been successfully uploaded.]. Comparison Type [CONTAINS]. Validation Type [POSITIVE]. @01-12-2021 10:29:11.0791 A
[ReportManager] Browser Action [CloseCurrentWindow] successfully performed. @01-12-2021 10:29:12.0129 AM
[ReportManager] Successfully created attachment [Browser Action Test Data - CloseCurrentWindow - Actual Value] @01-12-2021 10:29:12.0169 A

################################################################################################################################################
Starting Execution:	[71 out of 146] test cases in the current suite
Test Method:		[testPackage01.Test_AssertApiResponseEquals.assertApiResponseEquals_expectedToPass]
################################################################################################################################################
[ReportManager] Response status code: [200], status line: [HTTP/1.1 200 OK] @01-12-2021 10:29:12.0416 AM
[ReportManager] Assertion Passed: Evaluating the actual response status code against the expected one... @01-12-2021 10:29:12.0417 AM
[ReportManager] Assertion [ValidateComparativeRelation] PASSED. Expected [200] and Actual [200]. Comparison Type [EQUALS]. Validation Type [POSITIVE]. @01-12-2021 10:29:12.0417 AM
[ReportManager] API Action [PerformRequest] successfully performed. With the following test data [Request Type: "GET" | Target Status Code: "200" | Service URL: "https://jsonplaceholder.typicode.com/users" | Content Type: "*/*" | Response Time: "114ms"]. @01-12-2021 10:29:12.0447 AM
[ReportManager] Successfully created attachment [API Request - Specifications] @01-12-2021 10:29:12.0489 AM
[ReportManager] Successfully created attachment [API Response - JSON Body] @01-12-2021 10:29:12.0530 AM
[ReportManager] API Action [GetResponseJSONValueAsList] successfully performed. With the following test data [$]. @01-12-2021 10:29:12.0539 AM
[ReportManager] API Action [GetResponseJSONValue] successfully performed. With the following test data [name]. @01-12-2021 10:29:12.0552 AM
[ReportManager] API Action [GetResponseJSONValue] successfully performed. With the following test data [email]. @01-12-2021 10:29:12.0565 AM
[ReportManager] Verification [ValidateEquals] PASSED. Expected [Sincere@april.biz] and Actual [Sincere@april.biz]. Comparison Type [EQUALS]. Validation Type [POSITIVE]. @01-12-2021 10:29:12.0566 AM
[ReportManager] API Action [GetResponseJSONValue] successfully performed. With the following test data [username]. @01-12-2021 10:29:12.0578 AM
[ReportManager] Assertion [ValidateEquals] PASSED. Expected [Bret] and Actual [Bret]. Comparison Type [EQUALS]. Validation Type [POSITIVE]. @01-12-2021 10:29:12.0578 AM
[ReportManager] API Action [GetResponseJSONValue] successfully performed. With the following test data [name]. @01-12-2021 10:29:12.0590 AM
[ReportManager] API Action [GetResponseJSONValue] successfully performed. With the following test data [name]. @01-12-2021 10:29:12.0603 AM
[ReportManager] API Action [GetResponseJSONValue] successfully performed. With the following test data [name]. @01-12-2021 10:29:12.0614 AM
[ReportManager] API Action [GetResponseJSONValue] successfully performed. With the following test data [name]. @01-12-2021 10:29:12.0625 AM
[ReportManager] API Action [GetResponseJSONValue] successfully performed. With the following test data [name]. @01-12-2021 10:29:12.0642 AM
[ReportManager] API Action [GetResponseJSONValue] successfully performed. With the following test data [name]. @01-12-2021 10:29:12.0653 AM
[ReportManager] API Action [GetResponseJSONValue] successfully performed. With the following test data [name]. @01-12-2021 10:29:12.0667 AM
[ReportManager] API Action [GetResponseJSONValue] successfully performed. With the following test data [name]. @01-12-2021 10:29:12.0678 AM
[ReportManager] API Action [GetResponseJSONValue] successfully performed. With the following test data [name]. @01-12-2021 10:29:12.0691 A

################################################################################################################################################
Starting Execution:	[72 out of 146] test cases in the current suite
Test Method:		[testPackage01.Test_testData.f]
################################################################################################################################################
[ReportManager] Successfully loaded the following test data file [src/test/resources/testDataFiles/testSuite01/TestData.xlsx]. @01-12-2021 10:29:12.0857 AM
[ReportManager] Successfully created attachment [Test Data - Excel] @01-12-2021 10:29:12.0939 AM
[ReportManager] Last Column Number is: [3]. Zero-based. @01-12-2021 10:29:12.0940 A

################################################################################################################################################
Starting Execution:	[73 out of 146] test cases in the current suite
Test Method:		[testPackage01.Test_PDF.testPDF1]
################################################################################################################################################
[ReportManager] File Action [DoesFileExist] successfully performed. With the following test data [File Path: "src/test/resources/testDataFiles/sample.pdf"]. @01-12-2021 10:29:13.0069 AM
[ReportManager] File Action [GetAbsolutePath] successfully performed. With the following test data [Relative Folder Path: "src/test/resources/testDataFiles/sample.pdf"]. @01-12-2021 10:29:13.0070 AM
[ReportManager] Assertion Passed: Checking to see that the pdf file contains [A Simple PDF File] @01-12-2021 10:31:14.0432 AM
[ReportManager] Successfully created attachment [Validation Test Data - Expected Value] @01-12-2021 10:31:14.0474 AM
[ReportManager] Successfully created attachment [Validation Test Data - Actual Value] @01-12-2021 10:31:14.0556 AM
[ReportManager] Assertion [ValidateEquals] PASSED. Expected and Actual values are attached. Comparison Type [CONTAINS]. Validation Type [POSITIVE]. @01-12-2021 10:31:14.0556 A

################################################################################################################################################
Starting Execution:	[74 out of 146] test cases in the current suite
Test Method:		[testPackage01.Test_PDF.testPDF2]
################################################################################################################################################
[ReportManager] File Action [DoesFileExist] successfully performed. With the following test data [File Path: "src/test/resources/testDataFiles/sample.pdf"]. @01-12-2021 10:31:14.0875 AM
[ReportManager] File Action [GetAbsolutePath] successfully performed. With the following test data [Relative Folder Path: "src/test/resources/testDataFiles/sample.pdf"]. @01-12-2021 10:31:14.0876 AM
[ReportManager] Assertion Passed: Checking to see that the pdf file contains [A Simple PDF File] @01-12-2021 10:31:14.0902 AM
[ReportManager] Successfully created attachment [Validation Test Data - Expected Value] @01-12-2021 10:31:14.0950 AM
[ReportManager] Successfully created attachment [Validation Test Data - Actual Value] @01-12-2021 10:31:15.0031 AM
[ReportManager] Assertion [ValidateEquals] PASSED. Expected and Actual values are attached. Comparison Type [CONTAINS]. Validation Type [POSITIVE]. @01-12-2021 10:31:15.0032 A
[ReportManager] File Action [GetAbsolutePath] successfully performed. With the following test data [Relative Folder Path: "target/downloadedFiles/"]. @01-12-2021 10:31:15.0157 AM
[ReportManager] Attempting to run locally on: [Mac-64], [Safari], Headless Execution. @01-12-2021 10:31:15.0157 AM
[ReportManager] Successfully Opened Safari. @01-12-2021 10:31:16.0110 AM
[ReportManager] Initial window size: (800, 600) @01-12-2021 10:31:16.0150 AM
[ReportManager] Window size after SWD Maximize: (1176, 803) @01-12-2021 10:31:16.0192 AM
[ReportManager] Browser Action [MaximizeWindow] successfully performed. With the following test data [New screen size is now: (1176, 803)]. @01-12-2021 10:31:16.0193 A

################################################################################################################################################
Starting Execution:	[75 out of 146] test cases in the current suite
Test Method:		[testPackage01.Test_ShadowDOM.shadowdom]
################################################################################################################################################
[ReportManager] Target URL: [https://mdn.github.io/web-components-examples/popup-info-box-web-component/] @01-12-2021 10:31:16.0317 AM
[ReportManager] Initial URL: [] @01-12-2021 10:31:16.0362 AM
[ReportManager] Browser Action [NavigateToURL] successfully performed. With the following test data [https://mdn.github.io/web-components-examples/popup-info-box-web-component/]. @01-12-2021 10:31:17.0007 AM
[ReportManager] Element Action [Type] successfully performed. With the following test data [Typing into SHADOW DOM...]. @01-12-2021 10:31:17.0603 AM
[ReportManager] Element Action [GetText] successfully performed. With the following test data [Typing into SHADOW DOM...]. @01-12-2021 10:31:17.0680 AM
[ReportManager] Loaded Shared OpenCV @01-12-2021 10:31:17.0744 AM
[ReportManager] Assertion [ValidateElementAttribute] PASSED. Expected [Value Should be 'Typing into SHADOW DOM...' for the 'Text' attribute, element locator 'By.id: cvc'] and Actual [Typing into SHADOW DOM...]. Comparison Type [EQUALS]. Validation Type [POSITIVE]. @01-12-2021 10:31:18.0049 AM
[ReportManager] Successfully created attachment [Screenshot - 1638354677743_shadowdom_ValidateElementAttribute_passed] @01-12-2021 10:31:18.0132 A
[ReportManager] Browser Action [CloseCurrentWindow] successfully performed. @01-12-2021 10:31:18.0644 AM
[ReportManager] Successfully created attachment [Browser Action Test Data - CloseCurrentWindow - Actual Value] @01-12-2021 10:31:18.0686 A
[ReportManager] File Action [GetAbsolutePath] successfully performed. With the following test data [Relative Folder Path: "target/downloadedFiles/"]. @01-12-2021 10:31:18.0852 AM
[ReportManager] Attempting to run locally on: [Mac-64], [Safari], Headless Execution. @01-12-2021 10:31:18.0852 AM
[ReportManager] An Exception Occured with this Message: Could not start a new session. Possible causes are invalid address of the remote server or browser start-up failure.. @01-12-2021 10:31:19.0036 AM
[ReportManager] Successfully created attachment [Exception Stack Trace - org.openqa.selenium.SessionNotCreatedException] @01-12-2021 10:31:19.0125 AM
[ReportManager] Driver Factory Action [createNewLocalDriverInstanceForSafari] failed. With the following test data [Failed to create a session on DESKTOP_SAFARI]. @01-12-2021 10:31:19.0125 A

################################################################################################################################################
Starting Execution:	[76 out of 146] test cases in the current suite
Test Method:		[testPackage01.Test_clipboardActions.typeTextAndCopyPaste]
###############################################################################################################################################


################################################################################################################################################
Starting Execution:	[77 out of 146] test cases in the current suite
Test Method:		[testPackage01.Test_NewValidationHelper.f1]
################################################################################################################################################
[ReportManager] Assertion Passed: Checking valid user data @01-12-2021 10:31:19.0619 AM
[ReportManager] Successfully created attachment [Validation Test Data - Expected Value] @01-12-2021 10:31:19.0736 AM
[ReportManager] Successfully created attachment [Validation Test Data - Actual Value] @01-12-2021 10:31:19.0860 AM
[ReportManager] Assertion [ValidateEquals] PASSED. Expected and Actual values are attached. Comparison Type [EQUALS]. Validation Type [POSITIVE]. @01-12-2021 10:31:19.0860 A
[ReportManager] File Action [GetAbsolutePath] successfully performed. With the following test data [Relative Folder Path: "target/downloadedFiles/"]. @01-12-2021 10:31:20.0107 AM
[ReportManager] Attempting to run locally on: [Mac-64], [Safari], Headless Execution. @01-12-2021 10:31:20.0107 AM
[ReportManager] Successfully Opened Safari. @01-12-2021 10:31:21.0049 AM
[ReportManager] Initial window size: (800, 600) @01-12-2021 10:31:21.0059 AM
[ReportManager] Window size after SWD Maximize: (1176, 803) @01-12-2021 10:31:21.0078 AM
[ReportManager] Browser Action [MaximizeWindow] successfully performed. With the following test data [New screen size is now: (1176, 803)]. @01-12-2021 10:31:21.0079 AM
[ReportManager] Target URL: [https://the-internet.herokuapp.com/] @01-12-2021 10:31:21.0079 AM
[ReportManager] Initial URL: [] @01-12-2021 10:31:21.0147 AM
[ReportManager] Browser Action [NavigateToURL] successfully performed. With the following test data [https://the-internet.herokuapp.com/]. @01-12-2021 10:31:22.0327 A

################################################################################################################################################
Starting Execution:	[78 out of 146] test cases in the current suite
Test Method:		[testPackage01.Test_NewValidationHelper.f10]
################################################################################################################################################
[ReportManager] Loaded Shared OpenCV @01-12-2021 10:31:22.0557 AM
[ReportManager] Assertion [ValidateElementExists] FAILED. Expected [Element Should Exist, locator 'By.tagName: div'] and Actual [Element Exists but is not unique]. Comparison Type [EQUALS]. Validation Type [POSITIVE]. @01-12-2021 10:31:22.0839 AM
[ReportManager] Successfully created attachment [Screenshot - 1638354682557_f10_ValidateElementExists_failed] @01-12-2021 10:31:22.0923 A
[ReportManager] Successfully Closed All Drivers. @01-12-2021 10:31:23.0228 A
[ReportManager] File Action [GetAbsolutePath] successfully performed. With the following test data [Relative Folder Path: "target/downloadedFiles/"]. @01-12-2021 10:31:23.0351 AM
[ReportManager] Attempting to run locally on: [Mac-64], [Safari], Headless Execution. @01-12-2021 10:31:23.0352 AM
[ReportManager] Successfully Opened Safari. @01-12-2021 10:31:24.0349 AM
[ReportManager] Initial window size: (800, 600) @01-12-2021 10:31:24.0371 AM
[ReportManager] Window size after SWD Maximize: (1176, 803) @01-12-2021 10:31:24.0403 AM
[ReportManager] Browser Action [MaximizeWindow] successfully performed. With the following test data [New screen size is now: (1176, 803)]. @01-12-2021 10:31:24.0403 AM
[ReportManager] Target URL: [https://the-internet.herokuapp.com/] @01-12-2021 10:31:24.0403 AM
[ReportManager] Initial URL: [] @01-12-2021 10:31:24.0451 AM
[ReportManager] Browser Action [NavigateToURL] successfully performed. With the following test data [https://the-internet.herokuapp.com/]. @01-12-2021 10:31:25.0989 A

################################################################################################################################################
Starting Execution:	[79 out of 146] test cases in the current suite
Test Method:		[testPackage01.Test_NewValidationHelper.f11]
################################################################################################################################################
[ReportManager] org.openqa.selenium.TimeoutException:
Expected condition failed: waiting for com.shaft.gui.element.ElementActionsHelper$$Lambda$623/0x0000000801137c28@536be6b8 (tried for 5 second(s) with 1000 milliseconds interval)
org.openqa.selenium.support.ui.FluentWait.timeoutException(FluentWait.java:263)
org.openqa.selenium.support.ui.FluentWait.until(FluentWait.java:231)
com.shaft.gui.element.ElementActionsHelper.waitForElementPresence(ElementActionsHelper.java:63)
com.shaft.gui.element.ElementActionsHelper.waitForElementPresence(ElementActionsHelper.java:37)
com.shaft.gui.element.WebDriverElementActions.getMatchingElementsCount(WebDriverElementActions.java:1468)
com.shaft.gui.element.WebDriverElementActions.getElementsCount(WebDriverElementActions.java:559)
com.shaft.gui.element.ElementActions.getElementsCount(ElementActions.java:261)
com.shaft.validation.ValidationsHelper.validateElementExists(ValidationsHelper.java:149)
com.shaft.validation.Assertions.assertElementExists(Assertions.java:118)
testPackage01.Test_NewValidationHelper.f11(Test_NewValidationHelper.java:137)
java.base/jdk.internal.reflect.NativeMethodAccessorImpl.invoke0(Native Method)
java.base/jdk.internal.reflect.NativeMethodAccessorImpl.invoke(NativeMethodAccessorImpl.java:77)
java.base/jdk.internal.reflect.DelegatingMethodAccessorImpl.invoke(DelegatingMethodAccessorImpl.java:43)
java.base/java.lang.reflect.Method.invoke(Method.java:568)
org.testng.internal.MethodInvocationHelper.invokeMethod(MethodInvocationHelper.java:133)
org.testng.internal.TestInvoker.invokeMethod(TestInvoker.java:598)
org.testng.internal.TestInvoker.invokeTestMethod(TestInvoker.java:173)
org.testng.internal.MethodRunner.runInSequence(MethodRunner.java:46)
org.testng.internal.TestInvoker$MethodInvocationAgent.invoke(TestInvoker.java:824)
org.testng.internal.TestInvoker.invokeTestMethods(TestInvoker.java:146)
org.testng.internal.TestMethodWorker.invokeTestMethods(TestMethodWorker.java:146)
org.testng.internal.TestMethodWorker.run(TestMethodWorker.java:128)
java.base/java.util.ArrayList.forEach(ArrayList.java:1511)
org.testng.TestRunner.privateRun(TestRunner.java:794)
org.testng.TestRunner.run(TestRunner.java:596)
org.testng.SuiteRunner.runTest(SuiteRunner.java:377)
org.testng.SuiteRunner.runSequentially(SuiteRunner.java:371)
org.testng.SuiteRunner.privateRun(SuiteRunner.java:332)
org.testng.SuiteRunner.run(SuiteRunner.java:276)
org.testng.SuiteRunnerWorker.runSuite(SuiteRunnerWorker.java:53)
org.testng.SuiteRunnerWorker.run(SuiteRunnerWorker.java:96)
org.testng.TestNG.runSuitesSequentially(TestNG.java:1212)
org.testng.TestNG.runSuitesLocally(TestNG.java:1134)
org.testng.TestNG.runSuites(TestNG.java:1063)
org.testng.TestNG.run(TestNG.java:1031)
org.apache.maven.surefire.testng.TestNGExecutor.run(TestNGExecutor.java:136)
org.apache.maven.surefire.testng.TestNGDirectoryTestSuite.executeMulti(TestNGDirectoryTestSuite.java:193)
org.apache.maven.surefire.testng.TestNGDirectoryTestSuite.execute(TestNGDirectoryTestSuite.java:94)
org.apache.maven.surefire.testng.TestNGProvider.invoke(TestNGProvider.java:145)
org.apache.maven.surefire.booter.ForkedBooter.runSuitesInProcess(ForkedBooter.java:428)
org.apache.maven.surefire.booter.ForkedBooter.execute(ForkedBooter.java:162)
org.apache.maven.surefire.booter.ForkedBooter.run(ForkedBooter.java:562)
org.apache.maven.surefire.booter.ForkedBooter.main(ForkedBooter.java:548)

Caused by: org.openqa.selenium.NoSuchElementException:
For documentation on this error, please visit: https://selenium.dev/exceptions/#no_such_element
Build info: version: '4.1.0', revision: '87802e897b'
System info: host: 'Mac-1638354274763.local', ip: '10.212.9.101', os.name: 'Mac OS X', os.arch: 'x86_64', os.version: '11.5', java.version: '17.0.1'
Driver info: org.openqa.selenium.safari.SafariDriver
Command: [4C5360A7-99C1-44C9-82CA-23490A8412F9, findElement {using=tag name, value=h3}]
Capabilities {acceptInsecureCerts: false, browserName: Safari, browserVersion: 15.1, goog:loggingPrefs: {browser: ALL, client: ALL, driver: ALL, performance: ALL, profiler: ALL, server: ALL}, javascriptEnabled: true, pageLoadStrategy: normal, platform: MAC, platformName: MAC, safari:automaticInspection: false, safari:automaticProfiling: false, safari:diagnose: false, safari:platformBuildVersion: 20G224, safari:platformVersion: 11.6.1, safari:useSimulator: false, setWindowRect: true, strictFileInteractability: false, timeouts: {pageLoad: 30000, script: 30000}, webkit:WebRTC: {DisableICECandidateFiltering: false, DisableInsecureMediaCapture: false}}
Session ID: 4C5360A7-99C1-44C9-82CA-23490A8412F9
jdk.internal.reflect.GeneratedConstructorAccessor70.newInstance(Unknown Source)
java.base/jdk.internal.reflect.DelegatingConstructorAccessorImpl.newInstance(DelegatingConstructorAccessorImpl.java:45)
java.base/java.lang.reflect.Constructor.newInstanceWithCaller(Constructor.java:499)
java.base/java.lang.reflect.Constructor.newInstance(Constructor.java:480)
org.openqa.selenium.remote.codec.w3c.W3CHttpResponseCodec.createException(W3CHttpResponseCodec.java:200)
org.openqa.selenium.remote.codec.w3c.W3CHttpResponseCodec.decode(W3CHttpResponseCodec.java:133)
org.openqa.selenium.remote.codec.w3c.W3CHttpResponseCodec.decode(W3CHttpResponseCodec.java:53)
org.openqa.selenium.remote.HttpCommandExecutor.execute(HttpCommandExecutor.java:184)
org.openqa.selenium.remote.service.DriverCommandExecutor.invokeExecute(DriverCommandExecutor.java:164)
org.openqa.selenium.remote.service.DriverCommandExecutor.execute(DriverCommandExecutor.java:139)
org.openqa.selenium.remote.RemoteWebDriver.execute(RemoteWebDriver.java:559)
org.openqa.selenium.remote.ElementLocation$ElementFinder$2.findElement(ElementLocation.java:162)
org.openqa.selenium.remote.ElementLocation.findElement(ElementLocation.java:60)
org.openqa.selenium.remote.RemoteWebDriver.findElement(RemoteWebDriver.java:383)
org.openqa.selenium.remote.RemoteWebDriver.findElement(RemoteWebDriver.java:375)
com.shaft.gui.element.ElementActionsHelper.lambda$waitForElementPresence$0(ElementActionsHelper.java:71)
org.openqa.selenium.support.ui.FluentWait.until(FluentWait.java:208)
com.shaft.gui.element.ElementActionsHelper.waitForElementPresence(ElementActionsHelper.java:63)
com.shaft.gui.element.ElementActionsHelper.waitForElementPresence(ElementActionsHelper.java:37)
com.shaft.gui.element.WebDriverElementActions.getMatchingElementsCount(WebDriverElementActions.java:1468)
com.shaft.gui.element.WebDriverElementActions.getElementsCount(WebDriverElementActions.java:559)
com.shaft.gui.element.ElementActions.getElementsCount(ElementActions.java:261)
com.shaft.validation.ValidationsHelper.validateElementExists(ValidationsHelper.java:149)
com.shaft.validation.Assertions.assertElementExists(Assertions.java:118)
testPackage01.Test_NewValidationHelper.f11(Test_NewValidationHelper.java:137)
java.base/jdk.internal.reflect.NativeMethodAccessorImpl.invoke0(Native Method)
java.base/jdk.internal.reflect.NativeMethodAccessorImpl.invoke(NativeMethodAccessorImpl.java:77)
java.base/jdk.internal.reflect.DelegatingMethodAccessorImpl.invoke(DelegatingMethodAccessorImpl.java:43)
java.base/java.lang.reflect.Method.invoke(Method.java:568)
org.testng.internal.MethodInvocationHelper.invokeMethod(MethodInvocationHelper.java:133)
org.testng.internal.TestInvoker.invokeMethod(TestInvoker.java:598)
org.testng.internal.TestInvoker.invokeTestMethod(TestInvoker.java:173)
org.testng.internal.MethodRunner.runInSequence(MethodRunner.java:46)
org.testng.internal.TestInvoker$MethodInvocationAgent.invoke(TestInvoker.java:824)
org.testng.internal.TestInvoker.invokeTestMethods(TestInvoker.java:146)
org.testng.internal.TestMethodWorker.invokeTestMethods(TestMethodWorker.java:146)
org.testng.internal.TestMethodWorker.run(TestMethodWorker.java:128)
java.base/java.util.ArrayList.forEach(ArrayList.java:1511)
org.testng.TestRunner.privateRun(TestRunner.java:794)
org.testng.TestRunner.run(TestRunner.java:596)
org.testng.SuiteRunner.runTest(SuiteRunner.java:377)
org.testng.SuiteRunner.runSequentially(SuiteRunner.java:371)
org.testng.SuiteRunner.privateRun(SuiteRunner.java:332)
org.testng.SuiteRunner.run(SuiteRunner.java:276)
org.testng.SuiteRunnerWorker.runSuite(SuiteRunnerWorker.java:53)
org.testng.SuiteRunnerWorker.run(SuiteRunnerWorker.java:96)
org.testng.TestNG.runSuitesSequentially(TestNG.java:1212)
org.testng.TestNG.runSuitesLocally(TestNG.java:1134)
org.testng.TestNG.runSuites(TestNG.java:1063)
org.testng.TestNG.run(TestNG.java:1031)
org.apache.maven.surefire.testng.TestNGExecutor.run(TestNGExecutor.java:136)
org.apache.maven.surefire.testng.TestNGDirectoryTestSuite.executeMulti(TestNGDirectoryTestSuite.java:193)
org.apache.maven.surefire.testng.TestNGDirectoryTestSuite.execute(TestNGDirectoryTestSuite.java:94)
org.apache.maven.surefire.testng.TestNGProvider.invoke(TestNGProvider.java:145)
org.apache.maven.surefire.booter.ForkedBooter.runSuitesInProcess(ForkedBooter.java:428)
org.apache.maven.surefire.booter.ForkedBooter.execute(ForkedBooter.java:162)
org.apache.maven.surefire.booter.ForkedBooter.run(ForkedBooter.java:562)
org.apache.maven.surefire.booter.ForkedBooter.main(ForkedBooter.java:548) @01-12-2021 10:31:31.0653 AM
[ReportManager] org.openqa.selenium.TimeoutException:
Expected condition failed: waiting for com.shaft.gui.element.ElementActionsHelper$$Lambda$623/0x0000000801137c28@7e30df8b (tried for 5 second(s) with 1000 milliseconds interval)
org.openqa.selenium.support.ui.FluentWait.timeoutException(FluentWait.java:263)
org.openqa.selenium.support.ui.FluentWait.until(FluentWait.java:231)
com.shaft.gui.element.ElementActionsHelper.waitForElementPresence(ElementActionsHelper.java:63)
com.shaft.gui.element.ElementActionsHelper.waitForElementPresence(ElementActionsHelper.java:37)
com.shaft.gui.element.WebDriverElementActions.getMatchingElementsCount(WebDriverElementActions.java:1468)
com.shaft.gui.element.WebDriverElementActions.getElementsCount(WebDriverElementActions.java:559)
com.shaft.gui.element.ElementActions.getElementsCount(ElementActions.java:261)
com.shaft.gui.image.ScreenshotManager.internalCaptureScreenShot(ScreenshotManager.java:394)
com.shaft.gui.image.ScreenshotManager.captureScreenShot(ScreenshotManager.java:141)
com.shaft.validation.ValidationsHelper.reportValidationState(ValidationsHelper.java:823)
com.shaft.validation.ValidationsHelper.pass(ValidationsHelper.java:564)
com.shaft.validation.ValidationsHelper.validateElementExists(ValidationsHelper.java:166)
com.shaft.validation.Assertions.assertElementExists(Assertions.java:118)
testPackage01.Test_NewValidationHelper.f11(Test_NewValidationHelper.java:137)
java.base/jdk.internal.reflect.NativeMethodAccessorImpl.invoke0(Native Method)
java.base/jdk.internal.reflect.NativeMethodAccessorImpl.invoke(NativeMethodAccessorImpl.java:77)
java.base/jdk.internal.reflect.DelegatingMethodAccessorImpl.invoke(DelegatingMethodAccessorImpl.java:43)
java.base/java.lang.reflect.Method.invoke(Method.java:568)
org.testng.internal.MethodInvocationHelper.invokeMethod(MethodInvocationHelper.java:133)
org.testng.internal.TestInvoker.invokeMethod(TestInvoker.java:598)
org.testng.internal.TestInvoker.invokeTestMethod(TestInvoker.java:173)
org.testng.internal.MethodRunner.runInSequence(MethodRunner.java:46)
org.testng.internal.TestInvoker$MethodInvocationAgent.invoke(TestInvoker.java:824)
org.testng.internal.TestInvoker.invokeTestMethods(TestInvoker.java:146)
org.testng.internal.TestMethodWorker.invokeTestMethods(TestMethodWorker.java:146)
org.testng.internal.TestMethodWorker.run(TestMethodWorker.java:128)
java.base/java.util.ArrayList.forEach(ArrayList.java:1511)
org.testng.TestRunner.privateRun(TestRunner.java:794)
org.testng.TestRunner.run(TestRunner.java:596)
org.testng.SuiteRunner.runTest(SuiteRunner.java:377)
org.testng.SuiteRunner.runSequentially(SuiteRunner.java:371)
org.testng.SuiteRunner.privateRun(SuiteRunner.java:332)
org.testng.SuiteRunner.run(SuiteRunner.java:276)
org.testng.SuiteRunnerWorker.runSuite(SuiteRunnerWorker.java:53)
org.testng.SuiteRunnerWorker.run(SuiteRunnerWorker.java:96)
org.testng.TestNG.runSuitesSequentially(TestNG.java:1212)
org.testng.TestNG.runSuitesLocally(TestNG.java:1134)
org.testng.TestNG.runSuites(TestNG.java:1063)
org.testng.TestNG.run(TestNG.java:1031)
org.apache.maven.surefire.testng.TestNGExecutor.run(TestNGExecutor.java:136)
org.apache.maven.surefire.testng.TestNGDirectoryTestSuite.executeMulti(TestNGDirectoryTestSuite.java:193)
org.apache.maven.surefire.testng.TestNGDirectoryTestSuite.execute(TestNGDirectoryTestSuite.java:94)
org.apache.maven.surefire.testng.TestNGProvider.invoke(TestNGProvider.java:145)
org.apache.maven.surefire.booter.ForkedBooter.runSuitesInProcess(ForkedBooter.java:428)
org.apache.maven.surefire.booter.ForkedBooter.execute(ForkedBooter.java:162)
org.apache.maven.surefire.booter.ForkedBooter.run(ForkedBooter.java:562)
org.apache.maven.surefire.booter.ForkedBooter.main(ForkedBooter.java:548)

Caused by: org.openqa.selenium.NoSuchElementException:
For documentation on this error, please visit: https://selenium.dev/exceptions/#no_such_element
Build info: version: '4.1.0', revision: '87802e897b'
System info: host: 'Mac-1638354274763.local', ip: '10.212.9.101', os.name: 'Mac OS X', os.arch: 'x86_64', os.version: '11.5', java.version: '17.0.1'
Driver info: org.openqa.selenium.safari.SafariDriver
Command: [4C5360A7-99C1-44C9-82CA-23490A8412F9, findElement {using=tag name, value=h3}]
Capabilities {acceptInsecureCerts: false, browserName: Safari, browserVersion: 15.1, goog:loggingPrefs: {browser: ALL, client: ALL, driver: ALL, performance: ALL, profiler: ALL, server: ALL}, javascriptEnabled: true, pageLoadStrategy: normal, platform: MAC, platformName: MAC, safari:automaticInspection: false, safari:automaticProfiling: false, safari:diagnose: false, safari:platformBuildVersion: 20G224, safari:platformVersion: 11.6.1, safari:useSimulator: false, setWindowRect: true, strictFileInteractability: false, timeouts: {pageLoad: 30000, script: 30000}, webkit:WebRTC: {DisableICECandidateFiltering: false, DisableInsecureMediaCapture: false}}
Session ID: 4C5360A7-99C1-44C9-82CA-23490A8412F9
jdk.internal.reflect.GeneratedConstructorAccessor70.newInstance(Unknown Source)
java.base/jdk.internal.reflect.DelegatingConstructorAccessorImpl.newInstance(DelegatingConstructorAccessorImpl.java:45)
java.base/java.lang.reflect.Constructor.newInstanceWithCaller(Constructor.java:499)
java.base/java.lang.reflect.Constructor.newInstance(Constructor.java:480)
org.openqa.selenium.remote.codec.w3c.W3CHttpResponseCodec.createException(W3CHttpResponseCodec.java:200)
org.openqa.selenium.remote.codec.w3c.W3CHttpResponseCodec.decode(W3CHttpResponseCodec.java:133)
org.openqa.selenium.remote.codec.w3c.W3CHttpResponseCodec.decode(W3CHttpResponseCodec.java:53)
org.openqa.selenium.remote.HttpCommandExecutor.execute(HttpCommandExecutor.java:184)
org.openqa.selenium.remote.service.DriverCommandExecutor.invokeExecute(DriverCommandExecutor.java:164)
org.openqa.selenium.remote.service.DriverCommandExecutor.execute(DriverCommandExecutor.java:139)
org.openqa.selenium.remote.RemoteWebDriver.execute(RemoteWebDriver.java:559)
org.openqa.selenium.remote.ElementLocation$ElementFinder$2.findElement(ElementLocation.java:162)
org.openqa.selenium.remote.ElementLocation.findElement(ElementLocation.java:60)
org.openqa.selenium.remote.RemoteWebDriver.findElement(RemoteWebDriver.java:383)
org.openqa.selenium.remote.RemoteWebDriver.findElement(RemoteWebDriver.java:375)
com.shaft.gui.element.ElementActionsHelper.lambda$waitForElementPresence$0(ElementActionsHelper.java:71)
org.openqa.selenium.support.ui.FluentWait.until(FluentWait.java:208)
com.shaft.gui.element.ElementActionsHelper.waitForElementPresence(ElementActionsHelper.java:63)
com.shaft.gui.element.ElementActionsHelper.waitForElementPresence(ElementActionsHelper.java:37)
com.shaft.gui.element.WebDriverElementActions.getMatchingElementsCount(WebDriverElementActions.java:1468)
com.shaft.gui.element.WebDriverElementActions.getElementsCount(WebDriverElementActions.java:559)
com.shaft.gui.element.ElementActions.getElementsCount(ElementActions.java:261)
com.shaft.gui.image.ScreenshotManager.internalCaptureScreenShot(ScreenshotManager.java:394)
com.shaft.gui.image.ScreenshotManager.captureScreenShot(ScreenshotManager.java:141)
com.shaft.validation.ValidationsHelper.reportValidationState(ValidationsHelper.java:823)
com.shaft.validation.ValidationsHelper.pass(ValidationsHelper.java:564)
com.shaft.validation.ValidationsHelper.validateElementExists(ValidationsHelper.java:166)
com.shaft.validation.Assertions.assertElementExists(Assertions.java:118)
testPackage01.Test_NewValidationHelper.f11(Test_NewValidationHelper.java:137)
java.base/jdk.internal.reflect.NativeMethodAccessorImpl.invoke0(Native Method)
java.base/jdk.internal.reflect.NativeMethodAccessorImpl.invoke(NativeMethodAccessorImpl.java:77)
java.base/jdk.internal.reflect.DelegatingMethodAccessorImpl.invoke(DelegatingMethodAccessorImpl.java:43)
java.base/java.lang.reflect.Method.invoke(Method.java:568)
org.testng.internal.MethodInvocationHelper.invokeMethod(MethodInvocationHelper.java:133)
org.testng.internal.TestInvoker.invokeMethod(TestInvoker.java:598)
org.testng.internal.TestInvoker.invokeTestMethod(TestInvoker.java:173)
org.testng.internal.MethodRunner.runInSequence(MethodRunner.java:46)
org.testng.internal.TestInvoker$MethodInvocationAgent.invoke(TestInvoker.java:824)
org.testng.internal.TestInvoker.invokeTestMethods(TestInvoker.java:146)
org.testng.internal.TestMethodWorker.invokeTestMethods(TestMethodWorker.java:146)
org.testng.internal.TestMethodWorker.run(TestMethodWorker.java:128)
java.base/java.util.ArrayList.forEach(ArrayList.java:1511)
org.testng.TestRunner.privateRun(TestRunner.java:794)
org.testng.TestRunner.run(TestRunner.java:596)
org.testng.SuiteRunner.runTest(SuiteRunner.java:377)
org.testng.SuiteRunner.runSequentially(SuiteRunner.java:371)
org.testng.SuiteRunner.privateRun(SuiteRunner.java:332)
org.testng.SuiteRunner.run(SuiteRunner.java:276)
org.testng.SuiteRunnerWorker.runSuite(SuiteRunnerWorker.java:53)
org.testng.SuiteRunnerWorker.run(SuiteRunnerWorker.java:96)
org.testng.TestNG.runSuitesSequentially(TestNG.java:1212)
org.testng.TestNG.runSuitesLocally(TestNG.java:1134)
org.testng.TestNG.runSuites(TestNG.java:1063)
org.testng.TestNG.run(TestNG.java:1031)
org.apache.maven.surefire.testng.TestNGExecutor.run(TestNGExecutor.java:136)
org.apache.maven.surefire.testng.TestNGDirectoryTestSuite.executeMulti(TestNGDirectoryTestSuite.java:193)
org.apache.maven.surefire.testng.TestNGDirectoryTestSuite.execute(TestNGDirectoryTestSuite.java:94)
org.apache.maven.surefire.testng.TestNGProvider.invoke(TestNGProvider.java:145)
org.apache.maven.surefire.booter.ForkedBooter.runSuitesInProcess(ForkedBooter.java:428)
org.apache.maven.surefire.booter.ForkedBooter.execute(ForkedBooter.java:162)
org.apache.maven.surefire.booter.ForkedBooter.run(ForkedBooter.java:562)
org.apache.maven.surefire.booter.ForkedBooter.main(ForkedBooter.java:548) @01-12-2021 10:31:37.0129 AM
[ReportManager] Assertion Passed: Checking that false tag doesn't exist @01-12-2021 10:31:37.0271 AM
[ReportManager] Successfully created attachment [Screenshot - 1638354697158_f11_ValidateElementExists_passed] @01-12-2021 10:31:37.0272 AM
[ReportManager] Assertion [ValidateElementExists] PASSED. Expected [Element Should not Exist, locator 'By.tagName: h3'] and Actual [Element Doesn't Exists]. Comparison Type [EQUALS]. Validation Type [NEGATIVE]. @01-12-2021 10:31:37.0272 A
[ReportManager] Successfully Closed All Drivers. @01-12-2021 10:31:37.0623 A
[ReportManager] File Action [GetAbsolutePath] successfully performed. With the following test data [Relative Folder Path: "target/downloadedFiles/"]. @01-12-2021 10:31:37.0626 AM
[ReportManager] Attempting to run locally on: [Mac-64], [Safari], Headless Execution. @01-12-2021 10:31:37.0626 AM
[ReportManager] An Exception Occured with this Message: Could not start a new session. Possible causes are invalid address of the remote server or browser start-up failure.. @01-12-2021 10:31:37.0678 AM
[ReportManager] Successfully created attachment [Exception Stack Trace - org.openqa.selenium.SessionNotCreatedException] @01-12-2021 10:31:37.0679 AM
[ReportManager] Driver Factory Action [createNewLocalDriverInstanceForSafari] failed. With the following test data [Failed to create a session on DESKTOP_SAFARI]. @01-12-2021 10:31:37.0679 A

################################################################################################################################################
Starting Execution:	[80 out of 146] test cases in the current suite
Test Method:		[testPackage01.Test_NewValidationHelper.f12]
###############################################################################################################################################



################################################################################################################################################
Starting Execution:	[81 out of 146] test cases in the current suite
Test Method:		[testPackage01.Test_NewValidationHelper.f13]
###############################################################################################################################################



################################################################################################################################################
Starting Execution:	[82 out of 146] test cases in the current suite
Test Method:		[testPackage01.Test_NewValidationHelper.f14]
###############################################################################################################################################



################################################################################################################################################
Starting Execution:	[83 out of 146] test cases in the current suite
Test Method:		[testPackage01.Test_NewValidationHelper.f15]
###############################################################################################################################################



################################################################################################################################################
Starting Execution:	[84 out of 146] test cases in the current suite
Test Method:		[testPackage01.Test_NewValidationHelper.f16]
###############################################################################################################################################



################################################################################################################################################
Starting Execution:	[85 out of 146] test cases in the current suite
Test Method:		[testPackage01.Test_NewValidationHelper.f17]
###############################################################################################################################################



################################################################################################################################################
Starting Execution:	[86 out of 146] test cases in the current suite
Test Method:		[testPackage01.Test_NewValidationHelper.f18]
###############################################################################################################################################


################################################################################################################################################
Starting Execution:	[87 out of 146] test cases in the current suite
Test Method:		[testPackage01.Test_NewValidationHelper.f2]
###############################################################################################################################################


################################################################################################################################################
Starting Execution:	[88 out of 146] test cases in the current suite
Test Method:		[testPackage01.Test_NewValidationHelper.f20]
###############################################################################################################################################



################################################################################################################################################
Starting Execution:	[89 out of 146] test cases in the current suite
Test Method:		[testPackage01.Test_NewValidationHelper.f21]
###############################################################################################################################################



################################################################################################################################################
Starting Execution:	[90 out of 146] test cases in the current suite
Test Method:		[testPackage01.Test_NewValidationHelper.f22]
###############################################################################################################################################


################################################################################################################################################
Starting Execution:	[91 out of 146] test cases in the current suite
Test Method:		[testPackage01.Test_NewValidationHelper.f23]
###############################################################################################################################################

################################################################################################################################################
Starting Execution:	[92 out of 146] test cases in the current suite
Test Method:		[testPackage01.Test_NewValidationHelper.f24]
###############################################################################################################################################

################################################################################################################################################
Starting Execution:	[93 out of 146] test cases in the current suite
Test Method:		[testPackage01.Test_NewValidationHelper.f25]
###############################################################################################################################################

################################################################################################################################################
Starting Execution:	[94 out of 146] test cases in the current suite
Test Method:		[testPackage01.Test_NewValidationHelper.f26]
###############################################################################################################################################

################################################################################################################################################
Starting Execution:	[95 out of 146] test cases in the current suite
Test Method:		[testPackage01.Test_NewValidationHelper.f27]
###############################################################################################################################################

################################################################################################################################################
Starting Execution:	[96 out of 146] test cases in the current suite
Test Method:		[testPackage01.Test_NewValidationHelper.f28]
###############################################################################################################################################

################################################################################################################################################
Starting Execution:	[97 out of 146] test cases in the current suite
Test Method:		[testPackage01.Test_NewValidationHelper.f29]
###############################################################################################################################################

################################################################################################################################################
Starting Execution:	[98 out of 146] test cases in the current suite
Test Method:		[testPackage01.Test_NewValidationHelper.f3]
###############################################################################################################################################

################################################################################################################################################
Starting Execution:	[99 out of 146] test cases in the current suite
Test Method:		[testPackage01.Test_NewValidationHelper.f30]
###############################################################################################################################################

################################################################################################################################################
Starting Execution:	[100 out of 146] test cases in the current suite
Test Method:		[testPackage01.Test_NewValidationHelper.f31]
###############################################################################################################################################

################################################################################################################################################
Starting Execution:	[101 out of 146] test cases in the current suite
Test Method:		[testPackage01.Test_NewValidationHelper.f32]
###############################################################################################################################################

################################################################################################################################################
Starting Execution:	[102 out of 146] test cases in the current suite
Test Method:		[testPackage01.Test_NewValidationHelper.f33]
###############################################################################################################################################

################################################################################################################################################
Starting Execution:	[103 out of 146] test cases in the current suite
Test Method:		[testPackage01.Test_NewValidationHelper.f34]
###############################################################################################################################################

################################################################################################################################################
Starting Execution:	[104 out of 146] test cases in the current suite
Test Method:		[testPackage01.Test_NewValidationHelper.f35]
###############################################################################################################################################

################################################################################################################################################
Starting Execution:	[105 out of 146] test cases in the current suite
Test Method:		[testPackage01.Test_NewValidationHelper.f36]
###############################################################################################################################################

################################################################################################################################################
Starting Execution:	[106 out of 146] test cases in the current suite
Test Method:		[testPackage01.Test_NewValidationHelper.f37]
###############################################################################################################################################

################################################################################################################################################
Starting Execution:	[107 out of 146] test cases in the current suite
Test Method:		[testPackage01.Test_NewValidationHelper.f3_1]
###############################################################################################################################################

################################################################################################################################################
Starting Execution:	[108 out of 146] test cases in the current suite
Test Method:		[testPackage01.Test_NewValidationHelper.f4]
###############################################################################################################################################

################################################################################################################################################
Starting Execution:	[109 out of 146] test cases in the current suite
Test Method:		[testPackage01.Test_NewValidationHelper.f5]
###############################################################################################################################################

################################################################################################################################################
Starting Execution:	[110 out of 146] test cases in the current suite
Test Method:		[testPackage01.Test_NewValidationHelper.f6]
###############################################################################################################################################

################################################################################################################################################
Starting Execution:	[111 out of 146] test cases in the current suite
Test Method:		[testPackage01.Test_NewValidationHelper.f6_1]
###############################################################################################################################################

################################################################################################################################################
Starting Execution:	[112 out of 146] test cases in the current suite
Test Method:		[testPackage01.Test_NewValidationHelper.f6_2]
###############################################################################################################################################

################################################################################################################################################
Starting Execution:	[113 out of 146] test cases in the current suite
Test Method:		[testPackage01.Test_NewValidationHelper.f7]
###############################################################################################################################################


################################################################################################################################################
Starting Execution:	[114 out of 146] test cases in the current suite
Test Method:		[testPackage01.Test_NewValidationHelper.f8]
###############################################################################################################################################



################################################################################################################################################
Starting Execution:	[115 out of 146] test cases in the current suite
Test Method:		[testPackage01.Test_NewValidationHelper.f9]
###############################################################################################################################################


################################################################################################################################################
Starting Execution:	[116 out of 146] test cases in the current suite
Test Method:		[testPackage01.Test_NewValidationHelper.forceFail]
###############################################################################################################################################

################################################################################################################################################
Starting Execution:	[117 out of 146] test cases in the current suite
Test Method:		[testPackage01.Test_NewValidationHelper.forceFail2]
###############################################################################################################################################

################################################################################################################################################
Starting Execution:	[118 out of 146] test cases in the current suite
Test Method:		[testPackage01.Test_JsonActions.f]
###############################################################################################################################################

################################################################################################################################################
Starting Execution:	[119 out of 146] test cases in the current suite
Test Method:		[testPackage01.Test_JsonActions.f2]
###############################################################################################################################################

################################################################################################################################################
Starting Execution:	[120 out of 146] test cases in the current suite
Test Method:		[testPackage01.Test_sendGraphqlRequest.sendGraphqlRequestUsingMutationAndVariables]
################################################################################################################################################
[ReportManager] GraphQl Request is being Performed with the Following Parameters [Service URL: https://api.spacex.land/graphql | Request Body: {"variables":"{\"name\": \"sherlock holmes\",\"rocket\": \"221B Baker Street\"}","query":"mutation ($name: String, $rocket: String) {\n  insert_users(objects: {name: $name, rocket: $rocket}) {\n    returning {\n      name\n      rocket\n    }\n  }\n}"}] @01-12-2021 10:31:38.0612 AM
[ReportManager] Response status code: [200], status line: [HTTP/1.1 200 OK] @01-12-2021 10:31:39.0543 AM
[ReportManager] Assertion Passed: Evaluating the actual response status code against the expected one... @01-12-2021 10:31:39.0544 AM
[ReportManager] Assertion [ValidateComparativeRelation] PASSED. Expected [200] and Actual [200]. Comparison Type [EQUALS]. Validation Type [POSITIVE]. @01-12-2021 10:31:39.0544 AM
[ReportManager] API Action [PerformRequest] successfully performed. With the following test data [Request Type: "POST" | Target Status Code: "200" | Service URL: "https://api.spacex.land/graphql" | Content Type: "application/json" | Response Time: "626ms"]. @01-12-2021 10:31:39.0579 AM
[ReportManager] Successfully created attachment [API Request - Specifications] @01-12-2021 10:31:39.0580 AM
[ReportManager] Successfully created attachment [API Request - JSON Body] @01-12-2021 10:31:39.0581 AM
[ReportManager] Successfully created attachment [API Response - JSON Body] @01-12-2021 10:31:39.0583 AM
[ReportManager] API Action [GetResponseJSONValue] successfully performed. With the following test data [data.insert_users.returning[0].name]. @01-12-2021 10:31:39.0683 AM
[ReportManager] Assertion [ValidateEquals] PASSED. Expected [sherlock holmes] and Actual [sherlock holmes]. Comparison Type [EQUALS]. Validation Type [POSITIVE]. @01-12-2021 10:31:39.0683 A

################################################################################################################################################
Starting Execution:	[121 out of 146] test cases in the current suite
Test Method:		[testPackage01.Test_sendGraphqlRequest.sendGraphqlRequestUsingQuery]
################################################################################################################################################
[ReportManager] GraphQl Request is being Performed with the Following Parameters [Service URL: https://api.spacex.land/graphql | Request Body: {"query":"{company {ceo}}"}] @01-12-2021 10:31:39.0689 AM
[ReportManager] Response status code: [200], status line: [HTTP/1.1 200 OK] @01-12-2021 10:31:39.0955 AM
[ReportManager] Assertion Passed: Evaluating the actual response status code against the expected one... @01-12-2021 10:31:39.0955 AM
[ReportManager] Assertion [ValidateComparativeRelation] PASSED. Expected [200] and Actual [200]. Comparison Type [EQUALS]. Validation Type [POSITIVE]. @01-12-2021 10:31:39.0956 AM
[ReportManager] API Action [PerformRequest] successfully performed. With the following test data [Request Type: "POST" | Target Status Code: "200" | Service URL: "https://api.spacex.land/graphql" | Content Type: "application/json" | Response Time: "255ms"]. @01-12-2021 10:31:39.0972 AM
[ReportManager] Successfully created attachment [API Request - Specifications] @01-12-2021 10:31:39.0973 AM
[ReportManager] Successfully created attachment [API Request - JSON Body] @01-12-2021 10:31:39.0973 AM
[ReportManager] Successfully created attachment [API Response - JSON Body] @01-12-2021 10:31:39.0974 AM
[ReportManager] API Action [GetResponseJSONValue] successfully performed. With the following test data [data.company.ceo]. @01-12-2021 10:31:39.0992 AM
[ReportManager] Assertion [ValidateEquals] PASSED. Expected [Elon Musk] and Actual [Elon Musk]. Comparison Type [EQUALS]. Validation Type [POSITIVE]. @01-12-2021 10:31:39.0992 A

################################################################################################################################################
Starting Execution:	[122 out of 146] test cases in the current suite
Test Method:		[testPackage01.Test_MatchJsonSchema.checkAPI_ResponseSchema]
################################################################################################################################################
[ReportManager] Response status code: [200], status line: [HTTP/1.1 200 OK] @01-12-2021 10:31:40.0193 AM
[ReportManager] Assertion Passed: Evaluating the actual response status code against the expected one... @01-12-2021 10:31:40.0193 AM
[ReportManager] Assertion [ValidateComparativeRelation] PASSED. Expected [200] and Actual [200]. Comparison Type [EQUALS]. Validation Type [POSITIVE]. @01-12-2021 10:31:40.0194 AM
[ReportManager] API Action [PerformRequest] successfully performed. With the following test data [Request Type: "GET" | Target Status Code: "200" | Service URL: "http://api.zippopotam.us/us/90210" | Content Type: "*/*" | Response Time: "182ms"]. @01-12-2021 10:31:40.0224 AM
[ReportManager] Successfully created attachment [API Request - Specifications] @01-12-2021 10:31:40.0225 AM
[ReportManager] Successfully created attachment [API Response - JSON Body] @01-12-2021 10:31:40.0229 AM
[ReportManager] File Action [GetAbsolutePath] successfully performed. With the following test data [Relative Folder Path: "src/test/resources/testDataFiles/schema.json"]. @01-12-2021 10:31:40.0230 AM
[ReportManager] File Action [GetAbsolutePath] successfully performed. With the following test data [Relative Folder Path: "/Users/runner/work/SHAFT_ENGINE/SHAFT_ENGINE/src/test/resources/testDataFiles/schema.json"]. @01-12-2021 10:31:42.0093 AM
[ReportManager] File Action [ReadFromFile] successfully performed. With the following test data [File Path: "/Users/runner/work/SHAFT_ENGINE/SHAFT_ENGINE/src/test/resources/testDataFiles/schema.json"]. @01-12-2021 10:31:42.0093 AM
[ReportManager] Assertion Passed: Then I Assert that the API response schema matches that in this file [src/test/resources/testDataFiles/schema.json]. @01-12-2021 10:31:42.0095 AM
[ReportManager] Successfully created attachment [Validation Test Data - Expected JSON Value] @01-12-2021 10:31:42.0096 AM
[ReportManager] Successfully created attachment [Validation Test Data - Actual JSON Value] @01-12-2021 10:31:42.0097 AM
[ReportManager] Assertion [ValidateResponseFileSchema] PASSED. Expected [Response data should match the JSON File in this path '/Users/runner/work/SHAFT_ENGINE/SHAFT_ENGINE/src/test/resources/testDataFiles/schema.json'] and Actual [TRUE]. Comparison Type [EQUALS]. Validation Type [POSITIVE]. @01-12-2021 10:31:42.0097 A
[ReportManager] File Action [GetAbsolutePath] successfully performed. With the following test data [Relative Folder Path: "target/downloadedFiles/"]. @01-12-2021 10:31:42.0100 AM
[ReportManager] Attempting to run locally on: [Mac-64], [Safari], Headless Execution. @01-12-2021 10:31:42.0100 AM
[ReportManager] Successfully Opened Safari. @01-12-2021 10:31:43.0010 AM
[ReportManager] Initial window size: (800, 600) @01-12-2021 10:31:43.0035 AM
[ReportManager] Window size after SWD Maximize: (1176, 803) @01-12-2021 10:31:43.0051 AM
[ReportManager] Browser Action [MaximizeWindow] successfully performed. With the following test data [New screen size is now: (1176, 803)]. @01-12-2021 10:31:43.0052 A

################################################################################################################################################
Starting Execution:	[123 out of 146] test cases in the current suite
Test Method:		[testPackage01.Test_dragAndDrop.dragAndDropJquery]
################################################################################################################################################
[ReportManager] Target URL: [https://jqueryui.com/resources/demos/droppable/default.html] @01-12-2021 10:31:43.0060 AM
[ReportManager] Initial URL: [] @01-12-2021 10:31:43.0118 AM
[ReportManager] Browser Action [NavigateToURL] successfully performed. With the following test data [https://jqueryui.com/resources/demos/droppable/default.html]. @01-12-2021 10:31:43.0853 AM
[ReportManager] Element Action [GetText] successfully performed. With the following test data [
	Drop here
]. @01-12-2021 10:31:43.0891 AM
[ReportManager] Element Action [DragAndDrop] successfully performed. With the following test data [Start point: (8, 18), End point: (8, 18)]. @01-12-2021 10:31:45.0034 AM
[ReportManager] Element Action [GetText] successfully performed. With the following test data [
	Dropped!
]. @01-12-2021 10:31:45.0090 AM
[ReportManager] Assertion Passed: Checking to see if the text has changed after performing drag and drop @01-12-2021 10:31:45.0091 AM
[ReportManager] Assertion [ValidateEquals] PASSED. Expected [
	Drop here
] and Actual [
	Dropped!
]. Comparison Type [EQUALS]. Validation Type [NEGATIVE]. @01-12-2021 10:31:45.0091 A
[ReportManager] Browser Action [CloseCurrentWindow] successfully performed. @01-12-2021 10:31:45.0397 AM
[ReportManager] Successfully created attachment [Browser Action Test Data - CloseCurrentWindow - Actual Value] @01-12-2021 10:31:45.0399 A
[ReportManager] File Action [GetAbsolutePath] successfully performed. With the following test data [Relative Folder Path: "target/downloadedFiles/"]. @01-12-2021 10:31:45.0402 AM
[ReportManager] Attempting to run locally on: [Mac-64], [Safari], Headless Execution. @01-12-2021 10:31:45.0402 AM
[ReportManager] Successfully Opened Safari. @01-12-2021 10:31:46.0296 AM
[ReportManager] Initial window size: (800, 600) @01-12-2021 10:31:46.0318 AM
[ReportManager] Window size after SWD Maximize: (1176, 803) @01-12-2021 10:31:46.0370 AM
[ReportManager] Browser Action [MaximizeWindow] successfully performed. With the following test data [New screen size is now: (1176, 803)]. @01-12-2021 10:31:46.0370 A

################################################################################################################################################
Starting Execution:	[124 out of 146] test cases in the current suite
Test Method:		[testPackage01.Test_dragAndDrop.dragAndDrop]
Test Description:	[TC001 - Test Drag and Drop function.]
################################################################################################################################################
[ReportManager] Target URL: [http://the-internet.herokuapp.com/drag_and_drop] @01-12-2021 10:31:46.0373 AM
[ReportManager] Initial URL: [] @01-12-2021 10:31:46.0425 AM
[ReportManager] Browser Action [NavigateToURL] successfully performed. With the following test data [http://the-internet.herokuapp.com/drag_and_drop]. @01-12-2021 10:31:48.0044 AM
[ReportManager] Attempting Drag and Drop @01-12-2021 10:31:48.0045 AM
[ReportManager] Element Action [DragAndDrop] successfully performed. With the following test data [Start point: (120, 89), End point: (335, 89)]. @01-12-2021 10:31:48.0713 A
[ReportManager] Browser Action [CloseCurrentWindow] successfully performed. @01-12-2021 10:31:49.0087 AM
[ReportManager] Successfully created attachment [Browser Action Test Data - CloseCurrentWindow - Actual Value] @01-12-2021 10:31:49.0088 A
[ReportManager] File Action [GetAbsolutePath] successfully performed. With the following test data [Relative Folder Path: "target/downloadedFiles/"]. @01-12-2021 10:31:49.0090 AM
[ReportManager] Attempting to run locally on: [Mac-64], [Safari], Headless Execution. @01-12-2021 10:31:49.0090 AM
[ReportManager] Successfully Opened Safari. @01-12-2021 10:31:49.0944 AM
[ReportManager] Initial window size: (800, 600) @01-12-2021 10:31:49.0972 AM
[ReportManager] Window size after SWD Maximize: (1176, 803) @01-12-2021 10:31:50.0006 AM
[ReportManager] Browser Action [MaximizeWindow] successfully performed. With the following test data [New screen size is now: (1176, 803)]. @01-12-2021 10:31:50.0007 A

################################################################################################################################################
Starting Execution:	[125 out of 146] test cases in the current suite
Test Method:		[testPackage01.Test_dragAndDrop.dragAndDropByOffset]
Test Description:	[TC002 - Test Drag and Drop by offset function.]
################################################################################################################################################
[ReportManager] Target URL: [https://jqueryui.com/resources/demos/draggable/default.html] @01-12-2021 10:31:50.0052 AM
[ReportManager] Initial URL: [] @01-12-2021 10:31:50.0085 AM
[ReportManager] Browser Action [NavigateToURL] successfully performed. With the following test data [https://jqueryui.com/resources/demos/draggable/default.html]. @01-12-2021 10:31:50.0570 AM
[ReportManager] Element Action [DragAndDropByOffset] successfully performed. With the following test data [Start point: (8, 8), End point: (108, 58)]. @01-12-2021 10:31:51.0412 A
[ReportManager] Browser Action [CloseCurrentWindow] successfully performed. @01-12-2021 10:31:51.0667 AM
[ReportManager] Successfully created attachment [Browser Action Test Data - CloseCurrentWindow - Actual Value] @01-12-2021 10:31:51.0668 A
[ReportManager] Successfully loaded the following test data file [src/test/resources/testDataFiles/testSuite01/TestData.xlsx]. @01-12-2021 10:31:51.0706 AM
[ReportManager] Successfully created attachment [Test Data - Excel] @01-12-2021 10:31:51.0707 AM
[ReportManager] File Action [GetAbsolutePath] successfully performed. With the following test data [Relative Folder Path: "target/downloadedFiles/"]. @01-12-2021 10:31:51.0708 AM
[ReportManager] Attempting to run locally on: [Mac-64], [Safari], Headless Execution. @01-12-2021 10:31:51.0708 AM
[ReportManager] Successfully Opened Safari. @01-12-2021 10:31:52.0646 AM
[ReportManager] Initial window size: (800, 600) @01-12-2021 10:31:52.0679 AM
[ReportManager] Window size after SWD Maximize: (1176, 803) @01-12-2021 10:31:52.0713 AM
[ReportManager] Browser Action [MaximizeWindow] successfully performed. With the following test data [New screen size is now: (1176, 803)]. @01-12-2021 10:31:52.0713 A

################################################################################################################################################
Starting Execution:	[126 out of 146] test cases in the current suite
Test Method:		[testPackage01.Test_google.navigateToURLandVerifyGoogleLogoIsDisplayed]
Test Description:	[TC001 - Navigate to URL and Verify Google Logo is Displayed]
################################################################################################################################################
[ReportManager] Target URL: [https://www.google.com/ncr], and after redirection: [https://www.google.com] @01-12-2021 10:31:52.0716 AM
[ReportManager] Initial URL: [] @01-12-2021 10:31:52.0817 AM
[ReportManager] Browser Action [NavigateToURL] successfully performed. With the following test data [https://www.google.com/ncr]. @01-12-2021 10:31:54.0590 AM
[ReportManager] Loaded Shared OpenCV @01-12-2021 10:31:54.0673 AM
[ReportManager] Assertion Passed: Then I Assert that the element found by [By.xpath: //*[@id='hplogo' or @alt='Google']] exists. @01-12-2021 10:31:54.0819 AM
[ReportManager] Successfully created attachment [Screenshot - 1638354714673_navigateToURLandVerifyGoogleLogoIsDisplayed_ValidateElementExists_passed] @01-12-2021 10:31:54.0820 AM
[ReportManager] Assertion [ValidateElementExists] PASSED. Expected [Element Should Exist, locator 'By.xpath: //*[@id='hplogo' or @alt='Google']'] and Actual [Element Exists]. Comparison Type [EQUALS]. Validation Type [POSITIVE]. @01-12-2021 10:31:54.0820 A

################################################################################################################################################
Starting Execution:	[127 out of 146] test cases in the current suite
Test Method:		[testPackage01.Test_google.searchForQueryandAssertResultsNumDisplayed]
Test Description:	[TC002 - Search for Query and Assert that the number of results is displayed]
################################################################################################################################################
[ReportManager] Element Action [Type] successfully performed. With the following test data [SHAFT_Engine]. @01-12-2021 10:31:55.0047 AM
[ReportManager] Element Action [KeyPress] successfully performed. With the following test data [Enter]. @01-12-2021 10:31:55.0106 AM
[ReportManager] Element Action [GetText] successfully performed. With the following test data [About 801,000 results (0.64 seconds)Â ]. @01-12-2021 10:31:56.0517 AM
[ReportManager] Loaded Shared OpenCV @01-12-2021 10:31:56.0941 AM
[ReportManager] Assertion Passed: Then I Assert that the element found by [By.id: appbar] text does not equal []. @01-12-2021 10:31:57.0104 AM
[ReportManager] Successfully created attachment [Screenshot - 1638354716941_searchForQueryandAssertResultsNumDisplayed_ValidateElementAttribute_passed] @01-12-2021 10:31:57.0106 AM
[ReportManager] Assertion [ValidateElementAttribute] PASSED. Expected [Value Should not be '' for the 'text' attribute, element locator 'By.id: appbar'] and Actual [About 801,000 results (0.64 seconds)Â ]. Comparison Type [EQUALS]. Validation Type [NEGATIVE]. @01-12-2021 10:31:57.0106 A

################################################################################################################################################
Starting Execution:	[128 out of 146] test cases in the current suite
Test Method:		[testPackage01.Test_google.clickNextThrice]
Test Description:	[TC003 - Clicks the next button to make sure that the framework can scroll element into view before clicking it]
################################################################################################################################################
[ReportManager] Element Action [Click] successfully performed. With the following test data [By.xpath: //span[text()='Next']]. @01-12-2021 10:31:57.0461 A
[ReportManager] Successfully Closed All Drivers. @01-12-2021 10:31:57.0903 A
[ReportManager] File Action [GetAbsolutePath] successfully performed. With the following test data [Relative Folder Path: "target/downloadedFiles/"]. @01-12-2021 10:31:57.0911 AM
[ReportManager] Attempting to run locally on: [Mac-64], [Safari], Headless Execution. @01-12-2021 10:31:57.0912 AM
[ReportManager] Successfully Opened Safari. @01-12-2021 10:31:58.0911 AM
[ReportManager] Initial window size: (800, 600) @01-12-2021 10:31:58.0922 AM
[ReportManager] Window size after SWD Maximize: (1176, 803) @01-12-2021 10:31:58.0967 AM
[ReportManager] Browser Action [MaximizeWindow] successfully performed. With the following test data [New screen size is now: (1176, 803)]. @01-12-2021 10:31:58.0967 A

################################################################################################################################################
Starting Execution:	[129 out of 146] test cases in the current suite
Test Method:		[testPackage01.Test_chainableElementActions.chainElementActions]
################################################################################################################################################
[ReportManager] Target URL: [https://www.google.com/ncr], and after redirection: [https://www.google.com] @01-12-2021 10:31:58.0970 AM
[ReportManager] Initial URL: [] @01-12-2021 10:31:59.0010 AM
[ReportManager] Browser Action [NavigateToURL] successfully performed. With the following test data [https://www.google.com/ncr]. @01-12-2021 10:32:00.0802 AM
[ReportManager] Element Action [Type] successfully performed. With the following test data [chained type 1]. @01-12-2021 10:32:00.0966 AM
[ReportManager] Element Action [Type] successfully performed. With the following test data [chained type 2]. @01-12-2021 10:32:01.0170 AM
[ReportManager] Element Action [TypeAppend] successfully performed. With the following test data [345]. @01-12-2021 10:32:01.0259 AM
[ReportManager] Element Action [GetText] successfully performed. With the following test data [chained type 2345]. @01-12-2021 10:32:01.0348 AM
[ReportManager] Loaded Shared OpenCV @01-12-2021 10:32:01.0457 AM
[ReportManager] Assertion Passed: Then I Assert that the element found by [By.name: q] text is equal to [chained type 2345]. @01-12-2021 10:32:01.0644 AM
[ReportManager] Successfully created attachment [Screenshot - 1638354721457_chainElementActions_ValidateElementAttribute_passed] @01-12-2021 10:32:01.0645 AM
[ReportManager] Assertion [ValidateElementAttribute] PASSED. Expected [Value Should be 'chained type 2345' for the 'text' attribute, element locator 'By.name: q'] and Actual [chained type 2345]. Comparison Type [EQUALS]. Validation Type [POSITIVE]. @01-12-2021 10:32:01.0645 A
[ReportManager] Successfully Closed All Drivers. @01-12-2021 10:32:01.0912 A
[ReportManager] File Action [GetAbsolutePath] successfully performed. With the following test data [Relative Folder Path: "target/downloadedFiles/"]. @01-12-2021 10:32:01.0914 AM
[ReportManager] Attempting to run locally on: [Mac-64], [Safari], Headless Execution. @01-12-2021 10:32:01.0914 AM
[ReportManager] Successfully Opened Safari. @01-12-2021 10:32:02.0746 AM
[ReportManager] Initial window size: (800, 600) @01-12-2021 10:32:02.0771 AM
[ReportManager] Window size after SWD Maximize: (1176, 803) @01-12-2021 10:32:02.0785 AM
[ReportManager] Browser Action [MaximizeWindow] successfully performed. With the following test data [New screen size is now: (1176, 803)]. @01-12-2021 10:32:02.0786 A

################################################################################################################################################
Starting Execution:	[130 out of 146] test cases in the current suite
Test Method:		[testPackage01.Test_RelativeLocators.relativeLocatorsTest1]
################################################################################################################################################
[ReportManager] Target URL: [https://duckduckgo.com/] @01-12-2021 10:32:02.0831 AM
[ReportManager] Initial URL: [] @01-12-2021 10:32:02.0869 AM
[ReportManager] Browser Action [NavigateToURL] successfully performed. With the following test data [https://duckduckgo.com/]. @01-12-2021 10:32:03.0658 AM
[ReportManager] Element Action [Type] successfully performed. With the following test data [SHAFT_Engine]. @01-12-2021 10:32:03.0836 AM
[ReportManager] Element Action [KeyPress] successfully performed. With the following test data [ENTER]. @01-12-2021 10:32:04.0030 AM
[ReportManager] Element Action [GetText] successfully performed. With the following test data [GitHub - MohabMohie/SHAFT_ENGINE: SHAFT_ENGINE is a Test ...]. @01-12-2021 10:32:05.0899 AM
[ReportManager] Loaded Shared OpenCV @01-12-2021 10:32:06.0063 AM
[ReportManager] Assertion Passed: Then I Assert that the element found by [Relative Locator: {root={xpath=//a[@class='result__a js-result-title-link']}, filters=[{kind=below, args=[{xpath=//input[@name='q']}]}]}] text does not equal []. @01-12-2021 10:32:06.0195 AM
[ReportManager] Successfully created attachment [Screenshot - 1638354726063_relativeLocatorsTest1_ValidateElementAttribute_passed] @01-12-2021 10:32:06.0198 AM
[ReportManager] Assertion [ValidateElementAttribute] PASSED. Expected [Value Should not be '' for the 'text' attribute, element locator '[unknown locator]'] and Actual [GitHub - MohabMohie/SHAFT_ENGINE: SHAFT_ENGINE is a Test ...]. Comparison Type [EQUALS]. Validation Type [NEGATIVE]. @01-12-2021 10:32:06.0199 A
[ReportManager] Browser Action [CloseCurrentWindow] successfully performed. @01-12-2021 10:32:06.0417 AM
[ReportManager] Successfully created attachment [Browser Action Test Data - CloseCurrentWindow - Actual Value] @01-12-2021 10:32:06.0487 A

################################################################################################################################################
Starting Execution:	[131 out of 146] test cases in the current suite
Test Method:		[testPackage01.Test_JsonCompareWithSpecialCharacters.specialCharacters]
################################################################################################################################################
[ReportManager] File Action [GetAbsolutePath] successfully performed. With the following test data [Relative Folder Path: "src/test/resources/testDataFiles/specialCharacters.json"]. @01-12-2021 10:32:06.0539 AM
[ReportManager] File Action [ReadFromFile] successfully performed. With the following test data [File Path: "/Users/runner/work/SHAFT_ENGINE/SHAFT_ENGINE/src/test/resources/testDataFiles/specialCharacters.json"]. @01-12-2021 10:32:06.0539 AM
[ReportManager] Successfully created attachment [File Action Actual Result - Command Log] @01-12-2021 10:32:06.0540 AM
[ReportManager] Comparing the provided API response with the file at this path "src/test/resources/testDataFiles/specialCharacters.json", comparison type "EQUALS" @01-12-2021 10:32:06.0542 AM
[ReportManager] API Action [CompareJSON] successfully performed. With the following test data [src/test/resources/testDataFiles/specialCharacters.json]. @01-12-2021 10:32:06.0550 AM
[ReportManager] File Action [GetAbsolutePath] successfully performed. With the following test data [Relative Folder Path: "src/test/resources/testDataFiles/specialCharacters.json"]. @01-12-2021 10:32:06.0550 AM
[ReportManager] File Action [ReadFromFile] successfully performed. With the following test data [File Path: "/Users/runner/work/SHAFT_ENGINE/SHAFT_ENGINE/src/test/resources/testDataFiles/specialCharacters.json"]. @01-12-2021 10:32:06.0551 AM
[ReportManager] Verification [ValidateJSONFileContent] PASSED. Expected [Response data should match the JSON File in this path 'src/test/resources/testDataFiles/specialCharacters.json'] and Actual [TRUE]. Comparison Type [EQUALS]. Validation Type [POSITIVE]. @01-12-2021 10:32:06.0556 AM
[ReportManager] Successfully created attachment [Validation Test Data - Expected JSON Value] @01-12-2021 10:32:06.0557 AM
[ReportManager] Successfully created attachment [Validation Test Data - Actual JSON Value] @01-12-2021 10:32:06.0557 A

################################################################################################################################################
Starting Execution:	[132 out of 146] test cases in the current suite
Test Method:		[testPackage01.Test_JsonCompareWithSpecialCharacters.specialCharacters_assertion]
################################################################################################################################################
[ReportManager] File Action [GetAbsolutePath] successfully performed. With the following test data [Relative Folder Path: "src/test/resources/testDataFiles/specialCharacters.json"]. @01-12-2021 10:32:06.0561 AM
[ReportManager] File Action [ReadFromFile] successfully performed. With the following test data [File Path: "/Users/runner/work/SHAFT_ENGINE/SHAFT_ENGINE/src/test/resources/testDataFiles/specialCharacters.json"]. @01-12-2021 10:32:06.0561 AM
[ReportManager] Successfully created attachment [File Action Actual Result - Command Log] @01-12-2021 10:32:06.0562 AM
[ReportManager] Comparing the provided API response with the file at this path "src/test/resources/testDataFiles/specialCharacters.json", comparison type "CONTAINS" @01-12-2021 10:32:06.0563 AM
[ReportManager] API Action [CompareJSON] successfully performed. With the following test data [src/test/resources/testDataFiles/specialCharacters.json]. @01-12-2021 10:32:06.0576 AM
[ReportManager] File Action [GetAbsolutePath] successfully performed. With the following test data [Relative Folder Path: "src/test/resources/testDataFiles/specialCharacters.json"]. @01-12-2021 10:32:06.0576 AM
[ReportManager] File Action [ReadFromFile] successfully performed. With the following test data [File Path: "/Users/runner/work/SHAFT_ENGINE/SHAFT_ENGINE/src/test/resources/testDataFiles/specialCharacters.json"]. @01-12-2021 10:32:06.0577 AM
[ReportManager] Assertion Passed: trying out the log message @01-12-2021 10:32:06.0580 AM
[ReportManager] Successfully created attachment [Validation Test Data - Expected JSON Value] @01-12-2021 10:32:06.0581 AM
[ReportManager] Successfully created attachment [Validation Test Data - Actual JSON Value] @01-12-2021 10:32:06.0582 AM
[ReportManager] Assertion [ValidateJSONFileContent] PASSED. Expected [Response data should match the JSON File in this path 'src/test/resources/testDataFiles/specialCharacters.json'] and Actual [TRUE]. Comparison Type [CONTAINS]. Validation Type [POSITIVE]. @01-12-2021 10:32:06.0582 A

################################################################################################################################################
Starting Execution:	[133 out of 146] test cases in the current suite
Test Method:		[testPackage01.Test_SkipDueToIssue.doNotSkip]
################################################################################################################################################
[ReportManager] This should not be skipped. @01-12-2021 10:32:06.0586 A

################################################################################################################################################
Starting Execution:	[134 out of 146] test cases in the current suite
Test Method:		[testPackage01.Test_SkipDueToIssue.skip]
################################################################################################################################################
[ReportManager] This should be skipped. @01-12-2021 10:32:06.0592 A

################################################################################################################################################
Starting Execution:	[135 out of 146] test cases in the current suite
Test Method:		[testPackage01.Test_SkipDueToIssue.skip2]
################################################################################################################################################
[ReportManager] This should be skipped. @01-12-2021 10:32:06.0598 A

################################################################################################################################################
Starting Execution:	[136 out of 146] test cases in the current suite
Test Method:		[testPackage01.Test_JSONFileManager.readStringFromJson]
################################################################################################################################################
[ReportManager] File Action [GetAbsolutePath] successfully performed. With the following test data [Relative Folder Path: "src/test/resources/testDataFiles/simpleJSON.json"]. @01-12-2021 10:32:06.0604 AM
[ReportManager] Successfully loaded the following test data file [src/test/resources/testDataFiles/simpleJSON.json]. @01-12-2021 10:32:06.0605 AM
[ReportManager] Successfully created attachment [Test Data - JSON] @01-12-2021 10:32:06.0606 AM
[ReportManager] File Action [GetAbsolutePath] successfully performed. With the following test data [Relative Folder Path: "src/test/resources/testDataFiles/simpleJSON.json"]. @01-12-2021 10:32:06.0607 AM
[ReportManager] Assertion [ValidateEquals] PASSED. Expected [Mohab Mohie] and Actual [Mohab Mohie]. Comparison Type [EQUALS]. Validation Type [POSITIVE]. @01-12-2021 10:32:06.0622 A
[ReportManager] File Action [GetAbsolutePath] successfully performed. With the following test data [Relative Folder Path: "target/downloadedFiles/"]. @01-12-2021 10:32:06.0625 AM
[ReportManager] Attempting to run locally on: [Mac-64], [Safari], Headless Execution. @01-12-2021 10:32:06.0625 AM
[ReportManager] Successfully Opened Safari. @01-12-2021 10:32:07.0474 AM
[ReportManager] Initial window size: (800, 600) @01-12-2021 10:32:07.0504 AM
[ReportManager] Window size after SWD Maximize: (1176, 803) @01-12-2021 10:32:07.0545 AM
[ReportManager] Browser Action [MaximizeWindow] successfully performed. With the following test data [New screen size is now: (1176, 803)]. @01-12-2021 10:32:07.0545 A

################################################################################################################################################
Starting Execution:	[137 out of 146] test cases in the current suite
Test Method:		[testPackage01.Test_assertEquals.test_assertElementAttribute]
################################################################################################################################################
[ReportManager] Target URL: [https://www.google.com/ncr], and after redirection: [https://www.google.com] @01-12-2021 10:32:07.0548 AM
[ReportManager] Initial URL: [] @01-12-2021 10:32:07.0599 AM
[ReportManager] Browser Action [NavigateToURL] successfully performed. With the following test data [https://www.google.com/ncr]. @01-12-2021 10:32:09.0387 AM
[ReportManager] Element Action [Type] successfully performed. With the following test data [INC_004010050:Another SCHEDULER with the same name [Duplicate Job Name] already exists.]. @01-12-2021 10:32:10.0059 AM
[ReportManager] Element Action [GetText] successfully performed. With the following test data [INC_004010050:Another SCHEDULER with the same name [Duplicate Job Name] already exists.]. @01-12-2021 10:32:10.0140 AM
[ReportManager] Loaded Shared OpenCV @01-12-2021 10:32:10.0280 AM
[ReportManager] Assertion [ValidateElementAttribute] PASSED. Expected [Value Should be 'INC_004010050:Another SCHEDULER with the same name \[Duplicate Job Name\] already exists.' for the 'text' attribute, element locator 'By.name: q'] and Actual [INC_004010050:Another SCHEDULER with the same name [Duplicate Job Name] already exists.]. Comparison Type [MATCHES]. Validation Type [POSITIVE]. @01-12-2021 10:32:10.0369 AM
[ReportManager] Successfully created attachment [Screenshot - 1638354730280_test_assertElementAttribute_ValidateElementAttribute_passed] @01-12-2021 10:32:10.0370 A
[ReportManager] Browser Action [CloseCurrentWindow] successfully performed. @01-12-2021 10:32:10.0749 AM
[ReportManager] Successfully created attachment [Browser Action Test Data - CloseCurrentWindow - Actual Value] @01-12-2021 10:32:10.0789 A
[ReportManager] File Action [GetAbsolutePath] successfully performed. With the following test data [Relative Folder Path: "target/downloadedFiles/"]. @01-12-2021 10:32:10.0791 AM
[ReportManager] Attempting to run locally on: [Mac-64], [Safari], Headless Execution. @01-12-2021 10:32:10.0791 AM
[ReportManager] An Exception Occured with this Message: Could not start a new session. Possible causes are invalid address of the remote server or browser start-up failure.. @01-12-2021 10:32:10.0958 AM
[ReportManager] Successfully created attachment [Exception Stack Trace - org.openqa.selenium.SessionNotCreatedException] @01-12-2021 10:32:10.0998 AM
[ReportManager] Driver Factory Action [createNewLocalDriverInstanceForSafari] failed. With the following test data [Failed to create a session on DESKTOP_SAFARI]. @01-12-2021 10:32:10.0999 A

################################################################################################################################################
Starting Execution:	[138 out of 146] test cases in the current suite
Test Method:		[testPackage01.Test_IsElementClickable.testIsElementClickable]
###############################################################################################################################################

[ReportManager] Successfully loaded the following test data file [src/test/resources/testDataFiles/testSuite01/TestData.xlsx]. @01-12-2021 10:32:11.0102 AM
[ReportManager] Successfully created attachment [Test Data - Excel] @01-12-2021 10:32:11.0124 AM
[ReportManager] Attempting to run using Playwright locally on: [Mac-64], [Safari], Headless Execution. @01-12-2021 10:32:37.0602 AM
[ReportManager] File Action [GetAbsolutePath] successfully performed. With the following test data [Relative Folder Path: "target/downloadedFiles/"]. @01-12-2021 10:32:37.0604 AM
[ReportManager] Initial window size: (1280, 720) @01-12-2021 10:32:43.0221 AM
[ReportManager] Window size after Toolkit: com.microsoft.playwright.options.ViewportSize@60d9593a @01-12-2021 10:32:43.0235 AM
[ReportManager] Browser Action [MaximizeWindow] successfully performed. With the following test data [New screen size is now: (1920, 1080)]. @01-12-2021 10:32:43.0236 A

################################################################################################################################################
Starting Execution:	[139 out of 146] test cases in the current suite
Test Method:		[testPackage01.Test_google_playwright.navigateToURLandVerifyGoogleLogoIsDisplayed]
Test Description:	[TC001 - Navigate to URL and Verify Google Logo is Displayed]
################################################################################################################################################
[ReportManager] Target URL: [https://www.google.com/ncr], and after redirection: [https://www.google.com] @01-12-2021 10:32:43.0281 AM
[ReportManager] Initial URL: [about:blank] @01-12-2021 10:32:43.0769 AM
[ReportManager] Browser Action [NavigateToURL] successfully performed. With the following test data [https://www.google.com/ncr]. @01-12-2021 10:32:46.0512 AM
[ReportManager] Loaded Shared OpenCV @01-12-2021 10:32:46.0645 AM
[ReportManager] Assertion [ValidateElementExists] PASSED. Expected [Element Should Exist, locator 'xpath=//*[@id='hplogo' or @alt='Google']'] and Actual [Element Exists]. Comparison Type [EQUALS]. Validation Type [POSITIVE]. @01-12-2021 10:32:46.0825 AM
[ReportManager] Successfully created attachment [Screenshot - 1638354766641_navigateToURLandVerifyGoogleLogoIsDisplayed_ValidateElementExists_passed] @01-12-2021 10:32:46.0827 A

################################################################################################################################################
Starting Execution:	[140 out of 146] test cases in the current suite
Test Method:		[testPackage01.Test_google_playwright.searchForQueryandAssertResultsNumDisplayed]
Test Description:	[TC002 - Search for Query and Assert that the number of results is displayed]
################################################################################################################################################
[ReportManager] Element Action [Type] successfully performed. With the following test data [SHAFT_Engine]. @01-12-2021 10:32:46.0992 AM
[ReportManager] Element Action [KeyPress] successfully performed. With the following test data [Enter]. @01-12-2021 10:32:47.0080 AM
[ReportManager] Element Action [GetText] successfully performed. With the following test data [About 908,000 results (0.87 seconds)Â 
]. @01-12-2021 10:32:48.0379 AM
[ReportManager] Loaded Shared OpenCV @01-12-2021 10:32:51.0078 AM
[ReportManager] Assertion [ValidateElementAttribute] PASSED. Expected [Value Should not be '' for the 'text' attribute, element locator 'xpath=//div[@id='appbar']'] and Actual [About 908,000 results (0.87 seconds)Â 
]. Comparison Type [EQUALS]. Validation Type [NEGATIVE]. @01-12-2021 10:32:51.0324 AM
[ReportManager] Successfully created attachment [Screenshot - 1638354771075_searchForQueryandAssertResultsNumDisplayed_ValidateElementAttribute_passed] @01-12-2021 10:32:51.0327 A

################################################################################################################################################
Starting Execution:	[141 out of 146] test cases in the current suite
Test Method:		[testPackage01.Test_google_playwright.clickNextThrice]
Test Description:	[TC003 - Clicks the next button to make sure that the framework can scroll element into view before clicking it]
################################################################################################################################################
[ReportManager] Element Action [Click] successfully performed. With the following test data [Next]. @01-12-2021 10:32:51.0773 A
[ReportManager] Failed to find video recording. @01-12-2021 10:32:51.0775 AM
[ReportManager] Successfully Closed PlayWright Driver. @01-12-2021 10:32:51.0833 A
[ReportManager] File Action [GetAbsolutePath] successfully performed. With the following test data [Relative Folder Path: "target/downloadedFiles/"]. @01-12-2021 10:32:51.0835 AM
[ReportManager] Attempting to run locally on: [Mac-64], [Safari], Headless Execution. @01-12-2021 10:32:51.0835 AM
[ReportManager] Successfully Opened Safari. @01-12-2021 10:32:52.0723 AM
[ReportManager] Initial window size: (800, 600) @01-12-2021 10:32:52.0750 AM
[ReportManager] Window size after SWD Maximize: (1176, 803) @01-12-2021 10:32:52.0770 AM
[ReportManager] Browser Action [MaximizeWindow] successfully performed. With the following test data [New screen size is now: (1176, 803)]. @01-12-2021 10:32:52.0771 A

################################################################################################################################################
Starting Execution:	[142 out of 146] test cases in the current suite
Test Method:		[testPackage01.Test_verifyEquals.test_assertElementAttribute]
################################################################################################################################################
[ReportManager] Target URL: [https://www.google.com/ncr], and after redirection: [https://www.google.com] @01-12-2021 10:32:52.0774 AM
[ReportManager] Initial URL: [] @01-12-2021 10:32:52.0864 AM
[ReportManager] Browser Action [NavigateToURL] successfully performed. With the following test data [https://www.google.com/ncr]. @01-12-2021 10:32:54.0783 AM
[ReportManager] Element Action [Type] successfully performed. With the following test data [INC_004010050:Another SCHEDULER with the same name [Duplicate Job Name] already exists.]. @01-12-2021 10:32:55.0645 AM
[ReportManager] Element Action [GetText] successfully performed. With the following test data [INC_004010050:Another SCHEDULER with the same name [Duplicate Job Name] already exists.]. @01-12-2021 10:32:55.0812 AM
[ReportManager] Loaded Shared OpenCV @01-12-2021 10:32:55.0945 AM
[ReportManager] Verification [ValidateElementAttribute] PASSED. Expected [Value Should be 'INC_004010050:Another SCHEDULER with the same name \[Duplicate Job Name\] already exists.' for the 'text' attribute, element locator 'By.name: q'] and Actual [INC_004010050:Another SCHEDULER with the same name [Duplicate Job Name] already exists.]. Comparison Type [MATCHES]. Validation Type [POSITIVE]. @01-12-2021 10:32:56.0065 AM
[ReportManager] Successfully created attachment [Screenshot - 1638354775945_test_assertElementAttribute_ValidateElementAttribute_passed] @01-12-2021 10:32:56.0067 A
[ReportManager] Browser Action [CloseCurrentWindow] successfully performed. @01-12-2021 10:32:56.0518 AM
[ReportManager] Successfully created attachment [Browser Action Test Data - CloseCurrentWindow - Actual Value] @01-12-2021 10:32:56.0519 A

################################################################################################################################################
Starting Execution:	[143 out of 146] test cases in the current suite
Test Method:		[testPackage01.Test_SelectedValue.multipleSelect]
################################################################################################################################################
[ReportManager] File Action [GetAbsolutePath] successfully performed. With the following test data [Relative Folder Path: "target/downloadedFiles/"]. @01-12-2021 10:32:56.0528 AM
[ReportManager] Attempting to run locally on: [Mac-64], [GoogleChrome], Headless Execution. @01-12-2021 10:32:56.0532 AM
[ReportManager] Identifying OS/Driver combination and selecting the correct driver version automatically. Please note that if a new driver executable will be downloaded it may take some time... @01-12-2021 10:32:56.0533 AM
[ReportManager] Successfully Opened Google Chrome. @01-12-2021 10:33:00.0708 AM
[ReportManager] Initial window size: (1920, 1080) @01-12-2021 10:33:00.0714 AM
[ReportManager] Window size after SWD Maximize: (1920, 1080) @01-12-2021 10:33:00.0833 AM
[ReportManager] Window size after Toolkit: (1920, 1080) @01-12-2021 10:33:01.0405 AM
[ReportManager] Browser Action [MaximizeWindow] successfully performed. With the following test data [New screen size is now: (1920, 1080)]. @01-12-2021 10:33:01.0409 AM
[ReportManager] Target URL: [https://yari-demos.prod.mdn.mozit.cloud/en-US/docs/Web/HTML/Element/select/_sample_.Advanced_select_with_multiple_features.html] @01-12-2021 10:33:01.0410 AM
[ReportManager] Initial URL: [data:,] @01-12-2021 10:33:01.0444 AM
[ReportManager] Browser Action [NavigateToURL] successfully performed. With the following test data [https://yari-demos.prod.mdn.mozit.cloud/en-US/docs/Web/HTML/Element/select/_sample_.Advanced_select_with_multiple_features.html]. @01-12-2021 10:33:02.0371 AM
[ReportManager] Element Action [Select] successfully performed. With the following test data [Dog]. @01-12-2021 10:33:02.0617 AM
[ReportManager] Element Action [Select] successfully performed. With the following test data [Cat]. @01-12-2021 10:33:02.0853 AM
[ReportManager] Element Action [GetSelectedText] successfully performed. With the following test data [DogCat]. @01-12-2021 10:33:02.0994 AM
[ReportManager] DogCat @01-12-2021 10:33:02.0994 AM
[ReportManager] Element Action [GetSelectedText] successfully performed. With the following test data [DogCat]. @01-12-2021 10:33:03.0129 AM
[ReportManager] Loaded Shared OpenCV @01-12-2021 10:33:03.0478 AM
[ReportManager] Assertion [ValidateElementAttribute] PASSED. Expected [Value Should be 'DogCat' for the 'selectedText' attribute, element locator 'By.tagName: select'] and Actual [DogCat]. Comparison Type [EQUALS]. Validation Type [POSITIVE]. @01-12-2021 10:33:06.0252 AM
[ReportManager] Successfully created attachment [Screenshot - 1638354783477_multipleSelect_ValidateElementAttribute_passed] @01-12-2021 10:33:06.0253 AM
[ReportManager] Browser Action [CloseCurrentWindow] successfully performed. @01-12-2021 10:33:06.0488 AM
[ReportManager] Successfully created attachment [Browser Action Test Data - CloseCurrentWindow - Actual Value] @01-12-2021 10:33:06.0488 A

################################################################################################################################################
Starting Execution:	[144 out of 146] test cases in the current suite
Test Method:		[testPackage01.Test_SelectedValue.simpleSelect]
################################################################################################################################################
[ReportManager] File Action [GetAbsolutePath] successfully performed. With the following test data [Relative Folder Path: "target/downloadedFiles/"]. @01-12-2021 10:33:06.0494 AM
[ReportManager] Attempting to run locally on: [Mac-64], [GoogleChrome], Headless Execution. @01-12-2021 10:33:06.0494 AM
[ReportManager] Identifying OS/Driver combination and selecting the correct driver version automatically. Please note that if a new driver executable will be downloaded it may take some time... @01-12-2021 10:33:06.0494 AM
[ReportManager] Successfully Opened Google Chrome. @01-12-2021 10:33:06.0999 AM
[ReportManager] Initial window size: (1920, 1080) @01-12-2021 10:33:07.0003 AM
[ReportManager] Window size after SWD Maximize: (1920, 1080) @01-12-2021 10:33:07.0121 AM
[ReportManager] Window size after Toolkit: (1920, 1080) @01-12-2021 10:33:07.0509 AM
[ReportManager] Browser Action [MaximizeWindow] successfully performed. With the following test data [New screen size is now: (1920, 1080)]. @01-12-2021 10:33:07.0515 AM
[ReportManager] Target URL: [https://yari-demos.prod.mdn.mozit.cloud/en-US/docs/Web/HTML/Element/select/_sample_.Basic_select.html] @01-12-2021 10:33:07.0515 AM
[ReportManager] Initial URL: [data:,] @01-12-2021 10:33:07.0561 AM
[ReportManager] Browser Action [NavigateToURL] successfully performed. With the following test data [https://yari-demos.prod.mdn.mozit.cloud/en-US/docs/Web/HTML/Element/select/_sample_.Basic_select.html]. @01-12-2021 10:33:07.0903 AM
[ReportManager] Element Action [Select] successfully performed. With the following test data [Third Value]. @01-12-2021 10:33:08.0272 AM
[ReportManager] Element Action [GetSelectedText] successfully performed. With the following test data [Third Value]. @01-12-2021 10:33:08.0379 AM
[ReportManager] Third Value @01-12-2021 10:33:08.0379 AM
[ReportManager] Element Action [GetSelectedText] successfully performed. With the following test data [Third Value]. @01-12-2021 10:33:08.0474 AM
[ReportManager] Loaded Shared OpenCV @01-12-2021 10:33:08.0815 AM
[ReportManager] Assertion [ValidateElementAttribute] PASSED. Expected [Value Should be 'Third Value' for the 'selectedText' attribute, element locator 'By.tagName: select'] and Actual [Third Value]. Comparison Type [EQUALS]. Validation Type [POSITIVE]. @01-12-2021 10:33:09.0340 AM
[ReportManager] Successfully created attachment [Screenshot - 1638354788815_simpleSelect_ValidateElementAttribute_passed] @01-12-2021 10:33:09.0341 AM
[ReportManager] Browser Action [CloseCurrentWindow] successfully performed. @01-12-2021 10:33:09.0516 AM
[ReportManager] Successfully created attachment [Browser Action Test Data - CloseCurrentWindow - Actual Value] @01-12-2021 10:33:09.0517 A
[ReportManager] File Action [GetAbsolutePath] successfully performed. With the following test data [Relative Folder Path: "target/downloadedFiles/"]. @01-12-2021 10:33:09.0520 AM
[ReportManager] Attempting to run locally on: [Mac-64], [Safari], Headless Execution. @01-12-2021 10:33:09.0520 AM
[ReportManager] Successfully Opened Safari. @01-12-2021 10:33:10.0489 AM
[ReportManager] Initial window size: (800, 600) @01-12-2021 10:33:10.0531 AM
[ReportManager] Window size after SWD Maximize: (1176, 803) @01-12-2021 10:33:10.0571 AM
[ReportManager] Browser Action [MaximizeWindow] successfully performed. With the following test data [New screen size is now: (1176, 803)]. @01-12-2021 10:33:10.0572 A

################################################################################################################################################
Starting Execution:	[145 out of 146] test cases in the current suite
Test Method:		[testPackage01.Test_dynamicLoading.dynamicLoading_elementIsHidden]
################################################################################################################################################
[ReportManager] Target URL: [https://the-internet.herokuapp.com/dynamic_loading/1] @01-12-2021 10:33:10.0575 AM
[ReportManager] Initial URL: [] @01-12-2021 10:33:10.0639 AM
[ReportManager] Browser Action [NavigateToURL] successfully performed. With the following test data [https://the-internet.herokuapp.com/dynamic_loading/1]. @01-12-2021 10:33:11.0866 AM
[ReportManager] Element Action [Click] successfully performed. With the following test data [By.xpath: //button[text()='Start']]. @01-12-2021 10:33:12.0158 AM
[ReportManager] Element Action [GetText] successfully performed. With the following test data [
    Hello World!
  ]. @01-12-2021 10:33:12.0213 A
[ReportManager] Browser Action [CloseCurrentWindow] successfully performed. @01-12-2021 10:33:12.0438 AM
[ReportManager] Successfully created attachment [Browser Action Test Data - CloseCurrentWindow - Actual Value] @01-12-2021 10:33:12.0438 A
[ReportManager] File Action [GetAbsolutePath] successfully performed. With the following test data [Relative Folder Path: "target/downloadedFiles/"]. @01-12-2021 10:33:12.0441 AM
[ReportManager] Attempting to run locally on: [Mac-64], [Safari], Headless Execution. @01-12-2021 10:33:12.0441 AM
[ReportManager] Successfully Opened Safari. @01-12-2021 10:33:13.0378 AM
[ReportManager] Initial window size: (800, 600) @01-12-2021 10:33:13.0401 AM
[ReportManager] Window size after SWD Maximize: (1176, 803) @01-12-2021 10:33:13.0437 AM
[ReportManager] Browser Action [MaximizeWindow] successfully performed. With the following test data [New screen size is now: (1176, 803)]. @01-12-2021 10:33:13.0438 A

################################################################################################################################################
Starting Execution:	[146 out of 146] test cases in the current suite
Test Method:		[testPackage01.Test_dynamicLoading.dynamicLoading_elementIsRendered]
################################################################################################################################################
[ReportManager] Target URL: [https://the-internet.herokuapp.com/dynamic_loading/2] @01-12-2021 10:33:13.0443 AM
[ReportManager] Initial URL: [] @01-12-2021 10:33:13.0518 AM
[ReportManager] Browser Action [NavigateToURL] successfully performed. With the following test data [https://the-internet.herokuapp.com/dynamic_loading/2]. @01-12-2021 10:33:14.0769 AM
[ReportManager] Element Action [Click] successfully performed. With the following test data [By.xpath: //button[text()='Start']]. @01-12-2021 10:33:15.0032 AM
[ReportManager] Element Action [GetText] successfully performed. With the following test data [Hello World!]. @01-12-2021 10:33:20.0613 AM
[ReportManager] Loaded Shared OpenCV @01-12-2021 10:33:20.0705 AM
[ReportManager] Assertion [ValidateElementAttribute] PASSED. Expected [Value Should be 'Hello World!' for the 'text' attribute, element locator 'By.id: finish'] and Actual [Hello World!]. Comparison Type [CONTAINS]. Validation Type [POSITIVE]. @01-12-2021 10:33:21.0817 AM
[ReportManager] Successfully created attachment [Screenshot - 1638354800705_dynamicLoading_elementIsRendered_ValidateElementAttribute_passed] @01-12-2021 10:33:21.0818 A
[ReportManager] Browser Action [CloseCurrentWindow] successfully performed. @01-12-2021 10:33:21.0903 AM
[ReportManager] Successfully created attachment [Browser Action Test Data - CloseCurrentWindow - Actual Value] @01-12-2021 10:33:21.0909 A
[ReportManager] Successfully created attachment [SHAFT Engine Logs - Execution log] @01-12-2021 10:33:21.0992 AM

################################################################################################################################################
This test run was powered by SHAFT Engine Version: [SHAFT Engine v5.4.20211202-BETA]
SHAFT Engine is licensed under the MIT License: [https://github.com/MohabMohie/SHAFT_ENGINE/blob/master/LICENSE].
################################################################################################################################################