################################################################################################################################################
Detected SHAFT Engine Version: [SHAFT Engine v5.4.20211011]
################################################################################################################################################

################################################################################################################################################
Starting Execution:	[1 out of 143] test cases in the current suite
Test Method:		[unitTests.tests_validations_assertions.assertComparativeRelation_greaterThanOrEquals_false_equals_expectedToFail]
################################################################################################################################################
[ReportManager] Assertion [ValidateComparativeRelation] FAILED. Expected [1] and Actual [1]. Comparison Type [GREATER_THAN_OR_EQUALS]. Validation Type [NEGATIVE]. @13-10-2021 20:50:42.0406 P

################################################################################################################################################
Starting Execution:	[2 out of 143] test cases in the current suite
Test Method:		[unitTests.tests_validations_assertions.assertComparativeRelation_greaterThanOrEquals_false_equals_expectedToPass]
################################################################################################################################################
[ReportManager] Assertion [ValidateComparativeRelation] PASSED. Expected [2] and Actual [1]. Comparison Type [GREATER_THAN_OR_EQUALS]. Validation Type [NEGATIVE]. @13-10-2021 20:50:42.0524 P

################################################################################################################################################
Starting Execution:	[3 out of 143] test cases in the current suite
Test Method:		[unitTests.tests_validations_assertions.assertComparativeRelation_greaterThanOrEquals_false_greaterThan_expectedToFail]
################################################################################################################################################
[ReportManager] Assertion [ValidateComparativeRelation] FAILED. Expected [1] and Actual [2]. Comparison Type [GREATER_THAN_OR_EQUALS]. Validation Type [NEGATIVE]. @13-10-2021 20:50:42.0534 P

################################################################################################################################################
Starting Execution:	[4 out of 143] test cases in the current suite
Test Method:		[unitTests.tests_validations_assertions.assertComparativeRelation_greaterThanOrEquals_false_greaterThan_expectedToPass]
################################################################################################################################################
[ReportManager] Assertion [ValidateComparativeRelation] PASSED. Expected [2] and Actual [1]. Comparison Type [GREATER_THAN_OR_EQUALS]. Validation Type [NEGATIVE]. @13-10-2021 20:50:42.0541 P

################################################################################################################################################
Starting Execution:	[5 out of 143] test cases in the current suite
Test Method:		[unitTests.tests_validations_assertions.assertComparativeRelation_greaterThanOrEquals_true_equals_expectedToFail]
################################################################################################################################################
[ReportManager] Assertion [ValidateComparativeRelation] FAILED. Expected [1] and Actual [0]. Comparison Type [GREATER_THAN_OR_EQUALS]. Validation Type [POSITIVE]. @13-10-2021 20:50:42.0548 P

################################################################################################################################################
Starting Execution:	[6 out of 143] test cases in the current suite
Test Method:		[unitTests.tests_validations_assertions.assertComparativeRelation_greaterThanOrEquals_true_equals_expectedToPass]
################################################################################################################################################
[ReportManager] Assertion [ValidateComparativeRelation] PASSED. Expected [1] and Actual [1]. Comparison Type [GREATER_THAN_OR_EQUALS]. Validation Type [POSITIVE]. @13-10-2021 20:50:42.0554 P

################################################################################################################################################
Starting Execution:	[7 out of 143] test cases in the current suite
Test Method:		[unitTests.tests_validations_assertions.assertComparativeRelation_greaterThanOrEquals_true_greaterThan_expectedToFail]
################################################################################################################################################
[ReportManager] Assertion [ValidateComparativeRelation] FAILED. Expected [2] and Actual [1]. Comparison Type [GREATER_THAN_OR_EQUALS]. Validation Type [POSITIVE]. @13-10-2021 20:50:42.0561 P

################################################################################################################################################
Starting Execution:	[8 out of 143] test cases in the current suite
Test Method:		[unitTests.tests_validations_assertions.assertComparativeRelation_greaterThanOrEquals_true_greaterThan_expectedToPass]
################################################################################################################################################
[ReportManager] Assertion [ValidateComparativeRelation] PASSED. Expected [1] and Actual [2]. Comparison Type [GREATER_THAN_OR_EQUALS]. Validation Type [POSITIVE]. @13-10-2021 20:50:42.0567 P
[ReportManager] File Action [GetAbsolutePath] successfully performed. With the following test data [Relative Folder Path: "target/downloadedFiles/"]. @13-10-2021 20:50:42.0579 PM
[ReportManager] Attempting to run remotely on: [Linux-64], [GoogleChrome], [http://localhost:4444/wd/hub], Headless Execution. @13-10-2021 20:50:42.0610 PM
[ReportManager] Successfully Opened [GoogleChrome]. @13-10-2021 20:50:44.0287 PM
[ReportManager] Target URL: [https://www.google.com/ncr], and after redirection: [www.google.com] @13-10-2021 20:50:44.0348 PM
[ReportManager] Initial URL: [data:,] @13-10-2021 20:50:44.0486 PM
[ReportManager] Browser Action [NavigateToURL] successfully performed. With the following test data [https://www.google.com/ncr]. @13-10-2021 20:50:45.0935 P

################################################################################################################################################
Starting Execution:	[9 out of 143] test cases in the current suite
Test Method:		[unitTests.tests_validations_assertions.assertElementAttribute_false_caseInsensitiveComparison_expectedToFail]
################################################################################################################################################
[ReportManager] Element Action [Type] successfully performed. With the following test data [AUTOMATION]. @13-10-2021 20:50:46.0462 PM
[ReportManager] Element Action [GetText] successfully performed. With the following test data [AUTOMATION]. @13-10-2021 20:50:46.0633 PM
[ReportManager] Loaded Shared OpenCV @13-10-2021 20:50:47.0481 PM
[ReportManager] Assertion [ValidateElementAttribute] FAILED. Expected [Value Should not be 'AutomaTion' for the 'text' attribute, element locator 'By.name: q'] and Actual [AUTOMATION]. Comparison Type [CASE_INSENSITIVE]. Validation Type [NEGATIVE]. @13-10-2021 20:50:47.0921 PM
[ReportManager] Successfully created attachment [Screenshot - 1634158246942_assertElementAttribute_false_caseInsensitiveComparison_expectedToFail_ValidateElementAttribute_failed] @13-10-2021 20:50:47.0956 P
[ReportManager] Browser Action [CloseCurrentWindow] successfully performed. @13-10-2021 20:50:48.0168 PM
[ReportManager] Successfully created attachment [Browser Action Test Data - CloseCurrentWindow - Actual Value] @13-10-2021 20:50:48.0183 P
[ReportManager] File Action [GetAbsolutePath] successfully performed. With the following test data [Relative Folder Path: "target/downloadedFiles/"]. @13-10-2021 20:50:48.0206 PM
[ReportManager] Attempting to run remotely on: [Linux-64], [GoogleChrome], [http://localhost:4444/wd/hub], Headless Execution. @13-10-2021 20:50:48.0206 PM
[ReportManager] Successfully Opened [GoogleChrome]. @13-10-2021 20:50:48.0521 PM
[ReportManager] Target URL: [https://www.google.com/ncr], and after redirection: [www.google.com] @13-10-2021 20:50:48.0550 PM
[ReportManager] Initial URL: [data:,] @13-10-2021 20:50:48.0627 PM
[ReportManager] Browser Action [NavigateToURL] successfully performed. With the following test data [https://www.google.com/ncr]. @13-10-2021 20:50:49.0661 P

################################################################################################################################################
Starting Execution:	[10 out of 143] test cases in the current suite
Test Method:		[unitTests.tests_validations_assertions.assertElementAttribute_false_caseInsensitiveComparison_expectedToPass]
################################################################################################################################################
[ReportManager] Element Action [Type] successfully performed. With the following test data [AUTOMATION]. @13-10-2021 20:50:50.0169 PM
[ReportManager] Element Action [GetText] successfully performed. With the following test data [AUTOMATION]. @13-10-2021 20:50:50.0347 PM
[ReportManager] Loaded Shared OpenCV @13-10-2021 20:50:50.0537 PM
[ReportManager] Assertion [ValidateElementAttribute] PASSED. Expected [Value Should not be 'AutomaTion123' for the 'text' attribute, element locator 'By.name: q'] and Actual [AUTOMATION]. Comparison Type [CASE_INSENSITIVE]. Validation Type [NEGATIVE]. @13-10-2021 20:50:50.0690 PM
[ReportManager] Successfully created attachment [Screenshot - 1634158250537_assertElementAttribute_false_caseInsensitiveComparison_expectedToPass_ValidateElementAttribute_passed] @13-10-2021 20:50:50.0694 P
[ReportManager] Browser Action [CloseCurrentWindow] successfully performed. @13-10-2021 20:50:50.0853 PM
[ReportManager] Successfully created attachment [Browser Action Test Data - CloseCurrentWindow - Actual Value] @13-10-2021 20:50:50.0854 P
[ReportManager] File Action [GetAbsolutePath] successfully performed. With the following test data [Relative Folder Path: "target/downloadedFiles/"]. @13-10-2021 20:50:50.0862 PM
[ReportManager] Attempting to run remotely on: [Linux-64], [GoogleChrome], [http://localhost:4444/wd/hub], Headless Execution. @13-10-2021 20:50:50.0863 PM
[ReportManager] Successfully Opened [GoogleChrome]. @13-10-2021 20:50:51.0160 PM
[ReportManager] Target URL: [https://www.google.com/ncr], and after redirection: [www.google.com] @13-10-2021 20:50:51.0179 PM
[ReportManager] Initial URL: [data:,] @13-10-2021 20:50:51.0249 PM
[ReportManager] Browser Action [NavigateToURL] successfully performed. With the following test data [https://www.google.com/ncr]. @13-10-2021 20:50:52.0163 P

################################################################################################################################################
Starting Execution:	[11 out of 143] test cases in the current suite
Test Method:		[unitTests.tests_validations_assertions.assertElementAttribute_false_containsComparison_expectedToFail]
################################################################################################################################################
[ReportManager] Element Action [Type] successfully performed. With the following test data [Automation123]. @13-10-2021 20:50:52.0608 PM
[ReportManager] Element Action [GetText] successfully performed. With the following test data [Automation123]. @13-10-2021 20:50:52.0744 PM
[ReportManager] Loaded Shared OpenCV @13-10-2021 20:50:52.0924 PM
[ReportManager] Assertion [ValidateElementAttribute] FAILED. Expected [Value Should not be 'Automation' for the 'text' attribute, element locator 'By.name: q'] and Actual [Automation123]. Comparison Type [CONTAINS]. Validation Type [NEGATIVE]. @13-10-2021 20:50:53.0007 PM
[ReportManager] Successfully created attachment [Screenshot - 1634158252924_assertElementAttribute_false_containsComparison_expectedToFail_ValidateElementAttribute_failed] @13-10-2021 20:50:53.0008 P
[ReportManager] Browser Action [CloseCurrentWindow] successfully performed. @13-10-2021 20:50:53.0172 PM
[ReportManager] Successfully created attachment [Browser Action Test Data - CloseCurrentWindow - Actual Value] @13-10-2021 20:50:53.0173 P
[ReportManager] File Action [GetAbsolutePath] successfully performed. With the following test data [Relative Folder Path: "target/downloadedFiles/"]. @13-10-2021 20:50:53.0184 PM
[ReportManager] Attempting to run remotely on: [Linux-64], [GoogleChrome], [http://localhost:4444/wd/hub], Headless Execution. @13-10-2021 20:50:53.0186 PM
[ReportManager] Successfully Opened [GoogleChrome]. @13-10-2021 20:50:53.0466 PM
[ReportManager] Target URL: [https://www.google.com/ncr], and after redirection: [www.google.com] @13-10-2021 20:50:53.0485 PM
[ReportManager] Initial URL: [data:,] @13-10-2021 20:50:53.0539 PM
[ReportManager] Browser Action [NavigateToURL] successfully performed. With the following test data [https://www.google.com/ncr]. @13-10-2021 20:50:54.0468 P

################################################################################################################################################
Starting Execution:	[12 out of 143] test cases in the current suite
Test Method:		[unitTests.tests_validations_assertions.assertElementAttribute_false_containsComparison_expectedToPass]
################################################################################################################################################
[ReportManager] Element Action [Type] successfully performed. With the following test data [Automation123]. @13-10-2021 20:50:54.0957 PM
[ReportManager] Element Action [GetText] successfully performed. With the following test data [Automation123]. @13-10-2021 20:50:55.0119 PM
[ReportManager] Loaded Shared OpenCV @13-10-2021 20:50:55.0286 PM
[ReportManager] Assertion [ValidateElementAttribute] PASSED. Expected [Value Should not be 'Automation1234' for the 'text' attribute, element locator 'By.name: q'] and Actual [Automation123]. Comparison Type [CONTAINS]. Validation Type [NEGATIVE]. @13-10-2021 20:50:55.0371 PM
[ReportManager] Successfully created attachment [Screenshot - 1634158255285_assertElementAttribute_false_containsComparison_expectedToPass_ValidateElementAttribute_passed] @13-10-2021 20:50:55.0373 P
[ReportManager] Browser Action [CloseCurrentWindow] successfully performed. @13-10-2021 20:50:55.0523 PM
[ReportManager] Successfully created attachment [Browser Action Test Data - CloseCurrentWindow - Actual Value] @13-10-2021 20:50:55.0524 P
[ReportManager] File Action [GetAbsolutePath] successfully performed. With the following test data [Relative Folder Path: "target/downloadedFiles/"]. @13-10-2021 20:50:55.0528 PM
[ReportManager] Attempting to run remotely on: [Linux-64], [GoogleChrome], [http://localhost:4444/wd/hub], Headless Execution. @13-10-2021 20:50:55.0528 PM
[ReportManager] Successfully Opened [GoogleChrome]. @13-10-2021 20:50:55.0803 PM
[ReportManager] Target URL: [https://www.google.com/ncr], and after redirection: [www.google.com] @13-10-2021 20:50:55.0833 PM
[ReportManager] Initial URL: [data:,] @13-10-2021 20:50:55.0890 PM
[ReportManager] Browser Action [NavigateToURL] successfully performed. With the following test data [https://www.google.com/ncr]. @13-10-2021 20:50:56.0793 P

################################################################################################################################################
Starting Execution:	[13 out of 143] test cases in the current suite
Test Method:		[unitTests.tests_validations_assertions.assertElementAttribute_false_literalComparison_expectedToFail]
################################################################################################################################################
[ReportManager] Element Action [Type] successfully performed. With the following test data [Automation!@#$%^&*()_+{}[]\';/.,]. @13-10-2021 20:50:57.0346 PM
[ReportManager] Element Action [GetText] successfully performed. With the following test data [Automation!@#$%^&*()_+{}[]\';/.,]. @13-10-2021 20:50:57.0495 PM
[ReportManager] Loaded Shared OpenCV @13-10-2021 20:50:57.0665 PM
[ReportManager] Assertion [ValidateElementAttribute] PASSED. Expected [Value Should not be 'Automation!@#$%^&*()_+{}[]\\';/.,' for the 'text' attribute, element locator 'By.name: q'] and Actual [Automation!@#$%^&*()_+{}[]\';/.,]. Comparison Type [EQUALS]. Validation Type [NEGATIVE]. @13-10-2021 20:50:57.0751 PM
[ReportManager] Successfully created attachment [Screenshot - 1634158257665_assertElementAttribute_false_literalComparison_expectedToFail_ValidateElementAttribute_passed] @13-10-2021 20:50:57.0753 P
[ReportManager] Browser Action [CloseCurrentWindow] successfully performed. @13-10-2021 20:50:57.0897 PM
[ReportManager] Successfully created attachment [Browser Action Test Data - CloseCurrentWindow - Actual Value] @13-10-2021 20:50:57.0898 P
[ReportManager] File Action [GetAbsolutePath] successfully performed. With the following test data [Relative Folder Path: "target/downloadedFiles/"]. @13-10-2021 20:50:57.0902 PM
[ReportManager] Attempting to run remotely on: [Linux-64], [GoogleChrome], [http://localhost:4444/wd/hub], Headless Execution. @13-10-2021 20:50:57.0902 PM
[ReportManager] Successfully Opened [GoogleChrome]. @13-10-2021 20:50:58.0165 PM
[ReportManager] Target URL: [https://www.google.com/ncr], and after redirection: [www.google.com] @13-10-2021 20:50:58.0187 PM
[ReportManager] Initial URL: [data:,] @13-10-2021 20:50:58.0258 PM
[ReportManager] Browser Action [NavigateToURL] successfully performed. With the following test data [https://www.google.com/ncr]. @13-10-2021 20:50:59.0213 P

################################################################################################################################################
Starting Execution:	[14 out of 143] test cases in the current suite
Test Method:		[unitTests.tests_validations_assertions.assertElementAttribute_false_literalComparison_expectedToPass]
################################################################################################################################################
[ReportManager] Element Action [Type] successfully performed. With the following test data [Automation!@#$%^&*()_+{}[]\';/.,]. @13-10-2021 20:50:59.0775 PM
[ReportManager] Element Action [GetText] successfully performed. With the following test data [Automation!@#$%^&*()_+{}[]\';/.,]. @13-10-2021 20:50:59.0907 PM
[ReportManager] Loaded Shared OpenCV @13-10-2021 20:51:00.0082 PM
[ReportManager] Assertion [ValidateElementAttribute] PASSED. Expected [Value Should not be 'Automation' for the 'text' attribute, element locator 'By.name: q'] and Actual [Automation!@#$%^&*()_+{}[]\';/.,]. Comparison Type [EQUALS]. Validation Type [NEGATIVE]. @13-10-2021 20:51:00.0168 PM
[ReportManager] Successfully created attachment [Screenshot - 1634158260082_assertElementAttribute_false_literalComparison_expectedToPass_ValidateElementAttribute_passed] @13-10-2021 20:51:00.0169 P
[ReportManager] Browser Action [CloseCurrentWindow] successfully performed. @13-10-2021 20:51:00.0312 PM
[ReportManager] Successfully created attachment [Browser Action Test Data - CloseCurrentWindow - Actual Value] @13-10-2021 20:51:00.0313 P
[ReportManager] File Action [GetAbsolutePath] successfully performed. With the following test data [Relative Folder Path: "target/downloadedFiles/"]. @13-10-2021 20:51:00.0317 PM
[ReportManager] Attempting to run remotely on: [Linux-64], [GoogleChrome], [http://localhost:4444/wd/hub], Headless Execution. @13-10-2021 20:51:00.0317 PM
[ReportManager] Successfully Opened [GoogleChrome]. @13-10-2021 20:51:00.0580 PM
[ReportManager] Target URL: [https://www.google.com/ncr], and after redirection: [www.google.com] @13-10-2021 20:51:00.0622 PM
[ReportManager] Initial URL: [data:,] @13-10-2021 20:51:00.0678 PM
[ReportManager] Browser Action [NavigateToURL] successfully performed. With the following test data [https://www.google.com/ncr]. @13-10-2021 20:51:01.0600 P

################################################################################################################################################
Starting Execution:	[15 out of 143] test cases in the current suite
Test Method:		[unitTests.tests_validations_assertions.assertElementAttribute_false_regexComparison_expectedToFail]
################################################################################################################################################
[ReportManager] Element Action [Type] successfully performed. With the following test data [Automation123]. @13-10-2021 20:51:02.0003 PM
[ReportManager] Element Action [GetText] successfully performed. With the following test data [Automation123]. @13-10-2021 20:51:02.0124 PM
[ReportManager] Loaded Shared OpenCV @13-10-2021 20:51:02.0274 PM
[ReportManager] Assertion [ValidateElementAttribute] FAILED. Expected [Value Should not be 'Automation.*' for the 'text' attribute, element locator 'By.name: q'] and Actual [Automation123]. Comparison Type [MATCHES]. Validation Type [NEGATIVE]. @13-10-2021 20:51:02.0355 PM
[ReportManager] Successfully created attachment [Screenshot - 1634158262274_assertElementAttribute_false_regexComparison_expectedToFail_ValidateElementAttribute_failed] @13-10-2021 20:51:02.0356 P
[ReportManager] Browser Action [CloseCurrentWindow] successfully performed. @13-10-2021 20:51:02.0489 PM
[ReportManager] Successfully created attachment [Browser Action Test Data - CloseCurrentWindow - Actual Value] @13-10-2021 20:51:02.0491 P
[ReportManager] File Action [GetAbsolutePath] successfully performed. With the following test data [Relative Folder Path: "target/downloadedFiles/"]. @13-10-2021 20:51:02.0500 PM
[ReportManager] Attempting to run remotely on: [Linux-64], [GoogleChrome], [http://localhost:4444/wd/hub], Headless Execution. @13-10-2021 20:51:02.0501 PM
[ReportManager] Successfully Opened [GoogleChrome]. @13-10-2021 20:51:02.0772 PM
[ReportManager] Target URL: [https://www.google.com/ncr], and after redirection: [www.google.com] @13-10-2021 20:51:02.0796 PM
[ReportManager] Initial URL: [data:,] @13-10-2021 20:51:02.0855 PM
[ReportManager] Browser Action [NavigateToURL] successfully performed. With the following test data [https://www.google.com/ncr]. @13-10-2021 20:51:03.0771 P

################################################################################################################################################
Starting Execution:	[16 out of 143] test cases in the current suite
Test Method:		[unitTests.tests_validations_assertions.assertElementAttribute_false_regexComparison_expectedToPass]
################################################################################################################################################
[ReportManager] Element Action [Type] successfully performed. With the following test data [Automation123]. @13-10-2021 20:51:04.0220 PM
[ReportManager] Element Action [GetText] successfully performed. With the following test data [Automation123]. @13-10-2021 20:51:04.0337 PM
[ReportManager] Loaded Shared OpenCV @13-10-2021 20:51:04.0491 PM
[ReportManager] Assertion [ValidateElementAttribute] PASSED. Expected [Value Should not be 'Automation' for the 'text' attribute, element locator 'By.name: q'] and Actual [Automation123]. Comparison Type [MATCHES]. Validation Type [NEGATIVE]. @13-10-2021 20:51:04.0593 PM
[ReportManager] Successfully created attachment [Screenshot - 1634158264490_assertElementAttribute_false_regexComparison_expectedToPass_ValidateElementAttribute_passed] @13-10-2021 20:51:04.0595 P
[ReportManager] Browser Action [CloseCurrentWindow] successfully performed. @13-10-2021 20:51:04.0749 PM
[ReportManager] Successfully created attachment [Browser Action Test Data - CloseCurrentWindow - Actual Value] @13-10-2021 20:51:04.0751 P
[ReportManager] File Action [GetAbsolutePath] successfully performed. With the following test data [Relative Folder Path: "target/downloadedFiles/"]. @13-10-2021 20:51:04.0766 PM
[ReportManager] Attempting to run remotely on: [Linux-64], [GoogleChrome], [http://localhost:4444/wd/hub], Headless Execution. @13-10-2021 20:51:04.0766 PM
[ReportManager] Successfully Opened [GoogleChrome]. @13-10-2021 20:51:05.0037 PM
[ReportManager] Target URL: [https://www.google.com/ncr], and after redirection: [www.google.com] @13-10-2021 20:51:05.0059 PM
[ReportManager] Initial URL: [data:,] @13-10-2021 20:51:05.0103 PM
[ReportManager] Browser Action [NavigateToURL] successfully performed. With the following test data [https://www.google.com/ncr]. @13-10-2021 20:51:05.0963 P

################################################################################################################################################
Starting Execution:	[17 out of 143] test cases in the current suite
Test Method:		[unitTests.tests_validations_assertions.assertElementAttribute_true_caseInsensitiveComparison_expectedToFail]
################################################################################################################################################
[ReportManager] Element Action [Type] successfully performed. With the following test data [AUTOMATION]. @13-10-2021 20:51:06.0386 PM
[ReportManager] Element Action [GetText] successfully performed. With the following test data [AUTOMATION]. @13-10-2021 20:51:06.0509 PM
[ReportManager] Loaded Shared OpenCV @13-10-2021 20:51:06.0664 PM
[ReportManager] Assertion [ValidateElementAttribute] FAILED. Expected [Value Should be 'AutomaTion123' for the 'text' attribute, element locator 'By.name: q'] and Actual [AUTOMATION]. Comparison Type [CASE_INSENSITIVE]. Validation Type [POSITIVE]. @13-10-2021 20:51:06.0748 PM
[ReportManager] Successfully created attachment [Screenshot - 1634158266664_assertElementAttribute_true_caseInsensitiveComparison_expectedToFail_ValidateElementAttribute_failed] @13-10-2021 20:51:06.0750 P
[ReportManager] Browser Action [CloseCurrentWindow] successfully performed. @13-10-2021 20:51:06.0901 PM
[ReportManager] Successfully created attachment [Browser Action Test Data - CloseCurrentWindow - Actual Value] @13-10-2021 20:51:06.0902 P
[ReportManager] File Action [GetAbsolutePath] successfully performed. With the following test data [Relative Folder Path: "target/downloadedFiles/"]. @13-10-2021 20:51:06.0906 PM
[ReportManager] Attempting to run remotely on: [Linux-64], [GoogleChrome], [http://localhost:4444/wd/hub], Headless Execution. @13-10-2021 20:51:06.0906 PM
[ReportManager] Successfully Opened [GoogleChrome]. @13-10-2021 20:51:07.0141 PM
[ReportManager] Target URL: [https://www.google.com/ncr], and after redirection: [www.google.com] @13-10-2021 20:51:07.0161 PM
[ReportManager] Initial URL: [data:,] @13-10-2021 20:51:07.0207 PM
[ReportManager] Browser Action [NavigateToURL] successfully performed. With the following test data [https://www.google.com/ncr]. @13-10-2021 20:51:08.0095 P

################################################################################################################################################
Starting Execution:	[18 out of 143] test cases in the current suite
Test Method:		[unitTests.tests_validations_assertions.assertElementAttribute_true_caseInsensitiveComparison_expectedToPass]
################################################################################################################################################
[ReportManager] Element Action [Type] successfully performed. With the following test data [AUTOMATION]. @13-10-2021 20:51:08.0490 PM
[ReportManager] Element Action [GetText] successfully performed. With the following test data [AUTOMATION]. @13-10-2021 20:51:08.0611 PM
[ReportManager] Loaded Shared OpenCV @13-10-2021 20:51:08.0765 PM
[ReportManager] Assertion [ValidateElementAttribute] PASSED. Expected [Value Should be 'AutomaTion' for the 'text' attribute, element locator 'By.name: q'] and Actual [AUTOMATION]. Comparison Type [CASE_INSENSITIVE]. Validation Type [POSITIVE]. @13-10-2021 20:51:08.0850 PM
[ReportManager] Successfully created attachment [Screenshot - 1634158268765_assertElementAttribute_true_caseInsensitiveComparison_expectedToPass_ValidateElementAttribute_passed] @13-10-2021 20:51:08.0851 P
[ReportManager] Browser Action [CloseCurrentWindow] successfully performed. @13-10-2021 20:51:08.0982 PM
[ReportManager] Successfully created attachment [Browser Action Test Data - CloseCurrentWindow - Actual Value] @13-10-2021 20:51:08.0984 P
[ReportManager] File Action [GetAbsolutePath] successfully performed. With the following test data [Relative Folder Path: "target/downloadedFiles/"]. @13-10-2021 20:51:08.0987 PM
[ReportManager] Attempting to run remotely on: [Linux-64], [GoogleChrome], [http://localhost:4444/wd/hub], Headless Execution. @13-10-2021 20:51:08.0987 PM
[ReportManager] Successfully Opened [GoogleChrome]. @13-10-2021 20:51:09.0219 PM
[ReportManager] Target URL: [https://www.google.com/ncr], and after redirection: [www.google.com] @13-10-2021 20:51:09.0239 PM
[ReportManager] Initial URL: [data:,] @13-10-2021 20:51:09.0295 PM
[ReportManager] Browser Action [NavigateToURL] successfully performed. With the following test data [https://www.google.com/ncr]. @13-10-2021 20:51:10.0144 P

################################################################################################################################################
Starting Execution:	[19 out of 143] test cases in the current suite
Test Method:		[unitTests.tests_validations_assertions.assertElementAttribute_true_containsComparison_expectedToFail]
################################################################################################################################################
[ReportManager] Element Action [Type] successfully performed. With the following test data [Automation123]. @13-10-2021 20:51:10.0557 PM
[ReportManager] Element Action [GetText] successfully performed. With the following test data [Automation123]. @13-10-2021 20:51:10.0681 PM
[ReportManager] Loaded Shared OpenCV @13-10-2021 20:51:10.0811 PM
[ReportManager] Assertion [ValidateElementAttribute] FAILED. Expected [Value Should be 'Automation1234' for the 'text' attribute, element locator 'By.name: q'] and Actual [Automation123]. Comparison Type [CONTAINS]. Validation Type [POSITIVE]. @13-10-2021 20:51:10.0893 PM
[ReportManager] Successfully created attachment [Screenshot - 1634158270811_assertElementAttribute_true_containsComparison_expectedToFail_ValidateElementAttribute_failed] @13-10-2021 20:51:10.0894 P
[ReportManager] Browser Action [CloseCurrentWindow] successfully performed. @13-10-2021 20:51:11.0048 PM
[ReportManager] Successfully created attachment [Browser Action Test Data - CloseCurrentWindow - Actual Value] @13-10-2021 20:51:11.0049 P
[ReportManager] File Action [GetAbsolutePath] successfully performed. With the following test data [Relative Folder Path: "target/downloadedFiles/"]. @13-10-2021 20:51:11.0052 PM
[ReportManager] Attempting to run remotely on: [Linux-64], [GoogleChrome], [http://localhost:4444/wd/hub], Headless Execution. @13-10-2021 20:51:11.0053 PM
[ReportManager] Successfully Opened [GoogleChrome]. @13-10-2021 20:51:11.0300 PM
[ReportManager] Target URL: [https://www.google.com/ncr], and after redirection: [www.google.com] @13-10-2021 20:51:11.0321 PM
[ReportManager] Initial URL: [data:,] @13-10-2021 20:51:11.0378 PM
[ReportManager] Browser Action [NavigateToURL] successfully performed. With the following test data [https://www.google.com/ncr]. @13-10-2021 20:51:12.0313 P

################################################################################################################################################
Starting Execution:	[20 out of 143] test cases in the current suite
Test Method:		[unitTests.tests_validations_assertions.assertElementAttribute_true_containsComparison_expectedToPass]
################################################################################################################################################
[ReportManager] Element Action [Type] successfully performed. With the following test data [Automation123]. @13-10-2021 20:51:12.0769 PM
[ReportManager] Element Action [GetText] successfully performed. With the following test data [Automation123]. @13-10-2021 20:51:12.0869 PM
[ReportManager] Loaded Shared OpenCV @13-10-2021 20:51:13.0007 PM
[ReportManager] Assertion [ValidateElementAttribute] PASSED. Expected [Value Should be 'Automation' for the 'text' attribute, element locator 'By.name: q'] and Actual [Automation123]. Comparison Type [CONTAINS]. Validation Type [POSITIVE]. @13-10-2021 20:51:13.0090 PM
[ReportManager] Successfully created attachment [Screenshot - 1634158273007_assertElementAttribute_true_containsComparison_expectedToPass_ValidateElementAttribute_passed] @13-10-2021 20:51:13.0091 P
[ReportManager] Browser Action [CloseCurrentWindow] successfully performed. @13-10-2021 20:51:13.0225 PM
[ReportManager] Successfully created attachment [Browser Action Test Data - CloseCurrentWindow - Actual Value] @13-10-2021 20:51:13.0226 P
[ReportManager] File Action [GetAbsolutePath] successfully performed. With the following test data [Relative Folder Path: "target/downloadedFiles/"]. @13-10-2021 20:51:13.0229 PM
[ReportManager] Attempting to run remotely on: [Linux-64], [GoogleChrome], [http://localhost:4444/wd/hub], Headless Execution. @13-10-2021 20:51:13.0230 PM
[ReportManager] Successfully Opened [GoogleChrome]. @13-10-2021 20:51:13.0585 PM
[ReportManager] Target URL: [https://www.google.com/ncr], and after redirection: [www.google.com] @13-10-2021 20:51:13.0599 PM
[ReportManager] Initial URL: [data:,] @13-10-2021 20:51:13.0645 PM
[ReportManager] Browser Action [NavigateToURL] successfully performed. With the following test data [https://www.google.com/ncr]. @13-10-2021 20:51:14.0512 P

################################################################################################################################################
Starting Execution:	[21 out of 143] test cases in the current suite
Test Method:		[unitTests.tests_validations_assertions.assertElementAttribute_true_literalComparison_expectedToFail]
################################################################################################################################################
[ReportManager] Element Action [Type] successfully performed. With the following test data [Automation!@#$%^&*()_+{}[]\';/.,]. @13-10-2021 20:51:15.0034 PM
[ReportManager] Element Action [GetText] successfully performed. With the following test data [Automation!@#$%^&*()_+{}[]\';/.,]. @13-10-2021 20:51:15.0146 PM
[ReportManager] Loaded Shared OpenCV @13-10-2021 20:51:15.0331 PM
[ReportManager] Assertion [ValidateElementAttribute] FAILED. Expected [Value Should be 'Automation' for the 'text' attribute, element locator 'By.name: q'] and Actual [Automation!@#$%^&*()_+{}[]\';/.,]. Comparison Type [EQUALS]. Validation Type [POSITIVE]. @13-10-2021 20:51:15.0421 PM
[ReportManager] Successfully created attachment [Screenshot - 1634158275331_assertElementAttribute_true_literalComparison_expectedToFail_ValidateElementAttribute_failed] @13-10-2021 20:51:15.0422 P
[ReportManager] Browser Action [CloseCurrentWindow] successfully performed. @13-10-2021 20:51:15.0547 PM
[ReportManager] Successfully created attachment [Browser Action Test Data - CloseCurrentWindow - Actual Value] @13-10-2021 20:51:15.0548 P
[ReportManager] File Action [GetAbsolutePath] successfully performed. With the following test data [Relative Folder Path: "target/downloadedFiles/"]. @13-10-2021 20:51:15.0552 PM
[ReportManager] Attempting to run remotely on: [Linux-64], [GoogleChrome], [http://localhost:4444/wd/hub], Headless Execution. @13-10-2021 20:51:15.0552 PM
[ReportManager] Successfully Opened [GoogleChrome]. @13-10-2021 20:51:15.0791 PM
[ReportManager] Target URL: [https://www.google.com/ncr], and after redirection: [www.google.com] @13-10-2021 20:51:15.0809 PM
[ReportManager] Initial URL: [data:,] @13-10-2021 20:51:15.0882 PM
[ReportManager] Browser Action [NavigateToURL] successfully performed. With the following test data [https://www.google.com/ncr]. @13-10-2021 20:51:16.0748 P

################################################################################################################################################
Starting Execution:	[22 out of 143] test cases in the current suite
Test Method:		[unitTests.tests_validations_assertions.assertElementAttribute_true_literalComparison_expectedToPass]
################################################################################################################################################
[ReportManager] Element Action [Type] successfully performed. With the following test data [Automation!@#$%^&*()_+{}[]\';/.,]. @13-10-2021 20:51:17.0222 PM
[ReportManager] Element Action [GetText] successfully performed. With the following test data [Automation!@#$%^&*()_+{}[]\';/.,]. @13-10-2021 20:51:17.0333 PM
[ReportManager] Loaded Shared OpenCV @13-10-2021 20:51:17.0479 PM
[ReportManager] Assertion [ValidateElementAttribute] PASSED. Expected [Value Should be 'Automation!@#$%^&*()_+{}[]\';/.,' for the 'text' attribute, element locator 'By.name: q'] and Actual [Automation!@#$%^&*()_+{}[]\';/.,]. Comparison Type [EQUALS]. Validation Type [POSITIVE]. @13-10-2021 20:51:17.0566 PM
[ReportManager] Successfully created attachment [Screenshot - 1634158277479_assertElementAttribute_true_literalComparison_expectedToPass_ValidateElementAttribute_passed] @13-10-2021 20:51:17.0567 P
[ReportManager] Browser Action [CloseCurrentWindow] successfully performed. @13-10-2021 20:51:17.0699 PM
[ReportManager] Successfully created attachment [Browser Action Test Data - CloseCurrentWindow - Actual Value] @13-10-2021 20:51:17.0700 P
[ReportManager] File Action [GetAbsolutePath] successfully performed. With the following test data [Relative Folder Path: "target/downloadedFiles/"]. @13-10-2021 20:51:17.0703 PM
[ReportManager] Attempting to run remotely on: [Linux-64], [GoogleChrome], [http://localhost:4444/wd/hub], Headless Execution. @13-10-2021 20:51:17.0703 PM
[ReportManager] Successfully Opened [GoogleChrome]. @13-10-2021 20:51:17.0954 PM
[ReportManager] Target URL: [https://www.google.com/ncr], and after redirection: [www.google.com] @13-10-2021 20:51:17.0968 PM
[ReportManager] Initial URL: [data:,] @13-10-2021 20:51:18.0034 PM
[ReportManager] Browser Action [NavigateToURL] successfully performed. With the following test data [https://www.google.com/ncr]. @13-10-2021 20:51:18.0934 P

################################################################################################################################################
Starting Execution:	[23 out of 143] test cases in the current suite
Test Method:		[unitTests.tests_validations_assertions.assertElementAttribute_true_regexComparison_expectedToFail]
################################################################################################################################################
[ReportManager] Element Action [Type] successfully performed. With the following test data [Automation123]. @13-10-2021 20:51:19.0336 PM
[ReportManager] Element Action [GetText] successfully performed. With the following test data [Automation123]. @13-10-2021 20:51:19.0431 PM
[ReportManager] Loaded Shared OpenCV @13-10-2021 20:51:19.0575 PM
[ReportManager] Assertion [ValidateElementAttribute] FAILED. Expected [Value Should be 'Automation' for the 'text' attribute, element locator 'By.name: q'] and Actual [Automation123]. Comparison Type [MATCHES]. Validation Type [POSITIVE]. @13-10-2021 20:51:19.0684 PM
[ReportManager] Successfully created attachment [Screenshot - 1634158279575_assertElementAttribute_true_regexComparison_expectedToFail_ValidateElementAttribute_failed] @13-10-2021 20:51:19.0686 P
[ReportManager] Browser Action [CloseCurrentWindow] successfully performed. @13-10-2021 20:51:19.0838 PM
[ReportManager] Successfully created attachment [Browser Action Test Data - CloseCurrentWindow - Actual Value] @13-10-2021 20:51:19.0840 P
[ReportManager] File Action [GetAbsolutePath] successfully performed. With the following test data [Relative Folder Path: "target/downloadedFiles/"]. @13-10-2021 20:51:19.0844 PM
[ReportManager] Attempting to run remotely on: [Linux-64], [GoogleChrome], [http://localhost:4444/wd/hub], Headless Execution. @13-10-2021 20:51:19.0845 PM
[ReportManager] Successfully Opened [GoogleChrome]. @13-10-2021 20:51:20.0106 PM
[ReportManager] Target URL: [https://www.google.com/ncr], and after redirection: [www.google.com] @13-10-2021 20:51:20.0129 PM
[ReportManager] Initial URL: [data:,] @13-10-2021 20:51:20.0180 PM
[ReportManager] Browser Action [NavigateToURL] successfully performed. With the following test data [https://www.google.com/ncr]. @13-10-2021 20:51:21.0071 P

################################################################################################################################################
Starting Execution:	[24 out of 143] test cases in the current suite
Test Method:		[unitTests.tests_validations_assertions.assertElementAttribute_true_regexComparison_expectedToPass]
################################################################################################################################################
[ReportManager] Element Action [Type] successfully performed. With the following test data [Automation123]. @13-10-2021 20:51:21.0502 PM
[ReportManager] Element Action [GetText] successfully performed. With the following test data [Automation123]. @13-10-2021 20:51:21.0622 PM
[ReportManager] Loaded Shared OpenCV @13-10-2021 20:51:21.0779 PM
[ReportManager] Assertion [ValidateElementAttribute] PASSED. Expected [Value Should be 'Automation.*' for the 'text' attribute, element locator 'By.name: q'] and Actual [Automation123]. Comparison Type [MATCHES]. Validation Type [POSITIVE]. @13-10-2021 20:51:21.0857 PM
[ReportManager] Successfully created attachment [Screenshot - 1634158281779_assertElementAttribute_true_regexComparison_expectedToPass_ValidateElementAttribute_passed] @13-10-2021 20:51:21.0858 P
[ReportManager] Browser Action [CloseCurrentWindow] successfully performed. @13-10-2021 20:51:21.0987 PM
[ReportManager] Successfully created attachment [Browser Action Test Data - CloseCurrentWindow - Actual Value] @13-10-2021 20:51:21.0988 P
[ReportManager] File Action [GetAbsolutePath] successfully performed. With the following test data [Relative Folder Path: "target/downloadedFiles/"]. @13-10-2021 20:51:21.0991 PM
[ReportManager] Attempting to run remotely on: [Linux-64], [GoogleChrome], [http://localhost:4444/wd/hub], Headless Execution. @13-10-2021 20:51:21.0991 PM
[ReportManager] Successfully Opened [GoogleChrome]. @13-10-2021 20:51:22.0254 PM
[ReportManager] Target URL: [https://www.google.com/ncr], and after redirection: [www.google.com] @13-10-2021 20:51:22.0272 PM
[ReportManager] Initial URL: [data:,] @13-10-2021 20:51:22.0312 PM
[ReportManager] Browser Action [NavigateToURL] successfully performed. With the following test data [https://www.google.com/ncr]. @13-10-2021 20:51:23.0211 P

################################################################################################################################################
Starting Execution:	[25 out of 143] test cases in the current suite
Test Method:		[unitTests.tests_validations_assertions.assertElementAttribute_type_true_literalComparison_expectedToPass]
################################################################################################################################################
[ReportManager] Element Action [Type] successfully performed. With the following test data [Automation!@#$%^&*()_+{}[]\';/.,]. @13-10-2021 20:51:23.0819 PM
[ReportManager] Element Action [GetText] successfully performed. With the following test data [Automation!@#$%^&*()_+{}[]\';/.,]. @13-10-2021 20:51:23.0918 PM
[ReportManager] Loaded Shared OpenCV @13-10-2021 20:51:24.0068 PM
[ReportManager] Assertion [ValidateElementAttribute] PASSED. Expected [Value Should be 'Automation!@#$%^&*()_+{}[]\';/.,' for the 'text' attribute, element locator 'By.name: q'] and Actual [Automation!@#$%^&*()_+{}[]\';/.,]. Comparison Type [EQUALS]. Validation Type [POSITIVE]. @13-10-2021 20:51:24.0156 PM
[ReportManager] Successfully created attachment [Screenshot - 1634158284068_assertElementAttribute_type_true_literalComparison_expectedToPass_ValidateElementAttribute_passed] @13-10-2021 20:51:24.0157 P
[ReportManager] Browser Action [CloseCurrentWindow] successfully performed. @13-10-2021 20:51:24.0299 PM
[ReportManager] Successfully created attachment [Browser Action Test Data - CloseCurrentWindow - Actual Value] @13-10-2021 20:51:24.0300 P
[ReportManager] File Action [GetAbsolutePath] successfully performed. With the following test data [Relative Folder Path: "target/downloadedFiles/"]. @13-10-2021 20:51:24.0307 PM
[ReportManager] Attempting to run remotely on: [Linux-64], [GoogleChrome], [http://localhost:4444/wd/hub], Headless Execution. @13-10-2021 20:51:24.0309 PM
[ReportManager] Successfully Opened [GoogleChrome]. @13-10-2021 20:51:24.0612 PM
[ReportManager] Target URL: [https://www.google.com/ncr], and after redirection: [www.google.com] @13-10-2021 20:51:24.0628 PM
[ReportManager] Initial URL: [data:,] @13-10-2021 20:51:24.0687 PM
[ReportManager] Browser Action [NavigateToURL] successfully performed. With the following test data [https://www.google.com/ncr]. @13-10-2021 20:51:25.0556 P

################################################################################################################################################
Starting Execution:	[26 out of 143] test cases in the current suite
Test Method:		[unitTests.tests_validations_assertions.assertElementExists_false_expectedToFail]
################################################################################################################################################
[ReportManager] Assertion [ValidateElementExists] PASSED. Expected [Element Should not Exist, locator 'By.id: hplogo'] and Actual [Element Doesn't Exists]. Comparison Type [EQUALS]. Validation Type [NEGATIVE]. @13-10-2021 20:51:36.0033 PM
[ReportManager] Successfully created attachment [Screenshot - 1634158295914_assertElementExists_false_expectedToFail_ValidateElementExists_passed] @13-10-2021 20:51:36.0034 P
[ReportManager] Browser Action [CloseCurrentWindow] successfully performed. @13-10-2021 20:51:36.0189 PM
[ReportManager] Successfully created attachment [Browser Action Test Data - CloseCurrentWindow - Actual Value] @13-10-2021 20:51:36.0190 P
[ReportManager] File Action [GetAbsolutePath] successfully performed. With the following test data [Relative Folder Path: "target/downloadedFiles/"]. @13-10-2021 20:51:36.0193 PM
[ReportManager] Attempting to run remotely on: [Linux-64], [GoogleChrome], [http://localhost:4444/wd/hub], Headless Execution. @13-10-2021 20:51:36.0193 PM
[ReportManager] Successfully Opened [GoogleChrome]. @13-10-2021 20:51:36.0480 PM
[ReportManager] Target URL: [https://www.google.com/ncr], and after redirection: [www.google.com] @13-10-2021 20:51:36.0496 PM
[ReportManager] Initial URL: [data:,] @13-10-2021 20:51:36.0545 PM
[ReportManager] Browser Action [NavigateToURL] successfully performed. With the following test data [https://www.google.com/ncr]. @13-10-2021 20:51:37.0487 P

################################################################################################################################################
Starting Execution:	[27 out of 143] test cases in the current suite
Test Method:		[unitTests.tests_validations_assertions.assertElementExists_false_expectedToPass]
################################################################################################################################################
[ReportManager] Assertion [ValidateElementExists] PASSED. Expected [Element Should not Exist, locator 'By.id: fakeElement'] and Actual [Element Doesn't Exists]. Comparison Type [EQUALS]. Validation Type [NEGATIVE]. @13-10-2021 20:51:47.0900 PM
[ReportManager] Successfully created attachment [Screenshot - 1634158307834_assertElementExists_false_expectedToPass_ValidateElementExists_passed] @13-10-2021 20:51:47.0901 P
[ReportManager] Browser Action [CloseCurrentWindow] successfully performed. @13-10-2021 20:51:48.0037 PM
[ReportManager] Successfully created attachment [Browser Action Test Data - CloseCurrentWindow - Actual Value] @13-10-2021 20:51:48.0038 P
[ReportManager] File Action [GetAbsolutePath] successfully performed. With the following test data [Relative Folder Path: "target/downloadedFiles/"]. @13-10-2021 20:51:48.0041 PM
[ReportManager] Attempting to run remotely on: [Linux-64], [GoogleChrome], [http://localhost:4444/wd/hub], Headless Execution. @13-10-2021 20:51:48.0041 PM
[ReportManager] Successfully Opened [GoogleChrome]. @13-10-2021 20:51:48.0281 PM
[ReportManager] Target URL: [https://www.google.com/ncr], and after redirection: [www.google.com] @13-10-2021 20:51:48.0295 PM
[ReportManager] Initial URL: [data:,] @13-10-2021 20:51:48.0337 PM
[ReportManager] Browser Action [NavigateToURL] successfully performed. With the following test data [https://www.google.com/ncr]. @13-10-2021 20:51:49.0352 P

################################################################################################################################################
Starting Execution:	[28 out of 143] test cases in the current suite
Test Method:		[unitTests.tests_validations_assertions.assertElementExists_false_multipleElementsFound_expectedToFail]
################################################################################################################################################
[ReportManager] Assertion [ValidateElementExists] FAILED. Expected [Element Should not Exist, locator 'By.xpath: //div'] and Actual [Element Exists but is not unique]. Comparison Type [EQUALS]. Validation Type [NEGATIVE]. @13-10-2021 20:51:49.0613 PM
[ReportManager] Successfully created attachment [Screenshot - 1634158309549_assertElementExists_false_multipleElementsFound_expectedToFail_ValidateElementExists_failed] @13-10-2021 20:51:49.0614 P
[ReportManager] Browser Action [CloseCurrentWindow] successfully performed. @13-10-2021 20:51:49.0767 PM
[ReportManager] Successfully created attachment [Browser Action Test Data - CloseCurrentWindow - Actual Value] @13-10-2021 20:51:49.0768 P
[ReportManager] File Action [GetAbsolutePath] successfully performed. With the following test data [Relative Folder Path: "target/downloadedFiles/"]. @13-10-2021 20:51:49.0772 PM
[ReportManager] Attempting to run remotely on: [Linux-64], [GoogleChrome], [http://localhost:4444/wd/hub], Headless Execution. @13-10-2021 20:51:49.0772 PM
[ReportManager] Successfully Opened [GoogleChrome]. @13-10-2021 20:51:50.0004 PM
[ReportManager] Target URL: [https://www.google.com/ncr], and after redirection: [www.google.com] @13-10-2021 20:51:50.0017 PM
[ReportManager] Initial URL: [data:,] @13-10-2021 20:51:50.0070 PM
[ReportManager] Browser Action [NavigateToURL] successfully performed. With the following test data [https://www.google.com/ncr]. @13-10-2021 20:51:51.0084 P

################################################################################################################################################
Starting Execution:	[29 out of 143] test cases in the current suite
Test Method:		[unitTests.tests_validations_assertions.assertElementExists_true_expectedToFail]
################################################################################################################################################
[ReportManager] Assertion [ValidateElementExists] FAILED. Expected [Element Should Exist, locator 'By.id: fakeElement'] and Actual [Element Doesn't Exists]. Comparison Type [EQUALS]. Validation Type [POSITIVE]. @13-10-2021 20:52:21.0813 PM
[ReportManager] Successfully created attachment [Screenshot - 1634158341749_assertElementExists_true_expectedToFail_ValidateElementExists_failed] @13-10-2021 20:52:21.0814 P
[ReportManager] Browser Action [CloseCurrentWindow] successfully performed. @13-10-2021 20:52:21.0960 PM
[ReportManager] Successfully created attachment [Browser Action Test Data - CloseCurrentWindow - Actual Value] @13-10-2021 20:52:21.0961 P
[ReportManager] File Action [GetAbsolutePath] successfully performed. With the following test data [Relative Folder Path: "target/downloadedFiles/"]. @13-10-2021 20:52:21.0963 PM
[ReportManager] Attempting to run remotely on: [Linux-64], [GoogleChrome], [http://localhost:4444/wd/hub], Headless Execution. @13-10-2021 20:52:21.0964 PM
[ReportManager] Successfully Opened [GoogleChrome]. @13-10-2021 20:52:22.0205 PM
[ReportManager] Target URL: [https://www.google.com/ncr], and after redirection: [www.google.com] @13-10-2021 20:52:22.0221 PM
[ReportManager] Initial URL: [data:,] @13-10-2021 20:52:22.0264 PM
[ReportManager] Browser Action [NavigateToURL] successfully performed. With the following test data [https://www.google.com/ncr]. @13-10-2021 20:52:23.0204 P

################################################################################################################################################
Starting Execution:	[30 out of 143] test cases in the current suite
Test Method:		[unitTests.tests_validations_assertions.assertElementExists_true_expectedToPass]
################################################################################################################################################
[ReportManager] Loaded Shared OpenCV @13-10-2021 20:52:23.0401 PM
[ReportManager] Assertion [ValidateElementExists] PASSED. Expected [Element Should Exist, locator 'By.xpath: //*[@id='hplogo' or @alt='Google']'] and Actual [Element Exists]. Comparison Type [EQUALS]. Validation Type [POSITIVE]. @13-10-2021 20:52:23.0486 PM
[ReportManager] Successfully created attachment [Screenshot - 1634158343400_assertElementExists_true_expectedToPass_ValidateElementExists_passed] @13-10-2021 20:52:23.0487 P
[ReportManager] Browser Action [CloseCurrentWindow] successfully performed. @13-10-2021 20:52:23.0619 PM
[ReportManager] Successfully created attachment [Browser Action Test Data - CloseCurrentWindow - Actual Value] @13-10-2021 20:52:23.0620 P
[ReportManager] File Action [GetAbsolutePath] successfully performed. With the following test data [Relative Folder Path: "target/downloadedFiles/"]. @13-10-2021 20:52:23.0623 PM
[ReportManager] Attempting to run remotely on: [Linux-64], [GoogleChrome], [http://localhost:4444/wd/hub], Headless Execution. @13-10-2021 20:52:23.0623 PM
[ReportManager] Successfully Opened [GoogleChrome]. @13-10-2021 20:52:23.0857 PM
[ReportManager] Target URL: [https://www.google.com/ncr], and after redirection: [www.google.com] @13-10-2021 20:52:23.0875 PM
[ReportManager] Initial URL: [data:,] @13-10-2021 20:52:23.0915 PM
[ReportManager] Browser Action [NavigateToURL] successfully performed. With the following test data [https://www.google.com/ncr]. @13-10-2021 20:52:24.0894 P

################################################################################################################################################
Starting Execution:	[31 out of 143] test cases in the current suite
Test Method:		[unitTests.tests_validations_assertions.assertElementExists_true_multipleElementsFound_expectedToFail]
################################################################################################################################################
[ReportManager] Assertion [ValidateElementExists] FAILED. Expected [Element Should Exist, locator 'By.xpath: //div'] and Actual [Element Exists but is not unique]. Comparison Type [EQUALS]. Validation Type [POSITIVE]. @13-10-2021 20:52:25.0137 PM
[ReportManager] Successfully created attachment [Screenshot - 1634158345065_assertElementExists_true_multipleElementsFound_expectedToFail_ValidateElementExists_failed] @13-10-2021 20:52:25.0138 P
[ReportManager] Browser Action [CloseCurrentWindow] successfully performed. @13-10-2021 20:52:25.0271 PM
[ReportManager] Successfully created attachment [Browser Action Test Data - CloseCurrentWindow - Actual Value] @13-10-2021 20:52:25.0272 P

################################################################################################################################################
Starting Execution:	[32 out of 143] test cases in the current suite
Test Method:		[unitTests.tests_validations_assertions.assertEquals_false_expectedToFail]
################################################################################################################################################
[ReportManager] Assertion [ValidateEquals] FAILED. Expected [1] and Actual [1]. Comparison Type [EQUALS]. Validation Type [NEGATIVE]. @13-10-2021 20:52:25.0278 P

################################################################################################################################################
Starting Execution:	[33 out of 143] test cases in the current suite
Test Method:		[unitTests.tests_validations_assertions.assertEquals_false_expectedToPass]
################################################################################################################################################
[ReportManager] Assertion [ValidateEquals] PASSED. Expected [1] and Actual [2]. Comparison Type [EQUALS]. Validation Type [NEGATIVE]. @13-10-2021 20:52:25.0281 P

################################################################################################################################################
Starting Execution:	[34 out of 143] test cases in the current suite
Test Method:		[unitTests.tests_validations_assertions.assertEquals_longCharacters]
################################################################################################################################################
[ReportManager] Verification [ValidateEquals] PASSED. Expected and Actual values are attached. Comparison Type [EQUALS]. Validation Type [POSITIVE]. @13-10-2021 20:52:25.0288 PM
[ReportManager] Successfully created attachment [Validation Test Data - Expected Value] @13-10-2021 20:52:25.0288 PM
[ReportManager] Successfully created attachment [Validation Test Data - Actual Value] @13-10-2021 20:52:25.0289 PM
[ReportManager] Assertion [ValidateEquals] PASSED. Expected and Actual values are attached. Comparison Type [EQUALS]. Validation Type [POSITIVE]. @13-10-2021 20:52:25.0289 PM
[ReportManager] Successfully created attachment [Validation Test Data - Expected Value] @13-10-2021 20:52:25.0289 PM
[ReportManager] Successfully created attachment [Validation Test Data - Actual Value] @13-10-2021 20:52:25.0290 P

################################################################################################################################################
Starting Execution:	[35 out of 143] test cases in the current suite
Test Method:		[unitTests.tests_validations_assertions.assertEquals_longCharacters_Discreet]
################################################################################################################################################
[ReportManager] Assertion [ValidateEquals] PASSED. Expected [1LH5pROcDBjjQk0t0mCr0lXuzQu9lcGj28kY8R1H81X67eVAQJgWQhILiRWVPUgZ6uCtK5cnBkF55Jr9vYngjGO1Iyf0Mktv6lruDlL9T8MAUPcUZJGHZtji6nIeadujDSNmWMj5d6C8zlFqw0CRqBU0hO5adIasHgBSNoLotAjce3NGXoDwAlp3rYreeV16VIyZXROQY] and Actual [1LH5pROcDBjjQk0t0mCr0lXuzQu9lcGj28kY8R1H81X67eVAQJgWQhILiRWVPUgZ6uCtK5cnBkF55Jr9vYngjGO1Iyf0Mktv6lruDlL9T8MAUPcUZJGHZtji6nIeadujDSNmWMj5d6C8zlFqw0CRqBU0hO5adIasHgBSNoLotAjce3NGXoDwAlp3rYreeV16VIyZXROQY]. Comparison Type [EQUALS]. Validation Type [POSITIVE]. @13-10-2021 20:52:25.0293 P

################################################################################################################################################
Starting Execution:	[36 out of 143] test cases in the current suite
Test Method:		[unitTests.tests_validations_assertions.assertEquals_true_expectedToFail]
################################################################################################################################################
[ReportManager] Assertion [ValidateEquals] FAILED. Expected [1] and Actual [2]. Comparison Type [EQUALS]. Validation Type [POSITIVE]. @13-10-2021 20:52:25.0296 P

################################################################################################################################################
Starting Execution:	[37 out of 143] test cases in the current suite
Test Method:		[unitTests.tests_validations_assertions.assertEquals_true_expectedToPass]
Test Description:	[Assert that assertEquals works as expected when the two values are equal.]
################################################################################################################################################
[ReportManager] Verification [ValidateEquals] PASSED. Expected [1] and Actual [1]. Comparison Type [EQUALS]. Validation Type [POSITIVE]. @13-10-2021 20:52:25.0302 PM
[ReportManager] Assertion [ValidateEquals] PASSED. Expected [1] and Actual [1]. Comparison Type [EQUALS]. Validation Type [POSITIVE]. @13-10-2021 20:52:25.0303 P

################################################################################################################################################
Starting Execution:	[38 out of 143] test cases in the current suite
Test Method:		[unitTests.tests_validations_assertions.assertEquals_true_expectedToPass__]
################################################################################################################################################
[ReportManager] Assertion [ValidateEquals] PASSED. Expected [1] and Actual [1]. Comparison Type [EQUALS]. Validation Type [POSITIVE]. @13-10-2021 20:52:25.0305 P

################################################################################################################################################
Starting Execution:	[39 out of 143] test cases in the current suite
Test Method:		[unitTests.tests_validations_assertions.assertFileExists_false_expectedToFail]
################################################################################################################################################
[ReportManager] File Action [DoesFileExist] successfully performed. With the following test data [File Path: "src/main/java/com/shaft/gui/element/ElementActions.java"]. @13-10-2021 20:52:25.0308 PM
[ReportManager] Assertion [ValidateFileExists] FAILED. Expected [File 'src/main/java/com/shaft/gui/element/ElementActions.java' should not exist, after up to '1' retries] and Actual [File exists]. Validation Type [NEGATIVE]. @13-10-2021 20:52:25.0316 P

################################################################################################################################################
Starting Execution:	[40 out of 143] test cases in the current suite
Test Method:		[unitTests.tests_validations_assertions.assertFileExists_false_expectedToPass]
################################################################################################################################################
[ReportManager] File Action [DoesFileExist] successfully performed. With the following test data [File Path: "src/main/java/com/shaft/gui/element/ElementActions.java_fail"]. @13-10-2021 20:52:25.0819 PM
[ReportManager] Assertion [ValidateFileExists] PASSED. Expected [File 'src/main/java/com/shaft/gui/element/ElementActions.java_fail' should not exist, after up to '1' retries] and Actual [File does not exist]. Validation Type [NEGATIVE]. @13-10-2021 20:52:25.0820 P

################################################################################################################################################
Starting Execution:	[41 out of 143] test cases in the current suite
Test Method:		[unitTests.tests_validations_assertions.assertFileExists_true_expectedToFail]
################################################################################################################################################
[ReportManager] File Action [DoesFileExist] successfully performed. With the following test data [File Path: "src/main/java/com/shaft/gui/element/ElementActions.java_fail"]. @13-10-2021 20:52:26.0325 PM
[ReportManager] Assertion [ValidateFileExists] FAILED. Expected [File 'src/main/java/com/shaft/gui/element/ElementActions.java_fail' should exist, after up to '1' retries] and Actual [File does not exist]. Validation Type [POSITIVE]. @13-10-2021 20:52:26.0325 P

################################################################################################################################################
Starting Execution:	[42 out of 143] test cases in the current suite
Test Method:		[unitTests.tests_validations_assertions.assertFileExists_true_expectedToPass]
################################################################################################################################################
[ReportManager] File Action [DoesFileExist] successfully performed. With the following test data [File Path: "src/main/java/com/shaft/gui/element/ElementActions.java"]. @13-10-2021 20:52:26.0330 PM
[ReportManager] Assertion [ValidateFileExists] PASSED. Expected [File 'src/main/java/com/shaft/gui/element/ElementActions.java' should exist, after up to '1' retries] and Actual [File exists]. Validation Type [POSITIVE]. @13-10-2021 20:52:26.0330 P

################################################################################################################################################
Starting Execution:	[43 out of 143] test cases in the current suite
Test Method:		[unitTests.tests_validations_assertions.assertNull_false_expectedToFail]
################################################################################################################################################
[ReportManager] Assertion [ValidateNull] FAILED. Expected [NULL] and Actual [NULL]. Comparison Type [EQUALS]. Validation Type [NEGATIVE]. @13-10-2021 20:52:26.0333 P

################################################################################################################################################
Starting Execution:	[44 out of 143] test cases in the current suite
Test Method:		[unitTests.tests_validations_assertions.assertNull_false_expectedToPass]
################################################################################################################################################
[ReportManager] Assertion [ValidateNull] PASSED. Expected [NULL] and Actual [1]. Comparison Type [EQUALS]. Validation Type [NEGATIVE]. @13-10-2021 20:52:26.0335 P

################################################################################################################################################
Starting Execution:	[45 out of 143] test cases in the current suite
Test Method:		[unitTests.tests_validations_assertions.assertNull_true_expectedToFail]
################################################################################################################################################
[ReportManager] Assertion [ValidateNull] FAILED. Expected [NULL] and Actual [1]. Comparison Type [EQUALS]. Validation Type [POSITIVE]. @13-10-2021 20:52:26.0338 P

################################################################################################################################################
Starting Execution:	[46 out of 143] test cases in the current suite
Test Method:		[unitTests.tests_validations_assertions.assertNull_true_expectedToPass]
################################################################################################################################################
[ReportManager] Assertion [ValidateNull] PASSED. Expected [NULL] and Actual [NULL]. Comparison Type [EQUALS]. Validation Type [POSITIVE]. @13-10-2021 20:52:26.0340 P

################################################################################################################################################
Starting Execution:	[47 out of 143] test cases in the current suite
Test Method:		[unitTests.tests_restActions.getPostsAndAssertBodyForSpecificTitle]
################################################################################################################################################
[ReportManager] Response status code: [200], status line: [HTTP/1.1 200 OK] @13-10-2021 20:52:28.0515 PM
[ReportManager] Assertion Passed: Evaluating the actual response status code against the expected one... @13-10-2021 20:52:28.0515 PM
[ReportManager] Assertion [ValidateEquals] PASSED. Expected [200] and Actual [200]. Comparison Type [EQUALS]. Validation Type [POSITIVE]. @13-10-2021 20:52:28.0515 PM
[ReportManager] API Action [PerformRequest] successfully performed. With the following test data [Request Type: "GET" | Target Status Code: "200" | Service URL: "https://jsonplaceholder.typicode.com/posts" | Content Type: "*/*" | Response Time: "801ms"]. @13-10-2021 20:52:29.0789 PM
[ReportManager] Successfully created attachment [API Request - Specifications] @13-10-2021 20:52:29.0789 PM
[ReportManager] Successfully created attachment [API Response - JSON Body] @13-10-2021 20:52:30.0031 PM
[ReportManager] API Action [GetResponseJSONValueAsList] successfully performed. @13-10-2021 20:52:30.0069 PM
[ReportManager] API Action [GetResponseJSONValue] successfully performed. With the following test data [title]. @13-10-2021 20:52:30.0095 PM
[ReportManager] API Action [GetResponseJSONValue] successfully performed. With the following test data [title]. @13-10-2021 20:52:30.0122 PM
[ReportManager] API Action [GetResponseJSONValue] successfully performed. With the following test data [body]. @13-10-2021 20:52:30.0149 PM
[ReportManager] Assertion [ValidateEquals] PASSED. Expected [qui neque nisi nulla] and Actual [est rerum tempore vitae
sequi sint nihil reprehenderit dolor beatae ea dolores neque
fugiat blanditiis voluptate porro vel nihil molestiae ut reiciendis
qui aperiam non debitis possimus qui neque nisi nulla]. Comparison Type [CONTAINS]. Validation Type [POSITIVE]. @13-10-2021 20:52:30.0150 PM
[ReportManager] API Action [GetResponseJSONValue] successfully performed. With the following test data [title]. @13-10-2021 20:52:30.0167 PM
[ReportManager] API Action [GetResponseJSONValue] successfully performed. With the following test data [title]. @13-10-2021 20:52:30.0184 PM
[ReportManager] API Action [GetResponseJSONValue] successfully performed. With the following test data [title]. @13-10-2021 20:52:30.0208 PM
[ReportManager] API Action [GetResponseJSONValue] successfully performed. With the following test data [title]. @13-10-2021 20:52:30.0228 PM
[ReportManager] API Action [GetResponseJSONValue] successfully performed. With the following test data [title]. @13-10-2021 20:52:30.0247 PM
[ReportManager] API Action [GetResponseJSONValue] successfully performed. With the following test data [title]. @13-10-2021 20:52:30.0267 PM
[ReportManager] API Action [GetResponseJSONValue] successfully performed. With the following test data [title]. @13-10-2021 20:52:30.0286 PM
[ReportManager] API Action [GetResponseJSONValue] successfully performed. With the following test data [title]. @13-10-2021 20:52:30.0304 PM
[ReportManager] API Action [GetResponseJSONValue] successfully performed. With the following test data [title]. @13-10-2021 20:52:30.0321 PM
[ReportManager] API Action [GetResponseJSONValue] successfully performed. With the following test data [title]. @13-10-2021 20:52:30.0336 PM
[ReportManager] API Action [GetResponseJSONValue] successfully performed. With the following test data [title]. @13-10-2021 20:52:30.0361 PM
[ReportManager] API Action [GetResponseJSONValue] successfully performed. With the following test data [title]. @13-10-2021 20:52:30.0389 PM
[ReportManager] API Action [GetResponseJSONValue] successfully performed. With the following test data [title]. @13-10-2021 20:52:30.0403 PM
[ReportManager] API Action [GetResponseJSONValue] successfully performed. With the following test data [title]. @13-10-2021 20:52:30.0418 PM
[ReportManager] API Action [GetResponseJSONValue] successfully performed. With the following test data [title]. @13-10-2021 20:52:30.0441 PM
[ReportManager] API Action [GetResponseJSONValue] successfully performed. With the following test data [title]. @13-10-2021 20:52:30.0458 PM
[ReportManager] API Action [GetResponseJSONValue] successfully performed. With the following test data [title]. @13-10-2021 20:52:30.0472 PM
[ReportManager] API Action [GetResponseJSONValue] successfully performed. With the following test data [title]. @13-10-2021 20:52:30.0486 PM
[ReportManager] API Action [GetResponseJSONValue] successfully performed. With the following test data [title]. @13-10-2021 20:52:30.0495 PM
[ReportManager] API Action [GetResponseJSONValue] successfully performed. With the following test data [title]. @13-10-2021 20:52:30.0511 PM
[ReportManager] API Action [GetResponseJSONValue] successfully performed. With the following test data [title]. @13-10-2021 20:52:30.0526 PM
[ReportManager] API Action [GetResponseJSONValue] successfully performed. With the following test data [title]. @13-10-2021 20:52:30.0571 PM
[ReportManager] API Action [GetResponseJSONValue] successfully performed. With the following test data [title]. @13-10-2021 20:52:30.0584 PM
[ReportManager] API Action [GetResponseJSONValue] successfully performed. With the following test data [title]. @13-10-2021 20:52:30.0597 PM
[ReportManager] API Action [GetResponseJSONValue] successfully performed. With the following test data [title]. @13-10-2021 20:52:30.0612 PM
[ReportManager] API Action [GetResponseJSONValue] successfully performed. With the following test data [title]. @13-10-2021 20:52:30.0623 PM
[ReportManager] API Action [GetResponseJSONValue] successfully performed. With the following test data [title]. @13-10-2021 20:52:30.0643 PM
[ReportManager] API Action [GetResponseJSONValue] successfully performed. With the following test data [title]. @13-10-2021 20:52:30.0659 PM
[ReportManager] API Action [GetResponseJSONValue] successfully performed. With the following test data [title]. @13-10-2021 20:52:30.0670 PM
[ReportManager] API Action [GetResponseJSONValue] successfully performed. With the following test data [title]. @13-10-2021 20:52:30.0679 PM
[ReportManager] API Action [GetResponseJSONValue] successfully performed. With the following test data [title]. @13-10-2021 20:52:30.0691 PM
[ReportManager] API Action [GetResponseJSONValue] successfully performed. With the following test data [title]. @13-10-2021 20:52:30.0705 PM
[ReportManager] API Action [GetResponseJSONValue] successfully performed. With the following test data [title]. @13-10-2021 20:52:30.0722 PM
[ReportManager] API Action [GetResponseJSONValue] successfully performed. With the following test data [title]. @13-10-2021 20:52:30.0731 PM
[ReportManager] API Action [GetResponseJSONValue] successfully performed. With the following test data [title]. @13-10-2021 20:52:30.0746 PM
[ReportManager] API Action [GetResponseJSONValue] successfully performed. With the following test data [title]. @13-10-2021 20:52:30.0757 PM
[ReportManager] API Action [GetResponseJSONValue] successfully performed. With the following test data [title]. @13-10-2021 20:52:30.0768 PM
[ReportManager] API Action [GetResponseJSONValue] successfully performed. With the following test data [title]. @13-10-2021 20:52:30.0778 PM
[ReportManager] API Action [GetResponseJSONValue] successfully performed. With the following test data [title]. @13-10-2021 20:52:30.0798 PM
[ReportManager] API Action [GetResponseJSONValue] successfully performed. With the following test data [title]. @13-10-2021 20:52:30.0808 PM
[ReportManager] API Action [GetResponseJSONValue] successfully performed. With the following test data [title]. @13-10-2021 20:52:30.0818 PM
[ReportManager] API Action [GetResponseJSONValue] successfully performed. With the following test data [title]. @13-10-2021 20:52:30.0828 PM
[ReportManager] API Action [GetResponseJSONValue] successfully performed. With the following test data [title]. @13-10-2021 20:52:30.0837 PM
[ReportManager] API Action [GetResponseJSONValue] successfully performed. With the following test data [title]. @13-10-2021 20:52:30.0853 PM
[ReportManager] API Action [GetResponseJSONValue] successfully performed. With the following test data [title]. @13-10-2021 20:52:30.0865 PM
[ReportManager] API Action [GetResponseJSONValue] successfully performed. With the following test data [title]. @13-10-2021 20:52:30.0878 PM
[ReportManager] API Action [GetResponseJSONValue] successfully performed. With the following test data [title]. @13-10-2021 20:52:30.0889 PM
[ReportManager] API Action [GetResponseJSONValue] successfully performed. With the following test data [title]. @13-10-2021 20:52:30.0908 PM
[ReportManager] API Action [GetResponseJSONValue] successfully performed. With the following test data [title]. @13-10-2021 20:52:30.0927 PM
[ReportManager] API Action [GetResponseJSONValue] successfully performed. With the following test data [title]. @13-10-2021 20:52:30.0943 PM
[ReportManager] API Action [GetResponseJSONValue] successfully performed. With the following test data [title]. @13-10-2021 20:52:30.0951 PM
[ReportManager] API Action [GetResponseJSONValue] successfully performed. With the following test data [title]. @13-10-2021 20:52:30.0959 PM
[ReportManager] API Action [GetResponseJSONValue] successfully performed. With the following test data [title]. @13-10-2021 20:52:30.0968 PM
[ReportManager] API Action [GetResponseJSONValue] successfully performed. With the following test data [title]. @13-10-2021 20:52:30.0976 PM
[ReportManager] API Action [GetResponseJSONValue] successfully performed. With the following test data [title]. @13-10-2021 20:52:30.0983 PM
[ReportManager] API Action [GetResponseJSONValue] successfully performed. With the following test data [title]. @13-10-2021 20:52:30.0990 PM
[ReportManager] API Action [GetResponseJSONValue] successfully performed. With the following test data [title]. @13-10-2021 20:52:30.0998 PM
[ReportManager] API Action [GetResponseJSONValue] successfully performed. With the following test data [title]. @13-10-2021 20:52:31.0006 PM
[ReportManager] API Action [GetResponseJSONValue] successfully performed. With the following test data [title]. @13-10-2021 20:52:31.0014 PM
[ReportManager] API Action [GetResponseJSONValue] successfully performed. With the following test data [title]. @13-10-2021 20:52:31.0039 PM
[ReportManager] API Action [GetResponseJSONValue] successfully performed. With the following test data [title]. @13-10-2021 20:52:31.0048 PM
[ReportManager] API Action [GetResponseJSONValue] successfully performed. With the following test data [title]. @13-10-2021 20:52:31.0055 PM
[ReportManager] API Action [GetResponseJSONValue] successfully performed. With the following test data [title]. @13-10-2021 20:52:31.0070 PM
[ReportManager] API Action [GetResponseJSONValue] successfully performed. With the following test data [title]. @13-10-2021 20:52:31.0080 PM
[ReportManager] API Action [GetResponseJSONValue] successfully performed. With the following test data [title]. @13-10-2021 20:52:31.0089 PM
[ReportManager] API Action [GetResponseJSONValue] successfully performed. With the following test data [title]. @13-10-2021 20:52:31.0098 PM
[ReportManager] API Action [GetResponseJSONValue] successfully performed. With the following test data [title]. @13-10-2021 20:52:31.0107 PM
[ReportManager] API Action [GetResponseJSONValue] successfully performed. With the following test data [title]. @13-10-2021 20:52:31.0116 PM
[ReportManager] API Action [GetResponseJSONValue] successfully performed. With the following test data [title]. @13-10-2021 20:52:31.0124 PM
[ReportManager] API Action [GetResponseJSONValue] successfully performed. With the following test data [title]. @13-10-2021 20:52:31.0133 PM
[ReportManager] API Action [GetResponseJSONValue] successfully performed. With the following test data [title]. @13-10-2021 20:52:31.0142 PM
[ReportManager] API Action [GetResponseJSONValue] successfully performed. With the following test data [title]. @13-10-2021 20:52:31.0151 PM
[ReportManager] API Action [GetResponseJSONValue] successfully performed. With the following test data [title]. @13-10-2021 20:52:31.0159 PM
[ReportManager] API Action [GetResponseJSONValue] successfully performed. With the following test data [title]. @13-10-2021 20:52:31.0169 PM
[ReportManager] API Action [GetResponseJSONValue] successfully performed. With the following test data [title]. @13-10-2021 20:52:31.0177 PM
[ReportManager] API Action [GetResponseJSONValue] successfully performed. With the following test data [title]. @13-10-2021 20:52:31.0186 PM
[ReportManager] API Action [GetResponseJSONValue] successfully performed. With the following test data [title]. @13-10-2021 20:52:31.0194 PM
[ReportManager] API Action [GetResponseJSONValue] successfully performed. With the following test data [title]. @13-10-2021 20:52:31.0206 PM
[ReportManager] API Action [GetResponseJSONValue] successfully performed. With the following test data [title]. @13-10-2021 20:52:31.0216 PM
[ReportManager] API Action [GetResponseJSONValue] successfully performed. With the following test data [title]. @13-10-2021 20:52:31.0228 PM
[ReportManager] API Action [GetResponseJSONValue] successfully performed. With the following test data [title]. @13-10-2021 20:52:31.0240 PM
[ReportManager] API Action [GetResponseJSONValue] successfully performed. With the following test data [title]. @13-10-2021 20:52:31.0261 PM
[ReportManager] API Action [GetResponseJSONValue] successfully performed. With the following test data [title]. @13-10-2021 20:52:31.0272 PM
[ReportManager] API Action [GetResponseJSONValue] successfully performed. With the following test data [title]. @13-10-2021 20:52:31.0286 PM
[ReportManager] API Action [GetResponseJSONValue] successfully performed. With the following test data [title]. @13-10-2021 20:52:31.0297 PM
[ReportManager] API Action [GetResponseJSONValue] successfully performed. With the following test data [title]. @13-10-2021 20:52:31.0313 PM
[ReportManager] API Action [GetResponseJSONValue] successfully performed. With the following test data [title]. @13-10-2021 20:52:31.0323 PM
[ReportManager] API Action [GetResponseJSONValue] successfully performed. With the following test data [title]. @13-10-2021 20:52:31.0334 PM
[ReportManager] API Action [GetResponseJSONValue] successfully performed. With the following test data [title]. @13-10-2021 20:52:31.0348 PM
[ReportManager] API Action [GetResponseJSONValue] successfully performed. With the following test data [title]. @13-10-2021 20:52:31.0361 PM
[ReportManager] API Action [GetResponseJSONValue] successfully performed. With the following test data [title]. @13-10-2021 20:52:31.0380 PM
[ReportManager] API Action [GetResponseJSONValue] successfully performed. With the following test data [title]. @13-10-2021 20:52:31.0400 PM
[ReportManager] API Action [GetResponseJSONValue] successfully performed. With the following test data [title]. @13-10-2021 20:52:31.0417 PM
[ReportManager] API Action [GetResponseJSONValue] successfully performed. With the following test data [title]. @13-10-2021 20:52:31.0434 PM
[ReportManager] API Action [GetResponseJSONValue] successfully performed. With the following test data [title]. @13-10-2021 20:52:31.0442 PM
[ReportManager] API Action [GetResponseJSONValue] successfully performed. With the following test data [title]. @13-10-2021 20:52:31.0450 PM
[ReportManager] API Action [GetResponseJSONValue] successfully performed. With the following test data [title]. @13-10-2021 20:52:31.0457 PM
[ReportManager] API Action [GetResponseJSONValue] successfully performed. With the following test data [title]. @13-10-2021 20:52:31.0469 P

################################################################################################################################################
Starting Execution:	[48 out of 143] test cases in the current suite
Test Method:		[unitTests.tests_restActions.validateUserEmail]
################################################################################################################################################
[ReportManager] Response status code: [200], status line: [HTTP/1.1 200 OK] @13-10-2021 20:52:31.0557 PM
[ReportManager] Assertion Passed: Evaluating the actual response status code against the expected one... @13-10-2021 20:52:31.0558 PM
[ReportManager] Assertion [ValidateEquals] PASSED. Expected [200] and Actual [200]. Comparison Type [EQUALS]. Validation Type [POSITIVE]. @13-10-2021 20:52:31.0558 PM
[ReportManager] API Action [PerformRequest] successfully performed. With the following test data [Request Type: "GET" | Target Status Code: "200" | Service URL: "https://jsonplaceholder.typicode.com/users" | Content Type: "*/*" | Response Time: "77ms"]. @13-10-2021 20:52:31.0577 PM
[ReportManager] Successfully created attachment [API Request - Specifications] @13-10-2021 20:52:31.0577 PM
[ReportManager] Successfully created attachment [API Response - JSON Body] @13-10-2021 20:52:31.0578 PM
[ReportManager] Assertion [ValidateEquals] PASSED. Expected and Actual values are attached. Comparison Type [CONTAINS]. Validation Type [POSITIVE]. @13-10-2021 20:52:31.0578 PM
[ReportManager] Successfully created attachment [Validation Test Data - Expected Value] @13-10-2021 20:52:31.0578 PM
[ReportManager] Successfully created attachment [Validation Test Data - Actual Value] @13-10-2021 20:52:31.0579 PM
[ReportManager] API Action [GetResponseJSONValueAsList] successfully performed. With the following test data [$]. @13-10-2021 20:52:31.0583 PM
[ReportManager] API Action [GetResponseJSONValue] successfully performed. With the following test data [name]. @13-10-2021 20:52:31.0593 PM
[ReportManager] API Action [GetResponseJSONValue] successfully performed. With the following test data [email]. @13-10-2021 20:52:31.0602 PM
[ReportManager] Assertion [ValidateEquals] PASSED. Expected [Sincere@april.biz] and Actual [Sincere@april.biz]. Comparison Type [EQUALS]. Validation Type [POSITIVE]. @13-10-2021 20:52:31.0602 PM
[ReportManager] API Action [GetResponseJSONValue] successfully performed. With the following test data [name]. @13-10-2021 20:52:31.0610 PM
[ReportManager] API Action [GetResponseJSONValue] successfully performed. With the following test data [name]. @13-10-2021 20:52:31.0618 PM
[ReportManager] API Action [GetResponseJSONValue] successfully performed. With the following test data [name]. @13-10-2021 20:52:31.0625 PM
[ReportManager] API Action [GetResponseJSONValue] successfully performed. With the following test data [name]. @13-10-2021 20:52:31.0634 PM
[ReportManager] API Action [GetResponseJSONValue] successfully performed. With the following test data [name]. @13-10-2021 20:52:31.0643 PM
[ReportManager] API Action [GetResponseJSONValue] successfully performed. With the following test data [name]. @13-10-2021 20:52:31.0652 PM
[ReportManager] API Action [GetResponseJSONValue] successfully performed. With the following test data [name]. @13-10-2021 20:52:31.0660 PM
[ReportManager] API Action [GetResponseJSONValue] successfully performed. With the following test data [name]. @13-10-2021 20:52:31.0668 PM
[ReportManager] API Action [GetResponseJSONValue] successfully performed. With the following test data [name]. @13-10-2021 20:52:31.0677 P
[ReportManager] File Action [GetAbsolutePath] successfully performed. With the following test data [Relative Folder Path: "target/downloadedFiles/"]. @13-10-2021 20:52:31.0680 PM
[ReportManager] Attempting to run remotely on: [Linux-64], [GoogleChrome], [http://localhost:4444/wd/hub], Headless Execution. @13-10-2021 20:52:31.0681 PM
[ReportManager] Successfully Opened [GoogleChrome]. @13-10-2021 20:52:31.0995 PM
[ReportManager] Target URL: [https://duckduckgo.com] @13-10-2021 20:52:32.0009 PM
[ReportManager] Initial URL: [data:,] @13-10-2021 20:52:32.0057 PM
[ReportManager] Browser Action [NavigateToURL] successfully performed. With the following test data [https://duckduckgo.com]. @13-10-2021 20:52:32.0763 P

################################################################################################################################################
Starting Execution:	[49 out of 143] test cases in the current suite
Test Method:		[unitTests.tests_browserActions.fullScreenWindow]
################################################################################################################################################
[ReportManager] Initial Windows Size: 800x600 @13-10-2021 20:52:32.0772 PM
[ReportManager] Initial window size: (800, 600) @13-10-2021 20:52:32.0774 PM
[ReportManager] Window size after Toolkit: (1920, 1080) @13-10-2021 20:52:32.0995 PM
[ReportManager] Browser Action [MaximizeWindow] successfully performed. With the following test data [New screen size is now: (1920, 1080)]. @13-10-2021 20:52:32.0997 PM
[ReportManager] Current Windows Size after fullScreen: 1920x1080 @13-10-2021 20:52:33.0002 PM
[ReportManager] Browser Action [FullScreenWindow] successfully performed. @13-10-2021 20:52:33.0042 PM
[ReportManager] Successfully created attachment [Browser Action Test Data - FullScreenWindow - Actual Value] @13-10-2021 20:52:33.0044 P
[ReportManager] Target URL: [https://duckduckgo.com] @13-10-2021 20:52:33.0046 PM
[ReportManager] Initial URL: [https://duckduckgo.com] @13-10-2021 20:52:33.0122 PM
[ReportManager] Browser Action [NavigateToURL] successfully performed. With the following test data [https://duckduckgo.com]. @13-10-2021 20:52:33.0492 PM
[ReportManager] Browser Action [CloseCurrentWindow] successfully performed. @13-10-2021 20:52:33.0599 PM
[ReportManager] Successfully created attachment [Browser Action Test Data - CloseCurrentWindow - Actual Value] @13-10-2021 20:52:33.0602 P
[ReportManager] File Action [GetAbsolutePath] successfully performed. With the following test data [Relative Folder Path: "target/downloadedFiles/"]. @13-10-2021 20:52:33.0610 PM
[ReportManager] Attempting to run remotely on: [Linux-64], [GoogleChrome], [http://localhost:4444/wd/hub], Headless Execution. @13-10-2021 20:52:33.0610 PM
[ReportManager] Successfully Opened [GoogleChrome]. @13-10-2021 20:52:33.0834 PM
[ReportManager] Target URL: [https://duckduckgo.com] @13-10-2021 20:52:33.0845 PM
[ReportManager] Initial URL: [data:,] @13-10-2021 20:52:33.0889 PM
[ReportManager] Browser Action [NavigateToURL] successfully performed. With the following test data [https://duckduckgo.com]. @13-10-2021 20:52:34.0468 P

################################################################################################################################################
Starting Execution:	[50 out of 143] test cases in the current suite
Test Method:		[unitTests.tests_browserActions.getCurrentURL]
################################################################################################################################################
[ReportManager] Browser Action [GetCurrentURL] successfully performed. With the following test data [https://duckduckgo.com/]. @13-10-2021 20:52:34.0510 P
[ReportManager] Target URL: [https://duckduckgo.com] @13-10-2021 20:52:34.0513 PM
[ReportManager] Initial URL: [https://duckduckgo.com] @13-10-2021 20:52:34.0574 PM
[ReportManager] Browser Action [NavigateToURL] successfully performed. With the following test data [https://duckduckgo.com]. @13-10-2021 20:52:34.0911 PM
[ReportManager] Browser Action [CloseCurrentWindow] successfully performed. @13-10-2021 20:52:35.0036 PM
[ReportManager] Successfully created attachment [Browser Action Test Data - CloseCurrentWindow - Actual Value] @13-10-2021 20:52:35.0037 P
[ReportManager] File Action [GetAbsolutePath] successfully performed. With the following test data [Relative Folder Path: "target/downloadedFiles/"]. @13-10-2021 20:52:35.0045 PM
[ReportManager] Attempting to run remotely on: [Linux-64], [GoogleChrome], [http://localhost:4444/wd/hub], Headless Execution. @13-10-2021 20:52:35.0046 PM
[ReportManager] Successfully Opened [GoogleChrome]. @13-10-2021 20:52:35.0297 PM
[ReportManager] Target URL: [https://duckduckgo.com] @13-10-2021 20:52:35.0327 PM
[ReportManager] Initial URL: [data:,] @13-10-2021 20:52:35.0368 PM
[ReportManager] Browser Action [NavigateToURL] successfully performed. With the following test data [https://duckduckgo.com]. @13-10-2021 20:52:35.0924 P

################################################################################################################################################
Starting Execution:	[51 out of 143] test cases in the current suite
Test Method:		[unitTests.tests_browserActions.getCurrentWindowTitle]
################################################################################################################################################
[ReportManager] Browser Action [GetCurrentWindowTitle] successfully performed. With the following test data [DuckDuckGo  Privacy, simplified.]. @13-10-2021 20:52:35.0965 P
[ReportManager] Target URL: [https://duckduckgo.com] @13-10-2021 20:52:35.0969 PM
[ReportManager] Initial URL: [https://duckduckgo.com] @13-10-2021 20:52:36.0050 PM
[ReportManager] Browser Action [NavigateToURL] successfully performed. With the following test data [https://duckduckgo.com]. @13-10-2021 20:52:36.0394 PM
[ReportManager] Browser Action [CloseCurrentWindow] successfully performed. @13-10-2021 20:52:36.0502 PM
[ReportManager] Successfully created attachment [Browser Action Test Data - CloseCurrentWindow - Actual Value] @13-10-2021 20:52:36.0503 P
[ReportManager] File Action [GetAbsolutePath] successfully performed. With the following test data [Relative Folder Path: "target/downloadedFiles/"]. @13-10-2021 20:52:36.0505 PM
[ReportManager] Attempting to run remotely on: [Linux-64], [GoogleChrome], [http://localhost:4444/wd/hub], Headless Execution. @13-10-2021 20:52:36.0505 PM
[ReportManager] Successfully Opened [GoogleChrome]. @13-10-2021 20:52:36.0716 PM
[ReportManager] Target URL: [https://duckduckgo.com] @13-10-2021 20:52:36.0744 PM
[ReportManager] Initial URL: [data:,] @13-10-2021 20:52:36.0798 PM
[ReportManager] Browser Action [NavigateToURL] successfully performed. With the following test data [https://duckduckgo.com]. @13-10-2021 20:52:37.0415 P

################################################################################################################################################
Starting Execution:	[52 out of 143] test cases in the current suite
Test Method:		[unitTests.tests_browserActions.getPageSource]
################################################################################################################################################
[ReportManager] Browser Action [GetPageSource] successfully performed. @13-10-2021 20:52:37.0467 PM
[ReportManager] Successfully created attachment [Browser Action Test Data - GetPageSource - Actual Value] @13-10-2021 20:52:37.0468 P
[ReportManager] Target URL: [https://duckduckgo.com] @13-10-2021 20:52:37.0471 PM
[ReportManager] Initial URL: [https://duckduckgo.com] @13-10-2021 20:52:37.0534 PM
[ReportManager] Browser Action [NavigateToURL] successfully performed. With the following test data [https://duckduckgo.com]. @13-10-2021 20:52:37.0869 PM
[ReportManager] Browser Action [CloseCurrentWindow] successfully performed. @13-10-2021 20:52:37.0971 PM
[ReportManager] Successfully created attachment [Browser Action Test Data - CloseCurrentWindow - Actual Value] @13-10-2021 20:52:37.0971 P
[ReportManager] File Action [GetAbsolutePath] successfully performed. With the following test data [Relative Folder Path: "target/downloadedFiles/"]. @13-10-2021 20:52:37.0976 PM
[ReportManager] Attempting to run remotely on: [Linux-64], [GoogleChrome], [http://localhost:4444/wd/hub], Headless Execution. @13-10-2021 20:52:37.0977 PM
[ReportManager] Successfully Opened [GoogleChrome]. @13-10-2021 20:52:38.0196 PM
[ReportManager] Target URL: [https://duckduckgo.com] @13-10-2021 20:52:38.0206 PM
[ReportManager] Initial URL: [data:,] @13-10-2021 20:52:38.0260 PM
[ReportManager] Browser Action [NavigateToURL] successfully performed. With the following test data [https://duckduckgo.com]. @13-10-2021 20:52:38.0825 P

################################################################################################################################################
Starting Execution:	[53 out of 143] test cases in the current suite
Test Method:		[unitTests.tests_browserActions.getWindowHandle]
################################################################################################################################################
[ReportManager] Browser Action [GetWindowHandle] successfully performed. With the following test data [CDwindow-0218202F70CFEF9802CBA4F3BBF190F1]. @13-10-2021 20:52:38.0872 P
[ReportManager] Target URL: [https://duckduckgo.com] @13-10-2021 20:52:38.0875 PM
[ReportManager] Initial URL: [https://duckduckgo.com] @13-10-2021 20:52:38.0934 PM
[ReportManager] Browser Action [NavigateToURL] successfully performed. With the following test data [https://duckduckgo.com]. @13-10-2021 20:52:39.0349 PM
[ReportManager] Browser Action [CloseCurrentWindow] successfully performed. @13-10-2021 20:52:39.0455 PM
[ReportManager] Successfully created attachment [Browser Action Test Data - CloseCurrentWindow - Actual Value] @13-10-2021 20:52:39.0456 P
[ReportManager] File Action [GetAbsolutePath] successfully performed. With the following test data [Relative Folder Path: "target/downloadedFiles/"]. @13-10-2021 20:52:39.0461 PM
[ReportManager] Attempting to run remotely on: [Linux-64], [GoogleChrome], [http://localhost:4444/wd/hub], Headless Execution. @13-10-2021 20:52:39.0461 PM
[ReportManager] Successfully Opened [GoogleChrome]. @13-10-2021 20:52:39.0683 PM
[ReportManager] Target URL: [https://duckduckgo.com] @13-10-2021 20:52:39.0694 PM
[ReportManager] Initial URL: [data:,] @13-10-2021 20:52:39.0744 PM
[ReportManager] Browser Action [NavigateToURL] successfully performed. With the following test data [https://duckduckgo.com]. @13-10-2021 20:52:40.0316 P

################################################################################################################################################
Starting Execution:	[54 out of 143] test cases in the current suite
Test Method:		[unitTests.tests_browserActions.getWindowPosition]
################################################################################################################################################
[ReportManager] Browser Action [GetWindowPosition] successfully performed. With the following test data [(0, 0)]. @13-10-2021 20:52:40.0355 P
[ReportManager] Target URL: [https://duckduckgo.com] @13-10-2021 20:52:40.0360 PM
[ReportManager] Initial URL: [https://duckduckgo.com] @13-10-2021 20:52:40.0417 PM
[ReportManager] Browser Action [NavigateToURL] successfully performed. With the following test data [https://duckduckgo.com]. @13-10-2021 20:52:40.0883 PM
[ReportManager] Browser Action [CloseCurrentWindow] successfully performed. @13-10-2021 20:52:40.0991 PM
[ReportManager] Successfully created attachment [Browser Action Test Data - CloseCurrentWindow - Actual Value] @13-10-2021 20:52:40.0992 P
[ReportManager] File Action [GetAbsolutePath] successfully performed. With the following test data [Relative Folder Path: "target/downloadedFiles/"]. @13-10-2021 20:52:40.0996 PM
[ReportManager] Attempting to run remotely on: [Linux-64], [GoogleChrome], [http://localhost:4444/wd/hub], Headless Execution. @13-10-2021 20:52:40.0997 PM
[ReportManager] Successfully Opened [GoogleChrome]. @13-10-2021 20:52:41.0390 PM
[ReportManager] Target URL: [https://duckduckgo.com] @13-10-2021 20:52:41.0405 PM
[ReportManager] Initial URL: [data:,] @13-10-2021 20:52:41.0449 PM
[ReportManager] Browser Action [NavigateToURL] successfully performed. With the following test data [https://duckduckgo.com]. @13-10-2021 20:52:42.0119 P

################################################################################################################################################
Starting Execution:	[55 out of 143] test cases in the current suite
Test Method:		[unitTests.tests_browserActions.getWindowSize]
################################################################################################################################################
[ReportManager] Browser Action [GetWindowSize] successfully performed. With the following test data [(800, 600)]. @13-10-2021 20:52:42.0165 P
[ReportManager] Target URL: [https://duckduckgo.com] @13-10-2021 20:52:42.0171 PM
[ReportManager] Initial URL: [https://duckduckgo.com] @13-10-2021 20:52:42.0252 PM
[ReportManager] Browser Action [NavigateToURL] successfully performed. With the following test data [https://duckduckgo.com]. @13-10-2021 20:52:42.0585 PM
[ReportManager] Browser Action [CloseCurrentWindow] successfully performed. @13-10-2021 20:52:42.0686 PM
[ReportManager] Successfully created attachment [Browser Action Test Data - CloseCurrentWindow - Actual Value] @13-10-2021 20:52:42.0686 P
[ReportManager] File Action [GetAbsolutePath] successfully performed. With the following test data [Relative Folder Path: "target/downloadedFiles/"]. @13-10-2021 20:52:42.0689 PM
[ReportManager] Attempting to run remotely on: [Linux-64], [GoogleChrome], [http://localhost:4444/wd/hub], Headless Execution. @13-10-2021 20:52:42.0689 PM
[ReportManager] Successfully Opened [GoogleChrome]. @13-10-2021 20:52:42.0914 PM
[ReportManager] Target URL: [https://duckduckgo.com] @13-10-2021 20:52:42.0928 PM
[ReportManager] Initial URL: [data:,] @13-10-2021 20:52:42.0969 PM
[ReportManager] Browser Action [NavigateToURL] successfully performed. With the following test data [https://duckduckgo.com]. @13-10-2021 20:52:43.0502 P

################################################################################################################################################
Starting Execution:	[56 out of 143] test cases in the current suite
Test Method:		[unitTests.tests_browserActions.maximizeWindow]
################################################################################################################################################
[ReportManager] Initial window size: (800, 600) @13-10-2021 20:52:43.0515 PM
[ReportManager] Window size after Toolkit: (1920, 1080) @13-10-2021 20:52:43.0749 PM
[ReportManager] Browser Action [MaximizeWindow] successfully performed. With the following test data [New screen size is now: (1920, 1080)]. @13-10-2021 20:52:43.0751 P
[ReportManager] Target URL: [https://duckduckgo.com] @13-10-2021 20:52:43.0754 PM
[ReportManager] Initial URL: [https://duckduckgo.com] @13-10-2021 20:52:43.0819 PM
[ReportManager] Browser Action [NavigateToURL] successfully performed. With the following test data [https://duckduckgo.com]. @13-10-2021 20:52:44.0158 PM
[ReportManager] Browser Action [CloseCurrentWindow] successfully performed. @13-10-2021 20:52:44.0261 PM
[ReportManager] Successfully created attachment [Browser Action Test Data - CloseCurrentWindow - Actual Value] @13-10-2021 20:52:44.0261 P
[ReportManager] File Action [GetAbsolutePath] successfully performed. With the following test data [Relative Folder Path: "target/downloadedFiles/"]. @13-10-2021 20:52:44.0264 PM
[ReportManager] Attempting to run remotely on: [Linux-64], [GoogleChrome], [http://localhost:4444/wd/hub], Headless Execution. @13-10-2021 20:52:44.0264 PM
[ReportManager] Successfully Opened [GoogleChrome]. @13-10-2021 20:52:44.0586 PM
[ReportManager] Target URL: [https://duckduckgo.com] @13-10-2021 20:52:44.0597 PM
[ReportManager] Initial URL: [data:,] @13-10-2021 20:52:44.0636 PM
[ReportManager] Browser Action [NavigateToURL] successfully performed. With the following test data [https://duckduckgo.com]. @13-10-2021 20:52:45.0177 P

################################################################################################################################################
Starting Execution:	[57 out of 143] test cases in the current suite
Test Method:		[unitTests.tests_browserActions.navigateBack]
################################################################################################################################################
[ReportManager] Target URL: [https://www.google.com/ncr], and after redirection: [https://www.google.com] @13-10-2021 20:52:45.0183 PM
[ReportManager] Initial URL: [https://duckduckgo.com] @13-10-2021 20:52:45.0240 PM
[ReportManager] Browser Action [NavigateToURL] successfully performed. With the following test data [https://www.google.com/ncr]. @13-10-2021 20:52:46.0180 PM
[ReportManager] Browser Action [NavigateBack] successfully performed. With the following test data [https://duckduckgo.com/]. @13-10-2021 20:52:46.0568 PM
[ReportManager] Browser Action [GetCurrentURL] successfully performed. With the following test data [https://duckduckgo.com/]. @13-10-2021 20:52:46.0599 PM
[ReportManager] Assertion Passed: Confirming that navigating back was successful @13-10-2021 20:52:46.0736 PM
[ReportManager] Successfully created attachment [Screenshot - 1634158366669_navigateBack_ValidateBrowserAttribute_passed] @13-10-2021 20:52:46.0737 PM
[ReportManager] Assertion [ValidateBrowserAttribute] PASSED. Expected [Value Should be 'https://duckduckgo.com' for the 'CurrentUrl' attribute] and Actual [https://duckduckgo.com/]. Comparison Type [CONTAINS]. Validation Type [POSITIVE]. @13-10-2021 20:52:46.0737 P
[ReportManager] Target URL: [https://duckduckgo.com] @13-10-2021 20:52:46.0743 PM
[ReportManager] Initial URL: [https://duckduckgo.com] @13-10-2021 20:52:46.0800 PM
[ReportManager] Browser Action [NavigateToURL] successfully performed. With the following test data [https://duckduckgo.com]. @13-10-2021 20:52:47.0169 PM
[ReportManager] Browser Action [CloseCurrentWindow] successfully performed. @13-10-2021 20:52:47.0265 PM
[ReportManager] Successfully created attachment [Browser Action Test Data - CloseCurrentWindow - Actual Value] @13-10-2021 20:52:47.0265 P
[ReportManager] File Action [GetAbsolutePath] successfully performed. With the following test data [Relative Folder Path: "target/downloadedFiles/"]. @13-10-2021 20:52:47.0278 PM
[ReportManager] Attempting to run remotely on: [Linux-64], [GoogleChrome], [http://localhost:4444/wd/hub], Headless Execution. @13-10-2021 20:52:47.0278 PM
[ReportManager] Successfully Opened [GoogleChrome]. @13-10-2021 20:52:47.0538 PM
[ReportManager] Target URL: [https://duckduckgo.com] @13-10-2021 20:52:47.0549 PM
[ReportManager] Initial URL: [data:,] @13-10-2021 20:52:47.0592 PM
[ReportManager] Browser Action [NavigateToURL] successfully performed. With the following test data [https://duckduckgo.com]. @13-10-2021 20:52:48.0163 P

################################################################################################################################################
Starting Execution:	[58 out of 143] test cases in the current suite
Test Method:		[unitTests.tests_browserActions.navigateForward]
################################################################################################################################################
[ReportManager] Target URL: [https://www.google.com/ncr], and after redirection: [https://www.google.com] @13-10-2021 20:52:48.0165 PM
[ReportManager] Initial URL: [https://duckduckgo.com] @13-10-2021 20:52:48.0236 PM
[ReportManager] Browser Action [NavigateToURL] successfully performed. With the following test data [https://www.google.com/ncr]. @13-10-2021 20:52:49.0176 PM
[ReportManager] Browser Action [NavigateBack] successfully performed. With the following test data [https://duckduckgo.com/]. @13-10-2021 20:52:49.0590 PM
[ReportManager] Browser Action [NavigateForward] successfully performed. With the following test data [https://www.google.com/]. @13-10-2021 20:52:50.0050 P
[ReportManager] Target URL: [https://duckduckgo.com] @13-10-2021 20:52:50.0055 PM
[ReportManager] Initial URL: [https://www.google.com] @13-10-2021 20:52:50.0142 PM
[ReportManager] Browser Action [NavigateToURL] successfully performed. With the following test data [https://duckduckgo.com]. @13-10-2021 20:52:50.0660 PM
[ReportManager] Browser Action [CloseCurrentWindow] successfully performed. @13-10-2021 20:52:50.0762 PM
[ReportManager] Successfully created attachment [Browser Action Test Data - CloseCurrentWindow - Actual Value] @13-10-2021 20:52:50.0763 P
[ReportManager] File Action [GetAbsolutePath] successfully performed. With the following test data [Relative Folder Path: "target/downloadedFiles/"]. @13-10-2021 20:52:50.0765 PM
[ReportManager] Attempting to run remotely on: [Linux-64], [GoogleChrome], [http://localhost:4444/wd/hub], Headless Execution. @13-10-2021 20:52:50.0765 PM
[ReportManager] Successfully Opened [GoogleChrome]. @13-10-2021 20:52:50.0995 PM
[ReportManager] Target URL: [https://duckduckgo.com] @13-10-2021 20:52:51.0009 PM
[ReportManager] Initial URL: [data:,] @13-10-2021 20:52:51.0052 PM
[ReportManager] Browser Action [NavigateToURL] successfully performed. With the following test data [https://duckduckgo.com]. @13-10-2021 20:52:51.0577 P

################################################################################################################################################
Starting Execution:	[59 out of 143] test cases in the current suite
Test Method:		[unitTests.tests_browserActions.navigateToURL]
################################################################################################################################################
[ReportManager] Target URL: [https://duckduckgo.com] @13-10-2021 20:52:51.0581 PM
[ReportManager] Initial URL: [https://duckduckgo.com] @13-10-2021 20:52:51.0637 PM
[ReportManager] Browser Action [NavigateToURL] successfully performed. With the following test data [https://duckduckgo.com]. @13-10-2021 20:52:51.0963 P
[ReportManager] Target URL: [https://duckduckgo.com] @13-10-2021 20:52:51.0966 PM
[ReportManager] Initial URL: [https://duckduckgo.com] @13-10-2021 20:52:52.0024 PM
[ReportManager] Browser Action [NavigateToURL] successfully performed. With the following test data [https://duckduckgo.com]. @13-10-2021 20:52:52.0388 PM
[ReportManager] Browser Action [CloseCurrentWindow] successfully performed. @13-10-2021 20:52:52.0493 PM
[ReportManager] Successfully created attachment [Browser Action Test Data - CloseCurrentWindow - Actual Value] @13-10-2021 20:52:52.0494 P
[ReportManager] File Action [GetAbsolutePath] successfully performed. With the following test data [Relative Folder Path: "target/downloadedFiles/"]. @13-10-2021 20:52:52.0500 PM
[ReportManager] Attempting to run remotely on: [Linux-64], [GoogleChrome], [http://localhost:4444/wd/hub], Headless Execution. @13-10-2021 20:52:52.0501 PM
[ReportManager] Successfully Opened [GoogleChrome]. @13-10-2021 20:52:52.0761 PM
[ReportManager] Target URL: [https://duckduckgo.com] @13-10-2021 20:52:52.0773 PM
[ReportManager] Initial URL: [data:,] @13-10-2021 20:52:52.0813 PM
[ReportManager] Browser Action [NavigateToURL] successfully performed. With the following test data [https://duckduckgo.com]. @13-10-2021 20:52:53.0378 P

################################################################################################################################################
Starting Execution:	[60 out of 143] test cases in the current suite
Test Method:		[unitTests.tests_browserActions.navigateToURLWithRedirection]
################################################################################################################################################
[ReportManager] Target URL: [https://www.google.com/ncr], and after redirection: [https://www.google.com] @13-10-2021 20:52:53.0385 PM
[ReportManager] Initial URL: [https://duckduckgo.com] @13-10-2021 20:52:53.0445 PM
[ReportManager] Browser Action [NavigateToURL] successfully performed. With the following test data [https://www.google.com/ncr]. @13-10-2021 20:52:54.0400 P
[ReportManager] Target URL: [https://duckduckgo.com] @13-10-2021 20:52:54.0405 PM
[ReportManager] Initial URL: [https://www.google.com] @13-10-2021 20:52:54.0497 PM
[ReportManager] Browser Action [NavigateToURL] successfully performed. With the following test data [https://duckduckgo.com]. @13-10-2021 20:52:55.0022 PM
[ReportManager] Browser Action [CloseCurrentWindow] successfully performed. @13-10-2021 20:52:55.0122 PM
[ReportManager] Successfully created attachment [Browser Action Test Data - CloseCurrentWindow - Actual Value] @13-10-2021 20:52:55.0122 P
[ReportManager] File Action [GetAbsolutePath] successfully performed. With the following test data [Relative Folder Path: "target/downloadedFiles/"]. @13-10-2021 20:52:55.0125 PM
[ReportManager] Attempting to run remotely on: [Linux-64], [GoogleChrome], [http://localhost:4444/wd/hub], Headless Execution. @13-10-2021 20:52:55.0125 PM
[ReportManager] Successfully Opened [GoogleChrome]. @13-10-2021 20:52:55.0362 PM
[ReportManager] Target URL: [https://duckduckgo.com] @13-10-2021 20:52:55.0375 PM
[ReportManager] Initial URL: [data:,] @13-10-2021 20:52:55.0417 PM
[ReportManager] Browser Action [NavigateToURL] successfully performed. With the following test data [https://duckduckgo.com]. @13-10-2021 20:52:55.0937 P

################################################################################################################################################
Starting Execution:	[61 out of 143] test cases in the current suite
Test Method:		[unitTests.tests_browserActions.refreshCurrentPage]
################################################################################################################################################
[ReportManager] Browser Action [RefreshCurrentPage] successfully performed. @13-10-2021 20:52:56.0147 PM
[ReportManager] Successfully created attachment [Browser Action Test Data - RefreshCurrentPage - Actual Value] @13-10-2021 20:52:56.0148 P
[ReportManager] Target URL: [https://duckduckgo.com] @13-10-2021 20:52:56.0151 PM
[ReportManager] Initial URL: [https://duckduckgo.com] @13-10-2021 20:52:56.0209 PM
[ReportManager] Browser Action [NavigateToURL] successfully performed. With the following test data [https://duckduckgo.com]. @13-10-2021 20:52:56.0508 PM
[ReportManager] Browser Action [CloseCurrentWindow] successfully performed. @13-10-2021 20:52:56.0611 PM
[ReportManager] Successfully created attachment [Browser Action Test Data - CloseCurrentWindow - Actual Value] @13-10-2021 20:52:56.0611 P
[ReportManager] File Action [GetAbsolutePath] successfully performed. With the following test data [Relative Folder Path: "target/downloadedFiles/"]. @13-10-2021 20:52:56.0614 PM
[ReportManager] Attempting to run remotely on: [Linux-64], [GoogleChrome], [http://localhost:4444/wd/hub], Headless Execution. @13-10-2021 20:52:56.0614 PM
[ReportManager] Successfully Opened [GoogleChrome]. @13-10-2021 20:52:56.0850 PM
[ReportManager] Target URL: [https://duckduckgo.com] @13-10-2021 20:52:56.0863 PM
[ReportManager] Initial URL: [data:,] @13-10-2021 20:52:56.0903 PM
[ReportManager] Browser Action [NavigateToURL] successfully performed. With the following test data [https://duckduckgo.com]. @13-10-2021 20:52:57.0416 P

################################################################################################################################################
Starting Execution:	[62 out of 143] test cases in the current suite
Test Method:		[unitTests.tests_browserActions.setWindowSize]
################################################################################################################################################
[ReportManager] Initial window size: (800, 600) @13-10-2021 20:52:57.0428 PM
[ReportManager] Window size after SWD: (1280, 720) @13-10-2021 20:52:57.0645 PM
[ReportManager] Browser Action [SetWindowSize] successfully performed. With the following test data [New screen size is now: (1280, 720)]. @13-10-2021 20:52:57.0645 P
[ReportManager] Target URL: [https://duckduckgo.com] @13-10-2021 20:52:57.0649 PM
[ReportManager] Initial URL: [https://duckduckgo.com] @13-10-2021 20:52:57.0741 PM
[ReportManager] Browser Action [NavigateToURL] successfully performed. With the following test data [https://duckduckgo.com]. @13-10-2021 20:52:58.0048 PM
[ReportManager] Browser Action [CloseCurrentWindow] successfully performed. @13-10-2021 20:52:58.0154 PM
[ReportManager] Successfully created attachment [Browser Action Test Data - CloseCurrentWindow - Actual Value] @13-10-2021 20:52:58.0154 P
[ReportManager] File Action [GetAbsolutePath] successfully performed. With the following test data [Relative Folder Path: "target/downloadedFiles/"]. @13-10-2021 20:52:58.0157 PM
[ReportManager] Attempting to run remotely on: [Linux-64], [GoogleChrome], [http://localhost:4444/wd/hub], Headless Execution. @13-10-2021 20:52:58.0157 PM
[ReportManager] Successfully Opened [GoogleChrome]. @13-10-2021 20:52:58.0363 P

################################################################################################################################################
Starting Execution:	[63 out of 143] test cases in the current suite
Test Method:		[unitTests.tests_element_elementActions.waitForElementToBePresent_false_expectedToFail]
################################################################################################################################################
[ReportManager] Target URL: [https://www.google.com/ncr], and after redirection: [www.google.com] @13-10-2021 20:52:58.0387 PM
[ReportManager] Initial URL: [data:,] @13-10-2021 20:52:58.0438 PM
[ReportManager] Browser Action [NavigateToURL] successfully performed. With the following test data [https://www.google.com/ncr]. @13-10-2021 20:52:59.0388 PM
[ReportManager] Waiting for element to be present; elementLocator [By.xpath: //*[@id='hplogo' or @alt='Google']], numberOfTries[1], stateOfPresence[false]... @13-10-2021 20:52:59.0397 PM
[ReportManager] Element Action [WaitForElementToBePresent] failed. With the following test data [waited for the element's state of presence to be (false). Element locator (By.xpath: //*[@id='hplogo' or @alt='Google'])]. @13-10-2021 20:52:59.0639 PM
[ReportManager] Successfully created attachment [Screenshot - 1634158379556_waitForElementToBePresent_false_expectedToFail_WaitForElementToBePresent_failed] @13-10-2021 20:52:59.0639 P
[ReportManager] Browser Action [CloseCurrentWindow] successfully performed. @13-10-2021 20:52:59.0772 PM
[ReportManager] Successfully created attachment [Browser Action Test Data - CloseCurrentWindow - Actual Value] @13-10-2021 20:52:59.0773 P
[ReportManager] File Action [GetAbsolutePath] successfully performed. With the following test data [Relative Folder Path: "target/downloadedFiles/"]. @13-10-2021 20:52:59.0778 PM
[ReportManager] Attempting to run remotely on: [Linux-64], [GoogleChrome], [http://localhost:4444/wd/hub], Headless Execution. @13-10-2021 20:52:59.0778 PM
[ReportManager] Successfully Opened [GoogleChrome]. @13-10-2021 20:53:00.0020 P

################################################################################################################################################
Starting Execution:	[64 out of 143] test cases in the current suite
Test Method:		[unitTests.tests_element_elementActions.waitForElementToBePresent_false_expectedToPass]
################################################################################################################################################
[ReportManager] Target URL: [https://www.google.com/ncr], and after redirection: [www.google.com] @13-10-2021 20:53:00.0035 PM
[ReportManager] Initial URL: [data:,] @13-10-2021 20:53:00.0080 PM
[ReportManager] Browser Action [NavigateToURL] successfully performed. With the following test data [https://www.google.com/ncr]. @13-10-2021 20:53:03.0679 PM
[ReportManager] Waiting for element to be present; elementLocator [By.id: bla], numberOfTries[1], stateOfPresence[false]... @13-10-2021 20:53:03.0679 PM
[ReportManager] Element Action [WaitForElementToBePresent] successfully performed. With the following test data [waited for the element's state of presence to be (false). Element locator (By.id: bla)]. @13-10-2021 20:53:08.0819 P
[ReportManager] Browser Action [CloseCurrentWindow] successfully performed. @13-10-2021 20:53:08.0961 PM
[ReportManager] Successfully created attachment [Browser Action Test Data - CloseCurrentWindow - Actual Value] @13-10-2021 20:53:08.0965 P
[ReportManager] File Action [GetAbsolutePath] successfully performed. With the following test data [Relative Folder Path: "target/downloadedFiles/"]. @13-10-2021 20:53:08.0968 PM
[ReportManager] Attempting to run remotely on: [Linux-64], [GoogleChrome], [http://localhost:4444/wd/hub], Headless Execution. @13-10-2021 20:53:08.0968 PM
[ReportManager] Successfully Opened [GoogleChrome]. @13-10-2021 20:53:09.0197 P

################################################################################################################################################
Starting Execution:	[65 out of 143] test cases in the current suite
Test Method:		[unitTests.tests_element_elementActions.waitForElementToBePresent_moreThanOneElement_expectedToFail]
################################################################################################################################################
[ReportManager] Target URL: [https://www.google.com/ncr], and after redirection: [www.google.com] @13-10-2021 20:53:09.0211 PM
[ReportManager] Initial URL: [data:,] @13-10-2021 20:53:09.0272 PM
[ReportManager] Browser Action [NavigateToURL] successfully performed. With the following test data [https://www.google.com/ncr]. @13-10-2021 20:53:10.0207 PM
[ReportManager] Waiting for element to be present; elementLocator [By.xpath: //*], numberOfTries[1], stateOfPresence[false]... @13-10-2021 20:53:10.0207 PM
[ReportManager] Element Action [WaitForElementToBePresent] failed. With the following test data [waited for the element's state of presence to be (false). Element locator (By.xpath: //*)]. @13-10-2021 20:53:10.0427 PM
[ReportManager] Successfully created attachment [Screenshot - 1634158390365_waitForElementToBePresent_moreThanOneElement_expectedToFail_WaitForElementToBePresent_failed] @13-10-2021 20:53:10.0428 P
[ReportManager] Browser Action [CloseCurrentWindow] successfully performed. @13-10-2021 20:53:10.0552 PM
[ReportManager] Successfully created attachment [Browser Action Test Data - CloseCurrentWindow - Actual Value] @13-10-2021 20:53:10.0553 P
[ReportManager] File Action [GetAbsolutePath] successfully performed. With the following test data [Relative Folder Path: "target/downloadedFiles/"]. @13-10-2021 20:53:10.0556 PM
[ReportManager] Attempting to run remotely on: [Linux-64], [GoogleChrome], [http://localhost:4444/wd/hub], Headless Execution. @13-10-2021 20:53:10.0560 PM
[ReportManager] Successfully Opened [GoogleChrome]. @13-10-2021 20:53:10.0829 P

################################################################################################################################################
Starting Execution:	[66 out of 143] test cases in the current suite
Test Method:		[unitTests.tests_element_elementActions.waitForElementToBePresent_true_expectedToFail]
################################################################################################################################################
[ReportManager] Target URL: [https://www.google.com/ncr], and after redirection: [www.google.com] @13-10-2021 20:53:10.0852 PM
[ReportManager] Initial URL: [data:,] @13-10-2021 20:53:10.0890 PM
[ReportManager] Browser Action [NavigateToURL] successfully performed. With the following test data [https://www.google.com/ncr]. @13-10-2021 20:53:11.0912 PM
[ReportManager] Waiting for element to be present; elementLocator [By.id: bla], numberOfTries[1], stateOfPresence[true]... @13-10-2021 20:53:11.0912 PM
[ReportManager] Element Action [WaitForElementToBePresent] failed. With the following test data [waited for the element's state of presence to be (true). Element locator (By.id: bla)]. @13-10-2021 20:53:17.0176 PM
[ReportManager] Successfully created attachment [Screenshot - 1634158397113_waitForElementToBePresent_true_expectedToFail_WaitForElementToBePresent_failed] @13-10-2021 20:53:17.0177 P
[ReportManager] Browser Action [CloseCurrentWindow] successfully performed. @13-10-2021 20:53:17.0299 PM
[ReportManager] Successfully created attachment [Browser Action Test Data - CloseCurrentWindow - Actual Value] @13-10-2021 20:53:17.0300 P
[ReportManager] File Action [GetAbsolutePath] successfully performed. With the following test data [Relative Folder Path: "target/downloadedFiles/"]. @13-10-2021 20:53:17.0303 PM
[ReportManager] Attempting to run remotely on: [Linux-64], [GoogleChrome], [http://localhost:4444/wd/hub], Headless Execution. @13-10-2021 20:53:17.0303 PM
[ReportManager] Successfully Opened [GoogleChrome]. @13-10-2021 20:53:17.0532 P

################################################################################################################################################
Starting Execution:	[67 out of 143] test cases in the current suite
Test Method:		[unitTests.tests_element_elementActions.waitForElementToBePresent_true_expectedToPass]
################################################################################################################################################
[ReportManager] Target URL: [https://www.google.com/ncr], and after redirection: [www.google.com] @13-10-2021 20:53:17.0549 PM
[ReportManager] Initial URL: [data:,] @13-10-2021 20:53:17.0600 PM
[ReportManager] Browser Action [NavigateToURL] successfully performed. With the following test data [https://www.google.com/ncr]. @13-10-2021 20:53:18.0536 PM
[ReportManager] Waiting for element to be present; elementLocator [By.xpath: //*[@id='hplogo' or @alt='Google']], numberOfTries[1], stateOfPresence[true]... @13-10-2021 20:53:18.0537 PM
[ReportManager] Element Action [WaitForElementToBePresent] successfully performed. With the following test data [waited for the element's state of presence to be (true). Element locator (By.xpath: //*[@id='hplogo' or @alt='Google'])]. @13-10-2021 20:53:18.0601 PM
[ReportManager] File Action [DoesFileExist] successfully performed. With the following test data [File Path: "src/test/resources/DynamicObjectRepository/unitTests_tests_element_elementActions_waitForElementToBePresent_true_expectedToPass_By_xpath_id_hplogo_or_alt_Google.png"]. @13-10-2021 20:53:18.0611 PM
[ReportManager] File Action [DoesFileExist] successfully performed. With the following test data [File Path: "src/test/resources/DynamicObjectRepository/unitTests_tests_element_elementActions_waitForElementToBePresent_true_expectedToPass_By_xpath_id_hplogo_or_alt_Google.png"]. @13-10-2021 20:53:18.0776 PM
[ReportManager] Passing the test and saving a reference image @13-10-2021 20:53:18.0776 PM
[ReportManager] File Action [GetAbsolutePath] successfully performed. With the following test data [Relative File Path: "src/test/resources/DynamicObjectRepository/unitTests_tests_element_elementActions_waitForElementToBePresent_true_expectedToPass_By_xpath_id_hplogo_or_alt_Google.png"]. @13-10-2021 20:53:18.0776 PM
[ReportManager] File Action [WriteToFile] successfully performed. With the following test data [Target File Path: "/home/runner/work/SHAFT_ENGINE/SHAFT_ENGINE/src/test/resources/DynamicObjectRepository/unitTests_tests_element_elementActions_waitForElementToBePresent_true_expectedToPass_By_xpath_id_hplogo_or_alt_Google.png"]. @13-10-2021 20:53:18.0777 PM
[ReportManager] Assertion Passed: Using Visual AI; OpenCV @13-10-2021 20:53:18.0778 PM
[ReportManager] Successfully created attachment [Validation Test Data - Actual Screenshot] @13-10-2021 20:53:18.0778 PM
[ReportManager] Assertion [ValidateElementMatches] PASSED. Expected [Element should match the reference screenshot] and Actual [TRUE]. Comparison Type [EXACT_OPENCV]. Validation Type [POSITIVE]. @13-10-2021 20:53:18.0778 P
[ReportManager] Browser Action [CloseCurrentWindow] successfully performed. @13-10-2021 20:53:18.0905 PM
[ReportManager] Successfully created attachment [Browser Action Test Data - CloseCurrentWindow - Actual Value] @13-10-2021 20:53:18.0906 P
[ReportManager] Successfully loaded the following test data file [src/test/resources/TestDataFiles/testSuite01/TestData.xlsx]. @13-10-2021 20:53:19.0964 PM
[ReportManager] Successfully created attachment [Test Data - Excel] @13-10-2021 20:53:19.0965 P

################################################################################################################################################
Starting Execution:	[68 out of 143] test cases in the current suite
Test Method:		[unitTests.tests_io_excelFileManager.getCellData_rowName_expectedToPass]
################################################################################################################################################
[ReportManager] testRowData. @13-10-2021 20:53:19.0984 P

################################################################################################################################################
Starting Execution:	[69 out of 143] test cases in the current suite
Test Method:		[testPackage01.Test_testData.f]
################################################################################################################################################
[ReportManager] Successfully loaded the following test data file [src/test/resources/TestDataFiles/testSuite01/TestData.xlsx]. @13-10-2021 20:53:20.0058 PM
[ReportManager] Successfully created attachment [Test Data - Excel] @13-10-2021 20:53:20.0058 PM
[ReportManager] Last Column Number is: [3]. Zero-based. @13-10-2021 20:53:20.0060 P

################################################################################################################################################
Starting Execution:	[70 out of 143] test cases in the current suite
Test Method:		[testPackage01.Test_SkipDueToIssue.doNotSkip]
################################################################################################################################################
[ReportManager] This should not be skipped. @13-10-2021 20:53:20.0064 P

################################################################################################################################################
Starting Execution:	[71 out of 143] test cases in the current suite
Test Method:		[testPackage01.Test_SkipDueToIssue.skip]
################################################################################################################################################
[ReportManager] This should be skipped. @13-10-2021 20:53:20.0070 P

################################################################################################################################################
Starting Execution:	[72 out of 143] test cases in the current suite
Test Method:		[testPackage01.Test_SkipDueToIssue.skip2]
################################################################################################################################################
[ReportManager] This should be skipped. @13-10-2021 20:53:20.0082 P

################################################################################################################################################
Starting Execution:	[73 out of 143] test cases in the current suite
Test Method:		[testPackage01.Test_chainableElementActions.chainElementActions]
################################################################################################################################################
[ReportManager] File Action [GetAbsolutePath] successfully performed. With the following test data [Relative Folder Path: "target/downloadedFiles/"]. @13-10-2021 20:53:20.0086 PM
[ReportManager] Attempting to run remotely on: [Linux-64], [GoogleChrome], [http://localhost:4444/wd/hub], Headless Execution. @13-10-2021 20:53:20.0087 PM
[ReportManager] Successfully Opened [GoogleChrome]. @13-10-2021 20:53:20.0477 PM
[ReportManager] Target URL: [https://www.google.com/ncr], and after redirection: [https://www.google.com] @13-10-2021 20:53:20.0499 PM
[ReportManager] Initial URL: [data:,] @13-10-2021 20:53:20.0546 PM
[ReportManager] Browser Action [NavigateToURL] successfully performed. With the following test data [https://www.google.com/ncr]. @13-10-2021 20:53:21.0631 PM
[ReportManager] Element Action [Type] successfully performed. With the following test data [chained type 1]. @13-10-2021 20:53:22.0000 PM
[ReportManager] Element Action [Type] successfully performed. With the following test data [chained type 2]. @13-10-2021 20:53:22.0389 PM
[ReportManager] Element Action [TypeAppend] successfully performed. With the following test data [345]. @13-10-2021 20:53:22.0518 PM
[ReportManager] Element Action [GetText] successfully performed. With the following test data [chained type 2345]. @13-10-2021 20:53:22.0639 PM
[ReportManager] Loaded Shared OpenCV @13-10-2021 20:53:22.0764 PM
[ReportManager] Assertion [ValidateElementAttribute] PASSED. Expected [Value Should be 'chained type 2345' for the 'text' attribute, element locator 'By.name: q'] and Actual [chained type 2345]. Comparison Type [EQUALS]. Validation Type [POSITIVE]. @13-10-2021 20:53:22.0840 PM
[ReportManager] Successfully created attachment [Screenshot - 1634158402764_chainElementActions_ValidateElementAttribute_passed] @13-10-2021 20:53:22.0841 PM
[ReportManager] Browser Action [CloseCurrentWindow] successfully performed. @13-10-2021 20:53:22.0968 PM
[ReportManager] Successfully created attachment [Browser Action Test Data - CloseCurrentWindow - Actual Value] @13-10-2021 20:53:22.0969 P

################################################################################################################################################
Starting Execution:	[74 out of 143] test cases in the current suite
Test Method:		[testPackage01.Test_NewValidationHelper.f1]
################################################################################################################################################
[ReportManager] Assertion Passed: Checking valid user data @13-10-2021 20:53:22.0980 PM
[ReportManager] Successfully created attachment [Validation Test Data - Expected Value] @13-10-2021 20:53:22.0980 PM
[ReportManager] Successfully created attachment [Validation Test Data - Actual Value] @13-10-2021 20:53:22.0981 PM
[ReportManager] Assertion [ValidateEquals] PASSED. Expected and Actual values are attached. Comparison Type [EQUALS]. Validation Type [POSITIVE]. @13-10-2021 20:53:22.0981 P
[ReportManager] File Action [GetAbsolutePath] successfully performed. With the following test data [Relative Folder Path: "target/downloadedFiles/"]. @13-10-2021 20:53:22.0982 PM
[ReportManager] Attempting to run remotely on: [Linux-64], [GoogleChrome], [http://localhost:4444/wd/hub], Headless Execution. @13-10-2021 20:53:22.0983 PM
[ReportManager] Successfully Opened [GoogleChrome]. @13-10-2021 20:53:23.0209 PM
[ReportManager] Target URL: [https://the-internet.herokuapp.com/] @13-10-2021 20:53:23.0222 PM
[ReportManager] Initial URL: [data:,] @13-10-2021 20:53:23.0260 PM
[ReportManager] Browser Action [NavigateToURL] successfully performed. With the following test data [https://the-internet.herokuapp.com/]. @13-10-2021 20:53:23.0646 P

################################################################################################################################################
Starting Execution:	[75 out of 143] test cases in the current suite
Test Method:		[testPackage01.Test_NewValidationHelper.f10]
################################################################################################################################################
[ReportManager] Assertion [ValidateElementExists] FAILED. Expected [Element Should Exist, locator 'By.tagName: div'] and Actual [Element Exists but is not unique]. Comparison Type [EQUALS]. Validation Type [POSITIVE]. @13-10-2021 20:53:23.0928 PM
[ReportManager] Successfully created attachment [Screenshot - 1634158403860_f10_ValidateElementExists_failed] @13-10-2021 20:53:23.0929 P
[ReportManager] Successfully Closed All Drivers. @13-10-2021 20:53:24.0007 P
[ReportManager] File Action [GetAbsolutePath] successfully performed. With the following test data [Relative Folder Path: "target/downloadedFiles/"]. @13-10-2021 20:53:24.0010 PM
[ReportManager] Attempting to run remotely on: [Linux-64], [GoogleChrome], [http://localhost:4444/wd/hub], Headless Execution. @13-10-2021 20:53:24.0010 PM
[ReportManager] Successfully Opened [GoogleChrome]. @13-10-2021 20:53:24.0262 PM
[ReportManager] Target URL: [https://the-internet.herokuapp.com/] @13-10-2021 20:53:24.0273 PM
[ReportManager] Initial URL: [data:,] @13-10-2021 20:53:24.0349 PM
[ReportManager] Browser Action [NavigateToURL] successfully performed. With the following test data [https://the-internet.herokuapp.com/]. @13-10-2021 20:53:24.0801 P

################################################################################################################################################
Starting Execution:	[76 out of 143] test cases in the current suite
Test Method:		[testPackage01.Test_NewValidationHelper.f11]
################################################################################################################################################
[ReportManager] Assertion Passed: Checking that false tag doesn't exist @13-10-2021 20:53:35.0204 PM
[ReportManager] Successfully created attachment [Screenshot - 1634158415138_f11_ValidateElementExists_passed] @13-10-2021 20:53:35.0205 PM
[ReportManager] Assertion [ValidateElementExists] PASSED. Expected [Element Should not Exist, locator 'By.tagName: h3'] and Actual [Element Doesn't Exists]. Comparison Type [EQUALS]. Validation Type [NEGATIVE]. @13-10-2021 20:53:35.0205 P
[ReportManager] Successfully Closed All Drivers. @13-10-2021 20:53:35.0277 P
[ReportManager] File Action [GetAbsolutePath] successfully performed. With the following test data [Relative Folder Path: "target/downloadedFiles/"]. @13-10-2021 20:53:35.0281 PM
[ReportManager] Attempting to run remotely on: [Linux-64], [GoogleChrome], [http://localhost:4444/wd/hub], Headless Execution. @13-10-2021 20:53:35.0282 PM
[ReportManager] Successfully Opened [GoogleChrome]. @13-10-2021 20:53:35.0523 PM
[ReportManager] Target URL: [https://the-internet.herokuapp.com/] @13-10-2021 20:53:35.0533 PM
[ReportManager] Initial URL: [data:,] @13-10-2021 20:53:35.0573 PM
[ReportManager] Browser Action [NavigateToURL] successfully performed. With the following test data [https://the-internet.herokuapp.com/]. @13-10-2021 20:53:35.0984 P

################################################################################################################################################
Starting Execution:	[77 out of 143] test cases in the current suite
Test Method:		[testPackage01.Test_NewValidationHelper.f12]
################################################################################################################################################
[ReportManager] Loaded Shared OpenCV @13-10-2021 20:53:36.0191 PM
[ReportManager] Assertion [ValidateElementExists] FAILED. Expected [Element Should not Exist, locator 'By.tagName: h1'] and Actual [Element Exists]. Comparison Type [EQUALS]. Validation Type [NEGATIVE]. @13-10-2021 20:53:36.0295 PM
[ReportManager] Successfully created attachment [Screenshot - 1634158416191_f12_ValidateElementExists_failed] @13-10-2021 20:53:36.0296 P
[ReportManager] Successfully Closed All Drivers. @13-10-2021 20:53:36.0380 P
[ReportManager] File Action [GetAbsolutePath] successfully performed. With the following test data [Relative Folder Path: "target/downloadedFiles/"]. @13-10-2021 20:53:36.0382 PM
[ReportManager] Attempting to run remotely on: [Linux-64], [GoogleChrome], [http://localhost:4444/wd/hub], Headless Execution. @13-10-2021 20:53:36.0383 PM
[ReportManager] Successfully Opened [GoogleChrome]. @13-10-2021 20:53:36.0600 PM
[ReportManager] Target URL: [https://the-internet.herokuapp.com/] @13-10-2021 20:53:36.0611 PM
[ReportManager] Initial URL: [data:,] @13-10-2021 20:53:36.0652 PM
[ReportManager] Browser Action [NavigateToURL] successfully performed. With the following test data [https://the-internet.herokuapp.com/]. @13-10-2021 20:53:37.0021 P

################################################################################################################################################
Starting Execution:	[78 out of 143] test cases in the current suite
Test Method:		[testPackage01.Test_NewValidationHelper.f13]
################################################################################################################################################
[ReportManager] Assertion [ValidateElementExists] FAILED. Expected [Element Should not Exist, locator 'By.tagName: div'] and Actual [Element Exists but is not unique]. Comparison Type [EQUALS]. Validation Type [NEGATIVE]. @13-10-2021 20:53:37.0294 PM
[ReportManager] Successfully created attachment [Screenshot - 1634158417223_f13_ValidateElementExists_failed] @13-10-2021 20:53:37.0295 P
[ReportManager] Successfully Closed All Drivers. @13-10-2021 20:53:37.0369 P
[ReportManager] File Action [GetAbsolutePath] successfully performed. With the following test data [Relative Folder Path: "target/downloadedFiles/"]. @13-10-2021 20:53:37.0371 PM
[ReportManager] Attempting to run remotely on: [Linux-64], [GoogleChrome], [http://localhost:4444/wd/hub], Headless Execution. @13-10-2021 20:53:37.0372 PM
[ReportManager] Successfully Opened [GoogleChrome]. @13-10-2021 20:53:37.0587 PM
[ReportManager] Target URL: [https://the-internet.herokuapp.com/] @13-10-2021 20:53:37.0596 PM
[ReportManager] Initial URL: [data:,] @13-10-2021 20:53:37.0636 PM
[ReportManager] Browser Action [NavigateToURL] successfully performed. With the following test data [https://the-internet.herokuapp.com/]. @13-10-2021 20:53:38.0012 P

################################################################################################################################################
Starting Execution:	[79 out of 143] test cases in the current suite
Test Method:		[testPackage01.Test_NewValidationHelper.f14]
################################################################################################################################################
[ReportManager] Element Action [GetText] successfully performed. With the following test data [Welcome to the-internet]. @13-10-2021 20:53:38.0097 PM
[ReportManager] Loaded Shared OpenCV @13-10-2021 20:53:38.0240 PM
[ReportManager] Assertion Passed: Asserting that the header text is correct @13-10-2021 20:53:38.0323 PM
[ReportManager] Successfully created attachment [Screenshot - 1634158418240_f14_ValidateElementAttribute_passed] @13-10-2021 20:53:38.0324 PM
[ReportManager] Assertion [ValidateElementAttribute] PASSED. Expected [Value Should be 'Welcome to the-internet' for the 'text' attribute, element locator 'By.tagName: h1'] and Actual [Welcome to the-internet]. Comparison Type [EQUALS]. Validation Type [POSITIVE]. @13-10-2021 20:53:38.0324 P
[ReportManager] Successfully Closed All Drivers. @13-10-2021 20:53:38.0401 P
[ReportManager] File Action [GetAbsolutePath] successfully performed. With the following test data [Relative Folder Path: "target/downloadedFiles/"]. @13-10-2021 20:53:38.0403 PM
[ReportManager] Attempting to run remotely on: [Linux-64], [GoogleChrome], [http://localhost:4444/wd/hub], Headless Execution. @13-10-2021 20:53:38.0403 PM
[ReportManager] Successfully Opened [GoogleChrome]. @13-10-2021 20:53:38.0612 PM
[ReportManager] Target URL: [https://the-internet.herokuapp.com/] @13-10-2021 20:53:38.0621 PM
[ReportManager] Initial URL: [data:,] @13-10-2021 20:53:38.0661 PM
[ReportManager] Browser Action [NavigateToURL] successfully performed. With the following test data [https://the-internet.herokuapp.com/]. @13-10-2021 20:53:39.0025 P

################################################################################################################################################
Starting Execution:	[80 out of 143] test cases in the current suite
Test Method:		[testPackage01.Test_NewValidationHelper.f15]
################################################################################################################################################
[ReportManager] Element Action [GetText] successfully performed. With the following test data [Welcome to the-internet]. @13-10-2021 20:53:39.0105 PM
[ReportManager] Loaded Shared OpenCV @13-10-2021 20:53:39.0255 PM
[ReportManager] Assertion [ValidateElementAttribute] FAILED. Expected [Value Should not be 'Welcome' for the 'text' attribute, element locator 'By.tagName: h1'] and Actual [Welcome to the-internet]. Comparison Type [CONTAINS]. Validation Type [NEGATIVE]. @13-10-2021 20:53:39.0346 PM
[ReportManager] Successfully created attachment [Screenshot - 1634158419255_f15_ValidateElementAttribute_failed] @13-10-2021 20:53:39.0347 P
[ReportManager] Successfully Closed All Drivers. @13-10-2021 20:53:39.0425 P
[ReportManager] File Action [GetAbsolutePath] successfully performed. With the following test data [Relative Folder Path: "target/downloadedFiles/"]. @13-10-2021 20:53:39.0427 PM
[ReportManager] Attempting to run remotely on: [Linux-64], [GoogleChrome], [http://localhost:4444/wd/hub], Headless Execution. @13-10-2021 20:53:39.0427 PM
[ReportManager] Successfully Opened [GoogleChrome]. @13-10-2021 20:53:39.0641 PM
[ReportManager] Target URL: [https://the-internet.herokuapp.com/] @13-10-2021 20:53:39.0663 PM
[ReportManager] Initial URL: [data:,] @13-10-2021 20:53:39.0704 PM
[ReportManager] Browser Action [NavigateToURL] successfully performed. With the following test data [https://the-internet.herokuapp.com/]. @13-10-2021 20:53:40.0097 P

################################################################################################################################################
Starting Execution:	[81 out of 143] test cases in the current suite
Test Method:		[testPackage01.Test_NewValidationHelper.f16]
################################################################################################################################################
[ReportManager] Element Action [IdentifyUniqueElement] failed. With the following test data [zero elements found matching this locator "By.tagName: h3".]. @13-10-2021 20:54:05.0705 PM
[ReportManager] Successfully created attachment [Screenshot - 1634158445638_f16_IdentifyUniqueElement_failed] @13-10-2021 20:54:05.0706 PM
[ReportManager] Assertion [ValidateElementAttribute] FAILED. Expected [Value Should not be 'Welcome' for the 'text' attribute, element locator 'By.tagName: h3'] and Actual [Failed to read the desired element attribute]. Comparison Type [CONTAINS]. Validation Type [NEGATIVE]. @13-10-2021 20:54:05.0707 P
[ReportManager] Successfully Closed All Drivers. @13-10-2021 20:54:05.0781 P
[ReportManager] File Action [GetAbsolutePath] successfully performed. With the following test data [Relative Folder Path: "target/downloadedFiles/"]. @13-10-2021 20:54:05.0783 PM
[ReportManager] Attempting to run remotely on: [Linux-64], [GoogleChrome], [http://localhost:4444/wd/hub], Headless Execution. @13-10-2021 20:54:05.0783 PM
[ReportManager] Successfully Opened [GoogleChrome]. @13-10-2021 20:54:06.0006 PM
[ReportManager] Target URL: [https://the-internet.herokuapp.com/] @13-10-2021 20:54:06.0017 PM
[ReportManager] Initial URL: [data:,] @13-10-2021 20:54:06.0062 PM
[ReportManager] Browser Action [NavigateToURL] successfully performed. With the following test data [https://the-internet.herokuapp.com/]. @13-10-2021 20:54:06.0440 P

################################################################################################################################################
Starting Execution:	[82 out of 143] test cases in the current suite
Test Method:		[testPackage01.Test_NewValidationHelper.f17]
################################################################################################################################################
[ReportManager] Attempting to getAttribute [text2] from elementLocator [By.tagName: h1]. @13-10-2021 20:54:06.0443 PM
[ReportManager] Element Action [GetAttribute] successfully performed. @13-10-2021 20:54:06.0516 PM
[ReportManager] Loaded Shared OpenCV @13-10-2021 20:54:06.0673 PM
[ReportManager] Assertion [ValidateElementAttribute] PASSED. Expected [Value Should not be 'Welcome' for the 'text2' attribute, element locator 'By.tagName: h1'] and Actual [null]. Comparison Type [CONTAINS]. Validation Type [NEGATIVE]. @13-10-2021 20:54:06.0756 PM
[ReportManager] Successfully created attachment [Screenshot - 1634158446673_f17_ValidateElementAttribute_passed] @13-10-2021 20:54:06.0757 P
[ReportManager] Successfully Closed All Drivers. @13-10-2021 20:54:06.0832 P
[ReportManager] File Action [GetAbsolutePath] successfully performed. With the following test data [Relative Folder Path: "target/downloadedFiles/"]. @13-10-2021 20:54:06.0838 PM
[ReportManager] Attempting to run remotely on: [Linux-64], [GoogleChrome], [http://localhost:4444/wd/hub], Headless Execution. @13-10-2021 20:54:06.0838 PM
[ReportManager] Successfully Opened [GoogleChrome]. @13-10-2021 20:54:07.0058 PM
[ReportManager] Target URL: [https://the-internet.herokuapp.com/] @13-10-2021 20:54:07.0083 PM
[ReportManager] Initial URL: [data:,] @13-10-2021 20:54:07.0141 PM
[ReportManager] Browser Action [NavigateToURL] successfully performed. With the following test data [https://the-internet.herokuapp.com/]. @13-10-2021 20:54:07.0531 P

################################################################################################################################################
Starting Execution:	[83 out of 143] test cases in the current suite
Test Method:		[testPackage01.Test_NewValidationHelper.f18]
################################################################################################################################################
[ReportManager] Element Action [GetText] successfully performed. With the following test data [Welcome to the-internet]. @13-10-2021 20:54:07.0621 PM
[ReportManager] Loaded Shared OpenCV @13-10-2021 20:54:07.0792 PM
[ReportManager] Assertion [ValidateElementAttribute] PASSED. Expected [Value Should not be 'no' for the 'text' attribute, element locator 'By.tagName: h1'] and Actual [Welcome to the-internet]. Comparison Type [CONTAINS]. Validation Type [NEGATIVE]. @13-10-2021 20:54:07.0877 PM
[ReportManager] Successfully created attachment [Screenshot - 1634158447792_f18_ValidateElementAttribute_passed] @13-10-2021 20:54:07.0878 P
[ReportManager] Successfully Closed All Drivers. @13-10-2021 20:54:07.0958 P

################################################################################################################################################
Starting Execution:	[84 out of 143] test cases in the current suite
Test Method:		[testPackage01.Test_NewValidationHelper.f2]
################################################################################################################################################
[ReportManager] Assertion Failed: Checking valid user data @13-10-2021 20:54:07.0964 PM
[ReportManager] Assertion [ValidateEquals] FAILED. Expected [1] and Actual [2]. Comparison Type [EQUALS]. Validation Type [POSITIVE]. @13-10-2021 20:54:07.0964 P
[ReportManager] File Action [GetAbsolutePath] successfully performed. With the following test data [Relative Folder Path: "target/downloadedFiles/"]. @13-10-2021 20:54:07.0970 PM
[ReportManager] Attempting to run remotely on: [Linux-64], [GoogleChrome], [http://localhost:4444/wd/hub], Headless Execution. @13-10-2021 20:54:07.0970 PM
[ReportManager] Successfully Opened [GoogleChrome]. @13-10-2021 20:54:08.0194 PM
[ReportManager] Target URL: [https://the-internet.herokuapp.com/] @13-10-2021 20:54:08.0219 PM
[ReportManager] Initial URL: [data:,] @13-10-2021 20:54:08.0260 PM
[ReportManager] Browser Action [NavigateToURL] successfully performed. With the following test data [https://the-internet.herokuapp.com/]. @13-10-2021 20:54:08.0670 P

################################################################################################################################################
Starting Execution:	[85 out of 143] test cases in the current suite
Test Method:		[testPackage01.Test_NewValidationHelper.f20]
################################################################################################################################################
[ReportManager] Element Action [GetSize] successfully performed. With the following test data [(755, 61)]. @13-10-2021 20:54:08.0758 PM
[ReportManager] Loaded Shared OpenCV @13-10-2021 20:54:08.0916 PM
[ReportManager] Assertion [ValidateElementAttribute] PASSED. Expected [Value Should not be 'a' for the 'size' attribute, element locator 'By.tagName: h1'] and Actual [(755, 61)]. Comparison Type [CONTAINS]. Validation Type [NEGATIVE]. @13-10-2021 20:54:08.0999 PM
[ReportManager] Successfully created attachment [Screenshot - 1634158448916_f20_ValidateElementAttribute_passed] @13-10-2021 20:54:09.0000 P
[ReportManager] Successfully Closed All Drivers. @13-10-2021 20:54:09.0079 P
[ReportManager] File Action [GetAbsolutePath] successfully performed. With the following test data [Relative Folder Path: "target/downloadedFiles/"]. @13-10-2021 20:54:09.0084 PM
[ReportManager] Attempting to run remotely on: [Linux-64], [GoogleChrome], [http://localhost:4444/wd/hub], Headless Execution. @13-10-2021 20:54:09.0084 PM
[ReportManager] Successfully Opened [GoogleChrome]. @13-10-2021 20:54:09.0306 PM
[ReportManager] Target URL: [https://the-internet.herokuapp.com/] @13-10-2021 20:54:09.0321 PM
[ReportManager] Initial URL: [data:,] @13-10-2021 20:54:09.0403 PM
[ReportManager] Browser Action [NavigateToURL] successfully performed. With the following test data [https://the-internet.herokuapp.com/]. @13-10-2021 20:54:09.0822 P

################################################################################################################################################
Starting Execution:	[86 out of 143] test cases in the current suite
Test Method:		[testPackage01.Test_NewValidationHelper.f21]
################################################################################################################################################
[ReportManager] Element Action [IdentifyUniqueElement] failed. With the following test data [zero elements found matching this locator "By.tagName: h3".]. @13-10-2021 20:54:35.0464 PM
[ReportManager] Successfully created attachment [Screenshot - 1634158475375_f21_IdentifyUniqueElement_failed] @13-10-2021 20:54:35.0464 PM
[ReportManager] Assertion [ValidateElementAttribute] FAILED. Expected [Value Should be 'Welcome' for the 'text' attribute, element locator 'By.tagName: h3'] and Actual [Failed to read the desired element attribute]. Comparison Type [CONTAINS]. Validation Type [POSITIVE]. @13-10-2021 20:54:35.0465 P
[ReportManager] Successfully Closed All Drivers. @13-10-2021 20:54:35.0549 P
[ReportManager] File Action [GetAbsolutePath] successfully performed. With the following test data [Relative Folder Path: "target/downloadedFiles/"]. @13-10-2021 20:54:35.0554 PM
[ReportManager] Attempting to run remotely on: [Linux-64], [GoogleChrome], [http://localhost:4444/wd/hub], Headless Execution. @13-10-2021 20:54:35.0554 PM
[ReportManager] Successfully Opened [GoogleChrome]. @13-10-2021 20:54:35.0841 PM
[ReportManager] Target URL: [https://the-internet.herokuapp.com/] @13-10-2021 20:54:35.0860 PM
[ReportManager] Initial URL: [data:,] @13-10-2021 20:54:35.0898 PM
[ReportManager] Browser Action [NavigateToURL] successfully performed. With the following test data [https://the-internet.herokuapp.com/]. @13-10-2021 20:54:36.0290 P

################################################################################################################################################
Starting Execution:	[87 out of 143] test cases in the current suite
Test Method:		[testPackage01.Test_NewValidationHelper.f22]
################################################################################################################################################
[ReportManager] Element Action [GetText] successfully performed. With the following test data [Welcome to the-internet]. @13-10-2021 20:54:36.0389 PM
[ReportManager] Loaded Shared OpenCV @13-10-2021 20:54:36.0520 PM
[ReportManager] Assertion [ValidateElementAttribute] FAILED. Expected [Value Should be 'yyy' for the 'text' attribute, element locator 'By.tagName: h1'] and Actual [Welcome to the-internet]. Comparison Type [CONTAINS]. Validation Type [POSITIVE]. @13-10-2021 20:54:36.0601 PM
[ReportManager] Successfully created attachment [Screenshot - 1634158476520_f22_ValidateElementAttribute_failed] @13-10-2021 20:54:36.0602 P
[ReportManager] Successfully Closed All Drivers. @13-10-2021 20:54:36.0679 P

################################################################################################################################################
Starting Execution:	[88 out of 143] test cases in the current suite
Test Method:		[testPackage01.Test_NewValidationHelper.f23]
################################################################################################################################################
[ReportManager] Assertion Passed: confirming that the actual is greater than or equal to the expected @13-10-2021 20:54:36.0683 PM
[ReportManager] Assertion [ValidateComparativeRelation] PASSED. Expected [1] and Actual [1]. Comparison Type [GREATER_THAN_OR_EQUALS]. Validation Type [POSITIVE]. @13-10-2021 20:54:36.0683 P

################################################################################################################################################
Starting Execution:	[89 out of 143] test cases in the current suite
Test Method:		[testPackage01.Test_NewValidationHelper.f24]
################################################################################################################################################
[ReportManager] Assertion [ValidateComparativeRelation] PASSED. Expected [1] and Actual [10]. Comparison Type [GREATER_THAN_OR_EQUALS]. Validation Type [POSITIVE]. @13-10-2021 20:54:36.0688 P

################################################################################################################################################
Starting Execution:	[90 out of 143] test cases in the current suite
Test Method:		[testPackage01.Test_NewValidationHelper.f25]
################################################################################################################################################
[ReportManager] Assertion [ValidateComparativeRelation] PASSED. Expected [1] and Actual [1]. Comparison Type [EQUALS]. Validation Type [POSITIVE]. @13-10-2021 20:54:36.0696 P

################################################################################################################################################
Starting Execution:	[91 out of 143] test cases in the current suite
Test Method:		[testPackage01.Test_NewValidationHelper.f26]
################################################################################################################################################
[ReportManager] Assertion [ValidateComparativeRelation] PASSED. Expected [1] and Actual [5]. Comparison Type [GREATER_THAN]. Validation Type [POSITIVE]. @13-10-2021 20:54:36.0699 P

################################################################################################################################################
Starting Execution:	[92 out of 143] test cases in the current suite
Test Method:		[testPackage01.Test_NewValidationHelper.f27]
################################################################################################################################################
[ReportManager] Assertion [ValidateComparativeRelation] PASSED. Expected [11] and Actual [5]. Comparison Type [LESS_THAN]. Validation Type [POSITIVE]. @13-10-2021 20:54:36.0704 P

################################################################################################################################################
Starting Execution:	[93 out of 143] test cases in the current suite
Test Method:		[testPackage01.Test_NewValidationHelper.f28]
################################################################################################################################################
[ReportManager] Assertion [ValidateComparativeRelation] PASSED. Expected [11] and Actual [5]. Comparison Type [LESS_THAN_OR_EQUALS]. Validation Type [POSITIVE]. @13-10-2021 20:54:36.0708 P

################################################################################################################################################
Starting Execution:	[94 out of 143] test cases in the current suite
Test Method:		[testPackage01.Test_NewValidationHelper.f29]
################################################################################################################################################
[ReportManager] Assertion [ValidateComparativeRelation] PASSED. Expected [11] and Actual [11]. Comparison Type [LESS_THAN_OR_EQUALS]. Validation Type [POSITIVE]. @13-10-2021 20:54:36.0711 P

################################################################################################################################################
Starting Execution:	[95 out of 143] test cases in the current suite
Test Method:		[testPackage01.Test_NewValidationHelper.f3]
################################################################################################################################################
[ReportManager] Assertion [ValidateEquals] PASSED. Expected [1] and Actual [2]. Comparison Type [EQUALS]. Validation Type [NEGATIVE]. @13-10-2021 20:54:36.0714 P

################################################################################################################################################
Starting Execution:	[96 out of 143] test cases in the current suite
Test Method:		[testPackage01.Test_NewValidationHelper.f30]
################################################################################################################################################
[ReportManager] Assertion [ValidateComparativeRelation] FAILED. Expected [-9] and Actual [11]. Comparison Type [LESS_THAN_OR_EQUALS]. Validation Type [POSITIVE]. @13-10-2021 20:54:36.0717 P

################################################################################################################################################
Starting Execution:	[97 out of 143] test cases in the current suite
Test Method:		[testPackage01.Test_NewValidationHelper.f31]
################################################################################################################################################
[ReportManager] Assertion [ValidateTrue] PASSED. Expected [TRUE] and Actual [TRUE]. Validation Type [POSITIVE]. @13-10-2021 20:54:36.0720 P

################################################################################################################################################
Starting Execution:	[98 out of 143] test cases in the current suite
Test Method:		[testPackage01.Test_NewValidationHelper.f32]
################################################################################################################################################
[ReportManager] Assertion [ValidateTrue] PASSED. Expected [FALSE] and Actual [FALSE]. Validation Type [NEGATIVE]. @13-10-2021 20:54:36.0723 P

################################################################################################################################################
Starting Execution:	[99 out of 143] test cases in the current suite
Test Method:		[testPackage01.Test_NewValidationHelper.f33]
################################################################################################################################################
[ReportManager] Assertion [ValidateTrue] FAILED. Expected [FALSE] and Actual [TRUE]. Validation Type [NEGATIVE]. @13-10-2021 20:54:36.0725 P

################################################################################################################################################
Starting Execution:	[100 out of 143] test cases in the current suite
Test Method:		[testPackage01.Test_NewValidationHelper.f34]
################################################################################################################################################
[ReportManager] Assertion [ValidateTrue] FAILED. Expected [TRUE] and Actual [FALSE]. Validation Type [POSITIVE]. @13-10-2021 20:54:36.0727 P

################################################################################################################################################
Starting Execution:	[101 out of 143] test cases in the current suite
Test Method:		[testPackage01.Test_NewValidationHelper.f35]
################################################################################################################################################
[ReportManager] File Action [DoesFileExist] successfully performed. With the following test data [File Path: "pom.xml"]. @13-10-2021 20:54:36.0732 PM
[ReportManager] Assertion [ValidateFileExists] PASSED. Expected [File 'pom.xml' should exist, after up to '1' retries] and Actual [File exists]. Validation Type [POSITIVE]. @13-10-2021 20:54:36.0732 P

################################################################################################################################################
Starting Execution:	[102 out of 143] test cases in the current suite
Test Method:		[testPackage01.Test_NewValidationHelper.f36]
################################################################################################################################################
[ReportManager] File Action [DoesFileExist] successfully performed. With the following test data [File Path: "src/test/java/testPackage01/Test_NewValidationHelper.java"]. @13-10-2021 20:54:36.0734 PM
[ReportManager] Assertion [ValidateFileExists] PASSED. Expected [File 'src/test/java/testPackage01/Test_NewValidationHelper.java' should exist, after up to '1' retries] and Actual [File exists]. Validation Type [POSITIVE]. @13-10-2021 20:54:36.0743 P

################################################################################################################################################
Starting Execution:	[103 out of 143] test cases in the current suite
Test Method:		[testPackage01.Test_NewValidationHelper.f37]
################################################################################################################################################
[ReportManager] File Action [DoesFileExist] successfully performed. With the following test data [File Path: "pom.xml"]. @13-10-2021 20:54:36.0746 PM
[ReportManager] Assertion Failed: confirming that the file does't exist after 5 retries @13-10-2021 20:54:36.0746 PM
[ReportManager] Assertion [ValidateFileExists] FAILED. Expected [File 'pom.xml' should not exist, after up to '5' retries] and Actual [File exists]. Validation Type [NEGATIVE]. @13-10-2021 20:54:36.0746 P

################################################################################################################################################
Starting Execution:	[104 out of 143] test cases in the current suite
Test Method:		[testPackage01.Test_NewValidationHelper.f3_1]
################################################################################################################################################
[ReportManager] Assertion Passed: Checking valid user data @13-10-2021 20:54:36.0749 PM
[ReportManager] Assertion [ValidateEquals] PASSED. Expected [null] and Actual [null]. Comparison Type [EQUALS]. Validation Type [POSITIVE]. @13-10-2021 20:54:36.0749 P

################################################################################################################################################
Starting Execution:	[105 out of 143] test cases in the current suite
Test Method:		[testPackage01.Test_NewValidationHelper.f4]
################################################################################################################################################
[ReportManager] Assertion [ValidateEquals] PASSED. Expected [1] and Actual [123]. Comparison Type [CONTAINS]. Validation Type [POSITIVE]. @13-10-2021 20:54:36.0752 P

################################################################################################################################################
Starting Execution:	[106 out of 143] test cases in the current suite
Test Method:		[testPackage01.Test_NewValidationHelper.f5]
################################################################################################################################################
[ReportManager] Assertion [ValidateNull] PASSED. Expected [NULL] and Actual [1]. Comparison Type [EQUALS]. Validation Type [NEGATIVE]. @13-10-2021 20:54:36.0754 P

################################################################################################################################################
Starting Execution:	[107 out of 143] test cases in the current suite
Test Method:		[testPackage01.Test_NewValidationHelper.f6]
################################################################################################################################################
[ReportManager] Assertion Failed: Making sure that null string is not equal to null object @13-10-2021 20:54:36.0772 PM
[ReportManager] Assertion [ValidateNull] FAILED. Expected [NULL] and Actual [NULL]. Comparison Type [EQUALS]. Validation Type [POSITIVE]. @13-10-2021 20:54:36.0772 P

################################################################################################################################################
Starting Execution:	[108 out of 143] test cases in the current suite
Test Method:		[testPackage01.Test_NewValidationHelper.f6_1]
################################################################################################################################################
[ReportManager] Assertion [ValidateNull] FAILED. Expected [NULL] and Actual [NULL]. Comparison Type [EQUALS]. Validation Type [NEGATIVE]. @13-10-2021 20:54:36.0775 P

################################################################################################################################################
Starting Execution:	[109 out of 143] test cases in the current suite
Test Method:		[testPackage01.Test_NewValidationHelper.f6_2]
################################################################################################################################################
[ReportManager] Assertion Failed: Making sure that null string is not equal to null object @13-10-2021 20:54:36.0777 PM
[ReportManager] Assertion [ValidateNull] FAILED. Expected [NULL] and Actual [not null]. Comparison Type [EQUALS]. Validation Type [POSITIVE]. @13-10-2021 20:54:36.0777 P

################################################################################################################################################
Starting Execution:	[110 out of 143] test cases in the current suite
Test Method:		[testPackage01.Test_NewValidationHelper.f7]
################################################################################################################################################
[ReportManager] Assertion [ValidateNull] PASSED. Expected [NULL] and Actual [NULL]. Comparison Type [EQUALS]. Validation Type [POSITIVE]. @13-10-2021 20:54:36.0780 P
[ReportManager] File Action [GetAbsolutePath] successfully performed. With the following test data [Relative Folder Path: "target/downloadedFiles/"]. @13-10-2021 20:54:36.0788 PM
[ReportManager] Attempting to run remotely on: [Linux-64], [GoogleChrome], [http://localhost:4444/wd/hub], Headless Execution. @13-10-2021 20:54:36.0788 PM
[ReportManager] Successfully Opened [GoogleChrome]. @13-10-2021 20:54:37.0006 PM
[ReportManager] Target URL: [https://the-internet.herokuapp.com/] @13-10-2021 20:54:37.0018 PM
[ReportManager] Initial URL: [data:,] @13-10-2021 20:54:37.0072 PM
[ReportManager] Browser Action [NavigateToURL] successfully performed. With the following test data [https://the-internet.herokuapp.com/]. @13-10-2021 20:54:37.0451 P

################################################################################################################################################
Starting Execution:	[111 out of 143] test cases in the current suite
Test Method:		[testPackage01.Test_NewValidationHelper.f8]
################################################################################################################################################
[ReportManager] Loaded Shared OpenCV @13-10-2021 20:54:37.0654 PM
[ReportManager] Assertion [ValidateElementExists] PASSED. Expected [Element Should Exist, locator 'By.tagName: h1'] and Actual [Element Exists]. Comparison Type [EQUALS]. Validation Type [POSITIVE]. @13-10-2021 20:54:37.0741 PM
[ReportManager] Successfully created attachment [Screenshot - 1634158477654_f8_ValidateElementExists_passed] @13-10-2021 20:54:37.0743 P
[ReportManager] Successfully Closed All Drivers. @13-10-2021 20:54:37.0820 P
[ReportManager] File Action [GetAbsolutePath] successfully performed. With the following test data [Relative Folder Path: "target/downloadedFiles/"]. @13-10-2021 20:54:37.0822 PM
[ReportManager] Attempting to run remotely on: [Linux-64], [GoogleChrome], [http://localhost:4444/wd/hub], Headless Execution. @13-10-2021 20:54:37.0822 PM
[ReportManager] Successfully Opened [GoogleChrome]. @13-10-2021 20:54:38.0027 PM
[ReportManager] Target URL: [https://the-internet.herokuapp.com/] @13-10-2021 20:54:38.0038 PM
[ReportManager] Initial URL: [data:,] @13-10-2021 20:54:38.0082 PM
[ReportManager] Browser Action [NavigateToURL] successfully performed. With the following test data [https://the-internet.herokuapp.com/]. @13-10-2021 20:54:38.0468 P

################################################################################################################################################
Starting Execution:	[112 out of 143] test cases in the current suite
Test Method:		[testPackage01.Test_NewValidationHelper.f9]
################################################################################################################################################
[ReportManager] Assertion [ValidateElementExists] FAILED. Expected [Element Should Exist, locator 'By.tagName: h3'] and Actual [Element Doesn't Exists]. Comparison Type [EQUALS]. Validation Type [POSITIVE]. @13-10-2021 20:55:09.0193 PM
[ReportManager] Successfully created attachment [Screenshot - 1634158509121_f9_ValidateElementExists_failed] @13-10-2021 20:55:09.0194 P
[ReportManager] Successfully Closed All Drivers. @13-10-2021 20:55:09.0291 P

################################################################################################################################################
Starting Execution:	[113 out of 143] test cases in the current suite
Test Method:		[testPackage01.Test_NewValidationHelper.forceFail]
################################################################################################################################################
[ReportManager] Assertion [ValidateFail] FAILED. Successfully force failed the test. @13-10-2021 20:55:09.0299 P

################################################################################################################################################
Starting Execution:	[114 out of 143] test cases in the current suite
Test Method:		[testPackage01.Test_NewValidationHelper.forceFail2]
################################################################################################################################################
[ReportManager] Assertion Failed: Custom Message @13-10-2021 20:55:09.0303 PM
[ReportManager] Assertion [ValidateFail] FAILED. Successfully force failed the test. @13-10-2021 20:55:09.0303 P

################################################################################################################################################
Starting Execution:	[115 out of 143] test cases in the current suite
Test Method:		[testPackage01.Test_sendGraphqlRequest.sendGraphqlRequestUsingMutationAndVariables]
################################################################################################################################################
[ReportManager] GraphQl Request is being Performed with the Following Parameters [Service URL: https://api.spacex.land/graphql | Request Body: {"variables":"{\"name\": \"sherlock holmes\",\"rocket\": \"221B Baker Street\"}","query":"mutation ($name: String, $rocket: String) {\n  insert_users(objects: {name: $name, rocket: $rocket}) {\n    returning {\n      name\n      rocket\n    }\n  }\n}"}] @13-10-2021 20:55:09.0306 PM
[ReportManager] Response status code: [200], status line: [HTTP/1.1 200 OK] @13-10-2021 20:55:09.0581 PM
[ReportManager] Assertion Passed: Evaluating the actual response status code against the expected one... @13-10-2021 20:55:09.0581 PM
[ReportManager] Assertion [ValidateEquals] PASSED. Expected [200] and Actual [200]. Comparison Type [EQUALS]. Validation Type [POSITIVE]. @13-10-2021 20:55:09.0581 PM
[ReportManager] API Action [PerformRequest] successfully performed. With the following test data [Request Type: "POST" | Target Status Code: "200" | Service URL: "https://api.spacex.land/graphql" | Content Type: "application/json" | Response Time: "172ms"]. @13-10-2021 20:55:09.0596 PM
[ReportManager] Successfully created attachment [API Request - Specifications] @13-10-2021 20:55:09.0596 PM
[ReportManager] Successfully created attachment [API Request - JSON Body] @13-10-2021 20:55:09.0597 PM
[ReportManager] Successfully created attachment [API Response - JSON Body] @13-10-2021 20:55:09.0597 PM
[ReportManager] API Action [GetResponseJSONValue] successfully performed. With the following test data [data.insert_users.returning[0].name]. @13-10-2021 20:55:09.0654 PM
[ReportManager] Assertion [ValidateEquals] PASSED. Expected [sherlock holmes] and Actual [sherlock holmes]. Comparison Type [EQUALS]. Validation Type [POSITIVE]. @13-10-2021 20:55:09.0654 P

################################################################################################################################################
Starting Execution:	[116 out of 143] test cases in the current suite
Test Method:		[testPackage01.Test_sendGraphqlRequest.sendGraphqlRequestUsingQuery]
################################################################################################################################################
[ReportManager] GraphQl Request is being Performed with the Following Parameters [Service URL: https://api.spacex.land/graphql | Request Body: {"query":"{company {ceo}}"}] @13-10-2021 20:55:09.0658 PM
[ReportManager] Response status code: [200], status line: [HTTP/1.1 200 OK] @13-10-2021 20:55:09.0750 PM
[ReportManager] Assertion Passed: Evaluating the actual response status code against the expected one... @13-10-2021 20:55:09.0751 PM
[ReportManager] Assertion [ValidateEquals] PASSED. Expected [200] and Actual [200]. Comparison Type [EQUALS]. Validation Type [POSITIVE]. @13-10-2021 20:55:09.0751 PM
[ReportManager] API Action [PerformRequest] successfully performed. With the following test data [Request Type: "POST" | Target Status Code: "200" | Service URL: "https://api.spacex.land/graphql" | Content Type: "application/json" | Response Time: "85ms"]. @13-10-2021 20:55:09.0763 PM
[ReportManager] Successfully created attachment [API Request - Specifications] @13-10-2021 20:55:09.0764 PM
[ReportManager] Successfully created attachment [API Request - JSON Body] @13-10-2021 20:55:09.0764 PM
[ReportManager] Successfully created attachment [API Response - JSON Body] @13-10-2021 20:55:09.0764 PM
[ReportManager] API Action [GetResponseJSONValue] successfully performed. With the following test data [data.company.ceo]. @13-10-2021 20:55:09.0780 PM
[ReportManager] Assertion [ValidateEquals] PASSED. Expected [Elon Musk] and Actual [Elon Musk]. Comparison Type [EQUALS]. Validation Type [POSITIVE]. @13-10-2021 20:55:09.0780 P
[ReportManager] Successfully loaded the following test data file [src/test/resources/TestDataFiles/testSuite01/TestData.xlsx]. @13-10-2021 20:55:09.0833 PM
[ReportManager] Successfully created attachment [Test Data - Excel] @13-10-2021 20:55:09.0834 PM
[ReportManager] File Action [GetAbsolutePath] successfully performed. With the following test data [Relative Folder Path: "target/downloadedFiles/"]. @13-10-2021 20:55:09.0834 PM
[ReportManager] Attempting to run remotely on: [Linux-64], [GoogleChrome], [http://localhost:4444/wd/hub], Headless Execution. @13-10-2021 20:55:09.0834 PM
[ReportManager] Successfully Opened [GoogleChrome]. @13-10-2021 20:55:10.0120 P

################################################################################################################################################
Starting Execution:	[117 out of 143] test cases in the current suite
Test Method:		[testPackage01.Test_google.navigateToURLandVerifyGoogleLogoIsDisplayed]
Test Description:	[TC001 - Navigate to URL and Verify Google Logo is Displayed]
################################################################################################################################################
[ReportManager] Target URL: [https://www.google.com/ncr], and after redirection: [https://www.google.com] @13-10-2021 20:55:10.0134 PM
[ReportManager] Initial URL: [data:,] @13-10-2021 20:55:10.0176 PM
[ReportManager] Browser Action [NavigateToURL] successfully performed. With the following test data [https://www.google.com/ncr]. @13-10-2021 20:55:11.0018 PM
[ReportManager] Loaded Shared OpenCV @13-10-2021 20:55:11.0212 PM
[ReportManager] Assertion [ValidateElementExists] PASSED. Expected [Element Should Exist, locator 'By.xpath: //*[@id='hplogo' or @alt='Google']'] and Actual [Element Exists]. Comparison Type [EQUALS]. Validation Type [POSITIVE]. @13-10-2021 20:55:11.0304 PM
[ReportManager] Successfully created attachment [Screenshot - 1634158511212_navigateToURLandVerifyGoogleLogoIsDisplayed_ValidateElementExists_passed] @13-10-2021 20:55:11.0305 P

################################################################################################################################################
Starting Execution:	[118 out of 143] test cases in the current suite
Test Method:		[testPackage01.Test_google.searchForQueryandAssertResultsNumDisplayed]
Test Description:	[TC002 - Search for Query and Assert that the number of results is displayed]
################################################################################################################################################
[ReportManager] Element Action [Type] successfully performed. With the following test data [SHAFT_Engine]. @13-10-2021 20:55:11.0757 PM
[ReportManager] Element Action [KeyPress] successfully performed. With the following test data [Enter]. @13-10-2021 20:55:13.0200 PM
[ReportManager] Element Action [GetText] successfully performed. With the following test data [About 1,030,000 results (0.59 seconds) ]. @13-10-2021 20:55:13.0275 PM
[ReportManager] Loaded Shared OpenCV @13-10-2021 20:55:13.0413 PM
[ReportManager] Assertion [ValidateElementAttribute] PASSED. Expected [Value Should not be '' for the 'Text' attribute, element locator 'By.id: appbar'] and Actual [About 1,030,000 results (0.59 seconds) ]. Comparison Type [EQUALS]. Validation Type [NEGATIVE]. @13-10-2021 20:55:13.0501 PM
[ReportManager] Successfully created attachment [Screenshot - 1634158513413_searchForQueryandAssertResultsNumDisplayed_ValidateElementAttribute_passed] @13-10-2021 20:55:13.0502 P

################################################################################################################################################
Starting Execution:	[119 out of 143] test cases in the current suite
Test Method:		[testPackage01.Test_google.clickNextThrice]
Test Description:	[TC003 - Clicks the next button to make sure that the framework can scroll element into view before clicking it]
################################################################################################################################################
[ReportManager] Element Action [Click] successfully performed. With the following test data [Next]. @13-10-2021 20:55:15.0115 P
[ReportManager] Browser Action [CloseCurrentWindow] successfully performed. @13-10-2021 20:55:15.0307 PM
[ReportManager] Successfully created attachment [Browser Action Test Data - CloseCurrentWindow - Actual Value] @13-10-2021 20:55:15.0309 P
[ReportManager] File Action [GetAbsolutePath] successfully performed. With the following test data [Relative Folder Path: "target/downloadedFiles/"]. @13-10-2021 20:55:15.0311 PM
[ReportManager] Attempting to run remotely on: [Linux-64], [GoogleChrome], [http://localhost:4444/wd/hub], Headless Execution. @13-10-2021 20:55:15.0311 PM
[ReportManager] Successfully Opened [GoogleChrome]. @13-10-2021 20:55:15.0547 P

################################################################################################################################################
Starting Execution:	[120 out of 143] test cases in the current suite
Test Method:		[testPackage01.Test_ShadowDOM.shadowdom]
################################################################################################################################################
[ReportManager] Target URL: [https://mdn.github.io/web-components-examples/popup-info-box-web-component/] @13-10-2021 20:55:15.0567 PM
[ReportManager] Initial URL: [data:,] @13-10-2021 20:55:15.0610 PM
[ReportManager] Browser Action [NavigateToURL] successfully performed. With the following test data [https://mdn.github.io/web-components-examples/popup-info-box-web-component/]. @13-10-2021 20:55:15.0849 PM
[ReportManager] Element Action [Type] successfully performed. With the following test data [Typing into SHADOW DOM...]. @13-10-2021 20:55:16.0182 PM
[ReportManager] Element Action [GetText] successfully performed. With the following test data [Typing into SHADOW DOM...]. @13-10-2021 20:55:16.0269 PM
[ReportManager] Loaded Shared OpenCV @13-10-2021 20:55:16.0386 PM
[ReportManager] Assertion [ValidateElementAttribute] PASSED. Expected [Value Should be 'Typing into SHADOW DOM...' for the 'Text' attribute, element locator 'By.id: cvc'] and Actual [Typing into SHADOW DOM...]. Comparison Type [EQUALS]. Validation Type [POSITIVE]. @13-10-2021 20:55:16.0457 PM
[ReportManager] Successfully created attachment [Screenshot - 1634158516386_shadowdom_ValidateElementAttribute_passed] @13-10-2021 20:55:16.0458 P
[ReportManager] Browser Action [CloseCurrentWindow] successfully performed. @13-10-2021 20:55:16.0547 PM
[ReportManager] Successfully created attachment [Browser Action Test Data - CloseCurrentWindow - Actual Value] @13-10-2021 20:55:16.0547 P

################################################################################################################################################
Starting Execution:	[121 out of 143] test cases in the current suite
Test Method:		[testPackage01.Test_AssertApiResponseEquals.assertApiResponseEquals_expectedToPass]
################################################################################################################################################
[ReportManager] Response status code: [200], status line: [HTTP/1.1 200 OK] @13-10-2021 20:55:16.0610 PM
[ReportManager] Assertion Passed: Evaluating the actual response status code against the expected one... @13-10-2021 20:55:16.0611 PM
[ReportManager] Assertion [ValidateEquals] PASSED. Expected [200] and Actual [200]. Comparison Type [EQUALS]. Validation Type [POSITIVE]. @13-10-2021 20:55:16.0611 PM
[ReportManager] API Action [PerformRequest] successfully performed. With the following test data [Request Type: "GET" | Target Status Code: "200" | Service URL: "https://jsonplaceholder.typicode.com/users" | Content Type: "*/*" | Response Time: "52ms"]. @13-10-2021 20:55:16.0634 PM
[ReportManager] Successfully created attachment [API Request - Specifications] @13-10-2021 20:55:16.0635 PM
[ReportManager] Successfully created attachment [API Response - JSON Body] @13-10-2021 20:55:16.0635 PM
[ReportManager] API Action [GetResponseJSONValueAsList] successfully performed. With the following test data [$]. @13-10-2021 20:55:16.0639 PM
[ReportManager] API Action [GetResponseJSONValue] successfully performed. With the following test data [name]. @13-10-2021 20:55:16.0649 PM
[ReportManager] API Action [GetResponseJSONValue] successfully performed. With the following test data [email]. @13-10-2021 20:55:16.0658 PM
[ReportManager] Verification [ValidateEquals] PASSED. Expected [Sincere@april.biz] and Actual [Sincere@april.biz]. Comparison Type [EQUALS]. Validation Type [POSITIVE]. @13-10-2021 20:55:16.0658 PM
[ReportManager] API Action [GetResponseJSONValue] successfully performed. With the following test data [username]. @13-10-2021 20:55:16.0681 PM
[ReportManager] Assertion [ValidateEquals] PASSED. Expected [Bret] and Actual [Bret]. Comparison Type [EQUALS]. Validation Type [POSITIVE]. @13-10-2021 20:55:16.0681 PM
[ReportManager] API Action [GetResponseJSONValue] successfully performed. With the following test data [name]. @13-10-2021 20:55:16.0699 PM
[ReportManager] API Action [GetResponseJSONValue] successfully performed. With the following test data [name]. @13-10-2021 20:55:16.0706 PM
[ReportManager] API Action [GetResponseJSONValue] successfully performed. With the following test data [name]. @13-10-2021 20:55:16.0714 PM
[ReportManager] API Action [GetResponseJSONValue] successfully performed. With the following test data [name]. @13-10-2021 20:55:16.0721 PM
[ReportManager] API Action [GetResponseJSONValue] successfully performed. With the following test data [name]. @13-10-2021 20:55:16.0729 PM
[ReportManager] API Action [GetResponseJSONValue] successfully performed. With the following test data [name]. @13-10-2021 20:55:16.0768 PM
[ReportManager] API Action [GetResponseJSONValue] successfully performed. With the following test data [name]. @13-10-2021 20:55:16.0776 PM
[ReportManager] API Action [GetResponseJSONValue] successfully performed. With the following test data [name]. @13-10-2021 20:55:16.0792 PM
[ReportManager] API Action [GetResponseJSONValue] successfully performed. With the following test data [name]. @13-10-2021 20:55:16.0799 P
[ReportManager] File Action [GetAbsolutePath] successfully performed. With the following test data [Relative Folder Path: "target/downloadedFiles/"]. @13-10-2021 20:55:16.0811 PM
[ReportManager] Attempting to run remotely on: [Linux-64], [GoogleChrome], [http://localhost:4444/wd/hub], Headless Execution. @13-10-2021 20:55:16.0812 PM
[ReportManager] Successfully Opened [GoogleChrome]. @13-10-2021 20:55:17.0129 P

################################################################################################################################################
Starting Execution:	[122 out of 143] test cases in the current suite
Test Method:		[testPackage01.Test_IsElementClickable.testIsElementClickable]
################################################################################################################################################
[ReportManager] Target URL: [https://the-internet.herokuapp.com/] @13-10-2021 20:55:17.0159 PM
[ReportManager] Initial URL: [data:,] @13-10-2021 20:55:17.0196 PM
[ReportManager] Browser Action [NavigateToURL] successfully performed. With the following test data [https://the-internet.herokuapp.com/]. @13-10-2021 20:55:17.0594 PM
[ReportManager] Element Action [IsElementClickable] successfully performed. @13-10-2021 20:55:17.0727 PM
[ReportManager] Assertion [ValidateTrue] PASSED. Expected [TRUE] and Actual [TRUE]. Validation Type [POSITIVE]. @13-10-2021 20:55:17.0727 P
[ReportManager] Browser Action [CloseCurrentWindow] successfully performed. @13-10-2021 20:55:17.0838 PM
[ReportManager] Successfully created attachment [Browser Action Test Data - CloseCurrentWindow - Actual Value] @13-10-2021 20:55:17.0838 P

################################################################################################################################################
Starting Execution:	[123 out of 143] test cases in the current suite
Test Method:		[testPackage01.Test_JsonCompareWithSpecialCharacters.specialCharacters]
################################################################################################################################################
[ReportManager] File Action [GetAbsolutePath] successfully performed. With the following test data [Relative Folder Path: "src/test/resources/TestJsonFiles/specialCharacters.json"]. @13-10-2021 20:55:17.0844 PM
[ReportManager] File Action [ReadFromFile] successfully performed. With the following test data [File Path: "/home/runner/work/SHAFT_ENGINE/SHAFT_ENGINE/src/test/resources/TestJsonFiles/specialCharacters.json"]. @13-10-2021 20:55:17.0850 PM
[ReportManager] Successfully created attachment [File Action Actual Result - Command Log] @13-10-2021 20:55:17.0850 PM
[ReportManager] Comparing the provided API response with the file at this path "src/test/resources/TestJsonFiles/specialCharacters.json", comparison type "EQUALS" @13-10-2021 20:55:17.0851 PM
[ReportManager] API Action [CompareJSON] successfully performed. With the following test data [src/test/resources/TestJsonFiles/specialCharacters.json]. @13-10-2021 20:55:17.0859 PM
[ReportManager] File Action [GetAbsolutePath] successfully performed. With the following test data [Relative Folder Path: "src/test/resources/TestJsonFiles/specialCharacters.json"]. @13-10-2021 20:55:17.0859 PM
[ReportManager] File Action [ReadFromFile] successfully performed. With the following test data [File Path: "/home/runner/work/SHAFT_ENGINE/SHAFT_ENGINE/src/test/resources/TestJsonFiles/specialCharacters.json"]. @13-10-2021 20:55:17.0859 PM
[ReportManager] Verification [ValidateJSONFileContent] PASSED. Expected [Response data should match the JSON File in this path 'src/test/resources/TestJsonFiles/specialCharacters.json'] and Actual [TRUE]. Comparison Type [EQUALS]. Validation Type [POSITIVE]. @13-10-2021 20:55:17.0864 PM
[ReportManager] Successfully created attachment [Validation Test Data - Expected JSON Value] @13-10-2021 20:55:17.0865 PM
[ReportManager] Successfully created attachment [Validation Test Data - Actual JSON Value] @13-10-2021 20:55:17.0865 P

################################################################################################################################################
Starting Execution:	[124 out of 143] test cases in the current suite
Test Method:		[testPackage01.Test_JsonCompareWithSpecialCharacters.specialCharacters_assertion]
################################################################################################################################################
[ReportManager] File Action [GetAbsolutePath] successfully performed. With the following test data [Relative Folder Path: "src/test/resources/TestJsonFiles/specialCharacters.json"]. @13-10-2021 20:55:17.0873 PM
[ReportManager] File Action [ReadFromFile] successfully performed. With the following test data [File Path: "/home/runner/work/SHAFT_ENGINE/SHAFT_ENGINE/src/test/resources/TestJsonFiles/specialCharacters.json"]. @13-10-2021 20:55:17.0873 PM
[ReportManager] Successfully created attachment [File Action Actual Result - Command Log] @13-10-2021 20:55:17.0874 PM
[ReportManager] Comparing the provided API response with the file at this path "src/test/resources/TestJsonFiles/specialCharacters.json", comparison type "CONTAINS" @13-10-2021 20:55:17.0874 PM
[ReportManager] API Action [CompareJSON] successfully performed. With the following test data [src/test/resources/TestJsonFiles/specialCharacters.json]. @13-10-2021 20:55:17.0893 PM
[ReportManager] File Action [GetAbsolutePath] successfully performed. With the following test data [Relative Folder Path: "src/test/resources/TestJsonFiles/specialCharacters.json"]. @13-10-2021 20:55:17.0893 PM
[ReportManager] File Action [ReadFromFile] successfully performed. With the following test data [File Path: "/home/runner/work/SHAFT_ENGINE/SHAFT_ENGINE/src/test/resources/TestJsonFiles/specialCharacters.json"]. @13-10-2021 20:55:17.0893 PM
[ReportManager] Assertion Passed: trying out the log message @13-10-2021 20:55:17.0897 PM
[ReportManager] Successfully created attachment [Validation Test Data - Expected JSON Value] @13-10-2021 20:55:17.0897 PM
[ReportManager] Successfully created attachment [Validation Test Data - Actual JSON Value] @13-10-2021 20:55:17.0898 PM
[ReportManager] Assertion [ValidateJSONFileContent] PASSED. Expected [Response data should match the JSON File in this path 'src/test/resources/TestJsonFiles/specialCharacters.json'] and Actual [TRUE]. Comparison Type [CONTAINS]. Validation Type [POSITIVE]. @13-10-2021 20:55:17.0898 P
[ReportManager] File Action [GetAbsolutePath] successfully performed. With the following test data [Relative Folder Path: "target/downloadedFiles/"]. @13-10-2021 20:55:17.0904 PM
[ReportManager] Attempting to run remotely on: [Linux-64], [GoogleChrome], [http://localhost:4444/wd/hub], Headless Execution. @13-10-2021 20:55:17.0905 PM
[ReportManager] Successfully Opened [GoogleChrome]. @13-10-2021 20:55:18.0127 P

################################################################################################################################################
Starting Execution:	[125 out of 143] test cases in the current suite
Test Method:		[testPackage01.Test_assertEquals.test_assertElementAttribute]
################################################################################################################################################
[ReportManager] Target URL: [https://www.google.com/ncr], and after redirection: [https://www.google.com] @13-10-2021 20:55:18.0144 PM
[ReportManager] Initial URL: [data:,] @13-10-2021 20:55:18.0184 PM
[ReportManager] Browser Action [NavigateToURL] successfully performed. With the following test data [https://www.google.com/ncr]. @13-10-2021 20:55:19.0028 PM
[ReportManager] Element Action [Type] successfully performed. With the following test data [INC_004010050:Another SCHEDULER with the same name [Duplicate Job Name] already exists.]. @13-10-2021 20:55:19.0711 PM
[ReportManager] Element Action [GetText] successfully performed. With the following test data [INC_004010050:Another SCHEDULER with the same name [Duplicate Job Name] already exists.]. @13-10-2021 20:55:19.0800 PM
[ReportManager] Loaded Shared OpenCV @13-10-2021 20:55:19.0943 PM
[ReportManager] Assertion [ValidateElementAttribute] PASSED. Expected [Value Should be 'INC_004010050:Another SCHEDULER with the same name \[Duplicate Job Name\] already exists.' for the 'text' attribute, element locator 'By.name: q'] and Actual [INC_004010050:Another SCHEDULER with the same name [Duplicate Job Name] already exists.]. Comparison Type [MATCHES]. Validation Type [POSITIVE]. @13-10-2021 20:55:20.0025 PM
[ReportManager] Successfully created attachment [Screenshot - 1634158519943_test_assertElementAttribute_ValidateElementAttribute_passed] @13-10-2021 20:55:20.0026 P
[ReportManager] Browser Action [CloseCurrentWindow] successfully performed. @13-10-2021 20:55:20.0168 PM
[ReportManager] Successfully created attachment [Browser Action Test Data - CloseCurrentWindow - Actual Value] @13-10-2021 20:55:20.0169 P
[ReportManager] File Action [GetAbsolutePath] successfully performed. With the following test data [Relative Folder Path: "target/downloadedFiles/"]. @13-10-2021 20:55:20.0186 PM
[ReportManager] Attempting to run remotely on: [Linux-64], [GoogleChrome], [http://localhost:4444/wd/hub], Headless Execution. @13-10-2021 20:55:20.0186 PM
[ReportManager] Successfully Opened [GoogleChrome]. @13-10-2021 20:55:20.0486 P

################################################################################################################################################
Starting Execution:	[126 out of 143] test cases in the current suite
Test Method:		[testPackage01.Test_verifyEquals.test_assertElementAttribute]
################################################################################################################################################
[ReportManager] Target URL: [https://www.google.com/ncr], and after redirection: [https://www.google.com] @13-10-2021 20:55:20.0510 PM
[ReportManager] Initial URL: [data:,] @13-10-2021 20:55:20.0555 PM
[ReportManager] Browser Action [NavigateToURL] successfully performed. With the following test data [https://www.google.com/ncr]. @13-10-2021 20:55:21.0397 PM
[ReportManager] Element Action [Type] successfully performed. With the following test data [INC_004010050:Another SCHEDULER with the same name [Duplicate Job Name] already exists.]. @13-10-2021 20:55:22.0090 PM
[ReportManager] Element Action [GetText] successfully performed. With the following test data [INC_004010050:Another SCHEDULER with the same name [Duplicate Job Name] already exists.]. @13-10-2021 20:55:22.0182 PM
[ReportManager] Loaded Shared OpenCV @13-10-2021 20:55:22.0312 PM
[ReportManager] Verification [ValidateElementAttribute] PASSED. Expected [Value Should be 'INC_004010050:Another SCHEDULER with the same name \[Duplicate Job Name\] already exists.' for the 'text' attribute, element locator 'By.name: q'] and Actual [INC_004010050:Another SCHEDULER with the same name [Duplicate Job Name] already exists.]. Comparison Type [MATCHES]. Validation Type [POSITIVE]. @13-10-2021 20:55:22.0394 PM
[ReportManager] Successfully created attachment [Screenshot - 1634158522312_test_assertElementAttribute_ValidateElementAttribute_passed] @13-10-2021 20:55:22.0395 P
[ReportManager] Browser Action [CloseCurrentWindow] successfully performed. @13-10-2021 20:55:22.0518 PM
[ReportManager] Successfully created attachment [Browser Action Test Data - CloseCurrentWindow - Actual Value] @13-10-2021 20:55:22.0519 P

################################################################################################################################################
Starting Execution:	[127 out of 143] test cases in the current suite
Test Method:		[testPackage01.Test_JsonActions.f]
###############################################################################################################################################

################################################################################################################################################
Starting Execution:	[128 out of 143] test cases in the current suite
Test Method:		[testPackage01.Test_JsonActions.f2]
###############################################################################################################################################

################################################################################################################################################
Starting Execution:	[129 out of 143] test cases in the current suite
Test Method:		[testPackage01.Test_PDF.testPDF_Downloaded]
################################################################################################################################################
[ReportManager] File Action [DoesFileExist] successfully performed. With the following test data [File Path: "src/test/resources/TestDataFiles/sample.pdf"]. @13-10-2021 20:55:22.0556 PM
[ReportManager] File Action [GetAbsolutePath] successfully performed. With the following test data [Relative File Path: "src/test/resources/TestDataFiles/sample.pdf"]. @13-10-2021 20:55:22.0558 PM
[ReportManager] Assertion [ValidateTrue] PASSED. Expected [TRUE] and Actual [TRUE]. Validation Type [POSITIVE]. @13-10-2021 20:55:24.0037 P
[ReportManager] File Action [GetAbsolutePath] successfully performed. With the following test data [Relative Folder Path: "target/downloadedFiles/"]. @13-10-2021 20:55:24.0046 PM
[ReportManager] Attempting to run remotely on: [Linux-64], [GoogleChrome], [http://localhost:4444/wd/hub], Headless Execution. @13-10-2021 20:55:24.0046 PM
[ReportManager] Successfully Opened [GoogleChrome]. @13-10-2021 20:55:24.0297 P

################################################################################################################################################
Starting Execution:	[130 out of 143] test cases in the current suite
Test Method:		[testPackage01.Test_dragAndDrop.dragAndDropJquery]
################################################################################################################################################
[ReportManager] Target URL: [https://jqueryui.com/resources/demos/droppable/default.html] @13-10-2021 20:55:24.0316 PM
[ReportManager] Initial URL: [data:,] @13-10-2021 20:55:24.0357 PM
[ReportManager] Browser Action [NavigateToURL] successfully performed. With the following test data [https://jqueryui.com/resources/demos/droppable/default.html]. @13-10-2021 20:55:24.0740 PM
[ReportManager] Element Action [GetText] successfully performed. With the following test data [Drop here]. @13-10-2021 20:55:24.0816 PM
[ReportManager] Element Action [DragAndDrop] successfully performed. With the following test data [Start point: (8, 18), End point: (8, 18)]. @13-10-2021 20:55:26.0151 PM
[ReportManager] Element Action [GetText] successfully performed. With the following test data [Dropped!]. @13-10-2021 20:55:26.0210 PM
[ReportManager] Assertion Passed: Checking to see if the text has changed after performing drag and drop @13-10-2021 20:55:26.0211 PM
[ReportManager] Assertion [ValidateEquals] PASSED. Expected [Drop here] and Actual [Dropped!]. Comparison Type [EQUALS]. Validation Type [NEGATIVE]. @13-10-2021 20:55:26.0216 P
[ReportManager] Browser Action [CloseCurrentWindow] successfully performed. @13-10-2021 20:55:26.0327 PM
[ReportManager] Successfully created attachment [Browser Action Test Data - CloseCurrentWindow - Actual Value] @13-10-2021 20:55:26.0330 P
[ReportManager] File Action [GetAbsolutePath] successfully performed. With the following test data [Relative Folder Path: "target/downloadedFiles/"]. @13-10-2021 20:55:26.0332 PM
[ReportManager] Attempting to run remotely on: [Linux-64], [GoogleChrome], [http://localhost:4444/wd/hub], Headless Execution. @13-10-2021 20:55:26.0332 PM
[ReportManager] Successfully Opened [GoogleChrome]. @13-10-2021 20:55:26.0558 P

################################################################################################################################################
Starting Execution:	[131 out of 143] test cases in the current suite
Test Method:		[testPackage01.Test_dragAndDrop.dragAndDrop]
Test Description:	[TC001 - Test Drag and Drop function.]
################################################################################################################################################
[ReportManager] Target URL: [http://the-internet.herokuapp.com/drag_and_drop] @13-10-2021 20:55:26.0572 PM
[ReportManager] Initial URL: [data:,] @13-10-2021 20:55:26.0615 PM
[ReportManager] Browser Action [NavigateToURL] successfully performed. With the following test data [http://the-internet.herokuapp.com/drag_and_drop]. @13-10-2021 20:55:26.0979 PM
[ReportManager] Attempting Drag and Drop @13-10-2021 20:55:26.0979 PM
[ReportManager] Element Action [DragAndDrop] successfully performed. With the following test data [Start point: (32, 90), End point: (247, 90)]. @13-10-2021 20:55:28.0179 P
[ReportManager] Browser Action [CloseCurrentWindow] successfully performed. @13-10-2021 20:55:28.0269 PM
[ReportManager] Successfully created attachment [Browser Action Test Data - CloseCurrentWindow - Actual Value] @13-10-2021 20:55:28.0270 P
[ReportManager] File Action [GetAbsolutePath] successfully performed. With the following test data [Relative Folder Path: "target/downloadedFiles/"]. @13-10-2021 20:55:28.0272 PM
[ReportManager] Attempting to run remotely on: [Linux-64], [GoogleChrome], [http://localhost:4444/wd/hub], Headless Execution. @13-10-2021 20:55:28.0272 PM
[ReportManager] Successfully Opened [GoogleChrome]. @13-10-2021 20:55:28.0487 P

################################################################################################################################################
Starting Execution:	[132 out of 143] test cases in the current suite
Test Method:		[testPackage01.Test_dragAndDrop.dragAndDropByOffset]
Test Description:	[TC002 - Test Drag and Drop by offset function.]
################################################################################################################################################
[ReportManager] Target URL: [https://jqueryui.com/resources/demos/draggable/default.html] @13-10-2021 20:55:28.0500 PM
[ReportManager] Initial URL: [data:,] @13-10-2021 20:55:28.0544 PM
[ReportManager] Browser Action [NavigateToURL] successfully performed. With the following test data [https://jqueryui.com/resources/demos/draggable/default.html]. @13-10-2021 20:55:28.0904 PM
[ReportManager] Element Action [DragAndDropByOffset] successfully performed. With the following test data [Start point: (8, 8), End point: (108, 58)]. @13-10-2021 20:55:29.0073 P
[ReportManager] Browser Action [CloseCurrentWindow] successfully performed. @13-10-2021 20:55:29.0178 PM
[ReportManager] Successfully created attachment [Browser Action Test Data - CloseCurrentWindow - Actual Value] @13-10-2021 20:55:29.0178 P
[ReportManager] File Action [GetAbsolutePath] successfully performed. With the following test data [Relative Folder Path: "target/downloadedFiles/"]. @13-10-2021 20:55:29.0180 PM
[ReportManager] Attempting to run remotely on: [Linux-64], [GoogleChrome], [http://localhost:4444/wd/hub], Headless Execution. @13-10-2021 20:55:29.0180 PM
[ReportManager] Successfully Opened [GoogleChrome]. @13-10-2021 20:55:29.0426 P

################################################################################################################################################
Starting Execution:	[133 out of 143] test cases in the current suite
Test Method:		[testPackage01.Test_clipboardActions.typeTextAndCopyPaste]
################################################################################################################################################
[ReportManager] Target URL: [https://www.google.com/ncr], and after redirection: [https://www.google.com] @13-10-2021 20:55:29.0439 PM
[ReportManager] Initial URL: [data:,] @13-10-2021 20:55:29.0478 PM
[ReportManager] Browser Action [NavigateToURL] successfully performed. With the following test data [https://www.google.com/ncr]. @13-10-2021 20:55:30.0358 PM
[ReportManager] Element Action [Type] successfully performed. With the following test data [FIRST]. @13-10-2021 20:55:30.0663 PM
[ReportManager] Element Action [ClipboardActions] successfully performed. With the following test data [select all]. @13-10-2021 20:55:30.0748 PM
[ReportManager] Element Action [ClipboardActions] successfully performed. With the following test data [copy]. @13-10-2021 20:55:30.0810 PM
[ReportManager] Element Action [ClipboardActions] successfully performed. With the following test data [unselect]. @13-10-2021 20:55:30.0866 PM
[ReportManager] Element Action [ClipboardActions] successfully performed. With the following test data [paste]. @13-10-2021 20:55:30.0919 PM
[ReportManager] Element Action [ClipboardActions] successfully performed. With the following test data [select all]. @13-10-2021 20:55:30.0971 PM
[ReportManager] Element Action [Type] successfully performed. @13-10-2021 20:55:31.0232 PM
[ReportManager] Element Action [ClipboardActions] successfully performed. With the following test data [cut]. @13-10-2021 20:55:31.0233 PM
[ReportManager] Element Action [ClipboardActions] successfully performed. With the following test data [paste]. @13-10-2021 20:55:31.0309 PM
[ReportManager] Element Action [ClipboardActions] successfully performed. With the following test data [paste]. @13-10-2021 20:55:31.0377 P
[ReportManager] Browser Action [CloseCurrentWindow] successfully performed. @13-10-2021 20:55:31.0518 PM
[ReportManager] Successfully created attachment [Browser Action Test Data - CloseCurrentWindow - Actual Value] @13-10-2021 20:55:31.0519 P
[ReportManager] File Action [GetAbsolutePath] successfully performed. With the following test data [Relative Folder Path: "target/downloadedFiles/"]. @13-10-2021 20:55:31.0520 PM
[ReportManager] Attempting to run remotely on: [Linux-64], [GoogleChrome], [http://localhost:4444/wd/hub], Headless Execution. @13-10-2021 20:55:31.0521 PM
[ReportManager] Successfully Opened [GoogleChrome]. @13-10-2021 20:55:31.0757 P

################################################################################################################################################
Starting Execution:	[134 out of 143] test cases in the current suite
Test Method:		[testPackage01.Test_dynamicLoading.dynamicLoading_elementIsHidden]
################################################################################################################################################
[ReportManager] Target URL: [https://the-internet.herokuapp.com/dynamic_loading/1] @13-10-2021 20:55:31.0776 PM
[ReportManager] Initial URL: [data:,] @13-10-2021 20:55:31.0817 PM
[ReportManager] Browser Action [NavigateToURL] successfully performed. With the following test data [https://the-internet.herokuapp.com/dynamic_loading/1]. @13-10-2021 20:55:32.0165 PM
[ReportManager] Element Action [Click] successfully performed. With the following test data [Start]. @13-10-2021 20:55:32.0493 PM
[ReportManager] Element Action [GetText] successfully performed. With the following test data [
    Hello World!
  ]. @13-10-2021 20:55:32.0600 PM
[ReportManager] Loaded Shared OpenCV @13-10-2021 20:55:32.0741 PM
[ReportManager] Assertion [ValidateElementAttribute] PASSED. Expected [Value Should be 'Hello World!' for the 'text' attribute, element locator 'By.id: finish'] and Actual [
    Hello World!
  ]. Comparison Type [CONTAINS]. Validation Type [POSITIVE]. @13-10-2021 20:55:32.0825 PM
[ReportManager] Successfully created attachment [Screenshot - 1634158532741_dynamicLoading_elementIsHidden_ValidateElementAttribute_passed] @13-10-2021 20:55:32.0826 P
[ReportManager] Browser Action [CloseCurrentWindow] successfully performed. @13-10-2021 20:55:32.0921 PM
[ReportManager] Successfully created attachment [Browser Action Test Data - CloseCurrentWindow - Actual Value] @13-10-2021 20:55:32.0922 P
[ReportManager] File Action [GetAbsolutePath] successfully performed. With the following test data [Relative Folder Path: "target/downloadedFiles/"]. @13-10-2021 20:55:32.0924 PM
[ReportManager] Attempting to run remotely on: [Linux-64], [GoogleChrome], [http://localhost:4444/wd/hub], Headless Execution. @13-10-2021 20:55:32.0924 PM
[ReportManager] Successfully Opened [GoogleChrome]. @13-10-2021 20:55:33.0144 P

################################################################################################################################################
Starting Execution:	[135 out of 143] test cases in the current suite
Test Method:		[testPackage01.Test_dynamicLoading.dynamicLoading_elementIsRendered]
################################################################################################################################################
[ReportManager] Target URL: [https://the-internet.herokuapp.com/dynamic_loading/2] @13-10-2021 20:55:33.0157 PM
[ReportManager] Initial URL: [data:,] @13-10-2021 20:55:33.0197 PM
[ReportManager] Browser Action [NavigateToURL] successfully performed. With the following test data [https://the-internet.herokuapp.com/dynamic_loading/2]. @13-10-2021 20:55:33.0555 PM
[ReportManager] Element Action [Click] successfully performed. With the following test data [Start]. @13-10-2021 20:55:33.0854 PM
[ReportManager] Element Action [GetText] successfully performed. With the following test data [Hello World!]. @13-10-2021 20:55:39.0025 PM
[ReportManager] Loaded Shared OpenCV @13-10-2021 20:55:39.0162 PM
[ReportManager] Assertion [ValidateElementAttribute] PASSED. Expected [Value Should be 'Hello World!' for the 'text' attribute, element locator 'By.id: finish'] and Actual [Hello World!]. Comparison Type [CONTAINS]. Validation Type [POSITIVE]. @13-10-2021 20:55:39.0241 PM
[ReportManager] Successfully created attachment [Screenshot - 1634158539162_dynamicLoading_elementIsRendered_ValidateElementAttribute_passed] @13-10-2021 20:55:39.0242 P
[ReportManager] Browser Action [CloseCurrentWindow] successfully performed. @13-10-2021 20:55:39.0349 PM
[ReportManager] Successfully created attachment [Browser Action Test Data - CloseCurrentWindow - Actual Value] @13-10-2021 20:55:39.0349 P
[ReportManager] File Action [GetAbsolutePath] successfully performed. With the following test data [Relative Folder Path: "target/downloadedFiles/"]. @13-10-2021 20:55:39.0352 PM
[ReportManager] Attempting to run remotely on: [Linux-64], [GoogleChrome], [http://localhost:4444/wd/hub], Headless Execution. @13-10-2021 20:55:39.0352 PM
[ReportManager] Successfully Opened [GoogleChrome]. @13-10-2021 20:55:39.0560 P

################################################################################################################################################
Starting Execution:	[136 out of 143] test cases in the current suite
Test Method:		[testPackage01.Test_uploadFile.uploadFile_invisibleUploadInput]
################################################################################################################################################
[ReportManager] Target URL: [https://fineuploader.com/demos.html#gallery-view] @13-10-2021 20:55:39.0582 PM
[ReportManager] Initial URL: [data:,] @13-10-2021 20:55:39.0623 PM
[ReportManager] Browser Action [NavigateToURL] successfully performed. With the following test data [https://fineuploader.com/demos.html#gallery-view]. @13-10-2021 20:55:41.0063 PM
[ReportManager] File Action [GetAbsolutePath] successfully performed. With the following test data [Relative File Path: "src/main/resources/images/shaft.png"]. @13-10-2021 20:55:41.0064 PM
[ReportManager] Successfully created attachment [File Action Actual Result - Command Log] @13-10-2021 20:55:41.0064 PM
[ReportManager] Element Action [TypeFileLocationForUpload] successfully performed. With the following test data [/home/runner/work/SHAFT_ENGINE/SHAFT_ENGINE/src/main/resources/images/shaft.png]. @13-10-2021 20:55:41.0262 PM
[ReportManager] Attempting to getAttribute [src] from elementLocator [By.xpath: //div[@id='fine-uploader-gallery']//div[@class='qq-thumbnail-wrapper']/img]. @13-10-2021 20:55:41.0262 PM
[ReportManager] Element Action [GetAttribute] successfully performed. @13-10-2021 20:55:41.0366 PM
[ReportManager] Successfully created attachment [Element Action Test Data - GetAttribute - Actual Value] @13-10-2021 20:55:41.0367 PM
[ReportManager] Loaded Shared OpenCV @13-10-2021 20:55:41.0502 PM
[ReportManager] Assertion [ValidateElementAttribute] PASSED. Expected and Actual values are attached. Comparison Type [CONTAINS]. Validation Type [POSITIVE]. @13-10-2021 20:55:41.0589 PM
[ReportManager] Successfully created attachment [Validation Test Data - Expected Value] @13-10-2021 20:55:41.0589 PM
[ReportManager] Successfully created attachment [Validation Test Data - Actual Value] @13-10-2021 20:55:41.0590 PM
[ReportManager] Successfully created attachment [Screenshot - 1634158541500_uploadFile_invisibleUploadInput_ValidateElementAttribute_passed] @13-10-2021 20:55:41.0591 P
[ReportManager] Browser Action [CloseCurrentWindow] successfully performed. @13-10-2021 20:55:41.0825 PM
[ReportManager] Successfully created attachment [Browser Action Test Data - CloseCurrentWindow - Actual Value] @13-10-2021 20:55:41.0826 P
[ReportManager] File Action [GetAbsolutePath] successfully performed. With the following test data [Relative Folder Path: "target/downloadedFiles/"]. @13-10-2021 20:55:41.0834 PM
[ReportManager] Attempting to run remotely on: [Linux-64], [GoogleChrome], [http://localhost:4444/wd/hub], Headless Execution. @13-10-2021 20:55:41.0851 PM
[ReportManager] Successfully Opened [GoogleChrome]. @13-10-2021 20:55:42.0112 P

################################################################################################################################################
Starting Execution:	[137 out of 143] test cases in the current suite
Test Method:		[testPackage01.Test_uploadFile.uploadFile_visibleUploadInput]
################################################################################################################################################
[ReportManager] Target URL: [http://demo.guru99.com/test/upload/] @13-10-2021 20:55:42.0126 PM
[ReportManager] Initial URL: [data:,] @13-10-2021 20:55:42.0168 PM
[ReportManager] Browser Action [NavigateToURL] successfully performed. With the following test data [http://demo.guru99.com/test/upload/]. @13-10-2021 20:55:43.0148 PM
[ReportManager] File Action [GetAbsolutePath] successfully performed. With the following test data [Relative File Path: "src/main/resources/images/shaft.png"]. @13-10-2021 20:55:43.0149 PM
[ReportManager] Successfully created attachment [File Action Actual Result - Command Log] @13-10-2021 20:55:43.0149 PM
[ReportManager] Element Action [TypeFileLocationForUpload] successfully performed. With the following test data [/home/runner/work/SHAFT_ENGINE/SHAFT_ENGINE/src/main/resources/images/shaft.png]. @13-10-2021 20:55:43.0313 PM
[ReportManager] Element Action [Click] successfully performed. With the following test data [on]. @13-10-2021 20:55:43.0621 PM
[ReportManager] Element Action [Click] successfully performed. With the following test data [Submit File]. @13-10-2021 20:55:43.0946 PM
[ReportManager] Element Action [GetText] successfully performed. With the following test data [1 file
has been successfully uploaded.]. @13-10-2021 20:55:44.0571 PM
[ReportManager] Loaded Shared OpenCV @13-10-2021 20:55:44.0690 PM
[ReportManager] Assertion [ValidateElementAttribute] PASSED. Expected [Value Should be '1 file' for the 'Text' attribute, element locator 'By.id: res'] and Actual [1 file
has been successfully uploaded.]. Comparison Type [CONTAINS]. Validation Type [POSITIVE]. @13-10-2021 20:55:44.0766 PM
[ReportManager] Successfully created attachment [Screenshot - 1634158544690_uploadFile_visibleUploadInput_ValidateElementAttribute_passed] @13-10-2021 20:55:44.0767 P
[ReportManager] Browser Action [CloseCurrentWindow] successfully performed. @13-10-2021 20:55:44.0871 PM
[ReportManager] Successfully created attachment [Browser Action Test Data - CloseCurrentWindow - Actual Value] @13-10-2021 20:55:44.0871 P

################################################################################################################################################
Starting Execution:	[138 out of 143] test cases in the current suite
Test Method:		[testPackage01.Test_SelectedValue.multipleSelect]
################################################################################################################################################
[ReportManager] File Action [GetAbsolutePath] successfully performed. With the following test data [Relative Folder Path: "target/downloadedFiles/"]. @13-10-2021 20:55:44.0877 PM
[ReportManager] Attempting to run remotely on: [Linux-64], [GoogleChrome], [http://localhost:4444/wd/hub], Headless Execution. @13-10-2021 20:55:44.0877 PM
[ReportManager] Successfully Opened [GoogleChrome]. @13-10-2021 20:55:45.0115 PM
[ReportManager] Target URL: [https://yari-demos.prod.mdn.mozit.cloud/en-US/docs/Web/HTML/Element/select/_sample_.Advanced_select_with_multiple_features.html] @13-10-2021 20:55:45.0126 PM
[ReportManager] Initial URL: [data:,] @13-10-2021 20:55:45.0163 PM
[ReportManager] Browser Action [NavigateToURL] successfully performed. With the following test data [https://yari-demos.prod.mdn.mozit.cloud/en-US/docs/Web/HTML/Element/select/_sample_.Advanced_select_with_multiple_features.html]. @13-10-2021 20:55:45.0537 PM
[ReportManager] Element Action [Select] successfully performed. With the following test data [Dog]. @13-10-2021 20:55:45.0799 PM
[ReportManager] Element Action [Select] successfully performed. With the following test data [Cat]. @13-10-2021 20:55:46.0014 PM
[ReportManager] Element Action [GetSelectedText] successfully performed. With the following test data [DogCat]. @13-10-2021 20:55:46.0150 PM
[ReportManager] DogCat @13-10-2021 20:55:46.0151 PM
[ReportManager] Element Action [GetSelectedText] successfully performed. With the following test data [DogCat]. @13-10-2021 20:55:46.0284 PM
[ReportManager] Loaded Shared OpenCV @13-10-2021 20:55:46.0399 PM
[ReportManager] Assertion [ValidateElementAttribute] PASSED. Expected [Value Should be 'DogCat' for the 'selectedText' attribute, element locator 'By.tagName: select'] and Actual [DogCat]. Comparison Type [EQUALS]. Validation Type [POSITIVE]. @13-10-2021 20:55:46.0471 PM
[ReportManager] Successfully created attachment [Screenshot - 1634158546399_multipleSelect_ValidateElementAttribute_passed] @13-10-2021 20:55:46.0471 PM
[ReportManager] Browser Action [CloseCurrentWindow] successfully performed. @13-10-2021 20:55:46.0555 PM
[ReportManager] Successfully created attachment [Browser Action Test Data - CloseCurrentWindow - Actual Value] @13-10-2021 20:55:46.0555 P

################################################################################################################################################
Starting Execution:	[139 out of 143] test cases in the current suite
Test Method:		[testPackage01.Test_SelectedValue.simpleSelect]
################################################################################################################################################
[ReportManager] File Action [GetAbsolutePath] successfully performed. With the following test data [Relative Folder Path: "target/downloadedFiles/"]. @13-10-2021 20:55:46.0563 PM
[ReportManager] Attempting to run remotely on: [Linux-64], [GoogleChrome], [http://localhost:4444/wd/hub], Headless Execution. @13-10-2021 20:55:46.0563 PM
[ReportManager] Successfully Opened [GoogleChrome]. @13-10-2021 20:55:46.0765 PM
[ReportManager] Target URL: [https://yari-demos.prod.mdn.mozit.cloud/en-US/docs/Web/HTML/Element/select/_sample_.Basic_select.html] @13-10-2021 20:55:46.0775 PM
[ReportManager] Initial URL: [data:,] @13-10-2021 20:55:46.0815 PM
[ReportManager] Browser Action [NavigateToURL] successfully performed. With the following test data [https://yari-demos.prod.mdn.mozit.cloud/en-US/docs/Web/HTML/Element/select/_sample_.Basic_select.html]. @13-10-2021 20:55:47.0021 PM
[ReportManager] Element Action [Select] successfully performed. With the following test data [Third Value]. @13-10-2021 20:55:47.0308 PM
[ReportManager] Element Action [GetSelectedText] successfully performed. With the following test data [Third Value]. @13-10-2021 20:55:47.0412 PM
[ReportManager] Third Value @13-10-2021 20:55:47.0413 PM
[ReportManager] Element Action [GetSelectedText] successfully performed. With the following test data [Third Value]. @13-10-2021 20:55:47.0507 PM
[ReportManager] Loaded Shared OpenCV @13-10-2021 20:55:47.0613 PM
[ReportManager] Assertion [ValidateElementAttribute] PASSED. Expected [Value Should be 'Third Value' for the 'selectedText' attribute, element locator 'By.tagName: select'] and Actual [Third Value]. Comparison Type [EQUALS]. Validation Type [POSITIVE]. @13-10-2021 20:55:47.0688 PM
[ReportManager] Successfully created attachment [Screenshot - 1634158547613_simpleSelect_ValidateElementAttribute_passed] @13-10-2021 20:55:47.0688 PM
[ReportManager] Browser Action [CloseCurrentWindow] successfully performed. @13-10-2021 20:55:47.0775 PM
[ReportManager] Successfully created attachment [Browser Action Test Data - CloseCurrentWindow - Actual Value] @13-10-2021 20:55:47.0775 P

################################################################################################################################################
Starting Execution:	[140 out of 143] test cases in the current suite
Test Method:		[testPackage01.Test_JSONFileManager.readStringFromJson]
################################################################################################################################################
[ReportManager] Successfully loaded the following test data file [src/test/resources/TestDataFiles/simpleJSON.json]. @13-10-2021 20:55:47.0781 PM
[ReportManager] Successfully created attachment [Test Data - JSON] @13-10-2021 20:55:47.0782 PM
[ReportManager] Assertion [ValidateEquals] PASSED. Expected [Mohab Mohie] and Actual [Mohab Mohie]. Comparison Type [EQUALS]. Validation Type [POSITIVE]. @13-10-2021 20:55:47.0803 P
[ReportManager] Successfully loaded the following test data file [src/test/resources/TestDataFiles/testSuite01/TestData.xlsx]. @13-10-2021 20:55:47.0850 PM
[ReportManager] Successfully created attachment [Test Data - Excel] @13-10-2021 20:55:47.0850 PM
[ReportManager] Attempting to run using Playwright locally on: [Linux-64], [GoogleChrome], Headless Execution. @13-10-2021 20:56:02.0740 PM
[ReportManager] File Action [GetAbsolutePath] successfully performed. With the following test data [Relative Folder Path: "target/downloadedFiles/"]. @13-10-2021 20:56:02.0741 PM
[ReportManager] Initial window size: (1280, 720) @13-10-2021 20:56:03.0157 PM
[ReportManager] Window size after Toolkit: com.microsoft.playwright.options.ViewportSize@1d0e414 @13-10-2021 20:56:03.0162 PM
[ReportManager] Browser Action [MaximizeWindow] successfully performed. With the following test data [New screen size is now: (1920, 1080)]. @13-10-2021 20:56:03.0162 P

################################################################################################################################################
Starting Execution:	[141 out of 143] test cases in the current suite
Test Method:		[testPackage01.Test_google_playwright.navigateToURLandVerifyGoogleLogoIsDisplayed]
Test Description:	[TC001 - Navigate to URL and Verify Google Logo is Displayed]
################################################################################################################################################
[ReportManager] Target URL: [https://www.google.com/ncr], and after redirection: [https://www.google.com] @13-10-2021 20:56:03.0168 PM
[ReportManager] Initial URL: [about:blank] @13-10-2021 20:56:03.0643 PM
[ReportManager] Browser Action [NavigateToURL] successfully performed. With the following test data [https://www.google.com/ncr]. @13-10-2021 20:56:05.0963 PM
[ReportManager] Loaded Shared OpenCV @13-10-2021 20:56:06.0184 PM
[ReportManager] Assertion [ValidateElementExists] PASSED. Expected [Element Should Exist, locator 'xpath=//*[@id='hplogo' or @alt='Google']'] and Actual [Element Exists]. Comparison Type [EQUALS]. Validation Type [POSITIVE]. @13-10-2021 20:56:06.0411 PM
[ReportManager] Successfully created attachment [Screenshot - 1634158566180_navigateToURLandVerifyGoogleLogoIsDisplayed_ValidateElementExists_passed] @13-10-2021 20:56:06.0412 P

################################################################################################################################################
Starting Execution:	[142 out of 143] test cases in the current suite
Test Method:		[testPackage01.Test_google_playwright.searchForQueryandAssertResultsNumDisplayed]
Test Description:	[TC002 - Search for Query and Assert that the number of results is displayed]
################################################################################################################################################
[ReportManager] Element Action [Type] successfully performed. With the following test data [SHAFT_Engine]. @13-10-2021 20:56:06.0895 PM
[ReportManager] Element Action [KeyPress] successfully performed. With the following test data [Enter]. @13-10-2021 20:56:06.0928 PM
[ReportManager] Element Action [GetText] successfully performed. With the following test data [About 1,030,000 results (0.62 seconds)]. @13-10-2021 20:56:07.0752 PM
[ReportManager] Loaded Shared OpenCV @13-10-2021 20:56:09.0980 PM
[ReportManager] Assertion [ValidateElementAttribute] PASSED. Expected [Value Should not be '' for the 'text' attribute, element locator 'xpath=//div[@id='appbar']'] and Actual [About 1,030,000 results (0.62 seconds)]. Comparison Type [EQUALS]. Validation Type [NEGATIVE]. @13-10-2021 20:56:10.0254 PM
[ReportManager] Successfully created attachment [Screenshot - 1634158569979_searchForQueryandAssertResultsNumDisplayed_ValidateElementAttribute_passed] @13-10-2021 20:56:10.0257 P

################################################################################################################################################
Starting Execution:	[143 out of 143] test cases in the current suite
Test Method:		[testPackage01.Test_google_playwright.clickNextThrice]
Test Description:	[TC003 - Clicks the next button to make sure that the framework can scroll element into view before clicking it]
################################################################################################################################################
[ReportManager] Element Action [Click] successfully performed. With the following test data [Next]. @13-10-2021 20:56:10.0512 P
[ReportManager] Failed to find video recording. @13-10-2021 20:56:10.0513 PM
[ReportManager] Successfully Closed PlayWright Driver. @13-10-2021 20:56:10.0569 P

################################################################################################################################################
Test Closure Activities
################################################################################################################################################
[ReportManager] Successfully created attachment [SHAFT Engine Logs - Execution log] @13-10-2021 20:56:10.0590 PM

################################################################################################################################################
This test run was powered by SHAFT Engine Version: [SHAFT Engine v5.4.20211011]
SHAFT Engine is licensed under the MIT License: [https://github.com/MohabMohie/SHAFT_ENGINE/blob/master/LICENSE].
################################################################################################################################################