################################################################################################################################################
Detected SHAFT Engine Version: [SHAFT Engine v5.4.20211030-BETA]
################################################################################################################################################
[ReportManager] File Action [GetAbsolutePath] successfully performed. With the following test data [Relative Folder Path: "target/downloadedFiles/"]. @30-10-2021 20:12:45.0854 PM
[ReportManager] Attempting to run locally on: [Mac-64], [Safari], Headless Execution. @30-10-2021 20:12:45.0923 PM
[ReportManager] Successfully Opened Safari. @30-10-2021 20:12:51.0684 PM
[ReportManager] Initial window size: (800, 600) @30-10-2021 20:12:51.0710 PM
[ReportManager] Window size after SWD Maximize: (1176, 810) @30-10-2021 20:12:51.0746 PM
[ReportManager] Browser Action [MaximizeWindow] successfully performed. With the following test data [New screen size is now: (1176, 810)]. @30-10-2021 20:12:51.0747 P

################################################################################################################################################
Starting Execution:	[1 out of 143] test cases in the current suite
Test Method:		[unitTests.tests_element_elementActions.waitForElementToBePresent_false_expectedToFail]
################################################################################################################################################
[ReportManager] Target URL: [https://www.google.com/ncr], and after redirection: [www.google.com] @30-10-2021 20:12:51.0948 PM
[ReportManager] Initial URL: [] @30-10-2021 20:12:52.0016 PM
[ReportManager] Browser Action [NavigateToURL] successfully performed. With the following test data [https://www.google.com/ncr]. @30-10-2021 20:12:53.0225 PM
[ReportManager] Waiting for element to be present; elementLocator [By.xpath: //*[@id='hplogo' or @alt='Google']], numberOfTries[1], stateOfPresence[false]... @30-10-2021 20:12:53.0236 PM
[ReportManager] Element Action [WaitForElementToBePresent] failed. With the following test data [waited for the element's state of presence to be (false). Element locator (By.xpath: //*[@id='hplogo' or @alt='Google'])]. @30-10-2021 20:12:56.0483 PM
[ReportManager] Successfully created attachment [Screenshot - 1635624773329_waitForElementToBePresent_false_expectedToFail_WaitForElementToBePresent_failed] @30-10-2021 20:12:56.0515 P
[ReportManager] Browser Action [CloseCurrentWindow] successfully performed. @30-10-2021 20:12:56.0739 PM
[ReportManager] Successfully created attachment [Browser Action Test Data - CloseCurrentWindow - Actual Value] @30-10-2021 20:12:56.0740 P
[ReportManager] File Action [GetAbsolutePath] successfully performed. With the following test data [Relative Folder Path: "target/downloadedFiles/"]. @30-10-2021 20:12:56.0756 PM
[ReportManager] Attempting to run locally on: [Mac-64], [Safari], Headless Execution. @30-10-2021 20:12:56.0756 PM
[ReportManager] Successfully Opened Safari. @30-10-2021 20:12:57.0627 PM
[ReportManager] Initial window size: (800, 600) @30-10-2021 20:12:57.0650 PM
[ReportManager] Window size after SWD Maximize: (1176, 811) @30-10-2021 20:12:57.0671 PM
[ReportManager] Browser Action [MaximizeWindow] successfully performed. With the following test data [New screen size is now: (1176, 811)]. @30-10-2021 20:12:57.0672 P

################################################################################################################################################
Starting Execution:	[2 out of 143] test cases in the current suite
Test Method:		[unitTests.tests_element_elementActions.waitForElementToBePresent_false_expectedToPass]
################################################################################################################################################
[ReportManager] Target URL: [https://www.google.com/ncr], and after redirection: [www.google.com] @30-10-2021 20:12:57.0691 PM
[ReportManager] Initial URL: [] @30-10-2021 20:12:57.0741 PM
[ReportManager] Browser Action [NavigateToURL] successfully performed. With the following test data [https://www.google.com/ncr]. @30-10-2021 20:12:58.0575 PM
[ReportManager] Waiting for element to be present; elementLocator [By.id: bla], numberOfTries[1], stateOfPresence[false]... @30-10-2021 20:12:58.0575 P
[ReportManager] Browser Action [CloseCurrentWindow] successfully performed. @30-10-2021 20:12:58.0718 PM
[ReportManager] Successfully created attachment [Browser Action Test Data - CloseCurrentWindow - Actual Value] @30-10-2021 20:12:58.0719 P
[ReportManager] File Action [GetAbsolutePath] successfully performed. With the following test data [Relative Folder Path: "target/downloadedFiles/"]. @30-10-2021 20:12:58.0724 PM
[ReportManager] Attempting to run locally on: [Mac-64], [Safari], Headless Execution. @30-10-2021 20:12:58.0725 PM
[ReportManager] Successfully Opened Safari. @30-10-2021 20:12:59.0612 PM
[ReportManager] Initial window size: (800, 600) @30-10-2021 20:12:59.0619 PM
[ReportManager] Window size after SWD Maximize: (1176, 811) @30-10-2021 20:12:59.0643 PM
[ReportManager] Browser Action [MaximizeWindow] successfully performed. With the following test data [New screen size is now: (1176, 811)]. @30-10-2021 20:12:59.0643 P

################################################################################################################################################
Starting Execution:	[3 out of 143] test cases in the current suite
Test Method:		[unitTests.tests_element_elementActions.waitForElementToBePresent_moreThanOneElement_expectedToFail]
################################################################################################################################################
[ReportManager] Target URL: [https://www.google.com/ncr], and after redirection: [www.google.com] @30-10-2021 20:12:59.0647 PM
[ReportManager] Initial URL: [] @30-10-2021 20:12:59.0727 PM
[ReportManager] Browser Action [NavigateToURL] successfully performed. With the following test data [https://www.google.com/ncr]. @30-10-2021 20:13:01.0115 PM
[ReportManager] Waiting for element to be present; elementLocator [By.xpath: //*], numberOfTries[1], stateOfPresence[false]... @30-10-2021 20:13:01.0116 PM
[ReportManager] Element Action [WaitForElementToBePresent] failed. With the following test data [waited for the element's state of presence to be (false). Element locator (By.xpath: //*)]. @30-10-2021 20:13:01.0342 PM
[ReportManager] Successfully created attachment [Screenshot - 1635624781194_waitForElementToBePresent_moreThanOneElement_expectedToFail_WaitForElementToBePresent_failed] @30-10-2021 20:13:01.0353 P
[ReportManager] Browser Action [CloseCurrentWindow] successfully performed. @30-10-2021 20:13:01.0425 PM
[ReportManager] Successfully created attachment [Browser Action Test Data - CloseCurrentWindow - Actual Value] @30-10-2021 20:13:01.0427 P
[ReportManager] File Action [GetAbsolutePath] successfully performed. With the following test data [Relative Folder Path: "target/downloadedFiles/"]. @30-10-2021 20:13:01.0436 PM
[ReportManager] Attempting to run locally on: [Mac-64], [Safari], Headless Execution. @30-10-2021 20:13:01.0439 PM
[ReportManager] Successfully Opened Safari. @30-10-2021 20:13:02.0298 PM
[ReportManager] Initial window size: (800, 600) @30-10-2021 20:13:02.0305 PM
[ReportManager] Window size after SWD Maximize: (1176, 811) @30-10-2021 20:13:02.0328 PM
[ReportManager] Browser Action [MaximizeWindow] successfully performed. With the following test data [New screen size is now: (1176, 811)]. @30-10-2021 20:13:02.0328 P

################################################################################################################################################
Starting Execution:	[4 out of 143] test cases in the current suite
Test Method:		[unitTests.tests_element_elementActions.waitForElementToBePresent_true_expectedToFail]
################################################################################################################################################
[ReportManager] Target URL: [https://www.google.com/ncr], and after redirection: [www.google.com] @30-10-2021 20:13:02.0332 PM
[ReportManager] Initial URL: [] @30-10-2021 20:13:02.0534 PM
[ReportManager] Browser Action [NavigateToURL] successfully performed. With the following test data [https://www.google.com/ncr]. @30-10-2021 20:13:03.0725 PM
[ReportManager] Waiting for element to be present; elementLocator [By.id: bla], numberOfTries[1], stateOfPresence[true]... @30-10-2021 20:13:03.0726 P
[ReportManager] Browser Action [CloseCurrentWindow] successfully performed. @30-10-2021 20:13:03.0919 PM
[ReportManager] Successfully created attachment [Browser Action Test Data - CloseCurrentWindow - Actual Value] @30-10-2021 20:13:03.0920 P
[ReportManager] File Action [GetAbsolutePath] successfully performed. With the following test data [Relative Folder Path: "target/downloadedFiles/"]. @30-10-2021 20:13:03.0925 PM
[ReportManager] Attempting to run locally on: [Mac-64], [Safari], Headless Execution. @30-10-2021 20:13:03.0926 PM
[ReportManager] Successfully Opened Safari. @30-10-2021 20:13:04.0845 PM
[ReportManager] Initial window size: (800, 600) @30-10-2021 20:13:04.0856 PM
[ReportManager] Window size after SWD Maximize: (1176, 811) @30-10-2021 20:13:04.0886 PM
[ReportManager] Browser Action [MaximizeWindow] successfully performed. With the following test data [New screen size is now: (1176, 811)]. @30-10-2021 20:13:04.0887 P

################################################################################################################################################
Starting Execution:	[5 out of 143] test cases in the current suite
Test Method:		[unitTests.tests_element_elementActions.waitForElementToBePresent_true_expectedToPass]
################################################################################################################################################
[ReportManager] Target URL: [https://www.google.com/ncr], and after redirection: [www.google.com] @30-10-2021 20:13:04.0891 PM
[ReportManager] Initial URL: [] @30-10-2021 20:13:04.0949 PM
[ReportManager] Browser Action [NavigateToURL] successfully performed. With the following test data [https://www.google.com/ncr]. @30-10-2021 20:13:06.0158 PM
[ReportManager] Waiting for element to be present; elementLocator [By.xpath: //*[@id='hplogo' or @alt='Google']], numberOfTries[1], stateOfPresence[true]... @30-10-2021 20:13:06.0158 PM
[ReportManager] Element Action [WaitForElementToBePresent] successfully performed. With the following test data [waited for the element's state of presence to be (true). Element locator (By.xpath: //*[@id='hplogo' or @alt='Google'])]. @30-10-2021 20:13:06.0183 PM
[ReportManager] File Action [DoesFileExist] successfully performed. With the following test data [File Path: "src/test/resources/DynamicObjectRepository/unitTests_tests_element_elementActions_waitForElementToBePresent_true_expectedToPass_By_xpath_id_hplogo_or_alt_Google.png"]. @30-10-2021 20:13:06.0201 PM
[ReportManager] File Action [DoesFileExist] successfully performed. With the following test data [File Path: "src/test/resources/DynamicObjectRepository/unitTests_tests_element_elementActions_waitForElementToBePresent_true_expectedToPass_By_xpath_id_hplogo_or_alt_Google.png"]. @30-10-2021 20:13:06.0281 PM
[ReportManager] Passing the test and saving a reference image @30-10-2021 20:13:06.0281 PM
[ReportManager] File Action [GetAbsolutePath] successfully performed. With the following test data [Relative File Path: "src/test/resources/DynamicObjectRepository/unitTests_tests_element_elementActions_waitForElementToBePresent_true_expectedToPass_By_xpath_id_hplogo_or_alt_Google.png"]. @30-10-2021 20:13:06.0282 PM
[ReportManager] File Action [WriteToFile] successfully performed. With the following test data [Target File Path: "/Users/runner/work/SHAFT_ENGINE/SHAFT_ENGINE/src/test/resources/DynamicObjectRepository/unitTests_tests_element_elementActions_waitForElementToBePresent_true_expectedToPass_By_xpath_id_hplogo_or_alt_Google.png"]. @30-10-2021 20:13:06.0283 PM
[ReportManager] Assertion Passed: Using Visual AI; OpenCV @30-10-2021 20:13:06.0285 PM
[ReportManager] Successfully created attachment [Validation Test Data - Actual Screenshot] @30-10-2021 20:13:06.0286 PM
[ReportManager] Assertion [ValidateElementMatches] PASSED. Expected [Element should match the reference screenshot] and Actual [TRUE]. Comparison Type [EXACT_OPENCV]. Validation Type [POSITIVE]. @30-10-2021 20:13:06.0286 P
[ReportManager] Browser Action [CloseCurrentWindow] successfully performed. @30-10-2021 20:13:06.0486 PM
[ReportManager] Successfully created attachment [Browser Action Test Data - CloseCurrentWindow - Actual Value] @30-10-2021 20:13:06.0487 P
[ReportManager] File Action [GetAbsolutePath] successfully performed. With the following test data [Relative Folder Path: "target/downloadedFiles/"]. @30-10-2021 20:13:06.0492 PM
[ReportManager] Attempting to run locally on: [Mac-64], [Safari], Headless Execution. @30-10-2021 20:13:06.0492 PM
[ReportManager] Successfully Opened Safari. @30-10-2021 20:13:07.0523 PM
[ReportManager] Initial window size: (800, 600) @30-10-2021 20:13:07.0530 PM
[ReportManager] Window size after SWD Maximize: (1176, 811) @30-10-2021 20:13:07.0556 PM
[ReportManager] Browser Action [MaximizeWindow] successfully performed. With the following test data [New screen size is now: (1176, 811)]. @30-10-2021 20:13:07.0556 PM
[ReportManager] Target URL: [https://duckduckgo.com] @30-10-2021 20:13:07.0557 PM
[ReportManager] Initial URL: [] @30-10-2021 20:13:07.0619 PM
[ReportManager] Browser Action [NavigateToURL] successfully performed. With the following test data [https://duckduckgo.com]. @30-10-2021 20:13:08.0412 P

################################################################################################################################################
Starting Execution:	[6 out of 143] test cases in the current suite
Test Method:		[unitTests.tests_browserActions.fullScreenWindow]
################################################################################################################################################
[ReportManager] Initial Windows Size: 1176x811 @30-10-2021 20:13:08.0433 PM
[ReportManager] Current Windows Size after fullScreen: 1176x885 @30-10-2021 20:13:08.0702 PM
[ReportManager] Browser Action [FullScreenWindow] successfully performed. @30-10-2021 20:13:08.0714 PM
[ReportManager] Successfully created attachment [Browser Action Test Data - FullScreenWindow - Actual Value] @30-10-2021 20:13:08.0717 P
[ReportManager] Target URL: [https://duckduckgo.com] @30-10-2021 20:13:08.0726 PM
[ReportManager] Initial URL: [https://duckduckgo.com] @30-10-2021 20:13:08.0777 PM
[ReportManager] Browser Action [NavigateToURL] successfully performed. With the following test data [https://duckduckgo.com]. @30-10-2021 20:13:09.0308 PM
[ReportManager] Browser Action [CloseCurrentWindow] successfully performed. @30-10-2021 20:13:09.0350 PM
[ReportManager] Successfully created attachment [Browser Action Test Data - CloseCurrentWindow - Actual Value] @30-10-2021 20:13:09.0353 P
[ReportManager] File Action [GetAbsolutePath] successfully performed. With the following test data [Relative Folder Path: "target/downloadedFiles/"]. @30-10-2021 20:13:09.0357 PM
[ReportManager] Attempting to run locally on: [Mac-64], [Safari], Headless Execution. @30-10-2021 20:13:09.0357 PM
[ReportManager] Successfully Opened Safari. @30-10-2021 20:13:10.0005 PM
[ReportManager] Initial window size: (800, 600) @30-10-2021 20:13:10.0155 PM
[ReportManager] Window size after SWD Maximize: (1176, 811) @30-10-2021 20:13:10.0214 PM
[ReportManager] Browser Action [MaximizeWindow] successfully performed. With the following test data [New screen size is now: (1176, 811)]. @30-10-2021 20:13:10.0214 PM
[ReportManager] Target URL: [https://duckduckgo.com] @30-10-2021 20:13:10.0214 PM
[ReportManager] Initial URL: [] @30-10-2021 20:13:10.0248 PM
[ReportManager] Browser Action [NavigateToURL] successfully performed. With the following test data [https://duckduckgo.com]. @30-10-2021 20:13:10.0976 P

################################################################################################################################################
Starting Execution:	[7 out of 143] test cases in the current suite
Test Method:		[unitTests.tests_browserActions.getCurrentURL]
################################################################################################################################################
[ReportManager] Browser Action [GetCurrentURL] successfully performed. With the following test data [https://duckduckgo.com/]. @30-10-2021 20:13:11.0004 P
[ReportManager] Target URL: [https://duckduckgo.com] @30-10-2021 20:13:11.0007 PM
[ReportManager] Initial URL: [https://duckduckgo.com] @30-10-2021 20:13:11.0102 PM
[ReportManager] Browser Action [NavigateToURL] successfully performed. With the following test data [https://duckduckgo.com]. @30-10-2021 20:13:11.0392 PM
[ReportManager] Browser Action [CloseCurrentWindow] successfully performed. @30-10-2021 20:13:11.0563 PM
[ReportManager] Successfully created attachment [Browser Action Test Data - CloseCurrentWindow - Actual Value] @30-10-2021 20:13:11.0564 P
[ReportManager] File Action [GetAbsolutePath] successfully performed. With the following test data [Relative Folder Path: "target/downloadedFiles/"]. @30-10-2021 20:13:11.0567 PM
[ReportManager] Attempting to run locally on: [Mac-64], [Safari], Headless Execution. @30-10-2021 20:13:11.0568 PM
[ReportManager] Successfully Opened Safari. @30-10-2021 20:13:12.0417 PM
[ReportManager] Initial window size: (800, 600) @30-10-2021 20:13:12.0529 PM
[ReportManager] Window size after SWD Maximize: (1176, 811) @30-10-2021 20:13:12.0557 PM
[ReportManager] Browser Action [MaximizeWindow] successfully performed. With the following test data [New screen size is now: (1176, 811)]. @30-10-2021 20:13:12.0558 PM
[ReportManager] Target URL: [https://duckduckgo.com] @30-10-2021 20:13:12.0558 PM
[ReportManager] Initial URL: [] @30-10-2021 20:13:12.0632 PM
[ReportManager] Browser Action [NavigateToURL] successfully performed. With the following test data [https://duckduckgo.com]. @30-10-2021 20:13:13.0286 P

################################################################################################################################################
Starting Execution:	[8 out of 143] test cases in the current suite
Test Method:		[unitTests.tests_browserActions.getCurrentWindowTitle]
################################################################################################################################################
[ReportManager] Browser Action [GetCurrentWindowTitle] successfully performed. With the following test data [DuckDuckGo â€” Privacy, simplified.]. @30-10-2021 20:13:13.0314 P
[ReportManager] Target URL: [https://duckduckgo.com] @30-10-2021 20:13:13.0317 PM
[ReportManager] Initial URL: [https://duckduckgo.com] @30-10-2021 20:13:13.0352 PM
[ReportManager] Browser Action [NavigateToURL] successfully performed. With the following test data [https://duckduckgo.com]. @30-10-2021 20:13:13.0709 PM
[ReportManager] Browser Action [CloseCurrentWindow] successfully performed. @30-10-2021 20:13:13.0774 PM
[ReportManager] Successfully created attachment [Browser Action Test Data - CloseCurrentWindow - Actual Value] @30-10-2021 20:13:13.0788 P
[ReportManager] File Action [GetAbsolutePath] successfully performed. With the following test data [Relative Folder Path: "target/downloadedFiles/"]. @30-10-2021 20:13:13.0798 PM
[ReportManager] Attempting to run locally on: [Mac-64], [Safari], Headless Execution. @30-10-2021 20:13:13.0798 PM
[ReportManager] Successfully Opened Safari. @30-10-2021 20:13:14.0626 PM
[ReportManager] Initial window size: (800, 600) @30-10-2021 20:13:14.0631 PM
[ReportManager] Window size after SWD Maximize: (1176, 811) @30-10-2021 20:13:14.0653 PM
[ReportManager] Browser Action [MaximizeWindow] successfully performed. With the following test data [New screen size is now: (1176, 811)]. @30-10-2021 20:13:14.0654 PM
[ReportManager] Target URL: [https://duckduckgo.com] @30-10-2021 20:13:14.0654 PM
[ReportManager] Initial URL: [] @30-10-2021 20:13:14.0855 PM
[ReportManager] Browser Action [NavigateToURL] successfully performed. With the following test data [https://duckduckgo.com]. @30-10-2021 20:13:15.0463 P

################################################################################################################################################
Starting Execution:	[9 out of 143] test cases in the current suite
Test Method:		[unitTests.tests_browserActions.getPageSource]
################################################################################################################################################
[ReportManager] Browser Action [GetPageSource] successfully performed. @30-10-2021 20:13:15.0497 PM
[ReportManager] Successfully created attachment [Browser Action Test Data - GetPageSource - Actual Value] @30-10-2021 20:13:15.0498 P
[ReportManager] Target URL: [https://duckduckgo.com] @30-10-2021 20:13:15.0501 PM
[ReportManager] Initial URL: [https://duckduckgo.com] @30-10-2021 20:13:15.0537 PM
[ReportManager] Browser Action [NavigateToURL] successfully performed. With the following test data [https://duckduckgo.com]. @30-10-2021 20:13:15.0911 PM
[ReportManager] Browser Action [CloseCurrentWindow] successfully performed. @30-10-2021 20:13:16.0054 PM
[ReportManager] Successfully created attachment [Browser Action Test Data - CloseCurrentWindow - Actual Value] @30-10-2021 20:13:16.0055 P
[ReportManager] File Action [GetAbsolutePath] successfully performed. With the following test data [Relative Folder Path: "target/downloadedFiles/"]. @30-10-2021 20:13:16.0058 PM
[ReportManager] Attempting to run locally on: [Mac-64], [Safari], Headless Execution. @30-10-2021 20:13:16.0058 PM
[ReportManager] Successfully Opened Safari. @30-10-2021 20:13:16.0878 PM
[ReportManager] Initial window size: (800, 600) @30-10-2021 20:13:16.0885 PM
[ReportManager] Window size after SWD Maximize: (1176, 811) @30-10-2021 20:13:16.0909 PM
[ReportManager] Browser Action [MaximizeWindow] successfully performed. With the following test data [New screen size is now: (1176, 811)]. @30-10-2021 20:13:16.0909 PM
[ReportManager] Target URL: [https://duckduckgo.com] @30-10-2021 20:13:16.0909 PM
[ReportManager] Initial URL: [] @30-10-2021 20:13:16.0988 PM
[ReportManager] Browser Action [NavigateToURL] successfully performed. With the following test data [https://duckduckgo.com]. @30-10-2021 20:13:17.0591 P

################################################################################################################################################
Starting Execution:	[10 out of 143] test cases in the current suite
Test Method:		[unitTests.tests_browserActions.getWindowHandle]
################################################################################################################################################
[ReportManager] Browser Action [GetWindowHandle] successfully performed. With the following test data [page-3586C7A4-D463-46AB-A3BF-04A4F2C0EEDF]. @30-10-2021 20:13:17.0623 P
[ReportManager] Target URL: [https://duckduckgo.com] @30-10-2021 20:13:17.0626 PM
[ReportManager] Initial URL: [https://duckduckgo.com] @30-10-2021 20:13:17.0661 PM
[ReportManager] Browser Action [NavigateToURL] successfully performed. With the following test data [https://duckduckgo.com]. @30-10-2021 20:13:18.0053 PM
[ReportManager] Browser Action [CloseCurrentWindow] successfully performed. @30-10-2021 20:13:18.0174 PM
[ReportManager] Successfully created attachment [Browser Action Test Data - CloseCurrentWindow - Actual Value] @30-10-2021 20:13:18.0174 P
[ReportManager] File Action [GetAbsolutePath] successfully performed. With the following test data [Relative Folder Path: "target/downloadedFiles/"]. @30-10-2021 20:13:18.0177 PM
[ReportManager] Attempting to run locally on: [Mac-64], [Safari], Headless Execution. @30-10-2021 20:13:18.0178 PM
[ReportManager] Successfully Opened Safari. @30-10-2021 20:13:18.0990 PM
[ReportManager] Initial window size: (800, 600) @30-10-2021 20:13:19.0006 PM
[ReportManager] Window size after SWD Maximize: (1176, 811) @30-10-2021 20:13:19.0019 PM
[ReportManager] Browser Action [MaximizeWindow] successfully performed. With the following test data [New screen size is now: (1176, 811)]. @30-10-2021 20:13:19.0020 PM
[ReportManager] Target URL: [https://duckduckgo.com] @30-10-2021 20:13:19.0020 PM
[ReportManager] Initial URL: [] @30-10-2021 20:13:19.0078 PM
[ReportManager] Browser Action [NavigateToURL] successfully performed. With the following test data [https://duckduckgo.com]. @30-10-2021 20:13:19.0719 P

################################################################################################################################################
Starting Execution:	[11 out of 143] test cases in the current suite
Test Method:		[unitTests.tests_browserActions.getWindowPosition]
################################################################################################################################################
[ReportManager] Browser Action [GetWindowPosition] successfully performed. With the following test data [(0, 23)]. @30-10-2021 20:13:19.0747 P
[ReportManager] Target URL: [https://duckduckgo.com] @30-10-2021 20:13:19.0750 PM
[ReportManager] Initial URL: [https://duckduckgo.com] @30-10-2021 20:13:19.0787 PM
[ReportManager] Browser Action [NavigateToURL] successfully performed. With the following test data [https://duckduckgo.com]. @30-10-2021 20:13:20.0109 PM
[ReportManager] Browser Action [CloseCurrentWindow] successfully performed. @30-10-2021 20:13:20.0210 PM
[ReportManager] Successfully created attachment [Browser Action Test Data - CloseCurrentWindow - Actual Value] @30-10-2021 20:13:20.0211 P
[ReportManager] File Action [GetAbsolutePath] successfully performed. With the following test data [Relative Folder Path: "target/downloadedFiles/"]. @30-10-2021 20:13:20.0214 PM
[ReportManager] Attempting to run locally on: [Mac-64], [Safari], Headless Execution. @30-10-2021 20:13:20.0215 PM
[ReportManager] Successfully Opened Safari. @30-10-2021 20:13:20.0988 PM
[ReportManager] Initial window size: (800, 600) @30-10-2021 20:13:21.0007 PM
[ReportManager] Window size after SWD Maximize: (1176, 811) @30-10-2021 20:13:21.0022 PM
[ReportManager] Browser Action [MaximizeWindow] successfully performed. With the following test data [New screen size is now: (1176, 811)]. @30-10-2021 20:13:21.0022 PM
[ReportManager] Target URL: [https://duckduckgo.com] @30-10-2021 20:13:21.0022 PM
[ReportManager] Initial URL: [] @30-10-2021 20:13:21.0091 PM
[ReportManager] Browser Action [NavigateToURL] successfully performed. With the following test data [https://duckduckgo.com]. @30-10-2021 20:13:21.0716 P

################################################################################################################################################
Starting Execution:	[12 out of 143] test cases in the current suite
Test Method:		[unitTests.tests_browserActions.getWindowSize]
################################################################################################################################################
[ReportManager] Browser Action [GetWindowSize] successfully performed. With the following test data [(1176, 811)]. @30-10-2021 20:13:21.0773 P
[ReportManager] Target URL: [https://duckduckgo.com] @30-10-2021 20:13:21.0776 PM
[ReportManager] Initial URL: [https://duckduckgo.com] @30-10-2021 20:13:21.0824 PM
[ReportManager] Browser Action [NavigateToURL] successfully performed. With the following test data [https://duckduckgo.com]. @30-10-2021 20:13:22.0127 PM
[ReportManager] Browser Action [CloseCurrentWindow] successfully performed. @30-10-2021 20:13:22.0208 PM
[ReportManager] Successfully created attachment [Browser Action Test Data - CloseCurrentWindow - Actual Value] @30-10-2021 20:13:22.0209 P
[ReportManager] File Action [GetAbsolutePath] successfully performed. With the following test data [Relative Folder Path: "target/downloadedFiles/"]. @30-10-2021 20:13:22.0220 PM
[ReportManager] Attempting to run locally on: [Mac-64], [Safari], Headless Execution. @30-10-2021 20:13:22.0220 PM
[ReportManager] Successfully Opened Safari. @30-10-2021 20:13:23.0004 PM
[ReportManager] Initial window size: (800, 600) @30-10-2021 20:13:23.0023 PM
[ReportManager] Window size after SWD Maximize: (1176, 811) @30-10-2021 20:13:23.0112 PM
[ReportManager] Browser Action [MaximizeWindow] successfully performed. With the following test data [New screen size is now: (1176, 811)]. @30-10-2021 20:13:23.0113 PM
[ReportManager] Target URL: [https://duckduckgo.com] @30-10-2021 20:13:23.0113 PM
[ReportManager] Initial URL: [] @30-10-2021 20:13:23.0162 PM
[ReportManager] Browser Action [NavigateToURL] successfully performed. With the following test data [https://duckduckgo.com]. @30-10-2021 20:13:23.0742 P

################################################################################################################################################
Starting Execution:	[13 out of 143] test cases in the current suite
Test Method:		[unitTests.tests_browserActions.maximizeWindow]
################################################################################################################################################
[ReportManager] Initial window size: (1176, 811) @30-10-2021 20:13:23.0752 PM
[ReportManager] Window size after SWD Maximize: (1176, 811) @30-10-2021 20:13:23.0760 PM
[ReportManager] Window size after Toolkit: (1920, 1080) @30-10-2021 20:13:23.0889 PM
[ReportManager] Browser Action [MaximizeWindow] successfully performed. With the following test data [New screen size is now: (1920, 1080)]. @30-10-2021 20:13:23.0894 P
[ReportManager] Target URL: [https://duckduckgo.com] @30-10-2021 20:13:23.0979 PM
[ReportManager] Initial URL: [https://duckduckgo.com] @30-10-2021 20:13:24.0013 PM
[ReportManager] Browser Action [NavigateToURL] successfully performed. With the following test data [https://duckduckgo.com]. @30-10-2021 20:13:24.0356 PM
[ReportManager] Browser Action [CloseCurrentWindow] successfully performed. @30-10-2021 20:13:24.0518 PM
[ReportManager] Successfully created attachment [Browser Action Test Data - CloseCurrentWindow - Actual Value] @30-10-2021 20:13:24.0519 P
[ReportManager] File Action [GetAbsolutePath] successfully performed. With the following test data [Relative Folder Path: "target/downloadedFiles/"]. @30-10-2021 20:13:24.0522 PM
[ReportManager] Attempting to run locally on: [Mac-64], [Safari], Headless Execution. @30-10-2021 20:13:24.0522 PM
[ReportManager] Successfully Opened Safari. @30-10-2021 20:13:25.0310 PM
[ReportManager] Initial window size: (800, 600) @30-10-2021 20:13:25.0326 PM
[ReportManager] Window size after SWD Maximize: (1176, 811) @30-10-2021 20:13:25.0342 PM
[ReportManager] Browser Action [MaximizeWindow] successfully performed. With the following test data [New screen size is now: (1176, 811)]. @30-10-2021 20:13:25.0343 PM
[ReportManager] Target URL: [https://duckduckgo.com] @30-10-2021 20:13:25.0343 PM
[ReportManager] Initial URL: [] @30-10-2021 20:13:25.0410 PM
[ReportManager] Browser Action [NavigateToURL] successfully performed. With the following test data [https://duckduckgo.com]. @30-10-2021 20:13:26.0013 P

################################################################################################################################################
Starting Execution:	[14 out of 143] test cases in the current suite
Test Method:		[unitTests.tests_browserActions.navigateBack]
################################################################################################################################################
[ReportManager] Target URL: [https://www.google.com/ncr], and after redirection: [https://www.google.com] @30-10-2021 20:13:26.0027 PM
[ReportManager] Initial URL: [https://duckduckgo.com] @30-10-2021 20:13:26.0080 PM
[ReportManager] Browser Action [NavigateToURL] successfully performed. With the following test data [https://www.google.com/ncr]. @30-10-2021 20:13:27.0417 PM
[ReportManager] Browser Action [NavigateBack] successfully performed. With the following test data [https://duckduckgo.com/]. @30-10-2021 20:13:27.0566 PM
[ReportManager] Browser Action [GetCurrentURL] successfully performed. With the following test data [https://duckduckgo.com/]. @30-10-2021 20:13:27.0594 PM
[ReportManager] Assertion Passed: Confirming that navigating back was successful @30-10-2021 20:13:27.0747 PM
[ReportManager] Successfully created attachment [Screenshot - 1635624807632_navigateBack_ValidateBrowserAttribute_passed] @30-10-2021 20:13:27.0752 PM
[ReportManager] Assertion [ValidateBrowserAttribute] PASSED. Expected [Value Should be 'https://duckduckgo.com' for the 'CurrentUrl' attribute] and Actual [https://duckduckgo.com/]. Comparison Type [CONTAINS]. Validation Type [POSITIVE]. @30-10-2021 20:13:27.0752 P
[ReportManager] Target URL: [https://duckduckgo.com] @30-10-2021 20:13:27.0755 PM
[ReportManager] Initial URL: [https://duckduckgo.com] @30-10-2021 20:13:27.0896 PM
[ReportManager] Browser Action [NavigateToURL] successfully performed. With the following test data [https://duckduckgo.com]. @30-10-2021 20:13:28.0194 PM
[ReportManager] Browser Action [CloseCurrentWindow] successfully performed. @30-10-2021 20:13:28.0240 PM
[ReportManager] Successfully created attachment [Browser Action Test Data - CloseCurrentWindow - Actual Value] @30-10-2021 20:13:28.0240 P
[ReportManager] File Action [GetAbsolutePath] successfully performed. With the following test data [Relative Folder Path: "target/downloadedFiles/"]. @30-10-2021 20:13:28.0250 PM
[ReportManager] Attempting to run locally on: [Mac-64], [Safari], Headless Execution. @30-10-2021 20:13:28.0251 PM
[ReportManager] Successfully Opened Safari. @30-10-2021 20:13:29.0083 PM
[ReportManager] Initial window size: (800, 600) @30-10-2021 20:13:29.0091 PM
[ReportManager] Window size after SWD Maximize: (1176, 811) @30-10-2021 20:13:29.0123 PM
[ReportManager] Browser Action [MaximizeWindow] successfully performed. With the following test data [New screen size is now: (1176, 811)]. @30-10-2021 20:13:29.0124 PM
[ReportManager] Target URL: [https://duckduckgo.com] @30-10-2021 20:13:29.0124 PM
[ReportManager] Initial URL: [] @30-10-2021 20:13:29.0197 PM
[ReportManager] Browser Action [NavigateToURL] successfully performed. With the following test data [https://duckduckgo.com]. @30-10-2021 20:13:29.0857 P

################################################################################################################################################
Starting Execution:	[15 out of 143] test cases in the current suite
Test Method:		[unitTests.tests_browserActions.navigateForward]
################################################################################################################################################
[ReportManager] Target URL: [https://www.google.com/ncr], and after redirection: [https://www.google.com] @30-10-2021 20:13:29.0863 PM
[ReportManager] Initial URL: [https://duckduckgo.com] @30-10-2021 20:13:29.0921 PM
[ReportManager] Browser Action [NavigateToURL] successfully performed. With the following test data [https://www.google.com/ncr]. @30-10-2021 20:13:31.0165 PM
[ReportManager] Browser Action [NavigateBack] successfully performed. With the following test data [https://duckduckgo.com/]. @30-10-2021 20:13:31.0342 PM
[ReportManager] Browser Action [NavigateForward] successfully performed. With the following test data [https://www.google.com/]. @30-10-2021 20:13:31.0432 P
[ReportManager] Target URL: [https://duckduckgo.com] @30-10-2021 20:13:31.0434 PM
[ReportManager] Initial URL: [https://www.google.com] @30-10-2021 20:13:31.0552 PM
[ReportManager] Browser Action [NavigateToURL] successfully performed. With the following test data [https://duckduckgo.com]. @30-10-2021 20:13:31.0850 PM
[ReportManager] Browser Action [CloseCurrentWindow] successfully performed. @30-10-2021 20:13:32.0008 PM
[ReportManager] Successfully created attachment [Browser Action Test Data - CloseCurrentWindow - Actual Value] @30-10-2021 20:13:32.0009 P
[ReportManager] File Action [GetAbsolutePath] successfully performed. With the following test data [Relative Folder Path: "target/downloadedFiles/"]. @30-10-2021 20:13:32.0012 PM
[ReportManager] Attempting to run locally on: [Mac-64], [Safari], Headless Execution. @30-10-2021 20:13:32.0012 PM
[ReportManager] Successfully Opened Safari. @30-10-2021 20:13:32.0879 PM
[ReportManager] Initial window size: (800, 600) @30-10-2021 20:13:32.0885 PM
[ReportManager] Window size after SWD Maximize: (1176, 811) @30-10-2021 20:13:32.0923 PM
[ReportManager] Browser Action [MaximizeWindow] successfully performed. With the following test data [New screen size is now: (1176, 811)]. @30-10-2021 20:13:32.0923 PM
[ReportManager] Target URL: [https://duckduckgo.com] @30-10-2021 20:13:32.0923 PM
[ReportManager] Initial URL: [] @30-10-2021 20:13:33.0074 PM
[ReportManager] Browser Action [NavigateToURL] successfully performed. With the following test data [https://duckduckgo.com]. @30-10-2021 20:13:33.0703 P

################################################################################################################################################
Starting Execution:	[16 out of 143] test cases in the current suite
Test Method:		[unitTests.tests_browserActions.navigateToURL]
################################################################################################################################################
[ReportManager] Target URL: [https://duckduckgo.com] @30-10-2021 20:13:33.0706 PM
[ReportManager] Initial URL: [https://duckduckgo.com] @30-10-2021 20:13:33.0756 PM
[ReportManager] Browser Action [NavigateToURL] successfully performed. With the following test data [https://duckduckgo.com]. @30-10-2021 20:13:34.0053 P
[ReportManager] Target URL: [https://duckduckgo.com] @30-10-2021 20:13:34.0060 PM
[ReportManager] Initial URL: [https://duckduckgo.com] @30-10-2021 20:13:34.0101 PM
[ReportManager] Browser Action [NavigateToURL] successfully performed. With the following test data [https://duckduckgo.com]. @30-10-2021 20:13:34.0437 PM
[ReportManager] Browser Action [CloseCurrentWindow] successfully performed. @30-10-2021 20:13:34.0594 PM
[ReportManager] Successfully created attachment [Browser Action Test Data - CloseCurrentWindow - Actual Value] @30-10-2021 20:13:34.0595 P
[ReportManager] File Action [GetAbsolutePath] successfully performed. With the following test data [Relative Folder Path: "target/downloadedFiles/"]. @30-10-2021 20:13:34.0598 PM
[ReportManager] Attempting to run locally on: [Mac-64], [Safari], Headless Execution. @30-10-2021 20:13:34.0598 PM
[ReportManager] Successfully Opened Safari. @30-10-2021 20:13:35.0426 PM
[ReportManager] Initial window size: (800, 600) @30-10-2021 20:13:35.0432 PM
[ReportManager] Window size after SWD Maximize: (1176, 811) @30-10-2021 20:13:35.0447 PM
[ReportManager] Browser Action [MaximizeWindow] successfully performed. With the following test data [New screen size is now: (1176, 811)]. @30-10-2021 20:13:35.0448 PM
[ReportManager] Target URL: [https://duckduckgo.com] @30-10-2021 20:13:35.0448 PM
[ReportManager] Initial URL: [] @30-10-2021 20:13:35.0516 PM
[ReportManager] Browser Action [NavigateToURL] successfully performed. With the following test data [https://duckduckgo.com]. @30-10-2021 20:13:36.0178 P

################################################################################################################################################
Starting Execution:	[17 out of 143] test cases in the current suite
Test Method:		[unitTests.tests_browserActions.navigateToURLWithRedirection]
################################################################################################################################################
[ReportManager] Target URL: [https://www.google.com/ncr], and after redirection: [https://www.google.com] @30-10-2021 20:13:36.0182 PM
[ReportManager] Initial URL: [https://duckduckgo.com] @30-10-2021 20:13:36.0242 PM
[ReportManager] Browser Action [NavigateToURL] successfully performed. With the following test data [https://www.google.com/ncr]. @30-10-2021 20:13:37.0094 P
[ReportManager] Target URL: [https://duckduckgo.com] @30-10-2021 20:13:37.0097 PM
[ReportManager] Initial URL: [https://www.google.com] @30-10-2021 20:13:37.0126 PM
[ReportManager] Browser Action [NavigateToURL] successfully performed. With the following test data [https://duckduckgo.com]. @30-10-2021 20:13:37.0397 PM
[ReportManager] Browser Action [CloseCurrentWindow] successfully performed. @30-10-2021 20:13:37.0526 PM
[ReportManager] Successfully created attachment [Browser Action Test Data - CloseCurrentWindow - Actual Value] @30-10-2021 20:13:37.0527 P
[ReportManager] File Action [GetAbsolutePath] successfully performed. With the following test data [Relative Folder Path: "target/downloadedFiles/"]. @30-10-2021 20:13:37.0529 PM
[ReportManager] Attempting to run locally on: [Mac-64], [Safari], Headless Execution. @30-10-2021 20:13:37.0530 PM
[ReportManager] Successfully Opened Safari. @30-10-2021 20:13:38.0323 PM
[ReportManager] Initial window size: (800, 600) @30-10-2021 20:13:38.0336 PM
[ReportManager] Window size after SWD Maximize: (1176, 811) @30-10-2021 20:13:38.0348 PM
[ReportManager] Browser Action [MaximizeWindow] successfully performed. With the following test data [New screen size is now: (1176, 811)]. @30-10-2021 20:13:38.0349 PM
[ReportManager] Target URL: [https://duckduckgo.com] @30-10-2021 20:13:38.0349 PM
[ReportManager] Initial URL: [] @30-10-2021 20:13:38.0393 PM
[ReportManager] Browser Action [NavigateToURL] successfully performed. With the following test data [https://duckduckgo.com]. @30-10-2021 20:13:39.0010 P

################################################################################################################################################
Starting Execution:	[18 out of 143] test cases in the current suite
Test Method:		[unitTests.tests_browserActions.refreshCurrentPage]
################################################################################################################################################
[ReportManager] Browser Action [RefreshCurrentPage] successfully performed. @30-10-2021 20:13:39.0257 PM
[ReportManager] Successfully created attachment [Browser Action Test Data - RefreshCurrentPage - Actual Value] @30-10-2021 20:13:39.0257 P
[ReportManager] Target URL: [https://duckduckgo.com] @30-10-2021 20:13:39.0260 PM
[ReportManager] Initial URL: [https://duckduckgo.com] @30-10-2021 20:13:39.0331 PM
[ReportManager] Browser Action [NavigateToURL] successfully performed. With the following test data [https://duckduckgo.com]. @30-10-2021 20:13:39.0765 PM
[ReportManager] Browser Action [CloseCurrentWindow] successfully performed. @30-10-2021 20:13:39.0922 PM
[ReportManager] Successfully created attachment [Browser Action Test Data - CloseCurrentWindow - Actual Value] @30-10-2021 20:13:39.0923 P
[ReportManager] File Action [GetAbsolutePath] successfully performed. With the following test data [Relative Folder Path: "target/downloadedFiles/"]. @30-10-2021 20:13:39.0927 PM
[ReportManager] Attempting to run locally on: [Mac-64], [Safari], Headless Execution. @30-10-2021 20:13:39.0927 PM
[ReportManager] Successfully Opened Safari. @30-10-2021 20:13:40.0810 PM
[ReportManager] Initial window size: (800, 600) @30-10-2021 20:13:40.0825 PM
[ReportManager] Window size after SWD Maximize: (1176, 811) @30-10-2021 20:13:40.0841 PM
[ReportManager] Browser Action [MaximizeWindow] successfully performed. With the following test data [New screen size is now: (1176, 811)]. @30-10-2021 20:13:40.0841 PM
[ReportManager] Target URL: [https://duckduckgo.com] @30-10-2021 20:13:40.0841 PM
[ReportManager] Initial URL: [] @30-10-2021 20:13:40.0881 PM
[ReportManager] Browser Action [NavigateToURL] successfully performed. With the following test data [https://duckduckgo.com]. @30-10-2021 20:13:41.0544 P

################################################################################################################################################
Starting Execution:	[19 out of 143] test cases in the current suite
Test Method:		[unitTests.tests_browserActions.setWindowSize]
################################################################################################################################################
[ReportManager] Initial window size: (1176, 811) @30-10-2021 20:13:41.0564 PM
[ReportManager] Window size after SWD: (1280, 720) @30-10-2021 20:13:41.0616 PM
[ReportManager] Browser Action [SetWindowSize] successfully performed. With the following test data [New screen size is now: (1280, 720)]. @30-10-2021 20:13:41.0616 P
[ReportManager] Target URL: [https://duckduckgo.com] @30-10-2021 20:13:41.0618 PM
[ReportManager] Initial URL: [https://duckduckgo.com] @30-10-2021 20:13:41.0655 PM
[ReportManager] Browser Action [NavigateToURL] successfully performed. With the following test data [https://duckduckgo.com]. @30-10-2021 20:13:42.0063 PM
[ReportManager] Browser Action [CloseCurrentWindow] successfully performed. @30-10-2021 20:13:42.0229 PM
[ReportManager] Successfully created attachment [Browser Action Test Data - CloseCurrentWindow - Actual Value] @30-10-2021 20:13:42.0230 P
[ReportManager] Successfully loaded the following test data file [src/test/resources/TestDataFiles/testSuite01/TestData.xlsx]. @30-10-2021 20:13:43.0138 PM
[ReportManager] Successfully created attachment [Test Data - Excel] @30-10-2021 20:13:43.0139 P

################################################################################################################################################
Starting Execution:	[20 out of 143] test cases in the current suite
Test Method:		[unitTests.tests_io_excelFileManager.getCellData_rowName_expectedToPass]
################################################################################################################################################
[ReportManager] testRowData. @30-10-2021 20:13:43.0152 P

################################################################################################################################################
Starting Execution:	[21 out of 143] test cases in the current suite
Test Method:		[unitTests.tests_validations_assertions.assertComparativeRelation_greaterThanOrEquals_false_equals_expectedToFail]
################################################################################################################################################
[ReportManager] Assertion [ValidateComparativeRelation] FAILED. Expected [1] and Actual [1]. Comparison Type [GREATER_THAN_OR_EQUALS]. Validation Type [NEGATIVE]. @30-10-2021 20:13:43.0159 P

################################################################################################################################################
Starting Execution:	[22 out of 143] test cases in the current suite
Test Method:		[unitTests.tests_validations_assertions.assertComparativeRelation_greaterThanOrEquals_false_equals_expectedToPass]
################################################################################################################################################
[ReportManager] Assertion [ValidateComparativeRelation] PASSED. Expected [2] and Actual [1]. Comparison Type [GREATER_THAN_OR_EQUALS]. Validation Type [NEGATIVE]. @30-10-2021 20:13:43.0164 P

################################################################################################################################################
Starting Execution:	[23 out of 143] test cases in the current suite
Test Method:		[unitTests.tests_validations_assertions.assertComparativeRelation_greaterThanOrEquals_false_greaterThan_expectedToFail]
################################################################################################################################################
[ReportManager] Assertion [ValidateComparativeRelation] FAILED. Expected [1] and Actual [2]. Comparison Type [GREATER_THAN_OR_EQUALS]. Validation Type [NEGATIVE]. @30-10-2021 20:13:43.0169 P

################################################################################################################################################
Starting Execution:	[24 out of 143] test cases in the current suite
Test Method:		[unitTests.tests_validations_assertions.assertComparativeRelation_greaterThanOrEquals_false_greaterThan_expectedToPass]
################################################################################################################################################
[ReportManager] Assertion [ValidateComparativeRelation] PASSED. Expected [2] and Actual [1]. Comparison Type [GREATER_THAN_OR_EQUALS]. Validation Type [NEGATIVE]. @30-10-2021 20:13:43.0174 P

################################################################################################################################################
Starting Execution:	[25 out of 143] test cases in the current suite
Test Method:		[unitTests.tests_validations_assertions.assertComparativeRelation_greaterThanOrEquals_true_equals_expectedToFail]
################################################################################################################################################
[ReportManager] Assertion [ValidateComparativeRelation] FAILED. Expected [1] and Actual [0]. Comparison Type [GREATER_THAN_OR_EQUALS]. Validation Type [POSITIVE]. @30-10-2021 20:13:43.0179 P

################################################################################################################################################
Starting Execution:	[26 out of 143] test cases in the current suite
Test Method:		[unitTests.tests_validations_assertions.assertComparativeRelation_greaterThanOrEquals_true_equals_expectedToPass]
################################################################################################################################################
[ReportManager] Assertion [ValidateComparativeRelation] PASSED. Expected [1] and Actual [1]. Comparison Type [GREATER_THAN_OR_EQUALS]. Validation Type [POSITIVE]. @30-10-2021 20:13:43.0183 P

################################################################################################################################################
Starting Execution:	[27 out of 143] test cases in the current suite
Test Method:		[unitTests.tests_validations_assertions.assertComparativeRelation_greaterThanOrEquals_true_greaterThan_expectedToFail]
################################################################################################################################################
[ReportManager] Assertion [ValidateComparativeRelation] FAILED. Expected [2] and Actual [1]. Comparison Type [GREATER_THAN_OR_EQUALS]. Validation Type [POSITIVE]. @30-10-2021 20:13:43.0189 P

################################################################################################################################################
Starting Execution:	[28 out of 143] test cases in the current suite
Test Method:		[unitTests.tests_validations_assertions.assertComparativeRelation_greaterThanOrEquals_true_greaterThan_expectedToPass]
################################################################################################################################################
[ReportManager] Assertion [ValidateComparativeRelation] PASSED. Expected [1] and Actual [2]. Comparison Type [GREATER_THAN_OR_EQUALS]. Validation Type [POSITIVE]. @30-10-2021 20:13:43.0193 P
[ReportManager] File Action [GetAbsolutePath] successfully performed. With the following test data [Relative Folder Path: "target/downloadedFiles/"]. @30-10-2021 20:13:43.0196 PM
[ReportManager] Attempting to run locally on: [Mac-64], [Safari], Headless Execution. @30-10-2021 20:13:43.0197 PM
[ReportManager] Successfully Opened Safari. @30-10-2021 20:13:44.0088 PM
[ReportManager] Initial window size: (800, 600) @30-10-2021 20:13:44.0133 PM
[ReportManager] Window size after SWD Maximize: (1176, 811) @30-10-2021 20:13:44.0159 PM
[ReportManager] Browser Action [MaximizeWindow] successfully performed. With the following test data [New screen size is now: (1176, 811)]. @30-10-2021 20:13:44.0159 PM
[ReportManager] Target URL: [https://www.google.com/ncr], and after redirection: [www.google.com] @30-10-2021 20:13:44.0160 PM
[ReportManager] Initial URL: [] @30-10-2021 20:13:44.0207 PM
[ReportManager] Browser Action [NavigateToURL] successfully performed. With the following test data [https://www.google.com/ncr]. @30-10-2021 20:13:44.0958 P

################################################################################################################################################
Starting Execution:	[29 out of 143] test cases in the current suite
Test Method:		[unitTests.tests_validations_assertions.assertElementAttribute_false_caseInsensitiveComparison_expectedToFail]
################################################################################################################################################
[ReportManager] Element Action [Type] successfully performed. With the following test data [AUTOMATION]. @30-10-2021 20:13:45.0543 PM
[ReportManager] Element Action [GetText] successfully performed. With the following test data [AUTOMATION]. @30-10-2021 20:13:45.0594 PM
[ReportManager] Loaded Shared OpenCV @30-10-2021 20:13:46.0721 PM
[ReportManager] Assertion [ValidateElementAttribute] FAILED. Expected [Value Should not be 'AutomaTion' for the 'text' attribute, element locator 'By.name: q'] and Actual [AUTOMATION]. Comparison Type [CASE_INSENSITIVE]. Validation Type [NEGATIVE]. @30-10-2021 20:13:47.0035 PM
[ReportManager] Successfully created attachment [Screenshot - 1635624825705_assertElementAttribute_false_caseInsensitiveComparison_expectedToFail_ValidateElementAttribute_failed] @30-10-2021 20:13:47.0039 P
[ReportManager] Browser Action [CloseCurrentWindow] successfully performed. @30-10-2021 20:13:47.0079 PM
[ReportManager] Successfully created attachment [Browser Action Test Data - CloseCurrentWindow - Actual Value] @30-10-2021 20:13:47.0080 P
[ReportManager] File Action [GetAbsolutePath] successfully performed. With the following test data [Relative Folder Path: "target/downloadedFiles/"]. @30-10-2021 20:13:47.0090 PM
[ReportManager] Attempting to run locally on: [Mac-64], [Safari], Headless Execution. @30-10-2021 20:13:47.0092 PM
[ReportManager] Successfully Opened Safari. @30-10-2021 20:13:47.0927 PM
[ReportManager] Initial window size: (800, 600) @30-10-2021 20:13:47.0942 PM
[ReportManager] Window size after SWD Maximize: (1176, 811) @30-10-2021 20:13:47.0966 PM
[ReportManager] Browser Action [MaximizeWindow] successfully performed. With the following test data [New screen size is now: (1176, 811)]. @30-10-2021 20:13:47.0967 PM
[ReportManager] Target URL: [https://www.google.com/ncr], and after redirection: [www.google.com] @30-10-2021 20:13:47.0967 PM
[ReportManager] Initial URL: [] @30-10-2021 20:13:48.0032 PM
[ReportManager] Browser Action [NavigateToURL] successfully performed. With the following test data [https://www.google.com/ncr]. @30-10-2021 20:13:49.0264 P

################################################################################################################################################
Starting Execution:	[30 out of 143] test cases in the current suite
Test Method:		[unitTests.tests_validations_assertions.assertElementAttribute_false_caseInsensitiveComparison_expectedToPass]
################################################################################################################################################
[ReportManager] Element Action [Type] successfully performed. With the following test data [AUTOMATION]. @30-10-2021 20:13:49.0693 PM
[ReportManager] Element Action [GetText] successfully performed. With the following test data [AUTOMATION]. @30-10-2021 20:13:49.0746 PM
[ReportManager] Loaded Shared OpenCV @30-10-2021 20:13:49.0805 PM
[ReportManager] Assertion [ValidateElementAttribute] PASSED. Expected [Value Should not be 'AutomaTion123' for the 'text' attribute, element locator 'By.name: q'] and Actual [AUTOMATION]. Comparison Type [CASE_INSENSITIVE]. Validation Type [NEGATIVE]. @30-10-2021 20:13:49.0916 PM
[ReportManager] Successfully created attachment [Screenshot - 1635624829805_assertElementAttribute_false_caseInsensitiveComparison_expectedToPass_ValidateElementAttribute_passed] @30-10-2021 20:13:49.0918 P
[ReportManager] Browser Action [CloseCurrentWindow] successfully performed. @30-10-2021 20:13:50.0094 PM
[ReportManager] Successfully created attachment [Browser Action Test Data - CloseCurrentWindow - Actual Value] @30-10-2021 20:13:50.0095 P
[ReportManager] File Action [GetAbsolutePath] successfully performed. With the following test data [Relative Folder Path: "target/downloadedFiles/"]. @30-10-2021 20:13:50.0100 PM
[ReportManager] Attempting to run locally on: [Mac-64], [Safari], Headless Execution. @30-10-2021 20:13:50.0100 PM
[ReportManager] Successfully Opened Safari. @30-10-2021 20:13:50.0913 PM
[ReportManager] Initial window size: (800, 600) @30-10-2021 20:13:50.0921 PM
[ReportManager] Window size after SWD Maximize: (1176, 811) @30-10-2021 20:13:50.0947 PM
[ReportManager] Browser Action [MaximizeWindow] successfully performed. With the following test data [New screen size is now: (1176, 811)]. @30-10-2021 20:13:50.0947 PM
[ReportManager] Target URL: [https://www.google.com/ncr], and after redirection: [www.google.com] @30-10-2021 20:13:50.0947 PM
[ReportManager] Initial URL: [] @30-10-2021 20:13:51.0012 PM
[ReportManager] Browser Action [NavigateToURL] successfully performed. With the following test data [https://www.google.com/ncr]. @30-10-2021 20:13:51.0757 P

################################################################################################################################################
Starting Execution:	[31 out of 143] test cases in the current suite
Test Method:		[unitTests.tests_validations_assertions.assertElementAttribute_false_containsComparison_expectedToFail]
################################################################################################################################################
[ReportManager] Element Action [Type] successfully performed. With the following test data [Automation123]. @30-10-2021 20:13:52.0324 PM
[ReportManager] Element Action [GetText] successfully performed. With the following test data [Automation123]. @30-10-2021 20:13:52.0375 PM
[ReportManager] Loaded Shared OpenCV @30-10-2021 20:13:52.0431 PM
[ReportManager] Assertion [ValidateElementAttribute] FAILED. Expected [Value Should not be 'Automation' for the 'text' attribute, element locator 'By.name: q'] and Actual [Automation123]. Comparison Type [CONTAINS]. Validation Type [NEGATIVE]. @30-10-2021 20:13:52.0537 PM
[ReportManager] Successfully created attachment [Screenshot - 1635624832430_assertElementAttribute_false_containsComparison_expectedToFail_ValidateElementAttribute_failed] @30-10-2021 20:13:52.0538 P
[ReportManager] Browser Action [CloseCurrentWindow] successfully performed. @30-10-2021 20:13:52.0665 PM
[ReportManager] Successfully created attachment [Browser Action Test Data - CloseCurrentWindow - Actual Value] @30-10-2021 20:13:52.0666 P
[ReportManager] File Action [GetAbsolutePath] successfully performed. With the following test data [Relative Folder Path: "target/downloadedFiles/"]. @30-10-2021 20:13:52.0671 PM
[ReportManager] Attempting to run locally on: [Mac-64], [Safari], Headless Execution. @30-10-2021 20:13:52.0671 PM
[ReportManager] Successfully Opened Safari. @30-10-2021 20:13:53.0526 PM
[ReportManager] Initial window size: (800, 600) @30-10-2021 20:13:53.0531 PM
[ReportManager] Window size after SWD Maximize: (1176, 811) @30-10-2021 20:13:53.0543 PM
[ReportManager] Browser Action [MaximizeWindow] successfully performed. With the following test data [New screen size is now: (1176, 811)]. @30-10-2021 20:13:53.0543 PM
[ReportManager] Target URL: [https://www.google.com/ncr], and after redirection: [www.google.com] @30-10-2021 20:13:53.0543 PM
[ReportManager] Initial URL: [] @30-10-2021 20:13:53.0618 PM
[ReportManager] Browser Action [NavigateToURL] successfully performed. With the following test data [https://www.google.com/ncr]. @30-10-2021 20:13:54.0804 P

################################################################################################################################################
Starting Execution:	[32 out of 143] test cases in the current suite
Test Method:		[unitTests.tests_validations_assertions.assertElementAttribute_false_containsComparison_expectedToPass]
################################################################################################################################################
[ReportManager] Element Action [Type] successfully performed. With the following test data [Automation123]. @30-10-2021 20:13:55.0226 PM
[ReportManager] Element Action [GetText] successfully performed. With the following test data [Automation123]. @30-10-2021 20:13:55.0291 PM
[ReportManager] Loaded Shared OpenCV @30-10-2021 20:13:55.0348 PM
[ReportManager] Assertion [ValidateElementAttribute] PASSED. Expected [Value Should not be 'Automation1234' for the 'text' attribute, element locator 'By.name: q'] and Actual [Automation123]. Comparison Type [CONTAINS]. Validation Type [NEGATIVE]. @30-10-2021 20:13:55.0444 PM
[ReportManager] Successfully created attachment [Screenshot - 1635624835348_assertElementAttribute_false_containsComparison_expectedToPass_ValidateElementAttribute_passed] @30-10-2021 20:13:55.0445 P
[ReportManager] Browser Action [CloseCurrentWindow] successfully performed. @30-10-2021 20:13:55.0702 PM
[ReportManager] Successfully created attachment [Browser Action Test Data - CloseCurrentWindow - Actual Value] @30-10-2021 20:13:55.0703 P
[ReportManager] File Action [GetAbsolutePath] successfully performed. With the following test data [Relative Folder Path: "target/downloadedFiles/"]. @30-10-2021 20:13:55.0706 PM
[ReportManager] Attempting to run locally on: [Mac-64], [Safari], Headless Execution. @30-10-2021 20:13:55.0707 PM
[ReportManager] Successfully Opened Safari. @30-10-2021 20:13:56.0510 PM
[ReportManager] Initial window size: (800, 600) @30-10-2021 20:13:56.0524 PM
[ReportManager] Window size after SWD Maximize: (1176, 811) @30-10-2021 20:13:56.0538 PM
[ReportManager] Browser Action [MaximizeWindow] successfully performed. With the following test data [New screen size is now: (1176, 811)]. @30-10-2021 20:13:56.0538 PM
[ReportManager] Target URL: [https://www.google.com/ncr], and after redirection: [www.google.com] @30-10-2021 20:13:56.0538 PM
[ReportManager] Initial URL: [] @30-10-2021 20:13:56.0578 PM
[ReportManager] Browser Action [NavigateToURL] successfully performed. With the following test data [https://www.google.com/ncr]. @30-10-2021 20:13:57.0942 P

################################################################################################################################################
Starting Execution:	[33 out of 143] test cases in the current suite
Test Method:		[unitTests.tests_validations_assertions.assertElementAttribute_false_literalComparison_expectedToFail]
################################################################################################################################################
[ReportManager] Element Action [Type] successfully performed. With the following test data [Automation!@#$%^&*()_+{}[]\';/.,]. @30-10-2021 20:13:59.0099 PM
[ReportManager] Element Action [GetText] successfully performed. With the following test data [Automation!@#$%^&*()_+{}[]\';/.,]. @30-10-2021 20:13:59.0155 PM
[ReportManager] Loaded Shared OpenCV @30-10-2021 20:13:59.0212 PM
[ReportManager] Assertion [ValidateElementAttribute] PASSED. Expected [Value Should not be 'Automation!@#$%^&*()_+{}[]\\';/.,' for the 'text' attribute, element locator 'By.name: q'] and Actual [Automation!@#$%^&*()_+{}[]\';/.,]. Comparison Type [EQUALS]. Validation Type [NEGATIVE]. @30-10-2021 20:13:59.0313 PM
[ReportManager] Successfully created attachment [Screenshot - 1635624839212_assertElementAttribute_false_literalComparison_expectedToFail_ValidateElementAttribute_passed] @30-10-2021 20:13:59.0314 P
[ReportManager] Browser Action [CloseCurrentWindow] successfully performed. @30-10-2021 20:13:59.0579 PM
[ReportManager] Successfully created attachment [Browser Action Test Data - CloseCurrentWindow - Actual Value] @30-10-2021 20:13:59.0580 P
[ReportManager] File Action [GetAbsolutePath] successfully performed. With the following test data [Relative Folder Path: "target/downloadedFiles/"]. @30-10-2021 20:13:59.0584 PM
[ReportManager] Attempting to run locally on: [Mac-64], [Safari], Headless Execution. @30-10-2021 20:13:59.0584 PM
[ReportManager] Successfully Opened Safari. @30-10-2021 20:14:00.0443 PM
[ReportManager] Initial window size: (800, 600) @30-10-2021 20:14:00.0462 PM
[ReportManager] Window size after SWD Maximize: (1176, 811) @30-10-2021 20:14:00.0495 PM
[ReportManager] Browser Action [MaximizeWindow] successfully performed. With the following test data [New screen size is now: (1176, 811)]. @30-10-2021 20:14:00.0496 PM
[ReportManager] Target URL: [https://www.google.com/ncr], and after redirection: [www.google.com] @30-10-2021 20:14:00.0496 PM
[ReportManager] Initial URL: [] @30-10-2021 20:14:00.0542 PM
[ReportManager] Browser Action [NavigateToURL] successfully performed. With the following test data [https://www.google.com/ncr]. @30-10-2021 20:14:01.0895 P

################################################################################################################################################
Starting Execution:	[34 out of 143] test cases in the current suite
Test Method:		[unitTests.tests_validations_assertions.assertElementAttribute_false_literalComparison_expectedToPass]
################################################################################################################################################
[ReportManager] Element Action [Type] successfully performed. With the following test data [Automation!@#$%^&*()_+{}[]\';/.,]. @30-10-2021 20:14:03.0014 PM
[ReportManager] Element Action [GetText] successfully performed. With the following test data [Automation!@#$%^&*()_+{}[]\';/.,]. @30-10-2021 20:14:03.0064 PM
[ReportManager] Loaded Shared OpenCV @30-10-2021 20:14:03.0118 PM
[ReportManager] Assertion [ValidateElementAttribute] PASSED. Expected [Value Should not be 'Automation' for the 'text' attribute, element locator 'By.name: q'] and Actual [Automation!@#$%^&*()_+{}[]\';/.,]. Comparison Type [EQUALS]. Validation Type [NEGATIVE]. @30-10-2021 20:14:03.0218 PM
[ReportManager] Successfully created attachment [Screenshot - 1635624843117_assertElementAttribute_false_literalComparison_expectedToPass_ValidateElementAttribute_passed] @30-10-2021 20:14:03.0219 P
[ReportManager] Browser Action [CloseCurrentWindow] successfully performed. @30-10-2021 20:14:03.0455 PM
[ReportManager] Successfully created attachment [Browser Action Test Data - CloseCurrentWindow - Actual Value] @30-10-2021 20:14:03.0455 P
[ReportManager] File Action [GetAbsolutePath] successfully performed. With the following test data [Relative Folder Path: "target/downloadedFiles/"]. @30-10-2021 20:14:03.0459 PM
[ReportManager] Attempting to run locally on: [Mac-64], [Safari], Headless Execution. @30-10-2021 20:14:03.0459 PM
[ReportManager] Successfully Opened Safari. @30-10-2021 20:14:04.0271 PM
[ReportManager] Initial window size: (800, 600) @30-10-2021 20:14:04.0291 PM
[ReportManager] Window size after SWD Maximize: (1176, 811) @30-10-2021 20:14:04.0304 PM
[ReportManager] Browser Action [MaximizeWindow] successfully performed. With the following test data [New screen size is now: (1176, 811)]. @30-10-2021 20:14:04.0304 PM
[ReportManager] Target URL: [https://www.google.com/ncr], and after redirection: [www.google.com] @30-10-2021 20:14:04.0304 PM
[ReportManager] Initial URL: [] @30-10-2021 20:14:04.0345 PM
[ReportManager] Browser Action [NavigateToURL] successfully performed. With the following test data [https://www.google.com/ncr]. @30-10-2021 20:14:05.0504 P

################################################################################################################################################
Starting Execution:	[35 out of 143] test cases in the current suite
Test Method:		[unitTests.tests_validations_assertions.assertElementAttribute_false_regexComparison_expectedToFail]
################################################################################################################################################
[ReportManager] Element Action [Type] successfully performed. With the following test data [Automation123]. @30-10-2021 20:14:06.0059 PM
[ReportManager] Element Action [GetText] successfully performed. With the following test data [Automation123]. @30-10-2021 20:14:06.0110 PM
[ReportManager] Loaded Shared OpenCV @30-10-2021 20:14:06.0165 PM
[ReportManager] Assertion [ValidateElementAttribute] FAILED. Expected [Value Should not be 'Automation.*' for the 'text' attribute, element locator 'By.name: q'] and Actual [Automation123]. Comparison Type [MATCHES]. Validation Type [NEGATIVE]. @30-10-2021 20:14:06.0261 PM
[ReportManager] Successfully created attachment [Screenshot - 1635624846165_assertElementAttribute_false_regexComparison_expectedToFail_ValidateElementAttribute_failed] @30-10-2021 20:14:06.0263 P
[ReportManager] Browser Action [CloseCurrentWindow] successfully performed. @30-10-2021 20:14:06.0427 PM
[ReportManager] Successfully created attachment [Browser Action Test Data - CloseCurrentWindow - Actual Value] @30-10-2021 20:14:06.0428 P
[ReportManager] File Action [GetAbsolutePath] successfully performed. With the following test data [Relative Folder Path: "target/downloadedFiles/"]. @30-10-2021 20:14:06.0431 PM
[ReportManager] Attempting to run locally on: [Mac-64], [Safari], Headless Execution. @30-10-2021 20:14:06.0431 PM
[ReportManager] Successfully Opened Safari. @30-10-2021 20:14:07.0272 PM
[ReportManager] Initial window size: (800, 600) @30-10-2021 20:14:07.0279 PM
[ReportManager] Window size after SWD Maximize: (1176, 811) @30-10-2021 20:14:07.0292 PM
[ReportManager] Browser Action [MaximizeWindow] successfully performed. With the following test data [New screen size is now: (1176, 811)]. @30-10-2021 20:14:07.0292 PM
[ReportManager] Target URL: [https://www.google.com/ncr], and after redirection: [www.google.com] @30-10-2021 20:14:07.0292 PM
[ReportManager] Initial URL: [] @30-10-2021 20:14:07.0345 PM
[ReportManager] Browser Action [NavigateToURL] successfully performed. With the following test data [https://www.google.com/ncr]. @30-10-2021 20:14:08.0670 P

################################################################################################################################################
Starting Execution:	[36 out of 143] test cases in the current suite
Test Method:		[unitTests.tests_validations_assertions.assertElementAttribute_false_regexComparison_expectedToPass]
################################################################################################################################################
[ReportManager] Element Action [Type] successfully performed. With the following test data [Automation123]. @30-10-2021 20:14:09.0212 PM
[ReportManager] Element Action [GetText] successfully performed. With the following test data [Automation123]. @30-10-2021 20:14:09.0268 PM
[ReportManager] Loaded Shared OpenCV @30-10-2021 20:14:09.0321 PM
[ReportManager] Assertion [ValidateElementAttribute] PASSED. Expected [Value Should not be 'Automation' for the 'text' attribute, element locator 'By.name: q'] and Actual [Automation123]. Comparison Type [MATCHES]. Validation Type [NEGATIVE]. @30-10-2021 20:14:09.0422 PM
[ReportManager] Successfully created attachment [Screenshot - 1635624849321_assertElementAttribute_false_regexComparison_expectedToPass_ValidateElementAttribute_passed] @30-10-2021 20:14:09.0424 P
[ReportManager] Browser Action [CloseCurrentWindow] successfully performed. @30-10-2021 20:14:09.0684 PM
[ReportManager] Successfully created attachment [Browser Action Test Data - CloseCurrentWindow - Actual Value] @30-10-2021 20:14:09.0684 P
[ReportManager] File Action [GetAbsolutePath] successfully performed. With the following test data [Relative Folder Path: "target/downloadedFiles/"]. @30-10-2021 20:14:09.0688 PM
[ReportManager] Attempting to run locally on: [Mac-64], [Safari], Headless Execution. @30-10-2021 20:14:09.0688 PM
[ReportManager] Successfully Opened Safari. @30-10-2021 20:14:10.0548 PM
[ReportManager] Initial window size: (800, 600) @30-10-2021 20:14:10.0554 PM
[ReportManager] Window size after SWD Maximize: (1176, 811) @30-10-2021 20:14:10.0577 PM
[ReportManager] Browser Action [MaximizeWindow] successfully performed. With the following test data [New screen size is now: (1176, 811)]. @30-10-2021 20:14:10.0577 PM
[ReportManager] Target URL: [https://www.google.com/ncr], and after redirection: [www.google.com] @30-10-2021 20:14:10.0577 PM
[ReportManager] Initial URL: [] @30-10-2021 20:14:10.0643 PM
[ReportManager] Browser Action [NavigateToURL] successfully performed. With the following test data [https://www.google.com/ncr]. @30-10-2021 20:14:11.0885 P

################################################################################################################################################
Starting Execution:	[37 out of 143] test cases in the current suite
Test Method:		[unitTests.tests_validations_assertions.assertElementAttribute_true_caseInsensitiveComparison_expectedToFail]
################################################################################################################################################
[ReportManager] Element Action [Type] successfully performed. With the following test data [AUTOMATION]. @30-10-2021 20:14:12.0318 PM
[ReportManager] Element Action [GetText] successfully performed. With the following test data [AUTOMATION]. @30-10-2021 20:14:12.0380 PM
[ReportManager] Loaded Shared OpenCV @30-10-2021 20:14:12.0439 PM
[ReportManager] Assertion [ValidateElementAttribute] FAILED. Expected [Value Should be 'AutomaTion123' for the 'text' attribute, element locator 'By.name: q'] and Actual [AUTOMATION]. Comparison Type [CASE_INSENSITIVE]. Validation Type [POSITIVE]. @30-10-2021 20:14:12.0607 PM
[ReportManager] Successfully created attachment [Screenshot - 1635624852439_assertElementAttribute_true_caseInsensitiveComparison_expectedToFail_ValidateElementAttribute_failed] @30-10-2021 20:14:12.0608 P
[ReportManager] Browser Action [CloseCurrentWindow] successfully performed. @30-10-2021 20:14:12.0665 PM
[ReportManager] Successfully created attachment [Browser Action Test Data - CloseCurrentWindow - Actual Value] @30-10-2021 20:14:12.0666 P
[ReportManager] File Action [GetAbsolutePath] successfully performed. With the following test data [Relative Folder Path: "target/downloadedFiles/"]. @30-10-2021 20:14:12.0670 PM
[ReportManager] Attempting to run locally on: [Mac-64], [Safari], Headless Execution. @30-10-2021 20:14:12.0670 PM
[ReportManager] Successfully Opened Safari. @30-10-2021 20:14:13.0477 PM
[ReportManager] Initial window size: (800, 600) @30-10-2021 20:14:13.0497 PM
[ReportManager] Window size after SWD Maximize: (1176, 811) @30-10-2021 20:14:13.0510 PM
[ReportManager] Browser Action [MaximizeWindow] successfully performed. With the following test data [New screen size is now: (1176, 811)]. @30-10-2021 20:14:13.0511 PM
[ReportManager] Target URL: [https://www.google.com/ncr], and after redirection: [www.google.com] @30-10-2021 20:14:13.0511 PM
[ReportManager] Initial URL: [] @30-10-2021 20:14:13.0593 PM
[ReportManager] Browser Action [NavigateToURL] successfully performed. With the following test data [https://www.google.com/ncr]. @30-10-2021 20:14:14.0917 P

################################################################################################################################################
Starting Execution:	[38 out of 143] test cases in the current suite
Test Method:		[unitTests.tests_validations_assertions.assertElementAttribute_true_caseInsensitiveComparison_expectedToPass]
################################################################################################################################################
[ReportManager] Element Action [Type] successfully performed. With the following test data [AUTOMATION]. @30-10-2021 20:14:15.0408 PM
[ReportManager] Element Action [GetText] successfully performed. With the following test data [AUTOMATION]. @30-10-2021 20:14:15.0468 PM
[ReportManager] Loaded Shared OpenCV @30-10-2021 20:14:15.0527 PM
[ReportManager] Assertion [ValidateElementAttribute] PASSED. Expected [Value Should be 'AutomaTion' for the 'text' attribute, element locator 'By.name: q'] and Actual [AUTOMATION]. Comparison Type [CASE_INSENSITIVE]. Validation Type [POSITIVE]. @30-10-2021 20:14:15.0640 PM
[ReportManager] Successfully created attachment [Screenshot - 1635624855527_assertElementAttribute_true_caseInsensitiveComparison_expectedToPass_ValidateElementAttribute_passed] @30-10-2021 20:14:15.0642 P
[ReportManager] Browser Action [CloseCurrentWindow] successfully performed. @30-10-2021 20:14:15.0881 PM
[ReportManager] Successfully created attachment [Browser Action Test Data - CloseCurrentWindow - Actual Value] @30-10-2021 20:14:15.0882 P
[ReportManager] File Action [GetAbsolutePath] successfully performed. With the following test data [Relative Folder Path: "target/downloadedFiles/"]. @30-10-2021 20:14:15.0885 PM
[ReportManager] Attempting to run locally on: [Mac-64], [Safari], Headless Execution. @30-10-2021 20:14:15.0886 PM
[ReportManager] Successfully Opened Safari. @30-10-2021 20:14:16.0694 PM
[ReportManager] Initial window size: (800, 600) @30-10-2021 20:14:16.0702 PM
[ReportManager] Window size after SWD Maximize: (1176, 811) @30-10-2021 20:14:16.0724 PM
[ReportManager] Browser Action [MaximizeWindow] successfully performed. With the following test data [New screen size is now: (1176, 811)]. @30-10-2021 20:14:16.0725 PM
[ReportManager] Target URL: [https://www.google.com/ncr], and after redirection: [www.google.com] @30-10-2021 20:14:16.0725 PM
[ReportManager] Initial URL: [] @30-10-2021 20:14:16.0791 PM
[ReportManager] Browser Action [NavigateToURL] successfully performed. With the following test data [https://www.google.com/ncr]. @30-10-2021 20:14:18.0038 P

################################################################################################################################################
Starting Execution:	[39 out of 143] test cases in the current suite
Test Method:		[unitTests.tests_validations_assertions.assertElementAttribute_true_containsComparison_expectedToFail]
################################################################################################################################################
[ReportManager] Element Action [Type] successfully performed. With the following test data [Automation123]. @30-10-2021 20:14:18.0593 PM
[ReportManager] Element Action [GetText] successfully performed. With the following test data [Automation123]. @30-10-2021 20:14:18.0648 PM
[ReportManager] Loaded Shared OpenCV @30-10-2021 20:14:18.0704 PM
[ReportManager] Assertion [ValidateElementAttribute] FAILED. Expected [Value Should be 'Automation1234' for the 'text' attribute, element locator 'By.name: q'] and Actual [Automation123]. Comparison Type [CONTAINS]. Validation Type [POSITIVE]. @30-10-2021 20:14:18.0811 PM
[ReportManager] Successfully created attachment [Screenshot - 1635624858704_assertElementAttribute_true_containsComparison_expectedToFail_ValidateElementAttribute_failed] @30-10-2021 20:14:18.0812 P
[ReportManager] Browser Action [CloseCurrentWindow] successfully performed. @30-10-2021 20:14:19.0059 PM
[ReportManager] Successfully created attachment [Browser Action Test Data - CloseCurrentWindow - Actual Value] @30-10-2021 20:14:19.0060 P
[ReportManager] File Action [GetAbsolutePath] successfully performed. With the following test data [Relative Folder Path: "target/downloadedFiles/"]. @30-10-2021 20:14:19.0063 PM
[ReportManager] Attempting to run locally on: [Mac-64], [Safari], Headless Execution. @30-10-2021 20:14:19.0063 PM
[ReportManager] Successfully Opened Safari. @30-10-2021 20:14:19.0860 PM
[ReportManager] Initial window size: (800, 600) @30-10-2021 20:14:19.0877 PM
[ReportManager] Window size after SWD Maximize: (1176, 811) @30-10-2021 20:14:19.0890 PM
[ReportManager] Browser Action [MaximizeWindow] successfully performed. With the following test data [New screen size is now: (1176, 811)]. @30-10-2021 20:14:19.0891 PM
[ReportManager] Target URL: [https://www.google.com/ncr], and after redirection: [www.google.com] @30-10-2021 20:14:19.0891 PM
[ReportManager] Initial URL: [] @30-10-2021 20:14:19.0971 PM
[ReportManager] Browser Action [NavigateToURL] successfully performed. With the following test data [https://www.google.com/ncr]. @30-10-2021 20:14:20.0843 P

################################################################################################################################################
Starting Execution:	[40 out of 143] test cases in the current suite
Test Method:		[unitTests.tests_validations_assertions.assertElementAttribute_true_containsComparison_expectedToPass]
################################################################################################################################################
[ReportManager] Element Action [Type] successfully performed. With the following test data [Automation123]. @30-10-2021 20:14:21.0340 PM
[ReportManager] Element Action [GetText] successfully performed. With the following test data [Automation123]. @30-10-2021 20:14:21.0392 PM
[ReportManager] Loaded Shared OpenCV @30-10-2021 20:14:21.0448 PM
[ReportManager] Assertion [ValidateElementAttribute] PASSED. Expected [Value Should be 'Automation' for the 'text' attribute, element locator 'By.name: q'] and Actual [Automation123]. Comparison Type [CONTAINS]. Validation Type [POSITIVE]. @30-10-2021 20:14:21.0611 PM
[ReportManager] Successfully created attachment [Screenshot - 1635624861448_assertElementAttribute_true_containsComparison_expectedToPass_ValidateElementAttribute_passed] @30-10-2021 20:14:21.0613 P
[ReportManager] Browser Action [CloseCurrentWindow] successfully performed. @30-10-2021 20:14:21.0677 PM
[ReportManager] Successfully created attachment [Browser Action Test Data - CloseCurrentWindow - Actual Value] @30-10-2021 20:14:21.0678 P
[ReportManager] File Action [GetAbsolutePath] successfully performed. With the following test data [Relative Folder Path: "target/downloadedFiles/"]. @30-10-2021 20:14:21.0686 PM
[ReportManager] Attempting to run locally on: [Mac-64], [Safari], Headless Execution. @30-10-2021 20:14:21.0686 PM
[ReportManager] Successfully Opened Safari. @30-10-2021 20:14:22.0494 PM
[ReportManager] Initial window size: (800, 600) @30-10-2021 20:14:22.0502 PM
[ReportManager] Window size after SWD Maximize: (1176, 811) @30-10-2021 20:14:22.0527 PM
[ReportManager] Browser Action [MaximizeWindow] successfully performed. With the following test data [New screen size is now: (1176, 811)]. @30-10-2021 20:14:22.0527 PM
[ReportManager] Target URL: [https://www.google.com/ncr], and after redirection: [www.google.com] @30-10-2021 20:14:22.0527 PM
[ReportManager] Initial URL: [] @30-10-2021 20:14:22.0597 PM
[ReportManager] Browser Action [NavigateToURL] successfully performed. With the following test data [https://www.google.com/ncr]. @30-10-2021 20:14:23.0915 P

################################################################################################################################################
Starting Execution:	[41 out of 143] test cases in the current suite
Test Method:		[unitTests.tests_validations_assertions.assertElementAttribute_true_literalComparison_expectedToFail]
################################################################################################################################################
[ReportManager] Element Action [Type] successfully performed. With the following test data [Automation!@#$%^&*()_+{}[]\';/.,]. @30-10-2021 20:14:25.0007 PM
[ReportManager] Element Action [GetText] successfully performed. With the following test data [Automation!@#$%^&*()_+{}[]\';/.,]. @30-10-2021 20:14:25.0056 PM
[ReportManager] Loaded Shared OpenCV @30-10-2021 20:14:25.0108 PM
[ReportManager] Assertion [ValidateElementAttribute] FAILED. Expected [Value Should be 'Automation' for the 'text' attribute, element locator 'By.name: q'] and Actual [Automation!@#$%^&*()_+{}[]\';/.,]. Comparison Type [EQUALS]. Validation Type [POSITIVE]. @30-10-2021 20:14:25.0263 PM
[ReportManager] Successfully created attachment [Screenshot - 1635624865108_assertElementAttribute_true_literalComparison_expectedToFail_ValidateElementAttribute_failed] @30-10-2021 20:14:25.0264 P
[ReportManager] Browser Action [CloseCurrentWindow] successfully performed. @30-10-2021 20:14:25.0374 PM
[ReportManager] Successfully created attachment [Browser Action Test Data - CloseCurrentWindow - Actual Value] @30-10-2021 20:14:25.0375 P
[ReportManager] File Action [GetAbsolutePath] successfully performed. With the following test data [Relative Folder Path: "target/downloadedFiles/"]. @30-10-2021 20:14:25.0378 PM
[ReportManager] Attempting to run locally on: [Mac-64], [Safari], Headless Execution. @30-10-2021 20:14:25.0378 PM
[ReportManager] Successfully Opened Safari. @30-10-2021 20:14:26.0250 PM
[ReportManager] Initial window size: (800, 600) @30-10-2021 20:14:26.0277 PM
[ReportManager] Window size after SWD Maximize: (1176, 811) @30-10-2021 20:14:26.0301 PM
[ReportManager] Browser Action [MaximizeWindow] successfully performed. With the following test data [New screen size is now: (1176, 811)]. @30-10-2021 20:14:26.0301 PM
[ReportManager] Target URL: [https://www.google.com/ncr], and after redirection: [www.google.com] @30-10-2021 20:14:26.0302 PM
[ReportManager] Initial URL: [] @30-10-2021 20:14:26.0409 PM
[ReportManager] Browser Action [NavigateToURL] successfully performed. With the following test data [https://www.google.com/ncr]. @30-10-2021 20:14:27.0314 P

################################################################################################################################################
Starting Execution:	[42 out of 143] test cases in the current suite
Test Method:		[unitTests.tests_validations_assertions.assertElementAttribute_true_literalComparison_expectedToPass]
################################################################################################################################################
[ReportManager] Element Action [Type] successfully performed. With the following test data [Automation!@#$%^&*()_+{}[]\';/.,]. @30-10-2021 20:14:28.0864 PM
[ReportManager] Element Action [GetText] successfully performed. With the following test data [Automation!@#$%^&*()_+{}[]\';/.,]. @30-10-2021 20:14:29.0018 PM
[ReportManager] Loaded Shared OpenCV @30-10-2021 20:14:29.0081 PM
[ReportManager] Assertion [ValidateElementAttribute] PASSED. Expected [Value Should be 'Automation!@#$%^&*()_+{}[]\';/.,' for the 'text' attribute, element locator 'By.name: q'] and Actual [Automation!@#$%^&*()_+{}[]\';/.,]. Comparison Type [EQUALS]. Validation Type [POSITIVE]. @30-10-2021 20:14:29.0361 PM
[ReportManager] Successfully created attachment [Screenshot - 1635624869081_assertElementAttribute_true_literalComparison_expectedToPass_ValidateElementAttribute_passed] @30-10-2021 20:14:29.0445 P
[ReportManager] Browser Action [CloseCurrentWindow] successfully performed. @30-10-2021 20:14:29.0622 PM
[ReportManager] Successfully created attachment [Browser Action Test Data - CloseCurrentWindow - Actual Value] @30-10-2021 20:14:29.0664 P
[ReportManager] File Action [GetAbsolutePath] successfully performed. With the following test data [Relative Folder Path: "target/downloadedFiles/"]. @30-10-2021 20:14:29.0834 PM
[ReportManager] Attempting to run locally on: [Mac-64], [Safari], Headless Execution. @30-10-2021 20:14:29.0834 PM
[ReportManager] Successfully Opened Safari. @30-10-2021 20:14:30.0675 PM
[ReportManager] Initial window size: (800, 600) @30-10-2021 20:14:30.0681 PM
[ReportManager] Window size after SWD Maximize: (1176, 811) @30-10-2021 20:14:30.0706 PM
[ReportManager] Browser Action [MaximizeWindow] successfully performed. With the following test data [New screen size is now: (1176, 811)]. @30-10-2021 20:14:30.0706 PM
[ReportManager] Target URL: [https://www.google.com/ncr], and after redirection: [www.google.com] @30-10-2021 20:14:30.0706 PM
[ReportManager] Initial URL: [] @30-10-2021 20:14:30.0765 PM
[ReportManager] Browser Action [NavigateToURL] successfully performed. With the following test data [https://www.google.com/ncr]. @30-10-2021 20:14:32.0166 P

################################################################################################################################################
Starting Execution:	[43 out of 143] test cases in the current suite
Test Method:		[unitTests.tests_validations_assertions.assertElementAttribute_true_regexComparison_expectedToFail]
################################################################################################################################################
[ReportManager] Element Action [Type] successfully performed. With the following test data [Automation123]. @30-10-2021 20:14:32.0862 PM
[ReportManager] Element Action [GetText] successfully performed. With the following test data [Automation123]. @30-10-2021 20:14:32.0916 PM
[ReportManager] Loaded Shared OpenCV @30-10-2021 20:14:32.0972 PM
[ReportManager] Assertion [ValidateElementAttribute] FAILED. Expected [Value Should be 'Automation' for the 'text' attribute, element locator 'By.name: q'] and Actual [Automation123]. Comparison Type [MATCHES]. Validation Type [POSITIVE]. @30-10-2021 20:14:33.0232 PM
[ReportManager] Successfully created attachment [Screenshot - 1635624872972_assertElementAttribute_true_regexComparison_expectedToFail_ValidateElementAttribute_failed] @30-10-2021 20:14:33.0314 P
[ReportManager] Browser Action [CloseCurrentWindow] successfully performed. @30-10-2021 20:14:33.0534 PM
[ReportManager] Successfully created attachment [Browser Action Test Data - CloseCurrentWindow - Actual Value] @30-10-2021 20:14:33.0576 P
[ReportManager] File Action [GetAbsolutePath] successfully performed. With the following test data [Relative Folder Path: "target/downloadedFiles/"]. @30-10-2021 20:14:33.0703 PM
[ReportManager] Attempting to run locally on: [Mac-64], [Safari], Headless Execution. @30-10-2021 20:14:33.0703 PM
[ReportManager] Successfully Opened Safari. @30-10-2021 20:14:34.0563 PM
[ReportManager] Initial window size: (800, 600) @30-10-2021 20:14:34.0573 PM
[ReportManager] Window size after SWD Maximize: (1176, 811) @30-10-2021 20:14:34.0594 PM
[ReportManager] Browser Action [MaximizeWindow] successfully performed. With the following test data [New screen size is now: (1176, 811)]. @30-10-2021 20:14:34.0595 PM
[ReportManager] Target URL: [https://www.google.com/ncr], and after redirection: [www.google.com] @30-10-2021 20:14:34.0595 PM
[ReportManager] Initial URL: [] @30-10-2021 20:14:34.0668 PM
[ReportManager] Browser Action [NavigateToURL] successfully performed. With the following test data [https://www.google.com/ncr]. @30-10-2021 20:14:35.0458 P

################################################################################################################################################
Starting Execution:	[44 out of 143] test cases in the current suite
Test Method:		[unitTests.tests_validations_assertions.assertElementAttribute_true_regexComparison_expectedToPass]
################################################################################################################################################
[ReportManager] Element Action [Type] successfully performed. With the following test data [Automation123]. @30-10-2021 20:14:36.0353 PM
[ReportManager] Element Action [GetText] successfully performed. With the following test data [Automation123]. @30-10-2021 20:14:36.0420 PM
[ReportManager] Loaded Shared OpenCV @30-10-2021 20:14:36.0485 PM
[ReportManager] Assertion [ValidateElementAttribute] PASSED. Expected [Value Should be 'Automation.*' for the 'text' attribute, element locator 'By.name: q'] and Actual [Automation123]. Comparison Type [MATCHES]. Validation Type [POSITIVE]. @30-10-2021 20:14:37.0005 PM
[ReportManager] Successfully created attachment [Screenshot - 1635624876485_assertElementAttribute_true_regexComparison_expectedToPass_ValidateElementAttribute_passed] @30-10-2021 20:14:37.0127 P
[ReportManager] Browser Action [CloseCurrentWindow] successfully performed. @30-10-2021 20:14:37.0482 PM
[ReportManager] Successfully created attachment [Browser Action Test Data - CloseCurrentWindow - Actual Value] @30-10-2021 20:14:37.0494 P
[ReportManager] File Action [GetAbsolutePath] successfully performed. With the following test data [Relative Folder Path: "target/downloadedFiles/"]. @30-10-2021 20:14:37.0498 PM
[ReportManager] Attempting to run locally on: [Mac-64], [Safari], Headless Execution. @30-10-2021 20:14:37.0498 PM
[ReportManager] Successfully Opened Safari. @30-10-2021 20:14:38.0310 PM
[ReportManager] Initial window size: (800, 600) @30-10-2021 20:14:38.0329 PM
[ReportManager] Window size after SWD Maximize: (1176, 811) @30-10-2021 20:14:38.0344 PM
[ReportManager] Browser Action [MaximizeWindow] successfully performed. With the following test data [New screen size is now: (1176, 811)]. @30-10-2021 20:14:38.0355 PM
[ReportManager] Target URL: [https://www.google.com/ncr], and after redirection: [www.google.com] @30-10-2021 20:14:38.0356 PM
[ReportManager] Initial URL: [] @30-10-2021 20:14:38.0392 PM
[ReportManager] Browser Action [NavigateToURL] successfully performed. With the following test data [https://www.google.com/ncr]. @30-10-2021 20:14:39.0651 P

################################################################################################################################################
Starting Execution:	[45 out of 143] test cases in the current suite
Test Method:		[unitTests.tests_validations_assertions.assertElementAttribute_type_true_literalComparison_expectedToPass]
################################################################################################################################################
[ReportManager] Element Action [Type] successfully performed. With the following test data [Automation!@#$%^&*()_+{}[]\';/.,]. @30-10-2021 20:14:40.0758 PM
[ReportManager] Element Action [GetText] successfully performed. With the following test data [Automation!@#$%^&*()_+{}[]\';/.,]. @30-10-2021 20:14:40.0809 PM
[ReportManager] Loaded Shared OpenCV @30-10-2021 20:14:40.0862 PM
[ReportManager] Assertion [ValidateElementAttribute] PASSED. Expected [Value Should be 'Automation!@#$%^&*()_+{}[]\';/.,' for the 'text' attribute, element locator 'By.name: q'] and Actual [Automation!@#$%^&*()_+{}[]\';/.,]. Comparison Type [EQUALS]. Validation Type [POSITIVE]. @30-10-2021 20:14:41.0143 PM
[ReportManager] Successfully created attachment [Screenshot - 1635624880862_assertElementAttribute_type_true_literalComparison_expectedToPass_ValidateElementAttribute_passed] @30-10-2021 20:14:41.0227 P
[ReportManager] Browser Action [CloseCurrentWindow] successfully performed. @30-10-2021 20:14:41.0473 PM
[ReportManager] Successfully created attachment [Browser Action Test Data - CloseCurrentWindow - Actual Value] @30-10-2021 20:14:41.0515 P
[ReportManager] File Action [GetAbsolutePath] successfully performed. With the following test data [Relative Folder Path: "target/downloadedFiles/"]. @30-10-2021 20:14:41.0641 PM
[ReportManager] Attempting to run locally on: [Mac-64], [Safari], Headless Execution. @30-10-2021 20:14:41.0642 PM
[ReportManager] Successfully Opened Safari. @30-10-2021 20:14:42.0530 PM
[ReportManager] Initial window size: (800, 600) @30-10-2021 20:14:42.0542 PM
[ReportManager] Window size after SWD Maximize: (1176, 811) @30-10-2021 20:14:42.0576 PM
[ReportManager] Browser Action [MaximizeWindow] successfully performed. With the following test data [New screen size is now: (1176, 811)]. @30-10-2021 20:14:42.0577 PM
[ReportManager] Target URL: [https://www.google.com/ncr], and after redirection: [www.google.com] @30-10-2021 20:14:42.0577 PM
[ReportManager] Initial URL: [] @30-10-2021 20:14:42.0654 PM
[ReportManager] Browser Action [NavigateToURL] successfully performed. With the following test data [https://www.google.com/ncr]. @30-10-2021 20:14:43.0990 P

################################################################################################################################################
Starting Execution:	[46 out of 143] test cases in the current suite
Test Method:		[unitTests.tests_validations_assertions.assertElementExists_false_expectedToFail]
###############################################################################################################################################
[ReportManager] Browser Action [CloseCurrentWindow] successfully performed. @30-10-2021 20:14:44.0580 PM
[ReportManager] Successfully created attachment [Browser Action Test Data - CloseCurrentWindow - Actual Value] @30-10-2021 20:14:44.0621 P
[ReportManager] File Action [GetAbsolutePath] successfully performed. With the following test data [Relative Folder Path: "target/downloadedFiles/"]. @30-10-2021 20:14:44.0748 PM
[ReportManager] Attempting to run locally on: [Mac-64], [Safari], Headless Execution. @30-10-2021 20:14:44.0748 PM
[ReportManager] Successfully Opened Safari. @30-10-2021 20:14:45.0560 PM
[ReportManager] Initial window size: (800, 600) @30-10-2021 20:14:45.0585 PM
[ReportManager] Window size after SWD Maximize: (1176, 811) @30-10-2021 20:14:45.0615 PM
[ReportManager] Browser Action [MaximizeWindow] successfully performed. With the following test data [New screen size is now: (1176, 811)]. @30-10-2021 20:14:45.0615 PM
[ReportManager] Target URL: [https://www.google.com/ncr], and after redirection: [www.google.com] @30-10-2021 20:14:45.0615 PM
[ReportManager] Initial URL: [] @30-10-2021 20:14:45.0696 PM
[ReportManager] Browser Action [NavigateToURL] successfully performed. With the following test data [https://www.google.com/ncr]. @30-10-2021 20:14:46.0439 P

################################################################################################################################################
Starting Execution:	[47 out of 143] test cases in the current suite
Test Method:		[unitTests.tests_validations_assertions.assertElementExists_false_expectedToPass]
###############################################################################################################################################
[ReportManager] Browser Action [CloseCurrentWindow] successfully performed. @30-10-2021 20:14:46.0869 PM
[ReportManager] Successfully created attachment [Browser Action Test Data - CloseCurrentWindow - Actual Value] @30-10-2021 20:14:46.0911 P
[ReportManager] File Action [GetAbsolutePath] successfully performed. With the following test data [Relative Folder Path: "target/downloadedFiles/"]. @30-10-2021 20:14:47.0037 PM
[ReportManager] Attempting to run locally on: [Mac-64], [Safari], Headless Execution. @30-10-2021 20:14:47.0038 PM
[ReportManager] Successfully Opened Safari. @30-10-2021 20:14:47.0864 PM
[ReportManager] Initial window size: (800, 600) @30-10-2021 20:14:47.0871 PM
[ReportManager] Window size after SWD Maximize: (1176, 811) @30-10-2021 20:14:47.0895 PM
[ReportManager] Browser Action [MaximizeWindow] successfully performed. With the following test data [New screen size is now: (1176, 811)]. @30-10-2021 20:14:47.0896 PM
[ReportManager] Target URL: [https://www.google.com/ncr], and after redirection: [www.google.com] @30-10-2021 20:14:47.0896 PM
[ReportManager] Initial URL: [] @30-10-2021 20:14:47.0971 PM
[ReportManager] Browser Action [NavigateToURL] successfully performed. With the following test data [https://www.google.com/ncr]. @30-10-2021 20:14:49.0308 P

################################################################################################################################################
Starting Execution:	[48 out of 143] test cases in the current suite
Test Method:		[unitTests.tests_validations_assertions.assertElementExists_false_multipleElementsFound_expectedToFail]
################################################################################################################################################
[ReportManager] Assertion [ValidateElementExists] FAILED. Expected [Element Should not Exist, locator 'By.xpath: //div'] and Actual [Element Exists but is not unique]. Comparison Type [EQUALS]. Validation Type [NEGATIVE]. @30-10-2021 20:14:49.0550 PM
[ReportManager] Successfully created attachment [Screenshot - 1635624889381_assertElementExists_false_multipleElementsFound_expectedToFail_ValidateElementExists_failed] @30-10-2021 20:14:49.0632 P
[ReportManager] Browser Action [CloseCurrentWindow] successfully performed. @30-10-2021 20:14:49.0864 PM
[ReportManager] Successfully created attachment [Browser Action Test Data - CloseCurrentWindow - Actual Value] @30-10-2021 20:14:49.0865 P
[ReportManager] File Action [GetAbsolutePath] successfully performed. With the following test data [Relative Folder Path: "target/downloadedFiles/"]. @30-10-2021 20:14:49.0869 PM
[ReportManager] Attempting to run locally on: [Mac-64], [Safari], Headless Execution. @30-10-2021 20:14:49.0869 PM
[ReportManager] Successfully Opened Safari. @30-10-2021 20:14:50.0677 PM
[ReportManager] Initial window size: (800, 600) @30-10-2021 20:14:50.0696 PM
[ReportManager] Window size after SWD Maximize: (1176, 811) @30-10-2021 20:14:50.0724 PM
[ReportManager] Browser Action [MaximizeWindow] successfully performed. With the following test data [New screen size is now: (1176, 811)]. @30-10-2021 20:14:50.0725 PM
[ReportManager] Target URL: [https://www.google.com/ncr], and after redirection: [www.google.com] @30-10-2021 20:14:50.0725 PM
[ReportManager] Initial URL: [] @30-10-2021 20:14:50.0755 PM
[ReportManager] Browser Action [NavigateToURL] successfully performed. With the following test data [https://www.google.com/ncr]. @30-10-2021 20:14:52.0183 P

################################################################################################################################################
Starting Execution:	[49 out of 143] test cases in the current suite
Test Method:		[unitTests.tests_validations_assertions.assertElementExists_true_expectedToFail]
###############################################################################################################################################
[ReportManager] Browser Action [CloseCurrentWindow] successfully performed. @30-10-2021 20:14:52.0771 PM
[ReportManager] Successfully created attachment [Browser Action Test Data - CloseCurrentWindow - Actual Value] @30-10-2021 20:14:52.0812 P
[ReportManager] File Action [GetAbsolutePath] successfully performed. With the following test data [Relative Folder Path: "target/downloadedFiles/"]. @30-10-2021 20:14:52.0937 PM
[ReportManager] Attempting to run locally on: [Mac-64], [Safari], Headless Execution. @30-10-2021 20:14:52.0937 PM
[ReportManager] Successfully Opened Safari. @30-10-2021 20:14:53.0848 PM
[ReportManager] Initial window size: (800, 600) @30-10-2021 20:14:53.0858 PM
[ReportManager] Window size after SWD Maximize: (1176, 811) @30-10-2021 20:14:53.0938 PM
[ReportManager] Browser Action [MaximizeWindow] successfully performed. With the following test data [New screen size is now: (1176, 811)]. @30-10-2021 20:14:53.0938 PM
[ReportManager] Target URL: [https://www.google.com/ncr], and after redirection: [www.google.com] @30-10-2021 20:14:53.0938 PM
[ReportManager] Initial URL: [] @30-10-2021 20:14:54.0004 PM
[ReportManager] Browser Action [NavigateToURL] successfully performed. With the following test data [https://www.google.com/ncr]. @30-10-2021 20:14:54.0962 P

################################################################################################################################################
Starting Execution:	[50 out of 143] test cases in the current suite
Test Method:		[unitTests.tests_validations_assertions.assertElementExists_true_expectedToPass]
################################################################################################################################################
[ReportManager] Loaded Shared OpenCV @30-10-2021 20:14:55.0207 PM
[ReportManager] Assertion [ValidateElementExists] PASSED. Expected [Element Should Exist, locator 'By.xpath: //*[@id='hplogo' or @alt='Google']'] and Actual [Element Exists]. Comparison Type [EQUALS]. Validation Type [POSITIVE]. @30-10-2021 20:14:55.0530 PM
[ReportManager] Successfully created attachment [Screenshot - 1635624895207_assertElementExists_true_expectedToPass_ValidateElementExists_passed] @30-10-2021 20:14:55.0614 P
[ReportManager] Browser Action [CloseCurrentWindow] successfully performed. @30-10-2021 20:14:55.0815 PM
[ReportManager] Successfully created attachment [Browser Action Test Data - CloseCurrentWindow - Actual Value] @30-10-2021 20:14:55.0857 P
[ReportManager] File Action [GetAbsolutePath] successfully performed. With the following test data [Relative Folder Path: "target/downloadedFiles/"]. @30-10-2021 20:14:55.0985 PM
[ReportManager] Attempting to run locally on: [Mac-64], [Safari], Headless Execution. @30-10-2021 20:14:55.0985 PM
[ReportManager] Successfully Opened Safari. @30-10-2021 20:14:56.0869 PM
[ReportManager] Initial window size: (800, 600) @30-10-2021 20:14:56.0907 PM
[ReportManager] Window size after SWD Maximize: (1176, 811) @30-10-2021 20:14:56.0961 PM
[ReportManager] Browser Action [MaximizeWindow] successfully performed. With the following test data [New screen size is now: (1176, 811)]. @30-10-2021 20:14:56.0961 PM
[ReportManager] Target URL: [https://www.google.com/ncr], and after redirection: [www.google.com] @30-10-2021 20:14:56.0961 PM
[ReportManager] Initial URL: [] @30-10-2021 20:14:57.0244 PM
[ReportManager] Browser Action [NavigateToURL] successfully performed. With the following test data [https://www.google.com/ncr]. @30-10-2021 20:14:58.0069 P

################################################################################################################################################
Starting Execution:	[51 out of 143] test cases in the current suite
Test Method:		[unitTests.tests_validations_assertions.assertElementExists_true_multipleElementsFound_expectedToFail]
################################################################################################################################################
[ReportManager] Assertion [ValidateElementExists] FAILED. Expected [Element Should Exist, locator 'By.xpath: //div'] and Actual [Element Exists but is not unique]. Comparison Type [EQUALS]. Validation Type [POSITIVE]. @30-10-2021 20:14:58.0450 PM
[ReportManager] Successfully created attachment [Screenshot - 1635624898266_assertElementExists_true_multipleElementsFound_expectedToFail_ValidateElementExists_failed] @30-10-2021 20:14:58.0532 P
[ReportManager] Browser Action [CloseCurrentWindow] successfully performed. @30-10-2021 20:14:58.0718 PM
[ReportManager] Successfully created attachment [Browser Action Test Data - CloseCurrentWindow - Actual Value] @30-10-2021 20:14:58.0759 P

################################################################################################################################################
Starting Execution:	[52 out of 143] test cases in the current suite
Test Method:		[unitTests.tests_validations_assertions.assertEquals_false_expectedToFail]
################################################################################################################################################
[ReportManager] Assertion [ValidateEquals] FAILED. Expected [1] and Actual [1]. Comparison Type [EQUALS]. Validation Type [NEGATIVE]. @30-10-2021 20:14:58.0891 P

################################################################################################################################################
Starting Execution:	[53 out of 143] test cases in the current suite
Test Method:		[unitTests.tests_validations_assertions.assertEquals_false_expectedToPass]
################################################################################################################################################
[ReportManager] Assertion [ValidateEquals] PASSED. Expected [1] and Actual [2]. Comparison Type [EQUALS]. Validation Type [NEGATIVE]. @30-10-2021 20:14:59.0098 P

################################################################################################################################################
Starting Execution:	[54 out of 143] test cases in the current suite
Test Method:		[unitTests.tests_validations_assertions.assertEquals_longCharacters]
################################################################################################################################################
[ReportManager] Verification [ValidateEquals] PASSED. Expected and Actual values are attached. Comparison Type [EQUALS]. Validation Type [POSITIVE]. @30-10-2021 20:14:59.0228 PM
[ReportManager] Successfully created attachment [Validation Test Data - Expected Value] @30-10-2021 20:14:59.0309 PM
[ReportManager] Successfully created attachment [Validation Test Data - Actual Value] @30-10-2021 20:14:59.0351 PM
[ReportManager] Assertion [ValidateEquals] PASSED. Expected and Actual values are attached. Comparison Type [EQUALS]. Validation Type [POSITIVE]. @30-10-2021 20:14:59.0352 PM
[ReportManager] Successfully created attachment [Validation Test Data - Expected Value] @30-10-2021 20:14:59.0433 PM
[ReportManager] Successfully created attachment [Validation Test Data - Actual Value] @30-10-2021 20:14:59.0474 P

################################################################################################################################################
Starting Execution:	[55 out of 143] test cases in the current suite
Test Method:		[unitTests.tests_validations_assertions.assertEquals_longCharacters_Discreet]
################################################################################################################################################
[ReportManager] Assertion [ValidateEquals] PASSED. Expected [1LH5pROcDBjjQk0t0mCr0lXuzQu9lcGj28kY8R1H81X67eVAQJgWQhILiRWVPUgZ6uCtK5cnBkF55Jr9vYngjGO1Iyf0Mktv6lruDlL9T8MAUPcUZJGHZtji6nIeadujDSNmWMj5d6C8zlFqw0CRqBU0hO5adIasHgBSNoLotAjce3NGXoDwAlp3rYreeV16VIyZXROQY] and Actual [1LH5pROcDBjjQk0t0mCr0lXuzQu9lcGj28kY8R1H81X67eVAQJgWQhILiRWVPUgZ6uCtK5cnBkF55Jr9vYngjGO1Iyf0Mktv6lruDlL9T8MAUPcUZJGHZtji6nIeadujDSNmWMj5d6C8zlFqw0CRqBU0hO5adIasHgBSNoLotAjce3NGXoDwAlp3rYreeV16VIyZXROQY]. Comparison Type [EQUALS]. Validation Type [POSITIVE]. @30-10-2021 20:14:59.0601 P

################################################################################################################################################
Starting Execution:	[56 out of 143] test cases in the current suite
Test Method:		[unitTests.tests_validations_assertions.assertEquals_true_expectedToFail]
################################################################################################################################################
[ReportManager] Assertion [ValidateEquals] FAILED. Expected [1] and Actual [2]. Comparison Type [EQUALS]. Validation Type [POSITIVE]. @30-10-2021 20:14:59.0730 P

################################################################################################################################################
Starting Execution:	[57 out of 143] test cases in the current suite
Test Method:		[unitTests.tests_validations_assertions.assertEquals_true_expectedToPass]
Test Description:	[Assert that assertEquals works as expected when the two values are equal.]
################################################################################################################################################
[ReportManager] Verification [ValidateEquals] PASSED. Expected [1] and Actual [1]. Comparison Type [EQUALS]. Validation Type [POSITIVE]. @30-10-2021 20:14:59.0862 PM
[ReportManager] Assertion [ValidateEquals] PASSED. Expected [1] and Actual [1]. Comparison Type [EQUALS]. Validation Type [POSITIVE]. @30-10-2021 20:14:59.0863 P

################################################################################################################################################
Starting Execution:	[58 out of 143] test cases in the current suite
Test Method:		[unitTests.tests_validations_assertions.assertEquals_true_expectedToPass__]
################################################################################################################################################
[ReportManager] Assertion [ValidateEquals] PASSED. Expected [1] and Actual [1]. Comparison Type [EQUALS]. Validation Type [POSITIVE]. @30-10-2021 20:14:59.0989 P

################################################################################################################################################
Starting Execution:	[59 out of 143] test cases in the current suite
Test Method:		[unitTests.tests_validations_assertions.assertFileExists_false_expectedToFail]
################################################################################################################################################
[ReportManager] File Action [DoesFileExist] successfully performed. With the following test data [File Path: "src/main/java/com/shaft/gui/element/ElementActions.java"]. @30-10-2021 20:15:00.0117 PM
[ReportManager] Assertion [ValidateFileExists] FAILED. Expected [File 'src/main/java/com/shaft/gui/element/ElementActions.java' should not exist, after up to '1' retries] and Actual [File exists]. Validation Type [NEGATIVE]. @30-10-2021 20:15:00.0124 P

################################################################################################################################################
Starting Execution:	[60 out of 143] test cases in the current suite
Test Method:		[unitTests.tests_validations_assertions.assertFileExists_false_expectedToPass]
################################################################################################################################################
[ReportManager] File Action [DoesFileExist] successfully performed. With the following test data [File Path: "src/main/java/com/shaft/gui/element/ElementActions.java_fail"]. @30-10-2021 20:15:00.0792 PM
[ReportManager] Assertion [ValidateFileExists] PASSED. Expected [File 'src/main/java/com/shaft/gui/element/ElementActions.java_fail' should not exist, after up to '1' retries] and Actual [File does not exist]. Validation Type [NEGATIVE]. @30-10-2021 20:15:00.0792 P

################################################################################################################################################
Starting Execution:	[61 out of 143] test cases in the current suite
Test Method:		[unitTests.tests_validations_assertions.assertFileExists_true_expectedToFail]
################################################################################################################################################
[ReportManager] File Action [DoesFileExist] successfully performed. With the following test data [File Path: "src/main/java/com/shaft/gui/element/ElementActions.java_fail"]. @30-10-2021 20:15:01.0477 PM
[ReportManager] Assertion [ValidateFileExists] FAILED. Expected [File 'src/main/java/com/shaft/gui/element/ElementActions.java_fail' should exist, after up to '1' retries] and Actual [File does not exist]. Validation Type [POSITIVE]. @30-10-2021 20:15:01.0477 P

################################################################################################################################################
Starting Execution:	[62 out of 143] test cases in the current suite
Test Method:		[unitTests.tests_validations_assertions.assertFileExists_true_expectedToPass]
################################################################################################################################################
[ReportManager] File Action [DoesFileExist] successfully performed. With the following test data [File Path: "src/main/java/com/shaft/gui/element/ElementActions.java"]. @30-10-2021 20:15:01.0603 PM
[ReportManager] Assertion [ValidateFileExists] PASSED. Expected [File 'src/main/java/com/shaft/gui/element/ElementActions.java' should exist, after up to '1' retries] and Actual [File exists]. Validation Type [POSITIVE]. @30-10-2021 20:15:01.0604 P

################################################################################################################################################
Starting Execution:	[63 out of 143] test cases in the current suite
Test Method:		[unitTests.tests_validations_assertions.assertNull_false_expectedToFail]
################################################################################################################################################
[ReportManager] Assertion [ValidateNull] FAILED. Expected [NULL] and Actual [NULL]. Comparison Type [EQUALS]. Validation Type [NEGATIVE]. @30-10-2021 20:15:01.0730 P

################################################################################################################################################
Starting Execution:	[64 out of 143] test cases in the current suite
Test Method:		[unitTests.tests_validations_assertions.assertNull_false_expectedToPass]
################################################################################################################################################
[ReportManager] Assertion [ValidateNull] PASSED. Expected [NULL] and Actual [1]. Comparison Type [EQUALS]. Validation Type [NEGATIVE]. @30-10-2021 20:15:01.0856 P

################################################################################################################################################
Starting Execution:	[65 out of 143] test cases in the current suite
Test Method:		[unitTests.tests_validations_assertions.assertNull_true_expectedToFail]
################################################################################################################################################
[ReportManager] Assertion [ValidateNull] FAILED. Expected [NULL] and Actual [1]. Comparison Type [EQUALS]. Validation Type [POSITIVE]. @30-10-2021 20:15:01.0982 P

################################################################################################################################################
Starting Execution:	[66 out of 143] test cases in the current suite
Test Method:		[unitTests.tests_validations_assertions.assertNull_true_expectedToPass]
################################################################################################################################################
[ReportManager] Assertion [ValidateNull] PASSED. Expected [NULL] and Actual [NULL]. Comparison Type [EQUALS]. Validation Type [POSITIVE]. @30-10-2021 20:15:02.0109 P

################################################################################################################################################
Starting Execution:	[67 out of 143] test cases in the current suite
Test Method:		[unitTests.tests_restActions.getPostsAndAssertBodyForSpecificTitle]
################################################################################################################################################
[ReportManager] Response status code: [200], status line: [HTTP/1.1 200 OK] @30-10-2021 20:15:04.0622 PM
[ReportManager] Assertion Passed: Evaluating the actual response status code against the expected one... @30-10-2021 20:15:04.0623 PM
[ReportManager] Assertion [ValidateEquals] PASSED. Expected [200] and Actual [200]. Comparison Type [EQUALS]. Validation Type [POSITIVE]. @30-10-2021 20:15:04.0623 PM
[ReportManager] API Action [PerformRequest] successfully performed. With the following test data [Request Type: "GET" | Target Status Code: "200" | Service URL: "https://jsonplaceholder.typicode.com/posts" | Content Type: "*/*" | Response Time: "733ms"]. @30-10-2021 20:15:05.0969 PM
[ReportManager] Successfully created attachment [API Request - Specifications] @30-10-2021 20:15:06.0013 PM
[ReportManager] Successfully created attachment [API Response - JSON Body] @30-10-2021 20:15:06.0339 PM
[ReportManager] API Action [GetResponseJSONValueAsList] successfully performed. @30-10-2021 20:15:06.0368 PM
[ReportManager] API Action [GetResponseJSONValue] successfully performed. With the following test data [title]. @30-10-2021 20:15:06.0393 PM
[ReportManager] API Action [GetResponseJSONValue] successfully performed. With the following test data [title]. @30-10-2021 20:15:06.0410 PM
[ReportManager] API Action [GetResponseJSONValue] successfully performed. With the following test data [body]. @30-10-2021 20:15:06.0426 PM
[ReportManager] Assertion [ValidateEquals] PASSED. Expected [qui neque nisi nulla] and Actual [est rerum tempore vitae
sequi sint nihil reprehenderit dolor beatae ea dolores neque
fugiat blanditiis voluptate porro vel nihil molestiae ut reiciendis
qui aperiam non debitis possimus qui neque nisi nulla]. Comparison Type [CONTAINS]. Validation Type [POSITIVE]. @30-10-2021 20:15:06.0427 PM
[ReportManager] API Action [GetResponseJSONValue] successfully performed. With the following test data [title]. @30-10-2021 20:15:06.0442 PM
[ReportManager] API Action [GetResponseJSONValue] successfully performed. With the following test data [title]. @30-10-2021 20:15:06.0458 PM
[ReportManager] API Action [GetResponseJSONValue] successfully performed. With the following test data [title]. @30-10-2021 20:15:06.0472 PM
[ReportManager] API Action [GetResponseJSONValue] successfully performed. With the following test data [title]. @30-10-2021 20:15:06.0489 PM
[ReportManager] API Action [GetResponseJSONValue] successfully performed. With the following test data [title]. @30-10-2021 20:15:06.0505 PM
[ReportManager] API Action [GetResponseJSONValue] successfully performed. With the following test data [title]. @30-10-2021 20:15:06.0522 PM
[ReportManager] API Action [GetResponseJSONValue] successfully performed. With the following test data [title]. @30-10-2021 20:15:06.0539 PM
[ReportManager] API Action [GetResponseJSONValue] successfully performed. With the following test data [title]. @30-10-2021 20:15:06.0554 PM
[ReportManager] API Action [GetResponseJSONValue] successfully performed. With the following test data [title]. @30-10-2021 20:15:06.0572 PM
[ReportManager] API Action [GetResponseJSONValue] successfully performed. With the following test data [title]. @30-10-2021 20:15:06.0588 PM
[ReportManager] API Action [GetResponseJSONValue] successfully performed. With the following test data [title]. @30-10-2021 20:15:06.0607 PM
[ReportManager] API Action [GetResponseJSONValue] successfully performed. With the following test data [title]. @30-10-2021 20:15:06.0625 PM
[ReportManager] API Action [GetResponseJSONValue] successfully performed. With the following test data [title]. @30-10-2021 20:15:06.0642 PM
[ReportManager] API Action [GetResponseJSONValue] successfully performed. With the following test data [title]. @30-10-2021 20:15:06.0661 PM
[ReportManager] API Action [GetResponseJSONValue] successfully performed. With the following test data [title]. @30-10-2021 20:15:06.0676 PM
[ReportManager] API Action [GetResponseJSONValue] successfully performed. With the following test data [title]. @30-10-2021 20:15:06.0694 PM
[ReportManager] API Action [GetResponseJSONValue] successfully performed. With the following test data [title]. @30-10-2021 20:15:06.0710 PM
[ReportManager] API Action [GetResponseJSONValue] successfully performed. With the following test data [title]. @30-10-2021 20:15:06.0725 PM
[ReportManager] API Action [GetResponseJSONValue] successfully performed. With the following test data [title]. @30-10-2021 20:15:06.0738 PM
[ReportManager] API Action [GetResponseJSONValue] successfully performed. With the following test data [title]. @30-10-2021 20:15:06.0751 PM
[ReportManager] API Action [GetResponseJSONValue] successfully performed. With the following test data [title]. @30-10-2021 20:15:06.0783 PM
[ReportManager] API Action [GetResponseJSONValue] successfully performed. With the following test data [title]. @30-10-2021 20:15:06.0799 PM
[ReportManager] API Action [GetResponseJSONValue] successfully performed. With the following test data [title]. @30-10-2021 20:15:06.0816 PM
[ReportManager] API Action [GetResponseJSONValue] successfully performed. With the following test data [title]. @30-10-2021 20:15:06.0829 PM
[ReportManager] API Action [GetResponseJSONValue] successfully performed. With the following test data [title]. @30-10-2021 20:15:06.0842 PM
[ReportManager] API Action [GetResponseJSONValue] successfully performed. With the following test data [title]. @30-10-2021 20:15:06.0855 PM
[ReportManager] API Action [GetResponseJSONValue] successfully performed. With the following test data [title]. @30-10-2021 20:15:06.0871 PM
[ReportManager] API Action [GetResponseJSONValue] successfully performed. With the following test data [title]. @30-10-2021 20:15:06.0884 PM
[ReportManager] API Action [GetResponseJSONValue] successfully performed. With the following test data [title]. @30-10-2021 20:15:06.0898 PM
[ReportManager] API Action [GetResponseJSONValue] successfully performed. With the following test data [title]. @30-10-2021 20:15:06.0912 PM
[ReportManager] API Action [GetResponseJSONValue] successfully performed. With the following test data [title]. @30-10-2021 20:15:06.0925 PM
[ReportManager] API Action [GetResponseJSONValue] successfully performed. With the following test data [title]. @30-10-2021 20:15:06.0938 PM
[ReportManager] API Action [GetResponseJSONValue] successfully performed. With the following test data [title]. @30-10-2021 20:15:06.0954 PM
[ReportManager] API Action [GetResponseJSONValue] successfully performed. With the following test data [title]. @30-10-2021 20:15:06.0967 PM
[ReportManager] API Action [GetResponseJSONValue] successfully performed. With the following test data [title]. @30-10-2021 20:15:06.0979 PM
[ReportManager] API Action [GetResponseJSONValue] successfully performed. With the following test data [title]. @30-10-2021 20:15:06.0990 PM
[ReportManager] API Action [GetResponseJSONValue] successfully performed. With the following test data [title]. @30-10-2021 20:15:07.0004 PM
[ReportManager] API Action [GetResponseJSONValue] successfully performed. With the following test data [title]. @30-10-2021 20:15:07.0017 PM
[ReportManager] API Action [GetResponseJSONValue] successfully performed. With the following test data [title]. @30-10-2021 20:15:07.0030 PM
[ReportManager] API Action [GetResponseJSONValue] successfully performed. With the following test data [title]. @30-10-2021 20:15:07.0043 PM
[ReportManager] API Action [GetResponseJSONValue] successfully performed. With the following test data [title]. @30-10-2021 20:15:07.0055 PM
[ReportManager] API Action [GetResponseJSONValue] successfully performed. With the following test data [title]. @30-10-2021 20:15:07.0068 PM
[ReportManager] API Action [GetResponseJSONValue] successfully performed. With the following test data [title]. @30-10-2021 20:15:07.0082 PM
[ReportManager] API Action [GetResponseJSONValue] successfully performed. With the following test data [title]. @30-10-2021 20:15:07.0098 PM
[ReportManager] API Action [GetResponseJSONValue] successfully performed. With the following test data [title]. @30-10-2021 20:15:07.0113 PM
[ReportManager] API Action [GetResponseJSONValue] successfully performed. With the following test data [title]. @30-10-2021 20:15:07.0125 PM
[ReportManager] API Action [GetResponseJSONValue] successfully performed. With the following test data [title]. @30-10-2021 20:15:07.0138 PM
[ReportManager] API Action [GetResponseJSONValue] successfully performed. With the following test data [title]. @30-10-2021 20:15:07.0153 PM
[ReportManager] API Action [GetResponseJSONValue] successfully performed. With the following test data [title]. @30-10-2021 20:15:07.0169 PM
[ReportManager] API Action [GetResponseJSONValue] successfully performed. With the following test data [title]. @30-10-2021 20:15:07.0189 PM
[ReportManager] API Action [GetResponseJSONValue] successfully performed. With the following test data [title]. @30-10-2021 20:15:07.0249 PM
[ReportManager] API Action [GetResponseJSONValue] successfully performed. With the following test data [title]. @30-10-2021 20:15:07.0279 PM
[ReportManager] API Action [GetResponseJSONValue] successfully performed. With the following test data [title]. @30-10-2021 20:15:07.0296 PM
[ReportManager] API Action [GetResponseJSONValue] successfully performed. With the following test data [title]. @30-10-2021 20:15:07.0314 PM
[ReportManager] API Action [GetResponseJSONValue] successfully performed. With the following test data [title]. @30-10-2021 20:15:07.0340 PM
[ReportManager] API Action [GetResponseJSONValue] successfully performed. With the following test data [title]. @30-10-2021 20:15:07.0358 PM
[ReportManager] API Action [GetResponseJSONValue] successfully performed. With the following test data [title]. @30-10-2021 20:15:07.0383 PM
[ReportManager] API Action [GetResponseJSONValue] successfully performed. With the following test data [title]. @30-10-2021 20:15:07.0408 PM
[ReportManager] API Action [GetResponseJSONValue] successfully performed. With the following test data [title]. @30-10-2021 20:15:07.0436 PM
[ReportManager] API Action [GetResponseJSONValue] successfully performed. With the following test data [title]. @30-10-2021 20:15:07.0493 PM
[ReportManager] API Action [GetResponseJSONValue] successfully performed. With the following test data [title]. @30-10-2021 20:15:07.0511 PM
[ReportManager] API Action [GetResponseJSONValue] successfully performed. With the following test data [title]. @30-10-2021 20:15:07.0531 PM
[ReportManager] API Action [GetResponseJSONValue] successfully performed. With the following test data [title]. @30-10-2021 20:15:07.0549 PM
[ReportManager] API Action [GetResponseJSONValue] successfully performed. With the following test data [title]. @30-10-2021 20:15:07.0578 PM
[ReportManager] API Action [GetResponseJSONValue] successfully performed. With the following test data [title]. @30-10-2021 20:15:07.0598 PM
[ReportManager] API Action [GetResponseJSONValue] successfully performed. With the following test data [title]. @30-10-2021 20:15:07.0625 PM
[ReportManager] API Action [GetResponseJSONValue] successfully performed. With the following test data [title]. @30-10-2021 20:15:07.0647 PM
[ReportManager] API Action [GetResponseJSONValue] successfully performed. With the following test data [title]. @30-10-2021 20:15:07.0667 PM
[ReportManager] API Action [GetResponseJSONValue] successfully performed. With the following test data [title]. @30-10-2021 20:15:07.0688 PM
[ReportManager] API Action [GetResponseJSONValue] successfully performed. With the following test data [title]. @30-10-2021 20:15:07.0711 PM
[ReportManager] API Action [GetResponseJSONValue] successfully performed. With the following test data [title]. @30-10-2021 20:15:07.0736 PM
[ReportManager] API Action [GetResponseJSONValue] successfully performed. With the following test data [title]. @30-10-2021 20:15:07.0759 PM
[ReportManager] API Action [GetResponseJSONValue] successfully performed. With the following test data [title]. @30-10-2021 20:15:07.0783 PM
[ReportManager] API Action [GetResponseJSONValue] successfully performed. With the following test data [title]. @30-10-2021 20:15:07.0800 PM
[ReportManager] API Action [GetResponseJSONValue] successfully performed. With the following test data [title]. @30-10-2021 20:15:07.0825 PM
[ReportManager] API Action [GetResponseJSONValue] successfully performed. With the following test data [title]. @30-10-2021 20:15:07.0847 PM
[ReportManager] API Action [GetResponseJSONValue] successfully performed. With the following test data [title]. @30-10-2021 20:15:07.0871 PM
[ReportManager] API Action [GetResponseJSONValue] successfully performed. With the following test data [title]. @30-10-2021 20:15:07.0889 PM
[ReportManager] API Action [GetResponseJSONValue] successfully performed. With the following test data [title]. @30-10-2021 20:15:07.0911 PM
[ReportManager] API Action [GetResponseJSONValue] successfully performed. With the following test data [title]. @30-10-2021 20:15:07.0935 PM
[ReportManager] API Action [GetResponseJSONValue] successfully performed. With the following test data [title]. @30-10-2021 20:15:07.0962 PM
[ReportManager] API Action [GetResponseJSONValue] successfully performed. With the following test data [title]. @30-10-2021 20:15:07.0982 PM
[ReportManager] API Action [GetResponseJSONValue] successfully performed. With the following test data [title]. @30-10-2021 20:15:08.0005 PM
[ReportManager] API Action [GetResponseJSONValue] successfully performed. With the following test data [title]. @30-10-2021 20:15:08.0024 PM
[ReportManager] API Action [GetResponseJSONValue] successfully performed. With the following test data [title]. @30-10-2021 20:15:08.0040 PM
[ReportManager] API Action [GetResponseJSONValue] successfully performed. With the following test data [title]. @30-10-2021 20:15:08.0055 PM
[ReportManager] API Action [GetResponseJSONValue] successfully performed. With the following test data [title]. @30-10-2021 20:15:08.0072 PM
[ReportManager] API Action [GetResponseJSONValue] successfully performed. With the following test data [title]. @30-10-2021 20:15:08.0091 PM
[ReportManager] API Action [GetResponseJSONValue] successfully performed. With the following test data [title]. @30-10-2021 20:15:08.0111 PM
[ReportManager] API Action [GetResponseJSONValue] successfully performed. With the following test data [title]. @30-10-2021 20:15:08.0134 PM
[ReportManager] API Action [GetResponseJSONValue] successfully performed. With the following test data [title]. @30-10-2021 20:15:08.0160 PM
[ReportManager] API Action [GetResponseJSONValue] successfully performed. With the following test data [title]. @30-10-2021 20:15:08.0178 PM
[ReportManager] API Action [GetResponseJSONValue] successfully performed. With the following test data [title]. @30-10-2021 20:15:08.0194 PM
[ReportManager] API Action [GetResponseJSONValue] successfully performed. With the following test data [title]. @30-10-2021 20:15:08.0217 PM
[ReportManager] API Action [GetResponseJSONValue] successfully performed. With the following test data [title]. @30-10-2021 20:15:08.0244 PM
[ReportManager] API Action [GetResponseJSONValue] successfully performed. With the following test data [title]. @30-10-2021 20:15:08.0278 PM
[ReportManager] API Action [GetResponseJSONValue] successfully performed. With the following test data [title]. @30-10-2021 20:15:08.0299 PM
[ReportManager] API Action [GetResponseJSONValue] successfully performed. With the following test data [title]. @30-10-2021 20:15:08.0314 P

################################################################################################################################################
Starting Execution:	[68 out of 143] test cases in the current suite
Test Method:		[unitTests.tests_restActions.validateUserEmail]
################################################################################################################################################
[ReportManager] Response status code: [200], status line: [HTTP/1.1 200 OK] @30-10-2021 20:15:08.0489 PM
[ReportManager] Assertion Passed: Evaluating the actual response status code against the expected one... @30-10-2021 20:15:08.0490 PM
[ReportManager] Assertion [ValidateEquals] PASSED. Expected [200] and Actual [200]. Comparison Type [EQUALS]. Validation Type [POSITIVE]. @30-10-2021 20:15:08.0490 PM
[ReportManager] API Action [PerformRequest] successfully performed. With the following test data [Request Type: "GET" | Target Status Code: "200" | Service URL: "https://jsonplaceholder.typicode.com/users" | Content Type: "*/*" | Response Time: "42ms"]. @30-10-2021 20:15:08.0513 PM
[ReportManager] Successfully created attachment [API Request - Specifications] @30-10-2021 20:15:08.0555 PM
[ReportManager] Successfully created attachment [API Response - JSON Body] @30-10-2021 20:15:08.0636 PM
[ReportManager] Assertion [ValidateEquals] PASSED. Expected and Actual values are attached. Comparison Type [CONTAINS]. Validation Type [POSITIVE]. @30-10-2021 20:15:08.0637 PM
[ReportManager] Successfully created attachment [Validation Test Data - Expected Value] @30-10-2021 20:15:08.0679 PM
[ReportManager] Successfully created attachment [Validation Test Data - Actual Value] @30-10-2021 20:15:08.0763 PM
[ReportManager] API Action [GetResponseJSONValueAsList] successfully performed. With the following test data [$]. @30-10-2021 20:15:08.0773 PM
[ReportManager] API Action [GetResponseJSONValue] successfully performed. With the following test data [name]. @30-10-2021 20:15:08.0787 PM
[ReportManager] API Action [GetResponseJSONValue] successfully performed. With the following test data [email]. @30-10-2021 20:15:08.0799 PM
[ReportManager] Assertion [ValidateEquals] PASSED. Expected [Sincere@april.biz] and Actual [Sincere@april.biz]. Comparison Type [EQUALS]. Validation Type [POSITIVE]. @30-10-2021 20:15:08.0799 PM
[ReportManager] API Action [GetResponseJSONValue] successfully performed. With the following test data [name]. @30-10-2021 20:15:08.0811 PM
[ReportManager] API Action [GetResponseJSONValue] successfully performed. With the following test data [name]. @30-10-2021 20:15:08.0822 PM
[ReportManager] API Action [GetResponseJSONValue] successfully performed. With the following test data [name]. @30-10-2021 20:15:08.0836 PM
[ReportManager] API Action [GetResponseJSONValue] successfully performed. With the following test data [name]. @30-10-2021 20:15:08.0847 PM
[ReportManager] API Action [GetResponseJSONValue] successfully performed. With the following test data [name]. @30-10-2021 20:15:08.0857 PM
[ReportManager] API Action [GetResponseJSONValue] successfully performed. With the following test data [name]. @30-10-2021 20:15:08.0869 PM
[ReportManager] API Action [GetResponseJSONValue] successfully performed. With the following test data [name]. @30-10-2021 20:15:08.0882 PM
[ReportManager] API Action [GetResponseJSONValue] successfully performed. With the following test data [name]. @30-10-2021 20:15:08.0908 PM
[ReportManager] API Action [GetResponseJSONValue] successfully performed. With the following test data [name]. @30-10-2021 20:15:08.0920 P
[ReportManager] File Action [GetAbsolutePath] successfully performed. With the following test data [Relative Folder Path: "target/downloadedFiles/"]. @30-10-2021 20:15:09.0046 PM
[ReportManager] Attempting to run locally on: [Mac-64], [Safari], Headless Execution. @30-10-2021 20:15:09.0047 PM
[ReportManager] Successfully Opened Safari. @30-10-2021 20:15:09.0873 PM
[ReportManager] Initial window size: (800, 600) @30-10-2021 20:15:09.0910 PM
[ReportManager] Window size after SWD Maximize: (1176, 811) @30-10-2021 20:15:09.0983 PM
[ReportManager] Browser Action [MaximizeWindow] successfully performed. With the following test data [New screen size is now: (1176, 811)]. @30-10-2021 20:15:09.0984 P

################################################################################################################################################
Starting Execution:	[69 out of 143] test cases in the current suite
Test Method:		[testPackage01.Test_uploadFile.uploadFile_invisibleUploadInput]
################################################################################################################################################
[ReportManager] Target URL: [https://fineuploader.com/demos.html#gallery-view] @30-10-2021 20:15:10.0110 PM
[ReportManager] Initial URL: [] @30-10-2021 20:15:10.0147 PM
[ReportManager] Browser Action [NavigateToURL] successfully performed. With the following test data [https://fineuploader.com/demos.html#gallery-view]. @30-10-2021 20:15:11.0454 PM
[ReportManager] File Action [GetAbsolutePath] successfully performed. With the following test data [Relative File Path: "src/main/resources/images/shaft.png"]. @30-10-2021 20:15:11.0455 PM
[ReportManager] Successfully created attachment [File Action Actual Result - Command Log] @30-10-2021 20:15:11.0499 P
[ReportManager] Browser Action [CloseCurrentWindow] successfully performed. @30-10-2021 20:15:11.0877 PM
[ReportManager] Successfully created attachment [Browser Action Test Data - CloseCurrentWindow - Actual Value] @30-10-2021 20:15:11.0926 P
[ReportManager] File Action [GetAbsolutePath] successfully performed. With the following test data [Relative Folder Path: "target/downloadedFiles/"]. @30-10-2021 20:15:12.0098 PM
[ReportManager] Attempting to run locally on: [Mac-64], [Safari], Headless Execution. @30-10-2021 20:15:12.0098 PM
[ReportManager] Successfully Opened Safari. @30-10-2021 20:15:12.0928 PM
[ReportManager] Initial window size: (800, 600) @30-10-2021 20:15:12.0942 PM
[ReportManager] Window size after SWD Maximize: (1176, 811) @30-10-2021 20:15:12.0972 PM
[ReportManager] Browser Action [MaximizeWindow] successfully performed. With the following test data [New screen size is now: (1176, 811)]. @30-10-2021 20:15:12.0973 P

################################################################################################################################################
Starting Execution:	[70 out of 143] test cases in the current suite
Test Method:		[testPackage01.Test_uploadFile.uploadFile_visibleUploadInput]
################################################################################################################################################
[ReportManager] Target URL: [http://demo.guru99.com/test/upload/] @30-10-2021 20:15:13.0098 PM
[ReportManager] Initial URL: [] @30-10-2021 20:15:13.0141 PM
[ReportManager] Browser Action [NavigateToURL] successfully performed. With the following test data [http://demo.guru99.com/test/upload/]. @30-10-2021 20:15:14.0332 PM
[ReportManager] File Action [GetAbsolutePath] successfully performed. With the following test data [Relative File Path: "src/main/resources/images/shaft.png"]. @30-10-2021 20:15:14.0333 PM
[ReportManager] Successfully created attachment [File Action Actual Result - Command Log] @30-10-2021 20:15:14.0374 PM
[ReportManager] Element Action [TypeFileLocationForUpload] successfully performed. With the following test data [/Users/runner/work/SHAFT_ENGINE/SHAFT_ENGINE/src/main/resources/images/shaft.png]. @30-10-2021 20:15:14.0427 PM
[ReportManager] Element Action [Click] successfully performed. With the following test data [on]. @30-10-2021 20:15:14.0753 PM
[ReportManager] Element Action [Click] successfully performed. With the following test data [ Submit File]. @30-10-2021 20:15:16.0034 PM
[ReportManager] Element Action [GetText] successfully performed. With the following test data [1 file has been successfully uploaded.]. @30-10-2021 20:15:16.0661 PM
[ReportManager] Loaded Shared OpenCV @30-10-2021 20:15:16.0721 PM
[ReportManager] Assertion [ValidateElementAttribute] PASSED. Expected [Value Should be '1 file' for the 'Text' attribute, element locator 'By.id: res'] and Actual [1 file has been successfully uploaded.]. Comparison Type [CONTAINS]. Validation Type [POSITIVE]. @30-10-2021 20:15:17.0024 PM
[ReportManager] Successfully created attachment [Screenshot - 1635624916721_uploadFile_visibleUploadInput_ValidateElementAttribute_passed] @30-10-2021 20:15:17.0106 P
[ReportManager] Browser Action [CloseCurrentWindow] successfully performed. @30-10-2021 20:15:17.0358 PM
[ReportManager] Successfully created attachment [Browser Action Test Data - CloseCurrentWindow - Actual Value] @30-10-2021 20:15:17.0358 P

################################################################################################################################################
Starting Execution:	[71 out of 143] test cases in the current suite
Test Method:		[testPackage01.Test_AssertApiResponseEquals.assertApiResponseEquals_expectedToPass]
################################################################################################################################################
[ReportManager] Response status code: [200], status line: [HTTP/1.1 200 OK] @30-10-2021 20:15:17.0414 PM
[ReportManager] Assertion Passed: Evaluating the actual response status code against the expected one... @30-10-2021 20:15:17.0414 PM
[ReportManager] Assertion [ValidateEquals] PASSED. Expected [200] and Actual [200]. Comparison Type [EQUALS]. Validation Type [POSITIVE]. @30-10-2021 20:15:17.0414 PM
[ReportManager] API Action [PerformRequest] successfully performed. With the following test data [Request Type: "GET" | Target Status Code: "200" | Service URL: "https://jsonplaceholder.typicode.com/users" | Content Type: "*/*" | Response Time: "43ms"]. @30-10-2021 20:15:17.0470 PM
[ReportManager] Successfully created attachment [API Request - Specifications] @30-10-2021 20:15:17.0511 PM
[ReportManager] Successfully created attachment [API Response - JSON Body] @30-10-2021 20:15:17.0512 PM
[ReportManager] API Action [GetResponseJSONValueAsList] successfully performed. With the following test data [$]. @30-10-2021 20:15:17.0519 PM
[ReportManager] API Action [GetResponseJSONValue] successfully performed. With the following test data [name]. @30-10-2021 20:15:17.0534 PM
[ReportManager] API Action [GetResponseJSONValue] successfully performed. With the following test data [email]. @30-10-2021 20:15:17.0551 PM
[ReportManager] Verification [ValidateEquals] PASSED. Expected [Sincere@april.biz] and Actual [Sincere@april.biz]. Comparison Type [EQUALS]. Validation Type [POSITIVE]. @30-10-2021 20:15:17.0552 PM
[ReportManager] API Action [GetResponseJSONValue] successfully performed. With the following test data [username]. @30-10-2021 20:15:17.0570 PM
[ReportManager] Assertion [ValidateEquals] PASSED. Expected [Bret] and Actual [Bret]. Comparison Type [EQUALS]. Validation Type [POSITIVE]. @30-10-2021 20:15:17.0570 PM
[ReportManager] API Action [GetResponseJSONValue] successfully performed. With the following test data [name]. @30-10-2021 20:15:17.0603 PM
[ReportManager] API Action [GetResponseJSONValue] successfully performed. With the following test data [name]. @30-10-2021 20:15:17.0618 PM
[ReportManager] API Action [GetResponseJSONValue] successfully performed. With the following test data [name]. @30-10-2021 20:15:17.0656 PM
[ReportManager] API Action [GetResponseJSONValue] successfully performed. With the following test data [name]. @30-10-2021 20:15:17.0669 PM
[ReportManager] API Action [GetResponseJSONValue] successfully performed. With the following test data [name]. @30-10-2021 20:15:17.0682 PM
[ReportManager] API Action [GetResponseJSONValue] successfully performed. With the following test data [name]. @30-10-2021 20:15:17.0694 PM
[ReportManager] API Action [GetResponseJSONValue] successfully performed. With the following test data [name]. @30-10-2021 20:15:17.0708 PM
[ReportManager] API Action [GetResponseJSONValue] successfully performed. With the following test data [name]. @30-10-2021 20:15:17.0721 PM
[ReportManager] API Action [GetResponseJSONValue] successfully performed. With the following test data [name]. @30-10-2021 20:15:17.0739 P

################################################################################################################################################
Starting Execution:	[72 out of 143] test cases in the current suite
Test Method:		[testPackage01.Test_testData.f]
################################################################################################################################################
[ReportManager] Successfully loaded the following test data file [src/test/resources/TestDataFiles/testSuite01/TestData.xlsx]. @30-10-2021 20:15:17.0927 PM
[ReportManager] Successfully created attachment [Test Data - Excel] @30-10-2021 20:15:17.0968 PM
[ReportManager] Last Column Number is: [3]. Zero-based. @30-10-2021 20:15:17.0969 P

################################################################################################################################################
Starting Execution:	[73 out of 143] test cases in the current suite
Test Method:		[testPackage01.Test_PDF.testPDF_Downloaded]
################################################################################################################################################
[ReportManager] File Action [DoesFileExist] successfully performed. With the following test data [File Path: "src/test/resources/TestDataFiles/sample.pdf"]. @30-10-2021 20:15:18.0103 PM
[ReportManager] File Action [GetAbsolutePath] successfully performed. With the following test data [Relative File Path: "src/test/resources/TestDataFiles/sample.pdf"]. @30-10-2021 20:15:18.0103 PM
[ReportManager] Assertion [ValidateTrue] PASSED. Expected [TRUE] and Actual [TRUE]. Validation Type [POSITIVE]. @30-10-2021 20:16:33.0328 P
[ReportManager] File Action [GetAbsolutePath] successfully performed. With the following test data [Relative Folder Path: "target/downloadedFiles/"]. @30-10-2021 20:16:33.0454 PM
[ReportManager] Attempting to run locally on: [Mac-64], [Safari], Headless Execution. @30-10-2021 20:16:33.0455 PM
[ReportManager] Successfully Opened Safari. @30-10-2021 20:16:34.0284 PM
[ReportManager] Initial window size: (800, 600) @30-10-2021 20:16:34.0297 PM
[ReportManager] Window size after SWD Maximize: (1176, 811) @30-10-2021 20:16:34.0342 PM
[ReportManager] Browser Action [MaximizeWindow] successfully performed. With the following test data [New screen size is now: (1176, 811)]. @30-10-2021 20:16:34.0342 P

################################################################################################################################################
Starting Execution:	[74 out of 143] test cases in the current suite
Test Method:		[testPackage01.Test_ShadowDOM.shadowdom]
################################################################################################################################################
[ReportManager] Target URL: [https://mdn.github.io/web-components-examples/popup-info-box-web-component/] @30-10-2021 20:16:34.0470 PM
[ReportManager] Initial URL: [] @30-10-2021 20:16:34.0514 PM
[ReportManager] Browser Action [NavigateToURL] successfully performed. With the following test data [https://mdn.github.io/web-components-examples/popup-info-box-web-component/]. @30-10-2021 20:16:34.0821 PM
[ReportManager] Element Action [Type] successfully performed. With the following test data [Typing into SHADOW DOM...]. @30-10-2021 20:16:35.0700 PM
[ReportManager] Element Action [GetText] successfully performed. With the following test data [Typing into SHADOW DOM...]. @30-10-2021 20:16:35.0758 PM
[ReportManager] Loaded Shared OpenCV @30-10-2021 20:16:35.0805 PM
[ReportManager] Assertion [ValidateElementAttribute] PASSED. Expected [Value Should be 'Typing into SHADOW DOM...' for the 'Text' attribute, element locator 'By.id: cvc'] and Actual [Typing into SHADOW DOM...]. Comparison Type [EQUALS]. Validation Type [POSITIVE]. @30-10-2021 20:16:36.0152 PM
[ReportManager] Successfully created attachment [Screenshot - 1635624995805_shadowdom_ValidateElementAttribute_passed] @30-10-2021 20:16:36.0235 P
[ReportManager] Browser Action [CloseCurrentWindow] successfully performed. @30-10-2021 20:16:36.0454 PM
[ReportManager] Successfully created attachment [Browser Action Test Data - CloseCurrentWindow - Actual Value] @30-10-2021 20:16:36.0496 P
[ReportManager] File Action [GetAbsolutePath] successfully performed. With the following test data [Relative Folder Path: "target/downloadedFiles/"]. @30-10-2021 20:16:36.0618 PM
[ReportManager] Attempting to run locally on: [Mac-64], [Safari], Headless Execution. @30-10-2021 20:16:36.0619 PM
[ReportManager] Successfully Opened Safari. @30-10-2021 20:16:37.0521 PM
[ReportManager] Initial window size: (800, 600) @30-10-2021 20:16:37.0573 PM
[ReportManager] Window size after SWD Maximize: (1176, 811) @30-10-2021 20:16:37.0593 PM
[ReportManager] Browser Action [MaximizeWindow] successfully performed. With the following test data [New screen size is now: (1176, 811)]. @30-10-2021 20:16:37.0621 P

################################################################################################################################################
Starting Execution:	[75 out of 143] test cases in the current suite
Test Method:		[testPackage01.Test_clipboardActions.typeTextAndCopyPaste]
################################################################################################################################################
[ReportManager] Target URL: [https://www.google.com/ncr], and after redirection: [https://www.google.com] @30-10-2021 20:16:37.0666 PM
[ReportManager] Initial URL: [] @30-10-2021 20:16:37.0702 PM
[ReportManager] Browser Action [NavigateToURL] successfully performed. With the following test data [https://www.google.com/ncr]. @30-10-2021 20:16:38.0596 PM
[ReportManager] Element Action [Type] successfully performed. With the following test data [FIRST]. @30-10-2021 20:16:38.0969 P
[ReportManager] Browser Action [CloseCurrentWindow] successfully performed. @30-10-2021 20:16:39.0193 PM
[ReportManager] Successfully created attachment [Browser Action Test Data - CloseCurrentWindow - Actual Value] @30-10-2021 20:16:39.0242 P

################################################################################################################################################
Starting Execution:	[76 out of 143] test cases in the current suite
Test Method:		[testPackage01.Test_NewValidationHelper.f1]
################################################################################################################################################
[ReportManager] Assertion Passed: Checking valid user data @30-10-2021 20:16:39.0328 PM
[ReportManager] Successfully created attachment [Validation Test Data - Expected Value] @30-10-2021 20:16:39.0410 PM
[ReportManager] Successfully created attachment [Validation Test Data - Actual Value] @30-10-2021 20:16:39.0452 PM
[ReportManager] Assertion [ValidateEquals] PASSED. Expected and Actual values are attached. Comparison Type [EQUALS]. Validation Type [POSITIVE]. @30-10-2021 20:16:39.0452 P
[ReportManager] File Action [GetAbsolutePath] successfully performed. With the following test data [Relative Folder Path: "target/downloadedFiles/"]. @30-10-2021 20:16:39.0578 PM
[ReportManager] Attempting to run locally on: [Mac-64], [Safari], Headless Execution. @30-10-2021 20:16:39.0578 PM
[ReportManager] Successfully Opened Safari. @30-10-2021 20:16:40.0483 PM
[ReportManager] Initial window size: (800, 600) @30-10-2021 20:16:40.0489 PM
[ReportManager] Window size after SWD Maximize: (1176, 811) @30-10-2021 20:16:40.0514 PM
[ReportManager] Browser Action [MaximizeWindow] successfully performed. With the following test data [New screen size is now: (1176, 811)]. @30-10-2021 20:16:40.0514 PM
[ReportManager] Target URL: [https://the-internet.herokuapp.com/] @30-10-2021 20:16:40.0514 PM
[ReportManager] Initial URL: [] @30-10-2021 20:16:40.0571 PM
[ReportManager] Browser Action [NavigateToURL] successfully performed. With the following test data [https://the-internet.herokuapp.com/]. @30-10-2021 20:16:41.0074 P

################################################################################################################################################
Starting Execution:	[77 out of 143] test cases in the current suite
Test Method:		[testPackage01.Test_NewValidationHelper.f10]
################################################################################################################################################
[ReportManager] Assertion [ValidateElementExists] FAILED. Expected [Element Should Exist, locator 'By.tagName: div'] and Actual [Element Exists but is not unique]. Comparison Type [EQUALS]. Validation Type [POSITIVE]. @30-10-2021 20:16:41.0530 PM
[ReportManager] Successfully created attachment [Screenshot - 1635625001287_f10_ValidateElementExists_failed] @30-10-2021 20:16:41.0572 P



################################################################################################################################################
Starting Execution:	[78 out of 143] test cases in the current suite
Test Method:		[testPackage01.Test_NewValidationHelper.f11]
###############################################################################################################################################



################################################################################################################################################
Starting Execution:	[79 out of 143] test cases in the current suite
Test Method:		[testPackage01.Test_NewValidationHelper.f12]
###############################################################################################################################################



################################################################################################################################################
Starting Execution:	[80 out of 143] test cases in the current suite
Test Method:		[testPackage01.Test_NewValidationHelper.f13]
###############################################################################################################################################



################################################################################################################################################
Starting Execution:	[81 out of 143] test cases in the current suite
Test Method:		[testPackage01.Test_NewValidationHelper.f14]
###############################################################################################################################################



################################################################################################################################################
Starting Execution:	[82 out of 143] test cases in the current suite
Test Method:		[testPackage01.Test_NewValidationHelper.f15]
###############################################################################################################################################



################################################################################################################################################
Starting Execution:	[83 out of 143] test cases in the current suite
Test Method:		[testPackage01.Test_NewValidationHelper.f16]
###############################################################################################################################################



################################################################################################################################################
Starting Execution:	[84 out of 143] test cases in the current suite
Test Method:		[testPackage01.Test_NewValidationHelper.f17]
###############################################################################################################################################



################################################################################################################################################
Starting Execution:	[85 out of 143] test cases in the current suite
Test Method:		[testPackage01.Test_NewValidationHelper.f18]
###############################################################################################################################################


################################################################################################################################################
Starting Execution:	[86 out of 143] test cases in the current suite
Test Method:		[testPackage01.Test_NewValidationHelper.f2]
###############################################################################################################################################


################################################################################################################################################
Starting Execution:	[87 out of 143] test cases in the current suite
Test Method:		[testPackage01.Test_NewValidationHelper.f20]
###############################################################################################################################################



################################################################################################################################################
Starting Execution:	[88 out of 143] test cases in the current suite
Test Method:		[testPackage01.Test_NewValidationHelper.f21]
###############################################################################################################################################



################################################################################################################################################
Starting Execution:	[89 out of 143] test cases in the current suite
Test Method:		[testPackage01.Test_NewValidationHelper.f22]
###############################################################################################################################################


################################################################################################################################################
Starting Execution:	[90 out of 143] test cases in the current suite
Test Method:		[testPackage01.Test_NewValidationHelper.f23]
###############################################################################################################################################

################################################################################################################################################
Starting Execution:	[91 out of 143] test cases in the current suite
Test Method:		[testPackage01.Test_NewValidationHelper.f24]
###############################################################################################################################################

################################################################################################################################################
Starting Execution:	[92 out of 143] test cases in the current suite
Test Method:		[testPackage01.Test_NewValidationHelper.f25]
###############################################################################################################################################

################################################################################################################################################
Starting Execution:	[93 out of 143] test cases in the current suite
Test Method:		[testPackage01.Test_NewValidationHelper.f26]
###############################################################################################################################################

################################################################################################################################################
Starting Execution:	[94 out of 143] test cases in the current suite
Test Method:		[testPackage01.Test_NewValidationHelper.f27]
###############################################################################################################################################

################################################################################################################################################
Starting Execution:	[95 out of 143] test cases in the current suite
Test Method:		[testPackage01.Test_NewValidationHelper.f28]
###############################################################################################################################################

################################################################################################################################################
Starting Execution:	[96 out of 143] test cases in the current suite
Test Method:		[testPackage01.Test_NewValidationHelper.f29]
###############################################################################################################################################

################################################################################################################################################
Starting Execution:	[97 out of 143] test cases in the current suite
Test Method:		[testPackage01.Test_NewValidationHelper.f3]
###############################################################################################################################################

################################################################################################################################################
Starting Execution:	[98 out of 143] test cases in the current suite
Test Method:		[testPackage01.Test_NewValidationHelper.f30]
###############################################################################################################################################

################################################################################################################################################
Starting Execution:	[99 out of 143] test cases in the current suite
Test Method:		[testPackage01.Test_NewValidationHelper.f31]
###############################################################################################################################################

################################################################################################################################################
Starting Execution:	[100 out of 143] test cases in the current suite
Test Method:		[testPackage01.Test_NewValidationHelper.f32]
###############################################################################################################################################

################################################################################################################################################
Starting Execution:	[101 out of 143] test cases in the current suite
Test Method:		[testPackage01.Test_NewValidationHelper.f33]
###############################################################################################################################################

################################################################################################################################################
Starting Execution:	[102 out of 143] test cases in the current suite
Test Method:		[testPackage01.Test_NewValidationHelper.f34]
###############################################################################################################################################

################################################################################################################################################
Starting Execution:	[103 out of 143] test cases in the current suite
Test Method:		[testPackage01.Test_NewValidationHelper.f35]
###############################################################################################################################################

################################################################################################################################################
Starting Execution:	[104 out of 143] test cases in the current suite
Test Method:		[testPackage01.Test_NewValidationHelper.f36]
###############################################################################################################################################

################################################################################################################################################
Starting Execution:	[105 out of 143] test cases in the current suite
Test Method:		[testPackage01.Test_NewValidationHelper.f37]
###############################################################################################################################################

################################################################################################################################################
Starting Execution:	[106 out of 143] test cases in the current suite
Test Method:		[testPackage01.Test_NewValidationHelper.f3_1]
###############################################################################################################################################

################################################################################################################################################
Starting Execution:	[107 out of 143] test cases in the current suite
Test Method:		[testPackage01.Test_NewValidationHelper.f4]
###############################################################################################################################################

################################################################################################################################################
Starting Execution:	[108 out of 143] test cases in the current suite
Test Method:		[testPackage01.Test_NewValidationHelper.f5]
###############################################################################################################################################

################################################################################################################################################
Starting Execution:	[109 out of 143] test cases in the current suite
Test Method:		[testPackage01.Test_NewValidationHelper.f6]
###############################################################################################################################################

################################################################################################################################################
Starting Execution:	[110 out of 143] test cases in the current suite
Test Method:		[testPackage01.Test_NewValidationHelper.f6_1]
###############################################################################################################################################

################################################################################################################################################
Starting Execution:	[111 out of 143] test cases in the current suite
Test Method:		[testPackage01.Test_NewValidationHelper.f6_2]
###############################################################################################################################################

################################################################################################################################################
Starting Execution:	[112 out of 143] test cases in the current suite
Test Method:		[testPackage01.Test_NewValidationHelper.f7]
###############################################################################################################################################


################################################################################################################################################
Starting Execution:	[113 out of 143] test cases in the current suite
Test Method:		[testPackage01.Test_NewValidationHelper.f8]
###############################################################################################################################################



################################################################################################################################################
Starting Execution:	[114 out of 143] test cases in the current suite
Test Method:		[testPackage01.Test_NewValidationHelper.f9]
###############################################################################################################################################


################################################################################################################################################
Starting Execution:	[115 out of 143] test cases in the current suite
Test Method:		[testPackage01.Test_NewValidationHelper.forceFail]
###############################################################################################################################################

################################################################################################################################################
Starting Execution:	[116 out of 143] test cases in the current suite
Test Method:		[testPackage01.Test_NewValidationHelper.forceFail2]
###############################################################################################################################################

################################################################################################################################################
Starting Execution:	[117 out of 143] test cases in the current suite
Test Method:		[testPackage01.Test_JsonActions.f]
###############################################################################################################################################

################################################################################################################################################
Starting Execution:	[118 out of 143] test cases in the current suite
Test Method:		[testPackage01.Test_JsonActions.f2]
###############################################################################################################################################

################################################################################################################################################
Starting Execution:	[119 out of 143] test cases in the current suite
Test Method:		[testPackage01.Test_sendGraphqlRequest.sendGraphqlRequestUsingMutationAndVariables]
################################################################################################################################################
[ReportManager] GraphQl Request is being Performed with the Following Parameters [Service URL: https://api.spacex.land/graphql | Request Body: {"variables":"{\"name\": \"sherlock holmes\",\"rocket\": \"221B Baker Street\"}","query":"mutation ($name: String, $rocket: String) {\n  insert_users(objects: {name: $name, rocket: $rocket}) {\n    returning {\n      name\n      rocket\n    }\n  }\n}"}] @30-10-2021 20:16:44.0235 PM
[ReportManager] Response status code: [200], status line: [HTTP/1.1 200 OK] @30-10-2021 20:16:44.0458 PM
[ReportManager] Assertion Passed: Evaluating the actual response status code against the expected one... @30-10-2021 20:16:44.0458 PM
[ReportManager] Assertion [ValidateEquals] PASSED. Expected [200] and Actual [200]. Comparison Type [EQUALS]. Validation Type [POSITIVE]. @30-10-2021 20:16:44.0458 PM
[ReportManager] API Action [PerformRequest] successfully performed. With the following test data [Request Type: "POST" | Target Status Code: "200" | Service URL: "https://api.spacex.land/graphql" | Content Type: "application/json" | Response Time: "126ms"]. @30-10-2021 20:16:44.0491 PM
[ReportManager] Successfully created attachment [API Request - Specifications] @30-10-2021 20:16:44.0530 PM
[ReportManager] Successfully created attachment [API Request - JSON Body] @30-10-2021 20:16:44.0531 PM
[ReportManager] Successfully created attachment [API Response - JSON Body] @30-10-2021 20:16:44.0532 PM
[ReportManager] API Action [GetResponseJSONValue] successfully performed. With the following test data [data.insert_users.returning[0].name]. @30-10-2021 20:16:44.0580 PM
[ReportManager] Assertion [ValidateEquals] PASSED. Expected [sherlock holmes] and Actual [sherlock holmes]. Comparison Type [EQUALS]. Validation Type [POSITIVE]. @30-10-2021 20:16:44.0580 P

################################################################################################################################################
Starting Execution:	[120 out of 143] test cases in the current suite
Test Method:		[testPackage01.Test_sendGraphqlRequest.sendGraphqlRequestUsingQuery]
################################################################################################################################################
[ReportManager] GraphQl Request is being Performed with the Following Parameters [Service URL: https://api.spacex.land/graphql | Request Body: {"query":"{company {ceo}}"}] @30-10-2021 20:16:44.0583 PM
[ReportManager] Response status code: [200], status line: [HTTP/1.1 200 OK] @30-10-2021 20:16:44.0647 PM
[ReportManager] Assertion Passed: Evaluating the actual response status code against the expected one... @30-10-2021 20:16:44.0647 PM
[ReportManager] Assertion [ValidateEquals] PASSED. Expected [200] and Actual [200]. Comparison Type [EQUALS]. Validation Type [POSITIVE]. @30-10-2021 20:16:44.0647 PM
[ReportManager] API Action [PerformRequest] successfully performed. With the following test data [Request Type: "POST" | Target Status Code: "200" | Service URL: "https://api.spacex.land/graphql" | Content Type: "application/json" | Response Time: "59ms"]. @30-10-2021 20:16:44.0659 PM
[ReportManager] Successfully created attachment [API Request - Specifications] @30-10-2021 20:16:44.0700 PM
[ReportManager] Successfully created attachment [API Request - JSON Body] @30-10-2021 20:16:44.0701 PM
[ReportManager] Successfully created attachment [API Response - JSON Body] @30-10-2021 20:16:44.0702 PM
[ReportManager] API Action [GetResponseJSONValue] successfully performed. With the following test data [data.company.ceo]. @30-10-2021 20:16:44.0714 PM
[ReportManager] Assertion [ValidateEquals] PASSED. Expected [Elon Musk] and Actual [Elon Musk]. Comparison Type [EQUALS]. Validation Type [POSITIVE]. @30-10-2021 20:16:44.0714 P
[ReportManager] File Action [GetAbsolutePath] successfully performed. With the following test data [Relative Folder Path: "target/downloadedFiles/"]. @30-10-2021 20:16:44.0839 PM
[ReportManager] Attempting to run locally on: [Mac-64], [Safari], Headless Execution. @30-10-2021 20:16:44.0839 PM
[ReportManager] Successfully Opened Safari. @30-10-2021 20:16:45.0685 PM
[ReportManager] Initial window size: (800, 600) @30-10-2021 20:16:45.0719 PM
[ReportManager] Window size after SWD Maximize: (1176, 811) @30-10-2021 20:16:45.0808 PM
[ReportManager] Browser Action [MaximizeWindow] successfully performed. With the following test data [New screen size is now: (1176, 811)]. @30-10-2021 20:16:45.0808 P

################################################################################################################################################
Starting Execution:	[121 out of 143] test cases in the current suite
Test Method:		[testPackage01.Test_dragAndDrop.dragAndDropJquery]
################################################################################################################################################
[ReportManager] Target URL: [https://jqueryui.com/resources/demos/droppable/default.html] @30-10-2021 20:16:45.0933 PM
[ReportManager] Initial URL: [] @30-10-2021 20:16:45.0989 PM
[ReportManager] Browser Action [NavigateToURL] successfully performed. With the following test data [https://jqueryui.com/resources/demos/droppable/default.html]. @30-10-2021 20:16:46.0346 PM
[ReportManager] Element Action [GetText] successfully performed. With the following test data [
	Drop here
]. @30-10-2021 20:16:46.0383 PM
[ReportManager] Element Action [DragAndDrop] successfully performed. With the following test data [Start point: (8, 18), End point: (8, 18)]. @30-10-2021 20:16:47.0442 PM
[ReportManager] Element Action [GetText] successfully performed. With the following test data [
	Dropped!
]. @30-10-2021 20:16:47.0474 PM
[ReportManager] Assertion Passed: Checking to see if the text has changed after performing drag and drop @30-10-2021 20:16:47.0475 PM
[ReportManager] Assertion [ValidateEquals] PASSED. Expected [
	Drop here
] and Actual [
	Dropped!
]. Comparison Type [EQUALS]. Validation Type [NEGATIVE]. @30-10-2021 20:16:47.0475 P
[ReportManager] Browser Action [CloseCurrentWindow] successfully performed. @30-10-2021 20:16:47.0605 PM
[ReportManager] Successfully created attachment [Browser Action Test Data - CloseCurrentWindow - Actual Value] @30-10-2021 20:16:47.0641 P
[ReportManager] File Action [GetAbsolutePath] successfully performed. With the following test data [Relative Folder Path: "target/downloadedFiles/"]. @30-10-2021 20:16:47.0644 PM
[ReportManager] Attempting to run locally on: [Mac-64], [Safari], Headless Execution. @30-10-2021 20:16:47.0644 PM
[ReportManager] Successfully Opened Safari. @30-10-2021 20:16:48.0503 PM
[ReportManager] Initial window size: (800, 600) @30-10-2021 20:16:48.0530 PM
[ReportManager] Window size after SWD Maximize: (1176, 811) @30-10-2021 20:16:48.0558 PM
[ReportManager] Browser Action [MaximizeWindow] successfully performed. With the following test data [New screen size is now: (1176, 811)]. @30-10-2021 20:16:48.0558 P

################################################################################################################################################
Starting Execution:	[122 out of 143] test cases in the current suite
Test Method:		[testPackage01.Test_dragAndDrop.dragAndDrop]
Test Description:	[TC001 - Test Drag and Drop function.]
################################################################################################################################################
[ReportManager] Target URL: [http://the-internet.herokuapp.com/drag_and_drop] @30-10-2021 20:16:48.0604 PM
[ReportManager] Initial URL: [] @30-10-2021 20:16:48.0648 PM
[ReportManager] Browser Action [NavigateToURL] successfully performed. With the following test data [http://the-internet.herokuapp.com/drag_and_drop]. @30-10-2021 20:16:49.0059 PM
[ReportManager] Attempting Drag and Drop @30-10-2021 20:16:49.0059 PM
[ReportManager] Element Action [DragAndDrop] successfully performed. With the following test data [Start point: (120, 89), End point: (335, 89)]. @30-10-2021 20:16:49.0720 P
[ReportManager] Browser Action [CloseCurrentWindow] successfully performed. @30-10-2021 20:16:50.0074 PM
[ReportManager] Successfully created attachment [Browser Action Test Data - CloseCurrentWindow - Actual Value] @30-10-2021 20:16:50.0074 P
[ReportManager] File Action [GetAbsolutePath] successfully performed. With the following test data [Relative Folder Path: "target/downloadedFiles/"]. @30-10-2021 20:16:50.0077 PM
[ReportManager] Attempting to run locally on: [Mac-64], [Safari], Headless Execution. @30-10-2021 20:16:50.0077 PM
[ReportManager] Successfully Opened Safari. @30-10-2021 20:16:50.0923 PM
[ReportManager] Initial window size: (800, 600) @30-10-2021 20:16:50.0929 PM
[ReportManager] Window size after SWD Maximize: (1176, 811) @30-10-2021 20:16:50.0951 PM
[ReportManager] Browser Action [MaximizeWindow] successfully performed. With the following test data [New screen size is now: (1176, 811)]. @30-10-2021 20:16:50.0953 P

################################################################################################################################################
Starting Execution:	[123 out of 143] test cases in the current suite
Test Method:		[testPackage01.Test_dragAndDrop.dragAndDropByOffset]
Test Description:	[TC002 - Test Drag and Drop by offset function.]
################################################################################################################################################
[ReportManager] Target URL: [https://jqueryui.com/resources/demos/draggable/default.html] @30-10-2021 20:16:51.0078 PM
[ReportManager] Initial URL: [] @30-10-2021 20:16:51.0112 PM
[ReportManager] Browser Action [NavigateToURL] successfully performed. With the following test data [https://jqueryui.com/resources/demos/draggable/default.html]. @30-10-2021 20:16:51.0521 PM
[ReportManager] Element Action [DragAndDropByOffset] successfully performed. With the following test data [Start point: (8, 8), End point: (108, 58)]. @30-10-2021 20:16:52.0295 P
[ReportManager] Browser Action [CloseCurrentWindow] successfully performed. @30-10-2021 20:16:52.0589 PM
[ReportManager] Successfully created attachment [Browser Action Test Data - CloseCurrentWindow - Actual Value] @30-10-2021 20:16:52.0630 P
[ReportManager] Successfully loaded the following test data file [src/test/resources/TestDataFiles/testSuite01/TestData.xlsx]. @30-10-2021 20:16:52.0787 PM
[ReportManager] Successfully created attachment [Test Data - Excel] @30-10-2021 20:16:52.0870 PM
[ReportManager] File Action [GetAbsolutePath] successfully performed. With the following test data [Relative Folder Path: "target/downloadedFiles/"]. @30-10-2021 20:16:52.0870 PM
[ReportManager] Attempting to run locally on: [Mac-64], [Safari], Headless Execution. @30-10-2021 20:16:52.0871 PM
[ReportManager] Successfully Opened Safari. @30-10-2021 20:16:53.0692 PM
[ReportManager] Initial window size: (800, 600) @30-10-2021 20:16:53.0709 PM
[ReportManager] Window size after SWD Maximize: (1176, 811) @30-10-2021 20:16:53.0735 PM
[ReportManager] Browser Action [MaximizeWindow] successfully performed. With the following test data [New screen size is now: (1176, 811)]. @30-10-2021 20:16:53.0735 P

################################################################################################################################################
Starting Execution:	[124 out of 143] test cases in the current suite
Test Method:		[testPackage01.Test_google.navigateToURLandVerifyGoogleLogoIsDisplayed]
Test Description:	[TC001 - Navigate to URL and Verify Google Logo is Displayed]
################################################################################################################################################
[ReportManager] Target URL: [https://www.google.com/ncr], and after redirection: [https://www.google.com] @30-10-2021 20:16:53.0779 PM
[ReportManager] Initial URL: [] @30-10-2021 20:16:53.0808 PM
[ReportManager] Browser Action [NavigateToURL] successfully performed. With the following test data [https://www.google.com/ncr]. @30-10-2021 20:16:54.0559 PM
[ReportManager] Loaded Shared OpenCV @30-10-2021 20:16:54.0653 PM
[ReportManager] Assertion [ValidateElementExists] PASSED. Expected [Element Should Exist, locator 'By.xpath: //*[@id='hplogo' or @alt='Google']'] and Actual [Element Exists]. Comparison Type [EQUALS]. Validation Type [POSITIVE]. @30-10-2021 20:16:54.0960 PM
[ReportManager] Successfully created attachment [Screenshot - 1635625014653_navigateToURLandVerifyGoogleLogoIsDisplayed_ValidateElementExists_passed] @30-10-2021 20:16:55.0002 P

################################################################################################################################################
Starting Execution:	[125 out of 143] test cases in the current suite
Test Method:		[testPackage01.Test_google.searchForQueryandAssertResultsNumDisplayed]
Test Description:	[TC002 - Search for Query and Assert that the number of results is displayed]
################################################################################################################################################
[ReportManager] Element Action [Type] successfully performed. With the following test data [SHAFT_Engine]. @30-10-2021 20:16:55.0450 PM
[ReportManager] Element Action [KeyPress] successfully performed. With the following test data [Enter]. @30-10-2021 20:16:55.0515 P

################################################################################################################################################
Starting Execution:	[126 out of 143] test cases in the current suite
Test Method:		[testPackage01.Test_google.clickNextThrice]
Test Description:	[TC003 - Clicks the next button to make sure that the framework can scroll element into view before clicking it]
###############################################################################################################################################
[ReportManager] Browser Action [CloseCurrentWindow] successfully performed. @30-10-2021 20:16:57.0032 PM
[ReportManager] Successfully created attachment [Browser Action Test Data - CloseCurrentWindow - Actual Value] @30-10-2021 20:16:57.0080 P

################################################################################################################################################
Starting Execution:	[127 out of 143] test cases in the current suite
Test Method:		[testPackage01.Test_chainableElementActions.chainElementActions]
################################################################################################################################################
[ReportManager] File Action [GetAbsolutePath] successfully performed. With the following test data [Relative Folder Path: "target/downloadedFiles/"]. @30-10-2021 20:16:57.0123 PM
[ReportManager] Attempting to run locally on: [Mac-64], [GoogleChrome], Headless Execution. @30-10-2021 20:16:57.0125 PM
[ReportManager] Identifying OS/Driver combination and selecting the correct driver version automatically. Please note that if a new driver executable will be downloaded it may take some time... @30-10-2021 20:16:57.0125 PM
[ReportManager] Successfully Opened Google Chrome. @30-10-2021 20:17:02.0885 PM
[ReportManager] Initial window size: (1920, 1080) @30-10-2021 20:17:02.0889 PM
[ReportManager] Window size after SWD Maximize: (1920, 1080) @30-10-2021 20:17:03.0029 PM
[ReportManager] Window size after Toolkit: (1920, 1080) @30-10-2021 20:17:03.0509 PM
[ReportManager] Browser Action [MaximizeWindow] successfully performed. With the following test data [New screen size is now: (1920, 1080)]. @30-10-2021 20:17:03.0512 PM
[ReportManager] Target URL: [https://www.google.com/ncr], and after redirection: [https://www.google.com] @30-10-2021 20:17:03.0512 PM
[ReportManager] Initial URL: [data:,] @30-10-2021 20:17:03.0548 PM
[ReportManager] Browser Action [NavigateToURL] successfully performed. With the following test data [https://www.google.com/ncr]. @30-10-2021 20:17:05.0255 PM
[ReportManager] Element Action [Type] successfully performed. With the following test data [chained type 1]. @30-10-2021 20:17:06.0251 PM
[ReportManager] Element Action [Type] successfully performed. With the following test data [chained type 2]. @30-10-2021 20:17:06.0556 PM
[ReportManager] Element Action [TypeAppend] successfully performed. With the following test data [345]. @30-10-2021 20:17:06.0648 PM
[ReportManager] Element Action [GetText] successfully performed. With the following test data [chained type 2345]. @30-10-2021 20:17:06.0737 PM
[ReportManager] Loaded Shared OpenCV @30-10-2021 20:17:07.0054 PM
[ReportManager] Assertion [ValidateElementAttribute] PASSED. Expected [Value Should be 'chained type 2345' for the 'text' attribute, element locator 'By.name: q'] and Actual [chained type 2345]. Comparison Type [EQUALS]. Validation Type [POSITIVE]. @30-10-2021 20:17:07.0867 PM
[ReportManager] Successfully created attachment [Screenshot - 1635625027054_chainElementActions_ValidateElementAttribute_passed] @30-10-2021 20:17:07.0951 PM
[ReportManager] Browser Action [CloseCurrentWindow] successfully performed. @30-10-2021 20:17:08.0309 PM
[ReportManager] Successfully created attachment [Browser Action Test Data - CloseCurrentWindow - Actual Value] @30-10-2021 20:17:08.0490 P

################################################################################################################################################
Starting Execution:	[128 out of 143] test cases in the current suite
Test Method:		[testPackage01.Test_JsonCompareWithSpecialCharacters.specialCharacters]
################################################################################################################################################
[ReportManager] File Action [GetAbsolutePath] successfully performed. With the following test data [Relative Folder Path: "src/test/resources/TestJsonFiles/specialCharacters.json"]. @30-10-2021 20:17:08.0816 PM
[ReportManager] File Action [ReadFromFile] successfully performed. With the following test data [File Path: "/Users/runner/work/SHAFT_ENGINE/SHAFT_ENGINE/src/test/resources/TestJsonFiles/specialCharacters.json"]. @30-10-2021 20:17:08.0823 PM
[ReportManager] Successfully created attachment [File Action Actual Result - Command Log] @30-10-2021 20:17:08.0971 PM
[ReportManager] Comparing the provided API response with the file at this path "src/test/resources/TestJsonFiles/specialCharacters.json", comparison type "EQUALS" @30-10-2021 20:17:08.0972 PM
[ReportManager] API Action [CompareJSON] successfully performed. With the following test data [src/test/resources/TestJsonFiles/specialCharacters.json]. @30-10-2021 20:17:08.0980 PM
[ReportManager] File Action [GetAbsolutePath] successfully performed. With the following test data [Relative Folder Path: "src/test/resources/TestJsonFiles/specialCharacters.json"]. @30-10-2021 20:17:08.0980 PM
[ReportManager] File Action [ReadFromFile] successfully performed. With the following test data [File Path: "/Users/runner/work/SHAFT_ENGINE/SHAFT_ENGINE/src/test/resources/TestJsonFiles/specialCharacters.json"]. @30-10-2021 20:17:08.0980 PM
[ReportManager] Verification [ValidateJSONFileContent] PASSED. Expected [Response data should match the JSON File in this path 'src/test/resources/TestJsonFiles/specialCharacters.json'] and Actual [TRUE]. Comparison Type [EQUALS]. Validation Type [POSITIVE]. @30-10-2021 20:17:08.0985 PM
[ReportManager] Successfully created attachment [Validation Test Data - Expected JSON Value] @30-10-2021 20:17:09.0014 PM
[ReportManager] Successfully created attachment [Validation Test Data - Actual JSON Value] @30-10-2021 20:17:09.0015 P

################################################################################################################################################
Starting Execution:	[129 out of 143] test cases in the current suite
Test Method:		[testPackage01.Test_JsonCompareWithSpecialCharacters.specialCharacters_assertion]
################################################################################################################################################
[ReportManager] File Action [GetAbsolutePath] successfully performed. With the following test data [Relative Folder Path: "src/test/resources/TestJsonFiles/specialCharacters.json"]. @30-10-2021 20:17:09.0059 PM
[ReportManager] File Action [ReadFromFile] successfully performed. With the following test data [File Path: "/Users/runner/work/SHAFT_ENGINE/SHAFT_ENGINE/src/test/resources/TestJsonFiles/specialCharacters.json"]. @30-10-2021 20:17:09.0060 PM
[ReportManager] Successfully created attachment [File Action Actual Result - Command Log] @30-10-2021 20:17:09.0060 PM
[ReportManager] Comparing the provided API response with the file at this path "src/test/resources/TestJsonFiles/specialCharacters.json", comparison type "CONTAINS" @30-10-2021 20:17:09.0061 PM
[ReportManager] API Action [CompareJSON] successfully performed. With the following test data [src/test/resources/TestJsonFiles/specialCharacters.json]. @30-10-2021 20:17:09.0082 PM
[ReportManager] File Action [GetAbsolutePath] successfully performed. With the following test data [Relative Folder Path: "src/test/resources/TestJsonFiles/specialCharacters.json"]. @30-10-2021 20:17:09.0082 PM
[ReportManager] File Action [ReadFromFile] successfully performed. With the following test data [File Path: "/Users/runner/work/SHAFT_ENGINE/SHAFT_ENGINE/src/test/resources/TestJsonFiles/specialCharacters.json"]. @30-10-2021 20:17:09.0083 PM
[ReportManager] Assertion Passed: trying out the log message @30-10-2021 20:17:09.0091 PM
[ReportManager] Successfully created attachment [Validation Test Data - Expected JSON Value] @30-10-2021 20:17:09.0275 PM
[ReportManager] Successfully created attachment [Validation Test Data - Actual JSON Value] @30-10-2021 20:17:09.0438 PM
[ReportManager] Assertion [ValidateJSONFileContent] PASSED. Expected [Response data should match the JSON File in this path 'src/test/resources/TestJsonFiles/specialCharacters.json'] and Actual [TRUE]. Comparison Type [CONTAINS]. Validation Type [POSITIVE]. @30-10-2021 20:17:09.0438 P

################################################################################################################################################
Starting Execution:	[130 out of 143] test cases in the current suite
Test Method:		[testPackage01.Test_SkipDueToIssue.doNotSkip]
################################################################################################################################################
[ReportManager] This should not be skipped. @30-10-2021 20:17:09.0442 P

################################################################################################################################################
Starting Execution:	[131 out of 143] test cases in the current suite
Test Method:		[testPackage01.Test_SkipDueToIssue.skip]
################################################################################################################################################
[ReportManager] This should be skipped. @30-10-2021 20:17:09.0451 P

################################################################################################################################################
Starting Execution:	[132 out of 143] test cases in the current suite
Test Method:		[testPackage01.Test_SkipDueToIssue.skip2]
################################################################################################################################################
[ReportManager] This should be skipped. @30-10-2021 20:17:09.0579 P

################################################################################################################################################
Starting Execution:	[133 out of 143] test cases in the current suite
Test Method:		[testPackage01.Test_JSONFileManager.readStringFromJson]
################################################################################################################################################
[ReportManager] Successfully loaded the following test data file [src/test/resources/TestDataFiles/simpleJSON.json]. @30-10-2021 20:17:09.0586 PM
[ReportManager] Successfully created attachment [Test Data - JSON] @30-10-2021 20:17:09.0587 PM
[ReportManager] Assertion [ValidateEquals] PASSED. Expected [Mohab Mohie] and Actual [Mohab Mohie]. Comparison Type [EQUALS]. Validation Type [POSITIVE]. @30-10-2021 20:17:09.0604 P
[ReportManager] File Action [GetAbsolutePath] successfully performed. With the following test data [Relative Folder Path: "target/downloadedFiles/"]. @30-10-2021 20:17:09.0690 PM
[ReportManager] Attempting to run locally on: [Mac-64], [Safari], Headless Execution. @30-10-2021 20:17:09.0690 PM
[ReportManager] Successfully Opened Safari. @30-10-2021 20:17:10.0520 PM
[ReportManager] Initial window size: (800, 600) @30-10-2021 20:17:10.0539 PM
[ReportManager] Window size after SWD Maximize: (1176, 811) @30-10-2021 20:17:10.0551 PM
[ReportManager] Browser Action [MaximizeWindow] successfully performed. With the following test data [New screen size is now: (1176, 811)]. @30-10-2021 20:17:10.0551 P

################################################################################################################################################
Starting Execution:	[134 out of 143] test cases in the current suite
Test Method:		[testPackage01.Test_assertEquals.test_assertElementAttribute]
################################################################################################################################################
[ReportManager] Target URL: [https://www.google.com/ncr], and after redirection: [https://www.google.com] @30-10-2021 20:17:10.0554 PM
[ReportManager] Initial URL: [] @30-10-2021 20:17:10.0612 PM
[ReportManager] Browser Action [NavigateToURL] successfully performed. With the following test data [https://www.google.com/ncr]. @30-10-2021 20:17:11.0784 PM
[ReportManager] Element Action [Type] successfully performed. With the following test data [INC_004010050:Another SCHEDULER with the same name [Duplicate Job Name] already exists.]. @30-10-2021 20:17:14.0356 PM
[ReportManager] Element Action [GetText] successfully performed. With the following test data [INC_004010050:Another SCHEDULER with the same name [Duplicate Job Name] already exists.]. @30-10-2021 20:17:14.0418 PM
[ReportManager] Loaded Shared OpenCV @30-10-2021 20:17:14.0480 PM
[ReportManager] Assertion [ValidateElementAttribute] PASSED. Expected [Value Should be 'INC_004010050:Another SCHEDULER with the same name \[Duplicate Job Name\] already exists.' for the 'text' attribute, element locator 'By.name: q'] and Actual [INC_004010050:Another SCHEDULER with the same name [Duplicate Job Name] already exists.]. Comparison Type [MATCHES]. Validation Type [POSITIVE]. @30-10-2021 20:17:14.0928 PM
[ReportManager] Successfully created attachment [Screenshot - 1635625034480_test_assertElementAttribute_ValidateElementAttribute_passed] @30-10-2021 20:17:15.0051 P
[ReportManager] Browser Action [CloseCurrentWindow] successfully performed. @30-10-2021 20:17:15.0500 PM
[ReportManager] Successfully created attachment [Browser Action Test Data - CloseCurrentWindow - Actual Value] @30-10-2021 20:17:15.0551 P
[ReportManager] File Action [GetAbsolutePath] successfully performed. With the following test data [Relative Folder Path: "target/downloadedFiles/"]. @30-10-2021 20:17:15.0674 PM
[ReportManager] Attempting to run locally on: [Mac-64], [Safari], Headless Execution. @30-10-2021 20:17:15.0674 P

################################################################################################################################################
Starting Execution:	[135 out of 143] test cases in the current suite
Test Method:		[testPackage01.Test_IsElementClickable.testIsElementClickable]
###############################################################################################################################################

[ReportManager] Successfully loaded the following test data file [src/test/resources/TestDataFiles/testSuite01/TestData.xlsx]. @30-10-2021 20:17:16.0205 PM
[ReportManager] Successfully created attachment [Test Data - Excel] @30-10-2021 20:17:16.0267 PM
[ReportManager] Attempting to run using Playwright locally on: [Mac-64], [Safari], Headless Execution. @30-10-2021 20:19:36.0798 PM
[ReportManager] File Action [GetAbsolutePath] successfully performed. With the following test data [Relative Folder Path: "target/downloadedFiles/"]. @30-10-2021 20:19:36.0799 PM
[ReportManager] Initial window size: (1280, 720) @30-10-2021 20:19:43.0749 PM
[ReportManager] Window size after Toolkit: com.microsoft.playwright.options.ViewportSize@45dab3f6 @30-10-2021 20:19:43.0759 PM
[ReportManager] Browser Action [MaximizeWindow] successfully performed. With the following test data [New screen size is now: (1920, 1080)]. @30-10-2021 20:19:43.0760 P

################################################################################################################################################
Starting Execution:	[136 out of 143] test cases in the current suite
Test Method:		[testPackage01.Test_google_playwright.navigateToURLandVerifyGoogleLogoIsDisplayed]
Test Description:	[TC001 - Navigate to URL and Verify Google Logo is Displayed]
################################################################################################################################################
[ReportManager] Target URL: [https://www.google.com/ncr], and after redirection: [https://www.google.com] @30-10-2021 20:19:43.0894 PM
[ReportManager] Initial URL: [about:blank] @30-10-2021 20:19:44.0361 PM
[ReportManager] Browser Action [NavigateToURL] successfully performed. With the following test data [https://www.google.com/ncr]. @30-10-2021 20:19:45.0908 PM
[ReportManager] Loaded Shared OpenCV @30-10-2021 20:19:46.0014 PM
[ReportManager] Assertion [ValidateElementExists] PASSED. Expected [Element Should Exist, locator 'xpath=//*[@id='hplogo' or @alt='Google']'] and Actual [Element Exists]. Comparison Type [EQUALS]. Validation Type [POSITIVE]. @30-10-2021 20:19:46.0235 PM
[ReportManager] Successfully created attachment [Screenshot - 1635625186001_navigateToURLandVerifyGoogleLogoIsDisplayed_ValidateElementExists_passed] @30-10-2021 20:19:46.0236 P

################################################################################################################################################
Starting Execution:	[137 out of 143] test cases in the current suite
Test Method:		[testPackage01.Test_google_playwright.searchForQueryandAssertResultsNumDisplayed]
Test Description:	[TC002 - Search for Query and Assert that the number of results is displayed]
################################################################################################################################################
[ReportManager] Element Action [Type] successfully performed. With the following test data [SHAFT_Engine]. @30-10-2021 20:19:46.0515 PM
[ReportManager] Element Action [KeyPress] successfully performed. With the following test data [Enter]. @30-10-2021 20:19:46.0550 PM
[ReportManager] Element Action [GetText] successfully performed. With the following test data [About 961,000 results (0.52 seconds)Â 
]. @30-10-2021 20:19:47.0987 PM
[ReportManager] Loaded Shared OpenCV @30-10-2021 20:19:48.0731 PM
[ReportManager] Assertion [ValidateElementAttribute] PASSED. Expected [Value Should not be '' for the 'text' attribute, element locator 'xpath=//div[@id='appbar']'] and Actual [About 961,000 results (0.52 seconds)Â 
]. Comparison Type [EQUALS]. Validation Type [NEGATIVE]. @30-10-2021 20:19:48.0932 PM
[ReportManager] Successfully created attachment [Screenshot - 1635625188721_searchForQueryandAssertResultsNumDisplayed_ValidateElementAttribute_passed] @30-10-2021 20:19:48.0934 P

################################################################################################################################################
Starting Execution:	[138 out of 143] test cases in the current suite
Test Method:		[testPackage01.Test_google_playwright.clickNextThrice]
Test Description:	[TC003 - Clicks the next button to make sure that the framework can scroll element into view before clicking it]
################################################################################################################################################
[ReportManager] Element Action [Click] successfully performed. With the following test data [Next]. @30-10-2021 20:19:49.0206 P
[ReportManager] Failed to find video recording. @30-10-2021 20:19:49.0209 PM
[ReportManager] Successfully Closed PlayWright Driver. @30-10-2021 20:19:49.0254 P
[ReportManager] File Action [GetAbsolutePath] successfully performed. With the following test data [Relative Folder Path: "target/downloadedFiles/"]. @30-10-2021 20:19:49.0297 PM
[ReportManager] Attempting to run locally on: [Mac-64], [Safari], Headless Execution. @30-10-2021 20:19:49.0297 PM
[ReportManager] Successfully Opened Safari. @30-10-2021 20:19:50.0623 PM
[ReportManager] Initial window size: (800, 600) @30-10-2021 20:19:50.0630 PM
[ReportManager] Window size after SWD Maximize: (1176, 811) @30-10-2021 20:19:50.0665 PM
[ReportManager] Browser Action [MaximizeWindow] successfully performed. With the following test data [New screen size is now: (1176, 811)]. @30-10-2021 20:19:50.0666 P

################################################################################################################################################
Starting Execution:	[139 out of 143] test cases in the current suite
Test Method:		[testPackage01.Test_verifyEquals.test_assertElementAttribute]
################################################################################################################################################
[ReportManager] Target URL: [https://www.google.com/ncr], and after redirection: [https://www.google.com] @30-10-2021 20:19:50.0668 PM
[ReportManager] Initial URL: [] @30-10-2021 20:19:50.0734 PM
[ReportManager] Browser Action [NavigateToURL] successfully performed. With the following test data [https://www.google.com/ncr]. @30-10-2021 20:19:52.0101 PM
[ReportManager] Element Action [Type] successfully performed. With the following test data [INC_004010050:Another SCHEDULER with the same name [Duplicate Job Name] already exists.]. @30-10-2021 20:19:54.0706 PM
[ReportManager] Element Action [GetText] successfully performed. With the following test data [INC_004010050:Another SCHEDULER with the same name [Duplicate Job Name] already exists.]. @30-10-2021 20:19:54.0770 PM
[ReportManager] Loaded Shared OpenCV @30-10-2021 20:19:54.0826 PM
[ReportManager] Verification [ValidateElementAttribute] PASSED. Expected [Value Should be 'INC_004010050:Another SCHEDULER with the same name \[Duplicate Job Name\] already exists.' for the 'text' attribute, element locator 'By.name: q'] and Actual [INC_004010050:Another SCHEDULER with the same name [Duplicate Job Name] already exists.]. Comparison Type [MATCHES]. Validation Type [POSITIVE]. @30-10-2021 20:19:54.0941 PM
[ReportManager] Successfully created attachment [Screenshot - 1635625194826_test_assertElementAttribute_ValidateElementAttribute_passed] @30-10-2021 20:19:54.0943 P
[ReportManager] Browser Action [CloseCurrentWindow] successfully performed. @30-10-2021 20:19:55.0177 PM
[ReportManager] Successfully created attachment [Browser Action Test Data - CloseCurrentWindow - Actual Value] @30-10-2021 20:19:55.0178 P

################################################################################################################################################
Starting Execution:	[140 out of 143] test cases in the current suite
Test Method:		[testPackage01.Test_SelectedValue.multipleSelect]
################################################################################################################################################
[ReportManager] File Action [GetAbsolutePath] successfully performed. With the following test data [Relative Folder Path: "target/downloadedFiles/"]. @30-10-2021 20:19:55.0182 PM
[ReportManager] Attempting to run locally on: [Mac-64], [GoogleChrome], Headless Execution. @30-10-2021 20:19:55.0182 PM
[ReportManager] Identifying OS/Driver combination and selecting the correct driver version automatically. Please note that if a new driver executable will be downloaded it may take some time... @30-10-2021 20:19:55.0182 PM
[ReportManager] Successfully Opened Google Chrome. @30-10-2021 20:19:55.0783 PM
[ReportManager] Initial window size: (1920, 1080) @30-10-2021 20:19:55.0790 PM
[ReportManager] Window size after SWD Maximize: (1920, 1080) @30-10-2021 20:19:55.0903 PM
[ReportManager] Window size after Toolkit: (1920, 1080) @30-10-2021 20:19:56.0488 PM
[ReportManager] Browser Action [MaximizeWindow] successfully performed. With the following test data [New screen size is now: (1920, 1080)]. @30-10-2021 20:19:56.0491 PM
[ReportManager] Target URL: [https://yari-demos.prod.mdn.mozit.cloud/en-US/docs/Web/HTML/Element/select/_sample_.Advanced_select_with_multiple_features.html] @30-10-2021 20:19:56.0492 PM
[ReportManager] Initial URL: [data:,] @30-10-2021 20:19:56.0525 PM
[ReportManager] Browser Action [NavigateToURL] successfully performed. With the following test data [https://yari-demos.prod.mdn.mozit.cloud/en-US/docs/Web/HTML/Element/select/_sample_.Advanced_select_with_multiple_features.html]. @30-10-2021 20:19:56.0750 PM
[ReportManager] Element Action [Select] successfully performed. With the following test data [Dog]. @30-10-2021 20:19:56.0966 PM
[ReportManager] Element Action [Select] successfully performed. With the following test data [Cat]. @30-10-2021 20:19:57.0133 PM
[ReportManager] Element Action [GetSelectedText] successfully performed. With the following test data [DogCat]. @30-10-2021 20:19:57.0233 PM
[ReportManager] DogCat @30-10-2021 20:19:57.0233 PM
[ReportManager] Element Action [GetSelectedText] successfully performed. With the following test data [DogCat]. @30-10-2021 20:19:57.0310 PM
[ReportManager] Loaded Shared OpenCV @30-10-2021 20:19:57.0603 PM
[ReportManager] Assertion [ValidateElementAttribute] PASSED. Expected [Value Should be 'DogCat' for the 'selectedText' attribute, element locator 'By.tagName: select'] and Actual [DogCat]. Comparison Type [EQUALS]. Validation Type [POSITIVE]. @30-10-2021 20:19:57.0785 PM
[ReportManager] Successfully created attachment [Screenshot - 1635625197603_multipleSelect_ValidateElementAttribute_passed] @30-10-2021 20:19:57.0787 PM
[ReportManager] Browser Action [CloseCurrentWindow] successfully performed. @30-10-2021 20:19:57.0886 PM
[ReportManager] Successfully created attachment [Browser Action Test Data - CloseCurrentWindow - Actual Value] @30-10-2021 20:19:57.0887 P

################################################################################################################################################
Starting Execution:	[141 out of 143] test cases in the current suite
Test Method:		[testPackage01.Test_SelectedValue.simpleSelect]
################################################################################################################################################
[ReportManager] File Action [GetAbsolutePath] successfully performed. With the following test data [Relative Folder Path: "target/downloadedFiles/"]. @30-10-2021 20:19:57.0891 PM
[ReportManager] Attempting to run locally on: [Mac-64], [GoogleChrome], Headless Execution. @30-10-2021 20:19:57.0891 PM
[ReportManager] Identifying OS/Driver combination and selecting the correct driver version automatically. Please note that if a new driver executable will be downloaded it may take some time... @30-10-2021 20:19:57.0891 PM
[ReportManager] Successfully Opened Google Chrome. @30-10-2021 20:19:58.0345 PM
[ReportManager] Initial window size: (1920, 1080) @30-10-2021 20:19:58.0349 PM
[ReportManager] Window size after SWD Maximize: (1920, 1080) @30-10-2021 20:19:58.0581 PM
[ReportManager] Window size after Toolkit: (1920, 1080) @30-10-2021 20:19:59.0039 PM
[ReportManager] Browser Action [MaximizeWindow] successfully performed. With the following test data [New screen size is now: (1920, 1080)]. @30-10-2021 20:19:59.0042 PM
[ReportManager] Target URL: [https://yari-demos.prod.mdn.mozit.cloud/en-US/docs/Web/HTML/Element/select/_sample_.Basic_select.html] @30-10-2021 20:19:59.0042 PM
[ReportManager] Initial URL: [data:,] @30-10-2021 20:19:59.0074 PM
[ReportManager] Browser Action [NavigateToURL] successfully performed. With the following test data [https://yari-demos.prod.mdn.mozit.cloud/en-US/docs/Web/HTML/Element/select/_sample_.Basic_select.html]. @30-10-2021 20:19:59.0286 PM
[ReportManager] Element Action [Select] successfully performed. With the following test data [Third Value]. @30-10-2021 20:19:59.0548 PM
[ReportManager] Element Action [GetSelectedText] successfully performed. With the following test data [Third Value]. @30-10-2021 20:19:59.0621 PM
[ReportManager] Third Value @30-10-2021 20:19:59.0621 PM
[ReportManager] Element Action [GetSelectedText] successfully performed. With the following test data [Third Value]. @30-10-2021 20:19:59.0688 PM
[ReportManager] Loaded Shared OpenCV @30-10-2021 20:20:00.0022 PM
[ReportManager] Assertion [ValidateElementAttribute] PASSED. Expected [Value Should be 'Third Value' for the 'selectedText' attribute, element locator 'By.tagName: select'] and Actual [Third Value]. Comparison Type [EQUALS]. Validation Type [POSITIVE]. @30-10-2021 20:20:00.0208 PM
[ReportManager] Successfully created attachment [Screenshot - 1635625200022_simpleSelect_ValidateElementAttribute_passed] @30-10-2021 20:20:00.0209 PM
[ReportManager] Browser Action [CloseCurrentWindow] successfully performed. @30-10-2021 20:20:00.0442 PM
[ReportManager] Successfully created attachment [Browser Action Test Data - CloseCurrentWindow - Actual Value] @30-10-2021 20:20:00.0443 P
[ReportManager] File Action [GetAbsolutePath] successfully performed. With the following test data [Relative Folder Path: "target/downloadedFiles/"]. @30-10-2021 20:20:00.0445 PM
[ReportManager] Attempting to run locally on: [Mac-64], [Safari], Headless Execution. @30-10-2021 20:20:00.0445 PM
[ReportManager] Successfully Opened Safari. @30-10-2021 20:20:01.0265 PM
[ReportManager] Initial window size: (800, 600) @30-10-2021 20:20:01.0283 PM
[ReportManager] Window size after SWD Maximize: (1176, 811) @30-10-2021 20:20:01.0295 PM
[ReportManager] Browser Action [MaximizeWindow] successfully performed. With the following test data [New screen size is now: (1176, 811)]. @30-10-2021 20:20:01.0296 P

################################################################################################################################################
Starting Execution:	[142 out of 143] test cases in the current suite
Test Method:		[testPackage01.Test_dynamicLoading.dynamicLoading_elementIsHidden]
################################################################################################################################################
[ReportManager] Target URL: [https://the-internet.herokuapp.com/dynamic_loading/1] @30-10-2021 20:20:01.0302 PM
[ReportManager] Initial URL: [] @30-10-2021 20:20:01.0350 PM
[ReportManager] Browser Action [NavigateToURL] successfully performed. With the following test data [https://the-internet.herokuapp.com/dynamic_loading/1]. @30-10-2021 20:20:01.0691 PM
[ReportManager] Element Action [Click] successfully performed. With the following test data [Start]. @30-10-2021 20:20:01.0988 PM
[ReportManager] Element Action [GetText] successfully performed. With the following test data [
    Hello World!
  ]. @30-10-2021 20:20:02.0027 P
[ReportManager] Browser Action [CloseCurrentWindow] successfully performed. @30-10-2021 20:20:02.0152 PM
[ReportManager] Successfully created attachment [Browser Action Test Data - CloseCurrentWindow - Actual Value] @30-10-2021 20:20:02.0153 P
[ReportManager] File Action [GetAbsolutePath] successfully performed. With the following test data [Relative Folder Path: "target/downloadedFiles/"]. @30-10-2021 20:20:02.0155 PM
[ReportManager] Attempting to run locally on: [Mac-64], [Safari], Headless Execution. @30-10-2021 20:20:02.0155 PM
[ReportManager] Successfully Opened Safari. @30-10-2021 20:20:02.0992 PM
[ReportManager] Initial window size: (800, 600) @30-10-2021 20:20:03.0002 PM
[ReportManager] Window size after SWD Maximize: (1176, 811) @30-10-2021 20:20:03.0022 PM
[ReportManager] Browser Action [MaximizeWindow] successfully performed. With the following test data [New screen size is now: (1176, 811)]. @30-10-2021 20:20:03.0022 P

################################################################################################################################################
Starting Execution:	[143 out of 143] test cases in the current suite
Test Method:		[testPackage01.Test_dynamicLoading.dynamicLoading_elementIsRendered]
################################################################################################################################################
[ReportManager] Target URL: [https://the-internet.herokuapp.com/dynamic_loading/2] @30-10-2021 20:20:03.0025 PM
[ReportManager] Initial URL: [] @30-10-2021 20:20:03.0107 PM
[ReportManager] Browser Action [NavigateToURL] successfully performed. With the following test data [https://the-internet.herokuapp.com/dynamic_loading/2]. @30-10-2021 20:20:03.0510 PM
[ReportManager] Element Action [Click] successfully performed. With the following test data [Start]. @30-10-2021 20:20:03.0802 P
[ReportManager] Browser Action [CloseCurrentWindow] successfully performed. @30-10-2021 20:20:04.0020 PM
[ReportManager] Successfully created attachment [Browser Action Test Data - CloseCurrentWindow - Actual Value] @30-10-2021 20:20:04.0021 P

################################################################################################################################################
Test Closure Activities
################################################################################################################################################
[ReportManager] Successfully created attachment [SHAFT Engine Logs - Execution log] @30-10-2021 20:20:04.0066 PM

################################################################################################################################################
This test run was powered by SHAFT Engine Version: [SHAFT Engine v5.4.20211030-BETA]
SHAFT Engine is licensed under the MIT License: [https://github.com/MohabMohie/SHAFT_ENGINE/blob/master/LICENSE].
################################################################################################################################################