################################################################################################################################################
Detected SHAFT Engine Version: [SHAFT Engine v5.3.20210902]
################################################################################################################################################

################################################################################################################################################
Starting Execution:	[1 out of 144] test cases in the current suite
Test Method:		[unitTests.tests_validations_assertions.assertComparativeRelation_greaterThanOrEquals_false_equals_expectedToFail]
################################################################################################################################################
[ReportManager] Assertion [ValidateComparativeRelation] FAILED. Expected [1] and Actual [1]. Comparison Type [GREATER_THAN_OR_EQUALS]. Validation Type [NEGATIVE]. @23-09-2021 22:34:34.0225 P

################################################################################################################################################
Starting Execution:	[2 out of 144] test cases in the current suite
Test Method:		[unitTests.tests_validations_assertions.assertComparativeRelation_greaterThanOrEquals_false_equals_expectedToPass]
################################################################################################################################################
[ReportManager] Assertion [ValidateComparativeRelation] PASSED. Expected [2] and Actual [1]. Comparison Type [GREATER_THAN_OR_EQUALS]. Validation Type [NEGATIVE]. @23-09-2021 22:34:34.0362 P

################################################################################################################################################
Starting Execution:	[3 out of 144] test cases in the current suite
Test Method:		[unitTests.tests_validations_assertions.assertComparativeRelation_greaterThanOrEquals_false_greaterThan_expectedToFail]
################################################################################################################################################
[ReportManager] Assertion [ValidateComparativeRelation] FAILED. Expected [1] and Actual [2]. Comparison Type [GREATER_THAN_OR_EQUALS]. Validation Type [NEGATIVE]. @23-09-2021 22:34:34.0371 P

################################################################################################################################################
Starting Execution:	[4 out of 144] test cases in the current suite
Test Method:		[unitTests.tests_validations_assertions.assertComparativeRelation_greaterThanOrEquals_false_greaterThan_expectedToPass]
################################################################################################################################################
[ReportManager] Assertion [ValidateComparativeRelation] PASSED. Expected [2] and Actual [1]. Comparison Type [GREATER_THAN_OR_EQUALS]. Validation Type [NEGATIVE]. @23-09-2021 22:34:34.0380 P

################################################################################################################################################
Starting Execution:	[5 out of 144] test cases in the current suite
Test Method:		[unitTests.tests_validations_assertions.assertComparativeRelation_greaterThanOrEquals_true_equals_expectedToFail]
################################################################################################################################################
[ReportManager] Assertion [ValidateComparativeRelation] FAILED. Expected [1] and Actual [0]. Comparison Type [GREATER_THAN_OR_EQUALS]. Validation Type [POSITIVE]. @23-09-2021 22:34:34.0389 P

################################################################################################################################################
Starting Execution:	[6 out of 144] test cases in the current suite
Test Method:		[unitTests.tests_validations_assertions.assertComparativeRelation_greaterThanOrEquals_true_equals_expectedToPass]
################################################################################################################################################
[ReportManager] Assertion [ValidateComparativeRelation] PASSED. Expected [1] and Actual [1]. Comparison Type [GREATER_THAN_OR_EQUALS]. Validation Type [POSITIVE]. @23-09-2021 22:34:34.0400 P

################################################################################################################################################
Starting Execution:	[7 out of 144] test cases in the current suite
Test Method:		[unitTests.tests_validations_assertions.assertComparativeRelation_greaterThanOrEquals_true_greaterThan_expectedToFail]
################################################################################################################################################
[ReportManager] Assertion [ValidateComparativeRelation] FAILED. Expected [2] and Actual [1]. Comparison Type [GREATER_THAN_OR_EQUALS]. Validation Type [POSITIVE]. @23-09-2021 22:34:34.0407 P

################################################################################################################################################
Starting Execution:	[8 out of 144] test cases in the current suite
Test Method:		[unitTests.tests_validations_assertions.assertComparativeRelation_greaterThanOrEquals_true_greaterThan_expectedToPass]
################################################################################################################################################
[ReportManager] Assertion [ValidateComparativeRelation] PASSED. Expected [1] and Actual [2]. Comparison Type [GREATER_THAN_OR_EQUALS]. Validation Type [POSITIVE]. @23-09-2021 22:34:34.0421 P
[ReportManager] File Action [GetAbsolutePath] successfully performed. With the following test data [Relative Folder Path: "target/downloadedFiles/"]. @23-09-2021 22:34:34.0436 PM
[ReportManager] Attempting to run remotely on: [Linux-64], [GoogleChrome], [http://localhost:4444/wd/hub], Headless Execution. @23-09-2021 22:34:34.0467 PM
[ReportManager] Successfully Opened [GoogleChrome]. @23-09-2021 22:34:36.0012 PM
[ReportManager] Target URL: [https://www.google.com/ncr], and after redirection: [www.google.com] @23-09-2021 22:34:36.0067 PM
[ReportManager] Initial URL: [data:,] @23-09-2021 22:34:36.0187 PM
[ReportManager] Browser Action [NavigateToURL] successfully performed. With the following test data [https://www.google.com/ncr]. @23-09-2021 22:34:37.0561 P

################################################################################################################################################
Starting Execution:	[9 out of 144] test cases in the current suite
Test Method:		[unitTests.tests_validations_assertions.assertElementAttribute_false_caseInsensitiveComparison_expectedToFail]
################################################################################################################################################
[ReportManager] Element Action [Type] successfully performed. With the following test data [AUTOMATION]. @23-09-2021 22:34:38.0069 PM
[ReportManager] Element Action [GetText] successfully performed. With the following test data [AUTOMATION]. @23-09-2021 22:34:38.0226 PM
[ReportManager] Loaded Shared OpenCV @23-09-2021 22:34:38.0915 PM
[ReportManager] Assertion [ValidateElementAttribute] FAILED. Expected [Value Should not be 'AutomaTion' for the 'text' attribute, element locator 'By.name: q'] and Actual [AUTOMATION]. Comparison Type [CASE_INSENSITIVE]. Validation Type [NEGATIVE]. @23-09-2021 22:34:39.0213 PM
[ReportManager] Successfully created attachment [Screenshot - 1632436478452_assertElementAttribute_false_caseInsensitiveComparison_expectedToFail_ValidateElementAttribute_failed] @23-09-2021 22:34:39.0230 P
[ReportManager] Browser Action [CloseCurrentWindow] successfully performed. @23-09-2021 22:34:39.0430 PM
[ReportManager] Successfully created attachment [Browser Action Test Data - CloseCurrentWindow - Actual Value] @23-09-2021 22:34:39.0440 P
[ReportManager] File Action [GetAbsolutePath] successfully performed. With the following test data [Relative Folder Path: "target/downloadedFiles/"]. @23-09-2021 22:34:39.0456 PM
[ReportManager] Attempting to run remotely on: [Linux-64], [GoogleChrome], [http://localhost:4444/wd/hub], Headless Execution. @23-09-2021 22:34:39.0456 PM
[ReportManager] Successfully Opened [GoogleChrome]. @23-09-2021 22:34:39.0749 PM
[ReportManager] Target URL: [https://www.google.com/ncr], and after redirection: [www.google.com] @23-09-2021 22:34:39.0765 PM
[ReportManager] Initial URL: [data:,] @23-09-2021 22:34:39.0849 PM
[ReportManager] Browser Action [NavigateToURL] successfully performed. With the following test data [https://www.google.com/ncr]. @23-09-2021 22:34:40.0779 P

################################################################################################################################################
Starting Execution:	[10 out of 144] test cases in the current suite
Test Method:		[unitTests.tests_validations_assertions.assertElementAttribute_false_caseInsensitiveComparison_expectedToPass]
################################################################################################################################################
[ReportManager] Element Action [Type] successfully performed. With the following test data [AUTOMATION]. @23-09-2021 22:34:41.0205 PM
[ReportManager] Element Action [GetText] successfully performed. With the following test data [AUTOMATION]. @23-09-2021 22:34:41.0341 PM
[ReportManager] Loaded Shared OpenCV @23-09-2021 22:34:41.0499 PM
[ReportManager] Assertion [ValidateElementAttribute] PASSED. Expected [Value Should not be 'AutomaTion123' for the 'text' attribute, element locator 'By.name: q'] and Actual [AUTOMATION]. Comparison Type [CASE_INSENSITIVE]. Validation Type [NEGATIVE]. @23-09-2021 22:34:41.0633 PM
[ReportManager] Successfully created attachment [Screenshot - 1632436481499_assertElementAttribute_false_caseInsensitiveComparison_expectedToPass_ValidateElementAttribute_passed] @23-09-2021 22:34:41.0637 P
[ReportManager] Browser Action [CloseCurrentWindow] successfully performed. @23-09-2021 22:34:41.0792 PM
[ReportManager] Successfully created attachment [Browser Action Test Data - CloseCurrentWindow - Actual Value] @23-09-2021 22:34:41.0793 P
[ReportManager] File Action [GetAbsolutePath] successfully performed. With the following test data [Relative Folder Path: "target/downloadedFiles/"]. @23-09-2021 22:34:41.0800 PM
[ReportManager] Attempting to run remotely on: [Linux-64], [GoogleChrome], [http://localhost:4444/wd/hub], Headless Execution. @23-09-2021 22:34:41.0800 PM
[ReportManager] Successfully Opened [GoogleChrome]. @23-09-2021 22:34:42.0054 PM
[ReportManager] Target URL: [https://www.google.com/ncr], and after redirection: [www.google.com] @23-09-2021 22:34:42.0069 PM
[ReportManager] Initial URL: [data:,] @23-09-2021 22:34:42.0129 PM
[ReportManager] Browser Action [NavigateToURL] successfully performed. With the following test data [https://www.google.com/ncr]. @23-09-2021 22:34:43.0023 P

################################################################################################################################################
Starting Execution:	[11 out of 144] test cases in the current suite
Test Method:		[unitTests.tests_validations_assertions.assertElementAttribute_false_containsComparison_expectedToFail]
################################################################################################################################################
[ReportManager] Element Action [Type] successfully performed. With the following test data [Automation123]. @23-09-2021 22:34:43.0444 PM
[ReportManager] Element Action [GetText] successfully performed. With the following test data [Automation123]. @23-09-2021 22:34:43.0577 PM
[ReportManager] Loaded Shared OpenCV @23-09-2021 22:34:43.0737 PM
[ReportManager] Assertion [ValidateElementAttribute] FAILED. Expected [Value Should not be 'Automation' for the 'text' attribute, element locator 'By.name: q'] and Actual [Automation123]. Comparison Type [CONTAINS]. Validation Type [NEGATIVE]. @23-09-2021 22:34:43.0837 PM
[ReportManager] Successfully created attachment [Screenshot - 1632436483737_assertElementAttribute_false_containsComparison_expectedToFail_ValidateElementAttribute_failed] @23-09-2021 22:34:43.0838 P
[ReportManager] Browser Action [CloseCurrentWindow] successfully performed. @23-09-2021 22:34:43.0986 PM
[ReportManager] Successfully created attachment [Browser Action Test Data - CloseCurrentWindow - Actual Value] @23-09-2021 22:34:43.0987 P
[ReportManager] File Action [GetAbsolutePath] successfully performed. With the following test data [Relative Folder Path: "target/downloadedFiles/"]. @23-09-2021 22:34:43.0990 PM
[ReportManager] Attempting to run remotely on: [Linux-64], [GoogleChrome], [http://localhost:4444/wd/hub], Headless Execution. @23-09-2021 22:34:43.0991 PM
[ReportManager] Successfully Opened [GoogleChrome]. @23-09-2021 22:34:44.0244 PM
[ReportManager] Target URL: [https://www.google.com/ncr], and after redirection: [www.google.com] @23-09-2021 22:34:44.0264 PM
[ReportManager] Initial URL: [data:,] @23-09-2021 22:34:44.0316 PM
[ReportManager] Browser Action [NavigateToURL] successfully performed. With the following test data [https://www.google.com/ncr]. @23-09-2021 22:34:45.0881 P

################################################################################################################################################
Starting Execution:	[12 out of 144] test cases in the current suite
Test Method:		[unitTests.tests_validations_assertions.assertElementAttribute_false_containsComparison_expectedToPass]
################################################################################################################################################
[ReportManager] Element Action [Type] successfully performed. With the following test data [Automation123]. @23-09-2021 22:34:46.0311 PM
[ReportManager] Element Action [GetText] successfully performed. With the following test data [Automation123]. @23-09-2021 22:34:46.0435 PM
[ReportManager] Loaded Shared OpenCV @23-09-2021 22:34:46.0565 PM
[ReportManager] Assertion [ValidateElementAttribute] PASSED. Expected [Value Should not be 'Automation1234' for the 'text' attribute, element locator 'By.name: q'] and Actual [Automation123]. Comparison Type [CONTAINS]. Validation Type [NEGATIVE]. @23-09-2021 22:34:46.0639 PM
[ReportManager] Successfully created attachment [Screenshot - 1632436486565_assertElementAttribute_false_containsComparison_expectedToPass_ValidateElementAttribute_passed] @23-09-2021 22:34:46.0640 P
[ReportManager] Browser Action [CloseCurrentWindow] successfully performed. @23-09-2021 22:34:46.0798 PM
[ReportManager] Successfully created attachment [Browser Action Test Data - CloseCurrentWindow - Actual Value] @23-09-2021 22:34:46.0799 P
[ReportManager] File Action [GetAbsolutePath] successfully performed. With the following test data [Relative Folder Path: "target/downloadedFiles/"]. @23-09-2021 22:34:46.0803 PM
[ReportManager] Attempting to run remotely on: [Linux-64], [GoogleChrome], [http://localhost:4444/wd/hub], Headless Execution. @23-09-2021 22:34:46.0804 PM
[ReportManager] Successfully Opened [GoogleChrome]. @23-09-2021 22:34:47.0043 PM
[ReportManager] Target URL: [https://www.google.com/ncr], and after redirection: [www.google.com] @23-09-2021 22:34:47.0060 PM
[ReportManager] Initial URL: [data:,] @23-09-2021 22:34:47.0135 PM
[ReportManager] Browser Action [NavigateToURL] successfully performed. With the following test data [https://www.google.com/ncr]. @23-09-2021 22:34:47.0979 P

################################################################################################################################################
Starting Execution:	[13 out of 144] test cases in the current suite
Test Method:		[unitTests.tests_validations_assertions.assertElementAttribute_false_literalComparison_expectedToFail]
################################################################################################################################################
[ReportManager] Element Action [Type] successfully performed. With the following test data [Automation!@#$%^&*()_+{}[]\';/.,]. @23-09-2021 22:34:48.0466 PM
[ReportManager] Element Action [GetText] successfully performed. With the following test data [Automation!@#$%^&*()_+{}[]\';/.,]. @23-09-2021 22:34:48.0586 PM
[ReportManager] Loaded Shared OpenCV @23-09-2021 22:34:48.0742 PM
[ReportManager] Assertion [ValidateElementAttribute] PASSED. Expected [Value Should not be 'Automation!@#$%^&*()_+{}[]\\';/.,' for the 'text' attribute, element locator 'By.name: q'] and Actual [Automation!@#$%^&*()_+{}[]\';/.,]. Comparison Type [EQUALS]. Validation Type [NEGATIVE]. @23-09-2021 22:34:48.0819 PM
[ReportManager] Successfully created attachment [Screenshot - 1632436488741_assertElementAttribute_false_literalComparison_expectedToFail_ValidateElementAttribute_passed] @23-09-2021 22:34:48.0821 P
[ReportManager] Browser Action [CloseCurrentWindow] successfully performed. @23-09-2021 22:34:48.0950 PM
[ReportManager] Successfully created attachment [Browser Action Test Data - CloseCurrentWindow - Actual Value] @23-09-2021 22:34:48.0951 P
[ReportManager] File Action [GetAbsolutePath] successfully performed. With the following test data [Relative Folder Path: "target/downloadedFiles/"]. @23-09-2021 22:34:48.0954 PM
[ReportManager] Attempting to run remotely on: [Linux-64], [GoogleChrome], [http://localhost:4444/wd/hub], Headless Execution. @23-09-2021 22:34:48.0954 PM
[ReportManager] Successfully Opened [GoogleChrome]. @23-09-2021 22:34:49.0181 PM
[ReportManager] Target URL: [https://www.google.com/ncr], and after redirection: [www.google.com] @23-09-2021 22:34:49.0199 PM
[ReportManager] Initial URL: [data:,] @23-09-2021 22:34:49.0254 PM
[ReportManager] Browser Action [NavigateToURL] successfully performed. With the following test data [https://www.google.com/ncr]. @23-09-2021 22:34:50.0140 P

################################################################################################################################################
Starting Execution:	[14 out of 144] test cases in the current suite
Test Method:		[unitTests.tests_validations_assertions.assertElementAttribute_false_literalComparison_expectedToPass]
################################################################################################################################################
[ReportManager] Element Action [Type] successfully performed. With the following test data [Automation!@#$%^&*()_+{}[]\';/.,]. @23-09-2021 22:34:50.0614 PM
[ReportManager] Element Action [GetText] successfully performed. With the following test data [Automation!@#$%^&*()_+{}[]\';/.,]. @23-09-2021 22:34:50.0708 PM
[ReportManager] Loaded Shared OpenCV @23-09-2021 22:34:50.0878 PM
[ReportManager] Assertion [ValidateElementAttribute] PASSED. Expected [Value Should not be 'Automation' for the 'text' attribute, element locator 'By.name: q'] and Actual [Automation!@#$%^&*()_+{}[]\';/.,]. Comparison Type [EQUALS]. Validation Type [NEGATIVE]. @23-09-2021 22:34:50.0962 PM
[ReportManager] Successfully created attachment [Screenshot - 1632436490877_assertElementAttribute_false_literalComparison_expectedToPass_ValidateElementAttribute_passed] @23-09-2021 22:34:50.0963 P
[ReportManager] Browser Action [CloseCurrentWindow] successfully performed. @23-09-2021 22:34:51.0100 PM
[ReportManager] Successfully created attachment [Browser Action Test Data - CloseCurrentWindow - Actual Value] @23-09-2021 22:34:51.0101 P
[ReportManager] File Action [GetAbsolutePath] successfully performed. With the following test data [Relative Folder Path: "target/downloadedFiles/"]. @23-09-2021 22:34:51.0107 PM
[ReportManager] Attempting to run remotely on: [Linux-64], [GoogleChrome], [http://localhost:4444/wd/hub], Headless Execution. @23-09-2021 22:34:51.0107 PM
[ReportManager] Successfully Opened [GoogleChrome]. @23-09-2021 22:34:51.0310 PM
[ReportManager] Target URL: [https://www.google.com/ncr], and after redirection: [www.google.com] @23-09-2021 22:34:51.0328 PM
[ReportManager] Initial URL: [data:,] @23-09-2021 22:34:51.0381 PM
[ReportManager] Browser Action [NavigateToURL] successfully performed. With the following test data [https://www.google.com/ncr]. @23-09-2021 22:34:52.0290 P

################################################################################################################################################
Starting Execution:	[15 out of 144] test cases in the current suite
Test Method:		[unitTests.tests_validations_assertions.assertElementAttribute_false_regexComparison_expectedToFail]
################################################################################################################################################
[ReportManager] Element Action [Type] successfully performed. With the following test data [Automation123]. @23-09-2021 22:34:52.0654 PM
[ReportManager] Element Action [GetText] successfully performed. With the following test data [Automation123]. @23-09-2021 22:34:52.0751 PM
[ReportManager] Loaded Shared OpenCV @23-09-2021 22:34:52.0881 PM
[ReportManager] Assertion [ValidateElementAttribute] FAILED. Expected [Value Should not be 'Automation.*' for the 'text' attribute, element locator 'By.name: q'] and Actual [Automation123]. Comparison Type [MATCHES]. Validation Type [NEGATIVE]. @23-09-2021 22:34:52.0957 PM
[ReportManager] Successfully created attachment [Screenshot - 1632436492881_assertElementAttribute_false_regexComparison_expectedToFail_ValidateElementAttribute_failed] @23-09-2021 22:34:52.0958 P
[ReportManager] Browser Action [CloseCurrentWindow] successfully performed. @23-09-2021 22:34:53.0088 PM
[ReportManager] Successfully created attachment [Browser Action Test Data - CloseCurrentWindow - Actual Value] @23-09-2021 22:34:53.0089 P
[ReportManager] File Action [GetAbsolutePath] successfully performed. With the following test data [Relative Folder Path: "target/downloadedFiles/"]. @23-09-2021 22:34:53.0094 PM
[ReportManager] Attempting to run remotely on: [Linux-64], [GoogleChrome], [http://localhost:4444/wd/hub], Headless Execution. @23-09-2021 22:34:53.0094 PM
[ReportManager] Successfully Opened [GoogleChrome]. @23-09-2021 22:34:53.0314 PM
[ReportManager] Target URL: [https://www.google.com/ncr], and after redirection: [www.google.com] @23-09-2021 22:34:53.0332 PM
[ReportManager] Initial URL: [data:,] @23-09-2021 22:34:53.0392 PM
[ReportManager] Browser Action [NavigateToURL] successfully performed. With the following test data [https://www.google.com/ncr]. @23-09-2021 22:34:54.0218 P

################################################################################################################################################
Starting Execution:	[16 out of 144] test cases in the current suite
Test Method:		[unitTests.tests_validations_assertions.assertElementAttribute_false_regexComparison_expectedToPass]
################################################################################################################################################
[ReportManager] Element Action [Type] successfully performed. With the following test data [Automation123]. @23-09-2021 22:34:54.0565 PM
[ReportManager] Element Action [GetText] successfully performed. With the following test data [Automation123]. @23-09-2021 22:34:54.0676 PM
[ReportManager] Loaded Shared OpenCV @23-09-2021 22:34:54.0816 PM
[ReportManager] Assertion [ValidateElementAttribute] PASSED. Expected [Value Should not be 'Automation' for the 'text' attribute, element locator 'By.name: q'] and Actual [Automation123]. Comparison Type [MATCHES]. Validation Type [NEGATIVE]. @23-09-2021 22:34:54.0890 PM
[ReportManager] Successfully created attachment [Screenshot - 1632436494816_assertElementAttribute_false_regexComparison_expectedToPass_ValidateElementAttribute_passed] @23-09-2021 22:34:54.0891 P
[ReportManager] Browser Action [CloseCurrentWindow] successfully performed. @23-09-2021 22:34:55.0037 PM
[ReportManager] Successfully created attachment [Browser Action Test Data - CloseCurrentWindow - Actual Value] @23-09-2021 22:34:55.0038 P
[ReportManager] File Action [GetAbsolutePath] successfully performed. With the following test data [Relative Folder Path: "target/downloadedFiles/"]. @23-09-2021 22:34:55.0049 PM
[ReportManager] Attempting to run remotely on: [Linux-64], [GoogleChrome], [http://localhost:4444/wd/hub], Headless Execution. @23-09-2021 22:34:55.0050 PM
[ReportManager] Successfully Opened [GoogleChrome]. @23-09-2021 22:34:55.0301 PM
[ReportManager] Target URL: [https://www.google.com/ncr], and after redirection: [www.google.com] @23-09-2021 22:34:55.0312 PM
[ReportManager] Initial URL: [data:,] @23-09-2021 22:34:55.0354 PM
[ReportManager] Browser Action [NavigateToURL] successfully performed. With the following test data [https://www.google.com/ncr]. @23-09-2021 22:34:56.0162 P

################################################################################################################################################
Starting Execution:	[17 out of 144] test cases in the current suite
Test Method:		[unitTests.tests_validations_assertions.assertElementAttribute_true_caseInsensitiveComparison_expectedToFail]
################################################################################################################################################
[ReportManager] Element Action [Type] successfully performed. With the following test data [AUTOMATION]. @23-09-2021 22:34:56.0515 PM
[ReportManager] Element Action [GetText] successfully performed. With the following test data [AUTOMATION]. @23-09-2021 22:34:56.0624 PM
[ReportManager] Loaded Shared OpenCV @23-09-2021 22:34:56.0758 PM
[ReportManager] Assertion [ValidateElementAttribute] FAILED. Expected [Value Should be 'AutomaTion123' for the 'text' attribute, element locator 'By.name: q'] and Actual [AUTOMATION]. Comparison Type [CASE_INSENSITIVE]. Validation Type [POSITIVE]. @23-09-2021 22:34:56.0834 PM
[ReportManager] Successfully created attachment [Screenshot - 1632436496758_assertElementAttribute_true_caseInsensitiveComparison_expectedToFail_ValidateElementAttribute_failed] @23-09-2021 22:34:56.0835 P
[ReportManager] Browser Action [CloseCurrentWindow] successfully performed. @23-09-2021 22:34:56.0969 PM
[ReportManager] Successfully created attachment [Browser Action Test Data - CloseCurrentWindow - Actual Value] @23-09-2021 22:34:56.0970 P
[ReportManager] File Action [GetAbsolutePath] successfully performed. With the following test data [Relative Folder Path: "target/downloadedFiles/"]. @23-09-2021 22:34:56.0974 PM
[ReportManager] Attempting to run remotely on: [Linux-64], [GoogleChrome], [http://localhost:4444/wd/hub], Headless Execution. @23-09-2021 22:34:56.0974 PM
[ReportManager] Successfully Opened [GoogleChrome]. @23-09-2021 22:34:57.0186 PM
[ReportManager] Target URL: [https://www.google.com/ncr], and after redirection: [www.google.com] @23-09-2021 22:34:57.0199 PM
[ReportManager] Initial URL: [data:,] @23-09-2021 22:34:57.0241 PM
[ReportManager] Browser Action [NavigateToURL] successfully performed. With the following test data [https://www.google.com/ncr]. @23-09-2021 22:34:58.0061 P

################################################################################################################################################
Starting Execution:	[18 out of 144] test cases in the current suite
Test Method:		[unitTests.tests_validations_assertions.assertElementAttribute_true_caseInsensitiveComparison_expectedToPass]
################################################################################################################################################
[ReportManager] Element Action [Type] successfully performed. With the following test data [AUTOMATION]. @23-09-2021 22:34:58.0465 PM
[ReportManager] Element Action [GetText] successfully performed. With the following test data [AUTOMATION]. @23-09-2021 22:34:58.0568 PM
[ReportManager] Loaded Shared OpenCV @23-09-2021 22:34:58.0707 PM
[ReportManager] Assertion [ValidateElementAttribute] PASSED. Expected [Value Should be 'AutomaTion' for the 'text' attribute, element locator 'By.name: q'] and Actual [AUTOMATION]. Comparison Type [CASE_INSENSITIVE]. Validation Type [POSITIVE]. @23-09-2021 22:34:58.0791 PM
[ReportManager] Successfully created attachment [Screenshot - 1632436498707_assertElementAttribute_true_caseInsensitiveComparison_expectedToPass_ValidateElementAttribute_passed] @23-09-2021 22:34:58.0792 P
[ReportManager] Browser Action [CloseCurrentWindow] successfully performed. @23-09-2021 22:34:58.0914 PM
[ReportManager] Successfully created attachment [Browser Action Test Data - CloseCurrentWindow - Actual Value] @23-09-2021 22:34:58.0915 P
[ReportManager] File Action [GetAbsolutePath] successfully performed. With the following test data [Relative Folder Path: "target/downloadedFiles/"]. @23-09-2021 22:34:58.0919 PM
[ReportManager] Attempting to run remotely on: [Linux-64], [GoogleChrome], [http://localhost:4444/wd/hub], Headless Execution. @23-09-2021 22:34:58.0920 PM
[ReportManager] Successfully Opened [GoogleChrome]. @23-09-2021 22:34:59.0120 PM
[ReportManager] Target URL: [https://www.google.com/ncr], and after redirection: [www.google.com] @23-09-2021 22:34:59.0131 PM
[ReportManager] Initial URL: [data:,] @23-09-2021 22:34:59.0183 PM
[ReportManager] Browser Action [NavigateToURL] successfully performed. With the following test data [https://www.google.com/ncr]. @23-09-2021 22:34:59.0990 P

################################################################################################################################################
Starting Execution:	[19 out of 144] test cases in the current suite
Test Method:		[unitTests.tests_validations_assertions.assertElementAttribute_true_containsComparison_expectedToFail]
################################################################################################################################################
[ReportManager] Element Action [Type] successfully performed. With the following test data [Automation123]. @23-09-2021 22:35:00.0369 PM
[ReportManager] Element Action [GetText] successfully performed. With the following test data [Automation123]. @23-09-2021 22:35:00.0473 PM
[ReportManager] Loaded Shared OpenCV @23-09-2021 22:35:00.0617 PM
[ReportManager] Assertion [ValidateElementAttribute] FAILED. Expected [Value Should be 'Automation1234' for the 'text' attribute, element locator 'By.name: q'] and Actual [Automation123]. Comparison Type [CONTAINS]. Validation Type [POSITIVE]. @23-09-2021 22:35:00.0691 PM
[ReportManager] Successfully created attachment [Screenshot - 1632436500617_assertElementAttribute_true_containsComparison_expectedToFail_ValidateElementAttribute_failed] @23-09-2021 22:35:00.0692 P
[ReportManager] Browser Action [CloseCurrentWindow] successfully performed. @23-09-2021 22:35:00.0817 PM
[ReportManager] Successfully created attachment [Browser Action Test Data - CloseCurrentWindow - Actual Value] @23-09-2021 22:35:00.0818 P
[ReportManager] File Action [GetAbsolutePath] successfully performed. With the following test data [Relative Folder Path: "target/downloadedFiles/"]. @23-09-2021 22:35:00.0821 PM
[ReportManager] Attempting to run remotely on: [Linux-64], [GoogleChrome], [http://localhost:4444/wd/hub], Headless Execution. @23-09-2021 22:35:00.0822 PM
[ReportManager] Successfully Opened [GoogleChrome]. @23-09-2021 22:35:01.0070 PM
[ReportManager] Target URL: [https://www.google.com/ncr], and after redirection: [www.google.com] @23-09-2021 22:35:01.0081 PM
[ReportManager] Initial URL: [data:,] @23-09-2021 22:35:01.0123 PM
[ReportManager] Browser Action [NavigateToURL] successfully performed. With the following test data [https://www.google.com/ncr]. @23-09-2021 22:35:01.0976 P

################################################################################################################################################
Starting Execution:	[20 out of 144] test cases in the current suite
Test Method:		[unitTests.tests_validations_assertions.assertElementAttribute_true_containsComparison_expectedToPass]
################################################################################################################################################
[ReportManager] Element Action [Type] successfully performed. With the following test data [Automation123]. @23-09-2021 22:35:02.0395 PM
[ReportManager] Element Action [GetText] successfully performed. With the following test data [Automation123]. @23-09-2021 22:35:02.0499 PM
[ReportManager] Loaded Shared OpenCV @23-09-2021 22:35:02.0618 PM
[ReportManager] Assertion [ValidateElementAttribute] PASSED. Expected [Value Should be 'Automation' for the 'text' attribute, element locator 'By.name: q'] and Actual [Automation123]. Comparison Type [CONTAINS]. Validation Type [POSITIVE]. @23-09-2021 22:35:02.0694 PM
[ReportManager] Successfully created attachment [Screenshot - 1632436502618_assertElementAttribute_true_containsComparison_expectedToPass_ValidateElementAttribute_passed] @23-09-2021 22:35:02.0695 P
[ReportManager] Browser Action [CloseCurrentWindow] successfully performed. @23-09-2021 22:35:02.0825 PM
[ReportManager] Successfully created attachment [Browser Action Test Data - CloseCurrentWindow - Actual Value] @23-09-2021 22:35:02.0826 P
[ReportManager] File Action [GetAbsolutePath] successfully performed. With the following test data [Relative Folder Path: "target/downloadedFiles/"]. @23-09-2021 22:35:02.0829 PM
[ReportManager] Attempting to run remotely on: [Linux-64], [GoogleChrome], [http://localhost:4444/wd/hub], Headless Execution. @23-09-2021 22:35:02.0829 PM
[ReportManager] Successfully Opened [GoogleChrome]. @23-09-2021 22:35:03.0062 PM
[ReportManager] Target URL: [https://www.google.com/ncr], and after redirection: [www.google.com] @23-09-2021 22:35:03.0073 PM
[ReportManager] Initial URL: [data:,] @23-09-2021 22:35:03.0122 PM
[ReportManager] Browser Action [NavigateToURL] successfully performed. With the following test data [https://www.google.com/ncr]. @23-09-2021 22:35:03.0929 P

################################################################################################################################################
Starting Execution:	[21 out of 144] test cases in the current suite
Test Method:		[unitTests.tests_validations_assertions.assertElementAttribute_true_literalComparison_expectedToFail]
################################################################################################################################################
[ReportManager] Element Action [Type] successfully performed. With the following test data [Automation!@#$%^&*()_+{}[]\';/.,]. @23-09-2021 22:35:04.0404 PM
[ReportManager] Element Action [GetText] successfully performed. With the following test data [Automation!@#$%^&*()_+{}[]\';/.,]. @23-09-2021 22:35:04.0514 PM
[ReportManager] Loaded Shared OpenCV @23-09-2021 22:35:04.0660 PM
[ReportManager] Assertion [ValidateElementAttribute] FAILED. Expected [Value Should be 'Automation' for the 'text' attribute, element locator 'By.name: q'] and Actual [Automation!@#$%^&*()_+{}[]\';/.,]. Comparison Type [EQUALS]. Validation Type [POSITIVE]. @23-09-2021 22:35:04.0740 PM
[ReportManager] Successfully created attachment [Screenshot - 1632436504660_assertElementAttribute_true_literalComparison_expectedToFail_ValidateElementAttribute_failed] @23-09-2021 22:35:04.0742 P
[ReportManager] Browser Action [CloseCurrentWindow] successfully performed. @23-09-2021 22:35:04.0882 PM
[ReportManager] Successfully created attachment [Browser Action Test Data - CloseCurrentWindow - Actual Value] @23-09-2021 22:35:04.0882 P
[ReportManager] File Action [GetAbsolutePath] successfully performed. With the following test data [Relative Folder Path: "target/downloadedFiles/"]. @23-09-2021 22:35:04.0885 PM
[ReportManager] Attempting to run remotely on: [Linux-64], [GoogleChrome], [http://localhost:4444/wd/hub], Headless Execution. @23-09-2021 22:35:04.0885 PM
[ReportManager] Successfully Opened [GoogleChrome]. @23-09-2021 22:35:05.0156 PM
[ReportManager] Target URL: [https://www.google.com/ncr], and after redirection: [www.google.com] @23-09-2021 22:35:05.0174 PM
[ReportManager] Initial URL: [data:,] @23-09-2021 22:35:05.0220 PM
[ReportManager] Browser Action [NavigateToURL] successfully performed. With the following test data [https://www.google.com/ncr]. @23-09-2021 22:35:06.0055 P

################################################################################################################################################
Starting Execution:	[22 out of 144] test cases in the current suite
Test Method:		[unitTests.tests_validations_assertions.assertElementAttribute_true_literalComparison_expectedToPass]
################################################################################################################################################
[ReportManager] Element Action [Type] successfully performed. With the following test data [Automation!@#$%^&*()_+{}[]\';/.,]. @23-09-2021 22:35:06.0491 PM
[ReportManager] Element Action [GetText] successfully performed. With the following test data [Automation!@#$%^&*()_+{}[]\';/.,]. @23-09-2021 22:35:06.0577 PM
[ReportManager] Loaded Shared OpenCV @23-09-2021 22:35:06.0704 PM
[ReportManager] Assertion [ValidateElementAttribute] PASSED. Expected [Value Should be 'Automation!@#$%^&*()_+{}[]\';/.,' for the 'text' attribute, element locator 'By.name: q'] and Actual [Automation!@#$%^&*()_+{}[]\';/.,]. Comparison Type [EQUALS]. Validation Type [POSITIVE]. @23-09-2021 22:35:06.0779 PM
[ReportManager] Successfully created attachment [Screenshot - 1632436506703_assertElementAttribute_true_literalComparison_expectedToPass_ValidateElementAttribute_passed] @23-09-2021 22:35:06.0780 P
[ReportManager] Browser Action [CloseCurrentWindow] successfully performed. @23-09-2021 22:35:06.0901 PM
[ReportManager] Successfully created attachment [Browser Action Test Data - CloseCurrentWindow - Actual Value] @23-09-2021 22:35:06.0903 P
[ReportManager] File Action [GetAbsolutePath] successfully performed. With the following test data [Relative Folder Path: "target/downloadedFiles/"]. @23-09-2021 22:35:06.0907 PM
[ReportManager] Attempting to run remotely on: [Linux-64], [GoogleChrome], [http://localhost:4444/wd/hub], Headless Execution. @23-09-2021 22:35:06.0907 PM
[ReportManager] Successfully Opened [GoogleChrome]. @23-09-2021 22:35:07.0163 PM
[ReportManager] Target URL: [https://www.google.com/ncr], and after redirection: [www.google.com] @23-09-2021 22:35:07.0173 PM
[ReportManager] Initial URL: [data:,] @23-09-2021 22:35:07.0215 PM
[ReportManager] Browser Action [NavigateToURL] successfully performed. With the following test data [https://www.google.com/ncr]. @23-09-2021 22:35:08.0060 P

################################################################################################################################################
Starting Execution:	[23 out of 144] test cases in the current suite
Test Method:		[unitTests.tests_validations_assertions.assertElementAttribute_true_regexComparison_expectedToFail]
################################################################################################################################################
[ReportManager] Element Action [Type] successfully performed. With the following test data [Automation123]. @23-09-2021 22:35:08.0441 PM
[ReportManager] Element Action [GetText] successfully performed. With the following test data [Automation123]. @23-09-2021 22:35:08.0545 PM
[ReportManager] Loaded Shared OpenCV @23-09-2021 22:35:08.0683 PM
[ReportManager] Assertion [ValidateElementAttribute] FAILED. Expected [Value Should be 'Automation' for the 'text' attribute, element locator 'By.name: q'] and Actual [Automation123]. Comparison Type [MATCHES]. Validation Type [POSITIVE]. @23-09-2021 22:35:08.0766 PM
[ReportManager] Successfully created attachment [Screenshot - 1632436508683_assertElementAttribute_true_regexComparison_expectedToFail_ValidateElementAttribute_failed] @23-09-2021 22:35:08.0767 P
[ReportManager] Browser Action [CloseCurrentWindow] successfully performed. @23-09-2021 22:35:08.0904 PM
[ReportManager] Successfully created attachment [Browser Action Test Data - CloseCurrentWindow - Actual Value] @23-09-2021 22:35:08.0904 P
[ReportManager] File Action [GetAbsolutePath] successfully performed. With the following test data [Relative Folder Path: "target/downloadedFiles/"]. @23-09-2021 22:35:08.0908 PM
[ReportManager] Attempting to run remotely on: [Linux-64], [GoogleChrome], [http://localhost:4444/wd/hub], Headless Execution. @23-09-2021 22:35:08.0908 PM
[ReportManager] Successfully Opened [GoogleChrome]. @23-09-2021 22:35:09.0118 PM
[ReportManager] Target URL: [https://www.google.com/ncr], and after redirection: [www.google.com] @23-09-2021 22:35:09.0128 PM
[ReportManager] Initial URL: [data:,] @23-09-2021 22:35:09.0171 PM
[ReportManager] Browser Action [NavigateToURL] successfully performed. With the following test data [https://www.google.com/ncr]. @23-09-2021 22:35:09.0996 P

################################################################################################################################################
Starting Execution:	[24 out of 144] test cases in the current suite
Test Method:		[unitTests.tests_validations_assertions.assertElementAttribute_true_regexComparison_expectedToPass]
################################################################################################################################################
[ReportManager] Element Action [Type] successfully performed. With the following test data [Automation123]. @23-09-2021 22:35:10.0351 PM
[ReportManager] Element Action [GetText] successfully performed. With the following test data [Automation123]. @23-09-2021 22:35:10.0450 PM
[ReportManager] Loaded Shared OpenCV @23-09-2021 22:35:10.0585 PM
[ReportManager] Assertion [ValidateElementAttribute] PASSED. Expected [Value Should be 'Automation.*' for the 'text' attribute, element locator 'By.name: q'] and Actual [Automation123]. Comparison Type [MATCHES]. Validation Type [POSITIVE]. @23-09-2021 22:35:10.0656 PM
[ReportManager] Successfully created attachment [Screenshot - 1632436510585_assertElementAttribute_true_regexComparison_expectedToPass_ValidateElementAttribute_passed] @23-09-2021 22:35:10.0657 P
[ReportManager] Browser Action [CloseCurrentWindow] successfully performed. @23-09-2021 22:35:10.0786 PM
[ReportManager] Successfully created attachment [Browser Action Test Data - CloseCurrentWindow - Actual Value] @23-09-2021 22:35:10.0787 P
[ReportManager] File Action [GetAbsolutePath] successfully performed. With the following test data [Relative Folder Path: "target/downloadedFiles/"]. @23-09-2021 22:35:10.0789 PM
[ReportManager] Attempting to run remotely on: [Linux-64], [GoogleChrome], [http://localhost:4444/wd/hub], Headless Execution. @23-09-2021 22:35:10.0789 PM
[ReportManager] Successfully Opened [GoogleChrome]. @23-09-2021 22:35:10.0991 PM
[ReportManager] Target URL: [https://www.google.com/ncr], and after redirection: [www.google.com] @23-09-2021 22:35:11.0006 PM
[ReportManager] Initial URL: [data:,] @23-09-2021 22:35:11.0069 PM
[ReportManager] Browser Action [NavigateToURL] successfully performed. With the following test data [https://www.google.com/ncr]. @23-09-2021 22:35:11.0957 P

################################################################################################################################################
Starting Execution:	[25 out of 144] test cases in the current suite
Test Method:		[unitTests.tests_validations_assertions.assertElementAttribute_type_true_literalComparison_expectedToPass]
################################################################################################################################################
[ReportManager] Element Action [Type] successfully performed. With the following test data [Automation!@#$%^&*()_+{}[]\';/.,]. @23-09-2021 22:35:12.0401 PM
[ReportManager] Element Action [GetText] successfully performed. With the following test data [Automation!@#$%^&*()_+{}[]\';/.,]. @23-09-2021 22:35:12.0496 PM
[ReportManager] Loaded Shared OpenCV @23-09-2021 22:35:12.0630 PM
[ReportManager] Assertion [ValidateElementAttribute] PASSED. Expected [Value Should be 'Automation!@#$%^&*()_+{}[]\';/.,' for the 'text' attribute, element locator 'By.name: q'] and Actual [Automation!@#$%^&*()_+{}[]\';/.,]. Comparison Type [EQUALS]. Validation Type [POSITIVE]. @23-09-2021 22:35:12.0708 PM
[ReportManager] Successfully created attachment [Screenshot - 1632436512630_assertElementAttribute_type_true_literalComparison_expectedToPass_ValidateElementAttribute_passed] @23-09-2021 22:35:12.0709 P
[ReportManager] Browser Action [CloseCurrentWindow] successfully performed. @23-09-2021 22:35:12.0830 PM
[ReportManager] Successfully created attachment [Browser Action Test Data - CloseCurrentWindow - Actual Value] @23-09-2021 22:35:12.0831 P
[ReportManager] File Action [GetAbsolutePath] successfully performed. With the following test data [Relative Folder Path: "target/downloadedFiles/"]. @23-09-2021 22:35:12.0840 PM
[ReportManager] Attempting to run remotely on: [Linux-64], [GoogleChrome], [http://localhost:4444/wd/hub], Headless Execution. @23-09-2021 22:35:12.0841 PM
[ReportManager] Successfully Opened [GoogleChrome]. @23-09-2021 22:35:13.0037 PM
[ReportManager] Target URL: [https://www.google.com/ncr], and after redirection: [www.google.com] @23-09-2021 22:35:13.0048 PM
[ReportManager] Initial URL: [data:,] @23-09-2021 22:35:13.0098 PM
[ReportManager] Browser Action [NavigateToURL] successfully performed. With the following test data [https://www.google.com/ncr]. @23-09-2021 22:35:13.0890 P

################################################################################################################################################
Starting Execution:	[26 out of 144] test cases in the current suite
Test Method:		[unitTests.tests_validations_assertions.assertElementExists_false_expectedToFail]
################################################################################################################################################
[ReportManager] Assertion [ValidateElementExists] PASSED. Expected [Element Should not Exist, locator 'By.id: hplogo'] and Actual [Element Doesn't Exists]. Comparison Type [EQUALS]. Validation Type [NEGATIVE]. @23-09-2021 22:35:24.0276 PM
[ReportManager] Successfully created attachment [Screenshot - 1632436524197_assertElementExists_false_expectedToFail_ValidateElementExists_passed] @23-09-2021 22:35:24.0277 P
[ReportManager] Browser Action [CloseCurrentWindow] successfully performed. @23-09-2021 22:35:24.0399 PM
[ReportManager] Successfully created attachment [Browser Action Test Data - CloseCurrentWindow - Actual Value] @23-09-2021 22:35:24.0400 P
[ReportManager] File Action [GetAbsolutePath] successfully performed. With the following test data [Relative Folder Path: "target/downloadedFiles/"]. @23-09-2021 22:35:24.0403 PM
[ReportManager] Attempting to run remotely on: [Linux-64], [GoogleChrome], [http://localhost:4444/wd/hub], Headless Execution. @23-09-2021 22:35:24.0403 PM
[ReportManager] Successfully Opened [GoogleChrome]. @23-09-2021 22:35:24.0591 PM
[ReportManager] Target URL: [https://www.google.com/ncr], and after redirection: [www.google.com] @23-09-2021 22:35:24.0603 PM
[ReportManager] Initial URL: [data:,] @23-09-2021 22:35:24.0645 PM
[ReportManager] Browser Action [NavigateToURL] successfully performed. With the following test data [https://www.google.com/ncr]. @23-09-2021 22:35:25.0430 P

################################################################################################################################################
Starting Execution:	[27 out of 144] test cases in the current suite
Test Method:		[unitTests.tests_validations_assertions.assertElementExists_false_expectedToPass]
################################################################################################################################################
[ReportManager] Assertion [ValidateElementExists] PASSED. Expected [Element Should not Exist, locator 'By.id: fakeElement'] and Actual [Element Doesn't Exists]. Comparison Type [EQUALS]. Validation Type [NEGATIVE]. @23-09-2021 22:35:35.0840 PM
[ReportManager] Successfully created attachment [Screenshot - 1632436535765_assertElementExists_false_expectedToPass_ValidateElementExists_passed] @23-09-2021 22:35:35.0841 P
[ReportManager] Browser Action [CloseCurrentWindow] successfully performed. @23-09-2021 22:35:35.0970 PM
[ReportManager] Successfully created attachment [Browser Action Test Data - CloseCurrentWindow - Actual Value] @23-09-2021 22:35:35.0971 P
[ReportManager] File Action [GetAbsolutePath] successfully performed. With the following test data [Relative Folder Path: "target/downloadedFiles/"]. @23-09-2021 22:35:35.0977 PM
[ReportManager] Attempting to run remotely on: [Linux-64], [GoogleChrome], [http://localhost:4444/wd/hub], Headless Execution. @23-09-2021 22:35:35.0977 PM
[ReportManager] Successfully Opened [GoogleChrome]. @23-09-2021 22:35:36.0184 PM
[ReportManager] Target URL: [https://www.google.com/ncr], and after redirection: [www.google.com] @23-09-2021 22:35:36.0201 PM
[ReportManager] Initial URL: [data:,] @23-09-2021 22:35:36.0240 PM
[ReportManager] Browser Action [NavigateToURL] successfully performed. With the following test data [https://www.google.com/ncr]. @23-09-2021 22:35:37.0033 P

################################################################################################################################################
Starting Execution:	[28 out of 144] test cases in the current suite
Test Method:		[unitTests.tests_validations_assertions.assertElementExists_false_multipleElementsFound_expectedToFail]
################################################################################################################################################
[ReportManager] Assertion [ValidateElementExists] FAILED. Expected [Element Should not Exist, locator 'By.xpath: //div'] and Actual [Element Exists but is not unique]. Comparison Type [EQUALS]. Validation Type [NEGATIVE]. @23-09-2021 22:35:37.0270 PM
[ReportManager] Successfully created attachment [Screenshot - 1632436537212_assertElementExists_false_multipleElementsFound_expectedToFail_ValidateElementExists_failed] @23-09-2021 22:35:37.0271 P
[ReportManager] Browser Action [CloseCurrentWindow] successfully performed. @23-09-2021 22:35:37.0401 PM
[ReportManager] Successfully created attachment [Browser Action Test Data - CloseCurrentWindow - Actual Value] @23-09-2021 22:35:37.0402 P
[ReportManager] File Action [GetAbsolutePath] successfully performed. With the following test data [Relative Folder Path: "target/downloadedFiles/"]. @23-09-2021 22:35:37.0405 PM
[ReportManager] Attempting to run remotely on: [Linux-64], [GoogleChrome], [http://localhost:4444/wd/hub], Headless Execution. @23-09-2021 22:35:37.0405 PM
[ReportManager] Successfully Opened [GoogleChrome]. @23-09-2021 22:35:37.0640 PM
[ReportManager] Target URL: [https://www.google.com/ncr], and after redirection: [www.google.com] @23-09-2021 22:35:37.0652 PM
[ReportManager] Initial URL: [data:,] @23-09-2021 22:35:37.0692 PM
[ReportManager] Browser Action [NavigateToURL] successfully performed. With the following test data [https://www.google.com/ncr]. @23-09-2021 22:35:38.0526 P

################################################################################################################################################
Starting Execution:	[29 out of 144] test cases in the current suite
Test Method:		[unitTests.tests_validations_assertions.assertElementExists_true_expectedToFail]
################################################################################################################################################
[ReportManager] Assertion [ValidateElementExists] FAILED. Expected [Element Should Exist, locator 'By.id: fakeElement'] and Actual [Element Doesn't Exists]. Comparison Type [EQUALS]. Validation Type [POSITIVE]. @23-09-2021 22:36:09.0282 PM
[ReportManager] Successfully created attachment [Screenshot - 1632436569211_assertElementExists_true_expectedToFail_ValidateElementExists_failed] @23-09-2021 22:36:09.0282 P
[ReportManager] Browser Action [CloseCurrentWindow] successfully performed. @23-09-2021 22:36:09.0401 PM
[ReportManager] Successfully created attachment [Browser Action Test Data - CloseCurrentWindow - Actual Value] @23-09-2021 22:36:09.0402 P
[ReportManager] File Action [GetAbsolutePath] successfully performed. With the following test data [Relative Folder Path: "target/downloadedFiles/"]. @23-09-2021 22:36:09.0405 PM
[ReportManager] Attempting to run remotely on: [Linux-64], [GoogleChrome], [http://localhost:4444/wd/hub], Headless Execution. @23-09-2021 22:36:09.0405 PM
[ReportManager] Successfully Opened [GoogleChrome]. @23-09-2021 22:36:09.0608 PM
[ReportManager] Target URL: [https://www.google.com/ncr], and after redirection: [www.google.com] @23-09-2021 22:36:09.0618 PM
[ReportManager] Initial URL: [data:,] @23-09-2021 22:36:09.0658 PM
[ReportManager] Browser Action [NavigateToURL] successfully performed. With the following test data [https://www.google.com/ncr]. @23-09-2021 22:36:10.0541 P

################################################################################################################################################
Starting Execution:	[30 out of 144] test cases in the current suite
Test Method:		[unitTests.tests_validations_assertions.assertElementExists_true_expectedToPass]
################################################################################################################################################
[ReportManager] Loaded Shared OpenCV @23-09-2021 22:36:10.0709 PM
[ReportManager] Assertion [ValidateElementExists] PASSED. Expected [Element Should Exist, locator 'By.xpath: //*[@id='hplogo' or @alt='Google']'] and Actual [Element Exists]. Comparison Type [EQUALS]. Validation Type [POSITIVE]. @23-09-2021 22:36:10.0783 PM
[ReportManager] Successfully created attachment [Screenshot - 1632436570708_assertElementExists_true_expectedToPass_ValidateElementExists_passed] @23-09-2021 22:36:10.0784 P
[ReportManager] Browser Action [CloseCurrentWindow] successfully performed. @23-09-2021 22:36:10.0905 PM
[ReportManager] Successfully created attachment [Browser Action Test Data - CloseCurrentWindow - Actual Value] @23-09-2021 22:36:10.0906 P
[ReportManager] File Action [GetAbsolutePath] successfully performed. With the following test data [Relative Folder Path: "target/downloadedFiles/"]. @23-09-2021 22:36:10.0909 PM
[ReportManager] Attempting to run remotely on: [Linux-64], [GoogleChrome], [http://localhost:4444/wd/hub], Headless Execution. @23-09-2021 22:36:10.0909 PM
[ReportManager] Successfully Opened [GoogleChrome]. @23-09-2021 22:36:11.0100 PM
[ReportManager] Target URL: [https://www.google.com/ncr], and after redirection: [www.google.com] @23-09-2021 22:36:11.0112 PM
[ReportManager] Initial URL: [data:,] @23-09-2021 22:36:11.0151 PM
[ReportManager] Browser Action [NavigateToURL] successfully performed. With the following test data [https://www.google.com/ncr]. @23-09-2021 22:36:12.0006 P

################################################################################################################################################
Starting Execution:	[31 out of 144] test cases in the current suite
Test Method:		[unitTests.tests_validations_assertions.assertElementExists_true_multipleElementsFound_expectedToFail]
################################################################################################################################################
[ReportManager] Assertion [ValidateElementExists] FAILED. Expected [Element Should Exist, locator 'By.xpath: //div'] and Actual [Element Exists but is not unique]. Comparison Type [EQUALS]. Validation Type [POSITIVE]. @23-09-2021 22:36:12.0244 PM
[ReportManager] Successfully created attachment [Screenshot - 1632436572178_assertElementExists_true_multipleElementsFound_expectedToFail_ValidateElementExists_failed] @23-09-2021 22:36:12.0245 P
[ReportManager] Browser Action [CloseCurrentWindow] successfully performed. @23-09-2021 22:36:12.0365 PM
[ReportManager] Successfully created attachment [Browser Action Test Data - CloseCurrentWindow - Actual Value] @23-09-2021 22:36:12.0366 P

################################################################################################################################################
Starting Execution:	[32 out of 144] test cases in the current suite
Test Method:		[unitTests.tests_validations_assertions.assertEquals_false_expectedToFail]
################################################################################################################################################
[ReportManager] Assertion [ValidateEquals] FAILED. Expected [1] and Actual [1]. Comparison Type [EQUALS]. Validation Type [NEGATIVE]. @23-09-2021 22:36:12.0372 P

################################################################################################################################################
Starting Execution:	[33 out of 144] test cases in the current suite
Test Method:		[unitTests.tests_validations_assertions.assertEquals_false_expectedToPass]
################################################################################################################################################
[ReportManager] Assertion [ValidateEquals] PASSED. Expected [1] and Actual [2]. Comparison Type [EQUALS]. Validation Type [NEGATIVE]. @23-09-2021 22:36:12.0377 P

################################################################################################################################################
Starting Execution:	[34 out of 144] test cases in the current suite
Test Method:		[unitTests.tests_validations_assertions.assertEquals_longCharacters]
################################################################################################################################################
[ReportManager] Verification [ValidateEquals] PASSED. Expected and Actual values are attached. Comparison Type [EQUALS]. Validation Type [POSITIVE]. @23-09-2021 22:36:12.0384 PM
[ReportManager] Successfully created attachment [Validation Test Data - Expected Value] @23-09-2021 22:36:12.0384 PM
[ReportManager] Successfully created attachment [Validation Test Data - Actual Value] @23-09-2021 22:36:12.0384 PM
[ReportManager] Assertion [ValidateEquals] PASSED. Expected and Actual values are attached. Comparison Type [EQUALS]. Validation Type [POSITIVE]. @23-09-2021 22:36:12.0384 PM
[ReportManager] Successfully created attachment [Validation Test Data - Expected Value] @23-09-2021 22:36:12.0385 PM
[ReportManager] Successfully created attachment [Validation Test Data - Actual Value] @23-09-2021 22:36:12.0385 P

################################################################################################################################################
Starting Execution:	[35 out of 144] test cases in the current suite
Test Method:		[unitTests.tests_validations_assertions.assertEquals_longCharacters_Discreet]
################################################################################################################################################
[ReportManager] Assertion [ValidateEquals] PASSED. Expected [1LH5pROcDBjjQk0t0mCr0lXuzQu9lcGj28kY8R1H81X67eVAQJgWQhILiRWVPUgZ6uCtK5cnBkF55Jr9vYngjGO1Iyf0Mktv6lruDlL9T8MAUPcUZJGHZtji6nIeadujDSNmWMj5d6C8zlFqw0CRqBU0hO5adIasHgBSNoLotAjce3NGXoDwAlp3rYreeV16VIyZXROQY] and Actual [1LH5pROcDBjjQk0t0mCr0lXuzQu9lcGj28kY8R1H81X67eVAQJgWQhILiRWVPUgZ6uCtK5cnBkF55Jr9vYngjGO1Iyf0Mktv6lruDlL9T8MAUPcUZJGHZtji6nIeadujDSNmWMj5d6C8zlFqw0CRqBU0hO5adIasHgBSNoLotAjce3NGXoDwAlp3rYreeV16VIyZXROQY]. Comparison Type [EQUALS]. Validation Type [POSITIVE]. @23-09-2021 22:36:12.0390 P

################################################################################################################################################
Starting Execution:	[36 out of 144] test cases in the current suite
Test Method:		[unitTests.tests_validations_assertions.assertEquals_true_expectedToFail]
################################################################################################################################################
[ReportManager] Assertion [ValidateEquals] FAILED. Expected [1] and Actual [2]. Comparison Type [EQUALS]. Validation Type [POSITIVE]. @23-09-2021 22:36:12.0395 P

################################################################################################################################################
Starting Execution:	[37 out of 144] test cases in the current suite
Test Method:		[unitTests.tests_validations_assertions.assertEquals_true_expectedToPass]
Test Description:	[Assert that assertEquals works as expected when the two values are equal.]
################################################################################################################################################
[ReportManager] Verification [ValidateEquals] PASSED. Expected [1] and Actual [1]. Comparison Type [EQUALS]. Validation Type [POSITIVE]. @23-09-2021 22:36:12.0402 PM
[ReportManager] Assertion [ValidateEquals] PASSED. Expected [1] and Actual [1]. Comparison Type [EQUALS]. Validation Type [POSITIVE]. @23-09-2021 22:36:12.0402 P

################################################################################################################################################
Starting Execution:	[38 out of 144] test cases in the current suite
Test Method:		[unitTests.tests_validations_assertions.assertEquals_true_expectedToPass__]
################################################################################################################################################
[ReportManager] Assertion [ValidateEquals] PASSED. Expected [1] and Actual [1]. Comparison Type [EQUALS]. Validation Type [POSITIVE]. @23-09-2021 22:36:12.0405 P

################################################################################################################################################
Starting Execution:	[39 out of 144] test cases in the current suite
Test Method:		[unitTests.tests_validations_assertions.assertFileExists_false_expectedToFail]
################################################################################################################################################
[ReportManager] File Action [DoesFileExist] successfully performed. With the following test data [File Path: "src/main/java/com/shaft/gui/element/ElementActions.java"]. @23-09-2021 22:36:12.0408 PM
[ReportManager] Assertion [ValidateFileExists] FAILED. Expected [File 'src/main/java/com/shaft/gui/element/ElementActions.java' should not exist, after up to '1' retries] and Actual [File exists]. Validation Type [NEGATIVE]. @23-09-2021 22:36:12.0413 P

################################################################################################################################################
Starting Execution:	[40 out of 144] test cases in the current suite
Test Method:		[unitTests.tests_validations_assertions.assertFileExists_false_expectedToPass]
################################################################################################################################################
[ReportManager] File Action [DoesFileExist] successfully performed. With the following test data [File Path: "src/main/java/com/shaft/gui/element/ElementActions.java_fail"]. @23-09-2021 22:36:12.0917 PM
[ReportManager] Assertion [ValidateFileExists] PASSED. Expected [File 'src/main/java/com/shaft/gui/element/ElementActions.java_fail' should not exist, after up to '1' retries] and Actual [File does not exist]. Validation Type [NEGATIVE]. @23-09-2021 22:36:12.0918 P

################################################################################################################################################
Starting Execution:	[41 out of 144] test cases in the current suite
Test Method:		[unitTests.tests_validations_assertions.assertFileExists_true_expectedToFail]
################################################################################################################################################
[ReportManager] File Action [DoesFileExist] successfully performed. With the following test data [File Path: "src/main/java/com/shaft/gui/element/ElementActions.java_fail"]. @23-09-2021 22:36:13.0424 PM
[ReportManager] Assertion [ValidateFileExists] FAILED. Expected [File 'src/main/java/com/shaft/gui/element/ElementActions.java_fail' should exist, after up to '1' retries] and Actual [File does not exist]. Validation Type [POSITIVE]. @23-09-2021 22:36:13.0424 P

################################################################################################################################################
Starting Execution:	[42 out of 144] test cases in the current suite
Test Method:		[unitTests.tests_validations_assertions.assertFileExists_true_expectedToPass]
################################################################################################################################################
[ReportManager] File Action [DoesFileExist] successfully performed. With the following test data [File Path: "src/main/java/com/shaft/gui/element/ElementActions.java"]. @23-09-2021 22:36:13.0431 PM
[ReportManager] Assertion [ValidateFileExists] PASSED. Expected [File 'src/main/java/com/shaft/gui/element/ElementActions.java' should exist, after up to '1' retries] and Actual [File exists]. Validation Type [POSITIVE]. @23-09-2021 22:36:13.0431 P

################################################################################################################################################
Starting Execution:	[43 out of 144] test cases in the current suite
Test Method:		[unitTests.tests_validations_assertions.assertNull_false_expectedToFail]
################################################################################################################################################
[ReportManager] Assertion [ValidateNull] FAILED. Expected [NULL] and Actual [NULL]. Comparison Type [EQUALS]. Validation Type [NEGATIVE]. @23-09-2021 22:36:13.0434 P

################################################################################################################################################
Starting Execution:	[44 out of 144] test cases in the current suite
Test Method:		[unitTests.tests_validations_assertions.assertNull_false_expectedToPass]
################################################################################################################################################
[ReportManager] Assertion [ValidateNull] PASSED. Expected [NULL] and Actual [1]. Comparison Type [EQUALS]. Validation Type [NEGATIVE]. @23-09-2021 22:36:13.0438 P

################################################################################################################################################
Starting Execution:	[45 out of 144] test cases in the current suite
Test Method:		[unitTests.tests_validations_assertions.assertNull_true_expectedToFail]
################################################################################################################################################
[ReportManager] Assertion [ValidateNull] FAILED. Expected [NULL] and Actual [1]. Comparison Type [EQUALS]. Validation Type [POSITIVE]. @23-09-2021 22:36:13.0442 P

################################################################################################################################################
Starting Execution:	[46 out of 144] test cases in the current suite
Test Method:		[unitTests.tests_validations_assertions.assertNull_true_expectedToPass]
################################################################################################################################################
[ReportManager] Assertion [ValidateNull] PASSED. Expected [NULL] and Actual [NULL]. Comparison Type [EQUALS]. Validation Type [POSITIVE]. @23-09-2021 22:36:13.0446 P

################################################################################################################################################
Starting Execution:	[47 out of 144] test cases in the current suite
Test Method:		[unitTests.tests_restActions.getPostsAndAssertBodyForSpecificTitle]
################################################################################################################################################
[ReportManager] Response status code: [200], status line: [HTTP/1.1 200 OK] @23-09-2021 22:36:15.0775 PM
[ReportManager] Assertion Passed: Evaluating the actual response status code against the expected one... @23-09-2021 22:36:15.0776 PM
[ReportManager] Assertion [ValidateEquals] PASSED. Expected [200] and Actual [200]. Comparison Type [EQUALS]. Validation Type [POSITIVE]. @23-09-2021 22:36:15.0776 PM
[ReportManager] API Action [PerformRequest] successfully performed. With the following test data [Request Type: "GET" | Target Status Code: "200" | Service URL: "https://jsonplaceholder.typicode.com/posts" | Content Type: "*/*" | Response Time: "772ms"]. @23-09-2021 22:36:17.0013 PM
[ReportManager] Successfully created attachment [API Request - Specifications] @23-09-2021 22:36:17.0014 PM
[ReportManager] Successfully created attachment [API Response - JSON Body] @23-09-2021 22:36:17.0368 PM
[ReportManager] API Action [GetResponseJSONValueAsList] successfully performed. @23-09-2021 22:36:17.0404 PM
[ReportManager] API Action [GetResponseJSONValue] successfully performed. With the following test data [title]. @23-09-2021 22:36:17.0447 PM
[ReportManager] API Action [GetResponseJSONValue] successfully performed. With the following test data [title]. @23-09-2021 22:36:17.0470 PM
[ReportManager] API Action [GetResponseJSONValue] successfully performed. With the following test data [body]. @23-09-2021 22:36:17.0492 PM
[ReportManager] Assertion [ValidateEquals] PASSED. Expected [qui neque nisi nulla] and Actual [est rerum tempore vitae
sequi sint nihil reprehenderit dolor beatae ea dolores neque
fugiat blanditiis voluptate porro vel nihil molestiae ut reiciendis
qui aperiam non debitis possimus qui neque nisi nulla]. Comparison Type [CONTAINS]. Validation Type [POSITIVE]. @23-09-2021 22:36:17.0492 PM
[ReportManager] API Action [GetResponseJSONValue] successfully performed. With the following test data [title]. @23-09-2021 22:36:17.0508 PM
[ReportManager] API Action [GetResponseJSONValue] successfully performed. With the following test data [title]. @23-09-2021 22:36:17.0522 PM
[ReportManager] API Action [GetResponseJSONValue] successfully performed. With the following test data [title]. @23-09-2021 22:36:17.0538 PM
[ReportManager] API Action [GetResponseJSONValue] successfully performed. With the following test data [title]. @23-09-2021 22:36:17.0553 PM
[ReportManager] API Action [GetResponseJSONValue] successfully performed. With the following test data [title]. @23-09-2021 22:36:17.0567 PM
[ReportManager] API Action [GetResponseJSONValue] successfully performed. With the following test data [title]. @23-09-2021 22:36:17.0587 PM
[ReportManager] API Action [GetResponseJSONValue] successfully performed. With the following test data [title]. @23-09-2021 22:36:17.0606 PM
[ReportManager] API Action [GetResponseJSONValue] successfully performed. With the following test data [title]. @23-09-2021 22:36:17.0620 PM
[ReportManager] API Action [GetResponseJSONValue] successfully performed. With the following test data [title]. @23-09-2021 22:36:17.0636 PM
[ReportManager] API Action [GetResponseJSONValue] successfully performed. With the following test data [title]. @23-09-2021 22:36:17.0650 PM
[ReportManager] API Action [GetResponseJSONValue] successfully performed. With the following test data [title]. @23-09-2021 22:36:17.0669 PM
[ReportManager] API Action [GetResponseJSONValue] successfully performed. With the following test data [title]. @23-09-2021 22:36:17.0698 PM
[ReportManager] API Action [GetResponseJSONValue] successfully performed. With the following test data [title]. @23-09-2021 22:36:17.0711 PM
[ReportManager] API Action [GetResponseJSONValue] successfully performed. With the following test data [title]. @23-09-2021 22:36:17.0726 PM
[ReportManager] API Action [GetResponseJSONValue] successfully performed. With the following test data [title]. @23-09-2021 22:36:17.0745 PM
[ReportManager] API Action [GetResponseJSONValue] successfully performed. With the following test data [title]. @23-09-2021 22:36:17.0761 PM
[ReportManager] API Action [GetResponseJSONValue] successfully performed. With the following test data [title]. @23-09-2021 22:36:17.0773 PM
[ReportManager] API Action [GetResponseJSONValue] successfully performed. With the following test data [title]. @23-09-2021 22:36:17.0786 PM
[ReportManager] API Action [GetResponseJSONValue] successfully performed. With the following test data [title]. @23-09-2021 22:36:17.0796 PM
[ReportManager] API Action [GetResponseJSONValue] successfully performed. With the following test data [title]. @23-09-2021 22:36:17.0808 PM
[ReportManager] API Action [GetResponseJSONValue] successfully performed. With the following test data [title]. @23-09-2021 22:36:17.0821 PM
[ReportManager] API Action [GetResponseJSONValue] successfully performed. With the following test data [title]. @23-09-2021 22:36:17.0840 PM
[ReportManager] API Action [GetResponseJSONValue] successfully performed. With the following test data [title]. @23-09-2021 22:36:17.0850 PM
[ReportManager] API Action [GetResponseJSONValue] successfully performed. With the following test data [title]. @23-09-2021 22:36:17.0860 PM
[ReportManager] API Action [GetResponseJSONValue] successfully performed. With the following test data [title]. @23-09-2021 22:36:17.0874 PM
[ReportManager] API Action [GetResponseJSONValue] successfully performed. With the following test data [title]. @23-09-2021 22:36:17.0884 PM
[ReportManager] API Action [GetResponseJSONValue] successfully performed. With the following test data [title]. @23-09-2021 22:36:17.0900 PM
[ReportManager] API Action [GetResponseJSONValue] successfully performed. With the following test data [title]. @23-09-2021 22:36:17.0912 PM
[ReportManager] API Action [GetResponseJSONValue] successfully performed. With the following test data [title]. @23-09-2021 22:36:17.0923 PM
[ReportManager] API Action [GetResponseJSONValue] successfully performed. With the following test data [title]. @23-09-2021 22:36:17.0933 PM
[ReportManager] API Action [GetResponseJSONValue] successfully performed. With the following test data [title]. @23-09-2021 22:36:17.0944 PM
[ReportManager] API Action [GetResponseJSONValue] successfully performed. With the following test data [title]. @23-09-2021 22:36:17.0955 PM
[ReportManager] API Action [GetResponseJSONValue] successfully performed. With the following test data [title]. @23-09-2021 22:36:17.0973 PM
[ReportManager] API Action [GetResponseJSONValue] successfully performed. With the following test data [title]. @23-09-2021 22:36:17.0983 PM
[ReportManager] API Action [GetResponseJSONValue] successfully performed. With the following test data [title]. @23-09-2021 22:36:17.0994 PM
[ReportManager] API Action [GetResponseJSONValue] successfully performed. With the following test data [title]. @23-09-2021 22:36:18.0005 PM
[ReportManager] API Action [GetResponseJSONValue] successfully performed. With the following test data [title]. @23-09-2021 22:36:18.0015 PM
[ReportManager] API Action [GetResponseJSONValue] successfully performed. With the following test data [title]. @23-09-2021 22:36:18.0026 PM
[ReportManager] API Action [GetResponseJSONValue] successfully performed. With the following test data [title]. @23-09-2021 22:36:18.0045 PM
[ReportManager] API Action [GetResponseJSONValue] successfully performed. With the following test data [title]. @23-09-2021 22:36:18.0055 PM
[ReportManager] API Action [GetResponseJSONValue] successfully performed. With the following test data [title]. @23-09-2021 22:36:18.0065 PM
[ReportManager] API Action [GetResponseJSONValue] successfully performed. With the following test data [title]. @23-09-2021 22:36:18.0076 PM
[ReportManager] API Action [GetResponseJSONValue] successfully performed. With the following test data [title]. @23-09-2021 22:36:18.0084 PM
[ReportManager] API Action [GetResponseJSONValue] successfully performed. With the following test data [title]. @23-09-2021 22:36:18.0099 PM
[ReportManager] API Action [GetResponseJSONValue] successfully performed. With the following test data [title]. @23-09-2021 22:36:18.0109 PM
[ReportManager] API Action [GetResponseJSONValue] successfully performed. With the following test data [title]. @23-09-2021 22:36:18.0122 PM
[ReportManager] API Action [GetResponseJSONValue] successfully performed. With the following test data [title]. @23-09-2021 22:36:18.0132 PM
[ReportManager] API Action [GetResponseJSONValue] successfully performed. With the following test data [title]. @23-09-2021 22:36:18.0148 PM
[ReportManager] API Action [GetResponseJSONValue] successfully performed. With the following test data [title]. @23-09-2021 22:36:18.0161 PM
[ReportManager] API Action [GetResponseJSONValue] successfully performed. With the following test data [title]. @23-09-2021 22:36:18.0172 PM
[ReportManager] API Action [GetResponseJSONValue] successfully performed. With the following test data [title]. @23-09-2021 22:36:18.0185 PM
[ReportManager] API Action [GetResponseJSONValue] successfully performed. With the following test data [title]. @23-09-2021 22:36:18.0197 PM
[ReportManager] API Action [GetResponseJSONValue] successfully performed. With the following test data [title]. @23-09-2021 22:36:18.0211 PM
[ReportManager] API Action [GetResponseJSONValue] successfully performed. With the following test data [title]. @23-09-2021 22:36:18.0219 PM
[ReportManager] API Action [GetResponseJSONValue] successfully performed. With the following test data [title]. @23-09-2021 22:36:18.0228 PM
[ReportManager] API Action [GetResponseJSONValue] successfully performed. With the following test data [title]. @23-09-2021 22:36:18.0237 PM
[ReportManager] API Action [GetResponseJSONValue] successfully performed. With the following test data [title]. @23-09-2021 22:36:18.0246 PM
[ReportManager] API Action [GetResponseJSONValue] successfully performed. With the following test data [title]. @23-09-2021 22:36:18.0254 PM
[ReportManager] API Action [GetResponseJSONValue] successfully performed. With the following test data [title]. @23-09-2021 22:36:18.0271 PM
[ReportManager] API Action [GetResponseJSONValue] successfully performed. With the following test data [title]. @23-09-2021 22:36:18.0321 PM
[ReportManager] API Action [GetResponseJSONValue] successfully performed. With the following test data [title]. @23-09-2021 22:36:18.0337 PM
[ReportManager] API Action [GetResponseJSONValue] successfully performed. With the following test data [title]. @23-09-2021 22:36:18.0346 PM
[ReportManager] API Action [GetResponseJSONValue] successfully performed. With the following test data [title]. @23-09-2021 22:36:18.0356 PM
[ReportManager] API Action [GetResponseJSONValue] successfully performed. With the following test data [title]. @23-09-2021 22:36:18.0366 PM
[ReportManager] API Action [GetResponseJSONValue] successfully performed. With the following test data [title]. @23-09-2021 22:36:18.0404 PM
[ReportManager] API Action [GetResponseJSONValue] successfully performed. With the following test data [title]. @23-09-2021 22:36:18.0416 PM
[ReportManager] API Action [GetResponseJSONValue] successfully performed. With the following test data [title]. @23-09-2021 22:36:18.0431 PM
[ReportManager] API Action [GetResponseJSONValue] successfully performed. With the following test data [title]. @23-09-2021 22:36:18.0444 PM
[ReportManager] API Action [GetResponseJSONValue] successfully performed. With the following test data [title]. @23-09-2021 22:36:18.0462 PM
[ReportManager] API Action [GetResponseJSONValue] successfully performed. With the following test data [title]. @23-09-2021 22:36:18.0475 PM
[ReportManager] API Action [GetResponseJSONValue] successfully performed. With the following test data [title]. @23-09-2021 22:36:18.0485 PM
[ReportManager] API Action [GetResponseJSONValue] successfully performed. With the following test data [title]. @23-09-2021 22:36:18.0500 PM
[ReportManager] API Action [GetResponseJSONValue] successfully performed. With the following test data [title]. @23-09-2021 22:36:18.0521 PM
[ReportManager] API Action [GetResponseJSONValue] successfully performed. With the following test data [title]. @23-09-2021 22:36:18.0530 PM
[ReportManager] API Action [GetResponseJSONValue] successfully performed. With the following test data [title]. @23-09-2021 22:36:18.0541 PM
[ReportManager] API Action [GetResponseJSONValue] successfully performed. With the following test data [title]. @23-09-2021 22:36:18.0555 PM
[ReportManager] API Action [GetResponseJSONValue] successfully performed. With the following test data [title]. @23-09-2021 22:36:18.0570 PM
[ReportManager] API Action [GetResponseJSONValue] successfully performed. With the following test data [title]. @23-09-2021 22:36:18.0580 PM
[ReportManager] API Action [GetResponseJSONValue] successfully performed. With the following test data [title]. @23-09-2021 22:36:18.0605 PM
[ReportManager] API Action [GetResponseJSONValue] successfully performed. With the following test data [title]. @23-09-2021 22:36:18.0618 PM
[ReportManager] API Action [GetResponseJSONValue] successfully performed. With the following test data [title]. @23-09-2021 22:36:18.0630 PM
[ReportManager] API Action [GetResponseJSONValue] successfully performed. With the following test data [title]. @23-09-2021 22:36:18.0650 PM
[ReportManager] API Action [GetResponseJSONValue] successfully performed. With the following test data [title]. @23-09-2021 22:36:18.0661 PM
[ReportManager] API Action [GetResponseJSONValue] successfully performed. With the following test data [title]. @23-09-2021 22:36:18.0669 PM
[ReportManager] API Action [GetResponseJSONValue] successfully performed. With the following test data [title]. @23-09-2021 22:36:18.0679 PM
[ReportManager] API Action [GetResponseJSONValue] successfully performed. With the following test data [title]. @23-09-2021 22:36:18.0690 PM
[ReportManager] API Action [GetResponseJSONValue] successfully performed. With the following test data [title]. @23-09-2021 22:36:18.0699 PM
[ReportManager] API Action [GetResponseJSONValue] successfully performed. With the following test data [title]. @23-09-2021 22:36:18.0707 PM
[ReportManager] API Action [GetResponseJSONValue] successfully performed. With the following test data [title]. @23-09-2021 22:36:18.0716 PM
[ReportManager] API Action [GetResponseJSONValue] successfully performed. With the following test data [title]. @23-09-2021 22:36:18.0728 PM
[ReportManager] API Action [GetResponseJSONValue] successfully performed. With the following test data [title]. @23-09-2021 22:36:18.0738 PM
[ReportManager] API Action [GetResponseJSONValue] successfully performed. With the following test data [title]. @23-09-2021 22:36:18.0752 PM
[ReportManager] API Action [GetResponseJSONValue] successfully performed. With the following test data [title]. @23-09-2021 22:36:18.0769 PM
[ReportManager] API Action [GetResponseJSONValue] successfully performed. With the following test data [title]. @23-09-2021 22:36:18.0778 PM
[ReportManager] API Action [GetResponseJSONValue] successfully performed. With the following test data [title]. @23-09-2021 22:36:18.0787 PM
[ReportManager] API Action [GetResponseJSONValue] successfully performed. With the following test data [title]. @23-09-2021 22:36:18.0796 PM
[ReportManager] API Action [GetResponseJSONValue] successfully performed. With the following test data [title]. @23-09-2021 22:36:18.0804 PM
[ReportManager] API Action [GetResponseJSONValue] successfully performed. With the following test data [title]. @23-09-2021 22:36:18.0812 P

################################################################################################################################################
Starting Execution:	[48 out of 144] test cases in the current suite
Test Method:		[unitTests.tests_restActions.validateUserEmail]
################################################################################################################################################
[ReportManager] Response status code: [200], status line: [HTTP/1.1 200 OK] @23-09-2021 22:36:18.0908 PM
[ReportManager] Assertion Passed: Evaluating the actual response status code against the expected one... @23-09-2021 22:36:18.0908 PM
[ReportManager] Assertion [ValidateEquals] PASSED. Expected [200] and Actual [200]. Comparison Type [EQUALS]. Validation Type [POSITIVE]. @23-09-2021 22:36:18.0909 PM
[ReportManager] API Action [PerformRequest] successfully performed. With the following test data [Request Type: "GET" | Target Status Code: "200" | Service URL: "https://jsonplaceholder.typicode.com/users" | Content Type: "*/*" | Response Time: "67ms"]. @23-09-2021 22:36:18.0937 PM
[ReportManager] Successfully created attachment [API Request - Specifications] @23-09-2021 22:36:18.0937 PM
[ReportManager] Successfully created attachment [API Response - JSON Body] @23-09-2021 22:36:18.0938 PM
[ReportManager] Assertion [ValidateEquals] PASSED. Expected and Actual values are attached. Comparison Type [CONTAINS]. Validation Type [POSITIVE]. @23-09-2021 22:36:18.0939 PM
[ReportManager] Successfully created attachment [Validation Test Data - Expected Value] @23-09-2021 22:36:18.0939 PM
[ReportManager] Successfully created attachment [Validation Test Data - Actual Value] @23-09-2021 22:36:18.0940 PM
[ReportManager] API Action [GetResponseJSONValueAsList] successfully performed. With the following test data [$]. @23-09-2021 22:36:18.0945 PM
[ReportManager] API Action [GetResponseJSONValue] successfully performed. With the following test data [name]. @23-09-2021 22:36:18.0955 PM
[ReportManager] API Action [GetResponseJSONValue] successfully performed. With the following test data [email]. @23-09-2021 22:36:18.0963 PM
[ReportManager] Assertion [ValidateEquals] PASSED. Expected [Sincere@april.biz] and Actual [Sincere@april.biz]. Comparison Type [EQUALS]. Validation Type [POSITIVE]. @23-09-2021 22:36:18.0964 PM
[ReportManager] API Action [GetResponseJSONValue] successfully performed. With the following test data [name]. @23-09-2021 22:36:18.0973 PM
[ReportManager] API Action [GetResponseJSONValue] successfully performed. With the following test data [name]. @23-09-2021 22:36:18.0991 PM
[ReportManager] API Action [GetResponseJSONValue] successfully performed. With the following test data [name]. @23-09-2021 22:36:19.0003 PM
[ReportManager] API Action [GetResponseJSONValue] successfully performed. With the following test data [name]. @23-09-2021 22:36:19.0014 PM
[ReportManager] API Action [GetResponseJSONValue] successfully performed. With the following test data [name]. @23-09-2021 22:36:19.0023 PM
[ReportManager] API Action [GetResponseJSONValue] successfully performed. With the following test data [name]. @23-09-2021 22:36:19.0031 PM
[ReportManager] API Action [GetResponseJSONValue] successfully performed. With the following test data [name]. @23-09-2021 22:36:19.0041 PM
[ReportManager] API Action [GetResponseJSONValue] successfully performed. With the following test data [name]. @23-09-2021 22:36:19.0050 PM
[ReportManager] API Action [GetResponseJSONValue] successfully performed. With the following test data [name]. @23-09-2021 22:36:19.0060 P
[ReportManager] File Action [GetAbsolutePath] successfully performed. With the following test data [Relative Folder Path: "target/downloadedFiles/"]. @23-09-2021 22:36:19.0063 PM
[ReportManager] Attempting to run remotely on: [Linux-64], [GoogleChrome], [http://localhost:4444/wd/hub], Headless Execution. @23-09-2021 22:36:19.0064 PM
[ReportManager] Successfully Opened [GoogleChrome]. @23-09-2021 22:36:19.0332 P

################################################################################################################################################
Starting Execution:	[49 out of 144] test cases in the current suite
Test Method:		[unitTests.tests_element_elementActions.waitForElementToBePresent_false_expectedToFail]
################################################################################################################################################
[ReportManager] Target URL: [https://www.google.com/ncr], and after redirection: [www.google.com] @23-09-2021 22:36:19.0359 PM
[ReportManager] Initial URL: [data:,] @23-09-2021 22:36:19.0412 PM
[ReportManager] Browser Action [NavigateToURL] successfully performed. With the following test data [https://www.google.com/ncr]. @23-09-2021 22:36:20.0399 PM
[ReportManager] Waiting for element to be present; elementLocator [By.xpath: //*[@id='hplogo' or @alt='Google']], numberOfTries[1], stateOfPresence[false]... @23-09-2021 22:36:20.0408 PM
[ReportManager] Element Action [WaitForElementToBePresent] failed. With the following test data [waited for the element's state of presence to be (false). Element locator (By.xpath: //*[@id='hplogo' or @alt='Google'])]. @23-09-2021 22:36:20.0617 PM
[ReportManager] Successfully created attachment [Screenshot - 1632436580551_waitForElementToBePresent_false_expectedToFail_WaitForElementToBePresent_failed] @23-09-2021 22:36:20.0618 P
[ReportManager] Browser Action [CloseCurrentWindow] successfully performed. @23-09-2021 22:36:20.0759 PM
[ReportManager] Successfully created attachment [Browser Action Test Data - CloseCurrentWindow - Actual Value] @23-09-2021 22:36:20.0760 P
[ReportManager] File Action [GetAbsolutePath] successfully performed. With the following test data [Relative Folder Path: "target/downloadedFiles/"]. @23-09-2021 22:36:20.0765 PM
[ReportManager] Attempting to run remotely on: [Linux-64], [GoogleChrome], [http://localhost:4444/wd/hub], Headless Execution. @23-09-2021 22:36:20.0765 PM
[ReportManager] Successfully Opened [GoogleChrome]. @23-09-2021 22:36:20.0984 P

################################################################################################################################################
Starting Execution:	[50 out of 144] test cases in the current suite
Test Method:		[unitTests.tests_element_elementActions.waitForElementToBePresent_false_expectedToPass]
################################################################################################################################################
[ReportManager] Target URL: [https://www.google.com/ncr], and after redirection: [www.google.com] @23-09-2021 22:36:21.0006 PM
[ReportManager] Initial URL: [data:,] @23-09-2021 22:36:21.0046 PM
[ReportManager] Browser Action [NavigateToURL] successfully performed. With the following test data [https://www.google.com/ncr]. @23-09-2021 22:36:21.0853 PM
[ReportManager] Waiting for element to be present; elementLocator [By.id: bla], numberOfTries[1], stateOfPresence[false]... @23-09-2021 22:36:21.0853 PM
[ReportManager] Element Action [WaitForElementToBePresent] successfully performed. With the following test data [waited for the element's state of presence to be (false). Element locator (By.id: bla)]. @23-09-2021 22:36:26.0974 P
[ReportManager] Browser Action [CloseCurrentWindow] successfully performed. @23-09-2021 22:36:27.0099 PM
[ReportManager] Successfully created attachment [Browser Action Test Data - CloseCurrentWindow - Actual Value] @23-09-2021 22:36:27.0101 P
[ReportManager] File Action [GetAbsolutePath] successfully performed. With the following test data [Relative Folder Path: "target/downloadedFiles/"]. @23-09-2021 22:36:27.0103 PM
[ReportManager] Attempting to run remotely on: [Linux-64], [GoogleChrome], [http://localhost:4444/wd/hub], Headless Execution. @23-09-2021 22:36:27.0105 PM
[ReportManager] Successfully Opened [GoogleChrome]. @23-09-2021 22:36:27.0296 P

################################################################################################################################################
Starting Execution:	[51 out of 144] test cases in the current suite
Test Method:		[unitTests.tests_element_elementActions.waitForElementToBePresent_moreThanOneElement_expectedToFail]
################################################################################################################################################
[ReportManager] Target URL: [https://www.google.com/ncr], and after redirection: [www.google.com] @23-09-2021 22:36:27.0313 PM
[ReportManager] Initial URL: [data:,] @23-09-2021 22:36:27.0365 PM
[ReportManager] Browser Action [NavigateToURL] successfully performed. With the following test data [https://www.google.com/ncr]. @23-09-2021 22:36:28.0197 PM
[ReportManager] Waiting for element to be present; elementLocator [By.xpath: //*], numberOfTries[1], stateOfPresence[false]... @23-09-2021 22:36:28.0197 PM
[ReportManager] Element Action [WaitForElementToBePresent] failed. With the following test data [waited for the element's state of presence to be (false). Element locator (By.xpath: //*)]. @23-09-2021 22:36:28.0385 PM
[ReportManager] Successfully created attachment [Screenshot - 1632436588325_waitForElementToBePresent_moreThanOneElement_expectedToFail_WaitForElementToBePresent_failed] @23-09-2021 22:36:28.0386 P
[ReportManager] Browser Action [CloseCurrentWindow] successfully performed. @23-09-2021 22:36:28.0505 PM
[ReportManager] Successfully created attachment [Browser Action Test Data - CloseCurrentWindow - Actual Value] @23-09-2021 22:36:28.0505 P
[ReportManager] File Action [GetAbsolutePath] successfully performed. With the following test data [Relative Folder Path: "target/downloadedFiles/"]. @23-09-2021 22:36:28.0508 PM
[ReportManager] Attempting to run remotely on: [Linux-64], [GoogleChrome], [http://localhost:4444/wd/hub], Headless Execution. @23-09-2021 22:36:28.0508 PM
[ReportManager] Successfully Opened [GoogleChrome]. @23-09-2021 22:36:28.0713 P

################################################################################################################################################
Starting Execution:	[52 out of 144] test cases in the current suite
Test Method:		[unitTests.tests_element_elementActions.waitForElementToBePresent_true_expectedToFail]
################################################################################################################################################
[ReportManager] Target URL: [https://www.google.com/ncr], and after redirection: [www.google.com] @23-09-2021 22:36:28.0727 PM
[ReportManager] Initial URL: [data:,] @23-09-2021 22:36:28.0778 PM
[ReportManager] Browser Action [NavigateToURL] successfully performed. With the following test data [https://www.google.com/ncr]. @23-09-2021 22:36:29.0598 PM
[ReportManager] Waiting for element to be present; elementLocator [By.id: bla], numberOfTries[1], stateOfPresence[true]... @23-09-2021 22:36:29.0598 PM
[ReportManager] Element Action [WaitForElementToBePresent] failed. With the following test data [waited for the element's state of presence to be (true). Element locator (By.id: bla)]. @23-09-2021 22:36:34.0854 PM
[ReportManager] Successfully created attachment [Screenshot - 1632436594794_waitForElementToBePresent_true_expectedToFail_WaitForElementToBePresent_failed] @23-09-2021 22:36:34.0854 P
[ReportManager] Browser Action [CloseCurrentWindow] successfully performed. @23-09-2021 22:36:34.0975 PM
[ReportManager] Successfully created attachment [Browser Action Test Data - CloseCurrentWindow - Actual Value] @23-09-2021 22:36:34.0976 P
[ReportManager] File Action [GetAbsolutePath] successfully performed. With the following test data [Relative Folder Path: "target/downloadedFiles/"]. @23-09-2021 22:36:34.0979 PM
[ReportManager] Attempting to run remotely on: [Linux-64], [GoogleChrome], [http://localhost:4444/wd/hub], Headless Execution. @23-09-2021 22:36:34.0979 PM
[ReportManager] Successfully Opened [GoogleChrome]. @23-09-2021 22:36:35.0236 P

################################################################################################################################################
Starting Execution:	[53 out of 144] test cases in the current suite
Test Method:		[unitTests.tests_element_elementActions.waitForElementToBePresent_true_expectedToPass]
################################################################################################################################################
[ReportManager] Target URL: [https://www.google.com/ncr], and after redirection: [www.google.com] @23-09-2021 22:36:35.0272 PM
[ReportManager] Initial URL: [data:,] @23-09-2021 22:36:35.0310 PM
[ReportManager] Browser Action [NavigateToURL] successfully performed. With the following test data [https://www.google.com/ncr]. @23-09-2021 22:36:36.0139 PM
[ReportManager] Waiting for element to be present; elementLocator [By.xpath: //*[@id='hplogo' or @alt='Google']], numberOfTries[1], stateOfPresence[true]... @23-09-2021 22:36:36.0139 PM
[ReportManager] Element Action [WaitForElementToBePresent] successfully performed. With the following test data [waited for the element's state of presence to be (true). Element locator (By.xpath: //*[@id='hplogo' or @alt='Google'])]. @23-09-2021 22:36:36.0196 PM
[ReportManager] File Action [DoesFileExist] successfully performed. With the following test data [File Path: "src/test/resources/DynamicObjectRepository/unitTests_tests_element_elementActions_waitForElementToBePresent_true_expectedToPass_By_xpath_id_hplogo_or_alt_Google.png"]. @23-09-2021 22:36:36.0200 PM
[ReportManager] File Action [DoesFileExist] successfully performed. With the following test data [File Path: "src/test/resources/DynamicObjectRepository/unitTests_tests_element_elementActions_waitForElementToBePresent_true_expectedToPass_By_xpath_id_hplogo_or_alt_Google.png"]. @23-09-2021 22:36:36.0319 PM
[ReportManager] Passing the test and saving a reference image @23-09-2021 22:36:36.0320 PM
[ReportManager] File Action [GetAbsolutePath] successfully performed. With the following test data [Relative File Path: "src/test/resources/DynamicObjectRepository/unitTests_tests_element_elementActions_waitForElementToBePresent_true_expectedToPass_By_xpath_id_hplogo_or_alt_Google.png"]. @23-09-2021 22:36:36.0320 PM
[ReportManager] File Action [WriteToFile] successfully performed. With the following test data [Target File Path: "/home/runner/work/SHAFT_ENGINE/SHAFT_ENGINE/src/test/resources/DynamicObjectRepository/unitTests_tests_element_elementActions_waitForElementToBePresent_true_expectedToPass_By_xpath_id_hplogo_or_alt_Google.png"]. @23-09-2021 22:36:36.0321 PM
[ReportManager] Assertion Passed: Using Visual AI; OpenCV @23-09-2021 22:36:36.0321 PM
[ReportManager] Successfully created attachment [Validation Test Data - Actual Screenshot] @23-09-2021 22:36:36.0322 PM
[ReportManager] Assertion [ValidateElementMatches] PASSED. Expected [Element should match the reference screenshot] and Actual [TRUE]. Comparison Type [EXACT_OPENCV]. Validation Type [POSITIVE]. @23-09-2021 22:36:36.0322 P
[ReportManager] Browser Action [CloseCurrentWindow] successfully performed. @23-09-2021 22:36:36.0449 PM
[ReportManager] Successfully created attachment [Browser Action Test Data - CloseCurrentWindow - Actual Value] @23-09-2021 22:36:36.0450 P
[ReportManager] File Action [GetAbsolutePath] successfully performed. With the following test data [Relative Folder Path: "target/downloadedFiles/"]. @23-09-2021 22:36:36.0452 PM
[ReportManager] Attempting to run remotely on: [Linux-64], [GoogleChrome], [http://localhost:4444/wd/hub], Headless Execution. @23-09-2021 22:36:36.0452 PM
[ReportManager] Successfully Opened [GoogleChrome]. @23-09-2021 22:36:36.0658 PM
[ReportManager] Target URL: [https://duckduckgo.com] @23-09-2021 22:36:36.0668 PM
[ReportManager] Initial URL: [data:,] @23-09-2021 22:36:36.0707 PM
[ReportManager] Browser Action [NavigateToURL] successfully performed. With the following test data [https://duckduckgo.com]. @23-09-2021 22:36:37.0241 P

################################################################################################################################################
Starting Execution:	[54 out of 144] test cases in the current suite
Test Method:		[unitTests.tests_browserActions.fullScreenWindow]
################################################################################################################################################
[ReportManager] Initial Windows Size: 800x600 @23-09-2021 22:36:37.0253 PM
[ReportManager] Initial window size: (800, 600) @23-09-2021 22:36:37.0255 PM
[ReportManager] Window size after Toolkit: (1920, 1080) @23-09-2021 22:36:37.0472 PM
[ReportManager] Browser Action [MaximizeWindow] successfully performed. With the following test data [New screen size is now: (1920, 1080)]. @23-09-2021 22:36:37.0474 PM
[ReportManager] Current Windows Size after fullScreen: 1920x1080 @23-09-2021 22:36:37.0482 PM
[ReportManager] Browser Action [FullScreenWindow] successfully performed. @23-09-2021 22:36:37.0507 PM
[ReportManager] Successfully created attachment [Browser Action Test Data - FullScreenWindow - Actual Value] @23-09-2021 22:36:37.0509 P
[ReportManager] Target URL: [https://duckduckgo.com] @23-09-2021 22:36:37.0519 PM
[ReportManager] Initial URL: [https://duckduckgo.com] @23-09-2021 22:36:37.0583 PM
[ReportManager] Browser Action [NavigateToURL] successfully performed. With the following test data [https://duckduckgo.com]. @23-09-2021 22:36:37.0956 PM
[ReportManager] Browser Action [CloseCurrentWindow] successfully performed. @23-09-2021 22:36:38.0061 PM
[ReportManager] Successfully created attachment [Browser Action Test Data - CloseCurrentWindow - Actual Value] @23-09-2021 22:36:38.0063 P
[ReportManager] File Action [GetAbsolutePath] successfully performed. With the following test data [Relative Folder Path: "target/downloadedFiles/"]. @23-09-2021 22:36:38.0065 PM
[ReportManager] Attempting to run remotely on: [Linux-64], [GoogleChrome], [http://localhost:4444/wd/hub], Headless Execution. @23-09-2021 22:36:38.0065 PM
[ReportManager] Successfully Opened [GoogleChrome]. @23-09-2021 22:36:38.0251 PM
[ReportManager] Target URL: [https://duckduckgo.com] @23-09-2021 22:36:38.0261 PM
[ReportManager] Initial URL: [data:,] @23-09-2021 22:36:38.0309 PM
[ReportManager] Browser Action [NavigateToURL] successfully performed. With the following test data [https://duckduckgo.com]. @23-09-2021 22:36:38.0787 P

################################################################################################################################################
Starting Execution:	[55 out of 144] test cases in the current suite
Test Method:		[unitTests.tests_browserActions.getCurrentURL]
################################################################################################################################################
[ReportManager] Browser Action [GetCurrentURL] successfully performed. With the following test data [https://duckduckgo.com/]. @23-09-2021 22:36:38.0823 P
[ReportManager] Target URL: [https://duckduckgo.com] @23-09-2021 22:36:38.0826 PM
[ReportManager] Initial URL: [https://duckduckgo.com] @23-09-2021 22:36:38.0914 PM
[ReportManager] Browser Action [NavigateToURL] successfully performed. With the following test data [https://duckduckgo.com]. @23-09-2021 22:36:39.0220 PM
[ReportManager] Browser Action [CloseCurrentWindow] successfully performed. @23-09-2021 22:36:39.0339 PM
[ReportManager] Successfully created attachment [Browser Action Test Data - CloseCurrentWindow - Actual Value] @23-09-2021 22:36:39.0347 P
[ReportManager] File Action [GetAbsolutePath] successfully performed. With the following test data [Relative Folder Path: "target/downloadedFiles/"]. @23-09-2021 22:36:39.0356 PM
[ReportManager] Attempting to run remotely on: [Linux-64], [GoogleChrome], [http://localhost:4444/wd/hub], Headless Execution. @23-09-2021 22:36:39.0357 PM
[ReportManager] Successfully Opened [GoogleChrome]. @23-09-2021 22:36:39.0548 PM
[ReportManager] Target URL: [https://duckduckgo.com] @23-09-2021 22:36:39.0558 PM
[ReportManager] Initial URL: [data:,] @23-09-2021 22:36:39.0597 PM
[ReportManager] Browser Action [NavigateToURL] successfully performed. With the following test data [https://duckduckgo.com]. @23-09-2021 22:36:40.0046 P

################################################################################################################################################
Starting Execution:	[56 out of 144] test cases in the current suite
Test Method:		[unitTests.tests_browserActions.getCurrentWindowTitle]
################################################################################################################################################
[ReportManager] Browser Action [GetCurrentWindowTitle] successfully performed. With the following test data [DuckDuckGo  Privacy, simplified.]. @23-09-2021 22:36:40.0094 P
[ReportManager] Target URL: [https://duckduckgo.com] @23-09-2021 22:36:40.0098 PM
[ReportManager] Initial URL: [https://duckduckgo.com] @23-09-2021 22:36:40.0152 PM
[ReportManager] Browser Action [NavigateToURL] successfully performed. With the following test data [https://duckduckgo.com]. @23-09-2021 22:36:40.0457 PM
[ReportManager] Browser Action [CloseCurrentWindow] successfully performed. @23-09-2021 22:36:40.0561 PM
[ReportManager] Successfully created attachment [Browser Action Test Data - CloseCurrentWindow - Actual Value] @23-09-2021 22:36:40.0562 P
[ReportManager] File Action [GetAbsolutePath] successfully performed. With the following test data [Relative Folder Path: "target/downloadedFiles/"]. @23-09-2021 22:36:40.0565 PM
[ReportManager] Attempting to run remotely on: [Linux-64], [GoogleChrome], [http://localhost:4444/wd/hub], Headless Execution. @23-09-2021 22:36:40.0566 PM
[ReportManager] Successfully Opened [GoogleChrome]. @23-09-2021 22:36:40.0988 PM
[ReportManager] Target URL: [https://duckduckgo.com] @23-09-2021 22:36:41.0006 PM
[ReportManager] Initial URL: [data:,] @23-09-2021 22:36:41.0079 PM
[ReportManager] Browser Action [NavigateToURL] successfully performed. With the following test data [https://duckduckgo.com]. @23-09-2021 22:36:41.0713 P

################################################################################################################################################
Starting Execution:	[57 out of 144] test cases in the current suite
Test Method:		[unitTests.tests_browserActions.getPageSource]
################################################################################################################################################
[ReportManager] Browser Action [GetPageSource] successfully performed. @23-09-2021 22:36:41.0760 PM
[ReportManager] Successfully created attachment [Browser Action Test Data - GetPageSource - Actual Value] @23-09-2021 22:36:41.0760 P
[ReportManager] Target URL: [https://duckduckgo.com] @23-09-2021 22:36:41.0764 PM
[ReportManager] Initial URL: [https://duckduckgo.com] @23-09-2021 22:36:41.0829 PM
[ReportManager] Browser Action [NavigateToURL] successfully performed. With the following test data [https://duckduckgo.com]. @23-09-2021 22:36:42.0121 PM
[ReportManager] Browser Action [CloseCurrentWindow] successfully performed. @23-09-2021 22:36:42.0217 PM
[ReportManager] Successfully created attachment [Browser Action Test Data - CloseCurrentWindow - Actual Value] @23-09-2021 22:36:42.0217 P
[ReportManager] File Action [GetAbsolutePath] successfully performed. With the following test data [Relative Folder Path: "target/downloadedFiles/"]. @23-09-2021 22:36:42.0225 PM
[ReportManager] Attempting to run remotely on: [Linux-64], [GoogleChrome], [http://localhost:4444/wd/hub], Headless Execution. @23-09-2021 22:36:42.0225 PM
[ReportManager] Successfully Opened [GoogleChrome]. @23-09-2021 22:36:42.0410 PM
[ReportManager] Target URL: [https://duckduckgo.com] @23-09-2021 22:36:42.0420 PM
[ReportManager] Initial URL: [data:,] @23-09-2021 22:36:42.0463 PM
[ReportManager] Browser Action [NavigateToURL] successfully performed. With the following test data [https://duckduckgo.com]. @23-09-2021 22:36:42.0949 P

################################################################################################################################################
Starting Execution:	[58 out of 144] test cases in the current suite
Test Method:		[unitTests.tests_browserActions.getWindowHandle]
################################################################################################################################################
[ReportManager] Browser Action [GetWindowHandle] successfully performed. With the following test data [CDwindow-ED40182A2BE2D6F0B2C5383C2D43FF48]. @23-09-2021 22:36:42.0983 P
[ReportManager] Target URL: [https://duckduckgo.com] @23-09-2021 22:36:42.0986 PM
[ReportManager] Initial URL: [https://duckduckgo.com] @23-09-2021 22:36:43.0041 PM
[ReportManager] Browser Action [NavigateToURL] successfully performed. With the following test data [https://duckduckgo.com]. @23-09-2021 22:36:43.0324 PM
[ReportManager] Browser Action [CloseCurrentWindow] successfully performed. @23-09-2021 22:36:43.0425 PM
[ReportManager] Successfully created attachment [Browser Action Test Data - CloseCurrentWindow - Actual Value] @23-09-2021 22:36:43.0425 P
[ReportManager] File Action [GetAbsolutePath] successfully performed. With the following test data [Relative Folder Path: "target/downloadedFiles/"]. @23-09-2021 22:36:43.0427 PM
[ReportManager] Attempting to run remotely on: [Linux-64], [GoogleChrome], [http://localhost:4444/wd/hub], Headless Execution. @23-09-2021 22:36:43.0428 PM
[ReportManager] Successfully Opened [GoogleChrome]. @23-09-2021 22:36:43.0627 PM
[ReportManager] Target URL: [https://duckduckgo.com] @23-09-2021 22:36:43.0642 PM
[ReportManager] Initial URL: [data:,] @23-09-2021 22:36:43.0678 PM
[ReportManager] Browser Action [NavigateToURL] successfully performed. With the following test data [https://duckduckgo.com]. @23-09-2021 22:36:44.0144 P

################################################################################################################################################
Starting Execution:	[59 out of 144] test cases in the current suite
Test Method:		[unitTests.tests_browserActions.getWindowPosition]
################################################################################################################################################
[ReportManager] Browser Action [GetWindowPosition] successfully performed. With the following test data [(0, 0)]. @23-09-2021 22:36:44.0182 P
[ReportManager] Target URL: [https://duckduckgo.com] @23-09-2021 22:36:44.0185 PM
[ReportManager] Initial URL: [https://duckduckgo.com] @23-09-2021 22:36:44.0242 PM
[ReportManager] Browser Action [NavigateToURL] successfully performed. With the following test data [https://duckduckgo.com]. @23-09-2021 22:36:44.0530 PM
[ReportManager] Browser Action [CloseCurrentWindow] successfully performed. @23-09-2021 22:36:44.0625 PM
[ReportManager] Successfully created attachment [Browser Action Test Data - CloseCurrentWindow - Actual Value] @23-09-2021 22:36:44.0626 P
[ReportManager] File Action [GetAbsolutePath] successfully performed. With the following test data [Relative Folder Path: "target/downloadedFiles/"]. @23-09-2021 22:36:44.0628 PM
[ReportManager] Attempting to run remotely on: [Linux-64], [GoogleChrome], [http://localhost:4444/wd/hub], Headless Execution. @23-09-2021 22:36:44.0628 PM
[ReportManager] Successfully Opened [GoogleChrome]. @23-09-2021 22:36:44.0831 PM
[ReportManager] Target URL: [https://duckduckgo.com] @23-09-2021 22:36:44.0849 PM
[ReportManager] Initial URL: [data:,] @23-09-2021 22:36:44.0888 PM
[ReportManager] Browser Action [NavigateToURL] successfully performed. With the following test data [https://duckduckgo.com]. @23-09-2021 22:36:45.0336 P

################################################################################################################################################
Starting Execution:	[60 out of 144] test cases in the current suite
Test Method:		[unitTests.tests_browserActions.getWindowSize]
################################################################################################################################################
[ReportManager] Browser Action [GetWindowSize] successfully performed. With the following test data [(800, 600)]. @23-09-2021 22:36:45.0371 P
[ReportManager] Target URL: [https://duckduckgo.com] @23-09-2021 22:36:45.0373 PM
[ReportManager] Initial URL: [https://duckduckgo.com] @23-09-2021 22:36:45.0428 PM
[ReportManager] Browser Action [NavigateToURL] successfully performed. With the following test data [https://duckduckgo.com]. @23-09-2021 22:36:45.0744 PM
[ReportManager] Browser Action [CloseCurrentWindow] successfully performed. @23-09-2021 22:36:45.0846 PM
[ReportManager] Successfully created attachment [Browser Action Test Data - CloseCurrentWindow - Actual Value] @23-09-2021 22:36:45.0846 P
[ReportManager] File Action [GetAbsolutePath] successfully performed. With the following test data [Relative Folder Path: "target/downloadedFiles/"]. @23-09-2021 22:36:45.0848 PM
[ReportManager] Attempting to run remotely on: [Linux-64], [GoogleChrome], [http://localhost:4444/wd/hub], Headless Execution. @23-09-2021 22:36:45.0848 PM
[ReportManager] Successfully Opened [GoogleChrome]. @23-09-2021 22:36:46.0108 PM
[ReportManager] Target URL: [https://duckduckgo.com] @23-09-2021 22:36:46.0117 PM
[ReportManager] Initial URL: [data:,] @23-09-2021 22:36:46.0168 PM
[ReportManager] Browser Action [NavigateToURL] successfully performed. With the following test data [https://duckduckgo.com]. @23-09-2021 22:36:46.0643 P

################################################################################################################################################
Starting Execution:	[61 out of 144] test cases in the current suite
Test Method:		[unitTests.tests_browserActions.maximizeWindow]
################################################################################################################################################
[ReportManager] Initial window size: (800, 600) @23-09-2021 22:36:46.0654 PM
[ReportManager] Window size after Toolkit: (1920, 1080) @23-09-2021 22:36:46.0870 PM
[ReportManager] Browser Action [MaximizeWindow] successfully performed. With the following test data [New screen size is now: (1920, 1080)]. @23-09-2021 22:36:46.0873 P
[ReportManager] Target URL: [https://duckduckgo.com] @23-09-2021 22:36:46.0877 PM
[ReportManager] Initial URL: [https://duckduckgo.com] @23-09-2021 22:36:46.0954 PM
[ReportManager] Browser Action [NavigateToURL] successfully performed. With the following test data [https://duckduckgo.com]. @23-09-2021 22:36:47.0302 PM
[ReportManager] Browser Action [CloseCurrentWindow] successfully performed. @23-09-2021 22:36:47.0402 PM
[ReportManager] Successfully created attachment [Browser Action Test Data - CloseCurrentWindow - Actual Value] @23-09-2021 22:36:47.0403 P
[ReportManager] File Action [GetAbsolutePath] successfully performed. With the following test data [Relative Folder Path: "target/downloadedFiles/"]. @23-09-2021 22:36:47.0405 PM
[ReportManager] Attempting to run remotely on: [Linux-64], [GoogleChrome], [http://localhost:4444/wd/hub], Headless Execution. @23-09-2021 22:36:47.0405 PM
[ReportManager] Successfully Opened [GoogleChrome]. @23-09-2021 22:36:47.0606 PM
[ReportManager] Target URL: [https://duckduckgo.com] @23-09-2021 22:36:47.0625 PM
[ReportManager] Initial URL: [data:,] @23-09-2021 22:36:47.0661 PM
[ReportManager] Browser Action [NavigateToURL] successfully performed. With the following test data [https://duckduckgo.com]. @23-09-2021 22:36:48.0133 P

################################################################################################################################################
Starting Execution:	[62 out of 144] test cases in the current suite
Test Method:		[unitTests.tests_browserActions.navigateBack]
################################################################################################################################################
[ReportManager] Target URL: [https://www.google.com/ncr], and after redirection: [https://www.google.com] @23-09-2021 22:36:48.0136 PM
[ReportManager] Initial URL: [https://duckduckgo.com] @23-09-2021 22:36:48.0196 PM
[ReportManager] Browser Action [NavigateToURL] successfully performed. With the following test data [https://www.google.com/ncr]. @23-09-2021 22:36:49.0016 PM
[ReportManager] Browser Action [NavigateBack] successfully performed. With the following test data [https://duckduckgo.com/]. @23-09-2021 22:36:49.0400 PM
[ReportManager] Browser Action [GetCurrentURL] successfully performed. With the following test data [https://duckduckgo.com/]. @23-09-2021 22:36:49.0436 PM
[ReportManager] Assertion Passed: Confirming that navigating back was successful @23-09-2021 22:36:49.0580 PM
[ReportManager] Successfully created attachment [Screenshot - 1632436609515_navigateBack_ValidateBrowserAttribute_passed] @23-09-2021 22:36:49.0581 PM
[ReportManager] Assertion [ValidateBrowserAttribute] PASSED. Expected [Value Should be 'https://duckduckgo.com' for the 'CurrentUrl' attribute] and Actual [https://duckduckgo.com/]. Comparison Type [CONTAINS]. Validation Type [POSITIVE]. @23-09-2021 22:36:49.0581 P
[ReportManager] Target URL: [https://duckduckgo.com] @23-09-2021 22:36:49.0582 PM
[ReportManager] Initial URL: [https://duckduckgo.com] @23-09-2021 22:36:49.0634 PM
[ReportManager] Browser Action [NavigateToURL] successfully performed. With the following test data [https://duckduckgo.com]. @23-09-2021 22:36:50.0001 PM
[ReportManager] Browser Action [CloseCurrentWindow] successfully performed. @23-09-2021 22:36:50.0096 PM
[ReportManager] Successfully created attachment [Browser Action Test Data - CloseCurrentWindow - Actual Value] @23-09-2021 22:36:50.0097 P
[ReportManager] File Action [GetAbsolutePath] successfully performed. With the following test data [Relative Folder Path: "target/downloadedFiles/"]. @23-09-2021 22:36:50.0099 PM
[ReportManager] Attempting to run remotely on: [Linux-64], [GoogleChrome], [http://localhost:4444/wd/hub], Headless Execution. @23-09-2021 22:36:50.0099 PM
[ReportManager] Successfully Opened [GoogleChrome]. @23-09-2021 22:36:50.0287 PM
[ReportManager] Target URL: [https://duckduckgo.com] @23-09-2021 22:36:50.0298 PM
[ReportManager] Initial URL: [data:,] @23-09-2021 22:36:50.0342 PM
[ReportManager] Browser Action [NavigateToURL] successfully performed. With the following test data [https://duckduckgo.com]. @23-09-2021 22:36:50.0802 P

################################################################################################################################################
Starting Execution:	[63 out of 144] test cases in the current suite
Test Method:		[unitTests.tests_browserActions.navigateForward]
################################################################################################################################################
[ReportManager] Target URL: [https://www.google.com/ncr], and after redirection: [https://www.google.com] @23-09-2021 22:36:50.0804 PM
[ReportManager] Initial URL: [https://duckduckgo.com] @23-09-2021 22:36:50.0861 PM
[ReportManager] Browser Action [NavigateToURL] successfully performed. With the following test data [https://www.google.com/ncr]. @23-09-2021 22:36:51.0659 PM
[ReportManager] Browser Action [NavigateBack] successfully performed. With the following test data [https://duckduckgo.com/]. @23-09-2021 22:36:52.0000 PM
[ReportManager] Browser Action [NavigateForward] successfully performed. With the following test data [https://www.google.com/]. @23-09-2021 22:36:52.0422 P
[ReportManager] Target URL: [https://duckduckgo.com] @23-09-2021 22:36:52.0425 PM
[ReportManager] Initial URL: [https://www.google.com] @23-09-2021 22:36:52.0495 PM
[ReportManager] Browser Action [NavigateToURL] successfully performed. With the following test data [https://duckduckgo.com]. @23-09-2021 22:36:52.0926 PM
[ReportManager] Browser Action [CloseCurrentWindow] successfully performed. @23-09-2021 22:36:53.0027 PM
[ReportManager] Successfully created attachment [Browser Action Test Data - CloseCurrentWindow - Actual Value] @23-09-2021 22:36:53.0027 P
[ReportManager] File Action [GetAbsolutePath] successfully performed. With the following test data [Relative Folder Path: "target/downloadedFiles/"]. @23-09-2021 22:36:53.0031 PM
[ReportManager] Attempting to run remotely on: [Linux-64], [GoogleChrome], [http://localhost:4444/wd/hub], Headless Execution. @23-09-2021 22:36:53.0031 PM
[ReportManager] Successfully Opened [GoogleChrome]. @23-09-2021 22:36:53.0230 PM
[ReportManager] Target URL: [https://duckduckgo.com] @23-09-2021 22:36:53.0239 PM
[ReportManager] Initial URL: [data:,] @23-09-2021 22:36:53.0279 PM
[ReportManager] Browser Action [NavigateToURL] successfully performed. With the following test data [https://duckduckgo.com]. @23-09-2021 22:36:53.0740 P

################################################################################################################################################
Starting Execution:	[64 out of 144] test cases in the current suite
Test Method:		[unitTests.tests_browserActions.navigateToURL]
################################################################################################################################################
[ReportManager] Target URL: [https://duckduckgo.com] @23-09-2021 22:36:53.0748 PM
[ReportManager] Initial URL: [https://duckduckgo.com] @23-09-2021 22:36:53.0810 PM
[ReportManager] Browser Action [NavigateToURL] successfully performed. With the following test data [https://duckduckgo.com]. @23-09-2021 22:36:54.0119 P
[ReportManager] Target URL: [https://duckduckgo.com] @23-09-2021 22:36:54.0122 PM
[ReportManager] Initial URL: [https://duckduckgo.com] @23-09-2021 22:36:54.0173 PM
[ReportManager] Browser Action [NavigateToURL] successfully performed. With the following test data [https://duckduckgo.com]. @23-09-2021 22:36:54.0452 PM
[ReportManager] Browser Action [CloseCurrentWindow] successfully performed. @23-09-2021 22:36:54.0553 PM
[ReportManager] Successfully created attachment [Browser Action Test Data - CloseCurrentWindow - Actual Value] @23-09-2021 22:36:54.0554 P
[ReportManager] File Action [GetAbsolutePath] successfully performed. With the following test data [Relative Folder Path: "target/downloadedFiles/"]. @23-09-2021 22:36:54.0556 PM
[ReportManager] Attempting to run remotely on: [Linux-64], [GoogleChrome], [http://localhost:4444/wd/hub], Headless Execution. @23-09-2021 22:36:54.0556 PM
[ReportManager] Successfully Opened [GoogleChrome]. @23-09-2021 22:36:54.0739 PM
[ReportManager] Target URL: [https://duckduckgo.com] @23-09-2021 22:36:54.0748 PM
[ReportManager] Initial URL: [data:,] @23-09-2021 22:36:54.0784 PM
[ReportManager] Browser Action [NavigateToURL] successfully performed. With the following test data [https://duckduckgo.com]. @23-09-2021 22:36:55.0270 P

################################################################################################################################################
Starting Execution:	[65 out of 144] test cases in the current suite
Test Method:		[unitTests.tests_browserActions.navigateToURLWithRedirection]
################################################################################################################################################
[ReportManager] Target URL: [https://www.google.com/ncr], and after redirection: [https://www.google.com] @23-09-2021 22:36:55.0274 PM
[ReportManager] Initial URL: [https://duckduckgo.com] @23-09-2021 22:36:55.0327 PM
[ReportManager] Browser Action [NavigateToURL] successfully performed. With the following test data [https://www.google.com/ncr]. @23-09-2021 22:36:56.0142 P
[ReportManager] Target URL: [https://duckduckgo.com] @23-09-2021 22:36:56.0144 PM
[ReportManager] Initial URL: [https://www.google.com] @23-09-2021 22:36:56.0223 PM
[ReportManager] Browser Action [NavigateToURL] successfully performed. With the following test data [https://duckduckgo.com]. @23-09-2021 22:36:56.0669 PM
[ReportManager] Browser Action [CloseCurrentWindow] successfully performed. @23-09-2021 22:36:56.0775 PM
[ReportManager] Successfully created attachment [Browser Action Test Data - CloseCurrentWindow - Actual Value] @23-09-2021 22:36:56.0776 P
[ReportManager] File Action [GetAbsolutePath] successfully performed. With the following test data [Relative Folder Path: "target/downloadedFiles/"]. @23-09-2021 22:36:56.0778 PM
[ReportManager] Attempting to run remotely on: [Linux-64], [GoogleChrome], [http://localhost:4444/wd/hub], Headless Execution. @23-09-2021 22:36:56.0778 PM
[ReportManager] Successfully Opened [GoogleChrome]. @23-09-2021 22:36:56.0970 PM
[ReportManager] Target URL: [https://duckduckgo.com] @23-09-2021 22:36:56.0980 PM
[ReportManager] Initial URL: [data:,] @23-09-2021 22:36:57.0018 PM
[ReportManager] Browser Action [NavigateToURL] successfully performed. With the following test data [https://duckduckgo.com]. @23-09-2021 22:36:57.0478 P

################################################################################################################################################
Starting Execution:	[66 out of 144] test cases in the current suite
Test Method:		[unitTests.tests_browserActions.refreshCurrentPage]
################################################################################################################################################
[ReportManager] Browser Action [RefreshCurrentPage] successfully performed. @23-09-2021 22:36:57.0678 PM
[ReportManager] Successfully created attachment [Browser Action Test Data - RefreshCurrentPage - Actual Value] @23-09-2021 22:36:57.0679 P
[ReportManager] Target URL: [https://duckduckgo.com] @23-09-2021 22:36:57.0682 PM
[ReportManager] Initial URL: [https://duckduckgo.com] @23-09-2021 22:36:57.0742 PM
[ReportManager] Browser Action [NavigateToURL] successfully performed. With the following test data [https://duckduckgo.com]. @23-09-2021 22:36:58.0055 PM
[ReportManager] Browser Action [CloseCurrentWindow] successfully performed. @23-09-2021 22:36:58.0153 PM
[ReportManager] Successfully created attachment [Browser Action Test Data - CloseCurrentWindow - Actual Value] @23-09-2021 22:36:58.0154 P
[ReportManager] File Action [GetAbsolutePath] successfully performed. With the following test data [Relative Folder Path: "target/downloadedFiles/"]. @23-09-2021 22:36:58.0156 PM
[ReportManager] Attempting to run remotely on: [Linux-64], [GoogleChrome], [http://localhost:4444/wd/hub], Headless Execution. @23-09-2021 22:36:58.0156 PM
[ReportManager] Successfully Opened [GoogleChrome]. @23-09-2021 22:36:58.0389 PM
[ReportManager] Target URL: [https://duckduckgo.com] @23-09-2021 22:36:58.0401 PM
[ReportManager] Initial URL: [data:,] @23-09-2021 22:36:58.0436 PM
[ReportManager] Browser Action [NavigateToURL] successfully performed. With the following test data [https://duckduckgo.com]. @23-09-2021 22:36:58.0916 P

################################################################################################################################################
Starting Execution:	[67 out of 144] test cases in the current suite
Test Method:		[unitTests.tests_browserActions.setWindowSize]
################################################################################################################################################
[ReportManager] Initial window size: (800, 600) @23-09-2021 22:36:58.0925 PM
[ReportManager] Window size after SWD: (1280, 720) @23-09-2021 22:36:59.0139 PM
[ReportManager] Browser Action [SetWindowSize] successfully performed. With the following test data [New screen size is now: (1280, 720)]. @23-09-2021 22:36:59.0139 P
[ReportManager] Target URL: [https://duckduckgo.com] @23-09-2021 22:36:59.0146 PM
[ReportManager] Initial URL: [https://duckduckgo.com] @23-09-2021 22:36:59.0228 PM
[ReportManager] Browser Action [NavigateToURL] successfully performed. With the following test data [https://duckduckgo.com]. @23-09-2021 22:36:59.0535 PM
[ReportManager] Browser Action [CloseCurrentWindow] successfully performed. @23-09-2021 22:36:59.0633 PM
[ReportManager] Successfully created attachment [Browser Action Test Data - CloseCurrentWindow - Actual Value] @23-09-2021 22:36:59.0634 P
[ReportManager] Successfully loaded the following test data file [src/test/resources/TestDataFiles/testSuite01/TestData.xlsx]. @23-09-2021 22:37:00.0344 PM
[ReportManager] Successfully created attachment [Test Data - Excel] @23-09-2021 22:37:00.0344 P

################################################################################################################################################
Starting Execution:	[68 out of 144] test cases in the current suite
Test Method:		[unitTests.tests_io_excelFileManager.getCellData_rowName_expectedToPass]
################################################################################################################################################
[ReportManager] testRowData. @23-09-2021 22:37:00.0355 P
[ReportManager] Successfully loaded the following test data file [src/test/resources/TestDataFiles/testSuite01/TestData.xlsx]. @23-09-2021 22:37:00.0382 PM
[ReportManager] Successfully created attachment [Test Data - Excel] @23-09-2021 22:37:00.0382 PM
[ReportManager] File Action [GetAbsolutePath] successfully performed. With the following test data [Relative Folder Path: "target/downloadedFiles/"]. @23-09-2021 22:37:00.0382 PM
[ReportManager] Attempting to run remotely on: [Linux-64], [GoogleChrome], [http://localhost:4444/wd/hub], Headless Execution. @23-09-2021 22:37:00.0383 PM
[ReportManager] Successfully Opened [GoogleChrome]. @23-09-2021 22:37:00.0671 P

################################################################################################################################################
Starting Execution:	[69 out of 144] test cases in the current suite
Test Method:		[testPackage01.Test_google.navigateToURLandVerifyGoogleLogoIsDisplayed]
Test Description:	[TC001 - Navigate to URL and Verify Google Logo is Displayed]
################################################################################################################################################
[ReportManager] Target URL: [https://www.google.com/ncr], and after redirection: [https://www.google.com] @23-09-2021 22:37:00.0687 PM
[ReportManager] Initial URL: [data:,] @23-09-2021 22:37:00.0723 PM
[ReportManager] Browser Action [NavigateToURL] successfully performed. With the following test data [https://www.google.com/ncr]. @23-09-2021 22:37:01.0549 PM
[ReportManager] Loaded Shared OpenCV @23-09-2021 22:37:01.0733 PM
[ReportManager] Assertion [ValidateElementExists] PASSED. Expected [Element Should Exist, locator 'By.xpath: //*[@id='hplogo' or @alt='Google']'] and Actual [Element Exists]. Comparison Type [EQUALS]. Validation Type [POSITIVE]. @23-09-2021 22:37:01.0807 PM
[ReportManager] Successfully created attachment [Screenshot - 1632436621733_navigateToURLandVerifyGoogleLogoIsDisplayed_ValidateElementExists_passed] @23-09-2021 22:37:01.0808 P

################################################################################################################################################
Starting Execution:	[70 out of 144] test cases in the current suite
Test Method:		[testPackage01.Test_google.searchForQueryandAssertResultsNumDisplayed]
Test Description:	[TC002 - Search for Query and Assert that the number of results is displayed]
################################################################################################################################################
[ReportManager] Element Action [Type] successfully performed. With the following test data [SHAFT_Engine]. @23-09-2021 22:37:02.0161 PM
[ReportManager] Element Action [KeyPress] successfully performed. With the following test data [Enter]. @23-09-2021 22:37:03.0648 PM
[ReportManager] Element Action [GetText] successfully performed. With the following test data [About 796,000 results (0.76 seconds) ]. @23-09-2021 22:37:03.0768 PM
[ReportManager] Loaded Shared OpenCV @23-09-2021 22:37:03.0913 PM
[ReportManager] Assertion [ValidateElementAttribute] PASSED. Expected [Value Should not be '' for the 'Text' attribute, element locator 'By.id: appbar'] and Actual [About 796,000 results (0.76 seconds) ]. Comparison Type [EQUALS]. Validation Type [NEGATIVE]. @23-09-2021 22:37:04.0005 PM
[ReportManager] Successfully created attachment [Screenshot - 1632436623913_searchForQueryandAssertResultsNumDisplayed_ValidateElementAttribute_passed] @23-09-2021 22:37:04.0006 P

################################################################################################################################################
Starting Execution:	[71 out of 144] test cases in the current suite
Test Method:		[testPackage01.Test_google.clickNextThrice]
Test Description:	[TC003 - Clicks the next button to make sure that the framework can scroll element into view before clicking it]
################################################################################################################################################
[ReportManager] Element Action [Click] successfully performed. With the following test data [Next]. @23-09-2021 22:37:05.0745 P
[ReportManager] Browser Action [CloseCurrentWindow] successfully performed. @23-09-2021 22:37:05.0948 PM
[ReportManager] Successfully created attachment [Browser Action Test Data - CloseCurrentWindow - Actual Value] @23-09-2021 22:37:05.0951 P

################################################################################################################################################
Starting Execution:	[72 out of 144] test cases in the current suite
Test Method:		[testPackage01.Test_testData.f]
################################################################################################################################################
[ReportManager] Successfully loaded the following test data file [src/test/resources/TestDataFiles/testSuite01/TestData.xlsx]. @23-09-2021 22:37:05.0994 PM
[ReportManager] Successfully created attachment [Test Data - Excel] @23-09-2021 22:37:05.0994 PM
[ReportManager] Last Column Number is: [3]. Zero-based. @23-09-2021 22:37:05.0995 P

################################################################################################################################################
Starting Execution:	[73 out of 144] test cases in the current suite
Test Method:		[testPackage01.Test_PDF.testPDF_Downloaded]
################################################################################################################################################
[ReportManager] File Action [DoesFileExist] successfully performed. With the following test data [File Path: "src/test/resources/TestDataFiles/sample.pdf"]. @23-09-2021 22:37:06.0002 PM
[ReportManager] File Action [GetAbsolutePath] successfully performed. With the following test data [Relative File Path: "src/test/resources/TestDataFiles/sample.pdf"]. @23-09-2021 22:37:06.0002 PM
[ReportManager] Assertion [ValidateTrue] PASSED. Expected [TRUE] and Actual [TRUE]. Validation Type [POSITIVE]. @23-09-2021 22:37:06.0584 P

################################################################################################################################################
Starting Execution:	[74 out of 144] test cases in the current suite
Test Method:		[testPackage01.Test_JSONFileManager.readStringFromJson]
################################################################################################################################################
[ReportManager] Successfully loaded the following test data file [src/test/resources/TestDataFiles/simpleJSON.json]. @23-09-2021 22:37:06.0593 PM
[ReportManager] Successfully created attachment [Test Data - JSON] @23-09-2021 22:37:06.0594 PM
[ReportManager] Assertion [ValidateEquals] PASSED. Expected [Mohab Mohie] and Actual [Mohab Mohie]. Comparison Type [EQUALS]. Validation Type [POSITIVE]. @23-09-2021 22:37:06.0607 P
[ReportManager] File Action [GetAbsolutePath] successfully performed. With the following test data [Relative Folder Path: "target/downloadedFiles/"]. @23-09-2021 22:37:06.0611 PM
[ReportManager] Attempting to run remotely on: [Linux-64], [GoogleChrome], [http://localhost:4444/wd/hub], Headless Execution. @23-09-2021 22:37:06.0611 PM
[ReportManager] Successfully Opened [GoogleChrome]. @23-09-2021 22:37:06.0833 P

################################################################################################################################################
Starting Execution:	[75 out of 144] test cases in the current suite
Test Method:		[testPackage01.Test_dragAndDrop.dragAndDropJquery]
################################################################################################################################################
[ReportManager] Target URL: [https://jqueryui.com/resources/demos/droppable/default.html] @23-09-2021 22:37:06.0866 PM
[ReportManager] Initial URL: [data:,] @23-09-2021 22:37:06.0902 PM
[ReportManager] Browser Action [NavigateToURL] successfully performed. With the following test data [https://jqueryui.com/resources/demos/droppable/default.html]. @23-09-2021 22:37:07.0509 PM
[ReportManager] Element Action [GetText] successfully performed. With the following test data [Drop here]. @23-09-2021 22:37:07.0588 PM
[ReportManager] Element Action [DragAndDrop] successfully performed. With the following test data [Start point: (8, 18), End point: (8, 18)]. @23-09-2021 22:37:08.0904 PM
[ReportManager] Element Action [GetText] successfully performed. With the following test data [Dropped!]. @23-09-2021 22:37:08.0971 PM
[ReportManager] Assertion Passed: Checking to see if the text has changed after performing drag and drop @23-09-2021 22:37:08.0972 PM
[ReportManager] Assertion [ValidateEquals] PASSED. Expected [Drop here] and Actual [Dropped!]. Comparison Type [EQUALS]. Validation Type [NEGATIVE]. @23-09-2021 22:37:08.0972 P
[ReportManager] Browser Action [CloseCurrentWindow] successfully performed. @23-09-2021 22:37:09.0073 PM
[ReportManager] Successfully created attachment [Browser Action Test Data - CloseCurrentWindow - Actual Value] @23-09-2021 22:37:09.0073 P
[ReportManager] File Action [GetAbsolutePath] successfully performed. With the following test data [Relative Folder Path: "target/downloadedFiles/"]. @23-09-2021 22:37:09.0075 PM
[ReportManager] Attempting to run remotely on: [Linux-64], [GoogleChrome], [http://localhost:4444/wd/hub], Headless Execution. @23-09-2021 22:37:09.0075 PM
[ReportManager] Successfully Opened [GoogleChrome]. @23-09-2021 22:37:09.0284 P

################################################################################################################################################
Starting Execution:	[76 out of 144] test cases in the current suite
Test Method:		[testPackage01.Test_dragAndDrop.dragAndDrop]
Test Description:	[TC001 - Test Drag and Drop function.]
################################################################################################################################################
[ReportManager] Target URL: [http://the-internet.herokuapp.com/drag_and_drop] @23-09-2021 22:37:09.0300 PM
[ReportManager] Initial URL: [data:,] @23-09-2021 22:37:09.0341 PM
[ReportManager] Browser Action [NavigateToURL] successfully performed. With the following test data [http://the-internet.herokuapp.com/drag_and_drop]. @23-09-2021 22:37:10.0736 PM
[ReportManager] Attempting Drag and Drop @23-09-2021 22:37:10.0737 PM
[ReportManager] Element Action [DragAndDrop] successfully performed. With the following test data [Start point: (32, 89), End point: (247, 89)]. @23-09-2021 22:37:11.0916 P
[ReportManager] Browser Action [CloseCurrentWindow] successfully performed. @23-09-2021 22:37:12.0004 PM
[ReportManager] Successfully created attachment [Browser Action Test Data - CloseCurrentWindow - Actual Value] @23-09-2021 22:37:12.0005 P
[ReportManager] File Action [GetAbsolutePath] successfully performed. With the following test data [Relative Folder Path: "target/downloadedFiles/"]. @23-09-2021 22:37:12.0009 PM
[ReportManager] Attempting to run remotely on: [Linux-64], [GoogleChrome], [http://localhost:4444/wd/hub], Headless Execution. @23-09-2021 22:37:12.0009 PM
[ReportManager] Successfully Opened [GoogleChrome]. @23-09-2021 22:37:12.0200 P

################################################################################################################################################
Starting Execution:	[77 out of 144] test cases in the current suite
Test Method:		[testPackage01.Test_dragAndDrop.dragAndDropByOffset]
Test Description:	[TC002 - Test Drag and Drop by offset function.]
################################################################################################################################################
[ReportManager] Target URL: [https://jqueryui.com/resources/demos/draggable/default.html] @23-09-2021 22:37:12.0212 PM
[ReportManager] Initial URL: [data:,] @23-09-2021 22:37:12.0248 PM
[ReportManager] Browser Action [NavigateToURL] successfully performed. With the following test data [https://jqueryui.com/resources/demos/draggable/default.html]. @23-09-2021 22:37:12.0808 PM
[ReportManager] Element Action [DragAndDropByOffset] successfully performed. With the following test data [Start point: (8, 8), End point: (108, 58)]. @23-09-2021 22:37:12.0965 P
[ReportManager] Browser Action [CloseCurrentWindow] successfully performed. @23-09-2021 22:37:13.0066 PM
[ReportManager] Successfully created attachment [Browser Action Test Data - CloseCurrentWindow - Actual Value] @23-09-2021 22:37:13.0066 P
[ReportManager] File Action [GetAbsolutePath] successfully performed. With the following test data [Relative Folder Path: "target/downloadedFiles/"]. @23-09-2021 22:37:13.0068 PM
[ReportManager] Attempting to run remotely on: [Linux-64], [GoogleChrome], [http://localhost:4444/wd/hub], Headless Execution. @23-09-2021 22:37:13.0068 PM
[ReportManager] Successfully Opened [GoogleChrome]. @23-09-2021 22:37:13.0262 P

################################################################################################################################################
Starting Execution:	[78 out of 144] test cases in the current suite
Test Method:		[testPackage01.Test_verifyEquals.test_assertElementAttribute]
################################################################################################################################################
[ReportManager] Target URL: [https://www.google.com/ncr], and after redirection: [https://www.google.com] @23-09-2021 22:37:13.0275 PM
[ReportManager] Initial URL: [data:,] @23-09-2021 22:37:13.0311 PM
[ReportManager] Browser Action [NavigateToURL] successfully performed. With the following test data [https://www.google.com/ncr]. @23-09-2021 22:37:14.0122 PM
[ReportManager] Element Action [Type] successfully performed. With the following test data [INC_004010050:Another SCHEDULER with the same name [Duplicate Job Name] already exists.]. @23-09-2021 22:37:14.0775 PM
[ReportManager] Element Action [GetText] successfully performed. With the following test data [INC_004010050:Another SCHEDULER with the same name [Duplicate Job Name] already exists.]. @23-09-2021 22:37:14.0855 PM
[ReportManager] Loaded Shared OpenCV @23-09-2021 22:37:14.0975 PM
[ReportManager] Verification [ValidateElementAttribute] PASSED. Expected [Value Should be 'INC_004010050:Another SCHEDULER with the same name \[Duplicate Job Name\] already exists.' for the 'text' attribute, element locator 'By.name: q'] and Actual [INC_004010050:Another SCHEDULER with the same name [Duplicate Job Name] already exists.]. Comparison Type [MATCHES]. Validation Type [POSITIVE]. @23-09-2021 22:37:15.0080 PM
[ReportManager] Successfully created attachment [Screenshot - 1632436634975_test_assertElementAttribute_ValidateElementAttribute_passed] @23-09-2021 22:37:15.0081 P
[ReportManager] Browser Action [CloseCurrentWindow] successfully performed. @23-09-2021 22:37:15.0201 PM
[ReportManager] Successfully created attachment [Browser Action Test Data - CloseCurrentWindow - Actual Value] @23-09-2021 22:37:15.0202 P
[ReportManager] Successfully loaded the following test data file [src/test/resources/TestDataFiles/testSuite01/TestData.xlsx]. @23-09-2021 22:37:15.0238 PM
[ReportManager] Successfully created attachment [Test Data - Excel] @23-09-2021 22:37:15.0238 PM
[ReportManager] Attempting to run using Playwright locally on: [Linux-64], [GoogleChrome], Headless Execution. @23-09-2021 22:37:28.0467 PM
[ReportManager] File Action [GetAbsolutePath] successfully performed. With the following test data [Relative Folder Path: "target/downloadedFiles/"]. @23-09-2021 22:37:28.0468 PM
[ReportManager] Initial window size: (1280, 720) @23-09-2021 22:37:28.0795 PM
[ReportManager] Window size after Toolkit: com.microsoft.playwright.options.ViewportSize@1b3d5354 @23-09-2021 22:37:28.0799 PM
[ReportManager] Browser Action [MaximizeWindow] successfully performed. With the following test data [New screen size is now: (1920, 1080)]. @23-09-2021 22:37:28.0800 P

################################################################################################################################################
Starting Execution:	[79 out of 144] test cases in the current suite
Test Method:		[testPackage01.Test_google_playwright.navigateToURLandVerifyGoogleLogoIsDisplayed]
Test Description:	[TC001 - Navigate to URL and Verify Google Logo is Displayed]
################################################################################################################################################
[ReportManager] Target URL: [https://www.google.com/ncr], and after redirection: [https://www.google.com] @23-09-2021 22:37:28.0814 PM
[ReportManager] Initial URL: [about:blank] @23-09-2021 22:37:29.0278 PM
[ReportManager] Browser Action [NavigateToURL] successfully performed. With the following test data [https://www.google.com/ncr]. @23-09-2021 22:37:32.0889 PM
[ReportManager] Loaded Shared OpenCV @23-09-2021 22:37:33.0121 PM
[ReportManager] Assertion [ValidateElementExists] PASSED. Expected [Element Should Exist, locator 'xpath=//*[@id='hplogo' or @alt='Google']'] and Actual [Element Exists]. Comparison Type [EQUALS]. Validation Type [POSITIVE]. @23-09-2021 22:37:33.0370 PM
[ReportManager] Successfully created attachment [Screenshot - 1632436653117_navigateToURLandVerifyGoogleLogoIsDisplayed_ValidateElementExists_passed] @23-09-2021 22:37:33.0371 P

################################################################################################################################################
Starting Execution:	[80 out of 144] test cases in the current suite
Test Method:		[testPackage01.Test_google_playwright.searchForQueryandAssertResultsNumDisplayed]
Test Description:	[TC002 - Search for Query and Assert that the number of results is displayed]
################################################################################################################################################
[ReportManager] Element Action [Type] successfully performed. With the following test data [SHAFT_Engine]. @23-09-2021 22:37:33.0779 PM
[ReportManager] Element Action [KeyPress] successfully performed. With the following test data [Enter]. @23-09-2021 22:37:33.0821 PM
[ReportManager] Element Action [GetText] successfully performed. With the following test data [About 796,000 results (0.80 seconds)]. @23-09-2021 22:37:34.0863 PM
[ReportManager] Loaded Shared OpenCV @23-09-2021 22:37:36.0159 PM
[ReportManager] Assertion [ValidateElementAttribute] PASSED. Expected [Value Should not be '' for the 'text' attribute, element locator 'xpath=//div[@id='appbar']'] and Actual [About 796,000 results (0.80 seconds)]. Comparison Type [EQUALS]. Validation Type [NEGATIVE]. @23-09-2021 22:37:36.0423 PM
[ReportManager] Successfully created attachment [Screenshot - 1632436656157_searchForQueryandAssertResultsNumDisplayed_ValidateElementAttribute_passed] @23-09-2021 22:37:36.0425 P

################################################################################################################################################
Starting Execution:	[81 out of 144] test cases in the current suite
Test Method:		[testPackage01.Test_google_playwright.clickNextThrice]
Test Description:	[TC003 - Clicks the next button to make sure that the framework can scroll element into view before clicking it]
################################################################################################################################################
[ReportManager] Element Action [Click] successfully performed. With the following test data [Next]. @23-09-2021 22:37:36.0675 P
[ReportManager] Failed to find video recording. @23-09-2021 22:37:36.0676 PM
[ReportManager] Successfully Closed PlayWright Driver. @23-09-2021 22:37:36.0744 P

################################################################################################################################################
Starting Execution:	[82 out of 144] test cases in the current suite
Test Method:		[testPackage01.Test_JsonActions.f]
###############################################################################################################################################

################################################################################################################################################
Starting Execution:	[83 out of 144] test cases in the current suite
Test Method:		[testPackage01.Test_JsonActions.f2]
###############################################################################################################################################

################################################################################################################################################
Starting Execution:	[84 out of 144] test cases in the current suite
Test Method:		[testPackage01.Test_AssertApiResponseEquals.assertApiResponseEquals_expectedToPass]
################################################################################################################################################
[ReportManager] Response status code: [200], status line: [HTTP/1.1 200 OK] @23-09-2021 22:37:36.0834 PM
[ReportManager] Assertion Passed: Evaluating the actual response status code against the expected one... @23-09-2021 22:37:36.0834 PM
[ReportManager] Assertion [ValidateEquals] PASSED. Expected [200] and Actual [200]. Comparison Type [EQUALS]. Validation Type [POSITIVE]. @23-09-2021 22:37:36.0834 PM
[ReportManager] API Action [PerformRequest] successfully performed. With the following test data [Request Type: "GET" | Target Status Code: "200" | Service URL: "https://jsonplaceholder.typicode.com/users" | Content Type: "*/*" | Response Time: "68ms"]. @23-09-2021 22:37:36.0851 PM
[ReportManager] Successfully created attachment [API Request - Specifications] @23-09-2021 22:37:36.0851 PM
[ReportManager] Successfully created attachment [API Response - JSON Body] @23-09-2021 22:37:36.0852 PM
[ReportManager] API Action [GetResponseJSONValueAsList] successfully performed. With the following test data [$]. @23-09-2021 22:37:36.0855 PM
[ReportManager] API Action [GetResponseJSONValue] successfully performed. With the following test data [name]. @23-09-2021 22:37:36.0863 PM
[ReportManager] API Action [GetResponseJSONValue] successfully performed. With the following test data [email]. @23-09-2021 22:37:36.0870 PM
[ReportManager] Verification [ValidateEquals] PASSED. Expected [Sincere@april.biz] and Actual [Sincere@april.biz]. Comparison Type [EQUALS]. Validation Type [POSITIVE]. @23-09-2021 22:37:36.0871 PM
[ReportManager] API Action [GetResponseJSONValue] successfully performed. With the following test data [username]. @23-09-2021 22:37:36.0878 PM
[ReportManager] Assertion [ValidateEquals] PASSED. Expected [Bret] and Actual [Bret]. Comparison Type [EQUALS]. Validation Type [POSITIVE]. @23-09-2021 22:37:36.0878 PM
[ReportManager] API Action [GetResponseJSONValue] successfully performed. With the following test data [name]. @23-09-2021 22:37:36.0885 PM
[ReportManager] API Action [GetResponseJSONValue] successfully performed. With the following test data [name]. @23-09-2021 22:37:36.0892 PM
[ReportManager] API Action [GetResponseJSONValue] successfully performed. With the following test data [name]. @23-09-2021 22:37:36.0899 PM
[ReportManager] API Action [GetResponseJSONValue] successfully performed. With the following test data [name]. @23-09-2021 22:37:36.0906 PM
[ReportManager] API Action [GetResponseJSONValue] successfully performed. With the following test data [name]. @23-09-2021 22:37:36.0913 PM
[ReportManager] API Action [GetResponseJSONValue] successfully performed. With the following test data [name]. @23-09-2021 22:37:36.0920 PM
[ReportManager] API Action [GetResponseJSONValue] successfully performed. With the following test data [name]. @23-09-2021 22:37:36.0928 PM
[ReportManager] API Action [GetResponseJSONValue] successfully performed. With the following test data [name]. @23-09-2021 22:37:36.0936 PM
[ReportManager] API Action [GetResponseJSONValue] successfully performed. With the following test data [name]. @23-09-2021 22:37:36.0957 P
[ReportManager] File Action [GetAbsolutePath] successfully performed. With the following test data [Relative Folder Path: "target/downloadedFiles/"]. @23-09-2021 22:37:36.0967 PM
[ReportManager] Attempting to run remotely on: [Linux-64], [GoogleChrome], [http://localhost:4444/wd/hub], Headless Execution. @23-09-2021 22:37:36.0968 PM
[ReportManager] Successfully Opened [GoogleChrome]. @23-09-2021 22:37:37.0185 P

################################################################################################################################################
Starting Execution:	[85 out of 144] test cases in the current suite
Test Method:		[testPackage01.Test_ShadowDOM.shadowdom]
################################################################################################################################################
[ReportManager] Target URL: [https://mdn.github.io/web-components-examples/popup-info-box-web-component/] @23-09-2021 22:37:37.0197 PM
[ReportManager] Initial URL: [data:,] @23-09-2021 22:37:37.0244 PM
[ReportManager] Browser Action [NavigateToURL] successfully performed. With the following test data [https://mdn.github.io/web-components-examples/popup-info-box-web-component/]. @23-09-2021 22:37:37.0675 PM
[ReportManager] Element Action [Type] successfully performed. With the following test data [Typing into SHADOW DOM...]. @23-09-2021 22:37:37.0922 PM
[ReportManager] Element Action [GetText] successfully performed. With the following test data [Typing into SHADOW DOM...]. @23-09-2021 22:37:38.0009 PM
[ReportManager] Loaded Shared OpenCV @23-09-2021 22:37:38.0116 PM
[ReportManager] Assertion [ValidateElementAttribute] PASSED. Expected [Value Should be 'Typing into SHADOW DOM...' for the 'Text' attribute, element locator 'By.id: cvc'] and Actual [Typing into SHADOW DOM...]. Comparison Type [EQUALS]. Validation Type [POSITIVE]. @23-09-2021 22:37:38.0204 PM
[ReportManager] Successfully created attachment [Screenshot - 1632436658116_shadowdom_ValidateElementAttribute_passed] @23-09-2021 22:37:38.0205 P
[ReportManager] Browser Action [CloseCurrentWindow] successfully performed. @23-09-2021 22:37:38.0294 PM
[ReportManager] Successfully created attachment [Browser Action Test Data - CloseCurrentWindow - Actual Value] @23-09-2021 22:37:38.0294 P

################################################################################################################################################
Starting Execution:	[86 out of 144] test cases in the current suite
Test Method:		[testPackage01.Test_SelectedValue.multipleSelect]
################################################################################################################################################
[ReportManager] File Action [GetAbsolutePath] successfully performed. With the following test data [Relative Folder Path: "target/downloadedFiles/"]. @23-09-2021 22:37:38.0301 PM
[ReportManager] Attempting to run remotely on: [Linux-64], [GoogleChrome], [http://localhost:4444/wd/hub], Headless Execution. @23-09-2021 22:37:38.0302 PM
[ReportManager] Successfully Opened [GoogleChrome]. @23-09-2021 22:37:38.0480 PM
[ReportManager] Target URL: [https://yari-demos.prod.mdn.mozit.cloud/en-US/docs/Web/HTML/Element/select/_sample_.Advanced_select_with_multiple_features.html] @23-09-2021 22:37:38.0505 PM
[ReportManager] Initial URL: [data:,] @23-09-2021 22:37:38.0556 PM
[ReportManager] Browser Action [NavigateToURL] successfully performed. With the following test data [https://yari-demos.prod.mdn.mozit.cloud/en-US/docs/Web/HTML/Element/select/_sample_.Advanced_select_with_multiple_features.html]. @23-09-2021 22:37:38.0866 PM
[ReportManager] Element Action [Select] successfully performed. With the following test data [Dog]. @23-09-2021 22:37:39.0069 PM
[ReportManager] Element Action [Select] successfully performed. With the following test data [Cat]. @23-09-2021 22:37:39.0282 PM
[ReportManager] Element Action [GetSelectedText] successfully performed. With the following test data [DogCat]. @23-09-2021 22:37:39.0423 PM
[ReportManager] DogCat @23-09-2021 22:37:39.0423 PM
[ReportManager] Element Action [GetSelectedText] successfully performed. With the following test data [DogCat]. @23-09-2021 22:37:39.0558 PM
[ReportManager] Loaded Shared OpenCV @23-09-2021 22:37:39.0663 PM
[ReportManager] Assertion [ValidateElementAttribute] PASSED. Expected [Value Should be 'DogCat' for the 'selectedText' attribute, element locator 'By.tagName: select'] and Actual [DogCat]. Comparison Type [EQUALS]. Validation Type [POSITIVE]. @23-09-2021 22:37:39.0730 PM
[ReportManager] Successfully created attachment [Screenshot - 1632436659663_multipleSelect_ValidateElementAttribute_passed] @23-09-2021 22:37:39.0731 PM
[ReportManager] Browser Action [CloseCurrentWindow] successfully performed. @23-09-2021 22:37:39.0819 PM
[ReportManager] Successfully created attachment [Browser Action Test Data - CloseCurrentWindow - Actual Value] @23-09-2021 22:37:39.0819 P

################################################################################################################################################
Starting Execution:	[87 out of 144] test cases in the current suite
Test Method:		[testPackage01.Test_SelectedValue.simpleSelect]
################################################################################################################################################
[ReportManager] File Action [GetAbsolutePath] successfully performed. With the following test data [Relative Folder Path: "target/downloadedFiles/"]. @23-09-2021 22:37:39.0827 PM
[ReportManager] Attempting to run remotely on: [Linux-64], [GoogleChrome], [http://localhost:4444/wd/hub], Headless Execution. @23-09-2021 22:37:39.0827 PM
[ReportManager] Successfully Opened [GoogleChrome]. @23-09-2021 22:37:40.0022 PM
[ReportManager] Target URL: [https://yari-demos.prod.mdn.mozit.cloud/en-US/docs/Web/HTML/Element/select/_sample_.Basic_select.html] @23-09-2021 22:37:40.0040 PM
[ReportManager] Initial URL: [data:,] @23-09-2021 22:37:40.0090 PM
[ReportManager] Browser Action [NavigateToURL] successfully performed. With the following test data [https://yari-demos.prod.mdn.mozit.cloud/en-US/docs/Web/HTML/Element/select/_sample_.Basic_select.html]. @23-09-2021 22:37:40.0279 PM
[ReportManager] Element Action [Select] successfully performed. With the following test data [Third Value]. @23-09-2021 22:37:40.0565 PM
[ReportManager] Element Action [GetSelectedText] successfully performed. With the following test data [Third Value]. @23-09-2021 22:37:40.0654 PM
[ReportManager] Third Value @23-09-2021 22:37:40.0654 PM
[ReportManager] Element Action [GetSelectedText] successfully performed. With the following test data [Third Value]. @23-09-2021 22:37:40.0743 PM
[ReportManager] Loaded Shared OpenCV @23-09-2021 22:37:40.0843 PM
[ReportManager] Assertion [ValidateElementAttribute] PASSED. Expected [Value Should be 'Third Value' for the 'selectedText' attribute, element locator 'By.tagName: select'] and Actual [Third Value]. Comparison Type [EQUALS]. Validation Type [POSITIVE]. @23-09-2021 22:37:40.0913 PM
[ReportManager] Successfully created attachment [Screenshot - 1632436660843_simpleSelect_ValidateElementAttribute_passed] @23-09-2021 22:37:40.0914 PM
[ReportManager] Browser Action [CloseCurrentWindow] successfully performed. @23-09-2021 22:37:41.0013 PM
[ReportManager] Successfully created attachment [Browser Action Test Data - CloseCurrentWindow - Actual Value] @23-09-2021 22:37:41.0014 P
[ReportManager] File Action [GetAbsolutePath] successfully performed. With the following test data [Relative Folder Path: "target/downloadedFiles/"]. @23-09-2021 22:37:41.0020 PM
[ReportManager] Attempting to run remotely on: [Linux-64], [GoogleChrome], [http://localhost:4444/wd/hub], Headless Execution. @23-09-2021 22:37:41.0020 PM
[ReportManager] Successfully Opened [GoogleChrome]. @23-09-2021 22:37:41.0228 P

################################################################################################################################################
Starting Execution:	[88 out of 144] test cases in the current suite
Test Method:		[testPackage01.Test_IsElementClickable.testIsElementClickable]
################################################################################################################################################
[ReportManager] Target URL: [https://the-internet.herokuapp.com/] @23-09-2021 22:37:41.0242 PM
[ReportManager] Initial URL: [data:,] @23-09-2021 22:37:41.0282 PM
[ReportManager] Browser Action [NavigateToURL] successfully performed. With the following test data [https://the-internet.herokuapp.com/]. @23-09-2021 22:37:42.0495 PM
[ReportManager] Element Action [IsElementClickable] successfully performed. @23-09-2021 22:37:42.0618 PM
[ReportManager] Assertion [ValidateTrue] PASSED. Expected [TRUE] and Actual [TRUE]. Validation Type [POSITIVE]. @23-09-2021 22:37:42.0619 P
[ReportManager] Browser Action [CloseCurrentWindow] successfully performed. @23-09-2021 22:37:42.0708 PM
[ReportManager] Successfully created attachment [Browser Action Test Data - CloseCurrentWindow - Actual Value] @23-09-2021 22:37:42.0709 P
[ReportManager] File Action [GetAbsolutePath] successfully performed. With the following test data [Relative Folder Path: "target/downloadedFiles/"]. @23-09-2021 22:37:42.0711 PM
[ReportManager] Attempting to run remotely on: [Linux-64], [GoogleChrome], [http://localhost:4444/wd/hub], Headless Execution. @23-09-2021 22:37:42.0711 PM
[ReportManager] Successfully Opened [GoogleChrome]. @23-09-2021 22:37:42.0903 P

################################################################################################################################################
Starting Execution:	[89 out of 144] test cases in the current suite
Test Method:		[testPackage01.Test_clipboardActions.typeTextAndCopyPaste]
################################################################################################################################################
[ReportManager] Target URL: [https://www.google.com/ncr], and after redirection: [https://www.google.com] @23-09-2021 22:37:42.0918 PM
[ReportManager] Initial URL: [data:,] @23-09-2021 22:37:42.0976 PM
[ReportManager] Browser Action [NavigateToURL] successfully performed. With the following test data [https://www.google.com/ncr]. @23-09-2021 22:37:43.0987 PM
[ReportManager] Element Action [Type] successfully performed. With the following test data [FIRST]. @23-09-2021 22:37:44.0298 PM
[ReportManager] Element Action [ClipboardActions] successfully performed. With the following test data [select all]. @23-09-2021 22:37:44.0359 PM
[ReportManager] Element Action [ClipboardActions] successfully performed. With the following test data [copy]. @23-09-2021 22:37:44.0406 PM
[ReportManager] Element Action [ClipboardActions] successfully performed. With the following test data [unselect]. @23-09-2021 22:37:44.0459 PM
[ReportManager] Element Action [ClipboardActions] successfully performed. With the following test data [paste]. @23-09-2021 22:37:44.0506 PM
[ReportManager] Element Action [ClipboardActions] successfully performed. With the following test data [select all]. @23-09-2021 22:37:44.0569 PM
[ReportManager] Element Action [Type] successfully performed. @23-09-2021 22:37:44.0766 PM
[ReportManager] Element Action [ClipboardActions] successfully performed. With the following test data [cut]. @23-09-2021 22:37:44.0766 PM
[ReportManager] Element Action [ClipboardActions] successfully performed. With the following test data [paste]. @23-09-2021 22:37:44.0856 PM
[ReportManager] Element Action [ClipboardActions] successfully performed. With the following test data [paste]. @23-09-2021 22:37:44.0921 P
[ReportManager] Browser Action [CloseCurrentWindow] successfully performed. @23-09-2021 22:37:45.0099 PM
[ReportManager] Successfully created attachment [Browser Action Test Data - CloseCurrentWindow - Actual Value] @23-09-2021 22:37:45.0104 P
[ReportManager] File Action [GetAbsolutePath] successfully performed. With the following test data [Relative Folder Path: "target/downloadedFiles/"]. @23-09-2021 22:37:45.0106 PM
[ReportManager] Attempting to run remotely on: [Linux-64], [GoogleChrome], [http://localhost:4444/wd/hub], Headless Execution. @23-09-2021 22:37:45.0106 PM
[ReportManager] Successfully Opened [GoogleChrome]. @23-09-2021 22:37:45.0294 P

################################################################################################################################################
Starting Execution:	[90 out of 144] test cases in the current suite
Test Method:		[testPackage01.Test_dynamicLoading.dynamicLoading_elementIsHidden]
################################################################################################################################################
[ReportManager] Target URL: [https://the-internet.herokuapp.com/dynamic_loading/1] @23-09-2021 22:37:45.0309 PM
[ReportManager] Initial URL: [data:,] @23-09-2021 22:37:45.0350 PM
[ReportManager] Browser Action [NavigateToURL] successfully performed. With the following test data [https://the-internet.herokuapp.com/dynamic_loading/1]. @23-09-2021 22:37:46.0562 PM
[ReportManager] Element Action [Click] successfully performed. With the following test data [Start]. @23-09-2021 22:37:46.0838 PM
[ReportManager] Element Action [GetText] successfully performed. With the following test data [
    Hello World!
  ]. @23-09-2021 22:37:46.0935 PM
[ReportManager] Loaded Shared OpenCV @23-09-2021 22:37:47.0086 PM
[ReportManager] Assertion [ValidateElementAttribute] PASSED. Expected [Value Should be 'Hello World!' for the 'text' attribute, element locator 'By.id: finish'] and Actual [
    Hello World!
  ]. Comparison Type [CONTAINS]. Validation Type [POSITIVE]. @23-09-2021 22:37:47.0184 PM
[ReportManager] Successfully created attachment [Screenshot - 1632436667086_dynamicLoading_elementIsHidden_ValidateElementAttribute_passed] @23-09-2021 22:37:47.0185 P
[ReportManager] Browser Action [CloseCurrentWindow] successfully performed. @23-09-2021 22:37:47.0284 PM
[ReportManager] Successfully created attachment [Browser Action Test Data - CloseCurrentWindow - Actual Value] @23-09-2021 22:37:47.0523 P
[ReportManager] File Action [GetAbsolutePath] successfully performed. With the following test data [Relative Folder Path: "target/downloadedFiles/"]. @23-09-2021 22:37:47.0525 PM
[ReportManager] Attempting to run remotely on: [Linux-64], [GoogleChrome], [http://localhost:4444/wd/hub], Headless Execution. @23-09-2021 22:37:47.0525 PM
[ReportManager] Successfully Opened [GoogleChrome]. @23-09-2021 22:37:47.0740 P

################################################################################################################################################
Starting Execution:	[91 out of 144] test cases in the current suite
Test Method:		[testPackage01.Test_dynamicLoading.dynamicLoading_elementIsRendered]
################################################################################################################################################
[ReportManager] Target URL: [https://the-internet.herokuapp.com/dynamic_loading/2] @23-09-2021 22:37:47.0756 PM
[ReportManager] Initial URL: [data:,] @23-09-2021 22:37:47.0797 PM
[ReportManager] Browser Action [NavigateToURL] successfully performed. With the following test data [https://the-internet.herokuapp.com/dynamic_loading/2]. @23-09-2021 22:37:48.0967 PM
[ReportManager] Element Action [Click] successfully performed. With the following test data [Start]. @23-09-2021 22:37:49.0247 PM
[ReportManager] Element Action [GetText] successfully performed. With the following test data [Hello World!]. @23-09-2021 22:37:54.0406 PM
[ReportManager] Loaded Shared OpenCV @23-09-2021 22:37:54.0540 PM
[ReportManager] Assertion [ValidateElementAttribute] PASSED. Expected [Value Should be 'Hello World!' for the 'text' attribute, element locator 'By.id: finish'] and Actual [Hello World!]. Comparison Type [CONTAINS]. Validation Type [POSITIVE]. @23-09-2021 22:37:54.0622 PM
[ReportManager] Successfully created attachment [Screenshot - 1632436674540_dynamicLoading_elementIsRendered_ValidateElementAttribute_passed] @23-09-2021 22:37:54.0623 P
[ReportManager] Browser Action [CloseCurrentWindow] successfully performed. @23-09-2021 22:37:54.0721 PM
[ReportManager] Successfully created attachment [Browser Action Test Data - CloseCurrentWindow - Actual Value] @23-09-2021 22:37:54.0721 P

################################################################################################################################################
Starting Execution:	[92 out of 144] test cases in the current suite
Test Method:		[testPackage01.Test_JsonCompareWithSpecialCharacters.specialCharacters]
################################################################################################################################################
[ReportManager] File Action [GetAbsolutePath] successfully performed. With the following test data [Relative Folder Path: "src/test/resources/TestJsonFiles/specialCharacters.json"]. @23-09-2021 22:37:54.0726 PM
[ReportManager] File Action [ReadFromFile] successfully performed. With the following test data [File Path: "/home/runner/work/SHAFT_ENGINE/SHAFT_ENGINE/src/test/resources/TestJsonFiles/specialCharacters.json"]. @23-09-2021 22:37:54.0733 PM
[ReportManager] Successfully created attachment [File Action Actual Result - Command Log] @23-09-2021 22:37:54.0734 PM
[ReportManager] Comparing the provided API response with the file at this path "src/test/resources/TestJsonFiles/specialCharacters.json", comparison type "EQUALS" @23-09-2021 22:37:54.0734 PM
[ReportManager] API Action [CompareJSON] successfully performed. With the following test data [src/test/resources/TestJsonFiles/specialCharacters.json]. @23-09-2021 22:37:54.0745 PM
[ReportManager] File Action [GetAbsolutePath] successfully performed. With the following test data [Relative Folder Path: "src/test/resources/TestJsonFiles/specialCharacters.json"]. @23-09-2021 22:37:54.0745 PM
[ReportManager] File Action [ReadFromFile] successfully performed. With the following test data [File Path: "/home/runner/work/SHAFT_ENGINE/SHAFT_ENGINE/src/test/resources/TestJsonFiles/specialCharacters.json"]. @23-09-2021 22:37:54.0745 PM
[ReportManager] Verification [ValidateJSONFileContent] PASSED. Expected [Response data should match the JSON File in this path 'src/test/resources/TestJsonFiles/specialCharacters.json'] and Actual [TRUE]. Comparison Type [EQUALS]. Validation Type [POSITIVE]. @23-09-2021 22:37:54.0750 PM
[ReportManager] Successfully created attachment [Validation Test Data - Expected JSON Value] @23-09-2021 22:37:54.0750 PM
[ReportManager] Successfully created attachment [Validation Test Data - Actual JSON Value] @23-09-2021 22:37:54.0751 P

################################################################################################################################################
Starting Execution:	[93 out of 144] test cases in the current suite
Test Method:		[testPackage01.Test_JsonCompareWithSpecialCharacters.specialCharacters_assertion]
################################################################################################################################################
[ReportManager] File Action [GetAbsolutePath] successfully performed. With the following test data [Relative Folder Path: "src/test/resources/TestJsonFiles/specialCharacters.json"]. @23-09-2021 22:37:54.0754 PM
[ReportManager] File Action [ReadFromFile] successfully performed. With the following test data [File Path: "/home/runner/work/SHAFT_ENGINE/SHAFT_ENGINE/src/test/resources/TestJsonFiles/specialCharacters.json"]. @23-09-2021 22:37:54.0755 PM
[ReportManager] Successfully created attachment [File Action Actual Result - Command Log] @23-09-2021 22:37:54.0755 PM
[ReportManager] Comparing the provided API response with the file at this path "src/test/resources/TestJsonFiles/specialCharacters.json", comparison type "CONTAINS" @23-09-2021 22:37:54.0755 PM
[ReportManager] API Action [CompareJSON] successfully performed. With the following test data [src/test/resources/TestJsonFiles/specialCharacters.json]. @23-09-2021 22:37:54.0773 PM
[ReportManager] File Action [GetAbsolutePath] successfully performed. With the following test data [Relative Folder Path: "src/test/resources/TestJsonFiles/specialCharacters.json"]. @23-09-2021 22:37:54.0773 PM
[ReportManager] File Action [ReadFromFile] successfully performed. With the following test data [File Path: "/home/runner/work/SHAFT_ENGINE/SHAFT_ENGINE/src/test/resources/TestJsonFiles/specialCharacters.json"]. @23-09-2021 22:37:54.0774 PM
[ReportManager] Assertion Passed: trying out the log message @23-09-2021 22:37:54.0778 PM
[ReportManager] Successfully created attachment [Validation Test Data - Expected JSON Value] @23-09-2021 22:37:54.0778 PM
[ReportManager] Successfully created attachment [Validation Test Data - Actual JSON Value] @23-09-2021 22:37:54.0779 PM
[ReportManager] Assertion [ValidateJSONFileContent] PASSED. Expected [Response data should match the JSON File in this path 'src/test/resources/TestJsonFiles/specialCharacters.json'] and Actual [TRUE]. Comparison Type [CONTAINS]. Validation Type [POSITIVE]. @23-09-2021 22:37:54.0779 P
[ReportManager] File Action [GetAbsolutePath] successfully performed. With the following test data [Relative Folder Path: "target/downloadedFiles/"]. @23-09-2021 22:37:54.0782 PM
[ReportManager] Attempting to run remotely on: [Linux-64], [GoogleChrome], [http://localhost:4444/wd/hub], Headless Execution. @23-09-2021 22:37:54.0782 PM
[ReportManager] Successfully Opened [GoogleChrome]. @23-09-2021 22:37:55.0024 P

################################################################################################################################################
Starting Execution:	[94 out of 144] test cases in the current suite
Test Method:		[testPackage01.Test_uploadFile.uploadFile_invisibleUploadInput]
################################################################################################################################################
[ReportManager] Target URL: [https://fineuploader.com/demos.html#gallery-view] @23-09-2021 22:37:55.0043 PM
[ReportManager] Initial URL: [data:,] @23-09-2021 22:37:55.0098 PM
[ReportManager] Browser Action [NavigateToURL] successfully performed. With the following test data [https://fineuploader.com/demos.html#gallery-view]. @23-09-2021 22:37:57.0059 PM
[ReportManager] File Action [GetAbsolutePath] successfully performed. With the following test data [Relative File Path: "src/main/resources/images/shaft.png"]. @23-09-2021 22:37:57.0060 PM
[ReportManager] Successfully created attachment [File Action Actual Result - Command Log] @23-09-2021 22:37:57.0060 PM
[ReportManager] Element Action [TypeFileLocationForUpload] successfully performed. With the following test data [/home/runner/work/SHAFT_ENGINE/SHAFT_ENGINE/src/main/resources/images/shaft.png]. @23-09-2021 22:37:57.0260 PM
[ReportManager] Attempting to getAttribute [src] from elementLocator [By.xpath: //div[@id='fine-uploader-gallery']//div[@class='qq-thumbnail-wrapper']/img]. @23-09-2021 22:37:57.0261 PM
[ReportManager] Element Action [GetAttribute] successfully performed. @23-09-2021 22:37:57.0358 PM
[ReportManager] Successfully created attachment [Element Action Test Data - GetAttribute - Actual Value] @23-09-2021 22:37:57.0359 PM
[ReportManager] Loaded Shared OpenCV @23-09-2021 22:37:57.0499 PM
[ReportManager] Assertion [ValidateElementAttribute] PASSED. Expected and Actual values are attached. Comparison Type [CONTAINS]. Validation Type [POSITIVE]. @23-09-2021 22:37:57.0584 PM
[ReportManager] Successfully created attachment [Validation Test Data - Expected Value] @23-09-2021 22:37:57.0584 PM
[ReportManager] Successfully created attachment [Validation Test Data - Actual Value] @23-09-2021 22:37:57.0585 PM
[ReportManager] Successfully created attachment [Screenshot - 1632436677499_uploadFile_invisibleUploadInput_ValidateElementAttribute_passed] @23-09-2021 22:37:57.0587 P
[ReportManager] Browser Action [CloseCurrentWindow] successfully performed. @23-09-2021 22:37:57.0736 PM
[ReportManager] Successfully created attachment [Browser Action Test Data - CloseCurrentWindow - Actual Value] @23-09-2021 22:37:57.0737 P
[ReportManager] File Action [GetAbsolutePath] successfully performed. With the following test data [Relative Folder Path: "target/downloadedFiles/"]. @23-09-2021 22:37:57.0740 PM
[ReportManager] Attempting to run remotely on: [Linux-64], [GoogleChrome], [http://localhost:4444/wd/hub], Headless Execution. @23-09-2021 22:37:57.0740 PM
[ReportManager] Successfully Opened [GoogleChrome]. @23-09-2021 22:37:57.0924 P

################################################################################################################################################
Starting Execution:	[95 out of 144] test cases in the current suite
Test Method:		[testPackage01.Test_uploadFile.uploadFile_visibleUploadInput]
################################################################################################################################################
[ReportManager] Target URL: [http://demo.guru99.com/test/upload/] @23-09-2021 22:37:57.0938 PM
[ReportManager] Initial URL: [data:,] @23-09-2021 22:37:57.0977 PM
[ReportManager] Browser Action [NavigateToURL] successfully performed. With the following test data [http://demo.guru99.com/test/upload/]. @23-09-2021 22:37:59.0264 PM
[ReportManager] File Action [GetAbsolutePath] successfully performed. With the following test data [Relative File Path: "src/main/resources/images/shaft.png"]. @23-09-2021 22:37:59.0264 PM
[ReportManager] Successfully created attachment [File Action Actual Result - Command Log] @23-09-2021 22:37:59.0264 PM
[ReportManager] Element Action [TypeFileLocationForUpload] successfully performed. With the following test data [/home/runner/work/SHAFT_ENGINE/SHAFT_ENGINE/src/main/resources/images/shaft.png]. @23-09-2021 22:37:59.0420 PM
[ReportManager] Element Action [Click] successfully performed. With the following test data [on]. @23-09-2021 22:37:59.0705 PM
[ReportManager] Element Action [Click] successfully performed. With the following test data [Submit File]. @23-09-2021 22:38:00.0005 PM
[ReportManager] Element Action [GetText] successfully performed. With the following test data [1 file
has been successfully uploaded.]. @23-09-2021 22:38:00.0630 PM
[ReportManager] Loaded Shared OpenCV @23-09-2021 22:38:00.0804 PM
[ReportManager] Assertion [ValidateElementAttribute] PASSED. Expected [Value Should be '1 file' for the 'Text' attribute, element locator 'By.id: res'] and Actual [1 file
has been successfully uploaded.]. Comparison Type [CONTAINS]. Validation Type [POSITIVE]. @23-09-2021 22:38:00.0875 PM
[ReportManager] Successfully created attachment [Screenshot - 1632436680804_uploadFile_visibleUploadInput_ValidateElementAttribute_passed] @23-09-2021 22:38:00.0876 P
[ReportManager] Browser Action [CloseCurrentWindow] successfully performed. @23-09-2021 22:38:00.0976 PM
[ReportManager] Successfully created attachment [Browser Action Test Data - CloseCurrentWindow - Actual Value] @23-09-2021 22:38:00.0977 P
[ReportManager] File Action [GetAbsolutePath] successfully performed. With the following test data [Relative Folder Path: "target/downloadedFiles/"]. @23-09-2021 22:38:00.0979 PM
[ReportManager] Attempting to run remotely on: [Linux-64], [GoogleChrome], [http://localhost:4444/wd/hub], Headless Execution. @23-09-2021 22:38:00.0979 PM
[ReportManager] Successfully Opened [GoogleChrome]. @23-09-2021 22:38:01.0170 P

################################################################################################################################################
Starting Execution:	[96 out of 144] test cases in the current suite
Test Method:		[testPackage01.Test_assertEquals.test_assertElementAttribute]
################################################################################################################################################
[ReportManager] Target URL: [https://www.google.com/ncr], and after redirection: [https://www.google.com] @23-09-2021 22:38:01.0181 PM
[ReportManager] Initial URL: [data:,] @23-09-2021 22:38:01.0218 PM
[ReportManager] Browser Action [NavigateToURL] successfully performed. With the following test data [https://www.google.com/ncr]. @23-09-2021 22:38:02.0016 PM
[ReportManager] Element Action [Type] successfully performed. With the following test data [INC_004010050:Another SCHEDULER with the same name [Duplicate Job Name] already exists.]. @23-09-2021 22:38:02.0667 PM
[ReportManager] Element Action [GetText] successfully performed. With the following test data [INC_004010050:Another SCHEDULER with the same name [Duplicate Job Name] already exists.]. @23-09-2021 22:38:02.0750 PM
[ReportManager] Loaded Shared OpenCV @23-09-2021 22:38:02.0893 PM
[ReportManager] Assertion [ValidateElementAttribute] PASSED. Expected [Value Should be 'INC_004010050:Another SCHEDULER with the same name \[Duplicate Job Name\] already exists.' for the 'text' attribute, element locator 'By.name: q'] and Actual [INC_004010050:Another SCHEDULER with the same name [Duplicate Job Name] already exists.]. Comparison Type [MATCHES]. Validation Type [POSITIVE]. @23-09-2021 22:38:02.0966 PM
[ReportManager] Successfully created attachment [Screenshot - 1632436682893_test_assertElementAttribute_ValidateElementAttribute_passed] @23-09-2021 22:38:02.0967 P
[ReportManager] Browser Action [CloseCurrentWindow] successfully performed. @23-09-2021 22:38:03.0089 PM
[ReportManager] Successfully created attachment [Browser Action Test Data - CloseCurrentWindow - Actual Value] @23-09-2021 22:38:03.0091 P

################################################################################################################################################
Starting Execution:	[97 out of 144] test cases in the current suite
Test Method:		[testPackage01.Test_NewValidationHelper.f1]
################################################################################################################################################
[ReportManager] Assertion Passed: Checking valid user data @23-09-2021 22:38:03.0095 PM
[ReportManager] Successfully created attachment [Validation Test Data - Expected Value] @23-09-2021 22:38:03.0095 PM
[ReportManager] Successfully created attachment [Validation Test Data - Actual Value] @23-09-2021 22:38:03.0095 PM
[ReportManager] Assertion [ValidateEquals] PASSED. Expected and Actual values are attached. Comparison Type [EQUALS]. Validation Type [POSITIVE]. @23-09-2021 22:38:03.0095 P
[ReportManager] File Action [GetAbsolutePath] successfully performed. With the following test data [Relative Folder Path: "target/downloadedFiles/"]. @23-09-2021 22:38:03.0103 PM
[ReportManager] Attempting to run remotely on: [Linux-64], [GoogleChrome], [http://localhost:4444/wd/hub], Headless Execution. @23-09-2021 22:38:03.0103 PM
[ReportManager] Successfully Opened [GoogleChrome]. @23-09-2021 22:38:03.0295 PM
[ReportManager] Target URL: [https://the-internet.herokuapp.com/] @23-09-2021 22:38:03.0304 PM
[ReportManager] Initial URL: [data:,] @23-09-2021 22:38:03.0340 PM
[ReportManager] Browser Action [NavigateToURL] successfully performed. With the following test data [https://the-internet.herokuapp.com/]. @23-09-2021 22:38:04.0484 P

################################################################################################################################################
Starting Execution:	[98 out of 144] test cases in the current suite
Test Method:		[testPackage01.Test_NewValidationHelper.f10]
################################################################################################################################################
[ReportManager] Assertion [ValidateElementExists] FAILED. Expected [Element Should Exist, locator 'By.tagName: div'] and Actual [Element Exists but is not unique]. Comparison Type [EQUALS]. Validation Type [POSITIVE]. @23-09-2021 22:38:04.0727 PM
[ReportManager] Successfully created attachment [Screenshot - 1632436684663_f10_ValidateElementExists_failed] @23-09-2021 22:38:04.0728 P
[ReportManager] Successfully Closed All Drivers. @23-09-2021 22:38:04.0807 P
[ReportManager] File Action [GetAbsolutePath] successfully performed. With the following test data [Relative Folder Path: "target/downloadedFiles/"]. @23-09-2021 22:38:04.0809 PM
[ReportManager] Attempting to run remotely on: [Linux-64], [GoogleChrome], [http://localhost:4444/wd/hub], Headless Execution. @23-09-2021 22:38:04.0809 PM
[ReportManager] Successfully Opened [GoogleChrome]. @23-09-2021 22:38:04.0996 PM
[ReportManager] Target URL: [https://the-internet.herokuapp.com/] @23-09-2021 22:38:05.0009 PM
[ReportManager] Initial URL: [data:,] @23-09-2021 22:38:05.0047 PM
[ReportManager] Browser Action [NavigateToURL] successfully performed. With the following test data [https://the-internet.herokuapp.com/]. @23-09-2021 22:38:06.0167 P

################################################################################################################################################
Starting Execution:	[99 out of 144] test cases in the current suite
Test Method:		[testPackage01.Test_NewValidationHelper.f11]
################################################################################################################################################
[ReportManager] Assertion Passed: Checking that false tag doesn't exist @23-09-2021 22:38:16.0546 PM
[ReportManager] Successfully created attachment [Screenshot - 1632436696483_f11_ValidateElementExists_passed] @23-09-2021 22:38:16.0547 PM
[ReportManager] Assertion [ValidateElementExists] PASSED. Expected [Element Should not Exist, locator 'By.tagName: h3'] and Actual [Element Doesn't Exists]. Comparison Type [EQUALS]. Validation Type [NEGATIVE]. @23-09-2021 22:38:16.0547 P
[ReportManager] Successfully Closed All Drivers. @23-09-2021 22:38:16.0620 P
[ReportManager] File Action [GetAbsolutePath] successfully performed. With the following test data [Relative Folder Path: "target/downloadedFiles/"]. @23-09-2021 22:38:16.0623 PM
[ReportManager] Attempting to run remotely on: [Linux-64], [GoogleChrome], [http://localhost:4444/wd/hub], Headless Execution. @23-09-2021 22:38:16.0623 PM
[ReportManager] Successfully Opened [GoogleChrome]. @23-09-2021 22:38:16.0811 PM
[ReportManager] Target URL: [https://the-internet.herokuapp.com/] @23-09-2021 22:38:16.0821 PM
[ReportManager] Initial URL: [data:,] @23-09-2021 22:38:16.0858 PM
[ReportManager] Browser Action [NavigateToURL] successfully performed. With the following test data [https://the-internet.herokuapp.com/]. @23-09-2021 22:38:18.0056 P

################################################################################################################################################
Starting Execution:	[100 out of 144] test cases in the current suite
Test Method:		[testPackage01.Test_NewValidationHelper.f12]
################################################################################################################################################
[ReportManager] Loaded Shared OpenCV @23-09-2021 22:38:18.0269 PM
[ReportManager] Assertion [ValidateElementExists] FAILED. Expected [Element Should not Exist, locator 'By.tagName: h1'] and Actual [Element Exists]. Comparison Type [EQUALS]. Validation Type [NEGATIVE]. @23-09-2021 22:38:18.0346 PM
[ReportManager] Successfully created attachment [Screenshot - 1632436698269_f12_ValidateElementExists_failed] @23-09-2021 22:38:18.0347 P
[ReportManager] Successfully Closed All Drivers. @23-09-2021 22:38:18.0418 P
[ReportManager] File Action [GetAbsolutePath] successfully performed. With the following test data [Relative Folder Path: "target/downloadedFiles/"]. @23-09-2021 22:38:18.0420 PM
[ReportManager] Attempting to run remotely on: [Linux-64], [GoogleChrome], [http://localhost:4444/wd/hub], Headless Execution. @23-09-2021 22:38:18.0420 PM
[ReportManager] Successfully Opened [GoogleChrome]. @23-09-2021 22:38:18.0611 PM
[ReportManager] Target URL: [https://the-internet.herokuapp.com/] @23-09-2021 22:38:18.0621 PM
[ReportManager] Initial URL: [data:,] @23-09-2021 22:38:18.0659 PM
[ReportManager] Browser Action [NavigateToURL] successfully performed. With the following test data [https://the-internet.herokuapp.com/]. @23-09-2021 22:38:19.0829 P

################################################################################################################################################
Starting Execution:	[101 out of 144] test cases in the current suite
Test Method:		[testPackage01.Test_NewValidationHelper.f13]
################################################################################################################################################
[ReportManager] Assertion [ValidateElementExists] FAILED. Expected [Element Should not Exist, locator 'By.tagName: div'] and Actual [Element Exists but is not unique]. Comparison Type [EQUALS]. Validation Type [NEGATIVE]. @23-09-2021 22:38:20.0057 PM
[ReportManager] Successfully created attachment [Screenshot - 1632436699996_f13_ValidateElementExists_failed] @23-09-2021 22:38:20.0058 P
[ReportManager] Successfully Closed All Drivers. @23-09-2021 22:38:20.0137 P
[ReportManager] File Action [GetAbsolutePath] successfully performed. With the following test data [Relative Folder Path: "target/downloadedFiles/"]. @23-09-2021 22:38:20.0140 PM
[ReportManager] Attempting to run remotely on: [Linux-64], [GoogleChrome], [http://localhost:4444/wd/hub], Headless Execution. @23-09-2021 22:38:20.0140 PM
[ReportManager] Successfully Opened [GoogleChrome]. @23-09-2021 22:38:20.0326 PM
[ReportManager] Target URL: [https://the-internet.herokuapp.com/] @23-09-2021 22:38:20.0337 PM
[ReportManager] Initial URL: [data:,] @23-09-2021 22:38:20.0373 PM
[ReportManager] Browser Action [NavigateToURL] successfully performed. With the following test data [https://the-internet.herokuapp.com/]. @23-09-2021 22:38:21.0502 P

################################################################################################################################################
Starting Execution:	[102 out of 144] test cases in the current suite
Test Method:		[testPackage01.Test_NewValidationHelper.f14]
################################################################################################################################################
[ReportManager] Element Action [GetText] successfully performed. With the following test data [Welcome to the-internet]. @23-09-2021 22:38:21.0574 PM
[ReportManager] Loaded Shared OpenCV @23-09-2021 22:38:21.0697 PM
[ReportManager] Assertion Passed: Asserting that the header text is correct @23-09-2021 22:38:21.0772 PM
[ReportManager] Successfully created attachment [Screenshot - 1632436701697_f14_ValidateElementAttribute_passed] @23-09-2021 22:38:21.0773 PM
[ReportManager] Assertion [ValidateElementAttribute] PASSED. Expected [Value Should be 'Welcome to the-internet' for the 'text' attribute, element locator 'By.tagName: h1'] and Actual [Welcome to the-internet]. Comparison Type [EQUALS]. Validation Type [POSITIVE]. @23-09-2021 22:38:21.0773 P
[ReportManager] Successfully Closed All Drivers. @23-09-2021 22:38:21.0854 P
[ReportManager] File Action [GetAbsolutePath] successfully performed. With the following test data [Relative Folder Path: "target/downloadedFiles/"]. @23-09-2021 22:38:21.0856 PM
[ReportManager] Attempting to run remotely on: [Linux-64], [GoogleChrome], [http://localhost:4444/wd/hub], Headless Execution. @23-09-2021 22:38:21.0856 PM
[ReportManager] Successfully Opened [GoogleChrome]. @23-09-2021 22:38:22.0036 PM
[ReportManager] Target URL: [https://the-internet.herokuapp.com/] @23-09-2021 22:38:22.0045 PM
[ReportManager] Initial URL: [data:,] @23-09-2021 22:38:22.0081 PM
[ReportManager] Browser Action [NavigateToURL] successfully performed. With the following test data [https://the-internet.herokuapp.com/]. @23-09-2021 22:38:23.0224 P

################################################################################################################################################
Starting Execution:	[103 out of 144] test cases in the current suite
Test Method:		[testPackage01.Test_NewValidationHelper.f15]
################################################################################################################################################
[ReportManager] Element Action [GetText] successfully performed. With the following test data [Welcome to the-internet]. @23-09-2021 22:38:23.0299 PM
[ReportManager] Loaded Shared OpenCV @23-09-2021 22:38:23.0429 PM
[ReportManager] Assertion [ValidateElementAttribute] FAILED. Expected [Value Should not be 'Welcome' for the 'text' attribute, element locator 'By.tagName: h1'] and Actual [Welcome to the-internet]. Comparison Type [CONTAINS]. Validation Type [NEGATIVE]. @23-09-2021 22:38:23.0504 PM
[ReportManager] Successfully created attachment [Screenshot - 1632436703428_f15_ValidateElementAttribute_failed] @23-09-2021 22:38:23.0505 P
[ReportManager] Successfully Closed All Drivers. @23-09-2021 22:38:23.0625 P
[ReportManager] File Action [GetAbsolutePath] successfully performed. With the following test data [Relative Folder Path: "target/downloadedFiles/"]. @23-09-2021 22:38:23.0627 PM
[ReportManager] Attempting to run remotely on: [Linux-64], [GoogleChrome], [http://localhost:4444/wd/hub], Headless Execution. @23-09-2021 22:38:23.0627 PM
[ReportManager] Successfully Opened [GoogleChrome]. @23-09-2021 22:38:23.0815 PM
[ReportManager] Target URL: [https://the-internet.herokuapp.com/] @23-09-2021 22:38:23.0840 PM
[ReportManager] Initial URL: [data:,] @23-09-2021 22:38:23.0876 PM
[ReportManager] Browser Action [NavigateToURL] successfully performed. With the following test data [https://the-internet.herokuapp.com/]. @23-09-2021 22:38:25.0064 P

################################################################################################################################################
Starting Execution:	[104 out of 144] test cases in the current suite
Test Method:		[testPackage01.Test_NewValidationHelper.f16]
################################################################################################################################################
[ReportManager] Element Action [IdentifyUniqueElement] failed. With the following test data [zero elements found matching this locator "By.tagName: h3".]. @23-09-2021 22:38:50.0659 PM
[ReportManager] Successfully created attachment [Screenshot - 1632436730598_f16_IdentifyUniqueElement_failed] @23-09-2021 22:38:50.0660 PM
[ReportManager] Assertion [ValidateElementAttribute] FAILED. Expected [Value Should not be 'Welcome' for the 'text' attribute, element locator 'By.tagName: h3'] and Actual [Failed to read the desired element attribute]. Comparison Type [CONTAINS]. Validation Type [NEGATIVE]. @23-09-2021 22:38:50.0661 P
[ReportManager] Successfully Closed All Drivers. @23-09-2021 22:38:50.0733 P
[ReportManager] File Action [GetAbsolutePath] successfully performed. With the following test data [Relative Folder Path: "target/downloadedFiles/"]. @23-09-2021 22:38:50.0735 PM
[ReportManager] Attempting to run remotely on: [Linux-64], [GoogleChrome], [http://localhost:4444/wd/hub], Headless Execution. @23-09-2021 22:38:50.0735 PM
[ReportManager] Successfully Opened [GoogleChrome]. @23-09-2021 22:38:50.0926 PM
[ReportManager] Target URL: [https://the-internet.herokuapp.com/] @23-09-2021 22:38:50.0938 PM
[ReportManager] Initial URL: [data:,] @23-09-2021 22:38:50.0988 PM
[ReportManager] Browser Action [NavigateToURL] successfully performed. With the following test data [https://the-internet.herokuapp.com/]. @23-09-2021 22:38:52.0170 P

################################################################################################################################################
Starting Execution:	[105 out of 144] test cases in the current suite
Test Method:		[testPackage01.Test_NewValidationHelper.f17]
################################################################################################################################################
[ReportManager] Attempting to getAttribute [text2] from elementLocator [By.tagName: h1]. @23-09-2021 22:38:52.0177 PM
[ReportManager] Element Action [GetAttribute] successfully performed. @23-09-2021 22:38:52.0252 PM
[ReportManager] Loaded Shared OpenCV @23-09-2021 22:38:52.0377 PM
[ReportManager] Assertion [ValidateElementAttribute] PASSED. Expected [Value Should not be 'Welcome' for the 'text2' attribute, element locator 'By.tagName: h1'] and Actual [null]. Comparison Type [CONTAINS]. Validation Type [NEGATIVE]. @23-09-2021 22:38:52.0453 PM
[ReportManager] Successfully created attachment [Screenshot - 1632436732377_f17_ValidateElementAttribute_passed] @23-09-2021 22:38:52.0455 P
[ReportManager] Successfully Closed All Drivers. @23-09-2021 22:38:52.0525 P
[ReportManager] File Action [GetAbsolutePath] successfully performed. With the following test data [Relative Folder Path: "target/downloadedFiles/"]. @23-09-2021 22:38:52.0531 PM
[ReportManager] Attempting to run remotely on: [Linux-64], [GoogleChrome], [http://localhost:4444/wd/hub], Headless Execution. @23-09-2021 22:38:52.0531 PM
[ReportManager] Successfully Opened [GoogleChrome]. @23-09-2021 22:38:52.0710 PM
[ReportManager] Target URL: [https://the-internet.herokuapp.com/] @23-09-2021 22:38:52.0719 PM
[ReportManager] Initial URL: [data:,] @23-09-2021 22:38:52.0753 PM
[ReportManager] Browser Action [NavigateToURL] successfully performed. With the following test data [https://the-internet.herokuapp.com/]. @23-09-2021 22:38:53.0895 P

################################################################################################################################################
Starting Execution:	[106 out of 144] test cases in the current suite
Test Method:		[testPackage01.Test_NewValidationHelper.f18]
################################################################################################################################################
[ReportManager] Element Action [GetText] successfully performed. With the following test data [Welcome to the-internet]. @23-09-2021 22:38:53.0985 PM
[ReportManager] Loaded Shared OpenCV @23-09-2021 22:38:54.0111 PM
[ReportManager] Assertion [ValidateElementAttribute] PASSED. Expected [Value Should not be 'no' for the 'text' attribute, element locator 'By.tagName: h1'] and Actual [Welcome to the-internet]. Comparison Type [CONTAINS]. Validation Type [NEGATIVE]. @23-09-2021 22:38:54.0188 PM
[ReportManager] Successfully created attachment [Screenshot - 1632436734111_f18_ValidateElementAttribute_passed] @23-09-2021 22:38:54.0189 P
[ReportManager] Successfully Closed All Drivers. @23-09-2021 22:38:54.0261 P
[ReportManager] File Action [GetAbsolutePath] successfully performed. With the following test data [Relative Folder Path: "target/downloadedFiles/"]. @23-09-2021 22:38:54.0283 PM
[ReportManager] Attempting to run remotely on: [Linux-64], [GoogleChrome], [http://localhost:4444/wd/hub], Headless Execution. @23-09-2021 22:38:54.0283 PM
[ReportManager] Successfully Opened [GoogleChrome]. @23-09-2021 22:38:54.0470 PM
[ReportManager] Target URL: [https://the-internet.herokuapp.com/] @23-09-2021 22:38:54.0486 PM
[ReportManager] Initial URL: [data:,] @23-09-2021 22:38:54.0524 PM
[ReportManager] Browser Action [NavigateToURL] successfully performed. With the following test data [https://the-internet.herokuapp.com/]. @23-09-2021 22:38:55.0688 P

################################################################################################################################################
Starting Execution:	[107 out of 144] test cases in the current suite
Test Method:		[testPackage01.Test_NewValidationHelper.f19]
################################################################################################################################################
[ReportManager] Element Action [GetTagName] successfully performed. With the following test data [h1]. @23-09-2021 22:38:55.0752 PM
[ReportManager] Loaded Shared OpenCV @23-09-2021 22:38:55.0881 PM
[ReportManager] Assertion [ValidateElementAttribute] PASSED. Expected [Value Should be 'h' for the 'tagname' attribute, element locator 'By.tagName: h1'] and Actual [h1]. Comparison Type [CONTAINS]. Validation Type [POSITIVE]. @23-09-2021 22:38:55.0956 PM
[ReportManager] Successfully created attachment [Screenshot - 1632436735881_f19_ValidateElementAttribute_passed] @23-09-2021 22:38:55.0957 P
[ReportManager] Successfully Closed All Drivers. @23-09-2021 22:38:56.0034 P

################################################################################################################################################
Starting Execution:	[108 out of 144] test cases in the current suite
Test Method:		[testPackage01.Test_NewValidationHelper.f2]
################################################################################################################################################
[ReportManager] Assertion Failed: Checking valid user data @23-09-2021 22:38:56.0037 PM
[ReportManager] Assertion [ValidateEquals] FAILED. Expected [1] and Actual [2]. Comparison Type [EQUALS]. Validation Type [POSITIVE]. @23-09-2021 22:38:56.0037 P
[ReportManager] File Action [GetAbsolutePath] successfully performed. With the following test data [Relative Folder Path: "target/downloadedFiles/"]. @23-09-2021 22:38:56.0039 PM
[ReportManager] Attempting to run remotely on: [Linux-64], [GoogleChrome], [http://localhost:4444/wd/hub], Headless Execution. @23-09-2021 22:38:56.0039 PM
[ReportManager] Successfully Opened [GoogleChrome]. @23-09-2021 22:38:56.0225 PM
[ReportManager] Target URL: [https://the-internet.herokuapp.com/] @23-09-2021 22:38:56.0250 PM
[ReportManager] Initial URL: [data:,] @23-09-2021 22:38:56.0287 PM
[ReportManager] Browser Action [NavigateToURL] successfully performed. With the following test data [https://the-internet.herokuapp.com/]. @23-09-2021 22:38:57.0454 P

################################################################################################################################################
Starting Execution:	[109 out of 144] test cases in the current suite
Test Method:		[testPackage01.Test_NewValidationHelper.f20]
################################################################################################################################################
[ReportManager] Element Action [GetSize] successfully performed. With the following test data [(755, 61)]. @23-09-2021 22:38:57.0535 PM
[ReportManager] Loaded Shared OpenCV @23-09-2021 22:38:57.0666 PM
[ReportManager] Assertion [ValidateElementAttribute] PASSED. Expected [Value Should not be 'a' for the 'size' attribute, element locator 'By.tagName: h1'] and Actual [(755, 61)]. Comparison Type [CONTAINS]. Validation Type [NEGATIVE]. @23-09-2021 22:38:57.0745 PM
[ReportManager] Successfully created attachment [Screenshot - 1632436737666_f20_ValidateElementAttribute_passed] @23-09-2021 22:38:57.0746 P
[ReportManager] Successfully Closed All Drivers. @23-09-2021 22:38:57.0817 P
[ReportManager] File Action [GetAbsolutePath] successfully performed. With the following test data [Relative Folder Path: "target/downloadedFiles/"]. @23-09-2021 22:38:57.0818 PM
[ReportManager] Attempting to run remotely on: [Linux-64], [GoogleChrome], [http://localhost:4444/wd/hub], Headless Execution. @23-09-2021 22:38:57.0819 PM
[ReportManager] Successfully Opened [GoogleChrome]. @23-09-2021 22:38:58.0003 PM
[ReportManager] Target URL: [https://the-internet.herokuapp.com/] @23-09-2021 22:38:58.0013 PM
[ReportManager] Initial URL: [data:,] @23-09-2021 22:38:58.0052 PM
[ReportManager] Browser Action [NavigateToURL] successfully performed. With the following test data [https://the-internet.herokuapp.com/]. @23-09-2021 22:38:59.0449 P

################################################################################################################################################
Starting Execution:	[110 out of 144] test cases in the current suite
Test Method:		[testPackage01.Test_NewValidationHelper.f21]
################################################################################################################################################
[ReportManager] Element Action [IdentifyUniqueElement] failed. With the following test data [zero elements found matching this locator "By.tagName: h3".]. @23-09-2021 22:39:25.0043 PM
[ReportManager] Successfully created attachment [Screenshot - 1632436764980_f21_IdentifyUniqueElement_failed] @23-09-2021 22:39:25.0044 PM
[ReportManager] Assertion [ValidateElementAttribute] FAILED. Expected [Value Should be 'Welcome' for the 'text' attribute, element locator 'By.tagName: h3'] and Actual [Failed to read the desired element attribute]. Comparison Type [CONTAINS]. Validation Type [POSITIVE]. @23-09-2021 22:39:25.0044 P
[ReportManager] Successfully Closed All Drivers. @23-09-2021 22:39:25.0124 P
[ReportManager] File Action [GetAbsolutePath] successfully performed. With the following test data [Relative Folder Path: "target/downloadedFiles/"]. @23-09-2021 22:39:25.0126 PM
[ReportManager] Attempting to run remotely on: [Linux-64], [GoogleChrome], [http://localhost:4444/wd/hub], Headless Execution. @23-09-2021 22:39:25.0126 PM
[ReportManager] Successfully Opened [GoogleChrome]. @23-09-2021 22:39:25.0310 PM
[ReportManager] Target URL: [https://the-internet.herokuapp.com/] @23-09-2021 22:39:25.0320 PM
[ReportManager] Initial URL: [data:,] @23-09-2021 22:39:25.0355 PM
[ReportManager] Browser Action [NavigateToURL] successfully performed. With the following test data [https://the-internet.herokuapp.com/]. @23-09-2021 22:39:26.0528 P

################################################################################################################################################
Starting Execution:	[111 out of 144] test cases in the current suite
Test Method:		[testPackage01.Test_NewValidationHelper.f22]
################################################################################################################################################
[ReportManager] Element Action [GetText] successfully performed. With the following test data [Welcome to the-internet]. @23-09-2021 22:39:26.0601 PM
[ReportManager] Loaded Shared OpenCV @23-09-2021 22:39:26.0727 PM
[ReportManager] Assertion [ValidateElementAttribute] FAILED. Expected [Value Should be 'yyy' for the 'text' attribute, element locator 'By.tagName: h1'] and Actual [Welcome to the-internet]. Comparison Type [CONTAINS]. Validation Type [POSITIVE]. @23-09-2021 22:39:26.0804 PM
[ReportManager] Successfully created attachment [Screenshot - 1632436766727_f22_ValidateElementAttribute_failed] @23-09-2021 22:39:26.0806 P
[ReportManager] Successfully Closed All Drivers. @23-09-2021 22:39:26.0881 P

################################################################################################################################################
Starting Execution:	[112 out of 144] test cases in the current suite
Test Method:		[testPackage01.Test_NewValidationHelper.f23]
################################################################################################################################################
[ReportManager] Assertion Passed: confirming that the actual is greater than or equal to the expected @23-09-2021 22:39:26.0884 PM
[ReportManager] Assertion [ValidateComparativeRelation] PASSED. Expected [1] and Actual [1]. Comparison Type [GREATER_THAN_OR_EQUALS]. Validation Type [POSITIVE]. @23-09-2021 22:39:26.0884 P

################################################################################################################################################
Starting Execution:	[113 out of 144] test cases in the current suite
Test Method:		[testPackage01.Test_NewValidationHelper.f24]
################################################################################################################################################
[ReportManager] Assertion [ValidateComparativeRelation] PASSED. Expected [1] and Actual [10]. Comparison Type [GREATER_THAN_OR_EQUALS]. Validation Type [POSITIVE]. @23-09-2021 22:39:26.0885 P

################################################################################################################################################
Starting Execution:	[114 out of 144] test cases in the current suite
Test Method:		[testPackage01.Test_NewValidationHelper.f25]
################################################################################################################################################
[ReportManager] Assertion [ValidateComparativeRelation] PASSED. Expected [1] and Actual [1]. Comparison Type [EQUALS]. Validation Type [POSITIVE]. @23-09-2021 22:39:26.0891 P

################################################################################################################################################
Starting Execution:	[115 out of 144] test cases in the current suite
Test Method:		[testPackage01.Test_NewValidationHelper.f26]
################################################################################################################################################
[ReportManager] Assertion [ValidateComparativeRelation] PASSED. Expected [1] and Actual [5]. Comparison Type [GREATER_THAN]. Validation Type [POSITIVE]. @23-09-2021 22:39:26.0893 P

################################################################################################################################################
Starting Execution:	[116 out of 144] test cases in the current suite
Test Method:		[testPackage01.Test_NewValidationHelper.f27]
################################################################################################################################################
[ReportManager] Assertion [ValidateComparativeRelation] PASSED. Expected [11] and Actual [5]. Comparison Type [LESS_THAN]. Validation Type [POSITIVE]. @23-09-2021 22:39:26.0895 P

################################################################################################################################################
Starting Execution:	[117 out of 144] test cases in the current suite
Test Method:		[testPackage01.Test_NewValidationHelper.f28]
################################################################################################################################################
[ReportManager] Assertion [ValidateComparativeRelation] PASSED. Expected [11] and Actual [5]. Comparison Type [LESS_THAN_OR_EQUALS]. Validation Type [POSITIVE]. @23-09-2021 22:39:26.0899 P

################################################################################################################################################
Starting Execution:	[118 out of 144] test cases in the current suite
Test Method:		[testPackage01.Test_NewValidationHelper.f29]
################################################################################################################################################
[ReportManager] Assertion [ValidateComparativeRelation] PASSED. Expected [11] and Actual [11]. Comparison Type [LESS_THAN_OR_EQUALS]. Validation Type [POSITIVE]. @23-09-2021 22:39:26.0901 P

################################################################################################################################################
Starting Execution:	[119 out of 144] test cases in the current suite
Test Method:		[testPackage01.Test_NewValidationHelper.f3]
################################################################################################################################################
[ReportManager] Assertion [ValidateEquals] PASSED. Expected [1] and Actual [2]. Comparison Type [EQUALS]. Validation Type [NEGATIVE]. @23-09-2021 22:39:26.0903 P

################################################################################################################################################
Starting Execution:	[120 out of 144] test cases in the current suite
Test Method:		[testPackage01.Test_NewValidationHelper.f30]
################################################################################################################################################
[ReportManager] Assertion [ValidateComparativeRelation] FAILED. Expected [-9] and Actual [11]. Comparison Type [LESS_THAN_OR_EQUALS]. Validation Type [POSITIVE]. @23-09-2021 22:39:26.0905 P

################################################################################################################################################
Starting Execution:	[121 out of 144] test cases in the current suite
Test Method:		[testPackage01.Test_NewValidationHelper.f31]
################################################################################################################################################
[ReportManager] Assertion [ValidateTrue] PASSED. Expected [TRUE] and Actual [TRUE]. Validation Type [POSITIVE]. @23-09-2021 22:39:26.0910 P

################################################################################################################################################
Starting Execution:	[122 out of 144] test cases in the current suite
Test Method:		[testPackage01.Test_NewValidationHelper.f32]
################################################################################################################################################
[ReportManager] Assertion [ValidateTrue] PASSED. Expected [FALSE] and Actual [FALSE]. Validation Type [NEGATIVE]. @23-09-2021 22:39:26.0912 P

################################################################################################################################################
Starting Execution:	[123 out of 144] test cases in the current suite
Test Method:		[testPackage01.Test_NewValidationHelper.f33]
################################################################################################################################################
[ReportManager] Assertion [ValidateTrue] FAILED. Expected [FALSE] and Actual [TRUE]. Validation Type [NEGATIVE]. @23-09-2021 22:39:26.0914 P

################################################################################################################################################
Starting Execution:	[124 out of 144] test cases in the current suite
Test Method:		[testPackage01.Test_NewValidationHelper.f34]
################################################################################################################################################
[ReportManager] Assertion [ValidateTrue] FAILED. Expected [TRUE] and Actual [FALSE]. Validation Type [POSITIVE]. @23-09-2021 22:39:26.0916 P

################################################################################################################################################
Starting Execution:	[125 out of 144] test cases in the current suite
Test Method:		[testPackage01.Test_NewValidationHelper.f35]
################################################################################################################################################
[ReportManager] File Action [DoesFileExist] successfully performed. With the following test data [File Path: "pom.xml"]. @23-09-2021 22:39:26.0918 PM
[ReportManager] Assertion [ValidateFileExists] PASSED. Expected [File 'pom.xml' should exist, after up to '1' retries] and Actual [File exists]. Validation Type [POSITIVE]. @23-09-2021 22:39:26.0918 P

################################################################################################################################################
Starting Execution:	[126 out of 144] test cases in the current suite
Test Method:		[testPackage01.Test_NewValidationHelper.f36]
################################################################################################################################################
[ReportManager] File Action [DoesFileExist] successfully performed. With the following test data [File Path: "src/test/java/testPackage01/Test_NewValidationHelper.java"]. @23-09-2021 22:39:26.0920 PM
[ReportManager] Assertion [ValidateFileExists] PASSED. Expected [File 'src/test/java/testPackage01/Test_NewValidationHelper.java' should exist, after up to '1' retries] and Actual [File exists]. Validation Type [POSITIVE]. @23-09-2021 22:39:26.0920 P

################################################################################################################################################
Starting Execution:	[127 out of 144] test cases in the current suite
Test Method:		[testPackage01.Test_NewValidationHelper.f37]
################################################################################################################################################
[ReportManager] File Action [DoesFileExist] successfully performed. With the following test data [File Path: "pom.xml"]. @23-09-2021 22:39:26.0924 PM
[ReportManager] Assertion Failed: confirming that the file does't exist after 5 retries @23-09-2021 22:39:26.0924 PM
[ReportManager] Assertion [ValidateFileExists] FAILED. Expected [File 'pom.xml' should not exist, after up to '5' retries] and Actual [File exists]. Validation Type [NEGATIVE]. @23-09-2021 22:39:26.0924 P

################################################################################################################################################
Starting Execution:	[128 out of 144] test cases in the current suite
Test Method:		[testPackage01.Test_NewValidationHelper.f3_1]
################################################################################################################################################
[ReportManager] Assertion Passed: Checking valid user data @23-09-2021 22:39:26.0928 PM
[ReportManager] Assertion [ValidateEquals] PASSED. Expected [null] and Actual [null]. Comparison Type [EQUALS]. Validation Type [POSITIVE]. @23-09-2021 22:39:26.0928 P

################################################################################################################################################
Starting Execution:	[129 out of 144] test cases in the current suite
Test Method:		[testPackage01.Test_NewValidationHelper.f4]
################################################################################################################################################
[ReportManager] Assertion [ValidateEquals] PASSED. Expected [1] and Actual [123]. Comparison Type [CONTAINS]. Validation Type [POSITIVE]. @23-09-2021 22:39:26.0932 P

################################################################################################################################################
Starting Execution:	[130 out of 144] test cases in the current suite
Test Method:		[testPackage01.Test_NewValidationHelper.f5]
################################################################################################################################################
[ReportManager] Assertion [ValidateNull] PASSED. Expected [NULL] and Actual [1]. Comparison Type [EQUALS]. Validation Type [NEGATIVE]. @23-09-2021 22:39:26.0935 P

################################################################################################################################################
Starting Execution:	[131 out of 144] test cases in the current suite
Test Method:		[testPackage01.Test_NewValidationHelper.f6]
################################################################################################################################################
[ReportManager] Assertion Failed: Making sure that null string is not equal to null object @23-09-2021 22:39:26.0938 PM
[ReportManager] Assertion [ValidateNull] FAILED. Expected [NULL] and Actual [NULL]. Comparison Type [EQUALS]. Validation Type [POSITIVE]. @23-09-2021 22:39:26.0938 P

################################################################################################################################################
Starting Execution:	[132 out of 144] test cases in the current suite
Test Method:		[testPackage01.Test_NewValidationHelper.f6_1]
################################################################################################################################################
[ReportManager] Assertion [ValidateNull] FAILED. Expected [NULL] and Actual [NULL]. Comparison Type [EQUALS]. Validation Type [NEGATIVE]. @23-09-2021 22:39:26.0940 P

################################################################################################################################################
Starting Execution:	[133 out of 144] test cases in the current suite
Test Method:		[testPackage01.Test_NewValidationHelper.f6_2]
################################################################################################################################################
[ReportManager] Assertion Failed: Making sure that null string is not equal to null object @23-09-2021 22:39:26.0943 PM
[ReportManager] Assertion [ValidateNull] FAILED. Expected [NULL] and Actual [not null]. Comparison Type [EQUALS]. Validation Type [POSITIVE]. @23-09-2021 22:39:26.0943 P

################################################################################################################################################
Starting Execution:	[134 out of 144] test cases in the current suite
Test Method:		[testPackage01.Test_NewValidationHelper.f7]
################################################################################################################################################
[ReportManager] Assertion [ValidateNull] PASSED. Expected [NULL] and Actual [NULL]. Comparison Type [EQUALS]. Validation Type [POSITIVE]. @23-09-2021 22:39:26.0945 P
[ReportManager] File Action [GetAbsolutePath] successfully performed. With the following test data [Relative Folder Path: "target/downloadedFiles/"]. @23-09-2021 22:39:26.0946 PM
[ReportManager] Attempting to run remotely on: [Linux-64], [GoogleChrome], [http://localhost:4444/wd/hub], Headless Execution. @23-09-2021 22:39:26.0946 PM
[ReportManager] Successfully Opened [GoogleChrome]. @23-09-2021 22:39:27.0136 PM
[ReportManager] Target URL: [https://the-internet.herokuapp.com/] @23-09-2021 22:39:27.0145 PM
[ReportManager] Initial URL: [data:,] @23-09-2021 22:39:27.0183 PM
[ReportManager] Browser Action [NavigateToURL] successfully performed. With the following test data [https://the-internet.herokuapp.com/]. @23-09-2021 22:39:28.0309 P

################################################################################################################################################
Starting Execution:	[135 out of 144] test cases in the current suite
Test Method:		[testPackage01.Test_NewValidationHelper.f8]
################################################################################################################################################
[ReportManager] Loaded Shared OpenCV @23-09-2021 22:39:28.0493 PM
[ReportManager] Assertion [ValidateElementExists] PASSED. Expected [Element Should Exist, locator 'By.tagName: h1'] and Actual [Element Exists]. Comparison Type [EQUALS]. Validation Type [POSITIVE]. @23-09-2021 22:39:28.0567 PM
[ReportManager] Successfully created attachment [Screenshot - 1632436768492_f8_ValidateElementExists_passed] @23-09-2021 22:39:28.0568 P
[ReportManager] Successfully Closed All Drivers. @23-09-2021 22:39:28.0640 P
[ReportManager] File Action [GetAbsolutePath] successfully performed. With the following test data [Relative Folder Path: "target/downloadedFiles/"]. @23-09-2021 22:39:28.0642 PM
[ReportManager] Attempting to run remotely on: [Linux-64], [GoogleChrome], [http://localhost:4444/wd/hub], Headless Execution. @23-09-2021 22:39:28.0642 PM
[ReportManager] Successfully Opened [GoogleChrome]. @23-09-2021 22:39:28.0835 PM
[ReportManager] Target URL: [https://the-internet.herokuapp.com/] @23-09-2021 22:39:28.0844 PM
[ReportManager] Initial URL: [data:,] @23-09-2021 22:39:28.0879 PM
[ReportManager] Browser Action [NavigateToURL] successfully performed. With the following test data [https://the-internet.herokuapp.com/]. @23-09-2021 22:39:30.0010 P

################################################################################################################################################
Starting Execution:	[136 out of 144] test cases in the current suite
Test Method:		[testPackage01.Test_NewValidationHelper.f9]
################################################################################################################################################
[ReportManager] Assertion [ValidateElementExists] FAILED. Expected [Element Should Exist, locator 'By.tagName: h3'] and Actual [Element Doesn't Exists]. Comparison Type [EQUALS]. Validation Type [POSITIVE]. @23-09-2021 22:40:00.0687 PM
[ReportManager] Successfully created attachment [Screenshot - 1632436800626_f9_ValidateElementExists_failed] @23-09-2021 22:40:00.0688 P
[ReportManager] Successfully Closed All Drivers. @23-09-2021 22:40:00.0756 P

################################################################################################################################################
Starting Execution:	[137 out of 144] test cases in the current suite
Test Method:		[testPackage01.Test_NewValidationHelper.forceFail]
################################################################################################################################################
[ReportManager] Assertion [ValidateFail] FAILED. Successfully force failed the test. @23-09-2021 22:40:00.0760 P

################################################################################################################################################
Starting Execution:	[138 out of 144] test cases in the current suite
Test Method:		[testPackage01.Test_NewValidationHelper.forceFail2]
################################################################################################################################################
[ReportManager] Assertion Failed: Custom Message @23-09-2021 22:40:00.0762 PM
[ReportManager] Assertion [ValidateFail] FAILED. Successfully force failed the test. @23-09-2021 22:40:00.0762 P

################################################################################################################################################
Starting Execution:	[139 out of 144] test cases in the current suite
Test Method:		[testPackage01.Test_sendGraphqlRequest.sendGraphqlRequestUsingMutationAndVariables]
################################################################################################################################################
[ReportManager] GraphQl Request is being Performed with the Following Parameters [Service URL: https://api.spacex.land/graphql | Request Body: {"variables":"{\"name\": \"sherlock holmes\",\"rocket\": \"221B Baker Street\"}","query":"mutation ($name: String, $rocket: String) {\n  insert_users(objects: {name: $name, rocket: $rocket}) {\n    returning {\n      name\n      rocket\n    }\n  }\n}"}] @23-09-2021 22:40:00.0764 PM
[ReportManager] Response status code: [200], status line: [HTTP/1.1 200 OK] @23-09-2021 22:40:01.0255 PM
[ReportManager] Assertion Passed: Evaluating the actual response status code against the expected one... @23-09-2021 22:40:01.0255 PM
[ReportManager] Assertion [ValidateEquals] PASSED. Expected [200] and Actual [200]. Comparison Type [EQUALS]. Validation Type [POSITIVE]. @23-09-2021 22:40:01.0255 PM
[ReportManager] API Action [PerformRequest] successfully performed. With the following test data [Request Type: "POST" | Target Status Code: "200" | Service URL: "https://api.spacex.land/graphql" | Content Type: "application/json" | Response Time: "424ms"]. @23-09-2021 22:40:01.0265 PM
[ReportManager] Successfully created attachment [API Request - Specifications] @23-09-2021 22:40:01.0266 PM
[ReportManager] Successfully created attachment [API Request - JSON Body] @23-09-2021 22:40:01.0266 PM
[ReportManager] Successfully created attachment [API Response - JSON Body] @23-09-2021 22:40:01.0266 PM
[ReportManager] API Action [GetResponseJSONValue] successfully performed. With the following test data [data.insert_users.returning[0].name]. @23-09-2021 22:40:01.0309 PM
[ReportManager] Assertion [ValidateEquals] PASSED. Expected [sherlock holmes] and Actual [sherlock holmes]. Comparison Type [EQUALS]. Validation Type [POSITIVE]. @23-09-2021 22:40:01.0309 P

################################################################################################################################################
Starting Execution:	[140 out of 144] test cases in the current suite
Test Method:		[testPackage01.Test_sendGraphqlRequest.sendGraphqlRequestUsingQuery]
################################################################################################################################################
[ReportManager] GraphQl Request is being Performed with the Following Parameters [Service URL: https://api.spacex.land/graphql | Request Body: {"query":"{company {ceo}}"}] @23-09-2021 22:40:01.0316 PM
[ReportManager] Response status code: [200], status line: [HTTP/1.1 200 OK] @23-09-2021 22:40:01.0630 PM
[ReportManager] Assertion Passed: Evaluating the actual response status code against the expected one... @23-09-2021 22:40:01.0630 PM
[ReportManager] Assertion [ValidateEquals] PASSED. Expected [200] and Actual [200]. Comparison Type [EQUALS]. Validation Type [POSITIVE]. @23-09-2021 22:40:01.0630 PM
[ReportManager] API Action [PerformRequest] successfully performed. With the following test data [Request Type: "POST" | Target Status Code: "200" | Service URL: "https://api.spacex.land/graphql" | Content Type: "application/json" | Response Time: "309ms"]. @23-09-2021 22:40:01.0641 PM
[ReportManager] Successfully created attachment [API Request - Specifications] @23-09-2021 22:40:01.0641 PM
[ReportManager] Successfully created attachment [API Request - JSON Body] @23-09-2021 22:40:01.0641 PM
[ReportManager] Successfully created attachment [API Response - JSON Body] @23-09-2021 22:40:01.0642 PM
[ReportManager] API Action [GetResponseJSONValue] successfully performed. With the following test data [data.company.ceo]. @23-09-2021 22:40:01.0652 PM
[ReportManager] Assertion [ValidateEquals] PASSED. Expected [Elon Musk] and Actual [Elon Musk]. Comparison Type [EQUALS]. Validation Type [POSITIVE]. @23-09-2021 22:40:01.0652 P

################################################################################################################################################
Starting Execution:	[141 out of 144] test cases in the current suite
Test Method:		[testPackage01.Test_chainableElementActions.chainElementActions]
################################################################################################################################################
[ReportManager] File Action [GetAbsolutePath] successfully performed. With the following test data [Relative Folder Path: "target/downloadedFiles/"]. @23-09-2021 22:40:01.0658 PM
[ReportManager] Attempting to run remotely on: [Linux-64], [GoogleChrome], [http://localhost:4444/wd/hub], Headless Execution. @23-09-2021 22:40:01.0658 PM
[ReportManager] Successfully Opened [GoogleChrome]. @23-09-2021 22:40:01.0845 PM
[ReportManager] Target URL: [https://www.google.com/ncr], and after redirection: [https://www.google.com] @23-09-2021 22:40:01.0854 PM
[ReportManager] Initial URL: [data:,] @23-09-2021 22:40:01.0892 PM
[ReportManager] Browser Action [NavigateToURL] successfully performed. With the following test data [https://www.google.com/ncr]. @23-09-2021 22:40:02.0682 PM
[ReportManager] Element Action [Type] successfully performed. With the following test data [chained type 1]. @23-09-2021 22:40:03.0003 PM
[ReportManager] Element Action [Type] successfully performed. With the following test data [chained type 2]. @23-09-2021 22:40:03.0325 PM
[ReportManager] Element Action [TypeAppend] successfully performed. With the following test data [345]. @23-09-2021 22:40:03.0422 PM
[ReportManager] Element Action [GetText] successfully performed. With the following test data [chained type 2345]. @23-09-2021 22:40:03.0525 PM
[ReportManager] Loaded Shared OpenCV @23-09-2021 22:40:03.0645 PM
[ReportManager] Assertion [ValidateElementAttribute] PASSED. Expected [Value Should be 'chained type 2345' for the 'text' attribute, element locator 'By.name: q'] and Actual [chained type 2345]. Comparison Type [EQUALS]. Validation Type [POSITIVE]. @23-09-2021 22:40:03.0719 PM
[ReportManager] Successfully created attachment [Screenshot - 1632436803645_chainElementActions_ValidateElementAttribute_passed] @23-09-2021 22:40:03.0720 PM
[ReportManager] Browser Action [CloseCurrentWindow] successfully performed. @23-09-2021 22:40:03.0840 PM
[ReportManager] Successfully created attachment [Browser Action Test Data - CloseCurrentWindow - Actual Value] @23-09-2021 22:40:03.0840 P

################################################################################################################################################
Starting Execution:	[142 out of 144] test cases in the current suite
Test Method:		[testPackage01.Test_SkipDueToIssue.doNotSkip]
################################################################################################################################################
[ReportManager] This should not be skipped. @23-09-2021 22:40:03.0847 P

################################################################################################################################################
Starting Execution:	[143 out of 144] test cases in the current suite
Test Method:		[testPackage01.Test_SkipDueToIssue.skip]
################################################################################################################################################
[ReportManager] This should be skipped. @23-09-2021 22:40:03.0854 P

################################################################################################################################################
Starting Execution:	[144 out of 144] test cases in the current suite
Test Method:		[testPackage01.Test_SkipDueToIssue.skip2]
################################################################################################################################################
[ReportManager] This should be skipped. @23-09-2021 22:40:03.0860 P

################################################################################################################################################
Test Closure Activities
################################################################################################################################################
[ReportManager] Successfully created attachment [SHAFT Engine Logs - Execution log] @23-09-2021 22:40:03.0881 PM

################################################################################################################################################
This test run was powered by SHAFT Engine Version: [SHAFT Engine v5.3.20210902]
SHAFT Engine is licensed under the MIT License: [https://github.com/MohabMohie/SHAFT_ENGINE/blob/master/LICENSE].
################################################################################################################################################