################################################################################################################################################
Detected SHAFT Engine Version: [SHAFT Engine v5.4.20211025-BETA]
################################################################################################################################################

################################################################################################################################################
Starting Execution:	[1 out of 143] test cases in the current suite
Test Method:		[unitTests.tests_validations_assertions.assertComparativeRelation_greaterThanOrEquals_false_equals_expectedToFail]
################################################################################################################################################
[ReportManager] Assertion [ValidateComparativeRelation] FAILED. Expected [1] and Actual [1]. Comparison Type [GREATER_THAN_OR_EQUALS]. Validation Type [NEGATIVE]. @28-10-2021 01:50:16.0891 A

################################################################################################################################################
Starting Execution:	[2 out of 143] test cases in the current suite
Test Method:		[unitTests.tests_validations_assertions.assertComparativeRelation_greaterThanOrEquals_false_equals_expectedToPass]
################################################################################################################################################
[ReportManager] Assertion [ValidateComparativeRelation] PASSED. Expected [2] and Actual [1]. Comparison Type [GREATER_THAN_OR_EQUALS]. Validation Type [NEGATIVE]. @28-10-2021 01:50:17.0040 A

################################################################################################################################################
Starting Execution:	[3 out of 143] test cases in the current suite
Test Method:		[unitTests.tests_validations_assertions.assertComparativeRelation_greaterThanOrEquals_false_greaterThan_expectedToFail]
################################################################################################################################################
[ReportManager] Assertion [ValidateComparativeRelation] FAILED. Expected [1] and Actual [2]. Comparison Type [GREATER_THAN_OR_EQUALS]. Validation Type [NEGATIVE]. @28-10-2021 01:50:17.0050 A

################################################################################################################################################
Starting Execution:	[4 out of 143] test cases in the current suite
Test Method:		[unitTests.tests_validations_assertions.assertComparativeRelation_greaterThanOrEquals_false_greaterThan_expectedToPass]
################################################################################################################################################
[ReportManager] Assertion [ValidateComparativeRelation] PASSED. Expected [2] and Actual [1]. Comparison Type [GREATER_THAN_OR_EQUALS]. Validation Type [NEGATIVE]. @28-10-2021 01:50:17.0061 A

################################################################################################################################################
Starting Execution:	[5 out of 143] test cases in the current suite
Test Method:		[unitTests.tests_validations_assertions.assertComparativeRelation_greaterThanOrEquals_true_equals_expectedToFail]
################################################################################################################################################
[ReportManager] Assertion [ValidateComparativeRelation] FAILED. Expected [1] and Actual [0]. Comparison Type [GREATER_THAN_OR_EQUALS]. Validation Type [POSITIVE]. @28-10-2021 01:50:17.0071 A

################################################################################################################################################
Starting Execution:	[6 out of 143] test cases in the current suite
Test Method:		[unitTests.tests_validations_assertions.assertComparativeRelation_greaterThanOrEquals_true_equals_expectedToPass]
################################################################################################################################################
[ReportManager] Assertion [ValidateComparativeRelation] PASSED. Expected [1] and Actual [1]. Comparison Type [GREATER_THAN_OR_EQUALS]. Validation Type [POSITIVE]. @28-10-2021 01:50:17.0079 A

################################################################################################################################################
Starting Execution:	[7 out of 143] test cases in the current suite
Test Method:		[unitTests.tests_validations_assertions.assertComparativeRelation_greaterThanOrEquals_true_greaterThan_expectedToFail]
################################################################################################################################################
[ReportManager] Assertion [ValidateComparativeRelation] FAILED. Expected [2] and Actual [1]. Comparison Type [GREATER_THAN_OR_EQUALS]. Validation Type [POSITIVE]. @28-10-2021 01:50:17.0087 A

################################################################################################################################################
Starting Execution:	[8 out of 143] test cases in the current suite
Test Method:		[unitTests.tests_validations_assertions.assertComparativeRelation_greaterThanOrEquals_true_greaterThan_expectedToPass]
################################################################################################################################################
[ReportManager] Assertion [ValidateComparativeRelation] PASSED. Expected [1] and Actual [2]. Comparison Type [GREATER_THAN_OR_EQUALS]. Validation Type [POSITIVE]. @28-10-2021 01:50:17.0095 A
[ReportManager] File Action [GetAbsolutePath] successfully performed. With the following test data [Relative Folder Path: "target/downloadedFiles/"]. @28-10-2021 01:50:17.0107 AM
[ReportManager] Attempting to run remotely on: [Linux-64], [GoogleChrome], [http://localhost:4444/wd/hub], Headless Execution. @28-10-2021 01:50:17.0161 AM
[ReportManager] Successfully Opened [GoogleChrome]. @28-10-2021 01:50:19.0982 AM
[ReportManager] Target URL: [https://www.google.com/ncr], and after redirection: [www.google.com] @28-10-2021 01:50:19.0990 AM
[ReportManager] Initial URL: [data:,] @28-10-2021 01:50:20.0368 AM
[ReportManager] Browser Action [NavigateToURL] successfully performed. With the following test data [https://www.google.com/ncr]. @28-10-2021 01:50:21.0732 A

################################################################################################################################################
Starting Execution:	[9 out of 143] test cases in the current suite
Test Method:		[unitTests.tests_validations_assertions.assertElementAttribute_false_caseInsensitiveComparison_expectedToFail]
################################################################################################################################################
[ReportManager] Element Action [Type] successfully performed. With the following test data [AUTOMATION]. @28-10-2021 01:50:22.0493 AM
[ReportManager] Element Action [GetText] successfully performed. With the following test data [AUTOMATION]. @28-10-2021 01:50:22.0800 AM
[ReportManager] Loaded Shared OpenCV @28-10-2021 01:50:23.0614 AM
[ReportManager] Assertion [ValidateElementAttribute] FAILED. Expected [Value Should not be 'AutomaTion' for the 'text' attribute, element locator 'By.name: q'] and Actual [AUTOMATION]. Comparison Type [CASE_INSENSITIVE]. Validation Type [NEGATIVE]. @28-10-2021 01:50:23.0952 AM
[ReportManager] Successfully created attachment [Screenshot - 1635385823073_assertElementAttribute_false_caseInsensitiveComparison_expectedToFail_ValidateElementAttribute_failed] @28-10-2021 01:50:23.0977 A
[ReportManager] Browser Action [CloseCurrentWindow] successfully performed. @28-10-2021 01:50:24.0270 AM
[ReportManager] Successfully created attachment [Browser Action Test Data - CloseCurrentWindow - Actual Value] @28-10-2021 01:50:24.0275 A
[ReportManager] File Action [GetAbsolutePath] successfully performed. With the following test data [Relative Folder Path: "target/downloadedFiles/"]. @28-10-2021 01:50:24.0284 AM
[ReportManager] Attempting to run remotely on: [Linux-64], [GoogleChrome], [http://localhost:4444/wd/hub], Headless Execution. @28-10-2021 01:50:24.0284 AM
[ReportManager] Successfully Opened [GoogleChrome]. @28-10-2021 01:50:29.0143 AM
[ReportManager] Target URL: [https://www.google.com/ncr], and after redirection: [www.google.com] @28-10-2021 01:50:29.0143 AM
[ReportManager] Initial URL: [data:,] @28-10-2021 01:50:29.0278 AM
[ReportManager] Browser Action [NavigateToURL] successfully performed. With the following test data [https://www.google.com/ncr]. @28-10-2021 01:50:30.0225 A

################################################################################################################################################
Starting Execution:	[10 out of 143] test cases in the current suite
Test Method:		[unitTests.tests_validations_assertions.assertElementAttribute_false_caseInsensitiveComparison_expectedToPass]
################################################################################################################################################
[ReportManager] Element Action [Type] successfully performed. With the following test data [AUTOMATION]. @28-10-2021 01:50:30.0924 AM
[ReportManager] Element Action [GetText] successfully performed. With the following test data [AUTOMATION]. @28-10-2021 01:50:31.0163 AM
[ReportManager] Loaded Shared OpenCV @28-10-2021 01:50:31.0366 AM
[ReportManager] Assertion [ValidateElementAttribute] PASSED. Expected [Value Should not be 'AutomaTion123' for the 'text' attribute, element locator 'By.name: q'] and Actual [AUTOMATION]. Comparison Type [CASE_INSENSITIVE]. Validation Type [NEGATIVE]. @28-10-2021 01:50:31.0513 AM
[ReportManager] Successfully created attachment [Screenshot - 1635385831366_assertElementAttribute_false_caseInsensitiveComparison_expectedToPass_ValidateElementAttribute_passed] @28-10-2021 01:50:31.0518 A
[ReportManager] Browser Action [CloseCurrentWindow] successfully performed. @28-10-2021 01:50:31.0721 AM
[ReportManager] Successfully created attachment [Browser Action Test Data - CloseCurrentWindow - Actual Value] @28-10-2021 01:50:31.0723 A
[ReportManager] File Action [GetAbsolutePath] successfully performed. With the following test data [Relative Folder Path: "target/downloadedFiles/"]. @28-10-2021 01:50:31.0729 AM
[ReportManager] Attempting to run remotely on: [Linux-64], [GoogleChrome], [http://localhost:4444/wd/hub], Headless Execution. @28-10-2021 01:50:31.0736 AM
[ReportManager] Successfully Opened [GoogleChrome]. @28-10-2021 01:50:34.0153 AM
[ReportManager] Target URL: [https://www.google.com/ncr], and after redirection: [www.google.com] @28-10-2021 01:50:34.0153 AM
[ReportManager] Initial URL: [data:,] @28-10-2021 01:50:34.0323 AM
[ReportManager] Browser Action [NavigateToURL] successfully performed. With the following test data [https://www.google.com/ncr]. @28-10-2021 01:50:35.0224 A

################################################################################################################################################
Starting Execution:	[11 out of 143] test cases in the current suite
Test Method:		[unitTests.tests_validations_assertions.assertElementAttribute_false_containsComparison_expectedToFail]
################################################################################################################################################
[ReportManager] Element Action [Type] successfully performed. With the following test data [Automation123]. @28-10-2021 01:50:35.0966 AM
[ReportManager] Element Action [GetText] successfully performed. With the following test data [Automation123]. @28-10-2021 01:50:36.0328 AM
[ReportManager] Loaded Shared OpenCV @28-10-2021 01:50:36.0524 AM
[ReportManager] Assertion [ValidateElementAttribute] FAILED. Expected [Value Should not be 'Automation' for the 'text' attribute, element locator 'By.name: q'] and Actual [Automation123]. Comparison Type [CONTAINS]. Validation Type [NEGATIVE]. @28-10-2021 01:50:36.0613 AM
[ReportManager] Successfully created attachment [Screenshot - 1635385836524_assertElementAttribute_false_containsComparison_expectedToFail_ValidateElementAttribute_failed] @28-10-2021 01:50:36.0615 A
[ReportManager] Browser Action [CloseCurrentWindow] successfully performed. @28-10-2021 01:50:36.0800 AM
[ReportManager] Successfully created attachment [Browser Action Test Data - CloseCurrentWindow - Actual Value] @28-10-2021 01:50:36.0801 A
[ReportManager] File Action [GetAbsolutePath] successfully performed. With the following test data [Relative Folder Path: "target/downloadedFiles/"]. @28-10-2021 01:50:36.0807 AM
[ReportManager] Attempting to run remotely on: [Linux-64], [GoogleChrome], [http://localhost:4444/wd/hub], Headless Execution. @28-10-2021 01:50:36.0807 AM
[ReportManager] Successfully Opened [GoogleChrome]. @28-10-2021 01:50:39.0129 AM
[ReportManager] Target URL: [https://www.google.com/ncr], and after redirection: [www.google.com] @28-10-2021 01:50:39.0129 AM
[ReportManager] Initial URL: [data:,] @28-10-2021 01:50:39.0252 AM
[ReportManager] Browser Action [NavigateToURL] successfully performed. With the following test data [https://www.google.com/ncr]. @28-10-2021 01:50:40.0134 A

################################################################################################################################################
Starting Execution:	[12 out of 143] test cases in the current suite
Test Method:		[unitTests.tests_validations_assertions.assertElementAttribute_false_containsComparison_expectedToPass]
################################################################################################################################################
[ReportManager] Element Action [Type] successfully performed. With the following test data [Automation123]. @28-10-2021 01:50:40.0789 AM
[ReportManager] Element Action [GetText] successfully performed. With the following test data [Automation123]. @28-10-2021 01:50:41.0020 AM
[ReportManager] Loaded Shared OpenCV @28-10-2021 01:50:41.0211 AM
[ReportManager] Assertion [ValidateElementAttribute] PASSED. Expected [Value Should not be 'Automation1234' for the 'text' attribute, element locator 'By.name: q'] and Actual [Automation123]. Comparison Type [CONTAINS]. Validation Type [NEGATIVE]. @28-10-2021 01:50:41.0295 AM
[ReportManager] Successfully created attachment [Screenshot - 1635385841211_assertElementAttribute_false_containsComparison_expectedToPass_ValidateElementAttribute_passed] @28-10-2021 01:50:41.0297 A
[ReportManager] Browser Action [CloseCurrentWindow] successfully performed. @28-10-2021 01:50:41.0465 AM
[ReportManager] Successfully created attachment [Browser Action Test Data - CloseCurrentWindow - Actual Value] @28-10-2021 01:50:41.0466 A
[ReportManager] File Action [GetAbsolutePath] successfully performed. With the following test data [Relative Folder Path: "target/downloadedFiles/"]. @28-10-2021 01:50:41.0470 AM
[ReportManager] Attempting to run remotely on: [Linux-64], [GoogleChrome], [http://localhost:4444/wd/hub], Headless Execution. @28-10-2021 01:50:41.0470 AM
[ReportManager] Successfully Opened [GoogleChrome]. @28-10-2021 01:50:44.0102 AM
[ReportManager] Target URL: [https://www.google.com/ncr], and after redirection: [www.google.com] @28-10-2021 01:50:44.0102 AM
[ReportManager] Initial URL: [data:,] @28-10-2021 01:50:44.0188 AM
[ReportManager] Browser Action [NavigateToURL] successfully performed. With the following test data [https://www.google.com/ncr]. @28-10-2021 01:50:45.0017 A

################################################################################################################################################
Starting Execution:	[13 out of 143] test cases in the current suite
Test Method:		[unitTests.tests_validations_assertions.assertElementAttribute_false_literalComparison_expectedToFail]
################################################################################################################################################
[ReportManager] Element Action [Type] successfully performed. With the following test data [Automation!@#$%^&*()_+{}[]\';/.,]. @28-10-2021 01:50:45.0702 AM
[ReportManager] Element Action [GetText] successfully performed. With the following test data [Automation!@#$%^&*()_+{}[]\';/.,]. @28-10-2021 01:50:45.0910 AM
[ReportManager] Loaded Shared OpenCV @28-10-2021 01:50:46.0092 AM
[ReportManager] Assertion [ValidateElementAttribute] PASSED. Expected [Value Should not be 'Automation!@#$%^&*()_+{}[]\\';/.,' for the 'text' attribute, element locator 'By.name: q'] and Actual [Automation!@#$%^&*()_+{}[]\';/.,]. Comparison Type [EQUALS]. Validation Type [NEGATIVE]. @28-10-2021 01:50:46.0179 AM
[ReportManager] Successfully created attachment [Screenshot - 1635385846092_assertElementAttribute_false_literalComparison_expectedToFail_ValidateElementAttribute_passed] @28-10-2021 01:50:46.0181 A
[ReportManager] Browser Action [CloseCurrentWindow] successfully performed. @28-10-2021 01:50:46.0338 AM
[ReportManager] Successfully created attachment [Browser Action Test Data - CloseCurrentWindow - Actual Value] @28-10-2021 01:50:46.0339 A
[ReportManager] File Action [GetAbsolutePath] successfully performed. With the following test data [Relative Folder Path: "target/downloadedFiles/"]. @28-10-2021 01:50:46.0346 AM
[ReportManager] Attempting to run remotely on: [Linux-64], [GoogleChrome], [http://localhost:4444/wd/hub], Headless Execution. @28-10-2021 01:50:46.0346 AM
[ReportManager] Successfully Opened [GoogleChrome]. @28-10-2021 01:50:49.0155 AM
[ReportManager] Target URL: [https://www.google.com/ncr], and after redirection: [www.google.com] @28-10-2021 01:50:49.0155 AM
[ReportManager] Initial URL: [data:,] @28-10-2021 01:50:49.0279 AM
[ReportManager] Browser Action [NavigateToURL] successfully performed. With the following test data [https://www.google.com/ncr]. @28-10-2021 01:50:50.0112 A

################################################################################################################################################
Starting Execution:	[14 out of 143] test cases in the current suite
Test Method:		[unitTests.tests_validations_assertions.assertElementAttribute_false_literalComparison_expectedToPass]
################################################################################################################################################
[ReportManager] Element Action [Type] successfully performed. With the following test data [Automation!@#$%^&*()_+{}[]\';/.,]. @28-10-2021 01:50:50.0831 AM
[ReportManager] Element Action [GetText] successfully performed. With the following test data [Automation!@#$%^&*()_+{}[]\';/.,]. @28-10-2021 01:50:51.0056 AM
[ReportManager] Loaded Shared OpenCV @28-10-2021 01:50:51.0282 AM
[ReportManager] Assertion [ValidateElementAttribute] PASSED. Expected [Value Should not be 'Automation' for the 'text' attribute, element locator 'By.name: q'] and Actual [Automation!@#$%^&*()_+{}[]\';/.,]. Comparison Type [EQUALS]. Validation Type [NEGATIVE]. @28-10-2021 01:50:51.0367 AM
[ReportManager] Successfully created attachment [Screenshot - 1635385851282_assertElementAttribute_false_literalComparison_expectedToPass_ValidateElementAttribute_passed] @28-10-2021 01:50:51.0370 A
[ReportManager] Browser Action [CloseCurrentWindow] successfully performed. @28-10-2021 01:50:51.0554 AM
[ReportManager] Successfully created attachment [Browser Action Test Data - CloseCurrentWindow - Actual Value] @28-10-2021 01:50:51.0555 A
[ReportManager] File Action [GetAbsolutePath] successfully performed. With the following test data [Relative Folder Path: "target/downloadedFiles/"]. @28-10-2021 01:50:51.0561 AM
[ReportManager] Attempting to run remotely on: [Linux-64], [GoogleChrome], [http://localhost:4444/wd/hub], Headless Execution. @28-10-2021 01:50:51.0561 AM
[ReportManager] Successfully Opened [GoogleChrome]. @28-10-2021 01:50:54.0108 AM
[ReportManager] Target URL: [https://www.google.com/ncr], and after redirection: [www.google.com] @28-10-2021 01:50:54.0108 AM
[ReportManager] Initial URL: [data:,] @28-10-2021 01:50:54.0195 AM
[ReportManager] Browser Action [NavigateToURL] successfully performed. With the following test data [https://www.google.com/ncr]. @28-10-2021 01:50:54.0980 A

################################################################################################################################################
Starting Execution:	[15 out of 143] test cases in the current suite
Test Method:		[unitTests.tests_validations_assertions.assertElementAttribute_false_regexComparison_expectedToFail]
################################################################################################################################################
[ReportManager] Element Action [Type] successfully performed. With the following test data [Automation123]. @28-10-2021 01:50:55.0527 AM
[ReportManager] Element Action [GetText] successfully performed. With the following test data [Automation123]. @28-10-2021 01:50:55.0711 AM
[ReportManager] Loaded Shared OpenCV @28-10-2021 01:50:55.0923 AM
[ReportManager] Assertion [ValidateElementAttribute] FAILED. Expected [Value Should not be 'Automation.*' for the 'text' attribute, element locator 'By.name: q'] and Actual [Automation123]. Comparison Type [MATCHES]. Validation Type [NEGATIVE]. @28-10-2021 01:50:55.0999 AM
[ReportManager] Successfully created attachment [Screenshot - 1635385855922_assertElementAttribute_false_regexComparison_expectedToFail_ValidateElementAttribute_failed] @28-10-2021 01:50:56.0000 A
[ReportManager] Browser Action [CloseCurrentWindow] successfully performed. @28-10-2021 01:50:56.0190 AM
[ReportManager] Successfully created attachment [Browser Action Test Data - CloseCurrentWindow - Actual Value] @28-10-2021 01:50:56.0191 A
[ReportManager] File Action [GetAbsolutePath] successfully performed. With the following test data [Relative Folder Path: "target/downloadedFiles/"]. @28-10-2021 01:50:56.0194 AM
[ReportManager] Attempting to run remotely on: [Linux-64], [GoogleChrome], [http://localhost:4444/wd/hub], Headless Execution. @28-10-2021 01:50:56.0195 AM
[ReportManager] Successfully Opened [GoogleChrome]. @28-10-2021 01:50:59.0101 AM
[ReportManager] Target URL: [https://www.google.com/ncr], and after redirection: [www.google.com] @28-10-2021 01:50:59.0101 AM
[ReportManager] Initial URL: [data:,] @28-10-2021 01:50:59.0187 AM
[ReportManager] Browser Action [NavigateToURL] successfully performed. With the following test data [https://www.google.com/ncr]. @28-10-2021 01:50:59.0994 A

################################################################################################################################################
Starting Execution:	[16 out of 143] test cases in the current suite
Test Method:		[unitTests.tests_validations_assertions.assertElementAttribute_false_regexComparison_expectedToPass]
################################################################################################################################################
[ReportManager] Element Action [Type] successfully performed. With the following test data [Automation123]. @28-10-2021 01:51:00.0609 AM
[ReportManager] Element Action [GetText] successfully performed. With the following test data [Automation123]. @28-10-2021 01:51:00.0781 AM
[ReportManager] Loaded Shared OpenCV @28-10-2021 01:51:00.0971 AM
[ReportManager] Assertion [ValidateElementAttribute] PASSED. Expected [Value Should not be 'Automation' for the 'text' attribute, element locator 'By.name: q'] and Actual [Automation123]. Comparison Type [MATCHES]. Validation Type [NEGATIVE]. @28-10-2021 01:51:01.0044 AM
[ReportManager] Successfully created attachment [Screenshot - 1635385860971_assertElementAttribute_false_regexComparison_expectedToPass_ValidateElementAttribute_passed] @28-10-2021 01:51:01.0045 A
[ReportManager] Browser Action [CloseCurrentWindow] successfully performed. @28-10-2021 01:51:01.0202 AM
[ReportManager] Successfully created attachment [Browser Action Test Data - CloseCurrentWindow - Actual Value] @28-10-2021 01:51:01.0203 A
[ReportManager] File Action [GetAbsolutePath] successfully performed. With the following test data [Relative Folder Path: "target/downloadedFiles/"]. @28-10-2021 01:51:01.0209 AM
[ReportManager] Attempting to run remotely on: [Linux-64], [GoogleChrome], [http://localhost:4444/wd/hub], Headless Execution. @28-10-2021 01:51:01.0209 AM
[ReportManager] Successfully Opened [GoogleChrome]. @28-10-2021 01:51:04.0118 AM
[ReportManager] Target URL: [https://www.google.com/ncr], and after redirection: [www.google.com] @28-10-2021 01:51:04.0118 AM
[ReportManager] Initial URL: [data:,] @28-10-2021 01:51:04.0240 AM
[ReportManager] Browser Action [NavigateToURL] successfully performed. With the following test data [https://www.google.com/ncr]. @28-10-2021 01:51:05.0474 A

################################################################################################################################################
Starting Execution:	[17 out of 143] test cases in the current suite
Test Method:		[unitTests.tests_validations_assertions.assertElementAttribute_true_caseInsensitiveComparison_expectedToFail]
################################################################################################################################################
[ReportManager] Element Action [Type] successfully performed. With the following test data [AUTOMATION]. @28-10-2021 01:51:06.0010 AM
[ReportManager] Element Action [GetText] successfully performed. With the following test data [AUTOMATION]. @28-10-2021 01:51:06.0165 AM
[ReportManager] Loaded Shared OpenCV @28-10-2021 01:51:06.0381 AM
[ReportManager] Assertion [ValidateElementAttribute] FAILED. Expected [Value Should be 'AutomaTion123' for the 'text' attribute, element locator 'By.name: q'] and Actual [AUTOMATION]. Comparison Type [CASE_INSENSITIVE]. Validation Type [POSITIVE]. @28-10-2021 01:51:06.0487 AM
[ReportManager] Successfully created attachment [Screenshot - 1635385866381_assertElementAttribute_true_caseInsensitiveComparison_expectedToFail_ValidateElementAttribute_failed] @28-10-2021 01:51:06.0500 A
[ReportManager] Browser Action [CloseCurrentWindow] successfully performed. @28-10-2021 01:51:06.0675 AM
[ReportManager] Successfully created attachment [Browser Action Test Data - CloseCurrentWindow - Actual Value] @28-10-2021 01:51:06.0676 A
[ReportManager] File Action [GetAbsolutePath] successfully performed. With the following test data [Relative Folder Path: "target/downloadedFiles/"]. @28-10-2021 01:51:06.0683 AM
[ReportManager] Attempting to run remotely on: [Linux-64], [GoogleChrome], [http://localhost:4444/wd/hub], Headless Execution. @28-10-2021 01:51:06.0683 AM
[ReportManager] Successfully Opened [GoogleChrome]. @28-10-2021 01:51:09.0136 AM
[ReportManager] Target URL: [https://www.google.com/ncr], and after redirection: [www.google.com] @28-10-2021 01:51:09.0136 AM
[ReportManager] Initial URL: [data:,] @28-10-2021 01:51:09.0222 AM
[ReportManager] Browser Action [NavigateToURL] successfully performed. With the following test data [https://www.google.com/ncr]. @28-10-2021 01:51:10.0096 A

################################################################################################################################################
Starting Execution:	[18 out of 143] test cases in the current suite
Test Method:		[unitTests.tests_validations_assertions.assertElementAttribute_true_caseInsensitiveComparison_expectedToPass]
################################################################################################################################################
[ReportManager] Element Action [Type] successfully performed. With the following test data [AUTOMATION]. @28-10-2021 01:51:10.0673 AM
[ReportManager] Element Action [GetText] successfully performed. With the following test data [AUTOMATION]. @28-10-2021 01:51:10.0889 AM
[ReportManager] Loaded Shared OpenCV @28-10-2021 01:51:11.0082 AM
[ReportManager] Assertion [ValidateElementAttribute] PASSED. Expected [Value Should be 'AutomaTion' for the 'text' attribute, element locator 'By.name: q'] and Actual [AUTOMATION]. Comparison Type [CASE_INSENSITIVE]. Validation Type [POSITIVE]. @28-10-2021 01:51:11.0169 AM
[ReportManager] Successfully created attachment [Screenshot - 1635385871082_assertElementAttribute_true_caseInsensitiveComparison_expectedToPass_ValidateElementAttribute_passed] @28-10-2021 01:51:11.0170 A
[ReportManager] Browser Action [CloseCurrentWindow] successfully performed. @28-10-2021 01:51:11.0349 AM
[ReportManager] Successfully created attachment [Browser Action Test Data - CloseCurrentWindow - Actual Value] @28-10-2021 01:51:11.0350 A
[ReportManager] File Action [GetAbsolutePath] successfully performed. With the following test data [Relative Folder Path: "target/downloadedFiles/"]. @28-10-2021 01:51:11.0352 AM
[ReportManager] Attempting to run remotely on: [Linux-64], [GoogleChrome], [http://localhost:4444/wd/hub], Headless Execution. @28-10-2021 01:51:11.0353 AM
[ReportManager] Successfully Opened [GoogleChrome]. @28-10-2021 01:51:14.0124 AM
[ReportManager] Target URL: [https://www.google.com/ncr], and after redirection: [www.google.com] @28-10-2021 01:51:14.0125 AM
[ReportManager] Initial URL: [data:,] @28-10-2021 01:51:14.0212 AM
[ReportManager] Browser Action [NavigateToURL] successfully performed. With the following test data [https://www.google.com/ncr]. @28-10-2021 01:51:15.0031 A

################################################################################################################################################
Starting Execution:	[19 out of 143] test cases in the current suite
Test Method:		[unitTests.tests_validations_assertions.assertElementAttribute_true_containsComparison_expectedToFail]
################################################################################################################################################
[ReportManager] Element Action [Type] successfully performed. With the following test data [Automation123]. @28-10-2021 01:51:15.0622 AM
[ReportManager] Element Action [GetText] successfully performed. With the following test data [Automation123]. @28-10-2021 01:51:15.0760 AM
[ReportManager] Loaded Shared OpenCV @28-10-2021 01:51:15.0971 AM
[ReportManager] Assertion [ValidateElementAttribute] FAILED. Expected [Value Should be 'Automation1234' for the 'text' attribute, element locator 'By.name: q'] and Actual [Automation123]. Comparison Type [CONTAINS]. Validation Type [POSITIVE]. @28-10-2021 01:51:16.0047 AM
[ReportManager] Successfully created attachment [Screenshot - 1635385875971_assertElementAttribute_true_containsComparison_expectedToFail_ValidateElementAttribute_failed] @28-10-2021 01:51:16.0048 A
[ReportManager] Browser Action [CloseCurrentWindow] successfully performed. @28-10-2021 01:51:16.0192 AM
[ReportManager] Successfully created attachment [Browser Action Test Data - CloseCurrentWindow - Actual Value] @28-10-2021 01:51:16.0193 A
[ReportManager] File Action [GetAbsolutePath] successfully performed. With the following test data [Relative Folder Path: "target/downloadedFiles/"]. @28-10-2021 01:51:16.0195 AM
[ReportManager] Attempting to run remotely on: [Linux-64], [GoogleChrome], [http://localhost:4444/wd/hub], Headless Execution. @28-10-2021 01:51:16.0196 AM
[ReportManager] Successfully Opened [GoogleChrome]. @28-10-2021 01:51:19.0125 AM
[ReportManager] Target URL: [https://www.google.com/ncr], and after redirection: [www.google.com] @28-10-2021 01:51:19.0125 AM
[ReportManager] Initial URL: [data:,] @28-10-2021 01:51:19.0225 AM
[ReportManager] Browser Action [NavigateToURL] successfully performed. With the following test data [https://www.google.com/ncr]. @28-10-2021 01:51:20.0046 A

################################################################################################################################################
Starting Execution:	[20 out of 143] test cases in the current suite
Test Method:		[unitTests.tests_validations_assertions.assertElementAttribute_true_containsComparison_expectedToPass]
################################################################################################################################################
[ReportManager] Element Action [Type] successfully performed. With the following test data [Automation123]. @28-10-2021 01:51:20.0607 AM
[ReportManager] Element Action [GetText] successfully performed. With the following test data [Automation123]. @28-10-2021 01:51:20.0776 AM
[ReportManager] Loaded Shared OpenCV @28-10-2021 01:51:21.0005 AM
[ReportManager] Assertion [ValidateElementAttribute] PASSED. Expected [Value Should be 'Automation' for the 'text' attribute, element locator 'By.name: q'] and Actual [Automation123]. Comparison Type [CONTAINS]. Validation Type [POSITIVE]. @28-10-2021 01:51:21.0151 AM
[ReportManager] Successfully created attachment [Screenshot - 1635385881004_assertElementAttribute_true_containsComparison_expectedToPass_ValidateElementAttribute_passed] @28-10-2021 01:51:21.0152 A
[ReportManager] Browser Action [CloseCurrentWindow] successfully performed. @28-10-2021 01:51:21.0301 AM
[ReportManager] Successfully created attachment [Browser Action Test Data - CloseCurrentWindow - Actual Value] @28-10-2021 01:51:21.0302 A
[ReportManager] File Action [GetAbsolutePath] successfully performed. With the following test data [Relative Folder Path: "target/downloadedFiles/"]. @28-10-2021 01:51:21.0305 AM
[ReportManager] Attempting to run remotely on: [Linux-64], [GoogleChrome], [http://localhost:4444/wd/hub], Headless Execution. @28-10-2021 01:51:21.0305 AM
[ReportManager] Successfully Opened [GoogleChrome]. @28-10-2021 01:51:24.0133 AM
[ReportManager] Target URL: [https://www.google.com/ncr], and after redirection: [www.google.com] @28-10-2021 01:51:24.0134 AM
[ReportManager] Initial URL: [data:,] @28-10-2021 01:51:24.0209 AM
[ReportManager] Browser Action [NavigateToURL] successfully performed. With the following test data [https://www.google.com/ncr]. @28-10-2021 01:51:25.0039 A

################################################################################################################################################
Starting Execution:	[21 out of 143] test cases in the current suite
Test Method:		[unitTests.tests_validations_assertions.assertElementAttribute_true_literalComparison_expectedToFail]
################################################################################################################################################
[ReportManager] Element Action [Type] successfully performed. With the following test data [Automation!@#$%^&*()_+{}[]\';/.,]. @28-10-2021 01:51:25.0663 AM
[ReportManager] Element Action [GetText] successfully performed. With the following test data [Automation!@#$%^&*()_+{}[]\';/.,]. @28-10-2021 01:51:25.0829 AM
[ReportManager] Loaded Shared OpenCV @28-10-2021 01:51:26.0025 AM
[ReportManager] Assertion [ValidateElementAttribute] FAILED. Expected [Value Should be 'Automation' for the 'text' attribute, element locator 'By.name: q'] and Actual [Automation!@#$%^&*()_+{}[]\';/.,]. Comparison Type [EQUALS]. Validation Type [POSITIVE]. @28-10-2021 01:51:26.0106 AM
[ReportManager] Successfully created attachment [Screenshot - 1635385886025_assertElementAttribute_true_literalComparison_expectedToFail_ValidateElementAttribute_failed] @28-10-2021 01:51:26.0107 A
[ReportManager] Browser Action [CloseCurrentWindow] successfully performed. @28-10-2021 01:51:26.0255 AM
[ReportManager] Successfully created attachment [Browser Action Test Data - CloseCurrentWindow - Actual Value] @28-10-2021 01:51:26.0256 A
[ReportManager] File Action [GetAbsolutePath] successfully performed. With the following test data [Relative Folder Path: "target/downloadedFiles/"]. @28-10-2021 01:51:26.0259 AM
[ReportManager] Attempting to run remotely on: [Linux-64], [GoogleChrome], [http://localhost:4444/wd/hub], Headless Execution. @28-10-2021 01:51:26.0260 AM
[ReportManager] Successfully Opened [GoogleChrome]. @28-10-2021 01:51:29.0130 AM
[ReportManager] Target URL: [https://www.google.com/ncr], and after redirection: [www.google.com] @28-10-2021 01:51:29.0131 AM
[ReportManager] Initial URL: [data:,] @28-10-2021 01:51:29.0234 AM
[ReportManager] Browser Action [NavigateToURL] successfully performed. With the following test data [https://www.google.com/ncr]. @28-10-2021 01:51:30.0117 A

################################################################################################################################################
Starting Execution:	[22 out of 143] test cases in the current suite
Test Method:		[unitTests.tests_validations_assertions.assertElementAttribute_true_literalComparison_expectedToPass]
################################################################################################################################################
[ReportManager] Element Action [Type] successfully performed. With the following test data [Automation!@#$%^&*()_+{}[]\';/.,]. @28-10-2021 01:51:30.0789 AM
[ReportManager] Element Action [GetText] successfully performed. With the following test data [Automation!@#$%^&*()_+{}[]\';/.,]. @28-10-2021 01:51:30.0976 AM
[ReportManager] Loaded Shared OpenCV @28-10-2021 01:51:31.0129 AM
[ReportManager] Assertion [ValidateElementAttribute] PASSED. Expected [Value Should be 'Automation!@#$%^&*()_+{}[]\';/.,' for the 'text' attribute, element locator 'By.name: q'] and Actual [Automation!@#$%^&*()_+{}[]\';/.,]. Comparison Type [EQUALS]. Validation Type [POSITIVE]. @28-10-2021 01:51:31.0211 AM
[ReportManager] Successfully created attachment [Screenshot - 1635385891129_assertElementAttribute_true_literalComparison_expectedToPass_ValidateElementAttribute_passed] @28-10-2021 01:51:31.0212 A
[ReportManager] Browser Action [CloseCurrentWindow] successfully performed. @28-10-2021 01:51:31.0359 AM
[ReportManager] Successfully created attachment [Browser Action Test Data - CloseCurrentWindow - Actual Value] @28-10-2021 01:51:31.0360 A
[ReportManager] File Action [GetAbsolutePath] successfully performed. With the following test data [Relative Folder Path: "target/downloadedFiles/"]. @28-10-2021 01:51:31.0363 AM
[ReportManager] Attempting to run remotely on: [Linux-64], [GoogleChrome], [http://localhost:4444/wd/hub], Headless Execution. @28-10-2021 01:51:31.0363 AM
[ReportManager] Successfully Opened [GoogleChrome]. @28-10-2021 01:51:34.0116 AM
[ReportManager] Target URL: [https://www.google.com/ncr], and after redirection: [www.google.com] @28-10-2021 01:51:34.0117 AM
[ReportManager] Initial URL: [data:,] @28-10-2021 01:51:34.0205 AM
[ReportManager] Browser Action [NavigateToURL] successfully performed. With the following test data [https://www.google.com/ncr]. @28-10-2021 01:51:34.0979 A

################################################################################################################################################
Starting Execution:	[23 out of 143] test cases in the current suite
Test Method:		[unitTests.tests_validations_assertions.assertElementAttribute_true_regexComparison_expectedToFail]
################################################################################################################################################
[ReportManager] Element Action [Type] successfully performed. With the following test data [Automation123]. @28-10-2021 01:51:35.0552 AM
[ReportManager] Element Action [GetText] successfully performed. With the following test data [Automation123]. @28-10-2021 01:51:35.0710 AM
[ReportManager] Loaded Shared OpenCV @28-10-2021 01:51:35.0853 AM
[ReportManager] Assertion [ValidateElementAttribute] FAILED. Expected [Value Should be 'Automation' for the 'text' attribute, element locator 'By.name: q'] and Actual [Automation123]. Comparison Type [MATCHES]. Validation Type [POSITIVE]. @28-10-2021 01:51:35.0931 AM
[ReportManager] Successfully created attachment [Screenshot - 1635385895853_assertElementAttribute_true_regexComparison_expectedToFail_ValidateElementAttribute_failed] @28-10-2021 01:51:35.0932 A
[ReportManager] Browser Action [CloseCurrentWindow] successfully performed. @28-10-2021 01:51:36.0084 AM
[ReportManager] Successfully created attachment [Browser Action Test Data - CloseCurrentWindow - Actual Value] @28-10-2021 01:51:36.0085 A
[ReportManager] File Action [GetAbsolutePath] successfully performed. With the following test data [Relative Folder Path: "target/downloadedFiles/"]. @28-10-2021 01:51:36.0092 AM
[ReportManager] Attempting to run remotely on: [Linux-64], [GoogleChrome], [http://localhost:4444/wd/hub], Headless Execution. @28-10-2021 01:51:36.0093 AM
[ReportManager] Successfully Opened [GoogleChrome]. @28-10-2021 01:51:39.0140 AM
[ReportManager] Target URL: [https://www.google.com/ncr], and after redirection: [www.google.com] @28-10-2021 01:51:39.0140 AM
[ReportManager] Initial URL: [data:,] @28-10-2021 01:51:39.0226 AM
[ReportManager] Browser Action [NavigateToURL] successfully performed. With the following test data [https://www.google.com/ncr]. @28-10-2021 01:51:39.0983 A

################################################################################################################################################
Starting Execution:	[24 out of 143] test cases in the current suite
Test Method:		[unitTests.tests_validations_assertions.assertElementAttribute_true_regexComparison_expectedToPass]
################################################################################################################################################
[ReportManager] Element Action [Type] successfully performed. With the following test data [Automation123]. @28-10-2021 01:51:40.0664 AM
[ReportManager] Element Action [GetText] successfully performed. With the following test data [Automation123]. @28-10-2021 01:51:40.0804 AM
[ReportManager] Loaded Shared OpenCV @28-10-2021 01:51:40.0952 AM
[ReportManager] Assertion [ValidateElementAttribute] PASSED. Expected [Value Should be 'Automation.*' for the 'text' attribute, element locator 'By.name: q'] and Actual [Automation123]. Comparison Type [MATCHES]. Validation Type [POSITIVE]. @28-10-2021 01:51:41.0026 AM
[ReportManager] Successfully created attachment [Screenshot - 1635385900952_assertElementAttribute_true_regexComparison_expectedToPass_ValidateElementAttribute_passed] @28-10-2021 01:51:41.0028 A
[ReportManager] Browser Action [CloseCurrentWindow] successfully performed. @28-10-2021 01:51:41.0197 AM
[ReportManager] Successfully created attachment [Browser Action Test Data - CloseCurrentWindow - Actual Value] @28-10-2021 01:51:41.0198 A
[ReportManager] File Action [GetAbsolutePath] successfully performed. With the following test data [Relative Folder Path: "target/downloadedFiles/"]. @28-10-2021 01:51:41.0203 AM
[ReportManager] Attempting to run remotely on: [Linux-64], [GoogleChrome], [http://localhost:4444/wd/hub], Headless Execution. @28-10-2021 01:51:41.0203 AM
[ReportManager] Successfully Opened [GoogleChrome]. @28-10-2021 01:51:44.0123 AM
[ReportManager] Target URL: [https://www.google.com/ncr], and after redirection: [www.google.com] @28-10-2021 01:51:44.0123 AM
[ReportManager] Initial URL: [data:,] @28-10-2021 01:51:44.0189 AM
[ReportManager] Browser Action [NavigateToURL] successfully performed. With the following test data [https://www.google.com/ncr]. @28-10-2021 01:51:44.0936 A

################################################################################################################################################
Starting Execution:	[25 out of 143] test cases in the current suite
Test Method:		[unitTests.tests_validations_assertions.assertElementAttribute_type_true_literalComparison_expectedToPass]
################################################################################################################################################
[ReportManager] Element Action [Type] successfully performed. With the following test data [Automation!@#$%^&*()_+{}[]\';/.,]. @28-10-2021 01:51:45.0471 AM
[ReportManager] Element Action [GetText] successfully performed. With the following test data [Automation!@#$%^&*()_+{}[]\';/.,]. @28-10-2021 01:51:45.0615 AM
[ReportManager] Loaded Shared OpenCV @28-10-2021 01:51:45.0773 AM
[ReportManager] Assertion [ValidateElementAttribute] PASSED. Expected [Value Should be 'Automation!@#$%^&*()_+{}[]\';/.,' for the 'text' attribute, element locator 'By.name: q'] and Actual [Automation!@#$%^&*()_+{}[]\';/.,]. Comparison Type [EQUALS]. Validation Type [POSITIVE]. @28-10-2021 01:51:45.0849 AM
[ReportManager] Successfully created attachment [Screenshot - 1635385905772_assertElementAttribute_type_true_literalComparison_expectedToPass_ValidateElementAttribute_passed] @28-10-2021 01:51:45.0850 A
[ReportManager] Browser Action [CloseCurrentWindow] successfully performed. @28-10-2021 01:51:46.0001 AM
[ReportManager] Successfully created attachment [Browser Action Test Data - CloseCurrentWindow - Actual Value] @28-10-2021 01:51:46.0002 A
[ReportManager] File Action [GetAbsolutePath] successfully performed. With the following test data [Relative Folder Path: "target/downloadedFiles/"]. @28-10-2021 01:51:46.0006 AM
[ReportManager] Attempting to run remotely on: [Linux-64], [GoogleChrome], [http://localhost:4444/wd/hub], Headless Execution. @28-10-2021 01:51:46.0007 AM
[ReportManager] Successfully Opened [GoogleChrome]. @28-10-2021 01:51:49.0124 AM
[ReportManager] Target URL: [https://www.google.com/ncr], and after redirection: [www.google.com] @28-10-2021 01:51:49.0124 AM
[ReportManager] Initial URL: [data:,] @28-10-2021 01:51:49.0179 AM
[ReportManager] Browser Action [NavigateToURL] successfully performed. With the following test data [https://www.google.com/ncr]. @28-10-2021 01:51:49.0926 A

################################################################################################################################################
Starting Execution:	[26 out of 143] test cases in the current suite
Test Method:		[unitTests.tests_validations_assertions.assertElementExists_false_expectedToFail]
################################################################################################################################################
[ReportManager] Assertion [ValidateElementExists] PASSED. Expected [Element Should not Exist, locator 'By.id: hplogo'] and Actual [Element Doesn't Exists]. Comparison Type [EQUALS]. Validation Type [NEGATIVE]. @28-10-2021 01:52:00.0437 AM
[ReportManager] Successfully created attachment [Screenshot - 1635385920282_assertElementExists_false_expectedToFail_ValidateElementExists_passed] @28-10-2021 01:52:00.0443 A
[ReportManager] Browser Action [CloseCurrentWindow] successfully performed. @28-10-2021 01:52:00.0617 AM
[ReportManager] Successfully created attachment [Browser Action Test Data - CloseCurrentWindow - Actual Value] @28-10-2021 01:52:00.0618 A
[ReportManager] File Action [GetAbsolutePath] successfully performed. With the following test data [Relative Folder Path: "target/downloadedFiles/"]. @28-10-2021 01:52:00.0622 AM
[ReportManager] Attempting to run remotely on: [Linux-64], [GoogleChrome], [http://localhost:4444/wd/hub], Headless Execution. @28-10-2021 01:52:00.0622 AM
[ReportManager] Successfully Opened [GoogleChrome]. @28-10-2021 01:52:04.0114 AM
[ReportManager] Target URL: [https://www.google.com/ncr], and after redirection: [www.google.com] @28-10-2021 01:52:04.0115 AM
[ReportManager] Initial URL: [data:,] @28-10-2021 01:52:04.0187 AM
[ReportManager] Browser Action [NavigateToURL] successfully performed. With the following test data [https://www.google.com/ncr]. @28-10-2021 01:52:04.0939 A

################################################################################################################################################
Starting Execution:	[27 out of 143] test cases in the current suite
Test Method:		[unitTests.tests_validations_assertions.assertElementExists_false_expectedToPass]
################################################################################################################################################
[ReportManager] Assertion [ValidateElementExists] PASSED. Expected [Element Should not Exist, locator 'By.id: fakeElement'] and Actual [Element Doesn't Exists]. Comparison Type [EQUALS]. Validation Type [NEGATIVE]. @28-10-2021 01:52:15.0342 AM
[ReportManager] Successfully created attachment [Screenshot - 1635385935283_assertElementExists_false_expectedToPass_ValidateElementExists_passed] @28-10-2021 01:52:15.0343 A
[ReportManager] Browser Action [CloseCurrentWindow] successfully performed. @28-10-2021 01:52:15.0519 AM
[ReportManager] Successfully created attachment [Browser Action Test Data - CloseCurrentWindow - Actual Value] @28-10-2021 01:52:15.0520 A
[ReportManager] File Action [GetAbsolutePath] successfully performed. With the following test data [Relative Folder Path: "target/downloadedFiles/"]. @28-10-2021 01:52:15.0523 AM
[ReportManager] Attempting to run remotely on: [Linux-64], [GoogleChrome], [http://localhost:4444/wd/hub], Headless Execution. @28-10-2021 01:52:15.0523 AM
[ReportManager] Successfully Opened [GoogleChrome]. @28-10-2021 01:52:19.0123 AM
[ReportManager] Target URL: [https://www.google.com/ncr], and after redirection: [www.google.com] @28-10-2021 01:52:19.0123 AM
[ReportManager] Initial URL: [data:,] @28-10-2021 01:52:19.0186 AM
[ReportManager] Browser Action [NavigateToURL] successfully performed. With the following test data [https://www.google.com/ncr]. @28-10-2021 01:52:19.0973 A

################################################################################################################################################
Starting Execution:	[28 out of 143] test cases in the current suite
Test Method:		[unitTests.tests_validations_assertions.assertElementExists_false_multipleElementsFound_expectedToFail]
################################################################################################################################################
[ReportManager] Assertion [ValidateElementExists] FAILED. Expected [Element Should not Exist, locator 'By.xpath: //div'] and Actual [Element Exists but is not unique]. Comparison Type [EQUALS]. Validation Type [NEGATIVE]. @28-10-2021 01:52:20.0304 AM
[ReportManager] Successfully created attachment [Screenshot - 1635385940244_assertElementExists_false_multipleElementsFound_expectedToFail_ValidateElementExists_failed] @28-10-2021 01:52:20.0305 A
[ReportManager] Browser Action [CloseCurrentWindow] successfully performed. @28-10-2021 01:52:20.0453 AM
[ReportManager] Successfully created attachment [Browser Action Test Data - CloseCurrentWindow - Actual Value] @28-10-2021 01:52:20.0453 A
[ReportManager] File Action [GetAbsolutePath] successfully performed. With the following test data [Relative Folder Path: "target/downloadedFiles/"]. @28-10-2021 01:52:20.0457 AM
[ReportManager] Attempting to run remotely on: [Linux-64], [GoogleChrome], [http://localhost:4444/wd/hub], Headless Execution. @28-10-2021 01:52:20.0458 AM
[ReportManager] Successfully Opened [GoogleChrome]. @28-10-2021 01:52:24.0102 AM
[ReportManager] Target URL: [https://www.google.com/ncr], and after redirection: [www.google.com] @28-10-2021 01:52:24.0102 AM
[ReportManager] Initial URL: [data:,] @28-10-2021 01:52:24.0165 AM
[ReportManager] Browser Action [NavigateToURL] successfully performed. With the following test data [https://www.google.com/ncr]. @28-10-2021 01:52:24.0889 A

################################################################################################################################################
Starting Execution:	[29 out of 143] test cases in the current suite
Test Method:		[unitTests.tests_validations_assertions.assertElementExists_true_expectedToFail]
################################################################################################################################################
[ReportManager] Assertion [ValidateElementExists] FAILED. Expected [Element Should Exist, locator 'By.id: fakeElement'] and Actual [Element Doesn't Exists]. Comparison Type [EQUALS]. Validation Type [POSITIVE]. @28-10-2021 01:52:55.0619 AM
[ReportManager] Successfully created attachment [Screenshot - 1635385975562_assertElementExists_true_expectedToFail_ValidateElementExists_failed] @28-10-2021 01:52:55.0619 A
[ReportManager] Browser Action [CloseCurrentWindow] successfully performed. @28-10-2021 01:52:55.0745 AM
[ReportManager] Successfully created attachment [Browser Action Test Data - CloseCurrentWindow - Actual Value] @28-10-2021 01:52:55.0746 A
[ReportManager] File Action [GetAbsolutePath] successfully performed. With the following test data [Relative Folder Path: "target/downloadedFiles/"]. @28-10-2021 01:52:55.0750 AM
[ReportManager] Attempting to run remotely on: [Linux-64], [GoogleChrome], [http://localhost:4444/wd/hub], Headless Execution. @28-10-2021 01:52:55.0751 AM
[ReportManager] Successfully Opened [GoogleChrome]. @28-10-2021 01:52:59.0129 AM
[ReportManager] Target URL: [https://www.google.com/ncr], and after redirection: [www.google.com] @28-10-2021 01:52:59.0129 AM
[ReportManager] Initial URL: [data:,] @28-10-2021 01:52:59.0210 AM
[ReportManager] Browser Action [NavigateToURL] successfully performed. With the following test data [https://www.google.com/ncr]. @28-10-2021 01:52:59.0985 A

################################################################################################################################################
Starting Execution:	[30 out of 143] test cases in the current suite
Test Method:		[unitTests.tests_validations_assertions.assertElementExists_true_expectedToPass]
################################################################################################################################################
[ReportManager] Loaded Shared OpenCV @28-10-2021 01:53:00.0231 AM
[ReportManager] Assertion [ValidateElementExists] PASSED. Expected [Element Should Exist, locator 'By.xpath: //*[@id='hplogo' or @alt='Google']'] and Actual [Element Exists]. Comparison Type [EQUALS]. Validation Type [POSITIVE]. @28-10-2021 01:53:00.0307 AM
[ReportManager] Successfully created attachment [Screenshot - 1635385980231_assertElementExists_true_expectedToPass_ValidateElementExists_passed] @28-10-2021 01:53:00.0308 A
[ReportManager] Browser Action [CloseCurrentWindow] successfully performed. @28-10-2021 01:53:00.0441 AM
[ReportManager] Successfully created attachment [Browser Action Test Data - CloseCurrentWindow - Actual Value] @28-10-2021 01:53:00.0442 A
[ReportManager] File Action [GetAbsolutePath] successfully performed. With the following test data [Relative Folder Path: "target/downloadedFiles/"]. @28-10-2021 01:53:00.0445 AM
[ReportManager] Attempting to run remotely on: [Linux-64], [GoogleChrome], [http://localhost:4444/wd/hub], Headless Execution. @28-10-2021 01:53:00.0445 AM
[ReportManager] Successfully Opened [GoogleChrome]. @28-10-2021 01:53:04.0128 AM
[ReportManager] Target URL: [https://www.google.com/ncr], and after redirection: [www.google.com] @28-10-2021 01:53:04.0129 AM
[ReportManager] Initial URL: [data:,] @28-10-2021 01:53:04.0198 AM
[ReportManager] Browser Action [NavigateToURL] successfully performed. With the following test data [https://www.google.com/ncr]. @28-10-2021 01:53:05.0044 A

################################################################################################################################################
Starting Execution:	[31 out of 143] test cases in the current suite
Test Method:		[unitTests.tests_validations_assertions.assertElementExists_true_multipleElementsFound_expectedToFail]
################################################################################################################################################
[ReportManager] Assertion [ValidateElementExists] FAILED. Expected [Element Should Exist, locator 'By.xpath: //div'] and Actual [Element Exists but is not unique]. Comparison Type [EQUALS]. Validation Type [POSITIVE]. @28-10-2021 01:53:05.0322 AM
[ReportManager] Successfully created attachment [Screenshot - 1635385985258_assertElementExists_true_multipleElementsFound_expectedToFail_ValidateElementExists_failed] @28-10-2021 01:53:05.0323 A
[ReportManager] Browser Action [CloseCurrentWindow] successfully performed. @28-10-2021 01:53:05.0447 AM
[ReportManager] Successfully created attachment [Browser Action Test Data - CloseCurrentWindow - Actual Value] @28-10-2021 01:53:05.0448 A

################################################################################################################################################
Starting Execution:	[32 out of 143] test cases in the current suite
Test Method:		[unitTests.tests_validations_assertions.assertEquals_false_expectedToFail]
################################################################################################################################################
[ReportManager] Assertion [ValidateEquals] FAILED. Expected [1] and Actual [1]. Comparison Type [EQUALS]. Validation Type [NEGATIVE]. @28-10-2021 01:53:05.0454 A

################################################################################################################################################
Starting Execution:	[33 out of 143] test cases in the current suite
Test Method:		[unitTests.tests_validations_assertions.assertEquals_false_expectedToPass]
################################################################################################################################################
[ReportManager] Assertion [ValidateEquals] PASSED. Expected [1] and Actual [2]. Comparison Type [EQUALS]. Validation Type [NEGATIVE]. @28-10-2021 01:53:05.0459 A

################################################################################################################################################
Starting Execution:	[34 out of 143] test cases in the current suite
Test Method:		[unitTests.tests_validations_assertions.assertEquals_longCharacters]
################################################################################################################################################
[ReportManager] Verification [ValidateEquals] PASSED. Expected and Actual values are attached. Comparison Type [EQUALS]. Validation Type [POSITIVE]. @28-10-2021 01:53:05.0464 AM
[ReportManager] Successfully created attachment [Validation Test Data - Expected Value] @28-10-2021 01:53:05.0464 AM
[ReportManager] Successfully created attachment [Validation Test Data - Actual Value] @28-10-2021 01:53:05.0465 AM
[ReportManager] Assertion [ValidateEquals] PASSED. Expected and Actual values are attached. Comparison Type [EQUALS]. Validation Type [POSITIVE]. @28-10-2021 01:53:05.0465 AM
[ReportManager] Successfully created attachment [Validation Test Data - Expected Value] @28-10-2021 01:53:05.0465 AM
[ReportManager] Successfully created attachment [Validation Test Data - Actual Value] @28-10-2021 01:53:05.0465 A

################################################################################################################################################
Starting Execution:	[35 out of 143] test cases in the current suite
Test Method:		[unitTests.tests_validations_assertions.assertEquals_longCharacters_Discreet]
################################################################################################################################################
[ReportManager] Assertion [ValidateEquals] PASSED. Expected [1LH5pROcDBjjQk0t0mCr0lXuzQu9lcGj28kY8R1H81X67eVAQJgWQhILiRWVPUgZ6uCtK5cnBkF55Jr9vYngjGO1Iyf0Mktv6lruDlL9T8MAUPcUZJGHZtji6nIeadujDSNmWMj5d6C8zlFqw0CRqBU0hO5adIasHgBSNoLotAjce3NGXoDwAlp3rYreeV16VIyZXROQY] and Actual [1LH5pROcDBjjQk0t0mCr0lXuzQu9lcGj28kY8R1H81X67eVAQJgWQhILiRWVPUgZ6uCtK5cnBkF55Jr9vYngjGO1Iyf0Mktv6lruDlL9T8MAUPcUZJGHZtji6nIeadujDSNmWMj5d6C8zlFqw0CRqBU0hO5adIasHgBSNoLotAjce3NGXoDwAlp3rYreeV16VIyZXROQY]. Comparison Type [EQUALS]. Validation Type [POSITIVE]. @28-10-2021 01:53:05.0470 A

################################################################################################################################################
Starting Execution:	[36 out of 143] test cases in the current suite
Test Method:		[unitTests.tests_validations_assertions.assertEquals_true_expectedToFail]
################################################################################################################################################
[ReportManager] Assertion [ValidateEquals] FAILED. Expected [1] and Actual [2]. Comparison Type [EQUALS]. Validation Type [POSITIVE]. @28-10-2021 01:53:05.0478 A

################################################################################################################################################
Starting Execution:	[37 out of 143] test cases in the current suite
Test Method:		[unitTests.tests_validations_assertions.assertEquals_true_expectedToPass]
Test Description:	[Assert that assertEquals works as expected when the two values are equal.]
################################################################################################################################################
[ReportManager] Verification [ValidateEquals] PASSED. Expected [1] and Actual [1]. Comparison Type [EQUALS]. Validation Type [POSITIVE]. @28-10-2021 01:53:05.0488 AM
[ReportManager] Assertion [ValidateEquals] PASSED. Expected [1] and Actual [1]. Comparison Type [EQUALS]. Validation Type [POSITIVE]. @28-10-2021 01:53:05.0488 A

################################################################################################################################################
Starting Execution:	[38 out of 143] test cases in the current suite
Test Method:		[unitTests.tests_validations_assertions.assertEquals_true_expectedToPass__]
################################################################################################################################################
[ReportManager] Assertion [ValidateEquals] PASSED. Expected [1] and Actual [1]. Comparison Type [EQUALS]. Validation Type [POSITIVE]. @28-10-2021 01:53:05.0493 A

################################################################################################################################################
Starting Execution:	[39 out of 143] test cases in the current suite
Test Method:		[unitTests.tests_validations_assertions.assertFileExists_false_expectedToFail]
################################################################################################################################################
[ReportManager] File Action [DoesFileExist] successfully performed. With the following test data [File Path: "src/main/java/com/shaft/gui/element/ElementActions.java"]. @28-10-2021 01:53:05.0496 AM
[ReportManager] Assertion [ValidateFileExists] FAILED. Expected [File 'src/main/java/com/shaft/gui/element/ElementActions.java' should not exist, after up to '1' retries] and Actual [File exists]. Validation Type [NEGATIVE]. @28-10-2021 01:53:05.0505 A

################################################################################################################################################
Starting Execution:	[40 out of 143] test cases in the current suite
Test Method:		[unitTests.tests_validations_assertions.assertFileExists_false_expectedToPass]
################################################################################################################################################
[ReportManager] File Action [DoesFileExist] successfully performed. With the following test data [File Path: "src/main/java/com/shaft/gui/element/ElementActions.java_fail"]. @28-10-2021 01:53:06.0009 AM
[ReportManager] Assertion [ValidateFileExists] PASSED. Expected [File 'src/main/java/com/shaft/gui/element/ElementActions.java_fail' should not exist, after up to '1' retries] and Actual [File does not exist]. Validation Type [NEGATIVE]. @28-10-2021 01:53:06.0010 A

################################################################################################################################################
Starting Execution:	[41 out of 143] test cases in the current suite
Test Method:		[unitTests.tests_validations_assertions.assertFileExists_true_expectedToFail]
################################################################################################################################################
[ReportManager] File Action [DoesFileExist] successfully performed. With the following test data [File Path: "src/main/java/com/shaft/gui/element/ElementActions.java_fail"]. @28-10-2021 01:53:06.0516 AM
[ReportManager] Assertion [ValidateFileExists] FAILED. Expected [File 'src/main/java/com/shaft/gui/element/ElementActions.java_fail' should exist, after up to '1' retries] and Actual [File does not exist]. Validation Type [POSITIVE]. @28-10-2021 01:53:06.0517 A

################################################################################################################################################
Starting Execution:	[42 out of 143] test cases in the current suite
Test Method:		[unitTests.tests_validations_assertions.assertFileExists_true_expectedToPass]
################################################################################################################################################
[ReportManager] File Action [DoesFileExist] successfully performed. With the following test data [File Path: "src/main/java/com/shaft/gui/element/ElementActions.java"]. @28-10-2021 01:53:06.0524 AM
[ReportManager] Assertion [ValidateFileExists] PASSED. Expected [File 'src/main/java/com/shaft/gui/element/ElementActions.java' should exist, after up to '1' retries] and Actual [File exists]. Validation Type [POSITIVE]. @28-10-2021 01:53:06.0524 A

################################################################################################################################################
Starting Execution:	[43 out of 143] test cases in the current suite
Test Method:		[unitTests.tests_validations_assertions.assertNull_false_expectedToFail]
################################################################################################################################################
[ReportManager] Assertion [ValidateNull] FAILED. Expected [NULL] and Actual [NULL]. Comparison Type [EQUALS]. Validation Type [NEGATIVE]. @28-10-2021 01:53:06.0529 A

################################################################################################################################################
Starting Execution:	[44 out of 143] test cases in the current suite
Test Method:		[unitTests.tests_validations_assertions.assertNull_false_expectedToPass]
################################################################################################################################################
[ReportManager] Assertion [ValidateNull] PASSED. Expected [NULL] and Actual [1]. Comparison Type [EQUALS]. Validation Type [NEGATIVE]. @28-10-2021 01:53:06.0533 A

################################################################################################################################################
Starting Execution:	[45 out of 143] test cases in the current suite
Test Method:		[unitTests.tests_validations_assertions.assertNull_true_expectedToFail]
################################################################################################################################################
[ReportManager] Assertion [ValidateNull] FAILED. Expected [NULL] and Actual [1]. Comparison Type [EQUALS]. Validation Type [POSITIVE]. @28-10-2021 01:53:06.0536 A

################################################################################################################################################
Starting Execution:	[46 out of 143] test cases in the current suite
Test Method:		[unitTests.tests_validations_assertions.assertNull_true_expectedToPass]
################################################################################################################################################
[ReportManager] Assertion [ValidateNull] PASSED. Expected [NULL] and Actual [NULL]. Comparison Type [EQUALS]. Validation Type [POSITIVE]. @28-10-2021 01:53:06.0539 A

################################################################################################################################################
Starting Execution:	[47 out of 143] test cases in the current suite
Test Method:		[unitTests.tests_restActions.getPostsAndAssertBodyForSpecificTitle]
################################################################################################################################################
[ReportManager] Response status code: [200], status line: [HTTP/1.1 200 OK] @28-10-2021 01:53:08.0462 AM
[ReportManager] Assertion Passed: Evaluating the actual response status code against the expected one... @28-10-2021 01:53:08.0463 AM
[ReportManager] Assertion [ValidateEquals] PASSED. Expected [200] and Actual [200]. Comparison Type [EQUALS]. Validation Type [POSITIVE]. @28-10-2021 01:53:08.0463 AM
[ReportManager] API Action [PerformRequest] successfully performed. With the following test data [Request Type: "GET" | Target Status Code: "200" | Service URL: "https://jsonplaceholder.typicode.com/posts" | Content Type: "*/*" | Response Time: "657ms"]. @28-10-2021 01:53:09.0748 AM
[ReportManager] Successfully created attachment [API Request - Specifications] @28-10-2021 01:53:09.0748 AM
[ReportManager] Successfully created attachment [API Response - JSON Body] @28-10-2021 01:53:09.0983 AM
[ReportManager] API Action [GetResponseJSONValueAsList] successfully performed. @28-10-2021 01:53:10.0004 AM
[ReportManager] API Action [GetResponseJSONValue] successfully performed. With the following test data [title]. @28-10-2021 01:53:10.0025 AM
[ReportManager] API Action [GetResponseJSONValue] successfully performed. With the following test data [title]. @28-10-2021 01:53:10.0038 AM
[ReportManager] API Action [GetResponseJSONValue] successfully performed. With the following test data [body]. @28-10-2021 01:53:10.0050 AM
[ReportManager] Assertion [ValidateEquals] PASSED. Expected [qui neque nisi nulla] and Actual [est rerum tempore vitae
sequi sint nihil reprehenderit dolor beatae ea dolores neque
fugiat blanditiis voluptate porro vel nihil molestiae ut reiciendis
qui aperiam non debitis possimus qui neque nisi nulla]. Comparison Type [CONTAINS]. Validation Type [POSITIVE]. @28-10-2021 01:53:10.0050 AM
[ReportManager] API Action [GetResponseJSONValue] successfully performed. With the following test data [title]. @28-10-2021 01:53:10.0063 AM
[ReportManager] API Action [GetResponseJSONValue] successfully performed. With the following test data [title]. @28-10-2021 01:53:10.0074 AM
[ReportManager] API Action [GetResponseJSONValue] successfully performed. With the following test data [title]. @28-10-2021 01:53:10.0085 AM
[ReportManager] API Action [GetResponseJSONValue] successfully performed. With the following test data [title]. @28-10-2021 01:53:10.0097 AM
[ReportManager] API Action [GetResponseJSONValue] successfully performed. With the following test data [title]. @28-10-2021 01:53:10.0108 AM
[ReportManager] API Action [GetResponseJSONValue] successfully performed. With the following test data [title]. @28-10-2021 01:53:10.0128 AM
[ReportManager] API Action [GetResponseJSONValue] successfully performed. With the following test data [title]. @28-10-2021 01:53:10.0146 AM
[ReportManager] API Action [GetResponseJSONValue] successfully performed. With the following test data [title]. @28-10-2021 01:53:10.0163 AM
[ReportManager] API Action [GetResponseJSONValue] successfully performed. With the following test data [title]. @28-10-2021 01:53:10.0181 AM
[ReportManager] API Action [GetResponseJSONValue] successfully performed. With the following test data [title]. @28-10-2021 01:53:10.0196 AM
[ReportManager] API Action [GetResponseJSONValue] successfully performed. With the following test data [title]. @28-10-2021 01:53:10.0223 AM
[ReportManager] API Action [GetResponseJSONValue] successfully performed. With the following test data [title]. @28-10-2021 01:53:10.0252 AM
[ReportManager] API Action [GetResponseJSONValue] successfully performed. With the following test data [title]. @28-10-2021 01:53:10.0269 AM
[ReportManager] API Action [GetResponseJSONValue] successfully performed. With the following test data [title]. @28-10-2021 01:53:10.0286 AM
[ReportManager] API Action [GetResponseJSONValue] successfully performed. With the following test data [title]. @28-10-2021 01:53:10.0306 AM
[ReportManager] API Action [GetResponseJSONValue] successfully performed. With the following test data [title]. @28-10-2021 01:53:10.0323 AM
[ReportManager] API Action [GetResponseJSONValue] successfully performed. With the following test data [title]. @28-10-2021 01:53:10.0338 AM
[ReportManager] API Action [GetResponseJSONValue] successfully performed. With the following test data [title]. @28-10-2021 01:53:10.0354 AM
[ReportManager] API Action [GetResponseJSONValue] successfully performed. With the following test data [title]. @28-10-2021 01:53:10.0366 AM
[ReportManager] API Action [GetResponseJSONValue] successfully performed. With the following test data [title]. @28-10-2021 01:53:10.0383 AM
[ReportManager] API Action [GetResponseJSONValue] successfully performed. With the following test data [title]. @28-10-2021 01:53:10.0397 AM
[ReportManager] API Action [GetResponseJSONValue] successfully performed. With the following test data [title]. @28-10-2021 01:53:10.0415 AM
[ReportManager] API Action [GetResponseJSONValue] successfully performed. With the following test data [title]. @28-10-2021 01:53:10.0432 AM
[ReportManager] API Action [GetResponseJSONValue] successfully performed. With the following test data [title]. @28-10-2021 01:53:10.0445 AM
[ReportManager] API Action [GetResponseJSONValue] successfully performed. With the following test data [title]. @28-10-2021 01:53:10.0461 AM
[ReportManager] API Action [GetResponseJSONValue] successfully performed. With the following test data [title]. @28-10-2021 01:53:10.0473 AM
[ReportManager] API Action [GetResponseJSONValue] successfully performed. With the following test data [title]. @28-10-2021 01:53:10.0494 AM
[ReportManager] API Action [GetResponseJSONValue] successfully performed. With the following test data [title]. @28-10-2021 01:53:10.0513 AM
[ReportManager] API Action [GetResponseJSONValue] successfully performed. With the following test data [title]. @28-10-2021 01:53:10.0525 AM
[ReportManager] API Action [GetResponseJSONValue] successfully performed. With the following test data [title]. @28-10-2021 01:53:10.0535 AM
[ReportManager] API Action [GetResponseJSONValue] successfully performed. With the following test data [title]. @28-10-2021 01:53:10.0551 AM
[ReportManager] API Action [GetResponseJSONValue] successfully performed. With the following test data [title]. @28-10-2021 01:53:10.0563 AM
[ReportManager] API Action [GetResponseJSONValue] successfully performed. With the following test data [title]. @28-10-2021 01:53:10.0579 AM
[ReportManager] API Action [GetResponseJSONValue] successfully performed. With the following test data [title]. @28-10-2021 01:53:10.0591 AM
[ReportManager] API Action [GetResponseJSONValue] successfully performed. With the following test data [title]. @28-10-2021 01:53:10.0604 AM
[ReportManager] API Action [GetResponseJSONValue] successfully performed. With the following test data [title]. @28-10-2021 01:53:10.0615 AM
[ReportManager] API Action [GetResponseJSONValue] successfully performed. With the following test data [title]. @28-10-2021 01:53:10.0626 AM
[ReportManager] API Action [GetResponseJSONValue] successfully performed. With the following test data [title]. @28-10-2021 01:53:10.0639 AM
[ReportManager] API Action [GetResponseJSONValue] successfully performed. With the following test data [title]. @28-10-2021 01:53:10.0659 AM
[ReportManager] API Action [GetResponseJSONValue] successfully performed. With the following test data [title]. @28-10-2021 01:53:10.0669 AM
[ReportManager] API Action [GetResponseJSONValue] successfully performed. With the following test data [title]. @28-10-2021 01:53:10.0678 AM
[ReportManager] API Action [GetResponseJSONValue] successfully performed. With the following test data [title]. @28-10-2021 01:53:10.0691 AM
[ReportManager] API Action [GetResponseJSONValue] successfully performed. With the following test data [title]. @28-10-2021 01:53:10.0701 AM
[ReportManager] API Action [GetResponseJSONValue] successfully performed. With the following test data [title]. @28-10-2021 01:53:10.0716 AM
[ReportManager] API Action [GetResponseJSONValue] successfully performed. With the following test data [title]. @28-10-2021 01:53:10.0727 AM
[ReportManager] API Action [GetResponseJSONValue] successfully performed. With the following test data [title]. @28-10-2021 01:53:10.0740 AM
[ReportManager] API Action [GetResponseJSONValue] successfully performed. With the following test data [title]. @28-10-2021 01:53:10.0753 AM
[ReportManager] API Action [GetResponseJSONValue] successfully performed. With the following test data [title]. @28-10-2021 01:53:10.0772 AM
[ReportManager] API Action [GetResponseJSONValue] successfully performed. With the following test data [title]. @28-10-2021 01:53:10.0786 AM
[ReportManager] API Action [GetResponseJSONValue] successfully performed. With the following test data [title]. @28-10-2021 01:53:10.0802 AM
[ReportManager] API Action [GetResponseJSONValue] successfully performed. With the following test data [title]. @28-10-2021 01:53:10.0816 AM
[ReportManager] API Action [GetResponseJSONValue] successfully performed. With the following test data [title]. @28-10-2021 01:53:10.0831 AM
[ReportManager] API Action [GetResponseJSONValue] successfully performed. With the following test data [title]. @28-10-2021 01:53:10.0846 AM
[ReportManager] API Action [GetResponseJSONValue] successfully performed. With the following test data [title]. @28-10-2021 01:53:10.0857 AM
[ReportManager] API Action [GetResponseJSONValue] successfully performed. With the following test data [title]. @28-10-2021 01:53:10.0869 AM
[ReportManager] API Action [GetResponseJSONValue] successfully performed. With the following test data [title]. @28-10-2021 01:53:10.0881 AM
[ReportManager] API Action [GetResponseJSONValue] successfully performed. With the following test data [title]. @28-10-2021 01:53:10.0892 AM
[ReportManager] API Action [GetResponseJSONValue] successfully performed. With the following test data [title]. @28-10-2021 01:53:10.0903 AM
[ReportManager] API Action [GetResponseJSONValue] successfully performed. With the following test data [title]. @28-10-2021 01:53:10.0922 AM
[ReportManager] API Action [GetResponseJSONValue] successfully performed. With the following test data [title]. @28-10-2021 01:53:10.0970 AM
[ReportManager] API Action [GetResponseJSONValue] successfully performed. With the following test data [title]. @28-10-2021 01:53:10.0987 AM
[ReportManager] API Action [GetResponseJSONValue] successfully performed. With the following test data [title]. @28-10-2021 01:53:10.0997 AM
[ReportManager] API Action [GetResponseJSONValue] successfully performed. With the following test data [title]. @28-10-2021 01:53:11.0007 AM
[ReportManager] API Action [GetResponseJSONValue] successfully performed. With the following test data [title]. @28-10-2021 01:53:11.0017 AM
[ReportManager] API Action [GetResponseJSONValue] successfully performed. With the following test data [title]. @28-10-2021 01:53:11.0027 AM
[ReportManager] API Action [GetResponseJSONValue] successfully performed. With the following test data [title]. @28-10-2021 01:53:11.0043 AM
[ReportManager] API Action [GetResponseJSONValue] successfully performed. With the following test data [title]. @28-10-2021 01:53:11.0054 AM
[ReportManager] API Action [GetResponseJSONValue] successfully performed. With the following test data [title]. @28-10-2021 01:53:11.0065 AM
[ReportManager] API Action [GetResponseJSONValue] successfully performed. With the following test data [title]. @28-10-2021 01:53:11.0076 AM
[ReportManager] API Action [GetResponseJSONValue] successfully performed. With the following test data [title]. @28-10-2021 01:53:11.0089 AM
[ReportManager] API Action [GetResponseJSONValue] successfully performed. With the following test data [title]. @28-10-2021 01:53:11.0100 AM
[ReportManager] API Action [GetResponseJSONValue] successfully performed. With the following test data [title]. @28-10-2021 01:53:11.0115 AM
[ReportManager] API Action [GetResponseJSONValue] successfully performed. With the following test data [title]. @28-10-2021 01:53:11.0138 AM
[ReportManager] API Action [GetResponseJSONValue] successfully performed. With the following test data [title]. @28-10-2021 01:53:11.0150 AM
[ReportManager] API Action [GetResponseJSONValue] successfully performed. With the following test data [title]. @28-10-2021 01:53:11.0160 AM
[ReportManager] API Action [GetResponseJSONValue] successfully performed. With the following test data [title]. @28-10-2021 01:53:11.0173 AM
[ReportManager] API Action [GetResponseJSONValue] successfully performed. With the following test data [title]. @28-10-2021 01:53:11.0190 AM
[ReportManager] API Action [GetResponseJSONValue] successfully performed. With the following test data [title]. @28-10-2021 01:53:11.0200 AM
[ReportManager] API Action [GetResponseJSONValue] successfully performed. With the following test data [title]. @28-10-2021 01:53:11.0211 AM
[ReportManager] API Action [GetResponseJSONValue] successfully performed. With the following test data [title]. @28-10-2021 01:53:11.0223 AM
[ReportManager] API Action [GetResponseJSONValue] successfully performed. With the following test data [title]. @28-10-2021 01:53:11.0234 AM
[ReportManager] API Action [GetResponseJSONValue] successfully performed. With the following test data [title]. @28-10-2021 01:53:11.0257 AM
[ReportManager] API Action [GetResponseJSONValue] successfully performed. With the following test data [title]. @28-10-2021 01:53:11.0268 AM
[ReportManager] API Action [GetResponseJSONValue] successfully performed. With the following test data [title]. @28-10-2021 01:53:11.0277 AM
[ReportManager] API Action [GetResponseJSONValue] successfully performed. With the following test data [title]. @28-10-2021 01:53:11.0287 AM
[ReportManager] API Action [GetResponseJSONValue] successfully performed. With the following test data [title]. @28-10-2021 01:53:11.0300 AM
[ReportManager] API Action [GetResponseJSONValue] successfully performed. With the following test data [title]. @28-10-2021 01:53:11.0312 AM
[ReportManager] API Action [GetResponseJSONValue] successfully performed. With the following test data [title]. @28-10-2021 01:53:11.0321 AM
[ReportManager] API Action [GetResponseJSONValue] successfully performed. With the following test data [title]. @28-10-2021 01:53:11.0333 AM
[ReportManager] API Action [GetResponseJSONValue] successfully performed. With the following test data [title]. @28-10-2021 01:53:11.0344 AM
[ReportManager] API Action [GetResponseJSONValue] successfully performed. With the following test data [title]. @28-10-2021 01:53:11.0354 AM
[ReportManager] API Action [GetResponseJSONValue] successfully performed. With the following test data [title]. @28-10-2021 01:53:11.0373 AM
[ReportManager] API Action [GetResponseJSONValue] successfully performed. With the following test data [title]. @28-10-2021 01:53:11.0390 AM
[ReportManager] API Action [GetResponseJSONValue] successfully performed. With the following test data [title]. @28-10-2021 01:53:11.0399 AM
[ReportManager] API Action [GetResponseJSONValue] successfully performed. With the following test data [title]. @28-10-2021 01:53:11.0411 AM
[ReportManager] API Action [GetResponseJSONValue] successfully performed. With the following test data [title]. @28-10-2021 01:53:11.0422 AM
[ReportManager] API Action [GetResponseJSONValue] successfully performed. With the following test data [title]. @28-10-2021 01:53:11.0431 AM
[ReportManager] API Action [GetResponseJSONValue] successfully performed. With the following test data [title]. @28-10-2021 01:53:11.0448 A

################################################################################################################################################
Starting Execution:	[48 out of 143] test cases in the current suite
Test Method:		[unitTests.tests_restActions.validateUserEmail]
################################################################################################################################################
[ReportManager] Response status code: [200], status line: [HTTP/1.1 200 OK] @28-10-2021 01:53:11.0542 AM
[ReportManager] Assertion Passed: Evaluating the actual response status code against the expected one... @28-10-2021 01:53:11.0543 AM
[ReportManager] Assertion [ValidateEquals] PASSED. Expected [200] and Actual [200]. Comparison Type [EQUALS]. Validation Type [POSITIVE]. @28-10-2021 01:53:11.0544 AM
[ReportManager] API Action [PerformRequest] successfully performed. With the following test data [Request Type: "GET" | Target Status Code: "200" | Service URL: "https://jsonplaceholder.typicode.com/users" | Content Type: "*/*" | Response Time: "67ms"]. @28-10-2021 01:53:11.0667 AM
[ReportManager] Successfully created attachment [API Request - Specifications] @28-10-2021 01:53:11.0667 AM
[ReportManager] Successfully created attachment [API Response - JSON Body] @28-10-2021 01:53:11.0668 AM
[ReportManager] Assertion [ValidateEquals] PASSED. Expected and Actual values are attached. Comparison Type [CONTAINS]. Validation Type [POSITIVE]. @28-10-2021 01:53:11.0668 AM
[ReportManager] Successfully created attachment [Validation Test Data - Expected Value] @28-10-2021 01:53:11.0668 AM
[ReportManager] Successfully created attachment [Validation Test Data - Actual Value] @28-10-2021 01:53:11.0668 AM
[ReportManager] API Action [GetResponseJSONValueAsList] successfully performed. With the following test data [$]. @28-10-2021 01:53:11.0672 AM
[ReportManager] API Action [GetResponseJSONValue] successfully performed. With the following test data [name]. @28-10-2021 01:53:11.0682 AM
[ReportManager] API Action [GetResponseJSONValue] successfully performed. With the following test data [email]. @28-10-2021 01:53:11.0690 AM
[ReportManager] Assertion [ValidateEquals] PASSED. Expected [Sincere@april.biz] and Actual [Sincere@april.biz]. Comparison Type [EQUALS]. Validation Type [POSITIVE]. @28-10-2021 01:53:11.0691 AM
[ReportManager] API Action [GetResponseJSONValue] successfully performed. With the following test data [name]. @28-10-2021 01:53:11.0699 AM
[ReportManager] API Action [GetResponseJSONValue] successfully performed. With the following test data [name]. @28-10-2021 01:53:11.0708 AM
[ReportManager] API Action [GetResponseJSONValue] successfully performed. With the following test data [name]. @28-10-2021 01:53:11.0716 AM
[ReportManager] API Action [GetResponseJSONValue] successfully performed. With the following test data [name]. @28-10-2021 01:53:11.0725 AM
[ReportManager] API Action [GetResponseJSONValue] successfully performed. With the following test data [name]. @28-10-2021 01:53:11.0734 AM
[ReportManager] API Action [GetResponseJSONValue] successfully performed. With the following test data [name]. @28-10-2021 01:53:11.0742 AM
[ReportManager] API Action [GetResponseJSONValue] successfully performed. With the following test data [name]. @28-10-2021 01:53:11.0751 AM
[ReportManager] API Action [GetResponseJSONValue] successfully performed. With the following test data [name]. @28-10-2021 01:53:11.0760 AM
[ReportManager] API Action [GetResponseJSONValue] successfully performed. With the following test data [name]. @28-10-2021 01:53:11.0768 A
[ReportManager] File Action [GetAbsolutePath] successfully performed. With the following test data [Relative Folder Path: "target/downloadedFiles/"]. @28-10-2021 01:53:11.0778 AM
[ReportManager] Attempting to run remotely on: [Linux-64], [GoogleChrome], [http://localhost:4444/wd/hub], Headless Execution. @28-10-2021 01:53:11.0778 AM
[ReportManager] Successfully Opened [GoogleChrome]. @28-10-2021 01:53:14.0119 AM
[ReportManager] Target URL: [https://duckduckgo.com] @28-10-2021 01:53:14.0120 AM
[ReportManager] Initial URL: [data:,] @28-10-2021 01:53:14.0207 AM
[ReportManager] Browser Action [NavigateToURL] successfully performed. With the following test data [https://duckduckgo.com]. @28-10-2021 01:53:14.0901 A

################################################################################################################################################
Starting Execution:	[49 out of 143] test cases in the current suite
Test Method:		[unitTests.tests_browserActions.fullScreenWindow]
################################################################################################################################################
[ReportManager] Initial Windows Size: 800x600 @28-10-2021 01:53:14.0937 AM
[ReportManager] Initial window size: (800, 600) @28-10-2021 01:53:14.0943 AM
[ReportManager] Window size after Toolkit: (1920, 1080) @28-10-2021 01:53:15.0191 AM
[ReportManager] Browser Action [MaximizeWindow] successfully performed. With the following test data [New screen size is now: (1920, 1080)]. @28-10-2021 01:53:15.0197 AM
[ReportManager] Current Windows Size after fullScreen: 1920x1080 @28-10-2021 01:53:15.0223 AM
[ReportManager] Browser Action [FullScreenWindow] successfully performed. @28-10-2021 01:53:15.0240 AM
[ReportManager] Successfully created attachment [Browser Action Test Data - FullScreenWindow - Actual Value] @28-10-2021 01:53:15.0242 A
[ReportManager] Target URL: [https://duckduckgo.com] @28-10-2021 01:53:15.0247 AM
[ReportManager] Initial URL: [https://duckduckgo.com] @28-10-2021 01:53:15.0379 AM
[ReportManager] Browser Action [NavigateToURL] successfully performed. With the following test data [https://duckduckgo.com]. @28-10-2021 01:53:15.0763 AM
[ReportManager] Browser Action [CloseCurrentWindow] successfully performed. @28-10-2021 01:53:15.0905 AM
[ReportManager] Successfully created attachment [Browser Action Test Data - CloseCurrentWindow - Actual Value] @28-10-2021 01:53:15.0907 A
[ReportManager] File Action [GetAbsolutePath] successfully performed. With the following test data [Relative Folder Path: "target/downloadedFiles/"]. @28-10-2021 01:53:15.0909 AM
[ReportManager] Attempting to run remotely on: [Linux-64], [GoogleChrome], [http://localhost:4444/wd/hub], Headless Execution. @28-10-2021 01:53:15.0910 AM
[ReportManager] Successfully Opened [GoogleChrome]. @28-10-2021 01:53:19.0124 AM
[ReportManager] Target URL: [https://duckduckgo.com] @28-10-2021 01:53:19.0124 AM
[ReportManager] Initial URL: [data:,] @28-10-2021 01:53:19.0191 AM
[ReportManager] Browser Action [NavigateToURL] successfully performed. With the following test data [https://duckduckgo.com]. @28-10-2021 01:53:19.0778 A

################################################################################################################################################
Starting Execution:	[50 out of 143] test cases in the current suite
Test Method:		[unitTests.tests_browserActions.getCurrentURL]
################################################################################################################################################
[ReportManager] Browser Action [GetCurrentURL] successfully performed. With the following test data [https://duckduckgo.com/]. @28-10-2021 01:53:19.0824 A
[ReportManager] Target URL: [https://duckduckgo.com] @28-10-2021 01:53:19.0830 AM
[ReportManager] Initial URL: [https://duckduckgo.com] @28-10-2021 01:53:19.0930 AM
[ReportManager] Browser Action [NavigateToURL] successfully performed. With the following test data [https://duckduckgo.com]. @28-10-2021 01:53:20.0303 AM
[ReportManager] Browser Action [CloseCurrentWindow] successfully performed. @28-10-2021 01:53:20.0414 AM
[ReportManager] Successfully created attachment [Browser Action Test Data - CloseCurrentWindow - Actual Value] @28-10-2021 01:53:20.0422 A
[ReportManager] File Action [GetAbsolutePath] successfully performed. With the following test data [Relative Folder Path: "target/downloadedFiles/"]. @28-10-2021 01:53:20.0427 AM
[ReportManager] Attempting to run remotely on: [Linux-64], [GoogleChrome], [http://localhost:4444/wd/hub], Headless Execution. @28-10-2021 01:53:20.0428 AM
[ReportManager] Successfully Opened [GoogleChrome]. @28-10-2021 01:53:24.0144 AM
[ReportManager] Target URL: [https://duckduckgo.com] @28-10-2021 01:53:24.0145 AM
[ReportManager] Initial URL: [data:,] @28-10-2021 01:53:24.0203 AM
[ReportManager] Browser Action [NavigateToURL] successfully performed. With the following test data [https://duckduckgo.com]. @28-10-2021 01:53:24.0737 A

################################################################################################################################################
Starting Execution:	[51 out of 143] test cases in the current suite
Test Method:		[unitTests.tests_browserActions.getCurrentWindowTitle]
################################################################################################################################################
[ReportManager] Browser Action [GetCurrentWindowTitle] successfully performed. With the following test data [DuckDuckGo  Privacy, simplified.]. @28-10-2021 01:53:24.0786 A
[ReportManager] Target URL: [https://duckduckgo.com] @28-10-2021 01:53:24.0788 AM
[ReportManager] Initial URL: [https://duckduckgo.com] @28-10-2021 01:53:24.0965 AM
[ReportManager] Browser Action [NavigateToURL] successfully performed. With the following test data [https://duckduckgo.com]. @28-10-2021 01:53:25.0294 AM
[ReportManager] Browser Action [CloseCurrentWindow] successfully performed. @28-10-2021 01:53:25.0424 AM
[ReportManager] Successfully created attachment [Browser Action Test Data - CloseCurrentWindow - Actual Value] @28-10-2021 01:53:25.0425 A
[ReportManager] File Action [GetAbsolutePath] successfully performed. With the following test data [Relative Folder Path: "target/downloadedFiles/"]. @28-10-2021 01:53:25.0427 AM
[ReportManager] Attempting to run remotely on: [Linux-64], [GoogleChrome], [http://localhost:4444/wd/hub], Headless Execution. @28-10-2021 01:53:25.0427 AM
[ReportManager] Successfully Opened [GoogleChrome]. @28-10-2021 01:53:29.0291 AM
[ReportManager] Target URL: [https://duckduckgo.com] @28-10-2021 01:53:29.0291 AM
[ReportManager] Initial URL: [data:,] @28-10-2021 01:53:29.0390 AM
[ReportManager] Browser Action [NavigateToURL] successfully performed. With the following test data [https://duckduckgo.com]. @28-10-2021 01:53:29.0911 A

################################################################################################################################################
Starting Execution:	[52 out of 143] test cases in the current suite
Test Method:		[unitTests.tests_browserActions.getPageSource]
################################################################################################################################################
[ReportManager] Browser Action [GetPageSource] successfully performed. @28-10-2021 01:53:29.0958 AM
[ReportManager] Successfully created attachment [Browser Action Test Data - GetPageSource - Actual Value] @28-10-2021 01:53:29.0959 A
[ReportManager] Target URL: [https://duckduckgo.com] @28-10-2021 01:53:29.0961 AM
[ReportManager] Initial URL: [https://duckduckgo.com] @28-10-2021 01:53:30.0045 AM
[ReportManager] Browser Action [NavigateToURL] successfully performed. With the following test data [https://duckduckgo.com]. @28-10-2021 01:53:30.0366 AM
[ReportManager] Browser Action [CloseCurrentWindow] successfully performed. @28-10-2021 01:53:30.0476 AM
[ReportManager] Successfully created attachment [Browser Action Test Data - CloseCurrentWindow - Actual Value] @28-10-2021 01:53:30.0476 A
[ReportManager] File Action [GetAbsolutePath] successfully performed. With the following test data [Relative Folder Path: "target/downloadedFiles/"]. @28-10-2021 01:53:30.0479 AM
[ReportManager] Attempting to run remotely on: [Linux-64], [GoogleChrome], [http://localhost:4444/wd/hub], Headless Execution. @28-10-2021 01:53:30.0479 AM
[ReportManager] Successfully Opened [GoogleChrome]. @28-10-2021 01:53:34.0132 AM
[ReportManager] Target URL: [https://duckduckgo.com] @28-10-2021 01:53:34.0132 AM
[ReportManager] Initial URL: [data:,] @28-10-2021 01:53:34.0213 AM
[ReportManager] Browser Action [NavigateToURL] successfully performed. With the following test data [https://duckduckgo.com]. @28-10-2021 01:53:34.0748 A

################################################################################################################################################
Starting Execution:	[53 out of 143] test cases in the current suite
Test Method:		[unitTests.tests_browserActions.getWindowHandle]
################################################################################################################################################
[ReportManager] Browser Action [GetWindowHandle] successfully performed. With the following test data [CDwindow-257AEA8776FF0BB4DF5D5C2A826146B8]. @28-10-2021 01:53:34.0802 A
[ReportManager] Target URL: [https://duckduckgo.com] @28-10-2021 01:53:34.0804 AM
[ReportManager] Initial URL: [https://duckduckgo.com] @28-10-2021 01:53:34.0862 AM
[ReportManager] Browser Action [NavigateToURL] successfully performed. With the following test data [https://duckduckgo.com]. @28-10-2021 01:53:35.0211 AM
[ReportManager] Browser Action [CloseCurrentWindow] successfully performed. @28-10-2021 01:53:35.0336 AM
[ReportManager] Successfully created attachment [Browser Action Test Data - CloseCurrentWindow - Actual Value] @28-10-2021 01:53:35.0336 A
[ReportManager] File Action [GetAbsolutePath] successfully performed. With the following test data [Relative Folder Path: "target/downloadedFiles/"]. @28-10-2021 01:53:35.0338 AM
[ReportManager] Attempting to run remotely on: [Linux-64], [GoogleChrome], [http://localhost:4444/wd/hub], Headless Execution. @28-10-2021 01:53:35.0339 AM
[ReportManager] Successfully Opened [GoogleChrome]. @28-10-2021 01:53:39.0118 AM
[ReportManager] Target URL: [https://duckduckgo.com] @28-10-2021 01:53:39.0118 AM
[ReportManager] Initial URL: [data:,] @28-10-2021 01:53:39.0189 AM
[ReportManager] Browser Action [NavigateToURL] successfully performed. With the following test data [https://duckduckgo.com]. @28-10-2021 01:53:39.0700 A

################################################################################################################################################
Starting Execution:	[54 out of 143] test cases in the current suite
Test Method:		[unitTests.tests_browserActions.getWindowPosition]
################################################################################################################################################
[ReportManager] Browser Action [GetWindowPosition] successfully performed. With the following test data [(0, 0)]. @28-10-2021 01:53:39.0744 A
[ReportManager] Target URL: [https://duckduckgo.com] @28-10-2021 01:53:39.0748 AM
[ReportManager] Initial URL: [https://duckduckgo.com] @28-10-2021 01:53:39.0837 AM
[ReportManager] Browser Action [NavigateToURL] successfully performed. With the following test data [https://duckduckgo.com]. @28-10-2021 01:53:40.0231 AM
[ReportManager] Browser Action [CloseCurrentWindow] successfully performed. @28-10-2021 01:53:40.0369 AM
[ReportManager] Successfully created attachment [Browser Action Test Data - CloseCurrentWindow - Actual Value] @28-10-2021 01:53:40.0369 A
[ReportManager] File Action [GetAbsolutePath] successfully performed. With the following test data [Relative Folder Path: "target/downloadedFiles/"]. @28-10-2021 01:53:40.0374 AM
[ReportManager] Attempting to run remotely on: [Linux-64], [GoogleChrome], [http://localhost:4444/wd/hub], Headless Execution. @28-10-2021 01:53:40.0374 AM
[ReportManager] Successfully Opened [GoogleChrome]. @28-10-2021 01:53:44.0111 AM
[ReportManager] Target URL: [https://duckduckgo.com] @28-10-2021 01:53:44.0112 AM
[ReportManager] Initial URL: [data:,] @28-10-2021 01:53:44.0169 AM
[ReportManager] Browser Action [NavigateToURL] successfully performed. With the following test data [https://duckduckgo.com]. @28-10-2021 01:53:44.0682 A

################################################################################################################################################
Starting Execution:	[55 out of 143] test cases in the current suite
Test Method:		[unitTests.tests_browserActions.getWindowSize]
################################################################################################################################################
[ReportManager] Browser Action [GetWindowSize] successfully performed. With the following test data [(800, 600)]. @28-10-2021 01:53:44.0718 A
[ReportManager] Target URL: [https://duckduckgo.com] @28-10-2021 01:53:44.0722 AM
[ReportManager] Initial URL: [https://duckduckgo.com] @28-10-2021 01:53:44.0830 AM
[ReportManager] Browser Action [NavigateToURL] successfully performed. With the following test data [https://duckduckgo.com]. @28-10-2021 01:53:45.0405 AM
[ReportManager] Browser Action [CloseCurrentWindow] successfully performed. @28-10-2021 01:53:45.0514 AM
[ReportManager] Successfully created attachment [Browser Action Test Data - CloseCurrentWindow - Actual Value] @28-10-2021 01:53:45.0515 A
[ReportManager] File Action [GetAbsolutePath] successfully performed. With the following test data [Relative Folder Path: "target/downloadedFiles/"]. @28-10-2021 01:53:45.0517 AM
[ReportManager] Attempting to run remotely on: [Linux-64], [GoogleChrome], [http://localhost:4444/wd/hub], Headless Execution. @28-10-2021 01:53:45.0517 AM
[ReportManager] Successfully Opened [GoogleChrome]. @28-10-2021 01:53:49.0117 AM
[ReportManager] Target URL: [https://duckduckgo.com] @28-10-2021 01:53:49.0117 AM
[ReportManager] Initial URL: [data:,] @28-10-2021 01:53:49.0219 AM
[ReportManager] Browser Action [NavigateToURL] successfully performed. With the following test data [https://duckduckgo.com]. @28-10-2021 01:53:49.0709 A

################################################################################################################################################
Starting Execution:	[56 out of 143] test cases in the current suite
Test Method:		[unitTests.tests_browserActions.maximizeWindow]
################################################################################################################################################
[ReportManager] Initial window size: (800, 600) @28-10-2021 01:53:49.0725 AM
[ReportManager] Window size after Toolkit: (1920, 1080) @28-10-2021 01:53:49.0956 AM
[ReportManager] Browser Action [MaximizeWindow] successfully performed. With the following test data [New screen size is now: (1920, 1080)]. @28-10-2021 01:53:49.0965 A
[ReportManager] Target URL: [https://duckduckgo.com] @28-10-2021 01:53:49.0967 AM
[ReportManager] Initial URL: [https://duckduckgo.com] @28-10-2021 01:53:50.0048 AM
[ReportManager] Browser Action [NavigateToURL] successfully performed. With the following test data [https://duckduckgo.com]. @28-10-2021 01:53:50.0369 AM
[ReportManager] Browser Action [CloseCurrentWindow] successfully performed. @28-10-2021 01:53:50.0477 AM
[ReportManager] Successfully created attachment [Browser Action Test Data - CloseCurrentWindow - Actual Value] @28-10-2021 01:53:50.0478 A
[ReportManager] File Action [GetAbsolutePath] successfully performed. With the following test data [Relative Folder Path: "target/downloadedFiles/"]. @28-10-2021 01:53:50.0480 AM
[ReportManager] Attempting to run remotely on: [Linux-64], [GoogleChrome], [http://localhost:4444/wd/hub], Headless Execution. @28-10-2021 01:53:50.0480 AM
[ReportManager] Successfully Opened [GoogleChrome]. @28-10-2021 01:53:54.0116 AM
[ReportManager] Target URL: [https://duckduckgo.com] @28-10-2021 01:53:54.0116 AM
[ReportManager] Initial URL: [data:,] @28-10-2021 01:53:54.0185 AM
[ReportManager] Browser Action [NavigateToURL] successfully performed. With the following test data [https://duckduckgo.com]. @28-10-2021 01:53:54.0746 A

################################################################################################################################################
Starting Execution:	[57 out of 143] test cases in the current suite
Test Method:		[unitTests.tests_browserActions.navigateBack]
################################################################################################################################################
[ReportManager] Target URL: [https://www.google.com/ncr], and after redirection: [https://www.google.com] @28-10-2021 01:53:54.0758 AM
[ReportManager] Initial URL: [https://duckduckgo.com] @28-10-2021 01:53:55.0027 AM
[ReportManager] Browser Action [NavigateToURL] successfully performed. With the following test data [https://www.google.com/ncr]. @28-10-2021 01:53:55.0723 AM
[ReportManager] Browser Action [NavigateBack] successfully performed. With the following test data [https://duckduckgo.com/]. @28-10-2021 01:53:56.0111 AM
[ReportManager] Browser Action [GetCurrentURL] successfully performed. With the following test data [https://duckduckgo.com/]. @28-10-2021 01:53:56.0200 AM
[ReportManager] Assertion Passed: Confirming that navigating back was successful @28-10-2021 01:53:56.0347 AM
[ReportManager] Successfully created attachment [Screenshot - 1635386036279_navigateBack_ValidateBrowserAttribute_passed] @28-10-2021 01:53:56.0348 AM
[ReportManager] Assertion [ValidateBrowserAttribute] PASSED. Expected [Value Should be 'https://duckduckgo.com' for the 'CurrentUrl' attribute] and Actual [https://duckduckgo.com/]. Comparison Type [CONTAINS]. Validation Type [POSITIVE]. @28-10-2021 01:53:56.0348 A
[ReportManager] Target URL: [https://duckduckgo.com] @28-10-2021 01:53:56.0363 AM
[ReportManager] Initial URL: [https://duckduckgo.com] @28-10-2021 01:53:56.0412 AM
[ReportManager] Browser Action [NavigateToURL] successfully performed. With the following test data [https://duckduckgo.com]. @28-10-2021 01:53:56.0789 AM
[ReportManager] Browser Action [CloseCurrentWindow] successfully performed. @28-10-2021 01:53:56.0915 AM
[ReportManager] Successfully created attachment [Browser Action Test Data - CloseCurrentWindow - Actual Value] @28-10-2021 01:53:56.0915 A
[ReportManager] File Action [GetAbsolutePath] successfully performed. With the following test data [Relative Folder Path: "target/downloadedFiles/"]. @28-10-2021 01:53:56.0919 AM
[ReportManager] Attempting to run remotely on: [Linux-64], [GoogleChrome], [http://localhost:4444/wd/hub], Headless Execution. @28-10-2021 01:53:56.0920 AM
[ReportManager] Successfully Opened [GoogleChrome]. @28-10-2021 01:53:59.0119 AM
[ReportManager] Target URL: [https://duckduckgo.com] @28-10-2021 01:53:59.0119 AM
[ReportManager] Initial URL: [data:,] @28-10-2021 01:53:59.0161 AM
[ReportManager] Browser Action [NavigateToURL] successfully performed. With the following test data [https://duckduckgo.com]. @28-10-2021 01:53:59.0687 A

################################################################################################################################################
Starting Execution:	[58 out of 143] test cases in the current suite
Test Method:		[unitTests.tests_browserActions.navigateForward]
################################################################################################################################################
[ReportManager] Target URL: [https://www.google.com/ncr], and after redirection: [https://www.google.com] @28-10-2021 01:53:59.0690 AM
[ReportManager] Initial URL: [https://duckduckgo.com] @28-10-2021 01:53:59.0763 AM
[ReportManager] Browser Action [NavigateToURL] successfully performed. With the following test data [https://www.google.com/ncr]. @28-10-2021 01:54:00.0458 AM
[ReportManager] Browser Action [NavigateBack] successfully performed. With the following test data [https://duckduckgo.com/]. @28-10-2021 01:54:00.0825 AM
[ReportManager] Browser Action [NavigateForward] successfully performed. With the following test data [https://www.google.com/]. @28-10-2021 01:54:01.0238 A
[ReportManager] Target URL: [https://duckduckgo.com] @28-10-2021 01:54:01.0242 AM
[ReportManager] Initial URL: [https://www.google.com] @28-10-2021 01:54:01.0322 AM
[ReportManager] Browser Action [NavigateToURL] successfully performed. With the following test data [https://duckduckgo.com]. @28-10-2021 01:54:01.0799 AM
[ReportManager] Browser Action [CloseCurrentWindow] successfully performed. @28-10-2021 01:54:01.0917 AM
[ReportManager] Successfully created attachment [Browser Action Test Data - CloseCurrentWindow - Actual Value] @28-10-2021 01:54:01.0917 A
[ReportManager] File Action [GetAbsolutePath] successfully performed. With the following test data [Relative Folder Path: "target/downloadedFiles/"]. @28-10-2021 01:54:01.0919 AM
[ReportManager] Attempting to run remotely on: [Linux-64], [GoogleChrome], [http://localhost:4444/wd/hub], Headless Execution. @28-10-2021 01:54:01.0920 AM
[ReportManager] Successfully Opened [GoogleChrome]. @28-10-2021 01:54:04.0138 AM
[ReportManager] Target URL: [https://duckduckgo.com] @28-10-2021 01:54:04.0138 AM
[ReportManager] Initial URL: [data:,] @28-10-2021 01:54:04.0196 AM
[ReportManager] Browser Action [NavigateToURL] successfully performed. With the following test data [https://duckduckgo.com]. @28-10-2021 01:54:04.0760 A

################################################################################################################################################
Starting Execution:	[59 out of 143] test cases in the current suite
Test Method:		[unitTests.tests_browserActions.navigateToURL]
################################################################################################################################################
[ReportManager] Target URL: [https://duckduckgo.com] @28-10-2021 01:54:04.0770 AM
[ReportManager] Initial URL: [https://duckduckgo.com] @28-10-2021 01:54:04.0832 AM
[ReportManager] Browser Action [NavigateToURL] successfully performed. With the following test data [https://duckduckgo.com]. @28-10-2021 01:54:05.0188 A
[ReportManager] Target URL: [https://duckduckgo.com] @28-10-2021 01:54:05.0190 AM
[ReportManager] Initial URL: [https://duckduckgo.com] @28-10-2021 01:54:05.0277 AM
[ReportManager] Browser Action [NavigateToURL] successfully performed. With the following test data [https://duckduckgo.com]. @28-10-2021 01:54:05.0620 AM
[ReportManager] Browser Action [CloseCurrentWindow] successfully performed. @28-10-2021 01:54:05.0768 AM
[ReportManager] Successfully created attachment [Browser Action Test Data - CloseCurrentWindow - Actual Value] @28-10-2021 01:54:05.0768 A
[ReportManager] File Action [GetAbsolutePath] successfully performed. With the following test data [Relative Folder Path: "target/downloadedFiles/"]. @28-10-2021 01:54:05.0770 AM
[ReportManager] Attempting to run remotely on: [Linux-64], [GoogleChrome], [http://localhost:4444/wd/hub], Headless Execution. @28-10-2021 01:54:05.0770 AM
[ReportManager] Successfully Opened [GoogleChrome]. @28-10-2021 01:54:09.0141 AM
[ReportManager] Target URL: [https://duckduckgo.com] @28-10-2021 01:54:09.0141 AM
[ReportManager] Initial URL: [data:,] @28-10-2021 01:54:09.0202 AM
[ReportManager] Browser Action [NavigateToURL] successfully performed. With the following test data [https://duckduckgo.com]. @28-10-2021 01:54:09.0720 A

################################################################################################################################################
Starting Execution:	[60 out of 143] test cases in the current suite
Test Method:		[unitTests.tests_browserActions.navigateToURLWithRedirection]
################################################################################################################################################
[ReportManager] Target URL: [https://www.google.com/ncr], and after redirection: [https://www.google.com] @28-10-2021 01:54:09.0724 AM
[ReportManager] Initial URL: [https://duckduckgo.com] @28-10-2021 01:54:09.0826 AM
[ReportManager] Browser Action [NavigateToURL] successfully performed. With the following test data [https://www.google.com/ncr]. @28-10-2021 01:54:10.0560 A
[ReportManager] Target URL: [https://duckduckgo.com] @28-10-2021 01:54:10.0564 AM
[ReportManager] Initial URL: [https://www.google.com] @28-10-2021 01:54:10.0642 AM
[ReportManager] Browser Action [NavigateToURL] successfully performed. With the following test data [https://duckduckgo.com]. @28-10-2021 01:54:11.0085 AM
[ReportManager] Browser Action [CloseCurrentWindow] successfully performed. @28-10-2021 01:54:11.0216 AM
[ReportManager] Successfully created attachment [Browser Action Test Data - CloseCurrentWindow - Actual Value] @28-10-2021 01:54:11.0217 A
[ReportManager] File Action [GetAbsolutePath] successfully performed. With the following test data [Relative Folder Path: "target/downloadedFiles/"]. @28-10-2021 01:54:11.0220 AM
[ReportManager] Attempting to run remotely on: [Linux-64], [GoogleChrome], [http://localhost:4444/wd/hub], Headless Execution. @28-10-2021 01:54:11.0220 AM
[ReportManager] Successfully Opened [GoogleChrome]. @28-10-2021 01:54:14.0128 AM
[ReportManager] Target URL: [https://duckduckgo.com] @28-10-2021 01:54:14.0128 AM
[ReportManager] Initial URL: [data:,] @28-10-2021 01:54:14.0174 AM
[ReportManager] Browser Action [NavigateToURL] successfully performed. With the following test data [https://duckduckgo.com]. @28-10-2021 01:54:14.0697 A

################################################################################################################################################
Starting Execution:	[61 out of 143] test cases in the current suite
Test Method:		[unitTests.tests_browserActions.refreshCurrentPage]
################################################################################################################################################
[ReportManager] Browser Action [RefreshCurrentPage] successfully performed. @28-10-2021 01:54:14.0917 AM
[ReportManager] Successfully created attachment [Browser Action Test Data - RefreshCurrentPage - Actual Value] @28-10-2021 01:54:14.0918 A
[ReportManager] Target URL: [https://duckduckgo.com] @28-10-2021 01:54:14.0927 AM
[ReportManager] Initial URL: [https://duckduckgo.com] @28-10-2021 01:54:14.0981 AM
[ReportManager] Browser Action [NavigateToURL] successfully performed. With the following test data [https://duckduckgo.com]. @28-10-2021 01:54:15.0289 AM
[ReportManager] Browser Action [CloseCurrentWindow] successfully performed. @28-10-2021 01:54:15.0461 AM
[ReportManager] Successfully created attachment [Browser Action Test Data - CloseCurrentWindow - Actual Value] @28-10-2021 01:54:15.0462 A
[ReportManager] File Action [GetAbsolutePath] successfully performed. With the following test data [Relative Folder Path: "target/downloadedFiles/"]. @28-10-2021 01:54:15.0464 AM
[ReportManager] Attempting to run remotely on: [Linux-64], [GoogleChrome], [http://localhost:4444/wd/hub], Headless Execution. @28-10-2021 01:54:15.0464 AM
[ReportManager] Successfully Opened [GoogleChrome]. @28-10-2021 01:54:19.0130 AM
[ReportManager] Target URL: [https://duckduckgo.com] @28-10-2021 01:54:19.0131 AM
[ReportManager] Initial URL: [data:,] @28-10-2021 01:54:19.0170 AM
[ReportManager] Browser Action [NavigateToURL] successfully performed. With the following test data [https://duckduckgo.com]. @28-10-2021 01:54:19.0698 A

################################################################################################################################################
Starting Execution:	[62 out of 143] test cases in the current suite
Test Method:		[unitTests.tests_browserActions.setWindowSize]
################################################################################################################################################
[ReportManager] Initial window size: (800, 600) @28-10-2021 01:54:19.0722 AM
[ReportManager] Window size after SWD: (1280, 720) @28-10-2021 01:54:19.0962 AM
[ReportManager] Browser Action [SetWindowSize] successfully performed. With the following test data [New screen size is now: (1280, 720)]. @28-10-2021 01:54:19.0962 A
[ReportManager] Target URL: [https://duckduckgo.com] @28-10-2021 01:54:19.0964 AM
[ReportManager] Initial URL: [https://duckduckgo.com] @28-10-2021 01:54:20.0021 AM
[ReportManager] Browser Action [NavigateToURL] successfully performed. With the following test data [https://duckduckgo.com]. @28-10-2021 01:54:20.0377 AM
[ReportManager] Browser Action [CloseCurrentWindow] successfully performed. @28-10-2021 01:54:20.0512 AM
[ReportManager] Successfully created attachment [Browser Action Test Data - CloseCurrentWindow - Actual Value] @28-10-2021 01:54:20.0512 A
[ReportManager] File Action [GetAbsolutePath] successfully performed. With the following test data [Relative Folder Path: "target/downloadedFiles/"]. @28-10-2021 01:54:20.0516 AM
[ReportManager] Attempting to run remotely on: [Linux-64], [GoogleChrome], [http://localhost:4444/wd/hub], Headless Execution. @28-10-2021 01:54:20.0517 AM
[ReportManager] Successfully Opened [GoogleChrome]. @28-10-2021 01:54:24.0153 A

################################################################################################################################################
Starting Execution:	[63 out of 143] test cases in the current suite
Test Method:		[unitTests.tests_element_elementActions.waitForElementToBePresent_false_expectedToFail]
################################################################################################################################################
[ReportManager] Target URL: [https://www.google.com/ncr], and after redirection: [www.google.com] @28-10-2021 01:54:24.0158 AM
[ReportManager] Initial URL: [data:,] @28-10-2021 01:54:24.0215 AM
[ReportManager] Browser Action [NavigateToURL] successfully performed. With the following test data [https://www.google.com/ncr]. @28-10-2021 01:54:24.0953 AM
[ReportManager] Waiting for element to be present; elementLocator [By.xpath: //*[@id='hplogo' or @alt='Google']], numberOfTries[1], stateOfPresence[false]... @28-10-2021 01:54:24.0956 AM
[ReportManager] Element Action [WaitForElementToBePresent] failed. With the following test data [waited for the element's state of presence to be (false). Element locator (By.xpath: //*[@id='hplogo' or @alt='Google'])]. @28-10-2021 01:54:25.0174 AM
[ReportManager] Successfully created attachment [Screenshot - 1635386065112_waitForElementToBePresent_false_expectedToFail_WaitForElementToBePresent_failed] @28-10-2021 01:54:25.0175 A
[ReportManager] Browser Action [CloseCurrentWindow] successfully performed. @28-10-2021 01:54:25.0306 AM
[ReportManager] Successfully created attachment [Browser Action Test Data - CloseCurrentWindow - Actual Value] @28-10-2021 01:54:25.0307 A
[ReportManager] File Action [GetAbsolutePath] successfully performed. With the following test data [Relative Folder Path: "target/downloadedFiles/"]. @28-10-2021 01:54:25.0310 AM
[ReportManager] Attempting to run remotely on: [Linux-64], [GoogleChrome], [http://localhost:4444/wd/hub], Headless Execution. @28-10-2021 01:54:25.0310 AM
[ReportManager] Successfully Opened [GoogleChrome]. @28-10-2021 01:54:29.0149 A

################################################################################################################################################
Starting Execution:	[64 out of 143] test cases in the current suite
Test Method:		[unitTests.tests_element_elementActions.waitForElementToBePresent_false_expectedToPass]
################################################################################################################################################
[ReportManager] Target URL: [https://www.google.com/ncr], and after redirection: [www.google.com] @28-10-2021 01:54:29.0160 AM
[ReportManager] Initial URL: [data:,] @28-10-2021 01:54:29.0217 AM
[ReportManager] Browser Action [NavigateToURL] successfully performed. With the following test data [https://www.google.com/ncr]. @28-10-2021 01:54:30.0029 AM
[ReportManager] Waiting for element to be present; elementLocator [By.id: bla], numberOfTries[1], stateOfPresence[false]... @28-10-2021 01:54:30.0030 AM
[ReportManager] Element Action [WaitForElementToBePresent] successfully performed. With the following test data [waited for the element's state of presence to be (false). Element locator (By.id: bla)]. @28-10-2021 01:54:35.0189 A
[ReportManager] Browser Action [CloseCurrentWindow] successfully performed. @28-10-2021 01:54:35.0306 AM
[ReportManager] Successfully created attachment [Browser Action Test Data - CloseCurrentWindow - Actual Value] @28-10-2021 01:54:35.0307 A
[ReportManager] File Action [GetAbsolutePath] successfully performed. With the following test data [Relative Folder Path: "target/downloadedFiles/"]. @28-10-2021 01:54:35.0309 AM
[ReportManager] Attempting to run remotely on: [Linux-64], [GoogleChrome], [http://localhost:4444/wd/hub], Headless Execution. @28-10-2021 01:54:35.0309 AM
[ReportManager] Successfully Opened [GoogleChrome]. @28-10-2021 01:54:39.0157 A

################################################################################################################################################
Starting Execution:	[65 out of 143] test cases in the current suite
Test Method:		[unitTests.tests_element_elementActions.waitForElementToBePresent_moreThanOneElement_expectedToFail]
################################################################################################################################################
[ReportManager] Target URL: [https://www.google.com/ncr], and after redirection: [www.google.com] @28-10-2021 01:54:39.0166 AM
[ReportManager] Initial URL: [data:,] @28-10-2021 01:54:39.0238 AM
[ReportManager] Browser Action [NavigateToURL] successfully performed. With the following test data [https://www.google.com/ncr]. @28-10-2021 01:54:40.0072 AM
[ReportManager] Waiting for element to be present; elementLocator [By.xpath: //*], numberOfTries[1], stateOfPresence[false]... @28-10-2021 01:54:40.0072 AM
[ReportManager] Element Action [WaitForElementToBePresent] failed. With the following test data [waited for the element's state of presence to be (false). Element locator (By.xpath: //*)]. @28-10-2021 01:54:40.0271 AM
[ReportManager] Successfully created attachment [Screenshot - 1635386080211_waitForElementToBePresent_moreThanOneElement_expectedToFail_WaitForElementToBePresent_failed] @28-10-2021 01:54:40.0272 A
[ReportManager] Browser Action [CloseCurrentWindow] successfully performed. @28-10-2021 01:54:40.0416 AM
[ReportManager] Successfully created attachment [Browser Action Test Data - CloseCurrentWindow - Actual Value] @28-10-2021 01:54:40.0417 A
[ReportManager] File Action [GetAbsolutePath] successfully performed. With the following test data [Relative Folder Path: "target/downloadedFiles/"]. @28-10-2021 01:54:40.0420 AM
[ReportManager] Attempting to run remotely on: [Linux-64], [GoogleChrome], [http://localhost:4444/wd/hub], Headless Execution. @28-10-2021 01:54:40.0420 AM
[ReportManager] Successfully Opened [GoogleChrome]. @28-10-2021 01:54:44.0137 A

################################################################################################################################################
Starting Execution:	[66 out of 143] test cases in the current suite
Test Method:		[unitTests.tests_element_elementActions.waitForElementToBePresent_true_expectedToFail]
################################################################################################################################################
[ReportManager] Target URL: [https://www.google.com/ncr], and after redirection: [www.google.com] @28-10-2021 01:54:44.0139 AM
[ReportManager] Initial URL: [data:,] @28-10-2021 01:54:44.0186 AM
[ReportManager] Browser Action [NavigateToURL] successfully performed. With the following test data [https://www.google.com/ncr]. @28-10-2021 01:54:44.0942 AM
[ReportManager] Waiting for element to be present; elementLocator [By.id: bla], numberOfTries[1], stateOfPresence[true]... @28-10-2021 01:54:44.0942 AM
[ReportManager] Element Action [WaitForElementToBePresent] failed. With the following test data [waited for the element's state of presence to be (true). Element locator (By.id: bla)]. @28-10-2021 01:54:50.0189 AM
[ReportManager] Successfully created attachment [Screenshot - 1635386090120_waitForElementToBePresent_true_expectedToFail_WaitForElementToBePresent_failed] @28-10-2021 01:54:50.0190 A
[ReportManager] Browser Action [CloseCurrentWindow] successfully performed. @28-10-2021 01:54:50.0323 AM
[ReportManager] Successfully created attachment [Browser Action Test Data - CloseCurrentWindow - Actual Value] @28-10-2021 01:54:50.0323 A
[ReportManager] File Action [GetAbsolutePath] successfully performed. With the following test data [Relative Folder Path: "target/downloadedFiles/"]. @28-10-2021 01:54:50.0328 AM
[ReportManager] Attempting to run remotely on: [Linux-64], [GoogleChrome], [http://localhost:4444/wd/hub], Headless Execution. @28-10-2021 01:54:50.0328 AM
[ReportManager] Successfully Opened [GoogleChrome]. @28-10-2021 01:54:54.0130 A

################################################################################################################################################
Starting Execution:	[67 out of 143] test cases in the current suite
Test Method:		[unitTests.tests_element_elementActions.waitForElementToBePresent_true_expectedToPass]
################################################################################################################################################
[ReportManager] Target URL: [https://www.google.com/ncr], and after redirection: [www.google.com] @28-10-2021 01:54:54.0137 AM
[ReportManager] Initial URL: [data:,] @28-10-2021 01:54:54.0214 AM
[ReportManager] Browser Action [NavigateToURL] successfully performed. With the following test data [https://www.google.com/ncr]. @28-10-2021 01:54:54.0973 AM
[ReportManager] Waiting for element to be present; elementLocator [By.xpath: //*[@id='hplogo' or @alt='Google']], numberOfTries[1], stateOfPresence[true]... @28-10-2021 01:54:54.0973 AM
[ReportManager] Element Action [WaitForElementToBePresent] successfully performed. With the following test data [waited for the element's state of presence to be (true). Element locator (By.xpath: //*[@id='hplogo' or @alt='Google'])]. @28-10-2021 01:54:55.0032 AM
[ReportManager] File Action [DoesFileExist] successfully performed. With the following test data [File Path: "src/test/resources/DynamicObjectRepository/unitTests_tests_element_elementActions_waitForElementToBePresent_true_expectedToPass_By_xpath_id_hplogo_or_alt_Google.png"]. @28-10-2021 01:54:55.0035 AM
[ReportManager] File Action [DoesFileExist] successfully performed. With the following test data [File Path: "src/test/resources/DynamicObjectRepository/unitTests_tests_element_elementActions_waitForElementToBePresent_true_expectedToPass_By_xpath_id_hplogo_or_alt_Google.png"]. @28-10-2021 01:54:55.0208 AM
[ReportManager] Passing the test and saving a reference image @28-10-2021 01:54:55.0208 AM
[ReportManager] File Action [GetAbsolutePath] successfully performed. With the following test data [Relative File Path: "src/test/resources/DynamicObjectRepository/unitTests_tests_element_elementActions_waitForElementToBePresent_true_expectedToPass_By_xpath_id_hplogo_or_alt_Google.png"]. @28-10-2021 01:54:55.0208 AM
[ReportManager] File Action [WriteToFile] successfully performed. With the following test data [Target File Path: "/home/runner/work/SHAFT_ENGINE/SHAFT_ENGINE/src/test/resources/DynamicObjectRepository/unitTests_tests_element_elementActions_waitForElementToBePresent_true_expectedToPass_By_xpath_id_hplogo_or_alt_Google.png"]. @28-10-2021 01:54:55.0210 AM
[ReportManager] Assertion Passed: Using Visual AI; OpenCV @28-10-2021 01:54:55.0210 AM
[ReportManager] Successfully created attachment [Validation Test Data - Actual Screenshot] @28-10-2021 01:54:55.0210 AM
[ReportManager] Assertion [ValidateElementMatches] PASSED. Expected [Element should match the reference screenshot] and Actual [TRUE]. Comparison Type [EXACT_OPENCV]. Validation Type [POSITIVE]. @28-10-2021 01:54:55.0210 A
[ReportManager] Browser Action [CloseCurrentWindow] successfully performed. @28-10-2021 01:54:55.0350 AM
[ReportManager] Successfully created attachment [Browser Action Test Data - CloseCurrentWindow - Actual Value] @28-10-2021 01:54:55.0351 A
[ReportManager] Successfully loaded the following test data file [src/test/resources/TestDataFiles/testSuite01/TestData.xlsx]. @28-10-2021 01:54:56.0237 AM
[ReportManager] Successfully created attachment [Test Data - Excel] @28-10-2021 01:54:56.0237 A

################################################################################################################################################
Starting Execution:	[68 out of 143] test cases in the current suite
Test Method:		[unitTests.tests_io_excelFileManager.getCellData_rowName_expectedToPass]
################################################################################################################################################
[ReportManager] testRowData. @28-10-2021 01:54:56.0257 A

################################################################################################################################################
Starting Execution:	[69 out of 143] test cases in the current suite
Test Method:		[testPackage01.Test_testData.f]
################################################################################################################################################
[ReportManager] Successfully loaded the following test data file [src/test/resources/TestDataFiles/testSuite01/TestData.xlsx]. @28-10-2021 01:54:56.0313 AM
[ReportManager] Successfully created attachment [Test Data - Excel] @28-10-2021 01:54:56.0313 AM
[ReportManager] Last Column Number is: [3]. Zero-based. @28-10-2021 01:54:56.0315 A

################################################################################################################################################
Starting Execution:	[70 out of 143] test cases in the current suite
Test Method:		[testPackage01.Test_SkipDueToIssue.doNotSkip]
################################################################################################################################################
[ReportManager] This should not be skipped. @28-10-2021 01:54:56.0322 A

################################################################################################################################################
Starting Execution:	[71 out of 143] test cases in the current suite
Test Method:		[testPackage01.Test_SkipDueToIssue.skip]
################################################################################################################################################
[ReportManager] This should be skipped. @28-10-2021 01:54:56.0331 A

################################################################################################################################################
Starting Execution:	[72 out of 143] test cases in the current suite
Test Method:		[testPackage01.Test_SkipDueToIssue.skip2]
################################################################################################################################################
[ReportManager] This should be skipped. @28-10-2021 01:54:56.0339 A

################################################################################################################################################
Starting Execution:	[73 out of 143] test cases in the current suite
Test Method:		[testPackage01.Test_chainableElementActions.chainElementActions]
################################################################################################################################################
[ReportManager] File Action [GetAbsolutePath] successfully performed. With the following test data [Relative Folder Path: "target/downloadedFiles/"]. @28-10-2021 01:54:56.0345 AM
[ReportManager] Attempting to run remotely on: [Linux-64], [GoogleChrome], [http://localhost:4444/wd/hub], Headless Execution. @28-10-2021 01:54:56.0345 AM
[ReportManager] Successfully Opened [GoogleChrome]. @28-10-2021 01:54:59.0148 AM
[ReportManager] Target URL: [https://www.google.com/ncr], and after redirection: [https://www.google.com] @28-10-2021 01:54:59.0148 AM
[ReportManager] Initial URL: [data:,] @28-10-2021 01:54:59.0229 AM
[ReportManager] Browser Action [NavigateToURL] successfully performed. With the following test data [https://www.google.com/ncr]. @28-10-2021 01:55:00.0064 AM
[ReportManager] Element Action [Type] successfully performed. With the following test data [chained type 1]. @28-10-2021 01:55:00.0490 AM
[ReportManager] Element Action [Type] successfully performed. With the following test data [chained type 2]. @28-10-2021 01:55:00.0943 AM
[ReportManager] Element Action [TypeAppend] successfully performed. With the following test data [345]. @28-10-2021 01:55:01.0042 AM
[ReportManager] Element Action [GetText] successfully performed. With the following test data [chained type 2345]. @28-10-2021 01:55:01.0238 AM
[ReportManager] Loaded Shared OpenCV @28-10-2021 01:55:01.0363 AM
[ReportManager] Assertion [ValidateElementAttribute] PASSED. Expected [Value Should be 'chained type 2345' for the 'text' attribute, element locator 'By.name: q'] and Actual [chained type 2345]. Comparison Type [EQUALS]. Validation Type [POSITIVE]. @28-10-2021 01:55:01.0448 AM
[ReportManager] Successfully created attachment [Screenshot - 1635386101363_chainElementActions_ValidateElementAttribute_passed] @28-10-2021 01:55:01.0449 AM
[ReportManager] Browser Action [CloseCurrentWindow] successfully performed. @28-10-2021 01:55:01.0584 AM
[ReportManager] Successfully created attachment [Browser Action Test Data - CloseCurrentWindow - Actual Value] @28-10-2021 01:55:01.0585 A

################################################################################################################################################
Starting Execution:	[74 out of 143] test cases in the current suite
Test Method:		[testPackage01.Test_NewValidationHelper.f1]
################################################################################################################################################
[ReportManager] Assertion Passed: Checking valid user data @28-10-2021 01:55:01.0595 AM
[ReportManager] Successfully created attachment [Validation Test Data - Expected Value] @28-10-2021 01:55:01.0595 AM
[ReportManager] Successfully created attachment [Validation Test Data - Actual Value] @28-10-2021 01:55:01.0595 AM
[ReportManager] Assertion [ValidateEquals] PASSED. Expected and Actual values are attached. Comparison Type [EQUALS]. Validation Type [POSITIVE]. @28-10-2021 01:55:01.0595 A
[ReportManager] File Action [GetAbsolutePath] successfully performed. With the following test data [Relative Folder Path: "target/downloadedFiles/"]. @28-10-2021 01:55:01.0600 AM
[ReportManager] Attempting to run remotely on: [Linux-64], [GoogleChrome], [http://localhost:4444/wd/hub], Headless Execution. @28-10-2021 01:55:01.0600 AM
[ReportManager] Successfully Opened [GoogleChrome]. @28-10-2021 01:55:04.0139 AM
[ReportManager] Target URL: [https://the-internet.herokuapp.com/] @28-10-2021 01:55:04.0139 AM
[ReportManager] Initial URL: [data:,] @28-10-2021 01:55:04.0228 AM
[ReportManager] Browser Action [NavigateToURL] successfully performed. With the following test data [https://the-internet.herokuapp.com/]. @28-10-2021 01:55:04.0643 A

################################################################################################################################################
Starting Execution:	[75 out of 143] test cases in the current suite
Test Method:		[testPackage01.Test_NewValidationHelper.f10]
################################################################################################################################################
[ReportManager] Assertion [ValidateElementExists] FAILED. Expected [Element Should Exist, locator 'By.tagName: div'] and Actual [Element Exists but is not unique]. Comparison Type [EQUALS]. Validation Type [POSITIVE]. @28-10-2021 01:55:04.0910 AM
[ReportManager] Successfully created attachment [Screenshot - 1635386104846_f10_ValidateElementExists_failed] @28-10-2021 01:55:04.0911 A
[ReportManager] Successfully Closed All Drivers. @28-10-2021 01:55:05.0008 A
[ReportManager] File Action [GetAbsolutePath] successfully performed. With the following test data [Relative Folder Path: "target/downloadedFiles/"]. @28-10-2021 01:55:05.0010 AM
[ReportManager] Attempting to run remotely on: [Linux-64], [GoogleChrome], [http://localhost:4444/wd/hub], Headless Execution. @28-10-2021 01:55:05.0011 AM
[ReportManager] Successfully Opened [GoogleChrome]. @28-10-2021 01:55:09.0127 AM
[ReportManager] Target URL: [https://the-internet.herokuapp.com/] @28-10-2021 01:55:09.0127 AM
[ReportManager] Initial URL: [data:,] @28-10-2021 01:55:09.0168 AM
[ReportManager] Browser Action [NavigateToURL] successfully performed. With the following test data [https://the-internet.herokuapp.com/]. @28-10-2021 01:55:09.0570 A

################################################################################################################################################
Starting Execution:	[76 out of 143] test cases in the current suite
Test Method:		[testPackage01.Test_NewValidationHelper.f11]
################################################################################################################################################
[ReportManager] Assertion Passed: Checking that false tag doesn't exist @28-10-2021 01:55:19.0957 AM
[ReportManager] Successfully created attachment [Screenshot - 1635386119895_f11_ValidateElementExists_passed] @28-10-2021 01:55:19.0958 AM
[ReportManager] Assertion [ValidateElementExists] PASSED. Expected [Element Should not Exist, locator 'By.tagName: h3'] and Actual [Element Doesn't Exists]. Comparison Type [EQUALS]. Validation Type [NEGATIVE]. @28-10-2021 01:55:19.0958 A
[ReportManager] Successfully Closed All Drivers. @28-10-2021 01:55:20.0044 A
[ReportManager] File Action [GetAbsolutePath] successfully performed. With the following test data [Relative Folder Path: "target/downloadedFiles/"]. @28-10-2021 01:55:20.0046 AM
[ReportManager] Attempting to run remotely on: [Linux-64], [GoogleChrome], [http://localhost:4444/wd/hub], Headless Execution. @28-10-2021 01:55:20.0046 AM
[ReportManager] Successfully Opened [GoogleChrome]. @28-10-2021 01:55:24.0117 AM
[ReportManager] Target URL: [https://the-internet.herokuapp.com/] @28-10-2021 01:55:24.0118 AM
[ReportManager] Initial URL: [data:,] @28-10-2021 01:55:24.0179 AM
[ReportManager] Browser Action [NavigateToURL] successfully performed. With the following test data [https://the-internet.herokuapp.com/]. @28-10-2021 01:55:24.0566 A

################################################################################################################################################
Starting Execution:	[77 out of 143] test cases in the current suite
Test Method:		[testPackage01.Test_NewValidationHelper.f12]
################################################################################################################################################
[ReportManager] Loaded Shared OpenCV @28-10-2021 01:55:24.0793 AM
[ReportManager] Assertion [ValidateElementExists] FAILED. Expected [Element Should not Exist, locator 'By.tagName: h1'] and Actual [Element Exists]. Comparison Type [EQUALS]. Validation Type [NEGATIVE]. @28-10-2021 01:55:24.0868 AM
[ReportManager] Successfully created attachment [Screenshot - 1635386124793_f12_ValidateElementExists_failed] @28-10-2021 01:55:24.0870 A
[ReportManager] Successfully Closed All Drivers. @28-10-2021 01:55:24.0957 A
[ReportManager] File Action [GetAbsolutePath] successfully performed. With the following test data [Relative Folder Path: "target/downloadedFiles/"]. @28-10-2021 01:55:24.0960 AM
[ReportManager] Attempting to run remotely on: [Linux-64], [GoogleChrome], [http://localhost:4444/wd/hub], Headless Execution. @28-10-2021 01:55:24.0960 AM
[ReportManager] Successfully Opened [GoogleChrome]. @28-10-2021 01:55:29.0134 AM
[ReportManager] Target URL: [https://the-internet.herokuapp.com/] @28-10-2021 01:55:29.0135 AM
[ReportManager] Initial URL: [data:,] @28-10-2021 01:55:29.0188 AM
[ReportManager] Browser Action [NavigateToURL] successfully performed. With the following test data [https://the-internet.herokuapp.com/]. @28-10-2021 01:55:29.0652 A

################################################################################################################################################
Starting Execution:	[78 out of 143] test cases in the current suite
Test Method:		[testPackage01.Test_NewValidationHelper.f13]
################################################################################################################################################
[ReportManager] Assertion [ValidateElementExists] FAILED. Expected [Element Should not Exist, locator 'By.tagName: div'] and Actual [Element Exists but is not unique]. Comparison Type [EQUALS]. Validation Type [NEGATIVE]. @28-10-2021 01:55:29.0929 AM
[ReportManager] Successfully created attachment [Screenshot - 1635386129864_f13_ValidateElementExists_failed] @28-10-2021 01:55:29.0930 A
[ReportManager] Successfully Closed All Drivers. @28-10-2021 01:55:30.0020 A
[ReportManager] File Action [GetAbsolutePath] successfully performed. With the following test data [Relative Folder Path: "target/downloadedFiles/"]. @28-10-2021 01:55:30.0022 AM
[ReportManager] Attempting to run remotely on: [Linux-64], [GoogleChrome], [http://localhost:4444/wd/hub], Headless Execution. @28-10-2021 01:55:30.0022 AM
[ReportManager] Successfully Opened [GoogleChrome]. @28-10-2021 01:55:34.0129 AM
[ReportManager] Target URL: [https://the-internet.herokuapp.com/] @28-10-2021 01:55:34.0129 AM
[ReportManager] Initial URL: [data:,] @28-10-2021 01:55:34.0184 AM
[ReportManager] Browser Action [NavigateToURL] successfully performed. With the following test data [https://the-internet.herokuapp.com/]. @28-10-2021 01:55:34.0605 A

################################################################################################################################################
Starting Execution:	[79 out of 143] test cases in the current suite
Test Method:		[testPackage01.Test_NewValidationHelper.f14]
################################################################################################################################################
[ReportManager] Element Action [GetText] successfully performed. With the following test data [Welcome to the-internet]. @28-10-2021 01:55:34.0705 AM
[ReportManager] Loaded Shared OpenCV @28-10-2021 01:55:34.0860 AM
[ReportManager] Assertion Passed: Asserting that the header text is correct @28-10-2021 01:55:34.0935 AM
[ReportManager] Successfully created attachment [Screenshot - 1635386134860_f14_ValidateElementAttribute_passed] @28-10-2021 01:55:34.0936 AM
[ReportManager] Assertion [ValidateElementAttribute] PASSED. Expected [Value Should be 'Welcome to the-internet' for the 'text' attribute, element locator 'By.tagName: h1'] and Actual [Welcome to the-internet]. Comparison Type [EQUALS]. Validation Type [POSITIVE]. @28-10-2021 01:55:34.0936 A
[ReportManager] Successfully Closed All Drivers. @28-10-2021 01:55:35.0028 A
[ReportManager] File Action [GetAbsolutePath] successfully performed. With the following test data [Relative Folder Path: "target/downloadedFiles/"]. @28-10-2021 01:55:35.0030 AM
[ReportManager] Attempting to run remotely on: [Linux-64], [GoogleChrome], [http://localhost:4444/wd/hub], Headless Execution. @28-10-2021 01:55:35.0030 AM
[ReportManager] Successfully Opened [GoogleChrome]. @28-10-2021 01:55:39.0139 AM
[ReportManager] Target URL: [https://the-internet.herokuapp.com/] @28-10-2021 01:55:39.0139 AM
[ReportManager] Initial URL: [data:,] @28-10-2021 01:55:39.0189 AM
[ReportManager] Browser Action [NavigateToURL] successfully performed. With the following test data [https://the-internet.herokuapp.com/]. @28-10-2021 01:55:39.0642 A

################################################################################################################################################
Starting Execution:	[80 out of 143] test cases in the current suite
Test Method:		[testPackage01.Test_NewValidationHelper.f15]
################################################################################################################################################
[ReportManager] Element Action [GetText] successfully performed. With the following test data [Welcome to the-internet]. @28-10-2021 01:55:39.0731 AM
[ReportManager] Loaded Shared OpenCV @28-10-2021 01:55:39.0896 AM
[ReportManager] Assertion [ValidateElementAttribute] FAILED. Expected [Value Should not be 'Welcome' for the 'text' attribute, element locator 'By.tagName: h1'] and Actual [Welcome to the-internet]. Comparison Type [CONTAINS]. Validation Type [NEGATIVE]. @28-10-2021 01:55:39.0976 AM
[ReportManager] Successfully created attachment [Screenshot - 1635386139896_f15_ValidateElementAttribute_failed] @28-10-2021 01:55:39.0977 A
[ReportManager] Successfully Closed All Drivers. @28-10-2021 01:55:40.0070 A
[ReportManager] File Action [GetAbsolutePath] successfully performed. With the following test data [Relative Folder Path: "target/downloadedFiles/"]. @28-10-2021 01:55:40.0073 AM
[ReportManager] Attempting to run remotely on: [Linux-64], [GoogleChrome], [http://localhost:4444/wd/hub], Headless Execution. @28-10-2021 01:55:40.0073 AM
[ReportManager] Successfully Opened [GoogleChrome]. @28-10-2021 01:55:44.0121 AM
[ReportManager] Target URL: [https://the-internet.herokuapp.com/] @28-10-2021 01:55:44.0121 AM
[ReportManager] Initial URL: [data:,] @28-10-2021 01:55:44.0193 AM
[ReportManager] Browser Action [NavigateToURL] successfully performed. With the following test data [https://the-internet.herokuapp.com/]. @28-10-2021 01:55:44.0659 A

################################################################################################################################################
Starting Execution:	[81 out of 143] test cases in the current suite
Test Method:		[testPackage01.Test_NewValidationHelper.f16]
################################################################################################################################################
[ReportManager] Element Action [IdentifyUniqueElement] failed. With the following test data [zero elements found matching this locator "By.tagName: h3".]. @28-10-2021 01:56:10.0229 AM
[ReportManager] Successfully created attachment [Screenshot - 1635386170163_f16_IdentifyUniqueElement_failed] @28-10-2021 01:56:10.0230 AM
[ReportManager] Assertion [ValidateElementAttribute] FAILED. Expected [Value Should not be 'Welcome' for the 'text' attribute, element locator 'By.tagName: h3'] and Actual [Failed to read the desired element attribute]. Comparison Type [CONTAINS]. Validation Type [NEGATIVE]. @28-10-2021 01:56:10.0231 A
[ReportManager] Successfully Closed All Drivers. @28-10-2021 01:56:10.0321 A
[ReportManager] File Action [GetAbsolutePath] successfully performed. With the following test data [Relative Folder Path: "target/downloadedFiles/"]. @28-10-2021 01:56:10.0323 AM
[ReportManager] Attempting to run remotely on: [Linux-64], [GoogleChrome], [http://localhost:4444/wd/hub], Headless Execution. @28-10-2021 01:56:10.0323 AM
[ReportManager] Successfully Opened [GoogleChrome]. @28-10-2021 01:56:14.0126 AM
[ReportManager] Target URL: [https://the-internet.herokuapp.com/] @28-10-2021 01:56:14.0127 AM
[ReportManager] Initial URL: [data:,] @28-10-2021 01:56:14.0177 AM
[ReportManager] Browser Action [NavigateToURL] successfully performed. With the following test data [https://the-internet.herokuapp.com/]. @28-10-2021 01:56:14.0586 A

################################################################################################################################################
Starting Execution:	[82 out of 143] test cases in the current suite
Test Method:		[testPackage01.Test_NewValidationHelper.f17]
################################################################################################################################################
[ReportManager] Attempting to getAttribute [text2] from elementLocator [By.tagName: h1]. @28-10-2021 01:56:14.0589 AM
[ReportManager] Element Action [GetAttribute] successfully performed. @28-10-2021 01:56:14.0694 AM
[ReportManager] Loaded Shared OpenCV @28-10-2021 01:56:14.0811 AM
[ReportManager] Assertion [ValidateElementAttribute] PASSED. Expected [Value Should not be 'Welcome' for the 'text2' attribute, element locator 'By.tagName: h1'] and Actual [null]. Comparison Type [CONTAINS]. Validation Type [NEGATIVE]. @28-10-2021 01:56:14.0892 AM
[ReportManager] Successfully created attachment [Screenshot - 1635386174811_f17_ValidateElementAttribute_passed] @28-10-2021 01:56:14.0893 A
[ReportManager] Successfully Closed All Drivers. @28-10-2021 01:56:14.0986 A
[ReportManager] File Action [GetAbsolutePath] successfully performed. With the following test data [Relative Folder Path: "target/downloadedFiles/"]. @28-10-2021 01:56:14.0990 AM
[ReportManager] Attempting to run remotely on: [Linux-64], [GoogleChrome], [http://localhost:4444/wd/hub], Headless Execution. @28-10-2021 01:56:14.0991 AM
[ReportManager] Successfully Opened [GoogleChrome]. @28-10-2021 01:56:19.0137 AM
[ReportManager] Target URL: [https://the-internet.herokuapp.com/] @28-10-2021 01:56:19.0137 AM
[ReportManager] Initial URL: [data:,] @28-10-2021 01:56:19.0192 AM
[ReportManager] Browser Action [NavigateToURL] successfully performed. With the following test data [https://the-internet.herokuapp.com/]. @28-10-2021 01:56:19.0588 A

################################################################################################################################################
Starting Execution:	[83 out of 143] test cases in the current suite
Test Method:		[testPackage01.Test_NewValidationHelper.f18]
################################################################################################################################################
[ReportManager] Element Action [GetText] successfully performed. With the following test data [Welcome to the-internet]. @28-10-2021 01:56:19.0710 AM
[ReportManager] Loaded Shared OpenCV @28-10-2021 01:56:19.0845 AM
[ReportManager] Assertion [ValidateElementAttribute] PASSED. Expected [Value Should not be 'no' for the 'text' attribute, element locator 'By.tagName: h1'] and Actual [Welcome to the-internet]. Comparison Type [CONTAINS]. Validation Type [NEGATIVE]. @28-10-2021 01:56:19.0928 AM
[ReportManager] Successfully created attachment [Screenshot - 1635386179845_f18_ValidateElementAttribute_passed] @28-10-2021 01:56:19.0929 A
[ReportManager] Successfully Closed All Drivers. @28-10-2021 01:56:20.0025 A

################################################################################################################################################
Starting Execution:	[84 out of 143] test cases in the current suite
Test Method:		[testPackage01.Test_NewValidationHelper.f2]
################################################################################################################################################
[ReportManager] Assertion Failed: Checking valid user data @28-10-2021 01:56:20.0029 AM
[ReportManager] Assertion [ValidateEquals] FAILED. Expected [1] and Actual [2]. Comparison Type [EQUALS]. Validation Type [POSITIVE]. @28-10-2021 01:56:20.0030 A
[ReportManager] File Action [GetAbsolutePath] successfully performed. With the following test data [Relative Folder Path: "target/downloadedFiles/"]. @28-10-2021 01:56:20.0034 AM
[ReportManager] Attempting to run remotely on: [Linux-64], [GoogleChrome], [http://localhost:4444/wd/hub], Headless Execution. @28-10-2021 01:56:20.0034 AM
[ReportManager] Successfully Opened [GoogleChrome]. @28-10-2021 01:56:24.0129 AM
[ReportManager] Target URL: [https://the-internet.herokuapp.com/] @28-10-2021 01:56:24.0129 AM
[ReportManager] Initial URL: [data:,] @28-10-2021 01:56:24.0185 AM
[ReportManager] Browser Action [NavigateToURL] successfully performed. With the following test data [https://the-internet.herokuapp.com/]. @28-10-2021 01:56:24.0567 A

################################################################################################################################################
Starting Execution:	[85 out of 143] test cases in the current suite
Test Method:		[testPackage01.Test_NewValidationHelper.f20]
################################################################################################################################################
[ReportManager] Element Action [GetSize] successfully performed. With the following test data [(755, 61)]. @28-10-2021 01:56:24.0649 AM
[ReportManager] Loaded Shared OpenCV @28-10-2021 01:56:24.0795 AM
[ReportManager] Assertion [ValidateElementAttribute] PASSED. Expected [Value Should not be 'a' for the 'size' attribute, element locator 'By.tagName: h1'] and Actual [(755, 61)]. Comparison Type [CONTAINS]. Validation Type [NEGATIVE]. @28-10-2021 01:56:24.0887 AM
[ReportManager] Successfully created attachment [Screenshot - 1635386184795_f20_ValidateElementAttribute_passed] @28-10-2021 01:56:24.0888 A
[ReportManager] Successfully Closed All Drivers. @28-10-2021 01:56:24.0979 A
[ReportManager] File Action [GetAbsolutePath] successfully performed. With the following test data [Relative Folder Path: "target/downloadedFiles/"]. @28-10-2021 01:56:24.0981 AM
[ReportManager] Attempting to run remotely on: [Linux-64], [GoogleChrome], [http://localhost:4444/wd/hub], Headless Execution. @28-10-2021 01:56:24.0981 AM
[ReportManager] Successfully Opened [GoogleChrome]. @28-10-2021 01:56:29.0126 AM
[ReportManager] Target URL: [https://the-internet.herokuapp.com/] @28-10-2021 01:56:29.0127 AM
[ReportManager] Initial URL: [data:,] @28-10-2021 01:56:29.0172 AM
[ReportManager] Browser Action [NavigateToURL] successfully performed. With the following test data [https://the-internet.herokuapp.com/]. @28-10-2021 01:56:29.0612 A

################################################################################################################################################
Starting Execution:	[86 out of 143] test cases in the current suite
Test Method:		[testPackage01.Test_NewValidationHelper.f21]
################################################################################################################################################
[ReportManager] Element Action [IdentifyUniqueElement] failed. With the following test data [zero elements found matching this locator "By.tagName: h3".]. @28-10-2021 01:56:55.0174 AM
[ReportManager] Successfully created attachment [Screenshot - 1635386215111_f21_IdentifyUniqueElement_failed] @28-10-2021 01:56:55.0174 AM
[ReportManager] Assertion [ValidateElementAttribute] FAILED. Expected [Value Should be 'Welcome' for the 'text' attribute, element locator 'By.tagName: h3'] and Actual [Failed to read the desired element attribute]. Comparison Type [CONTAINS]. Validation Type [POSITIVE]. @28-10-2021 01:56:55.0175 A
[ReportManager] Successfully Closed All Drivers. @28-10-2021 01:56:55.0264 A
[ReportManager] File Action [GetAbsolutePath] successfully performed. With the following test data [Relative Folder Path: "target/downloadedFiles/"]. @28-10-2021 01:56:55.0266 AM
[ReportManager] Attempting to run remotely on: [Linux-64], [GoogleChrome], [http://localhost:4444/wd/hub], Headless Execution. @28-10-2021 01:56:55.0267 AM
[ReportManager] Successfully Opened [GoogleChrome]. @28-10-2021 01:56:59.0133 AM
[ReportManager] Target URL: [https://the-internet.herokuapp.com/] @28-10-2021 01:56:59.0134 AM
[ReportManager] Initial URL: [data:,] @28-10-2021 01:56:59.0222 AM
[ReportManager] Browser Action [NavigateToURL] successfully performed. With the following test data [https://the-internet.herokuapp.com/]. @28-10-2021 01:56:59.0668 A

################################################################################################################################################
Starting Execution:	[87 out of 143] test cases in the current suite
Test Method:		[testPackage01.Test_NewValidationHelper.f22]
################################################################################################################################################
[ReportManager] Element Action [GetText] successfully performed. With the following test data [Welcome to the-internet]. @28-10-2021 01:56:59.0787 AM
[ReportManager] Loaded Shared OpenCV @28-10-2021 01:56:59.0960 AM
[ReportManager] Assertion [ValidateElementAttribute] FAILED. Expected [Value Should be 'yyy' for the 'text' attribute, element locator 'By.tagName: h1'] and Actual [Welcome to the-internet]. Comparison Type [CONTAINS]. Validation Type [POSITIVE]. @28-10-2021 01:57:00.0039 AM
[ReportManager] Successfully created attachment [Screenshot - 1635386219960_f22_ValidateElementAttribute_failed] @28-10-2021 01:57:00.0040 A
[ReportManager] Successfully Closed All Drivers. @28-10-2021 01:57:00.0129 A

################################################################################################################################################
Starting Execution:	[88 out of 143] test cases in the current suite
Test Method:		[testPackage01.Test_NewValidationHelper.f23]
################################################################################################################################################
[ReportManager] Assertion Passed: confirming that the actual is greater than or equal to the expected @28-10-2021 01:57:00.0132 AM
[ReportManager] Assertion [ValidateComparativeRelation] PASSED. Expected [1] and Actual [1]. Comparison Type [GREATER_THAN_OR_EQUALS]. Validation Type [POSITIVE]. @28-10-2021 01:57:00.0132 A

################################################################################################################################################
Starting Execution:	[89 out of 143] test cases in the current suite
Test Method:		[testPackage01.Test_NewValidationHelper.f24]
################################################################################################################################################
[ReportManager] Assertion [ValidateComparativeRelation] PASSED. Expected [1] and Actual [10]. Comparison Type [GREATER_THAN_OR_EQUALS]. Validation Type [POSITIVE]. @28-10-2021 01:57:00.0135 A

################################################################################################################################################
Starting Execution:	[90 out of 143] test cases in the current suite
Test Method:		[testPackage01.Test_NewValidationHelper.f25]
################################################################################################################################################
[ReportManager] Assertion [ValidateComparativeRelation] PASSED. Expected [1] and Actual [1]. Comparison Type [EQUALS]. Validation Type [POSITIVE]. @28-10-2021 01:57:00.0141 A

################################################################################################################################################
Starting Execution:	[91 out of 143] test cases in the current suite
Test Method:		[testPackage01.Test_NewValidationHelper.f26]
################################################################################################################################################
[ReportManager] Assertion [ValidateComparativeRelation] PASSED. Expected [1] and Actual [5]. Comparison Type [GREATER_THAN]. Validation Type [POSITIVE]. @28-10-2021 01:57:00.0144 A

################################################################################################################################################
Starting Execution:	[92 out of 143] test cases in the current suite
Test Method:		[testPackage01.Test_NewValidationHelper.f27]
################################################################################################################################################
[ReportManager] Assertion [ValidateComparativeRelation] PASSED. Expected [11] and Actual [5]. Comparison Type [LESS_THAN]. Validation Type [POSITIVE]. @28-10-2021 01:57:00.0146 A

################################################################################################################################################
Starting Execution:	[93 out of 143] test cases in the current suite
Test Method:		[testPackage01.Test_NewValidationHelper.f28]
################################################################################################################################################
[ReportManager] Assertion [ValidateComparativeRelation] PASSED. Expected [11] and Actual [5]. Comparison Type [LESS_THAN_OR_EQUALS]. Validation Type [POSITIVE]. @28-10-2021 01:57:00.0148 A

################################################################################################################################################
Starting Execution:	[94 out of 143] test cases in the current suite
Test Method:		[testPackage01.Test_NewValidationHelper.f29]
################################################################################################################################################
[ReportManager] Assertion [ValidateComparativeRelation] PASSED. Expected [11] and Actual [11]. Comparison Type [LESS_THAN_OR_EQUALS]. Validation Type [POSITIVE]. @28-10-2021 01:57:00.0151 A

################################################################################################################################################
Starting Execution:	[95 out of 143] test cases in the current suite
Test Method:		[testPackage01.Test_NewValidationHelper.f3]
################################################################################################################################################
[ReportManager] Assertion [ValidateEquals] PASSED. Expected [1] and Actual [2]. Comparison Type [EQUALS]. Validation Type [NEGATIVE]. @28-10-2021 01:57:00.0153 A

################################################################################################################################################
Starting Execution:	[96 out of 143] test cases in the current suite
Test Method:		[testPackage01.Test_NewValidationHelper.f30]
################################################################################################################################################
[ReportManager] Assertion [ValidateComparativeRelation] FAILED. Expected [-9] and Actual [11]. Comparison Type [LESS_THAN_OR_EQUALS]. Validation Type [POSITIVE]. @28-10-2021 01:57:00.0156 A

################################################################################################################################################
Starting Execution:	[97 out of 143] test cases in the current suite
Test Method:		[testPackage01.Test_NewValidationHelper.f31]
################################################################################################################################################
[ReportManager] Assertion [ValidateTrue] PASSED. Expected [TRUE] and Actual [TRUE]. Validation Type [POSITIVE]. @28-10-2021 01:57:00.0158 A

################################################################################################################################################
Starting Execution:	[98 out of 143] test cases in the current suite
Test Method:		[testPackage01.Test_NewValidationHelper.f32]
################################################################################################################################################
[ReportManager] Assertion [ValidateTrue] PASSED. Expected [FALSE] and Actual [FALSE]. Validation Type [NEGATIVE]. @28-10-2021 01:57:00.0160 A

################################################################################################################################################
Starting Execution:	[99 out of 143] test cases in the current suite
Test Method:		[testPackage01.Test_NewValidationHelper.f33]
################################################################################################################################################
[ReportManager] Assertion [ValidateTrue] FAILED. Expected [FALSE] and Actual [TRUE]. Validation Type [NEGATIVE]. @28-10-2021 01:57:00.0163 A

################################################################################################################################################
Starting Execution:	[100 out of 143] test cases in the current suite
Test Method:		[testPackage01.Test_NewValidationHelper.f34]
################################################################################################################################################
[ReportManager] Assertion [ValidateTrue] FAILED. Expected [TRUE] and Actual [FALSE]. Validation Type [POSITIVE]. @28-10-2021 01:57:00.0166 A

################################################################################################################################################
Starting Execution:	[101 out of 143] test cases in the current suite
Test Method:		[testPackage01.Test_NewValidationHelper.f35]
################################################################################################################################################
[ReportManager] File Action [DoesFileExist] successfully performed. With the following test data [File Path: "pom.xml"]. @28-10-2021 01:57:00.0169 AM
[ReportManager] Assertion [ValidateFileExists] PASSED. Expected [File 'pom.xml' should exist, after up to '1' retries] and Actual [File exists]. Validation Type [POSITIVE]. @28-10-2021 01:57:00.0170 A

################################################################################################################################################
Starting Execution:	[102 out of 143] test cases in the current suite
Test Method:		[testPackage01.Test_NewValidationHelper.f36]
################################################################################################################################################
[ReportManager] File Action [DoesFileExist] successfully performed. With the following test data [File Path: "src/test/java/testPackage01/Test_NewValidationHelper.java"]. @28-10-2021 01:57:00.0172 AM
[ReportManager] Assertion [ValidateFileExists] PASSED. Expected [File 'src/test/java/testPackage01/Test_NewValidationHelper.java' should exist, after up to '1' retries] and Actual [File exists]. Validation Type [POSITIVE]. @28-10-2021 01:57:00.0172 A

################################################################################################################################################
Starting Execution:	[103 out of 143] test cases in the current suite
Test Method:		[testPackage01.Test_NewValidationHelper.f37]
################################################################################################################################################
[ReportManager] File Action [DoesFileExist] successfully performed. With the following test data [File Path: "pom.xml"]. @28-10-2021 01:57:00.0174 AM
[ReportManager] Assertion Failed: confirming that the file does't exist after 5 retries @28-10-2021 01:57:00.0174 AM
[ReportManager] Assertion [ValidateFileExists] FAILED. Expected [File 'pom.xml' should not exist, after up to '5' retries] and Actual [File exists]. Validation Type [NEGATIVE]. @28-10-2021 01:57:00.0174 A

################################################################################################################################################
Starting Execution:	[104 out of 143] test cases in the current suite
Test Method:		[testPackage01.Test_NewValidationHelper.f3_1]
################################################################################################################################################
[ReportManager] Assertion Passed: Checking valid user data @28-10-2021 01:57:00.0183 AM
[ReportManager] Assertion [ValidateEquals] PASSED. Expected [null] and Actual [null]. Comparison Type [EQUALS]. Validation Type [POSITIVE]. @28-10-2021 01:57:00.0183 A

################################################################################################################################################
Starting Execution:	[105 out of 143] test cases in the current suite
Test Method:		[testPackage01.Test_NewValidationHelper.f4]
################################################################################################################################################
[ReportManager] Assertion [ValidateEquals] PASSED. Expected [1] and Actual [123]. Comparison Type [CONTAINS]. Validation Type [POSITIVE]. @28-10-2021 01:57:00.0186 A

################################################################################################################################################
Starting Execution:	[106 out of 143] test cases in the current suite
Test Method:		[testPackage01.Test_NewValidationHelper.f5]
################################################################################################################################################
[ReportManager] Assertion [ValidateNull] PASSED. Expected [NULL] and Actual [1]. Comparison Type [EQUALS]. Validation Type [NEGATIVE]. @28-10-2021 01:57:00.0189 A

################################################################################################################################################
Starting Execution:	[107 out of 143] test cases in the current suite
Test Method:		[testPackage01.Test_NewValidationHelper.f6]
################################################################################################################################################
[ReportManager] Assertion Failed: Making sure that null string is not equal to null object @28-10-2021 01:57:00.0191 AM
[ReportManager] Assertion [ValidateNull] FAILED. Expected [NULL] and Actual [NULL]. Comparison Type [EQUALS]. Validation Type [POSITIVE]. @28-10-2021 01:57:00.0191 A

################################################################################################################################################
Starting Execution:	[108 out of 143] test cases in the current suite
Test Method:		[testPackage01.Test_NewValidationHelper.f6_1]
################################################################################################################################################
[ReportManager] Assertion [ValidateNull] FAILED. Expected [NULL] and Actual [NULL]. Comparison Type [EQUALS]. Validation Type [NEGATIVE]. @28-10-2021 01:57:00.0193 A

################################################################################################################################################
Starting Execution:	[109 out of 143] test cases in the current suite
Test Method:		[testPackage01.Test_NewValidationHelper.f6_2]
################################################################################################################################################
[ReportManager] Assertion Failed: Making sure that null string is not equal to null object @28-10-2021 01:57:00.0195 AM
[ReportManager] Assertion [ValidateNull] FAILED. Expected [NULL] and Actual [not null]. Comparison Type [EQUALS]. Validation Type [POSITIVE]. @28-10-2021 01:57:00.0195 A

################################################################################################################################################
Starting Execution:	[110 out of 143] test cases in the current suite
Test Method:		[testPackage01.Test_NewValidationHelper.f7]
################################################################################################################################################
[ReportManager] Assertion [ValidateNull] PASSED. Expected [NULL] and Actual [NULL]. Comparison Type [EQUALS]. Validation Type [POSITIVE]. @28-10-2021 01:57:00.0196 A
[ReportManager] File Action [GetAbsolutePath] successfully performed. With the following test data [Relative Folder Path: "target/downloadedFiles/"]. @28-10-2021 01:57:00.0198 AM
[ReportManager] Attempting to run remotely on: [Linux-64], [GoogleChrome], [http://localhost:4444/wd/hub], Headless Execution. @28-10-2021 01:57:00.0198 AM
[ReportManager] Successfully Opened [GoogleChrome]. @28-10-2021 01:57:04.0161 AM
[ReportManager] Target URL: [https://the-internet.herokuapp.com/] @28-10-2021 01:57:04.0161 AM
[ReportManager] Initial URL: [data:,] @28-10-2021 01:57:04.0238 AM
[ReportManager] Browser Action [NavigateToURL] successfully performed. With the following test data [https://the-internet.herokuapp.com/]. @28-10-2021 01:57:04.0627 A

################################################################################################################################################
Starting Execution:	[111 out of 143] test cases in the current suite
Test Method:		[testPackage01.Test_NewValidationHelper.f8]
################################################################################################################################################
[ReportManager] Loaded Shared OpenCV @28-10-2021 01:57:04.0862 AM
[ReportManager] Assertion [ValidateElementExists] PASSED. Expected [Element Should Exist, locator 'By.tagName: h1'] and Actual [Element Exists]. Comparison Type [EQUALS]. Validation Type [POSITIVE]. @28-10-2021 01:57:04.0945 AM
[ReportManager] Successfully created attachment [Screenshot - 1635386224862_f8_ValidateElementExists_passed] @28-10-2021 01:57:04.0946 A
[ReportManager] Successfully Closed All Drivers. @28-10-2021 01:57:05.0032 A
[ReportManager] File Action [GetAbsolutePath] successfully performed. With the following test data [Relative Folder Path: "target/downloadedFiles/"]. @28-10-2021 01:57:05.0034 AM
[ReportManager] Attempting to run remotely on: [Linux-64], [GoogleChrome], [http://localhost:4444/wd/hub], Headless Execution. @28-10-2021 01:57:05.0034 AM
[ReportManager] Successfully Opened [GoogleChrome]. @28-10-2021 01:57:09.0141 AM
[ReportManager] Target URL: [https://the-internet.herokuapp.com/] @28-10-2021 01:57:09.0142 AM
[ReportManager] Initial URL: [data:,] @28-10-2021 01:57:09.0219 AM
[ReportManager] Browser Action [NavigateToURL] successfully performed. With the following test data [https://the-internet.herokuapp.com/]. @28-10-2021 01:57:09.0693 A

################################################################################################################################################
Starting Execution:	[112 out of 143] test cases in the current suite
Test Method:		[testPackage01.Test_NewValidationHelper.f9]
################################################################################################################################################
[ReportManager] Assertion [ValidateElementExists] FAILED. Expected [Element Should Exist, locator 'By.tagName: h3'] and Actual [Element Doesn't Exists]. Comparison Type [EQUALS]. Validation Type [POSITIVE]. @28-10-2021 01:57:40.0380 AM
[ReportManager] Successfully created attachment [Screenshot - 1635386260315_f9_ValidateElementExists_failed] @28-10-2021 01:57:40.0381 A
[ReportManager] Successfully Closed All Drivers. @28-10-2021 01:57:40.0471 A

################################################################################################################################################
Starting Execution:	[113 out of 143] test cases in the current suite
Test Method:		[testPackage01.Test_NewValidationHelper.forceFail]
################################################################################################################################################
[ReportManager] Assertion [ValidateFail] FAILED. Successfully force failed the test. @28-10-2021 01:57:40.0474 A

################################################################################################################################################
Starting Execution:	[114 out of 143] test cases in the current suite
Test Method:		[testPackage01.Test_NewValidationHelper.forceFail2]
################################################################################################################################################
[ReportManager] Assertion Failed: Custom Message @28-10-2021 01:57:40.0477 AM
[ReportManager] Assertion [ValidateFail] FAILED. Successfully force failed the test. @28-10-2021 01:57:40.0477 A

################################################################################################################################################
Starting Execution:	[115 out of 143] test cases in the current suite
Test Method:		[testPackage01.Test_sendGraphqlRequest.sendGraphqlRequestUsingMutationAndVariables]
################################################################################################################################################
[ReportManager] GraphQl Request is being Performed with the Following Parameters [Service URL: https://api.spacex.land/graphql | Request Body: {"variables":"{\"name\": \"sherlock holmes\",\"rocket\": \"221B Baker Street\"}","query":"mutation ($name: String, $rocket: String) {\n  insert_users(objects: {name: $name, rocket: $rocket}) {\n    returning {\n      name\n      rocket\n    }\n  }\n}"}] @28-10-2021 01:57:40.0482 AM
[ReportManager] Response status code: [200], status line: [HTTP/1.1 200 OK] @28-10-2021 01:57:40.0805 AM
[ReportManager] Assertion Passed: Evaluating the actual response status code against the expected one... @28-10-2021 01:57:40.0805 AM
[ReportManager] Assertion [ValidateEquals] PASSED. Expected [200] and Actual [200]. Comparison Type [EQUALS]. Validation Type [POSITIVE]. @28-10-2021 01:57:40.0805 AM
[ReportManager] API Action [PerformRequest] successfully performed. With the following test data [Request Type: "POST" | Target Status Code: "200" | Service URL: "https://api.spacex.land/graphql" | Content Type: "application/json" | Response Time: "229ms"]. @28-10-2021 01:57:40.0820 AM
[ReportManager] Successfully created attachment [API Request - Specifications] @28-10-2021 01:57:40.0820 AM
[ReportManager] Successfully created attachment [API Request - JSON Body] @28-10-2021 01:57:40.0820 AM
[ReportManager] Successfully created attachment [API Response - JSON Body] @28-10-2021 01:57:40.0821 AM
[ReportManager] API Action [GetResponseJSONValue] successfully performed. With the following test data [data.insert_users.returning[0].name]. @28-10-2021 01:57:40.0881 AM
[ReportManager] Assertion [ValidateEquals] PASSED. Expected [sherlock holmes] and Actual [sherlock holmes]. Comparison Type [EQUALS]. Validation Type [POSITIVE]. @28-10-2021 01:57:40.0882 A

################################################################################################################################################
Starting Execution:	[116 out of 143] test cases in the current suite
Test Method:		[testPackage01.Test_sendGraphqlRequest.sendGraphqlRequestUsingQuery]
################################################################################################################################################
[ReportManager] GraphQl Request is being Performed with the Following Parameters [Service URL: https://api.spacex.land/graphql | Request Body: {"query":"{company {ceo}}"}] @28-10-2021 01:57:40.0885 AM
[ReportManager] Response status code: [200], status line: [HTTP/1.1 200 OK] @28-10-2021 01:57:40.0969 AM
[ReportManager] Assertion Passed: Evaluating the actual response status code against the expected one... @28-10-2021 01:57:40.0970 AM
[ReportManager] Assertion [ValidateEquals] PASSED. Expected [200] and Actual [200]. Comparison Type [EQUALS]. Validation Type [POSITIVE]. @28-10-2021 01:57:40.0970 AM
[ReportManager] API Action [PerformRequest] successfully performed. With the following test data [Request Type: "POST" | Target Status Code: "200" | Service URL: "https://api.spacex.land/graphql" | Content Type: "application/json" | Response Time: "78ms"]. @28-10-2021 01:57:40.0981 AM
[ReportManager] Successfully created attachment [API Request - Specifications] @28-10-2021 01:57:40.0981 AM
[ReportManager] Successfully created attachment [API Request - JSON Body] @28-10-2021 01:57:40.0982 AM
[ReportManager] Successfully created attachment [API Response - JSON Body] @28-10-2021 01:57:40.0982 AM
[ReportManager] API Action [GetResponseJSONValue] successfully performed. With the following test data [data.company.ceo]. @28-10-2021 01:57:40.0994 AM
[ReportManager] Assertion [ValidateEquals] PASSED. Expected [Elon Musk] and Actual [Elon Musk]. Comparison Type [EQUALS]. Validation Type [POSITIVE]. @28-10-2021 01:57:40.0994 A
[ReportManager] Successfully loaded the following test data file [src/test/resources/TestDataFiles/testSuite01/TestData.xlsx]. @28-10-2021 01:57:41.0043 AM
[ReportManager] Successfully created attachment [Test Data - Excel] @28-10-2021 01:57:41.0043 AM
[ReportManager] File Action [GetAbsolutePath] successfully performed. With the following test data [Relative Folder Path: "target/downloadedFiles/"]. @28-10-2021 01:57:41.0043 AM
[ReportManager] Attempting to run remotely on: [Linux-64], [GoogleChrome], [http://localhost:4444/wd/hub], Headless Execution. @28-10-2021 01:57:41.0043 AM
[ReportManager] Successfully Opened [GoogleChrome]. @28-10-2021 01:57:44.0151 A

################################################################################################################################################
Starting Execution:	[117 out of 143] test cases in the current suite
Test Method:		[testPackage01.Test_google.navigateToURLandVerifyGoogleLogoIsDisplayed]
Test Description:	[TC001 - Navigate to URL and Verify Google Logo is Displayed]
################################################################################################################################################
[ReportManager] Target URL: [https://www.google.com/ncr], and after redirection: [https://www.google.com] @28-10-2021 01:57:44.0156 AM
[ReportManager] Initial URL: [data:,] @28-10-2021 01:57:44.0255 AM
[ReportManager] Browser Action [NavigateToURL] successfully performed. With the following test data [https://www.google.com/ncr]. @28-10-2021 01:57:44.0985 AM
[ReportManager] Loaded Shared OpenCV @28-10-2021 01:57:45.0201 AM
[ReportManager] Assertion [ValidateElementExists] PASSED. Expected [Element Should Exist, locator 'By.xpath: //*[@id='hplogo' or @alt='Google']'] and Actual [Element Exists]. Comparison Type [EQUALS]. Validation Type [POSITIVE]. @28-10-2021 01:57:45.0273 AM
[ReportManager] Successfully created attachment [Screenshot - 1635386265201_navigateToURLandVerifyGoogleLogoIsDisplayed_ValidateElementExists_passed] @28-10-2021 01:57:45.0274 A

################################################################################################################################################
Starting Execution:	[118 out of 143] test cases in the current suite
Test Method:		[testPackage01.Test_google.searchForQueryandAssertResultsNumDisplayed]
Test Description:	[TC002 - Search for Query and Assert that the number of results is displayed]
################################################################################################################################################
[ReportManager] Element Action [Type] successfully performed. With the following test data [SHAFT_Engine]. @28-10-2021 01:57:45.0708 AM
[ReportManager] Element Action [KeyPress] successfully performed. With the following test data [Enter]. @28-10-2021 01:57:47.0100 AM
[ReportManager] Element Action [GetText] successfully performed. With the following test data [About 1,210,000 results (0.59 seconds) ]. @28-10-2021 01:57:47.0181 AM
[ReportManager] Loaded Shared OpenCV @28-10-2021 01:57:47.0346 AM
[ReportManager] Assertion [ValidateElementAttribute] PASSED. Expected [Value Should not be '' for the 'Text' attribute, element locator 'By.id: appbar'] and Actual [About 1,210,000 results (0.59 seconds) ]. Comparison Type [EQUALS]. Validation Type [NEGATIVE]. @28-10-2021 01:57:47.0433 AM
[ReportManager] Successfully created attachment [Screenshot - 1635386267346_searchForQueryandAssertResultsNumDisplayed_ValidateElementAttribute_passed] @28-10-2021 01:57:47.0434 A

################################################################################################################################################
Starting Execution:	[119 out of 143] test cases in the current suite
Test Method:		[testPackage01.Test_google.clickNextThrice]
Test Description:	[TC003 - Clicks the next button to make sure that the framework can scroll element into view before clicking it]
################################################################################################################################################
[ReportManager] Element Action [Click] successfully performed. With the following test data [Next]. @28-10-2021 01:57:49.0191 A
[ReportManager] Browser Action [CloseCurrentWindow] successfully performed. @28-10-2021 01:57:49.0375 AM
[ReportManager] Successfully created attachment [Browser Action Test Data - CloseCurrentWindow - Actual Value] @28-10-2021 01:57:49.0381 A
[ReportManager] File Action [GetAbsolutePath] successfully performed. With the following test data [Relative Folder Path: "target/downloadedFiles/"]. @28-10-2021 01:57:49.0383 AM
[ReportManager] Attempting to run remotely on: [Linux-64], [GoogleChrome], [http://localhost:4444/wd/hub], Headless Execution. @28-10-2021 01:57:49.0383 AM
[ReportManager] Successfully Opened [GoogleChrome]. @28-10-2021 01:57:54.0161 A

################################################################################################################################################
Starting Execution:	[120 out of 143] test cases in the current suite
Test Method:		[testPackage01.Test_ShadowDOM.shadowdom]
################################################################################################################################################
[ReportManager] Target URL: [https://mdn.github.io/web-components-examples/popup-info-box-web-component/] @28-10-2021 01:57:54.0167 AM
[ReportManager] Initial URL: [data:,] @28-10-2021 01:57:54.0265 AM
[ReportManager] Browser Action [NavigateToURL] successfully performed. With the following test data [https://mdn.github.io/web-components-examples/popup-info-box-web-component/]. @28-10-2021 01:57:54.0628 AM
[ReportManager] Element Action [Type] successfully performed. With the following test data [Typing into SHADOW DOM...]. @28-10-2021 01:57:54.0974 AM
[ReportManager] Element Action [GetText] successfully performed. With the following test data [Typing into SHADOW DOM...]. @28-10-2021 01:57:55.0136 AM
[ReportManager] Loaded Shared OpenCV @28-10-2021 01:57:55.0251 AM
[ReportManager] Assertion [ValidateElementAttribute] PASSED. Expected [Value Should be 'Typing into SHADOW DOM...' for the 'Text' attribute, element locator 'By.id: cvc'] and Actual [Typing into SHADOW DOM...]. Comparison Type [EQUALS]. Validation Type [POSITIVE]. @28-10-2021 01:57:55.0318 AM
[ReportManager] Successfully created attachment [Screenshot - 1635386275251_shadowdom_ValidateElementAttribute_passed] @28-10-2021 01:57:55.0318 A
[ReportManager] Browser Action [CloseCurrentWindow] successfully performed. @28-10-2021 01:57:55.0447 AM
[ReportManager] Successfully created attachment [Browser Action Test Data - CloseCurrentWindow - Actual Value] @28-10-2021 01:57:55.0447 A

################################################################################################################################################
Starting Execution:	[121 out of 143] test cases in the current suite
Test Method:		[testPackage01.Test_AssertApiResponseEquals.assertApiResponseEquals_expectedToPass]
################################################################################################################################################
[ReportManager] Response status code: [200], status line: [HTTP/1.1 200 OK] @28-10-2021 01:57:55.0535 AM
[ReportManager] Assertion Passed: Evaluating the actual response status code against the expected one... @28-10-2021 01:57:55.0535 AM
[ReportManager] Assertion [ValidateEquals] PASSED. Expected [200] and Actual [200]. Comparison Type [EQUALS]. Validation Type [POSITIVE]. @28-10-2021 01:57:55.0535 AM
[ReportManager] API Action [PerformRequest] successfully performed. With the following test data [Request Type: "GET" | Target Status Code: "200" | Service URL: "https://jsonplaceholder.typicode.com/users" | Content Type: "*/*" | Response Time: "79ms"]. @28-10-2021 01:57:55.0552 AM
[ReportManager] Successfully created attachment [API Request - Specifications] @28-10-2021 01:57:55.0552 AM
[ReportManager] Successfully created attachment [API Response - JSON Body] @28-10-2021 01:57:55.0553 AM
[ReportManager] API Action [GetResponseJSONValueAsList] successfully performed. With the following test data [$]. @28-10-2021 01:57:55.0557 AM
[ReportManager] API Action [GetResponseJSONValue] successfully performed. With the following test data [name]. @28-10-2021 01:57:55.0567 AM
[ReportManager] API Action [GetResponseJSONValue] successfully performed. With the following test data [email]. @28-10-2021 01:57:55.0576 AM
[ReportManager] Verification [ValidateEquals] PASSED. Expected [Sincere@april.biz] and Actual [Sincere@april.biz]. Comparison Type [EQUALS]. Validation Type [POSITIVE]. @28-10-2021 01:57:55.0577 AM
[ReportManager] API Action [GetResponseJSONValue] successfully performed. With the following test data [username]. @28-10-2021 01:57:55.0584 AM
[ReportManager] Assertion [ValidateEquals] PASSED. Expected [Bret] and Actual [Bret]. Comparison Type [EQUALS]. Validation Type [POSITIVE]. @28-10-2021 01:57:55.0585 AM
[ReportManager] API Action [GetResponseJSONValue] successfully performed. With the following test data [name]. @28-10-2021 01:57:55.0592 AM
[ReportManager] API Action [GetResponseJSONValue] successfully performed. With the following test data [name]. @28-10-2021 01:57:55.0600 AM
[ReportManager] API Action [GetResponseJSONValue] successfully performed. With the following test data [name]. @28-10-2021 01:57:55.0607 AM
[ReportManager] API Action [GetResponseJSONValue] successfully performed. With the following test data [name]. @28-10-2021 01:57:55.0614 AM
[ReportManager] API Action [GetResponseJSONValue] successfully performed. With the following test data [name]. @28-10-2021 01:57:55.0621 AM
[ReportManager] API Action [GetResponseJSONValue] successfully performed. With the following test data [name]. @28-10-2021 01:57:55.0643 AM
[ReportManager] API Action [GetResponseJSONValue] successfully performed. With the following test data [name]. @28-10-2021 01:57:55.0652 AM
[ReportManager] API Action [GetResponseJSONValue] successfully performed. With the following test data [name]. @28-10-2021 01:57:55.0659 AM
[ReportManager] API Action [GetResponseJSONValue] successfully performed. With the following test data [name]. @28-10-2021 01:57:55.0666 A
[ReportManager] File Action [GetAbsolutePath] successfully performed. With the following test data [Relative Folder Path: "target/downloadedFiles/"]. @28-10-2021 01:57:55.0678 AM
[ReportManager] Attempting to run remotely on: [Linux-64], [GoogleChrome], [http://localhost:4444/wd/hub], Headless Execution. @28-10-2021 01:57:55.0678 AM
[ReportManager] Successfully Opened [GoogleChrome]. @28-10-2021 01:57:59.0155 A

################################################################################################################################################
Starting Execution:	[122 out of 143] test cases in the current suite
Test Method:		[testPackage01.Test_IsElementClickable.testIsElementClickable]
################################################################################################################################################
[ReportManager] Target URL: [https://the-internet.herokuapp.com/] @28-10-2021 01:57:59.0157 AM
[ReportManager] Initial URL: [data:,] @28-10-2021 01:57:59.0217 AM
[ReportManager] Browser Action [NavigateToURL] successfully performed. With the following test data [https://the-internet.herokuapp.com/]. @28-10-2021 01:57:59.0666 AM
[ReportManager] Element Action [IsElementClickable] successfully performed. @28-10-2021 01:57:59.0837 AM
[ReportManager] Assertion [ValidateTrue] PASSED. Expected [TRUE] and Actual [TRUE]. Validation Type [POSITIVE]. @28-10-2021 01:57:59.0837 A
[ReportManager] Browser Action [CloseCurrentWindow] successfully performed. @28-10-2021 01:57:59.0958 AM
[ReportManager] Successfully created attachment [Browser Action Test Data - CloseCurrentWindow - Actual Value] @28-10-2021 01:57:59.0958 A

################################################################################################################################################
Starting Execution:	[123 out of 143] test cases in the current suite
Test Method:		[testPackage01.Test_JsonCompareWithSpecialCharacters.specialCharacters]
################################################################################################################################################
[ReportManager] File Action [GetAbsolutePath] successfully performed. With the following test data [Relative Folder Path: "src/test/resources/TestJsonFiles/specialCharacters.json"]. @28-10-2021 01:57:59.0964 AM
[ReportManager] File Action [ReadFromFile] successfully performed. With the following test data [File Path: "/home/runner/work/SHAFT_ENGINE/SHAFT_ENGINE/src/test/resources/TestJsonFiles/specialCharacters.json"]. @28-10-2021 01:57:59.0970 AM
[ReportManager] Successfully created attachment [File Action Actual Result - Command Log] @28-10-2021 01:57:59.0970 AM
[ReportManager] Comparing the provided API response with the file at this path "src/test/resources/TestJsonFiles/specialCharacters.json", comparison type "EQUALS" @28-10-2021 01:57:59.0971 AM
[ReportManager] API Action [CompareJSON] successfully performed. With the following test data [src/test/resources/TestJsonFiles/specialCharacters.json]. @28-10-2021 01:57:59.0977 AM
[ReportManager] File Action [GetAbsolutePath] successfully performed. With the following test data [Relative Folder Path: "src/test/resources/TestJsonFiles/specialCharacters.json"]. @28-10-2021 01:57:59.0977 AM
[ReportManager] File Action [ReadFromFile] successfully performed. With the following test data [File Path: "/home/runner/work/SHAFT_ENGINE/SHAFT_ENGINE/src/test/resources/TestJsonFiles/specialCharacters.json"]. @28-10-2021 01:57:59.0978 AM
[ReportManager] Verification [ValidateJSONFileContent] PASSED. Expected [Response data should match the JSON File in this path 'src/test/resources/TestJsonFiles/specialCharacters.json'] and Actual [TRUE]. Comparison Type [EQUALS]. Validation Type [POSITIVE]. @28-10-2021 01:57:59.0981 AM
[ReportManager] Successfully created attachment [Validation Test Data - Expected JSON Value] @28-10-2021 01:57:59.0982 AM
[ReportManager] Successfully created attachment [Validation Test Data - Actual JSON Value] @28-10-2021 01:57:59.0982 A

################################################################################################################################################
Starting Execution:	[124 out of 143] test cases in the current suite
Test Method:		[testPackage01.Test_JsonCompareWithSpecialCharacters.specialCharacters_assertion]
################################################################################################################################################
[ReportManager] File Action [GetAbsolutePath] successfully performed. With the following test data [Relative Folder Path: "src/test/resources/TestJsonFiles/specialCharacters.json"]. @28-10-2021 01:57:59.0990 AM
[ReportManager] File Action [ReadFromFile] successfully performed. With the following test data [File Path: "/home/runner/work/SHAFT_ENGINE/SHAFT_ENGINE/src/test/resources/TestJsonFiles/specialCharacters.json"]. @28-10-2021 01:57:59.0990 AM
[ReportManager] Successfully created attachment [File Action Actual Result - Command Log] @28-10-2021 01:57:59.0990 AM
[ReportManager] Comparing the provided API response with the file at this path "src/test/resources/TestJsonFiles/specialCharacters.json", comparison type "CONTAINS" @28-10-2021 01:57:59.0991 AM
[ReportManager] API Action [CompareJSON] successfully performed. With the following test data [src/test/resources/TestJsonFiles/specialCharacters.json]. @28-10-2021 01:58:00.0008 AM
[ReportManager] File Action [GetAbsolutePath] successfully performed. With the following test data [Relative Folder Path: "src/test/resources/TestJsonFiles/specialCharacters.json"]. @28-10-2021 01:58:00.0008 AM
[ReportManager] File Action [ReadFromFile] successfully performed. With the following test data [File Path: "/home/runner/work/SHAFT_ENGINE/SHAFT_ENGINE/src/test/resources/TestJsonFiles/specialCharacters.json"]. @28-10-2021 01:58:00.0008 AM
[ReportManager] Assertion Passed: trying out the log message @28-10-2021 01:58:00.0019 AM
[ReportManager] Successfully created attachment [Validation Test Data - Expected JSON Value] @28-10-2021 01:58:00.0020 AM
[ReportManager] Successfully created attachment [Validation Test Data - Actual JSON Value] @28-10-2021 01:58:00.0020 AM
[ReportManager] Assertion [ValidateJSONFileContent] PASSED. Expected [Response data should match the JSON File in this path 'src/test/resources/TestJsonFiles/specialCharacters.json'] and Actual [TRUE]. Comparison Type [CONTAINS]. Validation Type [POSITIVE]. @28-10-2021 01:58:00.0020 A
[ReportManager] File Action [GetAbsolutePath] successfully performed. With the following test data [Relative Folder Path: "target/downloadedFiles/"]. @28-10-2021 01:58:00.0033 AM
[ReportManager] Attempting to run remotely on: [Linux-64], [GoogleChrome], [http://localhost:4444/wd/hub], Headless Execution. @28-10-2021 01:58:00.0033 AM
[ReportManager] Successfully Opened [GoogleChrome]. @28-10-2021 01:58:04.0151 A

################################################################################################################################################
Starting Execution:	[125 out of 143] test cases in the current suite
Test Method:		[testPackage01.Test_assertEquals.test_assertElementAttribute]
################################################################################################################################################
[ReportManager] Target URL: [https://www.google.com/ncr], and after redirection: [https://www.google.com] @28-10-2021 01:58:04.0153 AM
[ReportManager] Initial URL: [data:,] @28-10-2021 01:58:04.0207 AM
[ReportManager] Browser Action [NavigateToURL] successfully performed. With the following test data [https://www.google.com/ncr]. @28-10-2021 01:58:04.0904 AM
[ReportManager] Element Action [Type] successfully performed. With the following test data [INC_004010050:Another SCHEDULER with the same name [Duplicate Job Name] already exists.]. @28-10-2021 01:58:05.0649 AM
[ReportManager] Element Action [GetText] successfully performed. With the following test data [INC_004010050:Another SCHEDULER with the same name [Duplicate Job Name] already exists.]. @28-10-2021 01:58:05.0782 AM
[ReportManager] Loaded Shared OpenCV @28-10-2021 01:58:05.0902 AM
[ReportManager] Assertion [ValidateElementAttribute] PASSED. Expected [Value Should be 'INC_004010050:Another SCHEDULER with the same name \[Duplicate Job Name\] already exists.' for the 'text' attribute, element locator 'By.name: q'] and Actual [INC_004010050:Another SCHEDULER with the same name [Duplicate Job Name] already exists.]. Comparison Type [MATCHES]. Validation Type [POSITIVE]. @28-10-2021 01:58:05.0976 AM
[ReportManager] Successfully created attachment [Screenshot - 1635386285902_test_assertElementAttribute_ValidateElementAttribute_passed] @28-10-2021 01:58:05.0977 A
[ReportManager] Browser Action [CloseCurrentWindow] successfully performed. @28-10-2021 01:58:06.0127 AM
[ReportManager] Successfully created attachment [Browser Action Test Data - CloseCurrentWindow - Actual Value] @28-10-2021 01:58:06.0127 A
[ReportManager] File Action [GetAbsolutePath] successfully performed. With the following test data [Relative Folder Path: "target/downloadedFiles/"]. @28-10-2021 01:58:06.0130 AM
[ReportManager] Attempting to run remotely on: [Linux-64], [GoogleChrome], [http://localhost:4444/wd/hub], Headless Execution. @28-10-2021 01:58:06.0130 AM
[ReportManager] Successfully Opened [GoogleChrome]. @28-10-2021 01:58:09.0143 A

################################################################################################################################################
Starting Execution:	[126 out of 143] test cases in the current suite
Test Method:		[testPackage01.Test_verifyEquals.test_assertElementAttribute]
################################################################################################################################################
[ReportManager] Target URL: [https://www.google.com/ncr], and after redirection: [https://www.google.com] @28-10-2021 01:58:09.0147 AM
[ReportManager] Initial URL: [data:,] @28-10-2021 01:58:09.0220 AM
[ReportManager] Browser Action [NavigateToURL] successfully performed. With the following test data [https://www.google.com/ncr]. @28-10-2021 01:58:09.0916 AM
[ReportManager] Element Action [Type] successfully performed. With the following test data [INC_004010050:Another SCHEDULER with the same name [Duplicate Job Name] already exists.]. @28-10-2021 01:58:10.0676 AM
[ReportManager] Element Action [GetText] successfully performed. With the following test data [INC_004010050:Another SCHEDULER with the same name [Duplicate Job Name] already exists.]. @28-10-2021 01:58:10.0811 AM
[ReportManager] Loaded Shared OpenCV @28-10-2021 01:58:10.0951 AM
[ReportManager] Verification [ValidateElementAttribute] PASSED. Expected [Value Should be 'INC_004010050:Another SCHEDULER with the same name \[Duplicate Job Name\] already exists.' for the 'text' attribute, element locator 'By.name: q'] and Actual [INC_004010050:Another SCHEDULER with the same name [Duplicate Job Name] already exists.]. Comparison Type [MATCHES]. Validation Type [POSITIVE]. @28-10-2021 01:58:11.0023 AM
[ReportManager] Successfully created attachment [Screenshot - 1635386290950_test_assertElementAttribute_ValidateElementAttribute_passed] @28-10-2021 01:58:11.0024 A
[ReportManager] Browser Action [CloseCurrentWindow] successfully performed. @28-10-2021 01:58:11.0167 AM
[ReportManager] Successfully created attachment [Browser Action Test Data - CloseCurrentWindow - Actual Value] @28-10-2021 01:58:11.0168 A

################################################################################################################################################
Starting Execution:	[127 out of 143] test cases in the current suite
Test Method:		[testPackage01.Test_JsonActions.f]
###############################################################################################################################################

################################################################################################################################################
Starting Execution:	[128 out of 143] test cases in the current suite
Test Method:		[testPackage01.Test_JsonActions.f2]
###############################################################################################################################################

################################################################################################################################################
Starting Execution:	[129 out of 143] test cases in the current suite
Test Method:		[testPackage01.Test_PDF.testPDF_Downloaded]
################################################################################################################################################
[ReportManager] File Action [DoesFileExist] successfully performed. With the following test data [File Path: "src/test/resources/TestDataFiles/sample.pdf"]. @28-10-2021 01:58:11.0207 AM
[ReportManager] File Action [GetAbsolutePath] successfully performed. With the following test data [Relative File Path: "src/test/resources/TestDataFiles/sample.pdf"]. @28-10-2021 01:58:11.0207 AM
[ReportManager] Assertion [ValidateTrue] PASSED. Expected [TRUE] and Actual [TRUE]. Validation Type [POSITIVE]. @28-10-2021 01:58:13.0643 A
[ReportManager] File Action [GetAbsolutePath] successfully performed. With the following test data [Relative Folder Path: "target/downloadedFiles/"]. @28-10-2021 01:58:13.0652 AM
[ReportManager] Attempting to run remotely on: [Linux-64], [GoogleChrome], [http://localhost:4444/wd/hub], Headless Execution. @28-10-2021 01:58:13.0652 AM
[ReportManager] Successfully Opened [GoogleChrome]. @28-10-2021 01:58:14.0143 A

################################################################################################################################################
Starting Execution:	[130 out of 143] test cases in the current suite
Test Method:		[testPackage01.Test_dragAndDrop.dragAndDropJquery]
################################################################################################################################################
[ReportManager] Target URL: [https://jqueryui.com/resources/demos/droppable/default.html] @28-10-2021 01:58:14.0145 AM
[ReportManager] Initial URL: [data:,] @28-10-2021 01:58:14.0214 AM
[ReportManager] Browser Action [NavigateToURL] successfully performed. With the following test data [https://jqueryui.com/resources/demos/droppable/default.html]. @28-10-2021 01:58:14.0574 AM
[ReportManager] Element Action [GetText] successfully performed. With the following test data [Drop here]. @28-10-2021 01:58:14.0684 AM
[ReportManager] Element Action [DragAndDrop] successfully performed. With the following test data [Start point: (8, 18), End point: (8, 18)]. @28-10-2021 01:58:16.0176 AM
[ReportManager] Element Action [GetText] successfully performed. With the following test data [Dropped!]. @28-10-2021 01:58:16.0271 AM
[ReportManager] Assertion Passed: Checking to see if the text has changed after performing drag and drop @28-10-2021 01:58:16.0271 AM
[ReportManager] Assertion [ValidateEquals] PASSED. Expected [Drop here] and Actual [Dropped!]. Comparison Type [EQUALS]. Validation Type [NEGATIVE]. @28-10-2021 01:58:16.0271 A
[ReportManager] Browser Action [CloseCurrentWindow] successfully performed. @28-10-2021 01:58:16.0431 AM
[ReportManager] Successfully created attachment [Browser Action Test Data - CloseCurrentWindow - Actual Value] @28-10-2021 01:58:16.0431 A
[ReportManager] File Action [GetAbsolutePath] successfully performed. With the following test data [Relative Folder Path: "target/downloadedFiles/"]. @28-10-2021 01:58:16.0433 AM
[ReportManager] Attempting to run remotely on: [Linux-64], [GoogleChrome], [http://localhost:4444/wd/hub], Headless Execution. @28-10-2021 01:58:16.0433 AM
[ReportManager] Successfully Opened [GoogleChrome]. @28-10-2021 01:58:19.0140 A

################################################################################################################################################
Starting Execution:	[131 out of 143] test cases in the current suite
Test Method:		[testPackage01.Test_dragAndDrop.dragAndDrop]
Test Description:	[TC001 - Test Drag and Drop function.]
################################################################################################################################################
[ReportManager] Target URL: [http://the-internet.herokuapp.com/drag_and_drop] @28-10-2021 01:58:19.0147 AM
[ReportManager] Initial URL: [data:,] @28-10-2021 01:58:19.0193 AM
[ReportManager] Browser Action [NavigateToURL] successfully performed. With the following test data [http://the-internet.herokuapp.com/drag_and_drop]. @28-10-2021 01:58:19.0594 AM
[ReportManager] Attempting Drag and Drop @28-10-2021 01:58:19.0595 AM
[ReportManager] Element Action [DragAndDrop] successfully performed. With the following test data [Start point: (32, 89), End point: (247, 89)]. @28-10-2021 01:58:20.0851 A
[ReportManager] Browser Action [CloseCurrentWindow] successfully performed. @28-10-2021 01:58:20.0970 AM
[ReportManager] Successfully created attachment [Browser Action Test Data - CloseCurrentWindow - Actual Value] @28-10-2021 01:58:20.0970 A
[ReportManager] File Action [GetAbsolutePath] successfully performed. With the following test data [Relative Folder Path: "target/downloadedFiles/"]. @28-10-2021 01:58:20.0972 AM
[ReportManager] Attempting to run remotely on: [Linux-64], [GoogleChrome], [http://localhost:4444/wd/hub], Headless Execution. @28-10-2021 01:58:20.0972 AM
[ReportManager] Successfully Opened [GoogleChrome]. @28-10-2021 01:58:24.0149 A

################################################################################################################################################
Starting Execution:	[132 out of 143] test cases in the current suite
Test Method:		[testPackage01.Test_dragAndDrop.dragAndDropByOffset]
Test Description:	[TC002 - Test Drag and Drop by offset function.]
################################################################################################################################################
[ReportManager] Target URL: [https://jqueryui.com/resources/demos/draggable/default.html] @28-10-2021 01:58:24.0155 AM
[ReportManager] Initial URL: [data:,] @28-10-2021 01:58:24.0209 AM
[ReportManager] Browser Action [NavigateToURL] successfully performed. With the following test data [https://jqueryui.com/resources/demos/draggable/default.html]. @28-10-2021 01:58:24.0554 AM
[ReportManager] Element Action [DragAndDropByOffset] successfully performed. With the following test data [Start point: (8, 8), End point: (108, 58)]. @28-10-2021 01:58:25.0082 A
[ReportManager] Browser Action [CloseCurrentWindow] successfully performed. @28-10-2021 01:58:25.0185 AM
[ReportManager] Successfully created attachment [Browser Action Test Data - CloseCurrentWindow - Actual Value] @28-10-2021 01:58:25.0185 A
[ReportManager] File Action [GetAbsolutePath] successfully performed. With the following test data [Relative Folder Path: "target/downloadedFiles/"]. @28-10-2021 01:58:25.0187 AM
[ReportManager] Attempting to run remotely on: [Linux-64], [GoogleChrome], [http://localhost:4444/wd/hub], Headless Execution. @28-10-2021 01:58:25.0187 AM
[ReportManager] Successfully Opened [GoogleChrome]. @28-10-2021 01:58:29.0179 A

################################################################################################################################################
Starting Execution:	[133 out of 143] test cases in the current suite
Test Method:		[testPackage01.Test_clipboardActions.typeTextAndCopyPaste]
################################################################################################################################################
[ReportManager] Target URL: [https://www.google.com/ncr], and after redirection: [https://www.google.com] @28-10-2021 01:58:29.0181 AM
[ReportManager] Initial URL: [data:,] @28-10-2021 01:58:29.0268 AM
[ReportManager] Browser Action [NavigateToURL] successfully performed. With the following test data [https://www.google.com/ncr]. @28-10-2021 01:58:30.0061 AM
[ReportManager] Element Action [Type] successfully performed. With the following test data [FIRST]. @28-10-2021 01:58:30.0584 AM
[ReportManager] Element Action [ClipboardActions] successfully performed. With the following test data [select all]. @28-10-2021 01:58:30.0646 AM
[ReportManager] Element Action [ClipboardActions] successfully performed. With the following test data [copy]. @28-10-2021 01:58:30.0719 AM
[ReportManager] Element Action [ClipboardActions] successfully performed. With the following test data [unselect]. @28-10-2021 01:58:30.0869 AM
[ReportManager] Element Action [ClipboardActions] successfully performed. With the following test data [paste]. @28-10-2021 01:58:30.0932 AM
[ReportManager] Element Action [ClipboardActions] successfully performed. With the following test data [select all]. @28-10-2021 01:58:31.0026 AM
[ReportManager] Element Action [Type] successfully performed. @28-10-2021 01:58:31.0430 AM
[ReportManager] Element Action [ClipboardActions] successfully performed. With the following test data [cut]. @28-10-2021 01:58:31.0430 AM
[ReportManager] Element Action [ClipboardActions] successfully performed. With the following test data [paste]. @28-10-2021 01:58:31.0475 AM
[ReportManager] Element Action [ClipboardActions] successfully performed. With the following test data [paste]. @28-10-2021 01:58:31.0517 A
[ReportManager] Browser Action [CloseCurrentWindow] successfully performed. @28-10-2021 01:58:31.0654 AM
[ReportManager] Successfully created attachment [Browser Action Test Data - CloseCurrentWindow - Actual Value] @28-10-2021 01:58:31.0654 A
[ReportManager] File Action [GetAbsolutePath] successfully performed. With the following test data [Relative Folder Path: "target/downloadedFiles/"]. @28-10-2021 01:58:31.0656 AM
[ReportManager] Attempting to run remotely on: [Linux-64], [GoogleChrome], [http://localhost:4444/wd/hub], Headless Execution. @28-10-2021 01:58:31.0658 AM
[ReportManager] Successfully Opened [GoogleChrome]. @28-10-2021 01:58:34.0147 A

################################################################################################################################################
Starting Execution:	[134 out of 143] test cases in the current suite
Test Method:		[testPackage01.Test_dynamicLoading.dynamicLoading_elementIsHidden]
################################################################################################################################################
[ReportManager] Target URL: [https://the-internet.herokuapp.com/dynamic_loading/1] @28-10-2021 01:58:34.0149 AM
[ReportManager] Initial URL: [data:,] @28-10-2021 01:58:34.0253 AM
[ReportManager] Browser Action [NavigateToURL] successfully performed. With the following test data [https://the-internet.herokuapp.com/dynamic_loading/1]. @28-10-2021 01:58:34.0699 AM
[ReportManager] Element Action [Click] successfully performed. With the following test data [Start]. @28-10-2021 01:58:35.0180 AM
[ReportManager] Element Action [GetText] successfully performed. With the following test data [
    Hello World!
  ]. @28-10-2021 01:58:35.0279 AM
[ReportManager] Loaded Shared OpenCV @28-10-2021 01:58:35.0433 AM
[ReportManager] Assertion [ValidateElementAttribute] PASSED. Expected [Value Should be 'Hello World!' for the 'text' attribute, element locator 'By.id: finish'] and Actual [
    Hello World!
  ]. Comparison Type [CONTAINS]. Validation Type [POSITIVE]. @28-10-2021 01:58:35.0547 AM
[ReportManager] Successfully created attachment [Screenshot - 1635386315433_dynamicLoading_elementIsHidden_ValidateElementAttribute_passed] @28-10-2021 01:58:35.0547 A
[ReportManager] Browser Action [CloseCurrentWindow] successfully performed. @28-10-2021 01:58:35.0652 AM
[ReportManager] Successfully created attachment [Browser Action Test Data - CloseCurrentWindow - Actual Value] @28-10-2021 01:58:35.0652 A
[ReportManager] File Action [GetAbsolutePath] successfully performed. With the following test data [Relative Folder Path: "target/downloadedFiles/"]. @28-10-2021 01:58:35.0654 AM
[ReportManager] Attempting to run remotely on: [Linux-64], [GoogleChrome], [http://localhost:4444/wd/hub], Headless Execution. @28-10-2021 01:58:35.0654 AM
[ReportManager] Successfully Opened [GoogleChrome]. @28-10-2021 01:58:39.0161 A

################################################################################################################################################
Starting Execution:	[135 out of 143] test cases in the current suite
Test Method:		[testPackage01.Test_dynamicLoading.dynamicLoading_elementIsRendered]
################################################################################################################################################
[ReportManager] Target URL: [https://the-internet.herokuapp.com/dynamic_loading/2] @28-10-2021 01:58:39.0163 AM
[ReportManager] Initial URL: [data:,] @28-10-2021 01:58:39.0226 AM
[ReportManager] Browser Action [NavigateToURL] successfully performed. With the following test data [https://the-internet.herokuapp.com/dynamic_loading/2]. @28-10-2021 01:58:39.0647 AM
[ReportManager] Element Action [Click] successfully performed. With the following test data [Start]. @28-10-2021 01:58:40.0117 AM
[ReportManager] Element Action [GetText] successfully performed. With the following test data [Hello World!]. @28-10-2021 01:58:45.0281 AM
[ReportManager] Loaded Shared OpenCV @28-10-2021 01:58:45.0405 AM
[ReportManager] Assertion [ValidateElementAttribute] PASSED. Expected [Value Should be 'Hello World!' for the 'text' attribute, element locator 'By.id: finish'] and Actual [Hello World!]. Comparison Type [CONTAINS]. Validation Type [POSITIVE]. @28-10-2021 01:58:45.0475 AM
[ReportManager] Successfully created attachment [Screenshot - 1635386325405_dynamicLoading_elementIsRendered_ValidateElementAttribute_passed] @28-10-2021 01:58:45.0476 A
[ReportManager] Browser Action [CloseCurrentWindow] successfully performed. @28-10-2021 01:58:45.0593 AM
[ReportManager] Successfully created attachment [Browser Action Test Data - CloseCurrentWindow - Actual Value] @28-10-2021 01:58:45.0593 A
[ReportManager] File Action [GetAbsolutePath] successfully performed. With the following test data [Relative Folder Path: "target/downloadedFiles/"]. @28-10-2021 01:58:45.0595 AM
[ReportManager] Attempting to run remotely on: [Linux-64], [GoogleChrome], [http://localhost:4444/wd/hub], Headless Execution. @28-10-2021 01:58:45.0595 AM
[ReportManager] Successfully Opened [GoogleChrome]. @28-10-2021 01:58:49.0167 A

################################################################################################################################################
Starting Execution:	[136 out of 143] test cases in the current suite
Test Method:		[testPackage01.Test_uploadFile.uploadFile_invisibleUploadInput]
################################################################################################################################################
[ReportManager] Target URL: [https://fineuploader.com/demos.html#gallery-view] @28-10-2021 01:58:49.0169 AM
[ReportManager] Initial URL: [data:,] @28-10-2021 01:58:49.0219 AM
[ReportManager] Browser Action [NavigateToURL] successfully performed. With the following test data [https://fineuploader.com/demos.html#gallery-view]. @28-10-2021 01:58:50.0613 AM
[ReportManager] File Action [GetAbsolutePath] successfully performed. With the following test data [Relative File Path: "src/main/resources/images/shaft.png"]. @28-10-2021 01:58:50.0614 AM
[ReportManager] Successfully created attachment [File Action Actual Result - Command Log] @28-10-2021 01:58:50.0614 AM
[ReportManager] Element Action [TypeFileLocationForUpload] successfully performed. With the following test data [/home/runner/work/SHAFT_ENGINE/SHAFT_ENGINE/src/main/resources/images/shaft.png]. @28-10-2021 01:58:50.0766 AM
[ReportManager] Attempting to getAttribute [src] from elementLocator [By.xpath: //div[@id='fine-uploader-gallery']//div[@class='qq-thumbnail-wrapper']/img]. @28-10-2021 01:58:50.0767 AM
[ReportManager] Element Action [GetAttribute] successfully performed. @28-10-2021 01:58:50.0890 AM
[ReportManager] Successfully created attachment [Element Action Test Data - GetAttribute - Actual Value] @28-10-2021 01:58:50.0890 AM
[ReportManager] Loaded Shared OpenCV @28-10-2021 01:58:51.0035 AM
[ReportManager] Assertion [ValidateElementAttribute] PASSED. Expected and Actual values are attached. Comparison Type [CONTAINS]. Validation Type [POSITIVE]. @28-10-2021 01:58:51.0119 AM
[ReportManager] Successfully created attachment [Validation Test Data - Expected Value] @28-10-2021 01:58:51.0120 AM
[ReportManager] Successfully created attachment [Validation Test Data - Actual Value] @28-10-2021 01:58:51.0120 AM
[ReportManager] Successfully created attachment [Screenshot - 1635386331035_uploadFile_invisibleUploadInput_ValidateElementAttribute_passed] @28-10-2021 01:58:51.0121 A
[ReportManager] Browser Action [CloseCurrentWindow] successfully performed. @28-10-2021 01:58:51.0253 AM
[ReportManager] Successfully created attachment [Browser Action Test Data - CloseCurrentWindow - Actual Value] @28-10-2021 01:58:51.0254 A
[ReportManager] File Action [GetAbsolutePath] successfully performed. With the following test data [Relative Folder Path: "target/downloadedFiles/"]. @28-10-2021 01:58:51.0256 AM
[ReportManager] Attempting to run remotely on: [Linux-64], [GoogleChrome], [http://localhost:4444/wd/hub], Headless Execution. @28-10-2021 01:58:51.0257 AM
[ReportManager] Successfully Opened [GoogleChrome]. @28-10-2021 01:58:54.0132 A

################################################################################################################################################
Starting Execution:	[137 out of 143] test cases in the current suite
Test Method:		[testPackage01.Test_uploadFile.uploadFile_visibleUploadInput]
################################################################################################################################################
[ReportManager] Target URL: [http://demo.guru99.com/test/upload/] @28-10-2021 01:58:54.0139 AM
[ReportManager] Initial URL: [data:,] @28-10-2021 01:58:54.0184 AM
[ReportManager] Browser Action [NavigateToURL] successfully performed. With the following test data [http://demo.guru99.com/test/upload/]. @28-10-2021 01:58:55.0214 AM
[ReportManager] File Action [GetAbsolutePath] successfully performed. With the following test data [Relative File Path: "src/main/resources/images/shaft.png"]. @28-10-2021 01:58:55.0214 AM
[ReportManager] Successfully created attachment [File Action Actual Result - Command Log] @28-10-2021 01:58:55.0214 AM
[ReportManager] Element Action [TypeFileLocationForUpload] successfully performed. With the following test data [/home/runner/work/SHAFT_ENGINE/SHAFT_ENGINE/src/main/resources/images/shaft.png]. @28-10-2021 01:58:55.0355 AM
[ReportManager] Element Action [Click] successfully performed. With the following test data [on]. @28-10-2021 01:58:55.0799 AM
[ReportManager] Element Action [Click] successfully performed. With the following test data [Submit File]. @28-10-2021 01:58:56.0257 AM
[ReportManager] Element Action [GetText] successfully performed. With the following test data [1 file
has been successfully uploaded.]. @28-10-2021 01:58:56.0889 AM
[ReportManager] Loaded Shared OpenCV @28-10-2021 01:58:57.0027 AM
[ReportManager] Assertion [ValidateElementAttribute] PASSED. Expected [Value Should be '1 file' for the 'Text' attribute, element locator 'By.id: res'] and Actual [1 file
has been successfully uploaded.]. Comparison Type [CONTAINS]. Validation Type [POSITIVE]. @28-10-2021 01:58:57.0093 AM
[ReportManager] Successfully created attachment [Screenshot - 1635386337027_uploadFile_visibleUploadInput_ValidateElementAttribute_passed] @28-10-2021 01:58:57.0094 A
[ReportManager] Browser Action [CloseCurrentWindow] successfully performed. @28-10-2021 01:58:57.0211 AM
[ReportManager] Successfully created attachment [Browser Action Test Data - CloseCurrentWindow - Actual Value] @28-10-2021 01:58:57.0212 A

################################################################################################################################################
Starting Execution:	[138 out of 143] test cases in the current suite
Test Method:		[testPackage01.Test_SelectedValue.multipleSelect]
################################################################################################################################################
[ReportManager] File Action [GetAbsolutePath] successfully performed. With the following test data [Relative Folder Path: "target/downloadedFiles/"]. @28-10-2021 01:58:57.0214 AM
[ReportManager] Attempting to run remotely on: [Linux-64], [GoogleChrome], [http://localhost:4444/wd/hub], Headless Execution. @28-10-2021 01:58:57.0216 AM
[ReportManager] Successfully Opened [GoogleChrome]. @28-10-2021 01:58:59.0150 AM
[ReportManager] Target URL: [https://yari-demos.prod.mdn.mozit.cloud/en-US/docs/Web/HTML/Element/select/_sample_.Advanced_select_with_multiple_features.html] @28-10-2021 01:58:59.0150 AM
[ReportManager] Initial URL: [data:,] @28-10-2021 01:58:59.0237 AM
[ReportManager] Browser Action [NavigateToURL] successfully performed. With the following test data [https://yari-demos.prod.mdn.mozit.cloud/en-US/docs/Web/HTML/Element/select/_sample_.Advanced_select_with_multiple_features.html]. @28-10-2021 01:58:59.0664 AM
[ReportManager] Element Action [Select] successfully performed. With the following test data [Dog]. @28-10-2021 01:58:59.0927 AM
[ReportManager] Element Action [Select] successfully performed. With the following test data [Cat]. @28-10-2021 01:59:00.0208 AM
[ReportManager] Element Action [GetSelectedText] successfully performed. With the following test data [DogCat]. @28-10-2021 01:59:00.0381 AM
[ReportManager] DogCat @28-10-2021 01:59:00.0381 AM
[ReportManager] Element Action [GetSelectedText] successfully performed. With the following test data [DogCat]. @28-10-2021 01:59:00.0572 AM
[ReportManager] Loaded Shared OpenCV @28-10-2021 01:59:00.0699 AM
[ReportManager] Assertion [ValidateElementAttribute] PASSED. Expected [Value Should be 'DogCat' for the 'selectedText' attribute, element locator 'By.tagName: select'] and Actual [DogCat]. Comparison Type [EQUALS]. Validation Type [POSITIVE]. @28-10-2021 01:59:00.0765 AM
[ReportManager] Successfully created attachment [Screenshot - 1635386340699_multipleSelect_ValidateElementAttribute_passed] @28-10-2021 01:59:00.0765 AM
[ReportManager] Browser Action [CloseCurrentWindow] successfully performed. @28-10-2021 01:59:00.0919 AM
[ReportManager] Successfully created attachment [Browser Action Test Data - CloseCurrentWindow - Actual Value] @28-10-2021 01:59:00.0919 A

################################################################################################################################################
Starting Execution:	[139 out of 143] test cases in the current suite
Test Method:		[testPackage01.Test_SelectedValue.simpleSelect]
################################################################################################################################################
[ReportManager] File Action [GetAbsolutePath] successfully performed. With the following test data [Relative Folder Path: "target/downloadedFiles/"]. @28-10-2021 01:59:00.0922 AM
[ReportManager] Attempting to run remotely on: [Linux-64], [GoogleChrome], [http://localhost:4444/wd/hub], Headless Execution. @28-10-2021 01:59:00.0922 AM
[ReportManager] Successfully Opened [GoogleChrome]. @28-10-2021 01:59:04.0156 AM
[ReportManager] Target URL: [https://yari-demos.prod.mdn.mozit.cloud/en-US/docs/Web/HTML/Element/select/_sample_.Basic_select.html] @28-10-2021 01:59:04.0156 AM
[ReportManager] Initial URL: [data:,] @28-10-2021 01:59:04.0222 AM
[ReportManager] Browser Action [NavigateToURL] successfully performed. With the following test data [https://yari-demos.prod.mdn.mozit.cloud/en-US/docs/Web/HTML/Element/select/_sample_.Basic_select.html]. @28-10-2021 01:59:04.0553 AM
[ReportManager] Element Action [Select] successfully performed. With the following test data [Third Value]. @28-10-2021 01:59:04.0955 AM
[ReportManager] Element Action [GetSelectedText] successfully performed. With the following test data [Third Value]. @28-10-2021 01:59:05.0067 AM
[ReportManager] Third Value @28-10-2021 01:59:05.0067 AM
[ReportManager] Element Action [GetSelectedText] successfully performed. With the following test data [Third Value]. @28-10-2021 01:59:05.0198 AM
[ReportManager] Loaded Shared OpenCV @28-10-2021 01:59:05.0291 AM
[ReportManager] Assertion [ValidateElementAttribute] PASSED. Expected [Value Should be 'Third Value' for the 'selectedText' attribute, element locator 'By.tagName: select'] and Actual [Third Value]. Comparison Type [EQUALS]. Validation Type [POSITIVE]. @28-10-2021 01:59:05.0355 AM
[ReportManager] Successfully created attachment [Screenshot - 1635386345291_simpleSelect_ValidateElementAttribute_passed] @28-10-2021 01:59:05.0355 AM
[ReportManager] Browser Action [CloseCurrentWindow] successfully performed. @28-10-2021 01:59:05.0456 AM
[ReportManager] Successfully created attachment [Browser Action Test Data - CloseCurrentWindow - Actual Value] @28-10-2021 01:59:05.0457 A

################################################################################################################################################
Starting Execution:	[140 out of 143] test cases in the current suite
Test Method:		[testPackage01.Test_JSONFileManager.readStringFromJson]
################################################################################################################################################
[ReportManager] Successfully loaded the following test data file [src/test/resources/TestDataFiles/simpleJSON.json]. @28-10-2021 01:59:05.0462 AM
[ReportManager] Successfully created attachment [Test Data - JSON] @28-10-2021 01:59:05.0466 AM
[ReportManager] Assertion [ValidateEquals] PASSED. Expected [Mohab Mohie] and Actual [Mohab Mohie]. Comparison Type [EQUALS]. Validation Type [POSITIVE]. @28-10-2021 01:59:05.0478 A
[ReportManager] Successfully loaded the following test data file [src/test/resources/TestDataFiles/testSuite01/TestData.xlsx]. @28-10-2021 01:59:05.0516 AM
[ReportManager] Successfully created attachment [Test Data - Excel] @28-10-2021 01:59:05.0516 AM
[ReportManager] Attempting to run using Playwright locally on: [Linux-64], [GoogleChrome], Headless Execution. @28-10-2021 01:59:19.0460 AM
[ReportManager] File Action [GetAbsolutePath] successfully performed. With the following test data [Relative Folder Path: "target/downloadedFiles/"]. @28-10-2021 01:59:19.0461 AM
[ReportManager] Initial window size: (1280, 720) @28-10-2021 01:59:19.0833 AM
[ReportManager] Window size after Toolkit: com.microsoft.playwright.options.ViewportSize@34e9edd1 @28-10-2021 01:59:19.0845 AM
[ReportManager] Browser Action [MaximizeWindow] successfully performed. With the following test data [New screen size is now: (1920, 1080)]. @28-10-2021 01:59:19.0845 A

################################################################################################################################################
Starting Execution:	[141 out of 143] test cases in the current suite
Test Method:		[testPackage01.Test_google_playwright.navigateToURLandVerifyGoogleLogoIsDisplayed]
Test Description:	[TC001 - Navigate to URL and Verify Google Logo is Displayed]
################################################################################################################################################
[ReportManager] Target URL: [https://www.google.com/ncr], and after redirection: [https://www.google.com] @28-10-2021 01:59:19.0850 AM
[ReportManager] Initial URL: [about:blank] @28-10-2021 01:59:20.0318 AM
[ReportManager] Browser Action [NavigateToURL] successfully performed. With the following test data [https://www.google.com/ncr]. @28-10-2021 01:59:23.0783 AM
[ReportManager] Loaded Shared OpenCV @28-10-2021 01:59:23.0997 AM
[ReportManager] Assertion [ValidateElementExists] PASSED. Expected [Element Should Exist, locator 'xpath=//*[@id='hplogo' or @alt='Google']'] and Actual [Element Exists]. Comparison Type [EQUALS]. Validation Type [POSITIVE]. @28-10-2021 01:59:24.0240 AM
[ReportManager] Successfully created attachment [Screenshot - 1635386363993_navigateToURLandVerifyGoogleLogoIsDisplayed_ValidateElementExists_passed] @28-10-2021 01:59:24.0240 A

################################################################################################################################################
Starting Execution:	[142 out of 143] test cases in the current suite
Test Method:		[testPackage01.Test_google_playwright.searchForQueryandAssertResultsNumDisplayed]
Test Description:	[TC002 - Search for Query and Assert that the number of results is displayed]
################################################################################################################################################
[ReportManager] Element Action [Type] successfully performed. With the following test data [SHAFT_Engine]. @28-10-2021 01:59:24.0498 AM
[ReportManager] Element Action [KeyPress] successfully performed. With the following test data [Enter]. @28-10-2021 01:59:24.0527 AM
[ReportManager] Element Action [GetText] successfully performed. With the following test data [About 1,210,000 results (0.52 seconds)]. @28-10-2021 01:59:25.0262 AM
[ReportManager] Loaded Shared OpenCV @28-10-2021 01:59:27.0380 AM
[ReportManager] Assertion [ValidateElementAttribute] PASSED. Expected [Value Should not be '' for the 'text' attribute, element locator 'xpath=//div[@id='appbar']'] and Actual [About 1,210,000 results (0.52 seconds)]. Comparison Type [EQUALS]. Validation Type [NEGATIVE]. @28-10-2021 01:59:27.0640 AM
[ReportManager] Successfully created attachment [Screenshot - 1635386367379_searchForQueryandAssertResultsNumDisplayed_ValidateElementAttribute_passed] @28-10-2021 01:59:27.0643 A

################################################################################################################################################
Starting Execution:	[143 out of 143] test cases in the current suite
Test Method:		[testPackage01.Test_google_playwright.clickNextThrice]
Test Description:	[TC003 - Clicks the next button to make sure that the framework can scroll element into view before clicking it]
################################################################################################################################################
[ReportManager] Element Action [Click] successfully performed. With the following test data [Next]. @28-10-2021 01:59:27.0910 A
[ReportManager] Failed to find video recording. @28-10-2021 01:59:27.0912 AM
[ReportManager] Successfully Closed PlayWright Driver. @28-10-2021 01:59:27.0970 A

################################################################################################################################################
Test Closure Activities
################################################################################################################################################
[ReportManager] Successfully created attachment [SHAFT Engine Logs - Execution log] @28-10-2021 01:59:27.0991 AM

################################################################################################################################################
This test run was powered by SHAFT Engine Version: [SHAFT Engine v5.4.20211025-BETA]
SHAFT Engine is licensed under the MIT License: [https://github.com/MohabMohie/SHAFT_ENGINE/blob/master/LICENSE].
################################################################################################################################################